<?xml version="1.0" encoding="UTF-8"?>
<testsuite xmlns:xsi="http://www.w3.org/2001/XMLSchema-instance" xsi:noNamespaceSchemaLocation="https://maven.apache.org/surefire/maven-surefire-plugin/xsd/surefire-test-report.xsd" name="org.apache.hadoop.ozone.container.common.statemachine.commandhandler.TestBlockDeletion" time="59.64" tests="1" errors="0" skipped="0" failures="1">
  <properties>
    <property name="awt.toolkit" value="sun.awt.X11.XToolkit"/>
    <property name="file.encoding.pkg" value="sun.io"/>
    <property name="java.specification.version" value="1.8"/>
    <property name="sun.cpu.isalist" value=""/>
    <property name="sun.jnu.encoding" value="UTF-8"/>
    <property name="java.class.path" value="/opt/src/hadoop-ozone/integration-test/target/test-classes:/opt/src/hadoop-ozone/integration-test/target/classes:/root/.m2/repository/org/apache/hadoop/hadoop-ozone-common/0.5.0-SNAPSHOT/hadoop-ozone-common-0.5.0-SNAPSHOT.jar:/root/.m2/repository/org/apache/commons/commons-compress/1.4.1/commons-compress-1.4.1.jar:/root/.m2/repository/org/tukaani/xz/1.0/xz-1.0.jar:/root/.m2/repository/org/apache/hadoop/hadoop-common/3.2.0/hadoop-common-3.2.0.jar:/root/.m2/repository/org/apache/hadoop/hadoop-hdfs/3.2.0/hadoop-hdfs-3.2.0.jar:/root/.m2/repository/org/apache/hadoop/hadoop-hdfs-client/3.2.0/hadoop-hdfs-client-3.2.0.jar:/root/.m2/repository/com/fasterxml/jackson/core/jackson-annotations/2.9.5/jackson-annotations-2.9.5.jar:/root/.m2/repository/org/apache/hadoop/hadoop-hdds-common/0.5.0-SNAPSHOT/hadoop-hdds-common-0.5.0-SNAPSHOT.jar:/root/.m2/repository/javax/annotation/javax.annotation-api/1.2/javax.annotation-api-1.2.jar:/root/.m2/repository/org/apache/ratis/ratis-server/0.4.0-fe2b15d-SNAPSHOT/ratis-server-0.4.0-fe2b15d-SNAPSHOT.jar:/root/.m2/repository/org/apache/ratis/ratis-thirdparty-misc/0.2.0/ratis-thirdparty-misc-0.2.0.jar:/root/.m2/repository/org/apache/ratis/ratis-proto/0.4.0-fe2b15d-SNAPSHOT/ratis-proto-0.4.0-fe2b15d-SNAPSHOT.jar:/root/.m2/repository/org/apache/ratis/ratis-common/0.4.0-fe2b15d-SNAPSHOT/ratis-common-0.4.0-fe2b15d-SNAPSHOT.jar:/root/.m2/repository/org/apache/ratis/ratis-client/0.4.0-fe2b15d-SNAPSHOT/ratis-client-0.4.0-fe2b15d-SNAPSHOT.jar:/root/.m2/repository/org/apache/ratis/ratis-netty/0.4.0-fe2b15d-SNAPSHOT/ratis-netty-0.4.0-fe2b15d-SNAPSHOT.jar:/root/.m2/repository/org/apache/ratis/ratis-grpc/0.4.0-fe2b15d-SNAPSHOT/ratis-grpc-0.4.0-fe2b15d-SNAPSHOT.jar:/root/.m2/repository/org/rocksdb/rocksdbjni/5.14.2/rocksdbjni-5.14.2.jar:/root/.m2/repository/org/apache/logging/log4j/log4j-api/2.11.0/log4j-api-2.11.0.jar:/root/.m2/repository/org/apache/logging/log4j/log4j-core/2.11.0/log4j-core-2.11.0.jar:/root/.m2/repository/com/lmax/disruptor/3.4.2/disruptor-3.4.2.jar:/root/.m2/repository/org/apache/commons/commons-pool2/2.6.0/commons-pool2-2.6.0.jar:/root/.m2/repository/org/bouncycastle/bcpkix-jdk15on/1.60/bcpkix-jdk15on-1.60.jar:/root/.m2/repository/commons-validator/commons-validator/1.6/commons-validator-1.6.jar:/root/.m2/repository/commons-digester/commons-digester/1.8.1/commons-digester-1.8.1.jar:/root/.m2/repository/io/jaegertracing/jaeger-client/0.33.1/jaeger-client-0.33.1.jar:/root/.m2/repository/io/jaegertracing/jaeger-thrift/0.33.1/jaeger-thrift-0.33.1.jar:/root/.m2/repository/org/apache/thrift/libthrift/0.11.0/libthrift-0.11.0.jar:/root/.m2/repository/com/squareup/okhttp3/okhttp/3.9.0/okhttp-3.9.0.jar:/root/.m2/repository/com/squareup/okio/okio/1.13.0/okio-1.13.0.jar:/root/.m2/repository/io/jaegertracing/jaeger-core/0.33.1/jaeger-core-0.33.1.jar:/root/.m2/repository/io/jaegertracing/jaeger-tracerresolver/0.33.1/jaeger-tracerresolver-0.33.1.jar:/root/.m2/repository/io/opentracing/contrib/opentracing-tracerresolver/0.1.5/opentracing-tracerresolver-0.1.5.jar:/root/.m2/repository/io/opentracing/opentracing-util/0.31.0/opentracing-util-0.31.0.jar:/root/.m2/repository/io/opentracing/opentracing-api/0.31.0/opentracing-api-0.31.0.jar:/root/.m2/repository/io/opentracing/opentracing-noop/0.31.0/opentracing-noop-0.31.0.jar:/root/.m2/repository/org/apache/hadoop/hadoop-hdds-server-framework/0.5.0-SNAPSHOT/hadoop-hdds-server-framework-0.5.0-SNAPSHOT.jar:/root/.m2/repository/org/apache/hadoop/hadoop-hdds-server-scm/0.5.0-SNAPSHOT/hadoop-hdds-server-scm-0.5.0-SNAPSHOT.jar:/root/.m2/repository/org/apache/hadoop/hadoop-hdds-container-service/0.5.0-SNAPSHOT/hadoop-hdds-container-service-0.5.0-SNAPSHOT.jar:/root/.m2/repository/org/apache/hadoop/hadoop-hdds-client/0.5.0-SNAPSHOT/hadoop-hdds-client-0.5.0-SNAPSHOT.jar:/root/.m2/repository/org/apache/hadoop/hadoop-hdds-tools/0.5.0-SNAPSHOT/hadoop-hdds-tools-0.5.0-SNAPSHOT.jar:/root/.m2/repository/org/apache/hadoop/hadoop-ozone-ozone-manager/0.5.0-SNAPSHOT/hadoop-ozone-ozone-manager-0.5.0-SNAPSHOT.jar:/root/.m2/repository/org/apache/hadoop/hadoop-hdds-docs/0.5.0-SNAPSHOT/hadoop-hdds-docs-0.5.0-SNAPSHOT.jar:/root/.m2/repository/org/bouncycastle/bcprov-jdk15on/1.60/bcprov-jdk15on-1.60.jar:/root/.m2/repository/org/apache/hadoop/hadoop-minikdc/3.2.0/hadoop-minikdc-3.2.0.jar:/root/.m2/repository/commons-io/commons-io/2.5/commons-io-2.5.jar:/root/.m2/repository/org/apache/kerby/kerb-simplekdc/1.0.1/kerb-simplekdc-1.0.1.jar:/root/.m2/repository/org/apache/kerby/kerb-client/1.0.1/kerb-client-1.0.1.jar:/root/.m2/repository/org/apache/kerby/kerby-config/1.0.1/kerby-config-1.0.1.jar:/root/.m2/repository/org/apache/kerby/kerb-core/1.0.1/kerb-core-1.0.1.jar:/root/.m2/repository/org/apache/kerby/kerby-pkix/1.0.1/kerby-pkix-1.0.1.jar:/root/.m2/repository/org/apache/kerby/kerby-asn1/1.0.1/kerby-asn1-1.0.1.jar:/root/.m2/repository/org/apache/kerby/kerby-util/1.0.1/kerby-util-1.0.1.jar:/root/.m2/repository/org/apache/kerby/kerb-common/1.0.1/kerb-common-1.0.1.jar:/root/.m2/repository/org/apache/kerby/kerb-crypto/1.0.1/kerb-crypto-1.0.1.jar:/root/.m2/repository/org/apache/kerby/kerb-util/1.0.1/kerb-util-1.0.1.jar:/root/.m2/repository/org/apache/kerby/token-provider/1.0.1/token-provider-1.0.1.jar:/root/.m2/repository/org/apache/kerby/kerb-admin/1.0.1/kerb-admin-1.0.1.jar:/root/.m2/repository/org/apache/kerby/kerb-server/1.0.1/kerb-server-1.0.1.jar:/root/.m2/repository/org/apache/kerby/kerb-identity/1.0.1/kerb-identity-1.0.1.jar:/root/.m2/repository/org/apache/kerby/kerby-xdr/1.0.1/kerby-xdr-1.0.1.jar:/root/.m2/repository/org/slf4j/slf4j-log4j12/1.7.25/slf4j-log4j12-1.7.25.jar:/root/.m2/repository/org/apache/hadoop/hadoop-ozone-objectstore-service/0.5.0-SNAPSHOT/hadoop-ozone-objectstore-service-0.5.0-SNAPSHOT.jar:/root/.m2/repository/org/apache/hadoop/hadoop-ozone-s3gateway/0.5.0-SNAPSHOT/hadoop-ozone-s3gateway-0.5.0-SNAPSHOT.jar:/root/.m2/repository/org/jboss/weld/servlet/weld-servlet/2.4.7.Final/weld-servlet-2.4.7.Final.jar:/root/.m2/repository/org/glassfish/jersey/containers/jersey-container-servlet-core/2.27/jersey-container-servlet-core-2.27.jar:/root/.m2/repository/org/glassfish/hk2/external/javax.inject/2.5.0-b42/javax.inject-2.5.0-b42.jar:/root/.m2/repository/org/glassfish/jersey/core/jersey-common/2.27/jersey-common-2.27.jar:/root/.m2/repository/org/glassfish/hk2/osgi-resource-locator/1.0.1/osgi-resource-locator-1.0.1.jar:/root/.m2/repository/javax/ws/rs/javax.ws.rs-api/2.1/javax.ws.rs-api-2.1.jar:/root/.m2/repository/org/glassfish/jersey/ext/cdi/jersey-cdi1x/2.27/jersey-cdi1x-2.27.jar:/root/.m2/repository/org/glassfish/jersey/inject/jersey-hk2/2.27/jersey-hk2-2.27.jar:/root/.m2/repository/org/glassfish/hk2/hk2-locator/2.5.0-b42/hk2-locator-2.5.0-b42.jar:/root/.m2/repository/org/javassist/javassist/3.22.0-CR2/javassist-3.22.0-CR2.jar:/root/.m2/repository/org/glassfish/hk2/hk2-api/2.5.0/hk2-api-2.5.0.jar:/root/.m2/repository/org/glassfish/hk2/external/jakarta.inject/2.5.0/jakarta.inject-2.5.0.jar:/root/.m2/repository/org/glassfish/hk2/hk2-utils/2.5.0/hk2-utils-2.5.0.jar:/root/.m2/repository/jakarta/annotation/jakarta.annotation-api/1.3.4/jakarta.annotation-api-1.3.4.jar:/root/.m2/repository/org/glassfish/hk2/external/aopalliance-repackaged/2.5.0/aopalliance-repackaged-2.5.0.jar:/root/.m2/repository/com/fasterxml/jackson/dataformat/jackson-dataformat-xml/2.9.0/jackson-dataformat-xml-2.9.0.jar:/root/.m2/repository/com/fasterxml/jackson/core/jackson-core/2.9.5/jackson-core-2.9.5.jar:/root/.m2/repository/com/fasterxml/jackson/module/jackson-module-jaxb-annotations/2.9.5/jackson-module-jaxb-annotations-2.9.5.jar:/root/.m2/repository/javax/enterprise/cdi-api/1.2/cdi-api-1.2.jar:/root/.m2/repository/javax/el/javax.el-api/3.0.0/javax.el-api-3.0.0.jar:/root/.m2/repository/javax/interceptor/javax.interceptor-api/1.2/javax.interceptor-api-1.2.jar:/root/.m2/repository/javax/inject/javax.inject/1/javax.inject-1.jar:/root/.m2/repository/com/sun/xml/bind/jaxb-impl/2.3.0.1/jaxb-impl-2.3.0.1.jar:/root/.m2/repository/com/sun/xml/bind/jaxb-core/2.3.0.1/jaxb-core-2.3.0.1.jar:/root/.m2/repository/javax/xml/bind/jaxb-api/2.3.0/jaxb-api-2.3.0.jar:/root/.m2/repository/javax/activation/activation/1.1.1/activation-1.1.1.jar:/root/.m2/repository/org/apache/hadoop/hadoop-ozone-csi/0.5.0-SNAPSHOT/hadoop-ozone-csi-0.5.0-SNAPSHOT.jar:/root/.m2/repository/com/google/protobuf/protobuf-java-util/3.5.1/protobuf-java-util-3.5.1.jar:/root/.m2/repository/org/apache/hadoop/hadoop-hdds-config/0.5.0-SNAPSHOT/hadoop-hdds-config-0.5.0-SNAPSHOT.jar:/root/.m2/repository/com/google/guava/guava/11.0.2/guava-11.0.2.jar:/root/.m2/repository/com/google/protobuf/protobuf-java/2.5.0/protobuf-java-2.5.0.jar:/root/.m2/repository/io/grpc/grpc-netty/1.17.1/grpc-netty-1.17.1.jar:/root/.m2/repository/io/grpc/grpc-core/1.17.1/grpc-core-1.17.1.jar:/root/.m2/repository/io/grpc/grpc-context/1.17.1/grpc-context-1.17.1.jar:/root/.m2/repository/com/google/errorprone/error_prone_annotations/2.2.0/error_prone_annotations-2.2.0.jar:/root/.m2/repository/org/codehaus/mojo/animal-sniffer-annotations/1.17/animal-sniffer-annotations-1.17.jar:/root/.m2/repository/io/opencensus/opencensus-api/0.17.0/opencensus-api-0.17.0.jar:/root/.m2/repository/io/opencensus/opencensus-contrib-grpc-metrics/0.17.0/opencensus-contrib-grpc-metrics-0.17.0.jar:/root/.m2/repository/io/netty/netty-codec-http2/4.1.30.Final/netty-codec-http2-4.1.30.Final.jar:/root/.m2/repository/io/netty/netty-codec-http/4.1.30.Final/netty-codec-http-4.1.30.Final.jar:/root/.m2/repository/io/netty/netty-codec/4.1.30.Final/netty-codec-4.1.30.Final.jar:/root/.m2/repository/io/netty/netty-handler/4.1.30.Final/netty-handler-4.1.30.Final.jar:/root/.m2/repository/io/netty/netty-handler-proxy/4.1.30.Final/netty-handler-proxy-4.1.30.Final.jar:/root/.m2/repository/io/netty/netty-codec-socks/4.1.30.Final/netty-codec-socks-4.1.30.Final.jar:/root/.m2/repository/io/netty/netty-transport-native-epoll/4.1.30.Final/netty-transport-native-epoll-4.1.30.Final.jar:/root/.m2/repository/io/netty/netty-common/4.1.30.Final/netty-common-4.1.30.Final.jar:/root/.m2/repository/io/netty/netty-buffer/4.1.30.Final/netty-buffer-4.1.30.Final.jar:/root/.m2/repository/io/netty/netty-transport/4.1.30.Final/netty-transport-4.1.30.Final.jar:/root/.m2/repository/io/netty/netty-resolver/4.1.30.Final/netty-resolver-4.1.30.Final.jar:/root/.m2/repository/io/netty/netty-transport-native-unix-common/4.1.30.Final/netty-transport-native-unix-common-4.1.30.Final.jar:/root/.m2/repository/io/grpc/grpc-protobuf/1.17.1/grpc-protobuf-1.17.1.jar:/root/.m2/repository/com/google/api/grpc/proto-google-common-protos/1.0.0/proto-google-common-protos-1.0.0.jar:/root/.m2/repository/io/grpc/grpc-protobuf-lite/1.17.1/grpc-protobuf-lite-1.17.1.jar:/root/.m2/repository/io/grpc/grpc-stub/1.17.1/grpc-stub-1.17.1.jar:/root/.m2/repository/org/apache/hadoop/hadoop-ozone-recon/0.5.0-SNAPSHOT/hadoop-ozone-recon-0.5.0-SNAPSHOT.jar:/root/.m2/repository/org/apache/hadoop/hadoop-ozone-reconcodegen/0.5.0-SNAPSHOT/hadoop-ozone-reconcodegen-0.5.0-SNAPSHOT.jar:/root/.m2/repository/com/google/inject/extensions/guice-multibindings/4.0/guice-multibindings-4.0.jar:/root/.m2/repository/com/google/inject/guice/4.0/guice-4.0.jar:/root/.m2/repository/aopalliance/aopalliance/1.0/aopalliance-1.0.jar:/root/.m2/repository/com/google/inject/extensions/guice-servlet/4.0/guice-servlet-4.0.jar:/root/.m2/repository/org/glassfish/jersey/containers/jersey-container-servlet/2.27/jersey-container-servlet-2.27.jar:/root/.m2/repository/org/glassfish/hk2/guice-bridge/2.5.0/guice-bridge-2.5.0.jar:/root/.m2/repository/org/glassfish/jersey/core/jersey-server/2.27/jersey-server-2.27.jar:/root/.m2/repository/org/glassfish/jersey/core/jersey-client/2.27/jersey-client-2.27.jar:/root/.m2/repository/org/glassfish/jersey/media/jersey-media-jaxb/2.27/jersey-media-jaxb-2.27.jar:/root/.m2/repository/javax/validation/validation-api/1.1.0.Final/validation-api-1.1.0.Final.jar:/root/.m2/repository/org/glassfish/jersey/media/jersey-media-json-jackson/2.27/jersey-media-json-jackson-2.27.jar:/root/.m2/repository/org/glassfish/jersey/ext/jersey-entity-filtering/2.27/jersey-entity-filtering-2.27.jar:/root/.m2/repository/com/google/inject/extensions/guice-assistedinject/4.0/guice-assistedinject-4.0.jar:/root/.m2/repository/org/jooq/jooq/3.11.10/jooq-3.11.10.jar:/root/.m2/repository/org/jooq/jooq-meta/3.11.10/jooq-meta-3.11.10.jar:/root/.m2/repository/org/jooq/jooq-codegen/3.11.10/jooq-codegen-3.11.10.jar:/root/.m2/repository/com/jolbox/bonecp/0.8.0.RELEASE/bonecp-0.8.0.RELEASE.jar:/root/.m2/repository/org/xerial/sqlite-jdbc/3.25.2/sqlite-jdbc-3.25.2.jar:/root/.m2/repository/org/springframework/spring-jdbc/5.1.3.RELEASE/spring-jdbc-5.1.3.RELEASE.jar:/root/.m2/repository/org/springframework/spring-beans/5.1.3.RELEASE/spring-beans-5.1.3.RELEASE.jar:/root/.m2/repository/org/springframework/spring-core/5.1.3.RELEASE/spring-core-5.1.3.RELEASE.jar:/root/.m2/repository/org/springframework/spring-jcl/5.1.3.RELEASE/spring-jcl-5.1.3.RELEASE.jar:/root/.m2/repository/org/springframework/spring-tx/5.1.3.RELEASE/spring-tx-5.1.3.RELEASE.jar:/root/.m2/repository/org/apache/hadoop/hadoop-ozone-client/0.5.0-SNAPSHOT/hadoop-ozone-client-0.5.0-SNAPSHOT.jar:/root/.m2/repository/org/apache/hadoop/hadoop-ozone-ozone-manager/0.5.0-SNAPSHOT/hadoop-ozone-ozone-manager-0.5.0-SNAPSHOT-tests.jar:/root/.m2/repository/junit/junit/4.11/junit-4.11.jar:/root/.m2/repository/org/hamcrest/hamcrest-core/1.3/hamcrest-core-1.3.jar:/root/.m2/repository/org/openjdk/jmh/jmh-core/1.19/jmh-core-1.19.jar:/root/.m2/repository/net/sf/jopt-simple/jopt-simple/4.6/jopt-simple-4.6.jar:/root/.m2/repository/org/apache/commons/commons-math3/3.1.1/commons-math3-3.1.1.jar:/root/.m2/repository/org/openjdk/jmh/jmh-generator-annprocess/1.19/jmh-generator-annprocess-1.19.jar:/root/.m2/repository/org/mockito/mockito-all/1.8.5/mockito-all-1.8.5.jar:/root/.m2/repository/org/apache/hadoop/hadoop-kms/3.2.0/hadoop-kms-3.2.0.jar:/root/.m2/repository/org/apache/hadoop/hadoop-auth/3.2.0/hadoop-auth-3.2.0.jar:/root/.m2/repository/com/nimbusds/nimbus-jose-jwt/4.41.1/nimbus-jose-jwt-4.41.1.jar:/root/.m2/repository/com/github/stephenc/jcip/jcip-annotations/1.0-1/jcip-annotations-1.0-1.jar:/root/.m2/repository/net/minidev/json-smart/2.3/json-smart-2.3.jar:/root/.m2/repository/net/minidev/accessors-smart/1.2/accessors-smart-1.2.jar:/root/.m2/repository/org/ow2/asm/asm/5.0.4/asm-5.0.4.jar:/root/.m2/repository/org/apache/curator/curator-framework/2.12.0/curator-framework-2.12.0.jar:/root/.m2/repository/com/sun/jersey/jersey-core/1.19/jersey-core-1.19.jar:/root/.m2/repository/javax/ws/rs/jsr311-api/1.1.1/jsr311-api-1.1.1.jar:/root/.m2/repository/com/sun/jersey/jersey-server/1.19/jersey-server-1.19.jar:/root/.m2/repository/javax/servlet/javax.servlet-api/3.1.0/javax.servlet-api-3.1.0.jar:/root/.m2/repository/org/eclipse/jetty/jetty-server/9.3.24.v20180605/jetty-server-9.3.24.v20180605.jar:/root/.m2/repository/org/eclipse/jetty/jetty-http/9.3.24.v20180605/jetty-http-9.3.24.v20180605.jar:/root/.m2/repository/org/eclipse/jetty/jetty-io/9.3.24.v20180605/jetty-io-9.3.24.v20180605.jar:/root/.m2/repository/org/eclipse/jetty/jetty-webapp/9.3.24.v20180605/jetty-webapp-9.3.24.v20180605.jar:/root/.m2/repository/org/eclipse/jetty/jetty-xml/9.3.24.v20180605/jetty-xml-9.3.24.v20180605.jar:/root/.m2/repository/log4j/log4j/1.2.17/log4j-1.2.17.jar:/root/.m2/repository/org/slf4j/slf4j-api/1.7.25/slf4j-api-1.7.25.jar:/root/.m2/repository/org/slf4j/jul-to-slf4j/1.7.25/jul-to-slf4j-1.7.25.jar:/root/.m2/repository/org/eclipse/jetty/jetty-util/9.3.24.v20180605/jetty-util-9.3.24.v20180605.jar:/root/.m2/repository/io/dropwizard/metrics/metrics-core/3.2.4/metrics-core-3.2.4.jar:/root/.m2/repository/com/fasterxml/jackson/core/jackson-databind/2.9.5/jackson-databind-2.9.5.jar:/root/.m2/repository/org/apache/hadoop/hadoop-kms/3.2.0/hadoop-kms-3.2.0-tests.jar:/root/.m2/repository/org/apache/hadoop/hadoop-hdds-server-scm/0.5.0-SNAPSHOT/hadoop-hdds-server-scm-0.5.0-SNAPSHOT-tests.jar:/root/.m2/repository/org/hamcrest/hamcrest-all/1.3/hamcrest-all-1.3.jar:/root/.m2/repository/info/picocli/picocli/3.9.6/picocli-3.9.6.jar:/root/.m2/repository/org/apache/hadoop/hadoop-hdds-container-service/0.5.0-SNAPSHOT/hadoop-hdds-container-service-0.5.0-SNAPSHOT-tests.jar:/root/.m2/repository/org/yaml/snakeyaml/1.16/snakeyaml-1.16.jar:/root/.m2/repository/org/apache/hadoop/hadoop-common/3.2.0/hadoop-common-3.2.0-tests.jar:/root/.m2/repository/org/apache/hadoop/hadoop-annotations/3.2.0/hadoop-annotations-3.2.0.jar:/usr/lib/jvm/java-1.8-openjdk/jre/../lib/tools.jar:/root/.m2/repository/commons-cli/commons-cli/1.2/commons-cli-1.2.jar:/root/.m2/repository/org/apache/httpcomponents/httpclient/4.5.2/httpclient-4.5.2.jar:/root/.m2/repository/org/apache/httpcomponents/httpcore/4.4.4/httpcore-4.4.4.jar:/root/.m2/repository/commons-codec/commons-codec/1.11/commons-codec-1.11.jar:/root/.m2/repository/commons-net/commons-net/3.6/commons-net-3.6.jar:/root/.m2/repository/commons-collections/commons-collections/3.2.2/commons-collections-3.2.2.jar:/root/.m2/repository/org/eclipse/jetty/jetty-servlet/9.3.24.v20180605/jetty-servlet-9.3.24.v20180605.jar:/root/.m2/repository/org/eclipse/jetty/jetty-security/9.3.24.v20180605/jetty-security-9.3.24.v20180605.jar:/root/.m2/repository/javax/servlet/jsp/jsp-api/2.1/jsp-api-2.1.jar:/root/.m2/repository/com/sun/jersey/jersey-servlet/1.19/jersey-servlet-1.19.jar:/root/.m2/repository/com/sun/jersey/jersey-json/1.19/jersey-json-1.19.jar:/root/.m2/repository/org/codehaus/jettison/jettison/1.1/jettison-1.1.jar:/root/.m2/repository/org/codehaus/jackson/jackson-core-asl/1.9.13/jackson-core-asl-1.9.13.jar:/root/.m2/repository/org/codehaus/jackson/jackson-mapper-asl/1.9.13/jackson-mapper-asl-1.9.13.jar:/root/.m2/repository/org/codehaus/jackson/jackson-jaxrs/1.9.13/jackson-jaxrs-1.9.13.jar:/root/.m2/repository/org/codehaus/jackson/jackson-xc/1.9.13/jackson-xc-1.9.13.jar:/root/.m2/repository/commons-logging/commons-logging/1.1.3/commons-logging-1.1.3.jar:/root/.m2/repository/commons-beanutils/commons-beanutils/1.9.3/commons-beanutils-1.9.3.jar:/root/.m2/repository/org/apache/commons/commons-configuration2/2.1.1/commons-configuration2-2.1.1.jar:/root/.m2/repository/org/apache/commons/commons-lang3/3.7/commons-lang3-3.7.jar:/root/.m2/repository/org/apache/commons/commons-text/1.4/commons-text-1.4.jar:/root/.m2/repository/org/apache/avro/avro/1.7.7/avro-1.7.7.jar:/root/.m2/repository/com/thoughtworks/paranamer/paranamer/2.3/paranamer-2.3.jar:/root/.m2/repository/org/xerial/snappy/snappy-java/1.0.5/snappy-java-1.0.5.jar:/root/.m2/repository/com/google/re2j/re2j/1.1/re2j-1.1.jar:/root/.m2/repository/com/google/code/gson/gson/2.2.4/gson-2.2.4.jar:/root/.m2/repository/com/jcraft/jsch/0.1.54/jsch-0.1.54.jar:/root/.m2/repository/org/apache/curator/curator-client/2.12.0/curator-client-2.12.0.jar:/root/.m2/repository/org/apache/curator/curator-recipes/2.12.0/curator-recipes-2.12.0.jar:/root/.m2/repository/com/google/code/findbugs/jsr305/3.0.0/jsr305-3.0.0.jar:/root/.m2/repository/org/apache/htrace/htrace-core4/4.1.0-incubating/htrace-core4-4.1.0-incubating.jar:/root/.m2/repository/org/apache/zookeeper/zookeeper/3.4.13/zookeeper-3.4.13.jar:/root/.m2/repository/org/apache/yetus/audience-annotations/0.5.0/audience-annotations-0.5.0.jar:/root/.m2/repository/org/codehaus/woodstox/stax2-api/3.1.4/stax2-api-3.1.4.jar:/root/.m2/repository/com/fasterxml/woodstox/woodstox-core/5.0.3/woodstox-core-5.0.3.jar:/root/.m2/repository/dnsjava/dnsjava/2.1.7/dnsjava-2.1.7.jar:/root/.m2/repository/org/apache/hadoop/hadoop-hdfs/3.2.0/hadoop-hdfs-3.2.0-tests.jar:/root/.m2/repository/org/eclipse/jetty/jetty-util-ajax/9.3.24.v20180605/jetty-util-ajax-9.3.24.v20180605.jar:/root/.m2/repository/commons-daemon/commons-daemon/1.0.13/commons-daemon-1.0.13.jar:/root/.m2/repository/io/netty/netty/3.10.5.Final/netty-3.10.5.Final.jar:/root/.m2/repository/io/netty/netty-all/4.0.52.Final/netty-all-4.0.52.Final.jar:/root/.m2/repository/org/fusesource/leveldbjni/leveldbjni-all/1.8/leveldbjni-all-1.8.jar:"/>
    <property name="java.vm.vendor" value="IcedTea"/>
    <property name="sun.arch.data.model" value="64"/>
    <property name="test.build.dir" value="/opt/src/hadoop-ozone/integration-test/target/test-dir"/>
    <property name="test.cache.data" value=""/>
    <property name="java.vendor.url" value="https://icedtea.classpath.org"/>
    <property name="user.timezone" value=""/>
    <property name="java.vm.specification.version" value="1.8"/>
    <property name="os.name" value="Linux"/>
    <property name="test.build.data" value="/opt/src/hadoop-ozone/integration-test/target/test-dir"/>
    <property name="user.country" value="US"/>
    <property name="sun.java.launcher" value="SUN_STANDARD"/>
    <property name="sun.boot.library.path" value="/usr/lib/jvm/java-1.8-openjdk/jre/lib/amd64"/>
    <property name="sun.java.command" value="/opt/src/hadoop-ozone/integration-test/target/surefire/surefirebooter1474029896993647097.jar /opt/src/hadoop-ozone/integration-test/target/surefire 2019-06-13T21-30-37_407-jvmRun1 surefire6638928376185347396tmp surefire_383896856558424737488tmp"/>
    <property name="surefire.test.class.path" value="/opt/src/hadoop-ozone/integration-test/target/test-classes:/opt/src/hadoop-ozone/integration-test/target/classes:/root/.m2/repository/org/apache/hadoop/hadoop-ozone-common/0.5.0-SNAPSHOT/hadoop-ozone-common-0.5.0-SNAPSHOT.jar:/root/.m2/repository/org/apache/commons/commons-compress/1.4.1/commons-compress-1.4.1.jar:/root/.m2/repository/org/tukaani/xz/1.0/xz-1.0.jar:/root/.m2/repository/org/apache/hadoop/hadoop-common/3.2.0/hadoop-common-3.2.0.jar:/root/.m2/repository/org/apache/hadoop/hadoop-hdfs/3.2.0/hadoop-hdfs-3.2.0.jar:/root/.m2/repository/org/apache/hadoop/hadoop-hdfs-client/3.2.0/hadoop-hdfs-client-3.2.0.jar:/root/.m2/repository/com/fasterxml/jackson/core/jackson-annotations/2.9.5/jackson-annotations-2.9.5.jar:/root/.m2/repository/org/apache/hadoop/hadoop-hdds-common/0.5.0-SNAPSHOT/hadoop-hdds-common-0.5.0-SNAPSHOT.jar:/root/.m2/repository/javax/annotation/javax.annotation-api/1.2/javax.annotation-api-1.2.jar:/root/.m2/repository/org/apache/ratis/ratis-server/0.4.0-fe2b15d-SNAPSHOT/ratis-server-0.4.0-fe2b15d-SNAPSHOT.jar:/root/.m2/repository/org/apache/ratis/ratis-thirdparty-misc/0.2.0/ratis-thirdparty-misc-0.2.0.jar:/root/.m2/repository/org/apache/ratis/ratis-proto/0.4.0-fe2b15d-SNAPSHOT/ratis-proto-0.4.0-fe2b15d-SNAPSHOT.jar:/root/.m2/repository/org/apache/ratis/ratis-common/0.4.0-fe2b15d-SNAPSHOT/ratis-common-0.4.0-fe2b15d-SNAPSHOT.jar:/root/.m2/repository/org/apache/ratis/ratis-client/0.4.0-fe2b15d-SNAPSHOT/ratis-client-0.4.0-fe2b15d-SNAPSHOT.jar:/root/.m2/repository/org/apache/ratis/ratis-netty/0.4.0-fe2b15d-SNAPSHOT/ratis-netty-0.4.0-fe2b15d-SNAPSHOT.jar:/root/.m2/repository/org/apache/ratis/ratis-grpc/0.4.0-fe2b15d-SNAPSHOT/ratis-grpc-0.4.0-fe2b15d-SNAPSHOT.jar:/root/.m2/repository/org/rocksdb/rocksdbjni/5.14.2/rocksdbjni-5.14.2.jar:/root/.m2/repository/org/apache/logging/log4j/log4j-api/2.11.0/log4j-api-2.11.0.jar:/root/.m2/repository/org/apache/logging/log4j/log4j-core/2.11.0/log4j-core-2.11.0.jar:/root/.m2/repository/com/lmax/disruptor/3.4.2/disruptor-3.4.2.jar:/root/.m2/repository/org/apache/commons/commons-pool2/2.6.0/commons-pool2-2.6.0.jar:/root/.m2/repository/org/bouncycastle/bcpkix-jdk15on/1.60/bcpkix-jdk15on-1.60.jar:/root/.m2/repository/commons-validator/commons-validator/1.6/commons-validator-1.6.jar:/root/.m2/repository/commons-digester/commons-digester/1.8.1/commons-digester-1.8.1.jar:/root/.m2/repository/io/jaegertracing/jaeger-client/0.33.1/jaeger-client-0.33.1.jar:/root/.m2/repository/io/jaegertracing/jaeger-thrift/0.33.1/jaeger-thrift-0.33.1.jar:/root/.m2/repository/org/apache/thrift/libthrift/0.11.0/libthrift-0.11.0.jar:/root/.m2/repository/com/squareup/okhttp3/okhttp/3.9.0/okhttp-3.9.0.jar:/root/.m2/repository/com/squareup/okio/okio/1.13.0/okio-1.13.0.jar:/root/.m2/repository/io/jaegertracing/jaeger-core/0.33.1/jaeger-core-0.33.1.jar:/root/.m2/repository/io/jaegertracing/jaeger-tracerresolver/0.33.1/jaeger-tracerresolver-0.33.1.jar:/root/.m2/repository/io/opentracing/contrib/opentracing-tracerresolver/0.1.5/opentracing-tracerresolver-0.1.5.jar:/root/.m2/repository/io/opentracing/opentracing-util/0.31.0/opentracing-util-0.31.0.jar:/root/.m2/repository/io/opentracing/opentracing-api/0.31.0/opentracing-api-0.31.0.jar:/root/.m2/repository/io/opentracing/opentracing-noop/0.31.0/opentracing-noop-0.31.0.jar:/root/.m2/repository/org/apache/hadoop/hadoop-hdds-server-framework/0.5.0-SNAPSHOT/hadoop-hdds-server-framework-0.5.0-SNAPSHOT.jar:/root/.m2/repository/org/apache/hadoop/hadoop-hdds-server-scm/0.5.0-SNAPSHOT/hadoop-hdds-server-scm-0.5.0-SNAPSHOT.jar:/root/.m2/repository/org/apache/hadoop/hadoop-hdds-container-service/0.5.0-SNAPSHOT/hadoop-hdds-container-service-0.5.0-SNAPSHOT.jar:/root/.m2/repository/org/apache/hadoop/hadoop-hdds-client/0.5.0-SNAPSHOT/hadoop-hdds-client-0.5.0-SNAPSHOT.jar:/root/.m2/repository/org/apache/hadoop/hadoop-hdds-tools/0.5.0-SNAPSHOT/hadoop-hdds-tools-0.5.0-SNAPSHOT.jar:/root/.m2/repository/org/apache/hadoop/hadoop-ozone-ozone-manager/0.5.0-SNAPSHOT/hadoop-ozone-ozone-manager-0.5.0-SNAPSHOT.jar:/root/.m2/repository/org/apache/hadoop/hadoop-hdds-docs/0.5.0-SNAPSHOT/hadoop-hdds-docs-0.5.0-SNAPSHOT.jar:/root/.m2/repository/org/bouncycastle/bcprov-jdk15on/1.60/bcprov-jdk15on-1.60.jar:/root/.m2/repository/org/apache/hadoop/hadoop-minikdc/3.2.0/hadoop-minikdc-3.2.0.jar:/root/.m2/repository/commons-io/commons-io/2.5/commons-io-2.5.jar:/root/.m2/repository/org/apache/kerby/kerb-simplekdc/1.0.1/kerb-simplekdc-1.0.1.jar:/root/.m2/repository/org/apache/kerby/kerb-client/1.0.1/kerb-client-1.0.1.jar:/root/.m2/repository/org/apache/kerby/kerby-config/1.0.1/kerby-config-1.0.1.jar:/root/.m2/repository/org/apache/kerby/kerb-core/1.0.1/kerb-core-1.0.1.jar:/root/.m2/repository/org/apache/kerby/kerby-pkix/1.0.1/kerby-pkix-1.0.1.jar:/root/.m2/repository/org/apache/kerby/kerby-asn1/1.0.1/kerby-asn1-1.0.1.jar:/root/.m2/repository/org/apache/kerby/kerby-util/1.0.1/kerby-util-1.0.1.jar:/root/.m2/repository/org/apache/kerby/kerb-common/1.0.1/kerb-common-1.0.1.jar:/root/.m2/repository/org/apache/kerby/kerb-crypto/1.0.1/kerb-crypto-1.0.1.jar:/root/.m2/repository/org/apache/kerby/kerb-util/1.0.1/kerb-util-1.0.1.jar:/root/.m2/repository/org/apache/kerby/token-provider/1.0.1/token-provider-1.0.1.jar:/root/.m2/repository/org/apache/kerby/kerb-admin/1.0.1/kerb-admin-1.0.1.jar:/root/.m2/repository/org/apache/kerby/kerb-server/1.0.1/kerb-server-1.0.1.jar:/root/.m2/repository/org/apache/kerby/kerb-identity/1.0.1/kerb-identity-1.0.1.jar:/root/.m2/repository/org/apache/kerby/kerby-xdr/1.0.1/kerby-xdr-1.0.1.jar:/root/.m2/repository/org/slf4j/slf4j-log4j12/1.7.25/slf4j-log4j12-1.7.25.jar:/root/.m2/repository/org/apache/hadoop/hadoop-ozone-objectstore-service/0.5.0-SNAPSHOT/hadoop-ozone-objectstore-service-0.5.0-SNAPSHOT.jar:/root/.m2/repository/org/apache/hadoop/hadoop-ozone-s3gateway/0.5.0-SNAPSHOT/hadoop-ozone-s3gateway-0.5.0-SNAPSHOT.jar:/root/.m2/repository/org/jboss/weld/servlet/weld-servlet/2.4.7.Final/weld-servlet-2.4.7.Final.jar:/root/.m2/repository/org/glassfish/jersey/containers/jersey-container-servlet-core/2.27/jersey-container-servlet-core-2.27.jar:/root/.m2/repository/org/glassfish/hk2/external/javax.inject/2.5.0-b42/javax.inject-2.5.0-b42.jar:/root/.m2/repository/org/glassfish/jersey/core/jersey-common/2.27/jersey-common-2.27.jar:/root/.m2/repository/org/glassfish/hk2/osgi-resource-locator/1.0.1/osgi-resource-locator-1.0.1.jar:/root/.m2/repository/javax/ws/rs/javax.ws.rs-api/2.1/javax.ws.rs-api-2.1.jar:/root/.m2/repository/org/glassfish/jersey/ext/cdi/jersey-cdi1x/2.27/jersey-cdi1x-2.27.jar:/root/.m2/repository/org/glassfish/jersey/inject/jersey-hk2/2.27/jersey-hk2-2.27.jar:/root/.m2/repository/org/glassfish/hk2/hk2-locator/2.5.0-b42/hk2-locator-2.5.0-b42.jar:/root/.m2/repository/org/javassist/javassist/3.22.0-CR2/javassist-3.22.0-CR2.jar:/root/.m2/repository/org/glassfish/hk2/hk2-api/2.5.0/hk2-api-2.5.0.jar:/root/.m2/repository/org/glassfish/hk2/external/jakarta.inject/2.5.0/jakarta.inject-2.5.0.jar:/root/.m2/repository/org/glassfish/hk2/hk2-utils/2.5.0/hk2-utils-2.5.0.jar:/root/.m2/repository/jakarta/annotation/jakarta.annotation-api/1.3.4/jakarta.annotation-api-1.3.4.jar:/root/.m2/repository/org/glassfish/hk2/external/aopalliance-repackaged/2.5.0/aopalliance-repackaged-2.5.0.jar:/root/.m2/repository/com/fasterxml/jackson/dataformat/jackson-dataformat-xml/2.9.0/jackson-dataformat-xml-2.9.0.jar:/root/.m2/repository/com/fasterxml/jackson/core/jackson-core/2.9.5/jackson-core-2.9.5.jar:/root/.m2/repository/com/fasterxml/jackson/module/jackson-module-jaxb-annotations/2.9.5/jackson-module-jaxb-annotations-2.9.5.jar:/root/.m2/repository/javax/enterprise/cdi-api/1.2/cdi-api-1.2.jar:/root/.m2/repository/javax/el/javax.el-api/3.0.0/javax.el-api-3.0.0.jar:/root/.m2/repository/javax/interceptor/javax.interceptor-api/1.2/javax.interceptor-api-1.2.jar:/root/.m2/repository/javax/inject/javax.inject/1/javax.inject-1.jar:/root/.m2/repository/com/sun/xml/bind/jaxb-impl/2.3.0.1/jaxb-impl-2.3.0.1.jar:/root/.m2/repository/com/sun/xml/bind/jaxb-core/2.3.0.1/jaxb-core-2.3.0.1.jar:/root/.m2/repository/javax/xml/bind/jaxb-api/2.3.0/jaxb-api-2.3.0.jar:/root/.m2/repository/javax/activation/activation/1.1.1/activation-1.1.1.jar:/root/.m2/repository/org/apache/hadoop/hadoop-ozone-csi/0.5.0-SNAPSHOT/hadoop-ozone-csi-0.5.0-SNAPSHOT.jar:/root/.m2/repository/com/google/protobuf/protobuf-java-util/3.5.1/protobuf-java-util-3.5.1.jar:/root/.m2/repository/org/apache/hadoop/hadoop-hdds-config/0.5.0-SNAPSHOT/hadoop-hdds-config-0.5.0-SNAPSHOT.jar:/root/.m2/repository/com/google/guava/guava/11.0.2/guava-11.0.2.jar:/root/.m2/repository/com/google/protobuf/protobuf-java/2.5.0/protobuf-java-2.5.0.jar:/root/.m2/repository/io/grpc/grpc-netty/1.17.1/grpc-netty-1.17.1.jar:/root/.m2/repository/io/grpc/grpc-core/1.17.1/grpc-core-1.17.1.jar:/root/.m2/repository/io/grpc/grpc-context/1.17.1/grpc-context-1.17.1.jar:/root/.m2/repository/com/google/errorprone/error_prone_annotations/2.2.0/error_prone_annotations-2.2.0.jar:/root/.m2/repository/org/codehaus/mojo/animal-sniffer-annotations/1.17/animal-sniffer-annotations-1.17.jar:/root/.m2/repository/io/opencensus/opencensus-api/0.17.0/opencensus-api-0.17.0.jar:/root/.m2/repository/io/opencensus/opencensus-contrib-grpc-metrics/0.17.0/opencensus-contrib-grpc-metrics-0.17.0.jar:/root/.m2/repository/io/netty/netty-codec-http2/4.1.30.Final/netty-codec-http2-4.1.30.Final.jar:/root/.m2/repository/io/netty/netty-codec-http/4.1.30.Final/netty-codec-http-4.1.30.Final.jar:/root/.m2/repository/io/netty/netty-codec/4.1.30.Final/netty-codec-4.1.30.Final.jar:/root/.m2/repository/io/netty/netty-handler/4.1.30.Final/netty-handler-4.1.30.Final.jar:/root/.m2/repository/io/netty/netty-handler-proxy/4.1.30.Final/netty-handler-proxy-4.1.30.Final.jar:/root/.m2/repository/io/netty/netty-codec-socks/4.1.30.Final/netty-codec-socks-4.1.30.Final.jar:/root/.m2/repository/io/netty/netty-transport-native-epoll/4.1.30.Final/netty-transport-native-epoll-4.1.30.Final.jar:/root/.m2/repository/io/netty/netty-common/4.1.30.Final/netty-common-4.1.30.Final.jar:/root/.m2/repository/io/netty/netty-buffer/4.1.30.Final/netty-buffer-4.1.30.Final.jar:/root/.m2/repository/io/netty/netty-transport/4.1.30.Final/netty-transport-4.1.30.Final.jar:/root/.m2/repository/io/netty/netty-resolver/4.1.30.Final/netty-resolver-4.1.30.Final.jar:/root/.m2/repository/io/netty/netty-transport-native-unix-common/4.1.30.Final/netty-transport-native-unix-common-4.1.30.Final.jar:/root/.m2/repository/io/grpc/grpc-protobuf/1.17.1/grpc-protobuf-1.17.1.jar:/root/.m2/repository/com/google/api/grpc/proto-google-common-protos/1.0.0/proto-google-common-protos-1.0.0.jar:/root/.m2/repository/io/grpc/grpc-protobuf-lite/1.17.1/grpc-protobuf-lite-1.17.1.jar:/root/.m2/repository/io/grpc/grpc-stub/1.17.1/grpc-stub-1.17.1.jar:/root/.m2/repository/org/apache/hadoop/hadoop-ozone-recon/0.5.0-SNAPSHOT/hadoop-ozone-recon-0.5.0-SNAPSHOT.jar:/root/.m2/repository/org/apache/hadoop/hadoop-ozone-reconcodegen/0.5.0-SNAPSHOT/hadoop-ozone-reconcodegen-0.5.0-SNAPSHOT.jar:/root/.m2/repository/com/google/inject/extensions/guice-multibindings/4.0/guice-multibindings-4.0.jar:/root/.m2/repository/com/google/inject/guice/4.0/guice-4.0.jar:/root/.m2/repository/aopalliance/aopalliance/1.0/aopalliance-1.0.jar:/root/.m2/repository/com/google/inject/extensions/guice-servlet/4.0/guice-servlet-4.0.jar:/root/.m2/repository/org/glassfish/jersey/containers/jersey-container-servlet/2.27/jersey-container-servlet-2.27.jar:/root/.m2/repository/org/glassfish/hk2/guice-bridge/2.5.0/guice-bridge-2.5.0.jar:/root/.m2/repository/org/glassfish/jersey/core/jersey-server/2.27/jersey-server-2.27.jar:/root/.m2/repository/org/glassfish/jersey/core/jersey-client/2.27/jersey-client-2.27.jar:/root/.m2/repository/org/glassfish/jersey/media/jersey-media-jaxb/2.27/jersey-media-jaxb-2.27.jar:/root/.m2/repository/javax/validation/validation-api/1.1.0.Final/validation-api-1.1.0.Final.jar:/root/.m2/repository/org/glassfish/jersey/media/jersey-media-json-jackson/2.27/jersey-media-json-jackson-2.27.jar:/root/.m2/repository/org/glassfish/jersey/ext/jersey-entity-filtering/2.27/jersey-entity-filtering-2.27.jar:/root/.m2/repository/com/google/inject/extensions/guice-assistedinject/4.0/guice-assistedinject-4.0.jar:/root/.m2/repository/org/jooq/jooq/3.11.10/jooq-3.11.10.jar:/root/.m2/repository/org/jooq/jooq-meta/3.11.10/jooq-meta-3.11.10.jar:/root/.m2/repository/org/jooq/jooq-codegen/3.11.10/jooq-codegen-3.11.10.jar:/root/.m2/repository/com/jolbox/bonecp/0.8.0.RELEASE/bonecp-0.8.0.RELEASE.jar:/root/.m2/repository/org/xerial/sqlite-jdbc/3.25.2/sqlite-jdbc-3.25.2.jar:/root/.m2/repository/org/springframework/spring-jdbc/5.1.3.RELEASE/spring-jdbc-5.1.3.RELEASE.jar:/root/.m2/repository/org/springframework/spring-beans/5.1.3.RELEASE/spring-beans-5.1.3.RELEASE.jar:/root/.m2/repository/org/springframework/spring-core/5.1.3.RELEASE/spring-core-5.1.3.RELEASE.jar:/root/.m2/repository/org/springframework/spring-jcl/5.1.3.RELEASE/spring-jcl-5.1.3.RELEASE.jar:/root/.m2/repository/org/springframework/spring-tx/5.1.3.RELEASE/spring-tx-5.1.3.RELEASE.jar:/root/.m2/repository/org/apache/hadoop/hadoop-ozone-client/0.5.0-SNAPSHOT/hadoop-ozone-client-0.5.0-SNAPSHOT.jar:/root/.m2/repository/org/apache/hadoop/hadoop-ozone-ozone-manager/0.5.0-SNAPSHOT/hadoop-ozone-ozone-manager-0.5.0-SNAPSHOT-tests.jar:/root/.m2/repository/junit/junit/4.11/junit-4.11.jar:/root/.m2/repository/org/hamcrest/hamcrest-core/1.3/hamcrest-core-1.3.jar:/root/.m2/repository/org/openjdk/jmh/jmh-core/1.19/jmh-core-1.19.jar:/root/.m2/repository/net/sf/jopt-simple/jopt-simple/4.6/jopt-simple-4.6.jar:/root/.m2/repository/org/apache/commons/commons-math3/3.1.1/commons-math3-3.1.1.jar:/root/.m2/repository/org/openjdk/jmh/jmh-generator-annprocess/1.19/jmh-generator-annprocess-1.19.jar:/root/.m2/repository/org/mockito/mockito-all/1.8.5/mockito-all-1.8.5.jar:/root/.m2/repository/org/apache/hadoop/hadoop-kms/3.2.0/hadoop-kms-3.2.0.jar:/root/.m2/repository/org/apache/hadoop/hadoop-auth/3.2.0/hadoop-auth-3.2.0.jar:/root/.m2/repository/com/nimbusds/nimbus-jose-jwt/4.41.1/nimbus-jose-jwt-4.41.1.jar:/root/.m2/repository/com/github/stephenc/jcip/jcip-annotations/1.0-1/jcip-annotations-1.0-1.jar:/root/.m2/repository/net/minidev/json-smart/2.3/json-smart-2.3.jar:/root/.m2/repository/net/minidev/accessors-smart/1.2/accessors-smart-1.2.jar:/root/.m2/repository/org/ow2/asm/asm/5.0.4/asm-5.0.4.jar:/root/.m2/repository/org/apache/curator/curator-framework/2.12.0/curator-framework-2.12.0.jar:/root/.m2/repository/com/sun/jersey/jersey-core/1.19/jersey-core-1.19.jar:/root/.m2/repository/javax/ws/rs/jsr311-api/1.1.1/jsr311-api-1.1.1.jar:/root/.m2/repository/com/sun/jersey/jersey-server/1.19/jersey-server-1.19.jar:/root/.m2/repository/javax/servlet/javax.servlet-api/3.1.0/javax.servlet-api-3.1.0.jar:/root/.m2/repository/org/eclipse/jetty/jetty-server/9.3.24.v20180605/jetty-server-9.3.24.v20180605.jar:/root/.m2/repository/org/eclipse/jetty/jetty-http/9.3.24.v20180605/jetty-http-9.3.24.v20180605.jar:/root/.m2/repository/org/eclipse/jetty/jetty-io/9.3.24.v20180605/jetty-io-9.3.24.v20180605.jar:/root/.m2/repository/org/eclipse/jetty/jetty-webapp/9.3.24.v20180605/jetty-webapp-9.3.24.v20180605.jar:/root/.m2/repository/org/eclipse/jetty/jetty-xml/9.3.24.v20180605/jetty-xml-9.3.24.v20180605.jar:/root/.m2/repository/log4j/log4j/1.2.17/log4j-1.2.17.jar:/root/.m2/repository/org/slf4j/slf4j-api/1.7.25/slf4j-api-1.7.25.jar:/root/.m2/repository/org/slf4j/jul-to-slf4j/1.7.25/jul-to-slf4j-1.7.25.jar:/root/.m2/repository/org/eclipse/jetty/jetty-util/9.3.24.v20180605/jetty-util-9.3.24.v20180605.jar:/root/.m2/repository/io/dropwizard/metrics/metrics-core/3.2.4/metrics-core-3.2.4.jar:/root/.m2/repository/com/fasterxml/jackson/core/jackson-databind/2.9.5/jackson-databind-2.9.5.jar:/root/.m2/repository/org/apache/hadoop/hadoop-kms/3.2.0/hadoop-kms-3.2.0-tests.jar:/root/.m2/repository/org/apache/hadoop/hadoop-hdds-server-scm/0.5.0-SNAPSHOT/hadoop-hdds-server-scm-0.5.0-SNAPSHOT-tests.jar:/root/.m2/repository/org/hamcrest/hamcrest-all/1.3/hamcrest-all-1.3.jar:/root/.m2/repository/info/picocli/picocli/3.9.6/picocli-3.9.6.jar:/root/.m2/repository/org/apache/hadoop/hadoop-hdds-container-service/0.5.0-SNAPSHOT/hadoop-hdds-container-service-0.5.0-SNAPSHOT-tests.jar:/root/.m2/repository/org/yaml/snakeyaml/1.16/snakeyaml-1.16.jar:/root/.m2/repository/org/apache/hadoop/hadoop-common/3.2.0/hadoop-common-3.2.0-tests.jar:/root/.m2/repository/org/apache/hadoop/hadoop-annotations/3.2.0/hadoop-annotations-3.2.0.jar:/usr/lib/jvm/java-1.8-openjdk/jre/../lib/tools.jar:/root/.m2/repository/commons-cli/commons-cli/1.2/commons-cli-1.2.jar:/root/.m2/repository/org/apache/httpcomponents/httpclient/4.5.2/httpclient-4.5.2.jar:/root/.m2/repository/org/apache/httpcomponents/httpcore/4.4.4/httpcore-4.4.4.jar:/root/.m2/repository/commons-codec/commons-codec/1.11/commons-codec-1.11.jar:/root/.m2/repository/commons-net/commons-net/3.6/commons-net-3.6.jar:/root/.m2/repository/commons-collections/commons-collections/3.2.2/commons-collections-3.2.2.jar:/root/.m2/repository/org/eclipse/jetty/jetty-servlet/9.3.24.v20180605/jetty-servlet-9.3.24.v20180605.jar:/root/.m2/repository/org/eclipse/jetty/jetty-security/9.3.24.v20180605/jetty-security-9.3.24.v20180605.jar:/root/.m2/repository/javax/servlet/jsp/jsp-api/2.1/jsp-api-2.1.jar:/root/.m2/repository/com/sun/jersey/jersey-servlet/1.19/jersey-servlet-1.19.jar:/root/.m2/repository/com/sun/jersey/jersey-json/1.19/jersey-json-1.19.jar:/root/.m2/repository/org/codehaus/jettison/jettison/1.1/jettison-1.1.jar:/root/.m2/repository/org/codehaus/jackson/jackson-core-asl/1.9.13/jackson-core-asl-1.9.13.jar:/root/.m2/repository/org/codehaus/jackson/jackson-mapper-asl/1.9.13/jackson-mapper-asl-1.9.13.jar:/root/.m2/repository/org/codehaus/jackson/jackson-jaxrs/1.9.13/jackson-jaxrs-1.9.13.jar:/root/.m2/repository/org/codehaus/jackson/jackson-xc/1.9.13/jackson-xc-1.9.13.jar:/root/.m2/repository/commons-logging/commons-logging/1.1.3/commons-logging-1.1.3.jar:/root/.m2/repository/commons-beanutils/commons-beanutils/1.9.3/commons-beanutils-1.9.3.jar:/root/.m2/repository/org/apache/commons/commons-configuration2/2.1.1/commons-configuration2-2.1.1.jar:/root/.m2/repository/org/apache/commons/commons-lang3/3.7/commons-lang3-3.7.jar:/root/.m2/repository/org/apache/commons/commons-text/1.4/commons-text-1.4.jar:/root/.m2/repository/org/apache/avro/avro/1.7.7/avro-1.7.7.jar:/root/.m2/repository/com/thoughtworks/paranamer/paranamer/2.3/paranamer-2.3.jar:/root/.m2/repository/org/xerial/snappy/snappy-java/1.0.5/snappy-java-1.0.5.jar:/root/.m2/repository/com/google/re2j/re2j/1.1/re2j-1.1.jar:/root/.m2/repository/com/google/code/gson/gson/2.2.4/gson-2.2.4.jar:/root/.m2/repository/com/jcraft/jsch/0.1.54/jsch-0.1.54.jar:/root/.m2/repository/org/apache/curator/curator-client/2.12.0/curator-client-2.12.0.jar:/root/.m2/repository/org/apache/curator/curator-recipes/2.12.0/curator-recipes-2.12.0.jar:/root/.m2/repository/com/google/code/findbugs/jsr305/3.0.0/jsr305-3.0.0.jar:/root/.m2/repository/org/apache/htrace/htrace-core4/4.1.0-incubating/htrace-core4-4.1.0-incubating.jar:/root/.m2/repository/org/apache/zookeeper/zookeeper/3.4.13/zookeeper-3.4.13.jar:/root/.m2/repository/org/apache/yetus/audience-annotations/0.5.0/audience-annotations-0.5.0.jar:/root/.m2/repository/org/codehaus/woodstox/stax2-api/3.1.4/stax2-api-3.1.4.jar:/root/.m2/repository/com/fasterxml/woodstox/woodstox-core/5.0.3/woodstox-core-5.0.3.jar:/root/.m2/repository/dnsjava/dnsjava/2.1.7/dnsjava-2.1.7.jar:/root/.m2/repository/org/apache/hadoop/hadoop-hdfs/3.2.0/hadoop-hdfs-3.2.0-tests.jar:/root/.m2/repository/org/eclipse/jetty/jetty-util-ajax/9.3.24.v20180605/jetty-util-ajax-9.3.24.v20180605.jar:/root/.m2/repository/commons-daemon/commons-daemon/1.0.13/commons-daemon-1.0.13.jar:/root/.m2/repository/io/netty/netty/3.10.5.Final/netty-3.10.5.Final.jar:/root/.m2/repository/io/netty/netty-all/4.0.52.Final/netty-all-4.0.52.Final.jar:/root/.m2/repository/org/fusesource/leveldbjni/leveldbjni-all/1.8/leveldbjni-all-1.8.jar:"/>
    <property name="sun.cpu.endian" value="little"/>
    <property name="user.home" value="/root"/>
    <property name="user.language" value="en"/>
    <property name="java.specification.vendor" value="Oracle Corporation"/>
    <property name="java.home" value="/usr/lib/jvm/java-1.8-openjdk/jre"/>
    <property name="java.security.krb5.conf" value="/opt/src/hadoop-ozone/integration-test/target/test-classes/krb5.conf"/>
    <property name="basedir" value="/opt/src/hadoop-ozone/integration-test"/>
    <property name="file.separator" value="/"/>
    <property name="line.separator" value="&#10;"/>
    <property name="java.vm.specification.vendor" value="Oracle Corporation"/>
    <property name="java.specification.name" value="Java Platform API Specification"/>
    <property name="java.awt.graphicsenv" value="sun.awt.X11GraphicsEnvironment"/>
    <property name="surefire.real.class.path" value="/opt/src/hadoop-ozone/integration-test/target/surefire/surefirebooter1474029896993647097.jar"/>
    <property name="hadoop.log.dir" value="/opt/src/hadoop-ozone/integration-test/target/log"/>
    <property name="sun.boot.class.path" value="/usr/lib/jvm/java-1.8-openjdk/jre/lib/resources.jar:/usr/lib/jvm/java-1.8-openjdk/jre/lib/rt.jar:/usr/lib/jvm/java-1.8-openjdk/jre/lib/sunrsasign.jar:/usr/lib/jvm/java-1.8-openjdk/jre/lib/jsse.jar:/usr/lib/jvm/java-1.8-openjdk/jre/lib/jce.jar:/usr/lib/jvm/java-1.8-openjdk/jre/lib/charsets.jar:/usr/lib/jvm/java-1.8-openjdk/jre/lib/jfr.jar:/usr/lib/jvm/java-1.8-openjdk/jre/classes"/>
    <property name="sun.management.compiler" value="HotSpot 64-Bit Tiered Compilers"/>
    <property name="java.runtime.version" value="1.8.0_212-b04"/>
    <property name="java.net.preferIPv4Stack" value="true"/>
    <property name="user.name" value="root"/>
    <property name="path.separator" value=":"/>
    <property name="java.security.egd" value="file:///dev/urandom"/>
    <property name="os.version" value="4.15.0-1021-aws"/>
    <property name="java.endorsed.dirs" value="/usr/lib/jvm/java-1.8-openjdk/jre/lib/endorsed"/>
    <property name="java.runtime.name" value="OpenJDK Runtime Environment"/>
    <property name="file.encoding" value="UTF-8"/>
    <property name="java.vm.name" value="OpenJDK 64-Bit Server VM"/>
    <property name="test.build.webapps" value=""/>
    <property name="localRepository" value="/root/.m2/repository"/>
    <property name="java.vendor.url.bug" value="https://icedtea.classpath.org/bugzilla"/>
    <property name="java.io.tmpdir" value="/tmp"/>
    <property name="require.test.libhadoop" value=""/>
    <property name="java.version" value="1.8.0_212"/>
    <property name="user.dir" value="/opt/src/hadoop-ozone/integration-test"/>
    <property name="os.arch" value="amd64"/>
    <property name="java.vm.specification.name" value="Java Virtual Machine Specification"/>
    <property name="test.build.classes" value="/opt/src/hadoop-ozone/integration-test/target/test-classes"/>
    <property name="java.awt.printerjob" value="sun.print.PSPrinterJob"/>
    <property name="sun.os.patch.level" value="unknown"/>
    <property name="hadoop.tmp.dir" value="/opt/src/hadoop-ozone/integration-test/target/tmp"/>
    <property name="java.library.path" value="/usr/lib/jvm/java-1.8-openjdk/jre/lib/amd64/server:/usr/lib/jvm/java-1.8-openjdk/jre/lib/amd64:/usr/lib/jvm/java-1.8-openjdk/jre/../lib/amd64:/opt/src/hadoop-ozone/integration-test/target/native/target/usr/local/lib:/opt/src/hadoop-ozone/integration-test/../../hadoop-common-project/hadoop-common/target/native/target/usr/local/lib:/usr/java/packages/lib/amd64:/usr/lib64:/lib64:/lib:/usr/lib"/>
    <property name="java.vm.info" value="mixed mode"/>
    <property name="java.vendor" value="IcedTea"/>
    <property name="java.vm.version" value="25.212-b04"/>
    <property name="java.ext.dirs" value="/usr/lib/jvm/java-1.8-openjdk/jre/lib/ext:/usr/java/packages/lib/ext"/>
    <property name="sun.io.unicode.encoding" value="UnicodeLittle"/>
    <property name="java.class.version" value="52.0"/>
  </properties>
  <testcase name="testBlockDeletion" classname="org.apache.hadoop.ozone.container.common.statemachine.commandhandler.TestBlockDeletion" time="50.706">
    <failure message="expected null, but was:&lt;[B@76cdafa3&gt;" type="java.lang.AssertionError"><![CDATA[java.lang.AssertionError: expected null, but was:<[B@76cdafa3>
	at org.junit.Assert.fail(Assert.java:88)
	at org.junit.Assert.failNotNull(Assert.java:664)
	at org.junit.Assert.assertNull(Assert.java:646)
	at org.junit.Assert.assertNull(Assert.java:656)
	at org.apache.hadoop.ozone.container.common.statemachine.commandhandler.TestBlockDeletion.lambda$verifyBlocksDeleted$3(TestBlockDeletion.java:323)
	at org.apache.hadoop.ozone.OzoneTestUtils.performOperationOnKeyContainers(OzoneTestUtils.java:96)
	at org.apache.hadoop.ozone.container.common.statemachine.commandhandler.TestBlockDeletion.verifyBlocksDeleted(TestBlockDeletion.java:317)
	at org.apache.hadoop.ozone.container.common.statemachine.commandhandler.TestBlockDeletion.testBlockDeletion(TestBlockDeletion.java:177)
	at sun.reflect.NativeMethodAccessorImpl.invoke0(Native Method)
	at sun.reflect.NativeMethodAccessorImpl.invoke(NativeMethodAccessorImpl.java:62)
	at sun.reflect.DelegatingMethodAccessorImpl.invoke(DelegatingMethodAccessorImpl.java:43)
	at java.lang.reflect.Method.invoke(Method.java:498)
	at org.junit.runners.model.FrameworkMethod$1.runReflectiveCall(FrameworkMethod.java:47)
	at org.junit.internal.runners.model.ReflectiveCallable.run(ReflectiveCallable.java:12)
	at org.junit.runners.model.FrameworkMethod.invokeExplosively(FrameworkMethod.java:44)
	at org.junit.internal.runners.statements.InvokeMethod.evaluate(InvokeMethod.java:17)
	at org.junit.runners.ParentRunner.runLeaf(ParentRunner.java:271)
	at org.junit.runners.BlockJUnit4ClassRunner.runChild(BlockJUnit4ClassRunner.java:70)
	at org.junit.runners.BlockJUnit4ClassRunner.runChild(BlockJUnit4ClassRunner.java:50)
	at org.junit.runners.ParentRunner$3.run(ParentRunner.java:238)
	at org.junit.runners.ParentRunner$1.schedule(ParentRunner.java:63)
	at org.junit.runners.ParentRunner.runChildren(ParentRunner.java:236)
	at org.junit.runners.ParentRunner.access$000(ParentRunner.java:53)
	at org.junit.runners.ParentRunner$2.evaluate(ParentRunner.java:229)
	at org.junit.internal.runners.statements.RunBefores.evaluate(RunBefores.java:26)
	at org.junit.runners.ParentRunner.run(ParentRunner.java:309)
	at org.apache.maven.surefire.junit4.JUnit4Provider.execute(JUnit4Provider.java:365)
	at org.apache.maven.surefire.junit4.JUnit4Provider.executeWithRerun(JUnit4Provider.java:273)
	at org.apache.maven.surefire.junit4.JUnit4Provider.executeTestSet(JUnit4Provider.java:238)
	at org.apache.maven.surefire.junit4.JUnit4Provider.invoke(JUnit4Provider.java:159)
	at org.apache.maven.surefire.booter.ForkedBooter.invokeProviderInSameClassLoader(ForkedBooter.java:384)
	at org.apache.maven.surefire.booter.ForkedBooter.runSuitesInProcess(ForkedBooter.java:345)
	at org.apache.maven.surefire.booter.ForkedBooter.execute(ForkedBooter.java:126)
	at org.apache.maven.surefire.booter.ForkedBooter.main(ForkedBooter.java:418)
]]></failure>
    <system-out><![CDATA[2019-06-13 21:51:15,209 WARN  server.ServerUtils (ServerUtils.java:getScmDbDir(145)) - ozone.scm.db.dirs is not configured. We recommend adding this setting. Falling back to ozone.metadata.dirs instead.
2019-06-13 21:51:15,271 WARN  server.ServerUtils (ServerUtils.java:getScmDbDir(145)) - ozone.scm.db.dirs is not configured. We recommend adding this setting. Falling back to ozone.metadata.dirs instead.
2019-06-13 21:51:15,274 WARN  server.ServerUtils (ServerUtils.java:getScmDbDir(145)) - ozone.scm.db.dirs is not configured. We recommend adding this setting. Falling back to ozone.metadata.dirs instead.
2019-06-13 21:51:15,286 INFO  util.log (Log.java:initialized(192)) - Logging initialized @675ms
2019-06-13 21:51:15,366 INFO  db.DBStoreBuilder (DBStoreBuilder.java:addTable(110)) - using custom profile for table: deletedBlocks
2019-06-13 21:51:15,366 INFO  db.DBStoreBuilder (DBStoreBuilder.java:processTables(161)) - Using default column profile:DBProfile.DISK for Table:deletedBlocks
2019-06-13 21:51:15,367 INFO  db.DBStoreBuilder (DBStoreBuilder.java:addTable(110)) - using custom profile for table: validCerts
2019-06-13 21:51:15,367 INFO  db.DBStoreBuilder (DBStoreBuilder.java:processTables(161)) - Using default column profile:DBProfile.DISK for Table:validCerts
2019-06-13 21:51:15,367 INFO  db.DBStoreBuilder (DBStoreBuilder.java:addTable(110)) - using custom profile for table: revokedCerts
2019-06-13 21:51:15,367 INFO  db.DBStoreBuilder (DBStoreBuilder.java:processTables(161)) - Using default column profile:DBProfile.DISK for Table:revokedCerts
2019-06-13 21:51:15,377 INFO  db.DBStoreBuilder (DBStoreBuilder.java:addTable(110)) - using custom profile for table: default
2019-06-13 21:51:15,377 INFO  db.DBStoreBuilder (DBStoreBuilder.java:processTables(167)) - Using default column profile:DBProfile.DISK for Table:default
2019-06-13 21:51:15,378 INFO  db.DBStoreBuilder (DBStoreBuilder.java:getDbProfile(198)) - Using default options. DBProfile.DISK
2019-06-13 21:51:15,446 INFO  node.SCMNodeManager (SCMNodeManager.java:<init>(108)) - Entering startup safe mode.
2019-06-13 21:51:15,502 INFO  net.NodeSchemaLoader (NodeSchemaLoader.java:loadSchemaFromFile(125)) - Loading file from sun.misc.CompoundEnumeration@702657cc
2019-06-13 21:51:15,504 INFO  net.NodeSchemaLoader (NodeSchemaLoader.java:loadSchema(171)) - Loading network topology layer schema file
2019-06-13 21:51:15,559 WARN  server.ServerUtils (ServerUtils.java:getScmDbDir(145)) - ozone.scm.db.dirs is not configured. We recommend adding this setting. Falling back to ozone.metadata.dirs instead.
2019-06-13 21:51:15,579 INFO  pipeline.SCMPipelineManager (SCMPipelineManager.java:initializePipelineState(126)) - No pipeline exists in current db
2019-06-13 21:51:15,581 WARN  server.ServerUtils (ServerUtils.java:getScmDbDir(145)) - ozone.scm.db.dirs is not configured. We recommend adding this setting. Falling back to ozone.metadata.dirs instead.
2019-06-13 21:51:15,630 WARN  events.EventQueue (EventQueue.java:fireEvent(175)) - No event handler registered for event TypedEvent{payloadType=SafeModeStatus, name='SafeModeStatus'}
2019-06-13 21:51:15,895 INFO  ipc.CallQueueManager (CallQueueManager.java:<init>(84)) - Using callQueue: class java.util.concurrent.LinkedBlockingQueue, queueCapacity: 2000, scheduler: class org.apache.hadoop.ipc.DefaultRpcScheduler, ipcBackoff: false.
2019-06-13 21:51:15,916 INFO  ipc.Server (Server.java:run(1074)) - Starting Socket Reader #1 for port 44463
2019-06-13 21:51:15,937 INFO  ipc.CallQueueManager (CallQueueManager.java:<init>(84)) - Using callQueue: class java.util.concurrent.LinkedBlockingQueue, queueCapacity: 2000, scheduler: class org.apache.hadoop.ipc.DefaultRpcScheduler, ipcBackoff: false.
2019-06-13 21:51:15,964 INFO  ipc.Server (Server.java:run(1074)) - Starting Socket Reader #1 for port 46441
2019-06-13 21:51:15,971 INFO  ipc.CallQueueManager (CallQueueManager.java:<init>(84)) - Using callQueue: class java.util.concurrent.LinkedBlockingQueue, queueCapacity: 2000, scheduler: class org.apache.hadoop.ipc.DefaultRpcScheduler, ipcBackoff: false.
2019-06-13 21:51:15,972 INFO  ipc.Server (Server.java:run(1074)) - Starting Socket Reader #1 for port 44207
2019-06-13 21:51:16,039 INFO  hdfs.DFSUtil (DFSUtil.java:httpServerTemplateForNNAndJN(1641)) - Starting Web-server for scm at: http://0.0.0.0:0
2019-06-13 21:51:16,145 INFO  server.AuthenticationFilter (AuthenticationFilter.java:constructSecretProvider(240)) - Unable to initialize FileSignerSecretProvider, falling back to use random secrets.
2019-06-13 21:51:16,151 WARN  http.HttpRequestLog (HttpRequestLog.java:getRequestLog(97)) - Jetty request log can only be enabled using Log4j
2019-06-13 21:51:16,157 INFO  http.HttpServer2 (HttpServer2.java:addGlobalFilter(975)) - Added global filter 'safety' (class=org.apache.hadoop.http.HttpServer2$QuotingInputFilter)
2019-06-13 21:51:16,159 INFO  http.HttpServer2 (HttpServer2.java:addFilter(948)) - Added filter static_user_filter (class=org.apache.hadoop.http.lib.StaticUserWebFilter$StaticUserFilter) to context scm
2019-06-13 21:51:16,159 INFO  http.HttpServer2 (HttpServer2.java:addFilter(958)) - Added filter static_user_filter (class=org.apache.hadoop.http.lib.StaticUserWebFilter$StaticUserFilter) to context static
2019-06-13 21:51:16,160 INFO  http.HttpServer2 (HttpServer2.java:addFilter(958)) - Added filter static_user_filter (class=org.apache.hadoop.http.lib.StaticUserWebFilter$StaticUserFilter) to context logs
2019-06-13 21:51:16,187 INFO  server.StorageContainerManager (StorageContainerManager.java:start(752)) - StorageContainerLocationProtocol RPC server is listening at /0.0.0.0:44207
2019-06-13 21:51:16,240 WARN  impl.MetricsConfig (MetricsConfig.java:loadFirst(134)) - Cannot locate configuration: tried hadoop-metrics2-storagecontainermanager.properties,hadoop-metrics2.properties
2019-06-13 21:51:16,251 INFO  impl.MetricsSystemImpl (MetricsSystemImpl.java:startTimer(374)) - Scheduled Metric snapshot period at 10 second(s).
2019-06-13 21:51:16,251 INFO  impl.MetricsSystemImpl (MetricsSystemImpl.java:start(191)) - StorageContainerManager metrics system started
2019-06-13 21:51:16,411 INFO  server.SCMClientProtocolServer (SCMClientProtocolServer.java:start(149)) - RPC server for Client  is listening at /0.0.0.0:44207
2019-06-13 21:51:16,412 INFO  ipc.Server (Server.java:run(1314)) - IPC Server Responder: starting
2019-06-13 21:51:16,412 INFO  ipc.Server (Server.java:run(1153)) - IPC Server listener on 44207: starting
2019-06-13 21:51:16,414 INFO  server.StorageContainerManager (StorageContainerManager.java:start(761)) - ScmBlockLocationProtocol RPC server is listening at /0.0.0.0:46441
2019-06-13 21:51:16,414 INFO  server.SCMBlockProtocolServer (SCMBlockProtocolServer.java:start(137)) - RPC server for Block Protocol is listening at /0.0.0.0:46441
2019-06-13 21:51:16,414 INFO  ipc.Server (Server.java:run(1314)) - IPC Server Responder: starting
2019-06-13 21:51:16,415 INFO  ipc.Server (Server.java:run(1153)) - IPC Server listener on 46441: starting
2019-06-13 21:51:16,416 INFO  server.StorageContainerManager (StorageContainerManager.java:start(765)) - ScmDatanodeProtocl RPC server is listening at /0.0.0.0:44463
2019-06-13 21:51:16,417 INFO  server.SCMDatanodeProtocolServer (SCMDatanodeProtocolServer.java:start(191)) - RPC server for DataNodes is listening at /0.0.0.0:44463
2019-06-13 21:51:16,417 INFO  ipc.Server (Server.java:run(1314)) - IPC Server Responder: starting
2019-06-13 21:51:16,417 INFO  ipc.Server (Server.java:run(1153)) - IPC Server listener on 44463: starting
2019-06-13 21:51:16,420 INFO  http.HttpServer2 (HttpServer2.java:bindListener(1191)) - Jetty bound to port 44203
2019-06-13 21:51:16,421 INFO  server.Server (Server.java:doStart(351)) - jetty-9.3.24.v20180605, build timestamp: 2018-06-05T17:11:56Z, git hash: 84205aa28f11a4f31f2a3b86d1bba2cc8ab69827
2019-06-13 21:51:16,450 INFO  handler.ContextHandler (ContextHandler.java:doStart(781)) - Started o.e.j.s.ServletContextHandler@12c7a01b{/logs,file:///opt/src/hadoop-ozone/integration-test/target/log,AVAILABLE}
2019-06-13 21:51:16,451 INFO  handler.ContextHandler (ContextHandler.java:doStart(781)) - Started o.e.j.s.ServletContextHandler@2826f61{/static,file:///opt/src/hadoop-ozone/integration-test/target/test-classes/webapps/static,AVAILABLE}
2019-06-13 21:51:16,477 INFO  handler.ContextHandler (ContextHandler.java:doStart(781)) - Started o.e.j.w.WebAppContext@37f21974{/,file:///opt/src/hadoop-ozone/integration-test/target/test-classes/webapps/scm/,AVAILABLE}{/scm}
2019-06-13 21:51:16,481 INFO  server.AbstractConnector (AbstractConnector.java:doStart(278)) - Started ServerConnector@5fb97279{HTTP/1.1,[http/1.1]}{0.0.0.0:44203}
2019-06-13 21:51:16,481 INFO  server.Server (Server.java:doStart(419)) - Started @1870ms
2019-06-13 21:51:16,482 INFO  server.BaseHttpServer (BaseHttpServer.java:updateConnectorAddress(207)) - HTTP server of SCM is listening at http://0.0.0.0:44203
2019-06-13 21:51:16,487 INFO  util.JvmPauseMonitor (JvmPauseMonitor.java:run(188)) - Starting JVM pause monitor
2019-06-13 21:51:16,487 DEBUG block.SCMBlockDeletingService (SCMBlockDeletingService.java:call(138)) - Running DeletedBlockTransactionScanner
2019-06-13 21:51:16,489 WARN  scm.ScmUtils (ScmUtils.java:getDBPath(63)) - ozone.om.db.dirs is not configured. We recommend adding this setting. Falling back to ozone.metadata.dirs instead.
2019-06-13 21:51:16,493 DEBUG block.SCMBlockDeletingService (SCMBlockDeletingService.java:call(155)) - Scanned deleted blocks log and got 0 delTX to process.
2019-06-13 21:51:16,569 WARN  scm.ScmUtils (ScmUtils.java:getDBPath(63)) - ozone.om.db.dirs is not configured. We recommend adding this setting. Falling back to ozone.metadata.dirs instead.
2019-06-13 21:51:16,570 INFO  om.OzoneManager (OzoneManager.java:setOMNodeDetails(519)) - OM Service ID is not set. Setting it to the default ID: omServiceIdDefault
2019-06-13 21:51:16,570 INFO  om.OzoneManager (OzoneManager.java:setOMNodeDetails(525)) - OM Node ID is not set. Setting it to the OmStorage's OmID: b5d221bb-6e4f-4990-81da-dba3e0e7c519
2019-06-13 21:51:16,572 WARN  scm.HddsServerUtil (HddsServerUtil.java:getDefaultRatisDirectory(354)) - Storage directory for Ratis is not configured. It is a good idea to map this to an SSD disk. Falling back to ozone.metadata.dirs
2019-06-13 21:51:16,572 WARN  scm.HddsServerUtil (HddsServerUtil.java:getDefaultRatisDirectory(354)) - Storage directory for Ratis is not configured. It is a good idea to map this to an SSD disk. Falling back to ozone.metadata.dirs
2019-06-13 21:51:16,572 INFO  om.OzoneManager (OzoneManager.java:loadOMHAConfigs(476)) - Found matching OM address with OMServiceId: null, OMNodeId: null, RPC Address: localhost:0 and Ratis port: 9872
2019-06-13 21:51:16,595 DEBUG block.SCMBlockDeletingService (SCMBlockDeletingService.java:call(138)) - Running DeletedBlockTransactionScanner
2019-06-13 21:51:16,595 DEBUG block.SCMBlockDeletingService (SCMBlockDeletingService.java:call(155)) - Scanned deleted blocks log and got 0 delTX to process.
2019-06-13 21:51:16,696 DEBUG block.SCMBlockDeletingService (SCMBlockDeletingService.java:call(138)) - Running DeletedBlockTransactionScanner
2019-06-13 21:51:16,696 DEBUG block.SCMBlockDeletingService (SCMBlockDeletingService.java:call(155)) - Scanned deleted blocks log and got 0 delTX to process.
2019-06-13 21:51:16,736 WARN  scm.ScmUtils (ScmUtils.java:getDBPath(63)) - ozone.om.db.dirs is not configured. We recommend adding this setting. Falling back to ozone.metadata.dirs instead.
2019-06-13 21:51:16,741 INFO  db.DBStoreBuilder (DBStoreBuilder.java:addTable(110)) - using custom profile for table: userTable
2019-06-13 21:51:16,741 INFO  db.DBStoreBuilder (DBStoreBuilder.java:processTables(161)) - Using default column profile:DBProfile.DISK for Table:userTable
2019-06-13 21:51:16,742 INFO  db.DBStoreBuilder (DBStoreBuilder.java:addTable(110)) - using custom profile for table: volumeTable
2019-06-13 21:51:16,742 INFO  db.DBStoreBuilder (DBStoreBuilder.java:processTables(161)) - Using default column profile:DBProfile.DISK for Table:volumeTable
2019-06-13 21:51:16,742 INFO  db.DBStoreBuilder (DBStoreBuilder.java:addTable(110)) - using custom profile for table: bucketTable
2019-06-13 21:51:16,742 INFO  db.DBStoreBuilder (DBStoreBuilder.java:processTables(161)) - Using default column profile:DBProfile.DISK for Table:bucketTable
2019-06-13 21:51:16,742 INFO  db.DBStoreBuilder (DBStoreBuilder.java:addTable(110)) - using custom profile for table: keyTable
2019-06-13 21:51:16,742 INFO  db.DBStoreBuilder (DBStoreBuilder.java:processTables(161)) - Using default column profile:DBProfile.DISK for Table:keyTable
2019-06-13 21:51:16,743 INFO  db.DBStoreBuilder (DBStoreBuilder.java:addTable(110)) - using custom profile for table: deletedTable
2019-06-13 21:51:16,743 INFO  db.DBStoreBuilder (DBStoreBuilder.java:processTables(161)) - Using default column profile:DBProfile.DISK for Table:deletedTable
2019-06-13 21:51:16,743 INFO  db.DBStoreBuilder (DBStoreBuilder.java:addTable(110)) - using custom profile for table: openKeyTable
2019-06-13 21:51:16,743 INFO  db.DBStoreBuilder (DBStoreBuilder.java:processTables(161)) - Using default column profile:DBProfile.DISK for Table:openKeyTable
2019-06-13 21:51:16,743 INFO  db.DBStoreBuilder (DBStoreBuilder.java:addTable(110)) - using custom profile for table: s3Table
2019-06-13 21:51:16,743 INFO  db.DBStoreBuilder (DBStoreBuilder.java:processTables(161)) - Using default column profile:DBProfile.DISK for Table:s3Table
2019-06-13 21:51:16,744 INFO  db.DBStoreBuilder (DBStoreBuilder.java:addTable(110)) - using custom profile for table: multipartInfoTable
2019-06-13 21:51:16,744 INFO  db.DBStoreBuilder (DBStoreBuilder.java:processTables(161)) - Using default column profile:DBProfile.DISK for Table:multipartInfoTable
2019-06-13 21:51:16,744 INFO  db.DBStoreBuilder (DBStoreBuilder.java:addTable(110)) - using custom profile for table: dTokenTable
2019-06-13 21:51:16,744 INFO  db.DBStoreBuilder (DBStoreBuilder.java:processTables(161)) - Using default column profile:DBProfile.DISK for Table:dTokenTable
2019-06-13 21:51:16,744 INFO  db.DBStoreBuilder (DBStoreBuilder.java:addTable(110)) - using custom profile for table: s3SecretTable
2019-06-13 21:51:16,744 INFO  db.DBStoreBuilder (DBStoreBuilder.java:processTables(161)) - Using default column profile:DBProfile.DISK for Table:s3SecretTable
2019-06-13 21:51:16,745 INFO  db.DBStoreBuilder (DBStoreBuilder.java:addTable(110)) - using custom profile for table: prefixTable
2019-06-13 21:51:16,745 INFO  db.DBStoreBuilder (DBStoreBuilder.java:processTables(161)) - Using default column profile:DBProfile.DISK for Table:prefixTable
2019-06-13 21:51:16,745 INFO  db.DBStoreBuilder (DBStoreBuilder.java:addTable(110)) - using custom profile for table: default
2019-06-13 21:51:16,745 INFO  db.DBStoreBuilder (DBStoreBuilder.java:processTables(167)) - Using default column profile:DBProfile.DISK for Table:default
2019-06-13 21:51:16,745 INFO  db.DBStoreBuilder (DBStoreBuilder.java:getDbProfile(198)) - Using default options. DBProfile.DISK
2019-06-13 21:51:16,797 DEBUG block.SCMBlockDeletingService (SCMBlockDeletingService.java:call(138)) - Running DeletedBlockTransactionScanner
2019-06-13 21:51:16,797 DEBUG block.SCMBlockDeletingService (SCMBlockDeletingService.java:call(155)) - Scanned deleted blocks log and got 0 delTX to process.
2019-06-13 21:51:16,897 DEBUG block.SCMBlockDeletingService (SCMBlockDeletingService.java:call(138)) - Running DeletedBlockTransactionScanner
2019-06-13 21:51:16,898 DEBUG block.SCMBlockDeletingService (SCMBlockDeletingService.java:call(155)) - Scanned deleted blocks log and got 0 delTX to process.
2019-06-13 21:51:16,998 DEBUG block.SCMBlockDeletingService (SCMBlockDeletingService.java:call(138)) - Running DeletedBlockTransactionScanner
2019-06-13 21:51:16,999 DEBUG block.SCMBlockDeletingService (SCMBlockDeletingService.java:call(155)) - Scanned deleted blocks log and got 0 delTX to process.
2019-06-13 21:51:17,099 DEBUG block.SCMBlockDeletingService (SCMBlockDeletingService.java:call(138)) - Running DeletedBlockTransactionScanner
2019-06-13 21:51:17,099 DEBUG block.SCMBlockDeletingService (SCMBlockDeletingService.java:call(155)) - Scanned deleted blocks log and got 0 delTX to process.
2019-06-13 21:51:17,180 INFO  ipc.CallQueueManager (CallQueueManager.java:<init>(84)) - Using callQueue: class java.util.concurrent.LinkedBlockingQueue, queueCapacity: 2000, scheduler: class org.apache.hadoop.ipc.DefaultRpcScheduler, ipcBackoff: false.
2019-06-13 21:51:17,180 INFO  ipc.Server (Server.java:run(1074)) - Starting Socket Reader #1 for port 43945
2019-06-13 21:51:17,200 DEBUG block.SCMBlockDeletingService (SCMBlockDeletingService.java:call(138)) - Running DeletedBlockTransactionScanner
2019-06-13 21:51:17,200 DEBUG block.SCMBlockDeletingService (SCMBlockDeletingService.java:call(155)) - Scanned deleted blocks log and got 0 delTX to process.
2019-06-13 21:51:17,200 WARN  scm.ScmUtils (ScmUtils.java:getDBPath(63)) - ozone.om.db.dirs is not configured. We recommend adding this setting. Falling back to ozone.metadata.dirs instead.
2019-06-13 21:51:17,201 INFO  om.OzoneManager (OzoneManager.java:start(1217)) - OzoneManager RPC server is listening at localhost/127.0.0.1:43945
2019-06-13 21:51:17,201 INFO  impl.MetricsSystemImpl (MetricsSystemImpl.java:init(158)) - OzoneManager metrics system started (again)
2019-06-13 21:51:17,201 INFO  ipc.Server (Server.java:run(1314)) - IPC Server Responder: starting
2019-06-13 21:51:17,203 INFO  ipc.Server (Server.java:run(1153)) - IPC Server listener on 43945: starting
2019-06-13 21:51:17,214 INFO  hdfs.DFSUtil (DFSUtil.java:httpServerTemplateForNNAndJN(1641)) - Starting Web-server for ozoneManager at: http://0.0.0.0:0
2019-06-13 21:51:17,216 INFO  server.AuthenticationFilter (AuthenticationFilter.java:constructSecretProvider(240)) - Unable to initialize FileSignerSecretProvider, falling back to use random secrets.
2019-06-13 21:51:17,216 WARN  http.HttpRequestLog (HttpRequestLog.java:getRequestLog(97)) - Jetty request log can only be enabled using Log4j
2019-06-13 21:51:17,217 INFO  http.HttpServer2 (HttpServer2.java:addGlobalFilter(975)) - Added global filter 'safety' (class=org.apache.hadoop.http.HttpServer2$QuotingInputFilter)
2019-06-13 21:51:17,218 INFO  http.HttpServer2 (HttpServer2.java:addFilter(948)) - Added filter static_user_filter (class=org.apache.hadoop.http.lib.StaticUserWebFilter$StaticUserFilter) to context ozoneManager
2019-06-13 21:51:17,218 INFO  http.HttpServer2 (HttpServer2.java:addFilter(958)) - Added filter static_user_filter (class=org.apache.hadoop.http.lib.StaticUserWebFilter$StaticUserFilter) to context logs
2019-06-13 21:51:17,218 INFO  http.HttpServer2 (HttpServer2.java:addFilter(958)) - Added filter static_user_filter (class=org.apache.hadoop.http.lib.StaticUserWebFilter$StaticUserFilter) to context static
2019-06-13 21:51:17,220 INFO  http.HttpServer2 (HttpServer2.java:bindListener(1191)) - Jetty bound to port 42069
2019-06-13 21:51:17,220 INFO  server.Server (Server.java:doStart(351)) - jetty-9.3.24.v20180605, build timestamp: 2018-06-05T17:11:56Z, git hash: 84205aa28f11a4f31f2a3b86d1bba2cc8ab69827
2019-06-13 21:51:17,221 INFO  handler.ContextHandler (ContextHandler.java:doStart(781)) - Started o.e.j.s.ServletContextHandler@378bd86d{/logs,file:///opt/src/hadoop-ozone/integration-test/target/log,AVAILABLE}
2019-06-13 21:51:17,222 INFO  handler.ContextHandler (ContextHandler.java:doStart(781)) - Started o.e.j.s.ServletContextHandler@69b2f8e5{/static,file:///opt/src/hadoop-ozone/integration-test/target/test-classes/webapps/static,AVAILABLE}
2019-06-13 21:51:17,227 INFO  handler.ContextHandler (ContextHandler.java:doStart(781)) - Started o.e.j.w.WebAppContext@43b0ade{/,file:///opt/src/hadoop-ozone/integration-test/target/test-classes/webapps/ozoneManager/,AVAILABLE}{/ozoneManager}
2019-06-13 21:51:17,228 INFO  server.AbstractConnector (AbstractConnector.java:doStart(278)) - Started ServerConnector@5395ea39{HTTP/1.1,[http/1.1]}{0.0.0.0:42069}
2019-06-13 21:51:17,228 INFO  server.Server (Server.java:doStart(419)) - Started @2617ms
2019-06-13 21:51:17,229 INFO  server.BaseHttpServer (BaseHttpServer.java:updateConnectorAddress(207)) - HTTP server of OZONEMANAGER is listening at http://0.0.0.0:42069
2019-06-13 21:51:17,300 DEBUG block.SCMBlockDeletingService (SCMBlockDeletingService.java:call(138)) - Running DeletedBlockTransactionScanner
2019-06-13 21:51:17,301 DEBUG block.SCMBlockDeletingService (SCMBlockDeletingService.java:call(155)) - Scanned deleted blocks log and got 0 delTX to process.
2019-06-13 21:51:17,343 INFO  impl.MetricsSystemImpl (MetricsSystemImpl.java:init(158)) - HddsDatanode metrics system started (again)
2019-06-13 21:51:17,427 DEBUG block.SCMBlockDeletingService (SCMBlockDeletingService.java:call(138)) - Running DeletedBlockTransactionScanner
2019-06-13 21:51:17,427 DEBUG block.SCMBlockDeletingService (SCMBlockDeletingService.java:call(155)) - Scanned deleted blocks log and got 0 delTX to process.
2019-06-13 21:51:17,483 INFO  ozone.HddsDatanodeService (HddsDatanodeService.java:start(185)) - HddsDatanodeService host:ozone-d4wqq-1121427898 ip:192.168.11.218
2019-06-13 21:51:17,511 INFO  volume.HddsVolume (HddsVolume.java:<init>(176)) - Creating Volume: /opt/src/hadoop-ozone/integration-test/target/test-dir/MiniOzoneClusterImpl-8578056e-9b7b-4e66-9e9f-ef53d5cd7c03/datanode-0/data/containers/hdds of  storage type : DISK and capacity : 104021790720
2019-06-13 21:51:17,513 INFO  volume.VolumeSet (VolumeSet.java:initializeVolumeSet(170)) - Added Volume : /opt/src/hadoop-ozone/integration-test/target/test-dir/MiniOzoneClusterImpl-8578056e-9b7b-4e66-9e9f-ef53d5cd7c03/datanode-0/data/containers/hdds to VolumeSet
2019-06-13 21:51:17,515 INFO  volume.ThrottledAsyncChecker (ThrottledAsyncChecker.java:schedule(140)) - Scheduling a check for org.apache.hadoop.ozone.container.common.volume.HddsVolume@ae7950d
2019-06-13 21:51:17,528 DEBUG block.SCMBlockDeletingService (SCMBlockDeletingService.java:call(138)) - Running DeletedBlockTransactionScanner
2019-06-13 21:51:17,528 DEBUG block.SCMBlockDeletingService (SCMBlockDeletingService.java:call(155)) - Scanned deleted blocks log and got 0 delTX to process.
2019-06-13 21:51:17,532 INFO  volume.HddsVolumeChecker (HddsVolumeChecker.java:checkAllVolumes(203)) - Scheduled health check for volume org.apache.hadoop.ozone.container.common.volume.HddsVolume@ae7950d
2019-06-13 21:51:17,578 INFO  ratis.XceiverServerRatis (XceiverServerRatis.java:newXceiverServerRatis(401)) - Found a free port for the server : 35061
2019-06-13 21:51:17,628 DEBUG block.SCMBlockDeletingService (SCMBlockDeletingService.java:call(138)) - Running DeletedBlockTransactionScanner
2019-06-13 21:51:17,629 DEBUG block.SCMBlockDeletingService (SCMBlockDeletingService.java:call(155)) - Scanned deleted blocks log and got 0 delTX to process.
2019-06-13 21:51:17,647 INFO  impl.RaftServerProxy (ConfUtils.java:logGet(43)) - raft.rpc.type = GRPC (default)
2019-06-13 21:51:17,657 INFO  grpc.GrpcConfigKeys$Server (ConfUtils.java:logGet(43)) - raft.grpc.server.port = 35061 (custom)
2019-06-13 21:51:17,658 INFO  server.GrpcService (ConfUtils.java:logGet(43)) - raft.grpc.message.size.max = 33570816 (custom)
2019-06-13 21:51:17,659 INFO  server.RaftServerConfigKeys (ConfUtils.java:logGet(43)) - raft.server.log.appender.buffer.byte-limit = 33554432 (custom)
2019-06-13 21:51:17,660 INFO  server.GrpcService (ConfUtils.java:logGet(43)) - raft.grpc.flow.control.window = 1MB (=1048576) (default)
2019-06-13 21:51:17,661 INFO  server.RaftServerConfigKeys (ConfUtils.java:logGet(43)) - raft.server.rpc.request.timeout = 3000ms (default)
2019-06-13 21:51:17,729 DEBUG block.SCMBlockDeletingService (SCMBlockDeletingService.java:call(138)) - Running DeletedBlockTransactionScanner
2019-06-13 21:51:17,729 DEBUG block.SCMBlockDeletingService (SCMBlockDeletingService.java:call(155)) - Scanned deleted blocks log and got 0 delTX to process.
2019-06-13 21:51:17,779 INFO  server.RaftServerConfigKeys (ConfUtils.java:logGet(43)) - raft.server.storage.dir = [/opt/src/hadoop-ozone/integration-test/target/test-dir/MiniOzoneClusterImpl-8578056e-9b7b-4e66-9e9f-ef53d5cd7c03/datanode-0/data/ratis] (custom)
2019-06-13 21:51:17,786 INFO  server.XceiverServerGrpc (XceiverServerGrpc.java:<init>(97)) - Found a free port for the server : 37285
2019-06-13 21:51:17,809 INFO  replication.SimpleContainerDownloader (SimpleContainerDownloader.java:<init>(72)) - Starting container downloader service to copy containers to replicate.
2019-06-13 21:51:17,825 INFO  hdfs.DFSUtil (DFSUtil.java:httpServerTemplateForNNAndJN(1641)) - Starting Web-server for hddsDatanode at: http://0.0.0.0:0
2019-06-13 21:51:17,826 INFO  server.AuthenticationFilter (AuthenticationFilter.java:constructSecretProvider(240)) - Unable to initialize FileSignerSecretProvider, falling back to use random secrets.
2019-06-13 21:51:17,827 WARN  http.HttpRequestLog (HttpRequestLog.java:getRequestLog(97)) - Jetty request log can only be enabled using Log4j
2019-06-13 21:51:17,828 INFO  http.HttpServer2 (HttpServer2.java:addGlobalFilter(975)) - Added global filter 'safety' (class=org.apache.hadoop.http.HttpServer2$QuotingInputFilter)
2019-06-13 21:51:17,829 INFO  http.HttpServer2 (HttpServer2.java:addFilter(948)) - Added filter static_user_filter (class=org.apache.hadoop.http.lib.StaticUserWebFilter$StaticUserFilter) to context hddsDatanode
2019-06-13 21:51:17,829 INFO  http.HttpServer2 (HttpServer2.java:addFilter(958)) - Added filter static_user_filter (class=org.apache.hadoop.http.lib.StaticUserWebFilter$StaticUserFilter) to context logs
2019-06-13 21:51:17,829 INFO  http.HttpServer2 (HttpServer2.java:addFilter(958)) - Added filter static_user_filter (class=org.apache.hadoop.http.lib.StaticUserWebFilter$StaticUserFilter) to context static
2019-06-13 21:51:17,830 INFO  http.HttpServer2 (HttpServer2.java:bindListener(1191)) - Jetty bound to port 45953
2019-06-13 21:51:17,830 DEBUG block.SCMBlockDeletingService (SCMBlockDeletingService.java:call(138)) - Running DeletedBlockTransactionScanner
2019-06-13 21:51:17,830 INFO  server.Server (Server.java:doStart(351)) - jetty-9.3.24.v20180605, build timestamp: 2018-06-05T17:11:56Z, git hash: 84205aa28f11a4f31f2a3b86d1bba2cc8ab69827
2019-06-13 21:51:17,830 DEBUG block.SCMBlockDeletingService (SCMBlockDeletingService.java:call(155)) - Scanned deleted blocks log and got 0 delTX to process.
2019-06-13 21:51:17,832 INFO  handler.ContextHandler (ContextHandler.java:doStart(781)) - Started o.e.j.s.ServletContextHandler@6438a7fe{/logs,file:///opt/src/hadoop-ozone/integration-test/target/log,AVAILABLE}
2019-06-13 21:51:17,833 INFO  handler.ContextHandler (ContextHandler.java:doStart(781)) - Started o.e.j.s.ServletContextHandler@4f5f6e45{/static,jar:file:/root/.m2/repository/org/apache/hadoop/hadoop-hdds-container-service/0.5.0-SNAPSHOT/hadoop-hdds-container-service-0.5.0-SNAPSHOT.jar!/webapps/static,AVAILABLE}
2019-06-13 21:51:17,867 INFO  handler.ContextHandler (ContextHandler.java:doStart(781)) - Started o.e.j.w.WebAppContext@36c0d0bd{/,file:///tmp/jetty-0.0.0.0-45953-hddsDatanode-_-any-253416901988608801.dir/webapp/,AVAILABLE}{/hddsDatanode}
2019-06-13 21:51:17,868 INFO  server.AbstractConnector (AbstractConnector.java:doStart(278)) - Started ServerConnector@664619b4{HTTP/1.1,[http/1.1]}{0.0.0.0:45953}
2019-06-13 21:51:17,868 INFO  server.Server (Server.java:doStart(419)) - Started @3257ms
2019-06-13 21:51:17,869 INFO  server.BaseHttpServer (BaseHttpServer.java:updateConnectorAddress(207)) - HTTP server of HDDSDATANODE is listening at http://0.0.0.0:45953
2019-06-13 21:51:17,931 DEBUG block.SCMBlockDeletingService (SCMBlockDeletingService.java:call(138)) - Running DeletedBlockTransactionScanner
2019-06-13 21:51:17,931 DEBUG block.SCMBlockDeletingService (SCMBlockDeletingService.java:call(155)) - Scanned deleted blocks log and got 0 delTX to process.
2019-06-13 21:51:18,031 DEBUG block.SCMBlockDeletingService (SCMBlockDeletingService.java:call(138)) - Running DeletedBlockTransactionScanner
2019-06-13 21:51:18,032 DEBUG block.SCMBlockDeletingService (SCMBlockDeletingService.java:call(155)) - Scanned deleted blocks log and got 0 delTX to process.
2019-06-13 21:51:18,132 DEBUG block.SCMBlockDeletingService (SCMBlockDeletingService.java:call(138)) - Running DeletedBlockTransactionScanner
2019-06-13 21:51:18,133 DEBUG block.SCMBlockDeletingService (SCMBlockDeletingService.java:call(155)) - Scanned deleted blocks log and got 0 delTX to process.
2019-06-13 21:51:18,233 DEBUG block.SCMBlockDeletingService (SCMBlockDeletingService.java:call(138)) - Running DeletedBlockTransactionScanner
2019-06-13 21:51:18,233 DEBUG block.SCMBlockDeletingService (SCMBlockDeletingService.java:call(155)) - Scanned deleted blocks log and got 0 delTX to process.
2019-06-13 21:51:18,334 DEBUG block.SCMBlockDeletingService (SCMBlockDeletingService.java:call(138)) - Running DeletedBlockTransactionScanner
2019-06-13 21:51:18,334 DEBUG block.SCMBlockDeletingService (SCMBlockDeletingService.java:call(155)) - Scanned deleted blocks log and got 0 delTX to process.
2019-06-13 21:51:18,434 DEBUG block.SCMBlockDeletingService (SCMBlockDeletingService.java:call(138)) - Running DeletedBlockTransactionScanner
2019-06-13 21:51:18,435 DEBUG block.SCMBlockDeletingService (SCMBlockDeletingService.java:call(155)) - Scanned deleted blocks log and got 0 delTX to process.
2019-06-13 21:51:18,535 DEBUG block.SCMBlockDeletingService (SCMBlockDeletingService.java:call(138)) - Running DeletedBlockTransactionScanner
2019-06-13 21:51:18,536 DEBUG block.SCMBlockDeletingService (SCMBlockDeletingService.java:call(155)) - Scanned deleted blocks log and got 0 delTX to process.
2019-06-13 21:51:18,636 DEBUG block.SCMBlockDeletingService (SCMBlockDeletingService.java:call(138)) - Running DeletedBlockTransactionScanner
2019-06-13 21:51:18,636 DEBUG block.SCMBlockDeletingService (SCMBlockDeletingService.java:call(155)) - Scanned deleted blocks log and got 0 delTX to process.
2019-06-13 21:51:18,650 INFO  ozone.HddsDatanodeService (HddsDatanodeService.java:startPlugins(396)) - Started plug-in org.apache.hadoop.ozone.web.OzoneHddsDatanodeService@575cabf0
2019-06-13 21:51:18,652 INFO  ozone.MiniOzoneClusterImpl (MiniOzoneClusterImpl.java:lambda$waitForClusterToBeReady$0(142)) - Waiting for cluster to be ready. Got 0 of 1 DN Heartbeats.
2019-06-13 21:51:18,654 INFO  util.JvmPauseMonitor (JvmPauseMonitor.java:run(188)) - Starting JVM pause monitor
2019-06-13 21:51:18,723 INFO  datanode.InitDatanodeState (InitDatanodeState.java:persistContainerDatanodeDetails(140)) - DatanodeDetails is persisted to /opt/src/hadoop-ozone/integration-test/target/test-dir/MiniOzoneClusterImpl-8578056e-9b7b-4e66-9e9f-ef53d5cd7c03/datanode-0/meta/datanode.id
2019-06-13 21:51:18,737 DEBUG block.SCMBlockDeletingService (SCMBlockDeletingService.java:call(138)) - Running DeletedBlockTransactionScanner
2019-06-13 21:51:18,737 DEBUG block.SCMBlockDeletingService (SCMBlockDeletingService.java:call(155)) - Scanned deleted blocks log and got 0 delTX to process.
2019-06-13 21:51:18,837 DEBUG block.SCMBlockDeletingService (SCMBlockDeletingService.java:call(138)) - Running DeletedBlockTransactionScanner
2019-06-13 21:51:18,838 DEBUG block.SCMBlockDeletingService (SCMBlockDeletingService.java:call(155)) - Scanned deleted blocks log and got 0 delTX to process.
2019-06-13 21:51:18,938 DEBUG block.SCMBlockDeletingService (SCMBlockDeletingService.java:call(138)) - Running DeletedBlockTransactionScanner
2019-06-13 21:51:18,938 DEBUG block.SCMBlockDeletingService (SCMBlockDeletingService.java:call(155)) - Scanned deleted blocks log and got 0 delTX to process.
2019-06-13 21:51:19,038 DEBUG block.SCMBlockDeletingService (SCMBlockDeletingService.java:call(138)) - Running DeletedBlockTransactionScanner
2019-06-13 21:51:19,039 DEBUG block.SCMBlockDeletingService (SCMBlockDeletingService.java:call(155)) - Scanned deleted blocks log and got 0 delTX to process.
2019-06-13 21:51:19,139 DEBUG block.SCMBlockDeletingService (SCMBlockDeletingService.java:call(138)) - Running DeletedBlockTransactionScanner
2019-06-13 21:51:19,139 DEBUG block.SCMBlockDeletingService (SCMBlockDeletingService.java:call(155)) - Scanned deleted blocks log and got 0 delTX to process.
2019-06-13 21:51:19,240 DEBUG block.SCMBlockDeletingService (SCMBlockDeletingService.java:call(138)) - Running DeletedBlockTransactionScanner
2019-06-13 21:51:19,240 DEBUG block.SCMBlockDeletingService (SCMBlockDeletingService.java:call(155)) - Scanned deleted blocks log and got 0 delTX to process.
2019-06-13 21:51:19,340 DEBUG block.SCMBlockDeletingService (SCMBlockDeletingService.java:call(138)) - Running DeletedBlockTransactionScanner
2019-06-13 21:51:19,340 DEBUG block.SCMBlockDeletingService (SCMBlockDeletingService.java:call(155)) - Scanned deleted blocks log and got 0 delTX to process.
2019-06-13 21:51:19,440 DEBUG block.SCMBlockDeletingService (SCMBlockDeletingService.java:call(138)) - Running DeletedBlockTransactionScanner
2019-06-13 21:51:19,441 DEBUG block.SCMBlockDeletingService (SCMBlockDeletingService.java:call(155)) - Scanned deleted blocks log and got 0 delTX to process.
2019-06-13 21:51:19,541 DEBUG block.SCMBlockDeletingService (SCMBlockDeletingService.java:call(138)) - Running DeletedBlockTransactionScanner
2019-06-13 21:51:19,541 DEBUG block.SCMBlockDeletingService (SCMBlockDeletingService.java:call(155)) - Scanned deleted blocks log and got 0 delTX to process.
2019-06-13 21:51:19,642 DEBUG block.SCMBlockDeletingService (SCMBlockDeletingService.java:call(138)) - Running DeletedBlockTransactionScanner
2019-06-13 21:51:19,642 DEBUG block.SCMBlockDeletingService (SCMBlockDeletingService.java:call(155)) - Scanned deleted blocks log and got 0 delTX to process.
2019-06-13 21:51:19,652 INFO  ozone.MiniOzoneClusterImpl (MiniOzoneClusterImpl.java:lambda$waitForClusterToBeReady$0(142)) - Waiting for cluster to be ready. Got 0 of 1 DN Heartbeats.
2019-06-13 21:51:19,742 DEBUG block.SCMBlockDeletingService (SCMBlockDeletingService.java:call(138)) - Running DeletedBlockTransactionScanner
2019-06-13 21:51:19,742 DEBUG block.SCMBlockDeletingService (SCMBlockDeletingService.java:call(155)) - Scanned deleted blocks log and got 0 delTX to process.
2019-06-13 21:51:19,843 DEBUG block.SCMBlockDeletingService (SCMBlockDeletingService.java:call(138)) - Running DeletedBlockTransactionScanner
2019-06-13 21:51:19,843 DEBUG block.SCMBlockDeletingService (SCMBlockDeletingService.java:call(155)) - Scanned deleted blocks log and got 0 delTX to process.
2019-06-13 21:51:19,943 DEBUG block.SCMBlockDeletingService (SCMBlockDeletingService.java:call(138)) - Running DeletedBlockTransactionScanner
2019-06-13 21:51:19,944 DEBUG block.SCMBlockDeletingService (SCMBlockDeletingService.java:call(155)) - Scanned deleted blocks log and got 0 delTX to process.
2019-06-13 21:51:20,044 DEBUG block.SCMBlockDeletingService (SCMBlockDeletingService.java:call(138)) - Running DeletedBlockTransactionScanner
2019-06-13 21:51:20,044 DEBUG block.SCMBlockDeletingService (SCMBlockDeletingService.java:call(155)) - Scanned deleted blocks log and got 0 delTX to process.
2019-06-13 21:51:20,145 DEBUG block.SCMBlockDeletingService (SCMBlockDeletingService.java:call(138)) - Running DeletedBlockTransactionScanner
2019-06-13 21:51:20,145 DEBUG block.SCMBlockDeletingService (SCMBlockDeletingService.java:call(155)) - Scanned deleted blocks log and got 0 delTX to process.
2019-06-13 21:51:20,245 DEBUG block.SCMBlockDeletingService (SCMBlockDeletingService.java:call(138)) - Running DeletedBlockTransactionScanner
2019-06-13 21:51:20,246 DEBUG block.SCMBlockDeletingService (SCMBlockDeletingService.java:call(155)) - Scanned deleted blocks log and got 0 delTX to process.
2019-06-13 21:51:20,346 DEBUG block.SCMBlockDeletingService (SCMBlockDeletingService.java:call(138)) - Running DeletedBlockTransactionScanner
2019-06-13 21:51:20,346 DEBUG block.SCMBlockDeletingService (SCMBlockDeletingService.java:call(155)) - Scanned deleted blocks log and got 0 delTX to process.
2019-06-13 21:51:20,446 DEBUG block.SCMBlockDeletingService (SCMBlockDeletingService.java:call(138)) - Running DeletedBlockTransactionScanner
2019-06-13 21:51:20,447 DEBUG block.SCMBlockDeletingService (SCMBlockDeletingService.java:call(155)) - Scanned deleted blocks log and got 0 delTX to process.
2019-06-13 21:51:20,547 DEBUG block.SCMBlockDeletingService (SCMBlockDeletingService.java:call(138)) - Running DeletedBlockTransactionScanner
2019-06-13 21:51:20,547 DEBUG block.SCMBlockDeletingService (SCMBlockDeletingService.java:call(155)) - Scanned deleted blocks log and got 0 delTX to process.
2019-06-13 21:51:20,647 DEBUG block.SCMBlockDeletingService (SCMBlockDeletingService.java:call(138)) - Running DeletedBlockTransactionScanner
2019-06-13 21:51:20,648 DEBUG block.SCMBlockDeletingService (SCMBlockDeletingService.java:call(155)) - Scanned deleted blocks log and got 0 delTX to process.
2019-06-13 21:51:20,652 INFO  ozone.MiniOzoneClusterImpl (MiniOzoneClusterImpl.java:lambda$waitForClusterToBeReady$0(142)) - Waiting for cluster to be ready. Got 0 of 1 DN Heartbeats.
2019-06-13 21:51:20,674 INFO  ozoneimpl.OzoneContainer (OzoneContainer.java:start(186)) - Attempting to start container services.
2019-06-13 21:51:20,675 INFO  ozoneimpl.OzoneContainer (OzoneContainer.java:startContainerScrub(160)) - Background container scrubber has been disabled by hdds.containerscrub.enabled
2019-06-13 21:51:20,675 INFO  ratis.XceiverServerRatis (XceiverServerRatis.java:start(418)) - Starting XceiverServerRatis 2573df58-4087-4dd0-8598-5abddcc696b9 at port 35061
2019-06-13 21:51:20,687 INFO  impl.RaftServerProxy (RaftServerProxy.java:lambda$start$3(299)) - 2573df58-4087-4dd0-8598-5abddcc696b9: start RPC server
2019-06-13 21:51:20,748 DEBUG block.SCMBlockDeletingService (SCMBlockDeletingService.java:call(138)) - Running DeletedBlockTransactionScanner
2019-06-13 21:51:20,748 DEBUG block.SCMBlockDeletingService (SCMBlockDeletingService.java:call(155)) - Scanned deleted blocks log and got 0 delTX to process.
2019-06-13 21:51:20,800 INFO  server.GrpcService (GrpcService.java:startImpl(148)) - 2573df58-4087-4dd0-8598-5abddcc696b9: GrpcService started, listening on 0.0.0.0/0.0.0.0:35061
2019-06-13 21:51:20,849 DEBUG block.SCMBlockDeletingService (SCMBlockDeletingService.java:call(138)) - Running DeletedBlockTransactionScanner
2019-06-13 21:51:20,849 DEBUG block.SCMBlockDeletingService (SCMBlockDeletingService.java:call(155)) - Scanned deleted blocks log and got 0 delTX to process.
2019-06-13 21:51:20,949 DEBUG block.SCMBlockDeletingService (SCMBlockDeletingService.java:call(138)) - Running DeletedBlockTransactionScanner
2019-06-13 21:51:20,950 DEBUG block.SCMBlockDeletingService (SCMBlockDeletingService.java:call(155)) - Scanned deleted blocks log and got 0 delTX to process.
2019-06-13 21:51:21,050 DEBUG block.SCMBlockDeletingService (SCMBlockDeletingService.java:call(138)) - Running DeletedBlockTransactionScanner
2019-06-13 21:51:21,050 DEBUG block.SCMBlockDeletingService (SCMBlockDeletingService.java:call(155)) - Scanned deleted blocks log and got 0 delTX to process.
2019-06-13 21:51:21,150 DEBUG block.SCMBlockDeletingService (SCMBlockDeletingService.java:call(138)) - Running DeletedBlockTransactionScanner
2019-06-13 21:51:21,151 DEBUG block.SCMBlockDeletingService (SCMBlockDeletingService.java:call(155)) - Scanned deleted blocks log and got 0 delTX to process.
2019-06-13 21:51:21,251 DEBUG block.SCMBlockDeletingService (SCMBlockDeletingService.java:call(138)) - Running DeletedBlockTransactionScanner
2019-06-13 21:51:21,251 DEBUG block.SCMBlockDeletingService (SCMBlockDeletingService.java:call(155)) - Scanned deleted blocks log and got 0 delTX to process.
2019-06-13 21:51:21,352 DEBUG block.SCMBlockDeletingService (SCMBlockDeletingService.java:call(138)) - Running DeletedBlockTransactionScanner
2019-06-13 21:51:21,352 DEBUG block.SCMBlockDeletingService (SCMBlockDeletingService.java:call(155)) - Scanned deleted blocks log and got 0 delTX to process.
2019-06-13 21:51:21,452 DEBUG block.SCMBlockDeletingService (SCMBlockDeletingService.java:call(138)) - Running DeletedBlockTransactionScanner
2019-06-13 21:51:21,452 DEBUG block.SCMBlockDeletingService (SCMBlockDeletingService.java:call(155)) - Scanned deleted blocks log and got 0 delTX to process.
2019-06-13 21:51:21,553 DEBUG block.SCMBlockDeletingService (SCMBlockDeletingService.java:call(138)) - Running DeletedBlockTransactionScanner
2019-06-13 21:51:21,553 DEBUG block.SCMBlockDeletingService (SCMBlockDeletingService.java:call(155)) - Scanned deleted blocks log and got 0 delTX to process.
2019-06-13 21:51:21,653 INFO  ozone.MiniOzoneClusterImpl (MiniOzoneClusterImpl.java:lambda$waitForClusterToBeReady$0(142)) - Waiting for cluster to be ready. Got 0 of 1 DN Heartbeats.
2019-06-13 21:51:21,653 DEBUG block.SCMBlockDeletingService (SCMBlockDeletingService.java:call(138)) - Running DeletedBlockTransactionScanner
2019-06-13 21:51:21,654 DEBUG block.SCMBlockDeletingService (SCMBlockDeletingService.java:call(155)) - Scanned deleted blocks log and got 0 delTX to process.
2019-06-13 21:51:21,754 DEBUG block.SCMBlockDeletingService (SCMBlockDeletingService.java:call(138)) - Running DeletedBlockTransactionScanner
2019-06-13 21:51:21,754 DEBUG block.SCMBlockDeletingService (SCMBlockDeletingService.java:call(155)) - Scanned deleted blocks log and got 0 delTX to process.
2019-06-13 21:51:21,854 DEBUG block.SCMBlockDeletingService (SCMBlockDeletingService.java:call(138)) - Running DeletedBlockTransactionScanner
2019-06-13 21:51:21,855 DEBUG block.SCMBlockDeletingService (SCMBlockDeletingService.java:call(155)) - Scanned deleted blocks log and got 0 delTX to process.
2019-06-13 21:51:21,955 DEBUG block.SCMBlockDeletingService (SCMBlockDeletingService.java:call(138)) - Running DeletedBlockTransactionScanner
2019-06-13 21:51:21,955 DEBUG block.SCMBlockDeletingService (SCMBlockDeletingService.java:call(155)) - Scanned deleted blocks log and got 0 delTX to process.
2019-06-13 21:51:22,056 DEBUG block.SCMBlockDeletingService (SCMBlockDeletingService.java:call(138)) - Running DeletedBlockTransactionScanner
2019-06-13 21:51:22,056 DEBUG block.SCMBlockDeletingService (SCMBlockDeletingService.java:call(155)) - Scanned deleted blocks log and got 0 delTX to process.
2019-06-13 21:51:22,156 DEBUG block.SCMBlockDeletingService (SCMBlockDeletingService.java:call(138)) - Running DeletedBlockTransactionScanner
2019-06-13 21:51:22,156 DEBUG block.SCMBlockDeletingService (SCMBlockDeletingService.java:call(155)) - Scanned deleted blocks log and got 0 delTX to process.
2019-06-13 21:51:22,257 DEBUG block.SCMBlockDeletingService (SCMBlockDeletingService.java:call(138)) - Running DeletedBlockTransactionScanner
2019-06-13 21:51:22,257 DEBUG block.SCMBlockDeletingService (SCMBlockDeletingService.java:call(155)) - Scanned deleted blocks log and got 0 delTX to process.
2019-06-13 21:51:22,357 DEBUG block.SCMBlockDeletingService (SCMBlockDeletingService.java:call(138)) - Running DeletedBlockTransactionScanner
2019-06-13 21:51:22,358 DEBUG block.SCMBlockDeletingService (SCMBlockDeletingService.java:call(155)) - Scanned deleted blocks log and got 0 delTX to process.
2019-06-13 21:51:22,458 DEBUG block.SCMBlockDeletingService (SCMBlockDeletingService.java:call(138)) - Running DeletedBlockTransactionScanner
2019-06-13 21:51:22,458 DEBUG block.SCMBlockDeletingService (SCMBlockDeletingService.java:call(155)) - Scanned deleted blocks log and got 0 delTX to process.
2019-06-13 21:51:22,558 DEBUG block.SCMBlockDeletingService (SCMBlockDeletingService.java:call(138)) - Running DeletedBlockTransactionScanner
2019-06-13 21:51:22,559 DEBUG block.SCMBlockDeletingService (SCMBlockDeletingService.java:call(155)) - Scanned deleted blocks log and got 0 delTX to process.
2019-06-13 21:51:22,653 INFO  ozone.MiniOzoneClusterImpl (MiniOzoneClusterImpl.java:lambda$waitForClusterToBeReady$0(142)) - Waiting for cluster to be ready. Got 0 of 1 DN Heartbeats.
2019-06-13 21:51:22,659 DEBUG block.SCMBlockDeletingService (SCMBlockDeletingService.java:call(138)) - Running DeletedBlockTransactionScanner
2019-06-13 21:51:22,659 DEBUG block.SCMBlockDeletingService (SCMBlockDeletingService.java:call(155)) - Scanned deleted blocks log and got 0 delTX to process.
2019-06-13 21:51:22,674 INFO  node.SCMNodeManager (SCMNodeManager.java:register(234)) - Registered Data node : 2573df58-4087-4dd0-8598-5abddcc696b9{ip: 192.168.11.218, host: ozone-d4wqq-1121427898, networkLocation: /default-rack, certSerialId: null}
2019-06-13 21:51:22,677 INFO  safemode.SCMSafeModeManager (DataNodeSafeModeRule.java:process(71)) - SCM in safe mode. 1 DataNodes registered, 1 required.
2019-06-13 21:51:22,677 INFO  safemode.SCMSafeModeManager (SCMSafeModeManager.java:validateSafeModeExitRules(177)) - ScmSafeModeManager, all rules are successfully validated
2019-06-13 21:51:22,677 INFO  safemode.SCMSafeModeManager (SCMSafeModeManager.java:exitSafeMode(193)) - SCM exiting safe mode.
2019-06-13 21:51:22,759 DEBUG block.SCMBlockDeletingService (SCMBlockDeletingService.java:call(138)) - Running DeletedBlockTransactionScanner
2019-06-13 21:51:22,760 DEBUG block.SCMBlockDeletingService (SCMBlockDeletingService.java:call(155)) - Scanned deleted blocks log and got 0 delTX to process.
2019-06-13 21:51:22,860 DEBUG block.SCMBlockDeletingService (SCMBlockDeletingService.java:call(138)) - Running DeletedBlockTransactionScanner
2019-06-13 21:51:22,860 DEBUG block.SCMBlockDeletingService (SCMBlockDeletingService.java:call(155)) - Scanned deleted blocks log and got 0 delTX to process.
2019-06-13 21:51:22,960 DEBUG block.SCMBlockDeletingService (SCMBlockDeletingService.java:call(138)) - Running DeletedBlockTransactionScanner
2019-06-13 21:51:22,961 DEBUG block.SCMBlockDeletingService (SCMBlockDeletingService.java:call(155)) - Scanned deleted blocks log and got 0 delTX to process.
2019-06-13 21:51:23,008 INFO  impl.RaftServerProxy (RaftServerProxy.java:addNew(89)) - 2573df58-4087-4dd0-8598-5abddcc696b9: addNew group-CE3C0447B19C:[2573df58-4087-4dd0-8598-5abddcc696b9:192.168.11.218:35061] returns group-CE3C0447B19C:java.util.concurrent.CompletableFuture@2bf0cf18[Not completed]
2019-06-13 21:51:23,015 INFO  impl.RaftServerImpl (RaftServerImpl.java:<init>(91)) - 2573df58-4087-4dd0-8598-5abddcc696b9: new RaftServerImpl for group-CE3C0447B19C:[2573df58-4087-4dd0-8598-5abddcc696b9:192.168.11.218:35061] with ContainerStateMachine:uninitialized
2019-06-13 21:51:23,016 INFO  server.RaftServerConfigKeys (ConfUtils.java:logGet(43)) - raft.server.rpc.timeout.min = 1s (custom)
2019-06-13 21:51:23,016 INFO  server.RaftServerConfigKeys (ConfUtils.java:logGet(43)) - raft.server.rpc.timeout.max = 1200ms (custom)
2019-06-13 21:51:23,016 INFO  server.RaftServerConfigKeys (ConfUtils.java:logGet(43)) - raft.server.rpcslowness.timeout = 120s (custom)
2019-06-13 21:51:23,017 INFO  server.RaftServerConfigKeys (ConfUtils.java:logGet(43)) - raft.server.log.appender.install.snapshot.enabled = true (default)
2019-06-13 21:51:23,024 INFO  impl.RaftServerImpl (ServerState.java:<init>(101)) - 2573df58-4087-4dd0-8598-5abddcc696b9:group-CE3C0447B19C ConfigurationManager, init=-1: [2573df58-4087-4dd0-8598-5abddcc696b9:192.168.11.218:35061], old=null, confs=<EMPTY_MAP>
2019-06-13 21:51:23,024 INFO  server.RaftServerConfigKeys (ConfUtils.java:logGet(43)) - raft.server.storage.dir = [/opt/src/hadoop-ozone/integration-test/target/test-dir/MiniOzoneClusterImpl-8578056e-9b7b-4e66-9e9f-ef53d5cd7c03/datanode-0/data/ratis] (custom)
2019-06-13 21:51:23,030 INFO  storage.RaftStorageDirectory (RaftStorageDirectory.java:analyzeStorage(246)) - The storage directory /opt/src/hadoop-ozone/integration-test/target/test-dir/MiniOzoneClusterImpl-8578056e-9b7b-4e66-9e9f-ef53d5cd7c03/datanode-0/data/ratis/7f5c2536-ed89-4233-9ec0-ce3c0447b19c does not exist. Creating ...
2019-06-13 21:51:23,036 INFO  storage.RaftStorageDirectory (RaftStorageDirectory.java:tryLock(328)) - Lock on /opt/src/hadoop-ozone/integration-test/target/test-dir/MiniOzoneClusterImpl-8578056e-9b7b-4e66-9e9f-ef53d5cd7c03/datanode-0/data/ratis/7f5c2536-ed89-4233-9ec0-ce3c0447b19c/in_use.lock acquired by nodename 30252@ozone-d4wqq-1121427898
2019-06-13 21:51:23,039 INFO  storage.RaftStorage (RaftStorage.java:format(75)) - Storage directory /opt/src/hadoop-ozone/integration-test/target/test-dir/MiniOzoneClusterImpl-8578056e-9b7b-4e66-9e9f-ef53d5cd7c03/datanode-0/data/ratis/7f5c2536-ed89-4233-9ec0-ce3c0447b19c has been successfully formatted.
2019-06-13 21:51:23,041 INFO  ratis.ContainerStateMachine (ContainerStateMachine.java:loadSnapshot(199)) - The snapshot info is null.Setting the last applied index to:(t:0, i:~)
2019-06-13 21:51:23,041 INFO  server.RaftServerConfigKeys (ConfUtils.java:logGet(43)) - raft.server.leader.election.timeout = 120s (custom)
2019-06-13 21:51:23,042 INFO  server.RaftServerConfigKeys (ConfUtils.java:logGet(43)) - raft.server.log.use.memory = false (default)
2019-06-13 21:51:23,045 INFO  server.RaftServerConfigKeys (ConfUtils.java:logGet(43)) - raft.server.log.appender.buffer.byte-limit = 33554432 (custom)
2019-06-13 21:51:23,047 INFO  server.RaftServerConfigKeys (ConfUtils.java:logGet(43)) - raft.server.log.segment.size.max = 16384 (custom)
2019-06-13 21:51:23,050 INFO  server.RaftServerConfigKeys (ConfUtils.java:logGet(43)) - raft.server.log.segment.cache.num.max = 2 (custom)
2019-06-13 21:51:23,052 INFO  storage.RaftLogWorker (RaftLogWorker.java:<init>(123)) - new 2573df58-4087-4dd0-8598-5abddcc696b9-RaftLogWorker for Storage Directory /opt/src/hadoop-ozone/integration-test/target/test-dir/MiniOzoneClusterImpl-8578056e-9b7b-4e66-9e9f-ef53d5cd7c03/datanode-0/data/ratis/7f5c2536-ed89-4233-9ec0-ce3c0447b19c
2019-06-13 21:51:23,053 INFO  server.RaftServerConfigKeys (ConfUtils.java:logGet(43)) - raft.server.log.queue.byte-limit = 2147483647 (custom)
2019-06-13 21:51:23,053 INFO  server.RaftServerConfigKeys (ConfUtils.java:logGet(43)) - raft.server.log.queue.element-limit = 1024 (custom)
2019-06-13 21:51:23,055 INFO  server.RaftServerConfigKeys (ConfUtils.java:logGet(43)) - raft.server.log.segment.size.max = 16384 (custom)
2019-06-13 21:51:23,055 INFO  server.RaftServerConfigKeys (ConfUtils.java:logGet(43)) - raft.server.log.preallocated.size = 16384 (custom)
2019-06-13 21:51:23,055 INFO  server.RaftServerConfigKeys (ConfUtils.java:logGet(43)) - raft.server.log.write.buffer.size = 33554432 (custom)
2019-06-13 21:51:23,056 INFO  server.RaftServerConfigKeys (ConfUtils.java:logGet(43)) - raft.server.log.force.sync.num = 128 (default)
2019-06-13 21:51:23,056 INFO  server.RaftServerConfigKeys (ConfUtils.java:logGet(43)) - raft.server.log.statemachine.data.sync = true (default)
2019-06-13 21:51:23,056 INFO  server.RaftServerConfigKeys (ConfUtils.java:logGet(43)) - raft.server.log.statemachine.data.sync.timeout = 10s (default)
2019-06-13 21:51:23,057 INFO  server.RaftServerConfigKeys (ConfUtils.java:logGet(43)) - raft.server.log.statemachine.data.sync.timeout.retry = -1 (default)
2019-06-13 21:51:23,059 INFO  server.RaftServerConfigKeys (ConfUtils.java:logGet(43)) - raft.server.log.statemachine.data.caching.enabled = true (custom)
2019-06-13 21:51:23,061 DEBUG block.SCMBlockDeletingService (SCMBlockDeletingService.java:call(138)) - Running DeletedBlockTransactionScanner
2019-06-13 21:51:23,061 DEBUG block.SCMBlockDeletingService (SCMBlockDeletingService.java:call(155)) - Scanned deleted blocks log and got 0 delTX to process.
2019-06-13 21:51:23,063 INFO  server.RaftServerConfigKeys (ConfUtils.java:logGet(43)) - raft.server.snapshot.auto.trigger.enabled = true (custom)
2019-06-13 21:51:23,064 INFO  server.RaftServerConfigKeys (ConfUtils.java:logGet(43)) - raft.server.snapshot.auto.trigger.threshold = 10000 (custom)
2019-06-13 21:51:23,065 INFO  server.RaftServerConfigKeys (ConfUtils.java:logGet(43)) - raft.server.retrycache.expirytime = 600000ms (custom)
2019-06-13 21:51:23,162 DEBUG block.SCMBlockDeletingService (SCMBlockDeletingService.java:call(138)) - Running DeletedBlockTransactionScanner
2019-06-13 21:51:23,162 DEBUG block.SCMBlockDeletingService (SCMBlockDeletingService.java:call(155)) - Scanned deleted blocks log and got 0 delTX to process.
2019-06-13 21:51:23,165 INFO  impl.RaftServerImpl (RaftServerImpl.java:start(173)) - 2573df58-4087-4dd0-8598-5abddcc696b9: start group-CE3C0447B19C
2019-06-13 21:51:23,166 INFO  impl.RaftServerImpl (RaftServerImpl.java:setRole(164)) - 2573df58-4087-4dd0-8598-5abddcc696b9:group-CE3C0447B19C changes role from null to FOLLOWER at term 0 for startAsFollower
2019-06-13 21:51:23,167 INFO  impl.RoleInfo (RoleInfo.java:updateAndGet(143)) - 2573df58-4087-4dd0-8598-5abddcc696b9: start FollowerState
2019-06-13 21:51:23,168 INFO  util.JmxRegister (JmxRegister.java:tryRegister(44)) - Successfully registered JMX Bean with object name Ratis:service=RaftServer,group=group-CE3C0447B19C,id=2573df58-4087-4dd0-8598-5abddcc696b9
2019-06-13 21:51:23,205 INFO  pipeline.PipelineStateManager (PipelineStateManager.java:addPipeline(56)) - Created pipeline Pipeline[ Id: 7f5c2536-ed89-4233-9ec0-ce3c0447b19c, Nodes: 2573df58-4087-4dd0-8598-5abddcc696b9{ip: 192.168.11.218, host: ozone-d4wqq-1121427898, networkLocation: /default-rack, certSerialId: null}, Type:RATIS, Factor:ONE, State:OPEN]
2019-06-13 21:51:23,262 DEBUG block.SCMBlockDeletingService (SCMBlockDeletingService.java:call(138)) - Running DeletedBlockTransactionScanner
2019-06-13 21:51:23,263 DEBUG block.SCMBlockDeletingService (SCMBlockDeletingService.java:call(155)) - Scanned deleted blocks log and got 0 delTX to process.
2019-06-13 21:51:23,363 DEBUG block.SCMBlockDeletingService (SCMBlockDeletingService.java:call(138)) - Running DeletedBlockTransactionScanner
2019-06-13 21:51:23,363 DEBUG block.SCMBlockDeletingService (SCMBlockDeletingService.java:call(155)) - Scanned deleted blocks log and got 0 delTX to process.
2019-06-13 21:51:23,463 DEBUG block.SCMBlockDeletingService (SCMBlockDeletingService.java:call(138)) - Running DeletedBlockTransactionScanner
2019-06-13 21:51:23,463 DEBUG block.SCMBlockDeletingService (SCMBlockDeletingService.java:call(155)) - Scanned deleted blocks log and got 0 delTX to process.
2019-06-13 21:51:23,564 DEBUG block.SCMBlockDeletingService (SCMBlockDeletingService.java:call(138)) - Running DeletedBlockTransactionScanner
2019-06-13 21:51:23,564 DEBUG block.SCMBlockDeletingService (SCMBlockDeletingService.java:call(155)) - Scanned deleted blocks log and got 0 delTX to process.
2019-06-13 21:51:23,653 INFO  ozone.MiniOzoneClusterImpl (MiniOzoneClusterImpl.java:lambda$waitForClusterToBeReady$0(142)) - Cluster is ready. Got 1 of 1 DN Heartbeats.
2019-06-13 21:51:23,664 DEBUG block.SCMBlockDeletingService (SCMBlockDeletingService.java:call(138)) - Running DeletedBlockTransactionScanner
2019-06-13 21:51:23,664 DEBUG block.SCMBlockDeletingService (SCMBlockDeletingService.java:call(155)) - Scanned deleted blocks log and got 0 delTX to process.
2019-06-13 21:51:23,765 DEBUG block.SCMBlockDeletingService (SCMBlockDeletingService.java:call(138)) - Running DeletedBlockTransactionScanner
2019-06-13 21:51:23,765 DEBUG block.SCMBlockDeletingService (SCMBlockDeletingService.java:call(155)) - Scanned deleted blocks log and got 0 delTX to process.
2019-06-13 21:51:23,865 DEBUG block.SCMBlockDeletingService (SCMBlockDeletingService.java:call(138)) - Running DeletedBlockTransactionScanner
2019-06-13 21:51:23,866 DEBUG block.SCMBlockDeletingService (SCMBlockDeletingService.java:call(155)) - Scanned deleted blocks log and got 0 delTX to process.
2019-06-13 21:51:23,966 DEBUG block.SCMBlockDeletingService (SCMBlockDeletingService.java:call(138)) - Running DeletedBlockTransactionScanner
2019-06-13 21:51:23,966 DEBUG block.SCMBlockDeletingService (SCMBlockDeletingService.java:call(155)) - Scanned deleted blocks log and got 0 delTX to process.
2019-06-13 21:51:24,066 DEBUG block.SCMBlockDeletingService (SCMBlockDeletingService.java:call(138)) - Running DeletedBlockTransactionScanner
2019-06-13 21:51:24,067 DEBUG block.SCMBlockDeletingService (SCMBlockDeletingService.java:call(155)) - Scanned deleted blocks log and got 0 delTX to process.
2019-06-13 21:51:24,167 DEBUG block.SCMBlockDeletingService (SCMBlockDeletingService.java:call(138)) - Running DeletedBlockTransactionScanner
2019-06-13 21:51:24,167 DEBUG block.SCMBlockDeletingService (SCMBlockDeletingService.java:call(155)) - Scanned deleted blocks log and got 0 delTX to process.
2019-06-13 21:51:24,267 DEBUG block.SCMBlockDeletingService (SCMBlockDeletingService.java:call(138)) - Running DeletedBlockTransactionScanner
2019-06-13 21:51:24,268 DEBUG block.SCMBlockDeletingService (SCMBlockDeletingService.java:call(155)) - Scanned deleted blocks log and got 0 delTX to process.
2019-06-13 21:51:24,297 INFO  impl.FollowerState (FollowerState.java:run(101)) - 2573df58-4087-4dd0-8598-5abddcc696b9:group-CE3C0447B19C changes to CANDIDATE, lastRpcTime:1130, electionTimeout:1130ms
2019-06-13 21:51:24,297 INFO  impl.RoleInfo (RoleInfo.java:shutdownFollowerState(121)) - 2573df58-4087-4dd0-8598-5abddcc696b9: shutdown FollowerState
2019-06-13 21:51:24,298 INFO  impl.RaftServerImpl (RaftServerImpl.java:setRole(164)) - 2573df58-4087-4dd0-8598-5abddcc696b9:group-CE3C0447B19C changes role from FOLLOWER to CANDIDATE at term 0 for changeToCandidate
2019-06-13 21:51:24,301 INFO  impl.RoleInfo (RoleInfo.java:updateAndGet(143)) - 2573df58-4087-4dd0-8598-5abddcc696b9: start LeaderElection
2019-06-13 21:51:24,305 INFO  impl.LeaderElection (LeaderElection.java:askForVotes(181)) - 2573df58-4087-4dd0-8598-5abddcc696b9:group-CE3C0447B19C:LeaderElection1: begin an election at term 1 for -1: [2573df58-4087-4dd0-8598-5abddcc696b9:192.168.11.218:35061], old=null
2019-06-13 21:51:24,306 INFO  impl.RoleInfo (RoleInfo.java:shutdownLeaderElection(134)) - 2573df58-4087-4dd0-8598-5abddcc696b9: shutdown LeaderElection
2019-06-13 21:51:24,306 INFO  impl.RaftServerImpl (RaftServerImpl.java:setRole(164)) - 2573df58-4087-4dd0-8598-5abddcc696b9:group-CE3C0447B19C changes role from CANDIDATE to LEADER at term 1 for changeToLeader
2019-06-13 21:51:24,306 INFO  impl.RaftServerImpl (ServerState.java:setLeader(263)) - 2573df58-4087-4dd0-8598-5abddcc696b9:group-CE3C0447B19C change Leader from null to 2573df58-4087-4dd0-8598-5abddcc696b9 at term 1 for becomeLeader, leader elected after 1265ms
2019-06-13 21:51:24,311 INFO  server.RaftServerConfigKeys (ConfUtils.java:logGet(43)) - raft.server.staging.catchup.gap = 1000 (default)
2019-06-13 21:51:24,311 INFO  server.RaftServerConfigKeys (ConfUtils.java:logGet(43)) - raft.server.rpc.sleep.time = 25ms (default)
2019-06-13 21:51:24,313 INFO  server.RaftServerConfigKeys (ConfUtils.java:logGet(43)) - raft.server.watch.timeout = 10s (default)
2019-06-13 21:51:24,313 INFO  server.RaftServerConfigKeys (ConfUtils.java:logGet(43)) - raft.server.watch.timeout.denomination = 1s (default)
2019-06-13 21:51:24,320 INFO  impl.RoleInfo (RoleInfo.java:updateAndGet(143)) - 2573df58-4087-4dd0-8598-5abddcc696b9: start LeaderState
2019-06-13 21:51:24,333 INFO  storage.RaftLogWorker (RaftLogWorker.java:startLogSegment(298)) - 2573df58-4087-4dd0-8598-5abddcc696b9-RaftLogWorker: Starting segment from index:0
2019-06-13 21:51:24,348 INFO  impl.RaftServerImpl (ServerState.java:setRaftConf(361)) - 2573df58-4087-4dd0-8598-5abddcc696b9:group-CE3C0447B19C set configuration 0: [2573df58-4087-4dd0-8598-5abddcc696b9:192.168.11.218:35061], old=null at 0
2019-06-13 21:51:24,368 DEBUG block.SCMBlockDeletingService (SCMBlockDeletingService.java:call(138)) - Running DeletedBlockTransactionScanner
2019-06-13 21:51:24,368 DEBUG block.SCMBlockDeletingService (SCMBlockDeletingService.java:call(155)) - Scanned deleted blocks log and got 0 delTX to process.
2019-06-13 21:51:24,468 DEBUG block.SCMBlockDeletingService (SCMBlockDeletingService.java:call(138)) - Running DeletedBlockTransactionScanner
2019-06-13 21:51:24,469 DEBUG block.SCMBlockDeletingService (SCMBlockDeletingService.java:call(155)) - Scanned deleted blocks log and got 0 delTX to process.
2019-06-13 21:51:24,471 INFO  storage.RaftLogWorker (RaftLogWorker.java:execute(469)) - 2573df58-4087-4dd0-8598-5abddcc696b9-RaftLogWorker: created new log segment /opt/src/hadoop-ozone/integration-test/target/test-dir/MiniOzoneClusterImpl-8578056e-9b7b-4e66-9e9f-ef53d5cd7c03/datanode-0/data/ratis/7f5c2536-ed89-4233-9ec0-ce3c0447b19c/current/log_inprogress_0
2019-06-13 21:51:24,569 DEBUG block.SCMBlockDeletingService (SCMBlockDeletingService.java:call(138)) - Running DeletedBlockTransactionScanner
2019-06-13 21:51:24,569 DEBUG block.SCMBlockDeletingService (SCMBlockDeletingService.java:call(155)) - Scanned deleted blocks log and got 0 delTX to process.
2019-06-13 21:51:24,673 DEBUG block.SCMBlockDeletingService (SCMBlockDeletingService.java:call(138)) - Running DeletedBlockTransactionScanner
2019-06-13 21:51:24,674 DEBUG block.SCMBlockDeletingService (SCMBlockDeletingService.java:call(155)) - Scanned deleted blocks log and got 0 delTX to process.
2019-06-13 21:51:24,775 DEBUG block.SCMBlockDeletingService (SCMBlockDeletingService.java:call(138)) - Running DeletedBlockTransactionScanner
2019-06-13 21:51:24,775 DEBUG block.SCMBlockDeletingService (SCMBlockDeletingService.java:call(155)) - Scanned deleted blocks log and got 0 delTX to process.
2019-06-13 21:51:24,875 DEBUG block.SCMBlockDeletingService (SCMBlockDeletingService.java:call(138)) - Running DeletedBlockTransactionScanner
2019-06-13 21:51:24,876 DEBUG block.SCMBlockDeletingService (SCMBlockDeletingService.java:call(155)) - Scanned deleted blocks log and got 0 delTX to process.
2019-06-13 21:51:24,976 DEBUG block.SCMBlockDeletingService (SCMBlockDeletingService.java:call(138)) - Running DeletedBlockTransactionScanner
2019-06-13 21:51:24,976 DEBUG block.SCMBlockDeletingService (SCMBlockDeletingService.java:call(155)) - Scanned deleted blocks log and got 0 delTX to process.
2019-06-13 21:51:25,076 DEBUG block.SCMBlockDeletingService (SCMBlockDeletingService.java:call(138)) - Running DeletedBlockTransactionScanner
2019-06-13 21:51:25,077 DEBUG block.SCMBlockDeletingService (SCMBlockDeletingService.java:call(155)) - Scanned deleted blocks log and got 0 delTX to process.
2019-06-13 21:51:25,177 DEBUG block.SCMBlockDeletingService (SCMBlockDeletingService.java:call(138)) - Running DeletedBlockTransactionScanner
2019-06-13 21:51:25,177 DEBUG block.SCMBlockDeletingService (SCMBlockDeletingService.java:call(155)) - Scanned deleted blocks log and got 0 delTX to process.
2019-06-13 21:51:25,278 DEBUG block.SCMBlockDeletingService (SCMBlockDeletingService.java:call(138)) - Running DeletedBlockTransactionScanner
2019-06-13 21:51:25,278 DEBUG block.SCMBlockDeletingService (SCMBlockDeletingService.java:call(155)) - Scanned deleted blocks log and got 0 delTX to process.
2019-06-13 21:51:25,378 DEBUG block.SCMBlockDeletingService (SCMBlockDeletingService.java:call(138)) - Running DeletedBlockTransactionScanner
2019-06-13 21:51:25,378 DEBUG block.SCMBlockDeletingService (SCMBlockDeletingService.java:call(155)) - Scanned deleted blocks log and got 0 delTX to process.
2019-06-13 21:51:25,399 INFO  rpc.RpcClient (RpcClient.java:createVolume(289)) - Creating Volume: 4d6305d9-dafe-4329-b9f7-e87ba015c2ce, with root as owner.
2019-06-13 21:51:25,420 INFO  rpc.RpcClient (RpcClient.java:createBucket(426)) - Creating Bucket: 4d6305d9-dafe-4329-b9f7-e87ba015c2ce/38e2c06a-f210-4df5-9e6c-d526ed1da425, with Versioning false and Storage Type set to DISK and Encryption set to false 
2019-06-13 21:51:25,479 DEBUG block.SCMBlockDeletingService (SCMBlockDeletingService.java:call(138)) - Running DeletedBlockTransactionScanner
2019-06-13 21:51:25,479 DEBUG block.SCMBlockDeletingService (SCMBlockDeletingService.java:call(155)) - Scanned deleted blocks log and got 0 delTX to process.
2019-06-13 21:51:25,584 DEBUG block.SCMBlockDeletingService (SCMBlockDeletingService.java:call(138)) - Running DeletedBlockTransactionScanner
2019-06-13 21:51:25,584 DEBUG block.SCMBlockDeletingService (SCMBlockDeletingService.java:call(155)) - Scanned deleted blocks log and got 0 delTX to process.
2019-06-13 21:51:25,685 DEBUG block.SCMBlockDeletingService (SCMBlockDeletingService.java:call(138)) - Running DeletedBlockTransactionScanner
2019-06-13 21:51:25,685 DEBUG block.SCMBlockDeletingService (SCMBlockDeletingService.java:call(155)) - Scanned deleted blocks log and got 0 delTX to process.
2019-06-13 21:51:25,787 DEBUG block.SCMBlockDeletingService (SCMBlockDeletingService.java:call(138)) - Running DeletedBlockTransactionScanner
2019-06-13 21:51:25,787 DEBUG block.SCMBlockDeletingService (SCMBlockDeletingService.java:call(155)) - Scanned deleted blocks log and got 0 delTX to process.
2019-06-13 21:51:25,887 DEBUG block.SCMBlockDeletingService (SCMBlockDeletingService.java:call(138)) - Running DeletedBlockTransactionScanner
2019-06-13 21:51:25,891 DEBUG block.SCMBlockDeletingService (SCMBlockDeletingService.java:call(155)) - Scanned deleted blocks log and got 0 delTX to process.
2019-06-13 21:51:25,892 INFO  client.GrpcClientProtocolClient (GrpcClientProtocolClient.java:onNext(254)) - client-9C97446E6A25->2573df58-4087-4dd0-8598-5abddcc696b9: receive RaftClientReply:client-9C97446E6A25->2573df58-4087-4dd0-8598-5abddcc696b9@group-CE3C0447B19C, cid=1, SUCCESS, logIndex=1, commits[2573df58-4087-4dd0-8598-5abddcc696b9:c2]
2019-06-13 21:51:25,941 INFO  client.GrpcClientProtocolClient (GrpcClientProtocolClient.java:onNext(254)) - client-9C97446E6A25->2573df58-4087-4dd0-8598-5abddcc696b9: receive RaftClientReply:client-9C97446E6A25->2573df58-4087-4dd0-8598-5abddcc696b9@group-CE3C0447B19C, cid=2, SUCCESS, logIndex=3, commits[2573df58-4087-4dd0-8598-5abddcc696b9:c4]
2019-06-13 21:51:25,955 INFO  client.GrpcClientProtocolClient (GrpcClientProtocolClient.java:onNext(254)) - client-9C97446E6A25->2573df58-4087-4dd0-8598-5abddcc696b9: receive RaftClientReply:client-9C97446E6A25->2573df58-4087-4dd0-8598-5abddcc696b9@group-CE3C0447B19C, cid=3, SUCCESS, logIndex=5, commits[2573df58-4087-4dd0-8598-5abddcc696b9:c8]
2019-06-13 21:51:25,957 INFO  client.GrpcClientProtocolClient (GrpcClientProtocolClient.java:onNext(254)) - client-9C97446E6A25->2573df58-4087-4dd0-8598-5abddcc696b9: receive RaftClientReply:client-9C97446E6A25->2573df58-4087-4dd0-8598-5abddcc696b9@group-CE3C0447B19C, cid=4, SUCCESS, logIndex=6, commits[2573df58-4087-4dd0-8598-5abddcc696b9:c8]
2019-06-13 21:51:25,990 INFO  client.GrpcClientProtocolClient (GrpcClientProtocolClient.java:onNext(254)) - client-9C97446E6A25->2573df58-4087-4dd0-8598-5abddcc696b9: receive RaftClientReply:client-9C97446E6A25->2573df58-4087-4dd0-8598-5abddcc696b9@group-CE3C0447B19C, cid=5, SUCCESS, logIndex=9, commits[2573df58-4087-4dd0-8598-5abddcc696b9:c9]
2019-06-13 21:51:25,991 DEBUG block.SCMBlockDeletingService (SCMBlockDeletingService.java:call(138)) - Running DeletedBlockTransactionScanner
2019-06-13 21:51:25,991 DEBUG block.SCMBlockDeletingService (SCMBlockDeletingService.java:call(155)) - Scanned deleted blocks log and got 0 delTX to process.
2019-06-13 21:51:25,993 INFO  client.GrpcClientProtocolClient (GrpcClientProtocolClient.java:onNext(254)) - client-9C97446E6A25->2573df58-4087-4dd0-8598-5abddcc696b9: receive RaftClientReply:client-9C97446E6A25->2573df58-4087-4dd0-8598-5abddcc696b9@group-CE3C0447B19C, cid=6, SUCCESS, logIndex=11, commits[2573df58-4087-4dd0-8598-5abddcc696b9:c12]
2019-06-13 21:51:26,001 INFO  client.GrpcClientProtocolClient (GrpcClientProtocolClient.java:onNext(254)) - client-9C97446E6A25->2573df58-4087-4dd0-8598-5abddcc696b9: receive RaftClientReply:client-9C97446E6A25->2573df58-4087-4dd0-8598-5abddcc696b9@group-CE3C0447B19C, cid=7, SUCCESS, logIndex=13, commits[2573df58-4087-4dd0-8598-5abddcc696b9:c14]
2019-06-13 21:51:26,003 INFO  client.GrpcClientProtocolClient (GrpcClientProtocolClient.java:onNext(254)) - client-9C97446E6A25->2573df58-4087-4dd0-8598-5abddcc696b9: receive RaftClientReply:client-9C97446E6A25->2573df58-4087-4dd0-8598-5abddcc696b9@group-CE3C0447B19C, cid=8, SUCCESS, logIndex=14, commits[2573df58-4087-4dd0-8598-5abddcc696b9:c15]
2019-06-13 21:51:26,052 INFO  client.GrpcClientProtocolClient (GrpcClientProtocolClient.java:onNext(254)) - client-9C97446E6A25->2573df58-4087-4dd0-8598-5abddcc696b9: receive RaftClientReply:client-9C97446E6A25->2573df58-4087-4dd0-8598-5abddcc696b9@group-CE3C0447B19C, cid=9, SUCCESS, logIndex=16, commits[2573df58-4087-4dd0-8598-5abddcc696b9:c17]
2019-06-13 21:51:26,077 INFO  client.GrpcClientProtocolClient (GrpcClientProtocolClient.java:onNext(254)) - client-9C97446E6A25->2573df58-4087-4dd0-8598-5abddcc696b9: receive RaftClientReply:client-9C97446E6A25->2573df58-4087-4dd0-8598-5abddcc696b9@group-CE3C0447B19C, cid=10, SUCCESS, logIndex=18, commits[2573df58-4087-4dd0-8598-5abddcc696b9:c22]
2019-06-13 21:51:26,079 INFO  client.GrpcClientProtocolClient (GrpcClientProtocolClient.java:onNext(254)) - client-9C97446E6A25->2573df58-4087-4dd0-8598-5abddcc696b9: receive RaftClientReply:client-9C97446E6A25->2573df58-4087-4dd0-8598-5abddcc696b9@group-CE3C0447B19C, cid=11, SUCCESS, logIndex=20, commits[2573df58-4087-4dd0-8598-5abddcc696b9:c22]
2019-06-13 21:51:26,081 INFO  client.GrpcClientProtocolClient (GrpcClientProtocolClient.java:onNext(254)) - client-9C97446E6A25->2573df58-4087-4dd0-8598-5abddcc696b9: receive RaftClientReply:client-9C97446E6A25->2573df58-4087-4dd0-8598-5abddcc696b9@group-CE3C0447B19C, cid=12, SUCCESS, logIndex=21, commits[2573df58-4087-4dd0-8598-5abddcc696b9:c22]
2019-06-13 21:51:26,092 DEBUG block.SCMBlockDeletingService (SCMBlockDeletingService.java:call(138)) - Running DeletedBlockTransactionScanner
2019-06-13 21:51:26,092 DEBUG block.SCMBlockDeletingService (SCMBlockDeletingService.java:call(155)) - Scanned deleted blocks log and got 0 delTX to process.
2019-06-13 21:51:26,115 INFO  client.GrpcClientProtocolClient (GrpcClientProtocolClient.java:onNext(254)) - client-9C97446E6A25->2573df58-4087-4dd0-8598-5abddcc696b9: receive RaftClientReply:client-9C97446E6A25->2573df58-4087-4dd0-8598-5abddcc696b9@group-CE3C0447B19C, cid=13, SUCCESS, logIndex=23, commits[2573df58-4087-4dd0-8598-5abddcc696b9:c23]
2019-06-13 21:51:26,127 INFO  client.GrpcClientProtocolClient (GrpcClientProtocolClient.java:onNext(254)) - client-9C97446E6A25->2573df58-4087-4dd0-8598-5abddcc696b9: receive RaftClientReply:client-9C97446E6A25->2573df58-4087-4dd0-8598-5abddcc696b9@group-CE3C0447B19C, cid=14, SUCCESS, logIndex=25, commits[2573df58-4087-4dd0-8598-5abddcc696b9:c25]
2019-06-13 21:51:26,131 INFO  client.GrpcClientProtocolClient (GrpcClientProtocolClient.java:onNext(254)) - client-9C97446E6A25->2573df58-4087-4dd0-8598-5abddcc696b9: receive RaftClientReply:client-9C97446E6A25->2573df58-4087-4dd0-8598-5abddcc696b9@group-CE3C0447B19C, cid=15, SUCCESS, logIndex=27, commits[2573df58-4087-4dd0-8598-5abddcc696b9:c28]
2019-06-13 21:51:26,145 INFO  client.GrpcClientProtocolClient (GrpcClientProtocolClient.java:onNext(254)) - client-9C97446E6A25->2573df58-4087-4dd0-8598-5abddcc696b9: receive RaftClientReply:client-9C97446E6A25->2573df58-4087-4dd0-8598-5abddcc696b9@group-CE3C0447B19C, cid=16, SUCCESS, logIndex=28, commits[2573df58-4087-4dd0-8598-5abddcc696b9:c28]
2019-06-13 21:51:26,185 INFO  client.GrpcClientProtocolClient (GrpcClientProtocolClient.java:onNext(254)) - client-9C97446E6A25->2573df58-4087-4dd0-8598-5abddcc696b9: receive RaftClientReply:client-9C97446E6A25->2573df58-4087-4dd0-8598-5abddcc696b9@group-CE3C0447B19C, cid=17, SUCCESS, logIndex=30, commits[2573df58-4087-4dd0-8598-5abddcc696b9:c30]
2019-06-13 21:51:26,195 DEBUG block.SCMBlockDeletingService (SCMBlockDeletingService.java:call(138)) - Running DeletedBlockTransactionScanner
2019-06-13 21:51:26,195 DEBUG block.SCMBlockDeletingService (SCMBlockDeletingService.java:call(155)) - Scanned deleted blocks log and got 0 delTX to process.
2019-06-13 21:51:26,202 INFO  client.GrpcClientProtocolClient (GrpcClientProtocolClient.java:onNext(254)) - client-9C97446E6A25->2573df58-4087-4dd0-8598-5abddcc696b9: receive RaftClientReply:client-9C97446E6A25->2573df58-4087-4dd0-8598-5abddcc696b9@group-CE3C0447B19C, cid=18, SUCCESS, logIndex=32, commits[2573df58-4087-4dd0-8598-5abddcc696b9:c36]
2019-06-13 21:51:26,211 INFO  client.GrpcClientProtocolClient (GrpcClientProtocolClient.java:onNext(254)) - client-9C97446E6A25->2573df58-4087-4dd0-8598-5abddcc696b9: receive RaftClientReply:client-9C97446E6A25->2573df58-4087-4dd0-8598-5abddcc696b9@group-CE3C0447B19C, cid=19, SUCCESS, logIndex=33, commits[2573df58-4087-4dd0-8598-5abddcc696b9:c36]
2019-06-13 21:51:26,213 INFO  client.GrpcClientProtocolClient (GrpcClientProtocolClient.java:onNext(254)) - client-9C97446E6A25->2573df58-4087-4dd0-8598-5abddcc696b9: receive RaftClientReply:client-9C97446E6A25->2573df58-4087-4dd0-8598-5abddcc696b9@group-CE3C0447B19C, cid=20, SUCCESS, logIndex=35, commits[2573df58-4087-4dd0-8598-5abddcc696b9:c36]
2019-06-13 21:51:26,229 INFO  client.GrpcClientProtocolClient (GrpcClientProtocolClient.java:onNext(254)) - client-9C97446E6A25->2573df58-4087-4dd0-8598-5abddcc696b9: receive RaftClientReply:client-9C97446E6A25->2573df58-4087-4dd0-8598-5abddcc696b9@group-CE3C0447B19C, cid=21, SUCCESS, logIndex=37, commits[2573df58-4087-4dd0-8598-5abddcc696b9:c38]
2019-06-13 21:51:26,233 INFO  client.GrpcClientProtocolClient (GrpcClientProtocolClient.java:onNext(254)) - client-9C97446E6A25->2573df58-4087-4dd0-8598-5abddcc696b9: receive RaftClientReply:client-9C97446E6A25->2573df58-4087-4dd0-8598-5abddcc696b9@group-CE3C0447B19C, cid=22, SUCCESS, logIndex=39, commits[2573df58-4087-4dd0-8598-5abddcc696b9:c39]
2019-06-13 21:51:26,241 INFO  client.GrpcClientProtocolClient (GrpcClientProtocolClient.java:onNext(254)) - client-9C97446E6A25->2573df58-4087-4dd0-8598-5abddcc696b9: receive RaftClientReply:client-9C97446E6A25->2573df58-4087-4dd0-8598-5abddcc696b9@group-CE3C0447B19C, cid=23, SUCCESS, logIndex=41, commits[2573df58-4087-4dd0-8598-5abddcc696b9:c42]
2019-06-13 21:51:26,243 INFO  client.GrpcClientProtocolClient (GrpcClientProtocolClient.java:onNext(254)) - client-9C97446E6A25->2573df58-4087-4dd0-8598-5abddcc696b9: receive RaftClientReply:client-9C97446E6A25->2573df58-4087-4dd0-8598-5abddcc696b9@group-CE3C0447B19C, cid=24, SUCCESS, logIndex=42, commits[2573df58-4087-4dd0-8598-5abddcc696b9:c43]
2019-06-13 21:51:26,262 INFO  client.GrpcClientProtocolClient (GrpcClientProtocolClient.java:onNext(254)) - client-9C97446E6A25->2573df58-4087-4dd0-8598-5abddcc696b9: receive RaftClientReply:client-9C97446E6A25->2573df58-4087-4dd0-8598-5abddcc696b9@group-CE3C0447B19C, cid=25, SUCCESS, logIndex=44, commits[2573df58-4087-4dd0-8598-5abddcc696b9:c44]
2019-06-13 21:51:26,327 DEBUG block.SCMBlockDeletingService (SCMBlockDeletingService.java:call(138)) - Running DeletedBlockTransactionScanner
2019-06-13 21:51:26,327 DEBUG block.SCMBlockDeletingService (SCMBlockDeletingService.java:call(155)) - Scanned deleted blocks log and got 0 delTX to process.
2019-06-13 21:51:26,335 INFO  client.GrpcClientProtocolClient (GrpcClientProtocolClient.java:onNext(254)) - client-9C97446E6A25->2573df58-4087-4dd0-8598-5abddcc696b9: receive RaftClientReply:client-9C97446E6A25->2573df58-4087-4dd0-8598-5abddcc696b9@group-CE3C0447B19C, cid=26, SUCCESS, logIndex=46, commits[2573df58-4087-4dd0-8598-5abddcc696b9:c46]
2019-06-13 21:51:26,338 INFO  client.GrpcClientProtocolClient (GrpcClientProtocolClient.java:onNext(254)) - client-9C97446E6A25->2573df58-4087-4dd0-8598-5abddcc696b9: receive RaftClientReply:client-9C97446E6A25->2573df58-4087-4dd0-8598-5abddcc696b9@group-CE3C0447B19C, cid=27, SUCCESS, logIndex=48, commits[2573df58-4087-4dd0-8598-5abddcc696b9:c49]
2019-06-13 21:51:26,343 INFO  client.GrpcClientProtocolClient (GrpcClientProtocolClient.java:onNext(254)) - client-9C97446E6A25->2573df58-4087-4dd0-8598-5abddcc696b9: receive RaftClientReply:client-9C97446E6A25->2573df58-4087-4dd0-8598-5abddcc696b9@group-CE3C0447B19C, cid=28, SUCCESS, logIndex=49, commits[2573df58-4087-4dd0-8598-5abddcc696b9:c50]
2019-06-13 21:51:26,368 INFO  client.GrpcClientProtocolClient (GrpcClientProtocolClient.java:onNext(254)) - client-9C97446E6A25->2573df58-4087-4dd0-8598-5abddcc696b9: receive RaftClientReply:client-9C97446E6A25->2573df58-4087-4dd0-8598-5abddcc696b9@group-CE3C0447B19C, cid=29, SUCCESS, logIndex=51, commits[2573df58-4087-4dd0-8598-5abddcc696b9:c51]
2019-06-13 21:51:26,376 INFO  client.GrpcClientProtocolClient (GrpcClientProtocolClient.java:onNext(254)) - client-9C97446E6A25->2573df58-4087-4dd0-8598-5abddcc696b9: receive RaftClientReply:client-9C97446E6A25->2573df58-4087-4dd0-8598-5abddcc696b9@group-CE3C0447B19C, cid=30, SUCCESS, logIndex=53, commits[2573df58-4087-4dd0-8598-5abddcc696b9:c53]
2019-06-13 21:51:26,377 INFO  client.GrpcClientProtocolClient (GrpcClientProtocolClient.java:onNext(254)) - client-9C97446E6A25->2573df58-4087-4dd0-8598-5abddcc696b9: receive RaftClientReply:client-9C97446E6A25->2573df58-4087-4dd0-8598-5abddcc696b9@group-CE3C0447B19C, cid=31, SUCCESS, logIndex=55, commits[2573df58-4087-4dd0-8598-5abddcc696b9:c55]
2019-06-13 21:51:26,386 INFO  client.GrpcClientProtocolClient (GrpcClientProtocolClient.java:onNext(254)) - client-9C97446E6A25->2573df58-4087-4dd0-8598-5abddcc696b9: receive RaftClientReply:client-9C97446E6A25->2573df58-4087-4dd0-8598-5abddcc696b9@group-CE3C0447B19C, cid=32, SUCCESS, logIndex=56, commits[2573df58-4087-4dd0-8598-5abddcc696b9:c58]
2019-06-13 21:51:26,403 INFO  client.GrpcClientProtocolClient (GrpcClientProtocolClient.java:onNext(254)) - client-9C97446E6A25->2573df58-4087-4dd0-8598-5abddcc696b9: receive RaftClientReply:client-9C97446E6A25->2573df58-4087-4dd0-8598-5abddcc696b9@group-CE3C0447B19C, cid=33, SUCCESS, logIndex=59, commits[2573df58-4087-4dd0-8598-5abddcc696b9:c59]
2019-06-13 21:51:26,411 INFO  client.GrpcClientProtocolClient (GrpcClientProtocolClient.java:onNext(254)) - client-9C97446E6A25->2573df58-4087-4dd0-8598-5abddcc696b9: receive RaftClientReply:client-9C97446E6A25->2573df58-4087-4dd0-8598-5abddcc696b9@group-CE3C0447B19C, cid=34, SUCCESS, logIndex=61, commits[2573df58-4087-4dd0-8598-5abddcc696b9:c61]
2019-06-13 21:51:26,414 INFO  client.GrpcClientProtocolClient (GrpcClientProtocolClient.java:onNext(254)) - client-9C97446E6A25->2573df58-4087-4dd0-8598-5abddcc696b9: receive RaftClientReply:client-9C97446E6A25->2573df58-4087-4dd0-8598-5abddcc696b9@group-CE3C0447B19C, cid=35, SUCCESS, logIndex=63, commits[2573df58-4087-4dd0-8598-5abddcc696b9:c63]
2019-06-13 21:51:26,418 INFO  client.GrpcClientProtocolClient (GrpcClientProtocolClient.java:onNext(254)) - client-9C97446E6A25->2573df58-4087-4dd0-8598-5abddcc696b9: receive RaftClientReply:client-9C97446E6A25->2573df58-4087-4dd0-8598-5abddcc696b9@group-CE3C0447B19C, cid=36, SUCCESS, logIndex=65, commits[2573df58-4087-4dd0-8598-5abddcc696b9:c66]
2019-06-13 21:51:26,427 DEBUG block.SCMBlockDeletingService (SCMBlockDeletingService.java:call(138)) - Running DeletedBlockTransactionScanner
2019-06-13 21:51:26,427 DEBUG block.SCMBlockDeletingService (SCMBlockDeletingService.java:call(155)) - Scanned deleted blocks log and got 0 delTX to process.
2019-06-13 21:51:26,437 INFO  client.GrpcClientProtocolClient (GrpcClientProtocolClient.java:onNext(254)) - client-9C97446E6A25->2573df58-4087-4dd0-8598-5abddcc696b9: receive RaftClientReply:client-9C97446E6A25->2573df58-4087-4dd0-8598-5abddcc696b9@group-CE3C0447B19C, cid=37, SUCCESS, logIndex=67, commits[2573df58-4087-4dd0-8598-5abddcc696b9:c67]
2019-06-13 21:51:26,444 INFO  client.GrpcClientProtocolClient (GrpcClientProtocolClient.java:onNext(254)) - client-9C97446E6A25->2573df58-4087-4dd0-8598-5abddcc696b9: receive RaftClientReply:client-9C97446E6A25->2573df58-4087-4dd0-8598-5abddcc696b9@group-CE3C0447B19C, cid=38, SUCCESS, logIndex=69, commits[2573df58-4087-4dd0-8598-5abddcc696b9:c69]
2019-06-13 21:51:26,445 INFO  client.GrpcClientProtocolClient (GrpcClientProtocolClient.java:onNext(254)) - client-9C97446E6A25->2573df58-4087-4dd0-8598-5abddcc696b9: receive RaftClientReply:client-9C97446E6A25->2573df58-4087-4dd0-8598-5abddcc696b9@group-CE3C0447B19C, cid=39, SUCCESS, logIndex=70, commits[2573df58-4087-4dd0-8598-5abddcc696b9:c72]
2019-06-13 21:51:26,445 INFO  client.GrpcClientProtocolClient (GrpcClientProtocolClient.java:onNext(254)) - client-9C97446E6A25->2573df58-4087-4dd0-8598-5abddcc696b9: receive RaftClientReply:client-9C97446E6A25->2573df58-4087-4dd0-8598-5abddcc696b9@group-CE3C0447B19C, cid=40, SUCCESS, logIndex=72, commits[2573df58-4087-4dd0-8598-5abddcc696b9:c73]
2019-06-13 21:51:26,461 INFO  client.GrpcClientProtocolClient (GrpcClientProtocolClient.java:onNext(254)) - client-9C97446E6A25->2573df58-4087-4dd0-8598-5abddcc696b9: receive RaftClientReply:client-9C97446E6A25->2573df58-4087-4dd0-8598-5abddcc696b9@group-CE3C0447B19C, cid=41, SUCCESS, logIndex=74, commits[2573df58-4087-4dd0-8598-5abddcc696b9:c74]
2019-06-13 21:51:26,466 INFO  client.GrpcClientProtocolClient (GrpcClientProtocolClient.java:onNext(254)) - client-9C97446E6A25->2573df58-4087-4dd0-8598-5abddcc696b9: receive RaftClientReply:client-9C97446E6A25->2573df58-4087-4dd0-8598-5abddcc696b9@group-CE3C0447B19C, cid=42, SUCCESS, logIndex=76, commits[2573df58-4087-4dd0-8598-5abddcc696b9:c76]
2019-06-13 21:51:26,472 INFO  client.GrpcClientProtocolClient (GrpcClientProtocolClient.java:onNext(254)) - client-9C97446E6A25->2573df58-4087-4dd0-8598-5abddcc696b9: receive RaftClientReply:client-9C97446E6A25->2573df58-4087-4dd0-8598-5abddcc696b9@group-CE3C0447B19C, cid=43, SUCCESS, logIndex=78, commits[2573df58-4087-4dd0-8598-5abddcc696b9:c78]
2019-06-13 21:51:26,474 INFO  client.GrpcClientProtocolClient (GrpcClientProtocolClient.java:onNext(254)) - client-9C97446E6A25->2573df58-4087-4dd0-8598-5abddcc696b9: receive RaftClientReply:client-9C97446E6A25->2573df58-4087-4dd0-8598-5abddcc696b9@group-CE3C0447B19C, cid=44, SUCCESS, logIndex=80, commits[2573df58-4087-4dd0-8598-5abddcc696b9:c81]
2019-06-13 21:51:26,528 DEBUG block.SCMBlockDeletingService (SCMBlockDeletingService.java:call(138)) - Running DeletedBlockTransactionScanner
2019-06-13 21:51:26,528 DEBUG block.SCMBlockDeletingService (SCMBlockDeletingService.java:call(155)) - Scanned deleted blocks log and got 0 delTX to process.
2019-06-13 21:51:26,549 INFO  storage.RaftLogWorker (RaftLogWorker.java:rollLogSegment(303)) - 2573df58-4087-4dd0-8598-5abddcc696b9-RaftLogWorker: Rolling segment log-0_81 to index:81
2019-06-13 21:51:26,552 INFO  storage.RaftLogWorker (RaftLogWorker.java:execute(433)) - 2573df58-4087-4dd0-8598-5abddcc696b9-RaftLogWorker: Rolled log segment from /opt/src/hadoop-ozone/integration-test/target/test-dir/MiniOzoneClusterImpl-8578056e-9b7b-4e66-9e9f-ef53d5cd7c03/datanode-0/data/ratis/7f5c2536-ed89-4233-9ec0-ce3c0447b19c/current/log_inprogress_0 to /opt/src/hadoop-ozone/integration-test/target/test-dir/MiniOzoneClusterImpl-8578056e-9b7b-4e66-9e9f-ef53d5cd7c03/datanode-0/data/ratis/7f5c2536-ed89-4233-9ec0-ce3c0447b19c/current/log_0-81
2019-06-13 21:51:26,594 INFO  storage.RaftLogWorker (RaftLogWorker.java:execute(469)) - 2573df58-4087-4dd0-8598-5abddcc696b9-RaftLogWorker: created new log segment /opt/src/hadoop-ozone/integration-test/target/test-dir/MiniOzoneClusterImpl-8578056e-9b7b-4e66-9e9f-ef53d5cd7c03/datanode-0/data/ratis/7f5c2536-ed89-4233-9ec0-ce3c0447b19c/current/log_inprogress_82
2019-06-13 21:51:26,597 INFO  client.GrpcClientProtocolClient (GrpcClientProtocolClient.java:onNext(254)) - client-9C97446E6A25->2573df58-4087-4dd0-8598-5abddcc696b9: receive RaftClientReply:client-9C97446E6A25->2573df58-4087-4dd0-8598-5abddcc696b9@group-CE3C0447B19C, cid=45, SUCCESS, logIndex=82, commits[2573df58-4087-4dd0-8598-5abddcc696b9:c82]
2019-06-13 21:51:26,602 INFO  client.GrpcClientProtocolClient (GrpcClientProtocolClient.java:onNext(254)) - client-9C97446E6A25->2573df58-4087-4dd0-8598-5abddcc696b9: receive RaftClientReply:client-9C97446E6A25->2573df58-4087-4dd0-8598-5abddcc696b9@group-CE3C0447B19C, cid=46, SUCCESS, logIndex=84, commits[2573df58-4087-4dd0-8598-5abddcc696b9:c84]
2019-06-13 21:51:26,604 INFO  client.GrpcClientProtocolClient (GrpcClientProtocolClient.java:onNext(254)) - client-9C97446E6A25->2573df58-4087-4dd0-8598-5abddcc696b9: receive RaftClientReply:client-9C97446E6A25->2573df58-4087-4dd0-8598-5abddcc696b9@group-CE3C0447B19C, cid=47, SUCCESS, logIndex=85, commits[2573df58-4087-4dd0-8598-5abddcc696b9:c87]
2019-06-13 21:51:26,605 INFO  client.GrpcClientProtocolClient (GrpcClientProtocolClient.java:onNext(254)) - client-9C97446E6A25->2573df58-4087-4dd0-8598-5abddcc696b9: receive RaftClientReply:client-9C97446E6A25->2573df58-4087-4dd0-8598-5abddcc696b9@group-CE3C0447B19C, cid=48, SUCCESS, logIndex=87, commits[2573df58-4087-4dd0-8598-5abddcc696b9:c87]
2019-06-13 21:51:26,628 DEBUG block.SCMBlockDeletingService (SCMBlockDeletingService.java:call(138)) - Running DeletedBlockTransactionScanner
2019-06-13 21:51:26,629 DEBUG block.SCMBlockDeletingService (SCMBlockDeletingService.java:call(155)) - Scanned deleted blocks log and got 0 delTX to process.
2019-06-13 21:51:26,632 INFO  client.GrpcClientProtocolClient (GrpcClientProtocolClient.java:onNext(254)) - client-9C97446E6A25->2573df58-4087-4dd0-8598-5abddcc696b9: receive RaftClientReply:client-9C97446E6A25->2573df58-4087-4dd0-8598-5abddcc696b9@group-CE3C0447B19C, cid=49, SUCCESS, logIndex=89, commits[2573df58-4087-4dd0-8598-5abddcc696b9:c90]
2019-06-13 21:51:26,636 INFO  client.GrpcClientProtocolClient (GrpcClientProtocolClient.java:onNext(254)) - client-9C97446E6A25->2573df58-4087-4dd0-8598-5abddcc696b9: receive RaftClientReply:client-9C97446E6A25->2573df58-4087-4dd0-8598-5abddcc696b9@group-CE3C0447B19C, cid=50, SUCCESS, logIndex=91, commits[2573df58-4087-4dd0-8598-5abddcc696b9:c91]
2019-06-13 21:51:26,639 INFO  client.GrpcClientProtocolClient (GrpcClientProtocolClient.java:onNext(254)) - client-9C97446E6A25->2573df58-4087-4dd0-8598-5abddcc696b9: receive RaftClientReply:client-9C97446E6A25->2573df58-4087-4dd0-8598-5abddcc696b9@group-CE3C0447B19C, cid=51, SUCCESS, logIndex=92, commits[2573df58-4087-4dd0-8598-5abddcc696b9:c94]
2019-06-13 21:51:26,639 INFO  client.GrpcClientProtocolClient (GrpcClientProtocolClient.java:onNext(254)) - client-9C97446E6A25->2573df58-4087-4dd0-8598-5abddcc696b9: receive RaftClientReply:client-9C97446E6A25->2573df58-4087-4dd0-8598-5abddcc696b9@group-CE3C0447B19C, cid=52, SUCCESS, logIndex=94, commits[2573df58-4087-4dd0-8598-5abddcc696b9:c95]
2019-06-13 21:51:26,652 INFO  client.GrpcClientProtocolClient (GrpcClientProtocolClient.java:onNext(254)) - client-9C97446E6A25->2573df58-4087-4dd0-8598-5abddcc696b9: receive RaftClientReply:client-9C97446E6A25->2573df58-4087-4dd0-8598-5abddcc696b9@group-CE3C0447B19C, cid=53, SUCCESS, logIndex=96, commits[2573df58-4087-4dd0-8598-5abddcc696b9:c96]
2019-06-13 21:51:26,661 INFO  client.GrpcClientProtocolClient (GrpcClientProtocolClient.java:onNext(254)) - client-9C97446E6A25->2573df58-4087-4dd0-8598-5abddcc696b9: receive RaftClientReply:client-9C97446E6A25->2573df58-4087-4dd0-8598-5abddcc696b9@group-CE3C0447B19C, cid=54, SUCCESS, logIndex=98, commits[2573df58-4087-4dd0-8598-5abddcc696b9:c98]
2019-06-13 21:51:26,664 INFO  client.GrpcClientProtocolClient (GrpcClientProtocolClient.java:onNext(254)) - client-9C97446E6A25->2573df58-4087-4dd0-8598-5abddcc696b9: receive RaftClientReply:client-9C97446E6A25->2573df58-4087-4dd0-8598-5abddcc696b9@group-CE3C0447B19C, cid=55, SUCCESS, logIndex=100, commits[2573df58-4087-4dd0-8598-5abddcc696b9:c101]
2019-06-13 21:51:26,665 INFO  client.GrpcClientProtocolClient (GrpcClientProtocolClient.java:onNext(254)) - client-9C97446E6A25->2573df58-4087-4dd0-8598-5abddcc696b9: receive RaftClientReply:client-9C97446E6A25->2573df58-4087-4dd0-8598-5abddcc696b9@group-CE3C0447B19C, cid=56, SUCCESS, logIndex=101, commits[2573df58-4087-4dd0-8598-5abddcc696b9:c101]
2019-06-13 21:51:26,686 INFO  client.GrpcClientProtocolClient (GrpcClientProtocolClient.java:onNext(254)) - client-9C97446E6A25->2573df58-4087-4dd0-8598-5abddcc696b9: receive RaftClientReply:client-9C97446E6A25->2573df58-4087-4dd0-8598-5abddcc696b9@group-CE3C0447B19C, cid=57, SUCCESS, logIndex=103, commits[2573df58-4087-4dd0-8598-5abddcc696b9:c103]
2019-06-13 21:51:26,691 INFO  client.GrpcClientProtocolClient (GrpcClientProtocolClient.java:onNext(254)) - client-9C97446E6A25->2573df58-4087-4dd0-8598-5abddcc696b9: receive RaftClientReply:client-9C97446E6A25->2573df58-4087-4dd0-8598-5abddcc696b9@group-CE3C0447B19C, cid=58, SUCCESS, logIndex=105, commits[2573df58-4087-4dd0-8598-5abddcc696b9:c105]
2019-06-13 21:51:26,696 INFO  client.GrpcClientProtocolClient (GrpcClientProtocolClient.java:onNext(254)) - client-9C97446E6A25->2573df58-4087-4dd0-8598-5abddcc696b9: receive RaftClientReply:client-9C97446E6A25->2573df58-4087-4dd0-8598-5abddcc696b9@group-CE3C0447B19C, cid=59, SUCCESS, logIndex=107, commits[2573df58-4087-4dd0-8598-5abddcc696b9:c108]
2019-06-13 21:51:26,697 INFO  client.GrpcClientProtocolClient (GrpcClientProtocolClient.java:onNext(254)) - client-9C97446E6A25->2573df58-4087-4dd0-8598-5abddcc696b9: receive RaftClientReply:client-9C97446E6A25->2573df58-4087-4dd0-8598-5abddcc696b9@group-CE3C0447B19C, cid=60, SUCCESS, logIndex=108, commits[2573df58-4087-4dd0-8598-5abddcc696b9:c108]
2019-06-13 21:51:26,708 INFO  client.GrpcClientProtocolClient (GrpcClientProtocolClient.java:onNext(254)) - client-9C97446E6A25->2573df58-4087-4dd0-8598-5abddcc696b9: receive RaftClientReply:client-9C97446E6A25->2573df58-4087-4dd0-8598-5abddcc696b9@group-CE3C0447B19C, cid=61, SUCCESS, logIndex=110, commits[2573df58-4087-4dd0-8598-5abddcc696b9:c110]
2019-06-13 21:51:26,722 INFO  client.GrpcClientProtocolClient (GrpcClientProtocolClient.java:onNext(254)) - client-9C97446E6A25->2573df58-4087-4dd0-8598-5abddcc696b9: receive RaftClientReply:client-9C97446E6A25->2573df58-4087-4dd0-8598-5abddcc696b9@group-CE3C0447B19C, cid=62, SUCCESS, logIndex=112, commits[2573df58-4087-4dd0-8598-5abddcc696b9:c112]
2019-06-13 21:51:26,728 INFO  client.GrpcClientProtocolClient (GrpcClientProtocolClient.java:onNext(254)) - client-9C97446E6A25->2573df58-4087-4dd0-8598-5abddcc696b9: receive RaftClientReply:client-9C97446E6A25->2573df58-4087-4dd0-8598-5abddcc696b9@group-CE3C0447B19C, cid=63, SUCCESS, logIndex=114, commits[2573df58-4087-4dd0-8598-5abddcc696b9:c115]
2019-06-13 21:51:26,729 DEBUG block.SCMBlockDeletingService (SCMBlockDeletingService.java:call(138)) - Running DeletedBlockTransactionScanner
2019-06-13 21:51:26,729 INFO  client.GrpcClientProtocolClient (GrpcClientProtocolClient.java:onNext(254)) - client-9C97446E6A25->2573df58-4087-4dd0-8598-5abddcc696b9: receive RaftClientReply:client-9C97446E6A25->2573df58-4087-4dd0-8598-5abddcc696b9@group-CE3C0447B19C, cid=64, SUCCESS, logIndex=115, commits[2573df58-4087-4dd0-8598-5abddcc696b9:c116]
2019-06-13 21:51:26,730 DEBUG block.SCMBlockDeletingService (SCMBlockDeletingService.java:call(155)) - Scanned deleted blocks log and got 0 delTX to process.
2019-06-13 21:51:26,811 INFO  client.GrpcClientProtocolClient (GrpcClientProtocolClient.java:onNext(254)) - client-9C97446E6A25->2573df58-4087-4dd0-8598-5abddcc696b9: receive RaftClientReply:client-9C97446E6A25->2573df58-4087-4dd0-8598-5abddcc696b9@group-CE3C0447B19C, cid=65, SUCCESS, logIndex=117, commits[2573df58-4087-4dd0-8598-5abddcc696b9:c117]
2019-06-13 21:51:26,815 INFO  client.GrpcClientProtocolClient (GrpcClientProtocolClient.java:onNext(254)) - client-9C97446E6A25->2573df58-4087-4dd0-8598-5abddcc696b9: receive RaftClientReply:client-9C97446E6A25->2573df58-4087-4dd0-8598-5abddcc696b9@group-CE3C0447B19C, cid=66, SUCCESS, logIndex=119, commits[2573df58-4087-4dd0-8598-5abddcc696b9:c119]
2019-06-13 21:51:26,817 INFO  client.GrpcClientProtocolClient (GrpcClientProtocolClient.java:onNext(254)) - client-9C97446E6A25->2573df58-4087-4dd0-8598-5abddcc696b9: receive RaftClientReply:client-9C97446E6A25->2573df58-4087-4dd0-8598-5abddcc696b9@group-CE3C0447B19C, cid=67, SUCCESS, logIndex=120, commits[2573df58-4087-4dd0-8598-5abddcc696b9:c122]
2019-06-13 21:51:26,817 INFO  client.GrpcClientProtocolClient (GrpcClientProtocolClient.java:onNext(254)) - client-9C97446E6A25->2573df58-4087-4dd0-8598-5abddcc696b9: receive RaftClientReply:client-9C97446E6A25->2573df58-4087-4dd0-8598-5abddcc696b9@group-CE3C0447B19C, cid=68, SUCCESS, logIndex=122, commits[2573df58-4087-4dd0-8598-5abddcc696b9:c122]
2019-06-13 21:51:26,830 INFO  client.GrpcClientProtocolClient (GrpcClientProtocolClient.java:onNext(254)) - client-9C97446E6A25->2573df58-4087-4dd0-8598-5abddcc696b9: receive RaftClientReply:client-9C97446E6A25->2573df58-4087-4dd0-8598-5abddcc696b9@group-CE3C0447B19C, cid=69, SUCCESS, logIndex=124, commits[2573df58-4087-4dd0-8598-5abddcc696b9:c124]
2019-06-13 21:51:26,830 DEBUG block.SCMBlockDeletingService (SCMBlockDeletingService.java:call(138)) - Running DeletedBlockTransactionScanner
2019-06-13 21:51:26,830 DEBUG block.SCMBlockDeletingService (SCMBlockDeletingService.java:call(155)) - Scanned deleted blocks log and got 0 delTX to process.
2019-06-13 21:51:26,832 INFO  client.GrpcClientProtocolClient (GrpcClientProtocolClient.java:onNext(254)) - client-9C97446E6A25->2573df58-4087-4dd0-8598-5abddcc696b9: receive RaftClientReply:client-9C97446E6A25->2573df58-4087-4dd0-8598-5abddcc696b9@group-CE3C0447B19C, cid=70, SUCCESS, logIndex=126, commits[2573df58-4087-4dd0-8598-5abddcc696b9:c126]
2019-06-13 21:51:26,836 INFO  client.GrpcClientProtocolClient (GrpcClientProtocolClient.java:onNext(254)) - client-9C97446E6A25->2573df58-4087-4dd0-8598-5abddcc696b9: receive RaftClientReply:client-9C97446E6A25->2573df58-4087-4dd0-8598-5abddcc696b9@group-CE3C0447B19C, cid=71, SUCCESS, logIndex=128, commits[2573df58-4087-4dd0-8598-5abddcc696b9:c129]
2019-06-13 21:51:26,839 INFO  client.GrpcClientProtocolClient (GrpcClientProtocolClient.java:onNext(254)) - client-9C97446E6A25->2573df58-4087-4dd0-8598-5abddcc696b9: receive RaftClientReply:client-9C97446E6A25->2573df58-4087-4dd0-8598-5abddcc696b9@group-CE3C0447B19C, cid=72, SUCCESS, logIndex=129, commits[2573df58-4087-4dd0-8598-5abddcc696b9:c130]
2019-06-13 21:51:26,853 INFO  client.GrpcClientProtocolClient (GrpcClientProtocolClient.java:onNext(254)) - client-9C97446E6A25->2573df58-4087-4dd0-8598-5abddcc696b9: receive RaftClientReply:client-9C97446E6A25->2573df58-4087-4dd0-8598-5abddcc696b9@group-CE3C0447B19C, cid=73, SUCCESS, logIndex=131, commits[2573df58-4087-4dd0-8598-5abddcc696b9:c131]
2019-06-13 21:51:26,857 INFO  client.GrpcClientProtocolClient (GrpcClientProtocolClient.java:onNext(254)) - client-9C97446E6A25->2573df58-4087-4dd0-8598-5abddcc696b9: receive RaftClientReply:client-9C97446E6A25->2573df58-4087-4dd0-8598-5abddcc696b9@group-CE3C0447B19C, cid=74, SUCCESS, logIndex=133, commits[2573df58-4087-4dd0-8598-5abddcc696b9:c133]
2019-06-13 21:51:26,859 INFO  client.GrpcClientProtocolClient (GrpcClientProtocolClient.java:onNext(254)) - client-9C97446E6A25->2573df58-4087-4dd0-8598-5abddcc696b9: receive RaftClientReply:client-9C97446E6A25->2573df58-4087-4dd0-8598-5abddcc696b9@group-CE3C0447B19C, cid=75, SUCCESS, logIndex=134, commits[2573df58-4087-4dd0-8598-5abddcc696b9:c136]
2019-06-13 21:51:26,860 INFO  client.GrpcClientProtocolClient (GrpcClientProtocolClient.java:onNext(254)) - client-9C97446E6A25->2573df58-4087-4dd0-8598-5abddcc696b9: receive RaftClientReply:client-9C97446E6A25->2573df58-4087-4dd0-8598-5abddcc696b9@group-CE3C0447B19C, cid=76, SUCCESS, logIndex=136, commits[2573df58-4087-4dd0-8598-5abddcc696b9:c137]
2019-06-13 21:51:26,870 INFO  client.GrpcClientProtocolClient (GrpcClientProtocolClient.java:onNext(254)) - client-9C97446E6A25->2573df58-4087-4dd0-8598-5abddcc696b9: receive RaftClientReply:client-9C97446E6A25->2573df58-4087-4dd0-8598-5abddcc696b9@group-CE3C0447B19C, cid=77, SUCCESS, logIndex=138, commits[2573df58-4087-4dd0-8598-5abddcc696b9:c138]
2019-06-13 21:51:26,874 INFO  client.GrpcClientProtocolClient (GrpcClientProtocolClient.java:onNext(254)) - client-9C97446E6A25->2573df58-4087-4dd0-8598-5abddcc696b9: receive RaftClientReply:client-9C97446E6A25->2573df58-4087-4dd0-8598-5abddcc696b9@group-CE3C0447B19C, cid=78, SUCCESS, logIndex=140, commits[2573df58-4087-4dd0-8598-5abddcc696b9:c140]
2019-06-13 21:51:26,876 INFO  client.GrpcClientProtocolClient (GrpcClientProtocolClient.java:onNext(254)) - client-9C97446E6A25->2573df58-4087-4dd0-8598-5abddcc696b9: receive RaftClientReply:client-9C97446E6A25->2573df58-4087-4dd0-8598-5abddcc696b9@group-CE3C0447B19C, cid=79, SUCCESS, logIndex=141, commits[2573df58-4087-4dd0-8598-5abddcc696b9:c143]
2019-06-13 21:51:26,876 INFO  client.GrpcClientProtocolClient (GrpcClientProtocolClient.java:onNext(254)) - client-9C97446E6A25->2573df58-4087-4dd0-8598-5abddcc696b9: receive RaftClientReply:client-9C97446E6A25->2573df58-4087-4dd0-8598-5abddcc696b9@group-CE3C0447B19C, cid=80, SUCCESS, logIndex=143, commits[2573df58-4087-4dd0-8598-5abddcc696b9:c144]
2019-06-13 21:51:26,895 INFO  client.GrpcClientProtocolClient (GrpcClientProtocolClient.java:onNext(254)) - client-9C97446E6A25->2573df58-4087-4dd0-8598-5abddcc696b9: receive RaftClientReply:client-9C97446E6A25->2573df58-4087-4dd0-8598-5abddcc696b9@group-CE3C0447B19C, cid=81, SUCCESS, logIndex=145, commits[2573df58-4087-4dd0-8598-5abddcc696b9:c145]
2019-06-13 21:51:26,899 INFO  client.GrpcClientProtocolClient (GrpcClientProtocolClient.java:onNext(254)) - client-9C97446E6A25->2573df58-4087-4dd0-8598-5abddcc696b9: receive RaftClientReply:client-9C97446E6A25->2573df58-4087-4dd0-8598-5abddcc696b9@group-CE3C0447B19C, cid=82, SUCCESS, logIndex=147, commits[2573df58-4087-4dd0-8598-5abddcc696b9:c147]
2019-06-13 21:51:26,901 INFO  client.GrpcClientProtocolClient (GrpcClientProtocolClient.java:onNext(254)) - client-9C97446E6A25->2573df58-4087-4dd0-8598-5abddcc696b9: receive RaftClientReply:client-9C97446E6A25->2573df58-4087-4dd0-8598-5abddcc696b9@group-CE3C0447B19C, cid=83, SUCCESS, logIndex=149, commits[2573df58-4087-4dd0-8598-5abddcc696b9:c150]
2019-06-13 21:51:26,903 INFO  client.GrpcClientProtocolClient (GrpcClientProtocolClient.java:onNext(254)) - client-9C97446E6A25->2573df58-4087-4dd0-8598-5abddcc696b9: receive RaftClientReply:client-9C97446E6A25->2573df58-4087-4dd0-8598-5abddcc696b9@group-CE3C0447B19C, cid=84, SUCCESS, logIndex=150, commits[2573df58-4087-4dd0-8598-5abddcc696b9:c151]
2019-06-13 21:51:26,914 INFO  client.GrpcClientProtocolClient (GrpcClientProtocolClient.java:onNext(254)) - client-9C97446E6A25->2573df58-4087-4dd0-8598-5abddcc696b9: receive RaftClientReply:client-9C97446E6A25->2573df58-4087-4dd0-8598-5abddcc696b9@group-CE3C0447B19C, cid=85, SUCCESS, logIndex=152, commits[2573df58-4087-4dd0-8598-5abddcc696b9:c152]
2019-06-13 21:51:26,916 INFO  storage.RaftLogWorker (RaftLogWorker.java:rollLogSegment(303)) - 2573df58-4087-4dd0-8598-5abddcc696b9-RaftLogWorker: Rolling segment log-82_156 to index:156
2019-06-13 21:51:26,918 INFO  storage.RaftLogWorker (RaftLogWorker.java:execute(433)) - 2573df58-4087-4dd0-8598-5abddcc696b9-RaftLogWorker: Rolled log segment from /opt/src/hadoop-ozone/integration-test/target/test-dir/MiniOzoneClusterImpl-8578056e-9b7b-4e66-9e9f-ef53d5cd7c03/datanode-0/data/ratis/7f5c2536-ed89-4233-9ec0-ce3c0447b19c/current/log_inprogress_82 to /opt/src/hadoop-ozone/integration-test/target/test-dir/MiniOzoneClusterImpl-8578056e-9b7b-4e66-9e9f-ef53d5cd7c03/datanode-0/data/ratis/7f5c2536-ed89-4233-9ec0-ce3c0447b19c/current/log_82-156
2019-06-13 21:51:26,919 INFO  client.GrpcClientProtocolClient (GrpcClientProtocolClient.java:onNext(254)) - client-9C97446E6A25->2573df58-4087-4dd0-8598-5abddcc696b9: receive RaftClientReply:client-9C97446E6A25->2573df58-4087-4dd0-8598-5abddcc696b9@group-CE3C0447B19C, cid=86, SUCCESS, logIndex=154, commits[2573df58-4087-4dd0-8598-5abddcc696b9:c154]
2019-06-13 21:51:26,923 INFO  client.GrpcClientProtocolClient (GrpcClientProtocolClient.java:onNext(254)) - client-9C97446E6A25->2573df58-4087-4dd0-8598-5abddcc696b9: receive RaftClientReply:client-9C97446E6A25->2573df58-4087-4dd0-8598-5abddcc696b9@group-CE3C0447B19C, cid=87, SUCCESS, logIndex=155, commits[2573df58-4087-4dd0-8598-5abddcc696b9:c156]
2019-06-13 21:51:26,931 DEBUG block.SCMBlockDeletingService (SCMBlockDeletingService.java:call(138)) - Running DeletedBlockTransactionScanner
2019-06-13 21:51:26,958 DEBUG block.SCMBlockDeletingService (SCMBlockDeletingService.java:call(155)) - Scanned deleted blocks log and got 0 delTX to process.
2019-06-13 21:51:26,960 INFO  storage.RaftLogWorker (RaftLogWorker.java:execute(469)) - 2573df58-4087-4dd0-8598-5abddcc696b9-RaftLogWorker: created new log segment /opt/src/hadoop-ozone/integration-test/target/test-dir/MiniOzoneClusterImpl-8578056e-9b7b-4e66-9e9f-ef53d5cd7c03/datanode-0/data/ratis/7f5c2536-ed89-4233-9ec0-ce3c0447b19c/current/log_inprogress_157
2019-06-13 21:51:26,963 INFO  client.GrpcClientProtocolClient (GrpcClientProtocolClient.java:onNext(254)) - client-9C97446E6A25->2573df58-4087-4dd0-8598-5abddcc696b9: receive RaftClientReply:client-9C97446E6A25->2573df58-4087-4dd0-8598-5abddcc696b9@group-CE3C0447B19C, cid=88, SUCCESS, logIndex=157, commits[2573df58-4087-4dd0-8598-5abddcc696b9:c158]
2019-06-13 21:51:27,050 INFO  client.GrpcClientProtocolClient (GrpcClientProtocolClient.java:onNext(254)) - client-9C97446E6A25->2573df58-4087-4dd0-8598-5abddcc696b9: receive RaftClientReply:client-9C97446E6A25->2573df58-4087-4dd0-8598-5abddcc696b9@group-CE3C0447B19C, cid=89, SUCCESS, logIndex=159, commits[2573df58-4087-4dd0-8598-5abddcc696b9:c159]
2019-06-13 21:51:27,053 INFO  client.GrpcClientProtocolClient (GrpcClientProtocolClient.java:onNext(254)) - client-9C97446E6A25->2573df58-4087-4dd0-8598-5abddcc696b9: receive RaftClientReply:client-9C97446E6A25->2573df58-4087-4dd0-8598-5abddcc696b9@group-CE3C0447B19C, cid=90, SUCCESS, logIndex=161, commits[2573df58-4087-4dd0-8598-5abddcc696b9:c161]
2019-06-13 21:51:27,055 INFO  client.GrpcClientProtocolClient (GrpcClientProtocolClient.java:onNext(254)) - client-9C97446E6A25->2573df58-4087-4dd0-8598-5abddcc696b9: receive RaftClientReply:client-9C97446E6A25->2573df58-4087-4dd0-8598-5abddcc696b9@group-CE3C0447B19C, cid=91, SUCCESS, logIndex=162, commits[2573df58-4087-4dd0-8598-5abddcc696b9:c164]
2019-06-13 21:51:27,055 INFO  client.GrpcClientProtocolClient (GrpcClientProtocolClient.java:onNext(254)) - client-9C97446E6A25->2573df58-4087-4dd0-8598-5abddcc696b9: receive RaftClientReply:client-9C97446E6A25->2573df58-4087-4dd0-8598-5abddcc696b9@group-CE3C0447B19C, cid=92, SUCCESS, logIndex=164, commits[2573df58-4087-4dd0-8598-5abddcc696b9:c165]
2019-06-13 21:51:27,061 DEBUG block.SCMBlockDeletingService (SCMBlockDeletingService.java:call(138)) - Running DeletedBlockTransactionScanner
2019-06-13 21:51:27,061 DEBUG block.SCMBlockDeletingService (SCMBlockDeletingService.java:call(155)) - Scanned deleted blocks log and got 0 delTX to process.
2019-06-13 21:51:27,065 INFO  client.GrpcClientProtocolClient (GrpcClientProtocolClient.java:onNext(254)) - client-9C97446E6A25->2573df58-4087-4dd0-8598-5abddcc696b9: receive RaftClientReply:client-9C97446E6A25->2573df58-4087-4dd0-8598-5abddcc696b9@group-CE3C0447B19C, cid=93, SUCCESS, logIndex=166, commits[2573df58-4087-4dd0-8598-5abddcc696b9:c166]
2019-06-13 21:51:27,069 INFO  client.GrpcClientProtocolClient (GrpcClientProtocolClient.java:onNext(254)) - client-9C97446E6A25->2573df58-4087-4dd0-8598-5abddcc696b9: receive RaftClientReply:client-9C97446E6A25->2573df58-4087-4dd0-8598-5abddcc696b9@group-CE3C0447B19C, cid=94, SUCCESS, logIndex=168, commits[2573df58-4087-4dd0-8598-5abddcc696b9:c168]
2019-06-13 21:51:27,070 INFO  client.GrpcClientProtocolClient (GrpcClientProtocolClient.java:onNext(254)) - client-9C97446E6A25->2573df58-4087-4dd0-8598-5abddcc696b9: receive RaftClientReply:client-9C97446E6A25->2573df58-4087-4dd0-8598-5abddcc696b9@group-CE3C0447B19C, cid=95, SUCCESS, logIndex=169, commits[2573df58-4087-4dd0-8598-5abddcc696b9:c171]
2019-06-13 21:51:27,071 INFO  client.GrpcClientProtocolClient (GrpcClientProtocolClient.java:onNext(254)) - client-9C97446E6A25->2573df58-4087-4dd0-8598-5abddcc696b9: receive RaftClientReply:client-9C97446E6A25->2573df58-4087-4dd0-8598-5abddcc696b9@group-CE3C0447B19C, cid=96, SUCCESS, logIndex=171, commits[2573df58-4087-4dd0-8598-5abddcc696b9:c172]
2019-06-13 21:51:27,087 INFO  client.GrpcClientProtocolClient (GrpcClientProtocolClient.java:onNext(254)) - client-9C97446E6A25->2573df58-4087-4dd0-8598-5abddcc696b9: receive RaftClientReply:client-9C97446E6A25->2573df58-4087-4dd0-8598-5abddcc696b9@group-CE3C0447B19C, cid=97, SUCCESS, logIndex=173, commits[2573df58-4087-4dd0-8598-5abddcc696b9:c173]
2019-06-13 21:51:27,090 INFO  client.GrpcClientProtocolClient (GrpcClientProtocolClient.java:onNext(254)) - client-9C97446E6A25->2573df58-4087-4dd0-8598-5abddcc696b9: receive RaftClientReply:client-9C97446E6A25->2573df58-4087-4dd0-8598-5abddcc696b9@group-CE3C0447B19C, cid=98, SUCCESS, logIndex=175, commits[2573df58-4087-4dd0-8598-5abddcc696b9:c176]
2019-06-13 21:51:27,094 INFO  client.GrpcClientProtocolClient (GrpcClientProtocolClient.java:onNext(254)) - client-9C97446E6A25->2573df58-4087-4dd0-8598-5abddcc696b9: receive RaftClientReply:client-9C97446E6A25->2573df58-4087-4dd0-8598-5abddcc696b9@group-CE3C0447B19C, cid=99, SUCCESS, logIndex=177, commits[2573df58-4087-4dd0-8598-5abddcc696b9:c178]
2019-06-13 21:51:27,095 INFO  client.GrpcClientProtocolClient (GrpcClientProtocolClient.java:onNext(254)) - client-9C97446E6A25->2573df58-4087-4dd0-8598-5abddcc696b9: receive RaftClientReply:client-9C97446E6A25->2573df58-4087-4dd0-8598-5abddcc696b9@group-CE3C0447B19C, cid=100, SUCCESS, logIndex=178, commits[2573df58-4087-4dd0-8598-5abddcc696b9:c179]
2019-06-13 21:51:27,105 INFO  client.GrpcClientProtocolClient (GrpcClientProtocolClient.java:onNext(254)) - client-9C97446E6A25->2573df58-4087-4dd0-8598-5abddcc696b9: receive RaftClientReply:client-9C97446E6A25->2573df58-4087-4dd0-8598-5abddcc696b9@group-CE3C0447B19C, cid=101, SUCCESS, logIndex=180, commits[2573df58-4087-4dd0-8598-5abddcc696b9:c180]
2019-06-13 21:51:27,164 DEBUG block.SCMBlockDeletingService (SCMBlockDeletingService.java:call(138)) - Running DeletedBlockTransactionScanner
2019-06-13 21:51:27,164 DEBUG block.SCMBlockDeletingService (SCMBlockDeletingService.java:call(155)) - Scanned deleted blocks log and got 0 delTX to process.
2019-06-13 21:51:27,169 INFO  client.GrpcClientProtocolClient (GrpcClientProtocolClient.java:onNext(254)) - client-9C97446E6A25->2573df58-4087-4dd0-8598-5abddcc696b9: receive RaftClientReply:client-9C97446E6A25->2573df58-4087-4dd0-8598-5abddcc696b9@group-CE3C0447B19C, cid=102, SUCCESS, logIndex=182, commits[2573df58-4087-4dd0-8598-5abddcc696b9:c182]
2019-06-13 21:51:27,172 INFO  client.GrpcClientProtocolClient (GrpcClientProtocolClient.java:onNext(254)) - client-9C97446E6A25->2573df58-4087-4dd0-8598-5abddcc696b9: receive RaftClientReply:client-9C97446E6A25->2573df58-4087-4dd0-8598-5abddcc696b9@group-CE3C0447B19C, cid=103, SUCCESS, logIndex=184, commits[2573df58-4087-4dd0-8598-5abddcc696b9:c185]
2019-06-13 21:51:27,172 INFO  client.GrpcClientProtocolClient (GrpcClientProtocolClient.java:onNext(254)) - client-9C97446E6A25->2573df58-4087-4dd0-8598-5abddcc696b9: receive RaftClientReply:client-9C97446E6A25->2573df58-4087-4dd0-8598-5abddcc696b9@group-CE3C0447B19C, cid=104, SUCCESS, logIndex=185, commits[2573df58-4087-4dd0-8598-5abddcc696b9:c185]
2019-06-13 21:51:27,187 INFO  client.GrpcClientProtocolClient (GrpcClientProtocolClient.java:onNext(254)) - client-9C97446E6A25->2573df58-4087-4dd0-8598-5abddcc696b9: receive RaftClientReply:client-9C97446E6A25->2573df58-4087-4dd0-8598-5abddcc696b9@group-CE3C0447B19C, cid=105, SUCCESS, logIndex=187, commits[2573df58-4087-4dd0-8598-5abddcc696b9:c187]
2019-06-13 21:51:27,195 INFO  client.GrpcClientProtocolClient (GrpcClientProtocolClient.java:onNext(254)) - client-9C97446E6A25->2573df58-4087-4dd0-8598-5abddcc696b9: receive RaftClientReply:client-9C97446E6A25->2573df58-4087-4dd0-8598-5abddcc696b9@group-CE3C0447B19C, cid=106, SUCCESS, logIndex=189, commits[2573df58-4087-4dd0-8598-5abddcc696b9:c190]
2019-06-13 21:51:27,196 INFO  client.GrpcClientProtocolClient (GrpcClientProtocolClient.java:onNext(254)) - client-9C97446E6A25->2573df58-4087-4dd0-8598-5abddcc696b9: receive RaftClientReply:client-9C97446E6A25->2573df58-4087-4dd0-8598-5abddcc696b9@group-CE3C0447B19C, cid=107, SUCCESS, logIndex=190, commits[2573df58-4087-4dd0-8598-5abddcc696b9:c190]
2019-06-13 21:51:27,197 INFO  client.GrpcClientProtocolClient (GrpcClientProtocolClient.java:onNext(254)) - client-9C97446E6A25->2573df58-4087-4dd0-8598-5abddcc696b9: receive RaftClientReply:client-9C97446E6A25->2573df58-4087-4dd0-8598-5abddcc696b9@group-CE3C0447B19C, cid=108, SUCCESS, logIndex=193, commits[2573df58-4087-4dd0-8598-5abddcc696b9:c193]
2019-06-13 21:51:27,214 INFO  client.GrpcClientProtocolClient (GrpcClientProtocolClient.java:onNext(254)) - client-9C97446E6A25->2573df58-4087-4dd0-8598-5abddcc696b9: receive RaftClientReply:client-9C97446E6A25->2573df58-4087-4dd0-8598-5abddcc696b9@group-CE3C0447B19C, cid=109, SUCCESS, logIndex=195, commits[2573df58-4087-4dd0-8598-5abddcc696b9:c195]
2019-06-13 21:51:27,217 INFO  client.GrpcClientProtocolClient (GrpcClientProtocolClient.java:onNext(254)) - client-9C97446E6A25->2573df58-4087-4dd0-8598-5abddcc696b9: receive RaftClientReply:client-9C97446E6A25->2573df58-4087-4dd0-8598-5abddcc696b9@group-CE3C0447B19C, cid=110, SUCCESS, logIndex=197, commits[2573df58-4087-4dd0-8598-5abddcc696b9:c197]
2019-06-13 21:51:27,221 INFO  client.GrpcClientProtocolClient (GrpcClientProtocolClient.java:onNext(254)) - client-9C97446E6A25->2573df58-4087-4dd0-8598-5abddcc696b9: receive RaftClientReply:client-9C97446E6A25->2573df58-4087-4dd0-8598-5abddcc696b9@group-CE3C0447B19C, cid=111, SUCCESS, logIndex=198, commits[2573df58-4087-4dd0-8598-5abddcc696b9:c200]
2019-06-13 21:51:27,222 INFO  client.GrpcClientProtocolClient (GrpcClientProtocolClient.java:onNext(254)) - client-9C97446E6A25->2573df58-4087-4dd0-8598-5abddcc696b9: receive RaftClientReply:client-9C97446E6A25->2573df58-4087-4dd0-8598-5abddcc696b9@group-CE3C0447B19C, cid=112, SUCCESS, logIndex=200, commits[2573df58-4087-4dd0-8598-5abddcc696b9:c201]
2019-06-13 21:51:27,237 INFO  client.GrpcClientProtocolClient (GrpcClientProtocolClient.java:onNext(254)) - client-9C97446E6A25->2573df58-4087-4dd0-8598-5abddcc696b9: receive RaftClientReply:client-9C97446E6A25->2573df58-4087-4dd0-8598-5abddcc696b9@group-CE3C0447B19C, cid=113, SUCCESS, logIndex=202, commits[2573df58-4087-4dd0-8598-5abddcc696b9:c202]
2019-06-13 21:51:27,240 INFO  client.GrpcClientProtocolClient (GrpcClientProtocolClient.java:onNext(254)) - client-9C97446E6A25->2573df58-4087-4dd0-8598-5abddcc696b9: receive RaftClientReply:client-9C97446E6A25->2573df58-4087-4dd0-8598-5abddcc696b9@group-CE3C0447B19C, cid=114, SUCCESS, logIndex=204, commits[2573df58-4087-4dd0-8598-5abddcc696b9:c204]
2019-06-13 21:51:27,242 INFO  client.GrpcClientProtocolClient (GrpcClientProtocolClient.java:onNext(254)) - client-9C97446E6A25->2573df58-4087-4dd0-8598-5abddcc696b9: receive RaftClientReply:client-9C97446E6A25->2573df58-4087-4dd0-8598-5abddcc696b9@group-CE3C0447B19C, cid=115, SUCCESS, logIndex=205, commits[2573df58-4087-4dd0-8598-5abddcc696b9:c207]
2019-06-13 21:51:27,243 INFO  client.GrpcClientProtocolClient (GrpcClientProtocolClient.java:onNext(254)) - client-9C97446E6A25->2573df58-4087-4dd0-8598-5abddcc696b9: receive RaftClientReply:client-9C97446E6A25->2573df58-4087-4dd0-8598-5abddcc696b9@group-CE3C0447B19C, cid=116, SUCCESS, logIndex=206, commits[2573df58-4087-4dd0-8598-5abddcc696b9:c207]
2019-06-13 21:51:27,254 INFO  client.GrpcClientProtocolClient (GrpcClientProtocolClient.java:onNext(254)) - client-9C97446E6A25->2573df58-4087-4dd0-8598-5abddcc696b9: receive RaftClientReply:client-9C97446E6A25->2573df58-4087-4dd0-8598-5abddcc696b9@group-CE3C0447B19C, cid=117, SUCCESS, logIndex=208, commits[2573df58-4087-4dd0-8598-5abddcc696b9:c208]
2019-06-13 21:51:27,256 INFO  client.GrpcClientProtocolClient (GrpcClientProtocolClient.java:onNext(254)) - client-9C97446E6A25->2573df58-4087-4dd0-8598-5abddcc696b9: receive RaftClientReply:client-9C97446E6A25->2573df58-4087-4dd0-8598-5abddcc696b9@group-CE3C0447B19C, cid=118, SUCCESS, logIndex=210, commits[2573df58-4087-4dd0-8598-5abddcc696b9:c210]
2019-06-13 21:51:27,261 INFO  client.GrpcClientProtocolClient (GrpcClientProtocolClient.java:onNext(254)) - client-9C97446E6A25->2573df58-4087-4dd0-8598-5abddcc696b9: receive RaftClientReply:client-9C97446E6A25->2573df58-4087-4dd0-8598-5abddcc696b9@group-CE3C0447B19C, cid=119, SUCCESS, logIndex=212, commits[2573df58-4087-4dd0-8598-5abddcc696b9:c212]
2019-06-13 21:51:27,261 INFO  client.GrpcClientProtocolClient (GrpcClientProtocolClient.java:onNext(254)) - client-9C97446E6A25->2573df58-4087-4dd0-8598-5abddcc696b9: receive RaftClientReply:client-9C97446E6A25->2573df58-4087-4dd0-8598-5abddcc696b9@group-CE3C0447B19C, cid=120, SUCCESS, logIndex=213, commits[2573df58-4087-4dd0-8598-5abddcc696b9:c213]
2019-06-13 21:51:27,267 DEBUG block.SCMBlockDeletingService (SCMBlockDeletingService.java:call(138)) - Running DeletedBlockTransactionScanner
2019-06-13 21:51:27,267 DEBUG block.SCMBlockDeletingService (SCMBlockDeletingService.java:call(155)) - Scanned deleted blocks log and got 0 delTX to process.
2019-06-13 21:51:27,275 INFO  client.GrpcClientProtocolClient (GrpcClientProtocolClient.java:onNext(254)) - client-9C97446E6A25->2573df58-4087-4dd0-8598-5abddcc696b9: receive RaftClientReply:client-9C97446E6A25->2573df58-4087-4dd0-8598-5abddcc696b9@group-CE3C0447B19C, cid=121, SUCCESS, logIndex=216, commits[2573df58-4087-4dd0-8598-5abddcc696b9:c216]
2019-06-13 21:51:27,278 INFO  client.GrpcClientProtocolClient (GrpcClientProtocolClient.java:onNext(254)) - client-9C97446E6A25->2573df58-4087-4dd0-8598-5abddcc696b9: receive RaftClientReply:client-9C97446E6A25->2573df58-4087-4dd0-8598-5abddcc696b9@group-CE3C0447B19C, cid=122, SUCCESS, logIndex=218, commits[2573df58-4087-4dd0-8598-5abddcc696b9:c218]
2019-06-13 21:51:27,283 INFO  client.GrpcClientProtocolClient (GrpcClientProtocolClient.java:onNext(254)) - client-9C97446E6A25->2573df58-4087-4dd0-8598-5abddcc696b9: receive RaftClientReply:client-9C97446E6A25->2573df58-4087-4dd0-8598-5abddcc696b9@group-CE3C0447B19C, cid=123, SUCCESS, logIndex=219, commits[2573df58-4087-4dd0-8598-5abddcc696b9:c219]
2019-06-13 21:51:27,284 INFO  client.GrpcClientProtocolClient (GrpcClientProtocolClient.java:onNext(254)) - client-9C97446E6A25->2573df58-4087-4dd0-8598-5abddcc696b9: receive RaftClientReply:client-9C97446E6A25->2573df58-4087-4dd0-8598-5abddcc696b9@group-CE3C0447B19C, cid=124, SUCCESS, logIndex=221, commits[2573df58-4087-4dd0-8598-5abddcc696b9:c222]
2019-06-13 21:51:27,307 INFO  client.GrpcClientProtocolClient (GrpcClientProtocolClient.java:onNext(254)) - client-9C97446E6A25->2573df58-4087-4dd0-8598-5abddcc696b9: receive RaftClientReply:client-9C97446E6A25->2573df58-4087-4dd0-8598-5abddcc696b9@group-CE3C0447B19C, cid=125, SUCCESS, logIndex=224, commits[2573df58-4087-4dd0-8598-5abddcc696b9:c224]
2019-06-13 21:51:27,313 INFO  client.GrpcClientProtocolClient (GrpcClientProtocolClient.java:onNext(254)) - client-9C97446E6A25->2573df58-4087-4dd0-8598-5abddcc696b9: receive RaftClientReply:client-9C97446E6A25->2573df58-4087-4dd0-8598-5abddcc696b9@group-CE3C0447B19C, cid=126, SUCCESS, logIndex=226, commits[2573df58-4087-4dd0-8598-5abddcc696b9:c226]
2019-06-13 21:51:27,314 INFO  client.GrpcClientProtocolClient (GrpcClientProtocolClient.java:onNext(254)) - client-9C97446E6A25->2573df58-4087-4dd0-8598-5abddcc696b9: receive RaftClientReply:client-9C97446E6A25->2573df58-4087-4dd0-8598-5abddcc696b9@group-CE3C0447B19C, cid=127, SUCCESS, logIndex=227, commits[2573df58-4087-4dd0-8598-5abddcc696b9:c229]
2019-06-13 21:51:27,316 INFO  client.GrpcClientProtocolClient (GrpcClientProtocolClient.java:onNext(254)) - client-9C97446E6A25->2573df58-4087-4dd0-8598-5abddcc696b9: receive RaftClientReply:client-9C97446E6A25->2573df58-4087-4dd0-8598-5abddcc696b9@group-CE3C0447B19C, cid=128, SUCCESS, logIndex=229, commits[2573df58-4087-4dd0-8598-5abddcc696b9:c230]
2019-06-13 21:51:27,331 INFO  client.GrpcClientProtocolClient (GrpcClientProtocolClient.java:onNext(254)) - client-9C97446E6A25->2573df58-4087-4dd0-8598-5abddcc696b9: receive RaftClientReply:client-9C97446E6A25->2573df58-4087-4dd0-8598-5abddcc696b9@group-CE3C0447B19C, cid=129, SUCCESS, logIndex=231, commits[2573df58-4087-4dd0-8598-5abddcc696b9:c231]
2019-06-13 21:51:27,332 INFO  storage.RaftLogWorker (RaftLogWorker.java:rollLogSegment(303)) - 2573df58-4087-4dd0-8598-5abddcc696b9-RaftLogWorker: Rolling segment log-157_233 to index:233
2019-06-13 21:51:27,332 INFO  storage.RaftLogWorker (RaftLogWorker.java:execute(433)) - 2573df58-4087-4dd0-8598-5abddcc696b9-RaftLogWorker: Rolled log segment from /opt/src/hadoop-ozone/integration-test/target/test-dir/MiniOzoneClusterImpl-8578056e-9b7b-4e66-9e9f-ef53d5cd7c03/datanode-0/data/ratis/7f5c2536-ed89-4233-9ec0-ce3c0447b19c/current/log_inprogress_157 to /opt/src/hadoop-ozone/integration-test/target/test-dir/MiniOzoneClusterImpl-8578056e-9b7b-4e66-9e9f-ef53d5cd7c03/datanode-0/data/ratis/7f5c2536-ed89-4233-9ec0-ce3c0447b19c/current/log_157-233
2019-06-13 21:51:27,344 INFO  client.GrpcClientProtocolClient (GrpcClientProtocolClient.java:onNext(254)) - client-9C97446E6A25->2573df58-4087-4dd0-8598-5abddcc696b9: receive RaftClientReply:client-9C97446E6A25->2573df58-4087-4dd0-8598-5abddcc696b9@group-CE3C0447B19C, cid=130, SUCCESS, logIndex=233, commits[2573df58-4087-4dd0-8598-5abddcc696b9:c233]
2019-06-13 21:51:27,367 DEBUG block.SCMBlockDeletingService (SCMBlockDeletingService.java:call(138)) - Running DeletedBlockTransactionScanner
2019-06-13 21:51:27,375 DEBUG block.SCMBlockDeletingService (SCMBlockDeletingService.java:call(155)) - Scanned deleted blocks log and got 0 delTX to process.
2019-06-13 21:51:27,377 INFO  storage.RaftLogWorker (RaftLogWorker.java:execute(469)) - 2573df58-4087-4dd0-8598-5abddcc696b9-RaftLogWorker: created new log segment /opt/src/hadoop-ozone/integration-test/target/test-dir/MiniOzoneClusterImpl-8578056e-9b7b-4e66-9e9f-ef53d5cd7c03/datanode-0/data/ratis/7f5c2536-ed89-4233-9ec0-ce3c0447b19c/current/log_inprogress_234
2019-06-13 21:51:27,379 INFO  client.GrpcClientProtocolClient (GrpcClientProtocolClient.java:onNext(254)) - client-9C97446E6A25->2573df58-4087-4dd0-8598-5abddcc696b9: receive RaftClientReply:client-9C97446E6A25->2573df58-4087-4dd0-8598-5abddcc696b9@group-CE3C0447B19C, cid=131, SUCCESS, logIndex=234, commits[2573df58-4087-4dd0-8598-5abddcc696b9:c236]
2019-06-13 21:51:27,382 INFO  client.GrpcClientProtocolClient (GrpcClientProtocolClient.java:onNext(254)) - client-9C97446E6A25->2573df58-4087-4dd0-8598-5abddcc696b9: receive RaftClientReply:client-9C97446E6A25->2573df58-4087-4dd0-8598-5abddcc696b9@group-CE3C0447B19C, cid=132, SUCCESS, logIndex=236, commits[2573df58-4087-4dd0-8598-5abddcc696b9:c237]
2019-06-13 21:51:27,459 INFO  client.GrpcClientProtocolClient (GrpcClientProtocolClient.java:onNext(254)) - client-9C97446E6A25->2573df58-4087-4dd0-8598-5abddcc696b9: receive RaftClientReply:client-9C97446E6A25->2573df58-4087-4dd0-8598-5abddcc696b9@group-CE3C0447B19C, cid=133, SUCCESS, logIndex=238, commits[2573df58-4087-4dd0-8598-5abddcc696b9:c238]
2019-06-13 21:51:27,462 INFO  client.GrpcClientProtocolClient (GrpcClientProtocolClient.java:onNext(254)) - client-9C97446E6A25->2573df58-4087-4dd0-8598-5abddcc696b9: receive RaftClientReply:client-9C97446E6A25->2573df58-4087-4dd0-8598-5abddcc696b9@group-CE3C0447B19C, cid=134, SUCCESS, logIndex=240, commits[2573df58-4087-4dd0-8598-5abddcc696b9:c240]
2019-06-13 21:51:27,463 INFO  client.GrpcClientProtocolClient (GrpcClientProtocolClient.java:onNext(254)) - client-9C97446E6A25->2573df58-4087-4dd0-8598-5abddcc696b9: receive RaftClientReply:client-9C97446E6A25->2573df58-4087-4dd0-8598-5abddcc696b9@group-CE3C0447B19C, cid=135, SUCCESS, logIndex=241, commits[2573df58-4087-4dd0-8598-5abddcc696b9:c243]
2019-06-13 21:51:27,464 INFO  client.GrpcClientProtocolClient (GrpcClientProtocolClient.java:onNext(254)) - client-9C97446E6A25->2573df58-4087-4dd0-8598-5abddcc696b9: receive RaftClientReply:client-9C97446E6A25->2573df58-4087-4dd0-8598-5abddcc696b9@group-CE3C0447B19C, cid=136, SUCCESS, logIndex=242, commits[2573df58-4087-4dd0-8598-5abddcc696b9:c243]
2019-06-13 21:51:27,475 DEBUG block.SCMBlockDeletingService (SCMBlockDeletingService.java:call(138)) - Running DeletedBlockTransactionScanner
2019-06-13 21:51:27,475 DEBUG block.SCMBlockDeletingService (SCMBlockDeletingService.java:call(155)) - Scanned deleted blocks log and got 0 delTX to process.
2019-06-13 21:51:27,543 INFO  client.GrpcClientProtocolClient (GrpcClientProtocolClient.java:onNext(254)) - client-9C97446E6A25->2573df58-4087-4dd0-8598-5abddcc696b9: receive RaftClientReply:client-9C97446E6A25->2573df58-4087-4dd0-8598-5abddcc696b9@group-CE3C0447B19C, cid=137, SUCCESS, logIndex=244, commits[2573df58-4087-4dd0-8598-5abddcc696b9:c244]
2019-06-13 21:51:27,551 INFO  client.GrpcClientProtocolClient (GrpcClientProtocolClient.java:onNext(254)) - client-9C97446E6A25->2573df58-4087-4dd0-8598-5abddcc696b9: receive RaftClientReply:client-9C97446E6A25->2573df58-4087-4dd0-8598-5abddcc696b9@group-CE3C0447B19C, cid=138, SUCCESS, logIndex=246, commits[2573df58-4087-4dd0-8598-5abddcc696b9:c246]
2019-06-13 21:51:27,562 INFO  client.GrpcClientProtocolClient (GrpcClientProtocolClient.java:onNext(254)) - client-9C97446E6A25->2573df58-4087-4dd0-8598-5abddcc696b9: receive RaftClientReply:client-9C97446E6A25->2573df58-4087-4dd0-8598-5abddcc696b9@group-CE3C0447B19C, cid=139, SUCCESS, logIndex=248, commits[2573df58-4087-4dd0-8598-5abddcc696b9:c248]
2019-06-13 21:51:27,563 INFO  client.GrpcClientProtocolClient (GrpcClientProtocolClient.java:onNext(254)) - client-9C97446E6A25->2573df58-4087-4dd0-8598-5abddcc696b9: receive RaftClientReply:client-9C97446E6A25->2573df58-4087-4dd0-8598-5abddcc696b9@group-CE3C0447B19C, cid=140, SUCCESS, logIndex=249, commits[2573df58-4087-4dd0-8598-5abddcc696b9:c250]
2019-06-13 21:51:27,573 INFO  client.GrpcClientProtocolClient (GrpcClientProtocolClient.java:onNext(254)) - client-9C97446E6A25->2573df58-4087-4dd0-8598-5abddcc696b9: receive RaftClientReply:client-9C97446E6A25->2573df58-4087-4dd0-8598-5abddcc696b9@group-CE3C0447B19C, cid=141, SUCCESS, logIndex=251, commits[2573df58-4087-4dd0-8598-5abddcc696b9:c251]
2019-06-13 21:51:27,576 DEBUG block.SCMBlockDeletingService (SCMBlockDeletingService.java:call(138)) - Running DeletedBlockTransactionScanner
2019-06-13 21:51:27,576 DEBUG block.SCMBlockDeletingService (SCMBlockDeletingService.java:call(155)) - Scanned deleted blocks log and got 0 delTX to process.
2019-06-13 21:51:27,576 INFO  client.GrpcClientProtocolClient (GrpcClientProtocolClient.java:onNext(254)) - client-9C97446E6A25->2573df58-4087-4dd0-8598-5abddcc696b9: receive RaftClientReply:client-9C97446E6A25->2573df58-4087-4dd0-8598-5abddcc696b9@group-CE3C0447B19C, cid=142, SUCCESS, logIndex=253, commits[2573df58-4087-4dd0-8598-5abddcc696b9:c253]
2019-06-13 21:51:27,584 INFO  client.GrpcClientProtocolClient (GrpcClientProtocolClient.java:onNext(254)) - client-9C97446E6A25->2573df58-4087-4dd0-8598-5abddcc696b9: receive RaftClientReply:client-9C97446E6A25->2573df58-4087-4dd0-8598-5abddcc696b9@group-CE3C0447B19C, cid=143, SUCCESS, logIndex=254, commits[2573df58-4087-4dd0-8598-5abddcc696b9:c256]
2019-06-13 21:51:27,585 INFO  client.GrpcClientProtocolClient (GrpcClientProtocolClient.java:onNext(254)) - client-9C97446E6A25->2573df58-4087-4dd0-8598-5abddcc696b9: receive RaftClientReply:client-9C97446E6A25->2573df58-4087-4dd0-8598-5abddcc696b9@group-CE3C0447B19C, cid=144, SUCCESS, logIndex=256, commits[2573df58-4087-4dd0-8598-5abddcc696b9:c257]
2019-06-13 21:51:27,598 INFO  client.GrpcClientProtocolClient (GrpcClientProtocolClient.java:onNext(254)) - client-9C97446E6A25->2573df58-4087-4dd0-8598-5abddcc696b9: receive RaftClientReply:client-9C97446E6A25->2573df58-4087-4dd0-8598-5abddcc696b9@group-CE3C0447B19C, cid=145, SUCCESS, logIndex=258, commits[2573df58-4087-4dd0-8598-5abddcc696b9:c258]
2019-06-13 21:51:27,603 INFO  client.GrpcClientProtocolClient (GrpcClientProtocolClient.java:onNext(254)) - client-9C97446E6A25->2573df58-4087-4dd0-8598-5abddcc696b9: receive RaftClientReply:client-9C97446E6A25->2573df58-4087-4dd0-8598-5abddcc696b9@group-CE3C0447B19C, cid=146, SUCCESS, logIndex=260, commits[2573df58-4087-4dd0-8598-5abddcc696b9:c260]
2019-06-13 21:51:27,603 INFO  client.GrpcClientProtocolClient (GrpcClientProtocolClient.java:onNext(254)) - client-9C97446E6A25->2573df58-4087-4dd0-8598-5abddcc696b9: receive RaftClientReply:client-9C97446E6A25->2573df58-4087-4dd0-8598-5abddcc696b9@group-CE3C0447B19C, cid=147, SUCCESS, logIndex=261, commits[2573df58-4087-4dd0-8598-5abddcc696b9:c262]
2019-06-13 21:51:27,607 INFO  client.GrpcClientProtocolClient (GrpcClientProtocolClient.java:onNext(254)) - client-9C97446E6A25->2573df58-4087-4dd0-8598-5abddcc696b9: receive RaftClientReply:client-9C97446E6A25->2573df58-4087-4dd0-8598-5abddcc696b9@group-CE3C0447B19C, cid=148, SUCCESS, logIndex=263, commits[2573df58-4087-4dd0-8598-5abddcc696b9:c264]
2019-06-13 21:51:27,617 INFO  client.GrpcClientProtocolClient (GrpcClientProtocolClient.java:onNext(254)) - client-9C97446E6A25->2573df58-4087-4dd0-8598-5abddcc696b9: receive RaftClientReply:client-9C97446E6A25->2573df58-4087-4dd0-8598-5abddcc696b9@group-CE3C0447B19C, cid=149, SUCCESS, logIndex=265, commits[2573df58-4087-4dd0-8598-5abddcc696b9:c265]
2019-06-13 21:51:27,620 INFO  client.GrpcClientProtocolClient (GrpcClientProtocolClient.java:onNext(254)) - client-9C97446E6A25->2573df58-4087-4dd0-8598-5abddcc696b9: receive RaftClientReply:client-9C97446E6A25->2573df58-4087-4dd0-8598-5abddcc696b9@group-CE3C0447B19C, cid=150, SUCCESS, logIndex=267, commits[2573df58-4087-4dd0-8598-5abddcc696b9:c267]
2019-06-13 21:51:27,622 INFO  client.GrpcClientProtocolClient (GrpcClientProtocolClient.java:onNext(254)) - client-9C97446E6A25->2573df58-4087-4dd0-8598-5abddcc696b9: receive RaftClientReply:client-9C97446E6A25->2573df58-4087-4dd0-8598-5abddcc696b9@group-CE3C0447B19C, cid=151, SUCCESS, logIndex=268, commits[2573df58-4087-4dd0-8598-5abddcc696b9:c270]
2019-06-13 21:51:27,623 INFO  client.GrpcClientProtocolClient (GrpcClientProtocolClient.java:onNext(254)) - client-9C97446E6A25->2573df58-4087-4dd0-8598-5abddcc696b9: receive RaftClientReply:client-9C97446E6A25->2573df58-4087-4dd0-8598-5abddcc696b9@group-CE3C0447B19C, cid=152, SUCCESS, logIndex=270, commits[2573df58-4087-4dd0-8598-5abddcc696b9:c271]
2019-06-13 21:51:27,640 INFO  client.GrpcClientProtocolClient (GrpcClientProtocolClient.java:onNext(254)) - client-9C97446E6A25->2573df58-4087-4dd0-8598-5abddcc696b9: receive RaftClientReply:client-9C97446E6A25->2573df58-4087-4dd0-8598-5abddcc696b9@group-CE3C0447B19C, cid=153, SUCCESS, logIndex=272, commits[2573df58-4087-4dd0-8598-5abddcc696b9:c272]
2019-06-13 21:51:27,644 INFO  client.GrpcClientProtocolClient (GrpcClientProtocolClient.java:onNext(254)) - client-9C97446E6A25->2573df58-4087-4dd0-8598-5abddcc696b9: receive RaftClientReply:client-9C97446E6A25->2573df58-4087-4dd0-8598-5abddcc696b9@group-CE3C0447B19C, cid=154, SUCCESS, logIndex=274, commits[2573df58-4087-4dd0-8598-5abddcc696b9:c275]
2019-06-13 21:51:27,648 INFO  client.GrpcClientProtocolClient (GrpcClientProtocolClient.java:onNext(254)) - client-9C97446E6A25->2573df58-4087-4dd0-8598-5abddcc696b9: receive RaftClientReply:client-9C97446E6A25->2573df58-4087-4dd0-8598-5abddcc696b9@group-CE3C0447B19C, cid=155, SUCCESS, logIndex=275, commits[2573df58-4087-4dd0-8598-5abddcc696b9:c275]
2019-06-13 21:51:27,648 INFO  client.GrpcClientProtocolClient (GrpcClientProtocolClient.java:onNext(254)) - client-9C97446E6A25->2573df58-4087-4dd0-8598-5abddcc696b9: receive RaftClientReply:client-9C97446E6A25->2573df58-4087-4dd0-8598-5abddcc696b9@group-CE3C0447B19C, cid=156, SUCCESS, logIndex=277, commits[2573df58-4087-4dd0-8598-5abddcc696b9:c278]
2019-06-13 21:51:27,658 INFO  client.GrpcClientProtocolClient (GrpcClientProtocolClient.java:onNext(254)) - client-9C97446E6A25->2573df58-4087-4dd0-8598-5abddcc696b9: receive RaftClientReply:client-9C97446E6A25->2573df58-4087-4dd0-8598-5abddcc696b9@group-CE3C0447B19C, cid=157, SUCCESS, logIndex=279, commits[2573df58-4087-4dd0-8598-5abddcc696b9:c279]
2019-06-13 21:51:27,661 INFO  client.GrpcClientProtocolClient (GrpcClientProtocolClient.java:onNext(254)) - client-9C97446E6A25->2573df58-4087-4dd0-8598-5abddcc696b9: receive RaftClientReply:client-9C97446E6A25->2573df58-4087-4dd0-8598-5abddcc696b9@group-CE3C0447B19C, cid=158, SUCCESS, logIndex=281, commits[2573df58-4087-4dd0-8598-5abddcc696b9:c282]
2019-06-13 21:51:27,666 INFO  client.GrpcClientProtocolClient (GrpcClientProtocolClient.java:onNext(254)) - client-9C97446E6A25->2573df58-4087-4dd0-8598-5abddcc696b9: receive RaftClientReply:client-9C97446E6A25->2573df58-4087-4dd0-8598-5abddcc696b9@group-CE3C0447B19C, cid=159, SUCCESS, logIndex=283, commits[2573df58-4087-4dd0-8598-5abddcc696b9:c283]
2019-06-13 21:51:27,668 INFO  client.GrpcClientProtocolClient (GrpcClientProtocolClient.java:onNext(254)) - client-9C97446E6A25->2573df58-4087-4dd0-8598-5abddcc696b9: receive RaftClientReply:client-9C97446E6A25->2573df58-4087-4dd0-8598-5abddcc696b9@group-CE3C0447B19C, cid=160, SUCCESS, logIndex=285, commits[2573df58-4087-4dd0-8598-5abddcc696b9:c285]
2019-06-13 21:51:27,676 DEBUG block.SCMBlockDeletingService (SCMBlockDeletingService.java:call(138)) - Running DeletedBlockTransactionScanner
2019-06-13 21:51:27,676 DEBUG block.SCMBlockDeletingService (SCMBlockDeletingService.java:call(155)) - Scanned deleted blocks log and got 0 delTX to process.
2019-06-13 21:51:27,682 INFO  client.GrpcClientProtocolClient (GrpcClientProtocolClient.java:onNext(254)) - client-9C97446E6A25->2573df58-4087-4dd0-8598-5abddcc696b9: receive RaftClientReply:client-9C97446E6A25->2573df58-4087-4dd0-8598-5abddcc696b9@group-CE3C0447B19C, cid=161, SUCCESS, logIndex=287, commits[2573df58-4087-4dd0-8598-5abddcc696b9:c287]
2019-06-13 21:51:27,685 INFO  client.GrpcClientProtocolClient (GrpcClientProtocolClient.java:onNext(254)) - client-9C97446E6A25->2573df58-4087-4dd0-8598-5abddcc696b9: receive RaftClientReply:client-9C97446E6A25->2573df58-4087-4dd0-8598-5abddcc696b9@group-CE3C0447B19C, cid=162, SUCCESS, logIndex=289, commits[2573df58-4087-4dd0-8598-5abddcc696b9:c289]
2019-06-13 21:51:27,687 INFO  client.GrpcClientProtocolClient (GrpcClientProtocolClient.java:onNext(254)) - client-9C97446E6A25->2573df58-4087-4dd0-8598-5abddcc696b9: receive RaftClientReply:client-9C97446E6A25->2573df58-4087-4dd0-8598-5abddcc696b9@group-CE3C0447B19C, cid=163, SUCCESS, logIndex=291, commits[2573df58-4087-4dd0-8598-5abddcc696b9:c292]
2019-06-13 21:51:27,689 INFO  client.GrpcClientProtocolClient (GrpcClientProtocolClient.java:onNext(254)) - client-9C97446E6A25->2573df58-4087-4dd0-8598-5abddcc696b9: receive RaftClientReply:client-9C97446E6A25->2573df58-4087-4dd0-8598-5abddcc696b9@group-CE3C0447B19C, cid=164, SUCCESS, logIndex=292, commits[2573df58-4087-4dd0-8598-5abddcc696b9:c292]
2019-06-13 21:51:27,697 INFO  client.GrpcClientProtocolClient (GrpcClientProtocolClient.java:onNext(254)) - client-9C97446E6A25->2573df58-4087-4dd0-8598-5abddcc696b9: receive RaftClientReply:client-9C97446E6A25->2573df58-4087-4dd0-8598-5abddcc696b9@group-CE3C0447B19C, cid=165, SUCCESS, logIndex=294, commits[2573df58-4087-4dd0-8598-5abddcc696b9:c294]
2019-06-13 21:51:27,702 INFO  client.GrpcClientProtocolClient (GrpcClientProtocolClient.java:onNext(254)) - client-9C97446E6A25->2573df58-4087-4dd0-8598-5abddcc696b9: receive RaftClientReply:client-9C97446E6A25->2573df58-4087-4dd0-8598-5abddcc696b9@group-CE3C0447B19C, cid=166, SUCCESS, logIndex=296, commits[2573df58-4087-4dd0-8598-5abddcc696b9:c296]
2019-06-13 21:51:27,702 INFO  client.GrpcClientProtocolClient (GrpcClientProtocolClient.java:onNext(254)) - client-9C97446E6A25->2573df58-4087-4dd0-8598-5abddcc696b9: receive RaftClientReply:client-9C97446E6A25->2573df58-4087-4dd0-8598-5abddcc696b9@group-CE3C0447B19C, cid=167, SUCCESS, logIndex=297, commits[2573df58-4087-4dd0-8598-5abddcc696b9:c298]
2019-06-13 21:51:27,704 INFO  client.GrpcClientProtocolClient (GrpcClientProtocolClient.java:onNext(254)) - client-9C97446E6A25->2573df58-4087-4dd0-8598-5abddcc696b9: receive RaftClientReply:client-9C97446E6A25->2573df58-4087-4dd0-8598-5abddcc696b9@group-CE3C0447B19C, cid=168, SUCCESS, logIndex=299, commits[2573df58-4087-4dd0-8598-5abddcc696b9:c299]
2019-06-13 21:51:27,718 INFO  client.GrpcClientProtocolClient (GrpcClientProtocolClient.java:onNext(254)) - client-9C97446E6A25->2573df58-4087-4dd0-8598-5abddcc696b9: receive RaftClientReply:client-9C97446E6A25->2573df58-4087-4dd0-8598-5abddcc696b9@group-CE3C0447B19C, cid=169, SUCCESS, logIndex=301, commits[2573df58-4087-4dd0-8598-5abddcc696b9:c301]
2019-06-13 21:51:27,723 INFO  client.GrpcClientProtocolClient (GrpcClientProtocolClient.java:onNext(254)) - client-9C97446E6A25->2573df58-4087-4dd0-8598-5abddcc696b9: receive RaftClientReply:client-9C97446E6A25->2573df58-4087-4dd0-8598-5abddcc696b9@group-CE3C0447B19C, cid=170, SUCCESS, logIndex=303, commits[2573df58-4087-4dd0-8598-5abddcc696b9:c303]
2019-06-13 21:51:27,724 INFO  client.GrpcClientProtocolClient (GrpcClientProtocolClient.java:onNext(254)) - client-9C97446E6A25->2573df58-4087-4dd0-8598-5abddcc696b9: receive RaftClientReply:client-9C97446E6A25->2573df58-4087-4dd0-8598-5abddcc696b9@group-CE3C0447B19C, cid=171, SUCCESS, logIndex=304, commits[2573df58-4087-4dd0-8598-5abddcc696b9:c304]
2019-06-13 21:51:27,725 INFO  client.GrpcClientProtocolClient (GrpcClientProtocolClient.java:onNext(254)) - client-9C97446E6A25->2573df58-4087-4dd0-8598-5abddcc696b9: receive RaftClientReply:client-9C97446E6A25->2573df58-4087-4dd0-8598-5abddcc696b9@group-CE3C0447B19C, cid=172, SUCCESS, logIndex=306, commits[2573df58-4087-4dd0-8598-5abddcc696b9:c306]
2019-06-13 21:51:27,734 INFO  storage.RaftLogWorker (RaftLogWorker.java:rollLogSegment(303)) - 2573df58-4087-4dd0-8598-5abddcc696b9-RaftLogWorker: Rolling segment log-234_310 to index:310
2019-06-13 21:51:27,734 INFO  storage.RaftLogWorker (RaftLogWorker.java:execute(433)) - 2573df58-4087-4dd0-8598-5abddcc696b9-RaftLogWorker: Rolled log segment from /opt/src/hadoop-ozone/integration-test/target/test-dir/MiniOzoneClusterImpl-8578056e-9b7b-4e66-9e9f-ef53d5cd7c03/datanode-0/data/ratis/7f5c2536-ed89-4233-9ec0-ce3c0447b19c/current/log_inprogress_234 to /opt/src/hadoop-ozone/integration-test/target/test-dir/MiniOzoneClusterImpl-8578056e-9b7b-4e66-9e9f-ef53d5cd7c03/datanode-0/data/ratis/7f5c2536-ed89-4233-9ec0-ce3c0447b19c/current/log_234-310
2019-06-13 21:51:27,736 INFO  client.GrpcClientProtocolClient (GrpcClientProtocolClient.java:onNext(254)) - client-9C97446E6A25->2573df58-4087-4dd0-8598-5abddcc696b9: receive RaftClientReply:client-9C97446E6A25->2573df58-4087-4dd0-8598-5abddcc696b9@group-CE3C0447B19C, cid=173, SUCCESS, logIndex=309, commits[2573df58-4087-4dd0-8598-5abddcc696b9:c309]
2019-06-13 21:51:27,777 DEBUG block.SCMBlockDeletingService (SCMBlockDeletingService.java:call(138)) - Running DeletedBlockTransactionScanner
2019-06-13 21:51:27,778 DEBUG block.SCMBlockDeletingService (SCMBlockDeletingService.java:call(155)) - Scanned deleted blocks log and got 0 delTX to process.
2019-06-13 21:51:27,779 INFO  storage.RaftLogWorker (RaftLogWorker.java:execute(469)) - 2573df58-4087-4dd0-8598-5abddcc696b9-RaftLogWorker: created new log segment /opt/src/hadoop-ozone/integration-test/target/test-dir/MiniOzoneClusterImpl-8578056e-9b7b-4e66-9e9f-ef53d5cd7c03/datanode-0/data/ratis/7f5c2536-ed89-4233-9ec0-ce3c0447b19c/current/log_inprogress_311
2019-06-13 21:51:27,783 INFO  client.GrpcClientProtocolClient (GrpcClientProtocolClient.java:onNext(254)) - client-9C97446E6A25->2573df58-4087-4dd0-8598-5abddcc696b9: receive RaftClientReply:client-9C97446E6A25->2573df58-4087-4dd0-8598-5abddcc696b9@group-CE3C0447B19C, cid=174, SUCCESS, logIndex=311, commits[2573df58-4087-4dd0-8598-5abddcc696b9:c312]
2019-06-13 21:51:27,788 INFO  client.GrpcClientProtocolClient (GrpcClientProtocolClient.java:onNext(254)) - client-9C97446E6A25->2573df58-4087-4dd0-8598-5abddcc696b9: receive RaftClientReply:client-9C97446E6A25->2573df58-4087-4dd0-8598-5abddcc696b9@group-CE3C0447B19C, cid=175, SUCCESS, logIndex=313, commits[2573df58-4087-4dd0-8598-5abddcc696b9:c314]
2019-06-13 21:51:27,788 INFO  client.GrpcClientProtocolClient (GrpcClientProtocolClient.java:onNext(254)) - client-9C97446E6A25->2573df58-4087-4dd0-8598-5abddcc696b9: receive RaftClientReply:client-9C97446E6A25->2573df58-4087-4dd0-8598-5abddcc696b9@group-CE3C0447B19C, cid=176, SUCCESS, logIndex=314, commits[2573df58-4087-4dd0-8598-5abddcc696b9:c314]
2019-06-13 21:51:27,868 INFO  client.GrpcClientProtocolClient (GrpcClientProtocolClient.java:onNext(254)) - client-9C97446E6A25->2573df58-4087-4dd0-8598-5abddcc696b9: receive RaftClientReply:client-9C97446E6A25->2573df58-4087-4dd0-8598-5abddcc696b9@group-CE3C0447B19C, cid=177, SUCCESS, logIndex=316, commits[2573df58-4087-4dd0-8598-5abddcc696b9:c316]
2019-06-13 21:51:27,872 INFO  client.GrpcClientProtocolClient (GrpcClientProtocolClient.java:onNext(254)) - client-9C97446E6A25->2573df58-4087-4dd0-8598-5abddcc696b9: receive RaftClientReply:client-9C97446E6A25->2573df58-4087-4dd0-8598-5abddcc696b9@group-CE3C0447B19C, cid=178, SUCCESS, logIndex=318, commits[2573df58-4087-4dd0-8598-5abddcc696b9:c318]
2019-06-13 21:51:27,873 INFO  client.GrpcClientProtocolClient (GrpcClientProtocolClient.java:onNext(254)) - client-9C97446E6A25->2573df58-4087-4dd0-8598-5abddcc696b9: receive RaftClientReply:client-9C97446E6A25->2573df58-4087-4dd0-8598-5abddcc696b9@group-CE3C0447B19C, cid=179, SUCCESS, logIndex=320, commits[2573df58-4087-4dd0-8598-5abddcc696b9:c320]
2019-06-13 21:51:27,873 INFO  client.GrpcClientProtocolClient (GrpcClientProtocolClient.java:onNext(254)) - client-9C97446E6A25->2573df58-4087-4dd0-8598-5abddcc696b9: receive RaftClientReply:client-9C97446E6A25->2573df58-4087-4dd0-8598-5abddcc696b9@group-CE3C0447B19C, cid=180, SUCCESS, logIndex=321, commits[2573df58-4087-4dd0-8598-5abddcc696b9:c322]
2019-06-13 21:51:28,091 DEBUG block.SCMBlockDeletingService (SCMBlockDeletingService.java:call(138)) - Running DeletedBlockTransactionScanner
2019-06-13 21:51:28,092 DEBUG block.SCMBlockDeletingService (SCMBlockDeletingService.java:call(155)) - Scanned deleted blocks log and got 0 delTX to process.
2019-06-13 21:51:28,102 INFO  client.GrpcClientProtocolClient (GrpcClientProtocolClient.java:onNext(254)) - client-9C97446E6A25->2573df58-4087-4dd0-8598-5abddcc696b9: receive RaftClientReply:client-9C97446E6A25->2573df58-4087-4dd0-8598-5abddcc696b9@group-CE3C0447B19C, cid=181, SUCCESS, logIndex=324, commits[2573df58-4087-4dd0-8598-5abddcc696b9:c325]
2019-06-13 21:51:28,107 INFO  client.GrpcClientProtocolClient (GrpcClientProtocolClient.java:onNext(254)) - client-9C97446E6A25->2573df58-4087-4dd0-8598-5abddcc696b9: receive RaftClientReply:client-9C97446E6A25->2573df58-4087-4dd0-8598-5abddcc696b9@group-CE3C0447B19C, cid=182, SUCCESS, logIndex=326, commits[2573df58-4087-4dd0-8598-5abddcc696b9:c329]
2019-06-13 21:51:28,108 INFO  client.GrpcClientProtocolClient (GrpcClientProtocolClient.java:onNext(254)) - client-9C97446E6A25->2573df58-4087-4dd0-8598-5abddcc696b9: receive RaftClientReply:client-9C97446E6A25->2573df58-4087-4dd0-8598-5abddcc696b9@group-CE3C0447B19C, cid=183, SUCCESS, logIndex=327, commits[2573df58-4087-4dd0-8598-5abddcc696b9:c329]
2019-06-13 21:51:28,111 INFO  client.GrpcClientProtocolClient (GrpcClientProtocolClient.java:onNext(254)) - client-9C97446E6A25->2573df58-4087-4dd0-8598-5abddcc696b9: receive RaftClientReply:client-9C97446E6A25->2573df58-4087-4dd0-8598-5abddcc696b9@group-CE3C0447B19C, cid=184, SUCCESS, logIndex=328, commits[2573df58-4087-4dd0-8598-5abddcc696b9:c329]
2019-06-13 21:51:28,123 INFO  client.GrpcClientProtocolClient (GrpcClientProtocolClient.java:onNext(254)) - client-9C97446E6A25->2573df58-4087-4dd0-8598-5abddcc696b9: receive RaftClientReply:client-9C97446E6A25->2573df58-4087-4dd0-8598-5abddcc696b9@group-CE3C0447B19C, cid=185, SUCCESS, logIndex=330, commits[2573df58-4087-4dd0-8598-5abddcc696b9:c330]
2019-06-13 21:51:28,127 INFO  client.GrpcClientProtocolClient (GrpcClientProtocolClient.java:onNext(254)) - client-9C97446E6A25->2573df58-4087-4dd0-8598-5abddcc696b9: receive RaftClientReply:client-9C97446E6A25->2573df58-4087-4dd0-8598-5abddcc696b9@group-CE3C0447B19C, cid=186, SUCCESS, logIndex=332, commits[2573df58-4087-4dd0-8598-5abddcc696b9:c332]
2019-06-13 21:51:28,128 INFO  client.GrpcClientProtocolClient (GrpcClientProtocolClient.java:onNext(254)) - client-9C97446E6A25->2573df58-4087-4dd0-8598-5abddcc696b9: receive RaftClientReply:client-9C97446E6A25->2573df58-4087-4dd0-8598-5abddcc696b9@group-CE3C0447B19C, cid=187, SUCCESS, logIndex=333, commits[2573df58-4087-4dd0-8598-5abddcc696b9:c335]
2019-06-13 21:51:28,129 INFO  client.GrpcClientProtocolClient (GrpcClientProtocolClient.java:onNext(254)) - client-9C97446E6A25->2573df58-4087-4dd0-8598-5abddcc696b9: receive RaftClientReply:client-9C97446E6A25->2573df58-4087-4dd0-8598-5abddcc696b9@group-CE3C0447B19C, cid=188, SUCCESS, logIndex=335, commits[2573df58-4087-4dd0-8598-5abddcc696b9:c336]
2019-06-13 21:51:28,143 INFO  client.GrpcClientProtocolClient (GrpcClientProtocolClient.java:onNext(254)) - client-9C97446E6A25->2573df58-4087-4dd0-8598-5abddcc696b9: receive RaftClientReply:client-9C97446E6A25->2573df58-4087-4dd0-8598-5abddcc696b9@group-CE3C0447B19C, cid=189, SUCCESS, logIndex=337, commits[2573df58-4087-4dd0-8598-5abddcc696b9:c337]
2019-06-13 21:51:28,148 INFO  client.GrpcClientProtocolClient (GrpcClientProtocolClient.java:onNext(254)) - client-9C97446E6A25->2573df58-4087-4dd0-8598-5abddcc696b9: receive RaftClientReply:client-9C97446E6A25->2573df58-4087-4dd0-8598-5abddcc696b9@group-CE3C0447B19C, cid=190, SUCCESS, logIndex=339, commits[2573df58-4087-4dd0-8598-5abddcc696b9:c339]
2019-06-13 21:51:28,148 INFO  client.GrpcClientProtocolClient (GrpcClientProtocolClient.java:onNext(254)) - client-9C97446E6A25->2573df58-4087-4dd0-8598-5abddcc696b9: receive RaftClientReply:client-9C97446E6A25->2573df58-4087-4dd0-8598-5abddcc696b9@group-CE3C0447B19C, cid=191, SUCCESS, logIndex=340, commits[2573df58-4087-4dd0-8598-5abddcc696b9:c342]
2019-06-13 21:51:28,149 INFO  client.GrpcClientProtocolClient (GrpcClientProtocolClient.java:onNext(254)) - client-9C97446E6A25->2573df58-4087-4dd0-8598-5abddcc696b9: receive RaftClientReply:client-9C97446E6A25->2573df58-4087-4dd0-8598-5abddcc696b9@group-CE3C0447B19C, cid=192, SUCCESS, logIndex=342, commits[2573df58-4087-4dd0-8598-5abddcc696b9:c343]
2019-06-13 21:51:28,164 INFO  client.GrpcClientProtocolClient (GrpcClientProtocolClient.java:onNext(254)) - client-9C97446E6A25->2573df58-4087-4dd0-8598-5abddcc696b9: receive RaftClientReply:client-9C97446E6A25->2573df58-4087-4dd0-8598-5abddcc696b9@group-CE3C0447B19C, cid=193, SUCCESS, logIndex=344, commits[2573df58-4087-4dd0-8598-5abddcc696b9:c344]
2019-06-13 21:51:28,171 INFO  client.GrpcClientProtocolClient (GrpcClientProtocolClient.java:onNext(254)) - client-9C97446E6A25->2573df58-4087-4dd0-8598-5abddcc696b9: receive RaftClientReply:client-9C97446E6A25->2573df58-4087-4dd0-8598-5abddcc696b9@group-CE3C0447B19C, cid=194, SUCCESS, logIndex=346, commits[2573df58-4087-4dd0-8598-5abddcc696b9:c346]
2019-06-13 21:51:28,172 INFO  client.GrpcClientProtocolClient (GrpcClientProtocolClient.java:onNext(254)) - client-9C97446E6A25->2573df58-4087-4dd0-8598-5abddcc696b9: receive RaftClientReply:client-9C97446E6A25->2573df58-4087-4dd0-8598-5abddcc696b9@group-CE3C0447B19C, cid=195, SUCCESS, logIndex=347, commits[2573df58-4087-4dd0-8598-5abddcc696b9:c349]
2019-06-13 21:51:28,172 INFO  client.GrpcClientProtocolClient (GrpcClientProtocolClient.java:onNext(254)) - client-9C97446E6A25->2573df58-4087-4dd0-8598-5abddcc696b9: receive RaftClientReply:client-9C97446E6A25->2573df58-4087-4dd0-8598-5abddcc696b9@group-CE3C0447B19C, cid=196, SUCCESS, logIndex=349, commits[2573df58-4087-4dd0-8598-5abddcc696b9:c349]
2019-06-13 21:51:28,181 INFO  client.GrpcClientProtocolClient (GrpcClientProtocolClient.java:onNext(254)) - client-9C97446E6A25->2573df58-4087-4dd0-8598-5abddcc696b9: receive RaftClientReply:client-9C97446E6A25->2573df58-4087-4dd0-8598-5abddcc696b9@group-CE3C0447B19C, cid=197, SUCCESS, logIndex=351, commits[2573df58-4087-4dd0-8598-5abddcc696b9:c351]
2019-06-13 21:51:28,182 INFO  client.GrpcClientProtocolClient (GrpcClientProtocolClient.java:onNext(254)) - client-9C97446E6A25->2573df58-4087-4dd0-8598-5abddcc696b9: receive RaftClientReply:client-9C97446E6A25->2573df58-4087-4dd0-8598-5abddcc696b9@group-CE3C0447B19C, cid=198, SUCCESS, logIndex=353, commits[2573df58-4087-4dd0-8598-5abddcc696b9:c353]
2019-06-13 21:51:28,185 INFO  client.GrpcClientProtocolClient (GrpcClientProtocolClient.java:onNext(254)) - client-9C97446E6A25->2573df58-4087-4dd0-8598-5abddcc696b9: receive RaftClientReply:client-9C97446E6A25->2573df58-4087-4dd0-8598-5abddcc696b9@group-CE3C0447B19C, cid=199, SUCCESS, logIndex=355, commits[2573df58-4087-4dd0-8598-5abddcc696b9:c356]
2019-06-13 21:51:28,186 INFO  client.GrpcClientProtocolClient (GrpcClientProtocolClient.java:onNext(254)) - client-9C97446E6A25->2573df58-4087-4dd0-8598-5abddcc696b9: receive RaftClientReply:client-9C97446E6A25->2573df58-4087-4dd0-8598-5abddcc696b9@group-CE3C0447B19C, cid=200, SUCCESS, logIndex=356, commits[2573df58-4087-4dd0-8598-5abddcc696b9:c356]
2019-06-13 21:51:28,193 DEBUG block.SCMBlockDeletingService (SCMBlockDeletingService.java:call(138)) - Running DeletedBlockTransactionScanner
2019-06-13 21:51:28,193 DEBUG block.SCMBlockDeletingService (SCMBlockDeletingService.java:call(155)) - Scanned deleted blocks log and got 0 delTX to process.
2019-06-13 21:51:28,199 INFO  client.GrpcClientProtocolClient (GrpcClientProtocolClient.java:onNext(254)) - client-9C97446E6A25->2573df58-4087-4dd0-8598-5abddcc696b9: receive RaftClientReply:client-9C97446E6A25->2573df58-4087-4dd0-8598-5abddcc696b9@group-CE3C0447B19C, cid=201, SUCCESS, logIndex=358, commits[2573df58-4087-4dd0-8598-5abddcc696b9:c358]
2019-06-13 21:51:28,201 INFO  client.GrpcClientProtocolClient (GrpcClientProtocolClient.java:onNext(254)) - client-9C97446E6A25->2573df58-4087-4dd0-8598-5abddcc696b9: receive RaftClientReply:client-9C97446E6A25->2573df58-4087-4dd0-8598-5abddcc696b9@group-CE3C0447B19C, cid=202, SUCCESS, logIndex=360, commits[2573df58-4087-4dd0-8598-5abddcc696b9:c360]
2019-06-13 21:51:28,203 INFO  client.GrpcClientProtocolClient (GrpcClientProtocolClient.java:onNext(254)) - client-9C97446E6A25->2573df58-4087-4dd0-8598-5abddcc696b9: receive RaftClientReply:client-9C97446E6A25->2573df58-4087-4dd0-8598-5abddcc696b9@group-CE3C0447B19C, cid=203, SUCCESS, logIndex=361, commits[2573df58-4087-4dd0-8598-5abddcc696b9:c363]
2019-06-13 21:51:28,206 INFO  client.GrpcClientProtocolClient (GrpcClientProtocolClient.java:onNext(254)) - client-9C97446E6A25->2573df58-4087-4dd0-8598-5abddcc696b9: receive RaftClientReply:client-9C97446E6A25->2573df58-4087-4dd0-8598-5abddcc696b9@group-CE3C0447B19C, cid=204, SUCCESS, logIndex=363, commits[2573df58-4087-4dd0-8598-5abddcc696b9:c363]
2019-06-13 21:51:28,216 INFO  client.GrpcClientProtocolClient (GrpcClientProtocolClient.java:onNext(254)) - client-9C97446E6A25->2573df58-4087-4dd0-8598-5abddcc696b9: receive RaftClientReply:client-9C97446E6A25->2573df58-4087-4dd0-8598-5abddcc696b9@group-CE3C0447B19C, cid=205, SUCCESS, logIndex=365, commits[2573df58-4087-4dd0-8598-5abddcc696b9:c365]
2019-06-13 21:51:28,218 INFO  client.GrpcClientProtocolClient (GrpcClientProtocolClient.java:onNext(254)) - client-9C97446E6A25->2573df58-4087-4dd0-8598-5abddcc696b9: receive RaftClientReply:client-9C97446E6A25->2573df58-4087-4dd0-8598-5abddcc696b9@group-CE3C0447B19C, cid=206, SUCCESS, logIndex=367, commits[2573df58-4087-4dd0-8598-5abddcc696b9:c367]
2019-06-13 21:51:28,222 INFO  client.GrpcClientProtocolClient (GrpcClientProtocolClient.java:onNext(254)) - client-9C97446E6A25->2573df58-4087-4dd0-8598-5abddcc696b9: receive RaftClientReply:client-9C97446E6A25->2573df58-4087-4dd0-8598-5abddcc696b9@group-CE3C0447B19C, cid=207, SUCCESS, logIndex=369, commits[2573df58-4087-4dd0-8598-5abddcc696b9:c370]
2019-06-13 21:51:28,223 INFO  client.GrpcClientProtocolClient (GrpcClientProtocolClient.java:onNext(254)) - client-9C97446E6A25->2573df58-4087-4dd0-8598-5abddcc696b9: receive RaftClientReply:client-9C97446E6A25->2573df58-4087-4dd0-8598-5abddcc696b9@group-CE3C0447B19C, cid=208, SUCCESS, logIndex=370, commits[2573df58-4087-4dd0-8598-5abddcc696b9:c370]
2019-06-13 21:51:28,236 INFO  client.GrpcClientProtocolClient (GrpcClientProtocolClient.java:onNext(254)) - client-9C97446E6A25->2573df58-4087-4dd0-8598-5abddcc696b9: receive RaftClientReply:client-9C97446E6A25->2573df58-4087-4dd0-8598-5abddcc696b9@group-CE3C0447B19C, cid=209, SUCCESS, logIndex=372, commits[2573df58-4087-4dd0-8598-5abddcc696b9:c372]
2019-06-13 21:51:28,240 INFO  client.GrpcClientProtocolClient (GrpcClientProtocolClient.java:onNext(254)) - client-9C97446E6A25->2573df58-4087-4dd0-8598-5abddcc696b9: receive RaftClientReply:client-9C97446E6A25->2573df58-4087-4dd0-8598-5abddcc696b9@group-CE3C0447B19C, cid=210, SUCCESS, logIndex=374, commits[2573df58-4087-4dd0-8598-5abddcc696b9:c376]
2019-06-13 21:51:28,242 INFO  client.GrpcClientProtocolClient (GrpcClientProtocolClient.java:onNext(254)) - client-9C97446E6A25->2573df58-4087-4dd0-8598-5abddcc696b9: receive RaftClientReply:client-9C97446E6A25->2573df58-4087-4dd0-8598-5abddcc696b9@group-CE3C0447B19C, cid=211, SUCCESS, logIndex=375, commits[2573df58-4087-4dd0-8598-5abddcc696b9:c376]
2019-06-13 21:51:28,243 INFO  client.GrpcClientProtocolClient (GrpcClientProtocolClient.java:onNext(254)) - client-9C97446E6A25->2573df58-4087-4dd0-8598-5abddcc696b9: receive RaftClientReply:client-9C97446E6A25->2573df58-4087-4dd0-8598-5abddcc696b9@group-CE3C0447B19C, cid=212, SUCCESS, logIndex=376, commits[2573df58-4087-4dd0-8598-5abddcc696b9:c377]
2019-06-13 21:51:28,252 INFO  client.GrpcClientProtocolClient (GrpcClientProtocolClient.java:onNext(254)) - client-9C97446E6A25->2573df58-4087-4dd0-8598-5abddcc696b9: receive RaftClientReply:client-9C97446E6A25->2573df58-4087-4dd0-8598-5abddcc696b9@group-CE3C0447B19C, cid=213, SUCCESS, logIndex=379, commits[2573df58-4087-4dd0-8598-5abddcc696b9:c379]
2019-06-13 21:51:28,257 INFO  client.GrpcClientProtocolClient (GrpcClientProtocolClient.java:onNext(254)) - client-9C97446E6A25->2573df58-4087-4dd0-8598-5abddcc696b9: receive RaftClientReply:client-9C97446E6A25->2573df58-4087-4dd0-8598-5abddcc696b9@group-CE3C0447B19C, cid=214, SUCCESS, logIndex=381, commits[2573df58-4087-4dd0-8598-5abddcc696b9:c381]
2019-06-13 21:51:28,258 INFO  client.GrpcClientProtocolClient (GrpcClientProtocolClient.java:onNext(254)) - client-9C97446E6A25->2573df58-4087-4dd0-8598-5abddcc696b9: receive RaftClientReply:client-9C97446E6A25->2573df58-4087-4dd0-8598-5abddcc696b9@group-CE3C0447B19C, cid=215, SUCCESS, logIndex=383, commits[2573df58-4087-4dd0-8598-5abddcc696b9:c383]
2019-06-13 21:51:28,258 INFO  storage.RaftLogWorker (RaftLogWorker.java:rollLogSegment(303)) - 2573df58-4087-4dd0-8598-5abddcc696b9-RaftLogWorker: Rolling segment log-311_384 to index:384
2019-06-13 21:51:28,259 INFO  storage.RaftLogWorker (RaftLogWorker.java:execute(433)) - 2573df58-4087-4dd0-8598-5abddcc696b9-RaftLogWorker: Rolled log segment from /opt/src/hadoop-ozone/integration-test/target/test-dir/MiniOzoneClusterImpl-8578056e-9b7b-4e66-9e9f-ef53d5cd7c03/datanode-0/data/ratis/7f5c2536-ed89-4233-9ec0-ce3c0447b19c/current/log_inprogress_311 to /opt/src/hadoop-ozone/integration-test/target/test-dir/MiniOzoneClusterImpl-8578056e-9b7b-4e66-9e9f-ef53d5cd7c03/datanode-0/data/ratis/7f5c2536-ed89-4233-9ec0-ce3c0447b19c/current/log_311-384
2019-06-13 21:51:28,293 DEBUG block.SCMBlockDeletingService (SCMBlockDeletingService.java:call(138)) - Running DeletedBlockTransactionScanner
2019-06-13 21:51:28,293 DEBUG block.SCMBlockDeletingService (SCMBlockDeletingService.java:call(155)) - Scanned deleted blocks log and got 0 delTX to process.
2019-06-13 21:51:28,295 INFO  storage.RaftLogWorker (RaftLogWorker.java:execute(469)) - 2573df58-4087-4dd0-8598-5abddcc696b9-RaftLogWorker: created new log segment /opt/src/hadoop-ozone/integration-test/target/test-dir/MiniOzoneClusterImpl-8578056e-9b7b-4e66-9e9f-ef53d5cd7c03/datanode-0/data/ratis/7f5c2536-ed89-4233-9ec0-ce3c0447b19c/current/log_inprogress_385
2019-06-13 21:51:28,298 INFO  client.GrpcClientProtocolClient (GrpcClientProtocolClient.java:onNext(254)) - client-9C97446E6A25->2573df58-4087-4dd0-8598-5abddcc696b9: receive RaftClientReply:client-9C97446E6A25->2573df58-4087-4dd0-8598-5abddcc696b9@group-CE3C0447B19C, cid=216, SUCCESS, logIndex=385, commits[2573df58-4087-4dd0-8598-5abddcc696b9:c385]
2019-06-13 21:51:28,322 INFO  client.GrpcClientProtocolClient (GrpcClientProtocolClient.java:onNext(254)) - client-9C97446E6A25->2573df58-4087-4dd0-8598-5abddcc696b9: receive RaftClientReply:client-9C97446E6A25->2573df58-4087-4dd0-8598-5abddcc696b9@group-CE3C0447B19C, cid=217, SUCCESS, logIndex=387, commits[2573df58-4087-4dd0-8598-5abddcc696b9:c387]
2019-06-13 21:51:28,325 INFO  client.GrpcClientProtocolClient (GrpcClientProtocolClient.java:onNext(254)) - client-9C97446E6A25->2573df58-4087-4dd0-8598-5abddcc696b9: receive RaftClientReply:client-9C97446E6A25->2573df58-4087-4dd0-8598-5abddcc696b9@group-CE3C0447B19C, cid=218, SUCCESS, logIndex=389, commits[2573df58-4087-4dd0-8598-5abddcc696b9:c389]
2019-06-13 21:51:28,326 INFO  client.GrpcClientProtocolClient (GrpcClientProtocolClient.java:onNext(254)) - client-9C97446E6A25->2573df58-4087-4dd0-8598-5abddcc696b9: receive RaftClientReply:client-9C97446E6A25->2573df58-4087-4dd0-8598-5abddcc696b9@group-CE3C0447B19C, cid=219, SUCCESS, logIndex=390, commits[2573df58-4087-4dd0-8598-5abddcc696b9:c392]
2019-06-13 21:51:28,327 INFO  client.GrpcClientProtocolClient (GrpcClientProtocolClient.java:onNext(254)) - client-9C97446E6A25->2573df58-4087-4dd0-8598-5abddcc696b9: receive RaftClientReply:client-9C97446E6A25->2573df58-4087-4dd0-8598-5abddcc696b9@group-CE3C0447B19C, cid=220, SUCCESS, logIndex=392, commits[2573df58-4087-4dd0-8598-5abddcc696b9:c393]
2019-06-13 21:51:28,394 DEBUG block.SCMBlockDeletingService (SCMBlockDeletingService.java:call(138)) - Running DeletedBlockTransactionScanner
2019-06-13 21:51:28,394 DEBUG block.SCMBlockDeletingService (SCMBlockDeletingService.java:call(155)) - Scanned deleted blocks log and got 0 delTX to process.
2019-06-13 21:51:28,402 INFO  client.GrpcClientProtocolClient (GrpcClientProtocolClient.java:onNext(254)) - client-9C97446E6A25->2573df58-4087-4dd0-8598-5abddcc696b9: receive RaftClientReply:client-9C97446E6A25->2573df58-4087-4dd0-8598-5abddcc696b9@group-CE3C0447B19C, cid=221, SUCCESS, logIndex=394, commits[2573df58-4087-4dd0-8598-5abddcc696b9:c394]
2019-06-13 21:51:28,404 INFO  client.GrpcClientProtocolClient (GrpcClientProtocolClient.java:onNext(254)) - client-9C97446E6A25->2573df58-4087-4dd0-8598-5abddcc696b9: receive RaftClientReply:client-9C97446E6A25->2573df58-4087-4dd0-8598-5abddcc696b9@group-CE3C0447B19C, cid=222, SUCCESS, logIndex=396, commits[2573df58-4087-4dd0-8598-5abddcc696b9:c396]
2019-06-13 21:51:28,405 INFO  client.GrpcClientProtocolClient (GrpcClientProtocolClient.java:onNext(254)) - client-9C97446E6A25->2573df58-4087-4dd0-8598-5abddcc696b9: receive RaftClientReply:client-9C97446E6A25->2573df58-4087-4dd0-8598-5abddcc696b9@group-CE3C0447B19C, cid=223, SUCCESS, logIndex=397, commits[2573df58-4087-4dd0-8598-5abddcc696b9:c399]
2019-06-13 21:51:28,406 INFO  client.GrpcClientProtocolClient (GrpcClientProtocolClient.java:onNext(254)) - client-9C97446E6A25->2573df58-4087-4dd0-8598-5abddcc696b9: receive RaftClientReply:client-9C97446E6A25->2573df58-4087-4dd0-8598-5abddcc696b9@group-CE3C0447B19C, cid=224, SUCCESS, logIndex=399, commits[2573df58-4087-4dd0-8598-5abddcc696b9:c399]
2019-06-13 21:51:28,418 INFO  client.GrpcClientProtocolClient (GrpcClientProtocolClient.java:onNext(254)) - client-9C97446E6A25->2573df58-4087-4dd0-8598-5abddcc696b9: receive RaftClientReply:client-9C97446E6A25->2573df58-4087-4dd0-8598-5abddcc696b9@group-CE3C0447B19C, cid=225, SUCCESS, logIndex=401, commits[2573df58-4087-4dd0-8598-5abddcc696b9:c401]
2019-06-13 21:51:28,419 INFO  client.GrpcClientProtocolClient (GrpcClientProtocolClient.java:onNext(254)) - client-9C97446E6A25->2573df58-4087-4dd0-8598-5abddcc696b9: receive RaftClientReply:client-9C97446E6A25->2573df58-4087-4dd0-8598-5abddcc696b9@group-CE3C0447B19C, cid=226, SUCCESS, logIndex=403, commits[2573df58-4087-4dd0-8598-5abddcc696b9:c403]
2019-06-13 21:51:28,422 INFO  client.GrpcClientProtocolClient (GrpcClientProtocolClient.java:onNext(254)) - client-9C97446E6A25->2573df58-4087-4dd0-8598-5abddcc696b9: receive RaftClientReply:client-9C97446E6A25->2573df58-4087-4dd0-8598-5abddcc696b9@group-CE3C0447B19C, cid=227, SUCCESS, logIndex=405, commits[2573df58-4087-4dd0-8598-5abddcc696b9:c406]
2019-06-13 21:51:28,426 INFO  client.GrpcClientProtocolClient (GrpcClientProtocolClient.java:onNext(254)) - client-9C97446E6A25->2573df58-4087-4dd0-8598-5abddcc696b9: receive RaftClientReply:client-9C97446E6A25->2573df58-4087-4dd0-8598-5abddcc696b9@group-CE3C0447B19C, cid=228, SUCCESS, logIndex=406, commits[2573df58-4087-4dd0-8598-5abddcc696b9:c407]
2019-06-13 21:51:28,471 INFO  client.GrpcClientProtocolClient (GrpcClientProtocolClient.java:onNext(254)) - client-9C97446E6A25->2573df58-4087-4dd0-8598-5abddcc696b9: receive RaftClientReply:client-9C97446E6A25->2573df58-4087-4dd0-8598-5abddcc696b9@group-CE3C0447B19C, cid=229, SUCCESS, logIndex=408, commits[2573df58-4087-4dd0-8598-5abddcc696b9:c408]
2019-06-13 21:51:28,473 INFO  client.GrpcClientProtocolClient (GrpcClientProtocolClient.java:onNext(254)) - client-9C97446E6A25->2573df58-4087-4dd0-8598-5abddcc696b9: receive RaftClientReply:client-9C97446E6A25->2573df58-4087-4dd0-8598-5abddcc696b9@group-CE3C0447B19C, cid=230, SUCCESS, logIndex=410, commits[2573df58-4087-4dd0-8598-5abddcc696b9:c410]
2019-06-13 21:51:28,474 INFO  client.GrpcClientProtocolClient (GrpcClientProtocolClient.java:onNext(254)) - client-9C97446E6A25->2573df58-4087-4dd0-8598-5abddcc696b9: receive RaftClientReply:client-9C97446E6A25->2573df58-4087-4dd0-8598-5abddcc696b9@group-CE3C0447B19C, cid=231, SUCCESS, logIndex=411, commits[2573df58-4087-4dd0-8598-5abddcc696b9:c413]
2019-06-13 21:51:28,475 INFO  client.GrpcClientProtocolClient (GrpcClientProtocolClient.java:onNext(254)) - client-9C97446E6A25->2573df58-4087-4dd0-8598-5abddcc696b9: receive RaftClientReply:client-9C97446E6A25->2573df58-4087-4dd0-8598-5abddcc696b9@group-CE3C0447B19C, cid=232, SUCCESS, logIndex=413, commits[2573df58-4087-4dd0-8598-5abddcc696b9:c413]
2019-06-13 21:51:28,488 INFO  client.GrpcClientProtocolClient (GrpcClientProtocolClient.java:onNext(254)) - client-9C97446E6A25->2573df58-4087-4dd0-8598-5abddcc696b9: receive RaftClientReply:client-9C97446E6A25->2573df58-4087-4dd0-8598-5abddcc696b9@group-CE3C0447B19C, cid=233, SUCCESS, logIndex=415, commits[2573df58-4087-4dd0-8598-5abddcc696b9:c415]
2019-06-13 21:51:28,494 DEBUG block.SCMBlockDeletingService (SCMBlockDeletingService.java:call(138)) - Running DeletedBlockTransactionScanner
2019-06-13 21:51:28,494 DEBUG block.SCMBlockDeletingService (SCMBlockDeletingService.java:call(155)) - Scanned deleted blocks log and got 0 delTX to process.
2019-06-13 21:51:28,496 INFO  client.GrpcClientProtocolClient (GrpcClientProtocolClient.java:onNext(254)) - client-9C97446E6A25->2573df58-4087-4dd0-8598-5abddcc696b9: receive RaftClientReply:client-9C97446E6A25->2573df58-4087-4dd0-8598-5abddcc696b9@group-CE3C0447B19C, cid=234, SUCCESS, logIndex=417, commits[2573df58-4087-4dd0-8598-5abddcc696b9:c417]
2019-06-13 21:51:28,496 INFO  client.GrpcClientProtocolClient (GrpcClientProtocolClient.java:onNext(254)) - client-9C97446E6A25->2573df58-4087-4dd0-8598-5abddcc696b9: receive RaftClientReply:client-9C97446E6A25->2573df58-4087-4dd0-8598-5abddcc696b9@group-CE3C0447B19C, cid=235, SUCCESS, logIndex=419, commits[2573df58-4087-4dd0-8598-5abddcc696b9:c419]
2019-06-13 21:51:28,497 INFO  client.GrpcClientProtocolClient (GrpcClientProtocolClient.java:onNext(254)) - client-9C97446E6A25->2573df58-4087-4dd0-8598-5abddcc696b9: receive RaftClientReply:client-9C97446E6A25->2573df58-4087-4dd0-8598-5abddcc696b9@group-CE3C0447B19C, cid=236, SUCCESS, logIndex=420, commits[2573df58-4087-4dd0-8598-5abddcc696b9:c421]
2019-06-13 21:51:28,505 INFO  client.GrpcClientProtocolClient (GrpcClientProtocolClient.java:onNext(254)) - client-9C97446E6A25->2573df58-4087-4dd0-8598-5abddcc696b9: receive RaftClientReply:client-9C97446E6A25->2573df58-4087-4dd0-8598-5abddcc696b9@group-CE3C0447B19C, cid=237, SUCCESS, logIndex=423, commits[2573df58-4087-4dd0-8598-5abddcc696b9:c423]
2019-06-13 21:51:28,507 INFO  client.GrpcClientProtocolClient (GrpcClientProtocolClient.java:onNext(254)) - client-9C97446E6A25->2573df58-4087-4dd0-8598-5abddcc696b9: receive RaftClientReply:client-9C97446E6A25->2573df58-4087-4dd0-8598-5abddcc696b9@group-CE3C0447B19C, cid=238, SUCCESS, logIndex=425, commits[2573df58-4087-4dd0-8598-5abddcc696b9:c425]
2019-06-13 21:51:28,508 INFO  client.GrpcClientProtocolClient (GrpcClientProtocolClient.java:onNext(254)) - client-9C97446E6A25->2573df58-4087-4dd0-8598-5abddcc696b9: receive RaftClientReply:client-9C97446E6A25->2573df58-4087-4dd0-8598-5abddcc696b9@group-CE3C0447B19C, cid=239, SUCCESS, logIndex=426, commits[2573df58-4087-4dd0-8598-5abddcc696b9:c428]
2019-06-13 21:51:28,509 INFO  client.GrpcClientProtocolClient (GrpcClientProtocolClient.java:onNext(254)) - client-9C97446E6A25->2573df58-4087-4dd0-8598-5abddcc696b9: receive RaftClientReply:client-9C97446E6A25->2573df58-4087-4dd0-8598-5abddcc696b9@group-CE3C0447B19C, cid=240, SUCCESS, logIndex=428, commits[2573df58-4087-4dd0-8598-5abddcc696b9:c429]
2019-06-13 21:51:28,521 INFO  client.GrpcClientProtocolClient (GrpcClientProtocolClient.java:onNext(254)) - client-9C97446E6A25->2573df58-4087-4dd0-8598-5abddcc696b9: receive RaftClientReply:client-9C97446E6A25->2573df58-4087-4dd0-8598-5abddcc696b9@group-CE3C0447B19C, cid=241, SUCCESS, logIndex=430, commits[2573df58-4087-4dd0-8598-5abddcc696b9:c430]
2019-06-13 21:51:28,524 INFO  client.GrpcClientProtocolClient (GrpcClientProtocolClient.java:onNext(254)) - client-9C97446E6A25->2573df58-4087-4dd0-8598-5abddcc696b9: receive RaftClientReply:client-9C97446E6A25->2573df58-4087-4dd0-8598-5abddcc696b9@group-CE3C0447B19C, cid=242, SUCCESS, logIndex=432, commits[2573df58-4087-4dd0-8598-5abddcc696b9:c432]
2019-06-13 21:51:28,525 INFO  client.GrpcClientProtocolClient (GrpcClientProtocolClient.java:onNext(254)) - client-9C97446E6A25->2573df58-4087-4dd0-8598-5abddcc696b9: receive RaftClientReply:client-9C97446E6A25->2573df58-4087-4dd0-8598-5abddcc696b9@group-CE3C0447B19C, cid=243, SUCCESS, logIndex=433, commits[2573df58-4087-4dd0-8598-5abddcc696b9:c435]
2019-06-13 21:51:28,525 INFO  client.GrpcClientProtocolClient (GrpcClientProtocolClient.java:onNext(254)) - client-9C97446E6A25->2573df58-4087-4dd0-8598-5abddcc696b9: receive RaftClientReply:client-9C97446E6A25->2573df58-4087-4dd0-8598-5abddcc696b9@group-CE3C0447B19C, cid=244, SUCCESS, logIndex=435, commits[2573df58-4087-4dd0-8598-5abddcc696b9:c436]
2019-06-13 21:51:28,534 INFO  client.GrpcClientProtocolClient (GrpcClientProtocolClient.java:onNext(254)) - client-9C97446E6A25->2573df58-4087-4dd0-8598-5abddcc696b9: receive RaftClientReply:client-9C97446E6A25->2573df58-4087-4dd0-8598-5abddcc696b9@group-CE3C0447B19C, cid=245, SUCCESS, logIndex=437, commits[2573df58-4087-4dd0-8598-5abddcc696b9:c437]
2019-06-13 21:51:28,536 INFO  client.GrpcClientProtocolClient (GrpcClientProtocolClient.java:onNext(254)) - client-9C97446E6A25->2573df58-4087-4dd0-8598-5abddcc696b9: receive RaftClientReply:client-9C97446E6A25->2573df58-4087-4dd0-8598-5abddcc696b9@group-CE3C0447B19C, cid=246, SUCCESS, logIndex=439, commits[2573df58-4087-4dd0-8598-5abddcc696b9:c439]
2019-06-13 21:51:28,542 INFO  client.GrpcClientProtocolClient (GrpcClientProtocolClient.java:onNext(254)) - client-9C97446E6A25->2573df58-4087-4dd0-8598-5abddcc696b9: receive RaftClientReply:client-9C97446E6A25->2573df58-4087-4dd0-8598-5abddcc696b9@group-CE3C0447B19C, cid=247, SUCCESS, logIndex=441, commits[2573df58-4087-4dd0-8598-5abddcc696b9:c442]
2019-06-13 21:51:28,543 INFO  client.GrpcClientProtocolClient (GrpcClientProtocolClient.java:onNext(254)) - client-9C97446E6A25->2573df58-4087-4dd0-8598-5abddcc696b9: receive RaftClientReply:client-9C97446E6A25->2573df58-4087-4dd0-8598-5abddcc696b9@group-CE3C0447B19C, cid=248, SUCCESS, logIndex=442, commits[2573df58-4087-4dd0-8598-5abddcc696b9:c443]
2019-06-13 21:51:28,555 INFO  client.GrpcClientProtocolClient (GrpcClientProtocolClient.java:onNext(254)) - client-9C97446E6A25->2573df58-4087-4dd0-8598-5abddcc696b9: receive RaftClientReply:client-9C97446E6A25->2573df58-4087-4dd0-8598-5abddcc696b9@group-CE3C0447B19C, cid=249, SUCCESS, logIndex=444, commits[2573df58-4087-4dd0-8598-5abddcc696b9:c444]
2019-06-13 21:51:28,557 INFO  client.GrpcClientProtocolClient (GrpcClientProtocolClient.java:onNext(254)) - client-9C97446E6A25->2573df58-4087-4dd0-8598-5abddcc696b9: receive RaftClientReply:client-9C97446E6A25->2573df58-4087-4dd0-8598-5abddcc696b9@group-CE3C0447B19C, cid=250, SUCCESS, logIndex=446, commits[2573df58-4087-4dd0-8598-5abddcc696b9:c446]
2019-06-13 21:51:28,560 INFO  client.GrpcClientProtocolClient (GrpcClientProtocolClient.java:onNext(254)) - client-9C97446E6A25->2573df58-4087-4dd0-8598-5abddcc696b9: receive RaftClientReply:client-9C97446E6A25->2573df58-4087-4dd0-8598-5abddcc696b9@group-CE3C0447B19C, cid=251, SUCCESS, logIndex=448, commits[2573df58-4087-4dd0-8598-5abddcc696b9:c449]
2019-06-13 21:51:28,561 INFO  client.GrpcClientProtocolClient (GrpcClientProtocolClient.java:onNext(254)) - client-9C97446E6A25->2573df58-4087-4dd0-8598-5abddcc696b9: receive RaftClientReply:client-9C97446E6A25->2573df58-4087-4dd0-8598-5abddcc696b9@group-CE3C0447B19C, cid=252, SUCCESS, logIndex=449, commits[2573df58-4087-4dd0-8598-5abddcc696b9:c450]
2019-06-13 21:51:28,571 INFO  client.GrpcClientProtocolClient (GrpcClientProtocolClient.java:onNext(254)) - client-9C97446E6A25->2573df58-4087-4dd0-8598-5abddcc696b9: receive RaftClientReply:client-9C97446E6A25->2573df58-4087-4dd0-8598-5abddcc696b9@group-CE3C0447B19C, cid=253, SUCCESS, logIndex=451, commits[2573df58-4087-4dd0-8598-5abddcc696b9:c451]
2019-06-13 21:51:28,576 INFO  client.GrpcClientProtocolClient (GrpcClientProtocolClient.java:onNext(254)) - client-9C97446E6A25->2573df58-4087-4dd0-8598-5abddcc696b9: receive RaftClientReply:client-9C97446E6A25->2573df58-4087-4dd0-8598-5abddcc696b9@group-CE3C0447B19C, cid=254, SUCCESS, logIndex=453, commits[2573df58-4087-4dd0-8598-5abddcc696b9:c453]
2019-06-13 21:51:28,578 INFO  client.GrpcClientProtocolClient (GrpcClientProtocolClient.java:onNext(254)) - client-9C97446E6A25->2573df58-4087-4dd0-8598-5abddcc696b9: receive RaftClientReply:client-9C97446E6A25->2573df58-4087-4dd0-8598-5abddcc696b9@group-CE3C0447B19C, cid=255, SUCCESS, logIndex=455, commits[2573df58-4087-4dd0-8598-5abddcc696b9:c455]
2019-06-13 21:51:28,579 INFO  client.GrpcClientProtocolClient (GrpcClientProtocolClient.java:onNext(254)) - client-9C97446E6A25->2573df58-4087-4dd0-8598-5abddcc696b9: receive RaftClientReply:client-9C97446E6A25->2573df58-4087-4dd0-8598-5abddcc696b9@group-CE3C0447B19C, cid=256, SUCCESS, logIndex=457, commits[2573df58-4087-4dd0-8598-5abddcc696b9:c458]
2019-06-13 21:51:28,592 INFO  client.GrpcClientProtocolClient (GrpcClientProtocolClient.java:onNext(254)) - client-9C97446E6A25->2573df58-4087-4dd0-8598-5abddcc696b9: receive RaftClientReply:client-9C97446E6A25->2573df58-4087-4dd0-8598-5abddcc696b9@group-CE3C0447B19C, cid=257, SUCCESS, logIndex=459, commits[2573df58-4087-4dd0-8598-5abddcc696b9:c459]
2019-06-13 21:51:28,593 INFO  storage.RaftLogWorker (RaftLogWorker.java:rollLogSegment(303)) - 2573df58-4087-4dd0-8598-5abddcc696b9-RaftLogWorker: Rolling segment log-385_461 to index:461
2019-06-13 21:51:28,593 INFO  storage.RaftLogWorker (RaftLogWorker.java:execute(433)) - 2573df58-4087-4dd0-8598-5abddcc696b9-RaftLogWorker: Rolled log segment from /opt/src/hadoop-ozone/integration-test/target/test-dir/MiniOzoneClusterImpl-8578056e-9b7b-4e66-9e9f-ef53d5cd7c03/datanode-0/data/ratis/7f5c2536-ed89-4233-9ec0-ce3c0447b19c/current/log_inprogress_385 to /opt/src/hadoop-ozone/integration-test/target/test-dir/MiniOzoneClusterImpl-8578056e-9b7b-4e66-9e9f-ef53d5cd7c03/datanode-0/data/ratis/7f5c2536-ed89-4233-9ec0-ce3c0447b19c/current/log_385-461
2019-06-13 21:51:28,595 DEBUG block.SCMBlockDeletingService (SCMBlockDeletingService.java:call(138)) - Running DeletedBlockTransactionScanner
2019-06-13 21:51:28,595 DEBUG block.SCMBlockDeletingService (SCMBlockDeletingService.java:call(155)) - Scanned deleted blocks log and got 0 delTX to process.
2019-06-13 21:51:28,596 INFO  client.GrpcClientProtocolClient (GrpcClientProtocolClient.java:onNext(254)) - client-9C97446E6A25->2573df58-4087-4dd0-8598-5abddcc696b9: receive RaftClientReply:client-9C97446E6A25->2573df58-4087-4dd0-8598-5abddcc696b9@group-CE3C0447B19C, cid=258, SUCCESS, logIndex=461, commits[2573df58-4087-4dd0-8598-5abddcc696b9:c461]
2019-06-13 21:51:28,631 INFO  storage.RaftLogWorker (RaftLogWorker.java:execute(469)) - 2573df58-4087-4dd0-8598-5abddcc696b9-RaftLogWorker: created new log segment /opt/src/hadoop-ozone/integration-test/target/test-dir/MiniOzoneClusterImpl-8578056e-9b7b-4e66-9e9f-ef53d5cd7c03/datanode-0/data/ratis/7f5c2536-ed89-4233-9ec0-ce3c0447b19c/current/log_inprogress_462
2019-06-13 21:51:28,633 INFO  client.GrpcClientProtocolClient (GrpcClientProtocolClient.java:onNext(254)) - client-9C97446E6A25->2573df58-4087-4dd0-8598-5abddcc696b9: receive RaftClientReply:client-9C97446E6A25->2573df58-4087-4dd0-8598-5abddcc696b9@group-CE3C0447B19C, cid=259, SUCCESS, logIndex=462, commits[2573df58-4087-4dd0-8598-5abddcc696b9:c464]
2019-06-13 21:51:28,634 INFO  client.GrpcClientProtocolClient (GrpcClientProtocolClient.java:onNext(254)) - client-9C97446E6A25->2573df58-4087-4dd0-8598-5abddcc696b9: receive RaftClientReply:client-9C97446E6A25->2573df58-4087-4dd0-8598-5abddcc696b9@group-CE3C0447B19C, cid=260, SUCCESS, logIndex=463, commits[2573df58-4087-4dd0-8598-5abddcc696b9:c464]
2019-06-13 21:51:28,642 INFO  client.GrpcClientProtocolClient (GrpcClientProtocolClient.java:onNext(254)) - client-9C97446E6A25->2573df58-4087-4dd0-8598-5abddcc696b9: receive RaftClientReply:client-9C97446E6A25->2573df58-4087-4dd0-8598-5abddcc696b9@group-CE3C0447B19C, cid=261, SUCCESS, logIndex=465, commits[2573df58-4087-4dd0-8598-5abddcc696b9:c465]
2019-06-13 21:51:28,644 INFO  client.GrpcClientProtocolClient (GrpcClientProtocolClient.java:onNext(254)) - client-9C97446E6A25->2573df58-4087-4dd0-8598-5abddcc696b9: receive RaftClientReply:client-9C97446E6A25->2573df58-4087-4dd0-8598-5abddcc696b9@group-CE3C0447B19C, cid=262, SUCCESS, logIndex=467, commits[2573df58-4087-4dd0-8598-5abddcc696b9:c467]
2019-06-13 21:51:28,646 INFO  client.GrpcClientProtocolClient (GrpcClientProtocolClient.java:onNext(254)) - client-9C97446E6A25->2573df58-4087-4dd0-8598-5abddcc696b9: receive RaftClientReply:client-9C97446E6A25->2573df58-4087-4dd0-8598-5abddcc696b9@group-CE3C0447B19C, cid=263, SUCCESS, logIndex=468, commits[2573df58-4087-4dd0-8598-5abddcc696b9:c470]
2019-06-13 21:51:28,647 INFO  client.GrpcClientProtocolClient (GrpcClientProtocolClient.java:onNext(254)) - client-9C97446E6A25->2573df58-4087-4dd0-8598-5abddcc696b9: receive RaftClientReply:client-9C97446E6A25->2573df58-4087-4dd0-8598-5abddcc696b9@group-CE3C0447B19C, cid=264, SUCCESS, logIndex=470, commits[2573df58-4087-4dd0-8598-5abddcc696b9:c471]
2019-06-13 21:51:28,695 DEBUG block.SCMBlockDeletingService (SCMBlockDeletingService.java:call(138)) - Running DeletedBlockTransactionScanner
2019-06-13 21:51:28,695 DEBUG block.SCMBlockDeletingService (SCMBlockDeletingService.java:call(155)) - Scanned deleted blocks log and got 0 delTX to process.
2019-06-13 21:51:28,726 INFO  client.GrpcClientProtocolClient (GrpcClientProtocolClient.java:onNext(254)) - client-9C97446E6A25->2573df58-4087-4dd0-8598-5abddcc696b9: receive RaftClientReply:client-9C97446E6A25->2573df58-4087-4dd0-8598-5abddcc696b9@group-CE3C0447B19C, cid=265, SUCCESS, logIndex=472, commits[2573df58-4087-4dd0-8598-5abddcc696b9:c472]
2019-06-13 21:51:28,731 INFO  client.GrpcClientProtocolClient (GrpcClientProtocolClient.java:onNext(254)) - client-9C97446E6A25->2573df58-4087-4dd0-8598-5abddcc696b9: receive RaftClientReply:client-9C97446E6A25->2573df58-4087-4dd0-8598-5abddcc696b9@group-CE3C0447B19C, cid=266, SUCCESS, logIndex=474, commits[2573df58-4087-4dd0-8598-5abddcc696b9:c474]
2019-06-13 21:51:28,731 INFO  client.GrpcClientProtocolClient (GrpcClientProtocolClient.java:onNext(254)) - client-9C97446E6A25->2573df58-4087-4dd0-8598-5abddcc696b9: receive RaftClientReply:client-9C97446E6A25->2573df58-4087-4dd0-8598-5abddcc696b9@group-CE3C0447B19C, cid=267, SUCCESS, logIndex=475, commits[2573df58-4087-4dd0-8598-5abddcc696b9:c477]
2019-06-13 21:51:28,735 INFO  client.GrpcClientProtocolClient (GrpcClientProtocolClient.java:onNext(254)) - client-9C97446E6A25->2573df58-4087-4dd0-8598-5abddcc696b9: receive RaftClientReply:client-9C97446E6A25->2573df58-4087-4dd0-8598-5abddcc696b9@group-CE3C0447B19C, cid=268, SUCCESS, logIndex=477, commits[2573df58-4087-4dd0-8598-5abddcc696b9:c477]
2019-06-13 21:51:28,743 INFO  client.GrpcClientProtocolClient (GrpcClientProtocolClient.java:onNext(254)) - client-9C97446E6A25->2573df58-4087-4dd0-8598-5abddcc696b9: receive RaftClientReply:client-9C97446E6A25->2573df58-4087-4dd0-8598-5abddcc696b9@group-CE3C0447B19C, cid=269, SUCCESS, logIndex=479, commits[2573df58-4087-4dd0-8598-5abddcc696b9:c479]
2019-06-13 21:51:28,746 INFO  client.GrpcClientProtocolClient (GrpcClientProtocolClient.java:onNext(254)) - client-9C97446E6A25->2573df58-4087-4dd0-8598-5abddcc696b9: receive RaftClientReply:client-9C97446E6A25->2573df58-4087-4dd0-8598-5abddcc696b9@group-CE3C0447B19C, cid=270, SUCCESS, logIndex=481, commits[2573df58-4087-4dd0-8598-5abddcc696b9:c481]
2019-06-13 21:51:28,748 INFO  client.GrpcClientProtocolClient (GrpcClientProtocolClient.java:onNext(254)) - client-9C97446E6A25->2573df58-4087-4dd0-8598-5abddcc696b9: receive RaftClientReply:client-9C97446E6A25->2573df58-4087-4dd0-8598-5abddcc696b9@group-CE3C0447B19C, cid=271, SUCCESS, logIndex=482, commits[2573df58-4087-4dd0-8598-5abddcc696b9:c483]
2019-06-13 21:51:28,748 INFO  client.GrpcClientProtocolClient (GrpcClientProtocolClient.java:onNext(254)) - client-9C97446E6A25->2573df58-4087-4dd0-8598-5abddcc696b9: receive RaftClientReply:client-9C97446E6A25->2573df58-4087-4dd0-8598-5abddcc696b9@group-CE3C0447B19C, cid=272, SUCCESS, logIndex=483, commits[2573df58-4087-4dd0-8598-5abddcc696b9:c484]
2019-06-13 21:51:28,763 INFO  client.GrpcClientProtocolClient (GrpcClientProtocolClient.java:onNext(254)) - client-9C97446E6A25->2573df58-4087-4dd0-8598-5abddcc696b9: receive RaftClientReply:client-9C97446E6A25->2573df58-4087-4dd0-8598-5abddcc696b9@group-CE3C0447B19C, cid=273, SUCCESS, logIndex=486, commits[2573df58-4087-4dd0-8598-5abddcc696b9:c486]
2019-06-13 21:51:28,765 INFO  client.GrpcClientProtocolClient (GrpcClientProtocolClient.java:onNext(254)) - client-9C97446E6A25->2573df58-4087-4dd0-8598-5abddcc696b9: receive RaftClientReply:client-9C97446E6A25->2573df58-4087-4dd0-8598-5abddcc696b9@group-CE3C0447B19C, cid=274, SUCCESS, logIndex=488, commits[2573df58-4087-4dd0-8598-5abddcc696b9:c488]
2019-06-13 21:51:28,766 INFO  client.GrpcClientProtocolClient (GrpcClientProtocolClient.java:onNext(254)) - client-9C97446E6A25->2573df58-4087-4dd0-8598-5abddcc696b9: receive RaftClientReply:client-9C97446E6A25->2573df58-4087-4dd0-8598-5abddcc696b9@group-CE3C0447B19C, cid=275, SUCCESS, logIndex=489, commits[2573df58-4087-4dd0-8598-5abddcc696b9:c491]
2019-06-13 21:51:28,767 INFO  client.GrpcClientProtocolClient (GrpcClientProtocolClient.java:onNext(254)) - client-9C97446E6A25->2573df58-4087-4dd0-8598-5abddcc696b9: receive RaftClientReply:client-9C97446E6A25->2573df58-4087-4dd0-8598-5abddcc696b9@group-CE3C0447B19C, cid=276, SUCCESS, logIndex=491, commits[2573df58-4087-4dd0-8598-5abddcc696b9:c492]
2019-06-13 21:51:28,777 INFO  client.GrpcClientProtocolClient (GrpcClientProtocolClient.java:onNext(254)) - client-9C97446E6A25->2573df58-4087-4dd0-8598-5abddcc696b9: receive RaftClientReply:client-9C97446E6A25->2573df58-4087-4dd0-8598-5abddcc696b9@group-CE3C0447B19C, cid=277, SUCCESS, logIndex=493, commits[2573df58-4087-4dd0-8598-5abddcc696b9:c493]
2019-06-13 21:51:28,778 INFO  client.GrpcClientProtocolClient (GrpcClientProtocolClient.java:onNext(254)) - client-9C97446E6A25->2573df58-4087-4dd0-8598-5abddcc696b9: receive RaftClientReply:client-9C97446E6A25->2573df58-4087-4dd0-8598-5abddcc696b9@group-CE3C0447B19C, cid=278, SUCCESS, logIndex=495, commits[2573df58-4087-4dd0-8598-5abddcc696b9:c495]
2019-06-13 21:51:28,779 INFO  client.GrpcClientProtocolClient (GrpcClientProtocolClient.java:onNext(254)) - client-9C97446E6A25->2573df58-4087-4dd0-8598-5abddcc696b9: receive RaftClientReply:client-9C97446E6A25->2573df58-4087-4dd0-8598-5abddcc696b9@group-CE3C0447B19C, cid=279, SUCCESS, logIndex=496, commits[2573df58-4087-4dd0-8598-5abddcc696b9:c498]
2019-06-13 21:51:28,779 INFO  client.GrpcClientProtocolClient (GrpcClientProtocolClient.java:onNext(254)) - client-9C97446E6A25->2573df58-4087-4dd0-8598-5abddcc696b9: receive RaftClientReply:client-9C97446E6A25->2573df58-4087-4dd0-8598-5abddcc696b9@group-CE3C0447B19C, cid=280, SUCCESS, logIndex=497, commits[2573df58-4087-4dd0-8598-5abddcc696b9:c498]
2019-06-13 21:51:28,825 DEBUG block.SCMBlockDeletingService (SCMBlockDeletingService.java:call(138)) - Running DeletedBlockTransactionScanner
2019-06-13 21:51:28,826 DEBUG block.SCMBlockDeletingService (SCMBlockDeletingService.java:call(155)) - Scanned deleted blocks log and got 0 delTX to process.
2019-06-13 21:51:28,831 INFO  client.GrpcClientProtocolClient (GrpcClientProtocolClient.java:onNext(254)) - client-9C97446E6A25->2573df58-4087-4dd0-8598-5abddcc696b9: receive RaftClientReply:client-9C97446E6A25->2573df58-4087-4dd0-8598-5abddcc696b9@group-CE3C0447B19C, cid=281, SUCCESS, logIndex=499, commits[2573df58-4087-4dd0-8598-5abddcc696b9:c499]
2019-06-13 21:51:28,834 INFO  client.GrpcClientProtocolClient (GrpcClientProtocolClient.java:onNext(254)) - client-9C97446E6A25->2573df58-4087-4dd0-8598-5abddcc696b9: receive RaftClientReply:client-9C97446E6A25->2573df58-4087-4dd0-8598-5abddcc696b9@group-CE3C0447B19C, cid=282, SUCCESS, logIndex=501, commits[2573df58-4087-4dd0-8598-5abddcc696b9:c502]
2019-06-13 21:51:28,834 INFO  client.GrpcClientProtocolClient (GrpcClientProtocolClient.java:onNext(254)) - client-9C97446E6A25->2573df58-4087-4dd0-8598-5abddcc696b9: receive RaftClientReply:client-9C97446E6A25->2573df58-4087-4dd0-8598-5abddcc696b9@group-CE3C0447B19C, cid=283, SUCCESS, logIndex=502, commits[2573df58-4087-4dd0-8598-5abddcc696b9:c502]
2019-06-13 21:51:28,836 INFO  client.GrpcClientProtocolClient (GrpcClientProtocolClient.java:onNext(254)) - client-9C97446E6A25->2573df58-4087-4dd0-8598-5abddcc696b9: receive RaftClientReply:client-9C97446E6A25->2573df58-4087-4dd0-8598-5abddcc696b9@group-CE3C0447B19C, cid=284, SUCCESS, logIndex=505, commits[2573df58-4087-4dd0-8598-5abddcc696b9:c505]
2019-06-13 21:51:28,845 INFO  client.GrpcClientProtocolClient (GrpcClientProtocolClient.java:onNext(254)) - client-9C97446E6A25->2573df58-4087-4dd0-8598-5abddcc696b9: receive RaftClientReply:client-9C97446E6A25->2573df58-4087-4dd0-8598-5abddcc696b9@group-CE3C0447B19C, cid=285, SUCCESS, logIndex=507, commits[2573df58-4087-4dd0-8598-5abddcc696b9:c507]
2019-06-13 21:51:28,847 INFO  client.GrpcClientProtocolClient (GrpcClientProtocolClient.java:onNext(254)) - client-9C97446E6A25->2573df58-4087-4dd0-8598-5abddcc696b9: receive RaftClientReply:client-9C97446E6A25->2573df58-4087-4dd0-8598-5abddcc696b9@group-CE3C0447B19C, cid=286, SUCCESS, logIndex=509, commits[2573df58-4087-4dd0-8598-5abddcc696b9:c509]
2019-06-13 21:51:28,849 INFO  client.GrpcClientProtocolClient (GrpcClientProtocolClient.java:onNext(254)) - client-9C97446E6A25->2573df58-4087-4dd0-8598-5abddcc696b9: receive RaftClientReply:client-9C97446E6A25->2573df58-4087-4dd0-8598-5abddcc696b9@group-CE3C0447B19C, cid=287, SUCCESS, logIndex=510, commits[2573df58-4087-4dd0-8598-5abddcc696b9:c512]
2019-06-13 21:51:28,849 INFO  client.GrpcClientProtocolClient (GrpcClientProtocolClient.java:onNext(254)) - client-9C97446E6A25->2573df58-4087-4dd0-8598-5abddcc696b9: receive RaftClientReply:client-9C97446E6A25->2573df58-4087-4dd0-8598-5abddcc696b9@group-CE3C0447B19C, cid=288, SUCCESS, logIndex=512, commits[2573df58-4087-4dd0-8598-5abddcc696b9:c512]
2019-06-13 21:51:28,863 INFO  client.GrpcClientProtocolClient (GrpcClientProtocolClient.java:onNext(254)) - client-9C97446E6A25->2573df58-4087-4dd0-8598-5abddcc696b9: receive RaftClientReply:client-9C97446E6A25->2573df58-4087-4dd0-8598-5abddcc696b9@group-CE3C0447B19C, cid=289, SUCCESS, logIndex=514, commits[2573df58-4087-4dd0-8598-5abddcc696b9:c514]
2019-06-13 21:51:28,866 INFO  client.GrpcClientProtocolClient (GrpcClientProtocolClient.java:onNext(254)) - client-9C97446E6A25->2573df58-4087-4dd0-8598-5abddcc696b9: receive RaftClientReply:client-9C97446E6A25->2573df58-4087-4dd0-8598-5abddcc696b9@group-CE3C0447B19C, cid=290, SUCCESS, logIndex=516, commits[2573df58-4087-4dd0-8598-5abddcc696b9:c516]
2019-06-13 21:51:28,867 INFO  client.GrpcClientProtocolClient (GrpcClientProtocolClient.java:onNext(254)) - client-9C97446E6A25->2573df58-4087-4dd0-8598-5abddcc696b9: receive RaftClientReply:client-9C97446E6A25->2573df58-4087-4dd0-8598-5abddcc696b9@group-CE3C0447B19C, cid=291, SUCCESS, logIndex=517, commits[2573df58-4087-4dd0-8598-5abddcc696b9:c518]
2019-06-13 21:51:28,867 INFO  client.GrpcClientProtocolClient (GrpcClientProtocolClient.java:onNext(254)) - client-9C97446E6A25->2573df58-4087-4dd0-8598-5abddcc696b9: receive RaftClientReply:client-9C97446E6A25->2573df58-4087-4dd0-8598-5abddcc696b9@group-CE3C0447B19C, cid=292, SUCCESS, logIndex=518, commits[2573df58-4087-4dd0-8598-5abddcc696b9:c519]
2019-06-13 21:51:28,875 INFO  client.GrpcClientProtocolClient (GrpcClientProtocolClient.java:onNext(254)) - client-9C97446E6A25->2573df58-4087-4dd0-8598-5abddcc696b9: receive RaftClientReply:client-9C97446E6A25->2573df58-4087-4dd0-8598-5abddcc696b9@group-CE3C0447B19C, cid=293, SUCCESS, logIndex=521, commits[2573df58-4087-4dd0-8598-5abddcc696b9:c521]
2019-06-13 21:51:28,879 INFO  client.GrpcClientProtocolClient (GrpcClientProtocolClient.java:onNext(254)) - client-9C97446E6A25->2573df58-4087-4dd0-8598-5abddcc696b9: receive RaftClientReply:client-9C97446E6A25->2573df58-4087-4dd0-8598-5abddcc696b9@group-CE3C0447B19C, cid=294, SUCCESS, logIndex=523, commits[2573df58-4087-4dd0-8598-5abddcc696b9:c525]
2019-06-13 21:51:28,879 INFO  client.GrpcClientProtocolClient (GrpcClientProtocolClient.java:onNext(254)) - client-9C97446E6A25->2573df58-4087-4dd0-8598-5abddcc696b9: receive RaftClientReply:client-9C97446E6A25->2573df58-4087-4dd0-8598-5abddcc696b9@group-CE3C0447B19C, cid=295, SUCCESS, logIndex=524, commits[2573df58-4087-4dd0-8598-5abddcc696b9:c526]
2019-06-13 21:51:28,880 INFO  client.GrpcClientProtocolClient (GrpcClientProtocolClient.java:onNext(254)) - client-9C97446E6A25->2573df58-4087-4dd0-8598-5abddcc696b9: receive RaftClientReply:client-9C97446E6A25->2573df58-4087-4dd0-8598-5abddcc696b9@group-CE3C0447B19C, cid=296, SUCCESS, logIndex=525, commits[2573df58-4087-4dd0-8598-5abddcc696b9:c526]
2019-06-13 21:51:28,894 INFO  client.GrpcClientProtocolClient (GrpcClientProtocolClient.java:onNext(254)) - client-9C97446E6A25->2573df58-4087-4dd0-8598-5abddcc696b9: receive RaftClientReply:client-9C97446E6A25->2573df58-4087-4dd0-8598-5abddcc696b9@group-CE3C0447B19C, cid=297, SUCCESS, logIndex=527, commits[2573df58-4087-4dd0-8598-5abddcc696b9:c527]
2019-06-13 21:51:28,897 INFO  client.GrpcClientProtocolClient (GrpcClientProtocolClient.java:onNext(254)) - client-9C97446E6A25->2573df58-4087-4dd0-8598-5abddcc696b9: receive RaftClientReply:client-9C97446E6A25->2573df58-4087-4dd0-8598-5abddcc696b9@group-CE3C0447B19C, cid=298, SUCCESS, logIndex=529, commits[2573df58-4087-4dd0-8598-5abddcc696b9:c529]
2019-06-13 21:51:28,898 INFO  client.GrpcClientProtocolClient (GrpcClientProtocolClient.java:onNext(254)) - client-9C97446E6A25->2573df58-4087-4dd0-8598-5abddcc696b9: receive RaftClientReply:client-9C97446E6A25->2573df58-4087-4dd0-8598-5abddcc696b9@group-CE3C0447B19C, cid=299, SUCCESS, logIndex=530, commits[2573df58-4087-4dd0-8598-5abddcc696b9:c532]
2019-06-13 21:51:28,898 INFO  client.GrpcClientProtocolClient (GrpcClientProtocolClient.java:onNext(254)) - client-9C97446E6A25->2573df58-4087-4dd0-8598-5abddcc696b9: receive RaftClientReply:client-9C97446E6A25->2573df58-4087-4dd0-8598-5abddcc696b9@group-CE3C0447B19C, cid=300, SUCCESS, logIndex=532, commits[2573df58-4087-4dd0-8598-5abddcc696b9:c533]
2019-06-13 21:51:28,905 INFO  client.GrpcClientProtocolClient (GrpcClientProtocolClient.java:onNext(254)) - client-9C97446E6A25->2573df58-4087-4dd0-8598-5abddcc696b9: receive RaftClientReply:client-9C97446E6A25->2573df58-4087-4dd0-8598-5abddcc696b9@group-CE3C0447B19C, cid=301, SUCCESS, logIndex=534, commits[2573df58-4087-4dd0-8598-5abddcc696b9:c534]
2019-06-13 21:51:28,905 INFO  storage.RaftLogWorker (RaftLogWorker.java:rollLogSegment(303)) - 2573df58-4087-4dd0-8598-5abddcc696b9-RaftLogWorker: Rolling segment log-462_535 to index:535
2019-06-13 21:51:28,906 INFO  storage.RaftLogWorker (RaftLogWorker.java:execute(433)) - 2573df58-4087-4dd0-8598-5abddcc696b9-RaftLogWorker: Rolled log segment from /opt/src/hadoop-ozone/integration-test/target/test-dir/MiniOzoneClusterImpl-8578056e-9b7b-4e66-9e9f-ef53d5cd7c03/datanode-0/data/ratis/7f5c2536-ed89-4233-9ec0-ce3c0447b19c/current/log_inprogress_462 to /opt/src/hadoop-ozone/integration-test/target/test-dir/MiniOzoneClusterImpl-8578056e-9b7b-4e66-9e9f-ef53d5cd7c03/datanode-0/data/ratis/7f5c2536-ed89-4233-9ec0-ce3c0447b19c/current/log_462-535
2019-06-13 21:51:28,927 DEBUG block.SCMBlockDeletingService (SCMBlockDeletingService.java:call(138)) - Running DeletedBlockTransactionScanner
2019-06-13 21:51:28,927 DEBUG block.SCMBlockDeletingService (SCMBlockDeletingService.java:call(155)) - Scanned deleted blocks log and got 0 delTX to process.
2019-06-13 21:51:28,944 INFO  storage.RaftLogWorker (RaftLogWorker.java:execute(469)) - 2573df58-4087-4dd0-8598-5abddcc696b9-RaftLogWorker: created new log segment /opt/src/hadoop-ozone/integration-test/target/test-dir/MiniOzoneClusterImpl-8578056e-9b7b-4e66-9e9f-ef53d5cd7c03/datanode-0/data/ratis/7f5c2536-ed89-4233-9ec0-ce3c0447b19c/current/log_inprogress_536
2019-06-13 21:51:28,948 INFO  client.GrpcClientProtocolClient (GrpcClientProtocolClient.java:onNext(254)) - client-9C97446E6A25->2573df58-4087-4dd0-8598-5abddcc696b9: receive RaftClientReply:client-9C97446E6A25->2573df58-4087-4dd0-8598-5abddcc696b9@group-CE3C0447B19C, cid=302, SUCCESS, logIndex=536, commits[2573df58-4087-4dd0-8598-5abddcc696b9:c538]
2019-06-13 21:51:28,948 INFO  client.GrpcClientProtocolClient (GrpcClientProtocolClient.java:onNext(254)) - client-9C97446E6A25->2573df58-4087-4dd0-8598-5abddcc696b9: receive RaftClientReply:client-9C97446E6A25->2573df58-4087-4dd0-8598-5abddcc696b9@group-CE3C0447B19C, cid=303, SUCCESS, logIndex=537, commits[2573df58-4087-4dd0-8598-5abddcc696b9:c539]
2019-06-13 21:51:28,949 INFO  client.GrpcClientProtocolClient (GrpcClientProtocolClient.java:onNext(254)) - client-9C97446E6A25->2573df58-4087-4dd0-8598-5abddcc696b9: receive RaftClientReply:client-9C97446E6A25->2573df58-4087-4dd0-8598-5abddcc696b9@group-CE3C0447B19C, cid=304, SUCCESS, logIndex=538, commits[2573df58-4087-4dd0-8598-5abddcc696b9:c539]
2019-06-13 21:51:28,961 INFO  client.GrpcClientProtocolClient (GrpcClientProtocolClient.java:onNext(254)) - client-9C97446E6A25->2573df58-4087-4dd0-8598-5abddcc696b9: receive RaftClientReply:client-9C97446E6A25->2573df58-4087-4dd0-8598-5abddcc696b9@group-CE3C0447B19C, cid=305, SUCCESS, logIndex=540, commits[2573df58-4087-4dd0-8598-5abddcc696b9:c540]
2019-06-13 21:51:28,963 INFO  client.GrpcClientProtocolClient (GrpcClientProtocolClient.java:onNext(254)) - client-9C97446E6A25->2573df58-4087-4dd0-8598-5abddcc696b9: receive RaftClientReply:client-9C97446E6A25->2573df58-4087-4dd0-8598-5abddcc696b9@group-CE3C0447B19C, cid=306, SUCCESS, logIndex=542, commits[2573df58-4087-4dd0-8598-5abddcc696b9:c542]
2019-06-13 21:51:28,966 INFO  client.GrpcClientProtocolClient (GrpcClientProtocolClient.java:onNext(254)) - client-9C97446E6A25->2573df58-4087-4dd0-8598-5abddcc696b9: receive RaftClientReply:client-9C97446E6A25->2573df58-4087-4dd0-8598-5abddcc696b9@group-CE3C0447B19C, cid=307, SUCCESS, logIndex=544, commits[2573df58-4087-4dd0-8598-5abddcc696b9:c545]
2019-06-13 21:51:28,966 INFO  client.GrpcClientProtocolClient (GrpcClientProtocolClient.java:onNext(254)) - client-9C97446E6A25->2573df58-4087-4dd0-8598-5abddcc696b9: receive RaftClientReply:client-9C97446E6A25->2573df58-4087-4dd0-8598-5abddcc696b9@group-CE3C0447B19C, cid=308, SUCCESS, logIndex=545, commits[2573df58-4087-4dd0-8598-5abddcc696b9:c545]
2019-06-13 21:51:29,027 DEBUG block.SCMBlockDeletingService (SCMBlockDeletingService.java:call(138)) - Running DeletedBlockTransactionScanner
2019-06-13 21:51:29,027 DEBUG block.SCMBlockDeletingService (SCMBlockDeletingService.java:call(155)) - Scanned deleted blocks log and got 0 delTX to process.
2019-06-13 21:51:29,040 INFO  client.GrpcClientProtocolClient (GrpcClientProtocolClient.java:onNext(254)) - client-9C97446E6A25->2573df58-4087-4dd0-8598-5abddcc696b9: receive RaftClientReply:client-9C97446E6A25->2573df58-4087-4dd0-8598-5abddcc696b9@group-CE3C0447B19C, cid=309, SUCCESS, logIndex=547, commits[2573df58-4087-4dd0-8598-5abddcc696b9:c547]
2019-06-13 21:51:29,042 INFO  client.GrpcClientProtocolClient (GrpcClientProtocolClient.java:onNext(254)) - client-9C97446E6A25->2573df58-4087-4dd0-8598-5abddcc696b9: receive RaftClientReply:client-9C97446E6A25->2573df58-4087-4dd0-8598-5abddcc696b9@group-CE3C0447B19C, cid=310, SUCCESS, logIndex=549, commits[2573df58-4087-4dd0-8598-5abddcc696b9:c549]
2019-06-13 21:51:29,043 INFO  client.GrpcClientProtocolClient (GrpcClientProtocolClient.java:onNext(254)) - client-9C97446E6A25->2573df58-4087-4dd0-8598-5abddcc696b9: receive RaftClientReply:client-9C97446E6A25->2573df58-4087-4dd0-8598-5abddcc696b9@group-CE3C0447B19C, cid=311, SUCCESS, logIndex=550, commits[2573df58-4087-4dd0-8598-5abddcc696b9:c552]
2019-06-13 21:51:29,044 INFO  client.GrpcClientProtocolClient (GrpcClientProtocolClient.java:onNext(254)) - client-9C97446E6A25->2573df58-4087-4dd0-8598-5abddcc696b9: receive RaftClientReply:client-9C97446E6A25->2573df58-4087-4dd0-8598-5abddcc696b9@group-CE3C0447B19C, cid=312, SUCCESS, logIndex=552, commits[2573df58-4087-4dd0-8598-5abddcc696b9:c552]
2019-06-13 21:51:29,054 INFO  client.GrpcClientProtocolClient (GrpcClientProtocolClient.java:onNext(254)) - client-9C97446E6A25->2573df58-4087-4dd0-8598-5abddcc696b9: receive RaftClientReply:client-9C97446E6A25->2573df58-4087-4dd0-8598-5abddcc696b9@group-CE3C0447B19C, cid=313, SUCCESS, logIndex=554, commits[2573df58-4087-4dd0-8598-5abddcc696b9:c554]
2019-06-13 21:51:29,056 INFO  client.GrpcClientProtocolClient (GrpcClientProtocolClient.java:onNext(254)) - client-9C97446E6A25->2573df58-4087-4dd0-8598-5abddcc696b9: receive RaftClientReply:client-9C97446E6A25->2573df58-4087-4dd0-8598-5abddcc696b9@group-CE3C0447B19C, cid=314, SUCCESS, logIndex=556, commits[2573df58-4087-4dd0-8598-5abddcc696b9:c556]
2019-06-13 21:51:29,058 INFO  client.GrpcClientProtocolClient (GrpcClientProtocolClient.java:onNext(254)) - client-9C97446E6A25->2573df58-4087-4dd0-8598-5abddcc696b9: receive RaftClientReply:client-9C97446E6A25->2573df58-4087-4dd0-8598-5abddcc696b9@group-CE3C0447B19C, cid=315, SUCCESS, logIndex=557, commits[2573df58-4087-4dd0-8598-5abddcc696b9:c559]
2019-06-13 21:51:29,058 INFO  client.GrpcClientProtocolClient (GrpcClientProtocolClient.java:onNext(254)) - client-9C97446E6A25->2573df58-4087-4dd0-8598-5abddcc696b9: receive RaftClientReply:client-9C97446E6A25->2573df58-4087-4dd0-8598-5abddcc696b9@group-CE3C0447B19C, cid=316, SUCCESS, logIndex=559, commits[2573df58-4087-4dd0-8598-5abddcc696b9:c559]
2019-06-13 21:51:29,067 INFO  client.GrpcClientProtocolClient (GrpcClientProtocolClient.java:onNext(254)) - client-9C97446E6A25->2573df58-4087-4dd0-8598-5abddcc696b9: receive RaftClientReply:client-9C97446E6A25->2573df58-4087-4dd0-8598-5abddcc696b9@group-CE3C0447B19C, cid=317, SUCCESS, logIndex=561, commits[2573df58-4087-4dd0-8598-5abddcc696b9:c561]
2019-06-13 21:51:29,071 INFO  client.GrpcClientProtocolClient (GrpcClientProtocolClient.java:onNext(254)) - client-9C97446E6A25->2573df58-4087-4dd0-8598-5abddcc696b9: receive RaftClientReply:client-9C97446E6A25->2573df58-4087-4dd0-8598-5abddcc696b9@group-CE3C0447B19C, cid=318, SUCCESS, logIndex=563, commits[2573df58-4087-4dd0-8598-5abddcc696b9:c563]
2019-06-13 21:51:29,072 INFO  client.GrpcClientProtocolClient (GrpcClientProtocolClient.java:onNext(254)) - client-9C97446E6A25->2573df58-4087-4dd0-8598-5abddcc696b9: receive RaftClientReply:client-9C97446E6A25->2573df58-4087-4dd0-8598-5abddcc696b9@group-CE3C0447B19C, cid=319, SUCCESS, logIndex=564, commits[2573df58-4087-4dd0-8598-5abddcc696b9:c564]
2019-06-13 21:51:29,072 INFO  client.GrpcClientProtocolClient (GrpcClientProtocolClient.java:onNext(254)) - client-9C97446E6A25->2573df58-4087-4dd0-8598-5abddcc696b9: receive RaftClientReply:client-9C97446E6A25->2573df58-4087-4dd0-8598-5abddcc696b9@group-CE3C0447B19C, cid=320, SUCCESS, logIndex=566, commits[2573df58-4087-4dd0-8598-5abddcc696b9:c566]
2019-06-13 21:51:29,084 INFO  client.GrpcClientProtocolClient (GrpcClientProtocolClient.java:onNext(254)) - client-9C97446E6A25->2573df58-4087-4dd0-8598-5abddcc696b9: receive RaftClientReply:client-9C97446E6A25->2573df58-4087-4dd0-8598-5abddcc696b9@group-CE3C0447B19C, cid=321, SUCCESS, logIndex=569, commits[2573df58-4087-4dd0-8598-5abddcc696b9:c569]
2019-06-13 21:51:29,087 INFO  client.GrpcClientProtocolClient (GrpcClientProtocolClient.java:onNext(254)) - client-9C97446E6A25->2573df58-4087-4dd0-8598-5abddcc696b9: receive RaftClientReply:client-9C97446E6A25->2573df58-4087-4dd0-8598-5abddcc696b9@group-CE3C0447B19C, cid=322, SUCCESS, logIndex=571, commits[2573df58-4087-4dd0-8598-5abddcc696b9:c571]
2019-06-13 21:51:29,090 INFO  client.GrpcClientProtocolClient (GrpcClientProtocolClient.java:onNext(254)) - client-9C97446E6A25->2573df58-4087-4dd0-8598-5abddcc696b9: receive RaftClientReply:client-9C97446E6A25->2573df58-4087-4dd0-8598-5abddcc696b9@group-CE3C0447B19C, cid=323, SUCCESS, logIndex=572, commits[2573df58-4087-4dd0-8598-5abddcc696b9:c572]
2019-06-13 21:51:29,091 INFO  client.GrpcClientProtocolClient (GrpcClientProtocolClient.java:onNext(254)) - client-9C97446E6A25->2573df58-4087-4dd0-8598-5abddcc696b9: receive RaftClientReply:client-9C97446E6A25->2573df58-4087-4dd0-8598-5abddcc696b9@group-CE3C0447B19C, cid=324, SUCCESS, logIndex=574, commits[2573df58-4087-4dd0-8598-5abddcc696b9:c574]
2019-06-13 21:51:29,097 INFO  client.GrpcClientProtocolClient (GrpcClientProtocolClient.java:onNext(254)) - client-9C97446E6A25->2573df58-4087-4dd0-8598-5abddcc696b9: receive RaftClientReply:client-9C97446E6A25->2573df58-4087-4dd0-8598-5abddcc696b9@group-CE3C0447B19C, cid=325, SUCCESS, logIndex=577, commits[2573df58-4087-4dd0-8598-5abddcc696b9:c577]
2019-06-13 21:51:29,102 INFO  client.GrpcClientProtocolClient (GrpcClientProtocolClient.java:onNext(254)) - client-9C97446E6A25->2573df58-4087-4dd0-8598-5abddcc696b9: receive RaftClientReply:client-9C97446E6A25->2573df58-4087-4dd0-8598-5abddcc696b9@group-CE3C0447B19C, cid=326, SUCCESS, logIndex=579, commits[2573df58-4087-4dd0-8598-5abddcc696b9:c579]
2019-06-13 21:51:29,103 INFO  client.GrpcClientProtocolClient (GrpcClientProtocolClient.java:onNext(254)) - client-9C97446E6A25->2573df58-4087-4dd0-8598-5abddcc696b9: receive RaftClientReply:client-9C97446E6A25->2573df58-4087-4dd0-8598-5abddcc696b9@group-CE3C0447B19C, cid=327, SUCCESS, logIndex=580, commits[2573df58-4087-4dd0-8598-5abddcc696b9:c581]
2019-06-13 21:51:29,103 INFO  client.GrpcClientProtocolClient (GrpcClientProtocolClient.java:onNext(254)) - client-9C97446E6A25->2573df58-4087-4dd0-8598-5abddcc696b9: receive RaftClientReply:client-9C97446E6A25->2573df58-4087-4dd0-8598-5abddcc696b9@group-CE3C0447B19C, cid=328, SUCCESS, logIndex=582, commits[2573df58-4087-4dd0-8598-5abddcc696b9:c582]
2019-06-13 21:51:29,115 INFO  client.GrpcClientProtocolClient (GrpcClientProtocolClient.java:onNext(254)) - client-9C97446E6A25->2573df58-4087-4dd0-8598-5abddcc696b9: receive RaftClientReply:client-9C97446E6A25->2573df58-4087-4dd0-8598-5abddcc696b9@group-CE3C0447B19C, cid=329, SUCCESS, logIndex=584, commits[2573df58-4087-4dd0-8598-5abddcc696b9:c584]
2019-06-13 21:51:29,119 INFO  client.GrpcClientProtocolClient (GrpcClientProtocolClient.java:onNext(254)) - client-9C97446E6A25->2573df58-4087-4dd0-8598-5abddcc696b9: receive RaftClientReply:client-9C97446E6A25->2573df58-4087-4dd0-8598-5abddcc696b9@group-CE3C0447B19C, cid=330, SUCCESS, logIndex=586, commits[2573df58-4087-4dd0-8598-5abddcc696b9:c586]
2019-06-13 21:51:29,120 INFO  client.GrpcClientProtocolClient (GrpcClientProtocolClient.java:onNext(254)) - client-9C97446E6A25->2573df58-4087-4dd0-8598-5abddcc696b9: receive RaftClientReply:client-9C97446E6A25->2573df58-4087-4dd0-8598-5abddcc696b9@group-CE3C0447B19C, cid=331, SUCCESS, logIndex=587, commits[2573df58-4087-4dd0-8598-5abddcc696b9:c588]
2019-06-13 21:51:29,120 INFO  client.GrpcClientProtocolClient (GrpcClientProtocolClient.java:onNext(254)) - client-9C97446E6A25->2573df58-4087-4dd0-8598-5abddcc696b9: receive RaftClientReply:client-9C97446E6A25->2573df58-4087-4dd0-8598-5abddcc696b9@group-CE3C0447B19C, cid=332, SUCCESS, logIndex=588, commits[2573df58-4087-4dd0-8598-5abddcc696b9:c588]
2019-06-13 21:51:29,339 DEBUG block.SCMBlockDeletingService (SCMBlockDeletingService.java:call(138)) - Running DeletedBlockTransactionScanner
2019-06-13 21:51:29,339 DEBUG block.SCMBlockDeletingService (SCMBlockDeletingService.java:call(155)) - Scanned deleted blocks log and got 0 delTX to process.
2019-06-13 21:51:29,352 INFO  client.GrpcClientProtocolClient (GrpcClientProtocolClient.java:onNext(254)) - client-9C97446E6A25->2573df58-4087-4dd0-8598-5abddcc696b9: receive RaftClientReply:client-9C97446E6A25->2573df58-4087-4dd0-8598-5abddcc696b9@group-CE3C0447B19C, cid=333, SUCCESS, logIndex=591, commits[2573df58-4087-4dd0-8598-5abddcc696b9:c591]
2019-06-13 21:51:29,354 INFO  client.GrpcClientProtocolClient (GrpcClientProtocolClient.java:onNext(254)) - client-9C97446E6A25->2573df58-4087-4dd0-8598-5abddcc696b9: receive RaftClientReply:client-9C97446E6A25->2573df58-4087-4dd0-8598-5abddcc696b9@group-CE3C0447B19C, cid=334, SUCCESS, logIndex=593, commits[2573df58-4087-4dd0-8598-5abddcc696b9:c593]
2019-06-13 21:51:29,356 INFO  client.GrpcClientProtocolClient (GrpcClientProtocolClient.java:onNext(254)) - client-9C97446E6A25->2573df58-4087-4dd0-8598-5abddcc696b9: receive RaftClientReply:client-9C97446E6A25->2573df58-4087-4dd0-8598-5abddcc696b9@group-CE3C0447B19C, cid=335, SUCCESS, logIndex=594, commits[2573df58-4087-4dd0-8598-5abddcc696b9:c596]
2019-06-13 21:51:29,356 INFO  client.GrpcClientProtocolClient (GrpcClientProtocolClient.java:onNext(254)) - client-9C97446E6A25->2573df58-4087-4dd0-8598-5abddcc696b9: receive RaftClientReply:client-9C97446E6A25->2573df58-4087-4dd0-8598-5abddcc696b9@group-CE3C0447B19C, cid=336, SUCCESS, logIndex=596, commits[2573df58-4087-4dd0-8598-5abddcc696b9:c597]
2019-06-13 21:51:29,368 INFO  client.GrpcClientProtocolClient (GrpcClientProtocolClient.java:onNext(254)) - client-9C97446E6A25->2573df58-4087-4dd0-8598-5abddcc696b9: receive RaftClientReply:client-9C97446E6A25->2573df58-4087-4dd0-8598-5abddcc696b9@group-CE3C0447B19C, cid=337, SUCCESS, logIndex=598, commits[2573df58-4087-4dd0-8598-5abddcc696b9:c598]
2019-06-13 21:51:29,369 INFO  client.GrpcClientProtocolClient (GrpcClientProtocolClient.java:onNext(254)) - client-9C97446E6A25->2573df58-4087-4dd0-8598-5abddcc696b9: receive RaftClientReply:client-9C97446E6A25->2573df58-4087-4dd0-8598-5abddcc696b9@group-CE3C0447B19C, cid=338, SUCCESS, logIndex=600, commits[2573df58-4087-4dd0-8598-5abddcc696b9:c600]
2019-06-13 21:51:29,375 INFO  client.GrpcClientProtocolClient (GrpcClientProtocolClient.java:onNext(254)) - client-9C97446E6A25->2573df58-4087-4dd0-8598-5abddcc696b9: receive RaftClientReply:client-9C97446E6A25->2573df58-4087-4dd0-8598-5abddcc696b9@group-CE3C0447B19C, cid=339, SUCCESS, logIndex=602, commits[2573df58-4087-4dd0-8598-5abddcc696b9:c605]
2019-06-13 21:51:29,376 INFO  client.GrpcClientProtocolClient (GrpcClientProtocolClient.java:onNext(254)) - client-9C97446E6A25->2573df58-4087-4dd0-8598-5abddcc696b9: receive RaftClientReply:client-9C97446E6A25->2573df58-4087-4dd0-8598-5abddcc696b9@group-CE3C0447B19C, cid=340, SUCCESS, logIndex=603, commits[2573df58-4087-4dd0-8598-5abddcc696b9:c605]
2019-06-13 21:51:29,383 INFO  client.GrpcClientProtocolClient (GrpcClientProtocolClient.java:onNext(254)) - client-9C97446E6A25->2573df58-4087-4dd0-8598-5abddcc696b9: receive RaftClientReply:client-9C97446E6A25->2573df58-4087-4dd0-8598-5abddcc696b9@group-CE3C0447B19C, cid=341, SUCCESS, logIndex=606, commits[2573df58-4087-4dd0-8598-5abddcc696b9:c607]
2019-06-13 21:51:29,386 INFO  storage.RaftLogWorker (RaftLogWorker.java:rollLogSegment(303)) - 2573df58-4087-4dd0-8598-5abddcc696b9-RaftLogWorker: Rolling segment log-536_610 to index:610
2019-06-13 21:51:29,387 INFO  storage.RaftLogWorker (RaftLogWorker.java:execute(433)) - 2573df58-4087-4dd0-8598-5abddcc696b9-RaftLogWorker: Rolled log segment from /opt/src/hadoop-ozone/integration-test/target/test-dir/MiniOzoneClusterImpl-8578056e-9b7b-4e66-9e9f-ef53d5cd7c03/datanode-0/data/ratis/7f5c2536-ed89-4233-9ec0-ce3c0447b19c/current/log_inprogress_536 to /opt/src/hadoop-ozone/integration-test/target/test-dir/MiniOzoneClusterImpl-8578056e-9b7b-4e66-9e9f-ef53d5cd7c03/datanode-0/data/ratis/7f5c2536-ed89-4233-9ec0-ce3c0447b19c/current/log_536-610
2019-06-13 21:51:29,388 INFO  client.GrpcClientProtocolClient (GrpcClientProtocolClient.java:onNext(254)) - client-9C97446E6A25->2573df58-4087-4dd0-8598-5abddcc696b9: receive RaftClientReply:client-9C97446E6A25->2573df58-4087-4dd0-8598-5abddcc696b9@group-CE3C0447B19C, cid=342, SUCCESS, logIndex=608, commits[2573df58-4087-4dd0-8598-5abddcc696b9:c608]
2019-06-13 21:51:29,391 INFO  client.GrpcClientProtocolClient (GrpcClientProtocolClient.java:onNext(254)) - client-9C97446E6A25->2573df58-4087-4dd0-8598-5abddcc696b9: receive RaftClientReply:client-9C97446E6A25->2573df58-4087-4dd0-8598-5abddcc696b9@group-CE3C0447B19C, cid=343, SUCCESS, logIndex=609, commits[2573df58-4087-4dd0-8598-5abddcc696b9:c609]
2019-06-13 21:51:29,425 INFO  storage.RaftLogWorker (RaftLogWorker.java:execute(469)) - 2573df58-4087-4dd0-8598-5abddcc696b9-RaftLogWorker: created new log segment /opt/src/hadoop-ozone/integration-test/target/test-dir/MiniOzoneClusterImpl-8578056e-9b7b-4e66-9e9f-ef53d5cd7c03/datanode-0/data/ratis/7f5c2536-ed89-4233-9ec0-ce3c0447b19c/current/log_inprogress_611
2019-06-13 21:51:29,428 INFO  client.GrpcClientProtocolClient (GrpcClientProtocolClient.java:onNext(254)) - client-9C97446E6A25->2573df58-4087-4dd0-8598-5abddcc696b9: receive RaftClientReply:client-9C97446E6A25->2573df58-4087-4dd0-8598-5abddcc696b9@group-CE3C0447B19C, cid=344, SUCCESS, logIndex=611, commits[2573df58-4087-4dd0-8598-5abddcc696b9:c612]
2019-06-13 21:51:29,439 DEBUG block.SCMBlockDeletingService (SCMBlockDeletingService.java:call(138)) - Running DeletedBlockTransactionScanner
2019-06-13 21:51:29,440 DEBUG block.SCMBlockDeletingService (SCMBlockDeletingService.java:call(155)) - Scanned deleted blocks log and got 0 delTX to process.
2019-06-13 21:51:29,440 INFO  client.GrpcClientProtocolClient (GrpcClientProtocolClient.java:onNext(254)) - client-9C97446E6A25->2573df58-4087-4dd0-8598-5abddcc696b9: receive RaftClientReply:client-9C97446E6A25->2573df58-4087-4dd0-8598-5abddcc696b9@group-CE3C0447B19C, cid=345, SUCCESS, logIndex=613, commits[2573df58-4087-4dd0-8598-5abddcc696b9:c613]
2019-06-13 21:51:29,443 INFO  client.GrpcClientProtocolClient (GrpcClientProtocolClient.java:onNext(254)) - client-9C97446E6A25->2573df58-4087-4dd0-8598-5abddcc696b9: receive RaftClientReply:client-9C97446E6A25->2573df58-4087-4dd0-8598-5abddcc696b9@group-CE3C0447B19C, cid=346, SUCCESS, logIndex=615, commits[2573df58-4087-4dd0-8598-5abddcc696b9:c615]
2019-06-13 21:51:29,443 INFO  client.GrpcClientProtocolClient (GrpcClientProtocolClient.java:onNext(254)) - client-9C97446E6A25->2573df58-4087-4dd0-8598-5abddcc696b9: receive RaftClientReply:client-9C97446E6A25->2573df58-4087-4dd0-8598-5abddcc696b9@group-CE3C0447B19C, cid=347, SUCCESS, logIndex=616, commits[2573df58-4087-4dd0-8598-5abddcc696b9:c618]
2019-06-13 21:51:29,444 INFO  client.GrpcClientProtocolClient (GrpcClientProtocolClient.java:onNext(254)) - client-9C97446E6A25->2573df58-4087-4dd0-8598-5abddcc696b9: receive RaftClientReply:client-9C97446E6A25->2573df58-4087-4dd0-8598-5abddcc696b9@group-CE3C0447B19C, cid=348, SUCCESS, logIndex=618, commits[2573df58-4087-4dd0-8598-5abddcc696b9:c618]
2019-06-13 21:51:29,450 INFO  client.GrpcClientProtocolClient (GrpcClientProtocolClient.java:onNext(254)) - client-9C97446E6A25->2573df58-4087-4dd0-8598-5abddcc696b9: receive RaftClientReply:client-9C97446E6A25->2573df58-4087-4dd0-8598-5abddcc696b9@group-CE3C0447B19C, cid=349, SUCCESS, logIndex=620, commits[2573df58-4087-4dd0-8598-5abddcc696b9:c620]
2019-06-13 21:51:29,453 INFO  client.GrpcClientProtocolClient (GrpcClientProtocolClient.java:onNext(254)) - client-9C97446E6A25->2573df58-4087-4dd0-8598-5abddcc696b9: receive RaftClientReply:client-9C97446E6A25->2573df58-4087-4dd0-8598-5abddcc696b9@group-CE3C0447B19C, cid=350, SUCCESS, logIndex=622, commits[2573df58-4087-4dd0-8598-5abddcc696b9:c622]
2019-06-13 21:51:29,454 INFO  client.GrpcClientProtocolClient (GrpcClientProtocolClient.java:onNext(254)) - client-9C97446E6A25->2573df58-4087-4dd0-8598-5abddcc696b9: receive RaftClientReply:client-9C97446E6A25->2573df58-4087-4dd0-8598-5abddcc696b9@group-CE3C0447B19C, cid=351, SUCCESS, logIndex=623, commits[2573df58-4087-4dd0-8598-5abddcc696b9:c624]
2019-06-13 21:51:29,454 INFO  client.GrpcClientProtocolClient (GrpcClientProtocolClient.java:onNext(254)) - client-9C97446E6A25->2573df58-4087-4dd0-8598-5abddcc696b9: receive RaftClientReply:client-9C97446E6A25->2573df58-4087-4dd0-8598-5abddcc696b9@group-CE3C0447B19C, cid=352, SUCCESS, logIndex=624, commits[2573df58-4087-4dd0-8598-5abddcc696b9:c626]
2019-06-13 21:51:29,536 INFO  client.GrpcClientProtocolClient (GrpcClientProtocolClient.java:onNext(254)) - client-9C97446E6A25->2573df58-4087-4dd0-8598-5abddcc696b9: receive RaftClientReply:client-9C97446E6A25->2573df58-4087-4dd0-8598-5abddcc696b9@group-CE3C0447B19C, cid=353, SUCCESS, logIndex=627, commits[2573df58-4087-4dd0-8598-5abddcc696b9:c627]
2019-06-13 21:51:29,539 INFO  client.GrpcClientProtocolClient (GrpcClientProtocolClient.java:onNext(254)) - client-9C97446E6A25->2573df58-4087-4dd0-8598-5abddcc696b9: receive RaftClientReply:client-9C97446E6A25->2573df58-4087-4dd0-8598-5abddcc696b9@group-CE3C0447B19C, cid=354, SUCCESS, logIndex=629, commits[2573df58-4087-4dd0-8598-5abddcc696b9:c629]
2019-06-13 21:51:29,540 DEBUG block.SCMBlockDeletingService (SCMBlockDeletingService.java:call(138)) - Running DeletedBlockTransactionScanner
2019-06-13 21:51:29,541 DEBUG block.SCMBlockDeletingService (SCMBlockDeletingService.java:call(155)) - Scanned deleted blocks log and got 0 delTX to process.
2019-06-13 21:51:29,541 INFO  client.GrpcClientProtocolClient (GrpcClientProtocolClient.java:onNext(254)) - client-9C97446E6A25->2573df58-4087-4dd0-8598-5abddcc696b9: receive RaftClientReply:client-9C97446E6A25->2573df58-4087-4dd0-8598-5abddcc696b9@group-CE3C0447B19C, cid=355, SUCCESS, logIndex=630, commits[2573df58-4087-4dd0-8598-5abddcc696b9:c632]
2019-06-13 21:51:29,542 INFO  client.GrpcClientProtocolClient (GrpcClientProtocolClient.java:onNext(254)) - client-9C97446E6A25->2573df58-4087-4dd0-8598-5abddcc696b9: receive RaftClientReply:client-9C97446E6A25->2573df58-4087-4dd0-8598-5abddcc696b9@group-CE3C0447B19C, cid=356, SUCCESS, logIndex=631, commits[2573df58-4087-4dd0-8598-5abddcc696b9:c632]
2019-06-13 21:51:29,552 INFO  client.GrpcClientProtocolClient (GrpcClientProtocolClient.java:onNext(254)) - client-9C97446E6A25->2573df58-4087-4dd0-8598-5abddcc696b9: receive RaftClientReply:client-9C97446E6A25->2573df58-4087-4dd0-8598-5abddcc696b9@group-CE3C0447B19C, cid=357, SUCCESS, logIndex=633, commits[2573df58-4087-4dd0-8598-5abddcc696b9:c633]
2019-06-13 21:51:29,553 INFO  client.GrpcClientProtocolClient (GrpcClientProtocolClient.java:onNext(254)) - client-9C97446E6A25->2573df58-4087-4dd0-8598-5abddcc696b9: receive RaftClientReply:client-9C97446E6A25->2573df58-4087-4dd0-8598-5abddcc696b9@group-CE3C0447B19C, cid=358, SUCCESS, logIndex=635, commits[2573df58-4087-4dd0-8598-5abddcc696b9:c635]
2019-06-13 21:51:29,560 INFO  client.GrpcClientProtocolClient (GrpcClientProtocolClient.java:onNext(254)) - client-9C97446E6A25->2573df58-4087-4dd0-8598-5abddcc696b9: receive RaftClientReply:client-9C97446E6A25->2573df58-4087-4dd0-8598-5abddcc696b9@group-CE3C0447B19C, cid=359, SUCCESS, logIndex=637, commits[2573df58-4087-4dd0-8598-5abddcc696b9:c638]
2019-06-13 21:51:29,560 INFO  client.GrpcClientProtocolClient (GrpcClientProtocolClient.java:onNext(254)) - client-9C97446E6A25->2573df58-4087-4dd0-8598-5abddcc696b9: receive RaftClientReply:client-9C97446E6A25->2573df58-4087-4dd0-8598-5abddcc696b9@group-CE3C0447B19C, cid=360, SUCCESS, logIndex=638, commits[2573df58-4087-4dd0-8598-5abddcc696b9:c639]
2019-06-13 21:51:29,572 INFO  client.GrpcClientProtocolClient (GrpcClientProtocolClient.java:onNext(254)) - client-9C97446E6A25->2573df58-4087-4dd0-8598-5abddcc696b9: receive RaftClientReply:client-9C97446E6A25->2573df58-4087-4dd0-8598-5abddcc696b9@group-CE3C0447B19C, cid=361, SUCCESS, logIndex=640, commits[2573df58-4087-4dd0-8598-5abddcc696b9:c640]
2019-06-13 21:51:29,574 INFO  client.GrpcClientProtocolClient (GrpcClientProtocolClient.java:onNext(254)) - client-9C97446E6A25->2573df58-4087-4dd0-8598-5abddcc696b9: receive RaftClientReply:client-9C97446E6A25->2573df58-4087-4dd0-8598-5abddcc696b9@group-CE3C0447B19C, cid=362, SUCCESS, logIndex=642, commits[2573df58-4087-4dd0-8598-5abddcc696b9:c642]
2019-06-13 21:51:29,577 INFO  client.GrpcClientProtocolClient (GrpcClientProtocolClient.java:onNext(254)) - client-9C97446E6A25->2573df58-4087-4dd0-8598-5abddcc696b9: receive RaftClientReply:client-9C97446E6A25->2573df58-4087-4dd0-8598-5abddcc696b9@group-CE3C0447B19C, cid=363, SUCCESS, logIndex=644, commits[2573df58-4087-4dd0-8598-5abddcc696b9:c645]
2019-06-13 21:51:29,577 INFO  client.GrpcClientProtocolClient (GrpcClientProtocolClient.java:onNext(254)) - client-9C97446E6A25->2573df58-4087-4dd0-8598-5abddcc696b9: receive RaftClientReply:client-9C97446E6A25->2573df58-4087-4dd0-8598-5abddcc696b9@group-CE3C0447B19C, cid=364, SUCCESS, logIndex=645, commits[2573df58-4087-4dd0-8598-5abddcc696b9:c646]
2019-06-13 21:51:29,584 INFO  client.GrpcClientProtocolClient (GrpcClientProtocolClient.java:onNext(254)) - client-9C97446E6A25->2573df58-4087-4dd0-8598-5abddcc696b9: receive RaftClientReply:client-9C97446E6A25->2573df58-4087-4dd0-8598-5abddcc696b9@group-CE3C0447B19C, cid=365, SUCCESS, logIndex=647, commits[2573df58-4087-4dd0-8598-5abddcc696b9:c647]
2019-06-13 21:51:29,586 INFO  client.GrpcClientProtocolClient (GrpcClientProtocolClient.java:onNext(254)) - client-9C97446E6A25->2573df58-4087-4dd0-8598-5abddcc696b9: receive RaftClientReply:client-9C97446E6A25->2573df58-4087-4dd0-8598-5abddcc696b9@group-CE3C0447B19C, cid=366, SUCCESS, logIndex=649, commits[2573df58-4087-4dd0-8598-5abddcc696b9:c649]
2019-06-13 21:51:29,587 INFO  client.GrpcClientProtocolClient (GrpcClientProtocolClient.java:onNext(254)) - client-9C97446E6A25->2573df58-4087-4dd0-8598-5abddcc696b9: receive RaftClientReply:client-9C97446E6A25->2573df58-4087-4dd0-8598-5abddcc696b9@group-CE3C0447B19C, cid=367, SUCCESS, logIndex=650, commits[2573df58-4087-4dd0-8598-5abddcc696b9:c652]
2019-06-13 21:51:29,588 INFO  client.GrpcClientProtocolClient (GrpcClientProtocolClient.java:onNext(254)) - client-9C97446E6A25->2573df58-4087-4dd0-8598-5abddcc696b9: receive RaftClientReply:client-9C97446E6A25->2573df58-4087-4dd0-8598-5abddcc696b9@group-CE3C0447B19C, cid=368, SUCCESS, logIndex=652, commits[2573df58-4087-4dd0-8598-5abddcc696b9:c653]
2019-06-13 21:51:29,597 INFO  client.GrpcClientProtocolClient (GrpcClientProtocolClient.java:onNext(254)) - client-9C97446E6A25->2573df58-4087-4dd0-8598-5abddcc696b9: receive RaftClientReply:client-9C97446E6A25->2573df58-4087-4dd0-8598-5abddcc696b9@group-CE3C0447B19C, cid=369, SUCCESS, logIndex=654, commits[2573df58-4087-4dd0-8598-5abddcc696b9:c654]
2019-06-13 21:51:29,599 INFO  client.GrpcClientProtocolClient (GrpcClientProtocolClient.java:onNext(254)) - client-9C97446E6A25->2573df58-4087-4dd0-8598-5abddcc696b9: receive RaftClientReply:client-9C97446E6A25->2573df58-4087-4dd0-8598-5abddcc696b9@group-CE3C0447B19C, cid=370, SUCCESS, logIndex=656, commits[2573df58-4087-4dd0-8598-5abddcc696b9:c656]
2019-06-13 21:51:29,602 INFO  client.GrpcClientProtocolClient (GrpcClientProtocolClient.java:onNext(254)) - client-9C97446E6A25->2573df58-4087-4dd0-8598-5abddcc696b9: receive RaftClientReply:client-9C97446E6A25->2573df58-4087-4dd0-8598-5abddcc696b9@group-CE3C0447B19C, cid=371, SUCCESS, logIndex=658, commits[2573df58-4087-4dd0-8598-5abddcc696b9:c659]
2019-06-13 21:51:29,602 INFO  client.GrpcClientProtocolClient (GrpcClientProtocolClient.java:onNext(254)) - client-9C97446E6A25->2573df58-4087-4dd0-8598-5abddcc696b9: receive RaftClientReply:client-9C97446E6A25->2573df58-4087-4dd0-8598-5abddcc696b9@group-CE3C0447B19C, cid=372, SUCCESS, logIndex=659, commits[2573df58-4087-4dd0-8598-5abddcc696b9:c660]
2019-06-13 21:51:29,609 INFO  client.GrpcClientProtocolClient (GrpcClientProtocolClient.java:onNext(254)) - client-9C97446E6A25->2573df58-4087-4dd0-8598-5abddcc696b9: receive RaftClientReply:client-9C97446E6A25->2573df58-4087-4dd0-8598-5abddcc696b9@group-CE3C0447B19C, cid=373, SUCCESS, logIndex=661, commits[2573df58-4087-4dd0-8598-5abddcc696b9:c661]
2019-06-13 21:51:29,611 INFO  client.GrpcClientProtocolClient (GrpcClientProtocolClient.java:onNext(254)) - client-9C97446E6A25->2573df58-4087-4dd0-8598-5abddcc696b9: receive RaftClientReply:client-9C97446E6A25->2573df58-4087-4dd0-8598-5abddcc696b9@group-CE3C0447B19C, cid=374, SUCCESS, logIndex=663, commits[2573df58-4087-4dd0-8598-5abddcc696b9:c663]
2019-06-13 21:51:29,617 INFO  client.GrpcClientProtocolClient (GrpcClientProtocolClient.java:onNext(254)) - client-9C97446E6A25->2573df58-4087-4dd0-8598-5abddcc696b9: receive RaftClientReply:client-9C97446E6A25->2573df58-4087-4dd0-8598-5abddcc696b9@group-CE3C0447B19C, cid=375, SUCCESS, logIndex=664, commits[2573df58-4087-4dd0-8598-5abddcc696b9:c666]
2019-06-13 21:51:29,618 INFO  client.GrpcClientProtocolClient (GrpcClientProtocolClient.java:onNext(254)) - client-9C97446E6A25->2573df58-4087-4dd0-8598-5abddcc696b9: receive RaftClientReply:client-9C97446E6A25->2573df58-4087-4dd0-8598-5abddcc696b9@group-CE3C0447B19C, cid=376, SUCCESS, logIndex=666, commits[2573df58-4087-4dd0-8598-5abddcc696b9:c667]
2019-06-13 21:51:29,628 INFO  client.GrpcClientProtocolClient (GrpcClientProtocolClient.java:onNext(254)) - client-9C97446E6A25->2573df58-4087-4dd0-8598-5abddcc696b9: receive RaftClientReply:client-9C97446E6A25->2573df58-4087-4dd0-8598-5abddcc696b9@group-CE3C0447B19C, cid=377, SUCCESS, logIndex=668, commits[2573df58-4087-4dd0-8598-5abddcc696b9:c668]
2019-06-13 21:51:29,630 INFO  client.GrpcClientProtocolClient (GrpcClientProtocolClient.java:onNext(254)) - client-9C97446E6A25->2573df58-4087-4dd0-8598-5abddcc696b9: receive RaftClientReply:client-9C97446E6A25->2573df58-4087-4dd0-8598-5abddcc696b9@group-CE3C0447B19C, cid=378, SUCCESS, logIndex=670, commits[2573df58-4087-4dd0-8598-5abddcc696b9:c670]
2019-06-13 21:51:29,633 INFO  client.GrpcClientProtocolClient (GrpcClientProtocolClient.java:onNext(254)) - client-9C97446E6A25->2573df58-4087-4dd0-8598-5abddcc696b9: receive RaftClientReply:client-9C97446E6A25->2573df58-4087-4dd0-8598-5abddcc696b9@group-CE3C0447B19C, cid=379, SUCCESS, logIndex=672, commits[2573df58-4087-4dd0-8598-5abddcc696b9:c673]
2019-06-13 21:51:29,634 INFO  client.GrpcClientProtocolClient (GrpcClientProtocolClient.java:onNext(254)) - client-9C97446E6A25->2573df58-4087-4dd0-8598-5abddcc696b9: receive RaftClientReply:client-9C97446E6A25->2573df58-4087-4dd0-8598-5abddcc696b9@group-CE3C0447B19C, cid=380, SUCCESS, logIndex=673, commits[2573df58-4087-4dd0-8598-5abddcc696b9:c673]
2019-06-13 21:51:29,641 DEBUG block.SCMBlockDeletingService (SCMBlockDeletingService.java:call(138)) - Running DeletedBlockTransactionScanner
2019-06-13 21:51:29,642 DEBUG block.SCMBlockDeletingService (SCMBlockDeletingService.java:call(155)) - Scanned deleted blocks log and got 0 delTX to process.
2019-06-13 21:51:29,642 INFO  client.GrpcClientProtocolClient (GrpcClientProtocolClient.java:onNext(254)) - client-9C97446E6A25->2573df58-4087-4dd0-8598-5abddcc696b9: receive RaftClientReply:client-9C97446E6A25->2573df58-4087-4dd0-8598-5abddcc696b9@group-CE3C0447B19C, cid=381, SUCCESS, logIndex=675, commits[2573df58-4087-4dd0-8598-5abddcc696b9:c675]
2019-06-13 21:51:29,644 INFO  client.GrpcClientProtocolClient (GrpcClientProtocolClient.java:onNext(254)) - client-9C97446E6A25->2573df58-4087-4dd0-8598-5abddcc696b9: receive RaftClientReply:client-9C97446E6A25->2573df58-4087-4dd0-8598-5abddcc696b9@group-CE3C0447B19C, cid=382, SUCCESS, logIndex=677, commits[2573df58-4087-4dd0-8598-5abddcc696b9:c677]
2019-06-13 21:51:29,645 INFO  client.GrpcClientProtocolClient (GrpcClientProtocolClient.java:onNext(254)) - client-9C97446E6A25->2573df58-4087-4dd0-8598-5abddcc696b9: receive RaftClientReply:client-9C97446E6A25->2573df58-4087-4dd0-8598-5abddcc696b9@group-CE3C0447B19C, cid=383, SUCCESS, logIndex=678, commits[2573df58-4087-4dd0-8598-5abddcc696b9:c680]
2019-06-13 21:51:29,646 INFO  client.GrpcClientProtocolClient (GrpcClientProtocolClient.java:onNext(254)) - client-9C97446E6A25->2573df58-4087-4dd0-8598-5abddcc696b9: receive RaftClientReply:client-9C97446E6A25->2573df58-4087-4dd0-8598-5abddcc696b9@group-CE3C0447B19C, cid=384, SUCCESS, logIndex=680, commits[2573df58-4087-4dd0-8598-5abddcc696b9:c680]
2019-06-13 21:51:29,657 INFO  client.GrpcClientProtocolClient (GrpcClientProtocolClient.java:onNext(254)) - client-9C97446E6A25->2573df58-4087-4dd0-8598-5abddcc696b9: receive RaftClientReply:client-9C97446E6A25->2573df58-4087-4dd0-8598-5abddcc696b9@group-CE3C0447B19C, cid=385, SUCCESS, logIndex=682, commits[2573df58-4087-4dd0-8598-5abddcc696b9:c682]
2019-06-13 21:51:29,657 INFO  storage.RaftLogWorker (RaftLogWorker.java:rollLogSegment(303)) - 2573df58-4087-4dd0-8598-5abddcc696b9-RaftLogWorker: Rolling segment log-611_684 to index:684
2019-06-13 21:51:29,657 INFO  storage.RaftLogWorker (RaftLogWorker.java:execute(433)) - 2573df58-4087-4dd0-8598-5abddcc696b9-RaftLogWorker: Rolled log segment from /opt/src/hadoop-ozone/integration-test/target/test-dir/MiniOzoneClusterImpl-8578056e-9b7b-4e66-9e9f-ef53d5cd7c03/datanode-0/data/ratis/7f5c2536-ed89-4233-9ec0-ce3c0447b19c/current/log_inprogress_611 to /opt/src/hadoop-ozone/integration-test/target/test-dir/MiniOzoneClusterImpl-8578056e-9b7b-4e66-9e9f-ef53d5cd7c03/datanode-0/data/ratis/7f5c2536-ed89-4233-9ec0-ce3c0447b19c/current/log_611-684
2019-06-13 21:51:29,663 INFO  client.GrpcClientProtocolClient (GrpcClientProtocolClient.java:onNext(254)) - client-9C97446E6A25->2573df58-4087-4dd0-8598-5abddcc696b9: receive RaftClientReply:client-9C97446E6A25->2573df58-4087-4dd0-8598-5abddcc696b9@group-CE3C0447B19C, cid=386, SUCCESS, logIndex=684, commits[2573df58-4087-4dd0-8598-5abddcc696b9:c684]
2019-06-13 21:51:29,694 INFO  storage.RaftLogWorker (RaftLogWorker.java:execute(469)) - 2573df58-4087-4dd0-8598-5abddcc696b9-RaftLogWorker: created new log segment /opt/src/hadoop-ozone/integration-test/target/test-dir/MiniOzoneClusterImpl-8578056e-9b7b-4e66-9e9f-ef53d5cd7c03/datanode-0/data/ratis/7f5c2536-ed89-4233-9ec0-ce3c0447b19c/current/log_inprogress_685
2019-06-13 21:51:29,697 INFO  client.GrpcClientProtocolClient (GrpcClientProtocolClient.java:onNext(254)) - client-9C97446E6A25->2573df58-4087-4dd0-8598-5abddcc696b9: receive RaftClientReply:client-9C97446E6A25->2573df58-4087-4dd0-8598-5abddcc696b9@group-CE3C0447B19C, cid=387, SUCCESS, logIndex=685, commits[2573df58-4087-4dd0-8598-5abddcc696b9:c687]
2019-06-13 21:51:29,697 INFO  client.GrpcClientProtocolClient (GrpcClientProtocolClient.java:onNext(254)) - client-9C97446E6A25->2573df58-4087-4dd0-8598-5abddcc696b9: receive RaftClientReply:client-9C97446E6A25->2573df58-4087-4dd0-8598-5abddcc696b9@group-CE3C0447B19C, cid=388, SUCCESS, logIndex=687, commits[2573df58-4087-4dd0-8598-5abddcc696b9:c688]
2019-06-13 21:51:29,708 INFO  client.GrpcClientProtocolClient (GrpcClientProtocolClient.java:onNext(254)) - client-9C97446E6A25->2573df58-4087-4dd0-8598-5abddcc696b9: receive RaftClientReply:client-9C97446E6A25->2573df58-4087-4dd0-8598-5abddcc696b9@group-CE3C0447B19C, cid=389, SUCCESS, logIndex=689, commits[2573df58-4087-4dd0-8598-5abddcc696b9:c689]
2019-06-13 21:51:29,710 INFO  client.GrpcClientProtocolClient (GrpcClientProtocolClient.java:onNext(254)) - client-9C97446E6A25->2573df58-4087-4dd0-8598-5abddcc696b9: receive RaftClientReply:client-9C97446E6A25->2573df58-4087-4dd0-8598-5abddcc696b9@group-CE3C0447B19C, cid=390, SUCCESS, logIndex=691, commits[2573df58-4087-4dd0-8598-5abddcc696b9:c691]
2019-06-13 21:51:29,711 INFO  client.GrpcClientProtocolClient (GrpcClientProtocolClient.java:onNext(254)) - client-9C97446E6A25->2573df58-4087-4dd0-8598-5abddcc696b9: receive RaftClientReply:client-9C97446E6A25->2573df58-4087-4dd0-8598-5abddcc696b9@group-CE3C0447B19C, cid=391, SUCCESS, logIndex=692, commits[2573df58-4087-4dd0-8598-5abddcc696b9:c694]
2019-06-13 21:51:29,711 INFO  client.GrpcClientProtocolClient (GrpcClientProtocolClient.java:onNext(254)) - client-9C97446E6A25->2573df58-4087-4dd0-8598-5abddcc696b9: receive RaftClientReply:client-9C97446E6A25->2573df58-4087-4dd0-8598-5abddcc696b9@group-CE3C0447B19C, cid=392, SUCCESS, logIndex=693, commits[2573df58-4087-4dd0-8598-5abddcc696b9:c694]
2019-06-13 21:51:29,723 INFO  client.GrpcClientProtocolClient (GrpcClientProtocolClient.java:onNext(254)) - client-9C97446E6A25->2573df58-4087-4dd0-8598-5abddcc696b9: receive RaftClientReply:client-9C97446E6A25->2573df58-4087-4dd0-8598-5abddcc696b9@group-CE3C0447B19C, cid=393, SUCCESS, logIndex=695, commits[2573df58-4087-4dd0-8598-5abddcc696b9:c695]
2019-06-13 21:51:29,725 INFO  client.GrpcClientProtocolClient (GrpcClientProtocolClient.java:onNext(254)) - client-9C97446E6A25->2573df58-4087-4dd0-8598-5abddcc696b9: receive RaftClientReply:client-9C97446E6A25->2573df58-4087-4dd0-8598-5abddcc696b9@group-CE3C0447B19C, cid=394, SUCCESS, logIndex=697, commits[2573df58-4087-4dd0-8598-5abddcc696b9:c697]
2019-06-13 21:51:29,728 INFO  client.GrpcClientProtocolClient (GrpcClientProtocolClient.java:onNext(254)) - client-9C97446E6A25->2573df58-4087-4dd0-8598-5abddcc696b9: receive RaftClientReply:client-9C97446E6A25->2573df58-4087-4dd0-8598-5abddcc696b9@group-CE3C0447B19C, cid=395, SUCCESS, logIndex=699, commits[2573df58-4087-4dd0-8598-5abddcc696b9:c700]
2019-06-13 21:51:29,728 INFO  client.GrpcClientProtocolClient (GrpcClientProtocolClient.java:onNext(254)) - client-9C97446E6A25->2573df58-4087-4dd0-8598-5abddcc696b9: receive RaftClientReply:client-9C97446E6A25->2573df58-4087-4dd0-8598-5abddcc696b9@group-CE3C0447B19C, cid=396, SUCCESS, logIndex=700, commits[2573df58-4087-4dd0-8598-5abddcc696b9:c700]
2019-06-13 21:51:29,742 DEBUG block.SCMBlockDeletingService (SCMBlockDeletingService.java:call(138)) - Running DeletedBlockTransactionScanner
2019-06-13 21:51:29,742 DEBUG block.SCMBlockDeletingService (SCMBlockDeletingService.java:call(155)) - Scanned deleted blocks log and got 0 delTX to process.
2019-06-13 21:51:29,844 DEBUG block.SCMBlockDeletingService (SCMBlockDeletingService.java:call(138)) - Running DeletedBlockTransactionScanner
2019-06-13 21:51:29,844 DEBUG block.SCMBlockDeletingService (SCMBlockDeletingService.java:call(155)) - Scanned deleted blocks log and got 0 delTX to process.
2019-06-13 21:51:29,856 INFO  client.GrpcClientProtocolClient (GrpcClientProtocolClient.java:onNext(254)) - client-9C97446E6A25->2573df58-4087-4dd0-8598-5abddcc696b9: receive RaftClientReply:client-9C97446E6A25->2573df58-4087-4dd0-8598-5abddcc696b9@group-CE3C0447B19C, cid=397, SUCCESS, logIndex=702, commits[2573df58-4087-4dd0-8598-5abddcc696b9:c702]
2019-06-13 21:51:29,859 INFO  client.GrpcClientProtocolClient (GrpcClientProtocolClient.java:onNext(254)) - client-9C97446E6A25->2573df58-4087-4dd0-8598-5abddcc696b9: receive RaftClientReply:client-9C97446E6A25->2573df58-4087-4dd0-8598-5abddcc696b9@group-CE3C0447B19C, cid=398, SUCCESS, logIndex=704, commits[2573df58-4087-4dd0-8598-5abddcc696b9:c704]
2019-06-13 21:51:29,861 INFO  client.GrpcClientProtocolClient (GrpcClientProtocolClient.java:onNext(254)) - client-9C97446E6A25->2573df58-4087-4dd0-8598-5abddcc696b9: receive RaftClientReply:client-9C97446E6A25->2573df58-4087-4dd0-8598-5abddcc696b9@group-CE3C0447B19C, cid=399, SUCCESS, logIndex=705, commits[2573df58-4087-4dd0-8598-5abddcc696b9:c707]
2019-06-13 21:51:29,861 INFO  client.GrpcClientProtocolClient (GrpcClientProtocolClient.java:onNext(254)) - client-9C97446E6A25->2573df58-4087-4dd0-8598-5abddcc696b9: receive RaftClientReply:client-9C97446E6A25->2573df58-4087-4dd0-8598-5abddcc696b9@group-CE3C0447B19C, cid=400, SUCCESS, logIndex=707, commits[2573df58-4087-4dd0-8598-5abddcc696b9:c707]
2019-06-13 21:51:29,873 INFO  client.GrpcClientProtocolClient (GrpcClientProtocolClient.java:onNext(254)) - client-9C97446E6A25->2573df58-4087-4dd0-8598-5abddcc696b9: receive RaftClientReply:client-9C97446E6A25->2573df58-4087-4dd0-8598-5abddcc696b9@group-CE3C0447B19C, cid=401, SUCCESS, logIndex=709, commits[2573df58-4087-4dd0-8598-5abddcc696b9:c709]
2019-06-13 21:51:29,875 INFO  client.GrpcClientProtocolClient (GrpcClientProtocolClient.java:onNext(254)) - client-9C97446E6A25->2573df58-4087-4dd0-8598-5abddcc696b9: receive RaftClientReply:client-9C97446E6A25->2573df58-4087-4dd0-8598-5abddcc696b9@group-CE3C0447B19C, cid=402, SUCCESS, logIndex=711, commits[2573df58-4087-4dd0-8598-5abddcc696b9:c711]
2019-06-13 21:51:29,876 INFO  client.GrpcClientProtocolClient (GrpcClientProtocolClient.java:onNext(254)) - client-9C97446E6A25->2573df58-4087-4dd0-8598-5abddcc696b9: receive RaftClientReply:client-9C97446E6A25->2573df58-4087-4dd0-8598-5abddcc696b9@group-CE3C0447B19C, cid=403, SUCCESS, logIndex=712, commits[2573df58-4087-4dd0-8598-5abddcc696b9:c714]
2019-06-13 21:51:29,878 INFO  client.GrpcClientProtocolClient (GrpcClientProtocolClient.java:onNext(254)) - client-9C97446E6A25->2573df58-4087-4dd0-8598-5abddcc696b9: receive RaftClientReply:client-9C97446E6A25->2573df58-4087-4dd0-8598-5abddcc696b9@group-CE3C0447B19C, cid=404, SUCCESS, logIndex=713, commits[2573df58-4087-4dd0-8598-5abddcc696b9:c714]
2019-06-13 21:51:29,885 INFO  client.GrpcClientProtocolClient (GrpcClientProtocolClient.java:onNext(254)) - client-9C97446E6A25->2573df58-4087-4dd0-8598-5abddcc696b9: receive RaftClientReply:client-9C97446E6A25->2573df58-4087-4dd0-8598-5abddcc696b9@group-CE3C0447B19C, cid=405, SUCCESS, logIndex=715, commits[2573df58-4087-4dd0-8598-5abddcc696b9:c715]
2019-06-13 21:51:29,887 INFO  client.GrpcClientProtocolClient (GrpcClientProtocolClient.java:onNext(254)) - client-9C97446E6A25->2573df58-4087-4dd0-8598-5abddcc696b9: receive RaftClientReply:client-9C97446E6A25->2573df58-4087-4dd0-8598-5abddcc696b9@group-CE3C0447B19C, cid=406, SUCCESS, logIndex=717, commits[2573df58-4087-4dd0-8598-5abddcc696b9:c717]
2019-06-13 21:51:29,888 INFO  client.GrpcClientProtocolClient (GrpcClientProtocolClient.java:onNext(254)) - client-9C97446E6A25->2573df58-4087-4dd0-8598-5abddcc696b9: receive RaftClientReply:client-9C97446E6A25->2573df58-4087-4dd0-8598-5abddcc696b9@group-CE3C0447B19C, cid=407, SUCCESS, logIndex=718, commits[2573df58-4087-4dd0-8598-5abddcc696b9:c720]
2019-06-13 21:51:29,888 INFO  client.GrpcClientProtocolClient (GrpcClientProtocolClient.java:onNext(254)) - client-9C97446E6A25->2573df58-4087-4dd0-8598-5abddcc696b9: receive RaftClientReply:client-9C97446E6A25->2573df58-4087-4dd0-8598-5abddcc696b9@group-CE3C0447B19C, cid=408, SUCCESS, logIndex=720, commits[2573df58-4087-4dd0-8598-5abddcc696b9:c721]
2019-06-13 21:51:29,900 INFO  client.GrpcClientProtocolClient (GrpcClientProtocolClient.java:onNext(254)) - client-9C97446E6A25->2573df58-4087-4dd0-8598-5abddcc696b9: receive RaftClientReply:client-9C97446E6A25->2573df58-4087-4dd0-8598-5abddcc696b9@group-CE3C0447B19C, cid=409, SUCCESS, logIndex=722, commits[2573df58-4087-4dd0-8598-5abddcc696b9:c722]
2019-06-13 21:51:29,902 INFO  client.GrpcClientProtocolClient (GrpcClientProtocolClient.java:onNext(254)) - client-9C97446E6A25->2573df58-4087-4dd0-8598-5abddcc696b9: receive RaftClientReply:client-9C97446E6A25->2573df58-4087-4dd0-8598-5abddcc696b9@group-CE3C0447B19C, cid=410, SUCCESS, logIndex=724, commits[2573df58-4087-4dd0-8598-5abddcc696b9:c724]
2019-06-13 21:51:29,907 INFO  client.GrpcClientProtocolClient (GrpcClientProtocolClient.java:onNext(254)) - client-9C97446E6A25->2573df58-4087-4dd0-8598-5abddcc696b9: receive RaftClientReply:client-9C97446E6A25->2573df58-4087-4dd0-8598-5abddcc696b9@group-CE3C0447B19C, cid=411, SUCCESS, logIndex=725, commits[2573df58-4087-4dd0-8598-5abddcc696b9:c726]
2019-06-13 21:51:29,908 INFO  client.GrpcClientProtocolClient (GrpcClientProtocolClient.java:onNext(254)) - client-9C97446E6A25->2573df58-4087-4dd0-8598-5abddcc696b9: receive RaftClientReply:client-9C97446E6A25->2573df58-4087-4dd0-8598-5abddcc696b9@group-CE3C0447B19C, cid=412, SUCCESS, logIndex=726, commits[2573df58-4087-4dd0-8598-5abddcc696b9:c726]
2019-06-13 21:51:29,917 INFO  client.GrpcClientProtocolClient (GrpcClientProtocolClient.java:onNext(254)) - client-9C97446E6A25->2573df58-4087-4dd0-8598-5abddcc696b9: receive RaftClientReply:client-9C97446E6A25->2573df58-4087-4dd0-8598-5abddcc696b9@group-CE3C0447B19C, cid=413, SUCCESS, logIndex=729, commits[2573df58-4087-4dd0-8598-5abddcc696b9:c729]
2019-06-13 21:51:29,920 INFO  client.GrpcClientProtocolClient (GrpcClientProtocolClient.java:onNext(254)) - client-9C97446E6A25->2573df58-4087-4dd0-8598-5abddcc696b9: receive RaftClientReply:client-9C97446E6A25->2573df58-4087-4dd0-8598-5abddcc696b9@group-CE3C0447B19C, cid=414, SUCCESS, logIndex=731, commits[2573df58-4087-4dd0-8598-5abddcc696b9:c731]
2019-06-13 21:51:29,921 INFO  client.GrpcClientProtocolClient (GrpcClientProtocolClient.java:onNext(254)) - client-9C97446E6A25->2573df58-4087-4dd0-8598-5abddcc696b9: receive RaftClientReply:client-9C97446E6A25->2573df58-4087-4dd0-8598-5abddcc696b9@group-CE3C0447B19C, cid=415, SUCCESS, logIndex=732, commits[2573df58-4087-4dd0-8598-5abddcc696b9:c733]
2019-06-13 21:51:29,921 INFO  client.GrpcClientProtocolClient (GrpcClientProtocolClient.java:onNext(254)) - client-9C97446E6A25->2573df58-4087-4dd0-8598-5abddcc696b9: receive RaftClientReply:client-9C97446E6A25->2573df58-4087-4dd0-8598-5abddcc696b9@group-CE3C0447B19C, cid=416, SUCCESS, logIndex=733, commits[2573df58-4087-4dd0-8598-5abddcc696b9:c733]
2019-06-13 21:51:29,932 INFO  client.GrpcClientProtocolClient (GrpcClientProtocolClient.java:onNext(254)) - client-9C97446E6A25->2573df58-4087-4dd0-8598-5abddcc696b9: receive RaftClientReply:client-9C97446E6A25->2573df58-4087-4dd0-8598-5abddcc696b9@group-CE3C0447B19C, cid=417, SUCCESS, logIndex=736, commits[2573df58-4087-4dd0-8598-5abddcc696b9:c736]
2019-06-13 21:51:29,935 INFO  client.GrpcClientProtocolClient (GrpcClientProtocolClient.java:onNext(254)) - client-9C97446E6A25->2573df58-4087-4dd0-8598-5abddcc696b9: receive RaftClientReply:client-9C97446E6A25->2573df58-4087-4dd0-8598-5abddcc696b9@group-CE3C0447B19C, cid=418, SUCCESS, logIndex=738, commits[2573df58-4087-4dd0-8598-5abddcc696b9:c738]
2019-06-13 21:51:29,935 INFO  client.GrpcClientProtocolClient (GrpcClientProtocolClient.java:onNext(254)) - client-9C97446E6A25->2573df58-4087-4dd0-8598-5abddcc696b9: receive RaftClientReply:client-9C97446E6A25->2573df58-4087-4dd0-8598-5abddcc696b9@group-CE3C0447B19C, cid=419, SUCCESS, logIndex=739, commits[2573df58-4087-4dd0-8598-5abddcc696b9:c740]
2019-06-13 21:51:29,936 INFO  client.GrpcClientProtocolClient (GrpcClientProtocolClient.java:onNext(254)) - client-9C97446E6A25->2573df58-4087-4dd0-8598-5abddcc696b9: receive RaftClientReply:client-9C97446E6A25->2573df58-4087-4dd0-8598-5abddcc696b9@group-CE3C0447B19C, cid=420, SUCCESS, logIndex=740, commits[2573df58-4087-4dd0-8598-5abddcc696b9:c740]
2019-06-13 21:51:29,942 INFO  client.GrpcClientProtocolClient (GrpcClientProtocolClient.java:onNext(254)) - client-9C97446E6A25->2573df58-4087-4dd0-8598-5abddcc696b9: receive RaftClientReply:client-9C97446E6A25->2573df58-4087-4dd0-8598-5abddcc696b9@group-CE3C0447B19C, cid=421, SUCCESS, logIndex=743, commits[2573df58-4087-4dd0-8598-5abddcc696b9:c743]
2019-06-13 21:51:29,945 DEBUG block.SCMBlockDeletingService (SCMBlockDeletingService.java:call(138)) - Running DeletedBlockTransactionScanner
2019-06-13 21:51:29,945 DEBUG block.SCMBlockDeletingService (SCMBlockDeletingService.java:call(155)) - Scanned deleted blocks log and got 0 delTX to process.
2019-06-13 21:51:29,945 INFO  client.GrpcClientProtocolClient (GrpcClientProtocolClient.java:onNext(254)) - client-9C97446E6A25->2573df58-4087-4dd0-8598-5abddcc696b9: receive RaftClientReply:client-9C97446E6A25->2573df58-4087-4dd0-8598-5abddcc696b9@group-CE3C0447B19C, cid=422, SUCCESS, logIndex=745, commits[2573df58-4087-4dd0-8598-5abddcc696b9:c745]
2019-06-13 21:51:29,946 INFO  client.GrpcClientProtocolClient (GrpcClientProtocolClient.java:onNext(254)) - client-9C97446E6A25->2573df58-4087-4dd0-8598-5abddcc696b9: receive RaftClientReply:client-9C97446E6A25->2573df58-4087-4dd0-8598-5abddcc696b9@group-CE3C0447B19C, cid=423, SUCCESS, logIndex=746, commits[2573df58-4087-4dd0-8598-5abddcc696b9:c747]
2019-06-13 21:51:29,947 INFO  client.GrpcClientProtocolClient (GrpcClientProtocolClient.java:onNext(254)) - client-9C97446E6A25->2573df58-4087-4dd0-8598-5abddcc696b9: receive RaftClientReply:client-9C97446E6A25->2573df58-4087-4dd0-8598-5abddcc696b9@group-CE3C0447B19C, cid=424, SUCCESS, logIndex=747, commits[2573df58-4087-4dd0-8598-5abddcc696b9:c748]
2019-06-13 21:51:29,959 INFO  client.GrpcClientProtocolClient (GrpcClientProtocolClient.java:onNext(254)) - client-9C97446E6A25->2573df58-4087-4dd0-8598-5abddcc696b9: receive RaftClientReply:client-9C97446E6A25->2573df58-4087-4dd0-8598-5abddcc696b9@group-CE3C0447B19C, cid=425, SUCCESS, logIndex=750, commits[2573df58-4087-4dd0-8598-5abddcc696b9:c750]
2019-06-13 21:51:29,964 INFO  client.GrpcClientProtocolClient (GrpcClientProtocolClient.java:onNext(254)) - client-9C97446E6A25->2573df58-4087-4dd0-8598-5abddcc696b9: receive RaftClientReply:client-9C97446E6A25->2573df58-4087-4dd0-8598-5abddcc696b9@group-CE3C0447B19C, cid=426, SUCCESS, logIndex=752, commits[2573df58-4087-4dd0-8598-5abddcc696b9:c752]
2019-06-13 21:51:29,964 INFO  client.GrpcClientProtocolClient (GrpcClientProtocolClient.java:onNext(254)) - client-9C97446E6A25->2573df58-4087-4dd0-8598-5abddcc696b9: receive RaftClientReply:client-9C97446E6A25->2573df58-4087-4dd0-8598-5abddcc696b9@group-CE3C0447B19C, cid=427, SUCCESS, logIndex=753, commits[2573df58-4087-4dd0-8598-5abddcc696b9:c755]
2019-06-13 21:51:29,965 INFO  client.GrpcClientProtocolClient (GrpcClientProtocolClient.java:onNext(254)) - client-9C97446E6A25->2573df58-4087-4dd0-8598-5abddcc696b9: receive RaftClientReply:client-9C97446E6A25->2573df58-4087-4dd0-8598-5abddcc696b9@group-CE3C0447B19C, cid=428, SUCCESS, logIndex=755, commits[2573df58-4087-4dd0-8598-5abddcc696b9:c756]
2019-06-13 21:51:29,973 INFO  client.GrpcClientProtocolClient (GrpcClientProtocolClient.java:onNext(254)) - client-9C97446E6A25->2573df58-4087-4dd0-8598-5abddcc696b9: receive RaftClientReply:client-9C97446E6A25->2573df58-4087-4dd0-8598-5abddcc696b9@group-CE3C0447B19C, cid=429, SUCCESS, logIndex=757, commits[2573df58-4087-4dd0-8598-5abddcc696b9:c757]
2019-06-13 21:51:29,973 INFO  storage.RaftLogWorker (RaftLogWorker.java:rollLogSegment(303)) - 2573df58-4087-4dd0-8598-5abddcc696b9-RaftLogWorker: Rolling segment log-685_758 to index:758
2019-06-13 21:51:29,973 INFO  storage.RaftLogWorker (RaftLogWorker.java:execute(433)) - 2573df58-4087-4dd0-8598-5abddcc696b9-RaftLogWorker: Rolled log segment from /opt/src/hadoop-ozone/integration-test/target/test-dir/MiniOzoneClusterImpl-8578056e-9b7b-4e66-9e9f-ef53d5cd7c03/datanode-0/data/ratis/7f5c2536-ed89-4233-9ec0-ce3c0447b19c/current/log_inprogress_685 to /opt/src/hadoop-ozone/integration-test/target/test-dir/MiniOzoneClusterImpl-8578056e-9b7b-4e66-9e9f-ef53d5cd7c03/datanode-0/data/ratis/7f5c2536-ed89-4233-9ec0-ce3c0447b19c/current/log_685-758
2019-06-13 21:51:30,017 INFO  storage.RaftLogWorker (RaftLogWorker.java:execute(469)) - 2573df58-4087-4dd0-8598-5abddcc696b9-RaftLogWorker: created new log segment /opt/src/hadoop-ozone/integration-test/target/test-dir/MiniOzoneClusterImpl-8578056e-9b7b-4e66-9e9f-ef53d5cd7c03/datanode-0/data/ratis/7f5c2536-ed89-4233-9ec0-ce3c0447b19c/current/log_inprogress_759
2019-06-13 21:51:30,020 INFO  client.GrpcClientProtocolClient (GrpcClientProtocolClient.java:onNext(254)) - client-9C97446E6A25->2573df58-4087-4dd0-8598-5abddcc696b9: receive RaftClientReply:client-9C97446E6A25->2573df58-4087-4dd0-8598-5abddcc696b9@group-CE3C0447B19C, cid=430, SUCCESS, logIndex=759, commits[2573df58-4087-4dd0-8598-5abddcc696b9:c761]
2019-06-13 21:51:30,021 INFO  client.GrpcClientProtocolClient (GrpcClientProtocolClient.java:onNext(254)) - client-9C97446E6A25->2573df58-4087-4dd0-8598-5abddcc696b9: receive RaftClientReply:client-9C97446E6A25->2573df58-4087-4dd0-8598-5abddcc696b9@group-CE3C0447B19C, cid=431, SUCCESS, logIndex=760, commits[2573df58-4087-4dd0-8598-5abddcc696b9:c762]
2019-06-13 21:51:30,022 INFO  client.GrpcClientProtocolClient (GrpcClientProtocolClient.java:onNext(254)) - client-9C97446E6A25->2573df58-4087-4dd0-8598-5abddcc696b9: receive RaftClientReply:client-9C97446E6A25->2573df58-4087-4dd0-8598-5abddcc696b9@group-CE3C0447B19C, cid=432, SUCCESS, logIndex=761, commits[2573df58-4087-4dd0-8598-5abddcc696b9:c762]
2019-06-13 21:51:30,033 INFO  client.GrpcClientProtocolClient (GrpcClientProtocolClient.java:onNext(254)) - client-9C97446E6A25->2573df58-4087-4dd0-8598-5abddcc696b9: receive RaftClientReply:client-9C97446E6A25->2573df58-4087-4dd0-8598-5abddcc696b9@group-CE3C0447B19C, cid=433, SUCCESS, logIndex=763, commits[2573df58-4087-4dd0-8598-5abddcc696b9:c763]
2019-06-13 21:51:30,036 INFO  client.GrpcClientProtocolClient (GrpcClientProtocolClient.java:onNext(254)) - client-9C97446E6A25->2573df58-4087-4dd0-8598-5abddcc696b9: receive RaftClientReply:client-9C97446E6A25->2573df58-4087-4dd0-8598-5abddcc696b9@group-CE3C0447B19C, cid=434, SUCCESS, logIndex=765, commits[2573df58-4087-4dd0-8598-5abddcc696b9:c765]
2019-06-13 21:51:30,037 INFO  client.GrpcClientProtocolClient (GrpcClientProtocolClient.java:onNext(254)) - client-9C97446E6A25->2573df58-4087-4dd0-8598-5abddcc696b9: receive RaftClientReply:client-9C97446E6A25->2573df58-4087-4dd0-8598-5abddcc696b9@group-CE3C0447B19C, cid=435, SUCCESS, logIndex=766, commits[2573df58-4087-4dd0-8598-5abddcc696b9:c768]
2019-06-13 21:51:30,038 INFO  client.GrpcClientProtocolClient (GrpcClientProtocolClient.java:onNext(254)) - client-9C97446E6A25->2573df58-4087-4dd0-8598-5abddcc696b9: receive RaftClientReply:client-9C97446E6A25->2573df58-4087-4dd0-8598-5abddcc696b9@group-CE3C0447B19C, cid=436, SUCCESS, logIndex=768, commits[2573df58-4087-4dd0-8598-5abddcc696b9:c768]
2019-06-13 21:51:30,045 DEBUG block.SCMBlockDeletingService (SCMBlockDeletingService.java:call(138)) - Running DeletedBlockTransactionScanner
2019-06-13 21:51:30,045 DEBUG block.SCMBlockDeletingService (SCMBlockDeletingService.java:call(155)) - Scanned deleted blocks log and got 0 delTX to process.
2019-06-13 21:51:30,047 INFO  client.GrpcClientProtocolClient (GrpcClientProtocolClient.java:onNext(254)) - client-9C97446E6A25->2573df58-4087-4dd0-8598-5abddcc696b9: receive RaftClientReply:client-9C97446E6A25->2573df58-4087-4dd0-8598-5abddcc696b9@group-CE3C0447B19C, cid=437, SUCCESS, logIndex=770, commits[2573df58-4087-4dd0-8598-5abddcc696b9:c770]
2019-06-13 21:51:30,050 INFO  client.GrpcClientProtocolClient (GrpcClientProtocolClient.java:onNext(254)) - client-9C97446E6A25->2573df58-4087-4dd0-8598-5abddcc696b9: receive RaftClientReply:client-9C97446E6A25->2573df58-4087-4dd0-8598-5abddcc696b9@group-CE3C0447B19C, cid=438, SUCCESS, logIndex=772, commits[2573df58-4087-4dd0-8598-5abddcc696b9:c772]
2019-06-13 21:51:30,050 INFO  client.GrpcClientProtocolClient (GrpcClientProtocolClient.java:onNext(254)) - client-9C97446E6A25->2573df58-4087-4dd0-8598-5abddcc696b9: receive RaftClientReply:client-9C97446E6A25->2573df58-4087-4dd0-8598-5abddcc696b9@group-CE3C0447B19C, cid=439, SUCCESS, logIndex=773, commits[2573df58-4087-4dd0-8598-5abddcc696b9:c774]
2019-06-13 21:51:30,051 INFO  client.GrpcClientProtocolClient (GrpcClientProtocolClient.java:onNext(254)) - client-9C97446E6A25->2573df58-4087-4dd0-8598-5abddcc696b9: receive RaftClientReply:client-9C97446E6A25->2573df58-4087-4dd0-8598-5abddcc696b9@group-CE3C0447B19C, cid=440, SUCCESS, logIndex=774, commits[2573df58-4087-4dd0-8598-5abddcc696b9:c775]
2019-06-13 21:51:30,061 INFO  client.GrpcClientProtocolClient (GrpcClientProtocolClient.java:onNext(254)) - client-9C97446E6A25->2573df58-4087-4dd0-8598-5abddcc696b9: receive RaftClientReply:client-9C97446E6A25->2573df58-4087-4dd0-8598-5abddcc696b9@group-CE3C0447B19C, cid=441, SUCCESS, logIndex=777, commits[2573df58-4087-4dd0-8598-5abddcc696b9:c777]
2019-06-13 21:51:30,063 INFO  client.GrpcClientProtocolClient (GrpcClientProtocolClient.java:onNext(254)) - client-9C97446E6A25->2573df58-4087-4dd0-8598-5abddcc696b9: receive RaftClientReply:client-9C97446E6A25->2573df58-4087-4dd0-8598-5abddcc696b9@group-CE3C0447B19C, cid=442, SUCCESS, logIndex=779, commits[2573df58-4087-4dd0-8598-5abddcc696b9:c779]
2019-06-13 21:51:30,135 INFO  client.GrpcClientProtocolClient (GrpcClientProtocolClient.java:onNext(254)) - client-9C97446E6A25->2573df58-4087-4dd0-8598-5abddcc696b9: receive RaftClientReply:client-9C97446E6A25->2573df58-4087-4dd0-8598-5abddcc696b9@group-CE3C0447B19C, cid=443, SUCCESS, logIndex=781, commits[2573df58-4087-4dd0-8598-5abddcc696b9:c781]
2019-06-13 21:51:30,136 INFO  client.GrpcClientProtocolClient (GrpcClientProtocolClient.java:onNext(254)) - client-9C97446E6A25->2573df58-4087-4dd0-8598-5abddcc696b9: receive RaftClientReply:client-9C97446E6A25->2573df58-4087-4dd0-8598-5abddcc696b9@group-CE3C0447B19C, cid=444, SUCCESS, logIndex=783, commits[2573df58-4087-4dd0-8598-5abddcc696b9:c783]
2019-06-13 21:51:30,143 INFO  client.GrpcClientProtocolClient (GrpcClientProtocolClient.java:onNext(254)) - client-9C97446E6A25->2573df58-4087-4dd0-8598-5abddcc696b9: receive RaftClientReply:client-9C97446E6A25->2573df58-4087-4dd0-8598-5abddcc696b9@group-CE3C0447B19C, cid=445, SUCCESS, logIndex=785, commits[2573df58-4087-4dd0-8598-5abddcc696b9:c785]
2019-06-13 21:51:30,145 INFO  client.GrpcClientProtocolClient (GrpcClientProtocolClient.java:onNext(254)) - client-9C97446E6A25->2573df58-4087-4dd0-8598-5abddcc696b9: receive RaftClientReply:client-9C97446E6A25->2573df58-4087-4dd0-8598-5abddcc696b9@group-CE3C0447B19C, cid=446, SUCCESS, logIndex=787, commits[2573df58-4087-4dd0-8598-5abddcc696b9:c787]
2019-06-13 21:51:30,146 DEBUG block.SCMBlockDeletingService (SCMBlockDeletingService.java:call(138)) - Running DeletedBlockTransactionScanner
2019-06-13 21:51:30,146 DEBUG block.SCMBlockDeletingService (SCMBlockDeletingService.java:call(155)) - Scanned deleted blocks log and got 0 delTX to process.
2019-06-13 21:51:30,147 INFO  client.GrpcClientProtocolClient (GrpcClientProtocolClient.java:onNext(254)) - client-9C97446E6A25->2573df58-4087-4dd0-8598-5abddcc696b9: receive RaftClientReply:client-9C97446E6A25->2573df58-4087-4dd0-8598-5abddcc696b9@group-CE3C0447B19C, cid=447, SUCCESS, logIndex=788, commits[2573df58-4087-4dd0-8598-5abddcc696b9:c790]
2019-06-13 21:51:30,151 INFO  client.GrpcClientProtocolClient (GrpcClientProtocolClient.java:onNext(254)) - client-9C97446E6A25->2573df58-4087-4dd0-8598-5abddcc696b9: receive RaftClientReply:client-9C97446E6A25->2573df58-4087-4dd0-8598-5abddcc696b9@group-CE3C0447B19C, cid=448, SUCCESS, logIndex=790, commits[2573df58-4087-4dd0-8598-5abddcc696b9:c790]
2019-06-13 21:51:30,163 INFO  client.GrpcClientProtocolClient (GrpcClientProtocolClient.java:onNext(254)) - client-9C97446E6A25->2573df58-4087-4dd0-8598-5abddcc696b9: receive RaftClientReply:client-9C97446E6A25->2573df58-4087-4dd0-8598-5abddcc696b9@group-CE3C0447B19C, cid=449, SUCCESS, logIndex=792, commits[2573df58-4087-4dd0-8598-5abddcc696b9:c792]
2019-06-13 21:51:30,164 INFO  client.GrpcClientProtocolClient (GrpcClientProtocolClient.java:onNext(254)) - client-9C97446E6A25->2573df58-4087-4dd0-8598-5abddcc696b9: receive RaftClientReply:client-9C97446E6A25->2573df58-4087-4dd0-8598-5abddcc696b9@group-CE3C0447B19C, cid=450, SUCCESS, logIndex=794, commits[2573df58-4087-4dd0-8598-5abddcc696b9:c794]
2019-06-13 21:51:30,166 INFO  client.GrpcClientProtocolClient (GrpcClientProtocolClient.java:onNext(254)) - client-9C97446E6A25->2573df58-4087-4dd0-8598-5abddcc696b9: receive RaftClientReply:client-9C97446E6A25->2573df58-4087-4dd0-8598-5abddcc696b9@group-CE3C0447B19C, cid=451, SUCCESS, logIndex=795, commits[2573df58-4087-4dd0-8598-5abddcc696b9:c796]
2019-06-13 21:51:30,167 INFO  client.GrpcClientProtocolClient (GrpcClientProtocolClient.java:onNext(254)) - client-9C97446E6A25->2573df58-4087-4dd0-8598-5abddcc696b9: receive RaftClientReply:client-9C97446E6A25->2573df58-4087-4dd0-8598-5abddcc696b9@group-CE3C0447B19C, cid=452, SUCCESS, logIndex=797, commits[2573df58-4087-4dd0-8598-5abddcc696b9:c797]
2019-06-13 21:51:30,173 INFO  client.GrpcClientProtocolClient (GrpcClientProtocolClient.java:onNext(254)) - client-9C97446E6A25->2573df58-4087-4dd0-8598-5abddcc696b9: receive RaftClientReply:client-9C97446E6A25->2573df58-4087-4dd0-8598-5abddcc696b9@group-CE3C0447B19C, cid=453, SUCCESS, logIndex=799, commits[2573df58-4087-4dd0-8598-5abddcc696b9:c799]
2019-06-13 21:51:30,180 INFO  client.GrpcClientProtocolClient (GrpcClientProtocolClient.java:onNext(254)) - client-9C97446E6A25->2573df58-4087-4dd0-8598-5abddcc696b9: receive RaftClientReply:client-9C97446E6A25->2573df58-4087-4dd0-8598-5abddcc696b9@group-CE3C0447B19C, cid=454, SUCCESS, logIndex=801, commits[2573df58-4087-4dd0-8598-5abddcc696b9:c804]
2019-06-13 21:51:30,180 INFO  client.GrpcClientProtocolClient (GrpcClientProtocolClient.java:onNext(254)) - client-9C97446E6A25->2573df58-4087-4dd0-8598-5abddcc696b9: receive RaftClientReply:client-9C97446E6A25->2573df58-4087-4dd0-8598-5abddcc696b9@group-CE3C0447B19C, cid=455, SUCCESS, logIndex=802, commits[2573df58-4087-4dd0-8598-5abddcc696b9:c804]
2019-06-13 21:51:30,180 INFO  client.GrpcClientProtocolClient (GrpcClientProtocolClient.java:onNext(254)) - client-9C97446E6A25->2573df58-4087-4dd0-8598-5abddcc696b9: receive RaftClientReply:client-9C97446E6A25->2573df58-4087-4dd0-8598-5abddcc696b9@group-CE3C0447B19C, cid=456, SUCCESS, logIndex=803, commits[2573df58-4087-4dd0-8598-5abddcc696b9:c804]
2019-06-13 21:51:30,191 INFO  client.GrpcClientProtocolClient (GrpcClientProtocolClient.java:onNext(254)) - client-9C97446E6A25->2573df58-4087-4dd0-8598-5abddcc696b9: receive RaftClientReply:client-9C97446E6A25->2573df58-4087-4dd0-8598-5abddcc696b9@group-CE3C0447B19C, cid=457, SUCCESS, logIndex=805, commits[2573df58-4087-4dd0-8598-5abddcc696b9:c805]
2019-06-13 21:51:30,194 INFO  client.GrpcClientProtocolClient (GrpcClientProtocolClient.java:onNext(254)) - client-9C97446E6A25->2573df58-4087-4dd0-8598-5abddcc696b9: receive RaftClientReply:client-9C97446E6A25->2573df58-4087-4dd0-8598-5abddcc696b9@group-CE3C0447B19C, cid=458, SUCCESS, logIndex=807, commits[2573df58-4087-4dd0-8598-5abddcc696b9:c807]
2019-06-13 21:51:30,195 INFO  client.GrpcClientProtocolClient (GrpcClientProtocolClient.java:onNext(254)) - client-9C97446E6A25->2573df58-4087-4dd0-8598-5abddcc696b9: receive RaftClientReply:client-9C97446E6A25->2573df58-4087-4dd0-8598-5abddcc696b9@group-CE3C0447B19C, cid=459, SUCCESS, logIndex=808, commits[2573df58-4087-4dd0-8598-5abddcc696b9:c808]
2019-06-13 21:51:30,195 INFO  client.GrpcClientProtocolClient (GrpcClientProtocolClient.java:onNext(254)) - client-9C97446E6A25->2573df58-4087-4dd0-8598-5abddcc696b9: receive RaftClientReply:client-9C97446E6A25->2573df58-4087-4dd0-8598-5abddcc696b9@group-CE3C0447B19C, cid=460, SUCCESS, logIndex=810, commits[2573df58-4087-4dd0-8598-5abddcc696b9:c810]
2019-06-13 21:51:30,202 INFO  client.GrpcClientProtocolClient (GrpcClientProtocolClient.java:onNext(254)) - client-9C97446E6A25->2573df58-4087-4dd0-8598-5abddcc696b9: receive RaftClientReply:client-9C97446E6A25->2573df58-4087-4dd0-8598-5abddcc696b9@group-CE3C0447B19C, cid=461, SUCCESS, logIndex=813, commits[2573df58-4087-4dd0-8598-5abddcc696b9:c813]
2019-06-13 21:51:30,205 INFO  client.GrpcClientProtocolClient (GrpcClientProtocolClient.java:onNext(254)) - client-9C97446E6A25->2573df58-4087-4dd0-8598-5abddcc696b9: receive RaftClientReply:client-9C97446E6A25->2573df58-4087-4dd0-8598-5abddcc696b9@group-CE3C0447B19C, cid=462, SUCCESS, logIndex=815, commits[2573df58-4087-4dd0-8598-5abddcc696b9:c817]
2019-06-13 21:51:30,206 INFO  client.GrpcClientProtocolClient (GrpcClientProtocolClient.java:onNext(254)) - client-9C97446E6A25->2573df58-4087-4dd0-8598-5abddcc696b9: receive RaftClientReply:client-9C97446E6A25->2573df58-4087-4dd0-8598-5abddcc696b9@group-CE3C0447B19C, cid=463, SUCCESS, logIndex=816, commits[2573df58-4087-4dd0-8598-5abddcc696b9:c818]
2019-06-13 21:51:30,206 INFO  client.GrpcClientProtocolClient (GrpcClientProtocolClient.java:onNext(254)) - client-9C97446E6A25->2573df58-4087-4dd0-8598-5abddcc696b9: receive RaftClientReply:client-9C97446E6A25->2573df58-4087-4dd0-8598-5abddcc696b9@group-CE3C0447B19C, cid=464, SUCCESS, logIndex=817, commits[2573df58-4087-4dd0-8598-5abddcc696b9:c818]
2019-06-13 21:51:30,219 INFO  client.GrpcClientProtocolClient (GrpcClientProtocolClient.java:onNext(254)) - client-9C97446E6A25->2573df58-4087-4dd0-8598-5abddcc696b9: receive RaftClientReply:client-9C97446E6A25->2573df58-4087-4dd0-8598-5abddcc696b9@group-CE3C0447B19C, cid=465, SUCCESS, logIndex=819, commits[2573df58-4087-4dd0-8598-5abddcc696b9:c819]
2019-06-13 21:51:30,286 DEBUG block.SCMBlockDeletingService (SCMBlockDeletingService.java:call(138)) - Running DeletedBlockTransactionScanner
2019-06-13 21:51:30,288 DEBUG block.SCMBlockDeletingService (SCMBlockDeletingService.java:call(155)) - Scanned deleted blocks log and got 0 delTX to process.
2019-06-13 21:51:30,291 INFO  client.GrpcClientProtocolClient (GrpcClientProtocolClient.java:onNext(254)) - client-9C97446E6A25->2573df58-4087-4dd0-8598-5abddcc696b9: receive RaftClientReply:client-9C97446E6A25->2573df58-4087-4dd0-8598-5abddcc696b9@group-CE3C0447B19C, cid=466, SUCCESS, logIndex=821, commits[2573df58-4087-4dd0-8598-5abddcc696b9:c824]
2019-06-13 21:51:30,295 INFO  client.GrpcClientProtocolClient (GrpcClientProtocolClient.java:onNext(254)) - client-9C97446E6A25->2573df58-4087-4dd0-8598-5abddcc696b9: receive RaftClientReply:client-9C97446E6A25->2573df58-4087-4dd0-8598-5abddcc696b9@group-CE3C0447B19C, cid=467, SUCCESS, logIndex=822, commits[2573df58-4087-4dd0-8598-5abddcc696b9:c824]
2019-06-13 21:51:30,295 INFO  client.GrpcClientProtocolClient (GrpcClientProtocolClient.java:onNext(254)) - client-9C97446E6A25->2573df58-4087-4dd0-8598-5abddcc696b9: receive RaftClientReply:client-9C97446E6A25->2573df58-4087-4dd0-8598-5abddcc696b9@group-CE3C0447B19C, cid=468, SUCCESS, logIndex=823, commits[2573df58-4087-4dd0-8598-5abddcc696b9:c824]
2019-06-13 21:51:30,302 INFO  client.GrpcClientProtocolClient (GrpcClientProtocolClient.java:onNext(254)) - client-9C97446E6A25->2573df58-4087-4dd0-8598-5abddcc696b9: receive RaftClientReply:client-9C97446E6A25->2573df58-4087-4dd0-8598-5abddcc696b9@group-CE3C0447B19C, cid=469, SUCCESS, logIndex=825, commits[2573df58-4087-4dd0-8598-5abddcc696b9:c825]
2019-06-13 21:51:30,303 INFO  storage.RaftLogWorker (RaftLogWorker.java:rollLogSegment(303)) - 2573df58-4087-4dd0-8598-5abddcc696b9-RaftLogWorker: Rolling segment log-759_828 to index:828
2019-06-13 21:51:30,304 INFO  storage.RaftLogWorker (RaftLogWorker.java:execute(433)) - 2573df58-4087-4dd0-8598-5abddcc696b9-RaftLogWorker: Rolled log segment from /opt/src/hadoop-ozone/integration-test/target/test-dir/MiniOzoneClusterImpl-8578056e-9b7b-4e66-9e9f-ef53d5cd7c03/datanode-0/data/ratis/7f5c2536-ed89-4233-9ec0-ce3c0447b19c/current/log_inprogress_759 to /opt/src/hadoop-ozone/integration-test/target/test-dir/MiniOzoneClusterImpl-8578056e-9b7b-4e66-9e9f-ef53d5cd7c03/datanode-0/data/ratis/7f5c2536-ed89-4233-9ec0-ce3c0447b19c/current/log_759-828
2019-06-13 21:51:30,305 INFO  client.GrpcClientProtocolClient (GrpcClientProtocolClient.java:onNext(254)) - client-9C97446E6A25->2573df58-4087-4dd0-8598-5abddcc696b9: receive RaftClientReply:client-9C97446E6A25->2573df58-4087-4dd0-8598-5abddcc696b9@group-CE3C0447B19C, cid=470, SUCCESS, logIndex=827, commits[2573df58-4087-4dd0-8598-5abddcc696b9:c827]
2019-06-13 21:51:30,306 INFO  client.GrpcClientProtocolClient (GrpcClientProtocolClient.java:onNext(254)) - client-9C97446E6A25->2573df58-4087-4dd0-8598-5abddcc696b9: receive RaftClientReply:client-9C97446E6A25->2573df58-4087-4dd0-8598-5abddcc696b9@group-CE3C0447B19C, cid=471, SUCCESS, logIndex=828, commits[2573df58-4087-4dd0-8598-5abddcc696b9:c828]
2019-06-13 21:51:30,341 INFO  storage.RaftLogWorker (RaftLogWorker.java:execute(469)) - 2573df58-4087-4dd0-8598-5abddcc696b9-RaftLogWorker: created new log segment /opt/src/hadoop-ozone/integration-test/target/test-dir/MiniOzoneClusterImpl-8578056e-9b7b-4e66-9e9f-ef53d5cd7c03/datanode-0/data/ratis/7f5c2536-ed89-4233-9ec0-ce3c0447b19c/current/log_inprogress_829
2019-06-13 21:51:30,347 INFO  client.GrpcClientProtocolClient (GrpcClientProtocolClient.java:onNext(254)) - client-9C97446E6A25->2573df58-4087-4dd0-8598-5abddcc696b9: receive RaftClientReply:client-9C97446E6A25->2573df58-4087-4dd0-8598-5abddcc696b9@group-CE3C0447B19C, cid=472, SUCCESS, logIndex=829, commits[2573df58-4087-4dd0-8598-5abddcc696b9:c831]
2019-06-13 21:51:30,362 INFO  client.GrpcClientProtocolClient (GrpcClientProtocolClient.java:onNext(254)) - client-9C97446E6A25->2573df58-4087-4dd0-8598-5abddcc696b9: receive RaftClientReply:client-9C97446E6A25->2573df58-4087-4dd0-8598-5abddcc696b9@group-CE3C0447B19C, cid=473, SUCCESS, logIndex=832, commits[2573df58-4087-4dd0-8598-5abddcc696b9:c832]
2019-06-13 21:51:30,364 INFO  client.GrpcClientProtocolClient (GrpcClientProtocolClient.java:onNext(254)) - client-9C97446E6A25->2573df58-4087-4dd0-8598-5abddcc696b9: receive RaftClientReply:client-9C97446E6A25->2573df58-4087-4dd0-8598-5abddcc696b9@group-CE3C0447B19C, cid=474, SUCCESS, logIndex=834, commits[2573df58-4087-4dd0-8598-5abddcc696b9:c834]
2019-06-13 21:51:30,365 INFO  client.GrpcClientProtocolClient (GrpcClientProtocolClient.java:onNext(254)) - client-9C97446E6A25->2573df58-4087-4dd0-8598-5abddcc696b9: receive RaftClientReply:client-9C97446E6A25->2573df58-4087-4dd0-8598-5abddcc696b9@group-CE3C0447B19C, cid=475, SUCCESS, logIndex=835, commits[2573df58-4087-4dd0-8598-5abddcc696b9:c837]
2019-06-13 21:51:30,366 INFO  client.GrpcClientProtocolClient (GrpcClientProtocolClient.java:onNext(254)) - client-9C97446E6A25->2573df58-4087-4dd0-8598-5abddcc696b9: receive RaftClientReply:client-9C97446E6A25->2573df58-4087-4dd0-8598-5abddcc696b9@group-CE3C0447B19C, cid=476, SUCCESS, logIndex=836, commits[2573df58-4087-4dd0-8598-5abddcc696b9:c837]
2019-06-13 21:51:30,373 INFO  client.GrpcClientProtocolClient (GrpcClientProtocolClient.java:onNext(254)) - client-9C97446E6A25->2573df58-4087-4dd0-8598-5abddcc696b9: receive RaftClientReply:client-9C97446E6A25->2573df58-4087-4dd0-8598-5abddcc696b9@group-CE3C0447B19C, cid=477, SUCCESS, logIndex=838, commits[2573df58-4087-4dd0-8598-5abddcc696b9:c838]
2019-06-13 21:51:30,375 INFO  client.GrpcClientProtocolClient (GrpcClientProtocolClient.java:onNext(254)) - client-9C97446E6A25->2573df58-4087-4dd0-8598-5abddcc696b9: receive RaftClientReply:client-9C97446E6A25->2573df58-4087-4dd0-8598-5abddcc696b9@group-CE3C0447B19C, cid=478, SUCCESS, logIndex=840, commits[2573df58-4087-4dd0-8598-5abddcc696b9:c840]
2019-06-13 21:51:30,376 INFO  client.GrpcClientProtocolClient (GrpcClientProtocolClient.java:onNext(254)) - client-9C97446E6A25->2573df58-4087-4dd0-8598-5abddcc696b9: receive RaftClientReply:client-9C97446E6A25->2573df58-4087-4dd0-8598-5abddcc696b9@group-CE3C0447B19C, cid=479, SUCCESS, logIndex=841, commits[2573df58-4087-4dd0-8598-5abddcc696b9:c842]
2019-06-13 21:51:30,377 INFO  client.GrpcClientProtocolClient (GrpcClientProtocolClient.java:onNext(254)) - client-9C97446E6A25->2573df58-4087-4dd0-8598-5abddcc696b9: receive RaftClientReply:client-9C97446E6A25->2573df58-4087-4dd0-8598-5abddcc696b9@group-CE3C0447B19C, cid=480, SUCCESS, logIndex=843, commits[2573df58-4087-4dd0-8598-5abddcc696b9:c843]
2019-06-13 21:51:30,388 DEBUG block.SCMBlockDeletingService (SCMBlockDeletingService.java:call(138)) - Running DeletedBlockTransactionScanner
2019-06-13 21:51:30,389 DEBUG block.SCMBlockDeletingService (SCMBlockDeletingService.java:call(155)) - Scanned deleted blocks log and got 0 delTX to process.
2019-06-13 21:51:30,389 INFO  client.GrpcClientProtocolClient (GrpcClientProtocolClient.java:onNext(254)) - client-9C97446E6A25->2573df58-4087-4dd0-8598-5abddcc696b9: receive RaftClientReply:client-9C97446E6A25->2573df58-4087-4dd0-8598-5abddcc696b9@group-CE3C0447B19C, cid=481, SUCCESS, logIndex=845, commits[2573df58-4087-4dd0-8598-5abddcc696b9:c845]
2019-06-13 21:51:30,391 INFO  client.GrpcClientProtocolClient (GrpcClientProtocolClient.java:onNext(254)) - client-9C97446E6A25->2573df58-4087-4dd0-8598-5abddcc696b9: receive RaftClientReply:client-9C97446E6A25->2573df58-4087-4dd0-8598-5abddcc696b9@group-CE3C0447B19C, cid=482, SUCCESS, logIndex=847, commits[2573df58-4087-4dd0-8598-5abddcc696b9:c847]
2019-06-13 21:51:30,392 INFO  client.GrpcClientProtocolClient (GrpcClientProtocolClient.java:onNext(254)) - client-9C97446E6A25->2573df58-4087-4dd0-8598-5abddcc696b9: receive RaftClientReply:client-9C97446E6A25->2573df58-4087-4dd0-8598-5abddcc696b9@group-CE3C0447B19C, cid=483, SUCCESS, logIndex=848, commits[2573df58-4087-4dd0-8598-5abddcc696b9:c850]
2019-06-13 21:51:30,393 INFO  client.GrpcClientProtocolClient (GrpcClientProtocolClient.java:onNext(254)) - client-9C97446E6A25->2573df58-4087-4dd0-8598-5abddcc696b9: receive RaftClientReply:client-9C97446E6A25->2573df58-4087-4dd0-8598-5abddcc696b9@group-CE3C0447B19C, cid=484, SUCCESS, logIndex=850, commits[2573df58-4087-4dd0-8598-5abddcc696b9:c851]
2019-06-13 21:51:30,399 INFO  client.GrpcClientProtocolClient (GrpcClientProtocolClient.java:onNext(254)) - client-9C97446E6A25->2573df58-4087-4dd0-8598-5abddcc696b9: receive RaftClientReply:client-9C97446E6A25->2573df58-4087-4dd0-8598-5abddcc696b9@group-CE3C0447B19C, cid=485, SUCCESS, logIndex=852, commits[2573df58-4087-4dd0-8598-5abddcc696b9:c852]
2019-06-13 21:51:30,401 INFO  client.GrpcClientProtocolClient (GrpcClientProtocolClient.java:onNext(254)) - client-9C97446E6A25->2573df58-4087-4dd0-8598-5abddcc696b9: receive RaftClientReply:client-9C97446E6A25->2573df58-4087-4dd0-8598-5abddcc696b9@group-CE3C0447B19C, cid=486, SUCCESS, logIndex=854, commits[2573df58-4087-4dd0-8598-5abddcc696b9:c854]
2019-06-13 21:51:30,473 INFO  client.GrpcClientProtocolClient (GrpcClientProtocolClient.java:onNext(254)) - client-9C97446E6A25->2573df58-4087-4dd0-8598-5abddcc696b9: receive RaftClientReply:client-9C97446E6A25->2573df58-4087-4dd0-8598-5abddcc696b9@group-CE3C0447B19C, cid=487, SUCCESS, logIndex=856, commits[2573df58-4087-4dd0-8598-5abddcc696b9:c856]
2019-06-13 21:51:30,474 INFO  client.GrpcClientProtocolClient (GrpcClientProtocolClient.java:onNext(254)) - client-9C97446E6A25->2573df58-4087-4dd0-8598-5abddcc696b9: receive RaftClientReply:client-9C97446E6A25->2573df58-4087-4dd0-8598-5abddcc696b9@group-CE3C0447B19C, cid=488, SUCCESS, logIndex=858, commits[2573df58-4087-4dd0-8598-5abddcc696b9:c858]
2019-06-13 21:51:30,489 DEBUG block.SCMBlockDeletingService (SCMBlockDeletingService.java:call(138)) - Running DeletedBlockTransactionScanner
2019-06-13 21:51:30,490 DEBUG block.SCMBlockDeletingService (SCMBlockDeletingService.java:call(155)) - Scanned deleted blocks log and got 0 delTX to process.
2019-06-13 21:51:30,499 INFO  client.GrpcClientProtocolClient (GrpcClientProtocolClient.java:onNext(254)) - client-9C97446E6A25->2573df58-4087-4dd0-8598-5abddcc696b9: receive RaftClientReply:client-9C97446E6A25->2573df58-4087-4dd0-8598-5abddcc696b9@group-CE3C0447B19C, cid=489, SUCCESS, logIndex=860, commits[2573df58-4087-4dd0-8598-5abddcc696b9:c861]
2019-06-13 21:51:30,499 INFO  client.GrpcClientProtocolClient (GrpcClientProtocolClient.java:onNext(254)) - client-9C97446E6A25->2573df58-4087-4dd0-8598-5abddcc696b9: receive RaftClientReply:client-9C97446E6A25->2573df58-4087-4dd0-8598-5abddcc696b9@group-CE3C0447B19C, cid=490, SUCCESS, logIndex=862, commits[2573df58-4087-4dd0-8598-5abddcc696b9:c862]
2019-06-13 21:51:30,503 INFO  client.GrpcClientProtocolClient (GrpcClientProtocolClient.java:onNext(254)) - client-9C97446E6A25->2573df58-4087-4dd0-8598-5abddcc696b9: receive RaftClientReply:client-9C97446E6A25->2573df58-4087-4dd0-8598-5abddcc696b9@group-CE3C0447B19C, cid=491, SUCCESS, logIndex=864, commits[2573df58-4087-4dd0-8598-5abddcc696b9:c864]
2019-06-13 21:51:30,505 INFO  client.GrpcClientProtocolClient (GrpcClientProtocolClient.java:onNext(254)) - client-9C97446E6A25->2573df58-4087-4dd0-8598-5abddcc696b9: receive RaftClientReply:client-9C97446E6A25->2573df58-4087-4dd0-8598-5abddcc696b9@group-CE3C0447B19C, cid=492, SUCCESS, logIndex=866, commits[2573df58-4087-4dd0-8598-5abddcc696b9:c866]
2019-06-13 21:51:30,514 INFO  client.GrpcClientProtocolClient (GrpcClientProtocolClient.java:onNext(254)) - client-9C97446E6A25->2573df58-4087-4dd0-8598-5abddcc696b9: receive RaftClientReply:client-9C97446E6A25->2573df58-4087-4dd0-8598-5abddcc696b9@group-CE3C0447B19C, cid=493, SUCCESS, logIndex=868, commits[2573df58-4087-4dd0-8598-5abddcc696b9:c868]
2019-06-13 21:51:30,516 INFO  client.GrpcClientProtocolClient (GrpcClientProtocolClient.java:onNext(254)) - client-9C97446E6A25->2573df58-4087-4dd0-8598-5abddcc696b9: receive RaftClientReply:client-9C97446E6A25->2573df58-4087-4dd0-8598-5abddcc696b9@group-CE3C0447B19C, cid=494, SUCCESS, logIndex=870, commits[2573df58-4087-4dd0-8598-5abddcc696b9:c870]
2019-06-13 21:51:30,517 INFO  client.GrpcClientProtocolClient (GrpcClientProtocolClient.java:onNext(254)) - client-9C97446E6A25->2573df58-4087-4dd0-8598-5abddcc696b9: receive RaftClientReply:client-9C97446E6A25->2573df58-4087-4dd0-8598-5abddcc696b9@group-CE3C0447B19C, cid=495, SUCCESS, logIndex=871, commits[2573df58-4087-4dd0-8598-5abddcc696b9:c873]
2019-06-13 21:51:30,518 INFO  client.GrpcClientProtocolClient (GrpcClientProtocolClient.java:onNext(254)) - client-9C97446E6A25->2573df58-4087-4dd0-8598-5abddcc696b9: receive RaftClientReply:client-9C97446E6A25->2573df58-4087-4dd0-8598-5abddcc696b9@group-CE3C0447B19C, cid=496, SUCCESS, logIndex=873, commits[2573df58-4087-4dd0-8598-5abddcc696b9:c873]
2019-06-13 21:51:30,528 INFO  client.GrpcClientProtocolClient (GrpcClientProtocolClient.java:onNext(254)) - client-9C97446E6A25->2573df58-4087-4dd0-8598-5abddcc696b9: receive RaftClientReply:client-9C97446E6A25->2573df58-4087-4dd0-8598-5abddcc696b9@group-CE3C0447B19C, cid=497, SUCCESS, logIndex=875, commits[2573df58-4087-4dd0-8598-5abddcc696b9:c875]
2019-06-13 21:51:30,530 INFO  client.GrpcClientProtocolClient (GrpcClientProtocolClient.java:onNext(254)) - client-9C97446E6A25->2573df58-4087-4dd0-8598-5abddcc696b9: receive RaftClientReply:client-9C97446E6A25->2573df58-4087-4dd0-8598-5abddcc696b9@group-CE3C0447B19C, cid=498, SUCCESS, logIndex=877, commits[2573df58-4087-4dd0-8598-5abddcc696b9:c877]
2019-06-13 21:51:30,532 INFO  client.GrpcClientProtocolClient (GrpcClientProtocolClient.java:onNext(254)) - client-9C97446E6A25->2573df58-4087-4dd0-8598-5abddcc696b9: receive RaftClientReply:client-9C97446E6A25->2573df58-4087-4dd0-8598-5abddcc696b9@group-CE3C0447B19C, cid=499, SUCCESS, logIndex=878, commits[2573df58-4087-4dd0-8598-5abddcc696b9:c880]
2019-06-13 21:51:30,532 INFO  client.GrpcClientProtocolClient (GrpcClientProtocolClient.java:onNext(254)) - client-9C97446E6A25->2573df58-4087-4dd0-8598-5abddcc696b9: receive RaftClientReply:client-9C97446E6A25->2573df58-4087-4dd0-8598-5abddcc696b9@group-CE3C0447B19C, cid=500, SUCCESS, logIndex=880, commits[2573df58-4087-4dd0-8598-5abddcc696b9:c880]
2019-06-13 21:51:30,540 INFO  client.GrpcClientProtocolClient (GrpcClientProtocolClient.java:onNext(254)) - client-9C97446E6A25->2573df58-4087-4dd0-8598-5abddcc696b9: receive RaftClientReply:client-9C97446E6A25->2573df58-4087-4dd0-8598-5abddcc696b9@group-CE3C0447B19C, cid=501, SUCCESS, logIndex=882, commits[2573df58-4087-4dd0-8598-5abddcc696b9:c882]
2019-06-13 21:51:30,544 INFO  client.GrpcClientProtocolClient (GrpcClientProtocolClient.java:onNext(254)) - client-9C97446E6A25->2573df58-4087-4dd0-8598-5abddcc696b9: receive RaftClientReply:client-9C97446E6A25->2573df58-4087-4dd0-8598-5abddcc696b9@group-CE3C0447B19C, cid=502, SUCCESS, logIndex=884, commits[2573df58-4087-4dd0-8598-5abddcc696b9:c884]
2019-06-13 21:51:30,544 INFO  client.GrpcClientProtocolClient (GrpcClientProtocolClient.java:onNext(254)) - client-9C97446E6A25->2573df58-4087-4dd0-8598-5abddcc696b9: receive RaftClientReply:client-9C97446E6A25->2573df58-4087-4dd0-8598-5abddcc696b9@group-CE3C0447B19C, cid=503, SUCCESS, logIndex=885, commits[2573df58-4087-4dd0-8598-5abddcc696b9:c885]
2019-06-13 21:51:30,545 INFO  client.GrpcClientProtocolClient (GrpcClientProtocolClient.java:onNext(254)) - client-9C97446E6A25->2573df58-4087-4dd0-8598-5abddcc696b9: receive RaftClientReply:client-9C97446E6A25->2573df58-4087-4dd0-8598-5abddcc696b9@group-CE3C0447B19C, cid=504, SUCCESS, logIndex=888, commits[2573df58-4087-4dd0-8598-5abddcc696b9:c888]
2019-06-13 21:51:30,555 INFO  client.GrpcClientProtocolClient (GrpcClientProtocolClient.java:onNext(254)) - client-9C97446E6A25->2573df58-4087-4dd0-8598-5abddcc696b9: receive RaftClientReply:client-9C97446E6A25->2573df58-4087-4dd0-8598-5abddcc696b9@group-CE3C0447B19C, cid=505, SUCCESS, logIndex=890, commits[2573df58-4087-4dd0-8598-5abddcc696b9:c890]
2019-06-13 21:51:30,558 INFO  client.GrpcClientProtocolClient (GrpcClientProtocolClient.java:onNext(254)) - client-9C97446E6A25->2573df58-4087-4dd0-8598-5abddcc696b9: receive RaftClientReply:client-9C97446E6A25->2573df58-4087-4dd0-8598-5abddcc696b9@group-CE3C0447B19C, cid=506, SUCCESS, logIndex=892, commits[2573df58-4087-4dd0-8598-5abddcc696b9:c892]
2019-06-13 21:51:30,558 INFO  client.GrpcClientProtocolClient (GrpcClientProtocolClient.java:onNext(254)) - client-9C97446E6A25->2573df58-4087-4dd0-8598-5abddcc696b9: receive RaftClientReply:client-9C97446E6A25->2573df58-4087-4dd0-8598-5abddcc696b9@group-CE3C0447B19C, cid=507, SUCCESS, logIndex=893, commits[2573df58-4087-4dd0-8598-5abddcc696b9:c895]
2019-06-13 21:51:30,559 INFO  client.GrpcClientProtocolClient (GrpcClientProtocolClient.java:onNext(254)) - client-9C97446E6A25->2573df58-4087-4dd0-8598-5abddcc696b9: receive RaftClientReply:client-9C97446E6A25->2573df58-4087-4dd0-8598-5abddcc696b9@group-CE3C0447B19C, cid=508, SUCCESS, logIndex=894, commits[2573df58-4087-4dd0-8598-5abddcc696b9:c895]
2019-06-13 21:51:30,567 INFO  client.GrpcClientProtocolClient (GrpcClientProtocolClient.java:onNext(254)) - client-9C97446E6A25->2573df58-4087-4dd0-8598-5abddcc696b9: receive RaftClientReply:client-9C97446E6A25->2573df58-4087-4dd0-8598-5abddcc696b9@group-CE3C0447B19C, cid=509, SUCCESS, logIndex=896, commits[2573df58-4087-4dd0-8598-5abddcc696b9:c896]
2019-06-13 21:51:30,570 INFO  client.GrpcClientProtocolClient (GrpcClientProtocolClient.java:onNext(254)) - client-9C97446E6A25->2573df58-4087-4dd0-8598-5abddcc696b9: receive RaftClientReply:client-9C97446E6A25->2573df58-4087-4dd0-8598-5abddcc696b9@group-CE3C0447B19C, cid=510, SUCCESS, logIndex=898, commits[2573df58-4087-4dd0-8598-5abddcc696b9:c898]
2019-06-13 21:51:30,572 INFO  client.GrpcClientProtocolClient (GrpcClientProtocolClient.java:onNext(254)) - client-9C97446E6A25->2573df58-4087-4dd0-8598-5abddcc696b9: receive RaftClientReply:client-9C97446E6A25->2573df58-4087-4dd0-8598-5abddcc696b9@group-CE3C0447B19C, cid=511, SUCCESS, logIndex=899, commits[2573df58-4087-4dd0-8598-5abddcc696b9:c901]
2019-06-13 21:51:30,573 INFO  client.GrpcClientProtocolClient (GrpcClientProtocolClient.java:onNext(254)) - client-9C97446E6A25->2573df58-4087-4dd0-8598-5abddcc696b9: receive RaftClientReply:client-9C97446E6A25->2573df58-4087-4dd0-8598-5abddcc696b9@group-CE3C0447B19C, cid=512, SUCCESS, logIndex=901, commits[2573df58-4087-4dd0-8598-5abddcc696b9:c902]
2019-06-13 21:51:30,585 INFO  client.GrpcClientProtocolClient (GrpcClientProtocolClient.java:onNext(254)) - client-9C97446E6A25->2573df58-4087-4dd0-8598-5abddcc696b9: receive RaftClientReply:client-9C97446E6A25->2573df58-4087-4dd0-8598-5abddcc696b9@group-CE3C0447B19C, cid=513, SUCCESS, logIndex=903, commits[2573df58-4087-4dd0-8598-5abddcc696b9:c903]
2019-06-13 21:51:30,590 DEBUG block.SCMBlockDeletingService (SCMBlockDeletingService.java:call(138)) - Running DeletedBlockTransactionScanner
2019-06-13 21:51:30,590 DEBUG block.SCMBlockDeletingService (SCMBlockDeletingService.java:call(155)) - Scanned deleted blocks log and got 0 delTX to process.
2019-06-13 21:51:30,591 INFO  client.GrpcClientProtocolClient (GrpcClientProtocolClient.java:onNext(254)) - client-9C97446E6A25->2573df58-4087-4dd0-8598-5abddcc696b9: receive RaftClientReply:client-9C97446E6A25->2573df58-4087-4dd0-8598-5abddcc696b9@group-CE3C0447B19C, cid=514, SUCCESS, logIndex=905, commits[2573df58-4087-4dd0-8598-5abddcc696b9:c905]
2019-06-13 21:51:30,591 INFO  storage.RaftLogWorker (RaftLogWorker.java:rollLogSegment(303)) - 2573df58-4087-4dd0-8598-5abddcc696b9-RaftLogWorker: Rolling segment log-829_906 to index:906
2019-06-13 21:51:30,592 INFO  storage.RaftLogWorker (RaftLogWorker.java:execute(433)) - 2573df58-4087-4dd0-8598-5abddcc696b9-RaftLogWorker: Rolled log segment from /opt/src/hadoop-ozone/integration-test/target/test-dir/MiniOzoneClusterImpl-8578056e-9b7b-4e66-9e9f-ef53d5cd7c03/datanode-0/data/ratis/7f5c2536-ed89-4233-9ec0-ce3c0447b19c/current/log_inprogress_829 to /opt/src/hadoop-ozone/integration-test/target/test-dir/MiniOzoneClusterImpl-8578056e-9b7b-4e66-9e9f-ef53d5cd7c03/datanode-0/data/ratis/7f5c2536-ed89-4233-9ec0-ce3c0447b19c/current/log_829-906
2019-06-13 21:51:30,628 INFO  storage.RaftLogWorker (RaftLogWorker.java:execute(469)) - 2573df58-4087-4dd0-8598-5abddcc696b9-RaftLogWorker: created new log segment /opt/src/hadoop-ozone/integration-test/target/test-dir/MiniOzoneClusterImpl-8578056e-9b7b-4e66-9e9f-ef53d5cd7c03/datanode-0/data/ratis/7f5c2536-ed89-4233-9ec0-ce3c0447b19c/current/log_inprogress_907
2019-06-13 21:51:30,631 INFO  client.GrpcClientProtocolClient (GrpcClientProtocolClient.java:onNext(254)) - client-9C97446E6A25->2573df58-4087-4dd0-8598-5abddcc696b9: receive RaftClientReply:client-9C97446E6A25->2573df58-4087-4dd0-8598-5abddcc696b9@group-CE3C0447B19C, cid=515, SUCCESS, logIndex=907, commits[2573df58-4087-4dd0-8598-5abddcc696b9:c908]
2019-06-13 21:51:30,632 INFO  client.GrpcClientProtocolClient (GrpcClientProtocolClient.java:onNext(254)) - client-9C97446E6A25->2573df58-4087-4dd0-8598-5abddcc696b9: receive RaftClientReply:client-9C97446E6A25->2573df58-4087-4dd0-8598-5abddcc696b9@group-CE3C0447B19C, cid=516, SUCCESS, logIndex=908, commits[2573df58-4087-4dd0-8598-5abddcc696b9:c908]
2019-06-13 21:51:30,640 INFO  client.GrpcClientProtocolClient (GrpcClientProtocolClient.java:onNext(254)) - client-9C97446E6A25->2573df58-4087-4dd0-8598-5abddcc696b9: receive RaftClientReply:client-9C97446E6A25->2573df58-4087-4dd0-8598-5abddcc696b9@group-CE3C0447B19C, cid=517, SUCCESS, logIndex=910, commits[2573df58-4087-4dd0-8598-5abddcc696b9:c910]
2019-06-13 21:51:30,642 INFO  client.GrpcClientProtocolClient (GrpcClientProtocolClient.java:onNext(254)) - client-9C97446E6A25->2573df58-4087-4dd0-8598-5abddcc696b9: receive RaftClientReply:client-9C97446E6A25->2573df58-4087-4dd0-8598-5abddcc696b9@group-CE3C0447B19C, cid=518, SUCCESS, logIndex=912, commits[2573df58-4087-4dd0-8598-5abddcc696b9:c912]
2019-06-13 21:51:30,643 INFO  client.GrpcClientProtocolClient (GrpcClientProtocolClient.java:onNext(254)) - client-9C97446E6A25->2573df58-4087-4dd0-8598-5abddcc696b9: receive RaftClientReply:client-9C97446E6A25->2573df58-4087-4dd0-8598-5abddcc696b9@group-CE3C0447B19C, cid=519, SUCCESS, logIndex=913, commits[2573df58-4087-4dd0-8598-5abddcc696b9:c915]
2019-06-13 21:51:30,643 INFO  client.GrpcClientProtocolClient (GrpcClientProtocolClient.java:onNext(254)) - client-9C97446E6A25->2573df58-4087-4dd0-8598-5abddcc696b9: receive RaftClientReply:client-9C97446E6A25->2573df58-4087-4dd0-8598-5abddcc696b9@group-CE3C0447B19C, cid=520, SUCCESS, logIndex=914, commits[2573df58-4087-4dd0-8598-5abddcc696b9:c915]
2019-06-13 21:51:30,653 INFO  client.GrpcClientProtocolClient (GrpcClientProtocolClient.java:onNext(254)) - client-9C97446E6A25->2573df58-4087-4dd0-8598-5abddcc696b9: receive RaftClientReply:client-9C97446E6A25->2573df58-4087-4dd0-8598-5abddcc696b9@group-CE3C0447B19C, cid=521, SUCCESS, logIndex=916, commits[2573df58-4087-4dd0-8598-5abddcc696b9:c916]
2019-06-13 21:51:30,657 INFO  client.GrpcClientProtocolClient (GrpcClientProtocolClient.java:onNext(254)) - client-9C97446E6A25->2573df58-4087-4dd0-8598-5abddcc696b9: receive RaftClientReply:client-9C97446E6A25->2573df58-4087-4dd0-8598-5abddcc696b9@group-CE3C0447B19C, cid=522, SUCCESS, logIndex=918, commits[2573df58-4087-4dd0-8598-5abddcc696b9:c918]
2019-06-13 21:51:30,657 INFO  client.GrpcClientProtocolClient (GrpcClientProtocolClient.java:onNext(254)) - client-9C97446E6A25->2573df58-4087-4dd0-8598-5abddcc696b9: receive RaftClientReply:client-9C97446E6A25->2573df58-4087-4dd0-8598-5abddcc696b9@group-CE3C0447B19C, cid=523, SUCCESS, logIndex=919, commits[2573df58-4087-4dd0-8598-5abddcc696b9:c920]
2019-06-13 21:51:30,657 INFO  client.GrpcClientProtocolClient (GrpcClientProtocolClient.java:onNext(254)) - client-9C97446E6A25->2573df58-4087-4dd0-8598-5abddcc696b9: receive RaftClientReply:client-9C97446E6A25->2573df58-4087-4dd0-8598-5abddcc696b9@group-CE3C0447B19C, cid=524, SUCCESS, logIndex=920, commits[2573df58-4087-4dd0-8598-5abddcc696b9:c921]
2019-06-13 21:51:30,665 INFO  client.GrpcClientProtocolClient (GrpcClientProtocolClient.java:onNext(254)) - client-9C97446E6A25->2573df58-4087-4dd0-8598-5abddcc696b9: receive RaftClientReply:client-9C97446E6A25->2573df58-4087-4dd0-8598-5abddcc696b9@group-CE3C0447B19C, cid=525, SUCCESS, logIndex=923, commits[2573df58-4087-4dd0-8598-5abddcc696b9:c923]
2019-06-13 21:51:30,667 INFO  client.GrpcClientProtocolClient (GrpcClientProtocolClient.java:onNext(254)) - client-9C97446E6A25->2573df58-4087-4dd0-8598-5abddcc696b9: receive RaftClientReply:client-9C97446E6A25->2573df58-4087-4dd0-8598-5abddcc696b9@group-CE3C0447B19C, cid=526, SUCCESS, logIndex=925, commits[2573df58-4087-4dd0-8598-5abddcc696b9:c925]
2019-06-13 21:51:30,668 INFO  client.GrpcClientProtocolClient (GrpcClientProtocolClient.java:onNext(254)) - client-9C97446E6A25->2573df58-4087-4dd0-8598-5abddcc696b9: receive RaftClientReply:client-9C97446E6A25->2573df58-4087-4dd0-8598-5abddcc696b9@group-CE3C0447B19C, cid=527, SUCCESS, logIndex=926, commits[2573df58-4087-4dd0-8598-5abddcc696b9:c928]
2019-06-13 21:51:30,669 INFO  client.GrpcClientProtocolClient (GrpcClientProtocolClient.java:onNext(254)) - client-9C97446E6A25->2573df58-4087-4dd0-8598-5abddcc696b9: receive RaftClientReply:client-9C97446E6A25->2573df58-4087-4dd0-8598-5abddcc696b9@group-CE3C0447B19C, cid=528, SUCCESS, logIndex=928, commits[2573df58-4087-4dd0-8598-5abddcc696b9:c929]
2019-06-13 21:51:30,680 INFO  client.GrpcClientProtocolClient (GrpcClientProtocolClient.java:onNext(254)) - client-9C97446E6A25->2573df58-4087-4dd0-8598-5abddcc696b9: receive RaftClientReply:client-9C97446E6A25->2573df58-4087-4dd0-8598-5abddcc696b9@group-CE3C0447B19C, cid=529, SUCCESS, logIndex=930, commits[2573df58-4087-4dd0-8598-5abddcc696b9:c930]
2019-06-13 21:51:30,682 INFO  client.GrpcClientProtocolClient (GrpcClientProtocolClient.java:onNext(254)) - client-9C97446E6A25->2573df58-4087-4dd0-8598-5abddcc696b9: receive RaftClientReply:client-9C97446E6A25->2573df58-4087-4dd0-8598-5abddcc696b9@group-CE3C0447B19C, cid=530, SUCCESS, logIndex=932, commits[2573df58-4087-4dd0-8598-5abddcc696b9:c932]
2019-06-13 21:51:30,690 DEBUG block.SCMBlockDeletingService (SCMBlockDeletingService.java:call(138)) - Running DeletedBlockTransactionScanner
2019-06-13 21:51:30,691 DEBUG block.SCMBlockDeletingService (SCMBlockDeletingService.java:call(155)) - Scanned deleted blocks log and got 0 delTX to process.
2019-06-13 21:51:30,964 DEBUG block.SCMBlockDeletingService (SCMBlockDeletingService.java:call(138)) - Running DeletedBlockTransactionScanner
2019-06-13 21:51:30,965 DEBUG block.SCMBlockDeletingService (SCMBlockDeletingService.java:call(155)) - Scanned deleted blocks log and got 0 delTX to process.
2019-06-13 21:51:30,977 INFO  client.GrpcClientProtocolClient (GrpcClientProtocolClient.java:onNext(254)) - client-9C97446E6A25->2573df58-4087-4dd0-8598-5abddcc696b9: receive RaftClientReply:client-9C97446E6A25->2573df58-4087-4dd0-8598-5abddcc696b9@group-CE3C0447B19C, cid=531, SUCCESS, logIndex=934, commits[2573df58-4087-4dd0-8598-5abddcc696b9:c934]
2019-06-13 21:51:30,979 INFO  client.GrpcClientProtocolClient (GrpcClientProtocolClient.java:onNext(254)) - client-9C97446E6A25->2573df58-4087-4dd0-8598-5abddcc696b9: receive RaftClientReply:client-9C97446E6A25->2573df58-4087-4dd0-8598-5abddcc696b9@group-CE3C0447B19C, cid=532, SUCCESS, logIndex=936, commits[2573df58-4087-4dd0-8598-5abddcc696b9:c936]
2019-06-13 21:51:30,986 INFO  client.GrpcClientProtocolClient (GrpcClientProtocolClient.java:onNext(254)) - client-9C97446E6A25->2573df58-4087-4dd0-8598-5abddcc696b9: receive RaftClientReply:client-9C97446E6A25->2573df58-4087-4dd0-8598-5abddcc696b9@group-CE3C0447B19C, cid=533, SUCCESS, logIndex=938, commits[2573df58-4087-4dd0-8598-5abddcc696b9:c938]
2019-06-13 21:51:30,988 INFO  client.GrpcClientProtocolClient (GrpcClientProtocolClient.java:onNext(254)) - client-9C97446E6A25->2573df58-4087-4dd0-8598-5abddcc696b9: receive RaftClientReply:client-9C97446E6A25->2573df58-4087-4dd0-8598-5abddcc696b9@group-CE3C0447B19C, cid=534, SUCCESS, logIndex=940, commits[2573df58-4087-4dd0-8598-5abddcc696b9:c940]
2019-06-13 21:51:30,988 INFO  client.GrpcClientProtocolClient (GrpcClientProtocolClient.java:onNext(254)) - client-9C97446E6A25->2573df58-4087-4dd0-8598-5abddcc696b9: receive RaftClientReply:client-9C97446E6A25->2573df58-4087-4dd0-8598-5abddcc696b9@group-CE3C0447B19C, cid=535, SUCCESS, logIndex=941, commits[2573df58-4087-4dd0-8598-5abddcc696b9:c943]
2019-06-13 21:51:30,989 INFO  client.GrpcClientProtocolClient (GrpcClientProtocolClient.java:onNext(254)) - client-9C97446E6A25->2573df58-4087-4dd0-8598-5abddcc696b9: receive RaftClientReply:client-9C97446E6A25->2573df58-4087-4dd0-8598-5abddcc696b9@group-CE3C0447B19C, cid=536, SUCCESS, logIndex=942, commits[2573df58-4087-4dd0-8598-5abddcc696b9:c943]
2019-06-13 21:51:30,999 INFO  client.GrpcClientProtocolClient (GrpcClientProtocolClient.java:onNext(254)) - client-9C97446E6A25->2573df58-4087-4dd0-8598-5abddcc696b9: receive RaftClientReply:client-9C97446E6A25->2573df58-4087-4dd0-8598-5abddcc696b9@group-CE3C0447B19C, cid=537, SUCCESS, logIndex=944, commits[2573df58-4087-4dd0-8598-5abddcc696b9:c944]
2019-06-13 21:51:31,003 INFO  client.GrpcClientProtocolClient (GrpcClientProtocolClient.java:onNext(254)) - client-9C97446E6A25->2573df58-4087-4dd0-8598-5abddcc696b9: receive RaftClientReply:client-9C97446E6A25->2573df58-4087-4dd0-8598-5abddcc696b9@group-CE3C0447B19C, cid=538, SUCCESS, logIndex=946, commits[2573df58-4087-4dd0-8598-5abddcc696b9:c946]
2019-06-13 21:51:31,005 INFO  client.GrpcClientProtocolClient (GrpcClientProtocolClient.java:onNext(254)) - client-9C97446E6A25->2573df58-4087-4dd0-8598-5abddcc696b9: receive RaftClientReply:client-9C97446E6A25->2573df58-4087-4dd0-8598-5abddcc696b9@group-CE3C0447B19C, cid=539, SUCCESS, logIndex=947, commits[2573df58-4087-4dd0-8598-5abddcc696b9:c949]
2019-06-13 21:51:31,006 INFO  client.GrpcClientProtocolClient (GrpcClientProtocolClient.java:onNext(254)) - client-9C97446E6A25->2573df58-4087-4dd0-8598-5abddcc696b9: receive RaftClientReply:client-9C97446E6A25->2573df58-4087-4dd0-8598-5abddcc696b9@group-CE3C0447B19C, cid=540, SUCCESS, logIndex=948, commits[2573df58-4087-4dd0-8598-5abddcc696b9:c949]
2019-06-13 21:51:31,014 INFO  client.GrpcClientProtocolClient (GrpcClientProtocolClient.java:onNext(254)) - client-9C97446E6A25->2573df58-4087-4dd0-8598-5abddcc696b9: receive RaftClientReply:client-9C97446E6A25->2573df58-4087-4dd0-8598-5abddcc696b9@group-CE3C0447B19C, cid=541, SUCCESS, logIndex=950, commits[2573df58-4087-4dd0-8598-5abddcc696b9:c950]
2019-06-13 21:51:31,015 INFO  client.GrpcClientProtocolClient (GrpcClientProtocolClient.java:onNext(254)) - client-9C97446E6A25->2573df58-4087-4dd0-8598-5abddcc696b9: receive RaftClientReply:client-9C97446E6A25->2573df58-4087-4dd0-8598-5abddcc696b9@group-CE3C0447B19C, cid=542, SUCCESS, logIndex=952, commits[2573df58-4087-4dd0-8598-5abddcc696b9:c952]
2019-06-13 21:51:31,018 INFO  client.GrpcClientProtocolClient (GrpcClientProtocolClient.java:onNext(254)) - client-9C97446E6A25->2573df58-4087-4dd0-8598-5abddcc696b9: receive RaftClientReply:client-9C97446E6A25->2573df58-4087-4dd0-8598-5abddcc696b9@group-CE3C0447B19C, cid=543, SUCCESS, logIndex=954, commits[2573df58-4087-4dd0-8598-5abddcc696b9:c955]
2019-06-13 21:51:31,019 INFO  client.GrpcClientProtocolClient (GrpcClientProtocolClient.java:onNext(254)) - client-9C97446E6A25->2573df58-4087-4dd0-8598-5abddcc696b9: receive RaftClientReply:client-9C97446E6A25->2573df58-4087-4dd0-8598-5abddcc696b9@group-CE3C0447B19C, cid=544, SUCCESS, logIndex=955, commits[2573df58-4087-4dd0-8598-5abddcc696b9:c956]
2019-06-13 21:51:31,029 INFO  client.GrpcClientProtocolClient (GrpcClientProtocolClient.java:onNext(254)) - client-9C97446E6A25->2573df58-4087-4dd0-8598-5abddcc696b9: receive RaftClientReply:client-9C97446E6A25->2573df58-4087-4dd0-8598-5abddcc696b9@group-CE3C0447B19C, cid=545, SUCCESS, logIndex=957, commits[2573df58-4087-4dd0-8598-5abddcc696b9:c957]
2019-06-13 21:51:31,031 INFO  client.GrpcClientProtocolClient (GrpcClientProtocolClient.java:onNext(254)) - client-9C97446E6A25->2573df58-4087-4dd0-8598-5abddcc696b9: receive RaftClientReply:client-9C97446E6A25->2573df58-4087-4dd0-8598-5abddcc696b9@group-CE3C0447B19C, cid=546, SUCCESS, logIndex=959, commits[2573df58-4087-4dd0-8598-5abddcc696b9:c959]
2019-06-13 21:51:31,034 INFO  client.GrpcClientProtocolClient (GrpcClientProtocolClient.java:onNext(254)) - client-9C97446E6A25->2573df58-4087-4dd0-8598-5abddcc696b9: receive RaftClientReply:client-9C97446E6A25->2573df58-4087-4dd0-8598-5abddcc696b9@group-CE3C0447B19C, cid=547, SUCCESS, logIndex=961, commits[2573df58-4087-4dd0-8598-5abddcc696b9:c961]
2019-06-13 21:51:31,036 INFO  client.GrpcClientProtocolClient (GrpcClientProtocolClient.java:onNext(254)) - client-9C97446E6A25->2573df58-4087-4dd0-8598-5abddcc696b9: receive RaftClientReply:client-9C97446E6A25->2573df58-4087-4dd0-8598-5abddcc696b9@group-CE3C0447B19C, cid=548, SUCCESS, logIndex=963, commits[2573df58-4087-4dd0-8598-5abddcc696b9:c963]
2019-06-13 21:51:31,043 INFO  client.GrpcClientProtocolClient (GrpcClientProtocolClient.java:onNext(254)) - client-9C97446E6A25->2573df58-4087-4dd0-8598-5abddcc696b9: receive RaftClientReply:client-9C97446E6A25->2573df58-4087-4dd0-8598-5abddcc696b9@group-CE3C0447B19C, cid=549, SUCCESS, logIndex=965, commits[2573df58-4087-4dd0-8598-5abddcc696b9:c965]
2019-06-13 21:51:31,046 INFO  client.GrpcClientProtocolClient (GrpcClientProtocolClient.java:onNext(254)) - client-9C97446E6A25->2573df58-4087-4dd0-8598-5abddcc696b9: receive RaftClientReply:client-9C97446E6A25->2573df58-4087-4dd0-8598-5abddcc696b9@group-CE3C0447B19C, cid=550, SUCCESS, logIndex=967, commits[2573df58-4087-4dd0-8598-5abddcc696b9:c967]
2019-06-13 21:51:31,047 INFO  client.GrpcClientProtocolClient (GrpcClientProtocolClient.java:onNext(254)) - client-9C97446E6A25->2573df58-4087-4dd0-8598-5abddcc696b9: receive RaftClientReply:client-9C97446E6A25->2573df58-4087-4dd0-8598-5abddcc696b9@group-CE3C0447B19C, cid=551, SUCCESS, logIndex=968, commits[2573df58-4087-4dd0-8598-5abddcc696b9:c969]
2019-06-13 21:51:31,047 INFO  client.GrpcClientProtocolClient (GrpcClientProtocolClient.java:onNext(254)) - client-9C97446E6A25->2573df58-4087-4dd0-8598-5abddcc696b9: receive RaftClientReply:client-9C97446E6A25->2573df58-4087-4dd0-8598-5abddcc696b9@group-CE3C0447B19C, cid=552, SUCCESS, logIndex=969, commits[2573df58-4087-4dd0-8598-5abddcc696b9:c970]
2019-06-13 21:51:31,057 INFO  client.GrpcClientProtocolClient (GrpcClientProtocolClient.java:onNext(254)) - client-9C97446E6A25->2573df58-4087-4dd0-8598-5abddcc696b9: receive RaftClientReply:client-9C97446E6A25->2573df58-4087-4dd0-8598-5abddcc696b9@group-CE3C0447B19C, cid=553, SUCCESS, logIndex=972, commits[2573df58-4087-4dd0-8598-5abddcc696b9:c972]
2019-06-13 21:51:31,059 INFO  client.GrpcClientProtocolClient (GrpcClientProtocolClient.java:onNext(254)) - client-9C97446E6A25->2573df58-4087-4dd0-8598-5abddcc696b9: receive RaftClientReply:client-9C97446E6A25->2573df58-4087-4dd0-8598-5abddcc696b9@group-CE3C0447B19C, cid=554, SUCCESS, logIndex=974, commits[2573df58-4087-4dd0-8598-5abddcc696b9:c974]
2019-06-13 21:51:31,062 INFO  client.GrpcClientProtocolClient (GrpcClientProtocolClient.java:onNext(254)) - client-9C97446E6A25->2573df58-4087-4dd0-8598-5abddcc696b9: receive RaftClientReply:client-9C97446E6A25->2573df58-4087-4dd0-8598-5abddcc696b9@group-CE3C0447B19C, cid=555, SUCCESS, logIndex=976, commits[2573df58-4087-4dd0-8598-5abddcc696b9:c977]
2019-06-13 21:51:31,062 INFO  client.GrpcClientProtocolClient (GrpcClientProtocolClient.java:onNext(254)) - client-9C97446E6A25->2573df58-4087-4dd0-8598-5abddcc696b9: receive RaftClientReply:client-9C97446E6A25->2573df58-4087-4dd0-8598-5abddcc696b9@group-CE3C0447B19C, cid=556, SUCCESS, logIndex=977, commits[2573df58-4087-4dd0-8598-5abddcc696b9:c977]
2019-06-13 21:51:31,065 DEBUG block.SCMBlockDeletingService (SCMBlockDeletingService.java:call(138)) - Running DeletedBlockTransactionScanner
2019-06-13 21:51:31,065 DEBUG block.SCMBlockDeletingService (SCMBlockDeletingService.java:call(155)) - Scanned deleted blocks log and got 0 delTX to process.
2019-06-13 21:51:31,068 INFO  storage.RaftLogWorker (RaftLogWorker.java:rollLogSegment(303)) - 2573df58-4087-4dd0-8598-5abddcc696b9-RaftLogWorker: Rolling segment log-907_980 to index:980
2019-06-13 21:51:31,068 INFO  client.GrpcClientProtocolClient (GrpcClientProtocolClient.java:onNext(254)) - client-9C97446E6A25->2573df58-4087-4dd0-8598-5abddcc696b9: receive RaftClientReply:client-9C97446E6A25->2573df58-4087-4dd0-8598-5abddcc696b9@group-CE3C0447B19C, cid=557, SUCCESS, logIndex=979, commits[2573df58-4087-4dd0-8598-5abddcc696b9:c979]
2019-06-13 21:51:31,068 INFO  storage.RaftLogWorker (RaftLogWorker.java:execute(433)) - 2573df58-4087-4dd0-8598-5abddcc696b9-RaftLogWorker: Rolled log segment from /opt/src/hadoop-ozone/integration-test/target/test-dir/MiniOzoneClusterImpl-8578056e-9b7b-4e66-9e9f-ef53d5cd7c03/datanode-0/data/ratis/7f5c2536-ed89-4233-9ec0-ce3c0447b19c/current/log_inprogress_907 to /opt/src/hadoop-ozone/integration-test/target/test-dir/MiniOzoneClusterImpl-8578056e-9b7b-4e66-9e9f-ef53d5cd7c03/datanode-0/data/ratis/7f5c2536-ed89-4233-9ec0-ce3c0447b19c/current/log_907-980
2019-06-13 21:51:31,105 INFO  storage.RaftLogWorker (RaftLogWorker.java:execute(469)) - 2573df58-4087-4dd0-8598-5abddcc696b9-RaftLogWorker: created new log segment /opt/src/hadoop-ozone/integration-test/target/test-dir/MiniOzoneClusterImpl-8578056e-9b7b-4e66-9e9f-ef53d5cd7c03/datanode-0/data/ratis/7f5c2536-ed89-4233-9ec0-ce3c0447b19c/current/log_inprogress_981
2019-06-13 21:51:31,107 INFO  client.GrpcClientProtocolClient (GrpcClientProtocolClient.java:onNext(254)) - client-9C97446E6A25->2573df58-4087-4dd0-8598-5abddcc696b9: receive RaftClientReply:client-9C97446E6A25->2573df58-4087-4dd0-8598-5abddcc696b9@group-CE3C0447B19C, cid=558, SUCCESS, logIndex=981, commits[2573df58-4087-4dd0-8598-5abddcc696b9:c983]
2019-06-13 21:51:31,109 INFO  client.GrpcClientProtocolClient (GrpcClientProtocolClient.java:onNext(254)) - client-9C97446E6A25->2573df58-4087-4dd0-8598-5abddcc696b9: receive RaftClientReply:client-9C97446E6A25->2573df58-4087-4dd0-8598-5abddcc696b9@group-CE3C0447B19C, cid=559, SUCCESS, logIndex=982, commits[2573df58-4087-4dd0-8598-5abddcc696b9:c984]
2019-06-13 21:51:31,109 INFO  client.GrpcClientProtocolClient (GrpcClientProtocolClient.java:onNext(254)) - client-9C97446E6A25->2573df58-4087-4dd0-8598-5abddcc696b9: receive RaftClientReply:client-9C97446E6A25->2573df58-4087-4dd0-8598-5abddcc696b9@group-CE3C0447B19C, cid=560, SUCCESS, logIndex=983, commits[2573df58-4087-4dd0-8598-5abddcc696b9:c984]
2019-06-13 21:51:31,121 INFO  client.GrpcClientProtocolClient (GrpcClientProtocolClient.java:onNext(254)) - client-9C97446E6A25->2573df58-4087-4dd0-8598-5abddcc696b9: receive RaftClientReply:client-9C97446E6A25->2573df58-4087-4dd0-8598-5abddcc696b9@group-CE3C0447B19C, cid=561, SUCCESS, logIndex=985, commits[2573df58-4087-4dd0-8598-5abddcc696b9:c985]
2019-06-13 21:51:31,123 INFO  client.GrpcClientProtocolClient (GrpcClientProtocolClient.java:onNext(254)) - client-9C97446E6A25->2573df58-4087-4dd0-8598-5abddcc696b9: receive RaftClientReply:client-9C97446E6A25->2573df58-4087-4dd0-8598-5abddcc696b9@group-CE3C0447B19C, cid=562, SUCCESS, logIndex=987, commits[2573df58-4087-4dd0-8598-5abddcc696b9:c988]
2019-06-13 21:51:31,124 INFO  client.GrpcClientProtocolClient (GrpcClientProtocolClient.java:onNext(254)) - client-9C97446E6A25->2573df58-4087-4dd0-8598-5abddcc696b9: receive RaftClientReply:client-9C97446E6A25->2573df58-4087-4dd0-8598-5abddcc696b9@group-CE3C0447B19C, cid=563, SUCCESS, logIndex=988, commits[2573df58-4087-4dd0-8598-5abddcc696b9:c988]
2019-06-13 21:51:31,124 INFO  client.GrpcClientProtocolClient (GrpcClientProtocolClient.java:onNext(254)) - client-9C97446E6A25->2573df58-4087-4dd0-8598-5abddcc696b9: receive RaftClientReply:client-9C97446E6A25->2573df58-4087-4dd0-8598-5abddcc696b9@group-CE3C0447B19C, cid=564, SUCCESS, logIndex=990, commits[2573df58-4087-4dd0-8598-5abddcc696b9:c990]
2019-06-13 21:51:31,131 INFO  client.GrpcClientProtocolClient (GrpcClientProtocolClient.java:onNext(254)) - client-9C97446E6A25->2573df58-4087-4dd0-8598-5abddcc696b9: receive RaftClientReply:client-9C97446E6A25->2573df58-4087-4dd0-8598-5abddcc696b9@group-CE3C0447B19C, cid=565, SUCCESS, logIndex=993, commits[2573df58-4087-4dd0-8598-5abddcc696b9:c993]
2019-06-13 21:51:31,134 INFO  client.GrpcClientProtocolClient (GrpcClientProtocolClient.java:onNext(254)) - client-9C97446E6A25->2573df58-4087-4dd0-8598-5abddcc696b9: receive RaftClientReply:client-9C97446E6A25->2573df58-4087-4dd0-8598-5abddcc696b9@group-CE3C0447B19C, cid=566, SUCCESS, logIndex=995, commits[2573df58-4087-4dd0-8598-5abddcc696b9:c995]
2019-06-13 21:51:31,134 INFO  client.GrpcClientProtocolClient (GrpcClientProtocolClient.java:onNext(254)) - client-9C97446E6A25->2573df58-4087-4dd0-8598-5abddcc696b9: receive RaftClientReply:client-9C97446E6A25->2573df58-4087-4dd0-8598-5abddcc696b9@group-CE3C0447B19C, cid=567, SUCCESS, logIndex=996, commits[2573df58-4087-4dd0-8598-5abddcc696b9:c998]
2019-06-13 21:51:31,135 INFO  client.GrpcClientProtocolClient (GrpcClientProtocolClient.java:onNext(254)) - client-9C97446E6A25->2573df58-4087-4dd0-8598-5abddcc696b9: receive RaftClientReply:client-9C97446E6A25->2573df58-4087-4dd0-8598-5abddcc696b9@group-CE3C0447B19C, cid=568, SUCCESS, logIndex=997, commits[2573df58-4087-4dd0-8598-5abddcc696b9:c998]
2019-06-13 21:51:31,145 INFO  client.GrpcClientProtocolClient (GrpcClientProtocolClient.java:onNext(254)) - client-9C97446E6A25->2573df58-4087-4dd0-8598-5abddcc696b9: receive RaftClientReply:client-9C97446E6A25->2573df58-4087-4dd0-8598-5abddcc696b9@group-CE3C0447B19C, cid=569, SUCCESS, logIndex=999, commits[2573df58-4087-4dd0-8598-5abddcc696b9:c999]
2019-06-13 21:51:31,146 INFO  client.GrpcClientProtocolClient (GrpcClientProtocolClient.java:onNext(254)) - client-9C97446E6A25->2573df58-4087-4dd0-8598-5abddcc696b9: receive RaftClientReply:client-9C97446E6A25->2573df58-4087-4dd0-8598-5abddcc696b9@group-CE3C0447B19C, cid=570, SUCCESS, logIndex=1001, commits[2573df58-4087-4dd0-8598-5abddcc696b9:c1001]
2019-06-13 21:51:31,149 INFO  client.GrpcClientProtocolClient (GrpcClientProtocolClient.java:onNext(254)) - client-9C97446E6A25->2573df58-4087-4dd0-8598-5abddcc696b9: receive RaftClientReply:client-9C97446E6A25->2573df58-4087-4dd0-8598-5abddcc696b9@group-CE3C0447B19C, cid=571, SUCCESS, logIndex=1003, commits[2573df58-4087-4dd0-8598-5abddcc696b9:c1004]
2019-06-13 21:51:31,149 INFO  client.GrpcClientProtocolClient (GrpcClientProtocolClient.java:onNext(254)) - client-9C97446E6A25->2573df58-4087-4dd0-8598-5abddcc696b9: receive RaftClientReply:client-9C97446E6A25->2573df58-4087-4dd0-8598-5abddcc696b9@group-CE3C0447B19C, cid=572, SUCCESS, logIndex=1004, commits[2573df58-4087-4dd0-8598-5abddcc696b9:c1004]
2019-06-13 21:51:31,156 INFO  client.GrpcClientProtocolClient (GrpcClientProtocolClient.java:onNext(254)) - client-9C97446E6A25->2573df58-4087-4dd0-8598-5abddcc696b9: receive RaftClientReply:client-9C97446E6A25->2573df58-4087-4dd0-8598-5abddcc696b9@group-CE3C0447B19C, cid=573, SUCCESS, logIndex=1006, commits[2573df58-4087-4dd0-8598-5abddcc696b9:c1006]
2019-06-13 21:51:31,157 INFO  client.GrpcClientProtocolClient (GrpcClientProtocolClient.java:onNext(254)) - client-9C97446E6A25->2573df58-4087-4dd0-8598-5abddcc696b9: receive RaftClientReply:client-9C97446E6A25->2573df58-4087-4dd0-8598-5abddcc696b9@group-CE3C0447B19C, cid=574, SUCCESS, logIndex=1008, commits[2573df58-4087-4dd0-8598-5abddcc696b9:c1008]
2019-06-13 21:51:31,165 DEBUG block.SCMBlockDeletingService (SCMBlockDeletingService.java:call(138)) - Running DeletedBlockTransactionScanner
2019-06-13 21:51:31,166 DEBUG block.SCMBlockDeletingService (SCMBlockDeletingService.java:call(155)) - Scanned deleted blocks log and got 0 delTX to process.
2019-06-13 21:51:31,228 INFO  client.GrpcClientProtocolClient (GrpcClientProtocolClient.java:onNext(254)) - client-9C97446E6A25->2573df58-4087-4dd0-8598-5abddcc696b9: receive RaftClientReply:client-9C97446E6A25->2573df58-4087-4dd0-8598-5abddcc696b9@group-CE3C0447B19C, cid=575, SUCCESS, logIndex=1010, commits[2573df58-4087-4dd0-8598-5abddcc696b9:c1010]
2019-06-13 21:51:31,230 INFO  client.GrpcClientProtocolClient (GrpcClientProtocolClient.java:onNext(254)) - client-9C97446E6A25->2573df58-4087-4dd0-8598-5abddcc696b9: receive RaftClientReply:client-9C97446E6A25->2573df58-4087-4dd0-8598-5abddcc696b9@group-CE3C0447B19C, cid=576, SUCCESS, logIndex=1012, commits[2573df58-4087-4dd0-8598-5abddcc696b9:c1012]
2019-06-13 21:51:31,241 INFO  client.GrpcClientProtocolClient (GrpcClientProtocolClient.java:onNext(254)) - client-9C97446E6A25->2573df58-4087-4dd0-8598-5abddcc696b9: receive RaftClientReply:client-9C97446E6A25->2573df58-4087-4dd0-8598-5abddcc696b9@group-CE3C0447B19C, cid=577, SUCCESS, logIndex=1014, commits[2573df58-4087-4dd0-8598-5abddcc696b9:c1014]
2019-06-13 21:51:31,244 INFO  client.GrpcClientProtocolClient (GrpcClientProtocolClient.java:onNext(254)) - client-9C97446E6A25->2573df58-4087-4dd0-8598-5abddcc696b9: receive RaftClientReply:client-9C97446E6A25->2573df58-4087-4dd0-8598-5abddcc696b9@group-CE3C0447B19C, cid=578, SUCCESS, logIndex=1016, commits[2573df58-4087-4dd0-8598-5abddcc696b9:c1016]
2019-06-13 21:51:31,247 INFO  client.GrpcClientProtocolClient (GrpcClientProtocolClient.java:onNext(254)) - client-9C97446E6A25->2573df58-4087-4dd0-8598-5abddcc696b9: receive RaftClientReply:client-9C97446E6A25->2573df58-4087-4dd0-8598-5abddcc696b9@group-CE3C0447B19C, cid=579, SUCCESS, logIndex=1017, commits[2573df58-4087-4dd0-8598-5abddcc696b9:c1019]
2019-06-13 21:51:31,248 INFO  client.GrpcClientProtocolClient (GrpcClientProtocolClient.java:onNext(254)) - client-9C97446E6A25->2573df58-4087-4dd0-8598-5abddcc696b9: receive RaftClientReply:client-9C97446E6A25->2573df58-4087-4dd0-8598-5abddcc696b9@group-CE3C0447B19C, cid=580, SUCCESS, logIndex=1019, commits[2573df58-4087-4dd0-8598-5abddcc696b9:c1019]
2019-06-13 21:51:31,254 INFO  client.GrpcClientProtocolClient (GrpcClientProtocolClient.java:onNext(254)) - client-9C97446E6A25->2573df58-4087-4dd0-8598-5abddcc696b9: receive RaftClientReply:client-9C97446E6A25->2573df58-4087-4dd0-8598-5abddcc696b9@group-CE3C0447B19C, cid=581, SUCCESS, logIndex=1021, commits[2573df58-4087-4dd0-8598-5abddcc696b9:c1021]
2019-06-13 21:51:31,256 INFO  client.GrpcClientProtocolClient (GrpcClientProtocolClient.java:onNext(254)) - client-9C97446E6A25->2573df58-4087-4dd0-8598-5abddcc696b9: receive RaftClientReply:client-9C97446E6A25->2573df58-4087-4dd0-8598-5abddcc696b9@group-CE3C0447B19C, cid=582, SUCCESS, logIndex=1023, commits[2573df58-4087-4dd0-8598-5abddcc696b9:c1023]
2019-06-13 21:51:31,257 INFO  client.GrpcClientProtocolClient (GrpcClientProtocolClient.java:onNext(254)) - client-9C97446E6A25->2573df58-4087-4dd0-8598-5abddcc696b9: receive RaftClientReply:client-9C97446E6A25->2573df58-4087-4dd0-8598-5abddcc696b9@group-CE3C0447B19C, cid=583, SUCCESS, logIndex=1024, commits[2573df58-4087-4dd0-8598-5abddcc696b9:c1026]
2019-06-13 21:51:31,257 INFO  client.GrpcClientProtocolClient (GrpcClientProtocolClient.java:onNext(254)) - client-9C97446E6A25->2573df58-4087-4dd0-8598-5abddcc696b9: receive RaftClientReply:client-9C97446E6A25->2573df58-4087-4dd0-8598-5abddcc696b9@group-CE3C0447B19C, cid=584, SUCCESS, logIndex=1026, commits[2573df58-4087-4dd0-8598-5abddcc696b9:c1027]
2019-06-13 21:51:31,266 DEBUG block.SCMBlockDeletingService (SCMBlockDeletingService.java:call(138)) - Running DeletedBlockTransactionScanner
2019-06-13 21:51:31,266 DEBUG block.SCMBlockDeletingService (SCMBlockDeletingService.java:call(155)) - Scanned deleted blocks log and got 0 delTX to process.
2019-06-13 21:51:31,267 INFO  client.GrpcClientProtocolClient (GrpcClientProtocolClient.java:onNext(254)) - client-9C97446E6A25->2573df58-4087-4dd0-8598-5abddcc696b9: receive RaftClientReply:client-9C97446E6A25->2573df58-4087-4dd0-8598-5abddcc696b9@group-CE3C0447B19C, cid=585, SUCCESS, logIndex=1028, commits[2573df58-4087-4dd0-8598-5abddcc696b9:c1028]
2019-06-13 21:51:31,270 INFO  client.GrpcClientProtocolClient (GrpcClientProtocolClient.java:onNext(254)) - client-9C97446E6A25->2573df58-4087-4dd0-8598-5abddcc696b9: receive RaftClientReply:client-9C97446E6A25->2573df58-4087-4dd0-8598-5abddcc696b9@group-CE3C0447B19C, cid=586, SUCCESS, logIndex=1030, commits[2573df58-4087-4dd0-8598-5abddcc696b9:c1030]
2019-06-13 21:51:31,270 INFO  client.GrpcClientProtocolClient (GrpcClientProtocolClient.java:onNext(254)) - client-9C97446E6A25->2573df58-4087-4dd0-8598-5abddcc696b9: receive RaftClientReply:client-9C97446E6A25->2573df58-4087-4dd0-8598-5abddcc696b9@group-CE3C0447B19C, cid=587, SUCCESS, logIndex=1031, commits[2573df58-4087-4dd0-8598-5abddcc696b9:c1033]
2019-06-13 21:51:31,271 INFO  client.GrpcClientProtocolClient (GrpcClientProtocolClient.java:onNext(254)) - client-9C97446E6A25->2573df58-4087-4dd0-8598-5abddcc696b9: receive RaftClientReply:client-9C97446E6A25->2573df58-4087-4dd0-8598-5abddcc696b9@group-CE3C0447B19C, cid=588, SUCCESS, logIndex=1033, commits[2573df58-4087-4dd0-8598-5abddcc696b9:c1034]
2019-06-13 21:51:31,277 INFO  client.GrpcClientProtocolClient (GrpcClientProtocolClient.java:onNext(254)) - client-9C97446E6A25->2573df58-4087-4dd0-8598-5abddcc696b9: receive RaftClientReply:client-9C97446E6A25->2573df58-4087-4dd0-8598-5abddcc696b9@group-CE3C0447B19C, cid=589, SUCCESS, logIndex=1035, commits[2573df58-4087-4dd0-8598-5abddcc696b9:c1035]
2019-06-13 21:51:31,279 INFO  client.GrpcClientProtocolClient (GrpcClientProtocolClient.java:onNext(254)) - client-9C97446E6A25->2573df58-4087-4dd0-8598-5abddcc696b9: receive RaftClientReply:client-9C97446E6A25->2573df58-4087-4dd0-8598-5abddcc696b9@group-CE3C0447B19C, cid=590, SUCCESS, logIndex=1037, commits[2573df58-4087-4dd0-8598-5abddcc696b9:c1037]
2019-06-13 21:51:31,280 INFO  client.GrpcClientProtocolClient (GrpcClientProtocolClient.java:onNext(254)) - client-9C97446E6A25->2573df58-4087-4dd0-8598-5abddcc696b9: receive RaftClientReply:client-9C97446E6A25->2573df58-4087-4dd0-8598-5abddcc696b9@group-CE3C0447B19C, cid=591, SUCCESS, logIndex=1038, commits[2573df58-4087-4dd0-8598-5abddcc696b9:c1040]
2019-06-13 21:51:31,280 INFO  client.GrpcClientProtocolClient (GrpcClientProtocolClient.java:onNext(254)) - client-9C97446E6A25->2573df58-4087-4dd0-8598-5abddcc696b9: receive RaftClientReply:client-9C97446E6A25->2573df58-4087-4dd0-8598-5abddcc696b9@group-CE3C0447B19C, cid=592, SUCCESS, logIndex=1040, commits[2573df58-4087-4dd0-8598-5abddcc696b9:c1041]
2019-06-13 21:51:31,290 INFO  client.GrpcClientProtocolClient (GrpcClientProtocolClient.java:onNext(254)) - client-9C97446E6A25->2573df58-4087-4dd0-8598-5abddcc696b9: receive RaftClientReply:client-9C97446E6A25->2573df58-4087-4dd0-8598-5abddcc696b9@group-CE3C0447B19C, cid=593, SUCCESS, logIndex=1042, commits[2573df58-4087-4dd0-8598-5abddcc696b9:c1042]
2019-06-13 21:51:31,292 INFO  client.GrpcClientProtocolClient (GrpcClientProtocolClient.java:onNext(254)) - client-9C97446E6A25->2573df58-4087-4dd0-8598-5abddcc696b9: receive RaftClientReply:client-9C97446E6A25->2573df58-4087-4dd0-8598-5abddcc696b9@group-CE3C0447B19C, cid=594, SUCCESS, logIndex=1044, commits[2573df58-4087-4dd0-8598-5abddcc696b9:c1044]
2019-06-13 21:51:31,295 INFO  client.GrpcClientProtocolClient (GrpcClientProtocolClient.java:onNext(254)) - client-9C97446E6A25->2573df58-4087-4dd0-8598-5abddcc696b9: receive RaftClientReply:client-9C97446E6A25->2573df58-4087-4dd0-8598-5abddcc696b9@group-CE3C0447B19C, cid=595, SUCCESS, logIndex=1045, commits[2573df58-4087-4dd0-8598-5abddcc696b9:c1047]
2019-06-13 21:51:31,295 INFO  client.GrpcClientProtocolClient (GrpcClientProtocolClient.java:onNext(254)) - client-9C97446E6A25->2573df58-4087-4dd0-8598-5abddcc696b9: receive RaftClientReply:client-9C97446E6A25->2573df58-4087-4dd0-8598-5abddcc696b9@group-CE3C0447B19C, cid=596, SUCCESS, logIndex=1046, commits[2573df58-4087-4dd0-8598-5abddcc696b9:c1047]
2019-06-13 21:51:31,303 INFO  client.GrpcClientProtocolClient (GrpcClientProtocolClient.java:onNext(254)) - client-9C97446E6A25->2573df58-4087-4dd0-8598-5abddcc696b9: receive RaftClientReply:client-9C97446E6A25->2573df58-4087-4dd0-8598-5abddcc696b9@group-CE3C0447B19C, cid=597, SUCCESS, logIndex=1048, commits[2573df58-4087-4dd0-8598-5abddcc696b9:c1048]
2019-06-13 21:51:31,314 INFO  storage.RaftLogWorker (RaftLogWorker.java:rollLogSegment(303)) - 2573df58-4087-4dd0-8598-5abddcc696b9-RaftLogWorker: Rolling segment log-981_1053 to index:1053
2019-06-13 21:51:31,314 INFO  storage.RaftLogWorker (RaftLogWorker.java:execute(433)) - 2573df58-4087-4dd0-8598-5abddcc696b9-RaftLogWorker: Rolled log segment from /opt/src/hadoop-ozone/integration-test/target/test-dir/MiniOzoneClusterImpl-8578056e-9b7b-4e66-9e9f-ef53d5cd7c03/datanode-0/data/ratis/7f5c2536-ed89-4233-9ec0-ce3c0447b19c/current/log_inprogress_981 to /opt/src/hadoop-ozone/integration-test/target/test-dir/MiniOzoneClusterImpl-8578056e-9b7b-4e66-9e9f-ef53d5cd7c03/datanode-0/data/ratis/7f5c2536-ed89-4233-9ec0-ce3c0447b19c/current/log_981-1053
2019-06-13 21:51:31,315 INFO  client.GrpcClientProtocolClient (GrpcClientProtocolClient.java:onNext(254)) - client-9C97446E6A25->2573df58-4087-4dd0-8598-5abddcc696b9: receive RaftClientReply:client-9C97446E6A25->2573df58-4087-4dd0-8598-5abddcc696b9@group-CE3C0447B19C, cid=598, SUCCESS, logIndex=1050, commits[2573df58-4087-4dd0-8598-5abddcc696b9:c1050]
2019-06-13 21:51:31,315 INFO  client.GrpcClientProtocolClient (GrpcClientProtocolClient.java:onNext(254)) - client-9C97446E6A25->2573df58-4087-4dd0-8598-5abddcc696b9: receive RaftClientReply:client-9C97446E6A25->2573df58-4087-4dd0-8598-5abddcc696b9@group-CE3C0447B19C, cid=599, SUCCESS, logIndex=1052, commits[2573df58-4087-4dd0-8598-5abddcc696b9:c1052]
2019-06-13 21:51:31,351 INFO  storage.RaftLogWorker (RaftLogWorker.java:execute(469)) - 2573df58-4087-4dd0-8598-5abddcc696b9-RaftLogWorker: created new log segment /opt/src/hadoop-ozone/integration-test/target/test-dir/MiniOzoneClusterImpl-8578056e-9b7b-4e66-9e9f-ef53d5cd7c03/datanode-0/data/ratis/7f5c2536-ed89-4233-9ec0-ce3c0447b19c/current/log_inprogress_1054
2019-06-13 21:51:31,354 INFO  client.GrpcClientProtocolClient (GrpcClientProtocolClient.java:onNext(254)) - client-9C97446E6A25->2573df58-4087-4dd0-8598-5abddcc696b9: receive RaftClientReply:client-9C97446E6A25->2573df58-4087-4dd0-8598-5abddcc696b9@group-CE3C0447B19C, cid=600, SUCCESS, logIndex=1054, commits[2573df58-4087-4dd0-8598-5abddcc696b9:c1054]
2019-06-13 21:51:31,366 DEBUG block.SCMBlockDeletingService (SCMBlockDeletingService.java:call(138)) - Running DeletedBlockTransactionScanner
2019-06-13 21:51:31,367 DEBUG block.SCMBlockDeletingService (SCMBlockDeletingService.java:call(155)) - Scanned deleted blocks log and got 0 delTX to process.
2019-06-13 21:51:31,368 INFO  client.GrpcClientProtocolClient (GrpcClientProtocolClient.java:onNext(254)) - client-9C97446E6A25->2573df58-4087-4dd0-8598-5abddcc696b9: receive RaftClientReply:client-9C97446E6A25->2573df58-4087-4dd0-8598-5abddcc696b9@group-CE3C0447B19C, cid=601, SUCCESS, logIndex=1056, commits[2573df58-4087-4dd0-8598-5abddcc696b9:c1056]
2019-06-13 21:51:31,375 INFO  client.GrpcClientProtocolClient (GrpcClientProtocolClient.java:onNext(254)) - client-9C97446E6A25->2573df58-4087-4dd0-8598-5abddcc696b9: receive RaftClientReply:client-9C97446E6A25->2573df58-4087-4dd0-8598-5abddcc696b9@group-CE3C0447B19C, cid=602, SUCCESS, logIndex=1058, commits[2573df58-4087-4dd0-8598-5abddcc696b9:c1058]
2019-06-13 21:51:31,378 INFO  client.GrpcClientProtocolClient (GrpcClientProtocolClient.java:onNext(254)) - client-9C97446E6A25->2573df58-4087-4dd0-8598-5abddcc696b9: receive RaftClientReply:client-9C97446E6A25->2573df58-4087-4dd0-8598-5abddcc696b9@group-CE3C0447B19C, cid=603, SUCCESS, logIndex=1059, commits[2573df58-4087-4dd0-8598-5abddcc696b9:c1061]
2019-06-13 21:51:31,379 INFO  client.GrpcClientProtocolClient (GrpcClientProtocolClient.java:onNext(254)) - client-9C97446E6A25->2573df58-4087-4dd0-8598-5abddcc696b9: receive RaftClientReply:client-9C97446E6A25->2573df58-4087-4dd0-8598-5abddcc696b9@group-CE3C0447B19C, cid=604, SUCCESS, logIndex=1060, commits[2573df58-4087-4dd0-8598-5abddcc696b9:c1061]
2019-06-13 21:51:31,386 INFO  client.GrpcClientProtocolClient (GrpcClientProtocolClient.java:onNext(254)) - client-9C97446E6A25->2573df58-4087-4dd0-8598-5abddcc696b9: receive RaftClientReply:client-9C97446E6A25->2573df58-4087-4dd0-8598-5abddcc696b9@group-CE3C0447B19C, cid=605, SUCCESS, logIndex=1062, commits[2573df58-4087-4dd0-8598-5abddcc696b9:c1063]
2019-06-13 21:51:31,389 INFO  client.GrpcClientProtocolClient (GrpcClientProtocolClient.java:onNext(254)) - client-9C97446E6A25->2573df58-4087-4dd0-8598-5abddcc696b9: receive RaftClientReply:client-9C97446E6A25->2573df58-4087-4dd0-8598-5abddcc696b9@group-CE3C0447B19C, cid=606, SUCCESS, logIndex=1064, commits[2573df58-4087-4dd0-8598-5abddcc696b9:c1064]
2019-06-13 21:51:31,389 INFO  client.GrpcClientProtocolClient (GrpcClientProtocolClient.java:onNext(254)) - client-9C97446E6A25->2573df58-4087-4dd0-8598-5abddcc696b9: receive RaftClientReply:client-9C97446E6A25->2573df58-4087-4dd0-8598-5abddcc696b9@group-CE3C0447B19C, cid=607, SUCCESS, logIndex=1065, commits[2573df58-4087-4dd0-8598-5abddcc696b9:c1067]
2019-06-13 21:51:31,390 INFO  client.GrpcClientProtocolClient (GrpcClientProtocolClient.java:onNext(254)) - client-9C97446E6A25->2573df58-4087-4dd0-8598-5abddcc696b9: receive RaftClientReply:client-9C97446E6A25->2573df58-4087-4dd0-8598-5abddcc696b9@group-CE3C0447B19C, cid=608, SUCCESS, logIndex=1067, commits[2573df58-4087-4dd0-8598-5abddcc696b9:c1068]
2019-06-13 21:51:31,453 INFO  client.GrpcClientProtocolClient (GrpcClientProtocolClient.java:onNext(254)) - client-9C97446E6A25->2573df58-4087-4dd0-8598-5abddcc696b9: receive RaftClientReply:client-9C97446E6A25->2573df58-4087-4dd0-8598-5abddcc696b9@group-CE3C0447B19C, cid=609, SUCCESS, logIndex=1069, commits[2573df58-4087-4dd0-8598-5abddcc696b9:c1069]
2019-06-13 21:51:31,457 INFO  client.GrpcClientProtocolClient (GrpcClientProtocolClient.java:onNext(254)) - client-9C97446E6A25->2573df58-4087-4dd0-8598-5abddcc696b9: receive RaftClientReply:client-9C97446E6A25->2573df58-4087-4dd0-8598-5abddcc696b9@group-CE3C0447B19C, cid=610, SUCCESS, logIndex=1071, commits[2573df58-4087-4dd0-8598-5abddcc696b9:c1074]
2019-06-13 21:51:31,458 INFO  client.GrpcClientProtocolClient (GrpcClientProtocolClient.java:onNext(254)) - client-9C97446E6A25->2573df58-4087-4dd0-8598-5abddcc696b9: receive RaftClientReply:client-9C97446E6A25->2573df58-4087-4dd0-8598-5abddcc696b9@group-CE3C0447B19C, cid=611, SUCCESS, logIndex=1072, commits[2573df58-4087-4dd0-8598-5abddcc696b9:c1074]
2019-06-13 21:51:31,458 INFO  client.GrpcClientProtocolClient (GrpcClientProtocolClient.java:onNext(254)) - client-9C97446E6A25->2573df58-4087-4dd0-8598-5abddcc696b9: receive RaftClientReply:client-9C97446E6A25->2573df58-4087-4dd0-8598-5abddcc696b9@group-CE3C0447B19C, cid=612, SUCCESS, logIndex=1073, commits[2573df58-4087-4dd0-8598-5abddcc696b9:c1074]
2019-06-13 21:51:31,465 INFO  client.GrpcClientProtocolClient (GrpcClientProtocolClient.java:onNext(254)) - client-9C97446E6A25->2573df58-4087-4dd0-8598-5abddcc696b9: receive RaftClientReply:client-9C97446E6A25->2573df58-4087-4dd0-8598-5abddcc696b9@group-CE3C0447B19C, cid=613, SUCCESS, logIndex=1076, commits[2573df58-4087-4dd0-8598-5abddcc696b9:c1076]
2019-06-13 21:51:31,467 DEBUG block.SCMBlockDeletingService (SCMBlockDeletingService.java:call(138)) - Running DeletedBlockTransactionScanner
2019-06-13 21:51:31,467 DEBUG block.SCMBlockDeletingService (SCMBlockDeletingService.java:call(155)) - Scanned deleted blocks log and got 0 delTX to process.
2019-06-13 21:51:31,468 INFO  client.GrpcClientProtocolClient (GrpcClientProtocolClient.java:onNext(254)) - client-9C97446E6A25->2573df58-4087-4dd0-8598-5abddcc696b9: receive RaftClientReply:client-9C97446E6A25->2573df58-4087-4dd0-8598-5abddcc696b9@group-CE3C0447B19C, cid=614, SUCCESS, logIndex=1078, commits[2573df58-4087-4dd0-8598-5abddcc696b9:c1078]
2019-06-13 21:51:31,469 INFO  client.GrpcClientProtocolClient (GrpcClientProtocolClient.java:onNext(254)) - client-9C97446E6A25->2573df58-4087-4dd0-8598-5abddcc696b9: receive RaftClientReply:client-9C97446E6A25->2573df58-4087-4dd0-8598-5abddcc696b9@group-CE3C0447B19C, cid=615, SUCCESS, logIndex=1079, commits[2573df58-4087-4dd0-8598-5abddcc696b9:c1080]
2019-06-13 21:51:31,471 INFO  client.GrpcClientProtocolClient (GrpcClientProtocolClient.java:onNext(254)) - client-9C97446E6A25->2573df58-4087-4dd0-8598-5abddcc696b9: receive RaftClientReply:client-9C97446E6A25->2573df58-4087-4dd0-8598-5abddcc696b9@group-CE3C0447B19C, cid=616, SUCCESS, logIndex=1080, commits[2573df58-4087-4dd0-8598-5abddcc696b9:c1081]
2019-06-13 21:51:31,483 INFO  client.GrpcClientProtocolClient (GrpcClientProtocolClient.java:onNext(254)) - client-9C97446E6A25->2573df58-4087-4dd0-8598-5abddcc696b9: receive RaftClientReply:client-9C97446E6A25->2573df58-4087-4dd0-8598-5abddcc696b9@group-CE3C0447B19C, cid=617, SUCCESS, logIndex=1083, commits[2573df58-4087-4dd0-8598-5abddcc696b9:c1083]
2019-06-13 21:51:31,491 INFO  client.GrpcClientProtocolClient (GrpcClientProtocolClient.java:onNext(254)) - client-9C97446E6A25->2573df58-4087-4dd0-8598-5abddcc696b9: receive RaftClientReply:client-9C97446E6A25->2573df58-4087-4dd0-8598-5abddcc696b9@group-CE3C0447B19C, cid=618, SUCCESS, logIndex=1085, commits[2573df58-4087-4dd0-8598-5abddcc696b9:c1085]
2019-06-13 21:51:31,556 INFO  client.GrpcClientProtocolClient (GrpcClientProtocolClient.java:onNext(254)) - client-9C97446E6A25->2573df58-4087-4dd0-8598-5abddcc696b9: receive RaftClientReply:client-9C97446E6A25->2573df58-4087-4dd0-8598-5abddcc696b9@group-CE3C0447B19C, cid=619, SUCCESS, logIndex=1087, commits[2573df58-4087-4dd0-8598-5abddcc696b9:c1087]
2019-06-13 21:51:31,557 INFO  client.GrpcClientProtocolClient (GrpcClientProtocolClient.java:onNext(254)) - client-9C97446E6A25->2573df58-4087-4dd0-8598-5abddcc696b9: receive RaftClientReply:client-9C97446E6A25->2573df58-4087-4dd0-8598-5abddcc696b9@group-CE3C0447B19C, cid=620, SUCCESS, logIndex=1089, commits[2573df58-4087-4dd0-8598-5abddcc696b9:c1089]
2019-06-13 21:51:31,563 INFO  client.GrpcClientProtocolClient (GrpcClientProtocolClient.java:onNext(254)) - client-9C97446E6A25->2573df58-4087-4dd0-8598-5abddcc696b9: receive RaftClientReply:client-9C97446E6A25->2573df58-4087-4dd0-8598-5abddcc696b9@group-CE3C0447B19C, cid=621, SUCCESS, logIndex=1091, commits[2573df58-4087-4dd0-8598-5abddcc696b9:c1091]
2019-06-13 21:51:31,565 INFO  client.GrpcClientProtocolClient (GrpcClientProtocolClient.java:onNext(254)) - client-9C97446E6A25->2573df58-4087-4dd0-8598-5abddcc696b9: receive RaftClientReply:client-9C97446E6A25->2573df58-4087-4dd0-8598-5abddcc696b9@group-CE3C0447B19C, cid=622, SUCCESS, logIndex=1093, commits[2573df58-4087-4dd0-8598-5abddcc696b9:c1093]
2019-06-13 21:51:31,566 INFO  client.GrpcClientProtocolClient (GrpcClientProtocolClient.java:onNext(254)) - client-9C97446E6A25->2573df58-4087-4dd0-8598-5abddcc696b9: receive RaftClientReply:client-9C97446E6A25->2573df58-4087-4dd0-8598-5abddcc696b9@group-CE3C0447B19C, cid=623, SUCCESS, logIndex=1094, commits[2573df58-4087-4dd0-8598-5abddcc696b9:c1095]
2019-06-13 21:51:31,567 DEBUG block.SCMBlockDeletingService (SCMBlockDeletingService.java:call(138)) - Running DeletedBlockTransactionScanner
2019-06-13 21:51:31,568 DEBUG block.SCMBlockDeletingService (SCMBlockDeletingService.java:call(155)) - Scanned deleted blocks log and got 0 delTX to process.
2019-06-13 21:51:31,568 INFO  client.GrpcClientProtocolClient (GrpcClientProtocolClient.java:onNext(254)) - client-9C97446E6A25->2573df58-4087-4dd0-8598-5abddcc696b9: receive RaftClientReply:client-9C97446E6A25->2573df58-4087-4dd0-8598-5abddcc696b9@group-CE3C0447B19C, cid=624, SUCCESS, logIndex=1096, commits[2573df58-4087-4dd0-8598-5abddcc696b9:c1096]
2019-06-13 21:51:31,580 INFO  client.GrpcClientProtocolClient (GrpcClientProtocolClient.java:onNext(254)) - client-9C97446E6A25->2573df58-4087-4dd0-8598-5abddcc696b9: receive RaftClientReply:client-9C97446E6A25->2573df58-4087-4dd0-8598-5abddcc696b9@group-CE3C0447B19C, cid=625, SUCCESS, logIndex=1098, commits[2573df58-4087-4dd0-8598-5abddcc696b9:c1098]
2019-06-13 21:51:31,581 INFO  client.GrpcClientProtocolClient (GrpcClientProtocolClient.java:onNext(254)) - client-9C97446E6A25->2573df58-4087-4dd0-8598-5abddcc696b9: receive RaftClientReply:client-9C97446E6A25->2573df58-4087-4dd0-8598-5abddcc696b9@group-CE3C0447B19C, cid=626, SUCCESS, logIndex=1100, commits[2573df58-4087-4dd0-8598-5abddcc696b9:c1100]
2019-06-13 21:51:31,584 INFO  client.GrpcClientProtocolClient (GrpcClientProtocolClient.java:onNext(254)) - client-9C97446E6A25->2573df58-4087-4dd0-8598-5abddcc696b9: receive RaftClientReply:client-9C97446E6A25->2573df58-4087-4dd0-8598-5abddcc696b9@group-CE3C0447B19C, cid=627, SUCCESS, logIndex=1102, commits[2573df58-4087-4dd0-8598-5abddcc696b9:c1103]
2019-06-13 21:51:31,585 INFO  client.GrpcClientProtocolClient (GrpcClientProtocolClient.java:onNext(254)) - client-9C97446E6A25->2573df58-4087-4dd0-8598-5abddcc696b9: receive RaftClientReply:client-9C97446E6A25->2573df58-4087-4dd0-8598-5abddcc696b9@group-CE3C0447B19C, cid=628, SUCCESS, logIndex=1103, commits[2573df58-4087-4dd0-8598-5abddcc696b9:c1103]
2019-06-13 21:51:31,591 INFO  client.GrpcClientProtocolClient (GrpcClientProtocolClient.java:onNext(254)) - client-9C97446E6A25->2573df58-4087-4dd0-8598-5abddcc696b9: receive RaftClientReply:client-9C97446E6A25->2573df58-4087-4dd0-8598-5abddcc696b9@group-CE3C0447B19C, cid=629, SUCCESS, logIndex=1105, commits[2573df58-4087-4dd0-8598-5abddcc696b9:c1105]
2019-06-13 21:51:31,593 INFO  client.GrpcClientProtocolClient (GrpcClientProtocolClient.java:onNext(254)) - client-9C97446E6A25->2573df58-4087-4dd0-8598-5abddcc696b9: receive RaftClientReply:client-9C97446E6A25->2573df58-4087-4dd0-8598-5abddcc696b9@group-CE3C0447B19C, cid=630, SUCCESS, logIndex=1107, commits[2573df58-4087-4dd0-8598-5abddcc696b9:c1107]
2019-06-13 21:51:31,594 INFO  client.GrpcClientProtocolClient (GrpcClientProtocolClient.java:onNext(254)) - client-9C97446E6A25->2573df58-4087-4dd0-8598-5abddcc696b9: receive RaftClientReply:client-9C97446E6A25->2573df58-4087-4dd0-8598-5abddcc696b9@group-CE3C0447B19C, cid=631, SUCCESS, logIndex=1108, commits[2573df58-4087-4dd0-8598-5abddcc696b9:c1110]
2019-06-13 21:51:31,595 INFO  client.GrpcClientProtocolClient (GrpcClientProtocolClient.java:onNext(254)) - client-9C97446E6A25->2573df58-4087-4dd0-8598-5abddcc696b9: receive RaftClientReply:client-9C97446E6A25->2573df58-4087-4dd0-8598-5abddcc696b9@group-CE3C0447B19C, cid=632, SUCCESS, logIndex=1109, commits[2573df58-4087-4dd0-8598-5abddcc696b9:c1110]
2019-06-13 21:51:31,605 INFO  client.GrpcClientProtocolClient (GrpcClientProtocolClient.java:onNext(254)) - client-9C97446E6A25->2573df58-4087-4dd0-8598-5abddcc696b9: receive RaftClientReply:client-9C97446E6A25->2573df58-4087-4dd0-8598-5abddcc696b9@group-CE3C0447B19C, cid=633, SUCCESS, logIndex=1111, commits[2573df58-4087-4dd0-8598-5abddcc696b9:c1111]
2019-06-13 21:51:31,609 INFO  client.GrpcClientProtocolClient (GrpcClientProtocolClient.java:onNext(254)) - client-9C97446E6A25->2573df58-4087-4dd0-8598-5abddcc696b9: receive RaftClientReply:client-9C97446E6A25->2573df58-4087-4dd0-8598-5abddcc696b9@group-CE3C0447B19C, cid=634, SUCCESS, logIndex=1113, commits[2573df58-4087-4dd0-8598-5abddcc696b9:c1115]
2019-06-13 21:51:31,609 INFO  client.GrpcClientProtocolClient (GrpcClientProtocolClient.java:onNext(254)) - client-9C97446E6A25->2573df58-4087-4dd0-8598-5abddcc696b9: receive RaftClientReply:client-9C97446E6A25->2573df58-4087-4dd0-8598-5abddcc696b9@group-CE3C0447B19C, cid=635, SUCCESS, logIndex=1114, commits[2573df58-4087-4dd0-8598-5abddcc696b9:c1116]
2019-06-13 21:51:31,609 INFO  client.GrpcClientProtocolClient (GrpcClientProtocolClient.java:onNext(254)) - client-9C97446E6A25->2573df58-4087-4dd0-8598-5abddcc696b9: receive RaftClientReply:client-9C97446E6A25->2573df58-4087-4dd0-8598-5abddcc696b9@group-CE3C0447B19C, cid=636, SUCCESS, logIndex=1115, commits[2573df58-4087-4dd0-8598-5abddcc696b9:c1116]
2019-06-13 21:51:31,616 INFO  client.GrpcClientProtocolClient (GrpcClientProtocolClient.java:onNext(254)) - client-9C97446E6A25->2573df58-4087-4dd0-8598-5abddcc696b9: receive RaftClientReply:client-9C97446E6A25->2573df58-4087-4dd0-8598-5abddcc696b9@group-CE3C0447B19C, cid=637, SUCCESS, logIndex=1117, commits[2573df58-4087-4dd0-8598-5abddcc696b9:c1117]
2019-06-13 21:51:31,619 INFO  client.GrpcClientProtocolClient (GrpcClientProtocolClient.java:onNext(254)) - client-9C97446E6A25->2573df58-4087-4dd0-8598-5abddcc696b9: receive RaftClientReply:client-9C97446E6A25->2573df58-4087-4dd0-8598-5abddcc696b9@group-CE3C0447B19C, cid=638, SUCCESS, logIndex=1119, commits[2573df58-4087-4dd0-8598-5abddcc696b9:c1119]
2019-06-13 21:51:31,619 INFO  client.GrpcClientProtocolClient (GrpcClientProtocolClient.java:onNext(254)) - client-9C97446E6A25->2573df58-4087-4dd0-8598-5abddcc696b9: receive RaftClientReply:client-9C97446E6A25->2573df58-4087-4dd0-8598-5abddcc696b9@group-CE3C0447B19C, cid=639, SUCCESS, logIndex=1120, commits[2573df58-4087-4dd0-8598-5abddcc696b9:c1120]
2019-06-13 21:51:31,621 INFO  client.GrpcClientProtocolClient (GrpcClientProtocolClient.java:onNext(254)) - client-9C97446E6A25->2573df58-4087-4dd0-8598-5abddcc696b9: receive RaftClientReply:client-9C97446E6A25->2573df58-4087-4dd0-8598-5abddcc696b9@group-CE3C0447B19C, cid=640, SUCCESS, logIndex=1123, commits[2573df58-4087-4dd0-8598-5abddcc696b9:c1123]
2019-06-13 21:51:31,634 INFO  client.GrpcClientProtocolClient (GrpcClientProtocolClient.java:onNext(254)) - client-9C97446E6A25->2573df58-4087-4dd0-8598-5abddcc696b9: receive RaftClientReply:client-9C97446E6A25->2573df58-4087-4dd0-8598-5abddcc696b9@group-CE3C0447B19C, cid=641, SUCCESS, logIndex=1125, commits[2573df58-4087-4dd0-8598-5abddcc696b9:c1125]
2019-06-13 21:51:31,634 INFO  storage.RaftLogWorker (RaftLogWorker.java:rollLogSegment(303)) - 2573df58-4087-4dd0-8598-5abddcc696b9-RaftLogWorker: Rolling segment log-1054_1127 to index:1127
2019-06-13 21:51:31,635 INFO  storage.RaftLogWorker (RaftLogWorker.java:execute(433)) - 2573df58-4087-4dd0-8598-5abddcc696b9-RaftLogWorker: Rolled log segment from /opt/src/hadoop-ozone/integration-test/target/test-dir/MiniOzoneClusterImpl-8578056e-9b7b-4e66-9e9f-ef53d5cd7c03/datanode-0/data/ratis/7f5c2536-ed89-4233-9ec0-ce3c0447b19c/current/log_inprogress_1054 to /opt/src/hadoop-ozone/integration-test/target/test-dir/MiniOzoneClusterImpl-8578056e-9b7b-4e66-9e9f-ef53d5cd7c03/datanode-0/data/ratis/7f5c2536-ed89-4233-9ec0-ce3c0447b19c/current/log_1054-1127
2019-06-13 21:51:31,638 INFO  client.GrpcClientProtocolClient (GrpcClientProtocolClient.java:onNext(254)) - client-9C97446E6A25->2573df58-4087-4dd0-8598-5abddcc696b9: receive RaftClientReply:client-9C97446E6A25->2573df58-4087-4dd0-8598-5abddcc696b9@group-CE3C0447B19C, cid=642, SUCCESS, logIndex=1127, commits[2573df58-4087-4dd0-8598-5abddcc696b9:c1127]
2019-06-13 21:51:31,668 DEBUG block.SCMBlockDeletingService (SCMBlockDeletingService.java:call(138)) - Running DeletedBlockTransactionScanner
2019-06-13 21:51:31,673 DEBUG block.SCMBlockDeletingService (SCMBlockDeletingService.java:call(155)) - Scanned deleted blocks log and got 0 delTX to process.
2019-06-13 21:51:31,675 INFO  storage.RaftLogWorker (RaftLogWorker.java:execute(469)) - 2573df58-4087-4dd0-8598-5abddcc696b9-RaftLogWorker: created new log segment /opt/src/hadoop-ozone/integration-test/target/test-dir/MiniOzoneClusterImpl-8578056e-9b7b-4e66-9e9f-ef53d5cd7c03/datanode-0/data/ratis/7f5c2536-ed89-4233-9ec0-ce3c0447b19c/current/log_inprogress_1128
2019-06-13 21:51:31,677 INFO  client.GrpcClientProtocolClient (GrpcClientProtocolClient.java:onNext(254)) - client-9C97446E6A25->2573df58-4087-4dd0-8598-5abddcc696b9: receive RaftClientReply:client-9C97446E6A25->2573df58-4087-4dd0-8598-5abddcc696b9@group-CE3C0447B19C, cid=643, SUCCESS, logIndex=1128, commits[2573df58-4087-4dd0-8598-5abddcc696b9:c1129]
2019-06-13 21:51:31,678 INFO  client.GrpcClientProtocolClient (GrpcClientProtocolClient.java:onNext(254)) - client-9C97446E6A25->2573df58-4087-4dd0-8598-5abddcc696b9: receive RaftClientReply:client-9C97446E6A25->2573df58-4087-4dd0-8598-5abddcc696b9@group-CE3C0447B19C, cid=644, SUCCESS, logIndex=1130, commits[2573df58-4087-4dd0-8598-5abddcc696b9:c1130]
2019-06-13 21:51:31,685 INFO  client.GrpcClientProtocolClient (GrpcClientProtocolClient.java:onNext(254)) - client-9C97446E6A25->2573df58-4087-4dd0-8598-5abddcc696b9: receive RaftClientReply:client-9C97446E6A25->2573df58-4087-4dd0-8598-5abddcc696b9@group-CE3C0447B19C, cid=645, SUCCESS, logIndex=1132, commits[2573df58-4087-4dd0-8598-5abddcc696b9:c1132]
2019-06-13 21:51:31,688 INFO  client.GrpcClientProtocolClient (GrpcClientProtocolClient.java:onNext(254)) - client-9C97446E6A25->2573df58-4087-4dd0-8598-5abddcc696b9: receive RaftClientReply:client-9C97446E6A25->2573df58-4087-4dd0-8598-5abddcc696b9@group-CE3C0447B19C, cid=646, SUCCESS, logIndex=1134, commits[2573df58-4087-4dd0-8598-5abddcc696b9:c1134]
2019-06-13 21:51:31,688 INFO  client.GrpcClientProtocolClient (GrpcClientProtocolClient.java:onNext(254)) - client-9C97446E6A25->2573df58-4087-4dd0-8598-5abddcc696b9: receive RaftClientReply:client-9C97446E6A25->2573df58-4087-4dd0-8598-5abddcc696b9@group-CE3C0447B19C, cid=647, SUCCESS, logIndex=1135, commits[2573df58-4087-4dd0-8598-5abddcc696b9:c1136]
2019-06-13 21:51:31,688 INFO  client.GrpcClientProtocolClient (GrpcClientProtocolClient.java:onNext(254)) - client-9C97446E6A25->2573df58-4087-4dd0-8598-5abddcc696b9: receive RaftClientReply:client-9C97446E6A25->2573df58-4087-4dd0-8598-5abddcc696b9@group-CE3C0447B19C, cid=648, SUCCESS, logIndex=1136, commits[2573df58-4087-4dd0-8598-5abddcc696b9:c1136]
2019-06-13 21:51:31,698 INFO  client.GrpcClientProtocolClient (GrpcClientProtocolClient.java:onNext(254)) - client-9C97446E6A25->2573df58-4087-4dd0-8598-5abddcc696b9: receive RaftClientReply:client-9C97446E6A25->2573df58-4087-4dd0-8598-5abddcc696b9@group-CE3C0447B19C, cid=649, SUCCESS, logIndex=1139, commits[2573df58-4087-4dd0-8598-5abddcc696b9:c1139]
2019-06-13 21:51:31,701 INFO  client.GrpcClientProtocolClient (GrpcClientProtocolClient.java:onNext(254)) - client-9C97446E6A25->2573df58-4087-4dd0-8598-5abddcc696b9: receive RaftClientReply:client-9C97446E6A25->2573df58-4087-4dd0-8598-5abddcc696b9@group-CE3C0447B19C, cid=650, SUCCESS, logIndex=1141, commits[2573df58-4087-4dd0-8598-5abddcc696b9:c1141]
2019-06-13 21:51:31,701 INFO  client.GrpcClientProtocolClient (GrpcClientProtocolClient.java:onNext(254)) - client-9C97446E6A25->2573df58-4087-4dd0-8598-5abddcc696b9: receive RaftClientReply:client-9C97446E6A25->2573df58-4087-4dd0-8598-5abddcc696b9@group-CE3C0447B19C, cid=651, SUCCESS, logIndex=1142, commits[2573df58-4087-4dd0-8598-5abddcc696b9:c1143]
2019-06-13 21:51:31,701 INFO  client.GrpcClientProtocolClient (GrpcClientProtocolClient.java:onNext(254)) - client-9C97446E6A25->2573df58-4087-4dd0-8598-5abddcc696b9: receive RaftClientReply:client-9C97446E6A25->2573df58-4087-4dd0-8598-5abddcc696b9@group-CE3C0447B19C, cid=652, SUCCESS, logIndex=1143, commits[2573df58-4087-4dd0-8598-5abddcc696b9:c1143]
2019-06-13 21:51:31,708 INFO  client.GrpcClientProtocolClient (GrpcClientProtocolClient.java:onNext(254)) - client-9C97446E6A25->2573df58-4087-4dd0-8598-5abddcc696b9: receive RaftClientReply:client-9C97446E6A25->2573df58-4087-4dd0-8598-5abddcc696b9@group-CE3C0447B19C, cid=653, SUCCESS, logIndex=1146, commits[2573df58-4087-4dd0-8598-5abddcc696b9:c1146]
2019-06-13 21:51:31,709 INFO  client.GrpcClientProtocolClient (GrpcClientProtocolClient.java:onNext(254)) - client-9C97446E6A25->2573df58-4087-4dd0-8598-5abddcc696b9: receive RaftClientReply:client-9C97446E6A25->2573df58-4087-4dd0-8598-5abddcc696b9@group-CE3C0447B19C, cid=654, SUCCESS, logIndex=1148, commits[2573df58-4087-4dd0-8598-5abddcc696b9:c1148]
2019-06-13 21:51:31,712 INFO  client.GrpcClientProtocolClient (GrpcClientProtocolClient.java:onNext(254)) - client-9C97446E6A25->2573df58-4087-4dd0-8598-5abddcc696b9: receive RaftClientReply:client-9C97446E6A25->2573df58-4087-4dd0-8598-5abddcc696b9@group-CE3C0447B19C, cid=655, SUCCESS, logIndex=1150, commits[2573df58-4087-4dd0-8598-5abddcc696b9:c1151]
2019-06-13 21:51:31,712 INFO  client.GrpcClientProtocolClient (GrpcClientProtocolClient.java:onNext(254)) - client-9C97446E6A25->2573df58-4087-4dd0-8598-5abddcc696b9: receive RaftClientReply:client-9C97446E6A25->2573df58-4087-4dd0-8598-5abddcc696b9@group-CE3C0447B19C, cid=656, SUCCESS, logIndex=1151, commits[2573df58-4087-4dd0-8598-5abddcc696b9:c1152]
2019-06-13 21:51:31,722 INFO  client.GrpcClientProtocolClient (GrpcClientProtocolClient.java:onNext(254)) - client-9C97446E6A25->2573df58-4087-4dd0-8598-5abddcc696b9: receive RaftClientReply:client-9C97446E6A25->2573df58-4087-4dd0-8598-5abddcc696b9@group-CE3C0447B19C, cid=657, SUCCESS, logIndex=1153, commits[2573df58-4087-4dd0-8598-5abddcc696b9:c1153]
2019-06-13 21:51:31,724 INFO  client.GrpcClientProtocolClient (GrpcClientProtocolClient.java:onNext(254)) - client-9C97446E6A25->2573df58-4087-4dd0-8598-5abddcc696b9: receive RaftClientReply:client-9C97446E6A25->2573df58-4087-4dd0-8598-5abddcc696b9@group-CE3C0447B19C, cid=658, SUCCESS, logIndex=1155, commits[2573df58-4087-4dd0-8598-5abddcc696b9:c1155]
2019-06-13 21:51:31,724 INFO  client.GrpcClientProtocolClient (GrpcClientProtocolClient.java:onNext(254)) - client-9C97446E6A25->2573df58-4087-4dd0-8598-5abddcc696b9: receive RaftClientReply:client-9C97446E6A25->2573df58-4087-4dd0-8598-5abddcc696b9@group-CE3C0447B19C, cid=659, SUCCESS, logIndex=1156, commits[2573df58-4087-4dd0-8598-5abddcc696b9:c1158]
2019-06-13 21:51:31,725 INFO  client.GrpcClientProtocolClient (GrpcClientProtocolClient.java:onNext(254)) - client-9C97446E6A25->2573df58-4087-4dd0-8598-5abddcc696b9: receive RaftClientReply:client-9C97446E6A25->2573df58-4087-4dd0-8598-5abddcc696b9@group-CE3C0447B19C, cid=660, SUCCESS, logIndex=1157, commits[2573df58-4087-4dd0-8598-5abddcc696b9:c1158]
2019-06-13 21:51:31,731 INFO  client.GrpcClientProtocolClient (GrpcClientProtocolClient.java:onNext(254)) - client-9C97446E6A25->2573df58-4087-4dd0-8598-5abddcc696b9: receive RaftClientReply:client-9C97446E6A25->2573df58-4087-4dd0-8598-5abddcc696b9@group-CE3C0447B19C, cid=661, SUCCESS, logIndex=1159, commits[2573df58-4087-4dd0-8598-5abddcc696b9:c1159]
2019-06-13 21:51:31,733 INFO  client.GrpcClientProtocolClient (GrpcClientProtocolClient.java:onNext(254)) - client-9C97446E6A25->2573df58-4087-4dd0-8598-5abddcc696b9: receive RaftClientReply:client-9C97446E6A25->2573df58-4087-4dd0-8598-5abddcc696b9@group-CE3C0447B19C, cid=662, SUCCESS, logIndex=1161, commits[2573df58-4087-4dd0-8598-5abddcc696b9:c1161]
2019-06-13 21:51:31,773 DEBUG block.SCMBlockDeletingService (SCMBlockDeletingService.java:call(138)) - Running DeletedBlockTransactionScanner
2019-06-13 21:51:31,773 DEBUG block.SCMBlockDeletingService (SCMBlockDeletingService.java:call(155)) - Scanned deleted blocks log and got 0 delTX to process.
2019-06-13 21:51:31,802 INFO  client.GrpcClientProtocolClient (GrpcClientProtocolClient.java:onNext(254)) - client-9C97446E6A25->2573df58-4087-4dd0-8598-5abddcc696b9: receive RaftClientReply:client-9C97446E6A25->2573df58-4087-4dd0-8598-5abddcc696b9@group-CE3C0447B19C, cid=663, SUCCESS, logIndex=1163, commits[2573df58-4087-4dd0-8598-5abddcc696b9:c1163]
2019-06-13 21:51:31,803 INFO  client.GrpcClientProtocolClient (GrpcClientProtocolClient.java:onNext(254)) - client-9C97446E6A25->2573df58-4087-4dd0-8598-5abddcc696b9: receive RaftClientReply:client-9C97446E6A25->2573df58-4087-4dd0-8598-5abddcc696b9@group-CE3C0447B19C, cid=664, SUCCESS, logIndex=1165, commits[2573df58-4087-4dd0-8598-5abddcc696b9:c1165]
2019-06-13 21:51:31,815 INFO  client.GrpcClientProtocolClient (GrpcClientProtocolClient.java:onNext(254)) - client-9C97446E6A25->2573df58-4087-4dd0-8598-5abddcc696b9: receive RaftClientReply:client-9C97446E6A25->2573df58-4087-4dd0-8598-5abddcc696b9@group-CE3C0447B19C, cid=665, SUCCESS, logIndex=1167, commits[2573df58-4087-4dd0-8598-5abddcc696b9:c1167]
2019-06-13 21:51:31,818 INFO  client.GrpcClientProtocolClient (GrpcClientProtocolClient.java:onNext(254)) - client-9C97446E6A25->2573df58-4087-4dd0-8598-5abddcc696b9: receive RaftClientReply:client-9C97446E6A25->2573df58-4087-4dd0-8598-5abddcc696b9@group-CE3C0447B19C, cid=666, SUCCESS, logIndex=1169, commits[2573df58-4087-4dd0-8598-5abddcc696b9:c1169]
2019-06-13 21:51:31,818 INFO  client.GrpcClientProtocolClient (GrpcClientProtocolClient.java:onNext(254)) - client-9C97446E6A25->2573df58-4087-4dd0-8598-5abddcc696b9: receive RaftClientReply:client-9C97446E6A25->2573df58-4087-4dd0-8598-5abddcc696b9@group-CE3C0447B19C, cid=667, SUCCESS, logIndex=1170, commits[2573df58-4087-4dd0-8598-5abddcc696b9:c1171]
2019-06-13 21:51:31,819 INFO  client.GrpcClientProtocolClient (GrpcClientProtocolClient.java:onNext(254)) - client-9C97446E6A25->2573df58-4087-4dd0-8598-5abddcc696b9: receive RaftClientReply:client-9C97446E6A25->2573df58-4087-4dd0-8598-5abddcc696b9@group-CE3C0447B19C, cid=668, SUCCESS, logIndex=1171, commits[2573df58-4087-4dd0-8598-5abddcc696b9:c1171]
2019-06-13 21:51:31,826 INFO  client.GrpcClientProtocolClient (GrpcClientProtocolClient.java:onNext(254)) - client-9C97446E6A25->2573df58-4087-4dd0-8598-5abddcc696b9: receive RaftClientReply:client-9C97446E6A25->2573df58-4087-4dd0-8598-5abddcc696b9@group-CE3C0447B19C, cid=669, SUCCESS, logIndex=1174, commits[2573df58-4087-4dd0-8598-5abddcc696b9:c1174]
2019-06-13 21:51:31,829 INFO  client.GrpcClientProtocolClient (GrpcClientProtocolClient.java:onNext(254)) - client-9C97446E6A25->2573df58-4087-4dd0-8598-5abddcc696b9: receive RaftClientReply:client-9C97446E6A25->2573df58-4087-4dd0-8598-5abddcc696b9@group-CE3C0447B19C, cid=670, SUCCESS, logIndex=1176, commits[2573df58-4087-4dd0-8598-5abddcc696b9:c1176]
2019-06-13 21:51:31,830 INFO  client.GrpcClientProtocolClient (GrpcClientProtocolClient.java:onNext(254)) - client-9C97446E6A25->2573df58-4087-4dd0-8598-5abddcc696b9: receive RaftClientReply:client-9C97446E6A25->2573df58-4087-4dd0-8598-5abddcc696b9@group-CE3C0447B19C, cid=671, SUCCESS, logIndex=1177, commits[2573df58-4087-4dd0-8598-5abddcc696b9:c1179]
2019-06-13 21:51:31,863 INFO  client.GrpcClientProtocolClient (GrpcClientProtocolClient.java:onNext(254)) - client-9C97446E6A25->2573df58-4087-4dd0-8598-5abddcc696b9: receive RaftClientReply:client-9C97446E6A25->2573df58-4087-4dd0-8598-5abddcc696b9@group-CE3C0447B19C, cid=672, SUCCESS, logIndex=1179, commits[2573df58-4087-4dd0-8598-5abddcc696b9:c1179]
2019-06-13 21:51:31,873 DEBUG block.SCMBlockDeletingService (SCMBlockDeletingService.java:call(138)) - Running DeletedBlockTransactionScanner
2019-06-13 21:51:31,874 DEBUG block.SCMBlockDeletingService (SCMBlockDeletingService.java:call(155)) - Scanned deleted blocks log and got 0 delTX to process.
2019-06-13 21:51:31,875 INFO  client.GrpcClientProtocolClient (GrpcClientProtocolClient.java:onNext(254)) - client-9C97446E6A25->2573df58-4087-4dd0-8598-5abddcc696b9: receive RaftClientReply:client-9C97446E6A25->2573df58-4087-4dd0-8598-5abddcc696b9@group-CE3C0447B19C, cid=673, SUCCESS, logIndex=1181, commits[2573df58-4087-4dd0-8598-5abddcc696b9:c1181]
2019-06-13 21:51:31,876 INFO  client.GrpcClientProtocolClient (GrpcClientProtocolClient.java:onNext(254)) - client-9C97446E6A25->2573df58-4087-4dd0-8598-5abddcc696b9: receive RaftClientReply:client-9C97446E6A25->2573df58-4087-4dd0-8598-5abddcc696b9@group-CE3C0447B19C, cid=674, SUCCESS, logIndex=1183, commits[2573df58-4087-4dd0-8598-5abddcc696b9:c1183]
2019-06-13 21:51:31,878 INFO  client.GrpcClientProtocolClient (GrpcClientProtocolClient.java:onNext(254)) - client-9C97446E6A25->2573df58-4087-4dd0-8598-5abddcc696b9: receive RaftClientReply:client-9C97446E6A25->2573df58-4087-4dd0-8598-5abddcc696b9@group-CE3C0447B19C, cid=675, SUCCESS, logIndex=1184, commits[2573df58-4087-4dd0-8598-5abddcc696b9:c1186]
2019-06-13 21:51:31,878 INFO  client.GrpcClientProtocolClient (GrpcClientProtocolClient.java:onNext(254)) - client-9C97446E6A25->2573df58-4087-4dd0-8598-5abddcc696b9: receive RaftClientReply:client-9C97446E6A25->2573df58-4087-4dd0-8598-5abddcc696b9@group-CE3C0447B19C, cid=676, SUCCESS, logIndex=1186, commits[2573df58-4087-4dd0-8598-5abddcc696b9:c1186]
2019-06-13 21:51:31,885 INFO  client.GrpcClientProtocolClient (GrpcClientProtocolClient.java:onNext(254)) - client-9C97446E6A25->2573df58-4087-4dd0-8598-5abddcc696b9: receive RaftClientReply:client-9C97446E6A25->2573df58-4087-4dd0-8598-5abddcc696b9@group-CE3C0447B19C, cid=677, SUCCESS, logIndex=1188, commits[2573df58-4087-4dd0-8598-5abddcc696b9:c1188]
2019-06-13 21:51:31,887 INFO  client.GrpcClientProtocolClient (GrpcClientProtocolClient.java:onNext(254)) - client-9C97446E6A25->2573df58-4087-4dd0-8598-5abddcc696b9: receive RaftClientReply:client-9C97446E6A25->2573df58-4087-4dd0-8598-5abddcc696b9@group-CE3C0447B19C, cid=678, SUCCESS, logIndex=1190, commits[2573df58-4087-4dd0-8598-5abddcc696b9:c1190]
2019-06-13 21:51:31,887 INFO  client.GrpcClientProtocolClient (GrpcClientProtocolClient.java:onNext(254)) - client-9C97446E6A25->2573df58-4087-4dd0-8598-5abddcc696b9: receive RaftClientReply:client-9C97446E6A25->2573df58-4087-4dd0-8598-5abddcc696b9@group-CE3C0447B19C, cid=679, SUCCESS, logIndex=1191, commits[2573df58-4087-4dd0-8598-5abddcc696b9:c1193]
2019-06-13 21:51:31,888 INFO  client.GrpcClientProtocolClient (GrpcClientProtocolClient.java:onNext(254)) - client-9C97446E6A25->2573df58-4087-4dd0-8598-5abddcc696b9: receive RaftClientReply:client-9C97446E6A25->2573df58-4087-4dd0-8598-5abddcc696b9@group-CE3C0447B19C, cid=680, SUCCESS, logIndex=1192, commits[2573df58-4087-4dd0-8598-5abddcc696b9:c1193]
2019-06-13 21:51:31,898 INFO  client.GrpcClientProtocolClient (GrpcClientProtocolClient.java:onNext(254)) - client-9C97446E6A25->2573df58-4087-4dd0-8598-5abddcc696b9: receive RaftClientReply:client-9C97446E6A25->2573df58-4087-4dd0-8598-5abddcc696b9@group-CE3C0447B19C, cid=681, SUCCESS, logIndex=1194, commits[2573df58-4087-4dd0-8598-5abddcc696b9:c1194]
2019-06-13 21:51:31,903 INFO  client.GrpcClientProtocolClient (GrpcClientProtocolClient.java:onNext(254)) - client-9C97446E6A25->2573df58-4087-4dd0-8598-5abddcc696b9: receive RaftClientReply:client-9C97446E6A25->2573df58-4087-4dd0-8598-5abddcc696b9@group-CE3C0447B19C, cid=682, SUCCESS, logIndex=1196, commits[2573df58-4087-4dd0-8598-5abddcc696b9:c1197]
2019-06-13 21:51:31,907 INFO  client.GrpcClientProtocolClient (GrpcClientProtocolClient.java:onNext(254)) - client-9C97446E6A25->2573df58-4087-4dd0-8598-5abddcc696b9: receive RaftClientReply:client-9C97446E6A25->2573df58-4087-4dd0-8598-5abddcc696b9@group-CE3C0447B19C, cid=683, SUCCESS, logIndex=1197, commits[2573df58-4087-4dd0-8598-5abddcc696b9:c1197]
2019-06-13 21:51:31,908 INFO  client.GrpcClientProtocolClient (GrpcClientProtocolClient.java:onNext(254)) - client-9C97446E6A25->2573df58-4087-4dd0-8598-5abddcc696b9: receive RaftClientReply:client-9C97446E6A25->2573df58-4087-4dd0-8598-5abddcc696b9@group-CE3C0447B19C, cid=684, SUCCESS, logIndex=1199, commits[2573df58-4087-4dd0-8598-5abddcc696b9:c1200]
2019-06-13 21:51:31,915 INFO  client.GrpcClientProtocolClient (GrpcClientProtocolClient.java:onNext(254)) - client-9C97446E6A25->2573df58-4087-4dd0-8598-5abddcc696b9: receive RaftClientReply:client-9C97446E6A25->2573df58-4087-4dd0-8598-5abddcc696b9@group-CE3C0447B19C, cid=685, SUCCESS, logIndex=1201, commits[2573df58-4087-4dd0-8598-5abddcc696b9:c1201]
2019-06-13 21:51:31,915 INFO  storage.RaftLogWorker (RaftLogWorker.java:rollLogSegment(303)) - 2573df58-4087-4dd0-8598-5abddcc696b9-RaftLogWorker: Rolling segment log-1128_1202 to index:1202
2019-06-13 21:51:31,916 INFO  storage.RaftLogWorker (RaftLogWorker.java:execute(433)) - 2573df58-4087-4dd0-8598-5abddcc696b9-RaftLogWorker: Rolled log segment from /opt/src/hadoop-ozone/integration-test/target/test-dir/MiniOzoneClusterImpl-8578056e-9b7b-4e66-9e9f-ef53d5cd7c03/datanode-0/data/ratis/7f5c2536-ed89-4233-9ec0-ce3c0447b19c/current/log_inprogress_1128 to /opt/src/hadoop-ozone/integration-test/target/test-dir/MiniOzoneClusterImpl-8578056e-9b7b-4e66-9e9f-ef53d5cd7c03/datanode-0/data/ratis/7f5c2536-ed89-4233-9ec0-ce3c0447b19c/current/log_1128-1202
2019-06-13 21:51:31,956 INFO  storage.RaftLogWorker (RaftLogWorker.java:execute(469)) - 2573df58-4087-4dd0-8598-5abddcc696b9-RaftLogWorker: created new log segment /opt/src/hadoop-ozone/integration-test/target/test-dir/MiniOzoneClusterImpl-8578056e-9b7b-4e66-9e9f-ef53d5cd7c03/datanode-0/data/ratis/7f5c2536-ed89-4233-9ec0-ce3c0447b19c/current/log_inprogress_1203
2019-06-13 21:51:31,958 INFO  client.GrpcClientProtocolClient (GrpcClientProtocolClient.java:onNext(254)) - client-9C97446E6A25->2573df58-4087-4dd0-8598-5abddcc696b9: receive RaftClientReply:client-9C97446E6A25->2573df58-4087-4dd0-8598-5abddcc696b9@group-CE3C0447B19C, cid=686, SUCCESS, logIndex=1203, commits[2573df58-4087-4dd0-8598-5abddcc696b9:c1205]
2019-06-13 21:51:31,964 INFO  client.GrpcClientProtocolClient (GrpcClientProtocolClient.java:onNext(254)) - client-9C97446E6A25->2573df58-4087-4dd0-8598-5abddcc696b9: receive RaftClientReply:client-9C97446E6A25->2573df58-4087-4dd0-8598-5abddcc696b9@group-CE3C0447B19C, cid=687, SUCCESS, logIndex=1204, commits[2573df58-4087-4dd0-8598-5abddcc696b9:c1205]
2019-06-13 21:51:31,964 INFO  client.GrpcClientProtocolClient (GrpcClientProtocolClient.java:onNext(254)) - client-9C97446E6A25->2573df58-4087-4dd0-8598-5abddcc696b9: receive RaftClientReply:client-9C97446E6A25->2573df58-4087-4dd0-8598-5abddcc696b9@group-CE3C0447B19C, cid=688, SUCCESS, logIndex=1205, commits[2573df58-4087-4dd0-8598-5abddcc696b9:c1205]
2019-06-13 21:51:31,975 DEBUG block.SCMBlockDeletingService (SCMBlockDeletingService.java:call(138)) - Running DeletedBlockTransactionScanner
2019-06-13 21:51:31,975 DEBUG block.SCMBlockDeletingService (SCMBlockDeletingService.java:call(155)) - Scanned deleted blocks log and got 0 delTX to process.
2019-06-13 21:51:31,976 INFO  client.GrpcClientProtocolClient (GrpcClientProtocolClient.java:onNext(254)) - client-9C97446E6A25->2573df58-4087-4dd0-8598-5abddcc696b9: receive RaftClientReply:client-9C97446E6A25->2573df58-4087-4dd0-8598-5abddcc696b9@group-CE3C0447B19C, cid=689, SUCCESS, logIndex=1207, commits[2573df58-4087-4dd0-8598-5abddcc696b9:c1207]
2019-06-13 21:51:31,979 INFO  client.GrpcClientProtocolClient (GrpcClientProtocolClient.java:onNext(254)) - client-9C97446E6A25->2573df58-4087-4dd0-8598-5abddcc696b9: receive RaftClientReply:client-9C97446E6A25->2573df58-4087-4dd0-8598-5abddcc696b9@group-CE3C0447B19C, cid=690, SUCCESS, logIndex=1209, commits[2573df58-4087-4dd0-8598-5abddcc696b9:c1209]
2019-06-13 21:51:31,979 INFO  client.GrpcClientProtocolClient (GrpcClientProtocolClient.java:onNext(254)) - client-9C97446E6A25->2573df58-4087-4dd0-8598-5abddcc696b9: receive RaftClientReply:client-9C97446E6A25->2573df58-4087-4dd0-8598-5abddcc696b9@group-CE3C0447B19C, cid=691, SUCCESS, logIndex=1210, commits[2573df58-4087-4dd0-8598-5abddcc696b9:c1210]
2019-06-13 21:51:31,980 INFO  client.GrpcClientProtocolClient (GrpcClientProtocolClient.java:onNext(254)) - client-9C97446E6A25->2573df58-4087-4dd0-8598-5abddcc696b9: receive RaftClientReply:client-9C97446E6A25->2573df58-4087-4dd0-8598-5abddcc696b9@group-CE3C0447B19C, cid=692, SUCCESS, logIndex=1212, commits[2573df58-4087-4dd0-8598-5abddcc696b9:c1212]
2019-06-13 21:51:31,986 INFO  client.GrpcClientProtocolClient (GrpcClientProtocolClient.java:onNext(254)) - client-9C97446E6A25->2573df58-4087-4dd0-8598-5abddcc696b9: receive RaftClientReply:client-9C97446E6A25->2573df58-4087-4dd0-8598-5abddcc696b9@group-CE3C0447B19C, cid=693, SUCCESS, logIndex=1215, commits[2573df58-4087-4dd0-8598-5abddcc696b9:c1215]
2019-06-13 21:51:31,989 INFO  client.GrpcClientProtocolClient (GrpcClientProtocolClient.java:onNext(254)) - client-9C97446E6A25->2573df58-4087-4dd0-8598-5abddcc696b9: receive RaftClientReply:client-9C97446E6A25->2573df58-4087-4dd0-8598-5abddcc696b9@group-CE3C0447B19C, cid=694, SUCCESS, logIndex=1217, commits[2573df58-4087-4dd0-8598-5abddcc696b9:c1217]
2019-06-13 21:51:31,989 INFO  client.GrpcClientProtocolClient (GrpcClientProtocolClient.java:onNext(254)) - client-9C97446E6A25->2573df58-4087-4dd0-8598-5abddcc696b9: receive RaftClientReply:client-9C97446E6A25->2573df58-4087-4dd0-8598-5abddcc696b9@group-CE3C0447B19C, cid=695, SUCCESS, logIndex=1218, commits[2573df58-4087-4dd0-8598-5abddcc696b9:c1219]
2019-06-13 21:51:31,990 INFO  client.GrpcClientProtocolClient (GrpcClientProtocolClient.java:onNext(254)) - client-9C97446E6A25->2573df58-4087-4dd0-8598-5abddcc696b9: receive RaftClientReply:client-9C97446E6A25->2573df58-4087-4dd0-8598-5abddcc696b9@group-CE3C0447B19C, cid=696, SUCCESS, logIndex=1219, commits[2573df58-4087-4dd0-8598-5abddcc696b9:c1219]
2019-06-13 21:51:32,001 INFO  client.GrpcClientProtocolClient (GrpcClientProtocolClient.java:onNext(254)) - client-9C97446E6A25->2573df58-4087-4dd0-8598-5abddcc696b9: receive RaftClientReply:client-9C97446E6A25->2573df58-4087-4dd0-8598-5abddcc696b9@group-CE3C0447B19C, cid=697, SUCCESS, logIndex=1222, commits[2573df58-4087-4dd0-8598-5abddcc696b9:c1222]
2019-06-13 21:51:32,003 INFO  client.GrpcClientProtocolClient (GrpcClientProtocolClient.java:onNext(254)) - client-9C97446E6A25->2573df58-4087-4dd0-8598-5abddcc696b9: receive RaftClientReply:client-9C97446E6A25->2573df58-4087-4dd0-8598-5abddcc696b9@group-CE3C0447B19C, cid=698, SUCCESS, logIndex=1224, commits[2573df58-4087-4dd0-8598-5abddcc696b9:c1224]
2019-06-13 21:51:32,004 INFO  client.GrpcClientProtocolClient (GrpcClientProtocolClient.java:onNext(254)) - client-9C97446E6A25->2573df58-4087-4dd0-8598-5abddcc696b9: receive RaftClientReply:client-9C97446E6A25->2573df58-4087-4dd0-8598-5abddcc696b9@group-CE3C0447B19C, cid=699, SUCCESS, logIndex=1225, commits[2573df58-4087-4dd0-8598-5abddcc696b9:c1225]
2019-06-13 21:51:32,004 INFO  client.GrpcClientProtocolClient (GrpcClientProtocolClient.java:onNext(254)) - client-9C97446E6A25->2573df58-4087-4dd0-8598-5abddcc696b9: receive RaftClientReply:client-9C97446E6A25->2573df58-4087-4dd0-8598-5abddcc696b9@group-CE3C0447B19C, cid=700, SUCCESS, logIndex=1227, commits[2573df58-4087-4dd0-8598-5abddcc696b9:c1227]
2019-06-13 21:51:32,011 INFO  client.GrpcClientProtocolClient (GrpcClientProtocolClient.java:onNext(254)) - client-9C97446E6A25->2573df58-4087-4dd0-8598-5abddcc696b9: receive RaftClientReply:client-9C97446E6A25->2573df58-4087-4dd0-8598-5abddcc696b9@group-CE3C0447B19C, cid=701, SUCCESS, logIndex=1230, commits[2573df58-4087-4dd0-8598-5abddcc696b9:c1230]
2019-06-13 21:51:32,013 INFO  client.GrpcClientProtocolClient (GrpcClientProtocolClient.java:onNext(254)) - client-9C97446E6A25->2573df58-4087-4dd0-8598-5abddcc696b9: receive RaftClientReply:client-9C97446E6A25->2573df58-4087-4dd0-8598-5abddcc696b9@group-CE3C0447B19C, cid=702, SUCCESS, logIndex=1232, commits[2573df58-4087-4dd0-8598-5abddcc696b9:c1232]
2019-06-13 21:51:32,014 INFO  client.GrpcClientProtocolClient (GrpcClientProtocolClient.java:onNext(254)) - client-9C97446E6A25->2573df58-4087-4dd0-8598-5abddcc696b9: receive RaftClientReply:client-9C97446E6A25->2573df58-4087-4dd0-8598-5abddcc696b9@group-CE3C0447B19C, cid=703, SUCCESS, logIndex=1233, commits[2573df58-4087-4dd0-8598-5abddcc696b9:c1235]
2019-06-13 21:51:32,014 INFO  client.GrpcClientProtocolClient (GrpcClientProtocolClient.java:onNext(254)) - client-9C97446E6A25->2573df58-4087-4dd0-8598-5abddcc696b9: receive RaftClientReply:client-9C97446E6A25->2573df58-4087-4dd0-8598-5abddcc696b9@group-CE3C0447B19C, cid=704, SUCCESS, logIndex=1234, commits[2573df58-4087-4dd0-8598-5abddcc696b9:c1235]
2019-06-13 21:51:32,026 INFO  client.GrpcClientProtocolClient (GrpcClientProtocolClient.java:onNext(254)) - client-9C97446E6A25->2573df58-4087-4dd0-8598-5abddcc696b9: receive RaftClientReply:client-9C97446E6A25->2573df58-4087-4dd0-8598-5abddcc696b9@group-CE3C0447B19C, cid=705, SUCCESS, logIndex=1236, commits[2573df58-4087-4dd0-8598-5abddcc696b9:c1236]
2019-06-13 21:51:32,027 INFO  client.GrpcClientProtocolClient (GrpcClientProtocolClient.java:onNext(254)) - client-9C97446E6A25->2573df58-4087-4dd0-8598-5abddcc696b9: receive RaftClientReply:client-9C97446E6A25->2573df58-4087-4dd0-8598-5abddcc696b9@group-CE3C0447B19C, cid=706, SUCCESS, logIndex=1238, commits[2573df58-4087-4dd0-8598-5abddcc696b9:c1238]
2019-06-13 21:51:32,075 DEBUG block.SCMBlockDeletingService (SCMBlockDeletingService.java:call(138)) - Running DeletedBlockTransactionScanner
2019-06-13 21:51:32,075 DEBUG block.SCMBlockDeletingService (SCMBlockDeletingService.java:call(155)) - Scanned deleted blocks log and got 0 delTX to process.
2019-06-13 21:51:32,106 INFO  client.GrpcClientProtocolClient (GrpcClientProtocolClient.java:onNext(254)) - client-9C97446E6A25->2573df58-4087-4dd0-8598-5abddcc696b9: receive RaftClientReply:client-9C97446E6A25->2573df58-4087-4dd0-8598-5abddcc696b9@group-CE3C0447B19C, cid=707, SUCCESS, logIndex=1240, commits[2573df58-4087-4dd0-8598-5abddcc696b9:c1240]
2019-06-13 21:51:32,108 INFO  client.GrpcClientProtocolClient (GrpcClientProtocolClient.java:onNext(254)) - client-9C97446E6A25->2573df58-4087-4dd0-8598-5abddcc696b9: receive RaftClientReply:client-9C97446E6A25->2573df58-4087-4dd0-8598-5abddcc696b9@group-CE3C0447B19C, cid=708, SUCCESS, logIndex=1242, commits[2573df58-4087-4dd0-8598-5abddcc696b9:c1242]
2019-06-13 21:51:32,115 INFO  client.GrpcClientProtocolClient (GrpcClientProtocolClient.java:onNext(254)) - client-9C97446E6A25->2573df58-4087-4dd0-8598-5abddcc696b9: receive RaftClientReply:client-9C97446E6A25->2573df58-4087-4dd0-8598-5abddcc696b9@group-CE3C0447B19C, cid=709, SUCCESS, logIndex=1244, commits[2573df58-4087-4dd0-8598-5abddcc696b9:c1245]
2019-06-13 21:51:32,117 INFO  client.GrpcClientProtocolClient (GrpcClientProtocolClient.java:onNext(254)) - client-9C97446E6A25->2573df58-4087-4dd0-8598-5abddcc696b9: receive RaftClientReply:client-9C97446E6A25->2573df58-4087-4dd0-8598-5abddcc696b9@group-CE3C0447B19C, cid=710, SUCCESS, logIndex=1246, commits[2573df58-4087-4dd0-8598-5abddcc696b9:c1246]
2019-06-13 21:51:32,118 INFO  client.GrpcClientProtocolClient (GrpcClientProtocolClient.java:onNext(254)) - client-9C97446E6A25->2573df58-4087-4dd0-8598-5abddcc696b9: receive RaftClientReply:client-9C97446E6A25->2573df58-4087-4dd0-8598-5abddcc696b9@group-CE3C0447B19C, cid=711, SUCCESS, logIndex=1247, commits[2573df58-4087-4dd0-8598-5abddcc696b9:c1249]
2019-06-13 21:51:32,118 INFO  client.GrpcClientProtocolClient (GrpcClientProtocolClient.java:onNext(254)) - client-9C97446E6A25->2573df58-4087-4dd0-8598-5abddcc696b9: receive RaftClientReply:client-9C97446E6A25->2573df58-4087-4dd0-8598-5abddcc696b9@group-CE3C0447B19C, cid=712, SUCCESS, logIndex=1248, commits[2573df58-4087-4dd0-8598-5abddcc696b9:c1249]
2019-06-13 21:51:32,128 INFO  client.GrpcClientProtocolClient (GrpcClientProtocolClient.java:onNext(254)) - client-9C97446E6A25->2573df58-4087-4dd0-8598-5abddcc696b9: receive RaftClientReply:client-9C97446E6A25->2573df58-4087-4dd0-8598-5abddcc696b9@group-CE3C0447B19C, cid=713, SUCCESS, logIndex=1250, commits[2573df58-4087-4dd0-8598-5abddcc696b9:c1250]
2019-06-13 21:51:32,130 INFO  client.GrpcClientProtocolClient (GrpcClientProtocolClient.java:onNext(254)) - client-9C97446E6A25->2573df58-4087-4dd0-8598-5abddcc696b9: receive RaftClientReply:client-9C97446E6A25->2573df58-4087-4dd0-8598-5abddcc696b9@group-CE3C0447B19C, cid=714, SUCCESS, logIndex=1252, commits[2573df58-4087-4dd0-8598-5abddcc696b9:c1252]
2019-06-13 21:51:32,131 INFO  client.GrpcClientProtocolClient (GrpcClientProtocolClient.java:onNext(254)) - client-9C97446E6A25->2573df58-4087-4dd0-8598-5abddcc696b9: receive RaftClientReply:client-9C97446E6A25->2573df58-4087-4dd0-8598-5abddcc696b9@group-CE3C0447B19C, cid=715, SUCCESS, logIndex=1253, commits[2573df58-4087-4dd0-8598-5abddcc696b9:c1255]
2019-06-13 21:51:32,132 INFO  client.GrpcClientProtocolClient (GrpcClientProtocolClient.java:onNext(254)) - client-9C97446E6A25->2573df58-4087-4dd0-8598-5abddcc696b9: receive RaftClientReply:client-9C97446E6A25->2573df58-4087-4dd0-8598-5abddcc696b9@group-CE3C0447B19C, cid=716, SUCCESS, logIndex=1254, commits[2573df58-4087-4dd0-8598-5abddcc696b9:c1255]
2019-06-13 21:51:32,137 INFO  client.GrpcClientProtocolClient (GrpcClientProtocolClient.java:onNext(254)) - client-9C97446E6A25->2573df58-4087-4dd0-8598-5abddcc696b9: receive RaftClientReply:client-9C97446E6A25->2573df58-4087-4dd0-8598-5abddcc696b9@group-CE3C0447B19C, cid=717, SUCCESS, logIndex=1256, commits[2573df58-4087-4dd0-8598-5abddcc696b9:c1256]
2019-06-13 21:51:32,140 INFO  client.GrpcClientProtocolClient (GrpcClientProtocolClient.java:onNext(254)) - client-9C97446E6A25->2573df58-4087-4dd0-8598-5abddcc696b9: receive RaftClientReply:client-9C97446E6A25->2573df58-4087-4dd0-8598-5abddcc696b9@group-CE3C0447B19C, cid=718, SUCCESS, logIndex=1258, commits[2573df58-4087-4dd0-8598-5abddcc696b9:c1258]
2019-06-13 21:51:32,141 INFO  client.GrpcClientProtocolClient (GrpcClientProtocolClient.java:onNext(254)) - client-9C97446E6A25->2573df58-4087-4dd0-8598-5abddcc696b9: receive RaftClientReply:client-9C97446E6A25->2573df58-4087-4dd0-8598-5abddcc696b9@group-CE3C0447B19C, cid=719, SUCCESS, logIndex=1259, commits[2573df58-4087-4dd0-8598-5abddcc696b9:c1260]
2019-06-13 21:51:32,141 INFO  client.GrpcClientProtocolClient (GrpcClientProtocolClient.java:onNext(254)) - client-9C97446E6A25->2573df58-4087-4dd0-8598-5abddcc696b9: receive RaftClientReply:client-9C97446E6A25->2573df58-4087-4dd0-8598-5abddcc696b9@group-CE3C0447B19C, cid=720, SUCCESS, logIndex=1260, commits[2573df58-4087-4dd0-8598-5abddcc696b9:c1260]
2019-06-13 21:51:32,152 INFO  client.GrpcClientProtocolClient (GrpcClientProtocolClient.java:onNext(254)) - client-9C97446E6A25->2573df58-4087-4dd0-8598-5abddcc696b9: receive RaftClientReply:client-9C97446E6A25->2573df58-4087-4dd0-8598-5abddcc696b9@group-CE3C0447B19C, cid=721, SUCCESS, logIndex=1263, commits[2573df58-4087-4dd0-8598-5abddcc696b9:c1263]
2019-06-13 21:51:32,154 INFO  client.GrpcClientProtocolClient (GrpcClientProtocolClient.java:onNext(254)) - client-9C97446E6A25->2573df58-4087-4dd0-8598-5abddcc696b9: receive RaftClientReply:client-9C97446E6A25->2573df58-4087-4dd0-8598-5abddcc696b9@group-CE3C0447B19C, cid=722, SUCCESS, logIndex=1265, commits[2573df58-4087-4dd0-8598-5abddcc696b9:c1265]
2019-06-13 21:51:32,155 INFO  client.GrpcClientProtocolClient (GrpcClientProtocolClient.java:onNext(254)) - client-9C97446E6A25->2573df58-4087-4dd0-8598-5abddcc696b9: receive RaftClientReply:client-9C97446E6A25->2573df58-4087-4dd0-8598-5abddcc696b9@group-CE3C0447B19C, cid=723, SUCCESS, logIndex=1266, commits[2573df58-4087-4dd0-8598-5abddcc696b9:c1268]
2019-06-13 21:51:32,155 INFO  client.GrpcClientProtocolClient (GrpcClientProtocolClient.java:onNext(254)) - client-9C97446E6A25->2573df58-4087-4dd0-8598-5abddcc696b9: receive RaftClientReply:client-9C97446E6A25->2573df58-4087-4dd0-8598-5abddcc696b9@group-CE3C0447B19C, cid=724, SUCCESS, logIndex=1267, commits[2573df58-4087-4dd0-8598-5abddcc696b9:c1268]
2019-06-13 21:51:32,161 INFO  client.GrpcClientProtocolClient (GrpcClientProtocolClient.java:onNext(254)) - client-9C97446E6A25->2573df58-4087-4dd0-8598-5abddcc696b9: receive RaftClientReply:client-9C97446E6A25->2573df58-4087-4dd0-8598-5abddcc696b9@group-CE3C0447B19C, cid=725, SUCCESS, logIndex=1269, commits[2573df58-4087-4dd0-8598-5abddcc696b9:c1269]
2019-06-13 21:51:32,162 INFO  storage.RaftLogWorker (RaftLogWorker.java:rollLogSegment(303)) - 2573df58-4087-4dd0-8598-5abddcc696b9-RaftLogWorker: Rolling segment log-1203_1273 to index:1273
2019-06-13 21:51:32,163 INFO  client.GrpcClientProtocolClient (GrpcClientProtocolClient.java:onNext(254)) - client-9C97446E6A25->2573df58-4087-4dd0-8598-5abddcc696b9: receive RaftClientReply:client-9C97446E6A25->2573df58-4087-4dd0-8598-5abddcc696b9@group-CE3C0447B19C, cid=726, SUCCESS, logIndex=1271, commits[2573df58-4087-4dd0-8598-5abddcc696b9:c1271]
2019-06-13 21:51:32,163 INFO  storage.RaftLogWorker (RaftLogWorker.java:execute(433)) - 2573df58-4087-4dd0-8598-5abddcc696b9-RaftLogWorker: Rolled log segment from /opt/src/hadoop-ozone/integration-test/target/test-dir/MiniOzoneClusterImpl-8578056e-9b7b-4e66-9e9f-ef53d5cd7c03/datanode-0/data/ratis/7f5c2536-ed89-4233-9ec0-ce3c0447b19c/current/log_inprogress_1203 to /opt/src/hadoop-ozone/integration-test/target/test-dir/MiniOzoneClusterImpl-8578056e-9b7b-4e66-9e9f-ef53d5cd7c03/datanode-0/data/ratis/7f5c2536-ed89-4233-9ec0-ce3c0447b19c/current/log_1203-1273
2019-06-13 21:51:32,167 INFO  client.GrpcClientProtocolClient (GrpcClientProtocolClient.java:onNext(254)) - client-9C97446E6A25->2573df58-4087-4dd0-8598-5abddcc696b9: receive RaftClientReply:client-9C97446E6A25->2573df58-4087-4dd0-8598-5abddcc696b9@group-CE3C0447B19C, cid=727, SUCCESS, logIndex=1272, commits[2573df58-4087-4dd0-8598-5abddcc696b9:c1273]
2019-06-13 21:51:32,176 DEBUG block.SCMBlockDeletingService (SCMBlockDeletingService.java:call(138)) - Running DeletedBlockTransactionScanner
2019-06-13 21:51:32,182 DEBUG block.SCMBlockDeletingService (SCMBlockDeletingService.java:call(155)) - Scanned deleted blocks log and got 0 delTX to process.
2019-06-13 21:51:32,201 INFO  storage.RaftLogWorker (RaftLogWorker.java:execute(469)) - 2573df58-4087-4dd0-8598-5abddcc696b9-RaftLogWorker: created new log segment /opt/src/hadoop-ozone/integration-test/target/test-dir/MiniOzoneClusterImpl-8578056e-9b7b-4e66-9e9f-ef53d5cd7c03/datanode-0/data/ratis/7f5c2536-ed89-4233-9ec0-ce3c0447b19c/current/log_inprogress_1274
2019-06-13 21:51:32,203 INFO  client.GrpcClientProtocolClient (GrpcClientProtocolClient.java:onNext(254)) - client-9C97446E6A25->2573df58-4087-4dd0-8598-5abddcc696b9: receive RaftClientReply:client-9C97446E6A25->2573df58-4087-4dd0-8598-5abddcc696b9@group-CE3C0447B19C, cid=728, SUCCESS, logIndex=1274, commits[2573df58-4087-4dd0-8598-5abddcc696b9:c1275]
2019-06-13 21:51:32,215 INFO  client.GrpcClientProtocolClient (GrpcClientProtocolClient.java:onNext(254)) - client-9C97446E6A25->2573df58-4087-4dd0-8598-5abddcc696b9: receive RaftClientReply:client-9C97446E6A25->2573df58-4087-4dd0-8598-5abddcc696b9@group-CE3C0447B19C, cid=729, SUCCESS, logIndex=1276, commits[2573df58-4087-4dd0-8598-5abddcc696b9:c1276]
2019-06-13 21:51:32,218 INFO  client.GrpcClientProtocolClient (GrpcClientProtocolClient.java:onNext(254)) - client-9C97446E6A25->2573df58-4087-4dd0-8598-5abddcc696b9: receive RaftClientReply:client-9C97446E6A25->2573df58-4087-4dd0-8598-5abddcc696b9@group-CE3C0447B19C, cid=730, SUCCESS, logIndex=1278, commits[2573df58-4087-4dd0-8598-5abddcc696b9:c1278]
2019-06-13 21:51:32,220 INFO  client.GrpcClientProtocolClient (GrpcClientProtocolClient.java:onNext(254)) - client-9C97446E6A25->2573df58-4087-4dd0-8598-5abddcc696b9: receive RaftClientReply:client-9C97446E6A25->2573df58-4087-4dd0-8598-5abddcc696b9@group-CE3C0447B19C, cid=731, SUCCESS, logIndex=1279, commits[2573df58-4087-4dd0-8598-5abddcc696b9:c1280]
2019-06-13 21:51:32,220 INFO  client.GrpcClientProtocolClient (GrpcClientProtocolClient.java:onNext(254)) - client-9C97446E6A25->2573df58-4087-4dd0-8598-5abddcc696b9: receive RaftClientReply:client-9C97446E6A25->2573df58-4087-4dd0-8598-5abddcc696b9@group-CE3C0447B19C, cid=732, SUCCESS, logIndex=1280, commits[2573df58-4087-4dd0-8598-5abddcc696b9:c1281]
2019-06-13 21:51:32,230 INFO  client.GrpcClientProtocolClient (GrpcClientProtocolClient.java:onNext(254)) - client-9C97446E6A25->2573df58-4087-4dd0-8598-5abddcc696b9: receive RaftClientReply:client-9C97446E6A25->2573df58-4087-4dd0-8598-5abddcc696b9@group-CE3C0447B19C, cid=733, SUCCESS, logIndex=1283, commits[2573df58-4087-4dd0-8598-5abddcc696b9:c1283]
2019-06-13 21:51:32,232 INFO  client.GrpcClientProtocolClient (GrpcClientProtocolClient.java:onNext(254)) - client-9C97446E6A25->2573df58-4087-4dd0-8598-5abddcc696b9: receive RaftClientReply:client-9C97446E6A25->2573df58-4087-4dd0-8598-5abddcc696b9@group-CE3C0447B19C, cid=734, SUCCESS, logIndex=1285, commits[2573df58-4087-4dd0-8598-5abddcc696b9:c1285]
2019-06-13 21:51:32,233 INFO  client.GrpcClientProtocolClient (GrpcClientProtocolClient.java:onNext(254)) - client-9C97446E6A25->2573df58-4087-4dd0-8598-5abddcc696b9: receive RaftClientReply:client-9C97446E6A25->2573df58-4087-4dd0-8598-5abddcc696b9@group-CE3C0447B19C, cid=735, SUCCESS, logIndex=1286, commits[2573df58-4087-4dd0-8598-5abddcc696b9:c1288]
2019-06-13 21:51:32,233 INFO  client.GrpcClientProtocolClient (GrpcClientProtocolClient.java:onNext(254)) - client-9C97446E6A25->2573df58-4087-4dd0-8598-5abddcc696b9: receive RaftClientReply:client-9C97446E6A25->2573df58-4087-4dd0-8598-5abddcc696b9@group-CE3C0447B19C, cid=736, SUCCESS, logIndex=1287, commits[2573df58-4087-4dd0-8598-5abddcc696b9:c1288]
2019-06-13 21:51:32,244 INFO  client.GrpcClientProtocolClient (GrpcClientProtocolClient.java:onNext(254)) - client-9C97446E6A25->2573df58-4087-4dd0-8598-5abddcc696b9: receive RaftClientReply:client-9C97446E6A25->2573df58-4087-4dd0-8598-5abddcc696b9@group-CE3C0447B19C, cid=737, SUCCESS, logIndex=1289, commits[2573df58-4087-4dd0-8598-5abddcc696b9:c1289]
2019-06-13 21:51:32,246 INFO  client.GrpcClientProtocolClient (GrpcClientProtocolClient.java:onNext(254)) - client-9C97446E6A25->2573df58-4087-4dd0-8598-5abddcc696b9: receive RaftClientReply:client-9C97446E6A25->2573df58-4087-4dd0-8598-5abddcc696b9@group-CE3C0447B19C, cid=738, SUCCESS, logIndex=1291, commits[2573df58-4087-4dd0-8598-5abddcc696b9:c1291]
2019-06-13 21:51:32,247 INFO  client.GrpcClientProtocolClient (GrpcClientProtocolClient.java:onNext(254)) - client-9C97446E6A25->2573df58-4087-4dd0-8598-5abddcc696b9: receive RaftClientReply:client-9C97446E6A25->2573df58-4087-4dd0-8598-5abddcc696b9@group-CE3C0447B19C, cid=739, SUCCESS, logIndex=1292, commits[2573df58-4087-4dd0-8598-5abddcc696b9:c1294]
2019-06-13 21:51:32,247 INFO  client.GrpcClientProtocolClient (GrpcClientProtocolClient.java:onNext(254)) - client-9C97446E6A25->2573df58-4087-4dd0-8598-5abddcc696b9: receive RaftClientReply:client-9C97446E6A25->2573df58-4087-4dd0-8598-5abddcc696b9@group-CE3C0447B19C, cid=740, SUCCESS, logIndex=1293, commits[2573df58-4087-4dd0-8598-5abddcc696b9:c1294]
2019-06-13 21:51:32,254 INFO  client.GrpcClientProtocolClient (GrpcClientProtocolClient.java:onNext(254)) - client-9C97446E6A25->2573df58-4087-4dd0-8598-5abddcc696b9: receive RaftClientReply:client-9C97446E6A25->2573df58-4087-4dd0-8598-5abddcc696b9@group-CE3C0447B19C, cid=741, SUCCESS, logIndex=1295, commits[2573df58-4087-4dd0-8598-5abddcc696b9:c1295]
2019-06-13 21:51:32,256 INFO  client.GrpcClientProtocolClient (GrpcClientProtocolClient.java:onNext(254)) - client-9C97446E6A25->2573df58-4087-4dd0-8598-5abddcc696b9: receive RaftClientReply:client-9C97446E6A25->2573df58-4087-4dd0-8598-5abddcc696b9@group-CE3C0447B19C, cid=742, SUCCESS, logIndex=1297, commits[2573df58-4087-4dd0-8598-5abddcc696b9:c1297]
2019-06-13 21:51:32,257 INFO  client.GrpcClientProtocolClient (GrpcClientProtocolClient.java:onNext(254)) - client-9C97446E6A25->2573df58-4087-4dd0-8598-5abddcc696b9: receive RaftClientReply:client-9C97446E6A25->2573df58-4087-4dd0-8598-5abddcc696b9@group-CE3C0447B19C, cid=743, SUCCESS, logIndex=1298, commits[2573df58-4087-4dd0-8598-5abddcc696b9:c1300]
2019-06-13 21:51:32,258 INFO  client.GrpcClientProtocolClient (GrpcClientProtocolClient.java:onNext(254)) - client-9C97446E6A25->2573df58-4087-4dd0-8598-5abddcc696b9: receive RaftClientReply:client-9C97446E6A25->2573df58-4087-4dd0-8598-5abddcc696b9@group-CE3C0447B19C, cid=744, SUCCESS, logIndex=1299, commits[2573df58-4087-4dd0-8598-5abddcc696b9:c1300]
2019-06-13 21:51:32,268 INFO  client.GrpcClientProtocolClient (GrpcClientProtocolClient.java:onNext(254)) - client-9C97446E6A25->2573df58-4087-4dd0-8598-5abddcc696b9: receive RaftClientReply:client-9C97446E6A25->2573df58-4087-4dd0-8598-5abddcc696b9@group-CE3C0447B19C, cid=745, SUCCESS, logIndex=1301, commits[2573df58-4087-4dd0-8598-5abddcc696b9:c1301]
2019-06-13 21:51:32,271 INFO  client.GrpcClientProtocolClient (GrpcClientProtocolClient.java:onNext(254)) - client-9C97446E6A25->2573df58-4087-4dd0-8598-5abddcc696b9: receive RaftClientReply:client-9C97446E6A25->2573df58-4087-4dd0-8598-5abddcc696b9@group-CE3C0447B19C, cid=746, SUCCESS, logIndex=1303, commits[2573df58-4087-4dd0-8598-5abddcc696b9:c1303]
2019-06-13 21:51:32,272 INFO  client.GrpcClientProtocolClient (GrpcClientProtocolClient.java:onNext(254)) - client-9C97446E6A25->2573df58-4087-4dd0-8598-5abddcc696b9: receive RaftClientReply:client-9C97446E6A25->2573df58-4087-4dd0-8598-5abddcc696b9@group-CE3C0447B19C, cid=747, SUCCESS, logIndex=1304, commits[2573df58-4087-4dd0-8598-5abddcc696b9:c1306]
2019-06-13 21:51:32,272 INFO  client.GrpcClientProtocolClient (GrpcClientProtocolClient.java:onNext(254)) - client-9C97446E6A25->2573df58-4087-4dd0-8598-5abddcc696b9: receive RaftClientReply:client-9C97446E6A25->2573df58-4087-4dd0-8598-5abddcc696b9@group-CE3C0447B19C, cid=748, SUCCESS, logIndex=1306, commits[2573df58-4087-4dd0-8598-5abddcc696b9:c1306]
2019-06-13 21:51:32,314 DEBUG block.SCMBlockDeletingService (SCMBlockDeletingService.java:call(138)) - Running DeletedBlockTransactionScanner
2019-06-13 21:51:32,314 DEBUG block.SCMBlockDeletingService (SCMBlockDeletingService.java:call(155)) - Scanned deleted blocks log and got 0 delTX to process.
2019-06-13 21:51:32,323 INFO  client.GrpcClientProtocolClient (GrpcClientProtocolClient.java:onNext(254)) - client-9C97446E6A25->2573df58-4087-4dd0-8598-5abddcc696b9: receive RaftClientReply:client-9C97446E6A25->2573df58-4087-4dd0-8598-5abddcc696b9@group-CE3C0447B19C, cid=749, SUCCESS, logIndex=1308, commits[2573df58-4087-4dd0-8598-5abddcc696b9:c1308]
2019-06-13 21:51:32,325 INFO  client.GrpcClientProtocolClient (GrpcClientProtocolClient.java:onNext(254)) - client-9C97446E6A25->2573df58-4087-4dd0-8598-5abddcc696b9: receive RaftClientReply:client-9C97446E6A25->2573df58-4087-4dd0-8598-5abddcc696b9@group-CE3C0447B19C, cid=750, SUCCESS, logIndex=1310, commits[2573df58-4087-4dd0-8598-5abddcc696b9:c1310]
2019-06-13 21:51:32,399 INFO  client.GrpcClientProtocolClient (GrpcClientProtocolClient.java:onNext(254)) - client-9C97446E6A25->2573df58-4087-4dd0-8598-5abddcc696b9: receive RaftClientReply:client-9C97446E6A25->2573df58-4087-4dd0-8598-5abddcc696b9@group-CE3C0447B19C, cid=751, SUCCESS, logIndex=1312, commits[2573df58-4087-4dd0-8598-5abddcc696b9:c1312]
2019-06-13 21:51:32,399 INFO  client.GrpcClientProtocolClient (GrpcClientProtocolClient.java:onNext(254)) - client-9C97446E6A25->2573df58-4087-4dd0-8598-5abddcc696b9: receive RaftClientReply:client-9C97446E6A25->2573df58-4087-4dd0-8598-5abddcc696b9@group-CE3C0447B19C, cid=752, SUCCESS, logIndex=1314, commits[2573df58-4087-4dd0-8598-5abddcc696b9:c1314]
2019-06-13 21:51:32,413 INFO  client.GrpcClientProtocolClient (GrpcClientProtocolClient.java:onNext(254)) - client-9C97446E6A25->2573df58-4087-4dd0-8598-5abddcc696b9: receive RaftClientReply:client-9C97446E6A25->2573df58-4087-4dd0-8598-5abddcc696b9@group-CE3C0447B19C, cid=753, SUCCESS, logIndex=1316, commits[2573df58-4087-4dd0-8598-5abddcc696b9:c1316]
2019-06-13 21:51:32,413 INFO  client.GrpcClientProtocolClient (GrpcClientProtocolClient.java:onNext(254)) - client-9C97446E6A25->2573df58-4087-4dd0-8598-5abddcc696b9: receive RaftClientReply:client-9C97446E6A25->2573df58-4087-4dd0-8598-5abddcc696b9@group-CE3C0447B19C, cid=754, SUCCESS, logIndex=1318, commits[2573df58-4087-4dd0-8598-5abddcc696b9:c1318]
2019-06-13 21:51:32,414 DEBUG block.SCMBlockDeletingService (SCMBlockDeletingService.java:call(138)) - Running DeletedBlockTransactionScanner
2019-06-13 21:51:32,414 DEBUG block.SCMBlockDeletingService (SCMBlockDeletingService.java:call(155)) - Scanned deleted blocks log and got 0 delTX to process.
2019-06-13 21:51:32,415 INFO  client.GrpcClientProtocolClient (GrpcClientProtocolClient.java:onNext(254)) - client-9C97446E6A25->2573df58-4087-4dd0-8598-5abddcc696b9: receive RaftClientReply:client-9C97446E6A25->2573df58-4087-4dd0-8598-5abddcc696b9@group-CE3C0447B19C, cid=755, SUCCESS, logIndex=1319, commits[2573df58-4087-4dd0-8598-5abddcc696b9:c1321]
2019-06-13 21:51:32,415 INFO  client.GrpcClientProtocolClient (GrpcClientProtocolClient.java:onNext(254)) - client-9C97446E6A25->2573df58-4087-4dd0-8598-5abddcc696b9: receive RaftClientReply:client-9C97446E6A25->2573df58-4087-4dd0-8598-5abddcc696b9@group-CE3C0447B19C, cid=756, SUCCESS, logIndex=1321, commits[2573df58-4087-4dd0-8598-5abddcc696b9:c1321]
2019-06-13 21:51:32,422 INFO  client.GrpcClientProtocolClient (GrpcClientProtocolClient.java:onNext(254)) - client-9C97446E6A25->2573df58-4087-4dd0-8598-5abddcc696b9: receive RaftClientReply:client-9C97446E6A25->2573df58-4087-4dd0-8598-5abddcc696b9@group-CE3C0447B19C, cid=757, SUCCESS, logIndex=1323, commits[2573df58-4087-4dd0-8598-5abddcc696b9:c1323]
2019-06-13 21:51:32,423 INFO  client.GrpcClientProtocolClient (GrpcClientProtocolClient.java:onNext(254)) - client-9C97446E6A25->2573df58-4087-4dd0-8598-5abddcc696b9: receive RaftClientReply:client-9C97446E6A25->2573df58-4087-4dd0-8598-5abddcc696b9@group-CE3C0447B19C, cid=758, SUCCESS, logIndex=1325, commits[2573df58-4087-4dd0-8598-5abddcc696b9:c1325]
2019-06-13 21:51:32,425 INFO  client.GrpcClientProtocolClient (GrpcClientProtocolClient.java:onNext(254)) - client-9C97446E6A25->2573df58-4087-4dd0-8598-5abddcc696b9: receive RaftClientReply:client-9C97446E6A25->2573df58-4087-4dd0-8598-5abddcc696b9@group-CE3C0447B19C, cid=759, SUCCESS, logIndex=1326, commits[2573df58-4087-4dd0-8598-5abddcc696b9:c1328]
2019-06-13 21:51:32,425 INFO  client.GrpcClientProtocolClient (GrpcClientProtocolClient.java:onNext(254)) - client-9C97446E6A25->2573df58-4087-4dd0-8598-5abddcc696b9: receive RaftClientReply:client-9C97446E6A25->2573df58-4087-4dd0-8598-5abddcc696b9@group-CE3C0447B19C, cid=760, SUCCESS, logIndex=1327, commits[2573df58-4087-4dd0-8598-5abddcc696b9:c1328]
2019-06-13 21:51:32,436 INFO  client.GrpcClientProtocolClient (GrpcClientProtocolClient.java:onNext(254)) - client-9C97446E6A25->2573df58-4087-4dd0-8598-5abddcc696b9: receive RaftClientReply:client-9C97446E6A25->2573df58-4087-4dd0-8598-5abddcc696b9@group-CE3C0447B19C, cid=761, SUCCESS, logIndex=1329, commits[2573df58-4087-4dd0-8598-5abddcc696b9:c1329]
2019-06-13 21:51:32,438 INFO  client.GrpcClientProtocolClient (GrpcClientProtocolClient.java:onNext(254)) - client-9C97446E6A25->2573df58-4087-4dd0-8598-5abddcc696b9: receive RaftClientReply:client-9C97446E6A25->2573df58-4087-4dd0-8598-5abddcc696b9@group-CE3C0447B19C, cid=762, SUCCESS, logIndex=1331, commits[2573df58-4087-4dd0-8598-5abddcc696b9:c1331]
2019-06-13 21:51:32,439 INFO  client.GrpcClientProtocolClient (GrpcClientProtocolClient.java:onNext(254)) - client-9C97446E6A25->2573df58-4087-4dd0-8598-5abddcc696b9: receive RaftClientReply:client-9C97446E6A25->2573df58-4087-4dd0-8598-5abddcc696b9@group-CE3C0447B19C, cid=763, SUCCESS, logIndex=1332, commits[2573df58-4087-4dd0-8598-5abddcc696b9:c1332]
2019-06-13 21:51:32,440 INFO  client.GrpcClientProtocolClient (GrpcClientProtocolClient.java:onNext(254)) - client-9C97446E6A25->2573df58-4087-4dd0-8598-5abddcc696b9: receive RaftClientReply:client-9C97446E6A25->2573df58-4087-4dd0-8598-5abddcc696b9@group-CE3C0447B19C, cid=764, SUCCESS, logIndex=1334, commits[2573df58-4087-4dd0-8598-5abddcc696b9:c1334]
2019-06-13 21:51:32,461 INFO  client.GrpcClientProtocolClient (GrpcClientProtocolClient.java:onNext(254)) - client-9C97446E6A25->2573df58-4087-4dd0-8598-5abddcc696b9: receive RaftClientReply:client-9C97446E6A25->2573df58-4087-4dd0-8598-5abddcc696b9@group-CE3C0447B19C, cid=765, SUCCESS, logIndex=1337, commits[2573df58-4087-4dd0-8598-5abddcc696b9:c1337]
2019-06-13 21:51:32,462 INFO  client.GrpcClientProtocolClient (GrpcClientProtocolClient.java:onNext(254)) - client-9C97446E6A25->2573df58-4087-4dd0-8598-5abddcc696b9: receive RaftClientReply:client-9C97446E6A25->2573df58-4087-4dd0-8598-5abddcc696b9@group-CE3C0447B19C, cid=766, SUCCESS, logIndex=1339, commits[2573df58-4087-4dd0-8598-5abddcc696b9:c1339]
2019-06-13 21:51:32,462 INFO  client.GrpcClientProtocolClient (GrpcClientProtocolClient.java:onNext(254)) - client-9C97446E6A25->2573df58-4087-4dd0-8598-5abddcc696b9: receive RaftClientReply:client-9C97446E6A25->2573df58-4087-4dd0-8598-5abddcc696b9@group-CE3C0447B19C, cid=767, SUCCESS, logIndex=1340, commits[2573df58-4087-4dd0-8598-5abddcc696b9:c1342]
2019-06-13 21:51:32,462 INFO  client.GrpcClientProtocolClient (GrpcClientProtocolClient.java:onNext(254)) - client-9C97446E6A25->2573df58-4087-4dd0-8598-5abddcc696b9: receive RaftClientReply:client-9C97446E6A25->2573df58-4087-4dd0-8598-5abddcc696b9@group-CE3C0447B19C, cid=768, SUCCESS, logIndex=1341, commits[2573df58-4087-4dd0-8598-5abddcc696b9:c1342]
2019-06-13 21:51:32,474 INFO  client.GrpcClientProtocolClient (GrpcClientProtocolClient.java:onNext(254)) - client-9C97446E6A25->2573df58-4087-4dd0-8598-5abddcc696b9: receive RaftClientReply:client-9C97446E6A25->2573df58-4087-4dd0-8598-5abddcc696b9@group-CE3C0447B19C, cid=769, SUCCESS, logIndex=1343, commits[2573df58-4087-4dd0-8598-5abddcc696b9:c1343]
2019-06-13 21:51:32,474 INFO  storage.RaftLogWorker (RaftLogWorker.java:rollLogSegment(303)) - 2573df58-4087-4dd0-8598-5abddcc696b9-RaftLogWorker: Rolling segment log-1274_1345 to index:1345
2019-06-13 21:51:32,475 INFO  storage.RaftLogWorker (RaftLogWorker.java:execute(433)) - 2573df58-4087-4dd0-8598-5abddcc696b9-RaftLogWorker: Rolled log segment from /opt/src/hadoop-ozone/integration-test/target/test-dir/MiniOzoneClusterImpl-8578056e-9b7b-4e66-9e9f-ef53d5cd7c03/datanode-0/data/ratis/7f5c2536-ed89-4233-9ec0-ce3c0447b19c/current/log_inprogress_1274 to /opt/src/hadoop-ozone/integration-test/target/test-dir/MiniOzoneClusterImpl-8578056e-9b7b-4e66-9e9f-ef53d5cd7c03/datanode-0/data/ratis/7f5c2536-ed89-4233-9ec0-ce3c0447b19c/current/log_1274-1345
2019-06-13 21:51:32,477 INFO  client.GrpcClientProtocolClient (GrpcClientProtocolClient.java:onNext(254)) - client-9C97446E6A25->2573df58-4087-4dd0-8598-5abddcc696b9: receive RaftClientReply:client-9C97446E6A25->2573df58-4087-4dd0-8598-5abddcc696b9@group-CE3C0447B19C, cid=770, SUCCESS, logIndex=1345, commits[2573df58-4087-4dd0-8598-5abddcc696b9:c1345]
2019-06-13 21:51:32,512 INFO  storage.RaftLogWorker (RaftLogWorker.java:execute(469)) - 2573df58-4087-4dd0-8598-5abddcc696b9-RaftLogWorker: created new log segment /opt/src/hadoop-ozone/integration-test/target/test-dir/MiniOzoneClusterImpl-8578056e-9b7b-4e66-9e9f-ef53d5cd7c03/datanode-0/data/ratis/7f5c2536-ed89-4233-9ec0-ce3c0447b19c/current/log_inprogress_1346
2019-06-13 21:51:32,515 DEBUG block.SCMBlockDeletingService (SCMBlockDeletingService.java:call(138)) - Running DeletedBlockTransactionScanner
2019-06-13 21:51:32,515 DEBUG block.SCMBlockDeletingService (SCMBlockDeletingService.java:call(155)) - Scanned deleted blocks log and got 0 delTX to process.
2019-06-13 21:51:32,515 INFO  client.GrpcClientProtocolClient (GrpcClientProtocolClient.java:onNext(254)) - client-9C97446E6A25->2573df58-4087-4dd0-8598-5abddcc696b9: receive RaftClientReply:client-9C97446E6A25->2573df58-4087-4dd0-8598-5abddcc696b9@group-CE3C0447B19C, cid=771, SUCCESS, logIndex=1346, commits[2573df58-4087-4dd0-8598-5abddcc696b9:c1348]
2019-06-13 21:51:32,516 INFO  client.GrpcClientProtocolClient (GrpcClientProtocolClient.java:onNext(254)) - client-9C97446E6A25->2573df58-4087-4dd0-8598-5abddcc696b9: receive RaftClientReply:client-9C97446E6A25->2573df58-4087-4dd0-8598-5abddcc696b9@group-CE3C0447B19C, cid=772, SUCCESS, logIndex=1347, commits[2573df58-4087-4dd0-8598-5abddcc696b9:c1348]
2019-06-13 21:51:32,522 INFO  client.GrpcClientProtocolClient (GrpcClientProtocolClient.java:onNext(254)) - client-9C97446E6A25->2573df58-4087-4dd0-8598-5abddcc696b9: receive RaftClientReply:client-9C97446E6A25->2573df58-4087-4dd0-8598-5abddcc696b9@group-CE3C0447B19C, cid=773, SUCCESS, logIndex=1349, commits[2573df58-4087-4dd0-8598-5abddcc696b9:c1349]
2019-06-13 21:51:32,525 INFO  client.GrpcClientProtocolClient (GrpcClientProtocolClient.java:onNext(254)) - client-9C97446E6A25->2573df58-4087-4dd0-8598-5abddcc696b9: receive RaftClientReply:client-9C97446E6A25->2573df58-4087-4dd0-8598-5abddcc696b9@group-CE3C0447B19C, cid=774, SUCCESS, logIndex=1351, commits[2573df58-4087-4dd0-8598-5abddcc696b9:c1351]
2019-06-13 21:51:32,525 INFO  client.GrpcClientProtocolClient (GrpcClientProtocolClient.java:onNext(254)) - client-9C97446E6A25->2573df58-4087-4dd0-8598-5abddcc696b9: receive RaftClientReply:client-9C97446E6A25->2573df58-4087-4dd0-8598-5abddcc696b9@group-CE3C0447B19C, cid=775, SUCCESS, logIndex=1352, commits[2573df58-4087-4dd0-8598-5abddcc696b9:c1353]
2019-06-13 21:51:32,526 INFO  client.GrpcClientProtocolClient (GrpcClientProtocolClient.java:onNext(254)) - client-9C97446E6A25->2573df58-4087-4dd0-8598-5abddcc696b9: receive RaftClientReply:client-9C97446E6A25->2573df58-4087-4dd0-8598-5abddcc696b9@group-CE3C0447B19C, cid=776, SUCCESS, logIndex=1353, commits[2573df58-4087-4dd0-8598-5abddcc696b9:c1353]
2019-06-13 21:51:32,537 INFO  client.GrpcClientProtocolClient (GrpcClientProtocolClient.java:onNext(254)) - client-9C97446E6A25->2573df58-4087-4dd0-8598-5abddcc696b9: receive RaftClientReply:client-9C97446E6A25->2573df58-4087-4dd0-8598-5abddcc696b9@group-CE3C0447B19C, cid=777, SUCCESS, logIndex=1356, commits[2573df58-4087-4dd0-8598-5abddcc696b9:c1356]
2019-06-13 21:51:32,538 INFO  client.GrpcClientProtocolClient (GrpcClientProtocolClient.java:onNext(254)) - client-9C97446E6A25->2573df58-4087-4dd0-8598-5abddcc696b9: receive RaftClientReply:client-9C97446E6A25->2573df58-4087-4dd0-8598-5abddcc696b9@group-CE3C0447B19C, cid=778, SUCCESS, logIndex=1358, commits[2573df58-4087-4dd0-8598-5abddcc696b9:c1358]
2019-06-13 21:51:32,541 INFO  client.GrpcClientProtocolClient (GrpcClientProtocolClient.java:onNext(254)) - client-9C97446E6A25->2573df58-4087-4dd0-8598-5abddcc696b9: receive RaftClientReply:client-9C97446E6A25->2573df58-4087-4dd0-8598-5abddcc696b9@group-CE3C0447B19C, cid=779, SUCCESS, logIndex=1360, commits[2573df58-4087-4dd0-8598-5abddcc696b9:c1361]
2019-06-13 21:51:32,541 INFO  client.GrpcClientProtocolClient (GrpcClientProtocolClient.java:onNext(254)) - client-9C97446E6A25->2573df58-4087-4dd0-8598-5abddcc696b9: receive RaftClientReply:client-9C97446E6A25->2573df58-4087-4dd0-8598-5abddcc696b9@group-CE3C0447B19C, cid=780, SUCCESS, logIndex=1361, commits[2573df58-4087-4dd0-8598-5abddcc696b9:c1361]
2019-06-13 21:51:32,548 INFO  client.GrpcClientProtocolClient (GrpcClientProtocolClient.java:onNext(254)) - client-9C97446E6A25->2573df58-4087-4dd0-8598-5abddcc696b9: receive RaftClientReply:client-9C97446E6A25->2573df58-4087-4dd0-8598-5abddcc696b9@group-CE3C0447B19C, cid=781, SUCCESS, logIndex=1363, commits[2573df58-4087-4dd0-8598-5abddcc696b9:c1363]
2019-06-13 21:51:32,550 INFO  client.GrpcClientProtocolClient (GrpcClientProtocolClient.java:onNext(254)) - client-9C97446E6A25->2573df58-4087-4dd0-8598-5abddcc696b9: receive RaftClientReply:client-9C97446E6A25->2573df58-4087-4dd0-8598-5abddcc696b9@group-CE3C0447B19C, cid=782, SUCCESS, logIndex=1365, commits[2573df58-4087-4dd0-8598-5abddcc696b9:c1365]
2019-06-13 21:51:32,551 INFO  client.GrpcClientProtocolClient (GrpcClientProtocolClient.java:onNext(254)) - client-9C97446E6A25->2573df58-4087-4dd0-8598-5abddcc696b9: receive RaftClientReply:client-9C97446E6A25->2573df58-4087-4dd0-8598-5abddcc696b9@group-CE3C0447B19C, cid=783, SUCCESS, logIndex=1366, commits[2573df58-4087-4dd0-8598-5abddcc696b9:c1367]
2019-06-13 21:51:32,551 INFO  client.GrpcClientProtocolClient (GrpcClientProtocolClient.java:onNext(254)) - client-9C97446E6A25->2573df58-4087-4dd0-8598-5abddcc696b9: receive RaftClientReply:client-9C97446E6A25->2573df58-4087-4dd0-8598-5abddcc696b9@group-CE3C0447B19C, cid=784, SUCCESS, logIndex=1367, commits[2573df58-4087-4dd0-8598-5abddcc696b9:c1368]
2019-06-13 21:51:32,562 INFO  client.GrpcClientProtocolClient (GrpcClientProtocolClient.java:onNext(254)) - client-9C97446E6A25->2573df58-4087-4dd0-8598-5abddcc696b9: receive RaftClientReply:client-9C97446E6A25->2573df58-4087-4dd0-8598-5abddcc696b9@group-CE3C0447B19C, cid=785, SUCCESS, logIndex=1370, commits[2573df58-4087-4dd0-8598-5abddcc696b9:c1370]
2019-06-13 21:51:32,565 INFO  client.GrpcClientProtocolClient (GrpcClientProtocolClient.java:onNext(254)) - client-9C97446E6A25->2573df58-4087-4dd0-8598-5abddcc696b9: receive RaftClientReply:client-9C97446E6A25->2573df58-4087-4dd0-8598-5abddcc696b9@group-CE3C0447B19C, cid=786, SUCCESS, logIndex=1372, commits[2573df58-4087-4dd0-8598-5abddcc696b9:c1372]
2019-06-13 21:51:32,566 INFO  client.GrpcClientProtocolClient (GrpcClientProtocolClient.java:onNext(254)) - client-9C97446E6A25->2573df58-4087-4dd0-8598-5abddcc696b9: receive RaftClientReply:client-9C97446E6A25->2573df58-4087-4dd0-8598-5abddcc696b9@group-CE3C0447B19C, cid=787, SUCCESS, logIndex=1373, commits[2573df58-4087-4dd0-8598-5abddcc696b9:c1375]
2019-06-13 21:51:32,566 INFO  client.GrpcClientProtocolClient (GrpcClientProtocolClient.java:onNext(254)) - client-9C97446E6A25->2573df58-4087-4dd0-8598-5abddcc696b9: receive RaftClientReply:client-9C97446E6A25->2573df58-4087-4dd0-8598-5abddcc696b9@group-CE3C0447B19C, cid=788, SUCCESS, logIndex=1374, commits[2573df58-4087-4dd0-8598-5abddcc696b9:c1375]
2019-06-13 21:51:32,572 INFO  client.GrpcClientProtocolClient (GrpcClientProtocolClient.java:onNext(254)) - client-9C97446E6A25->2573df58-4087-4dd0-8598-5abddcc696b9: receive RaftClientReply:client-9C97446E6A25->2573df58-4087-4dd0-8598-5abddcc696b9@group-CE3C0447B19C, cid=789, SUCCESS, logIndex=1376, commits[2573df58-4087-4dd0-8598-5abddcc696b9:c1376]
2019-06-13 21:51:32,574 INFO  client.GrpcClientProtocolClient (GrpcClientProtocolClient.java:onNext(254)) - client-9C97446E6A25->2573df58-4087-4dd0-8598-5abddcc696b9: receive RaftClientReply:client-9C97446E6A25->2573df58-4087-4dd0-8598-5abddcc696b9@group-CE3C0447B19C, cid=790, SUCCESS, logIndex=1378, commits[2573df58-4087-4dd0-8598-5abddcc696b9:c1378]
2019-06-13 21:51:32,575 INFO  client.GrpcClientProtocolClient (GrpcClientProtocolClient.java:onNext(254)) - client-9C97446E6A25->2573df58-4087-4dd0-8598-5abddcc696b9: receive RaftClientReply:client-9C97446E6A25->2573df58-4087-4dd0-8598-5abddcc696b9@group-CE3C0447B19C, cid=791, SUCCESS, logIndex=1379, commits[2573df58-4087-4dd0-8598-5abddcc696b9:c1381]
2019-06-13 21:51:32,576 INFO  client.GrpcClientProtocolClient (GrpcClientProtocolClient.java:onNext(254)) - client-9C97446E6A25->2573df58-4087-4dd0-8598-5abddcc696b9: receive RaftClientReply:client-9C97446E6A25->2573df58-4087-4dd0-8598-5abddcc696b9@group-CE3C0447B19C, cid=792, SUCCESS, logIndex=1380, commits[2573df58-4087-4dd0-8598-5abddcc696b9:c1381]
2019-06-13 21:51:32,585 INFO  client.GrpcClientProtocolClient (GrpcClientProtocolClient.java:onNext(254)) - client-9C97446E6A25->2573df58-4087-4dd0-8598-5abddcc696b9: receive RaftClientReply:client-9C97446E6A25->2573df58-4087-4dd0-8598-5abddcc696b9@group-CE3C0447B19C, cid=793, SUCCESS, logIndex=1382, commits[2573df58-4087-4dd0-8598-5abddcc696b9:c1382]
2019-06-13 21:51:32,586 INFO  client.GrpcClientProtocolClient (GrpcClientProtocolClient.java:onNext(254)) - client-9C97446E6A25->2573df58-4087-4dd0-8598-5abddcc696b9: receive RaftClientReply:client-9C97446E6A25->2573df58-4087-4dd0-8598-5abddcc696b9@group-CE3C0447B19C, cid=794, SUCCESS, logIndex=1384, commits[2573df58-4087-4dd0-8598-5abddcc696b9:c1384]
2019-06-13 21:51:32,615 DEBUG block.SCMBlockDeletingService (SCMBlockDeletingService.java:call(138)) - Running DeletedBlockTransactionScanner
2019-06-13 21:51:32,615 DEBUG block.SCMBlockDeletingService (SCMBlockDeletingService.java:call(155)) - Scanned deleted blocks log and got 0 delTX to process.
2019-06-13 21:51:32,654 INFO  client.GrpcClientProtocolClient (GrpcClientProtocolClient.java:onNext(254)) - client-9C97446E6A25->2573df58-4087-4dd0-8598-5abddcc696b9: receive RaftClientReply:client-9C97446E6A25->2573df58-4087-4dd0-8598-5abddcc696b9@group-CE3C0447B19C, cid=795, SUCCESS, logIndex=1386, commits[2573df58-4087-4dd0-8598-5abddcc696b9:c1386]
2019-06-13 21:51:32,655 INFO  client.GrpcClientProtocolClient (GrpcClientProtocolClient.java:onNext(254)) - client-9C97446E6A25->2573df58-4087-4dd0-8598-5abddcc696b9: receive RaftClientReply:client-9C97446E6A25->2573df58-4087-4dd0-8598-5abddcc696b9@group-CE3C0447B19C, cid=796, SUCCESS, logIndex=1388, commits[2573df58-4087-4dd0-8598-5abddcc696b9:c1388]
2019-06-13 21:51:32,661 INFO  client.GrpcClientProtocolClient (GrpcClientProtocolClient.java:onNext(254)) - client-9C97446E6A25->2573df58-4087-4dd0-8598-5abddcc696b9: receive RaftClientReply:client-9C97446E6A25->2573df58-4087-4dd0-8598-5abddcc696b9@group-CE3C0447B19C, cid=797, SUCCESS, logIndex=1390, commits[2573df58-4087-4dd0-8598-5abddcc696b9:c1390]
2019-06-13 21:51:32,663 INFO  client.GrpcClientProtocolClient (GrpcClientProtocolClient.java:onNext(254)) - client-9C97446E6A25->2573df58-4087-4dd0-8598-5abddcc696b9: receive RaftClientReply:client-9C97446E6A25->2573df58-4087-4dd0-8598-5abddcc696b9@group-CE3C0447B19C, cid=798, SUCCESS, logIndex=1392, commits[2573df58-4087-4dd0-8598-5abddcc696b9:c1392]
2019-06-13 21:51:32,664 INFO  client.GrpcClientProtocolClient (GrpcClientProtocolClient.java:onNext(254)) - client-9C97446E6A25->2573df58-4087-4dd0-8598-5abddcc696b9: receive RaftClientReply:client-9C97446E6A25->2573df58-4087-4dd0-8598-5abddcc696b9@group-CE3C0447B19C, cid=799, SUCCESS, logIndex=1393, commits[2573df58-4087-4dd0-8598-5abddcc696b9:c1395]
2019-06-13 21:51:32,665 INFO  client.GrpcClientProtocolClient (GrpcClientProtocolClient.java:onNext(254)) - client-9C97446E6A25->2573df58-4087-4dd0-8598-5abddcc696b9: receive RaftClientReply:client-9C97446E6A25->2573df58-4087-4dd0-8598-5abddcc696b9@group-CE3C0447B19C, cid=800, SUCCESS, logIndex=1394, commits[2573df58-4087-4dd0-8598-5abddcc696b9:c1395]
2019-06-13 21:51:32,674 INFO  client.GrpcClientProtocolClient (GrpcClientProtocolClient.java:onNext(254)) - client-9C97446E6A25->2573df58-4087-4dd0-8598-5abddcc696b9: receive RaftClientReply:client-9C97446E6A25->2573df58-4087-4dd0-8598-5abddcc696b9@group-CE3C0447B19C, cid=801, SUCCESS, logIndex=1396, commits[2573df58-4087-4dd0-8598-5abddcc696b9:c1396]
2019-06-13 21:51:32,676 INFO  client.GrpcClientProtocolClient (GrpcClientProtocolClient.java:onNext(254)) - client-9C97446E6A25->2573df58-4087-4dd0-8598-5abddcc696b9: receive RaftClientReply:client-9C97446E6A25->2573df58-4087-4dd0-8598-5abddcc696b9@group-CE3C0447B19C, cid=802, SUCCESS, logIndex=1398, commits[2573df58-4087-4dd0-8598-5abddcc696b9:c1398]
2019-06-13 21:51:32,679 INFO  client.GrpcClientProtocolClient (GrpcClientProtocolClient.java:onNext(254)) - client-9C97446E6A25->2573df58-4087-4dd0-8598-5abddcc696b9: receive RaftClientReply:client-9C97446E6A25->2573df58-4087-4dd0-8598-5abddcc696b9@group-CE3C0447B19C, cid=803, SUCCESS, logIndex=1400, commits[2573df58-4087-4dd0-8598-5abddcc696b9:c1401]
2019-06-13 21:51:32,679 INFO  client.GrpcClientProtocolClient (GrpcClientProtocolClient.java:onNext(254)) - client-9C97446E6A25->2573df58-4087-4dd0-8598-5abddcc696b9: receive RaftClientReply:client-9C97446E6A25->2573df58-4087-4dd0-8598-5abddcc696b9@group-CE3C0447B19C, cid=804, SUCCESS, logIndex=1401, commits[2573df58-4087-4dd0-8598-5abddcc696b9:c1402]
2019-06-13 21:51:32,685 INFO  client.GrpcClientProtocolClient (GrpcClientProtocolClient.java:onNext(254)) - client-9C97446E6A25->2573df58-4087-4dd0-8598-5abddcc696b9: receive RaftClientReply:client-9C97446E6A25->2573df58-4087-4dd0-8598-5abddcc696b9@group-CE3C0447B19C, cid=805, SUCCESS, logIndex=1403, commits[2573df58-4087-4dd0-8598-5abddcc696b9:c1403]
2019-06-13 21:51:32,687 INFO  client.GrpcClientProtocolClient (GrpcClientProtocolClient.java:onNext(254)) - client-9C97446E6A25->2573df58-4087-4dd0-8598-5abddcc696b9: receive RaftClientReply:client-9C97446E6A25->2573df58-4087-4dd0-8598-5abddcc696b9@group-CE3C0447B19C, cid=806, SUCCESS, logIndex=1405, commits[2573df58-4087-4dd0-8598-5abddcc696b9:c1405]
2019-06-13 21:51:32,688 INFO  client.GrpcClientProtocolClient (GrpcClientProtocolClient.java:onNext(254)) - client-9C97446E6A25->2573df58-4087-4dd0-8598-5abddcc696b9: receive RaftClientReply:client-9C97446E6A25->2573df58-4087-4dd0-8598-5abddcc696b9@group-CE3C0447B19C, cid=807, SUCCESS, logIndex=1406, commits[2573df58-4087-4dd0-8598-5abddcc696b9:c1407]
2019-06-13 21:51:32,688 INFO  client.GrpcClientProtocolClient (GrpcClientProtocolClient.java:onNext(254)) - client-9C97446E6A25->2573df58-4087-4dd0-8598-5abddcc696b9: receive RaftClientReply:client-9C97446E6A25->2573df58-4087-4dd0-8598-5abddcc696b9@group-CE3C0447B19C, cid=808, SUCCESS, logIndex=1407, commits[2573df58-4087-4dd0-8598-5abddcc696b9:c1408]
2019-06-13 21:51:32,698 INFO  client.GrpcClientProtocolClient (GrpcClientProtocolClient.java:onNext(254)) - client-9C97446E6A25->2573df58-4087-4dd0-8598-5abddcc696b9: receive RaftClientReply:client-9C97446E6A25->2573df58-4087-4dd0-8598-5abddcc696b9@group-CE3C0447B19C, cid=809, SUCCESS, logIndex=1410, commits[2573df58-4087-4dd0-8598-5abddcc696b9:c1410]
2019-06-13 21:51:32,699 INFO  client.GrpcClientProtocolClient (GrpcClientProtocolClient.java:onNext(254)) - client-9C97446E6A25->2573df58-4087-4dd0-8598-5abddcc696b9: receive RaftClientReply:client-9C97446E6A25->2573df58-4087-4dd0-8598-5abddcc696b9@group-CE3C0447B19C, cid=810, SUCCESS, logIndex=1412, commits[2573df58-4087-4dd0-8598-5abddcc696b9:c1412]
2019-06-13 21:51:32,702 INFO  client.GrpcClientProtocolClient (GrpcClientProtocolClient.java:onNext(254)) - client-9C97446E6A25->2573df58-4087-4dd0-8598-5abddcc696b9: receive RaftClientReply:client-9C97446E6A25->2573df58-4087-4dd0-8598-5abddcc696b9@group-CE3C0447B19C, cid=811, SUCCESS, logIndex=1413, commits[2573df58-4087-4dd0-8598-5abddcc696b9:c1414]
2019-06-13 21:51:32,704 INFO  client.GrpcClientProtocolClient (GrpcClientProtocolClient.java:onNext(254)) - client-9C97446E6A25->2573df58-4087-4dd0-8598-5abddcc696b9: receive RaftClientReply:client-9C97446E6A25->2573df58-4087-4dd0-8598-5abddcc696b9@group-CE3C0447B19C, cid=812, SUCCESS, logIndex=1415, commits[2573df58-4087-4dd0-8598-5abddcc696b9:c1415]
2019-06-13 21:51:32,956 DEBUG block.SCMBlockDeletingService (SCMBlockDeletingService.java:call(138)) - Running DeletedBlockTransactionScanner
2019-06-13 21:51:32,956 DEBUG block.SCMBlockDeletingService (SCMBlockDeletingService.java:call(155)) - Scanned deleted blocks log and got 0 delTX to process.
2019-06-13 21:51:32,965 INFO  storage.RaftLogWorker (RaftLogWorker.java:rollLogSegment(303)) - 2573df58-4087-4dd0-8598-5abddcc696b9-RaftLogWorker: Rolling segment log-1346_1418 to index:1418
2019-06-13 21:51:32,965 INFO  client.GrpcClientProtocolClient (GrpcClientProtocolClient.java:onNext(254)) - client-9C97446E6A25->2573df58-4087-4dd0-8598-5abddcc696b9: receive RaftClientReply:client-9C97446E6A25->2573df58-4087-4dd0-8598-5abddcc696b9@group-CE3C0447B19C, cid=813, SUCCESS, logIndex=1417, commits[2573df58-4087-4dd0-8598-5abddcc696b9:c1417]
2019-06-13 21:51:32,965 INFO  storage.RaftLogWorker (RaftLogWorker.java:execute(433)) - 2573df58-4087-4dd0-8598-5abddcc696b9-RaftLogWorker: Rolled log segment from /opt/src/hadoop-ozone/integration-test/target/test-dir/MiniOzoneClusterImpl-8578056e-9b7b-4e66-9e9f-ef53d5cd7c03/datanode-0/data/ratis/7f5c2536-ed89-4233-9ec0-ce3c0447b19c/current/log_inprogress_1346 to /opt/src/hadoop-ozone/integration-test/target/test-dir/MiniOzoneClusterImpl-8578056e-9b7b-4e66-9e9f-ef53d5cd7c03/datanode-0/data/ratis/7f5c2536-ed89-4233-9ec0-ce3c0447b19c/current/log_1346-1418
2019-06-13 21:51:33,001 INFO  storage.RaftLogWorker (RaftLogWorker.java:execute(469)) - 2573df58-4087-4dd0-8598-5abddcc696b9-RaftLogWorker: created new log segment /opt/src/hadoop-ozone/integration-test/target/test-dir/MiniOzoneClusterImpl-8578056e-9b7b-4e66-9e9f-ef53d5cd7c03/datanode-0/data/ratis/7f5c2536-ed89-4233-9ec0-ce3c0447b19c/current/log_inprogress_1419
2019-06-13 21:51:33,003 INFO  client.GrpcClientProtocolClient (GrpcClientProtocolClient.java:onNext(254)) - client-9C97446E6A25->2573df58-4087-4dd0-8598-5abddcc696b9: receive RaftClientReply:client-9C97446E6A25->2573df58-4087-4dd0-8598-5abddcc696b9@group-CE3C0447B19C, cid=814, SUCCESS, logIndex=1419, commits[2573df58-4087-4dd0-8598-5abddcc696b9:c1421]
2019-06-13 21:51:33,004 INFO  client.GrpcClientProtocolClient (GrpcClientProtocolClient.java:onNext(254)) - client-9C97446E6A25->2573df58-4087-4dd0-8598-5abddcc696b9: receive RaftClientReply:client-9C97446E6A25->2573df58-4087-4dd0-8598-5abddcc696b9@group-CE3C0447B19C, cid=815, SUCCESS, logIndex=1420, commits[2573df58-4087-4dd0-8598-5abddcc696b9:c1422]
2019-06-13 21:51:33,005 INFO  client.GrpcClientProtocolClient (GrpcClientProtocolClient.java:onNext(254)) - client-9C97446E6A25->2573df58-4087-4dd0-8598-5abddcc696b9: receive RaftClientReply:client-9C97446E6A25->2573df58-4087-4dd0-8598-5abddcc696b9@group-CE3C0447B19C, cid=816, SUCCESS, logIndex=1421, commits[2573df58-4087-4dd0-8598-5abddcc696b9:c1422]
2019-06-13 21:51:33,016 INFO  client.GrpcClientProtocolClient (GrpcClientProtocolClient.java:onNext(254)) - client-9C97446E6A25->2573df58-4087-4dd0-8598-5abddcc696b9: receive RaftClientReply:client-9C97446E6A25->2573df58-4087-4dd0-8598-5abddcc696b9@group-CE3C0447B19C, cid=817, SUCCESS, logIndex=1423, commits[2573df58-4087-4dd0-8598-5abddcc696b9:c1423]
2019-06-13 21:51:33,019 INFO  client.GrpcClientProtocolClient (GrpcClientProtocolClient.java:onNext(254)) - client-9C97446E6A25->2573df58-4087-4dd0-8598-5abddcc696b9: receive RaftClientReply:client-9C97446E6A25->2573df58-4087-4dd0-8598-5abddcc696b9@group-CE3C0447B19C, cid=818, SUCCESS, logIndex=1425, commits[2573df58-4087-4dd0-8598-5abddcc696b9:c1425]
2019-06-13 21:51:33,019 INFO  client.GrpcClientProtocolClient (GrpcClientProtocolClient.java:onNext(254)) - client-9C97446E6A25->2573df58-4087-4dd0-8598-5abddcc696b9: receive RaftClientReply:client-9C97446E6A25->2573df58-4087-4dd0-8598-5abddcc696b9@group-CE3C0447B19C, cid=819, SUCCESS, logIndex=1426, commits[2573df58-4087-4dd0-8598-5abddcc696b9:c1426]
2019-06-13 21:51:33,020 INFO  client.GrpcClientProtocolClient (GrpcClientProtocolClient.java:onNext(254)) - client-9C97446E6A25->2573df58-4087-4dd0-8598-5abddcc696b9: receive RaftClientReply:client-9C97446E6A25->2573df58-4087-4dd0-8598-5abddcc696b9@group-CE3C0447B19C, cid=820, SUCCESS, logIndex=1428, commits[2573df58-4087-4dd0-8598-5abddcc696b9:c1428]
2019-06-13 21:51:33,026 INFO  client.GrpcClientProtocolClient (GrpcClientProtocolClient.java:onNext(254)) - client-9C97446E6A25->2573df58-4087-4dd0-8598-5abddcc696b9: receive RaftClientReply:client-9C97446E6A25->2573df58-4087-4dd0-8598-5abddcc696b9@group-CE3C0447B19C, cid=821, SUCCESS, logIndex=1431, commits[2573df58-4087-4dd0-8598-5abddcc696b9:c1431]
2019-06-13 21:51:33,028 INFO  client.GrpcClientProtocolClient (GrpcClientProtocolClient.java:onNext(254)) - client-9C97446E6A25->2573df58-4087-4dd0-8598-5abddcc696b9: receive RaftClientReply:client-9C97446E6A25->2573df58-4087-4dd0-8598-5abddcc696b9@group-CE3C0447B19C, cid=822, SUCCESS, logIndex=1433, commits[2573df58-4087-4dd0-8598-5abddcc696b9:c1433]
2019-06-13 21:51:33,029 INFO  client.GrpcClientProtocolClient (GrpcClientProtocolClient.java:onNext(254)) - client-9C97446E6A25->2573df58-4087-4dd0-8598-5abddcc696b9: receive RaftClientReply:client-9C97446E6A25->2573df58-4087-4dd0-8598-5abddcc696b9@group-CE3C0447B19C, cid=823, SUCCESS, logIndex=1434, commits[2573df58-4087-4dd0-8598-5abddcc696b9:c1436]
2019-06-13 21:51:33,031 INFO  client.GrpcClientProtocolClient (GrpcClientProtocolClient.java:onNext(254)) - client-9C97446E6A25->2573df58-4087-4dd0-8598-5abddcc696b9: receive RaftClientReply:client-9C97446E6A25->2573df58-4087-4dd0-8598-5abddcc696b9@group-CE3C0447B19C, cid=824, SUCCESS, logIndex=1436, commits[2573df58-4087-4dd0-8598-5abddcc696b9:c1437]
2019-06-13 21:51:33,044 INFO  client.GrpcClientProtocolClient (GrpcClientProtocolClient.java:onNext(254)) - client-9C97446E6A25->2573df58-4087-4dd0-8598-5abddcc696b9: receive RaftClientReply:client-9C97446E6A25->2573df58-4087-4dd0-8598-5abddcc696b9@group-CE3C0447B19C, cid=825, SUCCESS, logIndex=1438, commits[2573df58-4087-4dd0-8598-5abddcc696b9:c1438]
2019-06-13 21:51:33,046 INFO  client.GrpcClientProtocolClient (GrpcClientProtocolClient.java:onNext(254)) - client-9C97446E6A25->2573df58-4087-4dd0-8598-5abddcc696b9: receive RaftClientReply:client-9C97446E6A25->2573df58-4087-4dd0-8598-5abddcc696b9@group-CE3C0447B19C, cid=826, SUCCESS, logIndex=1440, commits[2573df58-4087-4dd0-8598-5abddcc696b9:c1440]
2019-06-13 21:51:33,047 INFO  client.GrpcClientProtocolClient (GrpcClientProtocolClient.java:onNext(254)) - client-9C97446E6A25->2573df58-4087-4dd0-8598-5abddcc696b9: receive RaftClientReply:client-9C97446E6A25->2573df58-4087-4dd0-8598-5abddcc696b9@group-CE3C0447B19C, cid=827, SUCCESS, logIndex=1441, commits[2573df58-4087-4dd0-8598-5abddcc696b9:c1443]
2019-06-13 21:51:33,047 INFO  client.GrpcClientProtocolClient (GrpcClientProtocolClient.java:onNext(254)) - client-9C97446E6A25->2573df58-4087-4dd0-8598-5abddcc696b9: receive RaftClientReply:client-9C97446E6A25->2573df58-4087-4dd0-8598-5abddcc696b9@group-CE3C0447B19C, cid=828, SUCCESS, logIndex=1442, commits[2573df58-4087-4dd0-8598-5abddcc696b9:c1443]
2019-06-13 21:51:33,053 INFO  client.GrpcClientProtocolClient (GrpcClientProtocolClient.java:onNext(254)) - client-9C97446E6A25->2573df58-4087-4dd0-8598-5abddcc696b9: receive RaftClientReply:client-9C97446E6A25->2573df58-4087-4dd0-8598-5abddcc696b9@group-CE3C0447B19C, cid=829, SUCCESS, logIndex=1444, commits[2573df58-4087-4dd0-8598-5abddcc696b9:c1444]
2019-06-13 21:51:33,055 INFO  client.GrpcClientProtocolClient (GrpcClientProtocolClient.java:onNext(254)) - client-9C97446E6A25->2573df58-4087-4dd0-8598-5abddcc696b9: receive RaftClientReply:client-9C97446E6A25->2573df58-4087-4dd0-8598-5abddcc696b9@group-CE3C0447B19C, cid=830, SUCCESS, logIndex=1446, commits[2573df58-4087-4dd0-8598-5abddcc696b9:c1446]
2019-06-13 21:51:33,056 INFO  client.GrpcClientProtocolClient (GrpcClientProtocolClient.java:onNext(254)) - client-9C97446E6A25->2573df58-4087-4dd0-8598-5abddcc696b9: receive RaftClientReply:client-9C97446E6A25->2573df58-4087-4dd0-8598-5abddcc696b9@group-CE3C0447B19C, cid=831, SUCCESS, logIndex=1447, commits[2573df58-4087-4dd0-8598-5abddcc696b9:c1448]
2019-06-13 21:51:33,056 DEBUG block.SCMBlockDeletingService (SCMBlockDeletingService.java:call(138)) - Running DeletedBlockTransactionScanner
2019-06-13 21:51:33,057 DEBUG block.SCMBlockDeletingService (SCMBlockDeletingService.java:call(155)) - Scanned deleted blocks log and got 0 delTX to process.
2019-06-13 21:51:33,059 INFO  client.GrpcClientProtocolClient (GrpcClientProtocolClient.java:onNext(254)) - client-9C97446E6A25->2573df58-4087-4dd0-8598-5abddcc696b9: receive RaftClientReply:client-9C97446E6A25->2573df58-4087-4dd0-8598-5abddcc696b9@group-CE3C0447B19C, cid=832, SUCCESS, logIndex=1448, commits[2573df58-4087-4dd0-8598-5abddcc696b9:c1448]
2019-06-13 21:51:33,070 INFO  client.GrpcClientProtocolClient (GrpcClientProtocolClient.java:onNext(254)) - client-9C97446E6A25->2573df58-4087-4dd0-8598-5abddcc696b9: receive RaftClientReply:client-9C97446E6A25->2573df58-4087-4dd0-8598-5abddcc696b9@group-CE3C0447B19C, cid=833, SUCCESS, logIndex=1451, commits[2573df58-4087-4dd0-8598-5abddcc696b9:c1451]
2019-06-13 21:51:33,072 INFO  client.GrpcClientProtocolClient (GrpcClientProtocolClient.java:onNext(254)) - client-9C97446E6A25->2573df58-4087-4dd0-8598-5abddcc696b9: receive RaftClientReply:client-9C97446E6A25->2573df58-4087-4dd0-8598-5abddcc696b9@group-CE3C0447B19C, cid=834, SUCCESS, logIndex=1453, commits[2573df58-4087-4dd0-8598-5abddcc696b9:c1453]
2019-06-13 21:51:33,073 INFO  client.GrpcClientProtocolClient (GrpcClientProtocolClient.java:onNext(254)) - client-9C97446E6A25->2573df58-4087-4dd0-8598-5abddcc696b9: receive RaftClientReply:client-9C97446E6A25->2573df58-4087-4dd0-8598-5abddcc696b9@group-CE3C0447B19C, cid=835, SUCCESS, logIndex=1454, commits[2573df58-4087-4dd0-8598-5abddcc696b9:c1456]
2019-06-13 21:51:33,073 INFO  client.GrpcClientProtocolClient (GrpcClientProtocolClient.java:onNext(254)) - client-9C97446E6A25->2573df58-4087-4dd0-8598-5abddcc696b9: receive RaftClientReply:client-9C97446E6A25->2573df58-4087-4dd0-8598-5abddcc696b9@group-CE3C0447B19C, cid=836, SUCCESS, logIndex=1455, commits[2573df58-4087-4dd0-8598-5abddcc696b9:c1456]
2019-06-13 21:51:33,080 INFO  client.GrpcClientProtocolClient (GrpcClientProtocolClient.java:onNext(254)) - client-9C97446E6A25->2573df58-4087-4dd0-8598-5abddcc696b9: receive RaftClientReply:client-9C97446E6A25->2573df58-4087-4dd0-8598-5abddcc696b9@group-CE3C0447B19C, cid=837, SUCCESS, logIndex=1457, commits[2573df58-4087-4dd0-8598-5abddcc696b9:c1457]
2019-06-13 21:51:33,081 INFO  client.GrpcClientProtocolClient (GrpcClientProtocolClient.java:onNext(254)) - client-9C97446E6A25->2573df58-4087-4dd0-8598-5abddcc696b9: receive RaftClientReply:client-9C97446E6A25->2573df58-4087-4dd0-8598-5abddcc696b9@group-CE3C0447B19C, cid=838, SUCCESS, logIndex=1459, commits[2573df58-4087-4dd0-8598-5abddcc696b9:c1459]
2019-06-13 21:51:33,152 INFO  client.GrpcClientProtocolClient (GrpcClientProtocolClient.java:onNext(254)) - client-9C97446E6A25->2573df58-4087-4dd0-8598-5abddcc696b9: receive RaftClientReply:client-9C97446E6A25->2573df58-4087-4dd0-8598-5abddcc696b9@group-CE3C0447B19C, cid=839, SUCCESS, logIndex=1461, commits[2573df58-4087-4dd0-8598-5abddcc696b9:c1461]
2019-06-13 21:51:33,153 INFO  client.GrpcClientProtocolClient (GrpcClientProtocolClient.java:onNext(254)) - client-9C97446E6A25->2573df58-4087-4dd0-8598-5abddcc696b9: receive RaftClientReply:client-9C97446E6A25->2573df58-4087-4dd0-8598-5abddcc696b9@group-CE3C0447B19C, cid=840, SUCCESS, logIndex=1463, commits[2573df58-4087-4dd0-8598-5abddcc696b9:c1463]
2019-06-13 21:51:33,157 DEBUG block.SCMBlockDeletingService (SCMBlockDeletingService.java:call(138)) - Running DeletedBlockTransactionScanner
2019-06-13 21:51:33,158 DEBUG block.SCMBlockDeletingService (SCMBlockDeletingService.java:call(155)) - Scanned deleted blocks log and got 0 delTX to process.
2019-06-13 21:51:33,164 INFO  client.GrpcClientProtocolClient (GrpcClientProtocolClient.java:onNext(254)) - client-9C97446E6A25->2573df58-4087-4dd0-8598-5abddcc696b9: receive RaftClientReply:client-9C97446E6A25->2573df58-4087-4dd0-8598-5abddcc696b9@group-CE3C0447B19C, cid=841, SUCCESS, logIndex=1465, commits[2573df58-4087-4dd0-8598-5abddcc696b9:c1465]
2019-06-13 21:51:33,166 INFO  client.GrpcClientProtocolClient (GrpcClientProtocolClient.java:onNext(254)) - client-9C97446E6A25->2573df58-4087-4dd0-8598-5abddcc696b9: receive RaftClientReply:client-9C97446E6A25->2573df58-4087-4dd0-8598-5abddcc696b9@group-CE3C0447B19C, cid=842, SUCCESS, logIndex=1467, commits[2573df58-4087-4dd0-8598-5abddcc696b9:c1467]
2019-06-13 21:51:33,167 INFO  client.GrpcClientProtocolClient (GrpcClientProtocolClient.java:onNext(254)) - client-9C97446E6A25->2573df58-4087-4dd0-8598-5abddcc696b9: receive RaftClientReply:client-9C97446E6A25->2573df58-4087-4dd0-8598-5abddcc696b9@group-CE3C0447B19C, cid=843, SUCCESS, logIndex=1468, commits[2573df58-4087-4dd0-8598-5abddcc696b9:c1470]
2019-06-13 21:51:33,167 INFO  client.GrpcClientProtocolClient (GrpcClientProtocolClient.java:onNext(254)) - client-9C97446E6A25->2573df58-4087-4dd0-8598-5abddcc696b9: receive RaftClientReply:client-9C97446E6A25->2573df58-4087-4dd0-8598-5abddcc696b9@group-CE3C0447B19C, cid=844, SUCCESS, logIndex=1470, commits[2573df58-4087-4dd0-8598-5abddcc696b9:c1470]
2019-06-13 21:51:33,173 INFO  client.GrpcClientProtocolClient (GrpcClientProtocolClient.java:onNext(254)) - client-9C97446E6A25->2573df58-4087-4dd0-8598-5abddcc696b9: receive RaftClientReply:client-9C97446E6A25->2573df58-4087-4dd0-8598-5abddcc696b9@group-CE3C0447B19C, cid=845, SUCCESS, logIndex=1472, commits[2573df58-4087-4dd0-8598-5abddcc696b9:c1472]
2019-06-13 21:51:33,175 INFO  client.GrpcClientProtocolClient (GrpcClientProtocolClient.java:onNext(254)) - client-9C97446E6A25->2573df58-4087-4dd0-8598-5abddcc696b9: receive RaftClientReply:client-9C97446E6A25->2573df58-4087-4dd0-8598-5abddcc696b9@group-CE3C0447B19C, cid=846, SUCCESS, logIndex=1474, commits[2573df58-4087-4dd0-8598-5abddcc696b9:c1474]
2019-06-13 21:51:33,176 INFO  client.GrpcClientProtocolClient (GrpcClientProtocolClient.java:onNext(254)) - client-9C97446E6A25->2573df58-4087-4dd0-8598-5abddcc696b9: receive RaftClientReply:client-9C97446E6A25->2573df58-4087-4dd0-8598-5abddcc696b9@group-CE3C0447B19C, cid=847, SUCCESS, logIndex=1475, commits[2573df58-4087-4dd0-8598-5abddcc696b9:c1477]
2019-06-13 21:51:33,177 INFO  client.GrpcClientProtocolClient (GrpcClientProtocolClient.java:onNext(254)) - client-9C97446E6A25->2573df58-4087-4dd0-8598-5abddcc696b9: receive RaftClientReply:client-9C97446E6A25->2573df58-4087-4dd0-8598-5abddcc696b9@group-CE3C0447B19C, cid=848, SUCCESS, logIndex=1476, commits[2573df58-4087-4dd0-8598-5abddcc696b9:c1477]
2019-06-13 21:51:33,188 INFO  client.GrpcClientProtocolClient (GrpcClientProtocolClient.java:onNext(254)) - client-9C97446E6A25->2573df58-4087-4dd0-8598-5abddcc696b9: receive RaftClientReply:client-9C97446E6A25->2573df58-4087-4dd0-8598-5abddcc696b9@group-CE3C0447B19C, cid=849, SUCCESS, logIndex=1478, commits[2573df58-4087-4dd0-8598-5abddcc696b9:c1478]
2019-06-13 21:51:33,191 INFO  client.GrpcClientProtocolClient (GrpcClientProtocolClient.java:onNext(254)) - client-9C97446E6A25->2573df58-4087-4dd0-8598-5abddcc696b9: receive RaftClientReply:client-9C97446E6A25->2573df58-4087-4dd0-8598-5abddcc696b9@group-CE3C0447B19C, cid=850, SUCCESS, logIndex=1480, commits[2573df58-4087-4dd0-8598-5abddcc696b9:c1480]
2019-06-13 21:51:33,191 INFO  client.GrpcClientProtocolClient (GrpcClientProtocolClient.java:onNext(254)) - client-9C97446E6A25->2573df58-4087-4dd0-8598-5abddcc696b9: receive RaftClientReply:client-9C97446E6A25->2573df58-4087-4dd0-8598-5abddcc696b9@group-CE3C0447B19C, cid=851, SUCCESS, logIndex=1481, commits[2573df58-4087-4dd0-8598-5abddcc696b9:c1481]
2019-06-13 21:51:33,192 INFO  client.GrpcClientProtocolClient (GrpcClientProtocolClient.java:onNext(254)) - client-9C97446E6A25->2573df58-4087-4dd0-8598-5abddcc696b9: receive RaftClientReply:client-9C97446E6A25->2573df58-4087-4dd0-8598-5abddcc696b9@group-CE3C0447B19C, cid=852, SUCCESS, logIndex=1484, commits[2573df58-4087-4dd0-8598-5abddcc696b9:c1484]
2019-06-13 21:51:33,198 INFO  client.GrpcClientProtocolClient (GrpcClientProtocolClient.java:onNext(254)) - client-9C97446E6A25->2573df58-4087-4dd0-8598-5abddcc696b9: receive RaftClientReply:client-9C97446E6A25->2573df58-4087-4dd0-8598-5abddcc696b9@group-CE3C0447B19C, cid=853, SUCCESS, logIndex=1486, commits[2573df58-4087-4dd0-8598-5abddcc696b9:c1486]
2019-06-13 21:51:33,199 INFO  storage.RaftLogWorker (RaftLogWorker.java:rollLogSegment(303)) - 2573df58-4087-4dd0-8598-5abddcc696b9-RaftLogWorker: Rolling segment log-1419_1489 to index:1489
2019-06-13 21:51:33,200 INFO  client.GrpcClientProtocolClient (GrpcClientProtocolClient.java:onNext(254)) - client-9C97446E6A25->2573df58-4087-4dd0-8598-5abddcc696b9: receive RaftClientReply:client-9C97446E6A25->2573df58-4087-4dd0-8598-5abddcc696b9@group-CE3C0447B19C, cid=854, SUCCESS, logIndex=1488, commits[2573df58-4087-4dd0-8598-5abddcc696b9:c1488]
2019-06-13 21:51:33,200 INFO  storage.RaftLogWorker (RaftLogWorker.java:execute(433)) - 2573df58-4087-4dd0-8598-5abddcc696b9-RaftLogWorker: Rolled log segment from /opt/src/hadoop-ozone/integration-test/target/test-dir/MiniOzoneClusterImpl-8578056e-9b7b-4e66-9e9f-ef53d5cd7c03/datanode-0/data/ratis/7f5c2536-ed89-4233-9ec0-ce3c0447b19c/current/log_inprogress_1419 to /opt/src/hadoop-ozone/integration-test/target/test-dir/MiniOzoneClusterImpl-8578056e-9b7b-4e66-9e9f-ef53d5cd7c03/datanode-0/data/ratis/7f5c2536-ed89-4233-9ec0-ce3c0447b19c/current/log_1419-1489
2019-06-13 21:51:33,203 INFO  client.GrpcClientProtocolClient (GrpcClientProtocolClient.java:onNext(254)) - client-9C97446E6A25->2573df58-4087-4dd0-8598-5abddcc696b9: receive RaftClientReply:client-9C97446E6A25->2573df58-4087-4dd0-8598-5abddcc696b9@group-CE3C0447B19C, cid=855, SUCCESS, logIndex=1489, commits[2573df58-4087-4dd0-8598-5abddcc696b9:c1489]
2019-06-13 21:51:33,246 INFO  storage.RaftLogWorker (RaftLogWorker.java:execute(469)) - 2573df58-4087-4dd0-8598-5abddcc696b9-RaftLogWorker: created new log segment /opt/src/hadoop-ozone/integration-test/target/test-dir/MiniOzoneClusterImpl-8578056e-9b7b-4e66-9e9f-ef53d5cd7c03/datanode-0/data/ratis/7f5c2536-ed89-4233-9ec0-ce3c0447b19c/current/log_inprogress_1490
2019-06-13 21:51:33,250 INFO  client.GrpcClientProtocolClient (GrpcClientProtocolClient.java:onNext(254)) - client-9C97446E6A25->2573df58-4087-4dd0-8598-5abddcc696b9: receive RaftClientReply:client-9C97446E6A25->2573df58-4087-4dd0-8598-5abddcc696b9@group-CE3C0447B19C, cid=856, SUCCESS, logIndex=1490, commits[2573df58-4087-4dd0-8598-5abddcc696b9:c1492]
2019-06-13 21:51:33,258 DEBUG block.SCMBlockDeletingService (SCMBlockDeletingService.java:call(138)) - Running DeletedBlockTransactionScanner
2019-06-13 21:51:33,259 DEBUG block.SCMBlockDeletingService (SCMBlockDeletingService.java:call(155)) - Scanned deleted blocks log and got 0 delTX to process.
2019-06-13 21:51:33,260 INFO  client.GrpcClientProtocolClient (GrpcClientProtocolClient.java:onNext(254)) - client-9C97446E6A25->2573df58-4087-4dd0-8598-5abddcc696b9: receive RaftClientReply:client-9C97446E6A25->2573df58-4087-4dd0-8598-5abddcc696b9@group-CE3C0447B19C, cid=857, SUCCESS, logIndex=1493, commits[2573df58-4087-4dd0-8598-5abddcc696b9:c1493]
2019-06-13 21:51:33,262 INFO  client.GrpcClientProtocolClient (GrpcClientProtocolClient.java:onNext(254)) - client-9C97446E6A25->2573df58-4087-4dd0-8598-5abddcc696b9: receive RaftClientReply:client-9C97446E6A25->2573df58-4087-4dd0-8598-5abddcc696b9@group-CE3C0447B19C, cid=858, SUCCESS, logIndex=1495, commits[2573df58-4087-4dd0-8598-5abddcc696b9:c1495]
2019-06-13 21:51:33,265 INFO  client.GrpcClientProtocolClient (GrpcClientProtocolClient.java:onNext(254)) - client-9C97446E6A25->2573df58-4087-4dd0-8598-5abddcc696b9: receive RaftClientReply:client-9C97446E6A25->2573df58-4087-4dd0-8598-5abddcc696b9@group-CE3C0447B19C, cid=859, SUCCESS, logIndex=1497, commits[2573df58-4087-4dd0-8598-5abddcc696b9:c1498]
2019-06-13 21:51:33,265 INFO  client.GrpcClientProtocolClient (GrpcClientProtocolClient.java:onNext(254)) - client-9C97446E6A25->2573df58-4087-4dd0-8598-5abddcc696b9: receive RaftClientReply:client-9C97446E6A25->2573df58-4087-4dd0-8598-5abddcc696b9@group-CE3C0447B19C, cid=860, SUCCESS, logIndex=1498, commits[2573df58-4087-4dd0-8598-5abddcc696b9:c1498]
2019-06-13 21:51:33,271 INFO  client.GrpcClientProtocolClient (GrpcClientProtocolClient.java:onNext(254)) - client-9C97446E6A25->2573df58-4087-4dd0-8598-5abddcc696b9: receive RaftClientReply:client-9C97446E6A25->2573df58-4087-4dd0-8598-5abddcc696b9@group-CE3C0447B19C, cid=861, SUCCESS, logIndex=1500, commits[2573df58-4087-4dd0-8598-5abddcc696b9:c1500]
2019-06-13 21:51:33,273 INFO  client.GrpcClientProtocolClient (GrpcClientProtocolClient.java:onNext(254)) - client-9C97446E6A25->2573df58-4087-4dd0-8598-5abddcc696b9: receive RaftClientReply:client-9C97446E6A25->2573df58-4087-4dd0-8598-5abddcc696b9@group-CE3C0447B19C, cid=862, SUCCESS, logIndex=1502, commits[2573df58-4087-4dd0-8598-5abddcc696b9:c1502]
2019-06-13 21:51:33,274 INFO  client.GrpcClientProtocolClient (GrpcClientProtocolClient.java:onNext(254)) - client-9C97446E6A25->2573df58-4087-4dd0-8598-5abddcc696b9: receive RaftClientReply:client-9C97446E6A25->2573df58-4087-4dd0-8598-5abddcc696b9@group-CE3C0447B19C, cid=863, SUCCESS, logIndex=1503, commits[2573df58-4087-4dd0-8598-5abddcc696b9:c1505]
2019-06-13 21:51:33,274 INFO  client.GrpcClientProtocolClient (GrpcClientProtocolClient.java:onNext(254)) - client-9C97446E6A25->2573df58-4087-4dd0-8598-5abddcc696b9: receive RaftClientReply:client-9C97446E6A25->2573df58-4087-4dd0-8598-5abddcc696b9@group-CE3C0447B19C, cid=864, SUCCESS, logIndex=1504, commits[2573df58-4087-4dd0-8598-5abddcc696b9:c1505]
2019-06-13 21:51:33,285 INFO  client.GrpcClientProtocolClient (GrpcClientProtocolClient.java:onNext(254)) - client-9C97446E6A25->2573df58-4087-4dd0-8598-5abddcc696b9: receive RaftClientReply:client-9C97446E6A25->2573df58-4087-4dd0-8598-5abddcc696b9@group-CE3C0447B19C, cid=865, SUCCESS, logIndex=1506, commits[2573df58-4087-4dd0-8598-5abddcc696b9:c1506]
2019-06-13 21:51:33,286 INFO  client.GrpcClientProtocolClient (GrpcClientProtocolClient.java:onNext(254)) - client-9C97446E6A25->2573df58-4087-4dd0-8598-5abddcc696b9: receive RaftClientReply:client-9C97446E6A25->2573df58-4087-4dd0-8598-5abddcc696b9@group-CE3C0447B19C, cid=866, SUCCESS, logIndex=1508, commits[2573df58-4087-4dd0-8598-5abddcc696b9:c1508]
2019-06-13 21:51:33,290 INFO  client.GrpcClientProtocolClient (GrpcClientProtocolClient.java:onNext(254)) - client-9C97446E6A25->2573df58-4087-4dd0-8598-5abddcc696b9: receive RaftClientReply:client-9C97446E6A25->2573df58-4087-4dd0-8598-5abddcc696b9@group-CE3C0447B19C, cid=867, SUCCESS, logIndex=1509, commits[2573df58-4087-4dd0-8598-5abddcc696b9:c1511]
2019-06-13 21:51:33,290 INFO  client.GrpcClientProtocolClient (GrpcClientProtocolClient.java:onNext(254)) - client-9C97446E6A25->2573df58-4087-4dd0-8598-5abddcc696b9: receive RaftClientReply:client-9C97446E6A25->2573df58-4087-4dd0-8598-5abddcc696b9@group-CE3C0447B19C, cid=868, SUCCESS, logIndex=1510, commits[2573df58-4087-4dd0-8598-5abddcc696b9:c1511]
2019-06-13 21:51:33,296 INFO  client.GrpcClientProtocolClient (GrpcClientProtocolClient.java:onNext(254)) - client-9C97446E6A25->2573df58-4087-4dd0-8598-5abddcc696b9: receive RaftClientReply:client-9C97446E6A25->2573df58-4087-4dd0-8598-5abddcc696b9@group-CE3C0447B19C, cid=869, SUCCESS, logIndex=1512, commits[2573df58-4087-4dd0-8598-5abddcc696b9:c1512]
2019-06-13 21:51:33,297 INFO  client.GrpcClientProtocolClient (GrpcClientProtocolClient.java:onNext(254)) - client-9C97446E6A25->2573df58-4087-4dd0-8598-5abddcc696b9: receive RaftClientReply:client-9C97446E6A25->2573df58-4087-4dd0-8598-5abddcc696b9@group-CE3C0447B19C, cid=870, SUCCESS, logIndex=1514, commits[2573df58-4087-4dd0-8598-5abddcc696b9:c1514]
2019-06-13 21:51:33,299 INFO  client.GrpcClientProtocolClient (GrpcClientProtocolClient.java:onNext(254)) - client-9C97446E6A25->2573df58-4087-4dd0-8598-5abddcc696b9: receive RaftClientReply:client-9C97446E6A25->2573df58-4087-4dd0-8598-5abddcc696b9@group-CE3C0447B19C, cid=871, SUCCESS, logIndex=1515, commits[2573df58-4087-4dd0-8598-5abddcc696b9:c1517]
2019-06-13 21:51:33,299 INFO  client.GrpcClientProtocolClient (GrpcClientProtocolClient.java:onNext(254)) - client-9C97446E6A25->2573df58-4087-4dd0-8598-5abddcc696b9: receive RaftClientReply:client-9C97446E6A25->2573df58-4087-4dd0-8598-5abddcc696b9@group-CE3C0447B19C, cid=872, SUCCESS, logIndex=1517, commits[2573df58-4087-4dd0-8598-5abddcc696b9:c1517]
2019-06-13 21:51:33,309 INFO  client.GrpcClientProtocolClient (GrpcClientProtocolClient.java:onNext(254)) - client-9C97446E6A25->2573df58-4087-4dd0-8598-5abddcc696b9: receive RaftClientReply:client-9C97446E6A25->2573df58-4087-4dd0-8598-5abddcc696b9@group-CE3C0447B19C, cid=873, SUCCESS, logIndex=1519, commits[2573df58-4087-4dd0-8598-5abddcc696b9:c1519]
2019-06-13 21:51:33,310 INFO  client.GrpcClientProtocolClient (GrpcClientProtocolClient.java:onNext(254)) - client-9C97446E6A25->2573df58-4087-4dd0-8598-5abddcc696b9: receive RaftClientReply:client-9C97446E6A25->2573df58-4087-4dd0-8598-5abddcc696b9@group-CE3C0447B19C, cid=874, SUCCESS, logIndex=1521, commits[2573df58-4087-4dd0-8598-5abddcc696b9:c1521]
2019-06-13 21:51:33,313 INFO  client.GrpcClientProtocolClient (GrpcClientProtocolClient.java:onNext(254)) - client-9C97446E6A25->2573df58-4087-4dd0-8598-5abddcc696b9: receive RaftClientReply:client-9C97446E6A25->2573df58-4087-4dd0-8598-5abddcc696b9@group-CE3C0447B19C, cid=875, SUCCESS, logIndex=1523, commits[2573df58-4087-4dd0-8598-5abddcc696b9:c1524]
2019-06-13 21:51:33,313 INFO  client.GrpcClientProtocolClient (GrpcClientProtocolClient.java:onNext(254)) - client-9C97446E6A25->2573df58-4087-4dd0-8598-5abddcc696b9: receive RaftClientReply:client-9C97446E6A25->2573df58-4087-4dd0-8598-5abddcc696b9@group-CE3C0447B19C, cid=876, SUCCESS, logIndex=1524, commits[2573df58-4087-4dd0-8598-5abddcc696b9:c1524]
2019-06-13 21:51:33,319 INFO  client.GrpcClientProtocolClient (GrpcClientProtocolClient.java:onNext(254)) - client-9C97446E6A25->2573df58-4087-4dd0-8598-5abddcc696b9: receive RaftClientReply:client-9C97446E6A25->2573df58-4087-4dd0-8598-5abddcc696b9@group-CE3C0447B19C, cid=877, SUCCESS, logIndex=1526, commits[2573df58-4087-4dd0-8598-5abddcc696b9:c1526]
2019-06-13 21:51:33,321 INFO  client.GrpcClientProtocolClient (GrpcClientProtocolClient.java:onNext(254)) - client-9C97446E6A25->2573df58-4087-4dd0-8598-5abddcc696b9: receive RaftClientReply:client-9C97446E6A25->2573df58-4087-4dd0-8598-5abddcc696b9@group-CE3C0447B19C, cid=878, SUCCESS, logIndex=1528, commits[2573df58-4087-4dd0-8598-5abddcc696b9:c1528]
2019-06-13 21:51:33,322 INFO  client.GrpcClientProtocolClient (GrpcClientProtocolClient.java:onNext(254)) - client-9C97446E6A25->2573df58-4087-4dd0-8598-5abddcc696b9: receive RaftClientReply:client-9C97446E6A25->2573df58-4087-4dd0-8598-5abddcc696b9@group-CE3C0447B19C, cid=879, SUCCESS, logIndex=1529, commits[2573df58-4087-4dd0-8598-5abddcc696b9:c1531]
2019-06-13 21:51:33,322 INFO  client.GrpcClientProtocolClient (GrpcClientProtocolClient.java:onNext(254)) - client-9C97446E6A25->2573df58-4087-4dd0-8598-5abddcc696b9: receive RaftClientReply:client-9C97446E6A25->2573df58-4087-4dd0-8598-5abddcc696b9@group-CE3C0447B19C, cid=880, SUCCESS, logIndex=1530, commits[2573df58-4087-4dd0-8598-5abddcc696b9:c1531]
2019-06-13 21:51:33,332 INFO  client.GrpcClientProtocolClient (GrpcClientProtocolClient.java:onNext(254)) - client-9C97446E6A25->2573df58-4087-4dd0-8598-5abddcc696b9: receive RaftClientReply:client-9C97446E6A25->2573df58-4087-4dd0-8598-5abddcc696b9@group-CE3C0447B19C, cid=881, SUCCESS, logIndex=1532, commits[2573df58-4087-4dd0-8598-5abddcc696b9:c1532]
2019-06-13 21:51:33,333 INFO  client.GrpcClientProtocolClient (GrpcClientProtocolClient.java:onNext(254)) - client-9C97446E6A25->2573df58-4087-4dd0-8598-5abddcc696b9: receive RaftClientReply:client-9C97446E6A25->2573df58-4087-4dd0-8598-5abddcc696b9@group-CE3C0447B19C, cid=882, SUCCESS, logIndex=1534, commits[2573df58-4087-4dd0-8598-5abddcc696b9:c1534]
2019-06-13 21:51:33,335 INFO  client.GrpcClientProtocolClient (GrpcClientProtocolClient.java:onNext(254)) - client-9C97446E6A25->2573df58-4087-4dd0-8598-5abddcc696b9: receive RaftClientReply:client-9C97446E6A25->2573df58-4087-4dd0-8598-5abddcc696b9@group-CE3C0447B19C, cid=883, SUCCESS, logIndex=1535, commits[2573df58-4087-4dd0-8598-5abddcc696b9:c1537]
2019-06-13 21:51:33,335 INFO  client.GrpcClientProtocolClient (GrpcClientProtocolClient.java:onNext(254)) - client-9C97446E6A25->2573df58-4087-4dd0-8598-5abddcc696b9: receive RaftClientReply:client-9C97446E6A25->2573df58-4087-4dd0-8598-5abddcc696b9@group-CE3C0447B19C, cid=884, SUCCESS, logIndex=1536, commits[2573df58-4087-4dd0-8598-5abddcc696b9:c1537]
2019-06-13 21:51:33,359 DEBUG block.SCMBlockDeletingService (SCMBlockDeletingService.java:call(138)) - Running DeletedBlockTransactionScanner
2019-06-13 21:51:33,359 DEBUG block.SCMBlockDeletingService (SCMBlockDeletingService.java:call(155)) - Scanned deleted blocks log and got 0 delTX to process.
2019-06-13 21:51:33,460 DEBUG block.SCMBlockDeletingService (SCMBlockDeletingService.java:call(138)) - Running DeletedBlockTransactionScanner
2019-06-13 21:51:33,461 DEBUG block.SCMBlockDeletingService (SCMBlockDeletingService.java:call(155)) - Scanned deleted blocks log and got 0 delTX to process.
2019-06-13 21:51:33,463 INFO  client.GrpcClientProtocolClient (GrpcClientProtocolClient.java:onNext(254)) - client-9C97446E6A25->2573df58-4087-4dd0-8598-5abddcc696b9: receive RaftClientReply:client-9C97446E6A25->2573df58-4087-4dd0-8598-5abddcc696b9@group-CE3C0447B19C, cid=885, SUCCESS, logIndex=1538, commits[2573df58-4087-4dd0-8598-5abddcc696b9:c1538]
2019-06-13 21:51:33,466 INFO  client.GrpcClientProtocolClient (GrpcClientProtocolClient.java:onNext(254)) - client-9C97446E6A25->2573df58-4087-4dd0-8598-5abddcc696b9: receive RaftClientReply:client-9C97446E6A25->2573df58-4087-4dd0-8598-5abddcc696b9@group-CE3C0447B19C, cid=886, SUCCESS, logIndex=1540, commits[2573df58-4087-4dd0-8598-5abddcc696b9:c1540]
2019-06-13 21:51:33,466 INFO  client.GrpcClientProtocolClient (GrpcClientProtocolClient.java:onNext(254)) - client-9C97446E6A25->2573df58-4087-4dd0-8598-5abddcc696b9: receive RaftClientReply:client-9C97446E6A25->2573df58-4087-4dd0-8598-5abddcc696b9@group-CE3C0447B19C, cid=887, SUCCESS, logIndex=1541, commits[2573df58-4087-4dd0-8598-5abddcc696b9:c1542]
2019-06-13 21:51:33,467 INFO  client.GrpcClientProtocolClient (GrpcClientProtocolClient.java:onNext(254)) - client-9C97446E6A25->2573df58-4087-4dd0-8598-5abddcc696b9: receive RaftClientReply:client-9C97446E6A25->2573df58-4087-4dd0-8598-5abddcc696b9@group-CE3C0447B19C, cid=888, SUCCESS, logIndex=1542, commits[2573df58-4087-4dd0-8598-5abddcc696b9:c1543]
2019-06-13 21:51:33,476 INFO  client.GrpcClientProtocolClient (GrpcClientProtocolClient.java:onNext(254)) - client-9C97446E6A25->2573df58-4087-4dd0-8598-5abddcc696b9: receive RaftClientReply:client-9C97446E6A25->2573df58-4087-4dd0-8598-5abddcc696b9@group-CE3C0447B19C, cid=889, SUCCESS, logIndex=1545, commits[2573df58-4087-4dd0-8598-5abddcc696b9:c1545]
2019-06-13 21:51:33,479 INFO  client.GrpcClientProtocolClient (GrpcClientProtocolClient.java:onNext(254)) - client-9C97446E6A25->2573df58-4087-4dd0-8598-5abddcc696b9: receive RaftClientReply:client-9C97446E6A25->2573df58-4087-4dd0-8598-5abddcc696b9@group-CE3C0447B19C, cid=890, SUCCESS, logIndex=1547, commits[2573df58-4087-4dd0-8598-5abddcc696b9:c1547]
2019-06-13 21:51:33,480 INFO  client.GrpcClientProtocolClient (GrpcClientProtocolClient.java:onNext(254)) - client-9C97446E6A25->2573df58-4087-4dd0-8598-5abddcc696b9: receive RaftClientReply:client-9C97446E6A25->2573df58-4087-4dd0-8598-5abddcc696b9@group-CE3C0447B19C, cid=891, SUCCESS, logIndex=1548, commits[2573df58-4087-4dd0-8598-5abddcc696b9:c1550]
2019-06-13 21:51:33,480 INFO  client.GrpcClientProtocolClient (GrpcClientProtocolClient.java:onNext(254)) - client-9C97446E6A25->2573df58-4087-4dd0-8598-5abddcc696b9: receive RaftClientReply:client-9C97446E6A25->2573df58-4087-4dd0-8598-5abddcc696b9@group-CE3C0447B19C, cid=892, SUCCESS, logIndex=1549, commits[2573df58-4087-4dd0-8598-5abddcc696b9:c1550]
2019-06-13 21:51:33,486 INFO  client.GrpcClientProtocolClient (GrpcClientProtocolClient.java:onNext(254)) - client-9C97446E6A25->2573df58-4087-4dd0-8598-5abddcc696b9: receive RaftClientReply:client-9C97446E6A25->2573df58-4087-4dd0-8598-5abddcc696b9@group-CE3C0447B19C, cid=893, SUCCESS, logIndex=1551, commits[2573df58-4087-4dd0-8598-5abddcc696b9:c1551]
2019-06-13 21:51:33,489 INFO  client.GrpcClientProtocolClient (GrpcClientProtocolClient.java:onNext(254)) - client-9C97446E6A25->2573df58-4087-4dd0-8598-5abddcc696b9: receive RaftClientReply:client-9C97446E6A25->2573df58-4087-4dd0-8598-5abddcc696b9@group-CE3C0447B19C, cid=894, SUCCESS, logIndex=1553, commits[2573df58-4087-4dd0-8598-5abddcc696b9:c1553]
2019-06-13 21:51:33,496 INFO  client.GrpcClientProtocolClient (GrpcClientProtocolClient.java:onNext(254)) - client-9C97446E6A25->2573df58-4087-4dd0-8598-5abddcc696b9: receive RaftClientReply:client-9C97446E6A25->2573df58-4087-4dd0-8598-5abddcc696b9@group-CE3C0447B19C, cid=895, SUCCESS, logIndex=1554, commits[2573df58-4087-4dd0-8598-5abddcc696b9:c1555]
2019-06-13 21:51:33,497 INFO  client.GrpcClientProtocolClient (GrpcClientProtocolClient.java:onNext(254)) - client-9C97446E6A25->2573df58-4087-4dd0-8598-5abddcc696b9: receive RaftClientReply:client-9C97446E6A25->2573df58-4087-4dd0-8598-5abddcc696b9@group-CE3C0447B19C, cid=896, SUCCESS, logIndex=1555, commits[2573df58-4087-4dd0-8598-5abddcc696b9:c1555]
2019-06-13 21:51:33,507 INFO  client.GrpcClientProtocolClient (GrpcClientProtocolClient.java:onNext(254)) - client-9C97446E6A25->2573df58-4087-4dd0-8598-5abddcc696b9: receive RaftClientReply:client-9C97446E6A25->2573df58-4087-4dd0-8598-5abddcc696b9@group-CE3C0447B19C, cid=897, SUCCESS, logIndex=1558, commits[2573df58-4087-4dd0-8598-5abddcc696b9:c1558]
2019-06-13 21:51:33,507 INFO  storage.RaftLogWorker (RaftLogWorker.java:rollLogSegment(303)) - 2573df58-4087-4dd0-8598-5abddcc696b9-RaftLogWorker: Rolling segment log-1490_1560 to index:1560
2019-06-13 21:51:33,508 INFO  storage.RaftLogWorker (RaftLogWorker.java:execute(433)) - 2573df58-4087-4dd0-8598-5abddcc696b9-RaftLogWorker: Rolled log segment from /opt/src/hadoop-ozone/integration-test/target/test-dir/MiniOzoneClusterImpl-8578056e-9b7b-4e66-9e9f-ef53d5cd7c03/datanode-0/data/ratis/7f5c2536-ed89-4233-9ec0-ce3c0447b19c/current/log_inprogress_1490 to /opt/src/hadoop-ozone/integration-test/target/test-dir/MiniOzoneClusterImpl-8578056e-9b7b-4e66-9e9f-ef53d5cd7c03/datanode-0/data/ratis/7f5c2536-ed89-4233-9ec0-ce3c0447b19c/current/log_1490-1560
2019-06-13 21:51:33,513 INFO  client.GrpcClientProtocolClient (GrpcClientProtocolClient.java:onNext(254)) - client-9C97446E6A25->2573df58-4087-4dd0-8598-5abddcc696b9: receive RaftClientReply:client-9C97446E6A25->2573df58-4087-4dd0-8598-5abddcc696b9@group-CE3C0447B19C, cid=898, SUCCESS, logIndex=1560, commits[2573df58-4087-4dd0-8598-5abddcc696b9:c1560]
2019-06-13 21:51:33,547 INFO  storage.RaftLogWorker (RaftLogWorker.java:execute(469)) - 2573df58-4087-4dd0-8598-5abddcc696b9-RaftLogWorker: created new log segment /opt/src/hadoop-ozone/integration-test/target/test-dir/MiniOzoneClusterImpl-8578056e-9b7b-4e66-9e9f-ef53d5cd7c03/datanode-0/data/ratis/7f5c2536-ed89-4233-9ec0-ce3c0447b19c/current/log_inprogress_1561
2019-06-13 21:51:33,549 INFO  client.GrpcClientProtocolClient (GrpcClientProtocolClient.java:onNext(254)) - client-9C97446E6A25->2573df58-4087-4dd0-8598-5abddcc696b9: receive RaftClientReply:client-9C97446E6A25->2573df58-4087-4dd0-8598-5abddcc696b9@group-CE3C0447B19C, cid=899, SUCCESS, logIndex=1561, commits[2573df58-4087-4dd0-8598-5abddcc696b9:c1563]
2019-06-13 21:51:33,550 INFO  client.GrpcClientProtocolClient (GrpcClientProtocolClient.java:onNext(254)) - client-9C97446E6A25->2573df58-4087-4dd0-8598-5abddcc696b9: receive RaftClientReply:client-9C97446E6A25->2573df58-4087-4dd0-8598-5abddcc696b9@group-CE3C0447B19C, cid=900, SUCCESS, logIndex=1562, commits[2573df58-4087-4dd0-8598-5abddcc696b9:c1563]
2019-06-13 21:51:33,558 INFO  client.GrpcClientProtocolClient (GrpcClientProtocolClient.java:onNext(254)) - client-9C97446E6A25->2573df58-4087-4dd0-8598-5abddcc696b9: receive RaftClientReply:client-9C97446E6A25->2573df58-4087-4dd0-8598-5abddcc696b9@group-CE3C0447B19C, cid=901, SUCCESS, logIndex=1564, commits[2573df58-4087-4dd0-8598-5abddcc696b9:c1564]
2019-06-13 21:51:33,560 INFO  client.GrpcClientProtocolClient (GrpcClientProtocolClient.java:onNext(254)) - client-9C97446E6A25->2573df58-4087-4dd0-8598-5abddcc696b9: receive RaftClientReply:client-9C97446E6A25->2573df58-4087-4dd0-8598-5abddcc696b9@group-CE3C0447B19C, cid=902, SUCCESS, logIndex=1566, commits[2573df58-4087-4dd0-8598-5abddcc696b9:c1566]
2019-06-13 21:51:33,561 INFO  client.GrpcClientProtocolClient (GrpcClientProtocolClient.java:onNext(254)) - client-9C97446E6A25->2573df58-4087-4dd0-8598-5abddcc696b9: receive RaftClientReply:client-9C97446E6A25->2573df58-4087-4dd0-8598-5abddcc696b9@group-CE3C0447B19C, cid=903, SUCCESS, logIndex=1567, commits[2573df58-4087-4dd0-8598-5abddcc696b9:c1569]
2019-06-13 21:51:33,561 DEBUG block.SCMBlockDeletingService (SCMBlockDeletingService.java:call(138)) - Running DeletedBlockTransactionScanner
2019-06-13 21:51:33,561 DEBUG block.SCMBlockDeletingService (SCMBlockDeletingService.java:call(155)) - Scanned deleted blocks log and got 0 delTX to process.
2019-06-13 21:51:33,562 INFO  client.GrpcClientProtocolClient (GrpcClientProtocolClient.java:onNext(254)) - client-9C97446E6A25->2573df58-4087-4dd0-8598-5abddcc696b9: receive RaftClientReply:client-9C97446E6A25->2573df58-4087-4dd0-8598-5abddcc696b9@group-CE3C0447B19C, cid=904, SUCCESS, logIndex=1568, commits[2573df58-4087-4dd0-8598-5abddcc696b9:c1569]
2019-06-13 21:51:33,571 INFO  client.GrpcClientProtocolClient (GrpcClientProtocolClient.java:onNext(254)) - client-9C97446E6A25->2573df58-4087-4dd0-8598-5abddcc696b9: receive RaftClientReply:client-9C97446E6A25->2573df58-4087-4dd0-8598-5abddcc696b9@group-CE3C0447B19C, cid=905, SUCCESS, logIndex=1570, commits[2573df58-4087-4dd0-8598-5abddcc696b9:c1570]
2019-06-13 21:51:33,573 INFO  client.GrpcClientProtocolClient (GrpcClientProtocolClient.java:onNext(254)) - client-9C97446E6A25->2573df58-4087-4dd0-8598-5abddcc696b9: receive RaftClientReply:client-9C97446E6A25->2573df58-4087-4dd0-8598-5abddcc696b9@group-CE3C0447B19C, cid=906, SUCCESS, logIndex=1572, commits[2573df58-4087-4dd0-8598-5abddcc696b9:c1572]
2019-06-13 21:51:33,574 INFO  client.GrpcClientProtocolClient (GrpcClientProtocolClient.java:onNext(254)) - client-9C97446E6A25->2573df58-4087-4dd0-8598-5abddcc696b9: receive RaftClientReply:client-9C97446E6A25->2573df58-4087-4dd0-8598-5abddcc696b9@group-CE3C0447B19C, cid=907, SUCCESS, logIndex=1573, commits[2573df58-4087-4dd0-8598-5abddcc696b9:c1575]
2019-06-13 21:51:33,574 INFO  client.GrpcClientProtocolClient (GrpcClientProtocolClient.java:onNext(254)) - client-9C97446E6A25->2573df58-4087-4dd0-8598-5abddcc696b9: receive RaftClientReply:client-9C97446E6A25->2573df58-4087-4dd0-8598-5abddcc696b9@group-CE3C0447B19C, cid=908, SUCCESS, logIndex=1575, commits[2573df58-4087-4dd0-8598-5abddcc696b9:c1575]
2019-06-13 21:51:33,580 INFO  client.GrpcClientProtocolClient (GrpcClientProtocolClient.java:onNext(254)) - client-9C97446E6A25->2573df58-4087-4dd0-8598-5abddcc696b9: receive RaftClientReply:client-9C97446E6A25->2573df58-4087-4dd0-8598-5abddcc696b9@group-CE3C0447B19C, cid=909, SUCCESS, logIndex=1577, commits[2573df58-4087-4dd0-8598-5abddcc696b9:c1577]
2019-06-13 21:51:33,582 INFO  client.GrpcClientProtocolClient (GrpcClientProtocolClient.java:onNext(254)) - client-9C97446E6A25->2573df58-4087-4dd0-8598-5abddcc696b9: receive RaftClientReply:client-9C97446E6A25->2573df58-4087-4dd0-8598-5abddcc696b9@group-CE3C0447B19C, cid=910, SUCCESS, logIndex=1579, commits[2573df58-4087-4dd0-8598-5abddcc696b9:c1579]
2019-06-13 21:51:33,583 INFO  client.GrpcClientProtocolClient (GrpcClientProtocolClient.java:onNext(254)) - client-9C97446E6A25->2573df58-4087-4dd0-8598-5abddcc696b9: receive RaftClientReply:client-9C97446E6A25->2573df58-4087-4dd0-8598-5abddcc696b9@group-CE3C0447B19C, cid=911, SUCCESS, logIndex=1580, commits[2573df58-4087-4dd0-8598-5abddcc696b9:c1581]
2019-06-13 21:51:33,583 INFO  client.GrpcClientProtocolClient (GrpcClientProtocolClient.java:onNext(254)) - client-9C97446E6A25->2573df58-4087-4dd0-8598-5abddcc696b9: receive RaftClientReply:client-9C97446E6A25->2573df58-4087-4dd0-8598-5abddcc696b9@group-CE3C0447B19C, cid=912, SUCCESS, logIndex=1581, commits[2573df58-4087-4dd0-8598-5abddcc696b9:c1581]
2019-06-13 21:51:33,595 INFO  client.GrpcClientProtocolClient (GrpcClientProtocolClient.java:onNext(254)) - client-9C97446E6A25->2573df58-4087-4dd0-8598-5abddcc696b9: receive RaftClientReply:client-9C97446E6A25->2573df58-4087-4dd0-8598-5abddcc696b9@group-CE3C0447B19C, cid=913, SUCCESS, logIndex=1584, commits[2573df58-4087-4dd0-8598-5abddcc696b9:c1584]
2019-06-13 21:51:33,596 INFO  client.GrpcClientProtocolClient (GrpcClientProtocolClient.java:onNext(254)) - client-9C97446E6A25->2573df58-4087-4dd0-8598-5abddcc696b9: receive RaftClientReply:client-9C97446E6A25->2573df58-4087-4dd0-8598-5abddcc696b9@group-CE3C0447B19C, cid=914, SUCCESS, logIndex=1586, commits[2573df58-4087-4dd0-8598-5abddcc696b9:c1586]
2019-06-13 21:51:33,598 INFO  client.GrpcClientProtocolClient (GrpcClientProtocolClient.java:onNext(254)) - client-9C97446E6A25->2573df58-4087-4dd0-8598-5abddcc696b9: receive RaftClientReply:client-9C97446E6A25->2573df58-4087-4dd0-8598-5abddcc696b9@group-CE3C0447B19C, cid=915, SUCCESS, logIndex=1587, commits[2573df58-4087-4dd0-8598-5abddcc696b9:c1589]
2019-06-13 21:51:33,598 INFO  client.GrpcClientProtocolClient (GrpcClientProtocolClient.java:onNext(254)) - client-9C97446E6A25->2573df58-4087-4dd0-8598-5abddcc696b9: receive RaftClientReply:client-9C97446E6A25->2573df58-4087-4dd0-8598-5abddcc696b9@group-CE3C0447B19C, cid=916, SUCCESS, logIndex=1588, commits[2573df58-4087-4dd0-8598-5abddcc696b9:c1589]
2019-06-13 21:51:33,604 INFO  client.GrpcClientProtocolClient (GrpcClientProtocolClient.java:onNext(254)) - client-9C97446E6A25->2573df58-4087-4dd0-8598-5abddcc696b9: receive RaftClientReply:client-9C97446E6A25->2573df58-4087-4dd0-8598-5abddcc696b9@group-CE3C0447B19C, cid=917, SUCCESS, logIndex=1590, commits[2573df58-4087-4dd0-8598-5abddcc696b9:c1590]
2019-06-13 21:51:33,606 INFO  client.GrpcClientProtocolClient (GrpcClientProtocolClient.java:onNext(254)) - client-9C97446E6A25->2573df58-4087-4dd0-8598-5abddcc696b9: receive RaftClientReply:client-9C97446E6A25->2573df58-4087-4dd0-8598-5abddcc696b9@group-CE3C0447B19C, cid=918, SUCCESS, logIndex=1592, commits[2573df58-4087-4dd0-8598-5abddcc696b9:c1592]
2019-06-13 21:51:33,607 INFO  client.GrpcClientProtocolClient (GrpcClientProtocolClient.java:onNext(254)) - client-9C97446E6A25->2573df58-4087-4dd0-8598-5abddcc696b9: receive RaftClientReply:client-9C97446E6A25->2573df58-4087-4dd0-8598-5abddcc696b9@group-CE3C0447B19C, cid=919, SUCCESS, logIndex=1593, commits[2573df58-4087-4dd0-8598-5abddcc696b9:c1595]
2019-06-13 21:51:33,608 INFO  client.GrpcClientProtocolClient (GrpcClientProtocolClient.java:onNext(254)) - client-9C97446E6A25->2573df58-4087-4dd0-8598-5abddcc696b9: receive RaftClientReply:client-9C97446E6A25->2573df58-4087-4dd0-8598-5abddcc696b9@group-CE3C0447B19C, cid=920, SUCCESS, logIndex=1594, commits[2573df58-4087-4dd0-8598-5abddcc696b9:c1595]
2019-06-13 21:51:33,617 INFO  client.GrpcClientProtocolClient (GrpcClientProtocolClient.java:onNext(254)) - client-9C97446E6A25->2573df58-4087-4dd0-8598-5abddcc696b9: receive RaftClientReply:client-9C97446E6A25->2573df58-4087-4dd0-8598-5abddcc696b9@group-CE3C0447B19C, cid=921, SUCCESS, logIndex=1596, commits[2573df58-4087-4dd0-8598-5abddcc696b9:c1596]
2019-06-13 21:51:33,619 INFO  client.GrpcClientProtocolClient (GrpcClientProtocolClient.java:onNext(254)) - client-9C97446E6A25->2573df58-4087-4dd0-8598-5abddcc696b9: receive RaftClientReply:client-9C97446E6A25->2573df58-4087-4dd0-8598-5abddcc696b9@group-CE3C0447B19C, cid=922, SUCCESS, logIndex=1598, commits[2573df58-4087-4dd0-8598-5abddcc696b9:c1598]
2019-06-13 21:51:33,620 INFO  client.GrpcClientProtocolClient (GrpcClientProtocolClient.java:onNext(254)) - client-9C97446E6A25->2573df58-4087-4dd0-8598-5abddcc696b9: receive RaftClientReply:client-9C97446E6A25->2573df58-4087-4dd0-8598-5abddcc696b9@group-CE3C0447B19C, cid=923, SUCCESS, logIndex=1599, commits[2573df58-4087-4dd0-8598-5abddcc696b9:c1601]
2019-06-13 21:51:33,621 INFO  client.GrpcClientProtocolClient (GrpcClientProtocolClient.java:onNext(254)) - client-9C97446E6A25->2573df58-4087-4dd0-8598-5abddcc696b9: receive RaftClientReply:client-9C97446E6A25->2573df58-4087-4dd0-8598-5abddcc696b9@group-CE3C0447B19C, cid=924, SUCCESS, logIndex=1600, commits[2573df58-4087-4dd0-8598-5abddcc696b9:c1601]
2019-06-13 21:51:33,626 INFO  client.GrpcClientProtocolClient (GrpcClientProtocolClient.java:onNext(254)) - client-9C97446E6A25->2573df58-4087-4dd0-8598-5abddcc696b9: receive RaftClientReply:client-9C97446E6A25->2573df58-4087-4dd0-8598-5abddcc696b9@group-CE3C0447B19C, cid=925, SUCCESS, logIndex=1602, commits[2573df58-4087-4dd0-8598-5abddcc696b9:c1602]
2019-06-13 21:51:33,628 INFO  client.GrpcClientProtocolClient (GrpcClientProtocolClient.java:onNext(254)) - client-9C97446E6A25->2573df58-4087-4dd0-8598-5abddcc696b9: receive RaftClientReply:client-9C97446E6A25->2573df58-4087-4dd0-8598-5abddcc696b9@group-CE3C0447B19C, cid=926, SUCCESS, logIndex=1604, commits[2573df58-4087-4dd0-8598-5abddcc696b9:c1604]
2019-06-13 21:51:33,629 INFO  client.GrpcClientProtocolClient (GrpcClientProtocolClient.java:onNext(254)) - client-9C97446E6A25->2573df58-4087-4dd0-8598-5abddcc696b9: receive RaftClientReply:client-9C97446E6A25->2573df58-4087-4dd0-8598-5abddcc696b9@group-CE3C0447B19C, cid=927, SUCCESS, logIndex=1605, commits[2573df58-4087-4dd0-8598-5abddcc696b9:c1607]
2019-06-13 21:51:33,630 INFO  client.GrpcClientProtocolClient (GrpcClientProtocolClient.java:onNext(254)) - client-9C97446E6A25->2573df58-4087-4dd0-8598-5abddcc696b9: receive RaftClientReply:client-9C97446E6A25->2573df58-4087-4dd0-8598-5abddcc696b9@group-CE3C0447B19C, cid=928, SUCCESS, logIndex=1606, commits[2573df58-4087-4dd0-8598-5abddcc696b9:c1607]
2019-06-13 21:51:33,661 DEBUG block.SCMBlockDeletingService (SCMBlockDeletingService.java:call(138)) - Running DeletedBlockTransactionScanner
2019-06-13 21:51:33,662 DEBUG block.SCMBlockDeletingService (SCMBlockDeletingService.java:call(155)) - Scanned deleted blocks log and got 0 delTX to process.
2019-06-13 21:51:33,706 INFO  client.GrpcClientProtocolClient (GrpcClientProtocolClient.java:onNext(254)) - client-9C97446E6A25->2573df58-4087-4dd0-8598-5abddcc696b9: receive RaftClientReply:client-9C97446E6A25->2573df58-4087-4dd0-8598-5abddcc696b9@group-CE3C0447B19C, cid=929, SUCCESS, logIndex=1608, commits[2573df58-4087-4dd0-8598-5abddcc696b9:c1608]
2019-06-13 21:51:33,708 INFO  client.GrpcClientProtocolClient (GrpcClientProtocolClient.java:onNext(254)) - client-9C97446E6A25->2573df58-4087-4dd0-8598-5abddcc696b9: receive RaftClientReply:client-9C97446E6A25->2573df58-4087-4dd0-8598-5abddcc696b9@group-CE3C0447B19C, cid=930, SUCCESS, logIndex=1610, commits[2573df58-4087-4dd0-8598-5abddcc696b9:c1610]
2019-06-13 21:51:33,709 INFO  client.GrpcClientProtocolClient (GrpcClientProtocolClient.java:onNext(254)) - client-9C97446E6A25->2573df58-4087-4dd0-8598-5abddcc696b9: receive RaftClientReply:client-9C97446E6A25->2573df58-4087-4dd0-8598-5abddcc696b9@group-CE3C0447B19C, cid=931, SUCCESS, logIndex=1611, commits[2573df58-4087-4dd0-8598-5abddcc696b9:c1613]
2019-06-13 21:51:33,709 INFO  client.GrpcClientProtocolClient (GrpcClientProtocolClient.java:onNext(254)) - client-9C97446E6A25->2573df58-4087-4dd0-8598-5abddcc696b9: receive RaftClientReply:client-9C97446E6A25->2573df58-4087-4dd0-8598-5abddcc696b9@group-CE3C0447B19C, cid=932, SUCCESS, logIndex=1613, commits[2573df58-4087-4dd0-8598-5abddcc696b9:c1613]
2019-06-13 21:51:33,715 INFO  client.GrpcClientProtocolClient (GrpcClientProtocolClient.java:onNext(254)) - client-9C97446E6A25->2573df58-4087-4dd0-8598-5abddcc696b9: receive RaftClientReply:client-9C97446E6A25->2573df58-4087-4dd0-8598-5abddcc696b9@group-CE3C0447B19C, cid=933, SUCCESS, logIndex=1615, commits[2573df58-4087-4dd0-8598-5abddcc696b9:c1615]
2019-06-13 21:51:33,717 INFO  client.GrpcClientProtocolClient (GrpcClientProtocolClient.java:onNext(254)) - client-9C97446E6A25->2573df58-4087-4dd0-8598-5abddcc696b9: receive RaftClientReply:client-9C97446E6A25->2573df58-4087-4dd0-8598-5abddcc696b9@group-CE3C0447B19C, cid=934, SUCCESS, logIndex=1617, commits[2573df58-4087-4dd0-8598-5abddcc696b9:c1617]
2019-06-13 21:51:33,718 INFO  client.GrpcClientProtocolClient (GrpcClientProtocolClient.java:onNext(254)) - client-9C97446E6A25->2573df58-4087-4dd0-8598-5abddcc696b9: receive RaftClientReply:client-9C97446E6A25->2573df58-4087-4dd0-8598-5abddcc696b9@group-CE3C0447B19C, cid=935, SUCCESS, logIndex=1618, commits[2573df58-4087-4dd0-8598-5abddcc696b9:c1620]
2019-06-13 21:51:33,718 INFO  client.GrpcClientProtocolClient (GrpcClientProtocolClient.java:onNext(254)) - client-9C97446E6A25->2573df58-4087-4dd0-8598-5abddcc696b9: receive RaftClientReply:client-9C97446E6A25->2573df58-4087-4dd0-8598-5abddcc696b9@group-CE3C0447B19C, cid=936, SUCCESS, logIndex=1619, commits[2573df58-4087-4dd0-8598-5abddcc696b9:c1620]
2019-06-13 21:51:33,729 INFO  client.GrpcClientProtocolClient (GrpcClientProtocolClient.java:onNext(254)) - client-9C97446E6A25->2573df58-4087-4dd0-8598-5abddcc696b9: receive RaftClientReply:client-9C97446E6A25->2573df58-4087-4dd0-8598-5abddcc696b9@group-CE3C0447B19C, cid=937, SUCCESS, logIndex=1621, commits[2573df58-4087-4dd0-8598-5abddcc696b9:c1622]
2019-06-13 21:51:33,731 INFO  client.GrpcClientProtocolClient (GrpcClientProtocolClient.java:onNext(254)) - client-9C97446E6A25->2573df58-4087-4dd0-8598-5abddcc696b9: receive RaftClientReply:client-9C97446E6A25->2573df58-4087-4dd0-8598-5abddcc696b9@group-CE3C0447B19C, cid=938, SUCCESS, logIndex=1623, commits[2573df58-4087-4dd0-8598-5abddcc696b9:c1623]
2019-06-13 21:51:33,732 INFO  client.GrpcClientProtocolClient (GrpcClientProtocolClient.java:onNext(254)) - client-9C97446E6A25->2573df58-4087-4dd0-8598-5abddcc696b9: receive RaftClientReply:client-9C97446E6A25->2573df58-4087-4dd0-8598-5abddcc696b9@group-CE3C0447B19C, cid=939, SUCCESS, logIndex=1624, commits[2573df58-4087-4dd0-8598-5abddcc696b9:c1625]
2019-06-13 21:51:33,732 INFO  client.GrpcClientProtocolClient (GrpcClientProtocolClient.java:onNext(254)) - client-9C97446E6A25->2573df58-4087-4dd0-8598-5abddcc696b9: receive RaftClientReply:client-9C97446E6A25->2573df58-4087-4dd0-8598-5abddcc696b9@group-CE3C0447B19C, cid=940, SUCCESS, logIndex=1625, commits[2573df58-4087-4dd0-8598-5abddcc696b9:c1625]
2019-06-13 21:51:33,738 INFO  client.GrpcClientProtocolClient (GrpcClientProtocolClient.java:onNext(254)) - client-9C97446E6A25->2573df58-4087-4dd0-8598-5abddcc696b9: receive RaftClientReply:client-9C97446E6A25->2573df58-4087-4dd0-8598-5abddcc696b9@group-CE3C0447B19C, cid=941, SUCCESS, logIndex=1628, commits[2573df58-4087-4dd0-8598-5abddcc696b9:c1628]
2019-06-13 21:51:33,738 INFO  storage.RaftLogWorker (RaftLogWorker.java:rollLogSegment(303)) - 2573df58-4087-4dd0-8598-5abddcc696b9-RaftLogWorker: Rolling segment log-1561_1629 to index:1629
2019-06-13 21:51:33,739 INFO  storage.RaftLogWorker (RaftLogWorker.java:execute(433)) - 2573df58-4087-4dd0-8598-5abddcc696b9-RaftLogWorker: Rolled log segment from /opt/src/hadoop-ozone/integration-test/target/test-dir/MiniOzoneClusterImpl-8578056e-9b7b-4e66-9e9f-ef53d5cd7c03/datanode-0/data/ratis/7f5c2536-ed89-4233-9ec0-ce3c0447b19c/current/log_inprogress_1561 to /opt/src/hadoop-ozone/integration-test/target/test-dir/MiniOzoneClusterImpl-8578056e-9b7b-4e66-9e9f-ef53d5cd7c03/datanode-0/data/ratis/7f5c2536-ed89-4233-9ec0-ce3c0447b19c/current/log_1561-1629
2019-06-13 21:51:33,762 DEBUG block.SCMBlockDeletingService (SCMBlockDeletingService.java:call(138)) - Running DeletedBlockTransactionScanner
2019-06-13 21:51:33,762 DEBUG block.SCMBlockDeletingService (SCMBlockDeletingService.java:call(155)) - Scanned deleted blocks log and got 0 delTX to process.
2019-06-13 21:51:33,779 INFO  storage.RaftLogWorker (RaftLogWorker.java:execute(469)) - 2573df58-4087-4dd0-8598-5abddcc696b9-RaftLogWorker: created new log segment /opt/src/hadoop-ozone/integration-test/target/test-dir/MiniOzoneClusterImpl-8578056e-9b7b-4e66-9e9f-ef53d5cd7c03/datanode-0/data/ratis/7f5c2536-ed89-4233-9ec0-ce3c0447b19c/current/log_inprogress_1630
2019-06-13 21:51:33,782 INFO  client.GrpcClientProtocolClient (GrpcClientProtocolClient.java:onNext(254)) - client-9C97446E6A25->2573df58-4087-4dd0-8598-5abddcc696b9: receive RaftClientReply:client-9C97446E6A25->2573df58-4087-4dd0-8598-5abddcc696b9@group-CE3C0447B19C, cid=942, SUCCESS, logIndex=1630, commits[2573df58-4087-4dd0-8598-5abddcc696b9:c1632]
2019-06-13 21:51:33,782 INFO  client.GrpcClientProtocolClient (GrpcClientProtocolClient.java:onNext(254)) - client-9C97446E6A25->2573df58-4087-4dd0-8598-5abddcc696b9: receive RaftClientReply:client-9C97446E6A25->2573df58-4087-4dd0-8598-5abddcc696b9@group-CE3C0447B19C, cid=943, SUCCESS, logIndex=1631, commits[2573df58-4087-4dd0-8598-5abddcc696b9:c1633]
2019-06-13 21:51:33,783 INFO  client.GrpcClientProtocolClient (GrpcClientProtocolClient.java:onNext(254)) - client-9C97446E6A25->2573df58-4087-4dd0-8598-5abddcc696b9: receive RaftClientReply:client-9C97446E6A25->2573df58-4087-4dd0-8598-5abddcc696b9@group-CE3C0447B19C, cid=944, SUCCESS, logIndex=1632, commits[2573df58-4087-4dd0-8598-5abddcc696b9:c1633]
2019-06-13 21:51:33,792 INFO  client.GrpcClientProtocolClient (GrpcClientProtocolClient.java:onNext(254)) - client-9C97446E6A25->2573df58-4087-4dd0-8598-5abddcc696b9: receive RaftClientReply:client-9C97446E6A25->2573df58-4087-4dd0-8598-5abddcc696b9@group-CE3C0447B19C, cid=945, SUCCESS, logIndex=1634, commits[2573df58-4087-4dd0-8598-5abddcc696b9:c1634]
2019-06-13 21:51:33,795 INFO  client.GrpcClientProtocolClient (GrpcClientProtocolClient.java:onNext(254)) - client-9C97446E6A25->2573df58-4087-4dd0-8598-5abddcc696b9: receive RaftClientReply:client-9C97446E6A25->2573df58-4087-4dd0-8598-5abddcc696b9@group-CE3C0447B19C, cid=946, SUCCESS, logIndex=1636, commits[2573df58-4087-4dd0-8598-5abddcc696b9:c1636]
2019-06-13 21:51:33,796 INFO  client.GrpcClientProtocolClient (GrpcClientProtocolClient.java:onNext(254)) - client-9C97446E6A25->2573df58-4087-4dd0-8598-5abddcc696b9: receive RaftClientReply:client-9C97446E6A25->2573df58-4087-4dd0-8598-5abddcc696b9@group-CE3C0447B19C, cid=947, SUCCESS, logIndex=1637, commits[2573df58-4087-4dd0-8598-5abddcc696b9:c1637]
2019-06-13 21:51:33,796 INFO  client.GrpcClientProtocolClient (GrpcClientProtocolClient.java:onNext(254)) - client-9C97446E6A25->2573df58-4087-4dd0-8598-5abddcc696b9: receive RaftClientReply:client-9C97446E6A25->2573df58-4087-4dd0-8598-5abddcc696b9@group-CE3C0447B19C, cid=948, SUCCESS, logIndex=1638, commits[2573df58-4087-4dd0-8598-5abddcc696b9:c1639]
2019-06-13 21:51:33,802 INFO  client.GrpcClientProtocolClient (GrpcClientProtocolClient.java:onNext(254)) - client-9C97446E6A25->2573df58-4087-4dd0-8598-5abddcc696b9: receive RaftClientReply:client-9C97446E6A25->2573df58-4087-4dd0-8598-5abddcc696b9@group-CE3C0447B19C, cid=949, SUCCESS, logIndex=1641, commits[2573df58-4087-4dd0-8598-5abddcc696b9:c1641]
2019-06-13 21:51:33,804 INFO  client.GrpcClientProtocolClient (GrpcClientProtocolClient.java:onNext(254)) - client-9C97446E6A25->2573df58-4087-4dd0-8598-5abddcc696b9: receive RaftClientReply:client-9C97446E6A25->2573df58-4087-4dd0-8598-5abddcc696b9@group-CE3C0447B19C, cid=950, SUCCESS, logIndex=1643, commits[2573df58-4087-4dd0-8598-5abddcc696b9:c1643]
2019-06-13 21:51:33,805 INFO  client.GrpcClientProtocolClient (GrpcClientProtocolClient.java:onNext(254)) - client-9C97446E6A25->2573df58-4087-4dd0-8598-5abddcc696b9: receive RaftClientReply:client-9C97446E6A25->2573df58-4087-4dd0-8598-5abddcc696b9@group-CE3C0447B19C, cid=951, SUCCESS, logIndex=1644, commits[2573df58-4087-4dd0-8598-5abddcc696b9:c1646]
2019-06-13 21:51:33,806 INFO  client.GrpcClientProtocolClient (GrpcClientProtocolClient.java:onNext(254)) - client-9C97446E6A25->2573df58-4087-4dd0-8598-5abddcc696b9: receive RaftClientReply:client-9C97446E6A25->2573df58-4087-4dd0-8598-5abddcc696b9@group-CE3C0447B19C, cid=952, SUCCESS, logIndex=1646, commits[2573df58-4087-4dd0-8598-5abddcc696b9:c1646]
2019-06-13 21:51:33,816 INFO  client.GrpcClientProtocolClient (GrpcClientProtocolClient.java:onNext(254)) - client-9C97446E6A25->2573df58-4087-4dd0-8598-5abddcc696b9: receive RaftClientReply:client-9C97446E6A25->2573df58-4087-4dd0-8598-5abddcc696b9@group-CE3C0447B19C, cid=953, SUCCESS, logIndex=1648, commits[2573df58-4087-4dd0-8598-5abddcc696b9:c1648]
2019-06-13 21:51:33,818 INFO  client.GrpcClientProtocolClient (GrpcClientProtocolClient.java:onNext(254)) - client-9C97446E6A25->2573df58-4087-4dd0-8598-5abddcc696b9: receive RaftClientReply:client-9C97446E6A25->2573df58-4087-4dd0-8598-5abddcc696b9@group-CE3C0447B19C, cid=954, SUCCESS, logIndex=1650, commits[2573df58-4087-4dd0-8598-5abddcc696b9:c1650]
2019-06-13 21:51:33,819 INFO  client.GrpcClientProtocolClient (GrpcClientProtocolClient.java:onNext(254)) - client-9C97446E6A25->2573df58-4087-4dd0-8598-5abddcc696b9: receive RaftClientReply:client-9C97446E6A25->2573df58-4087-4dd0-8598-5abddcc696b9@group-CE3C0447B19C, cid=955, SUCCESS, logIndex=1651, commits[2573df58-4087-4dd0-8598-5abddcc696b9:c1653]
2019-06-13 21:51:33,820 INFO  client.GrpcClientProtocolClient (GrpcClientProtocolClient.java:onNext(254)) - client-9C97446E6A25->2573df58-4087-4dd0-8598-5abddcc696b9: receive RaftClientReply:client-9C97446E6A25->2573df58-4087-4dd0-8598-5abddcc696b9@group-CE3C0447B19C, cid=956, SUCCESS, logIndex=1653, commits[2573df58-4087-4dd0-8598-5abddcc696b9:c1653]
2019-06-13 21:51:33,825 INFO  client.GrpcClientProtocolClient (GrpcClientProtocolClient.java:onNext(254)) - client-9C97446E6A25->2573df58-4087-4dd0-8598-5abddcc696b9: receive RaftClientReply:client-9C97446E6A25->2573df58-4087-4dd0-8598-5abddcc696b9@group-CE3C0447B19C, cid=957, SUCCESS, logIndex=1655, commits[2573df58-4087-4dd0-8598-5abddcc696b9:c1655]
2019-06-13 21:51:33,827 INFO  client.GrpcClientProtocolClient (GrpcClientProtocolClient.java:onNext(254)) - client-9C97446E6A25->2573df58-4087-4dd0-8598-5abddcc696b9: receive RaftClientReply:client-9C97446E6A25->2573df58-4087-4dd0-8598-5abddcc696b9@group-CE3C0447B19C, cid=958, SUCCESS, logIndex=1657, commits[2573df58-4087-4dd0-8598-5abddcc696b9:c1657]
2019-06-13 21:51:33,828 INFO  client.GrpcClientProtocolClient (GrpcClientProtocolClient.java:onNext(254)) - client-9C97446E6A25->2573df58-4087-4dd0-8598-5abddcc696b9: receive RaftClientReply:client-9C97446E6A25->2573df58-4087-4dd0-8598-5abddcc696b9@group-CE3C0447B19C, cid=959, SUCCESS, logIndex=1658, commits[2573df58-4087-4dd0-8598-5abddcc696b9:c1660]
2019-06-13 21:51:33,829 INFO  client.GrpcClientProtocolClient (GrpcClientProtocolClient.java:onNext(254)) - client-9C97446E6A25->2573df58-4087-4dd0-8598-5abddcc696b9: receive RaftClientReply:client-9C97446E6A25->2573df58-4087-4dd0-8598-5abddcc696b9@group-CE3C0447B19C, cid=960, SUCCESS, logIndex=1659, commits[2573df58-4087-4dd0-8598-5abddcc696b9:c1660]
2019-06-13 21:51:33,839 INFO  client.GrpcClientProtocolClient (GrpcClientProtocolClient.java:onNext(254)) - client-9C97446E6A25->2573df58-4087-4dd0-8598-5abddcc696b9: receive RaftClientReply:client-9C97446E6A25->2573df58-4087-4dd0-8598-5abddcc696b9@group-CE3C0447B19C, cid=961, SUCCESS, logIndex=1661, commits[2573df58-4087-4dd0-8598-5abddcc696b9:c1661]
2019-06-13 21:51:33,842 INFO  client.GrpcClientProtocolClient (GrpcClientProtocolClient.java:onNext(254)) - client-9C97446E6A25->2573df58-4087-4dd0-8598-5abddcc696b9: receive RaftClientReply:client-9C97446E6A25->2573df58-4087-4dd0-8598-5abddcc696b9@group-CE3C0447B19C, cid=962, SUCCESS, logIndex=1663, commits[2573df58-4087-4dd0-8598-5abddcc696b9:c1663]
2019-06-13 21:51:33,842 INFO  client.GrpcClientProtocolClient (GrpcClientProtocolClient.java:onNext(254)) - client-9C97446E6A25->2573df58-4087-4dd0-8598-5abddcc696b9: receive RaftClientReply:client-9C97446E6A25->2573df58-4087-4dd0-8598-5abddcc696b9@group-CE3C0447B19C, cid=963, SUCCESS, logIndex=1664, commits[2573df58-4087-4dd0-8598-5abddcc696b9:c1665]
2019-06-13 21:51:33,843 INFO  client.GrpcClientProtocolClient (GrpcClientProtocolClient.java:onNext(254)) - client-9C97446E6A25->2573df58-4087-4dd0-8598-5abddcc696b9: receive RaftClientReply:client-9C97446E6A25->2573df58-4087-4dd0-8598-5abddcc696b9@group-CE3C0447B19C, cid=964, SUCCESS, logIndex=1665, commits[2573df58-4087-4dd0-8598-5abddcc696b9:c1666]
2019-06-13 21:51:33,849 INFO  client.GrpcClientProtocolClient (GrpcClientProtocolClient.java:onNext(254)) - client-9C97446E6A25->2573df58-4087-4dd0-8598-5abddcc696b9: receive RaftClientReply:client-9C97446E6A25->2573df58-4087-4dd0-8598-5abddcc696b9@group-CE3C0447B19C, cid=965, SUCCESS, logIndex=1668, commits[2573df58-4087-4dd0-8598-5abddcc696b9:c1668]
2019-06-13 21:51:33,851 INFO  client.GrpcClientProtocolClient (GrpcClientProtocolClient.java:onNext(254)) - client-9C97446E6A25->2573df58-4087-4dd0-8598-5abddcc696b9: receive RaftClientReply:client-9C97446E6A25->2573df58-4087-4dd0-8598-5abddcc696b9@group-CE3C0447B19C, cid=966, SUCCESS, logIndex=1670, commits[2573df58-4087-4dd0-8598-5abddcc696b9:c1670]
2019-06-13 21:51:33,852 INFO  client.GrpcClientProtocolClient (GrpcClientProtocolClient.java:onNext(254)) - client-9C97446E6A25->2573df58-4087-4dd0-8598-5abddcc696b9: receive RaftClientReply:client-9C97446E6A25->2573df58-4087-4dd0-8598-5abddcc696b9@group-CE3C0447B19C, cid=967, SUCCESS, logIndex=1671, commits[2573df58-4087-4dd0-8598-5abddcc696b9:c1672]
2019-06-13 21:51:33,852 INFO  client.GrpcClientProtocolClient (GrpcClientProtocolClient.java:onNext(254)) - client-9C97446E6A25->2573df58-4087-4dd0-8598-5abddcc696b9: receive RaftClientReply:client-9C97446E6A25->2573df58-4087-4dd0-8598-5abddcc696b9@group-CE3C0447B19C, cid=968, SUCCESS, logIndex=1672, commits[2573df58-4087-4dd0-8598-5abddcc696b9:c1673]
2019-06-13 21:51:33,862 DEBUG block.SCMBlockDeletingService (SCMBlockDeletingService.java:call(138)) - Running DeletedBlockTransactionScanner
2019-06-13 21:51:33,862 DEBUG block.SCMBlockDeletingService (SCMBlockDeletingService.java:call(155)) - Scanned deleted blocks log and got 0 delTX to process.
2019-06-13 21:51:33,863 INFO  client.GrpcClientProtocolClient (GrpcClientProtocolClient.java:onNext(254)) - client-9C97446E6A25->2573df58-4087-4dd0-8598-5abddcc696b9: receive RaftClientReply:client-9C97446E6A25->2573df58-4087-4dd0-8598-5abddcc696b9@group-CE3C0447B19C, cid=969, SUCCESS, logIndex=1675, commits[2573df58-4087-4dd0-8598-5abddcc696b9:c1675]
2019-06-13 21:51:33,865 INFO  client.GrpcClientProtocolClient (GrpcClientProtocolClient.java:onNext(254)) - client-9C97446E6A25->2573df58-4087-4dd0-8598-5abddcc696b9: receive RaftClientReply:client-9C97446E6A25->2573df58-4087-4dd0-8598-5abddcc696b9@group-CE3C0447B19C, cid=970, SUCCESS, logIndex=1677, commits[2573df58-4087-4dd0-8598-5abddcc696b9:c1677]
2019-06-13 21:51:33,866 INFO  client.GrpcClientProtocolClient (GrpcClientProtocolClient.java:onNext(254)) - client-9C97446E6A25->2573df58-4087-4dd0-8598-5abddcc696b9: receive RaftClientReply:client-9C97446E6A25->2573df58-4087-4dd0-8598-5abddcc696b9@group-CE3C0447B19C, cid=971, SUCCESS, logIndex=1678, commits[2573df58-4087-4dd0-8598-5abddcc696b9:c1679]
2019-06-13 21:51:33,866 INFO  client.GrpcClientProtocolClient (GrpcClientProtocolClient.java:onNext(254)) - client-9C97446E6A25->2573df58-4087-4dd0-8598-5abddcc696b9: receive RaftClientReply:client-9C97446E6A25->2573df58-4087-4dd0-8598-5abddcc696b9@group-CE3C0447B19C, cid=972, SUCCESS, logIndex=1679, commits[2573df58-4087-4dd0-8598-5abddcc696b9:c1680]
2019-06-13 21:51:33,963 DEBUG block.SCMBlockDeletingService (SCMBlockDeletingService.java:call(138)) - Running DeletedBlockTransactionScanner
2019-06-13 21:51:33,963 DEBUG block.SCMBlockDeletingService (SCMBlockDeletingService.java:call(155)) - Scanned deleted blocks log and got 0 delTX to process.
2019-06-13 21:51:33,982 INFO  client.GrpcClientProtocolClient (GrpcClientProtocolClient.java:onNext(254)) - client-9C97446E6A25->2573df58-4087-4dd0-8598-5abddcc696b9: receive RaftClientReply:client-9C97446E6A25->2573df58-4087-4dd0-8598-5abddcc696b9@group-CE3C0447B19C, cid=973, SUCCESS, logIndex=1682, commits[2573df58-4087-4dd0-8598-5abddcc696b9:c1682]
2019-06-13 21:51:33,984 INFO  client.GrpcClientProtocolClient (GrpcClientProtocolClient.java:onNext(254)) - client-9C97446E6A25->2573df58-4087-4dd0-8598-5abddcc696b9: receive RaftClientReply:client-9C97446E6A25->2573df58-4087-4dd0-8598-5abddcc696b9@group-CE3C0447B19C, cid=974, SUCCESS, logIndex=1684, commits[2573df58-4087-4dd0-8598-5abddcc696b9:c1684]
2019-06-13 21:51:33,985 INFO  client.GrpcClientProtocolClient (GrpcClientProtocolClient.java:onNext(254)) - client-9C97446E6A25->2573df58-4087-4dd0-8598-5abddcc696b9: receive RaftClientReply:client-9C97446E6A25->2573df58-4087-4dd0-8598-5abddcc696b9@group-CE3C0447B19C, cid=975, SUCCESS, logIndex=1685, commits[2573df58-4087-4dd0-8598-5abddcc696b9:c1686]
2019-06-13 21:51:33,986 INFO  client.GrpcClientProtocolClient (GrpcClientProtocolClient.java:onNext(254)) - client-9C97446E6A25->2573df58-4087-4dd0-8598-5abddcc696b9: receive RaftClientReply:client-9C97446E6A25->2573df58-4087-4dd0-8598-5abddcc696b9@group-CE3C0447B19C, cid=976, SUCCESS, logIndex=1687, commits[2573df58-4087-4dd0-8598-5abddcc696b9:c1687]
2019-06-13 21:51:33,997 INFO  client.GrpcClientProtocolClient (GrpcClientProtocolClient.java:onNext(254)) - client-9C97446E6A25->2573df58-4087-4dd0-8598-5abddcc696b9: receive RaftClientReply:client-9C97446E6A25->2573df58-4087-4dd0-8598-5abddcc696b9@group-CE3C0447B19C, cid=977, SUCCESS, logIndex=1689, commits[2573df58-4087-4dd0-8598-5abddcc696b9:c1689]
2019-06-13 21:51:33,998 INFO  client.GrpcClientProtocolClient (GrpcClientProtocolClient.java:onNext(254)) - client-9C97446E6A25->2573df58-4087-4dd0-8598-5abddcc696b9: receive RaftClientReply:client-9C97446E6A25->2573df58-4087-4dd0-8598-5abddcc696b9@group-CE3C0447B19C, cid=978, SUCCESS, logIndex=1691, commits[2573df58-4087-4dd0-8598-5abddcc696b9:c1691]
2019-06-13 21:51:34,000 INFO  client.GrpcClientProtocolClient (GrpcClientProtocolClient.java:onNext(254)) - client-9C97446E6A25->2573df58-4087-4dd0-8598-5abddcc696b9: receive RaftClientReply:client-9C97446E6A25->2573df58-4087-4dd0-8598-5abddcc696b9@group-CE3C0447B19C, cid=979, SUCCESS, logIndex=1692, commits[2573df58-4087-4dd0-8598-5abddcc696b9:c1694]
2019-06-13 21:51:34,000 INFO  client.GrpcClientProtocolClient (GrpcClientProtocolClient.java:onNext(254)) - client-9C97446E6A25->2573df58-4087-4dd0-8598-5abddcc696b9: receive RaftClientReply:client-9C97446E6A25->2573df58-4087-4dd0-8598-5abddcc696b9@group-CE3C0447B19C, cid=980, SUCCESS, logIndex=1693, commits[2573df58-4087-4dd0-8598-5abddcc696b9:c1694]
2019-06-13 21:51:34,007 INFO  client.GrpcClientProtocolClient (GrpcClientProtocolClient.java:onNext(254)) - client-9C97446E6A25->2573df58-4087-4dd0-8598-5abddcc696b9: receive RaftClientReply:client-9C97446E6A25->2573df58-4087-4dd0-8598-5abddcc696b9@group-CE3C0447B19C, cid=981, SUCCESS, logIndex=1695, commits[2573df58-4087-4dd0-8598-5abddcc696b9:c1695]
2019-06-13 21:51:34,007 INFO  storage.RaftLogWorker (RaftLogWorker.java:rollLogSegment(303)) - 2573df58-4087-4dd0-8598-5abddcc696b9-RaftLogWorker: Rolling segment log-1630_1698 to index:1698
2019-06-13 21:51:34,009 INFO  storage.RaftLogWorker (RaftLogWorker.java:execute(433)) - 2573df58-4087-4dd0-8598-5abddcc696b9-RaftLogWorker: Rolled log segment from /opt/src/hadoop-ozone/integration-test/target/test-dir/MiniOzoneClusterImpl-8578056e-9b7b-4e66-9e9f-ef53d5cd7c03/datanode-0/data/ratis/7f5c2536-ed89-4233-9ec0-ce3c0447b19c/current/log_inprogress_1630 to /opt/src/hadoop-ozone/integration-test/target/test-dir/MiniOzoneClusterImpl-8578056e-9b7b-4e66-9e9f-ef53d5cd7c03/datanode-0/data/ratis/7f5c2536-ed89-4233-9ec0-ce3c0447b19c/current/log_1630-1698
2019-06-13 21:51:34,011 INFO  client.GrpcClientProtocolClient (GrpcClientProtocolClient.java:onNext(254)) - client-9C97446E6A25->2573df58-4087-4dd0-8598-5abddcc696b9: receive RaftClientReply:client-9C97446E6A25->2573df58-4087-4dd0-8598-5abddcc696b9@group-CE3C0447B19C, cid=982, SUCCESS, logIndex=1697, commits[2573df58-4087-4dd0-8598-5abddcc696b9:c1697]
2019-06-13 21:51:34,011 INFO  client.GrpcClientProtocolClient (GrpcClientProtocolClient.java:onNext(254)) - client-9C97446E6A25->2573df58-4087-4dd0-8598-5abddcc696b9: receive RaftClientReply:client-9C97446E6A25->2573df58-4087-4dd0-8598-5abddcc696b9@group-CE3C0447B19C, cid=983, SUCCESS, logIndex=1698, commits[2573df58-4087-4dd0-8598-5abddcc696b9:c1698]
2019-06-13 21:51:34,045 INFO  storage.RaftLogWorker (RaftLogWorker.java:execute(469)) - 2573df58-4087-4dd0-8598-5abddcc696b9-RaftLogWorker: created new log segment /opt/src/hadoop-ozone/integration-test/target/test-dir/MiniOzoneClusterImpl-8578056e-9b7b-4e66-9e9f-ef53d5cd7c03/datanode-0/data/ratis/7f5c2536-ed89-4233-9ec0-ce3c0447b19c/current/log_inprogress_1699
2019-06-13 21:51:34,048 INFO  client.GrpcClientProtocolClient (GrpcClientProtocolClient.java:onNext(254)) - client-9C97446E6A25->2573df58-4087-4dd0-8598-5abddcc696b9: receive RaftClientReply:client-9C97446E6A25->2573df58-4087-4dd0-8598-5abddcc696b9@group-CE3C0447B19C, cid=984, SUCCESS, logIndex=1699, commits[2573df58-4087-4dd0-8598-5abddcc696b9:c1701]
2019-06-13 21:51:34,059 INFO  client.GrpcClientProtocolClient (GrpcClientProtocolClient.java:onNext(254)) - client-9C97446E6A25->2573df58-4087-4dd0-8598-5abddcc696b9: receive RaftClientReply:client-9C97446E6A25->2573df58-4087-4dd0-8598-5abddcc696b9@group-CE3C0447B19C, cid=985, SUCCESS, logIndex=1702, commits[2573df58-4087-4dd0-8598-5abddcc696b9:c1702]
2019-06-13 21:51:34,061 INFO  client.GrpcClientProtocolClient (GrpcClientProtocolClient.java:onNext(254)) - client-9C97446E6A25->2573df58-4087-4dd0-8598-5abddcc696b9: receive RaftClientReply:client-9C97446E6A25->2573df58-4087-4dd0-8598-5abddcc696b9@group-CE3C0447B19C, cid=986, SUCCESS, logIndex=1704, commits[2573df58-4087-4dd0-8598-5abddcc696b9:c1704]
2019-06-13 21:51:34,062 INFO  client.GrpcClientProtocolClient (GrpcClientProtocolClient.java:onNext(254)) - client-9C97446E6A25->2573df58-4087-4dd0-8598-5abddcc696b9: receive RaftClientReply:client-9C97446E6A25->2573df58-4087-4dd0-8598-5abddcc696b9@group-CE3C0447B19C, cid=987, SUCCESS, logIndex=1705, commits[2573df58-4087-4dd0-8598-5abddcc696b9:c1707]
2019-06-13 21:51:34,063 INFO  client.GrpcClientProtocolClient (GrpcClientProtocolClient.java:onNext(254)) - client-9C97446E6A25->2573df58-4087-4dd0-8598-5abddcc696b9: receive RaftClientReply:client-9C97446E6A25->2573df58-4087-4dd0-8598-5abddcc696b9@group-CE3C0447B19C, cid=988, SUCCESS, logIndex=1706, commits[2573df58-4087-4dd0-8598-5abddcc696b9:c1707]
2019-06-13 21:51:34,063 DEBUG block.SCMBlockDeletingService (SCMBlockDeletingService.java:call(138)) - Running DeletedBlockTransactionScanner
2019-06-13 21:51:34,063 DEBUG block.SCMBlockDeletingService (SCMBlockDeletingService.java:call(155)) - Scanned deleted blocks log and got 0 delTX to process.
2019-06-13 21:51:34,069 INFO  client.GrpcClientProtocolClient (GrpcClientProtocolClient.java:onNext(254)) - client-9C97446E6A25->2573df58-4087-4dd0-8598-5abddcc696b9: receive RaftClientReply:client-9C97446E6A25->2573df58-4087-4dd0-8598-5abddcc696b9@group-CE3C0447B19C, cid=989, SUCCESS, logIndex=1708, commits[2573df58-4087-4dd0-8598-5abddcc696b9:c1708]
2019-06-13 21:51:34,070 INFO  client.GrpcClientProtocolClient (GrpcClientProtocolClient.java:onNext(254)) - client-9C97446E6A25->2573df58-4087-4dd0-8598-5abddcc696b9: receive RaftClientReply:client-9C97446E6A25->2573df58-4087-4dd0-8598-5abddcc696b9@group-CE3C0447B19C, cid=990, SUCCESS, logIndex=1710, commits[2573df58-4087-4dd0-8598-5abddcc696b9:c1710]
2019-06-13 21:51:34,072 INFO  client.GrpcClientProtocolClient (GrpcClientProtocolClient.java:onNext(254)) - client-9C97446E6A25->2573df58-4087-4dd0-8598-5abddcc696b9: receive RaftClientReply:client-9C97446E6A25->2573df58-4087-4dd0-8598-5abddcc696b9@group-CE3C0447B19C, cid=991, SUCCESS, logIndex=1711, commits[2573df58-4087-4dd0-8598-5abddcc696b9:c1713]
2019-06-13 21:51:34,072 INFO  client.GrpcClientProtocolClient (GrpcClientProtocolClient.java:onNext(254)) - client-9C97446E6A25->2573df58-4087-4dd0-8598-5abddcc696b9: receive RaftClientReply:client-9C97446E6A25->2573df58-4087-4dd0-8598-5abddcc696b9@group-CE3C0447B19C, cid=992, SUCCESS, logIndex=1712, commits[2573df58-4087-4dd0-8598-5abddcc696b9:c1713]
2019-06-13 21:51:34,081 INFO  client.GrpcClientProtocolClient (GrpcClientProtocolClient.java:onNext(254)) - client-9C97446E6A25->2573df58-4087-4dd0-8598-5abddcc696b9: receive RaftClientReply:client-9C97446E6A25->2573df58-4087-4dd0-8598-5abddcc696b9@group-CE3C0447B19C, cid=993, SUCCESS, logIndex=1714, commits[2573df58-4087-4dd0-8598-5abddcc696b9:c1714]
2019-06-13 21:51:34,082 INFO  client.GrpcClientProtocolClient (GrpcClientProtocolClient.java:onNext(254)) - client-9C97446E6A25->2573df58-4087-4dd0-8598-5abddcc696b9: receive RaftClientReply:client-9C97446E6A25->2573df58-4087-4dd0-8598-5abddcc696b9@group-CE3C0447B19C, cid=994, SUCCESS, logIndex=1716, commits[2573df58-4087-4dd0-8598-5abddcc696b9:c1716]
2019-06-13 21:51:34,083 INFO  client.GrpcClientProtocolClient (GrpcClientProtocolClient.java:onNext(254)) - client-9C97446E6A25->2573df58-4087-4dd0-8598-5abddcc696b9: receive RaftClientReply:client-9C97446E6A25->2573df58-4087-4dd0-8598-5abddcc696b9@group-CE3C0447B19C, cid=995, SUCCESS, logIndex=1717, commits[2573df58-4087-4dd0-8598-5abddcc696b9:c1719]
2019-06-13 21:51:34,084 INFO  client.GrpcClientProtocolClient (GrpcClientProtocolClient.java:onNext(254)) - client-9C97446E6A25->2573df58-4087-4dd0-8598-5abddcc696b9: receive RaftClientReply:client-9C97446E6A25->2573df58-4087-4dd0-8598-5abddcc696b9@group-CE3C0447B19C, cid=996, SUCCESS, logIndex=1718, commits[2573df58-4087-4dd0-8598-5abddcc696b9:c1719]
2019-06-13 21:51:34,090 INFO  client.GrpcClientProtocolClient (GrpcClientProtocolClient.java:onNext(254)) - client-9C97446E6A25->2573df58-4087-4dd0-8598-5abddcc696b9: receive RaftClientReply:client-9C97446E6A25->2573df58-4087-4dd0-8598-5abddcc696b9@group-CE3C0447B19C, cid=997, SUCCESS, logIndex=1720, commits[2573df58-4087-4dd0-8598-5abddcc696b9:c1720]
2019-06-13 21:51:34,091 INFO  client.GrpcClientProtocolClient (GrpcClientProtocolClient.java:onNext(254)) - client-9C97446E6A25->2573df58-4087-4dd0-8598-5abddcc696b9: receive RaftClientReply:client-9C97446E6A25->2573df58-4087-4dd0-8598-5abddcc696b9@group-CE3C0447B19C, cid=998, SUCCESS, logIndex=1722, commits[2573df58-4087-4dd0-8598-5abddcc696b9:c1722]
2019-06-13 21:51:34,092 INFO  client.GrpcClientProtocolClient (GrpcClientProtocolClient.java:onNext(254)) - client-9C97446E6A25->2573df58-4087-4dd0-8598-5abddcc696b9: receive RaftClientReply:client-9C97446E6A25->2573df58-4087-4dd0-8598-5abddcc696b9@group-CE3C0447B19C, cid=999, SUCCESS, logIndex=1723, commits[2573df58-4087-4dd0-8598-5abddcc696b9:c1725]
2019-06-13 21:51:34,093 INFO  client.GrpcClientProtocolClient (GrpcClientProtocolClient.java:onNext(254)) - client-9C97446E6A25->2573df58-4087-4dd0-8598-5abddcc696b9: receive RaftClientReply:client-9C97446E6A25->2573df58-4087-4dd0-8598-5abddcc696b9@group-CE3C0447B19C, cid=1000, SUCCESS, logIndex=1725, commits[2573df58-4087-4dd0-8598-5abddcc696b9:c1725]
2019-06-13 21:51:34,103 INFO  client.GrpcClientProtocolClient (GrpcClientProtocolClient.java:onNext(254)) - client-9C97446E6A25->2573df58-4087-4dd0-8598-5abddcc696b9: receive RaftClientReply:client-9C97446E6A25->2573df58-4087-4dd0-8598-5abddcc696b9@group-CE3C0447B19C, cid=1001, SUCCESS, logIndex=1727, commits[2573df58-4087-4dd0-8598-5abddcc696b9:c1727]
2019-06-13 21:51:34,105 INFO  client.GrpcClientProtocolClient (GrpcClientProtocolClient.java:onNext(254)) - client-9C97446E6A25->2573df58-4087-4dd0-8598-5abddcc696b9: receive RaftClientReply:client-9C97446E6A25->2573df58-4087-4dd0-8598-5abddcc696b9@group-CE3C0447B19C, cid=1002, SUCCESS, logIndex=1729, commits[2573df58-4087-4dd0-8598-5abddcc696b9:c1729]
2019-06-13 21:51:34,106 INFO  client.GrpcClientProtocolClient (GrpcClientProtocolClient.java:onNext(254)) - client-9C97446E6A25->2573df58-4087-4dd0-8598-5abddcc696b9: receive RaftClientReply:client-9C97446E6A25->2573df58-4087-4dd0-8598-5abddcc696b9@group-CE3C0447B19C, cid=1003, SUCCESS, logIndex=1730, commits[2573df58-4087-4dd0-8598-5abddcc696b9:c1732]
2019-06-13 21:51:34,106 INFO  client.GrpcClientProtocolClient (GrpcClientProtocolClient.java:onNext(254)) - client-9C97446E6A25->2573df58-4087-4dd0-8598-5abddcc696b9: receive RaftClientReply:client-9C97446E6A25->2573df58-4087-4dd0-8598-5abddcc696b9@group-CE3C0447B19C, cid=1004, SUCCESS, logIndex=1731, commits[2573df58-4087-4dd0-8598-5abddcc696b9:c1732]
2019-06-13 21:51:34,111 INFO  client.GrpcClientProtocolClient (GrpcClientProtocolClient.java:onNext(254)) - client-9C97446E6A25->2573df58-4087-4dd0-8598-5abddcc696b9: receive RaftClientReply:client-9C97446E6A25->2573df58-4087-4dd0-8598-5abddcc696b9@group-CE3C0447B19C, cid=1005, SUCCESS, logIndex=1733, commits[2573df58-4087-4dd0-8598-5abddcc696b9:c1733]
2019-06-13 21:51:34,113 INFO  client.GrpcClientProtocolClient (GrpcClientProtocolClient.java:onNext(254)) - client-9C97446E6A25->2573df58-4087-4dd0-8598-5abddcc696b9: receive RaftClientReply:client-9C97446E6A25->2573df58-4087-4dd0-8598-5abddcc696b9@group-CE3C0447B19C, cid=1006, SUCCESS, logIndex=1735, commits[2573df58-4087-4dd0-8598-5abddcc696b9:c1735]
2019-06-13 21:51:34,114 INFO  client.GrpcClientProtocolClient (GrpcClientProtocolClient.java:onNext(254)) - client-9C97446E6A25->2573df58-4087-4dd0-8598-5abddcc696b9: receive RaftClientReply:client-9C97446E6A25->2573df58-4087-4dd0-8598-5abddcc696b9@group-CE3C0447B19C, cid=1007, SUCCESS, logIndex=1736, commits[2573df58-4087-4dd0-8598-5abddcc696b9:c1738]
2019-06-13 21:51:34,114 INFO  client.GrpcClientProtocolClient (GrpcClientProtocolClient.java:onNext(254)) - client-9C97446E6A25->2573df58-4087-4dd0-8598-5abddcc696b9: receive RaftClientReply:client-9C97446E6A25->2573df58-4087-4dd0-8598-5abddcc696b9@group-CE3C0447B19C, cid=1008, SUCCESS, logIndex=1737, commits[2573df58-4087-4dd0-8598-5abddcc696b9:c1738]
2019-06-13 21:51:34,127 INFO  client.GrpcClientProtocolClient (GrpcClientProtocolClient.java:onNext(254)) - client-9C97446E6A25->2573df58-4087-4dd0-8598-5abddcc696b9: receive RaftClientReply:client-9C97446E6A25->2573df58-4087-4dd0-8598-5abddcc696b9@group-CE3C0447B19C, cid=1009, SUCCESS, logIndex=1739, commits[2573df58-4087-4dd0-8598-5abddcc696b9:c1739]
2019-06-13 21:51:34,128 INFO  client.GrpcClientProtocolClient (GrpcClientProtocolClient.java:onNext(254)) - client-9C97446E6A25->2573df58-4087-4dd0-8598-5abddcc696b9: receive RaftClientReply:client-9C97446E6A25->2573df58-4087-4dd0-8598-5abddcc696b9@group-CE3C0447B19C, cid=1010, SUCCESS, logIndex=1741, commits[2573df58-4087-4dd0-8598-5abddcc696b9:c1741]
2019-06-13 21:51:34,131 INFO  client.GrpcClientProtocolClient (GrpcClientProtocolClient.java:onNext(254)) - client-9C97446E6A25->2573df58-4087-4dd0-8598-5abddcc696b9: receive RaftClientReply:client-9C97446E6A25->2573df58-4087-4dd0-8598-5abddcc696b9@group-CE3C0447B19C, cid=1011, SUCCESS, logIndex=1743, commits[2573df58-4087-4dd0-8598-5abddcc696b9:c1743]
2019-06-13 21:51:34,131 INFO  client.GrpcClientProtocolClient (GrpcClientProtocolClient.java:onNext(254)) - client-9C97446E6A25->2573df58-4087-4dd0-8598-5abddcc696b9: receive RaftClientReply:client-9C97446E6A25->2573df58-4087-4dd0-8598-5abddcc696b9@group-CE3C0447B19C, cid=1012, SUCCESS, logIndex=1744, commits[2573df58-4087-4dd0-8598-5abddcc696b9:c1744]
2019-06-13 21:51:34,137 INFO  client.GrpcClientProtocolClient (GrpcClientProtocolClient.java:onNext(254)) - client-9C97446E6A25->2573df58-4087-4dd0-8598-5abddcc696b9: receive RaftClientReply:client-9C97446E6A25->2573df58-4087-4dd0-8598-5abddcc696b9@group-CE3C0447B19C, cid=1013, SUCCESS, logIndex=1747, commits[2573df58-4087-4dd0-8598-5abddcc696b9:c1747]
2019-06-13 21:51:34,139 INFO  client.GrpcClientProtocolClient (GrpcClientProtocolClient.java:onNext(254)) - client-9C97446E6A25->2573df58-4087-4dd0-8598-5abddcc696b9: receive RaftClientReply:client-9C97446E6A25->2573df58-4087-4dd0-8598-5abddcc696b9@group-CE3C0447B19C, cid=1014, SUCCESS, logIndex=1749, commits[2573df58-4087-4dd0-8598-5abddcc696b9:c1749]
2019-06-13 21:51:34,140 INFO  client.GrpcClientProtocolClient (GrpcClientProtocolClient.java:onNext(254)) - client-9C97446E6A25->2573df58-4087-4dd0-8598-5abddcc696b9: receive RaftClientReply:client-9C97446E6A25->2573df58-4087-4dd0-8598-5abddcc696b9@group-CE3C0447B19C, cid=1015, SUCCESS, logIndex=1750, commits[2573df58-4087-4dd0-8598-5abddcc696b9:c1752]
2019-06-13 21:51:34,140 INFO  client.GrpcClientProtocolClient (GrpcClientProtocolClient.java:onNext(254)) - client-9C97446E6A25->2573df58-4087-4dd0-8598-5abddcc696b9: receive RaftClientReply:client-9C97446E6A25->2573df58-4087-4dd0-8598-5abddcc696b9@group-CE3C0447B19C, cid=1016, SUCCESS, logIndex=1751, commits[2573df58-4087-4dd0-8598-5abddcc696b9:c1752]
2019-06-13 21:51:34,164 DEBUG block.SCMBlockDeletingService (SCMBlockDeletingService.java:call(138)) - Running DeletedBlockTransactionScanner
2019-06-13 21:51:34,164 DEBUG block.SCMBlockDeletingService (SCMBlockDeletingService.java:call(155)) - Scanned deleted blocks log and got 0 delTX to process.
2019-06-13 21:51:34,224 INFO  client.GrpcClientProtocolClient (GrpcClientProtocolClient.java:onNext(254)) - client-9C97446E6A25->2573df58-4087-4dd0-8598-5abddcc696b9: receive RaftClientReply:client-9C97446E6A25->2573df58-4087-4dd0-8598-5abddcc696b9@group-CE3C0447B19C, cid=1017, SUCCESS, logIndex=1753, commits[2573df58-4087-4dd0-8598-5abddcc696b9:c1753]
2019-06-13 21:51:34,227 INFO  client.GrpcClientProtocolClient (GrpcClientProtocolClient.java:onNext(254)) - client-9C97446E6A25->2573df58-4087-4dd0-8598-5abddcc696b9: receive RaftClientReply:client-9C97446E6A25->2573df58-4087-4dd0-8598-5abddcc696b9@group-CE3C0447B19C, cid=1018, SUCCESS, logIndex=1755, commits[2573df58-4087-4dd0-8598-5abddcc696b9:c1755]
2019-06-13 21:51:34,227 INFO  client.GrpcClientProtocolClient (GrpcClientProtocolClient.java:onNext(254)) - client-9C97446E6A25->2573df58-4087-4dd0-8598-5abddcc696b9: receive RaftClientReply:client-9C97446E6A25->2573df58-4087-4dd0-8598-5abddcc696b9@group-CE3C0447B19C, cid=1019, SUCCESS, logIndex=1756, commits[2573df58-4087-4dd0-8598-5abddcc696b9:c1757]
2019-06-13 21:51:34,228 INFO  client.GrpcClientProtocolClient (GrpcClientProtocolClient.java:onNext(254)) - client-9C97446E6A25->2573df58-4087-4dd0-8598-5abddcc696b9: receive RaftClientReply:client-9C97446E6A25->2573df58-4087-4dd0-8598-5abddcc696b9@group-CE3C0447B19C, cid=1020, SUCCESS, logIndex=1757, commits[2573df58-4087-4dd0-8598-5abddcc696b9:c1758]
2019-06-13 21:51:34,234 INFO  client.GrpcClientProtocolClient (GrpcClientProtocolClient.java:onNext(254)) - client-9C97446E6A25->2573df58-4087-4dd0-8598-5abddcc696b9: receive RaftClientReply:client-9C97446E6A25->2573df58-4087-4dd0-8598-5abddcc696b9@group-CE3C0447B19C, cid=1021, SUCCESS, logIndex=1760, commits[2573df58-4087-4dd0-8598-5abddcc696b9:c1761]
2019-06-13 21:51:34,237 INFO  client.GrpcClientProtocolClient (GrpcClientProtocolClient.java:onNext(254)) - client-9C97446E6A25->2573df58-4087-4dd0-8598-5abddcc696b9: receive RaftClientReply:client-9C97446E6A25->2573df58-4087-4dd0-8598-5abddcc696b9@group-CE3C0447B19C, cid=1022, SUCCESS, logIndex=1762, commits[2573df58-4087-4dd0-8598-5abddcc696b9:c1762]
2019-06-13 21:51:34,238 INFO  client.GrpcClientProtocolClient (GrpcClientProtocolClient.java:onNext(254)) - client-9C97446E6A25->2573df58-4087-4dd0-8598-5abddcc696b9: receive RaftClientReply:client-9C97446E6A25->2573df58-4087-4dd0-8598-5abddcc696b9@group-CE3C0447B19C, cid=1023, SUCCESS, logIndex=1763, commits[2573df58-4087-4dd0-8598-5abddcc696b9:c1765]
2019-06-13 21:51:34,239 INFO  client.GrpcClientProtocolClient (GrpcClientProtocolClient.java:onNext(254)) - client-9C97446E6A25->2573df58-4087-4dd0-8598-5abddcc696b9: receive RaftClientReply:client-9C97446E6A25->2573df58-4087-4dd0-8598-5abddcc696b9@group-CE3C0447B19C, cid=1024, SUCCESS, logIndex=1765, commits[2573df58-4087-4dd0-8598-5abddcc696b9:c1765]
2019-06-13 21:51:34,250 INFO  client.GrpcClientProtocolClient (GrpcClientProtocolClient.java:onNext(254)) - client-9C97446E6A25->2573df58-4087-4dd0-8598-5abddcc696b9: receive RaftClientReply:client-9C97446E6A25->2573df58-4087-4dd0-8598-5abddcc696b9@group-CE3C0447B19C, cid=1025, SUCCESS, logIndex=1767, commits[2573df58-4087-4dd0-8598-5abddcc696b9:c1767]
2019-06-13 21:51:34,250 INFO  storage.RaftLogWorker (RaftLogWorker.java:rollLogSegment(303)) - 2573df58-4087-4dd0-8598-5abddcc696b9-RaftLogWorker: Rolling segment log-1699_1769 to index:1769
2019-06-13 21:51:34,251 INFO  storage.RaftLogWorker (RaftLogWorker.java:execute(433)) - 2573df58-4087-4dd0-8598-5abddcc696b9-RaftLogWorker: Rolled log segment from /opt/src/hadoop-ozone/integration-test/target/test-dir/MiniOzoneClusterImpl-8578056e-9b7b-4e66-9e9f-ef53d5cd7c03/datanode-0/data/ratis/7f5c2536-ed89-4233-9ec0-ce3c0447b19c/current/log_inprogress_1699 to /opt/src/hadoop-ozone/integration-test/target/test-dir/MiniOzoneClusterImpl-8578056e-9b7b-4e66-9e9f-ef53d5cd7c03/datanode-0/data/ratis/7f5c2536-ed89-4233-9ec0-ce3c0447b19c/current/log_1699-1769
2019-06-13 21:51:34,261 INFO  client.GrpcClientProtocolClient (GrpcClientProtocolClient.java:onNext(254)) - client-9C97446E6A25->2573df58-4087-4dd0-8598-5abddcc696b9: receive RaftClientReply:client-9C97446E6A25->2573df58-4087-4dd0-8598-5abddcc696b9@group-CE3C0447B19C, cid=1026, SUCCESS, logIndex=1769, commits[2573df58-4087-4dd0-8598-5abddcc696b9:c1769]
2019-06-13 21:51:34,264 DEBUG block.SCMBlockDeletingService (SCMBlockDeletingService.java:call(138)) - Running DeletedBlockTransactionScanner
2019-06-13 21:51:34,270 DEBUG block.SCMBlockDeletingService (SCMBlockDeletingService.java:call(155)) - Scanned deleted blocks log and got 0 delTX to process.
2019-06-13 21:51:34,290 INFO  storage.RaftLogWorker (RaftLogWorker.java:execute(469)) - 2573df58-4087-4dd0-8598-5abddcc696b9-RaftLogWorker: created new log segment /opt/src/hadoop-ozone/integration-test/target/test-dir/MiniOzoneClusterImpl-8578056e-9b7b-4e66-9e9f-ef53d5cd7c03/datanode-0/data/ratis/7f5c2536-ed89-4233-9ec0-ce3c0447b19c/current/log_inprogress_1770
2019-06-13 21:51:34,292 INFO  client.GrpcClientProtocolClient (GrpcClientProtocolClient.java:onNext(254)) - client-9C97446E6A25->2573df58-4087-4dd0-8598-5abddcc696b9: receive RaftClientReply:client-9C97446E6A25->2573df58-4087-4dd0-8598-5abddcc696b9@group-CE3C0447B19C, cid=1027, SUCCESS, logIndex=1770, commits[2573df58-4087-4dd0-8598-5abddcc696b9:c1772]
2019-06-13 21:51:34,292 INFO  client.GrpcClientProtocolClient (GrpcClientProtocolClient.java:onNext(254)) - client-9C97446E6A25->2573df58-4087-4dd0-8598-5abddcc696b9: receive RaftClientReply:client-9C97446E6A25->2573df58-4087-4dd0-8598-5abddcc696b9@group-CE3C0447B19C, cid=1028, SUCCESS, logIndex=1771, commits[2573df58-4087-4dd0-8598-5abddcc696b9:c1772]
2019-06-13 21:51:34,298 INFO  client.GrpcClientProtocolClient (GrpcClientProtocolClient.java:onNext(254)) - client-9C97446E6A25->2573df58-4087-4dd0-8598-5abddcc696b9: receive RaftClientReply:client-9C97446E6A25->2573df58-4087-4dd0-8598-5abddcc696b9@group-CE3C0447B19C, cid=1029, SUCCESS, logIndex=1773, commits[2573df58-4087-4dd0-8598-5abddcc696b9:c1773]
2019-06-13 21:51:34,300 INFO  client.GrpcClientProtocolClient (GrpcClientProtocolClient.java:onNext(254)) - client-9C97446E6A25->2573df58-4087-4dd0-8598-5abddcc696b9: receive RaftClientReply:client-9C97446E6A25->2573df58-4087-4dd0-8598-5abddcc696b9@group-CE3C0447B19C, cid=1030, SUCCESS, logIndex=1775, commits[2573df58-4087-4dd0-8598-5abddcc696b9:c1775]
2019-06-13 21:51:34,301 INFO  client.GrpcClientProtocolClient (GrpcClientProtocolClient.java:onNext(254)) - client-9C97446E6A25->2573df58-4087-4dd0-8598-5abddcc696b9: receive RaftClientReply:client-9C97446E6A25->2573df58-4087-4dd0-8598-5abddcc696b9@group-CE3C0447B19C, cid=1031, SUCCESS, logIndex=1776, commits[2573df58-4087-4dd0-8598-5abddcc696b9:c1778]
2019-06-13 21:51:34,301 INFO  client.GrpcClientProtocolClient (GrpcClientProtocolClient.java:onNext(254)) - client-9C97446E6A25->2573df58-4087-4dd0-8598-5abddcc696b9: receive RaftClientReply:client-9C97446E6A25->2573df58-4087-4dd0-8598-5abddcc696b9@group-CE3C0447B19C, cid=1032, SUCCESS, logIndex=1778, commits[2573df58-4087-4dd0-8598-5abddcc696b9:c1778]
2019-06-13 21:51:34,312 INFO  client.GrpcClientProtocolClient (GrpcClientProtocolClient.java:onNext(254)) - client-9C97446E6A25->2573df58-4087-4dd0-8598-5abddcc696b9: receive RaftClientReply:client-9C97446E6A25->2573df58-4087-4dd0-8598-5abddcc696b9@group-CE3C0447B19C, cid=1033, SUCCESS, logIndex=1780, commits[2573df58-4087-4dd0-8598-5abddcc696b9:c1780]
2019-06-13 21:51:34,313 INFO  client.GrpcClientProtocolClient (GrpcClientProtocolClient.java:onNext(254)) - client-9C97446E6A25->2573df58-4087-4dd0-8598-5abddcc696b9: receive RaftClientReply:client-9C97446E6A25->2573df58-4087-4dd0-8598-5abddcc696b9@group-CE3C0447B19C, cid=1034, SUCCESS, logIndex=1782, commits[2573df58-4087-4dd0-8598-5abddcc696b9:c1782]
2019-06-13 21:51:34,316 INFO  client.GrpcClientProtocolClient (GrpcClientProtocolClient.java:onNext(254)) - client-9C97446E6A25->2573df58-4087-4dd0-8598-5abddcc696b9: receive RaftClientReply:client-9C97446E6A25->2573df58-4087-4dd0-8598-5abddcc696b9@group-CE3C0447B19C, cid=1035, SUCCESS, logIndex=1784, commits[2573df58-4087-4dd0-8598-5abddcc696b9:c1785]
2019-06-13 21:51:34,316 INFO  client.GrpcClientProtocolClient (GrpcClientProtocolClient.java:onNext(254)) - client-9C97446E6A25->2573df58-4087-4dd0-8598-5abddcc696b9: receive RaftClientReply:client-9C97446E6A25->2573df58-4087-4dd0-8598-5abddcc696b9@group-CE3C0447B19C, cid=1036, SUCCESS, logIndex=1785, commits[2573df58-4087-4dd0-8598-5abddcc696b9:c1785]
2019-06-13 21:51:34,322 INFO  client.GrpcClientProtocolClient (GrpcClientProtocolClient.java:onNext(254)) - client-9C97446E6A25->2573df58-4087-4dd0-8598-5abddcc696b9: receive RaftClientReply:client-9C97446E6A25->2573df58-4087-4dd0-8598-5abddcc696b9@group-CE3C0447B19C, cid=1037, SUCCESS, logIndex=1787, commits[2573df58-4087-4dd0-8598-5abddcc696b9:c1787]
2019-06-13 21:51:34,323 INFO  client.GrpcClientProtocolClient (GrpcClientProtocolClient.java:onNext(254)) - client-9C97446E6A25->2573df58-4087-4dd0-8598-5abddcc696b9: receive RaftClientReply:client-9C97446E6A25->2573df58-4087-4dd0-8598-5abddcc696b9@group-CE3C0447B19C, cid=1038, SUCCESS, logIndex=1789, commits[2573df58-4087-4dd0-8598-5abddcc696b9:c1789]
2019-06-13 21:51:34,325 INFO  client.GrpcClientProtocolClient (GrpcClientProtocolClient.java:onNext(254)) - client-9C97446E6A25->2573df58-4087-4dd0-8598-5abddcc696b9: receive RaftClientReply:client-9C97446E6A25->2573df58-4087-4dd0-8598-5abddcc696b9@group-CE3C0447B19C, cid=1039, SUCCESS, logIndex=1790, commits[2573df58-4087-4dd0-8598-5abddcc696b9:c1792]
2019-06-13 21:51:34,325 INFO  client.GrpcClientProtocolClient (GrpcClientProtocolClient.java:onNext(254)) - client-9C97446E6A25->2573df58-4087-4dd0-8598-5abddcc696b9: receive RaftClientReply:client-9C97446E6A25->2573df58-4087-4dd0-8598-5abddcc696b9@group-CE3C0447B19C, cid=1040, SUCCESS, logIndex=1791, commits[2573df58-4087-4dd0-8598-5abddcc696b9:c1792]
2019-06-13 21:51:34,335 INFO  client.GrpcClientProtocolClient (GrpcClientProtocolClient.java:onNext(254)) - client-9C97446E6A25->2573df58-4087-4dd0-8598-5abddcc696b9: receive RaftClientReply:client-9C97446E6A25->2573df58-4087-4dd0-8598-5abddcc696b9@group-CE3C0447B19C, cid=1041, SUCCESS, logIndex=1793, commits[2573df58-4087-4dd0-8598-5abddcc696b9:c1793]
2019-06-13 21:51:34,337 INFO  client.GrpcClientProtocolClient (GrpcClientProtocolClient.java:onNext(254)) - client-9C97446E6A25->2573df58-4087-4dd0-8598-5abddcc696b9: receive RaftClientReply:client-9C97446E6A25->2573df58-4087-4dd0-8598-5abddcc696b9@group-CE3C0447B19C, cid=1042, SUCCESS, logIndex=1795, commits[2573df58-4087-4dd0-8598-5abddcc696b9:c1795]
2019-06-13 21:51:34,338 INFO  client.GrpcClientProtocolClient (GrpcClientProtocolClient.java:onNext(254)) - client-9C97446E6A25->2573df58-4087-4dd0-8598-5abddcc696b9: receive RaftClientReply:client-9C97446E6A25->2573df58-4087-4dd0-8598-5abddcc696b9@group-CE3C0447B19C, cid=1043, SUCCESS, logIndex=1796, commits[2573df58-4087-4dd0-8598-5abddcc696b9:c1798]
2019-06-13 21:51:34,338 INFO  client.GrpcClientProtocolClient (GrpcClientProtocolClient.java:onNext(254)) - client-9C97446E6A25->2573df58-4087-4dd0-8598-5abddcc696b9: receive RaftClientReply:client-9C97446E6A25->2573df58-4087-4dd0-8598-5abddcc696b9@group-CE3C0447B19C, cid=1044, SUCCESS, logIndex=1797, commits[2573df58-4087-4dd0-8598-5abddcc696b9:c1798]
2019-06-13 21:51:34,561 DEBUG block.SCMBlockDeletingService (SCMBlockDeletingService.java:call(138)) - Running DeletedBlockTransactionScanner
2019-06-13 21:51:34,562 DEBUG block.SCMBlockDeletingService (SCMBlockDeletingService.java:call(155)) - Scanned deleted blocks log and got 0 delTX to process.
2019-06-13 21:51:34,574 INFO  client.GrpcClientProtocolClient (GrpcClientProtocolClient.java:onNext(254)) - client-9C97446E6A25->2573df58-4087-4dd0-8598-5abddcc696b9: receive RaftClientReply:client-9C97446E6A25->2573df58-4087-4dd0-8598-5abddcc696b9@group-CE3C0447B19C, cid=1045, SUCCESS, logIndex=1799, commits[2573df58-4087-4dd0-8598-5abddcc696b9:c1800]
2019-06-13 21:51:34,576 INFO  client.GrpcClientProtocolClient (GrpcClientProtocolClient.java:onNext(254)) - client-9C97446E6A25->2573df58-4087-4dd0-8598-5abddcc696b9: receive RaftClientReply:client-9C97446E6A25->2573df58-4087-4dd0-8598-5abddcc696b9@group-CE3C0447B19C, cid=1046, SUCCESS, logIndex=1801, commits[2573df58-4087-4dd0-8598-5abddcc696b9:c1801]
2019-06-13 21:51:34,577 INFO  client.GrpcClientProtocolClient (GrpcClientProtocolClient.java:onNext(254)) - client-9C97446E6A25->2573df58-4087-4dd0-8598-5abddcc696b9: receive RaftClientReply:client-9C97446E6A25->2573df58-4087-4dd0-8598-5abddcc696b9@group-CE3C0447B19C, cid=1047, SUCCESS, logIndex=1802, commits[2573df58-4087-4dd0-8598-5abddcc696b9:c1804]
2019-06-13 21:51:34,578 INFO  client.GrpcClientProtocolClient (GrpcClientProtocolClient.java:onNext(254)) - client-9C97446E6A25->2573df58-4087-4dd0-8598-5abddcc696b9: receive RaftClientReply:client-9C97446E6A25->2573df58-4087-4dd0-8598-5abddcc696b9@group-CE3C0447B19C, cid=1048, SUCCESS, logIndex=1804, commits[2573df58-4087-4dd0-8598-5abddcc696b9:c1804]
2019-06-13 21:51:34,588 INFO  client.GrpcClientProtocolClient (GrpcClientProtocolClient.java:onNext(254)) - client-9C97446E6A25->2573df58-4087-4dd0-8598-5abddcc696b9: receive RaftClientReply:client-9C97446E6A25->2573df58-4087-4dd0-8598-5abddcc696b9@group-CE3C0447B19C, cid=1049, SUCCESS, logIndex=1806, commits[2573df58-4087-4dd0-8598-5abddcc696b9:c1806]
2019-06-13 21:51:34,591 INFO  client.GrpcClientProtocolClient (GrpcClientProtocolClient.java:onNext(254)) - client-9C97446E6A25->2573df58-4087-4dd0-8598-5abddcc696b9: receive RaftClientReply:client-9C97446E6A25->2573df58-4087-4dd0-8598-5abddcc696b9@group-CE3C0447B19C, cid=1050, SUCCESS, logIndex=1808, commits[2573df58-4087-4dd0-8598-5abddcc696b9:c1808]
2019-06-13 21:51:34,593 INFO  client.GrpcClientProtocolClient (GrpcClientProtocolClient.java:onNext(254)) - client-9C97446E6A25->2573df58-4087-4dd0-8598-5abddcc696b9: receive RaftClientReply:client-9C97446E6A25->2573df58-4087-4dd0-8598-5abddcc696b9@group-CE3C0447B19C, cid=1051, SUCCESS, logIndex=1809, commits[2573df58-4087-4dd0-8598-5abddcc696b9:c1811]
2019-06-13 21:51:34,595 INFO  client.GrpcClientProtocolClient (GrpcClientProtocolClient.java:onNext(254)) - client-9C97446E6A25->2573df58-4087-4dd0-8598-5abddcc696b9: receive RaftClientReply:client-9C97446E6A25->2573df58-4087-4dd0-8598-5abddcc696b9@group-CE3C0447B19C, cid=1052, SUCCESS, logIndex=1810, commits[2573df58-4087-4dd0-8598-5abddcc696b9:c1811]
2019-06-13 21:51:34,602 INFO  client.GrpcClientProtocolClient (GrpcClientProtocolClient.java:onNext(254)) - client-9C97446E6A25->2573df58-4087-4dd0-8598-5abddcc696b9: receive RaftClientReply:client-9C97446E6A25->2573df58-4087-4dd0-8598-5abddcc696b9@group-CE3C0447B19C, cid=1053, SUCCESS, logIndex=1812, commits[2573df58-4087-4dd0-8598-5abddcc696b9:c1812]
2019-06-13 21:51:34,604 INFO  client.GrpcClientProtocolClient (GrpcClientProtocolClient.java:onNext(254)) - client-9C97446E6A25->2573df58-4087-4dd0-8598-5abddcc696b9: receive RaftClientReply:client-9C97446E6A25->2573df58-4087-4dd0-8598-5abddcc696b9@group-CE3C0447B19C, cid=1054, SUCCESS, logIndex=1814, commits[2573df58-4087-4dd0-8598-5abddcc696b9:c1814]
2019-06-13 21:51:34,605 INFO  client.GrpcClientProtocolClient (GrpcClientProtocolClient.java:onNext(254)) - client-9C97446E6A25->2573df58-4087-4dd0-8598-5abddcc696b9: receive RaftClientReply:client-9C97446E6A25->2573df58-4087-4dd0-8598-5abddcc696b9@group-CE3C0447B19C, cid=1055, SUCCESS, logIndex=1815, commits[2573df58-4087-4dd0-8598-5abddcc696b9:c1817]
2019-06-13 21:51:34,606 INFO  client.GrpcClientProtocolClient (GrpcClientProtocolClient.java:onNext(254)) - client-9C97446E6A25->2573df58-4087-4dd0-8598-5abddcc696b9: receive RaftClientReply:client-9C97446E6A25->2573df58-4087-4dd0-8598-5abddcc696b9@group-CE3C0447B19C, cid=1056, SUCCESS, logIndex=1817, commits[2573df58-4087-4dd0-8598-5abddcc696b9:c1818]
2019-06-13 21:51:34,617 INFO  client.GrpcClientProtocolClient (GrpcClientProtocolClient.java:onNext(254)) - client-9C97446E6A25->2573df58-4087-4dd0-8598-5abddcc696b9: receive RaftClientReply:client-9C97446E6A25->2573df58-4087-4dd0-8598-5abddcc696b9@group-CE3C0447B19C, cid=1057, SUCCESS, logIndex=1819, commits[2573df58-4087-4dd0-8598-5abddcc696b9:c1819]
2019-06-13 21:51:34,618 INFO  client.GrpcClientProtocolClient (GrpcClientProtocolClient.java:onNext(254)) - client-9C97446E6A25->2573df58-4087-4dd0-8598-5abddcc696b9: receive RaftClientReply:client-9C97446E6A25->2573df58-4087-4dd0-8598-5abddcc696b9@group-CE3C0447B19C, cid=1058, SUCCESS, logIndex=1821, commits[2573df58-4087-4dd0-8598-5abddcc696b9:c1821]
2019-06-13 21:51:34,620 INFO  client.GrpcClientProtocolClient (GrpcClientProtocolClient.java:onNext(254)) - client-9C97446E6A25->2573df58-4087-4dd0-8598-5abddcc696b9: receive RaftClientReply:client-9C97446E6A25->2573df58-4087-4dd0-8598-5abddcc696b9@group-CE3C0447B19C, cid=1059, SUCCESS, logIndex=1822, commits[2573df58-4087-4dd0-8598-5abddcc696b9:c1824]
2019-06-13 21:51:34,620 INFO  client.GrpcClientProtocolClient (GrpcClientProtocolClient.java:onNext(254)) - client-9C97446E6A25->2573df58-4087-4dd0-8598-5abddcc696b9: receive RaftClientReply:client-9C97446E6A25->2573df58-4087-4dd0-8598-5abddcc696b9@group-CE3C0447B19C, cid=1060, SUCCESS, logIndex=1823, commits[2573df58-4087-4dd0-8598-5abddcc696b9:c1824]
2019-06-13 21:51:34,662 DEBUG block.SCMBlockDeletingService (SCMBlockDeletingService.java:call(138)) - Running DeletedBlockTransactionScanner
2019-06-13 21:51:34,662 DEBUG block.SCMBlockDeletingService (SCMBlockDeletingService.java:call(155)) - Scanned deleted blocks log and got 0 delTX to process.
2019-06-13 21:51:34,704 INFO  client.GrpcClientProtocolClient (GrpcClientProtocolClient.java:onNext(254)) - client-9C97446E6A25->2573df58-4087-4dd0-8598-5abddcc696b9: receive RaftClientReply:client-9C97446E6A25->2573df58-4087-4dd0-8598-5abddcc696b9@group-CE3C0447B19C, cid=1061, SUCCESS, logIndex=1825, commits[2573df58-4087-4dd0-8598-5abddcc696b9:c1825]
2019-06-13 21:51:34,705 INFO  client.GrpcClientProtocolClient (GrpcClientProtocolClient.java:onNext(254)) - client-9C97446E6A25->2573df58-4087-4dd0-8598-5abddcc696b9: receive RaftClientReply:client-9C97446E6A25->2573df58-4087-4dd0-8598-5abddcc696b9@group-CE3C0447B19C, cid=1062, SUCCESS, logIndex=1827, commits[2573df58-4087-4dd0-8598-5abddcc696b9:c1827]
2019-06-13 21:51:34,707 INFO  client.GrpcClientProtocolClient (GrpcClientProtocolClient.java:onNext(254)) - client-9C97446E6A25->2573df58-4087-4dd0-8598-5abddcc696b9: receive RaftClientReply:client-9C97446E6A25->2573df58-4087-4dd0-8598-5abddcc696b9@group-CE3C0447B19C, cid=1063, SUCCESS, logIndex=1828, commits[2573df58-4087-4dd0-8598-5abddcc696b9:c1830]
2019-06-13 21:51:34,707 INFO  client.GrpcClientProtocolClient (GrpcClientProtocolClient.java:onNext(254)) - client-9C97446E6A25->2573df58-4087-4dd0-8598-5abddcc696b9: receive RaftClientReply:client-9C97446E6A25->2573df58-4087-4dd0-8598-5abddcc696b9@group-CE3C0447B19C, cid=1064, SUCCESS, logIndex=1829, commits[2573df58-4087-4dd0-8598-5abddcc696b9:c1830]
2019-06-13 21:51:34,717 INFO  client.GrpcClientProtocolClient (GrpcClientProtocolClient.java:onNext(254)) - client-9C97446E6A25->2573df58-4087-4dd0-8598-5abddcc696b9: receive RaftClientReply:client-9C97446E6A25->2573df58-4087-4dd0-8598-5abddcc696b9@group-CE3C0447B19C, cid=1065, SUCCESS, logIndex=1831, commits[2573df58-4087-4dd0-8598-5abddcc696b9:c1831]
2019-06-13 21:51:34,722 INFO  client.GrpcClientProtocolClient (GrpcClientProtocolClient.java:onNext(254)) - client-9C97446E6A25->2573df58-4087-4dd0-8598-5abddcc696b9: receive RaftClientReply:client-9C97446E6A25->2573df58-4087-4dd0-8598-5abddcc696b9@group-CE3C0447B19C, cid=1066, SUCCESS, logIndex=1833, commits[2573df58-4087-4dd0-8598-5abddcc696b9:c1833]
2019-06-13 21:51:34,723 INFO  client.GrpcClientProtocolClient (GrpcClientProtocolClient.java:onNext(254)) - client-9C97446E6A25->2573df58-4087-4dd0-8598-5abddcc696b9: receive RaftClientReply:client-9C97446E6A25->2573df58-4087-4dd0-8598-5abddcc696b9@group-CE3C0447B19C, cid=1067, SUCCESS, logIndex=1834, commits[2573df58-4087-4dd0-8598-5abddcc696b9:c1836]
2019-06-13 21:51:34,723 INFO  client.GrpcClientProtocolClient (GrpcClientProtocolClient.java:onNext(254)) - client-9C97446E6A25->2573df58-4087-4dd0-8598-5abddcc696b9: receive RaftClientReply:client-9C97446E6A25->2573df58-4087-4dd0-8598-5abddcc696b9@group-CE3C0447B19C, cid=1068, SUCCESS, logIndex=1836, commits[2573df58-4087-4dd0-8598-5abddcc696b9:c1836]
2019-06-13 21:51:34,739 INFO  client.GrpcClientProtocolClient (GrpcClientProtocolClient.java:onNext(254)) - client-9C97446E6A25->2573df58-4087-4dd0-8598-5abddcc696b9: receive RaftClientReply:client-9C97446E6A25->2573df58-4087-4dd0-8598-5abddcc696b9@group-CE3C0447B19C, cid=1069, SUCCESS, logIndex=1838, commits[2573df58-4087-4dd0-8598-5abddcc696b9:c1838]
2019-06-13 21:51:34,742 INFO  storage.RaftLogWorker (RaftLogWorker.java:rollLogSegment(303)) - 2573df58-4087-4dd0-8598-5abddcc696b9-RaftLogWorker: Rolling segment log-1770_1839 to index:1839
2019-06-13 21:51:34,743 INFO  storage.RaftLogWorker (RaftLogWorker.java:execute(433)) - 2573df58-4087-4dd0-8598-5abddcc696b9-RaftLogWorker: Rolled log segment from /opt/src/hadoop-ozone/integration-test/target/test-dir/MiniOzoneClusterImpl-8578056e-9b7b-4e66-9e9f-ef53d5cd7c03/datanode-0/data/ratis/7f5c2536-ed89-4233-9ec0-ce3c0447b19c/current/log_inprogress_1770 to /opt/src/hadoop-ozone/integration-test/target/test-dir/MiniOzoneClusterImpl-8578056e-9b7b-4e66-9e9f-ef53d5cd7c03/datanode-0/data/ratis/7f5c2536-ed89-4233-9ec0-ce3c0447b19c/current/log_1770-1839
2019-06-13 21:51:34,767 DEBUG block.SCMBlockDeletingService (SCMBlockDeletingService.java:call(138)) - Running DeletedBlockTransactionScanner
2019-06-13 21:51:34,768 DEBUG block.SCMBlockDeletingService (SCMBlockDeletingService.java:call(155)) - Scanned deleted blocks log and got 0 delTX to process.
2019-06-13 21:51:34,790 INFO  storage.RaftLogWorker (RaftLogWorker.java:execute(469)) - 2573df58-4087-4dd0-8598-5abddcc696b9-RaftLogWorker: created new log segment /opt/src/hadoop-ozone/integration-test/target/test-dir/MiniOzoneClusterImpl-8578056e-9b7b-4e66-9e9f-ef53d5cd7c03/datanode-0/data/ratis/7f5c2536-ed89-4233-9ec0-ce3c0447b19c/current/log_inprogress_1840
2019-06-13 21:51:34,793 INFO  client.GrpcClientProtocolClient (GrpcClientProtocolClient.java:onNext(254)) - client-9C97446E6A25->2573df58-4087-4dd0-8598-5abddcc696b9: receive RaftClientReply:client-9C97446E6A25->2573df58-4087-4dd0-8598-5abddcc696b9@group-CE3C0447B19C, cid=1070, SUCCESS, logIndex=1840, commits[2573df58-4087-4dd0-8598-5abddcc696b9:c1842]
2019-06-13 21:51:34,793 INFO  client.GrpcClientProtocolClient (GrpcClientProtocolClient.java:onNext(254)) - client-9C97446E6A25->2573df58-4087-4dd0-8598-5abddcc696b9: receive RaftClientReply:client-9C97446E6A25->2573df58-4087-4dd0-8598-5abddcc696b9@group-CE3C0447B19C, cid=1071, SUCCESS, logIndex=1841, commits[2573df58-4087-4dd0-8598-5abddcc696b9:c1843]
2019-06-13 21:51:34,794 INFO  client.GrpcClientProtocolClient (GrpcClientProtocolClient.java:onNext(254)) - client-9C97446E6A25->2573df58-4087-4dd0-8598-5abddcc696b9: receive RaftClientReply:client-9C97446E6A25->2573df58-4087-4dd0-8598-5abddcc696b9@group-CE3C0447B19C, cid=1072, SUCCESS, logIndex=1842, commits[2573df58-4087-4dd0-8598-5abddcc696b9:c1843]
2019-06-13 21:51:34,806 INFO  client.GrpcClientProtocolClient (GrpcClientProtocolClient.java:onNext(254)) - client-9C97446E6A25->2573df58-4087-4dd0-8598-5abddcc696b9: receive RaftClientReply:client-9C97446E6A25->2573df58-4087-4dd0-8598-5abddcc696b9@group-CE3C0447B19C, cid=1073, SUCCESS, logIndex=1844, commits[2573df58-4087-4dd0-8598-5abddcc696b9:c1844]
2019-06-13 21:51:34,815 INFO  client.GrpcClientProtocolClient (GrpcClientProtocolClient.java:onNext(254)) - client-9C97446E6A25->2573df58-4087-4dd0-8598-5abddcc696b9: receive RaftClientReply:client-9C97446E6A25->2573df58-4087-4dd0-8598-5abddcc696b9@group-CE3C0447B19C, cid=1074, SUCCESS, logIndex=1846, commits[2573df58-4087-4dd0-8598-5abddcc696b9:c1846]
2019-06-13 21:51:34,819 INFO  client.GrpcClientProtocolClient (GrpcClientProtocolClient.java:onNext(254)) - client-9C97446E6A25->2573df58-4087-4dd0-8598-5abddcc696b9: receive RaftClientReply:client-9C97446E6A25->2573df58-4087-4dd0-8598-5abddcc696b9@group-CE3C0447B19C, cid=1075, SUCCESS, logIndex=1847, commits[2573df58-4087-4dd0-8598-5abddcc696b9:c1849]
2019-06-13 21:51:34,819 INFO  client.GrpcClientProtocolClient (GrpcClientProtocolClient.java:onNext(254)) - client-9C97446E6A25->2573df58-4087-4dd0-8598-5abddcc696b9: receive RaftClientReply:client-9C97446E6A25->2573df58-4087-4dd0-8598-5abddcc696b9@group-CE3C0447B19C, cid=1076, SUCCESS, logIndex=1849, commits[2573df58-4087-4dd0-8598-5abddcc696b9:c1849]
2019-06-13 21:51:34,826 INFO  client.GrpcClientProtocolClient (GrpcClientProtocolClient.java:onNext(254)) - client-9C97446E6A25->2573df58-4087-4dd0-8598-5abddcc696b9: receive RaftClientReply:client-9C97446E6A25->2573df58-4087-4dd0-8598-5abddcc696b9@group-CE3C0447B19C, cid=1077, SUCCESS, logIndex=1851, commits[2573df58-4087-4dd0-8598-5abddcc696b9:c1851]
2019-06-13 21:51:34,828 INFO  client.GrpcClientProtocolClient (GrpcClientProtocolClient.java:onNext(254)) - client-9C97446E6A25->2573df58-4087-4dd0-8598-5abddcc696b9: receive RaftClientReply:client-9C97446E6A25->2573df58-4087-4dd0-8598-5abddcc696b9@group-CE3C0447B19C, cid=1078, SUCCESS, logIndex=1853, commits[2573df58-4087-4dd0-8598-5abddcc696b9:c1853]
2019-06-13 21:51:34,830 INFO  client.GrpcClientProtocolClient (GrpcClientProtocolClient.java:onNext(254)) - client-9C97446E6A25->2573df58-4087-4dd0-8598-5abddcc696b9: receive RaftClientReply:client-9C97446E6A25->2573df58-4087-4dd0-8598-5abddcc696b9@group-CE3C0447B19C, cid=1079, SUCCESS, logIndex=1854, commits[2573df58-4087-4dd0-8598-5abddcc696b9:c1856]
2019-06-13 21:51:34,830 INFO  client.GrpcClientProtocolClient (GrpcClientProtocolClient.java:onNext(254)) - client-9C97446E6A25->2573df58-4087-4dd0-8598-5abddcc696b9: receive RaftClientReply:client-9C97446E6A25->2573df58-4087-4dd0-8598-5abddcc696b9@group-CE3C0447B19C, cid=1080, SUCCESS, logIndex=1855, commits[2573df58-4087-4dd0-8598-5abddcc696b9:c1856]
2019-06-13 21:51:34,847 INFO  client.GrpcClientProtocolClient (GrpcClientProtocolClient.java:onNext(254)) - client-9C97446E6A25->2573df58-4087-4dd0-8598-5abddcc696b9: receive RaftClientReply:client-9C97446E6A25->2573df58-4087-4dd0-8598-5abddcc696b9@group-CE3C0447B19C, cid=1081, SUCCESS, logIndex=1857, commits[2573df58-4087-4dd0-8598-5abddcc696b9:c1857]
2019-06-13 21:51:34,852 INFO  client.GrpcClientProtocolClient (GrpcClientProtocolClient.java:onNext(254)) - client-9C97446E6A25->2573df58-4087-4dd0-8598-5abddcc696b9: receive RaftClientReply:client-9C97446E6A25->2573df58-4087-4dd0-8598-5abddcc696b9@group-CE3C0447B19C, cid=1082, SUCCESS, logIndex=1859, commits[2573df58-4087-4dd0-8598-5abddcc696b9:c1862]
2019-06-13 21:51:34,852 INFO  client.GrpcClientProtocolClient (GrpcClientProtocolClient.java:onNext(254)) - client-9C97446E6A25->2573df58-4087-4dd0-8598-5abddcc696b9: receive RaftClientReply:client-9C97446E6A25->2573df58-4087-4dd0-8598-5abddcc696b9@group-CE3C0447B19C, cid=1083, SUCCESS, logIndex=1860, commits[2573df58-4087-4dd0-8598-5abddcc696b9:c1862]
2019-06-13 21:51:34,852 INFO  client.GrpcClientProtocolClient (GrpcClientProtocolClient.java:onNext(254)) - client-9C97446E6A25->2573df58-4087-4dd0-8598-5abddcc696b9: receive RaftClientReply:client-9C97446E6A25->2573df58-4087-4dd0-8598-5abddcc696b9@group-CE3C0447B19C, cid=1084, SUCCESS, logIndex=1861, commits[2573df58-4087-4dd0-8598-5abddcc696b9:c1862]
2019-06-13 21:51:34,862 INFO  client.GrpcClientProtocolClient (GrpcClientProtocolClient.java:onNext(254)) - client-9C97446E6A25->2573df58-4087-4dd0-8598-5abddcc696b9: receive RaftClientReply:client-9C97446E6A25->2573df58-4087-4dd0-8598-5abddcc696b9@group-CE3C0447B19C, cid=1085, SUCCESS, logIndex=1864, commits[2573df58-4087-4dd0-8598-5abddcc696b9:c1864]
2019-06-13 21:51:34,865 INFO  client.GrpcClientProtocolClient (GrpcClientProtocolClient.java:onNext(254)) - client-9C97446E6A25->2573df58-4087-4dd0-8598-5abddcc696b9: receive RaftClientReply:client-9C97446E6A25->2573df58-4087-4dd0-8598-5abddcc696b9@group-CE3C0447B19C, cid=1086, SUCCESS, logIndex=1866, commits[2573df58-4087-4dd0-8598-5abddcc696b9:c1866]
2019-06-13 21:51:34,868 DEBUG block.SCMBlockDeletingService (SCMBlockDeletingService.java:call(138)) - Running DeletedBlockTransactionScanner
2019-06-13 21:51:34,868 DEBUG block.SCMBlockDeletingService (SCMBlockDeletingService.java:call(155)) - Scanned deleted blocks log and got 0 delTX to process.
2019-06-13 21:51:34,871 INFO  client.GrpcClientProtocolClient (GrpcClientProtocolClient.java:onNext(254)) - client-9C97446E6A25->2573df58-4087-4dd0-8598-5abddcc696b9: receive RaftClientReply:client-9C97446E6A25->2573df58-4087-4dd0-8598-5abddcc696b9@group-CE3C0447B19C, cid=1087, SUCCESS, logIndex=1867, commits[2573df58-4087-4dd0-8598-5abddcc696b9:c1869]
2019-06-13 21:51:34,871 INFO  client.GrpcClientProtocolClient (GrpcClientProtocolClient.java:onNext(254)) - client-9C97446E6A25->2573df58-4087-4dd0-8598-5abddcc696b9: receive RaftClientReply:client-9C97446E6A25->2573df58-4087-4dd0-8598-5abddcc696b9@group-CE3C0447B19C, cid=1088, SUCCESS, logIndex=1868, commits[2573df58-4087-4dd0-8598-5abddcc696b9:c1869]
2019-06-13 21:51:34,887 INFO  client.GrpcClientProtocolClient (GrpcClientProtocolClient.java:onNext(254)) - client-9C97446E6A25->2573df58-4087-4dd0-8598-5abddcc696b9: receive RaftClientReply:client-9C97446E6A25->2573df58-4087-4dd0-8598-5abddcc696b9@group-CE3C0447B19C, cid=1089, SUCCESS, logIndex=1870, commits[2573df58-4087-4dd0-8598-5abddcc696b9:c1870]
2019-06-13 21:51:34,888 INFO  client.GrpcClientProtocolClient (GrpcClientProtocolClient.java:onNext(254)) - client-9C97446E6A25->2573df58-4087-4dd0-8598-5abddcc696b9: receive RaftClientReply:client-9C97446E6A25->2573df58-4087-4dd0-8598-5abddcc696b9@group-CE3C0447B19C, cid=1090, SUCCESS, logIndex=1872, commits[2573df58-4087-4dd0-8598-5abddcc696b9:c1872]
2019-06-13 21:51:34,890 INFO  client.GrpcClientProtocolClient (GrpcClientProtocolClient.java:onNext(254)) - client-9C97446E6A25->2573df58-4087-4dd0-8598-5abddcc696b9: receive RaftClientReply:client-9C97446E6A25->2573df58-4087-4dd0-8598-5abddcc696b9@group-CE3C0447B19C, cid=1091, SUCCESS, logIndex=1873, commits[2573df58-4087-4dd0-8598-5abddcc696b9:c1875]
2019-06-13 21:51:34,891 INFO  client.GrpcClientProtocolClient (GrpcClientProtocolClient.java:onNext(254)) - client-9C97446E6A25->2573df58-4087-4dd0-8598-5abddcc696b9: receive RaftClientReply:client-9C97446E6A25->2573df58-4087-4dd0-8598-5abddcc696b9@group-CE3C0447B19C, cid=1092, SUCCESS, logIndex=1874, commits[2573df58-4087-4dd0-8598-5abddcc696b9:c1875]
2019-06-13 21:51:34,900 INFO  client.GrpcClientProtocolClient (GrpcClientProtocolClient.java:onNext(254)) - client-9C97446E6A25->2573df58-4087-4dd0-8598-5abddcc696b9: receive RaftClientReply:client-9C97446E6A25->2573df58-4087-4dd0-8598-5abddcc696b9@group-CE3C0447B19C, cid=1093, SUCCESS, logIndex=1876, commits[2573df58-4087-4dd0-8598-5abddcc696b9:c1876]
2019-06-13 21:51:34,906 INFO  client.GrpcClientProtocolClient (GrpcClientProtocolClient.java:onNext(254)) - client-9C97446E6A25->2573df58-4087-4dd0-8598-5abddcc696b9: receive RaftClientReply:client-9C97446E6A25->2573df58-4087-4dd0-8598-5abddcc696b9@group-CE3C0447B19C, cid=1094, SUCCESS, logIndex=1878, commits[2573df58-4087-4dd0-8598-5abddcc696b9:c1878]
2019-06-13 21:51:34,911 INFO  client.GrpcClientProtocolClient (GrpcClientProtocolClient.java:onNext(254)) - client-9C97446E6A25->2573df58-4087-4dd0-8598-5abddcc696b9: receive RaftClientReply:client-9C97446E6A25->2573df58-4087-4dd0-8598-5abddcc696b9@group-CE3C0447B19C, cid=1095, SUCCESS, logIndex=1879, commits[2573df58-4087-4dd0-8598-5abddcc696b9:c1881]
2019-06-13 21:51:34,919 INFO  client.GrpcClientProtocolClient (GrpcClientProtocolClient.java:onNext(254)) - client-9C97446E6A25->2573df58-4087-4dd0-8598-5abddcc696b9: receive RaftClientReply:client-9C97446E6A25->2573df58-4087-4dd0-8598-5abddcc696b9@group-CE3C0447B19C, cid=1096, SUCCESS, logIndex=1880, commits[2573df58-4087-4dd0-8598-5abddcc696b9:c1881]
2019-06-13 21:51:34,939 INFO  client.GrpcClientProtocolClient (GrpcClientProtocolClient.java:onNext(254)) - client-9C97446E6A25->2573df58-4087-4dd0-8598-5abddcc696b9: receive RaftClientReply:client-9C97446E6A25->2573df58-4087-4dd0-8598-5abddcc696b9@group-CE3C0447B19C, cid=1097, SUCCESS, logIndex=1882, commits[2573df58-4087-4dd0-8598-5abddcc696b9:c1882]
2019-06-13 21:51:34,942 INFO  client.GrpcClientProtocolClient (GrpcClientProtocolClient.java:onNext(254)) - client-9C97446E6A25->2573df58-4087-4dd0-8598-5abddcc696b9: receive RaftClientReply:client-9C97446E6A25->2573df58-4087-4dd0-8598-5abddcc696b9@group-CE3C0447B19C, cid=1098, SUCCESS, logIndex=1884, commits[2573df58-4087-4dd0-8598-5abddcc696b9:c1884]
2019-06-13 21:51:34,953 INFO  client.GrpcClientProtocolClient (GrpcClientProtocolClient.java:onNext(254)) - client-9C97446E6A25->2573df58-4087-4dd0-8598-5abddcc696b9: receive RaftClientReply:client-9C97446E6A25->2573df58-4087-4dd0-8598-5abddcc696b9@group-CE3C0447B19C, cid=1099, SUCCESS, logIndex=1885, commits[2573df58-4087-4dd0-8598-5abddcc696b9:c1885]
2019-06-13 21:51:34,953 INFO  client.GrpcClientProtocolClient (GrpcClientProtocolClient.java:onNext(254)) - client-9C97446E6A25->2573df58-4087-4dd0-8598-5abddcc696b9: receive RaftClientReply:client-9C97446E6A25->2573df58-4087-4dd0-8598-5abddcc696b9@group-CE3C0447B19C, cid=1100, SUCCESS, logIndex=1887, commits[2573df58-4087-4dd0-8598-5abddcc696b9:c1888]
2019-06-13 21:51:34,964 INFO  client.GrpcClientProtocolClient (GrpcClientProtocolClient.java:onNext(254)) - client-9C97446E6A25->2573df58-4087-4dd0-8598-5abddcc696b9: receive RaftClientReply:client-9C97446E6A25->2573df58-4087-4dd0-8598-5abddcc696b9@group-CE3C0447B19C, cid=1101, SUCCESS, logIndex=1889, commits[2573df58-4087-4dd0-8598-5abddcc696b9:c1889]
2019-06-13 21:51:34,967 INFO  client.GrpcClientProtocolClient (GrpcClientProtocolClient.java:onNext(254)) - client-9C97446E6A25->2573df58-4087-4dd0-8598-5abddcc696b9: receive RaftClientReply:client-9C97446E6A25->2573df58-4087-4dd0-8598-5abddcc696b9@group-CE3C0447B19C, cid=1102, SUCCESS, logIndex=1891, commits[2573df58-4087-4dd0-8598-5abddcc696b9:c1891]
2019-06-13 21:51:34,969 DEBUG block.SCMBlockDeletingService (SCMBlockDeletingService.java:call(138)) - Running DeletedBlockTransactionScanner
2019-06-13 21:51:34,969 DEBUG block.SCMBlockDeletingService (SCMBlockDeletingService.java:call(155)) - Scanned deleted blocks log and got 0 delTX to process.
2019-06-13 21:51:34,970 INFO  client.GrpcClientProtocolClient (GrpcClientProtocolClient.java:onNext(254)) - client-9C97446E6A25->2573df58-4087-4dd0-8598-5abddcc696b9: receive RaftClientReply:client-9C97446E6A25->2573df58-4087-4dd0-8598-5abddcc696b9@group-CE3C0447B19C, cid=1103, SUCCESS, logIndex=1893, commits[2573df58-4087-4dd0-8598-5abddcc696b9:c1894]
2019-06-13 21:51:34,971 INFO  client.GrpcClientProtocolClient (GrpcClientProtocolClient.java:onNext(254)) - client-9C97446E6A25->2573df58-4087-4dd0-8598-5abddcc696b9: receive RaftClientReply:client-9C97446E6A25->2573df58-4087-4dd0-8598-5abddcc696b9@group-CE3C0447B19C, cid=1104, SUCCESS, logIndex=1894, commits[2573df58-4087-4dd0-8598-5abddcc696b9:c1894]
2019-06-13 21:51:35,071 DEBUG block.SCMBlockDeletingService (SCMBlockDeletingService.java:call(138)) - Running DeletedBlockTransactionScanner
2019-06-13 21:51:35,071 DEBUG block.SCMBlockDeletingService (SCMBlockDeletingService.java:call(155)) - Scanned deleted blocks log and got 0 delTX to process.
2019-06-13 21:51:35,080 INFO  client.GrpcClientProtocolClient (GrpcClientProtocolClient.java:onNext(254)) - client-9C97446E6A25->2573df58-4087-4dd0-8598-5abddcc696b9: receive RaftClientReply:client-9C97446E6A25->2573df58-4087-4dd0-8598-5abddcc696b9@group-CE3C0447B19C, cid=1105, SUCCESS, logIndex=1896, commits[2573df58-4087-4dd0-8598-5abddcc696b9:c1896]
2019-06-13 21:51:35,083 INFO  client.GrpcClientProtocolClient (GrpcClientProtocolClient.java:onNext(254)) - client-9C97446E6A25->2573df58-4087-4dd0-8598-5abddcc696b9: receive RaftClientReply:client-9C97446E6A25->2573df58-4087-4dd0-8598-5abddcc696b9@group-CE3C0447B19C, cid=1106, SUCCESS, logIndex=1898, commits[2573df58-4087-4dd0-8598-5abddcc696b9:c1898]
2019-06-13 21:51:35,084 INFO  client.GrpcClientProtocolClient (GrpcClientProtocolClient.java:onNext(254)) - client-9C97446E6A25->2573df58-4087-4dd0-8598-5abddcc696b9: receive RaftClientReply:client-9C97446E6A25->2573df58-4087-4dd0-8598-5abddcc696b9@group-CE3C0447B19C, cid=1107, SUCCESS, logIndex=1899, commits[2573df58-4087-4dd0-8598-5abddcc696b9:c1901]
2019-06-13 21:51:35,087 INFO  client.GrpcClientProtocolClient (GrpcClientProtocolClient.java:onNext(254)) - client-9C97446E6A25->2573df58-4087-4dd0-8598-5abddcc696b9: receive RaftClientReply:client-9C97446E6A25->2573df58-4087-4dd0-8598-5abddcc696b9@group-CE3C0447B19C, cid=1108, SUCCESS, logIndex=1900, commits[2573df58-4087-4dd0-8598-5abddcc696b9:c1901]
2019-06-13 21:51:35,095 INFO  client.GrpcClientProtocolClient (GrpcClientProtocolClient.java:onNext(254)) - client-9C97446E6A25->2573df58-4087-4dd0-8598-5abddcc696b9: receive RaftClientReply:client-9C97446E6A25->2573df58-4087-4dd0-8598-5abddcc696b9@group-CE3C0447B19C, cid=1109, SUCCESS, logIndex=1902, commits[2573df58-4087-4dd0-8598-5abddcc696b9:c1903]
2019-06-13 21:51:35,099 INFO  client.GrpcClientProtocolClient (GrpcClientProtocolClient.java:onNext(254)) - client-9C97446E6A25->2573df58-4087-4dd0-8598-5abddcc696b9: receive RaftClientReply:client-9C97446E6A25->2573df58-4087-4dd0-8598-5abddcc696b9@group-CE3C0447B19C, cid=1110, SUCCESS, logIndex=1904, commits[2573df58-4087-4dd0-8598-5abddcc696b9:c1904]
2019-06-13 21:51:35,106 INFO  client.GrpcClientProtocolClient (GrpcClientProtocolClient.java:onNext(254)) - client-9C97446E6A25->2573df58-4087-4dd0-8598-5abddcc696b9: receive RaftClientReply:client-9C97446E6A25->2573df58-4087-4dd0-8598-5abddcc696b9@group-CE3C0447B19C, cid=1111, SUCCESS, logIndex=1905, commits[2573df58-4087-4dd0-8598-5abddcc696b9:c1906]
2019-06-13 21:51:35,107 INFO  client.GrpcClientProtocolClient (GrpcClientProtocolClient.java:onNext(254)) - client-9C97446E6A25->2573df58-4087-4dd0-8598-5abddcc696b9: receive RaftClientReply:client-9C97446E6A25->2573df58-4087-4dd0-8598-5abddcc696b9@group-CE3C0447B19C, cid=1112, SUCCESS, logIndex=1907, commits[2573df58-4087-4dd0-8598-5abddcc696b9:c1907]
2019-06-13 21:51:35,115 INFO  storage.RaftLogWorker (RaftLogWorker.java:rollLogSegment(303)) - 2573df58-4087-4dd0-8598-5abddcc696b9-RaftLogWorker: Rolling segment log-1840_1908 to index:1908
2019-06-13 21:51:35,116 INFO  storage.RaftLogWorker (RaftLogWorker.java:execute(433)) - 2573df58-4087-4dd0-8598-5abddcc696b9-RaftLogWorker: Rolled log segment from /opt/src/hadoop-ozone/integration-test/target/test-dir/MiniOzoneClusterImpl-8578056e-9b7b-4e66-9e9f-ef53d5cd7c03/datanode-0/data/ratis/7f5c2536-ed89-4233-9ec0-ce3c0447b19c/current/log_inprogress_1840 to /opt/src/hadoop-ozone/integration-test/target/test-dir/MiniOzoneClusterImpl-8578056e-9b7b-4e66-9e9f-ef53d5cd7c03/datanode-0/data/ratis/7f5c2536-ed89-4233-9ec0-ce3c0447b19c/current/log_1840-1908
2019-06-13 21:51:35,159 INFO  storage.RaftLogWorker (RaftLogWorker.java:execute(469)) - 2573df58-4087-4dd0-8598-5abddcc696b9-RaftLogWorker: created new log segment /opt/src/hadoop-ozone/integration-test/target/test-dir/MiniOzoneClusterImpl-8578056e-9b7b-4e66-9e9f-ef53d5cd7c03/datanode-0/data/ratis/7f5c2536-ed89-4233-9ec0-ce3c0447b19c/current/log_inprogress_1909
2019-06-13 21:51:35,160 INFO  client.GrpcClientProtocolClient (GrpcClientProtocolClient.java:onNext(254)) - client-9C97446E6A25->2573df58-4087-4dd0-8598-5abddcc696b9: receive RaftClientReply:client-9C97446E6A25->2573df58-4087-4dd0-8598-5abddcc696b9@group-CE3C0447B19C, cid=1113, SUCCESS, logIndex=1909, commits[2573df58-4087-4dd0-8598-5abddcc696b9:c1909]
2019-06-13 21:51:35,163 INFO  client.GrpcClientProtocolClient (GrpcClientProtocolClient.java:onNext(254)) - client-9C97446E6A25->2573df58-4087-4dd0-8598-5abddcc696b9: receive RaftClientReply:client-9C97446E6A25->2573df58-4087-4dd0-8598-5abddcc696b9@group-CE3C0447B19C, cid=1114, SUCCESS, logIndex=1911, commits[2573df58-4087-4dd0-8598-5abddcc696b9:c1911]
2019-06-13 21:51:35,164 INFO  client.GrpcClientProtocolClient (GrpcClientProtocolClient.java:onNext(254)) - client-9C97446E6A25->2573df58-4087-4dd0-8598-5abddcc696b9: receive RaftClientReply:client-9C97446E6A25->2573df58-4087-4dd0-8598-5abddcc696b9@group-CE3C0447B19C, cid=1115, SUCCESS, logIndex=1913, commits[2573df58-4087-4dd0-8598-5abddcc696b9:c1914]
2019-06-13 21:51:35,165 INFO  client.GrpcClientProtocolClient (GrpcClientProtocolClient.java:onNext(254)) - client-9C97446E6A25->2573df58-4087-4dd0-8598-5abddcc696b9: receive RaftClientReply:client-9C97446E6A25->2573df58-4087-4dd0-8598-5abddcc696b9@group-CE3C0447B19C, cid=1116, SUCCESS, logIndex=1914, commits[2573df58-4087-4dd0-8598-5abddcc696b9:c1914]
2019-06-13 21:51:35,205 DEBUG block.SCMBlockDeletingService (SCMBlockDeletingService.java:call(138)) - Running DeletedBlockTransactionScanner
2019-06-13 21:51:35,205 DEBUG block.SCMBlockDeletingService (SCMBlockDeletingService.java:call(155)) - Scanned deleted blocks log and got 0 delTX to process.
2019-06-13 21:51:35,213 INFO  client.GrpcClientProtocolClient (GrpcClientProtocolClient.java:onNext(254)) - client-9C97446E6A25->2573df58-4087-4dd0-8598-5abddcc696b9: receive RaftClientReply:client-9C97446E6A25->2573df58-4087-4dd0-8598-5abddcc696b9@group-CE3C0447B19C, cid=1117, SUCCESS, logIndex=1916, commits[2573df58-4087-4dd0-8598-5abddcc696b9:c1916]
2019-06-13 21:51:35,215 INFO  client.GrpcClientProtocolClient (GrpcClientProtocolClient.java:onNext(254)) - client-9C97446E6A25->2573df58-4087-4dd0-8598-5abddcc696b9: receive RaftClientReply:client-9C97446E6A25->2573df58-4087-4dd0-8598-5abddcc696b9@group-CE3C0447B19C, cid=1118, SUCCESS, logIndex=1918, commits[2573df58-4087-4dd0-8598-5abddcc696b9:c1918]
2019-06-13 21:51:35,216 INFO  client.GrpcClientProtocolClient (GrpcClientProtocolClient.java:onNext(254)) - client-9C97446E6A25->2573df58-4087-4dd0-8598-5abddcc696b9: receive RaftClientReply:client-9C97446E6A25->2573df58-4087-4dd0-8598-5abddcc696b9@group-CE3C0447B19C, cid=1119, SUCCESS, logIndex=1919, commits[2573df58-4087-4dd0-8598-5abddcc696b9:c1921]
2019-06-13 21:51:35,217 INFO  client.GrpcClientProtocolClient (GrpcClientProtocolClient.java:onNext(254)) - client-9C97446E6A25->2573df58-4087-4dd0-8598-5abddcc696b9: receive RaftClientReply:client-9C97446E6A25->2573df58-4087-4dd0-8598-5abddcc696b9@group-CE3C0447B19C, cid=1120, SUCCESS, logIndex=1920, commits[2573df58-4087-4dd0-8598-5abddcc696b9:c1921]
2019-06-13 21:51:35,226 INFO  client.GrpcClientProtocolClient (GrpcClientProtocolClient.java:onNext(254)) - client-9C97446E6A25->2573df58-4087-4dd0-8598-5abddcc696b9: receive RaftClientReply:client-9C97446E6A25->2573df58-4087-4dd0-8598-5abddcc696b9@group-CE3C0447B19C, cid=1121, SUCCESS, logIndex=1922, commits[2573df58-4087-4dd0-8598-5abddcc696b9:c1922]
2019-06-13 21:51:35,228 INFO  client.GrpcClientProtocolClient (GrpcClientProtocolClient.java:onNext(254)) - client-9C97446E6A25->2573df58-4087-4dd0-8598-5abddcc696b9: receive RaftClientReply:client-9C97446E6A25->2573df58-4087-4dd0-8598-5abddcc696b9@group-CE3C0447B19C, cid=1122, SUCCESS, logIndex=1924, commits[2573df58-4087-4dd0-8598-5abddcc696b9:c1924]
2019-06-13 21:51:35,229 INFO  client.GrpcClientProtocolClient (GrpcClientProtocolClient.java:onNext(254)) - client-9C97446E6A25->2573df58-4087-4dd0-8598-5abddcc696b9: receive RaftClientReply:client-9C97446E6A25->2573df58-4087-4dd0-8598-5abddcc696b9@group-CE3C0447B19C, cid=1123, SUCCESS, logIndex=1925, commits[2573df58-4087-4dd0-8598-5abddcc696b9:c1927]
2019-06-13 21:51:35,229 INFO  client.GrpcClientProtocolClient (GrpcClientProtocolClient.java:onNext(254)) - client-9C97446E6A25->2573df58-4087-4dd0-8598-5abddcc696b9: receive RaftClientReply:client-9C97446E6A25->2573df58-4087-4dd0-8598-5abddcc696b9@group-CE3C0447B19C, cid=1124, SUCCESS, logIndex=1926, commits[2573df58-4087-4dd0-8598-5abddcc696b9:c1927]
2019-06-13 21:51:35,237 INFO  client.GrpcClientProtocolClient (GrpcClientProtocolClient.java:onNext(254)) - client-9C97446E6A25->2573df58-4087-4dd0-8598-5abddcc696b9: receive RaftClientReply:client-9C97446E6A25->2573df58-4087-4dd0-8598-5abddcc696b9@group-CE3C0447B19C, cid=1125, SUCCESS, logIndex=1928, commits[2573df58-4087-4dd0-8598-5abddcc696b9:c1928]
2019-06-13 21:51:35,239 INFO  client.GrpcClientProtocolClient (GrpcClientProtocolClient.java:onNext(254)) - client-9C97446E6A25->2573df58-4087-4dd0-8598-5abddcc696b9: receive RaftClientReply:client-9C97446E6A25->2573df58-4087-4dd0-8598-5abddcc696b9@group-CE3C0447B19C, cid=1126, SUCCESS, logIndex=1930, commits[2573df58-4087-4dd0-8598-5abddcc696b9:c1930]
2019-06-13 21:51:35,240 INFO  client.GrpcClientProtocolClient (GrpcClientProtocolClient.java:onNext(254)) - client-9C97446E6A25->2573df58-4087-4dd0-8598-5abddcc696b9: receive RaftClientReply:client-9C97446E6A25->2573df58-4087-4dd0-8598-5abddcc696b9@group-CE3C0447B19C, cid=1127, SUCCESS, logIndex=1931, commits[2573df58-4087-4dd0-8598-5abddcc696b9:c1932]
2019-06-13 21:51:35,240 INFO  client.GrpcClientProtocolClient (GrpcClientProtocolClient.java:onNext(254)) - client-9C97446E6A25->2573df58-4087-4dd0-8598-5abddcc696b9: receive RaftClientReply:client-9C97446E6A25->2573df58-4087-4dd0-8598-5abddcc696b9@group-CE3C0447B19C, cid=1128, SUCCESS, logIndex=1932, commits[2573df58-4087-4dd0-8598-5abddcc696b9:c1932]
2019-06-13 21:51:35,251 INFO  client.GrpcClientProtocolClient (GrpcClientProtocolClient.java:onNext(254)) - client-9C97446E6A25->2573df58-4087-4dd0-8598-5abddcc696b9: receive RaftClientReply:client-9C97446E6A25->2573df58-4087-4dd0-8598-5abddcc696b9@group-CE3C0447B19C, cid=1129, SUCCESS, logIndex=1935, commits[2573df58-4087-4dd0-8598-5abddcc696b9:c1935]
2019-06-13 21:51:35,254 INFO  client.GrpcClientProtocolClient (GrpcClientProtocolClient.java:onNext(254)) - client-9C97446E6A25->2573df58-4087-4dd0-8598-5abddcc696b9: receive RaftClientReply:client-9C97446E6A25->2573df58-4087-4dd0-8598-5abddcc696b9@group-CE3C0447B19C, cid=1130, SUCCESS, logIndex=1937, commits[2573df58-4087-4dd0-8598-5abddcc696b9:c1937]
2019-06-13 21:51:35,254 INFO  client.GrpcClientProtocolClient (GrpcClientProtocolClient.java:onNext(254)) - client-9C97446E6A25->2573df58-4087-4dd0-8598-5abddcc696b9: receive RaftClientReply:client-9C97446E6A25->2573df58-4087-4dd0-8598-5abddcc696b9@group-CE3C0447B19C, cid=1131, SUCCESS, logIndex=1938, commits[2573df58-4087-4dd0-8598-5abddcc696b9:c1940]
2019-06-13 21:51:35,255 INFO  client.GrpcClientProtocolClient (GrpcClientProtocolClient.java:onNext(254)) - client-9C97446E6A25->2573df58-4087-4dd0-8598-5abddcc696b9: receive RaftClientReply:client-9C97446E6A25->2573df58-4087-4dd0-8598-5abddcc696b9@group-CE3C0447B19C, cid=1132, SUCCESS, logIndex=1939, commits[2573df58-4087-4dd0-8598-5abddcc696b9:c1940]
2019-06-13 21:51:35,260 INFO  client.GrpcClientProtocolClient (GrpcClientProtocolClient.java:onNext(254)) - client-9C97446E6A25->2573df58-4087-4dd0-8598-5abddcc696b9: receive RaftClientReply:client-9C97446E6A25->2573df58-4087-4dd0-8598-5abddcc696b9@group-CE3C0447B19C, cid=1133, SUCCESS, logIndex=1941, commits[2573df58-4087-4dd0-8598-5abddcc696b9:c1941]
2019-06-13 21:51:35,261 INFO  client.GrpcClientProtocolClient (GrpcClientProtocolClient.java:onNext(254)) - client-9C97446E6A25->2573df58-4087-4dd0-8598-5abddcc696b9: receive RaftClientReply:client-9C97446E6A25->2573df58-4087-4dd0-8598-5abddcc696b9@group-CE3C0447B19C, cid=1134, SUCCESS, logIndex=1943, commits[2573df58-4087-4dd0-8598-5abddcc696b9:c1943]
2019-06-13 21:51:35,263 INFO  client.GrpcClientProtocolClient (GrpcClientProtocolClient.java:onNext(254)) - client-9C97446E6A25->2573df58-4087-4dd0-8598-5abddcc696b9: receive RaftClientReply:client-9C97446E6A25->2573df58-4087-4dd0-8598-5abddcc696b9@group-CE3C0447B19C, cid=1135, SUCCESS, logIndex=1944, commits[2573df58-4087-4dd0-8598-5abddcc696b9:c1946]
2019-06-13 21:51:35,263 INFO  client.GrpcClientProtocolClient (GrpcClientProtocolClient.java:onNext(254)) - client-9C97446E6A25->2573df58-4087-4dd0-8598-5abddcc696b9: receive RaftClientReply:client-9C97446E6A25->2573df58-4087-4dd0-8598-5abddcc696b9@group-CE3C0447B19C, cid=1136, SUCCESS, logIndex=1945, commits[2573df58-4087-4dd0-8598-5abddcc696b9:c1946]
2019-06-13 21:51:35,273 INFO  client.GrpcClientProtocolClient (GrpcClientProtocolClient.java:onNext(254)) - client-9C97446E6A25->2573df58-4087-4dd0-8598-5abddcc696b9: receive RaftClientReply:client-9C97446E6A25->2573df58-4087-4dd0-8598-5abddcc696b9@group-CE3C0447B19C, cid=1137, SUCCESS, logIndex=1947, commits[2573df58-4087-4dd0-8598-5abddcc696b9:c1947]
2019-06-13 21:51:35,275 INFO  client.GrpcClientProtocolClient (GrpcClientProtocolClient.java:onNext(254)) - client-9C97446E6A25->2573df58-4087-4dd0-8598-5abddcc696b9: receive RaftClientReply:client-9C97446E6A25->2573df58-4087-4dd0-8598-5abddcc696b9@group-CE3C0447B19C, cid=1138, SUCCESS, logIndex=1949, commits[2573df58-4087-4dd0-8598-5abddcc696b9:c1949]
2019-06-13 21:51:35,276 INFO  client.GrpcClientProtocolClient (GrpcClientProtocolClient.java:onNext(254)) - client-9C97446E6A25->2573df58-4087-4dd0-8598-5abddcc696b9: receive RaftClientReply:client-9C97446E6A25->2573df58-4087-4dd0-8598-5abddcc696b9@group-CE3C0447B19C, cid=1139, SUCCESS, logIndex=1950, commits[2573df58-4087-4dd0-8598-5abddcc696b9:c1952]
2019-06-13 21:51:35,276 INFO  client.GrpcClientProtocolClient (GrpcClientProtocolClient.java:onNext(254)) - client-9C97446E6A25->2573df58-4087-4dd0-8598-5abddcc696b9: receive RaftClientReply:client-9C97446E6A25->2573df58-4087-4dd0-8598-5abddcc696b9@group-CE3C0447B19C, cid=1140, SUCCESS, logIndex=1951, commits[2573df58-4087-4dd0-8598-5abddcc696b9:c1952]
2019-06-13 21:51:35,282 INFO  client.GrpcClientProtocolClient (GrpcClientProtocolClient.java:onNext(254)) - client-9C97446E6A25->2573df58-4087-4dd0-8598-5abddcc696b9: receive RaftClientReply:client-9C97446E6A25->2573df58-4087-4dd0-8598-5abddcc696b9@group-CE3C0447B19C, cid=1141, SUCCESS, logIndex=1953, commits[2573df58-4087-4dd0-8598-5abddcc696b9:c1953]
2019-06-13 21:51:35,286 INFO  client.GrpcClientProtocolClient (GrpcClientProtocolClient.java:onNext(254)) - client-9C97446E6A25->2573df58-4087-4dd0-8598-5abddcc696b9: receive RaftClientReply:client-9C97446E6A25->2573df58-4087-4dd0-8598-5abddcc696b9@group-CE3C0447B19C, cid=1142, SUCCESS, logIndex=1955, commits[2573df58-4087-4dd0-8598-5abddcc696b9:c1955]
2019-06-13 21:51:35,287 INFO  client.GrpcClientProtocolClient (GrpcClientProtocolClient.java:onNext(254)) - client-9C97446E6A25->2573df58-4087-4dd0-8598-5abddcc696b9: receive RaftClientReply:client-9C97446E6A25->2573df58-4087-4dd0-8598-5abddcc696b9@group-CE3C0447B19C, cid=1143, SUCCESS, logIndex=1956, commits[2573df58-4087-4dd0-8598-5abddcc696b9:c1957]
2019-06-13 21:51:35,287 INFO  client.GrpcClientProtocolClient (GrpcClientProtocolClient.java:onNext(254)) - client-9C97446E6A25->2573df58-4087-4dd0-8598-5abddcc696b9: receive RaftClientReply:client-9C97446E6A25->2573df58-4087-4dd0-8598-5abddcc696b9@group-CE3C0447B19C, cid=1144, SUCCESS, logIndex=1957, commits[2573df58-4087-4dd0-8598-5abddcc696b9:c1957]
2019-06-13 21:51:35,297 INFO  client.GrpcClientProtocolClient (GrpcClientProtocolClient.java:onNext(254)) - client-9C97446E6A25->2573df58-4087-4dd0-8598-5abddcc696b9: receive RaftClientReply:client-9C97446E6A25->2573df58-4087-4dd0-8598-5abddcc696b9@group-CE3C0447B19C, cid=1145, SUCCESS, logIndex=1960, commits[2573df58-4087-4dd0-8598-5abddcc696b9:c1960]
2019-06-13 21:51:35,299 INFO  client.GrpcClientProtocolClient (GrpcClientProtocolClient.java:onNext(254)) - client-9C97446E6A25->2573df58-4087-4dd0-8598-5abddcc696b9: receive RaftClientReply:client-9C97446E6A25->2573df58-4087-4dd0-8598-5abddcc696b9@group-CE3C0447B19C, cid=1146, SUCCESS, logIndex=1962, commits[2573df58-4087-4dd0-8598-5abddcc696b9:c1962]
2019-06-13 21:51:35,300 INFO  client.GrpcClientProtocolClient (GrpcClientProtocolClient.java:onNext(254)) - client-9C97446E6A25->2573df58-4087-4dd0-8598-5abddcc696b9: receive RaftClientReply:client-9C97446E6A25->2573df58-4087-4dd0-8598-5abddcc696b9@group-CE3C0447B19C, cid=1147, SUCCESS, logIndex=1963, commits[2573df58-4087-4dd0-8598-5abddcc696b9:c1964]
2019-06-13 21:51:35,300 INFO  client.GrpcClientProtocolClient (GrpcClientProtocolClient.java:onNext(254)) - client-9C97446E6A25->2573df58-4087-4dd0-8598-5abddcc696b9: receive RaftClientReply:client-9C97446E6A25->2573df58-4087-4dd0-8598-5abddcc696b9@group-CE3C0447B19C, cid=1148, SUCCESS, logIndex=1964, commits[2573df58-4087-4dd0-8598-5abddcc696b9:c1966]
2019-06-13 21:51:35,306 DEBUG block.SCMBlockDeletingService (SCMBlockDeletingService.java:call(138)) - Running DeletedBlockTransactionScanner
2019-06-13 21:51:35,306 DEBUG block.SCMBlockDeletingService (SCMBlockDeletingService.java:call(155)) - Scanned deleted blocks log and got 0 delTX to process.
2019-06-13 21:51:35,373 INFO  client.GrpcClientProtocolClient (GrpcClientProtocolClient.java:onNext(254)) - client-9C97446E6A25->2573df58-4087-4dd0-8598-5abddcc696b9: receive RaftClientReply:client-9C97446E6A25->2573df58-4087-4dd0-8598-5abddcc696b9@group-CE3C0447B19C, cid=1149, SUCCESS, logIndex=1967, commits[2573df58-4087-4dd0-8598-5abddcc696b9:c1967]
2019-06-13 21:51:35,376 INFO  client.GrpcClientProtocolClient (GrpcClientProtocolClient.java:onNext(254)) - client-9C97446E6A25->2573df58-4087-4dd0-8598-5abddcc696b9: receive RaftClientReply:client-9C97446E6A25->2573df58-4087-4dd0-8598-5abddcc696b9@group-CE3C0447B19C, cid=1150, SUCCESS, logIndex=1969, commits[2573df58-4087-4dd0-8598-5abddcc696b9:c1969]
2019-06-13 21:51:35,378 INFO  client.GrpcClientProtocolClient (GrpcClientProtocolClient.java:onNext(254)) - client-9C97446E6A25->2573df58-4087-4dd0-8598-5abddcc696b9: receive RaftClientReply:client-9C97446E6A25->2573df58-4087-4dd0-8598-5abddcc696b9@group-CE3C0447B19C, cid=1151, SUCCESS, logIndex=1970, commits[2573df58-4087-4dd0-8598-5abddcc696b9:c1971]
2019-06-13 21:51:35,379 INFO  client.GrpcClientProtocolClient (GrpcClientProtocolClient.java:onNext(254)) - client-9C97446E6A25->2573df58-4087-4dd0-8598-5abddcc696b9: receive RaftClientReply:client-9C97446E6A25->2573df58-4087-4dd0-8598-5abddcc696b9@group-CE3C0447B19C, cid=1152, SUCCESS, logIndex=1971, commits[2573df58-4087-4dd0-8598-5abddcc696b9:c1972]
2019-06-13 21:51:35,391 INFO  client.GrpcClientProtocolClient (GrpcClientProtocolClient.java:onNext(254)) - client-9C97446E6A25->2573df58-4087-4dd0-8598-5abddcc696b9: receive RaftClientReply:client-9C97446E6A25->2573df58-4087-4dd0-8598-5abddcc696b9@group-CE3C0447B19C, cid=1153, SUCCESS, logIndex=1974, commits[2573df58-4087-4dd0-8598-5abddcc696b9:c1974]
2019-06-13 21:51:35,393 INFO  client.GrpcClientProtocolClient (GrpcClientProtocolClient.java:onNext(254)) - client-9C97446E6A25->2573df58-4087-4dd0-8598-5abddcc696b9: receive RaftClientReply:client-9C97446E6A25->2573df58-4087-4dd0-8598-5abddcc696b9@group-CE3C0447B19C, cid=1154, SUCCESS, logIndex=1976, commits[2573df58-4087-4dd0-8598-5abddcc696b9:c1976]
2019-06-13 21:51:35,394 INFO  client.GrpcClientProtocolClient (GrpcClientProtocolClient.java:onNext(254)) - client-9C97446E6A25->2573df58-4087-4dd0-8598-5abddcc696b9: receive RaftClientReply:client-9C97446E6A25->2573df58-4087-4dd0-8598-5abddcc696b9@group-CE3C0447B19C, cid=1155, SUCCESS, logIndex=1977, commits[2573df58-4087-4dd0-8598-5abddcc696b9:c1979]
2019-06-13 21:51:35,394 INFO  client.GrpcClientProtocolClient (GrpcClientProtocolClient.java:onNext(254)) - client-9C97446E6A25->2573df58-4087-4dd0-8598-5abddcc696b9: receive RaftClientReply:client-9C97446E6A25->2573df58-4087-4dd0-8598-5abddcc696b9@group-CE3C0447B19C, cid=1156, SUCCESS, logIndex=1979, commits[2573df58-4087-4dd0-8598-5abddcc696b9:c1979]
2019-06-13 21:51:35,397 INFO  storage.RaftLogWorker (RaftLogWorker.java:rollLogSegment(303)) - 2573df58-4087-4dd0-8598-5abddcc696b9-RaftLogWorker: Rolling segment log-1909_1980 to index:1980
2019-06-13 21:51:35,398 INFO  storage.RaftLogWorker (RaftLogWorker.java:execute(433)) - 2573df58-4087-4dd0-8598-5abddcc696b9-RaftLogWorker: Rolled log segment from /opt/src/hadoop-ozone/integration-test/target/test-dir/MiniOzoneClusterImpl-8578056e-9b7b-4e66-9e9f-ef53d5cd7c03/datanode-0/data/ratis/7f5c2536-ed89-4233-9ec0-ce3c0447b19c/current/log_inprogress_1909 to /opt/src/hadoop-ozone/integration-test/target/test-dir/MiniOzoneClusterImpl-8578056e-9b7b-4e66-9e9f-ef53d5cd7c03/datanode-0/data/ratis/7f5c2536-ed89-4233-9ec0-ce3c0447b19c/current/log_1909-1980
2019-06-13 21:51:35,406 DEBUG block.SCMBlockDeletingService (SCMBlockDeletingService.java:call(138)) - Running DeletedBlockTransactionScanner
2019-06-13 21:51:35,406 DEBUG block.SCMBlockDeletingService (SCMBlockDeletingService.java:call(155)) - Scanned deleted blocks log and got 0 delTX to process.
2019-06-13 21:51:35,436 INFO  storage.RaftLogWorker (RaftLogWorker.java:execute(469)) - 2573df58-4087-4dd0-8598-5abddcc696b9-RaftLogWorker: created new log segment /opt/src/hadoop-ozone/integration-test/target/test-dir/MiniOzoneClusterImpl-8578056e-9b7b-4e66-9e9f-ef53d5cd7c03/datanode-0/data/ratis/7f5c2536-ed89-4233-9ec0-ce3c0447b19c/current/log_inprogress_1981
2019-06-13 21:51:35,438 INFO  client.GrpcClientProtocolClient (GrpcClientProtocolClient.java:onNext(254)) - client-9C97446E6A25->2573df58-4087-4dd0-8598-5abddcc696b9: receive RaftClientReply:client-9C97446E6A25->2573df58-4087-4dd0-8598-5abddcc696b9@group-CE3C0447B19C, cid=1157, SUCCESS, logIndex=1981, commits[2573df58-4087-4dd0-8598-5abddcc696b9:c1981]
2019-06-13 21:51:35,440 INFO  client.GrpcClientProtocolClient (GrpcClientProtocolClient.java:onNext(254)) - client-9C97446E6A25->2573df58-4087-4dd0-8598-5abddcc696b9: receive RaftClientReply:client-9C97446E6A25->2573df58-4087-4dd0-8598-5abddcc696b9@group-CE3C0447B19C, cid=1158, SUCCESS, logIndex=1983, commits[2573df58-4087-4dd0-8598-5abddcc696b9:c1983]
2019-06-13 21:51:35,445 INFO  client.GrpcClientProtocolClient (GrpcClientProtocolClient.java:onNext(254)) - client-9C97446E6A25->2573df58-4087-4dd0-8598-5abddcc696b9: receive RaftClientReply:client-9C97446E6A25->2573df58-4087-4dd0-8598-5abddcc696b9@group-CE3C0447B19C, cid=1159, SUCCESS, logIndex=1984, commits[2573df58-4087-4dd0-8598-5abddcc696b9:c1986]
2019-06-13 21:51:35,445 INFO  client.GrpcClientProtocolClient (GrpcClientProtocolClient.java:onNext(254)) - client-9C97446E6A25->2573df58-4087-4dd0-8598-5abddcc696b9: receive RaftClientReply:client-9C97446E6A25->2573df58-4087-4dd0-8598-5abddcc696b9@group-CE3C0447B19C, cid=1160, SUCCESS, logIndex=1986, commits[2573df58-4087-4dd0-8598-5abddcc696b9:c1986]
2019-06-13 21:51:35,461 INFO  client.GrpcClientProtocolClient (GrpcClientProtocolClient.java:onNext(254)) - client-9C97446E6A25->2573df58-4087-4dd0-8598-5abddcc696b9: receive RaftClientReply:client-9C97446E6A25->2573df58-4087-4dd0-8598-5abddcc696b9@group-CE3C0447B19C, cid=1161, SUCCESS, logIndex=1988, commits[2573df58-4087-4dd0-8598-5abddcc696b9:c1988]
2019-06-13 21:51:35,463 INFO  client.GrpcClientProtocolClient (GrpcClientProtocolClient.java:onNext(254)) - client-9C97446E6A25->2573df58-4087-4dd0-8598-5abddcc696b9: receive RaftClientReply:client-9C97446E6A25->2573df58-4087-4dd0-8598-5abddcc696b9@group-CE3C0447B19C, cid=1162, SUCCESS, logIndex=1990, commits[2573df58-4087-4dd0-8598-5abddcc696b9:c1990]
2019-06-13 21:51:35,464 INFO  client.GrpcClientProtocolClient (GrpcClientProtocolClient.java:onNext(254)) - client-9C97446E6A25->2573df58-4087-4dd0-8598-5abddcc696b9: receive RaftClientReply:client-9C97446E6A25->2573df58-4087-4dd0-8598-5abddcc696b9@group-CE3C0447B19C, cid=1163, SUCCESS, logIndex=1991, commits[2573df58-4087-4dd0-8598-5abddcc696b9:c1993]
2019-06-13 21:51:35,465 INFO  client.GrpcClientProtocolClient (GrpcClientProtocolClient.java:onNext(254)) - client-9C97446E6A25->2573df58-4087-4dd0-8598-5abddcc696b9: receive RaftClientReply:client-9C97446E6A25->2573df58-4087-4dd0-8598-5abddcc696b9@group-CE3C0447B19C, cid=1164, SUCCESS, logIndex=1992, commits[2573df58-4087-4dd0-8598-5abddcc696b9:c1993]
2019-06-13 21:51:35,470 INFO  client.GrpcClientProtocolClient (GrpcClientProtocolClient.java:onNext(254)) - client-9C97446E6A25->2573df58-4087-4dd0-8598-5abddcc696b9: receive RaftClientReply:client-9C97446E6A25->2573df58-4087-4dd0-8598-5abddcc696b9@group-CE3C0447B19C, cid=1165, SUCCESS, logIndex=1994, commits[2573df58-4087-4dd0-8598-5abddcc696b9:c1994]
2019-06-13 21:51:35,473 INFO  client.GrpcClientProtocolClient (GrpcClientProtocolClient.java:onNext(254)) - client-9C97446E6A25->2573df58-4087-4dd0-8598-5abddcc696b9: receive RaftClientReply:client-9C97446E6A25->2573df58-4087-4dd0-8598-5abddcc696b9@group-CE3C0447B19C, cid=1166, SUCCESS, logIndex=1996, commits[2573df58-4087-4dd0-8598-5abddcc696b9:c1996]
2019-06-13 21:51:35,473 INFO  client.GrpcClientProtocolClient (GrpcClientProtocolClient.java:onNext(254)) - client-9C97446E6A25->2573df58-4087-4dd0-8598-5abddcc696b9: receive RaftClientReply:client-9C97446E6A25->2573df58-4087-4dd0-8598-5abddcc696b9@group-CE3C0447B19C, cid=1167, SUCCESS, logIndex=1997, commits[2573df58-4087-4dd0-8598-5abddcc696b9:c1999]
2019-06-13 21:51:35,474 INFO  client.GrpcClientProtocolClient (GrpcClientProtocolClient.java:onNext(254)) - client-9C97446E6A25->2573df58-4087-4dd0-8598-5abddcc696b9: receive RaftClientReply:client-9C97446E6A25->2573df58-4087-4dd0-8598-5abddcc696b9@group-CE3C0447B19C, cid=1168, SUCCESS, logIndex=1998, commits[2573df58-4087-4dd0-8598-5abddcc696b9:c1999]
2019-06-13 21:51:35,484 INFO  client.GrpcClientProtocolClient (GrpcClientProtocolClient.java:onNext(254)) - client-9C97446E6A25->2573df58-4087-4dd0-8598-5abddcc696b9: receive RaftClientReply:client-9C97446E6A25->2573df58-4087-4dd0-8598-5abddcc696b9@group-CE3C0447B19C, cid=1169, SUCCESS, logIndex=2000, commits[2573df58-4087-4dd0-8598-5abddcc696b9:c2000]
2019-06-13 21:51:35,486 INFO  client.GrpcClientProtocolClient (GrpcClientProtocolClient.java:onNext(254)) - client-9C97446E6A25->2573df58-4087-4dd0-8598-5abddcc696b9: receive RaftClientReply:client-9C97446E6A25->2573df58-4087-4dd0-8598-5abddcc696b9@group-CE3C0447B19C, cid=1170, SUCCESS, logIndex=2002, commits[2573df58-4087-4dd0-8598-5abddcc696b9:c2002]
2019-06-13 21:51:35,488 INFO  client.GrpcClientProtocolClient (GrpcClientProtocolClient.java:onNext(254)) - client-9C97446E6A25->2573df58-4087-4dd0-8598-5abddcc696b9: receive RaftClientReply:client-9C97446E6A25->2573df58-4087-4dd0-8598-5abddcc696b9@group-CE3C0447B19C, cid=1171, SUCCESS, logIndex=2003, commits[2573df58-4087-4dd0-8598-5abddcc696b9:c2005]
2019-06-13 21:51:35,491 INFO  client.GrpcClientProtocolClient (GrpcClientProtocolClient.java:onNext(254)) - client-9C97446E6A25->2573df58-4087-4dd0-8598-5abddcc696b9: receive RaftClientReply:client-9C97446E6A25->2573df58-4087-4dd0-8598-5abddcc696b9@group-CE3C0447B19C, cid=1172, SUCCESS, logIndex=2005, commits[2573df58-4087-4dd0-8598-5abddcc696b9:c2005]
2019-06-13 21:51:35,496 INFO  client.GrpcClientProtocolClient (GrpcClientProtocolClient.java:onNext(254)) - client-9C97446E6A25->2573df58-4087-4dd0-8598-5abddcc696b9: receive RaftClientReply:client-9C97446E6A25->2573df58-4087-4dd0-8598-5abddcc696b9@group-CE3C0447B19C, cid=1173, SUCCESS, logIndex=2007, commits[2573df58-4087-4dd0-8598-5abddcc696b9:c2007]
2019-06-13 21:51:35,498 INFO  client.GrpcClientProtocolClient (GrpcClientProtocolClient.java:onNext(254)) - client-9C97446E6A25->2573df58-4087-4dd0-8598-5abddcc696b9: receive RaftClientReply:client-9C97446E6A25->2573df58-4087-4dd0-8598-5abddcc696b9@group-CE3C0447B19C, cid=1174, SUCCESS, logIndex=2009, commits[2573df58-4087-4dd0-8598-5abddcc696b9:c2009]
2019-06-13 21:51:35,499 INFO  client.GrpcClientProtocolClient (GrpcClientProtocolClient.java:onNext(254)) - client-9C97446E6A25->2573df58-4087-4dd0-8598-5abddcc696b9: receive RaftClientReply:client-9C97446E6A25->2573df58-4087-4dd0-8598-5abddcc696b9@group-CE3C0447B19C, cid=1175, SUCCESS, logIndex=2010, commits[2573df58-4087-4dd0-8598-5abddcc696b9:c2012]
2019-06-13 21:51:35,499 INFO  client.GrpcClientProtocolClient (GrpcClientProtocolClient.java:onNext(254)) - client-9C97446E6A25->2573df58-4087-4dd0-8598-5abddcc696b9: receive RaftClientReply:client-9C97446E6A25->2573df58-4087-4dd0-8598-5abddcc696b9@group-CE3C0447B19C, cid=1176, SUCCESS, logIndex=2011, commits[2573df58-4087-4dd0-8598-5abddcc696b9:c2012]
2019-06-13 21:51:35,507 DEBUG block.SCMBlockDeletingService (SCMBlockDeletingService.java:call(138)) - Running DeletedBlockTransactionScanner
2019-06-13 21:51:35,507 DEBUG block.SCMBlockDeletingService (SCMBlockDeletingService.java:call(155)) - Scanned deleted blocks log and got 0 delTX to process.
2019-06-13 21:51:35,508 INFO  client.GrpcClientProtocolClient (GrpcClientProtocolClient.java:onNext(254)) - client-9C97446E6A25->2573df58-4087-4dd0-8598-5abddcc696b9: receive RaftClientReply:client-9C97446E6A25->2573df58-4087-4dd0-8598-5abddcc696b9@group-CE3C0447B19C, cid=1177, SUCCESS, logIndex=2013, commits[2573df58-4087-4dd0-8598-5abddcc696b9:c2013]
2019-06-13 21:51:35,509 INFO  client.GrpcClientProtocolClient (GrpcClientProtocolClient.java:onNext(254)) - client-9C97446E6A25->2573df58-4087-4dd0-8598-5abddcc696b9: receive RaftClientReply:client-9C97446E6A25->2573df58-4087-4dd0-8598-5abddcc696b9@group-CE3C0447B19C, cid=1178, SUCCESS, logIndex=2015, commits[2573df58-4087-4dd0-8598-5abddcc696b9:c2015]
2019-06-13 21:51:35,510 INFO  client.GrpcClientProtocolClient (GrpcClientProtocolClient.java:onNext(254)) - client-9C97446E6A25->2573df58-4087-4dd0-8598-5abddcc696b9: receive RaftClientReply:client-9C97446E6A25->2573df58-4087-4dd0-8598-5abddcc696b9@group-CE3C0447B19C, cid=1179, SUCCESS, logIndex=2016, commits[2573df58-4087-4dd0-8598-5abddcc696b9:c2018]
2019-06-13 21:51:35,511 INFO  client.GrpcClientProtocolClient (GrpcClientProtocolClient.java:onNext(254)) - client-9C97446E6A25->2573df58-4087-4dd0-8598-5abddcc696b9: receive RaftClientReply:client-9C97446E6A25->2573df58-4087-4dd0-8598-5abddcc696b9@group-CE3C0447B19C, cid=1180, SUCCESS, logIndex=2017, commits[2573df58-4087-4dd0-8598-5abddcc696b9:c2018]
2019-06-13 21:51:35,516 INFO  client.GrpcClientProtocolClient (GrpcClientProtocolClient.java:onNext(254)) - client-9C97446E6A25->2573df58-4087-4dd0-8598-5abddcc696b9: receive RaftClientReply:client-9C97446E6A25->2573df58-4087-4dd0-8598-5abddcc696b9@group-CE3C0447B19C, cid=1181, SUCCESS, logIndex=2019, commits[2573df58-4087-4dd0-8598-5abddcc696b9:c2019]
2019-06-13 21:51:35,518 INFO  client.GrpcClientProtocolClient (GrpcClientProtocolClient.java:onNext(254)) - client-9C97446E6A25->2573df58-4087-4dd0-8598-5abddcc696b9: receive RaftClientReply:client-9C97446E6A25->2573df58-4087-4dd0-8598-5abddcc696b9@group-CE3C0447B19C, cid=1182, SUCCESS, logIndex=2021, commits[2573df58-4087-4dd0-8598-5abddcc696b9:c2021]
2019-06-13 21:51:35,519 INFO  client.GrpcClientProtocolClient (GrpcClientProtocolClient.java:onNext(254)) - client-9C97446E6A25->2573df58-4087-4dd0-8598-5abddcc696b9: receive RaftClientReply:client-9C97446E6A25->2573df58-4087-4dd0-8598-5abddcc696b9@group-CE3C0447B19C, cid=1183, SUCCESS, logIndex=2022, commits[2573df58-4087-4dd0-8598-5abddcc696b9:c2024]
2019-06-13 21:51:35,519 INFO  client.GrpcClientProtocolClient (GrpcClientProtocolClient.java:onNext(254)) - client-9C97446E6A25->2573df58-4087-4dd0-8598-5abddcc696b9: receive RaftClientReply:client-9C97446E6A25->2573df58-4087-4dd0-8598-5abddcc696b9@group-CE3C0447B19C, cid=1184, SUCCESS, logIndex=2023, commits[2573df58-4087-4dd0-8598-5abddcc696b9:c2024]
2019-06-13 21:51:35,528 INFO  client.GrpcClientProtocolClient (GrpcClientProtocolClient.java:onNext(254)) - client-9C97446E6A25->2573df58-4087-4dd0-8598-5abddcc696b9: receive RaftClientReply:client-9C97446E6A25->2573df58-4087-4dd0-8598-5abddcc696b9@group-CE3C0447B19C, cid=1185, SUCCESS, logIndex=2025, commits[2573df58-4087-4dd0-8598-5abddcc696b9:c2025]
2019-06-13 21:51:35,533 INFO  client.GrpcClientProtocolClient (GrpcClientProtocolClient.java:onNext(254)) - client-9C97446E6A25->2573df58-4087-4dd0-8598-5abddcc696b9: receive RaftClientReply:client-9C97446E6A25->2573df58-4087-4dd0-8598-5abddcc696b9@group-CE3C0447B19C, cid=1186, SUCCESS, logIndex=2027, commits[2573df58-4087-4dd0-8598-5abddcc696b9:c2027]
2019-06-13 21:51:35,534 INFO  client.GrpcClientProtocolClient (GrpcClientProtocolClient.java:onNext(254)) - client-9C97446E6A25->2573df58-4087-4dd0-8598-5abddcc696b9: receive RaftClientReply:client-9C97446E6A25->2573df58-4087-4dd0-8598-5abddcc696b9@group-CE3C0447B19C, cid=1187, SUCCESS, logIndex=2028, commits[2573df58-4087-4dd0-8598-5abddcc696b9:c2029]
2019-06-13 21:51:35,534 INFO  client.GrpcClientProtocolClient (GrpcClientProtocolClient.java:onNext(254)) - client-9C97446E6A25->2573df58-4087-4dd0-8598-5abddcc696b9: receive RaftClientReply:client-9C97446E6A25->2573df58-4087-4dd0-8598-5abddcc696b9@group-CE3C0447B19C, cid=1188, SUCCESS, logIndex=2029, commits[2573df58-4087-4dd0-8598-5abddcc696b9:c2030]
2019-06-13 21:51:35,543 INFO  client.GrpcClientProtocolClient (GrpcClientProtocolClient.java:onNext(254)) - client-9C97446E6A25->2573df58-4087-4dd0-8598-5abddcc696b9: receive RaftClientReply:client-9C97446E6A25->2573df58-4087-4dd0-8598-5abddcc696b9@group-CE3C0447B19C, cid=1189, SUCCESS, logIndex=2032, commits[2573df58-4087-4dd0-8598-5abddcc696b9:c2032]
2019-06-13 21:51:35,544 INFO  client.GrpcClientProtocolClient (GrpcClientProtocolClient.java:onNext(254)) - client-9C97446E6A25->2573df58-4087-4dd0-8598-5abddcc696b9: receive RaftClientReply:client-9C97446E6A25->2573df58-4087-4dd0-8598-5abddcc696b9@group-CE3C0447B19C, cid=1190, SUCCESS, logIndex=2034, commits[2573df58-4087-4dd0-8598-5abddcc696b9:c2034]
2019-06-13 21:51:35,547 INFO  client.GrpcClientProtocolClient (GrpcClientProtocolClient.java:onNext(254)) - client-9C97446E6A25->2573df58-4087-4dd0-8598-5abddcc696b9: receive RaftClientReply:client-9C97446E6A25->2573df58-4087-4dd0-8598-5abddcc696b9@group-CE3C0447B19C, cid=1191, SUCCESS, logIndex=2035, commits[2573df58-4087-4dd0-8598-5abddcc696b9:c2037]
2019-06-13 21:51:35,547 INFO  client.GrpcClientProtocolClient (GrpcClientProtocolClient.java:onNext(254)) - client-9C97446E6A25->2573df58-4087-4dd0-8598-5abddcc696b9: receive RaftClientReply:client-9C97446E6A25->2573df58-4087-4dd0-8598-5abddcc696b9@group-CE3C0447B19C, cid=1192, SUCCESS, logIndex=2036, commits[2573df58-4087-4dd0-8598-5abddcc696b9:c2037]
2019-06-13 21:51:35,607 DEBUG block.SCMBlockDeletingService (SCMBlockDeletingService.java:call(138)) - Running DeletedBlockTransactionScanner
2019-06-13 21:51:35,607 DEBUG block.SCMBlockDeletingService (SCMBlockDeletingService.java:call(155)) - Scanned deleted blocks log and got 0 delTX to process.
2019-06-13 21:51:35,662 INFO  client.GrpcClientProtocolClient (GrpcClientProtocolClient.java:onNext(254)) - client-9C97446E6A25->2573df58-4087-4dd0-8598-5abddcc696b9: receive RaftClientReply:client-9C97446E6A25->2573df58-4087-4dd0-8598-5abddcc696b9@group-CE3C0447B19C, cid=1193, SUCCESS, logIndex=2038, commits[2573df58-4087-4dd0-8598-5abddcc696b9:c2038]
2019-06-13 21:51:35,665 INFO  client.GrpcClientProtocolClient (GrpcClientProtocolClient.java:onNext(254)) - client-9C97446E6A25->2573df58-4087-4dd0-8598-5abddcc696b9: receive RaftClientReply:client-9C97446E6A25->2573df58-4087-4dd0-8598-5abddcc696b9@group-CE3C0447B19C, cid=1194, SUCCESS, logIndex=2040, commits[2573df58-4087-4dd0-8598-5abddcc696b9:c2042]
2019-06-13 21:51:35,667 INFO  client.GrpcClientProtocolClient (GrpcClientProtocolClient.java:onNext(254)) - client-9C97446E6A25->2573df58-4087-4dd0-8598-5abddcc696b9: receive RaftClientReply:client-9C97446E6A25->2573df58-4087-4dd0-8598-5abddcc696b9@group-CE3C0447B19C, cid=1195, SUCCESS, logIndex=2041, commits[2573df58-4087-4dd0-8598-5abddcc696b9:c2043]
2019-06-13 21:51:35,671 INFO  client.GrpcClientProtocolClient (GrpcClientProtocolClient.java:onNext(254)) - client-9C97446E6A25->2573df58-4087-4dd0-8598-5abddcc696b9: receive RaftClientReply:client-9C97446E6A25->2573df58-4087-4dd0-8598-5abddcc696b9@group-CE3C0447B19C, cid=1196, SUCCESS, logIndex=2042, commits[2573df58-4087-4dd0-8598-5abddcc696b9:c2043]
2019-06-13 21:51:35,677 INFO  client.GrpcClientProtocolClient (GrpcClientProtocolClient.java:onNext(254)) - client-9C97446E6A25->2573df58-4087-4dd0-8598-5abddcc696b9: receive RaftClientReply:client-9C97446E6A25->2573df58-4087-4dd0-8598-5abddcc696b9@group-CE3C0447B19C, cid=1197, SUCCESS, logIndex=2044, commits[2573df58-4087-4dd0-8598-5abddcc696b9:c2044]
2019-06-13 21:51:35,678 INFO  storage.RaftLogWorker (RaftLogWorker.java:rollLogSegment(303)) - 2573df58-4087-4dd0-8598-5abddcc696b9-RaftLogWorker: Rolling segment log-1981_2047 to index:2047
2019-06-13 21:51:35,679 INFO  storage.RaftLogWorker (RaftLogWorker.java:execute(433)) - 2573df58-4087-4dd0-8598-5abddcc696b9-RaftLogWorker: Rolled log segment from /opt/src/hadoop-ozone/integration-test/target/test-dir/MiniOzoneClusterImpl-8578056e-9b7b-4e66-9e9f-ef53d5cd7c03/datanode-0/data/ratis/7f5c2536-ed89-4233-9ec0-ce3c0447b19c/current/log_inprogress_1981 to /opt/src/hadoop-ozone/integration-test/target/test-dir/MiniOzoneClusterImpl-8578056e-9b7b-4e66-9e9f-ef53d5cd7c03/datanode-0/data/ratis/7f5c2536-ed89-4233-9ec0-ce3c0447b19c/current/log_1981-2047
2019-06-13 21:51:35,681 INFO  client.GrpcClientProtocolClient (GrpcClientProtocolClient.java:onNext(254)) - client-9C97446E6A25->2573df58-4087-4dd0-8598-5abddcc696b9: receive RaftClientReply:client-9C97446E6A25->2573df58-4087-4dd0-8598-5abddcc696b9@group-CE3C0447B19C, cid=1198, SUCCESS, logIndex=2046, commits[2573df58-4087-4dd0-8598-5abddcc696b9:c2046]
2019-06-13 21:51:35,682 INFO  client.GrpcClientProtocolClient (GrpcClientProtocolClient.java:onNext(254)) - client-9C97446E6A25->2573df58-4087-4dd0-8598-5abddcc696b9: receive RaftClientReply:client-9C97446E6A25->2573df58-4087-4dd0-8598-5abddcc696b9@group-CE3C0447B19C, cid=1199, SUCCESS, logIndex=2047, commits[2573df58-4087-4dd0-8598-5abddcc696b9:c2047]
2019-06-13 21:51:35,707 DEBUG block.SCMBlockDeletingService (SCMBlockDeletingService.java:call(138)) - Running DeletedBlockTransactionScanner
2019-06-13 21:51:35,715 DEBUG block.SCMBlockDeletingService (SCMBlockDeletingService.java:call(155)) - Scanned deleted blocks log and got 0 delTX to process.
2019-06-13 21:51:35,717 INFO  storage.RaftLogWorker (RaftLogWorker.java:execute(469)) - 2573df58-4087-4dd0-8598-5abddcc696b9-RaftLogWorker: created new log segment /opt/src/hadoop-ozone/integration-test/target/test-dir/MiniOzoneClusterImpl-8578056e-9b7b-4e66-9e9f-ef53d5cd7c03/datanode-0/data/ratis/7f5c2536-ed89-4233-9ec0-ce3c0447b19c/current/log_inprogress_2048
2019-06-13 21:51:35,719 INFO  client.GrpcClientProtocolClient (GrpcClientProtocolClient.java:onNext(254)) - client-9C97446E6A25->2573df58-4087-4dd0-8598-5abddcc696b9: receive RaftClientReply:client-9C97446E6A25->2573df58-4087-4dd0-8598-5abddcc696b9@group-CE3C0447B19C, cid=1200, SUCCESS, logIndex=2048, commits[2573df58-4087-4dd0-8598-5abddcc696b9:c2050]
2019-06-13 21:51:35,729 INFO  client.GrpcClientProtocolClient (GrpcClientProtocolClient.java:onNext(254)) - client-9C97446E6A25->2573df58-4087-4dd0-8598-5abddcc696b9: receive RaftClientReply:client-9C97446E6A25->2573df58-4087-4dd0-8598-5abddcc696b9@group-CE3C0447B19C, cid=1201, SUCCESS, logIndex=2051, commits[2573df58-4087-4dd0-8598-5abddcc696b9:c2051]
2019-06-13 21:51:35,731 INFO  client.GrpcClientProtocolClient (GrpcClientProtocolClient.java:onNext(254)) - client-9C97446E6A25->2573df58-4087-4dd0-8598-5abddcc696b9: receive RaftClientReply:client-9C97446E6A25->2573df58-4087-4dd0-8598-5abddcc696b9@group-CE3C0447B19C, cid=1202, SUCCESS, logIndex=2053, commits[2573df58-4087-4dd0-8598-5abddcc696b9:c2055]
2019-06-13 21:51:35,732 INFO  client.GrpcClientProtocolClient (GrpcClientProtocolClient.java:onNext(254)) - client-9C97446E6A25->2573df58-4087-4dd0-8598-5abddcc696b9: receive RaftClientReply:client-9C97446E6A25->2573df58-4087-4dd0-8598-5abddcc696b9@group-CE3C0447B19C, cid=1203, SUCCESS, logIndex=2054, commits[2573df58-4087-4dd0-8598-5abddcc696b9:c2055]
2019-06-13 21:51:35,733 INFO  client.GrpcClientProtocolClient (GrpcClientProtocolClient.java:onNext(254)) - client-9C97446E6A25->2573df58-4087-4dd0-8598-5abddcc696b9: receive RaftClientReply:client-9C97446E6A25->2573df58-4087-4dd0-8598-5abddcc696b9@group-CE3C0447B19C, cid=1204, SUCCESS, logIndex=2055, commits[2573df58-4087-4dd0-8598-5abddcc696b9:c2056]
2019-06-13 21:51:35,738 INFO  client.GrpcClientProtocolClient (GrpcClientProtocolClient.java:onNext(254)) - client-9C97446E6A25->2573df58-4087-4dd0-8598-5abddcc696b9: receive RaftClientReply:client-9C97446E6A25->2573df58-4087-4dd0-8598-5abddcc696b9@group-CE3C0447B19C, cid=1205, SUCCESS, logIndex=2057, commits[2573df58-4087-4dd0-8598-5abddcc696b9:c2057]
2019-06-13 21:51:35,741 INFO  client.GrpcClientProtocolClient (GrpcClientProtocolClient.java:onNext(254)) - client-9C97446E6A25->2573df58-4087-4dd0-8598-5abddcc696b9: receive RaftClientReply:client-9C97446E6A25->2573df58-4087-4dd0-8598-5abddcc696b9@group-CE3C0447B19C, cid=1206, SUCCESS, logIndex=2059, commits[2573df58-4087-4dd0-8598-5abddcc696b9:c2059]
2019-06-13 21:51:35,742 INFO  client.GrpcClientProtocolClient (GrpcClientProtocolClient.java:onNext(254)) - client-9C97446E6A25->2573df58-4087-4dd0-8598-5abddcc696b9: receive RaftClientReply:client-9C97446E6A25->2573df58-4087-4dd0-8598-5abddcc696b9@group-CE3C0447B19C, cid=1207, SUCCESS, logIndex=2060, commits[2573df58-4087-4dd0-8598-5abddcc696b9:c2062]
2019-06-13 21:51:35,743 INFO  client.GrpcClientProtocolClient (GrpcClientProtocolClient.java:onNext(254)) - client-9C97446E6A25->2573df58-4087-4dd0-8598-5abddcc696b9: receive RaftClientReply:client-9C97446E6A25->2573df58-4087-4dd0-8598-5abddcc696b9@group-CE3C0447B19C, cid=1208, SUCCESS, logIndex=2061, commits[2573df58-4087-4dd0-8598-5abddcc696b9:c2062]
2019-06-13 21:51:35,753 INFO  client.GrpcClientProtocolClient (GrpcClientProtocolClient.java:onNext(254)) - client-9C97446E6A25->2573df58-4087-4dd0-8598-5abddcc696b9: receive RaftClientReply:client-9C97446E6A25->2573df58-4087-4dd0-8598-5abddcc696b9@group-CE3C0447B19C, cid=1209, SUCCESS, logIndex=2063, commits[2573df58-4087-4dd0-8598-5abddcc696b9:c2063]
2019-06-13 21:51:35,755 INFO  client.GrpcClientProtocolClient (GrpcClientProtocolClient.java:onNext(254)) - client-9C97446E6A25->2573df58-4087-4dd0-8598-5abddcc696b9: receive RaftClientReply:client-9C97446E6A25->2573df58-4087-4dd0-8598-5abddcc696b9@group-CE3C0447B19C, cid=1210, SUCCESS, logIndex=2065, commits[2573df58-4087-4dd0-8598-5abddcc696b9:c2065]
2019-06-13 21:51:35,759 INFO  client.GrpcClientProtocolClient (GrpcClientProtocolClient.java:onNext(254)) - client-9C97446E6A25->2573df58-4087-4dd0-8598-5abddcc696b9: receive RaftClientReply:client-9C97446E6A25->2573df58-4087-4dd0-8598-5abddcc696b9@group-CE3C0447B19C, cid=1211, SUCCESS, logIndex=2066, commits[2573df58-4087-4dd0-8598-5abddcc696b9:c2068]
2019-06-13 21:51:35,759 INFO  client.GrpcClientProtocolClient (GrpcClientProtocolClient.java:onNext(254)) - client-9C97446E6A25->2573df58-4087-4dd0-8598-5abddcc696b9: receive RaftClientReply:client-9C97446E6A25->2573df58-4087-4dd0-8598-5abddcc696b9@group-CE3C0447B19C, cid=1212, SUCCESS, logIndex=2067, commits[2573df58-4087-4dd0-8598-5abddcc696b9:c2068]
2019-06-13 21:51:35,765 INFO  client.GrpcClientProtocolClient (GrpcClientProtocolClient.java:onNext(254)) - client-9C97446E6A25->2573df58-4087-4dd0-8598-5abddcc696b9: receive RaftClientReply:client-9C97446E6A25->2573df58-4087-4dd0-8598-5abddcc696b9@group-CE3C0447B19C, cid=1213, SUCCESS, logIndex=2069, commits[2573df58-4087-4dd0-8598-5abddcc696b9:c2069]
2019-06-13 21:51:35,766 INFO  client.GrpcClientProtocolClient (GrpcClientProtocolClient.java:onNext(254)) - client-9C97446E6A25->2573df58-4087-4dd0-8598-5abddcc696b9: receive RaftClientReply:client-9C97446E6A25->2573df58-4087-4dd0-8598-5abddcc696b9@group-CE3C0447B19C, cid=1214, SUCCESS, logIndex=2071, commits[2573df58-4087-4dd0-8598-5abddcc696b9:c2071]
2019-06-13 21:51:35,768 INFO  client.GrpcClientProtocolClient (GrpcClientProtocolClient.java:onNext(254)) - client-9C97446E6A25->2573df58-4087-4dd0-8598-5abddcc696b9: receive RaftClientReply:client-9C97446E6A25->2573df58-4087-4dd0-8598-5abddcc696b9@group-CE3C0447B19C, cid=1215, SUCCESS, logIndex=2072, commits[2573df58-4087-4dd0-8598-5abddcc696b9:c2074]
2019-06-13 21:51:35,768 INFO  client.GrpcClientProtocolClient (GrpcClientProtocolClient.java:onNext(254)) - client-9C97446E6A25->2573df58-4087-4dd0-8598-5abddcc696b9: receive RaftClientReply:client-9C97446E6A25->2573df58-4087-4dd0-8598-5abddcc696b9@group-CE3C0447B19C, cid=1216, SUCCESS, logIndex=2073, commits[2573df58-4087-4dd0-8598-5abddcc696b9:c2074]
2019-06-13 21:51:35,777 INFO  client.GrpcClientProtocolClient (GrpcClientProtocolClient.java:onNext(254)) - client-9C97446E6A25->2573df58-4087-4dd0-8598-5abddcc696b9: receive RaftClientReply:client-9C97446E6A25->2573df58-4087-4dd0-8598-5abddcc696b9@group-CE3C0447B19C, cid=1217, SUCCESS, logIndex=2075, commits[2573df58-4087-4dd0-8598-5abddcc696b9:c2075]
2019-06-13 21:51:35,778 INFO  client.GrpcClientProtocolClient (GrpcClientProtocolClient.java:onNext(254)) - client-9C97446E6A25->2573df58-4087-4dd0-8598-5abddcc696b9: receive RaftClientReply:client-9C97446E6A25->2573df58-4087-4dd0-8598-5abddcc696b9@group-CE3C0447B19C, cid=1218, SUCCESS, logIndex=2077, commits[2573df58-4087-4dd0-8598-5abddcc696b9:c2077]
2019-06-13 21:51:35,779 INFO  client.GrpcClientProtocolClient (GrpcClientProtocolClient.java:onNext(254)) - client-9C97446E6A25->2573df58-4087-4dd0-8598-5abddcc696b9: receive RaftClientReply:client-9C97446E6A25->2573df58-4087-4dd0-8598-5abddcc696b9@group-CE3C0447B19C, cid=1219, SUCCESS, logIndex=2078, commits[2573df58-4087-4dd0-8598-5abddcc696b9:c2080]
2019-06-13 21:51:35,779 INFO  client.GrpcClientProtocolClient (GrpcClientProtocolClient.java:onNext(254)) - client-9C97446E6A25->2573df58-4087-4dd0-8598-5abddcc696b9: receive RaftClientReply:client-9C97446E6A25->2573df58-4087-4dd0-8598-5abddcc696b9@group-CE3C0447B19C, cid=1220, SUCCESS, logIndex=2079, commits[2573df58-4087-4dd0-8598-5abddcc696b9:c2080]
2019-06-13 21:51:35,785 INFO  client.GrpcClientProtocolClient (GrpcClientProtocolClient.java:onNext(254)) - client-9C97446E6A25->2573df58-4087-4dd0-8598-5abddcc696b9: receive RaftClientReply:client-9C97446E6A25->2573df58-4087-4dd0-8598-5abddcc696b9@group-CE3C0447B19C, cid=1221, SUCCESS, logIndex=2081, commits[2573df58-4087-4dd0-8598-5abddcc696b9:c2081]
2019-06-13 21:51:35,787 INFO  client.GrpcClientProtocolClient (GrpcClientProtocolClient.java:onNext(254)) - client-9C97446E6A25->2573df58-4087-4dd0-8598-5abddcc696b9: receive RaftClientReply:client-9C97446E6A25->2573df58-4087-4dd0-8598-5abddcc696b9@group-CE3C0447B19C, cid=1222, SUCCESS, logIndex=2083, commits[2573df58-4087-4dd0-8598-5abddcc696b9:c2083]
2019-06-13 21:51:35,789 INFO  client.GrpcClientProtocolClient (GrpcClientProtocolClient.java:onNext(254)) - client-9C97446E6A25->2573df58-4087-4dd0-8598-5abddcc696b9: receive RaftClientReply:client-9C97446E6A25->2573df58-4087-4dd0-8598-5abddcc696b9@group-CE3C0447B19C, cid=1223, SUCCESS, logIndex=2084, commits[2573df58-4087-4dd0-8598-5abddcc696b9:c2086]
2019-06-13 21:51:35,790 INFO  client.GrpcClientProtocolClient (GrpcClientProtocolClient.java:onNext(254)) - client-9C97446E6A25->2573df58-4087-4dd0-8598-5abddcc696b9: receive RaftClientReply:client-9C97446E6A25->2573df58-4087-4dd0-8598-5abddcc696b9@group-CE3C0447B19C, cid=1224, SUCCESS, logIndex=2085, commits[2573df58-4087-4dd0-8598-5abddcc696b9:c2086]
2019-06-13 21:51:35,799 INFO  client.GrpcClientProtocolClient (GrpcClientProtocolClient.java:onNext(254)) - client-9C97446E6A25->2573df58-4087-4dd0-8598-5abddcc696b9: receive RaftClientReply:client-9C97446E6A25->2573df58-4087-4dd0-8598-5abddcc696b9@group-CE3C0447B19C, cid=1225, SUCCESS, logIndex=2087, commits[2573df58-4087-4dd0-8598-5abddcc696b9:c2087]
2019-06-13 21:51:35,802 INFO  client.GrpcClientProtocolClient (GrpcClientProtocolClient.java:onNext(254)) - client-9C97446E6A25->2573df58-4087-4dd0-8598-5abddcc696b9: receive RaftClientReply:client-9C97446E6A25->2573df58-4087-4dd0-8598-5abddcc696b9@group-CE3C0447B19C, cid=1226, SUCCESS, logIndex=2089, commits[2573df58-4087-4dd0-8598-5abddcc696b9:c2089]
2019-06-13 21:51:35,802 INFO  client.GrpcClientProtocolClient (GrpcClientProtocolClient.java:onNext(254)) - client-9C97446E6A25->2573df58-4087-4dd0-8598-5abddcc696b9: receive RaftClientReply:client-9C97446E6A25->2573df58-4087-4dd0-8598-5abddcc696b9@group-CE3C0447B19C, cid=1227, SUCCESS, logIndex=2090, commits[2573df58-4087-4dd0-8598-5abddcc696b9:c2090]
2019-06-13 21:51:35,804 INFO  client.GrpcClientProtocolClient (GrpcClientProtocolClient.java:onNext(254)) - client-9C97446E6A25->2573df58-4087-4dd0-8598-5abddcc696b9: receive RaftClientReply:client-9C97446E6A25->2573df58-4087-4dd0-8598-5abddcc696b9@group-CE3C0447B19C, cid=1228, SUCCESS, logIndex=2093, commits[2573df58-4087-4dd0-8598-5abddcc696b9:c2093]
2019-06-13 21:51:35,810 INFO  client.GrpcClientProtocolClient (GrpcClientProtocolClient.java:onNext(254)) - client-9C97446E6A25->2573df58-4087-4dd0-8598-5abddcc696b9: receive RaftClientReply:client-9C97446E6A25->2573df58-4087-4dd0-8598-5abddcc696b9@group-CE3C0447B19C, cid=1229, SUCCESS, logIndex=2095, commits[2573df58-4087-4dd0-8598-5abddcc696b9:c2095]
2019-06-13 21:51:35,811 INFO  client.GrpcClientProtocolClient (GrpcClientProtocolClient.java:onNext(254)) - client-9C97446E6A25->2573df58-4087-4dd0-8598-5abddcc696b9: receive RaftClientReply:client-9C97446E6A25->2573df58-4087-4dd0-8598-5abddcc696b9@group-CE3C0447B19C, cid=1230, SUCCESS, logIndex=2097, commits[2573df58-4087-4dd0-8598-5abddcc696b9:c2097]
2019-06-13 21:51:35,813 INFO  client.GrpcClientProtocolClient (GrpcClientProtocolClient.java:onNext(254)) - client-9C97446E6A25->2573df58-4087-4dd0-8598-5abddcc696b9: receive RaftClientReply:client-9C97446E6A25->2573df58-4087-4dd0-8598-5abddcc696b9@group-CE3C0447B19C, cid=1231, SUCCESS, logIndex=2099, commits[2573df58-4087-4dd0-8598-5abddcc696b9:c2100]
2019-06-13 21:51:35,814 INFO  client.GrpcClientProtocolClient (GrpcClientProtocolClient.java:onNext(254)) - client-9C97446E6A25->2573df58-4087-4dd0-8598-5abddcc696b9: receive RaftClientReply:client-9C97446E6A25->2573df58-4087-4dd0-8598-5abddcc696b9@group-CE3C0447B19C, cid=1232, SUCCESS, logIndex=2100, commits[2573df58-4087-4dd0-8598-5abddcc696b9:c2100]
2019-06-13 21:51:35,816 DEBUG block.SCMBlockDeletingService (SCMBlockDeletingService.java:call(138)) - Running DeletedBlockTransactionScanner
2019-06-13 21:51:35,816 DEBUG block.SCMBlockDeletingService (SCMBlockDeletingService.java:call(155)) - Scanned deleted blocks log and got 0 delTX to process.
2019-06-13 21:51:35,823 INFO  client.GrpcClientProtocolClient (GrpcClientProtocolClient.java:onNext(254)) - client-9C97446E6A25->2573df58-4087-4dd0-8598-5abddcc696b9: receive RaftClientReply:client-9C97446E6A25->2573df58-4087-4dd0-8598-5abddcc696b9@group-CE3C0447B19C, cid=1233, SUCCESS, logIndex=2102, commits[2573df58-4087-4dd0-8598-5abddcc696b9:c2102]
2019-06-13 21:51:35,825 INFO  client.GrpcClientProtocolClient (GrpcClientProtocolClient.java:onNext(254)) - client-9C97446E6A25->2573df58-4087-4dd0-8598-5abddcc696b9: receive RaftClientReply:client-9C97446E6A25->2573df58-4087-4dd0-8598-5abddcc696b9@group-CE3C0447B19C, cid=1234, SUCCESS, logIndex=2104, commits[2573df58-4087-4dd0-8598-5abddcc696b9:c2104]
2019-06-13 21:51:35,826 INFO  client.GrpcClientProtocolClient (GrpcClientProtocolClient.java:onNext(254)) - client-9C97446E6A25->2573df58-4087-4dd0-8598-5abddcc696b9: receive RaftClientReply:client-9C97446E6A25->2573df58-4087-4dd0-8598-5abddcc696b9@group-CE3C0447B19C, cid=1235, SUCCESS, logIndex=2105, commits[2573df58-4087-4dd0-8598-5abddcc696b9:c2106]
2019-06-13 21:51:35,826 INFO  client.GrpcClientProtocolClient (GrpcClientProtocolClient.java:onNext(254)) - client-9C97446E6A25->2573df58-4087-4dd0-8598-5abddcc696b9: receive RaftClientReply:client-9C97446E6A25->2573df58-4087-4dd0-8598-5abddcc696b9@group-CE3C0447B19C, cid=1236, SUCCESS, logIndex=2106, commits[2573df58-4087-4dd0-8598-5abddcc696b9:c2106]
2019-06-13 21:51:35,899 INFO  client.GrpcClientProtocolClient (GrpcClientProtocolClient.java:onNext(254)) - client-9C97446E6A25->2573df58-4087-4dd0-8598-5abddcc696b9: receive RaftClientReply:client-9C97446E6A25->2573df58-4087-4dd0-8598-5abddcc696b9@group-CE3C0447B19C, cid=1237, SUCCESS, logIndex=2109, commits[2573df58-4087-4dd0-8598-5abddcc696b9:c2109]
2019-06-13 21:51:35,901 INFO  client.GrpcClientProtocolClient (GrpcClientProtocolClient.java:onNext(254)) - client-9C97446E6A25->2573df58-4087-4dd0-8598-5abddcc696b9: receive RaftClientReply:client-9C97446E6A25->2573df58-4087-4dd0-8598-5abddcc696b9@group-CE3C0447B19C, cid=1238, SUCCESS, logIndex=2111, commits[2573df58-4087-4dd0-8598-5abddcc696b9:c2111]
2019-06-13 21:51:35,902 INFO  client.GrpcClientProtocolClient (GrpcClientProtocolClient.java:onNext(254)) - client-9C97446E6A25->2573df58-4087-4dd0-8598-5abddcc696b9: receive RaftClientReply:client-9C97446E6A25->2573df58-4087-4dd0-8598-5abddcc696b9@group-CE3C0447B19C, cid=1239, SUCCESS, logIndex=2112, commits[2573df58-4087-4dd0-8598-5abddcc696b9:c2114]
2019-06-13 21:51:35,902 INFO  client.GrpcClientProtocolClient (GrpcClientProtocolClient.java:onNext(254)) - client-9C97446E6A25->2573df58-4087-4dd0-8598-5abddcc696b9: receive RaftClientReply:client-9C97446E6A25->2573df58-4087-4dd0-8598-5abddcc696b9@group-CE3C0447B19C, cid=1240, SUCCESS, logIndex=2113, commits[2573df58-4087-4dd0-8598-5abddcc696b9:c2114]
2019-06-13 21:51:35,912 INFO  client.GrpcClientProtocolClient (GrpcClientProtocolClient.java:onNext(254)) - client-9C97446E6A25->2573df58-4087-4dd0-8598-5abddcc696b9: receive RaftClientReply:client-9C97446E6A25->2573df58-4087-4dd0-8598-5abddcc696b9@group-CE3C0447B19C, cid=1241, SUCCESS, logIndex=2115, commits[2573df58-4087-4dd0-8598-5abddcc696b9:c2115]
2019-06-13 21:51:35,913 INFO  client.GrpcClientProtocolClient (GrpcClientProtocolClient.java:onNext(254)) - client-9C97446E6A25->2573df58-4087-4dd0-8598-5abddcc696b9: receive RaftClientReply:client-9C97446E6A25->2573df58-4087-4dd0-8598-5abddcc696b9@group-CE3C0447B19C, cid=1242, SUCCESS, logIndex=2117, commits[2573df58-4087-4dd0-8598-5abddcc696b9:c2117]
2019-06-13 21:51:35,913 INFO  storage.RaftLogWorker (RaftLogWorker.java:rollLogSegment(303)) - 2573df58-4087-4dd0-8598-5abddcc696b9-RaftLogWorker: Rolling segment log-2048_2118 to index:2118
2019-06-13 21:51:35,913 INFO  storage.RaftLogWorker (RaftLogWorker.java:execute(433)) - 2573df58-4087-4dd0-8598-5abddcc696b9-RaftLogWorker: Rolled log segment from /opt/src/hadoop-ozone/integration-test/target/test-dir/MiniOzoneClusterImpl-8578056e-9b7b-4e66-9e9f-ef53d5cd7c03/datanode-0/data/ratis/7f5c2536-ed89-4233-9ec0-ce3c0447b19c/current/log_inprogress_2048 to /opt/src/hadoop-ozone/integration-test/target/test-dir/MiniOzoneClusterImpl-8578056e-9b7b-4e66-9e9f-ef53d5cd7c03/datanode-0/data/ratis/7f5c2536-ed89-4233-9ec0-ce3c0447b19c/current/log_2048-2118
2019-06-13 21:51:35,916 DEBUG block.SCMBlockDeletingService (SCMBlockDeletingService.java:call(138)) - Running DeletedBlockTransactionScanner
2019-06-13 21:51:35,917 DEBUG block.SCMBlockDeletingService (SCMBlockDeletingService.java:call(155)) - Scanned deleted blocks log and got 0 delTX to process.
2019-06-13 21:51:35,953 INFO  storage.RaftLogWorker (RaftLogWorker.java:execute(469)) - 2573df58-4087-4dd0-8598-5abddcc696b9-RaftLogWorker: created new log segment /opt/src/hadoop-ozone/integration-test/target/test-dir/MiniOzoneClusterImpl-8578056e-9b7b-4e66-9e9f-ef53d5cd7c03/datanode-0/data/ratis/7f5c2536-ed89-4233-9ec0-ce3c0447b19c/current/log_inprogress_2119
2019-06-13 21:51:35,955 INFO  client.GrpcClientProtocolClient (GrpcClientProtocolClient.java:onNext(254)) - client-9C97446E6A25->2573df58-4087-4dd0-8598-5abddcc696b9: receive RaftClientReply:client-9C97446E6A25->2573df58-4087-4dd0-8598-5abddcc696b9@group-CE3C0447B19C, cid=1243, SUCCESS, logIndex=2119, commits[2573df58-4087-4dd0-8598-5abddcc696b9:c2120]
2019-06-13 21:51:35,956 INFO  client.GrpcClientProtocolClient (GrpcClientProtocolClient.java:onNext(254)) - client-9C97446E6A25->2573df58-4087-4dd0-8598-5abddcc696b9: receive RaftClientReply:client-9C97446E6A25->2573df58-4087-4dd0-8598-5abddcc696b9@group-CE3C0447B19C, cid=1244, SUCCESS, logIndex=2120, commits[2573df58-4087-4dd0-8598-5abddcc696b9:c2121]
2019-06-13 21:51:35,962 INFO  client.GrpcClientProtocolClient (GrpcClientProtocolClient.java:onNext(254)) - client-9C97446E6A25->2573df58-4087-4dd0-8598-5abddcc696b9: receive RaftClientReply:client-9C97446E6A25->2573df58-4087-4dd0-8598-5abddcc696b9@group-CE3C0447B19C, cid=1245, SUCCESS, logIndex=2122, commits[2573df58-4087-4dd0-8598-5abddcc696b9:c2122]
2019-06-13 21:51:35,964 INFO  client.GrpcClientProtocolClient (GrpcClientProtocolClient.java:onNext(254)) - client-9C97446E6A25->2573df58-4087-4dd0-8598-5abddcc696b9: receive RaftClientReply:client-9C97446E6A25->2573df58-4087-4dd0-8598-5abddcc696b9@group-CE3C0447B19C, cid=1246, SUCCESS, logIndex=2124, commits[2573df58-4087-4dd0-8598-5abddcc696b9:c2124]
2019-06-13 21:51:35,965 INFO  client.GrpcClientProtocolClient (GrpcClientProtocolClient.java:onNext(254)) - client-9C97446E6A25->2573df58-4087-4dd0-8598-5abddcc696b9: receive RaftClientReply:client-9C97446E6A25->2573df58-4087-4dd0-8598-5abddcc696b9@group-CE3C0447B19C, cid=1247, SUCCESS, logIndex=2125, commits[2573df58-4087-4dd0-8598-5abddcc696b9:c2126]
2019-06-13 21:51:35,965 INFO  client.GrpcClientProtocolClient (GrpcClientProtocolClient.java:onNext(254)) - client-9C97446E6A25->2573df58-4087-4dd0-8598-5abddcc696b9: receive RaftClientReply:client-9C97446E6A25->2573df58-4087-4dd0-8598-5abddcc696b9@group-CE3C0447B19C, cid=1248, SUCCESS, logIndex=2126, commits[2573df58-4087-4dd0-8598-5abddcc696b9:c2126]
2019-06-13 21:51:35,976 INFO  client.GrpcClientProtocolClient (GrpcClientProtocolClient.java:onNext(254)) - client-9C97446E6A25->2573df58-4087-4dd0-8598-5abddcc696b9: receive RaftClientReply:client-9C97446E6A25->2573df58-4087-4dd0-8598-5abddcc696b9@group-CE3C0447B19C, cid=1249, SUCCESS, logIndex=2129, commits[2573df58-4087-4dd0-8598-5abddcc696b9:c2129]
2019-06-13 21:51:35,977 INFO  client.GrpcClientProtocolClient (GrpcClientProtocolClient.java:onNext(254)) - client-9C97446E6A25->2573df58-4087-4dd0-8598-5abddcc696b9: receive RaftClientReply:client-9C97446E6A25->2573df58-4087-4dd0-8598-5abddcc696b9@group-CE3C0447B19C, cid=1250, SUCCESS, logIndex=2131, commits[2573df58-4087-4dd0-8598-5abddcc696b9:c2131]
2019-06-13 21:51:35,978 INFO  client.GrpcClientProtocolClient (GrpcClientProtocolClient.java:onNext(254)) - client-9C97446E6A25->2573df58-4087-4dd0-8598-5abddcc696b9: receive RaftClientReply:client-9C97446E6A25->2573df58-4087-4dd0-8598-5abddcc696b9@group-CE3C0447B19C, cid=1251, SUCCESS, logIndex=2132, commits[2573df58-4087-4dd0-8598-5abddcc696b9:c2133]
2019-06-13 21:51:35,979 INFO  client.GrpcClientProtocolClient (GrpcClientProtocolClient.java:onNext(254)) - client-9C97446E6A25->2573df58-4087-4dd0-8598-5abddcc696b9: receive RaftClientReply:client-9C97446E6A25->2573df58-4087-4dd0-8598-5abddcc696b9@group-CE3C0447B19C, cid=1252, SUCCESS, logIndex=2134, commits[2573df58-4087-4dd0-8598-5abddcc696b9:c2134]
2019-06-13 21:51:35,985 INFO  client.GrpcClientProtocolClient (GrpcClientProtocolClient.java:onNext(254)) - client-9C97446E6A25->2573df58-4087-4dd0-8598-5abddcc696b9: receive RaftClientReply:client-9C97446E6A25->2573df58-4087-4dd0-8598-5abddcc696b9@group-CE3C0447B19C, cid=1253, SUCCESS, logIndex=2136, commits[2573df58-4087-4dd0-8598-5abddcc696b9:c2136]
2019-06-13 21:51:35,986 INFO  client.GrpcClientProtocolClient (GrpcClientProtocolClient.java:onNext(254)) - client-9C97446E6A25->2573df58-4087-4dd0-8598-5abddcc696b9: receive RaftClientReply:client-9C97446E6A25->2573df58-4087-4dd0-8598-5abddcc696b9@group-CE3C0447B19C, cid=1254, SUCCESS, logIndex=2138, commits[2573df58-4087-4dd0-8598-5abddcc696b9:c2138]
2019-06-13 21:51:35,988 INFO  client.GrpcClientProtocolClient (GrpcClientProtocolClient.java:onNext(254)) - client-9C97446E6A25->2573df58-4087-4dd0-8598-5abddcc696b9: receive RaftClientReply:client-9C97446E6A25->2573df58-4087-4dd0-8598-5abddcc696b9@group-CE3C0447B19C, cid=1255, SUCCESS, logIndex=2139, commits[2573df58-4087-4dd0-8598-5abddcc696b9:c2141]
2019-06-13 21:51:35,988 INFO  client.GrpcClientProtocolClient (GrpcClientProtocolClient.java:onNext(254)) - client-9C97446E6A25->2573df58-4087-4dd0-8598-5abddcc696b9: receive RaftClientReply:client-9C97446E6A25->2573df58-4087-4dd0-8598-5abddcc696b9@group-CE3C0447B19C, cid=1256, SUCCESS, logIndex=2140, commits[2573df58-4087-4dd0-8598-5abddcc696b9:c2141]
2019-06-13 21:51:35,997 INFO  client.GrpcClientProtocolClient (GrpcClientProtocolClient.java:onNext(254)) - client-9C97446E6A25->2573df58-4087-4dd0-8598-5abddcc696b9: receive RaftClientReply:client-9C97446E6A25->2573df58-4087-4dd0-8598-5abddcc696b9@group-CE3C0447B19C, cid=1257, SUCCESS, logIndex=2142, commits[2573df58-4087-4dd0-8598-5abddcc696b9:c2142]
2019-06-13 21:51:35,999 INFO  client.GrpcClientProtocolClient (GrpcClientProtocolClient.java:onNext(254)) - client-9C97446E6A25->2573df58-4087-4dd0-8598-5abddcc696b9: receive RaftClientReply:client-9C97446E6A25->2573df58-4087-4dd0-8598-5abddcc696b9@group-CE3C0447B19C, cid=1258, SUCCESS, logIndex=2144, commits[2573df58-4087-4dd0-8598-5abddcc696b9:c2144]
2019-06-13 21:51:36,001 INFO  client.GrpcClientProtocolClient (GrpcClientProtocolClient.java:onNext(254)) - client-9C97446E6A25->2573df58-4087-4dd0-8598-5abddcc696b9: receive RaftClientReply:client-9C97446E6A25->2573df58-4087-4dd0-8598-5abddcc696b9@group-CE3C0447B19C, cid=1259, SUCCESS, logIndex=2146, commits[2573df58-4087-4dd0-8598-5abddcc696b9:c2147]
2019-06-13 21:51:36,002 INFO  client.GrpcClientProtocolClient (GrpcClientProtocolClient.java:onNext(254)) - client-9C97446E6A25->2573df58-4087-4dd0-8598-5abddcc696b9: receive RaftClientReply:client-9C97446E6A25->2573df58-4087-4dd0-8598-5abddcc696b9@group-CE3C0447B19C, cid=1260, SUCCESS, logIndex=2147, commits[2573df58-4087-4dd0-8598-5abddcc696b9:c2147]
2019-06-13 21:51:36,007 INFO  client.GrpcClientProtocolClient (GrpcClientProtocolClient.java:onNext(254)) - client-9C97446E6A25->2573df58-4087-4dd0-8598-5abddcc696b9: receive RaftClientReply:client-9C97446E6A25->2573df58-4087-4dd0-8598-5abddcc696b9@group-CE3C0447B19C, cid=1261, SUCCESS, logIndex=2149, commits[2573df58-4087-4dd0-8598-5abddcc696b9:c2149]
2019-06-13 21:51:36,009 INFO  client.GrpcClientProtocolClient (GrpcClientProtocolClient.java:onNext(254)) - client-9C97446E6A25->2573df58-4087-4dd0-8598-5abddcc696b9: receive RaftClientReply:client-9C97446E6A25->2573df58-4087-4dd0-8598-5abddcc696b9@group-CE3C0447B19C, cid=1262, SUCCESS, logIndex=2151, commits[2573df58-4087-4dd0-8598-5abddcc696b9:c2151]
2019-06-13 21:51:36,010 INFO  client.GrpcClientProtocolClient (GrpcClientProtocolClient.java:onNext(254)) - client-9C97446E6A25->2573df58-4087-4dd0-8598-5abddcc696b9: receive RaftClientReply:client-9C97446E6A25->2573df58-4087-4dd0-8598-5abddcc696b9@group-CE3C0447B19C, cid=1263, SUCCESS, logIndex=2152, commits[2573df58-4087-4dd0-8598-5abddcc696b9:c2154]
2019-06-13 21:51:36,011 INFO  client.GrpcClientProtocolClient (GrpcClientProtocolClient.java:onNext(254)) - client-9C97446E6A25->2573df58-4087-4dd0-8598-5abddcc696b9: receive RaftClientReply:client-9C97446E6A25->2573df58-4087-4dd0-8598-5abddcc696b9@group-CE3C0447B19C, cid=1264, SUCCESS, logIndex=2154, commits[2573df58-4087-4dd0-8598-5abddcc696b9:c2154]
2019-06-13 21:51:36,018 DEBUG block.SCMBlockDeletingService (SCMBlockDeletingService.java:call(138)) - Running DeletedBlockTransactionScanner
2019-06-13 21:51:36,018 DEBUG block.SCMBlockDeletingService (SCMBlockDeletingService.java:call(155)) - Scanned deleted blocks log and got 0 delTX to process.
2019-06-13 21:51:36,021 INFO  client.GrpcClientProtocolClient (GrpcClientProtocolClient.java:onNext(254)) - client-9C97446E6A25->2573df58-4087-4dd0-8598-5abddcc696b9: receive RaftClientReply:client-9C97446E6A25->2573df58-4087-4dd0-8598-5abddcc696b9@group-CE3C0447B19C, cid=1265, SUCCESS, logIndex=2156, commits[2573df58-4087-4dd0-8598-5abddcc696b9:c2156]
2019-06-13 21:51:36,024 INFO  client.GrpcClientProtocolClient (GrpcClientProtocolClient.java:onNext(254)) - client-9C97446E6A25->2573df58-4087-4dd0-8598-5abddcc696b9: receive RaftClientReply:client-9C97446E6A25->2573df58-4087-4dd0-8598-5abddcc696b9@group-CE3C0447B19C, cid=1266, SUCCESS, logIndex=2158, commits[2573df58-4087-4dd0-8598-5abddcc696b9:c2158]
2019-06-13 21:51:36,024 INFO  client.GrpcClientProtocolClient (GrpcClientProtocolClient.java:onNext(254)) - client-9C97446E6A25->2573df58-4087-4dd0-8598-5abddcc696b9: receive RaftClientReply:client-9C97446E6A25->2573df58-4087-4dd0-8598-5abddcc696b9@group-CE3C0447B19C, cid=1267, SUCCESS, logIndex=2159, commits[2573df58-4087-4dd0-8598-5abddcc696b9:c2161]
2019-06-13 21:51:36,024 INFO  client.GrpcClientProtocolClient (GrpcClientProtocolClient.java:onNext(254)) - client-9C97446E6A25->2573df58-4087-4dd0-8598-5abddcc696b9: receive RaftClientReply:client-9C97446E6A25->2573df58-4087-4dd0-8598-5abddcc696b9@group-CE3C0447B19C, cid=1268, SUCCESS, logIndex=2161, commits[2573df58-4087-4dd0-8598-5abddcc696b9:c2161]
2019-06-13 21:51:36,030 INFO  client.GrpcClientProtocolClient (GrpcClientProtocolClient.java:onNext(254)) - client-9C97446E6A25->2573df58-4087-4dd0-8598-5abddcc696b9: receive RaftClientReply:client-9C97446E6A25->2573df58-4087-4dd0-8598-5abddcc696b9@group-CE3C0447B19C, cid=1269, SUCCESS, logIndex=2163, commits[2573df58-4087-4dd0-8598-5abddcc696b9:c2163]
2019-06-13 21:51:36,031 INFO  client.GrpcClientProtocolClient (GrpcClientProtocolClient.java:onNext(254)) - client-9C97446E6A25->2573df58-4087-4dd0-8598-5abddcc696b9: receive RaftClientReply:client-9C97446E6A25->2573df58-4087-4dd0-8598-5abddcc696b9@group-CE3C0447B19C, cid=1270, SUCCESS, logIndex=2165, commits[2573df58-4087-4dd0-8598-5abddcc696b9:c2165]
2019-06-13 21:51:36,033 INFO  client.GrpcClientProtocolClient (GrpcClientProtocolClient.java:onNext(254)) - client-9C97446E6A25->2573df58-4087-4dd0-8598-5abddcc696b9: receive RaftClientReply:client-9C97446E6A25->2573df58-4087-4dd0-8598-5abddcc696b9@group-CE3C0447B19C, cid=1271, SUCCESS, logIndex=2166, commits[2573df58-4087-4dd0-8598-5abddcc696b9:c2168]
2019-06-13 21:51:36,033 INFO  client.GrpcClientProtocolClient (GrpcClientProtocolClient.java:onNext(254)) - client-9C97446E6A25->2573df58-4087-4dd0-8598-5abddcc696b9: receive RaftClientReply:client-9C97446E6A25->2573df58-4087-4dd0-8598-5abddcc696b9@group-CE3C0447B19C, cid=1272, SUCCESS, logIndex=2167, commits[2573df58-4087-4dd0-8598-5abddcc696b9:c2168]
2019-06-13 21:51:36,043 INFO  client.GrpcClientProtocolClient (GrpcClientProtocolClient.java:onNext(254)) - client-9C97446E6A25->2573df58-4087-4dd0-8598-5abddcc696b9: receive RaftClientReply:client-9C97446E6A25->2573df58-4087-4dd0-8598-5abddcc696b9@group-CE3C0447B19C, cid=1273, SUCCESS, logIndex=2169, commits[2573df58-4087-4dd0-8598-5abddcc696b9:c2169]
2019-06-13 21:51:36,045 INFO  client.GrpcClientProtocolClient (GrpcClientProtocolClient.java:onNext(254)) - client-9C97446E6A25->2573df58-4087-4dd0-8598-5abddcc696b9: receive RaftClientReply:client-9C97446E6A25->2573df58-4087-4dd0-8598-5abddcc696b9@group-CE3C0447B19C, cid=1274, SUCCESS, logIndex=2171, commits[2573df58-4087-4dd0-8598-5abddcc696b9:c2171]
2019-06-13 21:51:36,059 INFO  client.GrpcClientProtocolClient (GrpcClientProtocolClient.java:onNext(254)) - client-9C97446E6A25->2573df58-4087-4dd0-8598-5abddcc696b9: receive RaftClientReply:client-9C97446E6A25->2573df58-4087-4dd0-8598-5abddcc696b9@group-CE3C0447B19C, cid=1275, SUCCESS, logIndex=2172, commits[2573df58-4087-4dd0-8598-5abddcc696b9:c2174]
2019-06-13 21:51:36,059 INFO  client.GrpcClientProtocolClient (GrpcClientProtocolClient.java:onNext(254)) - client-9C97446E6A25->2573df58-4087-4dd0-8598-5abddcc696b9: receive RaftClientReply:client-9C97446E6A25->2573df58-4087-4dd0-8598-5abddcc696b9@group-CE3C0447B19C, cid=1276, SUCCESS, logIndex=2173, commits[2573df58-4087-4dd0-8598-5abddcc696b9:c2174]
2019-06-13 21:51:36,285 DEBUG block.SCMBlockDeletingService (SCMBlockDeletingService.java:call(138)) - Running DeletedBlockTransactionScanner
2019-06-13 21:51:36,285 DEBUG block.SCMBlockDeletingService (SCMBlockDeletingService.java:call(155)) - Scanned deleted blocks log and got 0 delTX to process.
2019-06-13 21:51:36,307 INFO  client.GrpcClientProtocolClient (GrpcClientProtocolClient.java:onNext(254)) - client-9C97446E6A25->2573df58-4087-4dd0-8598-5abddcc696b9: receive RaftClientReply:client-9C97446E6A25->2573df58-4087-4dd0-8598-5abddcc696b9@group-CE3C0447B19C, cid=1277, SUCCESS, logIndex=2175, commits[2573df58-4087-4dd0-8598-5abddcc696b9:c2175]
2019-06-13 21:51:36,315 INFO  client.GrpcClientProtocolClient (GrpcClientProtocolClient.java:onNext(254)) - client-9C97446E6A25->2573df58-4087-4dd0-8598-5abddcc696b9: receive RaftClientReply:client-9C97446E6A25->2573df58-4087-4dd0-8598-5abddcc696b9@group-CE3C0447B19C, cid=1278, SUCCESS, logIndex=2177, commits[2573df58-4087-4dd0-8598-5abddcc696b9:c2177]
2019-06-13 21:51:36,316 INFO  client.GrpcClientProtocolClient (GrpcClientProtocolClient.java:onNext(254)) - client-9C97446E6A25->2573df58-4087-4dd0-8598-5abddcc696b9: receive RaftClientReply:client-9C97446E6A25->2573df58-4087-4dd0-8598-5abddcc696b9@group-CE3C0447B19C, cid=1279, SUCCESS, logIndex=2178, commits[2573df58-4087-4dd0-8598-5abddcc696b9:c2180]
2019-06-13 21:51:36,316 INFO  client.GrpcClientProtocolClient (GrpcClientProtocolClient.java:onNext(254)) - client-9C97446E6A25->2573df58-4087-4dd0-8598-5abddcc696b9: receive RaftClientReply:client-9C97446E6A25->2573df58-4087-4dd0-8598-5abddcc696b9@group-CE3C0447B19C, cid=1280, SUCCESS, logIndex=2179, commits[2573df58-4087-4dd0-8598-5abddcc696b9:c2180]
2019-06-13 21:51:36,386 DEBUG block.SCMBlockDeletingService (SCMBlockDeletingService.java:call(138)) - Running DeletedBlockTransactionScanner
2019-06-13 21:51:36,386 DEBUG block.SCMBlockDeletingService (SCMBlockDeletingService.java:call(155)) - Scanned deleted blocks log and got 0 delTX to process.
2019-06-13 21:51:36,392 INFO  client.GrpcClientProtocolClient (GrpcClientProtocolClient.java:onNext(254)) - client-9C97446E6A25->2573df58-4087-4dd0-8598-5abddcc696b9: receive RaftClientReply:client-9C97446E6A25->2573df58-4087-4dd0-8598-5abddcc696b9@group-CE3C0447B19C, cid=1281, SUCCESS, logIndex=2181, commits[2573df58-4087-4dd0-8598-5abddcc696b9:c2181]
2019-06-13 21:51:36,395 INFO  client.GrpcClientProtocolClient (GrpcClientProtocolClient.java:onNext(254)) - client-9C97446E6A25->2573df58-4087-4dd0-8598-5abddcc696b9: receive RaftClientReply:client-9C97446E6A25->2573df58-4087-4dd0-8598-5abddcc696b9@group-CE3C0447B19C, cid=1282, SUCCESS, logIndex=2183, commits[2573df58-4087-4dd0-8598-5abddcc696b9:c2183]
2019-06-13 21:51:36,395 INFO  client.GrpcClientProtocolClient (GrpcClientProtocolClient.java:onNext(254)) - client-9C97446E6A25->2573df58-4087-4dd0-8598-5abddcc696b9: receive RaftClientReply:client-9C97446E6A25->2573df58-4087-4dd0-8598-5abddcc696b9@group-CE3C0447B19C, cid=1283, SUCCESS, logIndex=2184, commits[2573df58-4087-4dd0-8598-5abddcc696b9:c2184]
2019-06-13 21:51:36,395 INFO  client.GrpcClientProtocolClient (GrpcClientProtocolClient.java:onNext(254)) - client-9C97446E6A25->2573df58-4087-4dd0-8598-5abddcc696b9: receive RaftClientReply:client-9C97446E6A25->2573df58-4087-4dd0-8598-5abddcc696b9@group-CE3C0447B19C, cid=1284, SUCCESS, logIndex=2186, commits[2573df58-4087-4dd0-8598-5abddcc696b9:c2186]
2019-06-13 21:51:36,401 INFO  client.GrpcClientProtocolClient (GrpcClientProtocolClient.java:onNext(254)) - client-9C97446E6A25->2573df58-4087-4dd0-8598-5abddcc696b9: receive RaftClientReply:client-9C97446E6A25->2573df58-4087-4dd0-8598-5abddcc696b9@group-CE3C0447B19C, cid=1285, SUCCESS, logIndex=2189, commits[2573df58-4087-4dd0-8598-5abddcc696b9:c2189]
2019-06-13 21:51:36,401 INFO  storage.RaftLogWorker (RaftLogWorker.java:rollLogSegment(303)) - 2573df58-4087-4dd0-8598-5abddcc696b9-RaftLogWorker: Rolling segment log-2119_2190 to index:2190
2019-06-13 21:51:36,402 INFO  storage.RaftLogWorker (RaftLogWorker.java:execute(433)) - 2573df58-4087-4dd0-8598-5abddcc696b9-RaftLogWorker: Rolled log segment from /opt/src/hadoop-ozone/integration-test/target/test-dir/MiniOzoneClusterImpl-8578056e-9b7b-4e66-9e9f-ef53d5cd7c03/datanode-0/data/ratis/7f5c2536-ed89-4233-9ec0-ce3c0447b19c/current/log_inprogress_2119 to /opt/src/hadoop-ozone/integration-test/target/test-dir/MiniOzoneClusterImpl-8578056e-9b7b-4e66-9e9f-ef53d5cd7c03/datanode-0/data/ratis/7f5c2536-ed89-4233-9ec0-ce3c0447b19c/current/log_2119-2190
2019-06-13 21:51:36,438 INFO  storage.RaftLogWorker (RaftLogWorker.java:execute(469)) - 2573df58-4087-4dd0-8598-5abddcc696b9-RaftLogWorker: created new log segment /opt/src/hadoop-ozone/integration-test/target/test-dir/MiniOzoneClusterImpl-8578056e-9b7b-4e66-9e9f-ef53d5cd7c03/datanode-0/data/ratis/7f5c2536-ed89-4233-9ec0-ce3c0447b19c/current/log_inprogress_2191
2019-06-13 21:51:36,440 INFO  client.GrpcClientProtocolClient (GrpcClientProtocolClient.java:onNext(254)) - client-9C97446E6A25->2573df58-4087-4dd0-8598-5abddcc696b9: receive RaftClientReply:client-9C97446E6A25->2573df58-4087-4dd0-8598-5abddcc696b9@group-CE3C0447B19C, cid=1286, SUCCESS, logIndex=2191, commits[2573df58-4087-4dd0-8598-5abddcc696b9:c2193]
2019-06-13 21:51:36,441 INFO  client.GrpcClientProtocolClient (GrpcClientProtocolClient.java:onNext(254)) - client-9C97446E6A25->2573df58-4087-4dd0-8598-5abddcc696b9: receive RaftClientReply:client-9C97446E6A25->2573df58-4087-4dd0-8598-5abddcc696b9@group-CE3C0447B19C, cid=1287, SUCCESS, logIndex=2192, commits[2573df58-4087-4dd0-8598-5abddcc696b9:c2194]
2019-06-13 21:51:36,441 INFO  client.GrpcClientProtocolClient (GrpcClientProtocolClient.java:onNext(254)) - client-9C97446E6A25->2573df58-4087-4dd0-8598-5abddcc696b9: receive RaftClientReply:client-9C97446E6A25->2573df58-4087-4dd0-8598-5abddcc696b9@group-CE3C0447B19C, cid=1288, SUCCESS, logIndex=2193, commits[2573df58-4087-4dd0-8598-5abddcc696b9:c2194]
2019-06-13 21:51:36,453 INFO  client.GrpcClientProtocolClient (GrpcClientProtocolClient.java:onNext(254)) - client-9C97446E6A25->2573df58-4087-4dd0-8598-5abddcc696b9: receive RaftClientReply:client-9C97446E6A25->2573df58-4087-4dd0-8598-5abddcc696b9@group-CE3C0447B19C, cid=1289, SUCCESS, logIndex=2195, commits[2573df58-4087-4dd0-8598-5abddcc696b9:c2195]
2019-06-13 21:51:36,454 INFO  client.GrpcClientProtocolClient (GrpcClientProtocolClient.java:onNext(254)) - client-9C97446E6A25->2573df58-4087-4dd0-8598-5abddcc696b9: receive RaftClientReply:client-9C97446E6A25->2573df58-4087-4dd0-8598-5abddcc696b9@group-CE3C0447B19C, cid=1290, SUCCESS, logIndex=2197, commits[2573df58-4087-4dd0-8598-5abddcc696b9:c2197]
2019-06-13 21:51:36,456 INFO  client.GrpcClientProtocolClient (GrpcClientProtocolClient.java:onNext(254)) - client-9C97446E6A25->2573df58-4087-4dd0-8598-5abddcc696b9: receive RaftClientReply:client-9C97446E6A25->2573df58-4087-4dd0-8598-5abddcc696b9@group-CE3C0447B19C, cid=1291, SUCCESS, logIndex=2198, commits[2573df58-4087-4dd0-8598-5abddcc696b9:c2200]
2019-06-13 21:51:36,456 INFO  client.GrpcClientProtocolClient (GrpcClientProtocolClient.java:onNext(254)) - client-9C97446E6A25->2573df58-4087-4dd0-8598-5abddcc696b9: receive RaftClientReply:client-9C97446E6A25->2573df58-4087-4dd0-8598-5abddcc696b9@group-CE3C0447B19C, cid=1292, SUCCESS, logIndex=2200, commits[2573df58-4087-4dd0-8598-5abddcc696b9:c2200]
2019-06-13 21:51:36,464 INFO  client.GrpcClientProtocolClient (GrpcClientProtocolClient.java:onNext(254)) - client-9C97446E6A25->2573df58-4087-4dd0-8598-5abddcc696b9: receive RaftClientReply:client-9C97446E6A25->2573df58-4087-4dd0-8598-5abddcc696b9@group-CE3C0447B19C, cid=1293, SUCCESS, logIndex=2202, commits[2573df58-4087-4dd0-8598-5abddcc696b9:c2202]
2019-06-13 21:51:36,471 INFO  client.GrpcClientProtocolClient (GrpcClientProtocolClient.java:onNext(254)) - client-9C97446E6A25->2573df58-4087-4dd0-8598-5abddcc696b9: receive RaftClientReply:client-9C97446E6A25->2573df58-4087-4dd0-8598-5abddcc696b9@group-CE3C0447B19C, cid=1294, SUCCESS, logIndex=2204, commits[2573df58-4087-4dd0-8598-5abddcc696b9:c2208]
2019-06-13 21:51:36,475 INFO  client.GrpcClientProtocolClient (GrpcClientProtocolClient.java:onNext(254)) - client-9C97446E6A25->2573df58-4087-4dd0-8598-5abddcc696b9: receive RaftClientReply:client-9C97446E6A25->2573df58-4087-4dd0-8598-5abddcc696b9@group-CE3C0447B19C, cid=1295, SUCCESS, logIndex=2205, commits[2573df58-4087-4dd0-8598-5abddcc696b9:c2208]
2019-06-13 21:51:36,475 INFO  client.GrpcClientProtocolClient (GrpcClientProtocolClient.java:onNext(254)) - client-9C97446E6A25->2573df58-4087-4dd0-8598-5abddcc696b9: receive RaftClientReply:client-9C97446E6A25->2573df58-4087-4dd0-8598-5abddcc696b9@group-CE3C0447B19C, cid=1296, SUCCESS, logIndex=2206, commits[2573df58-4087-4dd0-8598-5abddcc696b9:c2208]
2019-06-13 21:51:36,484 INFO  client.GrpcClientProtocolClient (GrpcClientProtocolClient.java:onNext(254)) - client-9C97446E6A25->2573df58-4087-4dd0-8598-5abddcc696b9: receive RaftClientReply:client-9C97446E6A25->2573df58-4087-4dd0-8598-5abddcc696b9@group-CE3C0447B19C, cid=1297, SUCCESS, logIndex=2209, commits[2573df58-4087-4dd0-8598-5abddcc696b9:c2209]
2019-06-13 21:51:36,486 DEBUG block.SCMBlockDeletingService (SCMBlockDeletingService.java:call(138)) - Running DeletedBlockTransactionScanner
2019-06-13 21:51:36,487 DEBUG block.SCMBlockDeletingService (SCMBlockDeletingService.java:call(155)) - Scanned deleted blocks log and got 0 delTX to process.
2019-06-13 21:51:36,487 INFO  client.GrpcClientProtocolClient (GrpcClientProtocolClient.java:onNext(254)) - client-9C97446E6A25->2573df58-4087-4dd0-8598-5abddcc696b9: receive RaftClientReply:client-9C97446E6A25->2573df58-4087-4dd0-8598-5abddcc696b9@group-CE3C0447B19C, cid=1298, SUCCESS, logIndex=2211, commits[2573df58-4087-4dd0-8598-5abddcc696b9:c2211]
2019-06-13 21:51:36,488 INFO  client.GrpcClientProtocolClient (GrpcClientProtocolClient.java:onNext(254)) - client-9C97446E6A25->2573df58-4087-4dd0-8598-5abddcc696b9: receive RaftClientReply:client-9C97446E6A25->2573df58-4087-4dd0-8598-5abddcc696b9@group-CE3C0447B19C, cid=1299, SUCCESS, logIndex=2212, commits[2573df58-4087-4dd0-8598-5abddcc696b9:c2213]
2019-06-13 21:51:36,491 INFO  client.GrpcClientProtocolClient (GrpcClientProtocolClient.java:onNext(254)) - client-9C97446E6A25->2573df58-4087-4dd0-8598-5abddcc696b9: receive RaftClientReply:client-9C97446E6A25->2573df58-4087-4dd0-8598-5abddcc696b9@group-CE3C0447B19C, cid=1300, SUCCESS, logIndex=2213, commits[2573df58-4087-4dd0-8598-5abddcc696b9:c2214]
2019-06-13 21:51:36,497 INFO  client.GrpcClientProtocolClient (GrpcClientProtocolClient.java:onNext(254)) - client-9C97446E6A25->2573df58-4087-4dd0-8598-5abddcc696b9: receive RaftClientReply:client-9C97446E6A25->2573df58-4087-4dd0-8598-5abddcc696b9@group-CE3C0447B19C, cid=1301, SUCCESS, logIndex=2216, commits[2573df58-4087-4dd0-8598-5abddcc696b9:c2216]
2019-06-13 21:51:36,498 INFO  client.GrpcClientProtocolClient (GrpcClientProtocolClient.java:onNext(254)) - client-9C97446E6A25->2573df58-4087-4dd0-8598-5abddcc696b9: receive RaftClientReply:client-9C97446E6A25->2573df58-4087-4dd0-8598-5abddcc696b9@group-CE3C0447B19C, cid=1302, SUCCESS, logIndex=2218, commits[2573df58-4087-4dd0-8598-5abddcc696b9:c2218]
2019-06-13 21:51:36,500 INFO  client.GrpcClientProtocolClient (GrpcClientProtocolClient.java:onNext(254)) - client-9C97446E6A25->2573df58-4087-4dd0-8598-5abddcc696b9: receive RaftClientReply:client-9C97446E6A25->2573df58-4087-4dd0-8598-5abddcc696b9@group-CE3C0447B19C, cid=1303, SUCCESS, logIndex=2219, commits[2573df58-4087-4dd0-8598-5abddcc696b9:c2221]
2019-06-13 21:51:36,503 INFO  client.GrpcClientProtocolClient (GrpcClientProtocolClient.java:onNext(254)) - client-9C97446E6A25->2573df58-4087-4dd0-8598-5abddcc696b9: receive RaftClientReply:client-9C97446E6A25->2573df58-4087-4dd0-8598-5abddcc696b9@group-CE3C0447B19C, cid=1304, SUCCESS, logIndex=2220, commits[2573df58-4087-4dd0-8598-5abddcc696b9:c2221]
2019-06-13 21:51:36,514 INFO  client.GrpcClientProtocolClient (GrpcClientProtocolClient.java:onNext(254)) - client-9C97446E6A25->2573df58-4087-4dd0-8598-5abddcc696b9: receive RaftClientReply:client-9C97446E6A25->2573df58-4087-4dd0-8598-5abddcc696b9@group-CE3C0447B19C, cid=1305, SUCCESS, logIndex=2222, commits[2573df58-4087-4dd0-8598-5abddcc696b9:c2222]
2019-06-13 21:51:36,517 INFO  client.GrpcClientProtocolClient (GrpcClientProtocolClient.java:onNext(254)) - client-9C97446E6A25->2573df58-4087-4dd0-8598-5abddcc696b9: receive RaftClientReply:client-9C97446E6A25->2573df58-4087-4dd0-8598-5abddcc696b9@group-CE3C0447B19C, cid=1306, SUCCESS, logIndex=2224, commits[2573df58-4087-4dd0-8598-5abddcc696b9:c2224]
2019-06-13 21:51:36,518 INFO  client.GrpcClientProtocolClient (GrpcClientProtocolClient.java:onNext(254)) - client-9C97446E6A25->2573df58-4087-4dd0-8598-5abddcc696b9: receive RaftClientReply:client-9C97446E6A25->2573df58-4087-4dd0-8598-5abddcc696b9@group-CE3C0447B19C, cid=1307, SUCCESS, logIndex=2225, commits[2573df58-4087-4dd0-8598-5abddcc696b9:c2227]
2019-06-13 21:51:36,519 INFO  client.GrpcClientProtocolClient (GrpcClientProtocolClient.java:onNext(254)) - client-9C97446E6A25->2573df58-4087-4dd0-8598-5abddcc696b9: receive RaftClientReply:client-9C97446E6A25->2573df58-4087-4dd0-8598-5abddcc696b9@group-CE3C0447B19C, cid=1308, SUCCESS, logIndex=2226, commits[2573df58-4087-4dd0-8598-5abddcc696b9:c2227]
2019-06-13 21:51:36,525 INFO  client.GrpcClientProtocolClient (GrpcClientProtocolClient.java:onNext(254)) - client-9C97446E6A25->2573df58-4087-4dd0-8598-5abddcc696b9: receive RaftClientReply:client-9C97446E6A25->2573df58-4087-4dd0-8598-5abddcc696b9@group-CE3C0447B19C, cid=1309, SUCCESS, logIndex=2228, commits[2573df58-4087-4dd0-8598-5abddcc696b9:c2228]
2019-06-13 21:51:36,528 INFO  client.GrpcClientProtocolClient (GrpcClientProtocolClient.java:onNext(254)) - client-9C97446E6A25->2573df58-4087-4dd0-8598-5abddcc696b9: receive RaftClientReply:client-9C97446E6A25->2573df58-4087-4dd0-8598-5abddcc696b9@group-CE3C0447B19C, cid=1310, SUCCESS, logIndex=2230, commits[2573df58-4087-4dd0-8598-5abddcc696b9:c2230]
2019-06-13 21:51:36,528 INFO  client.GrpcClientProtocolClient (GrpcClientProtocolClient.java:onNext(254)) - client-9C97446E6A25->2573df58-4087-4dd0-8598-5abddcc696b9: receive RaftClientReply:client-9C97446E6A25->2573df58-4087-4dd0-8598-5abddcc696b9@group-CE3C0447B19C, cid=1311, SUCCESS, logIndex=2231, commits[2573df58-4087-4dd0-8598-5abddcc696b9:c2233]
2019-06-13 21:51:36,529 INFO  client.GrpcClientProtocolClient (GrpcClientProtocolClient.java:onNext(254)) - client-9C97446E6A25->2573df58-4087-4dd0-8598-5abddcc696b9: receive RaftClientReply:client-9C97446E6A25->2573df58-4087-4dd0-8598-5abddcc696b9@group-CE3C0447B19C, cid=1312, SUCCESS, logIndex=2232, commits[2573df58-4087-4dd0-8598-5abddcc696b9:c2233]
2019-06-13 21:51:36,540 INFO  client.GrpcClientProtocolClient (GrpcClientProtocolClient.java:onNext(254)) - client-9C97446E6A25->2573df58-4087-4dd0-8598-5abddcc696b9: receive RaftClientReply:client-9C97446E6A25->2573df58-4087-4dd0-8598-5abddcc696b9@group-CE3C0447B19C, cid=1313, SUCCESS, logIndex=2234, commits[2573df58-4087-4dd0-8598-5abddcc696b9:c2234]
2019-06-13 21:51:36,542 INFO  client.GrpcClientProtocolClient (GrpcClientProtocolClient.java:onNext(254)) - client-9C97446E6A25->2573df58-4087-4dd0-8598-5abddcc696b9: receive RaftClientReply:client-9C97446E6A25->2573df58-4087-4dd0-8598-5abddcc696b9@group-CE3C0447B19C, cid=1314, SUCCESS, logIndex=2236, commits[2573df58-4087-4dd0-8598-5abddcc696b9:c2236]
2019-06-13 21:51:36,543 INFO  client.GrpcClientProtocolClient (GrpcClientProtocolClient.java:onNext(254)) - client-9C97446E6A25->2573df58-4087-4dd0-8598-5abddcc696b9: receive RaftClientReply:client-9C97446E6A25->2573df58-4087-4dd0-8598-5abddcc696b9@group-CE3C0447B19C, cid=1315, SUCCESS, logIndex=2237, commits[2573df58-4087-4dd0-8598-5abddcc696b9:c2238]
2019-06-13 21:51:36,546 INFO  client.GrpcClientProtocolClient (GrpcClientProtocolClient.java:onNext(254)) - client-9C97446E6A25->2573df58-4087-4dd0-8598-5abddcc696b9: receive RaftClientReply:client-9C97446E6A25->2573df58-4087-4dd0-8598-5abddcc696b9@group-CE3C0447B19C, cid=1316, SUCCESS, logIndex=2238, commits[2573df58-4087-4dd0-8598-5abddcc696b9:c2239]
2019-06-13 21:51:36,552 INFO  client.GrpcClientProtocolClient (GrpcClientProtocolClient.java:onNext(254)) - client-9C97446E6A25->2573df58-4087-4dd0-8598-5abddcc696b9: receive RaftClientReply:client-9C97446E6A25->2573df58-4087-4dd0-8598-5abddcc696b9@group-CE3C0447B19C, cid=1317, SUCCESS, logIndex=2241, commits[2573df58-4087-4dd0-8598-5abddcc696b9:c2241]
2019-06-13 21:51:36,553 INFO  client.GrpcClientProtocolClient (GrpcClientProtocolClient.java:onNext(254)) - client-9C97446E6A25->2573df58-4087-4dd0-8598-5abddcc696b9: receive RaftClientReply:client-9C97446E6A25->2573df58-4087-4dd0-8598-5abddcc696b9@group-CE3C0447B19C, cid=1318, SUCCESS, logIndex=2243, commits[2573df58-4087-4dd0-8598-5abddcc696b9:c2243]
2019-06-13 21:51:36,555 INFO  client.GrpcClientProtocolClient (GrpcClientProtocolClient.java:onNext(254)) - client-9C97446E6A25->2573df58-4087-4dd0-8598-5abddcc696b9: receive RaftClientReply:client-9C97446E6A25->2573df58-4087-4dd0-8598-5abddcc696b9@group-CE3C0447B19C, cid=1319, SUCCESS, logIndex=2244, commits[2573df58-4087-4dd0-8598-5abddcc696b9:c2246]
2019-06-13 21:51:36,555 INFO  client.GrpcClientProtocolClient (GrpcClientProtocolClient.java:onNext(254)) - client-9C97446E6A25->2573df58-4087-4dd0-8598-5abddcc696b9: receive RaftClientReply:client-9C97446E6A25->2573df58-4087-4dd0-8598-5abddcc696b9@group-CE3C0447B19C, cid=1320, SUCCESS, logIndex=2245, commits[2573df58-4087-4dd0-8598-5abddcc696b9:c2246]
2019-06-13 21:51:36,564 INFO  client.GrpcClientProtocolClient (GrpcClientProtocolClient.java:onNext(254)) - client-9C97446E6A25->2573df58-4087-4dd0-8598-5abddcc696b9: receive RaftClientReply:client-9C97446E6A25->2573df58-4087-4dd0-8598-5abddcc696b9@group-CE3C0447B19C, cid=1321, SUCCESS, logIndex=2247, commits[2573df58-4087-4dd0-8598-5abddcc696b9:c2247]
2019-06-13 21:51:36,566 INFO  client.GrpcClientProtocolClient (GrpcClientProtocolClient.java:onNext(254)) - client-9C97446E6A25->2573df58-4087-4dd0-8598-5abddcc696b9: receive RaftClientReply:client-9C97446E6A25->2573df58-4087-4dd0-8598-5abddcc696b9@group-CE3C0447B19C, cid=1322, SUCCESS, logIndex=2249, commits[2573df58-4087-4dd0-8598-5abddcc696b9:c2249]
2019-06-13 21:51:36,567 INFO  client.GrpcClientProtocolClient (GrpcClientProtocolClient.java:onNext(254)) - client-9C97446E6A25->2573df58-4087-4dd0-8598-5abddcc696b9: receive RaftClientReply:client-9C97446E6A25->2573df58-4087-4dd0-8598-5abddcc696b9@group-CE3C0447B19C, cid=1323, SUCCESS, logIndex=2250, commits[2573df58-4087-4dd0-8598-5abddcc696b9:c2252]
2019-06-13 21:51:36,567 INFO  client.GrpcClientProtocolClient (GrpcClientProtocolClient.java:onNext(254)) - client-9C97446E6A25->2573df58-4087-4dd0-8598-5abddcc696b9: receive RaftClientReply:client-9C97446E6A25->2573df58-4087-4dd0-8598-5abddcc696b9@group-CE3C0447B19C, cid=1324, SUCCESS, logIndex=2251, commits[2573df58-4087-4dd0-8598-5abddcc696b9:c2252]
2019-06-13 21:51:36,573 INFO  client.GrpcClientProtocolClient (GrpcClientProtocolClient.java:onNext(254)) - client-9C97446E6A25->2573df58-4087-4dd0-8598-5abddcc696b9: receive RaftClientReply:client-9C97446E6A25->2573df58-4087-4dd0-8598-5abddcc696b9@group-CE3C0447B19C, cid=1325, SUCCESS, logIndex=2253, commits[2573df58-4087-4dd0-8598-5abddcc696b9:c2253]
2019-06-13 21:51:36,575 INFO  client.GrpcClientProtocolClient (GrpcClientProtocolClient.java:onNext(254)) - client-9C97446E6A25->2573df58-4087-4dd0-8598-5abddcc696b9: receive RaftClientReply:client-9C97446E6A25->2573df58-4087-4dd0-8598-5abddcc696b9@group-CE3C0447B19C, cid=1326, SUCCESS, logIndex=2255, commits[2573df58-4087-4dd0-8598-5abddcc696b9:c2255]
2019-06-13 21:51:36,587 DEBUG block.SCMBlockDeletingService (SCMBlockDeletingService.java:call(138)) - Running DeletedBlockTransactionScanner
2019-06-13 21:51:36,587 DEBUG block.SCMBlockDeletingService (SCMBlockDeletingService.java:call(155)) - Scanned deleted blocks log and got 0 delTX to process.
2019-06-13 21:51:36,664 INFO  client.GrpcClientProtocolClient (GrpcClientProtocolClient.java:onNext(254)) - client-9C97446E6A25->2573df58-4087-4dd0-8598-5abddcc696b9: receive RaftClientReply:client-9C97446E6A25->2573df58-4087-4dd0-8598-5abddcc696b9@group-CE3C0447B19C, cid=1327, SUCCESS, logIndex=2257, commits[2573df58-4087-4dd0-8598-5abddcc696b9:c2257]
2019-06-13 21:51:36,664 INFO  storage.RaftLogWorker (RaftLogWorker.java:rollLogSegment(303)) - 2573df58-4087-4dd0-8598-5abddcc696b9-RaftLogWorker: Rolling segment log-2191_2259 to index:2259
2019-06-13 21:51:36,664 INFO  storage.RaftLogWorker (RaftLogWorker.java:execute(433)) - 2573df58-4087-4dd0-8598-5abddcc696b9-RaftLogWorker: Rolled log segment from /opt/src/hadoop-ozone/integration-test/target/test-dir/MiniOzoneClusterImpl-8578056e-9b7b-4e66-9e9f-ef53d5cd7c03/datanode-0/data/ratis/7f5c2536-ed89-4233-9ec0-ce3c0447b19c/current/log_inprogress_2191 to /opt/src/hadoop-ozone/integration-test/target/test-dir/MiniOzoneClusterImpl-8578056e-9b7b-4e66-9e9f-ef53d5cd7c03/datanode-0/data/ratis/7f5c2536-ed89-4233-9ec0-ce3c0447b19c/current/log_2191-2259
2019-06-13 21:51:36,665 INFO  client.GrpcClientProtocolClient (GrpcClientProtocolClient.java:onNext(254)) - client-9C97446E6A25->2573df58-4087-4dd0-8598-5abddcc696b9: receive RaftClientReply:client-9C97446E6A25->2573df58-4087-4dd0-8598-5abddcc696b9@group-CE3C0447B19C, cid=1328, SUCCESS, logIndex=2259, commits[2573df58-4087-4dd0-8598-5abddcc696b9:c2259]
2019-06-13 21:51:36,687 DEBUG block.SCMBlockDeletingService (SCMBlockDeletingService.java:call(138)) - Running DeletedBlockTransactionScanner
2019-06-13 21:51:36,702 DEBUG block.SCMBlockDeletingService (SCMBlockDeletingService.java:call(155)) - Scanned deleted blocks log and got 0 delTX to process.
2019-06-13 21:51:36,704 INFO  storage.RaftLogWorker (RaftLogWorker.java:execute(469)) - 2573df58-4087-4dd0-8598-5abddcc696b9-RaftLogWorker: created new log segment /opt/src/hadoop-ozone/integration-test/target/test-dir/MiniOzoneClusterImpl-8578056e-9b7b-4e66-9e9f-ef53d5cd7c03/datanode-0/data/ratis/7f5c2536-ed89-4233-9ec0-ce3c0447b19c/current/log_inprogress_2260
2019-06-13 21:51:36,706 INFO  client.GrpcClientProtocolClient (GrpcClientProtocolClient.java:onNext(254)) - client-9C97446E6A25->2573df58-4087-4dd0-8598-5abddcc696b9: receive RaftClientReply:client-9C97446E6A25->2573df58-4087-4dd0-8598-5abddcc696b9@group-CE3C0447B19C, cid=1329, SUCCESS, logIndex=2261, commits[2573df58-4087-4dd0-8598-5abddcc696b9:c2261]
2019-06-13 21:51:36,709 INFO  client.GrpcClientProtocolClient (GrpcClientProtocolClient.java:onNext(254)) - client-9C97446E6A25->2573df58-4087-4dd0-8598-5abddcc696b9: receive RaftClientReply:client-9C97446E6A25->2573df58-4087-4dd0-8598-5abddcc696b9@group-CE3C0447B19C, cid=1330, SUCCESS, logIndex=2263, commits[2573df58-4087-4dd0-8598-5abddcc696b9:c2263]
2019-06-13 21:51:36,709 INFO  client.GrpcClientProtocolClient (GrpcClientProtocolClient.java:onNext(254)) - client-9C97446E6A25->2573df58-4087-4dd0-8598-5abddcc696b9: receive RaftClientReply:client-9C97446E6A25->2573df58-4087-4dd0-8598-5abddcc696b9@group-CE3C0447B19C, cid=1331, SUCCESS, logIndex=2264, commits[2573df58-4087-4dd0-8598-5abddcc696b9:c2265]
2019-06-13 21:51:36,710 INFO  client.GrpcClientProtocolClient (GrpcClientProtocolClient.java:onNext(254)) - client-9C97446E6A25->2573df58-4087-4dd0-8598-5abddcc696b9: receive RaftClientReply:client-9C97446E6A25->2573df58-4087-4dd0-8598-5abddcc696b9@group-CE3C0447B19C, cid=1332, SUCCESS, logIndex=2265, commits[2573df58-4087-4dd0-8598-5abddcc696b9:c2266]
2019-06-13 21:51:36,717 INFO  client.GrpcClientProtocolClient (GrpcClientProtocolClient.java:onNext(254)) - client-9C97446E6A25->2573df58-4087-4dd0-8598-5abddcc696b9: receive RaftClientReply:client-9C97446E6A25->2573df58-4087-4dd0-8598-5abddcc696b9@group-CE3C0447B19C, cid=1333, SUCCESS, logIndex=2268, commits[2573df58-4087-4dd0-8598-5abddcc696b9:c2268]
2019-06-13 21:51:36,719 INFO  client.GrpcClientProtocolClient (GrpcClientProtocolClient.java:onNext(254)) - client-9C97446E6A25->2573df58-4087-4dd0-8598-5abddcc696b9: receive RaftClientReply:client-9C97446E6A25->2573df58-4087-4dd0-8598-5abddcc696b9@group-CE3C0447B19C, cid=1334, SUCCESS, logIndex=2270, commits[2573df58-4087-4dd0-8598-5abddcc696b9:c2270]
2019-06-13 21:51:36,720 INFO  client.GrpcClientProtocolClient (GrpcClientProtocolClient.java:onNext(254)) - client-9C97446E6A25->2573df58-4087-4dd0-8598-5abddcc696b9: receive RaftClientReply:client-9C97446E6A25->2573df58-4087-4dd0-8598-5abddcc696b9@group-CE3C0447B19C, cid=1335, SUCCESS, logIndex=2271, commits[2573df58-4087-4dd0-8598-5abddcc696b9:c2273]
2019-06-13 21:51:36,720 INFO  client.GrpcClientProtocolClient (GrpcClientProtocolClient.java:onNext(254)) - client-9C97446E6A25->2573df58-4087-4dd0-8598-5abddcc696b9: receive RaftClientReply:client-9C97446E6A25->2573df58-4087-4dd0-8598-5abddcc696b9@group-CE3C0447B19C, cid=1336, SUCCESS, logIndex=2272, commits[2573df58-4087-4dd0-8598-5abddcc696b9:c2273]
2019-06-13 21:51:36,730 INFO  client.GrpcClientProtocolClient (GrpcClientProtocolClient.java:onNext(254)) - client-9C97446E6A25->2573df58-4087-4dd0-8598-5abddcc696b9: receive RaftClientReply:client-9C97446E6A25->2573df58-4087-4dd0-8598-5abddcc696b9@group-CE3C0447B19C, cid=1337, SUCCESS, logIndex=2274, commits[2573df58-4087-4dd0-8598-5abddcc696b9:c2274]
2019-06-13 21:51:36,731 INFO  client.GrpcClientProtocolClient (GrpcClientProtocolClient.java:onNext(254)) - client-9C97446E6A25->2573df58-4087-4dd0-8598-5abddcc696b9: receive RaftClientReply:client-9C97446E6A25->2573df58-4087-4dd0-8598-5abddcc696b9@group-CE3C0447B19C, cid=1338, SUCCESS, logIndex=2276, commits[2573df58-4087-4dd0-8598-5abddcc696b9:c2276]
2019-06-13 21:51:36,733 INFO  client.GrpcClientProtocolClient (GrpcClientProtocolClient.java:onNext(254)) - client-9C97446E6A25->2573df58-4087-4dd0-8598-5abddcc696b9: receive RaftClientReply:client-9C97446E6A25->2573df58-4087-4dd0-8598-5abddcc696b9@group-CE3C0447B19C, cid=1339, SUCCESS, logIndex=2277, commits[2573df58-4087-4dd0-8598-5abddcc696b9:c2279]
2019-06-13 21:51:36,735 INFO  client.GrpcClientProtocolClient (GrpcClientProtocolClient.java:onNext(254)) - client-9C97446E6A25->2573df58-4087-4dd0-8598-5abddcc696b9: receive RaftClientReply:client-9C97446E6A25->2573df58-4087-4dd0-8598-5abddcc696b9@group-CE3C0447B19C, cid=1340, SUCCESS, logIndex=2279, commits[2573df58-4087-4dd0-8598-5abddcc696b9:c2279]
2019-06-13 21:51:36,741 INFO  client.GrpcClientProtocolClient (GrpcClientProtocolClient.java:onNext(254)) - client-9C97446E6A25->2573df58-4087-4dd0-8598-5abddcc696b9: receive RaftClientReply:client-9C97446E6A25->2573df58-4087-4dd0-8598-5abddcc696b9@group-CE3C0447B19C, cid=1341, SUCCESS, logIndex=2281, commits[2573df58-4087-4dd0-8598-5abddcc696b9:c2281]
2019-06-13 21:51:36,743 INFO  client.GrpcClientProtocolClient (GrpcClientProtocolClient.java:onNext(254)) - client-9C97446E6A25->2573df58-4087-4dd0-8598-5abddcc696b9: receive RaftClientReply:client-9C97446E6A25->2573df58-4087-4dd0-8598-5abddcc696b9@group-CE3C0447B19C, cid=1342, SUCCESS, logIndex=2283, commits[2573df58-4087-4dd0-8598-5abddcc696b9:c2283]
2019-06-13 21:51:36,744 INFO  client.GrpcClientProtocolClient (GrpcClientProtocolClient.java:onNext(254)) - client-9C97446E6A25->2573df58-4087-4dd0-8598-5abddcc696b9: receive RaftClientReply:client-9C97446E6A25->2573df58-4087-4dd0-8598-5abddcc696b9@group-CE3C0447B19C, cid=1343, SUCCESS, logIndex=2284, commits[2573df58-4087-4dd0-8598-5abddcc696b9:c2286]
2019-06-13 21:51:36,744 INFO  client.GrpcClientProtocolClient (GrpcClientProtocolClient.java:onNext(254)) - client-9C97446E6A25->2573df58-4087-4dd0-8598-5abddcc696b9: receive RaftClientReply:client-9C97446E6A25->2573df58-4087-4dd0-8598-5abddcc696b9@group-CE3C0447B19C, cid=1344, SUCCESS, logIndex=2286, commits[2573df58-4087-4dd0-8598-5abddcc696b9:c2286]
2019-06-13 21:51:36,794 INFO  client.GrpcClientProtocolClient (GrpcClientProtocolClient.java:onNext(254)) - client-9C97446E6A25->2573df58-4087-4dd0-8598-5abddcc696b9: receive RaftClientReply:client-9C97446E6A25->2573df58-4087-4dd0-8598-5abddcc696b9@group-CE3C0447B19C, cid=1345, SUCCESS, logIndex=2288, commits[2573df58-4087-4dd0-8598-5abddcc696b9:c2288]
2019-06-13 21:51:36,796 INFO  client.GrpcClientProtocolClient (GrpcClientProtocolClient.java:onNext(254)) - client-9C97446E6A25->2573df58-4087-4dd0-8598-5abddcc696b9: receive RaftClientReply:client-9C97446E6A25->2573df58-4087-4dd0-8598-5abddcc696b9@group-CE3C0447B19C, cid=1346, SUCCESS, logIndex=2290, commits[2573df58-4087-4dd0-8598-5abddcc696b9:c2290]
2019-06-13 21:51:36,797 INFO  client.GrpcClientProtocolClient (GrpcClientProtocolClient.java:onNext(254)) - client-9C97446E6A25->2573df58-4087-4dd0-8598-5abddcc696b9: receive RaftClientReply:client-9C97446E6A25->2573df58-4087-4dd0-8598-5abddcc696b9@group-CE3C0447B19C, cid=1347, SUCCESS, logIndex=2291, commits[2573df58-4087-4dd0-8598-5abddcc696b9:c2293]
2019-06-13 21:51:36,797 INFO  client.GrpcClientProtocolClient (GrpcClientProtocolClient.java:onNext(254)) - client-9C97446E6A25->2573df58-4087-4dd0-8598-5abddcc696b9: receive RaftClientReply:client-9C97446E6A25->2573df58-4087-4dd0-8598-5abddcc696b9@group-CE3C0447B19C, cid=1348, SUCCESS, logIndex=2293, commits[2573df58-4087-4dd0-8598-5abddcc696b9:c2293]
2019-06-13 21:51:36,803 DEBUG block.SCMBlockDeletingService (SCMBlockDeletingService.java:call(138)) - Running DeletedBlockTransactionScanner
2019-06-13 21:51:36,803 DEBUG block.SCMBlockDeletingService (SCMBlockDeletingService.java:call(155)) - Scanned deleted blocks log and got 0 delTX to process.
2019-06-13 21:51:36,804 INFO  client.GrpcClientProtocolClient (GrpcClientProtocolClient.java:onNext(254)) - client-9C97446E6A25->2573df58-4087-4dd0-8598-5abddcc696b9: receive RaftClientReply:client-9C97446E6A25->2573df58-4087-4dd0-8598-5abddcc696b9@group-CE3C0447B19C, cid=1349, SUCCESS, logIndex=2295, commits[2573df58-4087-4dd0-8598-5abddcc696b9:c2295]
2019-06-13 21:51:36,805 INFO  client.GrpcClientProtocolClient (GrpcClientProtocolClient.java:onNext(254)) - client-9C97446E6A25->2573df58-4087-4dd0-8598-5abddcc696b9: receive RaftClientReply:client-9C97446E6A25->2573df58-4087-4dd0-8598-5abddcc696b9@group-CE3C0447B19C, cid=1350, SUCCESS, logIndex=2297, commits[2573df58-4087-4dd0-8598-5abddcc696b9:c2298]
2019-06-13 21:51:36,808 INFO  client.GrpcClientProtocolClient (GrpcClientProtocolClient.java:onNext(254)) - client-9C97446E6A25->2573df58-4087-4dd0-8598-5abddcc696b9: receive RaftClientReply:client-9C97446E6A25->2573df58-4087-4dd0-8598-5abddcc696b9@group-CE3C0447B19C, cid=1351, SUCCESS, logIndex=2299, commits[2573df58-4087-4dd0-8598-5abddcc696b9:c2300]
2019-06-13 21:51:36,808 INFO  client.GrpcClientProtocolClient (GrpcClientProtocolClient.java:onNext(254)) - client-9C97446E6A25->2573df58-4087-4dd0-8598-5abddcc696b9: receive RaftClientReply:client-9C97446E6A25->2573df58-4087-4dd0-8598-5abddcc696b9@group-CE3C0447B19C, cid=1352, SUCCESS, logIndex=2300, commits[2573df58-4087-4dd0-8598-5abddcc696b9:c2300]
2019-06-13 21:51:36,817 INFO  client.GrpcClientProtocolClient (GrpcClientProtocolClient.java:onNext(254)) - client-9C97446E6A25->2573df58-4087-4dd0-8598-5abddcc696b9: receive RaftClientReply:client-9C97446E6A25->2573df58-4087-4dd0-8598-5abddcc696b9@group-CE3C0447B19C, cid=1353, SUCCESS, logIndex=2302, commits[2573df58-4087-4dd0-8598-5abddcc696b9:c2302]
2019-06-13 21:51:36,820 INFO  client.GrpcClientProtocolClient (GrpcClientProtocolClient.java:onNext(254)) - client-9C97446E6A25->2573df58-4087-4dd0-8598-5abddcc696b9: receive RaftClientReply:client-9C97446E6A25->2573df58-4087-4dd0-8598-5abddcc696b9@group-CE3C0447B19C, cid=1354, SUCCESS, logIndex=2304, commits[2573df58-4087-4dd0-8598-5abddcc696b9:c2304]
2019-06-13 21:51:36,820 INFO  client.GrpcClientProtocolClient (GrpcClientProtocolClient.java:onNext(254)) - client-9C97446E6A25->2573df58-4087-4dd0-8598-5abddcc696b9: receive RaftClientReply:client-9C97446E6A25->2573df58-4087-4dd0-8598-5abddcc696b9@group-CE3C0447B19C, cid=1355, SUCCESS, logIndex=2305, commits[2573df58-4087-4dd0-8598-5abddcc696b9:c2306]
2019-06-13 21:51:36,820 INFO  client.GrpcClientProtocolClient (GrpcClientProtocolClient.java:onNext(254)) - client-9C97446E6A25->2573df58-4087-4dd0-8598-5abddcc696b9: receive RaftClientReply:client-9C97446E6A25->2573df58-4087-4dd0-8598-5abddcc696b9@group-CE3C0447B19C, cid=1356, SUCCESS, logIndex=2306, commits[2573df58-4087-4dd0-8598-5abddcc696b9:c2307]
2019-06-13 21:51:36,826 INFO  client.GrpcClientProtocolClient (GrpcClientProtocolClient.java:onNext(254)) - client-9C97446E6A25->2573df58-4087-4dd0-8598-5abddcc696b9: receive RaftClientReply:client-9C97446E6A25->2573df58-4087-4dd0-8598-5abddcc696b9@group-CE3C0447B19C, cid=1357, SUCCESS, logIndex=2309, commits[2573df58-4087-4dd0-8598-5abddcc696b9:c2309]
2019-06-13 21:51:36,827 INFO  client.GrpcClientProtocolClient (GrpcClientProtocolClient.java:onNext(254)) - client-9C97446E6A25->2573df58-4087-4dd0-8598-5abddcc696b9: receive RaftClientReply:client-9C97446E6A25->2573df58-4087-4dd0-8598-5abddcc696b9@group-CE3C0447B19C, cid=1358, SUCCESS, logIndex=2311, commits[2573df58-4087-4dd0-8598-5abddcc696b9:c2311]
2019-06-13 21:51:36,829 INFO  client.GrpcClientProtocolClient (GrpcClientProtocolClient.java:onNext(254)) - client-9C97446E6A25->2573df58-4087-4dd0-8598-5abddcc696b9: receive RaftClientReply:client-9C97446E6A25->2573df58-4087-4dd0-8598-5abddcc696b9@group-CE3C0447B19C, cid=1359, SUCCESS, logIndex=2312, commits[2573df58-4087-4dd0-8598-5abddcc696b9:c2314]
2019-06-13 21:51:36,829 INFO  client.GrpcClientProtocolClient (GrpcClientProtocolClient.java:onNext(254)) - client-9C97446E6A25->2573df58-4087-4dd0-8598-5abddcc696b9: receive RaftClientReply:client-9C97446E6A25->2573df58-4087-4dd0-8598-5abddcc696b9@group-CE3C0447B19C, cid=1360, SUCCESS, logIndex=2313, commits[2573df58-4087-4dd0-8598-5abddcc696b9:c2314]
2019-06-13 21:51:36,839 INFO  client.GrpcClientProtocolClient (GrpcClientProtocolClient.java:onNext(254)) - client-9C97446E6A25->2573df58-4087-4dd0-8598-5abddcc696b9: receive RaftClientReply:client-9C97446E6A25->2573df58-4087-4dd0-8598-5abddcc696b9@group-CE3C0447B19C, cid=1361, SUCCESS, logIndex=2315, commits[2573df58-4087-4dd0-8598-5abddcc696b9:c2315]
2019-06-13 21:51:36,840 INFO  client.GrpcClientProtocolClient (GrpcClientProtocolClient.java:onNext(254)) - client-9C97446E6A25->2573df58-4087-4dd0-8598-5abddcc696b9: receive RaftClientReply:client-9C97446E6A25->2573df58-4087-4dd0-8598-5abddcc696b9@group-CE3C0447B19C, cid=1362, SUCCESS, logIndex=2317, commits[2573df58-4087-4dd0-8598-5abddcc696b9:c2317]
2019-06-13 21:51:36,843 INFO  client.GrpcClientProtocolClient (GrpcClientProtocolClient.java:onNext(254)) - client-9C97446E6A25->2573df58-4087-4dd0-8598-5abddcc696b9: receive RaftClientReply:client-9C97446E6A25->2573df58-4087-4dd0-8598-5abddcc696b9@group-CE3C0447B19C, cid=1363, SUCCESS, logIndex=2319, commits[2573df58-4087-4dd0-8598-5abddcc696b9:c2320]
2019-06-13 21:51:36,843 INFO  client.GrpcClientProtocolClient (GrpcClientProtocolClient.java:onNext(254)) - client-9C97446E6A25->2573df58-4087-4dd0-8598-5abddcc696b9: receive RaftClientReply:client-9C97446E6A25->2573df58-4087-4dd0-8598-5abddcc696b9@group-CE3C0447B19C, cid=1364, SUCCESS, logIndex=2320, commits[2573df58-4087-4dd0-8598-5abddcc696b9:c2320]
2019-06-13 21:51:36,848 INFO  client.GrpcClientProtocolClient (GrpcClientProtocolClient.java:onNext(254)) - client-9C97446E6A25->2573df58-4087-4dd0-8598-5abddcc696b9: receive RaftClientReply:client-9C97446E6A25->2573df58-4087-4dd0-8598-5abddcc696b9@group-CE3C0447B19C, cid=1365, SUCCESS, logIndex=2322, commits[2573df58-4087-4dd0-8598-5abddcc696b9:c2322]
2019-06-13 21:51:36,850 INFO  client.GrpcClientProtocolClient (GrpcClientProtocolClient.java:onNext(254)) - client-9C97446E6A25->2573df58-4087-4dd0-8598-5abddcc696b9: receive RaftClientReply:client-9C97446E6A25->2573df58-4087-4dd0-8598-5abddcc696b9@group-CE3C0447B19C, cid=1366, SUCCESS, logIndex=2324, commits[2573df58-4087-4dd0-8598-5abddcc696b9:c2324]
2019-06-13 21:51:36,851 INFO  client.GrpcClientProtocolClient (GrpcClientProtocolClient.java:onNext(254)) - client-9C97446E6A25->2573df58-4087-4dd0-8598-5abddcc696b9: receive RaftClientReply:client-9C97446E6A25->2573df58-4087-4dd0-8598-5abddcc696b9@group-CE3C0447B19C, cid=1367, SUCCESS, logIndex=2325, commits[2573df58-4087-4dd0-8598-5abddcc696b9:c2326]
2019-06-13 21:51:36,851 INFO  client.GrpcClientProtocolClient (GrpcClientProtocolClient.java:onNext(254)) - client-9C97446E6A25->2573df58-4087-4dd0-8598-5abddcc696b9: receive RaftClientReply:client-9C97446E6A25->2573df58-4087-4dd0-8598-5abddcc696b9@group-CE3C0447B19C, cid=1368, SUCCESS, logIndex=2326, commits[2573df58-4087-4dd0-8598-5abddcc696b9:c2327]
2019-06-13 21:51:36,861 INFO  client.GrpcClientProtocolClient (GrpcClientProtocolClient.java:onNext(254)) - client-9C97446E6A25->2573df58-4087-4dd0-8598-5abddcc696b9: receive RaftClientReply:client-9C97446E6A25->2573df58-4087-4dd0-8598-5abddcc696b9@group-CE3C0447B19C, cid=1369, SUCCESS, logIndex=2329, commits[2573df58-4087-4dd0-8598-5abddcc696b9:c2329]
2019-06-13 21:51:36,863 INFO  client.GrpcClientProtocolClient (GrpcClientProtocolClient.java:onNext(254)) - client-9C97446E6A25->2573df58-4087-4dd0-8598-5abddcc696b9: receive RaftClientReply:client-9C97446E6A25->2573df58-4087-4dd0-8598-5abddcc696b9@group-CE3C0447B19C, cid=1370, SUCCESS, logIndex=2331, commits[2573df58-4087-4dd0-8598-5abddcc696b9:c2331]
2019-06-13 21:51:36,903 DEBUG block.SCMBlockDeletingService (SCMBlockDeletingService.java:call(138)) - Running DeletedBlockTransactionScanner
2019-06-13 21:51:36,903 DEBUG block.SCMBlockDeletingService (SCMBlockDeletingService.java:call(155)) - Scanned deleted blocks log and got 0 delTX to process.
2019-06-13 21:51:36,956 INFO  client.GrpcClientProtocolClient (GrpcClientProtocolClient.java:onNext(254)) - client-9C97446E6A25->2573df58-4087-4dd0-8598-5abddcc696b9: receive RaftClientReply:client-9C97446E6A25->2573df58-4087-4dd0-8598-5abddcc696b9@group-CE3C0447B19C, cid=1371, SUCCESS, logIndex=2333, commits[2573df58-4087-4dd0-8598-5abddcc696b9:c2333]
2019-06-13 21:51:36,957 INFO  client.GrpcClientProtocolClient (GrpcClientProtocolClient.java:onNext(254)) - client-9C97446E6A25->2573df58-4087-4dd0-8598-5abddcc696b9: receive RaftClientReply:client-9C97446E6A25->2573df58-4087-4dd0-8598-5abddcc696b9@group-CE3C0447B19C, cid=1372, SUCCESS, logIndex=2335, commits[2573df58-4087-4dd0-8598-5abddcc696b9:c2335]
2019-06-13 21:51:36,960 INFO  storage.RaftLogWorker (RaftLogWorker.java:rollLogSegment(303)) - 2573df58-4087-4dd0-8598-5abddcc696b9-RaftLogWorker: Rolling segment log-2260_2336 to index:2336
2019-06-13 21:51:36,961 INFO  storage.RaftLogWorker (RaftLogWorker.java:execute(433)) - 2573df58-4087-4dd0-8598-5abddcc696b9-RaftLogWorker: Rolled log segment from /opt/src/hadoop-ozone/integration-test/target/test-dir/MiniOzoneClusterImpl-8578056e-9b7b-4e66-9e9f-ef53d5cd7c03/datanode-0/data/ratis/7f5c2536-ed89-4233-9ec0-ce3c0447b19c/current/log_inprogress_2260 to /opt/src/hadoop-ozone/integration-test/target/test-dir/MiniOzoneClusterImpl-8578056e-9b7b-4e66-9e9f-ef53d5cd7c03/datanode-0/data/ratis/7f5c2536-ed89-4233-9ec0-ce3c0447b19c/current/log_2260-2336
2019-06-13 21:51:36,997 INFO  storage.RaftLogWorker (RaftLogWorker.java:execute(469)) - 2573df58-4087-4dd0-8598-5abddcc696b9-RaftLogWorker: created new log segment /opt/src/hadoop-ozone/integration-test/target/test-dir/MiniOzoneClusterImpl-8578056e-9b7b-4e66-9e9f-ef53d5cd7c03/datanode-0/data/ratis/7f5c2536-ed89-4233-9ec0-ce3c0447b19c/current/log_inprogress_2337
2019-06-13 21:51:36,999 INFO  client.GrpcClientProtocolClient (GrpcClientProtocolClient.java:onNext(254)) - client-9C97446E6A25->2573df58-4087-4dd0-8598-5abddcc696b9: receive RaftClientReply:client-9C97446E6A25->2573df58-4087-4dd0-8598-5abddcc696b9@group-CE3C0447B19C, cid=1373, SUCCESS, logIndex=2337, commits[2573df58-4087-4dd0-8598-5abddcc696b9:c2337]
2019-06-13 21:51:37,002 INFO  client.GrpcClientProtocolClient (GrpcClientProtocolClient.java:onNext(254)) - client-9C97446E6A25->2573df58-4087-4dd0-8598-5abddcc696b9: receive RaftClientReply:client-9C97446E6A25->2573df58-4087-4dd0-8598-5abddcc696b9@group-CE3C0447B19C, cid=1374, SUCCESS, logIndex=2339, commits[2573df58-4087-4dd0-8598-5abddcc696b9:c2339]
2019-06-13 21:51:37,003 INFO  client.GrpcClientProtocolClient (GrpcClientProtocolClient.java:onNext(254)) - client-9C97446E6A25->2573df58-4087-4dd0-8598-5abddcc696b9: receive RaftClientReply:client-9C97446E6A25->2573df58-4087-4dd0-8598-5abddcc696b9@group-CE3C0447B19C, cid=1375, SUCCESS, logIndex=2341, commits[2573df58-4087-4dd0-8598-5abddcc696b9:c2342]
2019-06-13 21:51:37,003 INFO  client.GrpcClientProtocolClient (GrpcClientProtocolClient.java:onNext(254)) - client-9C97446E6A25->2573df58-4087-4dd0-8598-5abddcc696b9: receive RaftClientReply:client-9C97446E6A25->2573df58-4087-4dd0-8598-5abddcc696b9@group-CE3C0447B19C, cid=1376, SUCCESS, logIndex=2342, commits[2573df58-4087-4dd0-8598-5abddcc696b9:c2342]
2019-06-13 21:51:37,003 DEBUG block.SCMBlockDeletingService (SCMBlockDeletingService.java:call(138)) - Running DeletedBlockTransactionScanner
2019-06-13 21:51:37,004 DEBUG block.SCMBlockDeletingService (SCMBlockDeletingService.java:call(155)) - Scanned deleted blocks log and got 0 delTX to process.
2019-06-13 21:51:37,013 INFO  client.GrpcClientProtocolClient (GrpcClientProtocolClient.java:onNext(254)) - client-9C97446E6A25->2573df58-4087-4dd0-8598-5abddcc696b9: receive RaftClientReply:client-9C97446E6A25->2573df58-4087-4dd0-8598-5abddcc696b9@group-CE3C0447B19C, cid=1377, SUCCESS, logIndex=2344, commits[2573df58-4087-4dd0-8598-5abddcc696b9:c2344]
2019-06-13 21:51:37,014 INFO  client.GrpcClientProtocolClient (GrpcClientProtocolClient.java:onNext(254)) - client-9C97446E6A25->2573df58-4087-4dd0-8598-5abddcc696b9: receive RaftClientReply:client-9C97446E6A25->2573df58-4087-4dd0-8598-5abddcc696b9@group-CE3C0447B19C, cid=1378, SUCCESS, logIndex=2346, commits[2573df58-4087-4dd0-8598-5abddcc696b9:c2346]
2019-06-13 21:51:37,015 INFO  client.GrpcClientProtocolClient (GrpcClientProtocolClient.java:onNext(254)) - client-9C97446E6A25->2573df58-4087-4dd0-8598-5abddcc696b9: receive RaftClientReply:client-9C97446E6A25->2573df58-4087-4dd0-8598-5abddcc696b9@group-CE3C0447B19C, cid=1379, SUCCESS, logIndex=2347, commits[2573df58-4087-4dd0-8598-5abddcc696b9:c2349]
2019-06-13 21:51:37,016 INFO  client.GrpcClientProtocolClient (GrpcClientProtocolClient.java:onNext(254)) - client-9C97446E6A25->2573df58-4087-4dd0-8598-5abddcc696b9: receive RaftClientReply:client-9C97446E6A25->2573df58-4087-4dd0-8598-5abddcc696b9@group-CE3C0447B19C, cid=1380, SUCCESS, logIndex=2348, commits[2573df58-4087-4dd0-8598-5abddcc696b9:c2349]
2019-06-13 21:51:37,021 INFO  client.GrpcClientProtocolClient (GrpcClientProtocolClient.java:onNext(254)) - client-9C97446E6A25->2573df58-4087-4dd0-8598-5abddcc696b9: receive RaftClientReply:client-9C97446E6A25->2573df58-4087-4dd0-8598-5abddcc696b9@group-CE3C0447B19C, cid=1381, SUCCESS, logIndex=2350, commits[2573df58-4087-4dd0-8598-5abddcc696b9:c2350]
2019-06-13 21:51:37,023 INFO  client.GrpcClientProtocolClient (GrpcClientProtocolClient.java:onNext(254)) - client-9C97446E6A25->2573df58-4087-4dd0-8598-5abddcc696b9: receive RaftClientReply:client-9C97446E6A25->2573df58-4087-4dd0-8598-5abddcc696b9@group-CE3C0447B19C, cid=1382, SUCCESS, logIndex=2352, commits[2573df58-4087-4dd0-8598-5abddcc696b9:c2352]
2019-06-13 21:51:37,024 INFO  client.GrpcClientProtocolClient (GrpcClientProtocolClient.java:onNext(254)) - client-9C97446E6A25->2573df58-4087-4dd0-8598-5abddcc696b9: receive RaftClientReply:client-9C97446E6A25->2573df58-4087-4dd0-8598-5abddcc696b9@group-CE3C0447B19C, cid=1383, SUCCESS, logIndex=2353, commits[2573df58-4087-4dd0-8598-5abddcc696b9:c2355]
2019-06-13 21:51:37,024 INFO  client.GrpcClientProtocolClient (GrpcClientProtocolClient.java:onNext(254)) - client-9C97446E6A25->2573df58-4087-4dd0-8598-5abddcc696b9: receive RaftClientReply:client-9C97446E6A25->2573df58-4087-4dd0-8598-5abddcc696b9@group-CE3C0447B19C, cid=1384, SUCCESS, logIndex=2354, commits[2573df58-4087-4dd0-8598-5abddcc696b9:c2355]
2019-06-13 21:51:37,033 INFO  client.GrpcClientProtocolClient (GrpcClientProtocolClient.java:onNext(254)) - client-9C97446E6A25->2573df58-4087-4dd0-8598-5abddcc696b9: receive RaftClientReply:client-9C97446E6A25->2573df58-4087-4dd0-8598-5abddcc696b9@group-CE3C0447B19C, cid=1385, SUCCESS, logIndex=2356, commits[2573df58-4087-4dd0-8598-5abddcc696b9:c2356]
2019-06-13 21:51:37,035 INFO  client.GrpcClientProtocolClient (GrpcClientProtocolClient.java:onNext(254)) - client-9C97446E6A25->2573df58-4087-4dd0-8598-5abddcc696b9: receive RaftClientReply:client-9C97446E6A25->2573df58-4087-4dd0-8598-5abddcc696b9@group-CE3C0447B19C, cid=1386, SUCCESS, logIndex=2358, commits[2573df58-4087-4dd0-8598-5abddcc696b9:c2358]
2019-06-13 21:51:37,039 INFO  client.GrpcClientProtocolClient (GrpcClientProtocolClient.java:onNext(254)) - client-9C97446E6A25->2573df58-4087-4dd0-8598-5abddcc696b9: receive RaftClientReply:client-9C97446E6A25->2573df58-4087-4dd0-8598-5abddcc696b9@group-CE3C0447B19C, cid=1387, SUCCESS, logIndex=2359, commits[2573df58-4087-4dd0-8598-5abddcc696b9:c2360]
2019-06-13 21:51:37,039 INFO  client.GrpcClientProtocolClient (GrpcClientProtocolClient.java:onNext(254)) - client-9C97446E6A25->2573df58-4087-4dd0-8598-5abddcc696b9: receive RaftClientReply:client-9C97446E6A25->2573df58-4087-4dd0-8598-5abddcc696b9@group-CE3C0447B19C, cid=1388, SUCCESS, logIndex=2360, commits[2573df58-4087-4dd0-8598-5abddcc696b9:c2360]
2019-06-13 21:51:37,045 INFO  client.GrpcClientProtocolClient (GrpcClientProtocolClient.java:onNext(254)) - client-9C97446E6A25->2573df58-4087-4dd0-8598-5abddcc696b9: receive RaftClientReply:client-9C97446E6A25->2573df58-4087-4dd0-8598-5abddcc696b9@group-CE3C0447B19C, cid=1389, SUCCESS, logIndex=2363, commits[2573df58-4087-4dd0-8598-5abddcc696b9:c2363]
2019-06-13 21:51:37,046 INFO  client.GrpcClientProtocolClient (GrpcClientProtocolClient.java:onNext(254)) - client-9C97446E6A25->2573df58-4087-4dd0-8598-5abddcc696b9: receive RaftClientReply:client-9C97446E6A25->2573df58-4087-4dd0-8598-5abddcc696b9@group-CE3C0447B19C, cid=1390, SUCCESS, logIndex=2365, commits[2573df58-4087-4dd0-8598-5abddcc696b9:c2365]
2019-06-13 21:51:37,048 INFO  client.GrpcClientProtocolClient (GrpcClientProtocolClient.java:onNext(254)) - client-9C97446E6A25->2573df58-4087-4dd0-8598-5abddcc696b9: receive RaftClientReply:client-9C97446E6A25->2573df58-4087-4dd0-8598-5abddcc696b9@group-CE3C0447B19C, cid=1391, SUCCESS, logIndex=2366, commits[2573df58-4087-4dd0-8598-5abddcc696b9:c2367]
2019-06-13 21:51:37,051 INFO  client.GrpcClientProtocolClient (GrpcClientProtocolClient.java:onNext(254)) - client-9C97446E6A25->2573df58-4087-4dd0-8598-5abddcc696b9: receive RaftClientReply:client-9C97446E6A25->2573df58-4087-4dd0-8598-5abddcc696b9@group-CE3C0447B19C, cid=1392, SUCCESS, logIndex=2368, commits[2573df58-4087-4dd0-8598-5abddcc696b9:c2368]
2019-06-13 21:51:37,060 INFO  client.GrpcClientProtocolClient (GrpcClientProtocolClient.java:onNext(254)) - client-9C97446E6A25->2573df58-4087-4dd0-8598-5abddcc696b9: receive RaftClientReply:client-9C97446E6A25->2573df58-4087-4dd0-8598-5abddcc696b9@group-CE3C0447B19C, cid=1393, SUCCESS, logIndex=2370, commits[2573df58-4087-4dd0-8598-5abddcc696b9:c2370]
2019-06-13 21:51:37,062 INFO  client.GrpcClientProtocolClient (GrpcClientProtocolClient.java:onNext(254)) - client-9C97446E6A25->2573df58-4087-4dd0-8598-5abddcc696b9: receive RaftClientReply:client-9C97446E6A25->2573df58-4087-4dd0-8598-5abddcc696b9@group-CE3C0447B19C, cid=1394, SUCCESS, logIndex=2372, commits[2573df58-4087-4dd0-8598-5abddcc696b9:c2372]
2019-06-13 21:51:37,063 INFO  client.GrpcClientProtocolClient (GrpcClientProtocolClient.java:onNext(254)) - client-9C97446E6A25->2573df58-4087-4dd0-8598-5abddcc696b9: receive RaftClientReply:client-9C97446E6A25->2573df58-4087-4dd0-8598-5abddcc696b9@group-CE3C0447B19C, cid=1395, SUCCESS, logIndex=2373, commits[2573df58-4087-4dd0-8598-5abddcc696b9:c2375]
2019-06-13 21:51:37,063 INFO  client.GrpcClientProtocolClient (GrpcClientProtocolClient.java:onNext(254)) - client-9C97446E6A25->2573df58-4087-4dd0-8598-5abddcc696b9: receive RaftClientReply:client-9C97446E6A25->2573df58-4087-4dd0-8598-5abddcc696b9@group-CE3C0447B19C, cid=1396, SUCCESS, logIndex=2374, commits[2573df58-4087-4dd0-8598-5abddcc696b9:c2375]
2019-06-13 21:51:37,070 INFO  client.GrpcClientProtocolClient (GrpcClientProtocolClient.java:onNext(254)) - client-9C97446E6A25->2573df58-4087-4dd0-8598-5abddcc696b9: receive RaftClientReply:client-9C97446E6A25->2573df58-4087-4dd0-8598-5abddcc696b9@group-CE3C0447B19C, cid=1397, SUCCESS, logIndex=2376, commits[2573df58-4087-4dd0-8598-5abddcc696b9:c2376]
2019-06-13 21:51:37,073 INFO  client.GrpcClientProtocolClient (GrpcClientProtocolClient.java:onNext(254)) - client-9C97446E6A25->2573df58-4087-4dd0-8598-5abddcc696b9: receive RaftClientReply:client-9C97446E6A25->2573df58-4087-4dd0-8598-5abddcc696b9@group-CE3C0447B19C, cid=1398, SUCCESS, logIndex=2378, commits[2573df58-4087-4dd0-8598-5abddcc696b9:c2378]
2019-06-13 21:51:37,073 INFO  client.GrpcClientProtocolClient (GrpcClientProtocolClient.java:onNext(254)) - client-9C97446E6A25->2573df58-4087-4dd0-8598-5abddcc696b9: receive RaftClientReply:client-9C97446E6A25->2573df58-4087-4dd0-8598-5abddcc696b9@group-CE3C0447B19C, cid=1399, SUCCESS, logIndex=2379, commits[2573df58-4087-4dd0-8598-5abddcc696b9:c2379]
2019-06-13 21:51:37,073 INFO  client.GrpcClientProtocolClient (GrpcClientProtocolClient.java:onNext(254)) - client-9C97446E6A25->2573df58-4087-4dd0-8598-5abddcc696b9: receive RaftClientReply:client-9C97446E6A25->2573df58-4087-4dd0-8598-5abddcc696b9@group-CE3C0447B19C, cid=1400, SUCCESS, logIndex=2381, commits[2573df58-4087-4dd0-8598-5abddcc696b9:c2381]
2019-06-13 21:51:37,084 INFO  client.GrpcClientProtocolClient (GrpcClientProtocolClient.java:onNext(254)) - client-9C97446E6A25->2573df58-4087-4dd0-8598-5abddcc696b9: receive RaftClientReply:client-9C97446E6A25->2573df58-4087-4dd0-8598-5abddcc696b9@group-CE3C0447B19C, cid=1401, SUCCESS, logIndex=2384, commits[2573df58-4087-4dd0-8598-5abddcc696b9:c2384]
2019-06-13 21:51:37,086 INFO  client.GrpcClientProtocolClient (GrpcClientProtocolClient.java:onNext(254)) - client-9C97446E6A25->2573df58-4087-4dd0-8598-5abddcc696b9: receive RaftClientReply:client-9C97446E6A25->2573df58-4087-4dd0-8598-5abddcc696b9@group-CE3C0447B19C, cid=1402, SUCCESS, logIndex=2386, commits[2573df58-4087-4dd0-8598-5abddcc696b9:c2386]
2019-06-13 21:51:37,087 INFO  client.GrpcClientProtocolClient (GrpcClientProtocolClient.java:onNext(254)) - client-9C97446E6A25->2573df58-4087-4dd0-8598-5abddcc696b9: receive RaftClientReply:client-9C97446E6A25->2573df58-4087-4dd0-8598-5abddcc696b9@group-CE3C0447B19C, cid=1403, SUCCESS, logIndex=2387, commits[2573df58-4087-4dd0-8598-5abddcc696b9:c2389]
2019-06-13 21:51:37,087 INFO  client.GrpcClientProtocolClient (GrpcClientProtocolClient.java:onNext(254)) - client-9C97446E6A25->2573df58-4087-4dd0-8598-5abddcc696b9: receive RaftClientReply:client-9C97446E6A25->2573df58-4087-4dd0-8598-5abddcc696b9@group-CE3C0447B19C, cid=1404, SUCCESS, logIndex=2389, commits[2573df58-4087-4dd0-8598-5abddcc696b9:c2389]
2019-06-13 21:51:37,099 INFO  client.GrpcClientProtocolClient (GrpcClientProtocolClient.java:onNext(254)) - client-9C97446E6A25->2573df58-4087-4dd0-8598-5abddcc696b9: receive RaftClientReply:client-9C97446E6A25->2573df58-4087-4dd0-8598-5abddcc696b9@group-CE3C0447B19C, cid=1405, SUCCESS, logIndex=2391, commits[2573df58-4087-4dd0-8598-5abddcc696b9:c2391]
2019-06-13 21:51:37,101 INFO  client.GrpcClientProtocolClient (GrpcClientProtocolClient.java:onNext(254)) - client-9C97446E6A25->2573df58-4087-4dd0-8598-5abddcc696b9: receive RaftClientReply:client-9C97446E6A25->2573df58-4087-4dd0-8598-5abddcc696b9@group-CE3C0447B19C, cid=1406, SUCCESS, logIndex=2393, commits[2573df58-4087-4dd0-8598-5abddcc696b9:c2393]
2019-06-13 21:51:37,103 INFO  client.GrpcClientProtocolClient (GrpcClientProtocolClient.java:onNext(254)) - client-9C97446E6A25->2573df58-4087-4dd0-8598-5abddcc696b9: receive RaftClientReply:client-9C97446E6A25->2573df58-4087-4dd0-8598-5abddcc696b9@group-CE3C0447B19C, cid=1407, SUCCESS, logIndex=2394, commits[2573df58-4087-4dd0-8598-5abddcc696b9:c2396]
2019-06-13 21:51:37,103 INFO  client.GrpcClientProtocolClient (GrpcClientProtocolClient.java:onNext(254)) - client-9C97446E6A25->2573df58-4087-4dd0-8598-5abddcc696b9: receive RaftClientReply:client-9C97446E6A25->2573df58-4087-4dd0-8598-5abddcc696b9@group-CE3C0447B19C, cid=1408, SUCCESS, logIndex=2396, commits[2573df58-4087-4dd0-8598-5abddcc696b9:c2397]
2019-06-13 21:51:37,104 DEBUG block.SCMBlockDeletingService (SCMBlockDeletingService.java:call(138)) - Running DeletedBlockTransactionScanner
2019-06-13 21:51:37,104 DEBUG block.SCMBlockDeletingService (SCMBlockDeletingService.java:call(155)) - Scanned deleted blocks log and got 0 delTX to process.
2019-06-13 21:51:37,113 INFO  client.GrpcClientProtocolClient (GrpcClientProtocolClient.java:onNext(254)) - client-9C97446E6A25->2573df58-4087-4dd0-8598-5abddcc696b9: receive RaftClientReply:client-9C97446E6A25->2573df58-4087-4dd0-8598-5abddcc696b9@group-CE3C0447B19C, cid=1409, SUCCESS, logIndex=2398, commits[2573df58-4087-4dd0-8598-5abddcc696b9:c2398]
2019-06-13 21:51:37,116 INFO  client.GrpcClientProtocolClient (GrpcClientProtocolClient.java:onNext(254)) - client-9C97446E6A25->2573df58-4087-4dd0-8598-5abddcc696b9: receive RaftClientReply:client-9C97446E6A25->2573df58-4087-4dd0-8598-5abddcc696b9@group-CE3C0447B19C, cid=1410, SUCCESS, logIndex=2400, commits[2573df58-4087-4dd0-8598-5abddcc696b9:c2400]
2019-06-13 21:51:37,119 INFO  client.GrpcClientProtocolClient (GrpcClientProtocolClient.java:onNext(254)) - client-9C97446E6A25->2573df58-4087-4dd0-8598-5abddcc696b9: receive RaftClientReply:client-9C97446E6A25->2573df58-4087-4dd0-8598-5abddcc696b9@group-CE3C0447B19C, cid=1411, SUCCESS, logIndex=2401, commits[2573df58-4087-4dd0-8598-5abddcc696b9:c2402]
2019-06-13 21:51:37,119 INFO  client.GrpcClientProtocolClient (GrpcClientProtocolClient.java:onNext(254)) - client-9C97446E6A25->2573df58-4087-4dd0-8598-5abddcc696b9: receive RaftClientReply:client-9C97446E6A25->2573df58-4087-4dd0-8598-5abddcc696b9@group-CE3C0447B19C, cid=1412, SUCCESS, logIndex=2402, commits[2573df58-4087-4dd0-8598-5abddcc696b9:c2402]
2019-06-13 21:51:37,126 INFO  client.GrpcClientProtocolClient (GrpcClientProtocolClient.java:onNext(254)) - client-9C97446E6A25->2573df58-4087-4dd0-8598-5abddcc696b9: receive RaftClientReply:client-9C97446E6A25->2573df58-4087-4dd0-8598-5abddcc696b9@group-CE3C0447B19C, cid=1413, SUCCESS, logIndex=2405, commits[2573df58-4087-4dd0-8598-5abddcc696b9:c2405]
2019-06-13 21:51:37,127 INFO  client.GrpcClientProtocolClient (GrpcClientProtocolClient.java:onNext(254)) - client-9C97446E6A25->2573df58-4087-4dd0-8598-5abddcc696b9: receive RaftClientReply:client-9C97446E6A25->2573df58-4087-4dd0-8598-5abddcc696b9@group-CE3C0447B19C, cid=1414, SUCCESS, logIndex=2407, commits[2573df58-4087-4dd0-8598-5abddcc696b9:c2407]
2019-06-13 21:51:37,196 INFO  storage.RaftLogWorker (RaftLogWorker.java:rollLogSegment(303)) - 2573df58-4087-4dd0-8598-5abddcc696b9-RaftLogWorker: Rolling segment log-2337_2410 to index:2410
2019-06-13 21:51:37,196 INFO  client.GrpcClientProtocolClient (GrpcClientProtocolClient.java:onNext(254)) - client-9C97446E6A25->2573df58-4087-4dd0-8598-5abddcc696b9: receive RaftClientReply:client-9C97446E6A25->2573df58-4087-4dd0-8598-5abddcc696b9@group-CE3C0447B19C, cid=1415, SUCCESS, logIndex=2409, commits[2573df58-4087-4dd0-8598-5abddcc696b9:c2409]
2019-06-13 21:51:37,196 INFO  storage.RaftLogWorker (RaftLogWorker.java:execute(433)) - 2573df58-4087-4dd0-8598-5abddcc696b9-RaftLogWorker: Rolled log segment from /opt/src/hadoop-ozone/integration-test/target/test-dir/MiniOzoneClusterImpl-8578056e-9b7b-4e66-9e9f-ef53d5cd7c03/datanode-0/data/ratis/7f5c2536-ed89-4233-9ec0-ce3c0447b19c/current/log_inprogress_2337 to /opt/src/hadoop-ozone/integration-test/target/test-dir/MiniOzoneClusterImpl-8578056e-9b7b-4e66-9e9f-ef53d5cd7c03/datanode-0/data/ratis/7f5c2536-ed89-4233-9ec0-ce3c0447b19c/current/log_2337-2410
2019-06-13 21:51:37,204 DEBUG block.SCMBlockDeletingService (SCMBlockDeletingService.java:call(138)) - Running DeletedBlockTransactionScanner
2019-06-13 21:51:37,204 DEBUG block.SCMBlockDeletingService (SCMBlockDeletingService.java:call(155)) - Scanned deleted blocks log and got 0 delTX to process.
2019-06-13 21:51:37,232 INFO  storage.RaftLogWorker (RaftLogWorker.java:execute(469)) - 2573df58-4087-4dd0-8598-5abddcc696b9-RaftLogWorker: created new log segment /opt/src/hadoop-ozone/integration-test/target/test-dir/MiniOzoneClusterImpl-8578056e-9b7b-4e66-9e9f-ef53d5cd7c03/datanode-0/data/ratis/7f5c2536-ed89-4233-9ec0-ce3c0447b19c/current/log_inprogress_2411
2019-06-13 21:51:37,234 INFO  client.GrpcClientProtocolClient (GrpcClientProtocolClient.java:onNext(254)) - client-9C97446E6A25->2573df58-4087-4dd0-8598-5abddcc696b9: receive RaftClientReply:client-9C97446E6A25->2573df58-4087-4dd0-8598-5abddcc696b9@group-CE3C0447B19C, cid=1416, SUCCESS, logIndex=2411, commits[2573df58-4087-4dd0-8598-5abddcc696b9:c2411]
2019-06-13 21:51:37,284 INFO  client.GrpcClientProtocolClient (GrpcClientProtocolClient.java:onNext(254)) - client-9C97446E6A25->2573df58-4087-4dd0-8598-5abddcc696b9: receive RaftClientReply:client-9C97446E6A25->2573df58-4087-4dd0-8598-5abddcc696b9@group-CE3C0447B19C, cid=1417, SUCCESS, logIndex=2413, commits[2573df58-4087-4dd0-8598-5abddcc696b9:c2413]
2019-06-13 21:51:37,285 INFO  client.GrpcClientProtocolClient (GrpcClientProtocolClient.java:onNext(254)) - client-9C97446E6A25->2573df58-4087-4dd0-8598-5abddcc696b9: receive RaftClientReply:client-9C97446E6A25->2573df58-4087-4dd0-8598-5abddcc696b9@group-CE3C0447B19C, cid=1418, SUCCESS, logIndex=2415, commits[2573df58-4087-4dd0-8598-5abddcc696b9:c2415]
2019-06-13 21:51:37,287 INFO  client.GrpcClientProtocolClient (GrpcClientProtocolClient.java:onNext(254)) - client-9C97446E6A25->2573df58-4087-4dd0-8598-5abddcc696b9: receive RaftClientReply:client-9C97446E6A25->2573df58-4087-4dd0-8598-5abddcc696b9@group-CE3C0447B19C, cid=1419, SUCCESS, logIndex=2416, commits[2573df58-4087-4dd0-8598-5abddcc696b9:c2418]
2019-06-13 21:51:37,287 INFO  client.GrpcClientProtocolClient (GrpcClientProtocolClient.java:onNext(254)) - client-9C97446E6A25->2573df58-4087-4dd0-8598-5abddcc696b9: receive RaftClientReply:client-9C97446E6A25->2573df58-4087-4dd0-8598-5abddcc696b9@group-CE3C0447B19C, cid=1420, SUCCESS, logIndex=2417, commits[2573df58-4087-4dd0-8598-5abddcc696b9:c2418]
2019-06-13 21:51:37,292 INFO  client.GrpcClientProtocolClient (GrpcClientProtocolClient.java:onNext(254)) - client-9C97446E6A25->2573df58-4087-4dd0-8598-5abddcc696b9: receive RaftClientReply:client-9C97446E6A25->2573df58-4087-4dd0-8598-5abddcc696b9@group-CE3C0447B19C, cid=1421, SUCCESS, logIndex=2419, commits[2573df58-4087-4dd0-8598-5abddcc696b9:c2419]
2019-06-13 21:51:37,295 INFO  client.GrpcClientProtocolClient (GrpcClientProtocolClient.java:onNext(254)) - client-9C97446E6A25->2573df58-4087-4dd0-8598-5abddcc696b9: receive RaftClientReply:client-9C97446E6A25->2573df58-4087-4dd0-8598-5abddcc696b9@group-CE3C0447B19C, cid=1422, SUCCESS, logIndex=2421, commits[2573df58-4087-4dd0-8598-5abddcc696b9:c2421]
2019-06-13 21:51:37,295 INFO  client.GrpcClientProtocolClient (GrpcClientProtocolClient.java:onNext(254)) - client-9C97446E6A25->2573df58-4087-4dd0-8598-5abddcc696b9: receive RaftClientReply:client-9C97446E6A25->2573df58-4087-4dd0-8598-5abddcc696b9@group-CE3C0447B19C, cid=1423, SUCCESS, logIndex=2422, commits[2573df58-4087-4dd0-8598-5abddcc696b9:c2423]
2019-06-13 21:51:37,296 INFO  client.GrpcClientProtocolClient (GrpcClientProtocolClient.java:onNext(254)) - client-9C97446E6A25->2573df58-4087-4dd0-8598-5abddcc696b9: receive RaftClientReply:client-9C97446E6A25->2573df58-4087-4dd0-8598-5abddcc696b9@group-CE3C0447B19C, cid=1424, SUCCESS, logIndex=2423, commits[2573df58-4087-4dd0-8598-5abddcc696b9:c2423]
2019-06-13 21:51:37,305 DEBUG block.SCMBlockDeletingService (SCMBlockDeletingService.java:call(138)) - Running DeletedBlockTransactionScanner
2019-06-13 21:51:37,305 DEBUG block.SCMBlockDeletingService (SCMBlockDeletingService.java:call(155)) - Scanned deleted blocks log and got 0 delTX to process.
2019-06-13 21:51:37,310 INFO  client.GrpcClientProtocolClient (GrpcClientProtocolClient.java:onNext(254)) - client-9C97446E6A25->2573df58-4087-4dd0-8598-5abddcc696b9: receive RaftClientReply:client-9C97446E6A25->2573df58-4087-4dd0-8598-5abddcc696b9@group-CE3C0447B19C, cid=1425, SUCCESS, logIndex=2426, commits[2573df58-4087-4dd0-8598-5abddcc696b9:c2426]
2019-06-13 21:51:37,311 INFO  client.GrpcClientProtocolClient (GrpcClientProtocolClient.java:onNext(254)) - client-9C97446E6A25->2573df58-4087-4dd0-8598-5abddcc696b9: receive RaftClientReply:client-9C97446E6A25->2573df58-4087-4dd0-8598-5abddcc696b9@group-CE3C0447B19C, cid=1426, SUCCESS, logIndex=2428, commits[2573df58-4087-4dd0-8598-5abddcc696b9:c2428]
2019-06-13 21:51:37,313 INFO  client.GrpcClientProtocolClient (GrpcClientProtocolClient.java:onNext(254)) - client-9C97446E6A25->2573df58-4087-4dd0-8598-5abddcc696b9: receive RaftClientReply:client-9C97446E6A25->2573df58-4087-4dd0-8598-5abddcc696b9@group-CE3C0447B19C, cid=1427, SUCCESS, logIndex=2429, commits[2573df58-4087-4dd0-8598-5abddcc696b9:c2431]
2019-06-13 21:51:37,313 INFO  client.GrpcClientProtocolClient (GrpcClientProtocolClient.java:onNext(254)) - client-9C97446E6A25->2573df58-4087-4dd0-8598-5abddcc696b9: receive RaftClientReply:client-9C97446E6A25->2573df58-4087-4dd0-8598-5abddcc696b9@group-CE3C0447B19C, cid=1428, SUCCESS, logIndex=2430, commits[2573df58-4087-4dd0-8598-5abddcc696b9:c2431]
2019-06-13 21:51:37,318 INFO  client.GrpcClientProtocolClient (GrpcClientProtocolClient.java:onNext(254)) - client-9C97446E6A25->2573df58-4087-4dd0-8598-5abddcc696b9: receive RaftClientReply:client-9C97446E6A25->2573df58-4087-4dd0-8598-5abddcc696b9@group-CE3C0447B19C, cid=1429, SUCCESS, logIndex=2432, commits[2573df58-4087-4dd0-8598-5abddcc696b9:c2432]
2019-06-13 21:51:37,321 INFO  client.GrpcClientProtocolClient (GrpcClientProtocolClient.java:onNext(254)) - client-9C97446E6A25->2573df58-4087-4dd0-8598-5abddcc696b9: receive RaftClientReply:client-9C97446E6A25->2573df58-4087-4dd0-8598-5abddcc696b9@group-CE3C0447B19C, cid=1430, SUCCESS, logIndex=2434, commits[2573df58-4087-4dd0-8598-5abddcc696b9:c2434]
2019-06-13 21:51:37,321 INFO  client.GrpcClientProtocolClient (GrpcClientProtocolClient.java:onNext(254)) - client-9C97446E6A25->2573df58-4087-4dd0-8598-5abddcc696b9: receive RaftClientReply:client-9C97446E6A25->2573df58-4087-4dd0-8598-5abddcc696b9@group-CE3C0447B19C, cid=1431, SUCCESS, logIndex=2435, commits[2573df58-4087-4dd0-8598-5abddcc696b9:c2436]
2019-06-13 21:51:37,326 INFO  client.GrpcClientProtocolClient (GrpcClientProtocolClient.java:onNext(254)) - client-9C97446E6A25->2573df58-4087-4dd0-8598-5abddcc696b9: receive RaftClientReply:client-9C97446E6A25->2573df58-4087-4dd0-8598-5abddcc696b9@group-CE3C0447B19C, cid=1432, SUCCESS, logIndex=2436, commits[2573df58-4087-4dd0-8598-5abddcc696b9:c2436]
2019-06-13 21:51:37,336 INFO  client.GrpcClientProtocolClient (GrpcClientProtocolClient.java:onNext(254)) - client-9C97446E6A25->2573df58-4087-4dd0-8598-5abddcc696b9: receive RaftClientReply:client-9C97446E6A25->2573df58-4087-4dd0-8598-5abddcc696b9@group-CE3C0447B19C, cid=1433, SUCCESS, logIndex=2439, commits[2573df58-4087-4dd0-8598-5abddcc696b9:c2439]
2019-06-13 21:51:37,338 INFO  client.GrpcClientProtocolClient (GrpcClientProtocolClient.java:onNext(254)) - client-9C97446E6A25->2573df58-4087-4dd0-8598-5abddcc696b9: receive RaftClientReply:client-9C97446E6A25->2573df58-4087-4dd0-8598-5abddcc696b9@group-CE3C0447B19C, cid=1434, SUCCESS, logIndex=2441, commits[2573df58-4087-4dd0-8598-5abddcc696b9:c2441]
2019-06-13 21:51:37,339 INFO  client.GrpcClientProtocolClient (GrpcClientProtocolClient.java:onNext(254)) - client-9C97446E6A25->2573df58-4087-4dd0-8598-5abddcc696b9: receive RaftClientReply:client-9C97446E6A25->2573df58-4087-4dd0-8598-5abddcc696b9@group-CE3C0447B19C, cid=1435, SUCCESS, logIndex=2442, commits[2573df58-4087-4dd0-8598-5abddcc696b9:c2443]
2019-06-13 21:51:37,339 INFO  client.GrpcClientProtocolClient (GrpcClientProtocolClient.java:onNext(254)) - client-9C97446E6A25->2573df58-4087-4dd0-8598-5abddcc696b9: receive RaftClientReply:client-9C97446E6A25->2573df58-4087-4dd0-8598-5abddcc696b9@group-CE3C0447B19C, cid=1436, SUCCESS, logIndex=2443, commits[2573df58-4087-4dd0-8598-5abddcc696b9:c2444]
2019-06-13 21:51:37,345 INFO  client.GrpcClientProtocolClient (GrpcClientProtocolClient.java:onNext(254)) - client-9C97446E6A25->2573df58-4087-4dd0-8598-5abddcc696b9: receive RaftClientReply:client-9C97446E6A25->2573df58-4087-4dd0-8598-5abddcc696b9@group-CE3C0447B19C, cid=1437, SUCCESS, logIndex=2446, commits[2573df58-4087-4dd0-8598-5abddcc696b9:c2446]
2019-06-13 21:51:37,347 INFO  client.GrpcClientProtocolClient (GrpcClientProtocolClient.java:onNext(254)) - client-9C97446E6A25->2573df58-4087-4dd0-8598-5abddcc696b9: receive RaftClientReply:client-9C97446E6A25->2573df58-4087-4dd0-8598-5abddcc696b9@group-CE3C0447B19C, cid=1438, SUCCESS, logIndex=2448, commits[2573df58-4087-4dd0-8598-5abddcc696b9:c2448]
2019-06-13 21:51:37,348 INFO  client.GrpcClientProtocolClient (GrpcClientProtocolClient.java:onNext(254)) - client-9C97446E6A25->2573df58-4087-4dd0-8598-5abddcc696b9: receive RaftClientReply:client-9C97446E6A25->2573df58-4087-4dd0-8598-5abddcc696b9@group-CE3C0447B19C, cid=1439, SUCCESS, logIndex=2449, commits[2573df58-4087-4dd0-8598-5abddcc696b9:c2451]
2019-06-13 21:51:37,348 INFO  client.GrpcClientProtocolClient (GrpcClientProtocolClient.java:onNext(254)) - client-9C97446E6A25->2573df58-4087-4dd0-8598-5abddcc696b9: receive RaftClientReply:client-9C97446E6A25->2573df58-4087-4dd0-8598-5abddcc696b9@group-CE3C0447B19C, cid=1440, SUCCESS, logIndex=2451, commits[2573df58-4087-4dd0-8598-5abddcc696b9:c2451]
2019-06-13 21:51:37,358 INFO  client.GrpcClientProtocolClient (GrpcClientProtocolClient.java:onNext(254)) - client-9C97446E6A25->2573df58-4087-4dd0-8598-5abddcc696b9: receive RaftClientReply:client-9C97446E6A25->2573df58-4087-4dd0-8598-5abddcc696b9@group-CE3C0447B19C, cid=1441, SUCCESS, logIndex=2453, commits[2573df58-4087-4dd0-8598-5abddcc696b9:c2453]
2019-06-13 21:51:37,360 INFO  client.GrpcClientProtocolClient (GrpcClientProtocolClient.java:onNext(254)) - client-9C97446E6A25->2573df58-4087-4dd0-8598-5abddcc696b9: receive RaftClientReply:client-9C97446E6A25->2573df58-4087-4dd0-8598-5abddcc696b9@group-CE3C0447B19C, cid=1442, SUCCESS, logIndex=2455, commits[2573df58-4087-4dd0-8598-5abddcc696b9:c2455]
2019-06-13 21:51:37,361 INFO  client.GrpcClientProtocolClient (GrpcClientProtocolClient.java:onNext(254)) - client-9C97446E6A25->2573df58-4087-4dd0-8598-5abddcc696b9: receive RaftClientReply:client-9C97446E6A25->2573df58-4087-4dd0-8598-5abddcc696b9@group-CE3C0447B19C, cid=1443, SUCCESS, logIndex=2456, commits[2573df58-4087-4dd0-8598-5abddcc696b9:c2458]
2019-06-13 21:51:37,361 INFO  client.GrpcClientProtocolClient (GrpcClientProtocolClient.java:onNext(254)) - client-9C97446E6A25->2573df58-4087-4dd0-8598-5abddcc696b9: receive RaftClientReply:client-9C97446E6A25->2573df58-4087-4dd0-8598-5abddcc696b9@group-CE3C0447B19C, cid=1444, SUCCESS, logIndex=2457, commits[2573df58-4087-4dd0-8598-5abddcc696b9:c2458]
2019-06-13 21:51:37,367 INFO  client.GrpcClientProtocolClient (GrpcClientProtocolClient.java:onNext(254)) - client-9C97446E6A25->2573df58-4087-4dd0-8598-5abddcc696b9: receive RaftClientReply:client-9C97446E6A25->2573df58-4087-4dd0-8598-5abddcc696b9@group-CE3C0447B19C, cid=1445, SUCCESS, logIndex=2459, commits[2573df58-4087-4dd0-8598-5abddcc696b9:c2459]
2019-06-13 21:51:37,368 INFO  client.GrpcClientProtocolClient (GrpcClientProtocolClient.java:onNext(254)) - client-9C97446E6A25->2573df58-4087-4dd0-8598-5abddcc696b9: receive RaftClientReply:client-9C97446E6A25->2573df58-4087-4dd0-8598-5abddcc696b9@group-CE3C0447B19C, cid=1446, SUCCESS, logIndex=2461, commits[2573df58-4087-4dd0-8598-5abddcc696b9:c2461]
2019-06-13 21:51:37,369 INFO  client.GrpcClientProtocolClient (GrpcClientProtocolClient.java:onNext(254)) - client-9C97446E6A25->2573df58-4087-4dd0-8598-5abddcc696b9: receive RaftClientReply:client-9C97446E6A25->2573df58-4087-4dd0-8598-5abddcc696b9@group-CE3C0447B19C, cid=1447, SUCCESS, logIndex=2462, commits[2573df58-4087-4dd0-8598-5abddcc696b9:c2464]
2019-06-13 21:51:37,370 INFO  client.GrpcClientProtocolClient (GrpcClientProtocolClient.java:onNext(254)) - client-9C97446E6A25->2573df58-4087-4dd0-8598-5abddcc696b9: receive RaftClientReply:client-9C97446E6A25->2573df58-4087-4dd0-8598-5abddcc696b9@group-CE3C0447B19C, cid=1448, SUCCESS, logIndex=2463, commits[2573df58-4087-4dd0-8598-5abddcc696b9:c2464]
2019-06-13 21:51:37,379 INFO  client.GrpcClientProtocolClient (GrpcClientProtocolClient.java:onNext(254)) - client-9C97446E6A25->2573df58-4087-4dd0-8598-5abddcc696b9: receive RaftClientReply:client-9C97446E6A25->2573df58-4087-4dd0-8598-5abddcc696b9@group-CE3C0447B19C, cid=1449, SUCCESS, logIndex=2465, commits[2573df58-4087-4dd0-8598-5abddcc696b9:c2465]
2019-06-13 21:51:37,381 INFO  client.GrpcClientProtocolClient (GrpcClientProtocolClient.java:onNext(254)) - client-9C97446E6A25->2573df58-4087-4dd0-8598-5abddcc696b9: receive RaftClientReply:client-9C97446E6A25->2573df58-4087-4dd0-8598-5abddcc696b9@group-CE3C0447B19C, cid=1450, SUCCESS, logIndex=2467, commits[2573df58-4087-4dd0-8598-5abddcc696b9:c2467]
2019-06-13 21:51:37,382 INFO  client.GrpcClientProtocolClient (GrpcClientProtocolClient.java:onNext(254)) - client-9C97446E6A25->2573df58-4087-4dd0-8598-5abddcc696b9: receive RaftClientReply:client-9C97446E6A25->2573df58-4087-4dd0-8598-5abddcc696b9@group-CE3C0447B19C, cid=1451, SUCCESS, logIndex=2468, commits[2573df58-4087-4dd0-8598-5abddcc696b9:c2469]
2019-06-13 21:51:37,382 INFO  client.GrpcClientProtocolClient (GrpcClientProtocolClient.java:onNext(254)) - client-9C97446E6A25->2573df58-4087-4dd0-8598-5abddcc696b9: receive RaftClientReply:client-9C97446E6A25->2573df58-4087-4dd0-8598-5abddcc696b9@group-CE3C0447B19C, cid=1452, SUCCESS, logIndex=2469, commits[2573df58-4087-4dd0-8598-5abddcc696b9:c2469]
2019-06-13 21:51:37,388 INFO  client.GrpcClientProtocolClient (GrpcClientProtocolClient.java:onNext(254)) - client-9C97446E6A25->2573df58-4087-4dd0-8598-5abddcc696b9: receive RaftClientReply:client-9C97446E6A25->2573df58-4087-4dd0-8598-5abddcc696b9@group-CE3C0447B19C, cid=1453, SUCCESS, logIndex=2472, commits[2573df58-4087-4dd0-8598-5abddcc696b9:c2472]
2019-06-13 21:51:37,391 INFO  client.GrpcClientProtocolClient (GrpcClientProtocolClient.java:onNext(254)) - client-9C97446E6A25->2573df58-4087-4dd0-8598-5abddcc696b9: receive RaftClientReply:client-9C97446E6A25->2573df58-4087-4dd0-8598-5abddcc696b9@group-CE3C0447B19C, cid=1454, SUCCESS, logIndex=2474, commits[2573df58-4087-4dd0-8598-5abddcc696b9:c2476]
2019-06-13 21:51:37,392 INFO  client.GrpcClientProtocolClient (GrpcClientProtocolClient.java:onNext(254)) - client-9C97446E6A25->2573df58-4087-4dd0-8598-5abddcc696b9: receive RaftClientReply:client-9C97446E6A25->2573df58-4087-4dd0-8598-5abddcc696b9@group-CE3C0447B19C, cid=1455, SUCCESS, logIndex=2475, commits[2573df58-4087-4dd0-8598-5abddcc696b9:c2476]
2019-06-13 21:51:37,394 INFO  client.GrpcClientProtocolClient (GrpcClientProtocolClient.java:onNext(254)) - client-9C97446E6A25->2573df58-4087-4dd0-8598-5abddcc696b9: receive RaftClientReply:client-9C97446E6A25->2573df58-4087-4dd0-8598-5abddcc696b9@group-CE3C0447B19C, cid=1456, SUCCESS, logIndex=2476, commits[2573df58-4087-4dd0-8598-5abddcc696b9:c2476]
2019-06-13 21:51:37,404 INFO  client.GrpcClientProtocolClient (GrpcClientProtocolClient.java:onNext(254)) - client-9C97446E6A25->2573df58-4087-4dd0-8598-5abddcc696b9: receive RaftClientReply:client-9C97446E6A25->2573df58-4087-4dd0-8598-5abddcc696b9@group-CE3C0447B19C, cid=1457, SUCCESS, logIndex=2478, commits[2573df58-4087-4dd0-8598-5abddcc696b9:c2478]
2019-06-13 21:51:37,405 DEBUG block.SCMBlockDeletingService (SCMBlockDeletingService.java:call(138)) - Running DeletedBlockTransactionScanner
2019-06-13 21:51:37,405 DEBUG block.SCMBlockDeletingService (SCMBlockDeletingService.java:call(155)) - Scanned deleted blocks log and got 0 delTX to process.
2019-06-13 21:51:37,407 INFO  client.GrpcClientProtocolClient (GrpcClientProtocolClient.java:onNext(254)) - client-9C97446E6A25->2573df58-4087-4dd0-8598-5abddcc696b9: receive RaftClientReply:client-9C97446E6A25->2573df58-4087-4dd0-8598-5abddcc696b9@group-CE3C0447B19C, cid=1458, SUCCESS, logIndex=2480, commits[2573df58-4087-4dd0-8598-5abddcc696b9:c2480]
2019-06-13 21:51:37,470 INFO  storage.RaftLogWorker (RaftLogWorker.java:rollLogSegment(303)) - 2573df58-4087-4dd0-8598-5abddcc696b9-RaftLogWorker: Rolling segment log-2411_2481 to index:2481
2019-06-13 21:51:37,471 INFO  storage.RaftLogWorker (RaftLogWorker.java:execute(433)) - 2573df58-4087-4dd0-8598-5abddcc696b9-RaftLogWorker: Rolled log segment from /opt/src/hadoop-ozone/integration-test/target/test-dir/MiniOzoneClusterImpl-8578056e-9b7b-4e66-9e9f-ef53d5cd7c03/datanode-0/data/ratis/7f5c2536-ed89-4233-9ec0-ce3c0447b19c/current/log_inprogress_2411 to /opt/src/hadoop-ozone/integration-test/target/test-dir/MiniOzoneClusterImpl-8578056e-9b7b-4e66-9e9f-ef53d5cd7c03/datanode-0/data/ratis/7f5c2536-ed89-4233-9ec0-ce3c0447b19c/current/log_2411-2481
2019-06-13 21:51:37,506 DEBUG block.SCMBlockDeletingService (SCMBlockDeletingService.java:call(138)) - Running DeletedBlockTransactionScanner
2019-06-13 21:51:37,506 DEBUG block.SCMBlockDeletingService (SCMBlockDeletingService.java:call(155)) - Scanned deleted blocks log and got 0 delTX to process.
2019-06-13 21:51:37,512 INFO  storage.RaftLogWorker (RaftLogWorker.java:execute(469)) - 2573df58-4087-4dd0-8598-5abddcc696b9-RaftLogWorker: created new log segment /opt/src/hadoop-ozone/integration-test/target/test-dir/MiniOzoneClusterImpl-8578056e-9b7b-4e66-9e9f-ef53d5cd7c03/datanode-0/data/ratis/7f5c2536-ed89-4233-9ec0-ce3c0447b19c/current/log_inprogress_2482
2019-06-13 21:51:37,517 INFO  client.GrpcClientProtocolClient (GrpcClientProtocolClient.java:onNext(254)) - client-9C97446E6A25->2573df58-4087-4dd0-8598-5abddcc696b9: receive RaftClientReply:client-9C97446E6A25->2573df58-4087-4dd0-8598-5abddcc696b9@group-CE3C0447B19C, cid=1459, SUCCESS, logIndex=2482, commits[2573df58-4087-4dd0-8598-5abddcc696b9:c2482]
2019-06-13 21:51:37,518 INFO  client.GrpcClientProtocolClient (GrpcClientProtocolClient.java:onNext(254)) - client-9C97446E6A25->2573df58-4087-4dd0-8598-5abddcc696b9: receive RaftClientReply:client-9C97446E6A25->2573df58-4087-4dd0-8598-5abddcc696b9@group-CE3C0447B19C, cid=1460, SUCCESS, logIndex=2484, commits[2573df58-4087-4dd0-8598-5abddcc696b9:c2484]
2019-06-13 21:51:37,526 INFO  client.GrpcClientProtocolClient (GrpcClientProtocolClient.java:onNext(254)) - client-9C97446E6A25->2573df58-4087-4dd0-8598-5abddcc696b9: receive RaftClientReply:client-9C97446E6A25->2573df58-4087-4dd0-8598-5abddcc696b9@group-CE3C0447B19C, cid=1461, SUCCESS, logIndex=2486, commits[2573df58-4087-4dd0-8598-5abddcc696b9:c2486]
2019-06-13 21:51:37,530 INFO  client.GrpcClientProtocolClient (GrpcClientProtocolClient.java:onNext(254)) - client-9C97446E6A25->2573df58-4087-4dd0-8598-5abddcc696b9: receive RaftClientReply:client-9C97446E6A25->2573df58-4087-4dd0-8598-5abddcc696b9@group-CE3C0447B19C, cid=1462, SUCCESS, logIndex=2488, commits[2573df58-4087-4dd0-8598-5abddcc696b9:c2490]
2019-06-13 21:51:37,530 INFO  client.GrpcClientProtocolClient (GrpcClientProtocolClient.java:onNext(254)) - client-9C97446E6A25->2573df58-4087-4dd0-8598-5abddcc696b9: receive RaftClientReply:client-9C97446E6A25->2573df58-4087-4dd0-8598-5abddcc696b9@group-CE3C0447B19C, cid=1463, SUCCESS, logIndex=2489, commits[2573df58-4087-4dd0-8598-5abddcc696b9:c2490]
2019-06-13 21:51:37,530 INFO  client.GrpcClientProtocolClient (GrpcClientProtocolClient.java:onNext(254)) - client-9C97446E6A25->2573df58-4087-4dd0-8598-5abddcc696b9: receive RaftClientReply:client-9C97446E6A25->2573df58-4087-4dd0-8598-5abddcc696b9@group-CE3C0447B19C, cid=1464, SUCCESS, logIndex=2490, commits[2573df58-4087-4dd0-8598-5abddcc696b9:c2490]
2019-06-13 21:51:37,544 INFO  client.GrpcClientProtocolClient (GrpcClientProtocolClient.java:onNext(254)) - client-9C97446E6A25->2573df58-4087-4dd0-8598-5abddcc696b9: receive RaftClientReply:client-9C97446E6A25->2573df58-4087-4dd0-8598-5abddcc696b9@group-CE3C0447B19C, cid=1465, SUCCESS, logIndex=2493, commits[2573df58-4087-4dd0-8598-5abddcc696b9:c2493]
2019-06-13 21:51:37,548 INFO  client.GrpcClientProtocolClient (GrpcClientProtocolClient.java:onNext(254)) - client-9C97446E6A25->2573df58-4087-4dd0-8598-5abddcc696b9: receive RaftClientReply:client-9C97446E6A25->2573df58-4087-4dd0-8598-5abddcc696b9@group-CE3C0447B19C, cid=1466, SUCCESS, logIndex=2495, commits[2573df58-4087-4dd0-8598-5abddcc696b9:c2497]
2019-06-13 21:51:37,548 INFO  client.GrpcClientProtocolClient (GrpcClientProtocolClient.java:onNext(254)) - client-9C97446E6A25->2573df58-4087-4dd0-8598-5abddcc696b9: receive RaftClientReply:client-9C97446E6A25->2573df58-4087-4dd0-8598-5abddcc696b9@group-CE3C0447B19C, cid=1467, SUCCESS, logIndex=2496, commits[2573df58-4087-4dd0-8598-5abddcc696b9:c2497]
2019-06-13 21:51:37,549 INFO  client.GrpcClientProtocolClient (GrpcClientProtocolClient.java:onNext(254)) - client-9C97446E6A25->2573df58-4087-4dd0-8598-5abddcc696b9: receive RaftClientReply:client-9C97446E6A25->2573df58-4087-4dd0-8598-5abddcc696b9@group-CE3C0447B19C, cid=1468, SUCCESS, logIndex=2497, commits[2573df58-4087-4dd0-8598-5abddcc696b9:c2498]
2019-06-13 21:51:37,555 INFO  client.GrpcClientProtocolClient (GrpcClientProtocolClient.java:onNext(254)) - client-9C97446E6A25->2573df58-4087-4dd0-8598-5abddcc696b9: receive RaftClientReply:client-9C97446E6A25->2573df58-4087-4dd0-8598-5abddcc696b9@group-CE3C0447B19C, cid=1469, SUCCESS, logIndex=2499, commits[2573df58-4087-4dd0-8598-5abddcc696b9:c2499]
2019-06-13 21:51:37,557 INFO  client.GrpcClientProtocolClient (GrpcClientProtocolClient.java:onNext(254)) - client-9C97446E6A25->2573df58-4087-4dd0-8598-5abddcc696b9: receive RaftClientReply:client-9C97446E6A25->2573df58-4087-4dd0-8598-5abddcc696b9@group-CE3C0447B19C, cid=1470, SUCCESS, logIndex=2501, commits[2573df58-4087-4dd0-8598-5abddcc696b9:c2501]
2019-06-13 21:51:37,558 INFO  client.GrpcClientProtocolClient (GrpcClientProtocolClient.java:onNext(254)) - client-9C97446E6A25->2573df58-4087-4dd0-8598-5abddcc696b9: receive RaftClientReply:client-9C97446E6A25->2573df58-4087-4dd0-8598-5abddcc696b9@group-CE3C0447B19C, cid=1471, SUCCESS, logIndex=2502, commits[2573df58-4087-4dd0-8598-5abddcc696b9:c2504]
2019-06-13 21:51:37,558 INFO  client.GrpcClientProtocolClient (GrpcClientProtocolClient.java:onNext(254)) - client-9C97446E6A25->2573df58-4087-4dd0-8598-5abddcc696b9: receive RaftClientReply:client-9C97446E6A25->2573df58-4087-4dd0-8598-5abddcc696b9@group-CE3C0447B19C, cid=1472, SUCCESS, logIndex=2503, commits[2573df58-4087-4dd0-8598-5abddcc696b9:c2504]
2019-06-13 21:51:37,568 INFO  client.GrpcClientProtocolClient (GrpcClientProtocolClient.java:onNext(254)) - client-9C97446E6A25->2573df58-4087-4dd0-8598-5abddcc696b9: receive RaftClientReply:client-9C97446E6A25->2573df58-4087-4dd0-8598-5abddcc696b9@group-CE3C0447B19C, cid=1473, SUCCESS, logIndex=2505, commits[2573df58-4087-4dd0-8598-5abddcc696b9:c2505]
2019-06-13 21:51:37,570 INFO  client.GrpcClientProtocolClient (GrpcClientProtocolClient.java:onNext(254)) - client-9C97446E6A25->2573df58-4087-4dd0-8598-5abddcc696b9: receive RaftClientReply:client-9C97446E6A25->2573df58-4087-4dd0-8598-5abddcc696b9@group-CE3C0447B19C, cid=1474, SUCCESS, logIndex=2507, commits[2573df58-4087-4dd0-8598-5abddcc696b9:c2507]
2019-06-13 21:51:37,571 INFO  client.GrpcClientProtocolClient (GrpcClientProtocolClient.java:onNext(254)) - client-9C97446E6A25->2573df58-4087-4dd0-8598-5abddcc696b9: receive RaftClientReply:client-9C97446E6A25->2573df58-4087-4dd0-8598-5abddcc696b9@group-CE3C0447B19C, cid=1475, SUCCESS, logIndex=2508, commits[2573df58-4087-4dd0-8598-5abddcc696b9:c2508]
2019-06-13 21:51:37,571 INFO  client.GrpcClientProtocolClient (GrpcClientProtocolClient.java:onNext(254)) - client-9C97446E6A25->2573df58-4087-4dd0-8598-5abddcc696b9: receive RaftClientReply:client-9C97446E6A25->2573df58-4087-4dd0-8598-5abddcc696b9@group-CE3C0447B19C, cid=1476, SUCCESS, logIndex=2510, commits[2573df58-4087-4dd0-8598-5abddcc696b9:c2510]
2019-06-13 21:51:37,577 INFO  client.GrpcClientProtocolClient (GrpcClientProtocolClient.java:onNext(254)) - client-9C97446E6A25->2573df58-4087-4dd0-8598-5abddcc696b9: receive RaftClientReply:client-9C97446E6A25->2573df58-4087-4dd0-8598-5abddcc696b9@group-CE3C0447B19C, cid=1477, SUCCESS, logIndex=2513, commits[2573df58-4087-4dd0-8598-5abddcc696b9:c2513]
2019-06-13 21:51:37,579 INFO  client.GrpcClientProtocolClient (GrpcClientProtocolClient.java:onNext(254)) - client-9C97446E6A25->2573df58-4087-4dd0-8598-5abddcc696b9: receive RaftClientReply:client-9C97446E6A25->2573df58-4087-4dd0-8598-5abddcc696b9@group-CE3C0447B19C, cid=1478, SUCCESS, logIndex=2515, commits[2573df58-4087-4dd0-8598-5abddcc696b9:c2515]
2019-06-13 21:51:37,579 INFO  client.GrpcClientProtocolClient (GrpcClientProtocolClient.java:onNext(254)) - client-9C97446E6A25->2573df58-4087-4dd0-8598-5abddcc696b9: receive RaftClientReply:client-9C97446E6A25->2573df58-4087-4dd0-8598-5abddcc696b9@group-CE3C0447B19C, cid=1479, SUCCESS, logIndex=2516, commits[2573df58-4087-4dd0-8598-5abddcc696b9:c2517]
2019-06-13 21:51:37,580 INFO  client.GrpcClientProtocolClient (GrpcClientProtocolClient.java:onNext(254)) - client-9C97446E6A25->2573df58-4087-4dd0-8598-5abddcc696b9: receive RaftClientReply:client-9C97446E6A25->2573df58-4087-4dd0-8598-5abddcc696b9@group-CE3C0447B19C, cid=1480, SUCCESS, logIndex=2517, commits[2573df58-4087-4dd0-8598-5abddcc696b9:c2518]
2019-06-13 21:51:37,590 INFO  client.GrpcClientProtocolClient (GrpcClientProtocolClient.java:onNext(254)) - client-9C97446E6A25->2573df58-4087-4dd0-8598-5abddcc696b9: receive RaftClientReply:client-9C97446E6A25->2573df58-4087-4dd0-8598-5abddcc696b9@group-CE3C0447B19C, cid=1481, SUCCESS, logIndex=2520, commits[2573df58-4087-4dd0-8598-5abddcc696b9:c2520]
2019-06-13 21:51:37,593 INFO  client.GrpcClientProtocolClient (GrpcClientProtocolClient.java:onNext(254)) - client-9C97446E6A25->2573df58-4087-4dd0-8598-5abddcc696b9: receive RaftClientReply:client-9C97446E6A25->2573df58-4087-4dd0-8598-5abddcc696b9@group-CE3C0447B19C, cid=1482, SUCCESS, logIndex=2522, commits[2573df58-4087-4dd0-8598-5abddcc696b9:c2524]
2019-06-13 21:51:37,593 INFO  client.GrpcClientProtocolClient (GrpcClientProtocolClient.java:onNext(254)) - client-9C97446E6A25->2573df58-4087-4dd0-8598-5abddcc696b9: receive RaftClientReply:client-9C97446E6A25->2573df58-4087-4dd0-8598-5abddcc696b9@group-CE3C0447B19C, cid=1483, SUCCESS, logIndex=2523, commits[2573df58-4087-4dd0-8598-5abddcc696b9:c2524]
2019-06-13 21:51:37,593 INFO  client.GrpcClientProtocolClient (GrpcClientProtocolClient.java:onNext(254)) - client-9C97446E6A25->2573df58-4087-4dd0-8598-5abddcc696b9: receive RaftClientReply:client-9C97446E6A25->2573df58-4087-4dd0-8598-5abddcc696b9@group-CE3C0447B19C, cid=1484, SUCCESS, logIndex=2524, commits[2573df58-4087-4dd0-8598-5abddcc696b9:c2525]
2019-06-13 21:51:37,599 INFO  client.GrpcClientProtocolClient (GrpcClientProtocolClient.java:onNext(254)) - client-9C97446E6A25->2573df58-4087-4dd0-8598-5abddcc696b9: receive RaftClientReply:client-9C97446E6A25->2573df58-4087-4dd0-8598-5abddcc696b9@group-CE3C0447B19C, cid=1485, SUCCESS, logIndex=2526, commits[2573df58-4087-4dd0-8598-5abddcc696b9:c2526]
2019-06-13 21:51:37,601 INFO  client.GrpcClientProtocolClient (GrpcClientProtocolClient.java:onNext(254)) - client-9C97446E6A25->2573df58-4087-4dd0-8598-5abddcc696b9: receive RaftClientReply:client-9C97446E6A25->2573df58-4087-4dd0-8598-5abddcc696b9@group-CE3C0447B19C, cid=1486, SUCCESS, logIndex=2528, commits[2573df58-4087-4dd0-8598-5abddcc696b9:c2528]
2019-06-13 21:51:37,601 INFO  client.GrpcClientProtocolClient (GrpcClientProtocolClient.java:onNext(254)) - client-9C97446E6A25->2573df58-4087-4dd0-8598-5abddcc696b9: receive RaftClientReply:client-9C97446E6A25->2573df58-4087-4dd0-8598-5abddcc696b9@group-CE3C0447B19C, cid=1487, SUCCESS, logIndex=2529, commits[2573df58-4087-4dd0-8598-5abddcc696b9:c2530]
2019-06-13 21:51:37,602 INFO  client.GrpcClientProtocolClient (GrpcClientProtocolClient.java:onNext(254)) - client-9C97446E6A25->2573df58-4087-4dd0-8598-5abddcc696b9: receive RaftClientReply:client-9C97446E6A25->2573df58-4087-4dd0-8598-5abddcc696b9@group-CE3C0447B19C, cid=1488, SUCCESS, logIndex=2530, commits[2573df58-4087-4dd0-8598-5abddcc696b9:c2530]
2019-06-13 21:51:37,606 DEBUG block.SCMBlockDeletingService (SCMBlockDeletingService.java:call(138)) - Running DeletedBlockTransactionScanner
2019-06-13 21:51:37,606 DEBUG block.SCMBlockDeletingService (SCMBlockDeletingService.java:call(155)) - Scanned deleted blocks log and got 0 delTX to process.
2019-06-13 21:51:37,611 INFO  client.GrpcClientProtocolClient (GrpcClientProtocolClient.java:onNext(254)) - client-9C97446E6A25->2573df58-4087-4dd0-8598-5abddcc696b9: receive RaftClientReply:client-9C97446E6A25->2573df58-4087-4dd0-8598-5abddcc696b9@group-CE3C0447B19C, cid=1489, SUCCESS, logIndex=2533, commits[2573df58-4087-4dd0-8598-5abddcc696b9:c2533]
2019-06-13 21:51:37,612 INFO  client.GrpcClientProtocolClient (GrpcClientProtocolClient.java:onNext(254)) - client-9C97446E6A25->2573df58-4087-4dd0-8598-5abddcc696b9: receive RaftClientReply:client-9C97446E6A25->2573df58-4087-4dd0-8598-5abddcc696b9@group-CE3C0447B19C, cid=1490, SUCCESS, logIndex=2535, commits[2573df58-4087-4dd0-8598-5abddcc696b9:c2535]
2019-06-13 21:51:37,614 INFO  client.GrpcClientProtocolClient (GrpcClientProtocolClient.java:onNext(254)) - client-9C97446E6A25->2573df58-4087-4dd0-8598-5abddcc696b9: receive RaftClientReply:client-9C97446E6A25->2573df58-4087-4dd0-8598-5abddcc696b9@group-CE3C0447B19C, cid=1491, SUCCESS, logIndex=2536, commits[2573df58-4087-4dd0-8598-5abddcc696b9:c2538]
2019-06-13 21:51:37,614 INFO  client.GrpcClientProtocolClient (GrpcClientProtocolClient.java:onNext(254)) - client-9C97446E6A25->2573df58-4087-4dd0-8598-5abddcc696b9: receive RaftClientReply:client-9C97446E6A25->2573df58-4087-4dd0-8598-5abddcc696b9@group-CE3C0447B19C, cid=1492, SUCCESS, logIndex=2537, commits[2573df58-4087-4dd0-8598-5abddcc696b9:c2538]
2019-06-13 21:51:37,619 INFO  client.GrpcClientProtocolClient (GrpcClientProtocolClient.java:onNext(254)) - client-9C97446E6A25->2573df58-4087-4dd0-8598-5abddcc696b9: receive RaftClientReply:client-9C97446E6A25->2573df58-4087-4dd0-8598-5abddcc696b9@group-CE3C0447B19C, cid=1493, SUCCESS, logIndex=2539, commits[2573df58-4087-4dd0-8598-5abddcc696b9:c2539]
2019-06-13 21:51:37,620 INFO  client.GrpcClientProtocolClient (GrpcClientProtocolClient.java:onNext(254)) - client-9C97446E6A25->2573df58-4087-4dd0-8598-5abddcc696b9: receive RaftClientReply:client-9C97446E6A25->2573df58-4087-4dd0-8598-5abddcc696b9@group-CE3C0447B19C, cid=1494, SUCCESS, logIndex=2541, commits[2573df58-4087-4dd0-8598-5abddcc696b9:c2541]
2019-06-13 21:51:37,621 INFO  client.GrpcClientProtocolClient (GrpcClientProtocolClient.java:onNext(254)) - client-9C97446E6A25->2573df58-4087-4dd0-8598-5abddcc696b9: receive RaftClientReply:client-9C97446E6A25->2573df58-4087-4dd0-8598-5abddcc696b9@group-CE3C0447B19C, cid=1495, SUCCESS, logIndex=2542, commits[2573df58-4087-4dd0-8598-5abddcc696b9:c2544]
2019-06-13 21:51:37,622 INFO  client.GrpcClientProtocolClient (GrpcClientProtocolClient.java:onNext(254)) - client-9C97446E6A25->2573df58-4087-4dd0-8598-5abddcc696b9: receive RaftClientReply:client-9C97446E6A25->2573df58-4087-4dd0-8598-5abddcc696b9@group-CE3C0447B19C, cid=1496, SUCCESS, logIndex=2543, commits[2573df58-4087-4dd0-8598-5abddcc696b9:c2544]
2019-06-13 21:51:37,631 INFO  client.GrpcClientProtocolClient (GrpcClientProtocolClient.java:onNext(254)) - client-9C97446E6A25->2573df58-4087-4dd0-8598-5abddcc696b9: receive RaftClientReply:client-9C97446E6A25->2573df58-4087-4dd0-8598-5abddcc696b9@group-CE3C0447B19C, cid=1497, SUCCESS, logIndex=2545, commits[2573df58-4087-4dd0-8598-5abddcc696b9:c2545]
2019-06-13 21:51:37,632 INFO  client.GrpcClientProtocolClient (GrpcClientProtocolClient.java:onNext(254)) - client-9C97446E6A25->2573df58-4087-4dd0-8598-5abddcc696b9: receive RaftClientReply:client-9C97446E6A25->2573df58-4087-4dd0-8598-5abddcc696b9@group-CE3C0447B19C, cid=1498, SUCCESS, logIndex=2547, commits[2573df58-4087-4dd0-8598-5abddcc696b9:c2547]
2019-06-13 21:51:37,633 INFO  client.GrpcClientProtocolClient (GrpcClientProtocolClient.java:onNext(254)) - client-9C97446E6A25->2573df58-4087-4dd0-8598-5abddcc696b9: receive RaftClientReply:client-9C97446E6A25->2573df58-4087-4dd0-8598-5abddcc696b9@group-CE3C0447B19C, cid=1499, SUCCESS, logIndex=2548, commits[2573df58-4087-4dd0-8598-5abddcc696b9:c2550]
2019-06-13 21:51:37,634 INFO  client.GrpcClientProtocolClient (GrpcClientProtocolClient.java:onNext(254)) - client-9C97446E6A25->2573df58-4087-4dd0-8598-5abddcc696b9: receive RaftClientReply:client-9C97446E6A25->2573df58-4087-4dd0-8598-5abddcc696b9@group-CE3C0447B19C, cid=1500, SUCCESS, logIndex=2549, commits[2573df58-4087-4dd0-8598-5abddcc696b9:c2550]
2019-06-13 21:51:37,678 INFO  client.GrpcClientProtocolClient (GrpcClientProtocolClient.java:onNext(254)) - client-9C97446E6A25->2573df58-4087-4dd0-8598-5abddcc696b9: receive RaftClientReply:client-9C97446E6A25->2573df58-4087-4dd0-8598-5abddcc696b9@group-CE3C0447B19C, cid=1501, SUCCESS, logIndex=2551, commits[2573df58-4087-4dd0-8598-5abddcc696b9:c2551]
2019-06-13 21:51:37,678 INFO  storage.RaftLogWorker (RaftLogWorker.java:rollLogSegment(303)) - 2573df58-4087-4dd0-8598-5abddcc696b9-RaftLogWorker: Rolling segment log-2482_2552 to index:2552
2019-06-13 21:51:37,679 INFO  storage.RaftLogWorker (RaftLogWorker.java:execute(433)) - 2573df58-4087-4dd0-8598-5abddcc696b9-RaftLogWorker: Rolled log segment from /opt/src/hadoop-ozone/integration-test/target/test-dir/MiniOzoneClusterImpl-8578056e-9b7b-4e66-9e9f-ef53d5cd7c03/datanode-0/data/ratis/7f5c2536-ed89-4233-9ec0-ce3c0447b19c/current/log_inprogress_2482 to /opt/src/hadoop-ozone/integration-test/target/test-dir/MiniOzoneClusterImpl-8578056e-9b7b-4e66-9e9f-ef53d5cd7c03/datanode-0/data/ratis/7f5c2536-ed89-4233-9ec0-ce3c0447b19c/current/log_2482-2552
2019-06-13 21:51:37,706 DEBUG block.SCMBlockDeletingService (SCMBlockDeletingService.java:call(138)) - Running DeletedBlockTransactionScanner
2019-06-13 21:51:37,707 DEBUG block.SCMBlockDeletingService (SCMBlockDeletingService.java:call(155)) - Scanned deleted blocks log and got 0 delTX to process.
2019-06-13 21:51:37,715 INFO  storage.RaftLogWorker (RaftLogWorker.java:execute(469)) - 2573df58-4087-4dd0-8598-5abddcc696b9-RaftLogWorker: created new log segment /opt/src/hadoop-ozone/integration-test/target/test-dir/MiniOzoneClusterImpl-8578056e-9b7b-4e66-9e9f-ef53d5cd7c03/datanode-0/data/ratis/7f5c2536-ed89-4233-9ec0-ce3c0447b19c/current/log_inprogress_2553
2019-06-13 21:51:37,718 INFO  client.GrpcClientProtocolClient (GrpcClientProtocolClient.java:onNext(254)) - client-9C97446E6A25->2573df58-4087-4dd0-8598-5abddcc696b9: receive RaftClientReply:client-9C97446E6A25->2573df58-4087-4dd0-8598-5abddcc696b9@group-CE3C0447B19C, cid=1502, SUCCESS, logIndex=2553, commits[2573df58-4087-4dd0-8598-5abddcc696b9:c2553]
2019-06-13 21:51:37,750 INFO  client.GrpcClientProtocolClient (GrpcClientProtocolClient.java:onNext(254)) - client-9C97446E6A25->2573df58-4087-4dd0-8598-5abddcc696b9: receive RaftClientReply:client-9C97446E6A25->2573df58-4087-4dd0-8598-5abddcc696b9@group-CE3C0447B19C, cid=1503, SUCCESS, logIndex=2555, commits[2573df58-4087-4dd0-8598-5abddcc696b9:c2555]
2019-06-13 21:51:37,751 INFO  client.GrpcClientProtocolClient (GrpcClientProtocolClient.java:onNext(254)) - client-9C97446E6A25->2573df58-4087-4dd0-8598-5abddcc696b9: receive RaftClientReply:client-9C97446E6A25->2573df58-4087-4dd0-8598-5abddcc696b9@group-CE3C0447B19C, cid=1504, SUCCESS, logIndex=2557, commits[2573df58-4087-4dd0-8598-5abddcc696b9:c2557]
2019-06-13 21:51:37,760 INFO  client.GrpcClientProtocolClient (GrpcClientProtocolClient.java:onNext(254)) - client-9C97446E6A25->2573df58-4087-4dd0-8598-5abddcc696b9: receive RaftClientReply:client-9C97446E6A25->2573df58-4087-4dd0-8598-5abddcc696b9@group-CE3C0447B19C, cid=1505, SUCCESS, logIndex=2559, commits[2573df58-4087-4dd0-8598-5abddcc696b9:c2559]
2019-06-13 21:51:37,763 INFO  client.GrpcClientProtocolClient (GrpcClientProtocolClient.java:onNext(254)) - client-9C97446E6A25->2573df58-4087-4dd0-8598-5abddcc696b9: receive RaftClientReply:client-9C97446E6A25->2573df58-4087-4dd0-8598-5abddcc696b9@group-CE3C0447B19C, cid=1506, SUCCESS, logIndex=2561, commits[2573df58-4087-4dd0-8598-5abddcc696b9:c2561]
2019-06-13 21:51:37,763 INFO  client.GrpcClientProtocolClient (GrpcClientProtocolClient.java:onNext(254)) - client-9C97446E6A25->2573df58-4087-4dd0-8598-5abddcc696b9: receive RaftClientReply:client-9C97446E6A25->2573df58-4087-4dd0-8598-5abddcc696b9@group-CE3C0447B19C, cid=1507, SUCCESS, logIndex=2562, commits[2573df58-4087-4dd0-8598-5abddcc696b9:c2564]
2019-06-13 21:51:37,763 INFO  client.GrpcClientProtocolClient (GrpcClientProtocolClient.java:onNext(254)) - client-9C97446E6A25->2573df58-4087-4dd0-8598-5abddcc696b9: receive RaftClientReply:client-9C97446E6A25->2573df58-4087-4dd0-8598-5abddcc696b9@group-CE3C0447B19C, cid=1508, SUCCESS, logIndex=2563, commits[2573df58-4087-4dd0-8598-5abddcc696b9:c2564]
2019-06-13 21:51:37,769 INFO  client.GrpcClientProtocolClient (GrpcClientProtocolClient.java:onNext(254)) - client-9C97446E6A25->2573df58-4087-4dd0-8598-5abddcc696b9: receive RaftClientReply:client-9C97446E6A25->2573df58-4087-4dd0-8598-5abddcc696b9@group-CE3C0447B19C, cid=1509, SUCCESS, logIndex=2565, commits[2573df58-4087-4dd0-8598-5abddcc696b9:c2565]
2019-06-13 21:51:37,771 INFO  client.GrpcClientProtocolClient (GrpcClientProtocolClient.java:onNext(254)) - client-9C97446E6A25->2573df58-4087-4dd0-8598-5abddcc696b9: receive RaftClientReply:client-9C97446E6A25->2573df58-4087-4dd0-8598-5abddcc696b9@group-CE3C0447B19C, cid=1510, SUCCESS, logIndex=2567, commits[2573df58-4087-4dd0-8598-5abddcc696b9:c2567]
2019-06-13 21:51:37,772 INFO  client.GrpcClientProtocolClient (GrpcClientProtocolClient.java:onNext(254)) - client-9C97446E6A25->2573df58-4087-4dd0-8598-5abddcc696b9: receive RaftClientReply:client-9C97446E6A25->2573df58-4087-4dd0-8598-5abddcc696b9@group-CE3C0447B19C, cid=1511, SUCCESS, logIndex=2568, commits[2573df58-4087-4dd0-8598-5abddcc696b9:c2569]
2019-06-13 21:51:37,772 INFO  client.GrpcClientProtocolClient (GrpcClientProtocolClient.java:onNext(254)) - client-9C97446E6A25->2573df58-4087-4dd0-8598-5abddcc696b9: receive RaftClientReply:client-9C97446E6A25->2573df58-4087-4dd0-8598-5abddcc696b9@group-CE3C0447B19C, cid=1512, SUCCESS, logIndex=2569, commits[2573df58-4087-4dd0-8598-5abddcc696b9:c2570]
2019-06-13 21:51:37,782 INFO  client.GrpcClientProtocolClient (GrpcClientProtocolClient.java:onNext(254)) - client-9C97446E6A25->2573df58-4087-4dd0-8598-5abddcc696b9: receive RaftClientReply:client-9C97446E6A25->2573df58-4087-4dd0-8598-5abddcc696b9@group-CE3C0447B19C, cid=1513, SUCCESS, logIndex=2572, commits[2573df58-4087-4dd0-8598-5abddcc696b9:c2572]
2019-06-13 21:51:37,783 INFO  client.GrpcClientProtocolClient (GrpcClientProtocolClient.java:onNext(254)) - client-9C97446E6A25->2573df58-4087-4dd0-8598-5abddcc696b9: receive RaftClientReply:client-9C97446E6A25->2573df58-4087-4dd0-8598-5abddcc696b9@group-CE3C0447B19C, cid=1514, SUCCESS, logIndex=2574, commits[2573df58-4087-4dd0-8598-5abddcc696b9:c2574]
2019-06-13 21:51:37,785 INFO  client.GrpcClientProtocolClient (GrpcClientProtocolClient.java:onNext(254)) - client-9C97446E6A25->2573df58-4087-4dd0-8598-5abddcc696b9: receive RaftClientReply:client-9C97446E6A25->2573df58-4087-4dd0-8598-5abddcc696b9@group-CE3C0447B19C, cid=1515, SUCCESS, logIndex=2575, commits[2573df58-4087-4dd0-8598-5abddcc696b9:c2577]
2019-06-13 21:51:37,785 INFO  client.GrpcClientProtocolClient (GrpcClientProtocolClient.java:onNext(254)) - client-9C97446E6A25->2573df58-4087-4dd0-8598-5abddcc696b9: receive RaftClientReply:client-9C97446E6A25->2573df58-4087-4dd0-8598-5abddcc696b9@group-CE3C0447B19C, cid=1516, SUCCESS, logIndex=2576, commits[2573df58-4087-4dd0-8598-5abddcc696b9:c2577]
2019-06-13 21:51:37,790 INFO  client.GrpcClientProtocolClient (GrpcClientProtocolClient.java:onNext(254)) - client-9C97446E6A25->2573df58-4087-4dd0-8598-5abddcc696b9: receive RaftClientReply:client-9C97446E6A25->2573df58-4087-4dd0-8598-5abddcc696b9@group-CE3C0447B19C, cid=1517, SUCCESS, logIndex=2578, commits[2573df58-4087-4dd0-8598-5abddcc696b9:c2578]
2019-06-13 21:51:37,792 INFO  client.GrpcClientProtocolClient (GrpcClientProtocolClient.java:onNext(254)) - client-9C97446E6A25->2573df58-4087-4dd0-8598-5abddcc696b9: receive RaftClientReply:client-9C97446E6A25->2573df58-4087-4dd0-8598-5abddcc696b9@group-CE3C0447B19C, cid=1518, SUCCESS, logIndex=2580, commits[2573df58-4087-4dd0-8598-5abddcc696b9:c2580]
2019-06-13 21:51:37,793 INFO  client.GrpcClientProtocolClient (GrpcClientProtocolClient.java:onNext(254)) - client-9C97446E6A25->2573df58-4087-4dd0-8598-5abddcc696b9: receive RaftClientReply:client-9C97446E6A25->2573df58-4087-4dd0-8598-5abddcc696b9@group-CE3C0447B19C, cid=1519, SUCCESS, logIndex=2581, commits[2573df58-4087-4dd0-8598-5abddcc696b9:c2581]
2019-06-13 21:51:37,794 INFO  client.GrpcClientProtocolClient (GrpcClientProtocolClient.java:onNext(254)) - client-9C97446E6A25->2573df58-4087-4dd0-8598-5abddcc696b9: receive RaftClientReply:client-9C97446E6A25->2573df58-4087-4dd0-8598-5abddcc696b9@group-CE3C0447B19C, cid=1520, SUCCESS, logIndex=2583, commits[2573df58-4087-4dd0-8598-5abddcc696b9:c2583]
2019-06-13 21:51:37,802 INFO  client.GrpcClientProtocolClient (GrpcClientProtocolClient.java:onNext(254)) - client-9C97446E6A25->2573df58-4087-4dd0-8598-5abddcc696b9: receive RaftClientReply:client-9C97446E6A25->2573df58-4087-4dd0-8598-5abddcc696b9@group-CE3C0447B19C, cid=1521, SUCCESS, logIndex=2586, commits[2573df58-4087-4dd0-8598-5abddcc696b9:c2586]
2019-06-13 21:51:37,804 INFO  client.GrpcClientProtocolClient (GrpcClientProtocolClient.java:onNext(254)) - client-9C97446E6A25->2573df58-4087-4dd0-8598-5abddcc696b9: receive RaftClientReply:client-9C97446E6A25->2573df58-4087-4dd0-8598-5abddcc696b9@group-CE3C0447B19C, cid=1522, SUCCESS, logIndex=2588, commits[2573df58-4087-4dd0-8598-5abddcc696b9:c2588]
2019-06-13 21:51:37,805 INFO  client.GrpcClientProtocolClient (GrpcClientProtocolClient.java:onNext(254)) - client-9C97446E6A25->2573df58-4087-4dd0-8598-5abddcc696b9: receive RaftClientReply:client-9C97446E6A25->2573df58-4087-4dd0-8598-5abddcc696b9@group-CE3C0447B19C, cid=1523, SUCCESS, logIndex=2589, commits[2573df58-4087-4dd0-8598-5abddcc696b9:c2591]
2019-06-13 21:51:37,805 INFO  client.GrpcClientProtocolClient (GrpcClientProtocolClient.java:onNext(254)) - client-9C97446E6A25->2573df58-4087-4dd0-8598-5abddcc696b9: receive RaftClientReply:client-9C97446E6A25->2573df58-4087-4dd0-8598-5abddcc696b9@group-CE3C0447B19C, cid=1524, SUCCESS, logIndex=2590, commits[2573df58-4087-4dd0-8598-5abddcc696b9:c2591]
2019-06-13 21:51:37,807 DEBUG block.SCMBlockDeletingService (SCMBlockDeletingService.java:call(138)) - Running DeletedBlockTransactionScanner
2019-06-13 21:51:37,807 DEBUG block.SCMBlockDeletingService (SCMBlockDeletingService.java:call(155)) - Scanned deleted blocks log and got 0 delTX to process.
2019-06-13 21:51:37,810 INFO  client.GrpcClientProtocolClient (GrpcClientProtocolClient.java:onNext(254)) - client-9C97446E6A25->2573df58-4087-4dd0-8598-5abddcc696b9: receive RaftClientReply:client-9C97446E6A25->2573df58-4087-4dd0-8598-5abddcc696b9@group-CE3C0447B19C, cid=1525, SUCCESS, logIndex=2592, commits[2573df58-4087-4dd0-8598-5abddcc696b9:c2592]
2019-06-13 21:51:37,811 INFO  client.GrpcClientProtocolClient (GrpcClientProtocolClient.java:onNext(254)) - client-9C97446E6A25->2573df58-4087-4dd0-8598-5abddcc696b9: receive RaftClientReply:client-9C97446E6A25->2573df58-4087-4dd0-8598-5abddcc696b9@group-CE3C0447B19C, cid=1526, SUCCESS, logIndex=2594, commits[2573df58-4087-4dd0-8598-5abddcc696b9:c2594]
2019-06-13 21:51:37,814 INFO  client.GrpcClientProtocolClient (GrpcClientProtocolClient.java:onNext(254)) - client-9C97446E6A25->2573df58-4087-4dd0-8598-5abddcc696b9: receive RaftClientReply:client-9C97446E6A25->2573df58-4087-4dd0-8598-5abddcc696b9@group-CE3C0447B19C, cid=1527, SUCCESS, logIndex=2596, commits[2573df58-4087-4dd0-8598-5abddcc696b9:c2597]
2019-06-13 21:51:37,814 INFO  client.GrpcClientProtocolClient (GrpcClientProtocolClient.java:onNext(254)) - client-9C97446E6A25->2573df58-4087-4dd0-8598-5abddcc696b9: receive RaftClientReply:client-9C97446E6A25->2573df58-4087-4dd0-8598-5abddcc696b9@group-CE3C0447B19C, cid=1528, SUCCESS, logIndex=2597, commits[2573df58-4087-4dd0-8598-5abddcc696b9:c2597]
2019-06-13 21:51:37,827 INFO  client.GrpcClientProtocolClient (GrpcClientProtocolClient.java:onNext(254)) - client-9C97446E6A25->2573df58-4087-4dd0-8598-5abddcc696b9: receive RaftClientReply:client-9C97446E6A25->2573df58-4087-4dd0-8598-5abddcc696b9@group-CE3C0447B19C, cid=1529, SUCCESS, logIndex=2599, commits[2573df58-4087-4dd0-8598-5abddcc696b9:c2599]
2019-06-13 21:51:37,830 INFO  client.GrpcClientProtocolClient (GrpcClientProtocolClient.java:onNext(254)) - client-9C97446E6A25->2573df58-4087-4dd0-8598-5abddcc696b9: receive RaftClientReply:client-9C97446E6A25->2573df58-4087-4dd0-8598-5abddcc696b9@group-CE3C0447B19C, cid=1530, SUCCESS, logIndex=2601, commits[2573df58-4087-4dd0-8598-5abddcc696b9:c2601]
2019-06-13 21:51:37,830 INFO  client.GrpcClientProtocolClient (GrpcClientProtocolClient.java:onNext(254)) - client-9C97446E6A25->2573df58-4087-4dd0-8598-5abddcc696b9: receive RaftClientReply:client-9C97446E6A25->2573df58-4087-4dd0-8598-5abddcc696b9@group-CE3C0447B19C, cid=1531, SUCCESS, logIndex=2602, commits[2573df58-4087-4dd0-8598-5abddcc696b9:c2603]
2019-06-13 21:51:37,831 INFO  client.GrpcClientProtocolClient (GrpcClientProtocolClient.java:onNext(254)) - client-9C97446E6A25->2573df58-4087-4dd0-8598-5abddcc696b9: receive RaftClientReply:client-9C97446E6A25->2573df58-4087-4dd0-8598-5abddcc696b9@group-CE3C0447B19C, cid=1532, SUCCESS, logIndex=2603, commits[2573df58-4087-4dd0-8598-5abddcc696b9:c2603]
2019-06-13 21:51:37,836 INFO  client.GrpcClientProtocolClient (GrpcClientProtocolClient.java:onNext(254)) - client-9C97446E6A25->2573df58-4087-4dd0-8598-5abddcc696b9: receive RaftClientReply:client-9C97446E6A25->2573df58-4087-4dd0-8598-5abddcc696b9@group-CE3C0447B19C, cid=1533, SUCCESS, logIndex=2606, commits[2573df58-4087-4dd0-8598-5abddcc696b9:c2606]
2019-06-13 21:51:37,837 INFO  client.GrpcClientProtocolClient (GrpcClientProtocolClient.java:onNext(254)) - client-9C97446E6A25->2573df58-4087-4dd0-8598-5abddcc696b9: receive RaftClientReply:client-9C97446E6A25->2573df58-4087-4dd0-8598-5abddcc696b9@group-CE3C0447B19C, cid=1534, SUCCESS, logIndex=2608, commits[2573df58-4087-4dd0-8598-5abddcc696b9:c2608]
2019-06-13 21:51:37,839 INFO  client.GrpcClientProtocolClient (GrpcClientProtocolClient.java:onNext(254)) - client-9C97446E6A25->2573df58-4087-4dd0-8598-5abddcc696b9: receive RaftClientReply:client-9C97446E6A25->2573df58-4087-4dd0-8598-5abddcc696b9@group-CE3C0447B19C, cid=1535, SUCCESS, logIndex=2609, commits[2573df58-4087-4dd0-8598-5abddcc696b9:c2611]
2019-06-13 21:51:37,843 INFO  client.GrpcClientProtocolClient (GrpcClientProtocolClient.java:onNext(254)) - client-9C97446E6A25->2573df58-4087-4dd0-8598-5abddcc696b9: receive RaftClientReply:client-9C97446E6A25->2573df58-4087-4dd0-8598-5abddcc696b9@group-CE3C0447B19C, cid=1536, SUCCESS, logIndex=2611, commits[2573df58-4087-4dd0-8598-5abddcc696b9:c2611]
2019-06-13 21:51:37,854 INFO  client.GrpcClientProtocolClient (GrpcClientProtocolClient.java:onNext(254)) - client-9C97446E6A25->2573df58-4087-4dd0-8598-5abddcc696b9: receive RaftClientReply:client-9C97446E6A25->2573df58-4087-4dd0-8598-5abddcc696b9@group-CE3C0447B19C, cid=1537, SUCCESS, logIndex=2613, commits[2573df58-4087-4dd0-8598-5abddcc696b9:c2613]
2019-06-13 21:51:37,857 INFO  client.GrpcClientProtocolClient (GrpcClientProtocolClient.java:onNext(254)) - client-9C97446E6A25->2573df58-4087-4dd0-8598-5abddcc696b9: receive RaftClientReply:client-9C97446E6A25->2573df58-4087-4dd0-8598-5abddcc696b9@group-CE3C0447B19C, cid=1538, SUCCESS, logIndex=2615, commits[2573df58-4087-4dd0-8598-5abddcc696b9:c2615]
2019-06-13 21:51:37,857 INFO  client.GrpcClientProtocolClient (GrpcClientProtocolClient.java:onNext(254)) - client-9C97446E6A25->2573df58-4087-4dd0-8598-5abddcc696b9: receive RaftClientReply:client-9C97446E6A25->2573df58-4087-4dd0-8598-5abddcc696b9@group-CE3C0447B19C, cid=1539, SUCCESS, logIndex=2616, commits[2573df58-4087-4dd0-8598-5abddcc696b9:c2618]
2019-06-13 21:51:37,859 INFO  client.GrpcClientProtocolClient (GrpcClientProtocolClient.java:onNext(254)) - client-9C97446E6A25->2573df58-4087-4dd0-8598-5abddcc696b9: receive RaftClientReply:client-9C97446E6A25->2573df58-4087-4dd0-8598-5abddcc696b9@group-CE3C0447B19C, cid=1540, SUCCESS, logIndex=2617, commits[2573df58-4087-4dd0-8598-5abddcc696b9:c2618]
2019-06-13 21:51:37,864 INFO  client.GrpcClientProtocolClient (GrpcClientProtocolClient.java:onNext(254)) - client-9C97446E6A25->2573df58-4087-4dd0-8598-5abddcc696b9: receive RaftClientReply:client-9C97446E6A25->2573df58-4087-4dd0-8598-5abddcc696b9@group-CE3C0447B19C, cid=1541, SUCCESS, logIndex=2619, commits[2573df58-4087-4dd0-8598-5abddcc696b9:c2619]
2019-06-13 21:51:37,865 INFO  storage.RaftLogWorker (RaftLogWorker.java:rollLogSegment(303)) - 2573df58-4087-4dd0-8598-5abddcc696b9-RaftLogWorker: Rolling segment log-2553_2622 to index:2622
2019-06-13 21:51:37,866 INFO  storage.RaftLogWorker (RaftLogWorker.java:execute(433)) - 2573df58-4087-4dd0-8598-5abddcc696b9-RaftLogWorker: Rolled log segment from /opt/src/hadoop-ozone/integration-test/target/test-dir/MiniOzoneClusterImpl-8578056e-9b7b-4e66-9e9f-ef53d5cd7c03/datanode-0/data/ratis/7f5c2536-ed89-4233-9ec0-ce3c0447b19c/current/log_inprogress_2553 to /opt/src/hadoop-ozone/integration-test/target/test-dir/MiniOzoneClusterImpl-8578056e-9b7b-4e66-9e9f-ef53d5cd7c03/datanode-0/data/ratis/7f5c2536-ed89-4233-9ec0-ce3c0447b19c/current/log_2553-2622
2019-06-13 21:51:37,867 INFO  client.GrpcClientProtocolClient (GrpcClientProtocolClient.java:onNext(254)) - client-9C97446E6A25->2573df58-4087-4dd0-8598-5abddcc696b9: receive RaftClientReply:client-9C97446E6A25->2573df58-4087-4dd0-8598-5abddcc696b9@group-CE3C0447B19C, cid=1542, SUCCESS, logIndex=2621, commits[2573df58-4087-4dd0-8598-5abddcc696b9:c2621]
2019-06-13 21:51:37,868 INFO  client.GrpcClientProtocolClient (GrpcClientProtocolClient.java:onNext(254)) - client-9C97446E6A25->2573df58-4087-4dd0-8598-5abddcc696b9: receive RaftClientReply:client-9C97446E6A25->2573df58-4087-4dd0-8598-5abddcc696b9@group-CE3C0447B19C, cid=1543, SUCCESS, logIndex=2622, commits[2573df58-4087-4dd0-8598-5abddcc696b9:c2622]
2019-06-13 21:51:37,904 INFO  storage.RaftLogWorker (RaftLogWorker.java:execute(469)) - 2573df58-4087-4dd0-8598-5abddcc696b9-RaftLogWorker: created new log segment /opt/src/hadoop-ozone/integration-test/target/test-dir/MiniOzoneClusterImpl-8578056e-9b7b-4e66-9e9f-ef53d5cd7c03/datanode-0/data/ratis/7f5c2536-ed89-4233-9ec0-ce3c0447b19c/current/log_inprogress_2623
2019-06-13 21:51:37,906 INFO  client.GrpcClientProtocolClient (GrpcClientProtocolClient.java:onNext(254)) - client-9C97446E6A25->2573df58-4087-4dd0-8598-5abddcc696b9: receive RaftClientReply:client-9C97446E6A25->2573df58-4087-4dd0-8598-5abddcc696b9@group-CE3C0447B19C, cid=1544, SUCCESS, logIndex=2623, commits[2573df58-4087-4dd0-8598-5abddcc696b9:c2625]
2019-06-13 21:51:37,907 DEBUG block.SCMBlockDeletingService (SCMBlockDeletingService.java:call(138)) - Running DeletedBlockTransactionScanner
2019-06-13 21:51:37,908 DEBUG block.SCMBlockDeletingService (SCMBlockDeletingService.java:call(155)) - Scanned deleted blocks log and got 0 delTX to process.
2019-06-13 21:51:37,917 INFO  client.GrpcClientProtocolClient (GrpcClientProtocolClient.java:onNext(254)) - client-9C97446E6A25->2573df58-4087-4dd0-8598-5abddcc696b9: receive RaftClientReply:client-9C97446E6A25->2573df58-4087-4dd0-8598-5abddcc696b9@group-CE3C0447B19C, cid=1545, SUCCESS, logIndex=2626, commits[2573df58-4087-4dd0-8598-5abddcc696b9:c2626]
2019-06-13 21:51:37,918 INFO  client.GrpcClientProtocolClient (GrpcClientProtocolClient.java:onNext(254)) - client-9C97446E6A25->2573df58-4087-4dd0-8598-5abddcc696b9: receive RaftClientReply:client-9C97446E6A25->2573df58-4087-4dd0-8598-5abddcc696b9@group-CE3C0447B19C, cid=1546, SUCCESS, logIndex=2628, commits[2573df58-4087-4dd0-8598-5abddcc696b9:c2628]
2019-06-13 21:51:37,985 INFO  client.GrpcClientProtocolClient (GrpcClientProtocolClient.java:onNext(254)) - client-9C97446E6A25->2573df58-4087-4dd0-8598-5abddcc696b9: receive RaftClientReply:client-9C97446E6A25->2573df58-4087-4dd0-8598-5abddcc696b9@group-CE3C0447B19C, cid=1547, SUCCESS, logIndex=2630, commits[2573df58-4087-4dd0-8598-5abddcc696b9:c2630]
2019-06-13 21:51:37,986 INFO  client.GrpcClientProtocolClient (GrpcClientProtocolClient.java:onNext(254)) - client-9C97446E6A25->2573df58-4087-4dd0-8598-5abddcc696b9: receive RaftClientReply:client-9C97446E6A25->2573df58-4087-4dd0-8598-5abddcc696b9@group-CE3C0447B19C, cid=1548, SUCCESS, logIndex=2632, commits[2573df58-4087-4dd0-8598-5abddcc696b9:c2632]
2019-06-13 21:51:37,991 INFO  client.GrpcClientProtocolClient (GrpcClientProtocolClient.java:onNext(254)) - client-9C97446E6A25->2573df58-4087-4dd0-8598-5abddcc696b9: receive RaftClientReply:client-9C97446E6A25->2573df58-4087-4dd0-8598-5abddcc696b9@group-CE3C0447B19C, cid=1549, SUCCESS, logIndex=2634, commits[2573df58-4087-4dd0-8598-5abddcc696b9:c2634]
2019-06-13 21:51:37,993 INFO  client.GrpcClientProtocolClient (GrpcClientProtocolClient.java:onNext(254)) - client-9C97446E6A25->2573df58-4087-4dd0-8598-5abddcc696b9: receive RaftClientReply:client-9C97446E6A25->2573df58-4087-4dd0-8598-5abddcc696b9@group-CE3C0447B19C, cid=1550, SUCCESS, logIndex=2636, commits[2573df58-4087-4dd0-8598-5abddcc696b9:c2636]
2019-06-13 21:51:37,994 INFO  client.GrpcClientProtocolClient (GrpcClientProtocolClient.java:onNext(254)) - client-9C97446E6A25->2573df58-4087-4dd0-8598-5abddcc696b9: receive RaftClientReply:client-9C97446E6A25->2573df58-4087-4dd0-8598-5abddcc696b9@group-CE3C0447B19C, cid=1551, SUCCESS, logIndex=2637, commits[2573df58-4087-4dd0-8598-5abddcc696b9:c2639]
2019-06-13 21:51:37,994 INFO  client.GrpcClientProtocolClient (GrpcClientProtocolClient.java:onNext(254)) - client-9C97446E6A25->2573df58-4087-4dd0-8598-5abddcc696b9: receive RaftClientReply:client-9C97446E6A25->2573df58-4087-4dd0-8598-5abddcc696b9@group-CE3C0447B19C, cid=1552, SUCCESS, logIndex=2638, commits[2573df58-4087-4dd0-8598-5abddcc696b9:c2639]
2019-06-13 21:51:38,003 INFO  client.GrpcClientProtocolClient (GrpcClientProtocolClient.java:onNext(254)) - client-9C97446E6A25->2573df58-4087-4dd0-8598-5abddcc696b9: receive RaftClientReply:client-9C97446E6A25->2573df58-4087-4dd0-8598-5abddcc696b9@group-CE3C0447B19C, cid=1553, SUCCESS, logIndex=2640, commits[2573df58-4087-4dd0-8598-5abddcc696b9:c2640]
2019-06-13 21:51:38,004 INFO  client.GrpcClientProtocolClient (GrpcClientProtocolClient.java:onNext(254)) - client-9C97446E6A25->2573df58-4087-4dd0-8598-5abddcc696b9: receive RaftClientReply:client-9C97446E6A25->2573df58-4087-4dd0-8598-5abddcc696b9@group-CE3C0447B19C, cid=1554, SUCCESS, logIndex=2642, commits[2573df58-4087-4dd0-8598-5abddcc696b9:c2642]
2019-06-13 21:51:38,005 INFO  client.GrpcClientProtocolClient (GrpcClientProtocolClient.java:onNext(254)) - client-9C97446E6A25->2573df58-4087-4dd0-8598-5abddcc696b9: receive RaftClientReply:client-9C97446E6A25->2573df58-4087-4dd0-8598-5abddcc696b9@group-CE3C0447B19C, cid=1555, SUCCESS, logIndex=2643, commits[2573df58-4087-4dd0-8598-5abddcc696b9:c2645]
2019-06-13 21:51:38,006 INFO  client.GrpcClientProtocolClient (GrpcClientProtocolClient.java:onNext(254)) - client-9C97446E6A25->2573df58-4087-4dd0-8598-5abddcc696b9: receive RaftClientReply:client-9C97446E6A25->2573df58-4087-4dd0-8598-5abddcc696b9@group-CE3C0447B19C, cid=1556, SUCCESS, logIndex=2644, commits[2573df58-4087-4dd0-8598-5abddcc696b9:c2645]
2019-06-13 21:51:38,008 DEBUG block.SCMBlockDeletingService (SCMBlockDeletingService.java:call(138)) - Running DeletedBlockTransactionScanner
2019-06-13 21:51:38,008 DEBUG block.SCMBlockDeletingService (SCMBlockDeletingService.java:call(155)) - Scanned deleted blocks log and got 0 delTX to process.
2019-06-13 21:51:38,011 INFO  client.GrpcClientProtocolClient (GrpcClientProtocolClient.java:onNext(254)) - client-9C97446E6A25->2573df58-4087-4dd0-8598-5abddcc696b9: receive RaftClientReply:client-9C97446E6A25->2573df58-4087-4dd0-8598-5abddcc696b9@group-CE3C0447B19C, cid=1557, SUCCESS, logIndex=2646, commits[2573df58-4087-4dd0-8598-5abddcc696b9:c2646]
2019-06-13 21:51:38,013 INFO  client.GrpcClientProtocolClient (GrpcClientProtocolClient.java:onNext(254)) - client-9C97446E6A25->2573df58-4087-4dd0-8598-5abddcc696b9: receive RaftClientReply:client-9C97446E6A25->2573df58-4087-4dd0-8598-5abddcc696b9@group-CE3C0447B19C, cid=1558, SUCCESS, logIndex=2648, commits[2573df58-4087-4dd0-8598-5abddcc696b9:c2648]
2019-06-13 21:51:38,014 INFO  client.GrpcClientProtocolClient (GrpcClientProtocolClient.java:onNext(254)) - client-9C97446E6A25->2573df58-4087-4dd0-8598-5abddcc696b9: receive RaftClientReply:client-9C97446E6A25->2573df58-4087-4dd0-8598-5abddcc696b9@group-CE3C0447B19C, cid=1559, SUCCESS, logIndex=2649, commits[2573df58-4087-4dd0-8598-5abddcc696b9:c2651]
2019-06-13 21:51:38,014 INFO  client.GrpcClientProtocolClient (GrpcClientProtocolClient.java:onNext(254)) - client-9C97446E6A25->2573df58-4087-4dd0-8598-5abddcc696b9: receive RaftClientReply:client-9C97446E6A25->2573df58-4087-4dd0-8598-5abddcc696b9@group-CE3C0447B19C, cid=1560, SUCCESS, logIndex=2650, commits[2573df58-4087-4dd0-8598-5abddcc696b9:c2651]
2019-06-13 21:51:38,023 INFO  client.GrpcClientProtocolClient (GrpcClientProtocolClient.java:onNext(254)) - client-9C97446E6A25->2573df58-4087-4dd0-8598-5abddcc696b9: receive RaftClientReply:client-9C97446E6A25->2573df58-4087-4dd0-8598-5abddcc696b9@group-CE3C0447B19C, cid=1561, SUCCESS, logIndex=2652, commits[2573df58-4087-4dd0-8598-5abddcc696b9:c2652]
2019-06-13 21:51:38,025 INFO  client.GrpcClientProtocolClient (GrpcClientProtocolClient.java:onNext(254)) - client-9C97446E6A25->2573df58-4087-4dd0-8598-5abddcc696b9: receive RaftClientReply:client-9C97446E6A25->2573df58-4087-4dd0-8598-5abddcc696b9@group-CE3C0447B19C, cid=1562, SUCCESS, logIndex=2654, commits[2573df58-4087-4dd0-8598-5abddcc696b9:c2654]
2019-06-13 21:51:38,025 INFO  client.GrpcClientProtocolClient (GrpcClientProtocolClient.java:onNext(254)) - client-9C97446E6A25->2573df58-4087-4dd0-8598-5abddcc696b9: receive RaftClientReply:client-9C97446E6A25->2573df58-4087-4dd0-8598-5abddcc696b9@group-CE3C0447B19C, cid=1563, SUCCESS, logIndex=2655, commits[2573df58-4087-4dd0-8598-5abddcc696b9:c2657]
2019-06-13 21:51:38,025 INFO  client.GrpcClientProtocolClient (GrpcClientProtocolClient.java:onNext(254)) - client-9C97446E6A25->2573df58-4087-4dd0-8598-5abddcc696b9: receive RaftClientReply:client-9C97446E6A25->2573df58-4087-4dd0-8598-5abddcc696b9@group-CE3C0447B19C, cid=1564, SUCCESS, logIndex=2656, commits[2573df58-4087-4dd0-8598-5abddcc696b9:c2657]
2019-06-13 21:51:38,030 INFO  client.GrpcClientProtocolClient (GrpcClientProtocolClient.java:onNext(254)) - client-9C97446E6A25->2573df58-4087-4dd0-8598-5abddcc696b9: receive RaftClientReply:client-9C97446E6A25->2573df58-4087-4dd0-8598-5abddcc696b9@group-CE3C0447B19C, cid=1565, SUCCESS, logIndex=2658, commits[2573df58-4087-4dd0-8598-5abddcc696b9:c2658]
2019-06-13 21:51:38,032 INFO  client.GrpcClientProtocolClient (GrpcClientProtocolClient.java:onNext(254)) - client-9C97446E6A25->2573df58-4087-4dd0-8598-5abddcc696b9: receive RaftClientReply:client-9C97446E6A25->2573df58-4087-4dd0-8598-5abddcc696b9@group-CE3C0447B19C, cid=1566, SUCCESS, logIndex=2660, commits[2573df58-4087-4dd0-8598-5abddcc696b9:c2660]
2019-06-13 21:51:38,033 INFO  client.GrpcClientProtocolClient (GrpcClientProtocolClient.java:onNext(254)) - client-9C97446E6A25->2573df58-4087-4dd0-8598-5abddcc696b9: receive RaftClientReply:client-9C97446E6A25->2573df58-4087-4dd0-8598-5abddcc696b9@group-CE3C0447B19C, cid=1567, SUCCESS, logIndex=2661, commits[2573df58-4087-4dd0-8598-5abddcc696b9:c2663]
2019-06-13 21:51:38,033 INFO  client.GrpcClientProtocolClient (GrpcClientProtocolClient.java:onNext(254)) - client-9C97446E6A25->2573df58-4087-4dd0-8598-5abddcc696b9: receive RaftClientReply:client-9C97446E6A25->2573df58-4087-4dd0-8598-5abddcc696b9@group-CE3C0447B19C, cid=1568, SUCCESS, logIndex=2662, commits[2573df58-4087-4dd0-8598-5abddcc696b9:c2663]
2019-06-13 21:51:38,285 DEBUG block.SCMBlockDeletingService (SCMBlockDeletingService.java:call(138)) - Running DeletedBlockTransactionScanner
2019-06-13 21:51:38,285 DEBUG block.SCMBlockDeletingService (SCMBlockDeletingService.java:call(155)) - Scanned deleted blocks log and got 0 delTX to process.
2019-06-13 21:51:38,299 INFO  client.GrpcClientProtocolClient (GrpcClientProtocolClient.java:onNext(254)) - client-9C97446E6A25->2573df58-4087-4dd0-8598-5abddcc696b9: receive RaftClientReply:client-9C97446E6A25->2573df58-4087-4dd0-8598-5abddcc696b9@group-CE3C0447B19C, cid=1569, SUCCESS, logIndex=2664, commits[2573df58-4087-4dd0-8598-5abddcc696b9:c2664]
2019-06-13 21:51:38,302 INFO  client.GrpcClientProtocolClient (GrpcClientProtocolClient.java:onNext(254)) - client-9C97446E6A25->2573df58-4087-4dd0-8598-5abddcc696b9: receive RaftClientReply:client-9C97446E6A25->2573df58-4087-4dd0-8598-5abddcc696b9@group-CE3C0447B19C, cid=1570, SUCCESS, logIndex=2666, commits[2573df58-4087-4dd0-8598-5abddcc696b9:c2666]
2019-06-13 21:51:38,302 INFO  client.GrpcClientProtocolClient (GrpcClientProtocolClient.java:onNext(254)) - client-9C97446E6A25->2573df58-4087-4dd0-8598-5abddcc696b9: receive RaftClientReply:client-9C97446E6A25->2573df58-4087-4dd0-8598-5abddcc696b9@group-CE3C0447B19C, cid=1571, SUCCESS, logIndex=2667, commits[2573df58-4087-4dd0-8598-5abddcc696b9:c2669]
2019-06-13 21:51:38,304 INFO  client.GrpcClientProtocolClient (GrpcClientProtocolClient.java:onNext(254)) - client-9C97446E6A25->2573df58-4087-4dd0-8598-5abddcc696b9: receive RaftClientReply:client-9C97446E6A25->2573df58-4087-4dd0-8598-5abddcc696b9@group-CE3C0447B19C, cid=1572, SUCCESS, logIndex=2668, commits[2573df58-4087-4dd0-8598-5abddcc696b9:c2669]
2019-06-13 21:51:38,312 INFO  client.GrpcClientProtocolClient (GrpcClientProtocolClient.java:onNext(254)) - client-9C97446E6A25->2573df58-4087-4dd0-8598-5abddcc696b9: receive RaftClientReply:client-9C97446E6A25->2573df58-4087-4dd0-8598-5abddcc696b9@group-CE3C0447B19C, cid=1573, SUCCESS, logIndex=2671, commits[2573df58-4087-4dd0-8598-5abddcc696b9:c2671]
2019-06-13 21:51:38,313 INFO  client.GrpcClientProtocolClient (GrpcClientProtocolClient.java:onNext(254)) - client-9C97446E6A25->2573df58-4087-4dd0-8598-5abddcc696b9: receive RaftClientReply:client-9C97446E6A25->2573df58-4087-4dd0-8598-5abddcc696b9@group-CE3C0447B19C, cid=1574, SUCCESS, logIndex=2673, commits[2573df58-4087-4dd0-8598-5abddcc696b9:c2673]
2019-06-13 21:51:38,314 INFO  client.GrpcClientProtocolClient (GrpcClientProtocolClient.java:onNext(254)) - client-9C97446E6A25->2573df58-4087-4dd0-8598-5abddcc696b9: receive RaftClientReply:client-9C97446E6A25->2573df58-4087-4dd0-8598-5abddcc696b9@group-CE3C0447B19C, cid=1575, SUCCESS, logIndex=2674, commits[2573df58-4087-4dd0-8598-5abddcc696b9:c2676]
2019-06-13 21:51:38,315 INFO  client.GrpcClientProtocolClient (GrpcClientProtocolClient.java:onNext(254)) - client-9C97446E6A25->2573df58-4087-4dd0-8598-5abddcc696b9: receive RaftClientReply:client-9C97446E6A25->2573df58-4087-4dd0-8598-5abddcc696b9@group-CE3C0447B19C, cid=1576, SUCCESS, logIndex=2675, commits[2573df58-4087-4dd0-8598-5abddcc696b9:c2676]
2019-06-13 21:51:38,326 INFO  client.GrpcClientProtocolClient (GrpcClientProtocolClient.java:onNext(254)) - client-9C97446E6A25->2573df58-4087-4dd0-8598-5abddcc696b9: receive RaftClientReply:client-9C97446E6A25->2573df58-4087-4dd0-8598-5abddcc696b9@group-CE3C0447B19C, cid=1577, SUCCESS, logIndex=2677, commits[2573df58-4087-4dd0-8598-5abddcc696b9:c2677]
2019-06-13 21:51:38,327 INFO  client.GrpcClientProtocolClient (GrpcClientProtocolClient.java:onNext(254)) - client-9C97446E6A25->2573df58-4087-4dd0-8598-5abddcc696b9: receive RaftClientReply:client-9C97446E6A25->2573df58-4087-4dd0-8598-5abddcc696b9@group-CE3C0447B19C, cid=1578, SUCCESS, logIndex=2679, commits[2573df58-4087-4dd0-8598-5abddcc696b9:c2679]
2019-06-13 21:51:38,328 INFO  client.GrpcClientProtocolClient (GrpcClientProtocolClient.java:onNext(254)) - client-9C97446E6A25->2573df58-4087-4dd0-8598-5abddcc696b9: receive RaftClientReply:client-9C97446E6A25->2573df58-4087-4dd0-8598-5abddcc696b9@group-CE3C0447B19C, cid=1579, SUCCESS, logIndex=2680, commits[2573df58-4087-4dd0-8598-5abddcc696b9:c2682]
2019-06-13 21:51:38,329 INFO  client.GrpcClientProtocolClient (GrpcClientProtocolClient.java:onNext(254)) - client-9C97446E6A25->2573df58-4087-4dd0-8598-5abddcc696b9: receive RaftClientReply:client-9C97446E6A25->2573df58-4087-4dd0-8598-5abddcc696b9@group-CE3C0447B19C, cid=1580, SUCCESS, logIndex=2681, commits[2573df58-4087-4dd0-8598-5abddcc696b9:c2682]
2019-06-13 21:51:38,334 INFO  client.GrpcClientProtocolClient (GrpcClientProtocolClient.java:onNext(254)) - client-9C97446E6A25->2573df58-4087-4dd0-8598-5abddcc696b9: receive RaftClientReply:client-9C97446E6A25->2573df58-4087-4dd0-8598-5abddcc696b9@group-CE3C0447B19C, cid=1581, SUCCESS, logIndex=2683, commits[2573df58-4087-4dd0-8598-5abddcc696b9:c2683]
2019-06-13 21:51:38,336 INFO  client.GrpcClientProtocolClient (GrpcClientProtocolClient.java:onNext(254)) - client-9C97446E6A25->2573df58-4087-4dd0-8598-5abddcc696b9: receive RaftClientReply:client-9C97446E6A25->2573df58-4087-4dd0-8598-5abddcc696b9@group-CE3C0447B19C, cid=1582, SUCCESS, logIndex=2685, commits[2573df58-4087-4dd0-8598-5abddcc696b9:c2685]
2019-06-13 21:51:38,337 INFO  client.GrpcClientProtocolClient (GrpcClientProtocolClient.java:onNext(254)) - client-9C97446E6A25->2573df58-4087-4dd0-8598-5abddcc696b9: receive RaftClientReply:client-9C97446E6A25->2573df58-4087-4dd0-8598-5abddcc696b9@group-CE3C0447B19C, cid=1583, SUCCESS, logIndex=2686, commits[2573df58-4087-4dd0-8598-5abddcc696b9:c2688]
2019-06-13 21:51:38,337 INFO  client.GrpcClientProtocolClient (GrpcClientProtocolClient.java:onNext(254)) - client-9C97446E6A25->2573df58-4087-4dd0-8598-5abddcc696b9: receive RaftClientReply:client-9C97446E6A25->2573df58-4087-4dd0-8598-5abddcc696b9@group-CE3C0447B19C, cid=1584, SUCCESS, logIndex=2687, commits[2573df58-4087-4dd0-8598-5abddcc696b9:c2688]
2019-06-13 21:51:38,347 INFO  client.GrpcClientProtocolClient (GrpcClientProtocolClient.java:onNext(254)) - client-9C97446E6A25->2573df58-4087-4dd0-8598-5abddcc696b9: receive RaftClientReply:client-9C97446E6A25->2573df58-4087-4dd0-8598-5abddcc696b9@group-CE3C0447B19C, cid=1585, SUCCESS, logIndex=2689, commits[2573df58-4087-4dd0-8598-5abddcc696b9:c2689]
2019-06-13 21:51:38,348 INFO  storage.RaftLogWorker (RaftLogWorker.java:rollLogSegment(303)) - 2573df58-4087-4dd0-8598-5abddcc696b9-RaftLogWorker: Rolling segment log-2623_2691 to index:2691
2019-06-13 21:51:38,348 INFO  storage.RaftLogWorker (RaftLogWorker.java:execute(433)) - 2573df58-4087-4dd0-8598-5abddcc696b9-RaftLogWorker: Rolled log segment from /opt/src/hadoop-ozone/integration-test/target/test-dir/MiniOzoneClusterImpl-8578056e-9b7b-4e66-9e9f-ef53d5cd7c03/datanode-0/data/ratis/7f5c2536-ed89-4233-9ec0-ce3c0447b19c/current/log_inprogress_2623 to /opt/src/hadoop-ozone/integration-test/target/test-dir/MiniOzoneClusterImpl-8578056e-9b7b-4e66-9e9f-ef53d5cd7c03/datanode-0/data/ratis/7f5c2536-ed89-4233-9ec0-ce3c0447b19c/current/log_2623-2691
2019-06-13 21:51:38,355 INFO  client.GrpcClientProtocolClient (GrpcClientProtocolClient.java:onNext(254)) - client-9C97446E6A25->2573df58-4087-4dd0-8598-5abddcc696b9: receive RaftClientReply:client-9C97446E6A25->2573df58-4087-4dd0-8598-5abddcc696b9@group-CE3C0447B19C, cid=1586, SUCCESS, logIndex=2691, commits[2573df58-4087-4dd0-8598-5abddcc696b9:c2691]
2019-06-13 21:51:38,389 DEBUG block.SCMBlockDeletingService (SCMBlockDeletingService.java:call(138)) - Running DeletedBlockTransactionScanner
2019-06-13 21:51:38,392 DEBUG block.SCMBlockDeletingService (SCMBlockDeletingService.java:call(155)) - Scanned deleted blocks log and got 0 delTX to process.
2019-06-13 21:51:38,395 INFO  storage.RaftLogWorker (RaftLogWorker.java:execute(469)) - 2573df58-4087-4dd0-8598-5abddcc696b9-RaftLogWorker: created new log segment /opt/src/hadoop-ozone/integration-test/target/test-dir/MiniOzoneClusterImpl-8578056e-9b7b-4e66-9e9f-ef53d5cd7c03/datanode-0/data/ratis/7f5c2536-ed89-4233-9ec0-ce3c0447b19c/current/log_inprogress_2692
2019-06-13 21:51:38,396 INFO  client.GrpcClientProtocolClient (GrpcClientProtocolClient.java:onNext(254)) - client-9C97446E6A25->2573df58-4087-4dd0-8598-5abddcc696b9: receive RaftClientReply:client-9C97446E6A25->2573df58-4087-4dd0-8598-5abddcc696b9@group-CE3C0447B19C, cid=1587, SUCCESS, logIndex=2692, commits[2573df58-4087-4dd0-8598-5abddcc696b9:c2694]
2019-06-13 21:51:38,397 INFO  client.GrpcClientProtocolClient (GrpcClientProtocolClient.java:onNext(254)) - client-9C97446E6A25->2573df58-4087-4dd0-8598-5abddcc696b9: receive RaftClientReply:client-9C97446E6A25->2573df58-4087-4dd0-8598-5abddcc696b9@group-CE3C0447B19C, cid=1588, SUCCESS, logIndex=2693, commits[2573df58-4087-4dd0-8598-5abddcc696b9:c2694]
2019-06-13 21:51:38,403 INFO  client.GrpcClientProtocolClient (GrpcClientProtocolClient.java:onNext(254)) - client-9C97446E6A25->2573df58-4087-4dd0-8598-5abddcc696b9: receive RaftClientReply:client-9C97446E6A25->2573df58-4087-4dd0-8598-5abddcc696b9@group-CE3C0447B19C, cid=1589, SUCCESS, logIndex=2695, commits[2573df58-4087-4dd0-8598-5abddcc696b9:c2695]
2019-06-13 21:51:38,404 INFO  client.GrpcClientProtocolClient (GrpcClientProtocolClient.java:onNext(254)) - client-9C97446E6A25->2573df58-4087-4dd0-8598-5abddcc696b9: receive RaftClientReply:client-9C97446E6A25->2573df58-4087-4dd0-8598-5abddcc696b9@group-CE3C0447B19C, cid=1590, SUCCESS, logIndex=2697, commits[2573df58-4087-4dd0-8598-5abddcc696b9:c2697]
2019-06-13 21:51:38,472 INFO  client.GrpcClientProtocolClient (GrpcClientProtocolClient.java:onNext(254)) - client-9C97446E6A25->2573df58-4087-4dd0-8598-5abddcc696b9: receive RaftClientReply:client-9C97446E6A25->2573df58-4087-4dd0-8598-5abddcc696b9@group-CE3C0447B19C, cid=1591, SUCCESS, logIndex=2699, commits[2573df58-4087-4dd0-8598-5abddcc696b9:c2699]
2019-06-13 21:51:38,473 INFO  client.GrpcClientProtocolClient (GrpcClientProtocolClient.java:onNext(254)) - client-9C97446E6A25->2573df58-4087-4dd0-8598-5abddcc696b9: receive RaftClientReply:client-9C97446E6A25->2573df58-4087-4dd0-8598-5abddcc696b9@group-CE3C0447B19C, cid=1592, SUCCESS, logIndex=2701, commits[2573df58-4087-4dd0-8598-5abddcc696b9:c2701]
2019-06-13 21:51:38,482 INFO  client.GrpcClientProtocolClient (GrpcClientProtocolClient.java:onNext(254)) - client-9C97446E6A25->2573df58-4087-4dd0-8598-5abddcc696b9: receive RaftClientReply:client-9C97446E6A25->2573df58-4087-4dd0-8598-5abddcc696b9@group-CE3C0447B19C, cid=1593, SUCCESS, logIndex=2703, commits[2573df58-4087-4dd0-8598-5abddcc696b9:c2703]
2019-06-13 21:51:38,484 INFO  client.GrpcClientProtocolClient (GrpcClientProtocolClient.java:onNext(254)) - client-9C97446E6A25->2573df58-4087-4dd0-8598-5abddcc696b9: receive RaftClientReply:client-9C97446E6A25->2573df58-4087-4dd0-8598-5abddcc696b9@group-CE3C0447B19C, cid=1594, SUCCESS, logIndex=2705, commits[2573df58-4087-4dd0-8598-5abddcc696b9:c2705]
2019-06-13 21:51:38,486 INFO  client.GrpcClientProtocolClient (GrpcClientProtocolClient.java:onNext(254)) - client-9C97446E6A25->2573df58-4087-4dd0-8598-5abddcc696b9: receive RaftClientReply:client-9C97446E6A25->2573df58-4087-4dd0-8598-5abddcc696b9@group-CE3C0447B19C, cid=1595, SUCCESS, logIndex=2706, commits[2573df58-4087-4dd0-8598-5abddcc696b9:c2708]
2019-06-13 21:51:38,489 INFO  client.GrpcClientProtocolClient (GrpcClientProtocolClient.java:onNext(254)) - client-9C97446E6A25->2573df58-4087-4dd0-8598-5abddcc696b9: receive RaftClientReply:client-9C97446E6A25->2573df58-4087-4dd0-8598-5abddcc696b9@group-CE3C0447B19C, cid=1596, SUCCESS, logIndex=2707, commits[2573df58-4087-4dd0-8598-5abddcc696b9:c2708]
2019-06-13 21:51:38,492 DEBUG block.SCMBlockDeletingService (SCMBlockDeletingService.java:call(138)) - Running DeletedBlockTransactionScanner
2019-06-13 21:51:38,492 DEBUG block.SCMBlockDeletingService (SCMBlockDeletingService.java:call(155)) - Scanned deleted blocks log and got 0 delTX to process.
2019-06-13 21:51:38,494 INFO  client.GrpcClientProtocolClient (GrpcClientProtocolClient.java:onNext(254)) - client-9C97446E6A25->2573df58-4087-4dd0-8598-5abddcc696b9: receive RaftClientReply:client-9C97446E6A25->2573df58-4087-4dd0-8598-5abddcc696b9@group-CE3C0447B19C, cid=1597, SUCCESS, logIndex=2709, commits[2573df58-4087-4dd0-8598-5abddcc696b9:c2709]
2019-06-13 21:51:38,495 INFO  client.GrpcClientProtocolClient (GrpcClientProtocolClient.java:onNext(254)) - client-9C97446E6A25->2573df58-4087-4dd0-8598-5abddcc696b9: receive RaftClientReply:client-9C97446E6A25->2573df58-4087-4dd0-8598-5abddcc696b9@group-CE3C0447B19C, cid=1598, SUCCESS, logIndex=2711, commits[2573df58-4087-4dd0-8598-5abddcc696b9:c2711]
2019-06-13 21:51:38,498 INFO  client.GrpcClientProtocolClient (GrpcClientProtocolClient.java:onNext(254)) - client-9C97446E6A25->2573df58-4087-4dd0-8598-5abddcc696b9: receive RaftClientReply:client-9C97446E6A25->2573df58-4087-4dd0-8598-5abddcc696b9@group-CE3C0447B19C, cid=1599, SUCCESS, logIndex=2713, commits[2573df58-4087-4dd0-8598-5abddcc696b9:c2714]
2019-06-13 21:51:38,501 INFO  client.GrpcClientProtocolClient (GrpcClientProtocolClient.java:onNext(254)) - client-9C97446E6A25->2573df58-4087-4dd0-8598-5abddcc696b9: receive RaftClientReply:client-9C97446E6A25->2573df58-4087-4dd0-8598-5abddcc696b9@group-CE3C0447B19C, cid=1600, SUCCESS, logIndex=2714, commits[2573df58-4087-4dd0-8598-5abddcc696b9:c2714]
2019-06-13 21:51:38,513 INFO  client.GrpcClientProtocolClient (GrpcClientProtocolClient.java:onNext(254)) - client-9C97446E6A25->2573df58-4087-4dd0-8598-5abddcc696b9: receive RaftClientReply:client-9C97446E6A25->2573df58-4087-4dd0-8598-5abddcc696b9@group-CE3C0447B19C, cid=1601, SUCCESS, logIndex=2716, commits[2573df58-4087-4dd0-8598-5abddcc696b9:c2716]
2019-06-13 21:51:38,515 INFO  client.GrpcClientProtocolClient (GrpcClientProtocolClient.java:onNext(254)) - client-9C97446E6A25->2573df58-4087-4dd0-8598-5abddcc696b9: receive RaftClientReply:client-9C97446E6A25->2573df58-4087-4dd0-8598-5abddcc696b9@group-CE3C0447B19C, cid=1602, SUCCESS, logIndex=2718, commits[2573df58-4087-4dd0-8598-5abddcc696b9:c2718]
2019-06-13 21:51:38,516 INFO  client.GrpcClientProtocolClient (GrpcClientProtocolClient.java:onNext(254)) - client-9C97446E6A25->2573df58-4087-4dd0-8598-5abddcc696b9: receive RaftClientReply:client-9C97446E6A25->2573df58-4087-4dd0-8598-5abddcc696b9@group-CE3C0447B19C, cid=1603, SUCCESS, logIndex=2719, commits[2573df58-4087-4dd0-8598-5abddcc696b9:c2720]
2019-06-13 21:51:38,516 INFO  client.GrpcClientProtocolClient (GrpcClientProtocolClient.java:onNext(254)) - client-9C97446E6A25->2573df58-4087-4dd0-8598-5abddcc696b9: receive RaftClientReply:client-9C97446E6A25->2573df58-4087-4dd0-8598-5abddcc696b9@group-CE3C0447B19C, cid=1604, SUCCESS, logIndex=2721, commits[2573df58-4087-4dd0-8598-5abddcc696b9:c2721]
2019-06-13 21:51:38,526 INFO  client.GrpcClientProtocolClient (GrpcClientProtocolClient.java:onNext(254)) - client-9C97446E6A25->2573df58-4087-4dd0-8598-5abddcc696b9: receive RaftClientReply:client-9C97446E6A25->2573df58-4087-4dd0-8598-5abddcc696b9@group-CE3C0447B19C, cid=1605, SUCCESS, logIndex=2723, commits[2573df58-4087-4dd0-8598-5abddcc696b9:c2723]
2019-06-13 21:51:38,528 INFO  client.GrpcClientProtocolClient (GrpcClientProtocolClient.java:onNext(254)) - client-9C97446E6A25->2573df58-4087-4dd0-8598-5abddcc696b9: receive RaftClientReply:client-9C97446E6A25->2573df58-4087-4dd0-8598-5abddcc696b9@group-CE3C0447B19C, cid=1606, SUCCESS, logIndex=2725, commits[2573df58-4087-4dd0-8598-5abddcc696b9:c2725]
2019-06-13 21:51:38,529 INFO  client.GrpcClientProtocolClient (GrpcClientProtocolClient.java:onNext(254)) - client-9C97446E6A25->2573df58-4087-4dd0-8598-5abddcc696b9: receive RaftClientReply:client-9C97446E6A25->2573df58-4087-4dd0-8598-5abddcc696b9@group-CE3C0447B19C, cid=1607, SUCCESS, logIndex=2726, commits[2573df58-4087-4dd0-8598-5abddcc696b9:c2728]
2019-06-13 21:51:38,529 INFO  client.GrpcClientProtocolClient (GrpcClientProtocolClient.java:onNext(254)) - client-9C97446E6A25->2573df58-4087-4dd0-8598-5abddcc696b9: receive RaftClientReply:client-9C97446E6A25->2573df58-4087-4dd0-8598-5abddcc696b9@group-CE3C0447B19C, cid=1608, SUCCESS, logIndex=2727, commits[2573df58-4087-4dd0-8598-5abddcc696b9:c2728]
2019-06-13 21:51:38,538 INFO  client.GrpcClientProtocolClient (GrpcClientProtocolClient.java:onNext(254)) - client-9C97446E6A25->2573df58-4087-4dd0-8598-5abddcc696b9: receive RaftClientReply:client-9C97446E6A25->2573df58-4087-4dd0-8598-5abddcc696b9@group-CE3C0447B19C, cid=1609, SUCCESS, logIndex=2729, commits[2573df58-4087-4dd0-8598-5abddcc696b9:c2729]
2019-06-13 21:51:38,539 INFO  client.GrpcClientProtocolClient (GrpcClientProtocolClient.java:onNext(254)) - client-9C97446E6A25->2573df58-4087-4dd0-8598-5abddcc696b9: receive RaftClientReply:client-9C97446E6A25->2573df58-4087-4dd0-8598-5abddcc696b9@group-CE3C0447B19C, cid=1610, SUCCESS, logIndex=2731, commits[2573df58-4087-4dd0-8598-5abddcc696b9:c2731]
2019-06-13 21:51:38,541 INFO  client.GrpcClientProtocolClient (GrpcClientProtocolClient.java:onNext(254)) - client-9C97446E6A25->2573df58-4087-4dd0-8598-5abddcc696b9: receive RaftClientReply:client-9C97446E6A25->2573df58-4087-4dd0-8598-5abddcc696b9@group-CE3C0447B19C, cid=1611, SUCCESS, logIndex=2732, commits[2573df58-4087-4dd0-8598-5abddcc696b9:c2734]
2019-06-13 21:51:38,541 INFO  client.GrpcClientProtocolClient (GrpcClientProtocolClient.java:onNext(254)) - client-9C97446E6A25->2573df58-4087-4dd0-8598-5abddcc696b9: receive RaftClientReply:client-9C97446E6A25->2573df58-4087-4dd0-8598-5abddcc696b9@group-CE3C0447B19C, cid=1612, SUCCESS, logIndex=2734, commits[2573df58-4087-4dd0-8598-5abddcc696b9:c2734]
2019-06-13 21:51:38,546 INFO  client.GrpcClientProtocolClient (GrpcClientProtocolClient.java:onNext(254)) - client-9C97446E6A25->2573df58-4087-4dd0-8598-5abddcc696b9: receive RaftClientReply:client-9C97446E6A25->2573df58-4087-4dd0-8598-5abddcc696b9@group-CE3C0447B19C, cid=1613, SUCCESS, logIndex=2736, commits[2573df58-4087-4dd0-8598-5abddcc696b9:c2736]
2019-06-13 21:51:38,547 INFO  client.GrpcClientProtocolClient (GrpcClientProtocolClient.java:onNext(254)) - client-9C97446E6A25->2573df58-4087-4dd0-8598-5abddcc696b9: receive RaftClientReply:client-9C97446E6A25->2573df58-4087-4dd0-8598-5abddcc696b9@group-CE3C0447B19C, cid=1614, SUCCESS, logIndex=2738, commits[2573df58-4087-4dd0-8598-5abddcc696b9:c2738]
2019-06-13 21:51:38,549 INFO  client.GrpcClientProtocolClient (GrpcClientProtocolClient.java:onNext(254)) - client-9C97446E6A25->2573df58-4087-4dd0-8598-5abddcc696b9: receive RaftClientReply:client-9C97446E6A25->2573df58-4087-4dd0-8598-5abddcc696b9@group-CE3C0447B19C, cid=1615, SUCCESS, logIndex=2739, commits[2573df58-4087-4dd0-8598-5abddcc696b9:c2741]
2019-06-13 21:51:38,549 INFO  client.GrpcClientProtocolClient (GrpcClientProtocolClient.java:onNext(254)) - client-9C97446E6A25->2573df58-4087-4dd0-8598-5abddcc696b9: receive RaftClientReply:client-9C97446E6A25->2573df58-4087-4dd0-8598-5abddcc696b9@group-CE3C0447B19C, cid=1616, SUCCESS, logIndex=2740, commits[2573df58-4087-4dd0-8598-5abddcc696b9:c2741]
2019-06-13 21:51:38,557 INFO  client.GrpcClientProtocolClient (GrpcClientProtocolClient.java:onNext(254)) - client-9C97446E6A25->2573df58-4087-4dd0-8598-5abddcc696b9: receive RaftClientReply:client-9C97446E6A25->2573df58-4087-4dd0-8598-5abddcc696b9@group-CE3C0447B19C, cid=1617, SUCCESS, logIndex=2742, commits[2573df58-4087-4dd0-8598-5abddcc696b9:c2742]
2019-06-13 21:51:38,559 INFO  client.GrpcClientProtocolClient (GrpcClientProtocolClient.java:onNext(254)) - client-9C97446E6A25->2573df58-4087-4dd0-8598-5abddcc696b9: receive RaftClientReply:client-9C97446E6A25->2573df58-4087-4dd0-8598-5abddcc696b9@group-CE3C0447B19C, cid=1618, SUCCESS, logIndex=2744, commits[2573df58-4087-4dd0-8598-5abddcc696b9:c2744]
2019-06-13 21:51:38,560 INFO  client.GrpcClientProtocolClient (GrpcClientProtocolClient.java:onNext(254)) - client-9C97446E6A25->2573df58-4087-4dd0-8598-5abddcc696b9: receive RaftClientReply:client-9C97446E6A25->2573df58-4087-4dd0-8598-5abddcc696b9@group-CE3C0447B19C, cid=1619, SUCCESS, logIndex=2745, commits[2573df58-4087-4dd0-8598-5abddcc696b9:c2747]
2019-06-13 21:51:38,560 INFO  client.GrpcClientProtocolClient (GrpcClientProtocolClient.java:onNext(254)) - client-9C97446E6A25->2573df58-4087-4dd0-8598-5abddcc696b9: receive RaftClientReply:client-9C97446E6A25->2573df58-4087-4dd0-8598-5abddcc696b9@group-CE3C0447B19C, cid=1620, SUCCESS, logIndex=2746, commits[2573df58-4087-4dd0-8598-5abddcc696b9:c2747]
2019-06-13 21:51:38,565 INFO  client.GrpcClientProtocolClient (GrpcClientProtocolClient.java:onNext(254)) - client-9C97446E6A25->2573df58-4087-4dd0-8598-5abddcc696b9: receive RaftClientReply:client-9C97446E6A25->2573df58-4087-4dd0-8598-5abddcc696b9@group-CE3C0447B19C, cid=1621, SUCCESS, logIndex=2748, commits[2573df58-4087-4dd0-8598-5abddcc696b9:c2748]
2019-06-13 21:51:38,567 INFO  client.GrpcClientProtocolClient (GrpcClientProtocolClient.java:onNext(254)) - client-9C97446E6A25->2573df58-4087-4dd0-8598-5abddcc696b9: receive RaftClientReply:client-9C97446E6A25->2573df58-4087-4dd0-8598-5abddcc696b9@group-CE3C0447B19C, cid=1622, SUCCESS, logIndex=2750, commits[2573df58-4087-4dd0-8598-5abddcc696b9:c2750]
2019-06-13 21:51:38,568 INFO  client.GrpcClientProtocolClient (GrpcClientProtocolClient.java:onNext(254)) - client-9C97446E6A25->2573df58-4087-4dd0-8598-5abddcc696b9: receive RaftClientReply:client-9C97446E6A25->2573df58-4087-4dd0-8598-5abddcc696b9@group-CE3C0447B19C, cid=1623, SUCCESS, logIndex=2751, commits[2573df58-4087-4dd0-8598-5abddcc696b9:c2753]
2019-06-13 21:51:38,568 INFO  client.GrpcClientProtocolClient (GrpcClientProtocolClient.java:onNext(254)) - client-9C97446E6A25->2573df58-4087-4dd0-8598-5abddcc696b9: receive RaftClientReply:client-9C97446E6A25->2573df58-4087-4dd0-8598-5abddcc696b9@group-CE3C0447B19C, cid=1624, SUCCESS, logIndex=2752, commits[2573df58-4087-4dd0-8598-5abddcc696b9:c2753]
2019-06-13 21:51:38,576 INFO  client.GrpcClientProtocolClient (GrpcClientProtocolClient.java:onNext(254)) - client-9C97446E6A25->2573df58-4087-4dd0-8598-5abddcc696b9: receive RaftClientReply:client-9C97446E6A25->2573df58-4087-4dd0-8598-5abddcc696b9@group-CE3C0447B19C, cid=1625, SUCCESS, logIndex=2754, commits[2573df58-4087-4dd0-8598-5abddcc696b9:c2754]
2019-06-13 21:51:38,578 INFO  client.GrpcClientProtocolClient (GrpcClientProtocolClient.java:onNext(254)) - client-9C97446E6A25->2573df58-4087-4dd0-8598-5abddcc696b9: receive RaftClientReply:client-9C97446E6A25->2573df58-4087-4dd0-8598-5abddcc696b9@group-CE3C0447B19C, cid=1626, SUCCESS, logIndex=2756, commits[2573df58-4087-4dd0-8598-5abddcc696b9:c2756]
2019-06-13 21:51:38,579 INFO  client.GrpcClientProtocolClient (GrpcClientProtocolClient.java:onNext(254)) - client-9C97446E6A25->2573df58-4087-4dd0-8598-5abddcc696b9: receive RaftClientReply:client-9C97446E6A25->2573df58-4087-4dd0-8598-5abddcc696b9@group-CE3C0447B19C, cid=1627, SUCCESS, logIndex=2757, commits[2573df58-4087-4dd0-8598-5abddcc696b9:c2759]
2019-06-13 21:51:38,579 INFO  client.GrpcClientProtocolClient (GrpcClientProtocolClient.java:onNext(254)) - client-9C97446E6A25->2573df58-4087-4dd0-8598-5abddcc696b9: receive RaftClientReply:client-9C97446E6A25->2573df58-4087-4dd0-8598-5abddcc696b9@group-CE3C0447B19C, cid=1628, SUCCESS, logIndex=2758, commits[2573df58-4087-4dd0-8598-5abddcc696b9:c2759]
2019-06-13 21:51:38,584 INFO  storage.RaftLogWorker (RaftLogWorker.java:rollLogSegment(303)) - 2573df58-4087-4dd0-8598-5abddcc696b9-RaftLogWorker: Rolling segment log-2692_2761 to index:2761
2019-06-13 21:51:38,584 INFO  client.GrpcClientProtocolClient (GrpcClientProtocolClient.java:onNext(254)) - client-9C97446E6A25->2573df58-4087-4dd0-8598-5abddcc696b9: receive RaftClientReply:client-9C97446E6A25->2573df58-4087-4dd0-8598-5abddcc696b9@group-CE3C0447B19C, cid=1629, SUCCESS, logIndex=2760, commits[2573df58-4087-4dd0-8598-5abddcc696b9:c2760]
2019-06-13 21:51:38,584 INFO  storage.RaftLogWorker (RaftLogWorker.java:execute(433)) - 2573df58-4087-4dd0-8598-5abddcc696b9-RaftLogWorker: Rolled log segment from /opt/src/hadoop-ozone/integration-test/target/test-dir/MiniOzoneClusterImpl-8578056e-9b7b-4e66-9e9f-ef53d5cd7c03/datanode-0/data/ratis/7f5c2536-ed89-4233-9ec0-ce3c0447b19c/current/log_inprogress_2692 to /opt/src/hadoop-ozone/integration-test/target/test-dir/MiniOzoneClusterImpl-8578056e-9b7b-4e66-9e9f-ef53d5cd7c03/datanode-0/data/ratis/7f5c2536-ed89-4233-9ec0-ce3c0447b19c/current/log_2692-2761
2019-06-13 21:51:38,593 DEBUG block.SCMBlockDeletingService (SCMBlockDeletingService.java:call(138)) - Running DeletedBlockTransactionScanner
2019-06-13 21:51:38,593 DEBUG block.SCMBlockDeletingService (SCMBlockDeletingService.java:call(155)) - Scanned deleted blocks log and got 0 delTX to process.
2019-06-13 21:51:38,620 INFO  storage.RaftLogWorker (RaftLogWorker.java:execute(469)) - 2573df58-4087-4dd0-8598-5abddcc696b9-RaftLogWorker: created new log segment /opt/src/hadoop-ozone/integration-test/target/test-dir/MiniOzoneClusterImpl-8578056e-9b7b-4e66-9e9f-ef53d5cd7c03/datanode-0/data/ratis/7f5c2536-ed89-4233-9ec0-ce3c0447b19c/current/log_inprogress_2762
2019-06-13 21:51:38,622 INFO  client.GrpcClientProtocolClient (GrpcClientProtocolClient.java:onNext(254)) - client-9C97446E6A25->2573df58-4087-4dd0-8598-5abddcc696b9: receive RaftClientReply:client-9C97446E6A25->2573df58-4087-4dd0-8598-5abddcc696b9@group-CE3C0447B19C, cid=1630, SUCCESS, logIndex=2762, commits[2573df58-4087-4dd0-8598-5abddcc696b9:c2764]
2019-06-13 21:51:38,623 INFO  client.GrpcClientProtocolClient (GrpcClientProtocolClient.java:onNext(254)) - client-9C97446E6A25->2573df58-4087-4dd0-8598-5abddcc696b9: receive RaftClientReply:client-9C97446E6A25->2573df58-4087-4dd0-8598-5abddcc696b9@group-CE3C0447B19C, cid=1631, SUCCESS, logIndex=2763, commits[2573df58-4087-4dd0-8598-5abddcc696b9:c2765]
2019-06-13 21:51:38,623 INFO  client.GrpcClientProtocolClient (GrpcClientProtocolClient.java:onNext(254)) - client-9C97446E6A25->2573df58-4087-4dd0-8598-5abddcc696b9: receive RaftClientReply:client-9C97446E6A25->2573df58-4087-4dd0-8598-5abddcc696b9@group-CE3C0447B19C, cid=1632, SUCCESS, logIndex=2764, commits[2573df58-4087-4dd0-8598-5abddcc696b9:c2765]
2019-06-13 21:51:38,632 INFO  client.GrpcClientProtocolClient (GrpcClientProtocolClient.java:onNext(254)) - client-9C97446E6A25->2573df58-4087-4dd0-8598-5abddcc696b9: receive RaftClientReply:client-9C97446E6A25->2573df58-4087-4dd0-8598-5abddcc696b9@group-CE3C0447B19C, cid=1633, SUCCESS, logIndex=2766, commits[2573df58-4087-4dd0-8598-5abddcc696b9:c2766]
2019-06-13 21:51:38,634 INFO  client.GrpcClientProtocolClient (GrpcClientProtocolClient.java:onNext(254)) - client-9C97446E6A25->2573df58-4087-4dd0-8598-5abddcc696b9: receive RaftClientReply:client-9C97446E6A25->2573df58-4087-4dd0-8598-5abddcc696b9@group-CE3C0447B19C, cid=1634, SUCCESS, logIndex=2768, commits[2573df58-4087-4dd0-8598-5abddcc696b9:c2768]
2019-06-13 21:51:38,693 DEBUG block.SCMBlockDeletingService (SCMBlockDeletingService.java:call(138)) - Running DeletedBlockTransactionScanner
2019-06-13 21:51:38,693 DEBUG block.SCMBlockDeletingService (SCMBlockDeletingService.java:call(155)) - Scanned deleted blocks log and got 0 delTX to process.
2019-06-13 21:51:38,715 INFO  client.GrpcClientProtocolClient (GrpcClientProtocolClient.java:onNext(254)) - client-9C97446E6A25->2573df58-4087-4dd0-8598-5abddcc696b9: receive RaftClientReply:client-9C97446E6A25->2573df58-4087-4dd0-8598-5abddcc696b9@group-CE3C0447B19C, cid=1635, SUCCESS, logIndex=2770, commits[2573df58-4087-4dd0-8598-5abddcc696b9:c2770]
2019-06-13 21:51:38,716 INFO  client.GrpcClientProtocolClient (GrpcClientProtocolClient.java:onNext(254)) - client-9C97446E6A25->2573df58-4087-4dd0-8598-5abddcc696b9: receive RaftClientReply:client-9C97446E6A25->2573df58-4087-4dd0-8598-5abddcc696b9@group-CE3C0447B19C, cid=1636, SUCCESS, logIndex=2772, commits[2573df58-4087-4dd0-8598-5abddcc696b9:c2772]
2019-06-13 21:51:38,721 INFO  client.GrpcClientProtocolClient (GrpcClientProtocolClient.java:onNext(254)) - client-9C97446E6A25->2573df58-4087-4dd0-8598-5abddcc696b9: receive RaftClientReply:client-9C97446E6A25->2573df58-4087-4dd0-8598-5abddcc696b9@group-CE3C0447B19C, cid=1637, SUCCESS, logIndex=2774, commits[2573df58-4087-4dd0-8598-5abddcc696b9:c2774]
2019-06-13 21:51:38,723 INFO  client.GrpcClientProtocolClient (GrpcClientProtocolClient.java:onNext(254)) - client-9C97446E6A25->2573df58-4087-4dd0-8598-5abddcc696b9: receive RaftClientReply:client-9C97446E6A25->2573df58-4087-4dd0-8598-5abddcc696b9@group-CE3C0447B19C, cid=1638, SUCCESS, logIndex=2776, commits[2573df58-4087-4dd0-8598-5abddcc696b9:c2776]
2019-06-13 21:51:38,724 INFO  client.GrpcClientProtocolClient (GrpcClientProtocolClient.java:onNext(254)) - client-9C97446E6A25->2573df58-4087-4dd0-8598-5abddcc696b9: receive RaftClientReply:client-9C97446E6A25->2573df58-4087-4dd0-8598-5abddcc696b9@group-CE3C0447B19C, cid=1639, SUCCESS, logIndex=2777, commits[2573df58-4087-4dd0-8598-5abddcc696b9:c2779]
2019-06-13 21:51:38,725 INFO  client.GrpcClientProtocolClient (GrpcClientProtocolClient.java:onNext(254)) - client-9C97446E6A25->2573df58-4087-4dd0-8598-5abddcc696b9: receive RaftClientReply:client-9C97446E6A25->2573df58-4087-4dd0-8598-5abddcc696b9@group-CE3C0447B19C, cid=1640, SUCCESS, logIndex=2778, commits[2573df58-4087-4dd0-8598-5abddcc696b9:c2779]
2019-06-13 21:51:38,734 INFO  client.GrpcClientProtocolClient (GrpcClientProtocolClient.java:onNext(254)) - client-9C97446E6A25->2573df58-4087-4dd0-8598-5abddcc696b9: receive RaftClientReply:client-9C97446E6A25->2573df58-4087-4dd0-8598-5abddcc696b9@group-CE3C0447B19C, cid=1641, SUCCESS, logIndex=2780, commits[2573df58-4087-4dd0-8598-5abddcc696b9:c2780]
2019-06-13 21:51:38,736 INFO  client.GrpcClientProtocolClient (GrpcClientProtocolClient.java:onNext(254)) - client-9C97446E6A25->2573df58-4087-4dd0-8598-5abddcc696b9: receive RaftClientReply:client-9C97446E6A25->2573df58-4087-4dd0-8598-5abddcc696b9@group-CE3C0447B19C, cid=1642, SUCCESS, logIndex=2782, commits[2573df58-4087-4dd0-8598-5abddcc696b9:c2782]
2019-06-13 21:51:38,737 INFO  client.GrpcClientProtocolClient (GrpcClientProtocolClient.java:onNext(254)) - client-9C97446E6A25->2573df58-4087-4dd0-8598-5abddcc696b9: receive RaftClientReply:client-9C97446E6A25->2573df58-4087-4dd0-8598-5abddcc696b9@group-CE3C0447B19C, cid=1643, SUCCESS, logIndex=2784, commits[2573df58-4087-4dd0-8598-5abddcc696b9:c2785]
2019-06-13 21:51:38,738 INFO  client.GrpcClientProtocolClient (GrpcClientProtocolClient.java:onNext(254)) - client-9C97446E6A25->2573df58-4087-4dd0-8598-5abddcc696b9: receive RaftClientReply:client-9C97446E6A25->2573df58-4087-4dd0-8598-5abddcc696b9@group-CE3C0447B19C, cid=1644, SUCCESS, logIndex=2785, commits[2573df58-4087-4dd0-8598-5abddcc696b9:c2785]
2019-06-13 21:51:38,743 INFO  client.GrpcClientProtocolClient (GrpcClientProtocolClient.java:onNext(254)) - client-9C97446E6A25->2573df58-4087-4dd0-8598-5abddcc696b9: receive RaftClientReply:client-9C97446E6A25->2573df58-4087-4dd0-8598-5abddcc696b9@group-CE3C0447B19C, cid=1645, SUCCESS, logIndex=2787, commits[2573df58-4087-4dd0-8598-5abddcc696b9:c2787]
2019-06-13 21:51:38,744 INFO  client.GrpcClientProtocolClient (GrpcClientProtocolClient.java:onNext(254)) - client-9C97446E6A25->2573df58-4087-4dd0-8598-5abddcc696b9: receive RaftClientReply:client-9C97446E6A25->2573df58-4087-4dd0-8598-5abddcc696b9@group-CE3C0447B19C, cid=1646, SUCCESS, logIndex=2789, commits[2573df58-4087-4dd0-8598-5abddcc696b9:c2789]
2019-06-13 21:51:38,745 INFO  client.GrpcClientProtocolClient (GrpcClientProtocolClient.java:onNext(254)) - client-9C97446E6A25->2573df58-4087-4dd0-8598-5abddcc696b9: receive RaftClientReply:client-9C97446E6A25->2573df58-4087-4dd0-8598-5abddcc696b9@group-CE3C0447B19C, cid=1647, SUCCESS, logIndex=2790, commits[2573df58-4087-4dd0-8598-5abddcc696b9:c2792]
2019-06-13 21:51:38,746 INFO  client.GrpcClientProtocolClient (GrpcClientProtocolClient.java:onNext(254)) - client-9C97446E6A25->2573df58-4087-4dd0-8598-5abddcc696b9: receive RaftClientReply:client-9C97446E6A25->2573df58-4087-4dd0-8598-5abddcc696b9@group-CE3C0447B19C, cid=1648, SUCCESS, logIndex=2791, commits[2573df58-4087-4dd0-8598-5abddcc696b9:c2792]
2019-06-13 21:51:38,795 DEBUG block.SCMBlockDeletingService (SCMBlockDeletingService.java:call(138)) - Running DeletedBlockTransactionScanner
2019-06-13 21:51:38,796 DEBUG block.SCMBlockDeletingService (SCMBlockDeletingService.java:call(155)) - Scanned deleted blocks log and got 0 delTX to process.
2019-06-13 21:51:38,810 INFO  client.GrpcClientProtocolClient (GrpcClientProtocolClient.java:onNext(254)) - client-9C97446E6A25->2573df58-4087-4dd0-8598-5abddcc696b9: receive RaftClientReply:client-9C97446E6A25->2573df58-4087-4dd0-8598-5abddcc696b9@group-CE3C0447B19C, cid=1649, SUCCESS, logIndex=2793, commits[2573df58-4087-4dd0-8598-5abddcc696b9:c2793]
2019-06-13 21:51:38,811 INFO  client.GrpcClientProtocolClient (GrpcClientProtocolClient.java:onNext(254)) - client-9C97446E6A25->2573df58-4087-4dd0-8598-5abddcc696b9: receive RaftClientReply:client-9C97446E6A25->2573df58-4087-4dd0-8598-5abddcc696b9@group-CE3C0447B19C, cid=1650, SUCCESS, logIndex=2795, commits[2573df58-4087-4dd0-8598-5abddcc696b9:c2795]
2019-06-13 21:51:38,812 INFO  client.GrpcClientProtocolClient (GrpcClientProtocolClient.java:onNext(254)) - client-9C97446E6A25->2573df58-4087-4dd0-8598-5abddcc696b9: receive RaftClientReply:client-9C97446E6A25->2573df58-4087-4dd0-8598-5abddcc696b9@group-CE3C0447B19C, cid=1651, SUCCESS, logIndex=2796, commits[2573df58-4087-4dd0-8598-5abddcc696b9:c2798]
2019-06-13 21:51:38,813 INFO  client.GrpcClientProtocolClient (GrpcClientProtocolClient.java:onNext(254)) - client-9C97446E6A25->2573df58-4087-4dd0-8598-5abddcc696b9: receive RaftClientReply:client-9C97446E6A25->2573df58-4087-4dd0-8598-5abddcc696b9@group-CE3C0447B19C, cid=1652, SUCCESS, logIndex=2797, commits[2573df58-4087-4dd0-8598-5abddcc696b9:c2798]
2019-06-13 21:51:38,818 INFO  client.GrpcClientProtocolClient (GrpcClientProtocolClient.java:onNext(254)) - client-9C97446E6A25->2573df58-4087-4dd0-8598-5abddcc696b9: receive RaftClientReply:client-9C97446E6A25->2573df58-4087-4dd0-8598-5abddcc696b9@group-CE3C0447B19C, cid=1653, SUCCESS, logIndex=2799, commits[2573df58-4087-4dd0-8598-5abddcc696b9:c2799]
2019-06-13 21:51:38,819 INFO  client.GrpcClientProtocolClient (GrpcClientProtocolClient.java:onNext(254)) - client-9C97446E6A25->2573df58-4087-4dd0-8598-5abddcc696b9: receive RaftClientReply:client-9C97446E6A25->2573df58-4087-4dd0-8598-5abddcc696b9@group-CE3C0447B19C, cid=1654, SUCCESS, logIndex=2801, commits[2573df58-4087-4dd0-8598-5abddcc696b9:c2801]
2019-06-13 21:51:38,821 INFO  client.GrpcClientProtocolClient (GrpcClientProtocolClient.java:onNext(254)) - client-9C97446E6A25->2573df58-4087-4dd0-8598-5abddcc696b9: receive RaftClientReply:client-9C97446E6A25->2573df58-4087-4dd0-8598-5abddcc696b9@group-CE3C0447B19C, cid=1655, SUCCESS, logIndex=2802, commits[2573df58-4087-4dd0-8598-5abddcc696b9:c2804]
2019-06-13 21:51:38,821 INFO  client.GrpcClientProtocolClient (GrpcClientProtocolClient.java:onNext(254)) - client-9C97446E6A25->2573df58-4087-4dd0-8598-5abddcc696b9: receive RaftClientReply:client-9C97446E6A25->2573df58-4087-4dd0-8598-5abddcc696b9@group-CE3C0447B19C, cid=1656, SUCCESS, logIndex=2803, commits[2573df58-4087-4dd0-8598-5abddcc696b9:c2804]
2019-06-13 21:51:38,831 INFO  client.GrpcClientProtocolClient (GrpcClientProtocolClient.java:onNext(254)) - client-9C97446E6A25->2573df58-4087-4dd0-8598-5abddcc696b9: receive RaftClientReply:client-9C97446E6A25->2573df58-4087-4dd0-8598-5abddcc696b9@group-CE3C0447B19C, cid=1657, SUCCESS, logIndex=2805, commits[2573df58-4087-4dd0-8598-5abddcc696b9:c2805]
2019-06-13 21:51:38,832 INFO  client.GrpcClientProtocolClient (GrpcClientProtocolClient.java:onNext(254)) - client-9C97446E6A25->2573df58-4087-4dd0-8598-5abddcc696b9: receive RaftClientReply:client-9C97446E6A25->2573df58-4087-4dd0-8598-5abddcc696b9@group-CE3C0447B19C, cid=1658, SUCCESS, logIndex=2807, commits[2573df58-4087-4dd0-8598-5abddcc696b9:c2807]
2019-06-13 21:51:38,833 INFO  client.GrpcClientProtocolClient (GrpcClientProtocolClient.java:onNext(254)) - client-9C97446E6A25->2573df58-4087-4dd0-8598-5abddcc696b9: receive RaftClientReply:client-9C97446E6A25->2573df58-4087-4dd0-8598-5abddcc696b9@group-CE3C0447B19C, cid=1659, SUCCESS, logIndex=2808, commits[2573df58-4087-4dd0-8598-5abddcc696b9:c2810]
2019-06-13 21:51:38,833 INFO  client.GrpcClientProtocolClient (GrpcClientProtocolClient.java:onNext(254)) - client-9C97446E6A25->2573df58-4087-4dd0-8598-5abddcc696b9: receive RaftClientReply:client-9C97446E6A25->2573df58-4087-4dd0-8598-5abddcc696b9@group-CE3C0447B19C, cid=1660, SUCCESS, logIndex=2809, commits[2573df58-4087-4dd0-8598-5abddcc696b9:c2810]
2019-06-13 21:51:38,838 INFO  client.GrpcClientProtocolClient (GrpcClientProtocolClient.java:onNext(254)) - client-9C97446E6A25->2573df58-4087-4dd0-8598-5abddcc696b9: receive RaftClientReply:client-9C97446E6A25->2573df58-4087-4dd0-8598-5abddcc696b9@group-CE3C0447B19C, cid=1661, SUCCESS, logIndex=2811, commits[2573df58-4087-4dd0-8598-5abddcc696b9:c2811]
2019-06-13 21:51:38,843 INFO  client.GrpcClientProtocolClient (GrpcClientProtocolClient.java:onNext(254)) - client-9C97446E6A25->2573df58-4087-4dd0-8598-5abddcc696b9: receive RaftClientReply:client-9C97446E6A25->2573df58-4087-4dd0-8598-5abddcc696b9@group-CE3C0447B19C, cid=1662, SUCCESS, logIndex=2813, commits[2573df58-4087-4dd0-8598-5abddcc696b9:c2813]
2019-06-13 21:51:38,843 INFO  client.GrpcClientProtocolClient (GrpcClientProtocolClient.java:onNext(254)) - client-9C97446E6A25->2573df58-4087-4dd0-8598-5abddcc696b9: receive RaftClientReply:client-9C97446E6A25->2573df58-4087-4dd0-8598-5abddcc696b9@group-CE3C0447B19C, cid=1663, SUCCESS, logIndex=2814, commits[2573df58-4087-4dd0-8598-5abddcc696b9:c2815]
2019-06-13 21:51:38,843 INFO  client.GrpcClientProtocolClient (GrpcClientProtocolClient.java:onNext(254)) - client-9C97446E6A25->2573df58-4087-4dd0-8598-5abddcc696b9: receive RaftClientReply:client-9C97446E6A25->2573df58-4087-4dd0-8598-5abddcc696b9@group-CE3C0447B19C, cid=1664, SUCCESS, logIndex=2815, commits[2573df58-4087-4dd0-8598-5abddcc696b9:c2815]
2019-06-13 21:51:38,855 INFO  client.GrpcClientProtocolClient (GrpcClientProtocolClient.java:onNext(254)) - client-9C97446E6A25->2573df58-4087-4dd0-8598-5abddcc696b9: receive RaftClientReply:client-9C97446E6A25->2573df58-4087-4dd0-8598-5abddcc696b9@group-CE3C0447B19C, cid=1665, SUCCESS, logIndex=2818, commits[2573df58-4087-4dd0-8598-5abddcc696b9:c2818]
2019-06-13 21:51:38,858 INFO  client.GrpcClientProtocolClient (GrpcClientProtocolClient.java:onNext(254)) - client-9C97446E6A25->2573df58-4087-4dd0-8598-5abddcc696b9: receive RaftClientReply:client-9C97446E6A25->2573df58-4087-4dd0-8598-5abddcc696b9@group-CE3C0447B19C, cid=1666, SUCCESS, logIndex=2820, commits[2573df58-4087-4dd0-8598-5abddcc696b9:c2820]
2019-06-13 21:51:38,858 INFO  client.GrpcClientProtocolClient (GrpcClientProtocolClient.java:onNext(254)) - client-9C97446E6A25->2573df58-4087-4dd0-8598-5abddcc696b9: receive RaftClientReply:client-9C97446E6A25->2573df58-4087-4dd0-8598-5abddcc696b9@group-CE3C0447B19C, cid=1667, SUCCESS, logIndex=2821, commits[2573df58-4087-4dd0-8598-5abddcc696b9:c2822]
2019-06-13 21:51:38,859 INFO  client.GrpcClientProtocolClient (GrpcClientProtocolClient.java:onNext(254)) - client-9C97446E6A25->2573df58-4087-4dd0-8598-5abddcc696b9: receive RaftClientReply:client-9C97446E6A25->2573df58-4087-4dd0-8598-5abddcc696b9@group-CE3C0447B19C, cid=1668, SUCCESS, logIndex=2822, commits[2573df58-4087-4dd0-8598-5abddcc696b9:c2823]
2019-06-13 21:51:38,864 INFO  client.GrpcClientProtocolClient (GrpcClientProtocolClient.java:onNext(254)) - client-9C97446E6A25->2573df58-4087-4dd0-8598-5abddcc696b9: receive RaftClientReply:client-9C97446E6A25->2573df58-4087-4dd0-8598-5abddcc696b9@group-CE3C0447B19C, cid=1669, SUCCESS, logIndex=2825, commits[2573df58-4087-4dd0-8598-5abddcc696b9:c2825]
2019-06-13 21:51:38,865 INFO  client.GrpcClientProtocolClient (GrpcClientProtocolClient.java:onNext(254)) - client-9C97446E6A25->2573df58-4087-4dd0-8598-5abddcc696b9: receive RaftClientReply:client-9C97446E6A25->2573df58-4087-4dd0-8598-5abddcc696b9@group-CE3C0447B19C, cid=1670, SUCCESS, logIndex=2827, commits[2573df58-4087-4dd0-8598-5abddcc696b9:c2827]
2019-06-13 21:51:38,866 INFO  client.GrpcClientProtocolClient (GrpcClientProtocolClient.java:onNext(254)) - client-9C97446E6A25->2573df58-4087-4dd0-8598-5abddcc696b9: receive RaftClientReply:client-9C97446E6A25->2573df58-4087-4dd0-8598-5abddcc696b9@group-CE3C0447B19C, cid=1671, SUCCESS, logIndex=2828, commits[2573df58-4087-4dd0-8598-5abddcc696b9:c2830]
2019-06-13 21:51:38,866 INFO  client.GrpcClientProtocolClient (GrpcClientProtocolClient.java:onNext(254)) - client-9C97446E6A25->2573df58-4087-4dd0-8598-5abddcc696b9: receive RaftClientReply:client-9C97446E6A25->2573df58-4087-4dd0-8598-5abddcc696b9@group-CE3C0447B19C, cid=1672, SUCCESS, logIndex=2829, commits[2573df58-4087-4dd0-8598-5abddcc696b9:c2830]
2019-06-13 21:51:38,872 INFO  storage.RaftLogWorker (RaftLogWorker.java:rollLogSegment(303)) - 2573df58-4087-4dd0-8598-5abddcc696b9-RaftLogWorker: Rolling segment log-2762_2830 to index:2830
2019-06-13 21:51:38,873 INFO  storage.RaftLogWorker (RaftLogWorker.java:execute(433)) - 2573df58-4087-4dd0-8598-5abddcc696b9-RaftLogWorker: Rolled log segment from /opt/src/hadoop-ozone/integration-test/target/test-dir/MiniOzoneClusterImpl-8578056e-9b7b-4e66-9e9f-ef53d5cd7c03/datanode-0/data/ratis/7f5c2536-ed89-4233-9ec0-ce3c0447b19c/current/log_inprogress_2762 to /opt/src/hadoop-ozone/integration-test/target/test-dir/MiniOzoneClusterImpl-8578056e-9b7b-4e66-9e9f-ef53d5cd7c03/datanode-0/data/ratis/7f5c2536-ed89-4233-9ec0-ce3c0447b19c/current/log_2762-2830
2019-06-13 21:51:38,896 DEBUG block.SCMBlockDeletingService (SCMBlockDeletingService.java:call(138)) - Running DeletedBlockTransactionScanner
2019-06-13 21:51:38,896 DEBUG block.SCMBlockDeletingService (SCMBlockDeletingService.java:call(155)) - Scanned deleted blocks log and got 0 delTX to process.
2019-06-13 21:51:38,909 INFO  storage.RaftLogWorker (RaftLogWorker.java:execute(469)) - 2573df58-4087-4dd0-8598-5abddcc696b9-RaftLogWorker: created new log segment /opt/src/hadoop-ozone/integration-test/target/test-dir/MiniOzoneClusterImpl-8578056e-9b7b-4e66-9e9f-ef53d5cd7c03/datanode-0/data/ratis/7f5c2536-ed89-4233-9ec0-ce3c0447b19c/current/log_inprogress_2831
2019-06-13 21:51:38,912 INFO  client.GrpcClientProtocolClient (GrpcClientProtocolClient.java:onNext(254)) - client-9C97446E6A25->2573df58-4087-4dd0-8598-5abddcc696b9: receive RaftClientReply:client-9C97446E6A25->2573df58-4087-4dd0-8598-5abddcc696b9@group-CE3C0447B19C, cid=1673, SUCCESS, logIndex=2831, commits[2573df58-4087-4dd0-8598-5abddcc696b9:c2831]
2019-06-13 21:51:38,914 INFO  client.GrpcClientProtocolClient (GrpcClientProtocolClient.java:onNext(254)) - client-9C97446E6A25->2573df58-4087-4dd0-8598-5abddcc696b9: receive RaftClientReply:client-9C97446E6A25->2573df58-4087-4dd0-8598-5abddcc696b9@group-CE3C0447B19C, cid=1674, SUCCESS, logIndex=2833, commits[2573df58-4087-4dd0-8598-5abddcc696b9:c2833]
2019-06-13 21:51:38,914 INFO  client.GrpcClientProtocolClient (GrpcClientProtocolClient.java:onNext(254)) - client-9C97446E6A25->2573df58-4087-4dd0-8598-5abddcc696b9: receive RaftClientReply:client-9C97446E6A25->2573df58-4087-4dd0-8598-5abddcc696b9@group-CE3C0447B19C, cid=1675, SUCCESS, logIndex=2834, commits[2573df58-4087-4dd0-8598-5abddcc696b9:c2836]
2019-06-13 21:51:38,915 INFO  client.GrpcClientProtocolClient (GrpcClientProtocolClient.java:onNext(254)) - client-9C97446E6A25->2573df58-4087-4dd0-8598-5abddcc696b9: receive RaftClientReply:client-9C97446E6A25->2573df58-4087-4dd0-8598-5abddcc696b9@group-CE3C0447B19C, cid=1676, SUCCESS, logIndex=2835, commits[2573df58-4087-4dd0-8598-5abddcc696b9:c2836]
2019-06-13 21:51:38,922 INFO  client.GrpcClientProtocolClient (GrpcClientProtocolClient.java:onNext(254)) - client-9C97446E6A25->2573df58-4087-4dd0-8598-5abddcc696b9: receive RaftClientReply:client-9C97446E6A25->2573df58-4087-4dd0-8598-5abddcc696b9@group-CE3C0447B19C, cid=1677, SUCCESS, logIndex=2837, commits[2573df58-4087-4dd0-8598-5abddcc696b9:c2837]
2019-06-13 21:51:38,923 INFO  client.GrpcClientProtocolClient (GrpcClientProtocolClient.java:onNext(254)) - client-9C97446E6A25->2573df58-4087-4dd0-8598-5abddcc696b9: receive RaftClientReply:client-9C97446E6A25->2573df58-4087-4dd0-8598-5abddcc696b9@group-CE3C0447B19C, cid=1678, SUCCESS, logIndex=2839, commits[2573df58-4087-4dd0-8598-5abddcc696b9:c2839]
2019-06-13 21:51:38,989 INFO  client.GrpcClientProtocolClient (GrpcClientProtocolClient.java:onNext(254)) - client-9C97446E6A25->2573df58-4087-4dd0-8598-5abddcc696b9: receive RaftClientReply:client-9C97446E6A25->2573df58-4087-4dd0-8598-5abddcc696b9@group-CE3C0447B19C, cid=1679, SUCCESS, logIndex=2841, commits[2573df58-4087-4dd0-8598-5abddcc696b9:c2841]
2019-06-13 21:51:38,990 INFO  client.GrpcClientProtocolClient (GrpcClientProtocolClient.java:onNext(254)) - client-9C97446E6A25->2573df58-4087-4dd0-8598-5abddcc696b9: receive RaftClientReply:client-9C97446E6A25->2573df58-4087-4dd0-8598-5abddcc696b9@group-CE3C0447B19C, cid=1680, SUCCESS, logIndex=2843, commits[2573df58-4087-4dd0-8598-5abddcc696b9:c2843]
2019-06-13 21:51:38,996 DEBUG block.SCMBlockDeletingService (SCMBlockDeletingService.java:call(138)) - Running DeletedBlockTransactionScanner
2019-06-13 21:51:38,996 DEBUG block.SCMBlockDeletingService (SCMBlockDeletingService.java:call(155)) - Scanned deleted blocks log and got 0 delTX to process.
2019-06-13 21:51:39,000 INFO  client.GrpcClientProtocolClient (GrpcClientProtocolClient.java:onNext(254)) - client-9C97446E6A25->2573df58-4087-4dd0-8598-5abddcc696b9: receive RaftClientReply:client-9C97446E6A25->2573df58-4087-4dd0-8598-5abddcc696b9@group-CE3C0447B19C, cid=1681, SUCCESS, logIndex=2845, commits[2573df58-4087-4dd0-8598-5abddcc696b9:c2845]
2019-06-13 21:51:39,002 INFO  client.GrpcClientProtocolClient (GrpcClientProtocolClient.java:onNext(254)) - client-9C97446E6A25->2573df58-4087-4dd0-8598-5abddcc696b9: receive RaftClientReply:client-9C97446E6A25->2573df58-4087-4dd0-8598-5abddcc696b9@group-CE3C0447B19C, cid=1682, SUCCESS, logIndex=2847, commits[2573df58-4087-4dd0-8598-5abddcc696b9:c2847]
2019-06-13 21:51:39,003 INFO  client.GrpcClientProtocolClient (GrpcClientProtocolClient.java:onNext(254)) - client-9C97446E6A25->2573df58-4087-4dd0-8598-5abddcc696b9: receive RaftClientReply:client-9C97446E6A25->2573df58-4087-4dd0-8598-5abddcc696b9@group-CE3C0447B19C, cid=1683, SUCCESS, logIndex=2848, commits[2573df58-4087-4dd0-8598-5abddcc696b9:c2850]
2019-06-13 21:51:39,003 INFO  client.GrpcClientProtocolClient (GrpcClientProtocolClient.java:onNext(254)) - client-9C97446E6A25->2573df58-4087-4dd0-8598-5abddcc696b9: receive RaftClientReply:client-9C97446E6A25->2573df58-4087-4dd0-8598-5abddcc696b9@group-CE3C0447B19C, cid=1684, SUCCESS, logIndex=2850, commits[2573df58-4087-4dd0-8598-5abddcc696b9:c2850]
2019-06-13 21:51:39,009 INFO  client.GrpcClientProtocolClient (GrpcClientProtocolClient.java:onNext(254)) - client-9C97446E6A25->2573df58-4087-4dd0-8598-5abddcc696b9: receive RaftClientReply:client-9C97446E6A25->2573df58-4087-4dd0-8598-5abddcc696b9@group-CE3C0447B19C, cid=1685, SUCCESS, logIndex=2852, commits[2573df58-4087-4dd0-8598-5abddcc696b9:c2852]
2019-06-13 21:51:39,012 INFO  client.GrpcClientProtocolClient (GrpcClientProtocolClient.java:onNext(254)) - client-9C97446E6A25->2573df58-4087-4dd0-8598-5abddcc696b9: receive RaftClientReply:client-9C97446E6A25->2573df58-4087-4dd0-8598-5abddcc696b9@group-CE3C0447B19C, cid=1686, SUCCESS, logIndex=2854, commits[2573df58-4087-4dd0-8598-5abddcc696b9:c2854]
2019-06-13 21:51:39,013 INFO  client.GrpcClientProtocolClient (GrpcClientProtocolClient.java:onNext(254)) - client-9C97446E6A25->2573df58-4087-4dd0-8598-5abddcc696b9: receive RaftClientReply:client-9C97446E6A25->2573df58-4087-4dd0-8598-5abddcc696b9@group-CE3C0447B19C, cid=1687, SUCCESS, logIndex=2855, commits[2573df58-4087-4dd0-8598-5abddcc696b9:c2857]
2019-06-13 21:51:39,013 INFO  client.GrpcClientProtocolClient (GrpcClientProtocolClient.java:onNext(254)) - client-9C97446E6A25->2573df58-4087-4dd0-8598-5abddcc696b9: receive RaftClientReply:client-9C97446E6A25->2573df58-4087-4dd0-8598-5abddcc696b9@group-CE3C0447B19C, cid=1688, SUCCESS, logIndex=2856, commits[2573df58-4087-4dd0-8598-5abddcc696b9:c2857]
2019-06-13 21:51:39,022 INFO  client.GrpcClientProtocolClient (GrpcClientProtocolClient.java:onNext(254)) - client-9C97446E6A25->2573df58-4087-4dd0-8598-5abddcc696b9: receive RaftClientReply:client-9C97446E6A25->2573df58-4087-4dd0-8598-5abddcc696b9@group-CE3C0447B19C, cid=1689, SUCCESS, logIndex=2858, commits[2573df58-4087-4dd0-8598-5abddcc696b9:c2858]
2019-06-13 21:51:39,024 INFO  client.GrpcClientProtocolClient (GrpcClientProtocolClient.java:onNext(254)) - client-9C97446E6A25->2573df58-4087-4dd0-8598-5abddcc696b9: receive RaftClientReply:client-9C97446E6A25->2573df58-4087-4dd0-8598-5abddcc696b9@group-CE3C0447B19C, cid=1690, SUCCESS, logIndex=2860, commits[2573df58-4087-4dd0-8598-5abddcc696b9:c2860]
2019-06-13 21:51:39,025 INFO  client.GrpcClientProtocolClient (GrpcClientProtocolClient.java:onNext(254)) - client-9C97446E6A25->2573df58-4087-4dd0-8598-5abddcc696b9: receive RaftClientReply:client-9C97446E6A25->2573df58-4087-4dd0-8598-5abddcc696b9@group-CE3C0447B19C, cid=1691, SUCCESS, logIndex=2861, commits[2573df58-4087-4dd0-8598-5abddcc696b9:c2862]
2019-06-13 21:51:39,025 INFO  client.GrpcClientProtocolClient (GrpcClientProtocolClient.java:onNext(254)) - client-9C97446E6A25->2573df58-4087-4dd0-8598-5abddcc696b9: receive RaftClientReply:client-9C97446E6A25->2573df58-4087-4dd0-8598-5abddcc696b9@group-CE3C0447B19C, cid=1692, SUCCESS, logIndex=2862, commits[2573df58-4087-4dd0-8598-5abddcc696b9:c2862]
2019-06-13 21:51:39,030 INFO  client.GrpcClientProtocolClient (GrpcClientProtocolClient.java:onNext(254)) - client-9C97446E6A25->2573df58-4087-4dd0-8598-5abddcc696b9: receive RaftClientReply:client-9C97446E6A25->2573df58-4087-4dd0-8598-5abddcc696b9@group-CE3C0447B19C, cid=1693, SUCCESS, logIndex=2865, commits[2573df58-4087-4dd0-8598-5abddcc696b9:c2865]
2019-06-13 21:51:39,031 INFO  client.GrpcClientProtocolClient (GrpcClientProtocolClient.java:onNext(254)) - client-9C97446E6A25->2573df58-4087-4dd0-8598-5abddcc696b9: receive RaftClientReply:client-9C97446E6A25->2573df58-4087-4dd0-8598-5abddcc696b9@group-CE3C0447B19C, cid=1694, SUCCESS, logIndex=2867, commits[2573df58-4087-4dd0-8598-5abddcc696b9:c2867]
2019-06-13 21:51:39,033 INFO  client.GrpcClientProtocolClient (GrpcClientProtocolClient.java:onNext(254)) - client-9C97446E6A25->2573df58-4087-4dd0-8598-5abddcc696b9: receive RaftClientReply:client-9C97446E6A25->2573df58-4087-4dd0-8598-5abddcc696b9@group-CE3C0447B19C, cid=1695, SUCCESS, logIndex=2868, commits[2573df58-4087-4dd0-8598-5abddcc696b9:c2870]
2019-06-13 21:51:39,033 INFO  client.GrpcClientProtocolClient (GrpcClientProtocolClient.java:onNext(254)) - client-9C97446E6A25->2573df58-4087-4dd0-8598-5abddcc696b9: receive RaftClientReply:client-9C97446E6A25->2573df58-4087-4dd0-8598-5abddcc696b9@group-CE3C0447B19C, cid=1696, SUCCESS, logIndex=2869, commits[2573df58-4087-4dd0-8598-5abddcc696b9:c2870]
2019-06-13 21:51:39,043 INFO  client.GrpcClientProtocolClient (GrpcClientProtocolClient.java:onNext(254)) - client-9C97446E6A25->2573df58-4087-4dd0-8598-5abddcc696b9: receive RaftClientReply:client-9C97446E6A25->2573df58-4087-4dd0-8598-5abddcc696b9@group-CE3C0447B19C, cid=1697, SUCCESS, logIndex=2871, commits[2573df58-4087-4dd0-8598-5abddcc696b9:c2871]
2019-06-13 21:51:39,044 INFO  client.GrpcClientProtocolClient (GrpcClientProtocolClient.java:onNext(254)) - client-9C97446E6A25->2573df58-4087-4dd0-8598-5abddcc696b9: receive RaftClientReply:client-9C97446E6A25->2573df58-4087-4dd0-8598-5abddcc696b9@group-CE3C0447B19C, cid=1698, SUCCESS, logIndex=2873, commits[2573df58-4087-4dd0-8598-5abddcc696b9:c2873]
2019-06-13 21:51:39,046 INFO  client.GrpcClientProtocolClient (GrpcClientProtocolClient.java:onNext(254)) - client-9C97446E6A25->2573df58-4087-4dd0-8598-5abddcc696b9: receive RaftClientReply:client-9C97446E6A25->2573df58-4087-4dd0-8598-5abddcc696b9@group-CE3C0447B19C, cid=1699, SUCCESS, logIndex=2875, commits[2573df58-4087-4dd0-8598-5abddcc696b9:c2876]
2019-06-13 21:51:39,047 INFO  client.GrpcClientProtocolClient (GrpcClientProtocolClient.java:onNext(254)) - client-9C97446E6A25->2573df58-4087-4dd0-8598-5abddcc696b9: receive RaftClientReply:client-9C97446E6A25->2573df58-4087-4dd0-8598-5abddcc696b9@group-CE3C0447B19C, cid=1700, SUCCESS, logIndex=2876, commits[2573df58-4087-4dd0-8598-5abddcc696b9:c2876]
2019-06-13 21:51:39,054 INFO  client.GrpcClientProtocolClient (GrpcClientProtocolClient.java:onNext(254)) - client-9C97446E6A25->2573df58-4087-4dd0-8598-5abddcc696b9: receive RaftClientReply:client-9C97446E6A25->2573df58-4087-4dd0-8598-5abddcc696b9@group-CE3C0447B19C, cid=1701, SUCCESS, logIndex=2878, commits[2573df58-4087-4dd0-8598-5abddcc696b9:c2878]
2019-06-13 21:51:39,055 INFO  client.GrpcClientProtocolClient (GrpcClientProtocolClient.java:onNext(254)) - client-9C97446E6A25->2573df58-4087-4dd0-8598-5abddcc696b9: receive RaftClientReply:client-9C97446E6A25->2573df58-4087-4dd0-8598-5abddcc696b9@group-CE3C0447B19C, cid=1702, SUCCESS, logIndex=2880, commits[2573df58-4087-4dd0-8598-5abddcc696b9:c2880]
2019-06-13 21:51:39,056 INFO  client.GrpcClientProtocolClient (GrpcClientProtocolClient.java:onNext(254)) - client-9C97446E6A25->2573df58-4087-4dd0-8598-5abddcc696b9: receive RaftClientReply:client-9C97446E6A25->2573df58-4087-4dd0-8598-5abddcc696b9@group-CE3C0447B19C, cid=1703, SUCCESS, logIndex=2881, commits[2573df58-4087-4dd0-8598-5abddcc696b9:c2883]
2019-06-13 21:51:39,056 INFO  client.GrpcClientProtocolClient (GrpcClientProtocolClient.java:onNext(254)) - client-9C97446E6A25->2573df58-4087-4dd0-8598-5abddcc696b9: receive RaftClientReply:client-9C97446E6A25->2573df58-4087-4dd0-8598-5abddcc696b9@group-CE3C0447B19C, cid=1704, SUCCESS, logIndex=2882, commits[2573df58-4087-4dd0-8598-5abddcc696b9:c2883]
2019-06-13 21:51:39,065 INFO  client.GrpcClientProtocolClient (GrpcClientProtocolClient.java:onNext(254)) - client-9C97446E6A25->2573df58-4087-4dd0-8598-5abddcc696b9: receive RaftClientReply:client-9C97446E6A25->2573df58-4087-4dd0-8598-5abddcc696b9@group-CE3C0447B19C, cid=1705, SUCCESS, logIndex=2884, commits[2573df58-4087-4dd0-8598-5abddcc696b9:c2884]
2019-06-13 21:51:39,067 INFO  client.GrpcClientProtocolClient (GrpcClientProtocolClient.java:onNext(254)) - client-9C97446E6A25->2573df58-4087-4dd0-8598-5abddcc696b9: receive RaftClientReply:client-9C97446E6A25->2573df58-4087-4dd0-8598-5abddcc696b9@group-CE3C0447B19C, cid=1706, SUCCESS, logIndex=2886, commits[2573df58-4087-4dd0-8598-5abddcc696b9:c2886]
2019-06-13 21:51:39,067 INFO  client.GrpcClientProtocolClient (GrpcClientProtocolClient.java:onNext(254)) - client-9C97446E6A25->2573df58-4087-4dd0-8598-5abddcc696b9: receive RaftClientReply:client-9C97446E6A25->2573df58-4087-4dd0-8598-5abddcc696b9@group-CE3C0447B19C, cid=1707, SUCCESS, logIndex=2887, commits[2573df58-4087-4dd0-8598-5abddcc696b9:c2889]
2019-06-13 21:51:39,068 INFO  client.GrpcClientProtocolClient (GrpcClientProtocolClient.java:onNext(254)) - client-9C97446E6A25->2573df58-4087-4dd0-8598-5abddcc696b9: receive RaftClientReply:client-9C97446E6A25->2573df58-4087-4dd0-8598-5abddcc696b9@group-CE3C0447B19C, cid=1708, SUCCESS, logIndex=2888, commits[2573df58-4087-4dd0-8598-5abddcc696b9:c2889]
2019-06-13 21:51:39,073 INFO  client.GrpcClientProtocolClient (GrpcClientProtocolClient.java:onNext(254)) - client-9C97446E6A25->2573df58-4087-4dd0-8598-5abddcc696b9: receive RaftClientReply:client-9C97446E6A25->2573df58-4087-4dd0-8598-5abddcc696b9@group-CE3C0447B19C, cid=1709, SUCCESS, logIndex=2890, commits[2573df58-4087-4dd0-8598-5abddcc696b9:c2890]
2019-06-13 21:51:39,075 INFO  client.GrpcClientProtocolClient (GrpcClientProtocolClient.java:onNext(254)) - client-9C97446E6A25->2573df58-4087-4dd0-8598-5abddcc696b9: receive RaftClientReply:client-9C97446E6A25->2573df58-4087-4dd0-8598-5abddcc696b9@group-CE3C0447B19C, cid=1710, SUCCESS, logIndex=2892, commits[2573df58-4087-4dd0-8598-5abddcc696b9:c2892]
2019-06-13 21:51:39,076 INFO  client.GrpcClientProtocolClient (GrpcClientProtocolClient.java:onNext(254)) - client-9C97446E6A25->2573df58-4087-4dd0-8598-5abddcc696b9: receive RaftClientReply:client-9C97446E6A25->2573df58-4087-4dd0-8598-5abddcc696b9@group-CE3C0447B19C, cid=1711, SUCCESS, logIndex=2893, commits[2573df58-4087-4dd0-8598-5abddcc696b9:c2894]
2019-06-13 21:51:39,076 INFO  client.GrpcClientProtocolClient (GrpcClientProtocolClient.java:onNext(254)) - client-9C97446E6A25->2573df58-4087-4dd0-8598-5abddcc696b9: receive RaftClientReply:client-9C97446E6A25->2573df58-4087-4dd0-8598-5abddcc696b9@group-CE3C0447B19C, cid=1712, SUCCESS, logIndex=2894, commits[2573df58-4087-4dd0-8598-5abddcc696b9:c2894]
2019-06-13 21:51:39,084 INFO  client.GrpcClientProtocolClient (GrpcClientProtocolClient.java:onNext(254)) - client-9C97446E6A25->2573df58-4087-4dd0-8598-5abddcc696b9: receive RaftClientReply:client-9C97446E6A25->2573df58-4087-4dd0-8598-5abddcc696b9@group-CE3C0447B19C, cid=1713, SUCCESS, logIndex=2897, commits[2573df58-4087-4dd0-8598-5abddcc696b9:c2897]
2019-06-13 21:51:39,085 INFO  client.GrpcClientProtocolClient (GrpcClientProtocolClient.java:onNext(254)) - client-9C97446E6A25->2573df58-4087-4dd0-8598-5abddcc696b9: receive RaftClientReply:client-9C97446E6A25->2573df58-4087-4dd0-8598-5abddcc696b9@group-CE3C0447B19C, cid=1714, SUCCESS, logIndex=2899, commits[2573df58-4087-4dd0-8598-5abddcc696b9:c2899]
2019-06-13 21:51:39,087 INFO  client.GrpcClientProtocolClient (GrpcClientProtocolClient.java:onNext(254)) - client-9C97446E6A25->2573df58-4087-4dd0-8598-5abddcc696b9: receive RaftClientReply:client-9C97446E6A25->2573df58-4087-4dd0-8598-5abddcc696b9@group-CE3C0447B19C, cid=1715, SUCCESS, logIndex=2900, commits[2573df58-4087-4dd0-8598-5abddcc696b9:c2902]
2019-06-13 21:51:39,087 INFO  client.GrpcClientProtocolClient (GrpcClientProtocolClient.java:onNext(254)) - client-9C97446E6A25->2573df58-4087-4dd0-8598-5abddcc696b9: receive RaftClientReply:client-9C97446E6A25->2573df58-4087-4dd0-8598-5abddcc696b9@group-CE3C0447B19C, cid=1716, SUCCESS, logIndex=2901, commits[2573df58-4087-4dd0-8598-5abddcc696b9:c2902]
2019-06-13 21:51:39,090 INFO  storage.RaftLogWorker (RaftLogWorker.java:rollLogSegment(303)) - 2573df58-4087-4dd0-8598-5abddcc696b9-RaftLogWorker: Rolling segment log-2831_2902 to index:2902
2019-06-13 21:51:39,091 INFO  storage.RaftLogWorker (RaftLogWorker.java:execute(433)) - 2573df58-4087-4dd0-8598-5abddcc696b9-RaftLogWorker: Rolled log segment from /opt/src/hadoop-ozone/integration-test/target/test-dir/MiniOzoneClusterImpl-8578056e-9b7b-4e66-9e9f-ef53d5cd7c03/datanode-0/data/ratis/7f5c2536-ed89-4233-9ec0-ce3c0447b19c/current/log_inprogress_2831 to /opt/src/hadoop-ozone/integration-test/target/test-dir/MiniOzoneClusterImpl-8578056e-9b7b-4e66-9e9f-ef53d5cd7c03/datanode-0/data/ratis/7f5c2536-ed89-4233-9ec0-ce3c0447b19c/current/log_2831-2902
2019-06-13 21:51:39,097 DEBUG block.SCMBlockDeletingService (SCMBlockDeletingService.java:call(138)) - Running DeletedBlockTransactionScanner
2019-06-13 21:51:39,097 DEBUG block.SCMBlockDeletingService (SCMBlockDeletingService.java:call(155)) - Scanned deleted blocks log and got 0 delTX to process.
2019-06-13 21:51:39,127 INFO  storage.RaftLogWorker (RaftLogWorker.java:execute(469)) - 2573df58-4087-4dd0-8598-5abddcc696b9-RaftLogWorker: created new log segment /opt/src/hadoop-ozone/integration-test/target/test-dir/MiniOzoneClusterImpl-8578056e-9b7b-4e66-9e9f-ef53d5cd7c03/datanode-0/data/ratis/7f5c2536-ed89-4233-9ec0-ce3c0447b19c/current/log_inprogress_2903
2019-06-13 21:51:39,128 INFO  client.GrpcClientProtocolClient (GrpcClientProtocolClient.java:onNext(254)) - client-9C97446E6A25->2573df58-4087-4dd0-8598-5abddcc696b9: receive RaftClientReply:client-9C97446E6A25->2573df58-4087-4dd0-8598-5abddcc696b9@group-CE3C0447B19C, cid=1717, SUCCESS, logIndex=2903, commits[2573df58-4087-4dd0-8598-5abddcc696b9:c2903]
2019-06-13 21:51:39,130 INFO  client.GrpcClientProtocolClient (GrpcClientProtocolClient.java:onNext(254)) - client-9C97446E6A25->2573df58-4087-4dd0-8598-5abddcc696b9: receive RaftClientReply:client-9C97446E6A25->2573df58-4087-4dd0-8598-5abddcc696b9@group-CE3C0447B19C, cid=1718, SUCCESS, logIndex=2905, commits[2573df58-4087-4dd0-8598-5abddcc696b9:c2905]
2019-06-13 21:51:39,131 INFO  client.GrpcClientProtocolClient (GrpcClientProtocolClient.java:onNext(254)) - client-9C97446E6A25->2573df58-4087-4dd0-8598-5abddcc696b9: receive RaftClientReply:client-9C97446E6A25->2573df58-4087-4dd0-8598-5abddcc696b9@group-CE3C0447B19C, cid=1719, SUCCESS, logIndex=2906, commits[2573df58-4087-4dd0-8598-5abddcc696b9:c2908]
2019-06-13 21:51:39,131 INFO  client.GrpcClientProtocolClient (GrpcClientProtocolClient.java:onNext(254)) - client-9C97446E6A25->2573df58-4087-4dd0-8598-5abddcc696b9: receive RaftClientReply:client-9C97446E6A25->2573df58-4087-4dd0-8598-5abddcc696b9@group-CE3C0447B19C, cid=1720, SUCCESS, logIndex=2907, commits[2573df58-4087-4dd0-8598-5abddcc696b9:c2908]
2019-06-13 21:51:39,140 INFO  client.GrpcClientProtocolClient (GrpcClientProtocolClient.java:onNext(254)) - client-9C97446E6A25->2573df58-4087-4dd0-8598-5abddcc696b9: receive RaftClientReply:client-9C97446E6A25->2573df58-4087-4dd0-8598-5abddcc696b9@group-CE3C0447B19C, cid=1721, SUCCESS, logIndex=2909, commits[2573df58-4087-4dd0-8598-5abddcc696b9:c2909]
2019-06-13 21:51:39,141 INFO  client.GrpcClientProtocolClient (GrpcClientProtocolClient.java:onNext(254)) - client-9C97446E6A25->2573df58-4087-4dd0-8598-5abddcc696b9: receive RaftClientReply:client-9C97446E6A25->2573df58-4087-4dd0-8598-5abddcc696b9@group-CE3C0447B19C, cid=1722, SUCCESS, logIndex=2911, commits[2573df58-4087-4dd0-8598-5abddcc696b9:c2911]
2019-06-13 21:51:39,142 INFO  client.GrpcClientProtocolClient (GrpcClientProtocolClient.java:onNext(254)) - client-9C97446E6A25->2573df58-4087-4dd0-8598-5abddcc696b9: receive RaftClientReply:client-9C97446E6A25->2573df58-4087-4dd0-8598-5abddcc696b9@group-CE3C0447B19C, cid=1723, SUCCESS, logIndex=2912, commits[2573df58-4087-4dd0-8598-5abddcc696b9:c2914]
2019-06-13 21:51:39,143 INFO  client.GrpcClientProtocolClient (GrpcClientProtocolClient.java:onNext(254)) - client-9C97446E6A25->2573df58-4087-4dd0-8598-5abddcc696b9: receive RaftClientReply:client-9C97446E6A25->2573df58-4087-4dd0-8598-5abddcc696b9@group-CE3C0447B19C, cid=1724, SUCCESS, logIndex=2913, commits[2573df58-4087-4dd0-8598-5abddcc696b9:c2914]
2019-06-13 21:51:39,197 DEBUG block.SCMBlockDeletingService (SCMBlockDeletingService.java:call(138)) - Running DeletedBlockTransactionScanner
2019-06-13 21:51:39,197 DEBUG block.SCMBlockDeletingService (SCMBlockDeletingService.java:call(155)) - Scanned deleted blocks log and got 0 delTX to process.
2019-06-13 21:51:39,259 INFO  client.GrpcClientProtocolClient (GrpcClientProtocolClient.java:onNext(254)) - client-9C97446E6A25->2573df58-4087-4dd0-8598-5abddcc696b9: receive RaftClientReply:client-9C97446E6A25->2573df58-4087-4dd0-8598-5abddcc696b9@group-CE3C0447B19C, cid=1725, SUCCESS, logIndex=2915, commits[2573df58-4087-4dd0-8598-5abddcc696b9:c2915]
2019-06-13 21:51:39,261 INFO  client.GrpcClientProtocolClient (GrpcClientProtocolClient.java:onNext(254)) - client-9C97446E6A25->2573df58-4087-4dd0-8598-5abddcc696b9: receive RaftClientReply:client-9C97446E6A25->2573df58-4087-4dd0-8598-5abddcc696b9@group-CE3C0447B19C, cid=1726, SUCCESS, logIndex=2917, commits[2573df58-4087-4dd0-8598-5abddcc696b9:c2917]
2019-06-13 21:51:39,262 INFO  client.GrpcClientProtocolClient (GrpcClientProtocolClient.java:onNext(254)) - client-9C97446E6A25->2573df58-4087-4dd0-8598-5abddcc696b9: receive RaftClientReply:client-9C97446E6A25->2573df58-4087-4dd0-8598-5abddcc696b9@group-CE3C0447B19C, cid=1727, SUCCESS, logIndex=2918, commits[2573df58-4087-4dd0-8598-5abddcc696b9:c2920]
2019-06-13 21:51:39,262 INFO  client.GrpcClientProtocolClient (GrpcClientProtocolClient.java:onNext(254)) - client-9C97446E6A25->2573df58-4087-4dd0-8598-5abddcc696b9: receive RaftClientReply:client-9C97446E6A25->2573df58-4087-4dd0-8598-5abddcc696b9@group-CE3C0447B19C, cid=1728, SUCCESS, logIndex=2919, commits[2573df58-4087-4dd0-8598-5abddcc696b9:c2920]
2019-06-13 21:51:39,272 INFO  client.GrpcClientProtocolClient (GrpcClientProtocolClient.java:onNext(254)) - client-9C97446E6A25->2573df58-4087-4dd0-8598-5abddcc696b9: receive RaftClientReply:client-9C97446E6A25->2573df58-4087-4dd0-8598-5abddcc696b9@group-CE3C0447B19C, cid=1729, SUCCESS, logIndex=2921, commits[2573df58-4087-4dd0-8598-5abddcc696b9:c2921]
2019-06-13 21:51:39,273 INFO  client.GrpcClientProtocolClient (GrpcClientProtocolClient.java:onNext(254)) - client-9C97446E6A25->2573df58-4087-4dd0-8598-5abddcc696b9: receive RaftClientReply:client-9C97446E6A25->2573df58-4087-4dd0-8598-5abddcc696b9@group-CE3C0447B19C, cid=1730, SUCCESS, logIndex=2923, commits[2573df58-4087-4dd0-8598-5abddcc696b9:c2923]
2019-06-13 21:51:39,275 INFO  client.GrpcClientProtocolClient (GrpcClientProtocolClient.java:onNext(254)) - client-9C97446E6A25->2573df58-4087-4dd0-8598-5abddcc696b9: receive RaftClientReply:client-9C97446E6A25->2573df58-4087-4dd0-8598-5abddcc696b9@group-CE3C0447B19C, cid=1731, SUCCESS, logIndex=2924, commits[2573df58-4087-4dd0-8598-5abddcc696b9:c2926]
2019-06-13 21:51:39,275 INFO  client.GrpcClientProtocolClient (GrpcClientProtocolClient.java:onNext(254)) - client-9C97446E6A25->2573df58-4087-4dd0-8598-5abddcc696b9: receive RaftClientReply:client-9C97446E6A25->2573df58-4087-4dd0-8598-5abddcc696b9@group-CE3C0447B19C, cid=1732, SUCCESS, logIndex=2925, commits[2573df58-4087-4dd0-8598-5abddcc696b9:c2926]
2019-06-13 21:51:39,280 INFO  client.GrpcClientProtocolClient (GrpcClientProtocolClient.java:onNext(254)) - client-9C97446E6A25->2573df58-4087-4dd0-8598-5abddcc696b9: receive RaftClientReply:client-9C97446E6A25->2573df58-4087-4dd0-8598-5abddcc696b9@group-CE3C0447B19C, cid=1733, SUCCESS, logIndex=2927, commits[2573df58-4087-4dd0-8598-5abddcc696b9:c2927]
2019-06-13 21:51:39,282 INFO  client.GrpcClientProtocolClient (GrpcClientProtocolClient.java:onNext(254)) - client-9C97446E6A25->2573df58-4087-4dd0-8598-5abddcc696b9: receive RaftClientReply:client-9C97446E6A25->2573df58-4087-4dd0-8598-5abddcc696b9@group-CE3C0447B19C, cid=1734, SUCCESS, logIndex=2929, commits[2573df58-4087-4dd0-8598-5abddcc696b9:c2929]
2019-06-13 21:51:39,283 INFO  client.GrpcClientProtocolClient (GrpcClientProtocolClient.java:onNext(254)) - client-9C97446E6A25->2573df58-4087-4dd0-8598-5abddcc696b9: receive RaftClientReply:client-9C97446E6A25->2573df58-4087-4dd0-8598-5abddcc696b9@group-CE3C0447B19C, cid=1735, SUCCESS, logIndex=2930, commits[2573df58-4087-4dd0-8598-5abddcc696b9:c2932]
2019-06-13 21:51:39,283 INFO  client.GrpcClientProtocolClient (GrpcClientProtocolClient.java:onNext(254)) - client-9C97446E6A25->2573df58-4087-4dd0-8598-5abddcc696b9: receive RaftClientReply:client-9C97446E6A25->2573df58-4087-4dd0-8598-5abddcc696b9@group-CE3C0447B19C, cid=1736, SUCCESS, logIndex=2931, commits[2573df58-4087-4dd0-8598-5abddcc696b9:c2932]
2019-06-13 21:51:39,292 INFO  client.GrpcClientProtocolClient (GrpcClientProtocolClient.java:onNext(254)) - client-9C97446E6A25->2573df58-4087-4dd0-8598-5abddcc696b9: receive RaftClientReply:client-9C97446E6A25->2573df58-4087-4dd0-8598-5abddcc696b9@group-CE3C0447B19C, cid=1737, SUCCESS, logIndex=2933, commits[2573df58-4087-4dd0-8598-5abddcc696b9:c2933]
2019-06-13 21:51:39,294 INFO  client.GrpcClientProtocolClient (GrpcClientProtocolClient.java:onNext(254)) - client-9C97446E6A25->2573df58-4087-4dd0-8598-5abddcc696b9: receive RaftClientReply:client-9C97446E6A25->2573df58-4087-4dd0-8598-5abddcc696b9@group-CE3C0447B19C, cid=1738, SUCCESS, logIndex=2935, commits[2573df58-4087-4dd0-8598-5abddcc696b9:c2935]
2019-06-13 21:51:39,295 INFO  client.GrpcClientProtocolClient (GrpcClientProtocolClient.java:onNext(254)) - client-9C97446E6A25->2573df58-4087-4dd0-8598-5abddcc696b9: receive RaftClientReply:client-9C97446E6A25->2573df58-4087-4dd0-8598-5abddcc696b9@group-CE3C0447B19C, cid=1739, SUCCESS, logIndex=2936, commits[2573df58-4087-4dd0-8598-5abddcc696b9:c2938]
2019-06-13 21:51:39,295 INFO  client.GrpcClientProtocolClient (GrpcClientProtocolClient.java:onNext(254)) - client-9C97446E6A25->2573df58-4087-4dd0-8598-5abddcc696b9: receive RaftClientReply:client-9C97446E6A25->2573df58-4087-4dd0-8598-5abddcc696b9@group-CE3C0447B19C, cid=1740, SUCCESS, logIndex=2937, commits[2573df58-4087-4dd0-8598-5abddcc696b9:c2938]
2019-06-13 21:51:39,297 DEBUG block.SCMBlockDeletingService (SCMBlockDeletingService.java:call(138)) - Running DeletedBlockTransactionScanner
2019-06-13 21:51:39,297 DEBUG block.SCMBlockDeletingService (SCMBlockDeletingService.java:call(155)) - Scanned deleted blocks log and got 0 delTX to process.
2019-06-13 21:51:39,300 INFO  client.GrpcClientProtocolClient (GrpcClientProtocolClient.java:onNext(254)) - client-9C97446E6A25->2573df58-4087-4dd0-8598-5abddcc696b9: receive RaftClientReply:client-9C97446E6A25->2573df58-4087-4dd0-8598-5abddcc696b9@group-CE3C0447B19C, cid=1741, SUCCESS, logIndex=2939, commits[2573df58-4087-4dd0-8598-5abddcc696b9:c2939]
2019-06-13 21:51:39,302 INFO  client.GrpcClientProtocolClient (GrpcClientProtocolClient.java:onNext(254)) - client-9C97446E6A25->2573df58-4087-4dd0-8598-5abddcc696b9: receive RaftClientReply:client-9C97446E6A25->2573df58-4087-4dd0-8598-5abddcc696b9@group-CE3C0447B19C, cid=1742, SUCCESS, logIndex=2941, commits[2573df58-4087-4dd0-8598-5abddcc696b9:c2941]
2019-06-13 21:51:39,303 INFO  client.GrpcClientProtocolClient (GrpcClientProtocolClient.java:onNext(254)) - client-9C97446E6A25->2573df58-4087-4dd0-8598-5abddcc696b9: receive RaftClientReply:client-9C97446E6A25->2573df58-4087-4dd0-8598-5abddcc696b9@group-CE3C0447B19C, cid=1743, SUCCESS, logIndex=2942, commits[2573df58-4087-4dd0-8598-5abddcc696b9:c2944]
2019-06-13 21:51:39,303 INFO  client.GrpcClientProtocolClient (GrpcClientProtocolClient.java:onNext(254)) - client-9C97446E6A25->2573df58-4087-4dd0-8598-5abddcc696b9: receive RaftClientReply:client-9C97446E6A25->2573df58-4087-4dd0-8598-5abddcc696b9@group-CE3C0447B19C, cid=1744, SUCCESS, logIndex=2943, commits[2573df58-4087-4dd0-8598-5abddcc696b9:c2944]
2019-06-13 21:51:39,314 INFO  client.GrpcClientProtocolClient (GrpcClientProtocolClient.java:onNext(254)) - client-9C97446E6A25->2573df58-4087-4dd0-8598-5abddcc696b9: receive RaftClientReply:client-9C97446E6A25->2573df58-4087-4dd0-8598-5abddcc696b9@group-CE3C0447B19C, cid=1745, SUCCESS, logIndex=2945, commits[2573df58-4087-4dd0-8598-5abddcc696b9:c2945]
2019-06-13 21:51:39,315 INFO  client.GrpcClientProtocolClient (GrpcClientProtocolClient.java:onNext(254)) - client-9C97446E6A25->2573df58-4087-4dd0-8598-5abddcc696b9: receive RaftClientReply:client-9C97446E6A25->2573df58-4087-4dd0-8598-5abddcc696b9@group-CE3C0447B19C, cid=1746, SUCCESS, logIndex=2947, commits[2573df58-4087-4dd0-8598-5abddcc696b9:c2947]
2019-06-13 21:51:39,316 INFO  client.GrpcClientProtocolClient (GrpcClientProtocolClient.java:onNext(254)) - client-9C97446E6A25->2573df58-4087-4dd0-8598-5abddcc696b9: receive RaftClientReply:client-9C97446E6A25->2573df58-4087-4dd0-8598-5abddcc696b9@group-CE3C0447B19C, cid=1747, SUCCESS, logIndex=2948, commits[2573df58-4087-4dd0-8598-5abddcc696b9:c2950]
2019-06-13 21:51:39,317 INFO  client.GrpcClientProtocolClient (GrpcClientProtocolClient.java:onNext(254)) - client-9C97446E6A25->2573df58-4087-4dd0-8598-5abddcc696b9: receive RaftClientReply:client-9C97446E6A25->2573df58-4087-4dd0-8598-5abddcc696b9@group-CE3C0447B19C, cid=1748, SUCCESS, logIndex=2949, commits[2573df58-4087-4dd0-8598-5abddcc696b9:c2950]
2019-06-13 21:51:39,322 INFO  client.GrpcClientProtocolClient (GrpcClientProtocolClient.java:onNext(254)) - client-9C97446E6A25->2573df58-4087-4dd0-8598-5abddcc696b9: receive RaftClientReply:client-9C97446E6A25->2573df58-4087-4dd0-8598-5abddcc696b9@group-CE3C0447B19C, cid=1749, SUCCESS, logIndex=2951, commits[2573df58-4087-4dd0-8598-5abddcc696b9:c2951]
2019-06-13 21:51:39,323 INFO  client.GrpcClientProtocolClient (GrpcClientProtocolClient.java:onNext(254)) - client-9C97446E6A25->2573df58-4087-4dd0-8598-5abddcc696b9: receive RaftClientReply:client-9C97446E6A25->2573df58-4087-4dd0-8598-5abddcc696b9@group-CE3C0447B19C, cid=1750, SUCCESS, logIndex=2953, commits[2573df58-4087-4dd0-8598-5abddcc696b9:c2953]
2019-06-13 21:51:39,324 INFO  client.GrpcClientProtocolClient (GrpcClientProtocolClient.java:onNext(254)) - client-9C97446E6A25->2573df58-4087-4dd0-8598-5abddcc696b9: receive RaftClientReply:client-9C97446E6A25->2573df58-4087-4dd0-8598-5abddcc696b9@group-CE3C0447B19C, cid=1751, SUCCESS, logIndex=2954, commits[2573df58-4087-4dd0-8598-5abddcc696b9:c2956]
2019-06-13 21:51:39,325 INFO  client.GrpcClientProtocolClient (GrpcClientProtocolClient.java:onNext(254)) - client-9C97446E6A25->2573df58-4087-4dd0-8598-5abddcc696b9: receive RaftClientReply:client-9C97446E6A25->2573df58-4087-4dd0-8598-5abddcc696b9@group-CE3C0447B19C, cid=1752, SUCCESS, logIndex=2955, commits[2573df58-4087-4dd0-8598-5abddcc696b9:c2956]
2019-06-13 21:51:39,334 INFO  client.GrpcClientProtocolClient (GrpcClientProtocolClient.java:onNext(254)) - client-9C97446E6A25->2573df58-4087-4dd0-8598-5abddcc696b9: receive RaftClientReply:client-9C97446E6A25->2573df58-4087-4dd0-8598-5abddcc696b9@group-CE3C0447B19C, cid=1753, SUCCESS, logIndex=2957, commits[2573df58-4087-4dd0-8598-5abddcc696b9:c2957]
2019-06-13 21:51:39,335 INFO  client.GrpcClientProtocolClient (GrpcClientProtocolClient.java:onNext(254)) - client-9C97446E6A25->2573df58-4087-4dd0-8598-5abddcc696b9: receive RaftClientReply:client-9C97446E6A25->2573df58-4087-4dd0-8598-5abddcc696b9@group-CE3C0447B19C, cid=1754, SUCCESS, logIndex=2959, commits[2573df58-4087-4dd0-8598-5abddcc696b9:c2959]
2019-06-13 21:51:39,337 INFO  client.GrpcClientProtocolClient (GrpcClientProtocolClient.java:onNext(254)) - client-9C97446E6A25->2573df58-4087-4dd0-8598-5abddcc696b9: receive RaftClientReply:client-9C97446E6A25->2573df58-4087-4dd0-8598-5abddcc696b9@group-CE3C0447B19C, cid=1755, SUCCESS, logIndex=2960, commits[2573df58-4087-4dd0-8598-5abddcc696b9:c2962]
2019-06-13 21:51:39,337 INFO  client.GrpcClientProtocolClient (GrpcClientProtocolClient.java:onNext(254)) - client-9C97446E6A25->2573df58-4087-4dd0-8598-5abddcc696b9: receive RaftClientReply:client-9C97446E6A25->2573df58-4087-4dd0-8598-5abddcc696b9@group-CE3C0447B19C, cid=1756, SUCCESS, logIndex=2961, commits[2573df58-4087-4dd0-8598-5abddcc696b9:c2962]
2019-06-13 21:51:39,342 INFO  client.GrpcClientProtocolClient (GrpcClientProtocolClient.java:onNext(254)) - client-9C97446E6A25->2573df58-4087-4dd0-8598-5abddcc696b9: receive RaftClientReply:client-9C97446E6A25->2573df58-4087-4dd0-8598-5abddcc696b9@group-CE3C0447B19C, cid=1757, SUCCESS, logIndex=2963, commits[2573df58-4087-4dd0-8598-5abddcc696b9:c2963]
2019-06-13 21:51:39,342 INFO  storage.RaftLogWorker (RaftLogWorker.java:rollLogSegment(303)) - 2573df58-4087-4dd0-8598-5abddcc696b9-RaftLogWorker: Rolling segment log-2903_2966 to index:2966
2019-06-13 21:51:39,343 INFO  storage.RaftLogWorker (RaftLogWorker.java:execute(433)) - 2573df58-4087-4dd0-8598-5abddcc696b9-RaftLogWorker: Rolled log segment from /opt/src/hadoop-ozone/integration-test/target/test-dir/MiniOzoneClusterImpl-8578056e-9b7b-4e66-9e9f-ef53d5cd7c03/datanode-0/data/ratis/7f5c2536-ed89-4233-9ec0-ce3c0447b19c/current/log_inprogress_2903 to /opt/src/hadoop-ozone/integration-test/target/test-dir/MiniOzoneClusterImpl-8578056e-9b7b-4e66-9e9f-ef53d5cd7c03/datanode-0/data/ratis/7f5c2536-ed89-4233-9ec0-ce3c0447b19c/current/log_2903-2966
2019-06-13 21:51:39,344 INFO  client.GrpcClientProtocolClient (GrpcClientProtocolClient.java:onNext(254)) - client-9C97446E6A25->2573df58-4087-4dd0-8598-5abddcc696b9: receive RaftClientReply:client-9C97446E6A25->2573df58-4087-4dd0-8598-5abddcc696b9@group-CE3C0447B19C, cid=1758, SUCCESS, logIndex=2965, commits[2573df58-4087-4dd0-8598-5abddcc696b9:c2965]
2019-06-13 21:51:39,344 INFO  client.GrpcClientProtocolClient (GrpcClientProtocolClient.java:onNext(254)) - client-9C97446E6A25->2573df58-4087-4dd0-8598-5abddcc696b9: receive RaftClientReply:client-9C97446E6A25->2573df58-4087-4dd0-8598-5abddcc696b9@group-CE3C0447B19C, cid=1759, SUCCESS, logIndex=2966, commits[2573df58-4087-4dd0-8598-5abddcc696b9:c2966]
2019-06-13 21:51:39,379 INFO  storage.RaftLogWorker (RaftLogWorker.java:execute(469)) - 2573df58-4087-4dd0-8598-5abddcc696b9-RaftLogWorker: created new log segment /opt/src/hadoop-ozone/integration-test/target/test-dir/MiniOzoneClusterImpl-8578056e-9b7b-4e66-9e9f-ef53d5cd7c03/datanode-0/data/ratis/7f5c2536-ed89-4233-9ec0-ce3c0447b19c/current/log_inprogress_2967
2019-06-13 21:51:39,381 INFO  client.GrpcClientProtocolClient (GrpcClientProtocolClient.java:onNext(254)) - client-9C97446E6A25->2573df58-4087-4dd0-8598-5abddcc696b9: receive RaftClientReply:client-9C97446E6A25->2573df58-4087-4dd0-8598-5abddcc696b9@group-CE3C0447B19C, cid=1760, SUCCESS, logIndex=2967, commits[2573df58-4087-4dd0-8598-5abddcc696b9:c2969]
2019-06-13 21:51:39,390 INFO  client.GrpcClientProtocolClient (GrpcClientProtocolClient.java:onNext(254)) - client-9C97446E6A25->2573df58-4087-4dd0-8598-5abddcc696b9: receive RaftClientReply:client-9C97446E6A25->2573df58-4087-4dd0-8598-5abddcc696b9@group-CE3C0447B19C, cid=1761, SUCCESS, logIndex=2970, commits[2573df58-4087-4dd0-8598-5abddcc696b9:c2970]
2019-06-13 21:51:39,392 INFO  client.GrpcClientProtocolClient (GrpcClientProtocolClient.java:onNext(254)) - client-9C97446E6A25->2573df58-4087-4dd0-8598-5abddcc696b9: receive RaftClientReply:client-9C97446E6A25->2573df58-4087-4dd0-8598-5abddcc696b9@group-CE3C0447B19C, cid=1762, SUCCESS, logIndex=2972, commits[2573df58-4087-4dd0-8598-5abddcc696b9:c2972]
2019-06-13 21:51:39,393 INFO  client.GrpcClientProtocolClient (GrpcClientProtocolClient.java:onNext(254)) - client-9C97446E6A25->2573df58-4087-4dd0-8598-5abddcc696b9: receive RaftClientReply:client-9C97446E6A25->2573df58-4087-4dd0-8598-5abddcc696b9@group-CE3C0447B19C, cid=1763, SUCCESS, logIndex=2974, commits[2573df58-4087-4dd0-8598-5abddcc696b9:c2975]
2019-06-13 21:51:39,393 INFO  client.GrpcClientProtocolClient (GrpcClientProtocolClient.java:onNext(254)) - client-9C97446E6A25->2573df58-4087-4dd0-8598-5abddcc696b9: receive RaftClientReply:client-9C97446E6A25->2573df58-4087-4dd0-8598-5abddcc696b9@group-CE3C0447B19C, cid=1764, SUCCESS, logIndex=2975, commits[2573df58-4087-4dd0-8598-5abddcc696b9:c2975]
2019-06-13 21:51:39,398 DEBUG block.SCMBlockDeletingService (SCMBlockDeletingService.java:call(138)) - Running DeletedBlockTransactionScanner
2019-06-13 21:51:39,398 DEBUG block.SCMBlockDeletingService (SCMBlockDeletingService.java:call(155)) - Scanned deleted blocks log and got 0 delTX to process.
2019-06-13 21:51:39,403 INFO  client.GrpcClientProtocolClient (GrpcClientProtocolClient.java:onNext(254)) - client-9C97446E6A25->2573df58-4087-4dd0-8598-5abddcc696b9: receive RaftClientReply:client-9C97446E6A25->2573df58-4087-4dd0-8598-5abddcc696b9@group-CE3C0447B19C, cid=1765, SUCCESS, logIndex=2977, commits[2573df58-4087-4dd0-8598-5abddcc696b9:c2977]
2019-06-13 21:51:39,404 INFO  client.GrpcClientProtocolClient (GrpcClientProtocolClient.java:onNext(254)) - client-9C97446E6A25->2573df58-4087-4dd0-8598-5abddcc696b9: receive RaftClientReply:client-9C97446E6A25->2573df58-4087-4dd0-8598-5abddcc696b9@group-CE3C0447B19C, cid=1766, SUCCESS, logIndex=2979, commits[2573df58-4087-4dd0-8598-5abddcc696b9:c2979]
2019-06-13 21:51:39,405 INFO  client.GrpcClientProtocolClient (GrpcClientProtocolClient.java:onNext(254)) - client-9C97446E6A25->2573df58-4087-4dd0-8598-5abddcc696b9: receive RaftClientReply:client-9C97446E6A25->2573df58-4087-4dd0-8598-5abddcc696b9@group-CE3C0447B19C, cid=1767, SUCCESS, logIndex=2980, commits[2573df58-4087-4dd0-8598-5abddcc696b9:c2982]
2019-06-13 21:51:39,406 INFO  client.GrpcClientProtocolClient (GrpcClientProtocolClient.java:onNext(254)) - client-9C97446E6A25->2573df58-4087-4dd0-8598-5abddcc696b9: receive RaftClientReply:client-9C97446E6A25->2573df58-4087-4dd0-8598-5abddcc696b9@group-CE3C0447B19C, cid=1768, SUCCESS, logIndex=2981, commits[2573df58-4087-4dd0-8598-5abddcc696b9:c2982]
2019-06-13 21:51:39,486 INFO  client.GrpcClientProtocolClient (GrpcClientProtocolClient.java:onNext(254)) - client-9C97446E6A25->2573df58-4087-4dd0-8598-5abddcc696b9: receive RaftClientReply:client-9C97446E6A25->2573df58-4087-4dd0-8598-5abddcc696b9@group-CE3C0447B19C, cid=1769, SUCCESS, logIndex=2983, commits[2573df58-4087-4dd0-8598-5abddcc696b9:c2983]
2019-06-13 21:51:39,488 INFO  client.GrpcClientProtocolClient (GrpcClientProtocolClient.java:onNext(254)) - client-9C97446E6A25->2573df58-4087-4dd0-8598-5abddcc696b9: receive RaftClientReply:client-9C97446E6A25->2573df58-4087-4dd0-8598-5abddcc696b9@group-CE3C0447B19C, cid=1770, SUCCESS, logIndex=2985, commits[2573df58-4087-4dd0-8598-5abddcc696b9:c2985]
2019-06-13 21:51:39,489 INFO  client.GrpcClientProtocolClient (GrpcClientProtocolClient.java:onNext(254)) - client-9C97446E6A25->2573df58-4087-4dd0-8598-5abddcc696b9: receive RaftClientReply:client-9C97446E6A25->2573df58-4087-4dd0-8598-5abddcc696b9@group-CE3C0447B19C, cid=1771, SUCCESS, logIndex=2986, commits[2573df58-4087-4dd0-8598-5abddcc696b9:c2987]
2019-06-13 21:51:39,489 INFO  client.GrpcClientProtocolClient (GrpcClientProtocolClient.java:onNext(254)) - client-9C97446E6A25->2573df58-4087-4dd0-8598-5abddcc696b9: receive RaftClientReply:client-9C97446E6A25->2573df58-4087-4dd0-8598-5abddcc696b9@group-CE3C0447B19C, cid=1772, SUCCESS, logIndex=2987, commits[2573df58-4087-4dd0-8598-5abddcc696b9:c2987]
2019-06-13 21:51:39,494 INFO  client.GrpcClientProtocolClient (GrpcClientProtocolClient.java:onNext(254)) - client-9C97446E6A25->2573df58-4087-4dd0-8598-5abddcc696b9: receive RaftClientReply:client-9C97446E6A25->2573df58-4087-4dd0-8598-5abddcc696b9@group-CE3C0447B19C, cid=1773, SUCCESS, logIndex=2990, commits[2573df58-4087-4dd0-8598-5abddcc696b9:c2990]
2019-06-13 21:51:39,497 INFO  client.GrpcClientProtocolClient (GrpcClientProtocolClient.java:onNext(254)) - client-9C97446E6A25->2573df58-4087-4dd0-8598-5abddcc696b9: receive RaftClientReply:client-9C97446E6A25->2573df58-4087-4dd0-8598-5abddcc696b9@group-CE3C0447B19C, cid=1774, SUCCESS, logIndex=2992, commits[2573df58-4087-4dd0-8598-5abddcc696b9:c2992]
2019-06-13 21:51:39,498 INFO  client.GrpcClientProtocolClient (GrpcClientProtocolClient.java:onNext(254)) - client-9C97446E6A25->2573df58-4087-4dd0-8598-5abddcc696b9: receive RaftClientReply:client-9C97446E6A25->2573df58-4087-4dd0-8598-5abddcc696b9@group-CE3C0447B19C, cid=1775, SUCCESS, logIndex=2993, commits[2573df58-4087-4dd0-8598-5abddcc696b9:c2995]
2019-06-13 21:51:39,498 INFO  client.GrpcClientProtocolClient (GrpcClientProtocolClient.java:onNext(254)) - client-9C97446E6A25->2573df58-4087-4dd0-8598-5abddcc696b9: receive RaftClientReply:client-9C97446E6A25->2573df58-4087-4dd0-8598-5abddcc696b9@group-CE3C0447B19C, cid=1776, SUCCESS, logIndex=2994, commits[2573df58-4087-4dd0-8598-5abddcc696b9:c2995]
2019-06-13 21:51:39,498 DEBUG block.SCMBlockDeletingService (SCMBlockDeletingService.java:call(138)) - Running DeletedBlockTransactionScanner
2019-06-13 21:51:39,498 DEBUG block.SCMBlockDeletingService (SCMBlockDeletingService.java:call(155)) - Scanned deleted blocks log and got 0 delTX to process.
2019-06-13 21:51:39,508 INFO  client.GrpcClientProtocolClient (GrpcClientProtocolClient.java:onNext(254)) - client-9C97446E6A25->2573df58-4087-4dd0-8598-5abddcc696b9: receive RaftClientReply:client-9C97446E6A25->2573df58-4087-4dd0-8598-5abddcc696b9@group-CE3C0447B19C, cid=1777, SUCCESS, logIndex=2996, commits[2573df58-4087-4dd0-8598-5abddcc696b9:c2996]
2019-06-13 21:51:39,509 INFO  client.GrpcClientProtocolClient (GrpcClientProtocolClient.java:onNext(254)) - client-9C97446E6A25->2573df58-4087-4dd0-8598-5abddcc696b9: receive RaftClientReply:client-9C97446E6A25->2573df58-4087-4dd0-8598-5abddcc696b9@group-CE3C0447B19C, cid=1778, SUCCESS, logIndex=2998, commits[2573df58-4087-4dd0-8598-5abddcc696b9:c2998]
2019-06-13 21:51:39,510 INFO  client.GrpcClientProtocolClient (GrpcClientProtocolClient.java:onNext(254)) - client-9C97446E6A25->2573df58-4087-4dd0-8598-5abddcc696b9: receive RaftClientReply:client-9C97446E6A25->2573df58-4087-4dd0-8598-5abddcc696b9@group-CE3C0447B19C, cid=1779, SUCCESS, logIndex=2999, commits[2573df58-4087-4dd0-8598-5abddcc696b9:c3001]
2019-06-13 21:51:39,510 INFO  client.GrpcClientProtocolClient (GrpcClientProtocolClient.java:onNext(254)) - client-9C97446E6A25->2573df58-4087-4dd0-8598-5abddcc696b9: receive RaftClientReply:client-9C97446E6A25->2573df58-4087-4dd0-8598-5abddcc696b9@group-CE3C0447B19C, cid=1780, SUCCESS, logIndex=3000, commits[2573df58-4087-4dd0-8598-5abddcc696b9:c3001]
2019-06-13 21:51:39,516 INFO  client.GrpcClientProtocolClient (GrpcClientProtocolClient.java:onNext(254)) - client-9C97446E6A25->2573df58-4087-4dd0-8598-5abddcc696b9: receive RaftClientReply:client-9C97446E6A25->2573df58-4087-4dd0-8598-5abddcc696b9@group-CE3C0447B19C, cid=1781, SUCCESS, logIndex=3002, commits[2573df58-4087-4dd0-8598-5abddcc696b9:c3002]
2019-06-13 21:51:39,519 INFO  client.GrpcClientProtocolClient (GrpcClientProtocolClient.java:onNext(254)) - client-9C97446E6A25->2573df58-4087-4dd0-8598-5abddcc696b9: receive RaftClientReply:client-9C97446E6A25->2573df58-4087-4dd0-8598-5abddcc696b9@group-CE3C0447B19C, cid=1782, SUCCESS, logIndex=3004, commits[2573df58-4087-4dd0-8598-5abddcc696b9:c3004]
2019-06-13 21:51:39,519 INFO  client.GrpcClientProtocolClient (GrpcClientProtocolClient.java:onNext(254)) - client-9C97446E6A25->2573df58-4087-4dd0-8598-5abddcc696b9: receive RaftClientReply:client-9C97446E6A25->2573df58-4087-4dd0-8598-5abddcc696b9@group-CE3C0447B19C, cid=1783, SUCCESS, logIndex=3005, commits[2573df58-4087-4dd0-8598-5abddcc696b9:c3006]
2019-06-13 21:51:39,520 INFO  client.GrpcClientProtocolClient (GrpcClientProtocolClient.java:onNext(254)) - client-9C97446E6A25->2573df58-4087-4dd0-8598-5abddcc696b9: receive RaftClientReply:client-9C97446E6A25->2573df58-4087-4dd0-8598-5abddcc696b9@group-CE3C0447B19C, cid=1784, SUCCESS, logIndex=3006, commits[2573df58-4087-4dd0-8598-5abddcc696b9:c3007]
2019-06-13 21:51:39,535 INFO  client.GrpcClientProtocolClient (GrpcClientProtocolClient.java:onNext(254)) - client-9C97446E6A25->2573df58-4087-4dd0-8598-5abddcc696b9: receive RaftClientReply:client-9C97446E6A25->2573df58-4087-4dd0-8598-5abddcc696b9@group-CE3C0447B19C, cid=1785, SUCCESS, logIndex=3009, commits[2573df58-4087-4dd0-8598-5abddcc696b9:c3009]
2019-06-13 21:51:39,537 INFO  client.GrpcClientProtocolClient (GrpcClientProtocolClient.java:onNext(254)) - client-9C97446E6A25->2573df58-4087-4dd0-8598-5abddcc696b9: receive RaftClientReply:client-9C97446E6A25->2573df58-4087-4dd0-8598-5abddcc696b9@group-CE3C0447B19C, cid=1786, SUCCESS, logIndex=3011, commits[2573df58-4087-4dd0-8598-5abddcc696b9:c3011]
2019-06-13 21:51:39,538 INFO  client.GrpcClientProtocolClient (GrpcClientProtocolClient.java:onNext(254)) - client-9C97446E6A25->2573df58-4087-4dd0-8598-5abddcc696b9: receive RaftClientReply:client-9C97446E6A25->2573df58-4087-4dd0-8598-5abddcc696b9@group-CE3C0447B19C, cid=1787, SUCCESS, logIndex=3012, commits[2573df58-4087-4dd0-8598-5abddcc696b9:c3014]
2019-06-13 21:51:39,539 INFO  client.GrpcClientProtocolClient (GrpcClientProtocolClient.java:onNext(254)) - client-9C97446E6A25->2573df58-4087-4dd0-8598-5abddcc696b9: receive RaftClientReply:client-9C97446E6A25->2573df58-4087-4dd0-8598-5abddcc696b9@group-CE3C0447B19C, cid=1788, SUCCESS, logIndex=3014, commits[2573df58-4087-4dd0-8598-5abddcc696b9:c3014]
2019-06-13 21:51:39,544 INFO  client.GrpcClientProtocolClient (GrpcClientProtocolClient.java:onNext(254)) - client-9C97446E6A25->2573df58-4087-4dd0-8598-5abddcc696b9: receive RaftClientReply:client-9C97446E6A25->2573df58-4087-4dd0-8598-5abddcc696b9@group-CE3C0447B19C, cid=1789, SUCCESS, logIndex=3016, commits[2573df58-4087-4dd0-8598-5abddcc696b9:c3016]
2019-06-13 21:51:39,549 INFO  client.GrpcClientProtocolClient (GrpcClientProtocolClient.java:onNext(254)) - client-9C97446E6A25->2573df58-4087-4dd0-8598-5abddcc696b9: receive RaftClientReply:client-9C97446E6A25->2573df58-4087-4dd0-8598-5abddcc696b9@group-CE3C0447B19C, cid=1790, SUCCESS, logIndex=3018, commits[2573df58-4087-4dd0-8598-5abddcc696b9:c3018]
2019-06-13 21:51:39,550 INFO  client.GrpcClientProtocolClient (GrpcClientProtocolClient.java:onNext(254)) - client-9C97446E6A25->2573df58-4087-4dd0-8598-5abddcc696b9: receive RaftClientReply:client-9C97446E6A25->2573df58-4087-4dd0-8598-5abddcc696b9@group-CE3C0447B19C, cid=1791, SUCCESS, logIndex=3019, commits[2573df58-4087-4dd0-8598-5abddcc696b9:c3021]
2019-06-13 21:51:39,551 INFO  client.GrpcClientProtocolClient (GrpcClientProtocolClient.java:onNext(254)) - client-9C97446E6A25->2573df58-4087-4dd0-8598-5abddcc696b9: receive RaftClientReply:client-9C97446E6A25->2573df58-4087-4dd0-8598-5abddcc696b9@group-CE3C0447B19C, cid=1792, SUCCESS, logIndex=3020, commits[2573df58-4087-4dd0-8598-5abddcc696b9:c3021]
2019-06-13 21:51:39,560 INFO  client.GrpcClientProtocolClient (GrpcClientProtocolClient.java:onNext(254)) - client-9C97446E6A25->2573df58-4087-4dd0-8598-5abddcc696b9: receive RaftClientReply:client-9C97446E6A25->2573df58-4087-4dd0-8598-5abddcc696b9@group-CE3C0447B19C, cid=1793, SUCCESS, logIndex=3022, commits[2573df58-4087-4dd0-8598-5abddcc696b9:c3022]
2019-06-13 21:51:39,563 INFO  client.GrpcClientProtocolClient (GrpcClientProtocolClient.java:onNext(254)) - client-9C97446E6A25->2573df58-4087-4dd0-8598-5abddcc696b9: receive RaftClientReply:client-9C97446E6A25->2573df58-4087-4dd0-8598-5abddcc696b9@group-CE3C0447B19C, cid=1794, SUCCESS, logIndex=3024, commits[2573df58-4087-4dd0-8598-5abddcc696b9:c3024]
2019-06-13 21:51:39,563 INFO  client.GrpcClientProtocolClient (GrpcClientProtocolClient.java:onNext(254)) - client-9C97446E6A25->2573df58-4087-4dd0-8598-5abddcc696b9: receive RaftClientReply:client-9C97446E6A25->2573df58-4087-4dd0-8598-5abddcc696b9@group-CE3C0447B19C, cid=1795, SUCCESS, logIndex=3025, commits[2573df58-4087-4dd0-8598-5abddcc696b9:c3025]
2019-06-13 21:51:39,564 INFO  client.GrpcClientProtocolClient (GrpcClientProtocolClient.java:onNext(254)) - client-9C97446E6A25->2573df58-4087-4dd0-8598-5abddcc696b9: receive RaftClientReply:client-9C97446E6A25->2573df58-4087-4dd0-8598-5abddcc696b9@group-CE3C0447B19C, cid=1796, SUCCESS, logIndex=3028, commits[2573df58-4087-4dd0-8598-5abddcc696b9:c3028]
2019-06-13 21:51:39,570 INFO  client.GrpcClientProtocolClient (GrpcClientProtocolClient.java:onNext(254)) - client-9C97446E6A25->2573df58-4087-4dd0-8598-5abddcc696b9: receive RaftClientReply:client-9C97446E6A25->2573df58-4087-4dd0-8598-5abddcc696b9@group-CE3C0447B19C, cid=1797, SUCCESS, logIndex=3030, commits[2573df58-4087-4dd0-8598-5abddcc696b9:c3030]
2019-06-13 21:51:39,572 INFO  client.GrpcClientProtocolClient (GrpcClientProtocolClient.java:onNext(254)) - client-9C97446E6A25->2573df58-4087-4dd0-8598-5abddcc696b9: receive RaftClientReply:client-9C97446E6A25->2573df58-4087-4dd0-8598-5abddcc696b9@group-CE3C0447B19C, cid=1798, SUCCESS, logIndex=3032, commits[2573df58-4087-4dd0-8598-5abddcc696b9:c3032]
2019-06-13 21:51:39,573 INFO  client.GrpcClientProtocolClient (GrpcClientProtocolClient.java:onNext(254)) - client-9C97446E6A25->2573df58-4087-4dd0-8598-5abddcc696b9: receive RaftClientReply:client-9C97446E6A25->2573df58-4087-4dd0-8598-5abddcc696b9@group-CE3C0447B19C, cid=1799, SUCCESS, logIndex=3033, commits[2573df58-4087-4dd0-8598-5abddcc696b9:c3034]
2019-06-13 21:51:39,574 INFO  client.GrpcClientProtocolClient (GrpcClientProtocolClient.java:onNext(254)) - client-9C97446E6A25->2573df58-4087-4dd0-8598-5abddcc696b9: receive RaftClientReply:client-9C97446E6A25->2573df58-4087-4dd0-8598-5abddcc696b9@group-CE3C0447B19C, cid=1800, SUCCESS, logIndex=3035, commits[2573df58-4087-4dd0-8598-5abddcc696b9:c3035]
2019-06-13 21:51:39,584 INFO  client.GrpcClientProtocolClient (GrpcClientProtocolClient.java:onNext(254)) - client-9C97446E6A25->2573df58-4087-4dd0-8598-5abddcc696b9: receive RaftClientReply:client-9C97446E6A25->2573df58-4087-4dd0-8598-5abddcc696b9@group-CE3C0447B19C, cid=1801, SUCCESS, logIndex=3037, commits[2573df58-4087-4dd0-8598-5abddcc696b9:c3037]
2019-06-13 21:51:39,584 INFO  storage.RaftLogWorker (RaftLogWorker.java:rollLogSegment(303)) - 2573df58-4087-4dd0-8598-5abddcc696b9-RaftLogWorker: Rolling segment log-2967_3039 to index:3039
2019-06-13 21:51:39,584 INFO  storage.RaftLogWorker (RaftLogWorker.java:execute(433)) - 2573df58-4087-4dd0-8598-5abddcc696b9-RaftLogWorker: Rolled log segment from /opt/src/hadoop-ozone/integration-test/target/test-dir/MiniOzoneClusterImpl-8578056e-9b7b-4e66-9e9f-ef53d5cd7c03/datanode-0/data/ratis/7f5c2536-ed89-4233-9ec0-ce3c0447b19c/current/log_inprogress_2967 to /opt/src/hadoop-ozone/integration-test/target/test-dir/MiniOzoneClusterImpl-8578056e-9b7b-4e66-9e9f-ef53d5cd7c03/datanode-0/data/ratis/7f5c2536-ed89-4233-9ec0-ce3c0447b19c/current/log_2967-3039
2019-06-13 21:51:39,587 INFO  client.GrpcClientProtocolClient (GrpcClientProtocolClient.java:onNext(254)) - client-9C97446E6A25->2573df58-4087-4dd0-8598-5abddcc696b9: receive RaftClientReply:client-9C97446E6A25->2573df58-4087-4dd0-8598-5abddcc696b9@group-CE3C0447B19C, cid=1802, SUCCESS, logIndex=3039, commits[2573df58-4087-4dd0-8598-5abddcc696b9:c3039]
2019-06-13 21:51:39,598 DEBUG block.SCMBlockDeletingService (SCMBlockDeletingService.java:call(138)) - Running DeletedBlockTransactionScanner
2019-06-13 21:51:39,598 DEBUG block.SCMBlockDeletingService (SCMBlockDeletingService.java:call(155)) - Scanned deleted blocks log and got 0 delTX to process.
2019-06-13 21:51:39,620 INFO  storage.RaftLogWorker (RaftLogWorker.java:execute(469)) - 2573df58-4087-4dd0-8598-5abddcc696b9-RaftLogWorker: created new log segment /opt/src/hadoop-ozone/integration-test/target/test-dir/MiniOzoneClusterImpl-8578056e-9b7b-4e66-9e9f-ef53d5cd7c03/datanode-0/data/ratis/7f5c2536-ed89-4233-9ec0-ce3c0447b19c/current/log_inprogress_3040
2019-06-13 21:51:39,621 INFO  client.GrpcClientProtocolClient (GrpcClientProtocolClient.java:onNext(254)) - client-9C97446E6A25->2573df58-4087-4dd0-8598-5abddcc696b9: receive RaftClientReply:client-9C97446E6A25->2573df58-4087-4dd0-8598-5abddcc696b9@group-CE3C0447B19C, cid=1803, SUCCESS, logIndex=3040, commits[2573df58-4087-4dd0-8598-5abddcc696b9:c3042]
2019-06-13 21:51:39,622 INFO  client.GrpcClientProtocolClient (GrpcClientProtocolClient.java:onNext(254)) - client-9C97446E6A25->2573df58-4087-4dd0-8598-5abddcc696b9: receive RaftClientReply:client-9C97446E6A25->2573df58-4087-4dd0-8598-5abddcc696b9@group-CE3C0447B19C, cid=1804, SUCCESS, logIndex=3042, commits[2573df58-4087-4dd0-8598-5abddcc696b9:c3043]
2019-06-13 21:51:39,627 INFO  client.GrpcClientProtocolClient (GrpcClientProtocolClient.java:onNext(254)) - client-9C97446E6A25->2573df58-4087-4dd0-8598-5abddcc696b9: receive RaftClientReply:client-9C97446E6A25->2573df58-4087-4dd0-8598-5abddcc696b9@group-CE3C0447B19C, cid=1805, SUCCESS, logIndex=3044, commits[2573df58-4087-4dd0-8598-5abddcc696b9:c3044]
2019-06-13 21:51:39,628 INFO  client.GrpcClientProtocolClient (GrpcClientProtocolClient.java:onNext(254)) - client-9C97446E6A25->2573df58-4087-4dd0-8598-5abddcc696b9: receive RaftClientReply:client-9C97446E6A25->2573df58-4087-4dd0-8598-5abddcc696b9@group-CE3C0447B19C, cid=1806, SUCCESS, logIndex=3046, commits[2573df58-4087-4dd0-8598-5abddcc696b9:c3046]
2019-06-13 21:51:39,629 INFO  client.GrpcClientProtocolClient (GrpcClientProtocolClient.java:onNext(254)) - client-9C97446E6A25->2573df58-4087-4dd0-8598-5abddcc696b9: receive RaftClientReply:client-9C97446E6A25->2573df58-4087-4dd0-8598-5abddcc696b9@group-CE3C0447B19C, cid=1807, SUCCESS, logIndex=3047, commits[2573df58-4087-4dd0-8598-5abddcc696b9:c3049]
2019-06-13 21:51:39,630 INFO  client.GrpcClientProtocolClient (GrpcClientProtocolClient.java:onNext(254)) - client-9C97446E6A25->2573df58-4087-4dd0-8598-5abddcc696b9: receive RaftClientReply:client-9C97446E6A25->2573df58-4087-4dd0-8598-5abddcc696b9@group-CE3C0447B19C, cid=1808, SUCCESS, logIndex=3048, commits[2573df58-4087-4dd0-8598-5abddcc696b9:c3049]
2019-06-13 21:51:39,639 INFO  client.GrpcClientProtocolClient (GrpcClientProtocolClient.java:onNext(254)) - client-9C97446E6A25->2573df58-4087-4dd0-8598-5abddcc696b9: receive RaftClientReply:client-9C97446E6A25->2573df58-4087-4dd0-8598-5abddcc696b9@group-CE3C0447B19C, cid=1809, SUCCESS, logIndex=3050, commits[2573df58-4087-4dd0-8598-5abddcc696b9:c3050]
2019-06-13 21:51:39,640 INFO  client.GrpcClientProtocolClient (GrpcClientProtocolClient.java:onNext(254)) - client-9C97446E6A25->2573df58-4087-4dd0-8598-5abddcc696b9: receive RaftClientReply:client-9C97446E6A25->2573df58-4087-4dd0-8598-5abddcc696b9@group-CE3C0447B19C, cid=1810, SUCCESS, logIndex=3052, commits[2573df58-4087-4dd0-8598-5abddcc696b9:c3052]
2019-06-13 21:51:39,641 INFO  client.GrpcClientProtocolClient (GrpcClientProtocolClient.java:onNext(254)) - client-9C97446E6A25->2573df58-4087-4dd0-8598-5abddcc696b9: receive RaftClientReply:client-9C97446E6A25->2573df58-4087-4dd0-8598-5abddcc696b9@group-CE3C0447B19C, cid=1811, SUCCESS, logIndex=3053, commits[2573df58-4087-4dd0-8598-5abddcc696b9:c3055]
2019-06-13 21:51:39,641 INFO  client.GrpcClientProtocolClient (GrpcClientProtocolClient.java:onNext(254)) - client-9C97446E6A25->2573df58-4087-4dd0-8598-5abddcc696b9: receive RaftClientReply:client-9C97446E6A25->2573df58-4087-4dd0-8598-5abddcc696b9@group-CE3C0447B19C, cid=1812, SUCCESS, logIndex=3054, commits[2573df58-4087-4dd0-8598-5abddcc696b9:c3055]
2019-06-13 21:51:39,699 DEBUG block.SCMBlockDeletingService (SCMBlockDeletingService.java:call(138)) - Running DeletedBlockTransactionScanner
2019-06-13 21:51:39,699 DEBUG block.SCMBlockDeletingService (SCMBlockDeletingService.java:call(155)) - Scanned deleted blocks log and got 0 delTX to process.
2019-06-13 21:51:39,760 INFO  client.GrpcClientProtocolClient (GrpcClientProtocolClient.java:onNext(254)) - client-9C97446E6A25->2573df58-4087-4dd0-8598-5abddcc696b9: receive RaftClientReply:client-9C97446E6A25->2573df58-4087-4dd0-8598-5abddcc696b9@group-CE3C0447B19C, cid=1813, SUCCESS, logIndex=3056, commits[2573df58-4087-4dd0-8598-5abddcc696b9:c3056]
2019-06-13 21:51:39,761 INFO  client.GrpcClientProtocolClient (GrpcClientProtocolClient.java:onNext(254)) - client-9C97446E6A25->2573df58-4087-4dd0-8598-5abddcc696b9: receive RaftClientReply:client-9C97446E6A25->2573df58-4087-4dd0-8598-5abddcc696b9@group-CE3C0447B19C, cid=1814, SUCCESS, logIndex=3058, commits[2573df58-4087-4dd0-8598-5abddcc696b9:c3058]
2019-06-13 21:51:39,763 INFO  client.GrpcClientProtocolClient (GrpcClientProtocolClient.java:onNext(254)) - client-9C97446E6A25->2573df58-4087-4dd0-8598-5abddcc696b9: receive RaftClientReply:client-9C97446E6A25->2573df58-4087-4dd0-8598-5abddcc696b9@group-CE3C0447B19C, cid=1815, SUCCESS, logIndex=3059, commits[2573df58-4087-4dd0-8598-5abddcc696b9:c3061]
2019-06-13 21:51:39,763 INFO  client.GrpcClientProtocolClient (GrpcClientProtocolClient.java:onNext(254)) - client-9C97446E6A25->2573df58-4087-4dd0-8598-5abddcc696b9: receive RaftClientReply:client-9C97446E6A25->2573df58-4087-4dd0-8598-5abddcc696b9@group-CE3C0447B19C, cid=1816, SUCCESS, logIndex=3060, commits[2573df58-4087-4dd0-8598-5abddcc696b9:c3061]
2019-06-13 21:51:39,773 INFO  client.GrpcClientProtocolClient (GrpcClientProtocolClient.java:onNext(254)) - client-9C97446E6A25->2573df58-4087-4dd0-8598-5abddcc696b9: receive RaftClientReply:client-9C97446E6A25->2573df58-4087-4dd0-8598-5abddcc696b9@group-CE3C0447B19C, cid=1817, SUCCESS, logIndex=3062, commits[2573df58-4087-4dd0-8598-5abddcc696b9:c3062]
2019-06-13 21:51:39,775 INFO  client.GrpcClientProtocolClient (GrpcClientProtocolClient.java:onNext(254)) - client-9C97446E6A25->2573df58-4087-4dd0-8598-5abddcc696b9: receive RaftClientReply:client-9C97446E6A25->2573df58-4087-4dd0-8598-5abddcc696b9@group-CE3C0447B19C, cid=1818, SUCCESS, logIndex=3064, commits[2573df58-4087-4dd0-8598-5abddcc696b9:c3064]
2019-06-13 21:51:39,776 INFO  client.GrpcClientProtocolClient (GrpcClientProtocolClient.java:onNext(254)) - client-9C97446E6A25->2573df58-4087-4dd0-8598-5abddcc696b9: receive RaftClientReply:client-9C97446E6A25->2573df58-4087-4dd0-8598-5abddcc696b9@group-CE3C0447B19C, cid=1819, SUCCESS, logIndex=3065, commits[2573df58-4087-4dd0-8598-5abddcc696b9:c3067]
2019-06-13 21:51:39,776 INFO  client.GrpcClientProtocolClient (GrpcClientProtocolClient.java:onNext(254)) - client-9C97446E6A25->2573df58-4087-4dd0-8598-5abddcc696b9: receive RaftClientReply:client-9C97446E6A25->2573df58-4087-4dd0-8598-5abddcc696b9@group-CE3C0447B19C, cid=1820, SUCCESS, logIndex=3066, commits[2573df58-4087-4dd0-8598-5abddcc696b9:c3067]
2019-06-13 21:51:39,782 INFO  client.GrpcClientProtocolClient (GrpcClientProtocolClient.java:onNext(254)) - client-9C97446E6A25->2573df58-4087-4dd0-8598-5abddcc696b9: receive RaftClientReply:client-9C97446E6A25->2573df58-4087-4dd0-8598-5abddcc696b9@group-CE3C0447B19C, cid=1821, SUCCESS, logIndex=3068, commits[2573df58-4087-4dd0-8598-5abddcc696b9:c3068]
2019-06-13 21:51:39,782 INFO  client.GrpcClientProtocolClient (GrpcClientProtocolClient.java:onNext(254)) - client-9C97446E6A25->2573df58-4087-4dd0-8598-5abddcc696b9: receive RaftClientReply:client-9C97446E6A25->2573df58-4087-4dd0-8598-5abddcc696b9@group-CE3C0447B19C, cid=1822, SUCCESS, logIndex=3070, commits[2573df58-4087-4dd0-8598-5abddcc696b9:c3070]
2019-06-13 21:51:39,785 INFO  client.GrpcClientProtocolClient (GrpcClientProtocolClient.java:onNext(254)) - client-9C97446E6A25->2573df58-4087-4dd0-8598-5abddcc696b9: receive RaftClientReply:client-9C97446E6A25->2573df58-4087-4dd0-8598-5abddcc696b9@group-CE3C0447B19C, cid=1823, SUCCESS, logIndex=3072, commits[2573df58-4087-4dd0-8598-5abddcc696b9:c3073]
2019-06-13 21:51:39,787 INFO  client.GrpcClientProtocolClient (GrpcClientProtocolClient.java:onNext(254)) - client-9C97446E6A25->2573df58-4087-4dd0-8598-5abddcc696b9: receive RaftClientReply:client-9C97446E6A25->2573df58-4087-4dd0-8598-5abddcc696b9@group-CE3C0447B19C, cid=1824, SUCCESS, logIndex=3073, commits[2573df58-4087-4dd0-8598-5abddcc696b9:c3073]
2019-06-13 21:51:39,796 INFO  client.GrpcClientProtocolClient (GrpcClientProtocolClient.java:onNext(254)) - client-9C97446E6A25->2573df58-4087-4dd0-8598-5abddcc696b9: receive RaftClientReply:client-9C97446E6A25->2573df58-4087-4dd0-8598-5abddcc696b9@group-CE3C0447B19C, cid=1825, SUCCESS, logIndex=3075, commits[2573df58-4087-4dd0-8598-5abddcc696b9:c3075]
2019-06-13 21:51:39,798 INFO  client.GrpcClientProtocolClient (GrpcClientProtocolClient.java:onNext(254)) - client-9C97446E6A25->2573df58-4087-4dd0-8598-5abddcc696b9: receive RaftClientReply:client-9C97446E6A25->2573df58-4087-4dd0-8598-5abddcc696b9@group-CE3C0447B19C, cid=1826, SUCCESS, logIndex=3077, commits[2573df58-4087-4dd0-8598-5abddcc696b9:c3077]
2019-06-13 21:51:39,798 INFO  client.GrpcClientProtocolClient (GrpcClientProtocolClient.java:onNext(254)) - client-9C97446E6A25->2573df58-4087-4dd0-8598-5abddcc696b9: receive RaftClientReply:client-9C97446E6A25->2573df58-4087-4dd0-8598-5abddcc696b9@group-CE3C0447B19C, cid=1827, SUCCESS, logIndex=3078, commits[2573df58-4087-4dd0-8598-5abddcc696b9:c3079]
2019-06-13 21:51:39,799 INFO  client.GrpcClientProtocolClient (GrpcClientProtocolClient.java:onNext(254)) - client-9C97446E6A25->2573df58-4087-4dd0-8598-5abddcc696b9: receive RaftClientReply:client-9C97446E6A25->2573df58-4087-4dd0-8598-5abddcc696b9@group-CE3C0447B19C, cid=1828, SUCCESS, logIndex=3079, commits[2573df58-4087-4dd0-8598-5abddcc696b9:c3079]
2019-06-13 21:51:39,799 DEBUG block.SCMBlockDeletingService (SCMBlockDeletingService.java:call(138)) - Running DeletedBlockTransactionScanner
2019-06-13 21:51:39,799 DEBUG block.SCMBlockDeletingService (SCMBlockDeletingService.java:call(155)) - Scanned deleted blocks log and got 0 delTX to process.
2019-06-13 21:51:39,805 INFO  client.GrpcClientProtocolClient (GrpcClientProtocolClient.java:onNext(254)) - client-9C97446E6A25->2573df58-4087-4dd0-8598-5abddcc696b9: receive RaftClientReply:client-9C97446E6A25->2573df58-4087-4dd0-8598-5abddcc696b9@group-CE3C0447B19C, cid=1829, SUCCESS, logIndex=3082, commits[2573df58-4087-4dd0-8598-5abddcc696b9:c3082]
2019-06-13 21:51:39,807 INFO  client.GrpcClientProtocolClient (GrpcClientProtocolClient.java:onNext(254)) - client-9C97446E6A25->2573df58-4087-4dd0-8598-5abddcc696b9: receive RaftClientReply:client-9C97446E6A25->2573df58-4087-4dd0-8598-5abddcc696b9@group-CE3C0447B19C, cid=1830, SUCCESS, logIndex=3084, commits[2573df58-4087-4dd0-8598-5abddcc696b9:c3084]
2019-06-13 21:51:39,811 INFO  client.GrpcClientProtocolClient (GrpcClientProtocolClient.java:onNext(254)) - client-9C97446E6A25->2573df58-4087-4dd0-8598-5abddcc696b9: receive RaftClientReply:client-9C97446E6A25->2573df58-4087-4dd0-8598-5abddcc696b9@group-CE3C0447B19C, cid=1831, SUCCESS, logIndex=3085, commits[2573df58-4087-4dd0-8598-5abddcc696b9:c3087]
2019-06-13 21:51:39,811 INFO  client.GrpcClientProtocolClient (GrpcClientProtocolClient.java:onNext(254)) - client-9C97446E6A25->2573df58-4087-4dd0-8598-5abddcc696b9: receive RaftClientReply:client-9C97446E6A25->2573df58-4087-4dd0-8598-5abddcc696b9@group-CE3C0447B19C, cid=1832, SUCCESS, logIndex=3086, commits[2573df58-4087-4dd0-8598-5abddcc696b9:c3087]
2019-06-13 21:51:39,827 INFO  client.GrpcClientProtocolClient (GrpcClientProtocolClient.java:onNext(254)) - client-9C97446E6A25->2573df58-4087-4dd0-8598-5abddcc696b9: receive RaftClientReply:client-9C97446E6A25->2573df58-4087-4dd0-8598-5abddcc696b9@group-CE3C0447B19C, cid=1833, SUCCESS, logIndex=3088, commits[2573df58-4087-4dd0-8598-5abddcc696b9:c3088]
2019-06-13 21:51:39,835 INFO  client.GrpcClientProtocolClient (GrpcClientProtocolClient.java:onNext(254)) - client-9C97446E6A25->2573df58-4087-4dd0-8598-5abddcc696b9: receive RaftClientReply:client-9C97446E6A25->2573df58-4087-4dd0-8598-5abddcc696b9@group-CE3C0447B19C, cid=1834, SUCCESS, logIndex=3090, commits[2573df58-4087-4dd0-8598-5abddcc696b9:c3090]
2019-06-13 21:51:39,836 INFO  client.GrpcClientProtocolClient (GrpcClientProtocolClient.java:onNext(254)) - client-9C97446E6A25->2573df58-4087-4dd0-8598-5abddcc696b9: receive RaftClientReply:client-9C97446E6A25->2573df58-4087-4dd0-8598-5abddcc696b9@group-CE3C0447B19C, cid=1835, SUCCESS, logIndex=3091, commits[2573df58-4087-4dd0-8598-5abddcc696b9:c3093]
2019-06-13 21:51:39,837 INFO  client.GrpcClientProtocolClient (GrpcClientProtocolClient.java:onNext(254)) - client-9C97446E6A25->2573df58-4087-4dd0-8598-5abddcc696b9: receive RaftClientReply:client-9C97446E6A25->2573df58-4087-4dd0-8598-5abddcc696b9@group-CE3C0447B19C, cid=1836, SUCCESS, logIndex=3092, commits[2573df58-4087-4dd0-8598-5abddcc696b9:c3093]
2019-06-13 21:51:39,845 INFO  client.GrpcClientProtocolClient (GrpcClientProtocolClient.java:onNext(254)) - client-9C97446E6A25->2573df58-4087-4dd0-8598-5abddcc696b9: receive RaftClientReply:client-9C97446E6A25->2573df58-4087-4dd0-8598-5abddcc696b9@group-CE3C0447B19C, cid=1837, SUCCESS, logIndex=3094, commits[2573df58-4087-4dd0-8598-5abddcc696b9:c3094]
2019-06-13 21:51:39,847 INFO  client.GrpcClientProtocolClient (GrpcClientProtocolClient.java:onNext(254)) - client-9C97446E6A25->2573df58-4087-4dd0-8598-5abddcc696b9: receive RaftClientReply:client-9C97446E6A25->2573df58-4087-4dd0-8598-5abddcc696b9@group-CE3C0447B19C, cid=1838, SUCCESS, logIndex=3096, commits[2573df58-4087-4dd0-8598-5abddcc696b9:c3096]
2019-06-13 21:51:39,848 INFO  client.GrpcClientProtocolClient (GrpcClientProtocolClient.java:onNext(254)) - client-9C97446E6A25->2573df58-4087-4dd0-8598-5abddcc696b9: receive RaftClientReply:client-9C97446E6A25->2573df58-4087-4dd0-8598-5abddcc696b9@group-CE3C0447B19C, cid=1839, SUCCESS, logIndex=3097, commits[2573df58-4087-4dd0-8598-5abddcc696b9:c3099]
2019-06-13 21:51:39,855 INFO  client.GrpcClientProtocolClient (GrpcClientProtocolClient.java:onNext(254)) - client-9C97446E6A25->2573df58-4087-4dd0-8598-5abddcc696b9: receive RaftClientReply:client-9C97446E6A25->2573df58-4087-4dd0-8598-5abddcc696b9@group-CE3C0447B19C, cid=1840, SUCCESS, logIndex=3098, commits[2573df58-4087-4dd0-8598-5abddcc696b9:c3099]
2019-06-13 21:51:39,865 INFO  client.GrpcClientProtocolClient (GrpcClientProtocolClient.java:onNext(254)) - client-9C97446E6A25->2573df58-4087-4dd0-8598-5abddcc696b9: receive RaftClientReply:client-9C97446E6A25->2573df58-4087-4dd0-8598-5abddcc696b9@group-CE3C0447B19C, cid=1841, SUCCESS, logIndex=3100, commits[2573df58-4087-4dd0-8598-5abddcc696b9:c3100]
2019-06-13 21:51:39,867 INFO  client.GrpcClientProtocolClient (GrpcClientProtocolClient.java:onNext(254)) - client-9C97446E6A25->2573df58-4087-4dd0-8598-5abddcc696b9: receive RaftClientReply:client-9C97446E6A25->2573df58-4087-4dd0-8598-5abddcc696b9@group-CE3C0447B19C, cid=1842, SUCCESS, logIndex=3102, commits[2573df58-4087-4dd0-8598-5abddcc696b9:c3102]
2019-06-13 21:51:39,873 INFO  client.GrpcClientProtocolClient (GrpcClientProtocolClient.java:onNext(254)) - client-9C97446E6A25->2573df58-4087-4dd0-8598-5abddcc696b9: receive RaftClientReply:client-9C97446E6A25->2573df58-4087-4dd0-8598-5abddcc696b9@group-CE3C0447B19C, cid=1843, SUCCESS, logIndex=3103, commits[2573df58-4087-4dd0-8598-5abddcc696b9:c3104]
2019-06-13 21:51:39,873 INFO  client.GrpcClientProtocolClient (GrpcClientProtocolClient.java:onNext(254)) - client-9C97446E6A25->2573df58-4087-4dd0-8598-5abddcc696b9: receive RaftClientReply:client-9C97446E6A25->2573df58-4087-4dd0-8598-5abddcc696b9@group-CE3C0447B19C, cid=1844, SUCCESS, logIndex=3104, commits[2573df58-4087-4dd0-8598-5abddcc696b9:c3104]
2019-06-13 21:51:39,879 INFO  storage.RaftLogWorker (RaftLogWorker.java:rollLogSegment(303)) - 2573df58-4087-4dd0-8598-5abddcc696b9-RaftLogWorker: Rolling segment log-3040_3108 to index:3108
2019-06-13 21:51:39,879 INFO  client.GrpcClientProtocolClient (GrpcClientProtocolClient.java:onNext(254)) - client-9C97446E6A25->2573df58-4087-4dd0-8598-5abddcc696b9: receive RaftClientReply:client-9C97446E6A25->2573df58-4087-4dd0-8598-5abddcc696b9@group-CE3C0447B19C, cid=1845, SUCCESS, logIndex=3107, commits[2573df58-4087-4dd0-8598-5abddcc696b9:c3107]
2019-06-13 21:51:39,879 INFO  storage.RaftLogWorker (RaftLogWorker.java:execute(433)) - 2573df58-4087-4dd0-8598-5abddcc696b9-RaftLogWorker: Rolled log segment from /opt/src/hadoop-ozone/integration-test/target/test-dir/MiniOzoneClusterImpl-8578056e-9b7b-4e66-9e9f-ef53d5cd7c03/datanode-0/data/ratis/7f5c2536-ed89-4233-9ec0-ce3c0447b19c/current/log_inprogress_3040 to /opt/src/hadoop-ozone/integration-test/target/test-dir/MiniOzoneClusterImpl-8578056e-9b7b-4e66-9e9f-ef53d5cd7c03/datanode-0/data/ratis/7f5c2536-ed89-4233-9ec0-ce3c0447b19c/current/log_3040-3108
2019-06-13 21:51:39,899 DEBUG block.SCMBlockDeletingService (SCMBlockDeletingService.java:call(138)) - Running DeletedBlockTransactionScanner
2019-06-13 21:51:39,900 DEBUG block.SCMBlockDeletingService (SCMBlockDeletingService.java:call(155)) - Scanned deleted blocks log and got 0 delTX to process.
2019-06-13 21:51:39,919 INFO  storage.RaftLogWorker (RaftLogWorker.java:execute(469)) - 2573df58-4087-4dd0-8598-5abddcc696b9-RaftLogWorker: created new log segment /opt/src/hadoop-ozone/integration-test/target/test-dir/MiniOzoneClusterImpl-8578056e-9b7b-4e66-9e9f-ef53d5cd7c03/datanode-0/data/ratis/7f5c2536-ed89-4233-9ec0-ce3c0447b19c/current/log_inprogress_3109
2019-06-13 21:51:39,922 INFO  client.GrpcClientProtocolClient (GrpcClientProtocolClient.java:onNext(254)) - client-9C97446E6A25->2573df58-4087-4dd0-8598-5abddcc696b9: receive RaftClientReply:client-9C97446E6A25->2573df58-4087-4dd0-8598-5abddcc696b9@group-CE3C0447B19C, cid=1846, SUCCESS, logIndex=3109, commits[2573df58-4087-4dd0-8598-5abddcc696b9:c3111]
2019-06-13 21:51:39,923 INFO  client.GrpcClientProtocolClient (GrpcClientProtocolClient.java:onNext(254)) - client-9C97446E6A25->2573df58-4087-4dd0-8598-5abddcc696b9: receive RaftClientReply:client-9C97446E6A25->2573df58-4087-4dd0-8598-5abddcc696b9@group-CE3C0447B19C, cid=1847, SUCCESS, logIndex=3110, commits[2573df58-4087-4dd0-8598-5abddcc696b9:c3112]
2019-06-13 21:51:39,925 INFO  client.GrpcClientProtocolClient (GrpcClientProtocolClient.java:onNext(254)) - client-9C97446E6A25->2573df58-4087-4dd0-8598-5abddcc696b9: receive RaftClientReply:client-9C97446E6A25->2573df58-4087-4dd0-8598-5abddcc696b9@group-CE3C0447B19C, cid=1848, SUCCESS, logIndex=3111, commits[2573df58-4087-4dd0-8598-5abddcc696b9:c3112]
2019-06-13 21:51:39,937 INFO  client.GrpcClientProtocolClient (GrpcClientProtocolClient.java:onNext(254)) - client-9C97446E6A25->2573df58-4087-4dd0-8598-5abddcc696b9: receive RaftClientReply:client-9C97446E6A25->2573df58-4087-4dd0-8598-5abddcc696b9@group-CE3C0447B19C, cid=1849, SUCCESS, logIndex=3113, commits[2573df58-4087-4dd0-8598-5abddcc696b9:c3113]
2019-06-13 21:51:39,939 INFO  client.GrpcClientProtocolClient (GrpcClientProtocolClient.java:onNext(254)) - client-9C97446E6A25->2573df58-4087-4dd0-8598-5abddcc696b9: receive RaftClientReply:client-9C97446E6A25->2573df58-4087-4dd0-8598-5abddcc696b9@group-CE3C0447B19C, cid=1850, SUCCESS, logIndex=3115, commits[2573df58-4087-4dd0-8598-5abddcc696b9:c3115]
2019-06-13 21:51:39,939 INFO  client.GrpcClientProtocolClient (GrpcClientProtocolClient.java:onNext(254)) - client-9C97446E6A25->2573df58-4087-4dd0-8598-5abddcc696b9: receive RaftClientReply:client-9C97446E6A25->2573df58-4087-4dd0-8598-5abddcc696b9@group-CE3C0447B19C, cid=1851, SUCCESS, logIndex=3116, commits[2573df58-4087-4dd0-8598-5abddcc696b9:c3117]
2019-06-13 21:51:39,943 INFO  client.GrpcClientProtocolClient (GrpcClientProtocolClient.java:onNext(254)) - client-9C97446E6A25->2573df58-4087-4dd0-8598-5abddcc696b9: receive RaftClientReply:client-9C97446E6A25->2573df58-4087-4dd0-8598-5abddcc696b9@group-CE3C0447B19C, cid=1852, SUCCESS, logIndex=3117, commits[2573df58-4087-4dd0-8598-5abddcc696b9:c3117]
2019-06-13 21:51:39,950 INFO  client.GrpcClientProtocolClient (GrpcClientProtocolClient.java:onNext(254)) - client-9C97446E6A25->2573df58-4087-4dd0-8598-5abddcc696b9: receive RaftClientReply:client-9C97446E6A25->2573df58-4087-4dd0-8598-5abddcc696b9@group-CE3C0447B19C, cid=1853, SUCCESS, logIndex=3120, commits[2573df58-4087-4dd0-8598-5abddcc696b9:c3120]
2019-06-13 21:51:39,955 INFO  client.GrpcClientProtocolClient (GrpcClientProtocolClient.java:onNext(254)) - client-9C97446E6A25->2573df58-4087-4dd0-8598-5abddcc696b9: receive RaftClientReply:client-9C97446E6A25->2573df58-4087-4dd0-8598-5abddcc696b9@group-CE3C0447B19C, cid=1854, SUCCESS, logIndex=3122, commits[2573df58-4087-4dd0-8598-5abddcc696b9:c3122]
2019-06-13 21:51:39,959 INFO  client.GrpcClientProtocolClient (GrpcClientProtocolClient.java:onNext(254)) - client-9C97446E6A25->2573df58-4087-4dd0-8598-5abddcc696b9: receive RaftClientReply:client-9C97446E6A25->2573df58-4087-4dd0-8598-5abddcc696b9@group-CE3C0447B19C, cid=1855, SUCCESS, logIndex=3123, commits[2573df58-4087-4dd0-8598-5abddcc696b9:c3125]
2019-06-13 21:51:39,959 INFO  client.GrpcClientProtocolClient (GrpcClientProtocolClient.java:onNext(254)) - client-9C97446E6A25->2573df58-4087-4dd0-8598-5abddcc696b9: receive RaftClientReply:client-9C97446E6A25->2573df58-4087-4dd0-8598-5abddcc696b9@group-CE3C0447B19C, cid=1856, SUCCESS, logIndex=3124, commits[2573df58-4087-4dd0-8598-5abddcc696b9:c3125]
2019-06-13 21:51:40,000 DEBUG block.SCMBlockDeletingService (SCMBlockDeletingService.java:call(138)) - Running DeletedBlockTransactionScanner
2019-06-13 21:51:40,000 DEBUG block.SCMBlockDeletingService (SCMBlockDeletingService.java:call(155)) - Scanned deleted blocks log and got 0 delTX to process.
2019-06-13 21:51:40,059 INFO  client.GrpcClientProtocolClient (GrpcClientProtocolClient.java:onNext(254)) - client-9C97446E6A25->2573df58-4087-4dd0-8598-5abddcc696b9: receive RaftClientReply:client-9C97446E6A25->2573df58-4087-4dd0-8598-5abddcc696b9@group-CE3C0447B19C, cid=1857, SUCCESS, logIndex=3126, commits[2573df58-4087-4dd0-8598-5abddcc696b9:c3126]
2019-06-13 21:51:40,060 INFO  client.GrpcClientProtocolClient (GrpcClientProtocolClient.java:onNext(254)) - client-9C97446E6A25->2573df58-4087-4dd0-8598-5abddcc696b9: receive RaftClientReply:client-9C97446E6A25->2573df58-4087-4dd0-8598-5abddcc696b9@group-CE3C0447B19C, cid=1858, SUCCESS, logIndex=3128, commits[2573df58-4087-4dd0-8598-5abddcc696b9:c3128]
2019-06-13 21:51:40,061 INFO  client.GrpcClientProtocolClient (GrpcClientProtocolClient.java:onNext(254)) - client-9C97446E6A25->2573df58-4087-4dd0-8598-5abddcc696b9: receive RaftClientReply:client-9C97446E6A25->2573df58-4087-4dd0-8598-5abddcc696b9@group-CE3C0447B19C, cid=1859, SUCCESS, logIndex=3129, commits[2573df58-4087-4dd0-8598-5abddcc696b9:c3131]
2019-06-13 21:51:40,062 INFO  client.GrpcClientProtocolClient (GrpcClientProtocolClient.java:onNext(254)) - client-9C97446E6A25->2573df58-4087-4dd0-8598-5abddcc696b9: receive RaftClientReply:client-9C97446E6A25->2573df58-4087-4dd0-8598-5abddcc696b9@group-CE3C0447B19C, cid=1860, SUCCESS, logIndex=3130, commits[2573df58-4087-4dd0-8598-5abddcc696b9:c3131]
2019-06-13 21:51:40,068 INFO  client.GrpcClientProtocolClient (GrpcClientProtocolClient.java:onNext(254)) - client-9C97446E6A25->2573df58-4087-4dd0-8598-5abddcc696b9: receive RaftClientReply:client-9C97446E6A25->2573df58-4087-4dd0-8598-5abddcc696b9@group-CE3C0447B19C, cid=1861, SUCCESS, logIndex=3132, commits[2573df58-4087-4dd0-8598-5abddcc696b9:c3132]
2019-06-13 21:51:40,069 INFO  client.GrpcClientProtocolClient (GrpcClientProtocolClient.java:onNext(254)) - client-9C97446E6A25->2573df58-4087-4dd0-8598-5abddcc696b9: receive RaftClientReply:client-9C97446E6A25->2573df58-4087-4dd0-8598-5abddcc696b9@group-CE3C0447B19C, cid=1862, SUCCESS, logIndex=3134, commits[2573df58-4087-4dd0-8598-5abddcc696b9:c3134]
2019-06-13 21:51:40,071 INFO  client.GrpcClientProtocolClient (GrpcClientProtocolClient.java:onNext(254)) - client-9C97446E6A25->2573df58-4087-4dd0-8598-5abddcc696b9: receive RaftClientReply:client-9C97446E6A25->2573df58-4087-4dd0-8598-5abddcc696b9@group-CE3C0447B19C, cid=1863, SUCCESS, logIndex=3135, commits[2573df58-4087-4dd0-8598-5abddcc696b9:c3137]
2019-06-13 21:51:40,071 INFO  client.GrpcClientProtocolClient (GrpcClientProtocolClient.java:onNext(254)) - client-9C97446E6A25->2573df58-4087-4dd0-8598-5abddcc696b9: receive RaftClientReply:client-9C97446E6A25->2573df58-4087-4dd0-8598-5abddcc696b9@group-CE3C0447B19C, cid=1864, SUCCESS, logIndex=3136, commits[2573df58-4087-4dd0-8598-5abddcc696b9:c3137]
2019-06-13 21:51:40,079 INFO  client.GrpcClientProtocolClient (GrpcClientProtocolClient.java:onNext(254)) - client-9C97446E6A25->2573df58-4087-4dd0-8598-5abddcc696b9: receive RaftClientReply:client-9C97446E6A25->2573df58-4087-4dd0-8598-5abddcc696b9@group-CE3C0447B19C, cid=1865, SUCCESS, logIndex=3138, commits[2573df58-4087-4dd0-8598-5abddcc696b9:c3138]
2019-06-13 21:51:40,083 INFO  client.GrpcClientProtocolClient (GrpcClientProtocolClient.java:onNext(254)) - client-9C97446E6A25->2573df58-4087-4dd0-8598-5abddcc696b9: receive RaftClientReply:client-9C97446E6A25->2573df58-4087-4dd0-8598-5abddcc696b9@group-CE3C0447B19C, cid=1866, SUCCESS, logIndex=3140, commits[2573df58-4087-4dd0-8598-5abddcc696b9:c3142]
2019-06-13 21:51:40,087 INFO  client.GrpcClientProtocolClient (GrpcClientProtocolClient.java:onNext(254)) - client-9C97446E6A25->2573df58-4087-4dd0-8598-5abddcc696b9: receive RaftClientReply:client-9C97446E6A25->2573df58-4087-4dd0-8598-5abddcc696b9@group-CE3C0447B19C, cid=1867, SUCCESS, logIndex=3141, commits[2573df58-4087-4dd0-8598-5abddcc696b9:c3142]
2019-06-13 21:51:40,087 INFO  client.GrpcClientProtocolClient (GrpcClientProtocolClient.java:onNext(254)) - client-9C97446E6A25->2573df58-4087-4dd0-8598-5abddcc696b9: receive RaftClientReply:client-9C97446E6A25->2573df58-4087-4dd0-8598-5abddcc696b9@group-CE3C0447B19C, cid=1868, SUCCESS, logIndex=3142, commits[2573df58-4087-4dd0-8598-5abddcc696b9:c3142]
2019-06-13 21:51:40,092 INFO  client.GrpcClientProtocolClient (GrpcClientProtocolClient.java:onNext(254)) - client-9C97446E6A25->2573df58-4087-4dd0-8598-5abddcc696b9: receive RaftClientReply:client-9C97446E6A25->2573df58-4087-4dd0-8598-5abddcc696b9@group-CE3C0447B19C, cid=1869, SUCCESS, logIndex=3144, commits[2573df58-4087-4dd0-8598-5abddcc696b9:c3144]
2019-06-13 21:51:40,093 INFO  client.GrpcClientProtocolClient (GrpcClientProtocolClient.java:onNext(254)) - client-9C97446E6A25->2573df58-4087-4dd0-8598-5abddcc696b9: receive RaftClientReply:client-9C97446E6A25->2573df58-4087-4dd0-8598-5abddcc696b9@group-CE3C0447B19C, cid=1870, SUCCESS, logIndex=3146, commits[2573df58-4087-4dd0-8598-5abddcc696b9:c3146]
2019-06-13 21:51:40,095 INFO  client.GrpcClientProtocolClient (GrpcClientProtocolClient.java:onNext(254)) - client-9C97446E6A25->2573df58-4087-4dd0-8598-5abddcc696b9: receive RaftClientReply:client-9C97446E6A25->2573df58-4087-4dd0-8598-5abddcc696b9@group-CE3C0447B19C, cid=1871, SUCCESS, logIndex=3147, commits[2573df58-4087-4dd0-8598-5abddcc696b9:c3149]
2019-06-13 21:51:40,095 INFO  client.GrpcClientProtocolClient (GrpcClientProtocolClient.java:onNext(254)) - client-9C97446E6A25->2573df58-4087-4dd0-8598-5abddcc696b9: receive RaftClientReply:client-9C97446E6A25->2573df58-4087-4dd0-8598-5abddcc696b9@group-CE3C0447B19C, cid=1872, SUCCESS, logIndex=3148, commits[2573df58-4087-4dd0-8598-5abddcc696b9:c3149]
2019-06-13 21:51:40,101 DEBUG block.SCMBlockDeletingService (SCMBlockDeletingService.java:call(138)) - Running DeletedBlockTransactionScanner
2019-06-13 21:51:40,101 DEBUG block.SCMBlockDeletingService (SCMBlockDeletingService.java:call(155)) - Scanned deleted blocks log and got 0 delTX to process.
2019-06-13 21:51:40,103 INFO  client.GrpcClientProtocolClient (GrpcClientProtocolClient.java:onNext(254)) - client-9C97446E6A25->2573df58-4087-4dd0-8598-5abddcc696b9: receive RaftClientReply:client-9C97446E6A25->2573df58-4087-4dd0-8598-5abddcc696b9@group-CE3C0447B19C, cid=1873, SUCCESS, logIndex=3150, commits[2573df58-4087-4dd0-8598-5abddcc696b9:c3150]
2019-06-13 21:51:40,105 INFO  client.GrpcClientProtocolClient (GrpcClientProtocolClient.java:onNext(254)) - client-9C97446E6A25->2573df58-4087-4dd0-8598-5abddcc696b9: receive RaftClientReply:client-9C97446E6A25->2573df58-4087-4dd0-8598-5abddcc696b9@group-CE3C0447B19C, cid=1874, SUCCESS, logIndex=3152, commits[2573df58-4087-4dd0-8598-5abddcc696b9:c3152]
2019-06-13 21:51:40,106 INFO  client.GrpcClientProtocolClient (GrpcClientProtocolClient.java:onNext(254)) - client-9C97446E6A25->2573df58-4087-4dd0-8598-5abddcc696b9: receive RaftClientReply:client-9C97446E6A25->2573df58-4087-4dd0-8598-5abddcc696b9@group-CE3C0447B19C, cid=1875, SUCCESS, logIndex=3153, commits[2573df58-4087-4dd0-8598-5abddcc696b9:c3155]
2019-06-13 21:51:40,106 INFO  client.GrpcClientProtocolClient (GrpcClientProtocolClient.java:onNext(254)) - client-9C97446E6A25->2573df58-4087-4dd0-8598-5abddcc696b9: receive RaftClientReply:client-9C97446E6A25->2573df58-4087-4dd0-8598-5abddcc696b9@group-CE3C0447B19C, cid=1876, SUCCESS, logIndex=3154, commits[2573df58-4087-4dd0-8598-5abddcc696b9:c3155]
2019-06-13 21:51:40,116 INFO  client.GrpcClientProtocolClient (GrpcClientProtocolClient.java:onNext(254)) - client-9C97446E6A25->2573df58-4087-4dd0-8598-5abddcc696b9: receive RaftClientReply:client-9C97446E6A25->2573df58-4087-4dd0-8598-5abddcc696b9@group-CE3C0447B19C, cid=1877, SUCCESS, logIndex=3156, commits[2573df58-4087-4dd0-8598-5abddcc696b9:c3156]
2019-06-13 21:51:40,118 INFO  client.GrpcClientProtocolClient (GrpcClientProtocolClient.java:onNext(254)) - client-9C97446E6A25->2573df58-4087-4dd0-8598-5abddcc696b9: receive RaftClientReply:client-9C97446E6A25->2573df58-4087-4dd0-8598-5abddcc696b9@group-CE3C0447B19C, cid=1878, SUCCESS, logIndex=3158, commits[2573df58-4087-4dd0-8598-5abddcc696b9:c3158]
2019-06-13 21:51:40,118 INFO  client.GrpcClientProtocolClient (GrpcClientProtocolClient.java:onNext(254)) - client-9C97446E6A25->2573df58-4087-4dd0-8598-5abddcc696b9: receive RaftClientReply:client-9C97446E6A25->2573df58-4087-4dd0-8598-5abddcc696b9@group-CE3C0447B19C, cid=1879, SUCCESS, logIndex=3159, commits[2573df58-4087-4dd0-8598-5abddcc696b9:c3161]
2019-06-13 21:51:40,119 INFO  client.GrpcClientProtocolClient (GrpcClientProtocolClient.java:onNext(254)) - client-9C97446E6A25->2573df58-4087-4dd0-8598-5abddcc696b9: receive RaftClientReply:client-9C97446E6A25->2573df58-4087-4dd0-8598-5abddcc696b9@group-CE3C0447B19C, cid=1880, SUCCESS, logIndex=3160, commits[2573df58-4087-4dd0-8598-5abddcc696b9:c3161]
2019-06-13 21:51:40,129 INFO  client.GrpcClientProtocolClient (GrpcClientProtocolClient.java:onNext(254)) - client-9C97446E6A25->2573df58-4087-4dd0-8598-5abddcc696b9: receive RaftClientReply:client-9C97446E6A25->2573df58-4087-4dd0-8598-5abddcc696b9@group-CE3C0447B19C, cid=1881, SUCCESS, logIndex=3162, commits[2573df58-4087-4dd0-8598-5abddcc696b9:c3162]
2019-06-13 21:51:40,132 INFO  client.GrpcClientProtocolClient (GrpcClientProtocolClient.java:onNext(254)) - client-9C97446E6A25->2573df58-4087-4dd0-8598-5abddcc696b9: receive RaftClientReply:client-9C97446E6A25->2573df58-4087-4dd0-8598-5abddcc696b9@group-CE3C0447B19C, cid=1882, SUCCESS, logIndex=3164, commits[2573df58-4087-4dd0-8598-5abddcc696b9:c3166]
2019-06-13 21:51:40,132 INFO  client.GrpcClientProtocolClient (GrpcClientProtocolClient.java:onNext(254)) - client-9C97446E6A25->2573df58-4087-4dd0-8598-5abddcc696b9: receive RaftClientReply:client-9C97446E6A25->2573df58-4087-4dd0-8598-5abddcc696b9@group-CE3C0447B19C, cid=1883, SUCCESS, logIndex=3165, commits[2573df58-4087-4dd0-8598-5abddcc696b9:c3166]
2019-06-13 21:51:40,132 INFO  client.GrpcClientProtocolClient (GrpcClientProtocolClient.java:onNext(254)) - client-9C97446E6A25->2573df58-4087-4dd0-8598-5abddcc696b9: receive RaftClientReply:client-9C97446E6A25->2573df58-4087-4dd0-8598-5abddcc696b9@group-CE3C0447B19C, cid=1884, SUCCESS, logIndex=3166, commits[2573df58-4087-4dd0-8598-5abddcc696b9:c3167]
2019-06-13 21:51:40,138 INFO  client.GrpcClientProtocolClient (GrpcClientProtocolClient.java:onNext(254)) - client-9C97446E6A25->2573df58-4087-4dd0-8598-5abddcc696b9: receive RaftClientReply:client-9C97446E6A25->2573df58-4087-4dd0-8598-5abddcc696b9@group-CE3C0447B19C, cid=1885, SUCCESS, logIndex=3168, commits[2573df58-4087-4dd0-8598-5abddcc696b9:c3168]
2019-06-13 21:51:40,139 INFO  client.GrpcClientProtocolClient (GrpcClientProtocolClient.java:onNext(254)) - client-9C97446E6A25->2573df58-4087-4dd0-8598-5abddcc696b9: receive RaftClientReply:client-9C97446E6A25->2573df58-4087-4dd0-8598-5abddcc696b9@group-CE3C0447B19C, cid=1886, SUCCESS, logIndex=3170, commits[2573df58-4087-4dd0-8598-5abddcc696b9:c3170]
2019-06-13 21:51:40,141 INFO  client.GrpcClientProtocolClient (GrpcClientProtocolClient.java:onNext(254)) - client-9C97446E6A25->2573df58-4087-4dd0-8598-5abddcc696b9: receive RaftClientReply:client-9C97446E6A25->2573df58-4087-4dd0-8598-5abddcc696b9@group-CE3C0447B19C, cid=1887, SUCCESS, logIndex=3171, commits[2573df58-4087-4dd0-8598-5abddcc696b9:c3173]
2019-06-13 21:51:40,141 INFO  client.GrpcClientProtocolClient (GrpcClientProtocolClient.java:onNext(254)) - client-9C97446E6A25->2573df58-4087-4dd0-8598-5abddcc696b9: receive RaftClientReply:client-9C97446E6A25->2573df58-4087-4dd0-8598-5abddcc696b9@group-CE3C0447B19C, cid=1888, SUCCESS, logIndex=3172, commits[2573df58-4087-4dd0-8598-5abddcc696b9:c3173]
2019-06-13 21:51:40,149 INFO  storage.RaftLogWorker (RaftLogWorker.java:rollLogSegment(303)) - 2573df58-4087-4dd0-8598-5abddcc696b9-RaftLogWorker: Rolling segment log-3109_3173 to index:3173
2019-06-13 21:51:40,149 INFO  storage.RaftLogWorker (RaftLogWorker.java:execute(433)) - 2573df58-4087-4dd0-8598-5abddcc696b9-RaftLogWorker: Rolled log segment from /opt/src/hadoop-ozone/integration-test/target/test-dir/MiniOzoneClusterImpl-8578056e-9b7b-4e66-9e9f-ef53d5cd7c03/datanode-0/data/ratis/7f5c2536-ed89-4233-9ec0-ce3c0447b19c/current/log_inprogress_3109 to /opt/src/hadoop-ozone/integration-test/target/test-dir/MiniOzoneClusterImpl-8578056e-9b7b-4e66-9e9f-ef53d5cd7c03/datanode-0/data/ratis/7f5c2536-ed89-4233-9ec0-ce3c0447b19c/current/log_3109-3173
2019-06-13 21:51:40,185 INFO  storage.RaftLogWorker (RaftLogWorker.java:execute(469)) - 2573df58-4087-4dd0-8598-5abddcc696b9-RaftLogWorker: created new log segment /opt/src/hadoop-ozone/integration-test/target/test-dir/MiniOzoneClusterImpl-8578056e-9b7b-4e66-9e9f-ef53d5cd7c03/datanode-0/data/ratis/7f5c2536-ed89-4233-9ec0-ce3c0447b19c/current/log_inprogress_3174
2019-06-13 21:51:40,187 INFO  client.GrpcClientProtocolClient (GrpcClientProtocolClient.java:onNext(254)) - client-9C97446E6A25->2573df58-4087-4dd0-8598-5abddcc696b9: receive RaftClientReply:client-9C97446E6A25->2573df58-4087-4dd0-8598-5abddcc696b9@group-CE3C0447B19C, cid=1889, SUCCESS, logIndex=3174, commits[2573df58-4087-4dd0-8598-5abddcc696b9:c3174]
2019-06-13 21:51:40,188 INFO  client.GrpcClientProtocolClient (GrpcClientProtocolClient.java:onNext(254)) - client-9C97446E6A25->2573df58-4087-4dd0-8598-5abddcc696b9: receive RaftClientReply:client-9C97446E6A25->2573df58-4087-4dd0-8598-5abddcc696b9@group-CE3C0447B19C, cid=1890, SUCCESS, logIndex=3176, commits[2573df58-4087-4dd0-8598-5abddcc696b9:c3176]
2019-06-13 21:51:40,189 INFO  client.GrpcClientProtocolClient (GrpcClientProtocolClient.java:onNext(254)) - client-9C97446E6A25->2573df58-4087-4dd0-8598-5abddcc696b9: receive RaftClientReply:client-9C97446E6A25->2573df58-4087-4dd0-8598-5abddcc696b9@group-CE3C0447B19C, cid=1891, SUCCESS, logIndex=3177, commits[2573df58-4087-4dd0-8598-5abddcc696b9:c3179]
2019-06-13 21:51:40,189 INFO  client.GrpcClientProtocolClient (GrpcClientProtocolClient.java:onNext(254)) - client-9C97446E6A25->2573df58-4087-4dd0-8598-5abddcc696b9: receive RaftClientReply:client-9C97446E6A25->2573df58-4087-4dd0-8598-5abddcc696b9@group-CE3C0447B19C, cid=1892, SUCCESS, logIndex=3178, commits[2573df58-4087-4dd0-8598-5abddcc696b9:c3179]
2019-06-13 21:51:40,195 INFO  client.GrpcClientProtocolClient (GrpcClientProtocolClient.java:onNext(254)) - client-9C97446E6A25->2573df58-4087-4dd0-8598-5abddcc696b9: receive RaftClientReply:client-9C97446E6A25->2573df58-4087-4dd0-8598-5abddcc696b9@group-CE3C0447B19C, cid=1893, SUCCESS, logIndex=3180, commits[2573df58-4087-4dd0-8598-5abddcc696b9:c3180]
2019-06-13 21:51:40,197 INFO  client.GrpcClientProtocolClient (GrpcClientProtocolClient.java:onNext(254)) - client-9C97446E6A25->2573df58-4087-4dd0-8598-5abddcc696b9: receive RaftClientReply:client-9C97446E6A25->2573df58-4087-4dd0-8598-5abddcc696b9@group-CE3C0447B19C, cid=1894, SUCCESS, logIndex=3182, commits[2573df58-4087-4dd0-8598-5abddcc696b9:c3182]
2019-06-13 21:51:40,197 INFO  client.GrpcClientProtocolClient (GrpcClientProtocolClient.java:onNext(254)) - client-9C97446E6A25->2573df58-4087-4dd0-8598-5abddcc696b9: receive RaftClientReply:client-9C97446E6A25->2573df58-4087-4dd0-8598-5abddcc696b9@group-CE3C0447B19C, cid=1895, SUCCESS, logIndex=3183, commits[2573df58-4087-4dd0-8598-5abddcc696b9:c3185]
2019-06-13 21:51:40,197 INFO  client.GrpcClientProtocolClient (GrpcClientProtocolClient.java:onNext(254)) - client-9C97446E6A25->2573df58-4087-4dd0-8598-5abddcc696b9: receive RaftClientReply:client-9C97446E6A25->2573df58-4087-4dd0-8598-5abddcc696b9@group-CE3C0447B19C, cid=1896, SUCCESS, logIndex=3185, commits[2573df58-4087-4dd0-8598-5abddcc696b9:c3185]
2019-06-13 21:51:40,201 DEBUG block.SCMBlockDeletingService (SCMBlockDeletingService.java:call(138)) - Running DeletedBlockTransactionScanner
2019-06-13 21:51:40,201 DEBUG block.SCMBlockDeletingService (SCMBlockDeletingService.java:call(155)) - Scanned deleted blocks log and got 0 delTX to process.
2019-06-13 21:51:40,206 INFO  client.GrpcClientProtocolClient (GrpcClientProtocolClient.java:onNext(254)) - client-9C97446E6A25->2573df58-4087-4dd0-8598-5abddcc696b9: receive RaftClientReply:client-9C97446E6A25->2573df58-4087-4dd0-8598-5abddcc696b9@group-CE3C0447B19C, cid=1897, SUCCESS, logIndex=3187, commits[2573df58-4087-4dd0-8598-5abddcc696b9:c3187]
2019-06-13 21:51:40,207 INFO  client.GrpcClientProtocolClient (GrpcClientProtocolClient.java:onNext(254)) - client-9C97446E6A25->2573df58-4087-4dd0-8598-5abddcc696b9: receive RaftClientReply:client-9C97446E6A25->2573df58-4087-4dd0-8598-5abddcc696b9@group-CE3C0447B19C, cid=1898, SUCCESS, logIndex=3189, commits[2573df58-4087-4dd0-8598-5abddcc696b9:c3189]
2019-06-13 21:51:40,208 INFO  client.GrpcClientProtocolClient (GrpcClientProtocolClient.java:onNext(254)) - client-9C97446E6A25->2573df58-4087-4dd0-8598-5abddcc696b9: receive RaftClientReply:client-9C97446E6A25->2573df58-4087-4dd0-8598-5abddcc696b9@group-CE3C0447B19C, cid=1899, SUCCESS, logIndex=3190, commits[2573df58-4087-4dd0-8598-5abddcc696b9:c3192]
2019-06-13 21:51:40,208 INFO  client.GrpcClientProtocolClient (GrpcClientProtocolClient.java:onNext(254)) - client-9C97446E6A25->2573df58-4087-4dd0-8598-5abddcc696b9: receive RaftClientReply:client-9C97446E6A25->2573df58-4087-4dd0-8598-5abddcc696b9@group-CE3C0447B19C, cid=1900, SUCCESS, logIndex=3191, commits[2573df58-4087-4dd0-8598-5abddcc696b9:c3192]
2019-06-13 21:51:40,470 DEBUG block.SCMBlockDeletingService (SCMBlockDeletingService.java:call(138)) - Running DeletedBlockTransactionScanner
2019-06-13 21:51:40,470 DEBUG block.SCMBlockDeletingService (SCMBlockDeletingService.java:call(155)) - Scanned deleted blocks log and got 0 delTX to process.
2019-06-13 21:51:40,542 INFO  client.GrpcClientProtocolClient (GrpcClientProtocolClient.java:onNext(254)) - client-9C97446E6A25->2573df58-4087-4dd0-8598-5abddcc696b9: receive RaftClientReply:client-9C97446E6A25->2573df58-4087-4dd0-8598-5abddcc696b9@group-CE3C0447B19C, cid=1901, SUCCESS, logIndex=3193, commits[2573df58-4087-4dd0-8598-5abddcc696b9:c3193]
2019-06-13 21:51:40,544 INFO  client.GrpcClientProtocolClient (GrpcClientProtocolClient.java:onNext(254)) - client-9C97446E6A25->2573df58-4087-4dd0-8598-5abddcc696b9: receive RaftClientReply:client-9C97446E6A25->2573df58-4087-4dd0-8598-5abddcc696b9@group-CE3C0447B19C, cid=1902, SUCCESS, logIndex=3195, commits[2573df58-4087-4dd0-8598-5abddcc696b9:c3195]
2019-06-13 21:51:40,545 INFO  client.GrpcClientProtocolClient (GrpcClientProtocolClient.java:onNext(254)) - client-9C97446E6A25->2573df58-4087-4dd0-8598-5abddcc696b9: receive RaftClientReply:client-9C97446E6A25->2573df58-4087-4dd0-8598-5abddcc696b9@group-CE3C0447B19C, cid=1903, SUCCESS, logIndex=3196, commits[2573df58-4087-4dd0-8598-5abddcc696b9:c3198]
2019-06-13 21:51:40,545 INFO  client.GrpcClientProtocolClient (GrpcClientProtocolClient.java:onNext(254)) - client-9C97446E6A25->2573df58-4087-4dd0-8598-5abddcc696b9: receive RaftClientReply:client-9C97446E6A25->2573df58-4087-4dd0-8598-5abddcc696b9@group-CE3C0447B19C, cid=1904, SUCCESS, logIndex=3197, commits[2573df58-4087-4dd0-8598-5abddcc696b9:c3198]
2019-06-13 21:51:40,556 INFO  client.GrpcClientProtocolClient (GrpcClientProtocolClient.java:onNext(254)) - client-9C97446E6A25->2573df58-4087-4dd0-8598-5abddcc696b9: receive RaftClientReply:client-9C97446E6A25->2573df58-4087-4dd0-8598-5abddcc696b9@group-CE3C0447B19C, cid=1905, SUCCESS, logIndex=3199, commits[2573df58-4087-4dd0-8598-5abddcc696b9:c3199]
2019-06-13 21:51:40,558 INFO  client.GrpcClientProtocolClient (GrpcClientProtocolClient.java:onNext(254)) - client-9C97446E6A25->2573df58-4087-4dd0-8598-5abddcc696b9: receive RaftClientReply:client-9C97446E6A25->2573df58-4087-4dd0-8598-5abddcc696b9@group-CE3C0447B19C, cid=1906, SUCCESS, logIndex=3201, commits[2573df58-4087-4dd0-8598-5abddcc696b9:c3201]
2019-06-13 21:51:40,558 INFO  client.GrpcClientProtocolClient (GrpcClientProtocolClient.java:onNext(254)) - client-9C97446E6A25->2573df58-4087-4dd0-8598-5abddcc696b9: receive RaftClientReply:client-9C97446E6A25->2573df58-4087-4dd0-8598-5abddcc696b9@group-CE3C0447B19C, cid=1907, SUCCESS, logIndex=3202, commits[2573df58-4087-4dd0-8598-5abddcc696b9:c3204]
2019-06-13 21:51:40,558 INFO  client.GrpcClientProtocolClient (GrpcClientProtocolClient.java:onNext(254)) - client-9C97446E6A25->2573df58-4087-4dd0-8598-5abddcc696b9: receive RaftClientReply:client-9C97446E6A25->2573df58-4087-4dd0-8598-5abddcc696b9@group-CE3C0447B19C, cid=1908, SUCCESS, logIndex=3203, commits[2573df58-4087-4dd0-8598-5abddcc696b9:c3204]
2019-06-13 21:51:40,564 INFO  client.GrpcClientProtocolClient (GrpcClientProtocolClient.java:onNext(254)) - client-9C97446E6A25->2573df58-4087-4dd0-8598-5abddcc696b9: receive RaftClientReply:client-9C97446E6A25->2573df58-4087-4dd0-8598-5abddcc696b9@group-CE3C0447B19C, cid=1909, SUCCESS, logIndex=3205, commits[2573df58-4087-4dd0-8598-5abddcc696b9:c3205]
2019-06-13 21:51:40,565 INFO  client.GrpcClientProtocolClient (GrpcClientProtocolClient.java:onNext(254)) - client-9C97446E6A25->2573df58-4087-4dd0-8598-5abddcc696b9: receive RaftClientReply:client-9C97446E6A25->2573df58-4087-4dd0-8598-5abddcc696b9@group-CE3C0447B19C, cid=1910, SUCCESS, logIndex=3207, commits[2573df58-4087-4dd0-8598-5abddcc696b9:c3207]
2019-06-13 21:51:40,566 INFO  client.GrpcClientProtocolClient (GrpcClientProtocolClient.java:onNext(254)) - client-9C97446E6A25->2573df58-4087-4dd0-8598-5abddcc696b9: receive RaftClientReply:client-9C97446E6A25->2573df58-4087-4dd0-8598-5abddcc696b9@group-CE3C0447B19C, cid=1911, SUCCESS, logIndex=3208, commits[2573df58-4087-4dd0-8598-5abddcc696b9:c3210]
2019-06-13 21:51:40,566 INFO  client.GrpcClientProtocolClient (GrpcClientProtocolClient.java:onNext(254)) - client-9C97446E6A25->2573df58-4087-4dd0-8598-5abddcc696b9: receive RaftClientReply:client-9C97446E6A25->2573df58-4087-4dd0-8598-5abddcc696b9@group-CE3C0447B19C, cid=1912, SUCCESS, logIndex=3209, commits[2573df58-4087-4dd0-8598-5abddcc696b9:c3210]
2019-06-13 21:51:40,571 DEBUG block.SCMBlockDeletingService (SCMBlockDeletingService.java:call(138)) - Running DeletedBlockTransactionScanner
2019-06-13 21:51:40,571 DEBUG block.SCMBlockDeletingService (SCMBlockDeletingService.java:call(155)) - Scanned deleted blocks log and got 0 delTX to process.
2019-06-13 21:51:40,575 INFO  client.GrpcClientProtocolClient (GrpcClientProtocolClient.java:onNext(254)) - client-9C97446E6A25->2573df58-4087-4dd0-8598-5abddcc696b9: receive RaftClientReply:client-9C97446E6A25->2573df58-4087-4dd0-8598-5abddcc696b9@group-CE3C0447B19C, cid=1913, SUCCESS, logIndex=3211, commits[2573df58-4087-4dd0-8598-5abddcc696b9:c3211]
2019-06-13 21:51:40,576 INFO  client.GrpcClientProtocolClient (GrpcClientProtocolClient.java:onNext(254)) - client-9C97446E6A25->2573df58-4087-4dd0-8598-5abddcc696b9: receive RaftClientReply:client-9C97446E6A25->2573df58-4087-4dd0-8598-5abddcc696b9@group-CE3C0447B19C, cid=1914, SUCCESS, logIndex=3213, commits[2573df58-4087-4dd0-8598-5abddcc696b9:c3213]
2019-06-13 21:51:40,577 INFO  client.GrpcClientProtocolClient (GrpcClientProtocolClient.java:onNext(254)) - client-9C97446E6A25->2573df58-4087-4dd0-8598-5abddcc696b9: receive RaftClientReply:client-9C97446E6A25->2573df58-4087-4dd0-8598-5abddcc696b9@group-CE3C0447B19C, cid=1915, SUCCESS, logIndex=3214, commits[2573df58-4087-4dd0-8598-5abddcc696b9:c3216]
2019-06-13 21:51:40,578 INFO  client.GrpcClientProtocolClient (GrpcClientProtocolClient.java:onNext(254)) - client-9C97446E6A25->2573df58-4087-4dd0-8598-5abddcc696b9: receive RaftClientReply:client-9C97446E6A25->2573df58-4087-4dd0-8598-5abddcc696b9@group-CE3C0447B19C, cid=1916, SUCCESS, logIndex=3215, commits[2573df58-4087-4dd0-8598-5abddcc696b9:c3216]
2019-06-13 21:51:40,582 INFO  client.GrpcClientProtocolClient (GrpcClientProtocolClient.java:onNext(254)) - client-9C97446E6A25->2573df58-4087-4dd0-8598-5abddcc696b9: receive RaftClientReply:client-9C97446E6A25->2573df58-4087-4dd0-8598-5abddcc696b9@group-CE3C0447B19C, cid=1917, SUCCESS, logIndex=3217, commits[2573df58-4087-4dd0-8598-5abddcc696b9:c3217]
2019-06-13 21:51:40,584 INFO  client.GrpcClientProtocolClient (GrpcClientProtocolClient.java:onNext(254)) - client-9C97446E6A25->2573df58-4087-4dd0-8598-5abddcc696b9: receive RaftClientReply:client-9C97446E6A25->2573df58-4087-4dd0-8598-5abddcc696b9@group-CE3C0447B19C, cid=1918, SUCCESS, logIndex=3219, commits[2573df58-4087-4dd0-8598-5abddcc696b9:c3219]
2019-06-13 21:51:40,585 INFO  client.GrpcClientProtocolClient (GrpcClientProtocolClient.java:onNext(254)) - client-9C97446E6A25->2573df58-4087-4dd0-8598-5abddcc696b9: receive RaftClientReply:client-9C97446E6A25->2573df58-4087-4dd0-8598-5abddcc696b9@group-CE3C0447B19C, cid=1919, SUCCESS, logIndex=3220, commits[2573df58-4087-4dd0-8598-5abddcc696b9:c3222]
2019-06-13 21:51:40,585 INFO  client.GrpcClientProtocolClient (GrpcClientProtocolClient.java:onNext(254)) - client-9C97446E6A25->2573df58-4087-4dd0-8598-5abddcc696b9: receive RaftClientReply:client-9C97446E6A25->2573df58-4087-4dd0-8598-5abddcc696b9@group-CE3C0447B19C, cid=1920, SUCCESS, logIndex=3221, commits[2573df58-4087-4dd0-8598-5abddcc696b9:c3222]
2019-06-13 21:51:40,595 INFO  client.GrpcClientProtocolClient (GrpcClientProtocolClient.java:onNext(254)) - client-9C97446E6A25->2573df58-4087-4dd0-8598-5abddcc696b9: receive RaftClientReply:client-9C97446E6A25->2573df58-4087-4dd0-8598-5abddcc696b9@group-CE3C0447B19C, cid=1921, SUCCESS, logIndex=3223, commits[2573df58-4087-4dd0-8598-5abddcc696b9:c3224]
2019-06-13 21:51:40,599 INFO  client.GrpcClientProtocolClient (GrpcClientProtocolClient.java:onNext(254)) - client-9C97446E6A25->2573df58-4087-4dd0-8598-5abddcc696b9: receive RaftClientReply:client-9C97446E6A25->2573df58-4087-4dd0-8598-5abddcc696b9@group-CE3C0447B19C, cid=1922, SUCCESS, logIndex=3225, commits[2573df58-4087-4dd0-8598-5abddcc696b9:c3225]
2019-06-13 21:51:40,599 INFO  client.GrpcClientProtocolClient (GrpcClientProtocolClient.java:onNext(254)) - client-9C97446E6A25->2573df58-4087-4dd0-8598-5abddcc696b9: receive RaftClientReply:client-9C97446E6A25->2573df58-4087-4dd0-8598-5abddcc696b9@group-CE3C0447B19C, cid=1923, SUCCESS, logIndex=3226, commits[2573df58-4087-4dd0-8598-5abddcc696b9:c3228]
2019-06-13 21:51:40,600 INFO  client.GrpcClientProtocolClient (GrpcClientProtocolClient.java:onNext(254)) - client-9C97446E6A25->2573df58-4087-4dd0-8598-5abddcc696b9: receive RaftClientReply:client-9C97446E6A25->2573df58-4087-4dd0-8598-5abddcc696b9@group-CE3C0447B19C, cid=1924, SUCCESS, logIndex=3227, commits[2573df58-4087-4dd0-8598-5abddcc696b9:c3228]
2019-06-13 21:51:40,605 INFO  client.GrpcClientProtocolClient (GrpcClientProtocolClient.java:onNext(254)) - client-9C97446E6A25->2573df58-4087-4dd0-8598-5abddcc696b9: receive RaftClientReply:client-9C97446E6A25->2573df58-4087-4dd0-8598-5abddcc696b9@group-CE3C0447B19C, cid=1925, SUCCESS, logIndex=3229, commits[2573df58-4087-4dd0-8598-5abddcc696b9:c3229]
2019-06-13 21:51:40,608 INFO  client.GrpcClientProtocolClient (GrpcClientProtocolClient.java:onNext(254)) - client-9C97446E6A25->2573df58-4087-4dd0-8598-5abddcc696b9: receive RaftClientReply:client-9C97446E6A25->2573df58-4087-4dd0-8598-5abddcc696b9@group-CE3C0447B19C, cid=1926, SUCCESS, logIndex=3231, commits[2573df58-4087-4dd0-8598-5abddcc696b9:c3231]
2019-06-13 21:51:40,608 INFO  client.GrpcClientProtocolClient (GrpcClientProtocolClient.java:onNext(254)) - client-9C97446E6A25->2573df58-4087-4dd0-8598-5abddcc696b9: receive RaftClientReply:client-9C97446E6A25->2573df58-4087-4dd0-8598-5abddcc696b9@group-CE3C0447B19C, cid=1927, SUCCESS, logIndex=3232, commits[2573df58-4087-4dd0-8598-5abddcc696b9:c3232]
2019-06-13 21:51:40,611 INFO  client.GrpcClientProtocolClient (GrpcClientProtocolClient.java:onNext(254)) - client-9C97446E6A25->2573df58-4087-4dd0-8598-5abddcc696b9: receive RaftClientReply:client-9C97446E6A25->2573df58-4087-4dd0-8598-5abddcc696b9@group-CE3C0447B19C, cid=1928, SUCCESS, logIndex=3234, commits[2573df58-4087-4dd0-8598-5abddcc696b9:c3234]
2019-06-13 21:51:40,621 INFO  client.GrpcClientProtocolClient (GrpcClientProtocolClient.java:onNext(254)) - client-9C97446E6A25->2573df58-4087-4dd0-8598-5abddcc696b9: receive RaftClientReply:client-9C97446E6A25->2573df58-4087-4dd0-8598-5abddcc696b9@group-CE3C0447B19C, cid=1929, SUCCESS, logIndex=3237, commits[2573df58-4087-4dd0-8598-5abddcc696b9:c3237]
2019-06-13 21:51:40,623 INFO  client.GrpcClientProtocolClient (GrpcClientProtocolClient.java:onNext(254)) - client-9C97446E6A25->2573df58-4087-4dd0-8598-5abddcc696b9: receive RaftClientReply:client-9C97446E6A25->2573df58-4087-4dd0-8598-5abddcc696b9@group-CE3C0447B19C, cid=1930, SUCCESS, logIndex=3239, commits[2573df58-4087-4dd0-8598-5abddcc696b9:c3239]
2019-06-13 21:51:40,623 INFO  client.GrpcClientProtocolClient (GrpcClientProtocolClient.java:onNext(254)) - client-9C97446E6A25->2573df58-4087-4dd0-8598-5abddcc696b9: receive RaftClientReply:client-9C97446E6A25->2573df58-4087-4dd0-8598-5abddcc696b9@group-CE3C0447B19C, cid=1931, SUCCESS, logIndex=3240, commits[2573df58-4087-4dd0-8598-5abddcc696b9:c3242]
2019-06-13 21:51:40,624 INFO  client.GrpcClientProtocolClient (GrpcClientProtocolClient.java:onNext(254)) - client-9C97446E6A25->2573df58-4087-4dd0-8598-5abddcc696b9: receive RaftClientReply:client-9C97446E6A25->2573df58-4087-4dd0-8598-5abddcc696b9@group-CE3C0447B19C, cid=1932, SUCCESS, logIndex=3241, commits[2573df58-4087-4dd0-8598-5abddcc696b9:c3242]
2019-06-13 21:51:40,626 INFO  storage.RaftLogWorker (RaftLogWorker.java:rollLogSegment(303)) - 2573df58-4087-4dd0-8598-5abddcc696b9-RaftLogWorker: Rolling segment log-3174_3242 to index:3242
2019-06-13 21:51:40,627 INFO  storage.RaftLogWorker (RaftLogWorker.java:execute(433)) - 2573df58-4087-4dd0-8598-5abddcc696b9-RaftLogWorker: Rolled log segment from /opt/src/hadoop-ozone/integration-test/target/test-dir/MiniOzoneClusterImpl-8578056e-9b7b-4e66-9e9f-ef53d5cd7c03/datanode-0/data/ratis/7f5c2536-ed89-4233-9ec0-ce3c0447b19c/current/log_inprogress_3174 to /opt/src/hadoop-ozone/integration-test/target/test-dir/MiniOzoneClusterImpl-8578056e-9b7b-4e66-9e9f-ef53d5cd7c03/datanode-0/data/ratis/7f5c2536-ed89-4233-9ec0-ce3c0447b19c/current/log_3174-3242
2019-06-13 21:51:40,662 INFO  storage.RaftLogWorker (RaftLogWorker.java:execute(469)) - 2573df58-4087-4dd0-8598-5abddcc696b9-RaftLogWorker: created new log segment /opt/src/hadoop-ozone/integration-test/target/test-dir/MiniOzoneClusterImpl-8578056e-9b7b-4e66-9e9f-ef53d5cd7c03/datanode-0/data/ratis/7f5c2536-ed89-4233-9ec0-ce3c0447b19c/current/log_inprogress_3243
2019-06-13 21:51:40,664 INFO  client.GrpcClientProtocolClient (GrpcClientProtocolClient.java:onNext(254)) - client-9C97446E6A25->2573df58-4087-4dd0-8598-5abddcc696b9: receive RaftClientReply:client-9C97446E6A25->2573df58-4087-4dd0-8598-5abddcc696b9@group-CE3C0447B19C, cid=1933, SUCCESS, logIndex=3243, commits[2573df58-4087-4dd0-8598-5abddcc696b9:c3243]
2019-06-13 21:51:40,665 INFO  client.GrpcClientProtocolClient (GrpcClientProtocolClient.java:onNext(254)) - client-9C97446E6A25->2573df58-4087-4dd0-8598-5abddcc696b9: receive RaftClientReply:client-9C97446E6A25->2573df58-4087-4dd0-8598-5abddcc696b9@group-CE3C0447B19C, cid=1934, SUCCESS, logIndex=3245, commits[2573df58-4087-4dd0-8598-5abddcc696b9:c3245]
2019-06-13 21:51:40,666 INFO  client.GrpcClientProtocolClient (GrpcClientProtocolClient.java:onNext(254)) - client-9C97446E6A25->2573df58-4087-4dd0-8598-5abddcc696b9: receive RaftClientReply:client-9C97446E6A25->2573df58-4087-4dd0-8598-5abddcc696b9@group-CE3C0447B19C, cid=1935, SUCCESS, logIndex=3246, commits[2573df58-4087-4dd0-8598-5abddcc696b9:c3248]
2019-06-13 21:51:40,667 INFO  client.GrpcClientProtocolClient (GrpcClientProtocolClient.java:onNext(254)) - client-9C97446E6A25->2573df58-4087-4dd0-8598-5abddcc696b9: receive RaftClientReply:client-9C97446E6A25->2573df58-4087-4dd0-8598-5abddcc696b9@group-CE3C0447B19C, cid=1936, SUCCESS, logIndex=3247, commits[2573df58-4087-4dd0-8598-5abddcc696b9:c3248]
2019-06-13 21:51:40,671 DEBUG block.SCMBlockDeletingService (SCMBlockDeletingService.java:call(138)) - Running DeletedBlockTransactionScanner
2019-06-13 21:51:40,672 DEBUG block.SCMBlockDeletingService (SCMBlockDeletingService.java:call(155)) - Scanned deleted blocks log and got 0 delTX to process.
2019-06-13 21:51:40,675 INFO  client.GrpcClientProtocolClient (GrpcClientProtocolClient.java:onNext(254)) - client-9C97446E6A25->2573df58-4087-4dd0-8598-5abddcc696b9: receive RaftClientReply:client-9C97446E6A25->2573df58-4087-4dd0-8598-5abddcc696b9@group-CE3C0447B19C, cid=1937, SUCCESS, logIndex=3249, commits[2573df58-4087-4dd0-8598-5abddcc696b9:c3249]
2019-06-13 21:51:40,677 INFO  client.GrpcClientProtocolClient (GrpcClientProtocolClient.java:onNext(254)) - client-9C97446E6A25->2573df58-4087-4dd0-8598-5abddcc696b9: receive RaftClientReply:client-9C97446E6A25->2573df58-4087-4dd0-8598-5abddcc696b9@group-CE3C0447B19C, cid=1938, SUCCESS, logIndex=3251, commits[2573df58-4087-4dd0-8598-5abddcc696b9:c3251]
2019-06-13 21:51:40,678 INFO  client.GrpcClientProtocolClient (GrpcClientProtocolClient.java:onNext(254)) - client-9C97446E6A25->2573df58-4087-4dd0-8598-5abddcc696b9: receive RaftClientReply:client-9C97446E6A25->2573df58-4087-4dd0-8598-5abddcc696b9@group-CE3C0447B19C, cid=1939, SUCCESS, logIndex=3252, commits[2573df58-4087-4dd0-8598-5abddcc696b9:c3253]
2019-06-13 21:51:40,678 INFO  client.GrpcClientProtocolClient (GrpcClientProtocolClient.java:onNext(254)) - client-9C97446E6A25->2573df58-4087-4dd0-8598-5abddcc696b9: receive RaftClientReply:client-9C97446E6A25->2573df58-4087-4dd0-8598-5abddcc696b9@group-CE3C0447B19C, cid=1940, SUCCESS, logIndex=3253, commits[2573df58-4087-4dd0-8598-5abddcc696b9:c3253]
2019-06-13 21:51:40,683 INFO  client.GrpcClientProtocolClient (GrpcClientProtocolClient.java:onNext(254)) - client-9C97446E6A25->2573df58-4087-4dd0-8598-5abddcc696b9: receive RaftClientReply:client-9C97446E6A25->2573df58-4087-4dd0-8598-5abddcc696b9@group-CE3C0447B19C, cid=1941, SUCCESS, logIndex=3256, commits[2573df58-4087-4dd0-8598-5abddcc696b9:c3256]
2019-06-13 21:51:40,684 INFO  client.GrpcClientProtocolClient (GrpcClientProtocolClient.java:onNext(254)) - client-9C97446E6A25->2573df58-4087-4dd0-8598-5abddcc696b9: receive RaftClientReply:client-9C97446E6A25->2573df58-4087-4dd0-8598-5abddcc696b9@group-CE3C0447B19C, cid=1942, SUCCESS, logIndex=3258, commits[2573df58-4087-4dd0-8598-5abddcc696b9:c3258]
2019-06-13 21:51:40,685 INFO  client.GrpcClientProtocolClient (GrpcClientProtocolClient.java:onNext(254)) - client-9C97446E6A25->2573df58-4087-4dd0-8598-5abddcc696b9: receive RaftClientReply:client-9C97446E6A25->2573df58-4087-4dd0-8598-5abddcc696b9@group-CE3C0447B19C, cid=1943, SUCCESS, logIndex=3259, commits[2573df58-4087-4dd0-8598-5abddcc696b9:c3261]
2019-06-13 21:51:40,685 INFO  client.GrpcClientProtocolClient (GrpcClientProtocolClient.java:onNext(254)) - client-9C97446E6A25->2573df58-4087-4dd0-8598-5abddcc696b9: receive RaftClientReply:client-9C97446E6A25->2573df58-4087-4dd0-8598-5abddcc696b9@group-CE3C0447B19C, cid=1944, SUCCESS, logIndex=3260, commits[2573df58-4087-4dd0-8598-5abddcc696b9:c3261]
2019-06-13 21:51:40,762 INFO  client.GrpcClientProtocolClient (GrpcClientProtocolClient.java:onNext(254)) - client-9C97446E6A25->2573df58-4087-4dd0-8598-5abddcc696b9: receive RaftClientReply:client-9C97446E6A25->2573df58-4087-4dd0-8598-5abddcc696b9@group-CE3C0447B19C, cid=1945, SUCCESS, logIndex=3262, commits[2573df58-4087-4dd0-8598-5abddcc696b9:c3262]
2019-06-13 21:51:40,763 INFO  client.GrpcClientProtocolClient (GrpcClientProtocolClient.java:onNext(254)) - client-9C97446E6A25->2573df58-4087-4dd0-8598-5abddcc696b9: receive RaftClientReply:client-9C97446E6A25->2573df58-4087-4dd0-8598-5abddcc696b9@group-CE3C0447B19C, cid=1946, SUCCESS, logIndex=3264, commits[2573df58-4087-4dd0-8598-5abddcc696b9:c3264]
2019-06-13 21:51:40,764 INFO  client.GrpcClientProtocolClient (GrpcClientProtocolClient.java:onNext(254)) - client-9C97446E6A25->2573df58-4087-4dd0-8598-5abddcc696b9: receive RaftClientReply:client-9C97446E6A25->2573df58-4087-4dd0-8598-5abddcc696b9@group-CE3C0447B19C, cid=1947, SUCCESS, logIndex=3265, commits[2573df58-4087-4dd0-8598-5abddcc696b9:c3267]
2019-06-13 21:51:40,764 INFO  client.GrpcClientProtocolClient (GrpcClientProtocolClient.java:onNext(254)) - client-9C97446E6A25->2573df58-4087-4dd0-8598-5abddcc696b9: receive RaftClientReply:client-9C97446E6A25->2573df58-4087-4dd0-8598-5abddcc696b9@group-CE3C0447B19C, cid=1948, SUCCESS, logIndex=3266, commits[2573df58-4087-4dd0-8598-5abddcc696b9:c3267]
2019-06-13 21:51:40,769 INFO  client.GrpcClientProtocolClient (GrpcClientProtocolClient.java:onNext(254)) - client-9C97446E6A25->2573df58-4087-4dd0-8598-5abddcc696b9: receive RaftClientReply:client-9C97446E6A25->2573df58-4087-4dd0-8598-5abddcc696b9@group-CE3C0447B19C, cid=1949, SUCCESS, logIndex=3268, commits[2573df58-4087-4dd0-8598-5abddcc696b9:c3268]
2019-06-13 21:51:40,770 INFO  client.GrpcClientProtocolClient (GrpcClientProtocolClient.java:onNext(254)) - client-9C97446E6A25->2573df58-4087-4dd0-8598-5abddcc696b9: receive RaftClientReply:client-9C97446E6A25->2573df58-4087-4dd0-8598-5abddcc696b9@group-CE3C0447B19C, cid=1950, SUCCESS, logIndex=3270, commits[2573df58-4087-4dd0-8598-5abddcc696b9:c3270]
2019-06-13 21:51:40,771 INFO  client.GrpcClientProtocolClient (GrpcClientProtocolClient.java:onNext(254)) - client-9C97446E6A25->2573df58-4087-4dd0-8598-5abddcc696b9: receive RaftClientReply:client-9C97446E6A25->2573df58-4087-4dd0-8598-5abddcc696b9@group-CE3C0447B19C, cid=1951, SUCCESS, logIndex=3271, commits[2573df58-4087-4dd0-8598-5abddcc696b9:c3272]
2019-06-13 21:51:40,772 DEBUG block.SCMBlockDeletingService (SCMBlockDeletingService.java:call(138)) - Running DeletedBlockTransactionScanner
2019-06-13 21:51:40,772 DEBUG block.SCMBlockDeletingService (SCMBlockDeletingService.java:call(155)) - Scanned deleted blocks log and got 0 delTX to process.
2019-06-13 21:51:40,772 INFO  client.GrpcClientProtocolClient (GrpcClientProtocolClient.java:onNext(254)) - client-9C97446E6A25->2573df58-4087-4dd0-8598-5abddcc696b9: receive RaftClientReply:client-9C97446E6A25->2573df58-4087-4dd0-8598-5abddcc696b9@group-CE3C0447B19C, cid=1952, SUCCESS, logIndex=3273, commits[2573df58-4087-4dd0-8598-5abddcc696b9:c3273]
2019-06-13 21:51:40,781 INFO  client.GrpcClientProtocolClient (GrpcClientProtocolClient.java:onNext(254)) - client-9C97446E6A25->2573df58-4087-4dd0-8598-5abddcc696b9: receive RaftClientReply:client-9C97446E6A25->2573df58-4087-4dd0-8598-5abddcc696b9@group-CE3C0447B19C, cid=1953, SUCCESS, logIndex=3275, commits[2573df58-4087-4dd0-8598-5abddcc696b9:c3275]
2019-06-13 21:51:40,783 INFO  client.GrpcClientProtocolClient (GrpcClientProtocolClient.java:onNext(254)) - client-9C97446E6A25->2573df58-4087-4dd0-8598-5abddcc696b9: receive RaftClientReply:client-9C97446E6A25->2573df58-4087-4dd0-8598-5abddcc696b9@group-CE3C0447B19C, cid=1954, SUCCESS, logIndex=3277, commits[2573df58-4087-4dd0-8598-5abddcc696b9:c3277]
2019-06-13 21:51:40,783 INFO  client.GrpcClientProtocolClient (GrpcClientProtocolClient.java:onNext(254)) - client-9C97446E6A25->2573df58-4087-4dd0-8598-5abddcc696b9: receive RaftClientReply:client-9C97446E6A25->2573df58-4087-4dd0-8598-5abddcc696b9@group-CE3C0447B19C, cid=1955, SUCCESS, logIndex=3278, commits[2573df58-4087-4dd0-8598-5abddcc696b9:c3280]
2019-06-13 21:51:40,784 INFO  client.GrpcClientProtocolClient (GrpcClientProtocolClient.java:onNext(254)) - client-9C97446E6A25->2573df58-4087-4dd0-8598-5abddcc696b9: receive RaftClientReply:client-9C97446E6A25->2573df58-4087-4dd0-8598-5abddcc696b9@group-CE3C0447B19C, cid=1956, SUCCESS, logIndex=3279, commits[2573df58-4087-4dd0-8598-5abddcc696b9:c3280]
2019-06-13 21:51:40,789 INFO  client.GrpcClientProtocolClient (GrpcClientProtocolClient.java:onNext(254)) - client-9C97446E6A25->2573df58-4087-4dd0-8598-5abddcc696b9: receive RaftClientReply:client-9C97446E6A25->2573df58-4087-4dd0-8598-5abddcc696b9@group-CE3C0447B19C, cid=1957, SUCCESS, logIndex=3281, commits[2573df58-4087-4dd0-8598-5abddcc696b9:c3281]
2019-06-13 21:51:40,790 INFO  client.GrpcClientProtocolClient (GrpcClientProtocolClient.java:onNext(254)) - client-9C97446E6A25->2573df58-4087-4dd0-8598-5abddcc696b9: receive RaftClientReply:client-9C97446E6A25->2573df58-4087-4dd0-8598-5abddcc696b9@group-CE3C0447B19C, cid=1958, SUCCESS, logIndex=3283, commits[2573df58-4087-4dd0-8598-5abddcc696b9:c3283]
2019-06-13 21:51:40,791 INFO  client.GrpcClientProtocolClient (GrpcClientProtocolClient.java:onNext(254)) - client-9C97446E6A25->2573df58-4087-4dd0-8598-5abddcc696b9: receive RaftClientReply:client-9C97446E6A25->2573df58-4087-4dd0-8598-5abddcc696b9@group-CE3C0447B19C, cid=1959, SUCCESS, logIndex=3284, commits[2573df58-4087-4dd0-8598-5abddcc696b9:c3286]
2019-06-13 21:51:40,791 INFO  client.GrpcClientProtocolClient (GrpcClientProtocolClient.java:onNext(254)) - client-9C97446E6A25->2573df58-4087-4dd0-8598-5abddcc696b9: receive RaftClientReply:client-9C97446E6A25->2573df58-4087-4dd0-8598-5abddcc696b9@group-CE3C0447B19C, cid=1960, SUCCESS, logIndex=3285, commits[2573df58-4087-4dd0-8598-5abddcc696b9:c3286]
2019-06-13 21:51:40,801 INFO  client.GrpcClientProtocolClient (GrpcClientProtocolClient.java:onNext(254)) - client-9C97446E6A25->2573df58-4087-4dd0-8598-5abddcc696b9: receive RaftClientReply:client-9C97446E6A25->2573df58-4087-4dd0-8598-5abddcc696b9@group-CE3C0447B19C, cid=1961, SUCCESS, logIndex=3287, commits[2573df58-4087-4dd0-8598-5abddcc696b9:c3287]
2019-06-13 21:51:40,803 INFO  client.GrpcClientProtocolClient (GrpcClientProtocolClient.java:onNext(254)) - client-9C97446E6A25->2573df58-4087-4dd0-8598-5abddcc696b9: receive RaftClientReply:client-9C97446E6A25->2573df58-4087-4dd0-8598-5abddcc696b9@group-CE3C0447B19C, cid=1962, SUCCESS, logIndex=3289, commits[2573df58-4087-4dd0-8598-5abddcc696b9:c3289]
2019-06-13 21:51:40,804 INFO  client.GrpcClientProtocolClient (GrpcClientProtocolClient.java:onNext(254)) - client-9C97446E6A25->2573df58-4087-4dd0-8598-5abddcc696b9: receive RaftClientReply:client-9C97446E6A25->2573df58-4087-4dd0-8598-5abddcc696b9@group-CE3C0447B19C, cid=1963, SUCCESS, logIndex=3290, commits[2573df58-4087-4dd0-8598-5abddcc696b9:c3292]
2019-06-13 21:51:40,804 INFO  client.GrpcClientProtocolClient (GrpcClientProtocolClient.java:onNext(254)) - client-9C97446E6A25->2573df58-4087-4dd0-8598-5abddcc696b9: receive RaftClientReply:client-9C97446E6A25->2573df58-4087-4dd0-8598-5abddcc696b9@group-CE3C0447B19C, cid=1964, SUCCESS, logIndex=3291, commits[2573df58-4087-4dd0-8598-5abddcc696b9:c3292]
2019-06-13 21:51:40,809 INFO  client.GrpcClientProtocolClient (GrpcClientProtocolClient.java:onNext(254)) - client-9C97446E6A25->2573df58-4087-4dd0-8598-5abddcc696b9: receive RaftClientReply:client-9C97446E6A25->2573df58-4087-4dd0-8598-5abddcc696b9@group-CE3C0447B19C, cid=1965, SUCCESS, logIndex=3293, commits[2573df58-4087-4dd0-8598-5abddcc696b9:c3293]
2019-06-13 21:51:40,810 INFO  client.GrpcClientProtocolClient (GrpcClientProtocolClient.java:onNext(254)) - client-9C97446E6A25->2573df58-4087-4dd0-8598-5abddcc696b9: receive RaftClientReply:client-9C97446E6A25->2573df58-4087-4dd0-8598-5abddcc696b9@group-CE3C0447B19C, cid=1966, SUCCESS, logIndex=3295, commits[2573df58-4087-4dd0-8598-5abddcc696b9:c3295]
2019-06-13 21:51:40,811 INFO  client.GrpcClientProtocolClient (GrpcClientProtocolClient.java:onNext(254)) - client-9C97446E6A25->2573df58-4087-4dd0-8598-5abddcc696b9: receive RaftClientReply:client-9C97446E6A25->2573df58-4087-4dd0-8598-5abddcc696b9@group-CE3C0447B19C, cid=1967, SUCCESS, logIndex=3296, commits[2573df58-4087-4dd0-8598-5abddcc696b9:c3298]
2019-06-13 21:51:40,811 INFO  client.GrpcClientProtocolClient (GrpcClientProtocolClient.java:onNext(254)) - client-9C97446E6A25->2573df58-4087-4dd0-8598-5abddcc696b9: receive RaftClientReply:client-9C97446E6A25->2573df58-4087-4dd0-8598-5abddcc696b9@group-CE3C0447B19C, cid=1968, SUCCESS, logIndex=3297, commits[2573df58-4087-4dd0-8598-5abddcc696b9:c3298]
2019-06-13 21:51:40,820 INFO  client.GrpcClientProtocolClient (GrpcClientProtocolClient.java:onNext(254)) - client-9C97446E6A25->2573df58-4087-4dd0-8598-5abddcc696b9: receive RaftClientReply:client-9C97446E6A25->2573df58-4087-4dd0-8598-5abddcc696b9@group-CE3C0447B19C, cid=1969, SUCCESS, logIndex=3299, commits[2573df58-4087-4dd0-8598-5abddcc696b9:c3299]
2019-06-13 21:51:40,822 INFO  client.GrpcClientProtocolClient (GrpcClientProtocolClient.java:onNext(254)) - client-9C97446E6A25->2573df58-4087-4dd0-8598-5abddcc696b9: receive RaftClientReply:client-9C97446E6A25->2573df58-4087-4dd0-8598-5abddcc696b9@group-CE3C0447B19C, cid=1970, SUCCESS, logIndex=3301, commits[2573df58-4087-4dd0-8598-5abddcc696b9:c3301]
2019-06-13 21:51:40,822 INFO  client.GrpcClientProtocolClient (GrpcClientProtocolClient.java:onNext(254)) - client-9C97446E6A25->2573df58-4087-4dd0-8598-5abddcc696b9: receive RaftClientReply:client-9C97446E6A25->2573df58-4087-4dd0-8598-5abddcc696b9@group-CE3C0447B19C, cid=1971, SUCCESS, logIndex=3302, commits[2573df58-4087-4dd0-8598-5abddcc696b9:c3303]
2019-06-13 21:51:40,823 INFO  client.GrpcClientProtocolClient (GrpcClientProtocolClient.java:onNext(254)) - client-9C97446E6A25->2573df58-4087-4dd0-8598-5abddcc696b9: receive RaftClientReply:client-9C97446E6A25->2573df58-4087-4dd0-8598-5abddcc696b9@group-CE3C0447B19C, cid=1972, SUCCESS, logIndex=3303, commits[2573df58-4087-4dd0-8598-5abddcc696b9:c3303]
2019-06-13 21:51:40,827 INFO  client.GrpcClientProtocolClient (GrpcClientProtocolClient.java:onNext(254)) - client-9C97446E6A25->2573df58-4087-4dd0-8598-5abddcc696b9: receive RaftClientReply:client-9C97446E6A25->2573df58-4087-4dd0-8598-5abddcc696b9@group-CE3C0447B19C, cid=1973, SUCCESS, logIndex=3306, commits[2573df58-4087-4dd0-8598-5abddcc696b9:c3306]
2019-06-13 21:51:40,828 INFO  client.GrpcClientProtocolClient (GrpcClientProtocolClient.java:onNext(254)) - client-9C97446E6A25->2573df58-4087-4dd0-8598-5abddcc696b9: receive RaftClientReply:client-9C97446E6A25->2573df58-4087-4dd0-8598-5abddcc696b9@group-CE3C0447B19C, cid=1974, SUCCESS, logIndex=3308, commits[2573df58-4087-4dd0-8598-5abddcc696b9:c3308]
2019-06-13 21:51:40,829 INFO  storage.RaftLogWorker (RaftLogWorker.java:rollLogSegment(303)) - 2573df58-4087-4dd0-8598-5abddcc696b9-RaftLogWorker: Rolling segment log-3243_3310 to index:3310
2019-06-13 21:51:40,830 INFO  storage.RaftLogWorker (RaftLogWorker.java:execute(433)) - 2573df58-4087-4dd0-8598-5abddcc696b9-RaftLogWorker: Rolled log segment from /opt/src/hadoop-ozone/integration-test/target/test-dir/MiniOzoneClusterImpl-8578056e-9b7b-4e66-9e9f-ef53d5cd7c03/datanode-0/data/ratis/7f5c2536-ed89-4233-9ec0-ce3c0447b19c/current/log_inprogress_3243 to /opt/src/hadoop-ozone/integration-test/target/test-dir/MiniOzoneClusterImpl-8578056e-9b7b-4e66-9e9f-ef53d5cd7c03/datanode-0/data/ratis/7f5c2536-ed89-4233-9ec0-ce3c0447b19c/current/log_3243-3310
2019-06-13 21:51:40,830 INFO  client.GrpcClientProtocolClient (GrpcClientProtocolClient.java:onNext(254)) - client-9C97446E6A25->2573df58-4087-4dd0-8598-5abddcc696b9: receive RaftClientReply:client-9C97446E6A25->2573df58-4087-4dd0-8598-5abddcc696b9@group-CE3C0447B19C, cid=1975, SUCCESS, logIndex=3310, commits[2573df58-4087-4dd0-8598-5abddcc696b9:c3310]
2019-06-13 21:51:40,865 INFO  storage.RaftLogWorker (RaftLogWorker.java:execute(469)) - 2573df58-4087-4dd0-8598-5abddcc696b9-RaftLogWorker: created new log segment /opt/src/hadoop-ozone/integration-test/target/test-dir/MiniOzoneClusterImpl-8578056e-9b7b-4e66-9e9f-ef53d5cd7c03/datanode-0/data/ratis/7f5c2536-ed89-4233-9ec0-ce3c0447b19c/current/log_inprogress_3311
2019-06-13 21:51:40,867 INFO  client.GrpcClientProtocolClient (GrpcClientProtocolClient.java:onNext(254)) - client-9C97446E6A25->2573df58-4087-4dd0-8598-5abddcc696b9: receive RaftClientReply:client-9C97446E6A25->2573df58-4087-4dd0-8598-5abddcc696b9@group-CE3C0447B19C, cid=1976, SUCCESS, logIndex=3311, commits[2573df58-4087-4dd0-8598-5abddcc696b9:c3312]
2019-06-13 21:51:40,872 DEBUG block.SCMBlockDeletingService (SCMBlockDeletingService.java:call(138)) - Running DeletedBlockTransactionScanner
2019-06-13 21:51:40,872 DEBUG block.SCMBlockDeletingService (SCMBlockDeletingService.java:call(155)) - Scanned deleted blocks log and got 0 delTX to process.
2019-06-13 21:51:40,919 INFO  client.GrpcClientProtocolClient (GrpcClientProtocolClient.java:onNext(254)) - client-9C97446E6A25->2573df58-4087-4dd0-8598-5abddcc696b9: receive RaftClientReply:client-9C97446E6A25->2573df58-4087-4dd0-8598-5abddcc696b9@group-CE3C0447B19C, cid=1977, SUCCESS, logIndex=3313, commits[2573df58-4087-4dd0-8598-5abddcc696b9:c3313]
2019-06-13 21:51:40,920 INFO  client.GrpcClientProtocolClient (GrpcClientProtocolClient.java:onNext(254)) - client-9C97446E6A25->2573df58-4087-4dd0-8598-5abddcc696b9: receive RaftClientReply:client-9C97446E6A25->2573df58-4087-4dd0-8598-5abddcc696b9@group-CE3C0447B19C, cid=1978, SUCCESS, logIndex=3315, commits[2573df58-4087-4dd0-8598-5abddcc696b9:c3315]
2019-06-13 21:51:40,921 INFO  client.GrpcClientProtocolClient (GrpcClientProtocolClient.java:onNext(254)) - client-9C97446E6A25->2573df58-4087-4dd0-8598-5abddcc696b9: receive RaftClientReply:client-9C97446E6A25->2573df58-4087-4dd0-8598-5abddcc696b9@group-CE3C0447B19C, cid=1979, SUCCESS, logIndex=3316, commits[2573df58-4087-4dd0-8598-5abddcc696b9:c3318]
2019-06-13 21:51:40,922 INFO  client.GrpcClientProtocolClient (GrpcClientProtocolClient.java:onNext(254)) - client-9C97446E6A25->2573df58-4087-4dd0-8598-5abddcc696b9: receive RaftClientReply:client-9C97446E6A25->2573df58-4087-4dd0-8598-5abddcc696b9@group-CE3C0447B19C, cid=1980, SUCCESS, logIndex=3317, commits[2573df58-4087-4dd0-8598-5abddcc696b9:c3318]
2019-06-13 21:51:40,927 INFO  client.GrpcClientProtocolClient (GrpcClientProtocolClient.java:onNext(254)) - client-9C97446E6A25->2573df58-4087-4dd0-8598-5abddcc696b9: receive RaftClientReply:client-9C97446E6A25->2573df58-4087-4dd0-8598-5abddcc696b9@group-CE3C0447B19C, cid=1981, SUCCESS, logIndex=3319, commits[2573df58-4087-4dd0-8598-5abddcc696b9:c3319]
2019-06-13 21:51:40,928 INFO  client.GrpcClientProtocolClient (GrpcClientProtocolClient.java:onNext(254)) - client-9C97446E6A25->2573df58-4087-4dd0-8598-5abddcc696b9: receive RaftClientReply:client-9C97446E6A25->2573df58-4087-4dd0-8598-5abddcc696b9@group-CE3C0447B19C, cid=1982, SUCCESS, logIndex=3321, commits[2573df58-4087-4dd0-8598-5abddcc696b9:c3321]
2019-06-13 21:51:40,929 INFO  client.GrpcClientProtocolClient (GrpcClientProtocolClient.java:onNext(254)) - client-9C97446E6A25->2573df58-4087-4dd0-8598-5abddcc696b9: receive RaftClientReply:client-9C97446E6A25->2573df58-4087-4dd0-8598-5abddcc696b9@group-CE3C0447B19C, cid=1983, SUCCESS, logIndex=3322, commits[2573df58-4087-4dd0-8598-5abddcc696b9:c3324]
2019-06-13 21:51:40,929 INFO  client.GrpcClientProtocolClient (GrpcClientProtocolClient.java:onNext(254)) - client-9C97446E6A25->2573df58-4087-4dd0-8598-5abddcc696b9: receive RaftClientReply:client-9C97446E6A25->2573df58-4087-4dd0-8598-5abddcc696b9@group-CE3C0447B19C, cid=1984, SUCCESS, logIndex=3323, commits[2573df58-4087-4dd0-8598-5abddcc696b9:c3324]
2019-06-13 21:51:40,938 INFO  client.GrpcClientProtocolClient (GrpcClientProtocolClient.java:onNext(254)) - client-9C97446E6A25->2573df58-4087-4dd0-8598-5abddcc696b9: receive RaftClientReply:client-9C97446E6A25->2573df58-4087-4dd0-8598-5abddcc696b9@group-CE3C0447B19C, cid=1985, SUCCESS, logIndex=3325, commits[2573df58-4087-4dd0-8598-5abddcc696b9:c3325]
2019-06-13 21:51:40,939 INFO  client.GrpcClientProtocolClient (GrpcClientProtocolClient.java:onNext(254)) - client-9C97446E6A25->2573df58-4087-4dd0-8598-5abddcc696b9: receive RaftClientReply:client-9C97446E6A25->2573df58-4087-4dd0-8598-5abddcc696b9@group-CE3C0447B19C, cid=1986, SUCCESS, logIndex=3327, commits[2573df58-4087-4dd0-8598-5abddcc696b9:c3327]
2019-06-13 21:51:40,940 INFO  client.GrpcClientProtocolClient (GrpcClientProtocolClient.java:onNext(254)) - client-9C97446E6A25->2573df58-4087-4dd0-8598-5abddcc696b9: receive RaftClientReply:client-9C97446E6A25->2573df58-4087-4dd0-8598-5abddcc696b9@group-CE3C0447B19C, cid=1987, SUCCESS, logIndex=3328, commits[2573df58-4087-4dd0-8598-5abddcc696b9:c3330]
2019-06-13 21:51:40,941 INFO  client.GrpcClientProtocolClient (GrpcClientProtocolClient.java:onNext(254)) - client-9C97446E6A25->2573df58-4087-4dd0-8598-5abddcc696b9: receive RaftClientReply:client-9C97446E6A25->2573df58-4087-4dd0-8598-5abddcc696b9@group-CE3C0447B19C, cid=1988, SUCCESS, logIndex=3329, commits[2573df58-4087-4dd0-8598-5abddcc696b9:c3330]
2019-06-13 21:51:40,972 DEBUG block.SCMBlockDeletingService (SCMBlockDeletingService.java:call(138)) - Running DeletedBlockTransactionScanner
2019-06-13 21:51:40,972 DEBUG block.SCMBlockDeletingService (SCMBlockDeletingService.java:call(155)) - Scanned deleted blocks log and got 0 delTX to process.
2019-06-13 21:51:41,013 INFO  client.GrpcClientProtocolClient (GrpcClientProtocolClient.java:onNext(254)) - client-9C97446E6A25->2573df58-4087-4dd0-8598-5abddcc696b9: receive RaftClientReply:client-9C97446E6A25->2573df58-4087-4dd0-8598-5abddcc696b9@group-CE3C0447B19C, cid=1989, SUCCESS, logIndex=3331, commits[2573df58-4087-4dd0-8598-5abddcc696b9:c3331]
2019-06-13 21:51:41,014 INFO  client.GrpcClientProtocolClient (GrpcClientProtocolClient.java:onNext(254)) - client-9C97446E6A25->2573df58-4087-4dd0-8598-5abddcc696b9: receive RaftClientReply:client-9C97446E6A25->2573df58-4087-4dd0-8598-5abddcc696b9@group-CE3C0447B19C, cid=1990, SUCCESS, logIndex=3333, commits[2573df58-4087-4dd0-8598-5abddcc696b9:c3333]
2019-06-13 21:51:41,016 INFO  client.GrpcClientProtocolClient (GrpcClientProtocolClient.java:onNext(254)) - client-9C97446E6A25->2573df58-4087-4dd0-8598-5abddcc696b9: receive RaftClientReply:client-9C97446E6A25->2573df58-4087-4dd0-8598-5abddcc696b9@group-CE3C0447B19C, cid=1991, SUCCESS, logIndex=3334, commits[2573df58-4087-4dd0-8598-5abddcc696b9:c3336]
2019-06-13 21:51:41,016 INFO  client.GrpcClientProtocolClient (GrpcClientProtocolClient.java:onNext(254)) - client-9C97446E6A25->2573df58-4087-4dd0-8598-5abddcc696b9: receive RaftClientReply:client-9C97446E6A25->2573df58-4087-4dd0-8598-5abddcc696b9@group-CE3C0447B19C, cid=1992, SUCCESS, logIndex=3335, commits[2573df58-4087-4dd0-8598-5abddcc696b9:c3336]
2019-06-13 21:51:41,025 INFO  client.GrpcClientProtocolClient (GrpcClientProtocolClient.java:onNext(254)) - client-9C97446E6A25->2573df58-4087-4dd0-8598-5abddcc696b9: receive RaftClientReply:client-9C97446E6A25->2573df58-4087-4dd0-8598-5abddcc696b9@group-CE3C0447B19C, cid=1993, SUCCESS, logIndex=3337, commits[2573df58-4087-4dd0-8598-5abddcc696b9:c3337]
2019-06-13 21:51:41,026 INFO  client.GrpcClientProtocolClient (GrpcClientProtocolClient.java:onNext(254)) - client-9C97446E6A25->2573df58-4087-4dd0-8598-5abddcc696b9: receive RaftClientReply:client-9C97446E6A25->2573df58-4087-4dd0-8598-5abddcc696b9@group-CE3C0447B19C, cid=1994, SUCCESS, logIndex=3339, commits[2573df58-4087-4dd0-8598-5abddcc696b9:c3339]
2019-06-13 21:51:41,027 INFO  client.GrpcClientProtocolClient (GrpcClientProtocolClient.java:onNext(254)) - client-9C97446E6A25->2573df58-4087-4dd0-8598-5abddcc696b9: receive RaftClientReply:client-9C97446E6A25->2573df58-4087-4dd0-8598-5abddcc696b9@group-CE3C0447B19C, cid=1995, SUCCESS, logIndex=3340, commits[2573df58-4087-4dd0-8598-5abddcc696b9:c3342]
2019-06-13 21:51:41,028 INFO  client.GrpcClientProtocolClient (GrpcClientProtocolClient.java:onNext(254)) - client-9C97446E6A25->2573df58-4087-4dd0-8598-5abddcc696b9: receive RaftClientReply:client-9C97446E6A25->2573df58-4087-4dd0-8598-5abddcc696b9@group-CE3C0447B19C, cid=1996, SUCCESS, logIndex=3341, commits[2573df58-4087-4dd0-8598-5abddcc696b9:c3342]
2019-06-13 21:51:41,033 INFO  client.GrpcClientProtocolClient (GrpcClientProtocolClient.java:onNext(254)) - client-9C97446E6A25->2573df58-4087-4dd0-8598-5abddcc696b9: receive RaftClientReply:client-9C97446E6A25->2573df58-4087-4dd0-8598-5abddcc696b9@group-CE3C0447B19C, cid=1997, SUCCESS, logIndex=3343, commits[2573df58-4087-4dd0-8598-5abddcc696b9:c3343]
2019-06-13 21:51:41,034 INFO  client.GrpcClientProtocolClient (GrpcClientProtocolClient.java:onNext(254)) - client-9C97446E6A25->2573df58-4087-4dd0-8598-5abddcc696b9: receive RaftClientReply:client-9C97446E6A25->2573df58-4087-4dd0-8598-5abddcc696b9@group-CE3C0447B19C, cid=1998, SUCCESS, logIndex=3345, commits[2573df58-4087-4dd0-8598-5abddcc696b9:c3345]
2019-06-13 21:51:41,035 INFO  client.GrpcClientProtocolClient (GrpcClientProtocolClient.java:onNext(254)) - client-9C97446E6A25->2573df58-4087-4dd0-8598-5abddcc696b9: receive RaftClientReply:client-9C97446E6A25->2573df58-4087-4dd0-8598-5abddcc696b9@group-CE3C0447B19C, cid=1999, SUCCESS, logIndex=3346, commits[2573df58-4087-4dd0-8598-5abddcc696b9:c3348]
2019-06-13 21:51:41,036 INFO  client.GrpcClientProtocolClient (GrpcClientProtocolClient.java:onNext(254)) - client-9C97446E6A25->2573df58-4087-4dd0-8598-5abddcc696b9: receive RaftClientReply:client-9C97446E6A25->2573df58-4087-4dd0-8598-5abddcc696b9@group-CE3C0447B19C, cid=2000, SUCCESS, logIndex=3347, commits[2573df58-4087-4dd0-8598-5abddcc696b9:c3348]
2019-06-13 21:51:41,046 INFO  client.GrpcClientProtocolClient (GrpcClientProtocolClient.java:onNext(254)) - client-9C97446E6A25->2573df58-4087-4dd0-8598-5abddcc696b9: receive RaftClientReply:client-9C97446E6A25->2573df58-4087-4dd0-8598-5abddcc696b9@group-CE3C0447B19C, cid=2001, SUCCESS, logIndex=3349, commits[2573df58-4087-4dd0-8598-5abddcc696b9:c3349]
2019-06-13 21:51:41,047 INFO  client.GrpcClientProtocolClient (GrpcClientProtocolClient.java:onNext(254)) - client-9C97446E6A25->2573df58-4087-4dd0-8598-5abddcc696b9: receive RaftClientReply:client-9C97446E6A25->2573df58-4087-4dd0-8598-5abddcc696b9@group-CE3C0447B19C, cid=2002, SUCCESS, logIndex=3351, commits[2573df58-4087-4dd0-8598-5abddcc696b9:c3351]
2019-06-13 21:51:41,048 INFO  client.GrpcClientProtocolClient (GrpcClientProtocolClient.java:onNext(254)) - client-9C97446E6A25->2573df58-4087-4dd0-8598-5abddcc696b9: receive RaftClientReply:client-9C97446E6A25->2573df58-4087-4dd0-8598-5abddcc696b9@group-CE3C0447B19C, cid=2003, SUCCESS, logIndex=3352, commits[2573df58-4087-4dd0-8598-5abddcc696b9:c3354]
2019-06-13 21:51:41,049 INFO  client.GrpcClientProtocolClient (GrpcClientProtocolClient.java:onNext(254)) - client-9C97446E6A25->2573df58-4087-4dd0-8598-5abddcc696b9: receive RaftClientReply:client-9C97446E6A25->2573df58-4087-4dd0-8598-5abddcc696b9@group-CE3C0447B19C, cid=2004, SUCCESS, logIndex=3353, commits[2573df58-4087-4dd0-8598-5abddcc696b9:c3354]
2019-06-13 21:51:41,055 INFO  client.GrpcClientProtocolClient (GrpcClientProtocolClient.java:onNext(254)) - client-9C97446E6A25->2573df58-4087-4dd0-8598-5abddcc696b9: receive RaftClientReply:client-9C97446E6A25->2573df58-4087-4dd0-8598-5abddcc696b9@group-CE3C0447B19C, cid=2005, SUCCESS, logIndex=3355, commits[2573df58-4087-4dd0-8598-5abddcc696b9:c3355]
2019-06-13 21:51:41,056 INFO  client.GrpcClientProtocolClient (GrpcClientProtocolClient.java:onNext(254)) - client-9C97446E6A25->2573df58-4087-4dd0-8598-5abddcc696b9: receive RaftClientReply:client-9C97446E6A25->2573df58-4087-4dd0-8598-5abddcc696b9@group-CE3C0447B19C, cid=2006, SUCCESS, logIndex=3357, commits[2573df58-4087-4dd0-8598-5abddcc696b9:c3357]
2019-06-13 21:51:41,057 INFO  client.GrpcClientProtocolClient (GrpcClientProtocolClient.java:onNext(254)) - client-9C97446E6A25->2573df58-4087-4dd0-8598-5abddcc696b9: receive RaftClientReply:client-9C97446E6A25->2573df58-4087-4dd0-8598-5abddcc696b9@group-CE3C0447B19C, cid=2007, SUCCESS, logIndex=3358, commits[2573df58-4087-4dd0-8598-5abddcc696b9:c3360]
2019-06-13 21:51:41,057 INFO  client.GrpcClientProtocolClient (GrpcClientProtocolClient.java:onNext(254)) - client-9C97446E6A25->2573df58-4087-4dd0-8598-5abddcc696b9: receive RaftClientReply:client-9C97446E6A25->2573df58-4087-4dd0-8598-5abddcc696b9@group-CE3C0447B19C, cid=2008, SUCCESS, logIndex=3359, commits[2573df58-4087-4dd0-8598-5abddcc696b9:c3360]
2019-06-13 21:51:41,067 INFO  client.GrpcClientProtocolClient (GrpcClientProtocolClient.java:onNext(254)) - client-9C97446E6A25->2573df58-4087-4dd0-8598-5abddcc696b9: receive RaftClientReply:client-9C97446E6A25->2573df58-4087-4dd0-8598-5abddcc696b9@group-CE3C0447B19C, cid=2009, SUCCESS, logIndex=3361, commits[2573df58-4087-4dd0-8598-5abddcc696b9:c3361]
2019-06-13 21:51:41,069 INFO  client.GrpcClientProtocolClient (GrpcClientProtocolClient.java:onNext(254)) - client-9C97446E6A25->2573df58-4087-4dd0-8598-5abddcc696b9: receive RaftClientReply:client-9C97446E6A25->2573df58-4087-4dd0-8598-5abddcc696b9@group-CE3C0447B19C, cid=2010, SUCCESS, logIndex=3363, commits[2573df58-4087-4dd0-8598-5abddcc696b9:c3363]
2019-06-13 21:51:41,069 INFO  client.GrpcClientProtocolClient (GrpcClientProtocolClient.java:onNext(254)) - client-9C97446E6A25->2573df58-4087-4dd0-8598-5abddcc696b9: receive RaftClientReply:client-9C97446E6A25->2573df58-4087-4dd0-8598-5abddcc696b9@group-CE3C0447B19C, cid=2011, SUCCESS, logIndex=3364, commits[2573df58-4087-4dd0-8598-5abddcc696b9:c3366]
2019-06-13 21:51:41,069 INFO  client.GrpcClientProtocolClient (GrpcClientProtocolClient.java:onNext(254)) - client-9C97446E6A25->2573df58-4087-4dd0-8598-5abddcc696b9: receive RaftClientReply:client-9C97446E6A25->2573df58-4087-4dd0-8598-5abddcc696b9@group-CE3C0447B19C, cid=2012, SUCCESS, logIndex=3365, commits[2573df58-4087-4dd0-8598-5abddcc696b9:c3366]
2019-06-13 21:51:41,073 DEBUG block.SCMBlockDeletingService (SCMBlockDeletingService.java:call(138)) - Running DeletedBlockTransactionScanner
2019-06-13 21:51:41,073 DEBUG block.SCMBlockDeletingService (SCMBlockDeletingService.java:call(155)) - Scanned deleted blocks log and got 0 delTX to process.
2019-06-13 21:51:41,077 INFO  client.GrpcClientProtocolClient (GrpcClientProtocolClient.java:onNext(254)) - client-9C97446E6A25->2573df58-4087-4dd0-8598-5abddcc696b9: receive RaftClientReply:client-9C97446E6A25->2573df58-4087-4dd0-8598-5abddcc696b9@group-CE3C0447B19C, cid=2013, SUCCESS, logIndex=3367, commits[2573df58-4087-4dd0-8598-5abddcc696b9:c3367]
2019-06-13 21:51:41,078 INFO  client.GrpcClientProtocolClient (GrpcClientProtocolClient.java:onNext(254)) - client-9C97446E6A25->2573df58-4087-4dd0-8598-5abddcc696b9: receive RaftClientReply:client-9C97446E6A25->2573df58-4087-4dd0-8598-5abddcc696b9@group-CE3C0447B19C, cid=2014, SUCCESS, logIndex=3369, commits[2573df58-4087-4dd0-8598-5abddcc696b9:c3369]
2019-06-13 21:51:41,079 INFO  client.GrpcClientProtocolClient (GrpcClientProtocolClient.java:onNext(254)) - client-9C97446E6A25->2573df58-4087-4dd0-8598-5abddcc696b9: receive RaftClientReply:client-9C97446E6A25->2573df58-4087-4dd0-8598-5abddcc696b9@group-CE3C0447B19C, cid=2015, SUCCESS, logIndex=3370, commits[2573df58-4087-4dd0-8598-5abddcc696b9:c3372]
2019-06-13 21:51:41,079 INFO  client.GrpcClientProtocolClient (GrpcClientProtocolClient.java:onNext(254)) - client-9C97446E6A25->2573df58-4087-4dd0-8598-5abddcc696b9: receive RaftClientReply:client-9C97446E6A25->2573df58-4087-4dd0-8598-5abddcc696b9@group-CE3C0447B19C, cid=2016, SUCCESS, logIndex=3371, commits[2573df58-4087-4dd0-8598-5abddcc696b9:c3372]
2019-06-13 21:51:41,090 INFO  client.GrpcClientProtocolClient (GrpcClientProtocolClient.java:onNext(254)) - client-9C97446E6A25->2573df58-4087-4dd0-8598-5abddcc696b9: receive RaftClientReply:client-9C97446E6A25->2573df58-4087-4dd0-8598-5abddcc696b9@group-CE3C0447B19C, cid=2017, SUCCESS, logIndex=3373, commits[2573df58-4087-4dd0-8598-5abddcc696b9:c3373]
2019-06-13 21:51:41,091 INFO  storage.RaftLogWorker (RaftLogWorker.java:rollLogSegment(303)) - 2573df58-4087-4dd0-8598-5abddcc696b9-RaftLogWorker: Rolling segment log-3311_3376 to index:3376
2019-06-13 21:51:41,092 INFO  storage.RaftLogWorker (RaftLogWorker.java:execute(433)) - 2573df58-4087-4dd0-8598-5abddcc696b9-RaftLogWorker: Rolled log segment from /opt/src/hadoop-ozone/integration-test/target/test-dir/MiniOzoneClusterImpl-8578056e-9b7b-4e66-9e9f-ef53d5cd7c03/datanode-0/data/ratis/7f5c2536-ed89-4233-9ec0-ce3c0447b19c/current/log_inprogress_3311 to /opt/src/hadoop-ozone/integration-test/target/test-dir/MiniOzoneClusterImpl-8578056e-9b7b-4e66-9e9f-ef53d5cd7c03/datanode-0/data/ratis/7f5c2536-ed89-4233-9ec0-ce3c0447b19c/current/log_3311-3376
2019-06-13 21:51:41,092 INFO  client.GrpcClientProtocolClient (GrpcClientProtocolClient.java:onNext(254)) - client-9C97446E6A25->2573df58-4087-4dd0-8598-5abddcc696b9: receive RaftClientReply:client-9C97446E6A25->2573df58-4087-4dd0-8598-5abddcc696b9@group-CE3C0447B19C, cid=2018, SUCCESS, logIndex=3375, commits[2573df58-4087-4dd0-8598-5abddcc696b9:c3375]
2019-06-13 21:51:41,093 INFO  client.GrpcClientProtocolClient (GrpcClientProtocolClient.java:onNext(254)) - client-9C97446E6A25->2573df58-4087-4dd0-8598-5abddcc696b9: receive RaftClientReply:client-9C97446E6A25->2573df58-4087-4dd0-8598-5abddcc696b9@group-CE3C0447B19C, cid=2019, SUCCESS, logIndex=3376, commits[2573df58-4087-4dd0-8598-5abddcc696b9:c3376]
2019-06-13 21:51:41,128 INFO  storage.RaftLogWorker (RaftLogWorker.java:execute(469)) - 2573df58-4087-4dd0-8598-5abddcc696b9-RaftLogWorker: created new log segment /opt/src/hadoop-ozone/integration-test/target/test-dir/MiniOzoneClusterImpl-8578056e-9b7b-4e66-9e9f-ef53d5cd7c03/datanode-0/data/ratis/7f5c2536-ed89-4233-9ec0-ce3c0447b19c/current/log_inprogress_3377
2019-06-13 21:51:41,130 INFO  client.GrpcClientProtocolClient (GrpcClientProtocolClient.java:onNext(254)) - client-9C97446E6A25->2573df58-4087-4dd0-8598-5abddcc696b9: receive RaftClientReply:client-9C97446E6A25->2573df58-4087-4dd0-8598-5abddcc696b9@group-CE3C0447B19C, cid=2020, SUCCESS, logIndex=3378, commits[2573df58-4087-4dd0-8598-5abddcc696b9:c3379]
2019-06-13 21:51:41,135 INFO  client.GrpcClientProtocolClient (GrpcClientProtocolClient.java:onNext(254)) - client-9C97446E6A25->2573df58-4087-4dd0-8598-5abddcc696b9: receive RaftClientReply:client-9C97446E6A25->2573df58-4087-4dd0-8598-5abddcc696b9@group-CE3C0447B19C, cid=2021, SUCCESS, logIndex=3380, commits[2573df58-4087-4dd0-8598-5abddcc696b9:c3380]
2019-06-13 21:51:41,137 INFO  client.GrpcClientProtocolClient (GrpcClientProtocolClient.java:onNext(254)) - client-9C97446E6A25->2573df58-4087-4dd0-8598-5abddcc696b9: receive RaftClientReply:client-9C97446E6A25->2573df58-4087-4dd0-8598-5abddcc696b9@group-CE3C0447B19C, cid=2022, SUCCESS, logIndex=3382, commits[2573df58-4087-4dd0-8598-5abddcc696b9:c3382]
2019-06-13 21:51:41,138 INFO  client.GrpcClientProtocolClient (GrpcClientProtocolClient.java:onNext(254)) - client-9C97446E6A25->2573df58-4087-4dd0-8598-5abddcc696b9: receive RaftClientReply:client-9C97446E6A25->2573df58-4087-4dd0-8598-5abddcc696b9@group-CE3C0447B19C, cid=2023, SUCCESS, logIndex=3383, commits[2573df58-4087-4dd0-8598-5abddcc696b9:c3385]
2019-06-13 21:51:41,138 INFO  client.GrpcClientProtocolClient (GrpcClientProtocolClient.java:onNext(254)) - client-9C97446E6A25->2573df58-4087-4dd0-8598-5abddcc696b9: receive RaftClientReply:client-9C97446E6A25->2573df58-4087-4dd0-8598-5abddcc696b9@group-CE3C0447B19C, cid=2024, SUCCESS, logIndex=3384, commits[2573df58-4087-4dd0-8598-5abddcc696b9:c3385]
2019-06-13 21:51:41,148 INFO  client.GrpcClientProtocolClient (GrpcClientProtocolClient.java:onNext(254)) - client-9C97446E6A25->2573df58-4087-4dd0-8598-5abddcc696b9: receive RaftClientReply:client-9C97446E6A25->2573df58-4087-4dd0-8598-5abddcc696b9@group-CE3C0447B19C, cid=2025, SUCCESS, logIndex=3386, commits[2573df58-4087-4dd0-8598-5abddcc696b9:c3386]
2019-06-13 21:51:41,149 INFO  client.GrpcClientProtocolClient (GrpcClientProtocolClient.java:onNext(254)) - client-9C97446E6A25->2573df58-4087-4dd0-8598-5abddcc696b9: receive RaftClientReply:client-9C97446E6A25->2573df58-4087-4dd0-8598-5abddcc696b9@group-CE3C0447B19C, cid=2026, SUCCESS, logIndex=3388, commits[2573df58-4087-4dd0-8598-5abddcc696b9:c3388]
2019-06-13 21:51:41,150 INFO  client.GrpcClientProtocolClient (GrpcClientProtocolClient.java:onNext(254)) - client-9C97446E6A25->2573df58-4087-4dd0-8598-5abddcc696b9: receive RaftClientReply:client-9C97446E6A25->2573df58-4087-4dd0-8598-5abddcc696b9@group-CE3C0447B19C, cid=2027, SUCCESS, logIndex=3389, commits[2573df58-4087-4dd0-8598-5abddcc696b9:c3391]
2019-06-13 21:51:41,150 INFO  client.GrpcClientProtocolClient (GrpcClientProtocolClient.java:onNext(254)) - client-9C97446E6A25->2573df58-4087-4dd0-8598-5abddcc696b9: receive RaftClientReply:client-9C97446E6A25->2573df58-4087-4dd0-8598-5abddcc696b9@group-CE3C0447B19C, cid=2028, SUCCESS, logIndex=3390, commits[2573df58-4087-4dd0-8598-5abddcc696b9:c3391]
2019-06-13 21:51:41,155 INFO  client.GrpcClientProtocolClient (GrpcClientProtocolClient.java:onNext(254)) - client-9C97446E6A25->2573df58-4087-4dd0-8598-5abddcc696b9: receive RaftClientReply:client-9C97446E6A25->2573df58-4087-4dd0-8598-5abddcc696b9@group-CE3C0447B19C, cid=2029, SUCCESS, logIndex=3392, commits[2573df58-4087-4dd0-8598-5abddcc696b9:c3392]
2019-06-13 21:51:41,157 INFO  client.GrpcClientProtocolClient (GrpcClientProtocolClient.java:onNext(254)) - client-9C97446E6A25->2573df58-4087-4dd0-8598-5abddcc696b9: receive RaftClientReply:client-9C97446E6A25->2573df58-4087-4dd0-8598-5abddcc696b9@group-CE3C0447B19C, cid=2030, SUCCESS, logIndex=3394, commits[2573df58-4087-4dd0-8598-5abddcc696b9:c3394]
2019-06-13 21:51:41,158 INFO  client.GrpcClientProtocolClient (GrpcClientProtocolClient.java:onNext(254)) - client-9C97446E6A25->2573df58-4087-4dd0-8598-5abddcc696b9: receive RaftClientReply:client-9C97446E6A25->2573df58-4087-4dd0-8598-5abddcc696b9@group-CE3C0447B19C, cid=2031, SUCCESS, logIndex=3395, commits[2573df58-4087-4dd0-8598-5abddcc696b9:c3397]
2019-06-13 21:51:41,158 INFO  client.GrpcClientProtocolClient (GrpcClientProtocolClient.java:onNext(254)) - client-9C97446E6A25->2573df58-4087-4dd0-8598-5abddcc696b9: receive RaftClientReply:client-9C97446E6A25->2573df58-4087-4dd0-8598-5abddcc696b9@group-CE3C0447B19C, cid=2032, SUCCESS, logIndex=3397, commits[2573df58-4087-4dd0-8598-5abddcc696b9:c3397]
2019-06-13 21:51:41,173 DEBUG block.SCMBlockDeletingService (SCMBlockDeletingService.java:call(138)) - Running DeletedBlockTransactionScanner
2019-06-13 21:51:41,174 DEBUG block.SCMBlockDeletingService (SCMBlockDeletingService.java:call(155)) - Scanned deleted blocks log and got 0 delTX to process.
2019-06-13 21:51:41,234 INFO  client.GrpcClientProtocolClient (GrpcClientProtocolClient.java:onNext(254)) - client-9C97446E6A25->2573df58-4087-4dd0-8598-5abddcc696b9: receive RaftClientReply:client-9C97446E6A25->2573df58-4087-4dd0-8598-5abddcc696b9@group-CE3C0447B19C, cid=2033, SUCCESS, logIndex=3399, commits[2573df58-4087-4dd0-8598-5abddcc696b9:c3399]
2019-06-13 21:51:41,236 INFO  client.GrpcClientProtocolClient (GrpcClientProtocolClient.java:onNext(254)) - client-9C97446E6A25->2573df58-4087-4dd0-8598-5abddcc696b9: receive RaftClientReply:client-9C97446E6A25->2573df58-4087-4dd0-8598-5abddcc696b9@group-CE3C0447B19C, cid=2034, SUCCESS, logIndex=3401, commits[2573df58-4087-4dd0-8598-5abddcc696b9:c3401]
2019-06-13 21:51:41,237 INFO  client.GrpcClientProtocolClient (GrpcClientProtocolClient.java:onNext(254)) - client-9C97446E6A25->2573df58-4087-4dd0-8598-5abddcc696b9: receive RaftClientReply:client-9C97446E6A25->2573df58-4087-4dd0-8598-5abddcc696b9@group-CE3C0447B19C, cid=2035, SUCCESS, logIndex=3402, commits[2573df58-4087-4dd0-8598-5abddcc696b9:c3403]
2019-06-13 21:51:41,237 INFO  client.GrpcClientProtocolClient (GrpcClientProtocolClient.java:onNext(254)) - client-9C97446E6A25->2573df58-4087-4dd0-8598-5abddcc696b9: receive RaftClientReply:client-9C97446E6A25->2573df58-4087-4dd0-8598-5abddcc696b9@group-CE3C0447B19C, cid=2036, SUCCESS, logIndex=3403, commits[2573df58-4087-4dd0-8598-5abddcc696b9:c3404]
2019-06-13 21:51:41,242 INFO  client.GrpcClientProtocolClient (GrpcClientProtocolClient.java:onNext(254)) - client-9C97446E6A25->2573df58-4087-4dd0-8598-5abddcc696b9: receive RaftClientReply:client-9C97446E6A25->2573df58-4087-4dd0-8598-5abddcc696b9@group-CE3C0447B19C, cid=2037, SUCCESS, logIndex=3406, commits[2573df58-4087-4dd0-8598-5abddcc696b9:c3406]
2019-06-13 21:51:41,243 INFO  client.GrpcClientProtocolClient (GrpcClientProtocolClient.java:onNext(254)) - client-9C97446E6A25->2573df58-4087-4dd0-8598-5abddcc696b9: receive RaftClientReply:client-9C97446E6A25->2573df58-4087-4dd0-8598-5abddcc696b9@group-CE3C0447B19C, cid=2038, SUCCESS, logIndex=3408, commits[2573df58-4087-4dd0-8598-5abddcc696b9:c3408]
2019-06-13 21:51:41,245 INFO  client.GrpcClientProtocolClient (GrpcClientProtocolClient.java:onNext(254)) - client-9C97446E6A25->2573df58-4087-4dd0-8598-5abddcc696b9: receive RaftClientReply:client-9C97446E6A25->2573df58-4087-4dd0-8598-5abddcc696b9@group-CE3C0447B19C, cid=2039, SUCCESS, logIndex=3409, commits[2573df58-4087-4dd0-8598-5abddcc696b9:c3411]
2019-06-13 21:51:41,245 INFO  client.GrpcClientProtocolClient (GrpcClientProtocolClient.java:onNext(254)) - client-9C97446E6A25->2573df58-4087-4dd0-8598-5abddcc696b9: receive RaftClientReply:client-9C97446E6A25->2573df58-4087-4dd0-8598-5abddcc696b9@group-CE3C0447B19C, cid=2040, SUCCESS, logIndex=3410, commits[2573df58-4087-4dd0-8598-5abddcc696b9:c3411]
2019-06-13 21:51:41,259 INFO  client.GrpcClientProtocolClient (GrpcClientProtocolClient.java:onNext(254)) - client-9C97446E6A25->2573df58-4087-4dd0-8598-5abddcc696b9: receive RaftClientReply:client-9C97446E6A25->2573df58-4087-4dd0-8598-5abddcc696b9@group-CE3C0447B19C, cid=2041, SUCCESS, logIndex=3412, commits[2573df58-4087-4dd0-8598-5abddcc696b9:c3412]
2019-06-13 21:51:41,261 INFO  client.GrpcClientProtocolClient (GrpcClientProtocolClient.java:onNext(254)) - client-9C97446E6A25->2573df58-4087-4dd0-8598-5abddcc696b9: receive RaftClientReply:client-9C97446E6A25->2573df58-4087-4dd0-8598-5abddcc696b9@group-CE3C0447B19C, cid=2042, SUCCESS, logIndex=3414, commits[2573df58-4087-4dd0-8598-5abddcc696b9:c3414]
2019-06-13 21:51:41,263 INFO  client.GrpcClientProtocolClient (GrpcClientProtocolClient.java:onNext(254)) - client-9C97446E6A25->2573df58-4087-4dd0-8598-5abddcc696b9: receive RaftClientReply:client-9C97446E6A25->2573df58-4087-4dd0-8598-5abddcc696b9@group-CE3C0447B19C, cid=2043, SUCCESS, logIndex=3415, commits[2573df58-4087-4dd0-8598-5abddcc696b9:c3416]
2019-06-13 21:51:41,264 INFO  client.GrpcClientProtocolClient (GrpcClientProtocolClient.java:onNext(254)) - client-9C97446E6A25->2573df58-4087-4dd0-8598-5abddcc696b9: receive RaftClientReply:client-9C97446E6A25->2573df58-4087-4dd0-8598-5abddcc696b9@group-CE3C0447B19C, cid=2044, SUCCESS, logIndex=3416, commits[2573df58-4087-4dd0-8598-5abddcc696b9:c3416]
2019-06-13 21:51:41,274 DEBUG block.SCMBlockDeletingService (SCMBlockDeletingService.java:call(138)) - Running DeletedBlockTransactionScanner
2019-06-13 21:51:41,274 DEBUG block.SCMBlockDeletingService (SCMBlockDeletingService.java:call(155)) - Scanned deleted blocks log and got 0 delTX to process.
2019-06-13 21:51:41,274 INFO  client.GrpcClientProtocolClient (GrpcClientProtocolClient.java:onNext(254)) - client-9C97446E6A25->2573df58-4087-4dd0-8598-5abddcc696b9: receive RaftClientReply:client-9C97446E6A25->2573df58-4087-4dd0-8598-5abddcc696b9@group-CE3C0447B19C, cid=2045, SUCCESS, logIndex=3419, commits[2573df58-4087-4dd0-8598-5abddcc696b9:c3419]
2019-06-13 21:51:41,275 INFO  client.GrpcClientProtocolClient (GrpcClientProtocolClient.java:onNext(254)) - client-9C97446E6A25->2573df58-4087-4dd0-8598-5abddcc696b9: receive RaftClientReply:client-9C97446E6A25->2573df58-4087-4dd0-8598-5abddcc696b9@group-CE3C0447B19C, cid=2046, SUCCESS, logIndex=3421, commits[2573df58-4087-4dd0-8598-5abddcc696b9:c3421]
2019-06-13 21:51:41,277 INFO  client.GrpcClientProtocolClient (GrpcClientProtocolClient.java:onNext(254)) - client-9C97446E6A25->2573df58-4087-4dd0-8598-5abddcc696b9: receive RaftClientReply:client-9C97446E6A25->2573df58-4087-4dd0-8598-5abddcc696b9@group-CE3C0447B19C, cid=2047, SUCCESS, logIndex=3422, commits[2573df58-4087-4dd0-8598-5abddcc696b9:c3423]
2019-06-13 21:51:41,278 INFO  client.GrpcClientProtocolClient (GrpcClientProtocolClient.java:onNext(254)) - client-9C97446E6A25->2573df58-4087-4dd0-8598-5abddcc696b9: receive RaftClientReply:client-9C97446E6A25->2573df58-4087-4dd0-8598-5abddcc696b9@group-CE3C0447B19C, cid=2048, SUCCESS, logIndex=3424, commits[2573df58-4087-4dd0-8598-5abddcc696b9:c3424]
2019-06-13 21:51:41,293 INFO  client.GrpcClientProtocolClient (GrpcClientProtocolClient.java:onNext(254)) - client-9C97446E6A25->2573df58-4087-4dd0-8598-5abddcc696b9: receive RaftClientReply:client-9C97446E6A25->2573df58-4087-4dd0-8598-5abddcc696b9@group-CE3C0447B19C, cid=2049, SUCCESS, logIndex=3426, commits[2573df58-4087-4dd0-8598-5abddcc696b9:c3426]
2019-06-13 21:51:41,294 INFO  client.GrpcClientProtocolClient (GrpcClientProtocolClient.java:onNext(254)) - client-9C97446E6A25->2573df58-4087-4dd0-8598-5abddcc696b9: receive RaftClientReply:client-9C97446E6A25->2573df58-4087-4dd0-8598-5abddcc696b9@group-CE3C0447B19C, cid=2050, SUCCESS, logIndex=3428, commits[2573df58-4087-4dd0-8598-5abddcc696b9:c3428]
2019-06-13 21:51:41,295 INFO  client.GrpcClientProtocolClient (GrpcClientProtocolClient.java:onNext(254)) - client-9C97446E6A25->2573df58-4087-4dd0-8598-5abddcc696b9: receive RaftClientReply:client-9C97446E6A25->2573df58-4087-4dd0-8598-5abddcc696b9@group-CE3C0447B19C, cid=2051, SUCCESS, logIndex=3429, commits[2573df58-4087-4dd0-8598-5abddcc696b9:c3430]
2019-06-13 21:51:41,296 INFO  client.GrpcClientProtocolClient (GrpcClientProtocolClient.java:onNext(254)) - client-9C97446E6A25->2573df58-4087-4dd0-8598-5abddcc696b9: receive RaftClientReply:client-9C97446E6A25->2573df58-4087-4dd0-8598-5abddcc696b9@group-CE3C0447B19C, cid=2052, SUCCESS, logIndex=3431, commits[2573df58-4087-4dd0-8598-5abddcc696b9:c3431]
2019-06-13 21:51:41,302 INFO  client.GrpcClientProtocolClient (GrpcClientProtocolClient.java:onNext(254)) - client-9C97446E6A25->2573df58-4087-4dd0-8598-5abddcc696b9: receive RaftClientReply:client-9C97446E6A25->2573df58-4087-4dd0-8598-5abddcc696b9@group-CE3C0447B19C, cid=2053, SUCCESS, logIndex=3433, commits[2573df58-4087-4dd0-8598-5abddcc696b9:c3433]
2019-06-13 21:51:41,304 INFO  client.GrpcClientProtocolClient (GrpcClientProtocolClient.java:onNext(254)) - client-9C97446E6A25->2573df58-4087-4dd0-8598-5abddcc696b9: receive RaftClientReply:client-9C97446E6A25->2573df58-4087-4dd0-8598-5abddcc696b9@group-CE3C0447B19C, cid=2054, SUCCESS, logIndex=3435, commits[2573df58-4087-4dd0-8598-5abddcc696b9:c3437]
2019-06-13 21:51:41,304 INFO  client.GrpcClientProtocolClient (GrpcClientProtocolClient.java:onNext(254)) - client-9C97446E6A25->2573df58-4087-4dd0-8598-5abddcc696b9: receive RaftClientReply:client-9C97446E6A25->2573df58-4087-4dd0-8598-5abddcc696b9@group-CE3C0447B19C, cid=2055, SUCCESS, logIndex=3436, commits[2573df58-4087-4dd0-8598-5abddcc696b9:c3437]
2019-06-13 21:51:41,305 INFO  client.GrpcClientProtocolClient (GrpcClientProtocolClient.java:onNext(254)) - client-9C97446E6A25->2573df58-4087-4dd0-8598-5abddcc696b9: receive RaftClientReply:client-9C97446E6A25->2573df58-4087-4dd0-8598-5abddcc696b9@group-CE3C0447B19C, cid=2056, SUCCESS, logIndex=3437, commits[2573df58-4087-4dd0-8598-5abddcc696b9:c3438]
2019-06-13 21:51:41,352 INFO  client.GrpcClientProtocolClient (GrpcClientProtocolClient.java:onNext(254)) - client-9C97446E6A25->2573df58-4087-4dd0-8598-5abddcc696b9: receive RaftClientReply:client-9C97446E6A25->2573df58-4087-4dd0-8598-5abddcc696b9@group-CE3C0447B19C, cid=2057, SUCCESS, logIndex=3439, commits[2573df58-4087-4dd0-8598-5abddcc696b9:c3439]
2019-06-13 21:51:41,355 INFO  client.GrpcClientProtocolClient (GrpcClientProtocolClient.java:onNext(254)) - client-9C97446E6A25->2573df58-4087-4dd0-8598-5abddcc696b9: receive RaftClientReply:client-9C97446E6A25->2573df58-4087-4dd0-8598-5abddcc696b9@group-CE3C0447B19C, cid=2058, SUCCESS, logIndex=3441, commits[2573df58-4087-4dd0-8598-5abddcc696b9:c3444]
2019-06-13 21:51:41,356 INFO  client.GrpcClientProtocolClient (GrpcClientProtocolClient.java:onNext(254)) - client-9C97446E6A25->2573df58-4087-4dd0-8598-5abddcc696b9: receive RaftClientReply:client-9C97446E6A25->2573df58-4087-4dd0-8598-5abddcc696b9@group-CE3C0447B19C, cid=2059, SUCCESS, logIndex=3442, commits[2573df58-4087-4dd0-8598-5abddcc696b9:c3444]
2019-06-13 21:51:41,356 INFO  client.GrpcClientProtocolClient (GrpcClientProtocolClient.java:onNext(254)) - client-9C97446E6A25->2573df58-4087-4dd0-8598-5abddcc696b9: receive RaftClientReply:client-9C97446E6A25->2573df58-4087-4dd0-8598-5abddcc696b9@group-CE3C0447B19C, cid=2060, SUCCESS, logIndex=3443, commits[2573df58-4087-4dd0-8598-5abddcc696b9:c3444]
2019-06-13 21:51:41,362 INFO  client.GrpcClientProtocolClient (GrpcClientProtocolClient.java:onNext(254)) - client-9C97446E6A25->2573df58-4087-4dd0-8598-5abddcc696b9: receive RaftClientReply:client-9C97446E6A25->2573df58-4087-4dd0-8598-5abddcc696b9@group-CE3C0447B19C, cid=2061, SUCCESS, logIndex=3445, commits[2573df58-4087-4dd0-8598-5abddcc696b9:c3445]
2019-06-13 21:51:41,362 INFO  storage.RaftLogWorker (RaftLogWorker.java:rollLogSegment(303)) - 2573df58-4087-4dd0-8598-5abddcc696b9-RaftLogWorker: Rolling segment log-3377_3447 to index:3447
2019-06-13 21:51:41,362 INFO  storage.RaftLogWorker (RaftLogWorker.java:execute(433)) - 2573df58-4087-4dd0-8598-5abddcc696b9-RaftLogWorker: Rolled log segment from /opt/src/hadoop-ozone/integration-test/target/test-dir/MiniOzoneClusterImpl-8578056e-9b7b-4e66-9e9f-ef53d5cd7c03/datanode-0/data/ratis/7f5c2536-ed89-4233-9ec0-ce3c0447b19c/current/log_inprogress_3377 to /opt/src/hadoop-ozone/integration-test/target/test-dir/MiniOzoneClusterImpl-8578056e-9b7b-4e66-9e9f-ef53d5cd7c03/datanode-0/data/ratis/7f5c2536-ed89-4233-9ec0-ce3c0447b19c/current/log_3377-3447
2019-06-13 21:51:41,366 INFO  client.GrpcClientProtocolClient (GrpcClientProtocolClient.java:onNext(254)) - client-9C97446E6A25->2573df58-4087-4dd0-8598-5abddcc696b9: receive RaftClientReply:client-9C97446E6A25->2573df58-4087-4dd0-8598-5abddcc696b9@group-CE3C0447B19C, cid=2062, SUCCESS, logIndex=3447, commits[2573df58-4087-4dd0-8598-5abddcc696b9:c3447]
2019-06-13 21:51:41,374 DEBUG block.SCMBlockDeletingService (SCMBlockDeletingService.java:call(138)) - Running DeletedBlockTransactionScanner
2019-06-13 21:51:41,374 DEBUG block.SCMBlockDeletingService (SCMBlockDeletingService.java:call(155)) - Scanned deleted blocks log and got 0 delTX to process.
2019-06-13 21:51:41,399 INFO  storage.RaftLogWorker (RaftLogWorker.java:execute(469)) - 2573df58-4087-4dd0-8598-5abddcc696b9-RaftLogWorker: created new log segment /opt/src/hadoop-ozone/integration-test/target/test-dir/MiniOzoneClusterImpl-8578056e-9b7b-4e66-9e9f-ef53d5cd7c03/datanode-0/data/ratis/7f5c2536-ed89-4233-9ec0-ce3c0447b19c/current/log_inprogress_3448
2019-06-13 21:51:41,400 INFO  client.GrpcClientProtocolClient (GrpcClientProtocolClient.java:onNext(254)) - client-9C97446E6A25->2573df58-4087-4dd0-8598-5abddcc696b9: receive RaftClientReply:client-9C97446E6A25->2573df58-4087-4dd0-8598-5abddcc696b9@group-CE3C0447B19C, cid=2063, SUCCESS, logIndex=3448, commits[2573df58-4087-4dd0-8598-5abddcc696b9:c3450]
2019-06-13 21:51:41,400 INFO  client.GrpcClientProtocolClient (GrpcClientProtocolClient.java:onNext(254)) - client-9C97446E6A25->2573df58-4087-4dd0-8598-5abddcc696b9: receive RaftClientReply:client-9C97446E6A25->2573df58-4087-4dd0-8598-5abddcc696b9@group-CE3C0447B19C, cid=2064, SUCCESS, logIndex=3449, commits[2573df58-4087-4dd0-8598-5abddcc696b9:c3450]
2019-06-13 21:51:41,410 INFO  client.GrpcClientProtocolClient (GrpcClientProtocolClient.java:onNext(254)) - client-9C97446E6A25->2573df58-4087-4dd0-8598-5abddcc696b9: receive RaftClientReply:client-9C97446E6A25->2573df58-4087-4dd0-8598-5abddcc696b9@group-CE3C0447B19C, cid=2065, SUCCESS, logIndex=3451, commits[2573df58-4087-4dd0-8598-5abddcc696b9:c3451]
2019-06-13 21:51:41,411 INFO  client.GrpcClientProtocolClient (GrpcClientProtocolClient.java:onNext(254)) - client-9C97446E6A25->2573df58-4087-4dd0-8598-5abddcc696b9: receive RaftClientReply:client-9C97446E6A25->2573df58-4087-4dd0-8598-5abddcc696b9@group-CE3C0447B19C, cid=2066, SUCCESS, logIndex=3453, commits[2573df58-4087-4dd0-8598-5abddcc696b9:c3453]
2019-06-13 21:51:41,413 INFO  client.GrpcClientProtocolClient (GrpcClientProtocolClient.java:onNext(254)) - client-9C97446E6A25->2573df58-4087-4dd0-8598-5abddcc696b9: receive RaftClientReply:client-9C97446E6A25->2573df58-4087-4dd0-8598-5abddcc696b9@group-CE3C0447B19C, cid=2067, SUCCESS, logIndex=3455, commits[2573df58-4087-4dd0-8598-5abddcc696b9:c3456]
2019-06-13 21:51:41,413 INFO  client.GrpcClientProtocolClient (GrpcClientProtocolClient.java:onNext(254)) - client-9C97446E6A25->2573df58-4087-4dd0-8598-5abddcc696b9: receive RaftClientReply:client-9C97446E6A25->2573df58-4087-4dd0-8598-5abddcc696b9@group-CE3C0447B19C, cid=2068, SUCCESS, logIndex=3456, commits[2573df58-4087-4dd0-8598-5abddcc696b9:c3456]
2019-06-13 21:51:41,418 INFO  client.GrpcClientProtocolClient (GrpcClientProtocolClient.java:onNext(254)) - client-9C97446E6A25->2573df58-4087-4dd0-8598-5abddcc696b9: receive RaftClientReply:client-9C97446E6A25->2573df58-4087-4dd0-8598-5abddcc696b9@group-CE3C0447B19C, cid=2069, SUCCESS, logIndex=3458, commits[2573df58-4087-4dd0-8598-5abddcc696b9:c3458]
2019-06-13 21:51:41,419 INFO  client.GrpcClientProtocolClient (GrpcClientProtocolClient.java:onNext(254)) - client-9C97446E6A25->2573df58-4087-4dd0-8598-5abddcc696b9: receive RaftClientReply:client-9C97446E6A25->2573df58-4087-4dd0-8598-5abddcc696b9@group-CE3C0447B19C, cid=2070, SUCCESS, logIndex=3460, commits[2573df58-4087-4dd0-8598-5abddcc696b9:c3460]
2019-06-13 21:51:41,420 INFO  client.GrpcClientProtocolClient (GrpcClientProtocolClient.java:onNext(254)) - client-9C97446E6A25->2573df58-4087-4dd0-8598-5abddcc696b9: receive RaftClientReply:client-9C97446E6A25->2573df58-4087-4dd0-8598-5abddcc696b9@group-CE3C0447B19C, cid=2071, SUCCESS, logIndex=3461, commits[2573df58-4087-4dd0-8598-5abddcc696b9:c3463]
2019-06-13 21:51:41,421 INFO  client.GrpcClientProtocolClient (GrpcClientProtocolClient.java:onNext(254)) - client-9C97446E6A25->2573df58-4087-4dd0-8598-5abddcc696b9: receive RaftClientReply:client-9C97446E6A25->2573df58-4087-4dd0-8598-5abddcc696b9@group-CE3C0447B19C, cid=2072, SUCCESS, logIndex=3462, commits[2573df58-4087-4dd0-8598-5abddcc696b9:c3463]
2019-06-13 21:51:41,430 INFO  client.GrpcClientProtocolClient (GrpcClientProtocolClient.java:onNext(254)) - client-9C97446E6A25->2573df58-4087-4dd0-8598-5abddcc696b9: receive RaftClientReply:client-9C97446E6A25->2573df58-4087-4dd0-8598-5abddcc696b9@group-CE3C0447B19C, cid=2073, SUCCESS, logIndex=3464, commits[2573df58-4087-4dd0-8598-5abddcc696b9:c3464]
2019-06-13 21:51:41,432 INFO  client.GrpcClientProtocolClient (GrpcClientProtocolClient.java:onNext(254)) - client-9C97446E6A25->2573df58-4087-4dd0-8598-5abddcc696b9: receive RaftClientReply:client-9C97446E6A25->2573df58-4087-4dd0-8598-5abddcc696b9@group-CE3C0447B19C, cid=2074, SUCCESS, logIndex=3466, commits[2573df58-4087-4dd0-8598-5abddcc696b9:c3466]
2019-06-13 21:51:41,432 INFO  client.GrpcClientProtocolClient (GrpcClientProtocolClient.java:onNext(254)) - client-9C97446E6A25->2573df58-4087-4dd0-8598-5abddcc696b9: receive RaftClientReply:client-9C97446E6A25->2573df58-4087-4dd0-8598-5abddcc696b9@group-CE3C0447B19C, cid=2075, SUCCESS, logIndex=3467, commits[2573df58-4087-4dd0-8598-5abddcc696b9:c3469]
2019-06-13 21:51:41,433 INFO  client.GrpcClientProtocolClient (GrpcClientProtocolClient.java:onNext(254)) - client-9C97446E6A25->2573df58-4087-4dd0-8598-5abddcc696b9: receive RaftClientReply:client-9C97446E6A25->2573df58-4087-4dd0-8598-5abddcc696b9@group-CE3C0447B19C, cid=2076, SUCCESS, logIndex=3468, commits[2573df58-4087-4dd0-8598-5abddcc696b9:c3469]
2019-06-13 21:51:41,475 DEBUG block.SCMBlockDeletingService (SCMBlockDeletingService.java:call(138)) - Running DeletedBlockTransactionScanner
2019-06-13 21:51:41,475 DEBUG block.SCMBlockDeletingService (SCMBlockDeletingService.java:call(155)) - Scanned deleted blocks log and got 0 delTX to process.
2019-06-13 21:51:41,506 INFO  client.GrpcClientProtocolClient (GrpcClientProtocolClient.java:onNext(254)) - client-9C97446E6A25->2573df58-4087-4dd0-8598-5abddcc696b9: receive RaftClientReply:client-9C97446E6A25->2573df58-4087-4dd0-8598-5abddcc696b9@group-CE3C0447B19C, cid=2077, SUCCESS, logIndex=3470, commits[2573df58-4087-4dd0-8598-5abddcc696b9:c3470]
2019-06-13 21:51:41,507 INFO  client.GrpcClientProtocolClient (GrpcClientProtocolClient.java:onNext(254)) - client-9C97446E6A25->2573df58-4087-4dd0-8598-5abddcc696b9: receive RaftClientReply:client-9C97446E6A25->2573df58-4087-4dd0-8598-5abddcc696b9@group-CE3C0447B19C, cid=2078, SUCCESS, logIndex=3472, commits[2573df58-4087-4dd0-8598-5abddcc696b9:c3472]
2019-06-13 21:51:41,508 INFO  client.GrpcClientProtocolClient (GrpcClientProtocolClient.java:onNext(254)) - client-9C97446E6A25->2573df58-4087-4dd0-8598-5abddcc696b9: receive RaftClientReply:client-9C97446E6A25->2573df58-4087-4dd0-8598-5abddcc696b9@group-CE3C0447B19C, cid=2079, SUCCESS, logIndex=3473, commits[2573df58-4087-4dd0-8598-5abddcc696b9:c3475]
2019-06-13 21:51:41,509 INFO  client.GrpcClientProtocolClient (GrpcClientProtocolClient.java:onNext(254)) - client-9C97446E6A25->2573df58-4087-4dd0-8598-5abddcc696b9: receive RaftClientReply:client-9C97446E6A25->2573df58-4087-4dd0-8598-5abddcc696b9@group-CE3C0447B19C, cid=2080, SUCCESS, logIndex=3474, commits[2573df58-4087-4dd0-8598-5abddcc696b9:c3475]
2019-06-13 21:51:41,520 INFO  client.GrpcClientProtocolClient (GrpcClientProtocolClient.java:onNext(254)) - client-9C97446E6A25->2573df58-4087-4dd0-8598-5abddcc696b9: receive RaftClientReply:client-9C97446E6A25->2573df58-4087-4dd0-8598-5abddcc696b9@group-CE3C0447B19C, cid=2081, SUCCESS, logIndex=3476, commits[2573df58-4087-4dd0-8598-5abddcc696b9:c3476]
2019-06-13 21:51:41,521 INFO  client.GrpcClientProtocolClient (GrpcClientProtocolClient.java:onNext(254)) - client-9C97446E6A25->2573df58-4087-4dd0-8598-5abddcc696b9: receive RaftClientReply:client-9C97446E6A25->2573df58-4087-4dd0-8598-5abddcc696b9@group-CE3C0447B19C, cid=2082, SUCCESS, logIndex=3478, commits[2573df58-4087-4dd0-8598-5abddcc696b9:c3478]
2019-06-13 21:51:41,527 INFO  client.GrpcClientProtocolClient (GrpcClientProtocolClient.java:onNext(254)) - client-9C97446E6A25->2573df58-4087-4dd0-8598-5abddcc696b9: receive RaftClientReply:client-9C97446E6A25->2573df58-4087-4dd0-8598-5abddcc696b9@group-CE3C0447B19C, cid=2083, SUCCESS, logIndex=3479, commits[2573df58-4087-4dd0-8598-5abddcc696b9:c3479]
2019-06-13 21:51:41,527 INFO  client.GrpcClientProtocolClient (GrpcClientProtocolClient.java:onNext(254)) - client-9C97446E6A25->2573df58-4087-4dd0-8598-5abddcc696b9: receive RaftClientReply:client-9C97446E6A25->2573df58-4087-4dd0-8598-5abddcc696b9@group-CE3C0447B19C, cid=2084, SUCCESS, logIndex=3481, commits[2573df58-4087-4dd0-8598-5abddcc696b9:c3482]
2019-06-13 21:51:41,550 INFO  client.GrpcClientProtocolClient (GrpcClientProtocolClient.java:onNext(254)) - client-9C97446E6A25->2573df58-4087-4dd0-8598-5abddcc696b9: receive RaftClientReply:client-9C97446E6A25->2573df58-4087-4dd0-8598-5abddcc696b9@group-CE3C0447B19C, cid=2085, SUCCESS, logIndex=3483, commits[2573df58-4087-4dd0-8598-5abddcc696b9:c3484]
2019-06-13 21:51:41,552 INFO  client.GrpcClientProtocolClient (GrpcClientProtocolClient.java:onNext(254)) - client-9C97446E6A25->2573df58-4087-4dd0-8598-5abddcc696b9: receive RaftClientReply:client-9C97446E6A25->2573df58-4087-4dd0-8598-5abddcc696b9@group-CE3C0447B19C, cid=2086, SUCCESS, logIndex=3485, commits[2573df58-4087-4dd0-8598-5abddcc696b9:c3485]
2019-06-13 21:51:41,554 INFO  client.GrpcClientProtocolClient (GrpcClientProtocolClient.java:onNext(254)) - client-9C97446E6A25->2573df58-4087-4dd0-8598-5abddcc696b9: receive RaftClientReply:client-9C97446E6A25->2573df58-4087-4dd0-8598-5abddcc696b9@group-CE3C0447B19C, cid=2087, SUCCESS, logIndex=3487, commits[2573df58-4087-4dd0-8598-5abddcc696b9:c3488]
2019-06-13 21:51:41,554 INFO  client.GrpcClientProtocolClient (GrpcClientProtocolClient.java:onNext(254)) - client-9C97446E6A25->2573df58-4087-4dd0-8598-5abddcc696b9: receive RaftClientReply:client-9C97446E6A25->2573df58-4087-4dd0-8598-5abddcc696b9@group-CE3C0447B19C, cid=2088, SUCCESS, logIndex=3488, commits[2573df58-4087-4dd0-8598-5abddcc696b9:c3488]
2019-06-13 21:51:41,568 INFO  client.GrpcClientProtocolClient (GrpcClientProtocolClient.java:onNext(254)) - client-9C97446E6A25->2573df58-4087-4dd0-8598-5abddcc696b9: receive RaftClientReply:client-9C97446E6A25->2573df58-4087-4dd0-8598-5abddcc696b9@group-CE3C0447B19C, cid=2089, SUCCESS, logIndex=3490, commits[2573df58-4087-4dd0-8598-5abddcc696b9:c3490]
2019-06-13 21:51:41,570 INFO  client.GrpcClientProtocolClient (GrpcClientProtocolClient.java:onNext(254)) - client-9C97446E6A25->2573df58-4087-4dd0-8598-5abddcc696b9: receive RaftClientReply:client-9C97446E6A25->2573df58-4087-4dd0-8598-5abddcc696b9@group-CE3C0447B19C, cid=2090, SUCCESS, logIndex=3492, commits[2573df58-4087-4dd0-8598-5abddcc696b9:c3492]
2019-06-13 21:51:41,571 INFO  client.GrpcClientProtocolClient (GrpcClientProtocolClient.java:onNext(254)) - client-9C97446E6A25->2573df58-4087-4dd0-8598-5abddcc696b9: receive RaftClientReply:client-9C97446E6A25->2573df58-4087-4dd0-8598-5abddcc696b9@group-CE3C0447B19C, cid=2091, SUCCESS, logIndex=3493, commits[2573df58-4087-4dd0-8598-5abddcc696b9:c3495]
2019-06-13 21:51:41,571 INFO  client.GrpcClientProtocolClient (GrpcClientProtocolClient.java:onNext(254)) - client-9C97446E6A25->2573df58-4087-4dd0-8598-5abddcc696b9: receive RaftClientReply:client-9C97446E6A25->2573df58-4087-4dd0-8598-5abddcc696b9@group-CE3C0447B19C, cid=2092, SUCCESS, logIndex=3494, commits[2573df58-4087-4dd0-8598-5abddcc696b9:c3495]
2019-06-13 21:51:41,575 DEBUG block.SCMBlockDeletingService (SCMBlockDeletingService.java:call(138)) - Running DeletedBlockTransactionScanner
2019-06-13 21:51:41,575 DEBUG block.SCMBlockDeletingService (SCMBlockDeletingService.java:call(155)) - Scanned deleted blocks log and got 0 delTX to process.
2019-06-13 21:51:41,577 INFO  client.GrpcClientProtocolClient (GrpcClientProtocolClient.java:onNext(254)) - client-9C97446E6A25->2573df58-4087-4dd0-8598-5abddcc696b9: receive RaftClientReply:client-9C97446E6A25->2573df58-4087-4dd0-8598-5abddcc696b9@group-CE3C0447B19C, cid=2093, SUCCESS, logIndex=3496, commits[2573df58-4087-4dd0-8598-5abddcc696b9:c3496]
2019-06-13 21:51:41,578 INFO  client.GrpcClientProtocolClient (GrpcClientProtocolClient.java:onNext(254)) - client-9C97446E6A25->2573df58-4087-4dd0-8598-5abddcc696b9: receive RaftClientReply:client-9C97446E6A25->2573df58-4087-4dd0-8598-5abddcc696b9@group-CE3C0447B19C, cid=2094, SUCCESS, logIndex=3498, commits[2573df58-4087-4dd0-8598-5abddcc696b9:c3498]
2019-06-13 21:51:41,579 INFO  client.GrpcClientProtocolClient (GrpcClientProtocolClient.java:onNext(254)) - client-9C97446E6A25->2573df58-4087-4dd0-8598-5abddcc696b9: receive RaftClientReply:client-9C97446E6A25->2573df58-4087-4dd0-8598-5abddcc696b9@group-CE3C0447B19C, cid=2095, SUCCESS, logIndex=3499, commits[2573df58-4087-4dd0-8598-5abddcc696b9:c3501]
2019-06-13 21:51:41,579 INFO  client.GrpcClientProtocolClient (GrpcClientProtocolClient.java:onNext(254)) - client-9C97446E6A25->2573df58-4087-4dd0-8598-5abddcc696b9: receive RaftClientReply:client-9C97446E6A25->2573df58-4087-4dd0-8598-5abddcc696b9@group-CE3C0447B19C, cid=2096, SUCCESS, logIndex=3500, commits[2573df58-4087-4dd0-8598-5abddcc696b9:c3501]
2019-06-13 21:51:41,588 INFO  client.GrpcClientProtocolClient (GrpcClientProtocolClient.java:onNext(254)) - client-9C97446E6A25->2573df58-4087-4dd0-8598-5abddcc696b9: receive RaftClientReply:client-9C97446E6A25->2573df58-4087-4dd0-8598-5abddcc696b9@group-CE3C0447B19C, cid=2097, SUCCESS, logIndex=3502, commits[2573df58-4087-4dd0-8598-5abddcc696b9:c3502]
2019-06-13 21:51:41,589 INFO  client.GrpcClientProtocolClient (GrpcClientProtocolClient.java:onNext(254)) - client-9C97446E6A25->2573df58-4087-4dd0-8598-5abddcc696b9: receive RaftClientReply:client-9C97446E6A25->2573df58-4087-4dd0-8598-5abddcc696b9@group-CE3C0447B19C, cid=2098, SUCCESS, logIndex=3504, commits[2573df58-4087-4dd0-8598-5abddcc696b9:c3504]
2019-06-13 21:51:41,590 INFO  client.GrpcClientProtocolClient (GrpcClientProtocolClient.java:onNext(254)) - client-9C97446E6A25->2573df58-4087-4dd0-8598-5abddcc696b9: receive RaftClientReply:client-9C97446E6A25->2573df58-4087-4dd0-8598-5abddcc696b9@group-CE3C0447B19C, cid=2099, SUCCESS, logIndex=3505, commits[2573df58-4087-4dd0-8598-5abddcc696b9:c3507]
2019-06-13 21:51:41,591 INFO  client.GrpcClientProtocolClient (GrpcClientProtocolClient.java:onNext(254)) - client-9C97446E6A25->2573df58-4087-4dd0-8598-5abddcc696b9: receive RaftClientReply:client-9C97446E6A25->2573df58-4087-4dd0-8598-5abddcc696b9@group-CE3C0447B19C, cid=2100, SUCCESS, logIndex=3506, commits[2573df58-4087-4dd0-8598-5abddcc696b9:c3507]
2019-06-13 21:51:41,596 INFO  client.GrpcClientProtocolClient (GrpcClientProtocolClient.java:onNext(254)) - client-9C97446E6A25->2573df58-4087-4dd0-8598-5abddcc696b9: receive RaftClientReply:client-9C97446E6A25->2573df58-4087-4dd0-8598-5abddcc696b9@group-CE3C0447B19C, cid=2101, SUCCESS, logIndex=3508, commits[2573df58-4087-4dd0-8598-5abddcc696b9:c3508]
2019-06-13 21:51:41,597 INFO  client.GrpcClientProtocolClient (GrpcClientProtocolClient.java:onNext(254)) - client-9C97446E6A25->2573df58-4087-4dd0-8598-5abddcc696b9: receive RaftClientReply:client-9C97446E6A25->2573df58-4087-4dd0-8598-5abddcc696b9@group-CE3C0447B19C, cid=2102, SUCCESS, logIndex=3510, commits[2573df58-4087-4dd0-8598-5abddcc696b9:c3510]
2019-06-13 21:51:41,598 INFO  client.GrpcClientProtocolClient (GrpcClientProtocolClient.java:onNext(254)) - client-9C97446E6A25->2573df58-4087-4dd0-8598-5abddcc696b9: receive RaftClientReply:client-9C97446E6A25->2573df58-4087-4dd0-8598-5abddcc696b9@group-CE3C0447B19C, cid=2103, SUCCESS, logIndex=3511, commits[2573df58-4087-4dd0-8598-5abddcc696b9:c3513]
2019-06-13 21:51:41,598 INFO  client.GrpcClientProtocolClient (GrpcClientProtocolClient.java:onNext(254)) - client-9C97446E6A25->2573df58-4087-4dd0-8598-5abddcc696b9: receive RaftClientReply:client-9C97446E6A25->2573df58-4087-4dd0-8598-5abddcc696b9@group-CE3C0447B19C, cid=2104, SUCCESS, logIndex=3512, commits[2573df58-4087-4dd0-8598-5abddcc696b9:c3513]
2019-06-13 21:51:41,607 INFO  storage.RaftLogWorker (RaftLogWorker.java:rollLogSegment(303)) - 2573df58-4087-4dd0-8598-5abddcc696b9-RaftLogWorker: Rolling segment log-3448_3515 to index:3515
2019-06-13 21:51:41,607 INFO  client.GrpcClientProtocolClient (GrpcClientProtocolClient.java:onNext(254)) - client-9C97446E6A25->2573df58-4087-4dd0-8598-5abddcc696b9: receive RaftClientReply:client-9C97446E6A25->2573df58-4087-4dd0-8598-5abddcc696b9@group-CE3C0447B19C, cid=2105, SUCCESS, logIndex=3514, commits[2573df58-4087-4dd0-8598-5abddcc696b9:c3514]
2019-06-13 21:51:41,608 INFO  storage.RaftLogWorker (RaftLogWorker.java:execute(433)) - 2573df58-4087-4dd0-8598-5abddcc696b9-RaftLogWorker: Rolled log segment from /opt/src/hadoop-ozone/integration-test/target/test-dir/MiniOzoneClusterImpl-8578056e-9b7b-4e66-9e9f-ef53d5cd7c03/datanode-0/data/ratis/7f5c2536-ed89-4233-9ec0-ce3c0447b19c/current/log_inprogress_3448 to /opt/src/hadoop-ozone/integration-test/target/test-dir/MiniOzoneClusterImpl-8578056e-9b7b-4e66-9e9f-ef53d5cd7c03/datanode-0/data/ratis/7f5c2536-ed89-4233-9ec0-ce3c0447b19c/current/log_3448-3515
2019-06-13 21:51:41,643 INFO  storage.RaftLogWorker (RaftLogWorker.java:execute(469)) - 2573df58-4087-4dd0-8598-5abddcc696b9-RaftLogWorker: created new log segment /opt/src/hadoop-ozone/integration-test/target/test-dir/MiniOzoneClusterImpl-8578056e-9b7b-4e66-9e9f-ef53d5cd7c03/datanode-0/data/ratis/7f5c2536-ed89-4233-9ec0-ce3c0447b19c/current/log_inprogress_3516
2019-06-13 21:51:41,645 INFO  client.GrpcClientProtocolClient (GrpcClientProtocolClient.java:onNext(254)) - client-9C97446E6A25->2573df58-4087-4dd0-8598-5abddcc696b9: receive RaftClientReply:client-9C97446E6A25->2573df58-4087-4dd0-8598-5abddcc696b9@group-CE3C0447B19C, cid=2106, SUCCESS, logIndex=3516, commits[2573df58-4087-4dd0-8598-5abddcc696b9:c3518]
2019-06-13 21:51:41,645 INFO  client.GrpcClientProtocolClient (GrpcClientProtocolClient.java:onNext(254)) - client-9C97446E6A25->2573df58-4087-4dd0-8598-5abddcc696b9: receive RaftClientReply:client-9C97446E6A25->2573df58-4087-4dd0-8598-5abddcc696b9@group-CE3C0447B19C, cid=2107, SUCCESS, logIndex=3517, commits[2573df58-4087-4dd0-8598-5abddcc696b9:c3519]
2019-06-13 21:51:41,645 INFO  client.GrpcClientProtocolClient (GrpcClientProtocolClient.java:onNext(254)) - client-9C97446E6A25->2573df58-4087-4dd0-8598-5abddcc696b9: receive RaftClientReply:client-9C97446E6A25->2573df58-4087-4dd0-8598-5abddcc696b9@group-CE3C0447B19C, cid=2108, SUCCESS, logIndex=3518, commits[2573df58-4087-4dd0-8598-5abddcc696b9:c3519]
2019-06-13 21:51:41,650 INFO  client.GrpcClientProtocolClient (GrpcClientProtocolClient.java:onNext(254)) - client-9C97446E6A25->2573df58-4087-4dd0-8598-5abddcc696b9: receive RaftClientReply:client-9C97446E6A25->2573df58-4087-4dd0-8598-5abddcc696b9@group-CE3C0447B19C, cid=2109, SUCCESS, logIndex=3520, commits[2573df58-4087-4dd0-8598-5abddcc696b9:c3520]
2019-06-13 21:51:41,651 INFO  client.GrpcClientProtocolClient (GrpcClientProtocolClient.java:onNext(254)) - client-9C97446E6A25->2573df58-4087-4dd0-8598-5abddcc696b9: receive RaftClientReply:client-9C97446E6A25->2573df58-4087-4dd0-8598-5abddcc696b9@group-CE3C0447B19C, cid=2110, SUCCESS, logIndex=3522, commits[2573df58-4087-4dd0-8598-5abddcc696b9:c3522]
2019-06-13 21:51:41,653 INFO  client.GrpcClientProtocolClient (GrpcClientProtocolClient.java:onNext(254)) - client-9C97446E6A25->2573df58-4087-4dd0-8598-5abddcc696b9: receive RaftClientReply:client-9C97446E6A25->2573df58-4087-4dd0-8598-5abddcc696b9@group-CE3C0447B19C, cid=2111, SUCCESS, logIndex=3523, commits[2573df58-4087-4dd0-8598-5abddcc696b9:c3525]
2019-06-13 21:51:41,653 INFO  client.GrpcClientProtocolClient (GrpcClientProtocolClient.java:onNext(254)) - client-9C97446E6A25->2573df58-4087-4dd0-8598-5abddcc696b9: receive RaftClientReply:client-9C97446E6A25->2573df58-4087-4dd0-8598-5abddcc696b9@group-CE3C0447B19C, cid=2112, SUCCESS, logIndex=3524, commits[2573df58-4087-4dd0-8598-5abddcc696b9:c3525]
2019-06-13 21:51:41,662 INFO  client.GrpcClientProtocolClient (GrpcClientProtocolClient.java:onNext(254)) - client-9C97446E6A25->2573df58-4087-4dd0-8598-5abddcc696b9: receive RaftClientReply:client-9C97446E6A25->2573df58-4087-4dd0-8598-5abddcc696b9@group-CE3C0447B19C, cid=2113, SUCCESS, logIndex=3526, commits[2573df58-4087-4dd0-8598-5abddcc696b9:c3526]
2019-06-13 21:51:41,664 INFO  client.GrpcClientProtocolClient (GrpcClientProtocolClient.java:onNext(254)) - client-9C97446E6A25->2573df58-4087-4dd0-8598-5abddcc696b9: receive RaftClientReply:client-9C97446E6A25->2573df58-4087-4dd0-8598-5abddcc696b9@group-CE3C0447B19C, cid=2114, SUCCESS, logIndex=3528, commits[2573df58-4087-4dd0-8598-5abddcc696b9:c3528]
2019-06-13 21:51:41,665 INFO  client.GrpcClientProtocolClient (GrpcClientProtocolClient.java:onNext(254)) - client-9C97446E6A25->2573df58-4087-4dd0-8598-5abddcc696b9: receive RaftClientReply:client-9C97446E6A25->2573df58-4087-4dd0-8598-5abddcc696b9@group-CE3C0447B19C, cid=2115, SUCCESS, logIndex=3529, commits[2573df58-4087-4dd0-8598-5abddcc696b9:c3531]
2019-06-13 21:51:41,665 INFO  client.GrpcClientProtocolClient (GrpcClientProtocolClient.java:onNext(254)) - client-9C97446E6A25->2573df58-4087-4dd0-8598-5abddcc696b9: receive RaftClientReply:client-9C97446E6A25->2573df58-4087-4dd0-8598-5abddcc696b9@group-CE3C0447B19C, cid=2116, SUCCESS, logIndex=3530, commits[2573df58-4087-4dd0-8598-5abddcc696b9:c3531]
2019-06-13 21:51:41,670 INFO  client.GrpcClientProtocolClient (GrpcClientProtocolClient.java:onNext(254)) - client-9C97446E6A25->2573df58-4087-4dd0-8598-5abddcc696b9: receive RaftClientReply:client-9C97446E6A25->2573df58-4087-4dd0-8598-5abddcc696b9@group-CE3C0447B19C, cid=2117, SUCCESS, logIndex=3532, commits[2573df58-4087-4dd0-8598-5abddcc696b9:c3532]
2019-06-13 21:51:41,671 INFO  client.GrpcClientProtocolClient (GrpcClientProtocolClient.java:onNext(254)) - client-9C97446E6A25->2573df58-4087-4dd0-8598-5abddcc696b9: receive RaftClientReply:client-9C97446E6A25->2573df58-4087-4dd0-8598-5abddcc696b9@group-CE3C0447B19C, cid=2118, SUCCESS, logIndex=3534, commits[2573df58-4087-4dd0-8598-5abddcc696b9:c3534]
2019-06-13 21:51:41,672 INFO  client.GrpcClientProtocolClient (GrpcClientProtocolClient.java:onNext(254)) - client-9C97446E6A25->2573df58-4087-4dd0-8598-5abddcc696b9: receive RaftClientReply:client-9C97446E6A25->2573df58-4087-4dd0-8598-5abddcc696b9@group-CE3C0447B19C, cid=2119, SUCCESS, logIndex=3535, commits[2573df58-4087-4dd0-8598-5abddcc696b9:c3537]
2019-06-13 21:51:41,673 INFO  client.GrpcClientProtocolClient (GrpcClientProtocolClient.java:onNext(254)) - client-9C97446E6A25->2573df58-4087-4dd0-8598-5abddcc696b9: receive RaftClientReply:client-9C97446E6A25->2573df58-4087-4dd0-8598-5abddcc696b9@group-CE3C0447B19C, cid=2120, SUCCESS, logIndex=3536, commits[2573df58-4087-4dd0-8598-5abddcc696b9:c3537]
2019-06-13 21:51:41,675 DEBUG block.SCMBlockDeletingService (SCMBlockDeletingService.java:call(138)) - Running DeletedBlockTransactionScanner
2019-06-13 21:51:41,676 DEBUG block.SCMBlockDeletingService (SCMBlockDeletingService.java:call(155)) - Scanned deleted blocks log and got 0 delTX to process.
2019-06-13 21:51:41,748 INFO  client.GrpcClientProtocolClient (GrpcClientProtocolClient.java:onNext(254)) - client-9C97446E6A25->2573df58-4087-4dd0-8598-5abddcc696b9: receive RaftClientReply:client-9C97446E6A25->2573df58-4087-4dd0-8598-5abddcc696b9@group-CE3C0447B19C, cid=2121, SUCCESS, logIndex=3538, commits[2573df58-4087-4dd0-8598-5abddcc696b9:c3538]
2019-06-13 21:51:41,749 INFO  client.GrpcClientProtocolClient (GrpcClientProtocolClient.java:onNext(254)) - client-9C97446E6A25->2573df58-4087-4dd0-8598-5abddcc696b9: receive RaftClientReply:client-9C97446E6A25->2573df58-4087-4dd0-8598-5abddcc696b9@group-CE3C0447B19C, cid=2122, SUCCESS, logIndex=3540, commits[2573df58-4087-4dd0-8598-5abddcc696b9:c3540]
2019-06-13 21:51:41,751 INFO  client.GrpcClientProtocolClient (GrpcClientProtocolClient.java:onNext(254)) - client-9C97446E6A25->2573df58-4087-4dd0-8598-5abddcc696b9: receive RaftClientReply:client-9C97446E6A25->2573df58-4087-4dd0-8598-5abddcc696b9@group-CE3C0447B19C, cid=2123, SUCCESS, logIndex=3541, commits[2573df58-4087-4dd0-8598-5abddcc696b9:c3543]
2019-06-13 21:51:41,751 INFO  client.GrpcClientProtocolClient (GrpcClientProtocolClient.java:onNext(254)) - client-9C97446E6A25->2573df58-4087-4dd0-8598-5abddcc696b9: receive RaftClientReply:client-9C97446E6A25->2573df58-4087-4dd0-8598-5abddcc696b9@group-CE3C0447B19C, cid=2124, SUCCESS, logIndex=3542, commits[2573df58-4087-4dd0-8598-5abddcc696b9:c3543]
2019-06-13 21:51:41,756 INFO  client.GrpcClientProtocolClient (GrpcClientProtocolClient.java:onNext(254)) - client-9C97446E6A25->2573df58-4087-4dd0-8598-5abddcc696b9: receive RaftClientReply:client-9C97446E6A25->2573df58-4087-4dd0-8598-5abddcc696b9@group-CE3C0447B19C, cid=2125, SUCCESS, logIndex=3544, commits[2573df58-4087-4dd0-8598-5abddcc696b9:c3544]
2019-06-13 21:51:41,757 INFO  client.GrpcClientProtocolClient (GrpcClientProtocolClient.java:onNext(254)) - client-9C97446E6A25->2573df58-4087-4dd0-8598-5abddcc696b9: receive RaftClientReply:client-9C97446E6A25->2573df58-4087-4dd0-8598-5abddcc696b9@group-CE3C0447B19C, cid=2126, SUCCESS, logIndex=3546, commits[2573df58-4087-4dd0-8598-5abddcc696b9:c3546]
2019-06-13 21:51:41,758 INFO  client.GrpcClientProtocolClient (GrpcClientProtocolClient.java:onNext(254)) - client-9C97446E6A25->2573df58-4087-4dd0-8598-5abddcc696b9: receive RaftClientReply:client-9C97446E6A25->2573df58-4087-4dd0-8598-5abddcc696b9@group-CE3C0447B19C, cid=2127, SUCCESS, logIndex=3547, commits[2573df58-4087-4dd0-8598-5abddcc696b9:c3549]
2019-06-13 21:51:41,759 INFO  client.GrpcClientProtocolClient (GrpcClientProtocolClient.java:onNext(254)) - client-9C97446E6A25->2573df58-4087-4dd0-8598-5abddcc696b9: receive RaftClientReply:client-9C97446E6A25->2573df58-4087-4dd0-8598-5abddcc696b9@group-CE3C0447B19C, cid=2128, SUCCESS, logIndex=3548, commits[2573df58-4087-4dd0-8598-5abddcc696b9:c3549]
2019-06-13 21:51:41,767 INFO  client.GrpcClientProtocolClient (GrpcClientProtocolClient.java:onNext(254)) - client-9C97446E6A25->2573df58-4087-4dd0-8598-5abddcc696b9: receive RaftClientReply:client-9C97446E6A25->2573df58-4087-4dd0-8598-5abddcc696b9@group-CE3C0447B19C, cid=2129, SUCCESS, logIndex=3550, commits[2573df58-4087-4dd0-8598-5abddcc696b9:c3550]
2019-06-13 21:51:41,769 INFO  client.GrpcClientProtocolClient (GrpcClientProtocolClient.java:onNext(254)) - client-9C97446E6A25->2573df58-4087-4dd0-8598-5abddcc696b9: receive RaftClientReply:client-9C97446E6A25->2573df58-4087-4dd0-8598-5abddcc696b9@group-CE3C0447B19C, cid=2130, SUCCESS, logIndex=3552, commits[2573df58-4087-4dd0-8598-5abddcc696b9:c3552]
2019-06-13 21:51:41,769 INFO  client.GrpcClientProtocolClient (GrpcClientProtocolClient.java:onNext(254)) - client-9C97446E6A25->2573df58-4087-4dd0-8598-5abddcc696b9: receive RaftClientReply:client-9C97446E6A25->2573df58-4087-4dd0-8598-5abddcc696b9@group-CE3C0447B19C, cid=2131, SUCCESS, logIndex=3553, commits[2573df58-4087-4dd0-8598-5abddcc696b9:c3553]
2019-06-13 21:51:41,770 INFO  client.GrpcClientProtocolClient (GrpcClientProtocolClient.java:onNext(254)) - client-9C97446E6A25->2573df58-4087-4dd0-8598-5abddcc696b9: receive RaftClientReply:client-9C97446E6A25->2573df58-4087-4dd0-8598-5abddcc696b9@group-CE3C0447B19C, cid=2132, SUCCESS, logIndex=3554, commits[2573df58-4087-4dd0-8598-5abddcc696b9:c3555]
2019-06-13 21:51:41,775 INFO  client.GrpcClientProtocolClient (GrpcClientProtocolClient.java:onNext(254)) - client-9C97446E6A25->2573df58-4087-4dd0-8598-5abddcc696b9: receive RaftClientReply:client-9C97446E6A25->2573df58-4087-4dd0-8598-5abddcc696b9@group-CE3C0447B19C, cid=2133, SUCCESS, logIndex=3557, commits[2573df58-4087-4dd0-8598-5abddcc696b9:c3557]
2019-06-13 21:51:41,776 DEBUG block.SCMBlockDeletingService (SCMBlockDeletingService.java:call(138)) - Running DeletedBlockTransactionScanner
2019-06-13 21:51:41,776 DEBUG block.SCMBlockDeletingService (SCMBlockDeletingService.java:call(155)) - Scanned deleted blocks log and got 0 delTX to process.
2019-06-13 21:51:41,776 INFO  client.GrpcClientProtocolClient (GrpcClientProtocolClient.java:onNext(254)) - client-9C97446E6A25->2573df58-4087-4dd0-8598-5abddcc696b9: receive RaftClientReply:client-9C97446E6A25->2573df58-4087-4dd0-8598-5abddcc696b9@group-CE3C0447B19C, cid=2134, SUCCESS, logIndex=3559, commits[2573df58-4087-4dd0-8598-5abddcc696b9:c3559]
2019-06-13 21:51:41,778 INFO  client.GrpcClientProtocolClient (GrpcClientProtocolClient.java:onNext(254)) - client-9C97446E6A25->2573df58-4087-4dd0-8598-5abddcc696b9: receive RaftClientReply:client-9C97446E6A25->2573df58-4087-4dd0-8598-5abddcc696b9@group-CE3C0447B19C, cid=2135, SUCCESS, logIndex=3560, commits[2573df58-4087-4dd0-8598-5abddcc696b9:c3562]
2019-06-13 21:51:41,778 INFO  client.GrpcClientProtocolClient (GrpcClientProtocolClient.java:onNext(254)) - client-9C97446E6A25->2573df58-4087-4dd0-8598-5abddcc696b9: receive RaftClientReply:client-9C97446E6A25->2573df58-4087-4dd0-8598-5abddcc696b9@group-CE3C0447B19C, cid=2136, SUCCESS, logIndex=3561, commits[2573df58-4087-4dd0-8598-5abddcc696b9:c3562]
2019-06-13 21:51:41,830 INFO  client.GrpcClientProtocolClient (GrpcClientProtocolClient.java:onNext(254)) - client-9C97446E6A25->2573df58-4087-4dd0-8598-5abddcc696b9: receive RaftClientReply:client-9C97446E6A25->2573df58-4087-4dd0-8598-5abddcc696b9@group-CE3C0447B19C, cid=2137, SUCCESS, logIndex=3563, commits[2573df58-4087-4dd0-8598-5abddcc696b9:c3563]
2019-06-13 21:51:41,831 INFO  client.GrpcClientProtocolClient (GrpcClientProtocolClient.java:onNext(254)) - client-9C97446E6A25->2573df58-4087-4dd0-8598-5abddcc696b9: receive RaftClientReply:client-9C97446E6A25->2573df58-4087-4dd0-8598-5abddcc696b9@group-CE3C0447B19C, cid=2138, SUCCESS, logIndex=3565, commits[2573df58-4087-4dd0-8598-5abddcc696b9:c3565]
2019-06-13 21:51:41,832 INFO  client.GrpcClientProtocolClient (GrpcClientProtocolClient.java:onNext(254)) - client-9C97446E6A25->2573df58-4087-4dd0-8598-5abddcc696b9: receive RaftClientReply:client-9C97446E6A25->2573df58-4087-4dd0-8598-5abddcc696b9@group-CE3C0447B19C, cid=2139, SUCCESS, logIndex=3566, commits[2573df58-4087-4dd0-8598-5abddcc696b9:c3568]
2019-06-13 21:51:41,832 INFO  client.GrpcClientProtocolClient (GrpcClientProtocolClient.java:onNext(254)) - client-9C97446E6A25->2573df58-4087-4dd0-8598-5abddcc696b9: receive RaftClientReply:client-9C97446E6A25->2573df58-4087-4dd0-8598-5abddcc696b9@group-CE3C0447B19C, cid=2140, SUCCESS, logIndex=3567, commits[2573df58-4087-4dd0-8598-5abddcc696b9:c3568]
2019-06-13 21:51:41,837 INFO  client.GrpcClientProtocolClient (GrpcClientProtocolClient.java:onNext(254)) - client-9C97446E6A25->2573df58-4087-4dd0-8598-5abddcc696b9: receive RaftClientReply:client-9C97446E6A25->2573df58-4087-4dd0-8598-5abddcc696b9@group-CE3C0447B19C, cid=2141, SUCCESS, logIndex=3569, commits[2573df58-4087-4dd0-8598-5abddcc696b9:c3569]
2019-06-13 21:51:41,838 INFO  client.GrpcClientProtocolClient (GrpcClientProtocolClient.java:onNext(254)) - client-9C97446E6A25->2573df58-4087-4dd0-8598-5abddcc696b9: receive RaftClientReply:client-9C97446E6A25->2573df58-4087-4dd0-8598-5abddcc696b9@group-CE3C0447B19C, cid=2142, SUCCESS, logIndex=3571, commits[2573df58-4087-4dd0-8598-5abddcc696b9:c3571]
2019-06-13 21:51:41,840 INFO  client.GrpcClientProtocolClient (GrpcClientProtocolClient.java:onNext(254)) - client-9C97446E6A25->2573df58-4087-4dd0-8598-5abddcc696b9: receive RaftClientReply:client-9C97446E6A25->2573df58-4087-4dd0-8598-5abddcc696b9@group-CE3C0447B19C, cid=2143, SUCCESS, logIndex=3573, commits[2573df58-4087-4dd0-8598-5abddcc696b9:c3574]
2019-06-13 21:51:41,841 INFO  client.GrpcClientProtocolClient (GrpcClientProtocolClient.java:onNext(254)) - client-9C97446E6A25->2573df58-4087-4dd0-8598-5abddcc696b9: receive RaftClientReply:client-9C97446E6A25->2573df58-4087-4dd0-8598-5abddcc696b9@group-CE3C0447B19C, cid=2144, SUCCESS, logIndex=3574, commits[2573df58-4087-4dd0-8598-5abddcc696b9:c3574]
2019-06-13 21:51:41,850 INFO  client.GrpcClientProtocolClient (GrpcClientProtocolClient.java:onNext(254)) - client-9C97446E6A25->2573df58-4087-4dd0-8598-5abddcc696b9: receive RaftClientReply:client-9C97446E6A25->2573df58-4087-4dd0-8598-5abddcc696b9@group-CE3C0447B19C, cid=2145, SUCCESS, logIndex=3576, commits[2573df58-4087-4dd0-8598-5abddcc696b9:c3576]
2019-06-13 21:51:41,851 INFO  client.GrpcClientProtocolClient (GrpcClientProtocolClient.java:onNext(254)) - client-9C97446E6A25->2573df58-4087-4dd0-8598-5abddcc696b9: receive RaftClientReply:client-9C97446E6A25->2573df58-4087-4dd0-8598-5abddcc696b9@group-CE3C0447B19C, cid=2146, SUCCESS, logIndex=3578, commits[2573df58-4087-4dd0-8598-5abddcc696b9:c3578]
2019-06-13 21:51:41,858 INFO  client.GrpcClientProtocolClient (GrpcClientProtocolClient.java:onNext(254)) - client-9C97446E6A25->2573df58-4087-4dd0-8598-5abddcc696b9: receive RaftClientReply:client-9C97446E6A25->2573df58-4087-4dd0-8598-5abddcc696b9@group-CE3C0447B19C, cid=2147, SUCCESS, logIndex=3579, commits[2573df58-4087-4dd0-8598-5abddcc696b9:c3581]
2019-06-13 21:51:41,859 INFO  client.GrpcClientProtocolClient (GrpcClientProtocolClient.java:onNext(254)) - client-9C97446E6A25->2573df58-4087-4dd0-8598-5abddcc696b9: receive RaftClientReply:client-9C97446E6A25->2573df58-4087-4dd0-8598-5abddcc696b9@group-CE3C0447B19C, cid=2148, SUCCESS, logIndex=3580, commits[2573df58-4087-4dd0-8598-5abddcc696b9:c3581]
2019-06-13 21:51:41,865 INFO  client.GrpcClientProtocolClient (GrpcClientProtocolClient.java:onNext(254)) - client-9C97446E6A25->2573df58-4087-4dd0-8598-5abddcc696b9: receive RaftClientReply:client-9C97446E6A25->2573df58-4087-4dd0-8598-5abddcc696b9@group-CE3C0447B19C, cid=2149, SUCCESS, logIndex=3582, commits[2573df58-4087-4dd0-8598-5abddcc696b9:c3582]
2019-06-13 21:51:41,865 INFO  storage.RaftLogWorker (RaftLogWorker.java:rollLogSegment(303)) - 2573df58-4087-4dd0-8598-5abddcc696b9-RaftLogWorker: Rolling segment log-3516_3583 to index:3583
2019-06-13 21:51:41,865 INFO  storage.RaftLogWorker (RaftLogWorker.java:execute(433)) - 2573df58-4087-4dd0-8598-5abddcc696b9-RaftLogWorker: Rolled log segment from /opt/src/hadoop-ozone/integration-test/target/test-dir/MiniOzoneClusterImpl-8578056e-9b7b-4e66-9e9f-ef53d5cd7c03/datanode-0/data/ratis/7f5c2536-ed89-4233-9ec0-ce3c0447b19c/current/log_inprogress_3516 to /opt/src/hadoop-ozone/integration-test/target/test-dir/MiniOzoneClusterImpl-8578056e-9b7b-4e66-9e9f-ef53d5cd7c03/datanode-0/data/ratis/7f5c2536-ed89-4233-9ec0-ce3c0447b19c/current/log_3516-3583
2019-06-13 21:51:41,876 DEBUG block.SCMBlockDeletingService (SCMBlockDeletingService.java:call(138)) - Running DeletedBlockTransactionScanner
2019-06-13 21:51:41,876 DEBUG block.SCMBlockDeletingService (SCMBlockDeletingService.java:call(155)) - Scanned deleted blocks log and got 0 delTX to process.
2019-06-13 21:51:41,901 INFO  storage.RaftLogWorker (RaftLogWorker.java:execute(469)) - 2573df58-4087-4dd0-8598-5abddcc696b9-RaftLogWorker: created new log segment /opt/src/hadoop-ozone/integration-test/target/test-dir/MiniOzoneClusterImpl-8578056e-9b7b-4e66-9e9f-ef53d5cd7c03/datanode-0/data/ratis/7f5c2536-ed89-4233-9ec0-ce3c0447b19c/current/log_inprogress_3584
2019-06-13 21:51:41,902 INFO  client.GrpcClientProtocolClient (GrpcClientProtocolClient.java:onNext(254)) - client-9C97446E6A25->2573df58-4087-4dd0-8598-5abddcc696b9: receive RaftClientReply:client-9C97446E6A25->2573df58-4087-4dd0-8598-5abddcc696b9@group-CE3C0447B19C, cid=2150, SUCCESS, logIndex=3584, commits[2573df58-4087-4dd0-8598-5abddcc696b9:c3586]
2019-06-13 21:51:41,903 INFO  client.GrpcClientProtocolClient (GrpcClientProtocolClient.java:onNext(254)) - client-9C97446E6A25->2573df58-4087-4dd0-8598-5abddcc696b9: receive RaftClientReply:client-9C97446E6A25->2573df58-4087-4dd0-8598-5abddcc696b9@group-CE3C0447B19C, cid=2151, SUCCESS, logIndex=3585, commits[2573df58-4087-4dd0-8598-5abddcc696b9:c3587]
2019-06-13 21:51:41,903 INFO  client.GrpcClientProtocolClient (GrpcClientProtocolClient.java:onNext(254)) - client-9C97446E6A25->2573df58-4087-4dd0-8598-5abddcc696b9: receive RaftClientReply:client-9C97446E6A25->2573df58-4087-4dd0-8598-5abddcc696b9@group-CE3C0447B19C, cid=2152, SUCCESS, logIndex=3586, commits[2573df58-4087-4dd0-8598-5abddcc696b9:c3587]
2019-06-13 21:51:41,912 INFO  client.GrpcClientProtocolClient (GrpcClientProtocolClient.java:onNext(254)) - client-9C97446E6A25->2573df58-4087-4dd0-8598-5abddcc696b9: receive RaftClientReply:client-9C97446E6A25->2573df58-4087-4dd0-8598-5abddcc696b9@group-CE3C0447B19C, cid=2153, SUCCESS, logIndex=3588, commits[2573df58-4087-4dd0-8598-5abddcc696b9:c3588]
2019-06-13 21:51:41,913 INFO  client.GrpcClientProtocolClient (GrpcClientProtocolClient.java:onNext(254)) - client-9C97446E6A25->2573df58-4087-4dd0-8598-5abddcc696b9: receive RaftClientReply:client-9C97446E6A25->2573df58-4087-4dd0-8598-5abddcc696b9@group-CE3C0447B19C, cid=2154, SUCCESS, logIndex=3590, commits[2573df58-4087-4dd0-8598-5abddcc696b9:c3590]
2019-06-13 21:51:41,914 INFO  client.GrpcClientProtocolClient (GrpcClientProtocolClient.java:onNext(254)) - client-9C97446E6A25->2573df58-4087-4dd0-8598-5abddcc696b9: receive RaftClientReply:client-9C97446E6A25->2573df58-4087-4dd0-8598-5abddcc696b9@group-CE3C0447B19C, cid=2155, SUCCESS, logIndex=3591, commits[2573df58-4087-4dd0-8598-5abddcc696b9:c3593]
2019-06-13 21:51:41,915 INFO  client.GrpcClientProtocolClient (GrpcClientProtocolClient.java:onNext(254)) - client-9C97446E6A25->2573df58-4087-4dd0-8598-5abddcc696b9: receive RaftClientReply:client-9C97446E6A25->2573df58-4087-4dd0-8598-5abddcc696b9@group-CE3C0447B19C, cid=2156, SUCCESS, logIndex=3592, commits[2573df58-4087-4dd0-8598-5abddcc696b9:c3593]
2019-06-13 21:51:41,920 INFO  client.GrpcClientProtocolClient (GrpcClientProtocolClient.java:onNext(254)) - client-9C97446E6A25->2573df58-4087-4dd0-8598-5abddcc696b9: receive RaftClientReply:client-9C97446E6A25->2573df58-4087-4dd0-8598-5abddcc696b9@group-CE3C0447B19C, cid=2157, SUCCESS, logIndex=3594, commits[2573df58-4087-4dd0-8598-5abddcc696b9:c3594]
2019-06-13 21:51:41,921 INFO  client.GrpcClientProtocolClient (GrpcClientProtocolClient.java:onNext(254)) - client-9C97446E6A25->2573df58-4087-4dd0-8598-5abddcc696b9: receive RaftClientReply:client-9C97446E6A25->2573df58-4087-4dd0-8598-5abddcc696b9@group-CE3C0447B19C, cid=2158, SUCCESS, logIndex=3596, commits[2573df58-4087-4dd0-8598-5abddcc696b9:c3596]
2019-06-13 21:51:41,922 INFO  client.GrpcClientProtocolClient (GrpcClientProtocolClient.java:onNext(254)) - client-9C97446E6A25->2573df58-4087-4dd0-8598-5abddcc696b9: receive RaftClientReply:client-9C97446E6A25->2573df58-4087-4dd0-8598-5abddcc696b9@group-CE3C0447B19C, cid=2159, SUCCESS, logIndex=3597, commits[2573df58-4087-4dd0-8598-5abddcc696b9:c3599]
2019-06-13 21:51:41,923 INFO  client.GrpcClientProtocolClient (GrpcClientProtocolClient.java:onNext(254)) - client-9C97446E6A25->2573df58-4087-4dd0-8598-5abddcc696b9: receive RaftClientReply:client-9C97446E6A25->2573df58-4087-4dd0-8598-5abddcc696b9@group-CE3C0447B19C, cid=2160, SUCCESS, logIndex=3598, commits[2573df58-4087-4dd0-8598-5abddcc696b9:c3599]
2019-06-13 21:51:41,931 INFO  client.GrpcClientProtocolClient (GrpcClientProtocolClient.java:onNext(254)) - client-9C97446E6A25->2573df58-4087-4dd0-8598-5abddcc696b9: receive RaftClientReply:client-9C97446E6A25->2573df58-4087-4dd0-8598-5abddcc696b9@group-CE3C0447B19C, cid=2161, SUCCESS, logIndex=3600, commits[2573df58-4087-4dd0-8598-5abddcc696b9:c3600]
2019-06-13 21:51:41,932 INFO  client.GrpcClientProtocolClient (GrpcClientProtocolClient.java:onNext(254)) - client-9C97446E6A25->2573df58-4087-4dd0-8598-5abddcc696b9: receive RaftClientReply:client-9C97446E6A25->2573df58-4087-4dd0-8598-5abddcc696b9@group-CE3C0447B19C, cid=2162, SUCCESS, logIndex=3602, commits[2573df58-4087-4dd0-8598-5abddcc696b9:c3602]
2019-06-13 21:51:41,933 INFO  client.GrpcClientProtocolClient (GrpcClientProtocolClient.java:onNext(254)) - client-9C97446E6A25->2573df58-4087-4dd0-8598-5abddcc696b9: receive RaftClientReply:client-9C97446E6A25->2573df58-4087-4dd0-8598-5abddcc696b9@group-CE3C0447B19C, cid=2163, SUCCESS, logIndex=3603, commits[2573df58-4087-4dd0-8598-5abddcc696b9:c3605]
2019-06-13 21:51:41,933 INFO  client.GrpcClientProtocolClient (GrpcClientProtocolClient.java:onNext(254)) - client-9C97446E6A25->2573df58-4087-4dd0-8598-5abddcc696b9: receive RaftClientReply:client-9C97446E6A25->2573df58-4087-4dd0-8598-5abddcc696b9@group-CE3C0447B19C, cid=2164, SUCCESS, logIndex=3604, commits[2573df58-4087-4dd0-8598-5abddcc696b9:c3605]
2019-06-13 21:51:41,938 INFO  client.GrpcClientProtocolClient (GrpcClientProtocolClient.java:onNext(254)) - client-9C97446E6A25->2573df58-4087-4dd0-8598-5abddcc696b9: receive RaftClientReply:client-9C97446E6A25->2573df58-4087-4dd0-8598-5abddcc696b9@group-CE3C0447B19C, cid=2165, SUCCESS, logIndex=3606, commits[2573df58-4087-4dd0-8598-5abddcc696b9:c3606]
2019-06-13 21:51:41,939 INFO  client.GrpcClientProtocolClient (GrpcClientProtocolClient.java:onNext(254)) - client-9C97446E6A25->2573df58-4087-4dd0-8598-5abddcc696b9: receive RaftClientReply:client-9C97446E6A25->2573df58-4087-4dd0-8598-5abddcc696b9@group-CE3C0447B19C, cid=2166, SUCCESS, logIndex=3608, commits[2573df58-4087-4dd0-8598-5abddcc696b9:c3608]
2019-06-13 21:51:41,977 DEBUG block.SCMBlockDeletingService (SCMBlockDeletingService.java:call(138)) - Running DeletedBlockTransactionScanner
2019-06-13 21:51:41,977 DEBUG block.SCMBlockDeletingService (SCMBlockDeletingService.java:call(155)) - Scanned deleted blocks log and got 0 delTX to process.
2019-06-13 21:51:42,007 INFO  client.GrpcClientProtocolClient (GrpcClientProtocolClient.java:onNext(254)) - client-9C97446E6A25->2573df58-4087-4dd0-8598-5abddcc696b9: receive RaftClientReply:client-9C97446E6A25->2573df58-4087-4dd0-8598-5abddcc696b9@group-CE3C0447B19C, cid=2167, SUCCESS, logIndex=3610, commits[2573df58-4087-4dd0-8598-5abddcc696b9:c3610]
2019-06-13 21:51:42,008 INFO  client.GrpcClientProtocolClient (GrpcClientProtocolClient.java:onNext(254)) - client-9C97446E6A25->2573df58-4087-4dd0-8598-5abddcc696b9: receive RaftClientReply:client-9C97446E6A25->2573df58-4087-4dd0-8598-5abddcc696b9@group-CE3C0447B19C, cid=2168, SUCCESS, logIndex=3612, commits[2573df58-4087-4dd0-8598-5abddcc696b9:c3612]
2019-06-13 21:51:42,017 INFO  client.GrpcClientProtocolClient (GrpcClientProtocolClient.java:onNext(254)) - client-9C97446E6A25->2573df58-4087-4dd0-8598-5abddcc696b9: receive RaftClientReply:client-9C97446E6A25->2573df58-4087-4dd0-8598-5abddcc696b9@group-CE3C0447B19C, cid=2169, SUCCESS, logIndex=3614, commits[2573df58-4087-4dd0-8598-5abddcc696b9:c3614]
2019-06-13 21:51:42,018 INFO  client.GrpcClientProtocolClient (GrpcClientProtocolClient.java:onNext(254)) - client-9C97446E6A25->2573df58-4087-4dd0-8598-5abddcc696b9: receive RaftClientReply:client-9C97446E6A25->2573df58-4087-4dd0-8598-5abddcc696b9@group-CE3C0447B19C, cid=2170, SUCCESS, logIndex=3616, commits[2573df58-4087-4dd0-8598-5abddcc696b9:c3616]
2019-06-13 21:51:42,020 INFO  client.GrpcClientProtocolClient (GrpcClientProtocolClient.java:onNext(254)) - client-9C97446E6A25->2573df58-4087-4dd0-8598-5abddcc696b9: receive RaftClientReply:client-9C97446E6A25->2573df58-4087-4dd0-8598-5abddcc696b9@group-CE3C0447B19C, cid=2171, SUCCESS, logIndex=3617, commits[2573df58-4087-4dd0-8598-5abddcc696b9:c3619]
2019-06-13 21:51:42,020 INFO  client.GrpcClientProtocolClient (GrpcClientProtocolClient.java:onNext(254)) - client-9C97446E6A25->2573df58-4087-4dd0-8598-5abddcc696b9: receive RaftClientReply:client-9C97446E6A25->2573df58-4087-4dd0-8598-5abddcc696b9@group-CE3C0447B19C, cid=2172, SUCCESS, logIndex=3618, commits[2573df58-4087-4dd0-8598-5abddcc696b9:c3619]
2019-06-13 21:51:42,026 INFO  client.GrpcClientProtocolClient (GrpcClientProtocolClient.java:onNext(254)) - client-9C97446E6A25->2573df58-4087-4dd0-8598-5abddcc696b9: receive RaftClientReply:client-9C97446E6A25->2573df58-4087-4dd0-8598-5abddcc696b9@group-CE3C0447B19C, cid=2173, SUCCESS, logIndex=3620, commits[2573df58-4087-4dd0-8598-5abddcc696b9:c3620]
2019-06-13 21:51:42,027 INFO  client.GrpcClientProtocolClient (GrpcClientProtocolClient.java:onNext(254)) - client-9C97446E6A25->2573df58-4087-4dd0-8598-5abddcc696b9: receive RaftClientReply:client-9C97446E6A25->2573df58-4087-4dd0-8598-5abddcc696b9@group-CE3C0447B19C, cid=2174, SUCCESS, logIndex=3622, commits[2573df58-4087-4dd0-8598-5abddcc696b9:c3622]
2019-06-13 21:51:42,028 INFO  client.GrpcClientProtocolClient (GrpcClientProtocolClient.java:onNext(254)) - client-9C97446E6A25->2573df58-4087-4dd0-8598-5abddcc696b9: receive RaftClientReply:client-9C97446E6A25->2573df58-4087-4dd0-8598-5abddcc696b9@group-CE3C0447B19C, cid=2175, SUCCESS, logIndex=3623, commits[2573df58-4087-4dd0-8598-5abddcc696b9:c3624]
2019-06-13 21:51:42,029 INFO  client.GrpcClientProtocolClient (GrpcClientProtocolClient.java:onNext(254)) - client-9C97446E6A25->2573df58-4087-4dd0-8598-5abddcc696b9: receive RaftClientReply:client-9C97446E6A25->2573df58-4087-4dd0-8598-5abddcc696b9@group-CE3C0447B19C, cid=2176, SUCCESS, logIndex=3625, commits[2573df58-4087-4dd0-8598-5abddcc696b9:c3625]
2019-06-13 21:51:42,040 INFO  client.GrpcClientProtocolClient (GrpcClientProtocolClient.java:onNext(254)) - client-9C97446E6A25->2573df58-4087-4dd0-8598-5abddcc696b9: receive RaftClientReply:client-9C97446E6A25->2573df58-4087-4dd0-8598-5abddcc696b9@group-CE3C0447B19C, cid=2177, SUCCESS, logIndex=3627, commits[2573df58-4087-4dd0-8598-5abddcc696b9:c3628]
2019-06-13 21:51:42,041 INFO  client.GrpcClientProtocolClient (GrpcClientProtocolClient.java:onNext(254)) - client-9C97446E6A25->2573df58-4087-4dd0-8598-5abddcc696b9: receive RaftClientReply:client-9C97446E6A25->2573df58-4087-4dd0-8598-5abddcc696b9@group-CE3C0447B19C, cid=2178, SUCCESS, logIndex=3629, commits[2573df58-4087-4dd0-8598-5abddcc696b9:c3629]
2019-06-13 21:51:42,043 INFO  client.GrpcClientProtocolClient (GrpcClientProtocolClient.java:onNext(254)) - client-9C97446E6A25->2573df58-4087-4dd0-8598-5abddcc696b9: receive RaftClientReply:client-9C97446E6A25->2573df58-4087-4dd0-8598-5abddcc696b9@group-CE3C0447B19C, cid=2179, SUCCESS, logIndex=3631, commits[2573df58-4087-4dd0-8598-5abddcc696b9:c3632]
2019-06-13 21:51:42,047 INFO  client.GrpcClientProtocolClient (GrpcClientProtocolClient.java:onNext(254)) - client-9C97446E6A25->2573df58-4087-4dd0-8598-5abddcc696b9: receive RaftClientReply:client-9C97446E6A25->2573df58-4087-4dd0-8598-5abddcc696b9@group-CE3C0447B19C, cid=2180, SUCCESS, logIndex=3632, commits[2573df58-4087-4dd0-8598-5abddcc696b9:c3632]
2019-06-13 21:51:42,052 INFO  client.GrpcClientProtocolClient (GrpcClientProtocolClient.java:onNext(254)) - client-9C97446E6A25->2573df58-4087-4dd0-8598-5abddcc696b9: receive RaftClientReply:client-9C97446E6A25->2573df58-4087-4dd0-8598-5abddcc696b9@group-CE3C0447B19C, cid=2181, SUCCESS, logIndex=3634, commits[2573df58-4087-4dd0-8598-5abddcc696b9:c3634]
2019-06-13 21:51:42,054 INFO  client.GrpcClientProtocolClient (GrpcClientProtocolClient.java:onNext(254)) - client-9C97446E6A25->2573df58-4087-4dd0-8598-5abddcc696b9: receive RaftClientReply:client-9C97446E6A25->2573df58-4087-4dd0-8598-5abddcc696b9@group-CE3C0447B19C, cid=2182, SUCCESS, logIndex=3636, commits[2573df58-4087-4dd0-8598-5abddcc696b9:c3636]
2019-06-13 21:51:42,055 INFO  client.GrpcClientProtocolClient (GrpcClientProtocolClient.java:onNext(254)) - client-9C97446E6A25->2573df58-4087-4dd0-8598-5abddcc696b9: receive RaftClientReply:client-9C97446E6A25->2573df58-4087-4dd0-8598-5abddcc696b9@group-CE3C0447B19C, cid=2183, SUCCESS, logIndex=3637, commits[2573df58-4087-4dd0-8598-5abddcc696b9:c3639]
2019-06-13 21:51:42,055 INFO  client.GrpcClientProtocolClient (GrpcClientProtocolClient.java:onNext(254)) - client-9C97446E6A25->2573df58-4087-4dd0-8598-5abddcc696b9: receive RaftClientReply:client-9C97446E6A25->2573df58-4087-4dd0-8598-5abddcc696b9@group-CE3C0447B19C, cid=2184, SUCCESS, logIndex=3638, commits[2573df58-4087-4dd0-8598-5abddcc696b9:c3639]
2019-06-13 21:51:42,064 INFO  client.GrpcClientProtocolClient (GrpcClientProtocolClient.java:onNext(254)) - client-9C97446E6A25->2573df58-4087-4dd0-8598-5abddcc696b9: receive RaftClientReply:client-9C97446E6A25->2573df58-4087-4dd0-8598-5abddcc696b9@group-CE3C0447B19C, cid=2185, SUCCESS, logIndex=3640, commits[2573df58-4087-4dd0-8598-5abddcc696b9:c3640]
2019-06-13 21:51:42,066 INFO  client.GrpcClientProtocolClient (GrpcClientProtocolClient.java:onNext(254)) - client-9C97446E6A25->2573df58-4087-4dd0-8598-5abddcc696b9: receive RaftClientReply:client-9C97446E6A25->2573df58-4087-4dd0-8598-5abddcc696b9@group-CE3C0447B19C, cid=2186, SUCCESS, logIndex=3642, commits[2573df58-4087-4dd0-8598-5abddcc696b9:c3642]
2019-06-13 21:51:42,066 INFO  client.GrpcClientProtocolClient (GrpcClientProtocolClient.java:onNext(254)) - client-9C97446E6A25->2573df58-4087-4dd0-8598-5abddcc696b9: receive RaftClientReply:client-9C97446E6A25->2573df58-4087-4dd0-8598-5abddcc696b9@group-CE3C0447B19C, cid=2187, SUCCESS, logIndex=3643, commits[2573df58-4087-4dd0-8598-5abddcc696b9:c3643]
2019-06-13 21:51:42,067 INFO  client.GrpcClientProtocolClient (GrpcClientProtocolClient.java:onNext(254)) - client-9C97446E6A25->2573df58-4087-4dd0-8598-5abddcc696b9: receive RaftClientReply:client-9C97446E6A25->2573df58-4087-4dd0-8598-5abddcc696b9@group-CE3C0447B19C, cid=2188, SUCCESS, logIndex=3645, commits[2573df58-4087-4dd0-8598-5abddcc696b9:c3645]
2019-06-13 21:51:42,072 INFO  client.GrpcClientProtocolClient (GrpcClientProtocolClient.java:onNext(254)) - client-9C97446E6A25->2573df58-4087-4dd0-8598-5abddcc696b9: receive RaftClientReply:client-9C97446E6A25->2573df58-4087-4dd0-8598-5abddcc696b9@group-CE3C0447B19C, cid=2189, SUCCESS, logIndex=3648, commits[2573df58-4087-4dd0-8598-5abddcc696b9:c3648]
2019-06-13 21:51:42,073 INFO  storage.RaftLogWorker (RaftLogWorker.java:rollLogSegment(303)) - 2573df58-4087-4dd0-8598-5abddcc696b9-RaftLogWorker: Rolling segment log-3584_3652 to index:3652
2019-06-13 21:51:42,074 INFO  client.GrpcClientProtocolClient (GrpcClientProtocolClient.java:onNext(254)) - client-9C97446E6A25->2573df58-4087-4dd0-8598-5abddcc696b9: receive RaftClientReply:client-9C97446E6A25->2573df58-4087-4dd0-8598-5abddcc696b9@group-CE3C0447B19C, cid=2190, SUCCESS, logIndex=3650, commits[2573df58-4087-4dd0-8598-5abddcc696b9:c3650]
2019-06-13 21:51:42,074 INFO  storage.RaftLogWorker (RaftLogWorker.java:execute(433)) - 2573df58-4087-4dd0-8598-5abddcc696b9-RaftLogWorker: Rolled log segment from /opt/src/hadoop-ozone/integration-test/target/test-dir/MiniOzoneClusterImpl-8578056e-9b7b-4e66-9e9f-ef53d5cd7c03/datanode-0/data/ratis/7f5c2536-ed89-4233-9ec0-ce3c0447b19c/current/log_inprogress_3584 to /opt/src/hadoop-ozone/integration-test/target/test-dir/MiniOzoneClusterImpl-8578056e-9b7b-4e66-9e9f-ef53d5cd7c03/datanode-0/data/ratis/7f5c2536-ed89-4233-9ec0-ce3c0447b19c/current/log_3584-3652
2019-06-13 21:51:42,077 DEBUG block.SCMBlockDeletingService (SCMBlockDeletingService.java:call(138)) - Running DeletedBlockTransactionScanner
2019-06-13 21:51:42,077 DEBUG block.SCMBlockDeletingService (SCMBlockDeletingService.java:call(155)) - Scanned deleted blocks log and got 0 delTX to process.
2019-06-13 21:51:42,078 INFO  client.GrpcClientProtocolClient (GrpcClientProtocolClient.java:onNext(254)) - client-9C97446E6A25->2573df58-4087-4dd0-8598-5abddcc696b9: receive RaftClientReply:client-9C97446E6A25->2573df58-4087-4dd0-8598-5abddcc696b9@group-CE3C0447B19C, cid=2191, SUCCESS, logIndex=3651, commits[2573df58-4087-4dd0-8598-5abddcc696b9:c3652]
2019-06-13 21:51:42,078 INFO  client.GrpcClientProtocolClient (GrpcClientProtocolClient.java:onNext(254)) - client-9C97446E6A25->2573df58-4087-4dd0-8598-5abddcc696b9: receive RaftClientReply:client-9C97446E6A25->2573df58-4087-4dd0-8598-5abddcc696b9@group-CE3C0447B19C, cid=2192, SUCCESS, logIndex=3652, commits[2573df58-4087-4dd0-8598-5abddcc696b9:c3652]
2019-06-13 21:51:42,118 INFO  storage.RaftLogWorker (RaftLogWorker.java:execute(469)) - 2573df58-4087-4dd0-8598-5abddcc696b9-RaftLogWorker: created new log segment /opt/src/hadoop-ozone/integration-test/target/test-dir/MiniOzoneClusterImpl-8578056e-9b7b-4e66-9e9f-ef53d5cd7c03/datanode-0/data/ratis/7f5c2536-ed89-4233-9ec0-ce3c0447b19c/current/log_inprogress_3653
2019-06-13 21:51:42,119 INFO  client.GrpcClientProtocolClient (GrpcClientProtocolClient.java:onNext(254)) - client-9C97446E6A25->2573df58-4087-4dd0-8598-5abddcc696b9: receive RaftClientReply:client-9C97446E6A25->2573df58-4087-4dd0-8598-5abddcc696b9@group-CE3C0447B19C, cid=2193, SUCCESS, logIndex=3655, commits[2573df58-4087-4dd0-8598-5abddcc696b9:c3655]
2019-06-13 21:51:42,123 INFO  client.GrpcClientProtocolClient (GrpcClientProtocolClient.java:onNext(254)) - client-9C97446E6A25->2573df58-4087-4dd0-8598-5abddcc696b9: receive RaftClientReply:client-9C97446E6A25->2573df58-4087-4dd0-8598-5abddcc696b9@group-CE3C0447B19C, cid=2194, SUCCESS, logIndex=3657, commits[2573df58-4087-4dd0-8598-5abddcc696b9:c3657]
2019-06-13 21:51:42,123 INFO  client.GrpcClientProtocolClient (GrpcClientProtocolClient.java:onNext(254)) - client-9C97446E6A25->2573df58-4087-4dd0-8598-5abddcc696b9: receive RaftClientReply:client-9C97446E6A25->2573df58-4087-4dd0-8598-5abddcc696b9@group-CE3C0447B19C, cid=2195, SUCCESS, logIndex=3658, commits[2573df58-4087-4dd0-8598-5abddcc696b9:c3660]
2019-06-13 21:51:42,123 INFO  client.GrpcClientProtocolClient (GrpcClientProtocolClient.java:onNext(254)) - client-9C97446E6A25->2573df58-4087-4dd0-8598-5abddcc696b9: receive RaftClientReply:client-9C97446E6A25->2573df58-4087-4dd0-8598-5abddcc696b9@group-CE3C0447B19C, cid=2196, SUCCESS, logIndex=3659, commits[2573df58-4087-4dd0-8598-5abddcc696b9:c3660]
2019-06-13 21:51:42,129 INFO  client.GrpcClientProtocolClient (GrpcClientProtocolClient.java:onNext(254)) - client-9C97446E6A25->2573df58-4087-4dd0-8598-5abddcc696b9: receive RaftClientReply:client-9C97446E6A25->2573df58-4087-4dd0-8598-5abddcc696b9@group-CE3C0447B19C, cid=2197, SUCCESS, logIndex=3661, commits[2573df58-4087-4dd0-8598-5abddcc696b9:c3661]
2019-06-13 21:51:42,131 INFO  client.GrpcClientProtocolClient (GrpcClientProtocolClient.java:onNext(254)) - client-9C97446E6A25->2573df58-4087-4dd0-8598-5abddcc696b9: receive RaftClientReply:client-9C97446E6A25->2573df58-4087-4dd0-8598-5abddcc696b9@group-CE3C0447B19C, cid=2198, SUCCESS, logIndex=3663, commits[2573df58-4087-4dd0-8598-5abddcc696b9:c3663]
2019-06-13 21:51:42,132 INFO  client.GrpcClientProtocolClient (GrpcClientProtocolClient.java:onNext(254)) - client-9C97446E6A25->2573df58-4087-4dd0-8598-5abddcc696b9: receive RaftClientReply:client-9C97446E6A25->2573df58-4087-4dd0-8598-5abddcc696b9@group-CE3C0447B19C, cid=2199, SUCCESS, logIndex=3664, commits[2573df58-4087-4dd0-8598-5abddcc696b9:c3664]
2019-06-13 21:51:42,132 INFO  client.GrpcClientProtocolClient (GrpcClientProtocolClient.java:onNext(254)) - client-9C97446E6A25->2573df58-4087-4dd0-8598-5abddcc696b9: receive RaftClientReply:client-9C97446E6A25->2573df58-4087-4dd0-8598-5abddcc696b9@group-CE3C0447B19C, cid=2200, SUCCESS, logIndex=3666, commits[2573df58-4087-4dd0-8598-5abddcc696b9:c3666]
2019-06-13 21:51:42,141 INFO  client.GrpcClientProtocolClient (GrpcClientProtocolClient.java:onNext(254)) - client-9C97446E6A25->2573df58-4087-4dd0-8598-5abddcc696b9: receive RaftClientReply:client-9C97446E6A25->2573df58-4087-4dd0-8598-5abddcc696b9@group-CE3C0447B19C, cid=2201, SUCCESS, logIndex=3669, commits[2573df58-4087-4dd0-8598-5abddcc696b9:c3669]
2019-06-13 21:51:42,143 INFO  client.GrpcClientProtocolClient (GrpcClientProtocolClient.java:onNext(254)) - client-9C97446E6A25->2573df58-4087-4dd0-8598-5abddcc696b9: receive RaftClientReply:client-9C97446E6A25->2573df58-4087-4dd0-8598-5abddcc696b9@group-CE3C0447B19C, cid=2202, SUCCESS, logIndex=3671, commits[2573df58-4087-4dd0-8598-5abddcc696b9:c3671]
2019-06-13 21:51:42,144 INFO  client.GrpcClientProtocolClient (GrpcClientProtocolClient.java:onNext(254)) - client-9C97446E6A25->2573df58-4087-4dd0-8598-5abddcc696b9: receive RaftClientReply:client-9C97446E6A25->2573df58-4087-4dd0-8598-5abddcc696b9@group-CE3C0447B19C, cid=2203, SUCCESS, logIndex=3672, commits[2573df58-4087-4dd0-8598-5abddcc696b9:c3674]
2019-06-13 21:51:42,144 INFO  client.GrpcClientProtocolClient (GrpcClientProtocolClient.java:onNext(254)) - client-9C97446E6A25->2573df58-4087-4dd0-8598-5abddcc696b9: receive RaftClientReply:client-9C97446E6A25->2573df58-4087-4dd0-8598-5abddcc696b9@group-CE3C0447B19C, cid=2204, SUCCESS, logIndex=3673, commits[2573df58-4087-4dd0-8598-5abddcc696b9:c3674]
2019-06-13 21:51:42,149 INFO  client.GrpcClientProtocolClient (GrpcClientProtocolClient.java:onNext(254)) - client-9C97446E6A25->2573df58-4087-4dd0-8598-5abddcc696b9: receive RaftClientReply:client-9C97446E6A25->2573df58-4087-4dd0-8598-5abddcc696b9@group-CE3C0447B19C, cid=2205, SUCCESS, logIndex=3675, commits[2573df58-4087-4dd0-8598-5abddcc696b9:c3675]
2019-06-13 21:51:42,150 INFO  client.GrpcClientProtocolClient (GrpcClientProtocolClient.java:onNext(254)) - client-9C97446E6A25->2573df58-4087-4dd0-8598-5abddcc696b9: receive RaftClientReply:client-9C97446E6A25->2573df58-4087-4dd0-8598-5abddcc696b9@group-CE3C0447B19C, cid=2206, SUCCESS, logIndex=3677, commits[2573df58-4087-4dd0-8598-5abddcc696b9:c3677]
2019-06-13 21:51:42,153 INFO  client.GrpcClientProtocolClient (GrpcClientProtocolClient.java:onNext(254)) - client-9C97446E6A25->2573df58-4087-4dd0-8598-5abddcc696b9: receive RaftClientReply:client-9C97446E6A25->2573df58-4087-4dd0-8598-5abddcc696b9@group-CE3C0447B19C, cid=2207, SUCCESS, logIndex=3679, commits[2573df58-4087-4dd0-8598-5abddcc696b9:c3680]
2019-06-13 21:51:42,153 INFO  client.GrpcClientProtocolClient (GrpcClientProtocolClient.java:onNext(254)) - client-9C97446E6A25->2573df58-4087-4dd0-8598-5abddcc696b9: receive RaftClientReply:client-9C97446E6A25->2573df58-4087-4dd0-8598-5abddcc696b9@group-CE3C0447B19C, cid=2208, SUCCESS, logIndex=3680, commits[2573df58-4087-4dd0-8598-5abddcc696b9:c3680]
2019-06-13 21:51:42,162 INFO  client.GrpcClientProtocolClient (GrpcClientProtocolClient.java:onNext(254)) - client-9C97446E6A25->2573df58-4087-4dd0-8598-5abddcc696b9: receive RaftClientReply:client-9C97446E6A25->2573df58-4087-4dd0-8598-5abddcc696b9@group-CE3C0447B19C, cid=2209, SUCCESS, logIndex=3682, commits[2573df58-4087-4dd0-8598-5abddcc696b9:c3682]
2019-06-13 21:51:42,163 INFO  client.GrpcClientProtocolClient (GrpcClientProtocolClient.java:onNext(254)) - client-9C97446E6A25->2573df58-4087-4dd0-8598-5abddcc696b9: receive RaftClientReply:client-9C97446E6A25->2573df58-4087-4dd0-8598-5abddcc696b9@group-CE3C0447B19C, cid=2210, SUCCESS, logIndex=3684, commits[2573df58-4087-4dd0-8598-5abddcc696b9:c3684]
2019-06-13 21:51:42,177 DEBUG block.SCMBlockDeletingService (SCMBlockDeletingService.java:call(138)) - Running DeletedBlockTransactionScanner
2019-06-13 21:51:42,178 DEBUG block.SCMBlockDeletingService (SCMBlockDeletingService.java:call(155)) - Scanned deleted blocks log and got 0 delTX to process.
2019-06-13 21:51:42,231 INFO  client.GrpcClientProtocolClient (GrpcClientProtocolClient.java:onNext(254)) - client-9C97446E6A25->2573df58-4087-4dd0-8598-5abddcc696b9: receive RaftClientReply:client-9C97446E6A25->2573df58-4087-4dd0-8598-5abddcc696b9@group-CE3C0447B19C, cid=2211, SUCCESS, logIndex=3686, commits[2573df58-4087-4dd0-8598-5abddcc696b9:c3686]
2019-06-13 21:51:42,232 INFO  client.GrpcClientProtocolClient (GrpcClientProtocolClient.java:onNext(254)) - client-9C97446E6A25->2573df58-4087-4dd0-8598-5abddcc696b9: receive RaftClientReply:client-9C97446E6A25->2573df58-4087-4dd0-8598-5abddcc696b9@group-CE3C0447B19C, cid=2212, SUCCESS, logIndex=3688, commits[2573df58-4087-4dd0-8598-5abddcc696b9:c3688]
2019-06-13 21:51:42,523 DEBUG block.SCMBlockDeletingService (SCMBlockDeletingService.java:call(138)) - Running DeletedBlockTransactionScanner
2019-06-13 21:51:42,523 DEBUG block.SCMBlockDeletingService (SCMBlockDeletingService.java:call(155)) - Scanned deleted blocks log and got 0 delTX to process.
2019-06-13 21:51:42,533 INFO  client.GrpcClientProtocolClient (GrpcClientProtocolClient.java:onNext(254)) - client-9C97446E6A25->2573df58-4087-4dd0-8598-5abddcc696b9: receive RaftClientReply:client-9C97446E6A25->2573df58-4087-4dd0-8598-5abddcc696b9@group-CE3C0447B19C, cid=2213, SUCCESS, logIndex=3690, commits[2573df58-4087-4dd0-8598-5abddcc696b9:c3691]
2019-06-13 21:51:42,539 INFO  client.GrpcClientProtocolClient (GrpcClientProtocolClient.java:onNext(254)) - client-9C97446E6A25->2573df58-4087-4dd0-8598-5abddcc696b9: receive RaftClientReply:client-9C97446E6A25->2573df58-4087-4dd0-8598-5abddcc696b9@group-CE3C0447B19C, cid=2214, SUCCESS, logIndex=3692, commits[2573df58-4087-4dd0-8598-5abddcc696b9:c3692]
2019-06-13 21:51:42,539 INFO  client.GrpcClientProtocolClient (GrpcClientProtocolClient.java:onNext(254)) - client-9C97446E6A25->2573df58-4087-4dd0-8598-5abddcc696b9: receive RaftClientReply:client-9C97446E6A25->2573df58-4087-4dd0-8598-5abddcc696b9@group-CE3C0447B19C, cid=2215, SUCCESS, logIndex=3693, commits[2573df58-4087-4dd0-8598-5abddcc696b9:c3695]
2019-06-13 21:51:42,540 INFO  client.GrpcClientProtocolClient (GrpcClientProtocolClient.java:onNext(254)) - client-9C97446E6A25->2573df58-4087-4dd0-8598-5abddcc696b9: receive RaftClientReply:client-9C97446E6A25->2573df58-4087-4dd0-8598-5abddcc696b9@group-CE3C0447B19C, cid=2216, SUCCESS, logIndex=3694, commits[2573df58-4087-4dd0-8598-5abddcc696b9:c3695]
2019-06-13 21:51:42,549 INFO  client.GrpcClientProtocolClient (GrpcClientProtocolClient.java:onNext(254)) - client-9C97446E6A25->2573df58-4087-4dd0-8598-5abddcc696b9: receive RaftClientReply:client-9C97446E6A25->2573df58-4087-4dd0-8598-5abddcc696b9@group-CE3C0447B19C, cid=2217, SUCCESS, logIndex=3696, commits[2573df58-4087-4dd0-8598-5abddcc696b9:c3696]
2019-06-13 21:51:42,551 INFO  client.GrpcClientProtocolClient (GrpcClientProtocolClient.java:onNext(254)) - client-9C97446E6A25->2573df58-4087-4dd0-8598-5abddcc696b9: receive RaftClientReply:client-9C97446E6A25->2573df58-4087-4dd0-8598-5abddcc696b9@group-CE3C0447B19C, cid=2218, SUCCESS, logIndex=3698, commits[2573df58-4087-4dd0-8598-5abddcc696b9:c3698]
2019-06-13 21:51:42,552 INFO  client.GrpcClientProtocolClient (GrpcClientProtocolClient.java:onNext(254)) - client-9C97446E6A25->2573df58-4087-4dd0-8598-5abddcc696b9: receive RaftClientReply:client-9C97446E6A25->2573df58-4087-4dd0-8598-5abddcc696b9@group-CE3C0447B19C, cid=2219, SUCCESS, logIndex=3699, commits[2573df58-4087-4dd0-8598-5abddcc696b9:c3701]
2019-06-13 21:51:42,553 INFO  client.GrpcClientProtocolClient (GrpcClientProtocolClient.java:onNext(254)) - client-9C97446E6A25->2573df58-4087-4dd0-8598-5abddcc696b9: receive RaftClientReply:client-9C97446E6A25->2573df58-4087-4dd0-8598-5abddcc696b9@group-CE3C0447B19C, cid=2220, SUCCESS, logIndex=3701, commits[2573df58-4087-4dd0-8598-5abddcc696b9:c3701]
2019-06-13 21:51:42,558 INFO  client.GrpcClientProtocolClient (GrpcClientProtocolClient.java:onNext(254)) - client-9C97446E6A25->2573df58-4087-4dd0-8598-5abddcc696b9: receive RaftClientReply:client-9C97446E6A25->2573df58-4087-4dd0-8598-5abddcc696b9@group-CE3C0447B19C, cid=2221, SUCCESS, logIndex=3703, commits[2573df58-4087-4dd0-8598-5abddcc696b9:c3703]
2019-06-13 21:51:42,559 INFO  client.GrpcClientProtocolClient (GrpcClientProtocolClient.java:onNext(254)) - client-9C97446E6A25->2573df58-4087-4dd0-8598-5abddcc696b9: receive RaftClientReply:client-9C97446E6A25->2573df58-4087-4dd0-8598-5abddcc696b9@group-CE3C0447B19C, cid=2222, SUCCESS, logIndex=3705, commits[2573df58-4087-4dd0-8598-5abddcc696b9:c3705]
2019-06-13 21:51:42,560 INFO  client.GrpcClientProtocolClient (GrpcClientProtocolClient.java:onNext(254)) - client-9C97446E6A25->2573df58-4087-4dd0-8598-5abddcc696b9: receive RaftClientReply:client-9C97446E6A25->2573df58-4087-4dd0-8598-5abddcc696b9@group-CE3C0447B19C, cid=2223, SUCCESS, logIndex=3706, commits[2573df58-4087-4dd0-8598-5abddcc696b9:c3708]
2019-06-13 21:51:42,561 INFO  client.GrpcClientProtocolClient (GrpcClientProtocolClient.java:onNext(254)) - client-9C97446E6A25->2573df58-4087-4dd0-8598-5abddcc696b9: receive RaftClientReply:client-9C97446E6A25->2573df58-4087-4dd0-8598-5abddcc696b9@group-CE3C0447B19C, cid=2224, SUCCESS, logIndex=3707, commits[2573df58-4087-4dd0-8598-5abddcc696b9:c3708]
2019-06-13 21:51:42,572 INFO  client.GrpcClientProtocolClient (GrpcClientProtocolClient.java:onNext(254)) - client-9C97446E6A25->2573df58-4087-4dd0-8598-5abddcc696b9: receive RaftClientReply:client-9C97446E6A25->2573df58-4087-4dd0-8598-5abddcc696b9@group-CE3C0447B19C, cid=2225, SUCCESS, logIndex=3709, commits[2573df58-4087-4dd0-8598-5abddcc696b9:c3709]
2019-06-13 21:51:42,574 INFO  client.GrpcClientProtocolClient (GrpcClientProtocolClient.java:onNext(254)) - client-9C97446E6A25->2573df58-4087-4dd0-8598-5abddcc696b9: receive RaftClientReply:client-9C97446E6A25->2573df58-4087-4dd0-8598-5abddcc696b9@group-CE3C0447B19C, cid=2226, SUCCESS, logIndex=3711, commits[2573df58-4087-4dd0-8598-5abddcc696b9:c3711]
2019-06-13 21:51:42,575 INFO  client.GrpcClientProtocolClient (GrpcClientProtocolClient.java:onNext(254)) - client-9C97446E6A25->2573df58-4087-4dd0-8598-5abddcc696b9: receive RaftClientReply:client-9C97446E6A25->2573df58-4087-4dd0-8598-5abddcc696b9@group-CE3C0447B19C, cid=2227, SUCCESS, logIndex=3712, commits[2573df58-4087-4dd0-8598-5abddcc696b9:c3713]
2019-06-13 21:51:42,576 INFO  client.GrpcClientProtocolClient (GrpcClientProtocolClient.java:onNext(254)) - client-9C97446E6A25->2573df58-4087-4dd0-8598-5abddcc696b9: receive RaftClientReply:client-9C97446E6A25->2573df58-4087-4dd0-8598-5abddcc696b9@group-CE3C0447B19C, cid=2228, SUCCESS, logIndex=3714, commits[2573df58-4087-4dd0-8598-5abddcc696b9:c3714]
2019-06-13 21:51:42,582 INFO  client.GrpcClientProtocolClient (GrpcClientProtocolClient.java:onNext(254)) - client-9C97446E6A25->2573df58-4087-4dd0-8598-5abddcc696b9: receive RaftClientReply:client-9C97446E6A25->2573df58-4087-4dd0-8598-5abddcc696b9@group-CE3C0447B19C, cid=2229, SUCCESS, logIndex=3716, commits[2573df58-4087-4dd0-8598-5abddcc696b9:c3716]
2019-06-13 21:51:42,584 INFO  client.GrpcClientProtocolClient (GrpcClientProtocolClient.java:onNext(254)) - client-9C97446E6A25->2573df58-4087-4dd0-8598-5abddcc696b9: receive RaftClientReply:client-9C97446E6A25->2573df58-4087-4dd0-8598-5abddcc696b9@group-CE3C0447B19C, cid=2230, SUCCESS, logIndex=3718, commits[2573df58-4087-4dd0-8598-5abddcc696b9:c3718]
2019-06-13 21:51:42,587 INFO  client.GrpcClientProtocolClient (GrpcClientProtocolClient.java:onNext(254)) - client-9C97446E6A25->2573df58-4087-4dd0-8598-5abddcc696b9: receive RaftClientReply:client-9C97446E6A25->2573df58-4087-4dd0-8598-5abddcc696b9@group-CE3C0447B19C, cid=2231, SUCCESS, logIndex=3720, commits[2573df58-4087-4dd0-8598-5abddcc696b9:c3721]
2019-06-13 21:51:42,592 INFO  client.GrpcClientProtocolClient (GrpcClientProtocolClient.java:onNext(254)) - client-9C97446E6A25->2573df58-4087-4dd0-8598-5abddcc696b9: receive RaftClientReply:client-9C97446E6A25->2573df58-4087-4dd0-8598-5abddcc696b9@group-CE3C0447B19C, cid=2232, SUCCESS, logIndex=3721, commits[2573df58-4087-4dd0-8598-5abddcc696b9:c3721]
2019-06-13 21:51:42,603 INFO  client.GrpcClientProtocolClient (GrpcClientProtocolClient.java:onNext(254)) - client-9C97446E6A25->2573df58-4087-4dd0-8598-5abddcc696b9: receive RaftClientReply:client-9C97446E6A25->2573df58-4087-4dd0-8598-5abddcc696b9@group-CE3C0447B19C, cid=2233, SUCCESS, logIndex=3723, commits[2573df58-4087-4dd0-8598-5abddcc696b9:c3723]
2019-06-13 21:51:42,604 INFO  client.GrpcClientProtocolClient (GrpcClientProtocolClient.java:onNext(254)) - client-9C97446E6A25->2573df58-4087-4dd0-8598-5abddcc696b9: receive RaftClientReply:client-9C97446E6A25->2573df58-4087-4dd0-8598-5abddcc696b9@group-CE3C0447B19C, cid=2234, SUCCESS, logIndex=3725, commits[2573df58-4087-4dd0-8598-5abddcc696b9:c3725]
2019-06-13 21:51:42,605 INFO  client.GrpcClientProtocolClient (GrpcClientProtocolClient.java:onNext(254)) - client-9C97446E6A25->2573df58-4087-4dd0-8598-5abddcc696b9: receive RaftClientReply:client-9C97446E6A25->2573df58-4087-4dd0-8598-5abddcc696b9@group-CE3C0447B19C, cid=2235, SUCCESS, logIndex=3726, commits[2573df58-4087-4dd0-8598-5abddcc696b9:c3728]
2019-06-13 21:51:42,605 INFO  client.GrpcClientProtocolClient (GrpcClientProtocolClient.java:onNext(254)) - client-9C97446E6A25->2573df58-4087-4dd0-8598-5abddcc696b9: receive RaftClientReply:client-9C97446E6A25->2573df58-4087-4dd0-8598-5abddcc696b9@group-CE3C0447B19C, cid=2236, SUCCESS, logIndex=3727, commits[2573df58-4087-4dd0-8598-5abddcc696b9:c3728]
2019-06-13 21:51:42,608 INFO  storage.RaftLogWorker (RaftLogWorker.java:rollLogSegment(303)) - 2573df58-4087-4dd0-8598-5abddcc696b9-RaftLogWorker: Rolling segment log-3653_3728 to index:3728
2019-06-13 21:51:42,609 INFO  storage.RaftLogWorker (RaftLogWorker.java:execute(433)) - 2573df58-4087-4dd0-8598-5abddcc696b9-RaftLogWorker: Rolled log segment from /opt/src/hadoop-ozone/integration-test/target/test-dir/MiniOzoneClusterImpl-8578056e-9b7b-4e66-9e9f-ef53d5cd7c03/datanode-0/data/ratis/7f5c2536-ed89-4233-9ec0-ce3c0447b19c/current/log_inprogress_3653 to /opt/src/hadoop-ozone/integration-test/target/test-dir/MiniOzoneClusterImpl-8578056e-9b7b-4e66-9e9f-ef53d5cd7c03/datanode-0/data/ratis/7f5c2536-ed89-4233-9ec0-ce3c0447b19c/current/log_3653-3728
2019-06-13 21:51:42,624 DEBUG block.SCMBlockDeletingService (SCMBlockDeletingService.java:call(138)) - Running DeletedBlockTransactionScanner
2019-06-13 21:51:42,624 DEBUG block.SCMBlockDeletingService (SCMBlockDeletingService.java:call(155)) - Scanned deleted blocks log and got 0 delTX to process.
2019-06-13 21:51:42,644 INFO  storage.RaftLogWorker (RaftLogWorker.java:execute(469)) - 2573df58-4087-4dd0-8598-5abddcc696b9-RaftLogWorker: created new log segment /opt/src/hadoop-ozone/integration-test/target/test-dir/MiniOzoneClusterImpl-8578056e-9b7b-4e66-9e9f-ef53d5cd7c03/datanode-0/data/ratis/7f5c2536-ed89-4233-9ec0-ce3c0447b19c/current/log_inprogress_3729
2019-06-13 21:51:42,646 INFO  client.GrpcClientProtocolClient (GrpcClientProtocolClient.java:onNext(254)) - client-9C97446E6A25->2573df58-4087-4dd0-8598-5abddcc696b9: receive RaftClientReply:client-9C97446E6A25->2573df58-4087-4dd0-8598-5abddcc696b9@group-CE3C0447B19C, cid=2237, SUCCESS, logIndex=3729, commits[2573df58-4087-4dd0-8598-5abddcc696b9:c3729]
2019-06-13 21:51:42,647 INFO  client.GrpcClientProtocolClient (GrpcClientProtocolClient.java:onNext(254)) - client-9C97446E6A25->2573df58-4087-4dd0-8598-5abddcc696b9: receive RaftClientReply:client-9C97446E6A25->2573df58-4087-4dd0-8598-5abddcc696b9@group-CE3C0447B19C, cid=2238, SUCCESS, logIndex=3731, commits[2573df58-4087-4dd0-8598-5abddcc696b9:c3731]
2019-06-13 21:51:42,648 INFO  client.GrpcClientProtocolClient (GrpcClientProtocolClient.java:onNext(254)) - client-9C97446E6A25->2573df58-4087-4dd0-8598-5abddcc696b9: receive RaftClientReply:client-9C97446E6A25->2573df58-4087-4dd0-8598-5abddcc696b9@group-CE3C0447B19C, cid=2239, SUCCESS, logIndex=3732, commits[2573df58-4087-4dd0-8598-5abddcc696b9:c3734]
2019-06-13 21:51:42,649 INFO  client.GrpcClientProtocolClient (GrpcClientProtocolClient.java:onNext(254)) - client-9C97446E6A25->2573df58-4087-4dd0-8598-5abddcc696b9: receive RaftClientReply:client-9C97446E6A25->2573df58-4087-4dd0-8598-5abddcc696b9@group-CE3C0447B19C, cid=2240, SUCCESS, logIndex=3733, commits[2573df58-4087-4dd0-8598-5abddcc696b9:c3734]
2019-06-13 21:51:42,658 INFO  client.GrpcClientProtocolClient (GrpcClientProtocolClient.java:onNext(254)) - client-9C97446E6A25->2573df58-4087-4dd0-8598-5abddcc696b9: receive RaftClientReply:client-9C97446E6A25->2573df58-4087-4dd0-8598-5abddcc696b9@group-CE3C0447B19C, cid=2241, SUCCESS, logIndex=3735, commits[2573df58-4087-4dd0-8598-5abddcc696b9:c3735]
2019-06-13 21:51:42,659 INFO  client.GrpcClientProtocolClient (GrpcClientProtocolClient.java:onNext(254)) - client-9C97446E6A25->2573df58-4087-4dd0-8598-5abddcc696b9: receive RaftClientReply:client-9C97446E6A25->2573df58-4087-4dd0-8598-5abddcc696b9@group-CE3C0447B19C, cid=2242, SUCCESS, logIndex=3737, commits[2573df58-4087-4dd0-8598-5abddcc696b9:c3737]
2019-06-13 21:51:42,660 INFO  client.GrpcClientProtocolClient (GrpcClientProtocolClient.java:onNext(254)) - client-9C97446E6A25->2573df58-4087-4dd0-8598-5abddcc696b9: receive RaftClientReply:client-9C97446E6A25->2573df58-4087-4dd0-8598-5abddcc696b9@group-CE3C0447B19C, cid=2243, SUCCESS, logIndex=3738, commits[2573df58-4087-4dd0-8598-5abddcc696b9:c3740]
2019-06-13 21:51:42,660 INFO  client.GrpcClientProtocolClient (GrpcClientProtocolClient.java:onNext(254)) - client-9C97446E6A25->2573df58-4087-4dd0-8598-5abddcc696b9: receive RaftClientReply:client-9C97446E6A25->2573df58-4087-4dd0-8598-5abddcc696b9@group-CE3C0447B19C, cid=2244, SUCCESS, logIndex=3739, commits[2573df58-4087-4dd0-8598-5abddcc696b9:c3740]
2019-06-13 21:51:42,665 INFO  client.GrpcClientProtocolClient (GrpcClientProtocolClient.java:onNext(254)) - client-9C97446E6A25->2573df58-4087-4dd0-8598-5abddcc696b9: receive RaftClientReply:client-9C97446E6A25->2573df58-4087-4dd0-8598-5abddcc696b9@group-CE3C0447B19C, cid=2245, SUCCESS, logIndex=3741, commits[2573df58-4087-4dd0-8598-5abddcc696b9:c3741]
2019-06-13 21:51:42,667 INFO  client.GrpcClientProtocolClient (GrpcClientProtocolClient.java:onNext(254)) - client-9C97446E6A25->2573df58-4087-4dd0-8598-5abddcc696b9: receive RaftClientReply:client-9C97446E6A25->2573df58-4087-4dd0-8598-5abddcc696b9@group-CE3C0447B19C, cid=2246, SUCCESS, logIndex=3743, commits[2573df58-4087-4dd0-8598-5abddcc696b9:c3743]
2019-06-13 21:51:42,668 INFO  client.GrpcClientProtocolClient (GrpcClientProtocolClient.java:onNext(254)) - client-9C97446E6A25->2573df58-4087-4dd0-8598-5abddcc696b9: receive RaftClientReply:client-9C97446E6A25->2573df58-4087-4dd0-8598-5abddcc696b9@group-CE3C0447B19C, cid=2247, SUCCESS, logIndex=3744, commits[2573df58-4087-4dd0-8598-5abddcc696b9:c3746]
2019-06-13 21:51:42,668 INFO  client.GrpcClientProtocolClient (GrpcClientProtocolClient.java:onNext(254)) - client-9C97446E6A25->2573df58-4087-4dd0-8598-5abddcc696b9: receive RaftClientReply:client-9C97446E6A25->2573df58-4087-4dd0-8598-5abddcc696b9@group-CE3C0447B19C, cid=2248, SUCCESS, logIndex=3745, commits[2573df58-4087-4dd0-8598-5abddcc696b9:c3746]
2019-06-13 21:51:42,677 INFO  client.GrpcClientProtocolClient (GrpcClientProtocolClient.java:onNext(254)) - client-9C97446E6A25->2573df58-4087-4dd0-8598-5abddcc696b9: receive RaftClientReply:client-9C97446E6A25->2573df58-4087-4dd0-8598-5abddcc696b9@group-CE3C0447B19C, cid=2249, SUCCESS, logIndex=3747, commits[2573df58-4087-4dd0-8598-5abddcc696b9:c3747]
2019-06-13 21:51:42,679 INFO  client.GrpcClientProtocolClient (GrpcClientProtocolClient.java:onNext(254)) - client-9C97446E6A25->2573df58-4087-4dd0-8598-5abddcc696b9: receive RaftClientReply:client-9C97446E6A25->2573df58-4087-4dd0-8598-5abddcc696b9@group-CE3C0447B19C, cid=2250, SUCCESS, logIndex=3749, commits[2573df58-4087-4dd0-8598-5abddcc696b9:c3749]
2019-06-13 21:51:42,680 INFO  client.GrpcClientProtocolClient (GrpcClientProtocolClient.java:onNext(254)) - client-9C97446E6A25->2573df58-4087-4dd0-8598-5abddcc696b9: receive RaftClientReply:client-9C97446E6A25->2573df58-4087-4dd0-8598-5abddcc696b9@group-CE3C0447B19C, cid=2251, SUCCESS, logIndex=3750, commits[2573df58-4087-4dd0-8598-5abddcc696b9:c3751]
2019-06-13 21:51:42,680 INFO  client.GrpcClientProtocolClient (GrpcClientProtocolClient.java:onNext(254)) - client-9C97446E6A25->2573df58-4087-4dd0-8598-5abddcc696b9: receive RaftClientReply:client-9C97446E6A25->2573df58-4087-4dd0-8598-5abddcc696b9@group-CE3C0447B19C, cid=2252, SUCCESS, logIndex=3751, commits[2573df58-4087-4dd0-8598-5abddcc696b9:c3751]
2019-06-13 21:51:42,686 INFO  client.GrpcClientProtocolClient (GrpcClientProtocolClient.java:onNext(254)) - client-9C97446E6A25->2573df58-4087-4dd0-8598-5abddcc696b9: receive RaftClientReply:client-9C97446E6A25->2573df58-4087-4dd0-8598-5abddcc696b9@group-CE3C0447B19C, cid=2253, SUCCESS, logIndex=3754, commits[2573df58-4087-4dd0-8598-5abddcc696b9:c3754]
2019-06-13 21:51:42,687 INFO  client.GrpcClientProtocolClient (GrpcClientProtocolClient.java:onNext(254)) - client-9C97446E6A25->2573df58-4087-4dd0-8598-5abddcc696b9: receive RaftClientReply:client-9C97446E6A25->2573df58-4087-4dd0-8598-5abddcc696b9@group-CE3C0447B19C, cid=2254, SUCCESS, logIndex=3756, commits[2573df58-4087-4dd0-8598-5abddcc696b9:c3756]
2019-06-13 21:51:42,724 DEBUG block.SCMBlockDeletingService (SCMBlockDeletingService.java:call(138)) - Running DeletedBlockTransactionScanner
2019-06-13 21:51:42,724 DEBUG block.SCMBlockDeletingService (SCMBlockDeletingService.java:call(155)) - Scanned deleted blocks log and got 0 delTX to process.
2019-06-13 21:51:42,755 INFO  client.GrpcClientProtocolClient (GrpcClientProtocolClient.java:onNext(254)) - client-9C97446E6A25->2573df58-4087-4dd0-8598-5abddcc696b9: receive RaftClientReply:client-9C97446E6A25->2573df58-4087-4dd0-8598-5abddcc696b9@group-CE3C0447B19C, cid=2255, SUCCESS, logIndex=3758, commits[2573df58-4087-4dd0-8598-5abddcc696b9:c3758]
2019-06-13 21:51:42,756 INFO  client.GrpcClientProtocolClient (GrpcClientProtocolClient.java:onNext(254)) - client-9C97446E6A25->2573df58-4087-4dd0-8598-5abddcc696b9: receive RaftClientReply:client-9C97446E6A25->2573df58-4087-4dd0-8598-5abddcc696b9@group-CE3C0447B19C, cid=2256, SUCCESS, logIndex=3760, commits[2573df58-4087-4dd0-8598-5abddcc696b9:c3760]
2019-06-13 21:51:42,765 INFO  client.GrpcClientProtocolClient (GrpcClientProtocolClient.java:onNext(254)) - client-9C97446E6A25->2573df58-4087-4dd0-8598-5abddcc696b9: receive RaftClientReply:client-9C97446E6A25->2573df58-4087-4dd0-8598-5abddcc696b9@group-CE3C0447B19C, cid=2257, SUCCESS, logIndex=3762, commits[2573df58-4087-4dd0-8598-5abddcc696b9:c3762]
2019-06-13 21:51:42,766 INFO  client.GrpcClientProtocolClient (GrpcClientProtocolClient.java:onNext(254)) - client-9C97446E6A25->2573df58-4087-4dd0-8598-5abddcc696b9: receive RaftClientReply:client-9C97446E6A25->2573df58-4087-4dd0-8598-5abddcc696b9@group-CE3C0447B19C, cid=2258, SUCCESS, logIndex=3764, commits[2573df58-4087-4dd0-8598-5abddcc696b9:c3764]
2019-06-13 21:51:42,767 INFO  client.GrpcClientProtocolClient (GrpcClientProtocolClient.java:onNext(254)) - client-9C97446E6A25->2573df58-4087-4dd0-8598-5abddcc696b9: receive RaftClientReply:client-9C97446E6A25->2573df58-4087-4dd0-8598-5abddcc696b9@group-CE3C0447B19C, cid=2259, SUCCESS, logIndex=3765, commits[2573df58-4087-4dd0-8598-5abddcc696b9:c3767]
2019-06-13 21:51:42,767 INFO  client.GrpcClientProtocolClient (GrpcClientProtocolClient.java:onNext(254)) - client-9C97446E6A25->2573df58-4087-4dd0-8598-5abddcc696b9: receive RaftClientReply:client-9C97446E6A25->2573df58-4087-4dd0-8598-5abddcc696b9@group-CE3C0447B19C, cid=2260, SUCCESS, logIndex=3766, commits[2573df58-4087-4dd0-8598-5abddcc696b9:c3767]
2019-06-13 21:51:42,772 INFO  client.GrpcClientProtocolClient (GrpcClientProtocolClient.java:onNext(254)) - client-9C97446E6A25->2573df58-4087-4dd0-8598-5abddcc696b9: receive RaftClientReply:client-9C97446E6A25->2573df58-4087-4dd0-8598-5abddcc696b9@group-CE3C0447B19C, cid=2261, SUCCESS, logIndex=3768, commits[2573df58-4087-4dd0-8598-5abddcc696b9:c3768]
2019-06-13 21:51:42,773 INFO  client.GrpcClientProtocolClient (GrpcClientProtocolClient.java:onNext(254)) - client-9C97446E6A25->2573df58-4087-4dd0-8598-5abddcc696b9: receive RaftClientReply:client-9C97446E6A25->2573df58-4087-4dd0-8598-5abddcc696b9@group-CE3C0447B19C, cid=2262, SUCCESS, logIndex=3770, commits[2573df58-4087-4dd0-8598-5abddcc696b9:c3770]
2019-06-13 21:51:42,775 INFO  client.GrpcClientProtocolClient (GrpcClientProtocolClient.java:onNext(254)) - client-9C97446E6A25->2573df58-4087-4dd0-8598-5abddcc696b9: receive RaftClientReply:client-9C97446E6A25->2573df58-4087-4dd0-8598-5abddcc696b9@group-CE3C0447B19C, cid=2263, SUCCESS, logIndex=3771, commits[2573df58-4087-4dd0-8598-5abddcc696b9:c3772]
2019-06-13 21:51:42,776 INFO  client.GrpcClientProtocolClient (GrpcClientProtocolClient.java:onNext(254)) - client-9C97446E6A25->2573df58-4087-4dd0-8598-5abddcc696b9: receive RaftClientReply:client-9C97446E6A25->2573df58-4087-4dd0-8598-5abddcc696b9@group-CE3C0447B19C, cid=2264, SUCCESS, logIndex=3773, commits[2573df58-4087-4dd0-8598-5abddcc696b9:c3773]
2019-06-13 21:51:42,786 INFO  client.GrpcClientProtocolClient (GrpcClientProtocolClient.java:onNext(254)) - client-9C97446E6A25->2573df58-4087-4dd0-8598-5abddcc696b9: receive RaftClientReply:client-9C97446E6A25->2573df58-4087-4dd0-8598-5abddcc696b9@group-CE3C0447B19C, cid=2265, SUCCESS, logIndex=3775, commits[2573df58-4087-4dd0-8598-5abddcc696b9:c3775]
2019-06-13 21:51:42,787 INFO  client.GrpcClientProtocolClient (GrpcClientProtocolClient.java:onNext(254)) - client-9C97446E6A25->2573df58-4087-4dd0-8598-5abddcc696b9: receive RaftClientReply:client-9C97446E6A25->2573df58-4087-4dd0-8598-5abddcc696b9@group-CE3C0447B19C, cid=2266, SUCCESS, logIndex=3777, commits[2573df58-4087-4dd0-8598-5abddcc696b9:c3777]
2019-06-13 21:51:42,788 INFO  client.GrpcClientProtocolClient (GrpcClientProtocolClient.java:onNext(254)) - client-9C97446E6A25->2573df58-4087-4dd0-8598-5abddcc696b9: receive RaftClientReply:client-9C97446E6A25->2573df58-4087-4dd0-8598-5abddcc696b9@group-CE3C0447B19C, cid=2267, SUCCESS, logIndex=3778, commits[2573df58-4087-4dd0-8598-5abddcc696b9:c3780]
2019-06-13 21:51:42,788 INFO  client.GrpcClientProtocolClient (GrpcClientProtocolClient.java:onNext(254)) - client-9C97446E6A25->2573df58-4087-4dd0-8598-5abddcc696b9: receive RaftClientReply:client-9C97446E6A25->2573df58-4087-4dd0-8598-5abddcc696b9@group-CE3C0447B19C, cid=2268, SUCCESS, logIndex=3779, commits[2573df58-4087-4dd0-8598-5abddcc696b9:c3780]
2019-06-13 21:51:42,794 INFO  client.GrpcClientProtocolClient (GrpcClientProtocolClient.java:onNext(254)) - client-9C97446E6A25->2573df58-4087-4dd0-8598-5abddcc696b9: receive RaftClientReply:client-9C97446E6A25->2573df58-4087-4dd0-8598-5abddcc696b9@group-CE3C0447B19C, cid=2269, SUCCESS, logIndex=3781, commits[2573df58-4087-4dd0-8598-5abddcc696b9:c3781]
2019-06-13 21:51:42,795 INFO  client.GrpcClientProtocolClient (GrpcClientProtocolClient.java:onNext(254)) - client-9C97446E6A25->2573df58-4087-4dd0-8598-5abddcc696b9: receive RaftClientReply:client-9C97446E6A25->2573df58-4087-4dd0-8598-5abddcc696b9@group-CE3C0447B19C, cid=2270, SUCCESS, logIndex=3783, commits[2573df58-4087-4dd0-8598-5abddcc696b9:c3783]
2019-06-13 21:51:42,796 INFO  client.GrpcClientProtocolClient (GrpcClientProtocolClient.java:onNext(254)) - client-9C97446E6A25->2573df58-4087-4dd0-8598-5abddcc696b9: receive RaftClientReply:client-9C97446E6A25->2573df58-4087-4dd0-8598-5abddcc696b9@group-CE3C0447B19C, cid=2271, SUCCESS, logIndex=3784, commits[2573df58-4087-4dd0-8598-5abddcc696b9:c3786]
2019-06-13 21:51:42,797 INFO  client.GrpcClientProtocolClient (GrpcClientProtocolClient.java:onNext(254)) - client-9C97446E6A25->2573df58-4087-4dd0-8598-5abddcc696b9: receive RaftClientReply:client-9C97446E6A25->2573df58-4087-4dd0-8598-5abddcc696b9@group-CE3C0447B19C, cid=2272, SUCCESS, logIndex=3785, commits[2573df58-4087-4dd0-8598-5abddcc696b9:c3786]
2019-06-13 21:51:42,806 INFO  client.GrpcClientProtocolClient (GrpcClientProtocolClient.java:onNext(254)) - client-9C97446E6A25->2573df58-4087-4dd0-8598-5abddcc696b9: receive RaftClientReply:client-9C97446E6A25->2573df58-4087-4dd0-8598-5abddcc696b9@group-CE3C0447B19C, cid=2273, SUCCESS, logIndex=3787, commits[2573df58-4087-4dd0-8598-5abddcc696b9:c3787]
2019-06-13 21:51:42,807 INFO  client.GrpcClientProtocolClient (GrpcClientProtocolClient.java:onNext(254)) - client-9C97446E6A25->2573df58-4087-4dd0-8598-5abddcc696b9: receive RaftClientReply:client-9C97446E6A25->2573df58-4087-4dd0-8598-5abddcc696b9@group-CE3C0447B19C, cid=2274, SUCCESS, logIndex=3789, commits[2573df58-4087-4dd0-8598-5abddcc696b9:c3789]
2019-06-13 21:51:42,808 INFO  client.GrpcClientProtocolClient (GrpcClientProtocolClient.java:onNext(254)) - client-9C97446E6A25->2573df58-4087-4dd0-8598-5abddcc696b9: receive RaftClientReply:client-9C97446E6A25->2573df58-4087-4dd0-8598-5abddcc696b9@group-CE3C0447B19C, cid=2275, SUCCESS, logIndex=3790, commits[2573df58-4087-4dd0-8598-5abddcc696b9:c3792]
2019-06-13 21:51:42,809 INFO  client.GrpcClientProtocolClient (GrpcClientProtocolClient.java:onNext(254)) - client-9C97446E6A25->2573df58-4087-4dd0-8598-5abddcc696b9: receive RaftClientReply:client-9C97446E6A25->2573df58-4087-4dd0-8598-5abddcc696b9@group-CE3C0447B19C, cid=2276, SUCCESS, logIndex=3791, commits[2573df58-4087-4dd0-8598-5abddcc696b9:c3792]
2019-06-13 21:51:42,813 INFO  client.GrpcClientProtocolClient (GrpcClientProtocolClient.java:onNext(254)) - client-9C97446E6A25->2573df58-4087-4dd0-8598-5abddcc696b9: receive RaftClientReply:client-9C97446E6A25->2573df58-4087-4dd0-8598-5abddcc696b9@group-CE3C0447B19C, cid=2277, SUCCESS, logIndex=3793, commits[2573df58-4087-4dd0-8598-5abddcc696b9:c3793]
2019-06-13 21:51:42,814 INFO  storage.RaftLogWorker (RaftLogWorker.java:rollLogSegment(303)) - 2573df58-4087-4dd0-8598-5abddcc696b9-RaftLogWorker: Rolling segment log-3729_3796 to index:3796
2019-06-13 21:51:42,815 INFO  client.GrpcClientProtocolClient (GrpcClientProtocolClient.java:onNext(254)) - client-9C97446E6A25->2573df58-4087-4dd0-8598-5abddcc696b9: receive RaftClientReply:client-9C97446E6A25->2573df58-4087-4dd0-8598-5abddcc696b9@group-CE3C0447B19C, cid=2278, SUCCESS, logIndex=3795, commits[2573df58-4087-4dd0-8598-5abddcc696b9:c3795]
2019-06-13 21:51:42,815 INFO  storage.RaftLogWorker (RaftLogWorker.java:execute(433)) - 2573df58-4087-4dd0-8598-5abddcc696b9-RaftLogWorker: Rolled log segment from /opt/src/hadoop-ozone/integration-test/target/test-dir/MiniOzoneClusterImpl-8578056e-9b7b-4e66-9e9f-ef53d5cd7c03/datanode-0/data/ratis/7f5c2536-ed89-4233-9ec0-ce3c0447b19c/current/log_inprogress_3729 to /opt/src/hadoop-ozone/integration-test/target/test-dir/MiniOzoneClusterImpl-8578056e-9b7b-4e66-9e9f-ef53d5cd7c03/datanode-0/data/ratis/7f5c2536-ed89-4233-9ec0-ce3c0447b19c/current/log_3729-3796
2019-06-13 21:51:42,815 INFO  client.GrpcClientProtocolClient (GrpcClientProtocolClient.java:onNext(254)) - client-9C97446E6A25->2573df58-4087-4dd0-8598-5abddcc696b9: receive RaftClientReply:client-9C97446E6A25->2573df58-4087-4dd0-8598-5abddcc696b9@group-CE3C0447B19C, cid=2279, SUCCESS, logIndex=3796, commits[2573df58-4087-4dd0-8598-5abddcc696b9:c3796]
2019-06-13 21:51:42,825 DEBUG block.SCMBlockDeletingService (SCMBlockDeletingService.java:call(138)) - Running DeletedBlockTransactionScanner
2019-06-13 21:51:42,825 DEBUG block.SCMBlockDeletingService (SCMBlockDeletingService.java:call(155)) - Scanned deleted blocks log and got 0 delTX to process.
2019-06-13 21:51:42,850 INFO  storage.RaftLogWorker (RaftLogWorker.java:execute(469)) - 2573df58-4087-4dd0-8598-5abddcc696b9-RaftLogWorker: created new log segment /opt/src/hadoop-ozone/integration-test/target/test-dir/MiniOzoneClusterImpl-8578056e-9b7b-4e66-9e9f-ef53d5cd7c03/datanode-0/data/ratis/7f5c2536-ed89-4233-9ec0-ce3c0447b19c/current/log_inprogress_3797
2019-06-13 21:51:42,852 INFO  client.GrpcClientProtocolClient (GrpcClientProtocolClient.java:onNext(254)) - client-9C97446E6A25->2573df58-4087-4dd0-8598-5abddcc696b9: receive RaftClientReply:client-9C97446E6A25->2573df58-4087-4dd0-8598-5abddcc696b9@group-CE3C0447B19C, cid=2280, SUCCESS, logIndex=3797, commits[2573df58-4087-4dd0-8598-5abddcc696b9:c3799]
2019-06-13 21:51:42,861 INFO  client.GrpcClientProtocolClient (GrpcClientProtocolClient.java:onNext(254)) - client-9C97446E6A25->2573df58-4087-4dd0-8598-5abddcc696b9: receive RaftClientReply:client-9C97446E6A25->2573df58-4087-4dd0-8598-5abddcc696b9@group-CE3C0447B19C, cid=2281, SUCCESS, logIndex=3800, commits[2573df58-4087-4dd0-8598-5abddcc696b9:c3800]
2019-06-13 21:51:42,862 INFO  client.GrpcClientProtocolClient (GrpcClientProtocolClient.java:onNext(254)) - client-9C97446E6A25->2573df58-4087-4dd0-8598-5abddcc696b9: receive RaftClientReply:client-9C97446E6A25->2573df58-4087-4dd0-8598-5abddcc696b9@group-CE3C0447B19C, cid=2282, SUCCESS, logIndex=3802, commits[2573df58-4087-4dd0-8598-5abddcc696b9:c3802]
2019-06-13 21:51:42,863 INFO  client.GrpcClientProtocolClient (GrpcClientProtocolClient.java:onNext(254)) - client-9C97446E6A25->2573df58-4087-4dd0-8598-5abddcc696b9: receive RaftClientReply:client-9C97446E6A25->2573df58-4087-4dd0-8598-5abddcc696b9@group-CE3C0447B19C, cid=2283, SUCCESS, logIndex=3803, commits[2573df58-4087-4dd0-8598-5abddcc696b9:c3805]
2019-06-13 21:51:42,866 INFO  client.GrpcClientProtocolClient (GrpcClientProtocolClient.java:onNext(254)) - client-9C97446E6A25->2573df58-4087-4dd0-8598-5abddcc696b9: receive RaftClientReply:client-9C97446E6A25->2573df58-4087-4dd0-8598-5abddcc696b9@group-CE3C0447B19C, cid=2284, SUCCESS, logIndex=3804, commits[2573df58-4087-4dd0-8598-5abddcc696b9:c3805]
2019-06-13 21:51:42,871 INFO  client.GrpcClientProtocolClient (GrpcClientProtocolClient.java:onNext(254)) - client-9C97446E6A25->2573df58-4087-4dd0-8598-5abddcc696b9: receive RaftClientReply:client-9C97446E6A25->2573df58-4087-4dd0-8598-5abddcc696b9@group-CE3C0447B19C, cid=2285, SUCCESS, logIndex=3806, commits[2573df58-4087-4dd0-8598-5abddcc696b9:c3806]
2019-06-13 21:51:42,874 INFO  client.GrpcClientProtocolClient (GrpcClientProtocolClient.java:onNext(254)) - client-9C97446E6A25->2573df58-4087-4dd0-8598-5abddcc696b9: receive RaftClientReply:client-9C97446E6A25->2573df58-4087-4dd0-8598-5abddcc696b9@group-CE3C0447B19C, cid=2286, SUCCESS, logIndex=3808, commits[2573df58-4087-4dd0-8598-5abddcc696b9:c3809]
2019-06-13 21:51:42,876 INFO  client.GrpcClientProtocolClient (GrpcClientProtocolClient.java:onNext(254)) - client-9C97446E6A25->2573df58-4087-4dd0-8598-5abddcc696b9: receive RaftClientReply:client-9C97446E6A25->2573df58-4087-4dd0-8598-5abddcc696b9@group-CE3C0447B19C, cid=2287, SUCCESS, logIndex=3810, commits[2573df58-4087-4dd0-8598-5abddcc696b9:c3811]
2019-06-13 21:51:42,877 INFO  client.GrpcClientProtocolClient (GrpcClientProtocolClient.java:onNext(254)) - client-9C97446E6A25->2573df58-4087-4dd0-8598-5abddcc696b9: receive RaftClientReply:client-9C97446E6A25->2573df58-4087-4dd0-8598-5abddcc696b9@group-CE3C0447B19C, cid=2288, SUCCESS, logIndex=3811, commits[2573df58-4087-4dd0-8598-5abddcc696b9:c3811]
2019-06-13 21:51:42,887 INFO  client.GrpcClientProtocolClient (GrpcClientProtocolClient.java:onNext(254)) - client-9C97446E6A25->2573df58-4087-4dd0-8598-5abddcc696b9: receive RaftClientReply:client-9C97446E6A25->2573df58-4087-4dd0-8598-5abddcc696b9@group-CE3C0447B19C, cid=2289, SUCCESS, logIndex=3813, commits[2573df58-4087-4dd0-8598-5abddcc696b9:c3813]
2019-06-13 21:51:42,890 INFO  client.GrpcClientProtocolClient (GrpcClientProtocolClient.java:onNext(254)) - client-9C97446E6A25->2573df58-4087-4dd0-8598-5abddcc696b9: receive RaftClientReply:client-9C97446E6A25->2573df58-4087-4dd0-8598-5abddcc696b9@group-CE3C0447B19C, cid=2290, SUCCESS, logIndex=3815, commits[2573df58-4087-4dd0-8598-5abddcc696b9:c3817]
2019-06-13 21:51:42,891 INFO  client.GrpcClientProtocolClient (GrpcClientProtocolClient.java:onNext(254)) - client-9C97446E6A25->2573df58-4087-4dd0-8598-5abddcc696b9: receive RaftClientReply:client-9C97446E6A25->2573df58-4087-4dd0-8598-5abddcc696b9@group-CE3C0447B19C, cid=2291, SUCCESS, logIndex=3816, commits[2573df58-4087-4dd0-8598-5abddcc696b9:c3817]
2019-06-13 21:51:42,891 INFO  client.GrpcClientProtocolClient (GrpcClientProtocolClient.java:onNext(254)) - client-9C97446E6A25->2573df58-4087-4dd0-8598-5abddcc696b9: receive RaftClientReply:client-9C97446E6A25->2573df58-4087-4dd0-8598-5abddcc696b9@group-CE3C0447B19C, cid=2292, SUCCESS, logIndex=3817, commits[2573df58-4087-4dd0-8598-5abddcc696b9:c3818]
2019-06-13 21:51:42,897 INFO  client.GrpcClientProtocolClient (GrpcClientProtocolClient.java:onNext(254)) - client-9C97446E6A25->2573df58-4087-4dd0-8598-5abddcc696b9: receive RaftClientReply:client-9C97446E6A25->2573df58-4087-4dd0-8598-5abddcc696b9@group-CE3C0447B19C, cid=2293, SUCCESS, logIndex=3819, commits[2573df58-4087-4dd0-8598-5abddcc696b9:c3819]
2019-06-13 21:51:42,898 INFO  client.GrpcClientProtocolClient (GrpcClientProtocolClient.java:onNext(254)) - client-9C97446E6A25->2573df58-4087-4dd0-8598-5abddcc696b9: receive RaftClientReply:client-9C97446E6A25->2573df58-4087-4dd0-8598-5abddcc696b9@group-CE3C0447B19C, cid=2294, SUCCESS, logIndex=3821, commits[2573df58-4087-4dd0-8598-5abddcc696b9:c3821]
2019-06-13 21:51:42,899 INFO  client.GrpcClientProtocolClient (GrpcClientProtocolClient.java:onNext(254)) - client-9C97446E6A25->2573df58-4087-4dd0-8598-5abddcc696b9: receive RaftClientReply:client-9C97446E6A25->2573df58-4087-4dd0-8598-5abddcc696b9@group-CE3C0447B19C, cid=2295, SUCCESS, logIndex=3822, commits[2573df58-4087-4dd0-8598-5abddcc696b9:c3824]
2019-06-13 21:51:42,899 INFO  client.GrpcClientProtocolClient (GrpcClientProtocolClient.java:onNext(254)) - client-9C97446E6A25->2573df58-4087-4dd0-8598-5abddcc696b9: receive RaftClientReply:client-9C97446E6A25->2573df58-4087-4dd0-8598-5abddcc696b9@group-CE3C0447B19C, cid=2296, SUCCESS, logIndex=3823, commits[2573df58-4087-4dd0-8598-5abddcc696b9:c3824]
2019-06-13 21:51:42,909 INFO  client.GrpcClientProtocolClient (GrpcClientProtocolClient.java:onNext(254)) - client-9C97446E6A25->2573df58-4087-4dd0-8598-5abddcc696b9: receive RaftClientReply:client-9C97446E6A25->2573df58-4087-4dd0-8598-5abddcc696b9@group-CE3C0447B19C, cid=2297, SUCCESS, logIndex=3825, commits[2573df58-4087-4dd0-8598-5abddcc696b9:c3825]
2019-06-13 21:51:42,910 INFO  client.GrpcClientProtocolClient (GrpcClientProtocolClient.java:onNext(254)) - client-9C97446E6A25->2573df58-4087-4dd0-8598-5abddcc696b9: receive RaftClientReply:client-9C97446E6A25->2573df58-4087-4dd0-8598-5abddcc696b9@group-CE3C0447B19C, cid=2298, SUCCESS, logIndex=3827, commits[2573df58-4087-4dd0-8598-5abddcc696b9:c3827]
2019-06-13 21:51:42,925 DEBUG block.SCMBlockDeletingService (SCMBlockDeletingService.java:call(138)) - Running DeletedBlockTransactionScanner
2019-06-13 21:51:42,925 DEBUG block.SCMBlockDeletingService (SCMBlockDeletingService.java:call(155)) - Scanned deleted blocks log and got 0 delTX to process.
2019-06-13 21:51:43,025 DEBUG block.SCMBlockDeletingService (SCMBlockDeletingService.java:call(138)) - Running DeletedBlockTransactionScanner
2019-06-13 21:51:43,025 DEBUG block.SCMBlockDeletingService (SCMBlockDeletingService.java:call(155)) - Scanned deleted blocks log and got 0 delTX to process.
2019-06-13 21:51:43,027 INFO  client.GrpcClientProtocolClient (GrpcClientProtocolClient.java:onNext(254)) - client-9C97446E6A25->2573df58-4087-4dd0-8598-5abddcc696b9: receive RaftClientReply:client-9C97446E6A25->2573df58-4087-4dd0-8598-5abddcc696b9@group-CE3C0447B19C, cid=2299, SUCCESS, logIndex=3829, commits[2573df58-4087-4dd0-8598-5abddcc696b9:c3829]
2019-06-13 21:51:43,028 INFO  client.GrpcClientProtocolClient (GrpcClientProtocolClient.java:onNext(254)) - client-9C97446E6A25->2573df58-4087-4dd0-8598-5abddcc696b9: receive RaftClientReply:client-9C97446E6A25->2573df58-4087-4dd0-8598-5abddcc696b9@group-CE3C0447B19C, cid=2300, SUCCESS, logIndex=3831, commits[2573df58-4087-4dd0-8598-5abddcc696b9:c3831]
2019-06-13 21:51:43,033 INFO  client.GrpcClientProtocolClient (GrpcClientProtocolClient.java:onNext(254)) - client-9C97446E6A25->2573df58-4087-4dd0-8598-5abddcc696b9: receive RaftClientReply:client-9C97446E6A25->2573df58-4087-4dd0-8598-5abddcc696b9@group-CE3C0447B19C, cid=2301, SUCCESS, logIndex=3833, commits[2573df58-4087-4dd0-8598-5abddcc696b9:c3833]
2019-06-13 21:51:43,034 INFO  client.GrpcClientProtocolClient (GrpcClientProtocolClient.java:onNext(254)) - client-9C97446E6A25->2573df58-4087-4dd0-8598-5abddcc696b9: receive RaftClientReply:client-9C97446E6A25->2573df58-4087-4dd0-8598-5abddcc696b9@group-CE3C0447B19C, cid=2302, SUCCESS, logIndex=3835, commits[2573df58-4087-4dd0-8598-5abddcc696b9:c3835]
2019-06-13 21:51:43,035 INFO  client.GrpcClientProtocolClient (GrpcClientProtocolClient.java:onNext(254)) - client-9C97446E6A25->2573df58-4087-4dd0-8598-5abddcc696b9: receive RaftClientReply:client-9C97446E6A25->2573df58-4087-4dd0-8598-5abddcc696b9@group-CE3C0447B19C, cid=2303, SUCCESS, logIndex=3836, commits[2573df58-4087-4dd0-8598-5abddcc696b9:c3838]
2019-06-13 21:51:43,035 INFO  client.GrpcClientProtocolClient (GrpcClientProtocolClient.java:onNext(254)) - client-9C97446E6A25->2573df58-4087-4dd0-8598-5abddcc696b9: receive RaftClientReply:client-9C97446E6A25->2573df58-4087-4dd0-8598-5abddcc696b9@group-CE3C0447B19C, cid=2304, SUCCESS, logIndex=3837, commits[2573df58-4087-4dd0-8598-5abddcc696b9:c3838]
2019-06-13 21:51:43,045 INFO  client.GrpcClientProtocolClient (GrpcClientProtocolClient.java:onNext(254)) - client-9C97446E6A25->2573df58-4087-4dd0-8598-5abddcc696b9: receive RaftClientReply:client-9C97446E6A25->2573df58-4087-4dd0-8598-5abddcc696b9@group-CE3C0447B19C, cid=2305, SUCCESS, logIndex=3839, commits[2573df58-4087-4dd0-8598-5abddcc696b9:c3839]
2019-06-13 21:51:43,046 INFO  client.GrpcClientProtocolClient (GrpcClientProtocolClient.java:onNext(254)) - client-9C97446E6A25->2573df58-4087-4dd0-8598-5abddcc696b9: receive RaftClientReply:client-9C97446E6A25->2573df58-4087-4dd0-8598-5abddcc696b9@group-CE3C0447B19C, cid=2306, SUCCESS, logIndex=3841, commits[2573df58-4087-4dd0-8598-5abddcc696b9:c3841]
2019-06-13 21:51:43,047 INFO  client.GrpcClientProtocolClient (GrpcClientProtocolClient.java:onNext(254)) - client-9C97446E6A25->2573df58-4087-4dd0-8598-5abddcc696b9: receive RaftClientReply:client-9C97446E6A25->2573df58-4087-4dd0-8598-5abddcc696b9@group-CE3C0447B19C, cid=2307, SUCCESS, logIndex=3842, commits[2573df58-4087-4dd0-8598-5abddcc696b9:c3844]
2019-06-13 21:51:43,047 INFO  client.GrpcClientProtocolClient (GrpcClientProtocolClient.java:onNext(254)) - client-9C97446E6A25->2573df58-4087-4dd0-8598-5abddcc696b9: receive RaftClientReply:client-9C97446E6A25->2573df58-4087-4dd0-8598-5abddcc696b9@group-CE3C0447B19C, cid=2308, SUCCESS, logIndex=3843, commits[2573df58-4087-4dd0-8598-5abddcc696b9:c3844]
2019-06-13 21:51:43,053 INFO  client.GrpcClientProtocolClient (GrpcClientProtocolClient.java:onNext(254)) - client-9C97446E6A25->2573df58-4087-4dd0-8598-5abddcc696b9: receive RaftClientReply:client-9C97446E6A25->2573df58-4087-4dd0-8598-5abddcc696b9@group-CE3C0447B19C, cid=2309, SUCCESS, logIndex=3845, commits[2573df58-4087-4dd0-8598-5abddcc696b9:c3845]
2019-06-13 21:51:43,055 INFO  client.GrpcClientProtocolClient (GrpcClientProtocolClient.java:onNext(254)) - client-9C97446E6A25->2573df58-4087-4dd0-8598-5abddcc696b9: receive RaftClientReply:client-9C97446E6A25->2573df58-4087-4dd0-8598-5abddcc696b9@group-CE3C0447B19C, cid=2310, SUCCESS, logIndex=3847, commits[2573df58-4087-4dd0-8598-5abddcc696b9:c3849]
2019-06-13 21:51:43,056 INFO  client.GrpcClientProtocolClient (GrpcClientProtocolClient.java:onNext(254)) - client-9C97446E6A25->2573df58-4087-4dd0-8598-5abddcc696b9: receive RaftClientReply:client-9C97446E6A25->2573df58-4087-4dd0-8598-5abddcc696b9@group-CE3C0447B19C, cid=2311, SUCCESS, logIndex=3848, commits[2573df58-4087-4dd0-8598-5abddcc696b9:c3849]
2019-06-13 21:51:43,056 INFO  client.GrpcClientProtocolClient (GrpcClientProtocolClient.java:onNext(254)) - client-9C97446E6A25->2573df58-4087-4dd0-8598-5abddcc696b9: receive RaftClientReply:client-9C97446E6A25->2573df58-4087-4dd0-8598-5abddcc696b9@group-CE3C0447B19C, cid=2312, SUCCESS, logIndex=3849, commits[2573df58-4087-4dd0-8598-5abddcc696b9:c3849]
2019-06-13 21:51:43,065 INFO  client.GrpcClientProtocolClient (GrpcClientProtocolClient.java:onNext(254)) - client-9C97446E6A25->2573df58-4087-4dd0-8598-5abddcc696b9: receive RaftClientReply:client-9C97446E6A25->2573df58-4087-4dd0-8598-5abddcc696b9@group-CE3C0447B19C, cid=2313, SUCCESS, logIndex=3851, commits[2573df58-4087-4dd0-8598-5abddcc696b9:c3851]
2019-06-13 21:51:43,068 INFO  client.GrpcClientProtocolClient (GrpcClientProtocolClient.java:onNext(254)) - client-9C97446E6A25->2573df58-4087-4dd0-8598-5abddcc696b9: receive RaftClientReply:client-9C97446E6A25->2573df58-4087-4dd0-8598-5abddcc696b9@group-CE3C0447B19C, cid=2314, SUCCESS, logIndex=3853, commits[2573df58-4087-4dd0-8598-5abddcc696b9:c3855]
2019-06-13 21:51:43,068 INFO  client.GrpcClientProtocolClient (GrpcClientProtocolClient.java:onNext(254)) - client-9C97446E6A25->2573df58-4087-4dd0-8598-5abddcc696b9: receive RaftClientReply:client-9C97446E6A25->2573df58-4087-4dd0-8598-5abddcc696b9@group-CE3C0447B19C, cid=2315, SUCCESS, logIndex=3854, commits[2573df58-4087-4dd0-8598-5abddcc696b9:c3855]
2019-06-13 21:51:43,068 INFO  client.GrpcClientProtocolClient (GrpcClientProtocolClient.java:onNext(254)) - client-9C97446E6A25->2573df58-4087-4dd0-8598-5abddcc696b9: receive RaftClientReply:client-9C97446E6A25->2573df58-4087-4dd0-8598-5abddcc696b9@group-CE3C0447B19C, cid=2316, SUCCESS, logIndex=3855, commits[2573df58-4087-4dd0-8598-5abddcc696b9:c3856]
2019-06-13 21:51:43,073 INFO  client.GrpcClientProtocolClient (GrpcClientProtocolClient.java:onNext(254)) - client-9C97446E6A25->2573df58-4087-4dd0-8598-5abddcc696b9: receive RaftClientReply:client-9C97446E6A25->2573df58-4087-4dd0-8598-5abddcc696b9@group-CE3C0447B19C, cid=2317, SUCCESS, logIndex=3857, commits[2573df58-4087-4dd0-8598-5abddcc696b9:c3857]
2019-06-13 21:51:43,075 INFO  client.GrpcClientProtocolClient (GrpcClientProtocolClient.java:onNext(254)) - client-9C97446E6A25->2573df58-4087-4dd0-8598-5abddcc696b9: receive RaftClientReply:client-9C97446E6A25->2573df58-4087-4dd0-8598-5abddcc696b9@group-CE3C0447B19C, cid=2318, SUCCESS, logIndex=3859, commits[2573df58-4087-4dd0-8598-5abddcc696b9:c3859]
2019-06-13 21:51:43,076 INFO  client.GrpcClientProtocolClient (GrpcClientProtocolClient.java:onNext(254)) - client-9C97446E6A25->2573df58-4087-4dd0-8598-5abddcc696b9: receive RaftClientReply:client-9C97446E6A25->2573df58-4087-4dd0-8598-5abddcc696b9@group-CE3C0447B19C, cid=2319, SUCCESS, logIndex=3860, commits[2573df58-4087-4dd0-8598-5abddcc696b9:c3862]
2019-06-13 21:51:43,076 INFO  client.GrpcClientProtocolClient (GrpcClientProtocolClient.java:onNext(254)) - client-9C97446E6A25->2573df58-4087-4dd0-8598-5abddcc696b9: receive RaftClientReply:client-9C97446E6A25->2573df58-4087-4dd0-8598-5abddcc696b9@group-CE3C0447B19C, cid=2320, SUCCESS, logIndex=3861, commits[2573df58-4087-4dd0-8598-5abddcc696b9:c3862]
2019-06-13 21:51:43,085 INFO  client.GrpcClientProtocolClient (GrpcClientProtocolClient.java:onNext(254)) - client-9C97446E6A25->2573df58-4087-4dd0-8598-5abddcc696b9: receive RaftClientReply:client-9C97446E6A25->2573df58-4087-4dd0-8598-5abddcc696b9@group-CE3C0447B19C, cid=2321, SUCCESS, logIndex=3863, commits[2573df58-4087-4dd0-8598-5abddcc696b9:c3863]
2019-06-13 21:51:43,085 INFO  storage.RaftLogWorker (RaftLogWorker.java:rollLogSegment(303)) - 2573df58-4087-4dd0-8598-5abddcc696b9-RaftLogWorker: Rolling segment log-3797_3865 to index:3865
2019-06-13 21:51:43,086 INFO  storage.RaftLogWorker (RaftLogWorker.java:execute(433)) - 2573df58-4087-4dd0-8598-5abddcc696b9-RaftLogWorker: Rolled log segment from /opt/src/hadoop-ozone/integration-test/target/test-dir/MiniOzoneClusterImpl-8578056e-9b7b-4e66-9e9f-ef53d5cd7c03/datanode-0/data/ratis/7f5c2536-ed89-4233-9ec0-ce3c0447b19c/current/log_inprogress_3797 to /opt/src/hadoop-ozone/integration-test/target/test-dir/MiniOzoneClusterImpl-8578056e-9b7b-4e66-9e9f-ef53d5cd7c03/datanode-0/data/ratis/7f5c2536-ed89-4233-9ec0-ce3c0447b19c/current/log_3797-3865
2019-06-13 21:51:43,091 INFO  client.GrpcClientProtocolClient (GrpcClientProtocolClient.java:onNext(254)) - client-9C97446E6A25->2573df58-4087-4dd0-8598-5abddcc696b9: receive RaftClientReply:client-9C97446E6A25->2573df58-4087-4dd0-8598-5abddcc696b9@group-CE3C0447B19C, cid=2322, SUCCESS, logIndex=3865, commits[2573df58-4087-4dd0-8598-5abddcc696b9:c3865]
2019-06-13 21:51:43,123 INFO  storage.RaftLogWorker (RaftLogWorker.java:execute(469)) - 2573df58-4087-4dd0-8598-5abddcc696b9-RaftLogWorker: created new log segment /opt/src/hadoop-ozone/integration-test/target/test-dir/MiniOzoneClusterImpl-8578056e-9b7b-4e66-9e9f-ef53d5cd7c03/datanode-0/data/ratis/7f5c2536-ed89-4233-9ec0-ce3c0447b19c/current/log_inprogress_3866
2019-06-13 21:51:43,124 INFO  client.GrpcClientProtocolClient (GrpcClientProtocolClient.java:onNext(254)) - client-9C97446E6A25->2573df58-4087-4dd0-8598-5abddcc696b9: receive RaftClientReply:client-9C97446E6A25->2573df58-4087-4dd0-8598-5abddcc696b9@group-CE3C0447B19C, cid=2323, SUCCESS, logIndex=3866, commits[2573df58-4087-4dd0-8598-5abddcc696b9:c3868]
2019-06-13 21:51:43,126 DEBUG block.SCMBlockDeletingService (SCMBlockDeletingService.java:call(138)) - Running DeletedBlockTransactionScanner
2019-06-13 21:51:43,126 DEBUG block.SCMBlockDeletingService (SCMBlockDeletingService.java:call(155)) - Scanned deleted blocks log and got 0 delTX to process.
2019-06-13 21:51:43,127 INFO  client.GrpcClientProtocolClient (GrpcClientProtocolClient.java:onNext(254)) - client-9C97446E6A25->2573df58-4087-4dd0-8598-5abddcc696b9: receive RaftClientReply:client-9C97446E6A25->2573df58-4087-4dd0-8598-5abddcc696b9@group-CE3C0447B19C, cid=2324, SUCCESS, logIndex=3867, commits[2573df58-4087-4dd0-8598-5abddcc696b9:c3868]
2019-06-13 21:51:43,132 INFO  client.GrpcClientProtocolClient (GrpcClientProtocolClient.java:onNext(254)) - client-9C97446E6A25->2573df58-4087-4dd0-8598-5abddcc696b9: receive RaftClientReply:client-9C97446E6A25->2573df58-4087-4dd0-8598-5abddcc696b9@group-CE3C0447B19C, cid=2325, SUCCESS, logIndex=3869, commits[2573df58-4087-4dd0-8598-5abddcc696b9:c3869]
2019-06-13 21:51:43,133 INFO  client.GrpcClientProtocolClient (GrpcClientProtocolClient.java:onNext(254)) - client-9C97446E6A25->2573df58-4087-4dd0-8598-5abddcc696b9: receive RaftClientReply:client-9C97446E6A25->2573df58-4087-4dd0-8598-5abddcc696b9@group-CE3C0447B19C, cid=2326, SUCCESS, logIndex=3871, commits[2573df58-4087-4dd0-8598-5abddcc696b9:c3871]
2019-06-13 21:51:43,135 INFO  client.GrpcClientProtocolClient (GrpcClientProtocolClient.java:onNext(254)) - client-9C97446E6A25->2573df58-4087-4dd0-8598-5abddcc696b9: receive RaftClientReply:client-9C97446E6A25->2573df58-4087-4dd0-8598-5abddcc696b9@group-CE3C0447B19C, cid=2327, SUCCESS, logIndex=3872, commits[2573df58-4087-4dd0-8598-5abddcc696b9:c3874]
2019-06-13 21:51:43,135 INFO  client.GrpcClientProtocolClient (GrpcClientProtocolClient.java:onNext(254)) - client-9C97446E6A25->2573df58-4087-4dd0-8598-5abddcc696b9: receive RaftClientReply:client-9C97446E6A25->2573df58-4087-4dd0-8598-5abddcc696b9@group-CE3C0447B19C, cid=2328, SUCCESS, logIndex=3873, commits[2573df58-4087-4dd0-8598-5abddcc696b9:c3874]
2019-06-13 21:51:43,144 INFO  client.GrpcClientProtocolClient (GrpcClientProtocolClient.java:onNext(254)) - client-9C97446E6A25->2573df58-4087-4dd0-8598-5abddcc696b9: receive RaftClientReply:client-9C97446E6A25->2573df58-4087-4dd0-8598-5abddcc696b9@group-CE3C0447B19C, cid=2329, SUCCESS, logIndex=3875, commits[2573df58-4087-4dd0-8598-5abddcc696b9:c3875]
2019-06-13 21:51:43,145 INFO  client.GrpcClientProtocolClient (GrpcClientProtocolClient.java:onNext(254)) - client-9C97446E6A25->2573df58-4087-4dd0-8598-5abddcc696b9: receive RaftClientReply:client-9C97446E6A25->2573df58-4087-4dd0-8598-5abddcc696b9@group-CE3C0447B19C, cid=2330, SUCCESS, logIndex=3877, commits[2573df58-4087-4dd0-8598-5abddcc696b9:c3877]
2019-06-13 21:51:43,146 INFO  client.GrpcClientProtocolClient (GrpcClientProtocolClient.java:onNext(254)) - client-9C97446E6A25->2573df58-4087-4dd0-8598-5abddcc696b9: receive RaftClientReply:client-9C97446E6A25->2573df58-4087-4dd0-8598-5abddcc696b9@group-CE3C0447B19C, cid=2331, SUCCESS, logIndex=3878, commits[2573df58-4087-4dd0-8598-5abddcc696b9:c3880]
2019-06-13 21:51:43,146 INFO  client.GrpcClientProtocolClient (GrpcClientProtocolClient.java:onNext(254)) - client-9C97446E6A25->2573df58-4087-4dd0-8598-5abddcc696b9: receive RaftClientReply:client-9C97446E6A25->2573df58-4087-4dd0-8598-5abddcc696b9@group-CE3C0447B19C, cid=2332, SUCCESS, logIndex=3879, commits[2573df58-4087-4dd0-8598-5abddcc696b9:c3880]
2019-06-13 21:51:43,151 INFO  client.GrpcClientProtocolClient (GrpcClientProtocolClient.java:onNext(254)) - client-9C97446E6A25->2573df58-4087-4dd0-8598-5abddcc696b9: receive RaftClientReply:client-9C97446E6A25->2573df58-4087-4dd0-8598-5abddcc696b9@group-CE3C0447B19C, cid=2333, SUCCESS, logIndex=3881, commits[2573df58-4087-4dd0-8598-5abddcc696b9:c3881]
2019-06-13 21:51:43,152 INFO  client.GrpcClientProtocolClient (GrpcClientProtocolClient.java:onNext(254)) - client-9C97446E6A25->2573df58-4087-4dd0-8598-5abddcc696b9: receive RaftClientReply:client-9C97446E6A25->2573df58-4087-4dd0-8598-5abddcc696b9@group-CE3C0447B19C, cid=2334, SUCCESS, logIndex=3883, commits[2573df58-4087-4dd0-8598-5abddcc696b9:c3883]
2019-06-13 21:51:43,153 INFO  client.GrpcClientProtocolClient (GrpcClientProtocolClient.java:onNext(254)) - client-9C97446E6A25->2573df58-4087-4dd0-8598-5abddcc696b9: receive RaftClientReply:client-9C97446E6A25->2573df58-4087-4dd0-8598-5abddcc696b9@group-CE3C0447B19C, cid=2335, SUCCESS, logIndex=3884, commits[2573df58-4087-4dd0-8598-5abddcc696b9:c3886]
2019-06-13 21:51:43,153 INFO  client.GrpcClientProtocolClient (GrpcClientProtocolClient.java:onNext(254)) - client-9C97446E6A25->2573df58-4087-4dd0-8598-5abddcc696b9: receive RaftClientReply:client-9C97446E6A25->2573df58-4087-4dd0-8598-5abddcc696b9@group-CE3C0447B19C, cid=2336, SUCCESS, logIndex=3885, commits[2573df58-4087-4dd0-8598-5abddcc696b9:c3886]
2019-06-13 21:51:43,162 INFO  client.GrpcClientProtocolClient (GrpcClientProtocolClient.java:onNext(254)) - client-9C97446E6A25->2573df58-4087-4dd0-8598-5abddcc696b9: receive RaftClientReply:client-9C97446E6A25->2573df58-4087-4dd0-8598-5abddcc696b9@group-CE3C0447B19C, cid=2337, SUCCESS, logIndex=3887, commits[2573df58-4087-4dd0-8598-5abddcc696b9:c3887]
2019-06-13 21:51:43,163 INFO  client.GrpcClientProtocolClient (GrpcClientProtocolClient.java:onNext(254)) - client-9C97446E6A25->2573df58-4087-4dd0-8598-5abddcc696b9: receive RaftClientReply:client-9C97446E6A25->2573df58-4087-4dd0-8598-5abddcc696b9@group-CE3C0447B19C, cid=2338, SUCCESS, logIndex=3889, commits[2573df58-4087-4dd0-8598-5abddcc696b9:c3889]
2019-06-13 21:51:43,166 INFO  client.GrpcClientProtocolClient (GrpcClientProtocolClient.java:onNext(254)) - client-9C97446E6A25->2573df58-4087-4dd0-8598-5abddcc696b9: receive RaftClientReply:client-9C97446E6A25->2573df58-4087-4dd0-8598-5abddcc696b9@group-CE3C0447B19C, cid=2339, SUCCESS, logIndex=3891, commits[2573df58-4087-4dd0-8598-5abddcc696b9:c3892]
2019-06-13 21:51:43,166 INFO  client.GrpcClientProtocolClient (GrpcClientProtocolClient.java:onNext(254)) - client-9C97446E6A25->2573df58-4087-4dd0-8598-5abddcc696b9: receive RaftClientReply:client-9C97446E6A25->2573df58-4087-4dd0-8598-5abddcc696b9@group-CE3C0447B19C, cid=2340, SUCCESS, logIndex=3892, commits[2573df58-4087-4dd0-8598-5abddcc696b9:c3892]
2019-06-13 21:51:43,171 INFO  client.GrpcClientProtocolClient (GrpcClientProtocolClient.java:onNext(254)) - client-9C97446E6A25->2573df58-4087-4dd0-8598-5abddcc696b9: receive RaftClientReply:client-9C97446E6A25->2573df58-4087-4dd0-8598-5abddcc696b9@group-CE3C0447B19C, cid=2341, SUCCESS, logIndex=3894, commits[2573df58-4087-4dd0-8598-5abddcc696b9:c3894]
2019-06-13 21:51:43,172 INFO  client.GrpcClientProtocolClient (GrpcClientProtocolClient.java:onNext(254)) - client-9C97446E6A25->2573df58-4087-4dd0-8598-5abddcc696b9: receive RaftClientReply:client-9C97446E6A25->2573df58-4087-4dd0-8598-5abddcc696b9@group-CE3C0447B19C, cid=2342, SUCCESS, logIndex=3896, commits[2573df58-4087-4dd0-8598-5abddcc696b9:c3896]
2019-06-13 21:51:43,226 DEBUG block.SCMBlockDeletingService (SCMBlockDeletingService.java:call(138)) - Running DeletedBlockTransactionScanner
2019-06-13 21:51:43,226 DEBUG block.SCMBlockDeletingService (SCMBlockDeletingService.java:call(155)) - Scanned deleted blocks log and got 0 delTX to process.
2019-06-13 21:51:43,240 INFO  client.GrpcClientProtocolClient (GrpcClientProtocolClient.java:onNext(254)) - client-9C97446E6A25->2573df58-4087-4dd0-8598-5abddcc696b9: receive RaftClientReply:client-9C97446E6A25->2573df58-4087-4dd0-8598-5abddcc696b9@group-CE3C0447B19C, cid=2343, SUCCESS, logIndex=3898, commits[2573df58-4087-4dd0-8598-5abddcc696b9:c3898]
2019-06-13 21:51:43,241 INFO  client.GrpcClientProtocolClient (GrpcClientProtocolClient.java:onNext(254)) - client-9C97446E6A25->2573df58-4087-4dd0-8598-5abddcc696b9: receive RaftClientReply:client-9C97446E6A25->2573df58-4087-4dd0-8598-5abddcc696b9@group-CE3C0447B19C, cid=2344, SUCCESS, logIndex=3900, commits[2573df58-4087-4dd0-8598-5abddcc696b9:c3900]
2019-06-13 21:51:43,251 INFO  client.GrpcClientProtocolClient (GrpcClientProtocolClient.java:onNext(254)) - client-9C97446E6A25->2573df58-4087-4dd0-8598-5abddcc696b9: receive RaftClientReply:client-9C97446E6A25->2573df58-4087-4dd0-8598-5abddcc696b9@group-CE3C0447B19C, cid=2345, SUCCESS, logIndex=3902, commits[2573df58-4087-4dd0-8598-5abddcc696b9:c3902]
2019-06-13 21:51:43,252 INFO  client.GrpcClientProtocolClient (GrpcClientProtocolClient.java:onNext(254)) - client-9C97446E6A25->2573df58-4087-4dd0-8598-5abddcc696b9: receive RaftClientReply:client-9C97446E6A25->2573df58-4087-4dd0-8598-5abddcc696b9@group-CE3C0447B19C, cid=2346, SUCCESS, logIndex=3904, commits[2573df58-4087-4dd0-8598-5abddcc696b9:c3904]
2019-06-13 21:51:43,253 INFO  client.GrpcClientProtocolClient (GrpcClientProtocolClient.java:onNext(254)) - client-9C97446E6A25->2573df58-4087-4dd0-8598-5abddcc696b9: receive RaftClientReply:client-9C97446E6A25->2573df58-4087-4dd0-8598-5abddcc696b9@group-CE3C0447B19C, cid=2347, SUCCESS, logIndex=3905, commits[2573df58-4087-4dd0-8598-5abddcc696b9:c3907]
2019-06-13 21:51:43,253 INFO  client.GrpcClientProtocolClient (GrpcClientProtocolClient.java:onNext(254)) - client-9C97446E6A25->2573df58-4087-4dd0-8598-5abddcc696b9: receive RaftClientReply:client-9C97446E6A25->2573df58-4087-4dd0-8598-5abddcc696b9@group-CE3C0447B19C, cid=2348, SUCCESS, logIndex=3906, commits[2573df58-4087-4dd0-8598-5abddcc696b9:c3907]
2019-06-13 21:51:43,258 INFO  client.GrpcClientProtocolClient (GrpcClientProtocolClient.java:onNext(254)) - client-9C97446E6A25->2573df58-4087-4dd0-8598-5abddcc696b9: receive RaftClientReply:client-9C97446E6A25->2573df58-4087-4dd0-8598-5abddcc696b9@group-CE3C0447B19C, cid=2349, SUCCESS, logIndex=3908, commits[2573df58-4087-4dd0-8598-5abddcc696b9:c3908]
2019-06-13 21:51:43,259 INFO  client.GrpcClientProtocolClient (GrpcClientProtocolClient.java:onNext(254)) - client-9C97446E6A25->2573df58-4087-4dd0-8598-5abddcc696b9: receive RaftClientReply:client-9C97446E6A25->2573df58-4087-4dd0-8598-5abddcc696b9@group-CE3C0447B19C, cid=2350, SUCCESS, logIndex=3910, commits[2573df58-4087-4dd0-8598-5abddcc696b9:c3910]
2019-06-13 21:51:43,261 INFO  client.GrpcClientProtocolClient (GrpcClientProtocolClient.java:onNext(254)) - client-9C97446E6A25->2573df58-4087-4dd0-8598-5abddcc696b9: receive RaftClientReply:client-9C97446E6A25->2573df58-4087-4dd0-8598-5abddcc696b9@group-CE3C0447B19C, cid=2351, SUCCESS, logIndex=3911, commits[2573df58-4087-4dd0-8598-5abddcc696b9:c3913]
2019-06-13 21:51:43,261 INFO  client.GrpcClientProtocolClient (GrpcClientProtocolClient.java:onNext(254)) - client-9C97446E6A25->2573df58-4087-4dd0-8598-5abddcc696b9: receive RaftClientReply:client-9C97446E6A25->2573df58-4087-4dd0-8598-5abddcc696b9@group-CE3C0447B19C, cid=2352, SUCCESS, logIndex=3912, commits[2573df58-4087-4dd0-8598-5abddcc696b9:c3913]
2019-06-13 21:51:43,270 INFO  client.GrpcClientProtocolClient (GrpcClientProtocolClient.java:onNext(254)) - client-9C97446E6A25->2573df58-4087-4dd0-8598-5abddcc696b9: receive RaftClientReply:client-9C97446E6A25->2573df58-4087-4dd0-8598-5abddcc696b9@group-CE3C0447B19C, cid=2353, SUCCESS, logIndex=3914, commits[2573df58-4087-4dd0-8598-5abddcc696b9:c3914]
2019-06-13 21:51:43,271 INFO  client.GrpcClientProtocolClient (GrpcClientProtocolClient.java:onNext(254)) - client-9C97446E6A25->2573df58-4087-4dd0-8598-5abddcc696b9: receive RaftClientReply:client-9C97446E6A25->2573df58-4087-4dd0-8598-5abddcc696b9@group-CE3C0447B19C, cid=2354, SUCCESS, logIndex=3916, commits[2573df58-4087-4dd0-8598-5abddcc696b9:c3916]
2019-06-13 21:51:43,273 INFO  client.GrpcClientProtocolClient (GrpcClientProtocolClient.java:onNext(254)) - client-9C97446E6A25->2573df58-4087-4dd0-8598-5abddcc696b9: receive RaftClientReply:client-9C97446E6A25->2573df58-4087-4dd0-8598-5abddcc696b9@group-CE3C0447B19C, cid=2355, SUCCESS, logIndex=3917, commits[2573df58-4087-4dd0-8598-5abddcc696b9:c3919]
2019-06-13 21:51:43,273 INFO  client.GrpcClientProtocolClient (GrpcClientProtocolClient.java:onNext(254)) - client-9C97446E6A25->2573df58-4087-4dd0-8598-5abddcc696b9: receive RaftClientReply:client-9C97446E6A25->2573df58-4087-4dd0-8598-5abddcc696b9@group-CE3C0447B19C, cid=2356, SUCCESS, logIndex=3918, commits[2573df58-4087-4dd0-8598-5abddcc696b9:c3919]
2019-06-13 21:51:43,278 INFO  client.GrpcClientProtocolClient (GrpcClientProtocolClient.java:onNext(254)) - client-9C97446E6A25->2573df58-4087-4dd0-8598-5abddcc696b9: receive RaftClientReply:client-9C97446E6A25->2573df58-4087-4dd0-8598-5abddcc696b9@group-CE3C0447B19C, cid=2357, SUCCESS, logIndex=3920, commits[2573df58-4087-4dd0-8598-5abddcc696b9:c3920]
2019-06-13 21:51:43,279 INFO  client.GrpcClientProtocolClient (GrpcClientProtocolClient.java:onNext(254)) - client-9C97446E6A25->2573df58-4087-4dd0-8598-5abddcc696b9: receive RaftClientReply:client-9C97446E6A25->2573df58-4087-4dd0-8598-5abddcc696b9@group-CE3C0447B19C, cid=2358, SUCCESS, logIndex=3922, commits[2573df58-4087-4dd0-8598-5abddcc696b9:c3922]
2019-06-13 21:51:43,280 INFO  client.GrpcClientProtocolClient (GrpcClientProtocolClient.java:onNext(254)) - client-9C97446E6A25->2573df58-4087-4dd0-8598-5abddcc696b9: receive RaftClientReply:client-9C97446E6A25->2573df58-4087-4dd0-8598-5abddcc696b9@group-CE3C0447B19C, cid=2359, SUCCESS, logIndex=3923, commits[2573df58-4087-4dd0-8598-5abddcc696b9:c3925]
2019-06-13 21:51:43,280 INFO  client.GrpcClientProtocolClient (GrpcClientProtocolClient.java:onNext(254)) - client-9C97446E6A25->2573df58-4087-4dd0-8598-5abddcc696b9: receive RaftClientReply:client-9C97446E6A25->2573df58-4087-4dd0-8598-5abddcc696b9@group-CE3C0447B19C, cid=2360, SUCCESS, logIndex=3924, commits[2573df58-4087-4dd0-8598-5abddcc696b9:c3925]
2019-06-13 21:51:43,289 INFO  client.GrpcClientProtocolClient (GrpcClientProtocolClient.java:onNext(254)) - client-9C97446E6A25->2573df58-4087-4dd0-8598-5abddcc696b9: receive RaftClientReply:client-9C97446E6A25->2573df58-4087-4dd0-8598-5abddcc696b9@group-CE3C0447B19C, cid=2361, SUCCESS, logIndex=3926, commits[2573df58-4087-4dd0-8598-5abddcc696b9:c3926]
2019-06-13 21:51:43,290 INFO  client.GrpcClientProtocolClient (GrpcClientProtocolClient.java:onNext(254)) - client-9C97446E6A25->2573df58-4087-4dd0-8598-5abddcc696b9: receive RaftClientReply:client-9C97446E6A25->2573df58-4087-4dd0-8598-5abddcc696b9@group-CE3C0447B19C, cid=2362, SUCCESS, logIndex=3928, commits[2573df58-4087-4dd0-8598-5abddcc696b9:c3928]
2019-06-13 21:51:43,291 INFO  client.GrpcClientProtocolClient (GrpcClientProtocolClient.java:onNext(254)) - client-9C97446E6A25->2573df58-4087-4dd0-8598-5abddcc696b9: receive RaftClientReply:client-9C97446E6A25->2573df58-4087-4dd0-8598-5abddcc696b9@group-CE3C0447B19C, cid=2363, SUCCESS, logIndex=3929, commits[2573df58-4087-4dd0-8598-5abddcc696b9:c3931]
2019-06-13 21:51:43,291 INFO  client.GrpcClientProtocolClient (GrpcClientProtocolClient.java:onNext(254)) - client-9C97446E6A25->2573df58-4087-4dd0-8598-5abddcc696b9: receive RaftClientReply:client-9C97446E6A25->2573df58-4087-4dd0-8598-5abddcc696b9@group-CE3C0447B19C, cid=2364, SUCCESS, logIndex=3930, commits[2573df58-4087-4dd0-8598-5abddcc696b9:c3931]
2019-06-13 21:51:43,296 INFO  storage.RaftLogWorker (RaftLogWorker.java:rollLogSegment(303)) - 2573df58-4087-4dd0-8598-5abddcc696b9-RaftLogWorker: Rolling segment log-3866_3933 to index:3933
2019-06-13 21:51:43,296 INFO  client.GrpcClientProtocolClient (GrpcClientProtocolClient.java:onNext(254)) - client-9C97446E6A25->2573df58-4087-4dd0-8598-5abddcc696b9: receive RaftClientReply:client-9C97446E6A25->2573df58-4087-4dd0-8598-5abddcc696b9@group-CE3C0447B19C, cid=2365, SUCCESS, logIndex=3932, commits[2573df58-4087-4dd0-8598-5abddcc696b9:c3932]
2019-06-13 21:51:43,297 INFO  storage.RaftLogWorker (RaftLogWorker.java:execute(433)) - 2573df58-4087-4dd0-8598-5abddcc696b9-RaftLogWorker: Rolled log segment from /opt/src/hadoop-ozone/integration-test/target/test-dir/MiniOzoneClusterImpl-8578056e-9b7b-4e66-9e9f-ef53d5cd7c03/datanode-0/data/ratis/7f5c2536-ed89-4233-9ec0-ce3c0447b19c/current/log_inprogress_3866 to /opt/src/hadoop-ozone/integration-test/target/test-dir/MiniOzoneClusterImpl-8578056e-9b7b-4e66-9e9f-ef53d5cd7c03/datanode-0/data/ratis/7f5c2536-ed89-4233-9ec0-ce3c0447b19c/current/log_3866-3933
2019-06-13 21:51:43,326 DEBUG block.SCMBlockDeletingService (SCMBlockDeletingService.java:call(138)) - Running DeletedBlockTransactionScanner
2019-06-13 21:51:43,327 DEBUG block.SCMBlockDeletingService (SCMBlockDeletingService.java:call(155)) - Scanned deleted blocks log and got 0 delTX to process.
2019-06-13 21:51:43,332 INFO  storage.RaftLogWorker (RaftLogWorker.java:execute(469)) - 2573df58-4087-4dd0-8598-5abddcc696b9-RaftLogWorker: created new log segment /opt/src/hadoop-ozone/integration-test/target/test-dir/MiniOzoneClusterImpl-8578056e-9b7b-4e66-9e9f-ef53d5cd7c03/datanode-0/data/ratis/7f5c2536-ed89-4233-9ec0-ce3c0447b19c/current/log_inprogress_3934
2019-06-13 21:51:43,334 INFO  client.GrpcClientProtocolClient (GrpcClientProtocolClient.java:onNext(254)) - client-9C97446E6A25->2573df58-4087-4dd0-8598-5abddcc696b9: receive RaftClientReply:client-9C97446E6A25->2573df58-4087-4dd0-8598-5abddcc696b9@group-CE3C0447B19C, cid=2366, SUCCESS, logIndex=3934, commits[2573df58-4087-4dd0-8598-5abddcc696b9:c3934]
2019-06-13 21:51:43,336 INFO  client.GrpcClientProtocolClient (GrpcClientProtocolClient.java:onNext(254)) - client-9C97446E6A25->2573df58-4087-4dd0-8598-5abddcc696b9: receive RaftClientReply:client-9C97446E6A25->2573df58-4087-4dd0-8598-5abddcc696b9@group-CE3C0447B19C, cid=2367, SUCCESS, logIndex=3936, commits[2573df58-4087-4dd0-8598-5abddcc696b9:c3937]
2019-06-13 21:51:43,336 INFO  client.GrpcClientProtocolClient (GrpcClientProtocolClient.java:onNext(254)) - client-9C97446E6A25->2573df58-4087-4dd0-8598-5abddcc696b9: receive RaftClientReply:client-9C97446E6A25->2573df58-4087-4dd0-8598-5abddcc696b9@group-CE3C0447B19C, cid=2368, SUCCESS, logIndex=3937, commits[2573df58-4087-4dd0-8598-5abddcc696b9:c3937]
2019-06-13 21:51:43,351 INFO  client.GrpcClientProtocolClient (GrpcClientProtocolClient.java:onNext(254)) - client-9C97446E6A25->2573df58-4087-4dd0-8598-5abddcc696b9: receive RaftClientReply:client-9C97446E6A25->2573df58-4087-4dd0-8598-5abddcc696b9@group-CE3C0447B19C, cid=2369, SUCCESS, logIndex=3939, commits[2573df58-4087-4dd0-8598-5abddcc696b9:c3939]
2019-06-13 21:51:43,351 INFO  client.GrpcClientProtocolClient (GrpcClientProtocolClient.java:onNext(254)) - client-9C97446E6A25->2573df58-4087-4dd0-8598-5abddcc696b9: receive RaftClientReply:client-9C97446E6A25->2573df58-4087-4dd0-8598-5abddcc696b9@group-CE3C0447B19C, cid=2370, SUCCESS, logIndex=3941, commits[2573df58-4087-4dd0-8598-5abddcc696b9:c3941]
2019-06-13 21:51:43,351 INFO  client.GrpcClientProtocolClient (GrpcClientProtocolClient.java:onNext(254)) - client-9C97446E6A25->2573df58-4087-4dd0-8598-5abddcc696b9: receive RaftClientReply:client-9C97446E6A25->2573df58-4087-4dd0-8598-5abddcc696b9@group-CE3C0447B19C, cid=2371, SUCCESS, logIndex=3942, commits[2573df58-4087-4dd0-8598-5abddcc696b9:c3944]
2019-06-13 21:51:43,351 INFO  client.GrpcClientProtocolClient (GrpcClientProtocolClient.java:onNext(254)) - client-9C97446E6A25->2573df58-4087-4dd0-8598-5abddcc696b9: receive RaftClientReply:client-9C97446E6A25->2573df58-4087-4dd0-8598-5abddcc696b9@group-CE3C0447B19C, cid=2372, SUCCESS, logIndex=3943, commits[2573df58-4087-4dd0-8598-5abddcc696b9:c3944]
2019-06-13 21:51:43,357 INFO  client.GrpcClientProtocolClient (GrpcClientProtocolClient.java:onNext(254)) - client-9C97446E6A25->2573df58-4087-4dd0-8598-5abddcc696b9: receive RaftClientReply:client-9C97446E6A25->2573df58-4087-4dd0-8598-5abddcc696b9@group-CE3C0447B19C, cid=2373, SUCCESS, logIndex=3945, commits[2573df58-4087-4dd0-8598-5abddcc696b9:c3945]
2019-06-13 21:51:43,359 INFO  client.GrpcClientProtocolClient (GrpcClientProtocolClient.java:onNext(254)) - client-9C97446E6A25->2573df58-4087-4dd0-8598-5abddcc696b9: receive RaftClientReply:client-9C97446E6A25->2573df58-4087-4dd0-8598-5abddcc696b9@group-CE3C0447B19C, cid=2374, SUCCESS, logIndex=3947, commits[2573df58-4087-4dd0-8598-5abddcc696b9:c3947]
2019-06-13 21:51:43,359 INFO  client.GrpcClientProtocolClient (GrpcClientProtocolClient.java:onNext(254)) - client-9C97446E6A25->2573df58-4087-4dd0-8598-5abddcc696b9: receive RaftClientReply:client-9C97446E6A25->2573df58-4087-4dd0-8598-5abddcc696b9@group-CE3C0447B19C, cid=2375, SUCCESS, logIndex=3948, commits[2573df58-4087-4dd0-8598-5abddcc696b9:c3950]
2019-06-13 21:51:43,359 INFO  client.GrpcClientProtocolClient (GrpcClientProtocolClient.java:onNext(254)) - client-9C97446E6A25->2573df58-4087-4dd0-8598-5abddcc696b9: receive RaftClientReply:client-9C97446E6A25->2573df58-4087-4dd0-8598-5abddcc696b9@group-CE3C0447B19C, cid=2376, SUCCESS, logIndex=3949, commits[2573df58-4087-4dd0-8598-5abddcc696b9:c3950]
2019-06-13 21:51:43,368 INFO  client.GrpcClientProtocolClient (GrpcClientProtocolClient.java:onNext(254)) - client-9C97446E6A25->2573df58-4087-4dd0-8598-5abddcc696b9: receive RaftClientReply:client-9C97446E6A25->2573df58-4087-4dd0-8598-5abddcc696b9@group-CE3C0447B19C, cid=2377, SUCCESS, logIndex=3951, commits[2573df58-4087-4dd0-8598-5abddcc696b9:c3951]
2019-06-13 21:51:43,370 INFO  client.GrpcClientProtocolClient (GrpcClientProtocolClient.java:onNext(254)) - client-9C97446E6A25->2573df58-4087-4dd0-8598-5abddcc696b9: receive RaftClientReply:client-9C97446E6A25->2573df58-4087-4dd0-8598-5abddcc696b9@group-CE3C0447B19C, cid=2378, SUCCESS, logIndex=3953, commits[2573df58-4087-4dd0-8598-5abddcc696b9:c3955]
2019-06-13 21:51:43,371 INFO  client.GrpcClientProtocolClient (GrpcClientProtocolClient.java:onNext(254)) - client-9C97446E6A25->2573df58-4087-4dd0-8598-5abddcc696b9: receive RaftClientReply:client-9C97446E6A25->2573df58-4087-4dd0-8598-5abddcc696b9@group-CE3C0447B19C, cid=2379, SUCCESS, logIndex=3954, commits[2573df58-4087-4dd0-8598-5abddcc696b9:c3955]
2019-06-13 21:51:43,371 INFO  client.GrpcClientProtocolClient (GrpcClientProtocolClient.java:onNext(254)) - client-9C97446E6A25->2573df58-4087-4dd0-8598-5abddcc696b9: receive RaftClientReply:client-9C97446E6A25->2573df58-4087-4dd0-8598-5abddcc696b9@group-CE3C0447B19C, cid=2380, SUCCESS, logIndex=3955, commits[2573df58-4087-4dd0-8598-5abddcc696b9:c3955]
2019-06-13 21:51:43,376 INFO  client.GrpcClientProtocolClient (GrpcClientProtocolClient.java:onNext(254)) - client-9C97446E6A25->2573df58-4087-4dd0-8598-5abddcc696b9: receive RaftClientReply:client-9C97446E6A25->2573df58-4087-4dd0-8598-5abddcc696b9@group-CE3C0447B19C, cid=2381, SUCCESS, logIndex=3957, commits[2573df58-4087-4dd0-8598-5abddcc696b9:c3957]
2019-06-13 21:51:43,377 INFO  client.GrpcClientProtocolClient (GrpcClientProtocolClient.java:onNext(254)) - client-9C97446E6A25->2573df58-4087-4dd0-8598-5abddcc696b9: receive RaftClientReply:client-9C97446E6A25->2573df58-4087-4dd0-8598-5abddcc696b9@group-CE3C0447B19C, cid=2382, SUCCESS, logIndex=3959, commits[2573df58-4087-4dd0-8598-5abddcc696b9:c3959]
2019-06-13 21:51:43,378 INFO  client.GrpcClientProtocolClient (GrpcClientProtocolClient.java:onNext(254)) - client-9C97446E6A25->2573df58-4087-4dd0-8598-5abddcc696b9: receive RaftClientReply:client-9C97446E6A25->2573df58-4087-4dd0-8598-5abddcc696b9@group-CE3C0447B19C, cid=2383, SUCCESS, logIndex=3960, commits[2573df58-4087-4dd0-8598-5abddcc696b9:c3962]
2019-06-13 21:51:43,378 INFO  client.GrpcClientProtocolClient (GrpcClientProtocolClient.java:onNext(254)) - client-9C97446E6A25->2573df58-4087-4dd0-8598-5abddcc696b9: receive RaftClientReply:client-9C97446E6A25->2573df58-4087-4dd0-8598-5abddcc696b9@group-CE3C0447B19C, cid=2384, SUCCESS, logIndex=3961, commits[2573df58-4087-4dd0-8598-5abddcc696b9:c3962]
2019-06-13 21:51:43,426 INFO  client.GrpcClientProtocolClient (GrpcClientProtocolClient.java:onNext(254)) - client-9C97446E6A25->2573df58-4087-4dd0-8598-5abddcc696b9: receive RaftClientReply:client-9C97446E6A25->2573df58-4087-4dd0-8598-5abddcc696b9@group-CE3C0447B19C, cid=2385, SUCCESS, logIndex=3963, commits[2573df58-4087-4dd0-8598-5abddcc696b9:c3963]
2019-06-13 21:51:43,427 DEBUG block.SCMBlockDeletingService (SCMBlockDeletingService.java:call(138)) - Running DeletedBlockTransactionScanner
2019-06-13 21:51:43,427 DEBUG block.SCMBlockDeletingService (SCMBlockDeletingService.java:call(155)) - Scanned deleted blocks log and got 0 delTX to process.
2019-06-13 21:51:43,427 INFO  client.GrpcClientProtocolClient (GrpcClientProtocolClient.java:onNext(254)) - client-9C97446E6A25->2573df58-4087-4dd0-8598-5abddcc696b9: receive RaftClientReply:client-9C97446E6A25->2573df58-4087-4dd0-8598-5abddcc696b9@group-CE3C0447B19C, cid=2386, SUCCESS, logIndex=3965, commits[2573df58-4087-4dd0-8598-5abddcc696b9:c3965]
2019-06-13 21:51:43,493 INFO  client.GrpcClientProtocolClient (GrpcClientProtocolClient.java:onNext(254)) - client-9C97446E6A25->2573df58-4087-4dd0-8598-5abddcc696b9: receive RaftClientReply:client-9C97446E6A25->2573df58-4087-4dd0-8598-5abddcc696b9@group-CE3C0447B19C, cid=2387, SUCCESS, logIndex=3967, commits[2573df58-4087-4dd0-8598-5abddcc696b9:c3967]
2019-06-13 21:51:43,494 INFO  client.GrpcClientProtocolClient (GrpcClientProtocolClient.java:onNext(254)) - client-9C97446E6A25->2573df58-4087-4dd0-8598-5abddcc696b9: receive RaftClientReply:client-9C97446E6A25->2573df58-4087-4dd0-8598-5abddcc696b9@group-CE3C0447B19C, cid=2388, SUCCESS, logIndex=3969, commits[2573df58-4087-4dd0-8598-5abddcc696b9:c3969]
2019-06-13 21:51:43,500 INFO  client.GrpcClientProtocolClient (GrpcClientProtocolClient.java:onNext(254)) - client-9C97446E6A25->2573df58-4087-4dd0-8598-5abddcc696b9: receive RaftClientReply:client-9C97446E6A25->2573df58-4087-4dd0-8598-5abddcc696b9@group-CE3C0447B19C, cid=2389, SUCCESS, logIndex=3971, commits[2573df58-4087-4dd0-8598-5abddcc696b9:c3971]
2019-06-13 21:51:43,501 INFO  client.GrpcClientProtocolClient (GrpcClientProtocolClient.java:onNext(254)) - client-9C97446E6A25->2573df58-4087-4dd0-8598-5abddcc696b9: receive RaftClientReply:client-9C97446E6A25->2573df58-4087-4dd0-8598-5abddcc696b9@group-CE3C0447B19C, cid=2390, SUCCESS, logIndex=3973, commits[2573df58-4087-4dd0-8598-5abddcc696b9:c3973]
2019-06-13 21:51:43,502 INFO  client.GrpcClientProtocolClient (GrpcClientProtocolClient.java:onNext(254)) - client-9C97446E6A25->2573df58-4087-4dd0-8598-5abddcc696b9: receive RaftClientReply:client-9C97446E6A25->2573df58-4087-4dd0-8598-5abddcc696b9@group-CE3C0447B19C, cid=2391, SUCCESS, logIndex=3974, commits[2573df58-4087-4dd0-8598-5abddcc696b9:c3976]
2019-06-13 21:51:43,503 INFO  client.GrpcClientProtocolClient (GrpcClientProtocolClient.java:onNext(254)) - client-9C97446E6A25->2573df58-4087-4dd0-8598-5abddcc696b9: receive RaftClientReply:client-9C97446E6A25->2573df58-4087-4dd0-8598-5abddcc696b9@group-CE3C0447B19C, cid=2392, SUCCESS, logIndex=3975, commits[2573df58-4087-4dd0-8598-5abddcc696b9:c3976]
2019-06-13 21:51:43,512 INFO  client.GrpcClientProtocolClient (GrpcClientProtocolClient.java:onNext(254)) - client-9C97446E6A25->2573df58-4087-4dd0-8598-5abddcc696b9: receive RaftClientReply:client-9C97446E6A25->2573df58-4087-4dd0-8598-5abddcc696b9@group-CE3C0447B19C, cid=2393, SUCCESS, logIndex=3977, commits[2573df58-4087-4dd0-8598-5abddcc696b9:c3977]
2019-06-13 21:51:43,515 INFO  client.GrpcClientProtocolClient (GrpcClientProtocolClient.java:onNext(254)) - client-9C97446E6A25->2573df58-4087-4dd0-8598-5abddcc696b9: receive RaftClientReply:client-9C97446E6A25->2573df58-4087-4dd0-8598-5abddcc696b9@group-CE3C0447B19C, cid=2394, SUCCESS, logIndex=3979, commits[2573df58-4087-4dd0-8598-5abddcc696b9:c3979]
2019-06-13 21:51:43,519 INFO  client.GrpcClientProtocolClient (GrpcClientProtocolClient.java:onNext(254)) - client-9C97446E6A25->2573df58-4087-4dd0-8598-5abddcc696b9: receive RaftClientReply:client-9C97446E6A25->2573df58-4087-4dd0-8598-5abddcc696b9@group-CE3C0447B19C, cid=2395, SUCCESS, logIndex=3980, commits[2573df58-4087-4dd0-8598-5abddcc696b9:c3982]
2019-06-13 21:51:43,519 INFO  client.GrpcClientProtocolClient (GrpcClientProtocolClient.java:onNext(254)) - client-9C97446E6A25->2573df58-4087-4dd0-8598-5abddcc696b9: receive RaftClientReply:client-9C97446E6A25->2573df58-4087-4dd0-8598-5abddcc696b9@group-CE3C0447B19C, cid=2396, SUCCESS, logIndex=3981, commits[2573df58-4087-4dd0-8598-5abddcc696b9:c3982]
2019-06-13 21:51:43,525 INFO  client.GrpcClientProtocolClient (GrpcClientProtocolClient.java:onNext(254)) - client-9C97446E6A25->2573df58-4087-4dd0-8598-5abddcc696b9: receive RaftClientReply:client-9C97446E6A25->2573df58-4087-4dd0-8598-5abddcc696b9@group-CE3C0447B19C, cid=2397, SUCCESS, logIndex=3983, commits[2573df58-4087-4dd0-8598-5abddcc696b9:c3983]
2019-06-13 21:51:43,526 INFO  client.GrpcClientProtocolClient (GrpcClientProtocolClient.java:onNext(254)) - client-9C97446E6A25->2573df58-4087-4dd0-8598-5abddcc696b9: receive RaftClientReply:client-9C97446E6A25->2573df58-4087-4dd0-8598-5abddcc696b9@group-CE3C0447B19C, cid=2398, SUCCESS, logIndex=3985, commits[2573df58-4087-4dd0-8598-5abddcc696b9:c3985]
2019-06-13 21:51:43,527 INFO  client.GrpcClientProtocolClient (GrpcClientProtocolClient.java:onNext(254)) - client-9C97446E6A25->2573df58-4087-4dd0-8598-5abddcc696b9: receive RaftClientReply:client-9C97446E6A25->2573df58-4087-4dd0-8598-5abddcc696b9@group-CE3C0447B19C, cid=2399, SUCCESS, logIndex=3986, commits[2573df58-4087-4dd0-8598-5abddcc696b9:c3988]
2019-06-13 21:51:43,527 DEBUG block.SCMBlockDeletingService (SCMBlockDeletingService.java:call(138)) - Running DeletedBlockTransactionScanner
2019-06-13 21:51:43,527 INFO  client.GrpcClientProtocolClient (GrpcClientProtocolClient.java:onNext(254)) - client-9C97446E6A25->2573df58-4087-4dd0-8598-5abddcc696b9: receive RaftClientReply:client-9C97446E6A25->2573df58-4087-4dd0-8598-5abddcc696b9@group-CE3C0447B19C, cid=2400, SUCCESS, logIndex=3987, commits[2573df58-4087-4dd0-8598-5abddcc696b9:c3988]
2019-06-13 21:51:43,528 DEBUG block.SCMBlockDeletingService (SCMBlockDeletingService.java:call(155)) - Scanned deleted blocks log and got 0 delTX to process.
2019-06-13 21:51:43,543 INFO  client.GrpcClientProtocolClient (GrpcClientProtocolClient.java:onNext(254)) - client-9C97446E6A25->2573df58-4087-4dd0-8598-5abddcc696b9: receive RaftClientReply:client-9C97446E6A25->2573df58-4087-4dd0-8598-5abddcc696b9@group-CE3C0447B19C, cid=2401, SUCCESS, logIndex=3989, commits[2573df58-4087-4dd0-8598-5abddcc696b9:c3989]
2019-06-13 21:51:43,545 INFO  client.GrpcClientProtocolClient (GrpcClientProtocolClient.java:onNext(254)) - client-9C97446E6A25->2573df58-4087-4dd0-8598-5abddcc696b9: receive RaftClientReply:client-9C97446E6A25->2573df58-4087-4dd0-8598-5abddcc696b9@group-CE3C0447B19C, cid=2402, SUCCESS, logIndex=3991, commits[2573df58-4087-4dd0-8598-5abddcc696b9:c3991]
2019-06-13 21:51:43,547 INFO  client.GrpcClientProtocolClient (GrpcClientProtocolClient.java:onNext(254)) - client-9C97446E6A25->2573df58-4087-4dd0-8598-5abddcc696b9: receive RaftClientReply:client-9C97446E6A25->2573df58-4087-4dd0-8598-5abddcc696b9@group-CE3C0447B19C, cid=2403, SUCCESS, logIndex=3993, commits[2573df58-4087-4dd0-8598-5abddcc696b9:c3994]
2019-06-13 21:51:43,547 INFO  client.GrpcClientProtocolClient (GrpcClientProtocolClient.java:onNext(254)) - client-9C97446E6A25->2573df58-4087-4dd0-8598-5abddcc696b9: receive RaftClientReply:client-9C97446E6A25->2573df58-4087-4dd0-8598-5abddcc696b9@group-CE3C0447B19C, cid=2404, SUCCESS, logIndex=3994, commits[2573df58-4087-4dd0-8598-5abddcc696b9:c3994]
2019-06-13 21:51:43,552 INFO  client.GrpcClientProtocolClient (GrpcClientProtocolClient.java:onNext(254)) - client-9C97446E6A25->2573df58-4087-4dd0-8598-5abddcc696b9: receive RaftClientReply:client-9C97446E6A25->2573df58-4087-4dd0-8598-5abddcc696b9@group-CE3C0447B19C, cid=2405, SUCCESS, logIndex=3996, commits[2573df58-4087-4dd0-8598-5abddcc696b9:c3996]
2019-06-13 21:51:43,553 INFO  client.GrpcClientProtocolClient (GrpcClientProtocolClient.java:onNext(254)) - client-9C97446E6A25->2573df58-4087-4dd0-8598-5abddcc696b9: receive RaftClientReply:client-9C97446E6A25->2573df58-4087-4dd0-8598-5abddcc696b9@group-CE3C0447B19C, cid=2406, SUCCESS, logIndex=3998, commits[2573df58-4087-4dd0-8598-5abddcc696b9:c3998]
2019-06-13 21:51:43,555 INFO  client.GrpcClientProtocolClient (GrpcClientProtocolClient.java:onNext(254)) - client-9C97446E6A25->2573df58-4087-4dd0-8598-5abddcc696b9: receive RaftClientReply:client-9C97446E6A25->2573df58-4087-4dd0-8598-5abddcc696b9@group-CE3C0447B19C, cid=2407, SUCCESS, logIndex=3999, commits[2573df58-4087-4dd0-8598-5abddcc696b9:c4001]
2019-06-13 21:51:43,555 INFO  client.GrpcClientProtocolClient (GrpcClientProtocolClient.java:onNext(254)) - client-9C97446E6A25->2573df58-4087-4dd0-8598-5abddcc696b9: receive RaftClientReply:client-9C97446E6A25->2573df58-4087-4dd0-8598-5abddcc696b9@group-CE3C0447B19C, cid=2408, SUCCESS, logIndex=4000, commits[2573df58-4087-4dd0-8598-5abddcc696b9:c4001]
2019-06-13 21:51:43,562 INFO  storage.RaftLogWorker (RaftLogWorker.java:rollLogSegment(303)) - 2573df58-4087-4dd0-8598-5abddcc696b9-RaftLogWorker: Rolling segment log-3934_4001 to index:4001
2019-06-13 21:51:43,562 INFO  storage.RaftLogWorker (RaftLogWorker.java:execute(433)) - 2573df58-4087-4dd0-8598-5abddcc696b9-RaftLogWorker: Rolled log segment from /opt/src/hadoop-ozone/integration-test/target/test-dir/MiniOzoneClusterImpl-8578056e-9b7b-4e66-9e9f-ef53d5cd7c03/datanode-0/data/ratis/7f5c2536-ed89-4233-9ec0-ce3c0447b19c/current/log_inprogress_3934 to /opt/src/hadoop-ozone/integration-test/target/test-dir/MiniOzoneClusterImpl-8578056e-9b7b-4e66-9e9f-ef53d5cd7c03/datanode-0/data/ratis/7f5c2536-ed89-4233-9ec0-ce3c0447b19c/current/log_3934-4001
2019-06-13 21:51:43,600 INFO  storage.RaftLogWorker (RaftLogWorker.java:execute(469)) - 2573df58-4087-4dd0-8598-5abddcc696b9-RaftLogWorker: created new log segment /opt/src/hadoop-ozone/integration-test/target/test-dir/MiniOzoneClusterImpl-8578056e-9b7b-4e66-9e9f-ef53d5cd7c03/datanode-0/data/ratis/7f5c2536-ed89-4233-9ec0-ce3c0447b19c/current/log_inprogress_4002
2019-06-13 21:51:43,602 INFO  client.GrpcClientProtocolClient (GrpcClientProtocolClient.java:onNext(254)) - client-9C97446E6A25->2573df58-4087-4dd0-8598-5abddcc696b9: receive RaftClientReply:client-9C97446E6A25->2573df58-4087-4dd0-8598-5abddcc696b9@group-CE3C0447B19C, cid=2409, SUCCESS, logIndex=4002, commits[2573df58-4087-4dd0-8598-5abddcc696b9:c4002]
2019-06-13 21:51:43,605 INFO  client.GrpcClientProtocolClient (GrpcClientProtocolClient.java:onNext(254)) - client-9C97446E6A25->2573df58-4087-4dd0-8598-5abddcc696b9: receive RaftClientReply:client-9C97446E6A25->2573df58-4087-4dd0-8598-5abddcc696b9@group-CE3C0447B19C, cid=2410, SUCCESS, logIndex=4004, commits[2573df58-4087-4dd0-8598-5abddcc696b9:c4006]
2019-06-13 21:51:43,607 INFO  client.GrpcClientProtocolClient (GrpcClientProtocolClient.java:onNext(254)) - client-9C97446E6A25->2573df58-4087-4dd0-8598-5abddcc696b9: receive RaftClientReply:client-9C97446E6A25->2573df58-4087-4dd0-8598-5abddcc696b9@group-CE3C0447B19C, cid=2411, SUCCESS, logIndex=4005, commits[2573df58-4087-4dd0-8598-5abddcc696b9:c4006]
2019-06-13 21:51:43,607 INFO  client.GrpcClientProtocolClient (GrpcClientProtocolClient.java:onNext(254)) - client-9C97446E6A25->2573df58-4087-4dd0-8598-5abddcc696b9: receive RaftClientReply:client-9C97446E6A25->2573df58-4087-4dd0-8598-5abddcc696b9@group-CE3C0447B19C, cid=2412, SUCCESS, logIndex=4006, commits[2573df58-4087-4dd0-8598-5abddcc696b9:c4007]
2019-06-13 21:51:43,613 INFO  client.GrpcClientProtocolClient (GrpcClientProtocolClient.java:onNext(254)) - client-9C97446E6A25->2573df58-4087-4dd0-8598-5abddcc696b9: receive RaftClientReply:client-9C97446E6A25->2573df58-4087-4dd0-8598-5abddcc696b9@group-CE3C0447B19C, cid=2413, SUCCESS, logIndex=4008, commits[2573df58-4087-4dd0-8598-5abddcc696b9:c4008]
2019-06-13 21:51:43,615 INFO  client.GrpcClientProtocolClient (GrpcClientProtocolClient.java:onNext(254)) - client-9C97446E6A25->2573df58-4087-4dd0-8598-5abddcc696b9: receive RaftClientReply:client-9C97446E6A25->2573df58-4087-4dd0-8598-5abddcc696b9@group-CE3C0447B19C, cid=2414, SUCCESS, logIndex=4010, commits[2573df58-4087-4dd0-8598-5abddcc696b9:c4010]
2019-06-13 21:51:43,616 INFO  client.GrpcClientProtocolClient (GrpcClientProtocolClient.java:onNext(254)) - client-9C97446E6A25->2573df58-4087-4dd0-8598-5abddcc696b9: receive RaftClientReply:client-9C97446E6A25->2573df58-4087-4dd0-8598-5abddcc696b9@group-CE3C0447B19C, cid=2415, SUCCESS, logIndex=4011, commits[2573df58-4087-4dd0-8598-5abddcc696b9:c4013]
2019-06-13 21:51:43,616 INFO  client.GrpcClientProtocolClient (GrpcClientProtocolClient.java:onNext(254)) - client-9C97446E6A25->2573df58-4087-4dd0-8598-5abddcc696b9: receive RaftClientReply:client-9C97446E6A25->2573df58-4087-4dd0-8598-5abddcc696b9@group-CE3C0447B19C, cid=2416, SUCCESS, logIndex=4012, commits[2573df58-4087-4dd0-8598-5abddcc696b9:c4013]
2019-06-13 21:51:43,625 INFO  client.GrpcClientProtocolClient (GrpcClientProtocolClient.java:onNext(254)) - client-9C97446E6A25->2573df58-4087-4dd0-8598-5abddcc696b9: receive RaftClientReply:client-9C97446E6A25->2573df58-4087-4dd0-8598-5abddcc696b9@group-CE3C0447B19C, cid=2417, SUCCESS, logIndex=4014, commits[2573df58-4087-4dd0-8598-5abddcc696b9:c4014]
2019-06-13 21:51:43,627 INFO  client.GrpcClientProtocolClient (GrpcClientProtocolClient.java:onNext(254)) - client-9C97446E6A25->2573df58-4087-4dd0-8598-5abddcc696b9: receive RaftClientReply:client-9C97446E6A25->2573df58-4087-4dd0-8598-5abddcc696b9@group-CE3C0447B19C, cid=2418, SUCCESS, logIndex=4016, commits[2573df58-4087-4dd0-8598-5abddcc696b9:c4016]
2019-06-13 21:51:43,627 INFO  client.GrpcClientProtocolClient (GrpcClientProtocolClient.java:onNext(254)) - client-9C97446E6A25->2573df58-4087-4dd0-8598-5abddcc696b9: receive RaftClientReply:client-9C97446E6A25->2573df58-4087-4dd0-8598-5abddcc696b9@group-CE3C0447B19C, cid=2419, SUCCESS, logIndex=4017, commits[2573df58-4087-4dd0-8598-5abddcc696b9:c4017]
2019-06-13 21:51:43,628 INFO  client.GrpcClientProtocolClient (GrpcClientProtocolClient.java:onNext(254)) - client-9C97446E6A25->2573df58-4087-4dd0-8598-5abddcc696b9: receive RaftClientReply:client-9C97446E6A25->2573df58-4087-4dd0-8598-5abddcc696b9@group-CE3C0447B19C, cid=2420, SUCCESS, logIndex=4019, commits[2573df58-4087-4dd0-8598-5abddcc696b9:c4019]
2019-06-13 21:51:43,628 DEBUG block.SCMBlockDeletingService (SCMBlockDeletingService.java:call(138)) - Running DeletedBlockTransactionScanner
2019-06-13 21:51:43,629 DEBUG block.SCMBlockDeletingService (SCMBlockDeletingService.java:call(155)) - Scanned deleted blocks log and got 0 delTX to process.
2019-06-13 21:51:43,633 INFO  client.GrpcClientProtocolClient (GrpcClientProtocolClient.java:onNext(254)) - client-9C97446E6A25->2573df58-4087-4dd0-8598-5abddcc696b9: receive RaftClientReply:client-9C97446E6A25->2573df58-4087-4dd0-8598-5abddcc696b9@group-CE3C0447B19C, cid=2421, SUCCESS, logIndex=4022, commits[2573df58-4087-4dd0-8598-5abddcc696b9:c4022]
2019-06-13 21:51:43,634 INFO  client.GrpcClientProtocolClient (GrpcClientProtocolClient.java:onNext(254)) - client-9C97446E6A25->2573df58-4087-4dd0-8598-5abddcc696b9: receive RaftClientReply:client-9C97446E6A25->2573df58-4087-4dd0-8598-5abddcc696b9@group-CE3C0447B19C, cid=2422, SUCCESS, logIndex=4024, commits[2573df58-4087-4dd0-8598-5abddcc696b9:c4024]
2019-06-13 21:51:43,635 INFO  client.GrpcClientProtocolClient (GrpcClientProtocolClient.java:onNext(254)) - client-9C97446E6A25->2573df58-4087-4dd0-8598-5abddcc696b9: receive RaftClientReply:client-9C97446E6A25->2573df58-4087-4dd0-8598-5abddcc696b9@group-CE3C0447B19C, cid=2423, SUCCESS, logIndex=4025, commits[2573df58-4087-4dd0-8598-5abddcc696b9:c4027]
2019-06-13 21:51:43,635 INFO  client.GrpcClientProtocolClient (GrpcClientProtocolClient.java:onNext(254)) - client-9C97446E6A25->2573df58-4087-4dd0-8598-5abddcc696b9: receive RaftClientReply:client-9C97446E6A25->2573df58-4087-4dd0-8598-5abddcc696b9@group-CE3C0447B19C, cid=2424, SUCCESS, logIndex=4026, commits[2573df58-4087-4dd0-8598-5abddcc696b9:c4027]
2019-06-13 21:51:43,644 INFO  client.GrpcClientProtocolClient (GrpcClientProtocolClient.java:onNext(254)) - client-9C97446E6A25->2573df58-4087-4dd0-8598-5abddcc696b9: receive RaftClientReply:client-9C97446E6A25->2573df58-4087-4dd0-8598-5abddcc696b9@group-CE3C0447B19C, cid=2425, SUCCESS, logIndex=4028, commits[2573df58-4087-4dd0-8598-5abddcc696b9:c4028]
2019-06-13 21:51:43,645 INFO  client.GrpcClientProtocolClient (GrpcClientProtocolClient.java:onNext(254)) - client-9C97446E6A25->2573df58-4087-4dd0-8598-5abddcc696b9: receive RaftClientReply:client-9C97446E6A25->2573df58-4087-4dd0-8598-5abddcc696b9@group-CE3C0447B19C, cid=2426, SUCCESS, logIndex=4030, commits[2573df58-4087-4dd0-8598-5abddcc696b9:c4030]
2019-06-13 21:51:43,646 INFO  client.GrpcClientProtocolClient (GrpcClientProtocolClient.java:onNext(254)) - client-9C97446E6A25->2573df58-4087-4dd0-8598-5abddcc696b9: receive RaftClientReply:client-9C97446E6A25->2573df58-4087-4dd0-8598-5abddcc696b9@group-CE3C0447B19C, cid=2427, SUCCESS, logIndex=4031, commits[2573df58-4087-4dd0-8598-5abddcc696b9:c4033]
2019-06-13 21:51:43,647 INFO  client.GrpcClientProtocolClient (GrpcClientProtocolClient.java:onNext(254)) - client-9C97446E6A25->2573df58-4087-4dd0-8598-5abddcc696b9: receive RaftClientReply:client-9C97446E6A25->2573df58-4087-4dd0-8598-5abddcc696b9@group-CE3C0447B19C, cid=2428, SUCCESS, logIndex=4032, commits[2573df58-4087-4dd0-8598-5abddcc696b9:c4033]
2019-06-13 21:51:43,652 INFO  client.GrpcClientProtocolClient (GrpcClientProtocolClient.java:onNext(254)) - client-9C97446E6A25->2573df58-4087-4dd0-8598-5abddcc696b9: receive RaftClientReply:client-9C97446E6A25->2573df58-4087-4dd0-8598-5abddcc696b9@group-CE3C0447B19C, cid=2429, SUCCESS, logIndex=4034, commits[2573df58-4087-4dd0-8598-5abddcc696b9:c4034]
2019-06-13 21:51:43,652 INFO  client.GrpcClientProtocolClient (GrpcClientProtocolClient.java:onNext(254)) - client-9C97446E6A25->2573df58-4087-4dd0-8598-5abddcc696b9: receive RaftClientReply:client-9C97446E6A25->2573df58-4087-4dd0-8598-5abddcc696b9@group-CE3C0447B19C, cid=2430, SUCCESS, logIndex=4036, commits[2573df58-4087-4dd0-8598-5abddcc696b9:c4036]
2019-06-13 21:51:43,720 INFO  client.GrpcClientProtocolClient (GrpcClientProtocolClient.java:onNext(254)) - client-9C97446E6A25->2573df58-4087-4dd0-8598-5abddcc696b9: receive RaftClientReply:client-9C97446E6A25->2573df58-4087-4dd0-8598-5abddcc696b9@group-CE3C0447B19C, cid=2431, SUCCESS, logIndex=4038, commits[2573df58-4087-4dd0-8598-5abddcc696b9:c4038]
2019-06-13 21:51:43,721 INFO  client.GrpcClientProtocolClient (GrpcClientProtocolClient.java:onNext(254)) - client-9C97446E6A25->2573df58-4087-4dd0-8598-5abddcc696b9: receive RaftClientReply:client-9C97446E6A25->2573df58-4087-4dd0-8598-5abddcc696b9@group-CE3C0447B19C, cid=2432, SUCCESS, logIndex=4040, commits[2573df58-4087-4dd0-8598-5abddcc696b9:c4040]
2019-06-13 21:51:43,729 DEBUG block.SCMBlockDeletingService (SCMBlockDeletingService.java:call(138)) - Running DeletedBlockTransactionScanner
2019-06-13 21:51:43,729 DEBUG block.SCMBlockDeletingService (SCMBlockDeletingService.java:call(155)) - Scanned deleted blocks log and got 0 delTX to process.
2019-06-13 21:51:43,731 INFO  client.GrpcClientProtocolClient (GrpcClientProtocolClient.java:onNext(254)) - client-9C97446E6A25->2573df58-4087-4dd0-8598-5abddcc696b9: receive RaftClientReply:client-9C97446E6A25->2573df58-4087-4dd0-8598-5abddcc696b9@group-CE3C0447B19C, cid=2433, SUCCESS, logIndex=4042, commits[2573df58-4087-4dd0-8598-5abddcc696b9:c4042]
2019-06-13 21:51:43,733 INFO  client.GrpcClientProtocolClient (GrpcClientProtocolClient.java:onNext(254)) - client-9C97446E6A25->2573df58-4087-4dd0-8598-5abddcc696b9: receive RaftClientReply:client-9C97446E6A25->2573df58-4087-4dd0-8598-5abddcc696b9@group-CE3C0447B19C, cid=2434, SUCCESS, logIndex=4044, commits[2573df58-4087-4dd0-8598-5abddcc696b9:c4044]
2019-06-13 21:51:43,733 INFO  client.GrpcClientProtocolClient (GrpcClientProtocolClient.java:onNext(254)) - client-9C97446E6A25->2573df58-4087-4dd0-8598-5abddcc696b9: receive RaftClientReply:client-9C97446E6A25->2573df58-4087-4dd0-8598-5abddcc696b9@group-CE3C0447B19C, cid=2435, SUCCESS, logIndex=4045, commits[2573df58-4087-4dd0-8598-5abddcc696b9:c4046]
2019-06-13 21:51:43,734 INFO  client.GrpcClientProtocolClient (GrpcClientProtocolClient.java:onNext(254)) - client-9C97446E6A25->2573df58-4087-4dd0-8598-5abddcc696b9: receive RaftClientReply:client-9C97446E6A25->2573df58-4087-4dd0-8598-5abddcc696b9@group-CE3C0447B19C, cid=2436, SUCCESS, logIndex=4047, commits[2573df58-4087-4dd0-8598-5abddcc696b9:c4047]
2019-06-13 21:51:43,740 INFO  client.GrpcClientProtocolClient (GrpcClientProtocolClient.java:onNext(254)) - client-9C97446E6A25->2573df58-4087-4dd0-8598-5abddcc696b9: receive RaftClientReply:client-9C97446E6A25->2573df58-4087-4dd0-8598-5abddcc696b9@group-CE3C0447B19C, cid=2437, SUCCESS, logIndex=4049, commits[2573df58-4087-4dd0-8598-5abddcc696b9:c4049]
2019-06-13 21:51:43,742 INFO  client.GrpcClientProtocolClient (GrpcClientProtocolClient.java:onNext(254)) - client-9C97446E6A25->2573df58-4087-4dd0-8598-5abddcc696b9: receive RaftClientReply:client-9C97446E6A25->2573df58-4087-4dd0-8598-5abddcc696b9@group-CE3C0447B19C, cid=2438, SUCCESS, logIndex=4051, commits[2573df58-4087-4dd0-8598-5abddcc696b9:c4051]
2019-06-13 21:51:43,742 INFO  client.GrpcClientProtocolClient (GrpcClientProtocolClient.java:onNext(254)) - client-9C97446E6A25->2573df58-4087-4dd0-8598-5abddcc696b9: receive RaftClientReply:client-9C97446E6A25->2573df58-4087-4dd0-8598-5abddcc696b9@group-CE3C0447B19C, cid=2439, SUCCESS, logIndex=4052, commits[2573df58-4087-4dd0-8598-5abddcc696b9:c4054]
2019-06-13 21:51:43,743 INFO  client.GrpcClientProtocolClient (GrpcClientProtocolClient.java:onNext(254)) - client-9C97446E6A25->2573df58-4087-4dd0-8598-5abddcc696b9: receive RaftClientReply:client-9C97446E6A25->2573df58-4087-4dd0-8598-5abddcc696b9@group-CE3C0447B19C, cid=2440, SUCCESS, logIndex=4053, commits[2573df58-4087-4dd0-8598-5abddcc696b9:c4054]
2019-06-13 21:51:43,753 INFO  client.GrpcClientProtocolClient (GrpcClientProtocolClient.java:onNext(254)) - client-9C97446E6A25->2573df58-4087-4dd0-8598-5abddcc696b9: receive RaftClientReply:client-9C97446E6A25->2573df58-4087-4dd0-8598-5abddcc696b9@group-CE3C0447B19C, cid=2441, SUCCESS, logIndex=4055, commits[2573df58-4087-4dd0-8598-5abddcc696b9:c4055]
2019-06-13 21:51:43,755 INFO  client.GrpcClientProtocolClient (GrpcClientProtocolClient.java:onNext(254)) - client-9C97446E6A25->2573df58-4087-4dd0-8598-5abddcc696b9: receive RaftClientReply:client-9C97446E6A25->2573df58-4087-4dd0-8598-5abddcc696b9@group-CE3C0447B19C, cid=2442, SUCCESS, logIndex=4057, commits[2573df58-4087-4dd0-8598-5abddcc696b9:c4057]
2019-06-13 21:51:43,756 INFO  client.GrpcClientProtocolClient (GrpcClientProtocolClient.java:onNext(254)) - client-9C97446E6A25->2573df58-4087-4dd0-8598-5abddcc696b9: receive RaftClientReply:client-9C97446E6A25->2573df58-4087-4dd0-8598-5abddcc696b9@group-CE3C0447B19C, cid=2443, SUCCESS, logIndex=4058, commits[2573df58-4087-4dd0-8598-5abddcc696b9:c4060]
2019-06-13 21:51:43,756 INFO  client.GrpcClientProtocolClient (GrpcClientProtocolClient.java:onNext(254)) - client-9C97446E6A25->2573df58-4087-4dd0-8598-5abddcc696b9: receive RaftClientReply:client-9C97446E6A25->2573df58-4087-4dd0-8598-5abddcc696b9@group-CE3C0447B19C, cid=2444, SUCCESS, logIndex=4059, commits[2573df58-4087-4dd0-8598-5abddcc696b9:c4060]
2019-06-13 21:51:43,762 INFO  client.GrpcClientProtocolClient (GrpcClientProtocolClient.java:onNext(254)) - client-9C97446E6A25->2573df58-4087-4dd0-8598-5abddcc696b9: receive RaftClientReply:client-9C97446E6A25->2573df58-4087-4dd0-8598-5abddcc696b9@group-CE3C0447B19C, cid=2445, SUCCESS, logIndex=4061, commits[2573df58-4087-4dd0-8598-5abddcc696b9:c4061]
2019-06-13 21:51:43,763 INFO  client.GrpcClientProtocolClient (GrpcClientProtocolClient.java:onNext(254)) - client-9C97446E6A25->2573df58-4087-4dd0-8598-5abddcc696b9: receive RaftClientReply:client-9C97446E6A25->2573df58-4087-4dd0-8598-5abddcc696b9@group-CE3C0447B19C, cid=2446, SUCCESS, logIndex=4063, commits[2573df58-4087-4dd0-8598-5abddcc696b9:c4063]
2019-06-13 21:51:43,764 INFO  client.GrpcClientProtocolClient (GrpcClientProtocolClient.java:onNext(254)) - client-9C97446E6A25->2573df58-4087-4dd0-8598-5abddcc696b9: receive RaftClientReply:client-9C97446E6A25->2573df58-4087-4dd0-8598-5abddcc696b9@group-CE3C0447B19C, cid=2447, SUCCESS, logIndex=4064, commits[2573df58-4087-4dd0-8598-5abddcc696b9:c4066]
2019-06-13 21:51:43,765 INFO  client.GrpcClientProtocolClient (GrpcClientProtocolClient.java:onNext(254)) - client-9C97446E6A25->2573df58-4087-4dd0-8598-5abddcc696b9: receive RaftClientReply:client-9C97446E6A25->2573df58-4087-4dd0-8598-5abddcc696b9@group-CE3C0447B19C, cid=2448, SUCCESS, logIndex=4065, commits[2573df58-4087-4dd0-8598-5abddcc696b9:c4066]
2019-06-13 21:51:43,775 INFO  client.GrpcClientProtocolClient (GrpcClientProtocolClient.java:onNext(254)) - client-9C97446E6A25->2573df58-4087-4dd0-8598-5abddcc696b9: receive RaftClientReply:client-9C97446E6A25->2573df58-4087-4dd0-8598-5abddcc696b9@group-CE3C0447B19C, cid=2449, SUCCESS, logIndex=4067, commits[2573df58-4087-4dd0-8598-5abddcc696b9:c4067]
2019-06-13 21:51:43,777 INFO  client.GrpcClientProtocolClient (GrpcClientProtocolClient.java:onNext(254)) - client-9C97446E6A25->2573df58-4087-4dd0-8598-5abddcc696b9: receive RaftClientReply:client-9C97446E6A25->2573df58-4087-4dd0-8598-5abddcc696b9@group-CE3C0447B19C, cid=2450, SUCCESS, logIndex=4069, commits[2573df58-4087-4dd0-8598-5abddcc696b9:c4069]
2019-06-13 21:51:43,778 INFO  client.GrpcClientProtocolClient (GrpcClientProtocolClient.java:onNext(254)) - client-9C97446E6A25->2573df58-4087-4dd0-8598-5abddcc696b9: receive RaftClientReply:client-9C97446E6A25->2573df58-4087-4dd0-8598-5abddcc696b9@group-CE3C0447B19C, cid=2451, SUCCESS, logIndex=4070, commits[2573df58-4087-4dd0-8598-5abddcc696b9:c4072]
2019-06-13 21:51:43,778 INFO  client.GrpcClientProtocolClient (GrpcClientProtocolClient.java:onNext(254)) - client-9C97446E6A25->2573df58-4087-4dd0-8598-5abddcc696b9: receive RaftClientReply:client-9C97446E6A25->2573df58-4087-4dd0-8598-5abddcc696b9@group-CE3C0447B19C, cid=2452, SUCCESS, logIndex=4071, commits[2573df58-4087-4dd0-8598-5abddcc696b9:c4072]
2019-06-13 21:51:43,781 INFO  storage.RaftLogWorker (RaftLogWorker.java:rollLogSegment(303)) - 2573df58-4087-4dd0-8598-5abddcc696b9-RaftLogWorker: Rolling segment log-4002_4072 to index:4072
2019-06-13 21:51:43,781 INFO  storage.RaftLogWorker (RaftLogWorker.java:execute(433)) - 2573df58-4087-4dd0-8598-5abddcc696b9-RaftLogWorker: Rolled log segment from /opt/src/hadoop-ozone/integration-test/target/test-dir/MiniOzoneClusterImpl-8578056e-9b7b-4e66-9e9f-ef53d5cd7c03/datanode-0/data/ratis/7f5c2536-ed89-4233-9ec0-ce3c0447b19c/current/log_inprogress_4002 to /opt/src/hadoop-ozone/integration-test/target/test-dir/MiniOzoneClusterImpl-8578056e-9b7b-4e66-9e9f-ef53d5cd7c03/datanode-0/data/ratis/7f5c2536-ed89-4233-9ec0-ce3c0447b19c/current/log_4002-4072
2019-06-13 21:51:43,817 INFO  storage.RaftLogWorker (RaftLogWorker.java:execute(469)) - 2573df58-4087-4dd0-8598-5abddcc696b9-RaftLogWorker: created new log segment /opt/src/hadoop-ozone/integration-test/target/test-dir/MiniOzoneClusterImpl-8578056e-9b7b-4e66-9e9f-ef53d5cd7c03/datanode-0/data/ratis/7f5c2536-ed89-4233-9ec0-ce3c0447b19c/current/log_inprogress_4073
2019-06-13 21:51:43,818 INFO  client.GrpcClientProtocolClient (GrpcClientProtocolClient.java:onNext(254)) - client-9C97446E6A25->2573df58-4087-4dd0-8598-5abddcc696b9: receive RaftClientReply:client-9C97446E6A25->2573df58-4087-4dd0-8598-5abddcc696b9@group-CE3C0447B19C, cid=2453, SUCCESS, logIndex=4073, commits[2573df58-4087-4dd0-8598-5abddcc696b9:c4073]
2019-06-13 21:51:43,820 INFO  client.GrpcClientProtocolClient (GrpcClientProtocolClient.java:onNext(254)) - client-9C97446E6A25->2573df58-4087-4dd0-8598-5abddcc696b9: receive RaftClientReply:client-9C97446E6A25->2573df58-4087-4dd0-8598-5abddcc696b9@group-CE3C0447B19C, cid=2454, SUCCESS, logIndex=4075, commits[2573df58-4087-4dd0-8598-5abddcc696b9:c4075]
2019-06-13 21:51:43,821 INFO  client.GrpcClientProtocolClient (GrpcClientProtocolClient.java:onNext(254)) - client-9C97446E6A25->2573df58-4087-4dd0-8598-5abddcc696b9: receive RaftClientReply:client-9C97446E6A25->2573df58-4087-4dd0-8598-5abddcc696b9@group-CE3C0447B19C, cid=2455, SUCCESS, logIndex=4076, commits[2573df58-4087-4dd0-8598-5abddcc696b9:c4078]
2019-06-13 21:51:43,821 INFO  client.GrpcClientProtocolClient (GrpcClientProtocolClient.java:onNext(254)) - client-9C97446E6A25->2573df58-4087-4dd0-8598-5abddcc696b9: receive RaftClientReply:client-9C97446E6A25->2573df58-4087-4dd0-8598-5abddcc696b9@group-CE3C0447B19C, cid=2456, SUCCESS, logIndex=4077, commits[2573df58-4087-4dd0-8598-5abddcc696b9:c4078]
2019-06-13 21:51:43,829 DEBUG block.SCMBlockDeletingService (SCMBlockDeletingService.java:call(138)) - Running DeletedBlockTransactionScanner
2019-06-13 21:51:43,830 DEBUG block.SCMBlockDeletingService (SCMBlockDeletingService.java:call(155)) - Scanned deleted blocks log and got 0 delTX to process.
2019-06-13 21:51:43,830 INFO  client.GrpcClientProtocolClient (GrpcClientProtocolClient.java:onNext(254)) - client-9C97446E6A25->2573df58-4087-4dd0-8598-5abddcc696b9: receive RaftClientReply:client-9C97446E6A25->2573df58-4087-4dd0-8598-5abddcc696b9@group-CE3C0447B19C, cid=2457, SUCCESS, logIndex=4079, commits[2573df58-4087-4dd0-8598-5abddcc696b9:c4079]
2019-06-13 21:51:43,831 INFO  client.GrpcClientProtocolClient (GrpcClientProtocolClient.java:onNext(254)) - client-9C97446E6A25->2573df58-4087-4dd0-8598-5abddcc696b9: receive RaftClientReply:client-9C97446E6A25->2573df58-4087-4dd0-8598-5abddcc696b9@group-CE3C0447B19C, cid=2458, SUCCESS, logIndex=4081, commits[2573df58-4087-4dd0-8598-5abddcc696b9:c4081]
2019-06-13 21:51:43,833 INFO  client.GrpcClientProtocolClient (GrpcClientProtocolClient.java:onNext(254)) - client-9C97446E6A25->2573df58-4087-4dd0-8598-5abddcc696b9: receive RaftClientReply:client-9C97446E6A25->2573df58-4087-4dd0-8598-5abddcc696b9@group-CE3C0447B19C, cid=2459, SUCCESS, logIndex=4082, commits[2573df58-4087-4dd0-8598-5abddcc696b9:c4084]
2019-06-13 21:51:43,833 INFO  client.GrpcClientProtocolClient (GrpcClientProtocolClient.java:onNext(254)) - client-9C97446E6A25->2573df58-4087-4dd0-8598-5abddcc696b9: receive RaftClientReply:client-9C97446E6A25->2573df58-4087-4dd0-8598-5abddcc696b9@group-CE3C0447B19C, cid=2460, SUCCESS, logIndex=4083, commits[2573df58-4087-4dd0-8598-5abddcc696b9:c4084]
2019-06-13 21:51:43,838 INFO  client.GrpcClientProtocolClient (GrpcClientProtocolClient.java:onNext(254)) - client-9C97446E6A25->2573df58-4087-4dd0-8598-5abddcc696b9: receive RaftClientReply:client-9C97446E6A25->2573df58-4087-4dd0-8598-5abddcc696b9@group-CE3C0447B19C, cid=2461, SUCCESS, logIndex=4085, commits[2573df58-4087-4dd0-8598-5abddcc696b9:c4085]
2019-06-13 21:51:43,839 INFO  client.GrpcClientProtocolClient (GrpcClientProtocolClient.java:onNext(254)) - client-9C97446E6A25->2573df58-4087-4dd0-8598-5abddcc696b9: receive RaftClientReply:client-9C97446E6A25->2573df58-4087-4dd0-8598-5abddcc696b9@group-CE3C0447B19C, cid=2462, SUCCESS, logIndex=4087, commits[2573df58-4087-4dd0-8598-5abddcc696b9:c4087]
2019-06-13 21:51:43,840 INFO  client.GrpcClientProtocolClient (GrpcClientProtocolClient.java:onNext(254)) - client-9C97446E6A25->2573df58-4087-4dd0-8598-5abddcc696b9: receive RaftClientReply:client-9C97446E6A25->2573df58-4087-4dd0-8598-5abddcc696b9@group-CE3C0447B19C, cid=2463, SUCCESS, logIndex=4088, commits[2573df58-4087-4dd0-8598-5abddcc696b9:c4090]
2019-06-13 21:51:43,840 INFO  client.GrpcClientProtocolClient (GrpcClientProtocolClient.java:onNext(254)) - client-9C97446E6A25->2573df58-4087-4dd0-8598-5abddcc696b9: receive RaftClientReply:client-9C97446E6A25->2573df58-4087-4dd0-8598-5abddcc696b9@group-CE3C0447B19C, cid=2464, SUCCESS, logIndex=4089, commits[2573df58-4087-4dd0-8598-5abddcc696b9:c4090]
2019-06-13 21:51:43,894 INFO  client.GrpcClientProtocolClient (GrpcClientProtocolClient.java:onNext(254)) - client-9C97446E6A25->2573df58-4087-4dd0-8598-5abddcc696b9: receive RaftClientReply:client-9C97446E6A25->2573df58-4087-4dd0-8598-5abddcc696b9@group-CE3C0447B19C, cid=2465, SUCCESS, logIndex=4091, commits[2573df58-4087-4dd0-8598-5abddcc696b9:c4091]
2019-06-13 21:51:43,896 INFO  client.GrpcClientProtocolClient (GrpcClientProtocolClient.java:onNext(254)) - client-9C97446E6A25->2573df58-4087-4dd0-8598-5abddcc696b9: receive RaftClientReply:client-9C97446E6A25->2573df58-4087-4dd0-8598-5abddcc696b9@group-CE3C0447B19C, cid=2466, SUCCESS, logIndex=4093, commits[2573df58-4087-4dd0-8598-5abddcc696b9:c4093]
2019-06-13 21:51:43,897 INFO  client.GrpcClientProtocolClient (GrpcClientProtocolClient.java:onNext(254)) - client-9C97446E6A25->2573df58-4087-4dd0-8598-5abddcc696b9: receive RaftClientReply:client-9C97446E6A25->2573df58-4087-4dd0-8598-5abddcc696b9@group-CE3C0447B19C, cid=2467, SUCCESS, logIndex=4094, commits[2573df58-4087-4dd0-8598-5abddcc696b9:c4096]
2019-06-13 21:51:43,897 INFO  client.GrpcClientProtocolClient (GrpcClientProtocolClient.java:onNext(254)) - client-9C97446E6A25->2573df58-4087-4dd0-8598-5abddcc696b9: receive RaftClientReply:client-9C97446E6A25->2573df58-4087-4dd0-8598-5abddcc696b9@group-CE3C0447B19C, cid=2468, SUCCESS, logIndex=4095, commits[2573df58-4087-4dd0-8598-5abddcc696b9:c4096]
2019-06-13 21:51:43,902 INFO  client.GrpcClientProtocolClient (GrpcClientProtocolClient.java:onNext(254)) - client-9C97446E6A25->2573df58-4087-4dd0-8598-5abddcc696b9: receive RaftClientReply:client-9C97446E6A25->2573df58-4087-4dd0-8598-5abddcc696b9@group-CE3C0447B19C, cid=2469, SUCCESS, logIndex=4097, commits[2573df58-4087-4dd0-8598-5abddcc696b9:c4097]
2019-06-13 21:51:43,903 INFO  client.GrpcClientProtocolClient (GrpcClientProtocolClient.java:onNext(254)) - client-9C97446E6A25->2573df58-4087-4dd0-8598-5abddcc696b9: receive RaftClientReply:client-9C97446E6A25->2573df58-4087-4dd0-8598-5abddcc696b9@group-CE3C0447B19C, cid=2470, SUCCESS, logIndex=4099, commits[2573df58-4087-4dd0-8598-5abddcc696b9:c4099]
2019-06-13 21:51:43,904 INFO  client.GrpcClientProtocolClient (GrpcClientProtocolClient.java:onNext(254)) - client-9C97446E6A25->2573df58-4087-4dd0-8598-5abddcc696b9: receive RaftClientReply:client-9C97446E6A25->2573df58-4087-4dd0-8598-5abddcc696b9@group-CE3C0447B19C, cid=2471, SUCCESS, logIndex=4100, commits[2573df58-4087-4dd0-8598-5abddcc696b9:c4102]
2019-06-13 21:51:43,904 INFO  client.GrpcClientProtocolClient (GrpcClientProtocolClient.java:onNext(254)) - client-9C97446E6A25->2573df58-4087-4dd0-8598-5abddcc696b9: receive RaftClientReply:client-9C97446E6A25->2573df58-4087-4dd0-8598-5abddcc696b9@group-CE3C0447B19C, cid=2472, SUCCESS, logIndex=4101, commits[2573df58-4087-4dd0-8598-5abddcc696b9:c4102]
2019-06-13 21:51:43,913 INFO  client.GrpcClientProtocolClient (GrpcClientProtocolClient.java:onNext(254)) - client-9C97446E6A25->2573df58-4087-4dd0-8598-5abddcc696b9: receive RaftClientReply:client-9C97446E6A25->2573df58-4087-4dd0-8598-5abddcc696b9@group-CE3C0447B19C, cid=2473, SUCCESS, logIndex=4103, commits[2573df58-4087-4dd0-8598-5abddcc696b9:c4103]
2019-06-13 21:51:43,914 INFO  client.GrpcClientProtocolClient (GrpcClientProtocolClient.java:onNext(254)) - client-9C97446E6A25->2573df58-4087-4dd0-8598-5abddcc696b9: receive RaftClientReply:client-9C97446E6A25->2573df58-4087-4dd0-8598-5abddcc696b9@group-CE3C0447B19C, cid=2474, SUCCESS, logIndex=4105, commits[2573df58-4087-4dd0-8598-5abddcc696b9:c4105]
2019-06-13 21:51:43,930 DEBUG block.SCMBlockDeletingService (SCMBlockDeletingService.java:call(138)) - Running DeletedBlockTransactionScanner
2019-06-13 21:51:43,930 DEBUG block.SCMBlockDeletingService (SCMBlockDeletingService.java:call(155)) - Scanned deleted blocks log and got 0 delTX to process.
2019-06-13 21:51:43,982 INFO  client.GrpcClientProtocolClient (GrpcClientProtocolClient.java:onNext(254)) - client-9C97446E6A25->2573df58-4087-4dd0-8598-5abddcc696b9: receive RaftClientReply:client-9C97446E6A25->2573df58-4087-4dd0-8598-5abddcc696b9@group-CE3C0447B19C, cid=2475, SUCCESS, logIndex=4107, commits[2573df58-4087-4dd0-8598-5abddcc696b9:c4107]
2019-06-13 21:51:43,983 INFO  client.GrpcClientProtocolClient (GrpcClientProtocolClient.java:onNext(254)) - client-9C97446E6A25->2573df58-4087-4dd0-8598-5abddcc696b9: receive RaftClientReply:client-9C97446E6A25->2573df58-4087-4dd0-8598-5abddcc696b9@group-CE3C0447B19C, cid=2476, SUCCESS, logIndex=4109, commits[2573df58-4087-4dd0-8598-5abddcc696b9:c4109]
2019-06-13 21:51:43,988 INFO  client.GrpcClientProtocolClient (GrpcClientProtocolClient.java:onNext(254)) - client-9C97446E6A25->2573df58-4087-4dd0-8598-5abddcc696b9: receive RaftClientReply:client-9C97446E6A25->2573df58-4087-4dd0-8598-5abddcc696b9@group-CE3C0447B19C, cid=2477, SUCCESS, logIndex=4111, commits[2573df58-4087-4dd0-8598-5abddcc696b9:c4111]
2019-06-13 21:51:43,989 INFO  client.GrpcClientProtocolClient (GrpcClientProtocolClient.java:onNext(254)) - client-9C97446E6A25->2573df58-4087-4dd0-8598-5abddcc696b9: receive RaftClientReply:client-9C97446E6A25->2573df58-4087-4dd0-8598-5abddcc696b9@group-CE3C0447B19C, cid=2478, SUCCESS, logIndex=4113, commits[2573df58-4087-4dd0-8598-5abddcc696b9:c4113]
2019-06-13 21:51:43,990 INFO  client.GrpcClientProtocolClient (GrpcClientProtocolClient.java:onNext(254)) - client-9C97446E6A25->2573df58-4087-4dd0-8598-5abddcc696b9: receive RaftClientReply:client-9C97446E6A25->2573df58-4087-4dd0-8598-5abddcc696b9@group-CE3C0447B19C, cid=2479, SUCCESS, logIndex=4114, commits[2573df58-4087-4dd0-8598-5abddcc696b9:c4116]
2019-06-13 21:51:43,991 INFO  client.GrpcClientProtocolClient (GrpcClientProtocolClient.java:onNext(254)) - client-9C97446E6A25->2573df58-4087-4dd0-8598-5abddcc696b9: receive RaftClientReply:client-9C97446E6A25->2573df58-4087-4dd0-8598-5abddcc696b9@group-CE3C0447B19C, cid=2480, SUCCESS, logIndex=4115, commits[2573df58-4087-4dd0-8598-5abddcc696b9:c4116]
2019-06-13 21:51:43,999 INFO  client.GrpcClientProtocolClient (GrpcClientProtocolClient.java:onNext(254)) - client-9C97446E6A25->2573df58-4087-4dd0-8598-5abddcc696b9: receive RaftClientReply:client-9C97446E6A25->2573df58-4087-4dd0-8598-5abddcc696b9@group-CE3C0447B19C, cid=2481, SUCCESS, logIndex=4117, commits[2573df58-4087-4dd0-8598-5abddcc696b9:c4117]
2019-06-13 21:51:44,001 INFO  client.GrpcClientProtocolClient (GrpcClientProtocolClient.java:onNext(254)) - client-9C97446E6A25->2573df58-4087-4dd0-8598-5abddcc696b9: receive RaftClientReply:client-9C97446E6A25->2573df58-4087-4dd0-8598-5abddcc696b9@group-CE3C0447B19C, cid=2482, SUCCESS, logIndex=4119, commits[2573df58-4087-4dd0-8598-5abddcc696b9:c4119]
2019-06-13 21:51:44,001 INFO  client.GrpcClientProtocolClient (GrpcClientProtocolClient.java:onNext(254)) - client-9C97446E6A25->2573df58-4087-4dd0-8598-5abddcc696b9: receive RaftClientReply:client-9C97446E6A25->2573df58-4087-4dd0-8598-5abddcc696b9@group-CE3C0447B19C, cid=2483, SUCCESS, logIndex=4120, commits[2573df58-4087-4dd0-8598-5abddcc696b9:c4122]
2019-06-13 21:51:44,002 INFO  client.GrpcClientProtocolClient (GrpcClientProtocolClient.java:onNext(254)) - client-9C97446E6A25->2573df58-4087-4dd0-8598-5abddcc696b9: receive RaftClientReply:client-9C97446E6A25->2573df58-4087-4dd0-8598-5abddcc696b9@group-CE3C0447B19C, cid=2484, SUCCESS, logIndex=4121, commits[2573df58-4087-4dd0-8598-5abddcc696b9:c4122]
2019-06-13 21:51:44,007 INFO  client.GrpcClientProtocolClient (GrpcClientProtocolClient.java:onNext(254)) - client-9C97446E6A25->2573df58-4087-4dd0-8598-5abddcc696b9: receive RaftClientReply:client-9C97446E6A25->2573df58-4087-4dd0-8598-5abddcc696b9@group-CE3C0447B19C, cid=2485, SUCCESS, logIndex=4123, commits[2573df58-4087-4dd0-8598-5abddcc696b9:c4123]
2019-06-13 21:51:44,008 INFO  client.GrpcClientProtocolClient (GrpcClientProtocolClient.java:onNext(254)) - client-9C97446E6A25->2573df58-4087-4dd0-8598-5abddcc696b9: receive RaftClientReply:client-9C97446E6A25->2573df58-4087-4dd0-8598-5abddcc696b9@group-CE3C0447B19C, cid=2486, SUCCESS, logIndex=4125, commits[2573df58-4087-4dd0-8598-5abddcc696b9:c4125]
2019-06-13 21:51:44,009 INFO  client.GrpcClientProtocolClient (GrpcClientProtocolClient.java:onNext(254)) - client-9C97446E6A25->2573df58-4087-4dd0-8598-5abddcc696b9: receive RaftClientReply:client-9C97446E6A25->2573df58-4087-4dd0-8598-5abddcc696b9@group-CE3C0447B19C, cid=2487, SUCCESS, logIndex=4126, commits[2573df58-4087-4dd0-8598-5abddcc696b9:c4128]
2019-06-13 21:51:44,009 INFO  client.GrpcClientProtocolClient (GrpcClientProtocolClient.java:onNext(254)) - client-9C97446E6A25->2573df58-4087-4dd0-8598-5abddcc696b9: receive RaftClientReply:client-9C97446E6A25->2573df58-4087-4dd0-8598-5abddcc696b9@group-CE3C0447B19C, cid=2488, SUCCESS, logIndex=4127, commits[2573df58-4087-4dd0-8598-5abddcc696b9:c4128]
2019-06-13 21:51:44,019 INFO  client.GrpcClientProtocolClient (GrpcClientProtocolClient.java:onNext(254)) - client-9C97446E6A25->2573df58-4087-4dd0-8598-5abddcc696b9: receive RaftClientReply:client-9C97446E6A25->2573df58-4087-4dd0-8598-5abddcc696b9@group-CE3C0447B19C, cid=2489, SUCCESS, logIndex=4129, commits[2573df58-4087-4dd0-8598-5abddcc696b9:c4129]
2019-06-13 21:51:44,020 INFO  client.GrpcClientProtocolClient (GrpcClientProtocolClient.java:onNext(254)) - client-9C97446E6A25->2573df58-4087-4dd0-8598-5abddcc696b9: receive RaftClientReply:client-9C97446E6A25->2573df58-4087-4dd0-8598-5abddcc696b9@group-CE3C0447B19C, cid=2490, SUCCESS, logIndex=4131, commits[2573df58-4087-4dd0-8598-5abddcc696b9:c4131]
2019-06-13 21:51:44,021 INFO  client.GrpcClientProtocolClient (GrpcClientProtocolClient.java:onNext(254)) - client-9C97446E6A25->2573df58-4087-4dd0-8598-5abddcc696b9: receive RaftClientReply:client-9C97446E6A25->2573df58-4087-4dd0-8598-5abddcc696b9@group-CE3C0447B19C, cid=2491, SUCCESS, logIndex=4132, commits[2573df58-4087-4dd0-8598-5abddcc696b9:c4134]
2019-06-13 21:51:44,022 INFO  client.GrpcClientProtocolClient (GrpcClientProtocolClient.java:onNext(254)) - client-9C97446E6A25->2573df58-4087-4dd0-8598-5abddcc696b9: receive RaftClientReply:client-9C97446E6A25->2573df58-4087-4dd0-8598-5abddcc696b9@group-CE3C0447B19C, cid=2492, SUCCESS, logIndex=4133, commits[2573df58-4087-4dd0-8598-5abddcc696b9:c4134]
2019-06-13 21:51:44,027 INFO  client.GrpcClientProtocolClient (GrpcClientProtocolClient.java:onNext(254)) - client-9C97446E6A25->2573df58-4087-4dd0-8598-5abddcc696b9: receive RaftClientReply:client-9C97446E6A25->2573df58-4087-4dd0-8598-5abddcc696b9@group-CE3C0447B19C, cid=2493, SUCCESS, logIndex=4135, commits[2573df58-4087-4dd0-8598-5abddcc696b9:c4135]
2019-06-13 21:51:44,027 INFO  storage.RaftLogWorker (RaftLogWorker.java:rollLogSegment(303)) - 2573df58-4087-4dd0-8598-5abddcc696b9-RaftLogWorker: Rolling segment log-4073_4138 to index:4138
2019-06-13 21:51:44,028 INFO  client.GrpcClientProtocolClient (GrpcClientProtocolClient.java:onNext(254)) - client-9C97446E6A25->2573df58-4087-4dd0-8598-5abddcc696b9: receive RaftClientReply:client-9C97446E6A25->2573df58-4087-4dd0-8598-5abddcc696b9@group-CE3C0447B19C, cid=2494, SUCCESS, logIndex=4137, commits[2573df58-4087-4dd0-8598-5abddcc696b9:c4137]
2019-06-13 21:51:44,028 INFO  storage.RaftLogWorker (RaftLogWorker.java:execute(433)) - 2573df58-4087-4dd0-8598-5abddcc696b9-RaftLogWorker: Rolled log segment from /opt/src/hadoop-ozone/integration-test/target/test-dir/MiniOzoneClusterImpl-8578056e-9b7b-4e66-9e9f-ef53d5cd7c03/datanode-0/data/ratis/7f5c2536-ed89-4233-9ec0-ce3c0447b19c/current/log_inprogress_4073 to /opt/src/hadoop-ozone/integration-test/target/test-dir/MiniOzoneClusterImpl-8578056e-9b7b-4e66-9e9f-ef53d5cd7c03/datanode-0/data/ratis/7f5c2536-ed89-4233-9ec0-ce3c0447b19c/current/log_4073-4138
2019-06-13 21:51:44,029 INFO  client.GrpcClientProtocolClient (GrpcClientProtocolClient.java:onNext(254)) - client-9C97446E6A25->2573df58-4087-4dd0-8598-5abddcc696b9: receive RaftClientReply:client-9C97446E6A25->2573df58-4087-4dd0-8598-5abddcc696b9@group-CE3C0447B19C, cid=2495, SUCCESS, logIndex=4138, commits[2573df58-4087-4dd0-8598-5abddcc696b9:c4138]
2019-06-13 21:51:44,030 DEBUG block.SCMBlockDeletingService (SCMBlockDeletingService.java:call(138)) - Running DeletedBlockTransactionScanner
2019-06-13 21:51:44,030 DEBUG block.SCMBlockDeletingService (SCMBlockDeletingService.java:call(155)) - Scanned deleted blocks log and got 0 delTX to process.
2019-06-13 21:51:44,064 INFO  storage.RaftLogWorker (RaftLogWorker.java:execute(469)) - 2573df58-4087-4dd0-8598-5abddcc696b9-RaftLogWorker: created new log segment /opt/src/hadoop-ozone/integration-test/target/test-dir/MiniOzoneClusterImpl-8578056e-9b7b-4e66-9e9f-ef53d5cd7c03/datanode-0/data/ratis/7f5c2536-ed89-4233-9ec0-ce3c0447b19c/current/log_inprogress_4139
2019-06-13 21:51:44,065 INFO  client.GrpcClientProtocolClient (GrpcClientProtocolClient.java:onNext(254)) - client-9C97446E6A25->2573df58-4087-4dd0-8598-5abddcc696b9: receive RaftClientReply:client-9C97446E6A25->2573df58-4087-4dd0-8598-5abddcc696b9@group-CE3C0447B19C, cid=2496, SUCCESS, logIndex=4139, commits[2573df58-4087-4dd0-8598-5abddcc696b9:c4141]
2019-06-13 21:51:44,075 INFO  client.GrpcClientProtocolClient (GrpcClientProtocolClient.java:onNext(254)) - client-9C97446E6A25->2573df58-4087-4dd0-8598-5abddcc696b9: receive RaftClientReply:client-9C97446E6A25->2573df58-4087-4dd0-8598-5abddcc696b9@group-CE3C0447B19C, cid=2497, SUCCESS, logIndex=4142, commits[2573df58-4087-4dd0-8598-5abddcc696b9:c4142]
2019-06-13 21:51:44,076 INFO  client.GrpcClientProtocolClient (GrpcClientProtocolClient.java:onNext(254)) - client-9C97446E6A25->2573df58-4087-4dd0-8598-5abddcc696b9: receive RaftClientReply:client-9C97446E6A25->2573df58-4087-4dd0-8598-5abddcc696b9@group-CE3C0447B19C, cid=2498, SUCCESS, logIndex=4144, commits[2573df58-4087-4dd0-8598-5abddcc696b9:c4144]
2019-06-13 21:51:44,077 INFO  client.GrpcClientProtocolClient (GrpcClientProtocolClient.java:onNext(254)) - client-9C97446E6A25->2573df58-4087-4dd0-8598-5abddcc696b9: receive RaftClientReply:client-9C97446E6A25->2573df58-4087-4dd0-8598-5abddcc696b9@group-CE3C0447B19C, cid=2499, SUCCESS, logIndex=4145, commits[2573df58-4087-4dd0-8598-5abddcc696b9:c4147]
2019-06-13 21:51:44,077 INFO  client.GrpcClientProtocolClient (GrpcClientProtocolClient.java:onNext(254)) - client-9C97446E6A25->2573df58-4087-4dd0-8598-5abddcc696b9: receive RaftClientReply:client-9C97446E6A25->2573df58-4087-4dd0-8598-5abddcc696b9@group-CE3C0447B19C, cid=2500, SUCCESS, logIndex=4146, commits[2573df58-4087-4dd0-8598-5abddcc696b9:c4147]
2019-06-13 21:51:44,082 INFO  client.GrpcClientProtocolClient (GrpcClientProtocolClient.java:onNext(254)) - client-9C97446E6A25->2573df58-4087-4dd0-8598-5abddcc696b9: receive RaftClientReply:client-9C97446E6A25->2573df58-4087-4dd0-8598-5abddcc696b9@group-CE3C0447B19C, cid=2501, SUCCESS, logIndex=4148, commits[2573df58-4087-4dd0-8598-5abddcc696b9:c4148]
2019-06-13 21:51:44,083 INFO  client.GrpcClientProtocolClient (GrpcClientProtocolClient.java:onNext(254)) - client-9C97446E6A25->2573df58-4087-4dd0-8598-5abddcc696b9: receive RaftClientReply:client-9C97446E6A25->2573df58-4087-4dd0-8598-5abddcc696b9@group-CE3C0447B19C, cid=2502, SUCCESS, logIndex=4150, commits[2573df58-4087-4dd0-8598-5abddcc696b9:c4150]
2019-06-13 21:51:44,084 INFO  client.GrpcClientProtocolClient (GrpcClientProtocolClient.java:onNext(254)) - client-9C97446E6A25->2573df58-4087-4dd0-8598-5abddcc696b9: receive RaftClientReply:client-9C97446E6A25->2573df58-4087-4dd0-8598-5abddcc696b9@group-CE3C0447B19C, cid=2503, SUCCESS, logIndex=4151, commits[2573df58-4087-4dd0-8598-5abddcc696b9:c4153]
2019-06-13 21:51:44,085 INFO  client.GrpcClientProtocolClient (GrpcClientProtocolClient.java:onNext(254)) - client-9C97446E6A25->2573df58-4087-4dd0-8598-5abddcc696b9: receive RaftClientReply:client-9C97446E6A25->2573df58-4087-4dd0-8598-5abddcc696b9@group-CE3C0447B19C, cid=2504, SUCCESS, logIndex=4152, commits[2573df58-4087-4dd0-8598-5abddcc696b9:c4153]
2019-06-13 21:51:44,094 INFO  client.GrpcClientProtocolClient (GrpcClientProtocolClient.java:onNext(254)) - client-9C97446E6A25->2573df58-4087-4dd0-8598-5abddcc696b9: receive RaftClientReply:client-9C97446E6A25->2573df58-4087-4dd0-8598-5abddcc696b9@group-CE3C0447B19C, cid=2505, SUCCESS, logIndex=4154, commits[2573df58-4087-4dd0-8598-5abddcc696b9:c4154]
2019-06-13 21:51:44,095 INFO  client.GrpcClientProtocolClient (GrpcClientProtocolClient.java:onNext(254)) - client-9C97446E6A25->2573df58-4087-4dd0-8598-5abddcc696b9: receive RaftClientReply:client-9C97446E6A25->2573df58-4087-4dd0-8598-5abddcc696b9@group-CE3C0447B19C, cid=2506, SUCCESS, logIndex=4156, commits[2573df58-4087-4dd0-8598-5abddcc696b9:c4156]
2019-06-13 21:51:44,096 INFO  client.GrpcClientProtocolClient (GrpcClientProtocolClient.java:onNext(254)) - client-9C97446E6A25->2573df58-4087-4dd0-8598-5abddcc696b9: receive RaftClientReply:client-9C97446E6A25->2573df58-4087-4dd0-8598-5abddcc696b9@group-CE3C0447B19C, cid=2507, SUCCESS, logIndex=4157, commits[2573df58-4087-4dd0-8598-5abddcc696b9:c4159]
2019-06-13 21:51:44,096 INFO  client.GrpcClientProtocolClient (GrpcClientProtocolClient.java:onNext(254)) - client-9C97446E6A25->2573df58-4087-4dd0-8598-5abddcc696b9: receive RaftClientReply:client-9C97446E6A25->2573df58-4087-4dd0-8598-5abddcc696b9@group-CE3C0447B19C, cid=2508, SUCCESS, logIndex=4158, commits[2573df58-4087-4dd0-8598-5abddcc696b9:c4159]
2019-06-13 21:51:44,101 INFO  client.GrpcClientProtocolClient (GrpcClientProtocolClient.java:onNext(254)) - client-9C97446E6A25->2573df58-4087-4dd0-8598-5abddcc696b9: receive RaftClientReply:client-9C97446E6A25->2573df58-4087-4dd0-8598-5abddcc696b9@group-CE3C0447B19C, cid=2509, SUCCESS, logIndex=4160, commits[2573df58-4087-4dd0-8598-5abddcc696b9:c4160]
2019-06-13 21:51:44,102 INFO  client.GrpcClientProtocolClient (GrpcClientProtocolClient.java:onNext(254)) - client-9C97446E6A25->2573df58-4087-4dd0-8598-5abddcc696b9: receive RaftClientReply:client-9C97446E6A25->2573df58-4087-4dd0-8598-5abddcc696b9@group-CE3C0447B19C, cid=2510, SUCCESS, logIndex=4162, commits[2573df58-4087-4dd0-8598-5abddcc696b9:c4162]
2019-06-13 21:51:44,103 INFO  client.GrpcClientProtocolClient (GrpcClientProtocolClient.java:onNext(254)) - client-9C97446E6A25->2573df58-4087-4dd0-8598-5abddcc696b9: receive RaftClientReply:client-9C97446E6A25->2573df58-4087-4dd0-8598-5abddcc696b9@group-CE3C0447B19C, cid=2511, SUCCESS, logIndex=4163, commits[2573df58-4087-4dd0-8598-5abddcc696b9:c4165]
2019-06-13 21:51:44,103 INFO  client.GrpcClientProtocolClient (GrpcClientProtocolClient.java:onNext(254)) - client-9C97446E6A25->2573df58-4087-4dd0-8598-5abddcc696b9: receive RaftClientReply:client-9C97446E6A25->2573df58-4087-4dd0-8598-5abddcc696b9@group-CE3C0447B19C, cid=2512, SUCCESS, logIndex=4164, commits[2573df58-4087-4dd0-8598-5abddcc696b9:c4165]
2019-06-13 21:51:44,112 INFO  client.GrpcClientProtocolClient (GrpcClientProtocolClient.java:onNext(254)) - client-9C97446E6A25->2573df58-4087-4dd0-8598-5abddcc696b9: receive RaftClientReply:client-9C97446E6A25->2573df58-4087-4dd0-8598-5abddcc696b9@group-CE3C0447B19C, cid=2513, SUCCESS, logIndex=4166, commits[2573df58-4087-4dd0-8598-5abddcc696b9:c4166]
2019-06-13 21:51:44,113 INFO  client.GrpcClientProtocolClient (GrpcClientProtocolClient.java:onNext(254)) - client-9C97446E6A25->2573df58-4087-4dd0-8598-5abddcc696b9: receive RaftClientReply:client-9C97446E6A25->2573df58-4087-4dd0-8598-5abddcc696b9@group-CE3C0447B19C, cid=2514, SUCCESS, logIndex=4168, commits[2573df58-4087-4dd0-8598-5abddcc696b9:c4168]
2019-06-13 21:51:44,115 INFO  client.GrpcClientProtocolClient (GrpcClientProtocolClient.java:onNext(254)) - client-9C97446E6A25->2573df58-4087-4dd0-8598-5abddcc696b9: receive RaftClientReply:client-9C97446E6A25->2573df58-4087-4dd0-8598-5abddcc696b9@group-CE3C0447B19C, cid=2515, SUCCESS, logIndex=4169, commits[2573df58-4087-4dd0-8598-5abddcc696b9:c4171]
2019-06-13 21:51:44,115 INFO  client.GrpcClientProtocolClient (GrpcClientProtocolClient.java:onNext(254)) - client-9C97446E6A25->2573df58-4087-4dd0-8598-5abddcc696b9: receive RaftClientReply:client-9C97446E6A25->2573df58-4087-4dd0-8598-5abddcc696b9@group-CE3C0447B19C, cid=2516, SUCCESS, logIndex=4170, commits[2573df58-4087-4dd0-8598-5abddcc696b9:c4171]
2019-06-13 21:51:44,121 INFO  client.GrpcClientProtocolClient (GrpcClientProtocolClient.java:onNext(254)) - client-9C97446E6A25->2573df58-4087-4dd0-8598-5abddcc696b9: receive RaftClientReply:client-9C97446E6A25->2573df58-4087-4dd0-8598-5abddcc696b9@group-CE3C0447B19C, cid=2517, SUCCESS, logIndex=4172, commits[2573df58-4087-4dd0-8598-5abddcc696b9:c4172]
2019-06-13 21:51:44,122 INFO  client.GrpcClientProtocolClient (GrpcClientProtocolClient.java:onNext(254)) - client-9C97446E6A25->2573df58-4087-4dd0-8598-5abddcc696b9: receive RaftClientReply:client-9C97446E6A25->2573df58-4087-4dd0-8598-5abddcc696b9@group-CE3C0447B19C, cid=2518, SUCCESS, logIndex=4174, commits[2573df58-4087-4dd0-8598-5abddcc696b9:c4174]
2019-06-13 21:51:44,131 DEBUG block.SCMBlockDeletingService (SCMBlockDeletingService.java:call(138)) - Running DeletedBlockTransactionScanner
2019-06-13 21:51:44,131 DEBUG block.SCMBlockDeletingService (SCMBlockDeletingService.java:call(155)) - Scanned deleted blocks log and got 0 delTX to process.
2019-06-13 21:51:44,189 INFO  client.GrpcClientProtocolClient (GrpcClientProtocolClient.java:onNext(254)) - client-9C97446E6A25->2573df58-4087-4dd0-8598-5abddcc696b9: receive RaftClientReply:client-9C97446E6A25->2573df58-4087-4dd0-8598-5abddcc696b9@group-CE3C0447B19C, cid=2519, SUCCESS, logIndex=4176, commits[2573df58-4087-4dd0-8598-5abddcc696b9:c4176]
2019-06-13 21:51:44,190 INFO  client.GrpcClientProtocolClient (GrpcClientProtocolClient.java:onNext(254)) - client-9C97446E6A25->2573df58-4087-4dd0-8598-5abddcc696b9: receive RaftClientReply:client-9C97446E6A25->2573df58-4087-4dd0-8598-5abddcc696b9@group-CE3C0447B19C, cid=2520, SUCCESS, logIndex=4178, commits[2573df58-4087-4dd0-8598-5abddcc696b9:c4178]
2019-06-13 21:51:44,199 INFO  client.GrpcClientProtocolClient (GrpcClientProtocolClient.java:onNext(254)) - client-9C97446E6A25->2573df58-4087-4dd0-8598-5abddcc696b9: receive RaftClientReply:client-9C97446E6A25->2573df58-4087-4dd0-8598-5abddcc696b9@group-CE3C0447B19C, cid=2521, SUCCESS, logIndex=4180, commits[2573df58-4087-4dd0-8598-5abddcc696b9:c4180]
2019-06-13 21:51:44,200 INFO  client.GrpcClientProtocolClient (GrpcClientProtocolClient.java:onNext(254)) - client-9C97446E6A25->2573df58-4087-4dd0-8598-5abddcc696b9: receive RaftClientReply:client-9C97446E6A25->2573df58-4087-4dd0-8598-5abddcc696b9@group-CE3C0447B19C, cid=2522, SUCCESS, logIndex=4182, commits[2573df58-4087-4dd0-8598-5abddcc696b9:c4182]
2019-06-13 21:51:44,201 INFO  client.GrpcClientProtocolClient (GrpcClientProtocolClient.java:onNext(254)) - client-9C97446E6A25->2573df58-4087-4dd0-8598-5abddcc696b9: receive RaftClientReply:client-9C97446E6A25->2573df58-4087-4dd0-8598-5abddcc696b9@group-CE3C0447B19C, cid=2523, SUCCESS, logIndex=4183, commits[2573df58-4087-4dd0-8598-5abddcc696b9:c4185]
2019-06-13 21:51:44,202 INFO  client.GrpcClientProtocolClient (GrpcClientProtocolClient.java:onNext(254)) - client-9C97446E6A25->2573df58-4087-4dd0-8598-5abddcc696b9: receive RaftClientReply:client-9C97446E6A25->2573df58-4087-4dd0-8598-5abddcc696b9@group-CE3C0447B19C, cid=2524, SUCCESS, logIndex=4184, commits[2573df58-4087-4dd0-8598-5abddcc696b9:c4185]
2019-06-13 21:51:44,207 INFO  client.GrpcClientProtocolClient (GrpcClientProtocolClient.java:onNext(254)) - client-9C97446E6A25->2573df58-4087-4dd0-8598-5abddcc696b9: receive RaftClientReply:client-9C97446E6A25->2573df58-4087-4dd0-8598-5abddcc696b9@group-CE3C0447B19C, cid=2525, SUCCESS, logIndex=4186, commits[2573df58-4087-4dd0-8598-5abddcc696b9:c4186]
2019-06-13 21:51:44,208 INFO  client.GrpcClientProtocolClient (GrpcClientProtocolClient.java:onNext(254)) - client-9C97446E6A25->2573df58-4087-4dd0-8598-5abddcc696b9: receive RaftClientReply:client-9C97446E6A25->2573df58-4087-4dd0-8598-5abddcc696b9@group-CE3C0447B19C, cid=2526, SUCCESS, logIndex=4188, commits[2573df58-4087-4dd0-8598-5abddcc696b9:c4188]
2019-06-13 21:51:44,209 INFO  client.GrpcClientProtocolClient (GrpcClientProtocolClient.java:onNext(254)) - client-9C97446E6A25->2573df58-4087-4dd0-8598-5abddcc696b9: receive RaftClientReply:client-9C97446E6A25->2573df58-4087-4dd0-8598-5abddcc696b9@group-CE3C0447B19C, cid=2527, SUCCESS, logIndex=4189, commits[2573df58-4087-4dd0-8598-5abddcc696b9:c4191]
2019-06-13 21:51:44,209 INFO  client.GrpcClientProtocolClient (GrpcClientProtocolClient.java:onNext(254)) - client-9C97446E6A25->2573df58-4087-4dd0-8598-5abddcc696b9: receive RaftClientReply:client-9C97446E6A25->2573df58-4087-4dd0-8598-5abddcc696b9@group-CE3C0447B19C, cid=2528, SUCCESS, logIndex=4190, commits[2573df58-4087-4dd0-8598-5abddcc696b9:c4191]
2019-06-13 21:51:44,218 INFO  client.GrpcClientProtocolClient (GrpcClientProtocolClient.java:onNext(254)) - client-9C97446E6A25->2573df58-4087-4dd0-8598-5abddcc696b9: receive RaftClientReply:client-9C97446E6A25->2573df58-4087-4dd0-8598-5abddcc696b9@group-CE3C0447B19C, cid=2529, SUCCESS, logIndex=4192, commits[2573df58-4087-4dd0-8598-5abddcc696b9:c4192]
2019-06-13 21:51:44,219 INFO  client.GrpcClientProtocolClient (GrpcClientProtocolClient.java:onNext(254)) - client-9C97446E6A25->2573df58-4087-4dd0-8598-5abddcc696b9: receive RaftClientReply:client-9C97446E6A25->2573df58-4087-4dd0-8598-5abddcc696b9@group-CE3C0447B19C, cid=2530, SUCCESS, logIndex=4194, commits[2573df58-4087-4dd0-8598-5abddcc696b9:c4194]
2019-06-13 21:51:44,220 INFO  client.GrpcClientProtocolClient (GrpcClientProtocolClient.java:onNext(254)) - client-9C97446E6A25->2573df58-4087-4dd0-8598-5abddcc696b9: receive RaftClientReply:client-9C97446E6A25->2573df58-4087-4dd0-8598-5abddcc696b9@group-CE3C0447B19C, cid=2531, SUCCESS, logIndex=4195, commits[2573df58-4087-4dd0-8598-5abddcc696b9:c4197]
2019-06-13 21:51:44,220 INFO  client.GrpcClientProtocolClient (GrpcClientProtocolClient.java:onNext(254)) - client-9C97446E6A25->2573df58-4087-4dd0-8598-5abddcc696b9: receive RaftClientReply:client-9C97446E6A25->2573df58-4087-4dd0-8598-5abddcc696b9@group-CE3C0447B19C, cid=2532, SUCCESS, logIndex=4196, commits[2573df58-4087-4dd0-8598-5abddcc696b9:c4197]
2019-06-13 21:51:44,225 INFO  client.GrpcClientProtocolClient (GrpcClientProtocolClient.java:onNext(254)) - client-9C97446E6A25->2573df58-4087-4dd0-8598-5abddcc696b9: receive RaftClientReply:client-9C97446E6A25->2573df58-4087-4dd0-8598-5abddcc696b9@group-CE3C0447B19C, cid=2533, SUCCESS, logIndex=4198, commits[2573df58-4087-4dd0-8598-5abddcc696b9:c4198]
2019-06-13 21:51:44,226 INFO  client.GrpcClientProtocolClient (GrpcClientProtocolClient.java:onNext(254)) - client-9C97446E6A25->2573df58-4087-4dd0-8598-5abddcc696b9: receive RaftClientReply:client-9C97446E6A25->2573df58-4087-4dd0-8598-5abddcc696b9@group-CE3C0447B19C, cid=2534, SUCCESS, logIndex=4200, commits[2573df58-4087-4dd0-8598-5abddcc696b9:c4200]
2019-06-13 21:51:44,227 INFO  client.GrpcClientProtocolClient (GrpcClientProtocolClient.java:onNext(254)) - client-9C97446E6A25->2573df58-4087-4dd0-8598-5abddcc696b9: receive RaftClientReply:client-9C97446E6A25->2573df58-4087-4dd0-8598-5abddcc696b9@group-CE3C0447B19C, cid=2535, SUCCESS, logIndex=4201, commits[2573df58-4087-4dd0-8598-5abddcc696b9:c4203]
2019-06-13 21:51:44,227 INFO  client.GrpcClientProtocolClient (GrpcClientProtocolClient.java:onNext(254)) - client-9C97446E6A25->2573df58-4087-4dd0-8598-5abddcc696b9: receive RaftClientReply:client-9C97446E6A25->2573df58-4087-4dd0-8598-5abddcc696b9@group-CE3C0447B19C, cid=2536, SUCCESS, logIndex=4202, commits[2573df58-4087-4dd0-8598-5abddcc696b9:c4203]
2019-06-13 21:51:44,231 DEBUG block.SCMBlockDeletingService (SCMBlockDeletingService.java:call(138)) - Running DeletedBlockTransactionScanner
2019-06-13 21:51:44,231 DEBUG block.SCMBlockDeletingService (SCMBlockDeletingService.java:call(155)) - Scanned deleted blocks log and got 0 delTX to process.
2019-06-13 21:51:44,236 INFO  client.GrpcClientProtocolClient (GrpcClientProtocolClient.java:onNext(254)) - client-9C97446E6A25->2573df58-4087-4dd0-8598-5abddcc696b9: receive RaftClientReply:client-9C97446E6A25->2573df58-4087-4dd0-8598-5abddcc696b9@group-CE3C0447B19C, cid=2537, SUCCESS, logIndex=4204, commits[2573df58-4087-4dd0-8598-5abddcc696b9:c4204]
2019-06-13 21:51:44,236 INFO  storage.RaftLogWorker (RaftLogWorker.java:rollLogSegment(303)) - 2573df58-4087-4dd0-8598-5abddcc696b9-RaftLogWorker: Rolling segment log-4139_4206 to index:4206
2019-06-13 21:51:44,237 INFO  storage.RaftLogWorker (RaftLogWorker.java:execute(433)) - 2573df58-4087-4dd0-8598-5abddcc696b9-RaftLogWorker: Rolled log segment from /opt/src/hadoop-ozone/integration-test/target/test-dir/MiniOzoneClusterImpl-8578056e-9b7b-4e66-9e9f-ef53d5cd7c03/datanode-0/data/ratis/7f5c2536-ed89-4233-9ec0-ce3c0447b19c/current/log_inprogress_4139 to /opt/src/hadoop-ozone/integration-test/target/test-dir/MiniOzoneClusterImpl-8578056e-9b7b-4e66-9e9f-ef53d5cd7c03/datanode-0/data/ratis/7f5c2536-ed89-4233-9ec0-ce3c0447b19c/current/log_4139-4206
2019-06-13 21:51:44,241 INFO  client.GrpcClientProtocolClient (GrpcClientProtocolClient.java:onNext(254)) - client-9C97446E6A25->2573df58-4087-4dd0-8598-5abddcc696b9: receive RaftClientReply:client-9C97446E6A25->2573df58-4087-4dd0-8598-5abddcc696b9@group-CE3C0447B19C, cid=2538, SUCCESS, logIndex=4206, commits[2573df58-4087-4dd0-8598-5abddcc696b9:c4206]
2019-06-13 21:51:44,273 INFO  storage.RaftLogWorker (RaftLogWorker.java:execute(469)) - 2573df58-4087-4dd0-8598-5abddcc696b9-RaftLogWorker: created new log segment /opt/src/hadoop-ozone/integration-test/target/test-dir/MiniOzoneClusterImpl-8578056e-9b7b-4e66-9e9f-ef53d5cd7c03/datanode-0/data/ratis/7f5c2536-ed89-4233-9ec0-ce3c0447b19c/current/log_inprogress_4207
2019-06-13 21:51:44,274 INFO  client.GrpcClientProtocolClient (GrpcClientProtocolClient.java:onNext(254)) - client-9C97446E6A25->2573df58-4087-4dd0-8598-5abddcc696b9: receive RaftClientReply:client-9C97446E6A25->2573df58-4087-4dd0-8598-5abddcc696b9@group-CE3C0447B19C, cid=2539, SUCCESS, logIndex=4207, commits[2573df58-4087-4dd0-8598-5abddcc696b9:c4209]
2019-06-13 21:51:44,275 INFO  client.GrpcClientProtocolClient (GrpcClientProtocolClient.java:onNext(254)) - client-9C97446E6A25->2573df58-4087-4dd0-8598-5abddcc696b9: receive RaftClientReply:client-9C97446E6A25->2573df58-4087-4dd0-8598-5abddcc696b9@group-CE3C0447B19C, cid=2540, SUCCESS, logIndex=4209, commits[2573df58-4087-4dd0-8598-5abddcc696b9:c4210]
2019-06-13 21:51:44,563 INFO  client.GrpcClientProtocolClient (GrpcClientProtocolClient.java:onNext(254)) - client-9C97446E6A25->2573df58-4087-4dd0-8598-5abddcc696b9: receive RaftClientReply:client-9C97446E6A25->2573df58-4087-4dd0-8598-5abddcc696b9@group-CE3C0447B19C, cid=2541, SUCCESS, logIndex=4211, commits[2573df58-4087-4dd0-8598-5abddcc696b9:c4211]
2019-06-13 21:51:44,567 DEBUG block.SCMBlockDeletingService (SCMBlockDeletingService.java:call(138)) - Running DeletedBlockTransactionScanner
2019-06-13 21:51:44,567 DEBUG block.SCMBlockDeletingService (SCMBlockDeletingService.java:call(155)) - Scanned deleted blocks log and got 0 delTX to process.
2019-06-13 21:51:44,579 INFO  client.GrpcClientProtocolClient (GrpcClientProtocolClient.java:onNext(254)) - client-9C97446E6A25->2573df58-4087-4dd0-8598-5abddcc696b9: receive RaftClientReply:client-9C97446E6A25->2573df58-4087-4dd0-8598-5abddcc696b9@group-CE3C0447B19C, cid=2542, SUCCESS, logIndex=4213, commits[2573df58-4087-4dd0-8598-5abddcc696b9:c4215]
2019-06-13 21:51:44,579 INFO  client.GrpcClientProtocolClient (GrpcClientProtocolClient.java:onNext(254)) - client-9C97446E6A25->2573df58-4087-4dd0-8598-5abddcc696b9: receive RaftClientReply:client-9C97446E6A25->2573df58-4087-4dd0-8598-5abddcc696b9@group-CE3C0447B19C, cid=2543, SUCCESS, logIndex=4214, commits[2573df58-4087-4dd0-8598-5abddcc696b9:c4216]
2019-06-13 21:51:44,580 INFO  client.GrpcClientProtocolClient (GrpcClientProtocolClient.java:onNext(254)) - client-9C97446E6A25->2573df58-4087-4dd0-8598-5abddcc696b9: receive RaftClientReply:client-9C97446E6A25->2573df58-4087-4dd0-8598-5abddcc696b9@group-CE3C0447B19C, cid=2544, SUCCESS, logIndex=4215, commits[2573df58-4087-4dd0-8598-5abddcc696b9:c4216]
2019-06-13 21:51:44,589 INFO  client.GrpcClientProtocolClient (GrpcClientProtocolClient.java:onNext(254)) - client-9C97446E6A25->2573df58-4087-4dd0-8598-5abddcc696b9: receive RaftClientReply:client-9C97446E6A25->2573df58-4087-4dd0-8598-5abddcc696b9@group-CE3C0447B19C, cid=2545, SUCCESS, logIndex=4217, commits[2573df58-4087-4dd0-8598-5abddcc696b9:c4217]
2019-06-13 21:51:44,591 INFO  client.GrpcClientProtocolClient (GrpcClientProtocolClient.java:onNext(254)) - client-9C97446E6A25->2573df58-4087-4dd0-8598-5abddcc696b9: receive RaftClientReply:client-9C97446E6A25->2573df58-4087-4dd0-8598-5abddcc696b9@group-CE3C0447B19C, cid=2546, SUCCESS, logIndex=4219, commits[2573df58-4087-4dd0-8598-5abddcc696b9:c4219]
2019-06-13 21:51:44,591 INFO  client.GrpcClientProtocolClient (GrpcClientProtocolClient.java:onNext(254)) - client-9C97446E6A25->2573df58-4087-4dd0-8598-5abddcc696b9: receive RaftClientReply:client-9C97446E6A25->2573df58-4087-4dd0-8598-5abddcc696b9@group-CE3C0447B19C, cid=2547, SUCCESS, logIndex=4220, commits[2573df58-4087-4dd0-8598-5abddcc696b9:c4221]
2019-06-13 21:51:44,592 INFO  client.GrpcClientProtocolClient (GrpcClientProtocolClient.java:onNext(254)) - client-9C97446E6A25->2573df58-4087-4dd0-8598-5abddcc696b9: receive RaftClientReply:client-9C97446E6A25->2573df58-4087-4dd0-8598-5abddcc696b9@group-CE3C0447B19C, cid=2548, SUCCESS, logIndex=4221, commits[2573df58-4087-4dd0-8598-5abddcc696b9:c4221]
2019-06-13 21:51:44,597 INFO  client.GrpcClientProtocolClient (GrpcClientProtocolClient.java:onNext(254)) - client-9C97446E6A25->2573df58-4087-4dd0-8598-5abddcc696b9: receive RaftClientReply:client-9C97446E6A25->2573df58-4087-4dd0-8598-5abddcc696b9@group-CE3C0447B19C, cid=2549, SUCCESS, logIndex=4224, commits[2573df58-4087-4dd0-8598-5abddcc696b9:c4224]
2019-06-13 21:51:44,598 INFO  client.GrpcClientProtocolClient (GrpcClientProtocolClient.java:onNext(254)) - client-9C97446E6A25->2573df58-4087-4dd0-8598-5abddcc696b9: receive RaftClientReply:client-9C97446E6A25->2573df58-4087-4dd0-8598-5abddcc696b9@group-CE3C0447B19C, cid=2550, SUCCESS, logIndex=4226, commits[2573df58-4087-4dd0-8598-5abddcc696b9:c4226]
2019-06-13 21:51:44,600 INFO  client.GrpcClientProtocolClient (GrpcClientProtocolClient.java:onNext(254)) - client-9C97446E6A25->2573df58-4087-4dd0-8598-5abddcc696b9: receive RaftClientReply:client-9C97446E6A25->2573df58-4087-4dd0-8598-5abddcc696b9@group-CE3C0447B19C, cid=2551, SUCCESS, logIndex=4227, commits[2573df58-4087-4dd0-8598-5abddcc696b9:c4229]
2019-06-13 21:51:44,601 INFO  client.GrpcClientProtocolClient (GrpcClientProtocolClient.java:onNext(254)) - client-9C97446E6A25->2573df58-4087-4dd0-8598-5abddcc696b9: receive RaftClientReply:client-9C97446E6A25->2573df58-4087-4dd0-8598-5abddcc696b9@group-CE3C0447B19C, cid=2552, SUCCESS, logIndex=4228, commits[2573df58-4087-4dd0-8598-5abddcc696b9:c4229]
2019-06-13 21:51:44,612 INFO  client.GrpcClientProtocolClient (GrpcClientProtocolClient.java:onNext(254)) - client-9C97446E6A25->2573df58-4087-4dd0-8598-5abddcc696b9: receive RaftClientReply:client-9C97446E6A25->2573df58-4087-4dd0-8598-5abddcc696b9@group-CE3C0447B19C, cid=2553, SUCCESS, logIndex=4230, commits[2573df58-4087-4dd0-8598-5abddcc696b9:c4230]
2019-06-13 21:51:44,614 INFO  client.GrpcClientProtocolClient (GrpcClientProtocolClient.java:onNext(254)) - client-9C97446E6A25->2573df58-4087-4dd0-8598-5abddcc696b9: receive RaftClientReply:client-9C97446E6A25->2573df58-4087-4dd0-8598-5abddcc696b9@group-CE3C0447B19C, cid=2554, SUCCESS, logIndex=4232, commits[2573df58-4087-4dd0-8598-5abddcc696b9:c4232]
2019-06-13 21:51:44,617 INFO  client.GrpcClientProtocolClient (GrpcClientProtocolClient.java:onNext(254)) - client-9C97446E6A25->2573df58-4087-4dd0-8598-5abddcc696b9: receive RaftClientReply:client-9C97446E6A25->2573df58-4087-4dd0-8598-5abddcc696b9@group-CE3C0447B19C, cid=2555, SUCCESS, logIndex=4233, commits[2573df58-4087-4dd0-8598-5abddcc696b9:c4235]
2019-06-13 21:51:44,617 INFO  client.GrpcClientProtocolClient (GrpcClientProtocolClient.java:onNext(254)) - client-9C97446E6A25->2573df58-4087-4dd0-8598-5abddcc696b9: receive RaftClientReply:client-9C97446E6A25->2573df58-4087-4dd0-8598-5abddcc696b9@group-CE3C0447B19C, cid=2556, SUCCESS, logIndex=4234, commits[2573df58-4087-4dd0-8598-5abddcc696b9:c4235]
2019-06-13 21:51:44,625 INFO  client.GrpcClientProtocolClient (GrpcClientProtocolClient.java:onNext(254)) - client-9C97446E6A25->2573df58-4087-4dd0-8598-5abddcc696b9: receive RaftClientReply:client-9C97446E6A25->2573df58-4087-4dd0-8598-5abddcc696b9@group-CE3C0447B19C, cid=2557, SUCCESS, logIndex=4236, commits[2573df58-4087-4dd0-8598-5abddcc696b9:c4236]
2019-06-13 21:51:44,626 INFO  client.GrpcClientProtocolClient (GrpcClientProtocolClient.java:onNext(254)) - client-9C97446E6A25->2573df58-4087-4dd0-8598-5abddcc696b9: receive RaftClientReply:client-9C97446E6A25->2573df58-4087-4dd0-8598-5abddcc696b9@group-CE3C0447B19C, cid=2558, SUCCESS, logIndex=4238, commits[2573df58-4087-4dd0-8598-5abddcc696b9:c4238]
2019-06-13 21:51:44,627 INFO  client.GrpcClientProtocolClient (GrpcClientProtocolClient.java:onNext(254)) - client-9C97446E6A25->2573df58-4087-4dd0-8598-5abddcc696b9: receive RaftClientReply:client-9C97446E6A25->2573df58-4087-4dd0-8598-5abddcc696b9@group-CE3C0447B19C, cid=2559, SUCCESS, logIndex=4239, commits[2573df58-4087-4dd0-8598-5abddcc696b9:c4241]
2019-06-13 21:51:44,628 INFO  client.GrpcClientProtocolClient (GrpcClientProtocolClient.java:onNext(254)) - client-9C97446E6A25->2573df58-4087-4dd0-8598-5abddcc696b9: receive RaftClientReply:client-9C97446E6A25->2573df58-4087-4dd0-8598-5abddcc696b9@group-CE3C0447B19C, cid=2560, SUCCESS, logIndex=4240, commits[2573df58-4087-4dd0-8598-5abddcc696b9:c4241]
2019-06-13 21:51:44,644 INFO  client.GrpcClientProtocolClient (GrpcClientProtocolClient.java:onNext(254)) - client-9C97446E6A25->2573df58-4087-4dd0-8598-5abddcc696b9: receive RaftClientReply:client-9C97446E6A25->2573df58-4087-4dd0-8598-5abddcc696b9@group-CE3C0447B19C, cid=2561, SUCCESS, logIndex=4242, commits[2573df58-4087-4dd0-8598-5abddcc696b9:c4242]
2019-06-13 21:51:44,645 INFO  client.GrpcClientProtocolClient (GrpcClientProtocolClient.java:onNext(254)) - client-9C97446E6A25->2573df58-4087-4dd0-8598-5abddcc696b9: receive RaftClientReply:client-9C97446E6A25->2573df58-4087-4dd0-8598-5abddcc696b9@group-CE3C0447B19C, cid=2562, SUCCESS, logIndex=4244, commits[2573df58-4087-4dd0-8598-5abddcc696b9:c4244]
2019-06-13 21:51:44,667 DEBUG block.SCMBlockDeletingService (SCMBlockDeletingService.java:call(138)) - Running DeletedBlockTransactionScanner
2019-06-13 21:51:44,667 DEBUG block.SCMBlockDeletingService (SCMBlockDeletingService.java:call(155)) - Scanned deleted blocks log and got 0 delTX to process.
2019-06-13 21:51:44,712 INFO  client.GrpcClientProtocolClient (GrpcClientProtocolClient.java:onNext(254)) - client-9C97446E6A25->2573df58-4087-4dd0-8598-5abddcc696b9: receive RaftClientReply:client-9C97446E6A25->2573df58-4087-4dd0-8598-5abddcc696b9@group-CE3C0447B19C, cid=2563, SUCCESS, logIndex=4246, commits[2573df58-4087-4dd0-8598-5abddcc696b9:c4246]
2019-06-13 21:51:44,713 INFO  client.GrpcClientProtocolClient (GrpcClientProtocolClient.java:onNext(254)) - client-9C97446E6A25->2573df58-4087-4dd0-8598-5abddcc696b9: receive RaftClientReply:client-9C97446E6A25->2573df58-4087-4dd0-8598-5abddcc696b9@group-CE3C0447B19C, cid=2564, SUCCESS, logIndex=4248, commits[2573df58-4087-4dd0-8598-5abddcc696b9:c4248]
2019-06-13 21:51:44,719 INFO  client.GrpcClientProtocolClient (GrpcClientProtocolClient.java:onNext(254)) - client-9C97446E6A25->2573df58-4087-4dd0-8598-5abddcc696b9: receive RaftClientReply:client-9C97446E6A25->2573df58-4087-4dd0-8598-5abddcc696b9@group-CE3C0447B19C, cid=2565, SUCCESS, logIndex=4250, commits[2573df58-4087-4dd0-8598-5abddcc696b9:c4250]
2019-06-13 21:51:44,721 INFO  client.GrpcClientProtocolClient (GrpcClientProtocolClient.java:onNext(254)) - client-9C97446E6A25->2573df58-4087-4dd0-8598-5abddcc696b9: receive RaftClientReply:client-9C97446E6A25->2573df58-4087-4dd0-8598-5abddcc696b9@group-CE3C0447B19C, cid=2566, SUCCESS, logIndex=4252, commits[2573df58-4087-4dd0-8598-5abddcc696b9:c4252]
2019-06-13 21:51:44,722 INFO  client.GrpcClientProtocolClient (GrpcClientProtocolClient.java:onNext(254)) - client-9C97446E6A25->2573df58-4087-4dd0-8598-5abddcc696b9: receive RaftClientReply:client-9C97446E6A25->2573df58-4087-4dd0-8598-5abddcc696b9@group-CE3C0447B19C, cid=2567, SUCCESS, logIndex=4253, commits[2573df58-4087-4dd0-8598-5abddcc696b9:c4254]
2019-06-13 21:51:44,722 INFO  client.GrpcClientProtocolClient (GrpcClientProtocolClient.java:onNext(254)) - client-9C97446E6A25->2573df58-4087-4dd0-8598-5abddcc696b9: receive RaftClientReply:client-9C97446E6A25->2573df58-4087-4dd0-8598-5abddcc696b9@group-CE3C0447B19C, cid=2568, SUCCESS, logIndex=4254, commits[2573df58-4087-4dd0-8598-5abddcc696b9:c4254]
2019-06-13 21:51:44,743 INFO  client.GrpcClientProtocolClient (GrpcClientProtocolClient.java:onNext(254)) - client-9C97446E6A25->2573df58-4087-4dd0-8598-5abddcc696b9: receive RaftClientReply:client-9C97446E6A25->2573df58-4087-4dd0-8598-5abddcc696b9@group-CE3C0447B19C, cid=2569, SUCCESS, logIndex=4257, commits[2573df58-4087-4dd0-8598-5abddcc696b9:c4257]
2019-06-13 21:51:44,744 INFO  client.GrpcClientProtocolClient (GrpcClientProtocolClient.java:onNext(254)) - client-9C97446E6A25->2573df58-4087-4dd0-8598-5abddcc696b9: receive RaftClientReply:client-9C97446E6A25->2573df58-4087-4dd0-8598-5abddcc696b9@group-CE3C0447B19C, cid=2570, SUCCESS, logIndex=4259, commits[2573df58-4087-4dd0-8598-5abddcc696b9:c4259]
2019-06-13 21:51:44,747 INFO  client.GrpcClientProtocolClient (GrpcClientProtocolClient.java:onNext(254)) - client-9C97446E6A25->2573df58-4087-4dd0-8598-5abddcc696b9: receive RaftClientReply:client-9C97446E6A25->2573df58-4087-4dd0-8598-5abddcc696b9@group-CE3C0447B19C, cid=2571, SUCCESS, logIndex=4260, commits[2573df58-4087-4dd0-8598-5abddcc696b9:c4262]
2019-06-13 21:51:44,751 INFO  client.GrpcClientProtocolClient (GrpcClientProtocolClient.java:onNext(254)) - client-9C97446E6A25->2573df58-4087-4dd0-8598-5abddcc696b9: receive RaftClientReply:client-9C97446E6A25->2573df58-4087-4dd0-8598-5abddcc696b9@group-CE3C0447B19C, cid=2572, SUCCESS, logIndex=4261, commits[2573df58-4087-4dd0-8598-5abddcc696b9:c4262]
2019-06-13 21:51:44,763 INFO  client.GrpcClientProtocolClient (GrpcClientProtocolClient.java:onNext(254)) - client-9C97446E6A25->2573df58-4087-4dd0-8598-5abddcc696b9: receive RaftClientReply:client-9C97446E6A25->2573df58-4087-4dd0-8598-5abddcc696b9@group-CE3C0447B19C, cid=2573, SUCCESS, logIndex=4263, commits[2573df58-4087-4dd0-8598-5abddcc696b9:c4264]
2019-06-13 21:51:44,767 INFO  client.GrpcClientProtocolClient (GrpcClientProtocolClient.java:onNext(254)) - client-9C97446E6A25->2573df58-4087-4dd0-8598-5abddcc696b9: receive RaftClientReply:client-9C97446E6A25->2573df58-4087-4dd0-8598-5abddcc696b9@group-CE3C0447B19C, cid=2574, SUCCESS, logIndex=4265, commits[2573df58-4087-4dd0-8598-5abddcc696b9:c4265]
2019-06-13 21:51:44,768 DEBUG block.SCMBlockDeletingService (SCMBlockDeletingService.java:call(138)) - Running DeletedBlockTransactionScanner
2019-06-13 21:51:44,768 DEBUG block.SCMBlockDeletingService (SCMBlockDeletingService.java:call(155)) - Scanned deleted blocks log and got 0 delTX to process.
2019-06-13 21:51:44,769 INFO  client.GrpcClientProtocolClient (GrpcClientProtocolClient.java:onNext(254)) - client-9C97446E6A25->2573df58-4087-4dd0-8598-5abddcc696b9: receive RaftClientReply:client-9C97446E6A25->2573df58-4087-4dd0-8598-5abddcc696b9@group-CE3C0447B19C, cid=2575, SUCCESS, logIndex=4266, commits[2573df58-4087-4dd0-8598-5abddcc696b9:c4267]
2019-06-13 21:51:44,774 INFO  client.GrpcClientProtocolClient (GrpcClientProtocolClient.java:onNext(254)) - client-9C97446E6A25->2573df58-4087-4dd0-8598-5abddcc696b9: receive RaftClientReply:client-9C97446E6A25->2573df58-4087-4dd0-8598-5abddcc696b9@group-CE3C0447B19C, cid=2576, SUCCESS, logIndex=4267, commits[2573df58-4087-4dd0-8598-5abddcc696b9:c4267]
2019-06-13 21:51:44,786 INFO  client.GrpcClientProtocolClient (GrpcClientProtocolClient.java:onNext(254)) - client-9C97446E6A25->2573df58-4087-4dd0-8598-5abddcc696b9: receive RaftClientReply:client-9C97446E6A25->2573df58-4087-4dd0-8598-5abddcc696b9@group-CE3C0447B19C, cid=2577, SUCCESS, logIndex=4270, commits[2573df58-4087-4dd0-8598-5abddcc696b9:c4270]
2019-06-13 21:51:44,789 INFO  client.GrpcClientProtocolClient (GrpcClientProtocolClient.java:onNext(254)) - client-9C97446E6A25->2573df58-4087-4dd0-8598-5abddcc696b9: receive RaftClientReply:client-9C97446E6A25->2573df58-4087-4dd0-8598-5abddcc696b9@group-CE3C0447B19C, cid=2578, SUCCESS, logIndex=4272, commits[2573df58-4087-4dd0-8598-5abddcc696b9:c4272]
2019-06-13 21:51:44,790 INFO  client.GrpcClientProtocolClient (GrpcClientProtocolClient.java:onNext(254)) - client-9C97446E6A25->2573df58-4087-4dd0-8598-5abddcc696b9: receive RaftClientReply:client-9C97446E6A25->2573df58-4087-4dd0-8598-5abddcc696b9@group-CE3C0447B19C, cid=2579, SUCCESS, logIndex=4273, commits[2573df58-4087-4dd0-8598-5abddcc696b9:c4273]
2019-06-13 21:51:44,790 INFO  client.GrpcClientProtocolClient (GrpcClientProtocolClient.java:onNext(254)) - client-9C97446E6A25->2573df58-4087-4dd0-8598-5abddcc696b9: receive RaftClientReply:client-9C97446E6A25->2573df58-4087-4dd0-8598-5abddcc696b9@group-CE3C0447B19C, cid=2580, SUCCESS, logIndex=4275, commits[2573df58-4087-4dd0-8598-5abddcc696b9:c4275]
2019-06-13 21:51:44,799 INFO  storage.RaftLogWorker (RaftLogWorker.java:rollLogSegment(303)) - 2573df58-4087-4dd0-8598-5abddcc696b9-RaftLogWorker: Rolling segment log-4207_4279 to index:4279
2019-06-13 21:51:44,799 INFO  client.GrpcClientProtocolClient (GrpcClientProtocolClient.java:onNext(254)) - client-9C97446E6A25->2573df58-4087-4dd0-8598-5abddcc696b9: receive RaftClientReply:client-9C97446E6A25->2573df58-4087-4dd0-8598-5abddcc696b9@group-CE3C0447B19C, cid=2581, SUCCESS, logIndex=4278, commits[2573df58-4087-4dd0-8598-5abddcc696b9:c4278]
2019-06-13 21:51:44,799 INFO  storage.RaftLogWorker (RaftLogWorker.java:execute(433)) - 2573df58-4087-4dd0-8598-5abddcc696b9-RaftLogWorker: Rolled log segment from /opt/src/hadoop-ozone/integration-test/target/test-dir/MiniOzoneClusterImpl-8578056e-9b7b-4e66-9e9f-ef53d5cd7c03/datanode-0/data/ratis/7f5c2536-ed89-4233-9ec0-ce3c0447b19c/current/log_inprogress_4207 to /opt/src/hadoop-ozone/integration-test/target/test-dir/MiniOzoneClusterImpl-8578056e-9b7b-4e66-9e9f-ef53d5cd7c03/datanode-0/data/ratis/7f5c2536-ed89-4233-9ec0-ce3c0447b19c/current/log_4207-4279
2019-06-13 21:51:44,836 INFO  storage.RaftLogWorker (RaftLogWorker.java:execute(469)) - 2573df58-4087-4dd0-8598-5abddcc696b9-RaftLogWorker: created new log segment /opt/src/hadoop-ozone/integration-test/target/test-dir/MiniOzoneClusterImpl-8578056e-9b7b-4e66-9e9f-ef53d5cd7c03/datanode-0/data/ratis/7f5c2536-ed89-4233-9ec0-ce3c0447b19c/current/log_inprogress_4280
2019-06-13 21:51:44,838 INFO  client.GrpcClientProtocolClient (GrpcClientProtocolClient.java:onNext(254)) - client-9C97446E6A25->2573df58-4087-4dd0-8598-5abddcc696b9: receive RaftClientReply:client-9C97446E6A25->2573df58-4087-4dd0-8598-5abddcc696b9@group-CE3C0447B19C, cid=2582, SUCCESS, logIndex=4280, commits[2573df58-4087-4dd0-8598-5abddcc696b9:c4282]
2019-06-13 21:51:44,839 INFO  client.GrpcClientProtocolClient (GrpcClientProtocolClient.java:onNext(254)) - client-9C97446E6A25->2573df58-4087-4dd0-8598-5abddcc696b9: receive RaftClientReply:client-9C97446E6A25->2573df58-4087-4dd0-8598-5abddcc696b9@group-CE3C0447B19C, cid=2583, SUCCESS, logIndex=4281, commits[2573df58-4087-4dd0-8598-5abddcc696b9:c4283]
2019-06-13 21:51:44,843 INFO  client.GrpcClientProtocolClient (GrpcClientProtocolClient.java:onNext(254)) - client-9C97446E6A25->2573df58-4087-4dd0-8598-5abddcc696b9: receive RaftClientReply:client-9C97446E6A25->2573df58-4087-4dd0-8598-5abddcc696b9@group-CE3C0447B19C, cid=2584, SUCCESS, logIndex=4282, commits[2573df58-4087-4dd0-8598-5abddcc696b9:c4283]
2019-06-13 21:51:44,858 INFO  client.GrpcClientProtocolClient (GrpcClientProtocolClient.java:onNext(254)) - client-9C97446E6A25->2573df58-4087-4dd0-8598-5abddcc696b9: receive RaftClientReply:client-9C97446E6A25->2573df58-4087-4dd0-8598-5abddcc696b9@group-CE3C0447B19C, cid=2585, SUCCESS, logIndex=4284, commits[2573df58-4087-4dd0-8598-5abddcc696b9:c4284]
2019-06-13 21:51:44,860 INFO  client.GrpcClientProtocolClient (GrpcClientProtocolClient.java:onNext(254)) - client-9C97446E6A25->2573df58-4087-4dd0-8598-5abddcc696b9: receive RaftClientReply:client-9C97446E6A25->2573df58-4087-4dd0-8598-5abddcc696b9@group-CE3C0447B19C, cid=2586, SUCCESS, logIndex=4286, commits[2573df58-4087-4dd0-8598-5abddcc696b9:c4286]
2019-06-13 21:51:44,861 INFO  client.GrpcClientProtocolClient (GrpcClientProtocolClient.java:onNext(254)) - client-9C97446E6A25->2573df58-4087-4dd0-8598-5abddcc696b9: receive RaftClientReply:client-9C97446E6A25->2573df58-4087-4dd0-8598-5abddcc696b9@group-CE3C0447B19C, cid=2587, SUCCESS, logIndex=4287, commits[2573df58-4087-4dd0-8598-5abddcc696b9:c4289]
2019-06-13 21:51:44,863 INFO  client.GrpcClientProtocolClient (GrpcClientProtocolClient.java:onNext(254)) - client-9C97446E6A25->2573df58-4087-4dd0-8598-5abddcc696b9: receive RaftClientReply:client-9C97446E6A25->2573df58-4087-4dd0-8598-5abddcc696b9@group-CE3C0447B19C, cid=2588, SUCCESS, logIndex=4288, commits[2573df58-4087-4dd0-8598-5abddcc696b9:c4289]
2019-06-13 21:51:44,870 DEBUG block.SCMBlockDeletingService (SCMBlockDeletingService.java:call(138)) - Running DeletedBlockTransactionScanner
2019-06-13 21:51:44,870 DEBUG block.SCMBlockDeletingService (SCMBlockDeletingService.java:call(155)) - Scanned deleted blocks log and got 0 delTX to process.
2019-06-13 21:51:44,872 INFO  client.GrpcClientProtocolClient (GrpcClientProtocolClient.java:onNext(254)) - client-9C97446E6A25->2573df58-4087-4dd0-8598-5abddcc696b9: receive RaftClientReply:client-9C97446E6A25->2573df58-4087-4dd0-8598-5abddcc696b9@group-CE3C0447B19C, cid=2589, SUCCESS, logIndex=4290, commits[2573df58-4087-4dd0-8598-5abddcc696b9:c4290]
2019-06-13 21:51:44,874 INFO  client.GrpcClientProtocolClient (GrpcClientProtocolClient.java:onNext(254)) - client-9C97446E6A25->2573df58-4087-4dd0-8598-5abddcc696b9: receive RaftClientReply:client-9C97446E6A25->2573df58-4087-4dd0-8598-5abddcc696b9@group-CE3C0447B19C, cid=2590, SUCCESS, logIndex=4292, commits[2573df58-4087-4dd0-8598-5abddcc696b9:c4292]
2019-06-13 21:51:44,875 INFO  client.GrpcClientProtocolClient (GrpcClientProtocolClient.java:onNext(254)) - client-9C97446E6A25->2573df58-4087-4dd0-8598-5abddcc696b9: receive RaftClientReply:client-9C97446E6A25->2573df58-4087-4dd0-8598-5abddcc696b9@group-CE3C0447B19C, cid=2591, SUCCESS, logIndex=4293, commits[2573df58-4087-4dd0-8598-5abddcc696b9:c4295]
2019-06-13 21:51:44,876 INFO  client.GrpcClientProtocolClient (GrpcClientProtocolClient.java:onNext(254)) - client-9C97446E6A25->2573df58-4087-4dd0-8598-5abddcc696b9: receive RaftClientReply:client-9C97446E6A25->2573df58-4087-4dd0-8598-5abddcc696b9@group-CE3C0447B19C, cid=2592, SUCCESS, logIndex=4294, commits[2573df58-4087-4dd0-8598-5abddcc696b9:c4295]
2019-06-13 21:51:44,887 INFO  client.GrpcClientProtocolClient (GrpcClientProtocolClient.java:onNext(254)) - client-9C97446E6A25->2573df58-4087-4dd0-8598-5abddcc696b9: receive RaftClientReply:client-9C97446E6A25->2573df58-4087-4dd0-8598-5abddcc696b9@group-CE3C0447B19C, cid=2593, SUCCESS, logIndex=4296, commits[2573df58-4087-4dd0-8598-5abddcc696b9:c4296]
2019-06-13 21:51:44,890 INFO  client.GrpcClientProtocolClient (GrpcClientProtocolClient.java:onNext(254)) - client-9C97446E6A25->2573df58-4087-4dd0-8598-5abddcc696b9: receive RaftClientReply:client-9C97446E6A25->2573df58-4087-4dd0-8598-5abddcc696b9@group-CE3C0447B19C, cid=2594, SUCCESS, logIndex=4298, commits[2573df58-4087-4dd0-8598-5abddcc696b9:c4298]
2019-06-13 21:51:44,895 INFO  client.GrpcClientProtocolClient (GrpcClientProtocolClient.java:onNext(254)) - client-9C97446E6A25->2573df58-4087-4dd0-8598-5abddcc696b9: receive RaftClientReply:client-9C97446E6A25->2573df58-4087-4dd0-8598-5abddcc696b9@group-CE3C0447B19C, cid=2595, SUCCESS, logIndex=4299, commits[2573df58-4087-4dd0-8598-5abddcc696b9:c4301]
2019-06-13 21:51:44,895 INFO  client.GrpcClientProtocolClient (GrpcClientProtocolClient.java:onNext(254)) - client-9C97446E6A25->2573df58-4087-4dd0-8598-5abddcc696b9: receive RaftClientReply:client-9C97446E6A25->2573df58-4087-4dd0-8598-5abddcc696b9@group-CE3C0447B19C, cid=2596, SUCCESS, logIndex=4300, commits[2573df58-4087-4dd0-8598-5abddcc696b9:c4301]
2019-06-13 21:51:44,901 INFO  client.GrpcClientProtocolClient (GrpcClientProtocolClient.java:onNext(254)) - client-9C97446E6A25->2573df58-4087-4dd0-8598-5abddcc696b9: receive RaftClientReply:client-9C97446E6A25->2573df58-4087-4dd0-8598-5abddcc696b9@group-CE3C0447B19C, cid=2597, SUCCESS, logIndex=4302, commits[2573df58-4087-4dd0-8598-5abddcc696b9:c4302]
2019-06-13 21:51:44,902 INFO  client.GrpcClientProtocolClient (GrpcClientProtocolClient.java:onNext(254)) - client-9C97446E6A25->2573df58-4087-4dd0-8598-5abddcc696b9: receive RaftClientReply:client-9C97446E6A25->2573df58-4087-4dd0-8598-5abddcc696b9@group-CE3C0447B19C, cid=2598, SUCCESS, logIndex=4304, commits[2573df58-4087-4dd0-8598-5abddcc696b9:c4304]
2019-06-13 21:51:44,903 INFO  client.GrpcClientProtocolClient (GrpcClientProtocolClient.java:onNext(254)) - client-9C97446E6A25->2573df58-4087-4dd0-8598-5abddcc696b9: receive RaftClientReply:client-9C97446E6A25->2573df58-4087-4dd0-8598-5abddcc696b9@group-CE3C0447B19C, cid=2599, SUCCESS, logIndex=4305, commits[2573df58-4087-4dd0-8598-5abddcc696b9:c4307]
2019-06-13 21:51:44,906 INFO  client.GrpcClientProtocolClient (GrpcClientProtocolClient.java:onNext(254)) - client-9C97446E6A25->2573df58-4087-4dd0-8598-5abddcc696b9: receive RaftClientReply:client-9C97446E6A25->2573df58-4087-4dd0-8598-5abddcc696b9@group-CE3C0447B19C, cid=2600, SUCCESS, logIndex=4306, commits[2573df58-4087-4dd0-8598-5abddcc696b9:c4307]
2019-06-13 21:51:44,916 INFO  client.GrpcClientProtocolClient (GrpcClientProtocolClient.java:onNext(254)) - client-9C97446E6A25->2573df58-4087-4dd0-8598-5abddcc696b9: receive RaftClientReply:client-9C97446E6A25->2573df58-4087-4dd0-8598-5abddcc696b9@group-CE3C0447B19C, cid=2601, SUCCESS, logIndex=4308, commits[2573df58-4087-4dd0-8598-5abddcc696b9:c4308]
2019-06-13 21:51:44,918 INFO  client.GrpcClientProtocolClient (GrpcClientProtocolClient.java:onNext(254)) - client-9C97446E6A25->2573df58-4087-4dd0-8598-5abddcc696b9: receive RaftClientReply:client-9C97446E6A25->2573df58-4087-4dd0-8598-5abddcc696b9@group-CE3C0447B19C, cid=2602, SUCCESS, logIndex=4310, commits[2573df58-4087-4dd0-8598-5abddcc696b9:c4310]
2019-06-13 21:51:44,919 INFO  client.GrpcClientProtocolClient (GrpcClientProtocolClient.java:onNext(254)) - client-9C97446E6A25->2573df58-4087-4dd0-8598-5abddcc696b9: receive RaftClientReply:client-9C97446E6A25->2573df58-4087-4dd0-8598-5abddcc696b9@group-CE3C0447B19C, cid=2603, SUCCESS, logIndex=4311, commits[2573df58-4087-4dd0-8598-5abddcc696b9:c4312]
2019-06-13 21:51:44,923 INFO  client.GrpcClientProtocolClient (GrpcClientProtocolClient.java:onNext(254)) - client-9C97446E6A25->2573df58-4087-4dd0-8598-5abddcc696b9: receive RaftClientReply:client-9C97446E6A25->2573df58-4087-4dd0-8598-5abddcc696b9@group-CE3C0447B19C, cid=2604, SUCCESS, logIndex=4312, commits[2573df58-4087-4dd0-8598-5abddcc696b9:c4313]
2019-06-13 21:51:44,928 INFO  client.GrpcClientProtocolClient (GrpcClientProtocolClient.java:onNext(254)) - client-9C97446E6A25->2573df58-4087-4dd0-8598-5abddcc696b9: receive RaftClientReply:client-9C97446E6A25->2573df58-4087-4dd0-8598-5abddcc696b9@group-CE3C0447B19C, cid=2605, SUCCESS, logIndex=4315, commits[2573df58-4087-4dd0-8598-5abddcc696b9:c4315]
2019-06-13 21:51:44,930 INFO  client.GrpcClientProtocolClient (GrpcClientProtocolClient.java:onNext(254)) - client-9C97446E6A25->2573df58-4087-4dd0-8598-5abddcc696b9: receive RaftClientReply:client-9C97446E6A25->2573df58-4087-4dd0-8598-5abddcc696b9@group-CE3C0447B19C, cid=2606, SUCCESS, logIndex=4317, commits[2573df58-4087-4dd0-8598-5abddcc696b9:c4317]
2019-06-13 21:51:44,930 INFO  client.GrpcClientProtocolClient (GrpcClientProtocolClient.java:onNext(254)) - client-9C97446E6A25->2573df58-4087-4dd0-8598-5abddcc696b9: receive RaftClientReply:client-9C97446E6A25->2573df58-4087-4dd0-8598-5abddcc696b9@group-CE3C0447B19C, cid=2607, SUCCESS, logIndex=4318, commits[2573df58-4087-4dd0-8598-5abddcc696b9:c4319]
2019-06-13 21:51:44,931 INFO  client.GrpcClientProtocolClient (GrpcClientProtocolClient.java:onNext(254)) - client-9C97446E6A25->2573df58-4087-4dd0-8598-5abddcc696b9: receive RaftClientReply:client-9C97446E6A25->2573df58-4087-4dd0-8598-5abddcc696b9@group-CE3C0447B19C, cid=2608, SUCCESS, logIndex=4319, commits[2573df58-4087-4dd0-8598-5abddcc696b9:c4319]
2019-06-13 21:51:44,970 DEBUG block.SCMBlockDeletingService (SCMBlockDeletingService.java:call(138)) - Running DeletedBlockTransactionScanner
2019-06-13 21:51:44,970 DEBUG block.SCMBlockDeletingService (SCMBlockDeletingService.java:call(155)) - Scanned deleted blocks log and got 0 delTX to process.
2019-06-13 21:51:45,027 INFO  client.GrpcClientProtocolClient (GrpcClientProtocolClient.java:onNext(254)) - client-9C97446E6A25->2573df58-4087-4dd0-8598-5abddcc696b9: receive RaftClientReply:client-9C97446E6A25->2573df58-4087-4dd0-8598-5abddcc696b9@group-CE3C0447B19C, cid=2609, SUCCESS, logIndex=4322, commits[2573df58-4087-4dd0-8598-5abddcc696b9:c4322]
2019-06-13 21:51:45,028 INFO  client.GrpcClientProtocolClient (GrpcClientProtocolClient.java:onNext(254)) - client-9C97446E6A25->2573df58-4087-4dd0-8598-5abddcc696b9: receive RaftClientReply:client-9C97446E6A25->2573df58-4087-4dd0-8598-5abddcc696b9@group-CE3C0447B19C, cid=2610, SUCCESS, logIndex=4324, commits[2573df58-4087-4dd0-8598-5abddcc696b9:c4324]
2019-06-13 21:51:45,029 INFO  client.GrpcClientProtocolClient (GrpcClientProtocolClient.java:onNext(254)) - client-9C97446E6A25->2573df58-4087-4dd0-8598-5abddcc696b9: receive RaftClientReply:client-9C97446E6A25->2573df58-4087-4dd0-8598-5abddcc696b9@group-CE3C0447B19C, cid=2611, SUCCESS, logIndex=4325, commits[2573df58-4087-4dd0-8598-5abddcc696b9:c4326]
2019-06-13 21:51:45,029 INFO  client.GrpcClientProtocolClient (GrpcClientProtocolClient.java:onNext(254)) - client-9C97446E6A25->2573df58-4087-4dd0-8598-5abddcc696b9: receive RaftClientReply:client-9C97446E6A25->2573df58-4087-4dd0-8598-5abddcc696b9@group-CE3C0447B19C, cid=2612, SUCCESS, logIndex=4326, commits[2573df58-4087-4dd0-8598-5abddcc696b9:c4326]
2019-06-13 21:51:45,038 INFO  client.GrpcClientProtocolClient (GrpcClientProtocolClient.java:onNext(254)) - client-9C97446E6A25->2573df58-4087-4dd0-8598-5abddcc696b9: receive RaftClientReply:client-9C97446E6A25->2573df58-4087-4dd0-8598-5abddcc696b9@group-CE3C0447B19C, cid=2613, SUCCESS, logIndex=4329, commits[2573df58-4087-4dd0-8598-5abddcc696b9:c4329]
2019-06-13 21:51:45,039 INFO  client.GrpcClientProtocolClient (GrpcClientProtocolClient.java:onNext(254)) - client-9C97446E6A25->2573df58-4087-4dd0-8598-5abddcc696b9: receive RaftClientReply:client-9C97446E6A25->2573df58-4087-4dd0-8598-5abddcc696b9@group-CE3C0447B19C, cid=2614, SUCCESS, logIndex=4331, commits[2573df58-4087-4dd0-8598-5abddcc696b9:c4331]
2019-06-13 21:51:45,039 INFO  client.GrpcClientProtocolClient (GrpcClientProtocolClient.java:onNext(254)) - client-9C97446E6A25->2573df58-4087-4dd0-8598-5abddcc696b9: receive RaftClientReply:client-9C97446E6A25->2573df58-4087-4dd0-8598-5abddcc696b9@group-CE3C0447B19C, cid=2615, SUCCESS, logIndex=4332, commits[2573df58-4087-4dd0-8598-5abddcc696b9:c4333]
2019-06-13 21:51:45,039 INFO  client.GrpcClientProtocolClient (GrpcClientProtocolClient.java:onNext(254)) - client-9C97446E6A25->2573df58-4087-4dd0-8598-5abddcc696b9: receive RaftClientReply:client-9C97446E6A25->2573df58-4087-4dd0-8598-5abddcc696b9@group-CE3C0447B19C, cid=2616, SUCCESS, logIndex=4333, commits[2573df58-4087-4dd0-8598-5abddcc696b9:c4334]
2019-06-13 21:51:45,055 INFO  client.GrpcClientProtocolClient (GrpcClientProtocolClient.java:onNext(254)) - client-9C97446E6A25->2573df58-4087-4dd0-8598-5abddcc696b9: receive RaftClientReply:client-9C97446E6A25->2573df58-4087-4dd0-8598-5abddcc696b9@group-CE3C0447B19C, cid=2617, SUCCESS, logIndex=4336, commits[2573df58-4087-4dd0-8598-5abddcc696b9:c4336]
2019-06-13 21:51:45,057 INFO  client.GrpcClientProtocolClient (GrpcClientProtocolClient.java:onNext(254)) - client-9C97446E6A25->2573df58-4087-4dd0-8598-5abddcc696b9: receive RaftClientReply:client-9C97446E6A25->2573df58-4087-4dd0-8598-5abddcc696b9@group-CE3C0447B19C, cid=2618, SUCCESS, logIndex=4338, commits[2573df58-4087-4dd0-8598-5abddcc696b9:c4338]
2019-06-13 21:51:45,058 INFO  client.GrpcClientProtocolClient (GrpcClientProtocolClient.java:onNext(254)) - client-9C97446E6A25->2573df58-4087-4dd0-8598-5abddcc696b9: receive RaftClientReply:client-9C97446E6A25->2573df58-4087-4dd0-8598-5abddcc696b9@group-CE3C0447B19C, cid=2619, SUCCESS, logIndex=4339, commits[2573df58-4087-4dd0-8598-5abddcc696b9:c4341]
2019-06-13 21:51:45,058 INFO  client.GrpcClientProtocolClient (GrpcClientProtocolClient.java:onNext(254)) - client-9C97446E6A25->2573df58-4087-4dd0-8598-5abddcc696b9: receive RaftClientReply:client-9C97446E6A25->2573df58-4087-4dd0-8598-5abddcc696b9@group-CE3C0447B19C, cid=2620, SUCCESS, logIndex=4340, commits[2573df58-4087-4dd0-8598-5abddcc696b9:c4341]
2019-06-13 21:51:45,100 DEBUG block.SCMBlockDeletingService (SCMBlockDeletingService.java:call(138)) - Running DeletedBlockTransactionScanner
2019-06-13 21:51:45,100 DEBUG block.SCMBlockDeletingService (SCMBlockDeletingService.java:call(155)) - Scanned deleted blocks log and got 0 delTX to process.
2019-06-13 21:51:45,104 INFO  client.GrpcClientProtocolClient (GrpcClientProtocolClient.java:onNext(254)) - client-9C97446E6A25->2573df58-4087-4dd0-8598-5abddcc696b9: receive RaftClientReply:client-9C97446E6A25->2573df58-4087-4dd0-8598-5abddcc696b9@group-CE3C0447B19C, cid=2621, SUCCESS, logIndex=4342, commits[2573df58-4087-4dd0-8598-5abddcc696b9:c4342]
2019-06-13 21:51:45,105 INFO  client.GrpcClientProtocolClient (GrpcClientProtocolClient.java:onNext(254)) - client-9C97446E6A25->2573df58-4087-4dd0-8598-5abddcc696b9: receive RaftClientReply:client-9C97446E6A25->2573df58-4087-4dd0-8598-5abddcc696b9@group-CE3C0447B19C, cid=2622, SUCCESS, logIndex=4344, commits[2573df58-4087-4dd0-8598-5abddcc696b9:c4344]
2019-06-13 21:51:45,106 INFO  client.GrpcClientProtocolClient (GrpcClientProtocolClient.java:onNext(254)) - client-9C97446E6A25->2573df58-4087-4dd0-8598-5abddcc696b9: receive RaftClientReply:client-9C97446E6A25->2573df58-4087-4dd0-8598-5abddcc696b9@group-CE3C0447B19C, cid=2623, SUCCESS, logIndex=4345, commits[2573df58-4087-4dd0-8598-5abddcc696b9:c4347]
2019-06-13 21:51:45,107 INFO  client.GrpcClientProtocolClient (GrpcClientProtocolClient.java:onNext(254)) - client-9C97446E6A25->2573df58-4087-4dd0-8598-5abddcc696b9: receive RaftClientReply:client-9C97446E6A25->2573df58-4087-4dd0-8598-5abddcc696b9@group-CE3C0447B19C, cid=2624, SUCCESS, logIndex=4346, commits[2573df58-4087-4dd0-8598-5abddcc696b9:c4347]
2019-06-13 21:51:45,113 INFO  storage.RaftLogWorker (RaftLogWorker.java:rollLogSegment(303)) - 2573df58-4087-4dd0-8598-5abddcc696b9-RaftLogWorker: Rolling segment log-4280_4347 to index:4347
2019-06-13 21:51:45,114 INFO  storage.RaftLogWorker (RaftLogWorker.java:execute(433)) - 2573df58-4087-4dd0-8598-5abddcc696b9-RaftLogWorker: Rolled log segment from /opt/src/hadoop-ozone/integration-test/target/test-dir/MiniOzoneClusterImpl-8578056e-9b7b-4e66-9e9f-ef53d5cd7c03/datanode-0/data/ratis/7f5c2536-ed89-4233-9ec0-ce3c0447b19c/current/log_inprogress_4280 to /opt/src/hadoop-ozone/integration-test/target/test-dir/MiniOzoneClusterImpl-8578056e-9b7b-4e66-9e9f-ef53d5cd7c03/datanode-0/data/ratis/7f5c2536-ed89-4233-9ec0-ce3c0447b19c/current/log_4280-4347
2019-06-13 21:51:45,149 INFO  storage.RaftLogWorker (RaftLogWorker.java:execute(469)) - 2573df58-4087-4dd0-8598-5abddcc696b9-RaftLogWorker: created new log segment /opt/src/hadoop-ozone/integration-test/target/test-dir/MiniOzoneClusterImpl-8578056e-9b7b-4e66-9e9f-ef53d5cd7c03/datanode-0/data/ratis/7f5c2536-ed89-4233-9ec0-ce3c0447b19c/current/log_inprogress_4348
2019-06-13 21:51:45,151 INFO  client.GrpcClientProtocolClient (GrpcClientProtocolClient.java:onNext(254)) - client-9C97446E6A25->2573df58-4087-4dd0-8598-5abddcc696b9: receive RaftClientReply:client-9C97446E6A25->2573df58-4087-4dd0-8598-5abddcc696b9@group-CE3C0447B19C, cid=2625, SUCCESS, logIndex=4348, commits[2573df58-4087-4dd0-8598-5abddcc696b9:c4348]
2019-06-13 21:51:45,153 INFO  client.GrpcClientProtocolClient (GrpcClientProtocolClient.java:onNext(254)) - client-9C97446E6A25->2573df58-4087-4dd0-8598-5abddcc696b9: receive RaftClientReply:client-9C97446E6A25->2573df58-4087-4dd0-8598-5abddcc696b9@group-CE3C0447B19C, cid=2626, SUCCESS, logIndex=4350, commits[2573df58-4087-4dd0-8598-5abddcc696b9:c4350]
2019-06-13 21:51:45,153 INFO  client.GrpcClientProtocolClient (GrpcClientProtocolClient.java:onNext(254)) - client-9C97446E6A25->2573df58-4087-4dd0-8598-5abddcc696b9: receive RaftClientReply:client-9C97446E6A25->2573df58-4087-4dd0-8598-5abddcc696b9@group-CE3C0447B19C, cid=2627, SUCCESS, logIndex=4351, commits[2573df58-4087-4dd0-8598-5abddcc696b9:c4352]
2019-06-13 21:51:45,154 INFO  client.GrpcClientProtocolClient (GrpcClientProtocolClient.java:onNext(254)) - client-9C97446E6A25->2573df58-4087-4dd0-8598-5abddcc696b9: receive RaftClientReply:client-9C97446E6A25->2573df58-4087-4dd0-8598-5abddcc696b9@group-CE3C0447B19C, cid=2628, SUCCESS, logIndex=4352, commits[2573df58-4087-4dd0-8598-5abddcc696b9:c4352]
2019-06-13 21:51:45,159 INFO  client.GrpcClientProtocolClient (GrpcClientProtocolClient.java:onNext(254)) - client-9C97446E6A25->2573df58-4087-4dd0-8598-5abddcc696b9: receive RaftClientReply:client-9C97446E6A25->2573df58-4087-4dd0-8598-5abddcc696b9@group-CE3C0447B19C, cid=2629, SUCCESS, logIndex=4355, commits[2573df58-4087-4dd0-8598-5abddcc696b9:c4355]
2019-06-13 21:51:45,160 INFO  client.GrpcClientProtocolClient (GrpcClientProtocolClient.java:onNext(254)) - client-9C97446E6A25->2573df58-4087-4dd0-8598-5abddcc696b9: receive RaftClientReply:client-9C97446E6A25->2573df58-4087-4dd0-8598-5abddcc696b9@group-CE3C0447B19C, cid=2630, SUCCESS, logIndex=4357, commits[2573df58-4087-4dd0-8598-5abddcc696b9:c4357]
2019-06-13 21:51:45,161 INFO  client.GrpcClientProtocolClient (GrpcClientProtocolClient.java:onNext(254)) - client-9C97446E6A25->2573df58-4087-4dd0-8598-5abddcc696b9: receive RaftClientReply:client-9C97446E6A25->2573df58-4087-4dd0-8598-5abddcc696b9@group-CE3C0447B19C, cid=2631, SUCCESS, logIndex=4358, commits[2573df58-4087-4dd0-8598-5abddcc696b9:c4360]
2019-06-13 21:51:45,162 INFO  client.GrpcClientProtocolClient (GrpcClientProtocolClient.java:onNext(254)) - client-9C97446E6A25->2573df58-4087-4dd0-8598-5abddcc696b9: receive RaftClientReply:client-9C97446E6A25->2573df58-4087-4dd0-8598-5abddcc696b9@group-CE3C0447B19C, cid=2632, SUCCESS, logIndex=4359, commits[2573df58-4087-4dd0-8598-5abddcc696b9:c4360]
2019-06-13 21:51:45,171 INFO  client.GrpcClientProtocolClient (GrpcClientProtocolClient.java:onNext(254)) - client-9C97446E6A25->2573df58-4087-4dd0-8598-5abddcc696b9: receive RaftClientReply:client-9C97446E6A25->2573df58-4087-4dd0-8598-5abddcc696b9@group-CE3C0447B19C, cid=2633, SUCCESS, logIndex=4361, commits[2573df58-4087-4dd0-8598-5abddcc696b9:c4361]
2019-06-13 21:51:45,172 INFO  client.GrpcClientProtocolClient (GrpcClientProtocolClient.java:onNext(254)) - client-9C97446E6A25->2573df58-4087-4dd0-8598-5abddcc696b9: receive RaftClientReply:client-9C97446E6A25->2573df58-4087-4dd0-8598-5abddcc696b9@group-CE3C0447B19C, cid=2634, SUCCESS, logIndex=4363, commits[2573df58-4087-4dd0-8598-5abddcc696b9:c4363]
2019-06-13 21:51:45,173 INFO  client.GrpcClientProtocolClient (GrpcClientProtocolClient.java:onNext(254)) - client-9C97446E6A25->2573df58-4087-4dd0-8598-5abddcc696b9: receive RaftClientReply:client-9C97446E6A25->2573df58-4087-4dd0-8598-5abddcc696b9@group-CE3C0447B19C, cid=2635, SUCCESS, logIndex=4364, commits[2573df58-4087-4dd0-8598-5abddcc696b9:c4366]
2019-06-13 21:51:45,174 INFO  client.GrpcClientProtocolClient (GrpcClientProtocolClient.java:onNext(254)) - client-9C97446E6A25->2573df58-4087-4dd0-8598-5abddcc696b9: receive RaftClientReply:client-9C97446E6A25->2573df58-4087-4dd0-8598-5abddcc696b9@group-CE3C0447B19C, cid=2636, SUCCESS, logIndex=4365, commits[2573df58-4087-4dd0-8598-5abddcc696b9:c4366]
2019-06-13 21:51:45,179 INFO  client.GrpcClientProtocolClient (GrpcClientProtocolClient.java:onNext(254)) - client-9C97446E6A25->2573df58-4087-4dd0-8598-5abddcc696b9: receive RaftClientReply:client-9C97446E6A25->2573df58-4087-4dd0-8598-5abddcc696b9@group-CE3C0447B19C, cid=2637, SUCCESS, logIndex=4367, commits[2573df58-4087-4dd0-8598-5abddcc696b9:c4367]
2019-06-13 21:51:45,183 INFO  client.GrpcClientProtocolClient (GrpcClientProtocolClient.java:onNext(254)) - client-9C97446E6A25->2573df58-4087-4dd0-8598-5abddcc696b9: receive RaftClientReply:client-9C97446E6A25->2573df58-4087-4dd0-8598-5abddcc696b9@group-CE3C0447B19C, cid=2638, SUCCESS, logIndex=4369, commits[2573df58-4087-4dd0-8598-5abddcc696b9:c4372]
2019-06-13 21:51:45,184 INFO  client.GrpcClientProtocolClient (GrpcClientProtocolClient.java:onNext(254)) - client-9C97446E6A25->2573df58-4087-4dd0-8598-5abddcc696b9: receive RaftClientReply:client-9C97446E6A25->2573df58-4087-4dd0-8598-5abddcc696b9@group-CE3C0447B19C, cid=2639, SUCCESS, logIndex=4370, commits[2573df58-4087-4dd0-8598-5abddcc696b9:c4372]
2019-06-13 21:51:45,184 INFO  client.GrpcClientProtocolClient (GrpcClientProtocolClient.java:onNext(254)) - client-9C97446E6A25->2573df58-4087-4dd0-8598-5abddcc696b9: receive RaftClientReply:client-9C97446E6A25->2573df58-4087-4dd0-8598-5abddcc696b9@group-CE3C0447B19C, cid=2640, SUCCESS, logIndex=4371, commits[2573df58-4087-4dd0-8598-5abddcc696b9:c4372]
2019-06-13 21:51:45,193 INFO  client.GrpcClientProtocolClient (GrpcClientProtocolClient.java:onNext(254)) - client-9C97446E6A25->2573df58-4087-4dd0-8598-5abddcc696b9: receive RaftClientReply:client-9C97446E6A25->2573df58-4087-4dd0-8598-5abddcc696b9@group-CE3C0447B19C, cid=2641, SUCCESS, logIndex=4373, commits[2573df58-4087-4dd0-8598-5abddcc696b9:c4373]
2019-06-13 21:51:45,194 INFO  client.GrpcClientProtocolClient (GrpcClientProtocolClient.java:onNext(254)) - client-9C97446E6A25->2573df58-4087-4dd0-8598-5abddcc696b9: receive RaftClientReply:client-9C97446E6A25->2573df58-4087-4dd0-8598-5abddcc696b9@group-CE3C0447B19C, cid=2642, SUCCESS, logIndex=4375, commits[2573df58-4087-4dd0-8598-5abddcc696b9:c4375]
2019-06-13 21:51:45,195 INFO  client.GrpcClientProtocolClient (GrpcClientProtocolClient.java:onNext(254)) - client-9C97446E6A25->2573df58-4087-4dd0-8598-5abddcc696b9: receive RaftClientReply:client-9C97446E6A25->2573df58-4087-4dd0-8598-5abddcc696b9@group-CE3C0447B19C, cid=2643, SUCCESS, logIndex=4376, commits[2573df58-4087-4dd0-8598-5abddcc696b9:c4378]
2019-06-13 21:51:45,196 INFO  client.GrpcClientProtocolClient (GrpcClientProtocolClient.java:onNext(254)) - client-9C97446E6A25->2573df58-4087-4dd0-8598-5abddcc696b9: receive RaftClientReply:client-9C97446E6A25->2573df58-4087-4dd0-8598-5abddcc696b9@group-CE3C0447B19C, cid=2644, SUCCESS, logIndex=4377, commits[2573df58-4087-4dd0-8598-5abddcc696b9:c4378]
2019-06-13 21:51:45,200 DEBUG block.SCMBlockDeletingService (SCMBlockDeletingService.java:call(138)) - Running DeletedBlockTransactionScanner
2019-06-13 21:51:45,201 DEBUG block.SCMBlockDeletingService (SCMBlockDeletingService.java:call(155)) - Scanned deleted blocks log and got 0 delTX to process.
2019-06-13 21:51:45,201 INFO  client.GrpcClientProtocolClient (GrpcClientProtocolClient.java:onNext(254)) - client-9C97446E6A25->2573df58-4087-4dd0-8598-5abddcc696b9: receive RaftClientReply:client-9C97446E6A25->2573df58-4087-4dd0-8598-5abddcc696b9@group-CE3C0447B19C, cid=2645, SUCCESS, logIndex=4379, commits[2573df58-4087-4dd0-8598-5abddcc696b9:c4379]
2019-06-13 21:51:45,202 INFO  client.GrpcClientProtocolClient (GrpcClientProtocolClient.java:onNext(254)) - client-9C97446E6A25->2573df58-4087-4dd0-8598-5abddcc696b9: receive RaftClientReply:client-9C97446E6A25->2573df58-4087-4dd0-8598-5abddcc696b9@group-CE3C0447B19C, cid=2646, SUCCESS, logIndex=4381, commits[2573df58-4087-4dd0-8598-5abddcc696b9:c4381]
2019-06-13 21:51:45,203 INFO  client.GrpcClientProtocolClient (GrpcClientProtocolClient.java:onNext(254)) - client-9C97446E6A25->2573df58-4087-4dd0-8598-5abddcc696b9: receive RaftClientReply:client-9C97446E6A25->2573df58-4087-4dd0-8598-5abddcc696b9@group-CE3C0447B19C, cid=2647, SUCCESS, logIndex=4382, commits[2573df58-4087-4dd0-8598-5abddcc696b9:c4384]
2019-06-13 21:51:45,203 INFO  client.GrpcClientProtocolClient (GrpcClientProtocolClient.java:onNext(254)) - client-9C97446E6A25->2573df58-4087-4dd0-8598-5abddcc696b9: receive RaftClientReply:client-9C97446E6A25->2573df58-4087-4dd0-8598-5abddcc696b9@group-CE3C0447B19C, cid=2648, SUCCESS, logIndex=4384, commits[2573df58-4087-4dd0-8598-5abddcc696b9:c4384]
2019-06-13 21:51:45,213 INFO  client.GrpcClientProtocolClient (GrpcClientProtocolClient.java:onNext(254)) - client-9C97446E6A25->2573df58-4087-4dd0-8598-5abddcc696b9: receive RaftClientReply:client-9C97446E6A25->2573df58-4087-4dd0-8598-5abddcc696b9@group-CE3C0447B19C, cid=2649, SUCCESS, logIndex=4386, commits[2573df58-4087-4dd0-8598-5abddcc696b9:c4386]
2019-06-13 21:51:45,215 INFO  client.GrpcClientProtocolClient (GrpcClientProtocolClient.java:onNext(254)) - client-9C97446E6A25->2573df58-4087-4dd0-8598-5abddcc696b9: receive RaftClientReply:client-9C97446E6A25->2573df58-4087-4dd0-8598-5abddcc696b9@group-CE3C0447B19C, cid=2650, SUCCESS, logIndex=4388, commits[2573df58-4087-4dd0-8598-5abddcc696b9:c4388]
2019-06-13 21:51:45,215 INFO  client.GrpcClientProtocolClient (GrpcClientProtocolClient.java:onNext(254)) - client-9C97446E6A25->2573df58-4087-4dd0-8598-5abddcc696b9: receive RaftClientReply:client-9C97446E6A25->2573df58-4087-4dd0-8598-5abddcc696b9@group-CE3C0447B19C, cid=2651, SUCCESS, logIndex=4389, commits[2573df58-4087-4dd0-8598-5abddcc696b9:c4391]
2019-06-13 21:51:45,216 INFO  client.GrpcClientProtocolClient (GrpcClientProtocolClient.java:onNext(254)) - client-9C97446E6A25->2573df58-4087-4dd0-8598-5abddcc696b9: receive RaftClientReply:client-9C97446E6A25->2573df58-4087-4dd0-8598-5abddcc696b9@group-CE3C0447B19C, cid=2652, SUCCESS, logIndex=4390, commits[2573df58-4087-4dd0-8598-5abddcc696b9:c4391]
2019-06-13 21:51:45,289 INFO  client.GrpcClientProtocolClient (GrpcClientProtocolClient.java:onNext(254)) - client-9C97446E6A25->2573df58-4087-4dd0-8598-5abddcc696b9: receive RaftClientReply:client-9C97446E6A25->2573df58-4087-4dd0-8598-5abddcc696b9@group-CE3C0447B19C, cid=2653, SUCCESS, logIndex=4392, commits[2573df58-4087-4dd0-8598-5abddcc696b9:c4392]
2019-06-13 21:51:45,290 INFO  client.GrpcClientProtocolClient (GrpcClientProtocolClient.java:onNext(254)) - client-9C97446E6A25->2573df58-4087-4dd0-8598-5abddcc696b9: receive RaftClientReply:client-9C97446E6A25->2573df58-4087-4dd0-8598-5abddcc696b9@group-CE3C0447B19C, cid=2654, SUCCESS, logIndex=4394, commits[2573df58-4087-4dd0-8598-5abddcc696b9:c4394]
2019-06-13 21:51:45,291 INFO  client.GrpcClientProtocolClient (GrpcClientProtocolClient.java:onNext(254)) - client-9C97446E6A25->2573df58-4087-4dd0-8598-5abddcc696b9: receive RaftClientReply:client-9C97446E6A25->2573df58-4087-4dd0-8598-5abddcc696b9@group-CE3C0447B19C, cid=2655, SUCCESS, logIndex=4395, commits[2573df58-4087-4dd0-8598-5abddcc696b9:c4397]
2019-06-13 21:51:45,291 INFO  client.GrpcClientProtocolClient (GrpcClientProtocolClient.java:onNext(254)) - client-9C97446E6A25->2573df58-4087-4dd0-8598-5abddcc696b9: receive RaftClientReply:client-9C97446E6A25->2573df58-4087-4dd0-8598-5abddcc696b9@group-CE3C0447B19C, cid=2656, SUCCESS, logIndex=4396, commits[2573df58-4087-4dd0-8598-5abddcc696b9:c4397]
2019-06-13 21:51:45,301 DEBUG block.SCMBlockDeletingService (SCMBlockDeletingService.java:call(138)) - Running DeletedBlockTransactionScanner
2019-06-13 21:51:45,301 DEBUG block.SCMBlockDeletingService (SCMBlockDeletingService.java:call(155)) - Scanned deleted blocks log and got 0 delTX to process.
2019-06-13 21:51:45,302 INFO  client.GrpcClientProtocolClient (GrpcClientProtocolClient.java:onNext(254)) - client-9C97446E6A25->2573df58-4087-4dd0-8598-5abddcc696b9: receive RaftClientReply:client-9C97446E6A25->2573df58-4087-4dd0-8598-5abddcc696b9@group-CE3C0447B19C, cid=2657, SUCCESS, logIndex=4398, commits[2573df58-4087-4dd0-8598-5abddcc696b9:c4398]
2019-06-13 21:51:45,303 INFO  client.GrpcClientProtocolClient (GrpcClientProtocolClient.java:onNext(254)) - client-9C97446E6A25->2573df58-4087-4dd0-8598-5abddcc696b9: receive RaftClientReply:client-9C97446E6A25->2573df58-4087-4dd0-8598-5abddcc696b9@group-CE3C0447B19C, cid=2658, SUCCESS, logIndex=4400, commits[2573df58-4087-4dd0-8598-5abddcc696b9:c4400]
2019-06-13 21:51:45,304 INFO  client.GrpcClientProtocolClient (GrpcClientProtocolClient.java:onNext(254)) - client-9C97446E6A25->2573df58-4087-4dd0-8598-5abddcc696b9: receive RaftClientReply:client-9C97446E6A25->2573df58-4087-4dd0-8598-5abddcc696b9@group-CE3C0447B19C, cid=2659, SUCCESS, logIndex=4401, commits[2573df58-4087-4dd0-8598-5abddcc696b9:c4402]
2019-06-13 21:51:45,305 INFO  client.GrpcClientProtocolClient (GrpcClientProtocolClient.java:onNext(254)) - client-9C97446E6A25->2573df58-4087-4dd0-8598-5abddcc696b9: receive RaftClientReply:client-9C97446E6A25->2573df58-4087-4dd0-8598-5abddcc696b9@group-CE3C0447B19C, cid=2660, SUCCESS, logIndex=4403, commits[2573df58-4087-4dd0-8598-5abddcc696b9:c4403]
2019-06-13 21:51:45,311 INFO  client.GrpcClientProtocolClient (GrpcClientProtocolClient.java:onNext(254)) - client-9C97446E6A25->2573df58-4087-4dd0-8598-5abddcc696b9: receive RaftClientReply:client-9C97446E6A25->2573df58-4087-4dd0-8598-5abddcc696b9@group-CE3C0447B19C, cid=2661, SUCCESS, logIndex=4405, commits[2573df58-4087-4dd0-8598-5abddcc696b9:c4405]
2019-06-13 21:51:45,312 INFO  client.GrpcClientProtocolClient (GrpcClientProtocolClient.java:onNext(254)) - client-9C97446E6A25->2573df58-4087-4dd0-8598-5abddcc696b9: receive RaftClientReply:client-9C97446E6A25->2573df58-4087-4dd0-8598-5abddcc696b9@group-CE3C0447B19C, cid=2662, SUCCESS, logIndex=4407, commits[2573df58-4087-4dd0-8598-5abddcc696b9:c4407]
2019-06-13 21:51:45,314 INFO  client.GrpcClientProtocolClient (GrpcClientProtocolClient.java:onNext(254)) - client-9C97446E6A25->2573df58-4087-4dd0-8598-5abddcc696b9: receive RaftClientReply:client-9C97446E6A25->2573df58-4087-4dd0-8598-5abddcc696b9@group-CE3C0447B19C, cid=2663, SUCCESS, logIndex=4408, commits[2573df58-4087-4dd0-8598-5abddcc696b9:c4410]
2019-06-13 21:51:45,314 INFO  client.GrpcClientProtocolClient (GrpcClientProtocolClient.java:onNext(254)) - client-9C97446E6A25->2573df58-4087-4dd0-8598-5abddcc696b9: receive RaftClientReply:client-9C97446E6A25->2573df58-4087-4dd0-8598-5abddcc696b9@group-CE3C0447B19C, cid=2664, SUCCESS, logIndex=4409, commits[2573df58-4087-4dd0-8598-5abddcc696b9:c4410]
2019-06-13 21:51:45,325 INFO  client.GrpcClientProtocolClient (GrpcClientProtocolClient.java:onNext(254)) - client-9C97446E6A25->2573df58-4087-4dd0-8598-5abddcc696b9: receive RaftClientReply:client-9C97446E6A25->2573df58-4087-4dd0-8598-5abddcc696b9@group-CE3C0447B19C, cid=2665, SUCCESS, logIndex=4411, commits[2573df58-4087-4dd0-8598-5abddcc696b9:c4411]
2019-06-13 21:51:45,327 INFO  client.GrpcClientProtocolClient (GrpcClientProtocolClient.java:onNext(254)) - client-9C97446E6A25->2573df58-4087-4dd0-8598-5abddcc696b9: receive RaftClientReply:client-9C97446E6A25->2573df58-4087-4dd0-8598-5abddcc696b9@group-CE3C0447B19C, cid=2666, SUCCESS, logIndex=4413, commits[2573df58-4087-4dd0-8598-5abddcc696b9:c4413]
2019-06-13 21:51:45,327 INFO  client.GrpcClientProtocolClient (GrpcClientProtocolClient.java:onNext(254)) - client-9C97446E6A25->2573df58-4087-4dd0-8598-5abddcc696b9: receive RaftClientReply:client-9C97446E6A25->2573df58-4087-4dd0-8598-5abddcc696b9@group-CE3C0447B19C, cid=2667, SUCCESS, logIndex=4414, commits[2573df58-4087-4dd0-8598-5abddcc696b9:c4416]
2019-06-13 21:51:45,328 INFO  client.GrpcClientProtocolClient (GrpcClientProtocolClient.java:onNext(254)) - client-9C97446E6A25->2573df58-4087-4dd0-8598-5abddcc696b9: receive RaftClientReply:client-9C97446E6A25->2573df58-4087-4dd0-8598-5abddcc696b9@group-CE3C0447B19C, cid=2668, SUCCESS, logIndex=4415, commits[2573df58-4087-4dd0-8598-5abddcc696b9:c4416]
2019-06-13 21:51:45,330 INFO  storage.RaftLogWorker (RaftLogWorker.java:rollLogSegment(303)) - 2573df58-4087-4dd0-8598-5abddcc696b9-RaftLogWorker: Rolling segment log-4348_4416 to index:4416
2019-06-13 21:51:45,331 INFO  storage.RaftLogWorker (RaftLogWorker.java:execute(433)) - 2573df58-4087-4dd0-8598-5abddcc696b9-RaftLogWorker: Rolled log segment from /opt/src/hadoop-ozone/integration-test/target/test-dir/MiniOzoneClusterImpl-8578056e-9b7b-4e66-9e9f-ef53d5cd7c03/datanode-0/data/ratis/7f5c2536-ed89-4233-9ec0-ce3c0447b19c/current/log_inprogress_4348 to /opt/src/hadoop-ozone/integration-test/target/test-dir/MiniOzoneClusterImpl-8578056e-9b7b-4e66-9e9f-ef53d5cd7c03/datanode-0/data/ratis/7f5c2536-ed89-4233-9ec0-ce3c0447b19c/current/log_4348-4416
2019-06-13 21:51:45,367 INFO  storage.RaftLogWorker (RaftLogWorker.java:execute(469)) - 2573df58-4087-4dd0-8598-5abddcc696b9-RaftLogWorker: created new log segment /opt/src/hadoop-ozone/integration-test/target/test-dir/MiniOzoneClusterImpl-8578056e-9b7b-4e66-9e9f-ef53d5cd7c03/datanode-0/data/ratis/7f5c2536-ed89-4233-9ec0-ce3c0447b19c/current/log_inprogress_4417
2019-06-13 21:51:45,368 INFO  client.GrpcClientProtocolClient (GrpcClientProtocolClient.java:onNext(254)) - client-9C97446E6A25->2573df58-4087-4dd0-8598-5abddcc696b9: receive RaftClientReply:client-9C97446E6A25->2573df58-4087-4dd0-8598-5abddcc696b9@group-CE3C0447B19C, cid=2669, SUCCESS, logIndex=4417, commits[2573df58-4087-4dd0-8598-5abddcc696b9:c4417]
2019-06-13 21:51:45,370 INFO  client.GrpcClientProtocolClient (GrpcClientProtocolClient.java:onNext(254)) - client-9C97446E6A25->2573df58-4087-4dd0-8598-5abddcc696b9: receive RaftClientReply:client-9C97446E6A25->2573df58-4087-4dd0-8598-5abddcc696b9@group-CE3C0447B19C, cid=2670, SUCCESS, logIndex=4419, commits[2573df58-4087-4dd0-8598-5abddcc696b9:c4419]
2019-06-13 21:51:45,371 INFO  client.GrpcClientProtocolClient (GrpcClientProtocolClient.java:onNext(254)) - client-9C97446E6A25->2573df58-4087-4dd0-8598-5abddcc696b9: receive RaftClientReply:client-9C97446E6A25->2573df58-4087-4dd0-8598-5abddcc696b9@group-CE3C0447B19C, cid=2671, SUCCESS, logIndex=4420, commits[2573df58-4087-4dd0-8598-5abddcc696b9:c4422]
2019-06-13 21:51:45,371 INFO  client.GrpcClientProtocolClient (GrpcClientProtocolClient.java:onNext(254)) - client-9C97446E6A25->2573df58-4087-4dd0-8598-5abddcc696b9: receive RaftClientReply:client-9C97446E6A25->2573df58-4087-4dd0-8598-5abddcc696b9@group-CE3C0447B19C, cid=2672, SUCCESS, logIndex=4421, commits[2573df58-4087-4dd0-8598-5abddcc696b9:c4422]
2019-06-13 21:51:45,380 INFO  client.GrpcClientProtocolClient (GrpcClientProtocolClient.java:onNext(254)) - client-9C97446E6A25->2573df58-4087-4dd0-8598-5abddcc696b9: receive RaftClientReply:client-9C97446E6A25->2573df58-4087-4dd0-8598-5abddcc696b9@group-CE3C0447B19C, cid=2673, SUCCESS, logIndex=4423, commits[2573df58-4087-4dd0-8598-5abddcc696b9:c4423]
2019-06-13 21:51:45,382 INFO  client.GrpcClientProtocolClient (GrpcClientProtocolClient.java:onNext(254)) - client-9C97446E6A25->2573df58-4087-4dd0-8598-5abddcc696b9: receive RaftClientReply:client-9C97446E6A25->2573df58-4087-4dd0-8598-5abddcc696b9@group-CE3C0447B19C, cid=2674, SUCCESS, logIndex=4425, commits[2573df58-4087-4dd0-8598-5abddcc696b9:c4425]
2019-06-13 21:51:45,382 INFO  client.GrpcClientProtocolClient (GrpcClientProtocolClient.java:onNext(254)) - client-9C97446E6A25->2573df58-4087-4dd0-8598-5abddcc696b9: receive RaftClientReply:client-9C97446E6A25->2573df58-4087-4dd0-8598-5abddcc696b9@group-CE3C0447B19C, cid=2675, SUCCESS, logIndex=4426, commits[2573df58-4087-4dd0-8598-5abddcc696b9:c4428]
2019-06-13 21:51:45,383 INFO  client.GrpcClientProtocolClient (GrpcClientProtocolClient.java:onNext(254)) - client-9C97446E6A25->2573df58-4087-4dd0-8598-5abddcc696b9: receive RaftClientReply:client-9C97446E6A25->2573df58-4087-4dd0-8598-5abddcc696b9@group-CE3C0447B19C, cid=2676, SUCCESS, logIndex=4427, commits[2573df58-4087-4dd0-8598-5abddcc696b9:c4428]
2019-06-13 21:51:45,388 INFO  client.GrpcClientProtocolClient (GrpcClientProtocolClient.java:onNext(254)) - client-9C97446E6A25->2573df58-4087-4dd0-8598-5abddcc696b9: receive RaftClientReply:client-9C97446E6A25->2573df58-4087-4dd0-8598-5abddcc696b9@group-CE3C0447B19C, cid=2677, SUCCESS, logIndex=4429, commits[2573df58-4087-4dd0-8598-5abddcc696b9:c4429]
2019-06-13 21:51:45,389 INFO  client.GrpcClientProtocolClient (GrpcClientProtocolClient.java:onNext(254)) - client-9C97446E6A25->2573df58-4087-4dd0-8598-5abddcc696b9: receive RaftClientReply:client-9C97446E6A25->2573df58-4087-4dd0-8598-5abddcc696b9@group-CE3C0447B19C, cid=2678, SUCCESS, logIndex=4431, commits[2573df58-4087-4dd0-8598-5abddcc696b9:c4431]
2019-06-13 21:51:45,390 INFO  client.GrpcClientProtocolClient (GrpcClientProtocolClient.java:onNext(254)) - client-9C97446E6A25->2573df58-4087-4dd0-8598-5abddcc696b9: receive RaftClientReply:client-9C97446E6A25->2573df58-4087-4dd0-8598-5abddcc696b9@group-CE3C0447B19C, cid=2679, SUCCESS, logIndex=4432, commits[2573df58-4087-4dd0-8598-5abddcc696b9:c4434]
2019-06-13 21:51:45,390 INFO  client.GrpcClientProtocolClient (GrpcClientProtocolClient.java:onNext(254)) - client-9C97446E6A25->2573df58-4087-4dd0-8598-5abddcc696b9: receive RaftClientReply:client-9C97446E6A25->2573df58-4087-4dd0-8598-5abddcc696b9@group-CE3C0447B19C, cid=2680, SUCCESS, logIndex=4433, commits[2573df58-4087-4dd0-8598-5abddcc696b9:c4434]
2019-06-13 21:51:45,401 INFO  client.GrpcClientProtocolClient (GrpcClientProtocolClient.java:onNext(254)) - client-9C97446E6A25->2573df58-4087-4dd0-8598-5abddcc696b9: receive RaftClientReply:client-9C97446E6A25->2573df58-4087-4dd0-8598-5abddcc696b9@group-CE3C0447B19C, cid=2681, SUCCESS, logIndex=4435, commits[2573df58-4087-4dd0-8598-5abddcc696b9:c4435]
2019-06-13 21:51:45,402 DEBUG block.SCMBlockDeletingService (SCMBlockDeletingService.java:call(138)) - Running DeletedBlockTransactionScanner
2019-06-13 21:51:45,402 DEBUG block.SCMBlockDeletingService (SCMBlockDeletingService.java:call(155)) - Scanned deleted blocks log and got 0 delTX to process.
2019-06-13 21:51:45,404 INFO  client.GrpcClientProtocolClient (GrpcClientProtocolClient.java:onNext(254)) - client-9C97446E6A25->2573df58-4087-4dd0-8598-5abddcc696b9: receive RaftClientReply:client-9C97446E6A25->2573df58-4087-4dd0-8598-5abddcc696b9@group-CE3C0447B19C, cid=2682, SUCCESS, logIndex=4437, commits[2573df58-4087-4dd0-8598-5abddcc696b9:c4437]
2019-06-13 21:51:45,407 INFO  client.GrpcClientProtocolClient (GrpcClientProtocolClient.java:onNext(254)) - client-9C97446E6A25->2573df58-4087-4dd0-8598-5abddcc696b9: receive RaftClientReply:client-9C97446E6A25->2573df58-4087-4dd0-8598-5abddcc696b9@group-CE3C0447B19C, cid=2683, SUCCESS, logIndex=4438, commits[2573df58-4087-4dd0-8598-5abddcc696b9:c4439]
2019-06-13 21:51:45,407 INFO  client.GrpcClientProtocolClient (GrpcClientProtocolClient.java:onNext(254)) - client-9C97446E6A25->2573df58-4087-4dd0-8598-5abddcc696b9: receive RaftClientReply:client-9C97446E6A25->2573df58-4087-4dd0-8598-5abddcc696b9@group-CE3C0447B19C, cid=2684, SUCCESS, logIndex=4439, commits[2573df58-4087-4dd0-8598-5abddcc696b9:c4439]
2019-06-13 21:51:45,413 INFO  client.GrpcClientProtocolClient (GrpcClientProtocolClient.java:onNext(254)) - client-9C97446E6A25->2573df58-4087-4dd0-8598-5abddcc696b9: receive RaftClientReply:client-9C97446E6A25->2573df58-4087-4dd0-8598-5abddcc696b9@group-CE3C0447B19C, cid=2685, SUCCESS, logIndex=4442, commits[2573df58-4087-4dd0-8598-5abddcc696b9:c4442]
2019-06-13 21:51:45,415 INFO  client.GrpcClientProtocolClient (GrpcClientProtocolClient.java:onNext(254)) - client-9C97446E6A25->2573df58-4087-4dd0-8598-5abddcc696b9: receive RaftClientReply:client-9C97446E6A25->2573df58-4087-4dd0-8598-5abddcc696b9@group-CE3C0447B19C, cid=2686, SUCCESS, logIndex=4444, commits[2573df58-4087-4dd0-8598-5abddcc696b9:c4444]
2019-06-13 21:51:45,416 INFO  client.GrpcClientProtocolClient (GrpcClientProtocolClient.java:onNext(254)) - client-9C97446E6A25->2573df58-4087-4dd0-8598-5abddcc696b9: receive RaftClientReply:client-9C97446E6A25->2573df58-4087-4dd0-8598-5abddcc696b9@group-CE3C0447B19C, cid=2687, SUCCESS, logIndex=4445, commits[2573df58-4087-4dd0-8598-5abddcc696b9:c4447]
2019-06-13 21:51:45,416 INFO  client.GrpcClientProtocolClient (GrpcClientProtocolClient.java:onNext(254)) - client-9C97446E6A25->2573df58-4087-4dd0-8598-5abddcc696b9: receive RaftClientReply:client-9C97446E6A25->2573df58-4087-4dd0-8598-5abddcc696b9@group-CE3C0447B19C, cid=2688, SUCCESS, logIndex=4446, commits[2573df58-4087-4dd0-8598-5abddcc696b9:c4447]
2019-06-13 21:51:45,428 INFO  client.GrpcClientProtocolClient (GrpcClientProtocolClient.java:onNext(254)) - client-9C97446E6A25->2573df58-4087-4dd0-8598-5abddcc696b9: receive RaftClientReply:client-9C97446E6A25->2573df58-4087-4dd0-8598-5abddcc696b9@group-CE3C0447B19C, cid=2689, SUCCESS, logIndex=4448, commits[2573df58-4087-4dd0-8598-5abddcc696b9:c4448]
2019-06-13 21:51:45,431 INFO  client.GrpcClientProtocolClient (GrpcClientProtocolClient.java:onNext(254)) - client-9C97446E6A25->2573df58-4087-4dd0-8598-5abddcc696b9: receive RaftClientReply:client-9C97446E6A25->2573df58-4087-4dd0-8598-5abddcc696b9@group-CE3C0447B19C, cid=2690, SUCCESS, logIndex=4450, commits[2573df58-4087-4dd0-8598-5abddcc696b9:c4452]
2019-06-13 21:51:45,431 INFO  client.GrpcClientProtocolClient (GrpcClientProtocolClient.java:onNext(254)) - client-9C97446E6A25->2573df58-4087-4dd0-8598-5abddcc696b9: receive RaftClientReply:client-9C97446E6A25->2573df58-4087-4dd0-8598-5abddcc696b9@group-CE3C0447B19C, cid=2691, SUCCESS, logIndex=4451, commits[2573df58-4087-4dd0-8598-5abddcc696b9:c4452]
2019-06-13 21:51:45,431 INFO  client.GrpcClientProtocolClient (GrpcClientProtocolClient.java:onNext(254)) - client-9C97446E6A25->2573df58-4087-4dd0-8598-5abddcc696b9: receive RaftClientReply:client-9C97446E6A25->2573df58-4087-4dd0-8598-5abddcc696b9@group-CE3C0447B19C, cid=2692, SUCCESS, logIndex=4452, commits[2573df58-4087-4dd0-8598-5abddcc696b9:c4453]
2019-06-13 21:51:45,437 INFO  client.GrpcClientProtocolClient (GrpcClientProtocolClient.java:onNext(254)) - client-9C97446E6A25->2573df58-4087-4dd0-8598-5abddcc696b9: receive RaftClientReply:client-9C97446E6A25->2573df58-4087-4dd0-8598-5abddcc696b9@group-CE3C0447B19C, cid=2693, SUCCESS, logIndex=4454, commits[2573df58-4087-4dd0-8598-5abddcc696b9:c4454]
2019-06-13 21:51:45,438 INFO  client.GrpcClientProtocolClient (GrpcClientProtocolClient.java:onNext(254)) - client-9C97446E6A25->2573df58-4087-4dd0-8598-5abddcc696b9: receive RaftClientReply:client-9C97446E6A25->2573df58-4087-4dd0-8598-5abddcc696b9@group-CE3C0447B19C, cid=2694, SUCCESS, logIndex=4456, commits[2573df58-4087-4dd0-8598-5abddcc696b9:c4456]
2019-06-13 21:51:45,440 INFO  client.GrpcClientProtocolClient (GrpcClientProtocolClient.java:onNext(254)) - client-9C97446E6A25->2573df58-4087-4dd0-8598-5abddcc696b9: receive RaftClientReply:client-9C97446E6A25->2573df58-4087-4dd0-8598-5abddcc696b9@group-CE3C0447B19C, cid=2695, SUCCESS, logIndex=4457, commits[2573df58-4087-4dd0-8598-5abddcc696b9:c4459]
2019-06-13 21:51:45,440 INFO  client.GrpcClientProtocolClient (GrpcClientProtocolClient.java:onNext(254)) - client-9C97446E6A25->2573df58-4087-4dd0-8598-5abddcc696b9: receive RaftClientReply:client-9C97446E6A25->2573df58-4087-4dd0-8598-5abddcc696b9@group-CE3C0447B19C, cid=2696, SUCCESS, logIndex=4458, commits[2573df58-4087-4dd0-8598-5abddcc696b9:c4459]
2019-06-13 21:51:45,502 DEBUG block.SCMBlockDeletingService (SCMBlockDeletingService.java:call(138)) - Running DeletedBlockTransactionScanner
2019-06-13 21:51:45,502 DEBUG block.SCMBlockDeletingService (SCMBlockDeletingService.java:call(155)) - Scanned deleted blocks log and got 0 delTX to process.
2019-06-13 21:51:45,595 INFO  client.GrpcClientProtocolClient (GrpcClientProtocolClient.java:onNext(254)) - client-9C97446E6A25->2573df58-4087-4dd0-8598-5abddcc696b9: receive RaftClientReply:client-9C97446E6A25->2573df58-4087-4dd0-8598-5abddcc696b9@group-CE3C0447B19C, cid=2697, SUCCESS, logIndex=4460, commits[2573df58-4087-4dd0-8598-5abddcc696b9:c4460]
2019-06-13 21:51:45,597 INFO  client.GrpcClientProtocolClient (GrpcClientProtocolClient.java:onNext(254)) - client-9C97446E6A25->2573df58-4087-4dd0-8598-5abddcc696b9: receive RaftClientReply:client-9C97446E6A25->2573df58-4087-4dd0-8598-5abddcc696b9@group-CE3C0447B19C, cid=2698, SUCCESS, logIndex=4462, commits[2573df58-4087-4dd0-8598-5abddcc696b9:c4462]
2019-06-13 21:51:45,598 INFO  client.GrpcClientProtocolClient (GrpcClientProtocolClient.java:onNext(254)) - client-9C97446E6A25->2573df58-4087-4dd0-8598-5abddcc696b9: receive RaftClientReply:client-9C97446E6A25->2573df58-4087-4dd0-8598-5abddcc696b9@group-CE3C0447B19C, cid=2699, SUCCESS, logIndex=4463, commits[2573df58-4087-4dd0-8598-5abddcc696b9:c4465]
2019-06-13 21:51:45,598 INFO  client.GrpcClientProtocolClient (GrpcClientProtocolClient.java:onNext(254)) - client-9C97446E6A25->2573df58-4087-4dd0-8598-5abddcc696b9: receive RaftClientReply:client-9C97446E6A25->2573df58-4087-4dd0-8598-5abddcc696b9@group-CE3C0447B19C, cid=2700, SUCCESS, logIndex=4464, commits[2573df58-4087-4dd0-8598-5abddcc696b9:c4465]
2019-06-13 21:51:45,602 DEBUG block.SCMBlockDeletingService (SCMBlockDeletingService.java:call(138)) - Running DeletedBlockTransactionScanner
2019-06-13 21:51:45,603 DEBUG block.SCMBlockDeletingService (SCMBlockDeletingService.java:call(155)) - Scanned deleted blocks log and got 0 delTX to process.
2019-06-13 21:51:45,603 INFO  client.GrpcClientProtocolClient (GrpcClientProtocolClient.java:onNext(254)) - client-9C97446E6A25->2573df58-4087-4dd0-8598-5abddcc696b9: receive RaftClientReply:client-9C97446E6A25->2573df58-4087-4dd0-8598-5abddcc696b9@group-CE3C0447B19C, cid=2701, SUCCESS, logIndex=4466, commits[2573df58-4087-4dd0-8598-5abddcc696b9:c4466]
2019-06-13 21:51:45,604 INFO  client.GrpcClientProtocolClient (GrpcClientProtocolClient.java:onNext(254)) - client-9C97446E6A25->2573df58-4087-4dd0-8598-5abddcc696b9: receive RaftClientReply:client-9C97446E6A25->2573df58-4087-4dd0-8598-5abddcc696b9@group-CE3C0447B19C, cid=2702, SUCCESS, logIndex=4468, commits[2573df58-4087-4dd0-8598-5abddcc696b9:c4468]
2019-06-13 21:51:45,606 INFO  client.GrpcClientProtocolClient (GrpcClientProtocolClient.java:onNext(254)) - client-9C97446E6A25->2573df58-4087-4dd0-8598-5abddcc696b9: receive RaftClientReply:client-9C97446E6A25->2573df58-4087-4dd0-8598-5abddcc696b9@group-CE3C0447B19C, cid=2703, SUCCESS, logIndex=4469, commits[2573df58-4087-4dd0-8598-5abddcc696b9:c4471]
2019-06-13 21:51:45,606 INFO  client.GrpcClientProtocolClient (GrpcClientProtocolClient.java:onNext(254)) - client-9C97446E6A25->2573df58-4087-4dd0-8598-5abddcc696b9: receive RaftClientReply:client-9C97446E6A25->2573df58-4087-4dd0-8598-5abddcc696b9@group-CE3C0447B19C, cid=2704, SUCCESS, logIndex=4470, commits[2573df58-4087-4dd0-8598-5abddcc696b9:c4471]
2019-06-13 21:51:45,615 INFO  client.GrpcClientProtocolClient (GrpcClientProtocolClient.java:onNext(254)) - client-9C97446E6A25->2573df58-4087-4dd0-8598-5abddcc696b9: receive RaftClientReply:client-9C97446E6A25->2573df58-4087-4dd0-8598-5abddcc696b9@group-CE3C0447B19C, cid=2705, SUCCESS, logIndex=4472, commits[2573df58-4087-4dd0-8598-5abddcc696b9:c4472]
2019-06-13 21:51:45,617 INFO  client.GrpcClientProtocolClient (GrpcClientProtocolClient.java:onNext(254)) - client-9C97446E6A25->2573df58-4087-4dd0-8598-5abddcc696b9: receive RaftClientReply:client-9C97446E6A25->2573df58-4087-4dd0-8598-5abddcc696b9@group-CE3C0447B19C, cid=2706, SUCCESS, logIndex=4474, commits[2573df58-4087-4dd0-8598-5abddcc696b9:c4474]
2019-06-13 21:51:45,617 INFO  client.GrpcClientProtocolClient (GrpcClientProtocolClient.java:onNext(254)) - client-9C97446E6A25->2573df58-4087-4dd0-8598-5abddcc696b9: receive RaftClientReply:client-9C97446E6A25->2573df58-4087-4dd0-8598-5abddcc696b9@group-CE3C0447B19C, cid=2707, SUCCESS, logIndex=4475, commits[2573df58-4087-4dd0-8598-5abddcc696b9:c4477]
2019-06-13 21:51:45,618 INFO  client.GrpcClientProtocolClient (GrpcClientProtocolClient.java:onNext(254)) - client-9C97446E6A25->2573df58-4087-4dd0-8598-5abddcc696b9: receive RaftClientReply:client-9C97446E6A25->2573df58-4087-4dd0-8598-5abddcc696b9@group-CE3C0447B19C, cid=2708, SUCCESS, logIndex=4476, commits[2573df58-4087-4dd0-8598-5abddcc696b9:c4477]
2019-06-13 21:51:45,622 INFO  client.GrpcClientProtocolClient (GrpcClientProtocolClient.java:onNext(254)) - client-9C97446E6A25->2573df58-4087-4dd0-8598-5abddcc696b9: receive RaftClientReply:client-9C97446E6A25->2573df58-4087-4dd0-8598-5abddcc696b9@group-CE3C0447B19C, cid=2709, SUCCESS, logIndex=4478, commits[2573df58-4087-4dd0-8598-5abddcc696b9:c4478]
2019-06-13 21:51:45,624 INFO  storage.RaftLogWorker (RaftLogWorker.java:rollLogSegment(303)) - 2573df58-4087-4dd0-8598-5abddcc696b9-RaftLogWorker: Rolling segment log-4417_4482 to index:4482
2019-06-13 21:51:45,624 INFO  storage.RaftLogWorker (RaftLogWorker.java:execute(433)) - 2573df58-4087-4dd0-8598-5abddcc696b9-RaftLogWorker: Rolled log segment from /opt/src/hadoop-ozone/integration-test/target/test-dir/MiniOzoneClusterImpl-8578056e-9b7b-4e66-9e9f-ef53d5cd7c03/datanode-0/data/ratis/7f5c2536-ed89-4233-9ec0-ce3c0447b19c/current/log_inprogress_4417 to /opt/src/hadoop-ozone/integration-test/target/test-dir/MiniOzoneClusterImpl-8578056e-9b7b-4e66-9e9f-ef53d5cd7c03/datanode-0/data/ratis/7f5c2536-ed89-4233-9ec0-ce3c0447b19c/current/log_4417-4482
2019-06-13 21:51:45,627 INFO  client.GrpcClientProtocolClient (GrpcClientProtocolClient.java:onNext(254)) - client-9C97446E6A25->2573df58-4087-4dd0-8598-5abddcc696b9: receive RaftClientReply:client-9C97446E6A25->2573df58-4087-4dd0-8598-5abddcc696b9@group-CE3C0447B19C, cid=2710, SUCCESS, logIndex=4480, commits[2573df58-4087-4dd0-8598-5abddcc696b9:c4480]
2019-06-13 21:51:45,636 INFO  client.GrpcClientProtocolClient (GrpcClientProtocolClient.java:onNext(254)) - client-9C97446E6A25->2573df58-4087-4dd0-8598-5abddcc696b9: receive RaftClientReply:client-9C97446E6A25->2573df58-4087-4dd0-8598-5abddcc696b9@group-CE3C0447B19C, cid=2711, SUCCESS, logIndex=4481, commits[2573df58-4087-4dd0-8598-5abddcc696b9:c4482]
2019-06-13 21:51:45,664 INFO  storage.RaftLogWorker (RaftLogWorker.java:execute(469)) - 2573df58-4087-4dd0-8598-5abddcc696b9-RaftLogWorker: created new log segment /opt/src/hadoop-ozone/integration-test/target/test-dir/MiniOzoneClusterImpl-8578056e-9b7b-4e66-9e9f-ef53d5cd7c03/datanode-0/data/ratis/7f5c2536-ed89-4233-9ec0-ce3c0447b19c/current/log_inprogress_4483
2019-06-13 21:51:45,666 INFO  client.GrpcClientProtocolClient (GrpcClientProtocolClient.java:onNext(254)) - client-9C97446E6A25->2573df58-4087-4dd0-8598-5abddcc696b9: receive RaftClientReply:client-9C97446E6A25->2573df58-4087-4dd0-8598-5abddcc696b9@group-CE3C0447B19C, cid=2712, SUCCESS, logIndex=4483, commits[2573df58-4087-4dd0-8598-5abddcc696b9:c4483]
2019-06-13 21:51:45,675 INFO  client.GrpcClientProtocolClient (GrpcClientProtocolClient.java:onNext(254)) - client-9C97446E6A25->2573df58-4087-4dd0-8598-5abddcc696b9: receive RaftClientReply:client-9C97446E6A25->2573df58-4087-4dd0-8598-5abddcc696b9@group-CE3C0447B19C, cid=2713, SUCCESS, logIndex=4485, commits[2573df58-4087-4dd0-8598-5abddcc696b9:c4485]
2019-06-13 21:51:45,676 INFO  client.GrpcClientProtocolClient (GrpcClientProtocolClient.java:onNext(254)) - client-9C97446E6A25->2573df58-4087-4dd0-8598-5abddcc696b9: receive RaftClientReply:client-9C97446E6A25->2573df58-4087-4dd0-8598-5abddcc696b9@group-CE3C0447B19C, cid=2714, SUCCESS, logIndex=4487, commits[2573df58-4087-4dd0-8598-5abddcc696b9:c4487]
2019-06-13 21:51:45,680 INFO  client.GrpcClientProtocolClient (GrpcClientProtocolClient.java:onNext(254)) - client-9C97446E6A25->2573df58-4087-4dd0-8598-5abddcc696b9: receive RaftClientReply:client-9C97446E6A25->2573df58-4087-4dd0-8598-5abddcc696b9@group-CE3C0447B19C, cid=2715, SUCCESS, logIndex=4488, commits[2573df58-4087-4dd0-8598-5abddcc696b9:c4490]
2019-06-13 21:51:45,680 INFO  client.GrpcClientProtocolClient (GrpcClientProtocolClient.java:onNext(254)) - client-9C97446E6A25->2573df58-4087-4dd0-8598-5abddcc696b9: receive RaftClientReply:client-9C97446E6A25->2573df58-4087-4dd0-8598-5abddcc696b9@group-CE3C0447B19C, cid=2716, SUCCESS, logIndex=4490, commits[2573df58-4087-4dd0-8598-5abddcc696b9:c4490]
2019-06-13 21:51:45,685 INFO  client.GrpcClientProtocolClient (GrpcClientProtocolClient.java:onNext(254)) - client-9C97446E6A25->2573df58-4087-4dd0-8598-5abddcc696b9: receive RaftClientReply:client-9C97446E6A25->2573df58-4087-4dd0-8598-5abddcc696b9@group-CE3C0447B19C, cid=2717, SUCCESS, logIndex=4492, commits[2573df58-4087-4dd0-8598-5abddcc696b9:c4492]
2019-06-13 21:51:45,686 INFO  client.GrpcClientProtocolClient (GrpcClientProtocolClient.java:onNext(254)) - client-9C97446E6A25->2573df58-4087-4dd0-8598-5abddcc696b9: receive RaftClientReply:client-9C97446E6A25->2573df58-4087-4dd0-8598-5abddcc696b9@group-CE3C0447B19C, cid=2718, SUCCESS, logIndex=4494, commits[2573df58-4087-4dd0-8598-5abddcc696b9:c4494]
2019-06-13 21:51:45,687 INFO  client.GrpcClientProtocolClient (GrpcClientProtocolClient.java:onNext(254)) - client-9C97446E6A25->2573df58-4087-4dd0-8598-5abddcc696b9: receive RaftClientReply:client-9C97446E6A25->2573df58-4087-4dd0-8598-5abddcc696b9@group-CE3C0447B19C, cid=2719, SUCCESS, logIndex=4495, commits[2573df58-4087-4dd0-8598-5abddcc696b9:c4497]
2019-06-13 21:51:45,688 INFO  client.GrpcClientProtocolClient (GrpcClientProtocolClient.java:onNext(254)) - client-9C97446E6A25->2573df58-4087-4dd0-8598-5abddcc696b9: receive RaftClientReply:client-9C97446E6A25->2573df58-4087-4dd0-8598-5abddcc696b9@group-CE3C0447B19C, cid=2720, SUCCESS, logIndex=4496, commits[2573df58-4087-4dd0-8598-5abddcc696b9:c4497]
2019-06-13 21:51:45,696 INFO  client.GrpcClientProtocolClient (GrpcClientProtocolClient.java:onNext(254)) - client-9C97446E6A25->2573df58-4087-4dd0-8598-5abddcc696b9: receive RaftClientReply:client-9C97446E6A25->2573df58-4087-4dd0-8598-5abddcc696b9@group-CE3C0447B19C, cid=2721, SUCCESS, logIndex=4498, commits[2573df58-4087-4dd0-8598-5abddcc696b9:c4498]
2019-06-13 21:51:45,699 INFO  client.GrpcClientProtocolClient (GrpcClientProtocolClient.java:onNext(254)) - client-9C97446E6A25->2573df58-4087-4dd0-8598-5abddcc696b9: receive RaftClientReply:client-9C97446E6A25->2573df58-4087-4dd0-8598-5abddcc696b9@group-CE3C0447B19C, cid=2722, SUCCESS, logIndex=4500, commits[2573df58-4087-4dd0-8598-5abddcc696b9:c4500]
2019-06-13 21:51:45,699 INFO  client.GrpcClientProtocolClient (GrpcClientProtocolClient.java:onNext(254)) - client-9C97446E6A25->2573df58-4087-4dd0-8598-5abddcc696b9: receive RaftClientReply:client-9C97446E6A25->2573df58-4087-4dd0-8598-5abddcc696b9@group-CE3C0447B19C, cid=2723, SUCCESS, logIndex=4501, commits[2573df58-4087-4dd0-8598-5abddcc696b9:c4503]
2019-06-13 21:51:45,699 INFO  client.GrpcClientProtocolClient (GrpcClientProtocolClient.java:onNext(254)) - client-9C97446E6A25->2573df58-4087-4dd0-8598-5abddcc696b9: receive RaftClientReply:client-9C97446E6A25->2573df58-4087-4dd0-8598-5abddcc696b9@group-CE3C0447B19C, cid=2724, SUCCESS, logIndex=4502, commits[2573df58-4087-4dd0-8598-5abddcc696b9:c4503]
2019-06-13 21:51:45,703 DEBUG block.SCMBlockDeletingService (SCMBlockDeletingService.java:call(138)) - Running DeletedBlockTransactionScanner
2019-06-13 21:51:45,703 DEBUG block.SCMBlockDeletingService (SCMBlockDeletingService.java:call(155)) - Scanned deleted blocks log and got 0 delTX to process.
2019-06-13 21:51:45,704 INFO  client.GrpcClientProtocolClient (GrpcClientProtocolClient.java:onNext(254)) - client-9C97446E6A25->2573df58-4087-4dd0-8598-5abddcc696b9: receive RaftClientReply:client-9C97446E6A25->2573df58-4087-4dd0-8598-5abddcc696b9@group-CE3C0447B19C, cid=2725, SUCCESS, logIndex=4504, commits[2573df58-4087-4dd0-8598-5abddcc696b9:c4504]
2019-06-13 21:51:45,705 INFO  client.GrpcClientProtocolClient (GrpcClientProtocolClient.java:onNext(254)) - client-9C97446E6A25->2573df58-4087-4dd0-8598-5abddcc696b9: receive RaftClientReply:client-9C97446E6A25->2573df58-4087-4dd0-8598-5abddcc696b9@group-CE3C0447B19C, cid=2726, SUCCESS, logIndex=4506, commits[2573df58-4087-4dd0-8598-5abddcc696b9:c4506]
2019-06-13 21:51:45,707 INFO  client.GrpcClientProtocolClient (GrpcClientProtocolClient.java:onNext(254)) - client-9C97446E6A25->2573df58-4087-4dd0-8598-5abddcc696b9: receive RaftClientReply:client-9C97446E6A25->2573df58-4087-4dd0-8598-5abddcc696b9@group-CE3C0447B19C, cid=2727, SUCCESS, logIndex=4507, commits[2573df58-4087-4dd0-8598-5abddcc696b9:c4509]
2019-06-13 21:51:45,707 INFO  client.GrpcClientProtocolClient (GrpcClientProtocolClient.java:onNext(254)) - client-9C97446E6A25->2573df58-4087-4dd0-8598-5abddcc696b9: receive RaftClientReply:client-9C97446E6A25->2573df58-4087-4dd0-8598-5abddcc696b9@group-CE3C0447B19C, cid=2728, SUCCESS, logIndex=4508, commits[2573df58-4087-4dd0-8598-5abddcc696b9:c4509]
2019-06-13 21:51:45,716 INFO  client.GrpcClientProtocolClient (GrpcClientProtocolClient.java:onNext(254)) - client-9C97446E6A25->2573df58-4087-4dd0-8598-5abddcc696b9: receive RaftClientReply:client-9C97446E6A25->2573df58-4087-4dd0-8598-5abddcc696b9@group-CE3C0447B19C, cid=2729, SUCCESS, logIndex=4510, commits[2573df58-4087-4dd0-8598-5abddcc696b9:c4510]
2019-06-13 21:51:45,717 INFO  client.GrpcClientProtocolClient (GrpcClientProtocolClient.java:onNext(254)) - client-9C97446E6A25->2573df58-4087-4dd0-8598-5abddcc696b9: receive RaftClientReply:client-9C97446E6A25->2573df58-4087-4dd0-8598-5abddcc696b9@group-CE3C0447B19C, cid=2730, SUCCESS, logIndex=4512, commits[2573df58-4087-4dd0-8598-5abddcc696b9:c4512]
2019-06-13 21:51:45,718 INFO  client.GrpcClientProtocolClient (GrpcClientProtocolClient.java:onNext(254)) - client-9C97446E6A25->2573df58-4087-4dd0-8598-5abddcc696b9: receive RaftClientReply:client-9C97446E6A25->2573df58-4087-4dd0-8598-5abddcc696b9@group-CE3C0447B19C, cid=2731, SUCCESS, logIndex=4513, commits[2573df58-4087-4dd0-8598-5abddcc696b9:c4515]
2019-06-13 21:51:45,718 INFO  client.GrpcClientProtocolClient (GrpcClientProtocolClient.java:onNext(254)) - client-9C97446E6A25->2573df58-4087-4dd0-8598-5abddcc696b9: receive RaftClientReply:client-9C97446E6A25->2573df58-4087-4dd0-8598-5abddcc696b9@group-CE3C0447B19C, cid=2732, SUCCESS, logIndex=4514, commits[2573df58-4087-4dd0-8598-5abddcc696b9:c4515]
2019-06-13 21:51:45,723 INFO  client.GrpcClientProtocolClient (GrpcClientProtocolClient.java:onNext(254)) - client-9C97446E6A25->2573df58-4087-4dd0-8598-5abddcc696b9: receive RaftClientReply:client-9C97446E6A25->2573df58-4087-4dd0-8598-5abddcc696b9@group-CE3C0447B19C, cid=2733, SUCCESS, logIndex=4516, commits[2573df58-4087-4dd0-8598-5abddcc696b9:c4516]
2019-06-13 21:51:45,724 INFO  client.GrpcClientProtocolClient (GrpcClientProtocolClient.java:onNext(254)) - client-9C97446E6A25->2573df58-4087-4dd0-8598-5abddcc696b9: receive RaftClientReply:client-9C97446E6A25->2573df58-4087-4dd0-8598-5abddcc696b9@group-CE3C0447B19C, cid=2734, SUCCESS, logIndex=4518, commits[2573df58-4087-4dd0-8598-5abddcc696b9:c4518]
2019-06-13 21:51:45,726 INFO  client.GrpcClientProtocolClient (GrpcClientProtocolClient.java:onNext(254)) - client-9C97446E6A25->2573df58-4087-4dd0-8598-5abddcc696b9: receive RaftClientReply:client-9C97446E6A25->2573df58-4087-4dd0-8598-5abddcc696b9@group-CE3C0447B19C, cid=2735, SUCCESS, logIndex=4519, commits[2573df58-4087-4dd0-8598-5abddcc696b9:c4521]
2019-06-13 21:51:45,726 INFO  client.GrpcClientProtocolClient (GrpcClientProtocolClient.java:onNext(254)) - client-9C97446E6A25->2573df58-4087-4dd0-8598-5abddcc696b9: receive RaftClientReply:client-9C97446E6A25->2573df58-4087-4dd0-8598-5abddcc696b9@group-CE3C0447B19C, cid=2736, SUCCESS, logIndex=4520, commits[2573df58-4087-4dd0-8598-5abddcc696b9:c4521]
2019-06-13 21:51:45,735 INFO  client.GrpcClientProtocolClient (GrpcClientProtocolClient.java:onNext(254)) - client-9C97446E6A25->2573df58-4087-4dd0-8598-5abddcc696b9: receive RaftClientReply:client-9C97446E6A25->2573df58-4087-4dd0-8598-5abddcc696b9@group-CE3C0447B19C, cid=2737, SUCCESS, logIndex=4522, commits[2573df58-4087-4dd0-8598-5abddcc696b9:c4522]
2019-06-13 21:51:45,736 INFO  client.GrpcClientProtocolClient (GrpcClientProtocolClient.java:onNext(254)) - client-9C97446E6A25->2573df58-4087-4dd0-8598-5abddcc696b9: receive RaftClientReply:client-9C97446E6A25->2573df58-4087-4dd0-8598-5abddcc696b9@group-CE3C0447B19C, cid=2738, SUCCESS, logIndex=4524, commits[2573df58-4087-4dd0-8598-5abddcc696b9:c4524]
2019-06-13 21:51:45,737 INFO  client.GrpcClientProtocolClient (GrpcClientProtocolClient.java:onNext(254)) - client-9C97446E6A25->2573df58-4087-4dd0-8598-5abddcc696b9: receive RaftClientReply:client-9C97446E6A25->2573df58-4087-4dd0-8598-5abddcc696b9@group-CE3C0447B19C, cid=2739, SUCCESS, logIndex=4525, commits[2573df58-4087-4dd0-8598-5abddcc696b9:c4527]
2019-06-13 21:51:45,737 INFO  client.GrpcClientProtocolClient (GrpcClientProtocolClient.java:onNext(254)) - client-9C97446E6A25->2573df58-4087-4dd0-8598-5abddcc696b9: receive RaftClientReply:client-9C97446E6A25->2573df58-4087-4dd0-8598-5abddcc696b9@group-CE3C0447B19C, cid=2740, SUCCESS, logIndex=4526, commits[2573df58-4087-4dd0-8598-5abddcc696b9:c4527]
2019-06-13 21:51:45,803 DEBUG block.SCMBlockDeletingService (SCMBlockDeletingService.java:call(138)) - Running DeletedBlockTransactionScanner
2019-06-13 21:51:45,803 DEBUG block.SCMBlockDeletingService (SCMBlockDeletingService.java:call(155)) - Scanned deleted blocks log and got 0 delTX to process.
2019-06-13 21:51:45,809 INFO  client.GrpcClientProtocolClient (GrpcClientProtocolClient.java:onNext(254)) - client-9C97446E6A25->2573df58-4087-4dd0-8598-5abddcc696b9: receive RaftClientReply:client-9C97446E6A25->2573df58-4087-4dd0-8598-5abddcc696b9@group-CE3C0447B19C, cid=2741, SUCCESS, logIndex=4528, commits[2573df58-4087-4dd0-8598-5abddcc696b9:c4528]
2019-06-13 21:51:45,811 INFO  client.GrpcClientProtocolClient (GrpcClientProtocolClient.java:onNext(254)) - client-9C97446E6A25->2573df58-4087-4dd0-8598-5abddcc696b9: receive RaftClientReply:client-9C97446E6A25->2573df58-4087-4dd0-8598-5abddcc696b9@group-CE3C0447B19C, cid=2742, SUCCESS, logIndex=4530, commits[2573df58-4087-4dd0-8598-5abddcc696b9:c4530]
2019-06-13 21:51:45,812 INFO  client.GrpcClientProtocolClient (GrpcClientProtocolClient.java:onNext(254)) - client-9C97446E6A25->2573df58-4087-4dd0-8598-5abddcc696b9: receive RaftClientReply:client-9C97446E6A25->2573df58-4087-4dd0-8598-5abddcc696b9@group-CE3C0447B19C, cid=2743, SUCCESS, logIndex=4531, commits[2573df58-4087-4dd0-8598-5abddcc696b9:c4532]
2019-06-13 21:51:45,813 INFO  client.GrpcClientProtocolClient (GrpcClientProtocolClient.java:onNext(254)) - client-9C97446E6A25->2573df58-4087-4dd0-8598-5abddcc696b9: receive RaftClientReply:client-9C97446E6A25->2573df58-4087-4dd0-8598-5abddcc696b9@group-CE3C0447B19C, cid=2744, SUCCESS, logIndex=4533, commits[2573df58-4087-4dd0-8598-5abddcc696b9:c4533]
2019-06-13 21:51:45,822 INFO  client.GrpcClientProtocolClient (GrpcClientProtocolClient.java:onNext(254)) - client-9C97446E6A25->2573df58-4087-4dd0-8598-5abddcc696b9: receive RaftClientReply:client-9C97446E6A25->2573df58-4087-4dd0-8598-5abddcc696b9@group-CE3C0447B19C, cid=2745, SUCCESS, logIndex=4535, commits[2573df58-4087-4dd0-8598-5abddcc696b9:c4535]
2019-06-13 21:51:45,823 INFO  client.GrpcClientProtocolClient (GrpcClientProtocolClient.java:onNext(254)) - client-9C97446E6A25->2573df58-4087-4dd0-8598-5abddcc696b9: receive RaftClientReply:client-9C97446E6A25->2573df58-4087-4dd0-8598-5abddcc696b9@group-CE3C0447B19C, cid=2746, SUCCESS, logIndex=4537, commits[2573df58-4087-4dd0-8598-5abddcc696b9:c4537]
2019-06-13 21:51:45,824 INFO  client.GrpcClientProtocolClient (GrpcClientProtocolClient.java:onNext(254)) - client-9C97446E6A25->2573df58-4087-4dd0-8598-5abddcc696b9: receive RaftClientReply:client-9C97446E6A25->2573df58-4087-4dd0-8598-5abddcc696b9@group-CE3C0447B19C, cid=2747, SUCCESS, logIndex=4538, commits[2573df58-4087-4dd0-8598-5abddcc696b9:c4540]
2019-06-13 21:51:45,824 INFO  client.GrpcClientProtocolClient (GrpcClientProtocolClient.java:onNext(254)) - client-9C97446E6A25->2573df58-4087-4dd0-8598-5abddcc696b9: receive RaftClientReply:client-9C97446E6A25->2573df58-4087-4dd0-8598-5abddcc696b9@group-CE3C0447B19C, cid=2748, SUCCESS, logIndex=4539, commits[2573df58-4087-4dd0-8598-5abddcc696b9:c4540]
2019-06-13 21:51:45,829 INFO  client.GrpcClientProtocolClient (GrpcClientProtocolClient.java:onNext(254)) - client-9C97446E6A25->2573df58-4087-4dd0-8598-5abddcc696b9: receive RaftClientReply:client-9C97446E6A25->2573df58-4087-4dd0-8598-5abddcc696b9@group-CE3C0447B19C, cid=2749, SUCCESS, logIndex=4541, commits[2573df58-4087-4dd0-8598-5abddcc696b9:c4541]
2019-06-13 21:51:45,830 INFO  client.GrpcClientProtocolClient (GrpcClientProtocolClient.java:onNext(254)) - client-9C97446E6A25->2573df58-4087-4dd0-8598-5abddcc696b9: receive RaftClientReply:client-9C97446E6A25->2573df58-4087-4dd0-8598-5abddcc696b9@group-CE3C0447B19C, cid=2750, SUCCESS, logIndex=4543, commits[2573df58-4087-4dd0-8598-5abddcc696b9:c4543]
2019-06-13 21:51:45,832 INFO  client.GrpcClientProtocolClient (GrpcClientProtocolClient.java:onNext(254)) - client-9C97446E6A25->2573df58-4087-4dd0-8598-5abddcc696b9: receive RaftClientReply:client-9C97446E6A25->2573df58-4087-4dd0-8598-5abddcc696b9@group-CE3C0447B19C, cid=2751, SUCCESS, logIndex=4544, commits[2573df58-4087-4dd0-8598-5abddcc696b9:c4546]
2019-06-13 21:51:45,832 INFO  client.GrpcClientProtocolClient (GrpcClientProtocolClient.java:onNext(254)) - client-9C97446E6A25->2573df58-4087-4dd0-8598-5abddcc696b9: receive RaftClientReply:client-9C97446E6A25->2573df58-4087-4dd0-8598-5abddcc696b9@group-CE3C0447B19C, cid=2752, SUCCESS, logIndex=4545, commits[2573df58-4087-4dd0-8598-5abddcc696b9:c4546]
2019-06-13 21:51:45,845 INFO  client.GrpcClientProtocolClient (GrpcClientProtocolClient.java:onNext(254)) - client-9C97446E6A25->2573df58-4087-4dd0-8598-5abddcc696b9: receive RaftClientReply:client-9C97446E6A25->2573df58-4087-4dd0-8598-5abddcc696b9@group-CE3C0447B19C, cid=2753, SUCCESS, logIndex=4547, commits[2573df58-4087-4dd0-8598-5abddcc696b9:c4547]
2019-06-13 21:51:45,846 INFO  storage.RaftLogWorker (RaftLogWorker.java:rollLogSegment(303)) - 2573df58-4087-4dd0-8598-5abddcc696b9-RaftLogWorker: Rolling segment log-4483_4549 to index:4549
2019-06-13 21:51:45,846 INFO  storage.RaftLogWorker (RaftLogWorker.java:execute(433)) - 2573df58-4087-4dd0-8598-5abddcc696b9-RaftLogWorker: Rolled log segment from /opt/src/hadoop-ozone/integration-test/target/test-dir/MiniOzoneClusterImpl-8578056e-9b7b-4e66-9e9f-ef53d5cd7c03/datanode-0/data/ratis/7f5c2536-ed89-4233-9ec0-ce3c0447b19c/current/log_inprogress_4483 to /opt/src/hadoop-ozone/integration-test/target/test-dir/MiniOzoneClusterImpl-8578056e-9b7b-4e66-9e9f-ef53d5cd7c03/datanode-0/data/ratis/7f5c2536-ed89-4233-9ec0-ce3c0447b19c/current/log_4483-4549
2019-06-13 21:51:45,851 INFO  client.GrpcClientProtocolClient (GrpcClientProtocolClient.java:onNext(254)) - client-9C97446E6A25->2573df58-4087-4dd0-8598-5abddcc696b9: receive RaftClientReply:client-9C97446E6A25->2573df58-4087-4dd0-8598-5abddcc696b9@group-CE3C0447B19C, cid=2754, SUCCESS, logIndex=4549, commits[2573df58-4087-4dd0-8598-5abddcc696b9:c4549]
2019-06-13 21:51:45,884 INFO  storage.RaftLogWorker (RaftLogWorker.java:execute(469)) - 2573df58-4087-4dd0-8598-5abddcc696b9-RaftLogWorker: created new log segment /opt/src/hadoop-ozone/integration-test/target/test-dir/MiniOzoneClusterImpl-8578056e-9b7b-4e66-9e9f-ef53d5cd7c03/datanode-0/data/ratis/7f5c2536-ed89-4233-9ec0-ce3c0447b19c/current/log_inprogress_4550
2019-06-13 21:51:45,885 INFO  client.GrpcClientProtocolClient (GrpcClientProtocolClient.java:onNext(254)) - client-9C97446E6A25->2573df58-4087-4dd0-8598-5abddcc696b9: receive RaftClientReply:client-9C97446E6A25->2573df58-4087-4dd0-8598-5abddcc696b9@group-CE3C0447B19C, cid=2755, SUCCESS, logIndex=4550, commits[2573df58-4087-4dd0-8598-5abddcc696b9:c4552]
2019-06-13 21:51:45,886 INFO  client.GrpcClientProtocolClient (GrpcClientProtocolClient.java:onNext(254)) - client-9C97446E6A25->2573df58-4087-4dd0-8598-5abddcc696b9: receive RaftClientReply:client-9C97446E6A25->2573df58-4087-4dd0-8598-5abddcc696b9@group-CE3C0447B19C, cid=2756, SUCCESS, logIndex=4551, commits[2573df58-4087-4dd0-8598-5abddcc696b9:c4552]
2019-06-13 21:51:45,892 INFO  client.GrpcClientProtocolClient (GrpcClientProtocolClient.java:onNext(254)) - client-9C97446E6A25->2573df58-4087-4dd0-8598-5abddcc696b9: receive RaftClientReply:client-9C97446E6A25->2573df58-4087-4dd0-8598-5abddcc696b9@group-CE3C0447B19C, cid=2757, SUCCESS, logIndex=4553, commits[2573df58-4087-4dd0-8598-5abddcc696b9:c4553]
2019-06-13 21:51:45,893 INFO  client.GrpcClientProtocolClient (GrpcClientProtocolClient.java:onNext(254)) - client-9C97446E6A25->2573df58-4087-4dd0-8598-5abddcc696b9: receive RaftClientReply:client-9C97446E6A25->2573df58-4087-4dd0-8598-5abddcc696b9@group-CE3C0447B19C, cid=2758, SUCCESS, logIndex=4555, commits[2573df58-4087-4dd0-8598-5abddcc696b9:c4555]
2019-06-13 21:51:45,894 INFO  client.GrpcClientProtocolClient (GrpcClientProtocolClient.java:onNext(254)) - client-9C97446E6A25->2573df58-4087-4dd0-8598-5abddcc696b9: receive RaftClientReply:client-9C97446E6A25->2573df58-4087-4dd0-8598-5abddcc696b9@group-CE3C0447B19C, cid=2759, SUCCESS, logIndex=4556, commits[2573df58-4087-4dd0-8598-5abddcc696b9:c4558]
2019-06-13 21:51:45,894 INFO  client.GrpcClientProtocolClient (GrpcClientProtocolClient.java:onNext(254)) - client-9C97446E6A25->2573df58-4087-4dd0-8598-5abddcc696b9: receive RaftClientReply:client-9C97446E6A25->2573df58-4087-4dd0-8598-5abddcc696b9@group-CE3C0447B19C, cid=2760, SUCCESS, logIndex=4557, commits[2573df58-4087-4dd0-8598-5abddcc696b9:c4558]
2019-06-13 21:51:45,904 DEBUG block.SCMBlockDeletingService (SCMBlockDeletingService.java:call(138)) - Running DeletedBlockTransactionScanner
2019-06-13 21:51:45,904 DEBUG block.SCMBlockDeletingService (SCMBlockDeletingService.java:call(155)) - Scanned deleted blocks log and got 0 delTX to process.
2019-06-13 21:51:45,906 INFO  client.GrpcClientProtocolClient (GrpcClientProtocolClient.java:onNext(254)) - client-9C97446E6A25->2573df58-4087-4dd0-8598-5abddcc696b9: receive RaftClientReply:client-9C97446E6A25->2573df58-4087-4dd0-8598-5abddcc696b9@group-CE3C0447B19C, cid=2761, SUCCESS, logIndex=4559, commits[2573df58-4087-4dd0-8598-5abddcc696b9:c4559]
2019-06-13 21:51:45,908 INFO  client.GrpcClientProtocolClient (GrpcClientProtocolClient.java:onNext(254)) - client-9C97446E6A25->2573df58-4087-4dd0-8598-5abddcc696b9: receive RaftClientReply:client-9C97446E6A25->2573df58-4087-4dd0-8598-5abddcc696b9@group-CE3C0447B19C, cid=2762, SUCCESS, logIndex=4561, commits[2573df58-4087-4dd0-8598-5abddcc696b9:c4563]
2019-06-13 21:51:45,909 INFO  client.GrpcClientProtocolClient (GrpcClientProtocolClient.java:onNext(254)) - client-9C97446E6A25->2573df58-4087-4dd0-8598-5abddcc696b9: receive RaftClientReply:client-9C97446E6A25->2573df58-4087-4dd0-8598-5abddcc696b9@group-CE3C0447B19C, cid=2763, SUCCESS, logIndex=4562, commits[2573df58-4087-4dd0-8598-5abddcc696b9:c4563]
2019-06-13 21:51:45,909 INFO  client.GrpcClientProtocolClient (GrpcClientProtocolClient.java:onNext(254)) - client-9C97446E6A25->2573df58-4087-4dd0-8598-5abddcc696b9: receive RaftClientReply:client-9C97446E6A25->2573df58-4087-4dd0-8598-5abddcc696b9@group-CE3C0447B19C, cid=2764, SUCCESS, logIndex=4563, commits[2573df58-4087-4dd0-8598-5abddcc696b9:c4564]
2019-06-13 21:51:45,915 INFO  client.GrpcClientProtocolClient (GrpcClientProtocolClient.java:onNext(254)) - client-9C97446E6A25->2573df58-4087-4dd0-8598-5abddcc696b9: receive RaftClientReply:client-9C97446E6A25->2573df58-4087-4dd0-8598-5abddcc696b9@group-CE3C0447B19C, cid=2765, SUCCESS, logIndex=4565, commits[2573df58-4087-4dd0-8598-5abddcc696b9:c4565]
2019-06-13 21:51:45,916 INFO  client.GrpcClientProtocolClient (GrpcClientProtocolClient.java:onNext(254)) - client-9C97446E6A25->2573df58-4087-4dd0-8598-5abddcc696b9: receive RaftClientReply:client-9C97446E6A25->2573df58-4087-4dd0-8598-5abddcc696b9@group-CE3C0447B19C, cid=2766, SUCCESS, logIndex=4567, commits[2573df58-4087-4dd0-8598-5abddcc696b9:c4567]
2019-06-13 21:51:45,918 INFO  client.GrpcClientProtocolClient (GrpcClientProtocolClient.java:onNext(254)) - client-9C97446E6A25->2573df58-4087-4dd0-8598-5abddcc696b9: receive RaftClientReply:client-9C97446E6A25->2573df58-4087-4dd0-8598-5abddcc696b9@group-CE3C0447B19C, cid=2767, SUCCESS, logIndex=4569, commits[2573df58-4087-4dd0-8598-5abddcc696b9:c4570]
2019-06-13 21:51:45,919 INFO  client.GrpcClientProtocolClient (GrpcClientProtocolClient.java:onNext(254)) - client-9C97446E6A25->2573df58-4087-4dd0-8598-5abddcc696b9: receive RaftClientReply:client-9C97446E6A25->2573df58-4087-4dd0-8598-5abddcc696b9@group-CE3C0447B19C, cid=2768, SUCCESS, logIndex=4570, commits[2573df58-4087-4dd0-8598-5abddcc696b9:c4570]
2019-06-13 21:51:45,928 INFO  client.GrpcClientProtocolClient (GrpcClientProtocolClient.java:onNext(254)) - client-9C97446E6A25->2573df58-4087-4dd0-8598-5abddcc696b9: receive RaftClientReply:client-9C97446E6A25->2573df58-4087-4dd0-8598-5abddcc696b9@group-CE3C0447B19C, cid=2769, SUCCESS, logIndex=4572, commits[2573df58-4087-4dd0-8598-5abddcc696b9:c4572]
2019-06-13 21:51:45,929 INFO  client.GrpcClientProtocolClient (GrpcClientProtocolClient.java:onNext(254)) - client-9C97446E6A25->2573df58-4087-4dd0-8598-5abddcc696b9: receive RaftClientReply:client-9C97446E6A25->2573df58-4087-4dd0-8598-5abddcc696b9@group-CE3C0447B19C, cid=2770, SUCCESS, logIndex=4574, commits[2573df58-4087-4dd0-8598-5abddcc696b9:c4574]
2019-06-13 21:51:45,930 INFO  client.GrpcClientProtocolClient (GrpcClientProtocolClient.java:onNext(254)) - client-9C97446E6A25->2573df58-4087-4dd0-8598-5abddcc696b9: receive RaftClientReply:client-9C97446E6A25->2573df58-4087-4dd0-8598-5abddcc696b9@group-CE3C0447B19C, cid=2771, SUCCESS, logIndex=4575, commits[2573df58-4087-4dd0-8598-5abddcc696b9:c4577]
2019-06-13 21:51:45,930 INFO  client.GrpcClientProtocolClient (GrpcClientProtocolClient.java:onNext(254)) - client-9C97446E6A25->2573df58-4087-4dd0-8598-5abddcc696b9: receive RaftClientReply:client-9C97446E6A25->2573df58-4087-4dd0-8598-5abddcc696b9@group-CE3C0447B19C, cid=2772, SUCCESS, logIndex=4576, commits[2573df58-4087-4dd0-8598-5abddcc696b9:c4577]
2019-06-13 21:51:45,935 INFO  client.GrpcClientProtocolClient (GrpcClientProtocolClient.java:onNext(254)) - client-9C97446E6A25->2573df58-4087-4dd0-8598-5abddcc696b9: receive RaftClientReply:client-9C97446E6A25->2573df58-4087-4dd0-8598-5abddcc696b9@group-CE3C0447B19C, cid=2773, SUCCESS, logIndex=4578, commits[2573df58-4087-4dd0-8598-5abddcc696b9:c4578]
2019-06-13 21:51:45,936 INFO  client.GrpcClientProtocolClient (GrpcClientProtocolClient.java:onNext(254)) - client-9C97446E6A25->2573df58-4087-4dd0-8598-5abddcc696b9: receive RaftClientReply:client-9C97446E6A25->2573df58-4087-4dd0-8598-5abddcc696b9@group-CE3C0447B19C, cid=2774, SUCCESS, logIndex=4580, commits[2573df58-4087-4dd0-8598-5abddcc696b9:c4580]
2019-06-13 21:51:45,937 INFO  client.GrpcClientProtocolClient (GrpcClientProtocolClient.java:onNext(254)) - client-9C97446E6A25->2573df58-4087-4dd0-8598-5abddcc696b9: receive RaftClientReply:client-9C97446E6A25->2573df58-4087-4dd0-8598-5abddcc696b9@group-CE3C0447B19C, cid=2775, SUCCESS, logIndex=4581, commits[2573df58-4087-4dd0-8598-5abddcc696b9:c4582]
2019-06-13 21:51:45,938 INFO  client.GrpcClientProtocolClient (GrpcClientProtocolClient.java:onNext(254)) - client-9C97446E6A25->2573df58-4087-4dd0-8598-5abddcc696b9: receive RaftClientReply:client-9C97446E6A25->2573df58-4087-4dd0-8598-5abddcc696b9@group-CE3C0447B19C, cid=2776, SUCCESS, logIndex=4583, commits[2573df58-4087-4dd0-8598-5abddcc696b9:c4583]
2019-06-13 21:51:45,947 INFO  client.GrpcClientProtocolClient (GrpcClientProtocolClient.java:onNext(254)) - client-9C97446E6A25->2573df58-4087-4dd0-8598-5abddcc696b9: receive RaftClientReply:client-9C97446E6A25->2573df58-4087-4dd0-8598-5abddcc696b9@group-CE3C0447B19C, cid=2777, SUCCESS, logIndex=4585, commits[2573df58-4087-4dd0-8598-5abddcc696b9:c4585]
2019-06-13 21:51:45,948 INFO  client.GrpcClientProtocolClient (GrpcClientProtocolClient.java:onNext(254)) - client-9C97446E6A25->2573df58-4087-4dd0-8598-5abddcc696b9: receive RaftClientReply:client-9C97446E6A25->2573df58-4087-4dd0-8598-5abddcc696b9@group-CE3C0447B19C, cid=2778, SUCCESS, logIndex=4587, commits[2573df58-4087-4dd0-8598-5abddcc696b9:c4587]
2019-06-13 21:51:45,949 INFO  client.GrpcClientProtocolClient (GrpcClientProtocolClient.java:onNext(254)) - client-9C97446E6A25->2573df58-4087-4dd0-8598-5abddcc696b9: receive RaftClientReply:client-9C97446E6A25->2573df58-4087-4dd0-8598-5abddcc696b9@group-CE3C0447B19C, cid=2779, SUCCESS, logIndex=4588, commits[2573df58-4087-4dd0-8598-5abddcc696b9:c4590]
2019-06-13 21:51:45,950 INFO  client.GrpcClientProtocolClient (GrpcClientProtocolClient.java:onNext(254)) - client-9C97446E6A25->2573df58-4087-4dd0-8598-5abddcc696b9: receive RaftClientReply:client-9C97446E6A25->2573df58-4087-4dd0-8598-5abddcc696b9@group-CE3C0447B19C, cid=2780, SUCCESS, logIndex=4589, commits[2573df58-4087-4dd0-8598-5abddcc696b9:c4590]
2019-06-13 21:51:45,955 INFO  client.GrpcClientProtocolClient (GrpcClientProtocolClient.java:onNext(254)) - client-9C97446E6A25->2573df58-4087-4dd0-8598-5abddcc696b9: receive RaftClientReply:client-9C97446E6A25->2573df58-4087-4dd0-8598-5abddcc696b9@group-CE3C0447B19C, cid=2781, SUCCESS, logIndex=4591, commits[2573df58-4087-4dd0-8598-5abddcc696b9:c4591]
2019-06-13 21:51:45,956 INFO  client.GrpcClientProtocolClient (GrpcClientProtocolClient.java:onNext(254)) - client-9C97446E6A25->2573df58-4087-4dd0-8598-5abddcc696b9: receive RaftClientReply:client-9C97446E6A25->2573df58-4087-4dd0-8598-5abddcc696b9@group-CE3C0447B19C, cid=2782, SUCCESS, logIndex=4593, commits[2573df58-4087-4dd0-8598-5abddcc696b9:c4593]
2019-06-13 21:51:45,957 INFO  client.GrpcClientProtocolClient (GrpcClientProtocolClient.java:onNext(254)) - client-9C97446E6A25->2573df58-4087-4dd0-8598-5abddcc696b9: receive RaftClientReply:client-9C97446E6A25->2573df58-4087-4dd0-8598-5abddcc696b9@group-CE3C0447B19C, cid=2783, SUCCESS, logIndex=4594, commits[2573df58-4087-4dd0-8598-5abddcc696b9:c4596]
2019-06-13 21:51:45,957 INFO  client.GrpcClientProtocolClient (GrpcClientProtocolClient.java:onNext(254)) - client-9C97446E6A25->2573df58-4087-4dd0-8598-5abddcc696b9: receive RaftClientReply:client-9C97446E6A25->2573df58-4087-4dd0-8598-5abddcc696b9@group-CE3C0447B19C, cid=2784, SUCCESS, logIndex=4595, commits[2573df58-4087-4dd0-8598-5abddcc696b9:c4596]
2019-06-13 21:51:46,004 DEBUG block.SCMBlockDeletingService (SCMBlockDeletingService.java:call(138)) - Running DeletedBlockTransactionScanner
2019-06-13 21:51:46,004 DEBUG block.SCMBlockDeletingService (SCMBlockDeletingService.java:call(155)) - Scanned deleted blocks log and got 0 delTX to process.
2019-06-13 21:51:46,076 INFO  client.GrpcClientProtocolClient (GrpcClientProtocolClient.java:onNext(254)) - client-9C97446E6A25->2573df58-4087-4dd0-8598-5abddcc696b9: receive RaftClientReply:client-9C97446E6A25->2573df58-4087-4dd0-8598-5abddcc696b9@group-CE3C0447B19C, cid=2785, SUCCESS, logIndex=4597, commits[2573df58-4087-4dd0-8598-5abddcc696b9:c4597]
2019-06-13 21:51:46,078 INFO  client.GrpcClientProtocolClient (GrpcClientProtocolClient.java:onNext(254)) - client-9C97446E6A25->2573df58-4087-4dd0-8598-5abddcc696b9: receive RaftClientReply:client-9C97446E6A25->2573df58-4087-4dd0-8598-5abddcc696b9@group-CE3C0447B19C, cid=2786, SUCCESS, logIndex=4599, commits[2573df58-4087-4dd0-8598-5abddcc696b9:c4599]
2019-06-13 21:51:46,078 INFO  client.GrpcClientProtocolClient (GrpcClientProtocolClient.java:onNext(254)) - client-9C97446E6A25->2573df58-4087-4dd0-8598-5abddcc696b9: receive RaftClientReply:client-9C97446E6A25->2573df58-4087-4dd0-8598-5abddcc696b9@group-CE3C0447B19C, cid=2787, SUCCESS, logIndex=4600, commits[2573df58-4087-4dd0-8598-5abddcc696b9:c4602]
2019-06-13 21:51:46,079 INFO  client.GrpcClientProtocolClient (GrpcClientProtocolClient.java:onNext(254)) - client-9C97446E6A25->2573df58-4087-4dd0-8598-5abddcc696b9: receive RaftClientReply:client-9C97446E6A25->2573df58-4087-4dd0-8598-5abddcc696b9@group-CE3C0447B19C, cid=2788, SUCCESS, logIndex=4601, commits[2573df58-4087-4dd0-8598-5abddcc696b9:c4602]
2019-06-13 21:51:46,083 INFO  client.GrpcClientProtocolClient (GrpcClientProtocolClient.java:onNext(254)) - client-9C97446E6A25->2573df58-4087-4dd0-8598-5abddcc696b9: receive RaftClientReply:client-9C97446E6A25->2573df58-4087-4dd0-8598-5abddcc696b9@group-CE3C0447B19C, cid=2789, SUCCESS, logIndex=4603, commits[2573df58-4087-4dd0-8598-5abddcc696b9:c4603]
2019-06-13 21:51:46,084 INFO  client.GrpcClientProtocolClient (GrpcClientProtocolClient.java:onNext(254)) - client-9C97446E6A25->2573df58-4087-4dd0-8598-5abddcc696b9: receive RaftClientReply:client-9C97446E6A25->2573df58-4087-4dd0-8598-5abddcc696b9@group-CE3C0447B19C, cid=2790, SUCCESS, logIndex=4605, commits[2573df58-4087-4dd0-8598-5abddcc696b9:c4605]
2019-06-13 21:51:46,087 INFO  client.GrpcClientProtocolClient (GrpcClientProtocolClient.java:onNext(254)) - client-9C97446E6A25->2573df58-4087-4dd0-8598-5abddcc696b9: receive RaftClientReply:client-9C97446E6A25->2573df58-4087-4dd0-8598-5abddcc696b9@group-CE3C0447B19C, cid=2791, SUCCESS, logIndex=4607, commits[2573df58-4087-4dd0-8598-5abddcc696b9:c4608]
2019-06-13 21:51:46,087 INFO  client.GrpcClientProtocolClient (GrpcClientProtocolClient.java:onNext(254)) - client-9C97446E6A25->2573df58-4087-4dd0-8598-5abddcc696b9: receive RaftClientReply:client-9C97446E6A25->2573df58-4087-4dd0-8598-5abddcc696b9@group-CE3C0447B19C, cid=2792, SUCCESS, logIndex=4608, commits[2573df58-4087-4dd0-8598-5abddcc696b9:c4608]
2019-06-13 21:51:46,096 INFO  client.GrpcClientProtocolClient (GrpcClientProtocolClient.java:onNext(254)) - client-9C97446E6A25->2573df58-4087-4dd0-8598-5abddcc696b9: receive RaftClientReply:client-9C97446E6A25->2573df58-4087-4dd0-8598-5abddcc696b9@group-CE3C0447B19C, cid=2793, SUCCESS, logIndex=4610, commits[2573df58-4087-4dd0-8598-5abddcc696b9:c4610]
2019-06-13 21:51:46,099 INFO  client.GrpcClientProtocolClient (GrpcClientProtocolClient.java:onNext(254)) - client-9C97446E6A25->2573df58-4087-4dd0-8598-5abddcc696b9: receive RaftClientReply:client-9C97446E6A25->2573df58-4087-4dd0-8598-5abddcc696b9@group-CE3C0447B19C, cid=2794, SUCCESS, logIndex=4612, commits[2573df58-4087-4dd0-8598-5abddcc696b9:c4614]
2019-06-13 21:51:46,100 INFO  client.GrpcClientProtocolClient (GrpcClientProtocolClient.java:onNext(254)) - client-9C97446E6A25->2573df58-4087-4dd0-8598-5abddcc696b9: receive RaftClientReply:client-9C97446E6A25->2573df58-4087-4dd0-8598-5abddcc696b9@group-CE3C0447B19C, cid=2795, SUCCESS, logIndex=4613, commits[2573df58-4087-4dd0-8598-5abddcc696b9:c4614]
2019-06-13 21:51:46,100 INFO  client.GrpcClientProtocolClient (GrpcClientProtocolClient.java:onNext(254)) - client-9C97446E6A25->2573df58-4087-4dd0-8598-5abddcc696b9: receive RaftClientReply:client-9C97446E6A25->2573df58-4087-4dd0-8598-5abddcc696b9@group-CE3C0447B19C, cid=2796, SUCCESS, logIndex=4614, commits[2573df58-4087-4dd0-8598-5abddcc696b9:c4614]
2019-06-13 21:51:46,104 DEBUG block.SCMBlockDeletingService (SCMBlockDeletingService.java:call(138)) - Running DeletedBlockTransactionScanner
2019-06-13 21:51:46,105 DEBUG block.SCMBlockDeletingService (SCMBlockDeletingService.java:call(155)) - Scanned deleted blocks log and got 0 delTX to process.
2019-06-13 21:51:46,105 INFO  client.GrpcClientProtocolClient (GrpcClientProtocolClient.java:onNext(254)) - client-9C97446E6A25->2573df58-4087-4dd0-8598-5abddcc696b9: receive RaftClientReply:client-9C97446E6A25->2573df58-4087-4dd0-8598-5abddcc696b9@group-CE3C0447B19C, cid=2797, SUCCESS, logIndex=4616, commits[2573df58-4087-4dd0-8598-5abddcc696b9:c4616]
2019-06-13 21:51:46,105 INFO  storage.RaftLogWorker (RaftLogWorker.java:rollLogSegment(303)) - 2573df58-4087-4dd0-8598-5abddcc696b9-RaftLogWorker: Rolling segment log-4550_4617 to index:4617
2019-06-13 21:51:46,106 INFO  storage.RaftLogWorker (RaftLogWorker.java:execute(433)) - 2573df58-4087-4dd0-8598-5abddcc696b9-RaftLogWorker: Rolled log segment from /opt/src/hadoop-ozone/integration-test/target/test-dir/MiniOzoneClusterImpl-8578056e-9b7b-4e66-9e9f-ef53d5cd7c03/datanode-0/data/ratis/7f5c2536-ed89-4233-9ec0-ce3c0447b19c/current/log_inprogress_4550 to /opt/src/hadoop-ozone/integration-test/target/test-dir/MiniOzoneClusterImpl-8578056e-9b7b-4e66-9e9f-ef53d5cd7c03/datanode-0/data/ratis/7f5c2536-ed89-4233-9ec0-ce3c0447b19c/current/log_4550-4617
2019-06-13 21:51:46,142 INFO  storage.RaftLogWorker (RaftLogWorker.java:execute(469)) - 2573df58-4087-4dd0-8598-5abddcc696b9-RaftLogWorker: created new log segment /opt/src/hadoop-ozone/integration-test/target/test-dir/MiniOzoneClusterImpl-8578056e-9b7b-4e66-9e9f-ef53d5cd7c03/datanode-0/data/ratis/7f5c2536-ed89-4233-9ec0-ce3c0447b19c/current/log_inprogress_4618
2019-06-13 21:51:46,143 INFO  client.GrpcClientProtocolClient (GrpcClientProtocolClient.java:onNext(254)) - client-9C97446E6A25->2573df58-4087-4dd0-8598-5abddcc696b9: receive RaftClientReply:client-9C97446E6A25->2573df58-4087-4dd0-8598-5abddcc696b9@group-CE3C0447B19C, cid=2798, SUCCESS, logIndex=4618, commits[2573df58-4087-4dd0-8598-5abddcc696b9:c4620]
2019-06-13 21:51:46,143 INFO  client.GrpcClientProtocolClient (GrpcClientProtocolClient.java:onNext(254)) - client-9C97446E6A25->2573df58-4087-4dd0-8598-5abddcc696b9: receive RaftClientReply:client-9C97446E6A25->2573df58-4087-4dd0-8598-5abddcc696b9@group-CE3C0447B19C, cid=2799, SUCCESS, logIndex=4619, commits[2573df58-4087-4dd0-8598-5abddcc696b9:c4621]
2019-06-13 21:51:46,144 INFO  client.GrpcClientProtocolClient (GrpcClientProtocolClient.java:onNext(254)) - client-9C97446E6A25->2573df58-4087-4dd0-8598-5abddcc696b9: receive RaftClientReply:client-9C97446E6A25->2573df58-4087-4dd0-8598-5abddcc696b9@group-CE3C0447B19C, cid=2800, SUCCESS, logIndex=4620, commits[2573df58-4087-4dd0-8598-5abddcc696b9:c4621]
2019-06-13 21:51:46,153 INFO  client.GrpcClientProtocolClient (GrpcClientProtocolClient.java:onNext(254)) - client-9C97446E6A25->2573df58-4087-4dd0-8598-5abddcc696b9: receive RaftClientReply:client-9C97446E6A25->2573df58-4087-4dd0-8598-5abddcc696b9@group-CE3C0447B19C, cid=2801, SUCCESS, logIndex=4622, commits[2573df58-4087-4dd0-8598-5abddcc696b9:c4622]
2019-06-13 21:51:46,154 INFO  client.GrpcClientProtocolClient (GrpcClientProtocolClient.java:onNext(254)) - client-9C97446E6A25->2573df58-4087-4dd0-8598-5abddcc696b9: receive RaftClientReply:client-9C97446E6A25->2573df58-4087-4dd0-8598-5abddcc696b9@group-CE3C0447B19C, cid=2802, SUCCESS, logIndex=4624, commits[2573df58-4087-4dd0-8598-5abddcc696b9:c4624]
2019-06-13 21:51:46,155 INFO  client.GrpcClientProtocolClient (GrpcClientProtocolClient.java:onNext(254)) - client-9C97446E6A25->2573df58-4087-4dd0-8598-5abddcc696b9: receive RaftClientReply:client-9C97446E6A25->2573df58-4087-4dd0-8598-5abddcc696b9@group-CE3C0447B19C, cid=2803, SUCCESS, logIndex=4625, commits[2573df58-4087-4dd0-8598-5abddcc696b9:c4627]
2019-06-13 21:51:46,155 INFO  client.GrpcClientProtocolClient (GrpcClientProtocolClient.java:onNext(254)) - client-9C97446E6A25->2573df58-4087-4dd0-8598-5abddcc696b9: receive RaftClientReply:client-9C97446E6A25->2573df58-4087-4dd0-8598-5abddcc696b9@group-CE3C0447B19C, cid=2804, SUCCESS, logIndex=4626, commits[2573df58-4087-4dd0-8598-5abddcc696b9:c4627]
2019-06-13 21:51:46,161 INFO  client.GrpcClientProtocolClient (GrpcClientProtocolClient.java:onNext(254)) - client-9C97446E6A25->2573df58-4087-4dd0-8598-5abddcc696b9: receive RaftClientReply:client-9C97446E6A25->2573df58-4087-4dd0-8598-5abddcc696b9@group-CE3C0447B19C, cid=2805, SUCCESS, logIndex=4628, commits[2573df58-4087-4dd0-8598-5abddcc696b9:c4628]
2019-06-13 21:51:46,162 INFO  client.GrpcClientProtocolClient (GrpcClientProtocolClient.java:onNext(254)) - client-9C97446E6A25->2573df58-4087-4dd0-8598-5abddcc696b9: receive RaftClientReply:client-9C97446E6A25->2573df58-4087-4dd0-8598-5abddcc696b9@group-CE3C0447B19C, cid=2806, SUCCESS, logIndex=4630, commits[2573df58-4087-4dd0-8598-5abddcc696b9:c4630]
2019-06-13 21:51:46,163 INFO  client.GrpcClientProtocolClient (GrpcClientProtocolClient.java:onNext(254)) - client-9C97446E6A25->2573df58-4087-4dd0-8598-5abddcc696b9: receive RaftClientReply:client-9C97446E6A25->2573df58-4087-4dd0-8598-5abddcc696b9@group-CE3C0447B19C, cid=2807, SUCCESS, logIndex=4631, commits[2573df58-4087-4dd0-8598-5abddcc696b9:c4632]
2019-06-13 21:51:46,164 INFO  client.GrpcClientProtocolClient (GrpcClientProtocolClient.java:onNext(254)) - client-9C97446E6A25->2573df58-4087-4dd0-8598-5abddcc696b9: receive RaftClientReply:client-9C97446E6A25->2573df58-4087-4dd0-8598-5abddcc696b9@group-CE3C0447B19C, cid=2808, SUCCESS, logIndex=4633, commits[2573df58-4087-4dd0-8598-5abddcc696b9:c4633]
2019-06-13 21:51:46,174 INFO  client.GrpcClientProtocolClient (GrpcClientProtocolClient.java:onNext(254)) - client-9C97446E6A25->2573df58-4087-4dd0-8598-5abddcc696b9: receive RaftClientReply:client-9C97446E6A25->2573df58-4087-4dd0-8598-5abddcc696b9@group-CE3C0447B19C, cid=2809, SUCCESS, logIndex=4635, commits[2573df58-4087-4dd0-8598-5abddcc696b9:c4635]
2019-06-13 21:51:46,175 INFO  client.GrpcClientProtocolClient (GrpcClientProtocolClient.java:onNext(254)) - client-9C97446E6A25->2573df58-4087-4dd0-8598-5abddcc696b9: receive RaftClientReply:client-9C97446E6A25->2573df58-4087-4dd0-8598-5abddcc696b9@group-CE3C0447B19C, cid=2810, SUCCESS, logIndex=4637, commits[2573df58-4087-4dd0-8598-5abddcc696b9:c4637]
2019-06-13 21:51:46,176 INFO  client.GrpcClientProtocolClient (GrpcClientProtocolClient.java:onNext(254)) - client-9C97446E6A25->2573df58-4087-4dd0-8598-5abddcc696b9: receive RaftClientReply:client-9C97446E6A25->2573df58-4087-4dd0-8598-5abddcc696b9@group-CE3C0447B19C, cid=2811, SUCCESS, logIndex=4638, commits[2573df58-4087-4dd0-8598-5abddcc696b9:c4640]
2019-06-13 21:51:46,176 INFO  client.GrpcClientProtocolClient (GrpcClientProtocolClient.java:onNext(254)) - client-9C97446E6A25->2573df58-4087-4dd0-8598-5abddcc696b9: receive RaftClientReply:client-9C97446E6A25->2573df58-4087-4dd0-8598-5abddcc696b9@group-CE3C0447B19C, cid=2812, SUCCESS, logIndex=4639, commits[2573df58-4087-4dd0-8598-5abddcc696b9:c4640]
2019-06-13 21:51:46,181 INFO  client.GrpcClientProtocolClient (GrpcClientProtocolClient.java:onNext(254)) - client-9C97446E6A25->2573df58-4087-4dd0-8598-5abddcc696b9: receive RaftClientReply:client-9C97446E6A25->2573df58-4087-4dd0-8598-5abddcc696b9@group-CE3C0447B19C, cid=2813, SUCCESS, logIndex=4641, commits[2573df58-4087-4dd0-8598-5abddcc696b9:c4641]
2019-06-13 21:51:46,189 INFO  client.GrpcClientProtocolClient (GrpcClientProtocolClient.java:onNext(254)) - client-9C97446E6A25->2573df58-4087-4dd0-8598-5abddcc696b9: receive RaftClientReply:client-9C97446E6A25->2573df58-4087-4dd0-8598-5abddcc696b9@group-CE3C0447B19C, cid=2814, SUCCESS, logIndex=4643, commits[2573df58-4087-4dd0-8598-5abddcc696b9:c4645]
2019-06-13 21:51:46,191 INFO  client.GrpcClientProtocolClient (GrpcClientProtocolClient.java:onNext(254)) - client-9C97446E6A25->2573df58-4087-4dd0-8598-5abddcc696b9: receive RaftClientReply:client-9C97446E6A25->2573df58-4087-4dd0-8598-5abddcc696b9@group-CE3C0447B19C, cid=2815, SUCCESS, logIndex=4644, commits[2573df58-4087-4dd0-8598-5abddcc696b9:c4645]
2019-06-13 21:51:46,191 INFO  client.GrpcClientProtocolClient (GrpcClientProtocolClient.java:onNext(254)) - client-9C97446E6A25->2573df58-4087-4dd0-8598-5abddcc696b9: receive RaftClientReply:client-9C97446E6A25->2573df58-4087-4dd0-8598-5abddcc696b9@group-CE3C0447B19C, cid=2816, SUCCESS, logIndex=4645, commits[2573df58-4087-4dd0-8598-5abddcc696b9:c4645]
2019-06-13 21:51:46,201 INFO  client.GrpcClientProtocolClient (GrpcClientProtocolClient.java:onNext(254)) - client-9C97446E6A25->2573df58-4087-4dd0-8598-5abddcc696b9: receive RaftClientReply:client-9C97446E6A25->2573df58-4087-4dd0-8598-5abddcc696b9@group-CE3C0447B19C, cid=2817, SUCCESS, logIndex=4647, commits[2573df58-4087-4dd0-8598-5abddcc696b9:c4647]
2019-06-13 21:51:46,203 INFO  client.GrpcClientProtocolClient (GrpcClientProtocolClient.java:onNext(254)) - client-9C97446E6A25->2573df58-4087-4dd0-8598-5abddcc696b9: receive RaftClientReply:client-9C97446E6A25->2573df58-4087-4dd0-8598-5abddcc696b9@group-CE3C0447B19C, cid=2818, SUCCESS, logIndex=4649, commits[2573df58-4087-4dd0-8598-5abddcc696b9:c4649]
2019-06-13 21:51:46,204 INFO  client.GrpcClientProtocolClient (GrpcClientProtocolClient.java:onNext(254)) - client-9C97446E6A25->2573df58-4087-4dd0-8598-5abddcc696b9: receive RaftClientReply:client-9C97446E6A25->2573df58-4087-4dd0-8598-5abddcc696b9@group-CE3C0447B19C, cid=2819, SUCCESS, logIndex=4650, commits[2573df58-4087-4dd0-8598-5abddcc696b9:c4652]
2019-06-13 21:51:46,204 INFO  client.GrpcClientProtocolClient (GrpcClientProtocolClient.java:onNext(254)) - client-9C97446E6A25->2573df58-4087-4dd0-8598-5abddcc696b9: receive RaftClientReply:client-9C97446E6A25->2573df58-4087-4dd0-8598-5abddcc696b9@group-CE3C0447B19C, cid=2820, SUCCESS, logIndex=4651, commits[2573df58-4087-4dd0-8598-5abddcc696b9:c4652]
2019-06-13 21:51:46,205 DEBUG block.SCMBlockDeletingService (SCMBlockDeletingService.java:call(138)) - Running DeletedBlockTransactionScanner
2019-06-13 21:51:46,205 DEBUG block.SCMBlockDeletingService (SCMBlockDeletingService.java:call(155)) - Scanned deleted blocks log and got 0 delTX to process.
2019-06-13 21:51:46,209 INFO  client.GrpcClientProtocolClient (GrpcClientProtocolClient.java:onNext(254)) - client-9C97446E6A25->2573df58-4087-4dd0-8598-5abddcc696b9: receive RaftClientReply:client-9C97446E6A25->2573df58-4087-4dd0-8598-5abddcc696b9@group-CE3C0447B19C, cid=2821, SUCCESS, logIndex=4653, commits[2573df58-4087-4dd0-8598-5abddcc696b9:c4653]
2019-06-13 21:51:46,211 INFO  client.GrpcClientProtocolClient (GrpcClientProtocolClient.java:onNext(254)) - client-9C97446E6A25->2573df58-4087-4dd0-8598-5abddcc696b9: receive RaftClientReply:client-9C97446E6A25->2573df58-4087-4dd0-8598-5abddcc696b9@group-CE3C0447B19C, cid=2822, SUCCESS, logIndex=4655, commits[2573df58-4087-4dd0-8598-5abddcc696b9:c4655]
2019-06-13 21:51:46,212 INFO  client.GrpcClientProtocolClient (GrpcClientProtocolClient.java:onNext(254)) - client-9C97446E6A25->2573df58-4087-4dd0-8598-5abddcc696b9: receive RaftClientReply:client-9C97446E6A25->2573df58-4087-4dd0-8598-5abddcc696b9@group-CE3C0447B19C, cid=2823, SUCCESS, logIndex=4656, commits[2573df58-4087-4dd0-8598-5abddcc696b9:c4658]
2019-06-13 21:51:46,212 INFO  client.GrpcClientProtocolClient (GrpcClientProtocolClient.java:onNext(254)) - client-9C97446E6A25->2573df58-4087-4dd0-8598-5abddcc696b9: receive RaftClientReply:client-9C97446E6A25->2573df58-4087-4dd0-8598-5abddcc696b9@group-CE3C0447B19C, cid=2824, SUCCESS, logIndex=4657, commits[2573df58-4087-4dd0-8598-5abddcc696b9:c4658]
2019-06-13 21:51:46,223 INFO  client.GrpcClientProtocolClient (GrpcClientProtocolClient.java:onNext(254)) - client-9C97446E6A25->2573df58-4087-4dd0-8598-5abddcc696b9: receive RaftClientReply:client-9C97446E6A25->2573df58-4087-4dd0-8598-5abddcc696b9@group-CE3C0447B19C, cid=2825, SUCCESS, logIndex=4659, commits[2573df58-4087-4dd0-8598-5abddcc696b9:c4659]
2019-06-13 21:51:46,225 INFO  client.GrpcClientProtocolClient (GrpcClientProtocolClient.java:onNext(254)) - client-9C97446E6A25->2573df58-4087-4dd0-8598-5abddcc696b9: receive RaftClientReply:client-9C97446E6A25->2573df58-4087-4dd0-8598-5abddcc696b9@group-CE3C0447B19C, cid=2826, SUCCESS, logIndex=4661, commits[2573df58-4087-4dd0-8598-5abddcc696b9:c4661]
2019-06-13 21:51:46,226 INFO  client.GrpcClientProtocolClient (GrpcClientProtocolClient.java:onNext(254)) - client-9C97446E6A25->2573df58-4087-4dd0-8598-5abddcc696b9: receive RaftClientReply:client-9C97446E6A25->2573df58-4087-4dd0-8598-5abddcc696b9@group-CE3C0447B19C, cid=2827, SUCCESS, logIndex=4662, commits[2573df58-4087-4dd0-8598-5abddcc696b9:c4664]
2019-06-13 21:51:46,226 INFO  client.GrpcClientProtocolClient (GrpcClientProtocolClient.java:onNext(254)) - client-9C97446E6A25->2573df58-4087-4dd0-8598-5abddcc696b9: receive RaftClientReply:client-9C97446E6A25->2573df58-4087-4dd0-8598-5abddcc696b9@group-CE3C0447B19C, cid=2828, SUCCESS, logIndex=4663, commits[2573df58-4087-4dd0-8598-5abddcc696b9:c4664]
2019-06-13 21:51:46,305 DEBUG block.SCMBlockDeletingService (SCMBlockDeletingService.java:call(138)) - Running DeletedBlockTransactionScanner
2019-06-13 21:51:46,305 DEBUG block.SCMBlockDeletingService (SCMBlockDeletingService.java:call(155)) - Scanned deleted blocks log and got 0 delTX to process.
2019-06-13 21:51:46,327 INFO  client.GrpcClientProtocolClient (GrpcClientProtocolClient.java:onNext(254)) - client-9C97446E6A25->2573df58-4087-4dd0-8598-5abddcc696b9: receive RaftClientReply:client-9C97446E6A25->2573df58-4087-4dd0-8598-5abddcc696b9@group-CE3C0447B19C, cid=2829, SUCCESS, logIndex=4665, commits[2573df58-4087-4dd0-8598-5abddcc696b9:c4665]
2019-06-13 21:51:46,330 INFO  client.GrpcClientProtocolClient (GrpcClientProtocolClient.java:onNext(254)) - client-9C97446E6A25->2573df58-4087-4dd0-8598-5abddcc696b9: receive RaftClientReply:client-9C97446E6A25->2573df58-4087-4dd0-8598-5abddcc696b9@group-CE3C0447B19C, cid=2830, SUCCESS, logIndex=4667, commits[2573df58-4087-4dd0-8598-5abddcc696b9:c4669]
2019-06-13 21:51:46,330 INFO  client.GrpcClientProtocolClient (GrpcClientProtocolClient.java:onNext(254)) - client-9C97446E6A25->2573df58-4087-4dd0-8598-5abddcc696b9: receive RaftClientReply:client-9C97446E6A25->2573df58-4087-4dd0-8598-5abddcc696b9@group-CE3C0447B19C, cid=2831, SUCCESS, logIndex=4668, commits[2573df58-4087-4dd0-8598-5abddcc696b9:c4669]
2019-06-13 21:51:46,331 INFO  client.GrpcClientProtocolClient (GrpcClientProtocolClient.java:onNext(254)) - client-9C97446E6A25->2573df58-4087-4dd0-8598-5abddcc696b9: receive RaftClientReply:client-9C97446E6A25->2573df58-4087-4dd0-8598-5abddcc696b9@group-CE3C0447B19C, cid=2832, SUCCESS, logIndex=4669, commits[2573df58-4087-4dd0-8598-5abddcc696b9:c4670]
2019-06-13 21:51:46,340 INFO  client.GrpcClientProtocolClient (GrpcClientProtocolClient.java:onNext(254)) - client-9C97446E6A25->2573df58-4087-4dd0-8598-5abddcc696b9: receive RaftClientReply:client-9C97446E6A25->2573df58-4087-4dd0-8598-5abddcc696b9@group-CE3C0447B19C, cid=2833, SUCCESS, logIndex=4671, commits[2573df58-4087-4dd0-8598-5abddcc696b9:c4671]
2019-06-13 21:51:46,341 INFO  client.GrpcClientProtocolClient (GrpcClientProtocolClient.java:onNext(254)) - client-9C97446E6A25->2573df58-4087-4dd0-8598-5abddcc696b9: receive RaftClientReply:client-9C97446E6A25->2573df58-4087-4dd0-8598-5abddcc696b9@group-CE3C0447B19C, cid=2834, SUCCESS, logIndex=4673, commits[2573df58-4087-4dd0-8598-5abddcc696b9:c4673]
2019-06-13 21:51:46,342 INFO  client.GrpcClientProtocolClient (GrpcClientProtocolClient.java:onNext(254)) - client-9C97446E6A25->2573df58-4087-4dd0-8598-5abddcc696b9: receive RaftClientReply:client-9C97446E6A25->2573df58-4087-4dd0-8598-5abddcc696b9@group-CE3C0447B19C, cid=2835, SUCCESS, logIndex=4674, commits[2573df58-4087-4dd0-8598-5abddcc696b9:c4676]
2019-06-13 21:51:46,342 INFO  client.GrpcClientProtocolClient (GrpcClientProtocolClient.java:onNext(254)) - client-9C97446E6A25->2573df58-4087-4dd0-8598-5abddcc696b9: receive RaftClientReply:client-9C97446E6A25->2573df58-4087-4dd0-8598-5abddcc696b9@group-CE3C0447B19C, cid=2836, SUCCESS, logIndex=4675, commits[2573df58-4087-4dd0-8598-5abddcc696b9:c4676]
2019-06-13 21:51:46,347 INFO  client.GrpcClientProtocolClient (GrpcClientProtocolClient.java:onNext(254)) - client-9C97446E6A25->2573df58-4087-4dd0-8598-5abddcc696b9: receive RaftClientReply:client-9C97446E6A25->2573df58-4087-4dd0-8598-5abddcc696b9@group-CE3C0447B19C, cid=2837, SUCCESS, logIndex=4677, commits[2573df58-4087-4dd0-8598-5abddcc696b9:c4677]
2019-06-13 21:51:46,348 INFO  client.GrpcClientProtocolClient (GrpcClientProtocolClient.java:onNext(254)) - client-9C97446E6A25->2573df58-4087-4dd0-8598-5abddcc696b9: receive RaftClientReply:client-9C97446E6A25->2573df58-4087-4dd0-8598-5abddcc696b9@group-CE3C0447B19C, cid=2838, SUCCESS, logIndex=4679, commits[2573df58-4087-4dd0-8598-5abddcc696b9:c4679]
2019-06-13 21:51:46,350 INFO  client.GrpcClientProtocolClient (GrpcClientProtocolClient.java:onNext(254)) - client-9C97446E6A25->2573df58-4087-4dd0-8598-5abddcc696b9: receive RaftClientReply:client-9C97446E6A25->2573df58-4087-4dd0-8598-5abddcc696b9@group-CE3C0447B19C, cid=2839, SUCCESS, logIndex=4680, commits[2573df58-4087-4dd0-8598-5abddcc696b9:c4682]
2019-06-13 21:51:46,350 INFO  client.GrpcClientProtocolClient (GrpcClientProtocolClient.java:onNext(254)) - client-9C97446E6A25->2573df58-4087-4dd0-8598-5abddcc696b9: receive RaftClientReply:client-9C97446E6A25->2573df58-4087-4dd0-8598-5abddcc696b9@group-CE3C0447B19C, cid=2840, SUCCESS, logIndex=4681, commits[2573df58-4087-4dd0-8598-5abddcc696b9:c4682]
2019-06-13 21:51:46,358 INFO  storage.RaftLogWorker (RaftLogWorker.java:rollLogSegment(303)) - 2573df58-4087-4dd0-8598-5abddcc696b9-RaftLogWorker: Rolling segment log-4618_4682 to index:4682
2019-06-13 21:51:46,358 INFO  storage.RaftLogWorker (RaftLogWorker.java:execute(433)) - 2573df58-4087-4dd0-8598-5abddcc696b9-RaftLogWorker: Rolled log segment from /opt/src/hadoop-ozone/integration-test/target/test-dir/MiniOzoneClusterImpl-8578056e-9b7b-4e66-9e9f-ef53d5cd7c03/datanode-0/data/ratis/7f5c2536-ed89-4233-9ec0-ce3c0447b19c/current/log_inprogress_4618 to /opt/src/hadoop-ozone/integration-test/target/test-dir/MiniOzoneClusterImpl-8578056e-9b7b-4e66-9e9f-ef53d5cd7c03/datanode-0/data/ratis/7f5c2536-ed89-4233-9ec0-ce3c0447b19c/current/log_4618-4682
2019-06-13 21:51:46,394 INFO  storage.RaftLogWorker (RaftLogWorker.java:execute(469)) - 2573df58-4087-4dd0-8598-5abddcc696b9-RaftLogWorker: created new log segment /opt/src/hadoop-ozone/integration-test/target/test-dir/MiniOzoneClusterImpl-8578056e-9b7b-4e66-9e9f-ef53d5cd7c03/datanode-0/data/ratis/7f5c2536-ed89-4233-9ec0-ce3c0447b19c/current/log_inprogress_4683
2019-06-13 21:51:46,396 INFO  client.GrpcClientProtocolClient (GrpcClientProtocolClient.java:onNext(254)) - client-9C97446E6A25->2573df58-4087-4dd0-8598-5abddcc696b9: receive RaftClientReply:client-9C97446E6A25->2573df58-4087-4dd0-8598-5abddcc696b9@group-CE3C0447B19C, cid=2841, SUCCESS, logIndex=4683, commits[2573df58-4087-4dd0-8598-5abddcc696b9:c4683]
2019-06-13 21:51:46,398 INFO  client.GrpcClientProtocolClient (GrpcClientProtocolClient.java:onNext(254)) - client-9C97446E6A25->2573df58-4087-4dd0-8598-5abddcc696b9: receive RaftClientReply:client-9C97446E6A25->2573df58-4087-4dd0-8598-5abddcc696b9@group-CE3C0447B19C, cid=2842, SUCCESS, logIndex=4685, commits[2573df58-4087-4dd0-8598-5abddcc696b9:c4685]
2019-06-13 21:51:46,398 INFO  client.GrpcClientProtocolClient (GrpcClientProtocolClient.java:onNext(254)) - client-9C97446E6A25->2573df58-4087-4dd0-8598-5abddcc696b9: receive RaftClientReply:client-9C97446E6A25->2573df58-4087-4dd0-8598-5abddcc696b9@group-CE3C0447B19C, cid=2843, SUCCESS, logIndex=4686, commits[2573df58-4087-4dd0-8598-5abddcc696b9:c4687]
2019-06-13 21:51:46,399 INFO  client.GrpcClientProtocolClient (GrpcClientProtocolClient.java:onNext(254)) - client-9C97446E6A25->2573df58-4087-4dd0-8598-5abddcc696b9: receive RaftClientReply:client-9C97446E6A25->2573df58-4087-4dd0-8598-5abddcc696b9@group-CE3C0447B19C, cid=2844, SUCCESS, logIndex=4687, commits[2573df58-4087-4dd0-8598-5abddcc696b9:c4687]
2019-06-13 21:51:46,404 INFO  client.GrpcClientProtocolClient (GrpcClientProtocolClient.java:onNext(254)) - client-9C97446E6A25->2573df58-4087-4dd0-8598-5abddcc696b9: receive RaftClientReply:client-9C97446E6A25->2573df58-4087-4dd0-8598-5abddcc696b9@group-CE3C0447B19C, cid=2845, SUCCESS, logIndex=4690, commits[2573df58-4087-4dd0-8598-5abddcc696b9:c4690]
2019-06-13 21:51:46,405 INFO  client.GrpcClientProtocolClient (GrpcClientProtocolClient.java:onNext(254)) - client-9C97446E6A25->2573df58-4087-4dd0-8598-5abddcc696b9: receive RaftClientReply:client-9C97446E6A25->2573df58-4087-4dd0-8598-5abddcc696b9@group-CE3C0447B19C, cid=2846, SUCCESS, logIndex=4692, commits[2573df58-4087-4dd0-8598-5abddcc696b9:c4692]
2019-06-13 21:51:46,406 DEBUG block.SCMBlockDeletingService (SCMBlockDeletingService.java:call(138)) - Running DeletedBlockTransactionScanner
2019-06-13 21:51:46,406 DEBUG block.SCMBlockDeletingService (SCMBlockDeletingService.java:call(155)) - Scanned deleted blocks log and got 0 delTX to process.
2019-06-13 21:51:46,406 INFO  client.GrpcClientProtocolClient (GrpcClientProtocolClient.java:onNext(254)) - client-9C97446E6A25->2573df58-4087-4dd0-8598-5abddcc696b9: receive RaftClientReply:client-9C97446E6A25->2573df58-4087-4dd0-8598-5abddcc696b9@group-CE3C0447B19C, cid=2847, SUCCESS, logIndex=4693, commits[2573df58-4087-4dd0-8598-5abddcc696b9:c4694]
2019-06-13 21:51:46,407 INFO  client.GrpcClientProtocolClient (GrpcClientProtocolClient.java:onNext(254)) - client-9C97446E6A25->2573df58-4087-4dd0-8598-5abddcc696b9: receive RaftClientReply:client-9C97446E6A25->2573df58-4087-4dd0-8598-5abddcc696b9@group-CE3C0447B19C, cid=2848, SUCCESS, logIndex=4695, commits[2573df58-4087-4dd0-8598-5abddcc696b9:c4695]
2019-06-13 21:51:46,417 INFO  client.GrpcClientProtocolClient (GrpcClientProtocolClient.java:onNext(254)) - client-9C97446E6A25->2573df58-4087-4dd0-8598-5abddcc696b9: receive RaftClientReply:client-9C97446E6A25->2573df58-4087-4dd0-8598-5abddcc696b9@group-CE3C0447B19C, cid=2849, SUCCESS, logIndex=4697, commits[2573df58-4087-4dd0-8598-5abddcc696b9:c4697]
2019-06-13 21:51:46,418 INFO  client.GrpcClientProtocolClient (GrpcClientProtocolClient.java:onNext(254)) - client-9C97446E6A25->2573df58-4087-4dd0-8598-5abddcc696b9: receive RaftClientReply:client-9C97446E6A25->2573df58-4087-4dd0-8598-5abddcc696b9@group-CE3C0447B19C, cid=2850, SUCCESS, logIndex=4699, commits[2573df58-4087-4dd0-8598-5abddcc696b9:c4699]
2019-06-13 21:51:46,419 INFO  client.GrpcClientProtocolClient (GrpcClientProtocolClient.java:onNext(254)) - client-9C97446E6A25->2573df58-4087-4dd0-8598-5abddcc696b9: receive RaftClientReply:client-9C97446E6A25->2573df58-4087-4dd0-8598-5abddcc696b9@group-CE3C0447B19C, cid=2851, SUCCESS, logIndex=4700, commits[2573df58-4087-4dd0-8598-5abddcc696b9:c4702]
2019-06-13 21:51:46,420 INFO  client.GrpcClientProtocolClient (GrpcClientProtocolClient.java:onNext(254)) - client-9C97446E6A25->2573df58-4087-4dd0-8598-5abddcc696b9: receive RaftClientReply:client-9C97446E6A25->2573df58-4087-4dd0-8598-5abddcc696b9@group-CE3C0447B19C, cid=2852, SUCCESS, logIndex=4701, commits[2573df58-4087-4dd0-8598-5abddcc696b9:c4702]
2019-06-13 21:51:46,425 INFO  client.GrpcClientProtocolClient (GrpcClientProtocolClient.java:onNext(254)) - client-9C97446E6A25->2573df58-4087-4dd0-8598-5abddcc696b9: receive RaftClientReply:client-9C97446E6A25->2573df58-4087-4dd0-8598-5abddcc696b9@group-CE3C0447B19C, cid=2853, SUCCESS, logIndex=4703, commits[2573df58-4087-4dd0-8598-5abddcc696b9:c4703]
2019-06-13 21:51:46,426 INFO  client.GrpcClientProtocolClient (GrpcClientProtocolClient.java:onNext(254)) - client-9C97446E6A25->2573df58-4087-4dd0-8598-5abddcc696b9: receive RaftClientReply:client-9C97446E6A25->2573df58-4087-4dd0-8598-5abddcc696b9@group-CE3C0447B19C, cid=2854, SUCCESS, logIndex=4705, commits[2573df58-4087-4dd0-8598-5abddcc696b9:c4705]
2019-06-13 21:51:46,427 INFO  client.GrpcClientProtocolClient (GrpcClientProtocolClient.java:onNext(254)) - client-9C97446E6A25->2573df58-4087-4dd0-8598-5abddcc696b9: receive RaftClientReply:client-9C97446E6A25->2573df58-4087-4dd0-8598-5abddcc696b9@group-CE3C0447B19C, cid=2855, SUCCESS, logIndex=4706, commits[2573df58-4087-4dd0-8598-5abddcc696b9:c4708]
2019-06-13 21:51:46,427 INFO  client.GrpcClientProtocolClient (GrpcClientProtocolClient.java:onNext(254)) - client-9C97446E6A25->2573df58-4087-4dd0-8598-5abddcc696b9: receive RaftClientReply:client-9C97446E6A25->2573df58-4087-4dd0-8598-5abddcc696b9@group-CE3C0447B19C, cid=2856, SUCCESS, logIndex=4707, commits[2573df58-4087-4dd0-8598-5abddcc696b9:c4708]
2019-06-13 21:51:46,436 INFO  client.GrpcClientProtocolClient (GrpcClientProtocolClient.java:onNext(254)) - client-9C97446E6A25->2573df58-4087-4dd0-8598-5abddcc696b9: receive RaftClientReply:client-9C97446E6A25->2573df58-4087-4dd0-8598-5abddcc696b9@group-CE3C0447B19C, cid=2857, SUCCESS, logIndex=4709, commits[2573df58-4087-4dd0-8598-5abddcc696b9:c4709]
2019-06-13 21:51:46,438 INFO  client.GrpcClientProtocolClient (GrpcClientProtocolClient.java:onNext(254)) - client-9C97446E6A25->2573df58-4087-4dd0-8598-5abddcc696b9: receive RaftClientReply:client-9C97446E6A25->2573df58-4087-4dd0-8598-5abddcc696b9@group-CE3C0447B19C, cid=2858, SUCCESS, logIndex=4711, commits[2573df58-4087-4dd0-8598-5abddcc696b9:c4711]
2019-06-13 21:51:46,439 INFO  client.GrpcClientProtocolClient (GrpcClientProtocolClient.java:onNext(254)) - client-9C97446E6A25->2573df58-4087-4dd0-8598-5abddcc696b9: receive RaftClientReply:client-9C97446E6A25->2573df58-4087-4dd0-8598-5abddcc696b9@group-CE3C0447B19C, cid=2859, SUCCESS, logIndex=4712, commits[2573df58-4087-4dd0-8598-5abddcc696b9:c4714]
2019-06-13 21:51:46,439 INFO  client.GrpcClientProtocolClient (GrpcClientProtocolClient.java:onNext(254)) - client-9C97446E6A25->2573df58-4087-4dd0-8598-5abddcc696b9: receive RaftClientReply:client-9C97446E6A25->2573df58-4087-4dd0-8598-5abddcc696b9@group-CE3C0447B19C, cid=2860, SUCCESS, logIndex=4713, commits[2573df58-4087-4dd0-8598-5abddcc696b9:c4714]
2019-06-13 21:51:46,444 INFO  client.GrpcClientProtocolClient (GrpcClientProtocolClient.java:onNext(254)) - client-9C97446E6A25->2573df58-4087-4dd0-8598-5abddcc696b9: receive RaftClientReply:client-9C97446E6A25->2573df58-4087-4dd0-8598-5abddcc696b9@group-CE3C0447B19C, cid=2861, SUCCESS, logIndex=4715, commits[2573df58-4087-4dd0-8598-5abddcc696b9:c4715]
2019-06-13 21:51:46,446 INFO  client.GrpcClientProtocolClient (GrpcClientProtocolClient.java:onNext(254)) - client-9C97446E6A25->2573df58-4087-4dd0-8598-5abddcc696b9: receive RaftClientReply:client-9C97446E6A25->2573df58-4087-4dd0-8598-5abddcc696b9@group-CE3C0447B19C, cid=2862, SUCCESS, logIndex=4717, commits[2573df58-4087-4dd0-8598-5abddcc696b9:c4717]
2019-06-13 21:51:46,447 INFO  client.GrpcClientProtocolClient (GrpcClientProtocolClient.java:onNext(254)) - client-9C97446E6A25->2573df58-4087-4dd0-8598-5abddcc696b9: receive RaftClientReply:client-9C97446E6A25->2573df58-4087-4dd0-8598-5abddcc696b9@group-CE3C0447B19C, cid=2863, SUCCESS, logIndex=4718, commits[2573df58-4087-4dd0-8598-5abddcc696b9:c4720]
2019-06-13 21:51:46,447 INFO  client.GrpcClientProtocolClient (GrpcClientProtocolClient.java:onNext(254)) - client-9C97446E6A25->2573df58-4087-4dd0-8598-5abddcc696b9: receive RaftClientReply:client-9C97446E6A25->2573df58-4087-4dd0-8598-5abddcc696b9@group-CE3C0447B19C, cid=2864, SUCCESS, logIndex=4719, commits[2573df58-4087-4dd0-8598-5abddcc696b9:c4720]
2019-06-13 21:51:46,457 INFO  client.GrpcClientProtocolClient (GrpcClientProtocolClient.java:onNext(254)) - client-9C97446E6A25->2573df58-4087-4dd0-8598-5abddcc696b9: receive RaftClientReply:client-9C97446E6A25->2573df58-4087-4dd0-8598-5abddcc696b9@group-CE3C0447B19C, cid=2865, SUCCESS, logIndex=4721, commits[2573df58-4087-4dd0-8598-5abddcc696b9:c4721]
2019-06-13 21:51:46,459 INFO  client.GrpcClientProtocolClient (GrpcClientProtocolClient.java:onNext(254)) - client-9C97446E6A25->2573df58-4087-4dd0-8598-5abddcc696b9: receive RaftClientReply:client-9C97446E6A25->2573df58-4087-4dd0-8598-5abddcc696b9@group-CE3C0447B19C, cid=2866, SUCCESS, logIndex=4723, commits[2573df58-4087-4dd0-8598-5abddcc696b9:c4723]
2019-06-13 21:51:46,459 INFO  client.GrpcClientProtocolClient (GrpcClientProtocolClient.java:onNext(254)) - client-9C97446E6A25->2573df58-4087-4dd0-8598-5abddcc696b9: receive RaftClientReply:client-9C97446E6A25->2573df58-4087-4dd0-8598-5abddcc696b9@group-CE3C0447B19C, cid=2867, SUCCESS, logIndex=4724, commits[2573df58-4087-4dd0-8598-5abddcc696b9:c4724]
2019-06-13 21:51:46,460 INFO  client.GrpcClientProtocolClient (GrpcClientProtocolClient.java:onNext(254)) - client-9C97446E6A25->2573df58-4087-4dd0-8598-5abddcc696b9: receive RaftClientReply:client-9C97446E6A25->2573df58-4087-4dd0-8598-5abddcc696b9@group-CE3C0447B19C, cid=2868, SUCCESS, logIndex=4726, commits[2573df58-4087-4dd0-8598-5abddcc696b9:c4726]
2019-06-13 21:51:46,465 INFO  client.GrpcClientProtocolClient (GrpcClientProtocolClient.java:onNext(254)) - client-9C97446E6A25->2573df58-4087-4dd0-8598-5abddcc696b9: receive RaftClientReply:client-9C97446E6A25->2573df58-4087-4dd0-8598-5abddcc696b9@group-CE3C0447B19C, cid=2869, SUCCESS, logIndex=4729, commits[2573df58-4087-4dd0-8598-5abddcc696b9:c4729]
2019-06-13 21:51:46,467 INFO  client.GrpcClientProtocolClient (GrpcClientProtocolClient.java:onNext(254)) - client-9C97446E6A25->2573df58-4087-4dd0-8598-5abddcc696b9: receive RaftClientReply:client-9C97446E6A25->2573df58-4087-4dd0-8598-5abddcc696b9@group-CE3C0447B19C, cid=2870, SUCCESS, logIndex=4731, commits[2573df58-4087-4dd0-8598-5abddcc696b9:c4731]
2019-06-13 21:51:46,467 INFO  client.GrpcClientProtocolClient (GrpcClientProtocolClient.java:onNext(254)) - client-9C97446E6A25->2573df58-4087-4dd0-8598-5abddcc696b9: receive RaftClientReply:client-9C97446E6A25->2573df58-4087-4dd0-8598-5abddcc696b9@group-CE3C0447B19C, cid=2871, SUCCESS, logIndex=4732, commits[2573df58-4087-4dd0-8598-5abddcc696b9:c4734]
2019-06-13 21:51:46,467 INFO  client.GrpcClientProtocolClient (GrpcClientProtocolClient.java:onNext(254)) - client-9C97446E6A25->2573df58-4087-4dd0-8598-5abddcc696b9: receive RaftClientReply:client-9C97446E6A25->2573df58-4087-4dd0-8598-5abddcc696b9@group-CE3C0447B19C, cid=2872, SUCCESS, logIndex=4733, commits[2573df58-4087-4dd0-8598-5abddcc696b9:c4734]
2019-06-13 21:51:46,727 DEBUG block.SCMBlockDeletingService (SCMBlockDeletingService.java:call(138)) - Running DeletedBlockTransactionScanner
2019-06-13 21:51:46,728 DEBUG block.SCMBlockDeletingService (SCMBlockDeletingService.java:call(155)) - Scanned deleted blocks log and got 0 delTX to process.
2019-06-13 21:51:46,799 INFO  client.GrpcClientProtocolClient (GrpcClientProtocolClient.java:onNext(254)) - client-9C97446E6A25->2573df58-4087-4dd0-8598-5abddcc696b9: receive RaftClientReply:client-9C97446E6A25->2573df58-4087-4dd0-8598-5abddcc696b9@group-CE3C0447B19C, cid=2873, SUCCESS, logIndex=4735, commits[2573df58-4087-4dd0-8598-5abddcc696b9:c4735]
2019-06-13 21:51:46,801 INFO  client.GrpcClientProtocolClient (GrpcClientProtocolClient.java:onNext(254)) - client-9C97446E6A25->2573df58-4087-4dd0-8598-5abddcc696b9: receive RaftClientReply:client-9C97446E6A25->2573df58-4087-4dd0-8598-5abddcc696b9@group-CE3C0447B19C, cid=2874, SUCCESS, logIndex=4737, commits[2573df58-4087-4dd0-8598-5abddcc696b9:c4737]
2019-06-13 21:51:46,801 INFO  client.GrpcClientProtocolClient (GrpcClientProtocolClient.java:onNext(254)) - client-9C97446E6A25->2573df58-4087-4dd0-8598-5abddcc696b9: receive RaftClientReply:client-9C97446E6A25->2573df58-4087-4dd0-8598-5abddcc696b9@group-CE3C0447B19C, cid=2875, SUCCESS, logIndex=4738, commits[2573df58-4087-4dd0-8598-5abddcc696b9:c4740]
2019-06-13 21:51:46,802 INFO  client.GrpcClientProtocolClient (GrpcClientProtocolClient.java:onNext(254)) - client-9C97446E6A25->2573df58-4087-4dd0-8598-5abddcc696b9: receive RaftClientReply:client-9C97446E6A25->2573df58-4087-4dd0-8598-5abddcc696b9@group-CE3C0447B19C, cid=2876, SUCCESS, logIndex=4739, commits[2573df58-4087-4dd0-8598-5abddcc696b9:c4740]
2019-06-13 21:51:46,807 INFO  client.GrpcClientProtocolClient (GrpcClientProtocolClient.java:onNext(254)) - client-9C97446E6A25->2573df58-4087-4dd0-8598-5abddcc696b9: receive RaftClientReply:client-9C97446E6A25->2573df58-4087-4dd0-8598-5abddcc696b9@group-CE3C0447B19C, cid=2877, SUCCESS, logIndex=4741, commits[2573df58-4087-4dd0-8598-5abddcc696b9:c4741]
2019-06-13 21:51:46,811 INFO  client.GrpcClientProtocolClient (GrpcClientProtocolClient.java:onNext(254)) - client-9C97446E6A25->2573df58-4087-4dd0-8598-5abddcc696b9: receive RaftClientReply:client-9C97446E6A25->2573df58-4087-4dd0-8598-5abddcc696b9@group-CE3C0447B19C, cid=2878, SUCCESS, logIndex=4743, commits[2573df58-4087-4dd0-8598-5abddcc696b9:c4746]
2019-06-13 21:51:46,811 INFO  client.GrpcClientProtocolClient (GrpcClientProtocolClient.java:onNext(254)) - client-9C97446E6A25->2573df58-4087-4dd0-8598-5abddcc696b9: receive RaftClientReply:client-9C97446E6A25->2573df58-4087-4dd0-8598-5abddcc696b9@group-CE3C0447B19C, cid=2879, SUCCESS, logIndex=4744, commits[2573df58-4087-4dd0-8598-5abddcc696b9:c4746]
2019-06-13 21:51:46,812 INFO  client.GrpcClientProtocolClient (GrpcClientProtocolClient.java:onNext(254)) - client-9C97446E6A25->2573df58-4087-4dd0-8598-5abddcc696b9: receive RaftClientReply:client-9C97446E6A25->2573df58-4087-4dd0-8598-5abddcc696b9@group-CE3C0447B19C, cid=2880, SUCCESS, logIndex=4745, commits[2573df58-4087-4dd0-8598-5abddcc696b9:c4746]
2019-06-13 21:51:46,824 INFO  client.GrpcClientProtocolClient (GrpcClientProtocolClient.java:onNext(254)) - client-9C97446E6A25->2573df58-4087-4dd0-8598-5abddcc696b9: receive RaftClientReply:client-9C97446E6A25->2573df58-4087-4dd0-8598-5abddcc696b9@group-CE3C0447B19C, cid=2881, SUCCESS, logIndex=4747, commits[2573df58-4087-4dd0-8598-5abddcc696b9:c4747]
2019-06-13 21:51:46,827 INFO  client.GrpcClientProtocolClient (GrpcClientProtocolClient.java:onNext(254)) - client-9C97446E6A25->2573df58-4087-4dd0-8598-5abddcc696b9: receive RaftClientReply:client-9C97446E6A25->2573df58-4087-4dd0-8598-5abddcc696b9@group-CE3C0447B19C, cid=2882, SUCCESS, logIndex=4749, commits[2573df58-4087-4dd0-8598-5abddcc696b9:c4749]
2019-06-13 21:51:46,828 DEBUG block.SCMBlockDeletingService (SCMBlockDeletingService.java:call(138)) - Running DeletedBlockTransactionScanner
2019-06-13 21:51:46,828 DEBUG block.SCMBlockDeletingService (SCMBlockDeletingService.java:call(155)) - Scanned deleted blocks log and got 0 delTX to process.
2019-06-13 21:51:46,831 INFO  client.GrpcClientProtocolClient (GrpcClientProtocolClient.java:onNext(254)) - client-9C97446E6A25->2573df58-4087-4dd0-8598-5abddcc696b9: receive RaftClientReply:client-9C97446E6A25->2573df58-4087-4dd0-8598-5abddcc696b9@group-CE3C0447B19C, cid=2883, SUCCESS, logIndex=4750, commits[2573df58-4087-4dd0-8598-5abddcc696b9:c4752]
2019-06-13 21:51:46,831 INFO  client.GrpcClientProtocolClient (GrpcClientProtocolClient.java:onNext(254)) - client-9C97446E6A25->2573df58-4087-4dd0-8598-5abddcc696b9: receive RaftClientReply:client-9C97446E6A25->2573df58-4087-4dd0-8598-5abddcc696b9@group-CE3C0447B19C, cid=2884, SUCCESS, logIndex=4751, commits[2573df58-4087-4dd0-8598-5abddcc696b9:c4752]
2019-06-13 21:51:46,834 INFO  storage.RaftLogWorker (RaftLogWorker.java:rollLogSegment(303)) - 2573df58-4087-4dd0-8598-5abddcc696b9-RaftLogWorker: Rolling segment log-4683_4752 to index:4752
2019-06-13 21:51:46,834 INFO  storage.RaftLogWorker (RaftLogWorker.java:execute(433)) - 2573df58-4087-4dd0-8598-5abddcc696b9-RaftLogWorker: Rolled log segment from /opt/src/hadoop-ozone/integration-test/target/test-dir/MiniOzoneClusterImpl-8578056e-9b7b-4e66-9e9f-ef53d5cd7c03/datanode-0/data/ratis/7f5c2536-ed89-4233-9ec0-ce3c0447b19c/current/log_inprogress_4683 to /opt/src/hadoop-ozone/integration-test/target/test-dir/MiniOzoneClusterImpl-8578056e-9b7b-4e66-9e9f-ef53d5cd7c03/datanode-0/data/ratis/7f5c2536-ed89-4233-9ec0-ce3c0447b19c/current/log_4683-4752
2019-06-13 21:51:46,875 INFO  storage.RaftLogWorker (RaftLogWorker.java:execute(469)) - 2573df58-4087-4dd0-8598-5abddcc696b9-RaftLogWorker: created new log segment /opt/src/hadoop-ozone/integration-test/target/test-dir/MiniOzoneClusterImpl-8578056e-9b7b-4e66-9e9f-ef53d5cd7c03/datanode-0/data/ratis/7f5c2536-ed89-4233-9ec0-ce3c0447b19c/current/log_inprogress_4753
2019-06-13 21:51:46,877 INFO  client.GrpcClientProtocolClient (GrpcClientProtocolClient.java:onNext(254)) - client-9C97446E6A25->2573df58-4087-4dd0-8598-5abddcc696b9: receive RaftClientReply:client-9C97446E6A25->2573df58-4087-4dd0-8598-5abddcc696b9@group-CE3C0447B19C, cid=2885, SUCCESS, logIndex=4753, commits[2573df58-4087-4dd0-8598-5abddcc696b9:c4753]
2019-06-13 21:51:46,878 INFO  client.GrpcClientProtocolClient (GrpcClientProtocolClient.java:onNext(254)) - client-9C97446E6A25->2573df58-4087-4dd0-8598-5abddcc696b9: receive RaftClientReply:client-9C97446E6A25->2573df58-4087-4dd0-8598-5abddcc696b9@group-CE3C0447B19C, cid=2886, SUCCESS, logIndex=4755, commits[2573df58-4087-4dd0-8598-5abddcc696b9:c4755]
2019-06-13 21:51:46,879 INFO  client.GrpcClientProtocolClient (GrpcClientProtocolClient.java:onNext(254)) - client-9C97446E6A25->2573df58-4087-4dd0-8598-5abddcc696b9: receive RaftClientReply:client-9C97446E6A25->2573df58-4087-4dd0-8598-5abddcc696b9@group-CE3C0447B19C, cid=2887, SUCCESS, logIndex=4756, commits[2573df58-4087-4dd0-8598-5abddcc696b9:c4758]
2019-06-13 21:51:46,879 INFO  client.GrpcClientProtocolClient (GrpcClientProtocolClient.java:onNext(254)) - client-9C97446E6A25->2573df58-4087-4dd0-8598-5abddcc696b9: receive RaftClientReply:client-9C97446E6A25->2573df58-4087-4dd0-8598-5abddcc696b9@group-CE3C0447B19C, cid=2888, SUCCESS, logIndex=4757, commits[2573df58-4087-4dd0-8598-5abddcc696b9:c4758]
2019-06-13 21:51:46,889 INFO  client.GrpcClientProtocolClient (GrpcClientProtocolClient.java:onNext(254)) - client-9C97446E6A25->2573df58-4087-4dd0-8598-5abddcc696b9: receive RaftClientReply:client-9C97446E6A25->2573df58-4087-4dd0-8598-5abddcc696b9@group-CE3C0447B19C, cid=2889, SUCCESS, logIndex=4759, commits[2573df58-4087-4dd0-8598-5abddcc696b9:c4759]
2019-06-13 21:51:46,890 INFO  client.GrpcClientProtocolClient (GrpcClientProtocolClient.java:onNext(254)) - client-9C97446E6A25->2573df58-4087-4dd0-8598-5abddcc696b9: receive RaftClientReply:client-9C97446E6A25->2573df58-4087-4dd0-8598-5abddcc696b9@group-CE3C0447B19C, cid=2890, SUCCESS, logIndex=4761, commits[2573df58-4087-4dd0-8598-5abddcc696b9:c4761]
2019-06-13 21:51:46,891 INFO  client.GrpcClientProtocolClient (GrpcClientProtocolClient.java:onNext(254)) - client-9C97446E6A25->2573df58-4087-4dd0-8598-5abddcc696b9: receive RaftClientReply:client-9C97446E6A25->2573df58-4087-4dd0-8598-5abddcc696b9@group-CE3C0447B19C, cid=2891, SUCCESS, logIndex=4762, commits[2573df58-4087-4dd0-8598-5abddcc696b9:c4764]
2019-06-13 21:51:46,891 INFO  client.GrpcClientProtocolClient (GrpcClientProtocolClient.java:onNext(254)) - client-9C97446E6A25->2573df58-4087-4dd0-8598-5abddcc696b9: receive RaftClientReply:client-9C97446E6A25->2573df58-4087-4dd0-8598-5abddcc696b9@group-CE3C0447B19C, cid=2892, SUCCESS, logIndex=4763, commits[2573df58-4087-4dd0-8598-5abddcc696b9:c4764]
2019-06-13 21:51:46,896 INFO  client.GrpcClientProtocolClient (GrpcClientProtocolClient.java:onNext(254)) - client-9C97446E6A25->2573df58-4087-4dd0-8598-5abddcc696b9: receive RaftClientReply:client-9C97446E6A25->2573df58-4087-4dd0-8598-5abddcc696b9@group-CE3C0447B19C, cid=2893, SUCCESS, logIndex=4765, commits[2573df58-4087-4dd0-8598-5abddcc696b9:c4765]
2019-06-13 21:51:46,897 INFO  client.GrpcClientProtocolClient (GrpcClientProtocolClient.java:onNext(254)) - client-9C97446E6A25->2573df58-4087-4dd0-8598-5abddcc696b9: receive RaftClientReply:client-9C97446E6A25->2573df58-4087-4dd0-8598-5abddcc696b9@group-CE3C0447B19C, cid=2894, SUCCESS, logIndex=4767, commits[2573df58-4087-4dd0-8598-5abddcc696b9:c4767]
2019-06-13 21:51:46,898 INFO  client.GrpcClientProtocolClient (GrpcClientProtocolClient.java:onNext(254)) - client-9C97446E6A25->2573df58-4087-4dd0-8598-5abddcc696b9: receive RaftClientReply:client-9C97446E6A25->2573df58-4087-4dd0-8598-5abddcc696b9@group-CE3C0447B19C, cid=2895, SUCCESS, logIndex=4768, commits[2573df58-4087-4dd0-8598-5abddcc696b9:c4770]
2019-06-13 21:51:46,899 INFO  client.GrpcClientProtocolClient (GrpcClientProtocolClient.java:onNext(254)) - client-9C97446E6A25->2573df58-4087-4dd0-8598-5abddcc696b9: receive RaftClientReply:client-9C97446E6A25->2573df58-4087-4dd0-8598-5abddcc696b9@group-CE3C0447B19C, cid=2896, SUCCESS, logIndex=4769, commits[2573df58-4087-4dd0-8598-5abddcc696b9:c4770]
2019-06-13 21:51:46,908 INFO  client.GrpcClientProtocolClient (GrpcClientProtocolClient.java:onNext(254)) - client-9C97446E6A25->2573df58-4087-4dd0-8598-5abddcc696b9: receive RaftClientReply:client-9C97446E6A25->2573df58-4087-4dd0-8598-5abddcc696b9@group-CE3C0447B19C, cid=2897, SUCCESS, logIndex=4771, commits[2573df58-4087-4dd0-8598-5abddcc696b9:c4771]
2019-06-13 21:51:46,909 INFO  client.GrpcClientProtocolClient (GrpcClientProtocolClient.java:onNext(254)) - client-9C97446E6A25->2573df58-4087-4dd0-8598-5abddcc696b9: receive RaftClientReply:client-9C97446E6A25->2573df58-4087-4dd0-8598-5abddcc696b9@group-CE3C0447B19C, cid=2898, SUCCESS, logIndex=4773, commits[2573df58-4087-4dd0-8598-5abddcc696b9:c4773]
2019-06-13 21:51:46,917 INFO  client.GrpcClientProtocolClient (GrpcClientProtocolClient.java:onNext(254)) - client-9C97446E6A25->2573df58-4087-4dd0-8598-5abddcc696b9: receive RaftClientReply:client-9C97446E6A25->2573df58-4087-4dd0-8598-5abddcc696b9@group-CE3C0447B19C, cid=2899, SUCCESS, logIndex=4774, commits[2573df58-4087-4dd0-8598-5abddcc696b9:c4776]
2019-06-13 21:51:46,917 INFO  client.GrpcClientProtocolClient (GrpcClientProtocolClient.java:onNext(254)) - client-9C97446E6A25->2573df58-4087-4dd0-8598-5abddcc696b9: receive RaftClientReply:client-9C97446E6A25->2573df58-4087-4dd0-8598-5abddcc696b9@group-CE3C0447B19C, cid=2900, SUCCESS, logIndex=4775, commits[2573df58-4087-4dd0-8598-5abddcc696b9:c4776]
2019-06-13 21:51:46,923 INFO  client.GrpcClientProtocolClient (GrpcClientProtocolClient.java:onNext(254)) - client-9C97446E6A25->2573df58-4087-4dd0-8598-5abddcc696b9: receive RaftClientReply:client-9C97446E6A25->2573df58-4087-4dd0-8598-5abddcc696b9@group-CE3C0447B19C, cid=2901, SUCCESS, logIndex=4777, commits[2573df58-4087-4dd0-8598-5abddcc696b9:c4777]
2019-06-13 21:51:46,924 INFO  client.GrpcClientProtocolClient (GrpcClientProtocolClient.java:onNext(254)) - client-9C97446E6A25->2573df58-4087-4dd0-8598-5abddcc696b9: receive RaftClientReply:client-9C97446E6A25->2573df58-4087-4dd0-8598-5abddcc696b9@group-CE3C0447B19C, cid=2902, SUCCESS, logIndex=4779, commits[2573df58-4087-4dd0-8598-5abddcc696b9:c4779]
2019-06-13 21:51:46,925 INFO  client.GrpcClientProtocolClient (GrpcClientProtocolClient.java:onNext(254)) - client-9C97446E6A25->2573df58-4087-4dd0-8598-5abddcc696b9: receive RaftClientReply:client-9C97446E6A25->2573df58-4087-4dd0-8598-5abddcc696b9@group-CE3C0447B19C, cid=2903, SUCCESS, logIndex=4780, commits[2573df58-4087-4dd0-8598-5abddcc696b9:c4782]
2019-06-13 21:51:46,925 INFO  client.GrpcClientProtocolClient (GrpcClientProtocolClient.java:onNext(254)) - client-9C97446E6A25->2573df58-4087-4dd0-8598-5abddcc696b9: receive RaftClientReply:client-9C97446E6A25->2573df58-4087-4dd0-8598-5abddcc696b9@group-CE3C0447B19C, cid=2904, SUCCESS, logIndex=4781, commits[2573df58-4087-4dd0-8598-5abddcc696b9:c4782]
2019-06-13 21:51:46,928 DEBUG block.SCMBlockDeletingService (SCMBlockDeletingService.java:call(138)) - Running DeletedBlockTransactionScanner
2019-06-13 21:51:46,929 DEBUG block.SCMBlockDeletingService (SCMBlockDeletingService.java:call(155)) - Scanned deleted blocks log and got 0 delTX to process.
2019-06-13 21:51:46,936 INFO  client.GrpcClientProtocolClient (GrpcClientProtocolClient.java:onNext(254)) - client-9C97446E6A25->2573df58-4087-4dd0-8598-5abddcc696b9: receive RaftClientReply:client-9C97446E6A25->2573df58-4087-4dd0-8598-5abddcc696b9@group-CE3C0447B19C, cid=2905, SUCCESS, logIndex=4783, commits[2573df58-4087-4dd0-8598-5abddcc696b9:c4783]
2019-06-13 21:51:46,937 INFO  client.GrpcClientProtocolClient (GrpcClientProtocolClient.java:onNext(254)) - client-9C97446E6A25->2573df58-4087-4dd0-8598-5abddcc696b9: receive RaftClientReply:client-9C97446E6A25->2573df58-4087-4dd0-8598-5abddcc696b9@group-CE3C0447B19C, cid=2906, SUCCESS, logIndex=4785, commits[2573df58-4087-4dd0-8598-5abddcc696b9:c4785]
2019-06-13 21:51:46,938 INFO  client.GrpcClientProtocolClient (GrpcClientProtocolClient.java:onNext(254)) - client-9C97446E6A25->2573df58-4087-4dd0-8598-5abddcc696b9: receive RaftClientReply:client-9C97446E6A25->2573df58-4087-4dd0-8598-5abddcc696b9@group-CE3C0447B19C, cid=2907, SUCCESS, logIndex=4786, commits[2573df58-4087-4dd0-8598-5abddcc696b9:c4788]
2019-06-13 21:51:46,938 INFO  client.GrpcClientProtocolClient (GrpcClientProtocolClient.java:onNext(254)) - client-9C97446E6A25->2573df58-4087-4dd0-8598-5abddcc696b9: receive RaftClientReply:client-9C97446E6A25->2573df58-4087-4dd0-8598-5abddcc696b9@group-CE3C0447B19C, cid=2908, SUCCESS, logIndex=4787, commits[2573df58-4087-4dd0-8598-5abddcc696b9:c4788]
2019-06-13 21:51:46,943 INFO  client.GrpcClientProtocolClient (GrpcClientProtocolClient.java:onNext(254)) - client-9C97446E6A25->2573df58-4087-4dd0-8598-5abddcc696b9: receive RaftClientReply:client-9C97446E6A25->2573df58-4087-4dd0-8598-5abddcc696b9@group-CE3C0447B19C, cid=2909, SUCCESS, logIndex=4789, commits[2573df58-4087-4dd0-8598-5abddcc696b9:c4789]
2019-06-13 21:51:46,944 INFO  client.GrpcClientProtocolClient (GrpcClientProtocolClient.java:onNext(254)) - client-9C97446E6A25->2573df58-4087-4dd0-8598-5abddcc696b9: receive RaftClientReply:client-9C97446E6A25->2573df58-4087-4dd0-8598-5abddcc696b9@group-CE3C0447B19C, cid=2910, SUCCESS, logIndex=4791, commits[2573df58-4087-4dd0-8598-5abddcc696b9:c4791]
2019-06-13 21:51:46,945 INFO  client.GrpcClientProtocolClient (GrpcClientProtocolClient.java:onNext(254)) - client-9C97446E6A25->2573df58-4087-4dd0-8598-5abddcc696b9: receive RaftClientReply:client-9C97446E6A25->2573df58-4087-4dd0-8598-5abddcc696b9@group-CE3C0447B19C, cid=2911, SUCCESS, logIndex=4792, commits[2573df58-4087-4dd0-8598-5abddcc696b9:c4794]
2019-06-13 21:51:46,945 INFO  client.GrpcClientProtocolClient (GrpcClientProtocolClient.java:onNext(254)) - client-9C97446E6A25->2573df58-4087-4dd0-8598-5abddcc696b9: receive RaftClientReply:client-9C97446E6A25->2573df58-4087-4dd0-8598-5abddcc696b9@group-CE3C0447B19C, cid=2912, SUCCESS, logIndex=4793, commits[2573df58-4087-4dd0-8598-5abddcc696b9:c4794]
2019-06-13 21:51:46,956 INFO  client.GrpcClientProtocolClient (GrpcClientProtocolClient.java:onNext(254)) - client-9C97446E6A25->2573df58-4087-4dd0-8598-5abddcc696b9: receive RaftClientReply:client-9C97446E6A25->2573df58-4087-4dd0-8598-5abddcc696b9@group-CE3C0447B19C, cid=2913, SUCCESS, logIndex=4795, commits[2573df58-4087-4dd0-8598-5abddcc696b9:c4795]
2019-06-13 21:51:46,957 INFO  client.GrpcClientProtocolClient (GrpcClientProtocolClient.java:onNext(254)) - client-9C97446E6A25->2573df58-4087-4dd0-8598-5abddcc696b9: receive RaftClientReply:client-9C97446E6A25->2573df58-4087-4dd0-8598-5abddcc696b9@group-CE3C0447B19C, cid=2914, SUCCESS, logIndex=4797, commits[2573df58-4087-4dd0-8598-5abddcc696b9:c4797]
2019-06-13 21:51:46,958 INFO  client.GrpcClientProtocolClient (GrpcClientProtocolClient.java:onNext(254)) - client-9C97446E6A25->2573df58-4087-4dd0-8598-5abddcc696b9: receive RaftClientReply:client-9C97446E6A25->2573df58-4087-4dd0-8598-5abddcc696b9@group-CE3C0447B19C, cid=2915, SUCCESS, logIndex=4798, commits[2573df58-4087-4dd0-8598-5abddcc696b9:c4800]
2019-06-13 21:51:46,958 INFO  client.GrpcClientProtocolClient (GrpcClientProtocolClient.java:onNext(254)) - client-9C97446E6A25->2573df58-4087-4dd0-8598-5abddcc696b9: receive RaftClientReply:client-9C97446E6A25->2573df58-4087-4dd0-8598-5abddcc696b9@group-CE3C0447B19C, cid=2916, SUCCESS, logIndex=4799, commits[2573df58-4087-4dd0-8598-5abddcc696b9:c4800]
2019-06-13 21:51:47,029 DEBUG block.SCMBlockDeletingService (SCMBlockDeletingService.java:call(138)) - Running DeletedBlockTransactionScanner
2019-06-13 21:51:47,029 DEBUG block.SCMBlockDeletingService (SCMBlockDeletingService.java:call(155)) - Scanned deleted blocks log and got 0 delTX to process.
2019-06-13 21:51:47,033 INFO  client.GrpcClientProtocolClient (GrpcClientProtocolClient.java:onNext(254)) - client-9C97446E6A25->2573df58-4087-4dd0-8598-5abddcc696b9: receive RaftClientReply:client-9C97446E6A25->2573df58-4087-4dd0-8598-5abddcc696b9@group-CE3C0447B19C, cid=2917, SUCCESS, logIndex=4801, commits[2573df58-4087-4dd0-8598-5abddcc696b9:c4801]
2019-06-13 21:51:47,034 INFO  client.GrpcClientProtocolClient (GrpcClientProtocolClient.java:onNext(254)) - client-9C97446E6A25->2573df58-4087-4dd0-8598-5abddcc696b9: receive RaftClientReply:client-9C97446E6A25->2573df58-4087-4dd0-8598-5abddcc696b9@group-CE3C0447B19C, cid=2918, SUCCESS, logIndex=4803, commits[2573df58-4087-4dd0-8598-5abddcc696b9:c4803]
2019-06-13 21:51:47,035 INFO  client.GrpcClientProtocolClient (GrpcClientProtocolClient.java:onNext(254)) - client-9C97446E6A25->2573df58-4087-4dd0-8598-5abddcc696b9: receive RaftClientReply:client-9C97446E6A25->2573df58-4087-4dd0-8598-5abddcc696b9@group-CE3C0447B19C, cid=2919, SUCCESS, logIndex=4804, commits[2573df58-4087-4dd0-8598-5abddcc696b9:c4806]
2019-06-13 21:51:47,035 INFO  client.GrpcClientProtocolClient (GrpcClientProtocolClient.java:onNext(254)) - client-9C97446E6A25->2573df58-4087-4dd0-8598-5abddcc696b9: receive RaftClientReply:client-9C97446E6A25->2573df58-4087-4dd0-8598-5abddcc696b9@group-CE3C0447B19C, cid=2920, SUCCESS, logIndex=4805, commits[2573df58-4087-4dd0-8598-5abddcc696b9:c4806]
2019-06-13 21:51:47,045 INFO  client.GrpcClientProtocolClient (GrpcClientProtocolClient.java:onNext(254)) - client-9C97446E6A25->2573df58-4087-4dd0-8598-5abddcc696b9: receive RaftClientReply:client-9C97446E6A25->2573df58-4087-4dd0-8598-5abddcc696b9@group-CE3C0447B19C, cid=2921, SUCCESS, logIndex=4807, commits[2573df58-4087-4dd0-8598-5abddcc696b9:c4807]
2019-06-13 21:51:47,046 INFO  client.GrpcClientProtocolClient (GrpcClientProtocolClient.java:onNext(254)) - client-9C97446E6A25->2573df58-4087-4dd0-8598-5abddcc696b9: receive RaftClientReply:client-9C97446E6A25->2573df58-4087-4dd0-8598-5abddcc696b9@group-CE3C0447B19C, cid=2922, SUCCESS, logIndex=4809, commits[2573df58-4087-4dd0-8598-5abddcc696b9:c4809]
2019-06-13 21:51:47,047 INFO  client.GrpcClientProtocolClient (GrpcClientProtocolClient.java:onNext(254)) - client-9C97446E6A25->2573df58-4087-4dd0-8598-5abddcc696b9: receive RaftClientReply:client-9C97446E6A25->2573df58-4087-4dd0-8598-5abddcc696b9@group-CE3C0447B19C, cid=2923, SUCCESS, logIndex=4810, commits[2573df58-4087-4dd0-8598-5abddcc696b9:c4812]
2019-06-13 21:51:47,047 INFO  client.GrpcClientProtocolClient (GrpcClientProtocolClient.java:onNext(254)) - client-9C97446E6A25->2573df58-4087-4dd0-8598-5abddcc696b9: receive RaftClientReply:client-9C97446E6A25->2573df58-4087-4dd0-8598-5abddcc696b9@group-CE3C0447B19C, cid=2924, SUCCESS, logIndex=4811, commits[2573df58-4087-4dd0-8598-5abddcc696b9:c4812]
2019-06-13 21:51:47,053 INFO  client.GrpcClientProtocolClient (GrpcClientProtocolClient.java:onNext(254)) - client-9C97446E6A25->2573df58-4087-4dd0-8598-5abddcc696b9: receive RaftClientReply:client-9C97446E6A25->2573df58-4087-4dd0-8598-5abddcc696b9@group-CE3C0447B19C, cid=2925, SUCCESS, logIndex=4813, commits[2573df58-4087-4dd0-8598-5abddcc696b9:c4813]
2019-06-13 21:51:47,053 INFO  storage.RaftLogWorker (RaftLogWorker.java:rollLogSegment(303)) - 2573df58-4087-4dd0-8598-5abddcc696b9-RaftLogWorker: Rolling segment log-4753_4816 to index:4816
2019-06-13 21:51:47,054 INFO  client.GrpcClientProtocolClient (GrpcClientProtocolClient.java:onNext(254)) - client-9C97446E6A25->2573df58-4087-4dd0-8598-5abddcc696b9: receive RaftClientReply:client-9C97446E6A25->2573df58-4087-4dd0-8598-5abddcc696b9@group-CE3C0447B19C, cid=2926, SUCCESS, logIndex=4815, commits[2573df58-4087-4dd0-8598-5abddcc696b9:c4815]
2019-06-13 21:51:47,054 INFO  storage.RaftLogWorker (RaftLogWorker.java:execute(433)) - 2573df58-4087-4dd0-8598-5abddcc696b9-RaftLogWorker: Rolled log segment from /opt/src/hadoop-ozone/integration-test/target/test-dir/MiniOzoneClusterImpl-8578056e-9b7b-4e66-9e9f-ef53d5cd7c03/datanode-0/data/ratis/7f5c2536-ed89-4233-9ec0-ce3c0447b19c/current/log_inprogress_4753 to /opt/src/hadoop-ozone/integration-test/target/test-dir/MiniOzoneClusterImpl-8578056e-9b7b-4e66-9e9f-ef53d5cd7c03/datanode-0/data/ratis/7f5c2536-ed89-4233-9ec0-ce3c0447b19c/current/log_4753-4816
2019-06-13 21:51:47,055 INFO  client.GrpcClientProtocolClient (GrpcClientProtocolClient.java:onNext(254)) - client-9C97446E6A25->2573df58-4087-4dd0-8598-5abddcc696b9: receive RaftClientReply:client-9C97446E6A25->2573df58-4087-4dd0-8598-5abddcc696b9@group-CE3C0447B19C, cid=2927, SUCCESS, logIndex=4816, commits[2573df58-4087-4dd0-8598-5abddcc696b9:c4816]
2019-06-13 21:51:47,090 INFO  storage.RaftLogWorker (RaftLogWorker.java:execute(469)) - 2573df58-4087-4dd0-8598-5abddcc696b9-RaftLogWorker: created new log segment /opt/src/hadoop-ozone/integration-test/target/test-dir/MiniOzoneClusterImpl-8578056e-9b7b-4e66-9e9f-ef53d5cd7c03/datanode-0/data/ratis/7f5c2536-ed89-4233-9ec0-ce3c0447b19c/current/log_inprogress_4817
2019-06-13 21:51:47,091 INFO  client.GrpcClientProtocolClient (GrpcClientProtocolClient.java:onNext(254)) - client-9C97446E6A25->2573df58-4087-4dd0-8598-5abddcc696b9: receive RaftClientReply:client-9C97446E6A25->2573df58-4087-4dd0-8598-5abddcc696b9@group-CE3C0447B19C, cid=2928, SUCCESS, logIndex=4817, commits[2573df58-4087-4dd0-8598-5abddcc696b9:c4819]
2019-06-13 21:51:47,104 INFO  client.GrpcClientProtocolClient (GrpcClientProtocolClient.java:onNext(254)) - client-9C97446E6A25->2573df58-4087-4dd0-8598-5abddcc696b9: receive RaftClientReply:client-9C97446E6A25->2573df58-4087-4dd0-8598-5abddcc696b9@group-CE3C0447B19C, cid=2929, SUCCESS, logIndex=4820, commits[2573df58-4087-4dd0-8598-5abddcc696b9:c4820]
2019-06-13 21:51:47,111 INFO  client.GrpcClientProtocolClient (GrpcClientProtocolClient.java:onNext(254)) - client-9C97446E6A25->2573df58-4087-4dd0-8598-5abddcc696b9: receive RaftClientReply:client-9C97446E6A25->2573df58-4087-4dd0-8598-5abddcc696b9@group-CE3C0447B19C, cid=2930, SUCCESS, logIndex=4822, commits[2573df58-4087-4dd0-8598-5abddcc696b9:c4822]
2019-06-13 21:51:47,115 INFO  client.GrpcClientProtocolClient (GrpcClientProtocolClient.java:onNext(254)) - client-9C97446E6A25->2573df58-4087-4dd0-8598-5abddcc696b9: receive RaftClientReply:client-9C97446E6A25->2573df58-4087-4dd0-8598-5abddcc696b9@group-CE3C0447B19C, cid=2931, SUCCESS, logIndex=4823, commits[2573df58-4087-4dd0-8598-5abddcc696b9:c4825]
2019-06-13 21:51:47,115 INFO  client.GrpcClientProtocolClient (GrpcClientProtocolClient.java:onNext(254)) - client-9C97446E6A25->2573df58-4087-4dd0-8598-5abddcc696b9: receive RaftClientReply:client-9C97446E6A25->2573df58-4087-4dd0-8598-5abddcc696b9@group-CE3C0447B19C, cid=2932, SUCCESS, logIndex=4824, commits[2573df58-4087-4dd0-8598-5abddcc696b9:c4825]
2019-06-13 21:51:47,121 INFO  client.GrpcClientProtocolClient (GrpcClientProtocolClient.java:onNext(254)) - client-9C97446E6A25->2573df58-4087-4dd0-8598-5abddcc696b9: receive RaftClientReply:client-9C97446E6A25->2573df58-4087-4dd0-8598-5abddcc696b9@group-CE3C0447B19C, cid=2933, SUCCESS, logIndex=4826, commits[2573df58-4087-4dd0-8598-5abddcc696b9:c4826]
2019-06-13 21:51:47,122 INFO  client.GrpcClientProtocolClient (GrpcClientProtocolClient.java:onNext(254)) - client-9C97446E6A25->2573df58-4087-4dd0-8598-5abddcc696b9: receive RaftClientReply:client-9C97446E6A25->2573df58-4087-4dd0-8598-5abddcc696b9@group-CE3C0447B19C, cid=2934, SUCCESS, logIndex=4828, commits[2573df58-4087-4dd0-8598-5abddcc696b9:c4828]
2019-06-13 21:51:47,123 INFO  client.GrpcClientProtocolClient (GrpcClientProtocolClient.java:onNext(254)) - client-9C97446E6A25->2573df58-4087-4dd0-8598-5abddcc696b9: receive RaftClientReply:client-9C97446E6A25->2573df58-4087-4dd0-8598-5abddcc696b9@group-CE3C0447B19C, cid=2935, SUCCESS, logIndex=4829, commits[2573df58-4087-4dd0-8598-5abddcc696b9:c4831]
2019-06-13 21:51:47,123 INFO  client.GrpcClientProtocolClient (GrpcClientProtocolClient.java:onNext(254)) - client-9C97446E6A25->2573df58-4087-4dd0-8598-5abddcc696b9: receive RaftClientReply:client-9C97446E6A25->2573df58-4087-4dd0-8598-5abddcc696b9@group-CE3C0447B19C, cid=2936, SUCCESS, logIndex=4830, commits[2573df58-4087-4dd0-8598-5abddcc696b9:c4831]
2019-06-13 21:51:47,129 DEBUG block.SCMBlockDeletingService (SCMBlockDeletingService.java:call(138)) - Running DeletedBlockTransactionScanner
2019-06-13 21:51:47,130 DEBUG block.SCMBlockDeletingService (SCMBlockDeletingService.java:call(155)) - Scanned deleted blocks log and got 0 delTX to process.
2019-06-13 21:51:47,133 INFO  client.GrpcClientProtocolClient (GrpcClientProtocolClient.java:onNext(254)) - client-9C97446E6A25->2573df58-4087-4dd0-8598-5abddcc696b9: receive RaftClientReply:client-9C97446E6A25->2573df58-4087-4dd0-8598-5abddcc696b9@group-CE3C0447B19C, cid=2937, SUCCESS, logIndex=4832, commits[2573df58-4087-4dd0-8598-5abddcc696b9:c4832]
2019-06-13 21:51:47,135 INFO  client.GrpcClientProtocolClient (GrpcClientProtocolClient.java:onNext(254)) - client-9C97446E6A25->2573df58-4087-4dd0-8598-5abddcc696b9: receive RaftClientReply:client-9C97446E6A25->2573df58-4087-4dd0-8598-5abddcc696b9@group-CE3C0447B19C, cid=2938, SUCCESS, logIndex=4834, commits[2573df58-4087-4dd0-8598-5abddcc696b9:c4834]
2019-06-13 21:51:47,136 INFO  client.GrpcClientProtocolClient (GrpcClientProtocolClient.java:onNext(254)) - client-9C97446E6A25->2573df58-4087-4dd0-8598-5abddcc696b9: receive RaftClientReply:client-9C97446E6A25->2573df58-4087-4dd0-8598-5abddcc696b9@group-CE3C0447B19C, cid=2939, SUCCESS, logIndex=4835, commits[2573df58-4087-4dd0-8598-5abddcc696b9:c4837]
2019-06-13 21:51:47,136 INFO  client.GrpcClientProtocolClient (GrpcClientProtocolClient.java:onNext(254)) - client-9C97446E6A25->2573df58-4087-4dd0-8598-5abddcc696b9: receive RaftClientReply:client-9C97446E6A25->2573df58-4087-4dd0-8598-5abddcc696b9@group-CE3C0447B19C, cid=2940, SUCCESS, logIndex=4836, commits[2573df58-4087-4dd0-8598-5abddcc696b9:c4837]
2019-06-13 21:51:47,141 INFO  client.GrpcClientProtocolClient (GrpcClientProtocolClient.java:onNext(254)) - client-9C97446E6A25->2573df58-4087-4dd0-8598-5abddcc696b9: receive RaftClientReply:client-9C97446E6A25->2573df58-4087-4dd0-8598-5abddcc696b9@group-CE3C0447B19C, cid=2941, SUCCESS, logIndex=4838, commits[2573df58-4087-4dd0-8598-5abddcc696b9:c4838]
2019-06-13 21:51:47,142 INFO  client.GrpcClientProtocolClient (GrpcClientProtocolClient.java:onNext(254)) - client-9C97446E6A25->2573df58-4087-4dd0-8598-5abddcc696b9: receive RaftClientReply:client-9C97446E6A25->2573df58-4087-4dd0-8598-5abddcc696b9@group-CE3C0447B19C, cid=2942, SUCCESS, logIndex=4840, commits[2573df58-4087-4dd0-8598-5abddcc696b9:c4840]
2019-06-13 21:51:47,144 INFO  client.GrpcClientProtocolClient (GrpcClientProtocolClient.java:onNext(254)) - client-9C97446E6A25->2573df58-4087-4dd0-8598-5abddcc696b9: receive RaftClientReply:client-9C97446E6A25->2573df58-4087-4dd0-8598-5abddcc696b9@group-CE3C0447B19C, cid=2943, SUCCESS, logIndex=4841, commits[2573df58-4087-4dd0-8598-5abddcc696b9:c4843]
2019-06-13 21:51:47,144 INFO  client.GrpcClientProtocolClient (GrpcClientProtocolClient.java:onNext(254)) - client-9C97446E6A25->2573df58-4087-4dd0-8598-5abddcc696b9: receive RaftClientReply:client-9C97446E6A25->2573df58-4087-4dd0-8598-5abddcc696b9@group-CE3C0447B19C, cid=2944, SUCCESS, logIndex=4842, commits[2573df58-4087-4dd0-8598-5abddcc696b9:c4843]
2019-06-13 21:51:47,153 INFO  client.GrpcClientProtocolClient (GrpcClientProtocolClient.java:onNext(254)) - client-9C97446E6A25->2573df58-4087-4dd0-8598-5abddcc696b9: receive RaftClientReply:client-9C97446E6A25->2573df58-4087-4dd0-8598-5abddcc696b9@group-CE3C0447B19C, cid=2945, SUCCESS, logIndex=4844, commits[2573df58-4087-4dd0-8598-5abddcc696b9:c4844]
2019-06-13 21:51:47,155 INFO  client.GrpcClientProtocolClient (GrpcClientProtocolClient.java:onNext(254)) - client-9C97446E6A25->2573df58-4087-4dd0-8598-5abddcc696b9: receive RaftClientReply:client-9C97446E6A25->2573df58-4087-4dd0-8598-5abddcc696b9@group-CE3C0447B19C, cid=2946, SUCCESS, logIndex=4846, commits[2573df58-4087-4dd0-8598-5abddcc696b9:c4846]
2019-06-13 21:51:47,155 INFO  client.GrpcClientProtocolClient (GrpcClientProtocolClient.java:onNext(254)) - client-9C97446E6A25->2573df58-4087-4dd0-8598-5abddcc696b9: receive RaftClientReply:client-9C97446E6A25->2573df58-4087-4dd0-8598-5abddcc696b9@group-CE3C0447B19C, cid=2947, SUCCESS, logIndex=4847, commits[2573df58-4087-4dd0-8598-5abddcc696b9:c4849]
2019-06-13 21:51:47,155 INFO  client.GrpcClientProtocolClient (GrpcClientProtocolClient.java:onNext(254)) - client-9C97446E6A25->2573df58-4087-4dd0-8598-5abddcc696b9: receive RaftClientReply:client-9C97446E6A25->2573df58-4087-4dd0-8598-5abddcc696b9@group-CE3C0447B19C, cid=2948, SUCCESS, logIndex=4848, commits[2573df58-4087-4dd0-8598-5abddcc696b9:c4849]
2019-06-13 21:51:47,201 INFO  client.GrpcClientProtocolClient (GrpcClientProtocolClient.java:onNext(254)) - client-9C97446E6A25->2573df58-4087-4dd0-8598-5abddcc696b9: receive RaftClientReply:client-9C97446E6A25->2573df58-4087-4dd0-8598-5abddcc696b9@group-CE3C0447B19C, cid=2949, SUCCESS, logIndex=4850, commits[2573df58-4087-4dd0-8598-5abddcc696b9:c4850]
2019-06-13 21:51:47,202 INFO  client.GrpcClientProtocolClient (GrpcClientProtocolClient.java:onNext(254)) - client-9C97446E6A25->2573df58-4087-4dd0-8598-5abddcc696b9: receive RaftClientReply:client-9C97446E6A25->2573df58-4087-4dd0-8598-5abddcc696b9@group-CE3C0447B19C, cid=2950, SUCCESS, logIndex=4852, commits[2573df58-4087-4dd0-8598-5abddcc696b9:c4852]
2019-06-13 21:51:47,203 INFO  client.GrpcClientProtocolClient (GrpcClientProtocolClient.java:onNext(254)) - client-9C97446E6A25->2573df58-4087-4dd0-8598-5abddcc696b9: receive RaftClientReply:client-9C97446E6A25->2573df58-4087-4dd0-8598-5abddcc696b9@group-CE3C0447B19C, cid=2951, SUCCESS, logIndex=4853, commits[2573df58-4087-4dd0-8598-5abddcc696b9:c4855]
2019-06-13 21:51:47,204 INFO  client.GrpcClientProtocolClient (GrpcClientProtocolClient.java:onNext(254)) - client-9C97446E6A25->2573df58-4087-4dd0-8598-5abddcc696b9: receive RaftClientReply:client-9C97446E6A25->2573df58-4087-4dd0-8598-5abddcc696b9@group-CE3C0447B19C, cid=2952, SUCCESS, logIndex=4854, commits[2573df58-4087-4dd0-8598-5abddcc696b9:c4855]
2019-06-13 21:51:47,213 INFO  client.GrpcClientProtocolClient (GrpcClientProtocolClient.java:onNext(254)) - client-9C97446E6A25->2573df58-4087-4dd0-8598-5abddcc696b9: receive RaftClientReply:client-9C97446E6A25->2573df58-4087-4dd0-8598-5abddcc696b9@group-CE3C0447B19C, cid=2953, SUCCESS, logIndex=4856, commits[2573df58-4087-4dd0-8598-5abddcc696b9:c4856]
2019-06-13 21:51:47,215 INFO  client.GrpcClientProtocolClient (GrpcClientProtocolClient.java:onNext(254)) - client-9C97446E6A25->2573df58-4087-4dd0-8598-5abddcc696b9: receive RaftClientReply:client-9C97446E6A25->2573df58-4087-4dd0-8598-5abddcc696b9@group-CE3C0447B19C, cid=2954, SUCCESS, logIndex=4858, commits[2573df58-4087-4dd0-8598-5abddcc696b9:c4858]
2019-06-13 21:51:47,215 INFO  client.GrpcClientProtocolClient (GrpcClientProtocolClient.java:onNext(254)) - client-9C97446E6A25->2573df58-4087-4dd0-8598-5abddcc696b9: receive RaftClientReply:client-9C97446E6A25->2573df58-4087-4dd0-8598-5abddcc696b9@group-CE3C0447B19C, cid=2955, SUCCESS, logIndex=4859, commits[2573df58-4087-4dd0-8598-5abddcc696b9:c4861]
2019-06-13 21:51:47,215 INFO  client.GrpcClientProtocolClient (GrpcClientProtocolClient.java:onNext(254)) - client-9C97446E6A25->2573df58-4087-4dd0-8598-5abddcc696b9: receive RaftClientReply:client-9C97446E6A25->2573df58-4087-4dd0-8598-5abddcc696b9@group-CE3C0447B19C, cid=2956, SUCCESS, logIndex=4860, commits[2573df58-4087-4dd0-8598-5abddcc696b9:c4861]
2019-06-13 21:51:47,221 INFO  client.GrpcClientProtocolClient (GrpcClientProtocolClient.java:onNext(254)) - client-9C97446E6A25->2573df58-4087-4dd0-8598-5abddcc696b9: receive RaftClientReply:client-9C97446E6A25->2573df58-4087-4dd0-8598-5abddcc696b9@group-CE3C0447B19C, cid=2957, SUCCESS, logIndex=4862, commits[2573df58-4087-4dd0-8598-5abddcc696b9:c4862]
2019-06-13 21:51:47,222 INFO  client.GrpcClientProtocolClient (GrpcClientProtocolClient.java:onNext(254)) - client-9C97446E6A25->2573df58-4087-4dd0-8598-5abddcc696b9: receive RaftClientReply:client-9C97446E6A25->2573df58-4087-4dd0-8598-5abddcc696b9@group-CE3C0447B19C, cid=2958, SUCCESS, logIndex=4864, commits[2573df58-4087-4dd0-8598-5abddcc696b9:c4864]
2019-06-13 21:51:47,223 INFO  client.GrpcClientProtocolClient (GrpcClientProtocolClient.java:onNext(254)) - client-9C97446E6A25->2573df58-4087-4dd0-8598-5abddcc696b9: receive RaftClientReply:client-9C97446E6A25->2573df58-4087-4dd0-8598-5abddcc696b9@group-CE3C0447B19C, cid=2959, SUCCESS, logIndex=4865, commits[2573df58-4087-4dd0-8598-5abddcc696b9:c4867]
2019-06-13 21:51:47,223 INFO  client.GrpcClientProtocolClient (GrpcClientProtocolClient.java:onNext(254)) - client-9C97446E6A25->2573df58-4087-4dd0-8598-5abddcc696b9: receive RaftClientReply:client-9C97446E6A25->2573df58-4087-4dd0-8598-5abddcc696b9@group-CE3C0447B19C, cid=2960, SUCCESS, logIndex=4866, commits[2573df58-4087-4dd0-8598-5abddcc696b9:c4867]
2019-06-13 21:51:47,230 DEBUG block.SCMBlockDeletingService (SCMBlockDeletingService.java:call(138)) - Running DeletedBlockTransactionScanner
2019-06-13 21:51:47,230 DEBUG block.SCMBlockDeletingService (SCMBlockDeletingService.java:call(155)) - Scanned deleted blocks log and got 0 delTX to process.
2019-06-13 21:51:47,300 INFO  client.GrpcClientProtocolClient (GrpcClientProtocolClient.java:onNext(254)) - client-9C97446E6A25->2573df58-4087-4dd0-8598-5abddcc696b9: receive RaftClientReply:client-9C97446E6A25->2573df58-4087-4dd0-8598-5abddcc696b9@group-CE3C0447B19C, cid=2961, SUCCESS, logIndex=4868, commits[2573df58-4087-4dd0-8598-5abddcc696b9:c4868]
2019-06-13 21:51:47,302 INFO  client.GrpcClientProtocolClient (GrpcClientProtocolClient.java:onNext(254)) - client-9C97446E6A25->2573df58-4087-4dd0-8598-5abddcc696b9: receive RaftClientReply:client-9C97446E6A25->2573df58-4087-4dd0-8598-5abddcc696b9@group-CE3C0447B19C, cid=2962, SUCCESS, logIndex=4870, commits[2573df58-4087-4dd0-8598-5abddcc696b9:c4872]
2019-06-13 21:51:47,302 INFO  client.GrpcClientProtocolClient (GrpcClientProtocolClient.java:onNext(254)) - client-9C97446E6A25->2573df58-4087-4dd0-8598-5abddcc696b9: receive RaftClientReply:client-9C97446E6A25->2573df58-4087-4dd0-8598-5abddcc696b9@group-CE3C0447B19C, cid=2963, SUCCESS, logIndex=4871, commits[2573df58-4087-4dd0-8598-5abddcc696b9:c4872]
2019-06-13 21:51:47,302 INFO  client.GrpcClientProtocolClient (GrpcClientProtocolClient.java:onNext(254)) - client-9C97446E6A25->2573df58-4087-4dd0-8598-5abddcc696b9: receive RaftClientReply:client-9C97446E6A25->2573df58-4087-4dd0-8598-5abddcc696b9@group-CE3C0447B19C, cid=2964, SUCCESS, logIndex=4872, commits[2573df58-4087-4dd0-8598-5abddcc696b9:c4873]
2019-06-13 21:51:47,308 INFO  client.GrpcClientProtocolClient (GrpcClientProtocolClient.java:onNext(254)) - client-9C97446E6A25->2573df58-4087-4dd0-8598-5abddcc696b9: receive RaftClientReply:client-9C97446E6A25->2573df58-4087-4dd0-8598-5abddcc696b9@group-CE3C0447B19C, cid=2965, SUCCESS, logIndex=4874, commits[2573df58-4087-4dd0-8598-5abddcc696b9:c4874]
2019-06-13 21:51:47,309 INFO  client.GrpcClientProtocolClient (GrpcClientProtocolClient.java:onNext(254)) - client-9C97446E6A25->2573df58-4087-4dd0-8598-5abddcc696b9: receive RaftClientReply:client-9C97446E6A25->2573df58-4087-4dd0-8598-5abddcc696b9@group-CE3C0447B19C, cid=2966, SUCCESS, logIndex=4876, commits[2573df58-4087-4dd0-8598-5abddcc696b9:c4876]
2019-06-13 21:51:47,310 INFO  client.GrpcClientProtocolClient (GrpcClientProtocolClient.java:onNext(254)) - client-9C97446E6A25->2573df58-4087-4dd0-8598-5abddcc696b9: receive RaftClientReply:client-9C97446E6A25->2573df58-4087-4dd0-8598-5abddcc696b9@group-CE3C0447B19C, cid=2967, SUCCESS, logIndex=4877, commits[2573df58-4087-4dd0-8598-5abddcc696b9:c4879]
2019-06-13 21:51:47,310 INFO  client.GrpcClientProtocolClient (GrpcClientProtocolClient.java:onNext(254)) - client-9C97446E6A25->2573df58-4087-4dd0-8598-5abddcc696b9: receive RaftClientReply:client-9C97446E6A25->2573df58-4087-4dd0-8598-5abddcc696b9@group-CE3C0447B19C, cid=2968, SUCCESS, logIndex=4878, commits[2573df58-4087-4dd0-8598-5abddcc696b9:c4879]
2019-06-13 21:51:47,320 INFO  client.GrpcClientProtocolClient (GrpcClientProtocolClient.java:onNext(254)) - client-9C97446E6A25->2573df58-4087-4dd0-8598-5abddcc696b9: receive RaftClientReply:client-9C97446E6A25->2573df58-4087-4dd0-8598-5abddcc696b9@group-CE3C0447B19C, cid=2969, SUCCESS, logIndex=4880, commits[2573df58-4087-4dd0-8598-5abddcc696b9:c4880]
2019-06-13 21:51:47,321 INFO  storage.RaftLogWorker (RaftLogWorker.java:rollLogSegment(303)) - 2573df58-4087-4dd0-8598-5abddcc696b9-RaftLogWorker: Rolling segment log-4817_4882 to index:4882
2019-06-13 21:51:47,321 INFO  storage.RaftLogWorker (RaftLogWorker.java:execute(433)) - 2573df58-4087-4dd0-8598-5abddcc696b9-RaftLogWorker: Rolled log segment from /opt/src/hadoop-ozone/integration-test/target/test-dir/MiniOzoneClusterImpl-8578056e-9b7b-4e66-9e9f-ef53d5cd7c03/datanode-0/data/ratis/7f5c2536-ed89-4233-9ec0-ce3c0447b19c/current/log_inprogress_4817 to /opt/src/hadoop-ozone/integration-test/target/test-dir/MiniOzoneClusterImpl-8578056e-9b7b-4e66-9e9f-ef53d5cd7c03/datanode-0/data/ratis/7f5c2536-ed89-4233-9ec0-ce3c0447b19c/current/log_4817-4882
2019-06-13 21:51:47,326 INFO  client.GrpcClientProtocolClient (GrpcClientProtocolClient.java:onNext(254)) - client-9C97446E6A25->2573df58-4087-4dd0-8598-5abddcc696b9: receive RaftClientReply:client-9C97446E6A25->2573df58-4087-4dd0-8598-5abddcc696b9@group-CE3C0447B19C, cid=2970, SUCCESS, logIndex=4882, commits[2573df58-4087-4dd0-8598-5abddcc696b9:c4882]
2019-06-13 21:51:47,330 DEBUG block.SCMBlockDeletingService (SCMBlockDeletingService.java:call(138)) - Running DeletedBlockTransactionScanner
2019-06-13 21:51:47,330 DEBUG block.SCMBlockDeletingService (SCMBlockDeletingService.java:call(155)) - Scanned deleted blocks log and got 0 delTX to process.
2019-06-13 21:51:47,358 INFO  storage.RaftLogWorker (RaftLogWorker.java:execute(469)) - 2573df58-4087-4dd0-8598-5abddcc696b9-RaftLogWorker: created new log segment /opt/src/hadoop-ozone/integration-test/target/test-dir/MiniOzoneClusterImpl-8578056e-9b7b-4e66-9e9f-ef53d5cd7c03/datanode-0/data/ratis/7f5c2536-ed89-4233-9ec0-ce3c0447b19c/current/log_inprogress_4883
2019-06-13 21:51:47,359 INFO  client.GrpcClientProtocolClient (GrpcClientProtocolClient.java:onNext(254)) - client-9C97446E6A25->2573df58-4087-4dd0-8598-5abddcc696b9: receive RaftClientReply:client-9C97446E6A25->2573df58-4087-4dd0-8598-5abddcc696b9@group-CE3C0447B19C, cid=2971, SUCCESS, logIndex=4883, commits[2573df58-4087-4dd0-8598-5abddcc696b9:c4885]
2019-06-13 21:51:47,359 INFO  client.GrpcClientProtocolClient (GrpcClientProtocolClient.java:onNext(254)) - client-9C97446E6A25->2573df58-4087-4dd0-8598-5abddcc696b9: receive RaftClientReply:client-9C97446E6A25->2573df58-4087-4dd0-8598-5abddcc696b9@group-CE3C0447B19C, cid=2972, SUCCESS, logIndex=4884, commits[2573df58-4087-4dd0-8598-5abddcc696b9:c4885]
2019-06-13 21:51:47,364 INFO  client.GrpcClientProtocolClient (GrpcClientProtocolClient.java:onNext(254)) - client-9C97446E6A25->2573df58-4087-4dd0-8598-5abddcc696b9: receive RaftClientReply:client-9C97446E6A25->2573df58-4087-4dd0-8598-5abddcc696b9@group-CE3C0447B19C, cid=2973, SUCCESS, logIndex=4886, commits[2573df58-4087-4dd0-8598-5abddcc696b9:c4886]
2019-06-13 21:51:47,366 INFO  client.GrpcClientProtocolClient (GrpcClientProtocolClient.java:onNext(254)) - client-9C97446E6A25->2573df58-4087-4dd0-8598-5abddcc696b9: receive RaftClientReply:client-9C97446E6A25->2573df58-4087-4dd0-8598-5abddcc696b9@group-CE3C0447B19C, cid=2974, SUCCESS, logIndex=4888, commits[2573df58-4087-4dd0-8598-5abddcc696b9:c4888]
2019-06-13 21:51:47,367 INFO  client.GrpcClientProtocolClient (GrpcClientProtocolClient.java:onNext(254)) - client-9C97446E6A25->2573df58-4087-4dd0-8598-5abddcc696b9: receive RaftClientReply:client-9C97446E6A25->2573df58-4087-4dd0-8598-5abddcc696b9@group-CE3C0447B19C, cid=2975, SUCCESS, logIndex=4889, commits[2573df58-4087-4dd0-8598-5abddcc696b9:c4891]
2019-06-13 21:51:47,367 INFO  client.GrpcClientProtocolClient (GrpcClientProtocolClient.java:onNext(254)) - client-9C97446E6A25->2573df58-4087-4dd0-8598-5abddcc696b9: receive RaftClientReply:client-9C97446E6A25->2573df58-4087-4dd0-8598-5abddcc696b9@group-CE3C0447B19C, cid=2976, SUCCESS, logIndex=4890, commits[2573df58-4087-4dd0-8598-5abddcc696b9:c4891]
2019-06-13 21:51:47,376 INFO  client.GrpcClientProtocolClient (GrpcClientProtocolClient.java:onNext(254)) - client-9C97446E6A25->2573df58-4087-4dd0-8598-5abddcc696b9: receive RaftClientReply:client-9C97446E6A25->2573df58-4087-4dd0-8598-5abddcc696b9@group-CE3C0447B19C, cid=2977, SUCCESS, logIndex=4892, commits[2573df58-4087-4dd0-8598-5abddcc696b9:c4892]
2019-06-13 21:51:47,379 INFO  client.GrpcClientProtocolClient (GrpcClientProtocolClient.java:onNext(254)) - client-9C97446E6A25->2573df58-4087-4dd0-8598-5abddcc696b9: receive RaftClientReply:client-9C97446E6A25->2573df58-4087-4dd0-8598-5abddcc696b9@group-CE3C0447B19C, cid=2978, SUCCESS, logIndex=4894, commits[2573df58-4087-4dd0-8598-5abddcc696b9:c4894]
2019-06-13 21:51:47,383 INFO  client.GrpcClientProtocolClient (GrpcClientProtocolClient.java:onNext(254)) - client-9C97446E6A25->2573df58-4087-4dd0-8598-5abddcc696b9: receive RaftClientReply:client-9C97446E6A25->2573df58-4087-4dd0-8598-5abddcc696b9@group-CE3C0447B19C, cid=2979, SUCCESS, logIndex=4895, commits[2573df58-4087-4dd0-8598-5abddcc696b9:c4897]
2019-06-13 21:51:47,383 INFO  client.GrpcClientProtocolClient (GrpcClientProtocolClient.java:onNext(254)) - client-9C97446E6A25->2573df58-4087-4dd0-8598-5abddcc696b9: receive RaftClientReply:client-9C97446E6A25->2573df58-4087-4dd0-8598-5abddcc696b9@group-CE3C0447B19C, cid=2980, SUCCESS, logIndex=4896, commits[2573df58-4087-4dd0-8598-5abddcc696b9:c4897]
2019-06-13 21:51:47,389 INFO  client.GrpcClientProtocolClient (GrpcClientProtocolClient.java:onNext(254)) - client-9C97446E6A25->2573df58-4087-4dd0-8598-5abddcc696b9: receive RaftClientReply:client-9C97446E6A25->2573df58-4087-4dd0-8598-5abddcc696b9@group-CE3C0447B19C, cid=2981, SUCCESS, logIndex=4898, commits[2573df58-4087-4dd0-8598-5abddcc696b9:c4898]
2019-06-13 21:51:47,390 INFO  client.GrpcClientProtocolClient (GrpcClientProtocolClient.java:onNext(254)) - client-9C97446E6A25->2573df58-4087-4dd0-8598-5abddcc696b9: receive RaftClientReply:client-9C97446E6A25->2573df58-4087-4dd0-8598-5abddcc696b9@group-CE3C0447B19C, cid=2982, SUCCESS, logIndex=4900, commits[2573df58-4087-4dd0-8598-5abddcc696b9:c4900]
2019-06-13 21:51:47,392 INFO  client.GrpcClientProtocolClient (GrpcClientProtocolClient.java:onNext(254)) - client-9C97446E6A25->2573df58-4087-4dd0-8598-5abddcc696b9: receive RaftClientReply:client-9C97446E6A25->2573df58-4087-4dd0-8598-5abddcc696b9@group-CE3C0447B19C, cid=2983, SUCCESS, logIndex=4901, commits[2573df58-4087-4dd0-8598-5abddcc696b9:c4903]
2019-06-13 21:51:47,395 INFO  client.GrpcClientProtocolClient (GrpcClientProtocolClient.java:onNext(254)) - client-9C97446E6A25->2573df58-4087-4dd0-8598-5abddcc696b9: receive RaftClientReply:client-9C97446E6A25->2573df58-4087-4dd0-8598-5abddcc696b9@group-CE3C0447B19C, cid=2984, SUCCESS, logIndex=4902, commits[2573df58-4087-4dd0-8598-5abddcc696b9:c4903]
2019-06-13 21:51:47,405 INFO  client.GrpcClientProtocolClient (GrpcClientProtocolClient.java:onNext(254)) - client-9C97446E6A25->2573df58-4087-4dd0-8598-5abddcc696b9: receive RaftClientReply:client-9C97446E6A25->2573df58-4087-4dd0-8598-5abddcc696b9@group-CE3C0447B19C, cid=2985, SUCCESS, logIndex=4904, commits[2573df58-4087-4dd0-8598-5abddcc696b9:c4904]
2019-06-13 21:51:47,407 INFO  client.GrpcClientProtocolClient (GrpcClientProtocolClient.java:onNext(254)) - client-9C97446E6A25->2573df58-4087-4dd0-8598-5abddcc696b9: receive RaftClientReply:client-9C97446E6A25->2573df58-4087-4dd0-8598-5abddcc696b9@group-CE3C0447B19C, cid=2986, SUCCESS, logIndex=4906, commits[2573df58-4087-4dd0-8598-5abddcc696b9:c4906]
2019-06-13 21:51:47,408 INFO  client.GrpcClientProtocolClient (GrpcClientProtocolClient.java:onNext(254)) - client-9C97446E6A25->2573df58-4087-4dd0-8598-5abddcc696b9: receive RaftClientReply:client-9C97446E6A25->2573df58-4087-4dd0-8598-5abddcc696b9@group-CE3C0447B19C, cid=2987, SUCCESS, logIndex=4907, commits[2573df58-4087-4dd0-8598-5abddcc696b9:c4909]
2019-06-13 21:51:47,408 INFO  client.GrpcClientProtocolClient (GrpcClientProtocolClient.java:onNext(254)) - client-9C97446E6A25->2573df58-4087-4dd0-8598-5abddcc696b9: receive RaftClientReply:client-9C97446E6A25->2573df58-4087-4dd0-8598-5abddcc696b9@group-CE3C0447B19C, cid=2988, SUCCESS, logIndex=4908, commits[2573df58-4087-4dd0-8598-5abddcc696b9:c4909]
2019-06-13 21:51:47,413 INFO  client.GrpcClientProtocolClient (GrpcClientProtocolClient.java:onNext(254)) - client-9C97446E6A25->2573df58-4087-4dd0-8598-5abddcc696b9: receive RaftClientReply:client-9C97446E6A25->2573df58-4087-4dd0-8598-5abddcc696b9@group-CE3C0447B19C, cid=2989, SUCCESS, logIndex=4910, commits[2573df58-4087-4dd0-8598-5abddcc696b9:c4910]
2019-06-13 21:51:47,414 INFO  client.GrpcClientProtocolClient (GrpcClientProtocolClient.java:onNext(254)) - client-9C97446E6A25->2573df58-4087-4dd0-8598-5abddcc696b9: receive RaftClientReply:client-9C97446E6A25->2573df58-4087-4dd0-8598-5abddcc696b9@group-CE3C0447B19C, cid=2990, SUCCESS, logIndex=4912, commits[2573df58-4087-4dd0-8598-5abddcc696b9:c4912]
2019-06-13 21:51:47,415 INFO  client.GrpcClientProtocolClient (GrpcClientProtocolClient.java:onNext(254)) - client-9C97446E6A25->2573df58-4087-4dd0-8598-5abddcc696b9: receive RaftClientReply:client-9C97446E6A25->2573df58-4087-4dd0-8598-5abddcc696b9@group-CE3C0447B19C, cid=2991, SUCCESS, logIndex=4913, commits[2573df58-4087-4dd0-8598-5abddcc696b9:c4915]
2019-06-13 21:51:47,415 INFO  client.GrpcClientProtocolClient (GrpcClientProtocolClient.java:onNext(254)) - client-9C97446E6A25->2573df58-4087-4dd0-8598-5abddcc696b9: receive RaftClientReply:client-9C97446E6A25->2573df58-4087-4dd0-8598-5abddcc696b9@group-CE3C0447B19C, cid=2992, SUCCESS, logIndex=4914, commits[2573df58-4087-4dd0-8598-5abddcc696b9:c4915]
2019-06-13 21:51:47,425 INFO  client.GrpcClientProtocolClient (GrpcClientProtocolClient.java:onNext(254)) - client-9C97446E6A25->2573df58-4087-4dd0-8598-5abddcc696b9: receive RaftClientReply:client-9C97446E6A25->2573df58-4087-4dd0-8598-5abddcc696b9@group-CE3C0447B19C, cid=2993, SUCCESS, logIndex=4916, commits[2573df58-4087-4dd0-8598-5abddcc696b9:c4916]
2019-06-13 21:51:47,426 INFO  client.GrpcClientProtocolClient (GrpcClientProtocolClient.java:onNext(254)) - client-9C97446E6A25->2573df58-4087-4dd0-8598-5abddcc696b9: receive RaftClientReply:client-9C97446E6A25->2573df58-4087-4dd0-8598-5abddcc696b9@group-CE3C0447B19C, cid=2994, SUCCESS, logIndex=4918, commits[2573df58-4087-4dd0-8598-5abddcc696b9:c4918]
2019-06-13 21:51:47,427 INFO  client.GrpcClientProtocolClient (GrpcClientProtocolClient.java:onNext(254)) - client-9C97446E6A25->2573df58-4087-4dd0-8598-5abddcc696b9: receive RaftClientReply:client-9C97446E6A25->2573df58-4087-4dd0-8598-5abddcc696b9@group-CE3C0447B19C, cid=2995, SUCCESS, logIndex=4919, commits[2573df58-4087-4dd0-8598-5abddcc696b9:c4921]
2019-06-13 21:51:47,427 INFO  client.GrpcClientProtocolClient (GrpcClientProtocolClient.java:onNext(254)) - client-9C97446E6A25->2573df58-4087-4dd0-8598-5abddcc696b9: receive RaftClientReply:client-9C97446E6A25->2573df58-4087-4dd0-8598-5abddcc696b9@group-CE3C0447B19C, cid=2996, SUCCESS, logIndex=4920, commits[2573df58-4087-4dd0-8598-5abddcc696b9:c4921]
2019-06-13 21:51:47,431 DEBUG block.SCMBlockDeletingService (SCMBlockDeletingService.java:call(138)) - Running DeletedBlockTransactionScanner
2019-06-13 21:51:47,431 DEBUG block.SCMBlockDeletingService (SCMBlockDeletingService.java:call(155)) - Scanned deleted blocks log and got 0 delTX to process.
2019-06-13 21:51:47,432 INFO  client.GrpcClientProtocolClient (GrpcClientProtocolClient.java:onNext(254)) - client-9C97446E6A25->2573df58-4087-4dd0-8598-5abddcc696b9: receive RaftClientReply:client-9C97446E6A25->2573df58-4087-4dd0-8598-5abddcc696b9@group-CE3C0447B19C, cid=2997, SUCCESS, logIndex=4922, commits[2573df58-4087-4dd0-8598-5abddcc696b9:c4922]
2019-06-13 21:51:47,433 INFO  client.GrpcClientProtocolClient (GrpcClientProtocolClient.java:onNext(254)) - client-9C97446E6A25->2573df58-4087-4dd0-8598-5abddcc696b9: receive RaftClientReply:client-9C97446E6A25->2573df58-4087-4dd0-8598-5abddcc696b9@group-CE3C0447B19C, cid=2998, SUCCESS, logIndex=4924, commits[2573df58-4087-4dd0-8598-5abddcc696b9:c4924]
2019-06-13 21:51:47,434 INFO  client.GrpcClientProtocolClient (GrpcClientProtocolClient.java:onNext(254)) - client-9C97446E6A25->2573df58-4087-4dd0-8598-5abddcc696b9: receive RaftClientReply:client-9C97446E6A25->2573df58-4087-4dd0-8598-5abddcc696b9@group-CE3C0447B19C, cid=2999, SUCCESS, logIndex=4925, commits[2573df58-4087-4dd0-8598-5abddcc696b9:c4927]
2019-06-13 21:51:47,435 INFO  client.GrpcClientProtocolClient (GrpcClientProtocolClient.java:onNext(254)) - client-9C97446E6A25->2573df58-4087-4dd0-8598-5abddcc696b9: receive RaftClientReply:client-9C97446E6A25->2573df58-4087-4dd0-8598-5abddcc696b9@group-CE3C0447B19C, cid=3000, SUCCESS, logIndex=4926, commits[2573df58-4087-4dd0-8598-5abddcc696b9:c4927]
2019-06-13 21:51:47,444 INFO  client.GrpcClientProtocolClient (GrpcClientProtocolClient.java:onNext(254)) - client-9C97446E6A25->2573df58-4087-4dd0-8598-5abddcc696b9: receive RaftClientReply:client-9C97446E6A25->2573df58-4087-4dd0-8598-5abddcc696b9@group-CE3C0447B19C, cid=3001, SUCCESS, logIndex=4928, commits[2573df58-4087-4dd0-8598-5abddcc696b9:c4928]
2019-06-13 21:51:47,445 INFO  client.GrpcClientProtocolClient (GrpcClientProtocolClient.java:onNext(254)) - client-9C97446E6A25->2573df58-4087-4dd0-8598-5abddcc696b9: receive RaftClientReply:client-9C97446E6A25->2573df58-4087-4dd0-8598-5abddcc696b9@group-CE3C0447B19C, cid=3002, SUCCESS, logIndex=4930, commits[2573df58-4087-4dd0-8598-5abddcc696b9:c4930]
2019-06-13 21:51:47,446 INFO  client.GrpcClientProtocolClient (GrpcClientProtocolClient.java:onNext(254)) - client-9C97446E6A25->2573df58-4087-4dd0-8598-5abddcc696b9: receive RaftClientReply:client-9C97446E6A25->2573df58-4087-4dd0-8598-5abddcc696b9@group-CE3C0447B19C, cid=3003, SUCCESS, logIndex=4931, commits[2573df58-4087-4dd0-8598-5abddcc696b9:c4933]
2019-06-13 21:51:47,446 INFO  client.GrpcClientProtocolClient (GrpcClientProtocolClient.java:onNext(254)) - client-9C97446E6A25->2573df58-4087-4dd0-8598-5abddcc696b9: receive RaftClientReply:client-9C97446E6A25->2573df58-4087-4dd0-8598-5abddcc696b9@group-CE3C0447B19C, cid=3004, SUCCESS, logIndex=4932, commits[2573df58-4087-4dd0-8598-5abddcc696b9:c4933]
2019-06-13 21:51:47,451 INFO  client.GrpcClientProtocolClient (GrpcClientProtocolClient.java:onNext(254)) - client-9C97446E6A25->2573df58-4087-4dd0-8598-5abddcc696b9: receive RaftClientReply:client-9C97446E6A25->2573df58-4087-4dd0-8598-5abddcc696b9@group-CE3C0447B19C, cid=3005, SUCCESS, logIndex=4934, commits[2573df58-4087-4dd0-8598-5abddcc696b9:c4934]
2019-06-13 21:51:47,452 INFO  client.GrpcClientProtocolClient (GrpcClientProtocolClient.java:onNext(254)) - client-9C97446E6A25->2573df58-4087-4dd0-8598-5abddcc696b9: receive RaftClientReply:client-9C97446E6A25->2573df58-4087-4dd0-8598-5abddcc696b9@group-CE3C0447B19C, cid=3006, SUCCESS, logIndex=4936, commits[2573df58-4087-4dd0-8598-5abddcc696b9:c4936]
2019-06-13 21:51:47,520 INFO  client.GrpcClientProtocolClient (GrpcClientProtocolClient.java:onNext(254)) - client-9C97446E6A25->2573df58-4087-4dd0-8598-5abddcc696b9: receive RaftClientReply:client-9C97446E6A25->2573df58-4087-4dd0-8598-5abddcc696b9@group-CE3C0447B19C, cid=3007, SUCCESS, logIndex=4938, commits[2573df58-4087-4dd0-8598-5abddcc696b9:c4938]
2019-06-13 21:51:47,521 INFO  client.GrpcClientProtocolClient (GrpcClientProtocolClient.java:onNext(254)) - client-9C97446E6A25->2573df58-4087-4dd0-8598-5abddcc696b9: receive RaftClientReply:client-9C97446E6A25->2573df58-4087-4dd0-8598-5abddcc696b9@group-CE3C0447B19C, cid=3008, SUCCESS, logIndex=4940, commits[2573df58-4087-4dd0-8598-5abddcc696b9:c4940]
2019-06-13 21:51:47,531 DEBUG block.SCMBlockDeletingService (SCMBlockDeletingService.java:call(138)) - Running DeletedBlockTransactionScanner
2019-06-13 21:51:47,531 DEBUG block.SCMBlockDeletingService (SCMBlockDeletingService.java:call(155)) - Scanned deleted blocks log and got 0 delTX to process.
2019-06-13 21:51:47,535 INFO  client.GrpcClientProtocolClient (GrpcClientProtocolClient.java:onNext(254)) - client-9C97446E6A25->2573df58-4087-4dd0-8598-5abddcc696b9: receive RaftClientReply:client-9C97446E6A25->2573df58-4087-4dd0-8598-5abddcc696b9@group-CE3C0447B19C, cid=3009, SUCCESS, logIndex=4942, commits[2573df58-4087-4dd0-8598-5abddcc696b9:c4942]
2019-06-13 21:51:47,543 INFO  client.GrpcClientProtocolClient (GrpcClientProtocolClient.java:onNext(254)) - client-9C97446E6A25->2573df58-4087-4dd0-8598-5abddcc696b9: receive RaftClientReply:client-9C97446E6A25->2573df58-4087-4dd0-8598-5abddcc696b9@group-CE3C0447B19C, cid=3010, SUCCESS, logIndex=4944, commits[2573df58-4087-4dd0-8598-5abddcc696b9:c4946]
2019-06-13 21:51:47,544 INFO  client.GrpcClientProtocolClient (GrpcClientProtocolClient.java:onNext(254)) - client-9C97446E6A25->2573df58-4087-4dd0-8598-5abddcc696b9: receive RaftClientReply:client-9C97446E6A25->2573df58-4087-4dd0-8598-5abddcc696b9@group-CE3C0447B19C, cid=3011, SUCCESS, logIndex=4945, commits[2573df58-4087-4dd0-8598-5abddcc696b9:c4947]
2019-06-13 21:51:47,544 INFO  client.GrpcClientProtocolClient (GrpcClientProtocolClient.java:onNext(254)) - client-9C97446E6A25->2573df58-4087-4dd0-8598-5abddcc696b9: receive RaftClientReply:client-9C97446E6A25->2573df58-4087-4dd0-8598-5abddcc696b9@group-CE3C0447B19C, cid=3012, SUCCESS, logIndex=4946, commits[2573df58-4087-4dd0-8598-5abddcc696b9:c4947]
2019-06-13 21:51:47,551 INFO  client.GrpcClientProtocolClient (GrpcClientProtocolClient.java:onNext(254)) - client-9C97446E6A25->2573df58-4087-4dd0-8598-5abddcc696b9: receive RaftClientReply:client-9C97446E6A25->2573df58-4087-4dd0-8598-5abddcc696b9@group-CE3C0447B19C, cid=3013, SUCCESS, logIndex=4948, commits[2573df58-4087-4dd0-8598-5abddcc696b9:c4948]
2019-06-13 21:51:47,551 INFO  storage.RaftLogWorker (RaftLogWorker.java:rollLogSegment(303)) - 2573df58-4087-4dd0-8598-5abddcc696b9-RaftLogWorker: Rolling segment log-4883_4949 to index:4949
2019-06-13 21:51:47,552 INFO  storage.RaftLogWorker (RaftLogWorker.java:execute(433)) - 2573df58-4087-4dd0-8598-5abddcc696b9-RaftLogWorker: Rolled log segment from /opt/src/hadoop-ozone/integration-test/target/test-dir/MiniOzoneClusterImpl-8578056e-9b7b-4e66-9e9f-ef53d5cd7c03/datanode-0/data/ratis/7f5c2536-ed89-4233-9ec0-ce3c0447b19c/current/log_inprogress_4883 to /opt/src/hadoop-ozone/integration-test/target/test-dir/MiniOzoneClusterImpl-8578056e-9b7b-4e66-9e9f-ef53d5cd7c03/datanode-0/data/ratis/7f5c2536-ed89-4233-9ec0-ce3c0447b19c/current/log_4883-4949
2019-06-13 21:51:47,589 INFO  storage.RaftLogWorker (RaftLogWorker.java:execute(469)) - 2573df58-4087-4dd0-8598-5abddcc696b9-RaftLogWorker: created new log segment /opt/src/hadoop-ozone/integration-test/target/test-dir/MiniOzoneClusterImpl-8578056e-9b7b-4e66-9e9f-ef53d5cd7c03/datanode-0/data/ratis/7f5c2536-ed89-4233-9ec0-ce3c0447b19c/current/log_inprogress_4950
2019-06-13 21:51:47,591 INFO  client.GrpcClientProtocolClient (GrpcClientProtocolClient.java:onNext(254)) - client-9C97446E6A25->2573df58-4087-4dd0-8598-5abddcc696b9: receive RaftClientReply:client-9C97446E6A25->2573df58-4087-4dd0-8598-5abddcc696b9@group-CE3C0447B19C, cid=3014, SUCCESS, logIndex=4950, commits[2573df58-4087-4dd0-8598-5abddcc696b9:c4952]
2019-06-13 21:51:47,591 INFO  client.GrpcClientProtocolClient (GrpcClientProtocolClient.java:onNext(254)) - client-9C97446E6A25->2573df58-4087-4dd0-8598-5abddcc696b9: receive RaftClientReply:client-9C97446E6A25->2573df58-4087-4dd0-8598-5abddcc696b9@group-CE3C0447B19C, cid=3015, SUCCESS, logIndex=4951, commits[2573df58-4087-4dd0-8598-5abddcc696b9:c4953]
2019-06-13 21:51:47,591 INFO  client.GrpcClientProtocolClient (GrpcClientProtocolClient.java:onNext(254)) - client-9C97446E6A25->2573df58-4087-4dd0-8598-5abddcc696b9: receive RaftClientReply:client-9C97446E6A25->2573df58-4087-4dd0-8598-5abddcc696b9@group-CE3C0447B19C, cid=3016, SUCCESS, logIndex=4952, commits[2573df58-4087-4dd0-8598-5abddcc696b9:c4953]
2019-06-13 21:51:47,601 INFO  client.GrpcClientProtocolClient (GrpcClientProtocolClient.java:onNext(254)) - client-9C97446E6A25->2573df58-4087-4dd0-8598-5abddcc696b9: receive RaftClientReply:client-9C97446E6A25->2573df58-4087-4dd0-8598-5abddcc696b9@group-CE3C0447B19C, cid=3017, SUCCESS, logIndex=4954, commits[2573df58-4087-4dd0-8598-5abddcc696b9:c4954]
2019-06-13 21:51:47,602 INFO  client.GrpcClientProtocolClient (GrpcClientProtocolClient.java:onNext(254)) - client-9C97446E6A25->2573df58-4087-4dd0-8598-5abddcc696b9: receive RaftClientReply:client-9C97446E6A25->2573df58-4087-4dd0-8598-5abddcc696b9@group-CE3C0447B19C, cid=3018, SUCCESS, logIndex=4956, commits[2573df58-4087-4dd0-8598-5abddcc696b9:c4956]
2019-06-13 21:51:47,603 INFO  client.GrpcClientProtocolClient (GrpcClientProtocolClient.java:onNext(254)) - client-9C97446E6A25->2573df58-4087-4dd0-8598-5abddcc696b9: receive RaftClientReply:client-9C97446E6A25->2573df58-4087-4dd0-8598-5abddcc696b9@group-CE3C0447B19C, cid=3019, SUCCESS, logIndex=4957, commits[2573df58-4087-4dd0-8598-5abddcc696b9:c4959]
2019-06-13 21:51:47,603 INFO  client.GrpcClientProtocolClient (GrpcClientProtocolClient.java:onNext(254)) - client-9C97446E6A25->2573df58-4087-4dd0-8598-5abddcc696b9: receive RaftClientReply:client-9C97446E6A25->2573df58-4087-4dd0-8598-5abddcc696b9@group-CE3C0447B19C, cid=3020, SUCCESS, logIndex=4958, commits[2573df58-4087-4dd0-8598-5abddcc696b9:c4959]
2019-06-13 21:51:47,608 INFO  client.GrpcClientProtocolClient (GrpcClientProtocolClient.java:onNext(254)) - client-9C97446E6A25->2573df58-4087-4dd0-8598-5abddcc696b9: receive RaftClientReply:client-9C97446E6A25->2573df58-4087-4dd0-8598-5abddcc696b9@group-CE3C0447B19C, cid=3021, SUCCESS, logIndex=4960, commits[2573df58-4087-4dd0-8598-5abddcc696b9:c4960]
2019-06-13 21:51:47,609 INFO  client.GrpcClientProtocolClient (GrpcClientProtocolClient.java:onNext(254)) - client-9C97446E6A25->2573df58-4087-4dd0-8598-5abddcc696b9: receive RaftClientReply:client-9C97446E6A25->2573df58-4087-4dd0-8598-5abddcc696b9@group-CE3C0447B19C, cid=3022, SUCCESS, logIndex=4962, commits[2573df58-4087-4dd0-8598-5abddcc696b9:c4962]
2019-06-13 21:51:47,611 INFO  client.GrpcClientProtocolClient (GrpcClientProtocolClient.java:onNext(254)) - client-9C97446E6A25->2573df58-4087-4dd0-8598-5abddcc696b9: receive RaftClientReply:client-9C97446E6A25->2573df58-4087-4dd0-8598-5abddcc696b9@group-CE3C0447B19C, cid=3023, SUCCESS, logIndex=4963, commits[2573df58-4087-4dd0-8598-5abddcc696b9:c4965]
2019-06-13 21:51:47,611 INFO  client.GrpcClientProtocolClient (GrpcClientProtocolClient.java:onNext(254)) - client-9C97446E6A25->2573df58-4087-4dd0-8598-5abddcc696b9: receive RaftClientReply:client-9C97446E6A25->2573df58-4087-4dd0-8598-5abddcc696b9@group-CE3C0447B19C, cid=3024, SUCCESS, logIndex=4964, commits[2573df58-4087-4dd0-8598-5abddcc696b9:c4965]
2019-06-13 21:51:47,653 DEBUG block.SCMBlockDeletingService (SCMBlockDeletingService.java:call(138)) - Running DeletedBlockTransactionScanner
2019-06-13 21:51:47,653 DEBUG block.SCMBlockDeletingService (SCMBlockDeletingService.java:call(155)) - Scanned deleted blocks log and got 0 delTX to process.
2019-06-13 21:51:47,660 INFO  client.GrpcClientProtocolClient (GrpcClientProtocolClient.java:onNext(254)) - client-9C97446E6A25->2573df58-4087-4dd0-8598-5abddcc696b9: receive RaftClientReply:client-9C97446E6A25->2573df58-4087-4dd0-8598-5abddcc696b9@group-CE3C0447B19C, cid=3025, SUCCESS, logIndex=4966, commits[2573df58-4087-4dd0-8598-5abddcc696b9:c4966]
2019-06-13 21:51:47,663 INFO  client.GrpcClientProtocolClient (GrpcClientProtocolClient.java:onNext(254)) - client-9C97446E6A25->2573df58-4087-4dd0-8598-5abddcc696b9: receive RaftClientReply:client-9C97446E6A25->2573df58-4087-4dd0-8598-5abddcc696b9@group-CE3C0447B19C, cid=3026, SUCCESS, logIndex=4968, commits[2573df58-4087-4dd0-8598-5abddcc696b9:c4970]
2019-06-13 21:51:47,663 INFO  client.GrpcClientProtocolClient (GrpcClientProtocolClient.java:onNext(254)) - client-9C97446E6A25->2573df58-4087-4dd0-8598-5abddcc696b9: receive RaftClientReply:client-9C97446E6A25->2573df58-4087-4dd0-8598-5abddcc696b9@group-CE3C0447B19C, cid=3027, SUCCESS, logIndex=4969, commits[2573df58-4087-4dd0-8598-5abddcc696b9:c4970]
2019-06-13 21:51:47,663 INFO  client.GrpcClientProtocolClient (GrpcClientProtocolClient.java:onNext(254)) - client-9C97446E6A25->2573df58-4087-4dd0-8598-5abddcc696b9: receive RaftClientReply:client-9C97446E6A25->2573df58-4087-4dd0-8598-5abddcc696b9@group-CE3C0447B19C, cid=3028, SUCCESS, logIndex=4970, commits[2573df58-4087-4dd0-8598-5abddcc696b9:c4971]
2019-06-13 21:51:47,670 INFO  client.GrpcClientProtocolClient (GrpcClientProtocolClient.java:onNext(254)) - client-9C97446E6A25->2573df58-4087-4dd0-8598-5abddcc696b9: receive RaftClientReply:client-9C97446E6A25->2573df58-4087-4dd0-8598-5abddcc696b9@group-CE3C0447B19C, cid=3029, SUCCESS, logIndex=4972, commits[2573df58-4087-4dd0-8598-5abddcc696b9:c4972]
2019-06-13 21:51:47,671 INFO  client.GrpcClientProtocolClient (GrpcClientProtocolClient.java:onNext(254)) - client-9C97446E6A25->2573df58-4087-4dd0-8598-5abddcc696b9: receive RaftClientReply:client-9C97446E6A25->2573df58-4087-4dd0-8598-5abddcc696b9@group-CE3C0447B19C, cid=3030, SUCCESS, logIndex=4974, commits[2573df58-4087-4dd0-8598-5abddcc696b9:c4974]
2019-06-13 21:51:47,672 INFO  client.GrpcClientProtocolClient (GrpcClientProtocolClient.java:onNext(254)) - client-9C97446E6A25->2573df58-4087-4dd0-8598-5abddcc696b9: receive RaftClientReply:client-9C97446E6A25->2573df58-4087-4dd0-8598-5abddcc696b9@group-CE3C0447B19C, cid=3031, SUCCESS, logIndex=4975, commits[2573df58-4087-4dd0-8598-5abddcc696b9:c4977]
2019-06-13 21:51:47,672 INFO  client.GrpcClientProtocolClient (GrpcClientProtocolClient.java:onNext(254)) - client-9C97446E6A25->2573df58-4087-4dd0-8598-5abddcc696b9: receive RaftClientReply:client-9C97446E6A25->2573df58-4087-4dd0-8598-5abddcc696b9@group-CE3C0447B19C, cid=3032, SUCCESS, logIndex=4976, commits[2573df58-4087-4dd0-8598-5abddcc696b9:c4977]
2019-06-13 21:51:47,681 INFO  client.GrpcClientProtocolClient (GrpcClientProtocolClient.java:onNext(254)) - client-9C97446E6A25->2573df58-4087-4dd0-8598-5abddcc696b9: receive RaftClientReply:client-9C97446E6A25->2573df58-4087-4dd0-8598-5abddcc696b9@group-CE3C0447B19C, cid=3033, SUCCESS, logIndex=4978, commits[2573df58-4087-4dd0-8598-5abddcc696b9:c4978]
2019-06-13 21:51:47,682 INFO  client.GrpcClientProtocolClient (GrpcClientProtocolClient.java:onNext(254)) - client-9C97446E6A25->2573df58-4087-4dd0-8598-5abddcc696b9: receive RaftClientReply:client-9C97446E6A25->2573df58-4087-4dd0-8598-5abddcc696b9@group-CE3C0447B19C, cid=3034, SUCCESS, logIndex=4980, commits[2573df58-4087-4dd0-8598-5abddcc696b9:c4980]
2019-06-13 21:51:47,683 INFO  client.GrpcClientProtocolClient (GrpcClientProtocolClient.java:onNext(254)) - client-9C97446E6A25->2573df58-4087-4dd0-8598-5abddcc696b9: receive RaftClientReply:client-9C97446E6A25->2573df58-4087-4dd0-8598-5abddcc696b9@group-CE3C0447B19C, cid=3035, SUCCESS, logIndex=4981, commits[2573df58-4087-4dd0-8598-5abddcc696b9:c4983]
2019-06-13 21:51:47,684 INFO  client.GrpcClientProtocolClient (GrpcClientProtocolClient.java:onNext(254)) - client-9C97446E6A25->2573df58-4087-4dd0-8598-5abddcc696b9: receive RaftClientReply:client-9C97446E6A25->2573df58-4087-4dd0-8598-5abddcc696b9@group-CE3C0447B19C, cid=3036, SUCCESS, logIndex=4982, commits[2573df58-4087-4dd0-8598-5abddcc696b9:c4983]
2019-06-13 21:51:47,689 INFO  client.GrpcClientProtocolClient (GrpcClientProtocolClient.java:onNext(254)) - client-9C97446E6A25->2573df58-4087-4dd0-8598-5abddcc696b9: receive RaftClientReply:client-9C97446E6A25->2573df58-4087-4dd0-8598-5abddcc696b9@group-CE3C0447B19C, cid=3037, SUCCESS, logIndex=4984, commits[2573df58-4087-4dd0-8598-5abddcc696b9:c4984]
2019-06-13 21:51:47,690 INFO  client.GrpcClientProtocolClient (GrpcClientProtocolClient.java:onNext(254)) - client-9C97446E6A25->2573df58-4087-4dd0-8598-5abddcc696b9: receive RaftClientReply:client-9C97446E6A25->2573df58-4087-4dd0-8598-5abddcc696b9@group-CE3C0447B19C, cid=3038, SUCCESS, logIndex=4986, commits[2573df58-4087-4dd0-8598-5abddcc696b9:c4986]
2019-06-13 21:51:47,691 INFO  client.GrpcClientProtocolClient (GrpcClientProtocolClient.java:onNext(254)) - client-9C97446E6A25->2573df58-4087-4dd0-8598-5abddcc696b9: receive RaftClientReply:client-9C97446E6A25->2573df58-4087-4dd0-8598-5abddcc696b9@group-CE3C0447B19C, cid=3039, SUCCESS, logIndex=4987, commits[2573df58-4087-4dd0-8598-5abddcc696b9:c4989]
2019-06-13 21:51:47,692 INFO  client.GrpcClientProtocolClient (GrpcClientProtocolClient.java:onNext(254)) - client-9C97446E6A25->2573df58-4087-4dd0-8598-5abddcc696b9: receive RaftClientReply:client-9C97446E6A25->2573df58-4087-4dd0-8598-5abddcc696b9@group-CE3C0447B19C, cid=3040, SUCCESS, logIndex=4988, commits[2573df58-4087-4dd0-8598-5abddcc696b9:c4989]
2019-06-13 21:51:47,701 INFO  client.GrpcClientProtocolClient (GrpcClientProtocolClient.java:onNext(254)) - client-9C97446E6A25->2573df58-4087-4dd0-8598-5abddcc696b9: receive RaftClientReply:client-9C97446E6A25->2573df58-4087-4dd0-8598-5abddcc696b9@group-CE3C0447B19C, cid=3041, SUCCESS, logIndex=4990, commits[2573df58-4087-4dd0-8598-5abddcc696b9:c4990]
2019-06-13 21:51:47,702 INFO  client.GrpcClientProtocolClient (GrpcClientProtocolClient.java:onNext(254)) - client-9C97446E6A25->2573df58-4087-4dd0-8598-5abddcc696b9: receive RaftClientReply:client-9C97446E6A25->2573df58-4087-4dd0-8598-5abddcc696b9@group-CE3C0447B19C, cid=3042, SUCCESS, logIndex=4992, commits[2573df58-4087-4dd0-8598-5abddcc696b9:c4992]
2019-06-13 21:51:47,703 INFO  client.GrpcClientProtocolClient (GrpcClientProtocolClient.java:onNext(254)) - client-9C97446E6A25->2573df58-4087-4dd0-8598-5abddcc696b9: receive RaftClientReply:client-9C97446E6A25->2573df58-4087-4dd0-8598-5abddcc696b9@group-CE3C0447B19C, cid=3043, SUCCESS, logIndex=4993, commits[2573df58-4087-4dd0-8598-5abddcc696b9:c4995]
2019-06-13 21:51:47,703 INFO  client.GrpcClientProtocolClient (GrpcClientProtocolClient.java:onNext(254)) - client-9C97446E6A25->2573df58-4087-4dd0-8598-5abddcc696b9: receive RaftClientReply:client-9C97446E6A25->2573df58-4087-4dd0-8598-5abddcc696b9@group-CE3C0447B19C, cid=3044, SUCCESS, logIndex=4994, commits[2573df58-4087-4dd0-8598-5abddcc696b9:c4995]
2019-06-13 21:51:47,708 INFO  client.GrpcClientProtocolClient (GrpcClientProtocolClient.java:onNext(254)) - client-9C97446E6A25->2573df58-4087-4dd0-8598-5abddcc696b9: receive RaftClientReply:client-9C97446E6A25->2573df58-4087-4dd0-8598-5abddcc696b9@group-CE3C0447B19C, cid=3045, SUCCESS, logIndex=4996, commits[2573df58-4087-4dd0-8598-5abddcc696b9:c4996]
2019-06-13 21:51:47,710 INFO  client.GrpcClientProtocolClient (GrpcClientProtocolClient.java:onNext(254)) - client-9C97446E6A25->2573df58-4087-4dd0-8598-5abddcc696b9: receive RaftClientReply:client-9C97446E6A25->2573df58-4087-4dd0-8598-5abddcc696b9@group-CE3C0447B19C, cid=3046, SUCCESS, logIndex=4998, commits[2573df58-4087-4dd0-8598-5abddcc696b9:c4998]
2019-06-13 21:51:47,711 INFO  client.GrpcClientProtocolClient (GrpcClientProtocolClient.java:onNext(254)) - client-9C97446E6A25->2573df58-4087-4dd0-8598-5abddcc696b9: receive RaftClientReply:client-9C97446E6A25->2573df58-4087-4dd0-8598-5abddcc696b9@group-CE3C0447B19C, cid=3047, SUCCESS, logIndex=4999, commits[2573df58-4087-4dd0-8598-5abddcc696b9:c5001]
2019-06-13 21:51:47,711 INFO  client.GrpcClientProtocolClient (GrpcClientProtocolClient.java:onNext(254)) - client-9C97446E6A25->2573df58-4087-4dd0-8598-5abddcc696b9: receive RaftClientReply:client-9C97446E6A25->2573df58-4087-4dd0-8598-5abddcc696b9@group-CE3C0447B19C, cid=3048, SUCCESS, logIndex=5000, commits[2573df58-4087-4dd0-8598-5abddcc696b9:c5001]
2019-06-13 21:51:47,721 INFO  client.GrpcClientProtocolClient (GrpcClientProtocolClient.java:onNext(254)) - client-9C97446E6A25->2573df58-4087-4dd0-8598-5abddcc696b9: receive RaftClientReply:client-9C97446E6A25->2573df58-4087-4dd0-8598-5abddcc696b9@group-CE3C0447B19C, cid=3049, SUCCESS, logIndex=5002, commits[2573df58-4087-4dd0-8598-5abddcc696b9:c5002]
2019-06-13 21:51:47,722 INFO  client.GrpcClientProtocolClient (GrpcClientProtocolClient.java:onNext(254)) - client-9C97446E6A25->2573df58-4087-4dd0-8598-5abddcc696b9: receive RaftClientReply:client-9C97446E6A25->2573df58-4087-4dd0-8598-5abddcc696b9@group-CE3C0447B19C, cid=3050, SUCCESS, logIndex=5004, commits[2573df58-4087-4dd0-8598-5abddcc696b9:c5004]
2019-06-13 21:51:47,753 DEBUG block.SCMBlockDeletingService (SCMBlockDeletingService.java:call(138)) - Running DeletedBlockTransactionScanner
2019-06-13 21:51:47,753 DEBUG block.SCMBlockDeletingService (SCMBlockDeletingService.java:call(155)) - Scanned deleted blocks log and got 0 delTX to process.
2019-06-13 21:51:47,792 INFO  client.GrpcClientProtocolClient (GrpcClientProtocolClient.java:onNext(254)) - client-9C97446E6A25->2573df58-4087-4dd0-8598-5abddcc696b9: receive RaftClientReply:client-9C97446E6A25->2573df58-4087-4dd0-8598-5abddcc696b9@group-CE3C0447B19C, cid=3051, SUCCESS, logIndex=5006, commits[2573df58-4087-4dd0-8598-5abddcc696b9:c5006]
2019-06-13 21:51:47,793 INFO  client.GrpcClientProtocolClient (GrpcClientProtocolClient.java:onNext(254)) - client-9C97446E6A25->2573df58-4087-4dd0-8598-5abddcc696b9: receive RaftClientReply:client-9C97446E6A25->2573df58-4087-4dd0-8598-5abddcc696b9@group-CE3C0447B19C, cid=3052, SUCCESS, logIndex=5008, commits[2573df58-4087-4dd0-8598-5abddcc696b9:c5008]
2019-06-13 21:51:47,799 INFO  client.GrpcClientProtocolClient (GrpcClientProtocolClient.java:onNext(254)) - client-9C97446E6A25->2573df58-4087-4dd0-8598-5abddcc696b9: receive RaftClientReply:client-9C97446E6A25->2573df58-4087-4dd0-8598-5abddcc696b9@group-CE3C0447B19C, cid=3053, SUCCESS, logIndex=5010, commits[2573df58-4087-4dd0-8598-5abddcc696b9:c5010]
2019-06-13 21:51:47,800 INFO  client.GrpcClientProtocolClient (GrpcClientProtocolClient.java:onNext(254)) - client-9C97446E6A25->2573df58-4087-4dd0-8598-5abddcc696b9: receive RaftClientReply:client-9C97446E6A25->2573df58-4087-4dd0-8598-5abddcc696b9@group-CE3C0447B19C, cid=3054, SUCCESS, logIndex=5012, commits[2573df58-4087-4dd0-8598-5abddcc696b9:c5012]
2019-06-13 21:51:47,801 INFO  client.GrpcClientProtocolClient (GrpcClientProtocolClient.java:onNext(254)) - client-9C97446E6A25->2573df58-4087-4dd0-8598-5abddcc696b9: receive RaftClientReply:client-9C97446E6A25->2573df58-4087-4dd0-8598-5abddcc696b9@group-CE3C0447B19C, cid=3055, SUCCESS, logIndex=5013, commits[2573df58-4087-4dd0-8598-5abddcc696b9:c5015]
2019-06-13 21:51:47,801 INFO  client.GrpcClientProtocolClient (GrpcClientProtocolClient.java:onNext(254)) - client-9C97446E6A25->2573df58-4087-4dd0-8598-5abddcc696b9: receive RaftClientReply:client-9C97446E6A25->2573df58-4087-4dd0-8598-5abddcc696b9@group-CE3C0447B19C, cid=3056, SUCCESS, logIndex=5014, commits[2573df58-4087-4dd0-8598-5abddcc696b9:c5015]
2019-06-13 21:51:47,809 INFO  storage.RaftLogWorker (RaftLogWorker.java:rollLogSegment(303)) - 2573df58-4087-4dd0-8598-5abddcc696b9-RaftLogWorker: Rolling segment log-4950_5015 to index:5015
2019-06-13 21:51:47,809 INFO  storage.RaftLogWorker (RaftLogWorker.java:execute(433)) - 2573df58-4087-4dd0-8598-5abddcc696b9-RaftLogWorker: Rolled log segment from /opt/src/hadoop-ozone/integration-test/target/test-dir/MiniOzoneClusterImpl-8578056e-9b7b-4e66-9e9f-ef53d5cd7c03/datanode-0/data/ratis/7f5c2536-ed89-4233-9ec0-ce3c0447b19c/current/log_inprogress_4950 to /opt/src/hadoop-ozone/integration-test/target/test-dir/MiniOzoneClusterImpl-8578056e-9b7b-4e66-9e9f-ef53d5cd7c03/datanode-0/data/ratis/7f5c2536-ed89-4233-9ec0-ce3c0447b19c/current/log_4950-5015
2019-06-13 21:51:47,845 INFO  storage.RaftLogWorker (RaftLogWorker.java:execute(469)) - 2573df58-4087-4dd0-8598-5abddcc696b9-RaftLogWorker: created new log segment /opt/src/hadoop-ozone/integration-test/target/test-dir/MiniOzoneClusterImpl-8578056e-9b7b-4e66-9e9f-ef53d5cd7c03/datanode-0/data/ratis/7f5c2536-ed89-4233-9ec0-ce3c0447b19c/current/log_inprogress_5016
2019-06-13 21:51:47,847 INFO  client.GrpcClientProtocolClient (GrpcClientProtocolClient.java:onNext(254)) - client-9C97446E6A25->2573df58-4087-4dd0-8598-5abddcc696b9: receive RaftClientReply:client-9C97446E6A25->2573df58-4087-4dd0-8598-5abddcc696b9@group-CE3C0447B19C, cid=3057, SUCCESS, logIndex=5016, commits[2573df58-4087-4dd0-8598-5abddcc696b9:c5016]
2019-06-13 21:51:47,848 INFO  client.GrpcClientProtocolClient (GrpcClientProtocolClient.java:onNext(254)) - client-9C97446E6A25->2573df58-4087-4dd0-8598-5abddcc696b9: receive RaftClientReply:client-9C97446E6A25->2573df58-4087-4dd0-8598-5abddcc696b9@group-CE3C0447B19C, cid=3058, SUCCESS, logIndex=5018, commits[2573df58-4087-4dd0-8598-5abddcc696b9:c5018]
2019-06-13 21:51:47,849 INFO  client.GrpcClientProtocolClient (GrpcClientProtocolClient.java:onNext(254)) - client-9C97446E6A25->2573df58-4087-4dd0-8598-5abddcc696b9: receive RaftClientReply:client-9C97446E6A25->2573df58-4087-4dd0-8598-5abddcc696b9@group-CE3C0447B19C, cid=3059, SUCCESS, logIndex=5019, commits[2573df58-4087-4dd0-8598-5abddcc696b9:c5021]
2019-06-13 21:51:47,849 INFO  client.GrpcClientProtocolClient (GrpcClientProtocolClient.java:onNext(254)) - client-9C97446E6A25->2573df58-4087-4dd0-8598-5abddcc696b9: receive RaftClientReply:client-9C97446E6A25->2573df58-4087-4dd0-8598-5abddcc696b9@group-CE3C0447B19C, cid=3060, SUCCESS, logIndex=5020, commits[2573df58-4087-4dd0-8598-5abddcc696b9:c5021]
2019-06-13 21:51:47,853 DEBUG block.SCMBlockDeletingService (SCMBlockDeletingService.java:call(138)) - Running DeletedBlockTransactionScanner
2019-06-13 21:51:47,854 DEBUG block.SCMBlockDeletingService (SCMBlockDeletingService.java:call(155)) - Scanned deleted blocks log and got 0 delTX to process.
2019-06-13 21:51:47,854 INFO  client.GrpcClientProtocolClient (GrpcClientProtocolClient.java:onNext(254)) - client-9C97446E6A25->2573df58-4087-4dd0-8598-5abddcc696b9: receive RaftClientReply:client-9C97446E6A25->2573df58-4087-4dd0-8598-5abddcc696b9@group-CE3C0447B19C, cid=3061, SUCCESS, logIndex=5022, commits[2573df58-4087-4dd0-8598-5abddcc696b9:c5022]
2019-06-13 21:51:47,855 INFO  client.GrpcClientProtocolClient (GrpcClientProtocolClient.java:onNext(254)) - client-9C97446E6A25->2573df58-4087-4dd0-8598-5abddcc696b9: receive RaftClientReply:client-9C97446E6A25->2573df58-4087-4dd0-8598-5abddcc696b9@group-CE3C0447B19C, cid=3062, SUCCESS, logIndex=5024, commits[2573df58-4087-4dd0-8598-5abddcc696b9:c5024]
2019-06-13 21:51:47,857 INFO  client.GrpcClientProtocolClient (GrpcClientProtocolClient.java:onNext(254)) - client-9C97446E6A25->2573df58-4087-4dd0-8598-5abddcc696b9: receive RaftClientReply:client-9C97446E6A25->2573df58-4087-4dd0-8598-5abddcc696b9@group-CE3C0447B19C, cid=3063, SUCCESS, logIndex=5025, commits[2573df58-4087-4dd0-8598-5abddcc696b9:c5027]
2019-06-13 21:51:47,857 INFO  client.GrpcClientProtocolClient (GrpcClientProtocolClient.java:onNext(254)) - client-9C97446E6A25->2573df58-4087-4dd0-8598-5abddcc696b9: receive RaftClientReply:client-9C97446E6A25->2573df58-4087-4dd0-8598-5abddcc696b9@group-CE3C0447B19C, cid=3064, SUCCESS, logIndex=5026, commits[2573df58-4087-4dd0-8598-5abddcc696b9:c5027]
2019-06-13 21:51:47,867 INFO  client.GrpcClientProtocolClient (GrpcClientProtocolClient.java:onNext(254)) - client-9C97446E6A25->2573df58-4087-4dd0-8598-5abddcc696b9: receive RaftClientReply:client-9C97446E6A25->2573df58-4087-4dd0-8598-5abddcc696b9@group-CE3C0447B19C, cid=3065, SUCCESS, logIndex=5028, commits[2573df58-4087-4dd0-8598-5abddcc696b9:c5028]
2019-06-13 21:51:47,869 INFO  client.GrpcClientProtocolClient (GrpcClientProtocolClient.java:onNext(254)) - client-9C97446E6A25->2573df58-4087-4dd0-8598-5abddcc696b9: receive RaftClientReply:client-9C97446E6A25->2573df58-4087-4dd0-8598-5abddcc696b9@group-CE3C0447B19C, cid=3066, SUCCESS, logIndex=5030, commits[2573df58-4087-4dd0-8598-5abddcc696b9:c5030]
2019-06-13 21:51:47,869 INFO  client.GrpcClientProtocolClient (GrpcClientProtocolClient.java:onNext(254)) - client-9C97446E6A25->2573df58-4087-4dd0-8598-5abddcc696b9: receive RaftClientReply:client-9C97446E6A25->2573df58-4087-4dd0-8598-5abddcc696b9@group-CE3C0447B19C, cid=3067, SUCCESS, logIndex=5031, commits[2573df58-4087-4dd0-8598-5abddcc696b9:c5033]
2019-06-13 21:51:47,869 INFO  client.GrpcClientProtocolClient (GrpcClientProtocolClient.java:onNext(254)) - client-9C97446E6A25->2573df58-4087-4dd0-8598-5abddcc696b9: receive RaftClientReply:client-9C97446E6A25->2573df58-4087-4dd0-8598-5abddcc696b9@group-CE3C0447B19C, cid=3068, SUCCESS, logIndex=5032, commits[2573df58-4087-4dd0-8598-5abddcc696b9:c5033]
2019-06-13 21:51:47,874 INFO  client.GrpcClientProtocolClient (GrpcClientProtocolClient.java:onNext(254)) - client-9C97446E6A25->2573df58-4087-4dd0-8598-5abddcc696b9: receive RaftClientReply:client-9C97446E6A25->2573df58-4087-4dd0-8598-5abddcc696b9@group-CE3C0447B19C, cid=3069, SUCCESS, logIndex=5034, commits[2573df58-4087-4dd0-8598-5abddcc696b9:c5034]
2019-06-13 21:51:47,876 INFO  client.GrpcClientProtocolClient (GrpcClientProtocolClient.java:onNext(254)) - client-9C97446E6A25->2573df58-4087-4dd0-8598-5abddcc696b9: receive RaftClientReply:client-9C97446E6A25->2573df58-4087-4dd0-8598-5abddcc696b9@group-CE3C0447B19C, cid=3070, SUCCESS, logIndex=5036, commits[2573df58-4087-4dd0-8598-5abddcc696b9:c5036]
2019-06-13 21:51:47,877 INFO  client.GrpcClientProtocolClient (GrpcClientProtocolClient.java:onNext(254)) - client-9C97446E6A25->2573df58-4087-4dd0-8598-5abddcc696b9: receive RaftClientReply:client-9C97446E6A25->2573df58-4087-4dd0-8598-5abddcc696b9@group-CE3C0447B19C, cid=3071, SUCCESS, logIndex=5037, commits[2573df58-4087-4dd0-8598-5abddcc696b9:c5039]
2019-06-13 21:51:47,877 INFO  client.GrpcClientProtocolClient (GrpcClientProtocolClient.java:onNext(254)) - client-9C97446E6A25->2573df58-4087-4dd0-8598-5abddcc696b9: receive RaftClientReply:client-9C97446E6A25->2573df58-4087-4dd0-8598-5abddcc696b9@group-CE3C0447B19C, cid=3072, SUCCESS, logIndex=5038, commits[2573df58-4087-4dd0-8598-5abddcc696b9:c5039]
2019-06-13 21:51:47,889 INFO  client.GrpcClientProtocolClient (GrpcClientProtocolClient.java:onNext(254)) - client-9C97446E6A25->2573df58-4087-4dd0-8598-5abddcc696b9: receive RaftClientReply:client-9C97446E6A25->2573df58-4087-4dd0-8598-5abddcc696b9@group-CE3C0447B19C, cid=3073, SUCCESS, logIndex=5040, commits[2573df58-4087-4dd0-8598-5abddcc696b9:c5040]
2019-06-13 21:51:47,891 INFO  client.GrpcClientProtocolClient (GrpcClientProtocolClient.java:onNext(254)) - client-9C97446E6A25->2573df58-4087-4dd0-8598-5abddcc696b9: receive RaftClientReply:client-9C97446E6A25->2573df58-4087-4dd0-8598-5abddcc696b9@group-CE3C0447B19C, cid=3074, SUCCESS, logIndex=5042, commits[2573df58-4087-4dd0-8598-5abddcc696b9:c5042]
2019-06-13 21:51:47,892 INFO  client.GrpcClientProtocolClient (GrpcClientProtocolClient.java:onNext(254)) - client-9C97446E6A25->2573df58-4087-4dd0-8598-5abddcc696b9: receive RaftClientReply:client-9C97446E6A25->2573df58-4087-4dd0-8598-5abddcc696b9@group-CE3C0447B19C, cid=3075, SUCCESS, logIndex=5043, commits[2573df58-4087-4dd0-8598-5abddcc696b9:c5045]
2019-06-13 21:51:47,892 INFO  client.GrpcClientProtocolClient (GrpcClientProtocolClient.java:onNext(254)) - client-9C97446E6A25->2573df58-4087-4dd0-8598-5abddcc696b9: receive RaftClientReply:client-9C97446E6A25->2573df58-4087-4dd0-8598-5abddcc696b9@group-CE3C0447B19C, cid=3076, SUCCESS, logIndex=5044, commits[2573df58-4087-4dd0-8598-5abddcc696b9:c5045]
2019-06-13 21:51:47,897 INFO  client.GrpcClientProtocolClient (GrpcClientProtocolClient.java:onNext(254)) - client-9C97446E6A25->2573df58-4087-4dd0-8598-5abddcc696b9: receive RaftClientReply:client-9C97446E6A25->2573df58-4087-4dd0-8598-5abddcc696b9@group-CE3C0447B19C, cid=3077, SUCCESS, logIndex=5046, commits[2573df58-4087-4dd0-8598-5abddcc696b9:c5046]
2019-06-13 21:51:47,899 INFO  client.GrpcClientProtocolClient (GrpcClientProtocolClient.java:onNext(254)) - client-9C97446E6A25->2573df58-4087-4dd0-8598-5abddcc696b9: receive RaftClientReply:client-9C97446E6A25->2573df58-4087-4dd0-8598-5abddcc696b9@group-CE3C0447B19C, cid=3078, SUCCESS, logIndex=5048, commits[2573df58-4087-4dd0-8598-5abddcc696b9:c5048]
2019-06-13 21:51:47,903 INFO  client.GrpcClientProtocolClient (GrpcClientProtocolClient.java:onNext(254)) - client-9C97446E6A25->2573df58-4087-4dd0-8598-5abddcc696b9: receive RaftClientReply:client-9C97446E6A25->2573df58-4087-4dd0-8598-5abddcc696b9@group-CE3C0447B19C, cid=3079, SUCCESS, logIndex=5049, commits[2573df58-4087-4dd0-8598-5abddcc696b9:c5049]
2019-06-13 21:51:47,903 INFO  client.GrpcClientProtocolClient (GrpcClientProtocolClient.java:onNext(254)) - client-9C97446E6A25->2573df58-4087-4dd0-8598-5abddcc696b9: receive RaftClientReply:client-9C97446E6A25->2573df58-4087-4dd0-8598-5abddcc696b9@group-CE3C0447B19C, cid=3080, SUCCESS, logIndex=5051, commits[2573df58-4087-4dd0-8598-5abddcc696b9:c5052]
2019-06-13 21:51:47,913 INFO  client.GrpcClientProtocolClient (GrpcClientProtocolClient.java:onNext(254)) - client-9C97446E6A25->2573df58-4087-4dd0-8598-5abddcc696b9: receive RaftClientReply:client-9C97446E6A25->2573df58-4087-4dd0-8598-5abddcc696b9@group-CE3C0447B19C, cid=3081, SUCCESS, logIndex=5053, commits[2573df58-4087-4dd0-8598-5abddcc696b9:c5053]
2019-06-13 21:51:47,915 INFO  client.GrpcClientProtocolClient (GrpcClientProtocolClient.java:onNext(254)) - client-9C97446E6A25->2573df58-4087-4dd0-8598-5abddcc696b9: receive RaftClientReply:client-9C97446E6A25->2573df58-4087-4dd0-8598-5abddcc696b9@group-CE3C0447B19C, cid=3082, SUCCESS, logIndex=5055, commits[2573df58-4087-4dd0-8598-5abddcc696b9:c5055]
2019-06-13 21:51:47,916 INFO  client.GrpcClientProtocolClient (GrpcClientProtocolClient.java:onNext(254)) - client-9C97446E6A25->2573df58-4087-4dd0-8598-5abddcc696b9: receive RaftClientReply:client-9C97446E6A25->2573df58-4087-4dd0-8598-5abddcc696b9@group-CE3C0447B19C, cid=3083, SUCCESS, logIndex=5056, commits[2573df58-4087-4dd0-8598-5abddcc696b9:c5057]
2019-06-13 21:51:47,916 INFO  client.GrpcClientProtocolClient (GrpcClientProtocolClient.java:onNext(254)) - client-9C97446E6A25->2573df58-4087-4dd0-8598-5abddcc696b9: receive RaftClientReply:client-9C97446E6A25->2573df58-4087-4dd0-8598-5abddcc696b9@group-CE3C0447B19C, cid=3084, SUCCESS, logIndex=5057, commits[2573df58-4087-4dd0-8598-5abddcc696b9:c5057]
2019-06-13 21:51:47,927 INFO  client.GrpcClientProtocolClient (GrpcClientProtocolClient.java:onNext(254)) - client-9C97446E6A25->2573df58-4087-4dd0-8598-5abddcc696b9: receive RaftClientReply:client-9C97446E6A25->2573df58-4087-4dd0-8598-5abddcc696b9@group-CE3C0447B19C, cid=3085, SUCCESS, logIndex=5060, commits[2573df58-4087-4dd0-8598-5abddcc696b9:c5061]
2019-06-13 21:51:47,929 INFO  client.GrpcClientProtocolClient (GrpcClientProtocolClient.java:onNext(254)) - client-9C97446E6A25->2573df58-4087-4dd0-8598-5abddcc696b9: receive RaftClientReply:client-9C97446E6A25->2573df58-4087-4dd0-8598-5abddcc696b9@group-CE3C0447B19C, cid=3086, SUCCESS, logIndex=5062, commits[2573df58-4087-4dd0-8598-5abddcc696b9:c5062]
2019-06-13 21:51:47,930 INFO  client.GrpcClientProtocolClient (GrpcClientProtocolClient.java:onNext(254)) - client-9C97446E6A25->2573df58-4087-4dd0-8598-5abddcc696b9: receive RaftClientReply:client-9C97446E6A25->2573df58-4087-4dd0-8598-5abddcc696b9@group-CE3C0447B19C, cid=3087, SUCCESS, logIndex=5063, commits[2573df58-4087-4dd0-8598-5abddcc696b9:c5065]
2019-06-13 21:51:47,930 INFO  client.GrpcClientProtocolClient (GrpcClientProtocolClient.java:onNext(254)) - client-9C97446E6A25->2573df58-4087-4dd0-8598-5abddcc696b9: receive RaftClientReply:client-9C97446E6A25->2573df58-4087-4dd0-8598-5abddcc696b9@group-CE3C0447B19C, cid=3088, SUCCESS, logIndex=5064, commits[2573df58-4087-4dd0-8598-5abddcc696b9:c5065]
2019-06-13 21:51:47,941 INFO  client.GrpcClientProtocolClient (GrpcClientProtocolClient.java:onNext(254)) - client-9C97446E6A25->2573df58-4087-4dd0-8598-5abddcc696b9: receive RaftClientReply:client-9C97446E6A25->2573df58-4087-4dd0-8598-5abddcc696b9@group-CE3C0447B19C, cid=3089, SUCCESS, logIndex=5066, commits[2573df58-4087-4dd0-8598-5abddcc696b9:c5066]
2019-06-13 21:51:47,943 INFO  client.GrpcClientProtocolClient (GrpcClientProtocolClient.java:onNext(254)) - client-9C97446E6A25->2573df58-4087-4dd0-8598-5abddcc696b9: receive RaftClientReply:client-9C97446E6A25->2573df58-4087-4dd0-8598-5abddcc696b9@group-CE3C0447B19C, cid=3090, SUCCESS, logIndex=5068, commits[2573df58-4087-4dd0-8598-5abddcc696b9:c5068]
2019-06-13 21:51:47,943 INFO  client.GrpcClientProtocolClient (GrpcClientProtocolClient.java:onNext(254)) - client-9C97446E6A25->2573df58-4087-4dd0-8598-5abddcc696b9: receive RaftClientReply:client-9C97446E6A25->2573df58-4087-4dd0-8598-5abddcc696b9@group-CE3C0447B19C, cid=3091, SUCCESS, logIndex=5069, commits[2573df58-4087-4dd0-8598-5abddcc696b9:c5071]
2019-06-13 21:51:47,944 INFO  client.GrpcClientProtocolClient (GrpcClientProtocolClient.java:onNext(254)) - client-9C97446E6A25->2573df58-4087-4dd0-8598-5abddcc696b9: receive RaftClientReply:client-9C97446E6A25->2573df58-4087-4dd0-8598-5abddcc696b9@group-CE3C0447B19C, cid=3092, SUCCESS, logIndex=5070, commits[2573df58-4087-4dd0-8598-5abddcc696b9:c5071]
2019-06-13 21:51:47,948 INFO  client.GrpcClientProtocolClient (GrpcClientProtocolClient.java:onNext(254)) - client-9C97446E6A25->2573df58-4087-4dd0-8598-5abddcc696b9: receive RaftClientReply:client-9C97446E6A25->2573df58-4087-4dd0-8598-5abddcc696b9@group-CE3C0447B19C, cid=3093, SUCCESS, logIndex=5072, commits[2573df58-4087-4dd0-8598-5abddcc696b9:c5072]
2019-06-13 21:51:47,950 INFO  client.GrpcClientProtocolClient (GrpcClientProtocolClient.java:onNext(254)) - client-9C97446E6A25->2573df58-4087-4dd0-8598-5abddcc696b9: receive RaftClientReply:client-9C97446E6A25->2573df58-4087-4dd0-8598-5abddcc696b9@group-CE3C0447B19C, cid=3094, SUCCESS, logIndex=5074, commits[2573df58-4087-4dd0-8598-5abddcc696b9:c5074]
2019-06-13 21:51:47,954 DEBUG block.SCMBlockDeletingService (SCMBlockDeletingService.java:call(138)) - Running DeletedBlockTransactionScanner
2019-06-13 21:51:47,954 DEBUG block.SCMBlockDeletingService (SCMBlockDeletingService.java:call(155)) - Scanned deleted blocks log and got 0 delTX to process.
2019-06-13 21:51:48,017 INFO  client.GrpcClientProtocolClient (GrpcClientProtocolClient.java:onNext(254)) - client-9C97446E6A25->2573df58-4087-4dd0-8598-5abddcc696b9: receive RaftClientReply:client-9C97446E6A25->2573df58-4087-4dd0-8598-5abddcc696b9@group-CE3C0447B19C, cid=3095, SUCCESS, logIndex=5076, commits[2573df58-4087-4dd0-8598-5abddcc696b9:c5076]
2019-06-13 21:51:48,018 INFO  client.GrpcClientProtocolClient (GrpcClientProtocolClient.java:onNext(254)) - client-9C97446E6A25->2573df58-4087-4dd0-8598-5abddcc696b9: receive RaftClientReply:client-9C97446E6A25->2573df58-4087-4dd0-8598-5abddcc696b9@group-CE3C0447B19C, cid=3096, SUCCESS, logIndex=5078, commits[2573df58-4087-4dd0-8598-5abddcc696b9:c5078]
2019-06-13 21:51:48,028 INFO  client.GrpcClientProtocolClient (GrpcClientProtocolClient.java:onNext(254)) - client-9C97446E6A25->2573df58-4087-4dd0-8598-5abddcc696b9: receive RaftClientReply:client-9C97446E6A25->2573df58-4087-4dd0-8598-5abddcc696b9@group-CE3C0447B19C, cid=3097, SUCCESS, logIndex=5080, commits[2573df58-4087-4dd0-8598-5abddcc696b9:c5080]
2019-06-13 21:51:48,030 INFO  client.GrpcClientProtocolClient (GrpcClientProtocolClient.java:onNext(254)) - client-9C97446E6A25->2573df58-4087-4dd0-8598-5abddcc696b9: receive RaftClientReply:client-9C97446E6A25->2573df58-4087-4dd0-8598-5abddcc696b9@group-CE3C0447B19C, cid=3098, SUCCESS, logIndex=5082, commits[2573df58-4087-4dd0-8598-5abddcc696b9:c5082]
2019-06-13 21:51:48,031 INFO  client.GrpcClientProtocolClient (GrpcClientProtocolClient.java:onNext(254)) - client-9C97446E6A25->2573df58-4087-4dd0-8598-5abddcc696b9: receive RaftClientReply:client-9C97446E6A25->2573df58-4087-4dd0-8598-5abddcc696b9@group-CE3C0447B19C, cid=3099, SUCCESS, logIndex=5083, commits[2573df58-4087-4dd0-8598-5abddcc696b9:c5085]
2019-06-13 21:51:48,031 INFO  client.GrpcClientProtocolClient (GrpcClientProtocolClient.java:onNext(254)) - client-9C97446E6A25->2573df58-4087-4dd0-8598-5abddcc696b9: receive RaftClientReply:client-9C97446E6A25->2573df58-4087-4dd0-8598-5abddcc696b9@group-CE3C0447B19C, cid=3100, SUCCESS, logIndex=5084, commits[2573df58-4087-4dd0-8598-5abddcc696b9:c5085]
2019-06-13 21:51:48,070 DEBUG block.SCMBlockDeletingService (SCMBlockDeletingService.java:call(138)) - Running DeletedBlockTransactionScanner
2019-06-13 21:51:48,070 DEBUG block.SCMBlockDeletingService (SCMBlockDeletingService.java:call(155)) - Scanned deleted blocks log and got 0 delTX to process.
2019-06-13 21:51:48,072 INFO  storage.RaftLogWorker (RaftLogWorker.java:rollLogSegment(303)) - 2573df58-4087-4dd0-8598-5abddcc696b9-RaftLogWorker: Rolling segment log-5016_5085 to index:5085
2019-06-13 21:51:48,073 INFO  storage.RaftLogWorker (RaftLogWorker.java:execute(433)) - 2573df58-4087-4dd0-8598-5abddcc696b9-RaftLogWorker: Rolled log segment from /opt/src/hadoop-ozone/integration-test/target/test-dir/MiniOzoneClusterImpl-8578056e-9b7b-4e66-9e9f-ef53d5cd7c03/datanode-0/data/ratis/7f5c2536-ed89-4233-9ec0-ce3c0447b19c/current/log_inprogress_5016 to /opt/src/hadoop-ozone/integration-test/target/test-dir/MiniOzoneClusterImpl-8578056e-9b7b-4e66-9e9f-ef53d5cd7c03/datanode-0/data/ratis/7f5c2536-ed89-4233-9ec0-ce3c0447b19c/current/log_5016-5085
2019-06-13 21:51:48,109 INFO  storage.RaftLogWorker (RaftLogWorker.java:execute(469)) - 2573df58-4087-4dd0-8598-5abddcc696b9-RaftLogWorker: created new log segment /opt/src/hadoop-ozone/integration-test/target/test-dir/MiniOzoneClusterImpl-8578056e-9b7b-4e66-9e9f-ef53d5cd7c03/datanode-0/data/ratis/7f5c2536-ed89-4233-9ec0-ce3c0447b19c/current/log_inprogress_5086
2019-06-13 21:51:48,110 INFO  client.GrpcClientProtocolClient (GrpcClientProtocolClient.java:onNext(254)) - client-9C97446E6A25->2573df58-4087-4dd0-8598-5abddcc696b9: receive RaftClientReply:client-9C97446E6A25->2573df58-4087-4dd0-8598-5abddcc696b9@group-CE3C0447B19C, cid=3101, SUCCESS, logIndex=5086, commits[2573df58-4087-4dd0-8598-5abddcc696b9:c5086]
2019-06-13 21:51:48,111 INFO  client.GrpcClientProtocolClient (GrpcClientProtocolClient.java:onNext(254)) - client-9C97446E6A25->2573df58-4087-4dd0-8598-5abddcc696b9: receive RaftClientReply:client-9C97446E6A25->2573df58-4087-4dd0-8598-5abddcc696b9@group-CE3C0447B19C, cid=3102, SUCCESS, logIndex=5088, commits[2573df58-4087-4dd0-8598-5abddcc696b9:c5088]
2019-06-13 21:51:48,113 INFO  client.GrpcClientProtocolClient (GrpcClientProtocolClient.java:onNext(254)) - client-9C97446E6A25->2573df58-4087-4dd0-8598-5abddcc696b9: receive RaftClientReply:client-9C97446E6A25->2573df58-4087-4dd0-8598-5abddcc696b9@group-CE3C0447B19C, cid=3103, SUCCESS, logIndex=5090, commits[2573df58-4087-4dd0-8598-5abddcc696b9:c5091]
2019-06-13 21:51:48,113 INFO  client.GrpcClientProtocolClient (GrpcClientProtocolClient.java:onNext(254)) - client-9C97446E6A25->2573df58-4087-4dd0-8598-5abddcc696b9: receive RaftClientReply:client-9C97446E6A25->2573df58-4087-4dd0-8598-5abddcc696b9@group-CE3C0447B19C, cid=3104, SUCCESS, logIndex=5091, commits[2573df58-4087-4dd0-8598-5abddcc696b9:c5091]
2019-06-13 21:51:48,125 INFO  client.GrpcClientProtocolClient (GrpcClientProtocolClient.java:onNext(254)) - client-9C97446E6A25->2573df58-4087-4dd0-8598-5abddcc696b9: receive RaftClientReply:client-9C97446E6A25->2573df58-4087-4dd0-8598-5abddcc696b9@group-CE3C0447B19C, cid=3105, SUCCESS, logIndex=5093, commits[2573df58-4087-4dd0-8598-5abddcc696b9:c5093]
2019-06-13 21:51:48,127 INFO  client.GrpcClientProtocolClient (GrpcClientProtocolClient.java:onNext(254)) - client-9C97446E6A25->2573df58-4087-4dd0-8598-5abddcc696b9: receive RaftClientReply:client-9C97446E6A25->2573df58-4087-4dd0-8598-5abddcc696b9@group-CE3C0447B19C, cid=3106, SUCCESS, logIndex=5095, commits[2573df58-4087-4dd0-8598-5abddcc696b9:c5097]
2019-06-13 21:51:48,131 INFO  client.GrpcClientProtocolClient (GrpcClientProtocolClient.java:onNext(254)) - client-9C97446E6A25->2573df58-4087-4dd0-8598-5abddcc696b9: receive RaftClientReply:client-9C97446E6A25->2573df58-4087-4dd0-8598-5abddcc696b9@group-CE3C0447B19C, cid=3107, SUCCESS, logIndex=5096, commits[2573df58-4087-4dd0-8598-5abddcc696b9:c5097]
2019-06-13 21:51:48,131 INFO  client.GrpcClientProtocolClient (GrpcClientProtocolClient.java:onNext(254)) - client-9C97446E6A25->2573df58-4087-4dd0-8598-5abddcc696b9: receive RaftClientReply:client-9C97446E6A25->2573df58-4087-4dd0-8598-5abddcc696b9@group-CE3C0447B19C, cid=3108, SUCCESS, logIndex=5097, commits[2573df58-4087-4dd0-8598-5abddcc696b9:c5097]
2019-06-13 21:51:48,137 INFO  client.GrpcClientProtocolClient (GrpcClientProtocolClient.java:onNext(254)) - client-9C97446E6A25->2573df58-4087-4dd0-8598-5abddcc696b9: receive RaftClientReply:client-9C97446E6A25->2573df58-4087-4dd0-8598-5abddcc696b9@group-CE3C0447B19C, cid=3109, SUCCESS, logIndex=5099, commits[2573df58-4087-4dd0-8598-5abddcc696b9:c5099]
2019-06-13 21:51:48,138 INFO  client.GrpcClientProtocolClient (GrpcClientProtocolClient.java:onNext(254)) - client-9C97446E6A25->2573df58-4087-4dd0-8598-5abddcc696b9: receive RaftClientReply:client-9C97446E6A25->2573df58-4087-4dd0-8598-5abddcc696b9@group-CE3C0447B19C, cid=3110, SUCCESS, logIndex=5101, commits[2573df58-4087-4dd0-8598-5abddcc696b9:c5101]
2019-06-13 21:51:48,141 INFO  client.GrpcClientProtocolClient (GrpcClientProtocolClient.java:onNext(254)) - client-9C97446E6A25->2573df58-4087-4dd0-8598-5abddcc696b9: receive RaftClientReply:client-9C97446E6A25->2573df58-4087-4dd0-8598-5abddcc696b9@group-CE3C0447B19C, cid=3111, SUCCESS, logIndex=5103, commits[2573df58-4087-4dd0-8598-5abddcc696b9:c5104]
2019-06-13 21:51:48,141 INFO  client.GrpcClientProtocolClient (GrpcClientProtocolClient.java:onNext(254)) - client-9C97446E6A25->2573df58-4087-4dd0-8598-5abddcc696b9: receive RaftClientReply:client-9C97446E6A25->2573df58-4087-4dd0-8598-5abddcc696b9@group-CE3C0447B19C, cid=3112, SUCCESS, logIndex=5104, commits[2573df58-4087-4dd0-8598-5abddcc696b9:c5105]
2019-06-13 21:51:48,153 INFO  client.GrpcClientProtocolClient (GrpcClientProtocolClient.java:onNext(254)) - client-9C97446E6A25->2573df58-4087-4dd0-8598-5abddcc696b9: receive RaftClientReply:client-9C97446E6A25->2573df58-4087-4dd0-8598-5abddcc696b9@group-CE3C0447B19C, cid=3113, SUCCESS, logIndex=5106, commits[2573df58-4087-4dd0-8598-5abddcc696b9:c5106]
2019-06-13 21:51:48,155 INFO  client.GrpcClientProtocolClient (GrpcClientProtocolClient.java:onNext(254)) - client-9C97446E6A25->2573df58-4087-4dd0-8598-5abddcc696b9: receive RaftClientReply:client-9C97446E6A25->2573df58-4087-4dd0-8598-5abddcc696b9@group-CE3C0447B19C, cid=3114, SUCCESS, logIndex=5108, commits[2573df58-4087-4dd0-8598-5abddcc696b9:c5108]
2019-06-13 21:51:48,156 INFO  client.GrpcClientProtocolClient (GrpcClientProtocolClient.java:onNext(254)) - client-9C97446E6A25->2573df58-4087-4dd0-8598-5abddcc696b9: receive RaftClientReply:client-9C97446E6A25->2573df58-4087-4dd0-8598-5abddcc696b9@group-CE3C0447B19C, cid=3115, SUCCESS, logIndex=5109, commits[2573df58-4087-4dd0-8598-5abddcc696b9:c5111]
2019-06-13 21:51:48,156 INFO  client.GrpcClientProtocolClient (GrpcClientProtocolClient.java:onNext(254)) - client-9C97446E6A25->2573df58-4087-4dd0-8598-5abddcc696b9: receive RaftClientReply:client-9C97446E6A25->2573df58-4087-4dd0-8598-5abddcc696b9@group-CE3C0447B19C, cid=3116, SUCCESS, logIndex=5111, commits[2573df58-4087-4dd0-8598-5abddcc696b9:c5111]
2019-06-13 21:51:48,161 INFO  client.GrpcClientProtocolClient (GrpcClientProtocolClient.java:onNext(254)) - client-9C97446E6A25->2573df58-4087-4dd0-8598-5abddcc696b9: receive RaftClientReply:client-9C97446E6A25->2573df58-4087-4dd0-8598-5abddcc696b9@group-CE3C0447B19C, cid=3117, SUCCESS, logIndex=5113, commits[2573df58-4087-4dd0-8598-5abddcc696b9:c5113]
2019-06-13 21:51:48,163 INFO  client.GrpcClientProtocolClient (GrpcClientProtocolClient.java:onNext(254)) - client-9C97446E6A25->2573df58-4087-4dd0-8598-5abddcc696b9: receive RaftClientReply:client-9C97446E6A25->2573df58-4087-4dd0-8598-5abddcc696b9@group-CE3C0447B19C, cid=3118, SUCCESS, logIndex=5115, commits[2573df58-4087-4dd0-8598-5abddcc696b9:c5115]
2019-06-13 21:51:48,163 INFO  client.GrpcClientProtocolClient (GrpcClientProtocolClient.java:onNext(254)) - client-9C97446E6A25->2573df58-4087-4dd0-8598-5abddcc696b9: receive RaftClientReply:client-9C97446E6A25->2573df58-4087-4dd0-8598-5abddcc696b9@group-CE3C0447B19C, cid=3119, SUCCESS, logIndex=5116, commits[2573df58-4087-4dd0-8598-5abddcc696b9:c5116]
2019-06-13 21:51:48,164 INFO  client.GrpcClientProtocolClient (GrpcClientProtocolClient.java:onNext(254)) - client-9C97446E6A25->2573df58-4087-4dd0-8598-5abddcc696b9: receive RaftClientReply:client-9C97446E6A25->2573df58-4087-4dd0-8598-5abddcc696b9@group-CE3C0447B19C, cid=3120, SUCCESS, logIndex=5118, commits[2573df58-4087-4dd0-8598-5abddcc696b9:c5118]
2019-06-13 21:51:48,170 DEBUG block.SCMBlockDeletingService (SCMBlockDeletingService.java:call(138)) - Running DeletedBlockTransactionScanner
2019-06-13 21:51:48,171 DEBUG block.SCMBlockDeletingService (SCMBlockDeletingService.java:call(155)) - Scanned deleted blocks log and got 0 delTX to process.
2019-06-13 21:51:48,173 INFO  client.GrpcClientProtocolClient (GrpcClientProtocolClient.java:onNext(254)) - client-9C97446E6A25->2573df58-4087-4dd0-8598-5abddcc696b9: receive RaftClientReply:client-9C97446E6A25->2573df58-4087-4dd0-8598-5abddcc696b9@group-CE3C0447B19C, cid=3121, SUCCESS, logIndex=5121, commits[2573df58-4087-4dd0-8598-5abddcc696b9:c5121]
2019-06-13 21:51:48,174 INFO  client.GrpcClientProtocolClient (GrpcClientProtocolClient.java:onNext(254)) - client-9C97446E6A25->2573df58-4087-4dd0-8598-5abddcc696b9: receive RaftClientReply:client-9C97446E6A25->2573df58-4087-4dd0-8598-5abddcc696b9@group-CE3C0447B19C, cid=3122, SUCCESS, logIndex=5123, commits[2573df58-4087-4dd0-8598-5abddcc696b9:c5123]
2019-06-13 21:51:48,175 INFO  client.GrpcClientProtocolClient (GrpcClientProtocolClient.java:onNext(254)) - client-9C97446E6A25->2573df58-4087-4dd0-8598-5abddcc696b9: receive RaftClientReply:client-9C97446E6A25->2573df58-4087-4dd0-8598-5abddcc696b9@group-CE3C0447B19C, cid=3123, SUCCESS, logIndex=5124, commits[2573df58-4087-4dd0-8598-5abddcc696b9:c5126]
2019-06-13 21:51:48,175 INFO  client.GrpcClientProtocolClient (GrpcClientProtocolClient.java:onNext(254)) - client-9C97446E6A25->2573df58-4087-4dd0-8598-5abddcc696b9: receive RaftClientReply:client-9C97446E6A25->2573df58-4087-4dd0-8598-5abddcc696b9@group-CE3C0447B19C, cid=3124, SUCCESS, logIndex=5125, commits[2573df58-4087-4dd0-8598-5abddcc696b9:c5126]
2019-06-13 21:51:48,180 INFO  client.GrpcClientProtocolClient (GrpcClientProtocolClient.java:onNext(254)) - client-9C97446E6A25->2573df58-4087-4dd0-8598-5abddcc696b9: receive RaftClientReply:client-9C97446E6A25->2573df58-4087-4dd0-8598-5abddcc696b9@group-CE3C0447B19C, cid=3125, SUCCESS, logIndex=5127, commits[2573df58-4087-4dd0-8598-5abddcc696b9:c5127]
2019-06-13 21:51:48,181 INFO  client.GrpcClientProtocolClient (GrpcClientProtocolClient.java:onNext(254)) - client-9C97446E6A25->2573df58-4087-4dd0-8598-5abddcc696b9: receive RaftClientReply:client-9C97446E6A25->2573df58-4087-4dd0-8598-5abddcc696b9@group-CE3C0447B19C, cid=3126, SUCCESS, logIndex=5129, commits[2573df58-4087-4dd0-8598-5abddcc696b9:c5129]
2019-06-13 21:51:48,182 INFO  client.GrpcClientProtocolClient (GrpcClientProtocolClient.java:onNext(254)) - client-9C97446E6A25->2573df58-4087-4dd0-8598-5abddcc696b9: receive RaftClientReply:client-9C97446E6A25->2573df58-4087-4dd0-8598-5abddcc696b9@group-CE3C0447B19C, cid=3127, SUCCESS, logIndex=5130, commits[2573df58-4087-4dd0-8598-5abddcc696b9:c5132]
2019-06-13 21:51:48,183 INFO  client.GrpcClientProtocolClient (GrpcClientProtocolClient.java:onNext(254)) - client-9C97446E6A25->2573df58-4087-4dd0-8598-5abddcc696b9: receive RaftClientReply:client-9C97446E6A25->2573df58-4087-4dd0-8598-5abddcc696b9@group-CE3C0447B19C, cid=3128, SUCCESS, logIndex=5131, commits[2573df58-4087-4dd0-8598-5abddcc696b9:c5132]
2019-06-13 21:51:48,192 INFO  client.GrpcClientProtocolClient (GrpcClientProtocolClient.java:onNext(254)) - client-9C97446E6A25->2573df58-4087-4dd0-8598-5abddcc696b9: receive RaftClientReply:client-9C97446E6A25->2573df58-4087-4dd0-8598-5abddcc696b9@group-CE3C0447B19C, cid=3129, SUCCESS, logIndex=5133, commits[2573df58-4087-4dd0-8598-5abddcc696b9:c5133]
2019-06-13 21:51:48,194 INFO  client.GrpcClientProtocolClient (GrpcClientProtocolClient.java:onNext(254)) - client-9C97446E6A25->2573df58-4087-4dd0-8598-5abddcc696b9: receive RaftClientReply:client-9C97446E6A25->2573df58-4087-4dd0-8598-5abddcc696b9@group-CE3C0447B19C, cid=3130, SUCCESS, logIndex=5135, commits[2573df58-4087-4dd0-8598-5abddcc696b9:c5135]
2019-06-13 21:51:48,194 INFO  client.GrpcClientProtocolClient (GrpcClientProtocolClient.java:onNext(254)) - client-9C97446E6A25->2573df58-4087-4dd0-8598-5abddcc696b9: receive RaftClientReply:client-9C97446E6A25->2573df58-4087-4dd0-8598-5abddcc696b9@group-CE3C0447B19C, cid=3131, SUCCESS, logIndex=5136, commits[2573df58-4087-4dd0-8598-5abddcc696b9:c5138]
2019-06-13 21:51:48,195 INFO  client.GrpcClientProtocolClient (GrpcClientProtocolClient.java:onNext(254)) - client-9C97446E6A25->2573df58-4087-4dd0-8598-5abddcc696b9: receive RaftClientReply:client-9C97446E6A25->2573df58-4087-4dd0-8598-5abddcc696b9@group-CE3C0447B19C, cid=3132, SUCCESS, logIndex=5137, commits[2573df58-4087-4dd0-8598-5abddcc696b9:c5138]
2019-06-13 21:51:48,200 INFO  client.GrpcClientProtocolClient (GrpcClientProtocolClient.java:onNext(254)) - client-9C97446E6A25->2573df58-4087-4dd0-8598-5abddcc696b9: receive RaftClientReply:client-9C97446E6A25->2573df58-4087-4dd0-8598-5abddcc696b9@group-CE3C0447B19C, cid=3133, SUCCESS, logIndex=5139, commits[2573df58-4087-4dd0-8598-5abddcc696b9:c5139]
2019-06-13 21:51:48,201 INFO  client.GrpcClientProtocolClient (GrpcClientProtocolClient.java:onNext(254)) - client-9C97446E6A25->2573df58-4087-4dd0-8598-5abddcc696b9: receive RaftClientReply:client-9C97446E6A25->2573df58-4087-4dd0-8598-5abddcc696b9@group-CE3C0447B19C, cid=3134, SUCCESS, logIndex=5141, commits[2573df58-4087-4dd0-8598-5abddcc696b9:c5141]
2019-06-13 21:51:48,202 INFO  client.GrpcClientProtocolClient (GrpcClientProtocolClient.java:onNext(254)) - client-9C97446E6A25->2573df58-4087-4dd0-8598-5abddcc696b9: receive RaftClientReply:client-9C97446E6A25->2573df58-4087-4dd0-8598-5abddcc696b9@group-CE3C0447B19C, cid=3135, SUCCESS, logIndex=5142, commits[2573df58-4087-4dd0-8598-5abddcc696b9:c5144]
2019-06-13 21:51:48,202 INFO  client.GrpcClientProtocolClient (GrpcClientProtocolClient.java:onNext(254)) - client-9C97446E6A25->2573df58-4087-4dd0-8598-5abddcc696b9: receive RaftClientReply:client-9C97446E6A25->2573df58-4087-4dd0-8598-5abddcc696b9@group-CE3C0447B19C, cid=3136, SUCCESS, logIndex=5143, commits[2573df58-4087-4dd0-8598-5abddcc696b9:c5144]
2019-06-13 21:51:48,212 INFO  client.GrpcClientProtocolClient (GrpcClientProtocolClient.java:onNext(254)) - client-9C97446E6A25->2573df58-4087-4dd0-8598-5abddcc696b9: receive RaftClientReply:client-9C97446E6A25->2573df58-4087-4dd0-8598-5abddcc696b9@group-CE3C0447B19C, cid=3137, SUCCESS, logIndex=5145, commits[2573df58-4087-4dd0-8598-5abddcc696b9:c5145]
2019-06-13 21:51:48,213 INFO  client.GrpcClientProtocolClient (GrpcClientProtocolClient.java:onNext(254)) - client-9C97446E6A25->2573df58-4087-4dd0-8598-5abddcc696b9: receive RaftClientReply:client-9C97446E6A25->2573df58-4087-4dd0-8598-5abddcc696b9@group-CE3C0447B19C, cid=3138, SUCCESS, logIndex=5147, commits[2573df58-4087-4dd0-8598-5abddcc696b9:c5147]
2019-06-13 21:51:48,271 DEBUG block.SCMBlockDeletingService (SCMBlockDeletingService.java:call(138)) - Running DeletedBlockTransactionScanner
2019-06-13 21:51:48,271 DEBUG block.SCMBlockDeletingService (SCMBlockDeletingService.java:call(155)) - Scanned deleted blocks log and got 0 delTX to process.
2019-06-13 21:51:48,280 INFO  client.GrpcClientProtocolClient (GrpcClientProtocolClient.java:onNext(254)) - client-9C97446E6A25->2573df58-4087-4dd0-8598-5abddcc696b9: receive RaftClientReply:client-9C97446E6A25->2573df58-4087-4dd0-8598-5abddcc696b9@group-CE3C0447B19C, cid=3139, SUCCESS, logIndex=5149, commits[2573df58-4087-4dd0-8598-5abddcc696b9:c5149]
2019-06-13 21:51:48,281 INFO  client.GrpcClientProtocolClient (GrpcClientProtocolClient.java:onNext(254)) - client-9C97446E6A25->2573df58-4087-4dd0-8598-5abddcc696b9: receive RaftClientReply:client-9C97446E6A25->2573df58-4087-4dd0-8598-5abddcc696b9@group-CE3C0447B19C, cid=3140, SUCCESS, logIndex=5151, commits[2573df58-4087-4dd0-8598-5abddcc696b9:c5151]
2019-06-13 21:51:48,287 INFO  client.GrpcClientProtocolClient (GrpcClientProtocolClient.java:onNext(254)) - client-9C97446E6A25->2573df58-4087-4dd0-8598-5abddcc696b9: receive RaftClientReply:client-9C97446E6A25->2573df58-4087-4dd0-8598-5abddcc696b9@group-CE3C0447B19C, cid=3141, SUCCESS, logIndex=5153, commits[2573df58-4087-4dd0-8598-5abddcc696b9:c5153]
2019-06-13 21:51:48,287 INFO  storage.RaftLogWorker (RaftLogWorker.java:rollLogSegment(303)) - 2573df58-4087-4dd0-8598-5abddcc696b9-RaftLogWorker: Rolling segment log-5086_5156 to index:5156
2019-06-13 21:51:48,288 INFO  storage.RaftLogWorker (RaftLogWorker.java:execute(433)) - 2573df58-4087-4dd0-8598-5abddcc696b9-RaftLogWorker: Rolled log segment from /opt/src/hadoop-ozone/integration-test/target/test-dir/MiniOzoneClusterImpl-8578056e-9b7b-4e66-9e9f-ef53d5cd7c03/datanode-0/data/ratis/7f5c2536-ed89-4233-9ec0-ce3c0447b19c/current/log_inprogress_5086 to /opt/src/hadoop-ozone/integration-test/target/test-dir/MiniOzoneClusterImpl-8578056e-9b7b-4e66-9e9f-ef53d5cd7c03/datanode-0/data/ratis/7f5c2536-ed89-4233-9ec0-ce3c0447b19c/current/log_5086-5156
2019-06-13 21:51:48,289 INFO  client.GrpcClientProtocolClient (GrpcClientProtocolClient.java:onNext(254)) - client-9C97446E6A25->2573df58-4087-4dd0-8598-5abddcc696b9: receive RaftClientReply:client-9C97446E6A25->2573df58-4087-4dd0-8598-5abddcc696b9@group-CE3C0447B19C, cid=3142, SUCCESS, logIndex=5155, commits[2573df58-4087-4dd0-8598-5abddcc696b9:c5155]
2019-06-13 21:51:48,289 INFO  client.GrpcClientProtocolClient (GrpcClientProtocolClient.java:onNext(254)) - client-9C97446E6A25->2573df58-4087-4dd0-8598-5abddcc696b9: receive RaftClientReply:client-9C97446E6A25->2573df58-4087-4dd0-8598-5abddcc696b9@group-CE3C0447B19C, cid=3143, SUCCESS, logIndex=5156, commits[2573df58-4087-4dd0-8598-5abddcc696b9:c5156]
2019-06-13 21:51:48,327 INFO  storage.RaftLogWorker (RaftLogWorker.java:execute(469)) - 2573df58-4087-4dd0-8598-5abddcc696b9-RaftLogWorker: created new log segment /opt/src/hadoop-ozone/integration-test/target/test-dir/MiniOzoneClusterImpl-8578056e-9b7b-4e66-9e9f-ef53d5cd7c03/datanode-0/data/ratis/7f5c2536-ed89-4233-9ec0-ce3c0447b19c/current/log_inprogress_5157
2019-06-13 21:51:48,329 INFO  client.GrpcClientProtocolClient (GrpcClientProtocolClient.java:onNext(254)) - client-9C97446E6A25->2573df58-4087-4dd0-8598-5abddcc696b9: receive RaftClientReply:client-9C97446E6A25->2573df58-4087-4dd0-8598-5abddcc696b9@group-CE3C0447B19C, cid=3144, SUCCESS, logIndex=5157, commits[2573df58-4087-4dd0-8598-5abddcc696b9:c5159]
2019-06-13 21:51:48,345 INFO  client.GrpcClientProtocolClient (GrpcClientProtocolClient.java:onNext(254)) - client-9C97446E6A25->2573df58-4087-4dd0-8598-5abddcc696b9: receive RaftClientReply:client-9C97446E6A25->2573df58-4087-4dd0-8598-5abddcc696b9@group-CE3C0447B19C, cid=3145, SUCCESS, logIndex=5160, commits[2573df58-4087-4dd0-8598-5abddcc696b9:c5160]
2019-06-13 21:51:48,347 INFO  client.GrpcClientProtocolClient (GrpcClientProtocolClient.java:onNext(254)) - client-9C97446E6A25->2573df58-4087-4dd0-8598-5abddcc696b9: receive RaftClientReply:client-9C97446E6A25->2573df58-4087-4dd0-8598-5abddcc696b9@group-CE3C0447B19C, cid=3146, SUCCESS, logIndex=5162, commits[2573df58-4087-4dd0-8598-5abddcc696b9:c5162]
2019-06-13 21:51:48,348 INFO  client.GrpcClientProtocolClient (GrpcClientProtocolClient.java:onNext(254)) - client-9C97446E6A25->2573df58-4087-4dd0-8598-5abddcc696b9: receive RaftClientReply:client-9C97446E6A25->2573df58-4087-4dd0-8598-5abddcc696b9@group-CE3C0447B19C, cid=3147, SUCCESS, logIndex=5163, commits[2573df58-4087-4dd0-8598-5abddcc696b9:c5164]
2019-06-13 21:51:48,348 INFO  client.GrpcClientProtocolClient (GrpcClientProtocolClient.java:onNext(254)) - client-9C97446E6A25->2573df58-4087-4dd0-8598-5abddcc696b9: receive RaftClientReply:client-9C97446E6A25->2573df58-4087-4dd0-8598-5abddcc696b9@group-CE3C0447B19C, cid=3148, SUCCESS, logIndex=5164, commits[2573df58-4087-4dd0-8598-5abddcc696b9:c5164]
2019-06-13 21:51:48,354 INFO  client.GrpcClientProtocolClient (GrpcClientProtocolClient.java:onNext(254)) - client-9C97446E6A25->2573df58-4087-4dd0-8598-5abddcc696b9: receive RaftClientReply:client-9C97446E6A25->2573df58-4087-4dd0-8598-5abddcc696b9@group-CE3C0447B19C, cid=3149, SUCCESS, logIndex=5167, commits[2573df58-4087-4dd0-8598-5abddcc696b9:c5167]
2019-06-13 21:51:48,355 INFO  client.GrpcClientProtocolClient (GrpcClientProtocolClient.java:onNext(254)) - client-9C97446E6A25->2573df58-4087-4dd0-8598-5abddcc696b9: receive RaftClientReply:client-9C97446E6A25->2573df58-4087-4dd0-8598-5abddcc696b9@group-CE3C0447B19C, cid=3150, SUCCESS, logIndex=5169, commits[2573df58-4087-4dd0-8598-5abddcc696b9:c5169]
2019-06-13 21:51:48,357 INFO  client.GrpcClientProtocolClient (GrpcClientProtocolClient.java:onNext(254)) - client-9C97446E6A25->2573df58-4087-4dd0-8598-5abddcc696b9: receive RaftClientReply:client-9C97446E6A25->2573df58-4087-4dd0-8598-5abddcc696b9@group-CE3C0447B19C, cid=3151, SUCCESS, logIndex=5171, commits[2573df58-4087-4dd0-8598-5abddcc696b9:c5172]
2019-06-13 21:51:48,357 INFO  client.GrpcClientProtocolClient (GrpcClientProtocolClient.java:onNext(254)) - client-9C97446E6A25->2573df58-4087-4dd0-8598-5abddcc696b9: receive RaftClientReply:client-9C97446E6A25->2573df58-4087-4dd0-8598-5abddcc696b9@group-CE3C0447B19C, cid=3152, SUCCESS, logIndex=5172, commits[2573df58-4087-4dd0-8598-5abddcc696b9:c5172]
2019-06-13 21:51:48,366 INFO  client.GrpcClientProtocolClient (GrpcClientProtocolClient.java:onNext(254)) - client-9C97446E6A25->2573df58-4087-4dd0-8598-5abddcc696b9: receive RaftClientReply:client-9C97446E6A25->2573df58-4087-4dd0-8598-5abddcc696b9@group-CE3C0447B19C, cid=3153, SUCCESS, logIndex=5174, commits[2573df58-4087-4dd0-8598-5abddcc696b9:c5174]
2019-06-13 21:51:48,367 INFO  client.GrpcClientProtocolClient (GrpcClientProtocolClient.java:onNext(254)) - client-9C97446E6A25->2573df58-4087-4dd0-8598-5abddcc696b9: receive RaftClientReply:client-9C97446E6A25->2573df58-4087-4dd0-8598-5abddcc696b9@group-CE3C0447B19C, cid=3154, SUCCESS, logIndex=5176, commits[2573df58-4087-4dd0-8598-5abddcc696b9:c5176]
2019-06-13 21:51:48,368 INFO  client.GrpcClientProtocolClient (GrpcClientProtocolClient.java:onNext(254)) - client-9C97446E6A25->2573df58-4087-4dd0-8598-5abddcc696b9: receive RaftClientReply:client-9C97446E6A25->2573df58-4087-4dd0-8598-5abddcc696b9@group-CE3C0447B19C, cid=3155, SUCCESS, logIndex=5177, commits[2573df58-4087-4dd0-8598-5abddcc696b9:c5179]
2019-06-13 21:51:48,369 INFO  client.GrpcClientProtocolClient (GrpcClientProtocolClient.java:onNext(254)) - client-9C97446E6A25->2573df58-4087-4dd0-8598-5abddcc696b9: receive RaftClientReply:client-9C97446E6A25->2573df58-4087-4dd0-8598-5abddcc696b9@group-CE3C0447B19C, cid=3156, SUCCESS, logIndex=5178, commits[2573df58-4087-4dd0-8598-5abddcc696b9:c5179]
2019-06-13 21:51:48,371 DEBUG block.SCMBlockDeletingService (SCMBlockDeletingService.java:call(138)) - Running DeletedBlockTransactionScanner
2019-06-13 21:51:48,371 DEBUG block.SCMBlockDeletingService (SCMBlockDeletingService.java:call(155)) - Scanned deleted blocks log and got 0 delTX to process.
2019-06-13 21:51:48,373 INFO  client.GrpcClientProtocolClient (GrpcClientProtocolClient.java:onNext(254)) - client-9C97446E6A25->2573df58-4087-4dd0-8598-5abddcc696b9: receive RaftClientReply:client-9C97446E6A25->2573df58-4087-4dd0-8598-5abddcc696b9@group-CE3C0447B19C, cid=3157, SUCCESS, logIndex=5180, commits[2573df58-4087-4dd0-8598-5abddcc696b9:c5180]
2019-06-13 21:51:48,374 INFO  client.GrpcClientProtocolClient (GrpcClientProtocolClient.java:onNext(254)) - client-9C97446E6A25->2573df58-4087-4dd0-8598-5abddcc696b9: receive RaftClientReply:client-9C97446E6A25->2573df58-4087-4dd0-8598-5abddcc696b9@group-CE3C0447B19C, cid=3158, SUCCESS, logIndex=5182, commits[2573df58-4087-4dd0-8598-5abddcc696b9:c5182]
2019-06-13 21:51:48,376 INFO  client.GrpcClientProtocolClient (GrpcClientProtocolClient.java:onNext(254)) - client-9C97446E6A25->2573df58-4087-4dd0-8598-5abddcc696b9: receive RaftClientReply:client-9C97446E6A25->2573df58-4087-4dd0-8598-5abddcc696b9@group-CE3C0447B19C, cid=3159, SUCCESS, logIndex=5183, commits[2573df58-4087-4dd0-8598-5abddcc696b9:c5185]
2019-06-13 21:51:48,376 INFO  client.GrpcClientProtocolClient (GrpcClientProtocolClient.java:onNext(254)) - client-9C97446E6A25->2573df58-4087-4dd0-8598-5abddcc696b9: receive RaftClientReply:client-9C97446E6A25->2573df58-4087-4dd0-8598-5abddcc696b9@group-CE3C0447B19C, cid=3160, SUCCESS, logIndex=5184, commits[2573df58-4087-4dd0-8598-5abddcc696b9:c5185]
2019-06-13 21:51:48,385 INFO  client.GrpcClientProtocolClient (GrpcClientProtocolClient.java:onNext(254)) - client-9C97446E6A25->2573df58-4087-4dd0-8598-5abddcc696b9: receive RaftClientReply:client-9C97446E6A25->2573df58-4087-4dd0-8598-5abddcc696b9@group-CE3C0447B19C, cid=3161, SUCCESS, logIndex=5186, commits[2573df58-4087-4dd0-8598-5abddcc696b9:c5186]
2019-06-13 21:51:48,386 INFO  client.GrpcClientProtocolClient (GrpcClientProtocolClient.java:onNext(254)) - client-9C97446E6A25->2573df58-4087-4dd0-8598-5abddcc696b9: receive RaftClientReply:client-9C97446E6A25->2573df58-4087-4dd0-8598-5abddcc696b9@group-CE3C0447B19C, cid=3162, SUCCESS, logIndex=5188, commits[2573df58-4087-4dd0-8598-5abddcc696b9:c5188]
2019-06-13 21:51:48,387 INFO  client.GrpcClientProtocolClient (GrpcClientProtocolClient.java:onNext(254)) - client-9C97446E6A25->2573df58-4087-4dd0-8598-5abddcc696b9: receive RaftClientReply:client-9C97446E6A25->2573df58-4087-4dd0-8598-5abddcc696b9@group-CE3C0447B19C, cid=3163, SUCCESS, logIndex=5189, commits[2573df58-4087-4dd0-8598-5abddcc696b9:c5191]
2019-06-13 21:51:48,387 INFO  client.GrpcClientProtocolClient (GrpcClientProtocolClient.java:onNext(254)) - client-9C97446E6A25->2573df58-4087-4dd0-8598-5abddcc696b9: receive RaftClientReply:client-9C97446E6A25->2573df58-4087-4dd0-8598-5abddcc696b9@group-CE3C0447B19C, cid=3164, SUCCESS, logIndex=5190, commits[2573df58-4087-4dd0-8598-5abddcc696b9:c5191]
2019-06-13 21:51:48,392 INFO  client.GrpcClientProtocolClient (GrpcClientProtocolClient.java:onNext(254)) - client-9C97446E6A25->2573df58-4087-4dd0-8598-5abddcc696b9: receive RaftClientReply:client-9C97446E6A25->2573df58-4087-4dd0-8598-5abddcc696b9@group-CE3C0447B19C, cid=3165, SUCCESS, logIndex=5192, commits[2573df58-4087-4dd0-8598-5abddcc696b9:c5192]
2019-06-13 21:51:48,393 INFO  client.GrpcClientProtocolClient (GrpcClientProtocolClient.java:onNext(254)) - client-9C97446E6A25->2573df58-4087-4dd0-8598-5abddcc696b9: receive RaftClientReply:client-9C97446E6A25->2573df58-4087-4dd0-8598-5abddcc696b9@group-CE3C0447B19C, cid=3166, SUCCESS, logIndex=5194, commits[2573df58-4087-4dd0-8598-5abddcc696b9:c5194]
2019-06-13 21:51:48,394 INFO  client.GrpcClientProtocolClient (GrpcClientProtocolClient.java:onNext(254)) - client-9C97446E6A25->2573df58-4087-4dd0-8598-5abddcc696b9: receive RaftClientReply:client-9C97446E6A25->2573df58-4087-4dd0-8598-5abddcc696b9@group-CE3C0447B19C, cid=3167, SUCCESS, logIndex=5195, commits[2573df58-4087-4dd0-8598-5abddcc696b9:c5197]
2019-06-13 21:51:48,394 INFO  client.GrpcClientProtocolClient (GrpcClientProtocolClient.java:onNext(254)) - client-9C97446E6A25->2573df58-4087-4dd0-8598-5abddcc696b9: receive RaftClientReply:client-9C97446E6A25->2573df58-4087-4dd0-8598-5abddcc696b9@group-CE3C0447B19C, cid=3168, SUCCESS, logIndex=5196, commits[2573df58-4087-4dd0-8598-5abddcc696b9:c5197]
2019-06-13 21:51:48,404 INFO  client.GrpcClientProtocolClient (GrpcClientProtocolClient.java:onNext(254)) - client-9C97446E6A25->2573df58-4087-4dd0-8598-5abddcc696b9: receive RaftClientReply:client-9C97446E6A25->2573df58-4087-4dd0-8598-5abddcc696b9@group-CE3C0447B19C, cid=3169, SUCCESS, logIndex=5198, commits[2573df58-4087-4dd0-8598-5abddcc696b9:c5198]
2019-06-13 21:51:48,405 INFO  client.GrpcClientProtocolClient (GrpcClientProtocolClient.java:onNext(254)) - client-9C97446E6A25->2573df58-4087-4dd0-8598-5abddcc696b9: receive RaftClientReply:client-9C97446E6A25->2573df58-4087-4dd0-8598-5abddcc696b9@group-CE3C0447B19C, cid=3170, SUCCESS, logIndex=5200, commits[2573df58-4087-4dd0-8598-5abddcc696b9:c5200]
2019-06-13 21:51:48,406 INFO  client.GrpcClientProtocolClient (GrpcClientProtocolClient.java:onNext(254)) - client-9C97446E6A25->2573df58-4087-4dd0-8598-5abddcc696b9: receive RaftClientReply:client-9C97446E6A25->2573df58-4087-4dd0-8598-5abddcc696b9@group-CE3C0447B19C, cid=3171, SUCCESS, logIndex=5201, commits[2573df58-4087-4dd0-8598-5abddcc696b9:c5203]
2019-06-13 21:51:48,406 INFO  client.GrpcClientProtocolClient (GrpcClientProtocolClient.java:onNext(254)) - client-9C97446E6A25->2573df58-4087-4dd0-8598-5abddcc696b9: receive RaftClientReply:client-9C97446E6A25->2573df58-4087-4dd0-8598-5abddcc696b9@group-CE3C0447B19C, cid=3172, SUCCESS, logIndex=5202, commits[2573df58-4087-4dd0-8598-5abddcc696b9:c5203]
2019-06-13 21:51:48,411 INFO  client.GrpcClientProtocolClient (GrpcClientProtocolClient.java:onNext(254)) - client-9C97446E6A25->2573df58-4087-4dd0-8598-5abddcc696b9: receive RaftClientReply:client-9C97446E6A25->2573df58-4087-4dd0-8598-5abddcc696b9@group-CE3C0447B19C, cid=3173, SUCCESS, logIndex=5204, commits[2573df58-4087-4dd0-8598-5abddcc696b9:c5204]
2019-06-13 21:51:48,412 INFO  client.GrpcClientProtocolClient (GrpcClientProtocolClient.java:onNext(254)) - client-9C97446E6A25->2573df58-4087-4dd0-8598-5abddcc696b9: receive RaftClientReply:client-9C97446E6A25->2573df58-4087-4dd0-8598-5abddcc696b9@group-CE3C0447B19C, cid=3174, SUCCESS, logIndex=5206, commits[2573df58-4087-4dd0-8598-5abddcc696b9:c5206]
2019-06-13 21:51:48,413 INFO  client.GrpcClientProtocolClient (GrpcClientProtocolClient.java:onNext(254)) - client-9C97446E6A25->2573df58-4087-4dd0-8598-5abddcc696b9: receive RaftClientReply:client-9C97446E6A25->2573df58-4087-4dd0-8598-5abddcc696b9@group-CE3C0447B19C, cid=3175, SUCCESS, logIndex=5207, commits[2573df58-4087-4dd0-8598-5abddcc696b9:c5209]
2019-06-13 21:51:48,413 INFO  client.GrpcClientProtocolClient (GrpcClientProtocolClient.java:onNext(254)) - client-9C97446E6A25->2573df58-4087-4dd0-8598-5abddcc696b9: receive RaftClientReply:client-9C97446E6A25->2573df58-4087-4dd0-8598-5abddcc696b9@group-CE3C0447B19C, cid=3176, SUCCESS, logIndex=5208, commits[2573df58-4087-4dd0-8598-5abddcc696b9:c5209]
2019-06-13 21:51:48,423 INFO  client.GrpcClientProtocolClient (GrpcClientProtocolClient.java:onNext(254)) - client-9C97446E6A25->2573df58-4087-4dd0-8598-5abddcc696b9: receive RaftClientReply:client-9C97446E6A25->2573df58-4087-4dd0-8598-5abddcc696b9@group-CE3C0447B19C, cid=3177, SUCCESS, logIndex=5210, commits[2573df58-4087-4dd0-8598-5abddcc696b9:c5210]
2019-06-13 21:51:48,425 INFO  client.GrpcClientProtocolClient (GrpcClientProtocolClient.java:onNext(254)) - client-9C97446E6A25->2573df58-4087-4dd0-8598-5abddcc696b9: receive RaftClientReply:client-9C97446E6A25->2573df58-4087-4dd0-8598-5abddcc696b9@group-CE3C0447B19C, cid=3178, SUCCESS, logIndex=5212, commits[2573df58-4087-4dd0-8598-5abddcc696b9:c5212]
2019-06-13 21:51:48,426 INFO  client.GrpcClientProtocolClient (GrpcClientProtocolClient.java:onNext(254)) - client-9C97446E6A25->2573df58-4087-4dd0-8598-5abddcc696b9: receive RaftClientReply:client-9C97446E6A25->2573df58-4087-4dd0-8598-5abddcc696b9@group-CE3C0447B19C, cid=3179, SUCCESS, logIndex=5213, commits[2573df58-4087-4dd0-8598-5abddcc696b9:c5215]
2019-06-13 21:51:48,426 INFO  client.GrpcClientProtocolClient (GrpcClientProtocolClient.java:onNext(254)) - client-9C97446E6A25->2573df58-4087-4dd0-8598-5abddcc696b9: receive RaftClientReply:client-9C97446E6A25->2573df58-4087-4dd0-8598-5abddcc696b9@group-CE3C0447B19C, cid=3180, SUCCESS, logIndex=5214, commits[2573df58-4087-4dd0-8598-5abddcc696b9:c5215]
2019-06-13 21:51:48,431 INFO  client.GrpcClientProtocolClient (GrpcClientProtocolClient.java:onNext(254)) - client-9C97446E6A25->2573df58-4087-4dd0-8598-5abddcc696b9: receive RaftClientReply:client-9C97446E6A25->2573df58-4087-4dd0-8598-5abddcc696b9@group-CE3C0447B19C, cid=3181, SUCCESS, logIndex=5216, commits[2573df58-4087-4dd0-8598-5abddcc696b9:c5216]
2019-06-13 21:51:48,432 INFO  client.GrpcClientProtocolClient (GrpcClientProtocolClient.java:onNext(254)) - client-9C97446E6A25->2573df58-4087-4dd0-8598-5abddcc696b9: receive RaftClientReply:client-9C97446E6A25->2573df58-4087-4dd0-8598-5abddcc696b9@group-CE3C0447B19C, cid=3182, SUCCESS, logIndex=5218, commits[2573df58-4087-4dd0-8598-5abddcc696b9:c5218]
2019-06-13 21:51:48,472 DEBUG block.SCMBlockDeletingService (SCMBlockDeletingService.java:call(138)) - Running DeletedBlockTransactionScanner
2019-06-13 21:51:48,472 DEBUG block.SCMBlockDeletingService (SCMBlockDeletingService.java:call(155)) - Scanned deleted blocks log and got 0 delTX to process.
2019-06-13 21:51:48,722 DEBUG block.SCMBlockDeletingService (SCMBlockDeletingService.java:call(138)) - Running DeletedBlockTransactionScanner
2019-06-13 21:51:48,722 DEBUG block.SCMBlockDeletingService (SCMBlockDeletingService.java:call(155)) - Scanned deleted blocks log and got 0 delTX to process.
2019-06-13 21:51:48,735 INFO  client.GrpcClientProtocolClient (GrpcClientProtocolClient.java:onNext(254)) - client-9C97446E6A25->2573df58-4087-4dd0-8598-5abddcc696b9: receive RaftClientReply:client-9C97446E6A25->2573df58-4087-4dd0-8598-5abddcc696b9@group-CE3C0447B19C, cid=3183, SUCCESS, logIndex=5220, commits[2573df58-4087-4dd0-8598-5abddcc696b9:c5220]
2019-06-13 21:51:48,736 INFO  client.GrpcClientProtocolClient (GrpcClientProtocolClient.java:onNext(254)) - client-9C97446E6A25->2573df58-4087-4dd0-8598-5abddcc696b9: receive RaftClientReply:client-9C97446E6A25->2573df58-4087-4dd0-8598-5abddcc696b9@group-CE3C0447B19C, cid=3184, SUCCESS, logIndex=5222, commits[2573df58-4087-4dd0-8598-5abddcc696b9:c5222]
2019-06-13 21:51:48,748 INFO  client.GrpcClientProtocolClient (GrpcClientProtocolClient.java:onNext(254)) - client-9C97446E6A25->2573df58-4087-4dd0-8598-5abddcc696b9: receive RaftClientReply:client-9C97446E6A25->2573df58-4087-4dd0-8598-5abddcc696b9@group-CE3C0447B19C, cid=3185, SUCCESS, logIndex=5224, commits[2573df58-4087-4dd0-8598-5abddcc696b9:c5225]
2019-06-13 21:51:48,749 INFO  client.GrpcClientProtocolClient (GrpcClientProtocolClient.java:onNext(254)) - client-9C97446E6A25->2573df58-4087-4dd0-8598-5abddcc696b9: receive RaftClientReply:client-9C97446E6A25->2573df58-4087-4dd0-8598-5abddcc696b9@group-CE3C0447B19C, cid=3186, SUCCESS, logIndex=5226, commits[2573df58-4087-4dd0-8598-5abddcc696b9:c5226]
2019-06-13 21:51:48,750 INFO  storage.RaftLogWorker (RaftLogWorker.java:rollLogSegment(303)) - 2573df58-4087-4dd0-8598-5abddcc696b9-RaftLogWorker: Rolling segment log-5157_5227 to index:5227
2019-06-13 21:51:48,750 INFO  storage.RaftLogWorker (RaftLogWorker.java:execute(433)) - 2573df58-4087-4dd0-8598-5abddcc696b9-RaftLogWorker: Rolled log segment from /opt/src/hadoop-ozone/integration-test/target/test-dir/MiniOzoneClusterImpl-8578056e-9b7b-4e66-9e9f-ef53d5cd7c03/datanode-0/data/ratis/7f5c2536-ed89-4233-9ec0-ce3c0447b19c/current/log_inprogress_5157 to /opt/src/hadoop-ozone/integration-test/target/test-dir/MiniOzoneClusterImpl-8578056e-9b7b-4e66-9e9f-ef53d5cd7c03/datanode-0/data/ratis/7f5c2536-ed89-4233-9ec0-ce3c0447b19c/current/log_5157-5227
2019-06-13 21:51:48,786 INFO  storage.RaftLogWorker (RaftLogWorker.java:execute(469)) - 2573df58-4087-4dd0-8598-5abddcc696b9-RaftLogWorker: created new log segment /opt/src/hadoop-ozone/integration-test/target/test-dir/MiniOzoneClusterImpl-8578056e-9b7b-4e66-9e9f-ef53d5cd7c03/datanode-0/data/ratis/7f5c2536-ed89-4233-9ec0-ce3c0447b19c/current/log_inprogress_5228
2019-06-13 21:51:48,788 INFO  client.GrpcClientProtocolClient (GrpcClientProtocolClient.java:onNext(254)) - client-9C97446E6A25->2573df58-4087-4dd0-8598-5abddcc696b9: receive RaftClientReply:client-9C97446E6A25->2573df58-4087-4dd0-8598-5abddcc696b9@group-CE3C0447B19C, cid=3187, SUCCESS, logIndex=5228, commits[2573df58-4087-4dd0-8598-5abddcc696b9:c5229]
2019-06-13 21:51:48,788 INFO  client.GrpcClientProtocolClient (GrpcClientProtocolClient.java:onNext(254)) - client-9C97446E6A25->2573df58-4087-4dd0-8598-5abddcc696b9: receive RaftClientReply:client-9C97446E6A25->2573df58-4087-4dd0-8598-5abddcc696b9@group-CE3C0447B19C, cid=3188, SUCCESS, logIndex=5229, commits[2573df58-4087-4dd0-8598-5abddcc696b9:c5230]
2019-06-13 21:51:48,794 INFO  client.GrpcClientProtocolClient (GrpcClientProtocolClient.java:onNext(254)) - client-9C97446E6A25->2573df58-4087-4dd0-8598-5abddcc696b9: receive RaftClientReply:client-9C97446E6A25->2573df58-4087-4dd0-8598-5abddcc696b9@group-CE3C0447B19C, cid=3189, SUCCESS, logIndex=5231, commits[2573df58-4087-4dd0-8598-5abddcc696b9:c5231]
2019-06-13 21:51:48,795 INFO  client.GrpcClientProtocolClient (GrpcClientProtocolClient.java:onNext(254)) - client-9C97446E6A25->2573df58-4087-4dd0-8598-5abddcc696b9: receive RaftClientReply:client-9C97446E6A25->2573df58-4087-4dd0-8598-5abddcc696b9@group-CE3C0447B19C, cid=3190, SUCCESS, logIndex=5233, commits[2573df58-4087-4dd0-8598-5abddcc696b9:c5233]
2019-06-13 21:51:48,797 INFO  client.GrpcClientProtocolClient (GrpcClientProtocolClient.java:onNext(254)) - client-9C97446E6A25->2573df58-4087-4dd0-8598-5abddcc696b9: receive RaftClientReply:client-9C97446E6A25->2573df58-4087-4dd0-8598-5abddcc696b9@group-CE3C0447B19C, cid=3191, SUCCESS, logIndex=5234, commits[2573df58-4087-4dd0-8598-5abddcc696b9:c5236]
2019-06-13 21:51:48,797 INFO  client.GrpcClientProtocolClient (GrpcClientProtocolClient.java:onNext(254)) - client-9C97446E6A25->2573df58-4087-4dd0-8598-5abddcc696b9: receive RaftClientReply:client-9C97446E6A25->2573df58-4087-4dd0-8598-5abddcc696b9@group-CE3C0447B19C, cid=3192, SUCCESS, logIndex=5235, commits[2573df58-4087-4dd0-8598-5abddcc696b9:c5236]
2019-06-13 21:51:48,810 INFO  client.GrpcClientProtocolClient (GrpcClientProtocolClient.java:onNext(254)) - client-9C97446E6A25->2573df58-4087-4dd0-8598-5abddcc696b9: receive RaftClientReply:client-9C97446E6A25->2573df58-4087-4dd0-8598-5abddcc696b9@group-CE3C0447B19C, cid=3193, SUCCESS, logIndex=5237, commits[2573df58-4087-4dd0-8598-5abddcc696b9:c5237]
2019-06-13 21:51:48,811 INFO  client.GrpcClientProtocolClient (GrpcClientProtocolClient.java:onNext(254)) - client-9C97446E6A25->2573df58-4087-4dd0-8598-5abddcc696b9: receive RaftClientReply:client-9C97446E6A25->2573df58-4087-4dd0-8598-5abddcc696b9@group-CE3C0447B19C, cid=3194, SUCCESS, logIndex=5239, commits[2573df58-4087-4dd0-8598-5abddcc696b9:c5239]
2019-06-13 21:51:48,812 INFO  client.GrpcClientProtocolClient (GrpcClientProtocolClient.java:onNext(254)) - client-9C97446E6A25->2573df58-4087-4dd0-8598-5abddcc696b9: receive RaftClientReply:client-9C97446E6A25->2573df58-4087-4dd0-8598-5abddcc696b9@group-CE3C0447B19C, cid=3195, SUCCESS, logIndex=5240, commits[2573df58-4087-4dd0-8598-5abddcc696b9:c5242]
2019-06-13 21:51:48,812 INFO  client.GrpcClientProtocolClient (GrpcClientProtocolClient.java:onNext(254)) - client-9C97446E6A25->2573df58-4087-4dd0-8598-5abddcc696b9: receive RaftClientReply:client-9C97446E6A25->2573df58-4087-4dd0-8598-5abddcc696b9@group-CE3C0447B19C, cid=3196, SUCCESS, logIndex=5241, commits[2573df58-4087-4dd0-8598-5abddcc696b9:c5242]
2019-06-13 21:51:48,818 INFO  client.GrpcClientProtocolClient (GrpcClientProtocolClient.java:onNext(254)) - client-9C97446E6A25->2573df58-4087-4dd0-8598-5abddcc696b9: receive RaftClientReply:client-9C97446E6A25->2573df58-4087-4dd0-8598-5abddcc696b9@group-CE3C0447B19C, cid=3197, SUCCESS, logIndex=5243, commits[2573df58-4087-4dd0-8598-5abddcc696b9:c5243]
2019-06-13 21:51:48,820 INFO  client.GrpcClientProtocolClient (GrpcClientProtocolClient.java:onNext(254)) - client-9C97446E6A25->2573df58-4087-4dd0-8598-5abddcc696b9: receive RaftClientReply:client-9C97446E6A25->2573df58-4087-4dd0-8598-5abddcc696b9@group-CE3C0447B19C, cid=3198, SUCCESS, logIndex=5245, commits[2573df58-4087-4dd0-8598-5abddcc696b9:c5245]
2019-06-13 21:51:48,820 INFO  client.GrpcClientProtocolClient (GrpcClientProtocolClient.java:onNext(254)) - client-9C97446E6A25->2573df58-4087-4dd0-8598-5abddcc696b9: receive RaftClientReply:client-9C97446E6A25->2573df58-4087-4dd0-8598-5abddcc696b9@group-CE3C0447B19C, cid=3199, SUCCESS, logIndex=5246, commits[2573df58-4087-4dd0-8598-5abddcc696b9:c5248]
2019-06-13 21:51:48,820 INFO  client.GrpcClientProtocolClient (GrpcClientProtocolClient.java:onNext(254)) - client-9C97446E6A25->2573df58-4087-4dd0-8598-5abddcc696b9: receive RaftClientReply:client-9C97446E6A25->2573df58-4087-4dd0-8598-5abddcc696b9@group-CE3C0447B19C, cid=3200, SUCCESS, logIndex=5247, commits[2573df58-4087-4dd0-8598-5abddcc696b9:c5248]
2019-06-13 21:51:48,823 DEBUG block.SCMBlockDeletingService (SCMBlockDeletingService.java:call(138)) - Running DeletedBlockTransactionScanner
2019-06-13 21:51:48,823 DEBUG block.SCMBlockDeletingService (SCMBlockDeletingService.java:call(155)) - Scanned deleted blocks log and got 0 delTX to process.
2019-06-13 21:51:48,832 INFO  client.GrpcClientProtocolClient (GrpcClientProtocolClient.java:onNext(254)) - client-9C97446E6A25->2573df58-4087-4dd0-8598-5abddcc696b9: receive RaftClientReply:client-9C97446E6A25->2573df58-4087-4dd0-8598-5abddcc696b9@group-CE3C0447B19C, cid=3201, SUCCESS, logIndex=5249, commits[2573df58-4087-4dd0-8598-5abddcc696b9:c5249]
2019-06-13 21:51:48,834 INFO  client.GrpcClientProtocolClient (GrpcClientProtocolClient.java:onNext(254)) - client-9C97446E6A25->2573df58-4087-4dd0-8598-5abddcc696b9: receive RaftClientReply:client-9C97446E6A25->2573df58-4087-4dd0-8598-5abddcc696b9@group-CE3C0447B19C, cid=3202, SUCCESS, logIndex=5251, commits[2573df58-4087-4dd0-8598-5abddcc696b9:c5251]
2019-06-13 21:51:48,835 INFO  client.GrpcClientProtocolClient (GrpcClientProtocolClient.java:onNext(254)) - client-9C97446E6A25->2573df58-4087-4dd0-8598-5abddcc696b9: receive RaftClientReply:client-9C97446E6A25->2573df58-4087-4dd0-8598-5abddcc696b9@group-CE3C0447B19C, cid=3203, SUCCESS, logIndex=5252, commits[2573df58-4087-4dd0-8598-5abddcc696b9:c5253]
2019-06-13 21:51:48,835 INFO  client.GrpcClientProtocolClient (GrpcClientProtocolClient.java:onNext(254)) - client-9C97446E6A25->2573df58-4087-4dd0-8598-5abddcc696b9: receive RaftClientReply:client-9C97446E6A25->2573df58-4087-4dd0-8598-5abddcc696b9@group-CE3C0447B19C, cid=3204, SUCCESS, logIndex=5253, commits[2573df58-4087-4dd0-8598-5abddcc696b9:c5254]
2019-06-13 21:51:48,841 INFO  client.GrpcClientProtocolClient (GrpcClientProtocolClient.java:onNext(254)) - client-9C97446E6A25->2573df58-4087-4dd0-8598-5abddcc696b9: receive RaftClientReply:client-9C97446E6A25->2573df58-4087-4dd0-8598-5abddcc696b9@group-CE3C0447B19C, cid=3205, SUCCESS, logIndex=5256, commits[2573df58-4087-4dd0-8598-5abddcc696b9:c5256]
2019-06-13 21:51:48,842 INFO  client.GrpcClientProtocolClient (GrpcClientProtocolClient.java:onNext(254)) - client-9C97446E6A25->2573df58-4087-4dd0-8598-5abddcc696b9: receive RaftClientReply:client-9C97446E6A25->2573df58-4087-4dd0-8598-5abddcc696b9@group-CE3C0447B19C, cid=3206, SUCCESS, logIndex=5258, commits[2573df58-4087-4dd0-8598-5abddcc696b9:c5258]
2019-06-13 21:51:48,843 INFO  client.GrpcClientProtocolClient (GrpcClientProtocolClient.java:onNext(254)) - client-9C97446E6A25->2573df58-4087-4dd0-8598-5abddcc696b9: receive RaftClientReply:client-9C97446E6A25->2573df58-4087-4dd0-8598-5abddcc696b9@group-CE3C0447B19C, cid=3207, SUCCESS, logIndex=5259, commits[2573df58-4087-4dd0-8598-5abddcc696b9:c5261]
2019-06-13 21:51:48,844 INFO  client.GrpcClientProtocolClient (GrpcClientProtocolClient.java:onNext(254)) - client-9C97446E6A25->2573df58-4087-4dd0-8598-5abddcc696b9: receive RaftClientReply:client-9C97446E6A25->2573df58-4087-4dd0-8598-5abddcc696b9@group-CE3C0447B19C, cid=3208, SUCCESS, logIndex=5260, commits[2573df58-4087-4dd0-8598-5abddcc696b9:c5261]
2019-06-13 21:51:48,855 INFO  client.GrpcClientProtocolClient (GrpcClientProtocolClient.java:onNext(254)) - client-9C97446E6A25->2573df58-4087-4dd0-8598-5abddcc696b9: receive RaftClientReply:client-9C97446E6A25->2573df58-4087-4dd0-8598-5abddcc696b9@group-CE3C0447B19C, cid=3209, SUCCESS, logIndex=5262, commits[2573df58-4087-4dd0-8598-5abddcc696b9:c5262]
2019-06-13 21:51:48,856 INFO  client.GrpcClientProtocolClient (GrpcClientProtocolClient.java:onNext(254)) - client-9C97446E6A25->2573df58-4087-4dd0-8598-5abddcc696b9: receive RaftClientReply:client-9C97446E6A25->2573df58-4087-4dd0-8598-5abddcc696b9@group-CE3C0447B19C, cid=3210, SUCCESS, logIndex=5264, commits[2573df58-4087-4dd0-8598-5abddcc696b9:c5264]
2019-06-13 21:51:48,857 INFO  client.GrpcClientProtocolClient (GrpcClientProtocolClient.java:onNext(254)) - client-9C97446E6A25->2573df58-4087-4dd0-8598-5abddcc696b9: receive RaftClientReply:client-9C97446E6A25->2573df58-4087-4dd0-8598-5abddcc696b9@group-CE3C0447B19C, cid=3211, SUCCESS, logIndex=5265, commits[2573df58-4087-4dd0-8598-5abddcc696b9:c5267]
2019-06-13 21:51:48,858 INFO  client.GrpcClientProtocolClient (GrpcClientProtocolClient.java:onNext(254)) - client-9C97446E6A25->2573df58-4087-4dd0-8598-5abddcc696b9: receive RaftClientReply:client-9C97446E6A25->2573df58-4087-4dd0-8598-5abddcc696b9@group-CE3C0447B19C, cid=3212, SUCCESS, logIndex=5266, commits[2573df58-4087-4dd0-8598-5abddcc696b9:c5267]
2019-06-13 21:51:48,863 INFO  client.GrpcClientProtocolClient (GrpcClientProtocolClient.java:onNext(254)) - client-9C97446E6A25->2573df58-4087-4dd0-8598-5abddcc696b9: receive RaftClientReply:client-9C97446E6A25->2573df58-4087-4dd0-8598-5abddcc696b9@group-CE3C0447B19C, cid=3213, SUCCESS, logIndex=5268, commits[2573df58-4087-4dd0-8598-5abddcc696b9:c5268]
2019-06-13 21:51:48,864 INFO  client.GrpcClientProtocolClient (GrpcClientProtocolClient.java:onNext(254)) - client-9C97446E6A25->2573df58-4087-4dd0-8598-5abddcc696b9: receive RaftClientReply:client-9C97446E6A25->2573df58-4087-4dd0-8598-5abddcc696b9@group-CE3C0447B19C, cid=3214, SUCCESS, logIndex=5270, commits[2573df58-4087-4dd0-8598-5abddcc696b9:c5270]
2019-06-13 21:51:48,865 INFO  client.GrpcClientProtocolClient (GrpcClientProtocolClient.java:onNext(254)) - client-9C97446E6A25->2573df58-4087-4dd0-8598-5abddcc696b9: receive RaftClientReply:client-9C97446E6A25->2573df58-4087-4dd0-8598-5abddcc696b9@group-CE3C0447B19C, cid=3215, SUCCESS, logIndex=5271, commits[2573df58-4087-4dd0-8598-5abddcc696b9:c5273]
2019-06-13 21:51:48,865 INFO  client.GrpcClientProtocolClient (GrpcClientProtocolClient.java:onNext(254)) - client-9C97446E6A25->2573df58-4087-4dd0-8598-5abddcc696b9: receive RaftClientReply:client-9C97446E6A25->2573df58-4087-4dd0-8598-5abddcc696b9@group-CE3C0447B19C, cid=3216, SUCCESS, logIndex=5272, commits[2573df58-4087-4dd0-8598-5abddcc696b9:c5273]
2019-06-13 21:51:48,877 INFO  client.GrpcClientProtocolClient (GrpcClientProtocolClient.java:onNext(254)) - client-9C97446E6A25->2573df58-4087-4dd0-8598-5abddcc696b9: receive RaftClientReply:client-9C97446E6A25->2573df58-4087-4dd0-8598-5abddcc696b9@group-CE3C0447B19C, cid=3217, SUCCESS, logIndex=5274, commits[2573df58-4087-4dd0-8598-5abddcc696b9:c5274]
2019-06-13 21:51:48,878 INFO  client.GrpcClientProtocolClient (GrpcClientProtocolClient.java:onNext(254)) - client-9C97446E6A25->2573df58-4087-4dd0-8598-5abddcc696b9: receive RaftClientReply:client-9C97446E6A25->2573df58-4087-4dd0-8598-5abddcc696b9@group-CE3C0447B19C, cid=3218, SUCCESS, logIndex=5276, commits[2573df58-4087-4dd0-8598-5abddcc696b9:c5276]
2019-06-13 21:51:48,879 INFO  client.GrpcClientProtocolClient (GrpcClientProtocolClient.java:onNext(254)) - client-9C97446E6A25->2573df58-4087-4dd0-8598-5abddcc696b9: receive RaftClientReply:client-9C97446E6A25->2573df58-4087-4dd0-8598-5abddcc696b9@group-CE3C0447B19C, cid=3219, SUCCESS, logIndex=5277, commits[2573df58-4087-4dd0-8598-5abddcc696b9:c5278]
2019-06-13 21:51:48,879 INFO  client.GrpcClientProtocolClient (GrpcClientProtocolClient.java:onNext(254)) - client-9C97446E6A25->2573df58-4087-4dd0-8598-5abddcc696b9: receive RaftClientReply:client-9C97446E6A25->2573df58-4087-4dd0-8598-5abddcc696b9@group-CE3C0447B19C, cid=3220, SUCCESS, logIndex=5278, commits[2573df58-4087-4dd0-8598-5abddcc696b9:c5278]
2019-06-13 21:51:48,886 INFO  client.GrpcClientProtocolClient (GrpcClientProtocolClient.java:onNext(254)) - client-9C97446E6A25->2573df58-4087-4dd0-8598-5abddcc696b9: receive RaftClientReply:client-9C97446E6A25->2573df58-4087-4dd0-8598-5abddcc696b9@group-CE3C0447B19C, cid=3221, SUCCESS, logIndex=5281, commits[2573df58-4087-4dd0-8598-5abddcc696b9:c5281]
2019-06-13 21:51:48,888 INFO  client.GrpcClientProtocolClient (GrpcClientProtocolClient.java:onNext(254)) - client-9C97446E6A25->2573df58-4087-4dd0-8598-5abddcc696b9: receive RaftClientReply:client-9C97446E6A25->2573df58-4087-4dd0-8598-5abddcc696b9@group-CE3C0447B19C, cid=3222, SUCCESS, logIndex=5283, commits[2573df58-4087-4dd0-8598-5abddcc696b9:c5283]
2019-06-13 21:51:48,889 INFO  client.GrpcClientProtocolClient (GrpcClientProtocolClient.java:onNext(254)) - client-9C97446E6A25->2573df58-4087-4dd0-8598-5abddcc696b9: receive RaftClientReply:client-9C97446E6A25->2573df58-4087-4dd0-8598-5abddcc696b9@group-CE3C0447B19C, cid=3223, SUCCESS, logIndex=5284, commits[2573df58-4087-4dd0-8598-5abddcc696b9:c5286]
2019-06-13 21:51:48,889 INFO  client.GrpcClientProtocolClient (GrpcClientProtocolClient.java:onNext(254)) - client-9C97446E6A25->2573df58-4087-4dd0-8598-5abddcc696b9: receive RaftClientReply:client-9C97446E6A25->2573df58-4087-4dd0-8598-5abddcc696b9@group-CE3C0447B19C, cid=3224, SUCCESS, logIndex=5285, commits[2573df58-4087-4dd0-8598-5abddcc696b9:c5286]
2019-06-13 21:51:48,900 INFO  client.GrpcClientProtocolClient (GrpcClientProtocolClient.java:onNext(254)) - client-9C97446E6A25->2573df58-4087-4dd0-8598-5abddcc696b9: receive RaftClientReply:client-9C97446E6A25->2573df58-4087-4dd0-8598-5abddcc696b9@group-CE3C0447B19C, cid=3225, SUCCESS, logIndex=5287, commits[2573df58-4087-4dd0-8598-5abddcc696b9:c5287]
2019-06-13 21:51:48,901 INFO  client.GrpcClientProtocolClient (GrpcClientProtocolClient.java:onNext(254)) - client-9C97446E6A25->2573df58-4087-4dd0-8598-5abddcc696b9: receive RaftClientReply:client-9C97446E6A25->2573df58-4087-4dd0-8598-5abddcc696b9@group-CE3C0447B19C, cid=3226, SUCCESS, logIndex=5289, commits[2573df58-4087-4dd0-8598-5abddcc696b9:c5289]
2019-06-13 21:51:48,923 DEBUG block.SCMBlockDeletingService (SCMBlockDeletingService.java:call(138)) - Running DeletedBlockTransactionScanner
2019-06-13 21:51:48,923 DEBUG block.SCMBlockDeletingService (SCMBlockDeletingService.java:call(155)) - Scanned deleted blocks log and got 0 delTX to process.
2019-06-13 21:51:48,968 INFO  client.GrpcClientProtocolClient (GrpcClientProtocolClient.java:onNext(254)) - client-9C97446E6A25->2573df58-4087-4dd0-8598-5abddcc696b9: receive RaftClientReply:client-9C97446E6A25->2573df58-4087-4dd0-8598-5abddcc696b9@group-CE3C0447B19C, cid=3227, SUCCESS, logIndex=5291, commits[2573df58-4087-4dd0-8598-5abddcc696b9:c5291]
2019-06-13 21:51:48,969 INFO  client.GrpcClientProtocolClient (GrpcClientProtocolClient.java:onNext(254)) - client-9C97446E6A25->2573df58-4087-4dd0-8598-5abddcc696b9: receive RaftClientReply:client-9C97446E6A25->2573df58-4087-4dd0-8598-5abddcc696b9@group-CE3C0447B19C, cid=3228, SUCCESS, logIndex=5293, commits[2573df58-4087-4dd0-8598-5abddcc696b9:c5293]
2019-06-13 21:51:48,974 INFO  client.GrpcClientProtocolClient (GrpcClientProtocolClient.java:onNext(254)) - client-9C97446E6A25->2573df58-4087-4dd0-8598-5abddcc696b9: receive RaftClientReply:client-9C97446E6A25->2573df58-4087-4dd0-8598-5abddcc696b9@group-CE3C0447B19C, cid=3229, SUCCESS, logIndex=5295, commits[2573df58-4087-4dd0-8598-5abddcc696b9:c5295]
2019-06-13 21:51:48,974 INFO  storage.RaftLogWorker (RaftLogWorker.java:rollLogSegment(303)) - 2573df58-4087-4dd0-8598-5abddcc696b9-RaftLogWorker: Rolling segment log-5228_5296 to index:5296
2019-06-13 21:51:48,975 INFO  storage.RaftLogWorker (RaftLogWorker.java:execute(433)) - 2573df58-4087-4dd0-8598-5abddcc696b9-RaftLogWorker: Rolled log segment from /opt/src/hadoop-ozone/integration-test/target/test-dir/MiniOzoneClusterImpl-8578056e-9b7b-4e66-9e9f-ef53d5cd7c03/datanode-0/data/ratis/7f5c2536-ed89-4233-9ec0-ce3c0447b19c/current/log_inprogress_5228 to /opt/src/hadoop-ozone/integration-test/target/test-dir/MiniOzoneClusterImpl-8578056e-9b7b-4e66-9e9f-ef53d5cd7c03/datanode-0/data/ratis/7f5c2536-ed89-4233-9ec0-ce3c0447b19c/current/log_5228-5296
2019-06-13 21:51:49,011 INFO  storage.RaftLogWorker (RaftLogWorker.java:execute(469)) - 2573df58-4087-4dd0-8598-5abddcc696b9-RaftLogWorker: created new log segment /opt/src/hadoop-ozone/integration-test/target/test-dir/MiniOzoneClusterImpl-8578056e-9b7b-4e66-9e9f-ef53d5cd7c03/datanode-0/data/ratis/7f5c2536-ed89-4233-9ec0-ce3c0447b19c/current/log_inprogress_5297
2019-06-13 21:51:49,012 INFO  client.GrpcClientProtocolClient (GrpcClientProtocolClient.java:onNext(254)) - client-9C97446E6A25->2573df58-4087-4dd0-8598-5abddcc696b9: receive RaftClientReply:client-9C97446E6A25->2573df58-4087-4dd0-8598-5abddcc696b9@group-CE3C0447B19C, cid=3230, SUCCESS, logIndex=5297, commits[2573df58-4087-4dd0-8598-5abddcc696b9:c5299]
2019-06-13 21:51:49,013 INFO  client.GrpcClientProtocolClient (GrpcClientProtocolClient.java:onNext(254)) - client-9C97446E6A25->2573df58-4087-4dd0-8598-5abddcc696b9: receive RaftClientReply:client-9C97446E6A25->2573df58-4087-4dd0-8598-5abddcc696b9@group-CE3C0447B19C, cid=3231, SUCCESS, logIndex=5298, commits[2573df58-4087-4dd0-8598-5abddcc696b9:c5300]
2019-06-13 21:51:49,013 INFO  client.GrpcClientProtocolClient (GrpcClientProtocolClient.java:onNext(254)) - client-9C97446E6A25->2573df58-4087-4dd0-8598-5abddcc696b9: receive RaftClientReply:client-9C97446E6A25->2573df58-4087-4dd0-8598-5abddcc696b9@group-CE3C0447B19C, cid=3232, SUCCESS, logIndex=5299, commits[2573df58-4087-4dd0-8598-5abddcc696b9:c5300]
2019-06-13 21:51:49,023 INFO  client.GrpcClientProtocolClient (GrpcClientProtocolClient.java:onNext(254)) - client-9C97446E6A25->2573df58-4087-4dd0-8598-5abddcc696b9: receive RaftClientReply:client-9C97446E6A25->2573df58-4087-4dd0-8598-5abddcc696b9@group-CE3C0447B19C, cid=3233, SUCCESS, logIndex=5301, commits[2573df58-4087-4dd0-8598-5abddcc696b9:c5301]
2019-06-13 21:51:49,024 INFO  client.GrpcClientProtocolClient (GrpcClientProtocolClient.java:onNext(254)) - client-9C97446E6A25->2573df58-4087-4dd0-8598-5abddcc696b9: receive RaftClientReply:client-9C97446E6A25->2573df58-4087-4dd0-8598-5abddcc696b9@group-CE3C0447B19C, cid=3234, SUCCESS, logIndex=5303, commits[2573df58-4087-4dd0-8598-5abddcc696b9:c5303]
2019-06-13 21:51:49,024 DEBUG block.SCMBlockDeletingService (SCMBlockDeletingService.java:call(138)) - Running DeletedBlockTransactionScanner
2019-06-13 21:51:49,025 DEBUG block.SCMBlockDeletingService (SCMBlockDeletingService.java:call(155)) - Scanned deleted blocks log and got 0 delTX to process.
2019-06-13 21:51:49,026 INFO  client.GrpcClientProtocolClient (GrpcClientProtocolClient.java:onNext(254)) - client-9C97446E6A25->2573df58-4087-4dd0-8598-5abddcc696b9: receive RaftClientReply:client-9C97446E6A25->2573df58-4087-4dd0-8598-5abddcc696b9@group-CE3C0447B19C, cid=3235, SUCCESS, logIndex=5304, commits[2573df58-4087-4dd0-8598-5abddcc696b9:c5306]
2019-06-13 21:51:49,026 INFO  client.GrpcClientProtocolClient (GrpcClientProtocolClient.java:onNext(254)) - client-9C97446E6A25->2573df58-4087-4dd0-8598-5abddcc696b9: receive RaftClientReply:client-9C97446E6A25->2573df58-4087-4dd0-8598-5abddcc696b9@group-CE3C0447B19C, cid=3236, SUCCESS, logIndex=5305, commits[2573df58-4087-4dd0-8598-5abddcc696b9:c5306]
2019-06-13 21:51:49,032 INFO  client.GrpcClientProtocolClient (GrpcClientProtocolClient.java:onNext(254)) - client-9C97446E6A25->2573df58-4087-4dd0-8598-5abddcc696b9: receive RaftClientReply:client-9C97446E6A25->2573df58-4087-4dd0-8598-5abddcc696b9@group-CE3C0447B19C, cid=3237, SUCCESS, logIndex=5307, commits[2573df58-4087-4dd0-8598-5abddcc696b9:c5307]
2019-06-13 21:51:49,033 INFO  client.GrpcClientProtocolClient (GrpcClientProtocolClient.java:onNext(254)) - client-9C97446E6A25->2573df58-4087-4dd0-8598-5abddcc696b9: receive RaftClientReply:client-9C97446E6A25->2573df58-4087-4dd0-8598-5abddcc696b9@group-CE3C0447B19C, cid=3238, SUCCESS, logIndex=5309, commits[2573df58-4087-4dd0-8598-5abddcc696b9:c5309]
2019-06-13 21:51:49,034 INFO  client.GrpcClientProtocolClient (GrpcClientProtocolClient.java:onNext(254)) - client-9C97446E6A25->2573df58-4087-4dd0-8598-5abddcc696b9: receive RaftClientReply:client-9C97446E6A25->2573df58-4087-4dd0-8598-5abddcc696b9@group-CE3C0447B19C, cid=3239, SUCCESS, logIndex=5310, commits[2573df58-4087-4dd0-8598-5abddcc696b9:c5312]
2019-06-13 21:51:49,035 INFO  client.GrpcClientProtocolClient (GrpcClientProtocolClient.java:onNext(254)) - client-9C97446E6A25->2573df58-4087-4dd0-8598-5abddcc696b9: receive RaftClientReply:client-9C97446E6A25->2573df58-4087-4dd0-8598-5abddcc696b9@group-CE3C0447B19C, cid=3240, SUCCESS, logIndex=5311, commits[2573df58-4087-4dd0-8598-5abddcc696b9:c5312]
2019-06-13 21:51:49,045 INFO  client.GrpcClientProtocolClient (GrpcClientProtocolClient.java:onNext(254)) - client-9C97446E6A25->2573df58-4087-4dd0-8598-5abddcc696b9: receive RaftClientReply:client-9C97446E6A25->2573df58-4087-4dd0-8598-5abddcc696b9@group-CE3C0447B19C, cid=3241, SUCCESS, logIndex=5313, commits[2573df58-4087-4dd0-8598-5abddcc696b9:c5313]
2019-06-13 21:51:49,046 INFO  client.GrpcClientProtocolClient (GrpcClientProtocolClient.java:onNext(254)) - client-9C97446E6A25->2573df58-4087-4dd0-8598-5abddcc696b9: receive RaftClientReply:client-9C97446E6A25->2573df58-4087-4dd0-8598-5abddcc696b9@group-CE3C0447B19C, cid=3242, SUCCESS, logIndex=5315, commits[2573df58-4087-4dd0-8598-5abddcc696b9:c5315]
2019-06-13 21:51:49,048 INFO  client.GrpcClientProtocolClient (GrpcClientProtocolClient.java:onNext(254)) - client-9C97446E6A25->2573df58-4087-4dd0-8598-5abddcc696b9: receive RaftClientReply:client-9C97446E6A25->2573df58-4087-4dd0-8598-5abddcc696b9@group-CE3C0447B19C, cid=3243, SUCCESS, logIndex=5316, commits[2573df58-4087-4dd0-8598-5abddcc696b9:c5318]
2019-06-13 21:51:49,048 INFO  client.GrpcClientProtocolClient (GrpcClientProtocolClient.java:onNext(254)) - client-9C97446E6A25->2573df58-4087-4dd0-8598-5abddcc696b9: receive RaftClientReply:client-9C97446E6A25->2573df58-4087-4dd0-8598-5abddcc696b9@group-CE3C0447B19C, cid=3244, SUCCESS, logIndex=5317, commits[2573df58-4087-4dd0-8598-5abddcc696b9:c5318]
2019-06-13 21:51:49,059 INFO  client.GrpcClientProtocolClient (GrpcClientProtocolClient.java:onNext(254)) - client-9C97446E6A25->2573df58-4087-4dd0-8598-5abddcc696b9: receive RaftClientReply:client-9C97446E6A25->2573df58-4087-4dd0-8598-5abddcc696b9@group-CE3C0447B19C, cid=3245, SUCCESS, logIndex=5319, commits[2573df58-4087-4dd0-8598-5abddcc696b9:c5319]
2019-06-13 21:51:49,060 INFO  client.GrpcClientProtocolClient (GrpcClientProtocolClient.java:onNext(254)) - client-9C97446E6A25->2573df58-4087-4dd0-8598-5abddcc696b9: receive RaftClientReply:client-9C97446E6A25->2573df58-4087-4dd0-8598-5abddcc696b9@group-CE3C0447B19C, cid=3246, SUCCESS, logIndex=5321, commits[2573df58-4087-4dd0-8598-5abddcc696b9:c5321]
2019-06-13 21:51:49,061 INFO  client.GrpcClientProtocolClient (GrpcClientProtocolClient.java:onNext(254)) - client-9C97446E6A25->2573df58-4087-4dd0-8598-5abddcc696b9: receive RaftClientReply:client-9C97446E6A25->2573df58-4087-4dd0-8598-5abddcc696b9@group-CE3C0447B19C, cid=3247, SUCCESS, logIndex=5322, commits[2573df58-4087-4dd0-8598-5abddcc696b9:c5324]
2019-06-13 21:51:49,061 INFO  client.GrpcClientProtocolClient (GrpcClientProtocolClient.java:onNext(254)) - client-9C97446E6A25->2573df58-4087-4dd0-8598-5abddcc696b9: receive RaftClientReply:client-9C97446E6A25->2573df58-4087-4dd0-8598-5abddcc696b9@group-CE3C0447B19C, cid=3248, SUCCESS, logIndex=5323, commits[2573df58-4087-4dd0-8598-5abddcc696b9:c5324]
2019-06-13 21:51:49,073 INFO  client.GrpcClientProtocolClient (GrpcClientProtocolClient.java:onNext(254)) - client-9C97446E6A25->2573df58-4087-4dd0-8598-5abddcc696b9: receive RaftClientReply:client-9C97446E6A25->2573df58-4087-4dd0-8598-5abddcc696b9@group-CE3C0447B19C, cid=3249, SUCCESS, logIndex=5325, commits[2573df58-4087-4dd0-8598-5abddcc696b9:c5325]
2019-06-13 21:51:49,075 INFO  client.GrpcClientProtocolClient (GrpcClientProtocolClient.java:onNext(254)) - client-9C97446E6A25->2573df58-4087-4dd0-8598-5abddcc696b9: receive RaftClientReply:client-9C97446E6A25->2573df58-4087-4dd0-8598-5abddcc696b9@group-CE3C0447B19C, cid=3250, SUCCESS, logIndex=5327, commits[2573df58-4087-4dd0-8598-5abddcc696b9:c5327]
2019-06-13 21:51:49,075 INFO  client.GrpcClientProtocolClient (GrpcClientProtocolClient.java:onNext(254)) - client-9C97446E6A25->2573df58-4087-4dd0-8598-5abddcc696b9: receive RaftClientReply:client-9C97446E6A25->2573df58-4087-4dd0-8598-5abddcc696b9@group-CE3C0447B19C, cid=3251, SUCCESS, logIndex=5328, commits[2573df58-4087-4dd0-8598-5abddcc696b9:c5328]
2019-06-13 21:51:49,076 INFO  client.GrpcClientProtocolClient (GrpcClientProtocolClient.java:onNext(254)) - client-9C97446E6A25->2573df58-4087-4dd0-8598-5abddcc696b9: receive RaftClientReply:client-9C97446E6A25->2573df58-4087-4dd0-8598-5abddcc696b9@group-CE3C0447B19C, cid=3252, SUCCESS, logIndex=5330, commits[2573df58-4087-4dd0-8598-5abddcc696b9:c5330]
2019-06-13 21:51:49,081 INFO  client.GrpcClientProtocolClient (GrpcClientProtocolClient.java:onNext(254)) - client-9C97446E6A25->2573df58-4087-4dd0-8598-5abddcc696b9: receive RaftClientReply:client-9C97446E6A25->2573df58-4087-4dd0-8598-5abddcc696b9@group-CE3C0447B19C, cid=3253, SUCCESS, logIndex=5333, commits[2573df58-4087-4dd0-8598-5abddcc696b9:c5333]
2019-06-13 21:51:49,083 INFO  client.GrpcClientProtocolClient (GrpcClientProtocolClient.java:onNext(254)) - client-9C97446E6A25->2573df58-4087-4dd0-8598-5abddcc696b9: receive RaftClientReply:client-9C97446E6A25->2573df58-4087-4dd0-8598-5abddcc696b9@group-CE3C0447B19C, cid=3254, SUCCESS, logIndex=5335, commits[2573df58-4087-4dd0-8598-5abddcc696b9:c5335]
2019-06-13 21:51:49,084 INFO  client.GrpcClientProtocolClient (GrpcClientProtocolClient.java:onNext(254)) - client-9C97446E6A25->2573df58-4087-4dd0-8598-5abddcc696b9: receive RaftClientReply:client-9C97446E6A25->2573df58-4087-4dd0-8598-5abddcc696b9@group-CE3C0447B19C, cid=3255, SUCCESS, logIndex=5336, commits[2573df58-4087-4dd0-8598-5abddcc696b9:c5336]
2019-06-13 21:51:49,084 INFO  client.GrpcClientProtocolClient (GrpcClientProtocolClient.java:onNext(254)) - client-9C97446E6A25->2573df58-4087-4dd0-8598-5abddcc696b9: receive RaftClientReply:client-9C97446E6A25->2573df58-4087-4dd0-8598-5abddcc696b9@group-CE3C0447B19C, cid=3256, SUCCESS, logIndex=5338, commits[2573df58-4087-4dd0-8598-5abddcc696b9:c5338]
2019-06-13 21:51:49,096 INFO  client.GrpcClientProtocolClient (GrpcClientProtocolClient.java:onNext(254)) - client-9C97446E6A25->2573df58-4087-4dd0-8598-5abddcc696b9: receive RaftClientReply:client-9C97446E6A25->2573df58-4087-4dd0-8598-5abddcc696b9@group-CE3C0447B19C, cid=3257, SUCCESS, logIndex=5341, commits[2573df58-4087-4dd0-8598-5abddcc696b9:c5341]
2019-06-13 21:51:49,098 INFO  client.GrpcClientProtocolClient (GrpcClientProtocolClient.java:onNext(254)) - client-9C97446E6A25->2573df58-4087-4dd0-8598-5abddcc696b9: receive RaftClientReply:client-9C97446E6A25->2573df58-4087-4dd0-8598-5abddcc696b9@group-CE3C0447B19C, cid=3258, SUCCESS, logIndex=5343, commits[2573df58-4087-4dd0-8598-5abddcc696b9:c5345]
2019-06-13 21:51:49,099 INFO  client.GrpcClientProtocolClient (GrpcClientProtocolClient.java:onNext(254)) - client-9C97446E6A25->2573df58-4087-4dd0-8598-5abddcc696b9: receive RaftClientReply:client-9C97446E6A25->2573df58-4087-4dd0-8598-5abddcc696b9@group-CE3C0447B19C, cid=3259, SUCCESS, logIndex=5344, commits[2573df58-4087-4dd0-8598-5abddcc696b9:c5345]
2019-06-13 21:51:49,099 INFO  client.GrpcClientProtocolClient (GrpcClientProtocolClient.java:onNext(254)) - client-9C97446E6A25->2573df58-4087-4dd0-8598-5abddcc696b9: receive RaftClientReply:client-9C97446E6A25->2573df58-4087-4dd0-8598-5abddcc696b9@group-CE3C0447B19C, cid=3260, SUCCESS, logIndex=5345, commits[2573df58-4087-4dd0-8598-5abddcc696b9:c5345]
2019-06-13 21:51:49,104 INFO  client.GrpcClientProtocolClient (GrpcClientProtocolClient.java:onNext(254)) - client-9C97446E6A25->2573df58-4087-4dd0-8598-5abddcc696b9: receive RaftClientReply:client-9C97446E6A25->2573df58-4087-4dd0-8598-5abddcc696b9@group-CE3C0447B19C, cid=3261, SUCCESS, logIndex=5347, commits[2573df58-4087-4dd0-8598-5abddcc696b9:c5347]
2019-06-13 21:51:49,105 INFO  client.GrpcClientProtocolClient (GrpcClientProtocolClient.java:onNext(254)) - client-9C97446E6A25->2573df58-4087-4dd0-8598-5abddcc696b9: receive RaftClientReply:client-9C97446E6A25->2573df58-4087-4dd0-8598-5abddcc696b9@group-CE3C0447B19C, cid=3262, SUCCESS, logIndex=5349, commits[2573df58-4087-4dd0-8598-5abddcc696b9:c5349]
2019-06-13 21:51:49,107 INFO  client.GrpcClientProtocolClient (GrpcClientProtocolClient.java:onNext(254)) - client-9C97446E6A25->2573df58-4087-4dd0-8598-5abddcc696b9: receive RaftClientReply:client-9C97446E6A25->2573df58-4087-4dd0-8598-5abddcc696b9@group-CE3C0447B19C, cid=3263, SUCCESS, logIndex=5351, commits[2573df58-4087-4dd0-8598-5abddcc696b9:c5352]
2019-06-13 21:51:49,108 INFO  client.GrpcClientProtocolClient (GrpcClientProtocolClient.java:onNext(254)) - client-9C97446E6A25->2573df58-4087-4dd0-8598-5abddcc696b9: receive RaftClientReply:client-9C97446E6A25->2573df58-4087-4dd0-8598-5abddcc696b9@group-CE3C0447B19C, cid=3264, SUCCESS, logIndex=5352, commits[2573df58-4087-4dd0-8598-5abddcc696b9:c5352]
2019-06-13 21:51:49,118 INFO  client.GrpcClientProtocolClient (GrpcClientProtocolClient.java:onNext(254)) - client-9C97446E6A25->2573df58-4087-4dd0-8598-5abddcc696b9: receive RaftClientReply:client-9C97446E6A25->2573df58-4087-4dd0-8598-5abddcc696b9@group-CE3C0447B19C, cid=3265, SUCCESS, logIndex=5354, commits[2573df58-4087-4dd0-8598-5abddcc696b9:c5354]
2019-06-13 21:51:49,120 INFO  client.GrpcClientProtocolClient (GrpcClientProtocolClient.java:onNext(254)) - client-9C97446E6A25->2573df58-4087-4dd0-8598-5abddcc696b9: receive RaftClientReply:client-9C97446E6A25->2573df58-4087-4dd0-8598-5abddcc696b9@group-CE3C0447B19C, cid=3266, SUCCESS, logIndex=5356, commits[2573df58-4087-4dd0-8598-5abddcc696b9:c5356]
2019-06-13 21:51:49,121 INFO  client.GrpcClientProtocolClient (GrpcClientProtocolClient.java:onNext(254)) - client-9C97446E6A25->2573df58-4087-4dd0-8598-5abddcc696b9: receive RaftClientReply:client-9C97446E6A25->2573df58-4087-4dd0-8598-5abddcc696b9@group-CE3C0447B19C, cid=3267, SUCCESS, logIndex=5357, commits[2573df58-4087-4dd0-8598-5abddcc696b9:c5357]
2019-06-13 21:51:49,121 INFO  client.GrpcClientProtocolClient (GrpcClientProtocolClient.java:onNext(254)) - client-9C97446E6A25->2573df58-4087-4dd0-8598-5abddcc696b9: receive RaftClientReply:client-9C97446E6A25->2573df58-4087-4dd0-8598-5abddcc696b9@group-CE3C0447B19C, cid=3268, SUCCESS, logIndex=5359, commits[2573df58-4087-4dd0-8598-5abddcc696b9:c5359]
2019-06-13 21:51:49,162 DEBUG block.SCMBlockDeletingService (SCMBlockDeletingService.java:call(138)) - Running DeletedBlockTransactionScanner
2019-06-13 21:51:49,162 DEBUG block.SCMBlockDeletingService (SCMBlockDeletingService.java:call(155)) - Scanned deleted blocks log and got 0 delTX to process.
2019-06-13 21:51:49,169 INFO  client.GrpcClientProtocolClient (GrpcClientProtocolClient.java:onNext(254)) - client-9C97446E6A25->2573df58-4087-4dd0-8598-5abddcc696b9: receive RaftClientReply:client-9C97446E6A25->2573df58-4087-4dd0-8598-5abddcc696b9@group-CE3C0447B19C, cid=3269, SUCCESS, logIndex=5362, commits[2573df58-4087-4dd0-8598-5abddcc696b9:c5362]
2019-06-13 21:51:49,171 INFO  client.GrpcClientProtocolClient (GrpcClientProtocolClient.java:onNext(254)) - client-9C97446E6A25->2573df58-4087-4dd0-8598-5abddcc696b9: receive RaftClientReply:client-9C97446E6A25->2573df58-4087-4dd0-8598-5abddcc696b9@group-CE3C0447B19C, cid=3270, SUCCESS, logIndex=5364, commits[2573df58-4087-4dd0-8598-5abddcc696b9:c5364]
2019-06-13 21:51:49,238 INFO  client.GrpcClientProtocolClient (GrpcClientProtocolClient.java:onNext(254)) - client-9C97446E6A25->2573df58-4087-4dd0-8598-5abddcc696b9: receive RaftClientReply:client-9C97446E6A25->2573df58-4087-4dd0-8598-5abddcc696b9@group-CE3C0447B19C, cid=3271, SUCCESS, logIndex=5366, commits[2573df58-4087-4dd0-8598-5abddcc696b9:c5366]
2019-06-13 21:51:49,238 INFO  storage.RaftLogWorker (RaftLogWorker.java:rollLogSegment(303)) - 2573df58-4087-4dd0-8598-5abddcc696b9-RaftLogWorker: Rolling segment log-5297_5367 to index:5367
2019-06-13 21:51:49,239 INFO  storage.RaftLogWorker (RaftLogWorker.java:execute(433)) - 2573df58-4087-4dd0-8598-5abddcc696b9-RaftLogWorker: Rolled log segment from /opt/src/hadoop-ozone/integration-test/target/test-dir/MiniOzoneClusterImpl-8578056e-9b7b-4e66-9e9f-ef53d5cd7c03/datanode-0/data/ratis/7f5c2536-ed89-4233-9ec0-ce3c0447b19c/current/log_inprogress_5297 to /opt/src/hadoop-ozone/integration-test/target/test-dir/MiniOzoneClusterImpl-8578056e-9b7b-4e66-9e9f-ef53d5cd7c03/datanode-0/data/ratis/7f5c2536-ed89-4233-9ec0-ce3c0447b19c/current/log_5297-5367
2019-06-13 21:51:49,262 DEBUG block.SCMBlockDeletingService (SCMBlockDeletingService.java:call(138)) - Running DeletedBlockTransactionScanner
2019-06-13 21:51:49,263 DEBUG block.SCMBlockDeletingService (SCMBlockDeletingService.java:call(155)) - Scanned deleted blocks log and got 0 delTX to process.
2019-06-13 21:51:49,275 INFO  storage.RaftLogWorker (RaftLogWorker.java:execute(469)) - 2573df58-4087-4dd0-8598-5abddcc696b9-RaftLogWorker: created new log segment /opt/src/hadoop-ozone/integration-test/target/test-dir/MiniOzoneClusterImpl-8578056e-9b7b-4e66-9e9f-ef53d5cd7c03/datanode-0/data/ratis/7f5c2536-ed89-4233-9ec0-ce3c0447b19c/current/log_inprogress_5368
2019-06-13 21:51:49,276 INFO  client.GrpcClientProtocolClient (GrpcClientProtocolClient.java:onNext(254)) - client-9C97446E6A25->2573df58-4087-4dd0-8598-5abddcc696b9: receive RaftClientReply:client-9C97446E6A25->2573df58-4087-4dd0-8598-5abddcc696b9@group-CE3C0447B19C, cid=3272, SUCCESS, logIndex=5368, commits[2573df58-4087-4dd0-8598-5abddcc696b9:c5368]
2019-06-13 21:51:49,286 INFO  client.GrpcClientProtocolClient (GrpcClientProtocolClient.java:onNext(254)) - client-9C97446E6A25->2573df58-4087-4dd0-8598-5abddcc696b9: receive RaftClientReply:client-9C97446E6A25->2573df58-4087-4dd0-8598-5abddcc696b9@group-CE3C0447B19C, cid=3273, SUCCESS, logIndex=5370, commits[2573df58-4087-4dd0-8598-5abddcc696b9:c5370]
2019-06-13 21:51:49,288 INFO  client.GrpcClientProtocolClient (GrpcClientProtocolClient.java:onNext(254)) - client-9C97446E6A25->2573df58-4087-4dd0-8598-5abddcc696b9: receive RaftClientReply:client-9C97446E6A25->2573df58-4087-4dd0-8598-5abddcc696b9@group-CE3C0447B19C, cid=3274, SUCCESS, logIndex=5372, commits[2573df58-4087-4dd0-8598-5abddcc696b9:c5372]
2019-06-13 21:51:49,289 INFO  client.GrpcClientProtocolClient (GrpcClientProtocolClient.java:onNext(254)) - client-9C97446E6A25->2573df58-4087-4dd0-8598-5abddcc696b9: receive RaftClientReply:client-9C97446E6A25->2573df58-4087-4dd0-8598-5abddcc696b9@group-CE3C0447B19C, cid=3275, SUCCESS, logIndex=5373, commits[2573df58-4087-4dd0-8598-5abddcc696b9:c5375]
2019-06-13 21:51:49,289 INFO  client.GrpcClientProtocolClient (GrpcClientProtocolClient.java:onNext(254)) - client-9C97446E6A25->2573df58-4087-4dd0-8598-5abddcc696b9: receive RaftClientReply:client-9C97446E6A25->2573df58-4087-4dd0-8598-5abddcc696b9@group-CE3C0447B19C, cid=3276, SUCCESS, logIndex=5374, commits[2573df58-4087-4dd0-8598-5abddcc696b9:c5375]
2019-06-13 21:51:49,294 INFO  client.GrpcClientProtocolClient (GrpcClientProtocolClient.java:onNext(254)) - client-9C97446E6A25->2573df58-4087-4dd0-8598-5abddcc696b9: receive RaftClientReply:client-9C97446E6A25->2573df58-4087-4dd0-8598-5abddcc696b9@group-CE3C0447B19C, cid=3277, SUCCESS, logIndex=5376, commits[2573df58-4087-4dd0-8598-5abddcc696b9:c5376]
2019-06-13 21:51:49,295 INFO  client.GrpcClientProtocolClient (GrpcClientProtocolClient.java:onNext(254)) - client-9C97446E6A25->2573df58-4087-4dd0-8598-5abddcc696b9: receive RaftClientReply:client-9C97446E6A25->2573df58-4087-4dd0-8598-5abddcc696b9@group-CE3C0447B19C, cid=3278, SUCCESS, logIndex=5378, commits[2573df58-4087-4dd0-8598-5abddcc696b9:c5378]
2019-06-13 21:51:49,296 INFO  client.GrpcClientProtocolClient (GrpcClientProtocolClient.java:onNext(254)) - client-9C97446E6A25->2573df58-4087-4dd0-8598-5abddcc696b9: receive RaftClientReply:client-9C97446E6A25->2573df58-4087-4dd0-8598-5abddcc696b9@group-CE3C0447B19C, cid=3279, SUCCESS, logIndex=5379, commits[2573df58-4087-4dd0-8598-5abddcc696b9:c5379]
2019-06-13 21:51:49,296 INFO  client.GrpcClientProtocolClient (GrpcClientProtocolClient.java:onNext(254)) - client-9C97446E6A25->2573df58-4087-4dd0-8598-5abddcc696b9: receive RaftClientReply:client-9C97446E6A25->2573df58-4087-4dd0-8598-5abddcc696b9@group-CE3C0447B19C, cid=3280, SUCCESS, logIndex=5381, commits[2573df58-4087-4dd0-8598-5abddcc696b9:c5381]
2019-06-13 21:51:49,308 INFO  client.GrpcClientProtocolClient (GrpcClientProtocolClient.java:onNext(254)) - client-9C97446E6A25->2573df58-4087-4dd0-8598-5abddcc696b9: receive RaftClientReply:client-9C97446E6A25->2573df58-4087-4dd0-8598-5abddcc696b9@group-CE3C0447B19C, cid=3281, SUCCESS, logIndex=5384, commits[2573df58-4087-4dd0-8598-5abddcc696b9:c5384]
2019-06-13 21:51:49,310 INFO  client.GrpcClientProtocolClient (GrpcClientProtocolClient.java:onNext(254)) - client-9C97446E6A25->2573df58-4087-4dd0-8598-5abddcc696b9: receive RaftClientReply:client-9C97446E6A25->2573df58-4087-4dd0-8598-5abddcc696b9@group-CE3C0447B19C, cid=3282, SUCCESS, logIndex=5386, commits[2573df58-4087-4dd0-8598-5abddcc696b9:c5386]
2019-06-13 21:51:49,310 INFO  client.GrpcClientProtocolClient (GrpcClientProtocolClient.java:onNext(254)) - client-9C97446E6A25->2573df58-4087-4dd0-8598-5abddcc696b9: receive RaftClientReply:client-9C97446E6A25->2573df58-4087-4dd0-8598-5abddcc696b9@group-CE3C0447B19C, cid=3283, SUCCESS, logIndex=5387, commits[2573df58-4087-4dd0-8598-5abddcc696b9:c5389]
2019-06-13 21:51:49,311 INFO  client.GrpcClientProtocolClient (GrpcClientProtocolClient.java:onNext(254)) - client-9C97446E6A25->2573df58-4087-4dd0-8598-5abddcc696b9: receive RaftClientReply:client-9C97446E6A25->2573df58-4087-4dd0-8598-5abddcc696b9@group-CE3C0447B19C, cid=3284, SUCCESS, logIndex=5388, commits[2573df58-4087-4dd0-8598-5abddcc696b9:c5389]
2019-06-13 21:51:49,318 INFO  client.GrpcClientProtocolClient (GrpcClientProtocolClient.java:onNext(254)) - client-9C97446E6A25->2573df58-4087-4dd0-8598-5abddcc696b9: receive RaftClientReply:client-9C97446E6A25->2573df58-4087-4dd0-8598-5abddcc696b9@group-CE3C0447B19C, cid=3285, SUCCESS, logIndex=5390, commits[2573df58-4087-4dd0-8598-5abddcc696b9:c5390]
2019-06-13 21:51:49,320 INFO  client.GrpcClientProtocolClient (GrpcClientProtocolClient.java:onNext(254)) - client-9C97446E6A25->2573df58-4087-4dd0-8598-5abddcc696b9: receive RaftClientReply:client-9C97446E6A25->2573df58-4087-4dd0-8598-5abddcc696b9@group-CE3C0447B19C, cid=3286, SUCCESS, logIndex=5392, commits[2573df58-4087-4dd0-8598-5abddcc696b9:c5392]
2019-06-13 21:51:49,320 INFO  client.GrpcClientProtocolClient (GrpcClientProtocolClient.java:onNext(254)) - client-9C97446E6A25->2573df58-4087-4dd0-8598-5abddcc696b9: receive RaftClientReply:client-9C97446E6A25->2573df58-4087-4dd0-8598-5abddcc696b9@group-CE3C0447B19C, cid=3287, SUCCESS, logIndex=5393, commits[2573df58-4087-4dd0-8598-5abddcc696b9:c5395]
2019-06-13 21:51:49,321 INFO  client.GrpcClientProtocolClient (GrpcClientProtocolClient.java:onNext(254)) - client-9C97446E6A25->2573df58-4087-4dd0-8598-5abddcc696b9: receive RaftClientReply:client-9C97446E6A25->2573df58-4087-4dd0-8598-5abddcc696b9@group-CE3C0447B19C, cid=3288, SUCCESS, logIndex=5394, commits[2573df58-4087-4dd0-8598-5abddcc696b9:c5395]
2019-06-13 21:51:49,331 INFO  client.GrpcClientProtocolClient (GrpcClientProtocolClient.java:onNext(254)) - client-9C97446E6A25->2573df58-4087-4dd0-8598-5abddcc696b9: receive RaftClientReply:client-9C97446E6A25->2573df58-4087-4dd0-8598-5abddcc696b9@group-CE3C0447B19C, cid=3289, SUCCESS, logIndex=5396, commits[2573df58-4087-4dd0-8598-5abddcc696b9:c5396]
2019-06-13 21:51:49,333 INFO  client.GrpcClientProtocolClient (GrpcClientProtocolClient.java:onNext(254)) - client-9C97446E6A25->2573df58-4087-4dd0-8598-5abddcc696b9: receive RaftClientReply:client-9C97446E6A25->2573df58-4087-4dd0-8598-5abddcc696b9@group-CE3C0447B19C, cid=3290, SUCCESS, logIndex=5398, commits[2573df58-4087-4dd0-8598-5abddcc696b9:c5398]
2019-06-13 21:51:49,334 INFO  client.GrpcClientProtocolClient (GrpcClientProtocolClient.java:onNext(254)) - client-9C97446E6A25->2573df58-4087-4dd0-8598-5abddcc696b9: receive RaftClientReply:client-9C97446E6A25->2573df58-4087-4dd0-8598-5abddcc696b9@group-CE3C0447B19C, cid=3291, SUCCESS, logIndex=5399, commits[2573df58-4087-4dd0-8598-5abddcc696b9:c5401]
2019-06-13 21:51:49,334 INFO  client.GrpcClientProtocolClient (GrpcClientProtocolClient.java:onNext(254)) - client-9C97446E6A25->2573df58-4087-4dd0-8598-5abddcc696b9: receive RaftClientReply:client-9C97446E6A25->2573df58-4087-4dd0-8598-5abddcc696b9@group-CE3C0447B19C, cid=3292, SUCCESS, logIndex=5400, commits[2573df58-4087-4dd0-8598-5abddcc696b9:c5401]
2019-06-13 21:51:49,339 INFO  client.GrpcClientProtocolClient (GrpcClientProtocolClient.java:onNext(254)) - client-9C97446E6A25->2573df58-4087-4dd0-8598-5abddcc696b9: receive RaftClientReply:client-9C97446E6A25->2573df58-4087-4dd0-8598-5abddcc696b9@group-CE3C0447B19C, cid=3293, SUCCESS, logIndex=5402, commits[2573df58-4087-4dd0-8598-5abddcc696b9:c5402]
2019-06-13 21:51:49,340 INFO  client.GrpcClientProtocolClient (GrpcClientProtocolClient.java:onNext(254)) - client-9C97446E6A25->2573df58-4087-4dd0-8598-5abddcc696b9: receive RaftClientReply:client-9C97446E6A25->2573df58-4087-4dd0-8598-5abddcc696b9@group-CE3C0447B19C, cid=3294, SUCCESS, logIndex=5404, commits[2573df58-4087-4dd0-8598-5abddcc696b9:c5404]
2019-06-13 21:51:49,341 INFO  client.GrpcClientProtocolClient (GrpcClientProtocolClient.java:onNext(254)) - client-9C97446E6A25->2573df58-4087-4dd0-8598-5abddcc696b9: receive RaftClientReply:client-9C97446E6A25->2573df58-4087-4dd0-8598-5abddcc696b9@group-CE3C0447B19C, cid=3295, SUCCESS, logIndex=5405, commits[2573df58-4087-4dd0-8598-5abddcc696b9:c5407]
2019-06-13 21:51:49,341 INFO  client.GrpcClientProtocolClient (GrpcClientProtocolClient.java:onNext(254)) - client-9C97446E6A25->2573df58-4087-4dd0-8598-5abddcc696b9: receive RaftClientReply:client-9C97446E6A25->2573df58-4087-4dd0-8598-5abddcc696b9@group-CE3C0447B19C, cid=3296, SUCCESS, logIndex=5406, commits[2573df58-4087-4dd0-8598-5abddcc696b9:c5407]
2019-06-13 21:51:49,352 INFO  client.GrpcClientProtocolClient (GrpcClientProtocolClient.java:onNext(254)) - client-9C97446E6A25->2573df58-4087-4dd0-8598-5abddcc696b9: receive RaftClientReply:client-9C97446E6A25->2573df58-4087-4dd0-8598-5abddcc696b9@group-CE3C0447B19C, cid=3297, SUCCESS, logIndex=5408, commits[2573df58-4087-4dd0-8598-5abddcc696b9:c5408]
2019-06-13 21:51:49,354 INFO  client.GrpcClientProtocolClient (GrpcClientProtocolClient.java:onNext(254)) - client-9C97446E6A25->2573df58-4087-4dd0-8598-5abddcc696b9: receive RaftClientReply:client-9C97446E6A25->2573df58-4087-4dd0-8598-5abddcc696b9@group-CE3C0447B19C, cid=3298, SUCCESS, logIndex=5410, commits[2573df58-4087-4dd0-8598-5abddcc696b9:c5412]
2019-06-13 21:51:49,354 INFO  client.GrpcClientProtocolClient (GrpcClientProtocolClient.java:onNext(254)) - client-9C97446E6A25->2573df58-4087-4dd0-8598-5abddcc696b9: receive RaftClientReply:client-9C97446E6A25->2573df58-4087-4dd0-8598-5abddcc696b9@group-CE3C0447B19C, cid=3299, SUCCESS, logIndex=5411, commits[2573df58-4087-4dd0-8598-5abddcc696b9:c5412]
2019-06-13 21:51:49,355 INFO  client.GrpcClientProtocolClient (GrpcClientProtocolClient.java:onNext(254)) - client-9C97446E6A25->2573df58-4087-4dd0-8598-5abddcc696b9: receive RaftClientReply:client-9C97446E6A25->2573df58-4087-4dd0-8598-5abddcc696b9@group-CE3C0447B19C, cid=3300, SUCCESS, logIndex=5412, commits[2573df58-4087-4dd0-8598-5abddcc696b9:c5412]
2019-06-13 21:51:49,359 INFO  client.GrpcClientProtocolClient (GrpcClientProtocolClient.java:onNext(254)) - client-9C97446E6A25->2573df58-4087-4dd0-8598-5abddcc696b9: receive RaftClientReply:client-9C97446E6A25->2573df58-4087-4dd0-8598-5abddcc696b9@group-CE3C0447B19C, cid=3301, SUCCESS, logIndex=5414, commits[2573df58-4087-4dd0-8598-5abddcc696b9:c5414]
2019-06-13 21:51:49,361 INFO  client.GrpcClientProtocolClient (GrpcClientProtocolClient.java:onNext(254)) - client-9C97446E6A25->2573df58-4087-4dd0-8598-5abddcc696b9: receive RaftClientReply:client-9C97446E6A25->2573df58-4087-4dd0-8598-5abddcc696b9@group-CE3C0447B19C, cid=3302, SUCCESS, logIndex=5416, commits[2573df58-4087-4dd0-8598-5abddcc696b9:c5416]
2019-06-13 21:51:49,362 INFO  client.GrpcClientProtocolClient (GrpcClientProtocolClient.java:onNext(254)) - client-9C97446E6A25->2573df58-4087-4dd0-8598-5abddcc696b9: receive RaftClientReply:client-9C97446E6A25->2573df58-4087-4dd0-8598-5abddcc696b9@group-CE3C0447B19C, cid=3303, SUCCESS, logIndex=5417, commits[2573df58-4087-4dd0-8598-5abddcc696b9:c5418]
2019-06-13 21:51:49,363 DEBUG block.SCMBlockDeletingService (SCMBlockDeletingService.java:call(138)) - Running DeletedBlockTransactionScanner
2019-06-13 21:51:49,363 DEBUG block.SCMBlockDeletingService (SCMBlockDeletingService.java:call(155)) - Scanned deleted blocks log and got 0 delTX to process.
2019-06-13 21:51:49,363 INFO  client.GrpcClientProtocolClient (GrpcClientProtocolClient.java:onNext(254)) - client-9C97446E6A25->2573df58-4087-4dd0-8598-5abddcc696b9: receive RaftClientReply:client-9C97446E6A25->2573df58-4087-4dd0-8598-5abddcc696b9@group-CE3C0447B19C, cid=3304, SUCCESS, logIndex=5419, commits[2573df58-4087-4dd0-8598-5abddcc696b9:c5419]
2019-06-13 21:51:49,373 INFO  client.GrpcClientProtocolClient (GrpcClientProtocolClient.java:onNext(254)) - client-9C97446E6A25->2573df58-4087-4dd0-8598-5abddcc696b9: receive RaftClientReply:client-9C97446E6A25->2573df58-4087-4dd0-8598-5abddcc696b9@group-CE3C0447B19C, cid=3305, SUCCESS, logIndex=5421, commits[2573df58-4087-4dd0-8598-5abddcc696b9:c5421]
2019-06-13 21:51:49,374 INFO  client.GrpcClientProtocolClient (GrpcClientProtocolClient.java:onNext(254)) - client-9C97446E6A25->2573df58-4087-4dd0-8598-5abddcc696b9: receive RaftClientReply:client-9C97446E6A25->2573df58-4087-4dd0-8598-5abddcc696b9@group-CE3C0447B19C, cid=3306, SUCCESS, logIndex=5423, commits[2573df58-4087-4dd0-8598-5abddcc696b9:c5423]
2019-06-13 21:51:49,375 INFO  client.GrpcClientProtocolClient (GrpcClientProtocolClient.java:onNext(254)) - client-9C97446E6A25->2573df58-4087-4dd0-8598-5abddcc696b9: receive RaftClientReply:client-9C97446E6A25->2573df58-4087-4dd0-8598-5abddcc696b9@group-CE3C0447B19C, cid=3307, SUCCESS, logIndex=5424, commits[2573df58-4087-4dd0-8598-5abddcc696b9:c5426]
2019-06-13 21:51:49,375 INFO  client.GrpcClientProtocolClient (GrpcClientProtocolClient.java:onNext(254)) - client-9C97446E6A25->2573df58-4087-4dd0-8598-5abddcc696b9: receive RaftClientReply:client-9C97446E6A25->2573df58-4087-4dd0-8598-5abddcc696b9@group-CE3C0447B19C, cid=3308, SUCCESS, logIndex=5425, commits[2573df58-4087-4dd0-8598-5abddcc696b9:c5426]
2019-06-13 21:51:49,381 INFO  client.GrpcClientProtocolClient (GrpcClientProtocolClient.java:onNext(254)) - client-9C97446E6A25->2573df58-4087-4dd0-8598-5abddcc696b9: receive RaftClientReply:client-9C97446E6A25->2573df58-4087-4dd0-8598-5abddcc696b9@group-CE3C0447B19C, cid=3309, SUCCESS, logIndex=5427, commits[2573df58-4087-4dd0-8598-5abddcc696b9:c5427]
2019-06-13 21:51:49,382 INFO  client.GrpcClientProtocolClient (GrpcClientProtocolClient.java:onNext(254)) - client-9C97446E6A25->2573df58-4087-4dd0-8598-5abddcc696b9: receive RaftClientReply:client-9C97446E6A25->2573df58-4087-4dd0-8598-5abddcc696b9@group-CE3C0447B19C, cid=3310, SUCCESS, logIndex=5429, commits[2573df58-4087-4dd0-8598-5abddcc696b9:c5429]
2019-06-13 21:51:49,383 INFO  client.GrpcClientProtocolClient (GrpcClientProtocolClient.java:onNext(254)) - client-9C97446E6A25->2573df58-4087-4dd0-8598-5abddcc696b9: receive RaftClientReply:client-9C97446E6A25->2573df58-4087-4dd0-8598-5abddcc696b9@group-CE3C0447B19C, cid=3311, SUCCESS, logIndex=5430, commits[2573df58-4087-4dd0-8598-5abddcc696b9:c5432]
2019-06-13 21:51:49,383 INFO  client.GrpcClientProtocolClient (GrpcClientProtocolClient.java:onNext(254)) - client-9C97446E6A25->2573df58-4087-4dd0-8598-5abddcc696b9: receive RaftClientReply:client-9C97446E6A25->2573df58-4087-4dd0-8598-5abddcc696b9@group-CE3C0447B19C, cid=3312, SUCCESS, logIndex=5431, commits[2573df58-4087-4dd0-8598-5abddcc696b9:c5432]
2019-06-13 21:51:49,393 INFO  client.GrpcClientProtocolClient (GrpcClientProtocolClient.java:onNext(254)) - client-9C97446E6A25->2573df58-4087-4dd0-8598-5abddcc696b9: receive RaftClientReply:client-9C97446E6A25->2573df58-4087-4dd0-8598-5abddcc696b9@group-CE3C0447B19C, cid=3313, SUCCESS, logIndex=5433, commits[2573df58-4087-4dd0-8598-5abddcc696b9:c5433]
2019-06-13 21:51:49,395 INFO  client.GrpcClientProtocolClient (GrpcClientProtocolClient.java:onNext(254)) - client-9C97446E6A25->2573df58-4087-4dd0-8598-5abddcc696b9: receive RaftClientReply:client-9C97446E6A25->2573df58-4087-4dd0-8598-5abddcc696b9@group-CE3C0447B19C, cid=3314, SUCCESS, logIndex=5435, commits[2573df58-4087-4dd0-8598-5abddcc696b9:c5435]
2019-06-13 21:51:49,460 INFO  storage.RaftLogWorker (RaftLogWorker.java:rollLogSegment(303)) - 2573df58-4087-4dd0-8598-5abddcc696b9-RaftLogWorker: Rolling segment log-5368_5436 to index:5436
2019-06-13 21:51:49,461 INFO  storage.RaftLogWorker (RaftLogWorker.java:execute(433)) - 2573df58-4087-4dd0-8598-5abddcc696b9-RaftLogWorker: Rolled log segment from /opt/src/hadoop-ozone/integration-test/target/test-dir/MiniOzoneClusterImpl-8578056e-9b7b-4e66-9e9f-ef53d5cd7c03/datanode-0/data/ratis/7f5c2536-ed89-4233-9ec0-ce3c0447b19c/current/log_inprogress_5368 to /opt/src/hadoop-ozone/integration-test/target/test-dir/MiniOzoneClusterImpl-8578056e-9b7b-4e66-9e9f-ef53d5cd7c03/datanode-0/data/ratis/7f5c2536-ed89-4233-9ec0-ce3c0447b19c/current/log_5368-5436
2019-06-13 21:51:49,463 DEBUG block.SCMBlockDeletingService (SCMBlockDeletingService.java:call(138)) - Running DeletedBlockTransactionScanner
2019-06-13 21:51:49,464 DEBUG block.SCMBlockDeletingService (SCMBlockDeletingService.java:call(155)) - Scanned deleted blocks log and got 0 delTX to process.
2019-06-13 21:51:49,497 INFO  storage.RaftLogWorker (RaftLogWorker.java:execute(469)) - 2573df58-4087-4dd0-8598-5abddcc696b9-RaftLogWorker: created new log segment /opt/src/hadoop-ozone/integration-test/target/test-dir/MiniOzoneClusterImpl-8578056e-9b7b-4e66-9e9f-ef53d5cd7c03/datanode-0/data/ratis/7f5c2536-ed89-4233-9ec0-ce3c0447b19c/current/log_inprogress_5437
2019-06-13 21:51:49,498 INFO  client.GrpcClientProtocolClient (GrpcClientProtocolClient.java:onNext(254)) - client-9C97446E6A25->2573df58-4087-4dd0-8598-5abddcc696b9: receive RaftClientReply:client-9C97446E6A25->2573df58-4087-4dd0-8598-5abddcc696b9@group-CE3C0447B19C, cid=3315, SUCCESS, logIndex=5437, commits[2573df58-4087-4dd0-8598-5abddcc696b9:c5437]
2019-06-13 21:51:49,499 INFO  client.GrpcClientProtocolClient (GrpcClientProtocolClient.java:onNext(254)) - client-9C97446E6A25->2573df58-4087-4dd0-8598-5abddcc696b9: receive RaftClientReply:client-9C97446E6A25->2573df58-4087-4dd0-8598-5abddcc696b9@group-CE3C0447B19C, cid=3316, SUCCESS, logIndex=5439, commits[2573df58-4087-4dd0-8598-5abddcc696b9:c5439]
2019-06-13 21:51:49,505 INFO  client.GrpcClientProtocolClient (GrpcClientProtocolClient.java:onNext(254)) - client-9C97446E6A25->2573df58-4087-4dd0-8598-5abddcc696b9: receive RaftClientReply:client-9C97446E6A25->2573df58-4087-4dd0-8598-5abddcc696b9@group-CE3C0447B19C, cid=3317, SUCCESS, logIndex=5441, commits[2573df58-4087-4dd0-8598-5abddcc696b9:c5441]
2019-06-13 21:51:49,506 INFO  client.GrpcClientProtocolClient (GrpcClientProtocolClient.java:onNext(254)) - client-9C97446E6A25->2573df58-4087-4dd0-8598-5abddcc696b9: receive RaftClientReply:client-9C97446E6A25->2573df58-4087-4dd0-8598-5abddcc696b9@group-CE3C0447B19C, cid=3318, SUCCESS, logIndex=5443, commits[2573df58-4087-4dd0-8598-5abddcc696b9:c5443]
2019-06-13 21:51:49,507 INFO  client.GrpcClientProtocolClient (GrpcClientProtocolClient.java:onNext(254)) - client-9C97446E6A25->2573df58-4087-4dd0-8598-5abddcc696b9: receive RaftClientReply:client-9C97446E6A25->2573df58-4087-4dd0-8598-5abddcc696b9@group-CE3C0447B19C, cid=3319, SUCCESS, logIndex=5444, commits[2573df58-4087-4dd0-8598-5abddcc696b9:c5446]
2019-06-13 21:51:49,507 INFO  client.GrpcClientProtocolClient (GrpcClientProtocolClient.java:onNext(254)) - client-9C97446E6A25->2573df58-4087-4dd0-8598-5abddcc696b9: receive RaftClientReply:client-9C97446E6A25->2573df58-4087-4dd0-8598-5abddcc696b9@group-CE3C0447B19C, cid=3320, SUCCESS, logIndex=5445, commits[2573df58-4087-4dd0-8598-5abddcc696b9:c5446]
2019-06-13 21:51:49,517 INFO  client.GrpcClientProtocolClient (GrpcClientProtocolClient.java:onNext(254)) - client-9C97446E6A25->2573df58-4087-4dd0-8598-5abddcc696b9: receive RaftClientReply:client-9C97446E6A25->2573df58-4087-4dd0-8598-5abddcc696b9@group-CE3C0447B19C, cid=3321, SUCCESS, logIndex=5447, commits[2573df58-4087-4dd0-8598-5abddcc696b9:c5447]
2019-06-13 21:51:49,518 INFO  client.GrpcClientProtocolClient (GrpcClientProtocolClient.java:onNext(254)) - client-9C97446E6A25->2573df58-4087-4dd0-8598-5abddcc696b9: receive RaftClientReply:client-9C97446E6A25->2573df58-4087-4dd0-8598-5abddcc696b9@group-CE3C0447B19C, cid=3322, SUCCESS, logIndex=5449, commits[2573df58-4087-4dd0-8598-5abddcc696b9:c5449]
2019-06-13 21:51:49,519 INFO  client.GrpcClientProtocolClient (GrpcClientProtocolClient.java:onNext(254)) - client-9C97446E6A25->2573df58-4087-4dd0-8598-5abddcc696b9: receive RaftClientReply:client-9C97446E6A25->2573df58-4087-4dd0-8598-5abddcc696b9@group-CE3C0447B19C, cid=3323, SUCCESS, logIndex=5450, commits[2573df58-4087-4dd0-8598-5abddcc696b9:c5452]
2019-06-13 21:51:49,519 INFO  client.GrpcClientProtocolClient (GrpcClientProtocolClient.java:onNext(254)) - client-9C97446E6A25->2573df58-4087-4dd0-8598-5abddcc696b9: receive RaftClientReply:client-9C97446E6A25->2573df58-4087-4dd0-8598-5abddcc696b9@group-CE3C0447B19C, cid=3324, SUCCESS, logIndex=5451, commits[2573df58-4087-4dd0-8598-5abddcc696b9:c5452]
2019-06-13 21:51:49,524 INFO  client.GrpcClientProtocolClient (GrpcClientProtocolClient.java:onNext(254)) - client-9C97446E6A25->2573df58-4087-4dd0-8598-5abddcc696b9: receive RaftClientReply:client-9C97446E6A25->2573df58-4087-4dd0-8598-5abddcc696b9@group-CE3C0447B19C, cid=3325, SUCCESS, logIndex=5453, commits[2573df58-4087-4dd0-8598-5abddcc696b9:c5453]
2019-06-13 21:51:49,526 INFO  client.GrpcClientProtocolClient (GrpcClientProtocolClient.java:onNext(254)) - client-9C97446E6A25->2573df58-4087-4dd0-8598-5abddcc696b9: receive RaftClientReply:client-9C97446E6A25->2573df58-4087-4dd0-8598-5abddcc696b9@group-CE3C0447B19C, cid=3326, SUCCESS, logIndex=5455, commits[2573df58-4087-4dd0-8598-5abddcc696b9:c5455]
2019-06-13 21:51:49,527 INFO  client.GrpcClientProtocolClient (GrpcClientProtocolClient.java:onNext(254)) - client-9C97446E6A25->2573df58-4087-4dd0-8598-5abddcc696b9: receive RaftClientReply:client-9C97446E6A25->2573df58-4087-4dd0-8598-5abddcc696b9@group-CE3C0447B19C, cid=3327, SUCCESS, logIndex=5456, commits[2573df58-4087-4dd0-8598-5abddcc696b9:c5458]
2019-06-13 21:51:49,527 INFO  client.GrpcClientProtocolClient (GrpcClientProtocolClient.java:onNext(254)) - client-9C97446E6A25->2573df58-4087-4dd0-8598-5abddcc696b9: receive RaftClientReply:client-9C97446E6A25->2573df58-4087-4dd0-8598-5abddcc696b9@group-CE3C0447B19C, cid=3328, SUCCESS, logIndex=5457, commits[2573df58-4087-4dd0-8598-5abddcc696b9:c5458]
2019-06-13 21:51:49,546 INFO  client.GrpcClientProtocolClient (GrpcClientProtocolClient.java:onNext(254)) - client-9C97446E6A25->2573df58-4087-4dd0-8598-5abddcc696b9: receive RaftClientReply:client-9C97446E6A25->2573df58-4087-4dd0-8598-5abddcc696b9@group-CE3C0447B19C, cid=3329, SUCCESS, logIndex=5459, commits[2573df58-4087-4dd0-8598-5abddcc696b9:c5459]
2019-06-13 21:51:49,547 INFO  client.GrpcClientProtocolClient (GrpcClientProtocolClient.java:onNext(254)) - client-9C97446E6A25->2573df58-4087-4dd0-8598-5abddcc696b9: receive RaftClientReply:client-9C97446E6A25->2573df58-4087-4dd0-8598-5abddcc696b9@group-CE3C0447B19C, cid=3330, SUCCESS, logIndex=5461, commits[2573df58-4087-4dd0-8598-5abddcc696b9:c5461]
2019-06-13 21:51:49,549 INFO  client.GrpcClientProtocolClient (GrpcClientProtocolClient.java:onNext(254)) - client-9C97446E6A25->2573df58-4087-4dd0-8598-5abddcc696b9: receive RaftClientReply:client-9C97446E6A25->2573df58-4087-4dd0-8598-5abddcc696b9@group-CE3C0447B19C, cid=3331, SUCCESS, logIndex=5462, commits[2573df58-4087-4dd0-8598-5abddcc696b9:c5464]
2019-06-13 21:51:49,549 INFO  client.GrpcClientProtocolClient (GrpcClientProtocolClient.java:onNext(254)) - client-9C97446E6A25->2573df58-4087-4dd0-8598-5abddcc696b9: receive RaftClientReply:client-9C97446E6A25->2573df58-4087-4dd0-8598-5abddcc696b9@group-CE3C0447B19C, cid=3332, SUCCESS, logIndex=5463, commits[2573df58-4087-4dd0-8598-5abddcc696b9:c5464]
2019-06-13 21:51:49,554 INFO  client.GrpcClientProtocolClient (GrpcClientProtocolClient.java:onNext(254)) - client-9C97446E6A25->2573df58-4087-4dd0-8598-5abddcc696b9: receive RaftClientReply:client-9C97446E6A25->2573df58-4087-4dd0-8598-5abddcc696b9@group-CE3C0447B19C, cid=3333, SUCCESS, logIndex=5465, commits[2573df58-4087-4dd0-8598-5abddcc696b9:c5465]
2019-06-13 21:51:49,555 INFO  client.GrpcClientProtocolClient (GrpcClientProtocolClient.java:onNext(254)) - client-9C97446E6A25->2573df58-4087-4dd0-8598-5abddcc696b9: receive RaftClientReply:client-9C97446E6A25->2573df58-4087-4dd0-8598-5abddcc696b9@group-CE3C0447B19C, cid=3334, SUCCESS, logIndex=5467, commits[2573df58-4087-4dd0-8598-5abddcc696b9:c5467]
2019-06-13 21:51:49,556 INFO  client.GrpcClientProtocolClient (GrpcClientProtocolClient.java:onNext(254)) - client-9C97446E6A25->2573df58-4087-4dd0-8598-5abddcc696b9: receive RaftClientReply:client-9C97446E6A25->2573df58-4087-4dd0-8598-5abddcc696b9@group-CE3C0447B19C, cid=3335, SUCCESS, logIndex=5468, commits[2573df58-4087-4dd0-8598-5abddcc696b9:c5470]
2019-06-13 21:51:49,556 INFO  client.GrpcClientProtocolClient (GrpcClientProtocolClient.java:onNext(254)) - client-9C97446E6A25->2573df58-4087-4dd0-8598-5abddcc696b9: receive RaftClientReply:client-9C97446E6A25->2573df58-4087-4dd0-8598-5abddcc696b9@group-CE3C0447B19C, cid=3336, SUCCESS, logIndex=5469, commits[2573df58-4087-4dd0-8598-5abddcc696b9:c5470]
2019-06-13 21:51:49,565 DEBUG block.SCMBlockDeletingService (SCMBlockDeletingService.java:call(138)) - Running DeletedBlockTransactionScanner
2019-06-13 21:51:49,565 DEBUG block.SCMBlockDeletingService (SCMBlockDeletingService.java:call(155)) - Scanned deleted blocks log and got 0 delTX to process.
2019-06-13 21:51:49,566 INFO  client.GrpcClientProtocolClient (GrpcClientProtocolClient.java:onNext(254)) - client-9C97446E6A25->2573df58-4087-4dd0-8598-5abddcc696b9: receive RaftClientReply:client-9C97446E6A25->2573df58-4087-4dd0-8598-5abddcc696b9@group-CE3C0447B19C, cid=3337, SUCCESS, logIndex=5471, commits[2573df58-4087-4dd0-8598-5abddcc696b9:c5471]
2019-06-13 21:51:49,567 INFO  client.GrpcClientProtocolClient (GrpcClientProtocolClient.java:onNext(254)) - client-9C97446E6A25->2573df58-4087-4dd0-8598-5abddcc696b9: receive RaftClientReply:client-9C97446E6A25->2573df58-4087-4dd0-8598-5abddcc696b9@group-CE3C0447B19C, cid=3338, SUCCESS, logIndex=5473, commits[2573df58-4087-4dd0-8598-5abddcc696b9:c5473]
2019-06-13 21:51:49,568 INFO  client.GrpcClientProtocolClient (GrpcClientProtocolClient.java:onNext(254)) - client-9C97446E6A25->2573df58-4087-4dd0-8598-5abddcc696b9: receive RaftClientReply:client-9C97446E6A25->2573df58-4087-4dd0-8598-5abddcc696b9@group-CE3C0447B19C, cid=3339, SUCCESS, logIndex=5474, commits[2573df58-4087-4dd0-8598-5abddcc696b9:c5476]
2019-06-13 21:51:49,568 INFO  client.GrpcClientProtocolClient (GrpcClientProtocolClient.java:onNext(254)) - client-9C97446E6A25->2573df58-4087-4dd0-8598-5abddcc696b9: receive RaftClientReply:client-9C97446E6A25->2573df58-4087-4dd0-8598-5abddcc696b9@group-CE3C0447B19C, cid=3340, SUCCESS, logIndex=5475, commits[2573df58-4087-4dd0-8598-5abddcc696b9:c5476]
2019-06-13 21:51:49,573 INFO  client.GrpcClientProtocolClient (GrpcClientProtocolClient.java:onNext(254)) - client-9C97446E6A25->2573df58-4087-4dd0-8598-5abddcc696b9: receive RaftClientReply:client-9C97446E6A25->2573df58-4087-4dd0-8598-5abddcc696b9@group-CE3C0447B19C, cid=3341, SUCCESS, logIndex=5477, commits[2573df58-4087-4dd0-8598-5abddcc696b9:c5477]
2019-06-13 21:51:49,574 INFO  client.GrpcClientProtocolClient (GrpcClientProtocolClient.java:onNext(254)) - client-9C97446E6A25->2573df58-4087-4dd0-8598-5abddcc696b9: receive RaftClientReply:client-9C97446E6A25->2573df58-4087-4dd0-8598-5abddcc696b9@group-CE3C0447B19C, cid=3342, SUCCESS, logIndex=5479, commits[2573df58-4087-4dd0-8598-5abddcc696b9:c5479]
2019-06-13 21:51:49,575 INFO  client.GrpcClientProtocolClient (GrpcClientProtocolClient.java:onNext(254)) - client-9C97446E6A25->2573df58-4087-4dd0-8598-5abddcc696b9: receive RaftClientReply:client-9C97446E6A25->2573df58-4087-4dd0-8598-5abddcc696b9@group-CE3C0447B19C, cid=3343, SUCCESS, logIndex=5480, commits[2573df58-4087-4dd0-8598-5abddcc696b9:c5482]
2019-06-13 21:51:49,576 INFO  client.GrpcClientProtocolClient (GrpcClientProtocolClient.java:onNext(254)) - client-9C97446E6A25->2573df58-4087-4dd0-8598-5abddcc696b9: receive RaftClientReply:client-9C97446E6A25->2573df58-4087-4dd0-8598-5abddcc696b9@group-CE3C0447B19C, cid=3344, SUCCESS, logIndex=5481, commits[2573df58-4087-4dd0-8598-5abddcc696b9:c5482]
2019-06-13 21:51:49,627 INFO  client.GrpcClientProtocolClient (GrpcClientProtocolClient.java:onNext(254)) - client-9C97446E6A25->2573df58-4087-4dd0-8598-5abddcc696b9: receive RaftClientReply:client-9C97446E6A25->2573df58-4087-4dd0-8598-5abddcc696b9@group-CE3C0447B19C, cid=3345, SUCCESS, logIndex=5483, commits[2573df58-4087-4dd0-8598-5abddcc696b9:c5483]
2019-06-13 21:51:49,628 INFO  client.GrpcClientProtocolClient (GrpcClientProtocolClient.java:onNext(254)) - client-9C97446E6A25->2573df58-4087-4dd0-8598-5abddcc696b9: receive RaftClientReply:client-9C97446E6A25->2573df58-4087-4dd0-8598-5abddcc696b9@group-CE3C0447B19C, cid=3346, SUCCESS, logIndex=5485, commits[2573df58-4087-4dd0-8598-5abddcc696b9:c5485]
2019-06-13 21:51:49,629 INFO  client.GrpcClientProtocolClient (GrpcClientProtocolClient.java:onNext(254)) - client-9C97446E6A25->2573df58-4087-4dd0-8598-5abddcc696b9: receive RaftClientReply:client-9C97446E6A25->2573df58-4087-4dd0-8598-5abddcc696b9@group-CE3C0447B19C, cid=3347, SUCCESS, logIndex=5486, commits[2573df58-4087-4dd0-8598-5abddcc696b9:c5488]
2019-06-13 21:51:49,629 INFO  client.GrpcClientProtocolClient (GrpcClientProtocolClient.java:onNext(254)) - client-9C97446E6A25->2573df58-4087-4dd0-8598-5abddcc696b9: receive RaftClientReply:client-9C97446E6A25->2573df58-4087-4dd0-8598-5abddcc696b9@group-CE3C0447B19C, cid=3348, SUCCESS, logIndex=5487, commits[2573df58-4087-4dd0-8598-5abddcc696b9:c5488]
2019-06-13 21:51:49,634 INFO  client.GrpcClientProtocolClient (GrpcClientProtocolClient.java:onNext(254)) - client-9C97446E6A25->2573df58-4087-4dd0-8598-5abddcc696b9: receive RaftClientReply:client-9C97446E6A25->2573df58-4087-4dd0-8598-5abddcc696b9@group-CE3C0447B19C, cid=3349, SUCCESS, logIndex=5489, commits[2573df58-4087-4dd0-8598-5abddcc696b9:c5489]
2019-06-13 21:51:49,635 INFO  client.GrpcClientProtocolClient (GrpcClientProtocolClient.java:onNext(254)) - client-9C97446E6A25->2573df58-4087-4dd0-8598-5abddcc696b9: receive RaftClientReply:client-9C97446E6A25->2573df58-4087-4dd0-8598-5abddcc696b9@group-CE3C0447B19C, cid=3350, SUCCESS, logIndex=5491, commits[2573df58-4087-4dd0-8598-5abddcc696b9:c5491]
2019-06-13 21:51:49,636 INFO  client.GrpcClientProtocolClient (GrpcClientProtocolClient.java:onNext(254)) - client-9C97446E6A25->2573df58-4087-4dd0-8598-5abddcc696b9: receive RaftClientReply:client-9C97446E6A25->2573df58-4087-4dd0-8598-5abddcc696b9@group-CE3C0447B19C, cid=3351, SUCCESS, logIndex=5492, commits[2573df58-4087-4dd0-8598-5abddcc696b9:c5494]
2019-06-13 21:51:49,637 INFO  client.GrpcClientProtocolClient (GrpcClientProtocolClient.java:onNext(254)) - client-9C97446E6A25->2573df58-4087-4dd0-8598-5abddcc696b9: receive RaftClientReply:client-9C97446E6A25->2573df58-4087-4dd0-8598-5abddcc696b9@group-CE3C0447B19C, cid=3352, SUCCESS, logIndex=5493, commits[2573df58-4087-4dd0-8598-5abddcc696b9:c5494]
2019-06-13 21:51:49,646 INFO  client.GrpcClientProtocolClient (GrpcClientProtocolClient.java:onNext(254)) - client-9C97446E6A25->2573df58-4087-4dd0-8598-5abddcc696b9: receive RaftClientReply:client-9C97446E6A25->2573df58-4087-4dd0-8598-5abddcc696b9@group-CE3C0447B19C, cid=3353, SUCCESS, logIndex=5495, commits[2573df58-4087-4dd0-8598-5abddcc696b9:c5495]
2019-06-13 21:51:49,647 INFO  client.GrpcClientProtocolClient (GrpcClientProtocolClient.java:onNext(254)) - client-9C97446E6A25->2573df58-4087-4dd0-8598-5abddcc696b9: receive RaftClientReply:client-9C97446E6A25->2573df58-4087-4dd0-8598-5abddcc696b9@group-CE3C0447B19C, cid=3354, SUCCESS, logIndex=5497, commits[2573df58-4087-4dd0-8598-5abddcc696b9:c5497]
2019-06-13 21:51:49,648 INFO  client.GrpcClientProtocolClient (GrpcClientProtocolClient.java:onNext(254)) - client-9C97446E6A25->2573df58-4087-4dd0-8598-5abddcc696b9: receive RaftClientReply:client-9C97446E6A25->2573df58-4087-4dd0-8598-5abddcc696b9@group-CE3C0447B19C, cid=3355, SUCCESS, logIndex=5498, commits[2573df58-4087-4dd0-8598-5abddcc696b9:c5500]
2019-06-13 21:51:49,649 INFO  client.GrpcClientProtocolClient (GrpcClientProtocolClient.java:onNext(254)) - client-9C97446E6A25->2573df58-4087-4dd0-8598-5abddcc696b9: receive RaftClientReply:client-9C97446E6A25->2573df58-4087-4dd0-8598-5abddcc696b9@group-CE3C0447B19C, cid=3356, SUCCESS, logIndex=5499, commits[2573df58-4087-4dd0-8598-5abddcc696b9:c5500]
2019-06-13 21:51:49,653 INFO  client.GrpcClientProtocolClient (GrpcClientProtocolClient.java:onNext(254)) - client-9C97446E6A25->2573df58-4087-4dd0-8598-5abddcc696b9: receive RaftClientReply:client-9C97446E6A25->2573df58-4087-4dd0-8598-5abddcc696b9@group-CE3C0447B19C, cid=3357, SUCCESS, logIndex=5501, commits[2573df58-4087-4dd0-8598-5abddcc696b9:c5501]
2019-06-13 21:51:49,653 INFO  storage.RaftLogWorker (RaftLogWorker.java:rollLogSegment(303)) - 2573df58-4087-4dd0-8598-5abddcc696b9-RaftLogWorker: Rolling segment log-5437_5502 to index:5502
2019-06-13 21:51:49,654 INFO  storage.RaftLogWorker (RaftLogWorker.java:execute(433)) - 2573df58-4087-4dd0-8598-5abddcc696b9-RaftLogWorker: Rolled log segment from /opt/src/hadoop-ozone/integration-test/target/test-dir/MiniOzoneClusterImpl-8578056e-9b7b-4e66-9e9f-ef53d5cd7c03/datanode-0/data/ratis/7f5c2536-ed89-4233-9ec0-ce3c0447b19c/current/log_inprogress_5437 to /opt/src/hadoop-ozone/integration-test/target/test-dir/MiniOzoneClusterImpl-8578056e-9b7b-4e66-9e9f-ef53d5cd7c03/datanode-0/data/ratis/7f5c2536-ed89-4233-9ec0-ce3c0447b19c/current/log_5437-5502
2019-06-13 21:51:49,665 DEBUG block.SCMBlockDeletingService (SCMBlockDeletingService.java:call(138)) - Running DeletedBlockTransactionScanner
2019-06-13 21:51:49,665 DEBUG block.SCMBlockDeletingService (SCMBlockDeletingService.java:call(155)) - Scanned deleted blocks log and got 0 delTX to process.
2019-06-13 21:51:49,690 INFO  storage.RaftLogWorker (RaftLogWorker.java:execute(469)) - 2573df58-4087-4dd0-8598-5abddcc696b9-RaftLogWorker: created new log segment /opt/src/hadoop-ozone/integration-test/target/test-dir/MiniOzoneClusterImpl-8578056e-9b7b-4e66-9e9f-ef53d5cd7c03/datanode-0/data/ratis/7f5c2536-ed89-4233-9ec0-ce3c0447b19c/current/log_inprogress_5503
2019-06-13 21:51:49,693 INFO  client.GrpcClientProtocolClient (GrpcClientProtocolClient.java:onNext(254)) - client-9C97446E6A25->2573df58-4087-4dd0-8598-5abddcc696b9: receive RaftClientReply:client-9C97446E6A25->2573df58-4087-4dd0-8598-5abddcc696b9@group-CE3C0447B19C, cid=3358, SUCCESS, logIndex=5503, commits[2573df58-4087-4dd0-8598-5abddcc696b9:c5503]
2019-06-13 21:51:49,724 INFO  client.GrpcClientProtocolClient (GrpcClientProtocolClient.java:onNext(254)) - client-9C97446E6A25->2573df58-4087-4dd0-8598-5abddcc696b9: receive RaftClientReply:client-9C97446E6A25->2573df58-4087-4dd0-8598-5abddcc696b9@group-CE3C0447B19C, cid=3359, SUCCESS, logIndex=5505, commits[2573df58-4087-4dd0-8598-5abddcc696b9:c5505]
2019-06-13 21:51:49,725 INFO  client.GrpcClientProtocolClient (GrpcClientProtocolClient.java:onNext(254)) - client-9C97446E6A25->2573df58-4087-4dd0-8598-5abddcc696b9: receive RaftClientReply:client-9C97446E6A25->2573df58-4087-4dd0-8598-5abddcc696b9@group-CE3C0447B19C, cid=3360, SUCCESS, logIndex=5507, commits[2573df58-4087-4dd0-8598-5abddcc696b9:c5507]
2019-06-13 21:51:49,736 INFO  client.GrpcClientProtocolClient (GrpcClientProtocolClient.java:onNext(254)) - client-9C97446E6A25->2573df58-4087-4dd0-8598-5abddcc696b9: receive RaftClientReply:client-9C97446E6A25->2573df58-4087-4dd0-8598-5abddcc696b9@group-CE3C0447B19C, cid=3361, SUCCESS, logIndex=5509, commits[2573df58-4087-4dd0-8598-5abddcc696b9:c5510]
2019-06-13 21:51:49,737 INFO  client.GrpcClientProtocolClient (GrpcClientProtocolClient.java:onNext(254)) - client-9C97446E6A25->2573df58-4087-4dd0-8598-5abddcc696b9: receive RaftClientReply:client-9C97446E6A25->2573df58-4087-4dd0-8598-5abddcc696b9@group-CE3C0447B19C, cid=3362, SUCCESS, logIndex=5511, commits[2573df58-4087-4dd0-8598-5abddcc696b9:c5511]
2019-06-13 21:51:49,741 INFO  client.GrpcClientProtocolClient (GrpcClientProtocolClient.java:onNext(254)) - client-9C97446E6A25->2573df58-4087-4dd0-8598-5abddcc696b9: receive RaftClientReply:client-9C97446E6A25->2573df58-4087-4dd0-8598-5abddcc696b9@group-CE3C0447B19C, cid=3363, SUCCESS, logIndex=5512, commits[2573df58-4087-4dd0-8598-5abddcc696b9:c5514]
2019-06-13 21:51:49,741 INFO  client.GrpcClientProtocolClient (GrpcClientProtocolClient.java:onNext(254)) - client-9C97446E6A25->2573df58-4087-4dd0-8598-5abddcc696b9: receive RaftClientReply:client-9C97446E6A25->2573df58-4087-4dd0-8598-5abddcc696b9@group-CE3C0447B19C, cid=3364, SUCCESS, logIndex=5513, commits[2573df58-4087-4dd0-8598-5abddcc696b9:c5514]
2019-06-13 21:51:49,746 INFO  client.GrpcClientProtocolClient (GrpcClientProtocolClient.java:onNext(254)) - client-9C97446E6A25->2573df58-4087-4dd0-8598-5abddcc696b9: receive RaftClientReply:client-9C97446E6A25->2573df58-4087-4dd0-8598-5abddcc696b9@group-CE3C0447B19C, cid=3365, SUCCESS, logIndex=5515, commits[2573df58-4087-4dd0-8598-5abddcc696b9:c5515]
2019-06-13 21:51:49,749 INFO  client.GrpcClientProtocolClient (GrpcClientProtocolClient.java:onNext(254)) - client-9C97446E6A25->2573df58-4087-4dd0-8598-5abddcc696b9: receive RaftClientReply:client-9C97446E6A25->2573df58-4087-4dd0-8598-5abddcc696b9@group-CE3C0447B19C, cid=3366, SUCCESS, logIndex=5517, commits[2573df58-4087-4dd0-8598-5abddcc696b9:c5517]
2019-06-13 21:51:49,749 INFO  client.GrpcClientProtocolClient (GrpcClientProtocolClient.java:onNext(254)) - client-9C97446E6A25->2573df58-4087-4dd0-8598-5abddcc696b9: receive RaftClientReply:client-9C97446E6A25->2573df58-4087-4dd0-8598-5abddcc696b9@group-CE3C0447B19C, cid=3367, SUCCESS, logIndex=5518, commits[2573df58-4087-4dd0-8598-5abddcc696b9:c5519]
2019-06-13 21:51:49,750 INFO  client.GrpcClientProtocolClient (GrpcClientProtocolClient.java:onNext(254)) - client-9C97446E6A25->2573df58-4087-4dd0-8598-5abddcc696b9: receive RaftClientReply:client-9C97446E6A25->2573df58-4087-4dd0-8598-5abddcc696b9@group-CE3C0447B19C, cid=3368, SUCCESS, logIndex=5520, commits[2573df58-4087-4dd0-8598-5abddcc696b9:c5520]
2019-06-13 21:51:49,766 DEBUG block.SCMBlockDeletingService (SCMBlockDeletingService.java:call(138)) - Running DeletedBlockTransactionScanner
2019-06-13 21:51:49,766 DEBUG block.SCMBlockDeletingService (SCMBlockDeletingService.java:call(155)) - Scanned deleted blocks log and got 0 delTX to process.
2019-06-13 21:51:49,781 INFO  client.GrpcClientProtocolClient (GrpcClientProtocolClient.java:onNext(254)) - client-9C97446E6A25->2573df58-4087-4dd0-8598-5abddcc696b9: receive RaftClientReply:client-9C97446E6A25->2573df58-4087-4dd0-8598-5abddcc696b9@group-CE3C0447B19C, cid=3369, SUCCESS, logIndex=5522, commits[2573df58-4087-4dd0-8598-5abddcc696b9:c5522]
2019-06-13 21:51:49,782 INFO  client.GrpcClientProtocolClient (GrpcClientProtocolClient.java:onNext(254)) - client-9C97446E6A25->2573df58-4087-4dd0-8598-5abddcc696b9: receive RaftClientReply:client-9C97446E6A25->2573df58-4087-4dd0-8598-5abddcc696b9@group-CE3C0447B19C, cid=3370, SUCCESS, logIndex=5524, commits[2573df58-4087-4dd0-8598-5abddcc696b9:c5524]
2019-06-13 21:51:49,783 INFO  client.GrpcClientProtocolClient (GrpcClientProtocolClient.java:onNext(254)) - client-9C97446E6A25->2573df58-4087-4dd0-8598-5abddcc696b9: receive RaftClientReply:client-9C97446E6A25->2573df58-4087-4dd0-8598-5abddcc696b9@group-CE3C0447B19C, cid=3371, SUCCESS, logIndex=5525, commits[2573df58-4087-4dd0-8598-5abddcc696b9:c5526]
2019-06-13 21:51:49,783 INFO  client.GrpcClientProtocolClient (GrpcClientProtocolClient.java:onNext(254)) - client-9C97446E6A25->2573df58-4087-4dd0-8598-5abddcc696b9: receive RaftClientReply:client-9C97446E6A25->2573df58-4087-4dd0-8598-5abddcc696b9@group-CE3C0447B19C, cid=3372, SUCCESS, logIndex=5526, commits[2573df58-4087-4dd0-8598-5abddcc696b9:c5526]
2019-06-13 21:51:49,790 INFO  client.GrpcClientProtocolClient (GrpcClientProtocolClient.java:onNext(254)) - client-9C97446E6A25->2573df58-4087-4dd0-8598-5abddcc696b9: receive RaftClientReply:client-9C97446E6A25->2573df58-4087-4dd0-8598-5abddcc696b9@group-CE3C0447B19C, cid=3373, SUCCESS, logIndex=5529, commits[2573df58-4087-4dd0-8598-5abddcc696b9:c5529]
2019-06-13 21:51:49,799 INFO  client.GrpcClientProtocolClient (GrpcClientProtocolClient.java:onNext(254)) - client-9C97446E6A25->2573df58-4087-4dd0-8598-5abddcc696b9: receive RaftClientReply:client-9C97446E6A25->2573df58-4087-4dd0-8598-5abddcc696b9@group-CE3C0447B19C, cid=3374, SUCCESS, logIndex=5531, commits[2573df58-4087-4dd0-8598-5abddcc696b9:c5531]
2019-06-13 21:51:49,801 INFO  client.GrpcClientProtocolClient (GrpcClientProtocolClient.java:onNext(254)) - client-9C97446E6A25->2573df58-4087-4dd0-8598-5abddcc696b9: receive RaftClientReply:client-9C97446E6A25->2573df58-4087-4dd0-8598-5abddcc696b9@group-CE3C0447B19C, cid=3375, SUCCESS, logIndex=5532, commits[2573df58-4087-4dd0-8598-5abddcc696b9:c5534]
2019-06-13 21:51:49,801 INFO  client.GrpcClientProtocolClient (GrpcClientProtocolClient.java:onNext(254)) - client-9C97446E6A25->2573df58-4087-4dd0-8598-5abddcc696b9: receive RaftClientReply:client-9C97446E6A25->2573df58-4087-4dd0-8598-5abddcc696b9@group-CE3C0447B19C, cid=3376, SUCCESS, logIndex=5533, commits[2573df58-4087-4dd0-8598-5abddcc696b9:c5534]
2019-06-13 21:51:49,815 INFO  client.GrpcClientProtocolClient (GrpcClientProtocolClient.java:onNext(254)) - client-9C97446E6A25->2573df58-4087-4dd0-8598-5abddcc696b9: receive RaftClientReply:client-9C97446E6A25->2573df58-4087-4dd0-8598-5abddcc696b9@group-CE3C0447B19C, cid=3377, SUCCESS, logIndex=5535, commits[2573df58-4087-4dd0-8598-5abddcc696b9:c5536]
2019-06-13 21:51:49,819 INFO  client.GrpcClientProtocolClient (GrpcClientProtocolClient.java:onNext(254)) - client-9C97446E6A25->2573df58-4087-4dd0-8598-5abddcc696b9: receive RaftClientReply:client-9C97446E6A25->2573df58-4087-4dd0-8598-5abddcc696b9@group-CE3C0447B19C, cid=3378, SUCCESS, logIndex=5537, commits[2573df58-4087-4dd0-8598-5abddcc696b9:c5537]
2019-06-13 21:51:49,825 INFO  client.GrpcClientProtocolClient (GrpcClientProtocolClient.java:onNext(254)) - client-9C97446E6A25->2573df58-4087-4dd0-8598-5abddcc696b9: receive RaftClientReply:client-9C97446E6A25->2573df58-4087-4dd0-8598-5abddcc696b9@group-CE3C0447B19C, cid=3379, SUCCESS, logIndex=5538, commits[2573df58-4087-4dd0-8598-5abddcc696b9:c5540]
2019-06-13 21:51:49,825 INFO  client.GrpcClientProtocolClient (GrpcClientProtocolClient.java:onNext(254)) - client-9C97446E6A25->2573df58-4087-4dd0-8598-5abddcc696b9: receive RaftClientReply:client-9C97446E6A25->2573df58-4087-4dd0-8598-5abddcc696b9@group-CE3C0447B19C, cid=3380, SUCCESS, logIndex=5539, commits[2573df58-4087-4dd0-8598-5abddcc696b9:c5540]
2019-06-13 21:51:49,831 INFO  client.GrpcClientProtocolClient (GrpcClientProtocolClient.java:onNext(254)) - client-9C97446E6A25->2573df58-4087-4dd0-8598-5abddcc696b9: receive RaftClientReply:client-9C97446E6A25->2573df58-4087-4dd0-8598-5abddcc696b9@group-CE3C0447B19C, cid=3381, SUCCESS, logIndex=5541, commits[2573df58-4087-4dd0-8598-5abddcc696b9:c5541]
2019-06-13 21:51:49,832 INFO  client.GrpcClientProtocolClient (GrpcClientProtocolClient.java:onNext(254)) - client-9C97446E6A25->2573df58-4087-4dd0-8598-5abddcc696b9: receive RaftClientReply:client-9C97446E6A25->2573df58-4087-4dd0-8598-5abddcc696b9@group-CE3C0447B19C, cid=3382, SUCCESS, logIndex=5543, commits[2573df58-4087-4dd0-8598-5abddcc696b9:c5543]
2019-06-13 21:51:49,833 INFO  client.GrpcClientProtocolClient (GrpcClientProtocolClient.java:onNext(254)) - client-9C97446E6A25->2573df58-4087-4dd0-8598-5abddcc696b9: receive RaftClientReply:client-9C97446E6A25->2573df58-4087-4dd0-8598-5abddcc696b9@group-CE3C0447B19C, cid=3383, SUCCESS, logIndex=5544, commits[2573df58-4087-4dd0-8598-5abddcc696b9:c5546]
2019-06-13 21:51:49,835 INFO  client.GrpcClientProtocolClient (GrpcClientProtocolClient.java:onNext(254)) - client-9C97446E6A25->2573df58-4087-4dd0-8598-5abddcc696b9: receive RaftClientReply:client-9C97446E6A25->2573df58-4087-4dd0-8598-5abddcc696b9@group-CE3C0447B19C, cid=3384, SUCCESS, logIndex=5545, commits[2573df58-4087-4dd0-8598-5abddcc696b9:c5546]
2019-06-13 21:51:49,847 INFO  client.GrpcClientProtocolClient (GrpcClientProtocolClient.java:onNext(254)) - client-9C97446E6A25->2573df58-4087-4dd0-8598-5abddcc696b9: receive RaftClientReply:client-9C97446E6A25->2573df58-4087-4dd0-8598-5abddcc696b9@group-CE3C0447B19C, cid=3385, SUCCESS, logIndex=5547, commits[2573df58-4087-4dd0-8598-5abddcc696b9:c5547]
2019-06-13 21:51:49,849 INFO  client.GrpcClientProtocolClient (GrpcClientProtocolClient.java:onNext(254)) - client-9C97446E6A25->2573df58-4087-4dd0-8598-5abddcc696b9: receive RaftClientReply:client-9C97446E6A25->2573df58-4087-4dd0-8598-5abddcc696b9@group-CE3C0447B19C, cid=3386, SUCCESS, logIndex=5549, commits[2573df58-4087-4dd0-8598-5abddcc696b9:c5551]
2019-06-13 21:51:49,851 INFO  client.GrpcClientProtocolClient (GrpcClientProtocolClient.java:onNext(254)) - client-9C97446E6A25->2573df58-4087-4dd0-8598-5abddcc696b9: receive RaftClientReply:client-9C97446E6A25->2573df58-4087-4dd0-8598-5abddcc696b9@group-CE3C0447B19C, cid=3387, SUCCESS, logIndex=5550, commits[2573df58-4087-4dd0-8598-5abddcc696b9:c5551]
2019-06-13 21:51:49,851 INFO  client.GrpcClientProtocolClient (GrpcClientProtocolClient.java:onNext(254)) - client-9C97446E6A25->2573df58-4087-4dd0-8598-5abddcc696b9: receive RaftClientReply:client-9C97446E6A25->2573df58-4087-4dd0-8598-5abddcc696b9@group-CE3C0447B19C, cid=3388, SUCCESS, logIndex=5551, commits[2573df58-4087-4dd0-8598-5abddcc696b9:c5552]
2019-06-13 21:51:49,857 INFO  client.GrpcClientProtocolClient (GrpcClientProtocolClient.java:onNext(254)) - client-9C97446E6A25->2573df58-4087-4dd0-8598-5abddcc696b9: receive RaftClientReply:client-9C97446E6A25->2573df58-4087-4dd0-8598-5abddcc696b9@group-CE3C0447B19C, cid=3389, SUCCESS, logIndex=5553, commits[2573df58-4087-4dd0-8598-5abddcc696b9:c5553]
2019-06-13 21:51:49,858 INFO  client.GrpcClientProtocolClient (GrpcClientProtocolClient.java:onNext(254)) - client-9C97446E6A25->2573df58-4087-4dd0-8598-5abddcc696b9: receive RaftClientReply:client-9C97446E6A25->2573df58-4087-4dd0-8598-5abddcc696b9@group-CE3C0447B19C, cid=3390, SUCCESS, logIndex=5555, commits[2573df58-4087-4dd0-8598-5abddcc696b9:c5555]
2019-06-13 21:51:49,863 INFO  client.GrpcClientProtocolClient (GrpcClientProtocolClient.java:onNext(254)) - client-9C97446E6A25->2573df58-4087-4dd0-8598-5abddcc696b9: receive RaftClientReply:client-9C97446E6A25->2573df58-4087-4dd0-8598-5abddcc696b9@group-CE3C0447B19C, cid=3391, SUCCESS, logIndex=5557, commits[2573df58-4087-4dd0-8598-5abddcc696b9:c5558]
2019-06-13 21:51:49,864 INFO  client.GrpcClientProtocolClient (GrpcClientProtocolClient.java:onNext(254)) - client-9C97446E6A25->2573df58-4087-4dd0-8598-5abddcc696b9: receive RaftClientReply:client-9C97446E6A25->2573df58-4087-4dd0-8598-5abddcc696b9@group-CE3C0447B19C, cid=3392, SUCCESS, logIndex=5558, commits[2573df58-4087-4dd0-8598-5abddcc696b9:c5559]
2019-06-13 21:51:49,867 DEBUG block.SCMBlockDeletingService (SCMBlockDeletingService.java:call(138)) - Running DeletedBlockTransactionScanner
2019-06-13 21:51:49,867 DEBUG block.SCMBlockDeletingService (SCMBlockDeletingService.java:call(155)) - Scanned deleted blocks log and got 0 delTX to process.
2019-06-13 21:51:49,877 INFO  client.GrpcClientProtocolClient (GrpcClientProtocolClient.java:onNext(254)) - client-9C97446E6A25->2573df58-4087-4dd0-8598-5abddcc696b9: receive RaftClientReply:client-9C97446E6A25->2573df58-4087-4dd0-8598-5abddcc696b9@group-CE3C0447B19C, cid=3393, SUCCESS, logIndex=5560, commits[2573df58-4087-4dd0-8598-5abddcc696b9:c5560]
2019-06-13 21:51:49,884 INFO  client.GrpcClientProtocolClient (GrpcClientProtocolClient.java:onNext(254)) - client-9C97446E6A25->2573df58-4087-4dd0-8598-5abddcc696b9: receive RaftClientReply:client-9C97446E6A25->2573df58-4087-4dd0-8598-5abddcc696b9@group-CE3C0447B19C, cid=3394, SUCCESS, logIndex=5562, commits[2573df58-4087-4dd0-8598-5abddcc696b9:c5562]
2019-06-13 21:51:49,885 INFO  client.GrpcClientProtocolClient (GrpcClientProtocolClient.java:onNext(254)) - client-9C97446E6A25->2573df58-4087-4dd0-8598-5abddcc696b9: receive RaftClientReply:client-9C97446E6A25->2573df58-4087-4dd0-8598-5abddcc696b9@group-CE3C0447B19C, cid=3395, SUCCESS, logIndex=5563, commits[2573df58-4087-4dd0-8598-5abddcc696b9:c5564]
2019-06-13 21:51:49,886 INFO  client.GrpcClientProtocolClient (GrpcClientProtocolClient.java:onNext(254)) - client-9C97446E6A25->2573df58-4087-4dd0-8598-5abddcc696b9: receive RaftClientReply:client-9C97446E6A25->2573df58-4087-4dd0-8598-5abddcc696b9@group-CE3C0447B19C, cid=3396, SUCCESS, logIndex=5565, commits[2573df58-4087-4dd0-8598-5abddcc696b9:c5565]
2019-06-13 21:51:49,893 INFO  client.GrpcClientProtocolClient (GrpcClientProtocolClient.java:onNext(254)) - client-9C97446E6A25->2573df58-4087-4dd0-8598-5abddcc696b9: receive RaftClientReply:client-9C97446E6A25->2573df58-4087-4dd0-8598-5abddcc696b9@group-CE3C0447B19C, cid=3397, SUCCESS, logIndex=5567, commits[2573df58-4087-4dd0-8598-5abddcc696b9:c5567]
2019-06-13 21:51:49,899 INFO  client.GrpcClientProtocolClient (GrpcClientProtocolClient.java:onNext(254)) - client-9C97446E6A25->2573df58-4087-4dd0-8598-5abddcc696b9: receive RaftClientReply:client-9C97446E6A25->2573df58-4087-4dd0-8598-5abddcc696b9@group-CE3C0447B19C, cid=3398, SUCCESS, logIndex=5569, commits[2573df58-4087-4dd0-8598-5abddcc696b9:c5571]
2019-06-13 21:51:49,899 INFO  client.GrpcClientProtocolClient (GrpcClientProtocolClient.java:onNext(254)) - client-9C97446E6A25->2573df58-4087-4dd0-8598-5abddcc696b9: receive RaftClientReply:client-9C97446E6A25->2573df58-4087-4dd0-8598-5abddcc696b9@group-CE3C0447B19C, cid=3399, SUCCESS, logIndex=5570, commits[2573df58-4087-4dd0-8598-5abddcc696b9:c5571]
2019-06-13 21:51:49,903 INFO  client.GrpcClientProtocolClient (GrpcClientProtocolClient.java:onNext(254)) - client-9C97446E6A25->2573df58-4087-4dd0-8598-5abddcc696b9: receive RaftClientReply:client-9C97446E6A25->2573df58-4087-4dd0-8598-5abddcc696b9@group-CE3C0447B19C, cid=3400, SUCCESS, logIndex=5571, commits[2573df58-4087-4dd0-8598-5abddcc696b9:c5571]
2019-06-13 21:51:49,913 INFO  storage.RaftLogWorker (RaftLogWorker.java:rollLogSegment(303)) - 2573df58-4087-4dd0-8598-5abddcc696b9-RaftLogWorker: Rolling segment log-5503_5572 to index:5572
2019-06-13 21:51:49,913 INFO  storage.RaftLogWorker (RaftLogWorker.java:execute(433)) - 2573df58-4087-4dd0-8598-5abddcc696b9-RaftLogWorker: Rolled log segment from /opt/src/hadoop-ozone/integration-test/target/test-dir/MiniOzoneClusterImpl-8578056e-9b7b-4e66-9e9f-ef53d5cd7c03/datanode-0/data/ratis/7f5c2536-ed89-4233-9ec0-ce3c0447b19c/current/log_inprogress_5503 to /opt/src/hadoop-ozone/integration-test/target/test-dir/MiniOzoneClusterImpl-8578056e-9b7b-4e66-9e9f-ef53d5cd7c03/datanode-0/data/ratis/7f5c2536-ed89-4233-9ec0-ce3c0447b19c/current/log_5503-5572
2019-06-13 21:51:49,967 DEBUG block.SCMBlockDeletingService (SCMBlockDeletingService.java:call(138)) - Running DeletedBlockTransactionScanner
2019-06-13 21:51:49,967 DEBUG block.SCMBlockDeletingService (SCMBlockDeletingService.java:call(155)) - Scanned deleted blocks log and got 0 delTX to process.
2019-06-13 21:51:50,071 DEBUG block.SCMBlockDeletingService (SCMBlockDeletingService.java:call(138)) - Running DeletedBlockTransactionScanner
2019-06-13 21:51:50,071 DEBUG block.SCMBlockDeletingService (SCMBlockDeletingService.java:call(155)) - Scanned deleted blocks log and got 0 delTX to process.
2019-06-13 21:51:50,072 INFO  storage.RaftLogWorker (RaftLogWorker.java:execute(469)) - 2573df58-4087-4dd0-8598-5abddcc696b9-RaftLogWorker: created new log segment /opt/src/hadoop-ozone/integration-test/target/test-dir/MiniOzoneClusterImpl-8578056e-9b7b-4e66-9e9f-ef53d5cd7c03/datanode-0/data/ratis/7f5c2536-ed89-4233-9ec0-ce3c0447b19c/current/log_inprogress_5573
2019-06-13 21:51:50,076 INFO  client.GrpcClientProtocolClient (GrpcClientProtocolClient.java:onNext(254)) - client-9C97446E6A25->2573df58-4087-4dd0-8598-5abddcc696b9: receive RaftClientReply:client-9C97446E6A25->2573df58-4087-4dd0-8598-5abddcc696b9@group-CE3C0447B19C, cid=3401, SUCCESS, logIndex=5573, commits[2573df58-4087-4dd0-8598-5abddcc696b9:c5574]
2019-06-13 21:51:50,080 INFO  client.GrpcClientProtocolClient (GrpcClientProtocolClient.java:onNext(254)) - client-9C97446E6A25->2573df58-4087-4dd0-8598-5abddcc696b9: receive RaftClientReply:client-9C97446E6A25->2573df58-4087-4dd0-8598-5abddcc696b9@group-CE3C0447B19C, cid=3402, SUCCESS, logIndex=5575, commits[2573df58-4087-4dd0-8598-5abddcc696b9:c5578]
2019-06-13 21:51:50,081 INFO  client.GrpcClientProtocolClient (GrpcClientProtocolClient.java:onNext(254)) - client-9C97446E6A25->2573df58-4087-4dd0-8598-5abddcc696b9: receive RaftClientReply:client-9C97446E6A25->2573df58-4087-4dd0-8598-5abddcc696b9@group-CE3C0447B19C, cid=3403, SUCCESS, logIndex=5576, commits[2573df58-4087-4dd0-8598-5abddcc696b9:c5578]
2019-06-13 21:51:50,081 INFO  client.GrpcClientProtocolClient (GrpcClientProtocolClient.java:onNext(254)) - client-9C97446E6A25->2573df58-4087-4dd0-8598-5abddcc696b9: receive RaftClientReply:client-9C97446E6A25->2573df58-4087-4dd0-8598-5abddcc696b9@group-CE3C0447B19C, cid=3404, SUCCESS, logIndex=5577, commits[2573df58-4087-4dd0-8598-5abddcc696b9:c5578]
2019-06-13 21:51:50,087 INFO  client.GrpcClientProtocolClient (GrpcClientProtocolClient.java:onNext(254)) - client-9C97446E6A25->2573df58-4087-4dd0-8598-5abddcc696b9: receive RaftClientReply:client-9C97446E6A25->2573df58-4087-4dd0-8598-5abddcc696b9@group-CE3C0447B19C, cid=3405, SUCCESS, logIndex=5579, commits[2573df58-4087-4dd0-8598-5abddcc696b9:c5579]
2019-06-13 21:51:50,088 INFO  client.GrpcClientProtocolClient (GrpcClientProtocolClient.java:onNext(254)) - client-9C97446E6A25->2573df58-4087-4dd0-8598-5abddcc696b9: receive RaftClientReply:client-9C97446E6A25->2573df58-4087-4dd0-8598-5abddcc696b9@group-CE3C0447B19C, cid=3406, SUCCESS, logIndex=5581, commits[2573df58-4087-4dd0-8598-5abddcc696b9:c5581]
2019-06-13 21:51:50,089 INFO  client.GrpcClientProtocolClient (GrpcClientProtocolClient.java:onNext(254)) - client-9C97446E6A25->2573df58-4087-4dd0-8598-5abddcc696b9: receive RaftClientReply:client-9C97446E6A25->2573df58-4087-4dd0-8598-5abddcc696b9@group-CE3C0447B19C, cid=3407, SUCCESS, logIndex=5582, commits[2573df58-4087-4dd0-8598-5abddcc696b9:c5584]
2019-06-13 21:51:50,090 INFO  client.GrpcClientProtocolClient (GrpcClientProtocolClient.java:onNext(254)) - client-9C97446E6A25->2573df58-4087-4dd0-8598-5abddcc696b9: receive RaftClientReply:client-9C97446E6A25->2573df58-4087-4dd0-8598-5abddcc696b9@group-CE3C0447B19C, cid=3408, SUCCESS, logIndex=5583, commits[2573df58-4087-4dd0-8598-5abddcc696b9:c5584]
2019-06-13 21:51:50,101 INFO  client.GrpcClientProtocolClient (GrpcClientProtocolClient.java:onNext(254)) - client-9C97446E6A25->2573df58-4087-4dd0-8598-5abddcc696b9: receive RaftClientReply:client-9C97446E6A25->2573df58-4087-4dd0-8598-5abddcc696b9@group-CE3C0447B19C, cid=3409, SUCCESS, logIndex=5585, commits[2573df58-4087-4dd0-8598-5abddcc696b9:c5585]
2019-06-13 21:51:50,102 INFO  client.GrpcClientProtocolClient (GrpcClientProtocolClient.java:onNext(254)) - client-9C97446E6A25->2573df58-4087-4dd0-8598-5abddcc696b9: receive RaftClientReply:client-9C97446E6A25->2573df58-4087-4dd0-8598-5abddcc696b9@group-CE3C0447B19C, cid=3410, SUCCESS, logIndex=5587, commits[2573df58-4087-4dd0-8598-5abddcc696b9:c5587]
2019-06-13 21:51:50,103 INFO  client.GrpcClientProtocolClient (GrpcClientProtocolClient.java:onNext(254)) - client-9C97446E6A25->2573df58-4087-4dd0-8598-5abddcc696b9: receive RaftClientReply:client-9C97446E6A25->2573df58-4087-4dd0-8598-5abddcc696b9@group-CE3C0447B19C, cid=3411, SUCCESS, logIndex=5588, commits[2573df58-4087-4dd0-8598-5abddcc696b9:c5588]
2019-06-13 21:51:50,103 INFO  client.GrpcClientProtocolClient (GrpcClientProtocolClient.java:onNext(254)) - client-9C97446E6A25->2573df58-4087-4dd0-8598-5abddcc696b9: receive RaftClientReply:client-9C97446E6A25->2573df58-4087-4dd0-8598-5abddcc696b9@group-CE3C0447B19C, cid=3412, SUCCESS, logIndex=5590, commits[2573df58-4087-4dd0-8598-5abddcc696b9:c5590]
2019-06-13 21:51:50,110 INFO  client.GrpcClientProtocolClient (GrpcClientProtocolClient.java:onNext(254)) - client-9C97446E6A25->2573df58-4087-4dd0-8598-5abddcc696b9: receive RaftClientReply:client-9C97446E6A25->2573df58-4087-4dd0-8598-5abddcc696b9@group-CE3C0447B19C, cid=3413, SUCCESS, logIndex=5593, commits[2573df58-4087-4dd0-8598-5abddcc696b9:c5593]
2019-06-13 21:51:50,111 INFO  client.GrpcClientProtocolClient (GrpcClientProtocolClient.java:onNext(254)) - client-9C97446E6A25->2573df58-4087-4dd0-8598-5abddcc696b9: receive RaftClientReply:client-9C97446E6A25->2573df58-4087-4dd0-8598-5abddcc696b9@group-CE3C0447B19C, cid=3414, SUCCESS, logIndex=5595, commits[2573df58-4087-4dd0-8598-5abddcc696b9:c5595]
2019-06-13 21:51:50,112 INFO  client.GrpcClientProtocolClient (GrpcClientProtocolClient.java:onNext(254)) - client-9C97446E6A25->2573df58-4087-4dd0-8598-5abddcc696b9: receive RaftClientReply:client-9C97446E6A25->2573df58-4087-4dd0-8598-5abddcc696b9@group-CE3C0447B19C, cid=3415, SUCCESS, logIndex=5596, commits[2573df58-4087-4dd0-8598-5abddcc696b9:c5598]
2019-06-13 21:51:50,112 INFO  client.GrpcClientProtocolClient (GrpcClientProtocolClient.java:onNext(254)) - client-9C97446E6A25->2573df58-4087-4dd0-8598-5abddcc696b9: receive RaftClientReply:client-9C97446E6A25->2573df58-4087-4dd0-8598-5abddcc696b9@group-CE3C0447B19C, cid=3416, SUCCESS, logIndex=5598, commits[2573df58-4087-4dd0-8598-5abddcc696b9:c5598]
2019-06-13 21:51:50,162 INFO  client.GrpcClientProtocolClient (GrpcClientProtocolClient.java:onNext(254)) - client-9C97446E6A25->2573df58-4087-4dd0-8598-5abddcc696b9: receive RaftClientReply:client-9C97446E6A25->2573df58-4087-4dd0-8598-5abddcc696b9@group-CE3C0447B19C, cid=3417, SUCCESS, logIndex=5600, commits[2573df58-4087-4dd0-8598-5abddcc696b9:c5600]
2019-06-13 21:51:50,164 INFO  client.GrpcClientProtocolClient (GrpcClientProtocolClient.java:onNext(254)) - client-9C97446E6A25->2573df58-4087-4dd0-8598-5abddcc696b9: receive RaftClientReply:client-9C97446E6A25->2573df58-4087-4dd0-8598-5abddcc696b9@group-CE3C0447B19C, cid=3418, SUCCESS, logIndex=5602, commits[2573df58-4087-4dd0-8598-5abddcc696b9:c5602]
2019-06-13 21:51:50,165 INFO  client.GrpcClientProtocolClient (GrpcClientProtocolClient.java:onNext(254)) - client-9C97446E6A25->2573df58-4087-4dd0-8598-5abddcc696b9: receive RaftClientReply:client-9C97446E6A25->2573df58-4087-4dd0-8598-5abddcc696b9@group-CE3C0447B19C, cid=3419, SUCCESS, logIndex=5603, commits[2573df58-4087-4dd0-8598-5abddcc696b9:c5604]
2019-06-13 21:51:50,165 INFO  client.GrpcClientProtocolClient (GrpcClientProtocolClient.java:onNext(254)) - client-9C97446E6A25->2573df58-4087-4dd0-8598-5abddcc696b9: receive RaftClientReply:client-9C97446E6A25->2573df58-4087-4dd0-8598-5abddcc696b9@group-CE3C0447B19C, cid=3420, SUCCESS, logIndex=5604, commits[2573df58-4087-4dd0-8598-5abddcc696b9:c5605]
2019-06-13 21:51:50,171 INFO  client.GrpcClientProtocolClient (GrpcClientProtocolClient.java:onNext(254)) - client-9C97446E6A25->2573df58-4087-4dd0-8598-5abddcc696b9: receive RaftClientReply:client-9C97446E6A25->2573df58-4087-4dd0-8598-5abddcc696b9@group-CE3C0447B19C, cid=3421, SUCCESS, logIndex=5607, commits[2573df58-4087-4dd0-8598-5abddcc696b9:c5607]
2019-06-13 21:51:50,171 DEBUG block.SCMBlockDeletingService (SCMBlockDeletingService.java:call(138)) - Running DeletedBlockTransactionScanner
2019-06-13 21:51:50,171 DEBUG block.SCMBlockDeletingService (SCMBlockDeletingService.java:call(155)) - Scanned deleted blocks log and got 0 delTX to process.
2019-06-13 21:51:50,173 INFO  client.GrpcClientProtocolClient (GrpcClientProtocolClient.java:onNext(254)) - client-9C97446E6A25->2573df58-4087-4dd0-8598-5abddcc696b9: receive RaftClientReply:client-9C97446E6A25->2573df58-4087-4dd0-8598-5abddcc696b9@group-CE3C0447B19C, cid=3422, SUCCESS, logIndex=5609, commits[2573df58-4087-4dd0-8598-5abddcc696b9:c5609]
2019-06-13 21:51:50,173 INFO  client.GrpcClientProtocolClient (GrpcClientProtocolClient.java:onNext(254)) - client-9C97446E6A25->2573df58-4087-4dd0-8598-5abddcc696b9: receive RaftClientReply:client-9C97446E6A25->2573df58-4087-4dd0-8598-5abddcc696b9@group-CE3C0447B19C, cid=3423, SUCCESS, logIndex=5610, commits[2573df58-4087-4dd0-8598-5abddcc696b9:c5611]
2019-06-13 21:51:50,174 INFO  client.GrpcClientProtocolClient (GrpcClientProtocolClient.java:onNext(254)) - client-9C97446E6A25->2573df58-4087-4dd0-8598-5abddcc696b9: receive RaftClientReply:client-9C97446E6A25->2573df58-4087-4dd0-8598-5abddcc696b9@group-CE3C0447B19C, cid=3424, SUCCESS, logIndex=5611, commits[2573df58-4087-4dd0-8598-5abddcc696b9:c5611]
2019-06-13 21:51:50,184 INFO  client.GrpcClientProtocolClient (GrpcClientProtocolClient.java:onNext(254)) - client-9C97446E6A25->2573df58-4087-4dd0-8598-5abddcc696b9: receive RaftClientReply:client-9C97446E6A25->2573df58-4087-4dd0-8598-5abddcc696b9@group-CE3C0447B19C, cid=3425, SUCCESS, logIndex=5614, commits[2573df58-4087-4dd0-8598-5abddcc696b9:c5614]
2019-06-13 21:51:50,186 INFO  client.GrpcClientProtocolClient (GrpcClientProtocolClient.java:onNext(254)) - client-9C97446E6A25->2573df58-4087-4dd0-8598-5abddcc696b9: receive RaftClientReply:client-9C97446E6A25->2573df58-4087-4dd0-8598-5abddcc696b9@group-CE3C0447B19C, cid=3426, SUCCESS, logIndex=5616, commits[2573df58-4087-4dd0-8598-5abddcc696b9:c5616]
2019-06-13 21:51:50,187 INFO  client.GrpcClientProtocolClient (GrpcClientProtocolClient.java:onNext(254)) - client-9C97446E6A25->2573df58-4087-4dd0-8598-5abddcc696b9: receive RaftClientReply:client-9C97446E6A25->2573df58-4087-4dd0-8598-5abddcc696b9@group-CE3C0447B19C, cid=3427, SUCCESS, logIndex=5617, commits[2573df58-4087-4dd0-8598-5abddcc696b9:c5619]
2019-06-13 21:51:50,187 INFO  client.GrpcClientProtocolClient (GrpcClientProtocolClient.java:onNext(254)) - client-9C97446E6A25->2573df58-4087-4dd0-8598-5abddcc696b9: receive RaftClientReply:client-9C97446E6A25->2573df58-4087-4dd0-8598-5abddcc696b9@group-CE3C0447B19C, cid=3428, SUCCESS, logIndex=5618, commits[2573df58-4087-4dd0-8598-5abddcc696b9:c5619]
2019-06-13 21:51:50,193 INFO  client.GrpcClientProtocolClient (GrpcClientProtocolClient.java:onNext(254)) - client-9C97446E6A25->2573df58-4087-4dd0-8598-5abddcc696b9: receive RaftClientReply:client-9C97446E6A25->2573df58-4087-4dd0-8598-5abddcc696b9@group-CE3C0447B19C, cid=3429, SUCCESS, logIndex=5620, commits[2573df58-4087-4dd0-8598-5abddcc696b9:c5620]
2019-06-13 21:51:50,194 INFO  client.GrpcClientProtocolClient (GrpcClientProtocolClient.java:onNext(254)) - client-9C97446E6A25->2573df58-4087-4dd0-8598-5abddcc696b9: receive RaftClientReply:client-9C97446E6A25->2573df58-4087-4dd0-8598-5abddcc696b9@group-CE3C0447B19C, cid=3430, SUCCESS, logIndex=5622, commits[2573df58-4087-4dd0-8598-5abddcc696b9:c5622]
2019-06-13 21:51:50,195 INFO  client.GrpcClientProtocolClient (GrpcClientProtocolClient.java:onNext(254)) - client-9C97446E6A25->2573df58-4087-4dd0-8598-5abddcc696b9: receive RaftClientReply:client-9C97446E6A25->2573df58-4087-4dd0-8598-5abddcc696b9@group-CE3C0447B19C, cid=3431, SUCCESS, logIndex=5623, commits[2573df58-4087-4dd0-8598-5abddcc696b9:c5625]
2019-06-13 21:51:50,195 INFO  client.GrpcClientProtocolClient (GrpcClientProtocolClient.java:onNext(254)) - client-9C97446E6A25->2573df58-4087-4dd0-8598-5abddcc696b9: receive RaftClientReply:client-9C97446E6A25->2573df58-4087-4dd0-8598-5abddcc696b9@group-CE3C0447B19C, cid=3432, SUCCESS, logIndex=5624, commits[2573df58-4087-4dd0-8598-5abddcc696b9:c5625]
2019-06-13 21:51:50,205 INFO  client.GrpcClientProtocolClient (GrpcClientProtocolClient.java:onNext(254)) - client-9C97446E6A25->2573df58-4087-4dd0-8598-5abddcc696b9: receive RaftClientReply:client-9C97446E6A25->2573df58-4087-4dd0-8598-5abddcc696b9@group-CE3C0447B19C, cid=3433, SUCCESS, logIndex=5626, commits[2573df58-4087-4dd0-8598-5abddcc696b9:c5626]
2019-06-13 21:51:50,207 INFO  client.GrpcClientProtocolClient (GrpcClientProtocolClient.java:onNext(254)) - client-9C97446E6A25->2573df58-4087-4dd0-8598-5abddcc696b9: receive RaftClientReply:client-9C97446E6A25->2573df58-4087-4dd0-8598-5abddcc696b9@group-CE3C0447B19C, cid=3434, SUCCESS, logIndex=5628, commits[2573df58-4087-4dd0-8598-5abddcc696b9:c5631]
2019-06-13 21:51:50,207 INFO  client.GrpcClientProtocolClient (GrpcClientProtocolClient.java:onNext(254)) - client-9C97446E6A25->2573df58-4087-4dd0-8598-5abddcc696b9: receive RaftClientReply:client-9C97446E6A25->2573df58-4087-4dd0-8598-5abddcc696b9@group-CE3C0447B19C, cid=3435, SUCCESS, logIndex=5629, commits[2573df58-4087-4dd0-8598-5abddcc696b9:c5631]
2019-06-13 21:51:50,208 INFO  client.GrpcClientProtocolClient (GrpcClientProtocolClient.java:onNext(254)) - client-9C97446E6A25->2573df58-4087-4dd0-8598-5abddcc696b9: receive RaftClientReply:client-9C97446E6A25->2573df58-4087-4dd0-8598-5abddcc696b9@group-CE3C0447B19C, cid=3436, SUCCESS, logIndex=5630, commits[2573df58-4087-4dd0-8598-5abddcc696b9:c5631]
2019-06-13 21:51:50,216 INFO  client.GrpcClientProtocolClient (GrpcClientProtocolClient.java:onNext(254)) - client-9C97446E6A25->2573df58-4087-4dd0-8598-5abddcc696b9: receive RaftClientReply:client-9C97446E6A25->2573df58-4087-4dd0-8598-5abddcc696b9@group-CE3C0447B19C, cid=3437, SUCCESS, logIndex=5632, commits[2573df58-4087-4dd0-8598-5abddcc696b9:c5632]
2019-06-13 21:51:50,217 INFO  client.GrpcClientProtocolClient (GrpcClientProtocolClient.java:onNext(254)) - client-9C97446E6A25->2573df58-4087-4dd0-8598-5abddcc696b9: receive RaftClientReply:client-9C97446E6A25->2573df58-4087-4dd0-8598-5abddcc696b9@group-CE3C0447B19C, cid=3438, SUCCESS, logIndex=5634, commits[2573df58-4087-4dd0-8598-5abddcc696b9:c5634]
2019-06-13 21:51:50,218 INFO  client.GrpcClientProtocolClient (GrpcClientProtocolClient.java:onNext(254)) - client-9C97446E6A25->2573df58-4087-4dd0-8598-5abddcc696b9: receive RaftClientReply:client-9C97446E6A25->2573df58-4087-4dd0-8598-5abddcc696b9@group-CE3C0447B19C, cid=3439, SUCCESS, logIndex=5635, commits[2573df58-4087-4dd0-8598-5abddcc696b9:c5637]
2019-06-13 21:51:50,219 INFO  client.GrpcClientProtocolClient (GrpcClientProtocolClient.java:onNext(254)) - client-9C97446E6A25->2573df58-4087-4dd0-8598-5abddcc696b9: receive RaftClientReply:client-9C97446E6A25->2573df58-4087-4dd0-8598-5abddcc696b9@group-CE3C0447B19C, cid=3440, SUCCESS, logIndex=5636, commits[2573df58-4087-4dd0-8598-5abddcc696b9:c5637]
2019-06-13 21:51:50,229 INFO  client.GrpcClientProtocolClient (GrpcClientProtocolClient.java:onNext(254)) - client-9C97446E6A25->2573df58-4087-4dd0-8598-5abddcc696b9: receive RaftClientReply:client-9C97446E6A25->2573df58-4087-4dd0-8598-5abddcc696b9@group-CE3C0447B19C, cid=3441, SUCCESS, logIndex=5638, commits[2573df58-4087-4dd0-8598-5abddcc696b9:c5638]
2019-06-13 21:51:50,230 INFO  client.GrpcClientProtocolClient (GrpcClientProtocolClient.java:onNext(254)) - client-9C97446E6A25->2573df58-4087-4dd0-8598-5abddcc696b9: receive RaftClientReply:client-9C97446E6A25->2573df58-4087-4dd0-8598-5abddcc696b9@group-CE3C0447B19C, cid=3442, SUCCESS, logIndex=5640, commits[2573df58-4087-4dd0-8598-5abddcc696b9:c5640]
2019-06-13 21:51:50,231 INFO  client.GrpcClientProtocolClient (GrpcClientProtocolClient.java:onNext(254)) - client-9C97446E6A25->2573df58-4087-4dd0-8598-5abddcc696b9: receive RaftClientReply:client-9C97446E6A25->2573df58-4087-4dd0-8598-5abddcc696b9@group-CE3C0447B19C, cid=3443, SUCCESS, logIndex=5641, commits[2573df58-4087-4dd0-8598-5abddcc696b9:c5643]
2019-06-13 21:51:50,231 INFO  client.GrpcClientProtocolClient (GrpcClientProtocolClient.java:onNext(254)) - client-9C97446E6A25->2573df58-4087-4dd0-8598-5abddcc696b9: receive RaftClientReply:client-9C97446E6A25->2573df58-4087-4dd0-8598-5abddcc696b9@group-CE3C0447B19C, cid=3444, SUCCESS, logIndex=5642, commits[2573df58-4087-4dd0-8598-5abddcc696b9:c5643]
2019-06-13 21:51:50,234 INFO  storage.RaftLogWorker (RaftLogWorker.java:rollLogSegment(303)) - 2573df58-4087-4dd0-8598-5abddcc696b9-RaftLogWorker: Rolling segment log-5573_5643 to index:5643
2019-06-13 21:51:50,235 INFO  storage.RaftLogWorker (RaftLogWorker.java:execute(433)) - 2573df58-4087-4dd0-8598-5abddcc696b9-RaftLogWorker: Rolled log segment from /opt/src/hadoop-ozone/integration-test/target/test-dir/MiniOzoneClusterImpl-8578056e-9b7b-4e66-9e9f-ef53d5cd7c03/datanode-0/data/ratis/7f5c2536-ed89-4233-9ec0-ce3c0447b19c/current/log_inprogress_5573 to /opt/src/hadoop-ozone/integration-test/target/test-dir/MiniOzoneClusterImpl-8578056e-9b7b-4e66-9e9f-ef53d5cd7c03/datanode-0/data/ratis/7f5c2536-ed89-4233-9ec0-ce3c0447b19c/current/log_5573-5643
2019-06-13 21:51:50,271 DEBUG block.SCMBlockDeletingService (SCMBlockDeletingService.java:call(138)) - Running DeletedBlockTransactionScanner
2019-06-13 21:51:50,272 DEBUG block.SCMBlockDeletingService (SCMBlockDeletingService.java:call(155)) - Scanned deleted blocks log and got 0 delTX to process.
2019-06-13 21:51:50,278 INFO  storage.RaftLogWorker (RaftLogWorker.java:execute(469)) - 2573df58-4087-4dd0-8598-5abddcc696b9-RaftLogWorker: created new log segment /opt/src/hadoop-ozone/integration-test/target/test-dir/MiniOzoneClusterImpl-8578056e-9b7b-4e66-9e9f-ef53d5cd7c03/datanode-0/data/ratis/7f5c2536-ed89-4233-9ec0-ce3c0447b19c/current/log_inprogress_5644
2019-06-13 21:51:50,280 INFO  client.GrpcClientProtocolClient (GrpcClientProtocolClient.java:onNext(254)) - client-9C97446E6A25->2573df58-4087-4dd0-8598-5abddcc696b9: receive RaftClientReply:client-9C97446E6A25->2573df58-4087-4dd0-8598-5abddcc696b9@group-CE3C0447B19C, cid=3445, SUCCESS, logIndex=5644, commits[2573df58-4087-4dd0-8598-5abddcc696b9:c5644]
2019-06-13 21:51:50,282 INFO  client.GrpcClientProtocolClient (GrpcClientProtocolClient.java:onNext(254)) - client-9C97446E6A25->2573df58-4087-4dd0-8598-5abddcc696b9: receive RaftClientReply:client-9C97446E6A25->2573df58-4087-4dd0-8598-5abddcc696b9@group-CE3C0447B19C, cid=3446, SUCCESS, logIndex=5646, commits[2573df58-4087-4dd0-8598-5abddcc696b9:c5646]
2019-06-13 21:51:50,282 INFO  client.GrpcClientProtocolClient (GrpcClientProtocolClient.java:onNext(254)) - client-9C97446E6A25->2573df58-4087-4dd0-8598-5abddcc696b9: receive RaftClientReply:client-9C97446E6A25->2573df58-4087-4dd0-8598-5abddcc696b9@group-CE3C0447B19C, cid=3447, SUCCESS, logIndex=5647, commits[2573df58-4087-4dd0-8598-5abddcc696b9:c5649]
2019-06-13 21:51:50,283 INFO  client.GrpcClientProtocolClient (GrpcClientProtocolClient.java:onNext(254)) - client-9C97446E6A25->2573df58-4087-4dd0-8598-5abddcc696b9: receive RaftClientReply:client-9C97446E6A25->2573df58-4087-4dd0-8598-5abddcc696b9@group-CE3C0447B19C, cid=3448, SUCCESS, logIndex=5648, commits[2573df58-4087-4dd0-8598-5abddcc696b9:c5649]
2019-06-13 21:51:50,360 INFO  client.GrpcClientProtocolClient (GrpcClientProtocolClient.java:onNext(254)) - client-9C97446E6A25->2573df58-4087-4dd0-8598-5abddcc696b9: receive RaftClientReply:client-9C97446E6A25->2573df58-4087-4dd0-8598-5abddcc696b9@group-CE3C0447B19C, cid=3449, SUCCESS, logIndex=5650, commits[2573df58-4087-4dd0-8598-5abddcc696b9:c5650]
2019-06-13 21:51:50,362 INFO  client.GrpcClientProtocolClient (GrpcClientProtocolClient.java:onNext(254)) - client-9C97446E6A25->2573df58-4087-4dd0-8598-5abddcc696b9: receive RaftClientReply:client-9C97446E6A25->2573df58-4087-4dd0-8598-5abddcc696b9@group-CE3C0447B19C, cid=3450, SUCCESS, logIndex=5652, commits[2573df58-4087-4dd0-8598-5abddcc696b9:c5652]
2019-06-13 21:51:50,362 INFO  client.GrpcClientProtocolClient (GrpcClientProtocolClient.java:onNext(254)) - client-9C97446E6A25->2573df58-4087-4dd0-8598-5abddcc696b9: receive RaftClientReply:client-9C97446E6A25->2573df58-4087-4dd0-8598-5abddcc696b9@group-CE3C0447B19C, cid=3451, SUCCESS, logIndex=5653, commits[2573df58-4087-4dd0-8598-5abddcc696b9:c5653]
2019-06-13 21:51:50,363 INFO  client.GrpcClientProtocolClient (GrpcClientProtocolClient.java:onNext(254)) - client-9C97446E6A25->2573df58-4087-4dd0-8598-5abddcc696b9: receive RaftClientReply:client-9C97446E6A25->2573df58-4087-4dd0-8598-5abddcc696b9@group-CE3C0447B19C, cid=3452, SUCCESS, logIndex=5655, commits[2573df58-4087-4dd0-8598-5abddcc696b9:c5655]
2019-06-13 21:51:50,368 INFO  client.GrpcClientProtocolClient (GrpcClientProtocolClient.java:onNext(254)) - client-9C97446E6A25->2573df58-4087-4dd0-8598-5abddcc696b9: receive RaftClientReply:client-9C97446E6A25->2573df58-4087-4dd0-8598-5abddcc696b9@group-CE3C0447B19C, cid=3453, SUCCESS, logIndex=5658, commits[2573df58-4087-4dd0-8598-5abddcc696b9:c5658]
2019-06-13 21:51:50,370 INFO  client.GrpcClientProtocolClient (GrpcClientProtocolClient.java:onNext(254)) - client-9C97446E6A25->2573df58-4087-4dd0-8598-5abddcc696b9: receive RaftClientReply:client-9C97446E6A25->2573df58-4087-4dd0-8598-5abddcc696b9@group-CE3C0447B19C, cid=3454, SUCCESS, logIndex=5660, commits[2573df58-4087-4dd0-8598-5abddcc696b9:c5660]
2019-06-13 21:51:50,371 INFO  client.GrpcClientProtocolClient (GrpcClientProtocolClient.java:onNext(254)) - client-9C97446E6A25->2573df58-4087-4dd0-8598-5abddcc696b9: receive RaftClientReply:client-9C97446E6A25->2573df58-4087-4dd0-8598-5abddcc696b9@group-CE3C0447B19C, cid=3455, SUCCESS, logIndex=5661, commits[2573df58-4087-4dd0-8598-5abddcc696b9:c5663]
2019-06-13 21:51:50,372 INFO  client.GrpcClientProtocolClient (GrpcClientProtocolClient.java:onNext(254)) - client-9C97446E6A25->2573df58-4087-4dd0-8598-5abddcc696b9: receive RaftClientReply:client-9C97446E6A25->2573df58-4087-4dd0-8598-5abddcc696b9@group-CE3C0447B19C, cid=3456, SUCCESS, logIndex=5662, commits[2573df58-4087-4dd0-8598-5abddcc696b9:c5663]
2019-06-13 21:51:50,372 DEBUG block.SCMBlockDeletingService (SCMBlockDeletingService.java:call(138)) - Running DeletedBlockTransactionScanner
2019-06-13 21:51:50,372 DEBUG block.SCMBlockDeletingService (SCMBlockDeletingService.java:call(155)) - Scanned deleted blocks log and got 0 delTX to process.
2019-06-13 21:51:50,382 INFO  client.GrpcClientProtocolClient (GrpcClientProtocolClient.java:onNext(254)) - client-9C97446E6A25->2573df58-4087-4dd0-8598-5abddcc696b9: receive RaftClientReply:client-9C97446E6A25->2573df58-4087-4dd0-8598-5abddcc696b9@group-CE3C0447B19C, cid=3457, SUCCESS, logIndex=5664, commits[2573df58-4087-4dd0-8598-5abddcc696b9:c5664]
2019-06-13 21:51:50,384 INFO  client.GrpcClientProtocolClient (GrpcClientProtocolClient.java:onNext(254)) - client-9C97446E6A25->2573df58-4087-4dd0-8598-5abddcc696b9: receive RaftClientReply:client-9C97446E6A25->2573df58-4087-4dd0-8598-5abddcc696b9@group-CE3C0447B19C, cid=3458, SUCCESS, logIndex=5666, commits[2573df58-4087-4dd0-8598-5abddcc696b9:c5666]
2019-06-13 21:51:50,384 INFO  client.GrpcClientProtocolClient (GrpcClientProtocolClient.java:onNext(254)) - client-9C97446E6A25->2573df58-4087-4dd0-8598-5abddcc696b9: receive RaftClientReply:client-9C97446E6A25->2573df58-4087-4dd0-8598-5abddcc696b9@group-CE3C0447B19C, cid=3459, SUCCESS, logIndex=5667, commits[2573df58-4087-4dd0-8598-5abddcc696b9:c5669]
2019-06-13 21:51:50,385 INFO  client.GrpcClientProtocolClient (GrpcClientProtocolClient.java:onNext(254)) - client-9C97446E6A25->2573df58-4087-4dd0-8598-5abddcc696b9: receive RaftClientReply:client-9C97446E6A25->2573df58-4087-4dd0-8598-5abddcc696b9@group-CE3C0447B19C, cid=3460, SUCCESS, logIndex=5668, commits[2573df58-4087-4dd0-8598-5abddcc696b9:c5669]
2019-06-13 21:51:50,390 INFO  client.GrpcClientProtocolClient (GrpcClientProtocolClient.java:onNext(254)) - client-9C97446E6A25->2573df58-4087-4dd0-8598-5abddcc696b9: receive RaftClientReply:client-9C97446E6A25->2573df58-4087-4dd0-8598-5abddcc696b9@group-CE3C0447B19C, cid=3461, SUCCESS, logIndex=5670, commits[2573df58-4087-4dd0-8598-5abddcc696b9:c5670]
2019-06-13 21:51:50,392 INFO  client.GrpcClientProtocolClient (GrpcClientProtocolClient.java:onNext(254)) - client-9C97446E6A25->2573df58-4087-4dd0-8598-5abddcc696b9: receive RaftClientReply:client-9C97446E6A25->2573df58-4087-4dd0-8598-5abddcc696b9@group-CE3C0447B19C, cid=3462, SUCCESS, logIndex=5672, commits[2573df58-4087-4dd0-8598-5abddcc696b9:c5672]
2019-06-13 21:51:50,392 INFO  client.GrpcClientProtocolClient (GrpcClientProtocolClient.java:onNext(254)) - client-9C97446E6A25->2573df58-4087-4dd0-8598-5abddcc696b9: receive RaftClientReply:client-9C97446E6A25->2573df58-4087-4dd0-8598-5abddcc696b9@group-CE3C0447B19C, cid=3463, SUCCESS, logIndex=5673, commits[2573df58-4087-4dd0-8598-5abddcc696b9:c5675]
2019-06-13 21:51:50,393 INFO  client.GrpcClientProtocolClient (GrpcClientProtocolClient.java:onNext(254)) - client-9C97446E6A25->2573df58-4087-4dd0-8598-5abddcc696b9: receive RaftClientReply:client-9C97446E6A25->2573df58-4087-4dd0-8598-5abddcc696b9@group-CE3C0447B19C, cid=3464, SUCCESS, logIndex=5674, commits[2573df58-4087-4dd0-8598-5abddcc696b9:c5675]
2019-06-13 21:51:50,403 INFO  client.GrpcClientProtocolClient (GrpcClientProtocolClient.java:onNext(254)) - client-9C97446E6A25->2573df58-4087-4dd0-8598-5abddcc696b9: receive RaftClientReply:client-9C97446E6A25->2573df58-4087-4dd0-8598-5abddcc696b9@group-CE3C0447B19C, cid=3465, SUCCESS, logIndex=5676, commits[2573df58-4087-4dd0-8598-5abddcc696b9:c5676]
2019-06-13 21:51:50,404 INFO  client.GrpcClientProtocolClient (GrpcClientProtocolClient.java:onNext(254)) - client-9C97446E6A25->2573df58-4087-4dd0-8598-5abddcc696b9: receive RaftClientReply:client-9C97446E6A25->2573df58-4087-4dd0-8598-5abddcc696b9@group-CE3C0447B19C, cid=3466, SUCCESS, logIndex=5678, commits[2573df58-4087-4dd0-8598-5abddcc696b9:c5678]
2019-06-13 21:51:50,405 INFO  client.GrpcClientProtocolClient (GrpcClientProtocolClient.java:onNext(254)) - client-9C97446E6A25->2573df58-4087-4dd0-8598-5abddcc696b9: receive RaftClientReply:client-9C97446E6A25->2573df58-4087-4dd0-8598-5abddcc696b9@group-CE3C0447B19C, cid=3467, SUCCESS, logIndex=5679, commits[2573df58-4087-4dd0-8598-5abddcc696b9:c5681]
2019-06-13 21:51:50,405 INFO  client.GrpcClientProtocolClient (GrpcClientProtocolClient.java:onNext(254)) - client-9C97446E6A25->2573df58-4087-4dd0-8598-5abddcc696b9: receive RaftClientReply:client-9C97446E6A25->2573df58-4087-4dd0-8598-5abddcc696b9@group-CE3C0447B19C, cid=3468, SUCCESS, logIndex=5680, commits[2573df58-4087-4dd0-8598-5abddcc696b9:c5681]
2019-06-13 21:51:50,410 INFO  client.GrpcClientProtocolClient (GrpcClientProtocolClient.java:onNext(254)) - client-9C97446E6A25->2573df58-4087-4dd0-8598-5abddcc696b9: receive RaftClientReply:client-9C97446E6A25->2573df58-4087-4dd0-8598-5abddcc696b9@group-CE3C0447B19C, cid=3469, SUCCESS, logIndex=5682, commits[2573df58-4087-4dd0-8598-5abddcc696b9:c5682]
2019-06-13 21:51:50,412 INFO  client.GrpcClientProtocolClient (GrpcClientProtocolClient.java:onNext(254)) - client-9C97446E6A25->2573df58-4087-4dd0-8598-5abddcc696b9: receive RaftClientReply:client-9C97446E6A25->2573df58-4087-4dd0-8598-5abddcc696b9@group-CE3C0447B19C, cid=3470, SUCCESS, logIndex=5684, commits[2573df58-4087-4dd0-8598-5abddcc696b9:c5684]
2019-06-13 21:51:50,412 INFO  client.GrpcClientProtocolClient (GrpcClientProtocolClient.java:onNext(254)) - client-9C97446E6A25->2573df58-4087-4dd0-8598-5abddcc696b9: receive RaftClientReply:client-9C97446E6A25->2573df58-4087-4dd0-8598-5abddcc696b9@group-CE3C0447B19C, cid=3471, SUCCESS, logIndex=5685, commits[2573df58-4087-4dd0-8598-5abddcc696b9:c5685]
2019-06-13 21:51:50,413 INFO  client.GrpcClientProtocolClient (GrpcClientProtocolClient.java:onNext(254)) - client-9C97446E6A25->2573df58-4087-4dd0-8598-5abddcc696b9: receive RaftClientReply:client-9C97446E6A25->2573df58-4087-4dd0-8598-5abddcc696b9@group-CE3C0447B19C, cid=3472, SUCCESS, logIndex=5687, commits[2573df58-4087-4dd0-8598-5abddcc696b9:c5687]
2019-06-13 21:51:50,423 INFO  client.GrpcClientProtocolClient (GrpcClientProtocolClient.java:onNext(254)) - client-9C97446E6A25->2573df58-4087-4dd0-8598-5abddcc696b9: receive RaftClientReply:client-9C97446E6A25->2573df58-4087-4dd0-8598-5abddcc696b9@group-CE3C0447B19C, cid=3473, SUCCESS, logIndex=5690, commits[2573df58-4087-4dd0-8598-5abddcc696b9:c5690]
2019-06-13 21:51:50,424 INFO  client.GrpcClientProtocolClient (GrpcClientProtocolClient.java:onNext(254)) - client-9C97446E6A25->2573df58-4087-4dd0-8598-5abddcc696b9: receive RaftClientReply:client-9C97446E6A25->2573df58-4087-4dd0-8598-5abddcc696b9@group-CE3C0447B19C, cid=3474, SUCCESS, logIndex=5692, commits[2573df58-4087-4dd0-8598-5abddcc696b9:c5692]
2019-06-13 21:51:50,425 INFO  client.GrpcClientProtocolClient (GrpcClientProtocolClient.java:onNext(254)) - client-9C97446E6A25->2573df58-4087-4dd0-8598-5abddcc696b9: receive RaftClientReply:client-9C97446E6A25->2573df58-4087-4dd0-8598-5abddcc696b9@group-CE3C0447B19C, cid=3475, SUCCESS, logIndex=5693, commits[2573df58-4087-4dd0-8598-5abddcc696b9:c5695]
2019-06-13 21:51:50,426 INFO  client.GrpcClientProtocolClient (GrpcClientProtocolClient.java:onNext(254)) - client-9C97446E6A25->2573df58-4087-4dd0-8598-5abddcc696b9: receive RaftClientReply:client-9C97446E6A25->2573df58-4087-4dd0-8598-5abddcc696b9@group-CE3C0447B19C, cid=3476, SUCCESS, logIndex=5694, commits[2573df58-4087-4dd0-8598-5abddcc696b9:c5695]
2019-06-13 21:51:50,431 INFO  client.GrpcClientProtocolClient (GrpcClientProtocolClient.java:onNext(254)) - client-9C97446E6A25->2573df58-4087-4dd0-8598-5abddcc696b9: receive RaftClientReply:client-9C97446E6A25->2573df58-4087-4dd0-8598-5abddcc696b9@group-CE3C0447B19C, cid=3477, SUCCESS, logIndex=5696, commits[2573df58-4087-4dd0-8598-5abddcc696b9:c5696]
2019-06-13 21:51:50,432 INFO  client.GrpcClientProtocolClient (GrpcClientProtocolClient.java:onNext(254)) - client-9C97446E6A25->2573df58-4087-4dd0-8598-5abddcc696b9: receive RaftClientReply:client-9C97446E6A25->2573df58-4087-4dd0-8598-5abddcc696b9@group-CE3C0447B19C, cid=3478, SUCCESS, logIndex=5698, commits[2573df58-4087-4dd0-8598-5abddcc696b9:c5698]
2019-06-13 21:51:50,433 INFO  client.GrpcClientProtocolClient (GrpcClientProtocolClient.java:onNext(254)) - client-9C97446E6A25->2573df58-4087-4dd0-8598-5abddcc696b9: receive RaftClientReply:client-9C97446E6A25->2573df58-4087-4dd0-8598-5abddcc696b9@group-CE3C0447B19C, cid=3479, SUCCESS, logIndex=5699, commits[2573df58-4087-4dd0-8598-5abddcc696b9:c5701]
2019-06-13 21:51:50,433 INFO  client.GrpcClientProtocolClient (GrpcClientProtocolClient.java:onNext(254)) - client-9C97446E6A25->2573df58-4087-4dd0-8598-5abddcc696b9: receive RaftClientReply:client-9C97446E6A25->2573df58-4087-4dd0-8598-5abddcc696b9@group-CE3C0447B19C, cid=3480, SUCCESS, logIndex=5700, commits[2573df58-4087-4dd0-8598-5abddcc696b9:c5701]
2019-06-13 21:51:50,443 INFO  client.GrpcClientProtocolClient (GrpcClientProtocolClient.java:onNext(254)) - client-9C97446E6A25->2573df58-4087-4dd0-8598-5abddcc696b9: receive RaftClientReply:client-9C97446E6A25->2573df58-4087-4dd0-8598-5abddcc696b9@group-CE3C0447B19C, cid=3481, SUCCESS, logIndex=5702, commits[2573df58-4087-4dd0-8598-5abddcc696b9:c5702]
2019-06-13 21:51:50,446 INFO  client.GrpcClientProtocolClient (GrpcClientProtocolClient.java:onNext(254)) - client-9C97446E6A25->2573df58-4087-4dd0-8598-5abddcc696b9: receive RaftClientReply:client-9C97446E6A25->2573df58-4087-4dd0-8598-5abddcc696b9@group-CE3C0447B19C, cid=3482, SUCCESS, logIndex=5704, commits[2573df58-4087-4dd0-8598-5abddcc696b9:c5704]
2019-06-13 21:51:50,446 INFO  client.GrpcClientProtocolClient (GrpcClientProtocolClient.java:onNext(254)) - client-9C97446E6A25->2573df58-4087-4dd0-8598-5abddcc696b9: receive RaftClientReply:client-9C97446E6A25->2573df58-4087-4dd0-8598-5abddcc696b9@group-CE3C0447B19C, cid=3483, SUCCESS, logIndex=5705, commits[2573df58-4087-4dd0-8598-5abddcc696b9:c5706]
2019-06-13 21:51:50,446 INFO  client.GrpcClientProtocolClient (GrpcClientProtocolClient.java:onNext(254)) - client-9C97446E6A25->2573df58-4087-4dd0-8598-5abddcc696b9: receive RaftClientReply:client-9C97446E6A25->2573df58-4087-4dd0-8598-5abddcc696b9@group-CE3C0447B19C, cid=3484, SUCCESS, logIndex=5706, commits[2573df58-4087-4dd0-8598-5abddcc696b9:c5706]
2019-06-13 21:51:50,452 INFO  client.GrpcClientProtocolClient (GrpcClientProtocolClient.java:onNext(254)) - client-9C97446E6A25->2573df58-4087-4dd0-8598-5abddcc696b9: receive RaftClientReply:client-9C97446E6A25->2573df58-4087-4dd0-8598-5abddcc696b9@group-CE3C0447B19C, cid=3485, SUCCESS, logIndex=5709, commits[2573df58-4087-4dd0-8598-5abddcc696b9:c5709]
2019-06-13 21:51:50,452 INFO  storage.RaftLogWorker (RaftLogWorker.java:rollLogSegment(303)) - 2573df58-4087-4dd0-8598-5abddcc696b9-RaftLogWorker: Rolling segment log-5644_5712 to index:5712
2019-06-13 21:51:50,453 INFO  client.GrpcClientProtocolClient (GrpcClientProtocolClient.java:onNext(254)) - client-9C97446E6A25->2573df58-4087-4dd0-8598-5abddcc696b9: receive RaftClientReply:client-9C97446E6A25->2573df58-4087-4dd0-8598-5abddcc696b9@group-CE3C0447B19C, cid=3486, SUCCESS, logIndex=5711, commits[2573df58-4087-4dd0-8598-5abddcc696b9:c5711]
2019-06-13 21:51:50,453 INFO  storage.RaftLogWorker (RaftLogWorker.java:execute(433)) - 2573df58-4087-4dd0-8598-5abddcc696b9-RaftLogWorker: Rolled log segment from /opt/src/hadoop-ozone/integration-test/target/test-dir/MiniOzoneClusterImpl-8578056e-9b7b-4e66-9e9f-ef53d5cd7c03/datanode-0/data/ratis/7f5c2536-ed89-4233-9ec0-ce3c0447b19c/current/log_inprogress_5644 to /opt/src/hadoop-ozone/integration-test/target/test-dir/MiniOzoneClusterImpl-8578056e-9b7b-4e66-9e9f-ef53d5cd7c03/datanode-0/data/ratis/7f5c2536-ed89-4233-9ec0-ce3c0447b19c/current/log_5644-5712
2019-06-13 21:51:50,459 INFO  client.GrpcClientProtocolClient (GrpcClientProtocolClient.java:onNext(254)) - client-9C97446E6A25->2573df58-4087-4dd0-8598-5abddcc696b9: receive RaftClientReply:client-9C97446E6A25->2573df58-4087-4dd0-8598-5abddcc696b9@group-CE3C0447B19C, cid=3487, SUCCESS, logIndex=5712, commits[2573df58-4087-4dd0-8598-5abddcc696b9:c5712]
2019-06-13 21:51:50,472 DEBUG block.SCMBlockDeletingService (SCMBlockDeletingService.java:call(138)) - Running DeletedBlockTransactionScanner
2019-06-13 21:51:50,472 DEBUG block.SCMBlockDeletingService (SCMBlockDeletingService.java:call(155)) - Scanned deleted blocks log and got 0 delTX to process.
2019-06-13 21:51:50,492 INFO  storage.RaftLogWorker (RaftLogWorker.java:execute(469)) - 2573df58-4087-4dd0-8598-5abddcc696b9-RaftLogWorker: created new log segment /opt/src/hadoop-ozone/integration-test/target/test-dir/MiniOzoneClusterImpl-8578056e-9b7b-4e66-9e9f-ef53d5cd7c03/datanode-0/data/ratis/7f5c2536-ed89-4233-9ec0-ce3c0447b19c/current/log_inprogress_5713
2019-06-13 21:51:50,494 INFO  client.GrpcClientProtocolClient (GrpcClientProtocolClient.java:onNext(254)) - client-9C97446E6A25->2573df58-4087-4dd0-8598-5abddcc696b9: receive RaftClientReply:client-9C97446E6A25->2573df58-4087-4dd0-8598-5abddcc696b9@group-CE3C0447B19C, cid=3488, SUCCESS, logIndex=5713, commits[2573df58-4087-4dd0-8598-5abddcc696b9:c5715]
2019-06-13 21:51:50,504 INFO  client.GrpcClientProtocolClient (GrpcClientProtocolClient.java:onNext(254)) - client-9C97446E6A25->2573df58-4087-4dd0-8598-5abddcc696b9: receive RaftClientReply:client-9C97446E6A25->2573df58-4087-4dd0-8598-5abddcc696b9@group-CE3C0447B19C, cid=3489, SUCCESS, logIndex=5716, commits[2573df58-4087-4dd0-8598-5abddcc696b9:c5716]
2019-06-13 21:51:50,506 INFO  client.GrpcClientProtocolClient (GrpcClientProtocolClient.java:onNext(254)) - client-9C97446E6A25->2573df58-4087-4dd0-8598-5abddcc696b9: receive RaftClientReply:client-9C97446E6A25->2573df58-4087-4dd0-8598-5abddcc696b9@group-CE3C0447B19C, cid=3490, SUCCESS, logIndex=5718, commits[2573df58-4087-4dd0-8598-5abddcc696b9:c5718]
2019-06-13 21:51:50,507 INFO  client.GrpcClientProtocolClient (GrpcClientProtocolClient.java:onNext(254)) - client-9C97446E6A25->2573df58-4087-4dd0-8598-5abddcc696b9: receive RaftClientReply:client-9C97446E6A25->2573df58-4087-4dd0-8598-5abddcc696b9@group-CE3C0447B19C, cid=3491, SUCCESS, logIndex=5719, commits[2573df58-4087-4dd0-8598-5abddcc696b9:c5720]
2019-06-13 21:51:50,507 INFO  client.GrpcClientProtocolClient (GrpcClientProtocolClient.java:onNext(254)) - client-9C97446E6A25->2573df58-4087-4dd0-8598-5abddcc696b9: receive RaftClientReply:client-9C97446E6A25->2573df58-4087-4dd0-8598-5abddcc696b9@group-CE3C0447B19C, cid=3492, SUCCESS, logIndex=5720, commits[2573df58-4087-4dd0-8598-5abddcc696b9:c5720]
2019-06-13 21:51:50,830 DEBUG block.SCMBlockDeletingService (SCMBlockDeletingService.java:call(138)) - Running DeletedBlockTransactionScanner
2019-06-13 21:51:50,830 DEBUG block.SCMBlockDeletingService (SCMBlockDeletingService.java:call(155)) - Scanned deleted blocks log and got 0 delTX to process.
2019-06-13 21:51:50,846 INFO  client.GrpcClientProtocolClient (GrpcClientProtocolClient.java:onNext(254)) - client-9C97446E6A25->2573df58-4087-4dd0-8598-5abddcc696b9: receive RaftClientReply:client-9C97446E6A25->2573df58-4087-4dd0-8598-5abddcc696b9@group-CE3C0447B19C, cid=3493, SUCCESS, logIndex=5723, commits[2573df58-4087-4dd0-8598-5abddcc696b9:c5723]
2019-06-13 21:51:50,847 INFO  client.GrpcClientProtocolClient (GrpcClientProtocolClient.java:onNext(254)) - client-9C97446E6A25->2573df58-4087-4dd0-8598-5abddcc696b9: receive RaftClientReply:client-9C97446E6A25->2573df58-4087-4dd0-8598-5abddcc696b9@group-CE3C0447B19C, cid=3494, SUCCESS, logIndex=5725, commits[2573df58-4087-4dd0-8598-5abddcc696b9:c5725]
2019-06-13 21:51:50,848 INFO  client.GrpcClientProtocolClient (GrpcClientProtocolClient.java:onNext(254)) - client-9C97446E6A25->2573df58-4087-4dd0-8598-5abddcc696b9: receive RaftClientReply:client-9C97446E6A25->2573df58-4087-4dd0-8598-5abddcc696b9@group-CE3C0447B19C, cid=3495, SUCCESS, logIndex=5726, commits[2573df58-4087-4dd0-8598-5abddcc696b9:c5728]
2019-06-13 21:51:50,849 INFO  client.GrpcClientProtocolClient (GrpcClientProtocolClient.java:onNext(254)) - client-9C97446E6A25->2573df58-4087-4dd0-8598-5abddcc696b9: receive RaftClientReply:client-9C97446E6A25->2573df58-4087-4dd0-8598-5abddcc696b9@group-CE3C0447B19C, cid=3496, SUCCESS, logIndex=5727, commits[2573df58-4087-4dd0-8598-5abddcc696b9:c5728]
2019-06-13 21:51:50,861 INFO  client.GrpcClientProtocolClient (GrpcClientProtocolClient.java:onNext(254)) - client-9C97446E6A25->2573df58-4087-4dd0-8598-5abddcc696b9: receive RaftClientReply:client-9C97446E6A25->2573df58-4087-4dd0-8598-5abddcc696b9@group-CE3C0447B19C, cid=3497, SUCCESS, logIndex=5729, commits[2573df58-4087-4dd0-8598-5abddcc696b9:c5729]
2019-06-13 21:51:50,863 INFO  client.GrpcClientProtocolClient (GrpcClientProtocolClient.java:onNext(254)) - client-9C97446E6A25->2573df58-4087-4dd0-8598-5abddcc696b9: receive RaftClientReply:client-9C97446E6A25->2573df58-4087-4dd0-8598-5abddcc696b9@group-CE3C0447B19C, cid=3498, SUCCESS, logIndex=5731, commits[2573df58-4087-4dd0-8598-5abddcc696b9:c5731]
2019-06-13 21:51:50,864 INFO  client.GrpcClientProtocolClient (GrpcClientProtocolClient.java:onNext(254)) - client-9C97446E6A25->2573df58-4087-4dd0-8598-5abddcc696b9: receive RaftClientReply:client-9C97446E6A25->2573df58-4087-4dd0-8598-5abddcc696b9@group-CE3C0447B19C, cid=3499, SUCCESS, logIndex=5732, commits[2573df58-4087-4dd0-8598-5abddcc696b9:c5734]
2019-06-13 21:51:50,864 INFO  client.GrpcClientProtocolClient (GrpcClientProtocolClient.java:onNext(254)) - client-9C97446E6A25->2573df58-4087-4dd0-8598-5abddcc696b9: receive RaftClientReply:client-9C97446E6A25->2573df58-4087-4dd0-8598-5abddcc696b9@group-CE3C0447B19C, cid=3500, SUCCESS, logIndex=5734, commits[2573df58-4087-4dd0-8598-5abddcc696b9:c5734]
2019-06-13 21:51:50,869 INFO  client.GrpcClientProtocolClient (GrpcClientProtocolClient.java:onNext(254)) - client-9C97446E6A25->2573df58-4087-4dd0-8598-5abddcc696b9: receive RaftClientReply:client-9C97446E6A25->2573df58-4087-4dd0-8598-5abddcc696b9@group-CE3C0447B19C, cid=3501, SUCCESS, logIndex=5736, commits[2573df58-4087-4dd0-8598-5abddcc696b9:c5736]
2019-06-13 21:51:50,870 INFO  client.GrpcClientProtocolClient (GrpcClientProtocolClient.java:onNext(254)) - client-9C97446E6A25->2573df58-4087-4dd0-8598-5abddcc696b9: receive RaftClientReply:client-9C97446E6A25->2573df58-4087-4dd0-8598-5abddcc696b9@group-CE3C0447B19C, cid=3502, SUCCESS, logIndex=5738, commits[2573df58-4087-4dd0-8598-5abddcc696b9:c5738]
2019-06-13 21:51:50,871 INFO  client.GrpcClientProtocolClient (GrpcClientProtocolClient.java:onNext(254)) - client-9C97446E6A25->2573df58-4087-4dd0-8598-5abddcc696b9: receive RaftClientReply:client-9C97446E6A25->2573df58-4087-4dd0-8598-5abddcc696b9@group-CE3C0447B19C, cid=3503, SUCCESS, logIndex=5739, commits[2573df58-4087-4dd0-8598-5abddcc696b9:c5741]
2019-06-13 21:51:50,871 INFO  client.GrpcClientProtocolClient (GrpcClientProtocolClient.java:onNext(254)) - client-9C97446E6A25->2573df58-4087-4dd0-8598-5abddcc696b9: receive RaftClientReply:client-9C97446E6A25->2573df58-4087-4dd0-8598-5abddcc696b9@group-CE3C0447B19C, cid=3504, SUCCESS, logIndex=5740, commits[2573df58-4087-4dd0-8598-5abddcc696b9:c5741]
2019-06-13 21:51:50,881 INFO  client.GrpcClientProtocolClient (GrpcClientProtocolClient.java:onNext(254)) - client-9C97446E6A25->2573df58-4087-4dd0-8598-5abddcc696b9: receive RaftClientReply:client-9C97446E6A25->2573df58-4087-4dd0-8598-5abddcc696b9@group-CE3C0447B19C, cid=3505, SUCCESS, logIndex=5742, commits[2573df58-4087-4dd0-8598-5abddcc696b9:c5742]
2019-06-13 21:51:50,883 INFO  client.GrpcClientProtocolClient (GrpcClientProtocolClient.java:onNext(254)) - client-9C97446E6A25->2573df58-4087-4dd0-8598-5abddcc696b9: receive RaftClientReply:client-9C97446E6A25->2573df58-4087-4dd0-8598-5abddcc696b9@group-CE3C0447B19C, cid=3506, SUCCESS, logIndex=5744, commits[2573df58-4087-4dd0-8598-5abddcc696b9:c5744]
2019-06-13 21:51:50,883 INFO  client.GrpcClientProtocolClient (GrpcClientProtocolClient.java:onNext(254)) - client-9C97446E6A25->2573df58-4087-4dd0-8598-5abddcc696b9: receive RaftClientReply:client-9C97446E6A25->2573df58-4087-4dd0-8598-5abddcc696b9@group-CE3C0447B19C, cid=3507, SUCCESS, logIndex=5745, commits[2573df58-4087-4dd0-8598-5abddcc696b9:c5745]
2019-06-13 21:51:50,884 INFO  client.GrpcClientProtocolClient (GrpcClientProtocolClient.java:onNext(254)) - client-9C97446E6A25->2573df58-4087-4dd0-8598-5abddcc696b9: receive RaftClientReply:client-9C97446E6A25->2573df58-4087-4dd0-8598-5abddcc696b9@group-CE3C0447B19C, cid=3508, SUCCESS, logIndex=5747, commits[2573df58-4087-4dd0-8598-5abddcc696b9:c5747]
2019-06-13 21:51:50,889 INFO  client.GrpcClientProtocolClient (GrpcClientProtocolClient.java:onNext(254)) - client-9C97446E6A25->2573df58-4087-4dd0-8598-5abddcc696b9: receive RaftClientReply:client-9C97446E6A25->2573df58-4087-4dd0-8598-5abddcc696b9@group-CE3C0447B19C, cid=3509, SUCCESS, logIndex=5750, commits[2573df58-4087-4dd0-8598-5abddcc696b9:c5750]
2019-06-13 21:51:50,890 INFO  client.GrpcClientProtocolClient (GrpcClientProtocolClient.java:onNext(254)) - client-9C97446E6A25->2573df58-4087-4dd0-8598-5abddcc696b9: receive RaftClientReply:client-9C97446E6A25->2573df58-4087-4dd0-8598-5abddcc696b9@group-CE3C0447B19C, cid=3510, SUCCESS, logIndex=5752, commits[2573df58-4087-4dd0-8598-5abddcc696b9:c5752]
2019-06-13 21:51:50,891 INFO  client.GrpcClientProtocolClient (GrpcClientProtocolClient.java:onNext(254)) - client-9C97446E6A25->2573df58-4087-4dd0-8598-5abddcc696b9: receive RaftClientReply:client-9C97446E6A25->2573df58-4087-4dd0-8598-5abddcc696b9@group-CE3C0447B19C, cid=3511, SUCCESS, logIndex=5753, commits[2573df58-4087-4dd0-8598-5abddcc696b9:c5755]
2019-06-13 21:51:50,892 INFO  client.GrpcClientProtocolClient (GrpcClientProtocolClient.java:onNext(254)) - client-9C97446E6A25->2573df58-4087-4dd0-8598-5abddcc696b9: receive RaftClientReply:client-9C97446E6A25->2573df58-4087-4dd0-8598-5abddcc696b9@group-CE3C0447B19C, cid=3512, SUCCESS, logIndex=5754, commits[2573df58-4087-4dd0-8598-5abddcc696b9:c5755]
2019-06-13 21:51:50,901 INFO  client.GrpcClientProtocolClient (GrpcClientProtocolClient.java:onNext(254)) - client-9C97446E6A25->2573df58-4087-4dd0-8598-5abddcc696b9: receive RaftClientReply:client-9C97446E6A25->2573df58-4087-4dd0-8598-5abddcc696b9@group-CE3C0447B19C, cid=3513, SUCCESS, logIndex=5756, commits[2573df58-4087-4dd0-8598-5abddcc696b9:c5756]
2019-06-13 21:51:50,902 INFO  client.GrpcClientProtocolClient (GrpcClientProtocolClient.java:onNext(254)) - client-9C97446E6A25->2573df58-4087-4dd0-8598-5abddcc696b9: receive RaftClientReply:client-9C97446E6A25->2573df58-4087-4dd0-8598-5abddcc696b9@group-CE3C0447B19C, cid=3514, SUCCESS, logIndex=5758, commits[2573df58-4087-4dd0-8598-5abddcc696b9:c5758]
2019-06-13 21:51:50,904 INFO  client.GrpcClientProtocolClient (GrpcClientProtocolClient.java:onNext(254)) - client-9C97446E6A25->2573df58-4087-4dd0-8598-5abddcc696b9: receive RaftClientReply:client-9C97446E6A25->2573df58-4087-4dd0-8598-5abddcc696b9@group-CE3C0447B19C, cid=3515, SUCCESS, logIndex=5759, commits[2573df58-4087-4dd0-8598-5abddcc696b9:c5761]
2019-06-13 21:51:50,904 INFO  client.GrpcClientProtocolClient (GrpcClientProtocolClient.java:onNext(254)) - client-9C97446E6A25->2573df58-4087-4dd0-8598-5abddcc696b9: receive RaftClientReply:client-9C97446E6A25->2573df58-4087-4dd0-8598-5abddcc696b9@group-CE3C0447B19C, cid=3516, SUCCESS, logIndex=5760, commits[2573df58-4087-4dd0-8598-5abddcc696b9:c5761]
2019-06-13 21:51:50,909 INFO  client.GrpcClientProtocolClient (GrpcClientProtocolClient.java:onNext(254)) - client-9C97446E6A25->2573df58-4087-4dd0-8598-5abddcc696b9: receive RaftClientReply:client-9C97446E6A25->2573df58-4087-4dd0-8598-5abddcc696b9@group-CE3C0447B19C, cid=3517, SUCCESS, logIndex=5762, commits[2573df58-4087-4dd0-8598-5abddcc696b9:c5762]
2019-06-13 21:51:50,910 INFO  client.GrpcClientProtocolClient (GrpcClientProtocolClient.java:onNext(254)) - client-9C97446E6A25->2573df58-4087-4dd0-8598-5abddcc696b9: receive RaftClientReply:client-9C97446E6A25->2573df58-4087-4dd0-8598-5abddcc696b9@group-CE3C0447B19C, cid=3518, SUCCESS, logIndex=5764, commits[2573df58-4087-4dd0-8598-5abddcc696b9:c5764]
2019-06-13 21:51:50,911 INFO  client.GrpcClientProtocolClient (GrpcClientProtocolClient.java:onNext(254)) - client-9C97446E6A25->2573df58-4087-4dd0-8598-5abddcc696b9: receive RaftClientReply:client-9C97446E6A25->2573df58-4087-4dd0-8598-5abddcc696b9@group-CE3C0447B19C, cid=3519, SUCCESS, logIndex=5765, commits[2573df58-4087-4dd0-8598-5abddcc696b9:c5767]
2019-06-13 21:51:50,911 INFO  client.GrpcClientProtocolClient (GrpcClientProtocolClient.java:onNext(254)) - client-9C97446E6A25->2573df58-4087-4dd0-8598-5abddcc696b9: receive RaftClientReply:client-9C97446E6A25->2573df58-4087-4dd0-8598-5abddcc696b9@group-CE3C0447B19C, cid=3520, SUCCESS, logIndex=5766, commits[2573df58-4087-4dd0-8598-5abddcc696b9:c5767]
2019-06-13 21:51:50,921 INFO  client.GrpcClientProtocolClient (GrpcClientProtocolClient.java:onNext(254)) - client-9C97446E6A25->2573df58-4087-4dd0-8598-5abddcc696b9: receive RaftClientReply:client-9C97446E6A25->2573df58-4087-4dd0-8598-5abddcc696b9@group-CE3C0447B19C, cid=3521, SUCCESS, logIndex=5768, commits[2573df58-4087-4dd0-8598-5abddcc696b9:c5768]
2019-06-13 21:51:50,922 INFO  client.GrpcClientProtocolClient (GrpcClientProtocolClient.java:onNext(254)) - client-9C97446E6A25->2573df58-4087-4dd0-8598-5abddcc696b9: receive RaftClientReply:client-9C97446E6A25->2573df58-4087-4dd0-8598-5abddcc696b9@group-CE3C0447B19C, cid=3522, SUCCESS, logIndex=5770, commits[2573df58-4087-4dd0-8598-5abddcc696b9:c5770]
2019-06-13 21:51:50,924 INFO  client.GrpcClientProtocolClient (GrpcClientProtocolClient.java:onNext(254)) - client-9C97446E6A25->2573df58-4087-4dd0-8598-5abddcc696b9: receive RaftClientReply:client-9C97446E6A25->2573df58-4087-4dd0-8598-5abddcc696b9@group-CE3C0447B19C, cid=3523, SUCCESS, logIndex=5771, commits[2573df58-4087-4dd0-8598-5abddcc696b9:c5773]
2019-06-13 21:51:50,924 INFO  client.GrpcClientProtocolClient (GrpcClientProtocolClient.java:onNext(254)) - client-9C97446E6A25->2573df58-4087-4dd0-8598-5abddcc696b9: receive RaftClientReply:client-9C97446E6A25->2573df58-4087-4dd0-8598-5abddcc696b9@group-CE3C0447B19C, cid=3524, SUCCESS, logIndex=5773, commits[2573df58-4087-4dd0-8598-5abddcc696b9:c5773]
2019-06-13 21:51:50,931 DEBUG block.SCMBlockDeletingService (SCMBlockDeletingService.java:call(138)) - Running DeletedBlockTransactionScanner
2019-06-13 21:51:50,931 DEBUG block.SCMBlockDeletingService (SCMBlockDeletingService.java:call(155)) - Scanned deleted blocks log and got 0 delTX to process.
2019-06-13 21:51:50,931 INFO  client.GrpcClientProtocolClient (GrpcClientProtocolClient.java:onNext(254)) - client-9C97446E6A25->2573df58-4087-4dd0-8598-5abddcc696b9: receive RaftClientReply:client-9C97446E6A25->2573df58-4087-4dd0-8598-5abddcc696b9@group-CE3C0447B19C, cid=3525, SUCCESS, logIndex=5775, commits[2573df58-4087-4dd0-8598-5abddcc696b9:c5775]
2019-06-13 21:51:50,933 INFO  client.GrpcClientProtocolClient (GrpcClientProtocolClient.java:onNext(254)) - client-9C97446E6A25->2573df58-4087-4dd0-8598-5abddcc696b9: receive RaftClientReply:client-9C97446E6A25->2573df58-4087-4dd0-8598-5abddcc696b9@group-CE3C0447B19C, cid=3526, SUCCESS, logIndex=5777, commits[2573df58-4087-4dd0-8598-5abddcc696b9:c5779]
2019-06-13 21:51:50,934 INFO  client.GrpcClientProtocolClient (GrpcClientProtocolClient.java:onNext(254)) - client-9C97446E6A25->2573df58-4087-4dd0-8598-5abddcc696b9: receive RaftClientReply:client-9C97446E6A25->2573df58-4087-4dd0-8598-5abddcc696b9@group-CE3C0447B19C, cid=3527, SUCCESS, logIndex=5778, commits[2573df58-4087-4dd0-8598-5abddcc696b9:c5779]
2019-06-13 21:51:50,934 INFO  client.GrpcClientProtocolClient (GrpcClientProtocolClient.java:onNext(254)) - client-9C97446E6A25->2573df58-4087-4dd0-8598-5abddcc696b9: receive RaftClientReply:client-9C97446E6A25->2573df58-4087-4dd0-8598-5abddcc696b9@group-CE3C0447B19C, cid=3528, SUCCESS, logIndex=5779, commits[2573df58-4087-4dd0-8598-5abddcc696b9:c5779]
2019-06-13 21:51:50,944 INFO  client.GrpcClientProtocolClient (GrpcClientProtocolClient.java:onNext(254)) - client-9C97446E6A25->2573df58-4087-4dd0-8598-5abddcc696b9: receive RaftClientReply:client-9C97446E6A25->2573df58-4087-4dd0-8598-5abddcc696b9@group-CE3C0447B19C, cid=3529, SUCCESS, logIndex=5782, commits[2573df58-4087-4dd0-8598-5abddcc696b9:c5782]
2019-06-13 21:51:50,945 INFO  storage.RaftLogWorker (RaftLogWorker.java:rollLogSegment(303)) - 2573df58-4087-4dd0-8598-5abddcc696b9-RaftLogWorker: Rolling segment log-5713_5784 to index:5784
2019-06-13 21:51:50,945 INFO  storage.RaftLogWorker (RaftLogWorker.java:execute(433)) - 2573df58-4087-4dd0-8598-5abddcc696b9-RaftLogWorker: Rolled log segment from /opt/src/hadoop-ozone/integration-test/target/test-dir/MiniOzoneClusterImpl-8578056e-9b7b-4e66-9e9f-ef53d5cd7c03/datanode-0/data/ratis/7f5c2536-ed89-4233-9ec0-ce3c0447b19c/current/log_inprogress_5713 to /opt/src/hadoop-ozone/integration-test/target/test-dir/MiniOzoneClusterImpl-8578056e-9b7b-4e66-9e9f-ef53d5cd7c03/datanode-0/data/ratis/7f5c2536-ed89-4233-9ec0-ce3c0447b19c/current/log_5713-5784
2019-06-13 21:51:50,947 INFO  client.GrpcClientProtocolClient (GrpcClientProtocolClient.java:onNext(254)) - client-9C97446E6A25->2573df58-4087-4dd0-8598-5abddcc696b9: receive RaftClientReply:client-9C97446E6A25->2573df58-4087-4dd0-8598-5abddcc696b9@group-CE3C0447B19C, cid=3530, SUCCESS, logIndex=5784, commits[2573df58-4087-4dd0-8598-5abddcc696b9:c5784]
2019-06-13 21:51:50,987 INFO  storage.RaftLogWorker (RaftLogWorker.java:execute(469)) - 2573df58-4087-4dd0-8598-5abddcc696b9-RaftLogWorker: created new log segment /opt/src/hadoop-ozone/integration-test/target/test-dir/MiniOzoneClusterImpl-8578056e-9b7b-4e66-9e9f-ef53d5cd7c03/datanode-0/data/ratis/7f5c2536-ed89-4233-9ec0-ce3c0447b19c/current/log_inprogress_5785
2019-06-13 21:51:50,989 INFO  client.GrpcClientProtocolClient (GrpcClientProtocolClient.java:onNext(254)) - client-9C97446E6A25->2573df58-4087-4dd0-8598-5abddcc696b9: receive RaftClientReply:client-9C97446E6A25->2573df58-4087-4dd0-8598-5abddcc696b9@group-CE3C0447B19C, cid=3531, SUCCESS, logIndex=5785, commits[2573df58-4087-4dd0-8598-5abddcc696b9:c5786]
2019-06-13 21:51:50,990 INFO  client.GrpcClientProtocolClient (GrpcClientProtocolClient.java:onNext(254)) - client-9C97446E6A25->2573df58-4087-4dd0-8598-5abddcc696b9: receive RaftClientReply:client-9C97446E6A25->2573df58-4087-4dd0-8598-5abddcc696b9@group-CE3C0447B19C, cid=3532, SUCCESS, logIndex=5787, commits[2573df58-4087-4dd0-8598-5abddcc696b9:c5787]
2019-06-13 21:51:50,996 INFO  client.GrpcClientProtocolClient (GrpcClientProtocolClient.java:onNext(254)) - client-9C97446E6A25->2573df58-4087-4dd0-8598-5abddcc696b9: receive RaftClientReply:client-9C97446E6A25->2573df58-4087-4dd0-8598-5abddcc696b9@group-CE3C0447B19C, cid=3533, SUCCESS, logIndex=5789, commits[2573df58-4087-4dd0-8598-5abddcc696b9:c5789]
2019-06-13 21:51:50,998 INFO  client.GrpcClientProtocolClient (GrpcClientProtocolClient.java:onNext(254)) - client-9C97446E6A25->2573df58-4087-4dd0-8598-5abddcc696b9: receive RaftClientReply:client-9C97446E6A25->2573df58-4087-4dd0-8598-5abddcc696b9@group-CE3C0447B19C, cid=3534, SUCCESS, logIndex=5791, commits[2573df58-4087-4dd0-8598-5abddcc696b9:c5791]
2019-06-13 21:51:50,999 INFO  client.GrpcClientProtocolClient (GrpcClientProtocolClient.java:onNext(254)) - client-9C97446E6A25->2573df58-4087-4dd0-8598-5abddcc696b9: receive RaftClientReply:client-9C97446E6A25->2573df58-4087-4dd0-8598-5abddcc696b9@group-CE3C0447B19C, cid=3535, SUCCESS, logIndex=5792, commits[2573df58-4087-4dd0-8598-5abddcc696b9:c5794]
2019-06-13 21:51:50,999 INFO  client.GrpcClientProtocolClient (GrpcClientProtocolClient.java:onNext(254)) - client-9C97446E6A25->2573df58-4087-4dd0-8598-5abddcc696b9: receive RaftClientReply:client-9C97446E6A25->2573df58-4087-4dd0-8598-5abddcc696b9@group-CE3C0447B19C, cid=3536, SUCCESS, logIndex=5793, commits[2573df58-4087-4dd0-8598-5abddcc696b9:c5794]
2019-06-13 21:51:51,031 DEBUG block.SCMBlockDeletingService (SCMBlockDeletingService.java:call(138)) - Running DeletedBlockTransactionScanner
2019-06-13 21:51:51,031 DEBUG block.SCMBlockDeletingService (SCMBlockDeletingService.java:call(155)) - Scanned deleted blocks log and got 0 delTX to process.
2019-06-13 21:51:51,076 INFO  client.GrpcClientProtocolClient (GrpcClientProtocolClient.java:onNext(254)) - client-9C97446E6A25->2573df58-4087-4dd0-8598-5abddcc696b9: receive RaftClientReply:client-9C97446E6A25->2573df58-4087-4dd0-8598-5abddcc696b9@group-CE3C0447B19C, cid=3537, SUCCESS, logIndex=5795, commits[2573df58-4087-4dd0-8598-5abddcc696b9:c5795]
2019-06-13 21:51:51,077 INFO  client.GrpcClientProtocolClient (GrpcClientProtocolClient.java:onNext(254)) - client-9C97446E6A25->2573df58-4087-4dd0-8598-5abddcc696b9: receive RaftClientReply:client-9C97446E6A25->2573df58-4087-4dd0-8598-5abddcc696b9@group-CE3C0447B19C, cid=3538, SUCCESS, logIndex=5797, commits[2573df58-4087-4dd0-8598-5abddcc696b9:c5797]
2019-06-13 21:51:51,078 INFO  client.GrpcClientProtocolClient (GrpcClientProtocolClient.java:onNext(254)) - client-9C97446E6A25->2573df58-4087-4dd0-8598-5abddcc696b9: receive RaftClientReply:client-9C97446E6A25->2573df58-4087-4dd0-8598-5abddcc696b9@group-CE3C0447B19C, cid=3539, SUCCESS, logIndex=5798, commits[2573df58-4087-4dd0-8598-5abddcc696b9:c5800]
2019-06-13 21:51:51,078 INFO  client.GrpcClientProtocolClient (GrpcClientProtocolClient.java:onNext(254)) - client-9C97446E6A25->2573df58-4087-4dd0-8598-5abddcc696b9: receive RaftClientReply:client-9C97446E6A25->2573df58-4087-4dd0-8598-5abddcc696b9@group-CE3C0447B19C, cid=3540, SUCCESS, logIndex=5799, commits[2573df58-4087-4dd0-8598-5abddcc696b9:c5800]
2019-06-13 21:51:51,083 INFO  client.GrpcClientProtocolClient (GrpcClientProtocolClient.java:onNext(254)) - client-9C97446E6A25->2573df58-4087-4dd0-8598-5abddcc696b9: receive RaftClientReply:client-9C97446E6A25->2573df58-4087-4dd0-8598-5abddcc696b9@group-CE3C0447B19C, cid=3541, SUCCESS, logIndex=5801, commits[2573df58-4087-4dd0-8598-5abddcc696b9:c5801]
2019-06-13 21:51:51,084 INFO  client.GrpcClientProtocolClient (GrpcClientProtocolClient.java:onNext(254)) - client-9C97446E6A25->2573df58-4087-4dd0-8598-5abddcc696b9: receive RaftClientReply:client-9C97446E6A25->2573df58-4087-4dd0-8598-5abddcc696b9@group-CE3C0447B19C, cid=3542, SUCCESS, logIndex=5803, commits[2573df58-4087-4dd0-8598-5abddcc696b9:c5803]
2019-06-13 21:51:51,086 INFO  client.GrpcClientProtocolClient (GrpcClientProtocolClient.java:onNext(254)) - client-9C97446E6A25->2573df58-4087-4dd0-8598-5abddcc696b9: receive RaftClientReply:client-9C97446E6A25->2573df58-4087-4dd0-8598-5abddcc696b9@group-CE3C0447B19C, cid=3543, SUCCESS, logIndex=5804, commits[2573df58-4087-4dd0-8598-5abddcc696b9:c5806]
2019-06-13 21:51:51,086 INFO  client.GrpcClientProtocolClient (GrpcClientProtocolClient.java:onNext(254)) - client-9C97446E6A25->2573df58-4087-4dd0-8598-5abddcc696b9: receive RaftClientReply:client-9C97446E6A25->2573df58-4087-4dd0-8598-5abddcc696b9@group-CE3C0447B19C, cid=3544, SUCCESS, logIndex=5805, commits[2573df58-4087-4dd0-8598-5abddcc696b9:c5806]
2019-06-13 21:51:51,096 INFO  client.GrpcClientProtocolClient (GrpcClientProtocolClient.java:onNext(254)) - client-9C97446E6A25->2573df58-4087-4dd0-8598-5abddcc696b9: receive RaftClientReply:client-9C97446E6A25->2573df58-4087-4dd0-8598-5abddcc696b9@group-CE3C0447B19C, cid=3545, SUCCESS, logIndex=5807, commits[2573df58-4087-4dd0-8598-5abddcc696b9:c5807]
2019-06-13 21:51:51,097 INFO  client.GrpcClientProtocolClient (GrpcClientProtocolClient.java:onNext(254)) - client-9C97446E6A25->2573df58-4087-4dd0-8598-5abddcc696b9: receive RaftClientReply:client-9C97446E6A25->2573df58-4087-4dd0-8598-5abddcc696b9@group-CE3C0447B19C, cid=3546, SUCCESS, logIndex=5809, commits[2573df58-4087-4dd0-8598-5abddcc696b9:c5809]
2019-06-13 21:51:51,098 INFO  client.GrpcClientProtocolClient (GrpcClientProtocolClient.java:onNext(254)) - client-9C97446E6A25->2573df58-4087-4dd0-8598-5abddcc696b9: receive RaftClientReply:client-9C97446E6A25->2573df58-4087-4dd0-8598-5abddcc696b9@group-CE3C0447B19C, cid=3547, SUCCESS, logIndex=5810, commits[2573df58-4087-4dd0-8598-5abddcc696b9:c5812]
2019-06-13 21:51:51,098 INFO  client.GrpcClientProtocolClient (GrpcClientProtocolClient.java:onNext(254)) - client-9C97446E6A25->2573df58-4087-4dd0-8598-5abddcc696b9: receive RaftClientReply:client-9C97446E6A25->2573df58-4087-4dd0-8598-5abddcc696b9@group-CE3C0447B19C, cid=3548, SUCCESS, logIndex=5811, commits[2573df58-4087-4dd0-8598-5abddcc696b9:c5812]
2019-06-13 21:51:51,103 INFO  client.GrpcClientProtocolClient (GrpcClientProtocolClient.java:onNext(254)) - client-9C97446E6A25->2573df58-4087-4dd0-8598-5abddcc696b9: receive RaftClientReply:client-9C97446E6A25->2573df58-4087-4dd0-8598-5abddcc696b9@group-CE3C0447B19C, cid=3549, SUCCESS, logIndex=5813, commits[2573df58-4087-4dd0-8598-5abddcc696b9:c5813]
2019-06-13 21:51:51,104 INFO  client.GrpcClientProtocolClient (GrpcClientProtocolClient.java:onNext(254)) - client-9C97446E6A25->2573df58-4087-4dd0-8598-5abddcc696b9: receive RaftClientReply:client-9C97446E6A25->2573df58-4087-4dd0-8598-5abddcc696b9@group-CE3C0447B19C, cid=3550, SUCCESS, logIndex=5815, commits[2573df58-4087-4dd0-8598-5abddcc696b9:c5815]
2019-06-13 21:51:51,106 INFO  client.GrpcClientProtocolClient (GrpcClientProtocolClient.java:onNext(254)) - client-9C97446E6A25->2573df58-4087-4dd0-8598-5abddcc696b9: receive RaftClientReply:client-9C97446E6A25->2573df58-4087-4dd0-8598-5abddcc696b9@group-CE3C0447B19C, cid=3551, SUCCESS, logIndex=5816, commits[2573df58-4087-4dd0-8598-5abddcc696b9:c5818]
2019-06-13 21:51:51,106 INFO  client.GrpcClientProtocolClient (GrpcClientProtocolClient.java:onNext(254)) - client-9C97446E6A25->2573df58-4087-4dd0-8598-5abddcc696b9: receive RaftClientReply:client-9C97446E6A25->2573df58-4087-4dd0-8598-5abddcc696b9@group-CE3C0447B19C, cid=3552, SUCCESS, logIndex=5817, commits[2573df58-4087-4dd0-8598-5abddcc696b9:c5818]
2019-06-13 21:51:51,116 INFO  client.GrpcClientProtocolClient (GrpcClientProtocolClient.java:onNext(254)) - client-9C97446E6A25->2573df58-4087-4dd0-8598-5abddcc696b9: receive RaftClientReply:client-9C97446E6A25->2573df58-4087-4dd0-8598-5abddcc696b9@group-CE3C0447B19C, cid=3553, SUCCESS, logIndex=5819, commits[2573df58-4087-4dd0-8598-5abddcc696b9:c5819]
2019-06-13 21:51:51,117 INFO  client.GrpcClientProtocolClient (GrpcClientProtocolClient.java:onNext(254)) - client-9C97446E6A25->2573df58-4087-4dd0-8598-5abddcc696b9: receive RaftClientReply:client-9C97446E6A25->2573df58-4087-4dd0-8598-5abddcc696b9@group-CE3C0447B19C, cid=3554, SUCCESS, logIndex=5821, commits[2573df58-4087-4dd0-8598-5abddcc696b9:c5821]
2019-06-13 21:51:51,118 INFO  client.GrpcClientProtocolClient (GrpcClientProtocolClient.java:onNext(254)) - client-9C97446E6A25->2573df58-4087-4dd0-8598-5abddcc696b9: receive RaftClientReply:client-9C97446E6A25->2573df58-4087-4dd0-8598-5abddcc696b9@group-CE3C0447B19C, cid=3555, SUCCESS, logIndex=5822, commits[2573df58-4087-4dd0-8598-5abddcc696b9:c5824]
2019-06-13 21:51:51,119 INFO  client.GrpcClientProtocolClient (GrpcClientProtocolClient.java:onNext(254)) - client-9C97446E6A25->2573df58-4087-4dd0-8598-5abddcc696b9: receive RaftClientReply:client-9C97446E6A25->2573df58-4087-4dd0-8598-5abddcc696b9@group-CE3C0447B19C, cid=3556, SUCCESS, logIndex=5823, commits[2573df58-4087-4dd0-8598-5abddcc696b9:c5824]
2019-06-13 21:51:51,123 INFO  client.GrpcClientProtocolClient (GrpcClientProtocolClient.java:onNext(254)) - client-9C97446E6A25->2573df58-4087-4dd0-8598-5abddcc696b9: receive RaftClientReply:client-9C97446E6A25->2573df58-4087-4dd0-8598-5abddcc696b9@group-CE3C0447B19C, cid=3557, SUCCESS, logIndex=5825, commits[2573df58-4087-4dd0-8598-5abddcc696b9:c5825]
2019-06-13 21:51:51,125 INFO  client.GrpcClientProtocolClient (GrpcClientProtocolClient.java:onNext(254)) - client-9C97446E6A25->2573df58-4087-4dd0-8598-5abddcc696b9: receive RaftClientReply:client-9C97446E6A25->2573df58-4087-4dd0-8598-5abddcc696b9@group-CE3C0447B19C, cid=3558, SUCCESS, logIndex=5827, commits[2573df58-4087-4dd0-8598-5abddcc696b9:c5827]
2019-06-13 21:51:51,126 INFO  client.GrpcClientProtocolClient (GrpcClientProtocolClient.java:onNext(254)) - client-9C97446E6A25->2573df58-4087-4dd0-8598-5abddcc696b9: receive RaftClientReply:client-9C97446E6A25->2573df58-4087-4dd0-8598-5abddcc696b9@group-CE3C0447B19C, cid=3559, SUCCESS, logIndex=5828, commits[2573df58-4087-4dd0-8598-5abddcc696b9:c5830]
2019-06-13 21:51:51,126 INFO  client.GrpcClientProtocolClient (GrpcClientProtocolClient.java:onNext(254)) - client-9C97446E6A25->2573df58-4087-4dd0-8598-5abddcc696b9: receive RaftClientReply:client-9C97446E6A25->2573df58-4087-4dd0-8598-5abddcc696b9@group-CE3C0447B19C, cid=3560, SUCCESS, logIndex=5829, commits[2573df58-4087-4dd0-8598-5abddcc696b9:c5830]
2019-06-13 21:51:51,131 DEBUG block.SCMBlockDeletingService (SCMBlockDeletingService.java:call(138)) - Running DeletedBlockTransactionScanner
2019-06-13 21:51:51,132 DEBUG block.SCMBlockDeletingService (SCMBlockDeletingService.java:call(155)) - Scanned deleted blocks log and got 0 delTX to process.
2019-06-13 21:51:51,136 INFO  client.GrpcClientProtocolClient (GrpcClientProtocolClient.java:onNext(254)) - client-9C97446E6A25->2573df58-4087-4dd0-8598-5abddcc696b9: receive RaftClientReply:client-9C97446E6A25->2573df58-4087-4dd0-8598-5abddcc696b9@group-CE3C0447B19C, cid=3561, SUCCESS, logIndex=5831, commits[2573df58-4087-4dd0-8598-5abddcc696b9:c5831]
2019-06-13 21:51:51,138 INFO  client.GrpcClientProtocolClient (GrpcClientProtocolClient.java:onNext(254)) - client-9C97446E6A25->2573df58-4087-4dd0-8598-5abddcc696b9: receive RaftClientReply:client-9C97446E6A25->2573df58-4087-4dd0-8598-5abddcc696b9@group-CE3C0447B19C, cid=3562, SUCCESS, logIndex=5833, commits[2573df58-4087-4dd0-8598-5abddcc696b9:c5833]
2019-06-13 21:51:51,139 INFO  client.GrpcClientProtocolClient (GrpcClientProtocolClient.java:onNext(254)) - client-9C97446E6A25->2573df58-4087-4dd0-8598-5abddcc696b9: receive RaftClientReply:client-9C97446E6A25->2573df58-4087-4dd0-8598-5abddcc696b9@group-CE3C0447B19C, cid=3563, SUCCESS, logIndex=5834, commits[2573df58-4087-4dd0-8598-5abddcc696b9:c5836]
2019-06-13 21:51:51,139 INFO  client.GrpcClientProtocolClient (GrpcClientProtocolClient.java:onNext(254)) - client-9C97446E6A25->2573df58-4087-4dd0-8598-5abddcc696b9: receive RaftClientReply:client-9C97446E6A25->2573df58-4087-4dd0-8598-5abddcc696b9@group-CE3C0447B19C, cid=3564, SUCCESS, logIndex=5835, commits[2573df58-4087-4dd0-8598-5abddcc696b9:c5836]
2019-06-13 21:51:51,144 INFO  client.GrpcClientProtocolClient (GrpcClientProtocolClient.java:onNext(254)) - client-9C97446E6A25->2573df58-4087-4dd0-8598-5abddcc696b9: receive RaftClientReply:client-9C97446E6A25->2573df58-4087-4dd0-8598-5abddcc696b9@group-CE3C0447B19C, cid=3565, SUCCESS, logIndex=5837, commits[2573df58-4087-4dd0-8598-5abddcc696b9:c5837]
2019-06-13 21:51:51,145 INFO  client.GrpcClientProtocolClient (GrpcClientProtocolClient.java:onNext(254)) - client-9C97446E6A25->2573df58-4087-4dd0-8598-5abddcc696b9: receive RaftClientReply:client-9C97446E6A25->2573df58-4087-4dd0-8598-5abddcc696b9@group-CE3C0447B19C, cid=3566, SUCCESS, logIndex=5839, commits[2573df58-4087-4dd0-8598-5abddcc696b9:c5839]
2019-06-13 21:51:51,146 INFO  client.GrpcClientProtocolClient (GrpcClientProtocolClient.java:onNext(254)) - client-9C97446E6A25->2573df58-4087-4dd0-8598-5abddcc696b9: receive RaftClientReply:client-9C97446E6A25->2573df58-4087-4dd0-8598-5abddcc696b9@group-CE3C0447B19C, cid=3567, SUCCESS, logIndex=5840, commits[2573df58-4087-4dd0-8598-5abddcc696b9:c5842]
2019-06-13 21:51:51,147 INFO  client.GrpcClientProtocolClient (GrpcClientProtocolClient.java:onNext(254)) - client-9C97446E6A25->2573df58-4087-4dd0-8598-5abddcc696b9: receive RaftClientReply:client-9C97446E6A25->2573df58-4087-4dd0-8598-5abddcc696b9@group-CE3C0447B19C, cid=3568, SUCCESS, logIndex=5841, commits[2573df58-4087-4dd0-8598-5abddcc696b9:c5842]
2019-06-13 21:51:51,161 INFO  client.GrpcClientProtocolClient (GrpcClientProtocolClient.java:onNext(254)) - client-9C97446E6A25->2573df58-4087-4dd0-8598-5abddcc696b9: receive RaftClientReply:client-9C97446E6A25->2573df58-4087-4dd0-8598-5abddcc696b9@group-CE3C0447B19C, cid=3569, SUCCESS, logIndex=5843, commits[2573df58-4087-4dd0-8598-5abddcc696b9:c5843]
2019-06-13 21:51:51,163 INFO  client.GrpcClientProtocolClient (GrpcClientProtocolClient.java:onNext(254)) - client-9C97446E6A25->2573df58-4087-4dd0-8598-5abddcc696b9: receive RaftClientReply:client-9C97446E6A25->2573df58-4087-4dd0-8598-5abddcc696b9@group-CE3C0447B19C, cid=3570, SUCCESS, logIndex=5845, commits[2573df58-4087-4dd0-8598-5abddcc696b9:c5845]
2019-06-13 21:51:51,164 INFO  client.GrpcClientProtocolClient (GrpcClientProtocolClient.java:onNext(254)) - client-9C97446E6A25->2573df58-4087-4dd0-8598-5abddcc696b9: receive RaftClientReply:client-9C97446E6A25->2573df58-4087-4dd0-8598-5abddcc696b9@group-CE3C0447B19C, cid=3571, SUCCESS, logIndex=5846, commits[2573df58-4087-4dd0-8598-5abddcc696b9:c5848]
2019-06-13 21:51:51,164 INFO  client.GrpcClientProtocolClient (GrpcClientProtocolClient.java:onNext(254)) - client-9C97446E6A25->2573df58-4087-4dd0-8598-5abddcc696b9: receive RaftClientReply:client-9C97446E6A25->2573df58-4087-4dd0-8598-5abddcc696b9@group-CE3C0447B19C, cid=3572, SUCCESS, logIndex=5847, commits[2573df58-4087-4dd0-8598-5abddcc696b9:c5848]
2019-06-13 21:51:51,169 INFO  client.GrpcClientProtocolClient (GrpcClientProtocolClient.java:onNext(254)) - client-9C97446E6A25->2573df58-4087-4dd0-8598-5abddcc696b9: receive RaftClientReply:client-9C97446E6A25->2573df58-4087-4dd0-8598-5abddcc696b9@group-CE3C0447B19C, cid=3573, SUCCESS, logIndex=5850, commits[2573df58-4087-4dd0-8598-5abddcc696b9:c5850]
2019-06-13 21:51:51,169 INFO  storage.RaftLogWorker (RaftLogWorker.java:rollLogSegment(303)) - 2573df58-4087-4dd0-8598-5abddcc696b9-RaftLogWorker: Rolling segment log-5785_5851 to index:5851
2019-06-13 21:51:51,170 INFO  storage.RaftLogWorker (RaftLogWorker.java:execute(433)) - 2573df58-4087-4dd0-8598-5abddcc696b9-RaftLogWorker: Rolled log segment from /opt/src/hadoop-ozone/integration-test/target/test-dir/MiniOzoneClusterImpl-8578056e-9b7b-4e66-9e9f-ef53d5cd7c03/datanode-0/data/ratis/7f5c2536-ed89-4233-9ec0-ce3c0447b19c/current/log_inprogress_5785 to /opt/src/hadoop-ozone/integration-test/target/test-dir/MiniOzoneClusterImpl-8578056e-9b7b-4e66-9e9f-ef53d5cd7c03/datanode-0/data/ratis/7f5c2536-ed89-4233-9ec0-ce3c0447b19c/current/log_5785-5851
2019-06-13 21:51:51,211 INFO  storage.RaftLogWorker (RaftLogWorker.java:execute(469)) - 2573df58-4087-4dd0-8598-5abddcc696b9-RaftLogWorker: created new log segment /opt/src/hadoop-ozone/integration-test/target/test-dir/MiniOzoneClusterImpl-8578056e-9b7b-4e66-9e9f-ef53d5cd7c03/datanode-0/data/ratis/7f5c2536-ed89-4233-9ec0-ce3c0447b19c/current/log_inprogress_5852
2019-06-13 21:51:51,213 INFO  client.GrpcClientProtocolClient (GrpcClientProtocolClient.java:onNext(254)) - client-9C97446E6A25->2573df58-4087-4dd0-8598-5abddcc696b9: receive RaftClientReply:client-9C97446E6A25->2573df58-4087-4dd0-8598-5abddcc696b9@group-CE3C0447B19C, cid=3574, SUCCESS, logIndex=5852, commits[2573df58-4087-4dd0-8598-5abddcc696b9:c5854]
2019-06-13 21:51:51,213 INFO  client.GrpcClientProtocolClient (GrpcClientProtocolClient.java:onNext(254)) - client-9C97446E6A25->2573df58-4087-4dd0-8598-5abddcc696b9: receive RaftClientReply:client-9C97446E6A25->2573df58-4087-4dd0-8598-5abddcc696b9@group-CE3C0447B19C, cid=3575, SUCCESS, logIndex=5853, commits[2573df58-4087-4dd0-8598-5abddcc696b9:c5854]
2019-06-13 21:51:51,214 INFO  client.GrpcClientProtocolClient (GrpcClientProtocolClient.java:onNext(254)) - client-9C97446E6A25->2573df58-4087-4dd0-8598-5abddcc696b9: receive RaftClientReply:client-9C97446E6A25->2573df58-4087-4dd0-8598-5abddcc696b9@group-CE3C0447B19C, cid=3576, SUCCESS, logIndex=5854, commits[2573df58-4087-4dd0-8598-5abddcc696b9:c5855]
2019-06-13 21:51:51,262 DEBUG block.SCMBlockDeletingService (SCMBlockDeletingService.java:call(138)) - Running DeletedBlockTransactionScanner
2019-06-13 21:51:51,263 DEBUG block.SCMBlockDeletingService (SCMBlockDeletingService.java:call(155)) - Scanned deleted blocks log and got 0 delTX to process.
2019-06-13 21:51:51,270 INFO  client.GrpcClientProtocolClient (GrpcClientProtocolClient.java:onNext(254)) - client-9C97446E6A25->2573df58-4087-4dd0-8598-5abddcc696b9: receive RaftClientReply:client-9C97446E6A25->2573df58-4087-4dd0-8598-5abddcc696b9@group-CE3C0447B19C, cid=3577, SUCCESS, logIndex=5856, commits[2573df58-4087-4dd0-8598-5abddcc696b9:c5856]
2019-06-13 21:51:51,271 INFO  client.GrpcClientProtocolClient (GrpcClientProtocolClient.java:onNext(254)) - client-9C97446E6A25->2573df58-4087-4dd0-8598-5abddcc696b9: receive RaftClientReply:client-9C97446E6A25->2573df58-4087-4dd0-8598-5abddcc696b9@group-CE3C0447B19C, cid=3578, SUCCESS, logIndex=5858, commits[2573df58-4087-4dd0-8598-5abddcc696b9:c5858]
2019-06-13 21:51:51,273 INFO  client.GrpcClientProtocolClient (GrpcClientProtocolClient.java:onNext(254)) - client-9C97446E6A25->2573df58-4087-4dd0-8598-5abddcc696b9: receive RaftClientReply:client-9C97446E6A25->2573df58-4087-4dd0-8598-5abddcc696b9@group-CE3C0447B19C, cid=3579, SUCCESS, logIndex=5859, commits[2573df58-4087-4dd0-8598-5abddcc696b9:c5861]
2019-06-13 21:51:51,273 INFO  client.GrpcClientProtocolClient (GrpcClientProtocolClient.java:onNext(254)) - client-9C97446E6A25->2573df58-4087-4dd0-8598-5abddcc696b9: receive RaftClientReply:client-9C97446E6A25->2573df58-4087-4dd0-8598-5abddcc696b9@group-CE3C0447B19C, cid=3580, SUCCESS, logIndex=5861, commits[2573df58-4087-4dd0-8598-5abddcc696b9:c5861]
2019-06-13 21:51:51,346 INFO  client.GrpcClientProtocolClient (GrpcClientProtocolClient.java:onNext(254)) - client-9C97446E6A25->2573df58-4087-4dd0-8598-5abddcc696b9: receive RaftClientReply:client-9C97446E6A25->2573df58-4087-4dd0-8598-5abddcc696b9@group-CE3C0447B19C, cid=3581, SUCCESS, logIndex=5863, commits[2573df58-4087-4dd0-8598-5abddcc696b9:c5863]
2019-06-13 21:51:51,347 INFO  client.GrpcClientProtocolClient (GrpcClientProtocolClient.java:onNext(254)) - client-9C97446E6A25->2573df58-4087-4dd0-8598-5abddcc696b9: receive RaftClientReply:client-9C97446E6A25->2573df58-4087-4dd0-8598-5abddcc696b9@group-CE3C0447B19C, cid=3582, SUCCESS, logIndex=5865, commits[2573df58-4087-4dd0-8598-5abddcc696b9:c5865]
2019-06-13 21:51:51,349 INFO  client.GrpcClientProtocolClient (GrpcClientProtocolClient.java:onNext(254)) - client-9C97446E6A25->2573df58-4087-4dd0-8598-5abddcc696b9: receive RaftClientReply:client-9C97446E6A25->2573df58-4087-4dd0-8598-5abddcc696b9@group-CE3C0447B19C, cid=3583, SUCCESS, logIndex=5866, commits[2573df58-4087-4dd0-8598-5abddcc696b9:c5868]
2019-06-13 21:51:51,349 INFO  client.GrpcClientProtocolClient (GrpcClientProtocolClient.java:onNext(254)) - client-9C97446E6A25->2573df58-4087-4dd0-8598-5abddcc696b9: receive RaftClientReply:client-9C97446E6A25->2573df58-4087-4dd0-8598-5abddcc696b9@group-CE3C0447B19C, cid=3584, SUCCESS, logIndex=5867, commits[2573df58-4087-4dd0-8598-5abddcc696b9:c5868]
2019-06-13 21:51:51,360 INFO  client.GrpcClientProtocolClient (GrpcClientProtocolClient.java:onNext(254)) - client-9C97446E6A25->2573df58-4087-4dd0-8598-5abddcc696b9: receive RaftClientReply:client-9C97446E6A25->2573df58-4087-4dd0-8598-5abddcc696b9@group-CE3C0447B19C, cid=3585, SUCCESS, logIndex=5869, commits[2573df58-4087-4dd0-8598-5abddcc696b9:c5869]
2019-06-13 21:51:51,363 INFO  client.GrpcClientProtocolClient (GrpcClientProtocolClient.java:onNext(254)) - client-9C97446E6A25->2573df58-4087-4dd0-8598-5abddcc696b9: receive RaftClientReply:client-9C97446E6A25->2573df58-4087-4dd0-8598-5abddcc696b9@group-CE3C0447B19C, cid=3586, SUCCESS, logIndex=5871, commits[2573df58-4087-4dd0-8598-5abddcc696b9:c5871]
2019-06-13 21:51:51,363 DEBUG block.SCMBlockDeletingService (SCMBlockDeletingService.java:call(138)) - Running DeletedBlockTransactionScanner
2019-06-13 21:51:51,363 DEBUG block.SCMBlockDeletingService (SCMBlockDeletingService.java:call(155)) - Scanned deleted blocks log and got 0 delTX to process.
2019-06-13 21:51:51,364 INFO  client.GrpcClientProtocolClient (GrpcClientProtocolClient.java:onNext(254)) - client-9C97446E6A25->2573df58-4087-4dd0-8598-5abddcc696b9: receive RaftClientReply:client-9C97446E6A25->2573df58-4087-4dd0-8598-5abddcc696b9@group-CE3C0447B19C, cid=3587, SUCCESS, logIndex=5872, commits[2573df58-4087-4dd0-8598-5abddcc696b9:c5874]
2019-06-13 21:51:51,364 INFO  client.GrpcClientProtocolClient (GrpcClientProtocolClient.java:onNext(254)) - client-9C97446E6A25->2573df58-4087-4dd0-8598-5abddcc696b9: receive RaftClientReply:client-9C97446E6A25->2573df58-4087-4dd0-8598-5abddcc696b9@group-CE3C0447B19C, cid=3588, SUCCESS, logIndex=5873, commits[2573df58-4087-4dd0-8598-5abddcc696b9:c5874]
2019-06-13 21:51:51,369 INFO  client.GrpcClientProtocolClient (GrpcClientProtocolClient.java:onNext(254)) - client-9C97446E6A25->2573df58-4087-4dd0-8598-5abddcc696b9: receive RaftClientReply:client-9C97446E6A25->2573df58-4087-4dd0-8598-5abddcc696b9@group-CE3C0447B19C, cid=3589, SUCCESS, logIndex=5875, commits[2573df58-4087-4dd0-8598-5abddcc696b9:c5875]
2019-06-13 21:51:51,371 INFO  client.GrpcClientProtocolClient (GrpcClientProtocolClient.java:onNext(254)) - client-9C97446E6A25->2573df58-4087-4dd0-8598-5abddcc696b9: receive RaftClientReply:client-9C97446E6A25->2573df58-4087-4dd0-8598-5abddcc696b9@group-CE3C0447B19C, cid=3590, SUCCESS, logIndex=5877, commits[2573df58-4087-4dd0-8598-5abddcc696b9:c5877]
2019-06-13 21:51:51,372 INFO  client.GrpcClientProtocolClient (GrpcClientProtocolClient.java:onNext(254)) - client-9C97446E6A25->2573df58-4087-4dd0-8598-5abddcc696b9: receive RaftClientReply:client-9C97446E6A25->2573df58-4087-4dd0-8598-5abddcc696b9@group-CE3C0447B19C, cid=3591, SUCCESS, logIndex=5878, commits[2573df58-4087-4dd0-8598-5abddcc696b9:c5878]
2019-06-13 21:51:51,372 INFO  client.GrpcClientProtocolClient (GrpcClientProtocolClient.java:onNext(254)) - client-9C97446E6A25->2573df58-4087-4dd0-8598-5abddcc696b9: receive RaftClientReply:client-9C97446E6A25->2573df58-4087-4dd0-8598-5abddcc696b9@group-CE3C0447B19C, cid=3592, SUCCESS, logIndex=5880, commits[2573df58-4087-4dd0-8598-5abddcc696b9:c5880]
2019-06-13 21:51:51,384 INFO  client.GrpcClientProtocolClient (GrpcClientProtocolClient.java:onNext(254)) - client-9C97446E6A25->2573df58-4087-4dd0-8598-5abddcc696b9: receive RaftClientReply:client-9C97446E6A25->2573df58-4087-4dd0-8598-5abddcc696b9@group-CE3C0447B19C, cid=3593, SUCCESS, logIndex=5883, commits[2573df58-4087-4dd0-8598-5abddcc696b9:c5883]
2019-06-13 21:51:51,385 INFO  client.GrpcClientProtocolClient (GrpcClientProtocolClient.java:onNext(254)) - client-9C97446E6A25->2573df58-4087-4dd0-8598-5abddcc696b9: receive RaftClientReply:client-9C97446E6A25->2573df58-4087-4dd0-8598-5abddcc696b9@group-CE3C0447B19C, cid=3594, SUCCESS, logIndex=5885, commits[2573df58-4087-4dd0-8598-5abddcc696b9:c5885]
2019-06-13 21:51:51,386 INFO  client.GrpcClientProtocolClient (GrpcClientProtocolClient.java:onNext(254)) - client-9C97446E6A25->2573df58-4087-4dd0-8598-5abddcc696b9: receive RaftClientReply:client-9C97446E6A25->2573df58-4087-4dd0-8598-5abddcc696b9@group-CE3C0447B19C, cid=3595, SUCCESS, logIndex=5886, commits[2573df58-4087-4dd0-8598-5abddcc696b9:c5888]
2019-06-13 21:51:51,386 INFO  client.GrpcClientProtocolClient (GrpcClientProtocolClient.java:onNext(254)) - client-9C97446E6A25->2573df58-4087-4dd0-8598-5abddcc696b9: receive RaftClientReply:client-9C97446E6A25->2573df58-4087-4dd0-8598-5abddcc696b9@group-CE3C0447B19C, cid=3596, SUCCESS, logIndex=5887, commits[2573df58-4087-4dd0-8598-5abddcc696b9:c5888]
2019-06-13 21:51:51,391 INFO  client.GrpcClientProtocolClient (GrpcClientProtocolClient.java:onNext(254)) - client-9C97446E6A25->2573df58-4087-4dd0-8598-5abddcc696b9: receive RaftClientReply:client-9C97446E6A25->2573df58-4087-4dd0-8598-5abddcc696b9@group-CE3C0447B19C, cid=3597, SUCCESS, logIndex=5889, commits[2573df58-4087-4dd0-8598-5abddcc696b9:c5889]
2019-06-13 21:51:51,393 INFO  client.GrpcClientProtocolClient (GrpcClientProtocolClient.java:onNext(254)) - client-9C97446E6A25->2573df58-4087-4dd0-8598-5abddcc696b9: receive RaftClientReply:client-9C97446E6A25->2573df58-4087-4dd0-8598-5abddcc696b9@group-CE3C0447B19C, cid=3598, SUCCESS, logIndex=5891, commits[2573df58-4087-4dd0-8598-5abddcc696b9:c5891]
2019-06-13 21:51:51,394 INFO  client.GrpcClientProtocolClient (GrpcClientProtocolClient.java:onNext(254)) - client-9C97446E6A25->2573df58-4087-4dd0-8598-5abddcc696b9: receive RaftClientReply:client-9C97446E6A25->2573df58-4087-4dd0-8598-5abddcc696b9@group-CE3C0447B19C, cid=3599, SUCCESS, logIndex=5892, commits[2573df58-4087-4dd0-8598-5abddcc696b9:c5894]
2019-06-13 21:51:51,394 INFO  client.GrpcClientProtocolClient (GrpcClientProtocolClient.java:onNext(254)) - client-9C97446E6A25->2573df58-4087-4dd0-8598-5abddcc696b9: receive RaftClientReply:client-9C97446E6A25->2573df58-4087-4dd0-8598-5abddcc696b9@group-CE3C0447B19C, cid=3600, SUCCESS, logIndex=5893, commits[2573df58-4087-4dd0-8598-5abddcc696b9:c5894]
2019-06-13 21:51:51,405 INFO  client.GrpcClientProtocolClient (GrpcClientProtocolClient.java:onNext(254)) - client-9C97446E6A25->2573df58-4087-4dd0-8598-5abddcc696b9: receive RaftClientReply:client-9C97446E6A25->2573df58-4087-4dd0-8598-5abddcc696b9@group-CE3C0447B19C, cid=3601, SUCCESS, logIndex=5895, commits[2573df58-4087-4dd0-8598-5abddcc696b9:c5895]
2019-06-13 21:51:51,410 INFO  client.GrpcClientProtocolClient (GrpcClientProtocolClient.java:onNext(254)) - client-9C97446E6A25->2573df58-4087-4dd0-8598-5abddcc696b9: receive RaftClientReply:client-9C97446E6A25->2573df58-4087-4dd0-8598-5abddcc696b9@group-CE3C0447B19C, cid=3602, SUCCESS, logIndex=5897, commits[2573df58-4087-4dd0-8598-5abddcc696b9:c5899]
2019-06-13 21:51:51,410 INFO  client.GrpcClientProtocolClient (GrpcClientProtocolClient.java:onNext(254)) - client-9C97446E6A25->2573df58-4087-4dd0-8598-5abddcc696b9: receive RaftClientReply:client-9C97446E6A25->2573df58-4087-4dd0-8598-5abddcc696b9@group-CE3C0447B19C, cid=3603, SUCCESS, logIndex=5898, commits[2573df58-4087-4dd0-8598-5abddcc696b9:c5899]
2019-06-13 21:51:51,411 INFO  client.GrpcClientProtocolClient (GrpcClientProtocolClient.java:onNext(254)) - client-9C97446E6A25->2573df58-4087-4dd0-8598-5abddcc696b9: receive RaftClientReply:client-9C97446E6A25->2573df58-4087-4dd0-8598-5abddcc696b9@group-CE3C0447B19C, cid=3604, SUCCESS, logIndex=5899, commits[2573df58-4087-4dd0-8598-5abddcc696b9:c5899]
2019-06-13 21:51:51,416 INFO  client.GrpcClientProtocolClient (GrpcClientProtocolClient.java:onNext(254)) - client-9C97446E6A25->2573df58-4087-4dd0-8598-5abddcc696b9: receive RaftClientReply:client-9C97446E6A25->2573df58-4087-4dd0-8598-5abddcc696b9@group-CE3C0447B19C, cid=3605, SUCCESS, logIndex=5901, commits[2573df58-4087-4dd0-8598-5abddcc696b9:c5901]
2019-06-13 21:51:51,418 INFO  client.GrpcClientProtocolClient (GrpcClientProtocolClient.java:onNext(254)) - client-9C97446E6A25->2573df58-4087-4dd0-8598-5abddcc696b9: receive RaftClientReply:client-9C97446E6A25->2573df58-4087-4dd0-8598-5abddcc696b9@group-CE3C0447B19C, cid=3606, SUCCESS, logIndex=5903, commits[2573df58-4087-4dd0-8598-5abddcc696b9:c5903]
2019-06-13 21:51:51,418 INFO  client.GrpcClientProtocolClient (GrpcClientProtocolClient.java:onNext(254)) - client-9C97446E6A25->2573df58-4087-4dd0-8598-5abddcc696b9: receive RaftClientReply:client-9C97446E6A25->2573df58-4087-4dd0-8598-5abddcc696b9@group-CE3C0447B19C, cid=3607, SUCCESS, logIndex=5904, commits[2573df58-4087-4dd0-8598-5abddcc696b9:c5905]
2019-06-13 21:51:51,419 INFO  client.GrpcClientProtocolClient (GrpcClientProtocolClient.java:onNext(254)) - client-9C97446E6A25->2573df58-4087-4dd0-8598-5abddcc696b9: receive RaftClientReply:client-9C97446E6A25->2573df58-4087-4dd0-8598-5abddcc696b9@group-CE3C0447B19C, cid=3608, SUCCESS, logIndex=5905, commits[2573df58-4087-4dd0-8598-5abddcc696b9:c5905]
2019-06-13 21:51:51,429 INFO  client.GrpcClientProtocolClient (GrpcClientProtocolClient.java:onNext(254)) - client-9C97446E6A25->2573df58-4087-4dd0-8598-5abddcc696b9: receive RaftClientReply:client-9C97446E6A25->2573df58-4087-4dd0-8598-5abddcc696b9@group-CE3C0447B19C, cid=3609, SUCCESS, logIndex=5908, commits[2573df58-4087-4dd0-8598-5abddcc696b9:c5908]
2019-06-13 21:51:51,432 INFO  client.GrpcClientProtocolClient (GrpcClientProtocolClient.java:onNext(254)) - client-9C97446E6A25->2573df58-4087-4dd0-8598-5abddcc696b9: receive RaftClientReply:client-9C97446E6A25->2573df58-4087-4dd0-8598-5abddcc696b9@group-CE3C0447B19C, cid=3610, SUCCESS, logIndex=5910, commits[2573df58-4087-4dd0-8598-5abddcc696b9:c5910]
2019-06-13 21:51:51,432 INFO  client.GrpcClientProtocolClient (GrpcClientProtocolClient.java:onNext(254)) - client-9C97446E6A25->2573df58-4087-4dd0-8598-5abddcc696b9: receive RaftClientReply:client-9C97446E6A25->2573df58-4087-4dd0-8598-5abddcc696b9@group-CE3C0447B19C, cid=3611, SUCCESS, logIndex=5911, commits[2573df58-4087-4dd0-8598-5abddcc696b9:c5912]
2019-06-13 21:51:51,432 INFO  client.GrpcClientProtocolClient (GrpcClientProtocolClient.java:onNext(254)) - client-9C97446E6A25->2573df58-4087-4dd0-8598-5abddcc696b9: receive RaftClientReply:client-9C97446E6A25->2573df58-4087-4dd0-8598-5abddcc696b9@group-CE3C0447B19C, cid=3612, SUCCESS, logIndex=5912, commits[2573df58-4087-4dd0-8598-5abddcc696b9:c5912]
2019-06-13 21:51:51,437 INFO  client.GrpcClientProtocolClient (GrpcClientProtocolClient.java:onNext(254)) - client-9C97446E6A25->2573df58-4087-4dd0-8598-5abddcc696b9: receive RaftClientReply:client-9C97446E6A25->2573df58-4087-4dd0-8598-5abddcc696b9@group-CE3C0447B19C, cid=3613, SUCCESS, logIndex=5915, commits[2573df58-4087-4dd0-8598-5abddcc696b9:c5915]
2019-06-13 21:51:51,438 INFO  client.GrpcClientProtocolClient (GrpcClientProtocolClient.java:onNext(254)) - client-9C97446E6A25->2573df58-4087-4dd0-8598-5abddcc696b9: receive RaftClientReply:client-9C97446E6A25->2573df58-4087-4dd0-8598-5abddcc696b9@group-CE3C0447B19C, cid=3614, SUCCESS, logIndex=5917, commits[2573df58-4087-4dd0-8598-5abddcc696b9:c5917]
2019-06-13 21:51:51,440 INFO  client.GrpcClientProtocolClient (GrpcClientProtocolClient.java:onNext(254)) - client-9C97446E6A25->2573df58-4087-4dd0-8598-5abddcc696b9: receive RaftClientReply:client-9C97446E6A25->2573df58-4087-4dd0-8598-5abddcc696b9@group-CE3C0447B19C, cid=3615, SUCCESS, logIndex=5918, commits[2573df58-4087-4dd0-8598-5abddcc696b9:c5920]
2019-06-13 21:51:51,440 INFO  client.GrpcClientProtocolClient (GrpcClientProtocolClient.java:onNext(254)) - client-9C97446E6A25->2573df58-4087-4dd0-8598-5abddcc696b9: receive RaftClientReply:client-9C97446E6A25->2573df58-4087-4dd0-8598-5abddcc696b9@group-CE3C0447B19C, cid=3616, SUCCESS, logIndex=5919, commits[2573df58-4087-4dd0-8598-5abddcc696b9:c5920]
2019-06-13 21:51:51,447 INFO  storage.RaftLogWorker (RaftLogWorker.java:rollLogSegment(303)) - 2573df58-4087-4dd0-8598-5abddcc696b9-RaftLogWorker: Rolling segment log-5852_5920 to index:5920
2019-06-13 21:51:51,447 INFO  storage.RaftLogWorker (RaftLogWorker.java:execute(433)) - 2573df58-4087-4dd0-8598-5abddcc696b9-RaftLogWorker: Rolled log segment from /opt/src/hadoop-ozone/integration-test/target/test-dir/MiniOzoneClusterImpl-8578056e-9b7b-4e66-9e9f-ef53d5cd7c03/datanode-0/data/ratis/7f5c2536-ed89-4233-9ec0-ce3c0447b19c/current/log_inprogress_5852 to /opt/src/hadoop-ozone/integration-test/target/test-dir/MiniOzoneClusterImpl-8578056e-9b7b-4e66-9e9f-ef53d5cd7c03/datanode-0/data/ratis/7f5c2536-ed89-4233-9ec0-ce3c0447b19c/current/log_5852-5920
2019-06-13 21:51:51,464 DEBUG block.SCMBlockDeletingService (SCMBlockDeletingService.java:call(138)) - Running DeletedBlockTransactionScanner
2019-06-13 21:51:51,464 DEBUG block.SCMBlockDeletingService (SCMBlockDeletingService.java:call(155)) - Scanned deleted blocks log and got 0 delTX to process.
2019-06-13 21:51:51,487 INFO  storage.RaftLogWorker (RaftLogWorker.java:execute(469)) - 2573df58-4087-4dd0-8598-5abddcc696b9-RaftLogWorker: created new log segment /opt/src/hadoop-ozone/integration-test/target/test-dir/MiniOzoneClusterImpl-8578056e-9b7b-4e66-9e9f-ef53d5cd7c03/datanode-0/data/ratis/7f5c2536-ed89-4233-9ec0-ce3c0447b19c/current/log_inprogress_5921
2019-06-13 21:51:51,488 INFO  client.GrpcClientProtocolClient (GrpcClientProtocolClient.java:onNext(254)) - client-9C97446E6A25->2573df58-4087-4dd0-8598-5abddcc696b9: receive RaftClientReply:client-9C97446E6A25->2573df58-4087-4dd0-8598-5abddcc696b9@group-CE3C0447B19C, cid=3617, SUCCESS, logIndex=5921, commits[2573df58-4087-4dd0-8598-5abddcc696b9:c5921]
2019-06-13 21:51:51,491 INFO  client.GrpcClientProtocolClient (GrpcClientProtocolClient.java:onNext(254)) - client-9C97446E6A25->2573df58-4087-4dd0-8598-5abddcc696b9: receive RaftClientReply:client-9C97446E6A25->2573df58-4087-4dd0-8598-5abddcc696b9@group-CE3C0447B19C, cid=3618, SUCCESS, logIndex=5923, commits[2573df58-4087-4dd0-8598-5abddcc696b9:c5923]
2019-06-13 21:51:51,492 INFO  client.GrpcClientProtocolClient (GrpcClientProtocolClient.java:onNext(254)) - client-9C97446E6A25->2573df58-4087-4dd0-8598-5abddcc696b9: receive RaftClientReply:client-9C97446E6A25->2573df58-4087-4dd0-8598-5abddcc696b9@group-CE3C0447B19C, cid=3619, SUCCESS, logIndex=5924, commits[2573df58-4087-4dd0-8598-5abddcc696b9:c5924]
2019-06-13 21:51:51,493 INFO  client.GrpcClientProtocolClient (GrpcClientProtocolClient.java:onNext(254)) - client-9C97446E6A25->2573df58-4087-4dd0-8598-5abddcc696b9: receive RaftClientReply:client-9C97446E6A25->2573df58-4087-4dd0-8598-5abddcc696b9@group-CE3C0447B19C, cid=3620, SUCCESS, logIndex=5926, commits[2573df58-4087-4dd0-8598-5abddcc696b9:c5927]
2019-06-13 21:51:51,500 INFO  client.GrpcClientProtocolClient (GrpcClientProtocolClient.java:onNext(254)) - client-9C97446E6A25->2573df58-4087-4dd0-8598-5abddcc696b9: receive RaftClientReply:client-9C97446E6A25->2573df58-4087-4dd0-8598-5abddcc696b9@group-CE3C0447B19C, cid=3621, SUCCESS, logIndex=5928, commits[2573df58-4087-4dd0-8598-5abddcc696b9:c5928]
2019-06-13 21:51:51,503 INFO  client.GrpcClientProtocolClient (GrpcClientProtocolClient.java:onNext(254)) - client-9C97446E6A25->2573df58-4087-4dd0-8598-5abddcc696b9: receive RaftClientReply:client-9C97446E6A25->2573df58-4087-4dd0-8598-5abddcc696b9@group-CE3C0447B19C, cid=3622, SUCCESS, logIndex=5930, commits[2573df58-4087-4dd0-8598-5abddcc696b9:c5932]
2019-06-13 21:51:51,503 INFO  client.GrpcClientProtocolClient (GrpcClientProtocolClient.java:onNext(254)) - client-9C97446E6A25->2573df58-4087-4dd0-8598-5abddcc696b9: receive RaftClientReply:client-9C97446E6A25->2573df58-4087-4dd0-8598-5abddcc696b9@group-CE3C0447B19C, cid=3623, SUCCESS, logIndex=5931, commits[2573df58-4087-4dd0-8598-5abddcc696b9:c5932]
2019-06-13 21:51:51,504 INFO  client.GrpcClientProtocolClient (GrpcClientProtocolClient.java:onNext(254)) - client-9C97446E6A25->2573df58-4087-4dd0-8598-5abddcc696b9: receive RaftClientReply:client-9C97446E6A25->2573df58-4087-4dd0-8598-5abddcc696b9@group-CE3C0447B19C, cid=3624, SUCCESS, logIndex=5932, commits[2573df58-4087-4dd0-8598-5abddcc696b9:c5933]
2019-06-13 21:51:51,564 DEBUG block.SCMBlockDeletingService (SCMBlockDeletingService.java:call(138)) - Running DeletedBlockTransactionScanner
2019-06-13 21:51:51,564 DEBUG block.SCMBlockDeletingService (SCMBlockDeletingService.java:call(155)) - Scanned deleted blocks log and got 0 delTX to process.
2019-06-13 21:51:51,590 INFO  client.GrpcClientProtocolClient (GrpcClientProtocolClient.java:onNext(254)) - client-9C97446E6A25->2573df58-4087-4dd0-8598-5abddcc696b9: receive RaftClientReply:client-9C97446E6A25->2573df58-4087-4dd0-8598-5abddcc696b9@group-CE3C0447B19C, cid=3625, SUCCESS, logIndex=5934, commits[2573df58-4087-4dd0-8598-5abddcc696b9:c5934]
2019-06-13 21:51:51,591 INFO  client.GrpcClientProtocolClient (GrpcClientProtocolClient.java:onNext(254)) - client-9C97446E6A25->2573df58-4087-4dd0-8598-5abddcc696b9: receive RaftClientReply:client-9C97446E6A25->2573df58-4087-4dd0-8598-5abddcc696b9@group-CE3C0447B19C, cid=3626, SUCCESS, logIndex=5936, commits[2573df58-4087-4dd0-8598-5abddcc696b9:c5936]
2019-06-13 21:51:51,593 INFO  client.GrpcClientProtocolClient (GrpcClientProtocolClient.java:onNext(254)) - client-9C97446E6A25->2573df58-4087-4dd0-8598-5abddcc696b9: receive RaftClientReply:client-9C97446E6A25->2573df58-4087-4dd0-8598-5abddcc696b9@group-CE3C0447B19C, cid=3627, SUCCESS, logIndex=5937, commits[2573df58-4087-4dd0-8598-5abddcc696b9:c5939]
2019-06-13 21:51:51,593 INFO  client.GrpcClientProtocolClient (GrpcClientProtocolClient.java:onNext(254)) - client-9C97446E6A25->2573df58-4087-4dd0-8598-5abddcc696b9: receive RaftClientReply:client-9C97446E6A25->2573df58-4087-4dd0-8598-5abddcc696b9@group-CE3C0447B19C, cid=3628, SUCCESS, logIndex=5938, commits[2573df58-4087-4dd0-8598-5abddcc696b9:c5939]
2019-06-13 21:51:51,598 INFO  client.GrpcClientProtocolClient (GrpcClientProtocolClient.java:onNext(254)) - client-9C97446E6A25->2573df58-4087-4dd0-8598-5abddcc696b9: receive RaftClientReply:client-9C97446E6A25->2573df58-4087-4dd0-8598-5abddcc696b9@group-CE3C0447B19C, cid=3629, SUCCESS, logIndex=5940, commits[2573df58-4087-4dd0-8598-5abddcc696b9:c5940]
2019-06-13 21:51:51,599 INFO  client.GrpcClientProtocolClient (GrpcClientProtocolClient.java:onNext(254)) - client-9C97446E6A25->2573df58-4087-4dd0-8598-5abddcc696b9: receive RaftClientReply:client-9C97446E6A25->2573df58-4087-4dd0-8598-5abddcc696b9@group-CE3C0447B19C, cid=3630, SUCCESS, logIndex=5942, commits[2573df58-4087-4dd0-8598-5abddcc696b9:c5942]
2019-06-13 21:51:51,600 INFO  client.GrpcClientProtocolClient (GrpcClientProtocolClient.java:onNext(254)) - client-9C97446E6A25->2573df58-4087-4dd0-8598-5abddcc696b9: receive RaftClientReply:client-9C97446E6A25->2573df58-4087-4dd0-8598-5abddcc696b9@group-CE3C0447B19C, cid=3631, SUCCESS, logIndex=5943, commits[2573df58-4087-4dd0-8598-5abddcc696b9:c5945]
2019-06-13 21:51:51,601 INFO  client.GrpcClientProtocolClient (GrpcClientProtocolClient.java:onNext(254)) - client-9C97446E6A25->2573df58-4087-4dd0-8598-5abddcc696b9: receive RaftClientReply:client-9C97446E6A25->2573df58-4087-4dd0-8598-5abddcc696b9@group-CE3C0447B19C, cid=3632, SUCCESS, logIndex=5944, commits[2573df58-4087-4dd0-8598-5abddcc696b9:c5945]
2019-06-13 21:51:51,611 INFO  client.GrpcClientProtocolClient (GrpcClientProtocolClient.java:onNext(254)) - client-9C97446E6A25->2573df58-4087-4dd0-8598-5abddcc696b9: receive RaftClientReply:client-9C97446E6A25->2573df58-4087-4dd0-8598-5abddcc696b9@group-CE3C0447B19C, cid=3633, SUCCESS, logIndex=5946, commits[2573df58-4087-4dd0-8598-5abddcc696b9:c5946]
2019-06-13 21:51:51,612 INFO  client.GrpcClientProtocolClient (GrpcClientProtocolClient.java:onNext(254)) - client-9C97446E6A25->2573df58-4087-4dd0-8598-5abddcc696b9: receive RaftClientReply:client-9C97446E6A25->2573df58-4087-4dd0-8598-5abddcc696b9@group-CE3C0447B19C, cid=3634, SUCCESS, logIndex=5948, commits[2573df58-4087-4dd0-8598-5abddcc696b9:c5948]
2019-06-13 21:51:51,613 INFO  client.GrpcClientProtocolClient (GrpcClientProtocolClient.java:onNext(254)) - client-9C97446E6A25->2573df58-4087-4dd0-8598-5abddcc696b9: receive RaftClientReply:client-9C97446E6A25->2573df58-4087-4dd0-8598-5abddcc696b9@group-CE3C0447B19C, cid=3635, SUCCESS, logIndex=5949, commits[2573df58-4087-4dd0-8598-5abddcc696b9:c5951]
2019-06-13 21:51:51,613 INFO  client.GrpcClientProtocolClient (GrpcClientProtocolClient.java:onNext(254)) - client-9C97446E6A25->2573df58-4087-4dd0-8598-5abddcc696b9: receive RaftClientReply:client-9C97446E6A25->2573df58-4087-4dd0-8598-5abddcc696b9@group-CE3C0447B19C, cid=3636, SUCCESS, logIndex=5950, commits[2573df58-4087-4dd0-8598-5abddcc696b9:c5951]
2019-06-13 21:51:51,618 INFO  client.GrpcClientProtocolClient (GrpcClientProtocolClient.java:onNext(254)) - client-9C97446E6A25->2573df58-4087-4dd0-8598-5abddcc696b9: receive RaftClientReply:client-9C97446E6A25->2573df58-4087-4dd0-8598-5abddcc696b9@group-CE3C0447B19C, cid=3637, SUCCESS, logIndex=5952, commits[2573df58-4087-4dd0-8598-5abddcc696b9:c5952]
2019-06-13 21:51:51,619 INFO  client.GrpcClientProtocolClient (GrpcClientProtocolClient.java:onNext(254)) - client-9C97446E6A25->2573df58-4087-4dd0-8598-5abddcc696b9: receive RaftClientReply:client-9C97446E6A25->2573df58-4087-4dd0-8598-5abddcc696b9@group-CE3C0447B19C, cid=3638, SUCCESS, logIndex=5954, commits[2573df58-4087-4dd0-8598-5abddcc696b9:c5954]
2019-06-13 21:51:51,621 INFO  client.GrpcClientProtocolClient (GrpcClientProtocolClient.java:onNext(254)) - client-9C97446E6A25->2573df58-4087-4dd0-8598-5abddcc696b9: receive RaftClientReply:client-9C97446E6A25->2573df58-4087-4dd0-8598-5abddcc696b9@group-CE3C0447B19C, cid=3639, SUCCESS, logIndex=5955, commits[2573df58-4087-4dd0-8598-5abddcc696b9:c5957]
2019-06-13 21:51:51,621 INFO  client.GrpcClientProtocolClient (GrpcClientProtocolClient.java:onNext(254)) - client-9C97446E6A25->2573df58-4087-4dd0-8598-5abddcc696b9: receive RaftClientReply:client-9C97446E6A25->2573df58-4087-4dd0-8598-5abddcc696b9@group-CE3C0447B19C, cid=3640, SUCCESS, logIndex=5956, commits[2573df58-4087-4dd0-8598-5abddcc696b9:c5957]
2019-06-13 21:51:51,634 INFO  client.GrpcClientProtocolClient (GrpcClientProtocolClient.java:onNext(254)) - client-9C97446E6A25->2573df58-4087-4dd0-8598-5abddcc696b9: receive RaftClientReply:client-9C97446E6A25->2573df58-4087-4dd0-8598-5abddcc696b9@group-CE3C0447B19C, cid=3641, SUCCESS, logIndex=5958, commits[2573df58-4087-4dd0-8598-5abddcc696b9:c5958]
2019-06-13 21:51:51,636 INFO  client.GrpcClientProtocolClient (GrpcClientProtocolClient.java:onNext(254)) - client-9C97446E6A25->2573df58-4087-4dd0-8598-5abddcc696b9: receive RaftClientReply:client-9C97446E6A25->2573df58-4087-4dd0-8598-5abddcc696b9@group-CE3C0447B19C, cid=3642, SUCCESS, logIndex=5960, commits[2573df58-4087-4dd0-8598-5abddcc696b9:c5960]
2019-06-13 21:51:51,637 INFO  client.GrpcClientProtocolClient (GrpcClientProtocolClient.java:onNext(254)) - client-9C97446E6A25->2573df58-4087-4dd0-8598-5abddcc696b9: receive RaftClientReply:client-9C97446E6A25->2573df58-4087-4dd0-8598-5abddcc696b9@group-CE3C0447B19C, cid=3643, SUCCESS, logIndex=5961, commits[2573df58-4087-4dd0-8598-5abddcc696b9:c5961]
2019-06-13 21:51:51,638 INFO  client.GrpcClientProtocolClient (GrpcClientProtocolClient.java:onNext(254)) - client-9C97446E6A25->2573df58-4087-4dd0-8598-5abddcc696b9: receive RaftClientReply:client-9C97446E6A25->2573df58-4087-4dd0-8598-5abddcc696b9@group-CE3C0447B19C, cid=3644, SUCCESS, logIndex=5963, commits[2573df58-4087-4dd0-8598-5abddcc696b9:c5963]
2019-06-13 21:51:51,644 INFO  client.GrpcClientProtocolClient (GrpcClientProtocolClient.java:onNext(254)) - client-9C97446E6A25->2573df58-4087-4dd0-8598-5abddcc696b9: receive RaftClientReply:client-9C97446E6A25->2573df58-4087-4dd0-8598-5abddcc696b9@group-CE3C0447B19C, cid=3645, SUCCESS, logIndex=5966, commits[2573df58-4087-4dd0-8598-5abddcc696b9:c5966]
2019-06-13 21:51:51,647 INFO  client.GrpcClientProtocolClient (GrpcClientProtocolClient.java:onNext(254)) - client-9C97446E6A25->2573df58-4087-4dd0-8598-5abddcc696b9: receive RaftClientReply:client-9C97446E6A25->2573df58-4087-4dd0-8598-5abddcc696b9@group-CE3C0447B19C, cid=3646, SUCCESS, logIndex=5968, commits[2573df58-4087-4dd0-8598-5abddcc696b9:c5968]
2019-06-13 21:51:51,647 INFO  client.GrpcClientProtocolClient (GrpcClientProtocolClient.java:onNext(254)) - client-9C97446E6A25->2573df58-4087-4dd0-8598-5abddcc696b9: receive RaftClientReply:client-9C97446E6A25->2573df58-4087-4dd0-8598-5abddcc696b9@group-CE3C0447B19C, cid=3647, SUCCESS, logIndex=5969, commits[2573df58-4087-4dd0-8598-5abddcc696b9:c5971]
2019-06-13 21:51:51,651 INFO  client.GrpcClientProtocolClient (GrpcClientProtocolClient.java:onNext(254)) - client-9C97446E6A25->2573df58-4087-4dd0-8598-5abddcc696b9: receive RaftClientReply:client-9C97446E6A25->2573df58-4087-4dd0-8598-5abddcc696b9@group-CE3C0447B19C, cid=3648, SUCCESS, logIndex=5970, commits[2573df58-4087-4dd0-8598-5abddcc696b9:c5971]
2019-06-13 21:51:51,696 DEBUG block.SCMBlockDeletingService (SCMBlockDeletingService.java:call(138)) - Running DeletedBlockTransactionScanner
2019-06-13 21:51:51,696 DEBUG block.SCMBlockDeletingService (SCMBlockDeletingService.java:call(155)) - Scanned deleted blocks log and got 0 delTX to process.
2019-06-13 21:51:51,702 INFO  client.GrpcClientProtocolClient (GrpcClientProtocolClient.java:onNext(254)) - client-9C97446E6A25->2573df58-4087-4dd0-8598-5abddcc696b9: receive RaftClientReply:client-9C97446E6A25->2573df58-4087-4dd0-8598-5abddcc696b9@group-CE3C0447B19C, cid=3649, SUCCESS, logIndex=5972, commits[2573df58-4087-4dd0-8598-5abddcc696b9:c5972]
2019-06-13 21:51:51,703 INFO  client.GrpcClientProtocolClient (GrpcClientProtocolClient.java:onNext(254)) - client-9C97446E6A25->2573df58-4087-4dd0-8598-5abddcc696b9: receive RaftClientReply:client-9C97446E6A25->2573df58-4087-4dd0-8598-5abddcc696b9@group-CE3C0447B19C, cid=3650, SUCCESS, logIndex=5974, commits[2573df58-4087-4dd0-8598-5abddcc696b9:c5974]
2019-06-13 21:51:51,704 INFO  client.GrpcClientProtocolClient (GrpcClientProtocolClient.java:onNext(254)) - client-9C97446E6A25->2573df58-4087-4dd0-8598-5abddcc696b9: receive RaftClientReply:client-9C97446E6A25->2573df58-4087-4dd0-8598-5abddcc696b9@group-CE3C0447B19C, cid=3651, SUCCESS, logIndex=5975, commits[2573df58-4087-4dd0-8598-5abddcc696b9:c5977]
2019-06-13 21:51:51,705 INFO  client.GrpcClientProtocolClient (GrpcClientProtocolClient.java:onNext(254)) - client-9C97446E6A25->2573df58-4087-4dd0-8598-5abddcc696b9: receive RaftClientReply:client-9C97446E6A25->2573df58-4087-4dd0-8598-5abddcc696b9@group-CE3C0447B19C, cid=3652, SUCCESS, logIndex=5976, commits[2573df58-4087-4dd0-8598-5abddcc696b9:c5977]
2019-06-13 21:51:51,710 INFO  client.GrpcClientProtocolClient (GrpcClientProtocolClient.java:onNext(254)) - client-9C97446E6A25->2573df58-4087-4dd0-8598-5abddcc696b9: receive RaftClientReply:client-9C97446E6A25->2573df58-4087-4dd0-8598-5abddcc696b9@group-CE3C0447B19C, cid=3653, SUCCESS, logIndex=5978, commits[2573df58-4087-4dd0-8598-5abddcc696b9:c5978]
2019-06-13 21:51:51,712 INFO  client.GrpcClientProtocolClient (GrpcClientProtocolClient.java:onNext(254)) - client-9C97446E6A25->2573df58-4087-4dd0-8598-5abddcc696b9: receive RaftClientReply:client-9C97446E6A25->2573df58-4087-4dd0-8598-5abddcc696b9@group-CE3C0447B19C, cid=3654, SUCCESS, logIndex=5980, commits[2573df58-4087-4dd0-8598-5abddcc696b9:c5982]
2019-06-13 21:51:51,713 INFO  client.GrpcClientProtocolClient (GrpcClientProtocolClient.java:onNext(254)) - client-9C97446E6A25->2573df58-4087-4dd0-8598-5abddcc696b9: receive RaftClientReply:client-9C97446E6A25->2573df58-4087-4dd0-8598-5abddcc696b9@group-CE3C0447B19C, cid=3655, SUCCESS, logIndex=5981, commits[2573df58-4087-4dd0-8598-5abddcc696b9:c5982]
2019-06-13 21:51:51,713 INFO  client.GrpcClientProtocolClient (GrpcClientProtocolClient.java:onNext(254)) - client-9C97446E6A25->2573df58-4087-4dd0-8598-5abddcc696b9: receive RaftClientReply:client-9C97446E6A25->2573df58-4087-4dd0-8598-5abddcc696b9@group-CE3C0447B19C, cid=3656, SUCCESS, logIndex=5982, commits[2573df58-4087-4dd0-8598-5abddcc696b9:c5983]
2019-06-13 21:51:51,725 INFO  client.GrpcClientProtocolClient (GrpcClientProtocolClient.java:onNext(254)) - client-9C97446E6A25->2573df58-4087-4dd0-8598-5abddcc696b9: receive RaftClientReply:client-9C97446E6A25->2573df58-4087-4dd0-8598-5abddcc696b9@group-CE3C0447B19C, cid=3657, SUCCESS, logIndex=5984, commits[2573df58-4087-4dd0-8598-5abddcc696b9:c5984]
2019-06-13 21:51:51,727 INFO  client.GrpcClientProtocolClient (GrpcClientProtocolClient.java:onNext(254)) - client-9C97446E6A25->2573df58-4087-4dd0-8598-5abddcc696b9: receive RaftClientReply:client-9C97446E6A25->2573df58-4087-4dd0-8598-5abddcc696b9@group-CE3C0447B19C, cid=3658, SUCCESS, logIndex=5986, commits[2573df58-4087-4dd0-8598-5abddcc696b9:c5986]
2019-06-13 21:51:51,728 INFO  client.GrpcClientProtocolClient (GrpcClientProtocolClient.java:onNext(254)) - client-9C97446E6A25->2573df58-4087-4dd0-8598-5abddcc696b9: receive RaftClientReply:client-9C97446E6A25->2573df58-4087-4dd0-8598-5abddcc696b9@group-CE3C0447B19C, cid=3659, SUCCESS, logIndex=5987, commits[2573df58-4087-4dd0-8598-5abddcc696b9:c5988]
2019-06-13 21:51:51,729 INFO  client.GrpcClientProtocolClient (GrpcClientProtocolClient.java:onNext(254)) - client-9C97446E6A25->2573df58-4087-4dd0-8598-5abddcc696b9: receive RaftClientReply:client-9C97446E6A25->2573df58-4087-4dd0-8598-5abddcc696b9@group-CE3C0447B19C, cid=3660, SUCCESS, logIndex=5988, commits[2573df58-4087-4dd0-8598-5abddcc696b9:c5989]
2019-06-13 21:51:51,732 INFO  storage.RaftLogWorker (RaftLogWorker.java:rollLogSegment(303)) - 2573df58-4087-4dd0-8598-5abddcc696b9-RaftLogWorker: Rolling segment log-5921_5990 to index:5990
2019-06-13 21:51:51,739 INFO  storage.RaftLogWorker (RaftLogWorker.java:execute(433)) - 2573df58-4087-4dd0-8598-5abddcc696b9-RaftLogWorker: Rolled log segment from /opt/src/hadoop-ozone/integration-test/target/test-dir/MiniOzoneClusterImpl-8578056e-9b7b-4e66-9e9f-ef53d5cd7c03/datanode-0/data/ratis/7f5c2536-ed89-4233-9ec0-ce3c0447b19c/current/log_inprogress_5921 to /opt/src/hadoop-ozone/integration-test/target/test-dir/MiniOzoneClusterImpl-8578056e-9b7b-4e66-9e9f-ef53d5cd7c03/datanode-0/data/ratis/7f5c2536-ed89-4233-9ec0-ce3c0447b19c/current/log_5921-5990
2019-06-13 21:51:51,776 INFO  storage.RaftLogWorker (RaftLogWorker.java:execute(469)) - 2573df58-4087-4dd0-8598-5abddcc696b9-RaftLogWorker: created new log segment /opt/src/hadoop-ozone/integration-test/target/test-dir/MiniOzoneClusterImpl-8578056e-9b7b-4e66-9e9f-ef53d5cd7c03/datanode-0/data/ratis/7f5c2536-ed89-4233-9ec0-ce3c0447b19c/current/log_inprogress_5991
2019-06-13 21:51:51,778 INFO  client.GrpcClientProtocolClient (GrpcClientProtocolClient.java:onNext(254)) - client-9C97446E6A25->2573df58-4087-4dd0-8598-5abddcc696b9: receive RaftClientReply:client-9C97446E6A25->2573df58-4087-4dd0-8598-5abddcc696b9@group-CE3C0447B19C, cid=3661, SUCCESS, logIndex=5991, commits[2573df58-4087-4dd0-8598-5abddcc696b9:c5991]
2019-06-13 21:51:51,779 INFO  client.GrpcClientProtocolClient (GrpcClientProtocolClient.java:onNext(254)) - client-9C97446E6A25->2573df58-4087-4dd0-8598-5abddcc696b9: receive RaftClientReply:client-9C97446E6A25->2573df58-4087-4dd0-8598-5abddcc696b9@group-CE3C0447B19C, cid=3662, SUCCESS, logIndex=5993, commits[2573df58-4087-4dd0-8598-5abddcc696b9:c5993]
2019-06-13 21:51:51,781 INFO  client.GrpcClientProtocolClient (GrpcClientProtocolClient.java:onNext(254)) - client-9C97446E6A25->2573df58-4087-4dd0-8598-5abddcc696b9: receive RaftClientReply:client-9C97446E6A25->2573df58-4087-4dd0-8598-5abddcc696b9@group-CE3C0447B19C, cid=3663, SUCCESS, logIndex=5994, commits[2573df58-4087-4dd0-8598-5abddcc696b9:c5996]
2019-06-13 21:51:51,782 INFO  client.GrpcClientProtocolClient (GrpcClientProtocolClient.java:onNext(254)) - client-9C97446E6A25->2573df58-4087-4dd0-8598-5abddcc696b9: receive RaftClientReply:client-9C97446E6A25->2573df58-4087-4dd0-8598-5abddcc696b9@group-CE3C0447B19C, cid=3664, SUCCESS, logIndex=5995, commits[2573df58-4087-4dd0-8598-5abddcc696b9:c5996]
2019-06-13 21:51:51,791 INFO  client.GrpcClientProtocolClient (GrpcClientProtocolClient.java:onNext(254)) - client-9C97446E6A25->2573df58-4087-4dd0-8598-5abddcc696b9: receive RaftClientReply:client-9C97446E6A25->2573df58-4087-4dd0-8598-5abddcc696b9@group-CE3C0447B19C, cid=3665, SUCCESS, logIndex=5997, commits[2573df58-4087-4dd0-8598-5abddcc696b9:c5997]
2019-06-13 21:51:51,792 INFO  client.GrpcClientProtocolClient (GrpcClientProtocolClient.java:onNext(254)) - client-9C97446E6A25->2573df58-4087-4dd0-8598-5abddcc696b9: receive RaftClientReply:client-9C97446E6A25->2573df58-4087-4dd0-8598-5abddcc696b9@group-CE3C0447B19C, cid=3666, SUCCESS, logIndex=5999, commits[2573df58-4087-4dd0-8598-5abddcc696b9:c5999]
2019-06-13 21:51:51,794 INFO  client.GrpcClientProtocolClient (GrpcClientProtocolClient.java:onNext(254)) - client-9C97446E6A25->2573df58-4087-4dd0-8598-5abddcc696b9: receive RaftClientReply:client-9C97446E6A25->2573df58-4087-4dd0-8598-5abddcc696b9@group-CE3C0447B19C, cid=3667, SUCCESS, logIndex=6000, commits[2573df58-4087-4dd0-8598-5abddcc696b9:c6002]
2019-06-13 21:51:51,794 INFO  client.GrpcClientProtocolClient (GrpcClientProtocolClient.java:onNext(254)) - client-9C97446E6A25->2573df58-4087-4dd0-8598-5abddcc696b9: receive RaftClientReply:client-9C97446E6A25->2573df58-4087-4dd0-8598-5abddcc696b9@group-CE3C0447B19C, cid=3668, SUCCESS, logIndex=6001, commits[2573df58-4087-4dd0-8598-5abddcc696b9:c6002]
2019-06-13 21:51:51,798 DEBUG block.SCMBlockDeletingService (SCMBlockDeletingService.java:call(138)) - Running DeletedBlockTransactionScanner
2019-06-13 21:51:51,798 DEBUG block.SCMBlockDeletingService (SCMBlockDeletingService.java:call(155)) - Scanned deleted blocks log and got 0 delTX to process.
2019-06-13 21:51:51,869 INFO  client.GrpcClientProtocolClient (GrpcClientProtocolClient.java:onNext(254)) - client-9C97446E6A25->2573df58-4087-4dd0-8598-5abddcc696b9: receive RaftClientReply:client-9C97446E6A25->2573df58-4087-4dd0-8598-5abddcc696b9@group-CE3C0447B19C, cid=3669, SUCCESS, logIndex=6003, commits[2573df58-4087-4dd0-8598-5abddcc696b9:c6003]
2019-06-13 21:51:51,870 INFO  client.GrpcClientProtocolClient (GrpcClientProtocolClient.java:onNext(254)) - client-9C97446E6A25->2573df58-4087-4dd0-8598-5abddcc696b9: receive RaftClientReply:client-9C97446E6A25->2573df58-4087-4dd0-8598-5abddcc696b9@group-CE3C0447B19C, cid=3670, SUCCESS, logIndex=6005, commits[2573df58-4087-4dd0-8598-5abddcc696b9:c6005]
2019-06-13 21:51:51,871 INFO  client.GrpcClientProtocolClient (GrpcClientProtocolClient.java:onNext(254)) - client-9C97446E6A25->2573df58-4087-4dd0-8598-5abddcc696b9: receive RaftClientReply:client-9C97446E6A25->2573df58-4087-4dd0-8598-5abddcc696b9@group-CE3C0447B19C, cid=3671, SUCCESS, logIndex=6006, commits[2573df58-4087-4dd0-8598-5abddcc696b9:c6008]
2019-06-13 21:51:51,871 INFO  client.GrpcClientProtocolClient (GrpcClientProtocolClient.java:onNext(254)) - client-9C97446E6A25->2573df58-4087-4dd0-8598-5abddcc696b9: receive RaftClientReply:client-9C97446E6A25->2573df58-4087-4dd0-8598-5abddcc696b9@group-CE3C0447B19C, cid=3672, SUCCESS, logIndex=6007, commits[2573df58-4087-4dd0-8598-5abddcc696b9:c6008]
2019-06-13 21:51:51,882 INFO  client.GrpcClientProtocolClient (GrpcClientProtocolClient.java:onNext(254)) - client-9C97446E6A25->2573df58-4087-4dd0-8598-5abddcc696b9: receive RaftClientReply:client-9C97446E6A25->2573df58-4087-4dd0-8598-5abddcc696b9@group-CE3C0447B19C, cid=3673, SUCCESS, logIndex=6009, commits[2573df58-4087-4dd0-8598-5abddcc696b9:c6009]
2019-06-13 21:51:51,883 INFO  client.GrpcClientProtocolClient (GrpcClientProtocolClient.java:onNext(254)) - client-9C97446E6A25->2573df58-4087-4dd0-8598-5abddcc696b9: receive RaftClientReply:client-9C97446E6A25->2573df58-4087-4dd0-8598-5abddcc696b9@group-CE3C0447B19C, cid=3674, SUCCESS, logIndex=6011, commits[2573df58-4087-4dd0-8598-5abddcc696b9:c6011]
2019-06-13 21:51:51,884 INFO  client.GrpcClientProtocolClient (GrpcClientProtocolClient.java:onNext(254)) - client-9C97446E6A25->2573df58-4087-4dd0-8598-5abddcc696b9: receive RaftClientReply:client-9C97446E6A25->2573df58-4087-4dd0-8598-5abddcc696b9@group-CE3C0447B19C, cid=3675, SUCCESS, logIndex=6012, commits[2573df58-4087-4dd0-8598-5abddcc696b9:c6014]
2019-06-13 21:51:51,884 INFO  client.GrpcClientProtocolClient (GrpcClientProtocolClient.java:onNext(254)) - client-9C97446E6A25->2573df58-4087-4dd0-8598-5abddcc696b9: receive RaftClientReply:client-9C97446E6A25->2573df58-4087-4dd0-8598-5abddcc696b9@group-CE3C0447B19C, cid=3676, SUCCESS, logIndex=6013, commits[2573df58-4087-4dd0-8598-5abddcc696b9:c6014]
2019-06-13 21:51:51,890 INFO  client.GrpcClientProtocolClient (GrpcClientProtocolClient.java:onNext(254)) - client-9C97446E6A25->2573df58-4087-4dd0-8598-5abddcc696b9: receive RaftClientReply:client-9C97446E6A25->2573df58-4087-4dd0-8598-5abddcc696b9@group-CE3C0447B19C, cid=3677, SUCCESS, logIndex=6015, commits[2573df58-4087-4dd0-8598-5abddcc696b9:c6015]
2019-06-13 21:51:51,891 INFO  client.GrpcClientProtocolClient (GrpcClientProtocolClient.java:onNext(254)) - client-9C97446E6A25->2573df58-4087-4dd0-8598-5abddcc696b9: receive RaftClientReply:client-9C97446E6A25->2573df58-4087-4dd0-8598-5abddcc696b9@group-CE3C0447B19C, cid=3678, SUCCESS, logIndex=6017, commits[2573df58-4087-4dd0-8598-5abddcc696b9:c6017]
2019-06-13 21:51:51,892 INFO  client.GrpcClientProtocolClient (GrpcClientProtocolClient.java:onNext(254)) - client-9C97446E6A25->2573df58-4087-4dd0-8598-5abddcc696b9: receive RaftClientReply:client-9C97446E6A25->2573df58-4087-4dd0-8598-5abddcc696b9@group-CE3C0447B19C, cid=3679, SUCCESS, logIndex=6018, commits[2573df58-4087-4dd0-8598-5abddcc696b9:c6020]
2019-06-13 21:51:51,892 INFO  client.GrpcClientProtocolClient (GrpcClientProtocolClient.java:onNext(254)) - client-9C97446E6A25->2573df58-4087-4dd0-8598-5abddcc696b9: receive RaftClientReply:client-9C97446E6A25->2573df58-4087-4dd0-8598-5abddcc696b9@group-CE3C0447B19C, cid=3680, SUCCESS, logIndex=6019, commits[2573df58-4087-4dd0-8598-5abddcc696b9:c6020]
2019-06-13 21:51:51,899 DEBUG block.SCMBlockDeletingService (SCMBlockDeletingService.java:call(138)) - Running DeletedBlockTransactionScanner
2019-06-13 21:51:51,899 DEBUG block.SCMBlockDeletingService (SCMBlockDeletingService.java:call(155)) - Scanned deleted blocks log and got 0 delTX to process.
2019-06-13 21:51:51,905 INFO  client.GrpcClientProtocolClient (GrpcClientProtocolClient.java:onNext(254)) - client-9C97446E6A25->2573df58-4087-4dd0-8598-5abddcc696b9: receive RaftClientReply:client-9C97446E6A25->2573df58-4087-4dd0-8598-5abddcc696b9@group-CE3C0447B19C, cid=3681, SUCCESS, logIndex=6021, commits[2573df58-4087-4dd0-8598-5abddcc696b9:c6021]
2019-06-13 21:51:51,906 INFO  client.GrpcClientProtocolClient (GrpcClientProtocolClient.java:onNext(254)) - client-9C97446E6A25->2573df58-4087-4dd0-8598-5abddcc696b9: receive RaftClientReply:client-9C97446E6A25->2573df58-4087-4dd0-8598-5abddcc696b9@group-CE3C0447B19C, cid=3682, SUCCESS, logIndex=6023, commits[2573df58-4087-4dd0-8598-5abddcc696b9:c6023]
2019-06-13 21:51:51,908 INFO  client.GrpcClientProtocolClient (GrpcClientProtocolClient.java:onNext(254)) - client-9C97446E6A25->2573df58-4087-4dd0-8598-5abddcc696b9: receive RaftClientReply:client-9C97446E6A25->2573df58-4087-4dd0-8598-5abddcc696b9@group-CE3C0447B19C, cid=3683, SUCCESS, logIndex=6024, commits[2573df58-4087-4dd0-8598-5abddcc696b9:c6026]
2019-06-13 21:51:51,908 INFO  client.GrpcClientProtocolClient (GrpcClientProtocolClient.java:onNext(254)) - client-9C97446E6A25->2573df58-4087-4dd0-8598-5abddcc696b9: receive RaftClientReply:client-9C97446E6A25->2573df58-4087-4dd0-8598-5abddcc696b9@group-CE3C0447B19C, cid=3684, SUCCESS, logIndex=6025, commits[2573df58-4087-4dd0-8598-5abddcc696b9:c6026]
2019-06-13 21:51:51,913 INFO  client.GrpcClientProtocolClient (GrpcClientProtocolClient.java:onNext(254)) - client-9C97446E6A25->2573df58-4087-4dd0-8598-5abddcc696b9: receive RaftClientReply:client-9C97446E6A25->2573df58-4087-4dd0-8598-5abddcc696b9@group-CE3C0447B19C, cid=3685, SUCCESS, logIndex=6027, commits[2573df58-4087-4dd0-8598-5abddcc696b9:c6027]
2019-06-13 21:51:51,914 INFO  client.GrpcClientProtocolClient (GrpcClientProtocolClient.java:onNext(254)) - client-9C97446E6A25->2573df58-4087-4dd0-8598-5abddcc696b9: receive RaftClientReply:client-9C97446E6A25->2573df58-4087-4dd0-8598-5abddcc696b9@group-CE3C0447B19C, cid=3686, SUCCESS, logIndex=6029, commits[2573df58-4087-4dd0-8598-5abddcc696b9:c6029]
2019-06-13 21:51:51,916 INFO  client.GrpcClientProtocolClient (GrpcClientProtocolClient.java:onNext(254)) - client-9C97446E6A25->2573df58-4087-4dd0-8598-5abddcc696b9: receive RaftClientReply:client-9C97446E6A25->2573df58-4087-4dd0-8598-5abddcc696b9@group-CE3C0447B19C, cid=3687, SUCCESS, logIndex=6031, commits[2573df58-4087-4dd0-8598-5abddcc696b9:c6032]
2019-06-13 21:51:51,919 INFO  client.GrpcClientProtocolClient (GrpcClientProtocolClient.java:onNext(254)) - client-9C97446E6A25->2573df58-4087-4dd0-8598-5abddcc696b9: receive RaftClientReply:client-9C97446E6A25->2573df58-4087-4dd0-8598-5abddcc696b9@group-CE3C0447B19C, cid=3688, SUCCESS, logIndex=6032, commits[2573df58-4087-4dd0-8598-5abddcc696b9:c6032]
2019-06-13 21:51:51,933 INFO  client.GrpcClientProtocolClient (GrpcClientProtocolClient.java:onNext(254)) - client-9C97446E6A25->2573df58-4087-4dd0-8598-5abddcc696b9: receive RaftClientReply:client-9C97446E6A25->2573df58-4087-4dd0-8598-5abddcc696b9@group-CE3C0447B19C, cid=3689, SUCCESS, logIndex=6034, commits[2573df58-4087-4dd0-8598-5abddcc696b9:c6034]
2019-06-13 21:51:51,935 INFO  client.GrpcClientProtocolClient (GrpcClientProtocolClient.java:onNext(254)) - client-9C97446E6A25->2573df58-4087-4dd0-8598-5abddcc696b9: receive RaftClientReply:client-9C97446E6A25->2573df58-4087-4dd0-8598-5abddcc696b9@group-CE3C0447B19C, cid=3690, SUCCESS, logIndex=6036, commits[2573df58-4087-4dd0-8598-5abddcc696b9:c6036]
2019-06-13 21:51:51,936 INFO  client.GrpcClientProtocolClient (GrpcClientProtocolClient.java:onNext(254)) - client-9C97446E6A25->2573df58-4087-4dd0-8598-5abddcc696b9: receive RaftClientReply:client-9C97446E6A25->2573df58-4087-4dd0-8598-5abddcc696b9@group-CE3C0447B19C, cid=3691, SUCCESS, logIndex=6037, commits[2573df58-4087-4dd0-8598-5abddcc696b9:c6037]
2019-06-13 21:51:51,936 INFO  client.GrpcClientProtocolClient (GrpcClientProtocolClient.java:onNext(254)) - client-9C97446E6A25->2573df58-4087-4dd0-8598-5abddcc696b9: receive RaftClientReply:client-9C97446E6A25->2573df58-4087-4dd0-8598-5abddcc696b9@group-CE3C0447B19C, cid=3692, SUCCESS, logIndex=6039, commits[2573df58-4087-4dd0-8598-5abddcc696b9:c6039]
2019-06-13 21:51:51,941 INFO  client.GrpcClientProtocolClient (GrpcClientProtocolClient.java:onNext(254)) - client-9C97446E6A25->2573df58-4087-4dd0-8598-5abddcc696b9: receive RaftClientReply:client-9C97446E6A25->2573df58-4087-4dd0-8598-5abddcc696b9@group-CE3C0447B19C, cid=3693, SUCCESS, logIndex=6042, commits[2573df58-4087-4dd0-8598-5abddcc696b9:c6042]
2019-06-13 21:51:51,944 INFO  client.GrpcClientProtocolClient (GrpcClientProtocolClient.java:onNext(254)) - client-9C97446E6A25->2573df58-4087-4dd0-8598-5abddcc696b9: receive RaftClientReply:client-9C97446E6A25->2573df58-4087-4dd0-8598-5abddcc696b9@group-CE3C0447B19C, cid=3694, SUCCESS, logIndex=6044, commits[2573df58-4087-4dd0-8598-5abddcc696b9:c6044]
2019-06-13 21:51:51,945 INFO  client.GrpcClientProtocolClient (GrpcClientProtocolClient.java:onNext(254)) - client-9C97446E6A25->2573df58-4087-4dd0-8598-5abddcc696b9: receive RaftClientReply:client-9C97446E6A25->2573df58-4087-4dd0-8598-5abddcc696b9@group-CE3C0447B19C, cid=3695, SUCCESS, logIndex=6045, commits[2573df58-4087-4dd0-8598-5abddcc696b9:c6046]
2019-06-13 21:51:51,945 INFO  client.GrpcClientProtocolClient (GrpcClientProtocolClient.java:onNext(254)) - client-9C97446E6A25->2573df58-4087-4dd0-8598-5abddcc696b9: receive RaftClientReply:client-9C97446E6A25->2573df58-4087-4dd0-8598-5abddcc696b9@group-CE3C0447B19C, cid=3696, SUCCESS, logIndex=6046, commits[2573df58-4087-4dd0-8598-5abddcc696b9:c6046]
2019-06-13 21:51:51,957 INFO  client.GrpcClientProtocolClient (GrpcClientProtocolClient.java:onNext(254)) - client-9C97446E6A25->2573df58-4087-4dd0-8598-5abddcc696b9: receive RaftClientReply:client-9C97446E6A25->2573df58-4087-4dd0-8598-5abddcc696b9@group-CE3C0447B19C, cid=3697, SUCCESS, logIndex=6049, commits[2573df58-4087-4dd0-8598-5abddcc696b9:c6049]
2019-06-13 21:51:51,959 INFO  client.GrpcClientProtocolClient (GrpcClientProtocolClient.java:onNext(254)) - client-9C97446E6A25->2573df58-4087-4dd0-8598-5abddcc696b9: receive RaftClientReply:client-9C97446E6A25->2573df58-4087-4dd0-8598-5abddcc696b9@group-CE3C0447B19C, cid=3698, SUCCESS, logIndex=6051, commits[2573df58-4087-4dd0-8598-5abddcc696b9:c6051]
2019-06-13 21:51:51,960 INFO  client.GrpcClientProtocolClient (GrpcClientProtocolClient.java:onNext(254)) - client-9C97446E6A25->2573df58-4087-4dd0-8598-5abddcc696b9: receive RaftClientReply:client-9C97446E6A25->2573df58-4087-4dd0-8598-5abddcc696b9@group-CE3C0447B19C, cid=3699, SUCCESS, logIndex=6052, commits[2573df58-4087-4dd0-8598-5abddcc696b9:c6054]
2019-06-13 21:51:51,960 INFO  client.GrpcClientProtocolClient (GrpcClientProtocolClient.java:onNext(254)) - client-9C97446E6A25->2573df58-4087-4dd0-8598-5abddcc696b9: receive RaftClientReply:client-9C97446E6A25->2573df58-4087-4dd0-8598-5abddcc696b9@group-CE3C0447B19C, cid=3700, SUCCESS, logIndex=6054, commits[2573df58-4087-4dd0-8598-5abddcc696b9:c6054]
2019-06-13 21:51:51,965 INFO  client.GrpcClientProtocolClient (GrpcClientProtocolClient.java:onNext(254)) - client-9C97446E6A25->2573df58-4087-4dd0-8598-5abddcc696b9: receive RaftClientReply:client-9C97446E6A25->2573df58-4087-4dd0-8598-5abddcc696b9@group-CE3C0447B19C, cid=3701, SUCCESS, logIndex=6056, commits[2573df58-4087-4dd0-8598-5abddcc696b9:c6056]
2019-06-13 21:51:51,966 INFO  storage.RaftLogWorker (RaftLogWorker.java:rollLogSegment(303)) - 2573df58-4087-4dd0-8598-5abddcc696b9-RaftLogWorker: Rolling segment log-5991_6059 to index:6059
2019-06-13 21:51:51,967 INFO  client.GrpcClientProtocolClient (GrpcClientProtocolClient.java:onNext(254)) - client-9C97446E6A25->2573df58-4087-4dd0-8598-5abddcc696b9: receive RaftClientReply:client-9C97446E6A25->2573df58-4087-4dd0-8598-5abddcc696b9@group-CE3C0447B19C, cid=3702, SUCCESS, logIndex=6058, commits[2573df58-4087-4dd0-8598-5abddcc696b9:c6058]
2019-06-13 21:51:51,967 INFO  storage.RaftLogWorker (RaftLogWorker.java:execute(433)) - 2573df58-4087-4dd0-8598-5abddcc696b9-RaftLogWorker: Rolled log segment from /opt/src/hadoop-ozone/integration-test/target/test-dir/MiniOzoneClusterImpl-8578056e-9b7b-4e66-9e9f-ef53d5cd7c03/datanode-0/data/ratis/7f5c2536-ed89-4233-9ec0-ce3c0447b19c/current/log_inprogress_5991 to /opt/src/hadoop-ozone/integration-test/target/test-dir/MiniOzoneClusterImpl-8578056e-9b7b-4e66-9e9f-ef53d5cd7c03/datanode-0/data/ratis/7f5c2536-ed89-4233-9ec0-ce3c0447b19c/current/log_5991-6059
2019-06-13 21:51:51,968 INFO  client.GrpcClientProtocolClient (GrpcClientProtocolClient.java:onNext(254)) - client-9C97446E6A25->2573df58-4087-4dd0-8598-5abddcc696b9: receive RaftClientReply:client-9C97446E6A25->2573df58-4087-4dd0-8598-5abddcc696b9@group-CE3C0447B19C, cid=3703, SUCCESS, logIndex=6059, commits[2573df58-4087-4dd0-8598-5abddcc696b9:c6059]
2019-06-13 21:51:51,999 DEBUG block.SCMBlockDeletingService (SCMBlockDeletingService.java:call(138)) - Running DeletedBlockTransactionScanner
2019-06-13 21:51:51,999 DEBUG block.SCMBlockDeletingService (SCMBlockDeletingService.java:call(155)) - Scanned deleted blocks log and got 0 delTX to process.
2019-06-13 21:51:52,008 INFO  storage.RaftLogWorker (RaftLogWorker.java:execute(469)) - 2573df58-4087-4dd0-8598-5abddcc696b9-RaftLogWorker: created new log segment /opt/src/hadoop-ozone/integration-test/target/test-dir/MiniOzoneClusterImpl-8578056e-9b7b-4e66-9e9f-ef53d5cd7c03/datanode-0/data/ratis/7f5c2536-ed89-4233-9ec0-ce3c0447b19c/current/log_inprogress_6060
2019-06-13 21:51:52,010 INFO  client.GrpcClientProtocolClient (GrpcClientProtocolClient.java:onNext(254)) - client-9C97446E6A25->2573df58-4087-4dd0-8598-5abddcc696b9: receive RaftClientReply:client-9C97446E6A25->2573df58-4087-4dd0-8598-5abddcc696b9@group-CE3C0447B19C, cid=3704, SUCCESS, logIndex=6060, commits[2573df58-4087-4dd0-8598-5abddcc696b9:c6062]
2019-06-13 21:51:52,020 INFO  client.GrpcClientProtocolClient (GrpcClientProtocolClient.java:onNext(254)) - client-9C97446E6A25->2573df58-4087-4dd0-8598-5abddcc696b9: receive RaftClientReply:client-9C97446E6A25->2573df58-4087-4dd0-8598-5abddcc696b9@group-CE3C0447B19C, cid=3705, SUCCESS, logIndex=6063, commits[2573df58-4087-4dd0-8598-5abddcc696b9:c6063]
2019-06-13 21:51:52,023 INFO  client.GrpcClientProtocolClient (GrpcClientProtocolClient.java:onNext(254)) - client-9C97446E6A25->2573df58-4087-4dd0-8598-5abddcc696b9: receive RaftClientReply:client-9C97446E6A25->2573df58-4087-4dd0-8598-5abddcc696b9@group-CE3C0447B19C, cid=3706, SUCCESS, logIndex=6065, commits[2573df58-4087-4dd0-8598-5abddcc696b9:c6067]
2019-06-13 21:51:52,023 INFO  client.GrpcClientProtocolClient (GrpcClientProtocolClient.java:onNext(254)) - client-9C97446E6A25->2573df58-4087-4dd0-8598-5abddcc696b9: receive RaftClientReply:client-9C97446E6A25->2573df58-4087-4dd0-8598-5abddcc696b9@group-CE3C0447B19C, cid=3707, SUCCESS, logIndex=6066, commits[2573df58-4087-4dd0-8598-5abddcc696b9:c6067]
2019-06-13 21:51:52,023 INFO  client.GrpcClientProtocolClient (GrpcClientProtocolClient.java:onNext(254)) - client-9C97446E6A25->2573df58-4087-4dd0-8598-5abddcc696b9: receive RaftClientReply:client-9C97446E6A25->2573df58-4087-4dd0-8598-5abddcc696b9@group-CE3C0447B19C, cid=3708, SUCCESS, logIndex=6067, commits[2573df58-4087-4dd0-8598-5abddcc696b9:c6067]
2019-06-13 21:51:52,029 INFO  client.GrpcClientProtocolClient (GrpcClientProtocolClient.java:onNext(254)) - client-9C97446E6A25->2573df58-4087-4dd0-8598-5abddcc696b9: receive RaftClientReply:client-9C97446E6A25->2573df58-4087-4dd0-8598-5abddcc696b9@group-CE3C0447B19C, cid=3709, SUCCESS, logIndex=6069, commits[2573df58-4087-4dd0-8598-5abddcc696b9:c6069]
2019-06-13 21:51:52,031 INFO  client.GrpcClientProtocolClient (GrpcClientProtocolClient.java:onNext(254)) - client-9C97446E6A25->2573df58-4087-4dd0-8598-5abddcc696b9: receive RaftClientReply:client-9C97446E6A25->2573df58-4087-4dd0-8598-5abddcc696b9@group-CE3C0447B19C, cid=3710, SUCCESS, logIndex=6071, commits[2573df58-4087-4dd0-8598-5abddcc696b9:c6071]
2019-06-13 21:51:52,031 INFO  client.GrpcClientProtocolClient (GrpcClientProtocolClient.java:onNext(254)) - client-9C97446E6A25->2573df58-4087-4dd0-8598-5abddcc696b9: receive RaftClientReply:client-9C97446E6A25->2573df58-4087-4dd0-8598-5abddcc696b9@group-CE3C0447B19C, cid=3711, SUCCESS, logIndex=6072, commits[2573df58-4087-4dd0-8598-5abddcc696b9:c6072]
2019-06-13 21:51:52,032 INFO  client.GrpcClientProtocolClient (GrpcClientProtocolClient.java:onNext(254)) - client-9C97446E6A25->2573df58-4087-4dd0-8598-5abddcc696b9: receive RaftClientReply:client-9C97446E6A25->2573df58-4087-4dd0-8598-5abddcc696b9@group-CE3C0447B19C, cid=3712, SUCCESS, logIndex=6074, commits[2573df58-4087-4dd0-8598-5abddcc696b9:c6074]
2019-06-13 21:51:52,099 DEBUG block.SCMBlockDeletingService (SCMBlockDeletingService.java:call(138)) - Running DeletedBlockTransactionScanner
2019-06-13 21:51:52,100 DEBUG block.SCMBlockDeletingService (SCMBlockDeletingService.java:call(155)) - Scanned deleted blocks log and got 0 delTX to process.
2019-06-13 21:51:52,125 INFO  client.GrpcClientProtocolClient (GrpcClientProtocolClient.java:onNext(254)) - client-9C97446E6A25->2573df58-4087-4dd0-8598-5abddcc696b9: receive RaftClientReply:client-9C97446E6A25->2573df58-4087-4dd0-8598-5abddcc696b9@group-CE3C0447B19C, cid=3713, SUCCESS, logIndex=6077, commits[2573df58-4087-4dd0-8598-5abddcc696b9:c6077]
2019-06-13 21:51:52,126 INFO  client.GrpcClientProtocolClient (GrpcClientProtocolClient.java:onNext(254)) - client-9C97446E6A25->2573df58-4087-4dd0-8598-5abddcc696b9: receive RaftClientReply:client-9C97446E6A25->2573df58-4087-4dd0-8598-5abddcc696b9@group-CE3C0447B19C, cid=3714, SUCCESS, logIndex=6079, commits[2573df58-4087-4dd0-8598-5abddcc696b9:c6079]
2019-06-13 21:51:52,127 INFO  client.GrpcClientProtocolClient (GrpcClientProtocolClient.java:onNext(254)) - client-9C97446E6A25->2573df58-4087-4dd0-8598-5abddcc696b9: receive RaftClientReply:client-9C97446E6A25->2573df58-4087-4dd0-8598-5abddcc696b9@group-CE3C0447B19C, cid=3715, SUCCESS, logIndex=6080, commits[2573df58-4087-4dd0-8598-5abddcc696b9:c6082]
2019-06-13 21:51:52,127 INFO  client.GrpcClientProtocolClient (GrpcClientProtocolClient.java:onNext(254)) - client-9C97446E6A25->2573df58-4087-4dd0-8598-5abddcc696b9: receive RaftClientReply:client-9C97446E6A25->2573df58-4087-4dd0-8598-5abddcc696b9@group-CE3C0447B19C, cid=3716, SUCCESS, logIndex=6081, commits[2573df58-4087-4dd0-8598-5abddcc696b9:c6082]
2019-06-13 21:51:52,133 INFO  client.GrpcClientProtocolClient (GrpcClientProtocolClient.java:onNext(254)) - client-9C97446E6A25->2573df58-4087-4dd0-8598-5abddcc696b9: receive RaftClientReply:client-9C97446E6A25->2573df58-4087-4dd0-8598-5abddcc696b9@group-CE3C0447B19C, cid=3717, SUCCESS, logIndex=6083, commits[2573df58-4087-4dd0-8598-5abddcc696b9:c6083]
2019-06-13 21:51:52,134 INFO  client.GrpcClientProtocolClient (GrpcClientProtocolClient.java:onNext(254)) - client-9C97446E6A25->2573df58-4087-4dd0-8598-5abddcc696b9: receive RaftClientReply:client-9C97446E6A25->2573df58-4087-4dd0-8598-5abddcc696b9@group-CE3C0447B19C, cid=3718, SUCCESS, logIndex=6085, commits[2573df58-4087-4dd0-8598-5abddcc696b9:c6085]
2019-06-13 21:51:52,135 INFO  client.GrpcClientProtocolClient (GrpcClientProtocolClient.java:onNext(254)) - client-9C97446E6A25->2573df58-4087-4dd0-8598-5abddcc696b9: receive RaftClientReply:client-9C97446E6A25->2573df58-4087-4dd0-8598-5abddcc696b9@group-CE3C0447B19C, cid=3719, SUCCESS, logIndex=6086, commits[2573df58-4087-4dd0-8598-5abddcc696b9:c6086]
2019-06-13 21:51:52,135 INFO  client.GrpcClientProtocolClient (GrpcClientProtocolClient.java:onNext(254)) - client-9C97446E6A25->2573df58-4087-4dd0-8598-5abddcc696b9: receive RaftClientReply:client-9C97446E6A25->2573df58-4087-4dd0-8598-5abddcc696b9@group-CE3C0447B19C, cid=3720, SUCCESS, logIndex=6088, commits[2573df58-4087-4dd0-8598-5abddcc696b9:c6088]
2019-06-13 21:51:52,148 INFO  client.GrpcClientProtocolClient (GrpcClientProtocolClient.java:onNext(254)) - client-9C97446E6A25->2573df58-4087-4dd0-8598-5abddcc696b9: receive RaftClientReply:client-9C97446E6A25->2573df58-4087-4dd0-8598-5abddcc696b9@group-CE3C0447B19C, cid=3721, SUCCESS, logIndex=6091, commits[2573df58-4087-4dd0-8598-5abddcc696b9:c6091]
2019-06-13 21:51:52,149 INFO  client.GrpcClientProtocolClient (GrpcClientProtocolClient.java:onNext(254)) - client-9C97446E6A25->2573df58-4087-4dd0-8598-5abddcc696b9: receive RaftClientReply:client-9C97446E6A25->2573df58-4087-4dd0-8598-5abddcc696b9@group-CE3C0447B19C, cid=3722, SUCCESS, logIndex=6093, commits[2573df58-4087-4dd0-8598-5abddcc696b9:c6093]
2019-06-13 21:51:52,150 INFO  client.GrpcClientProtocolClient (GrpcClientProtocolClient.java:onNext(254)) - client-9C97446E6A25->2573df58-4087-4dd0-8598-5abddcc696b9: receive RaftClientReply:client-9C97446E6A25->2573df58-4087-4dd0-8598-5abddcc696b9@group-CE3C0447B19C, cid=3723, SUCCESS, logIndex=6094, commits[2573df58-4087-4dd0-8598-5abddcc696b9:c6096]
2019-06-13 21:51:52,151 INFO  client.GrpcClientProtocolClient (GrpcClientProtocolClient.java:onNext(254)) - client-9C97446E6A25->2573df58-4087-4dd0-8598-5abddcc696b9: receive RaftClientReply:client-9C97446E6A25->2573df58-4087-4dd0-8598-5abddcc696b9@group-CE3C0447B19C, cid=3724, SUCCESS, logIndex=6095, commits[2573df58-4087-4dd0-8598-5abddcc696b9:c6096]
2019-06-13 21:51:52,200 DEBUG block.SCMBlockDeletingService (SCMBlockDeletingService.java:call(138)) - Running DeletedBlockTransactionScanner
2019-06-13 21:51:52,200 DEBUG block.SCMBlockDeletingService (SCMBlockDeletingService.java:call(155)) - Scanned deleted blocks log and got 0 delTX to process.
2019-06-13 21:51:52,201 INFO  client.GrpcClientProtocolClient (GrpcClientProtocolClient.java:onNext(254)) - client-9C97446E6A25->2573df58-4087-4dd0-8598-5abddcc696b9: receive RaftClientReply:client-9C97446E6A25->2573df58-4087-4dd0-8598-5abddcc696b9@group-CE3C0447B19C, cid=3725, SUCCESS, logIndex=6097, commits[2573df58-4087-4dd0-8598-5abddcc696b9:c6097]
2019-06-13 21:51:52,202 INFO  client.GrpcClientProtocolClient (GrpcClientProtocolClient.java:onNext(254)) - client-9C97446E6A25->2573df58-4087-4dd0-8598-5abddcc696b9: receive RaftClientReply:client-9C97446E6A25->2573df58-4087-4dd0-8598-5abddcc696b9@group-CE3C0447B19C, cid=3726, SUCCESS, logIndex=6099, commits[2573df58-4087-4dd0-8598-5abddcc696b9:c6099]
2019-06-13 21:51:52,203 INFO  client.GrpcClientProtocolClient (GrpcClientProtocolClient.java:onNext(254)) - client-9C97446E6A25->2573df58-4087-4dd0-8598-5abddcc696b9: receive RaftClientReply:client-9C97446E6A25->2573df58-4087-4dd0-8598-5abddcc696b9@group-CE3C0447B19C, cid=3727, SUCCESS, logIndex=6100, commits[2573df58-4087-4dd0-8598-5abddcc696b9:c6102]
2019-06-13 21:51:52,203 INFO  client.GrpcClientProtocolClient (GrpcClientProtocolClient.java:onNext(254)) - client-9C97446E6A25->2573df58-4087-4dd0-8598-5abddcc696b9: receive RaftClientReply:client-9C97446E6A25->2573df58-4087-4dd0-8598-5abddcc696b9@group-CE3C0447B19C, cid=3728, SUCCESS, logIndex=6101, commits[2573df58-4087-4dd0-8598-5abddcc696b9:c6102]
2019-06-13 21:51:52,214 INFO  client.GrpcClientProtocolClient (GrpcClientProtocolClient.java:onNext(254)) - client-9C97446E6A25->2573df58-4087-4dd0-8598-5abddcc696b9: receive RaftClientReply:client-9C97446E6A25->2573df58-4087-4dd0-8598-5abddcc696b9@group-CE3C0447B19C, cid=3729, SUCCESS, logIndex=6103, commits[2573df58-4087-4dd0-8598-5abddcc696b9:c6103]
2019-06-13 21:51:52,215 INFO  client.GrpcClientProtocolClient (GrpcClientProtocolClient.java:onNext(254)) - client-9C97446E6A25->2573df58-4087-4dd0-8598-5abddcc696b9: receive RaftClientReply:client-9C97446E6A25->2573df58-4087-4dd0-8598-5abddcc696b9@group-CE3C0447B19C, cid=3730, SUCCESS, logIndex=6105, commits[2573df58-4087-4dd0-8598-5abddcc696b9:c6105]
2019-06-13 21:51:52,216 INFO  client.GrpcClientProtocolClient (GrpcClientProtocolClient.java:onNext(254)) - client-9C97446E6A25->2573df58-4087-4dd0-8598-5abddcc696b9: receive RaftClientReply:client-9C97446E6A25->2573df58-4087-4dd0-8598-5abddcc696b9@group-CE3C0447B19C, cid=3731, SUCCESS, logIndex=6106, commits[2573df58-4087-4dd0-8598-5abddcc696b9:c6108]
2019-06-13 21:51:52,216 INFO  client.GrpcClientProtocolClient (GrpcClientProtocolClient.java:onNext(254)) - client-9C97446E6A25->2573df58-4087-4dd0-8598-5abddcc696b9: receive RaftClientReply:client-9C97446E6A25->2573df58-4087-4dd0-8598-5abddcc696b9@group-CE3C0447B19C, cid=3732, SUCCESS, logIndex=6107, commits[2573df58-4087-4dd0-8598-5abddcc696b9:c6108]
2019-06-13 21:51:52,221 INFO  client.GrpcClientProtocolClient (GrpcClientProtocolClient.java:onNext(254)) - client-9C97446E6A25->2573df58-4087-4dd0-8598-5abddcc696b9: receive RaftClientReply:client-9C97446E6A25->2573df58-4087-4dd0-8598-5abddcc696b9@group-CE3C0447B19C, cid=3733, SUCCESS, logIndex=6109, commits[2573df58-4087-4dd0-8598-5abddcc696b9:c6109]
2019-06-13 21:51:52,223 INFO  client.GrpcClientProtocolClient (GrpcClientProtocolClient.java:onNext(254)) - client-9C97446E6A25->2573df58-4087-4dd0-8598-5abddcc696b9: receive RaftClientReply:client-9C97446E6A25->2573df58-4087-4dd0-8598-5abddcc696b9@group-CE3C0447B19C, cid=3734, SUCCESS, logIndex=6111, commits[2573df58-4087-4dd0-8598-5abddcc696b9:c6111]
2019-06-13 21:51:52,224 INFO  client.GrpcClientProtocolClient (GrpcClientProtocolClient.java:onNext(254)) - client-9C97446E6A25->2573df58-4087-4dd0-8598-5abddcc696b9: receive RaftClientReply:client-9C97446E6A25->2573df58-4087-4dd0-8598-5abddcc696b9@group-CE3C0447B19C, cid=3735, SUCCESS, logIndex=6112, commits[2573df58-4087-4dd0-8598-5abddcc696b9:c6114]
2019-06-13 21:51:52,224 INFO  client.GrpcClientProtocolClient (GrpcClientProtocolClient.java:onNext(254)) - client-9C97446E6A25->2573df58-4087-4dd0-8598-5abddcc696b9: receive RaftClientReply:client-9C97446E6A25->2573df58-4087-4dd0-8598-5abddcc696b9@group-CE3C0447B19C, cid=3736, SUCCESS, logIndex=6113, commits[2573df58-4087-4dd0-8598-5abddcc696b9:c6114]
2019-06-13 21:51:52,235 INFO  client.GrpcClientProtocolClient (GrpcClientProtocolClient.java:onNext(254)) - client-9C97446E6A25->2573df58-4087-4dd0-8598-5abddcc696b9: receive RaftClientReply:client-9C97446E6A25->2573df58-4087-4dd0-8598-5abddcc696b9@group-CE3C0447B19C, cid=3737, SUCCESS, logIndex=6115, commits[2573df58-4087-4dd0-8598-5abddcc696b9:c6115]
2019-06-13 21:51:52,236 INFO  client.GrpcClientProtocolClient (GrpcClientProtocolClient.java:onNext(254)) - client-9C97446E6A25->2573df58-4087-4dd0-8598-5abddcc696b9: receive RaftClientReply:client-9C97446E6A25->2573df58-4087-4dd0-8598-5abddcc696b9@group-CE3C0447B19C, cid=3738, SUCCESS, logIndex=6117, commits[2573df58-4087-4dd0-8598-5abddcc696b9:c6117]
2019-06-13 21:51:52,237 INFO  client.GrpcClientProtocolClient (GrpcClientProtocolClient.java:onNext(254)) - client-9C97446E6A25->2573df58-4087-4dd0-8598-5abddcc696b9: receive RaftClientReply:client-9C97446E6A25->2573df58-4087-4dd0-8598-5abddcc696b9@group-CE3C0447B19C, cid=3739, SUCCESS, logIndex=6118, commits[2573df58-4087-4dd0-8598-5abddcc696b9:c6120]
2019-06-13 21:51:52,238 INFO  client.GrpcClientProtocolClient (GrpcClientProtocolClient.java:onNext(254)) - client-9C97446E6A25->2573df58-4087-4dd0-8598-5abddcc696b9: receive RaftClientReply:client-9C97446E6A25->2573df58-4087-4dd0-8598-5abddcc696b9@group-CE3C0447B19C, cid=3740, SUCCESS, logIndex=6119, commits[2573df58-4087-4dd0-8598-5abddcc696b9:c6120]
2019-06-13 21:51:52,242 INFO  client.GrpcClientProtocolClient (GrpcClientProtocolClient.java:onNext(254)) - client-9C97446E6A25->2573df58-4087-4dd0-8598-5abddcc696b9: receive RaftClientReply:client-9C97446E6A25->2573df58-4087-4dd0-8598-5abddcc696b9@group-CE3C0447B19C, cid=3741, SUCCESS, logIndex=6121, commits[2573df58-4087-4dd0-8598-5abddcc696b9:c6121]
2019-06-13 21:51:52,244 INFO  client.GrpcClientProtocolClient (GrpcClientProtocolClient.java:onNext(254)) - client-9C97446E6A25->2573df58-4087-4dd0-8598-5abddcc696b9: receive RaftClientReply:client-9C97446E6A25->2573df58-4087-4dd0-8598-5abddcc696b9@group-CE3C0447B19C, cid=3742, SUCCESS, logIndex=6123, commits[2573df58-4087-4dd0-8598-5abddcc696b9:c6123]
2019-06-13 21:51:52,245 INFO  client.GrpcClientProtocolClient (GrpcClientProtocolClient.java:onNext(254)) - client-9C97446E6A25->2573df58-4087-4dd0-8598-5abddcc696b9: receive RaftClientReply:client-9C97446E6A25->2573df58-4087-4dd0-8598-5abddcc696b9@group-CE3C0447B19C, cid=3743, SUCCESS, logIndex=6124, commits[2573df58-4087-4dd0-8598-5abddcc696b9:c6126]
2019-06-13 21:51:52,245 INFO  client.GrpcClientProtocolClient (GrpcClientProtocolClient.java:onNext(254)) - client-9C97446E6A25->2573df58-4087-4dd0-8598-5abddcc696b9: receive RaftClientReply:client-9C97446E6A25->2573df58-4087-4dd0-8598-5abddcc696b9@group-CE3C0447B19C, cid=3744, SUCCESS, logIndex=6125, commits[2573df58-4087-4dd0-8598-5abddcc696b9:c6126]
2019-06-13 21:51:52,255 INFO  client.GrpcClientProtocolClient (GrpcClientProtocolClient.java:onNext(254)) - client-9C97446E6A25->2573df58-4087-4dd0-8598-5abddcc696b9: receive RaftClientReply:client-9C97446E6A25->2573df58-4087-4dd0-8598-5abddcc696b9@group-CE3C0447B19C, cid=3745, SUCCESS, logIndex=6127, commits[2573df58-4087-4dd0-8598-5abddcc696b9:c6127]
2019-06-13 21:51:52,255 INFO  storage.RaftLogWorker (RaftLogWorker.java:rollLogSegment(303)) - 2573df58-4087-4dd0-8598-5abddcc696b9-RaftLogWorker: Rolling segment log-6060_6129 to index:6129
2019-06-13 21:51:52,255 INFO  storage.RaftLogWorker (RaftLogWorker.java:execute(433)) - 2573df58-4087-4dd0-8598-5abddcc696b9-RaftLogWorker: Rolled log segment from /opt/src/hadoop-ozone/integration-test/target/test-dir/MiniOzoneClusterImpl-8578056e-9b7b-4e66-9e9f-ef53d5cd7c03/datanode-0/data/ratis/7f5c2536-ed89-4233-9ec0-ce3c0447b19c/current/log_inprogress_6060 to /opt/src/hadoop-ozone/integration-test/target/test-dir/MiniOzoneClusterImpl-8578056e-9b7b-4e66-9e9f-ef53d5cd7c03/datanode-0/data/ratis/7f5c2536-ed89-4233-9ec0-ce3c0447b19c/current/log_6060-6129
2019-06-13 21:51:52,257 INFO  client.GrpcClientProtocolClient (GrpcClientProtocolClient.java:onNext(254)) - client-9C97446E6A25->2573df58-4087-4dd0-8598-5abddcc696b9: receive RaftClientReply:client-9C97446E6A25->2573df58-4087-4dd0-8598-5abddcc696b9@group-CE3C0447B19C, cid=3746, SUCCESS, logIndex=6129, commits[2573df58-4087-4dd0-8598-5abddcc696b9:c6129]
2019-06-13 21:51:52,292 INFO  storage.RaftLogWorker (RaftLogWorker.java:execute(469)) - 2573df58-4087-4dd0-8598-5abddcc696b9-RaftLogWorker: created new log segment /opt/src/hadoop-ozone/integration-test/target/test-dir/MiniOzoneClusterImpl-8578056e-9b7b-4e66-9e9f-ef53d5cd7c03/datanode-0/data/ratis/7f5c2536-ed89-4233-9ec0-ce3c0447b19c/current/log_inprogress_6130
2019-06-13 21:51:52,293 INFO  client.GrpcClientProtocolClient (GrpcClientProtocolClient.java:onNext(254)) - client-9C97446E6A25->2573df58-4087-4dd0-8598-5abddcc696b9: receive RaftClientReply:client-9C97446E6A25->2573df58-4087-4dd0-8598-5abddcc696b9@group-CE3C0447B19C, cid=3747, SUCCESS, logIndex=6130, commits[2573df58-4087-4dd0-8598-5abddcc696b9:c6132]
2019-06-13 21:51:52,294 INFO  client.GrpcClientProtocolClient (GrpcClientProtocolClient.java:onNext(254)) - client-9C97446E6A25->2573df58-4087-4dd0-8598-5abddcc696b9: receive RaftClientReply:client-9C97446E6A25->2573df58-4087-4dd0-8598-5abddcc696b9@group-CE3C0447B19C, cid=3748, SUCCESS, logIndex=6132, commits[2573df58-4087-4dd0-8598-5abddcc696b9:c6133]
2019-06-13 21:51:52,299 INFO  client.GrpcClientProtocolClient (GrpcClientProtocolClient.java:onNext(254)) - client-9C97446E6A25->2573df58-4087-4dd0-8598-5abddcc696b9: receive RaftClientReply:client-9C97446E6A25->2573df58-4087-4dd0-8598-5abddcc696b9@group-CE3C0447B19C, cid=3749, SUCCESS, logIndex=6134, commits[2573df58-4087-4dd0-8598-5abddcc696b9:c6134]
2019-06-13 21:51:52,300 INFO  client.GrpcClientProtocolClient (GrpcClientProtocolClient.java:onNext(254)) - client-9C97446E6A25->2573df58-4087-4dd0-8598-5abddcc696b9: receive RaftClientReply:client-9C97446E6A25->2573df58-4087-4dd0-8598-5abddcc696b9@group-CE3C0447B19C, cid=3750, SUCCESS, logIndex=6136, commits[2573df58-4087-4dd0-8598-5abddcc696b9:c6136]
2019-06-13 21:51:52,300 DEBUG block.SCMBlockDeletingService (SCMBlockDeletingService.java:call(138)) - Running DeletedBlockTransactionScanner
2019-06-13 21:51:52,301 DEBUG block.SCMBlockDeletingService (SCMBlockDeletingService.java:call(155)) - Scanned deleted blocks log and got 0 delTX to process.
2019-06-13 21:51:52,301 INFO  client.GrpcClientProtocolClient (GrpcClientProtocolClient.java:onNext(254)) - client-9C97446E6A25->2573df58-4087-4dd0-8598-5abddcc696b9: receive RaftClientReply:client-9C97446E6A25->2573df58-4087-4dd0-8598-5abddcc696b9@group-CE3C0447B19C, cid=3751, SUCCESS, logIndex=6137, commits[2573df58-4087-4dd0-8598-5abddcc696b9:c6139]
2019-06-13 21:51:52,301 INFO  client.GrpcClientProtocolClient (GrpcClientProtocolClient.java:onNext(254)) - client-9C97446E6A25->2573df58-4087-4dd0-8598-5abddcc696b9: receive RaftClientReply:client-9C97446E6A25->2573df58-4087-4dd0-8598-5abddcc696b9@group-CE3C0447B19C, cid=3752, SUCCESS, logIndex=6138, commits[2573df58-4087-4dd0-8598-5abddcc696b9:c6139]
2019-06-13 21:51:52,312 INFO  client.GrpcClientProtocolClient (GrpcClientProtocolClient.java:onNext(254)) - client-9C97446E6A25->2573df58-4087-4dd0-8598-5abddcc696b9: receive RaftClientReply:client-9C97446E6A25->2573df58-4087-4dd0-8598-5abddcc696b9@group-CE3C0447B19C, cid=3753, SUCCESS, logIndex=6140, commits[2573df58-4087-4dd0-8598-5abddcc696b9:c6140]
2019-06-13 21:51:52,313 INFO  client.GrpcClientProtocolClient (GrpcClientProtocolClient.java:onNext(254)) - client-9C97446E6A25->2573df58-4087-4dd0-8598-5abddcc696b9: receive RaftClientReply:client-9C97446E6A25->2573df58-4087-4dd0-8598-5abddcc696b9@group-CE3C0447B19C, cid=3754, SUCCESS, logIndex=6142, commits[2573df58-4087-4dd0-8598-5abddcc696b9:c6142]
2019-06-13 21:51:52,314 INFO  client.GrpcClientProtocolClient (GrpcClientProtocolClient.java:onNext(254)) - client-9C97446E6A25->2573df58-4087-4dd0-8598-5abddcc696b9: receive RaftClientReply:client-9C97446E6A25->2573df58-4087-4dd0-8598-5abddcc696b9@group-CE3C0447B19C, cid=3755, SUCCESS, logIndex=6143, commits[2573df58-4087-4dd0-8598-5abddcc696b9:c6145]
2019-06-13 21:51:52,314 INFO  client.GrpcClientProtocolClient (GrpcClientProtocolClient.java:onNext(254)) - client-9C97446E6A25->2573df58-4087-4dd0-8598-5abddcc696b9: receive RaftClientReply:client-9C97446E6A25->2573df58-4087-4dd0-8598-5abddcc696b9@group-CE3C0447B19C, cid=3756, SUCCESS, logIndex=6144, commits[2573df58-4087-4dd0-8598-5abddcc696b9:c6145]
2019-06-13 21:51:52,387 INFO  client.GrpcClientProtocolClient (GrpcClientProtocolClient.java:onNext(254)) - client-9C97446E6A25->2573df58-4087-4dd0-8598-5abddcc696b9: receive RaftClientReply:client-9C97446E6A25->2573df58-4087-4dd0-8598-5abddcc696b9@group-CE3C0447B19C, cid=3757, SUCCESS, logIndex=6146, commits[2573df58-4087-4dd0-8598-5abddcc696b9:c6146]
2019-06-13 21:51:52,389 INFO  client.GrpcClientProtocolClient (GrpcClientProtocolClient.java:onNext(254)) - client-9C97446E6A25->2573df58-4087-4dd0-8598-5abddcc696b9: receive RaftClientReply:client-9C97446E6A25->2573df58-4087-4dd0-8598-5abddcc696b9@group-CE3C0447B19C, cid=3758, SUCCESS, logIndex=6148, commits[2573df58-4087-4dd0-8598-5abddcc696b9:c6148]
2019-06-13 21:51:52,389 INFO  client.GrpcClientProtocolClient (GrpcClientProtocolClient.java:onNext(254)) - client-9C97446E6A25->2573df58-4087-4dd0-8598-5abddcc696b9: receive RaftClientReply:client-9C97446E6A25->2573df58-4087-4dd0-8598-5abddcc696b9@group-CE3C0447B19C, cid=3759, SUCCESS, logIndex=6149, commits[2573df58-4087-4dd0-8598-5abddcc696b9:c6151]
2019-06-13 21:51:52,390 INFO  client.GrpcClientProtocolClient (GrpcClientProtocolClient.java:onNext(254)) - client-9C97446E6A25->2573df58-4087-4dd0-8598-5abddcc696b9: receive RaftClientReply:client-9C97446E6A25->2573df58-4087-4dd0-8598-5abddcc696b9@group-CE3C0447B19C, cid=3760, SUCCESS, logIndex=6150, commits[2573df58-4087-4dd0-8598-5abddcc696b9:c6151]
2019-06-13 21:51:52,401 DEBUG block.SCMBlockDeletingService (SCMBlockDeletingService.java:call(138)) - Running DeletedBlockTransactionScanner
2019-06-13 21:51:52,401 DEBUG block.SCMBlockDeletingService (SCMBlockDeletingService.java:call(155)) - Scanned deleted blocks log and got 0 delTX to process.
2019-06-13 21:51:52,401 INFO  client.GrpcClientProtocolClient (GrpcClientProtocolClient.java:onNext(254)) - client-9C97446E6A25->2573df58-4087-4dd0-8598-5abddcc696b9: receive RaftClientReply:client-9C97446E6A25->2573df58-4087-4dd0-8598-5abddcc696b9@group-CE3C0447B19C, cid=3761, SUCCESS, logIndex=6152, commits[2573df58-4087-4dd0-8598-5abddcc696b9:c6152]
2019-06-13 21:51:52,404 INFO  client.GrpcClientProtocolClient (GrpcClientProtocolClient.java:onNext(254)) - client-9C97446E6A25->2573df58-4087-4dd0-8598-5abddcc696b9: receive RaftClientReply:client-9C97446E6A25->2573df58-4087-4dd0-8598-5abddcc696b9@group-CE3C0447B19C, cid=3762, SUCCESS, logIndex=6154, commits[2573df58-4087-4dd0-8598-5abddcc696b9:c6156]
2019-06-13 21:51:52,404 INFO  client.GrpcClientProtocolClient (GrpcClientProtocolClient.java:onNext(254)) - client-9C97446E6A25->2573df58-4087-4dd0-8598-5abddcc696b9: receive RaftClientReply:client-9C97446E6A25->2573df58-4087-4dd0-8598-5abddcc696b9@group-CE3C0447B19C, cid=3763, SUCCESS, logIndex=6155, commits[2573df58-4087-4dd0-8598-5abddcc696b9:c6156]
2019-06-13 21:51:52,404 INFO  client.GrpcClientProtocolClient (GrpcClientProtocolClient.java:onNext(254)) - client-9C97446E6A25->2573df58-4087-4dd0-8598-5abddcc696b9: receive RaftClientReply:client-9C97446E6A25->2573df58-4087-4dd0-8598-5abddcc696b9@group-CE3C0447B19C, cid=3764, SUCCESS, logIndex=6156, commits[2573df58-4087-4dd0-8598-5abddcc696b9:c6157]
2019-06-13 21:51:52,409 INFO  client.GrpcClientProtocolClient (GrpcClientProtocolClient.java:onNext(254)) - client-9C97446E6A25->2573df58-4087-4dd0-8598-5abddcc696b9: receive RaftClientReply:client-9C97446E6A25->2573df58-4087-4dd0-8598-5abddcc696b9@group-CE3C0447B19C, cid=3765, SUCCESS, logIndex=6158, commits[2573df58-4087-4dd0-8598-5abddcc696b9:c6158]
2019-06-13 21:51:52,410 INFO  client.GrpcClientProtocolClient (GrpcClientProtocolClient.java:onNext(254)) - client-9C97446E6A25->2573df58-4087-4dd0-8598-5abddcc696b9: receive RaftClientReply:client-9C97446E6A25->2573df58-4087-4dd0-8598-5abddcc696b9@group-CE3C0447B19C, cid=3766, SUCCESS, logIndex=6160, commits[2573df58-4087-4dd0-8598-5abddcc696b9:c6160]
2019-06-13 21:51:52,411 INFO  client.GrpcClientProtocolClient (GrpcClientProtocolClient.java:onNext(254)) - client-9C97446E6A25->2573df58-4087-4dd0-8598-5abddcc696b9: receive RaftClientReply:client-9C97446E6A25->2573df58-4087-4dd0-8598-5abddcc696b9@group-CE3C0447B19C, cid=3767, SUCCESS, logIndex=6161, commits[2573df58-4087-4dd0-8598-5abddcc696b9:c6163]
2019-06-13 21:51:52,412 INFO  client.GrpcClientProtocolClient (GrpcClientProtocolClient.java:onNext(254)) - client-9C97446E6A25->2573df58-4087-4dd0-8598-5abddcc696b9: receive RaftClientReply:client-9C97446E6A25->2573df58-4087-4dd0-8598-5abddcc696b9@group-CE3C0447B19C, cid=3768, SUCCESS, logIndex=6162, commits[2573df58-4087-4dd0-8598-5abddcc696b9:c6163]
2019-06-13 21:51:52,423 INFO  client.GrpcClientProtocolClient (GrpcClientProtocolClient.java:onNext(254)) - client-9C97446E6A25->2573df58-4087-4dd0-8598-5abddcc696b9: receive RaftClientReply:client-9C97446E6A25->2573df58-4087-4dd0-8598-5abddcc696b9@group-CE3C0447B19C, cid=3769, SUCCESS, logIndex=6164, commits[2573df58-4087-4dd0-8598-5abddcc696b9:c6164]
2019-06-13 21:51:52,424 INFO  client.GrpcClientProtocolClient (GrpcClientProtocolClient.java:onNext(254)) - client-9C97446E6A25->2573df58-4087-4dd0-8598-5abddcc696b9: receive RaftClientReply:client-9C97446E6A25->2573df58-4087-4dd0-8598-5abddcc696b9@group-CE3C0447B19C, cid=3770, SUCCESS, logIndex=6166, commits[2573df58-4087-4dd0-8598-5abddcc696b9:c6166]
2019-06-13 21:51:52,425 INFO  client.GrpcClientProtocolClient (GrpcClientProtocolClient.java:onNext(254)) - client-9C97446E6A25->2573df58-4087-4dd0-8598-5abddcc696b9: receive RaftClientReply:client-9C97446E6A25->2573df58-4087-4dd0-8598-5abddcc696b9@group-CE3C0447B19C, cid=3771, SUCCESS, logIndex=6167, commits[2573df58-4087-4dd0-8598-5abddcc696b9:c6169]
2019-06-13 21:51:52,426 INFO  client.GrpcClientProtocolClient (GrpcClientProtocolClient.java:onNext(254)) - client-9C97446E6A25->2573df58-4087-4dd0-8598-5abddcc696b9: receive RaftClientReply:client-9C97446E6A25->2573df58-4087-4dd0-8598-5abddcc696b9@group-CE3C0447B19C, cid=3772, SUCCESS, logIndex=6168, commits[2573df58-4087-4dd0-8598-5abddcc696b9:c6169]
2019-06-13 21:51:52,431 INFO  client.GrpcClientProtocolClient (GrpcClientProtocolClient.java:onNext(254)) - client-9C97446E6A25->2573df58-4087-4dd0-8598-5abddcc696b9: receive RaftClientReply:client-9C97446E6A25->2573df58-4087-4dd0-8598-5abddcc696b9@group-CE3C0447B19C, cid=3773, SUCCESS, logIndex=6170, commits[2573df58-4087-4dd0-8598-5abddcc696b9:c6170]
2019-06-13 21:51:52,433 INFO  client.GrpcClientProtocolClient (GrpcClientProtocolClient.java:onNext(254)) - client-9C97446E6A25->2573df58-4087-4dd0-8598-5abddcc696b9: receive RaftClientReply:client-9C97446E6A25->2573df58-4087-4dd0-8598-5abddcc696b9@group-CE3C0447B19C, cid=3774, SUCCESS, logIndex=6172, commits[2573df58-4087-4dd0-8598-5abddcc696b9:c6172]
2019-06-13 21:51:52,433 INFO  client.GrpcClientProtocolClient (GrpcClientProtocolClient.java:onNext(254)) - client-9C97446E6A25->2573df58-4087-4dd0-8598-5abddcc696b9: receive RaftClientReply:client-9C97446E6A25->2573df58-4087-4dd0-8598-5abddcc696b9@group-CE3C0447B19C, cid=3775, SUCCESS, logIndex=6173, commits[2573df58-4087-4dd0-8598-5abddcc696b9:c6173]
2019-06-13 21:51:52,434 INFO  client.GrpcClientProtocolClient (GrpcClientProtocolClient.java:onNext(254)) - client-9C97446E6A25->2573df58-4087-4dd0-8598-5abddcc696b9: receive RaftClientReply:client-9C97446E6A25->2573df58-4087-4dd0-8598-5abddcc696b9@group-CE3C0447B19C, cid=3776, SUCCESS, logIndex=6176, commits[2573df58-4087-4dd0-8598-5abddcc696b9:c6176]
2019-06-13 21:51:52,446 INFO  client.GrpcClientProtocolClient (GrpcClientProtocolClient.java:onNext(254)) - client-9C97446E6A25->2573df58-4087-4dd0-8598-5abddcc696b9: receive RaftClientReply:client-9C97446E6A25->2573df58-4087-4dd0-8598-5abddcc696b9@group-CE3C0447B19C, cid=3777, SUCCESS, logIndex=6178, commits[2573df58-4087-4dd0-8598-5abddcc696b9:c6178]
2019-06-13 21:51:52,448 INFO  client.GrpcClientProtocolClient (GrpcClientProtocolClient.java:onNext(254)) - client-9C97446E6A25->2573df58-4087-4dd0-8598-5abddcc696b9: receive RaftClientReply:client-9C97446E6A25->2573df58-4087-4dd0-8598-5abddcc696b9@group-CE3C0447B19C, cid=3778, SUCCESS, logIndex=6180, commits[2573df58-4087-4dd0-8598-5abddcc696b9:c6180]
2019-06-13 21:51:52,449 INFO  client.GrpcClientProtocolClient (GrpcClientProtocolClient.java:onNext(254)) - client-9C97446E6A25->2573df58-4087-4dd0-8598-5abddcc696b9: receive RaftClientReply:client-9C97446E6A25->2573df58-4087-4dd0-8598-5abddcc696b9@group-CE3C0447B19C, cid=3779, SUCCESS, logIndex=6181, commits[2573df58-4087-4dd0-8598-5abddcc696b9:c6182]
2019-06-13 21:51:52,449 INFO  client.GrpcClientProtocolClient (GrpcClientProtocolClient.java:onNext(254)) - client-9C97446E6A25->2573df58-4087-4dd0-8598-5abddcc696b9: receive RaftClientReply:client-9C97446E6A25->2573df58-4087-4dd0-8598-5abddcc696b9@group-CE3C0447B19C, cid=3780, SUCCESS, logIndex=6182, commits[2573df58-4087-4dd0-8598-5abddcc696b9:c6182]
2019-06-13 21:51:52,456 INFO  client.GrpcClientProtocolClient (GrpcClientProtocolClient.java:onNext(254)) - client-9C97446E6A25->2573df58-4087-4dd0-8598-5abddcc696b9: receive RaftClientReply:client-9C97446E6A25->2573df58-4087-4dd0-8598-5abddcc696b9@group-CE3C0447B19C, cid=3781, SUCCESS, logIndex=6185, commits[2573df58-4087-4dd0-8598-5abddcc696b9:c6185]
2019-06-13 21:51:52,457 INFO  client.GrpcClientProtocolClient (GrpcClientProtocolClient.java:onNext(254)) - client-9C97446E6A25->2573df58-4087-4dd0-8598-5abddcc696b9: receive RaftClientReply:client-9C97446E6A25->2573df58-4087-4dd0-8598-5abddcc696b9@group-CE3C0447B19C, cid=3782, SUCCESS, logIndex=6187, commits[2573df58-4087-4dd0-8598-5abddcc696b9:c6187]
2019-06-13 21:51:52,458 INFO  client.GrpcClientProtocolClient (GrpcClientProtocolClient.java:onNext(254)) - client-9C97446E6A25->2573df58-4087-4dd0-8598-5abddcc696b9: receive RaftClientReply:client-9C97446E6A25->2573df58-4087-4dd0-8598-5abddcc696b9@group-CE3C0447B19C, cid=3783, SUCCESS, logIndex=6188, commits[2573df58-4087-4dd0-8598-5abddcc696b9:c6190]
2019-06-13 21:51:52,458 INFO  client.GrpcClientProtocolClient (GrpcClientProtocolClient.java:onNext(254)) - client-9C97446E6A25->2573df58-4087-4dd0-8598-5abddcc696b9: receive RaftClientReply:client-9C97446E6A25->2573df58-4087-4dd0-8598-5abddcc696b9@group-CE3C0447B19C, cid=3784, SUCCESS, logIndex=6189, commits[2573df58-4087-4dd0-8598-5abddcc696b9:c6190]
2019-06-13 21:51:52,470 INFO  client.GrpcClientProtocolClient (GrpcClientProtocolClient.java:onNext(254)) - client-9C97446E6A25->2573df58-4087-4dd0-8598-5abddcc696b9: receive RaftClientReply:client-9C97446E6A25->2573df58-4087-4dd0-8598-5abddcc696b9@group-CE3C0447B19C, cid=3785, SUCCESS, logIndex=6191, commits[2573df58-4087-4dd0-8598-5abddcc696b9:c6191]
2019-06-13 21:51:52,472 INFO  client.GrpcClientProtocolClient (GrpcClientProtocolClient.java:onNext(254)) - client-9C97446E6A25->2573df58-4087-4dd0-8598-5abddcc696b9: receive RaftClientReply:client-9C97446E6A25->2573df58-4087-4dd0-8598-5abddcc696b9@group-CE3C0447B19C, cid=3786, SUCCESS, logIndex=6193, commits[2573df58-4087-4dd0-8598-5abddcc696b9:c6193]
2019-06-13 21:51:52,473 INFO  client.GrpcClientProtocolClient (GrpcClientProtocolClient.java:onNext(254)) - client-9C97446E6A25->2573df58-4087-4dd0-8598-5abddcc696b9: receive RaftClientReply:client-9C97446E6A25->2573df58-4087-4dd0-8598-5abddcc696b9@group-CE3C0447B19C, cid=3787, SUCCESS, logIndex=6194, commits[2573df58-4087-4dd0-8598-5abddcc696b9:c6195]
2019-06-13 21:51:52,473 INFO  client.GrpcClientProtocolClient (GrpcClientProtocolClient.java:onNext(254)) - client-9C97446E6A25->2573df58-4087-4dd0-8598-5abddcc696b9: receive RaftClientReply:client-9C97446E6A25->2573df58-4087-4dd0-8598-5abddcc696b9@group-CE3C0447B19C, cid=3788, SUCCESS, logIndex=6195, commits[2573df58-4087-4dd0-8598-5abddcc696b9:c6195]
2019-06-13 21:51:52,478 INFO  client.GrpcClientProtocolClient (GrpcClientProtocolClient.java:onNext(254)) - client-9C97446E6A25->2573df58-4087-4dd0-8598-5abddcc696b9: receive RaftClientReply:client-9C97446E6A25->2573df58-4087-4dd0-8598-5abddcc696b9@group-CE3C0447B19C, cid=3789, SUCCESS, logIndex=6198, commits[2573df58-4087-4dd0-8598-5abddcc696b9:c6198]
2019-06-13 21:51:52,478 INFO  storage.RaftLogWorker (RaftLogWorker.java:rollLogSegment(303)) - 2573df58-4087-4dd0-8598-5abddcc696b9-RaftLogWorker: Rolling segment log-6130_6199 to index:6199
2019-06-13 21:51:52,479 INFO  storage.RaftLogWorker (RaftLogWorker.java:execute(433)) - 2573df58-4087-4dd0-8598-5abddcc696b9-RaftLogWorker: Rolled log segment from /opt/src/hadoop-ozone/integration-test/target/test-dir/MiniOzoneClusterImpl-8578056e-9b7b-4e66-9e9f-ef53d5cd7c03/datanode-0/data/ratis/7f5c2536-ed89-4233-9ec0-ce3c0447b19c/current/log_inprogress_6130 to /opt/src/hadoop-ozone/integration-test/target/test-dir/MiniOzoneClusterImpl-8578056e-9b7b-4e66-9e9f-ef53d5cd7c03/datanode-0/data/ratis/7f5c2536-ed89-4233-9ec0-ce3c0447b19c/current/log_6130-6199
2019-06-13 21:51:52,501 DEBUG block.SCMBlockDeletingService (SCMBlockDeletingService.java:call(138)) - Running DeletedBlockTransactionScanner
2019-06-13 21:51:52,501 DEBUG block.SCMBlockDeletingService (SCMBlockDeletingService.java:call(155)) - Scanned deleted blocks log and got 0 delTX to process.
2019-06-13 21:51:52,515 INFO  storage.RaftLogWorker (RaftLogWorker.java:execute(469)) - 2573df58-4087-4dd0-8598-5abddcc696b9-RaftLogWorker: created new log segment /opt/src/hadoop-ozone/integration-test/target/test-dir/MiniOzoneClusterImpl-8578056e-9b7b-4e66-9e9f-ef53d5cd7c03/datanode-0/data/ratis/7f5c2536-ed89-4233-9ec0-ce3c0447b19c/current/log_inprogress_6200
2019-06-13 21:51:52,516 INFO  client.GrpcClientProtocolClient (GrpcClientProtocolClient.java:onNext(254)) - client-9C97446E6A25->2573df58-4087-4dd0-8598-5abddcc696b9: receive RaftClientReply:client-9C97446E6A25->2573df58-4087-4dd0-8598-5abddcc696b9@group-CE3C0447B19C, cid=3790, SUCCESS, logIndex=6200, commits[2573df58-4087-4dd0-8598-5abddcc696b9:c6202]
2019-06-13 21:51:52,517 INFO  client.GrpcClientProtocolClient (GrpcClientProtocolClient.java:onNext(254)) - client-9C97446E6A25->2573df58-4087-4dd0-8598-5abddcc696b9: receive RaftClientReply:client-9C97446E6A25->2573df58-4087-4dd0-8598-5abddcc696b9@group-CE3C0447B19C, cid=3791, SUCCESS, logIndex=6201, commits[2573df58-4087-4dd0-8598-5abddcc696b9:c6203]
2019-06-13 21:51:52,517 INFO  client.GrpcClientProtocolClient (GrpcClientProtocolClient.java:onNext(254)) - client-9C97446E6A25->2573df58-4087-4dd0-8598-5abddcc696b9: receive RaftClientReply:client-9C97446E6A25->2573df58-4087-4dd0-8598-5abddcc696b9@group-CE3C0447B19C, cid=3792, SUCCESS, logIndex=6202, commits[2573df58-4087-4dd0-8598-5abddcc696b9:c6203]
2019-06-13 21:51:52,530 INFO  client.GrpcClientProtocolClient (GrpcClientProtocolClient.java:onNext(254)) - client-9C97446E6A25->2573df58-4087-4dd0-8598-5abddcc696b9: receive RaftClientReply:client-9C97446E6A25->2573df58-4087-4dd0-8598-5abddcc696b9@group-CE3C0447B19C, cid=3793, SUCCESS, logIndex=6204, commits[2573df58-4087-4dd0-8598-5abddcc696b9:c6205]
2019-06-13 21:51:52,531 INFO  client.GrpcClientProtocolClient (GrpcClientProtocolClient.java:onNext(254)) - client-9C97446E6A25->2573df58-4087-4dd0-8598-5abddcc696b9: receive RaftClientReply:client-9C97446E6A25->2573df58-4087-4dd0-8598-5abddcc696b9@group-CE3C0447B19C, cid=3794, SUCCESS, logIndex=6206, commits[2573df58-4087-4dd0-8598-5abddcc696b9:c6206]
2019-06-13 21:51:52,532 INFO  client.GrpcClientProtocolClient (GrpcClientProtocolClient.java:onNext(254)) - client-9C97446E6A25->2573df58-4087-4dd0-8598-5abddcc696b9: receive RaftClientReply:client-9C97446E6A25->2573df58-4087-4dd0-8598-5abddcc696b9@group-CE3C0447B19C, cid=3795, SUCCESS, logIndex=6207, commits[2573df58-4087-4dd0-8598-5abddcc696b9:c6209]
2019-06-13 21:51:52,533 INFO  client.GrpcClientProtocolClient (GrpcClientProtocolClient.java:onNext(254)) - client-9C97446E6A25->2573df58-4087-4dd0-8598-5abddcc696b9: receive RaftClientReply:client-9C97446E6A25->2573df58-4087-4dd0-8598-5abddcc696b9@group-CE3C0447B19C, cid=3796, SUCCESS, logIndex=6208, commits[2573df58-4087-4dd0-8598-5abddcc696b9:c6209]
2019-06-13 21:51:52,538 INFO  client.GrpcClientProtocolClient (GrpcClientProtocolClient.java:onNext(254)) - client-9C97446E6A25->2573df58-4087-4dd0-8598-5abddcc696b9: receive RaftClientReply:client-9C97446E6A25->2573df58-4087-4dd0-8598-5abddcc696b9@group-CE3C0447B19C, cid=3797, SUCCESS, logIndex=6210, commits[2573df58-4087-4dd0-8598-5abddcc696b9:c6210]
2019-06-13 21:51:52,539 INFO  client.GrpcClientProtocolClient (GrpcClientProtocolClient.java:onNext(254)) - client-9C97446E6A25->2573df58-4087-4dd0-8598-5abddcc696b9: receive RaftClientReply:client-9C97446E6A25->2573df58-4087-4dd0-8598-5abddcc696b9@group-CE3C0447B19C, cid=3798, SUCCESS, logIndex=6212, commits[2573df58-4087-4dd0-8598-5abddcc696b9:c6212]
2019-06-13 21:51:52,541 INFO  client.GrpcClientProtocolClient (GrpcClientProtocolClient.java:onNext(254)) - client-9C97446E6A25->2573df58-4087-4dd0-8598-5abddcc696b9: receive RaftClientReply:client-9C97446E6A25->2573df58-4087-4dd0-8598-5abddcc696b9@group-CE3C0447B19C, cid=3799, SUCCESS, logIndex=6213, commits[2573df58-4087-4dd0-8598-5abddcc696b9:c6215]
2019-06-13 21:51:52,541 INFO  client.GrpcClientProtocolClient (GrpcClientProtocolClient.java:onNext(254)) - client-9C97446E6A25->2573df58-4087-4dd0-8598-5abddcc696b9: receive RaftClientReply:client-9C97446E6A25->2573df58-4087-4dd0-8598-5abddcc696b9@group-CE3C0447B19C, cid=3800, SUCCESS, logIndex=6214, commits[2573df58-4087-4dd0-8598-5abddcc696b9:c6215]
2019-06-13 21:51:52,602 DEBUG block.SCMBlockDeletingService (SCMBlockDeletingService.java:call(138)) - Running DeletedBlockTransactionScanner
2019-06-13 21:51:52,602 DEBUG block.SCMBlockDeletingService (SCMBlockDeletingService.java:call(155)) - Scanned deleted blocks log and got 0 delTX to process.
2019-06-13 21:51:52,859 DEBUG block.SCMBlockDeletingService (SCMBlockDeletingService.java:call(138)) - Running DeletedBlockTransactionScanner
2019-06-13 21:51:52,859 DEBUG block.SCMBlockDeletingService (SCMBlockDeletingService.java:call(155)) - Scanned deleted blocks log and got 0 delTX to process.
2019-06-13 21:51:52,878 INFO  client.GrpcClientProtocolClient (GrpcClientProtocolClient.java:onNext(254)) - client-9C97446E6A25->2573df58-4087-4dd0-8598-5abddcc696b9: receive RaftClientReply:client-9C97446E6A25->2573df58-4087-4dd0-8598-5abddcc696b9@group-CE3C0447B19C, cid=3801, SUCCESS, logIndex=6216, commits[2573df58-4087-4dd0-8598-5abddcc696b9:c6216]
2019-06-13 21:51:52,883 INFO  client.GrpcClientProtocolClient (GrpcClientProtocolClient.java:onNext(254)) - client-9C97446E6A25->2573df58-4087-4dd0-8598-5abddcc696b9: receive RaftClientReply:client-9C97446E6A25->2573df58-4087-4dd0-8598-5abddcc696b9@group-CE3C0447B19C, cid=3802, SUCCESS, logIndex=6218, commits[2573df58-4087-4dd0-8598-5abddcc696b9:c6218]
2019-06-13 21:51:52,884 INFO  client.GrpcClientProtocolClient (GrpcClientProtocolClient.java:onNext(254)) - client-9C97446E6A25->2573df58-4087-4dd0-8598-5abddcc696b9: receive RaftClientReply:client-9C97446E6A25->2573df58-4087-4dd0-8598-5abddcc696b9@group-CE3C0447B19C, cid=3803, SUCCESS, logIndex=6219, commits[2573df58-4087-4dd0-8598-5abddcc696b9:c6221]
2019-06-13 21:51:52,884 INFO  client.GrpcClientProtocolClient (GrpcClientProtocolClient.java:onNext(254)) - client-9C97446E6A25->2573df58-4087-4dd0-8598-5abddcc696b9: receive RaftClientReply:client-9C97446E6A25->2573df58-4087-4dd0-8598-5abddcc696b9@group-CE3C0447B19C, cid=3804, SUCCESS, logIndex=6220, commits[2573df58-4087-4dd0-8598-5abddcc696b9:c6221]
2019-06-13 21:51:52,891 INFO  client.GrpcClientProtocolClient (GrpcClientProtocolClient.java:onNext(254)) - client-9C97446E6A25->2573df58-4087-4dd0-8598-5abddcc696b9: receive RaftClientReply:client-9C97446E6A25->2573df58-4087-4dd0-8598-5abddcc696b9@group-CE3C0447B19C, cid=3805, SUCCESS, logIndex=6222, commits[2573df58-4087-4dd0-8598-5abddcc696b9:c6222]
2019-06-13 21:51:52,893 INFO  client.GrpcClientProtocolClient (GrpcClientProtocolClient.java:onNext(254)) - client-9C97446E6A25->2573df58-4087-4dd0-8598-5abddcc696b9: receive RaftClientReply:client-9C97446E6A25->2573df58-4087-4dd0-8598-5abddcc696b9@group-CE3C0447B19C, cid=3806, SUCCESS, logIndex=6224, commits[2573df58-4087-4dd0-8598-5abddcc696b9:c6224]
2019-06-13 21:51:52,894 INFO  client.GrpcClientProtocolClient (GrpcClientProtocolClient.java:onNext(254)) - client-9C97446E6A25->2573df58-4087-4dd0-8598-5abddcc696b9: receive RaftClientReply:client-9C97446E6A25->2573df58-4087-4dd0-8598-5abddcc696b9@group-CE3C0447B19C, cid=3807, SUCCESS, logIndex=6225, commits[2573df58-4087-4dd0-8598-5abddcc696b9:c6227]
2019-06-13 21:51:52,894 INFO  client.GrpcClientProtocolClient (GrpcClientProtocolClient.java:onNext(254)) - client-9C97446E6A25->2573df58-4087-4dd0-8598-5abddcc696b9: receive RaftClientReply:client-9C97446E6A25->2573df58-4087-4dd0-8598-5abddcc696b9@group-CE3C0447B19C, cid=3808, SUCCESS, logIndex=6226, commits[2573df58-4087-4dd0-8598-5abddcc696b9:c6227]
2019-06-13 21:51:52,906 INFO  client.GrpcClientProtocolClient (GrpcClientProtocolClient.java:onNext(254)) - client-9C97446E6A25->2573df58-4087-4dd0-8598-5abddcc696b9: receive RaftClientReply:client-9C97446E6A25->2573df58-4087-4dd0-8598-5abddcc696b9@group-CE3C0447B19C, cid=3809, SUCCESS, logIndex=6228, commits[2573df58-4087-4dd0-8598-5abddcc696b9:c6228]
2019-06-13 21:51:52,907 INFO  client.GrpcClientProtocolClient (GrpcClientProtocolClient.java:onNext(254)) - client-9C97446E6A25->2573df58-4087-4dd0-8598-5abddcc696b9: receive RaftClientReply:client-9C97446E6A25->2573df58-4087-4dd0-8598-5abddcc696b9@group-CE3C0447B19C, cid=3810, SUCCESS, logIndex=6230, commits[2573df58-4087-4dd0-8598-5abddcc696b9:c6230]
2019-06-13 21:51:52,910 INFO  client.GrpcClientProtocolClient (GrpcClientProtocolClient.java:onNext(254)) - client-9C97446E6A25->2573df58-4087-4dd0-8598-5abddcc696b9: receive RaftClientReply:client-9C97446E6A25->2573df58-4087-4dd0-8598-5abddcc696b9@group-CE3C0447B19C, cid=3811, SUCCESS, logIndex=6232, commits[2573df58-4087-4dd0-8598-5abddcc696b9:c6233]
2019-06-13 21:51:52,911 INFO  client.GrpcClientProtocolClient (GrpcClientProtocolClient.java:onNext(254)) - client-9C97446E6A25->2573df58-4087-4dd0-8598-5abddcc696b9: receive RaftClientReply:client-9C97446E6A25->2573df58-4087-4dd0-8598-5abddcc696b9@group-CE3C0447B19C, cid=3812, SUCCESS, logIndex=6233, commits[2573df58-4087-4dd0-8598-5abddcc696b9:c6233]
2019-06-13 21:51:52,917 INFO  client.GrpcClientProtocolClient (GrpcClientProtocolClient.java:onNext(254)) - client-9C97446E6A25->2573df58-4087-4dd0-8598-5abddcc696b9: receive RaftClientReply:client-9C97446E6A25->2573df58-4087-4dd0-8598-5abddcc696b9@group-CE3C0447B19C, cid=3813, SUCCESS, logIndex=6235, commits[2573df58-4087-4dd0-8598-5abddcc696b9:c6235]
2019-06-13 21:51:52,918 INFO  client.GrpcClientProtocolClient (GrpcClientProtocolClient.java:onNext(254)) - client-9C97446E6A25->2573df58-4087-4dd0-8598-5abddcc696b9: receive RaftClientReply:client-9C97446E6A25->2573df58-4087-4dd0-8598-5abddcc696b9@group-CE3C0447B19C, cid=3814, SUCCESS, logIndex=6237, commits[2573df58-4087-4dd0-8598-5abddcc696b9:c6237]
2019-06-13 21:51:52,919 INFO  client.GrpcClientProtocolClient (GrpcClientProtocolClient.java:onNext(254)) - client-9C97446E6A25->2573df58-4087-4dd0-8598-5abddcc696b9: receive RaftClientReply:client-9C97446E6A25->2573df58-4087-4dd0-8598-5abddcc696b9@group-CE3C0447B19C, cid=3815, SUCCESS, logIndex=6238, commits[2573df58-4087-4dd0-8598-5abddcc696b9:c6240]
2019-06-13 21:51:52,920 INFO  client.GrpcClientProtocolClient (GrpcClientProtocolClient.java:onNext(254)) - client-9C97446E6A25->2573df58-4087-4dd0-8598-5abddcc696b9: receive RaftClientReply:client-9C97446E6A25->2573df58-4087-4dd0-8598-5abddcc696b9@group-CE3C0447B19C, cid=3816, SUCCESS, logIndex=6239, commits[2573df58-4087-4dd0-8598-5abddcc696b9:c6240]
2019-06-13 21:51:52,931 INFO  client.GrpcClientProtocolClient (GrpcClientProtocolClient.java:onNext(254)) - client-9C97446E6A25->2573df58-4087-4dd0-8598-5abddcc696b9: receive RaftClientReply:client-9C97446E6A25->2573df58-4087-4dd0-8598-5abddcc696b9@group-CE3C0447B19C, cid=3817, SUCCESS, logIndex=6241, commits[2573df58-4087-4dd0-8598-5abddcc696b9:c6241]
2019-06-13 21:51:52,933 INFO  client.GrpcClientProtocolClient (GrpcClientProtocolClient.java:onNext(254)) - client-9C97446E6A25->2573df58-4087-4dd0-8598-5abddcc696b9: receive RaftClientReply:client-9C97446E6A25->2573df58-4087-4dd0-8598-5abddcc696b9@group-CE3C0447B19C, cid=3818, SUCCESS, logIndex=6243, commits[2573df58-4087-4dd0-8598-5abddcc696b9:c6243]
2019-06-13 21:51:52,934 INFO  client.GrpcClientProtocolClient (GrpcClientProtocolClient.java:onNext(254)) - client-9C97446E6A25->2573df58-4087-4dd0-8598-5abddcc696b9: receive RaftClientReply:client-9C97446E6A25->2573df58-4087-4dd0-8598-5abddcc696b9@group-CE3C0447B19C, cid=3819, SUCCESS, logIndex=6244, commits[2573df58-4087-4dd0-8598-5abddcc696b9:c6245]
2019-06-13 21:51:52,934 INFO  client.GrpcClientProtocolClient (GrpcClientProtocolClient.java:onNext(254)) - client-9C97446E6A25->2573df58-4087-4dd0-8598-5abddcc696b9: receive RaftClientReply:client-9C97446E6A25->2573df58-4087-4dd0-8598-5abddcc696b9@group-CE3C0447B19C, cid=3820, SUCCESS, logIndex=6245, commits[2573df58-4087-4dd0-8598-5abddcc696b9:c6245]
2019-06-13 21:51:52,940 INFO  client.GrpcClientProtocolClient (GrpcClientProtocolClient.java:onNext(254)) - client-9C97446E6A25->2573df58-4087-4dd0-8598-5abddcc696b9: receive RaftClientReply:client-9C97446E6A25->2573df58-4087-4dd0-8598-5abddcc696b9@group-CE3C0447B19C, cid=3821, SUCCESS, logIndex=6248, commits[2573df58-4087-4dd0-8598-5abddcc696b9:c6248]
2019-06-13 21:51:52,941 INFO  client.GrpcClientProtocolClient (GrpcClientProtocolClient.java:onNext(254)) - client-9C97446E6A25->2573df58-4087-4dd0-8598-5abddcc696b9: receive RaftClientReply:client-9C97446E6A25->2573df58-4087-4dd0-8598-5abddcc696b9@group-CE3C0447B19C, cid=3822, SUCCESS, logIndex=6250, commits[2573df58-4087-4dd0-8598-5abddcc696b9:c6250]
2019-06-13 21:51:52,942 INFO  client.GrpcClientProtocolClient (GrpcClientProtocolClient.java:onNext(254)) - client-9C97446E6A25->2573df58-4087-4dd0-8598-5abddcc696b9: receive RaftClientReply:client-9C97446E6A25->2573df58-4087-4dd0-8598-5abddcc696b9@group-CE3C0447B19C, cid=3823, SUCCESS, logIndex=6251, commits[2573df58-4087-4dd0-8598-5abddcc696b9:c6253]
2019-06-13 21:51:52,942 INFO  client.GrpcClientProtocolClient (GrpcClientProtocolClient.java:onNext(254)) - client-9C97446E6A25->2573df58-4087-4dd0-8598-5abddcc696b9: receive RaftClientReply:client-9C97446E6A25->2573df58-4087-4dd0-8598-5abddcc696b9@group-CE3C0447B19C, cid=3824, SUCCESS, logIndex=6252, commits[2573df58-4087-4dd0-8598-5abddcc696b9:c6253]
2019-06-13 21:51:52,953 INFO  client.GrpcClientProtocolClient (GrpcClientProtocolClient.java:onNext(254)) - client-9C97446E6A25->2573df58-4087-4dd0-8598-5abddcc696b9: receive RaftClientReply:client-9C97446E6A25->2573df58-4087-4dd0-8598-5abddcc696b9@group-CE3C0447B19C, cid=3825, SUCCESS, logIndex=6254, commits[2573df58-4087-4dd0-8598-5abddcc696b9:c6254]
2019-06-13 21:51:52,955 INFO  client.GrpcClientProtocolClient (GrpcClientProtocolClient.java:onNext(254)) - client-9C97446E6A25->2573df58-4087-4dd0-8598-5abddcc696b9: receive RaftClientReply:client-9C97446E6A25->2573df58-4087-4dd0-8598-5abddcc696b9@group-CE3C0447B19C, cid=3826, SUCCESS, logIndex=6256, commits[2573df58-4087-4dd0-8598-5abddcc696b9:c6256]
2019-06-13 21:51:52,955 INFO  client.GrpcClientProtocolClient (GrpcClientProtocolClient.java:onNext(254)) - client-9C97446E6A25->2573df58-4087-4dd0-8598-5abddcc696b9: receive RaftClientReply:client-9C97446E6A25->2573df58-4087-4dd0-8598-5abddcc696b9@group-CE3C0447B19C, cid=3827, SUCCESS, logIndex=6257, commits[2573df58-4087-4dd0-8598-5abddcc696b9:c6257]
2019-06-13 21:51:52,956 INFO  client.GrpcClientProtocolClient (GrpcClientProtocolClient.java:onNext(254)) - client-9C97446E6A25->2573df58-4087-4dd0-8598-5abddcc696b9: receive RaftClientReply:client-9C97446E6A25->2573df58-4087-4dd0-8598-5abddcc696b9@group-CE3C0447B19C, cid=3828, SUCCESS, logIndex=6259, commits[2573df58-4087-4dd0-8598-5abddcc696b9:c6259]
2019-06-13 21:51:52,960 DEBUG block.SCMBlockDeletingService (SCMBlockDeletingService.java:call(138)) - Running DeletedBlockTransactionScanner
2019-06-13 21:51:52,960 DEBUG block.SCMBlockDeletingService (SCMBlockDeletingService.java:call(155)) - Scanned deleted blocks log and got 0 delTX to process.
2019-06-13 21:51:52,961 INFO  client.GrpcClientProtocolClient (GrpcClientProtocolClient.java:onNext(254)) - client-9C97446E6A25->2573df58-4087-4dd0-8598-5abddcc696b9: receive RaftClientReply:client-9C97446E6A25->2573df58-4087-4dd0-8598-5abddcc696b9@group-CE3C0447B19C, cid=3829, SUCCESS, logIndex=6262, commits[2573df58-4087-4dd0-8598-5abddcc696b9:c6262]
2019-06-13 21:51:52,963 INFO  client.GrpcClientProtocolClient (GrpcClientProtocolClient.java:onNext(254)) - client-9C97446E6A25->2573df58-4087-4dd0-8598-5abddcc696b9: receive RaftClientReply:client-9C97446E6A25->2573df58-4087-4dd0-8598-5abddcc696b9@group-CE3C0447B19C, cid=3830, SUCCESS, logIndex=6264, commits[2573df58-4087-4dd0-8598-5abddcc696b9:c6265]
2019-06-13 21:51:52,963 INFO  client.GrpcClientProtocolClient (GrpcClientProtocolClient.java:onNext(254)) - client-9C97446E6A25->2573df58-4087-4dd0-8598-5abddcc696b9: receive RaftClientReply:client-9C97446E6A25->2573df58-4087-4dd0-8598-5abddcc696b9@group-CE3C0447B19C, cid=3831, SUCCESS, logIndex=6265, commits[2573df58-4087-4dd0-8598-5abddcc696b9:c6265]
2019-06-13 21:51:52,964 INFO  client.GrpcClientProtocolClient (GrpcClientProtocolClient.java:onNext(254)) - client-9C97446E6A25->2573df58-4087-4dd0-8598-5abddcc696b9: receive RaftClientReply:client-9C97446E6A25->2573df58-4087-4dd0-8598-5abddcc696b9@group-CE3C0447B19C, cid=3832, SUCCESS, logIndex=6267, commits[2573df58-4087-4dd0-8598-5abddcc696b9:c6267]
2019-06-13 21:51:52,973 INFO  storage.RaftLogWorker (RaftLogWorker.java:rollLogSegment(303)) - 2573df58-4087-4dd0-8598-5abddcc696b9-RaftLogWorker: Rolling segment log-6200_6268 to index:6268
2019-06-13 21:51:52,974 INFO  storage.RaftLogWorker (RaftLogWorker.java:execute(433)) - 2573df58-4087-4dd0-8598-5abddcc696b9-RaftLogWorker: Rolled log segment from /opt/src/hadoop-ozone/integration-test/target/test-dir/MiniOzoneClusterImpl-8578056e-9b7b-4e66-9e9f-ef53d5cd7c03/datanode-0/data/ratis/7f5c2536-ed89-4233-9ec0-ce3c0447b19c/current/log_inprogress_6200 to /opt/src/hadoop-ozone/integration-test/target/test-dir/MiniOzoneClusterImpl-8578056e-9b7b-4e66-9e9f-ef53d5cd7c03/datanode-0/data/ratis/7f5c2536-ed89-4233-9ec0-ce3c0447b19c/current/log_6200-6268
2019-06-13 21:51:53,018 INFO  storage.RaftLogWorker (RaftLogWorker.java:execute(469)) - 2573df58-4087-4dd0-8598-5abddcc696b9-RaftLogWorker: created new log segment /opt/src/hadoop-ozone/integration-test/target/test-dir/MiniOzoneClusterImpl-8578056e-9b7b-4e66-9e9f-ef53d5cd7c03/datanode-0/data/ratis/7f5c2536-ed89-4233-9ec0-ce3c0447b19c/current/log_inprogress_6269
2019-06-13 21:51:53,019 INFO  client.GrpcClientProtocolClient (GrpcClientProtocolClient.java:onNext(254)) - client-9C97446E6A25->2573df58-4087-4dd0-8598-5abddcc696b9: receive RaftClientReply:client-9C97446E6A25->2573df58-4087-4dd0-8598-5abddcc696b9@group-CE3C0447B19C, cid=3833, SUCCESS, logIndex=6269, commits[2573df58-4087-4dd0-8598-5abddcc696b9:c6269]
2019-06-13 21:51:53,021 INFO  client.GrpcClientProtocolClient (GrpcClientProtocolClient.java:onNext(254)) - client-9C97446E6A25->2573df58-4087-4dd0-8598-5abddcc696b9: receive RaftClientReply:client-9C97446E6A25->2573df58-4087-4dd0-8598-5abddcc696b9@group-CE3C0447B19C, cid=3834, SUCCESS, logIndex=6271, commits[2573df58-4087-4dd0-8598-5abddcc696b9:c6271]
2019-06-13 21:51:53,021 INFO  client.GrpcClientProtocolClient (GrpcClientProtocolClient.java:onNext(254)) - client-9C97446E6A25->2573df58-4087-4dd0-8598-5abddcc696b9: receive RaftClientReply:client-9C97446E6A25->2573df58-4087-4dd0-8598-5abddcc696b9@group-CE3C0447B19C, cid=3835, SUCCESS, logIndex=6272, commits[2573df58-4087-4dd0-8598-5abddcc696b9:c6272]
2019-06-13 21:51:53,022 INFO  client.GrpcClientProtocolClient (GrpcClientProtocolClient.java:onNext(254)) - client-9C97446E6A25->2573df58-4087-4dd0-8598-5abddcc696b9: receive RaftClientReply:client-9C97446E6A25->2573df58-4087-4dd0-8598-5abddcc696b9@group-CE3C0447B19C, cid=3836, SUCCESS, logIndex=6274, commits[2573df58-4087-4dd0-8598-5abddcc696b9:c6274]
2019-06-13 21:51:53,027 INFO  client.GrpcClientProtocolClient (GrpcClientProtocolClient.java:onNext(254)) - client-9C97446E6A25->2573df58-4087-4dd0-8598-5abddcc696b9: receive RaftClientReply:client-9C97446E6A25->2573df58-4087-4dd0-8598-5abddcc696b9@group-CE3C0447B19C, cid=3837, SUCCESS, logIndex=6277, commits[2573df58-4087-4dd0-8598-5abddcc696b9:c6277]
2019-06-13 21:51:53,028 INFO  client.GrpcClientProtocolClient (GrpcClientProtocolClient.java:onNext(254)) - client-9C97446E6A25->2573df58-4087-4dd0-8598-5abddcc696b9: receive RaftClientReply:client-9C97446E6A25->2573df58-4087-4dd0-8598-5abddcc696b9@group-CE3C0447B19C, cid=3838, SUCCESS, logIndex=6279, commits[2573df58-4087-4dd0-8598-5abddcc696b9:c6279]
2019-06-13 21:51:53,029 INFO  client.GrpcClientProtocolClient (GrpcClientProtocolClient.java:onNext(254)) - client-9C97446E6A25->2573df58-4087-4dd0-8598-5abddcc696b9: receive RaftClientReply:client-9C97446E6A25->2573df58-4087-4dd0-8598-5abddcc696b9@group-CE3C0447B19C, cid=3839, SUCCESS, logIndex=6280, commits[2573df58-4087-4dd0-8598-5abddcc696b9:c6282]
2019-06-13 21:51:53,030 INFO  client.GrpcClientProtocolClient (GrpcClientProtocolClient.java:onNext(254)) - client-9C97446E6A25->2573df58-4087-4dd0-8598-5abddcc696b9: receive RaftClientReply:client-9C97446E6A25->2573df58-4087-4dd0-8598-5abddcc696b9@group-CE3C0447B19C, cid=3840, SUCCESS, logIndex=6281, commits[2573df58-4087-4dd0-8598-5abddcc696b9:c6282]
2019-06-13 21:51:53,042 INFO  client.GrpcClientProtocolClient (GrpcClientProtocolClient.java:onNext(254)) - client-9C97446E6A25->2573df58-4087-4dd0-8598-5abddcc696b9: receive RaftClientReply:client-9C97446E6A25->2573df58-4087-4dd0-8598-5abddcc696b9@group-CE3C0447B19C, cid=3841, SUCCESS, logIndex=6283, commits[2573df58-4087-4dd0-8598-5abddcc696b9:c6283]
2019-06-13 21:51:53,043 INFO  client.GrpcClientProtocolClient (GrpcClientProtocolClient.java:onNext(254)) - client-9C97446E6A25->2573df58-4087-4dd0-8598-5abddcc696b9: receive RaftClientReply:client-9C97446E6A25->2573df58-4087-4dd0-8598-5abddcc696b9@group-CE3C0447B19C, cid=3842, SUCCESS, logIndex=6285, commits[2573df58-4087-4dd0-8598-5abddcc696b9:c6285]
2019-06-13 21:51:53,045 INFO  client.GrpcClientProtocolClient (GrpcClientProtocolClient.java:onNext(254)) - client-9C97446E6A25->2573df58-4087-4dd0-8598-5abddcc696b9: receive RaftClientReply:client-9C97446E6A25->2573df58-4087-4dd0-8598-5abddcc696b9@group-CE3C0447B19C, cid=3843, SUCCESS, logIndex=6286, commits[2573df58-4087-4dd0-8598-5abddcc696b9:c6288]
2019-06-13 21:51:53,045 INFO  client.GrpcClientProtocolClient (GrpcClientProtocolClient.java:onNext(254)) - client-9C97446E6A25->2573df58-4087-4dd0-8598-5abddcc696b9: receive RaftClientReply:client-9C97446E6A25->2573df58-4087-4dd0-8598-5abddcc696b9@group-CE3C0447B19C, cid=3844, SUCCESS, logIndex=6287, commits[2573df58-4087-4dd0-8598-5abddcc696b9:c6288]
2019-06-13 21:51:53,060 DEBUG block.SCMBlockDeletingService (SCMBlockDeletingService.java:call(138)) - Running DeletedBlockTransactionScanner
2019-06-13 21:51:53,060 DEBUG block.SCMBlockDeletingService (SCMBlockDeletingService.java:call(155)) - Scanned deleted blocks log and got 0 delTX to process.
2019-06-13 21:51:53,140 INFO  client.GrpcClientProtocolClient (GrpcClientProtocolClient.java:onNext(254)) - client-9C97446E6A25->2573df58-4087-4dd0-8598-5abddcc696b9: receive RaftClientReply:client-9C97446E6A25->2573df58-4087-4dd0-8598-5abddcc696b9@group-CE3C0447B19C, cid=3845, SUCCESS, logIndex=6289, commits[2573df58-4087-4dd0-8598-5abddcc696b9:c6289]
2019-06-13 21:51:53,141 INFO  client.GrpcClientProtocolClient (GrpcClientProtocolClient.java:onNext(254)) - client-9C97446E6A25->2573df58-4087-4dd0-8598-5abddcc696b9: receive RaftClientReply:client-9C97446E6A25->2573df58-4087-4dd0-8598-5abddcc696b9@group-CE3C0447B19C, cid=3846, SUCCESS, logIndex=6291, commits[2573df58-4087-4dd0-8598-5abddcc696b9:c6291]
2019-06-13 21:51:53,142 INFO  client.GrpcClientProtocolClient (GrpcClientProtocolClient.java:onNext(254)) - client-9C97446E6A25->2573df58-4087-4dd0-8598-5abddcc696b9: receive RaftClientReply:client-9C97446E6A25->2573df58-4087-4dd0-8598-5abddcc696b9@group-CE3C0447B19C, cid=3847, SUCCESS, logIndex=6292, commits[2573df58-4087-4dd0-8598-5abddcc696b9:c6294]
2019-06-13 21:51:53,142 INFO  client.GrpcClientProtocolClient (GrpcClientProtocolClient.java:onNext(254)) - client-9C97446E6A25->2573df58-4087-4dd0-8598-5abddcc696b9: receive RaftClientReply:client-9C97446E6A25->2573df58-4087-4dd0-8598-5abddcc696b9@group-CE3C0447B19C, cid=3848, SUCCESS, logIndex=6293, commits[2573df58-4087-4dd0-8598-5abddcc696b9:c6294]
2019-06-13 21:51:53,152 INFO  client.GrpcClientProtocolClient (GrpcClientProtocolClient.java:onNext(254)) - client-9C97446E6A25->2573df58-4087-4dd0-8598-5abddcc696b9: receive RaftClientReply:client-9C97446E6A25->2573df58-4087-4dd0-8598-5abddcc696b9@group-CE3C0447B19C, cid=3849, SUCCESS, logIndex=6295, commits[2573df58-4087-4dd0-8598-5abddcc696b9:c6295]
2019-06-13 21:51:53,153 INFO  client.GrpcClientProtocolClient (GrpcClientProtocolClient.java:onNext(254)) - client-9C97446E6A25->2573df58-4087-4dd0-8598-5abddcc696b9: receive RaftClientReply:client-9C97446E6A25->2573df58-4087-4dd0-8598-5abddcc696b9@group-CE3C0447B19C, cid=3850, SUCCESS, logIndex=6297, commits[2573df58-4087-4dd0-8598-5abddcc696b9:c6297]
2019-06-13 21:51:53,154 INFO  client.GrpcClientProtocolClient (GrpcClientProtocolClient.java:onNext(254)) - client-9C97446E6A25->2573df58-4087-4dd0-8598-5abddcc696b9: receive RaftClientReply:client-9C97446E6A25->2573df58-4087-4dd0-8598-5abddcc696b9@group-CE3C0447B19C, cid=3851, SUCCESS, logIndex=6298, commits[2573df58-4087-4dd0-8598-5abddcc696b9:c6300]
2019-06-13 21:51:53,155 INFO  client.GrpcClientProtocolClient (GrpcClientProtocolClient.java:onNext(254)) - client-9C97446E6A25->2573df58-4087-4dd0-8598-5abddcc696b9: receive RaftClientReply:client-9C97446E6A25->2573df58-4087-4dd0-8598-5abddcc696b9@group-CE3C0447B19C, cid=3852, SUCCESS, logIndex=6299, commits[2573df58-4087-4dd0-8598-5abddcc696b9:c6300]
2019-06-13 21:51:53,159 INFO  client.GrpcClientProtocolClient (GrpcClientProtocolClient.java:onNext(254)) - client-9C97446E6A25->2573df58-4087-4dd0-8598-5abddcc696b9: receive RaftClientReply:client-9C97446E6A25->2573df58-4087-4dd0-8598-5abddcc696b9@group-CE3C0447B19C, cid=3853, SUCCESS, logIndex=6301, commits[2573df58-4087-4dd0-8598-5abddcc696b9:c6301]
2019-06-13 21:51:53,160 INFO  client.GrpcClientProtocolClient (GrpcClientProtocolClient.java:onNext(254)) - client-9C97446E6A25->2573df58-4087-4dd0-8598-5abddcc696b9: receive RaftClientReply:client-9C97446E6A25->2573df58-4087-4dd0-8598-5abddcc696b9@group-CE3C0447B19C, cid=3854, SUCCESS, logIndex=6303, commits[2573df58-4087-4dd0-8598-5abddcc696b9:c6303]
2019-06-13 21:51:53,161 DEBUG block.SCMBlockDeletingService (SCMBlockDeletingService.java:call(138)) - Running DeletedBlockTransactionScanner
2019-06-13 21:51:53,161 DEBUG block.SCMBlockDeletingService (SCMBlockDeletingService.java:call(155)) - Scanned deleted blocks log and got 0 delTX to process.
2019-06-13 21:51:53,162 INFO  client.GrpcClientProtocolClient (GrpcClientProtocolClient.java:onNext(254)) - client-9C97446E6A25->2573df58-4087-4dd0-8598-5abddcc696b9: receive RaftClientReply:client-9C97446E6A25->2573df58-4087-4dd0-8598-5abddcc696b9@group-CE3C0447B19C, cid=3855, SUCCESS, logIndex=6305, commits[2573df58-4087-4dd0-8598-5abddcc696b9:c6306]
2019-06-13 21:51:53,163 INFO  client.GrpcClientProtocolClient (GrpcClientProtocolClient.java:onNext(254)) - client-9C97446E6A25->2573df58-4087-4dd0-8598-5abddcc696b9: receive RaftClientReply:client-9C97446E6A25->2573df58-4087-4dd0-8598-5abddcc696b9@group-CE3C0447B19C, cid=3856, SUCCESS, logIndex=6306, commits[2573df58-4087-4dd0-8598-5abddcc696b9:c6306]
2019-06-13 21:51:53,172 INFO  client.GrpcClientProtocolClient (GrpcClientProtocolClient.java:onNext(254)) - client-9C97446E6A25->2573df58-4087-4dd0-8598-5abddcc696b9: receive RaftClientReply:client-9C97446E6A25->2573df58-4087-4dd0-8598-5abddcc696b9@group-CE3C0447B19C, cid=3857, SUCCESS, logIndex=6308, commits[2573df58-4087-4dd0-8598-5abddcc696b9:c6308]
2019-06-13 21:51:53,174 INFO  client.GrpcClientProtocolClient (GrpcClientProtocolClient.java:onNext(254)) - client-9C97446E6A25->2573df58-4087-4dd0-8598-5abddcc696b9: receive RaftClientReply:client-9C97446E6A25->2573df58-4087-4dd0-8598-5abddcc696b9@group-CE3C0447B19C, cid=3858, SUCCESS, logIndex=6310, commits[2573df58-4087-4dd0-8598-5abddcc696b9:c6310]
2019-06-13 21:51:53,174 INFO  client.GrpcClientProtocolClient (GrpcClientProtocolClient.java:onNext(254)) - client-9C97446E6A25->2573df58-4087-4dd0-8598-5abddcc696b9: receive RaftClientReply:client-9C97446E6A25->2573df58-4087-4dd0-8598-5abddcc696b9@group-CE3C0447B19C, cid=3859, SUCCESS, logIndex=6311, commits[2573df58-4087-4dd0-8598-5abddcc696b9:c6313]
2019-06-13 21:51:53,175 INFO  client.GrpcClientProtocolClient (GrpcClientProtocolClient.java:onNext(254)) - client-9C97446E6A25->2573df58-4087-4dd0-8598-5abddcc696b9: receive RaftClientReply:client-9C97446E6A25->2573df58-4087-4dd0-8598-5abddcc696b9@group-CE3C0447B19C, cid=3860, SUCCESS, logIndex=6312, commits[2573df58-4087-4dd0-8598-5abddcc696b9:c6313]
2019-06-13 21:51:53,180 INFO  client.GrpcClientProtocolClient (GrpcClientProtocolClient.java:onNext(254)) - client-9C97446E6A25->2573df58-4087-4dd0-8598-5abddcc696b9: receive RaftClientReply:client-9C97446E6A25->2573df58-4087-4dd0-8598-5abddcc696b9@group-CE3C0447B19C, cid=3861, SUCCESS, logIndex=6314, commits[2573df58-4087-4dd0-8598-5abddcc696b9:c6314]
2019-06-13 21:51:53,181 INFO  client.GrpcClientProtocolClient (GrpcClientProtocolClient.java:onNext(254)) - client-9C97446E6A25->2573df58-4087-4dd0-8598-5abddcc696b9: receive RaftClientReply:client-9C97446E6A25->2573df58-4087-4dd0-8598-5abddcc696b9@group-CE3C0447B19C, cid=3862, SUCCESS, logIndex=6316, commits[2573df58-4087-4dd0-8598-5abddcc696b9:c6316]
2019-06-13 21:51:53,182 INFO  client.GrpcClientProtocolClient (GrpcClientProtocolClient.java:onNext(254)) - client-9C97446E6A25->2573df58-4087-4dd0-8598-5abddcc696b9: receive RaftClientReply:client-9C97446E6A25->2573df58-4087-4dd0-8598-5abddcc696b9@group-CE3C0447B19C, cid=3863, SUCCESS, logIndex=6317, commits[2573df58-4087-4dd0-8598-5abddcc696b9:c6317]
2019-06-13 21:51:53,182 INFO  client.GrpcClientProtocolClient (GrpcClientProtocolClient.java:onNext(254)) - client-9C97446E6A25->2573df58-4087-4dd0-8598-5abddcc696b9: receive RaftClientReply:client-9C97446E6A25->2573df58-4087-4dd0-8598-5abddcc696b9@group-CE3C0447B19C, cid=3864, SUCCESS, logIndex=6318, commits[2573df58-4087-4dd0-8598-5abddcc696b9:c6319]
2019-06-13 21:51:53,192 INFO  client.GrpcClientProtocolClient (GrpcClientProtocolClient.java:onNext(254)) - client-9C97446E6A25->2573df58-4087-4dd0-8598-5abddcc696b9: receive RaftClientReply:client-9C97446E6A25->2573df58-4087-4dd0-8598-5abddcc696b9@group-CE3C0447B19C, cid=3865, SUCCESS, logIndex=6321, commits[2573df58-4087-4dd0-8598-5abddcc696b9:c6321]
2019-06-13 21:51:53,193 INFO  client.GrpcClientProtocolClient (GrpcClientProtocolClient.java:onNext(254)) - client-9C97446E6A25->2573df58-4087-4dd0-8598-5abddcc696b9: receive RaftClientReply:client-9C97446E6A25->2573df58-4087-4dd0-8598-5abddcc696b9@group-CE3C0447B19C, cid=3866, SUCCESS, logIndex=6323, commits[2573df58-4087-4dd0-8598-5abddcc696b9:c6323]
2019-06-13 21:51:53,194 INFO  client.GrpcClientProtocolClient (GrpcClientProtocolClient.java:onNext(254)) - client-9C97446E6A25->2573df58-4087-4dd0-8598-5abddcc696b9: receive RaftClientReply:client-9C97446E6A25->2573df58-4087-4dd0-8598-5abddcc696b9@group-CE3C0447B19C, cid=3867, SUCCESS, logIndex=6324, commits[2573df58-4087-4dd0-8598-5abddcc696b9:c6326]
2019-06-13 21:51:53,194 INFO  client.GrpcClientProtocolClient (GrpcClientProtocolClient.java:onNext(254)) - client-9C97446E6A25->2573df58-4087-4dd0-8598-5abddcc696b9: receive RaftClientReply:client-9C97446E6A25->2573df58-4087-4dd0-8598-5abddcc696b9@group-CE3C0447B19C, cid=3868, SUCCESS, logIndex=6325, commits[2573df58-4087-4dd0-8598-5abddcc696b9:c6326]
2019-06-13 21:51:53,199 INFO  client.GrpcClientProtocolClient (GrpcClientProtocolClient.java:onNext(254)) - client-9C97446E6A25->2573df58-4087-4dd0-8598-5abddcc696b9: receive RaftClientReply:client-9C97446E6A25->2573df58-4087-4dd0-8598-5abddcc696b9@group-CE3C0447B19C, cid=3869, SUCCESS, logIndex=6327, commits[2573df58-4087-4dd0-8598-5abddcc696b9:c6327]
2019-06-13 21:51:53,200 INFO  client.GrpcClientProtocolClient (GrpcClientProtocolClient.java:onNext(254)) - client-9C97446E6A25->2573df58-4087-4dd0-8598-5abddcc696b9: receive RaftClientReply:client-9C97446E6A25->2573df58-4087-4dd0-8598-5abddcc696b9@group-CE3C0447B19C, cid=3870, SUCCESS, logIndex=6329, commits[2573df58-4087-4dd0-8598-5abddcc696b9:c6329]
2019-06-13 21:51:53,201 INFO  client.GrpcClientProtocolClient (GrpcClientProtocolClient.java:onNext(254)) - client-9C97446E6A25->2573df58-4087-4dd0-8598-5abddcc696b9: receive RaftClientReply:client-9C97446E6A25->2573df58-4087-4dd0-8598-5abddcc696b9@group-CE3C0447B19C, cid=3871, SUCCESS, logIndex=6330, commits[2573df58-4087-4dd0-8598-5abddcc696b9:c6332]
2019-06-13 21:51:53,201 INFO  client.GrpcClientProtocolClient (GrpcClientProtocolClient.java:onNext(254)) - client-9C97446E6A25->2573df58-4087-4dd0-8598-5abddcc696b9: receive RaftClientReply:client-9C97446E6A25->2573df58-4087-4dd0-8598-5abddcc696b9@group-CE3C0447B19C, cid=3872, SUCCESS, logIndex=6331, commits[2573df58-4087-4dd0-8598-5abddcc696b9:c6332]
2019-06-13 21:51:53,211 INFO  client.GrpcClientProtocolClient (GrpcClientProtocolClient.java:onNext(254)) - client-9C97446E6A25->2573df58-4087-4dd0-8598-5abddcc696b9: receive RaftClientReply:client-9C97446E6A25->2573df58-4087-4dd0-8598-5abddcc696b9@group-CE3C0447B19C, cid=3873, SUCCESS, logIndex=6333, commits[2573df58-4087-4dd0-8598-5abddcc696b9:c6333]
2019-06-13 21:51:53,212 INFO  client.GrpcClientProtocolClient (GrpcClientProtocolClient.java:onNext(254)) - client-9C97446E6A25->2573df58-4087-4dd0-8598-5abddcc696b9: receive RaftClientReply:client-9C97446E6A25->2573df58-4087-4dd0-8598-5abddcc696b9@group-CE3C0447B19C, cid=3874, SUCCESS, logIndex=6335, commits[2573df58-4087-4dd0-8598-5abddcc696b9:c6335]
2019-06-13 21:51:53,213 INFO  client.GrpcClientProtocolClient (GrpcClientProtocolClient.java:onNext(254)) - client-9C97446E6A25->2573df58-4087-4dd0-8598-5abddcc696b9: receive RaftClientReply:client-9C97446E6A25->2573df58-4087-4dd0-8598-5abddcc696b9@group-CE3C0447B19C, cid=3875, SUCCESS, logIndex=6336, commits[2573df58-4087-4dd0-8598-5abddcc696b9:c6336]
2019-06-13 21:51:53,213 INFO  client.GrpcClientProtocolClient (GrpcClientProtocolClient.java:onNext(254)) - client-9C97446E6A25->2573df58-4087-4dd0-8598-5abddcc696b9: receive RaftClientReply:client-9C97446E6A25->2573df58-4087-4dd0-8598-5abddcc696b9@group-CE3C0447B19C, cid=3876, SUCCESS, logIndex=6338, commits[2573df58-4087-4dd0-8598-5abddcc696b9:c6338]
2019-06-13 21:51:53,216 INFO  storage.RaftLogWorker (RaftLogWorker.java:rollLogSegment(303)) - 2573df58-4087-4dd0-8598-5abddcc696b9-RaftLogWorker: Rolling segment log-6269_6340 to index:6340
2019-06-13 21:51:53,216 INFO  storage.RaftLogWorker (RaftLogWorker.java:execute(433)) - 2573df58-4087-4dd0-8598-5abddcc696b9-RaftLogWorker: Rolled log segment from /opt/src/hadoop-ozone/integration-test/target/test-dir/MiniOzoneClusterImpl-8578056e-9b7b-4e66-9e9f-ef53d5cd7c03/datanode-0/data/ratis/7f5c2536-ed89-4233-9ec0-ce3c0447b19c/current/log_inprogress_6269 to /opt/src/hadoop-ozone/integration-test/target/test-dir/MiniOzoneClusterImpl-8578056e-9b7b-4e66-9e9f-ef53d5cd7c03/datanode-0/data/ratis/7f5c2536-ed89-4233-9ec0-ce3c0447b19c/current/log_6269-6340
2019-06-13 21:51:53,252 INFO  storage.RaftLogWorker (RaftLogWorker.java:execute(469)) - 2573df58-4087-4dd0-8598-5abddcc696b9-RaftLogWorker: created new log segment /opt/src/hadoop-ozone/integration-test/target/test-dir/MiniOzoneClusterImpl-8578056e-9b7b-4e66-9e9f-ef53d5cd7c03/datanode-0/data/ratis/7f5c2536-ed89-4233-9ec0-ce3c0447b19c/current/log_inprogress_6341
2019-06-13 21:51:53,254 INFO  client.GrpcClientProtocolClient (GrpcClientProtocolClient.java:onNext(254)) - client-9C97446E6A25->2573df58-4087-4dd0-8598-5abddcc696b9: receive RaftClientReply:client-9C97446E6A25->2573df58-4087-4dd0-8598-5abddcc696b9@group-CE3C0447B19C, cid=3877, SUCCESS, logIndex=6341, commits[2573df58-4087-4dd0-8598-5abddcc696b9:c6341]
2019-06-13 21:51:53,255 INFO  client.GrpcClientProtocolClient (GrpcClientProtocolClient.java:onNext(254)) - client-9C97446E6A25->2573df58-4087-4dd0-8598-5abddcc696b9: receive RaftClientReply:client-9C97446E6A25->2573df58-4087-4dd0-8598-5abddcc696b9@group-CE3C0447B19C, cid=3878, SUCCESS, logIndex=6343, commits[2573df58-4087-4dd0-8598-5abddcc696b9:c6343]
2019-06-13 21:51:53,256 INFO  client.GrpcClientProtocolClient (GrpcClientProtocolClient.java:onNext(254)) - client-9C97446E6A25->2573df58-4087-4dd0-8598-5abddcc696b9: receive RaftClientReply:client-9C97446E6A25->2573df58-4087-4dd0-8598-5abddcc696b9@group-CE3C0447B19C, cid=3879, SUCCESS, logIndex=6344, commits[2573df58-4087-4dd0-8598-5abddcc696b9:c6346]
2019-06-13 21:51:53,256 INFO  client.GrpcClientProtocolClient (GrpcClientProtocolClient.java:onNext(254)) - client-9C97446E6A25->2573df58-4087-4dd0-8598-5abddcc696b9: receive RaftClientReply:client-9C97446E6A25->2573df58-4087-4dd0-8598-5abddcc696b9@group-CE3C0447B19C, cid=3880, SUCCESS, logIndex=6345, commits[2573df58-4087-4dd0-8598-5abddcc696b9:c6346]
2019-06-13 21:51:53,261 DEBUG block.SCMBlockDeletingService (SCMBlockDeletingService.java:call(138)) - Running DeletedBlockTransactionScanner
2019-06-13 21:51:53,262 DEBUG block.SCMBlockDeletingService (SCMBlockDeletingService.java:call(155)) - Scanned deleted blocks log and got 0 delTX to process.
2019-06-13 21:51:53,267 INFO  client.GrpcClientProtocolClient (GrpcClientProtocolClient.java:onNext(254)) - client-9C97446E6A25->2573df58-4087-4dd0-8598-5abddcc696b9: receive RaftClientReply:client-9C97446E6A25->2573df58-4087-4dd0-8598-5abddcc696b9@group-CE3C0447B19C, cid=3881, SUCCESS, logIndex=6347, commits[2573df58-4087-4dd0-8598-5abddcc696b9:c6347]
2019-06-13 21:51:53,269 INFO  client.GrpcClientProtocolClient (GrpcClientProtocolClient.java:onNext(254)) - client-9C97446E6A25->2573df58-4087-4dd0-8598-5abddcc696b9: receive RaftClientReply:client-9C97446E6A25->2573df58-4087-4dd0-8598-5abddcc696b9@group-CE3C0447B19C, cid=3882, SUCCESS, logIndex=6349, commits[2573df58-4087-4dd0-8598-5abddcc696b9:c6349]
2019-06-13 21:51:53,269 INFO  client.GrpcClientProtocolClient (GrpcClientProtocolClient.java:onNext(254)) - client-9C97446E6A25->2573df58-4087-4dd0-8598-5abddcc696b9: receive RaftClientReply:client-9C97446E6A25->2573df58-4087-4dd0-8598-5abddcc696b9@group-CE3C0447B19C, cid=3883, SUCCESS, logIndex=6350, commits[2573df58-4087-4dd0-8598-5abddcc696b9:c6351]
2019-06-13 21:51:53,269 INFO  client.GrpcClientProtocolClient (GrpcClientProtocolClient.java:onNext(254)) - client-9C97446E6A25->2573df58-4087-4dd0-8598-5abddcc696b9: receive RaftClientReply:client-9C97446E6A25->2573df58-4087-4dd0-8598-5abddcc696b9@group-CE3C0447B19C, cid=3884, SUCCESS, logIndex=6351, commits[2573df58-4087-4dd0-8598-5abddcc696b9:c6351]
2019-06-13 21:51:53,317 INFO  client.GrpcClientProtocolClient (GrpcClientProtocolClient.java:onNext(254)) - client-9C97446E6A25->2573df58-4087-4dd0-8598-5abddcc696b9: receive RaftClientReply:client-9C97446E6A25->2573df58-4087-4dd0-8598-5abddcc696b9@group-CE3C0447B19C, cid=3885, SUCCESS, logIndex=6354, commits[2573df58-4087-4dd0-8598-5abddcc696b9:c6354]
2019-06-13 21:51:53,320 INFO  client.GrpcClientProtocolClient (GrpcClientProtocolClient.java:onNext(254)) - client-9C97446E6A25->2573df58-4087-4dd0-8598-5abddcc696b9: receive RaftClientReply:client-9C97446E6A25->2573df58-4087-4dd0-8598-5abddcc696b9@group-CE3C0447B19C, cid=3886, SUCCESS, logIndex=6356, commits[2573df58-4087-4dd0-8598-5abddcc696b9:c6358]
2019-06-13 21:51:53,320 INFO  client.GrpcClientProtocolClient (GrpcClientProtocolClient.java:onNext(254)) - client-9C97446E6A25->2573df58-4087-4dd0-8598-5abddcc696b9: receive RaftClientReply:client-9C97446E6A25->2573df58-4087-4dd0-8598-5abddcc696b9@group-CE3C0447B19C, cid=3887, SUCCESS, logIndex=6357, commits[2573df58-4087-4dd0-8598-5abddcc696b9:c6358]
2019-06-13 21:51:53,320 INFO  client.GrpcClientProtocolClient (GrpcClientProtocolClient.java:onNext(254)) - client-9C97446E6A25->2573df58-4087-4dd0-8598-5abddcc696b9: receive RaftClientReply:client-9C97446E6A25->2573df58-4087-4dd0-8598-5abddcc696b9@group-CE3C0447B19C, cid=3888, SUCCESS, logIndex=6358, commits[2573df58-4087-4dd0-8598-5abddcc696b9:c6359]
2019-06-13 21:51:53,330 INFO  client.GrpcClientProtocolClient (GrpcClientProtocolClient.java:onNext(254)) - client-9C97446E6A25->2573df58-4087-4dd0-8598-5abddcc696b9: receive RaftClientReply:client-9C97446E6A25->2573df58-4087-4dd0-8598-5abddcc696b9@group-CE3C0447B19C, cid=3889, SUCCESS, logIndex=6360, commits[2573df58-4087-4dd0-8598-5abddcc696b9:c6360]
2019-06-13 21:51:53,331 INFO  client.GrpcClientProtocolClient (GrpcClientProtocolClient.java:onNext(254)) - client-9C97446E6A25->2573df58-4087-4dd0-8598-5abddcc696b9: receive RaftClientReply:client-9C97446E6A25->2573df58-4087-4dd0-8598-5abddcc696b9@group-CE3C0447B19C, cid=3890, SUCCESS, logIndex=6362, commits[2573df58-4087-4dd0-8598-5abddcc696b9:c6362]
2019-06-13 21:51:53,362 DEBUG block.SCMBlockDeletingService (SCMBlockDeletingService.java:call(138)) - Running DeletedBlockTransactionScanner
2019-06-13 21:51:53,362 DEBUG block.SCMBlockDeletingService (SCMBlockDeletingService.java:call(155)) - Scanned deleted blocks log and got 0 delTX to process.
2019-06-13 21:51:53,398 INFO  client.GrpcClientProtocolClient (GrpcClientProtocolClient.java:onNext(254)) - client-9C97446E6A25->2573df58-4087-4dd0-8598-5abddcc696b9: receive RaftClientReply:client-9C97446E6A25->2573df58-4087-4dd0-8598-5abddcc696b9@group-CE3C0447B19C, cid=3891, SUCCESS, logIndex=6364, commits[2573df58-4087-4dd0-8598-5abddcc696b9:c6364]
2019-06-13 21:51:53,399 INFO  client.GrpcClientProtocolClient (GrpcClientProtocolClient.java:onNext(254)) - client-9C97446E6A25->2573df58-4087-4dd0-8598-5abddcc696b9: receive RaftClientReply:client-9C97446E6A25->2573df58-4087-4dd0-8598-5abddcc696b9@group-CE3C0447B19C, cid=3892, SUCCESS, logIndex=6366, commits[2573df58-4087-4dd0-8598-5abddcc696b9:c6366]
2019-06-13 21:51:53,405 INFO  client.GrpcClientProtocolClient (GrpcClientProtocolClient.java:onNext(254)) - client-9C97446E6A25->2573df58-4087-4dd0-8598-5abddcc696b9: receive RaftClientReply:client-9C97446E6A25->2573df58-4087-4dd0-8598-5abddcc696b9@group-CE3C0447B19C, cid=3893, SUCCESS, logIndex=6368, commits[2573df58-4087-4dd0-8598-5abddcc696b9:c6368]
2019-06-13 21:51:53,406 INFO  client.GrpcClientProtocolClient (GrpcClientProtocolClient.java:onNext(254)) - client-9C97446E6A25->2573df58-4087-4dd0-8598-5abddcc696b9: receive RaftClientReply:client-9C97446E6A25->2573df58-4087-4dd0-8598-5abddcc696b9@group-CE3C0447B19C, cid=3894, SUCCESS, logIndex=6370, commits[2573df58-4087-4dd0-8598-5abddcc696b9:c6370]
2019-06-13 21:51:53,407 INFO  client.GrpcClientProtocolClient (GrpcClientProtocolClient.java:onNext(254)) - client-9C97446E6A25->2573df58-4087-4dd0-8598-5abddcc696b9: receive RaftClientReply:client-9C97446E6A25->2573df58-4087-4dd0-8598-5abddcc696b9@group-CE3C0447B19C, cid=3895, SUCCESS, logIndex=6371, commits[2573df58-4087-4dd0-8598-5abddcc696b9:c6373]
2019-06-13 21:51:53,407 INFO  client.GrpcClientProtocolClient (GrpcClientProtocolClient.java:onNext(254)) - client-9C97446E6A25->2573df58-4087-4dd0-8598-5abddcc696b9: receive RaftClientReply:client-9C97446E6A25->2573df58-4087-4dd0-8598-5abddcc696b9@group-CE3C0447B19C, cid=3896, SUCCESS, logIndex=6372, commits[2573df58-4087-4dd0-8598-5abddcc696b9:c6373]
2019-06-13 21:51:53,420 INFO  client.GrpcClientProtocolClient (GrpcClientProtocolClient.java:onNext(254)) - client-9C97446E6A25->2573df58-4087-4dd0-8598-5abddcc696b9: receive RaftClientReply:client-9C97446E6A25->2573df58-4087-4dd0-8598-5abddcc696b9@group-CE3C0447B19C, cid=3897, SUCCESS, logIndex=6374, commits[2573df58-4087-4dd0-8598-5abddcc696b9:c6374]
2019-06-13 21:51:53,421 INFO  client.GrpcClientProtocolClient (GrpcClientProtocolClient.java:onNext(254)) - client-9C97446E6A25->2573df58-4087-4dd0-8598-5abddcc696b9: receive RaftClientReply:client-9C97446E6A25->2573df58-4087-4dd0-8598-5abddcc696b9@group-CE3C0447B19C, cid=3898, SUCCESS, logIndex=6376, commits[2573df58-4087-4dd0-8598-5abddcc696b9:c6376]
2019-06-13 21:51:53,423 INFO  client.GrpcClientProtocolClient (GrpcClientProtocolClient.java:onNext(254)) - client-9C97446E6A25->2573df58-4087-4dd0-8598-5abddcc696b9: receive RaftClientReply:client-9C97446E6A25->2573df58-4087-4dd0-8598-5abddcc696b9@group-CE3C0447B19C, cid=3899, SUCCESS, logIndex=6378, commits[2573df58-4087-4dd0-8598-5abddcc696b9:c6379]
2019-06-13 21:51:53,423 INFO  client.GrpcClientProtocolClient (GrpcClientProtocolClient.java:onNext(254)) - client-9C97446E6A25->2573df58-4087-4dd0-8598-5abddcc696b9: receive RaftClientReply:client-9C97446E6A25->2573df58-4087-4dd0-8598-5abddcc696b9@group-CE3C0447B19C, cid=3900, SUCCESS, logIndex=6379, commits[2573df58-4087-4dd0-8598-5abddcc696b9:c6379]
2019-06-13 21:51:53,428 INFO  client.GrpcClientProtocolClient (GrpcClientProtocolClient.java:onNext(254)) - client-9C97446E6A25->2573df58-4087-4dd0-8598-5abddcc696b9: receive RaftClientReply:client-9C97446E6A25->2573df58-4087-4dd0-8598-5abddcc696b9@group-CE3C0447B19C, cid=3901, SUCCESS, logIndex=6381, commits[2573df58-4087-4dd0-8598-5abddcc696b9:c6381]
2019-06-13 21:51:53,431 INFO  client.GrpcClientProtocolClient (GrpcClientProtocolClient.java:onNext(254)) - client-9C97446E6A25->2573df58-4087-4dd0-8598-5abddcc696b9: receive RaftClientReply:client-9C97446E6A25->2573df58-4087-4dd0-8598-5abddcc696b9@group-CE3C0447B19C, cid=3902, SUCCESS, logIndex=6383, commits[2573df58-4087-4dd0-8598-5abddcc696b9:c6383]
2019-06-13 21:51:53,432 INFO  client.GrpcClientProtocolClient (GrpcClientProtocolClient.java:onNext(254)) - client-9C97446E6A25->2573df58-4087-4dd0-8598-5abddcc696b9: receive RaftClientReply:client-9C97446E6A25->2573df58-4087-4dd0-8598-5abddcc696b9@group-CE3C0447B19C, cid=3903, SUCCESS, logIndex=6384, commits[2573df58-4087-4dd0-8598-5abddcc696b9:c6386]
2019-06-13 21:51:53,432 INFO  client.GrpcClientProtocolClient (GrpcClientProtocolClient.java:onNext(254)) - client-9C97446E6A25->2573df58-4087-4dd0-8598-5abddcc696b9: receive RaftClientReply:client-9C97446E6A25->2573df58-4087-4dd0-8598-5abddcc696b9@group-CE3C0447B19C, cid=3904, SUCCESS, logIndex=6385, commits[2573df58-4087-4dd0-8598-5abddcc696b9:c6386]
2019-06-13 21:51:53,442 INFO  client.GrpcClientProtocolClient (GrpcClientProtocolClient.java:onNext(254)) - client-9C97446E6A25->2573df58-4087-4dd0-8598-5abddcc696b9: receive RaftClientReply:client-9C97446E6A25->2573df58-4087-4dd0-8598-5abddcc696b9@group-CE3C0447B19C, cid=3905, SUCCESS, logIndex=6387, commits[2573df58-4087-4dd0-8598-5abddcc696b9:c6387]
2019-06-13 21:51:53,443 INFO  client.GrpcClientProtocolClient (GrpcClientProtocolClient.java:onNext(254)) - client-9C97446E6A25->2573df58-4087-4dd0-8598-5abddcc696b9: receive RaftClientReply:client-9C97446E6A25->2573df58-4087-4dd0-8598-5abddcc696b9@group-CE3C0447B19C, cid=3906, SUCCESS, logIndex=6389, commits[2573df58-4087-4dd0-8598-5abddcc696b9:c6389]
2019-06-13 21:51:53,444 INFO  client.GrpcClientProtocolClient (GrpcClientProtocolClient.java:onNext(254)) - client-9C97446E6A25->2573df58-4087-4dd0-8598-5abddcc696b9: receive RaftClientReply:client-9C97446E6A25->2573df58-4087-4dd0-8598-5abddcc696b9@group-CE3C0447B19C, cid=3907, SUCCESS, logIndex=6390, commits[2573df58-4087-4dd0-8598-5abddcc696b9:c6392]
2019-06-13 21:51:53,444 INFO  client.GrpcClientProtocolClient (GrpcClientProtocolClient.java:onNext(254)) - client-9C97446E6A25->2573df58-4087-4dd0-8598-5abddcc696b9: receive RaftClientReply:client-9C97446E6A25->2573df58-4087-4dd0-8598-5abddcc696b9@group-CE3C0447B19C, cid=3908, SUCCESS, logIndex=6391, commits[2573df58-4087-4dd0-8598-5abddcc696b9:c6392]
2019-06-13 21:51:53,449 INFO  client.GrpcClientProtocolClient (GrpcClientProtocolClient.java:onNext(254)) - client-9C97446E6A25->2573df58-4087-4dd0-8598-5abddcc696b9: receive RaftClientReply:client-9C97446E6A25->2573df58-4087-4dd0-8598-5abddcc696b9@group-CE3C0447B19C, cid=3909, SUCCESS, logIndex=6393, commits[2573df58-4087-4dd0-8598-5abddcc696b9:c6393]
2019-06-13 21:51:53,450 INFO  client.GrpcClientProtocolClient (GrpcClientProtocolClient.java:onNext(254)) - client-9C97446E6A25->2573df58-4087-4dd0-8598-5abddcc696b9: receive RaftClientReply:client-9C97446E6A25->2573df58-4087-4dd0-8598-5abddcc696b9@group-CE3C0447B19C, cid=3910, SUCCESS, logIndex=6395, commits[2573df58-4087-4dd0-8598-5abddcc696b9:c6395]
2019-06-13 21:51:53,451 INFO  client.GrpcClientProtocolClient (GrpcClientProtocolClient.java:onNext(254)) - client-9C97446E6A25->2573df58-4087-4dd0-8598-5abddcc696b9: receive RaftClientReply:client-9C97446E6A25->2573df58-4087-4dd0-8598-5abddcc696b9@group-CE3C0447B19C, cid=3911, SUCCESS, logIndex=6396, commits[2573df58-4087-4dd0-8598-5abddcc696b9:c6398]
2019-06-13 21:51:53,451 INFO  client.GrpcClientProtocolClient (GrpcClientProtocolClient.java:onNext(254)) - client-9C97446E6A25->2573df58-4087-4dd0-8598-5abddcc696b9: receive RaftClientReply:client-9C97446E6A25->2573df58-4087-4dd0-8598-5abddcc696b9@group-CE3C0447B19C, cid=3912, SUCCESS, logIndex=6397, commits[2573df58-4087-4dd0-8598-5abddcc696b9:c6398]
2019-06-13 21:51:53,461 INFO  client.GrpcClientProtocolClient (GrpcClientProtocolClient.java:onNext(254)) - client-9C97446E6A25->2573df58-4087-4dd0-8598-5abddcc696b9: receive RaftClientReply:client-9C97446E6A25->2573df58-4087-4dd0-8598-5abddcc696b9@group-CE3C0447B19C, cid=3913, SUCCESS, logIndex=6399, commits[2573df58-4087-4dd0-8598-5abddcc696b9:c6399]
2019-06-13 21:51:53,462 DEBUG block.SCMBlockDeletingService (SCMBlockDeletingService.java:call(138)) - Running DeletedBlockTransactionScanner
2019-06-13 21:51:53,462 DEBUG block.SCMBlockDeletingService (SCMBlockDeletingService.java:call(155)) - Scanned deleted blocks log and got 0 delTX to process.
2019-06-13 21:51:53,465 INFO  client.GrpcClientProtocolClient (GrpcClientProtocolClient.java:onNext(254)) - client-9C97446E6A25->2573df58-4087-4dd0-8598-5abddcc696b9: receive RaftClientReply:client-9C97446E6A25->2573df58-4087-4dd0-8598-5abddcc696b9@group-CE3C0447B19C, cid=3914, SUCCESS, logIndex=6401, commits[2573df58-4087-4dd0-8598-5abddcc696b9:c6404]
2019-06-13 21:51:53,466 INFO  client.GrpcClientProtocolClient (GrpcClientProtocolClient.java:onNext(254)) - client-9C97446E6A25->2573df58-4087-4dd0-8598-5abddcc696b9: receive RaftClientReply:client-9C97446E6A25->2573df58-4087-4dd0-8598-5abddcc696b9@group-CE3C0447B19C, cid=3915, SUCCESS, logIndex=6402, commits[2573df58-4087-4dd0-8598-5abddcc696b9:c6404]
2019-06-13 21:51:53,466 INFO  client.GrpcClientProtocolClient (GrpcClientProtocolClient.java:onNext(254)) - client-9C97446E6A25->2573df58-4087-4dd0-8598-5abddcc696b9: receive RaftClientReply:client-9C97446E6A25->2573df58-4087-4dd0-8598-5abddcc696b9@group-CE3C0447B19C, cid=3916, SUCCESS, logIndex=6403, commits[2573df58-4087-4dd0-8598-5abddcc696b9:c6404]
2019-06-13 21:51:53,471 INFO  client.GrpcClientProtocolClient (GrpcClientProtocolClient.java:onNext(254)) - client-9C97446E6A25->2573df58-4087-4dd0-8598-5abddcc696b9: receive RaftClientReply:client-9C97446E6A25->2573df58-4087-4dd0-8598-5abddcc696b9@group-CE3C0447B19C, cid=3917, SUCCESS, logIndex=6405, commits[2573df58-4087-4dd0-8598-5abddcc696b9:c6405]
2019-06-13 21:51:53,471 INFO  storage.RaftLogWorker (RaftLogWorker.java:rollLogSegment(303)) - 2573df58-4087-4dd0-8598-5abddcc696b9-RaftLogWorker: Rolling segment log-6341_6408 to index:6408
2019-06-13 21:51:53,472 INFO  client.GrpcClientProtocolClient (GrpcClientProtocolClient.java:onNext(254)) - client-9C97446E6A25->2573df58-4087-4dd0-8598-5abddcc696b9: receive RaftClientReply:client-9C97446E6A25->2573df58-4087-4dd0-8598-5abddcc696b9@group-CE3C0447B19C, cid=3918, SUCCESS, logIndex=6407, commits[2573df58-4087-4dd0-8598-5abddcc696b9:c6407]
2019-06-13 21:51:53,472 INFO  storage.RaftLogWorker (RaftLogWorker.java:execute(433)) - 2573df58-4087-4dd0-8598-5abddcc696b9-RaftLogWorker: Rolled log segment from /opt/src/hadoop-ozone/integration-test/target/test-dir/MiniOzoneClusterImpl-8578056e-9b7b-4e66-9e9f-ef53d5cd7c03/datanode-0/data/ratis/7f5c2536-ed89-4233-9ec0-ce3c0447b19c/current/log_inprogress_6341 to /opt/src/hadoop-ozone/integration-test/target/test-dir/MiniOzoneClusterImpl-8578056e-9b7b-4e66-9e9f-ef53d5cd7c03/datanode-0/data/ratis/7f5c2536-ed89-4233-9ec0-ce3c0447b19c/current/log_6341-6408
2019-06-13 21:51:53,473 INFO  client.GrpcClientProtocolClient (GrpcClientProtocolClient.java:onNext(254)) - client-9C97446E6A25->2573df58-4087-4dd0-8598-5abddcc696b9: receive RaftClientReply:client-9C97446E6A25->2573df58-4087-4dd0-8598-5abddcc696b9@group-CE3C0447B19C, cid=3919, SUCCESS, logIndex=6408, commits[2573df58-4087-4dd0-8598-5abddcc696b9:c6408]
2019-06-13 21:51:53,507 INFO  storage.RaftLogWorker (RaftLogWorker.java:execute(469)) - 2573df58-4087-4dd0-8598-5abddcc696b9-RaftLogWorker: created new log segment /opt/src/hadoop-ozone/integration-test/target/test-dir/MiniOzoneClusterImpl-8578056e-9b7b-4e66-9e9f-ef53d5cd7c03/datanode-0/data/ratis/7f5c2536-ed89-4233-9ec0-ce3c0447b19c/current/log_inprogress_6409
2019-06-13 21:51:53,509 INFO  client.GrpcClientProtocolClient (GrpcClientProtocolClient.java:onNext(254)) - client-9C97446E6A25->2573df58-4087-4dd0-8598-5abddcc696b9: receive RaftClientReply:client-9C97446E6A25->2573df58-4087-4dd0-8598-5abddcc696b9@group-CE3C0447B19C, cid=3920, SUCCESS, logIndex=6409, commits[2573df58-4087-4dd0-8598-5abddcc696b9:c6411]
2019-06-13 21:51:53,520 INFO  client.GrpcClientProtocolClient (GrpcClientProtocolClient.java:onNext(254)) - client-9C97446E6A25->2573df58-4087-4dd0-8598-5abddcc696b9: receive RaftClientReply:client-9C97446E6A25->2573df58-4087-4dd0-8598-5abddcc696b9@group-CE3C0447B19C, cid=3921, SUCCESS, logIndex=6412, commits[2573df58-4087-4dd0-8598-5abddcc696b9:c6412]
2019-06-13 21:51:53,521 INFO  client.GrpcClientProtocolClient (GrpcClientProtocolClient.java:onNext(254)) - client-9C97446E6A25->2573df58-4087-4dd0-8598-5abddcc696b9: receive RaftClientReply:client-9C97446E6A25->2573df58-4087-4dd0-8598-5abddcc696b9@group-CE3C0447B19C, cid=3922, SUCCESS, logIndex=6414, commits[2573df58-4087-4dd0-8598-5abddcc696b9:c6414]
2019-06-13 21:51:53,522 INFO  client.GrpcClientProtocolClient (GrpcClientProtocolClient.java:onNext(254)) - client-9C97446E6A25->2573df58-4087-4dd0-8598-5abddcc696b9: receive RaftClientReply:client-9C97446E6A25->2573df58-4087-4dd0-8598-5abddcc696b9@group-CE3C0447B19C, cid=3923, SUCCESS, logIndex=6415, commits[2573df58-4087-4dd0-8598-5abddcc696b9:c6417]
2019-06-13 21:51:53,522 INFO  client.GrpcClientProtocolClient (GrpcClientProtocolClient.java:onNext(254)) - client-9C97446E6A25->2573df58-4087-4dd0-8598-5abddcc696b9: receive RaftClientReply:client-9C97446E6A25->2573df58-4087-4dd0-8598-5abddcc696b9@group-CE3C0447B19C, cid=3924, SUCCESS, logIndex=6416, commits[2573df58-4087-4dd0-8598-5abddcc696b9:c6417]
2019-06-13 21:51:53,527 INFO  client.GrpcClientProtocolClient (GrpcClientProtocolClient.java:onNext(254)) - client-9C97446E6A25->2573df58-4087-4dd0-8598-5abddcc696b9: receive RaftClientReply:client-9C97446E6A25->2573df58-4087-4dd0-8598-5abddcc696b9@group-CE3C0447B19C, cid=3925, SUCCESS, logIndex=6418, commits[2573df58-4087-4dd0-8598-5abddcc696b9:c6418]
2019-06-13 21:51:53,528 INFO  client.GrpcClientProtocolClient (GrpcClientProtocolClient.java:onNext(254)) - client-9C97446E6A25->2573df58-4087-4dd0-8598-5abddcc696b9: receive RaftClientReply:client-9C97446E6A25->2573df58-4087-4dd0-8598-5abddcc696b9@group-CE3C0447B19C, cid=3926, SUCCESS, logIndex=6420, commits[2573df58-4087-4dd0-8598-5abddcc696b9:c6420]
2019-06-13 21:51:53,531 INFO  client.GrpcClientProtocolClient (GrpcClientProtocolClient.java:onNext(254)) - client-9C97446E6A25->2573df58-4087-4dd0-8598-5abddcc696b9: receive RaftClientReply:client-9C97446E6A25->2573df58-4087-4dd0-8598-5abddcc696b9@group-CE3C0447B19C, cid=3927, SUCCESS, logIndex=6421, commits[2573df58-4087-4dd0-8598-5abddcc696b9:c6423]
2019-06-13 21:51:53,532 INFO  client.GrpcClientProtocolClient (GrpcClientProtocolClient.java:onNext(254)) - client-9C97446E6A25->2573df58-4087-4dd0-8598-5abddcc696b9: receive RaftClientReply:client-9C97446E6A25->2573df58-4087-4dd0-8598-5abddcc696b9@group-CE3C0447B19C, cid=3928, SUCCESS, logIndex=6422, commits[2573df58-4087-4dd0-8598-5abddcc696b9:c6423]
2019-06-13 21:51:53,545 INFO  client.GrpcClientProtocolClient (GrpcClientProtocolClient.java:onNext(254)) - client-9C97446E6A25->2573df58-4087-4dd0-8598-5abddcc696b9: receive RaftClientReply:client-9C97446E6A25->2573df58-4087-4dd0-8598-5abddcc696b9@group-CE3C0447B19C, cid=3929, SUCCESS, logIndex=6424, commits[2573df58-4087-4dd0-8598-5abddcc696b9:c6425]
2019-06-13 21:51:53,546 INFO  client.GrpcClientProtocolClient (GrpcClientProtocolClient.java:onNext(254)) - client-9C97446E6A25->2573df58-4087-4dd0-8598-5abddcc696b9: receive RaftClientReply:client-9C97446E6A25->2573df58-4087-4dd0-8598-5abddcc696b9@group-CE3C0447B19C, cid=3930, SUCCESS, logIndex=6426, commits[2573df58-4087-4dd0-8598-5abddcc696b9:c6426]
2019-06-13 21:51:53,548 INFO  client.GrpcClientProtocolClient (GrpcClientProtocolClient.java:onNext(254)) - client-9C97446E6A25->2573df58-4087-4dd0-8598-5abddcc696b9: receive RaftClientReply:client-9C97446E6A25->2573df58-4087-4dd0-8598-5abddcc696b9@group-CE3C0447B19C, cid=3931, SUCCESS, logIndex=6427, commits[2573df58-4087-4dd0-8598-5abddcc696b9:c6429]
2019-06-13 21:51:53,548 INFO  client.GrpcClientProtocolClient (GrpcClientProtocolClient.java:onNext(254)) - client-9C97446E6A25->2573df58-4087-4dd0-8598-5abddcc696b9: receive RaftClientReply:client-9C97446E6A25->2573df58-4087-4dd0-8598-5abddcc696b9@group-CE3C0447B19C, cid=3932, SUCCESS, logIndex=6428, commits[2573df58-4087-4dd0-8598-5abddcc696b9:c6429]
2019-06-13 21:51:53,553 INFO  client.GrpcClientProtocolClient (GrpcClientProtocolClient.java:onNext(254)) - client-9C97446E6A25->2573df58-4087-4dd0-8598-5abddcc696b9: receive RaftClientReply:client-9C97446E6A25->2573df58-4087-4dd0-8598-5abddcc696b9@group-CE3C0447B19C, cid=3933, SUCCESS, logIndex=6430, commits[2573df58-4087-4dd0-8598-5abddcc696b9:c6430]
2019-06-13 21:51:53,554 INFO  client.GrpcClientProtocolClient (GrpcClientProtocolClient.java:onNext(254)) - client-9C97446E6A25->2573df58-4087-4dd0-8598-5abddcc696b9: receive RaftClientReply:client-9C97446E6A25->2573df58-4087-4dd0-8598-5abddcc696b9@group-CE3C0447B19C, cid=3934, SUCCESS, logIndex=6432, commits[2573df58-4087-4dd0-8598-5abddcc696b9:c6432]
2019-06-13 21:51:53,562 DEBUG block.SCMBlockDeletingService (SCMBlockDeletingService.java:call(138)) - Running DeletedBlockTransactionScanner
2019-06-13 21:51:53,563 DEBUG block.SCMBlockDeletingService (SCMBlockDeletingService.java:call(155)) - Scanned deleted blocks log and got 0 delTX to process.
2019-06-13 21:51:53,621 INFO  client.GrpcClientProtocolClient (GrpcClientProtocolClient.java:onNext(254)) - client-9C97446E6A25->2573df58-4087-4dd0-8598-5abddcc696b9: receive RaftClientReply:client-9C97446E6A25->2573df58-4087-4dd0-8598-5abddcc696b9@group-CE3C0447B19C, cid=3935, SUCCESS, logIndex=6434, commits[2573df58-4087-4dd0-8598-5abddcc696b9:c6434]
2019-06-13 21:51:53,622 INFO  client.GrpcClientProtocolClient (GrpcClientProtocolClient.java:onNext(254)) - client-9C97446E6A25->2573df58-4087-4dd0-8598-5abddcc696b9: receive RaftClientReply:client-9C97446E6A25->2573df58-4087-4dd0-8598-5abddcc696b9@group-CE3C0447B19C, cid=3936, SUCCESS, logIndex=6436, commits[2573df58-4087-4dd0-8598-5abddcc696b9:c6436]
2019-06-13 21:51:53,632 INFO  client.GrpcClientProtocolClient (GrpcClientProtocolClient.java:onNext(254)) - client-9C97446E6A25->2573df58-4087-4dd0-8598-5abddcc696b9: receive RaftClientReply:client-9C97446E6A25->2573df58-4087-4dd0-8598-5abddcc696b9@group-CE3C0447B19C, cid=3937, SUCCESS, logIndex=6438, commits[2573df58-4087-4dd0-8598-5abddcc696b9:c6438]
2019-06-13 21:51:53,633 INFO  client.GrpcClientProtocolClient (GrpcClientProtocolClient.java:onNext(254)) - client-9C97446E6A25->2573df58-4087-4dd0-8598-5abddcc696b9: receive RaftClientReply:client-9C97446E6A25->2573df58-4087-4dd0-8598-5abddcc696b9@group-CE3C0447B19C, cid=3938, SUCCESS, logIndex=6440, commits[2573df58-4087-4dd0-8598-5abddcc696b9:c6440]
2019-06-13 21:51:53,634 INFO  client.GrpcClientProtocolClient (GrpcClientProtocolClient.java:onNext(254)) - client-9C97446E6A25->2573df58-4087-4dd0-8598-5abddcc696b9: receive RaftClientReply:client-9C97446E6A25->2573df58-4087-4dd0-8598-5abddcc696b9@group-CE3C0447B19C, cid=3939, SUCCESS, logIndex=6441, commits[2573df58-4087-4dd0-8598-5abddcc696b9:c6443]
2019-06-13 21:51:53,635 INFO  client.GrpcClientProtocolClient (GrpcClientProtocolClient.java:onNext(254)) - client-9C97446E6A25->2573df58-4087-4dd0-8598-5abddcc696b9: receive RaftClientReply:client-9C97446E6A25->2573df58-4087-4dd0-8598-5abddcc696b9@group-CE3C0447B19C, cid=3940, SUCCESS, logIndex=6442, commits[2573df58-4087-4dd0-8598-5abddcc696b9:c6443]
2019-06-13 21:51:53,639 INFO  client.GrpcClientProtocolClient (GrpcClientProtocolClient.java:onNext(254)) - client-9C97446E6A25->2573df58-4087-4dd0-8598-5abddcc696b9: receive RaftClientReply:client-9C97446E6A25->2573df58-4087-4dd0-8598-5abddcc696b9@group-CE3C0447B19C, cid=3941, SUCCESS, logIndex=6444, commits[2573df58-4087-4dd0-8598-5abddcc696b9:c6444]
2019-06-13 21:51:53,640 INFO  client.GrpcClientProtocolClient (GrpcClientProtocolClient.java:onNext(254)) - client-9C97446E6A25->2573df58-4087-4dd0-8598-5abddcc696b9: receive RaftClientReply:client-9C97446E6A25->2573df58-4087-4dd0-8598-5abddcc696b9@group-CE3C0447B19C, cid=3942, SUCCESS, logIndex=6446, commits[2573df58-4087-4dd0-8598-5abddcc696b9:c6446]
2019-06-13 21:51:53,641 INFO  client.GrpcClientProtocolClient (GrpcClientProtocolClient.java:onNext(254)) - client-9C97446E6A25->2573df58-4087-4dd0-8598-5abddcc696b9: receive RaftClientReply:client-9C97446E6A25->2573df58-4087-4dd0-8598-5abddcc696b9@group-CE3C0447B19C, cid=3943, SUCCESS, logIndex=6447, commits[2573df58-4087-4dd0-8598-5abddcc696b9:c6449]
2019-06-13 21:51:53,642 INFO  client.GrpcClientProtocolClient (GrpcClientProtocolClient.java:onNext(254)) - client-9C97446E6A25->2573df58-4087-4dd0-8598-5abddcc696b9: receive RaftClientReply:client-9C97446E6A25->2573df58-4087-4dd0-8598-5abddcc696b9@group-CE3C0447B19C, cid=3944, SUCCESS, logIndex=6448, commits[2573df58-4087-4dd0-8598-5abddcc696b9:c6449]
2019-06-13 21:51:53,651 INFO  client.GrpcClientProtocolClient (GrpcClientProtocolClient.java:onNext(254)) - client-9C97446E6A25->2573df58-4087-4dd0-8598-5abddcc696b9: receive RaftClientReply:client-9C97446E6A25->2573df58-4087-4dd0-8598-5abddcc696b9@group-CE3C0447B19C, cid=3945, SUCCESS, logIndex=6450, commits[2573df58-4087-4dd0-8598-5abddcc696b9:c6450]
2019-06-13 21:51:53,653 INFO  client.GrpcClientProtocolClient (GrpcClientProtocolClient.java:onNext(254)) - client-9C97446E6A25->2573df58-4087-4dd0-8598-5abddcc696b9: receive RaftClientReply:client-9C97446E6A25->2573df58-4087-4dd0-8598-5abddcc696b9@group-CE3C0447B19C, cid=3946, SUCCESS, logIndex=6452, commits[2573df58-4087-4dd0-8598-5abddcc696b9:c6452]
2019-06-13 21:51:53,653 INFO  client.GrpcClientProtocolClient (GrpcClientProtocolClient.java:onNext(254)) - client-9C97446E6A25->2573df58-4087-4dd0-8598-5abddcc696b9: receive RaftClientReply:client-9C97446E6A25->2573df58-4087-4dd0-8598-5abddcc696b9@group-CE3C0447B19C, cid=3947, SUCCESS, logIndex=6453, commits[2573df58-4087-4dd0-8598-5abddcc696b9:c6455]
2019-06-13 21:51:53,654 INFO  client.GrpcClientProtocolClient (GrpcClientProtocolClient.java:onNext(254)) - client-9C97446E6A25->2573df58-4087-4dd0-8598-5abddcc696b9: receive RaftClientReply:client-9C97446E6A25->2573df58-4087-4dd0-8598-5abddcc696b9@group-CE3C0447B19C, cid=3948, SUCCESS, logIndex=6454, commits[2573df58-4087-4dd0-8598-5abddcc696b9:c6455]
2019-06-13 21:51:53,658 INFO  client.GrpcClientProtocolClient (GrpcClientProtocolClient.java:onNext(254)) - client-9C97446E6A25->2573df58-4087-4dd0-8598-5abddcc696b9: receive RaftClientReply:client-9C97446E6A25->2573df58-4087-4dd0-8598-5abddcc696b9@group-CE3C0447B19C, cid=3949, SUCCESS, logIndex=6456, commits[2573df58-4087-4dd0-8598-5abddcc696b9:c6456]
2019-06-13 21:51:53,659 INFO  client.GrpcClientProtocolClient (GrpcClientProtocolClient.java:onNext(254)) - client-9C97446E6A25->2573df58-4087-4dd0-8598-5abddcc696b9: receive RaftClientReply:client-9C97446E6A25->2573df58-4087-4dd0-8598-5abddcc696b9@group-CE3C0447B19C, cid=3950, SUCCESS, logIndex=6458, commits[2573df58-4087-4dd0-8598-5abddcc696b9:c6458]
2019-06-13 21:51:53,660 INFO  client.GrpcClientProtocolClient (GrpcClientProtocolClient.java:onNext(254)) - client-9C97446E6A25->2573df58-4087-4dd0-8598-5abddcc696b9: receive RaftClientReply:client-9C97446E6A25->2573df58-4087-4dd0-8598-5abddcc696b9@group-CE3C0447B19C, cid=3951, SUCCESS, logIndex=6459, commits[2573df58-4087-4dd0-8598-5abddcc696b9:c6461]
2019-06-13 21:51:53,661 INFO  client.GrpcClientProtocolClient (GrpcClientProtocolClient.java:onNext(254)) - client-9C97446E6A25->2573df58-4087-4dd0-8598-5abddcc696b9: receive RaftClientReply:client-9C97446E6A25->2573df58-4087-4dd0-8598-5abddcc696b9@group-CE3C0447B19C, cid=3952, SUCCESS, logIndex=6460, commits[2573df58-4087-4dd0-8598-5abddcc696b9:c6461]
2019-06-13 21:51:53,663 DEBUG block.SCMBlockDeletingService (SCMBlockDeletingService.java:call(138)) - Running DeletedBlockTransactionScanner
2019-06-13 21:51:53,663 DEBUG block.SCMBlockDeletingService (SCMBlockDeletingService.java:call(155)) - Scanned deleted blocks log and got 0 delTX to process.
2019-06-13 21:51:53,670 INFO  client.GrpcClientProtocolClient (GrpcClientProtocolClient.java:onNext(254)) - client-9C97446E6A25->2573df58-4087-4dd0-8598-5abddcc696b9: receive RaftClientReply:client-9C97446E6A25->2573df58-4087-4dd0-8598-5abddcc696b9@group-CE3C0447B19C, cid=3953, SUCCESS, logIndex=6462, commits[2573df58-4087-4dd0-8598-5abddcc696b9:c6462]
2019-06-13 21:51:53,675 INFO  client.GrpcClientProtocolClient (GrpcClientProtocolClient.java:onNext(254)) - client-9C97446E6A25->2573df58-4087-4dd0-8598-5abddcc696b9: receive RaftClientReply:client-9C97446E6A25->2573df58-4087-4dd0-8598-5abddcc696b9@group-CE3C0447B19C, cid=3954, SUCCESS, logIndex=6464, commits[2573df58-4087-4dd0-8598-5abddcc696b9:c6464]
2019-06-13 21:51:53,675 INFO  client.GrpcClientProtocolClient (GrpcClientProtocolClient.java:onNext(254)) - client-9C97446E6A25->2573df58-4087-4dd0-8598-5abddcc696b9: receive RaftClientReply:client-9C97446E6A25->2573df58-4087-4dd0-8598-5abddcc696b9@group-CE3C0447B19C, cid=3955, SUCCESS, logIndex=6465, commits[2573df58-4087-4dd0-8598-5abddcc696b9:c6467]
2019-06-13 21:51:53,675 INFO  client.GrpcClientProtocolClient (GrpcClientProtocolClient.java:onNext(254)) - client-9C97446E6A25->2573df58-4087-4dd0-8598-5abddcc696b9: receive RaftClientReply:client-9C97446E6A25->2573df58-4087-4dd0-8598-5abddcc696b9@group-CE3C0447B19C, cid=3956, SUCCESS, logIndex=6466, commits[2573df58-4087-4dd0-8598-5abddcc696b9:c6467]
2019-06-13 21:51:53,717 INFO  client.GrpcClientProtocolClient (GrpcClientProtocolClient.java:onNext(254)) - client-9C97446E6A25->2573df58-4087-4dd0-8598-5abddcc696b9: receive RaftClientReply:client-9C97446E6A25->2573df58-4087-4dd0-8598-5abddcc696b9@group-CE3C0447B19C, cid=3957, SUCCESS, logIndex=6468, commits[2573df58-4087-4dd0-8598-5abddcc696b9:c6468]
2019-06-13 21:51:53,719 INFO  client.GrpcClientProtocolClient (GrpcClientProtocolClient.java:onNext(254)) - client-9C97446E6A25->2573df58-4087-4dd0-8598-5abddcc696b9: receive RaftClientReply:client-9C97446E6A25->2573df58-4087-4dd0-8598-5abddcc696b9@group-CE3C0447B19C, cid=3958, SUCCESS, logIndex=6470, commits[2573df58-4087-4dd0-8598-5abddcc696b9:c6470]
2019-06-13 21:51:53,720 INFO  client.GrpcClientProtocolClient (GrpcClientProtocolClient.java:onNext(254)) - client-9C97446E6A25->2573df58-4087-4dd0-8598-5abddcc696b9: receive RaftClientReply:client-9C97446E6A25->2573df58-4087-4dd0-8598-5abddcc696b9@group-CE3C0447B19C, cid=3959, SUCCESS, logIndex=6471, commits[2573df58-4087-4dd0-8598-5abddcc696b9:c6473]
2019-06-13 21:51:53,720 INFO  client.GrpcClientProtocolClient (GrpcClientProtocolClient.java:onNext(254)) - client-9C97446E6A25->2573df58-4087-4dd0-8598-5abddcc696b9: receive RaftClientReply:client-9C97446E6A25->2573df58-4087-4dd0-8598-5abddcc696b9@group-CE3C0447B19C, cid=3960, SUCCESS, logIndex=6472, commits[2573df58-4087-4dd0-8598-5abddcc696b9:c6473]
2019-06-13 21:51:53,730 INFO  client.GrpcClientProtocolClient (GrpcClientProtocolClient.java:onNext(254)) - client-9C97446E6A25->2573df58-4087-4dd0-8598-5abddcc696b9: receive RaftClientReply:client-9C97446E6A25->2573df58-4087-4dd0-8598-5abddcc696b9@group-CE3C0447B19C, cid=3961, SUCCESS, logIndex=6474, commits[2573df58-4087-4dd0-8598-5abddcc696b9:c6474]
2019-06-13 21:51:53,731 INFO  storage.RaftLogWorker (RaftLogWorker.java:rollLogSegment(303)) - 2573df58-4087-4dd0-8598-5abddcc696b9-RaftLogWorker: Rolling segment log-6409_6476 to index:6476
2019-06-13 21:51:53,731 INFO  storage.RaftLogWorker (RaftLogWorker.java:execute(433)) - 2573df58-4087-4dd0-8598-5abddcc696b9-RaftLogWorker: Rolled log segment from /opt/src/hadoop-ozone/integration-test/target/test-dir/MiniOzoneClusterImpl-8578056e-9b7b-4e66-9e9f-ef53d5cd7c03/datanode-0/data/ratis/7f5c2536-ed89-4233-9ec0-ce3c0447b19c/current/log_inprogress_6409 to /opt/src/hadoop-ozone/integration-test/target/test-dir/MiniOzoneClusterImpl-8578056e-9b7b-4e66-9e9f-ef53d5cd7c03/datanode-0/data/ratis/7f5c2536-ed89-4233-9ec0-ce3c0447b19c/current/log_6409-6476
2019-06-13 21:51:53,732 INFO  client.GrpcClientProtocolClient (GrpcClientProtocolClient.java:onNext(254)) - client-9C97446E6A25->2573df58-4087-4dd0-8598-5abddcc696b9: receive RaftClientReply:client-9C97446E6A25->2573df58-4087-4dd0-8598-5abddcc696b9@group-CE3C0447B19C, cid=3962, SUCCESS, logIndex=6476, commits[2573df58-4087-4dd0-8598-5abddcc696b9:c6476]
2019-06-13 21:51:53,763 DEBUG block.SCMBlockDeletingService (SCMBlockDeletingService.java:call(138)) - Running DeletedBlockTransactionScanner
2019-06-13 21:51:53,763 DEBUG block.SCMBlockDeletingService (SCMBlockDeletingService.java:call(155)) - Scanned deleted blocks log and got 0 delTX to process.
2019-06-13 21:51:53,768 INFO  storage.RaftLogWorker (RaftLogWorker.java:execute(469)) - 2573df58-4087-4dd0-8598-5abddcc696b9-RaftLogWorker: created new log segment /opt/src/hadoop-ozone/integration-test/target/test-dir/MiniOzoneClusterImpl-8578056e-9b7b-4e66-9e9f-ef53d5cd7c03/datanode-0/data/ratis/7f5c2536-ed89-4233-9ec0-ce3c0447b19c/current/log_inprogress_6477
2019-06-13 21:51:53,771 INFO  client.GrpcClientProtocolClient (GrpcClientProtocolClient.java:onNext(254)) - client-9C97446E6A25->2573df58-4087-4dd0-8598-5abddcc696b9: receive RaftClientReply:client-9C97446E6A25->2573df58-4087-4dd0-8598-5abddcc696b9@group-CE3C0447B19C, cid=3963, SUCCESS, logIndex=6477, commits[2573df58-4087-4dd0-8598-5abddcc696b9:c6479]
2019-06-13 21:51:53,771 INFO  client.GrpcClientProtocolClient (GrpcClientProtocolClient.java:onNext(254)) - client-9C97446E6A25->2573df58-4087-4dd0-8598-5abddcc696b9: receive RaftClientReply:client-9C97446E6A25->2573df58-4087-4dd0-8598-5abddcc696b9@group-CE3C0447B19C, cid=3964, SUCCESS, logIndex=6479, commits[2573df58-4087-4dd0-8598-5abddcc696b9:c6480]
2019-06-13 21:51:53,776 INFO  client.GrpcClientProtocolClient (GrpcClientProtocolClient.java:onNext(254)) - client-9C97446E6A25->2573df58-4087-4dd0-8598-5abddcc696b9: receive RaftClientReply:client-9C97446E6A25->2573df58-4087-4dd0-8598-5abddcc696b9@group-CE3C0447B19C, cid=3965, SUCCESS, logIndex=6481, commits[2573df58-4087-4dd0-8598-5abddcc696b9:c6481]
2019-06-13 21:51:53,777 INFO  client.GrpcClientProtocolClient (GrpcClientProtocolClient.java:onNext(254)) - client-9C97446E6A25->2573df58-4087-4dd0-8598-5abddcc696b9: receive RaftClientReply:client-9C97446E6A25->2573df58-4087-4dd0-8598-5abddcc696b9@group-CE3C0447B19C, cid=3966, SUCCESS, logIndex=6483, commits[2573df58-4087-4dd0-8598-5abddcc696b9:c6483]
2019-06-13 21:51:53,779 INFO  client.GrpcClientProtocolClient (GrpcClientProtocolClient.java:onNext(254)) - client-9C97446E6A25->2573df58-4087-4dd0-8598-5abddcc696b9: receive RaftClientReply:client-9C97446E6A25->2573df58-4087-4dd0-8598-5abddcc696b9@group-CE3C0447B19C, cid=3967, SUCCESS, logIndex=6484, commits[2573df58-4087-4dd0-8598-5abddcc696b9:c6486]
2019-06-13 21:51:53,779 INFO  client.GrpcClientProtocolClient (GrpcClientProtocolClient.java:onNext(254)) - client-9C97446E6A25->2573df58-4087-4dd0-8598-5abddcc696b9: receive RaftClientReply:client-9C97446E6A25->2573df58-4087-4dd0-8598-5abddcc696b9@group-CE3C0447B19C, cid=3968, SUCCESS, logIndex=6485, commits[2573df58-4087-4dd0-8598-5abddcc696b9:c6486]
2019-06-13 21:51:53,789 INFO  client.GrpcClientProtocolClient (GrpcClientProtocolClient.java:onNext(254)) - client-9C97446E6A25->2573df58-4087-4dd0-8598-5abddcc696b9: receive RaftClientReply:client-9C97446E6A25->2573df58-4087-4dd0-8598-5abddcc696b9@group-CE3C0447B19C, cid=3969, SUCCESS, logIndex=6487, commits[2573df58-4087-4dd0-8598-5abddcc696b9:c6487]
2019-06-13 21:51:53,791 INFO  client.GrpcClientProtocolClient (GrpcClientProtocolClient.java:onNext(254)) - client-9C97446E6A25->2573df58-4087-4dd0-8598-5abddcc696b9: receive RaftClientReply:client-9C97446E6A25->2573df58-4087-4dd0-8598-5abddcc696b9@group-CE3C0447B19C, cid=3970, SUCCESS, logIndex=6489, commits[2573df58-4087-4dd0-8598-5abddcc696b9:c6489]
2019-06-13 21:51:53,791 INFO  client.GrpcClientProtocolClient (GrpcClientProtocolClient.java:onNext(254)) - client-9C97446E6A25->2573df58-4087-4dd0-8598-5abddcc696b9: receive RaftClientReply:client-9C97446E6A25->2573df58-4087-4dd0-8598-5abddcc696b9@group-CE3C0447B19C, cid=3971, SUCCESS, logIndex=6490, commits[2573df58-4087-4dd0-8598-5abddcc696b9:c6492]
2019-06-13 21:51:53,792 INFO  client.GrpcClientProtocolClient (GrpcClientProtocolClient.java:onNext(254)) - client-9C97446E6A25->2573df58-4087-4dd0-8598-5abddcc696b9: receive RaftClientReply:client-9C97446E6A25->2573df58-4087-4dd0-8598-5abddcc696b9@group-CE3C0447B19C, cid=3972, SUCCESS, logIndex=6491, commits[2573df58-4087-4dd0-8598-5abddcc696b9:c6492]
2019-06-13 21:51:53,796 INFO  client.GrpcClientProtocolClient (GrpcClientProtocolClient.java:onNext(254)) - client-9C97446E6A25->2573df58-4087-4dd0-8598-5abddcc696b9: receive RaftClientReply:client-9C97446E6A25->2573df58-4087-4dd0-8598-5abddcc696b9@group-CE3C0447B19C, cid=3973, SUCCESS, logIndex=6493, commits[2573df58-4087-4dd0-8598-5abddcc696b9:c6493]
2019-06-13 21:51:53,798 INFO  client.GrpcClientProtocolClient (GrpcClientProtocolClient.java:onNext(254)) - client-9C97446E6A25->2573df58-4087-4dd0-8598-5abddcc696b9: receive RaftClientReply:client-9C97446E6A25->2573df58-4087-4dd0-8598-5abddcc696b9@group-CE3C0447B19C, cid=3974, SUCCESS, logIndex=6495, commits[2573df58-4087-4dd0-8598-5abddcc696b9:c6495]
2019-06-13 21:51:53,799 INFO  client.GrpcClientProtocolClient (GrpcClientProtocolClient.java:onNext(254)) - client-9C97446E6A25->2573df58-4087-4dd0-8598-5abddcc696b9: receive RaftClientReply:client-9C97446E6A25->2573df58-4087-4dd0-8598-5abddcc696b9@group-CE3C0447B19C, cid=3975, SUCCESS, logIndex=6496, commits[2573df58-4087-4dd0-8598-5abddcc696b9:c6498]
2019-06-13 21:51:53,799 INFO  client.GrpcClientProtocolClient (GrpcClientProtocolClient.java:onNext(254)) - client-9C97446E6A25->2573df58-4087-4dd0-8598-5abddcc696b9: receive RaftClientReply:client-9C97446E6A25->2573df58-4087-4dd0-8598-5abddcc696b9@group-CE3C0447B19C, cid=3976, SUCCESS, logIndex=6497, commits[2573df58-4087-4dd0-8598-5abddcc696b9:c6498]
2019-06-13 21:51:53,810 INFO  client.GrpcClientProtocolClient (GrpcClientProtocolClient.java:onNext(254)) - client-9C97446E6A25->2573df58-4087-4dd0-8598-5abddcc696b9: receive RaftClientReply:client-9C97446E6A25->2573df58-4087-4dd0-8598-5abddcc696b9@group-CE3C0447B19C, cid=3977, SUCCESS, logIndex=6499, commits[2573df58-4087-4dd0-8598-5abddcc696b9:c6499]
2019-06-13 21:51:53,810 INFO  client.GrpcClientProtocolClient (GrpcClientProtocolClient.java:onNext(254)) - client-9C97446E6A25->2573df58-4087-4dd0-8598-5abddcc696b9: receive RaftClientReply:client-9C97446E6A25->2573df58-4087-4dd0-8598-5abddcc696b9@group-CE3C0447B19C, cid=3978, SUCCESS, logIndex=6501, commits[2573df58-4087-4dd0-8598-5abddcc696b9:c6501]
2019-06-13 21:51:53,863 DEBUG block.SCMBlockDeletingService (SCMBlockDeletingService.java:call(138)) - Running DeletedBlockTransactionScanner
2019-06-13 21:51:53,864 DEBUG block.SCMBlockDeletingService (SCMBlockDeletingService.java:call(155)) - Scanned deleted blocks log and got 0 delTX to process.
2019-06-13 21:51:53,879 INFO  client.GrpcClientProtocolClient (GrpcClientProtocolClient.java:onNext(254)) - client-9C97446E6A25->2573df58-4087-4dd0-8598-5abddcc696b9: receive RaftClientReply:client-9C97446E6A25->2573df58-4087-4dd0-8598-5abddcc696b9@group-CE3C0447B19C, cid=3979, SUCCESS, logIndex=6503, commits[2573df58-4087-4dd0-8598-5abddcc696b9:c6503]
2019-06-13 21:51:53,880 INFO  client.GrpcClientProtocolClient (GrpcClientProtocolClient.java:onNext(254)) - client-9C97446E6A25->2573df58-4087-4dd0-8598-5abddcc696b9: receive RaftClientReply:client-9C97446E6A25->2573df58-4087-4dd0-8598-5abddcc696b9@group-CE3C0447B19C, cid=3980, SUCCESS, logIndex=6505, commits[2573df58-4087-4dd0-8598-5abddcc696b9:c6505]
2019-06-13 21:51:53,885 INFO  client.GrpcClientProtocolClient (GrpcClientProtocolClient.java:onNext(254)) - client-9C97446E6A25->2573df58-4087-4dd0-8598-5abddcc696b9: receive RaftClientReply:client-9C97446E6A25->2573df58-4087-4dd0-8598-5abddcc696b9@group-CE3C0447B19C, cid=3981, SUCCESS, logIndex=6507, commits[2573df58-4087-4dd0-8598-5abddcc696b9:c6507]
2019-06-13 21:51:53,886 INFO  client.GrpcClientProtocolClient (GrpcClientProtocolClient.java:onNext(254)) - client-9C97446E6A25->2573df58-4087-4dd0-8598-5abddcc696b9: receive RaftClientReply:client-9C97446E6A25->2573df58-4087-4dd0-8598-5abddcc696b9@group-CE3C0447B19C, cid=3982, SUCCESS, logIndex=6509, commits[2573df58-4087-4dd0-8598-5abddcc696b9:c6509]
2019-06-13 21:51:53,887 INFO  client.GrpcClientProtocolClient (GrpcClientProtocolClient.java:onNext(254)) - client-9C97446E6A25->2573df58-4087-4dd0-8598-5abddcc696b9: receive RaftClientReply:client-9C97446E6A25->2573df58-4087-4dd0-8598-5abddcc696b9@group-CE3C0447B19C, cid=3983, SUCCESS, logIndex=6510, commits[2573df58-4087-4dd0-8598-5abddcc696b9:c6512]
2019-06-13 21:51:53,887 INFO  client.GrpcClientProtocolClient (GrpcClientProtocolClient.java:onNext(254)) - client-9C97446E6A25->2573df58-4087-4dd0-8598-5abddcc696b9: receive RaftClientReply:client-9C97446E6A25->2573df58-4087-4dd0-8598-5abddcc696b9@group-CE3C0447B19C, cid=3984, SUCCESS, logIndex=6511, commits[2573df58-4087-4dd0-8598-5abddcc696b9:c6512]
2019-06-13 21:51:53,897 INFO  client.GrpcClientProtocolClient (GrpcClientProtocolClient.java:onNext(254)) - client-9C97446E6A25->2573df58-4087-4dd0-8598-5abddcc696b9: receive RaftClientReply:client-9C97446E6A25->2573df58-4087-4dd0-8598-5abddcc696b9@group-CE3C0447B19C, cid=3985, SUCCESS, logIndex=6513, commits[2573df58-4087-4dd0-8598-5abddcc696b9:c6513]
2019-06-13 21:51:53,899 INFO  client.GrpcClientProtocolClient (GrpcClientProtocolClient.java:onNext(254)) - client-9C97446E6A25->2573df58-4087-4dd0-8598-5abddcc696b9: receive RaftClientReply:client-9C97446E6A25->2573df58-4087-4dd0-8598-5abddcc696b9@group-CE3C0447B19C, cid=3986, SUCCESS, logIndex=6515, commits[2573df58-4087-4dd0-8598-5abddcc696b9:c6515]
2019-06-13 21:51:53,899 INFO  client.GrpcClientProtocolClient (GrpcClientProtocolClient.java:onNext(254)) - client-9C97446E6A25->2573df58-4087-4dd0-8598-5abddcc696b9: receive RaftClientReply:client-9C97446E6A25->2573df58-4087-4dd0-8598-5abddcc696b9@group-CE3C0447B19C, cid=3987, SUCCESS, logIndex=6516, commits[2573df58-4087-4dd0-8598-5abddcc696b9:c6518]
2019-06-13 21:51:53,899 INFO  client.GrpcClientProtocolClient (GrpcClientProtocolClient.java:onNext(254)) - client-9C97446E6A25->2573df58-4087-4dd0-8598-5abddcc696b9: receive RaftClientReply:client-9C97446E6A25->2573df58-4087-4dd0-8598-5abddcc696b9@group-CE3C0447B19C, cid=3988, SUCCESS, logIndex=6517, commits[2573df58-4087-4dd0-8598-5abddcc696b9:c6518]
2019-06-13 21:51:53,904 INFO  client.GrpcClientProtocolClient (GrpcClientProtocolClient.java:onNext(254)) - client-9C97446E6A25->2573df58-4087-4dd0-8598-5abddcc696b9: receive RaftClientReply:client-9C97446E6A25->2573df58-4087-4dd0-8598-5abddcc696b9@group-CE3C0447B19C, cid=3989, SUCCESS, logIndex=6519, commits[2573df58-4087-4dd0-8598-5abddcc696b9:c6519]
2019-06-13 21:51:53,905 INFO  client.GrpcClientProtocolClient (GrpcClientProtocolClient.java:onNext(254)) - client-9C97446E6A25->2573df58-4087-4dd0-8598-5abddcc696b9: receive RaftClientReply:client-9C97446E6A25->2573df58-4087-4dd0-8598-5abddcc696b9@group-CE3C0447B19C, cid=3990, SUCCESS, logIndex=6521, commits[2573df58-4087-4dd0-8598-5abddcc696b9:c6521]
2019-06-13 21:51:53,907 INFO  client.GrpcClientProtocolClient (GrpcClientProtocolClient.java:onNext(254)) - client-9C97446E6A25->2573df58-4087-4dd0-8598-5abddcc696b9: receive RaftClientReply:client-9C97446E6A25->2573df58-4087-4dd0-8598-5abddcc696b9@group-CE3C0447B19C, cid=3991, SUCCESS, logIndex=6522, commits[2573df58-4087-4dd0-8598-5abddcc696b9:c6524]
2019-06-13 21:51:53,907 INFO  client.GrpcClientProtocolClient (GrpcClientProtocolClient.java:onNext(254)) - client-9C97446E6A25->2573df58-4087-4dd0-8598-5abddcc696b9: receive RaftClientReply:client-9C97446E6A25->2573df58-4087-4dd0-8598-5abddcc696b9@group-CE3C0447B19C, cid=3992, SUCCESS, logIndex=6523, commits[2573df58-4087-4dd0-8598-5abddcc696b9:c6524]
2019-06-13 21:51:53,917 INFO  client.GrpcClientProtocolClient (GrpcClientProtocolClient.java:onNext(254)) - client-9C97446E6A25->2573df58-4087-4dd0-8598-5abddcc696b9: receive RaftClientReply:client-9C97446E6A25->2573df58-4087-4dd0-8598-5abddcc696b9@group-CE3C0447B19C, cid=3993, SUCCESS, logIndex=6525, commits[2573df58-4087-4dd0-8598-5abddcc696b9:c6525]
2019-06-13 21:51:53,918 INFO  client.GrpcClientProtocolClient (GrpcClientProtocolClient.java:onNext(254)) - client-9C97446E6A25->2573df58-4087-4dd0-8598-5abddcc696b9: receive RaftClientReply:client-9C97446E6A25->2573df58-4087-4dd0-8598-5abddcc696b9@group-CE3C0447B19C, cid=3994, SUCCESS, logIndex=6527, commits[2573df58-4087-4dd0-8598-5abddcc696b9:c6527]
2019-06-13 21:51:53,919 INFO  client.GrpcClientProtocolClient (GrpcClientProtocolClient.java:onNext(254)) - client-9C97446E6A25->2573df58-4087-4dd0-8598-5abddcc696b9: receive RaftClientReply:client-9C97446E6A25->2573df58-4087-4dd0-8598-5abddcc696b9@group-CE3C0447B19C, cid=3995, SUCCESS, logIndex=6528, commits[2573df58-4087-4dd0-8598-5abddcc696b9:c6530]
2019-06-13 21:51:53,919 INFO  client.GrpcClientProtocolClient (GrpcClientProtocolClient.java:onNext(254)) - client-9C97446E6A25->2573df58-4087-4dd0-8598-5abddcc696b9: receive RaftClientReply:client-9C97446E6A25->2573df58-4087-4dd0-8598-5abddcc696b9@group-CE3C0447B19C, cid=3996, SUCCESS, logIndex=6529, commits[2573df58-4087-4dd0-8598-5abddcc696b9:c6530]
2019-06-13 21:51:53,924 INFO  client.GrpcClientProtocolClient (GrpcClientProtocolClient.java:onNext(254)) - client-9C97446E6A25->2573df58-4087-4dd0-8598-5abddcc696b9: receive RaftClientReply:client-9C97446E6A25->2573df58-4087-4dd0-8598-5abddcc696b9@group-CE3C0447B19C, cid=3997, SUCCESS, logIndex=6531, commits[2573df58-4087-4dd0-8598-5abddcc696b9:c6531]
2019-06-13 21:51:53,925 INFO  client.GrpcClientProtocolClient (GrpcClientProtocolClient.java:onNext(254)) - client-9C97446E6A25->2573df58-4087-4dd0-8598-5abddcc696b9: receive RaftClientReply:client-9C97446E6A25->2573df58-4087-4dd0-8598-5abddcc696b9@group-CE3C0447B19C, cid=3998, SUCCESS, logIndex=6533, commits[2573df58-4087-4dd0-8598-5abddcc696b9:c6533]
2019-06-13 21:51:53,926 INFO  client.GrpcClientProtocolClient (GrpcClientProtocolClient.java:onNext(254)) - client-9C97446E6A25->2573df58-4087-4dd0-8598-5abddcc696b9: receive RaftClientReply:client-9C97446E6A25->2573df58-4087-4dd0-8598-5abddcc696b9@group-CE3C0447B19C, cid=3999, SUCCESS, logIndex=6534, commits[2573df58-4087-4dd0-8598-5abddcc696b9:c6536]
2019-06-13 21:51:53,926 INFO  client.GrpcClientProtocolClient (GrpcClientProtocolClient.java:onNext(254)) - client-9C97446E6A25->2573df58-4087-4dd0-8598-5abddcc696b9: receive RaftClientReply:client-9C97446E6A25->2573df58-4087-4dd0-8598-5abddcc696b9@group-CE3C0447B19C, cid=4000, SUCCESS, logIndex=6535, commits[2573df58-4087-4dd0-8598-5abddcc696b9:c6536]
2019-06-13 21:51:53,937 INFO  client.GrpcClientProtocolClient (GrpcClientProtocolClient.java:onNext(254)) - client-9C97446E6A25->2573df58-4087-4dd0-8598-5abddcc696b9: receive RaftClientReply:client-9C97446E6A25->2573df58-4087-4dd0-8598-5abddcc696b9@group-CE3C0447B19C, cid=4001, SUCCESS, logIndex=6537, commits[2573df58-4087-4dd0-8598-5abddcc696b9:c6537]
2019-06-13 21:51:53,938 INFO  client.GrpcClientProtocolClient (GrpcClientProtocolClient.java:onNext(254)) - client-9C97446E6A25->2573df58-4087-4dd0-8598-5abddcc696b9: receive RaftClientReply:client-9C97446E6A25->2573df58-4087-4dd0-8598-5abddcc696b9@group-CE3C0447B19C, cid=4002, SUCCESS, logIndex=6539, commits[2573df58-4087-4dd0-8598-5abddcc696b9:c6539]
2019-06-13 21:51:53,939 INFO  client.GrpcClientProtocolClient (GrpcClientProtocolClient.java:onNext(254)) - client-9C97446E6A25->2573df58-4087-4dd0-8598-5abddcc696b9: receive RaftClientReply:client-9C97446E6A25->2573df58-4087-4dd0-8598-5abddcc696b9@group-CE3C0447B19C, cid=4003, SUCCESS, logIndex=6540, commits[2573df58-4087-4dd0-8598-5abddcc696b9:c6542]
2019-06-13 21:51:53,939 INFO  client.GrpcClientProtocolClient (GrpcClientProtocolClient.java:onNext(254)) - client-9C97446E6A25->2573df58-4087-4dd0-8598-5abddcc696b9: receive RaftClientReply:client-9C97446E6A25->2573df58-4087-4dd0-8598-5abddcc696b9@group-CE3C0447B19C, cid=4004, SUCCESS, logIndex=6541, commits[2573df58-4087-4dd0-8598-5abddcc696b9:c6542]
2019-06-13 21:51:53,944 INFO  client.GrpcClientProtocolClient (GrpcClientProtocolClient.java:onNext(254)) - client-9C97446E6A25->2573df58-4087-4dd0-8598-5abddcc696b9: receive RaftClientReply:client-9C97446E6A25->2573df58-4087-4dd0-8598-5abddcc696b9@group-CE3C0447B19C, cid=4005, SUCCESS, logIndex=6543, commits[2573df58-4087-4dd0-8598-5abddcc696b9:c6543]
2019-06-13 21:51:53,944 INFO  storage.RaftLogWorker (RaftLogWorker.java:rollLogSegment(303)) - 2573df58-4087-4dd0-8598-5abddcc696b9-RaftLogWorker: Rolling segment log-6477_6544 to index:6544
2019-06-13 21:51:53,944 INFO  storage.RaftLogWorker (RaftLogWorker.java:execute(433)) - 2573df58-4087-4dd0-8598-5abddcc696b9-RaftLogWorker: Rolled log segment from /opt/src/hadoop-ozone/integration-test/target/test-dir/MiniOzoneClusterImpl-8578056e-9b7b-4e66-9e9f-ef53d5cd7c03/datanode-0/data/ratis/7f5c2536-ed89-4233-9ec0-ce3c0447b19c/current/log_inprogress_6477 to /opt/src/hadoop-ozone/integration-test/target/test-dir/MiniOzoneClusterImpl-8578056e-9b7b-4e66-9e9f-ef53d5cd7c03/datanode-0/data/ratis/7f5c2536-ed89-4233-9ec0-ce3c0447b19c/current/log_6477-6544
2019-06-13 21:51:53,964 DEBUG block.SCMBlockDeletingService (SCMBlockDeletingService.java:call(138)) - Running DeletedBlockTransactionScanner
2019-06-13 21:51:53,964 DEBUG block.SCMBlockDeletingService (SCMBlockDeletingService.java:call(155)) - Scanned deleted blocks log and got 0 delTX to process.
2019-06-13 21:51:53,983 INFO  storage.RaftLogWorker (RaftLogWorker.java:execute(469)) - 2573df58-4087-4dd0-8598-5abddcc696b9-RaftLogWorker: created new log segment /opt/src/hadoop-ozone/integration-test/target/test-dir/MiniOzoneClusterImpl-8578056e-9b7b-4e66-9e9f-ef53d5cd7c03/datanode-0/data/ratis/7f5c2536-ed89-4233-9ec0-ce3c0447b19c/current/log_inprogress_6545
2019-06-13 21:51:53,984 INFO  client.GrpcClientProtocolClient (GrpcClientProtocolClient.java:onNext(254)) - client-9C97446E6A25->2573df58-4087-4dd0-8598-5abddcc696b9: receive RaftClientReply:client-9C97446E6A25->2573df58-4087-4dd0-8598-5abddcc696b9@group-CE3C0447B19C, cid=4006, SUCCESS, logIndex=6545, commits[2573df58-4087-4dd0-8598-5abddcc696b9:c6547]
2019-06-13 21:51:53,985 INFO  client.GrpcClientProtocolClient (GrpcClientProtocolClient.java:onNext(254)) - client-9C97446E6A25->2573df58-4087-4dd0-8598-5abddcc696b9: receive RaftClientReply:client-9C97446E6A25->2573df58-4087-4dd0-8598-5abddcc696b9@group-CE3C0447B19C, cid=4007, SUCCESS, logIndex=6546, commits[2573df58-4087-4dd0-8598-5abddcc696b9:c6548]
2019-06-13 21:51:53,985 INFO  client.GrpcClientProtocolClient (GrpcClientProtocolClient.java:onNext(254)) - client-9C97446E6A25->2573df58-4087-4dd0-8598-5abddcc696b9: receive RaftClientReply:client-9C97446E6A25->2573df58-4087-4dd0-8598-5abddcc696b9@group-CE3C0447B19C, cid=4008, SUCCESS, logIndex=6547, commits[2573df58-4087-4dd0-8598-5abddcc696b9:c6548]
2019-06-13 21:51:53,996 INFO  client.GrpcClientProtocolClient (GrpcClientProtocolClient.java:onNext(254)) - client-9C97446E6A25->2573df58-4087-4dd0-8598-5abddcc696b9: receive RaftClientReply:client-9C97446E6A25->2573df58-4087-4dd0-8598-5abddcc696b9@group-CE3C0447B19C, cid=4009, SUCCESS, logIndex=6549, commits[2573df58-4087-4dd0-8598-5abddcc696b9:c6549]
2019-06-13 21:51:53,997 INFO  client.GrpcClientProtocolClient (GrpcClientProtocolClient.java:onNext(254)) - client-9C97446E6A25->2573df58-4087-4dd0-8598-5abddcc696b9: receive RaftClientReply:client-9C97446E6A25->2573df58-4087-4dd0-8598-5abddcc696b9@group-CE3C0447B19C, cid=4010, SUCCESS, logIndex=6551, commits[2573df58-4087-4dd0-8598-5abddcc696b9:c6551]
2019-06-13 21:51:53,998 INFO  client.GrpcClientProtocolClient (GrpcClientProtocolClient.java:onNext(254)) - client-9C97446E6A25->2573df58-4087-4dd0-8598-5abddcc696b9: receive RaftClientReply:client-9C97446E6A25->2573df58-4087-4dd0-8598-5abddcc696b9@group-CE3C0447B19C, cid=4011, SUCCESS, logIndex=6552, commits[2573df58-4087-4dd0-8598-5abddcc696b9:c6554]
2019-06-13 21:51:53,999 INFO  client.GrpcClientProtocolClient (GrpcClientProtocolClient.java:onNext(254)) - client-9C97446E6A25->2573df58-4087-4dd0-8598-5abddcc696b9: receive RaftClientReply:client-9C97446E6A25->2573df58-4087-4dd0-8598-5abddcc696b9@group-CE3C0447B19C, cid=4012, SUCCESS, logIndex=6553, commits[2573df58-4087-4dd0-8598-5abddcc696b9:c6554]
2019-06-13 21:51:54,004 INFO  client.GrpcClientProtocolClient (GrpcClientProtocolClient.java:onNext(254)) - client-9C97446E6A25->2573df58-4087-4dd0-8598-5abddcc696b9: receive RaftClientReply:client-9C97446E6A25->2573df58-4087-4dd0-8598-5abddcc696b9@group-CE3C0447B19C, cid=4013, SUCCESS, logIndex=6555, commits[2573df58-4087-4dd0-8598-5abddcc696b9:c6555]
2019-06-13 21:51:54,005 INFO  client.GrpcClientProtocolClient (GrpcClientProtocolClient.java:onNext(254)) - client-9C97446E6A25->2573df58-4087-4dd0-8598-5abddcc696b9: receive RaftClientReply:client-9C97446E6A25->2573df58-4087-4dd0-8598-5abddcc696b9@group-CE3C0447B19C, cid=4014, SUCCESS, logIndex=6557, commits[2573df58-4087-4dd0-8598-5abddcc696b9:c6557]
2019-06-13 21:51:54,006 INFO  client.GrpcClientProtocolClient (GrpcClientProtocolClient.java:onNext(254)) - client-9C97446E6A25->2573df58-4087-4dd0-8598-5abddcc696b9: receive RaftClientReply:client-9C97446E6A25->2573df58-4087-4dd0-8598-5abddcc696b9@group-CE3C0447B19C, cid=4015, SUCCESS, logIndex=6558, commits[2573df58-4087-4dd0-8598-5abddcc696b9:c6560]
2019-06-13 21:51:54,006 INFO  client.GrpcClientProtocolClient (GrpcClientProtocolClient.java:onNext(254)) - client-9C97446E6A25->2573df58-4087-4dd0-8598-5abddcc696b9: receive RaftClientReply:client-9C97446E6A25->2573df58-4087-4dd0-8598-5abddcc696b9@group-CE3C0447B19C, cid=4016, SUCCESS, logIndex=6559, commits[2573df58-4087-4dd0-8598-5abddcc696b9:c6560]
2019-06-13 21:51:54,016 INFO  client.GrpcClientProtocolClient (GrpcClientProtocolClient.java:onNext(254)) - client-9C97446E6A25->2573df58-4087-4dd0-8598-5abddcc696b9: receive RaftClientReply:client-9C97446E6A25->2573df58-4087-4dd0-8598-5abddcc696b9@group-CE3C0447B19C, cid=4017, SUCCESS, logIndex=6561, commits[2573df58-4087-4dd0-8598-5abddcc696b9:c6561]
2019-06-13 21:51:54,017 INFO  client.GrpcClientProtocolClient (GrpcClientProtocolClient.java:onNext(254)) - client-9C97446E6A25->2573df58-4087-4dd0-8598-5abddcc696b9: receive RaftClientReply:client-9C97446E6A25->2573df58-4087-4dd0-8598-5abddcc696b9@group-CE3C0447B19C, cid=4018, SUCCESS, logIndex=6563, commits[2573df58-4087-4dd0-8598-5abddcc696b9:c6563]
2019-06-13 21:51:54,018 INFO  client.GrpcClientProtocolClient (GrpcClientProtocolClient.java:onNext(254)) - client-9C97446E6A25->2573df58-4087-4dd0-8598-5abddcc696b9: receive RaftClientReply:client-9C97446E6A25->2573df58-4087-4dd0-8598-5abddcc696b9@group-CE3C0447B19C, cid=4019, SUCCESS, logIndex=6564, commits[2573df58-4087-4dd0-8598-5abddcc696b9:c6566]
2019-06-13 21:51:54,018 INFO  client.GrpcClientProtocolClient (GrpcClientProtocolClient.java:onNext(254)) - client-9C97446E6A25->2573df58-4087-4dd0-8598-5abddcc696b9: receive RaftClientReply:client-9C97446E6A25->2573df58-4087-4dd0-8598-5abddcc696b9@group-CE3C0447B19C, cid=4020, SUCCESS, logIndex=6565, commits[2573df58-4087-4dd0-8598-5abddcc696b9:c6566]
2019-06-13 21:51:54,023 INFO  client.GrpcClientProtocolClient (GrpcClientProtocolClient.java:onNext(254)) - client-9C97446E6A25->2573df58-4087-4dd0-8598-5abddcc696b9: receive RaftClientReply:client-9C97446E6A25->2573df58-4087-4dd0-8598-5abddcc696b9@group-CE3C0447B19C, cid=4021, SUCCESS, logIndex=6567, commits[2573df58-4087-4dd0-8598-5abddcc696b9:c6567]
2019-06-13 21:51:54,024 INFO  client.GrpcClientProtocolClient (GrpcClientProtocolClient.java:onNext(254)) - client-9C97446E6A25->2573df58-4087-4dd0-8598-5abddcc696b9: receive RaftClientReply:client-9C97446E6A25->2573df58-4087-4dd0-8598-5abddcc696b9@group-CE3C0447B19C, cid=4022, SUCCESS, logIndex=6569, commits[2573df58-4087-4dd0-8598-5abddcc696b9:c6569]
2019-06-13 21:51:54,064 DEBUG block.SCMBlockDeletingService (SCMBlockDeletingService.java:call(138)) - Running DeletedBlockTransactionScanner
2019-06-13 21:51:54,064 DEBUG block.SCMBlockDeletingService (SCMBlockDeletingService.java:call(155)) - Scanned deleted blocks log and got 0 delTX to process.
2019-06-13 21:51:54,093 INFO  client.GrpcClientProtocolClient (GrpcClientProtocolClient.java:onNext(254)) - client-9C97446E6A25->2573df58-4087-4dd0-8598-5abddcc696b9: receive RaftClientReply:client-9C97446E6A25->2573df58-4087-4dd0-8598-5abddcc696b9@group-CE3C0447B19C, cid=4023, SUCCESS, logIndex=6571, commits[2573df58-4087-4dd0-8598-5abddcc696b9:c6571]
2019-06-13 21:51:54,094 INFO  client.GrpcClientProtocolClient (GrpcClientProtocolClient.java:onNext(254)) - client-9C97446E6A25->2573df58-4087-4dd0-8598-5abddcc696b9: receive RaftClientReply:client-9C97446E6A25->2573df58-4087-4dd0-8598-5abddcc696b9@group-CE3C0447B19C, cid=4024, SUCCESS, logIndex=6573, commits[2573df58-4087-4dd0-8598-5abddcc696b9:c6573]
2019-06-13 21:51:54,104 INFO  client.GrpcClientProtocolClient (GrpcClientProtocolClient.java:onNext(254)) - client-9C97446E6A25->2573df58-4087-4dd0-8598-5abddcc696b9: receive RaftClientReply:client-9C97446E6A25->2573df58-4087-4dd0-8598-5abddcc696b9@group-CE3C0447B19C, cid=4025, SUCCESS, logIndex=6575, commits[2573df58-4087-4dd0-8598-5abddcc696b9:c6575]
2019-06-13 21:51:54,105 INFO  client.GrpcClientProtocolClient (GrpcClientProtocolClient.java:onNext(254)) - client-9C97446E6A25->2573df58-4087-4dd0-8598-5abddcc696b9: receive RaftClientReply:client-9C97446E6A25->2573df58-4087-4dd0-8598-5abddcc696b9@group-CE3C0447B19C, cid=4026, SUCCESS, logIndex=6577, commits[2573df58-4087-4dd0-8598-5abddcc696b9:c6577]
2019-06-13 21:51:54,106 INFO  client.GrpcClientProtocolClient (GrpcClientProtocolClient.java:onNext(254)) - client-9C97446E6A25->2573df58-4087-4dd0-8598-5abddcc696b9: receive RaftClientReply:client-9C97446E6A25->2573df58-4087-4dd0-8598-5abddcc696b9@group-CE3C0447B19C, cid=4027, SUCCESS, logIndex=6578, commits[2573df58-4087-4dd0-8598-5abddcc696b9:c6580]
2019-06-13 21:51:54,106 INFO  client.GrpcClientProtocolClient (GrpcClientProtocolClient.java:onNext(254)) - client-9C97446E6A25->2573df58-4087-4dd0-8598-5abddcc696b9: receive RaftClientReply:client-9C97446E6A25->2573df58-4087-4dd0-8598-5abddcc696b9@group-CE3C0447B19C, cid=4028, SUCCESS, logIndex=6579, commits[2573df58-4087-4dd0-8598-5abddcc696b9:c6580]
2019-06-13 21:51:54,150 INFO  client.GrpcClientProtocolClient (GrpcClientProtocolClient.java:onNext(254)) - client-9C97446E6A25->2573df58-4087-4dd0-8598-5abddcc696b9: receive RaftClientReply:client-9C97446E6A25->2573df58-4087-4dd0-8598-5abddcc696b9@group-CE3C0447B19C, cid=4029, SUCCESS, logIndex=6581, commits[2573df58-4087-4dd0-8598-5abddcc696b9:c6581]
2019-06-13 21:51:54,155 INFO  client.GrpcClientProtocolClient (GrpcClientProtocolClient.java:onNext(254)) - client-9C97446E6A25->2573df58-4087-4dd0-8598-5abddcc696b9: receive RaftClientReply:client-9C97446E6A25->2573df58-4087-4dd0-8598-5abddcc696b9@group-CE3C0447B19C, cid=4030, SUCCESS, logIndex=6583, commits[2573df58-4087-4dd0-8598-5abddcc696b9:c6583]
2019-06-13 21:51:54,155 INFO  client.GrpcClientProtocolClient (GrpcClientProtocolClient.java:onNext(254)) - client-9C97446E6A25->2573df58-4087-4dd0-8598-5abddcc696b9: receive RaftClientReply:client-9C97446E6A25->2573df58-4087-4dd0-8598-5abddcc696b9@group-CE3C0447B19C, cid=4031, SUCCESS, logIndex=6585, commits[2573df58-4087-4dd0-8598-5abddcc696b9:c6586]
2019-06-13 21:51:54,155 INFO  client.GrpcClientProtocolClient (GrpcClientProtocolClient.java:onNext(254)) - client-9C97446E6A25->2573df58-4087-4dd0-8598-5abddcc696b9: receive RaftClientReply:client-9C97446E6A25->2573df58-4087-4dd0-8598-5abddcc696b9@group-CE3C0447B19C, cid=4032, SUCCESS, logIndex=6586, commits[2573df58-4087-4dd0-8598-5abddcc696b9:c6586]
2019-06-13 21:51:54,165 DEBUG block.SCMBlockDeletingService (SCMBlockDeletingService.java:call(138)) - Running DeletedBlockTransactionScanner
2019-06-13 21:51:54,165 DEBUG block.SCMBlockDeletingService (SCMBlockDeletingService.java:call(155)) - Scanned deleted blocks log and got 0 delTX to process.
2019-06-13 21:51:54,166 INFO  client.GrpcClientProtocolClient (GrpcClientProtocolClient.java:onNext(254)) - client-9C97446E6A25->2573df58-4087-4dd0-8598-5abddcc696b9: receive RaftClientReply:client-9C97446E6A25->2573df58-4087-4dd0-8598-5abddcc696b9@group-CE3C0447B19C, cid=4033, SUCCESS, logIndex=6588, commits[2573df58-4087-4dd0-8598-5abddcc696b9:c6588]
2019-06-13 21:51:54,167 INFO  client.GrpcClientProtocolClient (GrpcClientProtocolClient.java:onNext(254)) - client-9C97446E6A25->2573df58-4087-4dd0-8598-5abddcc696b9: receive RaftClientReply:client-9C97446E6A25->2573df58-4087-4dd0-8598-5abddcc696b9@group-CE3C0447B19C, cid=4034, SUCCESS, logIndex=6590, commits[2573df58-4087-4dd0-8598-5abddcc696b9:c6590]
2019-06-13 21:51:54,168 INFO  client.GrpcClientProtocolClient (GrpcClientProtocolClient.java:onNext(254)) - client-9C97446E6A25->2573df58-4087-4dd0-8598-5abddcc696b9: receive RaftClientReply:client-9C97446E6A25->2573df58-4087-4dd0-8598-5abddcc696b9@group-CE3C0447B19C, cid=4035, SUCCESS, logIndex=6591, commits[2573df58-4087-4dd0-8598-5abddcc696b9:c6593]
2019-06-13 21:51:54,169 INFO  client.GrpcClientProtocolClient (GrpcClientProtocolClient.java:onNext(254)) - client-9C97446E6A25->2573df58-4087-4dd0-8598-5abddcc696b9: receive RaftClientReply:client-9C97446E6A25->2573df58-4087-4dd0-8598-5abddcc696b9@group-CE3C0447B19C, cid=4036, SUCCESS, logIndex=6592, commits[2573df58-4087-4dd0-8598-5abddcc696b9:c6593]
2019-06-13 21:51:54,173 INFO  client.GrpcClientProtocolClient (GrpcClientProtocolClient.java:onNext(254)) - client-9C97446E6A25->2573df58-4087-4dd0-8598-5abddcc696b9: receive RaftClientReply:client-9C97446E6A25->2573df58-4087-4dd0-8598-5abddcc696b9@group-CE3C0447B19C, cid=4037, SUCCESS, logIndex=6594, commits[2573df58-4087-4dd0-8598-5abddcc696b9:c6594]
2019-06-13 21:51:54,174 INFO  client.GrpcClientProtocolClient (GrpcClientProtocolClient.java:onNext(254)) - client-9C97446E6A25->2573df58-4087-4dd0-8598-5abddcc696b9: receive RaftClientReply:client-9C97446E6A25->2573df58-4087-4dd0-8598-5abddcc696b9@group-CE3C0447B19C, cid=4038, SUCCESS, logIndex=6596, commits[2573df58-4087-4dd0-8598-5abddcc696b9:c6596]
2019-06-13 21:51:54,175 INFO  client.GrpcClientProtocolClient (GrpcClientProtocolClient.java:onNext(254)) - client-9C97446E6A25->2573df58-4087-4dd0-8598-5abddcc696b9: receive RaftClientReply:client-9C97446E6A25->2573df58-4087-4dd0-8598-5abddcc696b9@group-CE3C0447B19C, cid=4039, SUCCESS, logIndex=6597, commits[2573df58-4087-4dd0-8598-5abddcc696b9:c6599]
2019-06-13 21:51:54,176 INFO  client.GrpcClientProtocolClient (GrpcClientProtocolClient.java:onNext(254)) - client-9C97446E6A25->2573df58-4087-4dd0-8598-5abddcc696b9: receive RaftClientReply:client-9C97446E6A25->2573df58-4087-4dd0-8598-5abddcc696b9@group-CE3C0447B19C, cid=4040, SUCCESS, logIndex=6598, commits[2573df58-4087-4dd0-8598-5abddcc696b9:c6599]
2019-06-13 21:51:54,186 INFO  client.GrpcClientProtocolClient (GrpcClientProtocolClient.java:onNext(254)) - client-9C97446E6A25->2573df58-4087-4dd0-8598-5abddcc696b9: receive RaftClientReply:client-9C97446E6A25->2573df58-4087-4dd0-8598-5abddcc696b9@group-CE3C0447B19C, cid=4041, SUCCESS, logIndex=6600, commits[2573df58-4087-4dd0-8598-5abddcc696b9:c6600]
2019-06-13 21:51:54,188 INFO  client.GrpcClientProtocolClient (GrpcClientProtocolClient.java:onNext(254)) - client-9C97446E6A25->2573df58-4087-4dd0-8598-5abddcc696b9: receive RaftClientReply:client-9C97446E6A25->2573df58-4087-4dd0-8598-5abddcc696b9@group-CE3C0447B19C, cid=4042, SUCCESS, logIndex=6602, commits[2573df58-4087-4dd0-8598-5abddcc696b9:c6602]
2019-06-13 21:51:54,188 INFO  client.GrpcClientProtocolClient (GrpcClientProtocolClient.java:onNext(254)) - client-9C97446E6A25->2573df58-4087-4dd0-8598-5abddcc696b9: receive RaftClientReply:client-9C97446E6A25->2573df58-4087-4dd0-8598-5abddcc696b9@group-CE3C0447B19C, cid=4043, SUCCESS, logIndex=6603, commits[2573df58-4087-4dd0-8598-5abddcc696b9:c6605]
2019-06-13 21:51:54,189 INFO  client.GrpcClientProtocolClient (GrpcClientProtocolClient.java:onNext(254)) - client-9C97446E6A25->2573df58-4087-4dd0-8598-5abddcc696b9: receive RaftClientReply:client-9C97446E6A25->2573df58-4087-4dd0-8598-5abddcc696b9@group-CE3C0447B19C, cid=4044, SUCCESS, logIndex=6605, commits[2573df58-4087-4dd0-8598-5abddcc696b9:c6605]
2019-06-13 21:51:54,193 INFO  client.GrpcClientProtocolClient (GrpcClientProtocolClient.java:onNext(254)) - client-9C97446E6A25->2573df58-4087-4dd0-8598-5abddcc696b9: receive RaftClientReply:client-9C97446E6A25->2573df58-4087-4dd0-8598-5abddcc696b9@group-CE3C0447B19C, cid=4045, SUCCESS, logIndex=6607, commits[2573df58-4087-4dd0-8598-5abddcc696b9:c6607]
2019-06-13 21:51:54,194 INFO  client.GrpcClientProtocolClient (GrpcClientProtocolClient.java:onNext(254)) - client-9C97446E6A25->2573df58-4087-4dd0-8598-5abddcc696b9: receive RaftClientReply:client-9C97446E6A25->2573df58-4087-4dd0-8598-5abddcc696b9@group-CE3C0447B19C, cid=4046, SUCCESS, logIndex=6609, commits[2573df58-4087-4dd0-8598-5abddcc696b9:c6609]
2019-06-13 21:51:54,196 INFO  client.GrpcClientProtocolClient (GrpcClientProtocolClient.java:onNext(254)) - client-9C97446E6A25->2573df58-4087-4dd0-8598-5abddcc696b9: receive RaftClientReply:client-9C97446E6A25->2573df58-4087-4dd0-8598-5abddcc696b9@group-CE3C0447B19C, cid=4047, SUCCESS, logIndex=6610, commits[2573df58-4087-4dd0-8598-5abddcc696b9:c6612]
2019-06-13 21:51:54,196 INFO  client.GrpcClientProtocolClient (GrpcClientProtocolClient.java:onNext(254)) - client-9C97446E6A25->2573df58-4087-4dd0-8598-5abddcc696b9: receive RaftClientReply:client-9C97446E6A25->2573df58-4087-4dd0-8598-5abddcc696b9@group-CE3C0447B19C, cid=4048, SUCCESS, logIndex=6611, commits[2573df58-4087-4dd0-8598-5abddcc696b9:c6612]
2019-06-13 21:51:54,203 INFO  storage.RaftLogWorker (RaftLogWorker.java:rollLogSegment(303)) - 2573df58-4087-4dd0-8598-5abddcc696b9-RaftLogWorker: Rolling segment log-6545_6612 to index:6612
2019-06-13 21:51:54,204 INFO  storage.RaftLogWorker (RaftLogWorker.java:execute(433)) - 2573df58-4087-4dd0-8598-5abddcc696b9-RaftLogWorker: Rolled log segment from /opt/src/hadoop-ozone/integration-test/target/test-dir/MiniOzoneClusterImpl-8578056e-9b7b-4e66-9e9f-ef53d5cd7c03/datanode-0/data/ratis/7f5c2536-ed89-4233-9ec0-ce3c0447b19c/current/log_inprogress_6545 to /opt/src/hadoop-ozone/integration-test/target/test-dir/MiniOzoneClusterImpl-8578056e-9b7b-4e66-9e9f-ef53d5cd7c03/datanode-0/data/ratis/7f5c2536-ed89-4233-9ec0-ce3c0447b19c/current/log_6545-6612
2019-06-13 21:51:54,240 INFO  storage.RaftLogWorker (RaftLogWorker.java:execute(469)) - 2573df58-4087-4dd0-8598-5abddcc696b9-RaftLogWorker: created new log segment /opt/src/hadoop-ozone/integration-test/target/test-dir/MiniOzoneClusterImpl-8578056e-9b7b-4e66-9e9f-ef53d5cd7c03/datanode-0/data/ratis/7f5c2536-ed89-4233-9ec0-ce3c0447b19c/current/log_inprogress_6613
2019-06-13 21:51:54,241 INFO  client.GrpcClientProtocolClient (GrpcClientProtocolClient.java:onNext(254)) - client-9C97446E6A25->2573df58-4087-4dd0-8598-5abddcc696b9: receive RaftClientReply:client-9C97446E6A25->2573df58-4087-4dd0-8598-5abddcc696b9@group-CE3C0447B19C, cid=4049, SUCCESS, logIndex=6613, commits[2573df58-4087-4dd0-8598-5abddcc696b9:c6613]
2019-06-13 21:51:54,242 INFO  client.GrpcClientProtocolClient (GrpcClientProtocolClient.java:onNext(254)) - client-9C97446E6A25->2573df58-4087-4dd0-8598-5abddcc696b9: receive RaftClientReply:client-9C97446E6A25->2573df58-4087-4dd0-8598-5abddcc696b9@group-CE3C0447B19C, cid=4050, SUCCESS, logIndex=6615, commits[2573df58-4087-4dd0-8598-5abddcc696b9:c6615]
2019-06-13 21:51:54,244 INFO  client.GrpcClientProtocolClient (GrpcClientProtocolClient.java:onNext(254)) - client-9C97446E6A25->2573df58-4087-4dd0-8598-5abddcc696b9: receive RaftClientReply:client-9C97446E6A25->2573df58-4087-4dd0-8598-5abddcc696b9@group-CE3C0447B19C, cid=4051, SUCCESS, logIndex=6616, commits[2573df58-4087-4dd0-8598-5abddcc696b9:c6618]
2019-06-13 21:51:54,244 INFO  client.GrpcClientProtocolClient (GrpcClientProtocolClient.java:onNext(254)) - client-9C97446E6A25->2573df58-4087-4dd0-8598-5abddcc696b9: receive RaftClientReply:client-9C97446E6A25->2573df58-4087-4dd0-8598-5abddcc696b9@group-CE3C0447B19C, cid=4052, SUCCESS, logIndex=6617, commits[2573df58-4087-4dd0-8598-5abddcc696b9:c6618]
2019-06-13 21:51:54,249 INFO  client.GrpcClientProtocolClient (GrpcClientProtocolClient.java:onNext(254)) - client-9C97446E6A25->2573df58-4087-4dd0-8598-5abddcc696b9: receive RaftClientReply:client-9C97446E6A25->2573df58-4087-4dd0-8598-5abddcc696b9@group-CE3C0447B19C, cid=4053, SUCCESS, logIndex=6619, commits[2573df58-4087-4dd0-8598-5abddcc696b9:c6619]
2019-06-13 21:51:54,250 INFO  client.GrpcClientProtocolClient (GrpcClientProtocolClient.java:onNext(254)) - client-9C97446E6A25->2573df58-4087-4dd0-8598-5abddcc696b9: receive RaftClientReply:client-9C97446E6A25->2573df58-4087-4dd0-8598-5abddcc696b9@group-CE3C0447B19C, cid=4054, SUCCESS, logIndex=6621, commits[2573df58-4087-4dd0-8598-5abddcc696b9:c6621]
2019-06-13 21:51:54,251 INFO  client.GrpcClientProtocolClient (GrpcClientProtocolClient.java:onNext(254)) - client-9C97446E6A25->2573df58-4087-4dd0-8598-5abddcc696b9: receive RaftClientReply:client-9C97446E6A25->2573df58-4087-4dd0-8598-5abddcc696b9@group-CE3C0447B19C, cid=4055, SUCCESS, logIndex=6622, commits[2573df58-4087-4dd0-8598-5abddcc696b9:c6624]
2019-06-13 21:51:54,251 INFO  client.GrpcClientProtocolClient (GrpcClientProtocolClient.java:onNext(254)) - client-9C97446E6A25->2573df58-4087-4dd0-8598-5abddcc696b9: receive RaftClientReply:client-9C97446E6A25->2573df58-4087-4dd0-8598-5abddcc696b9@group-CE3C0447B19C, cid=4056, SUCCESS, logIndex=6623, commits[2573df58-4087-4dd0-8598-5abddcc696b9:c6624]
2019-06-13 21:51:54,261 INFO  client.GrpcClientProtocolClient (GrpcClientProtocolClient.java:onNext(254)) - client-9C97446E6A25->2573df58-4087-4dd0-8598-5abddcc696b9: receive RaftClientReply:client-9C97446E6A25->2573df58-4087-4dd0-8598-5abddcc696b9@group-CE3C0447B19C, cid=4057, SUCCESS, logIndex=6625, commits[2573df58-4087-4dd0-8598-5abddcc696b9:c6625]
2019-06-13 21:51:54,262 INFO  client.GrpcClientProtocolClient (GrpcClientProtocolClient.java:onNext(254)) - client-9C97446E6A25->2573df58-4087-4dd0-8598-5abddcc696b9: receive RaftClientReply:client-9C97446E6A25->2573df58-4087-4dd0-8598-5abddcc696b9@group-CE3C0447B19C, cid=4058, SUCCESS, logIndex=6627, commits[2573df58-4087-4dd0-8598-5abddcc696b9:c6627]
2019-06-13 21:51:54,264 INFO  client.GrpcClientProtocolClient (GrpcClientProtocolClient.java:onNext(254)) - client-9C97446E6A25->2573df58-4087-4dd0-8598-5abddcc696b9: receive RaftClientReply:client-9C97446E6A25->2573df58-4087-4dd0-8598-5abddcc696b9@group-CE3C0447B19C, cid=4059, SUCCESS, logIndex=6628, commits[2573df58-4087-4dd0-8598-5abddcc696b9:c6630]
2019-06-13 21:51:54,265 DEBUG block.SCMBlockDeletingService (SCMBlockDeletingService.java:call(138)) - Running DeletedBlockTransactionScanner
2019-06-13 21:51:54,265 DEBUG block.SCMBlockDeletingService (SCMBlockDeletingService.java:call(155)) - Scanned deleted blocks log and got 0 delTX to process.
2019-06-13 21:51:54,266 INFO  client.GrpcClientProtocolClient (GrpcClientProtocolClient.java:onNext(254)) - client-9C97446E6A25->2573df58-4087-4dd0-8598-5abddcc696b9: receive RaftClientReply:client-9C97446E6A25->2573df58-4087-4dd0-8598-5abddcc696b9@group-CE3C0447B19C, cid=4060, SUCCESS, logIndex=6629, commits[2573df58-4087-4dd0-8598-5abddcc696b9:c6630]
2019-06-13 21:51:54,271 INFO  client.GrpcClientProtocolClient (GrpcClientProtocolClient.java:onNext(254)) - client-9C97446E6A25->2573df58-4087-4dd0-8598-5abddcc696b9: receive RaftClientReply:client-9C97446E6A25->2573df58-4087-4dd0-8598-5abddcc696b9@group-CE3C0447B19C, cid=4061, SUCCESS, logIndex=6631, commits[2573df58-4087-4dd0-8598-5abddcc696b9:c6631]
2019-06-13 21:51:54,272 INFO  client.GrpcClientProtocolClient (GrpcClientProtocolClient.java:onNext(254)) - client-9C97446E6A25->2573df58-4087-4dd0-8598-5abddcc696b9: receive RaftClientReply:client-9C97446E6A25->2573df58-4087-4dd0-8598-5abddcc696b9@group-CE3C0447B19C, cid=4062, SUCCESS, logIndex=6633, commits[2573df58-4087-4dd0-8598-5abddcc696b9:c6633]
2019-06-13 21:51:54,273 INFO  client.GrpcClientProtocolClient (GrpcClientProtocolClient.java:onNext(254)) - client-9C97446E6A25->2573df58-4087-4dd0-8598-5abddcc696b9: receive RaftClientReply:client-9C97446E6A25->2573df58-4087-4dd0-8598-5abddcc696b9@group-CE3C0447B19C, cid=4063, SUCCESS, logIndex=6634, commits[2573df58-4087-4dd0-8598-5abddcc696b9:c6636]
2019-06-13 21:51:54,274 INFO  client.GrpcClientProtocolClient (GrpcClientProtocolClient.java:onNext(254)) - client-9C97446E6A25->2573df58-4087-4dd0-8598-5abddcc696b9: receive RaftClientReply:client-9C97446E6A25->2573df58-4087-4dd0-8598-5abddcc696b9@group-CE3C0447B19C, cid=4064, SUCCESS, logIndex=6635, commits[2573df58-4087-4dd0-8598-5abddcc696b9:c6636]
2019-06-13 21:51:54,284 INFO  client.GrpcClientProtocolClient (GrpcClientProtocolClient.java:onNext(254)) - client-9C97446E6A25->2573df58-4087-4dd0-8598-5abddcc696b9: receive RaftClientReply:client-9C97446E6A25->2573df58-4087-4dd0-8598-5abddcc696b9@group-CE3C0447B19C, cid=4065, SUCCESS, logIndex=6637, commits[2573df58-4087-4dd0-8598-5abddcc696b9:c6637]
2019-06-13 21:51:54,285 INFO  client.GrpcClientProtocolClient (GrpcClientProtocolClient.java:onNext(254)) - client-9C97446E6A25->2573df58-4087-4dd0-8598-5abddcc696b9: receive RaftClientReply:client-9C97446E6A25->2573df58-4087-4dd0-8598-5abddcc696b9@group-CE3C0447B19C, cid=4066, SUCCESS, logIndex=6639, commits[2573df58-4087-4dd0-8598-5abddcc696b9:c6639]
2019-06-13 21:51:54,353 INFO  client.GrpcClientProtocolClient (GrpcClientProtocolClient.java:onNext(254)) - client-9C97446E6A25->2573df58-4087-4dd0-8598-5abddcc696b9: receive RaftClientReply:client-9C97446E6A25->2573df58-4087-4dd0-8598-5abddcc696b9@group-CE3C0447B19C, cid=4067, SUCCESS, logIndex=6641, commits[2573df58-4087-4dd0-8598-5abddcc696b9:c6641]
2019-06-13 21:51:54,354 INFO  client.GrpcClientProtocolClient (GrpcClientProtocolClient.java:onNext(254)) - client-9C97446E6A25->2573df58-4087-4dd0-8598-5abddcc696b9: receive RaftClientReply:client-9C97446E6A25->2573df58-4087-4dd0-8598-5abddcc696b9@group-CE3C0447B19C, cid=4068, SUCCESS, logIndex=6643, commits[2573df58-4087-4dd0-8598-5abddcc696b9:c6643]
2019-06-13 21:51:54,359 INFO  client.GrpcClientProtocolClient (GrpcClientProtocolClient.java:onNext(254)) - client-9C97446E6A25->2573df58-4087-4dd0-8598-5abddcc696b9: receive RaftClientReply:client-9C97446E6A25->2573df58-4087-4dd0-8598-5abddcc696b9@group-CE3C0447B19C, cid=4069, SUCCESS, logIndex=6645, commits[2573df58-4087-4dd0-8598-5abddcc696b9:c6645]
2019-06-13 21:51:54,360 INFO  client.GrpcClientProtocolClient (GrpcClientProtocolClient.java:onNext(254)) - client-9C97446E6A25->2573df58-4087-4dd0-8598-5abddcc696b9: receive RaftClientReply:client-9C97446E6A25->2573df58-4087-4dd0-8598-5abddcc696b9@group-CE3C0447B19C, cid=4070, SUCCESS, logIndex=6647, commits[2573df58-4087-4dd0-8598-5abddcc696b9:c6647]
2019-06-13 21:51:54,361 INFO  client.GrpcClientProtocolClient (GrpcClientProtocolClient.java:onNext(254)) - client-9C97446E6A25->2573df58-4087-4dd0-8598-5abddcc696b9: receive RaftClientReply:client-9C97446E6A25->2573df58-4087-4dd0-8598-5abddcc696b9@group-CE3C0447B19C, cid=4071, SUCCESS, logIndex=6648, commits[2573df58-4087-4dd0-8598-5abddcc696b9:c6650]
2019-06-13 21:51:54,361 INFO  client.GrpcClientProtocolClient (GrpcClientProtocolClient.java:onNext(254)) - client-9C97446E6A25->2573df58-4087-4dd0-8598-5abddcc696b9: receive RaftClientReply:client-9C97446E6A25->2573df58-4087-4dd0-8598-5abddcc696b9@group-CE3C0447B19C, cid=4072, SUCCESS, logIndex=6649, commits[2573df58-4087-4dd0-8598-5abddcc696b9:c6650]
2019-06-13 21:51:54,365 DEBUG block.SCMBlockDeletingService (SCMBlockDeletingService.java:call(138)) - Running DeletedBlockTransactionScanner
2019-06-13 21:51:54,365 DEBUG block.SCMBlockDeletingService (SCMBlockDeletingService.java:call(155)) - Scanned deleted blocks log and got 0 delTX to process.
2019-06-13 21:51:54,371 INFO  client.GrpcClientProtocolClient (GrpcClientProtocolClient.java:onNext(254)) - client-9C97446E6A25->2573df58-4087-4dd0-8598-5abddcc696b9: receive RaftClientReply:client-9C97446E6A25->2573df58-4087-4dd0-8598-5abddcc696b9@group-CE3C0447B19C, cid=4073, SUCCESS, logIndex=6651, commits[2573df58-4087-4dd0-8598-5abddcc696b9:c6651]
2019-06-13 21:51:54,372 INFO  client.GrpcClientProtocolClient (GrpcClientProtocolClient.java:onNext(254)) - client-9C97446E6A25->2573df58-4087-4dd0-8598-5abddcc696b9: receive RaftClientReply:client-9C97446E6A25->2573df58-4087-4dd0-8598-5abddcc696b9@group-CE3C0447B19C, cid=4074, SUCCESS, logIndex=6653, commits[2573df58-4087-4dd0-8598-5abddcc696b9:c6653]
2019-06-13 21:51:54,374 INFO  client.GrpcClientProtocolClient (GrpcClientProtocolClient.java:onNext(254)) - client-9C97446E6A25->2573df58-4087-4dd0-8598-5abddcc696b9: receive RaftClientReply:client-9C97446E6A25->2573df58-4087-4dd0-8598-5abddcc696b9@group-CE3C0447B19C, cid=4075, SUCCESS, logIndex=6654, commits[2573df58-4087-4dd0-8598-5abddcc696b9:c6656]
2019-06-13 21:51:54,374 INFO  client.GrpcClientProtocolClient (GrpcClientProtocolClient.java:onNext(254)) - client-9C97446E6A25->2573df58-4087-4dd0-8598-5abddcc696b9: receive RaftClientReply:client-9C97446E6A25->2573df58-4087-4dd0-8598-5abddcc696b9@group-CE3C0447B19C, cid=4076, SUCCESS, logIndex=6655, commits[2573df58-4087-4dd0-8598-5abddcc696b9:c6656]
2019-06-13 21:51:54,379 INFO  client.GrpcClientProtocolClient (GrpcClientProtocolClient.java:onNext(254)) - client-9C97446E6A25->2573df58-4087-4dd0-8598-5abddcc696b9: receive RaftClientReply:client-9C97446E6A25->2573df58-4087-4dd0-8598-5abddcc696b9@group-CE3C0447B19C, cid=4077, SUCCESS, logIndex=6657, commits[2573df58-4087-4dd0-8598-5abddcc696b9:c6657]
2019-06-13 21:51:54,380 INFO  client.GrpcClientProtocolClient (GrpcClientProtocolClient.java:onNext(254)) - client-9C97446E6A25->2573df58-4087-4dd0-8598-5abddcc696b9: receive RaftClientReply:client-9C97446E6A25->2573df58-4087-4dd0-8598-5abddcc696b9@group-CE3C0447B19C, cid=4078, SUCCESS, logIndex=6659, commits[2573df58-4087-4dd0-8598-5abddcc696b9:c6659]
2019-06-13 21:51:54,382 INFO  client.GrpcClientProtocolClient (GrpcClientProtocolClient.java:onNext(254)) - client-9C97446E6A25->2573df58-4087-4dd0-8598-5abddcc696b9: receive RaftClientReply:client-9C97446E6A25->2573df58-4087-4dd0-8598-5abddcc696b9@group-CE3C0447B19C, cid=4079, SUCCESS, logIndex=6660, commits[2573df58-4087-4dd0-8598-5abddcc696b9:c6662]
2019-06-13 21:51:54,382 INFO  client.GrpcClientProtocolClient (GrpcClientProtocolClient.java:onNext(254)) - client-9C97446E6A25->2573df58-4087-4dd0-8598-5abddcc696b9: receive RaftClientReply:client-9C97446E6A25->2573df58-4087-4dd0-8598-5abddcc696b9@group-CE3C0447B19C, cid=4080, SUCCESS, logIndex=6661, commits[2573df58-4087-4dd0-8598-5abddcc696b9:c6662]
2019-06-13 21:51:54,394 INFO  client.GrpcClientProtocolClient (GrpcClientProtocolClient.java:onNext(254)) - client-9C97446E6A25->2573df58-4087-4dd0-8598-5abddcc696b9: receive RaftClientReply:client-9C97446E6A25->2573df58-4087-4dd0-8598-5abddcc696b9@group-CE3C0447B19C, cid=4081, SUCCESS, logIndex=6663, commits[2573df58-4087-4dd0-8598-5abddcc696b9:c6663]
2019-06-13 21:51:54,395 INFO  client.GrpcClientProtocolClient (GrpcClientProtocolClient.java:onNext(254)) - client-9C97446E6A25->2573df58-4087-4dd0-8598-5abddcc696b9: receive RaftClientReply:client-9C97446E6A25->2573df58-4087-4dd0-8598-5abddcc696b9@group-CE3C0447B19C, cid=4082, SUCCESS, logIndex=6665, commits[2573df58-4087-4dd0-8598-5abddcc696b9:c6665]
2019-06-13 21:51:54,396 INFO  client.GrpcClientProtocolClient (GrpcClientProtocolClient.java:onNext(254)) - client-9C97446E6A25->2573df58-4087-4dd0-8598-5abddcc696b9: receive RaftClientReply:client-9C97446E6A25->2573df58-4087-4dd0-8598-5abddcc696b9@group-CE3C0447B19C, cid=4083, SUCCESS, logIndex=6666, commits[2573df58-4087-4dd0-8598-5abddcc696b9:c6668]
2019-06-13 21:51:54,396 INFO  client.GrpcClientProtocolClient (GrpcClientProtocolClient.java:onNext(254)) - client-9C97446E6A25->2573df58-4087-4dd0-8598-5abddcc696b9: receive RaftClientReply:client-9C97446E6A25->2573df58-4087-4dd0-8598-5abddcc696b9@group-CE3C0447B19C, cid=4084, SUCCESS, logIndex=6667, commits[2573df58-4087-4dd0-8598-5abddcc696b9:c6668]
2019-06-13 21:51:54,402 INFO  client.GrpcClientProtocolClient (GrpcClientProtocolClient.java:onNext(254)) - client-9C97446E6A25->2573df58-4087-4dd0-8598-5abddcc696b9: receive RaftClientReply:client-9C97446E6A25->2573df58-4087-4dd0-8598-5abddcc696b9@group-CE3C0447B19C, cid=4085, SUCCESS, logIndex=6669, commits[2573df58-4087-4dd0-8598-5abddcc696b9:c6669]
2019-06-13 21:51:54,404 INFO  client.GrpcClientProtocolClient (GrpcClientProtocolClient.java:onNext(254)) - client-9C97446E6A25->2573df58-4087-4dd0-8598-5abddcc696b9: receive RaftClientReply:client-9C97446E6A25->2573df58-4087-4dd0-8598-5abddcc696b9@group-CE3C0447B19C, cid=4086, SUCCESS, logIndex=6671, commits[2573df58-4087-4dd0-8598-5abddcc696b9:c6671]
2019-06-13 21:51:54,404 INFO  client.GrpcClientProtocolClient (GrpcClientProtocolClient.java:onNext(254)) - client-9C97446E6A25->2573df58-4087-4dd0-8598-5abddcc696b9: receive RaftClientReply:client-9C97446E6A25->2573df58-4087-4dd0-8598-5abddcc696b9@group-CE3C0447B19C, cid=4087, SUCCESS, logIndex=6672, commits[2573df58-4087-4dd0-8598-5abddcc696b9:c6672]
2019-06-13 21:51:54,405 INFO  client.GrpcClientProtocolClient (GrpcClientProtocolClient.java:onNext(254)) - client-9C97446E6A25->2573df58-4087-4dd0-8598-5abddcc696b9: receive RaftClientReply:client-9C97446E6A25->2573df58-4087-4dd0-8598-5abddcc696b9@group-CE3C0447B19C, cid=4088, SUCCESS, logIndex=6674, commits[2573df58-4087-4dd0-8598-5abddcc696b9:c6674]
2019-06-13 21:51:54,420 INFO  client.GrpcClientProtocolClient (GrpcClientProtocolClient.java:onNext(254)) - client-9C97446E6A25->2573df58-4087-4dd0-8598-5abddcc696b9: receive RaftClientReply:client-9C97446E6A25->2573df58-4087-4dd0-8598-5abddcc696b9@group-CE3C0447B19C, cid=4089, SUCCESS, logIndex=6677, commits[2573df58-4087-4dd0-8598-5abddcc696b9:c6677]
2019-06-13 21:51:54,422 INFO  client.GrpcClientProtocolClient (GrpcClientProtocolClient.java:onNext(254)) - client-9C97446E6A25->2573df58-4087-4dd0-8598-5abddcc696b9: receive RaftClientReply:client-9C97446E6A25->2573df58-4087-4dd0-8598-5abddcc696b9@group-CE3C0447B19C, cid=4090, SUCCESS, logIndex=6679, commits[2573df58-4087-4dd0-8598-5abddcc696b9:c6679]
2019-06-13 21:51:54,423 INFO  client.GrpcClientProtocolClient (GrpcClientProtocolClient.java:onNext(254)) - client-9C97446E6A25->2573df58-4087-4dd0-8598-5abddcc696b9: receive RaftClientReply:client-9C97446E6A25->2573df58-4087-4dd0-8598-5abddcc696b9@group-CE3C0447B19C, cid=4091, SUCCESS, logIndex=6680, commits[2573df58-4087-4dd0-8598-5abddcc696b9:c6682]
2019-06-13 21:51:54,427 INFO  client.GrpcClientProtocolClient (GrpcClientProtocolClient.java:onNext(254)) - client-9C97446E6A25->2573df58-4087-4dd0-8598-5abddcc696b9: receive RaftClientReply:client-9C97446E6A25->2573df58-4087-4dd0-8598-5abddcc696b9@group-CE3C0447B19C, cid=4092, SUCCESS, logIndex=6681, commits[2573df58-4087-4dd0-8598-5abddcc696b9:c6682]
2019-06-13 21:51:54,431 INFO  storage.RaftLogWorker (RaftLogWorker.java:rollLogSegment(303)) - 2573df58-4087-4dd0-8598-5abddcc696b9-RaftLogWorker: Rolling segment log-6613_6682 to index:6682
2019-06-13 21:51:54,431 INFO  storage.RaftLogWorker (RaftLogWorker.java:execute(433)) - 2573df58-4087-4dd0-8598-5abddcc696b9-RaftLogWorker: Rolled log segment from /opt/src/hadoop-ozone/integration-test/target/test-dir/MiniOzoneClusterImpl-8578056e-9b7b-4e66-9e9f-ef53d5cd7c03/datanode-0/data/ratis/7f5c2536-ed89-4233-9ec0-ce3c0447b19c/current/log_inprogress_6613 to /opt/src/hadoop-ozone/integration-test/target/test-dir/MiniOzoneClusterImpl-8578056e-9b7b-4e66-9e9f-ef53d5cd7c03/datanode-0/data/ratis/7f5c2536-ed89-4233-9ec0-ce3c0447b19c/current/log_6613-6682
2019-06-13 21:51:54,466 DEBUG block.SCMBlockDeletingService (SCMBlockDeletingService.java:call(138)) - Running DeletedBlockTransactionScanner
2019-06-13 21:51:54,466 DEBUG block.SCMBlockDeletingService (SCMBlockDeletingService.java:call(155)) - Scanned deleted blocks log and got 0 delTX to process.
2019-06-13 21:51:54,470 INFO  storage.RaftLogWorker (RaftLogWorker.java:execute(469)) - 2573df58-4087-4dd0-8598-5abddcc696b9-RaftLogWorker: created new log segment /opt/src/hadoop-ozone/integration-test/target/test-dir/MiniOzoneClusterImpl-8578056e-9b7b-4e66-9e9f-ef53d5cd7c03/datanode-0/data/ratis/7f5c2536-ed89-4233-9ec0-ce3c0447b19c/current/log_inprogress_6683
2019-06-13 21:51:54,471 INFO  client.GrpcClientProtocolClient (GrpcClientProtocolClient.java:onNext(254)) - client-9C97446E6A25->2573df58-4087-4dd0-8598-5abddcc696b9: receive RaftClientReply:client-9C97446E6A25->2573df58-4087-4dd0-8598-5abddcc696b9@group-CE3C0447B19C, cid=4093, SUCCESS, logIndex=6683, commits[2573df58-4087-4dd0-8598-5abddcc696b9:c6683]
2019-06-13 21:51:54,473 INFO  client.GrpcClientProtocolClient (GrpcClientProtocolClient.java:onNext(254)) - client-9C97446E6A25->2573df58-4087-4dd0-8598-5abddcc696b9: receive RaftClientReply:client-9C97446E6A25->2573df58-4087-4dd0-8598-5abddcc696b9@group-CE3C0447B19C, cid=4094, SUCCESS, logIndex=6685, commits[2573df58-4087-4dd0-8598-5abddcc696b9:c6685]
2019-06-13 21:51:54,474 INFO  client.GrpcClientProtocolClient (GrpcClientProtocolClient.java:onNext(254)) - client-9C97446E6A25->2573df58-4087-4dd0-8598-5abddcc696b9: receive RaftClientReply:client-9C97446E6A25->2573df58-4087-4dd0-8598-5abddcc696b9@group-CE3C0447B19C, cid=4095, SUCCESS, logIndex=6686, commits[2573df58-4087-4dd0-8598-5abddcc696b9:c6686]
2019-06-13 21:51:54,474 INFO  client.GrpcClientProtocolClient (GrpcClientProtocolClient.java:onNext(254)) - client-9C97446E6A25->2573df58-4087-4dd0-8598-5abddcc696b9: receive RaftClientReply:client-9C97446E6A25->2573df58-4087-4dd0-8598-5abddcc696b9@group-CE3C0447B19C, cid=4096, SUCCESS, logIndex=6688, commits[2573df58-4087-4dd0-8598-5abddcc696b9:c6688]
2019-06-13 21:51:54,489 INFO  client.GrpcClientProtocolClient (GrpcClientProtocolClient.java:onNext(254)) - client-9C97446E6A25->2573df58-4087-4dd0-8598-5abddcc696b9: receive RaftClientReply:client-9C97446E6A25->2573df58-4087-4dd0-8598-5abddcc696b9@group-CE3C0447B19C, cid=4097, SUCCESS, logIndex=6691, commits[2573df58-4087-4dd0-8598-5abddcc696b9:c6691]
2019-06-13 21:51:54,490 INFO  client.GrpcClientProtocolClient (GrpcClientProtocolClient.java:onNext(254)) - client-9C97446E6A25->2573df58-4087-4dd0-8598-5abddcc696b9: receive RaftClientReply:client-9C97446E6A25->2573df58-4087-4dd0-8598-5abddcc696b9@group-CE3C0447B19C, cid=4098, SUCCESS, logIndex=6693, commits[2573df58-4087-4dd0-8598-5abddcc696b9:c6693]
2019-06-13 21:51:54,492 INFO  client.GrpcClientProtocolClient (GrpcClientProtocolClient.java:onNext(254)) - client-9C97446E6A25->2573df58-4087-4dd0-8598-5abddcc696b9: receive RaftClientReply:client-9C97446E6A25->2573df58-4087-4dd0-8598-5abddcc696b9@group-CE3C0447B19C, cid=4099, SUCCESS, logIndex=6695, commits[2573df58-4087-4dd0-8598-5abddcc696b9:c6695]
2019-06-13 21:51:54,492 INFO  client.GrpcClientProtocolClient (GrpcClientProtocolClient.java:onNext(254)) - client-9C97446E6A25->2573df58-4087-4dd0-8598-5abddcc696b9: receive RaftClientReply:client-9C97446E6A25->2573df58-4087-4dd0-8598-5abddcc696b9@group-CE3C0447B19C, cid=4100, SUCCESS, logIndex=6696, commits[2573df58-4087-4dd0-8598-5abddcc696b9:c6696]
2019-06-13 21:51:54,498 INFO  client.GrpcClientProtocolClient (GrpcClientProtocolClient.java:onNext(254)) - client-9C97446E6A25->2573df58-4087-4dd0-8598-5abddcc696b9: receive RaftClientReply:client-9C97446E6A25->2573df58-4087-4dd0-8598-5abddcc696b9@group-CE3C0447B19C, cid=4101, SUCCESS, logIndex=6699, commits[2573df58-4087-4dd0-8598-5abddcc696b9:c6699]
2019-06-13 21:51:54,499 INFO  client.GrpcClientProtocolClient (GrpcClientProtocolClient.java:onNext(254)) - client-9C97446E6A25->2573df58-4087-4dd0-8598-5abddcc696b9: receive RaftClientReply:client-9C97446E6A25->2573df58-4087-4dd0-8598-5abddcc696b9@group-CE3C0447B19C, cid=4102, SUCCESS, logIndex=6701, commits[2573df58-4087-4dd0-8598-5abddcc696b9:c6701]
2019-06-13 21:51:54,500 INFO  client.GrpcClientProtocolClient (GrpcClientProtocolClient.java:onNext(254)) - client-9C97446E6A25->2573df58-4087-4dd0-8598-5abddcc696b9: receive RaftClientReply:client-9C97446E6A25->2573df58-4087-4dd0-8598-5abddcc696b9@group-CE3C0447B19C, cid=4103, SUCCESS, logIndex=6702, commits[2573df58-4087-4dd0-8598-5abddcc696b9:c6704]
2019-06-13 21:51:54,500 INFO  client.GrpcClientProtocolClient (GrpcClientProtocolClient.java:onNext(254)) - client-9C97446E6A25->2573df58-4087-4dd0-8598-5abddcc696b9: receive RaftClientReply:client-9C97446E6A25->2573df58-4087-4dd0-8598-5abddcc696b9@group-CE3C0447B19C, cid=4104, SUCCESS, logIndex=6703, commits[2573df58-4087-4dd0-8598-5abddcc696b9:c6704]
2019-06-13 21:51:54,511 INFO  client.GrpcClientProtocolClient (GrpcClientProtocolClient.java:onNext(254)) - client-9C97446E6A25->2573df58-4087-4dd0-8598-5abddcc696b9: receive RaftClientReply:client-9C97446E6A25->2573df58-4087-4dd0-8598-5abddcc696b9@group-CE3C0447B19C, cid=4105, SUCCESS, logIndex=6705, commits[2573df58-4087-4dd0-8598-5abddcc696b9:c6705]
2019-06-13 21:51:54,513 INFO  client.GrpcClientProtocolClient (GrpcClientProtocolClient.java:onNext(254)) - client-9C97446E6A25->2573df58-4087-4dd0-8598-5abddcc696b9: receive RaftClientReply:client-9C97446E6A25->2573df58-4087-4dd0-8598-5abddcc696b9@group-CE3C0447B19C, cid=4106, SUCCESS, logIndex=6707, commits[2573df58-4087-4dd0-8598-5abddcc696b9:c6707]
2019-06-13 21:51:54,514 INFO  client.GrpcClientProtocolClient (GrpcClientProtocolClient.java:onNext(254)) - client-9C97446E6A25->2573df58-4087-4dd0-8598-5abddcc696b9: receive RaftClientReply:client-9C97446E6A25->2573df58-4087-4dd0-8598-5abddcc696b9@group-CE3C0447B19C, cid=4107, SUCCESS, logIndex=6709, commits[2573df58-4087-4dd0-8598-5abddcc696b9:c6709]
2019-06-13 21:51:54,515 INFO  client.GrpcClientProtocolClient (GrpcClientProtocolClient.java:onNext(254)) - client-9C97446E6A25->2573df58-4087-4dd0-8598-5abddcc696b9: receive RaftClientReply:client-9C97446E6A25->2573df58-4087-4dd0-8598-5abddcc696b9@group-CE3C0447B19C, cid=4108, SUCCESS, logIndex=6710, commits[2573df58-4087-4dd0-8598-5abddcc696b9:c6710]
2019-06-13 21:51:54,520 INFO  client.GrpcClientProtocolClient (GrpcClientProtocolClient.java:onNext(254)) - client-9C97446E6A25->2573df58-4087-4dd0-8598-5abddcc696b9: receive RaftClientReply:client-9C97446E6A25->2573df58-4087-4dd0-8598-5abddcc696b9@group-CE3C0447B19C, cid=4109, SUCCESS, logIndex=6713, commits[2573df58-4087-4dd0-8598-5abddcc696b9:c6713]
2019-06-13 21:51:54,521 INFO  client.GrpcClientProtocolClient (GrpcClientProtocolClient.java:onNext(254)) - client-9C97446E6A25->2573df58-4087-4dd0-8598-5abddcc696b9: receive RaftClientReply:client-9C97446E6A25->2573df58-4087-4dd0-8598-5abddcc696b9@group-CE3C0447B19C, cid=4110, SUCCESS, logIndex=6715, commits[2573df58-4087-4dd0-8598-5abddcc696b9:c6715]
2019-06-13 21:51:54,566 DEBUG block.SCMBlockDeletingService (SCMBlockDeletingService.java:call(138)) - Running DeletedBlockTransactionScanner
2019-06-13 21:51:54,566 DEBUG block.SCMBlockDeletingService (SCMBlockDeletingService.java:call(155)) - Scanned deleted blocks log and got 0 delTX to process.
2019-06-13 21:51:54,874 DEBUG block.SCMBlockDeletingService (SCMBlockDeletingService.java:call(138)) - Running DeletedBlockTransactionScanner
2019-06-13 21:51:54,874 DEBUG block.SCMBlockDeletingService (SCMBlockDeletingService.java:call(155)) - Scanned deleted blocks log and got 0 delTX to process.
2019-06-13 21:51:54,903 INFO  client.GrpcClientProtocolClient (GrpcClientProtocolClient.java:onNext(254)) - client-9C97446E6A25->2573df58-4087-4dd0-8598-5abddcc696b9: receive RaftClientReply:client-9C97446E6A25->2573df58-4087-4dd0-8598-5abddcc696b9@group-CE3C0447B19C, cid=4111, SUCCESS, logIndex=6717, commits[2573df58-4087-4dd0-8598-5abddcc696b9:c6717]
2019-06-13 21:51:54,904 INFO  client.GrpcClientProtocolClient (GrpcClientProtocolClient.java:onNext(254)) - client-9C97446E6A25->2573df58-4087-4dd0-8598-5abddcc696b9: receive RaftClientReply:client-9C97446E6A25->2573df58-4087-4dd0-8598-5abddcc696b9@group-CE3C0447B19C, cid=4112, SUCCESS, logIndex=6719, commits[2573df58-4087-4dd0-8598-5abddcc696b9:c6719]
2019-06-13 21:51:54,926 INFO  client.GrpcClientProtocolClient (GrpcClientProtocolClient.java:onNext(254)) - client-9C97446E6A25->2573df58-4087-4dd0-8598-5abddcc696b9: receive RaftClientReply:client-9C97446E6A25->2573df58-4087-4dd0-8598-5abddcc696b9@group-CE3C0447B19C, cid=4113, SUCCESS, logIndex=6721, commits[2573df58-4087-4dd0-8598-5abddcc696b9:c6721]
2019-06-13 21:51:54,927 INFO  client.GrpcClientProtocolClient (GrpcClientProtocolClient.java:onNext(254)) - client-9C97446E6A25->2573df58-4087-4dd0-8598-5abddcc696b9: receive RaftClientReply:client-9C97446E6A25->2573df58-4087-4dd0-8598-5abddcc696b9@group-CE3C0447B19C, cid=4114, SUCCESS, logIndex=6723, commits[2573df58-4087-4dd0-8598-5abddcc696b9:c6723]
2019-06-13 21:51:54,929 INFO  client.GrpcClientProtocolClient (GrpcClientProtocolClient.java:onNext(254)) - client-9C97446E6A25->2573df58-4087-4dd0-8598-5abddcc696b9: receive RaftClientReply:client-9C97446E6A25->2573df58-4087-4dd0-8598-5abddcc696b9@group-CE3C0447B19C, cid=4115, SUCCESS, logIndex=6724, commits[2573df58-4087-4dd0-8598-5abddcc696b9:c6726]
2019-06-13 21:51:54,929 INFO  client.GrpcClientProtocolClient (GrpcClientProtocolClient.java:onNext(254)) - client-9C97446E6A25->2573df58-4087-4dd0-8598-5abddcc696b9: receive RaftClientReply:client-9C97446E6A25->2573df58-4087-4dd0-8598-5abddcc696b9@group-CE3C0447B19C, cid=4116, SUCCESS, logIndex=6726, commits[2573df58-4087-4dd0-8598-5abddcc696b9:c6726]
2019-06-13 21:51:54,935 INFO  client.GrpcClientProtocolClient (GrpcClientProtocolClient.java:onNext(254)) - client-9C97446E6A25->2573df58-4087-4dd0-8598-5abddcc696b9: receive RaftClientReply:client-9C97446E6A25->2573df58-4087-4dd0-8598-5abddcc696b9@group-CE3C0447B19C, cid=4117, SUCCESS, logIndex=6728, commits[2573df58-4087-4dd0-8598-5abddcc696b9:c6728]
2019-06-13 21:51:54,937 INFO  client.GrpcClientProtocolClient (GrpcClientProtocolClient.java:onNext(254)) - client-9C97446E6A25->2573df58-4087-4dd0-8598-5abddcc696b9: receive RaftClientReply:client-9C97446E6A25->2573df58-4087-4dd0-8598-5abddcc696b9@group-CE3C0447B19C, cid=4118, SUCCESS, logIndex=6730, commits[2573df58-4087-4dd0-8598-5abddcc696b9:c6730]
2019-06-13 21:51:54,938 INFO  client.GrpcClientProtocolClient (GrpcClientProtocolClient.java:onNext(254)) - client-9C97446E6A25->2573df58-4087-4dd0-8598-5abddcc696b9: receive RaftClientReply:client-9C97446E6A25->2573df58-4087-4dd0-8598-5abddcc696b9@group-CE3C0447B19C, cid=4119, SUCCESS, logIndex=6731, commits[2573df58-4087-4dd0-8598-5abddcc696b9:c6731]
2019-06-13 21:51:54,938 INFO  client.GrpcClientProtocolClient (GrpcClientProtocolClient.java:onNext(254)) - client-9C97446E6A25->2573df58-4087-4dd0-8598-5abddcc696b9: receive RaftClientReply:client-9C97446E6A25->2573df58-4087-4dd0-8598-5abddcc696b9@group-CE3C0447B19C, cid=4120, SUCCESS, logIndex=6732, commits[2573df58-4087-4dd0-8598-5abddcc696b9:c6733]
2019-06-13 21:51:54,954 INFO  client.GrpcClientProtocolClient (GrpcClientProtocolClient.java:onNext(254)) - client-9C97446E6A25->2573df58-4087-4dd0-8598-5abddcc696b9: receive RaftClientReply:client-9C97446E6A25->2573df58-4087-4dd0-8598-5abddcc696b9@group-CE3C0447B19C, cid=4121, SUCCESS, logIndex=6735, commits[2573df58-4087-4dd0-8598-5abddcc696b9:c6735]
2019-06-13 21:51:54,956 INFO  client.GrpcClientProtocolClient (GrpcClientProtocolClient.java:onNext(254)) - client-9C97446E6A25->2573df58-4087-4dd0-8598-5abddcc696b9: receive RaftClientReply:client-9C97446E6A25->2573df58-4087-4dd0-8598-5abddcc696b9@group-CE3C0447B19C, cid=4122, SUCCESS, logIndex=6737, commits[2573df58-4087-4dd0-8598-5abddcc696b9:c6737]
2019-06-13 21:51:54,957 INFO  client.GrpcClientProtocolClient (GrpcClientProtocolClient.java:onNext(254)) - client-9C97446E6A25->2573df58-4087-4dd0-8598-5abddcc696b9: receive RaftClientReply:client-9C97446E6A25->2573df58-4087-4dd0-8598-5abddcc696b9@group-CE3C0447B19C, cid=4123, SUCCESS, logIndex=6738, commits[2573df58-4087-4dd0-8598-5abddcc696b9:c6738]
2019-06-13 21:51:54,957 INFO  client.GrpcClientProtocolClient (GrpcClientProtocolClient.java:onNext(254)) - client-9C97446E6A25->2573df58-4087-4dd0-8598-5abddcc696b9: receive RaftClientReply:client-9C97446E6A25->2573df58-4087-4dd0-8598-5abddcc696b9@group-CE3C0447B19C, cid=4124, SUCCESS, logIndex=6740, commits[2573df58-4087-4dd0-8598-5abddcc696b9:c6740]
2019-06-13 21:51:54,963 INFO  client.GrpcClientProtocolClient (GrpcClientProtocolClient.java:onNext(254)) - client-9C97446E6A25->2573df58-4087-4dd0-8598-5abddcc696b9: receive RaftClientReply:client-9C97446E6A25->2573df58-4087-4dd0-8598-5abddcc696b9@group-CE3C0447B19C, cid=4125, SUCCESS, logIndex=6743, commits[2573df58-4087-4dd0-8598-5abddcc696b9:c6743]
2019-06-13 21:51:54,964 INFO  client.GrpcClientProtocolClient (GrpcClientProtocolClient.java:onNext(254)) - client-9C97446E6A25->2573df58-4087-4dd0-8598-5abddcc696b9: receive RaftClientReply:client-9C97446E6A25->2573df58-4087-4dd0-8598-5abddcc696b9@group-CE3C0447B19C, cid=4126, SUCCESS, logIndex=6745, commits[2573df58-4087-4dd0-8598-5abddcc696b9:c6745]
2019-06-13 21:51:54,965 INFO  client.GrpcClientProtocolClient (GrpcClientProtocolClient.java:onNext(254)) - client-9C97446E6A25->2573df58-4087-4dd0-8598-5abddcc696b9: receive RaftClientReply:client-9C97446E6A25->2573df58-4087-4dd0-8598-5abddcc696b9@group-CE3C0447B19C, cid=4127, SUCCESS, logIndex=6746, commits[2573df58-4087-4dd0-8598-5abddcc696b9:c6748]
2019-06-13 21:51:54,965 INFO  client.GrpcClientProtocolClient (GrpcClientProtocolClient.java:onNext(254)) - client-9C97446E6A25->2573df58-4087-4dd0-8598-5abddcc696b9: receive RaftClientReply:client-9C97446E6A25->2573df58-4087-4dd0-8598-5abddcc696b9@group-CE3C0447B19C, cid=4128, SUCCESS, logIndex=6747, commits[2573df58-4087-4dd0-8598-5abddcc696b9:c6748]
2019-06-13 21:51:54,974 DEBUG block.SCMBlockDeletingService (SCMBlockDeletingService.java:call(138)) - Running DeletedBlockTransactionScanner
2019-06-13 21:51:54,975 DEBUG block.SCMBlockDeletingService (SCMBlockDeletingService.java:call(155)) - Scanned deleted blocks log and got 0 delTX to process.
2019-06-13 21:51:54,980 INFO  client.GrpcClientProtocolClient (GrpcClientProtocolClient.java:onNext(254)) - client-9C97446E6A25->2573df58-4087-4dd0-8598-5abddcc696b9: receive RaftClientReply:client-9C97446E6A25->2573df58-4087-4dd0-8598-5abddcc696b9@group-CE3C0447B19C, cid=4129, SUCCESS, logIndex=6749, commits[2573df58-4087-4dd0-8598-5abddcc696b9:c6749]
2019-06-13 21:51:54,989 INFO  client.GrpcClientProtocolClient (GrpcClientProtocolClient.java:onNext(254)) - client-9C97446E6A25->2573df58-4087-4dd0-8598-5abddcc696b9: receive RaftClientReply:client-9C97446E6A25->2573df58-4087-4dd0-8598-5abddcc696b9@group-CE3C0447B19C, cid=4130, SUCCESS, logIndex=6751, commits[2573df58-4087-4dd0-8598-5abddcc696b9:c6751]
2019-06-13 21:51:54,990 INFO  client.GrpcClientProtocolClient (GrpcClientProtocolClient.java:onNext(254)) - client-9C97446E6A25->2573df58-4087-4dd0-8598-5abddcc696b9: receive RaftClientReply:client-9C97446E6A25->2573df58-4087-4dd0-8598-5abddcc696b9@group-CE3C0447B19C, cid=4131, SUCCESS, logIndex=6752, commits[2573df58-4087-4dd0-8598-5abddcc696b9:c6753]
2019-06-13 21:51:54,990 INFO  client.GrpcClientProtocolClient (GrpcClientProtocolClient.java:onNext(254)) - client-9C97446E6A25->2573df58-4087-4dd0-8598-5abddcc696b9: receive RaftClientReply:client-9C97446E6A25->2573df58-4087-4dd0-8598-5abddcc696b9@group-CE3C0447B19C, cid=4132, SUCCESS, logIndex=6753, commits[2573df58-4087-4dd0-8598-5abddcc696b9:c6753]
2019-06-13 21:51:55,000 INFO  client.GrpcClientProtocolClient (GrpcClientProtocolClient.java:onNext(254)) - client-9C97446E6A25->2573df58-4087-4dd0-8598-5abddcc696b9: receive RaftClientReply:client-9C97446E6A25->2573df58-4087-4dd0-8598-5abddcc696b9@group-CE3C0447B19C, cid=4133, SUCCESS, logIndex=6756, commits[2573df58-4087-4dd0-8598-5abddcc696b9:c6756]
2019-06-13 21:51:55,000 INFO  storage.RaftLogWorker (RaftLogWorker.java:rollLogSegment(303)) - 2573df58-4087-4dd0-8598-5abddcc696b9-RaftLogWorker: Rolling segment log-6683_6759 to index:6759
2019-06-13 21:51:55,002 INFO  storage.RaftLogWorker (RaftLogWorker.java:execute(433)) - 2573df58-4087-4dd0-8598-5abddcc696b9-RaftLogWorker: Rolled log segment from /opt/src/hadoop-ozone/integration-test/target/test-dir/MiniOzoneClusterImpl-8578056e-9b7b-4e66-9e9f-ef53d5cd7c03/datanode-0/data/ratis/7f5c2536-ed89-4233-9ec0-ce3c0447b19c/current/log_inprogress_6683 to /opt/src/hadoop-ozone/integration-test/target/test-dir/MiniOzoneClusterImpl-8578056e-9b7b-4e66-9e9f-ef53d5cd7c03/datanode-0/data/ratis/7f5c2536-ed89-4233-9ec0-ce3c0447b19c/current/log_6683-6759
2019-06-13 21:51:55,002 INFO  client.GrpcClientProtocolClient (GrpcClientProtocolClient.java:onNext(254)) - client-9C97446E6A25->2573df58-4087-4dd0-8598-5abddcc696b9: receive RaftClientReply:client-9C97446E6A25->2573df58-4087-4dd0-8598-5abddcc696b9@group-CE3C0447B19C, cid=4134, SUCCESS, logIndex=6758, commits[2573df58-4087-4dd0-8598-5abddcc696b9:c6758]
2019-06-13 21:51:55,003 INFO  client.GrpcClientProtocolClient (GrpcClientProtocolClient.java:onNext(254)) - client-9C97446E6A25->2573df58-4087-4dd0-8598-5abddcc696b9: receive RaftClientReply:client-9C97446E6A25->2573df58-4087-4dd0-8598-5abddcc696b9@group-CE3C0447B19C, cid=4135, SUCCESS, logIndex=6759, commits[2573df58-4087-4dd0-8598-5abddcc696b9:c6759]
2019-06-13 21:51:55,039 INFO  storage.RaftLogWorker (RaftLogWorker.java:execute(469)) - 2573df58-4087-4dd0-8598-5abddcc696b9-RaftLogWorker: created new log segment /opt/src/hadoop-ozone/integration-test/target/test-dir/MiniOzoneClusterImpl-8578056e-9b7b-4e66-9e9f-ef53d5cd7c03/datanode-0/data/ratis/7f5c2536-ed89-4233-9ec0-ce3c0447b19c/current/log_inprogress_6760
2019-06-13 21:51:55,040 INFO  client.GrpcClientProtocolClient (GrpcClientProtocolClient.java:onNext(254)) - client-9C97446E6A25->2573df58-4087-4dd0-8598-5abddcc696b9: receive RaftClientReply:client-9C97446E6A25->2573df58-4087-4dd0-8598-5abddcc696b9@group-CE3C0447B19C, cid=4136, SUCCESS, logIndex=6760, commits[2573df58-4087-4dd0-8598-5abddcc696b9:c6762]
2019-06-13 21:51:55,053 INFO  client.GrpcClientProtocolClient (GrpcClientProtocolClient.java:onNext(254)) - client-9C97446E6A25->2573df58-4087-4dd0-8598-5abddcc696b9: receive RaftClientReply:client-9C97446E6A25->2573df58-4087-4dd0-8598-5abddcc696b9@group-CE3C0447B19C, cid=4137, SUCCESS, logIndex=6763, commits[2573df58-4087-4dd0-8598-5abddcc696b9:c6763]
2019-06-13 21:51:55,054 INFO  client.GrpcClientProtocolClient (GrpcClientProtocolClient.java:onNext(254)) - client-9C97446E6A25->2573df58-4087-4dd0-8598-5abddcc696b9: receive RaftClientReply:client-9C97446E6A25->2573df58-4087-4dd0-8598-5abddcc696b9@group-CE3C0447B19C, cid=4138, SUCCESS, logIndex=6765, commits[2573df58-4087-4dd0-8598-5abddcc696b9:c6765]
2019-06-13 21:51:55,055 INFO  client.GrpcClientProtocolClient (GrpcClientProtocolClient.java:onNext(254)) - client-9C97446E6A25->2573df58-4087-4dd0-8598-5abddcc696b9: receive RaftClientReply:client-9C97446E6A25->2573df58-4087-4dd0-8598-5abddcc696b9@group-CE3C0447B19C, cid=4139, SUCCESS, logIndex=6766, commits[2573df58-4087-4dd0-8598-5abddcc696b9:c6768]
2019-06-13 21:51:55,055 INFO  client.GrpcClientProtocolClient (GrpcClientProtocolClient.java:onNext(254)) - client-9C97446E6A25->2573df58-4087-4dd0-8598-5abddcc696b9: receive RaftClientReply:client-9C97446E6A25->2573df58-4087-4dd0-8598-5abddcc696b9@group-CE3C0447B19C, cid=4140, SUCCESS, logIndex=6767, commits[2573df58-4087-4dd0-8598-5abddcc696b9:c6768]
2019-06-13 21:51:55,060 INFO  client.GrpcClientProtocolClient (GrpcClientProtocolClient.java:onNext(254)) - client-9C97446E6A25->2573df58-4087-4dd0-8598-5abddcc696b9: receive RaftClientReply:client-9C97446E6A25->2573df58-4087-4dd0-8598-5abddcc696b9@group-CE3C0447B19C, cid=4141, SUCCESS, logIndex=6769, commits[2573df58-4087-4dd0-8598-5abddcc696b9:c6769]
2019-06-13 21:51:55,061 INFO  client.GrpcClientProtocolClient (GrpcClientProtocolClient.java:onNext(254)) - client-9C97446E6A25->2573df58-4087-4dd0-8598-5abddcc696b9: receive RaftClientReply:client-9C97446E6A25->2573df58-4087-4dd0-8598-5abddcc696b9@group-CE3C0447B19C, cid=4142, SUCCESS, logIndex=6771, commits[2573df58-4087-4dd0-8598-5abddcc696b9:c6771]
2019-06-13 21:51:55,062 INFO  client.GrpcClientProtocolClient (GrpcClientProtocolClient.java:onNext(254)) - client-9C97446E6A25->2573df58-4087-4dd0-8598-5abddcc696b9: receive RaftClientReply:client-9C97446E6A25->2573df58-4087-4dd0-8598-5abddcc696b9@group-CE3C0447B19C, cid=4143, SUCCESS, logIndex=6772, commits[2573df58-4087-4dd0-8598-5abddcc696b9:c6774]
2019-06-13 21:51:55,063 INFO  client.GrpcClientProtocolClient (GrpcClientProtocolClient.java:onNext(254)) - client-9C97446E6A25->2573df58-4087-4dd0-8598-5abddcc696b9: receive RaftClientReply:client-9C97446E6A25->2573df58-4087-4dd0-8598-5abddcc696b9@group-CE3C0447B19C, cid=4144, SUCCESS, logIndex=6773, commits[2573df58-4087-4dd0-8598-5abddcc696b9:c6774]
2019-06-13 21:51:55,074 INFO  client.GrpcClientProtocolClient (GrpcClientProtocolClient.java:onNext(254)) - client-9C97446E6A25->2573df58-4087-4dd0-8598-5abddcc696b9: receive RaftClientReply:client-9C97446E6A25->2573df58-4087-4dd0-8598-5abddcc696b9@group-CE3C0447B19C, cid=4145, SUCCESS, logIndex=6775, commits[2573df58-4087-4dd0-8598-5abddcc696b9:c6775]
2019-06-13 21:51:55,075 DEBUG block.SCMBlockDeletingService (SCMBlockDeletingService.java:call(138)) - Running DeletedBlockTransactionScanner
2019-06-13 21:51:55,075 INFO  client.GrpcClientProtocolClient (GrpcClientProtocolClient.java:onNext(254)) - client-9C97446E6A25->2573df58-4087-4dd0-8598-5abddcc696b9: receive RaftClientReply:client-9C97446E6A25->2573df58-4087-4dd0-8598-5abddcc696b9@group-CE3C0447B19C, cid=4146, SUCCESS, logIndex=6777, commits[2573df58-4087-4dd0-8598-5abddcc696b9:c6777]
2019-06-13 21:51:55,076 DEBUG block.SCMBlockDeletingService (SCMBlockDeletingService.java:call(155)) - Scanned deleted blocks log and got 0 delTX to process.
2019-06-13 21:51:55,076 INFO  client.GrpcClientProtocolClient (GrpcClientProtocolClient.java:onNext(254)) - client-9C97446E6A25->2573df58-4087-4dd0-8598-5abddcc696b9: receive RaftClientReply:client-9C97446E6A25->2573df58-4087-4dd0-8598-5abddcc696b9@group-CE3C0447B19C, cid=4147, SUCCESS, logIndex=6778, commits[2573df58-4087-4dd0-8598-5abddcc696b9:c6780]
2019-06-13 21:51:55,076 INFO  client.GrpcClientProtocolClient (GrpcClientProtocolClient.java:onNext(254)) - client-9C97446E6A25->2573df58-4087-4dd0-8598-5abddcc696b9: receive RaftClientReply:client-9C97446E6A25->2573df58-4087-4dd0-8598-5abddcc696b9@group-CE3C0447B19C, cid=4148, SUCCESS, logIndex=6779, commits[2573df58-4087-4dd0-8598-5abddcc696b9:c6780]
2019-06-13 21:51:55,082 INFO  client.GrpcClientProtocolClient (GrpcClientProtocolClient.java:onNext(254)) - client-9C97446E6A25->2573df58-4087-4dd0-8598-5abddcc696b9: receive RaftClientReply:client-9C97446E6A25->2573df58-4087-4dd0-8598-5abddcc696b9@group-CE3C0447B19C, cid=4149, SUCCESS, logIndex=6781, commits[2573df58-4087-4dd0-8598-5abddcc696b9:c6781]
2019-06-13 21:51:55,084 INFO  client.GrpcClientProtocolClient (GrpcClientProtocolClient.java:onNext(254)) - client-9C97446E6A25->2573df58-4087-4dd0-8598-5abddcc696b9: receive RaftClientReply:client-9C97446E6A25->2573df58-4087-4dd0-8598-5abddcc696b9@group-CE3C0447B19C, cid=4150, SUCCESS, logIndex=6783, commits[2573df58-4087-4dd0-8598-5abddcc696b9:c6783]
2019-06-13 21:51:55,085 INFO  client.GrpcClientProtocolClient (GrpcClientProtocolClient.java:onNext(254)) - client-9C97446E6A25->2573df58-4087-4dd0-8598-5abddcc696b9: receive RaftClientReply:client-9C97446E6A25->2573df58-4087-4dd0-8598-5abddcc696b9@group-CE3C0447B19C, cid=4151, SUCCESS, logIndex=6784, commits[2573df58-4087-4dd0-8598-5abddcc696b9:c6786]
2019-06-13 21:51:55,085 INFO  client.GrpcClientProtocolClient (GrpcClientProtocolClient.java:onNext(254)) - client-9C97446E6A25->2573df58-4087-4dd0-8598-5abddcc696b9: receive RaftClientReply:client-9C97446E6A25->2573df58-4087-4dd0-8598-5abddcc696b9@group-CE3C0447B19C, cid=4152, SUCCESS, logIndex=6785, commits[2573df58-4087-4dd0-8598-5abddcc696b9:c6786]
2019-06-13 21:51:55,096 INFO  client.GrpcClientProtocolClient (GrpcClientProtocolClient.java:onNext(254)) - client-9C97446E6A25->2573df58-4087-4dd0-8598-5abddcc696b9: receive RaftClientReply:client-9C97446E6A25->2573df58-4087-4dd0-8598-5abddcc696b9@group-CE3C0447B19C, cid=4153, SUCCESS, logIndex=6787, commits[2573df58-4087-4dd0-8598-5abddcc696b9:c6787]
2019-06-13 21:51:55,097 INFO  client.GrpcClientProtocolClient (GrpcClientProtocolClient.java:onNext(254)) - client-9C97446E6A25->2573df58-4087-4dd0-8598-5abddcc696b9: receive RaftClientReply:client-9C97446E6A25->2573df58-4087-4dd0-8598-5abddcc696b9@group-CE3C0447B19C, cid=4154, SUCCESS, logIndex=6789, commits[2573df58-4087-4dd0-8598-5abddcc696b9:c6789]
2019-06-13 21:51:55,164 INFO  client.GrpcClientProtocolClient (GrpcClientProtocolClient.java:onNext(254)) - client-9C97446E6A25->2573df58-4087-4dd0-8598-5abddcc696b9: receive RaftClientReply:client-9C97446E6A25->2573df58-4087-4dd0-8598-5abddcc696b9@group-CE3C0447B19C, cid=4155, SUCCESS, logIndex=6791, commits[2573df58-4087-4dd0-8598-5abddcc696b9:c6791]
2019-06-13 21:51:55,165 INFO  client.GrpcClientProtocolClient (GrpcClientProtocolClient.java:onNext(254)) - client-9C97446E6A25->2573df58-4087-4dd0-8598-5abddcc696b9: receive RaftClientReply:client-9C97446E6A25->2573df58-4087-4dd0-8598-5abddcc696b9@group-CE3C0447B19C, cid=4156, SUCCESS, logIndex=6793, commits[2573df58-4087-4dd0-8598-5abddcc696b9:c6793]
2019-06-13 21:51:55,170 INFO  client.GrpcClientProtocolClient (GrpcClientProtocolClient.java:onNext(254)) - client-9C97446E6A25->2573df58-4087-4dd0-8598-5abddcc696b9: receive RaftClientReply:client-9C97446E6A25->2573df58-4087-4dd0-8598-5abddcc696b9@group-CE3C0447B19C, cid=4157, SUCCESS, logIndex=6795, commits[2573df58-4087-4dd0-8598-5abddcc696b9:c6795]
2019-06-13 21:51:55,171 INFO  client.GrpcClientProtocolClient (GrpcClientProtocolClient.java:onNext(254)) - client-9C97446E6A25->2573df58-4087-4dd0-8598-5abddcc696b9: receive RaftClientReply:client-9C97446E6A25->2573df58-4087-4dd0-8598-5abddcc696b9@group-CE3C0447B19C, cid=4158, SUCCESS, logIndex=6797, commits[2573df58-4087-4dd0-8598-5abddcc696b9:c6797]
2019-06-13 21:51:55,172 INFO  client.GrpcClientProtocolClient (GrpcClientProtocolClient.java:onNext(254)) - client-9C97446E6A25->2573df58-4087-4dd0-8598-5abddcc696b9: receive RaftClientReply:client-9C97446E6A25->2573df58-4087-4dd0-8598-5abddcc696b9@group-CE3C0447B19C, cid=4159, SUCCESS, logIndex=6798, commits[2573df58-4087-4dd0-8598-5abddcc696b9:c6800]
2019-06-13 21:51:55,175 INFO  client.GrpcClientProtocolClient (GrpcClientProtocolClient.java:onNext(254)) - client-9C97446E6A25->2573df58-4087-4dd0-8598-5abddcc696b9: receive RaftClientReply:client-9C97446E6A25->2573df58-4087-4dd0-8598-5abddcc696b9@group-CE3C0447B19C, cid=4160, SUCCESS, logIndex=6799, commits[2573df58-4087-4dd0-8598-5abddcc696b9:c6800]
2019-06-13 21:51:55,176 DEBUG block.SCMBlockDeletingService (SCMBlockDeletingService.java:call(138)) - Running DeletedBlockTransactionScanner
2019-06-13 21:51:55,176 DEBUG block.SCMBlockDeletingService (SCMBlockDeletingService.java:call(155)) - Scanned deleted blocks log and got 0 delTX to process.
2019-06-13 21:51:55,186 INFO  client.GrpcClientProtocolClient (GrpcClientProtocolClient.java:onNext(254)) - client-9C97446E6A25->2573df58-4087-4dd0-8598-5abddcc696b9: receive RaftClientReply:client-9C97446E6A25->2573df58-4087-4dd0-8598-5abddcc696b9@group-CE3C0447B19C, cid=4161, SUCCESS, logIndex=6801, commits[2573df58-4087-4dd0-8598-5abddcc696b9:c6801]
2019-06-13 21:51:55,191 INFO  client.GrpcClientProtocolClient (GrpcClientProtocolClient.java:onNext(254)) - client-9C97446E6A25->2573df58-4087-4dd0-8598-5abddcc696b9: receive RaftClientReply:client-9C97446E6A25->2573df58-4087-4dd0-8598-5abddcc696b9@group-CE3C0447B19C, cid=4162, SUCCESS, logIndex=6803, commits[2573df58-4087-4dd0-8598-5abddcc696b9:c6803]
2019-06-13 21:51:55,191 INFO  client.GrpcClientProtocolClient (GrpcClientProtocolClient.java:onNext(254)) - client-9C97446E6A25->2573df58-4087-4dd0-8598-5abddcc696b9: receive RaftClientReply:client-9C97446E6A25->2573df58-4087-4dd0-8598-5abddcc696b9@group-CE3C0447B19C, cid=4163, SUCCESS, logIndex=6805, commits[2573df58-4087-4dd0-8598-5abddcc696b9:c6805]
2019-06-13 21:51:55,192 INFO  client.GrpcClientProtocolClient (GrpcClientProtocolClient.java:onNext(254)) - client-9C97446E6A25->2573df58-4087-4dd0-8598-5abddcc696b9: receive RaftClientReply:client-9C97446E6A25->2573df58-4087-4dd0-8598-5abddcc696b9@group-CE3C0447B19C, cid=4164, SUCCESS, logIndex=6807, commits[2573df58-4087-4dd0-8598-5abddcc696b9:c6807]
2019-06-13 21:51:55,197 INFO  client.GrpcClientProtocolClient (GrpcClientProtocolClient.java:onNext(254)) - client-9C97446E6A25->2573df58-4087-4dd0-8598-5abddcc696b9: receive RaftClientReply:client-9C97446E6A25->2573df58-4087-4dd0-8598-5abddcc696b9@group-CE3C0447B19C, cid=4165, SUCCESS, logIndex=6809, commits[2573df58-4087-4dd0-8598-5abddcc696b9:c6809]
2019-06-13 21:51:55,198 INFO  client.GrpcClientProtocolClient (GrpcClientProtocolClient.java:onNext(254)) - client-9C97446E6A25->2573df58-4087-4dd0-8598-5abddcc696b9: receive RaftClientReply:client-9C97446E6A25->2573df58-4087-4dd0-8598-5abddcc696b9@group-CE3C0447B19C, cid=4166, SUCCESS, logIndex=6811, commits[2573df58-4087-4dd0-8598-5abddcc696b9:c6811]
2019-06-13 21:51:55,200 INFO  client.GrpcClientProtocolClient (GrpcClientProtocolClient.java:onNext(254)) - client-9C97446E6A25->2573df58-4087-4dd0-8598-5abddcc696b9: receive RaftClientReply:client-9C97446E6A25->2573df58-4087-4dd0-8598-5abddcc696b9@group-CE3C0447B19C, cid=4167, SUCCESS, logIndex=6812, commits[2573df58-4087-4dd0-8598-5abddcc696b9:c6814]
2019-06-13 21:51:55,200 INFO  client.GrpcClientProtocolClient (GrpcClientProtocolClient.java:onNext(254)) - client-9C97446E6A25->2573df58-4087-4dd0-8598-5abddcc696b9: receive RaftClientReply:client-9C97446E6A25->2573df58-4087-4dd0-8598-5abddcc696b9@group-CE3C0447B19C, cid=4168, SUCCESS, logIndex=6813, commits[2573df58-4087-4dd0-8598-5abddcc696b9:c6814]
2019-06-13 21:51:55,210 INFO  client.GrpcClientProtocolClient (GrpcClientProtocolClient.java:onNext(254)) - client-9C97446E6A25->2573df58-4087-4dd0-8598-5abddcc696b9: receive RaftClientReply:client-9C97446E6A25->2573df58-4087-4dd0-8598-5abddcc696b9@group-CE3C0447B19C, cid=4169, SUCCESS, logIndex=6815, commits[2573df58-4087-4dd0-8598-5abddcc696b9:c6815]
2019-06-13 21:51:55,211 INFO  client.GrpcClientProtocolClient (GrpcClientProtocolClient.java:onNext(254)) - client-9C97446E6A25->2573df58-4087-4dd0-8598-5abddcc696b9: receive RaftClientReply:client-9C97446E6A25->2573df58-4087-4dd0-8598-5abddcc696b9@group-CE3C0447B19C, cid=4170, SUCCESS, logIndex=6817, commits[2573df58-4087-4dd0-8598-5abddcc696b9:c6817]
2019-06-13 21:51:55,213 INFO  client.GrpcClientProtocolClient (GrpcClientProtocolClient.java:onNext(254)) - client-9C97446E6A25->2573df58-4087-4dd0-8598-5abddcc696b9: receive RaftClientReply:client-9C97446E6A25->2573df58-4087-4dd0-8598-5abddcc696b9@group-CE3C0447B19C, cid=4171, SUCCESS, logIndex=6818, commits[2573df58-4087-4dd0-8598-5abddcc696b9:c6820]
2019-06-13 21:51:55,213 INFO  client.GrpcClientProtocolClient (GrpcClientProtocolClient.java:onNext(254)) - client-9C97446E6A25->2573df58-4087-4dd0-8598-5abddcc696b9: receive RaftClientReply:client-9C97446E6A25->2573df58-4087-4dd0-8598-5abddcc696b9@group-CE3C0447B19C, cid=4172, SUCCESS, logIndex=6819, commits[2573df58-4087-4dd0-8598-5abddcc696b9:c6820]
2019-06-13 21:51:55,218 INFO  client.GrpcClientProtocolClient (GrpcClientProtocolClient.java:onNext(254)) - client-9C97446E6A25->2573df58-4087-4dd0-8598-5abddcc696b9: receive RaftClientReply:client-9C97446E6A25->2573df58-4087-4dd0-8598-5abddcc696b9@group-CE3C0447B19C, cid=4173, SUCCESS, logIndex=6821, commits[2573df58-4087-4dd0-8598-5abddcc696b9:c6821]
2019-06-13 21:51:55,219 INFO  client.GrpcClientProtocolClient (GrpcClientProtocolClient.java:onNext(254)) - client-9C97446E6A25->2573df58-4087-4dd0-8598-5abddcc696b9: receive RaftClientReply:client-9C97446E6A25->2573df58-4087-4dd0-8598-5abddcc696b9@group-CE3C0447B19C, cid=4174, SUCCESS, logIndex=6823, commits[2573df58-4087-4dd0-8598-5abddcc696b9:c6823]
2019-06-13 21:51:55,221 INFO  client.GrpcClientProtocolClient (GrpcClientProtocolClient.java:onNext(254)) - client-9C97446E6A25->2573df58-4087-4dd0-8598-5abddcc696b9: receive RaftClientReply:client-9C97446E6A25->2573df58-4087-4dd0-8598-5abddcc696b9@group-CE3C0447B19C, cid=4175, SUCCESS, logIndex=6825, commits[2573df58-4087-4dd0-8598-5abddcc696b9:c6825]
2019-06-13 21:51:55,221 INFO  client.GrpcClientProtocolClient (GrpcClientProtocolClient.java:onNext(254)) - client-9C97446E6A25->2573df58-4087-4dd0-8598-5abddcc696b9: receive RaftClientReply:client-9C97446E6A25->2573df58-4087-4dd0-8598-5abddcc696b9@group-CE3C0447B19C, cid=4176, SUCCESS, logIndex=6826, commits[2573df58-4087-4dd0-8598-5abddcc696b9:c6826]
2019-06-13 21:51:55,232 INFO  client.GrpcClientProtocolClient (GrpcClientProtocolClient.java:onNext(254)) - client-9C97446E6A25->2573df58-4087-4dd0-8598-5abddcc696b9: receive RaftClientReply:client-9C97446E6A25->2573df58-4087-4dd0-8598-5abddcc696b9@group-CE3C0447B19C, cid=4177, SUCCESS, logIndex=6829, commits[2573df58-4087-4dd0-8598-5abddcc696b9:c6829]
2019-06-13 21:51:55,232 INFO  storage.RaftLogWorker (RaftLogWorker.java:rollLogSegment(303)) - 2573df58-4087-4dd0-8598-5abddcc696b9-RaftLogWorker: Rolling segment log-6760_6831 to index:6831
2019-06-13 21:51:55,232 INFO  storage.RaftLogWorker (RaftLogWorker.java:execute(433)) - 2573df58-4087-4dd0-8598-5abddcc696b9-RaftLogWorker: Rolled log segment from /opt/src/hadoop-ozone/integration-test/target/test-dir/MiniOzoneClusterImpl-8578056e-9b7b-4e66-9e9f-ef53d5cd7c03/datanode-0/data/ratis/7f5c2536-ed89-4233-9ec0-ce3c0447b19c/current/log_inprogress_6760 to /opt/src/hadoop-ozone/integration-test/target/test-dir/MiniOzoneClusterImpl-8578056e-9b7b-4e66-9e9f-ef53d5cd7c03/datanode-0/data/ratis/7f5c2536-ed89-4233-9ec0-ce3c0447b19c/current/log_6760-6831
2019-06-13 21:51:55,235 INFO  client.GrpcClientProtocolClient (GrpcClientProtocolClient.java:onNext(254)) - client-9C97446E6A25->2573df58-4087-4dd0-8598-5abddcc696b9: receive RaftClientReply:client-9C97446E6A25->2573df58-4087-4dd0-8598-5abddcc696b9@group-CE3C0447B19C, cid=4178, SUCCESS, logIndex=6831, commits[2573df58-4087-4dd0-8598-5abddcc696b9:c6831]
2019-06-13 21:51:55,268 INFO  storage.RaftLogWorker (RaftLogWorker.java:execute(469)) - 2573df58-4087-4dd0-8598-5abddcc696b9-RaftLogWorker: created new log segment /opt/src/hadoop-ozone/integration-test/target/test-dir/MiniOzoneClusterImpl-8578056e-9b7b-4e66-9e9f-ef53d5cd7c03/datanode-0/data/ratis/7f5c2536-ed89-4233-9ec0-ce3c0447b19c/current/log_inprogress_6832
2019-06-13 21:51:55,270 INFO  client.GrpcClientProtocolClient (GrpcClientProtocolClient.java:onNext(254)) - client-9C97446E6A25->2573df58-4087-4dd0-8598-5abddcc696b9: receive RaftClientReply:client-9C97446E6A25->2573df58-4087-4dd0-8598-5abddcc696b9@group-CE3C0447B19C, cid=4179, SUCCESS, logIndex=6832, commits[2573df58-4087-4dd0-8598-5abddcc696b9:c6834]
2019-06-13 21:51:55,270 INFO  client.GrpcClientProtocolClient (GrpcClientProtocolClient.java:onNext(254)) - client-9C97446E6A25->2573df58-4087-4dd0-8598-5abddcc696b9: receive RaftClientReply:client-9C97446E6A25->2573df58-4087-4dd0-8598-5abddcc696b9@group-CE3C0447B19C, cid=4180, SUCCESS, logIndex=6833, commits[2573df58-4087-4dd0-8598-5abddcc696b9:c6834]
2019-06-13 21:51:55,276 DEBUG block.SCMBlockDeletingService (SCMBlockDeletingService.java:call(138)) - Running DeletedBlockTransactionScanner
2019-06-13 21:51:55,277 DEBUG block.SCMBlockDeletingService (SCMBlockDeletingService.java:call(155)) - Scanned deleted blocks log and got 0 delTX to process.
2019-06-13 21:51:55,277 INFO  client.GrpcClientProtocolClient (GrpcClientProtocolClient.java:onNext(254)) - client-9C97446E6A25->2573df58-4087-4dd0-8598-5abddcc696b9: receive RaftClientReply:client-9C97446E6A25->2573df58-4087-4dd0-8598-5abddcc696b9@group-CE3C0447B19C, cid=4181, SUCCESS, logIndex=6835, commits[2573df58-4087-4dd0-8598-5abddcc696b9:c6835]
2019-06-13 21:51:55,279 INFO  client.GrpcClientProtocolClient (GrpcClientProtocolClient.java:onNext(254)) - client-9C97446E6A25->2573df58-4087-4dd0-8598-5abddcc696b9: receive RaftClientReply:client-9C97446E6A25->2573df58-4087-4dd0-8598-5abddcc696b9@group-CE3C0447B19C, cid=4182, SUCCESS, logIndex=6837, commits[2573df58-4087-4dd0-8598-5abddcc696b9:c6837]
2019-06-13 21:51:55,280 INFO  client.GrpcClientProtocolClient (GrpcClientProtocolClient.java:onNext(254)) - client-9C97446E6A25->2573df58-4087-4dd0-8598-5abddcc696b9: receive RaftClientReply:client-9C97446E6A25->2573df58-4087-4dd0-8598-5abddcc696b9@group-CE3C0447B19C, cid=4183, SUCCESS, logIndex=6838, commits[2573df58-4087-4dd0-8598-5abddcc696b9:c6840]
2019-06-13 21:51:55,280 INFO  client.GrpcClientProtocolClient (GrpcClientProtocolClient.java:onNext(254)) - client-9C97446E6A25->2573df58-4087-4dd0-8598-5abddcc696b9: receive RaftClientReply:client-9C97446E6A25->2573df58-4087-4dd0-8598-5abddcc696b9@group-CE3C0447B19C, cid=4184, SUCCESS, logIndex=6839, commits[2573df58-4087-4dd0-8598-5abddcc696b9:c6840]
2019-06-13 21:51:55,292 INFO  client.GrpcClientProtocolClient (GrpcClientProtocolClient.java:onNext(254)) - client-9C97446E6A25->2573df58-4087-4dd0-8598-5abddcc696b9: receive RaftClientReply:client-9C97446E6A25->2573df58-4087-4dd0-8598-5abddcc696b9@group-CE3C0447B19C, cid=4185, SUCCESS, logIndex=6841, commits[2573df58-4087-4dd0-8598-5abddcc696b9:c6841]
2019-06-13 21:51:55,293 INFO  client.GrpcClientProtocolClient (GrpcClientProtocolClient.java:onNext(254)) - client-9C97446E6A25->2573df58-4087-4dd0-8598-5abddcc696b9: receive RaftClientReply:client-9C97446E6A25->2573df58-4087-4dd0-8598-5abddcc696b9@group-CE3C0447B19C, cid=4186, SUCCESS, logIndex=6843, commits[2573df58-4087-4dd0-8598-5abddcc696b9:c6843]
2019-06-13 21:51:55,295 INFO  client.GrpcClientProtocolClient (GrpcClientProtocolClient.java:onNext(254)) - client-9C97446E6A25->2573df58-4087-4dd0-8598-5abddcc696b9: receive RaftClientReply:client-9C97446E6A25->2573df58-4087-4dd0-8598-5abddcc696b9@group-CE3C0447B19C, cid=4187, SUCCESS, logIndex=6844, commits[2573df58-4087-4dd0-8598-5abddcc696b9:c6846]
2019-06-13 21:51:55,295 INFO  client.GrpcClientProtocolClient (GrpcClientProtocolClient.java:onNext(254)) - client-9C97446E6A25->2573df58-4087-4dd0-8598-5abddcc696b9: receive RaftClientReply:client-9C97446E6A25->2573df58-4087-4dd0-8598-5abddcc696b9@group-CE3C0447B19C, cid=4188, SUCCESS, logIndex=6845, commits[2573df58-4087-4dd0-8598-5abddcc696b9:c6846]
2019-06-13 21:51:55,299 INFO  client.GrpcClientProtocolClient (GrpcClientProtocolClient.java:onNext(254)) - client-9C97446E6A25->2573df58-4087-4dd0-8598-5abddcc696b9: receive RaftClientReply:client-9C97446E6A25->2573df58-4087-4dd0-8598-5abddcc696b9@group-CE3C0447B19C, cid=4189, SUCCESS, logIndex=6847, commits[2573df58-4087-4dd0-8598-5abddcc696b9:c6847]
2019-06-13 21:51:55,301 INFO  client.GrpcClientProtocolClient (GrpcClientProtocolClient.java:onNext(254)) - client-9C97446E6A25->2573df58-4087-4dd0-8598-5abddcc696b9: receive RaftClientReply:client-9C97446E6A25->2573df58-4087-4dd0-8598-5abddcc696b9@group-CE3C0447B19C, cid=4190, SUCCESS, logIndex=6849, commits[2573df58-4087-4dd0-8598-5abddcc696b9:c6849]
2019-06-13 21:51:55,302 INFO  client.GrpcClientProtocolClient (GrpcClientProtocolClient.java:onNext(254)) - client-9C97446E6A25->2573df58-4087-4dd0-8598-5abddcc696b9: receive RaftClientReply:client-9C97446E6A25->2573df58-4087-4dd0-8598-5abddcc696b9@group-CE3C0447B19C, cid=4191, SUCCESS, logIndex=6850, commits[2573df58-4087-4dd0-8598-5abddcc696b9:c6852]
2019-06-13 21:51:55,302 INFO  client.GrpcClientProtocolClient (GrpcClientProtocolClient.java:onNext(254)) - client-9C97446E6A25->2573df58-4087-4dd0-8598-5abddcc696b9: receive RaftClientReply:client-9C97446E6A25->2573df58-4087-4dd0-8598-5abddcc696b9@group-CE3C0447B19C, cid=4192, SUCCESS, logIndex=6851, commits[2573df58-4087-4dd0-8598-5abddcc696b9:c6852]
2019-06-13 21:51:55,355 INFO  client.GrpcClientProtocolClient (GrpcClientProtocolClient.java:onNext(254)) - client-9C97446E6A25->2573df58-4087-4dd0-8598-5abddcc696b9: receive RaftClientReply:client-9C97446E6A25->2573df58-4087-4dd0-8598-5abddcc696b9@group-CE3C0447B19C, cid=4193, SUCCESS, logIndex=6853, commits[2573df58-4087-4dd0-8598-5abddcc696b9:c6853]
2019-06-13 21:51:55,356 INFO  client.GrpcClientProtocolClient (GrpcClientProtocolClient.java:onNext(254)) - client-9C97446E6A25->2573df58-4087-4dd0-8598-5abddcc696b9: receive RaftClientReply:client-9C97446E6A25->2573df58-4087-4dd0-8598-5abddcc696b9@group-CE3C0447B19C, cid=4194, SUCCESS, logIndex=6855, commits[2573df58-4087-4dd0-8598-5abddcc696b9:c6855]
2019-06-13 21:51:55,357 INFO  client.GrpcClientProtocolClient (GrpcClientProtocolClient.java:onNext(254)) - client-9C97446E6A25->2573df58-4087-4dd0-8598-5abddcc696b9: receive RaftClientReply:client-9C97446E6A25->2573df58-4087-4dd0-8598-5abddcc696b9@group-CE3C0447B19C, cid=4195, SUCCESS, logIndex=6856, commits[2573df58-4087-4dd0-8598-5abddcc696b9:c6858]
2019-06-13 21:51:55,357 INFO  client.GrpcClientProtocolClient (GrpcClientProtocolClient.java:onNext(254)) - client-9C97446E6A25->2573df58-4087-4dd0-8598-5abddcc696b9: receive RaftClientReply:client-9C97446E6A25->2573df58-4087-4dd0-8598-5abddcc696b9@group-CE3C0447B19C, cid=4196, SUCCESS, logIndex=6857, commits[2573df58-4087-4dd0-8598-5abddcc696b9:c6858]
2019-06-13 21:51:55,363 INFO  client.GrpcClientProtocolClient (GrpcClientProtocolClient.java:onNext(254)) - client-9C97446E6A25->2573df58-4087-4dd0-8598-5abddcc696b9: receive RaftClientReply:client-9C97446E6A25->2573df58-4087-4dd0-8598-5abddcc696b9@group-CE3C0447B19C, cid=4197, SUCCESS, logIndex=6859, commits[2573df58-4087-4dd0-8598-5abddcc696b9:c6860]
2019-06-13 21:51:55,363 INFO  client.GrpcClientProtocolClient (GrpcClientProtocolClient.java:onNext(254)) - client-9C97446E6A25->2573df58-4087-4dd0-8598-5abddcc696b9: receive RaftClientReply:client-9C97446E6A25->2573df58-4087-4dd0-8598-5abddcc696b9@group-CE3C0447B19C, cid=4198, SUCCESS, logIndex=6861, commits[2573df58-4087-4dd0-8598-5abddcc696b9:c6861]
2019-06-13 21:51:55,379 DEBUG block.SCMBlockDeletingService (SCMBlockDeletingService.java:call(138)) - Running DeletedBlockTransactionScanner
2019-06-13 21:51:55,379 DEBUG block.SCMBlockDeletingService (SCMBlockDeletingService.java:call(155)) - Scanned deleted blocks log and got 0 delTX to process.
2019-06-13 21:51:55,431 INFO  client.GrpcClientProtocolClient (GrpcClientProtocolClient.java:onNext(254)) - client-9C97446E6A25->2573df58-4087-4dd0-8598-5abddcc696b9: receive RaftClientReply:client-9C97446E6A25->2573df58-4087-4dd0-8598-5abddcc696b9@group-CE3C0447B19C, cid=4199, SUCCESS, logIndex=6863, commits[2573df58-4087-4dd0-8598-5abddcc696b9:c6863]
2019-06-13 21:51:55,432 INFO  client.GrpcClientProtocolClient (GrpcClientProtocolClient.java:onNext(254)) - client-9C97446E6A25->2573df58-4087-4dd0-8598-5abddcc696b9: receive RaftClientReply:client-9C97446E6A25->2573df58-4087-4dd0-8598-5abddcc696b9@group-CE3C0447B19C, cid=4200, SUCCESS, logIndex=6865, commits[2573df58-4087-4dd0-8598-5abddcc696b9:c6865]
2019-06-13 21:51:55,442 INFO  client.GrpcClientProtocolClient (GrpcClientProtocolClient.java:onNext(254)) - client-9C97446E6A25->2573df58-4087-4dd0-8598-5abddcc696b9: receive RaftClientReply:client-9C97446E6A25->2573df58-4087-4dd0-8598-5abddcc696b9@group-CE3C0447B19C, cid=4201, SUCCESS, logIndex=6867, commits[2573df58-4087-4dd0-8598-5abddcc696b9:c6867]
2019-06-13 21:51:55,443 INFO  client.GrpcClientProtocolClient (GrpcClientProtocolClient.java:onNext(254)) - client-9C97446E6A25->2573df58-4087-4dd0-8598-5abddcc696b9: receive RaftClientReply:client-9C97446E6A25->2573df58-4087-4dd0-8598-5abddcc696b9@group-CE3C0447B19C, cid=4202, SUCCESS, logIndex=6869, commits[2573df58-4087-4dd0-8598-5abddcc696b9:c6869]
2019-06-13 21:51:55,444 INFO  client.GrpcClientProtocolClient (GrpcClientProtocolClient.java:onNext(254)) - client-9C97446E6A25->2573df58-4087-4dd0-8598-5abddcc696b9: receive RaftClientReply:client-9C97446E6A25->2573df58-4087-4dd0-8598-5abddcc696b9@group-CE3C0447B19C, cid=4203, SUCCESS, logIndex=6870, commits[2573df58-4087-4dd0-8598-5abddcc696b9:c6872]
2019-06-13 21:51:55,445 INFO  client.GrpcClientProtocolClient (GrpcClientProtocolClient.java:onNext(254)) - client-9C97446E6A25->2573df58-4087-4dd0-8598-5abddcc696b9: receive RaftClientReply:client-9C97446E6A25->2573df58-4087-4dd0-8598-5abddcc696b9@group-CE3C0447B19C, cid=4204, SUCCESS, logIndex=6871, commits[2573df58-4087-4dd0-8598-5abddcc696b9:c6872]
2019-06-13 21:51:55,449 INFO  client.GrpcClientProtocolClient (GrpcClientProtocolClient.java:onNext(254)) - client-9C97446E6A25->2573df58-4087-4dd0-8598-5abddcc696b9: receive RaftClientReply:client-9C97446E6A25->2573df58-4087-4dd0-8598-5abddcc696b9@group-CE3C0447B19C, cid=4205, SUCCESS, logIndex=6873, commits[2573df58-4087-4dd0-8598-5abddcc696b9:c6873]
2019-06-13 21:51:55,455 INFO  client.GrpcClientProtocolClient (GrpcClientProtocolClient.java:onNext(254)) - client-9C97446E6A25->2573df58-4087-4dd0-8598-5abddcc696b9: receive RaftClientReply:client-9C97446E6A25->2573df58-4087-4dd0-8598-5abddcc696b9@group-CE3C0447B19C, cid=4206, SUCCESS, logIndex=6875, commits[2573df58-4087-4dd0-8598-5abddcc696b9:c6878]
2019-06-13 21:51:55,456 INFO  client.GrpcClientProtocolClient (GrpcClientProtocolClient.java:onNext(254)) - client-9C97446E6A25->2573df58-4087-4dd0-8598-5abddcc696b9: receive RaftClientReply:client-9C97446E6A25->2573df58-4087-4dd0-8598-5abddcc696b9@group-CE3C0447B19C, cid=4207, SUCCESS, logIndex=6876, commits[2573df58-4087-4dd0-8598-5abddcc696b9:c6878]
2019-06-13 21:51:55,456 INFO  client.GrpcClientProtocolClient (GrpcClientProtocolClient.java:onNext(254)) - client-9C97446E6A25->2573df58-4087-4dd0-8598-5abddcc696b9: receive RaftClientReply:client-9C97446E6A25->2573df58-4087-4dd0-8598-5abddcc696b9@group-CE3C0447B19C, cid=4208, SUCCESS, logIndex=6877, commits[2573df58-4087-4dd0-8598-5abddcc696b9:c6878]
2019-06-13 21:51:55,467 INFO  client.GrpcClientProtocolClient (GrpcClientProtocolClient.java:onNext(254)) - client-9C97446E6A25->2573df58-4087-4dd0-8598-5abddcc696b9: receive RaftClientReply:client-9C97446E6A25->2573df58-4087-4dd0-8598-5abddcc696b9@group-CE3C0447B19C, cid=4209, SUCCESS, logIndex=6879, commits[2573df58-4087-4dd0-8598-5abddcc696b9:c6879]
2019-06-13 21:51:55,468 INFO  client.GrpcClientProtocolClient (GrpcClientProtocolClient.java:onNext(254)) - client-9C97446E6A25->2573df58-4087-4dd0-8598-5abddcc696b9: receive RaftClientReply:client-9C97446E6A25->2573df58-4087-4dd0-8598-5abddcc696b9@group-CE3C0447B19C, cid=4210, SUCCESS, logIndex=6881, commits[2573df58-4087-4dd0-8598-5abddcc696b9:c6881]
2019-06-13 21:51:55,469 INFO  client.GrpcClientProtocolClient (GrpcClientProtocolClient.java:onNext(254)) - client-9C97446E6A25->2573df58-4087-4dd0-8598-5abddcc696b9: receive RaftClientReply:client-9C97446E6A25->2573df58-4087-4dd0-8598-5abddcc696b9@group-CE3C0447B19C, cid=4211, SUCCESS, logIndex=6882, commits[2573df58-4087-4dd0-8598-5abddcc696b9:c6883]
2019-06-13 21:51:55,469 INFO  client.GrpcClientProtocolClient (GrpcClientProtocolClient.java:onNext(254)) - client-9C97446E6A25->2573df58-4087-4dd0-8598-5abddcc696b9: receive RaftClientReply:client-9C97446E6A25->2573df58-4087-4dd0-8598-5abddcc696b9@group-CE3C0447B19C, cid=4212, SUCCESS, logIndex=6883, commits[2573df58-4087-4dd0-8598-5abddcc696b9:c6883]
2019-06-13 21:51:55,474 INFO  client.GrpcClientProtocolClient (GrpcClientProtocolClient.java:onNext(254)) - client-9C97446E6A25->2573df58-4087-4dd0-8598-5abddcc696b9: receive RaftClientReply:client-9C97446E6A25->2573df58-4087-4dd0-8598-5abddcc696b9@group-CE3C0447B19C, cid=4213, SUCCESS, logIndex=6886, commits[2573df58-4087-4dd0-8598-5abddcc696b9:c6886]
2019-06-13 21:51:55,476 INFO  client.GrpcClientProtocolClient (GrpcClientProtocolClient.java:onNext(254)) - client-9C97446E6A25->2573df58-4087-4dd0-8598-5abddcc696b9: receive RaftClientReply:client-9C97446E6A25->2573df58-4087-4dd0-8598-5abddcc696b9@group-CE3C0447B19C, cid=4214, SUCCESS, logIndex=6888, commits[2573df58-4087-4dd0-8598-5abddcc696b9:c6888]
2019-06-13 21:51:55,476 INFO  client.GrpcClientProtocolClient (GrpcClientProtocolClient.java:onNext(254)) - client-9C97446E6A25->2573df58-4087-4dd0-8598-5abddcc696b9: receive RaftClientReply:client-9C97446E6A25->2573df58-4087-4dd0-8598-5abddcc696b9@group-CE3C0447B19C, cid=4215, SUCCESS, logIndex=6889, commits[2573df58-4087-4dd0-8598-5abddcc696b9:c6890]
2019-06-13 21:51:55,477 INFO  client.GrpcClientProtocolClient (GrpcClientProtocolClient.java:onNext(254)) - client-9C97446E6A25->2573df58-4087-4dd0-8598-5abddcc696b9: receive RaftClientReply:client-9C97446E6A25->2573df58-4087-4dd0-8598-5abddcc696b9@group-CE3C0447B19C, cid=4216, SUCCESS, logIndex=6890, commits[2573df58-4087-4dd0-8598-5abddcc696b9:c6890]
2019-06-13 21:51:55,479 DEBUG block.SCMBlockDeletingService (SCMBlockDeletingService.java:call(138)) - Running DeletedBlockTransactionScanner
2019-06-13 21:51:55,479 DEBUG block.SCMBlockDeletingService (SCMBlockDeletingService.java:call(155)) - Scanned deleted blocks log and got 0 delTX to process.
2019-06-13 21:51:55,487 INFO  client.GrpcClientProtocolClient (GrpcClientProtocolClient.java:onNext(254)) - client-9C97446E6A25->2573df58-4087-4dd0-8598-5abddcc696b9: receive RaftClientReply:client-9C97446E6A25->2573df58-4087-4dd0-8598-5abddcc696b9@group-CE3C0447B19C, cid=4217, SUCCESS, logIndex=6893, commits[2573df58-4087-4dd0-8598-5abddcc696b9:c6893]
2019-06-13 21:51:55,488 INFO  client.GrpcClientProtocolClient (GrpcClientProtocolClient.java:onNext(254)) - client-9C97446E6A25->2573df58-4087-4dd0-8598-5abddcc696b9: receive RaftClientReply:client-9C97446E6A25->2573df58-4087-4dd0-8598-5abddcc696b9@group-CE3C0447B19C, cid=4218, SUCCESS, logIndex=6895, commits[2573df58-4087-4dd0-8598-5abddcc696b9:c6895]
2019-06-13 21:51:55,489 INFO  client.GrpcClientProtocolClient (GrpcClientProtocolClient.java:onNext(254)) - client-9C97446E6A25->2573df58-4087-4dd0-8598-5abddcc696b9: receive RaftClientReply:client-9C97446E6A25->2573df58-4087-4dd0-8598-5abddcc696b9@group-CE3C0447B19C, cid=4219, SUCCESS, logIndex=6896, commits[2573df58-4087-4dd0-8598-5abddcc696b9:c6898]
2019-06-13 21:51:55,489 INFO  client.GrpcClientProtocolClient (GrpcClientProtocolClient.java:onNext(254)) - client-9C97446E6A25->2573df58-4087-4dd0-8598-5abddcc696b9: receive RaftClientReply:client-9C97446E6A25->2573df58-4087-4dd0-8598-5abddcc696b9@group-CE3C0447B19C, cid=4220, SUCCESS, logIndex=6897, commits[2573df58-4087-4dd0-8598-5abddcc696b9:c6898]
2019-06-13 21:51:55,494 INFO  client.GrpcClientProtocolClient (GrpcClientProtocolClient.java:onNext(254)) - client-9C97446E6A25->2573df58-4087-4dd0-8598-5abddcc696b9: receive RaftClientReply:client-9C97446E6A25->2573df58-4087-4dd0-8598-5abddcc696b9@group-CE3C0447B19C, cid=4221, SUCCESS, logIndex=6899, commits[2573df58-4087-4dd0-8598-5abddcc696b9:c6899]
2019-06-13 21:51:55,494 INFO  storage.RaftLogWorker (RaftLogWorker.java:rollLogSegment(303)) - 2573df58-4087-4dd0-8598-5abddcc696b9-RaftLogWorker: Rolling segment log-6832_6900 to index:6900
2019-06-13 21:51:55,495 INFO  storage.RaftLogWorker (RaftLogWorker.java:execute(433)) - 2573df58-4087-4dd0-8598-5abddcc696b9-RaftLogWorker: Rolled log segment from /opt/src/hadoop-ozone/integration-test/target/test-dir/MiniOzoneClusterImpl-8578056e-9b7b-4e66-9e9f-ef53d5cd7c03/datanode-0/data/ratis/7f5c2536-ed89-4233-9ec0-ce3c0447b19c/current/log_inprogress_6832 to /opt/src/hadoop-ozone/integration-test/target/test-dir/MiniOzoneClusterImpl-8578056e-9b7b-4e66-9e9f-ef53d5cd7c03/datanode-0/data/ratis/7f5c2536-ed89-4233-9ec0-ce3c0447b19c/current/log_6832-6900
2019-06-13 21:51:55,534 INFO  storage.RaftLogWorker (RaftLogWorker.java:execute(469)) - 2573df58-4087-4dd0-8598-5abddcc696b9-RaftLogWorker: created new log segment /opt/src/hadoop-ozone/integration-test/target/test-dir/MiniOzoneClusterImpl-8578056e-9b7b-4e66-9e9f-ef53d5cd7c03/datanode-0/data/ratis/7f5c2536-ed89-4233-9ec0-ce3c0447b19c/current/log_inprogress_6901
2019-06-13 21:51:55,536 INFO  client.GrpcClientProtocolClient (GrpcClientProtocolClient.java:onNext(254)) - client-9C97446E6A25->2573df58-4087-4dd0-8598-5abddcc696b9: receive RaftClientReply:client-9C97446E6A25->2573df58-4087-4dd0-8598-5abddcc696b9@group-CE3C0447B19C, cid=4222, SUCCESS, logIndex=6901, commits[2573df58-4087-4dd0-8598-5abddcc696b9:c6903]
2019-06-13 21:51:55,536 INFO  client.GrpcClientProtocolClient (GrpcClientProtocolClient.java:onNext(254)) - client-9C97446E6A25->2573df58-4087-4dd0-8598-5abddcc696b9: receive RaftClientReply:client-9C97446E6A25->2573df58-4087-4dd0-8598-5abddcc696b9@group-CE3C0447B19C, cid=4223, SUCCESS, logIndex=6902, commits[2573df58-4087-4dd0-8598-5abddcc696b9:c6903]
2019-06-13 21:51:55,538 INFO  client.GrpcClientProtocolClient (GrpcClientProtocolClient.java:onNext(254)) - client-9C97446E6A25->2573df58-4087-4dd0-8598-5abddcc696b9: receive RaftClientReply:client-9C97446E6A25->2573df58-4087-4dd0-8598-5abddcc696b9@group-CE3C0447B19C, cid=4224, SUCCESS, logIndex=6903, commits[2573df58-4087-4dd0-8598-5abddcc696b9:c6904]
2019-06-13 21:51:55,553 INFO  client.GrpcClientProtocolClient (GrpcClientProtocolClient.java:onNext(254)) - client-9C97446E6A25->2573df58-4087-4dd0-8598-5abddcc696b9: receive RaftClientReply:client-9C97446E6A25->2573df58-4087-4dd0-8598-5abddcc696b9@group-CE3C0447B19C, cid=4225, SUCCESS, logIndex=6905, commits[2573df58-4087-4dd0-8598-5abddcc696b9:c6905]
2019-06-13 21:51:55,554 INFO  client.GrpcClientProtocolClient (GrpcClientProtocolClient.java:onNext(254)) - client-9C97446E6A25->2573df58-4087-4dd0-8598-5abddcc696b9: receive RaftClientReply:client-9C97446E6A25->2573df58-4087-4dd0-8598-5abddcc696b9@group-CE3C0447B19C, cid=4226, SUCCESS, logIndex=6907, commits[2573df58-4087-4dd0-8598-5abddcc696b9:c6907]
2019-06-13 21:51:55,555 INFO  client.GrpcClientProtocolClient (GrpcClientProtocolClient.java:onNext(254)) - client-9C97446E6A25->2573df58-4087-4dd0-8598-5abddcc696b9: receive RaftClientReply:client-9C97446E6A25->2573df58-4087-4dd0-8598-5abddcc696b9@group-CE3C0447B19C, cid=4227, SUCCESS, logIndex=6908, commits[2573df58-4087-4dd0-8598-5abddcc696b9:c6909]
2019-06-13 21:51:55,556 INFO  client.GrpcClientProtocolClient (GrpcClientProtocolClient.java:onNext(254)) - client-9C97446E6A25->2573df58-4087-4dd0-8598-5abddcc696b9: receive RaftClientReply:client-9C97446E6A25->2573df58-4087-4dd0-8598-5abddcc696b9@group-CE3C0447B19C, cid=4228, SUCCESS, logIndex=6910, commits[2573df58-4087-4dd0-8598-5abddcc696b9:c6910]
2019-06-13 21:51:55,561 INFO  client.GrpcClientProtocolClient (GrpcClientProtocolClient.java:onNext(254)) - client-9C97446E6A25->2573df58-4087-4dd0-8598-5abddcc696b9: receive RaftClientReply:client-9C97446E6A25->2573df58-4087-4dd0-8598-5abddcc696b9@group-CE3C0447B19C, cid=4229, SUCCESS, logIndex=6912, commits[2573df58-4087-4dd0-8598-5abddcc696b9:c6912]
2019-06-13 21:51:55,563 INFO  client.GrpcClientProtocolClient (GrpcClientProtocolClient.java:onNext(254)) - client-9C97446E6A25->2573df58-4087-4dd0-8598-5abddcc696b9: receive RaftClientReply:client-9C97446E6A25->2573df58-4087-4dd0-8598-5abddcc696b9@group-CE3C0447B19C, cid=4230, SUCCESS, logIndex=6914, commits[2573df58-4087-4dd0-8598-5abddcc696b9:c6914]
2019-06-13 21:51:55,563 INFO  client.GrpcClientProtocolClient (GrpcClientProtocolClient.java:onNext(254)) - client-9C97446E6A25->2573df58-4087-4dd0-8598-5abddcc696b9: receive RaftClientReply:client-9C97446E6A25->2573df58-4087-4dd0-8598-5abddcc696b9@group-CE3C0447B19C, cid=4231, SUCCESS, logIndex=6915, commits[2573df58-4087-4dd0-8598-5abddcc696b9:c6915]
2019-06-13 21:51:55,564 INFO  client.GrpcClientProtocolClient (GrpcClientProtocolClient.java:onNext(254)) - client-9C97446E6A25->2573df58-4087-4dd0-8598-5abddcc696b9: receive RaftClientReply:client-9C97446E6A25->2573df58-4087-4dd0-8598-5abddcc696b9@group-CE3C0447B19C, cid=4232, SUCCESS, logIndex=6917, commits[2573df58-4087-4dd0-8598-5abddcc696b9:c6917]
2019-06-13 21:51:55,574 INFO  client.GrpcClientProtocolClient (GrpcClientProtocolClient.java:onNext(254)) - client-9C97446E6A25->2573df58-4087-4dd0-8598-5abddcc696b9: receive RaftClientReply:client-9C97446E6A25->2573df58-4087-4dd0-8598-5abddcc696b9@group-CE3C0447B19C, cid=4233, SUCCESS, logIndex=6920, commits[2573df58-4087-4dd0-8598-5abddcc696b9:c6920]
2019-06-13 21:51:55,575 INFO  client.GrpcClientProtocolClient (GrpcClientProtocolClient.java:onNext(254)) - client-9C97446E6A25->2573df58-4087-4dd0-8598-5abddcc696b9: receive RaftClientReply:client-9C97446E6A25->2573df58-4087-4dd0-8598-5abddcc696b9@group-CE3C0447B19C, cid=4234, SUCCESS, logIndex=6922, commits[2573df58-4087-4dd0-8598-5abddcc696b9:c6922]
2019-06-13 21:51:55,576 INFO  client.GrpcClientProtocolClient (GrpcClientProtocolClient.java:onNext(254)) - client-9C97446E6A25->2573df58-4087-4dd0-8598-5abddcc696b9: receive RaftClientReply:client-9C97446E6A25->2573df58-4087-4dd0-8598-5abddcc696b9@group-CE3C0447B19C, cid=4235, SUCCESS, logIndex=6923, commits[2573df58-4087-4dd0-8598-5abddcc696b9:c6925]
2019-06-13 21:51:55,576 INFO  client.GrpcClientProtocolClient (GrpcClientProtocolClient.java:onNext(254)) - client-9C97446E6A25->2573df58-4087-4dd0-8598-5abddcc696b9: receive RaftClientReply:client-9C97446E6A25->2573df58-4087-4dd0-8598-5abddcc696b9@group-CE3C0447B19C, cid=4236, SUCCESS, logIndex=6925, commits[2573df58-4087-4dd0-8598-5abddcc696b9:c6925]
2019-06-13 21:51:55,579 DEBUG block.SCMBlockDeletingService (SCMBlockDeletingService.java:call(138)) - Running DeletedBlockTransactionScanner
2019-06-13 21:51:55,579 DEBUG block.SCMBlockDeletingService (SCMBlockDeletingService.java:call(155)) - Scanned deleted blocks log and got 0 delTX to process.
2019-06-13 21:51:55,581 INFO  client.GrpcClientProtocolClient (GrpcClientProtocolClient.java:onNext(254)) - client-9C97446E6A25->2573df58-4087-4dd0-8598-5abddcc696b9: receive RaftClientReply:client-9C97446E6A25->2573df58-4087-4dd0-8598-5abddcc696b9@group-CE3C0447B19C, cid=4237, SUCCESS, logIndex=6927, commits[2573df58-4087-4dd0-8598-5abddcc696b9:c6927]
2019-06-13 21:51:55,582 INFO  client.GrpcClientProtocolClient (GrpcClientProtocolClient.java:onNext(254)) - client-9C97446E6A25->2573df58-4087-4dd0-8598-5abddcc696b9: receive RaftClientReply:client-9C97446E6A25->2573df58-4087-4dd0-8598-5abddcc696b9@group-CE3C0447B19C, cid=4238, SUCCESS, logIndex=6929, commits[2573df58-4087-4dd0-8598-5abddcc696b9:c6929]
2019-06-13 21:51:55,583 INFO  client.GrpcClientProtocolClient (GrpcClientProtocolClient.java:onNext(254)) - client-9C97446E6A25->2573df58-4087-4dd0-8598-5abddcc696b9: receive RaftClientReply:client-9C97446E6A25->2573df58-4087-4dd0-8598-5abddcc696b9@group-CE3C0447B19C, cid=4239, SUCCESS, logIndex=6930, commits[2573df58-4087-4dd0-8598-5abddcc696b9:c6932]
2019-06-13 21:51:55,584 INFO  client.GrpcClientProtocolClient (GrpcClientProtocolClient.java:onNext(254)) - client-9C97446E6A25->2573df58-4087-4dd0-8598-5abddcc696b9: receive RaftClientReply:client-9C97446E6A25->2573df58-4087-4dd0-8598-5abddcc696b9@group-CE3C0447B19C, cid=4240, SUCCESS, logIndex=6931, commits[2573df58-4087-4dd0-8598-5abddcc696b9:c6932]
2019-06-13 21:51:55,594 INFO  client.GrpcClientProtocolClient (GrpcClientProtocolClient.java:onNext(254)) - client-9C97446E6A25->2573df58-4087-4dd0-8598-5abddcc696b9: receive RaftClientReply:client-9C97446E6A25->2573df58-4087-4dd0-8598-5abddcc696b9@group-CE3C0447B19C, cid=4241, SUCCESS, logIndex=6933, commits[2573df58-4087-4dd0-8598-5abddcc696b9:c6933]
2019-06-13 21:51:55,595 INFO  client.GrpcClientProtocolClient (GrpcClientProtocolClient.java:onNext(254)) - client-9C97446E6A25->2573df58-4087-4dd0-8598-5abddcc696b9: receive RaftClientReply:client-9C97446E6A25->2573df58-4087-4dd0-8598-5abddcc696b9@group-CE3C0447B19C, cid=4242, SUCCESS, logIndex=6935, commits[2573df58-4087-4dd0-8598-5abddcc696b9:c6935]
2019-06-13 21:51:55,663 INFO  client.GrpcClientProtocolClient (GrpcClientProtocolClient.java:onNext(254)) - client-9C97446E6A25->2573df58-4087-4dd0-8598-5abddcc696b9: receive RaftClientReply:client-9C97446E6A25->2573df58-4087-4dd0-8598-5abddcc696b9@group-CE3C0447B19C, cid=4243, SUCCESS, logIndex=6937, commits[2573df58-4087-4dd0-8598-5abddcc696b9:c6937]
2019-06-13 21:51:55,664 INFO  client.GrpcClientProtocolClient (GrpcClientProtocolClient.java:onNext(254)) - client-9C97446E6A25->2573df58-4087-4dd0-8598-5abddcc696b9: receive RaftClientReply:client-9C97446E6A25->2573df58-4087-4dd0-8598-5abddcc696b9@group-CE3C0447B19C, cid=4244, SUCCESS, logIndex=6939, commits[2573df58-4087-4dd0-8598-5abddcc696b9:c6939]
2019-06-13 21:51:55,669 INFO  client.GrpcClientProtocolClient (GrpcClientProtocolClient.java:onNext(254)) - client-9C97446E6A25->2573df58-4087-4dd0-8598-5abddcc696b9: receive RaftClientReply:client-9C97446E6A25->2573df58-4087-4dd0-8598-5abddcc696b9@group-CE3C0447B19C, cid=4245, SUCCESS, logIndex=6941, commits[2573df58-4087-4dd0-8598-5abddcc696b9:c6941]
2019-06-13 21:51:55,670 INFO  client.GrpcClientProtocolClient (GrpcClientProtocolClient.java:onNext(254)) - client-9C97446E6A25->2573df58-4087-4dd0-8598-5abddcc696b9: receive RaftClientReply:client-9C97446E6A25->2573df58-4087-4dd0-8598-5abddcc696b9@group-CE3C0447B19C, cid=4246, SUCCESS, logIndex=6943, commits[2573df58-4087-4dd0-8598-5abddcc696b9:c6943]
2019-06-13 21:51:55,671 INFO  client.GrpcClientProtocolClient (GrpcClientProtocolClient.java:onNext(254)) - client-9C97446E6A25->2573df58-4087-4dd0-8598-5abddcc696b9: receive RaftClientReply:client-9C97446E6A25->2573df58-4087-4dd0-8598-5abddcc696b9@group-CE3C0447B19C, cid=4247, SUCCESS, logIndex=6944, commits[2573df58-4087-4dd0-8598-5abddcc696b9:c6946]
2019-06-13 21:51:55,671 INFO  client.GrpcClientProtocolClient (GrpcClientProtocolClient.java:onNext(254)) - client-9C97446E6A25->2573df58-4087-4dd0-8598-5abddcc696b9: receive RaftClientReply:client-9C97446E6A25->2573df58-4087-4dd0-8598-5abddcc696b9@group-CE3C0447B19C, cid=4248, SUCCESS, logIndex=6945, commits[2573df58-4087-4dd0-8598-5abddcc696b9:c6946]
2019-06-13 21:51:55,680 DEBUG block.SCMBlockDeletingService (SCMBlockDeletingService.java:call(138)) - Running DeletedBlockTransactionScanner
2019-06-13 21:51:55,680 DEBUG block.SCMBlockDeletingService (SCMBlockDeletingService.java:call(155)) - Scanned deleted blocks log and got 0 delTX to process.
2019-06-13 21:51:55,684 INFO  client.GrpcClientProtocolClient (GrpcClientProtocolClient.java:onNext(254)) - client-9C97446E6A25->2573df58-4087-4dd0-8598-5abddcc696b9: receive RaftClientReply:client-9C97446E6A25->2573df58-4087-4dd0-8598-5abddcc696b9@group-CE3C0447B19C, cid=4249, SUCCESS, logIndex=6947, commits[2573df58-4087-4dd0-8598-5abddcc696b9:c6947]
2019-06-13 21:51:55,685 INFO  client.GrpcClientProtocolClient (GrpcClientProtocolClient.java:onNext(254)) - client-9C97446E6A25->2573df58-4087-4dd0-8598-5abddcc696b9: receive RaftClientReply:client-9C97446E6A25->2573df58-4087-4dd0-8598-5abddcc696b9@group-CE3C0447B19C, cid=4250, SUCCESS, logIndex=6949, commits[2573df58-4087-4dd0-8598-5abddcc696b9:c6949]
2019-06-13 21:51:55,686 INFO  client.GrpcClientProtocolClient (GrpcClientProtocolClient.java:onNext(254)) - client-9C97446E6A25->2573df58-4087-4dd0-8598-5abddcc696b9: receive RaftClientReply:client-9C97446E6A25->2573df58-4087-4dd0-8598-5abddcc696b9@group-CE3C0447B19C, cid=4251, SUCCESS, logIndex=6950, commits[2573df58-4087-4dd0-8598-5abddcc696b9:c6952]
2019-06-13 21:51:55,686 INFO  client.GrpcClientProtocolClient (GrpcClientProtocolClient.java:onNext(254)) - client-9C97446E6A25->2573df58-4087-4dd0-8598-5abddcc696b9: receive RaftClientReply:client-9C97446E6A25->2573df58-4087-4dd0-8598-5abddcc696b9@group-CE3C0447B19C, cid=4252, SUCCESS, logIndex=6951, commits[2573df58-4087-4dd0-8598-5abddcc696b9:c6952]
2019-06-13 21:51:55,691 INFO  client.GrpcClientProtocolClient (GrpcClientProtocolClient.java:onNext(254)) - client-9C97446E6A25->2573df58-4087-4dd0-8598-5abddcc696b9: receive RaftClientReply:client-9C97446E6A25->2573df58-4087-4dd0-8598-5abddcc696b9@group-CE3C0447B19C, cid=4253, SUCCESS, logIndex=6953, commits[2573df58-4087-4dd0-8598-5abddcc696b9:c6953]
2019-06-13 21:51:55,692 INFO  client.GrpcClientProtocolClient (GrpcClientProtocolClient.java:onNext(254)) - client-9C97446E6A25->2573df58-4087-4dd0-8598-5abddcc696b9: receive RaftClientReply:client-9C97446E6A25->2573df58-4087-4dd0-8598-5abddcc696b9@group-CE3C0447B19C, cid=4254, SUCCESS, logIndex=6955, commits[2573df58-4087-4dd0-8598-5abddcc696b9:c6955]
2019-06-13 21:51:55,693 INFO  client.GrpcClientProtocolClient (GrpcClientProtocolClient.java:onNext(254)) - client-9C97446E6A25->2573df58-4087-4dd0-8598-5abddcc696b9: receive RaftClientReply:client-9C97446E6A25->2573df58-4087-4dd0-8598-5abddcc696b9@group-CE3C0447B19C, cid=4255, SUCCESS, logIndex=6956, commits[2573df58-4087-4dd0-8598-5abddcc696b9:c6958]
2019-06-13 21:51:55,694 INFO  client.GrpcClientProtocolClient (GrpcClientProtocolClient.java:onNext(254)) - client-9C97446E6A25->2573df58-4087-4dd0-8598-5abddcc696b9: receive RaftClientReply:client-9C97446E6A25->2573df58-4087-4dd0-8598-5abddcc696b9@group-CE3C0447B19C, cid=4256, SUCCESS, logIndex=6957, commits[2573df58-4087-4dd0-8598-5abddcc696b9:c6958]
2019-06-13 21:51:55,707 INFO  client.GrpcClientProtocolClient (GrpcClientProtocolClient.java:onNext(254)) - client-9C97446E6A25->2573df58-4087-4dd0-8598-5abddcc696b9: receive RaftClientReply:client-9C97446E6A25->2573df58-4087-4dd0-8598-5abddcc696b9@group-CE3C0447B19C, cid=4257, SUCCESS, logIndex=6959, commits[2573df58-4087-4dd0-8598-5abddcc696b9:c6959]
2019-06-13 21:51:55,709 INFO  client.GrpcClientProtocolClient (GrpcClientProtocolClient.java:onNext(254)) - client-9C97446E6A25->2573df58-4087-4dd0-8598-5abddcc696b9: receive RaftClientReply:client-9C97446E6A25->2573df58-4087-4dd0-8598-5abddcc696b9@group-CE3C0447B19C, cid=4258, SUCCESS, logIndex=6961, commits[2573df58-4087-4dd0-8598-5abddcc696b9:c6961]
2019-06-13 21:51:55,709 INFO  client.GrpcClientProtocolClient (GrpcClientProtocolClient.java:onNext(254)) - client-9C97446E6A25->2573df58-4087-4dd0-8598-5abddcc696b9: receive RaftClientReply:client-9C97446E6A25->2573df58-4087-4dd0-8598-5abddcc696b9@group-CE3C0447B19C, cid=4259, SUCCESS, logIndex=6962, commits[2573df58-4087-4dd0-8598-5abddcc696b9:c6963]
2019-06-13 21:51:55,710 INFO  client.GrpcClientProtocolClient (GrpcClientProtocolClient.java:onNext(254)) - client-9C97446E6A25->2573df58-4087-4dd0-8598-5abddcc696b9: receive RaftClientReply:client-9C97446E6A25->2573df58-4087-4dd0-8598-5abddcc696b9@group-CE3C0447B19C, cid=4260, SUCCESS, logIndex=6963, commits[2573df58-4087-4dd0-8598-5abddcc696b9:c6963]
2019-06-13 21:51:55,753 INFO  client.GrpcClientProtocolClient (GrpcClientProtocolClient.java:onNext(254)) - client-9C97446E6A25->2573df58-4087-4dd0-8598-5abddcc696b9: receive RaftClientReply:client-9C97446E6A25->2573df58-4087-4dd0-8598-5abddcc696b9@group-CE3C0447B19C, cid=4261, SUCCESS, logIndex=6966, commits[2573df58-4087-4dd0-8598-5abddcc696b9:c6966]
2019-06-13 21:51:55,755 INFO  client.GrpcClientProtocolClient (GrpcClientProtocolClient.java:onNext(254)) - client-9C97446E6A25->2573df58-4087-4dd0-8598-5abddcc696b9: receive RaftClientReply:client-9C97446E6A25->2573df58-4087-4dd0-8598-5abddcc696b9@group-CE3C0447B19C, cid=4262, SUCCESS, logIndex=6968, commits[2573df58-4087-4dd0-8598-5abddcc696b9:c6968]
2019-06-13 21:51:55,755 INFO  storage.RaftLogWorker (RaftLogWorker.java:rollLogSegment(303)) - 2573df58-4087-4dd0-8598-5abddcc696b9-RaftLogWorker: Rolling segment log-6901_6970 to index:6970
2019-06-13 21:51:55,756 INFO  storage.RaftLogWorker (RaftLogWorker.java:execute(433)) - 2573df58-4087-4dd0-8598-5abddcc696b9-RaftLogWorker: Rolled log segment from /opt/src/hadoop-ozone/integration-test/target/test-dir/MiniOzoneClusterImpl-8578056e-9b7b-4e66-9e9f-ef53d5cd7c03/datanode-0/data/ratis/7f5c2536-ed89-4233-9ec0-ce3c0447b19c/current/log_inprogress_6901 to /opt/src/hadoop-ozone/integration-test/target/test-dir/MiniOzoneClusterImpl-8578056e-9b7b-4e66-9e9f-ef53d5cd7c03/datanode-0/data/ratis/7f5c2536-ed89-4233-9ec0-ce3c0447b19c/current/log_6901-6970
2019-06-13 21:51:55,757 INFO  client.GrpcClientProtocolClient (GrpcClientProtocolClient.java:onNext(254)) - client-9C97446E6A25->2573df58-4087-4dd0-8598-5abddcc696b9: receive RaftClientReply:client-9C97446E6A25->2573df58-4087-4dd0-8598-5abddcc696b9@group-CE3C0447B19C, cid=4263, SUCCESS, logIndex=6970, commits[2573df58-4087-4dd0-8598-5abddcc696b9:c6970]
2019-06-13 21:51:55,780 DEBUG block.SCMBlockDeletingService (SCMBlockDeletingService.java:call(138)) - Running DeletedBlockTransactionScanner
2019-06-13 21:51:55,780 DEBUG block.SCMBlockDeletingService (SCMBlockDeletingService.java:call(155)) - Scanned deleted blocks log and got 0 delTX to process.
2019-06-13 21:51:55,793 INFO  storage.RaftLogWorker (RaftLogWorker.java:execute(469)) - 2573df58-4087-4dd0-8598-5abddcc696b9-RaftLogWorker: created new log segment /opt/src/hadoop-ozone/integration-test/target/test-dir/MiniOzoneClusterImpl-8578056e-9b7b-4e66-9e9f-ef53d5cd7c03/datanode-0/data/ratis/7f5c2536-ed89-4233-9ec0-ce3c0447b19c/current/log_inprogress_6971
2019-06-13 21:51:55,795 INFO  client.GrpcClientProtocolClient (GrpcClientProtocolClient.java:onNext(254)) - client-9C97446E6A25->2573df58-4087-4dd0-8598-5abddcc696b9: receive RaftClientReply:client-9C97446E6A25->2573df58-4087-4dd0-8598-5abddcc696b9@group-CE3C0447B19C, cid=4264, SUCCESS, logIndex=6971, commits[2573df58-4087-4dd0-8598-5abddcc696b9:c6972]
2019-06-13 21:51:55,809 INFO  client.GrpcClientProtocolClient (GrpcClientProtocolClient.java:onNext(254)) - client-9C97446E6A25->2573df58-4087-4dd0-8598-5abddcc696b9: receive RaftClientReply:client-9C97446E6A25->2573df58-4087-4dd0-8598-5abddcc696b9@group-CE3C0447B19C, cid=4265, SUCCESS, logIndex=6973, commits[2573df58-4087-4dd0-8598-5abddcc696b9:c6973]
2019-06-13 21:51:55,811 INFO  client.GrpcClientProtocolClient (GrpcClientProtocolClient.java:onNext(254)) - client-9C97446E6A25->2573df58-4087-4dd0-8598-5abddcc696b9: receive RaftClientReply:client-9C97446E6A25->2573df58-4087-4dd0-8598-5abddcc696b9@group-CE3C0447B19C, cid=4266, SUCCESS, logIndex=6975, commits[2573df58-4087-4dd0-8598-5abddcc696b9:c6975]
2019-06-13 21:51:55,812 INFO  client.GrpcClientProtocolClient (GrpcClientProtocolClient.java:onNext(254)) - client-9C97446E6A25->2573df58-4087-4dd0-8598-5abddcc696b9: receive RaftClientReply:client-9C97446E6A25->2573df58-4087-4dd0-8598-5abddcc696b9@group-CE3C0447B19C, cid=4267, SUCCESS, logIndex=6976, commits[2573df58-4087-4dd0-8598-5abddcc696b9:c6978]
2019-06-13 21:51:55,812 INFO  client.GrpcClientProtocolClient (GrpcClientProtocolClient.java:onNext(254)) - client-9C97446E6A25->2573df58-4087-4dd0-8598-5abddcc696b9: receive RaftClientReply:client-9C97446E6A25->2573df58-4087-4dd0-8598-5abddcc696b9@group-CE3C0447B19C, cid=4268, SUCCESS, logIndex=6978, commits[2573df58-4087-4dd0-8598-5abddcc696b9:c6978]
2019-06-13 21:51:55,818 INFO  client.GrpcClientProtocolClient (GrpcClientProtocolClient.java:onNext(254)) - client-9C97446E6A25->2573df58-4087-4dd0-8598-5abddcc696b9: receive RaftClientReply:client-9C97446E6A25->2573df58-4087-4dd0-8598-5abddcc696b9@group-CE3C0447B19C, cid=4269, SUCCESS, logIndex=6980, commits[2573df58-4087-4dd0-8598-5abddcc696b9:c6980]
2019-06-13 21:51:55,819 INFO  client.GrpcClientProtocolClient (GrpcClientProtocolClient.java:onNext(254)) - client-9C97446E6A25->2573df58-4087-4dd0-8598-5abddcc696b9: receive RaftClientReply:client-9C97446E6A25->2573df58-4087-4dd0-8598-5abddcc696b9@group-CE3C0447B19C, cid=4270, SUCCESS, logIndex=6982, commits[2573df58-4087-4dd0-8598-5abddcc696b9:c6982]
2019-06-13 21:51:55,820 INFO  client.GrpcClientProtocolClient (GrpcClientProtocolClient.java:onNext(254)) - client-9C97446E6A25->2573df58-4087-4dd0-8598-5abddcc696b9: receive RaftClientReply:client-9C97446E6A25->2573df58-4087-4dd0-8598-5abddcc696b9@group-CE3C0447B19C, cid=4271, SUCCESS, logIndex=6983, commits[2573df58-4087-4dd0-8598-5abddcc696b9:c6985]
2019-06-13 21:51:55,820 INFO  client.GrpcClientProtocolClient (GrpcClientProtocolClient.java:onNext(254)) - client-9C97446E6A25->2573df58-4087-4dd0-8598-5abddcc696b9: receive RaftClientReply:client-9C97446E6A25->2573df58-4087-4dd0-8598-5abddcc696b9@group-CE3C0447B19C, cid=4272, SUCCESS, logIndex=6984, commits[2573df58-4087-4dd0-8598-5abddcc696b9:c6985]
2019-06-13 21:51:55,832 INFO  client.GrpcClientProtocolClient (GrpcClientProtocolClient.java:onNext(254)) - client-9C97446E6A25->2573df58-4087-4dd0-8598-5abddcc696b9: receive RaftClientReply:client-9C97446E6A25->2573df58-4087-4dd0-8598-5abddcc696b9@group-CE3C0447B19C, cid=4273, SUCCESS, logIndex=6986, commits[2573df58-4087-4dd0-8598-5abddcc696b9:c6986]
2019-06-13 21:51:55,834 INFO  client.GrpcClientProtocolClient (GrpcClientProtocolClient.java:onNext(254)) - client-9C97446E6A25->2573df58-4087-4dd0-8598-5abddcc696b9: receive RaftClientReply:client-9C97446E6A25->2573df58-4087-4dd0-8598-5abddcc696b9@group-CE3C0447B19C, cid=4274, SUCCESS, logIndex=6988, commits[2573df58-4087-4dd0-8598-5abddcc696b9:c6990]
2019-06-13 21:51:55,834 INFO  client.GrpcClientProtocolClient (GrpcClientProtocolClient.java:onNext(254)) - client-9C97446E6A25->2573df58-4087-4dd0-8598-5abddcc696b9: receive RaftClientReply:client-9C97446E6A25->2573df58-4087-4dd0-8598-5abddcc696b9@group-CE3C0447B19C, cid=4275, SUCCESS, logIndex=6989, commits[2573df58-4087-4dd0-8598-5abddcc696b9:c6990]
2019-06-13 21:51:55,835 INFO  client.GrpcClientProtocolClient (GrpcClientProtocolClient.java:onNext(254)) - client-9C97446E6A25->2573df58-4087-4dd0-8598-5abddcc696b9: receive RaftClientReply:client-9C97446E6A25->2573df58-4087-4dd0-8598-5abddcc696b9@group-CE3C0447B19C, cid=4276, SUCCESS, logIndex=6990, commits[2573df58-4087-4dd0-8598-5abddcc696b9:c6991]
2019-06-13 21:51:55,840 INFO  client.GrpcClientProtocolClient (GrpcClientProtocolClient.java:onNext(254)) - client-9C97446E6A25->2573df58-4087-4dd0-8598-5abddcc696b9: receive RaftClientReply:client-9C97446E6A25->2573df58-4087-4dd0-8598-5abddcc696b9@group-CE3C0447B19C, cid=4277, SUCCESS, logIndex=6992, commits[2573df58-4087-4dd0-8598-5abddcc696b9:c6992]
2019-06-13 21:51:55,842 INFO  client.GrpcClientProtocolClient (GrpcClientProtocolClient.java:onNext(254)) - client-9C97446E6A25->2573df58-4087-4dd0-8598-5abddcc696b9: receive RaftClientReply:client-9C97446E6A25->2573df58-4087-4dd0-8598-5abddcc696b9@group-CE3C0447B19C, cid=4278, SUCCESS, logIndex=6994, commits[2573df58-4087-4dd0-8598-5abddcc696b9:c6996]
2019-06-13 21:51:55,843 INFO  client.GrpcClientProtocolClient (GrpcClientProtocolClient.java:onNext(254)) - client-9C97446E6A25->2573df58-4087-4dd0-8598-5abddcc696b9: receive RaftClientReply:client-9C97446E6A25->2573df58-4087-4dd0-8598-5abddcc696b9@group-CE3C0447B19C, cid=4279, SUCCESS, logIndex=6995, commits[2573df58-4087-4dd0-8598-5abddcc696b9:c6996]
2019-06-13 21:51:55,843 INFO  client.GrpcClientProtocolClient (GrpcClientProtocolClient.java:onNext(254)) - client-9C97446E6A25->2573df58-4087-4dd0-8598-5abddcc696b9: receive RaftClientReply:client-9C97446E6A25->2573df58-4087-4dd0-8598-5abddcc696b9@group-CE3C0447B19C, cid=4280, SUCCESS, logIndex=6996, commits[2573df58-4087-4dd0-8598-5abddcc696b9:c6996]
2019-06-13 21:51:55,856 INFO  client.GrpcClientProtocolClient (GrpcClientProtocolClient.java:onNext(254)) - client-9C97446E6A25->2573df58-4087-4dd0-8598-5abddcc696b9: receive RaftClientReply:client-9C97446E6A25->2573df58-4087-4dd0-8598-5abddcc696b9@group-CE3C0447B19C, cid=4281, SUCCESS, logIndex=6998, commits[2573df58-4087-4dd0-8598-5abddcc696b9:c6998]
2019-06-13 21:51:55,858 INFO  client.GrpcClientProtocolClient (GrpcClientProtocolClient.java:onNext(254)) - client-9C97446E6A25->2573df58-4087-4dd0-8598-5abddcc696b9: receive RaftClientReply:client-9C97446E6A25->2573df58-4087-4dd0-8598-5abddcc696b9@group-CE3C0447B19C, cid=4282, SUCCESS, logIndex=7000, commits[2573df58-4087-4dd0-8598-5abddcc696b9:c7000]
2019-06-13 21:51:55,858 INFO  client.GrpcClientProtocolClient (GrpcClientProtocolClient.java:onNext(254)) - client-9C97446E6A25->2573df58-4087-4dd0-8598-5abddcc696b9: receive RaftClientReply:client-9C97446E6A25->2573df58-4087-4dd0-8598-5abddcc696b9@group-CE3C0447B19C, cid=4283, SUCCESS, logIndex=7001, commits[2573df58-4087-4dd0-8598-5abddcc696b9:c7001]
2019-06-13 21:51:55,859 INFO  client.GrpcClientProtocolClient (GrpcClientProtocolClient.java:onNext(254)) - client-9C97446E6A25->2573df58-4087-4dd0-8598-5abddcc696b9: receive RaftClientReply:client-9C97446E6A25->2573df58-4087-4dd0-8598-5abddcc696b9@group-CE3C0447B19C, cid=4284, SUCCESS, logIndex=7003, commits[2573df58-4087-4dd0-8598-5abddcc696b9:c7003]
2019-06-13 21:51:55,863 INFO  client.GrpcClientProtocolClient (GrpcClientProtocolClient.java:onNext(254)) - client-9C97446E6A25->2573df58-4087-4dd0-8598-5abddcc696b9: receive RaftClientReply:client-9C97446E6A25->2573df58-4087-4dd0-8598-5abddcc696b9@group-CE3C0447B19C, cid=4285, SUCCESS, logIndex=7006, commits[2573df58-4087-4dd0-8598-5abddcc696b9:c7006]
2019-06-13 21:51:55,864 INFO  client.GrpcClientProtocolClient (GrpcClientProtocolClient.java:onNext(254)) - client-9C97446E6A25->2573df58-4087-4dd0-8598-5abddcc696b9: receive RaftClientReply:client-9C97446E6A25->2573df58-4087-4dd0-8598-5abddcc696b9@group-CE3C0447B19C, cid=4286, SUCCESS, logIndex=7008, commits[2573df58-4087-4dd0-8598-5abddcc696b9:c7008]
2019-06-13 21:51:55,880 DEBUG block.SCMBlockDeletingService (SCMBlockDeletingService.java:call(138)) - Running DeletedBlockTransactionScanner
2019-06-13 21:51:55,880 DEBUG block.SCMBlockDeletingService (SCMBlockDeletingService.java:call(155)) - Scanned deleted blocks log and got 0 delTX to process.
2019-06-13 21:51:55,934 INFO  client.GrpcClientProtocolClient (GrpcClientProtocolClient.java:onNext(254)) - client-9C97446E6A25->2573df58-4087-4dd0-8598-5abddcc696b9: receive RaftClientReply:client-9C97446E6A25->2573df58-4087-4dd0-8598-5abddcc696b9@group-CE3C0447B19C, cid=4287, SUCCESS, logIndex=7010, commits[2573df58-4087-4dd0-8598-5abddcc696b9:c7010]
2019-06-13 21:51:55,935 INFO  client.GrpcClientProtocolClient (GrpcClientProtocolClient.java:onNext(254)) - client-9C97446E6A25->2573df58-4087-4dd0-8598-5abddcc696b9: receive RaftClientReply:client-9C97446E6A25->2573df58-4087-4dd0-8598-5abddcc696b9@group-CE3C0447B19C, cid=4288, SUCCESS, logIndex=7012, commits[2573df58-4087-4dd0-8598-5abddcc696b9:c7012]
2019-06-13 21:51:55,945 INFO  client.GrpcClientProtocolClient (GrpcClientProtocolClient.java:onNext(254)) - client-9C97446E6A25->2573df58-4087-4dd0-8598-5abddcc696b9: receive RaftClientReply:client-9C97446E6A25->2573df58-4087-4dd0-8598-5abddcc696b9@group-CE3C0447B19C, cid=4289, SUCCESS, logIndex=7014, commits[2573df58-4087-4dd0-8598-5abddcc696b9:c7014]
2019-06-13 21:51:55,946 INFO  client.GrpcClientProtocolClient (GrpcClientProtocolClient.java:onNext(254)) - client-9C97446E6A25->2573df58-4087-4dd0-8598-5abddcc696b9: receive RaftClientReply:client-9C97446E6A25->2573df58-4087-4dd0-8598-5abddcc696b9@group-CE3C0447B19C, cid=4290, SUCCESS, logIndex=7016, commits[2573df58-4087-4dd0-8598-5abddcc696b9:c7016]
2019-06-13 21:51:55,948 INFO  client.GrpcClientProtocolClient (GrpcClientProtocolClient.java:onNext(254)) - client-9C97446E6A25->2573df58-4087-4dd0-8598-5abddcc696b9: receive RaftClientReply:client-9C97446E6A25->2573df58-4087-4dd0-8598-5abddcc696b9@group-CE3C0447B19C, cid=4291, SUCCESS, logIndex=7017, commits[2573df58-4087-4dd0-8598-5abddcc696b9:c7019]
2019-06-13 21:51:55,948 INFO  client.GrpcClientProtocolClient (GrpcClientProtocolClient.java:onNext(254)) - client-9C97446E6A25->2573df58-4087-4dd0-8598-5abddcc696b9: receive RaftClientReply:client-9C97446E6A25->2573df58-4087-4dd0-8598-5abddcc696b9@group-CE3C0447B19C, cid=4292, SUCCESS, logIndex=7018, commits[2573df58-4087-4dd0-8598-5abddcc696b9:c7019]
2019-06-13 21:51:55,953 INFO  client.GrpcClientProtocolClient (GrpcClientProtocolClient.java:onNext(254)) - client-9C97446E6A25->2573df58-4087-4dd0-8598-5abddcc696b9: receive RaftClientReply:client-9C97446E6A25->2573df58-4087-4dd0-8598-5abddcc696b9@group-CE3C0447B19C, cid=4293, SUCCESS, logIndex=7020, commits[2573df58-4087-4dd0-8598-5abddcc696b9:c7020]
2019-06-13 21:51:55,954 INFO  client.GrpcClientProtocolClient (GrpcClientProtocolClient.java:onNext(254)) - client-9C97446E6A25->2573df58-4087-4dd0-8598-5abddcc696b9: receive RaftClientReply:client-9C97446E6A25->2573df58-4087-4dd0-8598-5abddcc696b9@group-CE3C0447B19C, cid=4294, SUCCESS, logIndex=7022, commits[2573df58-4087-4dd0-8598-5abddcc696b9:c7022]
2019-06-13 21:51:55,955 INFO  client.GrpcClientProtocolClient (GrpcClientProtocolClient.java:onNext(254)) - client-9C97446E6A25->2573df58-4087-4dd0-8598-5abddcc696b9: receive RaftClientReply:client-9C97446E6A25->2573df58-4087-4dd0-8598-5abddcc696b9@group-CE3C0447B19C, cid=4295, SUCCESS, logIndex=7023, commits[2573df58-4087-4dd0-8598-5abddcc696b9:c7025]
2019-06-13 21:51:55,956 INFO  client.GrpcClientProtocolClient (GrpcClientProtocolClient.java:onNext(254)) - client-9C97446E6A25->2573df58-4087-4dd0-8598-5abddcc696b9: receive RaftClientReply:client-9C97446E6A25->2573df58-4087-4dd0-8598-5abddcc696b9@group-CE3C0447B19C, cid=4296, SUCCESS, logIndex=7024, commits[2573df58-4087-4dd0-8598-5abddcc696b9:c7025]
2019-06-13 21:51:55,966 INFO  client.GrpcClientProtocolClient (GrpcClientProtocolClient.java:onNext(254)) - client-9C97446E6A25->2573df58-4087-4dd0-8598-5abddcc696b9: receive RaftClientReply:client-9C97446E6A25->2573df58-4087-4dd0-8598-5abddcc696b9@group-CE3C0447B19C, cid=4297, SUCCESS, logIndex=7026, commits[2573df58-4087-4dd0-8598-5abddcc696b9:c7026]
2019-06-13 21:51:55,967 INFO  client.GrpcClientProtocolClient (GrpcClientProtocolClient.java:onNext(254)) - client-9C97446E6A25->2573df58-4087-4dd0-8598-5abddcc696b9: receive RaftClientReply:client-9C97446E6A25->2573df58-4087-4dd0-8598-5abddcc696b9@group-CE3C0447B19C, cid=4298, SUCCESS, logIndex=7028, commits[2573df58-4087-4dd0-8598-5abddcc696b9:c7028]
2019-06-13 21:51:55,969 INFO  client.GrpcClientProtocolClient (GrpcClientProtocolClient.java:onNext(254)) - client-9C97446E6A25->2573df58-4087-4dd0-8598-5abddcc696b9: receive RaftClientReply:client-9C97446E6A25->2573df58-4087-4dd0-8598-5abddcc696b9@group-CE3C0447B19C, cid=4299, SUCCESS, logIndex=7029, commits[2573df58-4087-4dd0-8598-5abddcc696b9:c7031]
2019-06-13 21:51:55,969 INFO  client.GrpcClientProtocolClient (GrpcClientProtocolClient.java:onNext(254)) - client-9C97446E6A25->2573df58-4087-4dd0-8598-5abddcc696b9: receive RaftClientReply:client-9C97446E6A25->2573df58-4087-4dd0-8598-5abddcc696b9@group-CE3C0447B19C, cid=4300, SUCCESS, logIndex=7030, commits[2573df58-4087-4dd0-8598-5abddcc696b9:c7031]
2019-06-13 21:51:55,974 INFO  client.GrpcClientProtocolClient (GrpcClientProtocolClient.java:onNext(254)) - client-9C97446E6A25->2573df58-4087-4dd0-8598-5abddcc696b9: receive RaftClientReply:client-9C97446E6A25->2573df58-4087-4dd0-8598-5abddcc696b9@group-CE3C0447B19C, cid=4301, SUCCESS, logIndex=7032, commits[2573df58-4087-4dd0-8598-5abddcc696b9:c7033]
2019-06-13 21:51:55,975 INFO  client.GrpcClientProtocolClient (GrpcClientProtocolClient.java:onNext(254)) - client-9C97446E6A25->2573df58-4087-4dd0-8598-5abddcc696b9: receive RaftClientReply:client-9C97446E6A25->2573df58-4087-4dd0-8598-5abddcc696b9@group-CE3C0447B19C, cid=4302, SUCCESS, logIndex=7034, commits[2573df58-4087-4dd0-8598-5abddcc696b9:c7034]
2019-06-13 21:51:55,976 INFO  client.GrpcClientProtocolClient (GrpcClientProtocolClient.java:onNext(254)) - client-9C97446E6A25->2573df58-4087-4dd0-8598-5abddcc696b9: receive RaftClientReply:client-9C97446E6A25->2573df58-4087-4dd0-8598-5abddcc696b9@group-CE3C0447B19C, cid=4303, SUCCESS, logIndex=7035, commits[2573df58-4087-4dd0-8598-5abddcc696b9:c7037]
2019-06-13 21:51:55,981 DEBUG block.SCMBlockDeletingService (SCMBlockDeletingService.java:call(138)) - Running DeletedBlockTransactionScanner
2019-06-13 21:51:55,981 DEBUG block.SCMBlockDeletingService (SCMBlockDeletingService.java:call(155)) - Scanned deleted blocks log and got 0 delTX to process.
2019-06-13 21:51:55,983 INFO  client.GrpcClientProtocolClient (GrpcClientProtocolClient.java:onNext(254)) - client-9C97446E6A25->2573df58-4087-4dd0-8598-5abddcc696b9: receive RaftClientReply:client-9C97446E6A25->2573df58-4087-4dd0-8598-5abddcc696b9@group-CE3C0447B19C, cid=4304, SUCCESS, logIndex=7036, commits[2573df58-4087-4dd0-8598-5abddcc696b9:c7037]
2019-06-13 21:51:55,993 INFO  client.GrpcClientProtocolClient (GrpcClientProtocolClient.java:onNext(254)) - client-9C97446E6A25->2573df58-4087-4dd0-8598-5abddcc696b9: receive RaftClientReply:client-9C97446E6A25->2573df58-4087-4dd0-8598-5abddcc696b9@group-CE3C0447B19C, cid=4305, SUCCESS, logIndex=7038, commits[2573df58-4087-4dd0-8598-5abddcc696b9:c7038]
2019-06-13 21:51:55,993 INFO  storage.RaftLogWorker (RaftLogWorker.java:rollLogSegment(303)) - 2573df58-4087-4dd0-8598-5abddcc696b9-RaftLogWorker: Rolling segment log-6971_7040 to index:7040
2019-06-13 21:51:55,994 INFO  storage.RaftLogWorker (RaftLogWorker.java:execute(433)) - 2573df58-4087-4dd0-8598-5abddcc696b9-RaftLogWorker: Rolled log segment from /opt/src/hadoop-ozone/integration-test/target/test-dir/MiniOzoneClusterImpl-8578056e-9b7b-4e66-9e9f-ef53d5cd7c03/datanode-0/data/ratis/7f5c2536-ed89-4233-9ec0-ce3c0447b19c/current/log_inprogress_6971 to /opt/src/hadoop-ozone/integration-test/target/test-dir/MiniOzoneClusterImpl-8578056e-9b7b-4e66-9e9f-ef53d5cd7c03/datanode-0/data/ratis/7f5c2536-ed89-4233-9ec0-ce3c0447b19c/current/log_6971-7040
2019-06-13 21:51:55,997 INFO  client.GrpcClientProtocolClient (GrpcClientProtocolClient.java:onNext(254)) - client-9C97446E6A25->2573df58-4087-4dd0-8598-5abddcc696b9: receive RaftClientReply:client-9C97446E6A25->2573df58-4087-4dd0-8598-5abddcc696b9@group-CE3C0447B19C, cid=4306, SUCCESS, logIndex=7040, commits[2573df58-4087-4dd0-8598-5abddcc696b9:c7040]
2019-06-13 21:51:56,030 INFO  storage.RaftLogWorker (RaftLogWorker.java:execute(469)) - 2573df58-4087-4dd0-8598-5abddcc696b9-RaftLogWorker: created new log segment /opt/src/hadoop-ozone/integration-test/target/test-dir/MiniOzoneClusterImpl-8578056e-9b7b-4e66-9e9f-ef53d5cd7c03/datanode-0/data/ratis/7f5c2536-ed89-4233-9ec0-ce3c0447b19c/current/log_inprogress_7041
2019-06-13 21:51:56,032 INFO  client.GrpcClientProtocolClient (GrpcClientProtocolClient.java:onNext(254)) - client-9C97446E6A25->2573df58-4087-4dd0-8598-5abddcc696b9: receive RaftClientReply:client-9C97446E6A25->2573df58-4087-4dd0-8598-5abddcc696b9@group-CE3C0447B19C, cid=4307, SUCCESS, logIndex=7041, commits[2573df58-4087-4dd0-8598-5abddcc696b9:c7043]
2019-06-13 21:51:56,032 INFO  client.GrpcClientProtocolClient (GrpcClientProtocolClient.java:onNext(254)) - client-9C97446E6A25->2573df58-4087-4dd0-8598-5abddcc696b9: receive RaftClientReply:client-9C97446E6A25->2573df58-4087-4dd0-8598-5abddcc696b9@group-CE3C0447B19C, cid=4308, SUCCESS, logIndex=7042, commits[2573df58-4087-4dd0-8598-5abddcc696b9:c7043]
2019-06-13 21:51:56,037 INFO  client.GrpcClientProtocolClient (GrpcClientProtocolClient.java:onNext(254)) - client-9C97446E6A25->2573df58-4087-4dd0-8598-5abddcc696b9: receive RaftClientReply:client-9C97446E6A25->2573df58-4087-4dd0-8598-5abddcc696b9@group-CE3C0447B19C, cid=4309, SUCCESS, logIndex=7044, commits[2573df58-4087-4dd0-8598-5abddcc696b9:c7044]
2019-06-13 21:51:56,040 INFO  client.GrpcClientProtocolClient (GrpcClientProtocolClient.java:onNext(254)) - client-9C97446E6A25->2573df58-4087-4dd0-8598-5abddcc696b9: receive RaftClientReply:client-9C97446E6A25->2573df58-4087-4dd0-8598-5abddcc696b9@group-CE3C0447B19C, cid=4310, SUCCESS, logIndex=7046, commits[2573df58-4087-4dd0-8598-5abddcc696b9:c7048]
2019-06-13 21:51:56,040 INFO  client.GrpcClientProtocolClient (GrpcClientProtocolClient.java:onNext(254)) - client-9C97446E6A25->2573df58-4087-4dd0-8598-5abddcc696b9: receive RaftClientReply:client-9C97446E6A25->2573df58-4087-4dd0-8598-5abddcc696b9@group-CE3C0447B19C, cid=4311, SUCCESS, logIndex=7047, commits[2573df58-4087-4dd0-8598-5abddcc696b9:c7048]
2019-06-13 21:51:56,040 INFO  client.GrpcClientProtocolClient (GrpcClientProtocolClient.java:onNext(254)) - client-9C97446E6A25->2573df58-4087-4dd0-8598-5abddcc696b9: receive RaftClientReply:client-9C97446E6A25->2573df58-4087-4dd0-8598-5abddcc696b9@group-CE3C0447B19C, cid=4312, SUCCESS, logIndex=7048, commits[2573df58-4087-4dd0-8598-5abddcc696b9:c7048]
2019-06-13 21:51:56,050 INFO  client.GrpcClientProtocolClient (GrpcClientProtocolClient.java:onNext(254)) - client-9C97446E6A25->2573df58-4087-4dd0-8598-5abddcc696b9: receive RaftClientReply:client-9C97446E6A25->2573df58-4087-4dd0-8598-5abddcc696b9@group-CE3C0447B19C, cid=4313, SUCCESS, logIndex=7050, commits[2573df58-4087-4dd0-8598-5abddcc696b9:c7050]
2019-06-13 21:51:56,051 INFO  client.GrpcClientProtocolClient (GrpcClientProtocolClient.java:onNext(254)) - client-9C97446E6A25->2573df58-4087-4dd0-8598-5abddcc696b9: receive RaftClientReply:client-9C97446E6A25->2573df58-4087-4dd0-8598-5abddcc696b9@group-CE3C0447B19C, cid=4314, SUCCESS, logIndex=7052, commits[2573df58-4087-4dd0-8598-5abddcc696b9:c7052]
2019-06-13 21:51:56,053 INFO  client.GrpcClientProtocolClient (GrpcClientProtocolClient.java:onNext(254)) - client-9C97446E6A25->2573df58-4087-4dd0-8598-5abddcc696b9: receive RaftClientReply:client-9C97446E6A25->2573df58-4087-4dd0-8598-5abddcc696b9@group-CE3C0447B19C, cid=4315, SUCCESS, logIndex=7053, commits[2573df58-4087-4dd0-8598-5abddcc696b9:c7055]
2019-06-13 21:51:56,053 INFO  client.GrpcClientProtocolClient (GrpcClientProtocolClient.java:onNext(254)) - client-9C97446E6A25->2573df58-4087-4dd0-8598-5abddcc696b9: receive RaftClientReply:client-9C97446E6A25->2573df58-4087-4dd0-8598-5abddcc696b9@group-CE3C0447B19C, cid=4316, SUCCESS, logIndex=7054, commits[2573df58-4087-4dd0-8598-5abddcc696b9:c7055]
2019-06-13 21:51:56,058 INFO  client.GrpcClientProtocolClient (GrpcClientProtocolClient.java:onNext(254)) - client-9C97446E6A25->2573df58-4087-4dd0-8598-5abddcc696b9: receive RaftClientReply:client-9C97446E6A25->2573df58-4087-4dd0-8598-5abddcc696b9@group-CE3C0447B19C, cid=4317, SUCCESS, logIndex=7056, commits[2573df58-4087-4dd0-8598-5abddcc696b9:c7056]
2019-06-13 21:51:56,059 INFO  client.GrpcClientProtocolClient (GrpcClientProtocolClient.java:onNext(254)) - client-9C97446E6A25->2573df58-4087-4dd0-8598-5abddcc696b9: receive RaftClientReply:client-9C97446E6A25->2573df58-4087-4dd0-8598-5abddcc696b9@group-CE3C0447B19C, cid=4318, SUCCESS, logIndex=7058, commits[2573df58-4087-4dd0-8598-5abddcc696b9:c7058]
2019-06-13 21:51:56,060 INFO  client.GrpcClientProtocolClient (GrpcClientProtocolClient.java:onNext(254)) - client-9C97446E6A25->2573df58-4087-4dd0-8598-5abddcc696b9: receive RaftClientReply:client-9C97446E6A25->2573df58-4087-4dd0-8598-5abddcc696b9@group-CE3C0447B19C, cid=4319, SUCCESS, logIndex=7059, commits[2573df58-4087-4dd0-8598-5abddcc696b9:c7061]
2019-06-13 21:51:56,060 INFO  client.GrpcClientProtocolClient (GrpcClientProtocolClient.java:onNext(254)) - client-9C97446E6A25->2573df58-4087-4dd0-8598-5abddcc696b9: receive RaftClientReply:client-9C97446E6A25->2573df58-4087-4dd0-8598-5abddcc696b9@group-CE3C0447B19C, cid=4320, SUCCESS, logIndex=7060, commits[2573df58-4087-4dd0-8598-5abddcc696b9:c7061]
2019-06-13 21:51:56,070 INFO  client.GrpcClientProtocolClient (GrpcClientProtocolClient.java:onNext(254)) - client-9C97446E6A25->2573df58-4087-4dd0-8598-5abddcc696b9: receive RaftClientReply:client-9C97446E6A25->2573df58-4087-4dd0-8598-5abddcc696b9@group-CE3C0447B19C, cid=4321, SUCCESS, logIndex=7062, commits[2573df58-4087-4dd0-8598-5abddcc696b9:c7062]
2019-06-13 21:51:56,071 INFO  client.GrpcClientProtocolClient (GrpcClientProtocolClient.java:onNext(254)) - client-9C97446E6A25->2573df58-4087-4dd0-8598-5abddcc696b9: receive RaftClientReply:client-9C97446E6A25->2573df58-4087-4dd0-8598-5abddcc696b9@group-CE3C0447B19C, cid=4322, SUCCESS, logIndex=7064, commits[2573df58-4087-4dd0-8598-5abddcc696b9:c7064]
2019-06-13 21:51:56,072 INFO  client.GrpcClientProtocolClient (GrpcClientProtocolClient.java:onNext(254)) - client-9C97446E6A25->2573df58-4087-4dd0-8598-5abddcc696b9: receive RaftClientReply:client-9C97446E6A25->2573df58-4087-4dd0-8598-5abddcc696b9@group-CE3C0447B19C, cid=4323, SUCCESS, logIndex=7065, commits[2573df58-4087-4dd0-8598-5abddcc696b9:c7067]
2019-06-13 21:51:56,072 INFO  client.GrpcClientProtocolClient (GrpcClientProtocolClient.java:onNext(254)) - client-9C97446E6A25->2573df58-4087-4dd0-8598-5abddcc696b9: receive RaftClientReply:client-9C97446E6A25->2573df58-4087-4dd0-8598-5abddcc696b9@group-CE3C0447B19C, cid=4324, SUCCESS, logIndex=7066, commits[2573df58-4087-4dd0-8598-5abddcc696b9:c7067]
2019-06-13 21:51:56,077 INFO  client.GrpcClientProtocolClient (GrpcClientProtocolClient.java:onNext(254)) - client-9C97446E6A25->2573df58-4087-4dd0-8598-5abddcc696b9: receive RaftClientReply:client-9C97446E6A25->2573df58-4087-4dd0-8598-5abddcc696b9@group-CE3C0447B19C, cid=4325, SUCCESS, logIndex=7068, commits[2573df58-4087-4dd0-8598-5abddcc696b9:c7068]
2019-06-13 21:51:56,079 INFO  client.GrpcClientProtocolClient (GrpcClientProtocolClient.java:onNext(254)) - client-9C97446E6A25->2573df58-4087-4dd0-8598-5abddcc696b9: receive RaftClientReply:client-9C97446E6A25->2573df58-4087-4dd0-8598-5abddcc696b9@group-CE3C0447B19C, cid=4326, SUCCESS, logIndex=7070, commits[2573df58-4087-4dd0-8598-5abddcc696b9:c7070]
2019-06-13 21:51:56,081 INFO  client.GrpcClientProtocolClient (GrpcClientProtocolClient.java:onNext(254)) - client-9C97446E6A25->2573df58-4087-4dd0-8598-5abddcc696b9: receive RaftClientReply:client-9C97446E6A25->2573df58-4087-4dd0-8598-5abddcc696b9@group-CE3C0447B19C, cid=4327, SUCCESS, logIndex=7072, commits[2573df58-4087-4dd0-8598-5abddcc696b9:c7073]
2019-06-13 21:51:56,081 DEBUG block.SCMBlockDeletingService (SCMBlockDeletingService.java:call(138)) - Running DeletedBlockTransactionScanner
2019-06-13 21:51:56,081 INFO  client.GrpcClientProtocolClient (GrpcClientProtocolClient.java:onNext(254)) - client-9C97446E6A25->2573df58-4087-4dd0-8598-5abddcc696b9: receive RaftClientReply:client-9C97446E6A25->2573df58-4087-4dd0-8598-5abddcc696b9@group-CE3C0447B19C, cid=4328, SUCCESS, logIndex=7073, commits[2573df58-4087-4dd0-8598-5abddcc696b9:c7073]
2019-06-13 21:51:56,081 DEBUG block.SCMBlockDeletingService (SCMBlockDeletingService.java:call(155)) - Scanned deleted blocks log and got 0 delTX to process.
2019-06-13 21:51:56,093 INFO  client.GrpcClientProtocolClient (GrpcClientProtocolClient.java:onNext(254)) - client-9C97446E6A25->2573df58-4087-4dd0-8598-5abddcc696b9: receive RaftClientReply:client-9C97446E6A25->2573df58-4087-4dd0-8598-5abddcc696b9@group-CE3C0447B19C, cid=4329, SUCCESS, logIndex=7075, commits[2573df58-4087-4dd0-8598-5abddcc696b9:c7075]
2019-06-13 21:51:56,094 INFO  client.GrpcClientProtocolClient (GrpcClientProtocolClient.java:onNext(254)) - client-9C97446E6A25->2573df58-4087-4dd0-8598-5abddcc696b9: receive RaftClientReply:client-9C97446E6A25->2573df58-4087-4dd0-8598-5abddcc696b9@group-CE3C0447B19C, cid=4330, SUCCESS, logIndex=7077, commits[2573df58-4087-4dd0-8598-5abddcc696b9:c7077]
2019-06-13 21:51:56,095 INFO  client.GrpcClientProtocolClient (GrpcClientProtocolClient.java:onNext(254)) - client-9C97446E6A25->2573df58-4087-4dd0-8598-5abddcc696b9: receive RaftClientReply:client-9C97446E6A25->2573df58-4087-4dd0-8598-5abddcc696b9@group-CE3C0447B19C, cid=4331, SUCCESS, logIndex=7078, commits[2573df58-4087-4dd0-8598-5abddcc696b9:c7079]
2019-06-13 21:51:56,095 INFO  client.GrpcClientProtocolClient (GrpcClientProtocolClient.java:onNext(254)) - client-9C97446E6A25->2573df58-4087-4dd0-8598-5abddcc696b9: receive RaftClientReply:client-9C97446E6A25->2573df58-4087-4dd0-8598-5abddcc696b9@group-CE3C0447B19C, cid=4332, SUCCESS, logIndex=7079, commits[2573df58-4087-4dd0-8598-5abddcc696b9:c7079]
2019-06-13 21:51:56,181 DEBUG block.SCMBlockDeletingService (SCMBlockDeletingService.java:call(138)) - Running DeletedBlockTransactionScanner
2019-06-13 21:51:56,181 DEBUG block.SCMBlockDeletingService (SCMBlockDeletingService.java:call(155)) - Scanned deleted blocks log and got 0 delTX to process.
2019-06-13 21:51:56,236 INFO  client.GrpcClientProtocolClient (GrpcClientProtocolClient.java:onNext(254)) - client-9C97446E6A25->2573df58-4087-4dd0-8598-5abddcc696b9: receive RaftClientReply:client-9C97446E6A25->2573df58-4087-4dd0-8598-5abddcc696b9@group-CE3C0447B19C, cid=4333, SUCCESS, logIndex=7082, commits[2573df58-4087-4dd0-8598-5abddcc696b9:c7083]
2019-06-13 21:51:56,237 INFO  client.GrpcClientProtocolClient (GrpcClientProtocolClient.java:onNext(254)) - client-9C97446E6A25->2573df58-4087-4dd0-8598-5abddcc696b9: receive RaftClientReply:client-9C97446E6A25->2573df58-4087-4dd0-8598-5abddcc696b9@group-CE3C0447B19C, cid=4334, SUCCESS, logIndex=7084, commits[2573df58-4087-4dd0-8598-5abddcc696b9:c7084]
2019-06-13 21:51:56,238 INFO  client.GrpcClientProtocolClient (GrpcClientProtocolClient.java:onNext(254)) - client-9C97446E6A25->2573df58-4087-4dd0-8598-5abddcc696b9: receive RaftClientReply:client-9C97446E6A25->2573df58-4087-4dd0-8598-5abddcc696b9@group-CE3C0447B19C, cid=4335, SUCCESS, logIndex=7085, commits[2573df58-4087-4dd0-8598-5abddcc696b9:c7085]
2019-06-13 21:51:56,239 INFO  client.GrpcClientProtocolClient (GrpcClientProtocolClient.java:onNext(254)) - client-9C97446E6A25->2573df58-4087-4dd0-8598-5abddcc696b9: receive RaftClientReply:client-9C97446E6A25->2573df58-4087-4dd0-8598-5abddcc696b9@group-CE3C0447B19C, cid=4336, SUCCESS, logIndex=7087, commits[2573df58-4087-4dd0-8598-5abddcc696b9:c7088]
2019-06-13 21:51:56,250 INFO  client.GrpcClientProtocolClient (GrpcClientProtocolClient.java:onNext(254)) - client-9C97446E6A25->2573df58-4087-4dd0-8598-5abddcc696b9: receive RaftClientReply:client-9C97446E6A25->2573df58-4087-4dd0-8598-5abddcc696b9@group-CE3C0447B19C, cid=4337, SUCCESS, logIndex=7090, commits[2573df58-4087-4dd0-8598-5abddcc696b9:c7090]
2019-06-13 21:51:56,251 INFO  client.GrpcClientProtocolClient (GrpcClientProtocolClient.java:onNext(254)) - client-9C97446E6A25->2573df58-4087-4dd0-8598-5abddcc696b9: receive RaftClientReply:client-9C97446E6A25->2573df58-4087-4dd0-8598-5abddcc696b9@group-CE3C0447B19C, cid=4338, SUCCESS, logIndex=7092, commits[2573df58-4087-4dd0-8598-5abddcc696b9:c7092]
2019-06-13 21:51:56,252 INFO  client.GrpcClientProtocolClient (GrpcClientProtocolClient.java:onNext(254)) - client-9C97446E6A25->2573df58-4087-4dd0-8598-5abddcc696b9: receive RaftClientReply:client-9C97446E6A25->2573df58-4087-4dd0-8598-5abddcc696b9@group-CE3C0447B19C, cid=4339, SUCCESS, logIndex=7093, commits[2573df58-4087-4dd0-8598-5abddcc696b9:c7095]
2019-06-13 21:51:56,252 INFO  client.GrpcClientProtocolClient (GrpcClientProtocolClient.java:onNext(254)) - client-9C97446E6A25->2573df58-4087-4dd0-8598-5abddcc696b9: receive RaftClientReply:client-9C97446E6A25->2573df58-4087-4dd0-8598-5abddcc696b9@group-CE3C0447B19C, cid=4340, SUCCESS, logIndex=7094, commits[2573df58-4087-4dd0-8598-5abddcc696b9:c7095]
2019-06-13 21:51:56,257 INFO  client.GrpcClientProtocolClient (GrpcClientProtocolClient.java:onNext(254)) - client-9C97446E6A25->2573df58-4087-4dd0-8598-5abddcc696b9: receive RaftClientReply:client-9C97446E6A25->2573df58-4087-4dd0-8598-5abddcc696b9@group-CE3C0447B19C, cid=4341, SUCCESS, logIndex=7096, commits[2573df58-4087-4dd0-8598-5abddcc696b9:c7096]
2019-06-13 21:51:56,258 INFO  client.GrpcClientProtocolClient (GrpcClientProtocolClient.java:onNext(254)) - client-9C97446E6A25->2573df58-4087-4dd0-8598-5abddcc696b9: receive RaftClientReply:client-9C97446E6A25->2573df58-4087-4dd0-8598-5abddcc696b9@group-CE3C0447B19C, cid=4342, SUCCESS, logIndex=7098, commits[2573df58-4087-4dd0-8598-5abddcc696b9:c7098]
2019-06-13 21:51:56,259 INFO  client.GrpcClientProtocolClient (GrpcClientProtocolClient.java:onNext(254)) - client-9C97446E6A25->2573df58-4087-4dd0-8598-5abddcc696b9: receive RaftClientReply:client-9C97446E6A25->2573df58-4087-4dd0-8598-5abddcc696b9@group-CE3C0447B19C, cid=4343, SUCCESS, logIndex=7099, commits[2573df58-4087-4dd0-8598-5abddcc696b9:c7101]
2019-06-13 21:51:56,259 INFO  client.GrpcClientProtocolClient (GrpcClientProtocolClient.java:onNext(254)) - client-9C97446E6A25->2573df58-4087-4dd0-8598-5abddcc696b9: receive RaftClientReply:client-9C97446E6A25->2573df58-4087-4dd0-8598-5abddcc696b9@group-CE3C0447B19C, cid=4344, SUCCESS, logIndex=7100, commits[2573df58-4087-4dd0-8598-5abddcc696b9:c7101]
2019-06-13 21:51:56,270 INFO  client.GrpcClientProtocolClient (GrpcClientProtocolClient.java:onNext(254)) - client-9C97446E6A25->2573df58-4087-4dd0-8598-5abddcc696b9: receive RaftClientReply:client-9C97446E6A25->2573df58-4087-4dd0-8598-5abddcc696b9@group-CE3C0447B19C, cid=4345, SUCCESS, logIndex=7102, commits[2573df58-4087-4dd0-8598-5abddcc696b9:c7102]
2019-06-13 21:51:56,271 INFO  client.GrpcClientProtocolClient (GrpcClientProtocolClient.java:onNext(254)) - client-9C97446E6A25->2573df58-4087-4dd0-8598-5abddcc696b9: receive RaftClientReply:client-9C97446E6A25->2573df58-4087-4dd0-8598-5abddcc696b9@group-CE3C0447B19C, cid=4346, SUCCESS, logIndex=7104, commits[2573df58-4087-4dd0-8598-5abddcc696b9:c7104]
2019-06-13 21:51:56,272 INFO  client.GrpcClientProtocolClient (GrpcClientProtocolClient.java:onNext(254)) - client-9C97446E6A25->2573df58-4087-4dd0-8598-5abddcc696b9: receive RaftClientReply:client-9C97446E6A25->2573df58-4087-4dd0-8598-5abddcc696b9@group-CE3C0447B19C, cid=4347, SUCCESS, logIndex=7105, commits[2573df58-4087-4dd0-8598-5abddcc696b9:c7107]
2019-06-13 21:51:56,273 INFO  client.GrpcClientProtocolClient (GrpcClientProtocolClient.java:onNext(254)) - client-9C97446E6A25->2573df58-4087-4dd0-8598-5abddcc696b9: receive RaftClientReply:client-9C97446E6A25->2573df58-4087-4dd0-8598-5abddcc696b9@group-CE3C0447B19C, cid=4348, SUCCESS, logIndex=7106, commits[2573df58-4087-4dd0-8598-5abddcc696b9:c7107]
2019-06-13 21:51:56,277 INFO  storage.RaftLogWorker (RaftLogWorker.java:rollLogSegment(303)) - 2573df58-4087-4dd0-8598-5abddcc696b9-RaftLogWorker: Rolling segment log-7041_7109 to index:7109
2019-06-13 21:51:56,277 INFO  client.GrpcClientProtocolClient (GrpcClientProtocolClient.java:onNext(254)) - client-9C97446E6A25->2573df58-4087-4dd0-8598-5abddcc696b9: receive RaftClientReply:client-9C97446E6A25->2573df58-4087-4dd0-8598-5abddcc696b9@group-CE3C0447B19C, cid=4349, SUCCESS, logIndex=7108, commits[2573df58-4087-4dd0-8598-5abddcc696b9:c7108]
2019-06-13 21:51:56,279 INFO  storage.RaftLogWorker (RaftLogWorker.java:execute(433)) - 2573df58-4087-4dd0-8598-5abddcc696b9-RaftLogWorker: Rolled log segment from /opt/src/hadoop-ozone/integration-test/target/test-dir/MiniOzoneClusterImpl-8578056e-9b7b-4e66-9e9f-ef53d5cd7c03/datanode-0/data/ratis/7f5c2536-ed89-4233-9ec0-ce3c0447b19c/current/log_inprogress_7041 to /opt/src/hadoop-ozone/integration-test/target/test-dir/MiniOzoneClusterImpl-8578056e-9b7b-4e66-9e9f-ef53d5cd7c03/datanode-0/data/ratis/7f5c2536-ed89-4233-9ec0-ce3c0447b19c/current/log_7041-7109
2019-06-13 21:51:56,282 DEBUG block.SCMBlockDeletingService (SCMBlockDeletingService.java:call(138)) - Running DeletedBlockTransactionScanner
2019-06-13 21:51:56,282 DEBUG block.SCMBlockDeletingService (SCMBlockDeletingService.java:call(155)) - Scanned deleted blocks log and got 0 delTX to process.
2019-06-13 21:51:56,323 INFO  storage.RaftLogWorker (RaftLogWorker.java:execute(469)) - 2573df58-4087-4dd0-8598-5abddcc696b9-RaftLogWorker: created new log segment /opt/src/hadoop-ozone/integration-test/target/test-dir/MiniOzoneClusterImpl-8578056e-9b7b-4e66-9e9f-ef53d5cd7c03/datanode-0/data/ratis/7f5c2536-ed89-4233-9ec0-ce3c0447b19c/current/log_inprogress_7110
2019-06-13 21:51:56,324 INFO  client.GrpcClientProtocolClient (GrpcClientProtocolClient.java:onNext(254)) - client-9C97446E6A25->2573df58-4087-4dd0-8598-5abddcc696b9: receive RaftClientReply:client-9C97446E6A25->2573df58-4087-4dd0-8598-5abddcc696b9@group-CE3C0447B19C, cid=4350, SUCCESS, logIndex=7110, commits[2573df58-4087-4dd0-8598-5abddcc696b9:c7112]
2019-06-13 21:51:56,325 INFO  client.GrpcClientProtocolClient (GrpcClientProtocolClient.java:onNext(254)) - client-9C97446E6A25->2573df58-4087-4dd0-8598-5abddcc696b9: receive RaftClientReply:client-9C97446E6A25->2573df58-4087-4dd0-8598-5abddcc696b9@group-CE3C0447B19C, cid=4351, SUCCESS, logIndex=7111, commits[2573df58-4087-4dd0-8598-5abddcc696b9:c7113]
2019-06-13 21:51:56,325 INFO  client.GrpcClientProtocolClient (GrpcClientProtocolClient.java:onNext(254)) - client-9C97446E6A25->2573df58-4087-4dd0-8598-5abddcc696b9: receive RaftClientReply:client-9C97446E6A25->2573df58-4087-4dd0-8598-5abddcc696b9@group-CE3C0447B19C, cid=4352, SUCCESS, logIndex=7112, commits[2573df58-4087-4dd0-8598-5abddcc696b9:c7113]
2019-06-13 21:51:56,336 INFO  client.GrpcClientProtocolClient (GrpcClientProtocolClient.java:onNext(254)) - client-9C97446E6A25->2573df58-4087-4dd0-8598-5abddcc696b9: receive RaftClientReply:client-9C97446E6A25->2573df58-4087-4dd0-8598-5abddcc696b9@group-CE3C0447B19C, cid=4353, SUCCESS, logIndex=7114, commits[2573df58-4087-4dd0-8598-5abddcc696b9:c7114]
2019-06-13 21:51:56,337 INFO  client.GrpcClientProtocolClient (GrpcClientProtocolClient.java:onNext(254)) - client-9C97446E6A25->2573df58-4087-4dd0-8598-5abddcc696b9: receive RaftClientReply:client-9C97446E6A25->2573df58-4087-4dd0-8598-5abddcc696b9@group-CE3C0447B19C, cid=4354, SUCCESS, logIndex=7116, commits[2573df58-4087-4dd0-8598-5abddcc696b9:c7116]
2019-06-13 21:51:56,338 INFO  client.GrpcClientProtocolClient (GrpcClientProtocolClient.java:onNext(254)) - client-9C97446E6A25->2573df58-4087-4dd0-8598-5abddcc696b9: receive RaftClientReply:client-9C97446E6A25->2573df58-4087-4dd0-8598-5abddcc696b9@group-CE3C0447B19C, cid=4355, SUCCESS, logIndex=7117, commits[2573df58-4087-4dd0-8598-5abddcc696b9:c7119]
2019-06-13 21:51:56,338 INFO  client.GrpcClientProtocolClient (GrpcClientProtocolClient.java:onNext(254)) - client-9C97446E6A25->2573df58-4087-4dd0-8598-5abddcc696b9: receive RaftClientReply:client-9C97446E6A25->2573df58-4087-4dd0-8598-5abddcc696b9@group-CE3C0447B19C, cid=4356, SUCCESS, logIndex=7118, commits[2573df58-4087-4dd0-8598-5abddcc696b9:c7119]
2019-06-13 21:51:56,343 INFO  client.GrpcClientProtocolClient (GrpcClientProtocolClient.java:onNext(254)) - client-9C97446E6A25->2573df58-4087-4dd0-8598-5abddcc696b9: receive RaftClientReply:client-9C97446E6A25->2573df58-4087-4dd0-8598-5abddcc696b9@group-CE3C0447B19C, cid=4357, SUCCESS, logIndex=7120, commits[2573df58-4087-4dd0-8598-5abddcc696b9:c7121]
2019-06-13 21:51:56,345 INFO  client.GrpcClientProtocolClient (GrpcClientProtocolClient.java:onNext(254)) - client-9C97446E6A25->2573df58-4087-4dd0-8598-5abddcc696b9: receive RaftClientReply:client-9C97446E6A25->2573df58-4087-4dd0-8598-5abddcc696b9@group-CE3C0447B19C, cid=4358, SUCCESS, logIndex=7122, commits[2573df58-4087-4dd0-8598-5abddcc696b9:c7122]
2019-06-13 21:51:56,345 INFO  client.GrpcClientProtocolClient (GrpcClientProtocolClient.java:onNext(254)) - client-9C97446E6A25->2573df58-4087-4dd0-8598-5abddcc696b9: receive RaftClientReply:client-9C97446E6A25->2573df58-4087-4dd0-8598-5abddcc696b9@group-CE3C0447B19C, cid=4359, SUCCESS, logIndex=7123, commits[2573df58-4087-4dd0-8598-5abddcc696b9:c7123]
2019-06-13 21:51:56,346 INFO  client.GrpcClientProtocolClient (GrpcClientProtocolClient.java:onNext(254)) - client-9C97446E6A25->2573df58-4087-4dd0-8598-5abddcc696b9: receive RaftClientReply:client-9C97446E6A25->2573df58-4087-4dd0-8598-5abddcc696b9@group-CE3C0447B19C, cid=4360, SUCCESS, logIndex=7125, commits[2573df58-4087-4dd0-8598-5abddcc696b9:c7125]
2019-06-13 21:51:56,356 INFO  client.GrpcClientProtocolClient (GrpcClientProtocolClient.java:onNext(254)) - client-9C97446E6A25->2573df58-4087-4dd0-8598-5abddcc696b9: receive RaftClientReply:client-9C97446E6A25->2573df58-4087-4dd0-8598-5abddcc696b9@group-CE3C0447B19C, cid=4361, SUCCESS, logIndex=7128, commits[2573df58-4087-4dd0-8598-5abddcc696b9:c7128]
2019-06-13 21:51:56,358 INFO  client.GrpcClientProtocolClient (GrpcClientProtocolClient.java:onNext(254)) - client-9C97446E6A25->2573df58-4087-4dd0-8598-5abddcc696b9: receive RaftClientReply:client-9C97446E6A25->2573df58-4087-4dd0-8598-5abddcc696b9@group-CE3C0447B19C, cid=4362, SUCCESS, logIndex=7130, commits[2573df58-4087-4dd0-8598-5abddcc696b9:c7130]
2019-06-13 21:51:56,358 INFO  client.GrpcClientProtocolClient (GrpcClientProtocolClient.java:onNext(254)) - client-9C97446E6A25->2573df58-4087-4dd0-8598-5abddcc696b9: receive RaftClientReply:client-9C97446E6A25->2573df58-4087-4dd0-8598-5abddcc696b9@group-CE3C0447B19C, cid=4363, SUCCESS, logIndex=7131, commits[2573df58-4087-4dd0-8598-5abddcc696b9:c7132]
2019-06-13 21:51:56,359 INFO  client.GrpcClientProtocolClient (GrpcClientProtocolClient.java:onNext(254)) - client-9C97446E6A25->2573df58-4087-4dd0-8598-5abddcc696b9: receive RaftClientReply:client-9C97446E6A25->2573df58-4087-4dd0-8598-5abddcc696b9@group-CE3C0447B19C, cid=4364, SUCCESS, logIndex=7132, commits[2573df58-4087-4dd0-8598-5abddcc696b9:c7132]
2019-06-13 21:51:56,365 INFO  client.GrpcClientProtocolClient (GrpcClientProtocolClient.java:onNext(254)) - client-9C97446E6A25->2573df58-4087-4dd0-8598-5abddcc696b9: receive RaftClientReply:client-9C97446E6A25->2573df58-4087-4dd0-8598-5abddcc696b9@group-CE3C0447B19C, cid=4365, SUCCESS, logIndex=7135, commits[2573df58-4087-4dd0-8598-5abddcc696b9:c7135]
2019-06-13 21:51:56,367 INFO  client.GrpcClientProtocolClient (GrpcClientProtocolClient.java:onNext(254)) - client-9C97446E6A25->2573df58-4087-4dd0-8598-5abddcc696b9: receive RaftClientReply:client-9C97446E6A25->2573df58-4087-4dd0-8598-5abddcc696b9@group-CE3C0447B19C, cid=4366, SUCCESS, logIndex=7137, commits[2573df58-4087-4dd0-8598-5abddcc696b9:c7137]
2019-06-13 21:51:56,367 INFO  client.GrpcClientProtocolClient (GrpcClientProtocolClient.java:onNext(254)) - client-9C97446E6A25->2573df58-4087-4dd0-8598-5abddcc696b9: receive RaftClientReply:client-9C97446E6A25->2573df58-4087-4dd0-8598-5abddcc696b9@group-CE3C0447B19C, cid=4367, SUCCESS, logIndex=7138, commits[2573df58-4087-4dd0-8598-5abddcc696b9:c7140]
2019-06-13 21:51:56,368 INFO  client.GrpcClientProtocolClient (GrpcClientProtocolClient.java:onNext(254)) - client-9C97446E6A25->2573df58-4087-4dd0-8598-5abddcc696b9: receive RaftClientReply:client-9C97446E6A25->2573df58-4087-4dd0-8598-5abddcc696b9@group-CE3C0447B19C, cid=4368, SUCCESS, logIndex=7139, commits[2573df58-4087-4dd0-8598-5abddcc696b9:c7140]
2019-06-13 21:51:56,379 INFO  client.GrpcClientProtocolClient (GrpcClientProtocolClient.java:onNext(254)) - client-9C97446E6A25->2573df58-4087-4dd0-8598-5abddcc696b9: receive RaftClientReply:client-9C97446E6A25->2573df58-4087-4dd0-8598-5abddcc696b9@group-CE3C0447B19C, cid=4369, SUCCESS, logIndex=7141, commits[2573df58-4087-4dd0-8598-5abddcc696b9:c7141]
2019-06-13 21:51:56,380 INFO  client.GrpcClientProtocolClient (GrpcClientProtocolClient.java:onNext(254)) - client-9C97446E6A25->2573df58-4087-4dd0-8598-5abddcc696b9: receive RaftClientReply:client-9C97446E6A25->2573df58-4087-4dd0-8598-5abddcc696b9@group-CE3C0447B19C, cid=4370, SUCCESS, logIndex=7143, commits[2573df58-4087-4dd0-8598-5abddcc696b9:c7143]
2019-06-13 21:51:56,381 INFO  client.GrpcClientProtocolClient (GrpcClientProtocolClient.java:onNext(254)) - client-9C97446E6A25->2573df58-4087-4dd0-8598-5abddcc696b9: receive RaftClientReply:client-9C97446E6A25->2573df58-4087-4dd0-8598-5abddcc696b9@group-CE3C0447B19C, cid=4371, SUCCESS, logIndex=7144, commits[2573df58-4087-4dd0-8598-5abddcc696b9:c7146]
2019-06-13 21:51:56,381 INFO  client.GrpcClientProtocolClient (GrpcClientProtocolClient.java:onNext(254)) - client-9C97446E6A25->2573df58-4087-4dd0-8598-5abddcc696b9: receive RaftClientReply:client-9C97446E6A25->2573df58-4087-4dd0-8598-5abddcc696b9@group-CE3C0447B19C, cid=4372, SUCCESS, logIndex=7145, commits[2573df58-4087-4dd0-8598-5abddcc696b9:c7146]
2019-06-13 21:51:56,382 DEBUG block.SCMBlockDeletingService (SCMBlockDeletingService.java:call(138)) - Running DeletedBlockTransactionScanner
2019-06-13 21:51:56,382 DEBUG block.SCMBlockDeletingService (SCMBlockDeletingService.java:call(155)) - Scanned deleted blocks log and got 0 delTX to process.
2019-06-13 21:51:56,386 INFO  client.GrpcClientProtocolClient (GrpcClientProtocolClient.java:onNext(254)) - client-9C97446E6A25->2573df58-4087-4dd0-8598-5abddcc696b9: receive RaftClientReply:client-9C97446E6A25->2573df58-4087-4dd0-8598-5abddcc696b9@group-CE3C0447B19C, cid=4373, SUCCESS, logIndex=7147, commits[2573df58-4087-4dd0-8598-5abddcc696b9:c7147]
2019-06-13 21:51:56,388 INFO  client.GrpcClientProtocolClient (GrpcClientProtocolClient.java:onNext(254)) - client-9C97446E6A25->2573df58-4087-4dd0-8598-5abddcc696b9: receive RaftClientReply:client-9C97446E6A25->2573df58-4087-4dd0-8598-5abddcc696b9@group-CE3C0447B19C, cid=4374, SUCCESS, logIndex=7149, commits[2573df58-4087-4dd0-8598-5abddcc696b9:c7149]
2019-06-13 21:51:56,388 INFO  client.GrpcClientProtocolClient (GrpcClientProtocolClient.java:onNext(254)) - client-9C97446E6A25->2573df58-4087-4dd0-8598-5abddcc696b9: receive RaftClientReply:client-9C97446E6A25->2573df58-4087-4dd0-8598-5abddcc696b9@group-CE3C0447B19C, cid=4375, SUCCESS, logIndex=7150, commits[2573df58-4087-4dd0-8598-5abddcc696b9:c7152]
2019-06-13 21:51:56,389 INFO  client.GrpcClientProtocolClient (GrpcClientProtocolClient.java:onNext(254)) - client-9C97446E6A25->2573df58-4087-4dd0-8598-5abddcc696b9: receive RaftClientReply:client-9C97446E6A25->2573df58-4087-4dd0-8598-5abddcc696b9@group-CE3C0447B19C, cid=4376, SUCCESS, logIndex=7151, commits[2573df58-4087-4dd0-8598-5abddcc696b9:c7152]
2019-06-13 21:51:56,466 INFO  client.GrpcClientProtocolClient (GrpcClientProtocolClient.java:onNext(254)) - client-9C97446E6A25->2573df58-4087-4dd0-8598-5abddcc696b9: receive RaftClientReply:client-9C97446E6A25->2573df58-4087-4dd0-8598-5abddcc696b9@group-CE3C0447B19C, cid=4377, SUCCESS, logIndex=7153, commits[2573df58-4087-4dd0-8598-5abddcc696b9:c7153]
2019-06-13 21:51:56,467 INFO  client.GrpcClientProtocolClient (GrpcClientProtocolClient.java:onNext(254)) - client-9C97446E6A25->2573df58-4087-4dd0-8598-5abddcc696b9: receive RaftClientReply:client-9C97446E6A25->2573df58-4087-4dd0-8598-5abddcc696b9@group-CE3C0447B19C, cid=4378, SUCCESS, logIndex=7155, commits[2573df58-4087-4dd0-8598-5abddcc696b9:c7155]
2019-06-13 21:51:56,469 INFO  client.GrpcClientProtocolClient (GrpcClientProtocolClient.java:onNext(254)) - client-9C97446E6A25->2573df58-4087-4dd0-8598-5abddcc696b9: receive RaftClientReply:client-9C97446E6A25->2573df58-4087-4dd0-8598-5abddcc696b9@group-CE3C0447B19C, cid=4379, SUCCESS, logIndex=7156, commits[2573df58-4087-4dd0-8598-5abddcc696b9:c7158]
2019-06-13 21:51:56,469 INFO  client.GrpcClientProtocolClient (GrpcClientProtocolClient.java:onNext(254)) - client-9C97446E6A25->2573df58-4087-4dd0-8598-5abddcc696b9: receive RaftClientReply:client-9C97446E6A25->2573df58-4087-4dd0-8598-5abddcc696b9@group-CE3C0447B19C, cid=4380, SUCCESS, logIndex=7157, commits[2573df58-4087-4dd0-8598-5abddcc696b9:c7158]
2019-06-13 21:51:56,473 INFO  client.GrpcClientProtocolClient (GrpcClientProtocolClient.java:onNext(254)) - client-9C97446E6A25->2573df58-4087-4dd0-8598-5abddcc696b9: receive RaftClientReply:client-9C97446E6A25->2573df58-4087-4dd0-8598-5abddcc696b9@group-CE3C0447B19C, cid=4381, SUCCESS, logIndex=7159, commits[2573df58-4087-4dd0-8598-5abddcc696b9:c7159]
2019-06-13 21:51:56,475 INFO  client.GrpcClientProtocolClient (GrpcClientProtocolClient.java:onNext(254)) - client-9C97446E6A25->2573df58-4087-4dd0-8598-5abddcc696b9: receive RaftClientReply:client-9C97446E6A25->2573df58-4087-4dd0-8598-5abddcc696b9@group-CE3C0447B19C, cid=4382, SUCCESS, logIndex=7161, commits[2573df58-4087-4dd0-8598-5abddcc696b9:c7161]
2019-06-13 21:51:56,476 INFO  client.GrpcClientProtocolClient (GrpcClientProtocolClient.java:onNext(254)) - client-9C97446E6A25->2573df58-4087-4dd0-8598-5abddcc696b9: receive RaftClientReply:client-9C97446E6A25->2573df58-4087-4dd0-8598-5abddcc696b9@group-CE3C0447B19C, cid=4383, SUCCESS, logIndex=7162, commits[2573df58-4087-4dd0-8598-5abddcc696b9:c7164]
2019-06-13 21:51:56,476 INFO  client.GrpcClientProtocolClient (GrpcClientProtocolClient.java:onNext(254)) - client-9C97446E6A25->2573df58-4087-4dd0-8598-5abddcc696b9: receive RaftClientReply:client-9C97446E6A25->2573df58-4087-4dd0-8598-5abddcc696b9@group-CE3C0447B19C, cid=4384, SUCCESS, logIndex=7163, commits[2573df58-4087-4dd0-8598-5abddcc696b9:c7164]
2019-06-13 21:51:56,482 DEBUG block.SCMBlockDeletingService (SCMBlockDeletingService.java:call(138)) - Running DeletedBlockTransactionScanner
2019-06-13 21:51:56,483 DEBUG block.SCMBlockDeletingService (SCMBlockDeletingService.java:call(155)) - Scanned deleted blocks log and got 0 delTX to process.
2019-06-13 21:51:56,486 INFO  client.GrpcClientProtocolClient (GrpcClientProtocolClient.java:onNext(254)) - client-9C97446E6A25->2573df58-4087-4dd0-8598-5abddcc696b9: receive RaftClientReply:client-9C97446E6A25->2573df58-4087-4dd0-8598-5abddcc696b9@group-CE3C0447B19C, cid=4385, SUCCESS, logIndex=7165, commits[2573df58-4087-4dd0-8598-5abddcc696b9:c7165]
2019-06-13 21:51:56,491 INFO  client.GrpcClientProtocolClient (GrpcClientProtocolClient.java:onNext(254)) - client-9C97446E6A25->2573df58-4087-4dd0-8598-5abddcc696b9: receive RaftClientReply:client-9C97446E6A25->2573df58-4087-4dd0-8598-5abddcc696b9@group-CE3C0447B19C, cid=4386, SUCCESS, logIndex=7167, commits[2573df58-4087-4dd0-8598-5abddcc696b9:c7167]
2019-06-13 21:51:56,491 INFO  client.GrpcClientProtocolClient (GrpcClientProtocolClient.java:onNext(254)) - client-9C97446E6A25->2573df58-4087-4dd0-8598-5abddcc696b9: receive RaftClientReply:client-9C97446E6A25->2573df58-4087-4dd0-8598-5abddcc696b9@group-CE3C0447B19C, cid=4387, SUCCESS, logIndex=7168, commits[2573df58-4087-4dd0-8598-5abddcc696b9:c7170]
2019-06-13 21:51:56,491 INFO  client.GrpcClientProtocolClient (GrpcClientProtocolClient.java:onNext(254)) - client-9C97446E6A25->2573df58-4087-4dd0-8598-5abddcc696b9: receive RaftClientReply:client-9C97446E6A25->2573df58-4087-4dd0-8598-5abddcc696b9@group-CE3C0447B19C, cid=4388, SUCCESS, logIndex=7169, commits[2573df58-4087-4dd0-8598-5abddcc696b9:c7170]
2019-06-13 21:51:56,496 INFO  client.GrpcClientProtocolClient (GrpcClientProtocolClient.java:onNext(254)) - client-9C97446E6A25->2573df58-4087-4dd0-8598-5abddcc696b9: receive RaftClientReply:client-9C97446E6A25->2573df58-4087-4dd0-8598-5abddcc696b9@group-CE3C0447B19C, cid=4389, SUCCESS, logIndex=7171, commits[2573df58-4087-4dd0-8598-5abddcc696b9:c7171]
2019-06-13 21:51:56,497 INFO  client.GrpcClientProtocolClient (GrpcClientProtocolClient.java:onNext(254)) - client-9C97446E6A25->2573df58-4087-4dd0-8598-5abddcc696b9: receive RaftClientReply:client-9C97446E6A25->2573df58-4087-4dd0-8598-5abddcc696b9@group-CE3C0447B19C, cid=4390, SUCCESS, logIndex=7173, commits[2573df58-4087-4dd0-8598-5abddcc696b9:c7173]
2019-06-13 21:51:56,498 INFO  client.GrpcClientProtocolClient (GrpcClientProtocolClient.java:onNext(254)) - client-9C97446E6A25->2573df58-4087-4dd0-8598-5abddcc696b9: receive RaftClientReply:client-9C97446E6A25->2573df58-4087-4dd0-8598-5abddcc696b9@group-CE3C0447B19C, cid=4391, SUCCESS, logIndex=7174, commits[2573df58-4087-4dd0-8598-5abddcc696b9:c7176]
2019-06-13 21:51:56,499 INFO  client.GrpcClientProtocolClient (GrpcClientProtocolClient.java:onNext(254)) - client-9C97446E6A25->2573df58-4087-4dd0-8598-5abddcc696b9: receive RaftClientReply:client-9C97446E6A25->2573df58-4087-4dd0-8598-5abddcc696b9@group-CE3C0447B19C, cid=4392, SUCCESS, logIndex=7175, commits[2573df58-4087-4dd0-8598-5abddcc696b9:c7176]
2019-06-13 21:51:56,509 INFO  storage.RaftLogWorker (RaftLogWorker.java:rollLogSegment(303)) - 2573df58-4087-4dd0-8598-5abddcc696b9-RaftLogWorker: Rolling segment log-7110_7176 to index:7176
2019-06-13 21:51:56,509 INFO  storage.RaftLogWorker (RaftLogWorker.java:execute(433)) - 2573df58-4087-4dd0-8598-5abddcc696b9-RaftLogWorker: Rolled log segment from /opt/src/hadoop-ozone/integration-test/target/test-dir/MiniOzoneClusterImpl-8578056e-9b7b-4e66-9e9f-ef53d5cd7c03/datanode-0/data/ratis/7f5c2536-ed89-4233-9ec0-ce3c0447b19c/current/log_inprogress_7110 to /opt/src/hadoop-ozone/integration-test/target/test-dir/MiniOzoneClusterImpl-8578056e-9b7b-4e66-9e9f-ef53d5cd7c03/datanode-0/data/ratis/7f5c2536-ed89-4233-9ec0-ce3c0447b19c/current/log_7110-7176
2019-06-13 21:51:56,554 INFO  storage.RaftLogWorker (RaftLogWorker.java:execute(469)) - 2573df58-4087-4dd0-8598-5abddcc696b9-RaftLogWorker: created new log segment /opt/src/hadoop-ozone/integration-test/target/test-dir/MiniOzoneClusterImpl-8578056e-9b7b-4e66-9e9f-ef53d5cd7c03/datanode-0/data/ratis/7f5c2536-ed89-4233-9ec0-ce3c0447b19c/current/log_inprogress_7177
2019-06-13 21:51:56,555 INFO  client.GrpcClientProtocolClient (GrpcClientProtocolClient.java:onNext(254)) - client-9C97446E6A25->2573df58-4087-4dd0-8598-5abddcc696b9: receive RaftClientReply:client-9C97446E6A25->2573df58-4087-4dd0-8598-5abddcc696b9@group-CE3C0447B19C, cid=4393, SUCCESS, logIndex=7177, commits[2573df58-4087-4dd0-8598-5abddcc696b9:c7177]
2019-06-13 21:51:56,557 INFO  client.GrpcClientProtocolClient (GrpcClientProtocolClient.java:onNext(254)) - client-9C97446E6A25->2573df58-4087-4dd0-8598-5abddcc696b9: receive RaftClientReply:client-9C97446E6A25->2573df58-4087-4dd0-8598-5abddcc696b9@group-CE3C0447B19C, cid=4394, SUCCESS, logIndex=7179, commits[2573df58-4087-4dd0-8598-5abddcc696b9:c7179]
2019-06-13 21:51:56,558 INFO  client.GrpcClientProtocolClient (GrpcClientProtocolClient.java:onNext(254)) - client-9C97446E6A25->2573df58-4087-4dd0-8598-5abddcc696b9: receive RaftClientReply:client-9C97446E6A25->2573df58-4087-4dd0-8598-5abddcc696b9@group-CE3C0447B19C, cid=4395, SUCCESS, logIndex=7180, commits[2573df58-4087-4dd0-8598-5abddcc696b9:c7181]
2019-06-13 21:51:56,559 INFO  client.GrpcClientProtocolClient (GrpcClientProtocolClient.java:onNext(254)) - client-9C97446E6A25->2573df58-4087-4dd0-8598-5abddcc696b9: receive RaftClientReply:client-9C97446E6A25->2573df58-4087-4dd0-8598-5abddcc696b9@group-CE3C0447B19C, cid=4396, SUCCESS, logIndex=7181, commits[2573df58-4087-4dd0-8598-5abddcc696b9:c7182]
2019-06-13 21:51:56,564 INFO  client.GrpcClientProtocolClient (GrpcClientProtocolClient.java:onNext(254)) - client-9C97446E6A25->2573df58-4087-4dd0-8598-5abddcc696b9: receive RaftClientReply:client-9C97446E6A25->2573df58-4087-4dd0-8598-5abddcc696b9@group-CE3C0447B19C, cid=4397, SUCCESS, logIndex=7184, commits[2573df58-4087-4dd0-8598-5abddcc696b9:c7184]
2019-06-13 21:51:56,566 INFO  client.GrpcClientProtocolClient (GrpcClientProtocolClient.java:onNext(254)) - client-9C97446E6A25->2573df58-4087-4dd0-8598-5abddcc696b9: receive RaftClientReply:client-9C97446E6A25->2573df58-4087-4dd0-8598-5abddcc696b9@group-CE3C0447B19C, cid=4398, SUCCESS, logIndex=7186, commits[2573df58-4087-4dd0-8598-5abddcc696b9:c7186]
2019-06-13 21:51:56,566 INFO  client.GrpcClientProtocolClient (GrpcClientProtocolClient.java:onNext(254)) - client-9C97446E6A25->2573df58-4087-4dd0-8598-5abddcc696b9: receive RaftClientReply:client-9C97446E6A25->2573df58-4087-4dd0-8598-5abddcc696b9@group-CE3C0447B19C, cid=4399, SUCCESS, logIndex=7187, commits[2573df58-4087-4dd0-8598-5abddcc696b9:c7187]
2019-06-13 21:51:56,567 INFO  client.GrpcClientProtocolClient (GrpcClientProtocolClient.java:onNext(254)) - client-9C97446E6A25->2573df58-4087-4dd0-8598-5abddcc696b9: receive RaftClientReply:client-9C97446E6A25->2573df58-4087-4dd0-8598-5abddcc696b9@group-CE3C0447B19C, cid=4400, SUCCESS, logIndex=7189, commits[2573df58-4087-4dd0-8598-5abddcc696b9:c7189]
2019-06-13 21:51:56,579 INFO  client.GrpcClientProtocolClient (GrpcClientProtocolClient.java:onNext(254)) - client-9C97446E6A25->2573df58-4087-4dd0-8598-5abddcc696b9: receive RaftClientReply:client-9C97446E6A25->2573df58-4087-4dd0-8598-5abddcc696b9@group-CE3C0447B19C, cid=4401, SUCCESS, logIndex=7192, commits[2573df58-4087-4dd0-8598-5abddcc696b9:c7192]
2019-06-13 21:51:56,581 INFO  client.GrpcClientProtocolClient (GrpcClientProtocolClient.java:onNext(254)) - client-9C97446E6A25->2573df58-4087-4dd0-8598-5abddcc696b9: receive RaftClientReply:client-9C97446E6A25->2573df58-4087-4dd0-8598-5abddcc696b9@group-CE3C0447B19C, cid=4402, SUCCESS, logIndex=7194, commits[2573df58-4087-4dd0-8598-5abddcc696b9:c7194]
2019-06-13 21:51:56,581 INFO  client.GrpcClientProtocolClient (GrpcClientProtocolClient.java:onNext(254)) - client-9C97446E6A25->2573df58-4087-4dd0-8598-5abddcc696b9: receive RaftClientReply:client-9C97446E6A25->2573df58-4087-4dd0-8598-5abddcc696b9@group-CE3C0447B19C, cid=4403, SUCCESS, logIndex=7195, commits[2573df58-4087-4dd0-8598-5abddcc696b9:c7197]
2019-06-13 21:51:56,582 INFO  client.GrpcClientProtocolClient (GrpcClientProtocolClient.java:onNext(254)) - client-9C97446E6A25->2573df58-4087-4dd0-8598-5abddcc696b9: receive RaftClientReply:client-9C97446E6A25->2573df58-4087-4dd0-8598-5abddcc696b9@group-CE3C0447B19C, cid=4404, SUCCESS, logIndex=7197, commits[2573df58-4087-4dd0-8598-5abddcc696b9:c7197]
2019-06-13 21:51:56,583 DEBUG block.SCMBlockDeletingService (SCMBlockDeletingService.java:call(138)) - Running DeletedBlockTransactionScanner
2019-06-13 21:51:56,583 DEBUG block.SCMBlockDeletingService (SCMBlockDeletingService.java:call(155)) - Scanned deleted blocks log and got 0 delTX to process.
2019-06-13 21:51:56,587 INFO  client.GrpcClientProtocolClient (GrpcClientProtocolClient.java:onNext(254)) - client-9C97446E6A25->2573df58-4087-4dd0-8598-5abddcc696b9: receive RaftClientReply:client-9C97446E6A25->2573df58-4087-4dd0-8598-5abddcc696b9@group-CE3C0447B19C, cid=4405, SUCCESS, logIndex=7199, commits[2573df58-4087-4dd0-8598-5abddcc696b9:c7199]
2019-06-13 21:51:56,588 INFO  client.GrpcClientProtocolClient (GrpcClientProtocolClient.java:onNext(254)) - client-9C97446E6A25->2573df58-4087-4dd0-8598-5abddcc696b9: receive RaftClientReply:client-9C97446E6A25->2573df58-4087-4dd0-8598-5abddcc696b9@group-CE3C0447B19C, cid=4406, SUCCESS, logIndex=7201, commits[2573df58-4087-4dd0-8598-5abddcc696b9:c7201]
2019-06-13 21:51:56,590 INFO  client.GrpcClientProtocolClient (GrpcClientProtocolClient.java:onNext(254)) - client-9C97446E6A25->2573df58-4087-4dd0-8598-5abddcc696b9: receive RaftClientReply:client-9C97446E6A25->2573df58-4087-4dd0-8598-5abddcc696b9@group-CE3C0447B19C, cid=4407, SUCCESS, logIndex=7203, commits[2573df58-4087-4dd0-8598-5abddcc696b9:c7204]
2019-06-13 21:51:56,590 INFO  client.GrpcClientProtocolClient (GrpcClientProtocolClient.java:onNext(254)) - client-9C97446E6A25->2573df58-4087-4dd0-8598-5abddcc696b9: receive RaftClientReply:client-9C97446E6A25->2573df58-4087-4dd0-8598-5abddcc696b9@group-CE3C0447B19C, cid=4408, SUCCESS, logIndex=7204, commits[2573df58-4087-4dd0-8598-5abddcc696b9:c7204]
2019-06-13 21:51:56,602 INFO  client.GrpcClientProtocolClient (GrpcClientProtocolClient.java:onNext(254)) - client-9C97446E6A25->2573df58-4087-4dd0-8598-5abddcc696b9: receive RaftClientReply:client-9C97446E6A25->2573df58-4087-4dd0-8598-5abddcc696b9@group-CE3C0447B19C, cid=4409, SUCCESS, logIndex=7206, commits[2573df58-4087-4dd0-8598-5abddcc696b9:c7206]
2019-06-13 21:51:56,604 INFO  client.GrpcClientProtocolClient (GrpcClientProtocolClient.java:onNext(254)) - client-9C97446E6A25->2573df58-4087-4dd0-8598-5abddcc696b9: receive RaftClientReply:client-9C97446E6A25->2573df58-4087-4dd0-8598-5abddcc696b9@group-CE3C0447B19C, cid=4410, SUCCESS, logIndex=7208, commits[2573df58-4087-4dd0-8598-5abddcc696b9:c7208]
2019-06-13 21:51:56,604 INFO  client.GrpcClientProtocolClient (GrpcClientProtocolClient.java:onNext(254)) - client-9C97446E6A25->2573df58-4087-4dd0-8598-5abddcc696b9: receive RaftClientReply:client-9C97446E6A25->2573df58-4087-4dd0-8598-5abddcc696b9@group-CE3C0447B19C, cid=4411, SUCCESS, logIndex=7209, commits[2573df58-4087-4dd0-8598-5abddcc696b9:c7211]
2019-06-13 21:51:56,605 INFO  client.GrpcClientProtocolClient (GrpcClientProtocolClient.java:onNext(254)) - client-9C97446E6A25->2573df58-4087-4dd0-8598-5abddcc696b9: receive RaftClientReply:client-9C97446E6A25->2573df58-4087-4dd0-8598-5abddcc696b9@group-CE3C0447B19C, cid=4412, SUCCESS, logIndex=7210, commits[2573df58-4087-4dd0-8598-5abddcc696b9:c7211]
2019-06-13 21:51:56,610 INFO  client.GrpcClientProtocolClient (GrpcClientProtocolClient.java:onNext(254)) - client-9C97446E6A25->2573df58-4087-4dd0-8598-5abddcc696b9: receive RaftClientReply:client-9C97446E6A25->2573df58-4087-4dd0-8598-5abddcc696b9@group-CE3C0447B19C, cid=4413, SUCCESS, logIndex=7212, commits[2573df58-4087-4dd0-8598-5abddcc696b9:c7212]
2019-06-13 21:51:56,611 INFO  client.GrpcClientProtocolClient (GrpcClientProtocolClient.java:onNext(254)) - client-9C97446E6A25->2573df58-4087-4dd0-8598-5abddcc696b9: receive RaftClientReply:client-9C97446E6A25->2573df58-4087-4dd0-8598-5abddcc696b9@group-CE3C0447B19C, cid=4414, SUCCESS, logIndex=7214, commits[2573df58-4087-4dd0-8598-5abddcc696b9:c7214]
2019-06-13 21:51:56,612 INFO  client.GrpcClientProtocolClient (GrpcClientProtocolClient.java:onNext(254)) - client-9C97446E6A25->2573df58-4087-4dd0-8598-5abddcc696b9: receive RaftClientReply:client-9C97446E6A25->2573df58-4087-4dd0-8598-5abddcc696b9@group-CE3C0447B19C, cid=4415, SUCCESS, logIndex=7215, commits[2573df58-4087-4dd0-8598-5abddcc696b9:c7217]
2019-06-13 21:51:56,612 INFO  client.GrpcClientProtocolClient (GrpcClientProtocolClient.java:onNext(254)) - client-9C97446E6A25->2573df58-4087-4dd0-8598-5abddcc696b9: receive RaftClientReply:client-9C97446E6A25->2573df58-4087-4dd0-8598-5abddcc696b9@group-CE3C0447B19C, cid=4416, SUCCESS, logIndex=7216, commits[2573df58-4087-4dd0-8598-5abddcc696b9:c7217]
2019-06-13 21:51:56,625 INFO  client.GrpcClientProtocolClient (GrpcClientProtocolClient.java:onNext(254)) - client-9C97446E6A25->2573df58-4087-4dd0-8598-5abddcc696b9: receive RaftClientReply:client-9C97446E6A25->2573df58-4087-4dd0-8598-5abddcc696b9@group-CE3C0447B19C, cid=4417, SUCCESS, logIndex=7218, commits[2573df58-4087-4dd0-8598-5abddcc696b9:c7218]
2019-06-13 21:51:56,627 INFO  client.GrpcClientProtocolClient (GrpcClientProtocolClient.java:onNext(254)) - client-9C97446E6A25->2573df58-4087-4dd0-8598-5abddcc696b9: receive RaftClientReply:client-9C97446E6A25->2573df58-4087-4dd0-8598-5abddcc696b9@group-CE3C0447B19C, cid=4418, SUCCESS, logIndex=7220, commits[2573df58-4087-4dd0-8598-5abddcc696b9:c7220]
2019-06-13 21:51:56,627 INFO  client.GrpcClientProtocolClient (GrpcClientProtocolClient.java:onNext(254)) - client-9C97446E6A25->2573df58-4087-4dd0-8598-5abddcc696b9: receive RaftClientReply:client-9C97446E6A25->2573df58-4087-4dd0-8598-5abddcc696b9@group-CE3C0447B19C, cid=4419, SUCCESS, logIndex=7221, commits[2573df58-4087-4dd0-8598-5abddcc696b9:c7222]
2019-06-13 21:51:56,628 INFO  client.GrpcClientProtocolClient (GrpcClientProtocolClient.java:onNext(254)) - client-9C97446E6A25->2573df58-4087-4dd0-8598-5abddcc696b9: receive RaftClientReply:client-9C97446E6A25->2573df58-4087-4dd0-8598-5abddcc696b9@group-CE3C0447B19C, cid=4420, SUCCESS, logIndex=7222, commits[2573df58-4087-4dd0-8598-5abddcc696b9:c7222]
2019-06-13 21:51:56,630 INFO  client.GrpcClientProtocolClient (GrpcClientProtocolClient.java:onNext(254)) - client-9C97446E6A25->2573df58-4087-4dd0-8598-5abddcc696b9: receive RaftClientReply:client-9C97446E6A25->2573df58-4087-4dd0-8598-5abddcc696b9@group-CE3C0447B19C, cid=4421, SUCCESS, logIndex=7225, commits[2573df58-4087-4dd0-8598-5abddcc696b9:c7225]
2019-06-13 21:51:56,631 INFO  client.GrpcClientProtocolClient (GrpcClientProtocolClient.java:onNext(254)) - client-9C97446E6A25->2573df58-4087-4dd0-8598-5abddcc696b9: receive RaftClientReply:client-9C97446E6A25->2573df58-4087-4dd0-8598-5abddcc696b9@group-CE3C0447B19C, cid=4422, SUCCESS, logIndex=7227, commits[2573df58-4087-4dd0-8598-5abddcc696b9:c7227]
2019-06-13 21:51:56,901 DEBUG block.SCMBlockDeletingService (SCMBlockDeletingService.java:call(138)) - Running DeletedBlockTransactionScanner
2019-06-13 21:51:56,902 DEBUG block.SCMBlockDeletingService (SCMBlockDeletingService.java:call(155)) - Scanned deleted blocks log and got 0 delTX to process.
2019-06-13 21:51:57,002 DEBUG block.SCMBlockDeletingService (SCMBlockDeletingService.java:call(138)) - Running DeletedBlockTransactionScanner
2019-06-13 21:51:57,002 DEBUG block.SCMBlockDeletingService (SCMBlockDeletingService.java:call(155)) - Scanned deleted blocks log and got 0 delTX to process.
2019-06-13 21:51:57,102 DEBUG block.SCMBlockDeletingService (SCMBlockDeletingService.java:call(138)) - Running DeletedBlockTransactionScanner
2019-06-13 21:51:57,103 DEBUG block.SCMBlockDeletingService (SCMBlockDeletingService.java:call(155)) - Scanned deleted blocks log and got 0 delTX to process.
2019-06-13 21:51:57,203 DEBUG block.SCMBlockDeletingService (SCMBlockDeletingService.java:call(138)) - Running DeletedBlockTransactionScanner
2019-06-13 21:51:57,203 DEBUG block.SCMBlockDeletingService (SCMBlockDeletingService.java:call(155)) - Scanned deleted blocks log and got 0 delTX to process.
2019-06-13 21:51:57,215 INFO  server.SCMBlockProtocolServer (SCMBlockProtocolServer.java:deleteKeyBlocks(202)) - SCM is informed by OM to delete 1 blocks
2019-06-13 21:51:57,216 INFO  block.BlockManagerImpl (BlockManagerImpl.java:deleteBlocks(268)) - Deleting blocks conID: 1 locID: 102266482563088385 bcsId: 0,conID: 2 locID: 102266482563219458 bcsId: 0,conID: 3 locID: 102266482563219459 bcsId: 0,conID: 1 locID: 102266482563284996 bcsId: 0,conID: 2 locID: 102266482563350533 bcsId: 0,conID: 3 locID: 102266482563350534 bcsId: 0,conID: 1 locID: 102266482630131719 bcsId: 0,conID: 2 locID: 102266482633670664 bcsId: 0,conID: 3 locID: 102266482637733897 bcsId: 0,conID: 1 locID: 102266482644877322 bcsId: 0,conID: 2 locID: 102266482647367691 bcsId: 0,conID: 3 locID: 102266482653265932 bcsId: 0,conID: 1 locID: 102266482660147213 bcsId: 0,conID: 2 locID: 102266482666766350 bcsId: 0,conID: 3 locID: 102266482669912079 bcsId: 0,conID: 1 locID: 102266482672533520 bcsId: 0,conID: 2 locID: 102266482676138001 bcsId: 0,conID: 3 locID: 102266482685771794 bcsId: 0,conID: 1 locID: 102266482693701651 bcsId: 0,conID: 2 locID: 102266482696388628 bcsId: 0,conID: 3 locID: 102266482699206677 bcsId: 0,conID: 1 locID: 102266482701565974 bcsId: 0,conID: 2 locID: 102266482707070999 bcsId: 0,conID: 3 locID: 102266482728173592 bcsId: 0,conID: 1 locID: 102266482730729497 bcsId: 0,conID: 2 locID: 102266482733088794 bcsId: 0,conID: 3 locID: 102266482735513627 bcsId: 0,conID: 1 locID: 102266482740494364 bcsId: 0,conID: 2 locID: 102266482747506717 bcsId: 0,conID: 3 locID: 102266482752028702 bcsId: 0,conID: 1 locID: 102266482754256927 bcsId: 0,conID: 2 locID: 102266482756485152 bcsId: 0,conID: 3 locID: 102266482758844449 bcsId: 0,conID: 1 locID: 102266482763366434 bcsId: 0,conID: 2 locID: 102266482769985571 bcsId: 0,conID: 3 locID: 102266482771951652 bcsId: 0,conID: 1 locID: 102266482776604709 bcsId: 0,conID: 2 locID: 102266482778570790 bcsId: 0,conID: 3 locID: 102266482783158311 bcsId: 0,conID: 1 locID: 102266482789318696 bcsId: 0,conID: 2 locID: 102266482791219241 bcsId: 0,conID: 3 locID: 102266482793316394 bcsId: 0,conID: 1 locID: 102266482809765931 bcsId: 0,conID: 2 locID: 102266482814484524 bcsId: 0,conID: 3 locID: 102266482816253997 bcsId: 0,conID: 1 locID: 102266482823200814 bcsId: 0,conID: 2 locID: 102266482824970287 bcsId: 0,conID: 3 locID: 102266482826936368 bcsId: 0,conID: 1 locID: 102266482828771377 bcsId: 0,conID: 2 locID: 102266482833096754 bcsId: 0,conID: 3 locID: 102266482842992691 bcsId: 0,conID: 1 locID: 102266482844696628 bcsId: 0,conID: 2 locID: 102266482846793781 bcsId: 0,conID: 3 locID: 102266482848563254 bcsId: 0,conID: 1 locID: 102266482853412919 bcsId: 0,conID: 2 locID: 102266482855313464 bcsId: 0,conID: 3 locID: 102266482861932601 bcsId: 0,conID: 1 locID: 102266482863833146 bcsId: 0,conID: 2 locID: 102266482865537083 bcsId: 0,conID: 3 locID: 102266482874777660 bcsId: 0,conID: 1 locID: 102266482876678205 bcsId: 0,conID: 2 locID: 102266482883035198 bcsId: 0,conID: 3 locID: 102266482885918783 bcsId: 0,conID: 1 locID: 102266482887688256 bcsId: 0,conID: 2 locID: 102266482889588801 bcsId: 0,conID: 3 locID: 102266482894110786 bcsId: 0,conID: 1 locID: 102266482895880259 bcsId: 0,conID: 2 locID: 102266482916786244 bcsId: 0,conID: 3 locID: 102266482918752325 bcsId: 0,conID: 1 locID: 102266482920587334 bcsId: 0,conID: 2 locID: 102266482924716103 bcsId: 0,conID: 3 locID: 102266482926354504 bcsId: 0,conID: 1 locID: 102266482932580425 bcsId: 0,conID: 2 locID: 102266482934349898 bcsId: 0,conID: 3 locID: 102266482935857227 bcsId: 0,conID: 1 locID: 102266482940706892 bcsId: 0,conID: 2 locID: 102266482946277453 bcsId: 0,conID: 3 locID: 102266482948374606 bcsId: 0,conID: 1 locID: 102266482954731599 bcsId: 0,conID: 2 locID: 102266482956501072 bcsId: 0,conID: 3 locID: 102266482958336081 bcsId: 0,conID: 1 locID: 102266482962595922 bcsId: 0,conID: 2 locID: 102266482964168787 bcsId: 0,conID: 3 locID: 102266482970198100 bcsId: 0,conID: 1 locID: 102266482974130261 bcsId: 0,conID: 2 locID: 102266482975703126 bcsId: 0,conID: 3 locID: 102266482980749399 bcsId: 0,conID: 1 locID: 102266482982387800 bcsId: 0,conID: 2 locID: 102266482984026201 bcsId: 0,conID: 3 locID: 102266482990776410 bcsId: 0,conID: 1 locID: 102266482992349275 bcsId: 0,conID: 2 locID: 102266482996412508 bcsId: 0,conID: 3 locID: 102266482998313053 bcsId: 0,conID: 1 locID: 102266482999951454 bcsId: 0,conID: 2 locID: 102266483009257567 bcsId: 0,conID: 3 locID: 102266483010895968 bcsId: 0,conID: 1 locID: 102266483013386337 bcsId: 0,conID: 2 locID: 102266483017515106 bcsId: 0,conID: 3 locID: 102266483019219043 bcsId: 0,conID: 1 locID: 102266483020726372 bcsId: 0,conID: 2 locID: 102266483026624613 bcsId: 0,conID: 3 locID: 102266483028197478 bcsId: 0,conID: 1 locID: 102266483048906855 bcsId: 0,conID: 2 locID: 102266483050741864 bcsId: 0,conID: 3 locID: 102266483052445801 bcsId: 0,conID: 1 locID: 102266483058671722 bcsId: 0,conID: 2 locID: 102266483060179051 bcsId: 0,conID: 3 locID: 102266483064963180 bcsId: 0,conID: 1 locID: 102266483066601581 bcsId: 0,conID: 2 locID: 102266483068174446 bcsId: 0,conID: 3 locID: 102266483069681775 bcsId: 0,conID: 1 locID: 102266483079184496 bcsId: 0,conID: 2 locID: 102266483081150577 bcsId: 0,conID: 3 locID: 102266483085410418 bcsId: 0,conID: 1 locID: 102266483086917747 bcsId: 0,conID: 2 locID: 102266483088425076 bcsId: 0,conID: 3 locID: 102266483089866869 bcsId: 0,conID: 1 locID: 102266483095699574 bcsId: 0,conID: 2 locID: 102266483099893879 bcsId: 0,conID: 3 locID: 102266483101401208 bcsId: 0,conID: 1 locID: 102266483102908537 bcsId: 0,conID: 2 locID: 102266483104481402 bcsId: 0,conID: 3 locID: 102266483113263227 bcsId: 0,conID: 1 locID: 102266483117260924 bcsId: 0,conID: 2 locID: 102266483118833789 bcsId: 0,conID: 3 locID: 102266483120210046 bcsId: 0,conID: 1 locID: 102266483121586303 bcsId: 0,conID: 2 locID: 102266483123355776 bcsId: 0,conID: 3 locID: 102266483129778305 bcsId: 0,conID: 1 locID: 102266483133907074 bcsId: 0,conID: 2 locID: 102266483135479939 bcsId: 0,conID: 3 locID: 102266483151995012 bcsId: 0,conID: 1 locID: 102266483153830021 bcsId: 0,conID: 2 locID: 102266483160514694 bcsId: 0,conID: 3 locID: 102266483166216327 bcsId: 0,conID: 1 locID: 102266483168706696 bcsId: 0,conID: 2 locID: 102266483171262601 bcsId: 0,conID: 3 locID: 102266483174342794 bcsId: 0,conID: 1 locID: 102266483177881739 bcsId: 0,conID: 2 locID: 102266483186729100 bcsId: 0,conID: 3 locID: 102266483193872525 bcsId: 0,conID: 1 locID: 102266483195445390 bcsId: 0,conID: 2 locID: 102266483196887183 bcsId: 0,conID: 3 locID: 102266483198525584 bcsId: 0,conID: 1 locID: 102266483204554897 bcsId: 0,conID: 2 locID: 102266483208945810 bcsId: 0,conID: 3 locID: 102266483210715283 bcsId: 0,conID: 1 locID: 102266483212353684 bcsId: 0,conID: 2 locID: 102266483213664405 bcsId: 0,conID: 3 locID: 102266483215499414 bcsId: 0,conID: 1 locID: 102266483226771607 bcsId: 0,conID: 2 locID: 102266483228410008 bcsId: 0,conID: 3 locID: 102266483229982873 bcsId: 0,conID: 1 locID: 102266483231424666 bcsId: 0,conID: 2 locID: 102266483232997531 bcsId: 0,conID: 3 locID: 102266483238764700 bcsId: 0,conID: 1 locID: 102266483242959005 bcsId: 0,conID: 2 locID: 102266483244400798 bcsId: 0,conID: 3 locID: 102266483245908127 bcsId: 0,conID: 1 locID: 102266483247349920 bcsId: 0,conID: 2 locID: 102266483265896609 bcsId: 0,conID: 3 locID: 102266483274154146 bcsId: 0,conID: 1 locID: 102266483276316835 bcsId: 0,conID: 2 locID: 102266483278217380 bcsId: 0,conID: 3 locID: 102266483279921317 bcsId: 0,conID: 1 locID: 102266483281559718 bcsId: 0,conID: 2 locID: 102266483288768679 bcsId: 0,conID: 3 locID: 102266483292373160 bcsId: 0,conID: 1 locID: 102266483293946025 bcsId: 0,conID: 2 locID: 102266483298140330 bcsId: 0,conID: 3 locID: 102266483299516587 bcsId: 0,conID: 1 locID: 102266483301023916 bcsId: 0,conID: 2 locID: 102266483310919853 bcsId: 0,conID: 3 locID: 102266483312296110 bcsId: 0,conID: 1 locID: 102266483314065583 bcsId: 0,conID: 2 locID: 102266483315572912 bcsId: 0,conID: 3 locID: 102266483317538993 bcsId: 0,conID: 1 locID: 102266483326124210 bcsId: 0,conID: 2 locID: 102266483330384051 bcsId: 0,conID: 3 locID: 102266483332087988 bcsId: 0,conID: 1 locID: 102266483333529781 bcsId: 0,conID: 2 locID: 102266483334971574 bcsId: 0,conID: 3 locID: 102266483336544439 bcsId: 0,conID: 1 locID: 102266483345522872 bcsId: 0,conID: 2 locID: 102266483347357881 bcsId: 0,conID: 3 locID: 102266483348734138 bcsId: 0,conID: 1 locID: 102266483350175931 bcsId: 0,conID: 2 locID: 102266483351486652 bcsId: 0,conID: 3 locID: 102266483359940797 bcsId: 0,conID: 1 locID: 102266483361317054 bcsId: 0,conID: 2 locID: 102266483362758847 bcsId: 0,conID: 3 locID: 102266483364266176 bcsId: 0,conID: 1 locID: 102266483366035649 bcsId: 0,conID: 2 locID: 102266483370098882 bcsId: 0,conID: 3 locID: 102266483375866051 bcsId: 0,conID: 1 locID: 102266483377176772 bcsId: 0,conID: 2 locID: 102266483378421957 bcsId: 0,conID: 3 locID: 102266483396968646 bcsId: 0,conID: 1 locID: 102266483398344903 bcsId: 0,conID: 2 locID: 102266483407257800 bcsId: 0,conID: 3 locID: 102266483409092809 bcsId: 0,conID: 1 locID: 102266483410993354 bcsId: 0,conID: 2 locID: 102266483412238539 bcsId: 0,conID: 3 locID: 102266483413483724 bcsId: 0,conID: 1 locID: 102266483417088205 bcsId: 0,conID: 2 locID: 102266483423772878 bcsId: 0,conID: 3 locID: 102266483428360399 bcsId: 0,conID: 1 locID: 102266483430064336 bcsId: 0,conID: 2 locID: 102266483431702737 bcsId: 0,conID: 3 locID: 102266483433013458 bcsId: 0,conID: 1 locID: 102266483441139923 bcsId: 0,conID: 2 locID: 102266483442712788 bcsId: 0,conID: 3 locID: 102266483443957973 bcsId: 0,conID: 1 locID: 102266483445465302 bcsId: 0,conID: 2 locID: 102266483446776023 bcsId: 0,conID: 3 locID: 102266483450380504 bcsId: 0,conID: 1 locID: 102266483459031257 bcsId: 0,conID: 2 locID: 102266483460341978 bcsId: 0,conID: 3 locID: 102266483461652699 bcsId: 0,conID: 1 locID: 102266483463160028 bcsId: 0,conID: 2 locID: 102266483466764509 bcsId: 0,conID: 3 locID: 102266483468665054 bcsId: 0,conID: 1 locID: 102266483474497759 bcsId: 0,conID: 2 locID: 102266483475874016 bcsId: 0,conID: 3 locID: 102266483477905633 bcsId: 0,conID: 1 locID: 102266483479412962 bcsId: 0,conID: 2 locID: 102266483483082979 bcsId: 0,conID: 3 locID: 102266483491864804 bcsId: 0,conID: 1 locID: 102266483493372133 bcsId: 0,conID: 2 locID: 102266483495010534 bcsId: 0,conID: 3 locID: 102266483497828583 bcsId: 0,conID: 1 locID: 102266483502416104 bcsId: 0,conID: 2 locID: 102266483504709865 bcsId: 0,conID: 3 locID: 102266483511984362 bcsId: 0,conID: 1 locID: 102266483513557227 bcsId: 0,conID: 2 locID: 102266483515195628 bcsId: 0,conID: 3 locID: 102266483516637421 bcsId: 0,conID: 1 locID: 102266483520241902 bcsId: 0,conID: 2 locID: 102266483543113967 bcsId: 0,conID: 3 locID: 102266483544424688 bcsId: 0,conID: 1 locID: 102266483545669873 bcsId: 0,conID: 2 locID: 102266483547439346 bcsId: 0,conID: 3 locID: 102266483551043827 bcsId: 0,conID: 1 locID: 102266483552223476 bcsId: 0,conID: 2 locID: 102266483557925109 bcsId: 0,conID: 3 locID: 102266483559170294 bcsId: 0,conID: 1 locID: 102266483560481015 bcsId: 0,conID: 2 locID: 102266483564151032 bcsId: 0,conID: 3 locID: 102266483568214265 bcsId: 0,conID: 1 locID: 102266483573915898 bcsId: 0,conID: 2 locID: 102266483575226619 bcsId: 0,conID: 3 locID: 102266483576668412 bcsId: 0,conID: 1 locID: 102266483578110205 bcsId: 0,conID: 2 locID: 102266483581911294 bcsId: 0,conID: 3 locID: 102266483583222015 bcsId: 0,conID: 1 locID: 102266483588989184 bcsId: 0,conID: 2 locID: 102266483591414017 bcsId: 0,conID: 3 locID: 102266483592855810 bcsId: 0,conID: 1 locID: 102266483599147267 bcsId: 0,conID: 2 locID: 102266483600457988 bcsId: 0,conID: 3 locID: 102266483606290693 bcsId: 0,conID: 1 locID: 102266483609370886 bcsId: 0,conID: 2 locID: 102266483610812679 bcsId: 0,conID: 3 locID: 102266483612123400 bcsId: 0,conID: 1 locID: 102266483615662345 bcsId: 0,conID: 2 locID: 102266483616973066 bcsId: 0,conID: 3 locID: 102266483622609163 bcsId: 0,conID: 1 locID: 102266483626410252 bcsId: 0,conID: 2 locID: 102266483627983117 bcsId: 0,conID: 3 locID: 102266483632046350 bcsId: 0,conID: 1 locID: 102266483633357071 bcsId: 0,conID: 2 locID: 102266483638993168 bcsId: 0,conID: 3 locID: 102266483640303889 bcsId: 0,conID: 1 locID: 102266483642007826 bcsId: 0,conID: 2 locID: 102266483643646227 bcsId: 0,conID: 3 locID: 102266483647054100 bcsId: 0,conID: 1 locID: 102266483648430357 bcsId: 0,conID: 2 locID: 102266483673792790 bcsId: 0,conID: 3 locID: 102266483675234583 bcsId: 0,conID: 1 locID: 102266483677266200 bcsId: 0,conID: 2 locID: 102266483680936217 bcsId: 0,conID: 3 locID: 102266483682181402 bcsId: 0,conID: 1 locID: 102266483687948571 bcsId: 0,conID: 2 locID: 102266483689324828 bcsId: 0,conID: 3 locID: 102266483690635549 bcsId: 0,conID: 1 locID: 102266483694240030 bcsId: 0,conID: 2 locID: 102266483695878431 bcsId: 0,conID: 3 locID: 102266483697320224 bcsId: 0,conID: 1 locID: 102266483706233121 bcsId: 0,conID: 2 locID: 102266483707609378 bcsId: 0,conID: 3 locID: 102266483708985635 bcsId: 0,conID: 1 locID: 102266483712786724 bcsId: 0,conID: 2 locID: 102266483714031909 bcsId: 0,conID: 3 locID: 102266483719799078 bcsId: 0,conID: 1 locID: 102266483721044263 bcsId: 0,conID: 2 locID: 102266483722289448 bcsId: 0,conID: 3 locID: 102266483725959465 bcsId: 0,conID: 1 locID: 102266483727466794 bcsId: 0,conID: 2 locID: 102266483728777515 bcsId: 0,conID: 3 locID: 102266483736903980 bcsId: 0,conID: 1 locID: 102266483738542381 bcsId: 0,conID: 2 locID: 102266483740311854 bcsId: 0,conID: 3 locID: 102266483744309551 bcsId: 0,conID: 1 locID: 102266483745554736 bcsId: 0,conID: 2 locID: 102266483751256369 bcsId: 0,conID: 3 locID: 102266483752698162 bcsId: 0,conID: 1 locID: 102266483754074419 bcsId: 0,conID: 2 locID: 102266483757744436 bcsId: 0,conID: 3 locID: 102266483761742133 bcsId: 0,conID: 1 locID: 102266483763183926 bcsId: 0,conID: 2 locID: 102266483768885559 bcsId: 0,conID: 3 locID: 102266483770196280 bcsId: 0,conID: 1 locID: 102266483773800761 bcsId: 0,conID: 2 locID: 102266483775045946 bcsId: 0,conID: 3 locID: 102266483776225595 bcsId: 0,conID: 1 locID: 102266483781927228 bcsId: 0,conID: 2 locID: 102266483783172413 bcsId: 0,conID: 3 locID: 102266483784352062 bcsId: 0,conID: 1 locID: 102266483807486271 bcsId: 0,conID: 2 locID: 102266483808928064 bcsId: 0,conID: 3 locID: 102266483810632001 bcsId: 0,conID: 1 locID: 102266483816988994 bcsId: 0,conID: 2 locID: 102266483820265795 bcsId: 0,conID: 3 locID: 102266483824918852 bcsId: 0,conID: 1 locID: 102266483826950469 bcsId: 0,conID: 2 locID: 102266483828851014 bcsId: 0,conID: 3 locID: 102266483830620487 bcsId: 0,conID: 1 locID: 102266483837632840 bcsId: 0,conID: 2 locID: 102266483842023753 bcsId: 0,conID: 3 locID: 102266483845628234 bcsId: 0,conID: 1 locID: 102266483847070027 bcsId: 0,conID: 2 locID: 102266483848380748 bcsId: 0,conID: 3 locID: 102266483854147917 bcsId: 0,conID: 1 locID: 102266483855655246 bcsId: 0,conID: 2 locID: 102266483859325263 bcsId: 0,conID: 3 locID: 102266483860635984 bcsId: 0,conID: 1 locID: 102266483862339921 bcsId: 0,conID: 2 locID: 102266483863912786 bcsId: 0,conID: 3 locID: 102266483874726227 bcsId: 0,conID: 1 locID: 102266483878658388 bcsId: 0,conID: 2 locID: 102266483880100181 bcsId: 0,conID: 3 locID: 102266483881345366 bcsId: 0,conID: 1 locID: 102266483882590551 bcsId: 0,conID: 2 locID: 102266483888292184 bcsId: 0,conID: 3 locID: 102266483889799513 bcsId: 0,conID: 1 locID: 102266483893666138 bcsId: 0,conID: 2 locID: 102266483895239003 bcsId: 0,conID: 3 locID: 102266483896484188 bcsId: 0,conID: 1 locID: 102266483897729373 bcsId: 0,conID: 2 locID: 102266483906249054 bcsId: 0,conID: 3 locID: 102266483909984607 bcsId: 0,conID: 1 locID: 102266483911360864 bcsId: 0,conID: 2 locID: 102266483913130337 bcsId: 0,conID: 3 locID: 102266483914506594 bcsId: 0,conID: 1 locID: 102266483922239843 bcsId: 0,conID: 2 locID: 102266483923550564 bcsId: 0,conID: 3 locID: 102266483927286117 bcsId: 0,conID: 1 locID: 102266483928531302 bcsId: 0,conID: 2 locID: 102266483929842023 bcsId: 0,conID: 3 locID: 102266483931218280 bcsId: 0,conID: 1 locID: 102266483953828201 bcsId: 0,conID: 2 locID: 102266483958219114 bcsId: 0,conID: 3 locID: 102266483959464299 bcsId: 0,conID: 1 locID: 102266483961299308 bcsId: 0,conID: 2 locID: 102266483962544493 bcsId: 0,conID: 3 locID: 102266483968442734 bcsId: 0,conID: 1 locID: 102266483972112751 bcsId: 0,conID: 2 locID: 102266483974209904 bcsId: 0,conID: 3 locID: 102266483975520625 bcsId: 0,conID: 1 locID: 102266483979452786 bcsId: 0,conID: 2 locID: 102266483980763507 bcsId: 0,conID: 3 locID: 102266483986465140 bcsId: 0,conID: 1 locID: 102266483990135157 bcsId: 0,conID: 2 locID: 102266483991970166 bcsId: 0,conID: 3 locID: 102266483993346423 bcsId: 0,conID: 1 locID: 102266483994591608 bcsId: 0,conID: 2 locID: 102266484000293241 bcsId: 0,conID: 3 locID: 102266484004815226 bcsId: 0,conID: 1 locID: 102266484006125947 bcsId: 0,conID: 2 locID: 102266484010123644 bcsId: 0,conID: 3 locID: 102266484011434365 bcsId: 0,conID: 1 locID: 102266484012679550 bcsId: 0,conID: 2 locID: 102266484018643327 bcsId: 0,conID: 3 locID: 102266484022313344 bcsId: 0,conID: 1 locID: 102266484023689601 bcsId: 0,conID: 2 locID: 102266484025328002 bcsId: 0,conID: 3 locID: 102266484027097475 bcsId: 0,conID: 1 locID: 102266484032864644 bcsId: 0,conID: 2 locID: 102266484039156101 bcsId: 0,conID: 3 locID: 102266484040991110 bcsId: 0,conID: 1 locID: 102266484042367367 bcsId: 0,conID: 2 locID: 102266484043612552 bcsId: 0,conID: 3 locID: 102266484044857737 bcsId: 0,conID: 1 locID: 102266484053574026 bcsId: 0,conID: 2 locID: 102266484055015819 bcsId: 0,conID: 3 locID: 102266484056261004 bcsId: 0,conID: 1 locID: 102266484057506189 bcsId: 0,conID: 2 locID: 102266484058751374 bcsId: 0,conID: 3 locID: 102266484079919503 bcsId: 0,conID: 1 locID: 102266484083982736 bcsId: 0,conID: 2 locID: 102266484085490065 bcsId: 0,conID: 3 locID: 102266484086997394 bcsId: 0,conID: 1 locID: 102266484088439187 bcsId: 0,conID: 2 locID: 102266484089946516 bcsId: 0,conID: 3 locID: 102266484098007445 bcsId: 0,conID: 1 locID: 102266484099449238 bcsId: 0,conID: 2 locID: 102266484101218711 bcsId: 0,conID: 3 locID: 102266484102791576 bcsId: 0,conID: 1 locID: 102266484104298905 bcsId: 0,conID: 2 locID: 102266484115308954 bcsId: 0,conID: 3 locID: 102266484116750747 bcsId: 0,conID: 1 locID: 102266484118192540 bcsId: 0,conID: 2 locID: 102266484119568797 bcsId: 0,conID: 3 locID: 102266484120945054 bcsId: 0,conID: 1 locID: 102266484122321311 bcsId: 0,conID: 2 locID: 102266484130447776 bcsId: 0,conID: 3 locID: 102266484132282785 bcsId: 0,conID: 1 locID: 102266484133659042 bcsId: 0,conID: 2 locID: 102266484137460131 bcsId: 0,conID: 3 locID: 102266484138901924 bcsId: 0,conID: 1 locID: 102266484144734629 bcsId: 0,conID: 2 locID: 102266484146438566 bcsId: 0,conID: 3 locID: 102266484149780903 bcsId: 0,conID: 1 locID: 102266484151943592 bcsId: 0,conID: 2 locID: 102266484153844137 bcsId: 0,conID: 3 locID: 102266484156400042 bcsId: 0,conID: 1 locID: 102266484168655275 bcsId: 0,conID: 2 locID: 102266484170097068 bcsId: 0,conID: 3 locID: 102266484174094765 bcsId: 0,conID: 1 locID: 102266484175536558 bcsId: 0,conID: 2 locID: 102266484177043887 bcsId: 0,conID: 3 locID: 102266484181238192 bcsId: 0,conID: 1 locID: 102266484187070897 bcsId: 0,conID: 2 locID: 102266484188447154 bcsId: 0,conID: 3 locID: 102266484189757875 bcsId: 0,conID: 1 locID: 102266484191134132 bcsId: 0,conID: 2 locID: 102266484195066293 bcsId: 0,conID: 3 locID: 102266484218397110 bcsId: 0,conID: 1 locID: 102266484219838903 bcsId: 0,conID: 2 locID: 102266484221149624 bcsId: 0,conID: 3 locID: 102266484222460345 bcsId: 0,conID: 1 locID: 102266484223967674 bcsId: 0,conID: 2 locID: 102266484228161979 bcsId: 0,conID: 3 locID: 102266484233863612 bcsId: 0,conID: 1 locID: 102266484235174333 bcsId: 0,conID: 2 locID: 102266484236550590 bcsId: 0,conID: 3 locID: 102266484238123455 bcsId: 0,conID: 1 locID: 102266484242252224 bcsId: 0,conID: 2 locID: 102266484251165121 bcsId: 0,conID: 3 locID: 102266484252737986 bcsId: 0,conID: 1 locID: 102266484254048707 bcsId: 0,conID: 2 locID: 102266484255687108 bcsId: 0,conID: 3 locID: 102266484257063365 bcsId: 0,conID: 1 locID: 102266484261323206 bcsId: 0,conID: 2 locID: 102266484267614663 bcsId: 0,conID: 3 locID: 102266484269121992 bcsId: 0,conID: 1 locID: 102266484270891465 bcsId: 0,conID: 2 locID: 102266484275085770 bcsId: 0,conID: 3 locID: 102266484279476683 bcsId: 0,conID: 1 locID: 102266484285374924 bcsId: 0,conID: 2 locID: 102266484286882253 bcsId: 0,conID: 3 locID: 102266484288586190 bcsId: 0,conID: 1 locID: 102266484290290127 bcsId: 0,conID: 2 locID: 102266484294484432 bcsId: 0,conID: 3 locID: 102266484295926225 bcsId: 0,conID: 1 locID: 102266484302741970 bcsId: 0,conID: 2 locID: 102266484307132883 bcsId: 0,conID: 3 locID: 102266484308574676 bcsId: 0,conID: 1 locID: 102266484309885397 bcsId: 0,conID: 2 locID: 102266484313555414 bcsId: 0,conID: 3 locID: 102266484319388119 bcsId: 0,conID: 1 locID: 102266484320764376 bcsId: 0,conID: 2 locID: 102266484322337241 bcsId: 0,conID: 3 locID: 102266484323910106 bcsId: 0,conID: 1 locID: 102266484327711195 bcsId: 0,conID: 2 locID: 102266484329349596 bcsId: 0,conID: 3 locID: 102266484352418269 bcsId: 0,conID: 1 locID: 102266484354056670 bcsId: 0,conID: 2 locID: 102266484355563999 bcsId: 0,conID: 3 locID: 102266484357005792 bcsId: 0,conID: 1 locID: 102266484361396705 bcsId: 0,conID: 2 locID: 102266484368671202 bcsId: 0,conID: 3 locID: 102266484369981923 bcsId: 0,conID: 1 locID: 102266484371292644 bcsId: 0,conID: 2 locID: 102266484372537829 bcsId: 0,conID: 3 locID: 102266484376142310 bcsId: 0,conID: 1 locID: 102266484380336615 bcsId: 0,conID: 2 locID: 102266484386103784 bcsId: 0,conID: 3 locID: 102266484387611113 bcsId: 0,conID: 1 locID: 102266484388921834 bcsId: 0,conID: 2 locID: 102266484392722923 bcsId: 0,conID: 3 locID: 102266484394361324 bcsId: 0,conID: 1 locID: 102266484400128493 bcsId: 0,conID: 2 locID: 102266484401373678 bcsId: 0,conID: 3 locID: 102266484402618863 bcsId: 0,conID: 1 locID: 102266484406551024 bcsId: 0,conID: 2 locID: 102266484410417649 bcsId: 0,conID: 3 locID: 102266484411728370 bcsId: 0,conID: 1 locID: 102266484417495539 bcsId: 0,conID: 2 locID: 102266484418740724 bcsId: 0,conID: 3 locID: 102266484420051445 bcsId: 0,conID: 1 locID: 102266484423918070 bcsId: 0,conID: 2 locID: 102266484425294327 bcsId: 0,conID: 3 locID: 102266484431061496 bcsId: 0,conID: 1 locID: 102266484435059193 bcsId: 0,conID: 2 locID: 102266484436369914 bcsId: 0,conID: 3 locID: 102266484437680635 bcsId: 0,conID: 1 locID: 102266484441350652 bcsId: 0,conID: 2 locID: 102266484442792445 bcsId: 0,conID: 3 locID: 102266484448559614 bcsId: 0,conID: 1 locID: 102266484450001407 bcsId: 0,conID: 2 locID: 102266484451574272 bcsId: 0,conID: 3 locID: 102266484456096257 bcsId: 0,conID: 1 locID: 102266484457669122 bcsId: 0,conID: 2 locID: 102266484484473347 bcsId: 0,conID: 3 locID: 102266484486636036 bcsId: 0,conID: 1 locID: 102266484488274437 bcsId: 0,conID: 2 locID: 102266484493189638 bcsId: 0,conID: 3 locID: 102266484494500359 bcsId: 0,conID: 1 locID: 102266484496007688 bcsId: 0,conID: 2 locID: 102266484501905929 bcsId: 0,conID: 3 locID: 102266484503544330 bcsId: 0,conID: 1 locID: 102266484504920587 bcsId: 0,conID: 2 locID: 102266484508918284 bcsId: 0,conID: 3 locID: 102266484512850445 bcsId: 0,conID: 1 locID: 102266484518748686 bcsId: 0,conID: 2 locID: 102266484520321551 bcsId: 0,conID: 3 locID: 102266484521632272 bcsId: 0,conID: 1 locID: 102266484525892113 bcsId: 0,conID: 2 locID: 102266484527333906 bcsId: 0,conID: 3 locID: 102266484528644627 bcsId: 0,conID: 1 locID: 102266484534542868 bcsId: 0,conID: 2 locID: 102266484535984661 bcsId: 0,conID: 3 locID: 102266484542603798 bcsId: 0,conID: 1 locID: 102266484544176663 bcsId: 0,conID: 2 locID: 102266484545749528 bcsId: 0,conID: 3 locID: 102266484551713305 bcsId: 0,conID: 1 locID: 102266484553089562 bcsId: 0,conID: 2 locID: 102266484554859035 bcsId: 0,conID: 3 locID: 102266484558594588 bcsId: 0,conID: 1 locID: 102266484559905309 bcsId: 0,conID: 2 locID: 102266484561281566 bcsId: 0,conID: 3 locID: 102266484571636255 bcsId: 0,conID: 1 locID: 102266484572946976 bcsId: 0,conID: 2 locID: 102266484577272353 bcsId: 0,conID: 3 locID: 102266484578648610 bcsId: 0,conID: 1 locID: 102266484580090403 bcsId: 0,conID: 2 locID: 102266484581401124 bcsId: 0,conID: 3 locID: 102266484587168293 bcsId: 0,conID: 1 locID: 102266484588741158 bcsId: 0,conID: 2 locID: 102266484593132071 bcsId: 0,conID: 3 locID: 102266484594704936 bcsId: 0,conID: 1 locID: 102266484596146729 bcsId: 0
2019-06-13 21:51:57,303 DEBUG block.SCMBlockDeletingService (SCMBlockDeletingService.java:call(138)) - Running DeletedBlockTransactionScanner
2019-06-13 21:51:57,304 DEBUG block.SCMBlockDeletingService (SCMBlockDeletingService.java:call(155)) - Scanned deleted blocks log and got 0 delTX to process.
2019-06-13 21:51:57,404 DEBUG block.SCMBlockDeletingService (SCMBlockDeletingService.java:call(138)) - Running DeletedBlockTransactionScanner
2019-06-13 21:51:57,404 DEBUG block.SCMBlockDeletingService (SCMBlockDeletingService.java:call(155)) - Scanned deleted blocks log and got 0 delTX to process.
2019-06-13 21:51:57,505 DEBUG block.SCMBlockDeletingService (SCMBlockDeletingService.java:call(138)) - Running DeletedBlockTransactionScanner
2019-06-13 21:51:57,505 DEBUG block.SCMBlockDeletingService (SCMBlockDeletingService.java:call(155)) - Scanned deleted blocks log and got 0 delTX to process.
2019-06-13 21:51:57,605 DEBUG block.SCMBlockDeletingService (SCMBlockDeletingService.java:call(138)) - Running DeletedBlockTransactionScanner
2019-06-13 21:51:57,605 DEBUG block.SCMBlockDeletingService (SCMBlockDeletingService.java:call(155)) - Scanned deleted blocks log and got 0 delTX to process.
2019-06-13 21:51:57,706 DEBUG block.SCMBlockDeletingService (SCMBlockDeletingService.java:call(138)) - Running DeletedBlockTransactionScanner
2019-06-13 21:51:57,706 DEBUG block.SCMBlockDeletingService (SCMBlockDeletingService.java:call(155)) - Scanned deleted blocks log and got 0 delTX to process.
2019-06-13 21:51:57,806 DEBUG block.SCMBlockDeletingService (SCMBlockDeletingService.java:call(138)) - Running DeletedBlockTransactionScanner
2019-06-13 21:51:57,806 DEBUG block.SCMBlockDeletingService (SCMBlockDeletingService.java:call(155)) - Scanned deleted blocks log and got 0 delTX to process.
2019-06-13 21:51:57,907 DEBUG block.SCMBlockDeletingService (SCMBlockDeletingService.java:call(138)) - Running DeletedBlockTransactionScanner
2019-06-13 21:51:57,907 DEBUG block.SCMBlockDeletingService (SCMBlockDeletingService.java:call(155)) - Scanned deleted blocks log and got 0 delTX to process.
2019-06-13 21:51:58,007 DEBUG block.SCMBlockDeletingService (SCMBlockDeletingService.java:call(138)) - Running DeletedBlockTransactionScanner
2019-06-13 21:51:58,007 DEBUG block.SCMBlockDeletingService (SCMBlockDeletingService.java:call(155)) - Scanned deleted blocks log and got 0 delTX to process.
2019-06-13 21:51:58,108 DEBUG block.SCMBlockDeletingService (SCMBlockDeletingService.java:call(138)) - Running DeletedBlockTransactionScanner
2019-06-13 21:51:58,108 DEBUG block.SCMBlockDeletingService (SCMBlockDeletingService.java:call(155)) - Scanned deleted blocks log and got 0 delTX to process.
2019-06-13 21:51:58,208 DEBUG block.SCMBlockDeletingService (SCMBlockDeletingService.java:call(138)) - Running DeletedBlockTransactionScanner
2019-06-13 21:51:58,208 DEBUG block.SCMBlockDeletingService (SCMBlockDeletingService.java:call(155)) - Scanned deleted blocks log and got 0 delTX to process.
2019-06-13 21:51:58,309 DEBUG block.SCMBlockDeletingService (SCMBlockDeletingService.java:call(138)) - Running DeletedBlockTransactionScanner
2019-06-13 21:51:58,309 DEBUG block.SCMBlockDeletingService (SCMBlockDeletingService.java:call(155)) - Scanned deleted blocks log and got 0 delTX to process.
2019-06-13 21:51:58,409 DEBUG block.SCMBlockDeletingService (SCMBlockDeletingService.java:call(138)) - Running DeletedBlockTransactionScanner
2019-06-13 21:51:58,409 DEBUG block.SCMBlockDeletingService (SCMBlockDeletingService.java:call(155)) - Scanned deleted blocks log and got 0 delTX to process.
2019-06-13 21:51:58,510 DEBUG block.SCMBlockDeletingService (SCMBlockDeletingService.java:call(138)) - Running DeletedBlockTransactionScanner
2019-06-13 21:51:58,510 DEBUG block.SCMBlockDeletingService (SCMBlockDeletingService.java:call(155)) - Scanned deleted blocks log and got 0 delTX to process.
2019-06-13 21:51:58,610 DEBUG block.SCMBlockDeletingService (SCMBlockDeletingService.java:call(138)) - Running DeletedBlockTransactionScanner
2019-06-13 21:51:58,610 DEBUG block.SCMBlockDeletingService (SCMBlockDeletingService.java:call(155)) - Scanned deleted blocks log and got 0 delTX to process.
2019-06-13 21:51:58,711 DEBUG block.SCMBlockDeletingService (SCMBlockDeletingService.java:call(138)) - Running DeletedBlockTransactionScanner
2019-06-13 21:51:58,711 DEBUG block.SCMBlockDeletingService (SCMBlockDeletingService.java:call(155)) - Scanned deleted blocks log and got 0 delTX to process.
2019-06-13 21:51:58,811 DEBUG block.SCMBlockDeletingService (SCMBlockDeletingService.java:call(138)) - Running DeletedBlockTransactionScanner
2019-06-13 21:51:58,812 DEBUG block.SCMBlockDeletingService (SCMBlockDeletingService.java:call(155)) - Scanned deleted blocks log and got 0 delTX to process.
2019-06-13 21:51:58,912 DEBUG block.SCMBlockDeletingService (SCMBlockDeletingService.java:call(138)) - Running DeletedBlockTransactionScanner
2019-06-13 21:51:58,912 DEBUG block.SCMBlockDeletingService (SCMBlockDeletingService.java:call(155)) - Scanned deleted blocks log and got 0 delTX to process.
2019-06-13 21:51:59,012 DEBUG block.SCMBlockDeletingService (SCMBlockDeletingService.java:call(138)) - Running DeletedBlockTransactionScanner
2019-06-13 21:51:59,013 DEBUG block.SCMBlockDeletingService (SCMBlockDeletingService.java:call(155)) - Scanned deleted blocks log and got 0 delTX to process.
2019-06-13 21:51:59,113 DEBUG block.SCMBlockDeletingService (SCMBlockDeletingService.java:call(138)) - Running DeletedBlockTransactionScanner
2019-06-13 21:51:59,113 DEBUG block.SCMBlockDeletingService (SCMBlockDeletingService.java:call(155)) - Scanned deleted blocks log and got 0 delTX to process.
2019-06-13 21:51:59,213 DEBUG block.SCMBlockDeletingService (SCMBlockDeletingService.java:call(138)) - Running DeletedBlockTransactionScanner
2019-06-13 21:51:59,214 DEBUG block.SCMBlockDeletingService (SCMBlockDeletingService.java:call(155)) - Scanned deleted blocks log and got 0 delTX to process.
2019-06-13 21:51:59,314 DEBUG block.SCMBlockDeletingService (SCMBlockDeletingService.java:call(138)) - Running DeletedBlockTransactionScanner
2019-06-13 21:51:59,314 DEBUG block.SCMBlockDeletingService (SCMBlockDeletingService.java:call(155)) - Scanned deleted blocks log and got 0 delTX to process.
2019-06-13 21:51:59,414 DEBUG block.SCMBlockDeletingService (SCMBlockDeletingService.java:call(138)) - Running DeletedBlockTransactionScanner
2019-06-13 21:51:59,415 DEBUG block.SCMBlockDeletingService (SCMBlockDeletingService.java:call(155)) - Scanned deleted blocks log and got 0 delTX to process.
2019-06-13 21:51:59,515 DEBUG block.SCMBlockDeletingService (SCMBlockDeletingService.java:call(138)) - Running DeletedBlockTransactionScanner
2019-06-13 21:51:59,515 DEBUG block.SCMBlockDeletingService (SCMBlockDeletingService.java:call(155)) - Scanned deleted blocks log and got 0 delTX to process.
2019-06-13 21:51:59,615 DEBUG block.SCMBlockDeletingService (SCMBlockDeletingService.java:call(138)) - Running DeletedBlockTransactionScanner
2019-06-13 21:51:59,616 DEBUG block.SCMBlockDeletingService (SCMBlockDeletingService.java:call(155)) - Scanned deleted blocks log and got 0 delTX to process.
2019-06-13 21:51:59,716 DEBUG block.SCMBlockDeletingService (SCMBlockDeletingService.java:call(138)) - Running DeletedBlockTransactionScanner
2019-06-13 21:51:59,716 DEBUG block.SCMBlockDeletingService (SCMBlockDeletingService.java:call(155)) - Scanned deleted blocks log and got 0 delTX to process.
2019-06-13 21:51:59,817 DEBUG block.SCMBlockDeletingService (SCMBlockDeletingService.java:call(138)) - Running DeletedBlockTransactionScanner
2019-06-13 21:51:59,817 DEBUG block.SCMBlockDeletingService (SCMBlockDeletingService.java:call(155)) - Scanned deleted blocks log and got 0 delTX to process.
2019-06-13 21:51:59,917 DEBUG block.SCMBlockDeletingService (SCMBlockDeletingService.java:call(138)) - Running DeletedBlockTransactionScanner
2019-06-13 21:51:59,918 DEBUG block.SCMBlockDeletingService (SCMBlockDeletingService.java:call(155)) - Scanned deleted blocks log and got 0 delTX to process.
2019-06-13 21:52:00,018 DEBUG block.SCMBlockDeletingService (SCMBlockDeletingService.java:call(138)) - Running DeletedBlockTransactionScanner
2019-06-13 21:52:00,018 DEBUG block.SCMBlockDeletingService (SCMBlockDeletingService.java:call(155)) - Scanned deleted blocks log and got 0 delTX to process.
2019-06-13 21:52:00,118 DEBUG block.SCMBlockDeletingService (SCMBlockDeletingService.java:call(138)) - Running DeletedBlockTransactionScanner
2019-06-13 21:52:00,119 DEBUG block.SCMBlockDeletingService (SCMBlockDeletingService.java:call(155)) - Scanned deleted blocks log and got 0 delTX to process.
2019-06-13 21:52:00,219 DEBUG block.SCMBlockDeletingService (SCMBlockDeletingService.java:call(138)) - Running DeletedBlockTransactionScanner
2019-06-13 21:52:00,219 DEBUG block.SCMBlockDeletingService (SCMBlockDeletingService.java:call(155)) - Scanned deleted blocks log and got 0 delTX to process.
2019-06-13 21:52:00,319 DEBUG block.SCMBlockDeletingService (SCMBlockDeletingService.java:call(138)) - Running DeletedBlockTransactionScanner
2019-06-13 21:52:00,320 DEBUG block.SCMBlockDeletingService (SCMBlockDeletingService.java:call(155)) - Scanned deleted blocks log and got 0 delTX to process.
2019-06-13 21:52:00,420 DEBUG block.SCMBlockDeletingService (SCMBlockDeletingService.java:call(138)) - Running DeletedBlockTransactionScanner
2019-06-13 21:52:00,420 DEBUG block.SCMBlockDeletingService (SCMBlockDeletingService.java:call(155)) - Scanned deleted blocks log and got 0 delTX to process.
2019-06-13 21:52:00,520 DEBUG block.SCMBlockDeletingService (SCMBlockDeletingService.java:call(138)) - Running DeletedBlockTransactionScanner
2019-06-13 21:52:00,521 DEBUG block.SCMBlockDeletingService (SCMBlockDeletingService.java:call(155)) - Scanned deleted blocks log and got 0 delTX to process.
2019-06-13 21:52:00,621 DEBUG block.SCMBlockDeletingService (SCMBlockDeletingService.java:call(138)) - Running DeletedBlockTransactionScanner
2019-06-13 21:52:00,621 DEBUG block.SCMBlockDeletingService (SCMBlockDeletingService.java:call(155)) - Scanned deleted blocks log and got 0 delTX to process.
2019-06-13 21:52:00,721 DEBUG block.SCMBlockDeletingService (SCMBlockDeletingService.java:call(138)) - Running DeletedBlockTransactionScanner
2019-06-13 21:52:00,722 DEBUG block.SCMBlockDeletingService (SCMBlockDeletingService.java:call(155)) - Scanned deleted blocks log and got 0 delTX to process.
2019-06-13 21:52:00,822 DEBUG block.SCMBlockDeletingService (SCMBlockDeletingService.java:call(138)) - Running DeletedBlockTransactionScanner
2019-06-13 21:52:00,822 DEBUG block.SCMBlockDeletingService (SCMBlockDeletingService.java:call(155)) - Scanned deleted blocks log and got 0 delTX to process.
2019-06-13 21:52:00,922 DEBUG block.SCMBlockDeletingService (SCMBlockDeletingService.java:call(138)) - Running DeletedBlockTransactionScanner
2019-06-13 21:52:00,923 DEBUG block.SCMBlockDeletingService (SCMBlockDeletingService.java:call(155)) - Scanned deleted blocks log and got 0 delTX to process.
2019-06-13 21:52:01,023 DEBUG block.SCMBlockDeletingService (SCMBlockDeletingService.java:call(138)) - Running DeletedBlockTransactionScanner
2019-06-13 21:52:01,023 DEBUG block.SCMBlockDeletingService (SCMBlockDeletingService.java:call(155)) - Scanned deleted blocks log and got 0 delTX to process.
2019-06-13 21:52:01,123 DEBUG block.SCMBlockDeletingService (SCMBlockDeletingService.java:call(138)) - Running DeletedBlockTransactionScanner
2019-06-13 21:52:01,124 DEBUG block.SCMBlockDeletingService (SCMBlockDeletingService.java:call(155)) - Scanned deleted blocks log and got 0 delTX to process.
2019-06-13 21:52:01,224 DEBUG block.SCMBlockDeletingService (SCMBlockDeletingService.java:call(138)) - Running DeletedBlockTransactionScanner
2019-06-13 21:52:01,224 DEBUG block.SCMBlockDeletingService (SCMBlockDeletingService.java:call(155)) - Scanned deleted blocks log and got 0 delTX to process.
2019-06-13 21:52:01,324 DEBUG block.SCMBlockDeletingService (SCMBlockDeletingService.java:call(138)) - Running DeletedBlockTransactionScanner
2019-06-13 21:52:01,325 DEBUG block.SCMBlockDeletingService (SCMBlockDeletingService.java:call(155)) - Scanned deleted blocks log and got 0 delTX to process.
2019-06-13 21:52:01,425 DEBUG block.SCMBlockDeletingService (SCMBlockDeletingService.java:call(138)) - Running DeletedBlockTransactionScanner
2019-06-13 21:52:01,425 DEBUG block.SCMBlockDeletingService (SCMBlockDeletingService.java:call(155)) - Scanned deleted blocks log and got 0 delTX to process.
2019-06-13 21:52:01,525 DEBUG block.SCMBlockDeletingService (SCMBlockDeletingService.java:call(138)) - Running DeletedBlockTransactionScanner
2019-06-13 21:52:01,526 DEBUG block.SCMBlockDeletingService (SCMBlockDeletingService.java:call(155)) - Scanned deleted blocks log and got 0 delTX to process.
2019-06-13 21:52:01,626 DEBUG block.SCMBlockDeletingService (SCMBlockDeletingService.java:call(138)) - Running DeletedBlockTransactionScanner
2019-06-13 21:52:01,626 DEBUG block.SCMBlockDeletingService (SCMBlockDeletingService.java:call(155)) - Scanned deleted blocks log and got 0 delTX to process.
2019-06-13 21:52:01,726 DEBUG block.SCMBlockDeletingService (SCMBlockDeletingService.java:call(138)) - Running DeletedBlockTransactionScanner
2019-06-13 21:52:01,727 DEBUG block.SCMBlockDeletingService (SCMBlockDeletingService.java:call(155)) - Scanned deleted blocks log and got 0 delTX to process.
2019-06-13 21:52:01,827 DEBUG block.SCMBlockDeletingService (SCMBlockDeletingService.java:call(138)) - Running DeletedBlockTransactionScanner
2019-06-13 21:52:01,827 DEBUG block.SCMBlockDeletingService (SCMBlockDeletingService.java:call(155)) - Scanned deleted blocks log and got 0 delTX to process.
2019-06-13 21:52:01,927 DEBUG block.SCMBlockDeletingService (SCMBlockDeletingService.java:call(138)) - Running DeletedBlockTransactionScanner
2019-06-13 21:52:01,928 DEBUG block.SCMBlockDeletingService (SCMBlockDeletingService.java:call(155)) - Scanned deleted blocks log and got 0 delTX to process.
2019-06-13 21:52:02,028 DEBUG block.SCMBlockDeletingService (SCMBlockDeletingService.java:call(138)) - Running DeletedBlockTransactionScanner
2019-06-13 21:52:02,028 DEBUG block.SCMBlockDeletingService (SCMBlockDeletingService.java:call(155)) - Scanned deleted blocks log and got 0 delTX to process.
2019-06-13 21:52:02,128 DEBUG block.SCMBlockDeletingService (SCMBlockDeletingService.java:call(138)) - Running DeletedBlockTransactionScanner
2019-06-13 21:52:02,129 DEBUG block.SCMBlockDeletingService (SCMBlockDeletingService.java:call(155)) - Scanned deleted blocks log and got 0 delTX to process.
2019-06-13 21:52:02,131 INFO  datanode.ObjectStoreHandler (ObjectStoreHandler.java:close(155)) - Closing ObjectStoreHandler.
2019-06-13 21:52:02,131 INFO  ozone.HddsDatanodeService (HddsDatanodeService.java:stop(452)) - Stopped plug-in org.apache.hadoop.ozone.web.OzoneHddsDatanodeService@575cabf0
2019-06-13 21:52:02,132 INFO  statemachine.DatanodeStateMachine (DatanodeStateMachine.java:lambda$startDaemon$0(350)) - Ozone container server started.
2019-06-13 21:52:02,133 INFO  ozoneimpl.OzoneContainer (OzoneContainer.java:stop(199)) - Attempting to stop container services.
2019-06-13 21:52:02,133 INFO  impl.RaftServerProxy (RaftServerProxy.java:lambda$close$4(314)) - 2573df58-4087-4dd0-8598-5abddcc696b9: close
2019-06-13 21:52:02,134 INFO  impl.RaftServerImpl (RaftServerImpl.java:lambda$shutdown$3(238)) - 2573df58-4087-4dd0-8598-5abddcc696b9: shutdown group-CE3C0447B19C
2019-06-13 21:52:02,135 INFO  util.JmxRegister (JmxRegister.java:unregister(73)) - Successfully un-registered JMX Bean with object name Ratis:service=RaftServer,group=group-CE3C0447B19C,id=2573df58-4087-4dd0-8598-5abddcc696b9
2019-06-13 21:52:02,135 INFO  impl.RoleInfo (RoleInfo.java:shutdownLeaderState(104)) - 2573df58-4087-4dd0-8598-5abddcc696b9: shutdown LeaderState
2019-06-13 21:52:02,136 INFO  impl.PendingRequests (PendingRequests.java:sendNotLeaderResponses(140)) - 2573df58-4087-4dd0-8598-5abddcc696b9-PendingRequests: sendNotLeaderResponses
2019-06-13 21:52:02,138 INFO  impl.StateMachineUpdater (StateMachineUpdater.java:stopAndJoin(109)) - StateMachineUpdater-2573df58-4087-4dd0-8598-5abddcc696b9-group-CE3C0447B19C: set stopIndex = 7228
2019-06-13 21:52:02,138 INFO  ratis.ContainerStateMachine (ContainerStateMachine.java:takeSnapshot(245)) - Taking snapshot at termIndex:(t:1, i:7227)
2019-06-13 21:52:02,139 INFO  ratis.ContainerStateMachine (ContainerStateMachine.java:takeSnapshot(249)) - Taking a snapshot to file /opt/src/hadoop-ozone/integration-test/target/test-dir/MiniOzoneClusterImpl-8578056e-9b7b-4e66-9e9f-ef53d5cd7c03/datanode-0/data/ratis/7f5c2536-ed89-4233-9ec0-ce3c0447b19c/sm/snapshot.1_7227
2019-06-13 21:52:02,145 INFO  impl.RaftServerImpl (ServerState.java:close(394)) - 2573df58-4087-4dd0-8598-5abddcc696b9:group-CE3C0447B19C closes. The last applied log index is 7228
2019-06-13 21:52:02,149 INFO  storage.RaftLogWorker (RaftLogWorker.java:close(168)) - 2573df58-4087-4dd0-8598-5abddcc696b9-RaftLogWorker close()
2019-06-13 21:52:02,150 INFO  server.GrpcService (GrpcService.java:closeImpl(154)) - 2573df58-4087-4dd0-8598-5abddcc696b9: shutdown server with port 35061 now
2019-06-13 21:52:02,152 INFO  server.GrpcService (GrpcService.java:closeImpl(162)) - 2573df58-4087-4dd0-8598-5abddcc696b9: shutdown server with port 35061 successfully
2019-06-13 21:52:02,154 WARN  fs.CachingGetSpaceUsed (CachingGetSpaceUsed.java:run(183)) - Thread Interrupted waiting to refresh disk information: sleep interrupted
2019-06-13 21:52:02,165 INFO  statemachine.DatanodeStateMachine (DatanodeStateMachine.java:stopDaemon(395)) - Ozone container server stopped.
2019-06-13 21:52:02,169 INFO  handler.ContextHandler (ContextHandler.java:doStop(910)) - Stopped o.e.j.w.WebAppContext@36c0d0bd{/,null,UNAVAILABLE}{/hddsDatanode}
2019-06-13 21:52:02,173 INFO  server.AbstractConnector (AbstractConnector.java:doStop(318)) - Stopped ServerConnector@664619b4{HTTP/1.1,[http/1.1]}{0.0.0.0:0}
2019-06-13 21:52:02,174 INFO  handler.ContextHandler (ContextHandler.java:doStop(910)) - Stopped o.e.j.s.ServletContextHandler@4f5f6e45{/static,jar:file:/root/.m2/repository/org/apache/hadoop/hadoop-hdds-container-service/0.5.0-SNAPSHOT/hadoop-hdds-container-service-0.5.0-SNAPSHOT.jar!/webapps/static,UNAVAILABLE}
2019-06-13 21:52:02,174 INFO  handler.ContextHandler (ContextHandler.java:doStop(910)) - Stopped o.e.j.s.ServletContextHandler@6438a7fe{/logs,file:///opt/src/hadoop-ozone/integration-test/target/log,UNAVAILABLE}
2019-06-13 21:52:02,229 DEBUG block.SCMBlockDeletingService (SCMBlockDeletingService.java:call(138)) - Running DeletedBlockTransactionScanner
2019-06-13 21:52:02,230 DEBUG block.SCMBlockDeletingService (SCMBlockDeletingService.java:call(155)) - Scanned deleted blocks log and got 3 delTX to process.
2019-06-13 21:52:02,233 DEBUG block.SCMBlockDeletingService (SCMBlockDeletingService.java:call(171)) - Added delete block command for datanode 2573df58-4087-4dd0-8598-5abddcc696b9 in the queue, number of delete block transactions: 3, TxID list: 1,2,3
2019-06-13 21:52:02,234 INFO  block.SCMBlockDeletingService (SCMBlockDeletingService.java:call(182)) - Totally added 3 delete blocks command for 1 datanodes, task elapsed time: 5ms
2019-06-13 21:52:02,334 DEBUG block.SCMBlockDeletingService (SCMBlockDeletingService.java:call(138)) - Running DeletedBlockTransactionScanner
2019-06-13 21:52:02,335 DEBUG block.SCMBlockDeletingService (SCMBlockDeletingService.java:call(155)) - Scanned deleted blocks log and got 3 delTX to process.
2019-06-13 21:52:02,335 DEBUG block.SCMBlockDeletingService (SCMBlockDeletingService.java:call(171)) - Added delete block command for datanode 2573df58-4087-4dd0-8598-5abddcc696b9 in the queue, number of delete block transactions: 3, TxID list: 1,2,3
2019-06-13 21:52:02,335 INFO  block.SCMBlockDeletingService (SCMBlockDeletingService.java:call(182)) - Totally added 3 delete blocks command for 1 datanodes, task elapsed time: 1ms
2019-06-13 21:52:02,435 DEBUG block.SCMBlockDeletingService (SCMBlockDeletingService.java:call(138)) - Running DeletedBlockTransactionScanner
2019-06-13 21:52:02,436 DEBUG block.SCMBlockDeletingService (SCMBlockDeletingService.java:call(155)) - Scanned deleted blocks log and got 3 delTX to process.
2019-06-13 21:52:02,436 DEBUG block.SCMBlockDeletingService (SCMBlockDeletingService.java:call(171)) - Added delete block command for datanode 2573df58-4087-4dd0-8598-5abddcc696b9 in the queue, number of delete block transactions: 3, TxID list: 1,2,3
2019-06-13 21:52:02,436 INFO  block.SCMBlockDeletingService (SCMBlockDeletingService.java:call(182)) - Totally added 3 delete blocks command for 1 datanodes, task elapsed time: 1ms
2019-06-13 21:52:02,536 DEBUG block.SCMBlockDeletingService (SCMBlockDeletingService.java:call(138)) - Running DeletedBlockTransactionScanner
2019-06-13 21:52:02,537 DEBUG block.SCMBlockDeletingService (SCMBlockDeletingService.java:call(155)) - Scanned deleted blocks log and got 3 delTX to process.
2019-06-13 21:52:02,537 DEBUG block.SCMBlockDeletingService (SCMBlockDeletingService.java:call(171)) - Added delete block command for datanode 2573df58-4087-4dd0-8598-5abddcc696b9 in the queue, number of delete block transactions: 3, TxID list: 1,2,3
2019-06-13 21:52:02,537 INFO  block.SCMBlockDeletingService (SCMBlockDeletingService.java:call(182)) - Totally added 3 delete blocks command for 1 datanodes, task elapsed time: 1ms
2019-06-13 21:52:02,637 DEBUG block.SCMBlockDeletingService (SCMBlockDeletingService.java:call(138)) - Running DeletedBlockTransactionScanner
2019-06-13 21:52:02,638 DEBUG block.SCMBlockDeletingService (SCMBlockDeletingService.java:call(155)) - Scanned deleted blocks log and got 3 delTX to process.
2019-06-13 21:52:02,638 DEBUG block.SCMBlockDeletingService (SCMBlockDeletingService.java:call(171)) - Added delete block command for datanode 2573df58-4087-4dd0-8598-5abddcc696b9 in the queue, number of delete block transactions: 3, TxID list: 1,2,3
2019-06-13 21:52:02,638 INFO  block.SCMBlockDeletingService (SCMBlockDeletingService.java:call(182)) - Totally added 3 delete blocks command for 1 datanodes, task elapsed time: 1ms
2019-06-13 21:52:02,738 DEBUG block.SCMBlockDeletingService (SCMBlockDeletingService.java:call(138)) - Running DeletedBlockTransactionScanner
2019-06-13 21:52:02,739 DEBUG block.SCMBlockDeletingService (SCMBlockDeletingService.java:call(155)) - Scanned deleted blocks log and got 3 delTX to process.
2019-06-13 21:52:02,739 DEBUG block.SCMBlockDeletingService (SCMBlockDeletingService.java:call(171)) - Added delete block command for datanode 2573df58-4087-4dd0-8598-5abddcc696b9 in the queue, number of delete block transactions: 3, TxID list: 1,2,3
2019-06-13 21:52:02,739 INFO  block.SCMBlockDeletingService (SCMBlockDeletingService.java:call(182)) - Totally added 3 delete blocks command for 1 datanodes, task elapsed time: 1ms
2019-06-13 21:52:02,839 DEBUG block.SCMBlockDeletingService (SCMBlockDeletingService.java:call(138)) - Running DeletedBlockTransactionScanner
2019-06-13 21:52:02,839 DEBUG block.SCMBlockDeletingService (SCMBlockDeletingService.java:call(155)) - Scanned deleted blocks log and got 3 delTX to process.
2019-06-13 21:52:02,840 DEBUG block.SCMBlockDeletingService (SCMBlockDeletingService.java:call(171)) - Added delete block command for datanode 2573df58-4087-4dd0-8598-5abddcc696b9 in the queue, number of delete block transactions: 3, TxID list: 1,2,3
2019-06-13 21:52:02,840 INFO  block.SCMBlockDeletingService (SCMBlockDeletingService.java:call(182)) - Totally added 3 delete blocks command for 1 datanodes, task elapsed time: 1ms
2019-06-13 21:52:02,940 DEBUG block.SCMBlockDeletingService (SCMBlockDeletingService.java:call(138)) - Running DeletedBlockTransactionScanner
2019-06-13 21:52:02,940 DEBUG block.SCMBlockDeletingService (SCMBlockDeletingService.java:call(155)) - Scanned deleted blocks log and got 3 delTX to process.
2019-06-13 21:52:02,941 DEBUG block.SCMBlockDeletingService (SCMBlockDeletingService.java:call(171)) - Added delete block command for datanode 2573df58-4087-4dd0-8598-5abddcc696b9 in the queue, number of delete block transactions: 3, TxID list: 1,2,3
2019-06-13 21:52:02,941 INFO  block.SCMBlockDeletingService (SCMBlockDeletingService.java:call(182)) - Totally added 3 delete blocks command for 1 datanodes, task elapsed time: 1ms
2019-06-13 21:52:03,041 DEBUG block.SCMBlockDeletingService (SCMBlockDeletingService.java:call(138)) - Running DeletedBlockTransactionScanner
2019-06-13 21:52:03,041 DEBUG block.SCMBlockDeletingService (SCMBlockDeletingService.java:call(155)) - Scanned deleted blocks log and got 3 delTX to process.
2019-06-13 21:52:03,042 DEBUG block.SCMBlockDeletingService (SCMBlockDeletingService.java:call(171)) - Added delete block command for datanode 2573df58-4087-4dd0-8598-5abddcc696b9 in the queue, number of delete block transactions: 3, TxID list: 1,2,3
2019-06-13 21:52:03,042 INFO  block.SCMBlockDeletingService (SCMBlockDeletingService.java:call(182)) - Totally added 3 delete blocks command for 1 datanodes, task elapsed time: 1ms
2019-06-13 21:52:03,142 DEBUG block.SCMBlockDeletingService (SCMBlockDeletingService.java:call(138)) - Running DeletedBlockTransactionScanner
2019-06-13 21:52:03,142 DEBUG block.SCMBlockDeletingService (SCMBlockDeletingService.java:call(155)) - Scanned deleted blocks log and got 3 delTX to process.
2019-06-13 21:52:03,142 DEBUG block.SCMBlockDeletingService (SCMBlockDeletingService.java:call(171)) - Added delete block command for datanode 2573df58-4087-4dd0-8598-5abddcc696b9 in the queue, number of delete block transactions: 3, TxID list: 1,2,3
2019-06-13 21:52:03,143 INFO  block.SCMBlockDeletingService (SCMBlockDeletingService.java:call(182)) - Totally added 3 delete blocks command for 1 datanodes, task elapsed time: 1ms
2019-06-13 21:52:03,234 INFO  commands.RetriableDatanodeEventWatcher (RetriableDatanodeEventWatcher.java:onTimeout(47)) - RetriableDatanodeCommand type=deleteBlocksCommand with id=1560462722233 timed out. Retrying.
2019-06-13 21:52:03,243 DEBUG block.SCMBlockDeletingService (SCMBlockDeletingService.java:call(138)) - Running DeletedBlockTransactionScanner
2019-06-13 21:52:03,243 DEBUG block.SCMBlockDeletingService (SCMBlockDeletingService.java:call(155)) - Scanned deleted blocks log and got 3 delTX to process.
2019-06-13 21:52:03,243 DEBUG block.SCMBlockDeletingService (SCMBlockDeletingService.java:call(171)) - Added delete block command for datanode 2573df58-4087-4dd0-8598-5abddcc696b9 in the queue, number of delete block transactions: 3, TxID list: 1,2,3
2019-06-13 21:52:03,244 INFO  block.SCMBlockDeletingService (SCMBlockDeletingService.java:call(182)) - Totally added 3 delete blocks command for 1 datanodes, task elapsed time: 1ms
2019-06-13 21:52:03,335 INFO  commands.RetriableDatanodeEventWatcher (RetriableDatanodeEventWatcher.java:onTimeout(47)) - RetriableDatanodeCommand type=deleteBlocksCommand with id=1560462722234 timed out. Retrying.
2019-06-13 21:52:03,344 DEBUG block.SCMBlockDeletingService (SCMBlockDeletingService.java:call(138)) - Running DeletedBlockTransactionScanner
2019-06-13 21:52:03,344 DEBUG block.SCMBlockDeletingService (SCMBlockDeletingService.java:call(155)) - Scanned deleted blocks log and got 3 delTX to process.
2019-06-13 21:52:03,344 DEBUG block.SCMBlockDeletingService (SCMBlockDeletingService.java:call(171)) - Added delete block command for datanode 2573df58-4087-4dd0-8598-5abddcc696b9 in the queue, number of delete block transactions: 3, TxID list: 1,2,3
2019-06-13 21:52:03,345 INFO  block.SCMBlockDeletingService (SCMBlockDeletingService.java:call(182)) - Totally added 3 delete blocks command for 1 datanodes, task elapsed time: 1ms
2019-06-13 21:52:03,437 INFO  commands.RetriableDatanodeEventWatcher (RetriableDatanodeEventWatcher.java:onTimeout(47)) - RetriableDatanodeCommand type=deleteBlocksCommand with id=1560462722235 timed out. Retrying.
2019-06-13 21:52:03,445 DEBUG block.SCMBlockDeletingService (SCMBlockDeletingService.java:call(138)) - Running DeletedBlockTransactionScanner
2019-06-13 21:52:03,445 DEBUG block.SCMBlockDeletingService (SCMBlockDeletingService.java:call(155)) - Scanned deleted blocks log and got 3 delTX to process.
2019-06-13 21:52:03,445 DEBUG block.SCMBlockDeletingService (SCMBlockDeletingService.java:call(171)) - Added delete block command for datanode 2573df58-4087-4dd0-8598-5abddcc696b9 in the queue, number of delete block transactions: 3, TxID list: 1,2,3
2019-06-13 21:52:03,446 INFO  block.SCMBlockDeletingService (SCMBlockDeletingService.java:call(182)) - Totally added 3 delete blocks command for 1 datanodes, task elapsed time: 1ms
2019-06-13 21:52:03,546 DEBUG block.SCMBlockDeletingService (RetriableDatanodeEventWatcher.java:onTimeout(47)) - RetriableDatanodeCommand type=deleteBlocksCommand with id=1560462722236 timed out. Retrying.
SCMBlockDeletingService.java:call(138)) - Running DeletedBlockTransactionScanner
2019-06-13 21:52:03,546 INFO  commands.RetriableDatanodeEventWatcher (RetriableDatanodeEventWatcher.java:onTimeout(47)) - RetriableDatanodeCommand type=deleteBlocksCommand with id=1560462722236 timed out. Retrying.
2019-06-13 21:52:03,546 DEBUG block.SCMBlockDeletingService (SCMBlockDeletingService.java:call(155)) - Scanned deleted blocks log and got 3 delTX to process.
2019-06-13 21:52:03,546 DEBUG block.SCMBlockDeletingService (SCMBlockDeletingService.java:call(171)) - Added delete block command for datanode 2573df58-4087-4dd0-8598-5abddcc696b9 in the queue, number of delete block transactions: 3, TxID list: 1,2,3
2019-06-13 21:52:03,547 INFO  block.SCMBlockDeletingService (SCMBlockDeletingService.java:call(182)) - Totally added 3 delete blocks command for 1 datanodes, task elapsed time: 1ms
2019-06-13 21:52:03,638 INFO  commands.RetriableDatanodeEventWatcher (RetriableDatanodeEventWatcher.java:onTimeout(47)) - RetriableDatanodeCommand type=deleteBlocksCommand with id=1560462722237 timed out. Retrying.
2019-06-13 21:52:03,647 DEBUG block.SCMBlockDeletingService (SCMBlockDeletingService.java:call(138)) - Running DeletedBlockTransactionScanner
2019-06-13 21:52:03,647 DEBUG block.SCMBlockDeletingService (SCMBlockDeletingService.java:call(155)) - Scanned deleted blocks log and got 3 delTX to process.
2019-06-13 21:52:03,648 DEBUG block.SCMBlockDeletingService (SCMBlockDeletingService.java:call(171)) - Added delete block command for datanode 2573df58-4087-4dd0-8598-5abddcc696b9 in the queue, number of delete block transactions: 3, TxID list: 1,2,3
2019-06-13 21:52:03,648 INFO  block.SCMBlockDeletingService (SCMBlockDeletingService.java:call(182)) - Totally added 3 delete blocks command for 1 datanodes, task elapsed time: 1ms
2019-06-13 21:52:03,676 INFO  ozone.MiniOzoneClusterImpl (MiniOzoneClusterImpl.java:lambda$waitForClusterToBeReady$0(142)) - Waiting for cluster to be ready. Got 1 of 0 DN Heartbeats.
2019-06-13 21:52:03,739 INFO  commands.RetriableDatanodeEventWatcher (RetriableDatanodeEventWatcher.java:onTimeout(47)) - RetriableDatanodeCommand type=deleteBlocksCommand with id=1560462722238 timed out. Retrying.
2019-06-13 21:52:03,748 DEBUG block.SCMBlockDeletingService (SCMBlockDeletingService.java:call(138)) - Running DeletedBlockTransactionScanner
2019-06-13 21:52:03,748 DEBUG block.SCMBlockDeletingService (SCMBlockDeletingService.java:call(155)) - Scanned deleted blocks log and got 3 delTX to process.
2019-06-13 21:52:03,748 DEBUG block.SCMBlockDeletingService (SCMBlockDeletingService.java:call(171)) - Added delete block command for datanode 2573df58-4087-4dd0-8598-5abddcc696b9 in the queue, number of delete block transactions: 3, TxID list: 1,2,3
2019-06-13 21:52:03,749 INFO  block.SCMBlockDeletingService (SCMBlockDeletingService.java:call(182)) - Totally added 3 delete blocks command for 1 datanodes, task elapsed time: 1ms
2019-06-13 21:52:03,841 INFO  commands.RetriableDatanodeEventWatcher (RetriableDatanodeEventWatcher.java:onTimeout(47)) - RetriableDatanodeCommand type=deleteBlocksCommand with id=1560462722239 timed out. Retrying.
2019-06-13 21:52:03,849 DEBUG block.SCMBlockDeletingService (SCMBlockDeletingService.java:call(138)) - Running DeletedBlockTransactionScanner
2019-06-13 21:52:03,849 DEBUG block.SCMBlockDeletingService (SCMBlockDeletingService.java:call(155)) - Scanned deleted blocks log and got 3 delTX to process.
2019-06-13 21:52:03,849 DEBUG block.SCMBlockDeletingService (SCMBlockDeletingService.java:call(171)) - Added delete block command for datanode 2573df58-4087-4dd0-8598-5abddcc696b9 in the queue, number of delete block transactions: 3, TxID list: 1,2,3
2019-06-13 21:52:03,849 INFO  block.SCMBlockDeletingService (SCMBlockDeletingService.java:call(182)) - Totally added 3 delete blocks command for 1 datanodes, task elapsed time: 0ms
2019-06-13 21:52:03,941 INFO  commands.RetriableDatanodeEventWatcher (RetriableDatanodeEventWatcher.java:onTimeout(47)) - RetriableDatanodeCommand type=deleteBlocksCommand with id=1560462722240 timed out. Retrying.
2019-06-13 21:52:03,950 DEBUG block.SCMBlockDeletingService (SCMBlockDeletingService.java:call(138)) - Running DeletedBlockTransactionScanner
2019-06-13 21:52:03,950 DEBUG block.SCMBlockDeletingService (SCMBlockDeletingService.java:call(155)) - Scanned deleted blocks log and got 3 delTX to process.
2019-06-13 21:52:03,950 DEBUG block.SCMBlockDeletingService (SCMBlockDeletingService.java:call(171)) - Added delete block command for datanode 2573df58-4087-4dd0-8598-5abddcc696b9 in the queue, number of delete block transactions: 3, TxID list: 1,2,3
2019-06-13 21:52:03,950 INFO  block.SCMBlockDeletingService (SCMBlockDeletingService.java:call(182)) - Totally added 3 delete blocks command for 1 datanodes, task elapsed time: 0ms
2019-06-13 21:52:04,042 INFO  commands.RetriableDatanodeEventWatcher (RetriableDatanodeEventWatcher.java:onTimeout(47)) - RetriableDatanodeCommand type=deleteBlocksCommand with id=1560462722241 timed out. Retrying.
2019-06-13 21:52:04,050 DEBUG block.SCMBlockDeletingService (SCMBlockDeletingService.java:call(138)) - Running DeletedBlockTransactionScanner
2019-06-13 21:52:04,051 DEBUG block.SCMBlockDeletingService (SCMBlockDeletingService.java:call(155)) - Scanned deleted blocks log and got 3 delTX to process.
2019-06-13 21:52:04,051 DEBUG block.SCMBlockDeletingService (SCMBlockDeletingService.java:call(171)) - Added delete block command for datanode 2573df58-4087-4dd0-8598-5abddcc696b9 in the queue, number of delete block transactions: 3, TxID list: 1,2,3
2019-06-13 21:52:04,051 INFO  block.SCMBlockDeletingService (SCMBlockDeletingService.java:call(182)) - Totally added 3 delete blocks command for 1 datanodes, task elapsed time: 1ms
2019-06-13 21:52:04,142 INFO  commands.RetriableDatanodeEventWatcher (RetriableDatanodeEventWatcher.java:onTimeout(47)) - RetriableDatanodeCommand type=deleteBlocksCommand with id=1560462722242 timed out. Retrying.
2019-06-13 21:52:04,151 DEBUG block.SCMBlockDeletingService (SCMBlockDeletingService.java:call(138)) - Running DeletedBlockTransactionScanner
2019-06-13 21:52:04,152 DEBUG block.SCMBlockDeletingService (SCMBlockDeletingService.java:call(155)) - Scanned deleted blocks log and got 3 delTX to process.
2019-06-13 21:52:04,152 DEBUG block.SCMBlockDeletingService (SCMBlockDeletingService.java:call(171)) - Added delete block command for datanode 2573df58-4087-4dd0-8598-5abddcc696b9 in the queue, number of delete block transactions: 3, TxID list: 1,2,3
2019-06-13 21:52:04,152 INFO  block.SCMBlockDeletingService (SCMBlockDeletingService.java:call(182)) - Totally added 3 delete blocks command for 1 datanodes, task elapsed time: 0ms
2019-06-13 21:52:04,235 INFO  commands.RetriableDatanodeEventWatcher (RetriableDatanodeEventWatcher.java:onTimeout(47)) - RetriableDatanodeCommand type=deleteBlocksCommand with id=1560462722233 timed out. Retrying.
2019-06-13 21:52:04,243 INFO  commands.RetriableDatanodeEventWatcher (RetriableDatanodeEventWatcher.java:onTimeout(47)) - RetriableDatanodeCommand type=deleteBlocksCommand with id=1560462722243 timed out. Retrying.
2019-06-13 21:52:04,252 DEBUG block.SCMBlockDeletingService (SCMBlockDeletingService.java:call(138)) - Running DeletedBlockTransactionScanner
2019-06-13 21:52:04,253 DEBUG block.SCMBlockDeletingService (SCMBlockDeletingService.java:call(155)) - Scanned deleted blocks log and got 3 delTX to process.
2019-06-13 21:52:04,253 DEBUG block.SCMBlockDeletingService (SCMBlockDeletingService.java:call(171)) - Added delete block command for datanode 2573df58-4087-4dd0-8598-5abddcc696b9 in the queue, number of delete block transactions: 3, TxID list: 1,2,3
2019-06-13 21:52:04,253 INFO  block.SCMBlockDeletingService (SCMBlockDeletingService.java:call(182)) - Totally added 3 delete blocks command for 1 datanodes, task elapsed time: 1ms
2019-06-13 21:52:04,335 INFO  commands.RetriableDatanodeEventWatcher (RetriableDatanodeEventWatcher.java:onTimeout(47)) - RetriableDatanodeCommand type=deleteBlocksCommand with id=1560462722234 timed out. Retrying.
2019-06-13 21:52:04,345 INFO  commands.RetriableDatanodeEventWatcher (RetriableDatanodeEventWatcher.java:onTimeout(47)) - RetriableDatanodeCommand type=deleteBlocksCommand with id=1560462722244 timed out. Retrying.
2019-06-13 21:52:04,354 DEBUG block.SCMBlockDeletingService (SCMBlockDeletingService.java:call(138)) - Running DeletedBlockTransactionScanner
2019-06-13 21:52:04,354 DEBUG block.SCMBlockDeletingService (SCMBlockDeletingService.java:call(155)) - Scanned deleted blocks log and got 3 delTX to process.
2019-06-13 21:52:04,354 DEBUG block.SCMBlockDeletingService (SCMBlockDeletingService.java:call(171)) - Added delete block command for datanode 2573df58-4087-4dd0-8598-5abddcc696b9 in the queue, number of delete block transactions: 3, TxID list: 1,2,3
2019-06-13 21:52:04,354 INFO  block.SCMBlockDeletingService (SCMBlockDeletingService.java:call(182)) - Totally added 3 delete blocks command for 1 datanodes, task elapsed time: 0ms
2019-06-13 21:52:04,437 INFO  commands.RetriableDatanodeEventWatcher (RetriableDatanodeEventWatcher.java:onTimeout(47)) - RetriableDatanodeCommand type=deleteBlocksCommand with id=1560462722235 timed out. Retrying.
2019-06-13 21:52:04,446 INFO  commands.RetriableDatanodeEventWatcher (RetriableDatanodeEventWatcher.java:onTimeout(47)) - RetriableDatanodeCommand type=deleteBlocksCommand with id=1560462722245 timed out. Retrying.
2019-06-13 21:52:04,455 DEBUG block.SCMBlockDeletingService (SCMBlockDeletingService.java:call(138)) - Running DeletedBlockTransactionScanner
2019-06-13 21:52:04,455 DEBUG block.SCMBlockDeletingService (SCMBlockDeletingService.java:call(155)) - Scanned deleted blocks log and got 3 delTX to process.
2019-06-13 21:52:04,455 DEBUG block.SCMBlockDeletingService (SCMBlockDeletingService.java:call(171)) - Added delete block command for datanode 2573df58-4087-4dd0-8598-5abddcc696b9 in the queue, number of delete block transactions: 3, TxID list: 1,2,3
2019-06-13 21:52:04,455 INFO  block.SCMBlockDeletingService (SCMBlockDeletingService.java:call(182)) - Totally added 3 delete blocks command for 1 datanodes, task elapsed time: 0ms
2019-06-13 21:52:04,546 INFO  commands.RetriableDatanodeEventWatcher (RetriableDatanodeEventWatcher.java:onTimeout(47)) - RetriableDatanodeCommand type=deleteBlocksCommand with id=1560462722236 timed out. Retrying.
2019-06-13 21:52:04,546 INFO  commands.RetriableDatanodeEventWatcher (RetriableDatanodeEventWatcher.java:onTimeout(47)) - RetriableDatanodeCommand type=deleteBlocksCommand with id=1560462722246 timed out. Retrying.
2019-06-13 21:52:04,555 DEBUG block.SCMBlockDeletingService (SCMBlockDeletingService.java:call(138)) - Running DeletedBlockTransactionScanner
2019-06-13 21:52:04,556 DEBUG block.SCMBlockDeletingService (SCMBlockDeletingService.java:call(155)) - Scanned deleted blocks log and got 3 delTX to process.
2019-06-13 21:52:04,556 DEBUG block.SCMBlockDeletingService (SCMBlockDeletingService.java:call(171)) - Added delete block command for datanode 2573df58-4087-4dd0-8598-5abddcc696b9 in the queue, number of delete block transactions: 3, TxID list: 1,2,3
2019-06-13 21:52:04,556 INFO  block.SCMBlockDeletingService (SCMBlockDeletingService.java:call(182)) - Totally added 3 delete blocks command for 1 datanodes, task elapsed time: 1ms
2019-06-13 21:52:04,638 INFO  commands.RetriableDatanodeEventWatcher (RetriableDatanodeEventWatcher.java:onTimeout(47)) - RetriableDatanodeCommand type=deleteBlocksCommand with id=1560462722237 timed out. Retrying.
2019-06-13 21:52:04,648 INFO  commands.RetriableDatanodeEventWatcher (RetriableDatanodeEventWatcher.java:onTimeout(47)) - RetriableDatanodeCommand type=deleteBlocksCommand with id=1560462722247 timed out. Retrying.
2019-06-13 21:52:04,656 DEBUG block.SCMBlockDeletingService (SCMBlockDeletingService.java:call(138)) - Running DeletedBlockTransactionScanner
2019-06-13 21:52:04,656 DEBUG block.SCMBlockDeletingService (SCMBlockDeletingService.java:call(155)) - Scanned deleted blocks log and got 3 delTX to process.
2019-06-13 21:52:04,657 DEBUG block.SCMBlockDeletingService (SCMBlockDeletingService.java:call(171)) - Added delete block command for datanode 2573df58-4087-4dd0-8598-5abddcc696b9 in the queue, number of delete block transactions: 3, TxID list: 1,2,3
2019-06-13 21:52:04,657 INFO  block.SCMBlockDeletingService (SCMBlockDeletingService.java:call(182)) - Totally added 3 delete blocks command for 1 datanodes, task elapsed time: 1ms
2019-06-13 21:52:04,676 INFO  ozone.MiniOzoneClusterImpl (MiniOzoneClusterImpl.java:lambda$waitForClusterToBeReady$0(142)) - Waiting for cluster to be ready. Got 1 of 0 DN Heartbeats.
2019-06-13 21:52:04,739 INFO  commands.RetriableDatanodeEventWatcher (RetriableDatanodeEventWatcher.java:onTimeout(47)) - RetriableDatanodeCommand type=deleteBlocksCommand with id=1560462722238 timed out. Retrying.
2019-06-13 21:52:04,748 INFO  commands.RetriableDatanodeEventWatcher (RetriableDatanodeEventWatcher.java:onTimeout(47)) - RetriableDatanodeCommand type=deleteBlocksCommand with id=1560462722248 timed out. Retrying.
2019-06-13 21:52:04,757 DEBUG block.SCMBlockDeletingService (SCMBlockDeletingService.java:call(138)) - Running DeletedBlockTransactionScanner
2019-06-13 21:52:04,758 DEBUG block.SCMBlockDeletingService (SCMBlockDeletingService.java:call(155)) - Scanned deleted blocks log and got 3 delTX to process.
2019-06-13 21:52:04,758 DEBUG block.SCMBlockDeletingService (SCMBlockDeletingService.java:call(171)) - Added delete block command for datanode 2573df58-4087-4dd0-8598-5abddcc696b9 in the queue, number of delete block transactions: 3, TxID list: 1,2,3
2019-06-13 21:52:04,758 INFO  block.SCMBlockDeletingService (SCMBlockDeletingService.java:call(182)) - Totally added 3 delete blocks command for 1 datanodes, task elapsed time: 1ms
2019-06-13 21:52:04,841 INFO  commands.RetriableDatanodeEventWatcher (RetriableDatanodeEventWatcher.java:onTimeout(47)) - RetriableDatanodeCommand type=deleteBlocksCommand with id=1560462722239 timed out. Retrying.
2019-06-13 21:52:04,849 INFO  commands.RetriableDatanodeEventWatcher (RetriableDatanodeEventWatcher.java:onTimeout(47)) - RetriableDatanodeCommand type=deleteBlocksCommand with id=1560462722249 timed out. Retrying.
2019-06-13 21:52:04,859 DEBUG block.SCMBlockDeletingService (SCMBlockDeletingService.java:call(138)) - Running DeletedBlockTransactionScanner
2019-06-13 21:52:04,859 DEBUG block.SCMBlockDeletingService (SCMBlockDeletingService.java:call(155)) - Scanned deleted blocks log and got 3 delTX to process.
2019-06-13 21:52:04,859 DEBUG block.SCMBlockDeletingService (SCMBlockDeletingService.java:call(171)) - Added delete block command for datanode 2573df58-4087-4dd0-8598-5abddcc696b9 in the queue, number of delete block transactions: 3, TxID list: 1,2,3
2019-06-13 21:52:04,860 INFO  block.SCMBlockDeletingService (SCMBlockDeletingService.java:call(182)) - Totally added 3 delete blocks command for 1 datanodes, task elapsed time: 1ms
2019-06-13 21:52:04,942 INFO  commands.RetriableDatanodeEventWatcher (RetriableDatanodeEventWatcher.java:onTimeout(47)) - RetriableDatanodeCommand type=deleteBlocksCommand with id=1560462722240 timed out. Retrying.
2019-06-13 21:52:04,950 INFO  commands.RetriableDatanodeEventWatcher (RetriableDatanodeEventWatcher.java:onTimeout(47)) - RetriableDatanodeCommand type=deleteBlocksCommand with id=1560462722250 timed out. Retrying.
2019-06-13 21:52:04,960 DEBUG block.SCMBlockDeletingService (SCMBlockDeletingService.java:call(138)) - Running DeletedBlockTransactionScanner
2019-06-13 21:52:04,960 DEBUG block.SCMBlockDeletingService (SCMBlockDeletingService.java:call(155)) - Scanned deleted blocks log and got 3 delTX to process.
2019-06-13 21:52:04,960 DEBUG block.SCMBlockDeletingService (SCMBlockDeletingService.java:call(171)) - Added delete block command for datanode 2573df58-4087-4dd0-8598-5abddcc696b9 in the queue, number of delete block transactions: 3, TxID list: 1,2,3
2019-06-13 21:52:04,961 INFO  block.SCMBlockDeletingService (SCMBlockDeletingService.java:call(182)) - Totally added 3 delete blocks command for 1 datanodes, task elapsed time: 1ms
2019-06-13 21:52:05,043 INFO  commands.RetriableDatanodeEventWatcher (RetriableDatanodeEventWatcher.java:onTimeout(47)) - RetriableDatanodeCommand type=deleteBlocksCommand with id=1560462722241 timed out. Retrying.
2019-06-13 21:52:05,051 INFO  commands.RetriableDatanodeEventWatcher (RetriableDatanodeEventWatcher.java:onTimeout(47)) - RetriableDatanodeCommand type=deleteBlocksCommand with id=1560462722251 timed out. Retrying.
2019-06-13 21:52:05,061 DEBUG block.SCMBlockDeletingService (SCMBlockDeletingService.java:call(138)) - Running DeletedBlockTransactionScanner
2019-06-13 21:52:05,061 DEBUG block.SCMBlockDeletingService (SCMBlockDeletingService.java:call(155)) - Scanned deleted blocks log and got 3 delTX to process.
2019-06-13 21:52:05,062 DEBUG block.SCMBlockDeletingService (SCMBlockDeletingService.java:call(171)) - Added delete block command for datanode 2573df58-4087-4dd0-8598-5abddcc696b9 in the queue, number of delete block transactions: 3, TxID list: 1,2,3
2019-06-13 21:52:05,062 INFO  block.SCMBlockDeletingService (SCMBlockDeletingService.java:call(182)) - Totally added 3 delete blocks command for 1 datanodes, task elapsed time: 1ms
2019-06-13 21:52:05,110 INFO  node.StaleNodeHandler (StaleNodeHandler.java:onMessage(58)) - Datanode 2573df58-4087-4dd0-8598-5abddcc696b9{ip: 192.168.11.218, host: ozone-d4wqq-1121427898, networkLocation: /default-rack, certSerialId: null} moved to stale state. Finalizing its pipelines [PipelineID=7f5c2536-ed89-4233-9ec0-ce3c0447b19c]
2019-06-13 21:52:05,110 INFO  pipeline.SCMPipelineManager (SCMPipelineManager.java:finalizeAndDestroyPipeline(307)) - destroying pipeline:Pipeline[ Id: 7f5c2536-ed89-4233-9ec0-ce3c0447b19c, Nodes: 2573df58-4087-4dd0-8598-5abddcc696b9{ip: 192.168.11.218, host: ozone-d4wqq-1121427898, networkLocation: /default-rack, certSerialId: null}, Type:RATIS, Factor:ONE, State:OPEN]
2019-06-13 21:52:05,111 INFO  pipeline.PipelineStateManager (PipelineStateManager.java:finalizePipeline(123)) - Pipeline Pipeline[ Id: 7f5c2536-ed89-4233-9ec0-ce3c0447b19c, Nodes: 2573df58-4087-4dd0-8598-5abddcc696b9{ip: 192.168.11.218, host: ozone-d4wqq-1121427898, networkLocation: /default-rack, certSerialId: null}, Type:RATIS, Factor:ONE, State:CLOSED] moved to CLOSED state
2019-06-13 21:52:05,142 INFO  commands.RetriableDatanodeEventWatcher (RetriableDatanodeEventWatcher.java:onTimeout(47)) - RetriableDatanodeCommand type=deleteBlocksCommand with id=1560462722242 timed out. Retrying.
2019-06-13 21:52:05,152 INFO  commands.RetriableDatanodeEventWatcher (RetriableDatanodeEventWatcher.java:onTimeout(47)) - RetriableDatanodeCommand type=deleteBlocksCommand with id=1560462722252 timed out. Retrying.
2019-06-13 21:52:05,162 DEBUG block.SCMBlockDeletingService (SCMBlockDeletingService.java:call(138)) - Running DeletedBlockTransactionScanner
2019-06-13 21:52:05,162 DEBUG block.SCMBlockDeletingService (SCMBlockDeletingService.java:call(155)) - Scanned deleted blocks log and got 3 delTX to process.
2019-06-13 21:52:05,162 DEBUG block.SCMBlockDeletingService (SCMBlockDeletingService.java:call(171)) - Added delete block command for datanode 2573df58-4087-4dd0-8598-5abddcc696b9 in the queue, number of delete block transactions: 3, TxID list: 1,2,3
2019-06-13 21:52:05,163 INFO  block.SCMBlockDeletingService (SCMBlockDeletingService.java:call(182)) - Totally added 3 delete blocks command for 1 datanodes, task elapsed time: 1ms
2019-06-13 21:52:05,236 INFO  commands.RetriableDatanodeEventWatcher (RetriableDatanodeEventWatcher.java:onTimeout(47)) - RetriableDatanodeCommand type=deleteBlocksCommand with id=1560462722233 timed out. Retrying.
2019-06-13 21:52:05,244 INFO  commands.RetriableDatanodeEventWatcher (RetriableDatanodeEventWatcher.java:onTimeout(47)) - RetriableDatanodeCommand type=deleteBlocksCommand with id=1560462722243 timed out. Retrying.
2019-06-13 21:52:05,253 INFO  commands.RetriableDatanodeEventWatcher (RetriableDatanodeEventWatcher.java:onTimeout(47)) - RetriableDatanodeCommand type=deleteBlocksCommand with id=1560462722253 timed out. Retrying.
2019-06-13 21:52:05,263 DEBUG block.SCMBlockDeletingService (SCMBlockDeletingService.java:call(138)) - Running DeletedBlockTransactionScanner
2019-06-13 21:52:05,263 DEBUG block.SCMBlockDeletingService (SCMBlockDeletingService.java:call(155)) - Scanned deleted blocks log and got 3 delTX to process.
2019-06-13 21:52:05,263 DEBUG block.SCMBlockDeletingService (SCMBlockDeletingService.java:call(171)) - Added delete block command for datanode 2573df58-4087-4dd0-8598-5abddcc696b9 in the queue, number of delete block transactions: 3, TxID list: 1,2,3
2019-06-13 21:52:05,264 INFO  block.SCMBlockDeletingService (SCMBlockDeletingService.java:call(182)) - Totally added 3 delete blocks command for 1 datanodes, task elapsed time: 1ms
2019-06-13 21:52:05,335 INFO  commands.RetriableDatanodeEventWatcher (RetriableDatanodeEventWatcher.java:onTimeout(47)) - RetriableDatanodeCommand type=deleteBlocksCommand with id=1560462722234 timed out. Retrying.
2019-06-13 21:52:05,345 INFO  commands.RetriableDatanodeEventWatcher (RetriableDatanodeEventWatcher.java:onTimeout(47)) - RetriableDatanodeCommand type=deleteBlocksCommand with id=1560462722244 timed out. Retrying.
2019-06-13 21:52:05,354 INFO  commands.RetriableDatanodeEventWatcher (RetriableDatanodeEventWatcher.java:onTimeout(47)) - RetriableDatanodeCommand type=deleteBlocksCommand with id=1560462722254 timed out. Retrying.
2019-06-13 21:52:05,364 DEBUG block.SCMBlockDeletingService (SCMBlockDeletingService.java:call(138)) - Running DeletedBlockTransactionScanner
2019-06-13 21:52:05,364 DEBUG block.SCMBlockDeletingService (SCMBlockDeletingService.java:call(155)) - Scanned deleted blocks log and got 3 delTX to process.
2019-06-13 21:52:05,364 DEBUG block.SCMBlockDeletingService (SCMBlockDeletingService.java:call(171)) - Added delete block command for datanode 2573df58-4087-4dd0-8598-5abddcc696b9 in the queue, number of delete block transactions: 3, TxID list: 1,2,3
2019-06-13 21:52:05,364 INFO  block.SCMBlockDeletingService (SCMBlockDeletingService.java:call(182)) - Totally added 3 delete blocks command for 1 datanodes, task elapsed time: 0ms
2019-06-13 21:52:05,437 INFO  commands.RetriableDatanodeEventWatcher (RetriableDatanodeEventWatcher.java:onTimeout(47)) - RetriableDatanodeCommand type=deleteBlocksCommand with id=1560462722235 timed out. Retrying.
2019-06-13 21:52:05,446 INFO  commands.RetriableDatanodeEventWatcher (RetriableDatanodeEventWatcher.java:onTimeout(47)) - RetriableDatanodeCommand type=deleteBlocksCommand with id=1560462722245 timed out. Retrying.
2019-06-13 21:52:05,455 INFO  commands.RetriableDatanodeEventWatcher (RetriableDatanodeEventWatcher.java:onTimeout(47)) - RetriableDatanodeCommand type=deleteBlocksCommand with id=1560462722255 timed out. Retrying.
2019-06-13 21:52:05,465 DEBUG block.SCMBlockDeletingService (SCMBlockDeletingService.java:call(138)) - Running DeletedBlockTransactionScanner
2019-06-13 21:52:05,465 DEBUG block.SCMBlockDeletingService (SCMBlockDeletingService.java:call(155)) - Scanned deleted blocks log and got 3 delTX to process.
2019-06-13 21:52:05,465 DEBUG block.SCMBlockDeletingService (SCMBlockDeletingService.java:call(171)) - Added delete block command for datanode 2573df58-4087-4dd0-8598-5abddcc696b9 in the queue, number of delete block transactions: 3, TxID list: 1,2,3
2019-06-13 21:52:05,465 INFO  block.SCMBlockDeletingService (SCMBlockDeletingService.java:call(182)) - Totally added 3 delete blocks command for 1 datanodes, task elapsed time: 0ms
2019-06-13 21:52:05,546 INFO  commands.RetriableDatanodeEventWatcher (RetriableDatanodeEventWatcher.java:onTimeout(47)) - RetriableDatanodeCommand type=deleteBlocksCommand with id=1560462722236 timed out. Retrying.
2019-06-13 21:52:05,546 INFO  commands.RetriableDatanodeEventWatcher (RetriableDatanodeEventWatcher.java:onTimeout(47)) - RetriableDatanodeCommand type=deleteBlocksCommand with id=1560462722246 timed out. Retrying.
2019-06-13 21:52:05,556 INFO  commands.RetriableDatanodeEventWatcher (RetriableDatanodeEventWatcher.java:onTimeout(47)) - RetriableDatanodeCommand type=deleteBlocksCommand with id=1560462722256 timed out. Retrying.
2019-06-13 21:52:05,565 DEBUG block.SCMBlockDeletingService (SCMBlockDeletingService.java:call(138)) - Running DeletedBlockTransactionScanner
2019-06-13 21:52:05,566 DEBUG block.SCMBlockDeletingService (SCMBlockDeletingService.java:call(155)) - Scanned deleted blocks log and got 3 delTX to process.
2019-06-13 21:52:05,566 DEBUG block.SCMBlockDeletingService (SCMBlockDeletingService.java:call(171)) - Added delete block command for datanode 2573df58-4087-4dd0-8598-5abddcc696b9 in the queue, number of delete block transactions: 3, TxID list: 1,2,3
2019-06-13 21:52:05,566 INFO  block.SCMBlockDeletingService (SCMBlockDeletingService.java:call(182)) - Totally added 3 delete blocks command for 1 datanodes, task elapsed time: 1ms
2019-06-13 21:52:05,638 INFO  commands.RetriableDatanodeEventWatcher (RetriableDatanodeEventWatcher.java:onTimeout(47)) - RetriableDatanodeCommand type=deleteBlocksCommand with id=1560462722237 timed out. Retrying.
2019-06-13 21:52:05,649 INFO  commands.RetriableDatanodeEventWatcher (RetriableDatanodeEventWatcher.java:onTimeout(47)) - RetriableDatanodeCommand type=deleteBlocksCommand with id=1560462722247 timed out. Retrying.
2019-06-13 21:52:05,658 INFO  commands.RetriableDatanodeEventWatcher (RetriableDatanodeEventWatcher.java:onTimeout(47)) - RetriableDatanodeCommand type=deleteBlocksCommand with id=1560462722257 timed out. Retrying.
2019-06-13 21:52:05,666 DEBUG block.SCMBlockDeletingService (SCMBlockDeletingService.java:call(138)) - Running DeletedBlockTransactionScanner
2019-06-13 21:52:05,666 DEBUG block.SCMBlockDeletingService (SCMBlockDeletingService.java:call(155)) - Scanned deleted blocks log and got 3 delTX to process.
2019-06-13 21:52:05,667 DEBUG block.SCMBlockDeletingService (SCMBlockDeletingService.java:call(171)) - Added delete block command for datanode 2573df58-4087-4dd0-8598-5abddcc696b9 in the queue, number of delete block transactions: 3, TxID list: 1,2,3
2019-06-13 21:52:05,667 INFO  block.SCMBlockDeletingService (SCMBlockDeletingService.java:call(182)) - Totally added 3 delete blocks command for 1 datanodes, task elapsed time: 1ms
2019-06-13 21:52:05,676 INFO  ozone.MiniOzoneClusterImpl (MiniOzoneClusterImpl.java:lambda$waitForClusterToBeReady$0(142)) - Cluster is ready. Got 0 of 0 DN Heartbeats.
2019-06-13 21:52:05,678 INFO  impl.MetricsSystemImpl (MetricsSystemImpl.java:init(158)) - HddsDatanode metrics system started (again)
2019-06-13 21:52:05,700 INFO  ozone.HddsDatanodeService (HddsDatanodeService.java:start(185)) - HddsDatanodeService host:ozone-d4wqq-1121427898 ip:192.168.11.218
2019-06-13 21:52:05,702 INFO  volume.VolumeUsage (VolumeUsage.java:loadScmUsed(144)) - Cached ScmUsed found for /opt/src/hadoop-ozone/integration-test/target/test-dir/MiniOzoneClusterImpl-8578056e-9b7b-4e66-9e9f-ef53d5cd7c03/datanode-0/data/containers : 4096 
2019-06-13 21:52:05,703 INFO  volume.HddsVolume (HddsVolume.java:<init>(176)) - Creating Volume: /opt/src/hadoop-ozone/integration-test/target/test-dir/MiniOzoneClusterImpl-8578056e-9b7b-4e66-9e9f-ef53d5cd7c03/datanode-0/data/containers/hdds of  storage type : DISK and capacity : 104021790720
2019-06-13 21:52:05,703 INFO  volume.VolumeSet (VolumeSet.java:initializeVolumeSet(170)) - Added Volume : /opt/src/hadoop-ozone/integration-test/target/test-dir/MiniOzoneClusterImpl-8578056e-9b7b-4e66-9e9f-ef53d5cd7c03/datanode-0/data/containers/hdds to VolumeSet
2019-06-13 21:52:05,703 INFO  volume.ThrottledAsyncChecker (ThrottledAsyncChecker.java:schedule(140)) - Scheduling a check for org.apache.hadoop.ozone.container.common.volume.HddsVolume@798cb6d9
2019-06-13 21:52:05,704 INFO  volume.HddsVolumeChecker (HddsVolumeChecker.java:checkAllVolumes(203)) - Scheduled health check for volume org.apache.hadoop.ozone.container.common.volume.HddsVolume@798cb6d9
2019-06-13 21:52:05,739 INFO  commands.RetriableDatanodeEventWatcher (RetriableDatanodeEventWatcher.java:onTimeout(47)) - RetriableDatanodeCommand type=deleteBlocksCommand with id=1560462722238 timed out. Retrying.
2019-06-13 21:52:05,749 INFO  commands.RetriableDatanodeEventWatcher (RetriableDatanodeEventWatcher.java:onTimeout(47)) - RetriableDatanodeCommand type=deleteBlocksCommand with id=1560462722248 timed out. Retrying.
2019-06-13 21:52:05,758 INFO  commands.RetriableDatanodeEventWatcher (RetriableDatanodeEventWatcher.java:onTimeout(47)) - RetriableDatanodeCommand type=deleteBlocksCommand with id=1560462722258 timed out. Retrying.
2019-06-13 21:52:05,766 INFO  impl.RaftServerProxy (ConfUtils.java:logGet(43)) - raft.rpc.type = GRPC (default)
2019-06-13 21:52:05,766 INFO  grpc.GrpcConfigKeys$Server (ConfUtils.java:logGet(43)) - raft.grpc.server.port = 35061 (custom)
2019-06-13 21:52:05,766 INFO  server.GrpcService (ConfUtils.java:logGet(43)) - raft.grpc.message.size.max = 33570816 (custom)
2019-06-13 21:52:05,766 INFO  server.RaftServerConfigKeys (ConfUtils.java:logGet(43)) - raft.server.log.appender.buffer.byte-limit = 33554432 (custom)
2019-06-13 21:52:05,766 INFO  server.GrpcService (ConfUtils.java:logGet(43)) - raft.grpc.flow.control.window = 1MB (=1048576) (default)
2019-06-13 21:52:05,767 INFO  server.RaftServerConfigKeys (ConfUtils.java:logGet(43)) - raft.server.rpc.request.timeout = 3000ms (default)
2019-06-13 21:52:05,767 DEBUG block.SCMBlockDeletingService (SCMBlockDeletingService.java:call(138)) - Running DeletedBlockTransactionScanner
2019-06-13 21:52:05,767 INFO  server.RaftServerConfigKeys (ConfUtils.java:logGet(43)) - raft.server.storage.dir = [/opt/src/hadoop-ozone/integration-test/target/test-dir/MiniOzoneClusterImpl-8578056e-9b7b-4e66-9e9f-ef53d5cd7c03/datanode-0/data/ratis] (custom)
2019-06-13 21:52:05,767 DEBUG block.SCMBlockDeletingService (SCMBlockDeletingService.java:call(155)) - Scanned deleted blocks log and got 3 delTX to process.
2019-06-13 21:52:05,767 DEBUG block.SCMBlockDeletingService (SCMBlockDeletingService.java:call(171)) - Added delete block command for datanode 2573df58-4087-4dd0-8598-5abddcc696b9 in the queue, number of delete block transactions: 3, TxID list: 1,2,3
2019-06-13 21:52:05,767 INFO  impl.RaftServerProxy (RaftServerProxy.java:lambda$null$0(191)) - 2573df58-4087-4dd0-8598-5abddcc696b9: found a subdirectory /opt/src/hadoop-ozone/integration-test/target/test-dir/MiniOzoneClusterImpl-8578056e-9b7b-4e66-9e9f-ef53d5cd7c03/datanode-0/data/ratis/7f5c2536-ed89-4233-9ec0-ce3c0447b19c
2019-06-13 21:52:05,768 INFO  block.SCMBlockDeletingService (SCMBlockDeletingService.java:call(182)) - Totally added 3 delete blocks command for 1 datanodes, task elapsed time: 1ms
2019-06-13 21:52:05,768 INFO  impl.RaftServerProxy (RaftServerProxy.java:addNew(89)) - 2573df58-4087-4dd0-8598-5abddcc696b9: addNew group-CE3C0447B19C:[] returns group-CE3C0447B19C:java.util.concurrent.CompletableFuture@3d3a1903[Not completed]
2019-06-13 21:52:05,769 INFO  replication.SimpleContainerDownloader (SimpleContainerDownloader.java:<init>(72)) - Starting container downloader service to copy containers to replicate.
2019-06-13 21:52:05,770 INFO  impl.RaftServerImpl (RaftServerImpl.java:<init>(91)) - 2573df58-4087-4dd0-8598-5abddcc696b9: new RaftServerImpl for group-CE3C0447B19C:[] with ContainerStateMachine:uninitialized
2019-06-13 21:52:05,770 INFO  server.RaftServerConfigKeys (ConfUtils.java:logGet(43)) - raft.server.rpc.timeout.min = 1s (custom)
2019-06-13 21:52:05,770 INFO  server.RaftServerConfigKeys (ConfUtils.java:logGet(43)) - raft.server.rpc.timeout.max = 1200ms (custom)
2019-06-13 21:52:05,770 INFO  server.RaftServerConfigKeys (ConfUtils.java:logGet(43)) - raft.server.rpcslowness.timeout = 120s (custom)
2019-06-13 21:52:05,771 INFO  server.RaftServerConfigKeys (ConfUtils.java:logGet(43)) - raft.server.log.appender.install.snapshot.enabled = true (default)
2019-06-13 21:52:05,771 INFO  impl.RaftServerImpl (ServerState.java:<init>(101)) - 2573df58-4087-4dd0-8598-5abddcc696b9:group-CE3C0447B19C ConfigurationManager, init=-1: [], old=null, confs=<EMPTY_MAP>
2019-06-13 21:52:05,771 INFO  server.RaftServerConfigKeys (ConfUtils.java:logGet(43)) - raft.server.storage.dir = [/opt/src/hadoop-ozone/integration-test/target/test-dir/MiniOzoneClusterImpl-8578056e-9b7b-4e66-9e9f-ef53d5cd7c03/datanode-0/data/ratis] (custom)
2019-06-13 21:52:05,775 INFO  storage.RaftStorageDirectory (RaftStorageDirectory.java:tryLock(328)) - Lock on /opt/src/hadoop-ozone/integration-test/target/test-dir/MiniOzoneClusterImpl-8578056e-9b7b-4e66-9e9f-ef53d5cd7c03/datanode-0/data/ratis/7f5c2536-ed89-4233-9ec0-ce3c0447b19c/in_use.lock acquired by nodename 30252@ozone-d4wqq-1121427898
2019-06-13 21:52:05,778 INFO  ratis.ContainerStateMachine (ContainerStateMachine.java:loadSnapshot(209)) - Setting the last applied index to (t:1, i:7227)
2019-06-13 21:52:05,780 INFO  impl.RaftServerImpl (ServerState.java:setRaftConf(361)) - 2573df58-4087-4dd0-8598-5abddcc696b9:group-CE3C0447B19C set configuration 0: [2573df58-4087-4dd0-8598-5abddcc696b9:192.168.11.218:35061], old=null at 0
2019-06-13 21:52:05,780 INFO  server.RaftServerConfigKeys (ConfUtils.java:logGet(43)) - raft.server.leader.election.timeout = 120s (custom)
2019-06-13 21:52:05,780 INFO  server.RaftServerConfigKeys (ConfUtils.java:logGet(43)) - raft.server.log.use.memory = false (default)
2019-06-13 21:52:05,780 INFO  server.RaftServerConfigKeys (ConfUtils.java:logGet(43)) - raft.server.log.appender.buffer.byte-limit = 33554432 (custom)
2019-06-13 21:52:05,780 INFO  server.RaftServerConfigKeys (ConfUtils.java:logGet(43)) - raft.server.log.segment.size.max = 16384 (custom)
2019-06-13 21:52:05,780 INFO  server.RaftServerConfigKeys (ConfUtils.java:logGet(43)) - raft.server.log.segment.cache.num.max = 2 (custom)
2019-06-13 21:52:05,780 INFO  storage.RaftLogWorker (RaftLogWorker.java:<init>(123)) - new 2573df58-4087-4dd0-8598-5abddcc696b9-RaftLogWorker for Storage Directory /opt/src/hadoop-ozone/integration-test/target/test-dir/MiniOzoneClusterImpl-8578056e-9b7b-4e66-9e9f-ef53d5cd7c03/datanode-0/data/ratis/7f5c2536-ed89-4233-9ec0-ce3c0447b19c
2019-06-13 21:52:05,780 INFO  server.RaftServerConfigKeys (ConfUtils.java:logGet(43)) - raft.server.log.queue.byte-limit = 2147483647 (custom)
2019-06-13 21:52:05,780 INFO  server.RaftServerConfigKeys (ConfUtils.java:logGet(43)) - raft.server.log.queue.element-limit = 1024 (custom)
2019-06-13 21:52:05,780 INFO  server.RaftServerConfigKeys (ConfUtils.java:logGet(43)) - raft.server.log.segment.size.max = 16384 (custom)
2019-06-13 21:52:05,780 INFO  server.RaftServerConfigKeys (ConfUtils.java:logGet(43)) - raft.server.log.preallocated.size = 16384 (custom)
2019-06-13 21:52:05,780 INFO  server.RaftServerConfigKeys (ConfUtils.java:logGet(43)) - raft.server.log.write.buffer.size = 33554432 (custom)
2019-06-13 21:52:05,780 INFO  server.RaftServerConfigKeys (ConfUtils.java:logGet(43)) - raft.server.log.force.sync.num = 128 (default)
2019-06-13 21:52:05,781 INFO  server.RaftServerConfigKeys (ConfUtils.java:logGet(43)) - raft.server.log.statemachine.data.sync = true (default)
2019-06-13 21:52:05,781 INFO  server.RaftServerConfigKeys (ConfUtils.java:logGet(43)) - raft.server.log.statemachine.data.sync.timeout = 10s (default)
2019-06-13 21:52:05,781 INFO  server.RaftServerConfigKeys (ConfUtils.java:logGet(43)) - raft.server.log.statemachine.data.sync.timeout.retry = -1 (default)
2019-06-13 21:52:05,781 INFO  server.RaftServerConfigKeys (ConfUtils.java:logGet(43)) - raft.server.log.statemachine.data.caching.enabled = true (custom)
2019-06-13 21:52:05,785 INFO  storage.LogSegment (LogSegment.java:loadSegment(143)) - Successfully read 52 entries from segment file /opt/src/hadoop-ozone/integration-test/target/test-dir/MiniOzoneClusterImpl-8578056e-9b7b-4e66-9e9f-ef53d5cd7c03/datanode-0/data/ratis/7f5c2536-ed89-4233-9ec0-ce3c0447b19c/current/log_inprogress_7177
2019-06-13 21:52:05,804 INFO  hdfs.DFSUtil (DFSUtil.java:httpServerTemplateForNNAndJN(1641)) - Starting Web-server for hddsDatanode at: http://0.0.0.0:45953
2019-06-13 21:52:05,805 INFO  server.AuthenticationFilter (AuthenticationFilter.java:constructSecretProvider(240)) - Unable to initialize FileSignerSecretProvider, falling back to use random secrets.
2019-06-13 21:52:05,806 WARN  http.HttpRequestLog (HttpRequestLog.java:getRequestLog(97)) - Jetty request log can only be enabled using Log4j
2019-06-13 21:52:05,808 INFO  http.HttpServer2 (HttpServer2.java:addGlobalFilter(975)) - Added global filter 'safety' (class=org.apache.hadoop.http.HttpServer2$QuotingInputFilter)
2019-06-13 21:52:05,809 INFO  http.HttpServer2 (HttpServer2.java:addFilter(948)) - Added filter static_user_filter (class=org.apache.hadoop.http.lib.StaticUserWebFilter$StaticUserFilter) to context hddsDatanode
2019-06-13 21:52:05,809 INFO  http.HttpServer2 (HttpServer2.java:addFilter(958)) - Added filter static_user_filter (class=org.apache.hadoop.http.lib.StaticUserWebFilter$StaticUserFilter) to context static
2019-06-13 21:52:05,809 INFO  http.HttpServer2 (HttpServer2.java:addFilter(958)) - Added filter static_user_filter (class=org.apache.hadoop.http.lib.StaticUserWebFilter$StaticUserFilter) to context logs
2019-06-13 21:52:05,810 INFO  http.HttpServer2 (HttpServer2.java:bindListener(1191)) - Jetty bound to port 45953
2019-06-13 21:52:05,810 INFO  server.Server (Server.java:doStart(351)) - jetty-9.3.24.v20180605, build timestamp: 2018-06-05T17:11:56Z, git hash: 84205aa28f11a4f31f2a3b86d1bba2cc8ab69827
2019-06-13 21:52:05,819 INFO  handler.ContextHandler (ContextHandler.java:doStart(781)) - Started o.e.j.s.ServletContextHandler@39549f33{/logs,file:///opt/src/hadoop-ozone/integration-test/target/log,AVAILABLE}
2019-06-13 21:52:05,819 INFO  handler.ContextHandler (ContextHandler.java:doStart(781)) - Started o.e.j.s.ServletContextHandler@7a83ccd2{/static,jar:file:/root/.m2/repository/org/apache/hadoop/hadoop-hdds-container-service/0.5.0-SNAPSHOT/hadoop-hdds-container-service-0.5.0-SNAPSHOT.jar!/webapps/static,AVAILABLE}
2019-06-13 21:52:05,823 INFO  storage.RaftLog (RaftLog.java:lambda$new$0(59)) - 2573df58-4087-4dd0-8598-5abddcc696b9: commitIndex: updateToMax old=7227, new=7227, updated? false
2019-06-13 21:52:05,823 INFO  server.RaftServerConfigKeys (ConfUtils.java:logGet(43)) - raft.server.snapshot.auto.trigger.enabled = true (custom)
2019-06-13 21:52:05,823 INFO  server.RaftServerConfigKeys (ConfUtils.java:logGet(43)) - raft.server.snapshot.auto.trigger.threshold = 10000 (custom)
2019-06-13 21:52:05,824 INFO  server.RaftServerConfigKeys (ConfUtils.java:logGet(43)) - raft.server.retrycache.expirytime = 600000ms (custom)
2019-06-13 21:52:05,842 INFO  commands.RetriableDatanodeEventWatcher (RetriableDatanodeEventWatcher.java:onTimeout(47)) - RetriableDatanodeCommand type=deleteBlocksCommand with id=1560462722239 timed out. Retrying.
2019-06-13 21:52:05,847 INFO  handler.ContextHandler (ContextHandler.java:doStart(781)) - Started o.e.j.w.WebAppContext@626e0c86{/,file:///tmp/jetty-0.0.0.0-45953-hddsDatanode-_-any-7180236667845507504.dir/webapp/,AVAILABLE}{/hddsDatanode}
2019-06-13 21:52:05,848 INFO  server.AbstractConnector (AbstractConnector.java:doStart(278)) - Started ServerConnector@28ee0a3c{HTTP/1.1,[http/1.1]}{0.0.0.0:45953}
2019-06-13 21:52:05,849 INFO  server.Server (Server.java:doStart(419)) - Started @51238ms
2019-06-13 21:52:05,849 INFO  commands.RetriableDatanodeEventWatcher (RetriableDatanodeEventWatcher.java:onTimeout(47)) - RetriableDatanodeCommand type=deleteBlocksCommand with id=1560462722249 timed out. Retrying.
2019-06-13 21:52:05,860 INFO  commands.RetriableDatanodeEventWatcher (RetriableDatanodeEventWatcher.java:onTimeout(47)) - RetriableDatanodeCommand type=deleteBlocksCommand with id=1560462722259 timed out. Retrying.
2019-06-13 21:52:05,868 DEBUG block.SCMBlockDeletingService (SCMBlockDeletingService.java:call(138)) - Running DeletedBlockTransactionScanner
2019-06-13 21:52:05,868 DEBUG block.SCMBlockDeletingService (SCMBlockDeletingService.java:call(155)) - Scanned deleted blocks log and got 3 delTX to process.
2019-06-13 21:52:05,869 DEBUG block.SCMBlockDeletingService (SCMBlockDeletingService.java:call(171)) - Added delete block command for datanode 2573df58-4087-4dd0-8598-5abddcc696b9 in the queue, number of delete block transactions: 3, TxID list: 1,2,3
2019-06-13 21:52:05,869 INFO  block.SCMBlockDeletingService (SCMBlockDeletingService.java:call(182)) - Totally added 3 delete blocks command for 1 datanodes, task elapsed time: 1ms
2019-06-13 21:52:05,878 INFO  server.BaseHttpServer (BaseHttpServer.java:updateConnectorAddress(207)) - HTTP server of HDDSDATANODE is listening at http://0.0.0.0:45953
2019-06-13 21:52:05,943 INFO  commands.RetriableDatanodeEventWatcher (RetriableDatanodeEventWatcher.java:onTimeout(47)) - RetriableDatanodeCommand type=deleteBlocksCommand with id=1560462722240 timed out. Retrying.
2019-06-13 21:52:05,950 INFO  commands.RetriableDatanodeEventWatcher (RetriableDatanodeEventWatcher.java:onTimeout(47)) - RetriableDatanodeCommand type=deleteBlocksCommand with id=1560462722250 timed out. Retrying.
2019-06-13 21:52:05,960 INFO  commands.RetriableDatanodeEventWatcher (RetriableDatanodeEventWatcher.java:onTimeout(47)) - RetriableDatanodeCommand type=deleteBlocksCommand with id=1560462722260 timed out. Retrying.
2019-06-13 21:52:05,969 DEBUG block.SCMBlockDeletingService (SCMBlockDeletingService.java:call(138)) - Running DeletedBlockTransactionScanner
2019-06-13 21:52:05,969 DEBUG block.SCMBlockDeletingService (SCMBlockDeletingService.java:call(155)) - Scanned deleted blocks log and got 3 delTX to process.
2019-06-13 21:52:05,970 DEBUG block.SCMBlockDeletingService (SCMBlockDeletingService.java:call(171)) - Added delete block command for datanode 2573df58-4087-4dd0-8598-5abddcc696b9 in the queue, number of delete block transactions: 3, TxID list: 1,2,3
2019-06-13 21:52:05,970 INFO  block.SCMBlockDeletingService (SCMBlockDeletingService.java:call(182)) - Totally added 3 delete blocks command for 1 datanodes, task elapsed time: 1ms
2019-06-13 21:52:06,003 INFO  ozone.HddsDatanodeService (HddsDatanodeService.java:startPlugins(396)) - Started plug-in org.apache.hadoop.ozone.web.OzoneHddsDatanodeService@3312f4f4
2019-06-13 21:52:06,003 INFO  ozone.MiniOzoneClusterImpl (MiniOzoneClusterImpl.java:lambda$waitForClusterToBeReady$0(142)) - Waiting for cluster to be ready. Got 0 of 1 DN Heartbeats.
2019-06-13 21:52:06,007 INFO  util.JvmPauseMonitor (JvmPauseMonitor.java:run(188)) - Starting JVM pause monitor
2019-06-13 21:52:06,043 INFO  commands.RetriableDatanodeEventWatcher (RetriableDatanodeEventWatcher.java:onTimeout(47)) - RetriableDatanodeCommand type=deleteBlocksCommand with id=1560462722241 timed out. Retrying.
2019-06-13 21:52:06,051 INFO  commands.RetriableDatanodeEventWatcher (RetriableDatanodeEventWatcher.java:onTimeout(47)) - RetriableDatanodeCommand type=deleteBlocksCommand with id=1560462722251 timed out. Retrying.
2019-06-13 21:52:06,061 INFO  commands.RetriableDatanodeEventWatcher (RetriableDatanodeEventWatcher.java:onTimeout(47)) - RetriableDatanodeCommand type=deleteBlocksCommand with id=1560462722261 timed out. Retrying.
2019-06-13 21:52:06,070 DEBUG block.SCMBlockDeletingService (SCMBlockDeletingService.java:call(138)) - Running DeletedBlockTransactionScanner
2019-06-13 21:52:06,070 DEBUG block.SCMBlockDeletingService (SCMBlockDeletingService.java:call(155)) - Scanned deleted blocks log and got 3 delTX to process.
2019-06-13 21:52:06,070 DEBUG block.SCMBlockDeletingService (SCMBlockDeletingService.java:call(171)) - Added delete block command for datanode 2573df58-4087-4dd0-8598-5abddcc696b9 in the queue, number of delete block transactions: 3, TxID list: 1,2,3
2019-06-13 21:52:06,071 INFO  block.SCMBlockDeletingService (SCMBlockDeletingService.java:call(182)) - Totally added 3 delete blocks command for 1 datanodes, task elapsed time: 1ms
2019-06-13 21:52:06,142 INFO  commands.RetriableDatanodeEventWatcher (RetriableDatanodeEventWatcher.java:onTimeout(47)) - RetriableDatanodeCommand type=deleteBlocksCommand with id=1560462722242 timed out. Retrying.
2019-06-13 21:52:06,152 INFO  commands.RetriableDatanodeEventWatcher (RetriableDatanodeEventWatcher.java:onTimeout(47)) - RetriableDatanodeCommand type=deleteBlocksCommand with id=1560462722252 timed out. Retrying.
2019-06-13 21:52:06,162 INFO  commands.RetriableDatanodeEventWatcher (RetriableDatanodeEventWatcher.java:onTimeout(47)) - RetriableDatanodeCommand type=deleteBlocksCommand with id=1560462722262 timed out. Retrying.
2019-06-13 21:52:06,171 DEBUG block.SCMBlockDeletingService (SCMBlockDeletingService.java:call(138)) - Running DeletedBlockTransactionScanner
2019-06-13 21:52:06,171 DEBUG block.SCMBlockDeletingService (SCMBlockDeletingService.java:call(155)) - Scanned deleted blocks log and got 3 delTX to process.
2019-06-13 21:52:06,171 DEBUG block.SCMBlockDeletingService (SCMBlockDeletingService.java:call(171)) - Added delete block command for datanode 2573df58-4087-4dd0-8598-5abddcc696b9 in the queue, number of delete block transactions: 3, TxID list: 1,2,3
2019-06-13 21:52:06,171 INFO  block.SCMBlockDeletingService (SCMBlockDeletingService.java:call(182)) - Totally added 3 delete blocks command for 1 datanodes, task elapsed time: 1ms
2019-06-13 21:52:06,236 INFO  commands.RetriableDatanodeEventWatcher (RetriableDatanodeEventWatcher.java:onTimeout(47)) - RetriableDatanodeCommand type=deleteBlocksCommand with id=1560462722233 timed out. Retrying.
2019-06-13 21:52:06,244 INFO  commands.RetriableDatanodeEventWatcher (RetriableDatanodeEventWatcher.java:onTimeout(47)) - RetriableDatanodeCommand type=deleteBlocksCommand with id=1560462722243 timed out. Retrying.
2019-06-13 21:52:06,253 INFO  commands.RetriableDatanodeEventWatcher (RetriableDatanodeEventWatcher.java:onTimeout(47)) - RetriableDatanodeCommand type=deleteBlocksCommand with id=1560462722253 timed out. Retrying.
2019-06-13 21:52:06,263 INFO  commands.RetriableDatanodeEventWatcher (RetriableDatanodeEventWatcher.java:onTimeout(47)) - RetriableDatanodeCommand type=deleteBlocksCommand with id=1560462722263 timed out. Retrying.
2019-06-13 21:52:06,272 DEBUG block.SCMBlockDeletingService (SCMBlockDeletingService.java:call(138)) - Running DeletedBlockTransactionScanner
2019-06-13 21:52:06,272 DEBUG block.SCMBlockDeletingService (SCMBlockDeletingService.java:call(155)) - Scanned deleted blocks log and got 3 delTX to process.
2019-06-13 21:52:06,272 DEBUG block.SCMBlockDeletingService (SCMBlockDeletingService.java:call(171)) - Added delete block command for datanode 2573df58-4087-4dd0-8598-5abddcc696b9 in the queue, number of delete block transactions: 3, TxID list: 1,2,3
2019-06-13 21:52:06,272 INFO  block.SCMBlockDeletingService (SCMBlockDeletingService.java:call(182)) - Totally added 3 delete blocks command for 1 datanodes, task elapsed time: 0ms
2019-06-13 21:52:06,336 INFO  commands.RetriableDatanodeEventWatcher (RetriableDatanodeEventWatcher.java:onTimeout(47)) - RetriableDatanodeCommand type=deleteBlocksCommand with id=1560462722234 timed out. Retrying.
2019-06-13 21:52:06,345 INFO  commands.RetriableDatanodeEventWatcher (RetriableDatanodeEventWatcher.java:onTimeout(47)) - RetriableDatanodeCommand type=deleteBlocksCommand with id=1560462722244 timed out. Retrying.
2019-06-13 21:52:06,354 INFO  commands.RetriableDatanodeEventWatcher (RetriableDatanodeEventWatcher.java:onTimeout(47)) - RetriableDatanodeCommand type=deleteBlocksCommand with id=1560462722254 timed out. Retrying.
2019-06-13 21:52:06,364 INFO  commands.RetriableDatanodeEventWatcher (RetriableDatanodeEventWatcher.java:onTimeout(47)) - RetriableDatanodeCommand type=deleteBlocksCommand with id=1560462722264 timed out. Retrying.
2019-06-13 21:52:06,372 DEBUG block.SCMBlockDeletingService (SCMBlockDeletingService.java:call(138)) - Running DeletedBlockTransactionScanner
2019-06-13 21:52:06,373 DEBUG block.SCMBlockDeletingService (SCMBlockDeletingService.java:call(155)) - Scanned deleted blocks log and got 3 delTX to process.
2019-06-13 21:52:06,373 DEBUG block.SCMBlockDeletingService (SCMBlockDeletingService.java:call(171)) - Added delete block command for datanode 2573df58-4087-4dd0-8598-5abddcc696b9 in the queue, number of delete block transactions: 3, TxID list: 1,2,3
2019-06-13 21:52:06,373 INFO  block.SCMBlockDeletingService (SCMBlockDeletingService.java:call(182)) - Totally added 3 delete blocks command for 1 datanodes, task elapsed time: 0ms
2019-06-13 21:52:06,437 INFO  commands.RetriableDatanodeEventWatcher (RetriableDatanodeEventWatcher.java:onTimeout(47)) - RetriableDatanodeCommand type=deleteBlocksCommand with id=1560462722235 timed out. Retrying.
2019-06-13 21:52:06,446 INFO  commands.RetriableDatanodeEventWatcher (RetriableDatanodeEventWatcher.java:onTimeout(47)) - RetriableDatanodeCommand type=deleteBlocksCommand with id=1560462722245 timed out. Retrying.
2019-06-13 21:52:06,455 INFO  commands.RetriableDatanodeEventWatcher (RetriableDatanodeEventWatcher.java:onTimeout(47)) - RetriableDatanodeCommand type=deleteBlocksCommand with id=1560462722255 timed out. Retrying.
2019-06-13 21:52:06,465 INFO  commands.RetriableDatanodeEventWatcher (RetriableDatanodeEventWatcher.java:onTimeout(47)) - RetriableDatanodeCommand type=deleteBlocksCommand with id=1560462722265 timed out. Retrying.
2019-06-13 21:52:06,473 DEBUG block.SCMBlockDeletingService (SCMBlockDeletingService.java:call(138)) - Running DeletedBlockTransactionScanner
2019-06-13 21:52:06,474 DEBUG block.SCMBlockDeletingService (SCMBlockDeletingService.java:call(155)) - Scanned deleted blocks log and got 3 delTX to process.
2019-06-13 21:52:06,474 DEBUG block.SCMBlockDeletingService (SCMBlockDeletingService.java:call(171)) - Added delete block command for datanode 2573df58-4087-4dd0-8598-5abddcc696b9 in the queue, number of delete block transactions: 3, TxID list: 1,2,3
2019-06-13 21:52:06,474 INFO  block.SCMBlockDeletingService (SCMBlockDeletingService.java:call(182)) - Totally added 3 delete blocks command for 1 datanodes, task elapsed time: 1ms
2019-06-13 21:52:06,546 INFO  commands.RetriableDatanodeEventWatcher (RetriableDatanodeEventWatcher.java:onTimeout(47)) - RetriableDatanodeCommand type=deleteBlocksCommand with id=1560462722236 timed out. Retrying.
2019-06-13 21:52:06,547 INFO  commands.RetriableDatanodeEventWatcher (RetriableDatanodeEventWatcher.java:onTimeout(47)) - RetriableDatanodeCommand type=deleteBlocksCommand with id=1560462722246 timed out. Retrying.
2019-06-13 21:52:06,556 INFO  commands.RetriableDatanodeEventWatcher (RetriableDatanodeEventWatcher.java:onTimeout(47)) - RetriableDatanodeCommand type=deleteBlocksCommand with id=1560462722256 timed out. Retrying.
2019-06-13 21:52:06,566 INFO  commands.RetriableDatanodeEventWatcher (RetriableDatanodeEventWatcher.java:onTimeout(47)) - RetriableDatanodeCommand type=deleteBlocksCommand with id=1560462722266 timed out. Retrying.
2019-06-13 21:52:06,574 DEBUG block.SCMBlockDeletingService (SCMBlockDeletingService.java:call(138)) - Running DeletedBlockTransactionScanner
2019-06-13 21:52:06,575 DEBUG block.SCMBlockDeletingService (SCMBlockDeletingService.java:call(155)) - Scanned deleted blocks log and got 3 delTX to process.
2019-06-13 21:52:06,575 DEBUG block.SCMBlockDeletingService (SCMBlockDeletingService.java:call(171)) - Added delete block command for datanode 2573df58-4087-4dd0-8598-5abddcc696b9 in the queue, number of delete block transactions: 3, TxID list: 1,2,3
2019-06-13 21:52:06,575 INFO  block.SCMBlockDeletingService (SCMBlockDeletingService.java:call(182)) - Totally added 3 delete blocks command for 1 datanodes, task elapsed time: 1ms
2019-06-13 21:52:06,638 INFO  commands.RetriableDatanodeEventWatcher (RetriableDatanodeEventWatcher.java:onTimeout(47)) - RetriableDatanodeCommand type=deleteBlocksCommand with id=1560462722237 timed out. Retrying.
2019-06-13 21:52:06,649 INFO  commands.RetriableDatanodeEventWatcher (RetriableDatanodeEventWatcher.java:onTimeout(47)) - RetriableDatanodeCommand type=deleteBlocksCommand with id=1560462722247 timed out. Retrying.
2019-06-13 21:52:06,658 INFO  commands.RetriableDatanodeEventWatcher (RetriableDatanodeEventWatcher.java:onTimeout(47)) - RetriableDatanodeCommand type=deleteBlocksCommand with id=1560462722257 timed out. Retrying.
2019-06-13 21:52:06,667 INFO  commands.RetriableDatanodeEventWatcher (RetriableDatanodeEventWatcher.java:onTimeout(47)) - RetriableDatanodeCommand type=deleteBlocksCommand with id=1560462722267 timed out. Retrying.
2019-06-13 21:52:06,675 DEBUG block.SCMBlockDeletingService (SCMBlockDeletingService.java:call(138)) - Running DeletedBlockTransactionScanner
2019-06-13 21:52:06,675 DEBUG block.SCMBlockDeletingService (SCMBlockDeletingService.java:call(155)) - Scanned deleted blocks log and got 3 delTX to process.
2019-06-13 21:52:06,676 DEBUG block.SCMBlockDeletingService (SCMBlockDeletingService.java:call(171)) - Added delete block command for datanode 2573df58-4087-4dd0-8598-5abddcc696b9 in the queue, number of delete block transactions: 3, TxID list: 1,2,3
2019-06-13 21:52:06,676 INFO  block.SCMBlockDeletingService (SCMBlockDeletingService.java:call(182)) - Totally added 3 delete blocks command for 1 datanodes, task elapsed time: 1ms
2019-06-13 21:52:06,739 INFO  commands.RetriableDatanodeEventWatcher (RetriableDatanodeEventWatcher.java:onTimeout(47)) - RetriableDatanodeCommand type=deleteBlocksCommand with id=1560462722238 timed out. Retrying.
2019-06-13 21:52:06,749 INFO  commands.RetriableDatanodeEventWatcher (RetriableDatanodeEventWatcher.java:onTimeout(47)) - RetriableDatanodeCommand type=deleteBlocksCommand with id=1560462722248 timed out. Retrying.
2019-06-13 21:52:06,759 INFO  commands.RetriableDatanodeEventWatcher (RetriableDatanodeEventWatcher.java:onTimeout(47)) - RetriableDatanodeCommand type=deleteBlocksCommand with id=1560462722258 timed out. Retrying.
2019-06-13 21:52:06,768 INFO  commands.RetriableDatanodeEventWatcher (RetriableDatanodeEventWatcher.java:onTimeout(47)) - RetriableDatanodeCommand type=deleteBlocksCommand with id=1560462722268 timed out. Retrying.
2019-06-13 21:52:06,776 DEBUG block.SCMBlockDeletingService (SCMBlockDeletingService.java:call(138)) - Running DeletedBlockTransactionScanner
2019-06-13 21:52:06,776 DEBUG block.SCMBlockDeletingService (SCMBlockDeletingService.java:call(155)) - Scanned deleted blocks log and got 3 delTX to process.
2019-06-13 21:52:06,776 DEBUG block.SCMBlockDeletingService (SCMBlockDeletingService.java:call(171)) - Added delete block command for datanode 2573df58-4087-4dd0-8598-5abddcc696b9 in the queue, number of delete block transactions: 3, TxID list: 1,2,3
2019-06-13 21:52:06,777 INFO  block.SCMBlockDeletingService (SCMBlockDeletingService.java:call(182)) - Totally added 3 delete blocks command for 1 datanodes, task elapsed time: 1ms
2019-06-13 21:52:06,843 INFO  commands.RetriableDatanodeEventWatcher (RetriableDatanodeEventWatcher.java:onTimeout(47)) - RetriableDatanodeCommand type=deleteBlocksCommand with id=1560462722239 timed out. Retrying.
2019-06-13 21:52:06,849 INFO  commands.RetriableDatanodeEventWatcher (RetriableDatanodeEventWatcher.java:onTimeout(47)) - RetriableDatanodeCommand type=deleteBlocksCommand with id=1560462722249 timed out. Retrying.
2019-06-13 21:52:06,860 INFO  commands.RetriableDatanodeEventWatcher (RetriableDatanodeEventWatcher.java:onTimeout(47)) - RetriableDatanodeCommand type=deleteBlocksCommand with id=1560462722259 timed out. Retrying.
2019-06-13 21:52:06,869 INFO  commands.RetriableDatanodeEventWatcher (RetriableDatanodeEventWatcher.java:onTimeout(47)) - RetriableDatanodeCommand type=deleteBlocksCommand with id=1560462722269 timed out. Retrying.
2019-06-13 21:52:06,877 DEBUG block.SCMBlockDeletingService (SCMBlockDeletingService.java:call(138)) - Running DeletedBlockTransactionScanner
2019-06-13 21:52:06,877 DEBUG block.SCMBlockDeletingService (SCMBlockDeletingService.java:call(155)) - Scanned deleted blocks log and got 3 delTX to process.
2019-06-13 21:52:06,877 DEBUG block.SCMBlockDeletingService (SCMBlockDeletingService.java:call(171)) - Added delete block command for datanode 2573df58-4087-4dd0-8598-5abddcc696b9 in the queue, number of delete block transactions: 3, TxID list: 1,2,3
2019-06-13 21:52:06,877 INFO  block.SCMBlockDeletingService (SCMBlockDeletingService.java:call(182)) - Totally added 3 delete blocks command for 1 datanodes, task elapsed time: 0ms
2019-06-13 21:52:06,946 INFO  commands.RetriableDatanodeEventWatcher (RetriableDatanodeEventWatcher.java:onTimeout(47)) - RetriableDatanodeCommand type=deleteBlocksCommand with id=1560462722240 timed out. Retrying.
2019-06-13 21:52:06,950 INFO  commands.RetriableDatanodeEventWatcher (RetriableDatanodeEventWatcher.java:onTimeout(47)) - RetriableDatanodeCommand type=deleteBlocksCommand with id=1560462722250 timed out. Retrying.
2019-06-13 21:52:06,961 INFO  commands.RetriableDatanodeEventWatcher (RetriableDatanodeEventWatcher.java:onTimeout(47)) - RetriableDatanodeCommand type=deleteBlocksCommand with id=1560462722260 timed out. Retrying.
2019-06-13 21:52:06,970 INFO  commands.RetriableDatanodeEventWatcher (RetriableDatanodeEventWatcher.java:onTimeout(47)) - RetriableDatanodeCommand type=deleteBlocksCommand with id=1560462722270 timed out. Retrying.
2019-06-13 21:52:06,978 DEBUG block.SCMBlockDeletingService (SCMBlockDeletingService.java:call(138)) - Running DeletedBlockTransactionScanner
2019-06-13 21:52:06,978 DEBUG block.SCMBlockDeletingService (SCMBlockDeletingService.java:call(155)) - Scanned deleted blocks log and got 3 delTX to process.
2019-06-13 21:52:06,978 DEBUG block.SCMBlockDeletingService (SCMBlockDeletingService.java:call(171)) - Added delete block command for datanode 2573df58-4087-4dd0-8598-5abddcc696b9 in the queue, number of delete block transactions: 3, TxID list: 1,2,3
2019-06-13 21:52:06,978 INFO  block.SCMBlockDeletingService (SCMBlockDeletingService.java:call(182)) - Totally added 3 delete blocks command for 1 datanodes, task elapsed time: 0ms
2019-06-13 21:52:07,003 INFO  ozone.MiniOzoneClusterImpl (MiniOzoneClusterImpl.java:lambda$waitForClusterToBeReady$0(142)) - Waiting for cluster to be ready. Got 0 of 1 DN Heartbeats.
2019-06-13 21:52:07,043 INFO  commands.RetriableDatanodeEventWatcher (RetriableDatanodeEventWatcher.java:onTimeout(47)) - RetriableDatanodeCommand type=deleteBlocksCommand with id=1560462722241 timed out. Retrying.
2019-06-13 21:52:07,052 INFO  commands.RetriableDatanodeEventWatcher (RetriableDatanodeEventWatcher.java:onTimeout(47)) - RetriableDatanodeCommand type=deleteBlocksCommand with id=1560462722251 timed out. Retrying.
2019-06-13 21:52:07,061 INFO  commands.RetriableDatanodeEventWatcher (RetriableDatanodeEventWatcher.java:onTimeout(47)) - RetriableDatanodeCommand type=deleteBlocksCommand with id=1560462722261 timed out. Retrying.
2019-06-13 21:52:07,070 INFO  commands.RetriableDatanodeEventWatcher (RetriableDatanodeEventWatcher.java:onTimeout(47)) - RetriableDatanodeCommand type=deleteBlocksCommand with id=1560462722271 timed out. Retrying.
2019-06-13 21:52:07,078 DEBUG block.SCMBlockDeletingService (SCMBlockDeletingService.java:call(138)) - Running DeletedBlockTransactionScanner
2019-06-13 21:52:07,079 DEBUG block.SCMBlockDeletingService (SCMBlockDeletingService.java:call(155)) - Scanned deleted blocks log and got 3 delTX to process.
2019-06-13 21:52:07,079 DEBUG block.SCMBlockDeletingService (SCMBlockDeletingService.java:call(171)) - Added delete block command for datanode 2573df58-4087-4dd0-8598-5abddcc696b9 in the queue, number of delete block transactions: 3, TxID list: 1,2,3
2019-06-13 21:52:07,079 INFO  block.SCMBlockDeletingService (SCMBlockDeletingService.java:call(182)) - Totally added 3 delete blocks command for 1 datanodes, task elapsed time: 1ms
2019-06-13 21:52:07,142 INFO  commands.RetriableDatanodeEventWatcher (RetriableDatanodeEventWatcher.java:onTimeout(47)) - RetriableDatanodeCommand type=deleteBlocksCommand with id=1560462722242 timed out. Retrying.
2019-06-13 21:52:07,152 INFO  commands.RetriableDatanodeEventWatcher (RetriableDatanodeEventWatcher.java:onTimeout(47)) - RetriableDatanodeCommand type=deleteBlocksCommand with id=1560462722252 timed out. Retrying.
2019-06-13 21:52:07,163 INFO  commands.RetriableDatanodeEventWatcher (RetriableDatanodeEventWatcher.java:onTimeout(47)) - RetriableDatanodeCommand type=deleteBlocksCommand with id=1560462722262 timed out. Retrying.
2019-06-13 21:52:07,171 INFO  commands.RetriableDatanodeEventWatcher (RetriableDatanodeEventWatcher.java:onTimeout(47)) - RetriableDatanodeCommand type=deleteBlocksCommand with id=1560462722272 timed out. Retrying.
2019-06-13 21:52:07,179 DEBUG block.SCMBlockDeletingService (SCMBlockDeletingService.java:call(138)) - Running DeletedBlockTransactionScanner
2019-06-13 21:52:07,179 DEBUG block.SCMBlockDeletingService (SCMBlockDeletingService.java:call(155)) - Scanned deleted blocks log and got 3 delTX to process.
2019-06-13 21:52:07,180 DEBUG block.SCMBlockDeletingService (SCMBlockDeletingService.java:call(171)) - Added delete block command for datanode 2573df58-4087-4dd0-8598-5abddcc696b9 in the queue, number of delete block transactions: 3, TxID list: 1,2,3
2019-06-13 21:52:07,180 INFO  block.SCMBlockDeletingService (SCMBlockDeletingService.java:call(182)) - Totally added 3 delete blocks command for 1 datanodes, task elapsed time: 1ms
2019-06-13 21:52:07,237 INFO  commands.RetriableDatanodeEventWatcher (RetriableDatanodeEventWatcher.java:onTimeout(47)) - RetriableDatanodeCommand type=deleteBlocksCommand with id=1560462722233 timed out. Retrying.
2019-06-13 21:52:07,244 INFO  commands.RetriableDatanodeEventWatcher (RetriableDatanodeEventWatcher.java:onTimeout(47)) - RetriableDatanodeCommand type=deleteBlocksCommand with id=1560462722243 timed out. Retrying.
2019-06-13 21:52:07,253 INFO  commands.RetriableDatanodeEventWatcher (RetriableDatanodeEventWatcher.java:onTimeout(47)) - RetriableDatanodeCommand type=deleteBlocksCommand with id=1560462722253 timed out. Retrying.
2019-06-13 21:52:07,264 INFO  commands.RetriableDatanodeEventWatcher (RetriableDatanodeEventWatcher.java:onTimeout(47)) - RetriableDatanodeCommand type=deleteBlocksCommand with id=1560462722263 timed out. Retrying.
2019-06-13 21:52:07,272 INFO  commands.RetriableDatanodeEventWatcher (RetriableDatanodeEventWatcher.java:onTimeout(47)) - RetriableDatanodeCommand type=deleteBlocksCommand with id=1560462722273 timed out. Retrying.
2019-06-13 21:52:07,280 DEBUG block.SCMBlockDeletingService (SCMBlockDeletingService.java:call(138)) - Running DeletedBlockTransactionScanner
2019-06-13 21:52:07,280 DEBUG block.SCMBlockDeletingService (SCMBlockDeletingService.java:call(155)) - Scanned deleted blocks log and got 3 delTX to process.
2019-06-13 21:52:07,280 DEBUG block.SCMBlockDeletingService (SCMBlockDeletingService.java:call(171)) - Added delete block command for datanode 2573df58-4087-4dd0-8598-5abddcc696b9 in the queue, number of delete block transactions: 3, TxID list: 1,2,3
2019-06-13 21:52:07,281 INFO  block.SCMBlockDeletingService (SCMBlockDeletingService.java:call(182)) - Totally added 3 delete blocks command for 1 datanodes, task elapsed time: 1ms
2019-06-13 21:52:07,338 INFO  commands.RetriableDatanodeEventWatcher (RetriableDatanodeEventWatcher.java:onTimeout(47)) - RetriableDatanodeCommand type=deleteBlocksCommand with id=1560462722234 timed out. Retrying.
2019-06-13 21:52:07,345 INFO  commands.RetriableDatanodeEventWatcher (RetriableDatanodeEventWatcher.java:onTimeout(47)) - RetriableDatanodeCommand type=deleteBlocksCommand with id=1560462722244 timed out. Retrying.
2019-06-13 21:52:07,354 INFO  commands.RetriableDatanodeEventWatcher (RetriableDatanodeEventWatcher.java:onTimeout(47)) - RetriableDatanodeCommand type=deleteBlocksCommand with id=1560462722254 timed out. Retrying.
2019-06-13 21:52:07,364 INFO  commands.RetriableDatanodeEventWatcher (RetriableDatanodeEventWatcher.java:onTimeout(47)) - RetriableDatanodeCommand type=deleteBlocksCommand with id=1560462722264 timed out. Retrying.
2019-06-13 21:52:07,373 INFO  commands.RetriableDatanodeEventWatcher (RetriableDatanodeEventWatcher.java:onTimeout(47)) - RetriableDatanodeCommand type=deleteBlocksCommand with id=1560462722274 timed out. Retrying.
2019-06-13 21:52:07,381 DEBUG block.SCMBlockDeletingService (SCMBlockDeletingService.java:call(138)) - Running DeletedBlockTransactionScanner
2019-06-13 21:52:07,381 DEBUG block.SCMBlockDeletingService (SCMBlockDeletingService.java:call(155)) - Scanned deleted blocks log and got 3 delTX to process.
2019-06-13 21:52:07,381 DEBUG block.SCMBlockDeletingService (SCMBlockDeletingService.java:call(171)) - Added delete block command for datanode 2573df58-4087-4dd0-8598-5abddcc696b9 in the queue, number of delete block transactions: 3, TxID list: 1,2,3
2019-06-13 21:52:07,382 INFO  block.SCMBlockDeletingService (SCMBlockDeletingService.java:call(182)) - Totally added 3 delete blocks command for 1 datanodes, task elapsed time: 1ms
2019-06-13 21:52:07,438 INFO  commands.RetriableDatanodeEventWatcher (RetriableDatanodeEventWatcher.java:onTimeout(47)) - RetriableDatanodeCommand type=deleteBlocksCommand with id=1560462722235 timed out. Retrying.
2019-06-13 21:52:07,447 INFO  commands.RetriableDatanodeEventWatcher (RetriableDatanodeEventWatcher.java:onTimeout(47)) - RetriableDatanodeCommand type=deleteBlocksCommand with id=1560462722245 timed out. Retrying.
2019-06-13 21:52:07,455 INFO  commands.RetriableDatanodeEventWatcher (RetriableDatanodeEventWatcher.java:onTimeout(47)) - RetriableDatanodeCommand type=deleteBlocksCommand with id=1560462722255 timed out. Retrying.
2019-06-13 21:52:07,465 INFO  commands.RetriableDatanodeEventWatcher (RetriableDatanodeEventWatcher.java:onTimeout(47)) - RetriableDatanodeCommand type=deleteBlocksCommand with id=1560462722265 timed out. Retrying.
2019-06-13 21:52:07,474 INFO  commands.RetriableDatanodeEventWatcher (RetriableDatanodeEventWatcher.java:onTimeout(47)) - RetriableDatanodeCommand type=deleteBlocksCommand with id=1560462722275 timed out. Retrying.
2019-06-13 21:52:07,482 DEBUG block.SCMBlockDeletingService (SCMBlockDeletingService.java:call(138)) - Running DeletedBlockTransactionScanner
2019-06-13 21:52:07,482 DEBUG block.SCMBlockDeletingService (SCMBlockDeletingService.java:call(155)) - Scanned deleted blocks log and got 3 delTX to process.
2019-06-13 21:52:07,483 DEBUG block.SCMBlockDeletingService (SCMBlockDeletingService.java:call(171)) - Added delete block command for datanode 2573df58-4087-4dd0-8598-5abddcc696b9 in the queue, number of delete block transactions: 3, TxID list: 1,2,3
2019-06-13 21:52:07,483 INFO  block.SCMBlockDeletingService (SCMBlockDeletingService.java:call(182)) - Totally added 3 delete blocks command for 1 datanodes, task elapsed time: 1ms
2019-06-13 21:52:07,546 INFO  commands.RetriableDatanodeEventWatcher (RetriableDatanodeEventWatcher.java:onTimeout(47)) - RetriableDatanodeCommand type=deleteBlocksCommand with id=1560462722236 timed out. Retrying.
2019-06-13 21:52:07,547 INFO  commands.RetriableDatanodeEventWatcher (RetriableDatanodeEventWatcher.java:onTimeout(47)) - RetriableDatanodeCommand type=deleteBlocksCommand with id=1560462722246 timed out. Retrying.
2019-06-13 21:52:07,556 INFO  commands.RetriableDatanodeEventWatcher (RetriableDatanodeEventWatcher.java:onTimeout(47)) - RetriableDatanodeCommand type=deleteBlocksCommand with id=1560462722256 timed out. Retrying.
2019-06-13 21:52:07,566 INFO  commands.RetriableDatanodeEventWatcher (RetriableDatanodeEventWatcher.java:onTimeout(47)) - RetriableDatanodeCommand type=deleteBlocksCommand with id=1560462722266 timed out. Retrying.
2019-06-13 21:52:07,575 INFO  commands.RetriableDatanodeEventWatcher (RetriableDatanodeEventWatcher.java:onTimeout(47)) - RetriableDatanodeCommand type=deleteBlocksCommand with id=1560462722276 timed out. Retrying.
2019-06-13 21:52:07,583 DEBUG block.SCMBlockDeletingService (SCMBlockDeletingService.java:call(138)) - Running DeletedBlockTransactionScanner
2019-06-13 21:52:07,583 DEBUG block.SCMBlockDeletingService (SCMBlockDeletingService.java:call(155)) - Scanned deleted blocks log and got 3 delTX to process.
2019-06-13 21:52:07,583 DEBUG block.SCMBlockDeletingService (SCMBlockDeletingService.java:call(171)) - Added delete block command for datanode 2573df58-4087-4dd0-8598-5abddcc696b9 in the queue, number of delete block transactions: 3, TxID list: 1,2,3
2019-06-13 21:52:07,584 INFO  block.SCMBlockDeletingService (SCMBlockDeletingService.java:call(182)) - Totally added 3 delete blocks command for 1 datanodes, task elapsed time: 1ms
2019-06-13 21:52:07,638 INFO  commands.RetriableDatanodeEventWatcher (RetriableDatanodeEventWatcher.java:onTimeout(47)) - RetriableDatanodeCommand type=deleteBlocksCommand with id=1560462722237 timed out. Retrying.
2019-06-13 21:52:07,649 INFO  commands.RetriableDatanodeEventWatcher (RetriableDatanodeEventWatcher.java:onTimeout(47)) - RetriableDatanodeCommand type=deleteBlocksCommand with id=1560462722247 timed out. Retrying.
2019-06-13 21:52:07,659 INFO  commands.RetriableDatanodeEventWatcher (RetriableDatanodeEventWatcher.java:onTimeout(47)) - RetriableDatanodeCommand type=deleteBlocksCommand with id=1560462722257 timed out. Retrying.
2019-06-13 21:52:07,667 INFO  commands.RetriableDatanodeEventWatcher (RetriableDatanodeEventWatcher.java:onTimeout(47)) - RetriableDatanodeCommand type=deleteBlocksCommand with id=1560462722267 timed out. Retrying.
2019-06-13 21:52:07,676 INFO  commands.RetriableDatanodeEventWatcher (RetriableDatanodeEventWatcher.java:onTimeout(47)) - RetriableDatanodeCommand type=deleteBlocksCommand with id=1560462722277 timed out. Retrying.
2019-06-13 21:52:07,684 DEBUG block.SCMBlockDeletingService (SCMBlockDeletingService.java:call(138)) - Running DeletedBlockTransactionScanner
2019-06-13 21:52:07,684 DEBUG block.SCMBlockDeletingService (SCMBlockDeletingService.java:call(155)) - Scanned deleted blocks log and got 3 delTX to process.
2019-06-13 21:52:07,684 DEBUG block.SCMBlockDeletingService (SCMBlockDeletingService.java:call(171)) - Added delete block command for datanode 2573df58-4087-4dd0-8598-5abddcc696b9 in the queue, number of delete block transactions: 3, TxID list: 1,2,3
2019-06-13 21:52:07,684 INFO  block.SCMBlockDeletingService (SCMBlockDeletingService.java:call(182)) - Totally added 3 delete blocks command for 1 datanodes, task elapsed time: 1ms
2019-06-13 21:52:07,739 INFO  commands.RetriableDatanodeEventWatcher (RetriableDatanodeEventWatcher.java:onTimeout(47)) - RetriableDatanodeCommand type=deleteBlocksCommand with id=1560462722238 timed out. Retrying.
2019-06-13 21:52:07,749 INFO  commands.RetriableDatanodeEventWatcher (RetriableDatanodeEventWatcher.java:onTimeout(47)) - RetriableDatanodeCommand type=deleteBlocksCommand with id=1560462722248 timed out. Retrying.
2019-06-13 21:52:07,760 INFO  commands.RetriableDatanodeEventWatcher (RetriableDatanodeEventWatcher.java:onTimeout(47)) - RetriableDatanodeCommand type=deleteBlocksCommand with id=1560462722258 timed out. Retrying.
2019-06-13 21:52:07,768 INFO  commands.RetriableDatanodeEventWatcher (RetriableDatanodeEventWatcher.java:onTimeout(47)) - RetriableDatanodeCommand type=deleteBlocksCommand with id=1560462722268 timed out. Retrying.
2019-06-13 21:52:07,776 INFO  commands.RetriableDatanodeEventWatcher (RetriableDatanodeEventWatcher.java:onTimeout(47)) - RetriableDatanodeCommand type=deleteBlocksCommand with id=1560462722278 timed out. Retrying.
2019-06-13 21:52:07,785 DEBUG block.SCMBlockDeletingService (SCMBlockDeletingService.java:call(138)) - Running DeletedBlockTransactionScanner
2019-06-13 21:52:07,785 DEBUG block.SCMBlockDeletingService (SCMBlockDeletingService.java:call(155)) - Scanned deleted blocks log and got 3 delTX to process.
2019-06-13 21:52:07,785 DEBUG block.SCMBlockDeletingService (SCMBlockDeletingService.java:call(171)) - Added delete block command for datanode 2573df58-4087-4dd0-8598-5abddcc696b9 in the queue, number of delete block transactions: 3, TxID list: 1,2,3
2019-06-13 21:52:07,785 INFO  block.SCMBlockDeletingService (SCMBlockDeletingService.java:call(182)) - Totally added 3 delete blocks command for 1 datanodes, task elapsed time: 0ms
2019-06-13 21:52:07,843 INFO  commands.RetriableDatanodeEventWatcher (RetriableDatanodeEventWatcher.java:onTimeout(47)) - RetriableDatanodeCommand type=deleteBlocksCommand with id=1560462722239 timed out. Retrying.
2019-06-13 21:52:07,850 INFO  commands.RetriableDatanodeEventWatcher (RetriableDatanodeEventWatcher.java:onTimeout(47)) - RetriableDatanodeCommand type=deleteBlocksCommand with id=1560462722249 timed out. Retrying.
2019-06-13 21:52:07,860 INFO  commands.RetriableDatanodeEventWatcher (RetriableDatanodeEventWatcher.java:onTimeout(47)) - RetriableDatanodeCommand type=deleteBlocksCommand with id=1560462722259 timed out. Retrying.
2019-06-13 21:52:07,870 INFO  commands.RetriableDatanodeEventWatcher (RetriableDatanodeEventWatcher.java:onTimeout(47)) - RetriableDatanodeCommand type=deleteBlocksCommand with id=1560462722269 timed out. Retrying.
2019-06-13 21:52:07,877 INFO  commands.RetriableDatanodeEventWatcher (RetriableDatanodeEventWatcher.java:onTimeout(47)) - RetriableDatanodeCommand type=deleteBlocksCommand with id=1560462722279 timed out. Retrying.
2019-06-13 21:52:07,885 DEBUG block.SCMBlockDeletingService (SCMBlockDeletingService.java:call(138)) - Running DeletedBlockTransactionScanner
2019-06-13 21:52:07,886 DEBUG block.SCMBlockDeletingService (SCMBlockDeletingService.java:call(155)) - Scanned deleted blocks log and got 3 delTX to process.
2019-06-13 21:52:07,886 DEBUG block.SCMBlockDeletingService (SCMBlockDeletingService.java:call(171)) - Added delete block command for datanode 2573df58-4087-4dd0-8598-5abddcc696b9 in the queue, number of delete block transactions: 3, TxID list: 1,2,3
2019-06-13 21:52:07,886 INFO  block.SCMBlockDeletingService (SCMBlockDeletingService.java:call(182)) - Totally added 3 delete blocks command for 1 datanodes, task elapsed time: 0ms
2019-06-13 21:52:07,946 INFO  commands.RetriableDatanodeEventWatcher (RetriableDatanodeEventWatcher.java:onTimeout(47)) - RetriableDatanodeCommand type=deleteBlocksCommand with id=1560462722240 timed out. Retrying.
2019-06-13 21:52:07,950 INFO  commands.RetriableDatanodeEventWatcher (RetriableDatanodeEventWatcher.java:onTimeout(47)) - RetriableDatanodeCommand type=deleteBlocksCommand with id=1560462722250 timed out. Retrying.
2019-06-13 21:52:07,962 INFO  commands.RetriableDatanodeEventWatcher (RetriableDatanodeEventWatcher.java:onTimeout(47)) - RetriableDatanodeCommand type=deleteBlocksCommand with id=1560462722260 timed out. Retrying.
2019-06-13 21:52:07,970 INFO  commands.RetriableDatanodeEventWatcher (RetriableDatanodeEventWatcher.java:onTimeout(47)) - RetriableDatanodeCommand type=deleteBlocksCommand with id=1560462722270 timed out. Retrying.
2019-06-13 21:52:07,986 DEBUG block.SCMBlockDeletingService (SCMBlockDeletingService.java:call(138)) - Running DeletedBlockTransactionScanner
2019-06-13 21:52:07,986 INFO  commands.RetriableDatanodeEventWatcher (RetriableDatanodeEventWatcher.java:onTimeout(47)) - RetriableDatanodeCommand type=deleteBlocksCommand with id=1560462722280 timed out. Retrying.
2019-06-13 21:52:07,987 DEBUG block.SCMBlockDeletingService (SCMBlockDeletingService.java:call(155)) - Scanned deleted blocks log and got 3 delTX to process.
2019-06-13 21:52:07,987 DEBUG block.SCMBlockDeletingService (SCMBlockDeletingService.java:call(171)) - Added delete block command for datanode 2573df58-4087-4dd0-8598-5abddcc696b9 in the queue, number of delete block transactions: 3, TxID list: 1,2,3
2019-06-13 21:52:07,987 INFO  block.SCMBlockDeletingService (SCMBlockDeletingService.java:call(182)) - Totally added 3 delete blocks command for 1 datanodes, task elapsed time: 1ms
2019-06-13 21:52:08,004 INFO  ozone.MiniOzoneClusterImpl (MiniOzoneClusterImpl.java:lambda$waitForClusterToBeReady$0(142)) - Waiting for cluster to be ready. Got 0 of 1 DN Heartbeats.
2019-06-13 21:52:08,008 INFO  ozoneimpl.OzoneContainer (OzoneContainer.java:start(186)) - Attempting to start container services.
2019-06-13 21:52:08,009 INFO  ozoneimpl.OzoneContainer (OzoneContainer.java:startContainerScrub(160)) - Background container scrubber has been disabled by hdds.containerscrub.enabled
2019-06-13 21:52:08,009 INFO  ratis.XceiverServerRatis (XceiverServerRatis.java:start(418)) - Starting XceiverServerRatis 2573df58-4087-4dd0-8598-5abddcc696b9 at port 35061
2019-06-13 21:52:08,019 INFO  impl.RaftServerImpl (RaftServerImpl.java:start(173)) - 2573df58-4087-4dd0-8598-5abddcc696b9: start group-CE3C0447B19C
2019-06-13 21:52:08,020 INFO  impl.RaftServerImpl (RaftServerImpl.java:setRole(164)) - 2573df58-4087-4dd0-8598-5abddcc696b9:group-CE3C0447B19C changes role from null to FOLLOWER at term 1 for startAsFollower
2019-06-13 21:52:08,020 INFO  impl.RoleInfo (RoleInfo.java:updateAndGet(143)) - 2573df58-4087-4dd0-8598-5abddcc696b9: start FollowerState
2019-06-13 21:52:08,020 INFO  util.JmxRegister (JmxRegister.java:tryRegister(44)) - Successfully registered JMX Bean with object name Ratis:service=RaftServer,group=group-CE3C0447B19C,id=2573df58-4087-4dd0-8598-5abddcc696b9
2019-06-13 21:52:08,021 INFO  impl.RaftServerProxy (RaftServerProxy.java:lambda$start$3(299)) - 2573df58-4087-4dd0-8598-5abddcc696b9: start RPC server
2019-06-13 21:52:08,023 INFO  server.GrpcService (GrpcService.java:startImpl(148)) - 2573df58-4087-4dd0-8598-5abddcc696b9: GrpcService started, listening on 0.0.0.0/0.0.0.0:35061
2019-06-13 21:52:08,043 INFO  commands.RetriableDatanodeEventWatcher (RetriableDatanodeEventWatcher.java:onTimeout(47)) - RetriableDatanodeCommand type=deleteBlocksCommand with id=1560462722241 timed out. Retrying.
2019-06-13 21:52:08,053 INFO  commands.RetriableDatanodeEventWatcher (RetriableDatanodeEventWatcher.java:onTimeout(47)) - RetriableDatanodeCommand type=deleteBlocksCommand with id=1560462722251 timed out. Retrying.
2019-06-13 21:52:08,062 INFO  commands.RetriableDatanodeEventWatcher (RetriableDatanodeEventWatcher.java:onTimeout(47)) - RetriableDatanodeCommand type=deleteBlocksCommand with id=1560462722261 timed out. Retrying.
2019-06-13 21:52:08,070 INFO  commands.RetriableDatanodeEventWatcher (RetriableDatanodeEventWatcher.java:onTimeout(47)) - RetriableDatanodeCommand type=deleteBlocksCommand with id=1560462722271 timed out. Retrying.
2019-06-13 21:52:08,079 INFO  commands.RetriableDatanodeEventWatcher (RetriableDatanodeEventWatcher.java:onTimeout(47)) - RetriableDatanodeCommand type=deleteBlocksCommand with id=1560462722281 timed out. Retrying.
2019-06-13 21:52:08,087 DEBUG block.SCMBlockDeletingService (SCMBlockDeletingService.java:call(138)) - Running DeletedBlockTransactionScanner
2019-06-13 21:52:08,088 DEBUG block.SCMBlockDeletingService (SCMBlockDeletingService.java:call(155)) - Scanned deleted blocks log and got 3 delTX to process.
2019-06-13 21:52:08,088 DEBUG block.SCMBlockDeletingService (SCMBlockDeletingService.java:call(171)) - Added delete block command for datanode 2573df58-4087-4dd0-8598-5abddcc696b9 in the queue, number of delete block transactions: 3, TxID list: 1,2,3
2019-06-13 21:52:08,088 INFO  block.SCMBlockDeletingService (SCMBlockDeletingService.java:call(182)) - Totally added 3 delete blocks command for 1 datanodes, task elapsed time: 1ms
2019-06-13 21:52:08,142 INFO  commands.RetriableDatanodeEventWatcher (RetriableDatanodeEventWatcher.java:onTimeout(47)) - RetriableDatanodeCommand type=deleteBlocksCommand with id=1560462722242 timed out. Retrying.
2019-06-13 21:52:08,152 INFO  commands.RetriableDatanodeEventWatcher (RetriableDatanodeEventWatcher.java:onTimeout(47)) - RetriableDatanodeCommand type=deleteBlocksCommand with id=1560462722252 timed out. Retrying.
2019-06-13 21:52:08,163 INFO  commands.RetriableDatanodeEventWatcher (RetriableDatanodeEventWatcher.java:onTimeout(47)) - RetriableDatanodeCommand type=deleteBlocksCommand with id=1560462722262 timed out. Retrying.
2019-06-13 21:52:08,171 INFO  commands.RetriableDatanodeEventWatcher (RetriableDatanodeEventWatcher.java:onTimeout(47)) - RetriableDatanodeCommand type=deleteBlocksCommand with id=1560462722272 timed out. Retrying.
2019-06-13 21:52:08,180 INFO  commands.RetriableDatanodeEventWatcher (RetriableDatanodeEventWatcher.java:onTimeout(47)) - RetriableDatanodeCommand type=deleteBlocksCommand with id=1560462722282 timed out. Retrying.
2019-06-13 21:52:08,188 DEBUG block.SCMBlockDeletingService (SCMBlockDeletingService.java:call(138)) - Running DeletedBlockTransactionScanner
2019-06-13 21:52:08,189 DEBUG block.SCMBlockDeletingService (SCMBlockDeletingService.java:call(155)) - Scanned deleted blocks log and got 3 delTX to process.
2019-06-13 21:52:08,189 DEBUG block.SCMBlockDeletingService (SCMBlockDeletingService.java:call(171)) - Added delete block command for datanode 2573df58-4087-4dd0-8598-5abddcc696b9 in the queue, number of delete block transactions: 3, TxID list: 1,2,3
2019-06-13 21:52:08,189 INFO  block.SCMBlockDeletingService (SCMBlockDeletingService.java:call(182)) - Totally added 3 delete blocks command for 1 datanodes, task elapsed time: 1ms
2019-06-13 21:52:08,237 INFO  commands.RetriableDatanodeEventWatcher (RetriableDatanodeEventWatcher.java:onTimeout(47)) - RetriableDatanodeCommand type=deleteBlocksCommand with id=1560462722233 timed out. Retrying.
2019-06-13 21:52:08,244 INFO  commands.RetriableDatanodeEventWatcher (RetriableDatanodeEventWatcher.java:onTimeout(47)) - RetriableDatanodeCommand type=deleteBlocksCommand with id=1560462722243 timed out. Retrying.
2019-06-13 21:52:08,254 INFO  commands.RetriableDatanodeEventWatcher (RetriableDatanodeEventWatcher.java:onTimeout(47)) - RetriableDatanodeCommand type=deleteBlocksCommand with id=1560462722253 timed out. Retrying.
2019-06-13 21:52:08,264 INFO  commands.RetriableDatanodeEventWatcher (RetriableDatanodeEventWatcher.java:onTimeout(47)) - RetriableDatanodeCommand type=deleteBlocksCommand with id=1560462722263 timed out. Retrying.
2019-06-13 21:52:08,272 INFO  commands.RetriableDatanodeEventWatcher (RetriableDatanodeEventWatcher.java:onTimeout(47)) - RetriableDatanodeCommand type=deleteBlocksCommand with id=1560462722273 timed out. Retrying.
2019-06-13 21:52:08,280 INFO  commands.RetriableDatanodeEventWatcher (RetriableDatanodeEventWatcher.java:onTimeout(47)) - RetriableDatanodeCommand type=deleteBlocksCommand with id=1560462722283 timed out. Retrying.
2019-06-13 21:52:08,289 DEBUG block.SCMBlockDeletingService (SCMBlockDeletingService.java:call(138)) - Running DeletedBlockTransactionScanner
2019-06-13 21:52:08,289 DEBUG block.SCMBlockDeletingService (SCMBlockDeletingService.java:call(155)) - Scanned deleted blocks log and got 3 delTX to process.
2019-06-13 21:52:08,290 DEBUG block.SCMBlockDeletingService (SCMBlockDeletingService.java:call(171)) - Added delete block command for datanode 2573df58-4087-4dd0-8598-5abddcc696b9 in the queue, number of delete block transactions: 3, TxID list: 1,2,3
2019-06-13 21:52:08,290 INFO  block.SCMBlockDeletingService (SCMBlockDeletingService.java:call(182)) - Totally added 3 delete blocks command for 1 datanodes, task elapsed time: 1ms
2019-06-13 21:52:08,338 INFO  commands.RetriableDatanodeEventWatcher (RetriableDatanodeEventWatcher.java:onTimeout(47)) - RetriableDatanodeCommand type=deleteBlocksCommand with id=1560462722234 timed out. Retrying.
2019-06-13 21:52:08,345 INFO  commands.RetriableDatanodeEventWatcher (RetriableDatanodeEventWatcher.java:onTimeout(47)) - RetriableDatanodeCommand type=deleteBlocksCommand with id=1560462722244 timed out. Retrying.
2019-06-13 21:52:08,354 INFO  commands.RetriableDatanodeEventWatcher (RetriableDatanodeEventWatcher.java:onTimeout(47)) - RetriableDatanodeCommand type=deleteBlocksCommand with id=1560462722254 timed out. Retrying.
2019-06-13 21:52:08,364 INFO  commands.RetriableDatanodeEventWatcher (RetriableDatanodeEventWatcher.java:onTimeout(47)) - RetriableDatanodeCommand type=deleteBlocksCommand with id=1560462722264 timed out. Retrying.
2019-06-13 21:52:08,373 INFO  commands.RetriableDatanodeEventWatcher (RetriableDatanodeEventWatcher.java:onTimeout(47)) - RetriableDatanodeCommand type=deleteBlocksCommand with id=1560462722274 timed out. Retrying.
2019-06-13 21:52:08,381 INFO  commands.RetriableDatanodeEventWatcher (RetriableDatanodeEventWatcher.java:onTimeout(47)) - RetriableDatanodeCommand type=deleteBlocksCommand with id=1560462722284 timed out. Retrying.
2019-06-13 21:52:08,390 DEBUG block.SCMBlockDeletingService (SCMBlockDeletingService.java:call(138)) - Running DeletedBlockTransactionScanner
2019-06-13 21:52:08,390 DEBUG block.SCMBlockDeletingService (SCMBlockDeletingService.java:call(155)) - Scanned deleted blocks log and got 3 delTX to process.
2019-06-13 21:52:08,391 DEBUG block.SCMBlockDeletingService (SCMBlockDeletingService.java:call(171)) - Added delete block command for datanode 2573df58-4087-4dd0-8598-5abddcc696b9 in the queue, number of delete block transactions: 3, TxID list: 1,2,3
2019-06-13 21:52:08,391 INFO  block.SCMBlockDeletingService (SCMBlockDeletingService.java:call(182)) - Totally added 3 delete blocks command for 1 datanodes, task elapsed time: 1ms
2019-06-13 21:52:08,438 INFO  commands.RetriableDatanodeEventWatcher (RetriableDatanodeEventWatcher.java:onTimeout(47)) - RetriableDatanodeCommand type=deleteBlocksCommand with id=1560462722235 timed out. Retrying.
2019-06-13 21:52:08,447 INFO  commands.RetriableDatanodeEventWatcher (RetriableDatanodeEventWatcher.java:onTimeout(47)) - RetriableDatanodeCommand type=deleteBlocksCommand with id=1560462722245 timed out. Retrying.
2019-06-13 21:52:08,456 INFO  commands.RetriableDatanodeEventWatcher (RetriableDatanodeEventWatcher.java:onTimeout(47)) - RetriableDatanodeCommand type=deleteBlocksCommand with id=1560462722255 timed out. Retrying.
2019-06-13 21:52:08,465 INFO  commands.RetriableDatanodeEventWatcher (RetriableDatanodeEventWatcher.java:onTimeout(47)) - RetriableDatanodeCommand type=deleteBlocksCommand with id=1560462722265 timed out. Retrying.
2019-06-13 21:52:08,475 INFO  commands.RetriableDatanodeEventWatcher (RetriableDatanodeEventWatcher.java:onTimeout(47)) - RetriableDatanodeCommand type=deleteBlocksCommand with id=1560462722275 timed out. Retrying.
2019-06-13 21:52:08,482 INFO  commands.RetriableDatanodeEventWatcher (RetriableDatanodeEventWatcher.java:onTimeout(47)) - RetriableDatanodeCommand type=deleteBlocksCommand with id=1560462722285 timed out. Retrying.
2019-06-13 21:52:08,491 DEBUG block.SCMBlockDeletingService (SCMBlockDeletingService.java:call(138)) - Running DeletedBlockTransactionScanner
2019-06-13 21:52:08,491 DEBUG block.SCMBlockDeletingService (SCMBlockDeletingService.java:call(155)) - Scanned deleted blocks log and got 3 delTX to process.
2019-06-13 21:52:08,492 DEBUG block.SCMBlockDeletingService (SCMBlockDeletingService.java:call(171)) - Added delete block command for datanode 2573df58-4087-4dd0-8598-5abddcc696b9 in the queue, number of delete block transactions: 3, TxID list: 1,2,3
2019-06-13 21:52:08,492 INFO  block.SCMBlockDeletingService (SCMBlockDeletingService.java:call(182)) - Totally added 3 delete blocks command for 1 datanodes, task elapsed time: 1ms
2019-06-13 21:52:08,546 INFO  commands.RetriableDatanodeEventWatcher (RetriableDatanodeEventWatcher.java:onTimeout(47)) - RetriableDatanodeCommand type=deleteBlocksCommand with id=1560462722236 timed out. Retrying.
2019-06-13 21:52:08,547 INFO  commands.RetriableDatanodeEventWatcher (RetriableDatanodeEventWatcher.java:onTimeout(47)) - RetriableDatanodeCommand type=deleteBlocksCommand with id=1560462722246 timed out. Retrying.
2019-06-13 21:52:08,557 INFO  commands.RetriableDatanodeEventWatcher (RetriableDatanodeEventWatcher.java:onTimeout(47)) - RetriableDatanodeCommand type=deleteBlocksCommand with id=1560462722256 timed out. Retrying.
2019-06-13 21:52:08,566 INFO  commands.RetriableDatanodeEventWatcher (RetriableDatanodeEventWatcher.java:onTimeout(47)) - RetriableDatanodeCommand type=deleteBlocksCommand with id=1560462722266 timed out. Retrying.
2019-06-13 21:52:08,575 INFO  commands.RetriableDatanodeEventWatcher (RetriableDatanodeEventWatcher.java:onTimeout(47)) - RetriableDatanodeCommand type=deleteBlocksCommand with id=1560462722276 timed out. Retrying.
2019-06-13 21:52:08,583 INFO  commands.RetriableDatanodeEventWatcher (RetriableDatanodeEventWatcher.java:onTimeout(47)) - RetriableDatanodeCommand type=deleteBlocksCommand with id=1560462722286 timed out. Retrying.
2019-06-13 21:52:08,592 DEBUG block.SCMBlockDeletingService (SCMBlockDeletingService.java:call(138)) - Running DeletedBlockTransactionScanner
2019-06-13 21:52:08,592 DEBUG block.SCMBlockDeletingService (SCMBlockDeletingService.java:call(155)) - Scanned deleted blocks log and got 3 delTX to process.
2019-06-13 21:52:08,592 DEBUG block.SCMBlockDeletingService (SCMBlockDeletingService.java:call(171)) - Added delete block command for datanode 2573df58-4087-4dd0-8598-5abddcc696b9 in the queue, number of delete block transactions: 3, TxID list: 1,2,3
2019-06-13 21:52:08,593 INFO  block.SCMBlockDeletingService (SCMBlockDeletingService.java:call(182)) - Totally added 3 delete blocks command for 1 datanodes, task elapsed time: 1ms
2019-06-13 21:52:08,639 INFO  commands.RetriableDatanodeEventWatcher (RetriableDatanodeEventWatcher.java:onTimeout(47)) - RetriableDatanodeCommand type=deleteBlocksCommand with id=1560462722237 timed out. Retrying.
2019-06-13 21:52:08,649 INFO  commands.RetriableDatanodeEventWatcher (RetriableDatanodeEventWatcher.java:onTimeout(47)) - RetriableDatanodeCommand type=deleteBlocksCommand with id=1560462722247 timed out. Retrying.
2019-06-13 21:52:08,660 INFO  commands.RetriableDatanodeEventWatcher (RetriableDatanodeEventWatcher.java:onTimeout(47)) - RetriableDatanodeCommand type=deleteBlocksCommand with id=1560462722257 timed out. Retrying.
2019-06-13 21:52:08,667 INFO  commands.RetriableDatanodeEventWatcher (RetriableDatanodeEventWatcher.java:onTimeout(47)) - RetriableDatanodeCommand type=deleteBlocksCommand with id=1560462722267 timed out. Retrying.
2019-06-13 21:52:08,676 INFO  commands.RetriableDatanodeEventWatcher (RetriableDatanodeEventWatcher.java:onTimeout(47)) - RetriableDatanodeCommand type=deleteBlocksCommand with id=1560462722277 timed out. Retrying.
2019-06-13 21:52:08,684 INFO  commands.RetriableDatanodeEventWatcher (RetriableDatanodeEventWatcher.java:onTimeout(47)) - RetriableDatanodeCommand type=deleteBlocksCommand with id=1560462722287 timed out. Retrying.
2019-06-13 21:52:08,693 DEBUG block.SCMBlockDeletingService (SCMBlockDeletingService.java:call(138)) - Running DeletedBlockTransactionScanner
2019-06-13 21:52:08,693 DEBUG block.SCMBlockDeletingService (SCMBlockDeletingService.java:call(155)) - Scanned deleted blocks log and got 3 delTX to process.
2019-06-13 21:52:08,693 DEBUG block.SCMBlockDeletingService (SCMBlockDeletingService.java:call(171)) - Added delete block command for datanode 2573df58-4087-4dd0-8598-5abddcc696b9 in the queue, number of delete block transactions: 3, TxID list: 1,2,3
2019-06-13 21:52:08,693 INFO  block.SCMBlockDeletingService (SCMBlockDeletingService.java:call(182)) - Totally added 3 delete blocks command for 1 datanodes, task elapsed time: 1ms
2019-06-13 21:52:08,740 INFO  commands.RetriableDatanodeEventWatcher (RetriableDatanodeEventWatcher.java:onTimeout(47)) - RetriableDatanodeCommand type=deleteBlocksCommand with id=1560462722238 timed out. Retrying.
2019-06-13 21:52:08,749 INFO  commands.RetriableDatanodeEventWatcher (RetriableDatanodeEventWatcher.java:onTimeout(47)) - RetriableDatanodeCommand type=deleteBlocksCommand with id=1560462722248 timed out. Retrying.
2019-06-13 21:52:08,760 INFO  commands.RetriableDatanodeEventWatcher (RetriableDatanodeEventWatcher.java:onTimeout(47)) - RetriableDatanodeCommand type=deleteBlocksCommand with id=1560462722258 timed out. Retrying.
2019-06-13 21:52:08,768 INFO  commands.RetriableDatanodeEventWatcher (RetriableDatanodeEventWatcher.java:onTimeout(47)) - RetriableDatanodeCommand type=deleteBlocksCommand with id=1560462722268 timed out. Retrying.
2019-06-13 21:52:08,777 INFO  commands.RetriableDatanodeEventWatcher (RetriableDatanodeEventWatcher.java:onTimeout(47)) - RetriableDatanodeCommand type=deleteBlocksCommand with id=1560462722278 timed out. Retrying.
2019-06-13 21:52:08,785 INFO  commands.RetriableDatanodeEventWatcher (RetriableDatanodeEventWatcher.java:onTimeout(47)) - RetriableDatanodeCommand type=deleteBlocksCommand with id=1560462722288 timed out. Retrying.
2019-06-13 21:52:08,794 DEBUG block.SCMBlockDeletingService (SCMBlockDeletingService.java:call(138)) - Running DeletedBlockTransactionScanner
2019-06-13 21:52:08,794 DEBUG block.SCMBlockDeletingService (SCMBlockDeletingService.java:call(155)) - Scanned deleted blocks log and got 3 delTX to process.
2019-06-13 21:52:08,794 DEBUG block.SCMBlockDeletingService (SCMBlockDeletingService.java:call(171)) - Added delete block command for datanode 2573df58-4087-4dd0-8598-5abddcc696b9 in the queue, number of delete block transactions: 3, TxID list: 1,2,3
2019-06-13 21:52:08,794 INFO  block.SCMBlockDeletingService (SCMBlockDeletingService.java:call(182)) - Totally added 3 delete blocks command for 1 datanodes, task elapsed time: 0ms
2019-06-13 21:52:08,843 INFO  commands.RetriableDatanodeEventWatcher (RetriableDatanodeEventWatcher.java:onTimeout(47)) - RetriableDatanodeCommand type=deleteBlocksCommand with id=1560462722239 timed out. Retrying.
2019-06-13 21:52:08,850 INFO  commands.RetriableDatanodeEventWatcher (RetriableDatanodeEventWatcher.java:onTimeout(47)) - RetriableDatanodeCommand type=deleteBlocksCommand with id=1560462722249 timed out. Retrying.
2019-06-13 21:52:08,860 INFO  commands.RetriableDatanodeEventWatcher (RetriableDatanodeEventWatcher.java:onTimeout(47)) - RetriableDatanodeCommand type=deleteBlocksCommand with id=1560462722259 timed out. Retrying.
2019-06-13 21:52:08,870 INFO  commands.RetriableDatanodeEventWatcher (RetriableDatanodeEventWatcher.java:onTimeout(47)) - RetriableDatanodeCommand type=deleteBlocksCommand with id=1560462722269 timed out. Retrying.
2019-06-13 21:52:08,879 INFO  commands.RetriableDatanodeEventWatcher (RetriableDatanodeEventWatcher.java:onTimeout(47)) - RetriableDatanodeCommand type=deleteBlocksCommand with id=1560462722279 timed out. Retrying.
2019-06-13 21:52:08,886 INFO  commands.RetriableDatanodeEventWatcher (RetriableDatanodeEventWatcher.java:onTimeout(47)) - RetriableDatanodeCommand type=deleteBlocksCommand with id=1560462722289 timed out. Retrying.
2019-06-13 21:52:08,895 DEBUG block.SCMBlockDeletingService (SCMBlockDeletingService.java:call(138)) - Running DeletedBlockTransactionScanner
2019-06-13 21:52:08,895 DEBUG block.SCMBlockDeletingService (SCMBlockDeletingService.java:call(155)) - Scanned deleted blocks log and got 3 delTX to process.
2019-06-13 21:52:08,895 DEBUG block.SCMBlockDeletingService (SCMBlockDeletingService.java:call(171)) - Added delete block command for datanode 2573df58-4087-4dd0-8598-5abddcc696b9 in the queue, number of delete block transactions: 3, TxID list: 1,2,3
2019-06-13 21:52:08,895 INFO  block.SCMBlockDeletingService (SCMBlockDeletingService.java:call(182)) - Totally added 3 delete blocks command for 1 datanodes, task elapsed time: 0ms
2019-06-13 21:52:08,946 INFO  commands.RetriableDatanodeEventWatcher (RetriableDatanodeEventWatcher.java:onTimeout(47)) - RetriableDatanodeCommand type=deleteBlocksCommand with id=1560462722240 timed out. Retrying.
2019-06-13 21:52:08,951 INFO  commands.RetriableDatanodeEventWatcher (RetriableDatanodeEventWatcher.java:onTimeout(47)) - RetriableDatanodeCommand type=deleteBlocksCommand with id=1560462722250 timed out. Retrying.
2019-06-13 21:52:08,962 INFO  commands.RetriableDatanodeEventWatcher (RetriableDatanodeEventWatcher.java:onTimeout(47)) - RetriableDatanodeCommand type=deleteBlocksCommand with id=1560462722260 timed out. Retrying.
2019-06-13 21:52:08,970 INFO  commands.RetriableDatanodeEventWatcher (RetriableDatanodeEventWatcher.java:onTimeout(47)) - RetriableDatanodeCommand type=deleteBlocksCommand with id=1560462722270 timed out. Retrying.
2019-06-13 21:52:08,987 INFO  commands.RetriableDatanodeEventWatcher (RetriableDatanodeEventWatcher.java:onTimeout(47)) - RetriableDatanodeCommand type=deleteBlocksCommand with id=1560462722290 timed out. Retrying.
2019-06-13 21:52:08,987 INFO  commands.RetriableDatanodeEventWatcher (RetriableDatanodeEventWatcher.java:onTimeout(47)) - RetriableDatanodeCommand type=deleteBlocksCommand with id=1560462722280 timed out. Retrying.
2019-06-13 21:52:08,996 DEBUG block.SCMBlockDeletingService (SCMBlockDeletingService.java:call(138)) - Running DeletedBlockTransactionScanner
2019-06-13 21:52:08,996 DEBUG block.SCMBlockDeletingService (SCMBlockDeletingService.java:call(155)) - Scanned deleted blocks log and got 3 delTX to process.
2019-06-13 21:52:08,996 DEBUG block.SCMBlockDeletingService (SCMBlockDeletingService.java:call(171)) - Added delete block command for datanode 2573df58-4087-4dd0-8598-5abddcc696b9 in the queue, number of delete block transactions: 3, TxID list: 1,2,3
2019-06-13 21:52:08,996 INFO  block.SCMBlockDeletingService (SCMBlockDeletingService.java:call(182)) - Totally added 3 delete blocks command for 1 datanodes, task elapsed time: 0ms
2019-06-13 21:52:09,004 INFO  ozone.MiniOzoneClusterImpl (MiniOzoneClusterImpl.java:lambda$waitForClusterToBeReady$0(142)) - Waiting for cluster to be ready. Got 0 of 1 DN Heartbeats.
2019-06-13 21:52:09,043 INFO  commands.RetriableDatanodeEventWatcher (RetriableDatanodeEventWatcher.java:onTimeout(47)) - RetriableDatanodeCommand type=deleteBlocksCommand with id=1560462722241 timed out. Retrying.
2019-06-13 21:52:09,053 INFO  commands.RetriableDatanodeEventWatcher (RetriableDatanodeEventWatcher.java:onTimeout(47)) - RetriableDatanodeCommand type=deleteBlocksCommand with id=1560462722251 timed out. Retrying.
2019-06-13 21:52:09,062 INFO  commands.RetriableDatanodeEventWatcher (RetriableDatanodeEventWatcher.java:onTimeout(47)) - RetriableDatanodeCommand type=deleteBlocksCommand with id=1560462722261 timed out. Retrying.
2019-06-13 21:52:09,070 INFO  commands.RetriableDatanodeEventWatcher (RetriableDatanodeEventWatcher.java:onTimeout(47)) - RetriableDatanodeCommand type=deleteBlocksCommand with id=1560462722271 timed out. Retrying.
2019-06-13 21:52:09,079 INFO  commands.RetriableDatanodeEventWatcher (RetriableDatanodeEventWatcher.java:onTimeout(47)) - RetriableDatanodeCommand type=deleteBlocksCommand with id=1560462722281 timed out. Retrying.
2019-06-13 21:52:09,088 INFO  commands.RetriableDatanodeEventWatcher (RetriableDatanodeEventWatcher.java:onTimeout(47)) - RetriableDatanodeCommand type=deleteBlocksCommand with id=1560462722291 timed out. Retrying.
2019-06-13 21:52:09,096 DEBUG block.SCMBlockDeletingService (SCMBlockDeletingService.java:call(138)) - Running DeletedBlockTransactionScanner
2019-06-13 21:52:09,097 DEBUG block.SCMBlockDeletingService (SCMBlockDeletingService.java:call(155)) - Scanned deleted blocks log and got 3 delTX to process.
2019-06-13 21:52:09,097 DEBUG block.SCMBlockDeletingService (SCMBlockDeletingService.java:call(171)) - Added delete block command for datanode 2573df58-4087-4dd0-8598-5abddcc696b9 in the queue, number of delete block transactions: 3, TxID list: 1,2,3
2019-06-13 21:52:09,097 INFO  block.SCMBlockDeletingService (SCMBlockDeletingService.java:call(182)) - Totally added 3 delete blocks command for 1 datanodes, task elapsed time: 0ms
2019-06-13 21:52:09,142 INFO  commands.RetriableDatanodeEventWatcher (RetriableDatanodeEventWatcher.java:onTimeout(47)) - RetriableDatanodeCommand type=deleteBlocksCommand with id=1560462722242 timed out. Retrying.
2019-06-13 21:52:09,153 INFO  commands.RetriableDatanodeEventWatcher (RetriableDatanodeEventWatcher.java:onTimeout(47)) - RetriableDatanodeCommand type=deleteBlocksCommand with id=1560462722252 timed out. Retrying.
2019-06-13 21:52:09,163 INFO  commands.RetriableDatanodeEventWatcher (RetriableDatanodeEventWatcher.java:onTimeout(47)) - RetriableDatanodeCommand type=deleteBlocksCommand with id=1560462722262 timed out. Retrying.
2019-06-13 21:52:09,165 INFO  impl.FollowerState (FollowerState.java:run(101)) - 2573df58-4087-4dd0-8598-5abddcc696b9:group-CE3C0447B19C changes to CANDIDATE, lastRpcTime:1145, electionTimeout:1145ms
2019-06-13 21:52:09,165 INFO  impl.RoleInfo (RoleInfo.java:shutdownFollowerState(121)) - 2573df58-4087-4dd0-8598-5abddcc696b9: shutdown FollowerState
2019-06-13 21:52:09,166 INFO  impl.RaftServerImpl (RaftServerImpl.java:setRole(164)) - 2573df58-4087-4dd0-8598-5abddcc696b9:group-CE3C0447B19C changes role from FOLLOWER to CANDIDATE at term 1 for changeToCandidate
2019-06-13 21:52:09,166 INFO  impl.RoleInfo (RoleInfo.java:updateAndGet(143)) - 2573df58-4087-4dd0-8598-5abddcc696b9: start LeaderElection
2019-06-13 21:52:09,171 INFO  commands.RetriableDatanodeEventWatcher (RetriableDatanodeEventWatcher.java:onTimeout(47)) - RetriableDatanodeCommand type=deleteBlocksCommand with id=1560462722272 timed out. Retrying.
2019-06-13 21:52:09,180 INFO  commands.RetriableDatanodeEventWatcher (RetriableDatanodeEventWatcher.java:onTimeout(47)) - RetriableDatanodeCommand type=deleteBlocksCommand with id=1560462722282 timed out. Retrying.
2019-06-13 21:52:09,190 INFO  commands.RetriableDatanodeEventWatcher (RetriableDatanodeEventWatcher.java:onTimeout(47)) - RetriableDatanodeCommand type=deleteBlocksCommand with id=1560462722292 timed out. Retrying.
2019-06-13 21:52:09,197 DEBUG block.SCMBlockDeletingService (SCMBlockDeletingService.java:call(138)) - Running DeletedBlockTransactionScanner
2019-06-13 21:52:09,198 DEBUG block.SCMBlockDeletingService (SCMBlockDeletingService.java:call(155)) - Scanned deleted blocks log and got 3 delTX to process.
2019-06-13 21:52:09,198 DEBUG block.SCMBlockDeletingService (SCMBlockDeletingService.java:call(171)) - Added delete block command for datanode 2573df58-4087-4dd0-8598-5abddcc696b9 in the queue, number of delete block transactions: 3, TxID list: 1,2,3
2019-06-13 21:52:09,198 INFO  block.SCMBlockDeletingService (SCMBlockDeletingService.java:call(182)) - Totally added 3 delete blocks command for 1 datanodes, task elapsed time: 1ms
2019-06-13 21:52:09,211 INFO  impl.LeaderElection (LeaderElection.java:askForVotes(181)) - 2573df58-4087-4dd0-8598-5abddcc696b9:group-CE3C0447B19C:LeaderElection2: begin an election at term 2 for 0: [2573df58-4087-4dd0-8598-5abddcc696b9:192.168.11.218:35061], old=null
2019-06-13 21:52:09,211 INFO  impl.RoleInfo (RoleInfo.java:shutdownLeaderElection(134)) - 2573df58-4087-4dd0-8598-5abddcc696b9: shutdown LeaderElection
2019-06-13 21:52:09,211 INFO  impl.RaftServerImpl (RaftServerImpl.java:setRole(164)) - 2573df58-4087-4dd0-8598-5abddcc696b9:group-CE3C0447B19C changes role from CANDIDATE to LEADER at term 2 for changeToLeader
2019-06-13 21:52:09,211 INFO  impl.RaftServerImpl (ServerState.java:setLeader(263)) - 2573df58-4087-4dd0-8598-5abddcc696b9:group-CE3C0447B19C change Leader from null to 2573df58-4087-4dd0-8598-5abddcc696b9 at term 2 for becomeLeader, leader elected after 3431ms
2019-06-13 21:52:09,211 INFO  server.RaftServerConfigKeys (ConfUtils.java:logGet(43)) - raft.server.staging.catchup.gap = 1000 (default)
2019-06-13 21:52:09,212 INFO  server.RaftServerConfigKeys (ConfUtils.java:logGet(43)) - raft.server.rpc.sleep.time = 25ms (default)
2019-06-13 21:52:09,212 INFO  server.RaftServerConfigKeys (ConfUtils.java:logGet(43)) - raft.server.watch.timeout = 10s (default)
2019-06-13 21:52:09,212 INFO  server.RaftServerConfigKeys (ConfUtils.java:logGet(43)) - raft.server.watch.timeout.denomination = 1s (default)
2019-06-13 21:52:09,212 INFO  impl.RoleInfo (RoleInfo.java:updateAndGet(143)) - 2573df58-4087-4dd0-8598-5abddcc696b9: start LeaderState
2019-06-13 21:52:09,213 INFO  storage.RaftLogWorker (RaftLogWorker.java:rollLogSegment(303)) - 2573df58-4087-4dd0-8598-5abddcc696b9-RaftLogWorker: Rolling segment log-7177_7228 to index:7228
2019-06-13 21:52:09,214 INFO  storage.RaftLogWorker (RaftLogWorker.java:execute(433)) - 2573df58-4087-4dd0-8598-5abddcc696b9-RaftLogWorker: Rolled log segment from /opt/src/hadoop-ozone/integration-test/target/test-dir/MiniOzoneClusterImpl-8578056e-9b7b-4e66-9e9f-ef53d5cd7c03/datanode-0/data/ratis/7f5c2536-ed89-4233-9ec0-ce3c0447b19c/current/log_inprogress_7177 to /opt/src/hadoop-ozone/integration-test/target/test-dir/MiniOzoneClusterImpl-8578056e-9b7b-4e66-9e9f-ef53d5cd7c03/datanode-0/data/ratis/7f5c2536-ed89-4233-9ec0-ce3c0447b19c/current/log_7177-7228
2019-06-13 21:52:09,214 INFO  impl.RaftServerImpl (ServerState.java:setRaftConf(361)) - 2573df58-4087-4dd0-8598-5abddcc696b9:group-CE3C0447B19C set configuration 7229: [2573df58-4087-4dd0-8598-5abddcc696b9:192.168.11.218:35061], old=null at 7229
2019-06-13 21:52:09,237 INFO  commands.RetriableDatanodeEventWatcher (RetriableDatanodeEventWatcher.java:onTimeout(47)) - RetriableDatanodeCommand type=deleteBlocksCommand with id=1560462722233 timed out. Retrying.
2019-06-13 21:52:09,245 INFO  commands.RetriableDatanodeEventWatcher (RetriableDatanodeEventWatcher.java:onTimeout(47)) - RetriableDatanodeCommand type=deleteBlocksCommand with id=1560462722243 timed out. Retrying.
2019-06-13 21:52:09,254 INFO  commands.RetriableDatanodeEventWatcher (RetriableDatanodeEventWatcher.java:onTimeout(47)) - RetriableDatanodeCommand type=deleteBlocksCommand with id=1560462722253 timed out. Retrying.
2019-06-13 21:52:09,264 INFO  commands.RetriableDatanodeEventWatcher (RetriableDatanodeEventWatcher.java:onTimeout(47)) - RetriableDatanodeCommand type=deleteBlocksCommand with id=1560462722263 timed out. Retrying.
2019-06-13 21:52:09,272 INFO  commands.RetriableDatanodeEventWatcher (RetriableDatanodeEventWatcher.java:onTimeout(47)) - RetriableDatanodeCommand type=deleteBlocksCommand with id=1560462722273 timed out. Retrying.
2019-06-13 21:52:09,280 INFO  commands.RetriableDatanodeEventWatcher (RetriableDatanodeEventWatcher.java:onTimeout(47)) - RetriableDatanodeCommand type=deleteBlocksCommand with id=1560462722283 timed out. Retrying.
2019-06-13 21:52:09,290 INFO  commands.RetriableDatanodeEventWatcher (RetriableDatanodeEventWatcher.java:onTimeout(47)) - RetriableDatanodeCommand type=deleteBlocksCommand with id=1560462722293 timed out. Retrying.
2019-06-13 21:52:09,298 DEBUG block.SCMBlockDeletingService (SCMBlockDeletingService.java:call(138)) - Running DeletedBlockTransactionScanner
2019-06-13 21:52:09,298 DEBUG block.SCMBlockDeletingService (SCMBlockDeletingService.java:call(155)) - Scanned deleted blocks log and got 3 delTX to process.
2019-06-13 21:52:09,298 DEBUG block.SCMBlockDeletingService (SCMBlockDeletingService.java:call(171)) - Added delete block command for datanode 2573df58-4087-4dd0-8598-5abddcc696b9 in the queue, number of delete block transactions: 3, TxID list: 1,2,3
2019-06-13 21:52:09,299 INFO  block.SCMBlockDeletingService (SCMBlockDeletingService.java:call(182)) - Totally added 3 delete blocks command for 1 datanodes, task elapsed time: 1ms
2019-06-13 21:52:09,303 INFO  storage.RaftLogWorker (RaftLogWorker.java:execute(469)) - 2573df58-4087-4dd0-8598-5abddcc696b9-RaftLogWorker: created new log segment /opt/src/hadoop-ozone/integration-test/target/test-dir/MiniOzoneClusterImpl-8578056e-9b7b-4e66-9e9f-ef53d5cd7c03/datanode-0/data/ratis/7f5c2536-ed89-4233-9ec0-ce3c0447b19c/current/log_inprogress_7229
2019-06-13 21:52:09,338 INFO  commands.RetriableDatanodeEventWatcher (RetriableDatanodeEventWatcher.java:onTimeout(47)) - RetriableDatanodeCommand type=deleteBlocksCommand with id=1560462722234 timed out. Retrying.
2019-06-13 21:52:09,345 INFO  commands.RetriableDatanodeEventWatcher (RetriableDatanodeEventWatcher.java:onTimeout(47)) - RetriableDatanodeCommand type=deleteBlocksCommand with id=1560462722244 timed out. Retrying.
2019-06-13 21:52:09,354 INFO  commands.RetriableDatanodeEventWatcher (RetriableDatanodeEventWatcher.java:onTimeout(47)) - RetriableDatanodeCommand type=deleteBlocksCommand with id=1560462722254 timed out. Retrying.
2019-06-13 21:52:09,364 INFO  commands.RetriableDatanodeEventWatcher (RetriableDatanodeEventWatcher.java:onTimeout(47)) - RetriableDatanodeCommand type=deleteBlocksCommand with id=1560462722264 timed out. Retrying.
2019-06-13 21:52:09,373 INFO  commands.RetriableDatanodeEventWatcher (RetriableDatanodeEventWatcher.java:onTimeout(47)) - RetriableDatanodeCommand type=deleteBlocksCommand with id=1560462722274 timed out. Retrying.
2019-06-13 21:52:09,381 INFO  commands.RetriableDatanodeEventWatcher (RetriableDatanodeEventWatcher.java:onTimeout(47)) - RetriableDatanodeCommand type=deleteBlocksCommand with id=1560462722284 timed out. Retrying.
2019-06-13 21:52:09,391 INFO  commands.RetriableDatanodeEventWatcher (RetriableDatanodeEventWatcher.java:onTimeout(47)) - RetriableDatanodeCommand type=deleteBlocksCommand with id=1560462722294 timed out. Retrying.
2019-06-13 21:52:09,399 DEBUG block.SCMBlockDeletingService (SCMBlockDeletingService.java:call(138)) - Running DeletedBlockTransactionScanner
2019-06-13 21:52:09,399 DEBUG block.SCMBlockDeletingService (SCMBlockDeletingService.java:call(155)) - Scanned deleted blocks log and got 3 delTX to process.
2019-06-13 21:52:09,399 DEBUG block.SCMBlockDeletingService (SCMBlockDeletingService.java:call(171)) - Added delete block command for datanode 2573df58-4087-4dd0-8598-5abddcc696b9 in the queue, number of delete block transactions: 3, TxID list: 1,2,3
2019-06-13 21:52:09,400 INFO  block.SCMBlockDeletingService (SCMBlockDeletingService.java:call(182)) - Totally added 3 delete blocks command for 1 datanodes, task elapsed time: 1ms
2019-06-13 21:52:09,439 INFO  commands.RetriableDatanodeEventWatcher (RetriableDatanodeEventWatcher.java:onTimeout(47)) - RetriableDatanodeCommand type=deleteBlocksCommand with id=1560462722235 timed out. Retrying.
2019-06-13 21:52:09,447 INFO  commands.RetriableDatanodeEventWatcher (RetriableDatanodeEventWatcher.java:onTimeout(47)) - RetriableDatanodeCommand type=deleteBlocksCommand with id=1560462722245 timed out. Retrying.
2019-06-13 21:52:09,456 INFO  commands.RetriableDatanodeEventWatcher (RetriableDatanodeEventWatcher.java:onTimeout(47)) - RetriableDatanodeCommand type=deleteBlocksCommand with id=1560462722255 timed out. Retrying.
2019-06-13 21:52:09,465 INFO  commands.RetriableDatanodeEventWatcher (RetriableDatanodeEventWatcher.java:onTimeout(47)) - RetriableDatanodeCommand type=deleteBlocksCommand with id=1560462722265 timed out. Retrying.
2019-06-13 21:52:09,475 INFO  commands.RetriableDatanodeEventWatcher (RetriableDatanodeEventWatcher.java:onTimeout(47)) - RetriableDatanodeCommand type=deleteBlocksCommand with id=1560462722275 timed out. Retrying.
2019-06-13 21:52:09,482 INFO  commands.RetriableDatanodeEventWatcher (RetriableDatanodeEventWatcher.java:onTimeout(47)) - RetriableDatanodeCommand type=deleteBlocksCommand with id=1560462722285 timed out. Retrying.
2019-06-13 21:52:09,492 INFO  commands.RetriableDatanodeEventWatcher (RetriableDatanodeEventWatcher.java:onTimeout(47)) - RetriableDatanodeCommand type=deleteBlocksCommand with id=1560462722295 timed out. Retrying.
2019-06-13 21:52:09,500 DEBUG block.SCMBlockDeletingService (SCMBlockDeletingService.java:call(138)) - Running DeletedBlockTransactionScanner
2019-06-13 21:52:09,500 DEBUG block.SCMBlockDeletingService (SCMBlockDeletingService.java:call(155)) - Scanned deleted blocks log and got 3 delTX to process.
2019-06-13 21:52:09,500 DEBUG block.SCMBlockDeletingService (SCMBlockDeletingService.java:call(171)) - Added delete block command for datanode 2573df58-4087-4dd0-8598-5abddcc696b9 in the queue, number of delete block transactions: 3, TxID list: 1,2,3
2019-06-13 21:52:09,501 INFO  block.SCMBlockDeletingService (SCMBlockDeletingService.java:call(182)) - Totally added 3 delete blocks command for 1 datanodes, task elapsed time: 1ms
2019-06-13 21:52:09,546 INFO  commands.RetriableDatanodeEventWatcher (RetriableDatanodeEventWatcher.java:onTimeout(47)) - RetriableDatanodeCommand type=deleteBlocksCommand with id=1560462722236 timed out. Retrying.
2019-06-13 21:52:09,548 INFO  commands.RetriableDatanodeEventWatcher (RetriableDatanodeEventWatcher.java:onTimeout(47)) - RetriableDatanodeCommand type=deleteBlocksCommand with id=1560462722246 timed out. Retrying.
2019-06-13 21:52:09,557 INFO  commands.RetriableDatanodeEventWatcher (RetriableDatanodeEventWatcher.java:onTimeout(47)) - RetriableDatanodeCommand type=deleteBlocksCommand with id=1560462722256 timed out. Retrying.
2019-06-13 21:52:09,566 INFO  commands.RetriableDatanodeEventWatcher (RetriableDatanodeEventWatcher.java:onTimeout(47)) - RetriableDatanodeCommand type=deleteBlocksCommand with id=1560462722266 timed out. Retrying.
2019-06-13 21:52:09,576 INFO  commands.RetriableDatanodeEventWatcher (RetriableDatanodeEventWatcher.java:onTimeout(47)) - RetriableDatanodeCommand type=deleteBlocksCommand with id=1560462722276 timed out. Retrying.
2019-06-13 21:52:09,584 INFO  commands.RetriableDatanodeEventWatcher (RetriableDatanodeEventWatcher.java:onTimeout(47)) - RetriableDatanodeCommand type=deleteBlocksCommand with id=1560462722286 timed out. Retrying.
2019-06-13 21:52:09,592 INFO  commands.RetriableDatanodeEventWatcher (RetriableDatanodeEventWatcher.java:onTimeout(47)) - RetriableDatanodeCommand type=deleteBlocksCommand with id=1560462722296 timed out. Retrying.
2019-06-13 21:52:09,601 DEBUG block.SCMBlockDeletingService (SCMBlockDeletingService.java:call(138)) - Running DeletedBlockTransactionScanner
2019-06-13 21:52:09,601 DEBUG block.SCMBlockDeletingService (SCMBlockDeletingService.java:call(155)) - Scanned deleted blocks log and got 3 delTX to process.
2019-06-13 21:52:09,601 DEBUG block.SCMBlockDeletingService (SCMBlockDeletingService.java:call(171)) - Added delete block command for datanode 2573df58-4087-4dd0-8598-5abddcc696b9 in the queue, number of delete block transactions: 3, TxID list: 1,2,3
2019-06-13 21:52:09,601 INFO  block.SCMBlockDeletingService (SCMBlockDeletingService.java:call(182)) - Totally added 3 delete blocks command for 1 datanodes, task elapsed time: 0ms
2019-06-13 21:52:09,639 INFO  commands.RetriableDatanodeEventWatcher (RetriableDatanodeEventWatcher.java:onTimeout(47)) - RetriableDatanodeCommand type=deleteBlocksCommand with id=1560462722237 timed out. Retrying.
2019-06-13 21:52:09,649 INFO  commands.RetriableDatanodeEventWatcher (RetriableDatanodeEventWatcher.java:onTimeout(47)) - RetriableDatanodeCommand type=deleteBlocksCommand with id=1560462722247 timed out. Retrying.
2019-06-13 21:52:09,660 INFO  commands.RetriableDatanodeEventWatcher (RetriableDatanodeEventWatcher.java:onTimeout(47)) - RetriableDatanodeCommand type=deleteBlocksCommand with id=1560462722257 timed out. Retrying.
2019-06-13 21:52:09,667 INFO  commands.RetriableDatanodeEventWatcher (RetriableDatanodeEventWatcher.java:onTimeout(47)) - RetriableDatanodeCommand type=deleteBlocksCommand with id=1560462722267 timed out. Retrying.
2019-06-13 21:52:09,677 INFO  commands.RetriableDatanodeEventWatcher (RetriableDatanodeEventWatcher.java:onTimeout(47)) - RetriableDatanodeCommand type=deleteBlocksCommand with id=1560462722277 timed out. Retrying.
2019-06-13 21:52:09,684 INFO  commands.RetriableDatanodeEventWatcher (RetriableDatanodeEventWatcher.java:onTimeout(47)) - RetriableDatanodeCommand type=deleteBlocksCommand with id=1560462722287 timed out. Retrying.
2019-06-13 21:52:09,693 INFO  commands.RetriableDatanodeEventWatcher (RetriableDatanodeEventWatcher.java:onTimeout(47)) - RetriableDatanodeCommand type=deleteBlocksCommand with id=1560462722297 timed out. Retrying.
2019-06-13 21:52:09,702 DEBUG block.SCMBlockDeletingService (SCMBlockDeletingService.java:call(138)) - Running DeletedBlockTransactionScanner
2019-06-13 21:52:09,702 DEBUG block.SCMBlockDeletingService (SCMBlockDeletingService.java:call(155)) - Scanned deleted blocks log and got 3 delTX to process.
2019-06-13 21:52:09,702 DEBUG block.SCMBlockDeletingService (SCMBlockDeletingService.java:call(171)) - Added delete block command for datanode 2573df58-4087-4dd0-8598-5abddcc696b9 in the queue, number of delete block transactions: 3, TxID list: 1,2,3
2019-06-13 21:52:09,702 INFO  block.SCMBlockDeletingService (SCMBlockDeletingService.java:call(182)) - Totally added 3 delete blocks command for 1 datanodes, task elapsed time: 0ms
2019-06-13 21:52:09,741 INFO  commands.RetriableDatanodeEventWatcher (RetriableDatanodeEventWatcher.java:onTimeout(47)) - RetriableDatanodeCommand type=deleteBlocksCommand with id=1560462722238 timed out. Retrying.
2019-06-13 21:52:09,749 INFO  commands.RetriableDatanodeEventWatcher (RetriableDatanodeEventWatcher.java:onTimeout(47)) - RetriableDatanodeCommand type=deleteBlocksCommand with id=1560462722248 timed out. Retrying.
2019-06-13 21:52:09,760 INFO  commands.RetriableDatanodeEventWatcher (RetriableDatanodeEventWatcher.java:onTimeout(47)) - RetriableDatanodeCommand type=deleteBlocksCommand with id=1560462722258 timed out. Retrying.
2019-06-13 21:52:09,768 INFO  commands.RetriableDatanodeEventWatcher (RetriableDatanodeEventWatcher.java:onTimeout(47)) - RetriableDatanodeCommand type=deleteBlocksCommand with id=1560462722268 timed out. Retrying.
2019-06-13 21:52:09,777 INFO  commands.RetriableDatanodeEventWatcher (RetriableDatanodeEventWatcher.java:onTimeout(47)) - RetriableDatanodeCommand type=deleteBlocksCommand with id=1560462722278 timed out. Retrying.
2019-06-13 21:52:09,785 INFO  commands.RetriableDatanodeEventWatcher (RetriableDatanodeEventWatcher.java:onTimeout(47)) - RetriableDatanodeCommand type=deleteBlocksCommand with id=1560462722288 timed out. Retrying.
2019-06-13 21:52:09,794 INFO  commands.RetriableDatanodeEventWatcher (RetriableDatanodeEventWatcher.java:onTimeout(47)) - RetriableDatanodeCommand type=deleteBlocksCommand with id=1560462722298 timed out. Retrying.
2019-06-13 21:52:09,802 DEBUG block.SCMBlockDeletingService (SCMBlockDeletingService.java:call(138)) - Running DeletedBlockTransactionScanner
2019-06-13 21:52:09,803 DEBUG block.SCMBlockDeletingService (SCMBlockDeletingService.java:call(155)) - Scanned deleted blocks log and got 3 delTX to process.
2019-06-13 21:52:09,803 DEBUG block.SCMBlockDeletingService (SCMBlockDeletingService.java:call(171)) - Added delete block command for datanode 2573df58-4087-4dd0-8598-5abddcc696b9 in the queue, number of delete block transactions: 3, TxID list: 1,2,3
2019-06-13 21:52:09,803 INFO  block.SCMBlockDeletingService (SCMBlockDeletingService.java:call(182)) - Totally added 3 delete blocks command for 1 datanodes, task elapsed time: 1ms
2019-06-13 21:52:09,843 INFO  commands.RetriableDatanodeEventWatcher (RetriableDatanodeEventWatcher.java:onTimeout(47)) - RetriableDatanodeCommand type=deleteBlocksCommand with id=1560462722239 timed out. Retrying.
2019-06-13 21:52:09,850 INFO  commands.RetriableDatanodeEventWatcher (RetriableDatanodeEventWatcher.java:onTimeout(47)) - RetriableDatanodeCommand type=deleteBlocksCommand with id=1560462722249 timed out. Retrying.
2019-06-13 21:52:09,860 INFO  commands.RetriableDatanodeEventWatcher (RetriableDatanodeEventWatcher.java:onTimeout(47)) - RetriableDatanodeCommand type=deleteBlocksCommand with id=1560462722259 timed out. Retrying.
2019-06-13 21:52:09,870 INFO  commands.RetriableDatanodeEventWatcher (RetriableDatanodeEventWatcher.java:onTimeout(47)) - RetriableDatanodeCommand type=deleteBlocksCommand with id=1560462722269 timed out. Retrying.
2019-06-13 21:52:09,879 INFO  commands.RetriableDatanodeEventWatcher (RetriableDatanodeEventWatcher.java:onTimeout(47)) - RetriableDatanodeCommand type=deleteBlocksCommand with id=1560462722279 timed out. Retrying.
2019-06-13 21:52:09,886 INFO  commands.RetriableDatanodeEventWatcher (RetriableDatanodeEventWatcher.java:onTimeout(47)) - RetriableDatanodeCommand type=deleteBlocksCommand with id=1560462722289 timed out. Retrying.
2019-06-13 21:52:09,895 INFO  commands.RetriableDatanodeEventWatcher (RetriableDatanodeEventWatcher.java:onTimeout(47)) - RetriableDatanodeCommand type=deleteBlocksCommand with id=1560462722299 timed out. Retrying.
2019-06-13 21:52:09,903 DEBUG block.SCMBlockDeletingService (SCMBlockDeletingService.java:call(138)) - Running DeletedBlockTransactionScanner
2019-06-13 21:52:09,903 DEBUG block.SCMBlockDeletingService (SCMBlockDeletingService.java:call(155)) - Scanned deleted blocks log and got 3 delTX to process.
2019-06-13 21:52:09,904 DEBUG block.SCMBlockDeletingService (SCMBlockDeletingService.java:call(171)) - Added delete block command for datanode 2573df58-4087-4dd0-8598-5abddcc696b9 in the queue, number of delete block transactions: 3, TxID list: 1,2,3
2019-06-13 21:52:09,904 INFO  block.SCMBlockDeletingService (SCMBlockDeletingService.java:call(182)) - Totally added 3 delete blocks command for 1 datanodes, task elapsed time: 1ms
2019-06-13 21:52:09,947 INFO  commands.RetriableDatanodeEventWatcher (RetriableDatanodeEventWatcher.java:onTimeout(47)) - RetriableDatanodeCommand type=deleteBlocksCommand with id=1560462722240 timed out. Retrying.
2019-06-13 21:52:09,951 INFO  commands.RetriableDatanodeEventWatcher (RetriableDatanodeEventWatcher.java:onTimeout(47)) - RetriableDatanodeCommand type=deleteBlocksCommand with id=1560462722250 timed out. Retrying.
2019-06-13 21:52:09,962 INFO  commands.RetriableDatanodeEventWatcher (RetriableDatanodeEventWatcher.java:onTimeout(47)) - RetriableDatanodeCommand type=deleteBlocksCommand with id=1560462722260 timed out. Retrying.
2019-06-13 21:52:09,971 INFO  commands.RetriableDatanodeEventWatcher (RetriableDatanodeEventWatcher.java:onTimeout(47)) - RetriableDatanodeCommand type=deleteBlocksCommand with id=1560462722270 timed out. Retrying.
2019-06-13 21:52:09,987 INFO  commands.RetriableDatanodeEventWatcher (RetriableDatanodeEventWatcher.java:onTimeout(47)) - RetriableDatanodeCommand type=deleteBlocksCommand with id=1560462722290 timed out. Retrying.
2019-06-13 21:52:09,987 INFO  commands.RetriableDatanodeEventWatcher (RetriableDatanodeEventWatcher.java:onTimeout(47)) - RetriableDatanodeCommand type=deleteBlocksCommand with id=1560462722280 timed out. Retrying.
2019-06-13 21:52:09,996 INFO  commands.RetriableDatanodeEventWatcher (RetriableDatanodeEventWatcher.java:onTimeout(47)) - RetriableDatanodeCommand type=deleteBlocksCommand with id=1560462722300 timed out. Retrying.
2019-06-13 21:52:10,004 DEBUG block.SCMBlockDeletingService (SCMBlockDeletingService.java:call(138)) - Running DeletedBlockTransactionScanner
2019-06-13 21:52:10,004 INFO  ozone.MiniOzoneClusterImpl (MiniOzoneClusterImpl.java:lambda$waitForClusterToBeReady$0(142)) - Waiting for cluster to be ready. Got 0 of 1 DN Heartbeats.
2019-06-13 21:52:10,005 DEBUG block.SCMBlockDeletingService (SCMBlockDeletingService.java:call(155)) - Scanned deleted blocks log and got 3 delTX to process.
2019-06-13 21:52:10,005 DEBUG block.SCMBlockDeletingService (SCMBlockDeletingService.java:call(171)) - Added delete block command for datanode 2573df58-4087-4dd0-8598-5abddcc696b9 in the queue, number of delete block transactions: 3, TxID list: 1,2,3
2019-06-13 21:52:10,005 INFO  block.SCMBlockDeletingService (SCMBlockDeletingService.java:call(182)) - Totally added 3 delete blocks command for 1 datanodes, task elapsed time: 1ms
2019-06-13 21:52:10,011 INFO  block.SCMBlockDeletingService (SCMBlockDeletingService.java:handlePendingDeletes(115)) - Block deletion txnID mismatch in datanode 2573df58-4087-4dd0-8598-5abddcc696b9 for containerID 1. Datanode delete txnID: 0, SCM txnID: 1
2019-06-13 21:52:10,011 INFO  block.SCMBlockDeletingService (SCMBlockDeletingService.java:handlePendingDeletes(115)) - Block deletion txnID mismatch in datanode 2573df58-4087-4dd0-8598-5abddcc696b9 for containerID 2. Datanode delete txnID: 0, SCM txnID: 2
2019-06-13 21:52:10,011 INFO  block.SCMBlockDeletingService (SCMBlockDeletingService.java:handlePendingDeletes(115)) - Block deletion txnID mismatch in datanode 2573df58-4087-4dd0-8598-5abddcc696b9 for containerID 3. Datanode delete txnID: 0, SCM txnID: 3
2019-06-13 21:52:10,043 INFO  commands.RetriableDatanodeEventWatcher (RetriableDatanodeEventWatcher.java:onTimeout(47)) - RetriableDatanodeCommand type=deleteBlocksCommand with id=1560462722241 timed out. Retrying.
2019-06-13 21:52:10,053 INFO  commands.RetriableDatanodeEventWatcher (RetriableDatanodeEventWatcher.java:onTimeout(47)) - RetriableDatanodeCommand type=deleteBlocksCommand with id=1560462722251 timed out. Retrying.
2019-06-13 21:52:10,062 INFO  commands.RetriableDatanodeEventWatcher (RetriableDatanodeEventWatcher.java:onTimeout(47)) - RetriableDatanodeCommand type=deleteBlocksCommand with id=1560462722261 timed out. Retrying.
2019-06-13 21:52:10,070 INFO  commands.RetriableDatanodeEventWatcher (RetriableDatanodeEventWatcher.java:onTimeout(47)) - RetriableDatanodeCommand type=deleteBlocksCommand with id=1560462722271 timed out. Retrying.
2019-06-13 21:52:10,080 INFO  commands.RetriableDatanodeEventWatcher (RetriableDatanodeEventWatcher.java:onTimeout(47)) - RetriableDatanodeCommand type=deleteBlocksCommand with id=1560462722281 timed out. Retrying.
2019-06-13 21:52:10,088 INFO  commands.RetriableDatanodeEventWatcher (RetriableDatanodeEventWatcher.java:onTimeout(47)) - RetriableDatanodeCommand type=deleteBlocksCommand with id=1560462722291 timed out. Retrying.
2019-06-13 21:52:10,097 INFO  commands.RetriableDatanodeEventWatcher (RetriableDatanodeEventWatcher.java:onTimeout(47)) - RetriableDatanodeCommand type=deleteBlocksCommand with id=1560462722301 timed out. Retrying.
2019-06-13 21:52:10,105 DEBUG block.SCMBlockDeletingService (SCMBlockDeletingService.java:call(138)) - Running DeletedBlockTransactionScanner
2019-06-13 21:52:10,106 DEBUG block.SCMBlockDeletingService (SCMBlockDeletingService.java:call(155)) - Scanned deleted blocks log and got 3 delTX to process.
2019-06-13 21:52:10,106 DEBUG block.SCMBlockDeletingService (SCMBlockDeletingService.java:call(171)) - Added delete block command for datanode 2573df58-4087-4dd0-8598-5abddcc696b9 in the queue, number of delete block transactions: 3, TxID list: 1,2,3
2019-06-13 21:52:10,106 INFO  block.SCMBlockDeletingService (SCMBlockDeletingService.java:call(182)) - Totally added 3 delete blocks command for 1 datanodes, task elapsed time: 1ms
2019-06-13 21:52:10,142 INFO  commands.RetriableDatanodeEventWatcher (RetriableDatanodeEventWatcher.java:onTimeout(47)) - RetriableDatanodeCommand type=deleteBlocksCommand with id=1560462722242 timed out. Retrying.
2019-06-13 21:52:10,154 INFO  commands.RetriableDatanodeEventWatcher (RetriableDatanodeEventWatcher.java:onTimeout(47)) - RetriableDatanodeCommand type=deleteBlocksCommand with id=1560462722252 timed out. Retrying.
2019-06-13 21:52:10,163 INFO  commands.RetriableDatanodeEventWatcher (RetriableDatanodeEventWatcher.java:onTimeout(47)) - RetriableDatanodeCommand type=deleteBlocksCommand with id=1560462722262 timed out. Retrying.
2019-06-13 21:52:10,171 INFO  commands.RetriableDatanodeEventWatcher (RetriableDatanodeEventWatcher.java:onTimeout(47)) - RetriableDatanodeCommand type=deleteBlocksCommand with id=1560462722272 timed out. Retrying.
2019-06-13 21:52:10,180 INFO  commands.RetriableDatanodeEventWatcher (RetriableDatanodeEventWatcher.java:onTimeout(47)) - RetriableDatanodeCommand type=deleteBlocksCommand with id=1560462722282 timed out. Retrying.
2019-06-13 21:52:10,190 INFO  commands.RetriableDatanodeEventWatcher (RetriableDatanodeEventWatcher.java:onTimeout(47)) - RetriableDatanodeCommand type=deleteBlocksCommand with id=1560462722292 timed out. Retrying.
2019-06-13 21:52:10,198 INFO  commands.RetriableDatanodeEventWatcher (RetriableDatanodeEventWatcher.java:onTimeout(47)) - RetriableDatanodeCommand type=deleteBlocksCommand with id=1560462722302 timed out. Retrying.
2019-06-13 21:52:10,206 DEBUG block.SCMBlockDeletingService (SCMBlockDeletingService.java:call(138)) - Running DeletedBlockTransactionScanner
2019-06-13 21:52:10,206 DEBUG block.SCMBlockDeletingService (SCMBlockDeletingService.java:call(155)) - Scanned deleted blocks log and got 3 delTX to process.
2019-06-13 21:52:10,207 DEBUG block.SCMBlockDeletingService (SCMBlockDeletingService.java:call(171)) - Added delete block command for datanode 2573df58-4087-4dd0-8598-5abddcc696b9 in the queue, number of delete block transactions: 3, TxID list: 1,2,3
2019-06-13 21:52:10,207 INFO  block.SCMBlockDeletingService (SCMBlockDeletingService.java:call(182)) - Totally added 3 delete blocks command for 1 datanodes, task elapsed time: 1ms
2019-06-13 21:52:10,237 INFO  commands.RetriableDatanodeEventWatcher (RetriableDatanodeEventWatcher.java:onTimeout(47)) - RetriableDatanodeCommand type=deleteBlocksCommand with id=1560462722233 timed out. Retrying.
2019-06-13 21:52:10,245 INFO  commands.RetriableDatanodeEventWatcher (RetriableDatanodeEventWatcher.java:onTimeout(47)) - RetriableDatanodeCommand type=deleteBlocksCommand with id=1560462722243 timed out. Retrying.
2019-06-13 21:52:10,254 INFO  commands.RetriableDatanodeEventWatcher (RetriableDatanodeEventWatcher.java:onTimeout(47)) - RetriableDatanodeCommand type=deleteBlocksCommand with id=1560462722253 timed out. Retrying.
2019-06-13 21:52:10,264 INFO  commands.RetriableDatanodeEventWatcher (RetriableDatanodeEventWatcher.java:onTimeout(47)) - RetriableDatanodeCommand type=deleteBlocksCommand with id=1560462722263 timed out. Retrying.
2019-06-13 21:52:10,272 INFO  commands.RetriableDatanodeEventWatcher (RetriableDatanodeEventWatcher.java:onTimeout(47)) - RetriableDatanodeCommand type=deleteBlocksCommand with id=1560462722273 timed out. Retrying.
2019-06-13 21:52:10,281 INFO  commands.RetriableDatanodeEventWatcher (RetriableDatanodeEventWatcher.java:onTimeout(47)) - RetriableDatanodeCommand type=deleteBlocksCommand with id=1560462722283 timed out. Retrying.
2019-06-13 21:52:10,290 INFO  commands.RetriableDatanodeEventWatcher (RetriableDatanodeEventWatcher.java:onTimeout(47)) - RetriableDatanodeCommand type=deleteBlocksCommand with id=1560462722293 timed out. Retrying.
2019-06-13 21:52:10,299 INFO  commands.RetriableDatanodeEventWatcher (RetriableDatanodeEventWatcher.java:onTimeout(47)) - RetriableDatanodeCommand type=deleteBlocksCommand with id=1560462722303 timed out. Retrying.
2019-06-13 21:52:10,307 DEBUG block.SCMBlockDeletingService (SCMBlockDeletingService.java:call(138)) - Running DeletedBlockTransactionScanner
2019-06-13 21:52:10,307 DEBUG block.SCMBlockDeletingService (SCMBlockDeletingService.java:call(155)) - Scanned deleted blocks log and got 3 delTX to process.
2019-06-13 21:52:10,307 DEBUG block.SCMBlockDeletingService (SCMBlockDeletingService.java:call(171)) - Added delete block command for datanode 2573df58-4087-4dd0-8598-5abddcc696b9 in the queue, number of delete block transactions: 3, TxID list: 1,2,3
2019-06-13 21:52:10,308 INFO  block.SCMBlockDeletingService (SCMBlockDeletingService.java:call(182)) - Totally added 3 delete blocks command for 1 datanodes, task elapsed time: 1ms
2019-06-13 21:52:10,338 INFO  commands.RetriableDatanodeEventWatcher (RetriableDatanodeEventWatcher.java:onTimeout(47)) - RetriableDatanodeCommand type=deleteBlocksCommand with id=1560462722234 timed out. Retrying.
2019-06-13 21:52:10,345 INFO  commands.RetriableDatanodeEventWatcher (RetriableDatanodeEventWatcher.java:onTimeout(47)) - RetriableDatanodeCommand type=deleteBlocksCommand with id=1560462722244 timed out. Retrying.
2019-06-13 21:52:10,354 INFO  commands.RetriableDatanodeEventWatcher (RetriableDatanodeEventWatcher.java:onTimeout(47)) - RetriableDatanodeCommand type=deleteBlocksCommand with id=1560462722254 timed out. Retrying.
2019-06-13 21:52:10,364 INFO  commands.RetriableDatanodeEventWatcher (RetriableDatanodeEventWatcher.java:onTimeout(47)) - RetriableDatanodeCommand type=deleteBlocksCommand with id=1560462722264 timed out. Retrying.
2019-06-13 21:52:10,373 INFO  commands.RetriableDatanodeEventWatcher (RetriableDatanodeEventWatcher.java:onTimeout(47)) - RetriableDatanodeCommand type=deleteBlocksCommand with id=1560462722274 timed out. Retrying.
2019-06-13 21:52:10,381 INFO  commands.RetriableDatanodeEventWatcher (RetriableDatanodeEventWatcher.java:onTimeout(47)) - RetriableDatanodeCommand type=deleteBlocksCommand with id=1560462722284 timed out. Retrying.
2019-06-13 21:52:10,392 INFO  commands.RetriableDatanodeEventWatcher (RetriableDatanodeEventWatcher.java:onTimeout(47)) - RetriableDatanodeCommand type=deleteBlocksCommand with id=1560462722294 timed out. Retrying.
2019-06-13 21:52:10,399 INFO  commands.RetriableDatanodeEventWatcher (RetriableDatanodeEventWatcher.java:onTimeout(47)) - RetriableDatanodeCommand type=deleteBlocksCommand with id=1560462722304 timed out. Retrying.
2019-06-13 21:52:10,408 DEBUG block.SCMBlockDeletingService (SCMBlockDeletingService.java:call(138)) - Running DeletedBlockTransactionScanner
2019-06-13 21:52:10,408 DEBUG block.SCMBlockDeletingService (SCMBlockDeletingService.java:call(155)) - Scanned deleted blocks log and got 3 delTX to process.
2019-06-13 21:52:10,408 DEBUG block.SCMBlockDeletingService (SCMBlockDeletingService.java:call(171)) - Added delete block command for datanode 2573df58-4087-4dd0-8598-5abddcc696b9 in the queue, number of delete block transactions: 3, TxID list: 1,2,3
2019-06-13 21:52:10,408 INFO  block.SCMBlockDeletingService (SCMBlockDeletingService.java:call(182)) - Totally added 3 delete blocks command for 1 datanodes, task elapsed time: 0ms
2019-06-13 21:52:10,440 INFO  commands.RetriableDatanodeEventWatcher (RetriableDatanodeEventWatcher.java:onTimeout(47)) - RetriableDatanodeCommand type=deleteBlocksCommand with id=1560462722235 timed out. Retrying.
2019-06-13 21:52:10,448 INFO  commands.RetriableDatanodeEventWatcher (RetriableDatanodeEventWatcher.java:onTimeout(47)) - RetriableDatanodeCommand type=deleteBlocksCommand with id=1560462722245 timed out. Retrying.
2019-06-13 21:52:10,457 INFO  commands.RetriableDatanodeEventWatcher (RetriableDatanodeEventWatcher.java:onTimeout(47)) - RetriableDatanodeCommand type=deleteBlocksCommand with id=1560462722255 timed out. Retrying.
2019-06-13 21:52:10,465 INFO  commands.RetriableDatanodeEventWatcher (RetriableDatanodeEventWatcher.java:onTimeout(47)) - RetriableDatanodeCommand type=deleteBlocksCommand with id=1560462722265 timed out. Retrying.
2019-06-13 21:52:10,475 INFO  commands.RetriableDatanodeEventWatcher (RetriableDatanodeEventWatcher.java:onTimeout(47)) - RetriableDatanodeCommand type=deleteBlocksCommand with id=1560462722275 timed out. Retrying.
2019-06-13 21:52:10,482 INFO  commands.RetriableDatanodeEventWatcher (RetriableDatanodeEventWatcher.java:onTimeout(47)) - RetriableDatanodeCommand type=deleteBlocksCommand with id=1560462722285 timed out. Retrying.
2019-06-13 21:52:10,493 INFO  commands.RetriableDatanodeEventWatcher (RetriableDatanodeEventWatcher.java:onTimeout(47)) - RetriableDatanodeCommand type=deleteBlocksCommand with id=1560462722295 timed out. Retrying.
2019-06-13 21:52:10,500 INFO  commands.RetriableDatanodeEventWatcher (RetriableDatanodeEventWatcher.java:onTimeout(47)) - RetriableDatanodeCommand type=deleteBlocksCommand with id=1560462722305 timed out. Retrying.
2019-06-13 21:52:10,508 DEBUG block.SCMBlockDeletingService (SCMBlockDeletingService.java:call(138)) - Running DeletedBlockTransactionScanner
2019-06-13 21:52:10,509 DEBUG block.SCMBlockDeletingService (SCMBlockDeletingService.java:call(155)) - Scanned deleted blocks log and got 3 delTX to process.
2019-06-13 21:52:10,509 DEBUG block.SCMBlockDeletingService (SCMBlockDeletingService.java:call(171)) - Added delete block command for datanode 2573df58-4087-4dd0-8598-5abddcc696b9 in the queue, number of delete block transactions: 3, TxID list: 1,2,3
2019-06-13 21:52:10,509 INFO  block.SCMBlockDeletingService (SCMBlockDeletingService.java:call(182)) - Totally added 3 delete blocks command for 1 datanodes, task elapsed time: 0ms
2019-06-13 21:52:10,547 INFO  commands.RetriableDatanodeEventWatcher (RetriableDatanodeEventWatcher.java:onTimeout(47)) - RetriableDatanodeCommand type=deleteBlocksCommand with id=1560462722236 timed out. Retrying.
2019-06-13 21:52:10,548 INFO  commands.RetriableDatanodeEventWatcher (RetriableDatanodeEventWatcher.java:onTimeout(47)) - RetriableDatanodeCommand type=deleteBlocksCommand with id=1560462722246 timed out. Retrying.
2019-06-13 21:52:10,557 INFO  commands.RetriableDatanodeEventWatcher (RetriableDatanodeEventWatcher.java:onTimeout(47)) - RetriableDatanodeCommand type=deleteBlocksCommand with id=1560462722256 timed out. Retrying.
2019-06-13 21:52:10,566 INFO  commands.RetriableDatanodeEventWatcher (RetriableDatanodeEventWatcher.java:onTimeout(47)) - RetriableDatanodeCommand type=deleteBlocksCommand with id=1560462722266 timed out. Retrying.
2019-06-13 21:52:10,576 INFO  commands.RetriableDatanodeEventWatcher (RetriableDatanodeEventWatcher.java:onTimeout(47)) - RetriableDatanodeCommand type=deleteBlocksCommand with id=1560462722276 timed out. Retrying.
2019-06-13 21:52:10,584 INFO  commands.RetriableDatanodeEventWatcher (RetriableDatanodeEventWatcher.java:onTimeout(47)) - RetriableDatanodeCommand type=deleteBlocksCommand with id=1560462722286 timed out. Retrying.
2019-06-13 21:52:10,592 INFO  commands.RetriableDatanodeEventWatcher (RetriableDatanodeEventWatcher.java:onTimeout(47)) - RetriableDatanodeCommand type=deleteBlocksCommand with id=1560462722296 timed out. Retrying.
2019-06-13 21:52:10,601 INFO  commands.RetriableDatanodeEventWatcher (RetriableDatanodeEventWatcher.java:onTimeout(47)) - RetriableDatanodeCommand type=deleteBlocksCommand with id=1560462722306 timed out. Retrying.
2019-06-13 21:52:10,609 DEBUG block.SCMBlockDeletingService (SCMBlockDeletingService.java:call(138)) - Running DeletedBlockTransactionScanner
2019-06-13 21:52:10,610 DEBUG block.SCMBlockDeletingService (SCMBlockDeletingService.java:call(155)) - Scanned deleted blocks log and got 3 delTX to process.
2019-06-13 21:52:10,610 DEBUG block.SCMBlockDeletingService (SCMBlockDeletingService.java:call(171)) - Added delete block command for datanode 2573df58-4087-4dd0-8598-5abddcc696b9 in the queue, number of delete block transactions: 3, TxID list: 1,2,3
2019-06-13 21:52:10,610 INFO  block.SCMBlockDeletingService (SCMBlockDeletingService.java:call(182)) - Totally added 3 delete blocks command for 1 datanodes, task elapsed time: 1ms
2019-06-13 21:52:10,640 INFO  commands.RetriableDatanodeEventWatcher (RetriableDatanodeEventWatcher.java:onTimeout(47)) - RetriableDatanodeCommand type=deleteBlocksCommand with id=1560462722237 timed out. Retrying.
2019-06-13 21:52:10,649 INFO  commands.RetriableDatanodeEventWatcher (RetriableDatanodeEventWatcher.java:onTimeout(47)) - RetriableDatanodeCommand type=deleteBlocksCommand with id=1560462722247 timed out. Retrying.
2019-06-13 21:52:10,660 INFO  commands.RetriableDatanodeEventWatcher (RetriableDatanodeEventWatcher.java:onTimeout(47)) - RetriableDatanodeCommand type=deleteBlocksCommand with id=1560462722257 timed out. Retrying.
2019-06-13 21:52:10,667 INFO  commands.RetriableDatanodeEventWatcher (RetriableDatanodeEventWatcher.java:onTimeout(47)) - RetriableDatanodeCommand type=deleteBlocksCommand with id=1560462722267 timed out. Retrying.
2019-06-13 21:52:10,678 INFO  commands.RetriableDatanodeEventWatcher (RetriableDatanodeEventWatcher.java:onTimeout(47)) - RetriableDatanodeCommand type=deleteBlocksCommand with id=1560462722277 timed out. Retrying.
2019-06-13 21:52:10,684 INFO  commands.RetriableDatanodeEventWatcher (RetriableDatanodeEventWatcher.java:onTimeout(47)) - RetriableDatanodeCommand type=deleteBlocksCommand with id=1560462722287 timed out. Retrying.
2019-06-13 21:52:10,693 INFO  commands.RetriableDatanodeEventWatcher (RetriableDatanodeEventWatcher.java:onTimeout(47)) - RetriableDatanodeCommand type=deleteBlocksCommand with id=1560462722297 timed out. Retrying.
2019-06-13 21:52:10,702 INFO  commands.RetriableDatanodeEventWatcher (RetriableDatanodeEventWatcher.java:onTimeout(47)) - RetriableDatanodeCommand type=deleteBlocksCommand with id=1560462722307 timed out. Retrying.
2019-06-13 21:52:10,710 DEBUG block.SCMBlockDeletingService (SCMBlockDeletingService.java:call(138)) - Running DeletedBlockTransactionScanner
2019-06-13 21:52:10,710 DEBUG block.SCMBlockDeletingService (SCMBlockDeletingService.java:call(155)) - Scanned deleted blocks log and got 3 delTX to process.
2019-06-13 21:52:10,711 DEBUG block.SCMBlockDeletingService (SCMBlockDeletingService.java:call(171)) - Added delete block command for datanode 2573df58-4087-4dd0-8598-5abddcc696b9 in the queue, number of delete block transactions: 3, TxID list: 1,2,3
2019-06-13 21:52:10,711 INFO  block.SCMBlockDeletingService (SCMBlockDeletingService.java:call(182)) - Totally added 3 delete blocks command for 1 datanodes, task elapsed time: 1ms
2019-06-13 21:52:10,741 INFO  commands.RetriableDatanodeEventWatcher (RetriableDatanodeEventWatcher.java:onTimeout(47)) - RetriableDatanodeCommand type=deleteBlocksCommand with id=1560462722238 timed out. Retrying.
2019-06-13 21:52:10,749 INFO  commands.RetriableDatanodeEventWatcher (RetriableDatanodeEventWatcher.java:onTimeout(47)) - RetriableDatanodeCommand type=deleteBlocksCommand with id=1560462722248 timed out. Retrying.
2019-06-13 21:52:10,760 INFO  commands.RetriableDatanodeEventWatcher (RetriableDatanodeEventWatcher.java:onTimeout(47)) - RetriableDatanodeCommand type=deleteBlocksCommand with id=1560462722258 timed out. Retrying.
2019-06-13 21:52:10,768 INFO  commands.RetriableDatanodeEventWatcher (RetriableDatanodeEventWatcher.java:onTimeout(47)) - RetriableDatanodeCommand type=deleteBlocksCommand with id=1560462722268 timed out. Retrying.
2019-06-13 21:52:10,777 INFO  commands.RetriableDatanodeEventWatcher (RetriableDatanodeEventWatcher.java:onTimeout(47)) - RetriableDatanodeCommand type=deleteBlocksCommand with id=1560462722278 timed out. Retrying.
2019-06-13 21:52:10,786 INFO  commands.RetriableDatanodeEventWatcher (RetriableDatanodeEventWatcher.java:onTimeout(47)) - RetriableDatanodeCommand type=deleteBlocksCommand with id=1560462722288 timed out. Retrying.
2019-06-13 21:52:10,794 INFO  commands.RetriableDatanodeEventWatcher (RetriableDatanodeEventWatcher.java:onTimeout(47)) - RetriableDatanodeCommand type=deleteBlocksCommand with id=1560462722298 timed out. Retrying.
2019-06-13 21:52:10,803 INFO  commands.RetriableDatanodeEventWatcher (RetriableDatanodeEventWatcher.java:onTimeout(47)) - RetriableDatanodeCommand type=deleteBlocksCommand with id=1560462722308 timed out. Retrying.
2019-06-13 21:52:10,811 DEBUG block.SCMBlockDeletingService (SCMBlockDeletingService.java:call(138)) - Running DeletedBlockTransactionScanner
2019-06-13 21:52:10,811 DEBUG block.SCMBlockDeletingService (SCMBlockDeletingService.java:call(155)) - Scanned deleted blocks log and got 3 delTX to process.
2019-06-13 21:52:10,811 DEBUG block.SCMBlockDeletingService (SCMBlockDeletingService.java:call(171)) - Added delete block command for datanode 2573df58-4087-4dd0-8598-5abddcc696b9 in the queue, number of delete block transactions: 3, TxID list: 1,2,3
2019-06-13 21:52:10,812 INFO  block.SCMBlockDeletingService (SCMBlockDeletingService.java:call(182)) - Totally added 3 delete blocks command for 1 datanodes, task elapsed time: 1ms
2019-06-13 21:52:10,843 INFO  commands.RetriableDatanodeEventWatcher (RetriableDatanodeEventWatcher.java:onTimeout(47)) - RetriableDatanodeCommand type=deleteBlocksCommand with id=1560462722239 timed out. Retrying.
2019-06-13 21:52:10,850 INFO  commands.RetriableDatanodeEventWatcher (RetriableDatanodeEventWatcher.java:onTimeout(47)) - RetriableDatanodeCommand type=deleteBlocksCommand with id=1560462722249 timed out. Retrying.
2019-06-13 21:52:10,861 INFO  commands.RetriableDatanodeEventWatcher (RetriableDatanodeEventWatcher.java:onTimeout(47)) - RetriableDatanodeCommand type=deleteBlocksCommand with id=1560462722259 timed out. Retrying.
2019-06-13 21:52:10,870 INFO  commands.RetriableDatanodeEventWatcher (RetriableDatanodeEventWatcher.java:onTimeout(47)) - RetriableDatanodeCommand type=deleteBlocksCommand with id=1560462722269 timed out. Retrying.
2019-06-13 21:52:10,880 INFO  commands.RetriableDatanodeEventWatcher (RetriableDatanodeEventWatcher.java:onTimeout(47)) - RetriableDatanodeCommand type=deleteBlocksCommand with id=1560462722279 timed out. Retrying.
2019-06-13 21:52:10,886 INFO  commands.RetriableDatanodeEventWatcher (RetriableDatanodeEventWatcher.java:onTimeout(47)) - RetriableDatanodeCommand type=deleteBlocksCommand with id=1560462722289 timed out. Retrying.
2019-06-13 21:52:10,896 INFO  commands.RetriableDatanodeEventWatcher (RetriableDatanodeEventWatcher.java:onTimeout(47)) - RetriableDatanodeCommand type=deleteBlocksCommand with id=1560462722299 timed out. Retrying.
2019-06-13 21:52:10,904 INFO  commands.RetriableDatanodeEventWatcher (RetriableDatanodeEventWatcher.java:onTimeout(47)) - RetriableDatanodeCommand type=deleteBlocksCommand with id=1560462722309 timed out. Retrying.
2019-06-13 21:52:10,912 DEBUG block.SCMBlockDeletingService (SCMBlockDeletingService.java:call(138)) - Running DeletedBlockTransactionScanner
2019-06-13 21:52:10,912 DEBUG block.SCMBlockDeletingService (SCMBlockDeletingService.java:call(155)) - Scanned deleted blocks log and got 3 delTX to process.
2019-06-13 21:52:10,912 DEBUG block.SCMBlockDeletingService (SCMBlockDeletingService.java:call(171)) - Added delete block command for datanode 2573df58-4087-4dd0-8598-5abddcc696b9 in the queue, number of delete block transactions: 3, TxID list: 1,2,3
2019-06-13 21:52:10,912 INFO  block.SCMBlockDeletingService (SCMBlockDeletingService.java:call(182)) - Totally added 3 delete blocks command for 1 datanodes, task elapsed time: 1ms
2019-06-13 21:52:10,947 INFO  commands.RetriableDatanodeEventWatcher (RetriableDatanodeEventWatcher.java:onTimeout(47)) - RetriableDatanodeCommand type=deleteBlocksCommand with id=1560462722240 timed out. Retrying.
2019-06-13 21:52:10,951 INFO  commands.RetriableDatanodeEventWatcher (RetriableDatanodeEventWatcher.java:onTimeout(47)) - RetriableDatanodeCommand type=deleteBlocksCommand with id=1560462722250 timed out. Retrying.
2019-06-13 21:52:10,963 INFO  commands.RetriableDatanodeEventWatcher (RetriableDatanodeEventWatcher.java:onTimeout(47)) - RetriableDatanodeCommand type=deleteBlocksCommand with id=1560462722260 timed out. Retrying.
2019-06-13 21:52:10,971 INFO  commands.RetriableDatanodeEventWatcher (RetriableDatanodeEventWatcher.java:onTimeout(47)) - RetriableDatanodeCommand type=deleteBlocksCommand with id=1560462722270 timed out. Retrying.
2019-06-13 21:52:10,987 INFO  commands.RetriableDatanodeEventWatcher (RetriableDatanodeEventWatcher.java:onTimeout(47)) - RetriableDatanodeCommand type=deleteBlocksCommand with id=1560462722290 timed out. Retrying.
2019-06-13 21:52:10,988 INFO  commands.RetriableDatanodeEventWatcher (RetriableDatanodeEventWatcher.java:onTimeout(47)) - RetriableDatanodeCommand type=deleteBlocksCommand with id=1560462722280 timed out. Retrying.
2019-06-13 21:52:10,997 INFO  commands.RetriableDatanodeEventWatcher (RetriableDatanodeEventWatcher.java:onTimeout(47)) - RetriableDatanodeCommand type=deleteBlocksCommand with id=1560462722300 timed out. Retrying.
2019-06-13 21:52:11,005 INFO  ozone.MiniOzoneClusterImpl (MiniOzoneClusterImpl.java:lambda$waitForClusterToBeReady$0(142)) - Waiting for cluster to be ready. Got 0 of 1 DN Heartbeats.
2019-06-13 21:52:11,005 INFO  commands.RetriableDatanodeEventWatcher (RetriableDatanodeEventWatcher.java:onTimeout(47)) - RetriableDatanodeCommand type=deleteBlocksCommand with id=1560462722310 timed out. Retrying.
2019-06-13 21:52:11,013 DEBUG block.SCMBlockDeletingService (SCMBlockDeletingService.java:call(138)) - Running DeletedBlockTransactionScanner
2019-06-13 21:52:11,013 DEBUG block.SCMBlockDeletingService (SCMBlockDeletingService.java:call(155)) - Scanned deleted blocks log and got 3 delTX to process.
2019-06-13 21:52:11,013 DEBUG block.SCMBlockDeletingService (SCMBlockDeletingService.java:call(171)) - Added delete block command for datanode 2573df58-4087-4dd0-8598-5abddcc696b9 in the queue, number of delete block transactions: 3, TxID list: 1,2,3
2019-06-13 21:52:11,013 INFO  block.SCMBlockDeletingService (SCMBlockDeletingService.java:call(182)) - Totally added 3 delete blocks command for 1 datanodes, task elapsed time: 0ms
2019-06-13 21:52:11,043 INFO  commands.RetriableDatanodeEventWatcher (RetriableDatanodeEventWatcher.java:onTimeout(47)) - RetriableDatanodeCommand type=deleteBlocksCommand with id=1560462722241 timed out. Retrying.
2019-06-13 21:52:11,053 INFO  commands.RetriableDatanodeEventWatcher (RetriableDatanodeEventWatcher.java:onTimeout(47)) - RetriableDatanodeCommand type=deleteBlocksCommand with id=1560462722251 timed out. Retrying.
2019-06-13 21:52:11,063 INFO  commands.RetriableDatanodeEventWatcher (RetriableDatanodeEventWatcher.java:onTimeout(47)) - RetriableDatanodeCommand type=deleteBlocksCommand with id=1560462722261 timed out. Retrying.
2019-06-13 21:52:11,070 INFO  commands.RetriableDatanodeEventWatcher (RetriableDatanodeEventWatcher.java:onTimeout(47)) - RetriableDatanodeCommand type=deleteBlocksCommand with id=1560462722271 timed out. Retrying.
2019-06-13 21:52:11,080 INFO  commands.RetriableDatanodeEventWatcher (RetriableDatanodeEventWatcher.java:onTimeout(47)) - RetriableDatanodeCommand type=deleteBlocksCommand with id=1560462722281 timed out. Retrying.
2019-06-13 21:52:11,088 INFO  commands.RetriableDatanodeEventWatcher (RetriableDatanodeEventWatcher.java:onTimeout(47)) - RetriableDatanodeCommand type=deleteBlocksCommand with id=1560462722291 timed out. Retrying.
2019-06-13 21:52:11,098 INFO  commands.RetriableDatanodeEventWatcher (RetriableDatanodeEventWatcher.java:onTimeout(47)) - RetriableDatanodeCommand type=deleteBlocksCommand with id=1560462722301 timed out. Retrying.
2019-06-13 21:52:11,106 INFO  commands.RetriableDatanodeEventWatcher (RetriableDatanodeEventWatcher.java:onTimeout(47)) - RetriableDatanodeCommand type=deleteBlocksCommand with id=1560462722311 timed out. Retrying.
2019-06-13 21:52:11,114 DEBUG block.SCMBlockDeletingService (SCMBlockDeletingService.java:call(138)) - Running DeletedBlockTransactionScanner
2019-06-13 21:52:11,114 DEBUG block.SCMBlockDeletingService (SCMBlockDeletingService.java:call(155)) - Scanned deleted blocks log and got 3 delTX to process.
2019-06-13 21:52:11,114 DEBUG block.SCMBlockDeletingService (SCMBlockDeletingService.java:call(171)) - Added delete block command for datanode 2573df58-4087-4dd0-8598-5abddcc696b9 in the queue, number of delete block transactions: 3, TxID list: 1,2,3
2019-06-13 21:52:11,114 INFO  block.SCMBlockDeletingService (SCMBlockDeletingService.java:call(182)) - Totally added 3 delete blocks command for 1 datanodes, task elapsed time: 0ms
2019-06-13 21:52:11,142 INFO  commands.RetriableDatanodeEventWatcher (RetriableDatanodeEventWatcher.java:onTimeout(47)) - RetriableDatanodeCommand type=deleteBlocksCommand with id=1560462722242 timed out. Retrying.
2019-06-13 21:52:11,154 INFO  commands.RetriableDatanodeEventWatcher (RetriableDatanodeEventWatcher.java:onTimeout(47)) - RetriableDatanodeCommand type=deleteBlocksCommand with id=1560462722252 timed out. Retrying.
2019-06-13 21:52:11,165 INFO  commands.RetriableDatanodeEventWatcher (RetriableDatanodeEventWatcher.java:onTimeout(47)) - RetriableDatanodeCommand type=deleteBlocksCommand with id=1560462722262 timed out. Retrying.
2019-06-13 21:52:11,171 INFO  commands.RetriableDatanodeEventWatcher (RetriableDatanodeEventWatcher.java:onTimeout(47)) - RetriableDatanodeCommand type=deleteBlocksCommand with id=1560462722272 timed out. Retrying.
2019-06-13 21:52:11,180 INFO  commands.RetriableDatanodeEventWatcher (RetriableDatanodeEventWatcher.java:onTimeout(47)) - RetriableDatanodeCommand type=deleteBlocksCommand with id=1560462722282 timed out. Retrying.
2019-06-13 21:52:11,190 INFO  commands.RetriableDatanodeEventWatcher (RetriableDatanodeEventWatcher.java:onTimeout(47)) - RetriableDatanodeCommand type=deleteBlocksCommand with id=1560462722292 timed out. Retrying.
2019-06-13 21:52:11,199 INFO  commands.RetriableDatanodeEventWatcher (RetriableDatanodeEventWatcher.java:onTimeout(47)) - RetriableDatanodeCommand type=deleteBlocksCommand with id=1560462722302 timed out. Retrying.
2019-06-13 21:52:11,207 INFO  commands.RetriableDatanodeEventWatcher (RetriableDatanodeEventWatcher.java:onTimeout(47)) - RetriableDatanodeCommand type=deleteBlocksCommand with id=1560462722312 timed out. Retrying.
2019-06-13 21:52:11,214 DEBUG block.SCMBlockDeletingService (SCMBlockDeletingService.java:call(138)) - Running DeletedBlockTransactionScanner
2019-06-13 21:52:11,215 DEBUG block.SCMBlockDeletingService (SCMBlockDeletingService.java:call(155)) - Scanned deleted blocks log and got 3 delTX to process.
2019-06-13 21:52:11,215 DEBUG block.SCMBlockDeletingService (SCMBlockDeletingService.java:call(171)) - Added delete block command for datanode 2573df58-4087-4dd0-8598-5abddcc696b9 in the queue, number of delete block transactions: 3, TxID list: 1,2,3
2019-06-13 21:52:11,215 INFO  block.SCMBlockDeletingService (SCMBlockDeletingService.java:call(182)) - Totally added 3 delete blocks command for 1 datanodes, task elapsed time: 1ms
2019-06-13 21:52:11,237 INFO  commands.RetriableDatanodeEventWatcher (RetriableDatanodeEventWatcher.java:onTimeout(47)) - RetriableDatanodeCommand type=deleteBlocksCommand with id=1560462722233 timed out. Retrying.
2019-06-13 21:52:11,245 INFO  commands.RetriableDatanodeEventWatcher (RetriableDatanodeEventWatcher.java:onTimeout(47)) - RetriableDatanodeCommand type=deleteBlocksCommand with id=1560462722243 timed out. Retrying.
2019-06-13 21:52:11,254 INFO  commands.RetriableDatanodeEventWatcher (RetriableDatanodeEventWatcher.java:onTimeout(47)) - RetriableDatanodeCommand type=deleteBlocksCommand with id=1560462722253 timed out. Retrying.
2019-06-13 21:52:11,264 INFO  commands.RetriableDatanodeEventWatcher (RetriableDatanodeEventWatcher.java:onTimeout(47)) - RetriableDatanodeCommand type=deleteBlocksCommand with id=1560462722263 timed out. Retrying.
2019-06-13 21:52:11,272 INFO  commands.RetriableDatanodeEventWatcher (RetriableDatanodeEventWatcher.java:onTimeout(47)) - RetriableDatanodeCommand type=deleteBlocksCommand with id=1560462722273 timed out. Retrying.
2019-06-13 21:52:11,281 INFO  commands.RetriableDatanodeEventWatcher (RetriableDatanodeEventWatcher.java:onTimeout(47)) - RetriableDatanodeCommand type=deleteBlocksCommand with id=1560462722283 timed out. Retrying.
2019-06-13 21:52:11,290 INFO  commands.RetriableDatanodeEventWatcher (RetriableDatanodeEventWatcher.java:onTimeout(47)) - RetriableDatanodeCommand type=deleteBlocksCommand with id=1560462722293 timed out. Retrying.
2019-06-13 21:52:11,299 INFO  commands.RetriableDatanodeEventWatcher (RetriableDatanodeEventWatcher.java:onTimeout(47)) - RetriableDatanodeCommand type=deleteBlocksCommand with id=1560462722303 timed out. Retrying.
2019-06-13 21:52:11,307 INFO  commands.RetriableDatanodeEventWatcher (RetriableDatanodeEventWatcher.java:onTimeout(47)) - RetriableDatanodeCommand type=deleteBlocksCommand with id=1560462722313 timed out. Retrying.
2019-06-13 21:52:11,315 DEBUG block.SCMBlockDeletingService (SCMBlockDeletingService.java:call(138)) - Running DeletedBlockTransactionScanner
2019-06-13 21:52:11,315 DEBUG block.SCMBlockDeletingService (SCMBlockDeletingService.java:call(155)) - Scanned deleted blocks log and got 3 delTX to process.
2019-06-13 21:52:11,315 DEBUG block.SCMBlockDeletingService (SCMBlockDeletingService.java:call(171)) - Added delete block command for datanode 2573df58-4087-4dd0-8598-5abddcc696b9 in the queue, number of delete block transactions: 3, TxID list: 1,2,3
2019-06-13 21:52:11,316 INFO  block.SCMBlockDeletingService (SCMBlockDeletingService.java:call(182)) - Totally added 3 delete blocks command for 1 datanodes, task elapsed time: 1ms
2019-06-13 21:52:11,340 INFO  commands.RetriableDatanodeEventWatcher (RetriableDatanodeEventWatcher.java:onTimeout(47)) - RetriableDatanodeCommand type=deleteBlocksCommand with id=1560462722234 timed out. Retrying.
2019-06-13 21:52:11,345 INFO  commands.RetriableDatanodeEventWatcher (RetriableDatanodeEventWatcher.java:onTimeout(47)) - RetriableDatanodeCommand type=deleteBlocksCommand with id=1560462722244 timed out. Retrying.
2019-06-13 21:52:11,354 INFO  commands.RetriableDatanodeEventWatcher (RetriableDatanodeEventWatcher.java:onTimeout(47)) - RetriableDatanodeCommand type=deleteBlocksCommand with id=1560462722254 timed out. Retrying.
2019-06-13 21:52:11,365 INFO  commands.RetriableDatanodeEventWatcher (RetriableDatanodeEventWatcher.java:onTimeout(47)) - RetriableDatanodeCommand type=deleteBlocksCommand with id=1560462722264 timed out. Retrying.
2019-06-13 21:52:11,373 INFO  commands.RetriableDatanodeEventWatcher (RetriableDatanodeEventWatcher.java:onTimeout(47)) - RetriableDatanodeCommand type=deleteBlocksCommand with id=1560462722274 timed out. Retrying.
2019-06-13 21:52:11,381 INFO  commands.RetriableDatanodeEventWatcher (RetriableDatanodeEventWatcher.java:onTimeout(47)) - RetriableDatanodeCommand type=deleteBlocksCommand with id=1560462722284 timed out. Retrying.
2019-06-13 21:52:11,392 INFO  commands.RetriableDatanodeEventWatcher (RetriableDatanodeEventWatcher.java:onTimeout(47)) - RetriableDatanodeCommand type=deleteBlocksCommand with id=1560462722294 timed out. Retrying.
2019-06-13 21:52:11,399 INFO  commands.RetriableDatanodeEventWatcher (RetriableDatanodeEventWatcher.java:onTimeout(47)) - RetriableDatanodeCommand type=deleteBlocksCommand with id=1560462722304 timed out. Retrying.
2019-06-13 21:52:11,408 INFO  commands.RetriableDatanodeEventWatcher (RetriableDatanodeEventWatcher.java:onTimeout(47)) - RetriableDatanodeCommand type=deleteBlocksCommand with id=1560462722314 timed out. Retrying.
2019-06-13 21:52:11,416 DEBUG block.SCMBlockDeletingService (SCMBlockDeletingService.java:call(138)) - Running DeletedBlockTransactionScanner
2019-06-13 21:52:11,416 DEBUG block.SCMBlockDeletingService (SCMBlockDeletingService.java:call(155)) - Scanned deleted blocks log and got 3 delTX to process.
2019-06-13 21:52:11,416 DEBUG block.SCMBlockDeletingService (SCMBlockDeletingService.java:call(171)) - Added delete block command for datanode 2573df58-4087-4dd0-8598-5abddcc696b9 in the queue, number of delete block transactions: 3, TxID list: 1,2,3
2019-06-13 21:52:11,416 INFO  block.SCMBlockDeletingService (SCMBlockDeletingService.java:call(182)) - Totally added 3 delete blocks command for 1 datanodes, task elapsed time: 0ms
2019-06-13 21:52:11,440 INFO  commands.RetriableDatanodeEventWatcher (RetriableDatanodeEventWatcher.java:onTimeout(47)) - RetriableDatanodeCommand type=deleteBlocksCommand with id=1560462722235 timed out. Retrying.
2019-06-13 21:52:11,449 INFO  commands.RetriableDatanodeEventWatcher (RetriableDatanodeEventWatcher.java:onTimeout(47)) - RetriableDatanodeCommand type=deleteBlocksCommand with id=1560462722245 timed out. Retrying.
2019-06-13 21:52:11,457 INFO  commands.RetriableDatanodeEventWatcher (RetriableDatanodeEventWatcher.java:onTimeout(47)) - RetriableDatanodeCommand type=deleteBlocksCommand with id=1560462722255 timed out. Retrying.
2019-06-13 21:52:11,465 INFO  commands.RetriableDatanodeEventWatcher (RetriableDatanodeEventWatcher.java:onTimeout(47)) - RetriableDatanodeCommand type=deleteBlocksCommand with id=1560462722265 timed out. Retrying.
2019-06-13 21:52:11,475 INFO  commands.RetriableDatanodeEventWatcher (RetriableDatanodeEventWatcher.java:onTimeout(47)) - RetriableDatanodeCommand type=deleteBlocksCommand with id=1560462722275 timed out. Retrying.
2019-06-13 21:52:11,483 INFO  commands.RetriableDatanodeEventWatcher (RetriableDatanodeEventWatcher.java:onTimeout(47)) - RetriableDatanodeCommand type=deleteBlocksCommand with id=1560462722285 timed out. Retrying.
2019-06-13 21:52:11,493 INFO  commands.RetriableDatanodeEventWatcher (RetriableDatanodeEventWatcher.java:onTimeout(47)) - RetriableDatanodeCommand type=deleteBlocksCommand with id=1560462722295 timed out. Retrying.
2019-06-13 21:52:11,500 INFO  commands.RetriableDatanodeEventWatcher (RetriableDatanodeEventWatcher.java:onTimeout(47)) - RetriableDatanodeCommand type=deleteBlocksCommand with id=1560462722305 timed out. Retrying.
2019-06-13 21:52:11,509 INFO  commands.RetriableDatanodeEventWatcher (RetriableDatanodeEventWatcher.java:onTimeout(47)) - RetriableDatanodeCommand type=deleteBlocksCommand with id=1560462722315 timed out. Retrying.
2019-06-13 21:52:11,517 DEBUG block.SCMBlockDeletingService (SCMBlockDeletingService.java:call(138)) - Running DeletedBlockTransactionScanner
2019-06-13 21:52:11,517 DEBUG block.SCMBlockDeletingService (SCMBlockDeletingService.java:call(155)) - Scanned deleted blocks log and got 3 delTX to process.
2019-06-13 21:52:11,517 DEBUG block.SCMBlockDeletingService (SCMBlockDeletingService.java:call(171)) - Added delete block command for datanode 2573df58-4087-4dd0-8598-5abddcc696b9 in the queue, number of delete block transactions: 3, TxID list: 1,2,3
2019-06-13 21:52:11,517 INFO  block.SCMBlockDeletingService (SCMBlockDeletingService.java:call(182)) - Totally added 3 delete blocks command for 1 datanodes, task elapsed time: 0ms
2019-06-13 21:52:11,547 INFO  commands.RetriableDatanodeEventWatcher (RetriableDatanodeEventWatcher.java:onTimeout(47)) - RetriableDatanodeCommand type=deleteBlocksCommand with id=1560462722236 timed out. Retrying.
2019-06-13 21:52:11,548 INFO  commands.RetriableDatanodeEventWatcher (RetriableDatanodeEventWatcher.java:onTimeout(47)) - RetriableDatanodeCommand type=deleteBlocksCommand with id=1560462722246 timed out. Retrying.
2019-06-13 21:52:11,558 INFO  commands.RetriableDatanodeEventWatcher (RetriableDatanodeEventWatcher.java:onTimeout(47)) - RetriableDatanodeCommand type=deleteBlocksCommand with id=1560462722256 timed out. Retrying.
2019-06-13 21:52:11,566 INFO  commands.RetriableDatanodeEventWatcher (RetriableDatanodeEventWatcher.java:onTimeout(47)) - RetriableDatanodeCommand type=deleteBlocksCommand with id=1560462722266 timed out. Retrying.
2019-06-13 21:52:11,576 INFO  commands.RetriableDatanodeEventWatcher (RetriableDatanodeEventWatcher.java:onTimeout(47)) - RetriableDatanodeCommand type=deleteBlocksCommand with id=1560462722276 timed out. Retrying.
2019-06-13 21:52:11,584 INFO  commands.RetriableDatanodeEventWatcher (RetriableDatanodeEventWatcher.java:onTimeout(47)) - RetriableDatanodeCommand type=deleteBlocksCommand with id=1560462722286 timed out. Retrying.
2019-06-13 21:52:11,593 INFO  commands.RetriableDatanodeEventWatcher (RetriableDatanodeEventWatcher.java:onTimeout(47)) - RetriableDatanodeCommand type=deleteBlocksCommand with id=1560462722296 timed out. Retrying.
2019-06-13 21:52:11,601 INFO  commands.RetriableDatanodeEventWatcher (RetriableDatanodeEventWatcher.java:onTimeout(47)) - RetriableDatanodeCommand type=deleteBlocksCommand with id=1560462722306 timed out. Retrying.
2019-06-13 21:52:11,610 INFO  commands.RetriableDatanodeEventWatcher (RetriableDatanodeEventWatcher.java:onTimeout(47)) - RetriableDatanodeCommand type=deleteBlocksCommand with id=1560462722316 timed out. Retrying.
2019-06-13 21:52:11,617 DEBUG block.SCMBlockDeletingService (SCMBlockDeletingService.java:call(138)) - Running DeletedBlockTransactionScanner
2019-06-13 21:52:11,618 DEBUG block.SCMBlockDeletingService (SCMBlockDeletingService.java:call(155)) - Scanned deleted blocks log and got 3 delTX to process.
2019-06-13 21:52:11,618 DEBUG block.SCMBlockDeletingService (SCMBlockDeletingService.java:call(171)) - Added delete block command for datanode 2573df58-4087-4dd0-8598-5abddcc696b9 in the queue, number of delete block transactions: 3, TxID list: 1,2,3
2019-06-13 21:52:11,618 INFO  block.SCMBlockDeletingService (SCMBlockDeletingService.java:call(182)) - Totally added 3 delete blocks command for 1 datanodes, task elapsed time: 1ms
2019-06-13 21:52:11,640 INFO  commands.RetriableDatanodeEventWatcher (RetriableDatanodeEventWatcher.java:onTimeout(47)) - RetriableDatanodeCommand type=deleteBlocksCommand with id=1560462722237 timed out. Retrying.
2019-06-13 21:52:11,649 INFO  commands.RetriableDatanodeEventWatcher (RetriableDatanodeEventWatcher.java:onTimeout(47)) - RetriableDatanodeCommand type=deleteBlocksCommand with id=1560462722247 timed out. Retrying.
2019-06-13 21:52:11,661 INFO  commands.RetriableDatanodeEventWatcher (RetriableDatanodeEventWatcher.java:onTimeout(47)) - RetriableDatanodeCommand type=deleteBlocksCommand with id=1560462722257 timed out. Retrying.
2019-06-13 21:52:11,667 INFO  commands.RetriableDatanodeEventWatcher (RetriableDatanodeEventWatcher.java:onTimeout(47)) - RetriableDatanodeCommand type=deleteBlocksCommand with id=1560462722267 timed out. Retrying.
2019-06-13 21:52:11,678 INFO  commands.RetriableDatanodeEventWatcher (RetriableDatanodeEventWatcher.java:onTimeout(47)) - RetriableDatanodeCommand type=deleteBlocksCommand with id=1560462722277 timed out. Retrying.
2019-06-13 21:52:11,684 INFO  commands.RetriableDatanodeEventWatcher (RetriableDatanodeEventWatcher.java:onTimeout(47)) - RetriableDatanodeCommand type=deleteBlocksCommand with id=1560462722287 timed out. Retrying.
2019-06-13 21:52:11,694 INFO  commands.RetriableDatanodeEventWatcher (RetriableDatanodeEventWatcher.java:onTimeout(47)) - RetriableDatanodeCommand type=deleteBlocksCommand with id=1560462722297 timed out. Retrying.
2019-06-13 21:52:11,703 INFO  commands.RetriableDatanodeEventWatcher (RetriableDatanodeEventWatcher.java:onTimeout(47)) - RetriableDatanodeCommand type=deleteBlocksCommand with id=1560462722307 timed out. Retrying.
2019-06-13 21:52:11,711 INFO  commands.RetriableDatanodeEventWatcher (RetriableDatanodeEventWatcher.java:onTimeout(47)) - RetriableDatanodeCommand type=deleteBlocksCommand with id=1560462722317 timed out. Retrying.
2019-06-13 21:52:11,718 DEBUG block.SCMBlockDeletingService (SCMBlockDeletingService.java:call(138)) - Running DeletedBlockTransactionScanner
2019-06-13 21:52:11,718 DEBUG block.SCMBlockDeletingService (SCMBlockDeletingService.java:call(155)) - Scanned deleted blocks log and got 3 delTX to process.
2019-06-13 21:52:11,719 DEBUG block.SCMBlockDeletingService (SCMBlockDeletingService.java:call(171)) - Added delete block command for datanode 2573df58-4087-4dd0-8598-5abddcc696b9 in the queue, number of delete block transactions: 3, TxID list: 1,2,3
2019-06-13 21:52:11,719 INFO  block.SCMBlockDeletingService (SCMBlockDeletingService.java:call(182)) - Totally added 3 delete blocks command for 1 datanodes, task elapsed time: 1ms
2019-06-13 21:52:11,741 INFO  commands.RetriableDatanodeEventWatcher (RetriableDatanodeEventWatcher.java:onTimeout(47)) - RetriableDatanodeCommand type=deleteBlocksCommand with id=1560462722238 timed out. Retrying.
2019-06-13 21:52:11,749 INFO  commands.RetriableDatanodeEventWatcher (RetriableDatanodeEventWatcher.java:onTimeout(47)) - RetriableDatanodeCommand type=deleteBlocksCommand with id=1560462722248 timed out. Retrying.
2019-06-13 21:52:11,760 INFO  commands.RetriableDatanodeEventWatcher (RetriableDatanodeEventWatcher.java:onTimeout(47)) - RetriableDatanodeCommand type=deleteBlocksCommand with id=1560462722258 timed out. Retrying.
2019-06-13 21:52:11,768 INFO  commands.RetriableDatanodeEventWatcher (RetriableDatanodeEventWatcher.java:onTimeout(47)) - RetriableDatanodeCommand type=deleteBlocksCommand with id=1560462722268 timed out. Retrying.
2019-06-13 21:52:11,777 INFO  commands.RetriableDatanodeEventWatcher (RetriableDatanodeEventWatcher.java:onTimeout(47)) - RetriableDatanodeCommand type=deleteBlocksCommand with id=1560462722278 timed out. Retrying.
2019-06-13 21:52:11,786 INFO  commands.RetriableDatanodeEventWatcher (RetriableDatanodeEventWatcher.java:onTimeout(47)) - RetriableDatanodeCommand type=deleteBlocksCommand with id=1560462722288 timed out. Retrying.
2019-06-13 21:52:11,794 INFO  commands.RetriableDatanodeEventWatcher (RetriableDatanodeEventWatcher.java:onTimeout(47)) - RetriableDatanodeCommand type=deleteBlocksCommand with id=1560462722298 timed out. Retrying.
2019-06-13 21:52:11,804 INFO  commands.RetriableDatanodeEventWatcher (RetriableDatanodeEventWatcher.java:onTimeout(47)) - RetriableDatanodeCommand type=deleteBlocksCommand with id=1560462722308 timed out. Retrying.
2019-06-13 21:52:11,811 INFO  commands.RetriableDatanodeEventWatcher (RetriableDatanodeEventWatcher.java:onTimeout(47)) - RetriableDatanodeCommand type=deleteBlocksCommand with id=1560462722318 timed out. Retrying.
2019-06-13 21:52:11,819 DEBUG block.SCMBlockDeletingService (SCMBlockDeletingService.java:call(138)) - Running DeletedBlockTransactionScanner
2019-06-13 21:52:11,819 DEBUG block.SCMBlockDeletingService (SCMBlockDeletingService.java:call(155)) - Scanned deleted blocks log and got 3 delTX to process.
2019-06-13 21:52:11,819 DEBUG block.SCMBlockDeletingService (SCMBlockDeletingService.java:call(171)) - Added delete block command for datanode 2573df58-4087-4dd0-8598-5abddcc696b9 in the queue, number of delete block transactions: 3, TxID list: 1,2,3
2019-06-13 21:52:11,820 INFO  block.SCMBlockDeletingService (SCMBlockDeletingService.java:call(182)) - Totally added 3 delete blocks command for 1 datanodes, task elapsed time: 1ms
2019-06-13 21:52:11,844 INFO  commands.RetriableDatanodeEventWatcher (RetriableDatanodeEventWatcher.java:onTimeout(47)) - RetriableDatanodeCommand type=deleteBlocksCommand with id=1560462722239 timed out. Retrying.
2019-06-13 21:52:11,850 INFO  commands.RetriableDatanodeEventWatcher (RetriableDatanodeEventWatcher.java:onTimeout(47)) - RetriableDatanodeCommand type=deleteBlocksCommand with id=1560462722249 timed out. Retrying.
2019-06-13 21:52:11,861 INFO  commands.RetriableDatanodeEventWatcher (RetriableDatanodeEventWatcher.java:onTimeout(47)) - RetriableDatanodeCommand type=deleteBlocksCommand with id=1560462722259 timed out. Retrying.
2019-06-13 21:52:11,870 INFO  commands.RetriableDatanodeEventWatcher (RetriableDatanodeEventWatcher.java:onTimeout(47)) - RetriableDatanodeCommand type=deleteBlocksCommand with id=1560462722269 timed out. Retrying.
2019-06-13 21:52:11,880 INFO  commands.RetriableDatanodeEventWatcher (RetriableDatanodeEventWatcher.java:onTimeout(47)) - RetriableDatanodeCommand type=deleteBlocksCommand with id=1560462722279 timed out. Retrying.
2019-06-13 21:52:11,886 INFO  commands.RetriableDatanodeEventWatcher (RetriableDatanodeEventWatcher.java:onTimeout(47)) - RetriableDatanodeCommand type=deleteBlocksCommand with id=1560462722289 timed out. Retrying.
2019-06-13 21:52:11,896 INFO  commands.RetriableDatanodeEventWatcher (RetriableDatanodeEventWatcher.java:onTimeout(47)) - RetriableDatanodeCommand type=deleteBlocksCommand with id=1560462722299 timed out. Retrying.
2019-06-13 21:52:11,904 INFO  commands.RetriableDatanodeEventWatcher (RetriableDatanodeEventWatcher.java:onTimeout(47)) - RetriableDatanodeCommand type=deleteBlocksCommand with id=1560462722309 timed out. Retrying.
2019-06-13 21:52:11,912 INFO  commands.RetriableDatanodeEventWatcher (RetriableDatanodeEventWatcher.java:onTimeout(47)) - RetriableDatanodeCommand type=deleteBlocksCommand with id=1560462722319 timed out. Retrying.
2019-06-13 21:52:11,920 DEBUG block.SCMBlockDeletingService (SCMBlockDeletingService.java:call(138)) - Running DeletedBlockTransactionScanner
2019-06-13 21:52:11,920 DEBUG block.SCMBlockDeletingService (SCMBlockDeletingService.java:call(155)) - Scanned deleted blocks log and got 3 delTX to process.
2019-06-13 21:52:11,920 DEBUG block.SCMBlockDeletingService (SCMBlockDeletingService.java:call(171)) - Added delete block command for datanode 2573df58-4087-4dd0-8598-5abddcc696b9 in the queue, number of delete block transactions: 3, TxID list: 1,2,3
2019-06-13 21:52:11,920 INFO  block.SCMBlockDeletingService (SCMBlockDeletingService.java:call(182)) - Totally added 3 delete blocks command for 1 datanodes, task elapsed time: 0ms
2019-06-13 21:52:11,948 INFO  commands.RetriableDatanodeEventWatcher (RetriableDatanodeEventWatcher.java:onTimeout(47)) - RetriableDatanodeCommand type=deleteBlocksCommand with id=1560462722240 timed out. Retrying.
2019-06-13 21:52:11,951 INFO  commands.RetriableDatanodeEventWatcher (RetriableDatanodeEventWatcher.java:onTimeout(47)) - RetriableDatanodeCommand type=deleteBlocksCommand with id=1560462722250 timed out. Retrying.
2019-06-13 21:52:11,963 INFO  commands.RetriableDatanodeEventWatcher (RetriableDatanodeEventWatcher.java:onTimeout(47)) - RetriableDatanodeCommand type=deleteBlocksCommand with id=1560462722260 timed out. Retrying.
2019-06-13 21:52:11,971 INFO  commands.RetriableDatanodeEventWatcher (RetriableDatanodeEventWatcher.java:onTimeout(47)) - RetriableDatanodeCommand type=deleteBlocksCommand with id=1560462722270 timed out. Retrying.
2019-06-13 21:52:11,988 INFO  commands.RetriableDatanodeEventWatcher (RetriableDatanodeEventWatcher.java:onTimeout(47)) - RetriableDatanodeCommand type=deleteBlocksCommand with id=1560462722290 timed out. Retrying.
2019-06-13 21:52:11,988 INFO  commands.RetriableDatanodeEventWatcher (RetriableDatanodeEventWatcher.java:onTimeout(47)) - RetriableDatanodeCommand type=deleteBlocksCommand with id=1560462722280 timed out. Retrying.
2019-06-13 21:52:11,997 INFO  commands.RetriableDatanodeEventWatcher (RetriableDatanodeEventWatcher.java:onTimeout(47)) - RetriableDatanodeCommand type=deleteBlocksCommand with id=1560462722300 timed out. Retrying.
2019-06-13 21:52:12,005 INFO  commands.RetriableDatanodeEventWatcher (MiniOzoneClusterImpl.java:lambda$waitForClusterToBeReady$0(142)) - Waiting for cluster to be ready. Got 0 of 1 DN Heartbeats.
2019-06-13 21:52:12,005 INFO  commands.RetriableDatanodeEventWatcher (RetriableDatanodeEventWatcher.java:onTimeout(47)) - RetriableDatanodeCommand type=deleteBlocksCommand with id=1560462722310 timed out. Retrying.
2019-06-13 21:52:12,008 INFO  block.SCMBlockDeletingService (SCMBlockDeletingService.java:handlePendingDeletes(115)) - Block deletion txnID mismatch in datanode 2573df58-4087-4dd0-8598-5abddcc696b9 for containerID 1. Datanode delete txnID: 0, SCM txnID: 1
2019-06-13 21:52:12,008 INFO  block.SCMBlockDeletingService (SCMBlockDeletingService.java:handlePendingDeletes(115)) - Block deletion txnID mismatch in datanode 2573df58-4087-4dd0-8598-5abddcc696b9 for containerID 2. Datanode delete txnID: 0, SCM txnID: 2
2019-06-13 21:52:12,008 INFO  block.SCMBlockDeletingService (SCMBlockDeletingService.java:handlePendingDeletes(115)) - Block deletion txnID mismatch in datanode 2573df58-4087-4dd0-8598-5abddcc696b9 for containerID 3. Datanode delete txnID: 0, SCM txnID: 3
2019-06-13 21:52:12,014 INFO  commands.RetriableDatanodeEventWatcher (RetriableDatanodeEventWatcher.java:onTimeout(47)) - RetriableDatanodeCommand type=deleteBlocksCommand with id=1560462722320 timed out. Retrying.
2019-06-13 21:52:12,021 DEBUG block.SCMBlockDeletingService (SCMBlockDeletingService.java:call(138)) - Running DeletedBlockTransactionScanner
2019-06-13 21:52:12,021 DEBUG block.SCMBlockDeletingService (SCMBlockDeletingService.java:call(155)) - Scanned deleted blocks log and got 3 delTX to process.
2019-06-13 21:52:12,021 DEBUG block.SCMBlockDeletingService (SCMBlockDeletingService.java:call(171)) - Added delete block command for datanode 2573df58-4087-4dd0-8598-5abddcc696b9 in the queue, number of delete block transactions: 3, TxID list: 1,2,3
2019-06-13 21:52:12,021 INFO  block.SCMBlockDeletingService (SCMBlockDeletingService.java:call(182)) - Totally added 3 delete blocks command for 1 datanodes, task elapsed time: 0ms
2019-06-13 21:52:12,043 INFO  commands.RetriableDatanodeEventWatcher (RetriableDatanodeEventWatcher.java:onTimeout(47)) - RetriableDatanodeCommand type=deleteBlocksCommand with id=1560462722241 timed out. Retrying.
2019-06-13 21:52:12,046 INFO  impl.RaftServerProxy (RaftServerProxy.java:addNew(89)) - 2573df58-4087-4dd0-8598-5abddcc696b9: addNew group-9998B3F47C9C:[2573df58-4087-4dd0-8598-5abddcc696b9:192.168.11.218:35061] returns group-9998B3F47C9C:java.util.concurrent.CompletableFuture@4b098341[Not completed]
2019-06-13 21:52:12,046 INFO  impl.RaftServerImpl (RaftServerImpl.java:<init>(91)) - 2573df58-4087-4dd0-8598-5abddcc696b9: new RaftServerImpl for group-9998B3F47C9C:[2573df58-4087-4dd0-8598-5abddcc696b9:192.168.11.218:35061] with ContainerStateMachine:uninitialized
2019-06-13 21:52:12,047 INFO  server.RaftServerConfigKeys (ConfUtils.java:logGet(43)) - raft.server.rpc.timeout.min = 1s (custom)
2019-06-13 21:52:12,047 INFO  server.RaftServerConfigKeys (ConfUtils.java:logGet(43)) - raft.server.rpc.timeout.max = 1200ms (custom)
2019-06-13 21:52:12,047 INFO  server.RaftServerConfigKeys (ConfUtils.java:logGet(43)) - raft.server.rpcslowness.timeout = 120s (custom)
2019-06-13 21:52:12,047 INFO  server.RaftServerConfigKeys (ConfUtils.java:logGet(43)) - raft.server.log.appender.install.snapshot.enabled = true (default)
2019-06-13 21:52:12,047 INFO  impl.RaftServerImpl (ServerState.java:<init>(101)) - 2573df58-4087-4dd0-8598-5abddcc696b9:group-9998B3F47C9C ConfigurationManager, init=-1: [2573df58-4087-4dd0-8598-5abddcc696b9:192.168.11.218:35061], old=null, confs=<EMPTY_MAP>
2019-06-13 21:52:12,047 INFO  server.RaftServerConfigKeys (ConfUtils.java:logGet(43)) - raft.server.storage.dir = [/opt/src/hadoop-ozone/integration-test/target/test-dir/MiniOzoneClusterImpl-8578056e-9b7b-4e66-9e9f-ef53d5cd7c03/datanode-0/data/ratis] (custom)
2019-06-13 21:52:12,047 INFO  storage.RaftStorageDirectory (RaftStorageDirectory.java:analyzeStorage(246)) - The storage directory /opt/src/hadoop-ozone/integration-test/target/test-dir/MiniOzoneClusterImpl-8578056e-9b7b-4e66-9e9f-ef53d5cd7c03/datanode-0/data/ratis/6861fd7f-16cc-4831-9cd5-9998b3f47c9c does not exist. Creating ...
2019-06-13 21:52:12,053 INFO  commands.RetriableDatanodeEventWatcher (RetriableDatanodeEventWatcher.java:onTimeout(47)) - RetriableDatanodeCommand type=deleteBlocksCommand with id=1560462722251 timed out. Retrying.
2019-06-13 21:52:12,064 INFO  commands.RetriableDatanodeEventWatcher (RetriableDatanodeEventWatcher.java:onTimeout(47)) - RetriableDatanodeCommand type=deleteBlocksCommand with id=1560462722261 timed out. Retrying.
2019-06-13 21:52:12,070 INFO  commands.RetriableDatanodeEventWatcher (RetriableDatanodeEventWatcher.java:onTimeout(47)) - RetriableDatanodeCommand type=deleteBlocksCommand with id=1560462722271 timed out. Retrying.
2019-06-13 21:52:12,080 INFO  commands.RetriableDatanodeEventWatcher (RetriableDatanodeEventWatcher.java:onTimeout(47)) - RetriableDatanodeCommand type=deleteBlocksCommand with id=1560462722281 timed out. Retrying.
2019-06-13 21:52:12,084 INFO  storage.RaftStorageDirectory (RaftStorageDirectory.java:tryLock(328)) - Lock on /opt/src/hadoop-ozone/integration-test/target/test-dir/MiniOzoneClusterImpl-8578056e-9b7b-4e66-9e9f-ef53d5cd7c03/datanode-0/data/ratis/6861fd7f-16cc-4831-9cd5-9998b3f47c9c/in_use.lock acquired by nodename 30252@ozone-d4wqq-1121427898
2019-06-13 21:52:12,089 INFO  commands.RetriableDatanodeEventWatcher (RetriableDatanodeEventWatcher.java:onTimeout(47)) - RetriableDatanodeCommand type=deleteBlocksCommand with id=1560462722291 timed out. Retrying.
2019-06-13 21:52:12,099 INFO  commands.RetriableDatanodeEventWatcher (RetriableDatanodeEventWatcher.java:onTimeout(47)) - RetriableDatanodeCommand type=deleteBlocksCommand with id=1560462722301 timed out. Retrying.
2019-06-13 21:52:12,107 INFO  commands.RetriableDatanodeEventWatcher (RetriableDatanodeEventWatcher.java:onTimeout(47)) - RetriableDatanodeCommand type=deleteBlocksCommand with id=1560462722311 timed out. Retrying.
2019-06-13 21:52:12,114 INFO  commands.RetriableDatanodeEventWatcher (RetriableDatanodeEventWatcher.java:onTimeout(47)) - RetriableDatanodeCommand type=deleteBlocksCommand with id=1560462722321 timed out. Retrying.
2019-06-13 21:52:12,121 DEBUG block.SCMBlockDeletingService (SCMBlockDeletingService.java:call(138)) - Running DeletedBlockTransactionScanner
2019-06-13 21:52:12,122 DEBUG block.SCMBlockDeletingService (SCMBlockDeletingService.java:call(155)) - Scanned deleted blocks log and got 3 delTX to process.
2019-06-13 21:52:12,122 DEBUG block.SCMBlockDeletingService (SCMBlockDeletingService.java:call(171)) - Added delete block command for datanode 2573df58-4087-4dd0-8598-5abddcc696b9 in the queue, number of delete block transactions: 3, TxID list: 1,2,3
2019-06-13 21:52:12,122 INFO  block.SCMBlockDeletingService (SCMBlockDeletingService.java:call(182)) - Totally added 3 delete blocks command for 1 datanodes, task elapsed time: 1ms
2019-06-13 21:52:12,142 INFO  commands.RetriableDatanodeEventWatcher (RetriableDatanodeEventWatcher.java:onTimeout(47)) - RetriableDatanodeCommand type=deleteBlocksCommand with id=1560462722242 timed out. Retrying.
2019-06-13 21:52:12,147 INFO  storage.RaftStorage (RaftStorage.java:format(75)) - Storage directory /opt/src/hadoop-ozone/integration-test/target/test-dir/MiniOzoneClusterImpl-8578056e-9b7b-4e66-9e9f-ef53d5cd7c03/datanode-0/data/ratis/6861fd7f-16cc-4831-9cd5-9998b3f47c9c has been successfully formatted.
2019-06-13 21:52:12,147 INFO  ratis.ContainerStateMachine (ContainerStateMachine.java:loadSnapshot(199)) - The snapshot info is null.Setting the last applied index to:(t:0, i:~)
2019-06-13 21:52:12,147 INFO  server.RaftServerConfigKeys (ConfUtils.java:logGet(43)) - raft.server.leader.election.timeout = 120s (custom)
2019-06-13 21:52:12,147 INFO  server.RaftServerConfigKeys (ConfUtils.java:logGet(43)) - raft.server.log.use.memory = false (default)
2019-06-13 21:52:12,147 INFO  server.RaftServerConfigKeys (ConfUtils.java:logGet(43)) - raft.server.log.appender.buffer.byte-limit = 33554432 (custom)
2019-06-13 21:52:12,147 INFO  server.RaftServerConfigKeys (ConfUtils.java:logGet(43)) - raft.server.log.segment.size.max = 16384 (custom)
2019-06-13 21:52:12,148 INFO  server.RaftServerConfigKeys (ConfUtils.java:logGet(43)) - raft.server.log.segment.cache.num.max = 2 (custom)
2019-06-13 21:52:12,148 INFO  storage.RaftLogWorker (RaftLogWorker.java:<init>(123)) - new 2573df58-4087-4dd0-8598-5abddcc696b9-RaftLogWorker for Storage Directory /opt/src/hadoop-ozone/integration-test/target/test-dir/MiniOzoneClusterImpl-8578056e-9b7b-4e66-9e9f-ef53d5cd7c03/datanode-0/data/ratis/6861fd7f-16cc-4831-9cd5-9998b3f47c9c
2019-06-13 21:52:12,148 INFO  server.RaftServerConfigKeys (ConfUtils.java:logGet(43)) - raft.server.log.queue.byte-limit = 2147483647 (custom)
2019-06-13 21:52:12,148 INFO  server.RaftServerConfigKeys (ConfUtils.java:logGet(43)) - raft.server.log.queue.element-limit = 1024 (custom)
2019-06-13 21:52:12,148 INFO  server.RaftServerConfigKeys (ConfUtils.java:logGet(43)) - raft.server.log.segment.size.max = 16384 (custom)
2019-06-13 21:52:12,148 INFO  server.RaftServerConfigKeys (ConfUtils.java:logGet(43)) - raft.server.log.preallocated.size = 16384 (custom)
2019-06-13 21:52:12,148 INFO  server.RaftServerConfigKeys (ConfUtils.java:logGet(43)) - raft.server.log.write.buffer.size = 33554432 (custom)
2019-06-13 21:52:12,148 INFO  server.RaftServerConfigKeys (ConfUtils.java:logGet(43)) - raft.server.log.force.sync.num = 128 (default)
2019-06-13 21:52:12,148 INFO  server.RaftServerConfigKeys (ConfUtils.java:logGet(43)) - raft.server.log.statemachine.data.sync = true (default)
2019-06-13 21:52:12,148 INFO  server.RaftServerConfigKeys (ConfUtils.java:logGet(43)) - raft.server.log.statemachine.data.sync.timeout = 10s (default)
2019-06-13 21:52:12,149 INFO  server.RaftServerConfigKeys (ConfUtils.java:logGet(43)) - raft.server.log.statemachine.data.sync.timeout.retry = -1 (default)
2019-06-13 21:52:12,149 INFO  server.RaftServerConfigKeys (ConfUtils.java:logGet(43)) - raft.server.log.statemachine.data.caching.enabled = true (custom)
2019-06-13 21:52:12,149 INFO  server.RaftServerConfigKeys (ConfUtils.java:logGet(43)) - raft.server.snapshot.auto.trigger.enabled = true (custom)
2019-06-13 21:52:12,149 INFO  server.RaftServerConfigKeys (ConfUtils.java:logGet(43)) - raft.server.snapshot.auto.trigger.threshold = 10000 (custom)
2019-06-13 21:52:12,149 INFO  server.RaftServerConfigKeys (ConfUtils.java:logGet(43)) - raft.server.retrycache.expirytime = 600000ms (custom)
2019-06-13 21:52:12,150 INFO  impl.RaftServerImpl (RaftServerImpl.java:start(173)) - 2573df58-4087-4dd0-8598-5abddcc696b9: start group-9998B3F47C9C
2019-06-13 21:52:12,150 INFO  impl.RaftServerImpl (RaftServerImpl.java:setRole(164)) - 2573df58-4087-4dd0-8598-5abddcc696b9:group-9998B3F47C9C changes role from null to FOLLOWER at term 0 for startAsFollower
2019-06-13 21:52:12,150 INFO  impl.RoleInfo (RoleInfo.java:updateAndGet(143)) - 2573df58-4087-4dd0-8598-5abddcc696b9: start FollowerState
2019-06-13 21:52:12,150 INFO  util.JmxRegister (JmxRegister.java:tryRegister(44)) - Successfully registered JMX Bean with object name Ratis:service=RaftServer,group=group-9998B3F47C9C,id=2573df58-4087-4dd0-8598-5abddcc696b9
2019-06-13 21:52:12,155 INFO  commands.RetriableDatanodeEventWatcher (RetriableDatanodeEventWatcher.java:onTimeout(47)) - RetriableDatanodeCommand type=deleteBlocksCommand with id=1560462722252 timed out. Retrying.
2019-06-13 21:52:12,157 INFO  pipeline.PipelineStateManager (PipelineStateManager.java:addPipeline(56)) - Created pipeline Pipeline[ Id: 6861fd7f-16cc-4831-9cd5-9998b3f47c9c, Nodes: 2573df58-4087-4dd0-8598-5abddcc696b9{ip: 192.168.11.218, host: ozone-d4wqq-1121427898, networkLocation: /default-rack, certSerialId: null}, Type:RATIS, Factor:ONE, State:OPEN]
2019-06-13 21:52:12,165 INFO  commands.RetriableDatanodeEventWatcher (RetriableDatanodeEventWatcher.java:onTimeout(47)) - RetriableDatanodeCommand type=deleteBlocksCommand with id=1560462722262 timed out. Retrying.
2019-06-13 21:52:12,171 INFO  commands.RetriableDatanodeEventWatcher (RetriableDatanodeEventWatcher.java:onTimeout(47)) - RetriableDatanodeCommand type=deleteBlocksCommand with id=1560462722272 timed out. Retrying.
2019-06-13 21:52:12,180 INFO  commands.RetriableDatanodeEventWatcher (RetriableDatanodeEventWatcher.java:onTimeout(47)) - RetriableDatanodeCommand type=deleteBlocksCommand with id=1560462722282 timed out. Retrying.
2019-06-13 21:52:12,190 INFO  commands.RetriableDatanodeEventWatcher (RetriableDatanodeEventWatcher.java:onTimeout(47)) - RetriableDatanodeCommand type=deleteBlocksCommand with id=1560462722292 timed out. Retrying.
2019-06-13 21:52:12,199 INFO  commands.RetriableDatanodeEventWatcher (RetriableDatanodeEventWatcher.java:onTimeout(47)) - RetriableDatanodeCommand type=deleteBlocksCommand with id=1560462722302 timed out. Retrying.
2019-06-13 21:52:12,207 INFO  commands.RetriableDatanodeEventWatcher (RetriableDatanodeEventWatcher.java:onTimeout(47)) - RetriableDatanodeCommand type=deleteBlocksCommand with id=1560462722312 timed out. Retrying.
2019-06-13 21:52:12,215 INFO  commands.RetriableDatanodeEventWatcher (RetriableDatanodeEventWatcher.java:onTimeout(47)) - RetriableDatanodeCommand type=deleteBlocksCommand with id=1560462722322 timed out. Retrying.
2019-06-13 21:52:12,223 DEBUG block.SCMBlockDeletingService (SCMBlockDeletingService.java:call(138)) - Running DeletedBlockTransactionScanner
2019-06-13 21:52:12,223 DEBUG block.SCMBlockDeletingService (SCMBlockDeletingService.java:call(155)) - Scanned deleted blocks log and got 3 delTX to process.
2019-06-13 21:52:12,223 DEBUG block.SCMBlockDeletingService (SCMBlockDeletingService.java:call(171)) - Added delete block command for datanode 2573df58-4087-4dd0-8598-5abddcc696b9 in the queue, number of delete block transactions: 3, TxID list: 1,2,3
2019-06-13 21:52:12,223 INFO  block.SCMBlockDeletingService (SCMBlockDeletingService.java:call(182)) - Totally added 3 delete blocks command for 1 datanodes, task elapsed time: 0ms
2019-06-13 21:52:12,244 INFO  commands.RetriableDatanodeEventWatcher (RetriableDatanodeEventWatcher.java:onTimeout(47)) - RetriableDatanodeCommand type=deleteBlocksCommand with id=1560462722233 timed out. Retrying.
2019-06-13 21:52:12,246 INFO  commands.RetriableDatanodeEventWatcher (RetriableDatanodeEventWatcher.java:onTimeout(47)) - RetriableDatanodeCommand type=deleteBlocksCommand with id=1560462722243 timed out. Retrying.
2019-06-13 21:52:12,254 INFO  commands.RetriableDatanodeEventWatcher (RetriableDatanodeEventWatcher.java:onTimeout(47)) - RetriableDatanodeCommand type=deleteBlocksCommand with id=1560462722253 timed out. Retrying.
2019-06-13 21:52:12,265 INFO  commands.RetriableDatanodeEventWatcher (RetriableDatanodeEventWatcher.java:onTimeout(47)) - RetriableDatanodeCommand type=deleteBlocksCommand with id=1560462722263 timed out. Retrying.
2019-06-13 21:52:12,272 INFO  commands.RetriableDatanodeEventWatcher (RetriableDatanodeEventWatcher.java:onTimeout(47)) - RetriableDatanodeCommand type=deleteBlocksCommand with id=1560462722273 timed out. Retrying.
2019-06-13 21:52:12,281 INFO  commands.RetriableDatanodeEventWatcher (RetriableDatanodeEventWatcher.java:onTimeout(47)) - RetriableDatanodeCommand type=deleteBlocksCommand with id=1560462722283 timed out. Retrying.
2019-06-13 21:52:12,290 INFO  commands.RetriableDatanodeEventWatcher (RetriableDatanodeEventWatcher.java:onTimeout(47)) - RetriableDatanodeCommand type=deleteBlocksCommand with id=1560462722293 timed out. Retrying.
2019-06-13 21:52:12,300 INFO  commands.RetriableDatanodeEventWatcher (RetriableDatanodeEventWatcher.java:onTimeout(47)) - RetriableDatanodeCommand type=deleteBlocksCommand with id=1560462722303 timed out. Retrying.
2019-06-13 21:52:12,307 INFO  commands.RetriableDatanodeEventWatcher (RetriableDatanodeEventWatcher.java:onTimeout(47)) - RetriableDatanodeCommand type=deleteBlocksCommand with id=1560462722313 timed out. Retrying.
2019-06-13 21:52:12,315 INFO  commands.RetriableDatanodeEventWatcher (RetriableDatanodeEventWatcher.java:onTimeout(47)) - RetriableDatanodeCommand type=deleteBlocksCommand with id=1560462722323 timed out. Retrying.
2019-06-13 21:52:12,324 DEBUG block.SCMBlockDeletingService (SCMBlockDeletingService.java:call(138)) - Running DeletedBlockTransactionScanner
2019-06-13 21:52:12,324 DEBUG block.SCMBlockDeletingService (SCMBlockDeletingService.java:call(155)) - Scanned deleted blocks log and got 3 delTX to process.
2019-06-13 21:52:12,324 DEBUG block.SCMBlockDeletingService (SCMBlockDeletingService.java:call(171)) - Added delete block command for datanode 2573df58-4087-4dd0-8598-5abddcc696b9 in the queue, number of delete block transactions: 3, TxID list: 1,2,3
2019-06-13 21:52:12,324 INFO  block.SCMBlockDeletingService (SCMBlockDeletingService.java:call(182)) - Totally added 3 delete blocks command for 1 datanodes, task elapsed time: 0ms
2019-06-13 21:52:12,340 INFO  commands.RetriableDatanodeEventWatcher (RetriableDatanodeEventWatcher.java:onTimeout(47)) - RetriableDatanodeCommand type=deleteBlocksCommand with id=1560462722234 timed out. Retrying.
2019-06-13 21:52:12,346 INFO  commands.RetriableDatanodeEventWatcher (RetriableDatanodeEventWatcher.java:onTimeout(47)) - RetriableDatanodeCommand type=deleteBlocksCommand with id=1560462722244 timed out. Retrying.
2019-06-13 21:52:12,354 INFO  commands.RetriableDatanodeEventWatcher (RetriableDatanodeEventWatcher.java:onTimeout(47)) - RetriableDatanodeCommand type=deleteBlocksCommand with id=1560462722254 timed out. Retrying.
2019-06-13 21:52:12,365 INFO  commands.RetriableDatanodeEventWatcher (RetriableDatanodeEventWatcher.java:onTimeout(47)) - RetriableDatanodeCommand type=deleteBlocksCommand with id=1560462722264 timed out. Retrying.
2019-06-13 21:52:12,374 INFO  commands.RetriableDatanodeEventWatcher (RetriableDatanodeEventWatcher.java:onTimeout(47)) - RetriableDatanodeCommand type=deleteBlocksCommand with id=1560462722274 timed out. Retrying.
2019-06-13 21:52:12,381 INFO  commands.RetriableDatanodeEventWatcher (RetriableDatanodeEventWatcher.java:onTimeout(47)) - RetriableDatanodeCommand type=deleteBlocksCommand with id=1560462722284 timed out. Retrying.
2019-06-13 21:52:12,392 INFO  commands.RetriableDatanodeEventWatcher (RetriableDatanodeEventWatcher.java:onTimeout(47)) - RetriableDatanodeCommand type=deleteBlocksCommand with id=1560462722294 timed out. Retrying.
2019-06-13 21:52:12,399 INFO  commands.RetriableDatanodeEventWatcher (RetriableDatanodeEventWatcher.java:onTimeout(47)) - RetriableDatanodeCommand type=deleteBlocksCommand with id=1560462722304 timed out. Retrying.
2019-06-13 21:52:12,409 INFO  commands.RetriableDatanodeEventWatcher (RetriableDatanodeEventWatcher.java:onTimeout(47)) - RetriableDatanodeCommand type=deleteBlocksCommand with id=1560462722314 timed out. Retrying.
2019-06-13 21:52:12,416 INFO  commands.RetriableDatanodeEventWatcher (RetriableDatanodeEventWatcher.java:onTimeout(47)) - RetriableDatanodeCommand type=deleteBlocksCommand with id=1560462722324 timed out. Retrying.
2019-06-13 21:52:12,424 DEBUG block.SCMBlockDeletingService (SCMBlockDeletingService.java:call(138)) - Running DeletedBlockTransactionScanner
2019-06-13 21:52:12,425 DEBUG block.SCMBlockDeletingService (SCMBlockDeletingService.java:call(155)) - Scanned deleted blocks log and got 3 delTX to process.
2019-06-13 21:52:12,425 DEBUG block.SCMBlockDeletingService (SCMBlockDeletingService.java:call(171)) - Added delete block command for datanode 2573df58-4087-4dd0-8598-5abddcc696b9 in the queue, number of delete block transactions: 3, TxID list: 1,2,3
2019-06-13 21:52:12,425 INFO  block.SCMBlockDeletingService (SCMBlockDeletingService.java:call(182)) - Totally added 3 delete blocks command for 1 datanodes, task elapsed time: 0ms
2019-06-13 21:52:12,440 INFO  commands.RetriableDatanodeEventWatcher (RetriableDatanodeEventWatcher.java:onTimeout(47)) - RetriableDatanodeCommand type=deleteBlocksCommand with id=1560462722235 timed out. Retrying.
2019-06-13 21:52:12,450 INFO  commands.RetriableDatanodeEventWatcher (RetriableDatanodeEventWatcher.java:onTimeout(47)) - RetriableDatanodeCommand type=deleteBlocksCommand with id=1560462722245 timed out. Retrying.
2019-06-13 21:52:12,457 INFO  commands.RetriableDatanodeEventWatcher (RetriableDatanodeEventWatcher.java:onTimeout(47)) - RetriableDatanodeCommand type=deleteBlocksCommand with id=1560462722255 timed out. Retrying.
2019-06-13 21:52:12,465 INFO  commands.RetriableDatanodeEventWatcher (RetriableDatanodeEventWatcher.java:onTimeout(47)) - RetriableDatanodeCommand type=deleteBlocksCommand with id=1560462722265 timed out. Retrying.
2019-06-13 21:52:12,475 INFO  commands.RetriableDatanodeEventWatcher (RetriableDatanodeEventWatcher.java:onTimeout(47)) - RetriableDatanodeCommand type=deleteBlocksCommand with id=1560462722275 timed out. Retrying.
2019-06-13 21:52:12,483 INFO  commands.RetriableDatanodeEventWatcher (RetriableDatanodeEventWatcher.java:onTimeout(47)) - RetriableDatanodeCommand type=deleteBlocksCommand with id=1560462722285 timed out. Retrying.
2019-06-13 21:52:12,493 INFO  commands.RetriableDatanodeEventWatcher (RetriableDatanodeEventWatcher.java:onTimeout(47)) - RetriableDatanodeCommand type=deleteBlocksCommand with id=1560462722295 timed out. Retrying.
2019-06-13 21:52:12,500 INFO  commands.RetriableDatanodeEventWatcher (RetriableDatanodeEventWatcher.java:onTimeout(47)) - RetriableDatanodeCommand type=deleteBlocksCommand with id=1560462722305 timed out. Retrying.
2019-06-13 21:52:12,511 INFO  commands.RetriableDatanodeEventWatcher (RetriableDatanodeEventWatcher.java:onTimeout(47)) - RetriableDatanodeCommand type=deleteBlocksCommand with id=1560462722315 timed out. Retrying.
2019-06-13 21:52:12,517 INFO  commands.RetriableDatanodeEventWatcher (RetriableDatanodeEventWatcher.java:onTimeout(47)) - RetriableDatanodeCommand type=deleteBlocksCommand with id=1560462722325 timed out. Retrying.
2019-06-13 21:52:12,525 DEBUG block.SCMBlockDeletingService (SCMBlockDeletingService.java:call(138)) - Running DeletedBlockTransactionScanner
2019-06-13 21:52:12,526 DEBUG block.SCMBlockDeletingService (SCMBlockDeletingService.java:call(155)) - Scanned deleted blocks log and got 3 delTX to process.
2019-06-13 21:52:12,526 DEBUG block.SCMBlockDeletingService (SCMBlockDeletingService.java:call(171)) - Added delete block command for datanode 2573df58-4087-4dd0-8598-5abddcc696b9 in the queue, number of delete block transactions: 3, TxID list: 1,2,3
2019-06-13 21:52:12,526 INFO  block.SCMBlockDeletingService (SCMBlockDeletingService.java:call(182)) - Totally added 3 delete blocks command for 1 datanodes, task elapsed time: 1ms
2019-06-13 21:52:12,547 INFO  commands.RetriableDatanodeEventWatcher (RetriableDatanodeEventWatcher.java:onTimeout(47)) - RetriableDatanodeCommand type=deleteBlocksCommand with id=1560462722236 timed out. Retrying.
2019-06-13 21:52:12,566 INFO  commands.RetriableDatanodeEventWatcher (RetriableDatanodeEventWatcher.java:onTimeout(47)) - RetriableDatanodeCommand type=deleteBlocksCommand with id=1560462722266 timed out. Retrying.
2019-06-13 21:52:12,566 INFO  commands.RetriableDatanodeEventWatcher (RetriableDatanodeEventWatcher.java:onTimeout(47)) - RetriableDatanodeCommand type=deleteBlocksCommand with id=1560462722246 timed out. Retrying.
2019-06-13 21:52:12,566 INFO  commands.RetriableDatanodeEventWatcher (RetriableDatanodeEventWatcher.java:onTimeout(47)) - RetriableDatanodeCommand type=deleteBlocksCommand with id=1560462722256 timed out. Retrying.
2019-06-13 21:52:12,577 INFO  commands.RetriableDatanodeEventWatcher (RetriableDatanodeEventWatcher.java:onTimeout(47)) - RetriableDatanodeCommand type=deleteBlocksCommand with id=1560462722276 timed out. Retrying.
2019-06-13 21:52:12,584 INFO  commands.RetriableDatanodeEventWatcher (RetriableDatanodeEventWatcher.java:onTimeout(47)) - RetriableDatanodeCommand type=deleteBlocksCommand with id=1560462722286 timed out. Retrying.
2019-06-13 21:52:12,593 INFO  commands.RetriableDatanodeEventWatcher (RetriableDatanodeEventWatcher.java:onTimeout(47)) - RetriableDatanodeCommand type=deleteBlocksCommand with id=1560462722296 timed out. Retrying.
2019-06-13 21:52:12,597 WARN  ipc.Server (Server.java:setupResponse(2950)) - Large response size 2942090 for call Call#1837 Retry#0 org.apache.hadoop.ozone.protocol.StorageContainerDatanodeProtocol.sendHeartbeat from 192.168.11.218:34686
2019-06-13 21:52:12,601 INFO  commands.RetriableDatanodeEventWatcher (RetriableDatanodeEventWatcher.java:onTimeout(47)) - RetriableDatanodeCommand type=deleteBlocksCommand with id=1560462722306 timed out. Retrying.
2019-06-13 21:52:12,611 INFO  commands.RetriableDatanodeEventWatcher (RetriableDatanodeEventWatcher.java:onTimeout(47)) - RetriableDatanodeCommand type=deleteBlocksCommand with id=1560462722316 timed out. Retrying.
2019-06-13 21:52:12,617 INFO  block.SCMBlockDeletingService (SCMBlockDeletingService.java:handlePendingDeletes(115)) - Block deletion txnID mismatch in datanode 2573df58-4087-4dd0-8598-5abddcc696b9 for containerID 1. Datanode delete txnID: 0, SCM txnID: 1
2019-06-13 21:52:12,617 INFO  block.SCMBlockDeletingService (SCMBlockDeletingService.java:handlePendingDeletes(115)) - Block deletion txnID mismatch in datanode 2573df58-4087-4dd0-8598-5abddcc696b9 for containerID 2. Datanode delete txnID: 0, SCM txnID: 2
2019-06-13 21:52:12,617 INFO  block.SCMBlockDeletingService (SCMBlockDeletingService.java:handlePendingDeletes(115)) - Block deletion txnID mismatch in datanode 2573df58-4087-4dd0-8598-5abddcc696b9 for containerID 3. Datanode delete txnID: 0, SCM txnID: 3
2019-06-13 21:52:12,620 INFO  commands.RetriableDatanodeEventWatcher (RetriableDatanodeEventWatcher.java:onTimeout(47)) - RetriableDatanodeCommand type=deleteBlocksCommand with id=1560462722326 timed out. Retrying.
2019-06-13 21:52:12,626 DEBUG block.SCMBlockDeletingService (SCMBlockDeletingService.java:call(138)) - Running DeletedBlockTransactionScanner
2019-06-13 21:52:12,627 DEBUG block.SCMBlockDeletingService (SCMBlockDeletingService.java:call(155)) - Scanned deleted blocks log and got 3 delTX to process.
2019-06-13 21:52:12,627 DEBUG block.SCMBlockDeletingService (SCMBlockDeletingService.java:call(171)) - Added delete block command for datanode 2573df58-4087-4dd0-8598-5abddcc696b9 in the queue, number of delete block transactions: 3, TxID list: 1,2,3
2019-06-13 21:52:12,627 INFO  block.SCMBlockDeletingService (SCMBlockDeletingService.java:call(182)) - Totally added 3 delete blocks command for 1 datanodes, task elapsed time: 1ms
2019-06-13 21:52:12,640 INFO  commands.RetriableDatanodeEventWatcher (RetriableDatanodeEventWatcher.java:onTimeout(47)) - RetriableDatanodeCommand type=deleteBlocksCommand with id=1560462722237 timed out. Retrying.
2019-06-13 21:52:12,649 INFO  commands.RetriableDatanodeEventWatcher (RetriableDatanodeEventWatcher.java:onTimeout(47)) - RetriableDatanodeCommand type=deleteBlocksCommand with id=1560462722247 timed out. Retrying.
2019-06-13 21:52:12,661 INFO  commands.RetriableDatanodeEventWatcher (RetriableDatanodeEventWatcher.java:onTimeout(47)) - RetriableDatanodeCommand type=deleteBlocksCommand with id=1560462722257 timed out. Retrying.
2019-06-13 21:52:12,667 INFO  commands.RetriableDatanodeEventWatcher (RetriableDatanodeEventWatcher.java:onTimeout(47)) - RetriableDatanodeCommand type=deleteBlocksCommand with id=1560462722267 timed out. Retrying.
2019-06-13 21:52:12,668 INFO  block.SCMBlockDeletingService (SCMBlockDeletingService.java:handlePendingDeletes(115)) - Block deletion txnID mismatch in datanode 2573df58-4087-4dd0-8598-5abddcc696b9 for containerID 1. Datanode delete txnID: 0, SCM txnID: 1
2019-06-13 21:52:12,668 INFO  block.SCMBlockDeletingService (SCMBlockDeletingService.java:handlePendingDeletes(115)) - Block deletion txnID mismatch in datanode 2573df58-4087-4dd0-8598-5abddcc696b9 for containerID 2. Datanode delete txnID: 0, SCM txnID: 2
2019-06-13 21:52:12,668 INFO  block.SCMBlockDeletingService (SCMBlockDeletingService.java:handlePendingDeletes(115)) - Block deletion txnID mismatch in datanode 2573df58-4087-4dd0-8598-5abddcc696b9 for containerID 3. Datanode delete txnID: 0, SCM txnID: 3
2019-06-13 21:52:12,678 INFO  commands.RetriableDatanodeEventWatcher (RetriableDatanodeEventWatcher.java:onTimeout(47)) - RetriableDatanodeCommand type=deleteBlocksCommand with id=1560462722277 timed out. Retrying.
2019-06-13 21:52:12,684 INFO  commands.RetriableDatanodeEventWatcher (RetriableDatanodeEventWatcher.java:onTimeout(47)) - RetriableDatanodeCommand type=deleteBlocksCommand with id=1560462722287 timed out. Retrying.
2019-06-13 21:52:12,695 INFO  commands.RetriableDatanodeEventWatcher (RetriableDatanodeEventWatcher.java:onTimeout(47)) - RetriableDatanodeCommand type=deleteBlocksCommand with id=1560462722297 timed out. Retrying.
2019-06-13 21:52:12,703 INFO  commands.RetriableDatanodeEventWatcher (RetriableDatanodeEventWatcher.java:onTimeout(47)) - RetriableDatanodeCommand type=deleteBlocksCommand with id=1560462722307 timed out. Retrying.
2019-06-13 21:52:12,711 INFO  commands.RetriableDatanodeEventWatcher (RetriableDatanodeEventWatcher.java:onTimeout(47)) - RetriableDatanodeCommand type=deleteBlocksCommand with id=1560462722317 timed out. Retrying.
2019-06-13 21:52:12,719 INFO  commands.RetriableDatanodeEventWatcher (RetriableDatanodeEventWatcher.java:onTimeout(47)) - RetriableDatanodeCommand type=deleteBlocksCommand with id=1560462722327 timed out. Retrying.
2019-06-13 21:52:12,727 DEBUG block.SCMBlockDeletingService (SCMBlockDeletingService.java:call(138)) - Running DeletedBlockTransactionScanner
2019-06-13 21:52:12,728 DEBUG block.SCMBlockDeletingService (SCMBlockDeletingService.java:call(155)) - Scanned deleted blocks log and got 3 delTX to process.
2019-06-13 21:52:12,728 DEBUG block.SCMBlockDeletingService (SCMBlockDeletingService.java:call(171)) - Added delete block command for datanode 2573df58-4087-4dd0-8598-5abddcc696b9 in the queue, number of delete block transactions: 3, TxID list: 1,2,3
2019-06-13 21:52:12,728 INFO  block.SCMBlockDeletingService (SCMBlockDeletingService.java:call(182)) - Totally added 3 delete blocks command for 1 datanodes, task elapsed time: 1ms
2019-06-13 21:52:12,741 INFO  commands.RetriableDatanodeEventWatcher (RetriableDatanodeEventWatcher.java:onTimeout(47)) - RetriableDatanodeCommand type=deleteBlocksCommand with id=1560462722238 timed out. Retrying.
2019-06-13 21:52:12,749 INFO  commands.RetriableDatanodeEventWatcher (RetriableDatanodeEventWatcher.java:onTimeout(47)) - RetriableDatanodeCommand type=deleteBlocksCommand with id=1560462722248 timed out. Retrying.
2019-06-13 21:52:12,760 INFO  commands.RetriableDatanodeEventWatcher (RetriableDatanodeEventWatcher.java:onTimeout(47)) - RetriableDatanodeCommand type=deleteBlocksCommand with id=1560462722258 timed out. Retrying.
2019-06-13 21:52:12,770 INFO  commands.RetriableDatanodeEventWatcher (RetriableDatanodeEventWatcher.java:onTimeout(47)) - RetriableDatanodeCommand type=deleteBlocksCommand with id=1560462722268 timed out. Retrying.
2019-06-13 21:52:12,777 INFO  commands.RetriableDatanodeEventWatcher (RetriableDatanodeEventWatcher.java:onTimeout(47)) - RetriableDatanodeCommand type=deleteBlocksCommand with id=1560462722278 timed out. Retrying.
2019-06-13 21:52:12,786 INFO  commands.RetriableDatanodeEventWatcher (RetriableDatanodeEventWatcher.java:onTimeout(47)) - RetriableDatanodeCommand type=deleteBlocksCommand with id=1560462722288 timed out. Retrying.
2019-06-13 21:52:12,794 INFO  commands.RetriableDatanodeEventWatcher (RetriableDatanodeEventWatcher.java:onTimeout(47)) - RetriableDatanodeCommand type=deleteBlocksCommand with id=1560462722298 timed out. Retrying.
2019-06-13 21:52:12,805 INFO  commands.RetriableDatanodeEventWatcher (RetriableDatanodeEventWatcher.java:onTimeout(47)) - RetriableDatanodeCommand type=deleteBlocksCommand with id=1560462722308 timed out. Retrying.
2019-06-13 21:52:12,811 INFO  commands.RetriableDatanodeEventWatcher (RetriableDatanodeEventWatcher.java:onTimeout(47)) - RetriableDatanodeCommand type=deleteBlocksCommand with id=1560462722318 timed out. Retrying.
2019-06-13 21:52:12,820 INFO  commands.RetriableDatanodeEventWatcher (RetriableDatanodeEventWatcher.java:onTimeout(47)) - RetriableDatanodeCommand type=deleteBlocksCommand with id=1560462722328 timed out. Retrying.
2019-06-13 21:52:12,828 DEBUG block.SCMBlockDeletingService (SCMBlockDeletingService.java:call(138)) - Running DeletedBlockTransactionScanner
2019-06-13 21:52:12,828 DEBUG block.SCMBlockDeletingService (SCMBlockDeletingService.java:call(155)) - Scanned deleted blocks log and got 3 delTX to process.
2019-06-13 21:52:12,828 DEBUG block.SCMBlockDeletingService (SCMBlockDeletingService.java:call(171)) - Added delete block command for datanode 2573df58-4087-4dd0-8598-5abddcc696b9 in the queue, number of delete block transactions: 3, TxID list: 1,2,3
2019-06-13 21:52:12,829 INFO  block.SCMBlockDeletingService (SCMBlockDeletingService.java:call(182)) - Totally added 3 delete blocks command for 1 datanodes, task elapsed time: 1ms
2019-06-13 21:52:12,844 INFO  commands.RetriableDatanodeEventWatcher (RetriableDatanodeEventWatcher.java:onTimeout(47)) - RetriableDatanodeCommand type=deleteBlocksCommand with id=1560462722239 timed out. Retrying.
2019-06-13 21:52:12,850 INFO  commands.RetriableDatanodeEventWatcher (RetriableDatanodeEventWatcher.java:onTimeout(47)) - RetriableDatanodeCommand type=deleteBlocksCommand with id=1560462722249 timed out. Retrying.
2019-06-13 21:52:12,861 INFO  commands.RetriableDatanodeEventWatcher (RetriableDatanodeEventWatcher.java:onTimeout(47)) - RetriableDatanodeCommand type=deleteBlocksCommand with id=1560462722259 timed out. Retrying.
2019-06-13 21:52:12,871 INFO  commands.RetriableDatanodeEventWatcher (RetriableDatanodeEventWatcher.java:onTimeout(47)) - RetriableDatanodeCommand type=deleteBlocksCommand with id=1560462722269 timed out. Retrying.
2019-06-13 21:52:12,880 INFO  commands.RetriableDatanodeEventWatcher (RetriableDatanodeEventWatcher.java:onTimeout(47)) - RetriableDatanodeCommand type=deleteBlocksCommand with id=1560462722279 timed out. Retrying.
2019-06-13 21:52:12,887 INFO  commands.RetriableDatanodeEventWatcher (RetriableDatanodeEventWatcher.java:onTimeout(47)) - RetriableDatanodeCommand type=deleteBlocksCommand with id=1560462722289 timed out. Retrying.
2019-06-13 21:52:12,896 INFO  commands.RetriableDatanodeEventWatcher (RetriableDatanodeEventWatcher.java:onTimeout(47)) - RetriableDatanodeCommand type=deleteBlocksCommand with id=1560462722299 timed out. Retrying.
2019-06-13 21:52:12,905 INFO  commands.RetriableDatanodeEventWatcher (RetriableDatanodeEventWatcher.java:onTimeout(47)) - RetriableDatanodeCommand type=deleteBlocksCommand with id=1560462722309 timed out. Retrying.
2019-06-13 21:52:12,912 INFO  commands.RetriableDatanodeEventWatcher (RetriableDatanodeEventWatcher.java:onTimeout(47)) - RetriableDatanodeCommand type=deleteBlocksCommand with id=1560462722319 timed out. Retrying.
2019-06-13 21:52:12,920 INFO  commands.RetriableDatanodeEventWatcher (RetriableDatanodeEventWatcher.java:onTimeout(47)) - RetriableDatanodeCommand type=deleteBlocksCommand with id=1560462722329 timed out. Retrying.
2019-06-13 21:52:12,929 DEBUG block.SCMBlockDeletingService (SCMBlockDeletingService.java:call(138)) - Running DeletedBlockTransactionScanner
2019-06-13 21:52:12,929 DEBUG block.SCMBlockDeletingService (SCMBlockDeletingService.java:call(155)) - Scanned deleted blocks log and got 3 delTX to process.
2019-06-13 21:52:12,929 DEBUG block.SCMBlockDeletingService (SCMBlockDeletingService.java:call(171)) - Added delete block command for datanode 2573df58-4087-4dd0-8598-5abddcc696b9 in the queue, number of delete block transactions: 3, TxID list: 1,2,3
2019-06-13 21:52:12,929 INFO  block.SCMBlockDeletingService (SCMBlockDeletingService.java:call(182)) - Totally added 3 delete blocks command for 1 datanodes, task elapsed time: 1ms
2019-06-13 21:52:12,948 INFO  commands.RetriableDatanodeEventWatcher (RetriableDatanodeEventWatcher.java:onTimeout(47)) - RetriableDatanodeCommand type=deleteBlocksCommand with id=1560462722240 timed out. Retrying.
2019-06-13 21:52:12,951 INFO  commands.RetriableDatanodeEventWatcher (RetriableDatanodeEventWatcher.java:onTimeout(47)) - RetriableDatanodeCommand type=deleteBlocksCommand with id=1560462722250 timed out. Retrying.
2019-06-13 21:52:12,963 INFO  commands.RetriableDatanodeEventWatcher (RetriableDatanodeEventWatcher.java:onTimeout(47)) - RetriableDatanodeCommand type=deleteBlocksCommand with id=1560462722260 timed out. Retrying.
2019-06-13 21:52:12,971 INFO  commands.RetriableDatanodeEventWatcher (RetriableDatanodeEventWatcher.java:onTimeout(47)) - RetriableDatanodeCommand type=deleteBlocksCommand with id=1560462722270 timed out. Retrying.
2019-06-13 21:52:12,989 INFO  commands.RetriableDatanodeEventWatcher (RetriableDatanodeEventWatcher.java:onTimeout(47)) - RetriableDatanodeCommand type=deleteBlocksCommand with id=1560462722290 timed out. Retrying.
2019-06-13 21:52:12,990 INFO  commands.RetriableDatanodeEventWatcher (RetriableDatanodeEventWatcher.java:onTimeout(47)) - RetriableDatanodeCommand type=deleteBlocksCommand with id=1560462722280 timed out. Retrying.
2019-06-13 21:52:12,997 INFO  commands.RetriableDatanodeEventWatcher (RetriableDatanodeEventWatcher.java:onTimeout(47)) - RetriableDatanodeCommand type=deleteBlocksCommand with id=1560462722300 timed out. Retrying.
2019-06-13 21:52:13,005 INFO  commands.RetriableDatanodeEventWatcher (RetriableDatanodeEventWatcher.java:onTimeout(47)) - RetriableDatanodeCommand type=deleteBlocksCommand with id=1560462722310 timed out. Retrying.
MiniOzoneClusterImpl.java:lambda$waitForClusterToBeReady$0(142)) - Cluster is ready. Got 1 of 1 DN Heartbeats.
2019-06-13 21:52:13,005 INFO  commands.RetriableDatanodeEventWatcher (RetriableDatanodeEventWatcher.java:onTimeout(47)) - RetriableDatanodeCommand type=deleteBlocksCommand with id=1560462722310 timed out. Retrying.
2019-06-13 21:52:13,009 INFO  commandhandler.DeleteBlocksCommandHandler (DeleteBlocksCommandHandler.java:handle(106)) - Start to delete container blocks, TXIDs=[1(0),2(0),3(0)], numOfContainers=3, numOfBlocks=553
2019-06-13 21:52:13,011 INFO  block.SCMBlockDeletingService (SCMBlockDeletingService.java:handlePendingDeletes(115)) - Block deletion txnID mismatch in datanode 2573df58-4087-4dd0-8598-5abddcc696b9 for containerID 1. Datanode delete txnID: 0, SCM txnID: 1
2019-06-13 21:52:13,012 INFO  block.SCMBlockDeletingService (SCMBlockDeletingService.java:handlePendingDeletes(115)) - Block deletion txnID mismatch in datanode 2573df58-4087-4dd0-8598-5abddcc696b9 for containerID 2. Datanode delete txnID: 0, SCM txnID: 2
2019-06-13 21:52:13,012 INFO  block.SCMBlockDeletingService (SCMBlockDeletingService.java:handlePendingDeletes(115)) - Block deletion txnID mismatch in datanode 2573df58-4087-4dd0-8598-5abddcc696b9 for containerID 3. Datanode delete txnID: 0, SCM txnID: 3
2019-06-13 21:52:13,014 INFO  commands.RetriableDatanodeEventWatcher (RetriableDatanodeEventWatcher.java:onTimeout(47)) - RetriableDatanodeCommand type=deleteBlocksCommand with id=1560462722320 timed out. Retrying.
2019-06-13 21:52:13,021 INFO  commands.RetriableDatanodeEventWatcher (RetriableDatanodeEventWatcher.java:onTimeout(47)) - RetriableDatanodeCommand type=deleteBlocksCommand with id=1560462722330 timed out. Retrying.
2019-06-13 21:52:13,030 DEBUG block.SCMBlockDeletingService (SCMBlockDeletingService.java:call(138)) - Running DeletedBlockTransactionScanner
2019-06-13 21:52:13,030 DEBUG block.SCMBlockDeletingService (SCMBlockDeletingService.java:call(155)) - Scanned deleted blocks log and got 3 delTX to process.
2019-06-13 21:52:13,030 DEBUG block.SCMBlockDeletingService (SCMBlockDeletingService.java:call(171)) - Added delete block command for datanode 2573df58-4087-4dd0-8598-5abddcc696b9 in the queue, number of delete block transactions: 3, TxID list: 1,2,3
2019-06-13 21:52:13,030 INFO  block.SCMBlockDeletingService (SCMBlockDeletingService.java:call(182)) - Totally added 3 delete blocks command for 1 datanodes, task elapsed time: 0ms
2019-06-13 21:52:13,033 INFO  commandhandler.DeleteBlocksCommandHandler (DeleteBlocksCommandHandler.java:handle(106)) - Start to delete container blocks, TXIDs=[1(0),2(0),3(0)], numOfContainers=3, numOfBlocks=553
2019-06-13 21:52:13,034 INFO  commandhandler.DeleteBlocksCommandHandler (DeleteBlocksCommandHandler.java:handle(106)) - Start to delete container blocks, TXIDs=[1(0),2(0),3(0)], numOfContainers=3, numOfBlocks=553
2019-06-13 21:52:13,036 INFO  commandhandler.DeleteBlocksCommandHandler (DeleteBlocksCommandHandler.java:handle(106)) - Start to delete container blocks, TXIDs=[1(0),2(0),3(0)], numOfContainers=3, numOfBlocks=553
2019-06-13 21:52:13,037 INFO  commandhandler.DeleteBlocksCommandHandler (DeleteBlocksCommandHandler.java:handle(106)) - Start to delete container blocks, TXIDs=[1(0),2(0),3(0)], numOfContainers=3, numOfBlocks=553
2019-06-13 21:52:13,038 INFO  commandhandler.DeleteBlocksCommandHandler (DeleteBlocksCommandHandler.java:handle(106)) - Start to delete container blocks, TXIDs=[1(0),2(0),3(0)], numOfContainers=3, numOfBlocks=553
2019-06-13 21:52:13,039 INFO  commandhandler.DeleteBlocksCommandHandler (DeleteBlocksCommandHandler.java:handle(106)) - Start to delete container blocks, TXIDs=[1(0),2(0),3(0)], numOfContainers=3, numOfBlocks=553
2019-06-13 21:52:13,041 INFO  commandhandler.DeleteBlocksCommandHandler (DeleteBlocksCommandHandler.java:handle(106)) - Start to delete container blocks, TXIDs=[1(0),2(0),3(0)], numOfContainers=3, numOfBlocks=553
2019-06-13 21:52:13,042 INFO  commandhandler.DeleteBlocksCommandHandler (DeleteBlocksCommandHandler.java:handle(106)) - Start to delete container blocks, TXIDs=[1(0),2(0),3(0)], numOfContainers=3, numOfBlocks=553
2019-06-13 21:52:13,043 INFO  commandhandler.DeleteBlocksCommandHandler (DeleteBlocksCommandHandler.java:handle(106)) - Start to delete container blocks, TXIDs=[1(0),2(0),3(0)], numOfContainers=3, numOfBlocks=553
2019-06-13 21:52:13,044 INFO  commands.RetriableDatanodeEventWatcher (RetriableDatanodeEventWatcher.java:onTimeout(47)) - RetriableDatanodeCommand type=deleteBlocksCommand with id=1560462722241 timed out. Retrying.
2019-06-13 21:52:13,044 INFO  commandhandler.DeleteBlocksCommandHandler (DeleteBlocksCommandHandler.java:handle(106)) - Start to delete container blocks, TXIDs=[1(0),2(0),3(0)], numOfContainers=3, numOfBlocks=553
2019-06-13 21:52:13,046 INFO  commandhandler.DeleteBlocksCommandHandler (DeleteBlocksCommandHandler.java:handle(106)) - Start to delete container blocks, TXIDs=[1(0),2(0),3(0)], numOfContainers=3, numOfBlocks=553
2019-06-13 21:52:13,047 INFO  commandhandler.DeleteBlocksCommandHandler (DeleteBlocksCommandHandler.java:handle(106)) - Start to delete container blocks, TXIDs=[1(0),2(0),3(0)], numOfContainers=3, numOfBlocks=553
2019-06-13 21:52:13,048 INFO  commandhandler.DeleteBlocksCommandHandler (DeleteBlocksCommandHandler.java:handle(106)) - Start to delete container blocks, TXIDs=[1(0),2(0),3(0)], numOfContainers=3, numOfBlocks=553
2019-06-13 21:52:13,049 INFO  commandhandler.DeleteBlocksCommandHandler (DeleteBlocksCommandHandler.java:handle(106)) - Start to delete container blocks, TXIDs=[1(0),2(0),3(0)], numOfContainers=3, numOfBlocks=553
2019-06-13 21:52:13,050 INFO  commandhandler.DeleteBlocksCommandHandler (DeleteBlocksCommandHandler.java:handle(106)) - Start to delete container blocks, TXIDs=[1(0),2(0),3(0)], numOfContainers=3, numOfBlocks=553
2019-06-13 21:52:13,052 INFO  commandhandler.DeleteBlocksCommandHandler (DeleteBlocksCommandHandler.java:handle(106)) - Start to delete container blocks, TXIDs=[1(0),2(0),3(0)], numOfContainers=3, numOfBlocks=553
2019-06-13 21:52:13,053 INFO  commandhandler.DeleteBlocksCommandHandler (DeleteBlocksCommandHandler.java:handle(106)) - Start to delete container blocks, TXIDs=[1(0),2(0),3(0)], numOfContainers=3, numOfBlocks=553
2019-06-13 21:52:13,054 INFO  commandhandler.DeleteBlocksCommandHandler (DeleteBlocksCommandHandler.java:handle(106)) - Start to delete container blocks, TXIDs=[1(0),2(0),3(0)], numOfContainers=3, numOfBlocks=553
2019-06-13 21:52:13,054 INFO  commands.RetriableDatanodeEventWatcher (RetriableDatanodeEventWatcher.java:onTimeout(47)) - RetriableDatanodeCommand type=deleteBlocksCommand with id=1560462722251 timed out. Retrying.
2019-06-13 21:52:13,055 INFO  commandhandler.DeleteBlocksCommandHandler (DeleteBlocksCommandHandler.java:handle(106)) - Start to delete container blocks, TXIDs=[1(0),2(0),3(0)], numOfContainers=3, numOfBlocks=553
2019-06-13 21:52:13,057 INFO  commandhandler.DeleteBlocksCommandHandler (DeleteBlocksCommandHandler.java:handle(106)) - Start to delete container blocks, TXIDs=[1(0),2(0),3(0)], numOfContainers=3, numOfBlocks=553
2019-06-13 21:52:13,058 INFO  commandhandler.DeleteBlocksCommandHandler (DeleteBlocksCommandHandler.java:handle(106)) - Start to delete container blocks, TXIDs=[1(0),2(0),3(0)], numOfContainers=3, numOfBlocks=553
2019-06-13 21:52:13,059 INFO  commandhandler.DeleteBlocksCommandHandler (DeleteBlocksCommandHandler.java:handle(106)) - Start to delete container blocks, TXIDs=[1(0),2(0),3(0)], numOfContainers=3, numOfBlocks=553
2019-06-13 21:52:13,060 INFO  commandhandler.DeleteBlocksCommandHandler (DeleteBlocksCommandHandler.java:handle(106)) - Start to delete container blocks, TXIDs=[1(0),2(0),3(0)], numOfContainers=3, numOfBlocks=553
2019-06-13 21:52:13,062 INFO  commandhandler.DeleteBlocksCommandHandler (DeleteBlocksCommandHandler.java:handle(106)) - Start to delete container blocks, TXIDs=[1(0),2(0),3(0)], numOfContainers=3, numOfBlocks=553
2019-06-13 21:52:13,063 INFO  commandhandler.DeleteBlocksCommandHandler (DeleteBlocksCommandHandler.java:handle(106)) - Start to delete container blocks, TXIDs=[1(0),2(0),3(0)], numOfContainers=3, numOfBlocks=553
2019-06-13 21:52:13,064 INFO  commandhandler.DeleteBlocksCommandHandler (DeleteBlocksCommandHandler.java:handle(106)) - Start to delete container blocks, TXIDs=[1(0),2(0),3(0)], numOfContainers=3, numOfBlocks=553
2019-06-13 21:52:13,064 INFO  commandhandler.DeleteBlocksCommandHandler (DeleteBlocksCommandHandler.java:handle(106)) - Start to delete container blocks, TXIDs=[1(0),2(0),3(0)], numOfContainers=3, numOfBlocks=553
2019-06-13 21:52:13,064 INFO  commands.RetriableDatanodeEventWatcher (RetriableDatanodeEventWatcher.java:onTimeout(47)) - RetriableDatanodeCommand type=deleteBlocksCommand with id=1560462722261 timed out. Retrying.
2019-06-13 21:52:13,065 INFO  commandhandler.DeleteBlocksCommandHandler (DeleteBlocksCommandHandler.java:handle(106)) - Start to delete container blocks, TXIDs=[1(0),2(0),3(0)], numOfContainers=3, numOfBlocks=553
2019-06-13 21:52:13,066 INFO  commandhandler.DeleteBlocksCommandHandler (DeleteBlocksCommandHandler.java:handle(106)) - Start to delete container blocks, TXIDs=[1(0),2(0),3(0)], numOfContainers=3, numOfBlocks=553
2019-06-13 21:52:13,067 INFO  commandhandler.DeleteBlocksCommandHandler (DeleteBlocksCommandHandler.java:handle(106)) - Start to delete container blocks, TXIDs=[1(0),2(0),3(0)], numOfContainers=3, numOfBlocks=553
2019-06-13 21:52:13,067 INFO  commandhandler.DeleteBlocksCommandHandler (DeleteBlocksCommandHandler.java:handle(106)) - Start to delete container blocks, TXIDs=[1(0),2(0),3(0)], numOfContainers=3, numOfBlocks=553
2019-06-13 21:52:13,068 INFO  commandhandler.DeleteBlocksCommandHandler (DeleteBlocksCommandHandler.java:handle(106)) - Start to delete container blocks, TXIDs=[1(0),2(0),3(0)], numOfContainers=3, numOfBlocks=553
2019-06-13 21:52:13,069 INFO  commandhandler.DeleteBlocksCommandHandler (DeleteBlocksCommandHandler.java:handle(106)) - Start to delete container blocks, TXIDs=[1(0),2(0),3(0)], numOfContainers=3, numOfBlocks=553
2019-06-13 21:52:13,069 INFO  commandhandler.DeleteBlocksCommandHandler (DeleteBlocksCommandHandler.java:handle(106)) - Start to delete container blocks, TXIDs=[1(0),2(0),3(0)], numOfContainers=3, numOfBlocks=553
2019-06-13 21:52:13,070 INFO  commands.RetriableDatanodeEventWatcher (RetriableDatanodeEventWatcher.java:onTimeout(47)) - RetriableDatanodeCommand type=deleteBlocksCommand with id=1560462722271 timed out. Retrying.
2019-06-13 21:52:13,070 INFO  commandhandler.DeleteBlocksCommandHandler (DeleteBlocksCommandHandler.java:handle(106)) - Start to delete container blocks, TXIDs=[1(0),2(0),3(0)], numOfContainers=3, numOfBlocks=553
2019-06-13 21:52:13,071 INFO  commandhandler.DeleteBlocksCommandHandler (DeleteBlocksCommandHandler.java:handle(106)) - Start to delete container blocks, TXIDs=[1(0),2(0),3(0)], numOfContainers=3, numOfBlocks=553
2019-06-13 21:52:13,072 INFO  commandhandler.DeleteBlocksCommandHandler (DeleteBlocksCommandHandler.java:handle(106)) - Start to delete container blocks, TXIDs=[1(0),2(0),3(0)], numOfContainers=3, numOfBlocks=553
2019-06-13 21:52:13,072 INFO  commandhandler.DeleteBlocksCommandHandler (DeleteBlocksCommandHandler.java:handle(106)) - Start to delete container blocks, TXIDs=[1(0),2(0),3(0)], numOfContainers=3, numOfBlocks=553
2019-06-13 21:52:13,073 INFO  background.BlockDeletingService (BlockDeletingService.java:getTasks(123)) - Plan to choose 10 containers for block deletion, actually returns 3 valid containers.
2019-06-13 21:52:13,073 INFO  commandhandler.DeleteBlocksCommandHandler (DeleteBlocksCommandHandler.java:handle(106)) - Start to delete container blocks, TXIDs=[1(0),2(0),3(0)], numOfContainers=3, numOfBlocks=553
2019-06-13 21:52:13,074 INFO  commandhandler.DeleteBlocksCommandHandler (DeleteBlocksCommandHandler.java:handle(106)) - Start to delete container blocks, TXIDs=[1(0),2(0),3(0)], numOfContainers=3, numOfBlocks=553
2019-06-13 21:52:13,077 INFO  commandhandler.DeleteBlocksCommandHandler (DeleteBlocksCommandHandler.java:handle(106)) - Start to delete container blocks, TXIDs=[1(0),2(0),3(0)], numOfContainers=3, numOfBlocks=553
2019-06-13 21:52:13,079 INFO  commandhandler.DeleteBlocksCommandHandler (DeleteBlocksCommandHandler.java:handle(106)) - Start to delete container blocks, TXIDs=[1(0),2(0),3(0)], numOfContainers=3, numOfBlocks=553
2019-06-13 21:52:13,080 INFO  commandhandler.DeleteBlocksCommandHandler (DeleteBlocksCommandHandler.java:handle(106)) - Start to delete container blocks, TXIDs=[1(0),2(0),3(0)], numOfContainers=3, numOfBlocks=553
2019-06-13 21:52:13,081 INFO  commandhandler.DeleteBlocksCommandHandler (DeleteBlocksCommandHandler.java:handle(106)) - Start to delete container blocks, TXIDs=[1(0),2(0),3(0)], numOfContainers=3, numOfBlocks=553
2019-06-13 21:52:13,081 INFO  commandhandler.DeleteBlocksCommandHandler (DeleteBlocksCommandHandler.java:handle(106)) - Start to delete container blocks, TXIDs=[1(0),2(0),3(0)], numOfContainers=3, numOfBlocks=553
2019-06-13 21:52:13,082 INFO  commandhandler.DeleteBlocksCommandHandler (DeleteBlocksCommandHandler.java:handle(106)) - Start to delete container blocks, TXIDs=[1(0),2(0),3(0)], numOfContainers=3, numOfBlocks=553
2019-06-13 21:52:13,083 INFO  commandhandler.DeleteBlocksCommandHandler (DeleteBlocksCommandHandler.java:handle(106)) - Start to delete container blocks, TXIDs=[1(0),2(0),3(0)], numOfContainers=3, numOfBlocks=553
2019-06-13 21:52:13,084 INFO  commandhandler.DeleteBlocksCommandHandler (DeleteBlocksCommandHandler.java:handle(106)) - Start to delete container blocks, TXIDs=[1(0),2(0),3(0)], numOfContainers=3, numOfBlocks=553
2019-06-13 21:52:13,084 INFO  commandhandler.DeleteBlocksCommandHandler (DeleteBlocksCommandHandler.java:handle(106)) - Start to delete container blocks, TXIDs=[1(0),2(0),3(0)], numOfContainers=3, numOfBlocks=553
(47)) - 2019-06-13 21:52:13,085 RetriableDatanodeCommand type=deleteBlocksCommand with id=1560462722281 timed out. Retrying.
INFO  commandhandler.DeleteBlocksCommandHandler (DeleteBlocksCommandHandler.java:handle(106)) - Start to delete container blocks, TXIDs=[1(0),2(0),3(0)], numOfContainers=3, numOfBlocks=553
2019-06-13 21:52:13,085 INFO  commands.RetriableDatanodeEventWatcher (RetriableDatanodeEventWatcher.java:onTimeout(47)) - RetriableDatanodeCommand type=deleteBlocksCommand with id=1560462722281 timed out. Retrying.
2019-06-13 21:52:13,086 INFO  commandhandler.DeleteBlocksCommandHandler (DeleteBlocksCommandHandler.java:handle(106)) - Start to delete container blocks, TXIDs=[1(0),2(0),3(0)], numOfContainers=3, numOfBlocks=553
2019-06-13 21:52:13,086 INFO  commandhandler.DeleteBlocksCommandHandler (DeleteBlocksCommandHandler.java:handle(106)) - Start to delete container blocks, TXIDs=[1(0),2(0),3(0)], numOfContainers=3, numOfBlocks=553
2019-06-13 21:52:13,087 INFO  commandhandler.DeleteBlocksCommandHandler (DeleteBlocksCommandHandler.java:handle(106)) - Start to delete container blocks, TXIDs=[1(0),2(0),3(0)], numOfContainers=3, numOfBlocks=553
2019-06-13 21:52:13,088 INFO  commandhandler.DeleteBlocksCommandHandler (DeleteBlocksCommandHandler.java:handle(106)) - Start to delete container blocks, TXIDs=[1(0),2(0),3(0)], numOfContainers=3, numOfBlocks=553
2019-06-13 21:52:13,088 INFO  commandhandler.DeleteBlocksCommandHandler (DeleteBlocksCommandHandler.java:handle(106)) - Start to delete container blocks, TXIDs=[1(0),2(0),3(0)], numOfContainers=3, numOfBlocks=553
2019-06-13 21:52:13,089 INFO  commandhandler.DeleteBlocksCommandHandler (DeleteBlocksCommandHandler.java:handle(106)) - Start to delete container blocks, TXIDs=[1(0),2(0),3(0)], numOfContainers=3, numOfBlocks=553
2019-06-13 21:52:13,089 INFO  commands.RetriableDatanodeEventWatcher (RetriableDatanodeEventWatcher.java:onTimeout(47)) - RetriableDatanodeCommand type=deleteBlocksCommand with id=1560462722291 timed out. Retrying.
2019-06-13 21:52:13,090 INFO  commandhandler.DeleteBlocksCommandHandler (DeleteBlocksCommandHandler.java:handle(106)) - Start to delete container blocks, TXIDs=[1(0),2(0),3(0)], numOfContainers=3, numOfBlocks=553
2019-06-13 21:52:13,091 INFO  commandhandler.DeleteBlocksCommandHandler (DeleteBlocksCommandHandler.java:handle(106)) - Start to delete container blocks, TXIDs=[1(0),2(0),3(0)], numOfContainers=3, numOfBlocks=553
2019-06-13 21:52:13,092 INFO  commandhandler.DeleteBlocksCommandHandler (DeleteBlocksCommandHandler.java:handle(106)) - Start to delete container blocks, TXIDs=[1(0),2(0),3(0)], numOfContainers=3, numOfBlocks=553
2019-06-13 21:52:13,093 INFO  commandhandler.DeleteBlocksCommandHandler (DeleteBlocksCommandHandler.java:handle(106)) - Start to delete container blocks, TXIDs=[1(0),2(0),3(0)], numOfContainers=3, numOfBlocks=553
2019-06-13 21:52:13,094 INFO  commandhandler.DeleteBlocksCommandHandler (DeleteBlocksCommandHandler.java:handle(106)) - Start to delete container blocks, TXIDs=[1(0),2(0),3(0)], numOfContainers=3, numOfBlocks=553
2019-06-13 21:52:13,095 INFO  commandhandler.DeleteBlocksCommandHandler (DeleteBlocksCommandHandler.java:handle(106)) - Start to delete container blocks, TXIDs=[1(0),2(0),3(0)], numOfContainers=3, numOfBlocks=553
2019-06-13 21:52:13,096 INFO  commandhandler.DeleteBlocksCommandHandler (DeleteBlocksCommandHandler.java:handle(106)) - Start to delete container blocks, TXIDs=[1(0),2(0),3(0)], numOfContainers=3, numOfBlocks=553
2019-06-13 21:52:13,097 INFO  commandhandler.DeleteBlocksCommandHandler (DeleteBlocksCommandHandler.java:handle(106)) - Start to delete container blocks, TXIDs=[1(0),2(0),3(0)], numOfContainers=3, numOfBlocks=553
2019-06-13 21:52:13,098 INFO  commandhandler.DeleteBlocksCommandHandler (DeleteBlocksCommandHandler.java:handle(106)) - Start to delete container blocks, TXIDs=[1(0),2(0),3(0)], numOfContainers=3, numOfBlocks=553
2019-06-13 21:52:13,099 INFO  commandhandler.DeleteBlocksCommandHandler (DeleteBlocksCommandHandler.java:handle(106)) - Start to delete container blocks, TXIDs=[1(0),2(0),3(0)], numOfContainers=3, numOfBlocks=553
2019-06-13 21:52:13,099 INFO  commands.RetriableDatanodeEventWatcher (RetriableDatanodeEventWatcher.java:onTimeout(47)) - RetriableDatanodeCommand type=deleteBlocksCommand with id=1560462722301 timed out. Retrying.
2019-06-13 21:52:13,099 INFO  commandhandler.DeleteBlocksCommandHandler (DeleteBlocksCommandHandler.java:handle(106)) - Start to delete container blocks, TXIDs=[1(0),2(0),3(0)], numOfContainers=3, numOfBlocks=553
2019-06-13 21:52:13,100 INFO  commandhandler.DeleteBlocksCommandHandler (DeleteBlocksCommandHandler.java:handle(106)) - Start to delete container blocks, TXIDs=[1(0),2(0),3(0)], numOfContainers=3, numOfBlocks=553
2019-06-13 21:52:13,101 INFO  commandhandler.DeleteBlocksCommandHandler (DeleteBlocksCommandHandler.java:handle(106)) - Start to delete container blocks, TXIDs=[1(0),2(0),3(0)], numOfContainers=3, numOfBlocks=553
2019-06-13 21:52:13,102 INFO  commandhandler.DeleteBlocksCommandHandler (DeleteBlocksCommandHandler.java:handle(106)) - Start to delete container blocks, TXIDs=[1(0),2(0),3(0)], numOfContainers=3, numOfBlocks=553
2019-06-13 21:52:13,103 INFO  commandhandler.DeleteBlocksCommandHandler (DeleteBlocksCommandHandler.java:handle(106)) - Start to delete container blocks, TXIDs=[1(0),2(0),3(0)], numOfContainers=3, numOfBlocks=553
2019-06-13 21:52:13,104 INFO  commandhandler.DeleteBlocksCommandHandler (DeleteBlocksCommandHandler.java:handle(106)) - Start to delete container blocks, TXIDs=[1(0),2(0),3(0)], numOfContainers=3, numOfBlocks=553
2019-06-13 21:52:13,105 INFO  commandhandler.DeleteBlocksCommandHandler (DeleteBlocksCommandHandler.java:handle(106)) - Start to delete container blocks, TXIDs=[1(0),2(0),3(0)], numOfContainers=3, numOfBlocks=553
2019-06-13 21:52:13,106 INFO  commandhandler.DeleteBlocksCommandHandler (DeleteBlocksCommandHandler.java:handle(106)) - Start to delete container blocks, TXIDs=[1(0),2(0),3(0)], numOfContainers=3, numOfBlocks=553
2019-06-13 21:52:13,107 INFO  commands.RetriableDatanodeEventWatcher (RetriableDatanodeEventWatcher.java:onTimeout(47)) - RetriableDatanodeCommand type=deleteBlocksCommand with id=1560462722311 timed out. Retrying.
2019-06-13 21:52:13,107 INFO  commandhandler.DeleteBlocksCommandHandler (DeleteBlocksCommandHandler.java:handle(106)) - Start to delete container blocks, TXIDs=[1(0),2(0),3(0)], numOfContainers=3, numOfBlocks=553
2019-06-13 21:52:13,108 INFO  commandhandler.DeleteBlocksCommandHandler (DeleteBlocksCommandHandler.java:handle(106)) - Start to delete container blocks, TXIDs=[1(0),2(0),3(0)], numOfContainers=3, numOfBlocks=553
2019-06-13 21:52:13,109 INFO  commandhandler.DeleteBlocksCommandHandler (DeleteBlocksCommandHandler.java:handle(106)) - Start to delete container blocks, TXIDs=[1(0),2(0),3(0)], numOfContainers=3, numOfBlocks=553
2019-06-13 21:52:13,110 INFO  commandhandler.DeleteBlocksCommandHandler (DeleteBlocksCommandHandler.java:handle(106)) - Start to delete container blocks, TXIDs=[1(0),2(0),3(0)], numOfContainers=3, numOfBlocks=553
2019-06-13 21:52:13,111 INFO  commandhandler.DeleteBlocksCommandHandler (DeleteBlocksCommandHandler.java:handle(106)) - Start to delete container blocks, TXIDs=[1(0),2(0),3(0)], numOfContainers=3, numOfBlocks=553
2019-06-13 21:52:13,113 INFO  commandhandler.DeleteBlocksCommandHandler (DeleteBlocksCommandHandler.java:handle(106)) - Start to delete container blocks, TXIDs=[1(0),2(0),3(0)], numOfContainers=3, numOfBlocks=553
2019-06-13 21:52:13,114 INFO  commands.RetriableDatanodeEventWatcher (RetriableDatanodeEventWatcher.java:onTimeout(47)) - RetriableDatanodeCommand type=deleteBlocksCommand with id=1560462722321 timed out. Retrying.
2019-06-13 21:52:13,114 INFO  commandhandler.DeleteBlocksCommandHandler (DeleteBlocksCommandHandler.java:handle(106)) - Start to delete container blocks, TXIDs=[1(0),2(0),3(0)], numOfContainers=3, numOfBlocks=553
2019-06-13 21:52:13,115 INFO  commandhandler.DeleteBlocksCommandHandler (DeleteBlocksCommandHandler.java:handle(106)) - Start to delete container blocks, TXIDs=[1(0),2(0),3(0)], numOfContainers=3, numOfBlocks=553
2019-06-13 21:52:13,117 INFO  commandhandler.DeleteBlocksCommandHandler (DeleteBlocksCommandHandler.java:handle(106)) - Start to delete container blocks, TXIDs=[1(0),2(0),3(0)], numOfContainers=3, numOfBlocks=553
2019-06-13 21:52:13,117 INFO  commandhandler.DeleteBlocksCommandHandler (DeleteBlocksCommandHandler.java:handle(106)) - Start to delete container blocks, TXIDs=[1(0),2(0),3(0)], numOfContainers=3, numOfBlocks=553
2019-06-13 21:52:13,118 INFO  commandhandler.DeleteBlocksCommandHandler (DeleteBlocksCommandHandler.java:handle(106)) - Start to delete container blocks, TXIDs=[1(0),2(0),3(0)], numOfContainers=3, numOfBlocks=553
2019-06-13 21:52:13,119 INFO  commandhandler.DeleteBlocksCommandHandler (DeleteBlocksCommandHandler.java:handle(106)) - Start to delete container blocks, TXIDs=[1(0),2(0),3(0)], numOfContainers=3, numOfBlocks=553
2019-06-13 21:52:13,120 INFO  commandhandler.DeleteBlocksCommandHandler (DeleteBlocksCommandHandler.java:handle(106)) - Start to delete container blocks, TXIDs=[1(0),2(0),3(0)], numOfContainers=3, numOfBlocks=553
2019-06-13 21:52:13,121 INFO  commandhandler.DeleteBlocksCommandHandler (DeleteBlocksCommandHandler.java:handle(106)) - Start to delete container blocks, TXIDs=[1(0),2(0),3(0)], numOfContainers=3, numOfBlocks=553
2019-06-13 21:52:13,122 INFO  commands.RetriableDatanodeEventWatcher (RetriableDatanodeEventWatcher.java:onTimeout(47)) - RetriableDatanodeCommand type=deleteBlocksCommand with id=1560462722331 timed out. Retrying.
2019-06-13 21:52:13,122 INFO  commandhandler.DeleteBlocksCommandHandler (DeleteBlocksCommandHandler.java:handle(106)) - Start to delete container blocks, TXIDs=[1(0),2(0),3(0)], numOfContainers=3, numOfBlocks=553
2019-06-13 21:52:13,123 INFO  commandhandler.DeleteBlocksCommandHandler (DeleteBlocksCommandHandler.java:handle(106)) - Start to delete container blocks, TXIDs=[1(0),2(0),3(0)], numOfContainers=3, numOfBlocks=553
2019-06-13 21:52:13,124 INFO  commandhandler.DeleteBlocksCommandHandler (DeleteBlocksCommandHandler.java:handle(106)) - Start to delete container blocks, TXIDs=[1(0),2(0),3(0)], numOfContainers=3, numOfBlocks=553
2019-06-13 21:52:13,125 INFO  commandhandler.DeleteBlocksCommandHandler (DeleteBlocksCommandHandler.java:handle(106)) - Start to delete container blocks, TXIDs=[1(0),2(0),3(0)], numOfContainers=3, numOfBlocks=553
2019-06-13 21:52:13,126 INFO  commandhandler.DeleteBlocksCommandHandler (DeleteBlocksCommandHandler.java:handle(106)) - Start to delete container blocks, TXIDs=[1(0),2(0),3(0)], numOfContainers=3, numOfBlocks=553
2019-06-13 21:52:13,127 INFO  commandhandler.DeleteBlocksCommandHandler (DeleteBlocksCommandHandler.java:handle(106)) - Start to delete container blocks, TXIDs=[1(0),2(0),3(0)], numOfContainers=3, numOfBlocks=553
2019-06-13 21:52:13,129 INFO  commandhandler.DeleteBlocksCommandHandler (DeleteBlocksCommandHandler.java:handle(106)) - Start to delete container blocks, TXIDs=[1(0),2(0),3(0)], numOfContainers=3, numOfBlocks=553
2019-06-13 21:52:13,130 INFO  commandhandler.DeleteBlocksCommandHandler (DeleteBlocksCommandHandler.java:handle(106)) - Start to delete container blocks, TXIDs=[1(0),2(0),3(0)], numOfContainers=3, numOfBlocks=553
2019-06-13 21:52:13,131 DEBUG block.SCMBlockDeletingService (DeleteBlocksCommandHandler.java:handle(106)) - Start to delete container blocks, TXIDs=[1(0),2(0),3(0)], numOfContainers=3, numOfBlocks=553
SCMBlockDeletingService.java:call(138)) - Running DeletedBlockTransactionScanner
2019-06-13 21:52:13,131 INFO  commandhandler.DeleteBlocksCommandHandler (DeleteBlocksCommandHandler.java:handle(106)) - Start to delete container blocks, TXIDs=[1(0),2(0),3(0)], numOfContainers=3, numOfBlocks=553
2019-06-13 21:52:13,131 DEBUG block.SCMBlockDeletingService (SCMBlockDeletingService.java:call(155)) - Scanned deleted blocks log and got 3 delTX to process.
2019-06-13 21:52:13,131 DEBUG block.SCMBlockDeletingService (SCMBlockDeletingService.java:call(171)) - Added delete block command for datanode 2573df58-4087-4dd0-8598-5abddcc696b9 in the queue, number of delete block transactions: 3, TxID list: 1,2,3
2019-06-13 21:52:13,131 INFO  block.SCMBlockDeletingService (SCMBlockDeletingService.java:call(182)) - Totally added 3 delete blocks command for 1 datanodes, task elapsed time: 0ms
2019-06-13 21:52:13,132 INFO  commandhandler.DeleteBlocksCommandHandler (DeleteBlocksCommandHandler.java:handle(106)) - Start to delete container blocks, TXIDs=[1(0),2(0),3(0)], numOfContainers=3, numOfBlocks=553
2019-06-13 21:52:13,133 INFO  commandhandler.DeleteBlocksCommandHandler (DeleteBlocksCommandHandler.java:handle(106)) - Start to delete container blocks, TXIDs=[1(0),2(0),3(0)], numOfContainers=3, numOfBlocks=553
2019-06-13 21:52:13,134 INFO  commandhandler.DeleteBlocksCommandHandler (DeleteBlocksCommandHandler.java:handle(106)) - Start to delete container blocks, TXIDs=[1(0),2(0),3(0)], numOfContainers=3, numOfBlocks=553
2019-06-13 21:52:13,135 INFO  commandhandler.DeleteBlocksCommandHandler (DeleteBlocksCommandHandler.java:handle(106)) - Start to delete container blocks, TXIDs=[1(0),2(0),3(0)], numOfContainers=3, numOfBlocks=553
2019-06-13 21:52:13,136 INFO  commandhandler.DeleteBlocksCommandHandler (DeleteBlocksCommandHandler.java:handle(106)) - Start to delete container blocks, TXIDs=[1(0),2(0),3(0)], numOfContainers=3, numOfBlocks=553
2019-06-13 21:52:13,137 INFO  commandhandler.DeleteBlocksCommandHandler (DeleteBlocksCommandHandler.java:handle(106)) - Start to delete container blocks, TXIDs=[1(0),2(0),3(0)], numOfContainers=3, numOfBlocks=553
2019-06-13 21:52:13,138 INFO  commandhandler.DeleteBlocksCommandHandler (DeleteBlocksCommandHandler.java:handle(106)) - Start to delete container blocks, TXIDs=[1(0),2(0),3(0)], numOfContainers=3, numOfBlocks=553
2019-06-13 21:52:13,139 INFO  commandhandler.DeleteBlocksCommandHandler (DeleteBlocksCommandHandler.java:handle(106)) - Start to delete container blocks, TXIDs=[1(0),2(0),3(0)], numOfContainers=3, numOfBlocks=553
2019-06-13 21:52:13,140 INFO  commandhandler.DeleteBlocksCommandHandler (DeleteBlocksCommandHandler.java:handle(106)) - Start to delete container blocks, TXIDs=[1(0),2(0),3(0)], numOfContainers=3, numOfBlocks=553
2019-06-13 21:52:13,141 INFO  commandhandler.DeleteBlocksCommandHandler (DeleteBlocksCommandHandler.java:handle(106)) - Start to delete container blocks, TXIDs=[1(0),2(0),3(0)], numOfContainers=3, numOfBlocks=553
2019-06-13 21:52:13,142 INFO  commandhandler.DeleteBlocksCommandHandler (DeleteBlocksCommandHandler.java:handle(106)) - Start to delete container blocks, TXIDs=[1(0),2(0),3(0)], numOfContainers=3, numOfBlocks=553
2019-06-13 21:52:13,143 INFO  commands.RetriableDatanodeEventWatcher (RetriableDatanodeEventWatcher.java:onTimeout(47)) - RetriableDatanodeCommand type=deleteBlocksCommand with id=1560462722242 timed out. Retrying.
2019-06-13 21:52:13,143 INFO  commandhandler.DeleteBlocksCommandHandler (DeleteBlocksCommandHandler.java:handle(106)) - Start to delete container blocks, TXIDs=[1(0),2(0),3(0)], numOfContainers=3, numOfBlocks=553
2019-06-13 21:52:13,144 INFO  commandhandler.DeleteBlocksCommandHandler (DeleteBlocksCommandHandler.java:handle(106)) - Start to delete container blocks, TXIDs=[1(0),2(0),3(0)], numOfContainers=3, numOfBlocks=553
2019-06-13 21:52:13,145 INFO  commandhandler.DeleteBlocksCommandHandler (DeleteBlocksCommandHandler.java:handle(106)) - Start to delete container blocks, TXIDs=[1(0),2(0),3(0)], numOfContainers=3, numOfBlocks=553
2019-06-13 21:52:13,146 INFO  commandhandler.DeleteBlocksCommandHandler (DeleteBlocksCommandHandler.java:handle(106)) - Start to delete container blocks, TXIDs=[1(0),2(0),3(0)], numOfContainers=3, numOfBlocks=553
2019-06-13 21:52:13,147 INFO  commandhandler.DeleteBlocksCommandHandler (DeleteBlocksCommandHandler.java:handle(106)) - Start to delete container blocks, TXIDs=[1(0),2(0),3(0)], numOfContainers=3, numOfBlocks=553
2019-06-13 21:52:13,148 INFO  commandhandler.DeleteBlocksCommandHandler (DeleteBlocksCommandHandler.java:handle(106)) - Start to delete container blocks, TXIDs=[1(0),2(0),3(0)], numOfContainers=3, numOfBlocks=553
2019-06-13 21:52:13,149 INFO  commandhandler.DeleteBlocksCommandHandler (DeleteBlocksCommandHandler.java:handle(106)) - Start to delete container blocks, TXIDs=[1(0),2(0),3(0)], numOfContainers=3, numOfBlocks=553
2019-06-13 21:52:13,150 INFO  commandhandler.DeleteBlocksCommandHandler (DeleteBlocksCommandHandler.java:handle(106)) - Start to delete container blocks, TXIDs=[1(0),2(0),3(0)], numOfContainers=3, numOfBlocks=553
2019-06-13 21:52:13,151 INFO  commandhandler.DeleteBlocksCommandHandler (DeleteBlocksCommandHandler.java:handle(106)) - Start to delete container blocks, TXIDs=[1(0),2(0),3(0)], numOfContainers=3, numOfBlocks=553
2019-06-13 21:52:13,152 INFO  commandhandler.DeleteBlocksCommandHandler (DeleteBlocksCommandHandler.java:handle(106)) - Start to delete container blocks, TXIDs=[1(0),2(0),3(0)], numOfContainers=3, numOfBlocks=553
2019-06-13 21:52:13,153 INFO  commandhandler.DeleteBlocksCommandHandler (DeleteBlocksCommandHandler.java:handle(106)) - Start to delete container blocks, TXIDs=[1(0),2(0),3(0)], numOfContainers=3, numOfBlocks=553
2019-06-13 21:52:13,154 INFO  commandhandler.DeleteBlocksCommandHandler (DeleteBlocksCommandHandler.java:handle(106)) - Start to delete container blocks, TXIDs=[1(0),2(0),3(0)], numOfContainers=3, numOfBlocks=553
2019-06-13 21:52:13,155 INFO  commands.RetriableDatanodeEventWatcher (RetriableDatanodeEventWatcher.java:onTimeout(47)) - RetriableDatanodeCommand type=deleteBlocksCommand with id=1560462722252 timed out. Retrying.
2019-06-13 21:52:13,155 INFO  commandhandler.DeleteBlocksCommandHandler (DeleteBlocksCommandHandler.java:handle(106)) - Start to delete container blocks, TXIDs=[1(0),2(0),3(0)], numOfContainers=3, numOfBlocks=553
2019-06-13 21:52:13,156 INFO  commandhandler.DeleteBlocksCommandHandler (DeleteBlocksCommandHandler.java:handle(106)) - Start to delete container blocks, TXIDs=[1(0),2(0),3(0)], numOfContainers=3, numOfBlocks=553
2019-06-13 21:52:13,157 INFO  commandhandler.DeleteBlocksCommandHandler (DeleteBlocksCommandHandler.java:handle(106)) - Start to delete container blocks, TXIDs=[1(0),2(0),3(0)], numOfContainers=3, numOfBlocks=553
2019-06-13 21:52:13,158 INFO  commandhandler.DeleteBlocksCommandHandler (DeleteBlocksCommandHandler.java:handle(106)) - Start to delete container blocks, TXIDs=[1(0),2(0),3(0)], numOfContainers=3, numOfBlocks=553
2019-06-13 21:52:13,159 INFO  commandhandler.DeleteBlocksCommandHandler (DeleteBlocksCommandHandler.java:handle(106)) - Start to delete container blocks, TXIDs=[1(0),2(0),3(0)], numOfContainers=3, numOfBlocks=553
2019-06-13 21:52:13,160 INFO  commandhandler.DeleteBlocksCommandHandler (DeleteBlocksCommandHandler.java:handle(106)) - Start to delete container blocks, TXIDs=[1(0),2(0),3(0)], numOfContainers=3, numOfBlocks=553
2019-06-13 21:52:13,161 INFO  commandhandler.DeleteBlocksCommandHandler (DeleteBlocksCommandHandler.java:handle(106)) - Start to delete container blocks, TXIDs=[1(0),2(0),3(0)], numOfContainers=3, numOfBlocks=553
2019-06-13 21:52:13,162 INFO  commandhandler.DeleteBlocksCommandHandler (DeleteBlocksCommandHandler.java:handle(106)) - Start to delete container blocks, TXIDs=[1(0),2(0),3(0)], numOfContainers=3, numOfBlocks=553
2019-06-13 21:52:13,164 INFO  commandhandler.DeleteBlocksCommandHandler (DeleteBlocksCommandHandler.java:handle(106)) - Start to delete container blocks, TXIDs=[1(0),2(0),3(0)], numOfContainers=3, numOfBlocks=553
2019-06-13 21:52:13,165 INFO  commandhandler.DeleteBlocksCommandHandler (DeleteBlocksCommandHandler.java:handle(106)) - Start to delete container blocks, TXIDs=[1(0),2(0),3(0)], numOfContainers=3, numOfBlocks=553
2019-06-13 21:52:13,166 INFO  commandhandler.DeleteBlocksCommandHandler (DeleteBlocksCommandHandler.java:handle(106)) - Start to delete container blocks, TXIDs=[1(0),2(0),3(0)], numOfContainers=3, numOfBlocks=553
2019-06-13 21:52:13,166 INFO  commands.RetriableDatanodeEventWatcher (RetriableDatanodeEventWatcher.java:onTimeout(47)) - RetriableDatanodeCommand type=deleteBlocksCommand with id=1560462722262 timed out. Retrying.
2019-06-13 21:52:13,167 INFO  commandhandler.DeleteBlocksCommandHandler (DeleteBlocksCommandHandler.java:handle(106)) - Start to delete container blocks, TXIDs=[1(0),2(0),3(0)], numOfContainers=3, numOfBlocks=553
2019-06-13 21:52:13,168 INFO  commandhandler.DeleteBlocksCommandHandler (DeleteBlocksCommandHandler.java:handle(106)) - Start to delete container blocks, TXIDs=[1(0),2(0),3(0)], numOfContainers=3, numOfBlocks=553
2019-06-13 21:52:13,169 INFO  commandhandler.DeleteBlocksCommandHandler (DeleteBlocksCommandHandler.java:handle(106)) - Start to delete container blocks, TXIDs=[1(0),2(0),3(0)], numOfContainers=3, numOfBlocks=553
2019-06-13 21:52:13,170 INFO  commandhandler.DeleteBlocksCommandHandler (DeleteBlocksCommandHandler.java:handle(106)) - Start to delete container blocks, TXIDs=[1(0),2(0),3(0)], numOfContainers=3, numOfBlocks=553
2019-06-13 21:52:13,171 INFO  commandhandler.DeleteBlocksCommandHandler (DeleteBlocksCommandHandler.java:handle(106)) - Start to delete container blocks, TXIDs=[1(0),2(0),3(0)], numOfContainers=3, numOfBlocks=553
2019-06-13 21:52:13,172 INFO  commands.RetriableDatanodeEventWatcher (RetriableDatanodeEventWatcher.java:onTimeout(47)) - RetriableDatanodeCommand type=deleteBlocksCommand with id=1560462722272 timed out. Retrying.
2019-06-13 21:52:13,172 INFO  commandhandler.DeleteBlocksCommandHandler (DeleteBlocksCommandHandler.java:handle(106)) - Start to delete container blocks, TXIDs=[1(0),2(0),3(0)], numOfContainers=3, numOfBlocks=553
2019-06-13 21:52:13,173 INFO  commandhandler.DeleteBlocksCommandHandler (DeleteBlocksCommandHandler.java:handle(106)) - Start to delete container blocks, TXIDs=[1(0),2(0),3(0)], numOfContainers=3, numOfBlocks=553
2019-06-13 21:52:13,174 INFO  commandhandler.DeleteBlocksCommandHandler (DeleteBlocksCommandHandler.java:handle(106)) - Start to delete container blocks, TXIDs=[1(0),2(0),3(0)], numOfContainers=3, numOfBlocks=553
2019-06-13 21:52:13,175 INFO  commandhandler.DeleteBlocksCommandHandler (DeleteBlocksCommandHandler.java:handle(106)) - Start to delete container blocks, TXIDs=[1(0),2(0),3(0)], numOfContainers=3, numOfBlocks=553
2019-06-13 21:52:13,175 INFO  impl.FollowerState (FollowerState.java:run(101)) - 2573df58-4087-4dd0-8598-5abddcc696b9:group-9998B3F47C9C changes to CANDIDATE, lastRpcTime:1025, electionTimeout:1025ms
2019-06-13 21:52:13,178 INFO  impl.RoleInfo (RoleInfo.java:shutdownFollowerState(121)) - 2573df58-4087-4dd0-8598-5abddcc696b9: shutdown FollowerState
2019-06-13 21:52:13,178 INFO  impl.RaftServerImpl (RaftServerImpl.java:setRole(164)) - 2573df58-4087-4dd0-8598-5abddcc696b9:group-9998B3F47C9C changes role from FOLLOWER to CANDIDATE at term 0 for changeToCandidate
2019-06-13 21:52:13,179 INFO  impl.RoleInfo (RoleInfo.java:updateAndGet(143)) - 2573df58-4087-4dd0-8598-5abddcc696b9: start LeaderElection
2019-06-13 21:52:13,184 INFO  commands.RetriableDatanodeEventWatcher (RetriableDatanodeEventWatcher.java:onTimeout(47)) - RetriableDatanodeCommand type=deleteBlocksCommand with id=1560462722282 timed out. Retrying.
2019-06-13 21:52:13,186 INFO  commandhandler.DeleteBlocksCommandHandler (DeleteBlocksCommandHandler.java:handle(106)) - Start to delete container blocks, TXIDs=[1(0),2(0),3(0)], numOfContainers=3, numOfBlocks=553
2019-06-13 21:52:13,187 INFO  commandhandler.DeleteBlocksCommandHandler (DeleteBlocksCommandHandler.java:handle(106)) - Start to delete container blocks, TXIDs=[1(0),2(0),3(0)], numOfContainers=3, numOfBlocks=553
2019-06-13 21:52:13,188 INFO  commandhandler.DeleteBlocksCommandHandler (DeleteBlocksCommandHandler.java:handle(106)) - Start to delete container blocks, TXIDs=[1(0),2(0),3(0)], numOfContainers=3, numOfBlocks=553
2019-06-13 21:52:13,189 INFO  commandhandler.DeleteBlocksCommandHandler (DeleteBlocksCommandHandler.java:handle(106)) - Start to delete container blocks, TXIDs=[1(0),2(0),3(0)], numOfContainers=3, numOfBlocks=553
2019-06-13 21:52:13,190 INFO  commands.RetriableDatanodeEventWatcher (RetriableDatanodeEventWatcher.java:onTimeout(47)) - RetriableDatanodeCommand type=deleteBlocksCommand with id=1560462722292 timed out. Retrying.
2019-06-13 21:52:13,190 INFO  commandhandler.DeleteBlocksCommandHandler (DeleteBlocksCommandHandler.java:handle(106)) - Start to delete container blocks, TXIDs=[1(0),2(0),3(0)], numOfContainers=3, numOfBlocks=553
2019-06-13 21:52:13,191 INFO  commandhandler.DeleteBlocksCommandHandler (DeleteBlocksCommandHandler.java:handle(106)) - Start to delete container blocks, TXIDs=[1(0),2(0),3(0)], numOfContainers=3, numOfBlocks=553
2019-06-13 21:52:13,193 INFO  commandhandler.DeleteBlocksCommandHandler (DeleteBlocksCommandHandler.java:handle(106)) - Start to delete container blocks, TXIDs=[1(0),2(0),3(0)], numOfContainers=3, numOfBlocks=553
2019-06-13 21:52:13,194 INFO  commandhandler.DeleteBlocksCommandHandler (DeleteBlocksCommandHandler.java:handle(106)) - Start to delete container blocks, TXIDs=[1(0),2(0),3(0)], numOfContainers=3, numOfBlocks=553
2019-06-13 21:52:13,195 INFO  commandhandler.DeleteBlocksCommandHandler (DeleteBlocksCommandHandler.java:handle(106)) - Start to delete container blocks, TXIDs=[1(0),2(0),3(0)], numOfContainers=3, numOfBlocks=553
2019-06-13 21:52:13,196 INFO  commandhandler.DeleteBlocksCommandHandler (DeleteBlocksCommandHandler.java:handle(106)) - Start to delete container blocks, TXIDs=[1(0),2(0),3(0)], numOfContainers=3, numOfBlocks=553
2019-06-13 21:52:13,197 INFO  commandhandler.DeleteBlocksCommandHandler (DeleteBlocksCommandHandler.java:handle(106)) - Start to delete container blocks, TXIDs=[1(0),2(0),3(0)], numOfContainers=3, numOfBlocks=553
2019-06-13 21:52:13,198 INFO  commandhandler.DeleteBlocksCommandHandler (DeleteBlocksCommandHandler.java:handle(106)) - Start to delete container blocks, TXIDs=[1(0),2(0),3(0)], numOfContainers=3, numOfBlocks=553
2019-06-13 21:52:13,199 INFO  commands.RetriableDatanodeEventWatcher (RetriableDatanodeEventWatcher.java:onTimeout(47)) - RetriableDatanodeCommand type=deleteBlocksCommand with id=1560462722302 timed out. Retrying.
2019-06-13 21:52:13,199 INFO  commandhandler.DeleteBlocksCommandHandler (DeleteBlocksCommandHandler.java:handle(106)) - Start to delete container blocks, TXIDs=[1(0),2(0),3(0)], numOfContainers=3, numOfBlocks=553
2019-06-13 21:52:13,200 INFO  commandhandler.DeleteBlocksCommandHandler (DeleteBlocksCommandHandler.java:handle(106)) - Start to delete container blocks, TXIDs=[1(0),2(0),3(0)], numOfContainers=3, numOfBlocks=553
2019-06-13 21:52:13,201 INFO  commandhandler.DeleteBlocksCommandHandler (DeleteBlocksCommandHandler.java:handle(106)) - Start to delete container blocks, TXIDs=[1(0),2(0),3(0)], numOfContainers=3, numOfBlocks=553
2019-06-13 21:52:13,202 INFO  commandhandler.DeleteBlocksCommandHandler (DeleteBlocksCommandHandler.java:handle(106)) - Start to delete container blocks, TXIDs=[1(0),2(0),3(0)], numOfContainers=3, numOfBlocks=553
2019-06-13 21:52:13,203 INFO  commandhandler.DeleteBlocksCommandHandler (DeleteBlocksCommandHandler.java:handle(106)) - Start to delete container blocks, TXIDs=[1(0),2(0),3(0)], numOfContainers=3, numOfBlocks=553
2019-06-13 21:52:13,204 INFO  commandhandler.DeleteBlocksCommandHandler (DeleteBlocksCommandHandler.java:handle(106)) - Start to delete container blocks, TXIDs=[1(0),2(0),3(0)], numOfContainers=3, numOfBlocks=553
2019-06-13 21:52:13,205 INFO  commandhandler.DeleteBlocksCommandHandler (DeleteBlocksCommandHandler.java:handle(106)) - Start to delete container blocks, TXIDs=[1(0),2(0),3(0)], numOfContainers=3, numOfBlocks=553
2019-06-13 21:52:13,206 INFO  commandhandler.DeleteBlocksCommandHandler (DeleteBlocksCommandHandler.java:handle(106)) - Start to delete container blocks, TXIDs=[1(0),2(0),3(0)], numOfContainers=3, numOfBlocks=553
2019-06-13 21:52:13,207 INFO  commands.RetriableDatanodeEventWatcher (RetriableDatanodeEventWatcher.java:onTimeout(47)) - RetriableDatanodeCommand type=deleteBlocksCommand with id=1560462722312 timed out. Retrying.
2019-06-13 21:52:13,208 INFO  commandhandler.DeleteBlocksCommandHandler (DeleteBlocksCommandHandler.java:handle(106)) - Start to delete container blocks, TXIDs=[1(0),2(0),3(0)], numOfContainers=3, numOfBlocks=553
2019-06-13 21:52:13,209 INFO  commandhandler.DeleteBlocksCommandHandler (DeleteBlocksCommandHandler.java:handle(106)) - Start to delete container blocks, TXIDs=[1(0),2(0),3(0)], numOfContainers=3, numOfBlocks=553
2019-06-13 21:52:13,210 INFO  commandhandler.DeleteBlocksCommandHandler (DeleteBlocksCommandHandler.java:handle(106)) - Start to delete container blocks, TXIDs=[1(0),2(0),3(0)], numOfContainers=3, numOfBlocks=553
2019-06-13 21:52:13,211 INFO  commandhandler.DeleteBlocksCommandHandler (DeleteBlocksCommandHandler.java:handle(106)) - Start to delete container blocks, TXIDs=[1(0),2(0),3(0)], numOfContainers=3, numOfBlocks=553
2019-06-13 21:52:13,212 INFO  commandhandler.DeleteBlocksCommandHandler (DeleteBlocksCommandHandler.java:handle(106)) - Start to delete container blocks, TXIDs=[1(0),2(0),3(0)], numOfContainers=3, numOfBlocks=553
2019-06-13 21:52:13,213 INFO  commandhandler.DeleteBlocksCommandHandler (DeleteBlocksCommandHandler.java:handle(106)) - Start to delete container blocks, TXIDs=[1(0),2(0),3(0)], numOfContainers=3, numOfBlocks=553
2019-06-13 21:52:13,214 INFO  commandhandler.DeleteBlocksCommandHandler (DeleteBlocksCommandHandler.java:handle(106)) - Start to delete container blocks, TXIDs=[1(0),2(0),3(0)], numOfContainers=3, numOfBlocks=553
2019-06-13 21:52:13,215 INFO  commandhandler.DeleteBlocksCommandHandler (DeleteBlocksCommandHandler.java:handle(106)) - Start to delete container blocks, TXIDs=[1(0),2(0),3(0)], numOfContainers=3, numOfBlocks=553
2019-06-13 21:52:13,216 INFO  commands.RetriableDatanodeEventWatcher (RetriableDatanodeEventWatcher.java:onTimeout(47)) - RetriableDatanodeCommand type=deleteBlocksCommand with id=1560462722322 timed out. Retrying.
2019-06-13 21:52:13,216 INFO  commandhandler.DeleteBlocksCommandHandler (DeleteBlocksCommandHandler.java:handle(106)) - Start to delete container blocks, TXIDs=[1(0),2(0),3(0)], numOfContainers=3, numOfBlocks=553
2019-06-13 21:52:13,217 INFO  commandhandler.DeleteBlocksCommandHandler (DeleteBlocksCommandHandler.java:handle(106)) - Start to delete container blocks, TXIDs=[1(0),2(0),3(0)], numOfContainers=3, numOfBlocks=553
2019-06-13 21:52:13,218 INFO  commandhandler.DeleteBlocksCommandHandler (DeleteBlocksCommandHandler.java:handle(106)) - Start to delete container blocks, TXIDs=[1(0),2(0),3(0)], numOfContainers=3, numOfBlocks=553
2019-06-13 21:52:13,219 INFO  commandhandler.DeleteBlocksCommandHandler (DeleteBlocksCommandHandler.java:handle(106)) - Start to delete container blocks, TXIDs=[1(0),2(0),3(0)], numOfContainers=3, numOfBlocks=553
2019-06-13 21:52:13,220 INFO  commandhandler.DeleteBlocksCommandHandler (DeleteBlocksCommandHandler.java:handle(106)) - Start to delete container blocks, TXIDs=[1(0),2(0),3(0)], numOfContainers=3, numOfBlocks=553
2019-06-13 21:52:13,221 INFO  commandhandler.DeleteBlocksCommandHandler (DeleteBlocksCommandHandler.java:handle(106)) - Start to delete container blocks, TXIDs=[1(0),2(0),3(0)], numOfContainers=3, numOfBlocks=553
2019-06-13 21:52:13,222 INFO  commandhandler.DeleteBlocksCommandHandler (DeleteBlocksCommandHandler.java:handle(106)) - Start to delete container blocks, TXIDs=[1(0),2(0),3(0)], numOfContainers=3, numOfBlocks=553
2019-06-13 21:52:13,223 INFO  commands.RetriableDatanodeEventWatcher (RetriableDatanodeEventWatcher.java:onTimeout(47)) - RetriableDatanodeCommand type=deleteBlocksCommand with id=1560462722332 timed out. Retrying.
2019-06-13 21:52:13,223 INFO  commandhandler.DeleteBlocksCommandHandler (DeleteBlocksCommandHandler.java:handle(106)) - Start to delete container blocks, TXIDs=[1(0),2(0),3(0)], numOfContainers=3, numOfBlocks=553
2019-06-13 21:52:13,224 INFO  commandhandler.DeleteBlocksCommandHandler (DeleteBlocksCommandHandler.java:handle(106)) - Start to delete container blocks, TXIDs=[1(0),2(0),3(0)], numOfContainers=3, numOfBlocks=553
2019-06-13 21:52:13,225 INFO  commandhandler.DeleteBlocksCommandHandler (DeleteBlocksCommandHandler.java:handle(106)) - Start to delete container blocks, TXIDs=[1(0),2(0),3(0)], numOfContainers=3, numOfBlocks=553
2019-06-13 21:52:13,226 INFO  commandhandler.DeleteBlocksCommandHandler (DeleteBlocksCommandHandler.java:handle(106)) - Start to delete container blocks, TXIDs=[1(0),2(0),3(0)], numOfContainers=3, numOfBlocks=553
2019-06-13 21:52:13,227 INFO  commandhandler.DeleteBlocksCommandHandler (DeleteBlocksCommandHandler.java:handle(106)) - Start to delete container blocks, TXIDs=[1(0),2(0),3(0)], numOfContainers=3, numOfBlocks=553
2019-06-13 21:52:13,228 INFO  commandhandler.DeleteBlocksCommandHandler (DeleteBlocksCommandHandler.java:handle(106)) - Start to delete container blocks, TXIDs=[1(0),2(0),3(0)], numOfContainers=3, numOfBlocks=553
2019-06-13 21:52:13,229 INFO  commandhandler.DeleteBlocksCommandHandler (DeleteBlocksCommandHandler.java:handle(106)) - Start to delete container blocks, TXIDs=[1(0),2(0),3(0)], numOfContainers=3, numOfBlocks=553
2019-06-13 21:52:13,230 INFO  commandhandler.DeleteBlocksCommandHandler (DeleteBlocksCommandHandler.java:handle(106)) - Start to delete container blocks, TXIDs=[1(0),2(0),3(0)], numOfContainers=3, numOfBlocks=553
2019-06-13 21:52:13,231 INFO  commandhandler.DeleteBlocksCommandHandler (DeleteBlocksCommandHandler.java:handle(106)) - Start to delete container blocks, TXIDs=[1(0),2(0),3(0)], numOfContainers=3, numOfBlocks=553
2019-06-13 21:52:13,232 DEBUG block.SCMBlockDeletingService (SCMBlockDeletingService.java:call(138)) - Running DeletedBlockTransactionScanner
2019-06-13 21:52:13,232 DEBUG block.SCMBlockDeletingService (SCMBlockDeletingService.java:call(155)) - Scanned deleted blocks log and got 3 delTX to process.
2019-06-13 21:52:13,232 DEBUG block.SCMBlockDeletingService (SCMBlockDeletingService.java:call(171)) - Added delete block command for datanode 2573df58-4087-4dd0-8598-5abddcc696b9 in the queue, number of delete block transactions: 3, TxID list: 1,2,3
2019-06-13 21:52:13,232 INFO  block.SCMBlockDeletingService (SCMBlockDeletingService.java:call(182)) - Totally added 3 delete blocks command for 1 datanodes, task elapsed time: 0ms
2019-06-13 21:52:13,233 INFO  commandhandler.DeleteBlocksCommandHandler (DeleteBlocksCommandHandler.java:handle(106)) - Start to delete container blocks, TXIDs=[1(0),2(0),3(0)], numOfContainers=3, numOfBlocks=553
2019-06-13 21:52:13,234 INFO  commandhandler.DeleteBlocksCommandHandler (DeleteBlocksCommandHandler.java:handle(106)) - Start to delete container blocks, TXIDs=[1(0),2(0),3(0)], numOfContainers=3, numOfBlocks=553
2019-06-13 21:52:13,235 INFO  commandhandler.DeleteBlocksCommandHandler (DeleteBlocksCommandHandler.java:handle(106)) - Start to delete container blocks, TXIDs=[1(0),2(0),3(0)], numOfContainers=3, numOfBlocks=553
2019-06-13 21:52:13,236 INFO  commandhandler.DeleteBlocksCommandHandler (DeleteBlocksCommandHandler.java:handle(106)) - Start to delete container blocks, TXIDs=[1(0),2(0),3(0)], numOfContainers=3, numOfBlocks=553
2019-06-13 21:52:13,237 INFO  commandhandler.DeleteBlocksCommandHandler (DeleteBlocksCommandHandler.java:handle(106)) - Start to delete container blocks, TXIDs=[1(0),2(0),3(0)], numOfContainers=3, numOfBlocks=553
2019-06-13 21:52:13,238 INFO  commandhandler.DeleteBlocksCommandHandler (DeleteBlocksCommandHandler.java:handle(106)) - Start to delete container blocks, TXIDs=[1(0),2(0),3(0)], numOfContainers=3, numOfBlocks=553
2019-06-13 21:52:13,239 INFO  commandhandler.DeleteBlocksCommandHandler (DeleteBlocksCommandHandler.java:handle(106)) - Start to delete container blocks, TXIDs=[1(0),2(0),3(0)], numOfContainers=3, numOfBlocks=553
2019-06-13 21:52:13,240 INFO  commandhandler.DeleteBlocksCommandHandler (DeleteBlocksCommandHandler.java:handle(106)) - Start to delete container blocks, TXIDs=[1(0),2(0),3(0)], numOfContainers=3, numOfBlocks=553
2019-06-13 21:52:13,241 INFO  commandhandler.DeleteBlocksCommandHandler (DeleteBlocksCommandHandler.java:handle(106)) - Start to delete container blocks, TXIDs=[1(0),2(0),3(0)], numOfContainers=3, numOfBlocks=553
2019-06-13 21:52:13,242 INFO  commandhandler.DeleteBlocksCommandHandler (DeleteBlocksCommandHandler.java:handle(106)) - Start to delete container blocks, TXIDs=[1(0),2(0),3(0)], numOfContainers=3, numOfBlocks=553
2019-06-13 21:52:13,243 INFO  commandhandler.DeleteBlocksCommandHandler (DeleteBlocksCommandHandler.java:handle(106)) - Start to delete container blocks, TXIDs=[1(0),2(0),3(0)], numOfContainers=3, numOfBlocks=553
2019-06-13 21:52:13,244 INFO  commandhandler.DeleteBlocksCommandHandler (DeleteBlocksCommandHandler.java:handle(106)) - Start to delete container blocks, TXIDs=[1(0),2(0),3(0)], numOfContainers=3, numOfBlocks=553
2019-06-13 21:52:13,245 INFO  commands.RetriableDatanodeEventWatcher (RetriableDatanodeEventWatcher.java:onTimeout(47)) - RetriableDatanodeCommand type=deleteBlocksCommand with id=1560462722233 timed out. Retrying.
2019-06-13 21:52:13,245 INFO  commandhandler.DeleteBlocksCommandHandler (DeleteBlocksCommandHandler.java:handle(106)) - Start to delete container blocks, TXIDs=[1(0),2(0),3(0)], numOfContainers=3, numOfBlocks=553
2019-06-13 21:52:13,246 INFO  commandhandler.DeleteBlocksCommandHandler (DeleteBlocksCommandHandler.java:handle(106)) - Start to delete container blocks, TXIDs=[1(0),2(0),3(0)], numOfContainers=3, numOfBlocks=553
2019-06-13 21:52:13,246 INFO  commands.RetriableDatanodeEventWatcher (RetriableDatanodeEventWatcher.java:onTimeout(47)) - RetriableDatanodeCommand type=deleteBlocksCommand with id=1560462722243 timed out. Retrying.
2019-06-13 21:52:13,247 INFO  commandhandler.DeleteBlocksCommandHandler (DeleteBlocksCommandHandler.java:handle(106)) - Start to delete container blocks, TXIDs=[1(0),2(0),3(0)], numOfContainers=3, numOfBlocks=553
2019-06-13 21:52:13,248 INFO  commandhandler.DeleteBlocksCommandHandler (DeleteBlocksCommandHandler.java:handle(106)) - Start to delete container blocks, TXIDs=[1(0),2(0),3(0)], numOfContainers=3, numOfBlocks=553
2019-06-13 21:52:13,249 INFO  commandhandler.DeleteBlocksCommandHandler (DeleteBlocksCommandHandler.java:handle(106)) - Start to delete container blocks, TXIDs=[1(0),2(0),3(0)], numOfContainers=3, numOfBlocks=553
2019-06-13 21:52:13,250 INFO  commandhandler.DeleteBlocksCommandHandler (DeleteBlocksCommandHandler.java:handle(106)) - Start to delete container blocks, TXIDs=[1(0),2(0),3(0)], numOfContainers=3, numOfBlocks=553
2019-06-13 21:52:13,251 INFO  commandhandler.DeleteBlocksCommandHandler (DeleteBlocksCommandHandler.java:handle(106)) - Start to delete container blocks, TXIDs=[1(0),2(0),3(0)], numOfContainers=3, numOfBlocks=553
2019-06-13 21:52:13,252 INFO  commandhandler.DeleteBlocksCommandHandler (DeleteBlocksCommandHandler.java:handle(106)) - Start to delete container blocks, TXIDs=[1(0),2(0),3(0)], numOfContainers=3, numOfBlocks=553
2019-06-13 21:52:13,253 INFO  commandhandler.DeleteBlocksCommandHandler (DeleteBlocksCommandHandler.java:handle(106)) - Start to delete container blocks, TXIDs=[1(0),2(0),3(0)], numOfContainers=3, numOfBlocks=553
2019-06-13 21:52:13,254 INFO  commandhandler.DeleteBlocksCommandHandler (DeleteBlocksCommandHandler.java:handle(106)) - Start to delete container blocks, TXIDs=[1(0),2(0),3(0)], numOfContainers=3, numOfBlocks=553
2019-06-13 21:52:13,255 INFO  commandhandler.DeleteBlocksCommandHandler (DeleteBlocksCommandHandler.java:handle(106)) - Start to delete container blocks, TXIDs=[1(0),2(0),3(0)], numOfContainers=3, numOfBlocks=553
2019-06-13 21:52:13,255 INFO  commands.RetriableDatanodeEventWatcher (RetriableDatanodeEventWatcher.java:onTimeout(47)) - RetriableDatanodeCommand type=deleteBlocksCommand with id=1560462722253 timed out. Retrying.
2019-06-13 21:52:13,256 INFO  commandhandler.DeleteBlocksCommandHandler (DeleteBlocksCommandHandler.java:handle(106)) - Start to delete container blocks, TXIDs=[1(0),2(0),3(0)], numOfContainers=3, numOfBlocks=553
2019-06-13 21:52:13,257 INFO  commandhandler.DeleteBlocksCommandHandler (DeleteBlocksCommandHandler.java:handle(106)) - Start to delete container blocks, TXIDs=[1(0),2(0),3(0)], numOfContainers=3, numOfBlocks=553
2019-06-13 21:52:13,258 INFO  commandhandler.DeleteBlocksCommandHandler (DeleteBlocksCommandHandler.java:handle(106)) - Start to delete container blocks, TXIDs=[1(0),2(0),3(0)], numOfContainers=3, numOfBlocks=553
2019-06-13 21:52:13,259 INFO  commandhandler.DeleteBlocksCommandHandler (DeleteBlocksCommandHandler.java:handle(106)) - Start to delete container blocks, TXIDs=[1(0),2(0),3(0)], numOfContainers=3, numOfBlocks=553
2019-06-13 21:52:13,260 INFO  commandhandler.DeleteBlocksCommandHandler (DeleteBlocksCommandHandler.java:handle(106)) - Start to delete container blocks, TXIDs=[1(0),2(0),3(0)], numOfContainers=3, numOfBlocks=553
2019-06-13 21:52:13,261 INFO  commandhandler.DeleteBlocksCommandHandler (DeleteBlocksCommandHandler.java:handle(106)) - Start to delete container blocks, TXIDs=[1(0),2(0),3(0)], numOfContainers=3, numOfBlocks=553
2019-06-13 21:52:13,262 INFO  commandhandler.DeleteBlocksCommandHandler (DeleteBlocksCommandHandler.java:handle(106)) - Start to delete container blocks, TXIDs=[1(0),2(0),3(0)], numOfContainers=3, numOfBlocks=553
2019-06-13 21:52:13,263 INFO  commandhandler.DeleteBlocksCommandHandler (DeleteBlocksCommandHandler.java:handle(106)) - Start to delete container blocks, TXIDs=[1(0),2(0),3(0)], numOfContainers=3, numOfBlocks=553
2019-06-13 21:52:13,264 INFO  commandhandler.DeleteBlocksCommandHandler (DeleteBlocksCommandHandler.java:handle(106)) - Start to delete container blocks, TXIDs=[1(0),2(0),3(0)], numOfContainers=3, numOfBlocks=553
2019-06-13 21:52:13,265 INFO  commandhandler.DeleteBlocksCommandHandler (DeleteBlocksCommandHandler.java:handle(106)) - Start to delete container blocks, TXIDs=[1(0),2(0),3(0)], numOfContainers=3, numOfBlocks=553
2019-06-13 21:52:13,265 INFO  commands.RetriableDatanodeEventWatcher (RetriableDatanodeEventWatcher.java:onTimeout(47)) - RetriableDatanodeCommand type=deleteBlocksCommand with id=1560462722263 timed out. Retrying.
2019-06-13 21:52:13,266 INFO  commandhandler.DeleteBlocksCommandHandler (DeleteBlocksCommandHandler.java:handle(106)) - Start to delete container blocks, TXIDs=[1(0),2(0),3(0)], numOfContainers=3, numOfBlocks=553
2019-06-13 21:52:13,267 INFO  commandhandler.DeleteBlocksCommandHandler (DeleteBlocksCommandHandler.java:handle(106)) - Start to delete container blocks, TXIDs=[1(0),2(0),3(0)], numOfContainers=3, numOfBlocks=553
2019-06-13 21:52:13,268 INFO  commandhandler.DeleteBlocksCommandHandler (DeleteBlocksCommandHandler.java:handle(106)) - Start to delete container blocks, TXIDs=[1(0),2(0),3(0)], numOfContainers=3, numOfBlocks=553
2019-06-13 21:52:13,269 INFO  commandhandler.DeleteBlocksCommandHandler (DeleteBlocksCommandHandler.java:handle(106)) - Start to delete container blocks, TXIDs=[1(0),2(0),3(0)], numOfContainers=3, numOfBlocks=553
2019-06-13 21:52:13,270 INFO  commandhandler.DeleteBlocksCommandHandler (DeleteBlocksCommandHandler.java:handle(106)) - Start to delete container blocks, TXIDs=[1(0),2(0),3(0)], numOfContainers=3, numOfBlocks=553
2019-06-13 21:52:13,271 INFO  commandhandler.DeleteBlocksCommandHandler (DeleteBlocksCommandHandler.java:handle(106)) - Start to delete container blocks, TXIDs=[1(0),2(0),3(0)], numOfContainers=3, numOfBlocks=553
2019-06-13 21:52:13,272 INFO  commands.RetriableDatanodeEventWatcher (RetriableDatanodeEventWatcher.java:onTimeout(47)) - RetriableDatanodeCommand type=deleteBlocksCommand with id=1560462722273 timed out. Retrying.
2019-06-13 21:52:13,272 INFO  commandhandler.DeleteBlocksCommandHandler (DeleteBlocksCommandHandler.java:handle(106)) - Start to delete container blocks, TXIDs=[1(0),2(0),3(0)], numOfContainers=3, numOfBlocks=553
2019-06-13 21:52:13,273 INFO  commandhandler.DeleteBlocksCommandHandler (DeleteBlocksCommandHandler.java:handle(106)) - Start to delete container blocks, TXIDs=[1(0),2(0),3(0)], numOfContainers=3, numOfBlocks=553
2019-06-13 21:52:13,274 INFO  commandhandler.DeleteBlocksCommandHandler (DeleteBlocksCommandHandler.java:handle(106)) - Start to delete container blocks, TXIDs=[1(0),2(0),3(0)], numOfContainers=3, numOfBlocks=553
2019-06-13 21:52:13,275 INFO  commandhandler.DeleteBlocksCommandHandler (DeleteBlocksCommandHandler.java:handle(106)) - Start to delete container blocks, TXIDs=[1(0),2(0),3(0)], numOfContainers=3, numOfBlocks=553
2019-06-13 21:52:13,276 INFO  commandhandler.DeleteBlocksCommandHandler (DeleteBlocksCommandHandler.java:handle(106)) - Start to delete container blocks, TXIDs=[1(0),2(0),3(0)], numOfContainers=3, numOfBlocks=553
2019-06-13 21:52:13,277 INFO  commandhandler.DeleteBlocksCommandHandler (DeleteBlocksCommandHandler.java:handle(106)) - Start to delete container blocks, TXIDs=[1(0),2(0),3(0)], numOfContainers=3, numOfBlocks=553
2019-06-13 21:52:13,278 INFO  commandhandler.DeleteBlocksCommandHandler (DeleteBlocksCommandHandler.java:handle(106)) - Start to delete container blocks, TXIDs=[1(0),2(0),3(0)], numOfContainers=3, numOfBlocks=553
2019-06-13 21:52:13,279 INFO  commandhandler.DeleteBlocksCommandHandler (DeleteBlocksCommandHandler.java:handle(106)) - Start to delete container blocks, TXIDs=[1(0),2(0),3(0)], numOfContainers=3, numOfBlocks=553
2019-06-13 21:52:13,280 INFO  commandhandler.DeleteBlocksCommandHandler (DeleteBlocksCommandHandler.java:handle(106)) - Start to delete container blocks, TXIDs=[1(0),2(0),3(0)], numOfContainers=3, numOfBlocks=553
2019-06-13 21:52:13,281 INFO  commandhandler.DeleteBlocksCommandHandler (DeleteBlocksCommandHandler.java:handle(106)) - Start to delete container blocks, TXIDs=[1(0),2(0),3(0)], numOfContainers=3, numOfBlocks=553
2019-06-13 21:52:13,282 INFO  commandhandler.DeleteBlocksCommandHandler (DeleteBlocksCommandHandler.java:handle(106)) - Start to delete container blocks, TXIDs=[1(0),2(0),3(0)], numOfContainers=3, numOfBlocks=553
2019-06-13 21:52:13,282 INFO  commands.RetriableDatanodeEventWatcher (RetriableDatanodeEventWatcher.java:onTimeout(47)) - RetriableDatanodeCommand type=deleteBlocksCommand with id=1560462722283 timed out. Retrying.
2019-06-13 21:52:13,283 INFO  commandhandler.DeleteBlocksCommandHandler (DeleteBlocksCommandHandler.java:handle(106)) - Start to delete container blocks, TXIDs=[1(0),2(0),3(0)], numOfContainers=3, numOfBlocks=553
2019-06-13 21:52:13,284 INFO  commandhandler.DeleteBlocksCommandHandler (DeleteBlocksCommandHandler.java:handle(106)) - Start to delete container blocks, TXIDs=[1(0),2(0),3(0)], numOfContainers=3, numOfBlocks=553
2019-06-13 21:52:13,285 INFO  commandhandler.DeleteBlocksCommandHandler (DeleteBlocksCommandHandler.java:handle(106)) - Start to delete container blocks, TXIDs=[1(0),2(0),3(0)], numOfContainers=3, numOfBlocks=553
2019-06-13 21:52:13,286 INFO  commandhandler.DeleteBlocksCommandHandler (DeleteBlocksCommandHandler.java:handle(106)) - Start to delete container blocks, TXIDs=[1(0),2(0),3(0)], numOfContainers=3, numOfBlocks=553
2019-06-13 21:52:13,287 INFO  commandhandler.DeleteBlocksCommandHandler (DeleteBlocksCommandHandler.java:handle(106)) - Start to delete container blocks, TXIDs=[1(0),2(0),3(0)], numOfContainers=3, numOfBlocks=553
2019-06-13 21:52:13,288 INFO  commandhandler.DeleteBlocksCommandHandler (DeleteBlocksCommandHandler.java:handle(106)) - Start to delete container blocks, TXIDs=[1(0),2(0),3(0)], numOfContainers=3, numOfBlocks=553
2019-06-13 21:52:13,289 INFO  commandhandler.DeleteBlocksCommandHandler (DeleteBlocksCommandHandler.java:handle(106)) - Start to delete container blocks, TXIDs=[1(0),2(0),3(0)], numOfContainers=3, numOfBlocks=553
2019-06-13 21:52:13,289 INFO  commandhandler.DeleteBlocksCommandHandler (DeleteBlocksCommandHandler.java:handle(106)) - Start to delete container blocks, TXIDs=[1(0),2(0),3(0)], numOfContainers=3, numOfBlocks=553
2019-06-13 21:52:13,290 INFO  commands.RetriableDatanodeEventWatcher (RetriableDatanodeEventWatcher.java:onTimeout(47)) - RetriableDatanodeCommand type=deleteBlocksCommand with id=1560462722293 timed out. Retrying.
2019-06-13 21:52:13,291 INFO  commandhandler.DeleteBlocksCommandHandler (DeleteBlocksCommandHandler.java:handle(106)) - Start to delete container blocks, TXIDs=[1(0),2(0),3(0)], numOfContainers=3, numOfBlocks=553
2019-06-13 21:52:13,292 INFO  commandhandler.DeleteBlocksCommandHandler (DeleteBlocksCommandHandler.java:handle(106)) - Start to delete container blocks, TXIDs=[1(0),2(0),3(0)], numOfContainers=3, numOfBlocks=553
2019-06-13 21:52:13,293 INFO  commandhandler.DeleteBlocksCommandHandler (DeleteBlocksCommandHandler.java:handle(106)) - Start to delete container blocks, TXIDs=[1(0),2(0),3(0)], numOfContainers=3, numOfBlocks=553
2019-06-13 21:52:13,294 INFO  commandhandler.DeleteBlocksCommandHandler (DeleteBlocksCommandHandler.java:handle(106)) - Start to delete container blocks, TXIDs=[1(0),2(0),3(0)], numOfContainers=3, numOfBlocks=553
2019-06-13 21:52:13,295 INFO  commandhandler.DeleteBlocksCommandHandler (DeleteBlocksCommandHandler.java:handle(106)) - Start to delete container blocks, TXIDs=[1(0),2(0),3(0)], numOfContainers=3, numOfBlocks=553
2019-06-13 21:52:13,296 INFO  commandhandler.DeleteBlocksCommandHandler (DeleteBlocksCommandHandler.java:handle(106)) - Start to delete container blocks, TXIDs=[1(0),2(0),3(0)], numOfContainers=3, numOfBlocks=553
2019-06-13 21:52:13,296 INFO  commandhandler.DeleteBlocksCommandHandler (DeleteBlocksCommandHandler.java:handle(106)) - Start to delete container blocks, TXIDs=[1(0),2(0),3(0)], numOfContainers=3, numOfBlocks=553
2019-06-13 21:52:13,297 INFO  commandhandler.DeleteBlocksCommandHandler (DeleteBlocksCommandHandler.java:handle(106)) - Start to delete container blocks, TXIDs=[1(0),2(0),3(0)], numOfContainers=3, numOfBlocks=553
2019-06-13 21:52:13,317 INFO  commands.RetriableDatanodeEventWatcher (RetriableDatanodeEventWatcher.java:onTimeout(47)) - RetriableDatanodeCommand type=deleteBlocksCommand with id=1560462722303 timed out. Retrying.
2019-06-13 21:52:13,317 INFO  commands.RetriableDatanodeEventWatcher (RetriableDatanodeEventWatcher.java:onTimeout(47)) - RetriableDatanodeCommand type=deleteBlocksCommand with id=1560462722323 timed out. Retrying.
2019-06-13 21:52:13,317 INFO  commands.RetriableDatanodeEventWatcher (RetriableDatanodeEventWatcher.java:onTimeout(47)) - RetriableDatanodeCommand type=deleteBlocksCommand with id=1560462722313 timed out. Retrying.
2019-06-13 21:52:13,324 INFO  commands.RetriableDatanodeEventWatcher (RetriableDatanodeEventWatcher.java:onTimeout(47)) - RetriableDatanodeCommand type=deleteBlocksCommand with id=1560462722333 timed out. Retrying.
2019-06-13 21:52:13,333 DEBUG block.SCMBlockDeletingService (SCMBlockDeletingService.java:call(138)) - Running DeletedBlockTransactionScanner
2019-06-13 21:52:13,333 DEBUG block.SCMBlockDeletingService (SCMBlockDeletingService.java:call(155)) - Scanned deleted blocks log and got 3 delTX to process.
2019-06-13 21:52:13,333 DEBUG block.SCMBlockDeletingService (SCMBlockDeletingService.java:call(171)) - Added delete block command for datanode 2573df58-4087-4dd0-8598-5abddcc696b9 in the queue, number of delete block transactions: 3, TxID list: 1,2,3
2019-06-13 21:52:13,340 INFO  commands.RetriableDatanodeEventWatcher (RetriableDatanodeEventWatcher.java:onTimeout(47)) - RetriableDatanodeCommand type=deleteBlocksCommand with id=1560462722234 timed out. Retrying.
2019-06-13 21:52:13,343 INFO  commandhandler.DeleteBlocksCommandHandler (SCMBlockDeletingService.java:call(182)) - Totally added 3 delete blocks command for 1 datanodes, task elapsed time: 10ms
2019-06-13 21:52:13,343 INFO  commandhandler.DeleteBlocksCommandHandler (DeleteBlocksCommandHandler.java:handle(106)) - Start to delete container blocks, TXIDs=[1(0),2(0),3(0)], numOfContainers=3, numOfBlocks=553
2019-06-13 21:52:13,343 INFO  background.BlockDeletingService (BlockDeletingService.java:call(246)) - Container: 3, deleted blocks: 184, task elapsed time: 266ms
2019-06-13 21:52:13,343 INFO  commandhandler.DeleteBlocksCommandHandler (DeleteBlocksCommandHandler.java:handle(106)) - Start to delete container blocks, TXIDs=[1(0),2(0),3(0)], numOfContainers=3, numOfBlocks=553
2019-06-13 21:52:13,344 INFO  commandhandler.DeleteBlocksCommandHandler (DeleteBlocksCommandHandler.java:handle(106)) - Start to delete container blocks, TXIDs=[1(0),2(0),3(0)], numOfContainers=3, numOfBlocks=553
2019-06-13 21:52:13,345 INFO  commandhandler.DeleteBlocksCommandHandler (DeleteBlocksCommandHandler.java:handle(106)) - Start to delete container blocks, TXIDs=[1(0),2(0),3(0)], numOfContainers=3, numOfBlocks=553
2019-06-13 21:52:13,345 INFO  commandhandler.DeleteBlocksCommandHandler (DeleteBlocksCommandHandler.java:handle(106)) - Start to delete container blocks, TXIDs=[1(0),2(0),3(0)], numOfContainers=3, numOfBlocks=553
2019-06-13 21:52:13,346 INFO  commandhandler.DeleteBlocksCommandHandler (DeleteBlocksCommandHandler.java:handle(106)) - Start to delete container blocks, TXIDs=[1(0),2(0),3(0)], numOfContainers=3, numOfBlocks=553
2019-06-13 21:52:13,347 INFO  commands.RetriableDatanodeEventWatcher (RetriableDatanodeEventWatcher.java:onTimeout(47)) - RetriableDatanodeCommand type=deleteBlocksCommand with id=1560462722244 timed out. Retrying.
2019-06-13 21:52:13,347 INFO  commandhandler.DeleteBlocksCommandHandler (DeleteBlocksCommandHandler.java:handle(106)) - Start to delete container blocks, TXIDs=[1(0),2(0),3(0)], numOfContainers=3, numOfBlocks=553
2019-06-13 21:52:13,348 INFO  commandhandler.DeleteBlocksCommandHandler (DeleteBlocksCommandHandler.java:handle(106)) - Start to delete container blocks, TXIDs=[1(0),2(0),3(0)], numOfContainers=3, numOfBlocks=553
2019-06-13 21:52:13,349 INFO  commandhandler.DeleteBlocksCommandHandler (DeleteBlocksCommandHandler.java:handle(106)) - Start to delete container blocks, TXIDs=[1(0),2(0),3(0)], numOfContainers=3, numOfBlocks=553
2019-06-13 21:52:13,350 INFO  commandhandler.DeleteBlocksCommandHandler (DeleteBlocksCommandHandler.java:handle(106)) - Start to delete container blocks, TXIDs=[1(0),2(0),3(0)], numOfContainers=3, numOfBlocks=553
2019-06-13 21:52:13,351 INFO  commandhandler.DeleteBlocksCommandHandler (DeleteBlocksCommandHandler.java:handle(106)) - Start to delete container blocks, TXIDs=[1(0),2(0),3(0)], numOfContainers=3, numOfBlocks=553
2019-06-13 21:52:13,352 INFO  commandhandler.DeleteBlocksCommandHandler (DeleteBlocksCommandHandler.java:handle(106)) - Start to delete container blocks, TXIDs=[1(0),2(0),3(0)], numOfContainers=3, numOfBlocks=553
2019-06-13 21:52:13,353 INFO  commandhandler.DeleteBlocksCommandHandler (DeleteBlocksCommandHandler.java:handle(106)) - Start to delete container blocks, TXIDs=[1(0),2(0),3(0)], numOfContainers=3, numOfBlocks=553
2019-06-13 21:52:13,354 INFO  commandhandler.DeleteBlocksCommandHandler (DeleteBlocksCommandHandler.java:handle(106)) - Start to delete container blocks, TXIDs=[1(0),2(0),3(0)], numOfContainers=3, numOfBlocks=553
2019-06-13 21:52:13,354 INFO  commands.RetriableDatanodeEventWatcher (RetriableDatanodeEventWatcher.java:onTimeout(47)) - RetriableDatanodeCommand type=deleteBlocksCommand with id=1560462722254 timed out. Retrying.
2019-06-13 21:52:13,355 INFO  commandhandler.DeleteBlocksCommandHandler (DeleteBlocksCommandHandler.java:handle(106)) - Start to delete container blocks, TXIDs=[1(0),2(0),3(0)], numOfContainers=3, numOfBlocks=553
2019-06-13 21:52:13,355 INFO  commandhandler.DeleteBlocksCommandHandler (DeleteBlocksCommandHandler.java:handle(106)) - Start to delete container blocks, TXIDs=[1(0),2(0),3(0)], numOfContainers=3, numOfBlocks=553
2019-06-13 21:52:13,356 INFO  commandhandler.DeleteBlocksCommandHandler (DeleteBlocksCommandHandler.java:handle(106)) - Start to delete container blocks, TXIDs=[1(0),2(0),3(0)], numOfContainers=3, numOfBlocks=553
2019-06-13 21:52:13,357 INFO  commandhandler.DeleteBlocksCommandHandler (DeleteBlocksCommandHandler.java:handle(106)) - Start to delete container blocks, TXIDs=[1(0),2(0),3(0)], numOfContainers=3, numOfBlocks=553
2019-06-13 21:52:13,358 INFO  commandhandler.DeleteBlocksCommandHandler (DeleteBlocksCommandHandler.java:handle(106)) - Start to delete container blocks, TXIDs=[1(0),2(0),3(0)], numOfContainers=3, numOfBlocks=553
2019-06-13 21:52:13,359 INFO  commandhandler.DeleteBlocksCommandHandler (DeleteBlocksCommandHandler.java:handle(106)) - Start to delete container blocks, TXIDs=[1(0),2(0),3(0)], numOfContainers=3, numOfBlocks=553
2019-06-13 21:52:13,360 INFO  commandhandler.DeleteBlocksCommandHandler (DeleteBlocksCommandHandler.java:handle(106)) - Start to delete container blocks, TXIDs=[1(0),2(0),3(0)], numOfContainers=3, numOfBlocks=553
2019-06-13 21:52:13,361 INFO  commandhandler.DeleteBlocksCommandHandler (DeleteBlocksCommandHandler.java:handle(106)) - Start to delete container blocks, TXIDs=[1(0),2(0),3(0)], numOfContainers=3, numOfBlocks=553
2019-06-13 21:52:13,361 INFO  commandhandler.DeleteBlocksCommandHandler (DeleteBlocksCommandHandler.java:handle(106)) - Start to delete container blocks, TXIDs=[1(0),2(0),3(0)], numOfContainers=3, numOfBlocks=553
2019-06-13 21:52:13,362 INFO  commandhandler.DeleteBlocksCommandHandler (DeleteBlocksCommandHandler.java:handle(106)) - Start to delete container blocks, TXIDs=[1(0),2(0),3(0)], numOfContainers=3, numOfBlocks=553
2019-06-13 21:52:13,363 INFO  commandhandler.DeleteBlocksCommandHandler (DeleteBlocksCommandHandler.java:handle(106)) - Start to delete container blocks, TXIDs=[1(0),2(0),3(0)], numOfContainers=3, numOfBlocks=553
2019-06-13 21:52:13,364 INFO  commandhandler.DeleteBlocksCommandHandler (DeleteBlocksCommandHandler.java:handle(106)) - Start to delete container blocks, TXIDs=[1(0),2(0),3(0)], numOfContainers=3, numOfBlocks=553
2019-06-13 21:52:13,365 INFO  commandhandler.DeleteBlocksCommandHandler (DeleteBlocksCommandHandler.java:handle(106)) - Start to delete container blocks, TXIDs=[1(0),2(0),3(0)], numOfContainers=3, numOfBlocks=553
2019-06-13 21:52:13,365 INFO  commands.RetriableDatanodeEventWatcher (RetriableDatanodeEventWatcher.java:onTimeout(47)) - RetriableDatanodeCommand type=deleteBlocksCommand with id=1560462722264 timed out. Retrying.
2019-06-13 21:52:13,366 INFO  commandhandler.DeleteBlocksCommandHandler (DeleteBlocksCommandHandler.java:handle(106)) - Start to delete container blocks, TXIDs=[1(0),2(0),3(0)], numOfContainers=3, numOfBlocks=553
2019-06-13 21:52:13,367 INFO  commandhandler.DeleteBlocksCommandHandler (DeleteBlocksCommandHandler.java:handle(106)) - Start to delete container blocks, TXIDs=[1(0),2(0),3(0)], numOfContainers=3, numOfBlocks=553
2019-06-13 21:52:13,368 INFO  commandhandler.DeleteBlocksCommandHandler (DeleteBlocksCommandHandler.java:handle(106)) - Start to delete container blocks, TXIDs=[1(0),2(0),3(0)], numOfContainers=3, numOfBlocks=553
2019-06-13 21:52:13,369 INFO  commandhandler.DeleteBlocksCommandHandler (DeleteBlocksCommandHandler.java:handle(106)) - Start to delete container blocks, TXIDs=[1(0),2(0),3(0)], numOfContainers=3, numOfBlocks=553
2019-06-13 21:52:13,369 INFO  commandhandler.DeleteBlocksCommandHandler (DeleteBlocksCommandHandler.java:handle(106)) - Start to delete container blocks, TXIDs=[1(0),2(0),3(0)], numOfContainers=3, numOfBlocks=553
2019-06-13 21:52:13,370 INFO  commandhandler.DeleteBlocksCommandHandler (DeleteBlocksCommandHandler.java:handle(106)) - Start to delete container blocks, TXIDs=[1(0),2(0),3(0)], numOfContainers=3, numOfBlocks=553
2019-06-13 21:52:13,371 INFO  commandhandler.DeleteBlocksCommandHandler (DeleteBlocksCommandHandler.java:handle(106)) - Start to delete container blocks, TXIDs=[1(0),2(0),3(0)], numOfContainers=3, numOfBlocks=553
2019-06-13 21:52:13,372 INFO  commandhandler.DeleteBlocksCommandHandler (DeleteBlocksCommandHandler.java:handle(106)) - Start to delete container blocks, TXIDs=[1(0),2(0),3(0)], numOfContainers=3, numOfBlocks=553
2019-06-13 21:52:13,372 INFO  impl.LeaderElection (LeaderElection.java:askForVotes(181)) - 2573df58-4087-4dd0-8598-5abddcc696b9:group-9998B3F47C9C:LeaderElection3: begin an election at term 1 for -1: [2573df58-4087-4dd0-8598-5abddcc696b9:192.168.11.218:35061], old=null
2019-06-13 21:52:13,373 INFO  impl.RoleInfo (RoleInfo.java:shutdownLeaderElection(134)) - 2573df58-4087-4dd0-8598-5abddcc696b9: shutdown LeaderElection
2019-06-13 21:52:13,373 INFO  impl.RaftServerImpl (RaftServerImpl.java:setRole(164)) - 2573df58-4087-4dd0-8598-5abddcc696b9:group-9998B3F47C9C changes role from CANDIDATE to LEADER at term 1 for changeToLeader
2019-06-13 21:52:13,373 INFO  impl.RaftServerImpl (ServerState.java:setLeader(263)) - 2573df58-4087-4dd0-8598-5abddcc696b9:group-9998B3F47C9C change Leader from null to 2573df58-4087-4dd0-8598-5abddcc696b9 at term 1 for becomeLeader, leader elected after 1226ms
2019-06-13 21:52:13,373 INFO  server.RaftServerConfigKeys (ConfUtils.java:logGet(43)) - raft.server.staging.catchup.gap = 1000 (default)
2019-06-13 21:52:13,373 INFO  commandhandler.DeleteBlocksCommandHandler (ConfUtils.java:logGet(43)) - raft.server.rpc.sleep.time = 25ms (default)
2019-06-13 21:52:13,373 INFO  commandhandler.DeleteBlocksCommandHandler (DeleteBlocksCommandHandler.java:handle(106)) - Start to delete container blocks, TXIDs=[1(0),2(0),3(0)], numOfContainers=3, numOfBlocks=553
2019-06-13 21:52:13,374 INFO  server.RaftServerConfigKeys (ConfUtils.java:logGet(43)) - raft.server.watch.timeout = 10s (default)
2019-06-13 21:52:13,374 INFO  server.RaftServerConfigKeys (ConfUtils.java:logGet(43)) - raft.server.watch.timeout.denomination = 1s (default)
2019-06-13 21:52:13,374 INFO  impl.RoleInfo (RoleInfo.java:updateAndGet(143)) - 2573df58-4087-4dd0-8598-5abddcc696b9: start LeaderState
2019-06-13 21:52:13,374 INFO  storage.RaftLogWorker (RaftLogWorker.java:startLogSegment(298)) - 2573df58-4087-4dd0-8598-5abddcc696b9-RaftLogWorker: Starting segment from index:0
2019-06-13 21:52:13,374 INFO  commandhandler.DeleteBlocksCommandHandler (DeleteBlocksCommandHandler.java:handle(106)) - Start to delete container blocks, TXIDs=[1(0),2(0),3(0)], numOfContainers=3, numOfBlocks=553
2019-06-13 21:52:13,375 INFO  commandhandler.DeleteBlocksCommandHandler (DeleteBlocksCommandHandler.java:handle(106)) - Start to delete container blocks, TXIDs=[1(0),2(0),3(0)], numOfContainers=3, numOfBlocks=553
2019-06-13 21:52:13,376 INFO  commandhandler.DeleteBlocksCommandHandler (DeleteBlocksCommandHandler.java:handle(106)) - Start to delete container blocks, TXIDs=[1(0),2(0),3(0)], numOfContainers=3, numOfBlocks=553
2019-06-13 21:52:13,377 INFO  commandhandler.DeleteBlocksCommandHandler (DeleteBlocksCommandHandler.java:handle(106)) - Start to delete container blocks, TXIDs=[1(0),2(0),3(0)], numOfContainers=3, numOfBlocks=553
2019-06-13 21:52:13,378 INFO  commandhandler.DeleteBlocksCommandHandler (DeleteBlocksCommandHandler.java:handle(106)) - Start to delete container blocks, TXIDs=[1(0),2(0),3(0)], numOfContainers=3, numOfBlocks=553
2019-06-13 21:52:13,379 INFO  commands.RetriableDatanodeEventWatcher (RetriableDatanodeEventWatcher.java:onTimeout(47)) - RetriableDatanodeCommand type=deleteBlocksCommand with id=1560462722274 timed out. Retrying.
2019-06-13 21:52:13,379 INFO  impl.RaftServerImpl (ServerState.java:setRaftConf(361)) - 2573df58-4087-4dd0-8598-5abddcc696b9:group-9998B3F47C9C set configuration 0: [2573df58-4087-4dd0-8598-5abddcc696b9:192.168.11.218:35061], old=null at 0
2019-06-13 21:52:13,393 INFO  commands.RetriableDatanodeEventWatcher (RetriableDatanodeEventWatcher.java:onTimeout(47)) - RetriableDatanodeCommand type=deleteBlocksCommand with id=1560462722284 timed out. Retrying.
2019-06-13 21:52:13,394 INFO  commands.RetriableDatanodeEventWatcher (RetriableDatanodeEventWatcher.java:onTimeout(47)) - RetriableDatanodeCommand type=deleteBlocksCommand with id=1560462722294 timed out. Retrying.
2019-06-13 21:52:13,394 INFO  commandhandler.DeleteBlocksCommandHandler (DeleteBlocksCommandHandler.java:handle(106)) - Start to delete container blocks, TXIDs=[1(0),2(0),3(0)], numOfContainers=3, numOfBlocks=553
2019-06-13 21:52:13,395 INFO  commandhandler.DeleteBlocksCommandHandler (DeleteBlocksCommandHandler.java:handle(106)) - Start to delete container blocks, TXIDs=[1(0),2(0),3(0)], numOfContainers=3, numOfBlocks=553
2019-06-13 21:52:13,395 INFO  commandhandler.DeleteBlocksCommandHandler (DeleteBlocksCommandHandler.java:handle(106)) - Start to delete container blocks, TXIDs=[1(0),2(0),3(0)], numOfContainers=3, numOfBlocks=553
2019-06-13 21:52:13,396 INFO  commandhandler.DeleteBlocksCommandHandler (DeleteBlocksCommandHandler.java:handle(106)) - Start to delete container blocks, TXIDs=[1(0),2(0),3(0)], numOfContainers=3, numOfBlocks=553
2019-06-13 21:52:13,397 INFO  commandhandler.DeleteBlocksCommandHandler (DeleteBlocksCommandHandler.java:handle(106)) - Start to delete container blocks, TXIDs=[1(0),2(0),3(0)], numOfContainers=3, numOfBlocks=553
2019-06-13 21:52:13,398 INFO  commandhandler.DeleteBlocksCommandHandler (DeleteBlocksCommandHandler.java:handle(106)) - Start to delete container blocks, TXIDs=[1(0),2(0),3(0)], numOfContainers=3, numOfBlocks=553
2019-06-13 21:52:13,399 INFO  commandhandler.DeleteBlocksCommandHandler (DeleteBlocksCommandHandler.java:handle(106)) - Start to delete container blocks, TXIDs=[1(0),2(0),3(0)], numOfContainers=3, numOfBlocks=553
2019-06-13 21:52:13,400 INFO  commandhandler.DeleteBlocksCommandHandler (DeleteBlocksCommandHandler.java:handle(106)) - Start to delete container blocks, TXIDs=[1(0),2(0),3(0)], numOfContainers=3, numOfBlocks=553
2019-06-13 21:52:13,400 INFO  commands.RetriableDatanodeEventWatcher (RetriableDatanodeEventWatcher.java:onTimeout(47)) - RetriableDatanodeCommand type=deleteBlocksCommand with id=1560462722304 timed out. Retrying.
2019-06-13 21:52:13,401 INFO  commandhandler.DeleteBlocksCommandHandler (DeleteBlocksCommandHandler.java:handle(106)) - Start to delete container blocks, TXIDs=[1(0),2(0),3(0)], numOfContainers=3, numOfBlocks=553
2019-06-13 21:52:13,401 INFO  commandhandler.DeleteBlocksCommandHandler (DeleteBlocksCommandHandler.java:handle(106)) - Start to delete container blocks, TXIDs=[1(0),2(0),3(0)], numOfContainers=3, numOfBlocks=553
2019-06-13 21:52:13,402 INFO  commandhandler.DeleteBlocksCommandHandler (DeleteBlocksCommandHandler.java:handle(106)) - Start to delete container blocks, TXIDs=[1(0),2(0),3(0)], numOfContainers=3, numOfBlocks=553
2019-06-13 21:52:13,403 INFO  commandhandler.DeleteBlocksCommandHandler (DeleteBlocksCommandHandler.java:handle(106)) - Start to delete container blocks, TXIDs=[1(0),2(0),3(0)], numOfContainers=3, numOfBlocks=553
2019-06-13 21:52:13,404 INFO  commandhandler.DeleteBlocksCommandHandler (DeleteBlocksCommandHandler.java:handle(106)) - Start to delete container blocks, TXIDs=[1(0),2(0),3(0)], numOfContainers=3, numOfBlocks=553
2019-06-13 21:52:13,405 INFO  commandhandler.DeleteBlocksCommandHandler (DeleteBlocksCommandHandler.java:handle(106)) - Start to delete container blocks, TXIDs=[1(0),2(0),3(0)], numOfContainers=3, numOfBlocks=553
2019-06-13 21:52:13,406 INFO  commandhandler.DeleteBlocksCommandHandler (DeleteBlocksCommandHandler.java:handle(106)) - Start to delete container blocks, TXIDs=[1(0),2(0),3(0)], numOfContainers=3, numOfBlocks=553
2019-06-13 21:52:13,407 INFO  commandhandler.DeleteBlocksCommandHandler (DeleteBlocksCommandHandler.java:handle(106)) - Start to delete container blocks, TXIDs=[1(0),2(0),3(0)], numOfContainers=3, numOfBlocks=553
2019-06-13 21:52:13,407 INFO  commandhandler.DeleteBlocksCommandHandler (DeleteBlocksCommandHandler.java:handle(106)) - Start to delete container blocks, TXIDs=[1(0),2(0),3(0)], numOfContainers=3, numOfBlocks=553
2019-06-13 21:52:13,408 INFO  commandhandler.DeleteBlocksCommandHandler (DeleteBlocksCommandHandler.java:handle(106)) - Start to delete container blocks, TXIDs=[1(0),2(0),3(0)], numOfContainers=3, numOfBlocks=553
2019-06-13 21:52:13,409 INFO  commands.RetriableDatanodeEventWatcher (RetriableDatanodeEventWatcher.java:onTimeout(47)) - RetriableDatanodeCommand type=deleteBlocksCommand with id=1560462722314 timed out. Retrying.
2019-06-13 21:52:13,409 INFO  commandhandler.DeleteBlocksCommandHandler (DeleteBlocksCommandHandler.java:handle(106)) - Start to delete container blocks, TXIDs=[1(0),2(0),3(0)], numOfContainers=3, numOfBlocks=553
2019-06-13 21:52:13,410 INFO  commandhandler.DeleteBlocksCommandHandler (DeleteBlocksCommandHandler.java:handle(106)) - Start to delete container blocks, TXIDs=[1(0),2(0),3(0)], numOfContainers=3, numOfBlocks=553
2019-06-13 21:52:13,411 INFO  commandhandler.DeleteBlocksCommandHandler (DeleteBlocksCommandHandler.java:handle(106)) - Start to delete container blocks, TXIDs=[1(0),2(0),3(0)], numOfContainers=3, numOfBlocks=553
2019-06-13 21:52:13,412 INFO  commandhandler.DeleteBlocksCommandHandler (DeleteBlocksCommandHandler.java:handle(106)) - Start to delete container blocks, TXIDs=[1(0),2(0),3(0)], numOfContainers=3, numOfBlocks=553
2019-06-13 21:52:13,413 INFO  commandhandler.DeleteBlocksCommandHandler (DeleteBlocksCommandHandler.java:handle(106)) - Start to delete container blocks, TXIDs=[1(0),2(0),3(0)], numOfContainers=3, numOfBlocks=553
2019-06-13 21:52:13,414 INFO  commandhandler.DeleteBlocksCommandHandler (DeleteBlocksCommandHandler.java:handle(106)) - Start to delete container blocks, TXIDs=[1(0),2(0),3(0)], numOfContainers=3, numOfBlocks=553
2019-06-13 21:52:13,415 INFO  commandhandler.DeleteBlocksCommandHandler (DeleteBlocksCommandHandler.java:handle(106)) - Start to delete container blocks, TXIDs=[1(0),2(0),3(0)], numOfContainers=3, numOfBlocks=553
2019-06-13 21:52:13,416 INFO  commandhandler.DeleteBlocksCommandHandler (DeleteBlocksCommandHandler.java:handle(106)) - Start to delete container blocks, TXIDs=[1(0),2(0),3(0)], numOfContainers=3, numOfBlocks=553
2019-06-13 21:52:13,416 INFO  commandhandler.DeleteBlocksCommandHandler (DeleteBlocksCommandHandler.java:handle(106)) - Start to delete container blocks, TXIDs=[1(0),2(0),3(0)], numOfContainers=3, numOfBlocks=553
2019-06-13 21:52:13,416 INFO  commands.RetriableDatanodeEventWatcher (RetriableDatanodeEventWatcher.java:onTimeout(47)) - RetriableDatanodeCommand type=deleteBlocksCommand with id=1560462722324 timed out. Retrying.
2019-06-13 21:52:13,417 INFO  commandhandler.DeleteBlocksCommandHandler (DeleteBlocksCommandHandler.java:handle(106)) - Start to delete container blocks, TXIDs=[1(0),2(0),3(0)], numOfContainers=3, numOfBlocks=553
2019-06-13 21:52:13,418 INFO  commandhandler.DeleteBlocksCommandHandler (DeleteBlocksCommandHandler.java:handle(106)) - Start to delete container blocks, TXIDs=[1(0),2(0),3(0)], numOfContainers=3, numOfBlocks=553
2019-06-13 21:52:13,419 INFO  commandhandler.DeleteBlocksCommandHandler (DeleteBlocksCommandHandler.java:handle(106)) - Start to delete container blocks, TXIDs=[1(0),2(0),3(0)], numOfContainers=3, numOfBlocks=553
2019-06-13 21:52:13,420 INFO  commandhandler.DeleteBlocksCommandHandler (DeleteBlocksCommandHandler.java:handle(106)) - Start to delete container blocks, TXIDs=[1(0),2(0),3(0)], numOfContainers=3, numOfBlocks=553
2019-06-13 21:52:13,421 INFO  commandhandler.DeleteBlocksCommandHandler (DeleteBlocksCommandHandler.java:handle(106)) - Start to delete container blocks, TXIDs=[1(0),2(0),3(0)], numOfContainers=3, numOfBlocks=553
2019-06-13 21:52:13,422 INFO  commandhandler.DeleteBlocksCommandHandler (DeleteBlocksCommandHandler.java:handle(106)) - Start to delete container blocks, TXIDs=[1(0),2(0),3(0)], numOfContainers=3, numOfBlocks=553
2019-06-13 21:52:13,423 INFO  commandhandler.DeleteBlocksCommandHandler (DeleteBlocksCommandHandler.java:handle(106)) - Start to delete container blocks, TXIDs=[1(0),2(0),3(0)], numOfContainers=3, numOfBlocks=553
2019-06-13 21:52:13,425 INFO  commands.RetriableDatanodeEventWatcher (RetriableDatanodeEventWatcher.java:onTimeout(47)) - RetriableDatanodeCommand type=deleteBlocksCommand with id=1560462722334 timed out. Retrying.
2019-06-13 21:52:13,426 INFO  background.BlockDeletingService (BlockDeletingService.java:call(246)) - Container: 2, deleted blocks: 184, task elapsed time: 343ms
2019-06-13 21:52:13,426 INFO  commandhandler.DeleteBlocksCommandHandler (DeleteBlocksCommandHandler.java:handle(106)) - Start to delete container blocks, TXIDs=[1(0),2(0),3(0)], numOfContainers=3, numOfBlocks=553
2019-06-13 21:52:13,426 DEBUG block.DeletedBlockLogImpl (DeletedBlockLogImpl.java:isTransactionFailed(245)) - Got block deletion ACK from datanode, TXIDs=1, success=true
2019-06-13 21:52:13,427 INFO  commandhandler.DeleteBlocksCommandHandler (DeleteBlocksCommandHandler.java:handle(106)) - Start to delete container blocks, TXIDs=[1(0),2(0),3(0)], numOfContainers=3, numOfBlocks=553
2019-06-13 21:52:13,428 INFO  commandhandler.DeleteBlocksCommandHandler (DeleteBlocksCommandHandler.java:handle(106)) - Start to delete container blocks, TXIDs=[1(0),2(0),3(0)], numOfContainers=3, numOfBlocks=553
2019-06-13 21:52:13,429 DEBUG block.DeletedBlockLogImpl (DeletedBlockLogImpl.java:commitTransactions(227)) - Purging txId=1 from block deletion log
2019-06-13 21:52:13,429 INFO  commandhandler.DeleteBlocksCommandHandler (DeleteBlocksCommandHandler.java:handle(106)) - Start to delete container blocks, TXIDs=[1(0),2(0),3(0)], numOfContainers=3, numOfBlocks=553
2019-06-13 21:52:13,429 DEBUG block.DeletedBlockLogImpl (DeletedBlockLogImpl.java:commitTransactions(231)) - Datanode txId=1 containerId=#1 committed by dnId=2573df58-4087-4dd0-8598-5abddcc696b9
2019-06-13 21:52:13,429 DEBUG block.DeletedBlockLogImpl (DeletedBlockLogImpl.java:isTransactionFailed(245)) - Got block deletion ACK from datanode, TXIDs=2, success=true
2019-06-13 21:52:13,429 DEBUG block.DeletedBlockLogImpl (DeletedBlockLogImpl.java:commitTransactions(227)) - Purging txId=2 from block deletion log
2019-06-13 21:52:13,429 DEBUG block.DeletedBlockLogImpl (DeletedBlockLogImpl.java:commitTransactions(231)) - Datanode txId=2 containerId=#2 committed by dnId=2573df58-4087-4dd0-8598-5abddcc696b9
2019-06-13 21:52:13,430 DEBUG block.DeletedBlockLogImpl (DeletedBlockLogImpl.java:isTransactionFailed(245)) - Got block deletion ACK from datanode, TXIDs=3, success=true
2019-06-13 21:52:13,430 DEBUG block.DeletedBlockLogImpl (DeletedBlockLogImpl.java:commitTransactions(227)) - Purging txId=3 from block deletion log
2019-06-13 21:52:13,430 DEBUG block.DeletedBlockLogImpl (DeletedBlockLogImpl.java:commitTransactions(231)) - Datanode txId=3 containerId=#3 committed by dnId=2573df58-4087-4dd0-8598-5abddcc696b9
2019-06-13 21:52:13,430 DEBUG block.DeletedBlockLogImpl (DeleteBlocksCommandHandler.java:handle(106)) - Start to delete container blocks, TXIDs=[1(0),2(0),3(0)], numOfContainers=3, numOfBlocks=553
DeletedBlockLogImpl.java:isTransactionFailed(245)) - Got block deletion ACK from datanode, TXIDs=1, success=true
2019-06-13 21:52:13,430 INFO  commandhandler.DeleteBlocksCommandHandler (DeleteBlocksCommandHandler.java:handle(106)) - Start to delete container blocks, TXIDs=[1(0),2(0),3(0)], numOfContainers=3, numOfBlocks=553
2019-06-13 21:52:13,430 WARN  block.DeletedBlockLogImpl (DeletedBlockLogImpl.java:commitTransactions(205)) - Transaction txId=1 commit by dnId=2573df58-4087-4dd0-8598-5abddcc696b9 for containerID=#1 failed. Corresponding entry not found.
2019-06-13 21:52:13,430 DEBUG block.DeletedBlockLogImpl (DeletedBlockLogImpl.java:isTransactionFailed(245)) - Got block deletion ACK from datanode, TXIDs=1, success=true
2019-06-13 21:52:13,430 WARN  block.DeletedBlockLogImpl (DeletedBlockLogImpl.java:commitTransactions(205)) - Transaction txId=1 commit by dnId=2573df58-4087-4dd0-8598-5abddcc696b9 for containerID=#1 failed. Corresponding entry not found.
2019-06-13 21:52:13,430 DEBUG block.DeletedBlockLogImpl (DeletedBlockLogImpl.java:isTransactionFailed(245)) - Got block deletion ACK from datanode, TXIDs=1, success=true
2019-06-13 21:52:13,430 WARN  block.DeletedBlockLogImpl (DeletedBlockLogImpl.java:commitTransactions(205)) - Transaction txId=1 commit by dnId=2573df58-4087-4dd0-8598-5abddcc696b9 for containerID=#1 failed. Corresponding entry not found.
2019-06-13 21:52:13,430 DEBUG block.DeletedBlockLogImpl (DeletedBlockLogImpl.java:isTransactionFailed(245)) - Got block deletion ACK from datanode, TXIDs=1, success=true
2019-06-13 21:52:13,430 WARN  block.DeletedBlockLogImpl (DeletedBlockLogImpl.java:commitTransactions(205)) - Transaction txId=1 commit by dnId=2573df58-4087-4dd0-8598-5abddcc696b9 for containerID=#1 failed. Corresponding entry not found.
2019-06-13 21:52:13,431 DEBUG block.DeletedBlockLogImpl (DeletedBlockLogImpl.java:isTransactionFailed(245)) - Got block deletion ACK from datanode, TXIDs=1, success=true
2019-06-13 21:52:13,431 WARN  block.DeletedBlockLogImpl (DeletedBlockLogImpl.java:commitTransactions(205)) - Transaction txId=1 commit by dnId=2573df58-4087-4dd0-8598-5abddcc696b9 for containerID=#1 failed. Corresponding entry not found.
2019-06-13 21:52:13,431 DEBUG block.DeletedBlockLogImpl (DeletedBlockLogImpl.java:isTransactionFailed(245)) - Got block deletion ACK from datanode, TXIDs=1, success=true
2019-06-13 21:52:13,431 WARN  block.DeletedBlockLogImpl (DeletedBlockLogImpl.java:commitTransactions(205)) - Transaction txId=1 commit by dnId=2573df58-4087-4dd0-8598-5abddcc696b9 for containerID=#1 failed. Corresponding entry not found.
2019-06-13 21:52:13,431 INFO  commandhandler.DeleteBlocksCommandHandler (DeletedBlockLogImpl.java:isTransactionFailed(245)) - Got block deletion ACK from datanode, TXIDs=1, success=true
DeleteBlocksCommandHandler.java:handle(106)) - Start to delete container blocks, TXIDs=[1(0),2(0),3(0)], numOfContainers=3, numOfBlocks=553
2019-06-13 21:52:13,431 WARN  block.DeletedBlockLogImpl (DeletedBlockLogImpl.java:commitTransactions(205)) - Transaction txId=1 commit by dnId=2573df58-4087-4dd0-8598-5abddcc696b9 for containerID=#1 failed. Corresponding entry not found.
2019-06-13 21:52:13,431 DEBUG block.DeletedBlockLogImpl (DeletedBlockLogImpl.java:isTransactionFailed(245)) - Got block deletion ACK from datanode, TXIDs=1, success=true
2019-06-13 21:52:13,431 WARN  block.DeletedBlockLogImpl (DeletedBlockLogImpl.java:commitTransactions(205)) - Transaction txId=1 commit by dnId=2573df58-4087-4dd0-8598-5abddcc696b9 for containerID=#1 failed. Corresponding entry not found.
2019-06-13 21:52:13,431 DEBUG block.DeletedBlockLogImpl (DeletedBlockLogImpl.java:isTransactionFailed(245)) - Got block deletion ACK from datanode, TXIDs=1, success=true
2019-06-13 21:52:13,431 WARN  block.DeletedBlockLogImpl (DeletedBlockLogImpl.java:commitTransactions(205)) - Transaction txId=1 commit by dnId=2573df58-4087-4dd0-8598-5abddcc696b9 for containerID=#1 failed. Corresponding entry not found.
2019-06-13 21:52:13,431 DEBUG block.DeletedBlockLogImpl (DeletedBlockLogImpl.java:isTransactionFailed(245)) - Got block deletion ACK from datanode, TXIDs=1, success=true
2019-06-13 21:52:13,431 WARN  block.DeletedBlockLogImpl (DeletedBlockLogImpl.java:commitTransactions(205)) - Transaction txId=1 commit by dnId=2573df58-4087-4dd0-8598-5abddcc696b9 for containerID=#1 failed. Corresponding entry not found.
2019-06-13 21:52:13,431 DEBUG block.DeletedBlockLogImpl (DeletedBlockLogImpl.java:isTransactionFailed(245)) - Got block deletion ACK from datanode, TXIDs=1, success=true
2019-06-13 21:52:13,432 WARN  block.DeletedBlockLogImpl (DeletedBlockLogImpl.java:commitTransactions(205)) - Transaction txId=1 commit by dnId=2573df58-4087-4dd0-8598-5abddcc696b9 for containerID=#1 failed. Corresponding entry not found.
2019-06-13 21:52:13,431 INFO  commandhandler.DeleteBlocksCommandHandler (DeleteBlocksCommandHandler.java:handle(106)) - Start to delete container blocks, TXIDs=[1(0),2(0),3(0)], numOfContainers=3, numOfBlocks=553
2019-06-13 21:52:13,432 DEBUG block.DeletedBlockLogImpl (DeletedBlockLogImpl.java:isTransactionFailed(245)) - Got block deletion ACK from datanode, TXIDs=1, success=true
2019-06-13 21:52:13,432 WARN  block.DeletedBlockLogImpl (DeletedBlockLogImpl.java:commitTransactions(205)) - Transaction txId=1 commit by dnId=2573df58-4087-4dd0-8598-5abddcc696b9 for containerID=#1 failed. Corresponding entry not found.
2019-06-13 21:52:13,432 DEBUG block.DeletedBlockLogImpl (DeletedBlockLogImpl.java:isTransactionFailed(245)) - Got block deletion ACK from datanode, TXIDs=1, success=true
2019-06-13 21:52:13,432 WARN  block.DeletedBlockLogImpl (DeletedBlockLogImpl.java:commitTransactions(205)) - Transaction txId=1 commit by dnId=2573df58-4087-4dd0-8598-5abddcc696b9 for containerID=#1 failed. Corresponding entry not found.
2019-06-13 21:52:13,432 DEBUG block.DeletedBlockLogImpl (DeletedBlockLogImpl.java:isTransactionFailed(245)) - Got block deletion ACK from datanode, TXIDs=1, success=true
2019-06-13 21:52:13,432 WARN  block.DeletedBlockLogImpl (DeletedBlockLogImpl.java:commitTransactions(205)) - Transaction txId=1 commit by dnId=2573df58-4087-4dd0-8598-5abddcc696b9 for containerID=#1 failed. Corresponding entry not found.
2019-06-13 21:52:13,432 DEBUG block.DeletedBlockLogImpl (DeletedBlockLogImpl.java:isTransactionFailed(245)) - Got block deletion ACK from datanode, TXIDs=1, success=true
2019-06-13 21:52:13,432 WARN  block.DeletedBlockLogImpl (DeletedBlockLogImpl.java:commitTransactions(205)) - Transaction txId=1 commit by dnId=2573df58-4087-4dd0-8598-5abddcc696b9 for containerID=#1 failed. Corresponding entry not found.
2019-06-13 21:52:13,432 DEBUG block.DeletedBlockLogImpl (DeletedBlockLogImpl.java:isTransactionFailed(245)) - Got block deletion ACK from datanode, TXIDs=1, success=true
2019-06-13 21:52:13,432 WARN  block.DeletedBlockLogImpl (DeletedBlockLogImpl.java:commitTransactions(205)) - Transaction txId=1 commit by dnId=2573df58-4087-4dd0-8598-5abddcc696b9 for containerID=#1 failed. Corresponding entry not found.
2019-06-13 21:52:13,433 DEBUG block.DeletedBlockLogImpl (DeletedBlockLogImpl.java:isTransactionFailed(245)) - Got block deletion ACK from datanode, TXIDs=1, success=true
2019-06-13 21:52:13,433 INFO  commandhandler.DeleteBlocksCommandHandler (DeletedBlockLogImpl.java:commitTransactions(205)) - Transaction txId=1 commit by dnId=2573df58-4087-4dd0-8598-5abddcc696b9 for containerID=#1 failed. Corresponding entry not found.
2019-06-13 21:52:13,433 DEBUG block.DeletedBlockLogImpl (DeleteBlocksCommandHandler.java:handle(106)) - Start to delete container blocks, TXIDs=[1(0),2(0),3(0)], numOfContainers=3, numOfBlocks=553
DeletedBlockLogImpl.java:isTransactionFailed(245)) - Got block deletion ACK from datanode, TXIDs=1, success=true
2019-06-13 21:52:13,433 WARN  block.DeletedBlockLogImpl (DeletedBlockLogImpl.java:commitTransactions(205)) - Transaction txId=1 commit by dnId=2573df58-4087-4dd0-8598-5abddcc696b9 for containerID=#1 failed. Corresponding entry not found.
2019-06-13 21:52:13,433 DEBUG block.DeletedBlockLogImpl (DeletedBlockLogImpl.java:isTransactionFailed(245)) - Got block deletion ACK from datanode, TXIDs=1, success=true
2019-06-13 21:52:13,433 WARN  block.DeletedBlockLogImpl (DeletedBlockLogImpl.java:commitTransactions(205)) - Transaction txId=1 commit by dnId=2573df58-4087-4dd0-8598-5abddcc696b9 for containerID=#1 failed. Corresponding entry not found.
2019-06-13 21:52:13,433 DEBUG block.DeletedBlockLogImpl (DeletedBlockLogImpl.java:isTransactionFailed(245)) - Got block deletion ACK from datanode, TXIDs=1, success=true
2019-06-13 21:52:13,433 WARN  block.DeletedBlockLogImpl (DeletedBlockLogImpl.java:commitTransactions(205)) - Transaction txId=1 commit by dnId=2573df58-4087-4dd0-8598-5abddcc696b9 for containerID=#1 failed. Corresponding entry not found.
2019-06-13 21:52:13,433 INFO  commandhandler.DeleteBlocksCommandHandler (DeleteBlocksCommandHandler.java:handle(106)) - Start to delete container blocks, TXIDs=[1(0),2(0),3(0)], numOfContainers=3, numOfBlocks=553
2019-06-13 21:52:13,433 DEBUG block.DeletedBlockLogImpl (DeletedBlockLogImpl.java:isTransactionFailed(245)) - Got block deletion ACK from datanode, TXIDs=1, success=true
2019-06-13 21:52:13,433 WARN  block.DeletedBlockLogImpl (DeletedBlockLogImpl.java:commitTransactions(205)) - Transaction txId=1 commit by dnId=2573df58-4087-4dd0-8598-5abddcc696b9 for containerID=#1 failed. Corresponding entry not found.
2019-06-13 21:52:13,433 DEBUG block.DeletedBlockLogImpl (DeletedBlockLogImpl.java:isTransactionFailed(245)) - Got block deletion ACK from datanode, TXIDs=1, success=true
2019-06-13 21:52:13,433 WARN  block.DeletedBlockLogImpl (DeletedBlockLogImpl.java:commitTransactions(205)) - Transaction txId=1 commit by dnId=2573df58-4087-4dd0-8598-5abddcc696b9 for containerID=#1 failed. Corresponding entry not found.
2019-06-13 21:52:13,433 DEBUG block.DeletedBlockLogImpl (DeletedBlockLogImpl.java:isTransactionFailed(245)) - Got block deletion ACK from datanode, TXIDs=1, success=true
2019-06-13 21:52:13,434 WARN  block.DeletedBlockLogImpl (DeletedBlockLogImpl.java:commitTransactions(205)) - Transaction txId=1 commit by dnId=2573df58-4087-4dd0-8598-5abddcc696b9 for containerID=#1 failed. Corresponding entry not found.
2019-06-13 21:52:13,434 DEBUG block.DeletedBlockLogImpl (DeletedBlockLogImpl.java:isTransactionFailed(245)) - Got block deletion ACK from datanode, TXIDs=1, success=true
2019-06-13 21:52:13,434 WARN  block.DeletedBlockLogImpl (DeletedBlockLogImpl.java:commitTransactions(205)) - Transaction txId=1 commit by dnId=2573df58-4087-4dd0-8598-5abddcc696b9 for containerID=#1 failed. Corresponding entry not found.
2019-06-13 21:52:13,434 DEBUG block.DeletedBlockLogImpl (DeletedBlockLogImpl.java:isTransactionFailed(245)) - Got block deletion ACK from datanode, TXIDs=1, success=true
2019-06-13 21:52:13,434 WARN  block.DeletedBlockLogImpl (DeletedBlockLogImpl.java:commitTransactions(205)) - Transaction txId=1 commit by dnId=2573df58-4087-4dd0-8598-5abddcc696b9 for containerID=#1 failed. Corresponding entry not found.
2019-06-13 21:52:13,434 DEBUG block.DeletedBlockLogImpl (DeletedBlockLogImpl.java:isTransactionFailed(245)) - Got block deletion ACK from datanode, TXIDs=1, success=true
2019-06-13 21:52:13,434 WARN  block.DeletedBlockLogImpl (DeletedBlockLogImpl.java:commitTransactions(205)) - Transaction txId=1 commit by dnId=2573df58-4087-4dd0-8598-5abddcc696b9 for containerID=#1 failed. Corresponding entry not found.
2019-06-13 21:52:13,434 INFO  commandhandler.DeleteBlocksCommandHandler (DeletedBlockLogImpl.java:isTransactionFailed(245)) - Got block deletion ACK from datanode, TXIDs=1, success=true
2019-06-13 21:52:13,434 WARN  block.DeletedBlockLogImpl (DeleteBlocksCommandHandler.java:handle(106)) - Start to delete container blocks, TXIDs=[1(0),2(0),3(0)], numOfContainers=3, numOfBlocks=553
DeletedBlockLogImpl.java:commitTransactions(205)) - Transaction txId=1 commit by dnId=2573df58-4087-4dd0-8598-5abddcc696b9 for containerID=#1 failed. Corresponding entry not found.
2019-06-13 21:52:13,434 DEBUG block.DeletedBlockLogImpl (DeletedBlockLogImpl.java:isTransactionFailed(245)) - Got block deletion ACK from datanode, TXIDs=1, success=true
2019-06-13 21:52:13,434 WARN  block.DeletedBlockLogImpl (DeletedBlockLogImpl.java:commitTransactions(205)) - Transaction txId=1 commit by dnId=2573df58-4087-4dd0-8598-5abddcc696b9 for containerID=#1 failed. Corresponding entry not found.
2019-06-13 21:52:13,434 DEBUG block.DeletedBlockLogImpl (DeletedBlockLogImpl.java:isTransactionFailed(245)) - Got block deletion ACK from datanode, TXIDs=1, success=true
2019-06-13 21:52:13,434 INFO  commandhandler.DeleteBlocksCommandHandler (DeleteBlocksCommandHandler.java:handle(106)) - Start to delete container blocks, TXIDs=[1(0),2(0),3(0)], numOfContainers=3, numOfBlocks=553
2019-06-13 21:52:13,435 WARN  block.DeletedBlockLogImpl (DeletedBlockLogImpl.java:commitTransactions(205)) - Transaction txId=1 commit by dnId=2573df58-4087-4dd0-8598-5abddcc696b9 for containerID=#1 failed. Corresponding entry not found.
2019-06-13 21:52:13,435 DEBUG block.DeletedBlockLogImpl (DeletedBlockLogImpl.java:isTransactionFailed(245)) - Got block deletion ACK from datanode, TXIDs=1, success=true
2019-06-13 21:52:13,435 WARN  block.DeletedBlockLogImpl (DeletedBlockLogImpl.java:commitTransactions(205)) - Transaction txId=1 commit by dnId=2573df58-4087-4dd0-8598-5abddcc696b9 for containerID=#1 failed. Corresponding entry not found.
2019-06-13 21:52:13,435 DEBUG block.DeletedBlockLogImpl (DeletedBlockLogImpl.java:isTransactionFailed(245)) - Got block deletion ACK from datanode, TXIDs=1, success=true
2019-06-13 21:52:13,435 WARN  block.DeletedBlockLogImpl (DeletedBlockLogImpl.java:commitTransactions(205)) - Transaction txId=1 commit by dnId=2573df58-4087-4dd0-8598-5abddcc696b9 for containerID=#1 failed. Corresponding entry not found.
2019-06-13 21:52:13,435 DEBUG block.DeletedBlockLogImpl (DeletedBlockLogImpl.java:isTransactionFailed(245)) - Got block deletion ACK from datanode, TXIDs=1, success=true
2019-06-13 21:52:13,435 WARN  block.DeletedBlockLogImpl (DeletedBlockLogImpl.java:commitTransactions(205)) - Transaction txId=1 commit by dnId=2573df58-4087-4dd0-8598-5abddcc696b9 for containerID=#1 failed. Corresponding entry not found.
2019-06-13 21:52:13,435 DEBUG block.DeletedBlockLogImpl (DeletedBlockLogImpl.java:isTransactionFailed(245)) - Got block deletion ACK from datanode, TXIDs=1, success=true
2019-06-13 21:52:13,435 WARN  block.DeletedBlockLogImpl (DeletedBlockLogImpl.java:commitTransactions(205)) - Transaction txId=1 commit by dnId=2573df58-4087-4dd0-8598-5abddcc696b9 for containerID=#1 failed. Corresponding entry not found.
2019-06-13 21:52:13,435 DEBUG block.DeletedBlockLogImpl (DeletedBlockLogImpl.java:isTransactionFailed(245)) - Got block deletion ACK from datanode, TXIDs=1, success=true
2019-06-13 21:52:13,435 WARN  block.DeletedBlockLogImpl (DeletedBlockLogImpl.java:commitTransactions(205)) - Transaction txId=1 commit by dnId=2573df58-4087-4dd0-8598-5abddcc696b9 for containerID=#1 failed. Corresponding entry not found.
2019-06-13 21:52:13,436 INFO  commandhandler.DeleteBlocksCommandHandler (DeletedBlockLogImpl.java:isTransactionFailed(245)) - Got block deletion ACK from datanode, TXIDs=1, success=true
2019-06-13 21:52:13,436 WARN  block.DeletedBlockLogImpl (DeletedBlockLogImpl.java:commitTransactions(205)) - Transaction txId=1 commit by dnId=2573df58-4087-4dd0-8598-5abddcc696b9 for containerID=#1 failed. Corresponding entry not found.
2019-06-13 21:52:13,436 DEBUG block.DeletedBlockLogImpl (DeletedBlockLogImpl.java:isTransactionFailed(245)) - Got block deletion ACK from datanode, TXIDs=1, success=true
2019-06-13 21:52:13,436 WARN  block.DeletedBlockLogImpl (DeletedBlockLogImpl.java:commitTransactions(205)) - Transaction txId=1 commit by dnId=2573df58-4087-4dd0-8598-5abddcc696b9 for containerID=#1 failed. Corresponding entry not found.
2019-06-13 21:52:13,436 DEBUG block.DeletedBlockLogImpl (DeletedBlockLogImpl.java:isTransactionFailed(245)) - Got block deletion ACK from datanode, TXIDs=1, success=true
2019-06-13 21:52:13,436 WARN  block.DeletedBlockLogImpl (DeletedBlockLogImpl.java:commitTransactions(205)) - Transaction txId=1 commit by dnId=2573df58-4087-4dd0-8598-5abddcc696b9 for containerID=#1 failed. Corresponding entry not found.
2019-06-13 21:52:13,436 DEBUG block.DeletedBlockLogImpl (DeletedBlockLogImpl.java:isTransactionFailed(245)) - Got block deletion ACK from datanode, TXIDs=1, success=true
2019-06-13 21:52:13,436 WARN  block.DeletedBlockLogImpl (DeletedBlockLogImpl.java:commitTransactions(205)) - Transaction txId=1 commit by dnId=2573df58-4087-4dd0-8598-5abddcc696b9 for containerID=#1 failed. Corresponding entry not found.
2019-06-13 21:52:13,436 DEBUG block.DeletedBlockLogImpl (DeletedBlockLogImpl.java:isTransactionFailed(245)) - Got block deletion ACK from datanode, TXIDs=1, success=true
2019-06-13 21:52:13,436 WARN  block.DeletedBlockLogImpl (DeletedBlockLogImpl.java:commitTransactions(205)) - Transaction txId=1 commit by dnId=2573df58-4087-4dd0-8598-5abddcc696b9 for containerID=#1 failed. Corresponding entry not found.
2019-06-13 21:52:13,436 DEBUG block.DeletedBlockLogImpl (DeletedBlockLogImpl.java:isTransactionFailed(245)) - Got block deletion ACK from datanode, TXIDs=1, success=true
2019-06-13 21:52:13,436 WARN  block.DeletedBlockLogImpl (DeletedBlockLogImpl.java:commitTransactions(205)) - Transaction txId=1 commit by dnId=2573df58-4087-4dd0-8598-5abddcc696b9 for containerID=#1 failed. Corresponding entry not found.
2019-06-13 21:52:13,436 DEBUG block.DeletedBlockLogImpl (DeletedBlockLogImpl.java:isTransactionFailed(245)) - Got block deletion ACK from datanode, TXIDs=1, success=true
2019-06-13 21:52:13,436 WARN  block.DeletedBlockLogImpl (DeletedBlockLogImpl.java:commitTransactions(205)) - Transaction txId=1 commit by dnId=2573df58-4087-4dd0-8598-5abddcc696b9 for containerID=#1 failed. Corresponding entry not found.
2019-06-13 21:52:13,436 DEBUG block.DeletedBlockLogImpl (DeletedBlockLogImpl.java:isTransactionFailed(245)) - Got block deletion ACK from datanode, TXIDs=1, success=true
2019-06-13 21:52:13,437 WARN  block.DeletedBlockLogImpl (DeletedBlockLogImpl.java:commitTransactions(205)) - Transaction txId=1 commit by dnId=2573df58-4087-4dd0-8598-5abddcc696b9 for containerID=#1 failed. Corresponding entry not found.
2019-06-13 21:52:13,437 DEBUG block.DeletedBlockLogImpl (DeletedBlockLogImpl.java:isTransactionFailed(245)) - Got block deletion ACK from datanode, TXIDs=1, success=true
2019-06-13 21:52:13,437 WARN  block.DeletedBlockLogImpl (DeletedBlockLogImpl.java:commitTransactions(205)) - Transaction txId=1 commit by dnId=2573df58-4087-4dd0-8598-5abddcc696b9 for containerID=#1 failed. Corresponding entry not found.
2019-06-13 21:52:13,437 DEBUG block.DeletedBlockLogImpl (DeletedBlockLogImpl.java:isTransactionFailed(245)) - Got block deletion ACK from datanode, TXIDs=1, success=true
2019-06-13 21:52:13,437 WARN  block.DeletedBlockLogImpl (DeletedBlockLogImpl.java:commitTransactions(205)) - Transaction txId=1 commit by dnId=2573df58-4087-4dd0-8598-5abddcc696b9 for containerID=#1 failed. Corresponding entry not found.
2019-06-13 21:52:13,437 DEBUG block.DeletedBlockLogImpl (DeletedBlockLogImpl.java:isTransactionFailed(245)) - Got block deletion ACK from datanode, TXIDs=1, success=true
2019-06-13 21:52:13,437 WARN  block.DeletedBlockLogImpl (DeletedBlockLogImpl.java:commitTransactions(205)) - Transaction txId=1 commit by dnId=2573df58-4087-4dd0-8598-5abddcc696b9 for containerID=#1 failed. Corresponding entry not found.
2019-06-13 21:52:13,437 DEBUG block.DeletedBlockLogImpl (DeletedBlockLogImpl.java:isTransactionFailed(245)) - Got block deletion ACK from datanode, TXIDs=1, success=true
2019-06-13 21:52:13,437 WARN  block.DeletedBlockLogImpl (DeletedBlockLogImpl.java:commitTransactions(205)) - Transaction txId=1 commit by dnId=2573df58-4087-4dd0-8598-5abddcc696b9 for containerID=#1 failed. Corresponding entry not found.
2019-06-13 21:52:13,437 DEBUG block.DeletedBlockLogImpl (DeletedBlockLogImpl.java:isTransactionFailed(245)) - Got block deletion ACK from datanode, TXIDs=1, success=true
2019-06-13 21:52:13,437 WARN  block.DeletedBlockLogImpl (DeletedBlockLogImpl.java:commitTransactions(205)) - Transaction txId=1 commit by dnId=2573df58-4087-4dd0-8598-5abddcc696b9 for containerID=#1 failed. Corresponding entry not found.
2019-06-13 21:52:13,437 DEBUG block.DeletedBlockLogImpl (DeletedBlockLogImpl.java:isTransactionFailed(245)) - Got block deletion ACK from datanode, TXIDs=1, success=true
2019-06-13 21:52:13,437 WARN  block.DeletedBlockLogImpl (DeletedBlockLogImpl.java:commitTransactions(205)) - Transaction txId=1 commit by dnId=2573df58-4087-4dd0-8598-5abddcc696b9 for containerID=#1 failed. Corresponding entry not found.
2019-06-13 21:52:13,437 DEBUG block.DeletedBlockLogImpl (DeletedBlockLogImpl.java:isTransactionFailed(245)) - Got block deletion ACK from datanode, TXIDs=1, success=true
2019-06-13 21:52:13,437 WARN  block.DeletedBlockLogImpl (DeletedBlockLogImpl.java:commitTransactions(205)) - Transaction txId=1 commit by dnId=2573df58-4087-4dd0-8598-5abddcc696b9 for containerID=#1 failed. Corresponding entry not found.
2019-06-13 21:52:13,437 DEBUG block.DeletedBlockLogImpl (DeletedBlockLogImpl.java:isTransactionFailed(245)) - Got block deletion ACK from datanode, TXIDs=1, success=true
2019-06-13 21:52:13,438 WARN  block.DeletedBlockLogImpl (DeletedBlockLogImpl.java:commitTransactions(205)) - Transaction txId=1 commit by dnId=2573df58-4087-4dd0-8598-5abddcc696b9 for containerID=#1 failed. Corresponding entry not found.
2019-06-13 21:52:13,438 DEBUG block.DeletedBlockLogImpl (DeletedBlockLogImpl.java:isTransactionFailed(245)) - Got block deletion ACK from datanode, TXIDs=1, success=true
2019-06-13 21:52:13,438 WARN  block.DeletedBlockLogImpl (DeletedBlockLogImpl.java:commitTransactions(205)) - Transaction txId=1 commit by dnId=2573df58-4087-4dd0-8598-5abddcc696b9 for containerID=#1 failed. Corresponding entry not found.
2019-06-13 21:52:13,436 INFO  commandhandler.DeleteBlocksCommandHandler (DeleteBlocksCommandHandler.java:handle(106)) - Start to delete container blocks, TXIDs=[1(0),2(0),3(0)], numOfContainers=3, numOfBlocks=553
2019-06-13 21:52:13,439 INFO  commandhandler.DeleteBlocksCommandHandler (DeleteBlocksCommandHandler.java:handle(106)) - Start to delete container blocks, TXIDs=[1(0),2(0),3(0)], numOfContainers=3, numOfBlocks=553
2019-06-13 21:52:13,440 INFO  commandhandler.DeleteBlocksCommandHandler (DeleteBlocksCommandHandler.java:handle(106)) - Start to delete container blocks, TXIDs=[1(0),2(0),3(0)], numOfContainers=3, numOfBlocks=553
2019-06-13 21:52:13,441 INFO  commandhandler.DeleteBlocksCommandHandler (DeleteBlocksCommandHandler.java:handle(106)) - Start to delete container blocks, TXIDs=[1(0),2(0),3(0)], numOfContainers=3, numOfBlocks=553
2019-06-13 21:52:13,441 INFO  commandhandler.DeleteBlocksCommandHandler (DeleteBlocksCommandHandler.java:handle(106)) - Start to delete container blocks, TXIDs=[1(0),2(0),3(0)], numOfContainers=3, numOfBlocks=553
2019-06-13 21:52:13,442 INFO  commandhandler.DeleteBlocksCommandHandler (DeleteBlocksCommandHandler.java:handle(106)) - Start to delete container blocks, TXIDs=[1(0),2(0),3(0)], numOfContainers=3, numOfBlocks=553
2019-06-13 21:52:13,443 DEBUG block.SCMBlockDeletingService (SCMBlockDeletingService.java:call(138)) - Running DeletedBlockTransactionScanner
2019-06-13 21:52:13,443 DEBUG block.SCMBlockDeletingService (SCMBlockDeletingService.java:call(155)) - Scanned deleted blocks log and got 0 delTX to process.
2019-06-13 21:52:13,443 INFO  commandhandler.DeleteBlocksCommandHandler (DeleteBlocksCommandHandler.java:handle(106)) - Start to delete container blocks, TXIDs=[1(0),2(0),3(0)], numOfContainers=3, numOfBlocks=553
2019-06-13 21:52:13,444 INFO  commandhandler.DeleteBlocksCommandHandler (DeleteBlocksCommandHandler.java:handle(106)) - Start to delete container blocks, TXIDs=[1(0),2(0),3(0)], numOfContainers=3, numOfBlocks=553
2019-06-13 21:52:13,445 INFO  commandhandler.DeleteBlocksCommandHandler (DeleteBlocksCommandHandler.java:handle(106)) - Start to delete container blocks, TXIDs=[1(0),2(0),3(0)], numOfContainers=3, numOfBlocks=553
2019-06-13 21:52:13,446 INFO  commandhandler.DeleteBlocksCommandHandler (DeleteBlocksCommandHandler.java:handle(106)) - Start to delete container blocks, TXIDs=[1(0),2(0),3(0)], numOfContainers=3, numOfBlocks=553
2019-06-13 21:52:13,447 INFO  commandhandler.DeleteBlocksCommandHandler (DeleteBlocksCommandHandler.java:handle(106)) - Start to delete container blocks, TXIDs=[1(0),2(0),3(0)], numOfContainers=3, numOfBlocks=553
2019-06-13 21:52:13,448 INFO  commandhandler.DeleteBlocksCommandHandler (DeleteBlocksCommandHandler.java:handle(106)) - Start to delete container blocks, TXIDs=[1(0),2(0),3(0)], numOfContainers=3, numOfBlocks=553
2019-06-13 21:52:13,449 INFO  commandhandler.DeleteBlocksCommandHandler (DeleteBlocksCommandHandler.java:handle(106)) - Start to delete container blocks, TXIDs=[1(0),2(0),3(0)], numOfContainers=3, numOfBlocks=553
2019-06-13 21:52:13,449 INFO  commandhandler.DeleteBlocksCommandHandler (DeleteBlocksCommandHandler.java:handle(106)) - Start to delete container blocks, TXIDs=[1(0),2(0),3(0)], numOfContainers=3, numOfBlocks=553
2019-06-13 21:52:13,450 INFO  commandhandler.DeleteBlocksCommandHandler (DeleteBlocksCommandHandler.java:handle(106)) - Start to delete container blocks, TXIDs=[1(0),2(0),3(0)], numOfContainers=3, numOfBlocks=553
2019-06-13 21:52:13,451 INFO  commandhandler.DeleteBlocksCommandHandler (DeleteBlocksCommandHandler.java:handle(106)) - Start to delete container blocks, TXIDs=[1(0),2(0),3(0)], numOfContainers=3, numOfBlocks=553
2019-06-13 21:52:13,452 INFO  commandhandler.DeleteBlocksCommandHandler (DeleteBlocksCommandHandler.java:handle(106)) - Start to delete container blocks, TXIDs=[1(0),2(0),3(0)], numOfContainers=3, numOfBlocks=553
2019-06-13 21:52:13,453 INFO  commandhandler.DeleteBlocksCommandHandler (DeleteBlocksCommandHandler.java:handle(106)) - Start to delete container blocks, TXIDs=[1(0),2(0),3(0)], numOfContainers=3, numOfBlocks=553
2019-06-13 21:52:13,453 INFO  commandhandler.DeleteBlocksCommandHandler (DeleteBlocksCommandHandler.java:handle(106)) - Start to delete container blocks, TXIDs=[1(0),2(0),3(0)], numOfContainers=3, numOfBlocks=553
2019-06-13 21:52:13,454 INFO  commandhandler.DeleteBlocksCommandHandler (DeleteBlocksCommandHandler.java:handle(106)) - Start to delete container blocks, TXIDs=[1(0),2(0),3(0)], numOfContainers=3, numOfBlocks=553
2019-06-13 21:52:13,455 INFO  commandhandler.DeleteBlocksCommandHandler (DeleteBlocksCommandHandler.java:handle(106)) - Start to delete container blocks, TXIDs=[1(0),2(0),3(0)], numOfContainers=3, numOfBlocks=553
2019-06-13 21:52:13,455 INFO  commandhandler.DeleteBlocksCommandHandler (DeleteBlocksCommandHandler.java:handle(106)) - Start to delete container blocks, TXIDs=[1(0),2(0),3(0)], numOfContainers=3, numOfBlocks=553
2019-06-13 21:52:13,456 INFO  commandhandler.DeleteBlocksCommandHandler (DeleteBlocksCommandHandler.java:handle(106)) - Start to delete container blocks, TXIDs=[1(0),2(0),3(0)], numOfContainers=3, numOfBlocks=553
2019-06-13 21:52:13,456 INFO  commandhandler.DeleteBlocksCommandHandler (DeleteBlocksCommandHandler.java:handle(106)) - Start to delete container blocks, TXIDs=[1(0),2(0),3(0)], numOfContainers=3, numOfBlocks=553
2019-06-13 21:52:13,457 INFO  commandhandler.DeleteBlocksCommandHandler (DeleteBlocksCommandHandler.java:handle(106)) - Start to delete container blocks, TXIDs=[1(0),2(0),3(0)], numOfContainers=3, numOfBlocks=553
2019-06-13 21:52:13,458 INFO  commandhandler.DeleteBlocksCommandHandler (DeleteBlocksCommandHandler.java:handle(106)) - Start to delete container blocks, TXIDs=[1(0),2(0),3(0)], numOfContainers=3, numOfBlocks=553
2019-06-13 21:52:13,458 INFO  commandhandler.DeleteBlocksCommandHandler (DeleteBlocksCommandHandler.java:handle(106)) - Start to delete container blocks, TXIDs=[1(0),2(0),3(0)], numOfContainers=3, numOfBlocks=553
2019-06-13 21:52:13,459 INFO  commandhandler.DeleteBlocksCommandHandler (DeleteBlocksCommandHandler.java:handle(106)) - Start to delete container blocks, TXIDs=[1(0),2(0),3(0)], numOfContainers=3, numOfBlocks=553
2019-06-13 21:52:13,460 INFO  commandhandler.DeleteBlocksCommandHandler (DeleteBlocksCommandHandler.java:handle(106)) - Start to delete container blocks, TXIDs=[1(0),2(0),3(0)], numOfContainers=3, numOfBlocks=553
2019-06-13 21:52:13,461 INFO  commandhandler.DeleteBlocksCommandHandler (DeleteBlocksCommandHandler.java:handle(106)) - Start to delete container blocks, TXIDs=[1(0),2(0),3(0)], numOfContainers=3, numOfBlocks=553
2019-06-13 21:52:13,462 INFO  commandhandler.DeleteBlocksCommandHandler (DeleteBlocksCommandHandler.java:handle(106)) - Start to delete container blocks, TXIDs=[1(0),2(0),3(0)], numOfContainers=3, numOfBlocks=553
2019-06-13 21:52:13,463 INFO  commandhandler.DeleteBlocksCommandHandler (DeleteBlocksCommandHandler.java:handle(106)) - Start to delete container blocks, TXIDs=[1(0),2(0),3(0)], numOfContainers=3, numOfBlocks=553
2019-06-13 21:52:13,463 INFO  commandhandler.DeleteBlocksCommandHandler (DeleteBlocksCommandHandler.java:handle(106)) - Start to delete container blocks, TXIDs=[1(0),2(0),3(0)], numOfContainers=3, numOfBlocks=553
2019-06-13 21:52:13,464 INFO  commandhandler.DeleteBlocksCommandHandler (DeleteBlocksCommandHandler.java:handle(106)) - Start to delete container blocks, TXIDs=[1(0),2(0),3(0)], numOfContainers=3, numOfBlocks=553
2019-06-13 21:52:13,464 INFO  commandhandler.DeleteBlocksCommandHandler (DeleteBlocksCommandHandler.java:handle(106)) - Start to delete container blocks, TXIDs=[1(0),2(0),3(0)], numOfContainers=3, numOfBlocks=553
2019-06-13 21:52:13,465 INFO  commandhandler.DeleteBlocksCommandHandler (DeleteBlocksCommandHandler.java:handle(106)) - Start to delete container blocks, TXIDs=[1(0),2(0),3(0)], numOfContainers=3, numOfBlocks=553
2019-06-13 21:52:13,466 INFO  commandhandler.DeleteBlocksCommandHandler (DeleteBlocksCommandHandler.java:handle(106)) - Start to delete container blocks, TXIDs=[1(0),2(0),3(0)], numOfContainers=3, numOfBlocks=553
2019-06-13 21:52:13,483 INFO  commands.RetriableDatanodeEventWatcher (RetriableDatanodeEventWatcher.java:onTimeout(47)) - RetriableDatanodeCommand type=deleteBlocksCommand with id=1560462722285 timed out. Retrying.
2019-06-13 21:52:13,491 INFO  commandhandler.DeleteBlocksCommandHandler (DeleteBlocksCommandHandler.java:handle(106)) - Start to delete container blocks, TXIDs=[1(0),2(0),3(0)], numOfContainers=3, numOfBlocks=553
2019-06-13 21:52:13,492 INFO  commandhandler.DeleteBlocksCommandHandler (DeleteBlocksCommandHandler.java:handle(106)) - Start to delete container blocks, TXIDs=[1(0),2(0),3(0)], numOfContainers=3, numOfBlocks=553
2019-06-13 21:52:13,492 INFO  commandhandler.DeleteBlocksCommandHandler (DeleteBlocksCommandHandler.java:handle(106)) - Start to delete container blocks, TXIDs=[1(0),2(0),3(0)], numOfContainers=3, numOfBlocks=553
2019-06-13 21:52:13,493 INFO  commandhandler.DeleteBlocksCommandHandler (DeleteBlocksCommandHandler.java:handle(106)) - Start to delete container blocks, TXIDs=[1(0),2(0),3(0)], numOfContainers=3, numOfBlocks=553
2019-06-13 21:52:13,493 INFO  commands.RetriableDatanodeEventWatcher (RetriableDatanodeEventWatcher.java:onTimeout(47)) - RetriableDatanodeCommand type=deleteBlocksCommand with id=1560462722295 timed out. Retrying.
2019-06-13 21:52:13,493 INFO  commandhandler.DeleteBlocksCommandHandler (DeleteBlocksCommandHandler.java:handle(106)) - Start to delete container blocks, TXIDs=[1(0),2(0),3(0)], numOfContainers=3, numOfBlocks=553
2019-06-13 21:52:13,494 INFO  commandhandler.DeleteBlocksCommandHandler (DeleteBlocksCommandHandler.java:handle(106)) - Start to delete container blocks, TXIDs=[1(0),2(0),3(0)], numOfContainers=3, numOfBlocks=553
2019-06-13 21:52:13,494 INFO  storage.RaftLogWorker (RaftLogWorker.java:execute(469)) - 2573df58-4087-4dd0-8598-5abddcc696b9-RaftLogWorker: created new log segment /opt/src/hadoop-ozone/integration-test/target/test-dir/MiniOzoneClusterImpl-8578056e-9b7b-4e66-9e9f-ef53d5cd7c03/datanode-0/data/ratis/6861fd7f-16cc-4831-9cd5-9998b3f47c9c/current/log_inprogress_0
2019-06-13 21:52:13,495 INFO  commandhandler.DeleteBlocksCommandHandler (DeleteBlocksCommandHandler.java:handle(106)) - Start to delete container blocks, TXIDs=[1(0),2(0),3(0)], numOfContainers=3, numOfBlocks=553
2019-06-13 21:52:13,495 INFO  commandhandler.DeleteBlocksCommandHandler (DeleteBlocksCommandHandler.java:handle(106)) - Start to delete container blocks, TXIDs=[1(0),2(0),3(0)], numOfContainers=3, numOfBlocks=553
2019-06-13 21:52:13,496 INFO  commandhandler.DeleteBlocksCommandHandler (DeleteBlocksCommandHandler.java:handle(106)) - Start to delete container blocks, TXIDs=[1(0),2(0),3(0)], numOfContainers=3, numOfBlocks=553
2019-06-13 21:52:13,496 INFO  commandhandler.DeleteBlocksCommandHandler (DeleteBlocksCommandHandler.java:handle(106)) - Start to delete container blocks, TXIDs=[1(0),2(0),3(0)], numOfContainers=3, numOfBlocks=553
2019-06-13 21:52:13,497 INFO  commandhandler.DeleteBlocksCommandHandler (DeleteBlocksCommandHandler.java:handle(106)) - Start to delete container blocks, TXIDs=[1(0),2(0),3(0)], numOfContainers=3, numOfBlocks=553
2019-06-13 21:52:13,497 INFO  commandhandler.DeleteBlocksCommandHandler (DeleteBlocksCommandHandler.java:handle(106)) - Start to delete container blocks, TXIDs=[1(0),2(0),3(0)], numOfContainers=3, numOfBlocks=553
2019-06-13 21:52:13,498 INFO  commandhandler.DeleteBlocksCommandHandler (DeleteBlocksCommandHandler.java:handle(106)) - Start to delete container blocks, TXIDs=[1(0),2(0),3(0)], numOfContainers=3, numOfBlocks=553
2019-06-13 21:52:13,499 INFO  commandhandler.DeleteBlocksCommandHandler (DeleteBlocksCommandHandler.java:handle(106)) - Start to delete container blocks, TXIDs=[1(0),2(0),3(0)], numOfContainers=3, numOfBlocks=553
2019-06-13 21:52:13,499 INFO  commandhandler.DeleteBlocksCommandHandler (DeleteBlocksCommandHandler.java:handle(106)) - Start to delete container blocks, TXIDs=[1(0),2(0),3(0)], numOfContainers=3, numOfBlocks=553
2019-06-13 21:52:13,500 INFO  commandhandler.DeleteBlocksCommandHandler (DeleteBlocksCommandHandler.java:handle(106)) - Start to delete container blocks, TXIDs=[1(0),2(0),3(0)], numOfContainers=3, numOfBlocks=553
2019-06-13 21:52:13,500 INFO  commands.RetriableDatanodeEventWatcher (RetriableDatanodeEventWatcher.java:onTimeout(47)) - RetriableDatanodeCommand type=deleteBlocksCommand with id=1560462722305 timed out. Retrying.
2019-06-13 21:52:13,500 INFO  commandhandler.DeleteBlocksCommandHandler (DeleteBlocksCommandHandler.java:handle(106)) - Start to delete container blocks, TXIDs=[1(0),2(0),3(0)], numOfContainers=3, numOfBlocks=553
2019-06-13 21:52:13,501 INFO  commandhandler.DeleteBlocksCommandHandler (DeleteBlocksCommandHandler.java:handle(106)) - Start to delete container blocks, TXIDs=[1(0),2(0),3(0)], numOfContainers=3, numOfBlocks=553
2019-06-13 21:52:13,501 INFO  commandhandler.DeleteBlocksCommandHandler (DeleteBlocksCommandHandler.java:handle(106)) - Start to delete container blocks, TXIDs=[1(0),2(0),3(0)], numOfContainers=3, numOfBlocks=553
2019-06-13 21:52:13,502 INFO  commandhandler.DeleteBlocksCommandHandler (DeleteBlocksCommandHandler.java:handle(106)) - Start to delete container blocks, TXIDs=[1(0),2(0),3(0)], numOfContainers=3, numOfBlocks=553
2019-06-13 21:52:13,502 INFO  commandhandler.DeleteBlocksCommandHandler (DeleteBlocksCommandHandler.java:handle(106)) - Start to delete container blocks, TXIDs=[1(0),2(0),3(0)], numOfContainers=3, numOfBlocks=553
2019-06-13 21:52:13,503 INFO  commandhandler.DeleteBlocksCommandHandler (DeleteBlocksCommandHandler.java:handle(106)) - Start to delete container blocks, TXIDs=[1(0),2(0),3(0)], numOfContainers=3, numOfBlocks=553
2019-06-13 21:52:13,504 INFO  commandhandler.DeleteBlocksCommandHandler (DeleteBlocksCommandHandler.java:handle(106)) - Start to delete container blocks, TXIDs=[1(0),2(0),3(0)], numOfContainers=3, numOfBlocks=553
2019-06-13 21:52:13,504 INFO  commandhandler.DeleteBlocksCommandHandler (DeleteBlocksCommandHandler.java:handle(106)) - Start to delete container blocks, TXIDs=[1(0),2(0),3(0)], numOfContainers=3, numOfBlocks=553
2019-06-13 21:52:13,505 INFO  commandhandler.DeleteBlocksCommandHandler (DeleteBlocksCommandHandler.java:handle(106)) - Start to delete container blocks, TXIDs=[1(0),2(0),3(0)], numOfContainers=3, numOfBlocks=553
2019-06-13 21:52:13,505 INFO  commandhandler.DeleteBlocksCommandHandler (DeleteBlocksCommandHandler.java:handle(106)) - Start to delete container blocks, TXIDs=[1(0),2(0),3(0)], numOfContainers=3, numOfBlocks=553
2019-06-13 21:52:13,506 INFO  commandhandler.DeleteBlocksCommandHandler (DeleteBlocksCommandHandler.java:handle(106)) - Start to delete container blocks, TXIDs=[1(0),2(0),3(0)], numOfContainers=3, numOfBlocks=553
2019-06-13 21:52:13,506 INFO  commandhandler.DeleteBlocksCommandHandler (DeleteBlocksCommandHandler.java:handle(106)) - Start to delete container blocks, TXIDs=[1(0),2(0),3(0)], numOfContainers=3, numOfBlocks=553
2019-06-13 21:52:13,507 INFO  commandhandler.DeleteBlocksCommandHandler (DeleteBlocksCommandHandler.java:handle(106)) - Start to delete container blocks, TXIDs=[1(0),2(0),3(0)], numOfContainers=3, numOfBlocks=553
2019-06-13 21:52:13,507 INFO  commandhandler.DeleteBlocksCommandHandler (DeleteBlocksCommandHandler.java:handle(106)) - Start to delete container blocks, TXIDs=[1(0),2(0),3(0)], numOfContainers=3, numOfBlocks=553
2019-06-13 21:52:13,508 INFO  commandhandler.DeleteBlocksCommandHandler (DeleteBlocksCommandHandler.java:handle(106)) - Start to delete container blocks, TXIDs=[1(0),2(0),3(0)], numOfContainers=3, numOfBlocks=553
2019-06-13 21:52:13,509 INFO  commandhandler.DeleteBlocksCommandHandler (DeleteBlocksCommandHandler.java:handle(106)) - Start to delete container blocks, TXIDs=[1(0),2(0),3(0)], numOfContainers=3, numOfBlocks=553
2019-06-13 21:52:13,509 INFO  commandhandler.DeleteBlocksCommandHandler (DeleteBlocksCommandHandler.java:handle(106)) - Start to delete container blocks, TXIDs=[1(0),2(0),3(0)], numOfContainers=3, numOfBlocks=553
2019-06-13 21:52:13,510 INFO  commandhandler.DeleteBlocksCommandHandler (DeleteBlocksCommandHandler.java:handle(106)) - Start to delete container blocks, TXIDs=[1(0),2(0),3(0)], numOfContainers=3, numOfBlocks=553
2019-06-13 21:52:13,510 INFO  commandhandler.DeleteBlocksCommandHandler (DeleteBlocksCommandHandler.java:handle(106)) - Start to delete container blocks, TXIDs=[1(0),2(0),3(0)], numOfContainers=3, numOfBlocks=553
2019-06-13 21:52:13,511 INFO  commandhandler.DeleteBlocksCommandHandler (DeleteBlocksCommandHandler.java:handle(106)) - Start to delete container blocks, TXIDs=[1(0),2(0),3(0)], numOfContainers=3, numOfBlocks=553
2019-06-13 21:52:13,511 INFO  commands.RetriableDatanodeEventWatcher (RetriableDatanodeEventWatcher.java:onTimeout(47)) - RetriableDatanodeCommand type=deleteBlocksCommand with id=1560462722315 timed out. Retrying.
2019-06-13 21:52:13,511 INFO  commandhandler.DeleteBlocksCommandHandler (DeleteBlocksCommandHandler.java:handle(106)) - Start to delete container blocks, TXIDs=[1(0),2(0),3(0)], numOfContainers=3, numOfBlocks=553
2019-06-13 21:52:13,512 INFO  commandhandler.DeleteBlocksCommandHandler (DeleteBlocksCommandHandler.java:handle(106)) - Start to delete container blocks, TXIDs=[1(0),2(0),3(0)], numOfContainers=3, numOfBlocks=553
2019-06-13 21:52:13,513 INFO  commandhandler.DeleteBlocksCommandHandler (DeleteBlocksCommandHandler.java:handle(106)) - Start to delete container blocks, TXIDs=[1(0),2(0),3(0)], numOfContainers=3, numOfBlocks=553
2019-06-13 21:52:13,513 INFO  commandhandler.DeleteBlocksCommandHandler (DeleteBlocksCommandHandler.java:handle(106)) - Start to delete container blocks, TXIDs=[1(0),2(0),3(0)], numOfContainers=3, numOfBlocks=553
2019-06-13 21:52:13,514 INFO  commandhandler.DeleteBlocksCommandHandler (DeleteBlocksCommandHandler.java:handle(106)) - Start to delete container blocks, TXIDs=[1(0),2(0),3(0)], numOfContainers=3, numOfBlocks=553
2019-06-13 21:52:13,514 INFO  commandhandler.DeleteBlocksCommandHandler (DeleteBlocksCommandHandler.java:handle(106)) - Start to delete container blocks, TXIDs=[1(0),2(0),3(0)], numOfContainers=3, numOfBlocks=553
2019-06-13 21:52:13,515 INFO  commandhandler.DeleteBlocksCommandHandler (DeleteBlocksCommandHandler.java:handle(106)) - Start to delete container blocks, TXIDs=[1(0),2(0),3(0)], numOfContainers=3, numOfBlocks=553
2019-06-13 21:52:13,515 INFO  commandhandler.DeleteBlocksCommandHandler (DeleteBlocksCommandHandler.java:handle(106)) - Start to delete container blocks, TXIDs=[1(0),2(0),3(0)], numOfContainers=3, numOfBlocks=553
2019-06-13 21:52:13,516 INFO  commandhandler.DeleteBlocksCommandHandler (DeleteBlocksCommandHandler.java:handle(106)) - Start to delete container blocks, TXIDs=[1(0),2(0),3(0)], numOfContainers=3, numOfBlocks=553
2019-06-13 21:52:13,516 INFO  commandhandler.DeleteBlocksCommandHandler (DeleteBlocksCommandHandler.java:handle(106)) - Start to delete container blocks, TXIDs=[1(0),2(0),3(0)], numOfContainers=3, numOfBlocks=553
2019-06-13 21:52:13,517 INFO  commands.RetriableDatanodeEventWatcher (RetriableDatanodeEventWatcher.java:onTimeout(47)) - RetriableDatanodeCommand type=deleteBlocksCommand with id=1560462722325 timed out. Retrying.
2019-06-13 21:52:13,517 INFO  commandhandler.DeleteBlocksCommandHandler (DeleteBlocksCommandHandler.java:handle(106)) - Start to delete container blocks, TXIDs=[1(0),2(0),3(0)], numOfContainers=3, numOfBlocks=553
2019-06-13 21:52:13,518 INFO  commandhandler.DeleteBlocksCommandHandler (DeleteBlocksCommandHandler.java:handle(106)) - Start to delete container blocks, TXIDs=[1(0),2(0),3(0)], numOfContainers=3, numOfBlocks=553
2019-06-13 21:52:13,518 INFO  commandhandler.DeleteBlocksCommandHandler (DeleteBlocksCommandHandler.java:handle(106)) - Start to delete container blocks, TXIDs=[1(0),2(0),3(0)], numOfContainers=3, numOfBlocks=553
2019-06-13 21:52:13,519 INFO  commandhandler.DeleteBlocksCommandHandler (DeleteBlocksCommandHandler.java:handle(106)) - Start to delete container blocks, TXIDs=[1(0),2(0),3(0)], numOfContainers=3, numOfBlocks=553
2019-06-13 21:52:13,520 INFO  commandhandler.DeleteBlocksCommandHandler (DeleteBlocksCommandHandler.java:handle(106)) - Start to delete container blocks, TXIDs=[1(0),2(0),3(0)], numOfContainers=3, numOfBlocks=553
2019-06-13 21:52:13,521 INFO  commandhandler.DeleteBlocksCommandHandler (DeleteBlocksCommandHandler.java:handle(106)) - Start to delete container blocks, TXIDs=[1(0),2(0),3(0)], numOfContainers=3, numOfBlocks=553
2019-06-13 21:52:13,522 INFO  commandhandler.DeleteBlocksCommandHandler (DeleteBlocksCommandHandler.java:handle(106)) - Start to delete container blocks, TXIDs=[1(0),2(0),3(0)], numOfContainers=3, numOfBlocks=553
2019-06-13 21:52:13,523 INFO  commandhandler.DeleteBlocksCommandHandler (DeleteBlocksCommandHandler.java:handle(106)) - Start to delete container blocks, TXIDs=[1(0),2(0),3(0)], numOfContainers=3, numOfBlocks=553
2019-06-13 21:52:13,524 INFO  commandhandler.DeleteBlocksCommandHandler (DeleteBlocksCommandHandler.java:handle(106)) - Start to delete container blocks, TXIDs=[1(0),2(0),3(0)], numOfContainers=3, numOfBlocks=553
2019-06-13 21:52:13,525 INFO  commandhandler.DeleteBlocksCommandHandler (DeleteBlocksCommandHandler.java:handle(106)) - Start to delete container blocks, TXIDs=[1(0),2(0),3(0)], numOfContainers=3, numOfBlocks=553
2019-06-13 21:52:13,526 INFO  commandhandler.DeleteBlocksCommandHandler (DeleteBlocksCommandHandler.java:handle(106)) - Start to delete container blocks, TXIDs=[1(0),2(0),3(0)], numOfContainers=3, numOfBlocks=553
2019-06-13 21:52:13,526 INFO  commands.RetriableDatanodeEventWatcher (RetriableDatanodeEventWatcher.java:onTimeout(47)) - RetriableDatanodeCommand type=deleteBlocksCommand with id=1560462722335 timed out. Retrying.
2019-06-13 21:52:13,526 INFO  commandhandler.DeleteBlocksCommandHandler (DeleteBlocksCommandHandler.java:handle(106)) - Start to delete container blocks, TXIDs=[1(0),2(0),3(0)], numOfContainers=3, numOfBlocks=553
2019-06-13 21:52:13,527 INFO  commandhandler.DeleteBlocksCommandHandler (DeleteBlocksCommandHandler.java:handle(106)) - Start to delete container blocks, TXIDs=[1(0),2(0),3(0)], numOfContainers=3, numOfBlocks=553
2019-06-13 21:52:13,528 INFO  commandhandler.DeleteBlocksCommandHandler (DeleteBlocksCommandHandler.java:handle(106)) - Start to delete container blocks, TXIDs=[1(0),2(0),3(0)], numOfContainers=3, numOfBlocks=553
2019-06-13 21:52:13,529 INFO  commandhandler.DeleteBlocksCommandHandler (DeleteBlocksCommandHandler.java:handle(106)) - Start to delete container blocks, TXIDs=[1(0),2(0),3(0)], numOfContainers=3, numOfBlocks=553
2019-06-13 21:52:13,530 INFO  commandhandler.DeleteBlocksCommandHandler (DeleteBlocksCommandHandler.java:handle(106)) - Start to delete container blocks, TXIDs=[1(0),2(0),3(0)], numOfContainers=3, numOfBlocks=553
2019-06-13 21:52:13,531 INFO  commandhandler.DeleteBlocksCommandHandler (DeleteBlocksCommandHandler.java:handle(106)) - Start to delete container blocks, TXIDs=[1(0),2(0),3(0)], numOfContainers=3, numOfBlocks=553
2019-06-13 21:52:13,532 INFO  commandhandler.DeleteBlocksCommandHandler (DeleteBlocksCommandHandler.java:handle(106)) - Start to delete container blocks, TXIDs=[1(0),2(0),3(0)], numOfContainers=3, numOfBlocks=553
2019-06-13 21:52:13,533 INFO  commandhandler.DeleteBlocksCommandHandler (DeleteBlocksCommandHandler.java:handle(106)) - Start to delete container blocks, TXIDs=[1(0),2(0),3(0)], numOfContainers=3, numOfBlocks=553
2019-06-13 21:52:13,533 INFO  commandhandler.DeleteBlocksCommandHandler (DeleteBlocksCommandHandler.java:handle(106)) - Start to delete container blocks, TXIDs=[1(0),2(0),3(0)], numOfContainers=3, numOfBlocks=553
2019-06-13 21:52:13,534 INFO  commandhandler.DeleteBlocksCommandHandler (DeleteBlocksCommandHandler.java:handle(106)) - Start to delete container blocks, TXIDs=[1(0),2(0),3(0)], numOfContainers=3, numOfBlocks=553
2019-06-13 21:52:13,535 INFO  commandhandler.DeleteBlocksCommandHandler (DeleteBlocksCommandHandler.java:handle(106)) - Start to delete container blocks, TXIDs=[1(0),2(0),3(0)], numOfContainers=3, numOfBlocks=553
2019-06-13 21:52:13,536 INFO  commandhandler.DeleteBlocksCommandHandler (DeleteBlocksCommandHandler.java:handle(106)) - Start to delete container blocks, TXIDs=[1(0),2(0),3(0)], numOfContainers=3, numOfBlocks=553
2019-06-13 21:52:13,537 INFO  commandhandler.DeleteBlocksCommandHandler (DeleteBlocksCommandHandler.java:handle(106)) - Start to delete container blocks, TXIDs=[1(0),2(0),3(0)], numOfContainers=3, numOfBlocks=553
2019-06-13 21:52:13,537 INFO  commandhandler.DeleteBlocksCommandHandler (DeleteBlocksCommandHandler.java:handle(106)) - Start to delete container blocks, TXIDs=[1(0),2(0),3(0)], numOfContainers=3, numOfBlocks=553
2019-06-13 21:52:13,538 INFO  commandhandler.DeleteBlocksCommandHandler (DeleteBlocksCommandHandler.java:handle(106)) - Start to delete container blocks, TXIDs=[1(0),2(0),3(0)], numOfContainers=3, numOfBlocks=553
2019-06-13 21:52:13,538 INFO  commandhandler.DeleteBlocksCommandHandler (DeleteBlocksCommandHandler.java:handle(106)) - Start to delete container blocks, TXIDs=[1(0),2(0),3(0)], numOfContainers=3, numOfBlocks=553
2019-06-13 21:52:13,539 INFO  commandhandler.DeleteBlocksCommandHandler (DeleteBlocksCommandHandler.java:handle(106)) - Start to delete container blocks, TXIDs=[1(0),2(0),3(0)], numOfContainers=3, numOfBlocks=553
2019-06-13 21:52:13,540 INFO  commandhandler.DeleteBlocksCommandHandler (DeleteBlocksCommandHandler.java:handle(106)) - Start to delete container blocks, TXIDs=[1(0),2(0),3(0)], numOfContainers=3, numOfBlocks=553
2019-06-13 21:52:13,540 INFO  commandhandler.DeleteBlocksCommandHandler (DeleteBlocksCommandHandler.java:handle(106)) - Start to delete container blocks, TXIDs=[1(0),2(0),3(0)], numOfContainers=3, numOfBlocks=553
2019-06-13 21:52:13,541 INFO  commandhandler.DeleteBlocksCommandHandler (DeleteBlocksCommandHandler.java:handle(106)) - Start to delete container blocks, TXIDs=[1(0),2(0),3(0)], numOfContainers=3, numOfBlocks=553
2019-06-13 21:52:13,542 INFO  commandhandler.DeleteBlocksCommandHandler (DeleteBlocksCommandHandler.java:handle(106)) - Start to delete container blocks, TXIDs=[1(0),2(0),3(0)], numOfContainers=3, numOfBlocks=553
2019-06-13 21:52:13,543 INFO  commandhandler.DeleteBlocksCommandHandler (DeleteBlocksCommandHandler.java:handle(106)) - Start to delete container blocks, TXIDs=[1(0),2(0),3(0)], numOfContainers=3, numOfBlocks=553
2019-06-13 21:52:13,544 INFO  commandhandler.DeleteBlocksCommandHandler (DeleteBlocksCommandHandler.java:handle(106)) - Start to delete container blocks, TXIDs=[1(0),2(0),3(0)], numOfContainers=3, numOfBlocks=553
2019-06-13 21:52:13,545 INFO  commandhandler.DeleteBlocksCommandHandler (DeleteBlocksCommandHandler.java:handle(106)) - Start to delete container blocks, TXIDs=[1(0),2(0),3(0)], numOfContainers=3, numOfBlocks=553
2019-06-13 21:52:13,545 INFO  commandhandler.DeleteBlocksCommandHandler (DeleteBlocksCommandHandler.java:handle(106)) - Start to delete container blocks, TXIDs=[1(0),2(0),3(0)], numOfContainers=3, numOfBlocks=553
2019-06-13 21:52:13,546 INFO  commandhandler.DeleteBlocksCommandHandler (DeleteBlocksCommandHandler.java:handle(106)) - Start to delete container blocks, TXIDs=[1(0),2(0),3(0)], numOfContainers=3, numOfBlocks=553
2019-06-13 21:52:13,546 DEBUG block.SCMBlockDeletingService (SCMBlockDeletingService.java:call(138)) - Running DeletedBlockTransactionScanner
2019-06-13 21:52:13,547 DEBUG block.SCMBlockDeletingService (SCMBlockDeletingService.java:call(155)) - Scanned deleted blocks log and got 0 delTX to process.
2019-06-13 21:52:13,547 INFO  commandhandler.DeleteBlocksCommandHandler (DeleteBlocksCommandHandler.java:handle(106)) - Start to delete container blocks, TXIDs=[1(0),2(0),3(0)], numOfContainers=3, numOfBlocks=553
2019-06-13 21:52:13,548 INFO  commandhandler.DeleteBlocksCommandHandler (DeleteBlocksCommandHandler.java:handle(106)) - Start to delete container blocks, TXIDs=[1(0),2(0),3(0)], numOfContainers=3, numOfBlocks=553
2019-06-13 21:52:13,549 INFO  commandhandler.DeleteBlocksCommandHandler (DeleteBlocksCommandHandler.java:handle(106)) - Start to delete container blocks, TXIDs=[1(0),2(0),3(0)], numOfContainers=3, numOfBlocks=553
2019-06-13 21:52:13,549 INFO  commandhandler.DeleteBlocksCommandHandler (DeleteBlocksCommandHandler.java:handle(106)) - Start to delete container blocks, TXIDs=[1(0),2(0),3(0)], numOfContainers=3, numOfBlocks=553
2019-06-13 21:52:13,550 INFO  commandhandler.DeleteBlocksCommandHandler (DeleteBlocksCommandHandler.java:handle(106)) - Start to delete container blocks, TXIDs=[1(0),2(0),3(0)], numOfContainers=3, numOfBlocks=553
2019-06-13 21:52:13,551 INFO  commandhandler.DeleteBlocksCommandHandler (DeleteBlocksCommandHandler.java:handle(106)) - Start to delete container blocks, TXIDs=[1(0),2(0),3(0)], numOfContainers=3, numOfBlocks=553
2019-06-13 21:52:13,552 INFO  commandhandler.DeleteBlocksCommandHandler (DeleteBlocksCommandHandler.java:handle(106)) - Start to delete container blocks, TXIDs=[1(0),2(0),3(0)], numOfContainers=3, numOfBlocks=553
2019-06-13 21:52:13,553 INFO  commandhandler.DeleteBlocksCommandHandler (DeleteBlocksCommandHandler.java:handle(106)) - Start to delete container blocks, TXIDs=[1(0),2(0),3(0)], numOfContainers=3, numOfBlocks=553
2019-06-13 21:52:13,554 INFO  commandhandler.DeleteBlocksCommandHandler (DeleteBlocksCommandHandler.java:handle(106)) - Start to delete container blocks, TXIDs=[1(0),2(0),3(0)], numOfContainers=3, numOfBlocks=553
2019-06-13 21:52:13,555 INFO  commandhandler.DeleteBlocksCommandHandler (DeleteBlocksCommandHandler.java:handle(106)) - Start to delete container blocks, TXIDs=[1(0),2(0),3(0)], numOfContainers=3, numOfBlocks=553
2019-06-13 21:52:13,555 INFO  commandhandler.DeleteBlocksCommandHandler (DeleteBlocksCommandHandler.java:handle(106)) - Start to delete container blocks, TXIDs=[1(0),2(0),3(0)], numOfContainers=3, numOfBlocks=553
2019-06-13 21:52:13,556 INFO  commandhandler.DeleteBlocksCommandHandler (DeleteBlocksCommandHandler.java:handle(106)) - Start to delete container blocks, TXIDs=[1(0),2(0),3(0)], numOfContainers=3, numOfBlocks=553
2019-06-13 21:52:13,556 INFO  commandhandler.DeleteBlocksCommandHandler (DeleteBlocksCommandHandler.java:handle(106)) - Start to delete container blocks, TXIDs=[1(0),2(0),3(0)], numOfContainers=3, numOfBlocks=553
2019-06-13 21:52:13,557 INFO  commandhandler.DeleteBlocksCommandHandler (DeleteBlocksCommandHandler.java:handle(106)) - Start to delete container blocks, TXIDs=[1(0),2(0),3(0)], numOfContainers=3, numOfBlocks=553
2019-06-13 21:52:13,557 INFO  commandhandler.DeleteBlocksCommandHandler (DeleteBlocksCommandHandler.java:handle(106)) - Start to delete container blocks, TXIDs=[1(0),2(0),3(0)], numOfContainers=3, numOfBlocks=553
2019-06-13 21:52:13,558 INFO  commandhandler.DeleteBlocksCommandHandler (DeleteBlocksCommandHandler.java:handle(106)) - Start to delete container blocks, TXIDs=[1(0),2(0),3(0)], numOfContainers=3, numOfBlocks=553
2019-06-13 21:52:13,558 INFO  commandhandler.DeleteBlocksCommandHandler (DeleteBlocksCommandHandler.java:handle(106)) - Start to delete container blocks, TXIDs=[1(0),2(0),3(0)], numOfContainers=3, numOfBlocks=553
2019-06-13 21:52:13,559 INFO  commandhandler.DeleteBlocksCommandHandler (DeleteBlocksCommandHandler.java:handle(106)) - Start to delete container blocks, TXIDs=[1(0),2(0),3(0)], numOfContainers=3, numOfBlocks=553
2019-06-13 21:52:13,560 INFO  commandhandler.DeleteBlocksCommandHandler (DeleteBlocksCommandHandler.java:handle(106)) - Start to delete container blocks, TXIDs=[1(0),2(0),3(0)], numOfContainers=3, numOfBlocks=553
2019-06-13 21:52:13,560 INFO  commandhandler.DeleteBlocksCommandHandler (DeleteBlocksCommandHandler.java:handle(106)) - Start to delete container blocks, TXIDs=[1(0),2(0),3(0)], numOfContainers=3, numOfBlocks=553
2019-06-13 21:52:13,561 INFO  commandhandler.DeleteBlocksCommandHandler (DeleteBlocksCommandHandler.java:handle(106)) - Start to delete container blocks, TXIDs=[1(0),2(0),3(0)], numOfContainers=3, numOfBlocks=553
2019-06-13 21:52:13,561 INFO  commandhandler.DeleteBlocksCommandHandler (DeleteBlocksCommandHandler.java:handle(106)) - Start to delete container blocks, TXIDs=[1(0),2(0),3(0)], numOfContainers=3, numOfBlocks=553
2019-06-13 21:52:13,562 INFO  commandhandler.DeleteBlocksCommandHandler (DeleteBlocksCommandHandler.java:handle(106)) - Start to delete container blocks, TXIDs=[1(0),2(0),3(0)], numOfContainers=3, numOfBlocks=553
2019-06-13 21:52:13,562 INFO  commandhandler.DeleteBlocksCommandHandler (DeleteBlocksCommandHandler.java:handle(106)) - Start to delete container blocks, TXIDs=[1(0),2(0),3(0)], numOfContainers=3, numOfBlocks=553
2019-06-13 21:52:13,563 INFO  commandhandler.DeleteBlocksCommandHandler (DeleteBlocksCommandHandler.java:handle(106)) - Start to delete container blocks, TXIDs=[1(0),2(0),3(0)], numOfContainers=3, numOfBlocks=553
2019-06-13 21:52:13,563 INFO  commandhandler.DeleteBlocksCommandHandler (DeleteBlocksCommandHandler.java:handle(106)) - Start to delete container blocks, TXIDs=[1(0),2(0),3(0)], numOfContainers=3, numOfBlocks=553
2019-06-13 21:52:13,564 INFO  commandhandler.DeleteBlocksCommandHandler (DeleteBlocksCommandHandler.java:handle(106)) - Start to delete container blocks, TXIDs=[1(0),2(0),3(0)], numOfContainers=3, numOfBlocks=553
2019-06-13 21:52:13,565 INFO  commandhandler.DeleteBlocksCommandHandler (DeleteBlocksCommandHandler.java:handle(106)) - Start to delete container blocks, TXIDs=[1(0),2(0),3(0)], numOfContainers=3, numOfBlocks=553
2019-06-13 21:52:13,565 INFO  commandhandler.DeleteBlocksCommandHandler (DeleteBlocksCommandHandler.java:handle(106)) - Start to delete container blocks, TXIDs=[1(0),2(0),3(0)], numOfContainers=3, numOfBlocks=553
2019-06-13 21:52:13,566 INFO  commandhandler.DeleteBlocksCommandHandler (DeleteBlocksCommandHandler.java:handle(106)) - Start to delete container blocks, TXIDs=[1(0),2(0),3(0)], numOfContainers=3, numOfBlocks=553
2019-06-13 21:52:13,566 INFO  commandhandler.DeleteBlocksCommandHandler (DeleteBlocksCommandHandler.java:handle(106)) - Start to delete container blocks, TXIDs=[1(0),2(0),3(0)], numOfContainers=3, numOfBlocks=553
2019-06-13 21:52:13,567 INFO  commandhandler.DeleteBlocksCommandHandler (DeleteBlocksCommandHandler.java:handle(106)) - Start to delete container blocks, TXIDs=[1(0),2(0),3(0)], numOfContainers=3, numOfBlocks=553
2019-06-13 21:52:13,567 INFO  commandhandler.DeleteBlocksCommandHandler (DeleteBlocksCommandHandler.java:handle(106)) - Start to delete container blocks, TXIDs=[1(0),2(0),3(0)], numOfContainers=3, numOfBlocks=553
2019-06-13 21:52:13,568 INFO  commandhandler.DeleteBlocksCommandHandler (DeleteBlocksCommandHandler.java:handle(106)) - Start to delete container blocks, TXIDs=[1(0),2(0),3(0)], numOfContainers=3, numOfBlocks=553
2019-06-13 21:52:13,568 INFO  commandhandler.DeleteBlocksCommandHandler (DeleteBlocksCommandHandler.java:handle(106)) - Start to delete container blocks, TXIDs=[1(0),2(0),3(0)], numOfContainers=3, numOfBlocks=553
2019-06-13 21:52:13,569 INFO  commandhandler.DeleteBlocksCommandHandler (DeleteBlocksCommandHandler.java:handle(106)) - Start to delete container blocks, TXIDs=[1(0),2(0),3(0)], numOfContainers=3, numOfBlocks=553
2019-06-13 21:52:13,569 INFO  commandhandler.DeleteBlocksCommandHandler (DeleteBlocksCommandHandler.java:handle(106)) - Start to delete container blocks, TXIDs=[1(0),2(0),3(0)], numOfContainers=3, numOfBlocks=553
2019-06-13 21:52:13,570 INFO  commandhandler.DeleteBlocksCommandHandler (DeleteBlocksCommandHandler.java:handle(106)) - Start to delete container blocks, TXIDs=[1(0),2(0),3(0)], numOfContainers=3, numOfBlocks=553
2019-06-13 21:52:13,571 INFO  commandhandler.DeleteBlocksCommandHandler (DeleteBlocksCommandHandler.java:handle(106)) - Start to delete container blocks, TXIDs=[1(0),2(0),3(0)], numOfContainers=3, numOfBlocks=553
2019-06-13 21:52:13,571 INFO  commandhandler.DeleteBlocksCommandHandler (DeleteBlocksCommandHandler.java:handle(106)) - Start to delete container blocks, TXIDs=[1(0),2(0),3(0)], numOfContainers=3, numOfBlocks=553
2019-06-13 21:52:13,572 INFO  commandhandler.DeleteBlocksCommandHandler (DeleteBlocksCommandHandler.java:handle(106)) - Start to delete container blocks, TXIDs=[1(0),2(0),3(0)], numOfContainers=3, numOfBlocks=553
2019-06-13 21:52:13,572 INFO  commandhandler.DeleteBlocksCommandHandler (DeleteBlocksCommandHandler.java:handle(106)) - Start to delete container blocks, TXIDs=[1(0),2(0),3(0)], numOfContainers=3, numOfBlocks=553
2019-06-13 21:52:13,573 INFO  commandhandler.DeleteBlocksCommandHandler (DeleteBlocksCommandHandler.java:handle(106)) - Start to delete container blocks, TXIDs=[1(0),2(0),3(0)], numOfContainers=3, numOfBlocks=553
2019-06-13 21:52:13,573 INFO  commandhandler.DeleteBlocksCommandHandler (DeleteBlocksCommandHandler.java:handle(106)) - Start to delete container blocks, TXIDs=[1(0),2(0),3(0)], numOfContainers=3, numOfBlocks=553
2019-06-13 21:52:13,574 INFO  commandhandler.DeleteBlocksCommandHandler (DeleteBlocksCommandHandler.java:handle(106)) - Start to delete container blocks, TXIDs=[1(0),2(0),3(0)], numOfContainers=3, numOfBlocks=553
2019-06-13 21:52:13,574 INFO  commandhandler.DeleteBlocksCommandHandler (DeleteBlocksCommandHandler.java:handle(106)) - Start to delete container blocks, TXIDs=[1(0),2(0),3(0)], numOfContainers=3, numOfBlocks=553
2019-06-13 21:52:13,575 INFO  commandhandler.DeleteBlocksCommandHandler (DeleteBlocksCommandHandler.java:handle(106)) - Start to delete container blocks, TXIDs=[1(0),2(0),3(0)], numOfContainers=3, numOfBlocks=553
2019-06-13 21:52:13,575 INFO  commandhandler.DeleteBlocksCommandHandler (DeleteBlocksCommandHandler.java:handle(106)) - Start to delete container blocks, TXIDs=[1(0),2(0),3(0)], numOfContainers=3, numOfBlocks=553
2019-06-13 21:52:13,576 INFO  commandhandler.DeleteBlocksCommandHandler (DeleteBlocksCommandHandler.java:handle(106)) - Start to delete container blocks, TXIDs=[1(0),2(0),3(0)], numOfContainers=3, numOfBlocks=553
2019-06-13 21:52:13,577 INFO  commandhandler.DeleteBlocksCommandHandler (DeleteBlocksCommandHandler.java:handle(106)) - Start to delete container blocks, TXIDs=[1(0),2(0),3(0)], numOfContainers=3, numOfBlocks=553
2019-06-13 21:52:13,577 INFO  commandhandler.DeleteBlocksCommandHandler (DeleteBlocksCommandHandler.java:handle(106)) - Start to delete container blocks, TXIDs=[1(0),2(0),3(0)], numOfContainers=3, numOfBlocks=553
2019-06-13 21:52:13,578 INFO  commandhandler.DeleteBlocksCommandHandler (DeleteBlocksCommandHandler.java:handle(106)) - Start to delete container blocks, TXIDs=[1(0),2(0),3(0)], numOfContainers=3, numOfBlocks=553
2019-06-13 21:52:13,578 INFO  commandhandler.DeleteBlocksCommandHandler (DeleteBlocksCommandHandler.java:handle(106)) - Start to delete container blocks, TXIDs=[1(0),2(0),3(0)], numOfContainers=3, numOfBlocks=553
2019-06-13 21:52:13,579 INFO  commandhandler.DeleteBlocksCommandHandler (DeleteBlocksCommandHandler.java:handle(106)) - Start to delete container blocks, TXIDs=[1(0),2(0),3(0)], numOfContainers=3, numOfBlocks=553
2019-06-13 21:52:13,579 INFO  commandhandler.DeleteBlocksCommandHandler (DeleteBlocksCommandHandler.java:handle(106)) - Start to delete container blocks, TXIDs=[1(0),2(0),3(0)], numOfContainers=3, numOfBlocks=553
2019-06-13 21:52:13,580 INFO  commandhandler.DeleteBlocksCommandHandler (DeleteBlocksCommandHandler.java:handle(106)) - Start to delete container blocks, TXIDs=[1(0),2(0),3(0)], numOfContainers=3, numOfBlocks=553
2019-06-13 21:52:13,580 INFO  commandhandler.DeleteBlocksCommandHandler (DeleteBlocksCommandHandler.java:handle(106)) - Start to delete container blocks, TXIDs=[1(0),2(0),3(0)], numOfContainers=3, numOfBlocks=553
2019-06-13 21:52:13,581 INFO  commandhandler.DeleteBlocksCommandHandler (DeleteBlocksCommandHandler.java:handle(106)) - Start to delete container blocks, TXIDs=[1(0),2(0),3(0)], numOfContainers=3, numOfBlocks=553
2019-06-13 21:52:13,581 INFO  commandhandler.DeleteBlocksCommandHandler (DeleteBlocksCommandHandler.java:handle(106)) - Start to delete container blocks, TXIDs=[1(0),2(0),3(0)], numOfContainers=3, numOfBlocks=553
2019-06-13 21:52:13,582 INFO  commandhandler.DeleteBlocksCommandHandler (DeleteBlocksCommandHandler.java:handle(106)) - Start to delete container blocks, TXIDs=[1(0),2(0),3(0)], numOfContainers=3, numOfBlocks=553
2019-06-13 21:52:13,583 INFO  commandhandler.DeleteBlocksCommandHandler (DeleteBlocksCommandHandler.java:handle(106)) - Start to delete container blocks, TXIDs=[1(0),2(0),3(0)], numOfContainers=3, numOfBlocks=553
2019-06-13 21:52:13,583 INFO  commandhandler.DeleteBlocksCommandHandler (DeleteBlocksCommandHandler.java:handle(106)) - Start to delete container blocks, TXIDs=[1(0),2(0),3(0)], numOfContainers=3, numOfBlocks=553
2019-06-13 21:52:13,584 INFO  commandhandler.DeleteBlocksCommandHandler (DeleteBlocksCommandHandler.java:handle(106)) - Start to delete container blocks, TXIDs=[1(0),2(0),3(0)], numOfContainers=3, numOfBlocks=553
2019-06-13 21:52:13,584 INFO  commands.RetriableDatanodeEventWatcher (RetriableDatanodeEventWatcher.java:onTimeout(47)) - RetriableDatanodeCommand type=deleteBlocksCommand with id=1560462722286 timed out. Retrying.
2019-06-13 21:52:13,585 INFO  commandhandler.DeleteBlocksCommandHandler (DeleteBlocksCommandHandler.java:handle(106)) - Start to delete container blocks, TXIDs=[1(0),2(0),3(0)], numOfContainers=3, numOfBlocks=553
2019-06-13 21:52:13,585 INFO  commandhandler.DeleteBlocksCommandHandler (DeleteBlocksCommandHandler.java:handle(106)) - Start to delete container blocks, TXIDs=[1(0),2(0),3(0)], numOfContainers=3, numOfBlocks=553
2019-06-13 21:52:13,586 INFO  commandhandler.DeleteBlocksCommandHandler (DeleteBlocksCommandHandler.java:handle(106)) - Start to delete container blocks, TXIDs=[1(0),2(0),3(0)], numOfContainers=3, numOfBlocks=553
2019-06-13 21:52:13,586 INFO  commandhandler.DeleteBlocksCommandHandler (DeleteBlocksCommandHandler.java:handle(106)) - Start to delete container blocks, TXIDs=[1(0),2(0),3(0)], numOfContainers=3, numOfBlocks=553
2019-06-13 21:52:13,587 INFO  commandhandler.DeleteBlocksCommandHandler (DeleteBlocksCommandHandler.java:handle(106)) - Start to delete container blocks, TXIDs=[1(0),2(0),3(0)], numOfContainers=3, numOfBlocks=553
2019-06-13 21:52:13,588 INFO  commandhandler.DeleteBlocksCommandHandler (DeleteBlocksCommandHandler.java:handle(106)) - Start to delete container blocks, TXIDs=[1(0),2(0),3(0)], numOfContainers=3, numOfBlocks=553
2019-06-13 21:52:13,588 INFO  commandhandler.DeleteBlocksCommandHandler (DeleteBlocksCommandHandler.java:handle(106)) - Start to delete container blocks, TXIDs=[1(0),2(0),3(0)], numOfContainers=3, numOfBlocks=553
2019-06-13 21:52:13,589 INFO  commandhandler.DeleteBlocksCommandHandler (DeleteBlocksCommandHandler.java:handle(106)) - Start to delete container blocks, TXIDs=[1(0),2(0),3(0)], numOfContainers=3, numOfBlocks=553
2019-06-13 21:52:13,589 INFO  commandhandler.DeleteBlocksCommandHandler (DeleteBlocksCommandHandler.java:handle(106)) - Start to delete container blocks, TXIDs=[1(0),2(0),3(0)], numOfContainers=3, numOfBlocks=553
2019-06-13 21:52:13,590 INFO  commandhandler.DeleteBlocksCommandHandler (DeleteBlocksCommandHandler.java:handle(106)) - Start to delete container blocks, TXIDs=[1(0),2(0),3(0)], numOfContainers=3, numOfBlocks=553
2019-06-13 21:52:13,590 INFO  commandhandler.DeleteBlocksCommandHandler (DeleteBlocksCommandHandler.java:handle(106)) - Start to delete container blocks, TXIDs=[1(0),2(0),3(0)], numOfContainers=3, numOfBlocks=553
2019-06-13 21:52:13,591 INFO  commandhandler.DeleteBlocksCommandHandler (DeleteBlocksCommandHandler.java:handle(106)) - Start to delete container blocks, TXIDs=[1(0),2(0),3(0)], numOfContainers=3, numOfBlocks=553
2019-06-13 21:52:13,591 INFO  commandhandler.DeleteBlocksCommandHandler (DeleteBlocksCommandHandler.java:handle(106)) - Start to delete container blocks, TXIDs=[1(1),2(1),3(1)], numOfContainers=3, numOfBlocks=553
2019-06-13 21:52:13,592 INFO  commandhandler.DeleteBlocksCommandHandler (DeleteBlocksCommandHandler.java:handle(106)) - Start to delete container blocks, TXIDs=[1(0),2(0),3(0)], numOfContainers=3, numOfBlocks=553
2019-06-13 21:52:13,592 INFO  commandhandler.DeleteBlocksCommandHandler (DeleteBlocksCommandHandler.java:handle(106)) - Start to delete container blocks, TXIDs=[1(0),2(0),3(0)], numOfContainers=3, numOfBlocks=553
2019-06-13 21:52:13,593 INFO  commandhandler.DeleteBlocksCommandHandler (DeleteBlocksCommandHandler.java:handle(106)) - Start to delete container blocks, TXIDs=[1(0),2(0),3(0)], numOfContainers=3, numOfBlocks=553
2019-06-13 21:52:13,593 INFO  commands.RetriableDatanodeEventWatcher (RetriableDatanodeEventWatcher.java:onTimeout(47)) - RetriableDatanodeCommand type=deleteBlocksCommand with id=1560462722296 timed out. Retrying.
2019-06-13 21:52:13,594 INFO  commandhandler.DeleteBlocksCommandHandler (DeleteBlocksCommandHandler.java:handle(106)) - Start to delete container blocks, TXIDs=[1(0),2(0),3(0)], numOfContainers=3, numOfBlocks=553
2019-06-13 21:52:13,594 INFO  commandhandler.DeleteBlocksCommandHandler (DeleteBlocksCommandHandler.java:handle(106)) - Start to delete container blocks, TXIDs=[1(0),2(0),3(0)], numOfContainers=3, numOfBlocks=553
2019-06-13 21:52:13,595 INFO  commandhandler.DeleteBlocksCommandHandler (DeleteBlocksCommandHandler.java:handle(106)) - Start to delete container blocks, TXIDs=[1(0),2(0),3(0)], numOfContainers=3, numOfBlocks=553
2019-06-13 21:52:13,595 INFO  commandhandler.DeleteBlocksCommandHandler (DeleteBlocksCommandHandler.java:handle(106)) - Start to delete container blocks, TXIDs=[1(0),2(0),3(0)], numOfContainers=3, numOfBlocks=553
2019-06-13 21:52:13,596 INFO  commandhandler.DeleteBlocksCommandHandler (DeleteBlocksCommandHandler.java:handle(106)) - Start to delete container blocks, TXIDs=[1(0),2(0),3(0)], numOfContainers=3, numOfBlocks=553
2019-06-13 21:52:13,596 INFO  commandhandler.DeleteBlocksCommandHandler (DeleteBlocksCommandHandler.java:handle(106)) - Start to delete container blocks, TXIDs=[1(0),2(0),3(0)], numOfContainers=3, numOfBlocks=553
2019-06-13 21:52:13,597 INFO  commandhandler.DeleteBlocksCommandHandler (DeleteBlocksCommandHandler.java:handle(106)) - Start to delete container blocks, TXIDs=[1(528),2(528),3(528)], numOfContainers=3, numOfBlocks=553
2019-06-13 21:52:13,597 INFO  commandhandler.DeleteBlocksCommandHandler (DeleteBlocksCommandHandler.java:handle(106)) - Start to delete container blocks, TXIDs=[1(0),2(0),3(0)], numOfContainers=3, numOfBlocks=553
2019-06-13 21:52:13,598 INFO  commandhandler.DeleteBlocksCommandHandler (DeleteBlocksCommandHandler.java:handle(106)) - Start to delete container blocks, TXIDs=[1(0),2(0),3(0)], numOfContainers=3, numOfBlocks=553
2019-06-13 21:52:13,598 INFO  commandhandler.DeleteBlocksCommandHandler (DeleteBlocksCommandHandler.java:handle(106)) - Start to delete container blocks, TXIDs=[1(0),2(0),3(0)], numOfContainers=3, numOfBlocks=553
2019-06-13 21:52:13,599 INFO  commandhandler.DeleteBlocksCommandHandler (DeleteBlocksCommandHandler.java:handle(106)) - Start to delete container blocks, TXIDs=[1(0),2(0),3(0)], numOfContainers=3, numOfBlocks=553
2019-06-13 21:52:13,600 INFO  commandhandler.DeleteBlocksCommandHandler (DeleteBlocksCommandHandler.java:handle(106)) - Start to delete container blocks, TXIDs=[1(0),2(0),3(0)], numOfContainers=3, numOfBlocks=553
2019-06-13 21:52:13,600 INFO  commandhandler.DeleteBlocksCommandHandler (DeleteBlocksCommandHandler.java:handle(106)) - Start to delete container blocks, TXIDs=[1(0),2(0),3(0)], numOfContainers=3, numOfBlocks=553
2019-06-13 21:52:13,601 INFO  commands.RetriableDatanodeEventWatcher (RetriableDatanodeEventWatcher.java:onTimeout(47)) - RetriableDatanodeCommand type=deleteBlocksCommand with id=1560462722306 timed out. Retrying.
2019-06-13 21:52:13,601 INFO  commandhandler.DeleteBlocksCommandHandler (DeleteBlocksCommandHandler.java:handle(106)) - Start to delete container blocks, TXIDs=[1(0),2(0),3(0)], numOfContainers=3, numOfBlocks=553
2019-06-13 21:52:13,601 INFO  commandhandler.DeleteBlocksCommandHandler (DeleteBlocksCommandHandler.java:handle(106)) - Start to delete container blocks, TXIDs=[1(0),2(0),3(0)], numOfContainers=3, numOfBlocks=553
2019-06-13 21:52:13,602 INFO  commandhandler.DeleteBlocksCommandHandler (DeleteBlocksCommandHandler.java:handle(106)) - Start to delete container blocks, TXIDs=[1(0),2(0),3(0)], numOfContainers=3, numOfBlocks=553
2019-06-13 21:52:13,602 INFO  commandhandler.DeleteBlocksCommandHandler (DeleteBlocksCommandHandler.java:handle(106)) - Start to delete container blocks, TXIDs=[1(528),2(528),3(528)], numOfContainers=3, numOfBlocks=553
2019-06-13 21:52:13,603 INFO  commandhandler.DeleteBlocksCommandHandler (DeleteBlocksCommandHandler.java:handle(106)) - Start to delete container blocks, TXIDs=[1(0),2(0),3(0)], numOfContainers=3, numOfBlocks=553
2019-06-13 21:52:13,603 INFO  commandhandler.DeleteBlocksCommandHandler (DeleteBlocksCommandHandler.java:handle(106)) - Start to delete container blocks, TXIDs=[1(0),2(0),3(0)], numOfContainers=3, numOfBlocks=553
2019-06-13 21:52:13,604 INFO  commandhandler.DeleteBlocksCommandHandler (DeleteBlocksCommandHandler.java:handle(106)) - Start to delete container blocks, TXIDs=[1(0),2(0),3(0)], numOfContainers=3, numOfBlocks=553
2019-06-13 21:52:13,605 INFO  commandhandler.DeleteBlocksCommandHandler (DeleteBlocksCommandHandler.java:handle(106)) - Start to delete container blocks, TXIDs=[1(0),2(0),3(0)], numOfContainers=3, numOfBlocks=553
2019-06-13 21:52:13,605 INFO  commandhandler.DeleteBlocksCommandHandler (DeleteBlocksCommandHandler.java:handle(106)) - Start to delete container blocks, TXIDs=[1(0),2(0),3(0)], numOfContainers=3, numOfBlocks=553
2019-06-13 21:52:13,606 INFO  commandhandler.DeleteBlocksCommandHandler (DeleteBlocksCommandHandler.java:handle(106)) - Start to delete container blocks, TXIDs=[1(0),2(0),3(0)], numOfContainers=3, numOfBlocks=553
2019-06-13 21:52:13,606 INFO  commandhandler.DeleteBlocksCommandHandler (DeleteBlocksCommandHandler.java:handle(106)) - Start to delete container blocks, TXIDs=[1(0),2(0),3(0)], numOfContainers=3, numOfBlocks=553
2019-06-13 21:52:13,607 INFO  commandhandler.DeleteBlocksCommandHandler (DeleteBlocksCommandHandler.java:handle(106)) - Start to delete container blocks, TXIDs=[1(0),2(0),3(0)], numOfContainers=3, numOfBlocks=553
2019-06-13 21:52:13,607 INFO  commandhandler.DeleteBlocksCommandHandler (DeleteBlocksCommandHandler.java:handle(106)) - Start to delete container blocks, TXIDs=[1(0),2(0),3(0)], numOfContainers=3, numOfBlocks=553
2019-06-13 21:52:13,608 INFO  commandhandler.DeleteBlocksCommandHandler (DeleteBlocksCommandHandler.java:handle(106)) - Start to delete container blocks, TXIDs=[1(0),2(0),3(0)], numOfContainers=3, numOfBlocks=553
2019-06-13 21:52:13,608 INFO  commandhandler.DeleteBlocksCommandHandler (DeleteBlocksCommandHandler.java:handle(106)) - Start to delete container blocks, TXIDs=[1(528),2(528),3(528)], numOfContainers=3, numOfBlocks=553
2019-06-13 21:52:13,609 INFO  commandhandler.DeleteBlocksCommandHandler (DeleteBlocksCommandHandler.java:handle(106)) - Start to delete container blocks, TXIDs=[1(0),2(0),3(0)], numOfContainers=3, numOfBlocks=553
2019-06-13 21:52:13,609 INFO  commandhandler.DeleteBlocksCommandHandler (DeleteBlocksCommandHandler.java:handle(106)) - Start to delete container blocks, TXIDs=[1(0),2(0),3(0)], numOfContainers=3, numOfBlocks=553
2019-06-13 21:52:13,610 INFO  commandhandler.DeleteBlocksCommandHandler (DeleteBlocksCommandHandler.java:handle(106)) - Start to delete container blocks, TXIDs=[1(0),2(0),3(0)], numOfContainers=3, numOfBlocks=553
2019-06-13 21:52:13,610 WARN  block.DeletedBlockLogImpl (DeletedBlockLogImpl.java:incrementCount(141)) - Deleted TXID not found.
2019-06-13 21:52:13,610 WARN  block.DeletedBlockLogImpl (DeletedBlockLogImpl.java:incrementCount(141)) - Deleted TXID not found.
2019-06-13 21:52:13,610 WARN  events.EventWatcher (EventWatcher.java:lambda$start$0(110)) - Completion event without active lease. Id=1560462722281
2019-06-13 21:52:13,611 WARN  block.DeletedBlockLogImpl (DeletedBlockLogImpl.java:incrementCount(141)) - Deleted TXID not found.
2019-06-13 21:52:13,611 WARN  events.EventWatcher (EventWatcher.java:lambda$start$0(110)) - Completion event without active lease. Id=1560462722282
2019-06-13 21:52:13,611 DEBUG block.DeletedBlockLogImpl (DeletedBlockLogImpl.java:isTransactionFailed(245)) - Got block deletion ACK from datanode, TXIDs=1, success=true
2019-06-13 21:52:13,611 WARN  events.EventWatcher (2019-06-13 21:52:13,611 INFO  commandhandler.DeleteBlocksCommandHandler (EventWatcher.java:lambda$start$0(110)) - Completion event without active lease. Id=1560462722272
2019-06-13 21:52:13,611 INFO  commandhandler.DeleteBlocksCommandHandler (DeleteBlocksCommandHandler.java:handle(106)) - Start to delete container blocks, TXIDs=[1(0),2(0),3(0)], numOfContainers=3, numOfBlocks=553
2019-06-13 21:52:13,611 WARN  events.EventWatcher (EventWatcher.java:lambda$start$0(110)) - Completion event without active lease. Id=1560462722271
2019-06-13 21:52:13,611 WARN  block.DeletedBlockLogImpl (DeletedBlockLogImpl.java:commitTransactions(205)) - Transaction txId=1 commit by dnId=2573df58-4087-4dd0-8598-5abddcc696b9 for containerID=#1 failed. Corresponding entry not found.
2019-06-13 21:52:13,611 WARN  events.EventWatcher (EventWatcher.java:lambda$start$0(110)) - Completion event without active lease. Id=1560462722261
2019-06-13 21:52:13,611 INFO  commands.RetriableDatanodeEventWatcher (RetriableDatanodeEventWatcher.java:onTimeout(47)) - RetriableDatanodeCommand type=deleteBlocksCommand with id=1560462722316 timed out. Retrying.
2019-06-13 21:52:13,611 WARN  events.EventWatcher (EventWatcher.java:lambda$start$0(110)) - Completion event without active lease. Id=1560462722262
2019-06-13 21:52:13,611 DEBUG block.DeletedBlockLogImpl (DeletedBlockLogImpl.java:isTransactionFailed(245)) - Got block deletion ACK from datanode, TXIDs=1, success=true
2019-06-13 21:52:13,611 WARN  events.EventWatcher (EventWatcher.java:lambda$start$0(110)) - Completion event without active lease. Id=1560462722251
2019-06-13 21:52:13,611 WARN  block.DeletedBlockLogImpl (DeletedBlockLogImpl.java:commitTransactions(205)) - Transaction txId=1 commit by dnId=2573df58-4087-4dd0-8598-5abddcc696b9 for containerID=#1 failed. Corresponding entry not found.
2019-06-13 21:52:13,611 WARN  events.EventWatcher (EventWatcher.java:lambda$start$0(110)) - Completion event without active lease. Id=1560462722252
2019-06-13 21:52:13,611 DEBUG block.DeletedBlockLogImpl (DeletedBlockLogImpl.java:isTransactionFailed(245)) - Got block deletion ACK from datanode, TXIDs=1, success=true
2019-06-13 21:52:13,611 WARN  block.DeletedBlockLogImpl (DeletedBlockLogImpl.java:commitTransactions(205)) - Transaction txId=1 commit by dnId=2573df58-4087-4dd0-8598-5abddcc696b9 for containerID=#1 failed. Corresponding entry not found.
2019-06-13 21:52:13,612 INFO  commandhandler.DeleteBlocksCommandHandler (DeletedBlockLogImpl.java:incrementCount(141)) - Deleted TXID not found.
2019-06-13 21:52:13,612 INFO  commandhandler.DeleteBlocksCommandHandler (DeleteBlocksCommandHandler.java:handle(106)) - Start to delete container blocks, TXIDs=[1(0),2(0),3(0)], numOfContainers=3, numOfBlocks=553
2019-06-13 21:52:13,612 WARN  block.DeletedBlockLogImpl (DeletedBlockLogImpl.java:incrementCount(141)) - Deleted TXID not found.
2019-06-13 21:52:13,612 WARN  block.DeletedBlockLogImpl (DeletedBlockLogImpl.java:incrementCount(141)) - Deleted TXID not found.
2019-06-13 21:52:13,612 DEBUG block.DeletedBlockLogImpl (DeletedBlockLogImpl.java:isTransactionFailed(245)) - Got block deletion ACK from datanode, TXIDs=1, success=true
2019-06-13 21:52:13,612 WARN  block.DeletedBlockLogImpl (DeletedBlockLogImpl.java:commitTransactions(205)) - Transaction txId=1 commit by dnId=2573df58-4087-4dd0-8598-5abddcc696b9 for containerID=#1 failed. Corresponding entry not found.
2019-06-13 21:52:13,611 WARN  events.EventWatcher (EventWatcher.java:lambda$start$0(110)) - Completion event without active lease. Id=1560462722241
2019-06-13 21:52:13,612 DEBUG block.DeletedBlockLogImpl (DeletedBlockLogImpl.java:isTransactionFailed(245)) - Got block deletion ACK from datanode, TXIDs=1, success=true
2019-06-13 21:52:13,612 WARN  block.DeletedBlockLogImpl (DeletedBlockLogImpl.java:commitTransactions(205)) - Transaction txId=1 commit by dnId=2573df58-4087-4dd0-8598-5abddcc696b9 for containerID=#1 failed. Corresponding entry not found.
2019-06-13 21:52:13,612 WARN  events.EventWatcher (EventWatcher.java:lambda$start$0(110)) - Completion event without active lease. Id=1560462722242
2019-06-13 21:52:13,612 DEBUG block.DeletedBlockLogImpl (DeletedBlockLogImpl.java:isTransactionFailed(245)) - Got block deletion ACK from datanode, TXIDs=1, success=true
2019-06-13 21:52:13,612 WARN  block.DeletedBlockLogImpl (DeletedBlockLogImpl.java:commitTransactions(205)) - Transaction txId=1 commit by dnId=2573df58-4087-4dd0-8598-5abddcc696b9 for containerID=#1 failed. Corresponding entry not found.
2019-06-13 21:52:13,612 DEBUG block.DeletedBlockLogImpl (DeletedBlockLogImpl.java:isTransactionFailed(245)) - Got block deletion ACK from datanode, TXIDs=1, success=true
2019-06-13 21:52:13,612 WARN  block.DeletedBlockLogImpl (DeletedBlockLogImpl.java:commitTransactions(205)) - Transaction txId=1 commit by dnId=2573df58-4087-4dd0-8598-5abddcc696b9 for containerID=#1 failed. Corresponding entry not found.
2019-06-13 21:52:13,612 INFO  commandhandler.DeleteBlocksCommandHandler (DeletedBlockLogImpl.java:isTransactionFailed(245)) - Got block deletion ACK from datanode, TXIDs=1, success=true
2019-06-13 21:52:13,612 WARN  block.DeletedBlockLogImpl (DeleteBlocksCommandHandler.java:handle(106)) - Start to delete container blocks, TXIDs=[1(0),2(0),3(0)], numOfContainers=3, numOfBlocks=553
DeletedBlockLogImpl.java:commitTransactions(205)) - Transaction txId=1 commit by dnId=2573df58-4087-4dd0-8598-5abddcc696b9 for containerID=#1 failed. Corresponding entry not found.
2019-06-13 21:52:13,612 INFO  commandhandler.DeleteBlocksCommandHandler (DeleteBlocksCommandHandler.java:handle(106)) - Start to delete container blocks, TXIDs=[1(0),2(0),3(0)], numOfContainers=3, numOfBlocks=553
2019-06-13 21:52:13,612 DEBUG block.DeletedBlockLogImpl (DeletedBlockLogImpl.java:isTransactionFailed(245)) - Got block deletion ACK from datanode, TXIDs=1, success=true
2019-06-13 21:52:13,612 WARN  block.DeletedBlockLogImpl (DeletedBlockLogImpl.java:commitTransactions(205)) - Transaction txId=1 commit by dnId=2573df58-4087-4dd0-8598-5abddcc696b9 for containerID=#1 failed. Corresponding entry not found.
2019-06-13 21:52:13,613 DEBUG block.DeletedBlockLogImpl (DeletedBlockLogImpl.java:isTransactionFailed(245)) - Got block deletion ACK from datanode, TXIDs=1, success=true
2019-06-13 21:52:13,613 WARN  block.DeletedBlockLogImpl (DeletedBlockLogImpl.java:commitTransactions(205)) - Transaction txId=1 commit by dnId=2573df58-4087-4dd0-8598-5abddcc696b9 for containerID=#1 failed. Corresponding entry not found.
2019-06-13 21:52:13,613 WARN  block.DeletedBlockLogImpl (DeletedBlockLogImpl.java:incrementCount(141)) - Deleted TXID not found.
2019-06-13 21:52:13,613 WARN  block.DeletedBlockLogImpl (DeletedBlockLogImpl.java:incrementCount(141)) - Deleted TXID not found.
2019-06-13 21:52:13,613 WARN  block.DeletedBlockLogImpl (DeletedBlockLogImpl.java:incrementCount(141)) - Deleted TXID not found.
2019-06-13 21:52:13,613 DEBUG block.DeletedBlockLogImpl (DeletedBlockLogImpl.java:isTransactionFailed(245)) - Got block deletion ACK from datanode, TXIDs=1, success=true
2019-06-13 21:52:13,613 WARN  block.DeletedBlockLogImpl (DeletedBlockLogImpl.java:commitTransactions(205)) - Transaction txId=1 commit by dnId=2573df58-4087-4dd0-8598-5abddcc696b9 for containerID=#1 failed. Corresponding entry not found.
2019-06-13 21:52:13,613 WARN  block.DeletedBlockLogImpl (DeletedBlockLogImpl.java:incrementCount(141)) - Deleted TXID not found.
2019-06-13 21:52:13,613 WARN  block.DeletedBlockLogImpl (DeleteBlocksCommandHandler.java:handle(106)) - Start to delete container blocks, TXIDs=[1(0),2(0),3(0)], numOfContainers=3, numOfBlocks=553
DeletedBlockLogImpl.java:incrementCount(141)) - Deleted TXID not found.
2019-06-13 21:52:13,613 WARN  block.DeletedBlockLogImpl (DeletedBlockLogImpl.java:incrementCount(141)) - Deleted TXID not found.
2019-06-13 21:52:13,613 INFO  commandhandler.DeleteBlocksCommandHandler (DeleteBlocksCommandHandler.java:handle(106)) - Start to delete container blocks, TXIDs=[1(0),2(0),3(0)], numOfContainers=3, numOfBlocks=553
2019-06-13 21:52:13,613 WARN  block.DeletedBlockLogImpl (DeletedBlockLogImpl.java:incrementCount(141)) - Deleted TXID not found.
2019-06-13 21:52:13,613 WARN  block.DeletedBlockLogImpl (DeletedBlockLogImpl.java:incrementCount(141)) - Deleted TXID not found.
2019-06-13 21:52:13,613 WARN  block.DeletedBlockLogImpl (DeletedBlockLogImpl.java:incrementCount(141)) - Deleted TXID not found.
2019-06-13 21:52:13,613 WARN  block.DeletedBlockLogImpl (DeletedBlockLogImpl.java:incrementCount(141)) - Deleted TXID not found.
2019-06-13 21:52:13,614 WARN  block.DeletedBlockLogImpl (DeletedBlockLogImpl.java:incrementCount(141)) - Deleted TXID not found.
2019-06-13 21:52:13,614 WARN  block.DeletedBlockLogImpl (DeletedBlockLogImpl.java:incrementCount(141)) - Deleted TXID not found.
2019-06-13 21:52:13,614 WARN  block.DeletedBlockLogImpl (DeletedBlockLogImpl.java:incrementCount(141)) - Deleted TXID not found.
2019-06-13 21:52:13,614 WARN  block.DeletedBlockLogImpl (DeletedBlockLogImpl.java:incrementCount(141)) - Deleted TXID not found.
2019-06-13 21:52:13,614 WARN  block.DeletedBlockLogImpl (DeletedBlockLogImpl.java:incrementCount(141)) - Deleted TXID not found.
2019-06-13 21:52:13,614 WARN  block.DeletedBlockLogImpl (DeletedBlockLogImpl.java:incrementCount(141)) - Deleted TXID not found.
2019-06-13 21:52:13,614 WARN  block.DeletedBlockLogImpl (DeletedBlockLogImpl.java:incrementCount(141)) - Deleted TXID not found.
2019-06-13 21:52:13,614 WARN  block.DeletedBlockLogImpl (DeletedBlockLogImpl.java:incrementCount(141)) - Deleted TXID not found.
2019-06-13 21:52:13,614 INFO  commandhandler.DeleteBlocksCommandHandler (DeletedBlockLogImpl.java:incrementCount(141)) - Deleted TXID not found.
2019-06-13 21:52:13,614 WARN  block.DeletedBlockLogImpl (DeleteBlocksCommandHandler.java:handle(106)) - Start to delete container blocks, TXIDs=[1(0),2(0),3(0)], numOfContainers=3, numOfBlocks=553
DeletedBlockLogImpl.java:incrementCount(141)) - Deleted TXID not found.
2019-06-13 21:52:13,614 INFO  commandhandler.DeleteBlocksCommandHandler (DeleteBlocksCommandHandler.java:handle(106)) - Start to delete container blocks, TXIDs=[1(0),2(0),3(0)], numOfContainers=3, numOfBlocks=553
2019-06-13 21:52:13,614 WARN  block.DeletedBlockLogImpl (DeletedBlockLogImpl.java:incrementCount(141)) - Deleted TXID not found.
2019-06-13 21:52:13,614 WARN  block.DeletedBlockLogImpl (DeletedBlockLogImpl.java:incrementCount(141)) - Deleted TXID not found.
2019-06-13 21:52:13,614 WARN  block.DeletedBlockLogImpl (DeletedBlockLogImpl.java:incrementCount(141)) - Deleted TXID not found.
2019-06-13 21:52:13,614 WARN  block.DeletedBlockLogImpl (DeletedBlockLogImpl.java:incrementCount(141)) - Deleted TXID not found.
2019-06-13 21:52:13,614 WARN  block.DeletedBlockLogImpl (DeletedBlockLogImpl.java:incrementCount(141)) - Deleted TXID not found.
2019-06-13 21:52:13,614 WARN  block.DeletedBlockLogImpl (DeletedBlockLogImpl.java:incrementCount(141)) - Deleted TXID not found.
2019-06-13 21:52:13,615 WARN  block.DeletedBlockLogImpl (DeletedBlockLogImpl.java:incrementCount(141)) - Deleted TXID not found.
2019-06-13 21:52:13,615 DEBUG block.DeletedBlockLogImpl (DeletedBlockLogImpl.java:isTransactionFailed(245)) - Got block deletion ACK from datanode, TXIDs=1, success=true
2019-06-13 21:52:13,615 INFO  commandhandler.DeleteBlocksCommandHandler (DeletedBlockLogImpl.java:commitTransactions(205)) - Transaction txId=1 commit by dnId=2573df58-4087-4dd0-8598-5abddcc696b9 for containerID=#1 failed. Corresponding entry not found.
2019-06-13 21:52:13,615 INFO  commandhandler.DeleteBlocksCommandHandler (DeleteBlocksCommandHandler.java:handle(106)) - Start to delete container blocks, TXIDs=[1(0),2(0),3(0)], numOfContainers=3, numOfBlocks=553
2019-06-13 21:52:13,615 DEBUG block.DeletedBlockLogImpl (DeletedBlockLogImpl.java:isTransactionFailed(245)) - Got block deletion ACK from datanode, TXIDs=1, success=true
2019-06-13 21:52:13,615 WARN  block.DeletedBlockLogImpl (DeletedBlockLogImpl.java:commitTransactions(205)) - Transaction txId=1 commit by dnId=2573df58-4087-4dd0-8598-5abddcc696b9 for containerID=#1 failed. Corresponding entry not found.
2019-06-13 21:52:13,615 DEBUG block.DeletedBlockLogImpl (DeletedBlockLogImpl.java:isTransactionFailed(245)) - Got block deletion ACK from datanode, TXIDs=1, success=true
2019-06-13 21:52:13,615 WARN  block.DeletedBlockLogImpl (DeletedBlockLogImpl.java:commitTransactions(205)) - Transaction txId=1 commit by dnId=2573df58-4087-4dd0-8598-5abddcc696b9 for containerID=#1 failed. Corresponding entry not found.
2019-06-13 21:52:13,615 DEBUG block.DeletedBlockLogImpl (DeletedBlockLogImpl.java:isTransactionFailed(245)) - Got block deletion ACK from datanode, TXIDs=1, success=true
2019-06-13 21:52:13,615 WARN  block.DeletedBlockLogImpl (DeletedBlockLogImpl.java:commitTransactions(205)) - Transaction txId=1 commit by dnId=2573df58-4087-4dd0-8598-5abddcc696b9 for containerID=#1 failed. Corresponding entry not found.
2019-06-13 21:52:13,615 DEBUG block.DeletedBlockLogImpl (DeletedBlockLogImpl.java:isTransactionFailed(245)) - Got block deletion ACK from datanode, TXIDs=1, success=true
2019-06-13 21:52:13,615 WARN  block.DeletedBlockLogImpl (DeletedBlockLogImpl.java:commitTransactions(205)) - Transaction txId=1 commit by dnId=2573df58-4087-4dd0-8598-5abddcc696b9 for containerID=#1 failed. Corresponding entry not found.
2019-06-13 21:52:13,615 DEBUG block.DeletedBlockLogImpl (DeletedBlockLogImpl.java:isTransactionFailed(245)) - Got block deletion ACK from datanode, TXIDs=1, success=true
2019-06-13 21:52:13,615 WARN  block.DeletedBlockLogImpl (DeletedBlockLogImpl.java:commitTransactions(205)) - Transaction txId=1 commit by dnId=2573df58-4087-4dd0-8598-5abddcc696b9 for containerID=#1 failed. Corresponding entry not found.
2019-06-13 21:52:13,615 DEBUG block.DeletedBlockLogImpl (DeletedBlockLogImpl.java:isTransactionFailed(245)) - Got block deletion ACK from datanode, TXIDs=1, success=true
2019-06-13 21:52:13,615 WARN  block.DeletedBlockLogImpl (DeletedBlockLogImpl.java:commitTransactions(205)) - Transaction txId=1 commit by dnId=2573df58-4087-4dd0-8598-5abddcc696b9 for containerID=#1 failed. Corresponding entry not found.
2019-06-13 21:52:13,616 INFO  commandhandler.DeleteBlocksCommandHandler (DeletedBlockLogImpl.java:isTransactionFailed(245)) - Got block deletion ACK from datanode, TXIDs=1, success=true
2019-06-13 21:52:13,616 WARN  block.DeletedBlockLogImpl (DeleteBlocksCommandHandler.java:handle(106)) - Start to delete container blocks, TXIDs=[1(0),2(0),3(0)], numOfContainers=3, numOfBlocks=553
DeletedBlockLogImpl.java:commitTransactions(205)) - Transaction txId=1 commit by dnId=2573df58-4087-4dd0-8598-5abddcc696b9 for containerID=#1 failed. Corresponding entry not found.
2019-06-13 21:52:13,616 DEBUG block.DeletedBlockLogImpl (DeletedBlockLogImpl.java:isTransactionFailed(245)) - Got block deletion ACK from datanode, TXIDs=1, success=true
2019-06-13 21:52:13,616 INFO  commandhandler.DeleteBlocksCommandHandler (DeleteBlocksCommandHandler.java:handle(106)) - Start to delete container blocks, TXIDs=[1(0),2(0),3(0)], numOfContainers=3, numOfBlocks=553
2019-06-13 21:52:13,616 WARN  block.DeletedBlockLogImpl (DeletedBlockLogImpl.java:commitTransactions(205)) - Transaction txId=1 commit by dnId=2573df58-4087-4dd0-8598-5abddcc696b9 for containerID=#1 failed. Corresponding entry not found.
2019-06-13 21:52:13,616 DEBUG block.DeletedBlockLogImpl (DeletedBlockLogImpl.java:isTransactionFailed(245)) - Got block deletion ACK from datanode, TXIDs=1, success=true
2019-06-13 21:52:13,616 WARN  block.DeletedBlockLogImpl (DeletedBlockLogImpl.java:commitTransactions(205)) - Transaction txId=1 commit by dnId=2573df58-4087-4dd0-8598-5abddcc696b9 for containerID=#1 failed. Corresponding entry not found.
2019-06-13 21:52:13,616 DEBUG block.DeletedBlockLogImpl (DeletedBlockLogImpl.java:isTransactionFailed(245)) - Got block deletion ACK from datanode, TXIDs=1, success=true
2019-06-13 21:52:13,616 WARN  block.DeletedBlockLogImpl (DeletedBlockLogImpl.java:commitTransactions(205)) - Transaction txId=1 commit by dnId=2573df58-4087-4dd0-8598-5abddcc696b9 for containerID=#1 failed. Corresponding entry not found.
2019-06-13 21:52:13,616 DEBUG block.DeletedBlockLogImpl (DeletedBlockLogImpl.java:isTransactionFailed(245)) - Got block deletion ACK from datanode, TXIDs=1, success=true
2019-06-13 21:52:13,616 WARN  block.DeletedBlockLogImpl (DeletedBlockLogImpl.java:commitTransactions(205)) - Transaction txId=1 commit by dnId=2573df58-4087-4dd0-8598-5abddcc696b9 for containerID=#1 failed. Corresponding entry not found.
2019-06-13 21:52:13,616 DEBUG block.DeletedBlockLogImpl (DeletedBlockLogImpl.java:isTransactionFailed(245)) - Got block deletion ACK from datanode, TXIDs=1, success=true
2019-06-13 21:52:13,616 WARN  block.DeletedBlockLogImpl (DeletedBlockLogImpl.java:commitTransactions(205)) - Transaction txId=1 commit by dnId=2573df58-4087-4dd0-8598-5abddcc696b9 for containerID=#1 failed. Corresponding entry not found.
2019-06-13 21:52:13,616 DEBUG block.DeletedBlockLogImpl (DeletedBlockLogImpl.java:isTransactionFailed(245)) - Got block deletion ACK from datanode, TXIDs=1, success=true
2019-06-13 21:52:13,616 WARN  block.DeletedBlockLogImpl (DeletedBlockLogImpl.java:commitTransactions(205)) - Transaction txId=1 commit by dnId=2573df58-4087-4dd0-8598-5abddcc696b9 for containerID=#1 failed. Corresponding entry not found.
2019-06-13 21:52:13,616 DEBUG block.DeletedBlockLogImpl (DeletedBlockLogImpl.java:isTransactionFailed(245)) - Got block deletion ACK from datanode, TXIDs=1, success=true
2019-06-13 21:52:13,616 WARN  block.DeletedBlockLogImpl (DeletedBlockLogImpl.java:commitTransactions(205)) - Transaction txId=1 commit by dnId=2573df58-4087-4dd0-8598-5abddcc696b9 for containerID=#1 failed. Corresponding entry not found.
2019-06-13 21:52:13,617 DEBUG block.DeletedBlockLogImpl (DeleteBlocksCommandHandler.java:handle(106)) - Start to delete container blocks, TXIDs=[1(528),2(528),3(528)], numOfContainers=3, numOfBlocks=553
DeletedBlockLogImpl.java:isTransactionFailed(245)) - Got block deletion ACK from datanode, TXIDs=1, success=true
2019-06-13 21:52:13,617 WARN  block.DeletedBlockLogImpl (DeletedBlockLogImpl.java:commitTransactions(205)) - Transaction txId=1 commit by dnId=2573df58-4087-4dd0-8598-5abddcc696b9 for containerID=#1 failed. Corresponding entry not found.
2019-06-13 21:52:13,617 INFO  commandhandler.DeleteBlocksCommandHandler (DeleteBlocksCommandHandler.java:handle(106)) - Start to delete container blocks, TXIDs=[1(528),2(528),3(528)], numOfContainers=3, numOfBlocks=553
2019-06-13 21:52:13,617 DEBUG block.DeletedBlockLogImpl (DeletedBlockLogImpl.java:isTransactionFailed(245)) - Got block deletion ACK from datanode, TXIDs=1, success=true
2019-06-13 21:52:13,617 WARN  block.DeletedBlockLogImpl (DeletedBlockLogImpl.java:commitTransactions(205)) - Transaction txId=1 commit by dnId=2573df58-4087-4dd0-8598-5abddcc696b9 for containerID=#1 failed. Corresponding entry not found.
2019-06-13 21:52:13,617 DEBUG block.DeletedBlockLogImpl (DeletedBlockLogImpl.java:isTransactionFailed(245)) - Got block deletion ACK from datanode, TXIDs=1, success=true
2019-06-13 21:52:13,617 WARN  block.DeletedBlockLogImpl (DeletedBlockLogImpl.java:commitTransactions(205)) - Transaction txId=1 commit by dnId=2573df58-4087-4dd0-8598-5abddcc696b9 for containerID=#1 failed. Corresponding entry not found.
2019-06-13 21:52:13,617 DEBUG block.DeletedBlockLogImpl (DeletedBlockLogImpl.java:isTransactionFailed(245)) - Got block deletion ACK from datanode, TXIDs=1, success=true
2019-06-13 21:52:13,617 WARN  block.DeletedBlockLogImpl (DeletedBlockLogImpl.java:commitTransactions(205)) - Transaction txId=1 commit by dnId=2573df58-4087-4dd0-8598-5abddcc696b9 for containerID=#1 failed. Corresponding entry not found.
2019-06-13 21:52:13,617 DEBUG block.DeletedBlockLogImpl (DeletedBlockLogImpl.java:isTransactionFailed(245)) - Got block deletion ACK from datanode, TXIDs=1, success=true
2019-06-13 21:52:13,617 WARN  block.DeletedBlockLogImpl (DeletedBlockLogImpl.java:commitTransactions(205)) - Transaction txId=1 commit by dnId=2573df58-4087-4dd0-8598-5abddcc696b9 for containerID=#1 failed. Corresponding entry not found.
2019-06-13 21:52:13,617 DEBUG block.DeletedBlockLogImpl (DeletedBlockLogImpl.java:isTransactionFailed(245)) - Got block deletion ACK from datanode, TXIDs=1, success=true
2019-06-13 21:52:13,617 WARN  block.DeletedBlockLogImpl (DeletedBlockLogImpl.java:commitTransactions(205)) - Transaction txId=1 commit by dnId=2573df58-4087-4dd0-8598-5abddcc696b9 for containerID=#1 failed. Corresponding entry not found.
2019-06-13 21:52:13,617 INFO  commandhandler.DeleteBlocksCommandHandler (DeleteBlocksCommandHandler.java:handle(106)) - Start to delete container blocks, TXIDs=[1(0),2(0),3(0)], numOfContainers=3, numOfBlocks=553
2019-06-13 21:52:13,618 INFO  commandhandler.DeleteBlocksCommandHandler (DeleteBlocksCommandHandler.java:handle(106)) - Start to delete container blocks, TXIDs=[1(0),2(0),3(0)], numOfContainers=3, numOfBlocks=553
2019-06-13 21:52:13,618 INFO  commandhandler.DeleteBlocksCommandHandler (DeleteBlocksCommandHandler.java:handle(106)) - Start to delete container blocks, TXIDs=[1(0),2(0),3(0)], numOfContainers=3, numOfBlocks=553
2019-06-13 21:52:13,619 INFO  commandhandler.DeleteBlocksCommandHandler (DeleteBlocksCommandHandler.java:handle(106)) - Start to delete container blocks, TXIDs=[1(0),2(0),3(0)], numOfContainers=3, numOfBlocks=553
2019-06-13 21:52:13,620 INFO  commandhandler.DeleteBlocksCommandHandler (DeleteBlocksCommandHandler.java:handle(106)) - Start to delete container blocks, TXIDs=[1(0),2(0),3(0)], numOfContainers=3, numOfBlocks=553
2019-06-13 21:52:13,620 INFO  commandhandler.DeleteBlocksCommandHandler (DeleteBlocksCommandHandler.java:handle(106)) - Start to delete container blocks, TXIDs=[1(0),2(0),3(0)], numOfContainers=3, numOfBlocks=553
2019-06-13 21:52:13,621 INFO  commandhandler.DeleteBlocksCommandHandler (DeleteBlocksCommandHandler.java:handle(106)) - Start to delete container blocks, TXIDs=[1(0),2(0),3(0)], numOfContainers=3, numOfBlocks=553
2019-06-13 21:52:13,621 INFO  commandhandler.DeleteBlocksCommandHandler (DeleteBlocksCommandHandler.java:handle(106)) - Start to delete container blocks, TXIDs=[1(0),2(0),3(0)], numOfContainers=3, numOfBlocks=553
2019-06-13 21:52:13,621 INFO  commands.RetriableDatanodeEventWatcher (RetriableDatanodeEventWatcher.java:onTimeout(47)) - RetriableDatanodeCommand type=deleteBlocksCommand with id=1560462722326 timed out. Retrying.
2019-06-13 21:52:13,622 INFO  commandhandler.DeleteBlocksCommandHandler (DeleteBlocksCommandHandler.java:handle(106)) - Start to delete container blocks, TXIDs=[1(0),2(0),3(0)], numOfContainers=3, numOfBlocks=553
2019-06-13 21:52:13,622 INFO  commandhandler.DeleteBlocksCommandHandler (DeleteBlocksCommandHandler.java:handle(106)) - Start to delete container blocks, TXIDs=[1(0),2(0),3(0)], numOfContainers=3, numOfBlocks=553
2019-06-13 21:52:13,623 INFO  commandhandler.DeleteBlocksCommandHandler (DeleteBlocksCommandHandler.java:handle(106)) - Start to delete container blocks, TXIDs=[1(528),2(528),3(528)], numOfContainers=3, numOfBlocks=553
2019-06-13 21:52:13,623 INFO  commandhandler.DeleteBlocksCommandHandler (DeleteBlocksCommandHandler.java:handle(106)) - Start to delete container blocks, TXIDs=[1(0),2(0),3(0)], numOfContainers=3, numOfBlocks=553
2019-06-13 21:52:13,624 INFO  commandhandler.DeleteBlocksCommandHandler (DeleteBlocksCommandHandler.java:handle(106)) - Start to delete container blocks, TXIDs=[1(0),2(0),3(0)], numOfContainers=3, numOfBlocks=553
2019-06-13 21:52:13,625 INFO  commandhandler.DeleteBlocksCommandHandler (DeleteBlocksCommandHandler.java:handle(106)) - Start to delete container blocks, TXIDs=[1(0),2(0),3(0)], numOfContainers=3, numOfBlocks=553
2019-06-13 21:52:13,625 INFO  commandhandler.DeleteBlocksCommandHandler (DeleteBlocksCommandHandler.java:handle(106)) - Start to delete container blocks, TXIDs=[1(0),2(0),3(0)], numOfContainers=3, numOfBlocks=553
2019-06-13 21:52:13,626 INFO  commandhandler.DeleteBlocksCommandHandler (DeleteBlocksCommandHandler.java:handle(106)) - Start to delete container blocks, TXIDs=[1(0),2(0),3(0)], numOfContainers=3, numOfBlocks=553
2019-06-13 21:52:13,626 INFO  commandhandler.DeleteBlocksCommandHandler (DeleteBlocksCommandHandler.java:handle(106)) - Start to delete container blocks, TXIDs=[1(0),2(0),3(0)], numOfContainers=3, numOfBlocks=553
2019-06-13 21:52:13,627 INFO  commandhandler.DeleteBlocksCommandHandler (DeleteBlocksCommandHandler.java:handle(106)) - Start to delete container blocks, TXIDs=[1(0),2(0),3(0)], numOfContainers=3, numOfBlocks=553
2019-06-13 21:52:13,627 INFO  commandhandler.DeleteBlocksCommandHandler (DeleteBlocksCommandHandler.java:handle(106)) - Start to delete container blocks, TXIDs=[1(0),2(0),3(0)], numOfContainers=3, numOfBlocks=553
2019-06-13 21:52:13,627 INFO  commands.RetriableDatanodeEventWatcher (RetriableDatanodeEventWatcher.java:onTimeout(47)) - RetriableDatanodeCommand type=deleteBlocksCommand with id=1560462722336 timed out. Retrying.
2019-06-13 21:52:13,628 INFO  commandhandler.DeleteBlocksCommandHandler (DeleteBlocksCommandHandler.java:handle(106)) - Start to delete container blocks, TXIDs=[1(0),2(0),3(0)], numOfContainers=3, numOfBlocks=553
2019-06-13 21:52:13,628 INFO  commandhandler.DeleteBlocksCommandHandler (DeleteBlocksCommandHandler.java:handle(106)) - Start to delete container blocks, TXIDs=[1(0),2(0),3(0)], numOfContainers=3, numOfBlocks=553
2019-06-13 21:52:13,629 INFO  commandhandler.DeleteBlocksCommandHandler (DeleteBlocksCommandHandler.java:handle(106)) - Start to delete container blocks, TXIDs=[1(592),2(592),3(592)], numOfContainers=3, numOfBlocks=553
2019-06-13 21:52:13,629 INFO  commandhandler.DeleteBlocksCommandHandler (DeleteBlocksCommandHandler.java:handle(106)) - Start to delete container blocks, TXIDs=[1(0),2(0),3(0)], numOfContainers=3, numOfBlocks=553
2019-06-13 21:52:13,630 INFO  commandhandler.DeleteBlocksCommandHandler (DeleteBlocksCommandHandler.java:handle(106)) - Start to delete container blocks, TXIDs=[1(0),2(0),3(0)], numOfContainers=3, numOfBlocks=553
2019-06-13 21:52:13,631 INFO  commandhandler.DeleteBlocksCommandHandler (DeleteBlocksCommandHandler.java:handle(106)) - Start to delete container blocks, TXIDs=[1(0),2(0),3(0)], numOfContainers=3, numOfBlocks=553
2019-06-13 21:52:13,631 INFO  commandhandler.DeleteBlocksCommandHandler (DeleteBlocksCommandHandler.java:handle(106)) - Start to delete container blocks, TXIDs=[1(0),2(0),3(0)], numOfContainers=3, numOfBlocks=553
2019-06-13 21:52:13,632 INFO  commandhandler.DeleteBlocksCommandHandler (DeleteBlocksCommandHandler.java:handle(106)) - Start to delete container blocks, TXIDs=[1(0),2(0),3(0)], numOfContainers=3, numOfBlocks=553
2019-06-13 21:52:13,632 INFO  commandhandler.DeleteBlocksCommandHandler (DeleteBlocksCommandHandler.java:handle(106)) - Start to delete container blocks, TXIDs=[1(0),2(0),3(0)], numOfContainers=3, numOfBlocks=553
2019-06-13 21:52:13,633 INFO  commandhandler.DeleteBlocksCommandHandler (DeleteBlocksCommandHandler.java:handle(106)) - Start to delete container blocks, TXIDs=[1(0),2(0),3(0)], numOfContainers=3, numOfBlocks=553
2019-06-13 21:52:13,633 INFO  commandhandler.DeleteBlocksCommandHandler (DeleteBlocksCommandHandler.java:handle(106)) - Start to delete container blocks, TXIDs=[1(0),2(0),3(0)], numOfContainers=3, numOfBlocks=553
2019-06-13 21:52:13,634 INFO  commandhandler.DeleteBlocksCommandHandler (DeleteBlocksCommandHandler.java:handle(106)) - Start to delete container blocks, TXIDs=[1(0),2(0),3(0)], numOfContainers=3, numOfBlocks=553
2019-06-13 21:52:13,634 INFO  commandhandler.DeleteBlocksCommandHandler (DeleteBlocksCommandHandler.java:handle(106)) - Start to delete container blocks, TXIDs=[1(0),2(0),3(0)], numOfContainers=3, numOfBlocks=553
2019-06-13 21:52:13,635 INFO  commandhandler.DeleteBlocksCommandHandler (DeleteBlocksCommandHandler.java:handle(106)) - Start to delete container blocks, TXIDs=[1(598),2(598),3(598)], numOfContainers=3, numOfBlocks=553
2019-06-13 21:52:13,636 INFO  commandhandler.DeleteBlocksCommandHandler (DeleteBlocksCommandHandler.java:handle(106)) - Start to delete container blocks, TXIDs=[1(0),2(0),3(0)], numOfContainers=3, numOfBlocks=553
2019-06-13 21:52:13,637 INFO  commandhandler.DeleteBlocksCommandHandler (DeleteBlocksCommandHandler.java:handle(106)) - Start to delete container blocks, TXIDs=[1(0),2(0),3(0)], numOfContainers=3, numOfBlocks=553
2019-06-13 21:52:13,637 INFO  commandhandler.DeleteBlocksCommandHandler (DeleteBlocksCommandHandler.java:handle(106)) - Start to delete container blocks, TXIDs=[1(0),2(0),3(0)], numOfContainers=3, numOfBlocks=553
2019-06-13 21:52:13,638 INFO  commandhandler.DeleteBlocksCommandHandler (DeleteBlocksCommandHandler.java:handle(106)) - Start to delete container blocks, TXIDs=[1(0),2(0),3(0)], numOfContainers=3, numOfBlocks=553
2019-06-13 21:52:13,638 INFO  commandhandler.DeleteBlocksCommandHandler (DeleteBlocksCommandHandler.java:handle(106)) - Start to delete container blocks, TXIDs=[1(0),2(0),3(0)], numOfContainers=3, numOfBlocks=553
2019-06-13 21:52:13,639 INFO  commandhandler.DeleteBlocksCommandHandler (DeleteBlocksCommandHandler.java:handle(106)) - Start to delete container blocks, TXIDs=[1(0),2(0),3(0)], numOfContainers=3, numOfBlocks=553
2019-06-13 21:52:13,640 INFO  commandhandler.DeleteBlocksCommandHandler (DeleteBlocksCommandHandler.java:handle(106)) - Start to delete container blocks, TXIDs=[1(0),2(0),3(0)], numOfContainers=3, numOfBlocks=553
2019-06-13 21:52:13,640 INFO  commandhandler.DeleteBlocksCommandHandler (DeleteBlocksCommandHandler.java:handle(106)) - Start to delete container blocks, TXIDs=[1(0),2(0),3(0)], numOfContainers=3, numOfBlocks=553
2019-06-13 21:52:13,641 INFO  commandhandler.DeleteBlocksCommandHandler (DeleteBlocksCommandHandler.java:handle(106)) - Start to delete container blocks, TXIDs=[1(0),2(0),3(0)], numOfContainers=3, numOfBlocks=553
2019-06-13 21:52:13,641 INFO  commandhandler.DeleteBlocksCommandHandler (DeleteBlocksCommandHandler.java:handle(106)) - Start to delete container blocks, TXIDs=[1(0),2(0),3(0)], numOfContainers=3, numOfBlocks=553
2019-06-13 21:52:13,642 INFO  commandhandler.DeleteBlocksCommandHandler (DeleteBlocksCommandHandler.java:handle(106)) - Start to delete container blocks, TXIDs=[1(613),2(613),3(613)], numOfContainers=3, numOfBlocks=553
2019-06-13 21:52:13,642 INFO  commandhandler.DeleteBlocksCommandHandler (DeleteBlocksCommandHandler.java:handle(106)) - Start to delete container blocks, TXIDs=[1(0),2(0),3(0)], numOfContainers=3, numOfBlocks=553
2019-06-13 21:52:13,643 INFO  commandhandler.DeleteBlocksCommandHandler (DeleteBlocksCommandHandler.java:handle(106)) - Start to delete container blocks, TXIDs=[1(0),2(0),3(0)], numOfContainers=3, numOfBlocks=553
2019-06-13 21:52:13,643 INFO  commandhandler.DeleteBlocksCommandHandler (DeleteBlocksCommandHandler.java:handle(106)) - Start to delete container blocks, TXIDs=[1(0),2(0),3(0)], numOfContainers=3, numOfBlocks=553
2019-06-13 21:52:13,644 INFO  commandhandler.DeleteBlocksCommandHandler (DeleteBlocksCommandHandler.java:handle(106)) - Start to delete container blocks, TXIDs=[1(0),2(0),3(0)], numOfContainers=3, numOfBlocks=553
2019-06-13 21:52:13,644 INFO  commandhandler.DeleteBlocksCommandHandler (DeleteBlocksCommandHandler.java:handle(106)) - Start to delete container blocks, TXIDs=[1(0),2(0),3(0)], numOfContainers=3, numOfBlocks=553
2019-06-13 21:52:13,645 INFO  commandhandler.DeleteBlocksCommandHandler (DeleteBlocksCommandHandler.java:handle(106)) - Start to delete container blocks, TXIDs=[1(0),2(0),3(0)], numOfContainers=3, numOfBlocks=553
2019-06-13 21:52:13,645 INFO  commandhandler.DeleteBlocksCommandHandler (DeleteBlocksCommandHandler.java:handle(106)) - Start to delete container blocks, TXIDs=[1(0),2(0),3(0)], numOfContainers=3, numOfBlocks=553
2019-06-13 21:52:13,646 INFO  commandhandler.DeleteBlocksCommandHandler (DeleteBlocksCommandHandler.java:handle(106)) - Start to delete container blocks, TXIDs=[1(0),2(0),3(0)], numOfContainers=3, numOfBlocks=553
2019-06-13 21:52:13,647 INFO  commandhandler.DeleteBlocksCommandHandler (DeleteBlocksCommandHandler.java:handle(106)) - Start to delete container blocks, TXIDs=[1(0),2(0),3(0)], numOfContainers=3, numOfBlocks=553
2019-06-13 21:52:13,647 DEBUG block.SCMBlockDeletingService (SCMBlockDeletingService.java:call(138)) - Running DeletedBlockTransactionScanner
2019-06-13 21:52:13,647 DEBUG block.SCMBlockDeletingService (SCMBlockDeletingService.java:call(155)) - Scanned deleted blocks log and got 0 delTX to process.
2019-06-13 21:52:13,647 INFO  commandhandler.DeleteBlocksCommandHandler (DeleteBlocksCommandHandler.java:handle(106)) - Start to delete container blocks, TXIDs=[1(0),2(0),3(0)], numOfContainers=3, numOfBlocks=553
2019-06-13 21:52:13,648 INFO  commandhandler.DeleteBlocksCommandHandler (DeleteBlocksCommandHandler.java:handle(106)) - Start to delete container blocks, TXIDs=[1(613),2(613),3(613)], numOfContainers=3, numOfBlocks=553
2019-06-13 21:52:13,648 INFO  commandhandler.DeleteBlocksCommandHandler (DeleteBlocksCommandHandler.java:handle(106)) - Start to delete container blocks, TXIDs=[1(0),2(0),3(0)], numOfContainers=3, numOfBlocks=553
2019-06-13 21:52:13,649 INFO  commandhandler.DeleteBlocksCommandHandler (DeleteBlocksCommandHandler.java:handle(106)) - Start to delete container blocks, TXIDs=[1(0),2(0),3(0)], numOfContainers=3, numOfBlocks=553
2019-06-13 21:52:13,649 INFO  commandhandler.DeleteBlocksCommandHandler (DeleteBlocksCommandHandler.java:handle(106)) - Start to delete container blocks, TXIDs=[1(0),2(0),3(0)], numOfContainers=3, numOfBlocks=553
2019-06-13 21:52:13,650 INFO  commandhandler.DeleteBlocksCommandHandler (DeleteBlocksCommandHandler.java:handle(106)) - Start to delete container blocks, TXIDs=[1(0),2(0),3(0)], numOfContainers=3, numOfBlocks=553
2019-06-13 21:52:13,650 INFO  commandhandler.DeleteBlocksCommandHandler (DeleteBlocksCommandHandler.java:handle(106)) - Start to delete container blocks, TXIDs=[1(0),2(0),3(0)], numOfContainers=3, numOfBlocks=553
2019-06-13 21:52:13,651 INFO  commandhandler.DeleteBlocksCommandHandler (DeleteBlocksCommandHandler.java:handle(106)) - Start to delete container blocks, TXIDs=[1(0),2(0),3(0)], numOfContainers=3, numOfBlocks=553
2019-06-13 21:52:13,651 INFO  commandhandler.DeleteBlocksCommandHandler (DeleteBlocksCommandHandler.java:handle(106)) - Start to delete container blocks, TXIDs=[1(0),2(0),3(0)], numOfContainers=3, numOfBlocks=553
2019-06-13 21:52:13,652 INFO  commandhandler.DeleteBlocksCommandHandler (DeleteBlocksCommandHandler.java:handle(106)) - Start to delete container blocks, TXIDs=[1(0),2(0),3(0)], numOfContainers=3, numOfBlocks=553
2019-06-13 21:52:13,652 INFO  commandhandler.DeleteBlocksCommandHandler (DeleteBlocksCommandHandler.java:handle(106)) - Start to delete container blocks, TXIDs=[1(0),2(0),3(0)], numOfContainers=3, numOfBlocks=553
2019-06-13 21:52:13,653 INFO  commandhandler.DeleteBlocksCommandHandler (DeleteBlocksCommandHandler.java:handle(106)) - Start to delete container blocks, TXIDs=[1(1),2(1),3(1)], numOfContainers=3, numOfBlocks=553
2019-06-13 21:52:13,654 INFO  commandhandler.DeleteBlocksCommandHandler (DeleteBlocksCommandHandler.java:handle(106)) - Start to delete container blocks, TXIDs=[1(635),2(635),3(635)], numOfContainers=3, numOfBlocks=553
2019-06-13 21:52:13,654 INFO  commandhandler.DeleteBlocksCommandHandler (DeleteBlocksCommandHandler.java:handle(106)) - Start to delete container blocks, TXIDs=[1(0),2(0),3(0)], numOfContainers=3, numOfBlocks=553
2019-06-13 21:52:13,655 INFO  commandhandler.DeleteBlocksCommandHandler (DeleteBlocksCommandHandler.java:handle(106)) - Start to delete container blocks, TXIDs=[1(0),2(0),3(0)], numOfContainers=3, numOfBlocks=553
2019-06-13 21:52:13,655 INFO  commandhandler.DeleteBlocksCommandHandler (DeleteBlocksCommandHandler.java:handle(106)) - Start to delete container blocks, TXIDs=[1(0),2(0),3(0)], numOfContainers=3, numOfBlocks=553
2019-06-13 21:52:13,656 INFO  commandhandler.DeleteBlocksCommandHandler (DeleteBlocksCommandHandler.java:handle(106)) - Start to delete container blocks, TXIDs=[1(0),2(0),3(0)], numOfContainers=3, numOfBlocks=553
2019-06-13 21:52:13,656 INFO  commandhandler.DeleteBlocksCommandHandler (DeleteBlocksCommandHandler.java:handle(106)) - Start to delete container blocks, TXIDs=[1(0),2(0),3(0)], numOfContainers=3, numOfBlocks=553
2019-06-13 21:52:13,657 INFO  commandhandler.DeleteBlocksCommandHandler (DeleteBlocksCommandHandler.java:handle(106)) - Start to delete container blocks, TXIDs=[1(0),2(0),3(0)], numOfContainers=3, numOfBlocks=553
2019-06-13 21:52:13,657 INFO  commandhandler.DeleteBlocksCommandHandler (DeleteBlocksCommandHandler.java:handle(106)) - Start to delete container blocks, TXIDs=[1(0),2(0),3(0)], numOfContainers=3, numOfBlocks=553
2019-06-13 21:52:13,658 INFO  commandhandler.DeleteBlocksCommandHandler (DeleteBlocksCommandHandler.java:handle(106)) - Start to delete container blocks, TXIDs=[1(0),2(0),3(0)], numOfContainers=3, numOfBlocks=553
2019-06-13 21:52:13,658 INFO  commandhandler.DeleteBlocksCommandHandler (DeleteBlocksCommandHandler.java:handle(106)) - Start to delete container blocks, TXIDs=[1(0),2(0),3(0)], numOfContainers=3, numOfBlocks=553
2019-06-13 21:52:13,659 INFO  commandhandler.DeleteBlocksCommandHandler (DeleteBlocksCommandHandler.java:handle(106)) - Start to delete container blocks, TXIDs=[1(528),2(528),3(528)], numOfContainers=3, numOfBlocks=553
2019-06-13 21:52:13,659 INFO  commandhandler.DeleteBlocksCommandHandler (DeleteBlocksCommandHandler.java:handle(106)) - Start to delete container blocks, TXIDs=[1(635),2(635),3(635)], numOfContainers=3, numOfBlocks=553
2019-06-13 21:52:13,660 INFO  commandhandler.DeleteBlocksCommandHandler (DeleteBlocksCommandHandler.java:handle(106)) - Start to delete container blocks, TXIDs=[1(0),2(0),3(0)], numOfContainers=3, numOfBlocks=553
2019-06-13 21:52:13,661 INFO  commandhandler.DeleteBlocksCommandHandler (DeleteBlocksCommandHandler.java:handle(106)) - Start to delete container blocks, TXIDs=[1(0),2(0),3(0)], numOfContainers=3, numOfBlocks=553
2019-06-13 21:52:13,661 INFO  commandhandler.DeleteBlocksCommandHandler (DeleteBlocksCommandHandler.java:handle(106)) - Start to delete container blocks, TXIDs=[1(0),2(0),3(0)], numOfContainers=3, numOfBlocks=553
2019-06-13 21:52:13,662 INFO  commandhandler.DeleteBlocksCommandHandler (DeleteBlocksCommandHandler.java:handle(106)) - Start to delete container blocks, TXIDs=[1(0),2(0),3(0)], numOfContainers=3, numOfBlocks=553
2019-06-13 21:52:13,662 INFO  commandhandler.DeleteBlocksCommandHandler (DeleteBlocksCommandHandler.java:handle(106)) - Start to delete container blocks, TXIDs=[1(0),2(0),3(0)], numOfContainers=3, numOfBlocks=553
2019-06-13 21:52:13,663 INFO  commandhandler.DeleteBlocksCommandHandler (DeleteBlocksCommandHandler.java:handle(106)) - Start to delete container blocks, TXIDs=[1(0),2(0),3(0)], numOfContainers=3, numOfBlocks=553
2019-06-13 21:52:13,663 INFO  commandhandler.DeleteBlocksCommandHandler (DeleteBlocksCommandHandler.java:handle(106)) - Start to delete container blocks, TXIDs=[1(0),2(0),3(0)], numOfContainers=3, numOfBlocks=553
2019-06-13 21:52:13,664 INFO  commandhandler.DeleteBlocksCommandHandler (DeleteBlocksCommandHandler.java:handle(106)) - Start to delete container blocks, TXIDs=[1(0),2(0),3(0)], numOfContainers=3, numOfBlocks=553
2019-06-13 21:52:13,664 INFO  commandhandler.DeleteBlocksCommandHandler (DeleteBlocksCommandHandler.java:handle(106)) - Start to delete container blocks, TXIDs=[1(0),2(0),3(0)], numOfContainers=3, numOfBlocks=553
2019-06-13 21:52:13,665 INFO  commandhandler.DeleteBlocksCommandHandler (DeleteBlocksCommandHandler.java:handle(106)) - Start to delete container blocks, TXIDs=[1(528),2(528),3(528)], numOfContainers=3, numOfBlocks=553
2019-06-13 21:52:13,665 INFO  commandhandler.DeleteBlocksCommandHandler (DeleteBlocksCommandHandler.java:handle(106)) - Start to delete container blocks, TXIDs=[1(657),2(657),3(657)], numOfContainers=3, numOfBlocks=553
2019-06-13 21:52:13,666 INFO  commandhandler.DeleteBlocksCommandHandler (DeleteBlocksCommandHandler.java:handle(106)) - Start to delete container blocks, TXIDs=[1(0),2(0),3(0)], numOfContainers=3, numOfBlocks=553
2019-06-13 21:52:13,666 INFO  commandhandler.DeleteBlocksCommandHandler (DeleteBlocksCommandHandler.java:handle(106)) - Start to delete container blocks, TXIDs=[1(0),2(0),3(0)], numOfContainers=3, numOfBlocks=553
2019-06-13 21:52:13,667 INFO  commandhandler.DeleteBlocksCommandHandler (DeleteBlocksCommandHandler.java:handle(106)) - Start to delete container blocks, TXIDs=[1(0),2(0),3(0)], numOfContainers=3, numOfBlocks=553
2019-06-13 21:52:13,668 INFO  commandhandler.DeleteBlocksCommandHandler (DeleteBlocksCommandHandler.java:handle(106)) - Start to delete container blocks, TXIDs=[1(0),2(0),3(0)], numOfContainers=3, numOfBlocks=553
2019-06-13 21:52:13,668 INFO  commandhandler.DeleteBlocksCommandHandler (DeleteBlocksCommandHandler.java:handle(106)) - Start to delete container blocks, TXIDs=[1(0),2(0),3(0)], numOfContainers=3, numOfBlocks=553
2019-06-13 21:52:13,669 INFO  commandhandler.DeleteBlocksCommandHandler (DeleteBlocksCommandHandler.java:handle(106)) - Start to delete container blocks, TXIDs=[1(0),2(0),3(0)], numOfContainers=3, numOfBlocks=553
2019-06-13 21:52:13,669 INFO  commandhandler.DeleteBlocksCommandHandler (DeleteBlocksCommandHandler.java:handle(106)) - Start to delete container blocks, TXIDs=[1(0),2(0),3(0)], numOfContainers=3, numOfBlocks=553
2019-06-13 21:52:13,670 INFO  commandhandler.DeleteBlocksCommandHandler (DeleteBlocksCommandHandler.java:handle(106)) - Start to delete container blocks, TXIDs=[1(0),2(0),3(0)], numOfContainers=3, numOfBlocks=553
2019-06-13 21:52:13,670 INFO  commandhandler.DeleteBlocksCommandHandler (DeleteBlocksCommandHandler.java:handle(106)) - Start to delete container blocks, TXIDs=[1(0),2(0),3(0)], numOfContainers=3, numOfBlocks=553
2019-06-13 21:52:13,671 INFO  commandhandler.DeleteBlocksCommandHandler (DeleteBlocksCommandHandler.java:handle(106)) - Start to delete container blocks, TXIDs=[1(0),2(0),3(0)], numOfContainers=3, numOfBlocks=553
2019-06-13 21:52:13,671 INFO  commandhandler.DeleteBlocksCommandHandler (DeleteBlocksCommandHandler.java:handle(106)) - Start to delete container blocks, TXIDs=[1(528),2(528),3(528)], numOfContainers=3, numOfBlocks=553
2019-06-13 21:52:13,672 INFO  commandhandler.DeleteBlocksCommandHandler (DeleteBlocksCommandHandler.java:handle(106)) - Start to delete container blocks, TXIDs=[1(657),2(657),3(657)], numOfContainers=3, numOfBlocks=553
2019-06-13 21:52:13,672 INFO  commandhandler.DeleteBlocksCommandHandler (DeleteBlocksCommandHandler.java:handle(106)) - Start to delete container blocks, TXIDs=[1(0),2(0),3(0)], numOfContainers=3, numOfBlocks=553
2019-06-13 21:52:13,673 INFO  commandhandler.DeleteBlocksCommandHandler (DeleteBlocksCommandHandler.java:handle(106)) - Start to delete container blocks, TXIDs=[1(0),2(0),3(0)], numOfContainers=3, numOfBlocks=553
2019-06-13 21:52:13,674 INFO  commandhandler.DeleteBlocksCommandHandler (DeleteBlocksCommandHandler.java:handle(106)) - Start to delete container blocks, TXIDs=[1(0),2(0),3(0)], numOfContainers=3, numOfBlocks=553
2019-06-13 21:52:13,674 INFO  commandhandler.DeleteBlocksCommandHandler (DeleteBlocksCommandHandler.java:handle(106)) - Start to delete container blocks, TXIDs=[1(0),2(0),3(0)], numOfContainers=3, numOfBlocks=553
2019-06-13 21:52:13,675 INFO  commandhandler.DeleteBlocksCommandHandler (DeleteBlocksCommandHandler.java:handle(106)) - Start to delete container blocks, TXIDs=[1(0),2(0),3(0)], numOfContainers=3, numOfBlocks=553
2019-06-13 21:52:13,675 INFO  commandhandler.DeleteBlocksCommandHandler (DeleteBlocksCommandHandler.java:handle(106)) - Start to delete container blocks, TXIDs=[1(0),2(0),3(0)], numOfContainers=3, numOfBlocks=553
2019-06-13 21:52:13,676 INFO  commandhandler.DeleteBlocksCommandHandler (DeleteBlocksCommandHandler.java:handle(106)) - Start to delete container blocks, TXIDs=[1(0),2(0),3(0)], numOfContainers=3, numOfBlocks=553
2019-06-13 21:52:13,676 INFO  commandhandler.DeleteBlocksCommandHandler (DeleteBlocksCommandHandler.java:handle(106)) - Start to delete container blocks, TXIDs=[1(0),2(0),3(0)], numOfContainers=3, numOfBlocks=553
2019-06-13 21:52:13,677 INFO  commandhandler.DeleteBlocksCommandHandler (DeleteBlocksCommandHandler.java:handle(106)) - Start to delete container blocks, TXIDs=[1(0),2(0),3(0)], numOfContainers=3, numOfBlocks=553
2019-06-13 21:52:13,677 INFO  commandhandler.DeleteBlocksCommandHandler (DeleteBlocksCommandHandler.java:handle(106)) - Start to delete container blocks, TXIDs=[1(0),2(0),3(0)], numOfContainers=3, numOfBlocks=553
2019-06-13 21:52:13,678 INFO  commandhandler.DeleteBlocksCommandHandler (DeleteBlocksCommandHandler.java:handle(106)) - Start to delete container blocks, TXIDs=[1(528),2(528),3(528)], numOfContainers=3, numOfBlocks=553
2019-06-13 21:52:13,679 INFO  commandhandler.DeleteBlocksCommandHandler (DeleteBlocksCommandHandler.java:handle(106)) - Start to delete container blocks, TXIDs=[1(0),2(0),3(0)], numOfContainers=3, numOfBlocks=553
2019-06-13 21:52:13,679 INFO  commandhandler.DeleteBlocksCommandHandler (DeleteBlocksCommandHandler.java:handle(106)) - Start to delete container blocks, TXIDs=[1(0),2(0),3(0)], numOfContainers=3, numOfBlocks=553
2019-06-13 21:52:13,680 INFO  commandhandler.DeleteBlocksCommandHandler (DeleteBlocksCommandHandler.java:handle(106)) - Start to delete container blocks, TXIDs=[1(0),2(0),3(0)], numOfContainers=3, numOfBlocks=553
2019-06-13 21:52:13,680 INFO  commandhandler.DeleteBlocksCommandHandler (DeleteBlocksCommandHandler.java:handle(106)) - Start to delete container blocks, TXIDs=[1(0),2(0),3(0)], numOfContainers=3, numOfBlocks=553
2019-06-13 21:52:13,681 INFO  commandhandler.DeleteBlocksCommandHandler (DeleteBlocksCommandHandler.java:handle(106)) - Start to delete container blocks, TXIDs=[1(0),2(0),3(0)], numOfContainers=3, numOfBlocks=553
2019-06-13 21:52:13,681 INFO  commandhandler.DeleteBlocksCommandHandler (DeleteBlocksCommandHandler.java:handle(106)) - Start to delete container blocks, TXIDs=[1(528),2(528),3(528)], numOfContainers=3, numOfBlocks=553
2019-06-13 21:52:13,682 INFO  commandhandler.DeleteBlocksCommandHandler (DeleteBlocksCommandHandler.java:handle(106)) - Start to delete container blocks, TXIDs=[1(0),2(0),3(0)], numOfContainers=3, numOfBlocks=553
2019-06-13 21:52:13,682 INFO  commandhandler.DeleteBlocksCommandHandler (DeleteBlocksCommandHandler.java:handle(106)) - Start to delete container blocks, TXIDs=[1(0),2(0),3(0)], numOfContainers=3, numOfBlocks=553
2019-06-13 21:52:13,683 INFO  commandhandler.DeleteBlocksCommandHandler (DeleteBlocksCommandHandler.java:handle(106)) - Start to delete container blocks, TXIDs=[1(0),2(0),3(0)], numOfContainers=3, numOfBlocks=553
2019-06-13 21:52:13,703 INFO  commands.RetriableDatanodeEventWatcher (RetriableDatanodeEventWatcher.java:onTimeout(47)) - RetriableDatanodeCommand type=deleteBlocksCommand with id=1560462722307 timed out. Retrying.
2019-06-13 21:52:13,711 INFO  commands.RetriableDatanodeEventWatcher (RetriableDatanodeEventWatcher.java:onTimeout(47)) - RetriableDatanodeCommand type=deleteBlocksCommand with id=1560462722317 timed out. Retrying.
2019-06-13 21:52:13,719 INFO  commands.RetriableDatanodeEventWatcher (RetriableDatanodeEventWatcher.java:onTimeout(47)) - RetriableDatanodeCommand type=deleteBlocksCommand with id=1560462722327 timed out. Retrying.
2019-06-13 21:52:13,728 INFO  commands.RetriableDatanodeEventWatcher (RetriableDatanodeEventWatcher.java:onTimeout(47)) - RetriableDatanodeCommand type=deleteBlocksCommand with id=1560462722337 timed out. Retrying.
2019-06-13 21:52:13,747 DEBUG block.SCMBlockDeletingService (SCMBlockDeletingService.java:call(138)) - Running DeletedBlockTransactionScanner
2019-06-13 21:52:13,747 DEBUG block.SCMBlockDeletingService (SCMBlockDeletingService.java:call(155)) - Scanned deleted blocks log and got 0 delTX to process.
2019-06-13 21:52:13,806 INFO  commands.RetriableDatanodeEventWatcher (RetriableDatanodeEventWatcher.java:onTimeout(47)) - RetriableDatanodeCommand type=deleteBlocksCommand with id=1560462722308 timed out. Retrying.
2019-06-13 21:52:13,810 WARN  block.DeletedBlockLogImpl (DeletedBlockLogImpl.java:incrementCount(141)) - Deleted TXID not found.
2019-06-13 21:52:13,810 WARN  events.EventWatcher (EventWatcher.java:lambda$start$0(110)) - Completion event without active lease. Id=1560462722233
2019-06-13 21:52:13,810 WARN  block.DeletedBlockLogImpl (DeletedBlockLogImpl.java:incrementCount(141)) - Deleted TXID not found.
2019-06-13 21:52:13,811 WARN  block.DeletedBlockLogImpl (DeletedBlockLogImpl.java:incrementCount(141)) - Deleted TXID not found.
2019-06-13 21:52:13,811 DEBUG block.DeletedBlockLogImpl (DeletedBlockLogImpl.java:isTransactionFailed(245)) - Got block deletion ACK from datanode, TXIDs=1, success=true
2019-06-13 21:52:13,811 WARN  events.EventWatcher (EventWatcher.java:lambda$start$0(110)) - Completion event without active lease. Id=1560462722234
2019-06-13 21:52:13,811 WARN  block.DeletedBlockLogImpl (DeletedBlockLogImpl.java:commitTransactions(205)) - Transaction txId=1 commit by dnId=2573df58-4087-4dd0-8598-5abddcc696b9 for containerID=#1 failed. Corresponding entry not found.
2019-06-13 21:52:13,811 WARN  events.EventWatcher (EventWatcher.java:lambda$start$0(110)) - Completion event without active lease. Id=1560462722303
2019-06-13 21:52:13,811 WARN  events.EventWatcher (EventWatcher.java:lambda$start$0(110)) - Completion event without active lease. Id=1560462722293
2019-06-13 21:52:13,811 INFO  commands.RetriableDatanodeEventWatcher (RetriableDatanodeEventWatcher.java:onTimeout(47)) - RetriableDatanodeCommand type=deleteBlocksCommand with id=1560462722318 timed out. Retrying.
2019-06-13 21:52:13,811 DEBUG block.DeletedBlockLogImpl (DeletedBlockLogImpl.java:isTransactionFailed(245)) - Got block deletion ACK from datanode, TXIDs=1, success=true
2019-06-13 21:52:13,811 WARN  events.EventWatcher (EventWatcher.java:lambda$start$0(110)) - Completion event without active lease. Id=1560462722294
2019-06-13 21:52:13,811 WARN  block.DeletedBlockLogImpl (DeletedBlockLogImpl.java:commitTransactions(205)) - Transaction txId=1 commit by dnId=2573df58-4087-4dd0-8598-5abddcc696b9 for containerID=#1 failed. Corresponding entry not found.
2019-06-13 21:52:13,811 WARN  events.EventWatcher (EventWatcher.java:lambda$start$0(110)) - Completion event without active lease. Id=1560462722283
2019-06-13 21:52:13,811 DEBUG block.DeletedBlockLogImpl (DeletedBlockLogImpl.java:isTransactionFailed(245)) - Got block deletion ACK from datanode, TXIDs=1, success=true
2019-06-13 21:52:13,812 WARN  block.DeletedBlockLogImpl (DeletedBlockLogImpl.java:commitTransactions(205)) - Transaction txId=1 commit by dnId=2573df58-4087-4dd0-8598-5abddcc696b9 for containerID=#1 failed. Corresponding entry not found.
2019-06-13 21:52:13,812 WARN  events.EventWatcher (EventWatcher.java:lambda$start$0(110)) - Completion event without active lease. Id=1560462722284
2019-06-13 21:52:13,812 DEBUG block.DeletedBlockLogImpl (DeletedBlockLogImpl.java:isTransactionFailed(245)) - Got block deletion ACK from datanode, TXIDs=1, success=true
2019-06-13 21:52:13,812 WARN  events.EventWatcher (EventWatcher.java:lambda$start$0(110)) - Completion event without active lease. Id=1560462722273
2019-06-13 21:52:13,812 WARN  block.DeletedBlockLogImpl (DeletedBlockLogImpl.java:commitTransactions(205)) - Transaction txId=1 commit by dnId=2573df58-4087-4dd0-8598-5abddcc696b9 for containerID=#1 failed. Corresponding entry not found.
2019-06-13 21:52:13,812 WARN  events.EventWatcher (EventWatcher.java:lambda$start$0(110)) - Completion event without active lease. Id=1560462722274
2019-06-13 21:52:13,812 WARN  block.DeletedBlockLogImpl (DeletedBlockLogImpl.java:incrementCount(141)) - Deleted TXID not found.
2019-06-13 21:52:13,812 WARN  events.EventWatcher (EventWatcher.java:lambda$start$0(110)) - Completion event without active lease. Id=1560462722264
2019-06-13 21:52:13,812 WARN  block.DeletedBlockLogImpl (DeletedBlockLogImpl.java:incrementCount(141)) - Deleted TXID not found.
2019-06-13 21:52:13,812 WARN  events.EventWatcher (EventWatcher.java:lambda$start$0(110)) - Completion event without active lease. Id=1560462722263
2019-06-13 21:52:13,812 WARN  block.DeletedBlockLogImpl (DeletedBlockLogImpl.java:incrementCount(141)) - Deleted TXID not found.
2019-06-13 21:52:13,812 WARN  events.EventWatcher (EventWatcher.java:lambda$start$0(110)) - Completion event without active lease. Id=1560462722253
2019-06-13 21:52:13,812 DEBUG block.DeletedBlockLogImpl (DeletedBlockLogImpl.java:isTransactionFailed(245)) - Got block deletion ACK from datanode, TXIDs=1, success=true
2019-06-13 21:52:13,812 WARN  events.EventWatcher (EventWatcher.java:lambda$start$0(110)) - Completion event without active lease. Id=1560462722254
2019-06-13 21:52:13,812 WARN  block.DeletedBlockLogImpl (DeletedBlockLogImpl.java:commitTransactions(205)) - Transaction txId=1 commit by dnId=2573df58-4087-4dd0-8598-5abddcc696b9 for containerID=#1 failed. Corresponding entry not found.
2019-06-13 21:52:13,813 WARN  events.EventWatcher (EventWatcher.java:lambda$start$0(110)) - Completion event without active lease. Id=1560462722243
2019-06-13 21:52:13,813 WARN  block.DeletedBlockLogImpl (DeletedBlockLogImpl.java:incrementCount(141)) - Deleted TXID not found.
2019-06-13 21:52:13,813 WARN  events.EventWatcher (EventWatcher.java:lambda$start$0(110)) - Completion event without active lease. Id=1560462722244
2019-06-13 21:52:13,813 WARN  block.DeletedBlockLogImpl (DeletedBlockLogImpl.java:incrementCount(141)) - Deleted TXID not found.
2019-06-13 21:52:13,813 WARN  block.DeletedBlockLogImpl (DeletedBlockLogImpl.java:incrementCount(141)) - Deleted TXID not found.
2019-06-13 21:52:13,813 WARN  events.EventWatcher (EventWatcher.java:lambda$start$0(110)) - Completion event without active lease. Id=1560462722304
2019-06-13 21:52:13,813 WARN  block.DeletedBlockLogImpl (DeletedBlockLogImpl.java:incrementCount(141)) - Deleted TXID not found.
2019-06-13 21:52:13,813 WARN  block.DeletedBlockLogImpl (DeletedBlockLogImpl.java:incrementCount(141)) - Deleted TXID not found.
2019-06-13 21:52:13,813 WARN  block.DeletedBlockLogImpl (DeletedBlockLogImpl.java:incrementCount(141)) - Deleted TXID not found.
2019-06-13 21:52:13,813 WARN  block.DeletedBlockLogImpl (DeletedBlockLogImpl.java:incrementCount(141)) - Deleted TXID not found.
2019-06-13 21:52:13,813 WARN  block.DeletedBlockLogImpl (DeletedBlockLogImpl.java:incrementCount(141)) - Deleted TXID not found.
2019-06-13 21:52:13,813 WARN  block.DeletedBlockLogImpl (DeletedBlockLogImpl.java:incrementCount(141)) - Deleted TXID not found.
2019-06-13 21:52:13,813 DEBUG block.DeletedBlockLogImpl (DeletedBlockLogImpl.java:isTransactionFailed(245)) - Got block deletion ACK from datanode, TXIDs=1, success=true
2019-06-13 21:52:13,813 WARN  block.DeletedBlockLogImpl (DeletedBlockLogImpl.java:commitTransactions(205)) - Transaction txId=1 commit by dnId=2573df58-4087-4dd0-8598-5abddcc696b9 for containerID=#1 failed. Corresponding entry not found.
2019-06-13 21:52:13,813 WARN  block.DeletedBlockLogImpl (DeletedBlockLogImpl.java:incrementCount(141)) - Deleted TXID not found.
2019-06-13 21:52:13,814 WARN  block.DeletedBlockLogImpl (DeletedBlockLogImpl.java:incrementCount(141)) - Deleted TXID not found.
2019-06-13 21:52:13,814 WARN  block.DeletedBlockLogImpl (DeletedBlockLogImpl.java:incrementCount(141)) - Deleted TXID not found.
2019-06-13 21:52:13,814 DEBUG block.DeletedBlockLogImpl (DeletedBlockLogImpl.java:isTransactionFailed(245)) - Got block deletion ACK from datanode, TXIDs=1, success=true
2019-06-13 21:52:13,814 WARN  block.DeletedBlockLogImpl (DeletedBlockLogImpl.java:commitTransactions(205)) - Transaction txId=1 commit by dnId=2573df58-4087-4dd0-8598-5abddcc696b9 for containerID=#1 failed. Corresponding entry not found.
2019-06-13 21:52:13,814 DEBUG block.DeletedBlockLogImpl (DeletedBlockLogImpl.java:isTransactionFailed(245)) - Got block deletion ACK from datanode, TXIDs=1, success=true
2019-06-13 21:52:13,814 WARN  block.DeletedBlockLogImpl (DeletedBlockLogImpl.java:commitTransactions(205)) - Transaction txId=1 commit by dnId=2573df58-4087-4dd0-8598-5abddcc696b9 for containerID=#1 failed. Corresponding entry not found.
2019-06-13 21:52:13,814 WARN  block.DeletedBlockLogImpl (DeletedBlockLogImpl.java:incrementCount(141)) - Deleted TXID not found.
2019-06-13 21:52:13,814 WARN  block.DeletedBlockLogImpl (DeletedBlockLogImpl.java:incrementCount(141)) - Deleted TXID not found.
2019-06-13 21:52:13,814 WARN  block.DeletedBlockLogImpl (DeletedBlockLogImpl.java:incrementCount(141)) - Deleted TXID not found.
2019-06-13 21:52:13,814 DEBUG block.DeletedBlockLogImpl (DeletedBlockLogImpl.java:isTransactionFailed(245)) - Got block deletion ACK from datanode, TXIDs=1, success=true
2019-06-13 21:52:13,814 WARN  block.DeletedBlockLogImpl (DeletedBlockLogImpl.java:commitTransactions(205)) - Transaction txId=1 commit by dnId=2573df58-4087-4dd0-8598-5abddcc696b9 for containerID=#1 failed. Corresponding entry not found.
2019-06-13 21:52:13,814 WARN  block.DeletedBlockLogImpl (DeletedBlockLogImpl.java:incrementCount(141)) - Deleted TXID not found.
2019-06-13 21:52:13,814 WARN  block.DeletedBlockLogImpl (DeletedBlockLogImpl.java:incrementCount(141)) - Deleted TXID not found.
2019-06-13 21:52:13,815 WARN  block.DeletedBlockLogImpl (DeletedBlockLogImpl.java:incrementCount(141)) - Deleted TXID not found.
2019-06-13 21:52:13,815 DEBUG block.DeletedBlockLogImpl (DeletedBlockLogImpl.java:isTransactionFailed(245)) - Got block deletion ACK from datanode, TXIDs=1, success=true
2019-06-13 21:52:13,815 WARN  block.DeletedBlockLogImpl (DeletedBlockLogImpl.java:commitTransactions(205)) - Transaction txId=1 commit by dnId=2573df58-4087-4dd0-8598-5abddcc696b9 for containerID=#1 failed. Corresponding entry not found.
2019-06-13 21:52:13,815 DEBUG block.DeletedBlockLogImpl (DeletedBlockLogImpl.java:isTransactionFailed(245)) - Got block deletion ACK from datanode, TXIDs=1, success=true
2019-06-13 21:52:13,815 WARN  block.DeletedBlockLogImpl (DeletedBlockLogImpl.java:commitTransactions(205)) - Transaction txId=1 commit by dnId=2573df58-4087-4dd0-8598-5abddcc696b9 for containerID=#1 failed. Corresponding entry not found.
2019-06-13 21:52:13,815 DEBUG block.DeletedBlockLogImpl (DeletedBlockLogImpl.java:isTransactionFailed(245)) - Got block deletion ACK from datanode, TXIDs=1, success=true
2019-06-13 21:52:13,815 WARN  block.DeletedBlockLogImpl (DeletedBlockLogImpl.java:commitTransactions(205)) - Transaction txId=1 commit by dnId=2573df58-4087-4dd0-8598-5abddcc696b9 for containerID=#1 failed. Corresponding entry not found.
2019-06-13 21:52:13,815 DEBUG block.DeletedBlockLogImpl (DeletedBlockLogImpl.java:isTransactionFailed(245)) - Got block deletion ACK from datanode, TXIDs=1, success=true
2019-06-13 21:52:13,815 WARN  block.DeletedBlockLogImpl (DeletedBlockLogImpl.java:commitTransactions(205)) - Transaction txId=1 commit by dnId=2573df58-4087-4dd0-8598-5abddcc696b9 for containerID=#1 failed. Corresponding entry not found.
2019-06-13 21:52:13,815 DEBUG block.DeletedBlockLogImpl (DeletedBlockLogImpl.java:isTransactionFailed(245)) - Got block deletion ACK from datanode, TXIDs=1, success=true
2019-06-13 21:52:13,815 WARN  block.DeletedBlockLogImpl (DeletedBlockLogImpl.java:commitTransactions(205)) - Transaction txId=1 commit by dnId=2573df58-4087-4dd0-8598-5abddcc696b9 for containerID=#1 failed. Corresponding entry not found.
2019-06-13 21:52:13,815 DEBUG block.DeletedBlockLogImpl (DeletedBlockLogImpl.java:isTransactionFailed(245)) - Got block deletion ACK from datanode, TXIDs=1, success=true
2019-06-13 21:52:13,815 WARN  block.DeletedBlockLogImpl (DeletedBlockLogImpl.java:commitTransactions(205)) - Transaction txId=1 commit by dnId=2573df58-4087-4dd0-8598-5abddcc696b9 for containerID=#1 failed. Corresponding entry not found.
2019-06-13 21:52:13,815 DEBUG block.DeletedBlockLogImpl (DeletedBlockLogImpl.java:isTransactionFailed(245)) - Got block deletion ACK from datanode, TXIDs=1, success=true
2019-06-13 21:52:13,815 WARN  block.DeletedBlockLogImpl (DeletedBlockLogImpl.java:commitTransactions(205)) - Transaction txId=1 commit by dnId=2573df58-4087-4dd0-8598-5abddcc696b9 for containerID=#1 failed. Corresponding entry not found.
2019-06-13 21:52:13,815 DEBUG block.DeletedBlockLogImpl (DeletedBlockLogImpl.java:isTransactionFailed(245)) - Got block deletion ACK from datanode, TXIDs=1, success=true
2019-06-13 21:52:13,816 WARN  block.DeletedBlockLogImpl (DeletedBlockLogImpl.java:commitTransactions(205)) - Transaction txId=1 commit by dnId=2573df58-4087-4dd0-8598-5abddcc696b9 for containerID=#1 failed. Corresponding entry not found.
2019-06-13 21:52:13,816 DEBUG block.DeletedBlockLogImpl (DeletedBlockLogImpl.java:isTransactionFailed(245)) - Got block deletion ACK from datanode, TXIDs=1, success=true
2019-06-13 21:52:13,816 WARN  block.DeletedBlockLogImpl (DeletedBlockLogImpl.java:commitTransactions(205)) - Transaction txId=1 commit by dnId=2573df58-4087-4dd0-8598-5abddcc696b9 for containerID=#1 failed. Corresponding entry not found.
2019-06-13 21:52:13,816 DEBUG block.DeletedBlockLogImpl (DeletedBlockLogImpl.java:isTransactionFailed(245)) - Got block deletion ACK from datanode, TXIDs=1, success=true
2019-06-13 21:52:13,816 WARN  block.DeletedBlockLogImpl (DeletedBlockLogImpl.java:commitTransactions(205)) - Transaction txId=1 commit by dnId=2573df58-4087-4dd0-8598-5abddcc696b9 for containerID=#1 failed. Corresponding entry not found.
2019-06-13 21:52:13,816 DEBUG block.DeletedBlockLogImpl (DeletedBlockLogImpl.java:isTransactionFailed(245)) - Got block deletion ACK from datanode, TXIDs=1, success=true
2019-06-13 21:52:13,816 WARN  block.DeletedBlockLogImpl (DeletedBlockLogImpl.java:commitTransactions(205)) - Transaction txId=1 commit by dnId=2573df58-4087-4dd0-8598-5abddcc696b9 for containerID=#1 failed. Corresponding entry not found.
2019-06-13 21:52:13,816 DEBUG block.DeletedBlockLogImpl (DeletedBlockLogImpl.java:isTransactionFailed(245)) - Got block deletion ACK from datanode, TXIDs=1, success=true
2019-06-13 21:52:13,816 WARN  block.DeletedBlockLogImpl (DeletedBlockLogImpl.java:commitTransactions(205)) - Transaction txId=1 commit by dnId=2573df58-4087-4dd0-8598-5abddcc696b9 for containerID=#1 failed. Corresponding entry not found.
2019-06-13 21:52:13,816 DEBUG block.DeletedBlockLogImpl (DeletedBlockLogImpl.java:isTransactionFailed(245)) - Got block deletion ACK from datanode, TXIDs=1, success=true
2019-06-13 21:52:13,816 WARN  block.DeletedBlockLogImpl (DeletedBlockLogImpl.java:commitTransactions(205)) - Transaction txId=1 commit by dnId=2573df58-4087-4dd0-8598-5abddcc696b9 for containerID=#1 failed. Corresponding entry not found.
2019-06-13 21:52:13,816 DEBUG block.DeletedBlockLogImpl (DeletedBlockLogImpl.java:isTransactionFailed(245)) - Got block deletion ACK from datanode, TXIDs=1, success=true
2019-06-13 21:52:13,816 WARN  block.DeletedBlockLogImpl (DeletedBlockLogImpl.java:commitTransactions(205)) - Transaction txId=1 commit by dnId=2573df58-4087-4dd0-8598-5abddcc696b9 for containerID=#1 failed. Corresponding entry not found.
2019-06-13 21:52:13,816 DEBUG block.DeletedBlockLogImpl (DeletedBlockLogImpl.java:isTransactionFailed(245)) - Got block deletion ACK from datanode, TXIDs=1, success=true
2019-06-13 21:52:13,816 WARN  block.DeletedBlockLogImpl (DeletedBlockLogImpl.java:commitTransactions(205)) - Transaction txId=1 commit by dnId=2573df58-4087-4dd0-8598-5abddcc696b9 for containerID=#1 failed. Corresponding entry not found.
2019-06-13 21:52:13,816 DEBUG block.DeletedBlockLogImpl (DeletedBlockLogImpl.java:isTransactionFailed(245)) - Got block deletion ACK from datanode, TXIDs=1, success=true
2019-06-13 21:52:13,817 WARN  block.DeletedBlockLogImpl (DeletedBlockLogImpl.java:commitTransactions(205)) - Transaction txId=1 commit by dnId=2573df58-4087-4dd0-8598-5abddcc696b9 for containerID=#1 failed. Corresponding entry not found.
2019-06-13 21:52:13,817 DEBUG block.DeletedBlockLogImpl (DeletedBlockLogImpl.java:isTransactionFailed(245)) - Got block deletion ACK from datanode, TXIDs=1, success=true
2019-06-13 21:52:13,817 WARN  block.DeletedBlockLogImpl (DeletedBlockLogImpl.java:commitTransactions(205)) - Transaction txId=1 commit by dnId=2573df58-4087-4dd0-8598-5abddcc696b9 for containerID=#1 failed. Corresponding entry not found.
2019-06-13 21:52:13,817 DEBUG block.DeletedBlockLogImpl (DeletedBlockLogImpl.java:isTransactionFailed(245)) - Got block deletion ACK from datanode, TXIDs=1, success=true
2019-06-13 21:52:13,817 WARN  block.DeletedBlockLogImpl (DeletedBlockLogImpl.java:commitTransactions(205)) - Transaction txId=1 commit by dnId=2573df58-4087-4dd0-8598-5abddcc696b9 for containerID=#1 failed. Corresponding entry not found.
2019-06-13 21:52:13,817 DEBUG block.DeletedBlockLogImpl (DeletedBlockLogImpl.java:isTransactionFailed(245)) - Got block deletion ACK from datanode, TXIDs=1, success=true
2019-06-13 21:52:13,817 WARN  block.DeletedBlockLogImpl (DeletedBlockLogImpl.java:commitTransactions(205)) - Transaction txId=1 commit by dnId=2573df58-4087-4dd0-8598-5abddcc696b9 for containerID=#1 failed. Corresponding entry not found.
2019-06-13 21:52:13,817 DEBUG block.DeletedBlockLogImpl (DeletedBlockLogImpl.java:isTransactionFailed(245)) - Got block deletion ACK from datanode, TXIDs=1, success=true
2019-06-13 21:52:13,817 WARN  block.DeletedBlockLogImpl (DeletedBlockLogImpl.java:commitTransactions(205)) - Transaction txId=1 commit by dnId=2573df58-4087-4dd0-8598-5abddcc696b9 for containerID=#1 failed. Corresponding entry not found.
2019-06-13 21:52:13,817 DEBUG block.DeletedBlockLogImpl (DeletedBlockLogImpl.java:isTransactionFailed(245)) - Got block deletion ACK from datanode, TXIDs=1, success=true
2019-06-13 21:52:13,817 WARN  block.DeletedBlockLogImpl (DeletedBlockLogImpl.java:commitTransactions(205)) - Transaction txId=1 commit by dnId=2573df58-4087-4dd0-8598-5abddcc696b9 for containerID=#1 failed. Corresponding entry not found.
2019-06-13 21:52:13,817 DEBUG block.DeletedBlockLogImpl (DeletedBlockLogImpl.java:isTransactionFailed(245)) - Got block deletion ACK from datanode, TXIDs=1, success=true
2019-06-13 21:52:13,817 WARN  block.DeletedBlockLogImpl (DeletedBlockLogImpl.java:commitTransactions(205)) - Transaction txId=1 commit by dnId=2573df58-4087-4dd0-8598-5abddcc696b9 for containerID=#1 failed. Corresponding entry not found.
2019-06-13 21:52:13,817 DEBUG block.DeletedBlockLogImpl (DeletedBlockLogImpl.java:isTransactionFailed(245)) - Got block deletion ACK from datanode, TXIDs=1, success=true
2019-06-13 21:52:13,817 WARN  block.DeletedBlockLogImpl (DeletedBlockLogImpl.java:commitTransactions(205)) - Transaction txId=1 commit by dnId=2573df58-4087-4dd0-8598-5abddcc696b9 for containerID=#1 failed. Corresponding entry not found.
2019-06-13 21:52:13,817 DEBUG block.DeletedBlockLogImpl (DeletedBlockLogImpl.java:isTransactionFailed(245)) - Got block deletion ACK from datanode, TXIDs=1, success=true
2019-06-13 21:52:13,817 WARN  block.DeletedBlockLogImpl (DeletedBlockLogImpl.java:commitTransactions(205)) - Transaction txId=1 commit by dnId=2573df58-4087-4dd0-8598-5abddcc696b9 for containerID=#1 failed. Corresponding entry not found.
2019-06-13 21:52:13,818 DEBUG block.DeletedBlockLogImpl (DeletedBlockLogImpl.java:isTransactionFailed(245)) - Got block deletion ACK from datanode, TXIDs=1, success=true
2019-06-13 21:52:13,818 WARN  block.DeletedBlockLogImpl (DeletedBlockLogImpl.java:commitTransactions(205)) - Transaction txId=1 commit by dnId=2573df58-4087-4dd0-8598-5abddcc696b9 for containerID=#1 failed. Corresponding entry not found.
2019-06-13 21:52:13,818 DEBUG block.DeletedBlockLogImpl (DeletedBlockLogImpl.java:isTransactionFailed(245)) - Got block deletion ACK from datanode, TXIDs=1, success=true
2019-06-13 21:52:13,818 WARN  block.DeletedBlockLogImpl (DeletedBlockLogImpl.java:commitTransactions(205)) - Transaction txId=1 commit by dnId=2573df58-4087-4dd0-8598-5abddcc696b9 for containerID=#1 failed. Corresponding entry not found.
2019-06-13 21:52:13,818 DEBUG block.DeletedBlockLogImpl (DeletedBlockLogImpl.java:isTransactionFailed(245)) - Got block deletion ACK from datanode, TXIDs=1, success=true
2019-06-13 21:52:13,818 WARN  block.DeletedBlockLogImpl (DeletedBlockLogImpl.java:commitTransactions(205)) - Transaction txId=1 commit by dnId=2573df58-4087-4dd0-8598-5abddcc696b9 for containerID=#1 failed. Corresponding entry not found.
2019-06-13 21:52:13,818 DEBUG block.DeletedBlockLogImpl (DeletedBlockLogImpl.java:isTransactionFailed(245)) - Got block deletion ACK from datanode, TXIDs=1, success=true
2019-06-13 21:52:13,818 WARN  block.DeletedBlockLogImpl (DeletedBlockLogImpl.java:commitTransactions(205)) - Transaction txId=1 commit by dnId=2573df58-4087-4dd0-8598-5abddcc696b9 for containerID=#1 failed. Corresponding entry not found.
2019-06-13 21:52:13,818 DEBUG block.DeletedBlockLogImpl (DeletedBlockLogImpl.java:isTransactionFailed(245)) - Got block deletion ACK from datanode, TXIDs=1, success=true
2019-06-13 21:52:13,818 WARN  block.DeletedBlockLogImpl (DeletedBlockLogImpl.java:commitTransactions(205)) - Transaction txId=1 commit by dnId=2573df58-4087-4dd0-8598-5abddcc696b9 for containerID=#1 failed. Corresponding entry not found.
2019-06-13 21:52:13,818 DEBUG block.DeletedBlockLogImpl (DeletedBlockLogImpl.java:isTransactionFailed(245)) - Got block deletion ACK from datanode, TXIDs=1, success=true
2019-06-13 21:52:13,818 WARN  block.DeletedBlockLogImpl (DeletedBlockLogImpl.java:commitTransactions(205)) - Transaction txId=1 commit by dnId=2573df58-4087-4dd0-8598-5abddcc696b9 for containerID=#1 failed. Corresponding entry not found.
2019-06-13 21:52:13,818 DEBUG block.DeletedBlockLogImpl (DeletedBlockLogImpl.java:isTransactionFailed(245)) - Got block deletion ACK from datanode, TXIDs=1, success=true
2019-06-13 21:52:13,818 WARN  block.DeletedBlockLogImpl (DeletedBlockLogImpl.java:commitTransactions(205)) - Transaction txId=1 commit by dnId=2573df58-4087-4dd0-8598-5abddcc696b9 for containerID=#1 failed. Corresponding entry not found.
2019-06-13 21:52:13,818 DEBUG block.DeletedBlockLogImpl (DeletedBlockLogImpl.java:isTransactionFailed(245)) - Got block deletion ACK from datanode, TXIDs=1, success=true
2019-06-13 21:52:13,818 WARN  block.DeletedBlockLogImpl (DeletedBlockLogImpl.java:commitTransactions(205)) - Transaction txId=1 commit by dnId=2573df58-4087-4dd0-8598-5abddcc696b9 for containerID=#1 failed. Corresponding entry not found.
2019-06-13 21:52:13,818 DEBUG block.DeletedBlockLogImpl (DeletedBlockLogImpl.java:isTransactionFailed(245)) - Got block deletion ACK from datanode, TXIDs=1, success=true
2019-06-13 21:52:13,819 WARN  block.DeletedBlockLogImpl (DeletedBlockLogImpl.java:commitTransactions(205)) - Transaction txId=1 commit by dnId=2573df58-4087-4dd0-8598-5abddcc696b9 for containerID=#1 failed. Corresponding entry not found.
2019-06-13 21:52:13,819 DEBUG block.DeletedBlockLogImpl (DeletedBlockLogImpl.java:isTransactionFailed(245)) - Got block deletion ACK from datanode, TXIDs=1, success=true
2019-06-13 21:52:13,819 WARN  block.DeletedBlockLogImpl (DeletedBlockLogImpl.java:commitTransactions(205)) - Transaction txId=1 commit by dnId=2573df58-4087-4dd0-8598-5abddcc696b9 for containerID=#1 failed. Corresponding entry not found.
2019-06-13 21:52:13,829 INFO  commands.RetriableDatanodeEventWatcher (RetriableDatanodeEventWatcher.java:onTimeout(47)) - RetriableDatanodeCommand type=deleteBlocksCommand with id=1560462722338 timed out. Retrying.
2019-06-13 21:52:13,847 DEBUG block.SCMBlockDeletingService (SCMBlockDeletingService.java:call(138)) - Running DeletedBlockTransactionScanner
2019-06-13 21:52:13,848 DEBUG block.SCMBlockDeletingService (SCMBlockDeletingService.java:call(155)) - Scanned deleted blocks log and got 0 delTX to process.
2019-06-13 21:52:13,929 INFO  commands.RetriableDatanodeEventWatcher (RetriableDatanodeEventWatcher.java:onTimeout(47)) - RetriableDatanodeCommand type=deleteBlocksCommand with id=1560462722339 timed out. Retrying.
2019-06-13 21:52:13,948 DEBUG block.SCMBlockDeletingService (SCMBlockDeletingService.java:call(138)) - Running DeletedBlockTransactionScanner
2019-06-13 21:52:13,948 DEBUG block.SCMBlockDeletingService (SCMBlockDeletingService.java:call(155)) - Scanned deleted blocks log and got 0 delTX to process.
2019-06-13 21:52:14,010 WARN  block.DeletedBlockLogImpl (DeletedBlockLogImpl.java:incrementCount(141)) - Deleted TXID not found.
2019-06-13 21:52:14,010 WARN  events.EventWatcher (EventWatcher.java:lambda$start$0(110)) - Completion event without active lease. Id=1560462722296
2019-06-13 21:52:14,010 WARN  block.DeletedBlockLogImpl (DeletedBlockLogImpl.java:incrementCount(141)) - Deleted TXID not found.
2019-06-13 21:52:14,010 WARN  events.EventWatcher (EventWatcher.java:lambda$start$0(110)) - Completion event without active lease. Id=1560462722295
2019-06-13 21:52:14,010 WARN  block.DeletedBlockLogImpl (DeletedBlockLogImpl.java:incrementCount(141)) - Deleted TXID not found.
2019-06-13 21:52:14,010 WARN  events.EventWatcher (EventWatcher.java:lambda$start$0(110)) - Completion event without active lease. Id=1560462722285
2019-06-13 21:52:14,010 WARN  block.DeletedBlockLogImpl (DeletedBlockLogImpl.java:incrementCount(141)) - Deleted TXID not found.
2019-06-13 21:52:14,011 WARN  events.EventWatcher (EventWatcher.java:lambda$start$0(110)) - Completion event without active lease. Id=1560462722286
2019-06-13 21:52:14,011 WARN  block.DeletedBlockLogImpl (DeletedBlockLogImpl.java:incrementCount(141)) - Deleted TXID not found.
2019-06-13 21:52:14,011 WARN  events.EventWatcher (EventWatcher.java:lambda$start$0(110)) - Completion event without active lease. Id=1560462722324
2019-06-13 21:52:14,011 WARN  block.DeletedBlockLogImpl (DeletedBlockLogImpl.java:incrementCount(141)) - Deleted TXID not found.
2019-06-13 21:52:14,011 WARN  events.EventWatcher (EventWatcher.java:lambda$start$0(110)) - Completion event without active lease. Id=1560462722325
2019-06-13 21:52:14,011 WARN  block.DeletedBlockLogImpl (DeletedBlockLogImpl.java:incrementCount(141)) - Deleted TXID not found.
2019-06-13 21:52:14,011 WARN  events.EventWatcher (EventWatcher.java:lambda$start$0(110)) - Completion event without active lease. Id=1560462722315
2019-06-13 21:52:14,011 WARN  block.DeletedBlockLogImpl (DeletedBlockLogImpl.java:incrementCount(141)) - Deleted TXID not found.
2019-06-13 21:52:14,011 WARN  events.EventWatcher (EventWatcher.java:lambda$start$0(110)) - Completion event without active lease. Id=1560462722305
2019-06-13 21:52:14,011 WARN  block.DeletedBlockLogImpl (DeletedBlockLogImpl.java:incrementCount(141)) - Deleted TXID not found.
2019-06-13 21:52:14,011 WARN  events.EventWatcher (EventWatcher.java:lambda$start$0(110)) - Completion event without active lease. Id=1560462722306
2019-06-13 21:52:14,011 DEBUG block.DeletedBlockLogImpl (DeletedBlockLogImpl.java:isTransactionFailed(245)) - Got block deletion ACK from datanode, TXIDs=1, success=true
2019-06-13 21:52:14,011 WARN  block.DeletedBlockLogImpl (DeletedBlockLogImpl.java:commitTransactions(205)) - Transaction txId=1 commit by dnId=2573df58-4087-4dd0-8598-5abddcc696b9 for containerID=#1 failed. Corresponding entry not found.
2019-06-13 21:52:14,011 DEBUG block.DeletedBlockLogImpl (DeletedBlockLogImpl.java:isTransactionFailed(245)) - Got block deletion ACK from datanode, TXIDs=1, success=true
2019-06-13 21:52:14,011 WARN  block.DeletedBlockLogImpl (DeletedBlockLogImpl.java:commitTransactions(205)) - Transaction txId=1 commit by dnId=2573df58-4087-4dd0-8598-5abddcc696b9 for containerID=#1 failed. Corresponding entry not found.
2019-06-13 21:52:14,012 DEBUG block.DeletedBlockLogImpl (DeletedBlockLogImpl.java:isTransactionFailed(245)) - Got block deletion ACK from datanode, TXIDs=1, success=true
2019-06-13 21:52:14,012 WARN  block.DeletedBlockLogImpl (DeletedBlockLogImpl.java:commitTransactions(205)) - Transaction txId=1 commit by dnId=2573df58-4087-4dd0-8598-5abddcc696b9 for containerID=#1 failed. Corresponding entry not found.
2019-06-13 21:52:14,012 DEBUG block.DeletedBlockLogImpl (DeletedBlockLogImpl.java:isTransactionFailed(245)) - Got block deletion ACK from datanode, TXIDs=1, success=true
2019-06-13 21:52:14,012 WARN  block.DeletedBlockLogImpl (DeletedBlockLogImpl.java:commitTransactions(205)) - Transaction txId=1 commit by dnId=2573df58-4087-4dd0-8598-5abddcc696b9 for containerID=#1 failed. Corresponding entry not found.
2019-06-13 21:52:14,012 DEBUG block.DeletedBlockLogImpl (DeletedBlockLogImpl.java:isTransactionFailed(245)) - Got block deletion ACK from datanode, TXIDs=1, success=true
2019-06-13 21:52:14,012 WARN  block.DeletedBlockLogImpl (DeletedBlockLogImpl.java:commitTransactions(205)) - Transaction txId=1 commit by dnId=2573df58-4087-4dd0-8598-5abddcc696b9 for containerID=#1 failed. Corresponding entry not found.
2019-06-13 21:52:14,012 DEBUG block.DeletedBlockLogImpl (DeletedBlockLogImpl.java:isTransactionFailed(245)) - Got block deletion ACK from datanode, TXIDs=1, success=true
2019-06-13 21:52:14,012 WARN  block.DeletedBlockLogImpl (DeletedBlockLogImpl.java:commitTransactions(205)) - Transaction txId=1 commit by dnId=2573df58-4087-4dd0-8598-5abddcc696b9 for containerID=#1 failed. Corresponding entry not found.
2019-06-13 21:52:14,012 DEBUG block.DeletedBlockLogImpl (DeletedBlockLogImpl.java:isTransactionFailed(245)) - Got block deletion ACK from datanode, TXIDs=1, success=true
2019-06-13 21:52:14,012 WARN  block.DeletedBlockLogImpl (DeletedBlockLogImpl.java:commitTransactions(205)) - Transaction txId=1 commit by dnId=2573df58-4087-4dd0-8598-5abddcc696b9 for containerID=#1 failed. Corresponding entry not found.
2019-06-13 21:52:14,012 DEBUG block.DeletedBlockLogImpl (DeletedBlockLogImpl.java:isTransactionFailed(245)) - Got block deletion ACK from datanode, TXIDs=1, success=true
2019-06-13 21:52:14,012 WARN  block.DeletedBlockLogImpl (DeletedBlockLogImpl.java:commitTransactions(205)) - Transaction txId=1 commit by dnId=2573df58-4087-4dd0-8598-5abddcc696b9 for containerID=#1 failed. Corresponding entry not found.
2019-06-13 21:52:14,012 DEBUG block.DeletedBlockLogImpl (DeletedBlockLogImpl.java:isTransactionFailed(245)) - Got block deletion ACK from datanode, TXIDs=1, success=true
2019-06-13 21:52:14,012 WARN  block.DeletedBlockLogImpl (DeletedBlockLogImpl.java:commitTransactions(205)) - Transaction txId=1 commit by dnId=2573df58-4087-4dd0-8598-5abddcc696b9 for containerID=#1 failed. Corresponding entry not found.
2019-06-13 21:52:14,012 DEBUG block.DeletedBlockLogImpl (DeletedBlockLogImpl.java:isTransactionFailed(245)) - Got block deletion ACK from datanode, TXIDs=1, success=true
2019-06-13 21:52:14,012 WARN  block.DeletedBlockLogImpl (DeletedBlockLogImpl.java:commitTransactions(205)) - Transaction txId=1 commit by dnId=2573df58-4087-4dd0-8598-5abddcc696b9 for containerID=#1 failed. Corresponding entry not found.
2019-06-13 21:52:14,012 DEBUG block.DeletedBlockLogImpl (DeletedBlockLogImpl.java:isTransactionFailed(245)) - Got block deletion ACK from datanode, TXIDs=1, success=true
2019-06-13 21:52:14,013 WARN  block.DeletedBlockLogImpl (DeletedBlockLogImpl.java:commitTransactions(205)) - Transaction txId=1 commit by dnId=2573df58-4087-4dd0-8598-5abddcc696b9 for containerID=#1 failed. Corresponding entry not found.
2019-06-13 21:52:14,013 DEBUG block.DeletedBlockLogImpl (DeletedBlockLogImpl.java:isTransactionFailed(245)) - Got block deletion ACK from datanode, TXIDs=1, success=true
2019-06-13 21:52:14,013 WARN  block.DeletedBlockLogImpl (DeletedBlockLogImpl.java:commitTransactions(205)) - Transaction txId=1 commit by dnId=2573df58-4087-4dd0-8598-5abddcc696b9 for containerID=#1 failed. Corresponding entry not found.
2019-06-13 21:52:14,013 DEBUG block.DeletedBlockLogImpl (DeletedBlockLogImpl.java:isTransactionFailed(245)) - Got block deletion ACK from datanode, TXIDs=1, success=true
2019-06-13 21:52:14,013 WARN  block.DeletedBlockLogImpl (DeletedBlockLogImpl.java:commitTransactions(205)) - Transaction txId=1 commit by dnId=2573df58-4087-4dd0-8598-5abddcc696b9 for containerID=#1 failed. Corresponding entry not found.
2019-06-13 21:52:14,013 DEBUG block.DeletedBlockLogImpl (DeletedBlockLogImpl.java:isTransactionFailed(245)) - Got block deletion ACK from datanode, TXIDs=1, success=true
2019-06-13 21:52:14,013 WARN  block.DeletedBlockLogImpl (DeletedBlockLogImpl.java:commitTransactions(205)) - Transaction txId=1 commit by dnId=2573df58-4087-4dd0-8598-5abddcc696b9 for containerID=#1 failed. Corresponding entry not found.
2019-06-13 21:52:14,013 DEBUG block.DeletedBlockLogImpl (DeletedBlockLogImpl.java:isTransactionFailed(245)) - Got block deletion ACK from datanode, TXIDs=1, success=true
2019-06-13 21:52:14,013 WARN  block.DeletedBlockLogImpl (DeletedBlockLogImpl.java:commitTransactions(205)) - Transaction txId=1 commit by dnId=2573df58-4087-4dd0-8598-5abddcc696b9 for containerID=#1 failed. Corresponding entry not found.
2019-06-13 21:52:14,013 DEBUG block.DeletedBlockLogImpl (DeletedBlockLogImpl.java:isTransactionFailed(245)) - Got block deletion ACK from datanode, TXIDs=1, success=true
2019-06-13 21:52:14,013 WARN  block.DeletedBlockLogImpl (DeletedBlockLogImpl.java:commitTransactions(205)) - Transaction txId=1 commit by dnId=2573df58-4087-4dd0-8598-5abddcc696b9 for containerID=#1 failed. Corresponding entry not found.
2019-06-13 21:52:14,013 DEBUG block.DeletedBlockLogImpl (DeletedBlockLogImpl.java:isTransactionFailed(245)) - Got block deletion ACK from datanode, TXIDs=1, success=true
2019-06-13 21:52:14,013 WARN  block.DeletedBlockLogImpl (DeletedBlockLogImpl.java:commitTransactions(205)) - Transaction txId=1 commit by dnId=2573df58-4087-4dd0-8598-5abddcc696b9 for containerID=#1 failed. Corresponding entry not found.
2019-06-13 21:52:14,013 DEBUG block.DeletedBlockLogImpl (DeletedBlockLogImpl.java:isTransactionFailed(245)) - Got block deletion ACK from datanode, TXIDs=1, success=true
2019-06-13 21:52:14,013 WARN  block.DeletedBlockLogImpl (DeletedBlockLogImpl.java:commitTransactions(205)) - Transaction txId=1 commit by dnId=2573df58-4087-4dd0-8598-5abddcc696b9 for containerID=#1 failed. Corresponding entry not found.
2019-06-13 21:52:14,013 DEBUG block.DeletedBlockLogImpl (DeletedBlockLogImpl.java:isTransactionFailed(245)) - Got block deletion ACK from datanode, TXIDs=1, success=true
2019-06-13 21:52:14,014 WARN  block.DeletedBlockLogImpl (DeletedBlockLogImpl.java:commitTransactions(205)) - Transaction txId=1 commit by dnId=2573df58-4087-4dd0-8598-5abddcc696b9 for containerID=#1 failed. Corresponding entry not found.
2019-06-13 21:52:14,048 DEBUG block.SCMBlockDeletingService (SCMBlockDeletingService.java:call(138)) - Running DeletedBlockTransactionScanner
2019-06-13 21:52:14,048 DEBUG block.SCMBlockDeletingService (SCMBlockDeletingService.java:call(155)) - Scanned deleted blocks log and got 0 delTX to process.
2019-06-13 21:52:14,148 DEBUG block.SCMBlockDeletingService (SCMBlockDeletingService.java:call(138)) - Running DeletedBlockTransactionScanner
2019-06-13 21:52:14,149 DEBUG block.SCMBlockDeletingService (SCMBlockDeletingService.java:call(155)) - Scanned deleted blocks log and got 0 delTX to process.
2019-06-13 21:52:14,249 DEBUG block.SCMBlockDeletingService (SCMBlockDeletingService.java:call(138)) - Running DeletedBlockTransactionScanner
2019-06-13 21:52:14,249 DEBUG block.SCMBlockDeletingService (SCMBlockDeletingService.java:call(155)) - Scanned deleted blocks log and got 0 delTX to process.
2019-06-13 21:52:14,349 DEBUG block.SCMBlockDeletingService (SCMBlockDeletingService.java:call(138)) - Running DeletedBlockTransactionScanner
2019-06-13 21:52:14,349 DEBUG block.SCMBlockDeletingService (SCMBlockDeletingService.java:call(155)) - Scanned deleted blocks log and got 0 delTX to process.
2019-06-13 21:52:14,450 DEBUG block.SCMBlockDeletingService (SCMBlockDeletingService.java:call(138)) - Running DeletedBlockTransactionScanner
2019-06-13 21:52:14,450 DEBUG block.SCMBlockDeletingService (SCMBlockDeletingService.java:call(155)) - Scanned deleted blocks log and got 0 delTX to process.
]]></system-out>
    <system-err><![CDATA[ERROR StatusLogger No Log4j 2 configuration file found. Using default configuration (logging only errors to the console), or user programmatically provided configurations. Set system property 'log4j2.debug' to show Log4j 2 internal initialization logging. See https://logging.apache.org/log4j/2.x/manual/configuration.html for instructions on how to configure Log4j 2
Jun 13, 2019 9:51:18 PM com.sun.jersey.server.impl.application.WebApplicationImpl _initiate
INFO: Initiating Jersey application, version 'Jersey: 1.19 02/11/2015 03:25 AM'
Jun 13, 2019 9:52:05 PM com.sun.jersey.server.impl.application.WebApplicationImpl _initiate
INFO: Initiating Jersey application, version 'Jersey: 1.19 02/11/2015 03:25 AM'
]]></system-err>
  </testcase>
</testsuite>