<?xml version="1.0" encoding="UTF-8"?>
<testsuite xmlns:xsi="http://www.w3.org/2001/XMLSchema-instance" xsi:noNamespaceSchemaLocation="https://maven.apache.org/surefire/maven-surefire-plugin/xsd/surefire-test-report.xsd" name="org.apache.hadoop.ozone.client.rpc.TestFailureHandlingByClient" time="142.083" tests="7" errors="1" skipped="0" failures="0">
  <properties>
    <property name="awt.toolkit" value="sun.awt.X11.XToolkit"/>
    <property name="file.encoding.pkg" value="sun.io"/>
    <property name="java.specification.version" value="1.8"/>
    <property name="sun.cpu.isalist" value=""/>
    <property name="sun.jnu.encoding" value="UTF-8"/>
    <property name="java.class.path" value="/opt/src/hadoop-ozone/integration-test/target/test-classes:/opt/src/hadoop-ozone/integration-test/target/classes:/root/.m2/repository/org/apache/hadoop/hadoop-ozone-common/0.5.0-SNAPSHOT/hadoop-ozone-common-0.5.0-SNAPSHOT.jar:/root/.m2/repository/org/apache/commons/commons-compress/1.4.1/commons-compress-1.4.1.jar:/root/.m2/repository/org/tukaani/xz/1.0/xz-1.0.jar:/root/.m2/repository/org/apache/hadoop/hadoop-common/3.2.0/hadoop-common-3.2.0.jar:/root/.m2/repository/org/apache/hadoop/hadoop-hdfs/3.2.0/hadoop-hdfs-3.2.0.jar:/root/.m2/repository/org/apache/hadoop/hadoop-hdfs-client/3.2.0/hadoop-hdfs-client-3.2.0.jar:/root/.m2/repository/com/fasterxml/jackson/core/jackson-annotations/2.9.5/jackson-annotations-2.9.5.jar:/root/.m2/repository/org/apache/hadoop/hadoop-hdds-common/0.5.0-SNAPSHOT/hadoop-hdds-common-0.5.0-SNAPSHOT.jar:/root/.m2/repository/javax/annotation/javax.annotation-api/1.2/javax.annotation-api-1.2.jar:/root/.m2/repository/org/apache/ratis/ratis-server/0.4.0-fe2b15d-SNAPSHOT/ratis-server-0.4.0-fe2b15d-SNAPSHOT.jar:/root/.m2/repository/org/apache/ratis/ratis-thirdparty-misc/0.2.0/ratis-thirdparty-misc-0.2.0.jar:/root/.m2/repository/org/apache/ratis/ratis-proto/0.4.0-fe2b15d-SNAPSHOT/ratis-proto-0.4.0-fe2b15d-SNAPSHOT.jar:/root/.m2/repository/org/apache/ratis/ratis-common/0.4.0-fe2b15d-SNAPSHOT/ratis-common-0.4.0-fe2b15d-SNAPSHOT.jar:/root/.m2/repository/org/apache/ratis/ratis-client/0.4.0-fe2b15d-SNAPSHOT/ratis-client-0.4.0-fe2b15d-SNAPSHOT.jar:/root/.m2/repository/org/apache/ratis/ratis-netty/0.4.0-fe2b15d-SNAPSHOT/ratis-netty-0.4.0-fe2b15d-SNAPSHOT.jar:/root/.m2/repository/org/apache/ratis/ratis-grpc/0.4.0-fe2b15d-SNAPSHOT/ratis-grpc-0.4.0-fe2b15d-SNAPSHOT.jar:/root/.m2/repository/org/rocksdb/rocksdbjni/5.14.2/rocksdbjni-5.14.2.jar:/root/.m2/repository/org/apache/logging/log4j/log4j-api/2.11.0/log4j-api-2.11.0.jar:/root/.m2/repository/org/apache/logging/log4j/log4j-core/2.11.0/log4j-core-2.11.0.jar:/root/.m2/repository/com/lmax/disruptor/3.4.2/disruptor-3.4.2.jar:/root/.m2/repository/org/apache/commons/commons-pool2/2.6.0/commons-pool2-2.6.0.jar:/root/.m2/repository/org/bouncycastle/bcpkix-jdk15on/1.60/bcpkix-jdk15on-1.60.jar:/root/.m2/repository/commons-validator/commons-validator/1.6/commons-validator-1.6.jar:/root/.m2/repository/commons-digester/commons-digester/1.8.1/commons-digester-1.8.1.jar:/root/.m2/repository/io/jaegertracing/jaeger-client/0.33.1/jaeger-client-0.33.1.jar:/root/.m2/repository/io/jaegertracing/jaeger-thrift/0.33.1/jaeger-thrift-0.33.1.jar:/root/.m2/repository/org/apache/thrift/libthrift/0.11.0/libthrift-0.11.0.jar:/root/.m2/repository/com/squareup/okhttp3/okhttp/3.9.0/okhttp-3.9.0.jar:/root/.m2/repository/com/squareup/okio/okio/1.13.0/okio-1.13.0.jar:/root/.m2/repository/io/jaegertracing/jaeger-core/0.33.1/jaeger-core-0.33.1.jar:/root/.m2/repository/io/jaegertracing/jaeger-tracerresolver/0.33.1/jaeger-tracerresolver-0.33.1.jar:/root/.m2/repository/io/opentracing/contrib/opentracing-tracerresolver/0.1.5/opentracing-tracerresolver-0.1.5.jar:/root/.m2/repository/io/opentracing/opentracing-util/0.31.0/opentracing-util-0.31.0.jar:/root/.m2/repository/io/opentracing/opentracing-api/0.31.0/opentracing-api-0.31.0.jar:/root/.m2/repository/io/opentracing/opentracing-noop/0.31.0/opentracing-noop-0.31.0.jar:/root/.m2/repository/org/apache/hadoop/hadoop-hdds-server-framework/0.5.0-SNAPSHOT/hadoop-hdds-server-framework-0.5.0-SNAPSHOT.jar:/root/.m2/repository/org/apache/hadoop/hadoop-hdds-server-scm/0.5.0-SNAPSHOT/hadoop-hdds-server-scm-0.5.0-SNAPSHOT.jar:/root/.m2/repository/org/apache/hadoop/hadoop-hdds-container-service/0.5.0-SNAPSHOT/hadoop-hdds-container-service-0.5.0-SNAPSHOT.jar:/root/.m2/repository/org/apache/hadoop/hadoop-hdds-client/0.5.0-SNAPSHOT/hadoop-hdds-client-0.5.0-SNAPSHOT.jar:/root/.m2/repository/org/apache/hadoop/hadoop-hdds-tools/0.5.0-SNAPSHOT/hadoop-hdds-tools-0.5.0-SNAPSHOT.jar:/root/.m2/repository/org/apache/hadoop/hadoop-ozone-ozone-manager/0.5.0-SNAPSHOT/hadoop-ozone-ozone-manager-0.5.0-SNAPSHOT.jar:/root/.m2/repository/org/apache/hadoop/hadoop-hdds-docs/0.5.0-SNAPSHOT/hadoop-hdds-docs-0.5.0-SNAPSHOT.jar:/root/.m2/repository/org/bouncycastle/bcprov-jdk15on/1.60/bcprov-jdk15on-1.60.jar:/root/.m2/repository/org/apache/hadoop/hadoop-minikdc/3.2.0/hadoop-minikdc-3.2.0.jar:/root/.m2/repository/commons-io/commons-io/2.5/commons-io-2.5.jar:/root/.m2/repository/org/apache/kerby/kerb-simplekdc/1.0.1/kerb-simplekdc-1.0.1.jar:/root/.m2/repository/org/apache/kerby/kerb-client/1.0.1/kerb-client-1.0.1.jar:/root/.m2/repository/org/apache/kerby/kerby-config/1.0.1/kerby-config-1.0.1.jar:/root/.m2/repository/org/apache/kerby/kerb-core/1.0.1/kerb-core-1.0.1.jar:/root/.m2/repository/org/apache/kerby/kerby-pkix/1.0.1/kerby-pkix-1.0.1.jar:/root/.m2/repository/org/apache/kerby/kerby-asn1/1.0.1/kerby-asn1-1.0.1.jar:/root/.m2/repository/org/apache/kerby/kerby-util/1.0.1/kerby-util-1.0.1.jar:/root/.m2/repository/org/apache/kerby/kerb-common/1.0.1/kerb-common-1.0.1.jar:/root/.m2/repository/org/apache/kerby/kerb-crypto/1.0.1/kerb-crypto-1.0.1.jar:/root/.m2/repository/org/apache/kerby/kerb-util/1.0.1/kerb-util-1.0.1.jar:/root/.m2/repository/org/apache/kerby/token-provider/1.0.1/token-provider-1.0.1.jar:/root/.m2/repository/org/apache/kerby/kerb-admin/1.0.1/kerb-admin-1.0.1.jar:/root/.m2/repository/org/apache/kerby/kerb-server/1.0.1/kerb-server-1.0.1.jar:/root/.m2/repository/org/apache/kerby/kerb-identity/1.0.1/kerb-identity-1.0.1.jar:/root/.m2/repository/org/apache/kerby/kerby-xdr/1.0.1/kerby-xdr-1.0.1.jar:/root/.m2/repository/org/slf4j/slf4j-log4j12/1.7.25/slf4j-log4j12-1.7.25.jar:/root/.m2/repository/org/apache/hadoop/hadoop-ozone-objectstore-service/0.5.0-SNAPSHOT/hadoop-ozone-objectstore-service-0.5.0-SNAPSHOT.jar:/root/.m2/repository/org/apache/hadoop/hadoop-ozone-s3gateway/0.5.0-SNAPSHOT/hadoop-ozone-s3gateway-0.5.0-SNAPSHOT.jar:/root/.m2/repository/org/jboss/weld/servlet/weld-servlet/2.4.7.Final/weld-servlet-2.4.7.Final.jar:/root/.m2/repository/org/glassfish/jersey/containers/jersey-container-servlet-core/2.27/jersey-container-servlet-core-2.27.jar:/root/.m2/repository/org/glassfish/hk2/external/javax.inject/2.5.0-b42/javax.inject-2.5.0-b42.jar:/root/.m2/repository/org/glassfish/jersey/core/jersey-common/2.27/jersey-common-2.27.jar:/root/.m2/repository/org/glassfish/hk2/osgi-resource-locator/1.0.1/osgi-resource-locator-1.0.1.jar:/root/.m2/repository/javax/ws/rs/javax.ws.rs-api/2.1/javax.ws.rs-api-2.1.jar:/root/.m2/repository/org/glassfish/jersey/ext/cdi/jersey-cdi1x/2.27/jersey-cdi1x-2.27.jar:/root/.m2/repository/org/glassfish/jersey/inject/jersey-hk2/2.27/jersey-hk2-2.27.jar:/root/.m2/repository/org/glassfish/hk2/hk2-locator/2.5.0-b42/hk2-locator-2.5.0-b42.jar:/root/.m2/repository/org/javassist/javassist/3.22.0-CR2/javassist-3.22.0-CR2.jar:/root/.m2/repository/org/glassfish/hk2/hk2-api/2.5.0/hk2-api-2.5.0.jar:/root/.m2/repository/org/glassfish/hk2/external/jakarta.inject/2.5.0/jakarta.inject-2.5.0.jar:/root/.m2/repository/org/glassfish/hk2/hk2-utils/2.5.0/hk2-utils-2.5.0.jar:/root/.m2/repository/jakarta/annotation/jakarta.annotation-api/1.3.4/jakarta.annotation-api-1.3.4.jar:/root/.m2/repository/org/glassfish/hk2/external/aopalliance-repackaged/2.5.0/aopalliance-repackaged-2.5.0.jar:/root/.m2/repository/com/fasterxml/jackson/dataformat/jackson-dataformat-xml/2.9.0/jackson-dataformat-xml-2.9.0.jar:/root/.m2/repository/com/fasterxml/jackson/core/jackson-core/2.9.5/jackson-core-2.9.5.jar:/root/.m2/repository/com/fasterxml/jackson/module/jackson-module-jaxb-annotations/2.9.5/jackson-module-jaxb-annotations-2.9.5.jar:/root/.m2/repository/javax/enterprise/cdi-api/1.2/cdi-api-1.2.jar:/root/.m2/repository/javax/el/javax.el-api/3.0.0/javax.el-api-3.0.0.jar:/root/.m2/repository/javax/interceptor/javax.interceptor-api/1.2/javax.interceptor-api-1.2.jar:/root/.m2/repository/javax/inject/javax.inject/1/javax.inject-1.jar:/root/.m2/repository/com/sun/xml/bind/jaxb-impl/2.3.0.1/jaxb-impl-2.3.0.1.jar:/root/.m2/repository/com/sun/xml/bind/jaxb-core/2.3.0.1/jaxb-core-2.3.0.1.jar:/root/.m2/repository/javax/xml/bind/jaxb-api/2.3.0/jaxb-api-2.3.0.jar:/root/.m2/repository/javax/activation/activation/1.1.1/activation-1.1.1.jar:/root/.m2/repository/org/apache/hadoop/hadoop-ozone-csi/0.5.0-SNAPSHOT/hadoop-ozone-csi-0.5.0-SNAPSHOT.jar:/root/.m2/repository/com/google/protobuf/protobuf-java-util/3.5.1/protobuf-java-util-3.5.1.jar:/root/.m2/repository/org/apache/hadoop/hadoop-hdds-config/0.5.0-SNAPSHOT/hadoop-hdds-config-0.5.0-SNAPSHOT.jar:/root/.m2/repository/com/google/guava/guava/11.0.2/guava-11.0.2.jar:/root/.m2/repository/com/google/protobuf/protobuf-java/2.5.0/protobuf-java-2.5.0.jar:/root/.m2/repository/io/grpc/grpc-netty/1.17.1/grpc-netty-1.17.1.jar:/root/.m2/repository/io/grpc/grpc-core/1.17.1/grpc-core-1.17.1.jar:/root/.m2/repository/io/grpc/grpc-context/1.17.1/grpc-context-1.17.1.jar:/root/.m2/repository/com/google/errorprone/error_prone_annotations/2.2.0/error_prone_annotations-2.2.0.jar:/root/.m2/repository/org/codehaus/mojo/animal-sniffer-annotations/1.17/animal-sniffer-annotations-1.17.jar:/root/.m2/repository/io/opencensus/opencensus-api/0.17.0/opencensus-api-0.17.0.jar:/root/.m2/repository/io/opencensus/opencensus-contrib-grpc-metrics/0.17.0/opencensus-contrib-grpc-metrics-0.17.0.jar:/root/.m2/repository/io/netty/netty-codec-http2/4.1.30.Final/netty-codec-http2-4.1.30.Final.jar:/root/.m2/repository/io/netty/netty-codec-http/4.1.30.Final/netty-codec-http-4.1.30.Final.jar:/root/.m2/repository/io/netty/netty-codec/4.1.30.Final/netty-codec-4.1.30.Final.jar:/root/.m2/repository/io/netty/netty-handler/4.1.30.Final/netty-handler-4.1.30.Final.jar:/root/.m2/repository/io/netty/netty-handler-proxy/4.1.30.Final/netty-handler-proxy-4.1.30.Final.jar:/root/.m2/repository/io/netty/netty-codec-socks/4.1.30.Final/netty-codec-socks-4.1.30.Final.jar:/root/.m2/repository/io/netty/netty-transport-native-epoll/4.1.30.Final/netty-transport-native-epoll-4.1.30.Final.jar:/root/.m2/repository/io/netty/netty-common/4.1.30.Final/netty-common-4.1.30.Final.jar:/root/.m2/repository/io/netty/netty-buffer/4.1.30.Final/netty-buffer-4.1.30.Final.jar:/root/.m2/repository/io/netty/netty-transport/4.1.30.Final/netty-transport-4.1.30.Final.jar:/root/.m2/repository/io/netty/netty-resolver/4.1.30.Final/netty-resolver-4.1.30.Final.jar:/root/.m2/repository/io/netty/netty-transport-native-unix-common/4.1.30.Final/netty-transport-native-unix-common-4.1.30.Final.jar:/root/.m2/repository/io/grpc/grpc-protobuf/1.17.1/grpc-protobuf-1.17.1.jar:/root/.m2/repository/com/google/api/grpc/proto-google-common-protos/1.0.0/proto-google-common-protos-1.0.0.jar:/root/.m2/repository/io/grpc/grpc-protobuf-lite/1.17.1/grpc-protobuf-lite-1.17.1.jar:/root/.m2/repository/io/grpc/grpc-stub/1.17.1/grpc-stub-1.17.1.jar:/root/.m2/repository/org/apache/hadoop/hadoop-ozone-recon/0.5.0-SNAPSHOT/hadoop-ozone-recon-0.5.0-SNAPSHOT.jar:/root/.m2/repository/org/apache/hadoop/hadoop-ozone-reconcodegen/0.5.0-SNAPSHOT/hadoop-ozone-reconcodegen-0.5.0-SNAPSHOT.jar:/root/.m2/repository/com/google/inject/extensions/guice-multibindings/4.0/guice-multibindings-4.0.jar:/root/.m2/repository/com/google/inject/guice/4.0/guice-4.0.jar:/root/.m2/repository/aopalliance/aopalliance/1.0/aopalliance-1.0.jar:/root/.m2/repository/com/google/inject/extensions/guice-servlet/4.0/guice-servlet-4.0.jar:/root/.m2/repository/org/glassfish/jersey/containers/jersey-container-servlet/2.27/jersey-container-servlet-2.27.jar:/root/.m2/repository/org/glassfish/hk2/guice-bridge/2.5.0/guice-bridge-2.5.0.jar:/root/.m2/repository/org/glassfish/jersey/core/jersey-server/2.27/jersey-server-2.27.jar:/root/.m2/repository/org/glassfish/jersey/core/jersey-client/2.27/jersey-client-2.27.jar:/root/.m2/repository/org/glassfish/jersey/media/jersey-media-jaxb/2.27/jersey-media-jaxb-2.27.jar:/root/.m2/repository/javax/validation/validation-api/1.1.0.Final/validation-api-1.1.0.Final.jar:/root/.m2/repository/org/glassfish/jersey/media/jersey-media-json-jackson/2.27/jersey-media-json-jackson-2.27.jar:/root/.m2/repository/org/glassfish/jersey/ext/jersey-entity-filtering/2.27/jersey-entity-filtering-2.27.jar:/root/.m2/repository/com/google/inject/extensions/guice-assistedinject/4.0/guice-assistedinject-4.0.jar:/root/.m2/repository/org/jooq/jooq/3.11.10/jooq-3.11.10.jar:/root/.m2/repository/org/jooq/jooq-meta/3.11.10/jooq-meta-3.11.10.jar:/root/.m2/repository/org/jooq/jooq-codegen/3.11.10/jooq-codegen-3.11.10.jar:/root/.m2/repository/com/jolbox/bonecp/0.8.0.RELEASE/bonecp-0.8.0.RELEASE.jar:/root/.m2/repository/org/xerial/sqlite-jdbc/3.25.2/sqlite-jdbc-3.25.2.jar:/root/.m2/repository/org/springframework/spring-jdbc/5.1.3.RELEASE/spring-jdbc-5.1.3.RELEASE.jar:/root/.m2/repository/org/springframework/spring-beans/5.1.3.RELEASE/spring-beans-5.1.3.RELEASE.jar:/root/.m2/repository/org/springframework/spring-core/5.1.3.RELEASE/spring-core-5.1.3.RELEASE.jar:/root/.m2/repository/org/springframework/spring-jcl/5.1.3.RELEASE/spring-jcl-5.1.3.RELEASE.jar:/root/.m2/repository/org/springframework/spring-tx/5.1.3.RELEASE/spring-tx-5.1.3.RELEASE.jar:/root/.m2/repository/org/apache/hadoop/hadoop-ozone-client/0.5.0-SNAPSHOT/hadoop-ozone-client-0.5.0-SNAPSHOT.jar:/root/.m2/repository/org/apache/hadoop/hadoop-ozone-ozone-manager/0.5.0-SNAPSHOT/hadoop-ozone-ozone-manager-0.5.0-SNAPSHOT-tests.jar:/root/.m2/repository/junit/junit/4.11/junit-4.11.jar:/root/.m2/repository/org/hamcrest/hamcrest-core/1.3/hamcrest-core-1.3.jar:/root/.m2/repository/org/openjdk/jmh/jmh-core/1.19/jmh-core-1.19.jar:/root/.m2/repository/net/sf/jopt-simple/jopt-simple/4.6/jopt-simple-4.6.jar:/root/.m2/repository/org/apache/commons/commons-math3/3.1.1/commons-math3-3.1.1.jar:/root/.m2/repository/org/openjdk/jmh/jmh-generator-annprocess/1.19/jmh-generator-annprocess-1.19.jar:/root/.m2/repository/org/mockito/mockito-all/1.8.5/mockito-all-1.8.5.jar:/root/.m2/repository/org/apache/hadoop/hadoop-kms/3.2.0/hadoop-kms-3.2.0.jar:/root/.m2/repository/org/apache/hadoop/hadoop-auth/3.2.0/hadoop-auth-3.2.0.jar:/root/.m2/repository/com/nimbusds/nimbus-jose-jwt/4.41.1/nimbus-jose-jwt-4.41.1.jar:/root/.m2/repository/com/github/stephenc/jcip/jcip-annotations/1.0-1/jcip-annotations-1.0-1.jar:/root/.m2/repository/net/minidev/json-smart/2.3/json-smart-2.3.jar:/root/.m2/repository/net/minidev/accessors-smart/1.2/accessors-smart-1.2.jar:/root/.m2/repository/org/ow2/asm/asm/5.0.4/asm-5.0.4.jar:/root/.m2/repository/org/apache/curator/curator-framework/2.12.0/curator-framework-2.12.0.jar:/root/.m2/repository/com/sun/jersey/jersey-core/1.19/jersey-core-1.19.jar:/root/.m2/repository/javax/ws/rs/jsr311-api/1.1.1/jsr311-api-1.1.1.jar:/root/.m2/repository/com/sun/jersey/jersey-server/1.19/jersey-server-1.19.jar:/root/.m2/repository/javax/servlet/javax.servlet-api/3.1.0/javax.servlet-api-3.1.0.jar:/root/.m2/repository/org/eclipse/jetty/jetty-server/9.3.24.v20180605/jetty-server-9.3.24.v20180605.jar:/root/.m2/repository/org/eclipse/jetty/jetty-http/9.3.24.v20180605/jetty-http-9.3.24.v20180605.jar:/root/.m2/repository/org/eclipse/jetty/jetty-io/9.3.24.v20180605/jetty-io-9.3.24.v20180605.jar:/root/.m2/repository/org/eclipse/jetty/jetty-webapp/9.3.24.v20180605/jetty-webapp-9.3.24.v20180605.jar:/root/.m2/repository/org/eclipse/jetty/jetty-xml/9.3.24.v20180605/jetty-xml-9.3.24.v20180605.jar:/root/.m2/repository/log4j/log4j/1.2.17/log4j-1.2.17.jar:/root/.m2/repository/org/slf4j/slf4j-api/1.7.25/slf4j-api-1.7.25.jar:/root/.m2/repository/org/slf4j/jul-to-slf4j/1.7.25/jul-to-slf4j-1.7.25.jar:/root/.m2/repository/org/eclipse/jetty/jetty-util/9.3.24.v20180605/jetty-util-9.3.24.v20180605.jar:/root/.m2/repository/io/dropwizard/metrics/metrics-core/3.2.4/metrics-core-3.2.4.jar:/root/.m2/repository/com/fasterxml/jackson/core/jackson-databind/2.9.5/jackson-databind-2.9.5.jar:/root/.m2/repository/org/apache/hadoop/hadoop-kms/3.2.0/hadoop-kms-3.2.0-tests.jar:/root/.m2/repository/org/apache/hadoop/hadoop-hdds-server-scm/0.5.0-SNAPSHOT/hadoop-hdds-server-scm-0.5.0-SNAPSHOT-tests.jar:/root/.m2/repository/org/hamcrest/hamcrest-all/1.3/hamcrest-all-1.3.jar:/root/.m2/repository/info/picocli/picocli/3.9.6/picocli-3.9.6.jar:/root/.m2/repository/org/apache/hadoop/hadoop-hdds-container-service/0.5.0-SNAPSHOT/hadoop-hdds-container-service-0.5.0-SNAPSHOT-tests.jar:/root/.m2/repository/org/yaml/snakeyaml/1.16/snakeyaml-1.16.jar:/root/.m2/repository/org/apache/hadoop/hadoop-common/3.2.0/hadoop-common-3.2.0-tests.jar:/root/.m2/repository/org/apache/hadoop/hadoop-annotations/3.2.0/hadoop-annotations-3.2.0.jar:/usr/lib/jvm/java-1.8-openjdk/jre/../lib/tools.jar:/root/.m2/repository/commons-cli/commons-cli/1.2/commons-cli-1.2.jar:/root/.m2/repository/org/apache/httpcomponents/httpclient/4.5.2/httpclient-4.5.2.jar:/root/.m2/repository/org/apache/httpcomponents/httpcore/4.4.4/httpcore-4.4.4.jar:/root/.m2/repository/commons-codec/commons-codec/1.11/commons-codec-1.11.jar:/root/.m2/repository/commons-net/commons-net/3.6/commons-net-3.6.jar:/root/.m2/repository/commons-collections/commons-collections/3.2.2/commons-collections-3.2.2.jar:/root/.m2/repository/org/eclipse/jetty/jetty-servlet/9.3.24.v20180605/jetty-servlet-9.3.24.v20180605.jar:/root/.m2/repository/org/eclipse/jetty/jetty-security/9.3.24.v20180605/jetty-security-9.3.24.v20180605.jar:/root/.m2/repository/javax/servlet/jsp/jsp-api/2.1/jsp-api-2.1.jar:/root/.m2/repository/com/sun/jersey/jersey-servlet/1.19/jersey-servlet-1.19.jar:/root/.m2/repository/com/sun/jersey/jersey-json/1.19/jersey-json-1.19.jar:/root/.m2/repository/org/codehaus/jettison/jettison/1.1/jettison-1.1.jar:/root/.m2/repository/org/codehaus/jackson/jackson-core-asl/1.9.13/jackson-core-asl-1.9.13.jar:/root/.m2/repository/org/codehaus/jackson/jackson-mapper-asl/1.9.13/jackson-mapper-asl-1.9.13.jar:/root/.m2/repository/org/codehaus/jackson/jackson-jaxrs/1.9.13/jackson-jaxrs-1.9.13.jar:/root/.m2/repository/org/codehaus/jackson/jackson-xc/1.9.13/jackson-xc-1.9.13.jar:/root/.m2/repository/commons-logging/commons-logging/1.1.3/commons-logging-1.1.3.jar:/root/.m2/repository/commons-beanutils/commons-beanutils/1.9.3/commons-beanutils-1.9.3.jar:/root/.m2/repository/org/apache/commons/commons-configuration2/2.1.1/commons-configuration2-2.1.1.jar:/root/.m2/repository/org/apache/commons/commons-lang3/3.7/commons-lang3-3.7.jar:/root/.m2/repository/org/apache/commons/commons-text/1.4/commons-text-1.4.jar:/root/.m2/repository/org/apache/avro/avro/1.7.7/avro-1.7.7.jar:/root/.m2/repository/com/thoughtworks/paranamer/paranamer/2.3/paranamer-2.3.jar:/root/.m2/repository/org/xerial/snappy/snappy-java/1.0.5/snappy-java-1.0.5.jar:/root/.m2/repository/com/google/re2j/re2j/1.1/re2j-1.1.jar:/root/.m2/repository/com/google/code/gson/gson/2.2.4/gson-2.2.4.jar:/root/.m2/repository/com/jcraft/jsch/0.1.54/jsch-0.1.54.jar:/root/.m2/repository/org/apache/curator/curator-client/2.12.0/curator-client-2.12.0.jar:/root/.m2/repository/org/apache/curator/curator-recipes/2.12.0/curator-recipes-2.12.0.jar:/root/.m2/repository/com/google/code/findbugs/jsr305/3.0.0/jsr305-3.0.0.jar:/root/.m2/repository/org/apache/htrace/htrace-core4/4.1.0-incubating/htrace-core4-4.1.0-incubating.jar:/root/.m2/repository/org/apache/zookeeper/zookeeper/3.4.13/zookeeper-3.4.13.jar:/root/.m2/repository/org/apache/yetus/audience-annotations/0.5.0/audience-annotations-0.5.0.jar:/root/.m2/repository/org/codehaus/woodstox/stax2-api/3.1.4/stax2-api-3.1.4.jar:/root/.m2/repository/com/fasterxml/woodstox/woodstox-core/5.0.3/woodstox-core-5.0.3.jar:/root/.m2/repository/dnsjava/dnsjava/2.1.7/dnsjava-2.1.7.jar:/root/.m2/repository/org/apache/hadoop/hadoop-hdfs/3.2.0/hadoop-hdfs-3.2.0-tests.jar:/root/.m2/repository/org/eclipse/jetty/jetty-util-ajax/9.3.24.v20180605/jetty-util-ajax-9.3.24.v20180605.jar:/root/.m2/repository/commons-daemon/commons-daemon/1.0.13/commons-daemon-1.0.13.jar:/root/.m2/repository/io/netty/netty/3.10.5.Final/netty-3.10.5.Final.jar:/root/.m2/repository/io/netty/netty-all/4.0.52.Final/netty-all-4.0.52.Final.jar:/root/.m2/repository/org/fusesource/leveldbjni/leveldbjni-all/1.8/leveldbjni-all-1.8.jar:"/>
    <property name="java.vm.vendor" value="IcedTea"/>
    <property name="sun.arch.data.model" value="64"/>
    <property name="test.build.dir" value="/opt/src/hadoop-ozone/integration-test/target/test-dir"/>
    <property name="test.cache.data" value=""/>
    <property name="java.vendor.url" value="https://icedtea.classpath.org"/>
    <property name="user.timezone" value=""/>
    <property name="java.vm.specification.version" value="1.8"/>
    <property name="os.name" value="Linux"/>
    <property name="test.build.data" value="/opt/src/hadoop-ozone/integration-test/target/test-dir"/>
    <property name="user.country" value="US"/>
    <property name="sun.java.launcher" value="SUN_STANDARD"/>
    <property name="sun.boot.library.path" value="/usr/lib/jvm/java-1.8-openjdk/jre/lib/amd64"/>
    <property name="sun.java.command" value="/opt/src/hadoop-ozone/integration-test/target/surefire/surefirebooter5033923096495682246.jar /opt/src/hadoop-ozone/integration-test/target/surefire 2019-06-13T21-30-37_407-jvmRun1 surefire2322887445952720285tmp surefire_125656404427235134771tmp"/>
    <property name="surefire.test.class.path" value="/opt/src/hadoop-ozone/integration-test/target/test-classes:/opt/src/hadoop-ozone/integration-test/target/classes:/root/.m2/repository/org/apache/hadoop/hadoop-ozone-common/0.5.0-SNAPSHOT/hadoop-ozone-common-0.5.0-SNAPSHOT.jar:/root/.m2/repository/org/apache/commons/commons-compress/1.4.1/commons-compress-1.4.1.jar:/root/.m2/repository/org/tukaani/xz/1.0/xz-1.0.jar:/root/.m2/repository/org/apache/hadoop/hadoop-common/3.2.0/hadoop-common-3.2.0.jar:/root/.m2/repository/org/apache/hadoop/hadoop-hdfs/3.2.0/hadoop-hdfs-3.2.0.jar:/root/.m2/repository/org/apache/hadoop/hadoop-hdfs-client/3.2.0/hadoop-hdfs-client-3.2.0.jar:/root/.m2/repository/com/fasterxml/jackson/core/jackson-annotations/2.9.5/jackson-annotations-2.9.5.jar:/root/.m2/repository/org/apache/hadoop/hadoop-hdds-common/0.5.0-SNAPSHOT/hadoop-hdds-common-0.5.0-SNAPSHOT.jar:/root/.m2/repository/javax/annotation/javax.annotation-api/1.2/javax.annotation-api-1.2.jar:/root/.m2/repository/org/apache/ratis/ratis-server/0.4.0-fe2b15d-SNAPSHOT/ratis-server-0.4.0-fe2b15d-SNAPSHOT.jar:/root/.m2/repository/org/apache/ratis/ratis-thirdparty-misc/0.2.0/ratis-thirdparty-misc-0.2.0.jar:/root/.m2/repository/org/apache/ratis/ratis-proto/0.4.0-fe2b15d-SNAPSHOT/ratis-proto-0.4.0-fe2b15d-SNAPSHOT.jar:/root/.m2/repository/org/apache/ratis/ratis-common/0.4.0-fe2b15d-SNAPSHOT/ratis-common-0.4.0-fe2b15d-SNAPSHOT.jar:/root/.m2/repository/org/apache/ratis/ratis-client/0.4.0-fe2b15d-SNAPSHOT/ratis-client-0.4.0-fe2b15d-SNAPSHOT.jar:/root/.m2/repository/org/apache/ratis/ratis-netty/0.4.0-fe2b15d-SNAPSHOT/ratis-netty-0.4.0-fe2b15d-SNAPSHOT.jar:/root/.m2/repository/org/apache/ratis/ratis-grpc/0.4.0-fe2b15d-SNAPSHOT/ratis-grpc-0.4.0-fe2b15d-SNAPSHOT.jar:/root/.m2/repository/org/rocksdb/rocksdbjni/5.14.2/rocksdbjni-5.14.2.jar:/root/.m2/repository/org/apache/logging/log4j/log4j-api/2.11.0/log4j-api-2.11.0.jar:/root/.m2/repository/org/apache/logging/log4j/log4j-core/2.11.0/log4j-core-2.11.0.jar:/root/.m2/repository/com/lmax/disruptor/3.4.2/disruptor-3.4.2.jar:/root/.m2/repository/org/apache/commons/commons-pool2/2.6.0/commons-pool2-2.6.0.jar:/root/.m2/repository/org/bouncycastle/bcpkix-jdk15on/1.60/bcpkix-jdk15on-1.60.jar:/root/.m2/repository/commons-validator/commons-validator/1.6/commons-validator-1.6.jar:/root/.m2/repository/commons-digester/commons-digester/1.8.1/commons-digester-1.8.1.jar:/root/.m2/repository/io/jaegertracing/jaeger-client/0.33.1/jaeger-client-0.33.1.jar:/root/.m2/repository/io/jaegertracing/jaeger-thrift/0.33.1/jaeger-thrift-0.33.1.jar:/root/.m2/repository/org/apache/thrift/libthrift/0.11.0/libthrift-0.11.0.jar:/root/.m2/repository/com/squareup/okhttp3/okhttp/3.9.0/okhttp-3.9.0.jar:/root/.m2/repository/com/squareup/okio/okio/1.13.0/okio-1.13.0.jar:/root/.m2/repository/io/jaegertracing/jaeger-core/0.33.1/jaeger-core-0.33.1.jar:/root/.m2/repository/io/jaegertracing/jaeger-tracerresolver/0.33.1/jaeger-tracerresolver-0.33.1.jar:/root/.m2/repository/io/opentracing/contrib/opentracing-tracerresolver/0.1.5/opentracing-tracerresolver-0.1.5.jar:/root/.m2/repository/io/opentracing/opentracing-util/0.31.0/opentracing-util-0.31.0.jar:/root/.m2/repository/io/opentracing/opentracing-api/0.31.0/opentracing-api-0.31.0.jar:/root/.m2/repository/io/opentracing/opentracing-noop/0.31.0/opentracing-noop-0.31.0.jar:/root/.m2/repository/org/apache/hadoop/hadoop-hdds-server-framework/0.5.0-SNAPSHOT/hadoop-hdds-server-framework-0.5.0-SNAPSHOT.jar:/root/.m2/repository/org/apache/hadoop/hadoop-hdds-server-scm/0.5.0-SNAPSHOT/hadoop-hdds-server-scm-0.5.0-SNAPSHOT.jar:/root/.m2/repository/org/apache/hadoop/hadoop-hdds-container-service/0.5.0-SNAPSHOT/hadoop-hdds-container-service-0.5.0-SNAPSHOT.jar:/root/.m2/repository/org/apache/hadoop/hadoop-hdds-client/0.5.0-SNAPSHOT/hadoop-hdds-client-0.5.0-SNAPSHOT.jar:/root/.m2/repository/org/apache/hadoop/hadoop-hdds-tools/0.5.0-SNAPSHOT/hadoop-hdds-tools-0.5.0-SNAPSHOT.jar:/root/.m2/repository/org/apache/hadoop/hadoop-ozone-ozone-manager/0.5.0-SNAPSHOT/hadoop-ozone-ozone-manager-0.5.0-SNAPSHOT.jar:/root/.m2/repository/org/apache/hadoop/hadoop-hdds-docs/0.5.0-SNAPSHOT/hadoop-hdds-docs-0.5.0-SNAPSHOT.jar:/root/.m2/repository/org/bouncycastle/bcprov-jdk15on/1.60/bcprov-jdk15on-1.60.jar:/root/.m2/repository/org/apache/hadoop/hadoop-minikdc/3.2.0/hadoop-minikdc-3.2.0.jar:/root/.m2/repository/commons-io/commons-io/2.5/commons-io-2.5.jar:/root/.m2/repository/org/apache/kerby/kerb-simplekdc/1.0.1/kerb-simplekdc-1.0.1.jar:/root/.m2/repository/org/apache/kerby/kerb-client/1.0.1/kerb-client-1.0.1.jar:/root/.m2/repository/org/apache/kerby/kerby-config/1.0.1/kerby-config-1.0.1.jar:/root/.m2/repository/org/apache/kerby/kerb-core/1.0.1/kerb-core-1.0.1.jar:/root/.m2/repository/org/apache/kerby/kerby-pkix/1.0.1/kerby-pkix-1.0.1.jar:/root/.m2/repository/org/apache/kerby/kerby-asn1/1.0.1/kerby-asn1-1.0.1.jar:/root/.m2/repository/org/apache/kerby/kerby-util/1.0.1/kerby-util-1.0.1.jar:/root/.m2/repository/org/apache/kerby/kerb-common/1.0.1/kerb-common-1.0.1.jar:/root/.m2/repository/org/apache/kerby/kerb-crypto/1.0.1/kerb-crypto-1.0.1.jar:/root/.m2/repository/org/apache/kerby/kerb-util/1.0.1/kerb-util-1.0.1.jar:/root/.m2/repository/org/apache/kerby/token-provider/1.0.1/token-provider-1.0.1.jar:/root/.m2/repository/org/apache/kerby/kerb-admin/1.0.1/kerb-admin-1.0.1.jar:/root/.m2/repository/org/apache/kerby/kerb-server/1.0.1/kerb-server-1.0.1.jar:/root/.m2/repository/org/apache/kerby/kerb-identity/1.0.1/kerb-identity-1.0.1.jar:/root/.m2/repository/org/apache/kerby/kerby-xdr/1.0.1/kerby-xdr-1.0.1.jar:/root/.m2/repository/org/slf4j/slf4j-log4j12/1.7.25/slf4j-log4j12-1.7.25.jar:/root/.m2/repository/org/apache/hadoop/hadoop-ozone-objectstore-service/0.5.0-SNAPSHOT/hadoop-ozone-objectstore-service-0.5.0-SNAPSHOT.jar:/root/.m2/repository/org/apache/hadoop/hadoop-ozone-s3gateway/0.5.0-SNAPSHOT/hadoop-ozone-s3gateway-0.5.0-SNAPSHOT.jar:/root/.m2/repository/org/jboss/weld/servlet/weld-servlet/2.4.7.Final/weld-servlet-2.4.7.Final.jar:/root/.m2/repository/org/glassfish/jersey/containers/jersey-container-servlet-core/2.27/jersey-container-servlet-core-2.27.jar:/root/.m2/repository/org/glassfish/hk2/external/javax.inject/2.5.0-b42/javax.inject-2.5.0-b42.jar:/root/.m2/repository/org/glassfish/jersey/core/jersey-common/2.27/jersey-common-2.27.jar:/root/.m2/repository/org/glassfish/hk2/osgi-resource-locator/1.0.1/osgi-resource-locator-1.0.1.jar:/root/.m2/repository/javax/ws/rs/javax.ws.rs-api/2.1/javax.ws.rs-api-2.1.jar:/root/.m2/repository/org/glassfish/jersey/ext/cdi/jersey-cdi1x/2.27/jersey-cdi1x-2.27.jar:/root/.m2/repository/org/glassfish/jersey/inject/jersey-hk2/2.27/jersey-hk2-2.27.jar:/root/.m2/repository/org/glassfish/hk2/hk2-locator/2.5.0-b42/hk2-locator-2.5.0-b42.jar:/root/.m2/repository/org/javassist/javassist/3.22.0-CR2/javassist-3.22.0-CR2.jar:/root/.m2/repository/org/glassfish/hk2/hk2-api/2.5.0/hk2-api-2.5.0.jar:/root/.m2/repository/org/glassfish/hk2/external/jakarta.inject/2.5.0/jakarta.inject-2.5.0.jar:/root/.m2/repository/org/glassfish/hk2/hk2-utils/2.5.0/hk2-utils-2.5.0.jar:/root/.m2/repository/jakarta/annotation/jakarta.annotation-api/1.3.4/jakarta.annotation-api-1.3.4.jar:/root/.m2/repository/org/glassfish/hk2/external/aopalliance-repackaged/2.5.0/aopalliance-repackaged-2.5.0.jar:/root/.m2/repository/com/fasterxml/jackson/dataformat/jackson-dataformat-xml/2.9.0/jackson-dataformat-xml-2.9.0.jar:/root/.m2/repository/com/fasterxml/jackson/core/jackson-core/2.9.5/jackson-core-2.9.5.jar:/root/.m2/repository/com/fasterxml/jackson/module/jackson-module-jaxb-annotations/2.9.5/jackson-module-jaxb-annotations-2.9.5.jar:/root/.m2/repository/javax/enterprise/cdi-api/1.2/cdi-api-1.2.jar:/root/.m2/repository/javax/el/javax.el-api/3.0.0/javax.el-api-3.0.0.jar:/root/.m2/repository/javax/interceptor/javax.interceptor-api/1.2/javax.interceptor-api-1.2.jar:/root/.m2/repository/javax/inject/javax.inject/1/javax.inject-1.jar:/root/.m2/repository/com/sun/xml/bind/jaxb-impl/2.3.0.1/jaxb-impl-2.3.0.1.jar:/root/.m2/repository/com/sun/xml/bind/jaxb-core/2.3.0.1/jaxb-core-2.3.0.1.jar:/root/.m2/repository/javax/xml/bind/jaxb-api/2.3.0/jaxb-api-2.3.0.jar:/root/.m2/repository/javax/activation/activation/1.1.1/activation-1.1.1.jar:/root/.m2/repository/org/apache/hadoop/hadoop-ozone-csi/0.5.0-SNAPSHOT/hadoop-ozone-csi-0.5.0-SNAPSHOT.jar:/root/.m2/repository/com/google/protobuf/protobuf-java-util/3.5.1/protobuf-java-util-3.5.1.jar:/root/.m2/repository/org/apache/hadoop/hadoop-hdds-config/0.5.0-SNAPSHOT/hadoop-hdds-config-0.5.0-SNAPSHOT.jar:/root/.m2/repository/com/google/guava/guava/11.0.2/guava-11.0.2.jar:/root/.m2/repository/com/google/protobuf/protobuf-java/2.5.0/protobuf-java-2.5.0.jar:/root/.m2/repository/io/grpc/grpc-netty/1.17.1/grpc-netty-1.17.1.jar:/root/.m2/repository/io/grpc/grpc-core/1.17.1/grpc-core-1.17.1.jar:/root/.m2/repository/io/grpc/grpc-context/1.17.1/grpc-context-1.17.1.jar:/root/.m2/repository/com/google/errorprone/error_prone_annotations/2.2.0/error_prone_annotations-2.2.0.jar:/root/.m2/repository/org/codehaus/mojo/animal-sniffer-annotations/1.17/animal-sniffer-annotations-1.17.jar:/root/.m2/repository/io/opencensus/opencensus-api/0.17.0/opencensus-api-0.17.0.jar:/root/.m2/repository/io/opencensus/opencensus-contrib-grpc-metrics/0.17.0/opencensus-contrib-grpc-metrics-0.17.0.jar:/root/.m2/repository/io/netty/netty-codec-http2/4.1.30.Final/netty-codec-http2-4.1.30.Final.jar:/root/.m2/repository/io/netty/netty-codec-http/4.1.30.Final/netty-codec-http-4.1.30.Final.jar:/root/.m2/repository/io/netty/netty-codec/4.1.30.Final/netty-codec-4.1.30.Final.jar:/root/.m2/repository/io/netty/netty-handler/4.1.30.Final/netty-handler-4.1.30.Final.jar:/root/.m2/repository/io/netty/netty-handler-proxy/4.1.30.Final/netty-handler-proxy-4.1.30.Final.jar:/root/.m2/repository/io/netty/netty-codec-socks/4.1.30.Final/netty-codec-socks-4.1.30.Final.jar:/root/.m2/repository/io/netty/netty-transport-native-epoll/4.1.30.Final/netty-transport-native-epoll-4.1.30.Final.jar:/root/.m2/repository/io/netty/netty-common/4.1.30.Final/netty-common-4.1.30.Final.jar:/root/.m2/repository/io/netty/netty-buffer/4.1.30.Final/netty-buffer-4.1.30.Final.jar:/root/.m2/repository/io/netty/netty-transport/4.1.30.Final/netty-transport-4.1.30.Final.jar:/root/.m2/repository/io/netty/netty-resolver/4.1.30.Final/netty-resolver-4.1.30.Final.jar:/root/.m2/repository/io/netty/netty-transport-native-unix-common/4.1.30.Final/netty-transport-native-unix-common-4.1.30.Final.jar:/root/.m2/repository/io/grpc/grpc-protobuf/1.17.1/grpc-protobuf-1.17.1.jar:/root/.m2/repository/com/google/api/grpc/proto-google-common-protos/1.0.0/proto-google-common-protos-1.0.0.jar:/root/.m2/repository/io/grpc/grpc-protobuf-lite/1.17.1/grpc-protobuf-lite-1.17.1.jar:/root/.m2/repository/io/grpc/grpc-stub/1.17.1/grpc-stub-1.17.1.jar:/root/.m2/repository/org/apache/hadoop/hadoop-ozone-recon/0.5.0-SNAPSHOT/hadoop-ozone-recon-0.5.0-SNAPSHOT.jar:/root/.m2/repository/org/apache/hadoop/hadoop-ozone-reconcodegen/0.5.0-SNAPSHOT/hadoop-ozone-reconcodegen-0.5.0-SNAPSHOT.jar:/root/.m2/repository/com/google/inject/extensions/guice-multibindings/4.0/guice-multibindings-4.0.jar:/root/.m2/repository/com/google/inject/guice/4.0/guice-4.0.jar:/root/.m2/repository/aopalliance/aopalliance/1.0/aopalliance-1.0.jar:/root/.m2/repository/com/google/inject/extensions/guice-servlet/4.0/guice-servlet-4.0.jar:/root/.m2/repository/org/glassfish/jersey/containers/jersey-container-servlet/2.27/jersey-container-servlet-2.27.jar:/root/.m2/repository/org/glassfish/hk2/guice-bridge/2.5.0/guice-bridge-2.5.0.jar:/root/.m2/repository/org/glassfish/jersey/core/jersey-server/2.27/jersey-server-2.27.jar:/root/.m2/repository/org/glassfish/jersey/core/jersey-client/2.27/jersey-client-2.27.jar:/root/.m2/repository/org/glassfish/jersey/media/jersey-media-jaxb/2.27/jersey-media-jaxb-2.27.jar:/root/.m2/repository/javax/validation/validation-api/1.1.0.Final/validation-api-1.1.0.Final.jar:/root/.m2/repository/org/glassfish/jersey/media/jersey-media-json-jackson/2.27/jersey-media-json-jackson-2.27.jar:/root/.m2/repository/org/glassfish/jersey/ext/jersey-entity-filtering/2.27/jersey-entity-filtering-2.27.jar:/root/.m2/repository/com/google/inject/extensions/guice-assistedinject/4.0/guice-assistedinject-4.0.jar:/root/.m2/repository/org/jooq/jooq/3.11.10/jooq-3.11.10.jar:/root/.m2/repository/org/jooq/jooq-meta/3.11.10/jooq-meta-3.11.10.jar:/root/.m2/repository/org/jooq/jooq-codegen/3.11.10/jooq-codegen-3.11.10.jar:/root/.m2/repository/com/jolbox/bonecp/0.8.0.RELEASE/bonecp-0.8.0.RELEASE.jar:/root/.m2/repository/org/xerial/sqlite-jdbc/3.25.2/sqlite-jdbc-3.25.2.jar:/root/.m2/repository/org/springframework/spring-jdbc/5.1.3.RELEASE/spring-jdbc-5.1.3.RELEASE.jar:/root/.m2/repository/org/springframework/spring-beans/5.1.3.RELEASE/spring-beans-5.1.3.RELEASE.jar:/root/.m2/repository/org/springframework/spring-core/5.1.3.RELEASE/spring-core-5.1.3.RELEASE.jar:/root/.m2/repository/org/springframework/spring-jcl/5.1.3.RELEASE/spring-jcl-5.1.3.RELEASE.jar:/root/.m2/repository/org/springframework/spring-tx/5.1.3.RELEASE/spring-tx-5.1.3.RELEASE.jar:/root/.m2/repository/org/apache/hadoop/hadoop-ozone-client/0.5.0-SNAPSHOT/hadoop-ozone-client-0.5.0-SNAPSHOT.jar:/root/.m2/repository/org/apache/hadoop/hadoop-ozone-ozone-manager/0.5.0-SNAPSHOT/hadoop-ozone-ozone-manager-0.5.0-SNAPSHOT-tests.jar:/root/.m2/repository/junit/junit/4.11/junit-4.11.jar:/root/.m2/repository/org/hamcrest/hamcrest-core/1.3/hamcrest-core-1.3.jar:/root/.m2/repository/org/openjdk/jmh/jmh-core/1.19/jmh-core-1.19.jar:/root/.m2/repository/net/sf/jopt-simple/jopt-simple/4.6/jopt-simple-4.6.jar:/root/.m2/repository/org/apache/commons/commons-math3/3.1.1/commons-math3-3.1.1.jar:/root/.m2/repository/org/openjdk/jmh/jmh-generator-annprocess/1.19/jmh-generator-annprocess-1.19.jar:/root/.m2/repository/org/mockito/mockito-all/1.8.5/mockito-all-1.8.5.jar:/root/.m2/repository/org/apache/hadoop/hadoop-kms/3.2.0/hadoop-kms-3.2.0.jar:/root/.m2/repository/org/apache/hadoop/hadoop-auth/3.2.0/hadoop-auth-3.2.0.jar:/root/.m2/repository/com/nimbusds/nimbus-jose-jwt/4.41.1/nimbus-jose-jwt-4.41.1.jar:/root/.m2/repository/com/github/stephenc/jcip/jcip-annotations/1.0-1/jcip-annotations-1.0-1.jar:/root/.m2/repository/net/minidev/json-smart/2.3/json-smart-2.3.jar:/root/.m2/repository/net/minidev/accessors-smart/1.2/accessors-smart-1.2.jar:/root/.m2/repository/org/ow2/asm/asm/5.0.4/asm-5.0.4.jar:/root/.m2/repository/org/apache/curator/curator-framework/2.12.0/curator-framework-2.12.0.jar:/root/.m2/repository/com/sun/jersey/jersey-core/1.19/jersey-core-1.19.jar:/root/.m2/repository/javax/ws/rs/jsr311-api/1.1.1/jsr311-api-1.1.1.jar:/root/.m2/repository/com/sun/jersey/jersey-server/1.19/jersey-server-1.19.jar:/root/.m2/repository/javax/servlet/javax.servlet-api/3.1.0/javax.servlet-api-3.1.0.jar:/root/.m2/repository/org/eclipse/jetty/jetty-server/9.3.24.v20180605/jetty-server-9.3.24.v20180605.jar:/root/.m2/repository/org/eclipse/jetty/jetty-http/9.3.24.v20180605/jetty-http-9.3.24.v20180605.jar:/root/.m2/repository/org/eclipse/jetty/jetty-io/9.3.24.v20180605/jetty-io-9.3.24.v20180605.jar:/root/.m2/repository/org/eclipse/jetty/jetty-webapp/9.3.24.v20180605/jetty-webapp-9.3.24.v20180605.jar:/root/.m2/repository/org/eclipse/jetty/jetty-xml/9.3.24.v20180605/jetty-xml-9.3.24.v20180605.jar:/root/.m2/repository/log4j/log4j/1.2.17/log4j-1.2.17.jar:/root/.m2/repository/org/slf4j/slf4j-api/1.7.25/slf4j-api-1.7.25.jar:/root/.m2/repository/org/slf4j/jul-to-slf4j/1.7.25/jul-to-slf4j-1.7.25.jar:/root/.m2/repository/org/eclipse/jetty/jetty-util/9.3.24.v20180605/jetty-util-9.3.24.v20180605.jar:/root/.m2/repository/io/dropwizard/metrics/metrics-core/3.2.4/metrics-core-3.2.4.jar:/root/.m2/repository/com/fasterxml/jackson/core/jackson-databind/2.9.5/jackson-databind-2.9.5.jar:/root/.m2/repository/org/apache/hadoop/hadoop-kms/3.2.0/hadoop-kms-3.2.0-tests.jar:/root/.m2/repository/org/apache/hadoop/hadoop-hdds-server-scm/0.5.0-SNAPSHOT/hadoop-hdds-server-scm-0.5.0-SNAPSHOT-tests.jar:/root/.m2/repository/org/hamcrest/hamcrest-all/1.3/hamcrest-all-1.3.jar:/root/.m2/repository/info/picocli/picocli/3.9.6/picocli-3.9.6.jar:/root/.m2/repository/org/apache/hadoop/hadoop-hdds-container-service/0.5.0-SNAPSHOT/hadoop-hdds-container-service-0.5.0-SNAPSHOT-tests.jar:/root/.m2/repository/org/yaml/snakeyaml/1.16/snakeyaml-1.16.jar:/root/.m2/repository/org/apache/hadoop/hadoop-common/3.2.0/hadoop-common-3.2.0-tests.jar:/root/.m2/repository/org/apache/hadoop/hadoop-annotations/3.2.0/hadoop-annotations-3.2.0.jar:/usr/lib/jvm/java-1.8-openjdk/jre/../lib/tools.jar:/root/.m2/repository/commons-cli/commons-cli/1.2/commons-cli-1.2.jar:/root/.m2/repository/org/apache/httpcomponents/httpclient/4.5.2/httpclient-4.5.2.jar:/root/.m2/repository/org/apache/httpcomponents/httpcore/4.4.4/httpcore-4.4.4.jar:/root/.m2/repository/commons-codec/commons-codec/1.11/commons-codec-1.11.jar:/root/.m2/repository/commons-net/commons-net/3.6/commons-net-3.6.jar:/root/.m2/repository/commons-collections/commons-collections/3.2.2/commons-collections-3.2.2.jar:/root/.m2/repository/org/eclipse/jetty/jetty-servlet/9.3.24.v20180605/jetty-servlet-9.3.24.v20180605.jar:/root/.m2/repository/org/eclipse/jetty/jetty-security/9.3.24.v20180605/jetty-security-9.3.24.v20180605.jar:/root/.m2/repository/javax/servlet/jsp/jsp-api/2.1/jsp-api-2.1.jar:/root/.m2/repository/com/sun/jersey/jersey-servlet/1.19/jersey-servlet-1.19.jar:/root/.m2/repository/com/sun/jersey/jersey-json/1.19/jersey-json-1.19.jar:/root/.m2/repository/org/codehaus/jettison/jettison/1.1/jettison-1.1.jar:/root/.m2/repository/org/codehaus/jackson/jackson-core-asl/1.9.13/jackson-core-asl-1.9.13.jar:/root/.m2/repository/org/codehaus/jackson/jackson-mapper-asl/1.9.13/jackson-mapper-asl-1.9.13.jar:/root/.m2/repository/org/codehaus/jackson/jackson-jaxrs/1.9.13/jackson-jaxrs-1.9.13.jar:/root/.m2/repository/org/codehaus/jackson/jackson-xc/1.9.13/jackson-xc-1.9.13.jar:/root/.m2/repository/commons-logging/commons-logging/1.1.3/commons-logging-1.1.3.jar:/root/.m2/repository/commons-beanutils/commons-beanutils/1.9.3/commons-beanutils-1.9.3.jar:/root/.m2/repository/org/apache/commons/commons-configuration2/2.1.1/commons-configuration2-2.1.1.jar:/root/.m2/repository/org/apache/commons/commons-lang3/3.7/commons-lang3-3.7.jar:/root/.m2/repository/org/apache/commons/commons-text/1.4/commons-text-1.4.jar:/root/.m2/repository/org/apache/avro/avro/1.7.7/avro-1.7.7.jar:/root/.m2/repository/com/thoughtworks/paranamer/paranamer/2.3/paranamer-2.3.jar:/root/.m2/repository/org/xerial/snappy/snappy-java/1.0.5/snappy-java-1.0.5.jar:/root/.m2/repository/com/google/re2j/re2j/1.1/re2j-1.1.jar:/root/.m2/repository/com/google/code/gson/gson/2.2.4/gson-2.2.4.jar:/root/.m2/repository/com/jcraft/jsch/0.1.54/jsch-0.1.54.jar:/root/.m2/repository/org/apache/curator/curator-client/2.12.0/curator-client-2.12.0.jar:/root/.m2/repository/org/apache/curator/curator-recipes/2.12.0/curator-recipes-2.12.0.jar:/root/.m2/repository/com/google/code/findbugs/jsr305/3.0.0/jsr305-3.0.0.jar:/root/.m2/repository/org/apache/htrace/htrace-core4/4.1.0-incubating/htrace-core4-4.1.0-incubating.jar:/root/.m2/repository/org/apache/zookeeper/zookeeper/3.4.13/zookeeper-3.4.13.jar:/root/.m2/repository/org/apache/yetus/audience-annotations/0.5.0/audience-annotations-0.5.0.jar:/root/.m2/repository/org/codehaus/woodstox/stax2-api/3.1.4/stax2-api-3.1.4.jar:/root/.m2/repository/com/fasterxml/woodstox/woodstox-core/5.0.3/woodstox-core-5.0.3.jar:/root/.m2/repository/dnsjava/dnsjava/2.1.7/dnsjava-2.1.7.jar:/root/.m2/repository/org/apache/hadoop/hadoop-hdfs/3.2.0/hadoop-hdfs-3.2.0-tests.jar:/root/.m2/repository/org/eclipse/jetty/jetty-util-ajax/9.3.24.v20180605/jetty-util-ajax-9.3.24.v20180605.jar:/root/.m2/repository/commons-daemon/commons-daemon/1.0.13/commons-daemon-1.0.13.jar:/root/.m2/repository/io/netty/netty/3.10.5.Final/netty-3.10.5.Final.jar:/root/.m2/repository/io/netty/netty-all/4.0.52.Final/netty-all-4.0.52.Final.jar:/root/.m2/repository/org/fusesource/leveldbjni/leveldbjni-all/1.8/leveldbjni-all-1.8.jar:"/>
    <property name="sun.cpu.endian" value="little"/>
    <property name="user.home" value="/root"/>
    <property name="user.language" value="en"/>
    <property name="java.specification.vendor" value="Oracle Corporation"/>
    <property name="java.home" value="/usr/lib/jvm/java-1.8-openjdk/jre"/>
    <property name="java.security.krb5.conf" value="/opt/src/hadoop-ozone/integration-test/target/test-classes/krb5.conf"/>
    <property name="basedir" value="/opt/src/hadoop-ozone/integration-test"/>
    <property name="file.separator" value="/"/>
    <property name="line.separator" value="&#10;"/>
    <property name="java.vm.specification.vendor" value="Oracle Corporation"/>
    <property name="java.specification.name" value="Java Platform API Specification"/>
    <property name="java.awt.graphicsenv" value="sun.awt.X11GraphicsEnvironment"/>
    <property name="surefire.real.class.path" value="/opt/src/hadoop-ozone/integration-test/target/surefire/surefirebooter5033923096495682246.jar"/>
    <property name="hadoop.log.dir" value="/opt/src/hadoop-ozone/integration-test/target/log"/>
    <property name="sun.boot.class.path" value="/usr/lib/jvm/java-1.8-openjdk/jre/lib/resources.jar:/usr/lib/jvm/java-1.8-openjdk/jre/lib/rt.jar:/usr/lib/jvm/java-1.8-openjdk/jre/lib/sunrsasign.jar:/usr/lib/jvm/java-1.8-openjdk/jre/lib/jsse.jar:/usr/lib/jvm/java-1.8-openjdk/jre/lib/jce.jar:/usr/lib/jvm/java-1.8-openjdk/jre/lib/charsets.jar:/usr/lib/jvm/java-1.8-openjdk/jre/lib/jfr.jar:/usr/lib/jvm/java-1.8-openjdk/jre/classes"/>
    <property name="sun.management.compiler" value="HotSpot 64-Bit Tiered Compilers"/>
    <property name="java.runtime.version" value="1.8.0_212-b04"/>
    <property name="java.net.preferIPv4Stack" value="true"/>
    <property name="user.name" value="root"/>
    <property name="path.separator" value=":"/>
    <property name="java.security.egd" value="file:///dev/urandom"/>
    <property name="os.version" value="4.15.0-1021-aws"/>
    <property name="java.endorsed.dirs" value="/usr/lib/jvm/java-1.8-openjdk/jre/lib/endorsed"/>
    <property name="java.runtime.name" value="OpenJDK Runtime Environment"/>
    <property name="file.encoding" value="UTF-8"/>
    <property name="java.vm.name" value="OpenJDK 64-Bit Server VM"/>
    <property name="test.build.webapps" value=""/>
    <property name="localRepository" value="/root/.m2/repository"/>
    <property name="java.vendor.url.bug" value="https://icedtea.classpath.org/bugzilla"/>
    <property name="java.io.tmpdir" value="/tmp"/>
    <property name="require.test.libhadoop" value=""/>
    <property name="java.version" value="1.8.0_212"/>
    <property name="user.dir" value="/opt/src/hadoop-ozone/integration-test"/>
    <property name="os.arch" value="amd64"/>
    <property name="java.vm.specification.name" value="Java Virtual Machine Specification"/>
    <property name="test.build.classes" value="/opt/src/hadoop-ozone/integration-test/target/test-classes"/>
    <property name="java.awt.printerjob" value="sun.print.PSPrinterJob"/>
    <property name="sun.os.patch.level" value="unknown"/>
    <property name="hadoop.tmp.dir" value="/opt/src/hadoop-ozone/integration-test/target/tmp"/>
    <property name="java.library.path" value="/usr/lib/jvm/java-1.8-openjdk/jre/lib/amd64/server:/usr/lib/jvm/java-1.8-openjdk/jre/lib/amd64:/usr/lib/jvm/java-1.8-openjdk/jre/../lib/amd64:/opt/src/hadoop-ozone/integration-test/target/native/target/usr/local/lib:/opt/src/hadoop-ozone/integration-test/../../hadoop-common-project/hadoop-common/target/native/target/usr/local/lib:/usr/java/packages/lib/amd64:/usr/lib64:/lib64:/lib:/usr/lib"/>
    <property name="java.vm.info" value="mixed mode"/>
    <property name="java.vendor" value="IcedTea"/>
    <property name="java.vm.version" value="25.212-b04"/>
    <property name="java.ext.dirs" value="/usr/lib/jvm/java-1.8-openjdk/jre/lib/ext:/usr/java/packages/lib/ext"/>
    <property name="sun.io.unicode.encoding" value="UnicodeLittle"/>
    <property name="java.class.version" value="52.0"/>
  </properties>
  <testcase name="testPipelineExclusionWithPipelineFailure" classname="org.apache.hadoop.ozone.client.rpc.TestFailureHandlingByClient" time="30.652"/>
  <testcase name="testContainerExclusionWithClosedContainerException" classname="org.apache.hadoop.ozone.client.rpc.TestFailureHandlingByClient" time="11.52"/>
  <testcase name="testWriteSmallFile" classname="org.apache.hadoop.ozone.client.rpc.TestFailureHandlingByClient" time="16.082"/>
  <testcase name="testMultiBlockWritesWithIntermittentDnFailures" classname="org.apache.hadoop.ozone.client.rpc.TestFailureHandlingByClient" time="33.392"/>
  <testcase name="testBlockWritesWithDnFailures" classname="org.apache.hadoop.ozone.client.rpc.TestFailureHandlingByClient" time="11.643"/>
  <testcase name="testDatanodeExclusionWithMajorityCommit" classname="org.apache.hadoop.ozone.client.rpc.TestFailureHandlingByClient" time="18.73"/>
  <testcase name="testMultiBlockWritesWithDnFailures" classname="org.apache.hadoop.ozone.client.rpc.TestFailureHandlingByClient" time="19.997">
    <error message="Allocate block failed." type="INTERNAL_ERROR org.apache.hadoop.ozone.om.exceptions.OMException">INTERNAL_ERROR org.apache.hadoop.ozone.om.exceptions.OMException: Allocate block failed.
	at org.apache.hadoop.ozone.om.protocolPB.OzoneManagerProtocolClientSideTranslatorPB.handleError(OzoneManagerProtocolClientSideTranslatorPB.java:720)
	at org.apache.hadoop.ozone.om.protocolPB.OzoneManagerProtocolClientSideTranslatorPB.allocateBlock(OzoneManagerProtocolClientSideTranslatorPB.java:743)
	at org.apache.hadoop.ozone.client.io.BlockOutputStreamEntryPool.allocateNewBlock(BlockOutputStreamEntryPool.java:248)
	at org.apache.hadoop.ozone.client.io.BlockOutputStreamEntryPool.allocateBlockIfNeeded(BlockOutputStreamEntryPool.java:296)
	at org.apache.hadoop.ozone.client.io.KeyOutputStream.handleWrite(KeyOutputStream.java:201)
	at org.apache.hadoop.ozone.client.io.KeyOutputStream.handleRetry(KeyOutputStream.java:376)
	at org.apache.hadoop.ozone.client.io.KeyOutputStream.handleException(KeyOutputStream.java:325)
	at org.apache.hadoop.ozone.client.io.KeyOutputStream.handleWrite(KeyOutputStream.java:231)
	at org.apache.hadoop.ozone.client.io.KeyOutputStream.handleRetry(KeyOutputStream.java:376)
	at org.apache.hadoop.ozone.client.io.KeyOutputStream.handleException(KeyOutputStream.java:325)
	at org.apache.hadoop.ozone.client.io.KeyOutputStream.handleWrite(KeyOutputStream.java:231)
	at org.apache.hadoop.ozone.client.io.KeyOutputStream.write(KeyOutputStream.java:193)
	at org.apache.hadoop.ozone.client.io.OzoneOutputStream.write(OzoneOutputStream.java:49)
	at java.io.OutputStream.write(OutputStream.java:75)
	at org.apache.hadoop.ozone.client.rpc.TestFailureHandlingByClient.testMultiBlockWritesWithDnFailures(TestFailureHandlingByClient.java:189)
	at sun.reflect.NativeMethodAccessorImpl.invoke0(Native Method)
	at sun.reflect.NativeMethodAccessorImpl.invoke(NativeMethodAccessorImpl.java:62)
	at sun.reflect.DelegatingMethodAccessorImpl.invoke(DelegatingMethodAccessorImpl.java:43)
	at java.lang.reflect.Method.invoke(Method.java:498)
	at org.junit.runners.model.FrameworkMethod$1.runReflectiveCall(FrameworkMethod.java:47)
	at org.junit.internal.runners.model.ReflectiveCallable.run(ReflectiveCallable.java:12)
	at org.junit.runners.model.FrameworkMethod.invokeExplosively(FrameworkMethod.java:44)
	at org.junit.internal.runners.statements.InvokeMethod.evaluate(InvokeMethod.java:17)
	at org.junit.runners.ParentRunner.runLeaf(ParentRunner.java:271)
	at org.junit.runners.BlockJUnit4ClassRunner.runChild(BlockJUnit4ClassRunner.java:70)
	at org.junit.runners.BlockJUnit4ClassRunner.runChild(BlockJUnit4ClassRunner.java:50)
	at org.junit.runners.ParentRunner$3.run(ParentRunner.java:238)
	at org.junit.runners.ParentRunner$1.schedule(ParentRunner.java:63)
	at org.junit.runners.ParentRunner.runChildren(ParentRunner.java:236)
	at org.junit.runners.ParentRunner.access$000(ParentRunner.java:53)
	at org.junit.runners.ParentRunner$2.evaluate(ParentRunner.java:229)
	at org.junit.runners.ParentRunner.run(ParentRunner.java:309)
	at org.apache.maven.surefire.junit4.JUnit4Provider.execute(JUnit4Provider.java:365)
	at org.apache.maven.surefire.junit4.JUnit4Provider.executeWithRerun(JUnit4Provider.java:273)
	at org.apache.maven.surefire.junit4.JUnit4Provider.executeTestSet(JUnit4Provider.java:238)
	at org.apache.maven.surefire.junit4.JUnit4Provider.invoke(JUnit4Provider.java:159)
	at org.apache.maven.surefire.booter.ForkedBooter.invokeProviderInSameClassLoader(ForkedBooter.java:384)
	at org.apache.maven.surefire.booter.ForkedBooter.runSuitesInProcess(ForkedBooter.java:345)
	at org.apache.maven.surefire.booter.ForkedBooter.execute(ForkedBooter.java:126)
	at org.apache.maven.surefire.booter.ForkedBooter.main(ForkedBooter.java:418)
</error>
    <system-out><![CDATA[2019-06-13 21:37:18,991 WARN  server.ServerUtils (ServerUtils.java:getScmDbDir(145)) - ozone.scm.db.dirs is not configured. We recommend adding this setting. Falling back to ozone.metadata.dirs instead.
2019-06-13 21:37:18,995 WARN  server.ServerUtils (ServerUtils.java:getScmDbDir(145)) - ozone.scm.db.dirs is not configured. We recommend adding this setting. Falling back to ozone.metadata.dirs instead.
2019-06-13 21:37:18,995 WARN  server.ServerUtils (ServerUtils.java:getScmDbDir(145)) - ozone.scm.db.dirs is not configured. We recommend adding this setting. Falling back to ozone.metadata.dirs instead.
2019-06-13 21:37:18,996 INFO  db.DBStoreBuilder (DBStoreBuilder.java:addTable(110)) - using custom profile for table: deletedBlocks
2019-06-13 21:37:18,996 INFO  db.DBStoreBuilder (DBStoreBuilder.java:processTables(161)) - Using default column profile:DBProfile.DISK for Table:deletedBlocks
2019-06-13 21:37:18,996 INFO  db.DBStoreBuilder (DBStoreBuilder.java:addTable(110)) - using custom profile for table: validCerts
2019-06-13 21:37:18,996 INFO  db.DBStoreBuilder (DBStoreBuilder.java:processTables(161)) - Using default column profile:DBProfile.DISK for Table:validCerts
2019-06-13 21:37:18,996 INFO  db.DBStoreBuilder (DBStoreBuilder.java:addTable(110)) - using custom profile for table: revokedCerts
2019-06-13 21:37:18,996 INFO  db.DBStoreBuilder (DBStoreBuilder.java:processTables(161)) - Using default column profile:DBProfile.DISK for Table:revokedCerts
2019-06-13 21:37:18,996 INFO  db.DBStoreBuilder (DBStoreBuilder.java:addTable(110)) - using custom profile for table: default
2019-06-13 21:37:18,996 INFO  db.DBStoreBuilder (DBStoreBuilder.java:processTables(167)) - Using default column profile:DBProfile.DISK for Table:default
2019-06-13 21:37:18,996 INFO  db.DBStoreBuilder (DBStoreBuilder.java:getDbProfile(198)) - Using default options. DBProfile.DISK
2019-06-13 21:37:19,032 INFO  node.SCMNodeManager (SCMNodeManager.java:<init>(108)) - Entering startup safe mode.
2019-06-13 21:37:19,033 INFO  net.NodeSchemaLoader (NodeSchemaLoader.java:loadSchemaFromFile(125)) - Loading file from sun.misc.CompoundEnumeration@59ac94ad
2019-06-13 21:37:19,033 INFO  net.NodeSchemaLoader (NodeSchemaLoader.java:loadSchema(171)) - Loading network topology layer schema file
2019-06-13 21:37:19,035 WARN  server.ServerUtils (ServerUtils.java:getScmDbDir(145)) - ozone.scm.db.dirs is not configured. We recommend adding this setting. Falling back to ozone.metadata.dirs instead.
2019-06-13 21:37:19,046 INFO  pipeline.SCMPipelineManager (SCMPipelineManager.java:initializePipelineState(126)) - No pipeline exists in current db
2019-06-13 21:37:19,046 WARN  server.ServerUtils (ServerUtils.java:getScmDbDir(145)) - ozone.scm.db.dirs is not configured. We recommend adding this setting. Falling back to ozone.metadata.dirs instead.
2019-06-13 21:37:19,058 WARN  events.EventQueue (EventQueue.java:fireEvent(175)) - No event handler registered for event TypedEvent{payloadType=SafeModeStatus, name='SafeModeStatus'}
2019-06-13 21:37:19,059 INFO  ipc.CallQueueManager (CallQueueManager.java:<init>(84)) - Using callQueue: class java.util.concurrent.LinkedBlockingQueue, queueCapacity: 2000, scheduler: class org.apache.hadoop.ipc.DefaultRpcScheduler, ipcBackoff: false.
2019-06-13 21:37:19,059 INFO  ipc.Server (Server.java:run(1074)) - Starting Socket Reader #1 for port 38595
2019-06-13 21:37:19,061 INFO  ipc.CallQueueManager (CallQueueManager.java:<init>(84)) - Using callQueue: class java.util.concurrent.LinkedBlockingQueue, queueCapacity: 2000, scheduler: class org.apache.hadoop.ipc.DefaultRpcScheduler, ipcBackoff: false.
2019-06-13 21:37:19,062 INFO  ipc.Server (Server.java:run(1074)) - Starting Socket Reader #1 for port 46505
2019-06-13 21:37:19,063 INFO  ipc.CallQueueManager (CallQueueManager.java:<init>(84)) - Using callQueue: class java.util.concurrent.LinkedBlockingQueue, queueCapacity: 2000, scheduler: class org.apache.hadoop.ipc.DefaultRpcScheduler, ipcBackoff: false.
2019-06-13 21:37:19,063 INFO  ipc.Server (Server.java:run(1074)) - Starting Socket Reader #1 for port 41505
2019-06-13 21:37:19,065 INFO  hdfs.DFSUtil (DFSUtil.java:httpServerTemplateForNNAndJN(1641)) - Starting Web-server for scm at: http://0.0.0.0:0
2019-06-13 21:37:19,066 INFO  server.AuthenticationFilter (AuthenticationFilter.java:constructSecretProvider(240)) - Unable to initialize FileSignerSecretProvider, falling back to use random secrets.
2019-06-13 21:37:19,067 WARN  http.HttpRequestLog (HttpRequestLog.java:getRequestLog(97)) - Jetty request log can only be enabled using Log4j
2019-06-13 21:37:19,068 INFO  http.HttpServer2 (HttpServer2.java:addGlobalFilter(975)) - Added global filter 'safety' (class=org.apache.hadoop.http.HttpServer2$QuotingInputFilter)
2019-06-13 21:37:19,068 INFO  http.HttpServer2 (HttpServer2.java:addFilter(948)) - Added filter static_user_filter (class=org.apache.hadoop.http.lib.StaticUserWebFilter$StaticUserFilter) to context scm
2019-06-13 21:37:19,068 INFO  http.HttpServer2 (HttpServer2.java:addFilter(958)) - Added filter static_user_filter (class=org.apache.hadoop.http.lib.StaticUserWebFilter$StaticUserFilter) to context static
2019-06-13 21:37:19,068 INFO  http.HttpServer2 (HttpServer2.java:addFilter(958)) - Added filter static_user_filter (class=org.apache.hadoop.http.lib.StaticUserWebFilter$StaticUserFilter) to context logs
2019-06-13 21:37:19,070 INFO  server.StorageContainerManager (StorageContainerManager.java:start(752)) - StorageContainerLocationProtocol RPC server is listening at /0.0.0.0:41505
2019-06-13 21:37:19,070 INFO  impl.MetricsSystemImpl (MetricsSystemImpl.java:init(158)) - StorageContainerManager metrics system started (again)
2019-06-13 21:37:19,071 INFO  server.SCMClientProtocolServer (SCMClientProtocolServer.java:start(149)) - RPC server for Client  is listening at /0.0.0.0:41505
2019-06-13 21:37:19,074 INFO  ipc.Server (Server.java:run(1314)) - IPC Server Responder: starting
2019-06-13 21:37:19,074 INFO  ipc.Server (Server.java:run(1153)) - IPC Server listener on 41505: starting
2019-06-13 21:37:19,087 INFO  server.StorageContainerManager (StorageContainerManager.java:start(761)) - ScmBlockLocationProtocol RPC server is listening at /0.0.0.0:46505
2019-06-13 21:37:19,087 INFO  server.SCMBlockProtocolServer (SCMBlockProtocolServer.java:start(137)) - RPC server for Block Protocol is listening at /0.0.0.0:46505
2019-06-13 21:37:19,088 INFO  ipc.Server (Server.java:run(1314)) - IPC Server Responder: starting
2019-06-13 21:37:19,091 INFO  ipc.Server (Server.java:run(1153)) - IPC Server listener on 46505: starting
2019-06-13 21:37:19,111 INFO  server.StorageContainerManager (StorageContainerManager.java:start(765)) - ScmDatanodeProtocl RPC server is listening at /0.0.0.0:38595
2019-06-13 21:37:19,111 INFO  server.SCMDatanodeProtocolServer (SCMDatanodeProtocolServer.java:start(191)) - RPC server for DataNodes is listening at /0.0.0.0:38595
2019-06-13 21:37:19,111 INFO  ipc.Server (Server.java:run(1314)) - IPC Server Responder: starting
2019-06-13 21:37:19,111 INFO  ipc.Server (Server.java:run(1153)) - IPC Server listener on 38595: starting
2019-06-13 21:37:19,114 INFO  http.HttpServer2 (HttpServer2.java:bindListener(1191)) - Jetty bound to port 37413
2019-06-13 21:37:19,114 INFO  server.Server (Server.java:doStart(351)) - jetty-9.3.24.v20180605, build timestamp: 2018-06-05T17:11:56Z, git hash: 84205aa28f11a4f31f2a3b86d1bba2cc8ab69827
2019-06-13 21:37:19,118 INFO  handler.ContextHandler (ContextHandler.java:doStart(781)) - Started o.e.j.s.ServletContextHandler@55fb9e52{/logs,file:///opt/src/hadoop-ozone/integration-test/target/log,AVAILABLE}
2019-06-13 21:37:19,118 INFO  handler.ContextHandler (ContextHandler.java:doStart(781)) - Started o.e.j.s.ServletContextHandler@76cf849f{/static,file:///opt/src/hadoop-ozone/integration-test/target/test-classes/webapps/static,AVAILABLE}
2019-06-13 21:37:19,120 INFO  handler.ContextHandler (ContextHandler.java:doStart(781)) - Started o.e.j.w.WebAppContext@786e2c5e{/,file:///opt/src/hadoop-ozone/integration-test/target/test-classes/webapps/scm/,AVAILABLE}{/scm}
2019-06-13 21:37:19,120 INFO  server.AbstractConnector (AbstractConnector.java:doStart(278)) - Started ServerConnector@75452b01{HTTP/1.1,[http/1.1]}{0.0.0.0:37413}
2019-06-13 21:37:19,121 INFO  server.Server (Server.java:doStart(419)) - Started @122468ms
2019-06-13 21:37:19,122 INFO  server.BaseHttpServer (BaseHttpServer.java:updateConnectorAddress(207)) - HTTP server of SCM is listening at http://0.0.0.0:37413
2019-06-13 21:37:19,123 INFO  util.JvmPauseMonitor (JvmPauseMonitor.java:run(188)) - Starting JVM pause monitor
2019-06-13 21:37:19,125 WARN  scm.ScmUtils (ScmUtils.java:getDBPath(63)) - ozone.om.db.dirs is not configured. We recommend adding this setting. Falling back to ozone.metadata.dirs instead.
2019-06-13 21:37:19,128 WARN  scm.ScmUtils (ScmUtils.java:getDBPath(63)) - ozone.om.db.dirs is not configured. We recommend adding this setting. Falling back to ozone.metadata.dirs instead.
2019-06-13 21:37:19,128 INFO  om.OzoneManager (OzoneManager.java:setOMNodeDetails(519)) - OM Service ID is not set. Setting it to the default ID: omServiceIdDefault
2019-06-13 21:37:19,128 INFO  om.OzoneManager (OzoneManager.java:setOMNodeDetails(525)) - OM Node ID is not set. Setting it to the OmStorage's OmID: b1157695-0a24-42e7-b044-b693f09fe245
2019-06-13 21:37:19,128 WARN  scm.HddsServerUtil (HddsServerUtil.java:getDefaultRatisDirectory(354)) - Storage directory for Ratis is not configured. It is a good idea to map this to an SSD disk. Falling back to ozone.metadata.dirs
2019-06-13 21:37:19,128 WARN  scm.HddsServerUtil (HddsServerUtil.java:getDefaultRatisDirectory(354)) - Storage directory for Ratis is not configured. It is a good idea to map this to an SSD disk. Falling back to ozone.metadata.dirs
2019-06-13 21:37:19,128 INFO  om.OzoneManager (OzoneManager.java:loadOMHAConfigs(476)) - Found matching OM address with OMServiceId: null, OMNodeId: null, RPC Address: localhost:0 and Ratis port: 9872
2019-06-13 21:37:19,133 WARN  scm.ScmUtils (ScmUtils.java:getDBPath(63)) - ozone.om.db.dirs is not configured. We recommend adding this setting. Falling back to ozone.metadata.dirs instead.
2019-06-13 21:37:19,133 INFO  db.DBStoreBuilder (DBStoreBuilder.java:addTable(110)) - using custom profile for table: userTable
2019-06-13 21:37:19,133 INFO  db.DBStoreBuilder (DBStoreBuilder.java:processTables(161)) - Using default column profile:DBProfile.DISK for Table:userTable
2019-06-13 21:37:19,133 INFO  db.DBStoreBuilder (DBStoreBuilder.java:addTable(110)) - using custom profile for table: volumeTable
2019-06-13 21:37:19,133 INFO  db.DBStoreBuilder (DBStoreBuilder.java:processTables(161)) - Using default column profile:DBProfile.DISK for Table:volumeTable
2019-06-13 21:37:19,134 INFO  db.DBStoreBuilder (DBStoreBuilder.java:addTable(110)) - using custom profile for table: bucketTable
2019-06-13 21:37:19,134 INFO  db.DBStoreBuilder (DBStoreBuilder.java:processTables(161)) - Using default column profile:DBProfile.DISK for Table:bucketTable
2019-06-13 21:37:19,134 INFO  db.DBStoreBuilder (DBStoreBuilder.java:addTable(110)) - using custom profile for table: keyTable
2019-06-13 21:37:19,134 INFO  db.DBStoreBuilder (DBStoreBuilder.java:processTables(161)) - Using default column profile:DBProfile.DISK for Table:keyTable
2019-06-13 21:37:19,134 INFO  db.DBStoreBuilder (DBStoreBuilder.java:addTable(110)) - using custom profile for table: deletedTable
2019-06-13 21:37:19,134 INFO  db.DBStoreBuilder (DBStoreBuilder.java:processTables(161)) - Using default column profile:DBProfile.DISK for Table:deletedTable
2019-06-13 21:37:19,135 INFO  db.DBStoreBuilder (DBStoreBuilder.java:addTable(110)) - using custom profile for table: openKeyTable
2019-06-13 21:37:19,135 INFO  db.DBStoreBuilder (DBStoreBuilder.java:processTables(161)) - Using default column profile:DBProfile.DISK for Table:openKeyTable
2019-06-13 21:37:19,135 INFO  db.DBStoreBuilder (DBStoreBuilder.java:addTable(110)) - using custom profile for table: s3Table
2019-06-13 21:37:19,135 INFO  db.DBStoreBuilder (DBStoreBuilder.java:processTables(161)) - Using default column profile:DBProfile.DISK for Table:s3Table
2019-06-13 21:37:19,135 INFO  db.DBStoreBuilder (DBStoreBuilder.java:addTable(110)) - using custom profile for table: multipartInfoTable
2019-06-13 21:37:19,135 INFO  db.DBStoreBuilder (DBStoreBuilder.java:processTables(161)) - Using default column profile:DBProfile.DISK for Table:multipartInfoTable
2019-06-13 21:37:19,135 INFO  db.DBStoreBuilder (DBStoreBuilder.java:addTable(110)) - using custom profile for table: dTokenTable
2019-06-13 21:37:19,136 INFO  db.DBStoreBuilder (DBStoreBuilder.java:processTables(161)) - Using default column profile:DBProfile.DISK for Table:dTokenTable
2019-06-13 21:37:19,136 INFO  db.DBStoreBuilder (DBStoreBuilder.java:addTable(110)) - using custom profile for table: s3SecretTable
2019-06-13 21:37:19,136 INFO  db.DBStoreBuilder (DBStoreBuilder.java:processTables(161)) - Using default column profile:DBProfile.DISK for Table:s3SecretTable
2019-06-13 21:37:19,136 INFO  db.DBStoreBuilder (DBStoreBuilder.java:addTable(110)) - using custom profile for table: prefixTable
2019-06-13 21:37:19,136 INFO  db.DBStoreBuilder (DBStoreBuilder.java:processTables(161)) - Using default column profile:DBProfile.DISK for Table:prefixTable
2019-06-13 21:37:19,136 INFO  db.DBStoreBuilder (DBStoreBuilder.java:addTable(110)) - using custom profile for table: default
2019-06-13 21:37:19,136 INFO  db.DBStoreBuilder (DBStoreBuilder.java:processTables(167)) - Using default column profile:DBProfile.DISK for Table:default
2019-06-13 21:37:19,137 INFO  db.DBStoreBuilder (DBStoreBuilder.java:getDbProfile(198)) - Using default options. DBProfile.DISK
2019-06-13 21:37:19,274 INFO  ipc.CallQueueManager (CallQueueManager.java:<init>(84)) - Using callQueue: class java.util.concurrent.LinkedBlockingQueue, queueCapacity: 2000, scheduler: class org.apache.hadoop.ipc.DefaultRpcScheduler, ipcBackoff: false.
2019-06-13 21:37:19,274 INFO  ipc.Server (Server.java:run(1074)) - Starting Socket Reader #1 for port 44661
2019-06-13 21:37:19,285 WARN  scm.ScmUtils (ScmUtils.java:getDBPath(63)) - ozone.om.db.dirs is not configured. We recommend adding this setting. Falling back to ozone.metadata.dirs instead.
2019-06-13 21:37:19,285 INFO  om.OzoneManager (OzoneManager.java:start(1217)) - OzoneManager RPC server is listening at localhost/127.0.0.1:44661
2019-06-13 21:37:19,285 INFO  impl.MetricsSystemImpl (MetricsSystemImpl.java:init(158)) - OzoneManager metrics system started (again)
2019-06-13 21:37:19,285 INFO  ipc.Server (Server.java:run(1314)) - IPC Server Responder: starting
2019-06-13 21:37:19,286 INFO  ipc.Server (Server.java:run(1153)) - IPC Server listener on 44661: starting
2019-06-13 21:37:19,289 INFO  hdfs.DFSUtil (DFSUtil.java:httpServerTemplateForNNAndJN(1641)) - Starting Web-server for ozoneManager at: http://0.0.0.0:0
2019-06-13 21:37:19,290 INFO  server.AuthenticationFilter (AuthenticationFilter.java:constructSecretProvider(240)) - Unable to initialize FileSignerSecretProvider, falling back to use random secrets.
2019-06-13 21:37:19,290 WARN  http.HttpRequestLog (HttpRequestLog.java:getRequestLog(97)) - Jetty request log can only be enabled using Log4j
2019-06-13 21:37:19,291 INFO  http.HttpServer2 (HttpServer2.java:addGlobalFilter(975)) - Added global filter 'safety' (class=org.apache.hadoop.http.HttpServer2$QuotingInputFilter)
2019-06-13 21:37:19,291 INFO  http.HttpServer2 (HttpServer2.java:addFilter(948)) - Added filter static_user_filter (class=org.apache.hadoop.http.lib.StaticUserWebFilter$StaticUserFilter) to context ozoneManager
2019-06-13 21:37:19,292 INFO  http.HttpServer2 (HttpServer2.java:addFilter(958)) - Added filter static_user_filter (class=org.apache.hadoop.http.lib.StaticUserWebFilter$StaticUserFilter) to context static
2019-06-13 21:37:19,292 INFO  http.HttpServer2 (HttpServer2.java:addFilter(958)) - Added filter static_user_filter (class=org.apache.hadoop.http.lib.StaticUserWebFilter$StaticUserFilter) to context logs
2019-06-13 21:37:19,292 INFO  http.HttpServer2 (HttpServer2.java:bindListener(1191)) - Jetty bound to port 42115
2019-06-13 21:37:19,292 INFO  server.Server (Server.java:doStart(351)) - jetty-9.3.24.v20180605, build timestamp: 2018-06-05T17:11:56Z, git hash: 84205aa28f11a4f31f2a3b86d1bba2cc8ab69827
2019-06-13 21:37:19,293 INFO  handler.ContextHandler (ContextHandler.java:doStart(781)) - Started o.e.j.s.ServletContextHandler@7011eee0{/logs,file:///opt/src/hadoop-ozone/integration-test/target/log,AVAILABLE}
2019-06-13 21:37:19,293 INFO  handler.ContextHandler (ContextHandler.java:doStart(781)) - Started o.e.j.s.ServletContextHandler@76629f82{/static,file:///opt/src/hadoop-ozone/integration-test/target/test-classes/webapps/static,AVAILABLE}
2019-06-13 21:37:19,295 INFO  handler.ContextHandler (ContextHandler.java:doStart(781)) - Started o.e.j.w.WebAppContext@5ea24702{/,file:///opt/src/hadoop-ozone/integration-test/target/test-classes/webapps/ozoneManager/,AVAILABLE}{/ozoneManager}
2019-06-13 21:37:19,296 INFO  server.AbstractConnector (AbstractConnector.java:doStart(278)) - Started ServerConnector@1da2219c{HTTP/1.1,[http/1.1]}{0.0.0.0:42115}
2019-06-13 21:37:19,297 INFO  server.Server (Server.java:doStart(419)) - Started @122644ms
2019-06-13 21:37:19,297 INFO  server.BaseHttpServer (BaseHttpServer.java:updateConnectorAddress(207)) - HTTP server of OZONEMANAGER is listening at http://0.0.0.0:42115
2019-06-13 21:37:19,305 INFO  impl.MetricsSystemImpl (MetricsSystemImpl.java:init(158)) - HddsDatanode metrics system started (again)
2019-06-13 21:37:19,305 INFO  ozone.HddsDatanodeService (HddsDatanodeService.java:start(185)) - HddsDatanodeService host:ozone-d4wqq-1121427898 ip:192.168.11.218
2019-06-13 21:37:19,310 INFO  volume.HddsVolume (HddsVolume.java:<init>(176)) - Creating Volume: /opt/src/hadoop-ozone/integration-test/target/test-dir/MiniOzoneClusterImpl-3a70d0bd-0a9c-43b3-a391-c6dfbab1366e/datanode-0/data/containers/hdds of  storage type : DISK and capacity : 104021790720
2019-06-13 21:37:19,310 INFO  volume.VolumeSet (VolumeSet.java:initializeVolumeSet(170)) - Added Volume : /opt/src/hadoop-ozone/integration-test/target/test-dir/MiniOzoneClusterImpl-3a70d0bd-0a9c-43b3-a391-c6dfbab1366e/datanode-0/data/containers/hdds to VolumeSet
2019-06-13 21:37:19,310 INFO  volume.ThrottledAsyncChecker (ThrottledAsyncChecker.java:schedule(140)) - Scheduling a check for org.apache.hadoop.ozone.container.common.volume.HddsVolume@70ba01be
2019-06-13 21:37:19,310 INFO  volume.HddsVolumeChecker (HddsVolumeChecker.java:checkAllVolumes(203)) - Scheduled health check for volume org.apache.hadoop.ozone.container.common.volume.HddsVolume@70ba01be
2019-06-13 21:37:19,319 INFO  ratis.XceiverServerRatis (XceiverServerRatis.java:newXceiverServerRatis(401)) - Found a free port for the server : 35099
2019-06-13 21:37:19,320 INFO  impl.RaftServerProxy (ConfUtils.java:logGet(43)) - raft.rpc.type = GRPC (default)
2019-06-13 21:37:19,320 INFO  grpc.GrpcConfigKeys$Server (ConfUtils.java:logGet(43)) - raft.grpc.server.port = 35099 (custom)
2019-06-13 21:37:19,320 INFO  server.GrpcService (ConfUtils.java:logGet(43)) - raft.grpc.message.size.max = 33570816 (custom)
2019-06-13 21:37:19,321 INFO  server.RaftServerConfigKeys (ConfUtils.java:logGet(43)) - raft.server.log.appender.buffer.byte-limit = 33554432 (custom)
2019-06-13 21:37:19,321 INFO  server.GrpcService (ConfUtils.java:logGet(43)) - raft.grpc.flow.control.window = 1MB (=1048576) (default)
2019-06-13 21:37:19,321 INFO  server.RaftServerConfigKeys (ConfUtils.java:logGet(43)) - raft.server.rpc.request.timeout = 3000ms (default)
2019-06-13 21:37:19,321 INFO  server.RaftServerConfigKeys (ConfUtils.java:logGet(43)) - raft.server.storage.dir = [/opt/src/hadoop-ozone/integration-test/target/test-dir/MiniOzoneClusterImpl-3a70d0bd-0a9c-43b3-a391-c6dfbab1366e/datanode-0/data/ratis] (custom)
2019-06-13 21:37:19,321 INFO  server.XceiverServerGrpc (XceiverServerGrpc.java:<init>(97)) - Found a free port for the server : 40523
2019-06-13 21:37:19,322 INFO  replication.SimpleContainerDownloader (SimpleContainerDownloader.java:<init>(72)) - Starting container downloader service to copy containers to replicate.
2019-06-13 21:37:19,323 INFO  hdfs.DFSUtil (DFSUtil.java:httpServerTemplateForNNAndJN(1641)) - Starting Web-server for hddsDatanode at: http://0.0.0.0:0
2019-06-13 21:37:19,324 INFO  server.AuthenticationFilter (AuthenticationFilter.java:constructSecretProvider(240)) - Unable to initialize FileSignerSecretProvider, falling back to use random secrets.
2019-06-13 21:37:19,324 WARN  http.HttpRequestLog (HttpRequestLog.java:getRequestLog(97)) - Jetty request log can only be enabled using Log4j
2019-06-13 21:37:19,325 INFO  http.HttpServer2 (HttpServer2.java:addGlobalFilter(975)) - Added global filter 'safety' (class=org.apache.hadoop.http.HttpServer2$QuotingInputFilter)
2019-06-13 21:37:19,325 INFO  http.HttpServer2 (HttpServer2.java:addFilter(948)) - Added filter static_user_filter (class=org.apache.hadoop.http.lib.StaticUserWebFilter$StaticUserFilter) to context hddsDatanode
2019-06-13 21:37:19,325 INFO  http.HttpServer2 (HttpServer2.java:addFilter(958)) - Added filter static_user_filter (class=org.apache.hadoop.http.lib.StaticUserWebFilter$StaticUserFilter) to context logs
2019-06-13 21:37:19,325 INFO  http.HttpServer2 (HttpServer2.java:addFilter(958)) - Added filter static_user_filter (class=org.apache.hadoop.http.lib.StaticUserWebFilter$StaticUserFilter) to context static
2019-06-13 21:37:19,326 INFO  http.HttpServer2 (HttpServer2.java:bindListener(1191)) - Jetty bound to port 40135
2019-06-13 21:37:19,326 INFO  server.Server (Server.java:doStart(351)) - jetty-9.3.24.v20180605, build timestamp: 2018-06-05T17:11:56Z, git hash: 84205aa28f11a4f31f2a3b86d1bba2cc8ab69827
2019-06-13 21:37:19,327 INFO  handler.ContextHandler (ContextHandler.java:doStart(781)) - Started o.e.j.s.ServletContextHandler@f7e004d{/logs,file:///opt/src/hadoop-ozone/integration-test/target/log,AVAILABLE}
2019-06-13 21:37:19,327 INFO  handler.ContextHandler (ContextHandler.java:doStart(781)) - Started o.e.j.s.ServletContextHandler@475454ae{/static,jar:file:/root/.m2/repository/org/apache/hadoop/hadoop-hdds-container-service/0.5.0-SNAPSHOT/hadoop-hdds-container-service-0.5.0-SNAPSHOT.jar!/webapps/static,AVAILABLE}
2019-06-13 21:37:19,347 INFO  handler.ContextHandler (ContextHandler.java:doStart(781)) - Started o.e.j.w.WebAppContext@48149568{/,file:///tmp/jetty-0.0.0.0-40135-hddsDatanode-_-any-3195700862120992438.dir/webapp/,AVAILABLE}{/hddsDatanode}
2019-06-13 21:37:19,347 INFO  server.AbstractConnector (AbstractConnector.java:doStart(278)) - Started ServerConnector@674b2703{HTTP/1.1,[http/1.1]}{0.0.0.0:40135}
2019-06-13 21:37:19,348 INFO  server.Server (Server.java:doStart(419)) - Started @122695ms
2019-06-13 21:37:19,349 INFO  server.BaseHttpServer (BaseHttpServer.java:updateConnectorAddress(207)) - HTTP server of HDDSDATANODE is listening at http://0.0.0.0:40135
2019-06-13 21:37:19,424 INFO  ozone.HddsDatanodeService (HddsDatanodeService.java:startPlugins(396)) - Started plug-in org.apache.hadoop.ozone.web.OzoneHddsDatanodeService@5784f6b9
2019-06-13 21:37:19,425 INFO  impl.MetricsSystemImpl (MetricsSystemImpl.java:init(158)) - HddsDatanode metrics system started (again)
2019-06-13 21:37:19,426 INFO  ozone.HddsDatanodeService (HddsDatanodeService.java:start(185)) - HddsDatanodeService host:ozone-d4wqq-1121427898 ip:192.168.11.218
2019-06-13 21:37:19,427 INFO  util.JvmPauseMonitor (JvmPauseMonitor.java:run(188)) - Starting JVM pause monitor
2019-06-13 21:37:19,428 INFO  datanode.InitDatanodeState (InitDatanodeState.java:persistContainerDatanodeDetails(140)) - DatanodeDetails is persisted to /opt/src/hadoop-ozone/integration-test/target/test-dir/MiniOzoneClusterImpl-3a70d0bd-0a9c-43b3-a391-c6dfbab1366e/datanode-0/meta/datanode.id
2019-06-13 21:37:19,432 INFO  volume.HddsVolume (HddsVolume.java:<init>(176)) - Creating Volume: /opt/src/hadoop-ozone/integration-test/target/test-dir/MiniOzoneClusterImpl-3a70d0bd-0a9c-43b3-a391-c6dfbab1366e/datanode-1/data/containers/hdds of  storage type : DISK and capacity : 104021790720
2019-06-13 21:37:19,432 INFO  volume.VolumeSet (VolumeSet.java:initializeVolumeSet(170)) - Added Volume : /opt/src/hadoop-ozone/integration-test/target/test-dir/MiniOzoneClusterImpl-3a70d0bd-0a9c-43b3-a391-c6dfbab1366e/datanode-1/data/containers/hdds to VolumeSet
2019-06-13 21:37:19,432 INFO  volume.ThrottledAsyncChecker (ThrottledAsyncChecker.java:schedule(140)) - Scheduling a check for org.apache.hadoop.ozone.container.common.volume.HddsVolume@6ccf06f1
2019-06-13 21:37:19,433 INFO  volume.HddsVolumeChecker (HddsVolumeChecker.java:checkAllVolumes(203)) - Scheduled health check for volume org.apache.hadoop.ozone.container.common.volume.HddsVolume@6ccf06f1
2019-06-13 21:37:19,441 INFO  ratis.XceiverServerRatis (XceiverServerRatis.java:newXceiverServerRatis(401)) - Found a free port for the server : 42885
2019-06-13 21:37:19,444 INFO  impl.RaftServerProxy (ConfUtils.java:logGet(43)) - raft.rpc.type = GRPC (default)
2019-06-13 21:37:19,444 INFO  grpc.GrpcConfigKeys$Server (ConfUtils.java:logGet(43)) - raft.grpc.server.port = 42885 (custom)
2019-06-13 21:37:19,444 INFO  server.GrpcService (ConfUtils.java:logGet(43)) - raft.grpc.message.size.max = 33570816 (custom)
2019-06-13 21:37:19,444 INFO  server.RaftServerConfigKeys (ConfUtils.java:logGet(43)) - raft.server.log.appender.buffer.byte-limit = 33554432 (custom)
2019-06-13 21:37:19,444 INFO  server.GrpcService (ConfUtils.java:logGet(43)) - raft.grpc.flow.control.window = 1MB (=1048576) (default)
2019-06-13 21:37:19,445 INFO  server.RaftServerConfigKeys (ConfUtils.java:logGet(43)) - raft.server.rpc.request.timeout = 3000ms (default)
2019-06-13 21:37:19,445 INFO  server.RaftServerConfigKeys (ConfUtils.java:logGet(43)) - raft.server.storage.dir = [/opt/src/hadoop-ozone/integration-test/target/test-dir/MiniOzoneClusterImpl-3a70d0bd-0a9c-43b3-a391-c6dfbab1366e/datanode-1/data/ratis] (custom)
2019-06-13 21:37:19,445 INFO  server.XceiverServerGrpc (XceiverServerGrpc.java:<init>(97)) - Found a free port for the server : 34705
2019-06-13 21:37:19,445 INFO  replication.SimpleContainerDownloader (SimpleContainerDownloader.java:<init>(72)) - Starting container downloader service to copy containers to replicate.
2019-06-13 21:37:19,453 INFO  hdfs.DFSUtil (DFSUtil.java:httpServerTemplateForNNAndJN(1641)) - Starting Web-server for hddsDatanode at: http://0.0.0.0:0
2019-06-13 21:37:19,456 INFO  server.AuthenticationFilter (AuthenticationFilter.java:constructSecretProvider(240)) - Unable to initialize FileSignerSecretProvider, falling back to use random secrets.
2019-06-13 21:37:19,457 WARN  http.HttpRequestLog (HttpRequestLog.java:getRequestLog(97)) - Jetty request log can only be enabled using Log4j
2019-06-13 21:37:19,457 INFO  http.HttpServer2 (HttpServer2.java:addGlobalFilter(975)) - Added global filter 'safety' (class=org.apache.hadoop.http.HttpServer2$QuotingInputFilter)
2019-06-13 21:37:19,458 INFO  http.HttpServer2 (HttpServer2.java:addFilter(948)) - Added filter static_user_filter (class=org.apache.hadoop.http.lib.StaticUserWebFilter$StaticUserFilter) to context hddsDatanode
2019-06-13 21:37:19,458 INFO  http.HttpServer2 (HttpServer2.java:addFilter(958)) - Added filter static_user_filter (class=org.apache.hadoop.http.lib.StaticUserWebFilter$StaticUserFilter) to context static
2019-06-13 21:37:19,458 INFO  http.HttpServer2 (HttpServer2.java:addFilter(958)) - Added filter static_user_filter (class=org.apache.hadoop.http.lib.StaticUserWebFilter$StaticUserFilter) to context logs
2019-06-13 21:37:19,458 INFO  http.HttpServer2 (HttpServer2.java:bindListener(1191)) - Jetty bound to port 37699
2019-06-13 21:37:19,458 INFO  server.Server (Server.java:doStart(351)) - jetty-9.3.24.v20180605, build timestamp: 2018-06-05T17:11:56Z, git hash: 84205aa28f11a4f31f2a3b86d1bba2cc8ab69827
2019-06-13 21:37:19,460 INFO  handler.ContextHandler (ContextHandler.java:doStart(781)) - Started o.e.j.s.ServletContextHandler@b7e53b1{/logs,file:///opt/src/hadoop-ozone/integration-test/target/log,AVAILABLE}
2019-06-13 21:37:19,461 INFO  handler.ContextHandler (ContextHandler.java:doStart(781)) - Started o.e.j.s.ServletContextHandler@2420e962{/static,jar:file:/root/.m2/repository/org/apache/hadoop/hadoop-hdds-container-service/0.5.0-SNAPSHOT/hadoop-hdds-container-service-0.5.0-SNAPSHOT.jar!/webapps/static,AVAILABLE}
2019-06-13 21:37:19,481 INFO  handler.ContextHandler (ContextHandler.java:doStart(781)) - Started o.e.j.w.WebAppContext@38c840fb{/,file:///tmp/jetty-0.0.0.0-37699-hddsDatanode-_-any-8131757702779772878.dir/webapp/,AVAILABLE}{/hddsDatanode}
2019-06-13 21:37:19,481 INFO  server.AbstractConnector (AbstractConnector.java:doStart(278)) - Started ServerConnector@fbc1de9{HTTP/1.1,[http/1.1]}{0.0.0.0:37699}
2019-06-13 21:37:19,485 INFO  server.Server (Server.java:doStart(419)) - Started @122832ms
2019-06-13 21:37:19,485 INFO  server.BaseHttpServer (BaseHttpServer.java:updateConnectorAddress(207)) - HTTP server of HDDSDATANODE is listening at http://0.0.0.0:37699
2019-06-13 21:37:19,572 INFO  ozone.HddsDatanodeService (HddsDatanodeService.java:startPlugins(396)) - Started plug-in org.apache.hadoop.ozone.web.OzoneHddsDatanodeService@7cc8fd4b
2019-06-13 21:37:19,573 INFO  impl.MetricsSystemImpl (MetricsSystemImpl.java:init(158)) - HddsDatanode metrics system started (again)
2019-06-13 21:37:19,573 INFO  ozone.HddsDatanodeService (HddsDatanodeService.java:start(185)) - HddsDatanodeService host:ozone-d4wqq-1121427898 ip:192.168.11.218
2019-06-13 21:37:19,575 INFO  util.JvmPauseMonitor (JvmPauseMonitor.java:run(188)) - Starting JVM pause monitor
2019-06-13 21:37:19,579 INFO  datanode.InitDatanodeState (InitDatanodeState.java:persistContainerDatanodeDetails(140)) - DatanodeDetails is persisted to /opt/src/hadoop-ozone/integration-test/target/test-dir/MiniOzoneClusterImpl-3a70d0bd-0a9c-43b3-a391-c6dfbab1366e/datanode-1/meta/datanode.id
2019-06-13 21:37:19,584 INFO  volume.HddsVolume (HddsVolume.java:<init>(176)) - Creating Volume: /opt/src/hadoop-ozone/integration-test/target/test-dir/MiniOzoneClusterImpl-3a70d0bd-0a9c-43b3-a391-c6dfbab1366e/datanode-2/data/containers/hdds of  storage type : DISK and capacity : 104021790720
2019-06-13 21:37:19,584 INFO  volume.VolumeSet (VolumeSet.java:initializeVolumeSet(170)) - Added Volume : /opt/src/hadoop-ozone/integration-test/target/test-dir/MiniOzoneClusterImpl-3a70d0bd-0a9c-43b3-a391-c6dfbab1366e/datanode-2/data/containers/hdds to VolumeSet
2019-06-13 21:37:19,584 INFO  volume.ThrottledAsyncChecker (ThrottledAsyncChecker.java:schedule(140)) - Scheduling a check for org.apache.hadoop.ozone.container.common.volume.HddsVolume@7227e3f1
2019-06-13 21:37:19,587 INFO  volume.HddsVolumeChecker (HddsVolumeChecker.java:checkAllVolumes(203)) - Scheduled health check for volume org.apache.hadoop.ozone.container.common.volume.HddsVolume@7227e3f1
2019-06-13 21:37:19,595 INFO  ratis.XceiverServerRatis (XceiverServerRatis.java:newXceiverServerRatis(401)) - Found a free port for the server : 39625
2019-06-13 21:37:19,596 INFO  impl.RaftServerProxy (ConfUtils.java:logGet(43)) - raft.rpc.type = GRPC (default)
2019-06-13 21:37:19,597 INFO  grpc.GrpcConfigKeys$Server (ConfUtils.java:logGet(43)) - raft.grpc.server.port = 39625 (custom)
2019-06-13 21:37:19,597 INFO  server.GrpcService (ConfUtils.java:logGet(43)) - raft.grpc.message.size.max = 33570816 (custom)
2019-06-13 21:37:19,597 INFO  server.RaftServerConfigKeys (ConfUtils.java:logGet(43)) - raft.server.log.appender.buffer.byte-limit = 33554432 (custom)
2019-06-13 21:37:19,597 INFO  server.GrpcService (ConfUtils.java:logGet(43)) - raft.grpc.flow.control.window = 1MB (=1048576) (default)
2019-06-13 21:37:19,597 INFO  server.RaftServerConfigKeys (ConfUtils.java:logGet(43)) - raft.server.rpc.request.timeout = 3000ms (default)
2019-06-13 21:37:19,598 INFO  server.RaftServerConfigKeys (ConfUtils.java:logGet(43)) - raft.server.storage.dir = [/opt/src/hadoop-ozone/integration-test/target/test-dir/MiniOzoneClusterImpl-3a70d0bd-0a9c-43b3-a391-c6dfbab1366e/datanode-2/data/ratis] (custom)
2019-06-13 21:37:19,598 INFO  server.XceiverServerGrpc (XceiverServerGrpc.java:<init>(97)) - Found a free port for the server : 36355
2019-06-13 21:37:19,598 INFO  replication.SimpleContainerDownloader (SimpleContainerDownloader.java:<init>(72)) - Starting container downloader service to copy containers to replicate.
2019-06-13 21:37:19,599 INFO  hdfs.DFSUtil (DFSUtil.java:httpServerTemplateForNNAndJN(1641)) - Starting Web-server for hddsDatanode at: http://0.0.0.0:0
2019-06-13 21:37:19,601 INFO  server.AuthenticationFilter (AuthenticationFilter.java:constructSecretProvider(240)) - Unable to initialize FileSignerSecretProvider, falling back to use random secrets.
2019-06-13 21:37:19,601 WARN  http.HttpRequestLog (HttpRequestLog.java:getRequestLog(97)) - Jetty request log can only be enabled using Log4j
2019-06-13 21:37:19,602 INFO  http.HttpServer2 (HttpServer2.java:addGlobalFilter(975)) - Added global filter 'safety' (class=org.apache.hadoop.http.HttpServer2$QuotingInputFilter)
2019-06-13 21:37:19,603 INFO  http.HttpServer2 (HttpServer2.java:addFilter(948)) - Added filter static_user_filter (class=org.apache.hadoop.http.lib.StaticUserWebFilter$StaticUserFilter) to context hddsDatanode
2019-06-13 21:37:19,603 INFO  http.HttpServer2 (HttpServer2.java:addFilter(958)) - Added filter static_user_filter (class=org.apache.hadoop.http.lib.StaticUserWebFilter$StaticUserFilter) to context static
2019-06-13 21:37:19,603 INFO  http.HttpServer2 (HttpServer2.java:addFilter(958)) - Added filter static_user_filter (class=org.apache.hadoop.http.lib.StaticUserWebFilter$StaticUserFilter) to context logs
2019-06-13 21:37:19,603 INFO  http.HttpServer2 (HttpServer2.java:bindListener(1191)) - Jetty bound to port 39733
2019-06-13 21:37:19,603 INFO  server.Server (Server.java:doStart(351)) - jetty-9.3.24.v20180605, build timestamp: 2018-06-05T17:11:56Z, git hash: 84205aa28f11a4f31f2a3b86d1bba2cc8ab69827
2019-06-13 21:37:19,610 INFO  handler.ContextHandler (ContextHandler.java:doStart(781)) - Started o.e.j.s.ServletContextHandler@35e7cdb2{/logs,file:///opt/src/hadoop-ozone/integration-test/target/log,AVAILABLE}
2019-06-13 21:37:19,611 INFO  handler.ContextHandler (ContextHandler.java:doStart(781)) - Started o.e.j.s.ServletContextHandler@428e875f{/static,jar:file:/root/.m2/repository/org/apache/hadoop/hadoop-hdds-container-service/0.5.0-SNAPSHOT/hadoop-hdds-container-service-0.5.0-SNAPSHOT.jar!/webapps/static,AVAILABLE}
2019-06-13 21:37:19,630 INFO  handler.ContextHandler (ContextHandler.java:doStart(781)) - Started o.e.j.w.WebAppContext@1635e239{/,file:///tmp/jetty-0.0.0.0-39733-hddsDatanode-_-any-4269066711181953671.dir/webapp/,AVAILABLE}{/hddsDatanode}
2019-06-13 21:37:19,631 INFO  server.AbstractConnector (AbstractConnector.java:doStart(278)) - Started ServerConnector@5d27a744{HTTP/1.1,[http/1.1]}{0.0.0.0:39733}
2019-06-13 21:37:19,632 INFO  server.Server (Server.java:doStart(419)) - Started @122979ms
2019-06-13 21:37:19,666 INFO  server.BaseHttpServer (BaseHttpServer.java:updateConnectorAddress(207)) - HTTP server of HDDSDATANODE is listening at http://0.0.0.0:39733
2019-06-13 21:37:19,751 INFO  ozone.HddsDatanodeService (HddsDatanodeService.java:startPlugins(396)) - Started plug-in org.apache.hadoop.ozone.web.OzoneHddsDatanodeService@7df0bb1
2019-06-13 21:37:19,752 INFO  impl.MetricsSystemImpl (MetricsSystemImpl.java:init(158)) - HddsDatanode metrics system started (again)
2019-06-13 21:37:19,752 INFO  ozone.HddsDatanodeService (HddsDatanodeService.java:start(185)) - HddsDatanodeService host:ozone-d4wqq-1121427898 ip:192.168.11.218
2019-06-13 21:37:19,757 INFO  util.JvmPauseMonitor (JvmPauseMonitor.java:run(188)) - Starting JVM pause monitor
2019-06-13 21:37:19,758 INFO  datanode.InitDatanodeState (InitDatanodeState.java:persistContainerDatanodeDetails(140)) - DatanodeDetails is persisted to /opt/src/hadoop-ozone/integration-test/target/test-dir/MiniOzoneClusterImpl-3a70d0bd-0a9c-43b3-a391-c6dfbab1366e/datanode-2/meta/datanode.id
2019-06-13 21:37:19,762 INFO  volume.HddsVolume (HddsVolume.java:<init>(176)) - Creating Volume: /opt/src/hadoop-ozone/integration-test/target/test-dir/MiniOzoneClusterImpl-3a70d0bd-0a9c-43b3-a391-c6dfbab1366e/datanode-3/data/containers/hdds of  storage type : DISK and capacity : 104021790720
2019-06-13 21:37:19,763 INFO  volume.VolumeSet (VolumeSet.java:initializeVolumeSet(170)) - Added Volume : /opt/src/hadoop-ozone/integration-test/target/test-dir/MiniOzoneClusterImpl-3a70d0bd-0a9c-43b3-a391-c6dfbab1366e/datanode-3/data/containers/hdds to VolumeSet
2019-06-13 21:37:19,763 INFO  volume.ThrottledAsyncChecker (ThrottledAsyncChecker.java:schedule(140)) - Scheduling a check for org.apache.hadoop.ozone.container.common.volume.HddsVolume@3f634608
2019-06-13 21:37:19,763 INFO  volume.HddsVolumeChecker (HddsVolumeChecker.java:checkAllVolumes(203)) - Scheduled health check for volume org.apache.hadoop.ozone.container.common.volume.HddsVolume@3f634608
2019-06-13 21:37:19,775 INFO  ratis.XceiverServerRatis (XceiverServerRatis.java:newXceiverServerRatis(401)) - Found a free port for the server : 35877
2019-06-13 21:37:19,776 INFO  impl.RaftServerProxy (ConfUtils.java:logGet(43)) - raft.rpc.type = GRPC (default)
2019-06-13 21:37:19,777 INFO  grpc.GrpcConfigKeys$Server (ConfUtils.java:logGet(43)) - raft.grpc.server.port = 35877 (custom)
2019-06-13 21:37:19,777 INFO  server.GrpcService (ConfUtils.java:logGet(43)) - raft.grpc.message.size.max = 33570816 (custom)
2019-06-13 21:37:19,777 INFO  server.RaftServerConfigKeys (ConfUtils.java:logGet(43)) - raft.server.log.appender.buffer.byte-limit = 33554432 (custom)
2019-06-13 21:37:19,777 INFO  server.GrpcService (ConfUtils.java:logGet(43)) - raft.grpc.flow.control.window = 1MB (=1048576) (default)
2019-06-13 21:37:19,777 INFO  server.RaftServerConfigKeys (ConfUtils.java:logGet(43)) - raft.server.rpc.request.timeout = 3000ms (default)
2019-06-13 21:37:19,778 INFO  server.RaftServerConfigKeys (ConfUtils.java:logGet(43)) - raft.server.storage.dir = [/opt/src/hadoop-ozone/integration-test/target/test-dir/MiniOzoneClusterImpl-3a70d0bd-0a9c-43b3-a391-c6dfbab1366e/datanode-3/data/ratis] (custom)
2019-06-13 21:37:19,778 INFO  server.XceiverServerGrpc (XceiverServerGrpc.java:<init>(97)) - Found a free port for the server : 33521
2019-06-13 21:37:19,778 INFO  replication.SimpleContainerDownloader (SimpleContainerDownloader.java:<init>(72)) - Starting container downloader service to copy containers to replicate.
2019-06-13 21:37:19,780 INFO  hdfs.DFSUtil (DFSUtil.java:httpServerTemplateForNNAndJN(1641)) - Starting Web-server for hddsDatanode at: http://0.0.0.0:0
2019-06-13 21:37:19,781 INFO  server.AuthenticationFilter (AuthenticationFilter.java:constructSecretProvider(240)) - Unable to initialize FileSignerSecretProvider, falling back to use random secrets.
2019-06-13 21:37:19,781 WARN  http.HttpRequestLog (HttpRequestLog.java:getRequestLog(97)) - Jetty request log can only be enabled using Log4j
2019-06-13 21:37:19,782 INFO  http.HttpServer2 (HttpServer2.java:addGlobalFilter(975)) - Added global filter 'safety' (class=org.apache.hadoop.http.HttpServer2$QuotingInputFilter)
2019-06-13 21:37:19,782 INFO  http.HttpServer2 (HttpServer2.java:addFilter(948)) - Added filter static_user_filter (class=org.apache.hadoop.http.lib.StaticUserWebFilter$StaticUserFilter) to context hddsDatanode
2019-06-13 21:37:19,783 INFO  http.HttpServer2 (HttpServer2.java:addFilter(958)) - Added filter static_user_filter (class=org.apache.hadoop.http.lib.StaticUserWebFilter$StaticUserFilter) to context static
2019-06-13 21:37:19,783 INFO  http.HttpServer2 (HttpServer2.java:addFilter(958)) - Added filter static_user_filter (class=org.apache.hadoop.http.lib.StaticUserWebFilter$StaticUserFilter) to context logs
2019-06-13 21:37:19,783 INFO  http.HttpServer2 (HttpServer2.java:bindListener(1191)) - Jetty bound to port 41813
2019-06-13 21:37:19,783 INFO  server.Server (Server.java:doStart(351)) - jetty-9.3.24.v20180605, build timestamp: 2018-06-05T17:11:56Z, git hash: 84205aa28f11a4f31f2a3b86d1bba2cc8ab69827
2019-06-13 21:37:19,785 INFO  handler.ContextHandler (ContextHandler.java:doStart(781)) - Started o.e.j.s.ServletContextHandler@15c042fc{/logs,file:///opt/src/hadoop-ozone/integration-test/target/log,AVAILABLE}
2019-06-13 21:37:19,785 INFO  handler.ContextHandler (ContextHandler.java:doStart(781)) - Started o.e.j.s.ServletContextHandler@7dee7914{/static,jar:file:/root/.m2/repository/org/apache/hadoop/hadoop-hdds-container-service/0.5.0-SNAPSHOT/hadoop-hdds-container-service-0.5.0-SNAPSHOT.jar!/webapps/static,AVAILABLE}
2019-06-13 21:37:19,813 INFO  handler.ContextHandler (ContextHandler.java:doStart(781)) - Started o.e.j.w.WebAppContext@2d6161b9{/,file:///tmp/jetty-0.0.0.0-41813-hddsDatanode-_-any-3087022162555594680.dir/webapp/,AVAILABLE}{/hddsDatanode}
2019-06-13 21:37:19,813 INFO  server.AbstractConnector (AbstractConnector.java:doStart(278)) - Started ServerConnector@2d28114b{HTTP/1.1,[http/1.1]}{0.0.0.0:41813}
2019-06-13 21:37:19,814 INFO  server.Server (Server.java:doStart(419)) - Started @123161ms
2019-06-13 21:37:19,815 INFO  server.BaseHttpServer (BaseHttpServer.java:updateConnectorAddress(207)) - HTTP server of HDDSDATANODE is listening at http://0.0.0.0:41813
2019-06-13 21:37:19,928 INFO  ozone.HddsDatanodeService (HddsDatanodeService.java:startPlugins(396)) - Started plug-in org.apache.hadoop.ozone.web.OzoneHddsDatanodeService@1009a9b4
2019-06-13 21:37:19,931 INFO  impl.MetricsSystemImpl (MetricsSystemImpl.java:init(158)) - HddsDatanode metrics system started (again)
2019-06-13 21:37:19,931 INFO  ozone.HddsDatanodeService (HddsDatanodeService.java:start(185)) - HddsDatanodeService host:ozone-d4wqq-1121427898 ip:192.168.11.218
2019-06-13 21:37:19,939 INFO  util.JvmPauseMonitor (JvmPauseMonitor.java:run(188)) - Starting JVM pause monitor
2019-06-13 21:37:19,939 INFO  datanode.InitDatanodeState (InitDatanodeState.java:persistContainerDatanodeDetails(140)) - DatanodeDetails is persisted to /opt/src/hadoop-ozone/integration-test/target/test-dir/MiniOzoneClusterImpl-3a70d0bd-0a9c-43b3-a391-c6dfbab1366e/datanode-3/meta/datanode.id
2019-06-13 21:37:19,943 INFO  volume.HddsVolume (HddsVolume.java:<init>(176)) - Creating Volume: /opt/src/hadoop-ozone/integration-test/target/test-dir/MiniOzoneClusterImpl-3a70d0bd-0a9c-43b3-a391-c6dfbab1366e/datanode-4/data/containers/hdds of  storage type : DISK and capacity : 104021790720
2019-06-13 21:37:19,943 INFO  volume.VolumeSet (VolumeSet.java:initializeVolumeSet(170)) - Added Volume : /opt/src/hadoop-ozone/integration-test/target/test-dir/MiniOzoneClusterImpl-3a70d0bd-0a9c-43b3-a391-c6dfbab1366e/datanode-4/data/containers/hdds to VolumeSet
2019-06-13 21:37:19,944 INFO  volume.ThrottledAsyncChecker (ThrottledAsyncChecker.java:schedule(140)) - Scheduling a check for org.apache.hadoop.ozone.container.common.volume.HddsVolume@20894afb
2019-06-13 21:37:19,944 INFO  volume.HddsVolumeChecker (HddsVolumeChecker.java:checkAllVolumes(203)) - Scheduled health check for volume org.apache.hadoop.ozone.container.common.volume.HddsVolume@20894afb
2019-06-13 21:37:19,955 INFO  ratis.XceiverServerRatis (XceiverServerRatis.java:newXceiverServerRatis(401)) - Found a free port for the server : 43567
2019-06-13 21:37:19,956 INFO  impl.RaftServerProxy (ConfUtils.java:logGet(43)) - raft.rpc.type = GRPC (default)
2019-06-13 21:37:19,956 INFO  grpc.GrpcConfigKeys$Server (ConfUtils.java:logGet(43)) - raft.grpc.server.port = 43567 (custom)
2019-06-13 21:37:19,957 INFO  server.GrpcService (ConfUtils.java:logGet(43)) - raft.grpc.message.size.max = 33570816 (custom)
2019-06-13 21:37:19,957 INFO  server.RaftServerConfigKeys (ConfUtils.java:logGet(43)) - raft.server.log.appender.buffer.byte-limit = 33554432 (custom)
2019-06-13 21:37:19,957 INFO  server.GrpcService (ConfUtils.java:logGet(43)) - raft.grpc.flow.control.window = 1MB (=1048576) (default)
2019-06-13 21:37:19,957 INFO  server.RaftServerConfigKeys (ConfUtils.java:logGet(43)) - raft.server.rpc.request.timeout = 3000ms (default)
2019-06-13 21:37:19,958 INFO  server.RaftServerConfigKeys (ConfUtils.java:logGet(43)) - raft.server.storage.dir = [/opt/src/hadoop-ozone/integration-test/target/test-dir/MiniOzoneClusterImpl-3a70d0bd-0a9c-43b3-a391-c6dfbab1366e/datanode-4/data/ratis] (custom)
2019-06-13 21:37:19,958 INFO  server.XceiverServerGrpc (XceiverServerGrpc.java:<init>(97)) - Found a free port for the server : 40349
2019-06-13 21:37:19,958 INFO  replication.SimpleContainerDownloader (SimpleContainerDownloader.java:<init>(72)) - Starting container downloader service to copy containers to replicate.
2019-06-13 21:37:19,959 INFO  hdfs.DFSUtil (DFSUtil.java:httpServerTemplateForNNAndJN(1641)) - Starting Web-server for hddsDatanode at: http://0.0.0.0:0
2019-06-13 21:37:19,960 INFO  server.AuthenticationFilter (AuthenticationFilter.java:constructSecretProvider(240)) - Unable to initialize FileSignerSecretProvider, falling back to use random secrets.
2019-06-13 21:37:19,965 WARN  http.HttpRequestLog (HttpRequestLog.java:getRequestLog(97)) - Jetty request log can only be enabled using Log4j
2019-06-13 21:37:19,967 INFO  http.HttpServer2 (HttpServer2.java:addGlobalFilter(975)) - Added global filter 'safety' (class=org.apache.hadoop.http.HttpServer2$QuotingInputFilter)
2019-06-13 21:37:19,967 INFO  http.HttpServer2 (HttpServer2.java:addFilter(948)) - Added filter static_user_filter (class=org.apache.hadoop.http.lib.StaticUserWebFilter$StaticUserFilter) to context hddsDatanode
2019-06-13 21:37:19,967 INFO  http.HttpServer2 (HttpServer2.java:addFilter(958)) - Added filter static_user_filter (class=org.apache.hadoop.http.lib.StaticUserWebFilter$StaticUserFilter) to context static
2019-06-13 21:37:19,967 INFO  http.HttpServer2 (HttpServer2.java:addFilter(958)) - Added filter static_user_filter (class=org.apache.hadoop.http.lib.StaticUserWebFilter$StaticUserFilter) to context logs
2019-06-13 21:37:19,968 INFO  http.HttpServer2 (HttpServer2.java:bindListener(1191)) - Jetty bound to port 39263
2019-06-13 21:37:19,968 INFO  server.Server (Server.java:doStart(351)) - jetty-9.3.24.v20180605, build timestamp: 2018-06-05T17:11:56Z, git hash: 84205aa28f11a4f31f2a3b86d1bba2cc8ab69827
2019-06-13 21:37:19,971 INFO  handler.ContextHandler (ContextHandler.java:doStart(781)) - Started o.e.j.s.ServletContextHandler@7d6b0636{/logs,file:///opt/src/hadoop-ozone/integration-test/target/log,AVAILABLE}
2019-06-13 21:37:19,972 INFO  handler.ContextHandler (ContextHandler.java:doStart(781)) - Started o.e.j.s.ServletContextHandler@47b4fcd5{/static,jar:file:/root/.m2/repository/org/apache/hadoop/hadoop-hdds-container-service/0.5.0-SNAPSHOT/hadoop-hdds-container-service-0.5.0-SNAPSHOT.jar!/webapps/static,AVAILABLE}
2019-06-13 21:37:19,999 INFO  handler.ContextHandler (ContextHandler.java:doStart(781)) - Started o.e.j.w.WebAppContext@7dc6ce7d{/,file:///tmp/jetty-0.0.0.0-39263-hddsDatanode-_-any-8359883281410756134.dir/webapp/,AVAILABLE}{/hddsDatanode}
2019-06-13 21:37:20,000 INFO  server.AbstractConnector (AbstractConnector.java:doStart(278)) - Started ServerConnector@52caa9d8{HTTP/1.1,[http/1.1]}{0.0.0.0:39263}
2019-06-13 21:37:20,001 INFO  server.Server (Server.java:doStart(419)) - Started @123348ms
2019-06-13 21:37:20,002 INFO  server.BaseHttpServer (BaseHttpServer.java:updateConnectorAddress(207)) - HTTP server of HDDSDATANODE is listening at http://0.0.0.0:39263
2019-06-13 21:37:20,090 INFO  ozone.HddsDatanodeService (HddsDatanodeService.java:startPlugins(396)) - Started plug-in org.apache.hadoop.ozone.web.OzoneHddsDatanodeService@5a318745
2019-06-13 21:37:20,090 INFO  impl.MetricsSystemImpl (MetricsSystemImpl.java:init(158)) - HddsDatanode metrics system started (again)
2019-06-13 21:37:20,090 INFO  ozone.HddsDatanodeService (HddsDatanodeService.java:start(185)) - HddsDatanodeService host:ozone-d4wqq-1121427898 ip:192.168.11.218
2019-06-13 21:37:20,091 INFO  util.JvmPauseMonitor (JvmPauseMonitor.java:run(188)) - Starting JVM pause monitor
2019-06-13 21:37:20,092 INFO  datanode.InitDatanodeState (InitDatanodeState.java:persistContainerDatanodeDetails(140)) - DatanodeDetails is persisted to /opt/src/hadoop-ozone/integration-test/target/test-dir/MiniOzoneClusterImpl-3a70d0bd-0a9c-43b3-a391-c6dfbab1366e/datanode-4/meta/datanode.id
2019-06-13 21:37:20,096 INFO  volume.HddsVolume (HddsVolume.java:<init>(176)) - Creating Volume: /opt/src/hadoop-ozone/integration-test/target/test-dir/MiniOzoneClusterImpl-3a70d0bd-0a9c-43b3-a391-c6dfbab1366e/datanode-5/data/containers/hdds of  storage type : DISK and capacity : 104021790720
2019-06-13 21:37:20,096 INFO  volume.VolumeSet (VolumeSet.java:initializeVolumeSet(170)) - Added Volume : /opt/src/hadoop-ozone/integration-test/target/test-dir/MiniOzoneClusterImpl-3a70d0bd-0a9c-43b3-a391-c6dfbab1366e/datanode-5/data/containers/hdds to VolumeSet
2019-06-13 21:37:20,096 INFO  volume.ThrottledAsyncChecker (ThrottledAsyncChecker.java:schedule(140)) - Scheduling a check for org.apache.hadoop.ozone.container.common.volume.HddsVolume@327fd5c9
2019-06-13 21:37:20,098 INFO  volume.HddsVolumeChecker (HddsVolumeChecker.java:checkAllVolumes(203)) - Scheduled health check for volume org.apache.hadoop.ozone.container.common.volume.HddsVolume@327fd5c9
2019-06-13 21:37:20,105 INFO  ratis.XceiverServerRatis (XceiverServerRatis.java:newXceiverServerRatis(401)) - Found a free port for the server : 33075
2019-06-13 21:37:20,106 INFO  impl.RaftServerProxy (ConfUtils.java:logGet(43)) - raft.rpc.type = GRPC (default)
2019-06-13 21:37:20,107 INFO  grpc.GrpcConfigKeys$Server (ConfUtils.java:logGet(43)) - raft.grpc.server.port = 33075 (custom)
2019-06-13 21:37:20,107 INFO  server.GrpcService (ConfUtils.java:logGet(43)) - raft.grpc.message.size.max = 33570816 (custom)
2019-06-13 21:37:20,107 INFO  server.RaftServerConfigKeys (ConfUtils.java:logGet(43)) - raft.server.log.appender.buffer.byte-limit = 33554432 (custom)
2019-06-13 21:37:20,107 INFO  server.GrpcService (ConfUtils.java:logGet(43)) - raft.grpc.flow.control.window = 1MB (=1048576) (default)
2019-06-13 21:37:20,107 INFO  server.RaftServerConfigKeys (ConfUtils.java:logGet(43)) - raft.server.rpc.request.timeout = 3000ms (default)
2019-06-13 21:37:20,107 INFO  server.RaftServerConfigKeys (ConfUtils.java:logGet(43)) - raft.server.storage.dir = [/opt/src/hadoop-ozone/integration-test/target/test-dir/MiniOzoneClusterImpl-3a70d0bd-0a9c-43b3-a391-c6dfbab1366e/datanode-5/data/ratis] (custom)
2019-06-13 21:37:20,108 INFO  server.XceiverServerGrpc (XceiverServerGrpc.java:<init>(97)) - Found a free port for the server : 37411
2019-06-13 21:37:20,108 INFO  replication.SimpleContainerDownloader (SimpleContainerDownloader.java:<init>(72)) - Starting container downloader service to copy containers to replicate.
2019-06-13 21:37:20,109 INFO  hdfs.DFSUtil (DFSUtil.java:httpServerTemplateForNNAndJN(1641)) - Starting Web-server for hddsDatanode at: http://0.0.0.0:0
2019-06-13 21:37:20,109 INFO  server.AuthenticationFilter (AuthenticationFilter.java:constructSecretProvider(240)) - Unable to initialize FileSignerSecretProvider, falling back to use random secrets.
2019-06-13 21:37:20,110 WARN  http.HttpRequestLog (HttpRequestLog.java:getRequestLog(97)) - Jetty request log can only be enabled using Log4j
2019-06-13 21:37:20,111 INFO  http.HttpServer2 (HttpServer2.java:addGlobalFilter(975)) - Added global filter 'safety' (class=org.apache.hadoop.http.HttpServer2$QuotingInputFilter)
2019-06-13 21:37:20,111 INFO  http.HttpServer2 (HttpServer2.java:addFilter(948)) - Added filter static_user_filter (class=org.apache.hadoop.http.lib.StaticUserWebFilter$StaticUserFilter) to context hddsDatanode
2019-06-13 21:37:20,111 INFO  http.HttpServer2 (HttpServer2.java:addFilter(958)) - Added filter static_user_filter (class=org.apache.hadoop.http.lib.StaticUserWebFilter$StaticUserFilter) to context logs
2019-06-13 21:37:20,111 INFO  http.HttpServer2 (HttpServer2.java:addFilter(958)) - Added filter static_user_filter (class=org.apache.hadoop.http.lib.StaticUserWebFilter$StaticUserFilter) to context static
2019-06-13 21:37:20,112 INFO  http.HttpServer2 (HttpServer2.java:bindListener(1191)) - Jetty bound to port 37089
2019-06-13 21:37:20,112 INFO  server.Server (Server.java:doStart(351)) - jetty-9.3.24.v20180605, build timestamp: 2018-06-05T17:11:56Z, git hash: 84205aa28f11a4f31f2a3b86d1bba2cc8ab69827
2019-06-13 21:37:20,113 INFO  handler.ContextHandler (ContextHandler.java:doStart(781)) - Started o.e.j.s.ServletContextHandler@1e8f20bf{/logs,file:///opt/src/hadoop-ozone/integration-test/target/log,AVAILABLE}
2019-06-13 21:37:20,113 INFO  handler.ContextHandler (ContextHandler.java:doStart(781)) - Started o.e.j.s.ServletContextHandler@70a9f4b7{/static,jar:file:/root/.m2/repository/org/apache/hadoop/hadoop-hdds-container-service/0.5.0-SNAPSHOT/hadoop-hdds-container-service-0.5.0-SNAPSHOT.jar!/webapps/static,AVAILABLE}
2019-06-13 21:37:20,132 INFO  handler.ContextHandler (ContextHandler.java:doStart(781)) - Started o.e.j.w.WebAppContext@226346d4{/,file:///tmp/jetty-0.0.0.0-37089-hddsDatanode-_-any-3465854289551351449.dir/webapp/,AVAILABLE}{/hddsDatanode}
2019-06-13 21:37:20,132 INFO  server.AbstractConnector (AbstractConnector.java:doStart(278)) - Started ServerConnector@7aeb5402{HTTP/1.1,[http/1.1]}{0.0.0.0:37089}
2019-06-13 21:37:20,134 INFO  server.Server (Server.java:doStart(419)) - Started @123481ms
2019-06-13 21:37:20,134 INFO  server.BaseHttpServer (BaseHttpServer.java:updateConnectorAddress(207)) - HTTP server of HDDSDATANODE is listening at http://0.0.0.0:37089
2019-06-13 21:37:20,203 INFO  ozone.HddsDatanodeService (HddsDatanodeService.java:startPlugins(396)) - Started plug-in org.apache.hadoop.ozone.web.OzoneHddsDatanodeService@10164e94
2019-06-13 21:37:20,203 INFO  ozone.MiniOzoneClusterImpl (MiniOzoneClusterImpl.java:lambda$waitForClusterToBeReady$0(142)) - Waiting for cluster to be ready. Got 0 of 6 DN Heartbeats.
2019-06-13 21:37:20,204 INFO  util.JvmPauseMonitor (JvmPauseMonitor.java:run(188)) - Starting JVM pause monitor
2019-06-13 21:37:20,204 INFO  datanode.InitDatanodeState (InitDatanodeState.java:persistContainerDatanodeDetails(140)) - DatanodeDetails is persisted to /opt/src/hadoop-ozone/integration-test/target/test-dir/MiniOzoneClusterImpl-3a70d0bd-0a9c-43b3-a391-c6dfbab1366e/datanode-5/meta/datanode.id
2019-06-13 21:37:21,169 WARN  events.EventQueue (EventQueue.java:fireEvent(147)) - Processing of TypedEvent{payloadType=DatanodeDetails, name='Stale_Node'} is skipped, EventQueue is not running
2019-06-13 21:37:21,203 INFO  ozone.MiniOzoneClusterImpl (MiniOzoneClusterImpl.java:lambda$waitForClusterToBeReady$0(142)) - Waiting for cluster to be ready. Got 0 of 6 DN Heartbeats.
2019-06-13 21:37:21,270 WARN  events.EventQueue (EventQueue.java:fireEvent(147)) - Processing of TypedEvent{payloadType=DatanodeDetails, name='Stale_Node'} is skipped, EventQueue is not running
2019-06-13 21:37:21,370 WARN  events.EventQueue (EventQueue.java:fireEvent(147)) - Processing of TypedEvent{payloadType=DatanodeDetails, name='Stale_Node'} is skipped, EventQueue is not running
2019-06-13 21:37:21,434 INFO  ozoneimpl.OzoneContainer (OzoneContainer.java:start(186)) - Attempting to start container services.
2019-06-13 21:37:21,434 INFO  ozoneimpl.OzoneContainer (OzoneContainer.java:startContainerScrub(160)) - Background container scrubber has been disabled by hdds.containerscrub.enabled
2019-06-13 21:37:21,434 INFO  ratis.XceiverServerRatis (XceiverServerRatis.java:start(418)) - Starting XceiverServerRatis 5801dc37-c077-4608-8f08-86354f2b1b05 at port 35099
2019-06-13 21:37:21,438 INFO  impl.RaftServerProxy (RaftServerProxy.java:lambda$start$3(299)) - 5801dc37-c077-4608-8f08-86354f2b1b05: start RPC server
2019-06-13 21:37:21,438 INFO  server.GrpcService (GrpcService.java:startImpl(148)) - 5801dc37-c077-4608-8f08-86354f2b1b05: GrpcService started, listening on 0.0.0.0/0.0.0.0:35099
2019-06-13 21:37:21,570 WARN  events.EventQueue (EventQueue.java:fireEvent(147)) - Processing of TypedEvent{payloadType=DatanodeDetails, name='Stale_Node'} is skipped, EventQueue is not running
2019-06-13 21:37:21,570 WARN  events.EventQueue (EventQueue.java:fireEvent(147)) - Processing of TypedEvent{payloadType=DatanodeDetails, name='Stale_Node'} is skipped, EventQueue is not running
2019-06-13 21:37:21,580 INFO  ozoneimpl.OzoneContainer (OzoneContainer.java:start(186)) - Attempting to start container services.
2019-06-13 21:37:21,580 INFO  ozoneimpl.OzoneContainer (OzoneContainer.java:startContainerScrub(160)) - Background container scrubber has been disabled by hdds.containerscrub.enabled
2019-06-13 21:37:21,580 INFO  ratis.XceiverServerRatis (XceiverServerRatis.java:start(418)) - Starting XceiverServerRatis f1f314c7-e01f-4880-8551-26c7c175045e at port 42885
2019-06-13 21:37:21,583 INFO  impl.RaftServerProxy (RaftServerProxy.java:lambda$start$3(299)) - f1f314c7-e01f-4880-8551-26c7c175045e: start RPC server
2019-06-13 21:37:21,585 INFO  server.GrpcService (GrpcService.java:startImpl(148)) - f1f314c7-e01f-4880-8551-26c7c175045e: GrpcService started, listening on 0.0.0.0/0.0.0.0:42885
2019-06-13 21:37:21,759 INFO  ozoneimpl.OzoneContainer (OzoneContainer.java:start(186)) - Attempting to start container services.
2019-06-13 21:37:21,760 INFO  ozoneimpl.OzoneContainer (OzoneContainer.java:startContainerScrub(160)) - Background container scrubber has been disabled by hdds.containerscrub.enabled
2019-06-13 21:37:21,760 INFO  ratis.XceiverServerRatis (XceiverServerRatis.java:start(418)) - Starting XceiverServerRatis 5aec5faf-95c1-466a-80b5-885d1536bb8e at port 39625
2019-06-13 21:37:21,763 INFO  impl.RaftServerProxy (RaftServerProxy.java:lambda$start$3(299)) - 5aec5faf-95c1-466a-80b5-885d1536bb8e: start RPC server
2019-06-13 21:37:21,763 INFO  server.GrpcService (GrpcService.java:startImpl(148)) - 5aec5faf-95c1-466a-80b5-885d1536bb8e: GrpcService started, listening on 0.0.0.0/0.0.0.0:39625
2019-06-13 21:37:21,942 INFO  ozoneimpl.OzoneContainer (OzoneContainer.java:start(186)) - Attempting to start container services.
2019-06-13 21:37:21,942 INFO  ozoneimpl.OzoneContainer (OzoneContainer.java:startContainerScrub(160)) - Background container scrubber has been disabled by hdds.containerscrub.enabled
2019-06-13 21:37:21,942 INFO  ratis.XceiverServerRatis (XceiverServerRatis.java:start(418)) - Starting XceiverServerRatis 36315fdd-1398-4801-a40e-9ce939377f0f at port 35877
2019-06-13 21:37:21,945 INFO  impl.RaftServerProxy (RaftServerProxy.java:lambda$start$3(299)) - 36315fdd-1398-4801-a40e-9ce939377f0f: start RPC server
2019-06-13 21:37:21,945 INFO  server.GrpcService (GrpcService.java:startImpl(148)) - 36315fdd-1398-4801-a40e-9ce939377f0f: GrpcService started, listening on 0.0.0.0/0.0.0.0:35877
2019-06-13 21:37:22,094 INFO  ozoneimpl.OzoneContainer (OzoneContainer.java:start(186)) - Attempting to start container services.
2019-06-13 21:37:22,094 INFO  ozoneimpl.OzoneContainer (OzoneContainer.java:startContainerScrub(160)) - Background container scrubber has been disabled by hdds.containerscrub.enabled
2019-06-13 21:37:22,094 INFO  ratis.XceiverServerRatis (XceiverServerRatis.java:start(418)) - Starting XceiverServerRatis aad65329-233a-4e32-bff9-501922508392 at port 43567
2019-06-13 21:37:22,098 INFO  impl.RaftServerProxy (RaftServerProxy.java:lambda$start$3(299)) - aad65329-233a-4e32-bff9-501922508392: start RPC server
2019-06-13 21:37:22,098 INFO  server.GrpcService (GrpcService.java:startImpl(148)) - aad65329-233a-4e32-bff9-501922508392: GrpcService started, listening on 0.0.0.0/0.0.0.0:43567
2019-06-13 21:37:22,204 INFO  ozone.MiniOzoneClusterImpl (MiniOzoneClusterImpl.java:lambda$waitForClusterToBeReady$0(142)) - Waiting for cluster to be ready. Got 0 of 6 DN Heartbeats.
2019-06-13 21:37:22,207 INFO  ozoneimpl.OzoneContainer (OzoneContainer.java:start(186)) - Attempting to start container services.
2019-06-13 21:37:22,207 INFO  ozoneimpl.OzoneContainer (OzoneContainer.java:startContainerScrub(160)) - Background container scrubber has been disabled by hdds.containerscrub.enabled
2019-06-13 21:37:22,207 INFO  ratis.XceiverServerRatis (XceiverServerRatis.java:start(418)) - Starting XceiverServerRatis a76d2ad0-1c5c-4003-bb4c-e397a26e8ebf at port 33075
2019-06-13 21:37:22,210 INFO  impl.RaftServerProxy (RaftServerProxy.java:lambda$start$3(299)) - a76d2ad0-1c5c-4003-bb4c-e397a26e8ebf: start RPC server
2019-06-13 21:37:22,210 INFO  server.GrpcService (GrpcService.java:startImpl(148)) - a76d2ad0-1c5c-4003-bb4c-e397a26e8ebf: GrpcService started, listening on 0.0.0.0/0.0.0.0:33075
2019-06-13 21:37:23,204 INFO  ozone.MiniOzoneClusterImpl (MiniOzoneClusterImpl.java:lambda$waitForClusterToBeReady$0(142)) - Waiting for cluster to be ready. Got 0 of 6 DN Heartbeats.
2019-06-13 21:37:23,430 INFO  node.SCMNodeManager (SCMNodeManager.java:register(234)) - Registered Data node : 5801dc37-c077-4608-8f08-86354f2b1b05{ip: 192.168.11.218, host: ozone-d4wqq-1121427898, networkLocation: /default-rack, certSerialId: null}
2019-06-13 21:37:23,434 INFO  safemode.SCMSafeModeManager (DataNodeSafeModeRule.java:process(71)) - SCM in safe mode. 1 DataNodes registered, 1 required.
2019-06-13 21:37:23,436 INFO  safemode.SCMSafeModeManager (SCMSafeModeManager.java:validateSafeModeExitRules(177)) - ScmSafeModeManager, all rules are successfully validated
2019-06-13 21:37:23,436 INFO  safemode.SCMSafeModeManager (SCMSafeModeManager.java:exitSafeMode(193)) - SCM exiting safe mode.
2019-06-13 21:37:23,439 INFO  impl.RaftServerProxy (RaftServerProxy.java:addNew(89)) - 5801dc37-c077-4608-8f08-86354f2b1b05: addNew group-90B7AC9E45C6:[5801dc37-c077-4608-8f08-86354f2b1b05:192.168.11.218:35099] returns group-90B7AC9E45C6:java.util.concurrent.CompletableFuture@3d0b934c[Not completed]
2019-06-13 21:37:23,440 INFO  impl.RaftServerImpl (RaftServerImpl.java:<init>(91)) - 5801dc37-c077-4608-8f08-86354f2b1b05: new RaftServerImpl for group-90B7AC9E45C6:[5801dc37-c077-4608-8f08-86354f2b1b05:192.168.11.218:35099] with ContainerStateMachine:uninitialized
2019-06-13 21:37:23,440 INFO  server.RaftServerConfigKeys (ConfUtils.java:logGet(43)) - raft.server.rpc.timeout.min = 1s (custom)
2019-06-13 21:37:23,440 INFO  server.RaftServerConfigKeys (ConfUtils.java:logGet(43)) - raft.server.rpc.timeout.max = 1200ms (custom)
2019-06-13 21:37:23,440 INFO  server.RaftServerConfigKeys (ConfUtils.java:logGet(43)) - raft.server.rpcslowness.timeout = 120s (custom)
2019-06-13 21:37:23,440 INFO  server.RaftServerConfigKeys (ConfUtils.java:logGet(43)) - raft.server.log.appender.install.snapshot.enabled = true (default)
2019-06-13 21:37:23,440 INFO  impl.RaftServerImpl (ServerState.java:<init>(101)) - 5801dc37-c077-4608-8f08-86354f2b1b05:group-90B7AC9E45C6 ConfigurationManager, init=-1: [5801dc37-c077-4608-8f08-86354f2b1b05:192.168.11.218:35099], old=null, confs=<EMPTY_MAP>
2019-06-13 21:37:23,440 INFO  server.RaftServerConfigKeys (ConfUtils.java:logGet(43)) - raft.server.storage.dir = [/opt/src/hadoop-ozone/integration-test/target/test-dir/MiniOzoneClusterImpl-3a70d0bd-0a9c-43b3-a391-c6dfbab1366e/datanode-0/data/ratis] (custom)
2019-06-13 21:37:23,440 INFO  storage.RaftStorageDirectory (RaftStorageDirectory.java:analyzeStorage(246)) - The storage directory /opt/src/hadoop-ozone/integration-test/target/test-dir/MiniOzoneClusterImpl-3a70d0bd-0a9c-43b3-a391-c6dfbab1366e/datanode-0/data/ratis/2c7b119c-46c3-429d-93f9-90b7ac9e45c6 does not exist. Creating ...
2019-06-13 21:37:23,443 INFO  storage.RaftStorageDirectory (RaftStorageDirectory.java:tryLock(328)) - Lock on /opt/src/hadoop-ozone/integration-test/target/test-dir/MiniOzoneClusterImpl-3a70d0bd-0a9c-43b3-a391-c6dfbab1366e/datanode-0/data/ratis/2c7b119c-46c3-429d-93f9-90b7ac9e45c6/in_use.lock acquired by nodename 14534@ozone-d4wqq-1121427898
2019-06-13 21:37:23,445 INFO  storage.RaftStorage (RaftStorage.java:format(75)) - Storage directory /opt/src/hadoop-ozone/integration-test/target/test-dir/MiniOzoneClusterImpl-3a70d0bd-0a9c-43b3-a391-c6dfbab1366e/datanode-0/data/ratis/2c7b119c-46c3-429d-93f9-90b7ac9e45c6 has been successfully formatted.
2019-06-13 21:37:23,445 INFO  ratis.ContainerStateMachine (ContainerStateMachine.java:loadSnapshot(199)) - The snapshot info is null.Setting the last applied index to:(t:0, i:~)
2019-06-13 21:37:23,445 INFO  server.RaftServerConfigKeys (ConfUtils.java:logGet(43)) - raft.server.leader.election.timeout = 120s (custom)
2019-06-13 21:37:23,445 INFO  server.RaftServerConfigKeys (ConfUtils.java:logGet(43)) - raft.server.log.use.memory = false (default)
2019-06-13 21:37:23,445 INFO  server.RaftServerConfigKeys (ConfUtils.java:logGet(43)) - raft.server.log.appender.buffer.byte-limit = 33554432 (custom)
2019-06-13 21:37:23,445 INFO  server.RaftServerConfigKeys (ConfUtils.java:logGet(43)) - raft.server.log.segment.size.max = 16384 (custom)
2019-06-13 21:37:23,445 INFO  server.RaftServerConfigKeys (ConfUtils.java:logGet(43)) - raft.server.log.segment.cache.num.max = 2 (custom)
2019-06-13 21:37:23,445 INFO  storage.RaftLogWorker (RaftLogWorker.java:<init>(123)) - new 5801dc37-c077-4608-8f08-86354f2b1b05-RaftLogWorker for Storage Directory /opt/src/hadoop-ozone/integration-test/target/test-dir/MiniOzoneClusterImpl-3a70d0bd-0a9c-43b3-a391-c6dfbab1366e/datanode-0/data/ratis/2c7b119c-46c3-429d-93f9-90b7ac9e45c6
2019-06-13 21:37:23,445 INFO  server.RaftServerConfigKeys (ConfUtils.java:logGet(43)) - raft.server.log.queue.byte-limit = 2147483647 (custom)
2019-06-13 21:37:23,445 INFO  server.RaftServerConfigKeys (ConfUtils.java:logGet(43)) - raft.server.log.queue.element-limit = 1024 (custom)
2019-06-13 21:37:23,445 INFO  server.RaftServerConfigKeys (ConfUtils.java:logGet(43)) - raft.server.log.segment.size.max = 16384 (custom)
2019-06-13 21:37:23,445 INFO  server.RaftServerConfigKeys (ConfUtils.java:logGet(43)) - raft.server.log.preallocated.size = 16384 (custom)
2019-06-13 21:37:23,445 INFO  server.RaftServerConfigKeys (ConfUtils.java:logGet(43)) - raft.server.log.write.buffer.size = 33554432 (custom)
2019-06-13 21:37:23,446 INFO  server.RaftServerConfigKeys (ConfUtils.java:logGet(43)) - raft.server.log.force.sync.num = 128 (default)
2019-06-13 21:37:23,446 INFO  server.RaftServerConfigKeys (ConfUtils.java:logGet(43)) - raft.server.log.statemachine.data.sync = true (default)
2019-06-13 21:37:23,446 INFO  server.RaftServerConfigKeys (ConfUtils.java:logGet(43)) - raft.server.log.statemachine.data.sync.timeout = 10s (default)
2019-06-13 21:37:23,446 INFO  server.RaftServerConfigKeys (ConfUtils.java:logGet(43)) - raft.server.log.statemachine.data.sync.timeout.retry = -1 (default)
2019-06-13 21:37:23,446 INFO  server.RaftServerConfigKeys (ConfUtils.java:logGet(43)) - raft.server.log.statemachine.data.caching.enabled = true (custom)
2019-06-13 21:37:23,446 INFO  server.RaftServerConfigKeys (ConfUtils.java:logGet(43)) - raft.server.snapshot.auto.trigger.enabled = true (custom)
2019-06-13 21:37:23,446 INFO  server.RaftServerConfigKeys (ConfUtils.java:logGet(43)) - raft.server.snapshot.auto.trigger.threshold = 10000 (custom)
2019-06-13 21:37:23,446 INFO  server.RaftServerConfigKeys (ConfUtils.java:logGet(43)) - raft.server.retrycache.expirytime = 600000ms (custom)
2019-06-13 21:37:23,446 INFO  impl.RaftServerImpl (RaftServerImpl.java:start(173)) - 5801dc37-c077-4608-8f08-86354f2b1b05: start group-90B7AC9E45C6
2019-06-13 21:37:23,447 INFO  impl.RaftServerImpl (RaftServerImpl.java:setRole(164)) - 5801dc37-c077-4608-8f08-86354f2b1b05:group-90B7AC9E45C6 changes role from null to FOLLOWER at term 0 for startAsFollower
2019-06-13 21:37:23,447 INFO  impl.RoleInfo (RoleInfo.java:updateAndGet(143)) - 5801dc37-c077-4608-8f08-86354f2b1b05: start FollowerState
2019-06-13 21:37:23,447 INFO  util.JmxRegister (JmxRegister.java:tryRegister(44)) - Successfully registered JMX Bean with object name Ratis:service=RaftServer,group=group-90B7AC9E45C6,id=5801dc37-c077-4608-8f08-86354f2b1b05
2019-06-13 21:37:23,448 INFO  pipeline.PipelineStateManager (PipelineStateManager.java:addPipeline(56)) - Created pipeline Pipeline[ Id: 2c7b119c-46c3-429d-93f9-90b7ac9e45c6, Nodes: 5801dc37-c077-4608-8f08-86354f2b1b05{ip: 192.168.11.218, host: ozone-d4wqq-1121427898, networkLocation: /default-rack, certSerialId: null}, Type:RATIS, Factor:ONE, State:OPEN]
2019-06-13 21:37:23,577 INFO  node.SCMNodeManager (SCMNodeManager.java:register(234)) - Registered Data node : f1f314c7-e01f-4880-8551-26c7c175045e{ip: 192.168.11.218, host: ozone-d4wqq-1121427898, networkLocation: /default-rack, certSerialId: null}
2019-06-13 21:37:23,582 INFO  impl.RaftServerProxy (RaftServerProxy.java:addNew(89)) - f1f314c7-e01f-4880-8551-26c7c175045e: addNew group-05F6CAF12F91:[f1f314c7-e01f-4880-8551-26c7c175045e:192.168.11.218:42885] returns group-05F6CAF12F91:java.util.concurrent.CompletableFuture@3ae8893b[Not completed]
2019-06-13 21:37:23,582 INFO  impl.RaftServerImpl (RaftServerImpl.java:<init>(91)) - f1f314c7-e01f-4880-8551-26c7c175045e: new RaftServerImpl for group-05F6CAF12F91:[f1f314c7-e01f-4880-8551-26c7c175045e:192.168.11.218:42885] with ContainerStateMachine:uninitialized
2019-06-13 21:37:23,582 INFO  server.RaftServerConfigKeys (ConfUtils.java:logGet(43)) - raft.server.rpc.timeout.min = 1s (custom)
2019-06-13 21:37:23,582 INFO  server.RaftServerConfigKeys (ConfUtils.java:logGet(43)) - raft.server.rpc.timeout.max = 1200ms (custom)
2019-06-13 21:37:23,582 INFO  server.RaftServerConfigKeys (ConfUtils.java:logGet(43)) - raft.server.rpcslowness.timeout = 120s (custom)
2019-06-13 21:37:23,582 INFO  server.RaftServerConfigKeys (ConfUtils.java:logGet(43)) - raft.server.log.appender.install.snapshot.enabled = true (default)
2019-06-13 21:37:23,583 INFO  impl.RaftServerImpl (ServerState.java:<init>(101)) - f1f314c7-e01f-4880-8551-26c7c175045e:group-05F6CAF12F91 ConfigurationManager, init=-1: [f1f314c7-e01f-4880-8551-26c7c175045e:192.168.11.218:42885], old=null, confs=<EMPTY_MAP>
2019-06-13 21:37:23,583 INFO  server.RaftServerConfigKeys (ConfUtils.java:logGet(43)) - raft.server.storage.dir = [/opt/src/hadoop-ozone/integration-test/target/test-dir/MiniOzoneClusterImpl-3a70d0bd-0a9c-43b3-a391-c6dfbab1366e/datanode-1/data/ratis] (custom)
2019-06-13 21:37:23,583 INFO  storage.RaftStorageDirectory (RaftStorageDirectory.java:analyzeStorage(246)) - The storage directory /opt/src/hadoop-ozone/integration-test/target/test-dir/MiniOzoneClusterImpl-3a70d0bd-0a9c-43b3-a391-c6dfbab1366e/datanode-1/data/ratis/1cdeedc1-8e00-4af9-838f-05f6caf12f91 does not exist. Creating ...
2019-06-13 21:37:23,585 INFO  storage.RaftStorageDirectory (RaftStorageDirectory.java:tryLock(328)) - Lock on /opt/src/hadoop-ozone/integration-test/target/test-dir/MiniOzoneClusterImpl-3a70d0bd-0a9c-43b3-a391-c6dfbab1366e/datanode-1/data/ratis/1cdeedc1-8e00-4af9-838f-05f6caf12f91/in_use.lock acquired by nodename 14534@ozone-d4wqq-1121427898
2019-06-13 21:37:23,587 INFO  storage.RaftStorage (RaftStorage.java:format(75)) - Storage directory /opt/src/hadoop-ozone/integration-test/target/test-dir/MiniOzoneClusterImpl-3a70d0bd-0a9c-43b3-a391-c6dfbab1366e/datanode-1/data/ratis/1cdeedc1-8e00-4af9-838f-05f6caf12f91 has been successfully formatted.
2019-06-13 21:37:23,587 INFO  ratis.ContainerStateMachine (ContainerStateMachine.java:loadSnapshot(199)) - The snapshot info is null.Setting the last applied index to:(t:0, i:~)
2019-06-13 21:37:23,587 INFO  server.RaftServerConfigKeys (ConfUtils.java:logGet(43)) - raft.server.leader.election.timeout = 120s (custom)
2019-06-13 21:37:23,587 INFO  server.RaftServerConfigKeys (ConfUtils.java:logGet(43)) - raft.server.log.use.memory = false (default)
2019-06-13 21:37:23,587 INFO  server.RaftServerConfigKeys (ConfUtils.java:logGet(43)) - raft.server.log.appender.buffer.byte-limit = 33554432 (custom)
2019-06-13 21:37:23,587 INFO  server.RaftServerConfigKeys (ConfUtils.java:logGet(43)) - raft.server.log.segment.size.max = 16384 (custom)
2019-06-13 21:37:23,588 INFO  server.RaftServerConfigKeys (ConfUtils.java:logGet(43)) - raft.server.log.segment.cache.num.max = 2 (custom)
2019-06-13 21:37:23,588 INFO  storage.RaftLogWorker (RaftLogWorker.java:<init>(123)) - new f1f314c7-e01f-4880-8551-26c7c175045e-RaftLogWorker for Storage Directory /opt/src/hadoop-ozone/integration-test/target/test-dir/MiniOzoneClusterImpl-3a70d0bd-0a9c-43b3-a391-c6dfbab1366e/datanode-1/data/ratis/1cdeedc1-8e00-4af9-838f-05f6caf12f91
2019-06-13 21:37:23,588 INFO  server.RaftServerConfigKeys (ConfUtils.java:logGet(43)) - raft.server.log.queue.byte-limit = 2147483647 (custom)
2019-06-13 21:37:23,588 INFO  server.RaftServerConfigKeys (ConfUtils.java:logGet(43)) - raft.server.log.queue.element-limit = 1024 (custom)
2019-06-13 21:37:23,588 INFO  server.RaftServerConfigKeys (ConfUtils.java:logGet(43)) - raft.server.log.segment.size.max = 16384 (custom)
2019-06-13 21:37:23,588 INFO  server.RaftServerConfigKeys (ConfUtils.java:logGet(43)) - raft.server.log.preallocated.size = 16384 (custom)
2019-06-13 21:37:23,588 INFO  server.RaftServerConfigKeys (ConfUtils.java:logGet(43)) - raft.server.log.write.buffer.size = 33554432 (custom)
2019-06-13 21:37:23,588 INFO  server.RaftServerConfigKeys (ConfUtils.java:logGet(43)) - raft.server.log.force.sync.num = 128 (default)
2019-06-13 21:37:23,588 INFO  server.RaftServerConfigKeys (ConfUtils.java:logGet(43)) - raft.server.log.statemachine.data.sync = true (default)
2019-06-13 21:37:23,588 INFO  server.RaftServerConfigKeys (ConfUtils.java:logGet(43)) - raft.server.log.statemachine.data.sync.timeout = 10s (default)
2019-06-13 21:37:23,588 INFO  server.RaftServerConfigKeys (ConfUtils.java:logGet(43)) - raft.server.log.statemachine.data.sync.timeout.retry = -1 (default)
2019-06-13 21:37:23,588 INFO  server.RaftServerConfigKeys (ConfUtils.java:logGet(43)) - raft.server.log.statemachine.data.caching.enabled = true (custom)
2019-06-13 21:37:23,588 INFO  server.RaftServerConfigKeys (ConfUtils.java:logGet(43)) - raft.server.snapshot.auto.trigger.enabled = true (custom)
2019-06-13 21:37:23,589 INFO  server.RaftServerConfigKeys (ConfUtils.java:logGet(43)) - raft.server.snapshot.auto.trigger.threshold = 10000 (custom)
2019-06-13 21:37:23,589 INFO  server.RaftServerConfigKeys (ConfUtils.java:logGet(43)) - raft.server.retrycache.expirytime = 600000ms (custom)
2019-06-13 21:37:23,589 INFO  impl.RaftServerImpl (RaftServerImpl.java:start(173)) - f1f314c7-e01f-4880-8551-26c7c175045e: start group-05F6CAF12F91
2019-06-13 21:37:23,589 INFO  impl.RaftServerImpl (RaftServerImpl.java:setRole(164)) - f1f314c7-e01f-4880-8551-26c7c175045e:group-05F6CAF12F91 changes role from null to FOLLOWER at term 0 for startAsFollower
2019-06-13 21:37:23,589 INFO  impl.RoleInfo (RoleInfo.java:updateAndGet(143)) - f1f314c7-e01f-4880-8551-26c7c175045e: start FollowerState
2019-06-13 21:37:23,589 INFO  util.JmxRegister (JmxRegister.java:tryRegister(44)) - Successfully registered JMX Bean with object name Ratis:service=RaftServer,group=group-05F6CAF12F91,id=f1f314c7-e01f-4880-8551-26c7c175045e
2019-06-13 21:37:23,590 INFO  pipeline.PipelineStateManager (PipelineStateManager.java:addPipeline(56)) - Created pipeline Pipeline[ Id: 1cdeedc1-8e00-4af9-838f-05f6caf12f91, Nodes: f1f314c7-e01f-4880-8551-26c7c175045e{ip: 192.168.11.218, host: ozone-d4wqq-1121427898, networkLocation: /default-rack, certSerialId: null}, Type:RATIS, Factor:ONE, State:OPEN]
2019-06-13 21:37:23,757 INFO  node.SCMNodeManager (SCMNodeManager.java:register(234)) - Registered Data node : 5aec5faf-95c1-466a-80b5-885d1536bb8e{ip: 192.168.11.218, host: ozone-d4wqq-1121427898, networkLocation: /default-rack, certSerialId: null}
2019-06-13 21:37:23,763 INFO  impl.RaftServerProxy (RaftServerProxy.java:addNew(89)) - 5aec5faf-95c1-466a-80b5-885d1536bb8e: addNew group-D9901F7EC6CD:[5aec5faf-95c1-466a-80b5-885d1536bb8e:192.168.11.218:39625] returns group-D9901F7EC6CD:java.util.concurrent.CompletableFuture@601f466a[Not completed]
2019-06-13 21:37:23,764 INFO  impl.RaftServerImpl (RaftServerImpl.java:<init>(91)) - 5aec5faf-95c1-466a-80b5-885d1536bb8e: new RaftServerImpl for group-D9901F7EC6CD:[5aec5faf-95c1-466a-80b5-885d1536bb8e:192.168.11.218:39625] with ContainerStateMachine:uninitialized
2019-06-13 21:37:23,764 INFO  server.RaftServerConfigKeys (ConfUtils.java:logGet(43)) - raft.server.rpc.timeout.min = 1s (custom)
2019-06-13 21:37:23,764 INFO  server.RaftServerConfigKeys (ConfUtils.java:logGet(43)) - raft.server.rpc.timeout.max = 1200ms (custom)
2019-06-13 21:37:23,764 INFO  server.RaftServerConfigKeys (ConfUtils.java:logGet(43)) - raft.server.rpcslowness.timeout = 120s (custom)
2019-06-13 21:37:23,764 INFO  server.RaftServerConfigKeys (ConfUtils.java:logGet(43)) - raft.server.log.appender.install.snapshot.enabled = true (default)
2019-06-13 21:37:23,764 INFO  impl.RaftServerImpl (ServerState.java:<init>(101)) - 5aec5faf-95c1-466a-80b5-885d1536bb8e:group-D9901F7EC6CD ConfigurationManager, init=-1: [5aec5faf-95c1-466a-80b5-885d1536bb8e:192.168.11.218:39625], old=null, confs=<EMPTY_MAP>
2019-06-13 21:37:23,764 INFO  server.RaftServerConfigKeys (ConfUtils.java:logGet(43)) - raft.server.storage.dir = [/opt/src/hadoop-ozone/integration-test/target/test-dir/MiniOzoneClusterImpl-3a70d0bd-0a9c-43b3-a391-c6dfbab1366e/datanode-2/data/ratis] (custom)
2019-06-13 21:37:23,764 INFO  storage.RaftStorageDirectory (RaftStorageDirectory.java:analyzeStorage(246)) - The storage directory /opt/src/hadoop-ozone/integration-test/target/test-dir/MiniOzoneClusterImpl-3a70d0bd-0a9c-43b3-a391-c6dfbab1366e/datanode-2/data/ratis/b5d81080-cd63-477b-985c-d9901f7ec6cd does not exist. Creating ...
2019-06-13 21:37:23,766 INFO  storage.RaftStorageDirectory (RaftStorageDirectory.java:tryLock(328)) - Lock on /opt/src/hadoop-ozone/integration-test/target/test-dir/MiniOzoneClusterImpl-3a70d0bd-0a9c-43b3-a391-c6dfbab1366e/datanode-2/data/ratis/b5d81080-cd63-477b-985c-d9901f7ec6cd/in_use.lock acquired by nodename 14534@ozone-d4wqq-1121427898
2019-06-13 21:37:23,768 INFO  storage.RaftStorage (RaftStorage.java:format(75)) - Storage directory /opt/src/hadoop-ozone/integration-test/target/test-dir/MiniOzoneClusterImpl-3a70d0bd-0a9c-43b3-a391-c6dfbab1366e/datanode-2/data/ratis/b5d81080-cd63-477b-985c-d9901f7ec6cd has been successfully formatted.
2019-06-13 21:37:23,768 INFO  ratis.ContainerStateMachine (ContainerStateMachine.java:loadSnapshot(199)) - The snapshot info is null.Setting the last applied index to:(t:0, i:~)
2019-06-13 21:37:23,769 INFO  server.RaftServerConfigKeys (ConfUtils.java:logGet(43)) - raft.server.leader.election.timeout = 120s (custom)
2019-06-13 21:37:23,769 INFO  server.RaftServerConfigKeys (ConfUtils.java:logGet(43)) - raft.server.log.use.memory = false (default)
2019-06-13 21:37:23,769 INFO  server.RaftServerConfigKeys (ConfUtils.java:logGet(43)) - raft.server.log.appender.buffer.byte-limit = 33554432 (custom)
2019-06-13 21:37:23,769 INFO  server.RaftServerConfigKeys (ConfUtils.java:logGet(43)) - raft.server.log.segment.size.max = 16384 (custom)
2019-06-13 21:37:23,769 INFO  server.RaftServerConfigKeys (ConfUtils.java:logGet(43)) - raft.server.log.segment.cache.num.max = 2 (custom)
2019-06-13 21:37:23,769 INFO  storage.RaftLogWorker (RaftLogWorker.java:<init>(123)) - new 5aec5faf-95c1-466a-80b5-885d1536bb8e-RaftLogWorker for Storage Directory /opt/src/hadoop-ozone/integration-test/target/test-dir/MiniOzoneClusterImpl-3a70d0bd-0a9c-43b3-a391-c6dfbab1366e/datanode-2/data/ratis/b5d81080-cd63-477b-985c-d9901f7ec6cd
2019-06-13 21:37:23,769 INFO  server.RaftServerConfigKeys (ConfUtils.java:logGet(43)) - raft.server.log.queue.byte-limit = 2147483647 (custom)
2019-06-13 21:37:23,769 INFO  server.RaftServerConfigKeys (ConfUtils.java:logGet(43)) - raft.server.log.queue.element-limit = 1024 (custom)
2019-06-13 21:37:23,769 INFO  server.RaftServerConfigKeys (ConfUtils.java:logGet(43)) - raft.server.log.segment.size.max = 16384 (custom)
2019-06-13 21:37:23,769 INFO  server.RaftServerConfigKeys (ConfUtils.java:logGet(43)) - raft.server.log.preallocated.size = 16384 (custom)
2019-06-13 21:37:23,769 INFO  server.RaftServerConfigKeys (ConfUtils.java:logGet(43)) - raft.server.log.write.buffer.size = 33554432 (custom)
2019-06-13 21:37:23,769 INFO  server.RaftServerConfigKeys (ConfUtils.java:logGet(43)) - raft.server.log.force.sync.num = 128 (default)
2019-06-13 21:37:23,769 INFO  server.RaftServerConfigKeys (ConfUtils.java:logGet(43)) - raft.server.log.statemachine.data.sync = true (default)
2019-06-13 21:37:23,769 INFO  server.RaftServerConfigKeys (ConfUtils.java:logGet(43)) - raft.server.log.statemachine.data.sync.timeout = 10s (default)
2019-06-13 21:37:23,769 INFO  server.RaftServerConfigKeys (ConfUtils.java:logGet(43)) - raft.server.log.statemachine.data.sync.timeout.retry = -1 (default)
2019-06-13 21:37:23,769 INFO  server.RaftServerConfigKeys (ConfUtils.java:logGet(43)) - raft.server.log.statemachine.data.caching.enabled = true (custom)
2019-06-13 21:37:23,770 INFO  server.RaftServerConfigKeys (ConfUtils.java:logGet(43)) - raft.server.snapshot.auto.trigger.enabled = true (custom)
2019-06-13 21:37:23,770 INFO  server.RaftServerConfigKeys (ConfUtils.java:logGet(43)) - raft.server.snapshot.auto.trigger.threshold = 10000 (custom)
2019-06-13 21:37:23,770 INFO  server.RaftServerConfigKeys (ConfUtils.java:logGet(43)) - raft.server.retrycache.expirytime = 600000ms (custom)
2019-06-13 21:37:23,770 INFO  impl.RaftServerImpl (RaftServerImpl.java:start(173)) - 5aec5faf-95c1-466a-80b5-885d1536bb8e: start group-D9901F7EC6CD
2019-06-13 21:37:23,770 INFO  impl.RaftServerImpl (RaftServerImpl.java:setRole(164)) - 5aec5faf-95c1-466a-80b5-885d1536bb8e:group-D9901F7EC6CD changes role from null to FOLLOWER at term 0 for startAsFollower
2019-06-13 21:37:23,770 INFO  impl.RoleInfo (RoleInfo.java:updateAndGet(143)) - 5aec5faf-95c1-466a-80b5-885d1536bb8e: start FollowerState
2019-06-13 21:37:23,770 INFO  util.JmxRegister (JmxRegister.java:tryRegister(44)) - Successfully registered JMX Bean with object name Ratis:service=RaftServer,group=group-D9901F7EC6CD,id=5aec5faf-95c1-466a-80b5-885d1536bb8e
2019-06-13 21:37:23,771 INFO  pipeline.PipelineStateManager (PipelineStateManager.java:addPipeline(56)) - Created pipeline Pipeline[ Id: b5d81080-cd63-477b-985c-d9901f7ec6cd, Nodes: 5aec5faf-95c1-466a-80b5-885d1536bb8e{ip: 192.168.11.218, host: ozone-d4wqq-1121427898, networkLocation: /default-rack, certSerialId: null}, Type:RATIS, Factor:ONE, State:OPEN]
2019-06-13 21:37:23,786 INFO  impl.RaftServerProxy (RaftServerProxy.java:addNew(89)) - 5aec5faf-95c1-466a-80b5-885d1536bb8e: addNew group-9BF77B4E22C9:[f1f314c7-e01f-4880-8551-26c7c175045e:192.168.11.218:42885, 5aec5faf-95c1-466a-80b5-885d1536bb8e:192.168.11.218:39625, 5801dc37-c077-4608-8f08-86354f2b1b05:192.168.11.218:35099] returns group-9BF77B4E22C9:java.util.concurrent.CompletableFuture@2bcf3f72[Not completed]
2019-06-13 21:37:23,786 INFO  impl.RaftServerProxy (RaftServerProxy.java:addNew(89)) - f1f314c7-e01f-4880-8551-26c7c175045e: addNew group-9BF77B4E22C9:[f1f314c7-e01f-4880-8551-26c7c175045e:192.168.11.218:42885, 5aec5faf-95c1-466a-80b5-885d1536bb8e:192.168.11.218:39625, 5801dc37-c077-4608-8f08-86354f2b1b05:192.168.11.218:35099] returns group-9BF77B4E22C9:java.util.concurrent.CompletableFuture@2a2e326[Not completed]
2019-06-13 21:37:23,786 INFO  impl.RaftServerProxy (RaftServerProxy.java:addNew(89)) - 5801dc37-c077-4608-8f08-86354f2b1b05: addNew group-9BF77B4E22C9:[f1f314c7-e01f-4880-8551-26c7c175045e:192.168.11.218:42885, 5aec5faf-95c1-466a-80b5-885d1536bb8e:192.168.11.218:39625, 5801dc37-c077-4608-8f08-86354f2b1b05:192.168.11.218:35099] returns group-9BF77B4E22C9:java.util.concurrent.CompletableFuture@3177dc8c[Not completed]
2019-06-13 21:37:23,786 INFO  impl.RaftServerImpl (RaftServerImpl.java:<init>(91)) - f1f314c7-e01f-4880-8551-26c7c175045e: new RaftServerImpl for group-9BF77B4E22C9:[f1f314c7-e01f-4880-8551-26c7c175045e:192.168.11.218:42885, 5aec5faf-95c1-466a-80b5-885d1536bb8e:192.168.11.218:39625, 5801dc37-c077-4608-8f08-86354f2b1b05:192.168.11.218:35099] with ContainerStateMachine:uninitialized
2019-06-13 21:37:23,786 INFO  server.RaftServerConfigKeys (ConfUtils.java:logGet(43)) - raft.server.rpc.timeout.min = 1s (custom)
2019-06-13 21:37:23,786 INFO  server.RaftServerConfigKeys (ConfUtils.java:logGet(43)) - raft.server.rpc.timeout.max = 1200ms (custom)
2019-06-13 21:37:23,786 INFO  impl.RaftServerImpl (RaftServerImpl.java:<init>(91)) - 5aec5faf-95c1-466a-80b5-885d1536bb8e: new RaftServerImpl for group-9BF77B4E22C9:[f1f314c7-e01f-4880-8551-26c7c175045e:192.168.11.218:42885, 5aec5faf-95c1-466a-80b5-885d1536bb8e:192.168.11.218:39625, 5801dc37-c077-4608-8f08-86354f2b1b05:192.168.11.218:35099] with ContainerStateMachine:uninitialized
2019-06-13 21:37:23,786 INFO  server.RaftServerConfigKeys (ConfUtils.java:logGet(43)) - raft.server.rpcslowness.timeout = 120s (custom)
2019-06-13 21:37:23,786 INFO  server.RaftServerConfigKeys (ConfUtils.java:logGet(43)) - raft.server.rpc.timeout.min = 1s (custom)
2019-06-13 21:37:23,786 INFO  server.RaftServerConfigKeys (ConfUtils.java:logGet(43)) - raft.server.log.appender.install.snapshot.enabled = true (default)
2019-06-13 21:37:23,786 INFO  impl.RaftServerImpl (RaftServerImpl.java:<init>(91)) - 5801dc37-c077-4608-8f08-86354f2b1b05: new RaftServerImpl for group-9BF77B4E22C9:[f1f314c7-e01f-4880-8551-26c7c175045e:192.168.11.218:42885, 5aec5faf-95c1-466a-80b5-885d1536bb8e:192.168.11.218:39625, 5801dc37-c077-4608-8f08-86354f2b1b05:192.168.11.218:35099] with ContainerStateMachine:uninitialized
2019-06-13 21:37:23,787 INFO  impl.RaftServerImpl (ServerState.java:<init>(101)) - f1f314c7-e01f-4880-8551-26c7c175045e:group-9BF77B4E22C9 ConfigurationManager, init=-1: [f1f314c7-e01f-4880-8551-26c7c175045e:192.168.11.218:42885, 5aec5faf-95c1-466a-80b5-885d1536bb8e:192.168.11.218:39625, 5801dc37-c077-4608-8f08-86354f2b1b05:192.168.11.218:35099], old=null, confs=<EMPTY_MAP>
2019-06-13 21:37:23,787 INFO  server.RaftServerConfigKeys (ConfUtils.java:logGet(43)) - raft.server.rpc.timeout.max = 1200ms (custom)
2019-06-13 21:37:23,787 INFO  server.RaftServerConfigKeys (ConfUtils.java:logGet(43)) - raft.server.storage.dir = [/opt/src/hadoop-ozone/integration-test/target/test-dir/MiniOzoneClusterImpl-3a70d0bd-0a9c-43b3-a391-c6dfbab1366e/datanode-1/data/ratis] (custom)
2019-06-13 21:37:23,787 INFO  server.RaftServerConfigKeys (ConfUtils.java:logGet(43)) - raft.server.rpc.timeout.min = 1s (custom)
2019-06-13 21:37:23,787 INFO  server.RaftServerConfigKeys (ConfUtils.java:logGet(43)) - raft.server.rpcslowness.timeout = 120s (custom)
2019-06-13 21:37:23,787 INFO  server.RaftServerConfigKeys (ConfUtils.java:logGet(43)) - raft.server.rpc.timeout.max = 1200ms (custom)
2019-06-13 21:37:23,787 INFO  storage.RaftStorageDirectory (RaftStorageDirectory.java:analyzeStorage(246)) - The storage directory /opt/src/hadoop-ozone/integration-test/target/test-dir/MiniOzoneClusterImpl-3a70d0bd-0a9c-43b3-a391-c6dfbab1366e/datanode-1/data/ratis/70542c91-2426-4632-9328-9bf77b4e22c9 does not exist. Creating ...
2019-06-13 21:37:23,787 INFO  server.RaftServerConfigKeys (ConfUtils.java:logGet(43)) - raft.server.log.appender.install.snapshot.enabled = true (default)
2019-06-13 21:37:23,787 INFO  server.RaftServerConfigKeys (ConfUtils.java:logGet(43)) - raft.server.rpcslowness.timeout = 120s (custom)
2019-06-13 21:37:23,787 INFO  impl.RaftServerImpl (ServerState.java:<init>(101)) - 5aec5faf-95c1-466a-80b5-885d1536bb8e:group-9BF77B4E22C9 ConfigurationManager, init=-1: [f1f314c7-e01f-4880-8551-26c7c175045e:192.168.11.218:42885, 5aec5faf-95c1-466a-80b5-885d1536bb8e:192.168.11.218:39625, 5801dc37-c077-4608-8f08-86354f2b1b05:192.168.11.218:35099], old=null, confs=<EMPTY_MAP>
2019-06-13 21:37:23,787 INFO  server.RaftServerConfigKeys (ConfUtils.java:logGet(43)) - raft.server.log.appender.install.snapshot.enabled = true (default)
2019-06-13 21:37:23,787 INFO  server.RaftServerConfigKeys (ConfUtils.java:logGet(43)) - raft.server.storage.dir = [/opt/src/hadoop-ozone/integration-test/target/test-dir/MiniOzoneClusterImpl-3a70d0bd-0a9c-43b3-a391-c6dfbab1366e/datanode-2/data/ratis] (custom)
2019-06-13 21:37:23,787 INFO  impl.RaftServerImpl (ServerState.java:<init>(101)) - 5801dc37-c077-4608-8f08-86354f2b1b05:group-9BF77B4E22C9 ConfigurationManager, init=-1: [f1f314c7-e01f-4880-8551-26c7c175045e:192.168.11.218:42885, 5aec5faf-95c1-466a-80b5-885d1536bb8e:192.168.11.218:39625, 5801dc37-c077-4608-8f08-86354f2b1b05:192.168.11.218:35099], old=null, confs=<EMPTY_MAP>
2019-06-13 21:37:23,787 INFO  server.RaftServerConfigKeys (ConfUtils.java:logGet(43)) - raft.server.storage.dir = [/opt/src/hadoop-ozone/integration-test/target/test-dir/MiniOzoneClusterImpl-3a70d0bd-0a9c-43b3-a391-c6dfbab1366e/datanode-0/data/ratis] (custom)
2019-06-13 21:37:23,787 INFO  storage.RaftStorageDirectory (RaftStorageDirectory.java:analyzeStorage(246)) - The storage directory /opt/src/hadoop-ozone/integration-test/target/test-dir/MiniOzoneClusterImpl-3a70d0bd-0a9c-43b3-a391-c6dfbab1366e/datanode-2/data/ratis/70542c91-2426-4632-9328-9bf77b4e22c9 does not exist. Creating ...
2019-06-13 21:37:23,788 INFO  storage.RaftStorageDirectory (RaftStorageDirectory.java:analyzeStorage(246)) - The storage directory /opt/src/hadoop-ozone/integration-test/target/test-dir/MiniOzoneClusterImpl-3a70d0bd-0a9c-43b3-a391-c6dfbab1366e/datanode-0/data/ratis/70542c91-2426-4632-9328-9bf77b4e22c9 does not exist. Creating ...
2019-06-13 21:37:23,789 INFO  storage.RaftStorageDirectory (RaftStorageDirectory.java:tryLock(328)) - Lock on /opt/src/hadoop-ozone/integration-test/target/test-dir/MiniOzoneClusterImpl-3a70d0bd-0a9c-43b3-a391-c6dfbab1366e/datanode-1/data/ratis/70542c91-2426-4632-9328-9bf77b4e22c9/in_use.lock acquired by nodename 14534@ozone-d4wqq-1121427898
2019-06-13 21:37:23,791 INFO  storage.RaftStorageDirectory (RaftStorageDirectory.java:tryLock(328)) - Lock on /opt/src/hadoop-ozone/integration-test/target/test-dir/MiniOzoneClusterImpl-3a70d0bd-0a9c-43b3-a391-c6dfbab1366e/datanode-0/data/ratis/70542c91-2426-4632-9328-9bf77b4e22c9/in_use.lock acquired by nodename 14534@ozone-d4wqq-1121427898
2019-06-13 21:37:23,791 INFO  storage.RaftStorageDirectory (RaftStorageDirectory.java:tryLock(328)) - Lock on /opt/src/hadoop-ozone/integration-test/target/test-dir/MiniOzoneClusterImpl-3a70d0bd-0a9c-43b3-a391-c6dfbab1366e/datanode-2/data/ratis/70542c91-2426-4632-9328-9bf77b4e22c9/in_use.lock acquired by nodename 14534@ozone-d4wqq-1121427898
2019-06-13 21:37:23,792 INFO  storage.RaftStorage (RaftStorage.java:format(75)) - Storage directory /opt/src/hadoop-ozone/integration-test/target/test-dir/MiniOzoneClusterImpl-3a70d0bd-0a9c-43b3-a391-c6dfbab1366e/datanode-1/data/ratis/70542c91-2426-4632-9328-9bf77b4e22c9 has been successfully formatted.
2019-06-13 21:37:23,793 INFO  ratis.ContainerStateMachine (ContainerStateMachine.java:loadSnapshot(199)) - The snapshot info is null.Setting the last applied index to:(t:0, i:~)
2019-06-13 21:37:23,793 INFO  server.RaftServerConfigKeys (ConfUtils.java:logGet(43)) - raft.server.leader.election.timeout = 120s (custom)
2019-06-13 21:37:23,793 INFO  server.RaftServerConfigKeys (ConfUtils.java:logGet(43)) - raft.server.log.use.memory = false (default)
2019-06-13 21:37:23,793 INFO  server.RaftServerConfigKeys (ConfUtils.java:logGet(43)) - raft.server.log.appender.buffer.byte-limit = 33554432 (custom)
2019-06-13 21:37:23,793 INFO  server.RaftServerConfigKeys (ConfUtils.java:logGet(43)) - raft.server.log.segment.size.max = 16384 (custom)
2019-06-13 21:37:23,793 INFO  server.RaftServerConfigKeys (ConfUtils.java:logGet(43)) - raft.server.log.segment.cache.num.max = 2 (custom)
2019-06-13 21:37:23,793 INFO  storage.RaftStorage (RaftStorage.java:format(75)) - Storage directory /opt/src/hadoop-ozone/integration-test/target/test-dir/MiniOzoneClusterImpl-3a70d0bd-0a9c-43b3-a391-c6dfbab1366e/datanode-0/data/ratis/70542c91-2426-4632-9328-9bf77b4e22c9 has been successfully formatted.
2019-06-13 21:37:23,793 INFO  storage.RaftStorage (RaftStorage.java:format(75)) - Storage directory /opt/src/hadoop-ozone/integration-test/target/test-dir/MiniOzoneClusterImpl-3a70d0bd-0a9c-43b3-a391-c6dfbab1366e/datanode-2/data/ratis/70542c91-2426-4632-9328-9bf77b4e22c9 has been successfully formatted.
2019-06-13 21:37:23,794 INFO  ratis.ContainerStateMachine (ContainerStateMachine.java:loadSnapshot(199)) - The snapshot info is null.Setting the last applied index to:(t:0, i:~)
2019-06-13 21:37:23,793 INFO  storage.RaftLogWorker (RaftLogWorker.java:<init>(123)) - new f1f314c7-e01f-4880-8551-26c7c175045e-RaftLogWorker for Storage Directory /opt/src/hadoop-ozone/integration-test/target/test-dir/MiniOzoneClusterImpl-3a70d0bd-0a9c-43b3-a391-c6dfbab1366e/datanode-1/data/ratis/70542c91-2426-4632-9328-9bf77b4e22c9
2019-06-13 21:37:23,794 INFO  server.RaftServerConfigKeys (ConfUtils.java:logGet(43)) - raft.server.leader.election.timeout = 120s (custom)
2019-06-13 21:37:23,794 INFO  ratis.ContainerStateMachine (ContainerStateMachine.java:loadSnapshot(199)) - The snapshot info is null.Setting the last applied index to:(t:0, i:~)
2019-06-13 21:37:23,794 INFO  server.RaftServerConfigKeys (ConfUtils.java:logGet(43)) - raft.server.log.use.memory = false (default)
2019-06-13 21:37:23,794 INFO  server.RaftServerConfigKeys (ConfUtils.java:logGet(43)) - raft.server.log.queue.byte-limit = 2147483647 (custom)
2019-06-13 21:37:23,794 INFO  server.RaftServerConfigKeys (ConfUtils.java:logGet(43)) - raft.server.log.appender.buffer.byte-limit = 33554432 (custom)
2019-06-13 21:37:23,794 INFO  server.RaftServerConfigKeys (ConfUtils.java:logGet(43)) - raft.server.leader.election.timeout = 120s (custom)
2019-06-13 21:37:23,794 INFO  server.RaftServerConfigKeys (ConfUtils.java:logGet(43)) - raft.server.log.segment.size.max = 16384 (custom)
2019-06-13 21:37:23,794 INFO  server.RaftServerConfigKeys (ConfUtils.java:logGet(43)) - raft.server.log.queue.element-limit = 1024 (custom)
2019-06-13 21:37:23,794 INFO  server.RaftServerConfigKeys (ConfUtils.java:logGet(43)) - raft.server.log.segment.cache.num.max = 2 (custom)
2019-06-13 21:37:23,794 INFO  server.RaftServerConfigKeys (ConfUtils.java:logGet(43)) - raft.server.log.use.memory = false (default)
2019-06-13 21:37:23,794 INFO  storage.RaftLogWorker (RaftLogWorker.java:<init>(123)) - new 5801dc37-c077-4608-8f08-86354f2b1b05-RaftLogWorker for Storage Directory /opt/src/hadoop-ozone/integration-test/target/test-dir/MiniOzoneClusterImpl-3a70d0bd-0a9c-43b3-a391-c6dfbab1366e/datanode-0/data/ratis/70542c91-2426-4632-9328-9bf77b4e22c9
2019-06-13 21:37:23,794 INFO  server.RaftServerConfigKeys (ConfUtils.java:logGet(43)) - raft.server.log.segment.size.max = 16384 (custom)
2019-06-13 21:37:23,794 INFO  server.RaftServerConfigKeys (ConfUtils.java:logGet(43)) - raft.server.log.queue.byte-limit = 2147483647 (custom)
2019-06-13 21:37:23,794 INFO  server.RaftServerConfigKeys (ConfUtils.java:logGet(43)) - raft.server.log.appender.buffer.byte-limit = 33554432 (custom)
2019-06-13 21:37:23,795 INFO  server.RaftServerConfigKeys (ConfUtils.java:logGet(43)) - raft.server.log.queue.element-limit = 1024 (custom)
2019-06-13 21:37:23,795 INFO  server.RaftServerConfigKeys (ConfUtils.java:logGet(43)) - raft.server.log.preallocated.size = 16384 (custom)
2019-06-13 21:37:23,795 INFO  server.RaftServerConfigKeys (ConfUtils.java:logGet(43)) - raft.server.log.segment.size.max = 16384 (custom)
2019-06-13 21:37:23,795 INFO  server.RaftServerConfigKeys (ConfUtils.java:logGet(43)) - raft.server.log.segment.size.max = 16384 (custom)
2019-06-13 21:37:23,795 INFO  server.RaftServerConfigKeys (ConfUtils.java:logGet(43)) - raft.server.log.preallocated.size = 16384 (custom)
2019-06-13 21:37:23,795 INFO  server.RaftServerConfigKeys (ConfUtils.java:logGet(43)) - raft.server.log.write.buffer.size = 33554432 (custom)
2019-06-13 21:37:23,795 INFO  server.RaftServerConfigKeys (ConfUtils.java:logGet(43)) - raft.server.log.write.buffer.size = 33554432 (custom)
2019-06-13 21:37:23,795 INFO  server.RaftServerConfigKeys (ConfUtils.java:logGet(43)) - raft.server.log.segment.cache.num.max = 2 (custom)
2019-06-13 21:37:23,795 INFO  server.RaftServerConfigKeys (ConfUtils.java:logGet(43)) - raft.server.log.force.sync.num = 128 (default)
2019-06-13 21:37:23,795 INFO  server.RaftServerConfigKeys (ConfUtils.java:logGet(43)) - raft.server.log.force.sync.num = 128 (default)
2019-06-13 21:37:23,795 INFO  server.RaftServerConfigKeys (ConfUtils.java:logGet(43)) - raft.server.log.statemachine.data.sync = true (default)
2019-06-13 21:37:23,795 INFO  storage.RaftLogWorker (RaftLogWorker.java:<init>(123)) - new 5aec5faf-95c1-466a-80b5-885d1536bb8e-RaftLogWorker for Storage Directory /opt/src/hadoop-ozone/integration-test/target/test-dir/MiniOzoneClusterImpl-3a70d0bd-0a9c-43b3-a391-c6dfbab1366e/datanode-2/data/ratis/70542c91-2426-4632-9328-9bf77b4e22c9
2019-06-13 21:37:23,795 INFO  server.RaftServerConfigKeys (ConfUtils.java:logGet(43)) - raft.server.log.statemachine.data.sync.timeout = 10s (default)
2019-06-13 21:37:23,795 INFO  server.RaftServerConfigKeys (ConfUtils.java:logGet(43)) - raft.server.log.statemachine.data.sync = true (default)
2019-06-13 21:37:23,795 INFO  server.RaftServerConfigKeys (ConfUtils.java:logGet(43)) - raft.server.log.statemachine.data.sync.timeout.retry = -1 (default)
2019-06-13 21:37:23,795 INFO  server.RaftServerConfigKeys (ConfUtils.java:logGet(43)) - raft.server.log.queue.byte-limit = 2147483647 (custom)
2019-06-13 21:37:23,796 INFO  server.RaftServerConfigKeys (ConfUtils.java:logGet(43)) - raft.server.log.statemachine.data.caching.enabled = true (custom)
2019-06-13 21:37:23,796 INFO  server.RaftServerConfigKeys (ConfUtils.java:logGet(43)) - raft.server.log.statemachine.data.sync.timeout = 10s (default)
2019-06-13 21:37:23,796 INFO  server.RaftServerConfigKeys (ConfUtils.java:logGet(43)) - raft.server.log.queue.element-limit = 1024 (custom)
2019-06-13 21:37:23,796 INFO  server.RaftServerConfigKeys (ConfUtils.java:logGet(43)) - raft.server.log.statemachine.data.sync.timeout.retry = -1 (default)
2019-06-13 21:37:23,796 INFO  server.RaftServerConfigKeys (ConfUtils.java:logGet(43)) - raft.server.snapshot.auto.trigger.enabled = true (custom)
2019-06-13 21:37:23,796 INFO  server.RaftServerConfigKeys (ConfUtils.java:logGet(43)) - raft.server.log.segment.size.max = 16384 (custom)
2019-06-13 21:37:23,796 INFO  server.RaftServerConfigKeys (ConfUtils.java:logGet(43)) - raft.server.snapshot.auto.trigger.threshold = 10000 (custom)
2019-06-13 21:37:23,796 INFO  server.RaftServerConfigKeys (ConfUtils.java:logGet(43)) - raft.server.log.statemachine.data.caching.enabled = true (custom)
2019-06-13 21:37:23,796 INFO  server.RaftServerConfigKeys (ConfUtils.java:logGet(43)) - raft.server.retrycache.expirytime = 600000ms (custom)
2019-06-13 21:37:23,796 INFO  server.RaftServerConfigKeys (ConfUtils.java:logGet(43)) - raft.server.log.preallocated.size = 16384 (custom)
2019-06-13 21:37:23,796 INFO  impl.RaftServerImpl (RaftServerImpl.java:start(173)) - 5801dc37-c077-4608-8f08-86354f2b1b05: start group-9BF77B4E22C9
2019-06-13 21:37:23,796 INFO  server.RaftServerConfigKeys (ConfUtils.java:logGet(43)) - raft.server.snapshot.auto.trigger.enabled = true (custom)
2019-06-13 21:37:23,796 INFO  server.RaftServerConfigKeys (ConfUtils.java:logGet(43)) - raft.server.log.write.buffer.size = 33554432 (custom)
2019-06-13 21:37:23,797 INFO  server.RaftServerConfigKeys (ConfUtils.java:logGet(43)) - raft.server.snapshot.auto.trigger.threshold = 10000 (custom)
2019-06-13 21:37:23,797 INFO  impl.RaftServerImpl (RaftServerImpl.java:setRole(164)) - 5801dc37-c077-4608-8f08-86354f2b1b05:group-9BF77B4E22C9 changes role from null to FOLLOWER at term 0 for startAsFollower
2019-06-13 21:37:23,797 INFO  server.RaftServerConfigKeys (ConfUtils.java:logGet(43)) - raft.server.retrycache.expirytime = 600000ms (custom)
2019-06-13 21:37:23,797 INFO  server.RaftServerConfigKeys (ConfUtils.java:logGet(43)) - raft.server.log.force.sync.num = 128 (default)
2019-06-13 21:37:23,797 INFO  impl.RaftServerImpl (RaftServerImpl.java:start(173)) - f1f314c7-e01f-4880-8551-26c7c175045e: start group-9BF77B4E22C9
2019-06-13 21:37:23,797 INFO  impl.RoleInfo (RoleInfo.java:updateAndGet(143)) - 5801dc37-c077-4608-8f08-86354f2b1b05: start FollowerState
2019-06-13 21:37:23,797 INFO  impl.RaftServerImpl (RaftServerImpl.java:setRole(164)) - f1f314c7-e01f-4880-8551-26c7c175045e:group-9BF77B4E22C9 changes role from null to FOLLOWER at term 0 for startAsFollower
2019-06-13 21:37:23,797 INFO  impl.RoleInfo (RoleInfo.java:updateAndGet(143)) - f1f314c7-e01f-4880-8551-26c7c175045e: start FollowerState
2019-06-13 21:37:23,797 INFO  util.JmxRegister (JmxRegister.java:tryRegister(44)) - Successfully registered JMX Bean with object name Ratis:service=RaftServer,group=group-9BF77B4E22C9,id=5801dc37-c077-4608-8f08-86354f2b1b05
2019-06-13 21:37:23,797 INFO  server.RaftServerConfigKeys (ConfUtils.java:logGet(43)) - raft.server.log.statemachine.data.sync = true (default)
2019-06-13 21:37:23,797 INFO  util.JmxRegister (JmxRegister.java:tryRegister(44)) - Successfully registered JMX Bean with object name Ratis:service=RaftServer,group=group-9BF77B4E22C9,id=f1f314c7-e01f-4880-8551-26c7c175045e
2019-06-13 21:37:23,797 INFO  server.RaftServerConfigKeys (ConfUtils.java:logGet(43)) - raft.server.log.statemachine.data.sync.timeout = 10s (default)
2019-06-13 21:37:23,798 INFO  server.RaftServerConfigKeys (ConfUtils.java:logGet(43)) - raft.server.log.statemachine.data.sync.timeout.retry = -1 (default)
2019-06-13 21:37:23,798 INFO  server.RaftServerConfigKeys (ConfUtils.java:logGet(43)) - raft.server.log.statemachine.data.caching.enabled = true (custom)
2019-06-13 21:37:23,798 INFO  server.RaftServerConfigKeys (ConfUtils.java:logGet(43)) - raft.server.snapshot.auto.trigger.enabled = true (custom)
2019-06-13 21:37:23,798 INFO  server.RaftServerConfigKeys (ConfUtils.java:logGet(43)) - raft.server.snapshot.auto.trigger.threshold = 10000 (custom)
2019-06-13 21:37:23,798 INFO  server.RaftServerConfigKeys (ConfUtils.java:logGet(43)) - raft.server.retrycache.expirytime = 600000ms (custom)
2019-06-13 21:37:23,798 INFO  impl.RaftServerImpl (RaftServerImpl.java:start(173)) - 5aec5faf-95c1-466a-80b5-885d1536bb8e: start group-9BF77B4E22C9
2019-06-13 21:37:23,798 INFO  impl.RaftServerImpl (RaftServerImpl.java:setRole(164)) - 5aec5faf-95c1-466a-80b5-885d1536bb8e:group-9BF77B4E22C9 changes role from null to FOLLOWER at term 0 for startAsFollower
2019-06-13 21:37:23,798 INFO  impl.RoleInfo (RoleInfo.java:updateAndGet(143)) - 5aec5faf-95c1-466a-80b5-885d1536bb8e: start FollowerState
2019-06-13 21:37:23,799 INFO  util.JmxRegister (JmxRegister.java:tryRegister(44)) - Successfully registered JMX Bean with object name Ratis:service=RaftServer,group=group-9BF77B4E22C9,id=5aec5faf-95c1-466a-80b5-885d1536bb8e
2019-06-13 21:37:23,800 INFO  pipeline.PipelineStateManager (PipelineStateManager.java:addPipeline(56)) - Created pipeline Pipeline[ Id: 70542c91-2426-4632-9328-9bf77b4e22c9, Nodes: f1f314c7-e01f-4880-8551-26c7c175045e{ip: 192.168.11.218, host: ozone-d4wqq-1121427898, networkLocation: /default-rack, certSerialId: null}5aec5faf-95c1-466a-80b5-885d1536bb8e{ip: 192.168.11.218, host: ozone-d4wqq-1121427898, networkLocation: /default-rack, certSerialId: null}5801dc37-c077-4608-8f08-86354f2b1b05{ip: 192.168.11.218, host: ozone-d4wqq-1121427898, networkLocation: /default-rack, certSerialId: null}, Type:RATIS, Factor:THREE, State:OPEN]
2019-06-13 21:37:23,939 INFO  node.SCMNodeManager (SCMNodeManager.java:register(234)) - Registered Data node : 36315fdd-1398-4801-a40e-9ce939377f0f{ip: 192.168.11.218, host: ozone-d4wqq-1121427898, networkLocation: /default-rack, certSerialId: null}
2019-06-13 21:37:23,945 INFO  impl.RaftServerProxy (RaftServerProxy.java:addNew(89)) - 36315fdd-1398-4801-a40e-9ce939377f0f: addNew group-1B5D7870015F:[36315fdd-1398-4801-a40e-9ce939377f0f:192.168.11.218:35877] returns group-1B5D7870015F:java.util.concurrent.CompletableFuture@256f4c3d[Not completed]
2019-06-13 21:37:23,945 INFO  impl.RaftServerImpl (RaftServerImpl.java:<init>(91)) - 36315fdd-1398-4801-a40e-9ce939377f0f: new RaftServerImpl for group-1B5D7870015F:[36315fdd-1398-4801-a40e-9ce939377f0f:192.168.11.218:35877] with ContainerStateMachine:uninitialized
2019-06-13 21:37:23,945 INFO  server.RaftServerConfigKeys (ConfUtils.java:logGet(43)) - raft.server.rpc.timeout.min = 1s (custom)
2019-06-13 21:37:23,945 INFO  server.RaftServerConfigKeys (ConfUtils.java:logGet(43)) - raft.server.rpc.timeout.max = 1200ms (custom)
2019-06-13 21:37:23,945 INFO  server.RaftServerConfigKeys (ConfUtils.java:logGet(43)) - raft.server.rpcslowness.timeout = 120s (custom)
2019-06-13 21:37:23,945 INFO  server.RaftServerConfigKeys (ConfUtils.java:logGet(43)) - raft.server.log.appender.install.snapshot.enabled = true (default)
2019-06-13 21:37:23,946 INFO  impl.RaftServerImpl (ServerState.java:<init>(101)) - 36315fdd-1398-4801-a40e-9ce939377f0f:group-1B5D7870015F ConfigurationManager, init=-1: [36315fdd-1398-4801-a40e-9ce939377f0f:192.168.11.218:35877], old=null, confs=<EMPTY_MAP>
2019-06-13 21:37:23,946 INFO  server.RaftServerConfigKeys (ConfUtils.java:logGet(43)) - raft.server.storage.dir = [/opt/src/hadoop-ozone/integration-test/target/test-dir/MiniOzoneClusterImpl-3a70d0bd-0a9c-43b3-a391-c6dfbab1366e/datanode-3/data/ratis] (custom)
2019-06-13 21:37:23,946 INFO  storage.RaftStorageDirectory (RaftStorageDirectory.java:analyzeStorage(246)) - The storage directory /opt/src/hadoop-ozone/integration-test/target/test-dir/MiniOzoneClusterImpl-3a70d0bd-0a9c-43b3-a391-c6dfbab1366e/datanode-3/data/ratis/22fb514d-039c-43f7-b22d-1b5d7870015f does not exist. Creating ...
2019-06-13 21:37:23,948 INFO  storage.RaftStorageDirectory (RaftStorageDirectory.java:tryLock(328)) - Lock on /opt/src/hadoop-ozone/integration-test/target/test-dir/MiniOzoneClusterImpl-3a70d0bd-0a9c-43b3-a391-c6dfbab1366e/datanode-3/data/ratis/22fb514d-039c-43f7-b22d-1b5d7870015f/in_use.lock acquired by nodename 14534@ozone-d4wqq-1121427898
2019-06-13 21:37:23,950 INFO  storage.RaftStorage (RaftStorage.java:format(75)) - Storage directory /opt/src/hadoop-ozone/integration-test/target/test-dir/MiniOzoneClusterImpl-3a70d0bd-0a9c-43b3-a391-c6dfbab1366e/datanode-3/data/ratis/22fb514d-039c-43f7-b22d-1b5d7870015f has been successfully formatted.
2019-06-13 21:37:23,950 INFO  ratis.ContainerStateMachine (ContainerStateMachine.java:loadSnapshot(199)) - The snapshot info is null.Setting the last applied index to:(t:0, i:~)
2019-06-13 21:37:23,950 INFO  server.RaftServerConfigKeys (ConfUtils.java:logGet(43)) - raft.server.leader.election.timeout = 120s (custom)
2019-06-13 21:37:23,950 INFO  server.RaftServerConfigKeys (ConfUtils.java:logGet(43)) - raft.server.log.use.memory = false (default)
2019-06-13 21:37:23,950 INFO  server.RaftServerConfigKeys (ConfUtils.java:logGet(43)) - raft.server.log.appender.buffer.byte-limit = 33554432 (custom)
2019-06-13 21:37:23,950 INFO  server.RaftServerConfigKeys (ConfUtils.java:logGet(43)) - raft.server.log.segment.size.max = 16384 (custom)
2019-06-13 21:37:23,950 INFO  server.RaftServerConfigKeys (ConfUtils.java:logGet(43)) - raft.server.log.segment.cache.num.max = 2 (custom)
2019-06-13 21:37:23,950 INFO  storage.RaftLogWorker (RaftLogWorker.java:<init>(123)) - new 36315fdd-1398-4801-a40e-9ce939377f0f-RaftLogWorker for Storage Directory /opt/src/hadoop-ozone/integration-test/target/test-dir/MiniOzoneClusterImpl-3a70d0bd-0a9c-43b3-a391-c6dfbab1366e/datanode-3/data/ratis/22fb514d-039c-43f7-b22d-1b5d7870015f
2019-06-13 21:37:23,951 INFO  server.RaftServerConfigKeys (ConfUtils.java:logGet(43)) - raft.server.log.queue.byte-limit = 2147483647 (custom)
2019-06-13 21:37:23,951 INFO  server.RaftServerConfigKeys (ConfUtils.java:logGet(43)) - raft.server.log.queue.element-limit = 1024 (custom)
2019-06-13 21:37:23,951 INFO  server.RaftServerConfigKeys (ConfUtils.java:logGet(43)) - raft.server.log.segment.size.max = 16384 (custom)
2019-06-13 21:37:23,951 INFO  server.RaftServerConfigKeys (ConfUtils.java:logGet(43)) - raft.server.log.preallocated.size = 16384 (custom)
2019-06-13 21:37:23,951 INFO  server.RaftServerConfigKeys (ConfUtils.java:logGet(43)) - raft.server.log.write.buffer.size = 33554432 (custom)
2019-06-13 21:37:23,951 INFO  server.RaftServerConfigKeys (ConfUtils.java:logGet(43)) - raft.server.log.force.sync.num = 128 (default)
2019-06-13 21:37:23,951 INFO  server.RaftServerConfigKeys (ConfUtils.java:logGet(43)) - raft.server.log.statemachine.data.sync = true (default)
2019-06-13 21:37:23,951 INFO  server.RaftServerConfigKeys (ConfUtils.java:logGet(43)) - raft.server.log.statemachine.data.sync.timeout = 10s (default)
2019-06-13 21:37:23,951 INFO  server.RaftServerConfigKeys (ConfUtils.java:logGet(43)) - raft.server.log.statemachine.data.sync.timeout.retry = -1 (default)
2019-06-13 21:37:23,951 INFO  server.RaftServerConfigKeys (ConfUtils.java:logGet(43)) - raft.server.log.statemachine.data.caching.enabled = true (custom)
2019-06-13 21:37:23,951 INFO  server.RaftServerConfigKeys (ConfUtils.java:logGet(43)) - raft.server.snapshot.auto.trigger.enabled = true (custom)
2019-06-13 21:37:23,951 INFO  server.RaftServerConfigKeys (ConfUtils.java:logGet(43)) - raft.server.snapshot.auto.trigger.threshold = 10000 (custom)
2019-06-13 21:37:23,951 INFO  server.RaftServerConfigKeys (ConfUtils.java:logGet(43)) - raft.server.retrycache.expirytime = 600000ms (custom)
2019-06-13 21:37:23,952 INFO  impl.RaftServerImpl (RaftServerImpl.java:start(173)) - 36315fdd-1398-4801-a40e-9ce939377f0f: start group-1B5D7870015F
2019-06-13 21:37:23,952 INFO  impl.RaftServerImpl (RaftServerImpl.java:setRole(164)) - 36315fdd-1398-4801-a40e-9ce939377f0f:group-1B5D7870015F changes role from null to FOLLOWER at term 0 for startAsFollower
2019-06-13 21:37:23,952 INFO  impl.RoleInfo (RoleInfo.java:updateAndGet(143)) - 36315fdd-1398-4801-a40e-9ce939377f0f: start FollowerState
2019-06-13 21:37:23,952 INFO  util.JmxRegister (JmxRegister.java:tryRegister(44)) - Successfully registered JMX Bean with object name Ratis:service=RaftServer,group=group-1B5D7870015F,id=36315fdd-1398-4801-a40e-9ce939377f0f
2019-06-13 21:37:23,954 INFO  pipeline.PipelineStateManager (PipelineStateManager.java:addPipeline(56)) - Created pipeline Pipeline[ Id: 22fb514d-039c-43f7-b22d-1b5d7870015f, Nodes: 36315fdd-1398-4801-a40e-9ce939377f0f{ip: 192.168.11.218, host: ozone-d4wqq-1121427898, networkLocation: /default-rack, certSerialId: null}, Type:RATIS, Factor:ONE, State:OPEN]
2019-06-13 21:37:24,091 INFO  node.SCMNodeManager (SCMNodeManager.java:register(234)) - Registered Data node : aad65329-233a-4e32-bff9-501922508392{ip: 192.168.11.218, host: ozone-d4wqq-1121427898, networkLocation: /default-rack, certSerialId: null}
2019-06-13 21:37:24,098 INFO  impl.RaftServerProxy (RaftServerProxy.java:addNew(89)) - aad65329-233a-4e32-bff9-501922508392: addNew group-53F347448D65:[aad65329-233a-4e32-bff9-501922508392:192.168.11.218:43567] returns group-53F347448D65:java.util.concurrent.CompletableFuture@e69dcf6[Not completed]
2019-06-13 21:37:24,099 INFO  impl.RaftServerImpl (RaftServerImpl.java:<init>(91)) - aad65329-233a-4e32-bff9-501922508392: new RaftServerImpl for group-53F347448D65:[aad65329-233a-4e32-bff9-501922508392:192.168.11.218:43567] with ContainerStateMachine:uninitialized
2019-06-13 21:37:24,099 INFO  server.RaftServerConfigKeys (ConfUtils.java:logGet(43)) - raft.server.rpc.timeout.min = 1s (custom)
2019-06-13 21:37:24,099 INFO  server.RaftServerConfigKeys (ConfUtils.java:logGet(43)) - raft.server.rpc.timeout.max = 1200ms (custom)
2019-06-13 21:37:24,099 INFO  server.RaftServerConfigKeys (ConfUtils.java:logGet(43)) - raft.server.rpcslowness.timeout = 120s (custom)
2019-06-13 21:37:24,099 INFO  server.RaftServerConfigKeys (ConfUtils.java:logGet(43)) - raft.server.log.appender.install.snapshot.enabled = true (default)
2019-06-13 21:37:24,099 INFO  impl.RaftServerImpl (ServerState.java:<init>(101)) - aad65329-233a-4e32-bff9-501922508392:group-53F347448D65 ConfigurationManager, init=-1: [aad65329-233a-4e32-bff9-501922508392:192.168.11.218:43567], old=null, confs=<EMPTY_MAP>
2019-06-13 21:37:24,099 INFO  server.RaftServerConfigKeys (ConfUtils.java:logGet(43)) - raft.server.storage.dir = [/opt/src/hadoop-ozone/integration-test/target/test-dir/MiniOzoneClusterImpl-3a70d0bd-0a9c-43b3-a391-c6dfbab1366e/datanode-4/data/ratis] (custom)
2019-06-13 21:37:24,099 INFO  storage.RaftStorageDirectory (RaftStorageDirectory.java:analyzeStorage(246)) - The storage directory /opt/src/hadoop-ozone/integration-test/target/test-dir/MiniOzoneClusterImpl-3a70d0bd-0a9c-43b3-a391-c6dfbab1366e/datanode-4/data/ratis/ccc80357-3054-4b08-84a8-53f347448d65 does not exist. Creating ...
2019-06-13 21:37:24,102 INFO  storage.RaftStorageDirectory (RaftStorageDirectory.java:tryLock(328)) - Lock on /opt/src/hadoop-ozone/integration-test/target/test-dir/MiniOzoneClusterImpl-3a70d0bd-0a9c-43b3-a391-c6dfbab1366e/datanode-4/data/ratis/ccc80357-3054-4b08-84a8-53f347448d65/in_use.lock acquired by nodename 14534@ozone-d4wqq-1121427898
2019-06-13 21:37:24,103 INFO  storage.RaftStorage (RaftStorage.java:format(75)) - Storage directory /opt/src/hadoop-ozone/integration-test/target/test-dir/MiniOzoneClusterImpl-3a70d0bd-0a9c-43b3-a391-c6dfbab1366e/datanode-4/data/ratis/ccc80357-3054-4b08-84a8-53f347448d65 has been successfully formatted.
2019-06-13 21:37:24,104 INFO  ratis.ContainerStateMachine (ContainerStateMachine.java:loadSnapshot(199)) - The snapshot info is null.Setting the last applied index to:(t:0, i:~)
2019-06-13 21:37:24,104 INFO  server.RaftServerConfigKeys (ConfUtils.java:logGet(43)) - raft.server.leader.election.timeout = 120s (custom)
2019-06-13 21:37:24,104 INFO  server.RaftServerConfigKeys (ConfUtils.java:logGet(43)) - raft.server.log.use.memory = false (default)
2019-06-13 21:37:24,104 INFO  server.RaftServerConfigKeys (ConfUtils.java:logGet(43)) - raft.server.log.appender.buffer.byte-limit = 33554432 (custom)
2019-06-13 21:37:24,104 INFO  server.RaftServerConfigKeys (ConfUtils.java:logGet(43)) - raft.server.log.segment.size.max = 16384 (custom)
2019-06-13 21:37:24,104 INFO  server.RaftServerConfigKeys (ConfUtils.java:logGet(43)) - raft.server.log.segment.cache.num.max = 2 (custom)
2019-06-13 21:37:24,104 INFO  storage.RaftLogWorker (RaftLogWorker.java:<init>(123)) - new aad65329-233a-4e32-bff9-501922508392-RaftLogWorker for Storage Directory /opt/src/hadoop-ozone/integration-test/target/test-dir/MiniOzoneClusterImpl-3a70d0bd-0a9c-43b3-a391-c6dfbab1366e/datanode-4/data/ratis/ccc80357-3054-4b08-84a8-53f347448d65
2019-06-13 21:37:24,104 INFO  server.RaftServerConfigKeys (ConfUtils.java:logGet(43)) - raft.server.log.queue.byte-limit = 2147483647 (custom)
2019-06-13 21:37:24,104 INFO  server.RaftServerConfigKeys (ConfUtils.java:logGet(43)) - raft.server.log.queue.element-limit = 1024 (custom)
2019-06-13 21:37:24,104 INFO  server.RaftServerConfigKeys (ConfUtils.java:logGet(43)) - raft.server.log.segment.size.max = 16384 (custom)
2019-06-13 21:37:24,104 INFO  server.RaftServerConfigKeys (ConfUtils.java:logGet(43)) - raft.server.log.preallocated.size = 16384 (custom)
2019-06-13 21:37:24,104 INFO  server.RaftServerConfigKeys (ConfUtils.java:logGet(43)) - raft.server.log.write.buffer.size = 33554432 (custom)
2019-06-13 21:37:24,104 INFO  server.RaftServerConfigKeys (ConfUtils.java:logGet(43)) - raft.server.log.force.sync.num = 128 (default)
2019-06-13 21:37:24,104 INFO  server.RaftServerConfigKeys (ConfUtils.java:logGet(43)) - raft.server.log.statemachine.data.sync = true (default)
2019-06-13 21:37:24,104 INFO  server.RaftServerConfigKeys (ConfUtils.java:logGet(43)) - raft.server.log.statemachine.data.sync.timeout = 10s (default)
2019-06-13 21:37:24,105 INFO  server.RaftServerConfigKeys (ConfUtils.java:logGet(43)) - raft.server.log.statemachine.data.sync.timeout.retry = -1 (default)
2019-06-13 21:37:24,105 INFO  server.RaftServerConfigKeys (ConfUtils.java:logGet(43)) - raft.server.log.statemachine.data.caching.enabled = true (custom)
2019-06-13 21:37:24,105 INFO  server.RaftServerConfigKeys (ConfUtils.java:logGet(43)) - raft.server.snapshot.auto.trigger.enabled = true (custom)
2019-06-13 21:37:24,105 INFO  server.RaftServerConfigKeys (ConfUtils.java:logGet(43)) - raft.server.snapshot.auto.trigger.threshold = 10000 (custom)
2019-06-13 21:37:24,105 INFO  server.RaftServerConfigKeys (ConfUtils.java:logGet(43)) - raft.server.retrycache.expirytime = 600000ms (custom)
2019-06-13 21:37:24,105 INFO  impl.RaftServerImpl (RaftServerImpl.java:start(173)) - aad65329-233a-4e32-bff9-501922508392: start group-53F347448D65
2019-06-13 21:37:24,105 INFO  impl.RaftServerImpl (RaftServerImpl.java:setRole(164)) - aad65329-233a-4e32-bff9-501922508392:group-53F347448D65 changes role from null to FOLLOWER at term 0 for startAsFollower
2019-06-13 21:37:24,105 INFO  impl.RoleInfo (RoleInfo.java:updateAndGet(143)) - aad65329-233a-4e32-bff9-501922508392: start FollowerState
2019-06-13 21:37:24,105 INFO  util.JmxRegister (JmxRegister.java:tryRegister(44)) - Successfully registered JMX Bean with object name Ratis:service=RaftServer,group=group-53F347448D65,id=aad65329-233a-4e32-bff9-501922508392
2019-06-13 21:37:24,106 INFO  pipeline.PipelineStateManager (PipelineStateManager.java:addPipeline(56)) - Created pipeline Pipeline[ Id: ccc80357-3054-4b08-84a8-53f347448d65, Nodes: aad65329-233a-4e32-bff9-501922508392{ip: 192.168.11.218, host: ozone-d4wqq-1121427898, networkLocation: /default-rack, certSerialId: null}, Type:RATIS, Factor:ONE, State:OPEN]
2019-06-13 21:37:24,204 INFO  ozone.MiniOzoneClusterImpl (MiniOzoneClusterImpl.java:lambda$waitForClusterToBeReady$0(142)) - Waiting for cluster to be ready. Got 5 of 6 DN Heartbeats.
2019-06-13 21:37:24,204 INFO  node.SCMNodeManager (SCMNodeManager.java:register(234)) - Registered Data node : a76d2ad0-1c5c-4003-bb4c-e397a26e8ebf{ip: 192.168.11.218, host: ozone-d4wqq-1121427898, networkLocation: /default-rack, certSerialId: null}
2019-06-13 21:37:24,209 INFO  impl.RaftServerProxy (RaftServerProxy.java:addNew(89)) - a76d2ad0-1c5c-4003-bb4c-e397a26e8ebf: addNew group-AE4F8CF61B9F:[a76d2ad0-1c5c-4003-bb4c-e397a26e8ebf:192.168.11.218:33075] returns group-AE4F8CF61B9F:java.util.concurrent.CompletableFuture@3ba6c2db[Not completed]
2019-06-13 21:37:24,210 INFO  impl.RaftServerImpl (RaftServerImpl.java:<init>(91)) - a76d2ad0-1c5c-4003-bb4c-e397a26e8ebf: new RaftServerImpl for group-AE4F8CF61B9F:[a76d2ad0-1c5c-4003-bb4c-e397a26e8ebf:192.168.11.218:33075] with ContainerStateMachine:uninitialized
2019-06-13 21:37:24,210 INFO  server.RaftServerConfigKeys (ConfUtils.java:logGet(43)) - raft.server.rpc.timeout.min = 1s (custom)
2019-06-13 21:37:24,210 INFO  server.RaftServerConfigKeys (ConfUtils.java:logGet(43)) - raft.server.rpc.timeout.max = 1200ms (custom)
2019-06-13 21:37:24,210 INFO  server.RaftServerConfigKeys (ConfUtils.java:logGet(43)) - raft.server.rpcslowness.timeout = 120s (custom)
2019-06-13 21:37:24,210 INFO  server.RaftServerConfigKeys (ConfUtils.java:logGet(43)) - raft.server.log.appender.install.snapshot.enabled = true (default)
2019-06-13 21:37:24,210 INFO  impl.RaftServerImpl (ServerState.java:<init>(101)) - a76d2ad0-1c5c-4003-bb4c-e397a26e8ebf:group-AE4F8CF61B9F ConfigurationManager, init=-1: [a76d2ad0-1c5c-4003-bb4c-e397a26e8ebf:192.168.11.218:33075], old=null, confs=<EMPTY_MAP>
2019-06-13 21:37:24,210 INFO  server.RaftServerConfigKeys (ConfUtils.java:logGet(43)) - raft.server.storage.dir = [/opt/src/hadoop-ozone/integration-test/target/test-dir/MiniOzoneClusterImpl-3a70d0bd-0a9c-43b3-a391-c6dfbab1366e/datanode-5/data/ratis] (custom)
2019-06-13 21:37:24,210 INFO  storage.RaftStorageDirectory (RaftStorageDirectory.java:analyzeStorage(246)) - The storage directory /opt/src/hadoop-ozone/integration-test/target/test-dir/MiniOzoneClusterImpl-3a70d0bd-0a9c-43b3-a391-c6dfbab1366e/datanode-5/data/ratis/ab8d2edc-7359-4dbb-99d2-ae4f8cf61b9f does not exist. Creating ...
2019-06-13 21:37:24,212 INFO  storage.RaftStorageDirectory (RaftStorageDirectory.java:tryLock(328)) - Lock on /opt/src/hadoop-ozone/integration-test/target/test-dir/MiniOzoneClusterImpl-3a70d0bd-0a9c-43b3-a391-c6dfbab1366e/datanode-5/data/ratis/ab8d2edc-7359-4dbb-99d2-ae4f8cf61b9f/in_use.lock acquired by nodename 14534@ozone-d4wqq-1121427898
2019-06-13 21:37:24,214 INFO  storage.RaftStorage (RaftStorage.java:format(75)) - Storage directory /opt/src/hadoop-ozone/integration-test/target/test-dir/MiniOzoneClusterImpl-3a70d0bd-0a9c-43b3-a391-c6dfbab1366e/datanode-5/data/ratis/ab8d2edc-7359-4dbb-99d2-ae4f8cf61b9f has been successfully formatted.
2019-06-13 21:37:24,214 INFO  ratis.ContainerStateMachine (ContainerStateMachine.java:loadSnapshot(199)) - The snapshot info is null.Setting the last applied index to:(t:0, i:~)
2019-06-13 21:37:24,214 INFO  server.RaftServerConfigKeys (ConfUtils.java:logGet(43)) - raft.server.leader.election.timeout = 120s (custom)
2019-06-13 21:37:24,214 INFO  server.RaftServerConfigKeys (ConfUtils.java:logGet(43)) - raft.server.log.use.memory = false (default)
2019-06-13 21:37:24,214 INFO  server.RaftServerConfigKeys (ConfUtils.java:logGet(43)) - raft.server.log.appender.buffer.byte-limit = 33554432 (custom)
2019-06-13 21:37:24,215 INFO  server.RaftServerConfigKeys (ConfUtils.java:logGet(43)) - raft.server.log.segment.size.max = 16384 (custom)
2019-06-13 21:37:24,215 INFO  server.RaftServerConfigKeys (ConfUtils.java:logGet(43)) - raft.server.log.segment.cache.num.max = 2 (custom)
2019-06-13 21:37:24,215 INFO  storage.RaftLogWorker (RaftLogWorker.java:<init>(123)) - new a76d2ad0-1c5c-4003-bb4c-e397a26e8ebf-RaftLogWorker for Storage Directory /opt/src/hadoop-ozone/integration-test/target/test-dir/MiniOzoneClusterImpl-3a70d0bd-0a9c-43b3-a391-c6dfbab1366e/datanode-5/data/ratis/ab8d2edc-7359-4dbb-99d2-ae4f8cf61b9f
2019-06-13 21:37:24,215 INFO  server.RaftServerConfigKeys (ConfUtils.java:logGet(43)) - raft.server.log.queue.byte-limit = 2147483647 (custom)
2019-06-13 21:37:24,215 INFO  server.RaftServerConfigKeys (ConfUtils.java:logGet(43)) - raft.server.log.queue.element-limit = 1024 (custom)
2019-06-13 21:37:24,215 INFO  server.RaftServerConfigKeys (ConfUtils.java:logGet(43)) - raft.server.log.segment.size.max = 16384 (custom)
2019-06-13 21:37:24,215 INFO  server.RaftServerConfigKeys (ConfUtils.java:logGet(43)) - raft.server.log.preallocated.size = 16384 (custom)
2019-06-13 21:37:24,215 INFO  server.RaftServerConfigKeys (ConfUtils.java:logGet(43)) - raft.server.log.write.buffer.size = 33554432 (custom)
2019-06-13 21:37:24,215 INFO  server.RaftServerConfigKeys (ConfUtils.java:logGet(43)) - raft.server.log.force.sync.num = 128 (default)
2019-06-13 21:37:24,215 INFO  server.RaftServerConfigKeys (ConfUtils.java:logGet(43)) - raft.server.log.statemachine.data.sync = true (default)
2019-06-13 21:37:24,215 INFO  server.RaftServerConfigKeys (ConfUtils.java:logGet(43)) - raft.server.log.statemachine.data.sync.timeout = 10s (default)
2019-06-13 21:37:24,215 INFO  server.RaftServerConfigKeys (ConfUtils.java:logGet(43)) - raft.server.log.statemachine.data.sync.timeout.retry = -1 (default)
2019-06-13 21:37:24,215 INFO  server.RaftServerConfigKeys (ConfUtils.java:logGet(43)) - raft.server.log.statemachine.data.caching.enabled = true (custom)
2019-06-13 21:37:24,215 INFO  server.RaftServerConfigKeys (ConfUtils.java:logGet(43)) - raft.server.snapshot.auto.trigger.enabled = true (custom)
2019-06-13 21:37:24,216 INFO  server.RaftServerConfigKeys (ConfUtils.java:logGet(43)) - raft.server.snapshot.auto.trigger.threshold = 10000 (custom)
2019-06-13 21:37:24,216 INFO  server.RaftServerConfigKeys (ConfUtils.java:logGet(43)) - raft.server.retrycache.expirytime = 600000ms (custom)
2019-06-13 21:37:24,216 INFO  impl.RaftServerImpl (RaftServerImpl.java:start(173)) - a76d2ad0-1c5c-4003-bb4c-e397a26e8ebf: start group-AE4F8CF61B9F
2019-06-13 21:37:24,216 INFO  impl.RaftServerImpl (RaftServerImpl.java:setRole(164)) - a76d2ad0-1c5c-4003-bb4c-e397a26e8ebf:group-AE4F8CF61B9F changes role from null to FOLLOWER at term 0 for startAsFollower
2019-06-13 21:37:24,216 INFO  impl.RoleInfo (RoleInfo.java:updateAndGet(143)) - a76d2ad0-1c5c-4003-bb4c-e397a26e8ebf: start FollowerState
2019-06-13 21:37:24,216 INFO  util.JmxRegister (JmxRegister.java:tryRegister(44)) - Successfully registered JMX Bean with object name Ratis:service=RaftServer,group=group-AE4F8CF61B9F,id=a76d2ad0-1c5c-4003-bb4c-e397a26e8ebf
2019-06-13 21:37:24,217 INFO  pipeline.PipelineStateManager (PipelineStateManager.java:addPipeline(56)) - Created pipeline Pipeline[ Id: ab8d2edc-7359-4dbb-99d2-ae4f8cf61b9f, Nodes: a76d2ad0-1c5c-4003-bb4c-e397a26e8ebf{ip: 192.168.11.218, host: ozone-d4wqq-1121427898, networkLocation: /default-rack, certSerialId: null}, Type:RATIS, Factor:ONE, State:OPEN]
2019-06-13 21:37:24,224 INFO  impl.RaftServerProxy (RaftServerProxy.java:addNew(89)) - 36315fdd-1398-4801-a40e-9ce939377f0f: addNew group-FA60CF850E9E:[a76d2ad0-1c5c-4003-bb4c-e397a26e8ebf:192.168.11.218:33075, aad65329-233a-4e32-bff9-501922508392:192.168.11.218:43567, 36315fdd-1398-4801-a40e-9ce939377f0f:192.168.11.218:35877] returns group-FA60CF850E9E:java.util.concurrent.CompletableFuture@fc25f50[Not completed]
2019-06-13 21:37:24,224 INFO  impl.RaftServerProxy (RaftServerProxy.java:addNew(89)) - aad65329-233a-4e32-bff9-501922508392: addNew group-FA60CF850E9E:[a76d2ad0-1c5c-4003-bb4c-e397a26e8ebf:192.168.11.218:33075, aad65329-233a-4e32-bff9-501922508392:192.168.11.218:43567, 36315fdd-1398-4801-a40e-9ce939377f0f:192.168.11.218:35877] returns group-FA60CF850E9E:java.util.concurrent.CompletableFuture@797e6b34[Not completed]
2019-06-13 21:37:24,224 INFO  impl.RaftServerProxy (RaftServerProxy.java:addNew(89)) - a76d2ad0-1c5c-4003-bb4c-e397a26e8ebf: addNew group-FA60CF850E9E:[a76d2ad0-1c5c-4003-bb4c-e397a26e8ebf:192.168.11.218:33075, aad65329-233a-4e32-bff9-501922508392:192.168.11.218:43567, 36315fdd-1398-4801-a40e-9ce939377f0f:192.168.11.218:35877] returns group-FA60CF850E9E:java.util.concurrent.CompletableFuture@497c2370[Not completed]
2019-06-13 21:37:24,224 INFO  impl.RaftServerImpl (RaftServerImpl.java:<init>(91)) - a76d2ad0-1c5c-4003-bb4c-e397a26e8ebf: new RaftServerImpl for group-FA60CF850E9E:[a76d2ad0-1c5c-4003-bb4c-e397a26e8ebf:192.168.11.218:33075, aad65329-233a-4e32-bff9-501922508392:192.168.11.218:43567, 36315fdd-1398-4801-a40e-9ce939377f0f:192.168.11.218:35877] with ContainerStateMachine:uninitialized
2019-06-13 21:37:24,224 INFO  impl.RaftServerImpl (RaftServerImpl.java:<init>(91)) - 36315fdd-1398-4801-a40e-9ce939377f0f: new RaftServerImpl for group-FA60CF850E9E:[a76d2ad0-1c5c-4003-bb4c-e397a26e8ebf:192.168.11.218:33075, aad65329-233a-4e32-bff9-501922508392:192.168.11.218:43567, 36315fdd-1398-4801-a40e-9ce939377f0f:192.168.11.218:35877] with ContainerStateMachine:uninitialized
2019-06-13 21:37:24,225 INFO  server.RaftServerConfigKeys (ConfUtils.java:logGet(43)) - raft.server.rpc.timeout.min = 1s (custom)
2019-06-13 21:37:24,225 INFO  server.RaftServerConfigKeys (ConfUtils.java:logGet(43)) - raft.server.rpc.timeout.max = 1200ms (custom)
2019-06-13 21:37:24,225 INFO  server.RaftServerConfigKeys (ConfUtils.java:logGet(43)) - raft.server.rpcslowness.timeout = 120s (custom)
2019-06-13 21:37:24,225 INFO  server.RaftServerConfigKeys (ConfUtils.java:logGet(43)) - raft.server.log.appender.install.snapshot.enabled = true (default)
2019-06-13 21:37:24,225 INFO  impl.RaftServerImpl (ServerState.java:<init>(101)) - 36315fdd-1398-4801-a40e-9ce939377f0f:group-FA60CF850E9E ConfigurationManager, init=-1: [a76d2ad0-1c5c-4003-bb4c-e397a26e8ebf:192.168.11.218:33075, aad65329-233a-4e32-bff9-501922508392:192.168.11.218:43567, 36315fdd-1398-4801-a40e-9ce939377f0f:192.168.11.218:35877], old=null, confs=<EMPTY_MAP>
2019-06-13 21:37:24,225 INFO  server.RaftServerConfigKeys (ConfUtils.java:logGet(43)) - raft.server.storage.dir = [/opt/src/hadoop-ozone/integration-test/target/test-dir/MiniOzoneClusterImpl-3a70d0bd-0a9c-43b3-a391-c6dfbab1366e/datanode-3/data/ratis] (custom)
2019-06-13 21:37:24,225 INFO  storage.RaftStorageDirectory (RaftStorageDirectory.java:analyzeStorage(246)) - The storage directory /opt/src/hadoop-ozone/integration-test/target/test-dir/MiniOzoneClusterImpl-3a70d0bd-0a9c-43b3-a391-c6dfbab1366e/datanode-3/data/ratis/600032d0-af30-455f-a534-fa60cf850e9e does not exist. Creating ...
2019-06-13 21:37:24,225 INFO  server.RaftServerConfigKeys (ConfUtils.java:logGet(43)) - raft.server.rpc.timeout.min = 1s (custom)
2019-06-13 21:37:24,225 INFO  server.RaftServerConfigKeys (ConfUtils.java:logGet(43)) - raft.server.rpc.timeout.max = 1200ms (custom)
2019-06-13 21:37:24,226 INFO  server.RaftServerConfigKeys (ConfUtils.java:logGet(43)) - raft.server.rpcslowness.timeout = 120s (custom)
2019-06-13 21:37:24,226 INFO  server.RaftServerConfigKeys (ConfUtils.java:logGet(43)) - raft.server.log.appender.install.snapshot.enabled = true (default)
2019-06-13 21:37:24,225 INFO  impl.RaftServerImpl (RaftServerImpl.java:<init>(91)) - aad65329-233a-4e32-bff9-501922508392: new RaftServerImpl for group-FA60CF850E9E:[a76d2ad0-1c5c-4003-bb4c-e397a26e8ebf:192.168.11.218:33075, aad65329-233a-4e32-bff9-501922508392:192.168.11.218:43567, 36315fdd-1398-4801-a40e-9ce939377f0f:192.168.11.218:35877] with ContainerStateMachine:uninitialized
2019-06-13 21:37:24,226 INFO  impl.RaftServerImpl (ServerState.java:<init>(101)) - a76d2ad0-1c5c-4003-bb4c-e397a26e8ebf:group-FA60CF850E9E ConfigurationManager, init=-1: [a76d2ad0-1c5c-4003-bb4c-e397a26e8ebf:192.168.11.218:33075, aad65329-233a-4e32-bff9-501922508392:192.168.11.218:43567, 36315fdd-1398-4801-a40e-9ce939377f0f:192.168.11.218:35877], old=null, confs=<EMPTY_MAP>
2019-06-13 21:37:24,226 INFO  server.RaftServerConfigKeys (ConfUtils.java:logGet(43)) - raft.server.rpc.timeout.min = 1s (custom)
2019-06-13 21:37:24,226 INFO  server.RaftServerConfigKeys (ConfUtils.java:logGet(43)) - raft.server.storage.dir = [/opt/src/hadoop-ozone/integration-test/target/test-dir/MiniOzoneClusterImpl-3a70d0bd-0a9c-43b3-a391-c6dfbab1366e/datanode-5/data/ratis] (custom)
2019-06-13 21:37:24,226 INFO  server.RaftServerConfigKeys (ConfUtils.java:logGet(43)) - raft.server.rpc.timeout.max = 1200ms (custom)
2019-06-13 21:37:24,226 INFO  storage.RaftStorageDirectory (RaftStorageDirectory.java:analyzeStorage(246)) - The storage directory /opt/src/hadoop-ozone/integration-test/target/test-dir/MiniOzoneClusterImpl-3a70d0bd-0a9c-43b3-a391-c6dfbab1366e/datanode-5/data/ratis/600032d0-af30-455f-a534-fa60cf850e9e does not exist. Creating ...
2019-06-13 21:37:24,226 INFO  server.RaftServerConfigKeys (ConfUtils.java:logGet(43)) - raft.server.rpcslowness.timeout = 120s (custom)
2019-06-13 21:37:24,226 INFO  server.RaftServerConfigKeys (ConfUtils.java:logGet(43)) - raft.server.log.appender.install.snapshot.enabled = true (default)
2019-06-13 21:37:24,227 INFO  impl.RaftServerImpl (ServerState.java:<init>(101)) - aad65329-233a-4e32-bff9-501922508392:group-FA60CF850E9E ConfigurationManager, init=-1: [a76d2ad0-1c5c-4003-bb4c-e397a26e8ebf:192.168.11.218:33075, aad65329-233a-4e32-bff9-501922508392:192.168.11.218:43567, 36315fdd-1398-4801-a40e-9ce939377f0f:192.168.11.218:35877], old=null, confs=<EMPTY_MAP>
2019-06-13 21:37:24,227 INFO  server.RaftServerConfigKeys (ConfUtils.java:logGet(43)) - raft.server.storage.dir = [/opt/src/hadoop-ozone/integration-test/target/test-dir/MiniOzoneClusterImpl-3a70d0bd-0a9c-43b3-a391-c6dfbab1366e/datanode-4/data/ratis] (custom)
2019-06-13 21:37:24,227 INFO  storage.RaftStorageDirectory (RaftStorageDirectory.java:analyzeStorage(246)) - The storage directory /opt/src/hadoop-ozone/integration-test/target/test-dir/MiniOzoneClusterImpl-3a70d0bd-0a9c-43b3-a391-c6dfbab1366e/datanode-4/data/ratis/600032d0-af30-455f-a534-fa60cf850e9e does not exist. Creating ...
2019-06-13 21:37:24,227 INFO  storage.RaftStorageDirectory (RaftStorageDirectory.java:tryLock(328)) - Lock on /opt/src/hadoop-ozone/integration-test/target/test-dir/MiniOzoneClusterImpl-3a70d0bd-0a9c-43b3-a391-c6dfbab1366e/datanode-3/data/ratis/600032d0-af30-455f-a534-fa60cf850e9e/in_use.lock acquired by nodename 14534@ozone-d4wqq-1121427898
2019-06-13 21:37:24,228 INFO  storage.RaftStorageDirectory (RaftStorageDirectory.java:tryLock(328)) - Lock on /opt/src/hadoop-ozone/integration-test/target/test-dir/MiniOzoneClusterImpl-3a70d0bd-0a9c-43b3-a391-c6dfbab1366e/datanode-5/data/ratis/600032d0-af30-455f-a534-fa60cf850e9e/in_use.lock acquired by nodename 14534@ozone-d4wqq-1121427898
2019-06-13 21:37:24,229 INFO  storage.RaftStorageDirectory (RaftStorageDirectory.java:tryLock(328)) - Lock on /opt/src/hadoop-ozone/integration-test/target/test-dir/MiniOzoneClusterImpl-3a70d0bd-0a9c-43b3-a391-c6dfbab1366e/datanode-4/data/ratis/600032d0-af30-455f-a534-fa60cf850e9e/in_use.lock acquired by nodename 14534@ozone-d4wqq-1121427898
2019-06-13 21:37:24,229 INFO  storage.RaftStorage (RaftStorage.java:format(75)) - Storage directory /opt/src/hadoop-ozone/integration-test/target/test-dir/MiniOzoneClusterImpl-3a70d0bd-0a9c-43b3-a391-c6dfbab1366e/datanode-3/data/ratis/600032d0-af30-455f-a534-fa60cf850e9e has been successfully formatted.
2019-06-13 21:37:24,230 INFO  ratis.ContainerStateMachine (ContainerStateMachine.java:loadSnapshot(199)) - The snapshot info is null.Setting the last applied index to:(t:0, i:~)
2019-06-13 21:37:24,230 INFO  server.RaftServerConfigKeys (ConfUtils.java:logGet(43)) - raft.server.leader.election.timeout = 120s (custom)
2019-06-13 21:37:24,230 INFO  server.RaftServerConfigKeys (ConfUtils.java:logGet(43)) - raft.server.log.use.memory = false (default)
2019-06-13 21:37:24,230 INFO  server.RaftServerConfigKeys (ConfUtils.java:logGet(43)) - raft.server.log.appender.buffer.byte-limit = 33554432 (custom)
2019-06-13 21:37:24,230 INFO  server.RaftServerConfigKeys (ConfUtils.java:logGet(43)) - raft.server.log.segment.size.max = 16384 (custom)
2019-06-13 21:37:24,230 INFO  server.RaftServerConfigKeys (ConfUtils.java:logGet(43)) - raft.server.log.segment.cache.num.max = 2 (custom)
2019-06-13 21:37:24,230 INFO  storage.RaftLogWorker (RaftLogWorker.java:<init>(123)) - new 36315fdd-1398-4801-a40e-9ce939377f0f-RaftLogWorker for Storage Directory /opt/src/hadoop-ozone/integration-test/target/test-dir/MiniOzoneClusterImpl-3a70d0bd-0a9c-43b3-a391-c6dfbab1366e/datanode-3/data/ratis/600032d0-af30-455f-a534-fa60cf850e9e
2019-06-13 21:37:24,230 INFO  server.RaftServerConfigKeys (ConfUtils.java:logGet(43)) - raft.server.log.queue.byte-limit = 2147483647 (custom)
2019-06-13 21:37:24,230 INFO  server.RaftServerConfigKeys (ConfUtils.java:logGet(43)) - raft.server.log.queue.element-limit = 1024 (custom)
2019-06-13 21:37:24,230 INFO  server.RaftServerConfigKeys (ConfUtils.java:logGet(43)) - raft.server.log.segment.size.max = 16384 (custom)
2019-06-13 21:37:24,230 INFO  server.RaftServerConfigKeys (ConfUtils.java:logGet(43)) - raft.server.log.preallocated.size = 16384 (custom)
2019-06-13 21:37:24,230 INFO  server.RaftServerConfigKeys (ConfUtils.java:logGet(43)) - raft.server.log.write.buffer.size = 33554432 (custom)
2019-06-13 21:37:24,230 INFO  server.RaftServerConfigKeys (ConfUtils.java:logGet(43)) - raft.server.log.force.sync.num = 128 (default)
2019-06-13 21:37:24,230 INFO  server.RaftServerConfigKeys (ConfUtils.java:logGet(43)) - raft.server.log.statemachine.data.sync = true (default)
2019-06-13 21:37:24,231 INFO  server.RaftServerConfigKeys (ConfUtils.java:logGet(43)) - raft.server.log.statemachine.data.sync.timeout = 10s (default)
2019-06-13 21:37:24,231 INFO  server.RaftServerConfigKeys (ConfUtils.java:logGet(43)) - raft.server.log.statemachine.data.sync.timeout.retry = -1 (default)
2019-06-13 21:37:24,231 INFO  storage.RaftStorage (RaftStorage.java:format(75)) - Storage directory /opt/src/hadoop-ozone/integration-test/target/test-dir/MiniOzoneClusterImpl-3a70d0bd-0a9c-43b3-a391-c6dfbab1366e/datanode-5/data/ratis/600032d0-af30-455f-a534-fa60cf850e9e has been successfully formatted.
2019-06-13 21:37:24,231 INFO  server.RaftServerConfigKeys (ConfUtils.java:logGet(43)) - raft.server.log.statemachine.data.caching.enabled = true (custom)
2019-06-13 21:37:24,231 INFO  ratis.ContainerStateMachine (ContainerStateMachine.java:loadSnapshot(199)) - The snapshot info is null.Setting the last applied index to:(t:0, i:~)
2019-06-13 21:37:24,231 INFO  server.RaftServerConfigKeys (ConfUtils.java:logGet(43)) - raft.server.leader.election.timeout = 120s (custom)
2019-06-13 21:37:24,231 INFO  server.RaftServerConfigKeys (ConfUtils.java:logGet(43)) - raft.server.log.use.memory = false (default)
2019-06-13 21:37:24,231 INFO  server.RaftServerConfigKeys (ConfUtils.java:logGet(43)) - raft.server.log.appender.buffer.byte-limit = 33554432 (custom)
2019-06-13 21:37:24,231 INFO  server.RaftServerConfigKeys (ConfUtils.java:logGet(43)) - raft.server.log.segment.size.max = 16384 (custom)
2019-06-13 21:37:24,231 INFO  server.RaftServerConfigKeys (ConfUtils.java:logGet(43)) - raft.server.log.segment.cache.num.max = 2 (custom)
2019-06-13 21:37:24,231 INFO  storage.RaftLogWorker (RaftLogWorker.java:<init>(123)) - new a76d2ad0-1c5c-4003-bb4c-e397a26e8ebf-RaftLogWorker for Storage Directory /opt/src/hadoop-ozone/integration-test/target/test-dir/MiniOzoneClusterImpl-3a70d0bd-0a9c-43b3-a391-c6dfbab1366e/datanode-5/data/ratis/600032d0-af30-455f-a534-fa60cf850e9e
2019-06-13 21:37:24,231 INFO  server.RaftServerConfigKeys (ConfUtils.java:logGet(43)) - raft.server.log.queue.byte-limit = 2147483647 (custom)
2019-06-13 21:37:24,231 INFO  server.RaftServerConfigKeys (ConfUtils.java:logGet(43)) - raft.server.log.queue.element-limit = 1024 (custom)
2019-06-13 21:37:24,231 INFO  server.RaftServerConfigKeys (ConfUtils.java:logGet(43)) - raft.server.log.segment.size.max = 16384 (custom)
2019-06-13 21:37:24,231 INFO  server.RaftServerConfigKeys (ConfUtils.java:logGet(43)) - raft.server.log.preallocated.size = 16384 (custom)
2019-06-13 21:37:24,232 INFO  server.RaftServerConfigKeys (ConfUtils.java:logGet(43)) - raft.server.log.write.buffer.size = 33554432 (custom)
2019-06-13 21:37:24,232 INFO  server.RaftServerConfigKeys (ConfUtils.java:logGet(43)) - raft.server.log.force.sync.num = 128 (default)
2019-06-13 21:37:24,232 INFO  server.RaftServerConfigKeys (ConfUtils.java:logGet(43)) - raft.server.log.statemachine.data.sync = true (default)
2019-06-13 21:37:24,232 INFO  server.RaftServerConfigKeys (ConfUtils.java:logGet(43)) - raft.server.snapshot.auto.trigger.enabled = true (custom)
2019-06-13 21:37:24,232 INFO  server.RaftServerConfigKeys (ConfUtils.java:logGet(43)) - raft.server.log.statemachine.data.sync.timeout = 10s (default)
2019-06-13 21:37:24,232 INFO  server.RaftServerConfigKeys (ConfUtils.java:logGet(43)) - raft.server.snapshot.auto.trigger.threshold = 10000 (custom)
2019-06-13 21:37:24,232 INFO  storage.RaftStorage (RaftStorage.java:format(75)) - Storage directory /opt/src/hadoop-ozone/integration-test/target/test-dir/MiniOzoneClusterImpl-3a70d0bd-0a9c-43b3-a391-c6dfbab1366e/datanode-4/data/ratis/600032d0-af30-455f-a534-fa60cf850e9e has been successfully formatted.
2019-06-13 21:37:24,232 INFO  ratis.ContainerStateMachine (ContainerStateMachine.java:loadSnapshot(199)) - The snapshot info is null.Setting the last applied index to:(t:0, i:~)
2019-06-13 21:37:24,232 INFO  server.RaftServerConfigKeys (ConfUtils.java:logGet(43)) - raft.server.leader.election.timeout = 120s (custom)
2019-06-13 21:37:24,232 INFO  server.RaftServerConfigKeys (ConfUtils.java:logGet(43)) - raft.server.log.use.memory = false (default)
2019-06-13 21:37:24,232 INFO  server.RaftServerConfigKeys (ConfUtils.java:logGet(43)) - raft.server.log.appender.buffer.byte-limit = 33554432 (custom)
2019-06-13 21:37:24,232 INFO  server.RaftServerConfigKeys (ConfUtils.java:logGet(43)) - raft.server.log.segment.size.max = 16384 (custom)
2019-06-13 21:37:24,232 INFO  server.RaftServerConfigKeys (ConfUtils.java:logGet(43)) - raft.server.log.segment.cache.num.max = 2 (custom)
2019-06-13 21:37:24,232 INFO  storage.RaftLogWorker (RaftLogWorker.java:<init>(123)) - new aad65329-233a-4e32-bff9-501922508392-RaftLogWorker for Storage Directory /opt/src/hadoop-ozone/integration-test/target/test-dir/MiniOzoneClusterImpl-3a70d0bd-0a9c-43b3-a391-c6dfbab1366e/datanode-4/data/ratis/600032d0-af30-455f-a534-fa60cf850e9e
2019-06-13 21:37:24,233 INFO  server.RaftServerConfigKeys (ConfUtils.java:logGet(43)) - raft.server.log.queue.byte-limit = 2147483647 (custom)
2019-06-13 21:37:24,233 INFO  server.RaftServerConfigKeys (ConfUtils.java:logGet(43)) - raft.server.log.queue.element-limit = 1024 (custom)
2019-06-13 21:37:24,233 INFO  server.RaftServerConfigKeys (ConfUtils.java:logGet(43)) - raft.server.log.segment.size.max = 16384 (custom)
2019-06-13 21:37:24,233 INFO  server.RaftServerConfigKeys (ConfUtils.java:logGet(43)) - raft.server.log.preallocated.size = 16384 (custom)
2019-06-13 21:37:24,233 INFO  server.RaftServerConfigKeys (ConfUtils.java:logGet(43)) - raft.server.log.write.buffer.size = 33554432 (custom)
2019-06-13 21:37:24,233 INFO  server.RaftServerConfigKeys (ConfUtils.java:logGet(43)) - raft.server.log.force.sync.num = 128 (default)
2019-06-13 21:37:24,233 INFO  server.RaftServerConfigKeys (ConfUtils.java:logGet(43)) - raft.server.log.statemachine.data.sync = true (default)
2019-06-13 21:37:24,233 INFO  server.RaftServerConfigKeys (ConfUtils.java:logGet(43)) - raft.server.log.statemachine.data.sync.timeout = 10s (default)
2019-06-13 21:37:24,233 INFO  server.RaftServerConfigKeys (ConfUtils.java:logGet(43)) - raft.server.log.statemachine.data.sync.timeout.retry = -1 (default)
2019-06-13 21:37:24,233 INFO  server.RaftServerConfigKeys (ConfUtils.java:logGet(43)) - raft.server.log.statemachine.data.caching.enabled = true (custom)
2019-06-13 21:37:24,232 INFO  server.RaftServerConfigKeys (ConfUtils.java:logGet(43)) - raft.server.log.statemachine.data.sync.timeout.retry = -1 (default)
2019-06-13 21:37:24,233 INFO  server.RaftServerConfigKeys (ConfUtils.java:logGet(43)) - raft.server.snapshot.auto.trigger.enabled = true (custom)
2019-06-13 21:37:24,232 INFO  server.RaftServerConfigKeys (ConfUtils.java:logGet(43)) - raft.server.retrycache.expirytime = 600000ms (custom)
2019-06-13 21:37:24,233 INFO  server.RaftServerConfigKeys (ConfUtils.java:logGet(43)) - raft.server.snapshot.auto.trigger.threshold = 10000 (custom)
2019-06-13 21:37:24,233 INFO  server.RaftServerConfigKeys (ConfUtils.java:logGet(43)) - raft.server.log.statemachine.data.caching.enabled = true (custom)
2019-06-13 21:37:24,234 INFO  server.RaftServerConfigKeys (ConfUtils.java:logGet(43)) - raft.server.retrycache.expirytime = 600000ms (custom)
2019-06-13 21:37:24,233 INFO  impl.RaftServerImpl (RaftServerImpl.java:start(173)) - 36315fdd-1398-4801-a40e-9ce939377f0f: start group-FA60CF850E9E
2019-06-13 21:37:24,234 INFO  impl.RaftServerImpl (RaftServerImpl.java:setRole(164)) - 36315fdd-1398-4801-a40e-9ce939377f0f:group-FA60CF850E9E changes role from null to FOLLOWER at term 0 for startAsFollower
2019-06-13 21:37:24,234 INFO  impl.RaftServerImpl (RaftServerImpl.java:start(173)) - aad65329-233a-4e32-bff9-501922508392: start group-FA60CF850E9E
2019-06-13 21:37:24,234 INFO  impl.RaftServerImpl (RaftServerImpl.java:setRole(164)) - aad65329-233a-4e32-bff9-501922508392:group-FA60CF850E9E changes role from null to FOLLOWER at term 0 for startAsFollower
2019-06-13 21:37:24,235 INFO  impl.RoleInfo (RoleInfo.java:updateAndGet(143)) - 36315fdd-1398-4801-a40e-9ce939377f0f: start FollowerState
2019-06-13 21:37:24,235 INFO  impl.RoleInfo (RoleInfo.java:updateAndGet(143)) - aad65329-233a-4e32-bff9-501922508392: start FollowerState
2019-06-13 21:37:24,235 INFO  server.RaftServerConfigKeys (ConfUtils.java:logGet(43)) - raft.server.snapshot.auto.trigger.enabled = true (custom)
2019-06-13 21:37:24,235 INFO  server.RaftServerConfigKeys (ConfUtils.java:logGet(43)) - raft.server.snapshot.auto.trigger.threshold = 10000 (custom)
2019-06-13 21:37:24,235 INFO  util.JmxRegister (JmxRegister.java:tryRegister(44)) - Successfully registered JMX Bean with object name Ratis:service=RaftServer,group=group-FA60CF850E9E,id=36315fdd-1398-4801-a40e-9ce939377f0f
2019-06-13 21:37:24,235 INFO  util.JmxRegister (JmxRegister.java:tryRegister(44)) - Successfully registered JMX Bean with object name Ratis:service=RaftServer,group=group-FA60CF850E9E,id=aad65329-233a-4e32-bff9-501922508392
2019-06-13 21:37:24,235 INFO  server.RaftServerConfigKeys (ConfUtils.java:logGet(43)) - raft.server.retrycache.expirytime = 600000ms (custom)
2019-06-13 21:37:24,235 INFO  impl.RaftServerImpl (RaftServerImpl.java:start(173)) - a76d2ad0-1c5c-4003-bb4c-e397a26e8ebf: start group-FA60CF850E9E
2019-06-13 21:37:24,235 INFO  impl.RaftServerImpl (RaftServerImpl.java:setRole(164)) - a76d2ad0-1c5c-4003-bb4c-e397a26e8ebf:group-FA60CF850E9E changes role from null to FOLLOWER at term 0 for startAsFollower
2019-06-13 21:37:24,236 INFO  impl.RoleInfo (RoleInfo.java:updateAndGet(143)) - a76d2ad0-1c5c-4003-bb4c-e397a26e8ebf: start FollowerState
2019-06-13 21:37:24,236 INFO  util.JmxRegister (JmxRegister.java:tryRegister(44)) - Successfully registered JMX Bean with object name Ratis:service=RaftServer,group=group-FA60CF850E9E,id=a76d2ad0-1c5c-4003-bb4c-e397a26e8ebf
2019-06-13 21:37:24,239 INFO  pipeline.PipelineStateManager (PipelineStateManager.java:addPipeline(56)) - Created pipeline Pipeline[ Id: 600032d0-af30-455f-a534-fa60cf850e9e, Nodes: aad65329-233a-4e32-bff9-501922508392{ip: 192.168.11.218, host: ozone-d4wqq-1121427898, networkLocation: /default-rack, certSerialId: null}a76d2ad0-1c5c-4003-bb4c-e397a26e8ebf{ip: 192.168.11.218, host: ozone-d4wqq-1121427898, networkLocation: /default-rack, certSerialId: null}36315fdd-1398-4801-a40e-9ce939377f0f{ip: 192.168.11.218, host: ozone-d4wqq-1121427898, networkLocation: /default-rack, certSerialId: null}, Type:RATIS, Factor:THREE, State:OPEN]
2019-06-13 21:37:24,639 INFO  impl.FollowerState (FollowerState.java:run(101)) - 5801dc37-c077-4608-8f08-86354f2b1b05:group-90B7AC9E45C6 changes to CANDIDATE, lastRpcTime:1192, electionTimeout:1192ms
2019-06-13 21:37:24,639 INFO  impl.RoleInfo (RoleInfo.java:shutdownFollowerState(121)) - 5801dc37-c077-4608-8f08-86354f2b1b05: shutdown FollowerState
2019-06-13 21:37:24,639 INFO  impl.RaftServerImpl (RaftServerImpl.java:setRole(164)) - 5801dc37-c077-4608-8f08-86354f2b1b05:group-90B7AC9E45C6 changes role from FOLLOWER to CANDIDATE at term 0 for changeToCandidate
2019-06-13 21:37:24,639 INFO  impl.RoleInfo (RoleInfo.java:updateAndGet(143)) - 5801dc37-c077-4608-8f08-86354f2b1b05: start LeaderElection
2019-06-13 21:37:24,646 INFO  impl.LeaderElection (LeaderElection.java:askForVotes(181)) - 5801dc37-c077-4608-8f08-86354f2b1b05:group-90B7AC9E45C6:LeaderElection67: begin an election at term 1 for -1: [5801dc37-c077-4608-8f08-86354f2b1b05:192.168.11.218:35099], old=null
2019-06-13 21:37:24,647 INFO  impl.RoleInfo (RoleInfo.java:shutdownLeaderElection(134)) - 5801dc37-c077-4608-8f08-86354f2b1b05: shutdown LeaderElection
2019-06-13 21:37:24,647 INFO  impl.RaftServerImpl (RaftServerImpl.java:setRole(164)) - 5801dc37-c077-4608-8f08-86354f2b1b05:group-90B7AC9E45C6 changes role from CANDIDATE to LEADER at term 1 for changeToLeader
2019-06-13 21:37:24,647 INFO  impl.RaftServerImpl (ServerState.java:setLeader(263)) - 5801dc37-c077-4608-8f08-86354f2b1b05:group-90B7AC9E45C6 change Leader from null to 5801dc37-c077-4608-8f08-86354f2b1b05 at term 1 for becomeLeader, leader elected after 1201ms
2019-06-13 21:37:24,647 INFO  server.RaftServerConfigKeys (ConfUtils.java:logGet(43)) - raft.server.staging.catchup.gap = 1000 (default)
2019-06-13 21:37:24,647 INFO  server.RaftServerConfigKeys (ConfUtils.java:logGet(43)) - raft.server.rpc.sleep.time = 25ms (default)
2019-06-13 21:37:24,647 INFO  server.RaftServerConfigKeys (ConfUtils.java:logGet(43)) - raft.server.watch.timeout = 10s (default)
2019-06-13 21:37:24,647 INFO  server.RaftServerConfigKeys (ConfUtils.java:logGet(43)) - raft.server.watch.timeout.denomination = 1s (default)
2019-06-13 21:37:24,647 INFO  impl.RoleInfo (RoleInfo.java:updateAndGet(143)) - 5801dc37-c077-4608-8f08-86354f2b1b05: start LeaderState
2019-06-13 21:37:24,647 INFO  storage.RaftLogWorker (RaftLogWorker.java:startLogSegment(298)) - 5801dc37-c077-4608-8f08-86354f2b1b05-RaftLogWorker: Starting segment from index:0
2019-06-13 21:37:24,648 INFO  impl.RaftServerImpl (ServerState.java:setRaftConf(361)) - 5801dc37-c077-4608-8f08-86354f2b1b05:group-90B7AC9E45C6 set configuration 0: [5801dc37-c077-4608-8f08-86354f2b1b05:192.168.11.218:35099], old=null at 0
2019-06-13 21:37:24,683 INFO  storage.RaftLogWorker (RaftLogWorker.java:execute(469)) - 5801dc37-c077-4608-8f08-86354f2b1b05-RaftLogWorker: created new log segment /opt/src/hadoop-ozone/integration-test/target/test-dir/MiniOzoneClusterImpl-3a70d0bd-0a9c-43b3-a391-c6dfbab1366e/datanode-0/data/ratis/2c7b119c-46c3-429d-93f9-90b7ac9e45c6/current/log_inprogress_0
2019-06-13 21:37:24,754 INFO  impl.FollowerState (FollowerState.java:run(101)) - f1f314c7-e01f-4880-8551-26c7c175045e:group-05F6CAF12F91 changes to CANDIDATE, lastRpcTime:1165, electionTimeout:1165ms
2019-06-13 21:37:24,754 INFO  impl.RoleInfo (RoleInfo.java:shutdownFollowerState(121)) - f1f314c7-e01f-4880-8551-26c7c175045e: shutdown FollowerState
2019-06-13 21:37:24,754 INFO  impl.RaftServerImpl (RaftServerImpl.java:setRole(164)) - f1f314c7-e01f-4880-8551-26c7c175045e:group-05F6CAF12F91 changes role from FOLLOWER to CANDIDATE at term 0 for changeToCandidate
2019-06-13 21:37:24,754 INFO  impl.RoleInfo (RoleInfo.java:updateAndGet(143)) - f1f314c7-e01f-4880-8551-26c7c175045e: start LeaderElection
2019-06-13 21:37:24,762 INFO  impl.LeaderElection (LeaderElection.java:askForVotes(181)) - f1f314c7-e01f-4880-8551-26c7c175045e:group-05F6CAF12F91:LeaderElection68: begin an election at term 1 for -1: [f1f314c7-e01f-4880-8551-26c7c175045e:192.168.11.218:42885], old=null
2019-06-13 21:37:24,762 INFO  impl.RoleInfo (RoleInfo.java:shutdownLeaderElection(134)) - f1f314c7-e01f-4880-8551-26c7c175045e: shutdown LeaderElection
2019-06-13 21:37:24,762 INFO  impl.RaftServerImpl (RaftServerImpl.java:setRole(164)) - f1f314c7-e01f-4880-8551-26c7c175045e:group-05F6CAF12F91 changes role from CANDIDATE to LEADER at term 1 for changeToLeader
2019-06-13 21:37:24,762 INFO  impl.RaftServerImpl (ServerState.java:setLeader(263)) - f1f314c7-e01f-4880-8551-26c7c175045e:group-05F6CAF12F91 change Leader from null to f1f314c7-e01f-4880-8551-26c7c175045e at term 1 for becomeLeader, leader elected after 1174ms
2019-06-13 21:37:24,762 INFO  server.RaftServerConfigKeys (ConfUtils.java:logGet(43)) - raft.server.staging.catchup.gap = 1000 (default)
2019-06-13 21:37:24,762 INFO  server.RaftServerConfigKeys (ConfUtils.java:logGet(43)) - raft.server.rpc.sleep.time = 25ms (default)
2019-06-13 21:37:24,762 INFO  server.RaftServerConfigKeys (ConfUtils.java:logGet(43)) - raft.server.watch.timeout = 10s (default)
2019-06-13 21:37:24,762 INFO  server.RaftServerConfigKeys (ConfUtils.java:logGet(43)) - raft.server.watch.timeout.denomination = 1s (default)
2019-06-13 21:37:24,762 INFO  impl.RoleInfo (RoleInfo.java:updateAndGet(143)) - f1f314c7-e01f-4880-8551-26c7c175045e: start LeaderState
2019-06-13 21:37:24,762 INFO  storage.RaftLogWorker (RaftLogWorker.java:startLogSegment(298)) - f1f314c7-e01f-4880-8551-26c7c175045e-RaftLogWorker: Starting segment from index:0
2019-06-13 21:37:24,767 INFO  impl.RaftServerImpl (ServerState.java:setRaftConf(361)) - f1f314c7-e01f-4880-8551-26c7c175045e:group-05F6CAF12F91 set configuration 0: [f1f314c7-e01f-4880-8551-26c7c175045e:192.168.11.218:42885], old=null at 0
2019-06-13 21:37:24,785 INFO  impl.FollowerState (FollowerState.java:run(101)) - 5aec5faf-95c1-466a-80b5-885d1536bb8e:group-D9901F7EC6CD changes to CANDIDATE, lastRpcTime:1015, electionTimeout:1015ms
2019-06-13 21:37:24,785 INFO  impl.RoleInfo (RoleInfo.java:shutdownFollowerState(121)) - 5aec5faf-95c1-466a-80b5-885d1536bb8e: shutdown FollowerState
2019-06-13 21:37:24,785 INFO  impl.RaftServerImpl (RaftServerImpl.java:setRole(164)) - 5aec5faf-95c1-466a-80b5-885d1536bb8e:group-D9901F7EC6CD changes role from FOLLOWER to CANDIDATE at term 0 for changeToCandidate
2019-06-13 21:37:24,786 INFO  impl.RoleInfo (RoleInfo.java:updateAndGet(143)) - 5aec5faf-95c1-466a-80b5-885d1536bb8e: start LeaderElection
2019-06-13 21:37:24,807 INFO  storage.RaftLogWorker (RaftLogWorker.java:execute(469)) - f1f314c7-e01f-4880-8551-26c7c175045e-RaftLogWorker: created new log segment /opt/src/hadoop-ozone/integration-test/target/test-dir/MiniOzoneClusterImpl-3a70d0bd-0a9c-43b3-a391-c6dfbab1366e/datanode-1/data/ratis/1cdeedc1-8e00-4af9-838f-05f6caf12f91/current/log_inprogress_0
2019-06-13 21:37:24,809 INFO  impl.LeaderElection (LeaderElection.java:askForVotes(181)) - 5aec5faf-95c1-466a-80b5-885d1536bb8e:group-D9901F7EC6CD:LeaderElection69: begin an election at term 1 for -1: [5aec5faf-95c1-466a-80b5-885d1536bb8e:192.168.11.218:39625], old=null
2019-06-13 21:37:24,809 INFO  impl.RoleInfo (RoleInfo.java:shutdownLeaderElection(134)) - 5aec5faf-95c1-466a-80b5-885d1536bb8e: shutdown LeaderElection
2019-06-13 21:37:24,809 INFO  impl.RaftServerImpl (RaftServerImpl.java:setRole(164)) - 5aec5faf-95c1-466a-80b5-885d1536bb8e:group-D9901F7EC6CD changes role from CANDIDATE to LEADER at term 1 for changeToLeader
2019-06-13 21:37:24,809 INFO  impl.RaftServerImpl (ServerState.java:setLeader(263)) - 5aec5faf-95c1-466a-80b5-885d1536bb8e:group-D9901F7EC6CD change Leader from null to 5aec5faf-95c1-466a-80b5-885d1536bb8e at term 1 for becomeLeader, leader elected after 1040ms
2019-06-13 21:37:24,809 INFO  server.RaftServerConfigKeys (ConfUtils.java:logGet(43)) - raft.server.staging.catchup.gap = 1000 (default)
2019-06-13 21:37:24,809 INFO  server.RaftServerConfigKeys (ConfUtils.java:logGet(43)) - raft.server.rpc.sleep.time = 25ms (default)
2019-06-13 21:37:24,809 INFO  server.RaftServerConfigKeys (ConfUtils.java:logGet(43)) - raft.server.watch.timeout = 10s (default)
2019-06-13 21:37:24,810 INFO  server.RaftServerConfigKeys (ConfUtils.java:logGet(43)) - raft.server.watch.timeout.denomination = 1s (default)
2019-06-13 21:37:24,810 INFO  impl.RoleInfo (RoleInfo.java:updateAndGet(143)) - 5aec5faf-95c1-466a-80b5-885d1536bb8e: start LeaderState
2019-06-13 21:37:24,810 INFO  storage.RaftLogWorker (RaftLogWorker.java:startLogSegment(298)) - 5aec5faf-95c1-466a-80b5-885d1536bb8e-RaftLogWorker: Starting segment from index:0
2019-06-13 21:37:24,810 INFO  impl.RaftServerImpl (ServerState.java:setRaftConf(361)) - 5aec5faf-95c1-466a-80b5-885d1536bb8e:group-D9901F7EC6CD set configuration 0: [5aec5faf-95c1-466a-80b5-885d1536bb8e:192.168.11.218:39625], old=null at 0
2019-06-13 21:37:24,849 INFO  storage.RaftLogWorker (RaftLogWorker.java:execute(469)) - 5aec5faf-95c1-466a-80b5-885d1536bb8e-RaftLogWorker: created new log segment /opt/src/hadoop-ozone/integration-test/target/test-dir/MiniOzoneClusterImpl-3a70d0bd-0a9c-43b3-a391-c6dfbab1366e/datanode-2/data/ratis/b5d81080-cd63-477b-985c-d9901f7ec6cd/current/log_inprogress_0
2019-06-13 21:37:24,890 INFO  impl.FollowerState (FollowerState.java:run(101)) - 5aec5faf-95c1-466a-80b5-885d1536bb8e:group-9BF77B4E22C9 changes to CANDIDATE, lastRpcTime:1091, electionTimeout:1090ms
2019-06-13 21:37:24,890 INFO  impl.RoleInfo (RoleInfo.java:shutdownFollowerState(121)) - 5aec5faf-95c1-466a-80b5-885d1536bb8e: shutdown FollowerState
2019-06-13 21:37:24,890 INFO  impl.RaftServerImpl (RaftServerImpl.java:setRole(164)) - 5aec5faf-95c1-466a-80b5-885d1536bb8e:group-9BF77B4E22C9 changes role from FOLLOWER to CANDIDATE at term 0 for changeToCandidate
2019-06-13 21:37:24,890 INFO  impl.RoleInfo (RoleInfo.java:updateAndGet(143)) - 5aec5faf-95c1-466a-80b5-885d1536bb8e: start LeaderElection
2019-06-13 21:37:24,899 INFO  impl.LeaderElection (LeaderElection.java:askForVotes(181)) - 5aec5faf-95c1-466a-80b5-885d1536bb8e:group-9BF77B4E22C9:LeaderElection70: begin an election at term 1 for -1: [f1f314c7-e01f-4880-8551-26c7c175045e:192.168.11.218:42885, 5aec5faf-95c1-466a-80b5-885d1536bb8e:192.168.11.218:39625, 5801dc37-c077-4608-8f08-86354f2b1b05:192.168.11.218:35099], old=null
2019-06-13 21:37:24,910 INFO  impl.RaftServerImpl (RaftServerImpl.java:setRole(164)) - 5801dc37-c077-4608-8f08-86354f2b1b05:group-9BF77B4E22C9 changes role from FOLLOWER to FOLLOWER at term 1 for recognizeCandidate:5aec5faf-95c1-466a-80b5-885d1536bb8e
2019-06-13 21:37:24,910 INFO  impl.RaftServerImpl (RaftServerImpl.java:setRole(164)) - f1f314c7-e01f-4880-8551-26c7c175045e:group-9BF77B4E22C9 changes role from FOLLOWER to FOLLOWER at term 1 for recognizeCandidate:5aec5faf-95c1-466a-80b5-885d1536bb8e
2019-06-13 21:37:24,910 INFO  impl.RoleInfo (RoleInfo.java:shutdownFollowerState(121)) - 5801dc37-c077-4608-8f08-86354f2b1b05: shutdown FollowerState
2019-06-13 21:37:24,910 INFO  impl.RoleInfo (RoleInfo.java:shutdownFollowerState(121)) - f1f314c7-e01f-4880-8551-26c7c175045e: shutdown FollowerState
2019-06-13 21:37:24,910 INFO  impl.FollowerState (FollowerState.java:run(109)) - 5801dc37-c077-4608-8f08-86354f2b1b05: FollowerState was interrupted: java.lang.InterruptedException: sleep interrupted
2019-06-13 21:37:24,910 INFO  impl.RoleInfo (RoleInfo.java:updateAndGet(143)) - f1f314c7-e01f-4880-8551-26c7c175045e: start FollowerState
2019-06-13 21:37:24,910 INFO  impl.RoleInfo (RoleInfo.java:updateAndGet(143)) - 5801dc37-c077-4608-8f08-86354f2b1b05: start FollowerState
2019-06-13 21:37:24,910 INFO  impl.FollowerState (FollowerState.java:run(109)) - f1f314c7-e01f-4880-8551-26c7c175045e: FollowerState was interrupted: java.lang.InterruptedException: sleep interrupted
2019-06-13 21:37:24,916 INFO  impl.LeaderElection (LeaderElection.java:logAndReturn(56)) - 5aec5faf-95c1-466a-80b5-885d1536bb8e:group-9BF77B4E22C9:LeaderElection70: Election PASSED; received 1 response(s) [5aec5faf-95c1-466a-80b5-885d1536bb8e->f1f314c7-e01f-4880-8551-26c7c175045e,true-t1] and 0 exception(s); 5aec5faf-95c1-466a-80b5-885d1536bb8e:t1, leader=null, voted=5aec5faf-95c1-466a-80b5-885d1536bb8e, raftlog=5aec5faf-95c1-466a-80b5-885d1536bb8e-SegmentedRaftLog:OPENED:c-1,f-1,i0, conf=-1: [f1f314c7-e01f-4880-8551-26c7c175045e:192.168.11.218:42885, 5aec5faf-95c1-466a-80b5-885d1536bb8e:192.168.11.218:39625, 5801dc37-c077-4608-8f08-86354f2b1b05:192.168.11.218:35099], old=null
2019-06-13 21:37:24,916 INFO  impl.RoleInfo (RoleInfo.java:shutdownLeaderElection(134)) - 5aec5faf-95c1-466a-80b5-885d1536bb8e: shutdown LeaderElection
2019-06-13 21:37:24,916 INFO  impl.RaftServerImpl (RaftServerImpl.java:setRole(164)) - 5aec5faf-95c1-466a-80b5-885d1536bb8e:group-9BF77B4E22C9 changes role from CANDIDATE to LEADER at term 1 for changeToLeader
2019-06-13 21:37:24,917 INFO  impl.RaftServerImpl (ServerState.java:setLeader(263)) - 5aec5faf-95c1-466a-80b5-885d1536bb8e:group-9BF77B4E22C9 change Leader from null to 5aec5faf-95c1-466a-80b5-885d1536bb8e at term 1 for becomeLeader, leader elected after 1122ms
2019-06-13 21:37:24,917 INFO  server.RaftServerConfigKeys (ConfUtils.java:logGet(43)) - raft.server.staging.catchup.gap = 1000 (default)
2019-06-13 21:37:24,917 INFO  server.RaftServerConfigKeys (ConfUtils.java:logGet(43)) - raft.server.rpc.sleep.time = 25ms (default)
2019-06-13 21:37:24,917 INFO  server.RaftServerConfigKeys (ConfUtils.java:logGet(43)) - raft.server.watch.timeout = 10s (default)
2019-06-13 21:37:24,917 INFO  server.RaftServerConfigKeys (ConfUtils.java:logGet(43)) - raft.server.watch.timeout.denomination = 1s (default)
2019-06-13 21:37:24,917 INFO  server.RaftServerConfigKeys (ConfUtils.java:logGet(43)) - raft.server.log.appender.snapshot.chunk.size.max = 16MB (=16777216) (default)
2019-06-13 21:37:24,917 INFO  server.RaftServerConfigKeys (ConfUtils.java:logGet(43)) - raft.server.log.appender.buffer.byte-limit = 33554432 (custom)
2019-06-13 21:37:24,917 INFO  server.RaftServerConfigKeys (ConfUtils.java:logGet(43)) - raft.server.log.appender.buffer.element-limit = 1 (custom)
2019-06-13 21:37:24,917 INFO  grpc.GrpcConfigKeys$Server (ConfUtils.java:logGet(43)) - raft.grpc.server.leader.outstanding.appends.max = 128 (default)
2019-06-13 21:37:24,918 INFO  server.RaftServerConfigKeys (ConfUtils.java:logGet(43)) - raft.server.rpc.request.timeout = 3000ms (default)
2019-06-13 21:37:24,918 INFO  server.RaftServerConfigKeys (ConfUtils.java:logGet(43)) - raft.server.log.appender.install.snapshot.enabled = true (default)
2019-06-13 21:37:24,918 INFO  server.RaftServerConfigKeys (ConfUtils.java:logGet(43)) - raft.server.log.appender.snapshot.chunk.size.max = 16MB (=16777216) (default)
2019-06-13 21:37:24,918 INFO  server.RaftServerConfigKeys (ConfUtils.java:logGet(43)) - raft.server.log.appender.buffer.byte-limit = 33554432 (custom)
2019-06-13 21:37:24,918 INFO  server.RaftServerConfigKeys (ConfUtils.java:logGet(43)) - raft.server.log.appender.buffer.element-limit = 1 (custom)
2019-06-13 21:37:24,918 INFO  grpc.GrpcConfigKeys$Server (ConfUtils.java:logGet(43)) - raft.grpc.server.leader.outstanding.appends.max = 128 (default)
2019-06-13 21:37:24,918 INFO  server.RaftServerConfigKeys (ConfUtils.java:logGet(43)) - raft.server.rpc.request.timeout = 3000ms (default)
2019-06-13 21:37:24,918 INFO  server.RaftServerConfigKeys (ConfUtils.java:logGet(43)) - raft.server.log.appender.install.snapshot.enabled = true (default)
2019-06-13 21:37:24,919 INFO  impl.RoleInfo (RoleInfo.java:updateAndGet(143)) - 5aec5faf-95c1-466a-80b5-885d1536bb8e: start LeaderState
2019-06-13 21:37:24,919 INFO  storage.RaftLogWorker (RaftLogWorker.java:startLogSegment(298)) - 5aec5faf-95c1-466a-80b5-885d1536bb8e-RaftLogWorker: Starting segment from index:0
2019-06-13 21:37:24,924 INFO  impl.RaftServerImpl (ServerState.java:setLeader(263)) - f1f314c7-e01f-4880-8551-26c7c175045e:group-9BF77B4E22C9 change Leader from null to 5aec5faf-95c1-466a-80b5-885d1536bb8e at term 1 for appendEntries, leader elected after 1130ms
2019-06-13 21:37:24,929 INFO  impl.RaftServerImpl (ServerState.java:setRaftConf(361)) - 5aec5faf-95c1-466a-80b5-885d1536bb8e:group-9BF77B4E22C9 set configuration 0: [f1f314c7-e01f-4880-8551-26c7c175045e:192.168.11.218:42885, 5aec5faf-95c1-466a-80b5-885d1536bb8e:192.168.11.218:39625, 5801dc37-c077-4608-8f08-86354f2b1b05:192.168.11.218:35099], old=null at 0
2019-06-13 21:37:24,930 INFO  impl.RaftServerImpl (ServerState.java:setLeader(263)) - 5801dc37-c077-4608-8f08-86354f2b1b05:group-9BF77B4E22C9 change Leader from null to 5aec5faf-95c1-466a-80b5-885d1536bb8e at term 1 for appendEntries, leader elected after 1136ms
2019-06-13 21:37:24,964 INFO  impl.RaftServerImpl (ServerState.java:setRaftConf(361)) - 5801dc37-c077-4608-8f08-86354f2b1b05:group-9BF77B4E22C9 set configuration 0: [f1f314c7-e01f-4880-8551-26c7c175045e:192.168.11.218:42885, 5aec5faf-95c1-466a-80b5-885d1536bb8e:192.168.11.218:39625, 5801dc37-c077-4608-8f08-86354f2b1b05:192.168.11.218:35099], old=null at 0
2019-06-13 21:37:24,965 INFO  storage.RaftLogWorker (RaftLogWorker.java:startLogSegment(298)) - 5801dc37-c077-4608-8f08-86354f2b1b05-RaftLogWorker: Starting segment from index:0
2019-06-13 21:37:24,965 INFO  impl.RaftServerImpl (ServerState.java:setRaftConf(361)) - f1f314c7-e01f-4880-8551-26c7c175045e:group-9BF77B4E22C9 set configuration 0: [f1f314c7-e01f-4880-8551-26c7c175045e:192.168.11.218:42885, 5aec5faf-95c1-466a-80b5-885d1536bb8e:192.168.11.218:39625, 5801dc37-c077-4608-8f08-86354f2b1b05:192.168.11.218:35099], old=null at 0
2019-06-13 21:37:24,965 INFO  storage.RaftLogWorker (RaftLogWorker.java:startLogSegment(298)) - f1f314c7-e01f-4880-8551-26c7c175045e-RaftLogWorker: Starting segment from index:0
2019-06-13 21:37:24,966 INFO  storage.RaftLogWorker (RaftLogWorker.java:execute(469)) - 5aec5faf-95c1-466a-80b5-885d1536bb8e-RaftLogWorker: created new log segment /opt/src/hadoop-ozone/integration-test/target/test-dir/MiniOzoneClusterImpl-3a70d0bd-0a9c-43b3-a391-c6dfbab1366e/datanode-2/data/ratis/70542c91-2426-4632-9328-9bf77b4e22c9/current/log_inprogress_0
2019-06-13 21:37:25,010 INFO  storage.RaftLogWorker (RaftLogWorker.java:execute(469)) - f1f314c7-e01f-4880-8551-26c7c175045e-RaftLogWorker: created new log segment /opt/src/hadoop-ozone/integration-test/target/test-dir/MiniOzoneClusterImpl-3a70d0bd-0a9c-43b3-a391-c6dfbab1366e/datanode-1/data/ratis/70542c91-2426-4632-9328-9bf77b4e22c9/current/log_inprogress_0
2019-06-13 21:37:25,010 INFO  storage.RaftLogWorker (RaftLogWorker.java:execute(469)) - 5801dc37-c077-4608-8f08-86354f2b1b05-RaftLogWorker: created new log segment /opt/src/hadoop-ozone/integration-test/target/test-dir/MiniOzoneClusterImpl-3a70d0bd-0a9c-43b3-a391-c6dfbab1366e/datanode-0/data/ratis/70542c91-2426-4632-9328-9bf77b4e22c9/current/log_inprogress_0
2019-06-13 21:37:25,059 INFO  impl.FollowerState (FollowerState.java:run(101)) - 36315fdd-1398-4801-a40e-9ce939377f0f:group-1B5D7870015F changes to CANDIDATE, lastRpcTime:1107, electionTimeout:1107ms
2019-06-13 21:37:25,059 INFO  impl.RoleInfo (RoleInfo.java:shutdownFollowerState(121)) - 36315fdd-1398-4801-a40e-9ce939377f0f: shutdown FollowerState
2019-06-13 21:37:25,059 INFO  impl.RaftServerImpl (RaftServerImpl.java:setRole(164)) - 36315fdd-1398-4801-a40e-9ce939377f0f:group-1B5D7870015F changes role from FOLLOWER to CANDIDATE at term 0 for changeToCandidate
2019-06-13 21:37:25,059 INFO  impl.RoleInfo (RoleInfo.java:updateAndGet(143)) - 36315fdd-1398-4801-a40e-9ce939377f0f: start LeaderElection
2019-06-13 21:37:25,066 INFO  impl.LeaderElection (LeaderElection.java:askForVotes(181)) - 36315fdd-1398-4801-a40e-9ce939377f0f:group-1B5D7870015F:LeaderElection71: begin an election at term 1 for -1: [36315fdd-1398-4801-a40e-9ce939377f0f:192.168.11.218:35877], old=null
2019-06-13 21:37:25,066 INFO  impl.RoleInfo (RoleInfo.java:shutdownLeaderElection(134)) - 36315fdd-1398-4801-a40e-9ce939377f0f: shutdown LeaderElection
2019-06-13 21:37:25,066 INFO  impl.RaftServerImpl (RaftServerImpl.java:setRole(164)) - 36315fdd-1398-4801-a40e-9ce939377f0f:group-1B5D7870015F changes role from CANDIDATE to LEADER at term 1 for changeToLeader
2019-06-13 21:37:25,066 INFO  impl.RaftServerImpl (ServerState.java:setLeader(263)) - 36315fdd-1398-4801-a40e-9ce939377f0f:group-1B5D7870015F change Leader from null to 36315fdd-1398-4801-a40e-9ce939377f0f at term 1 for becomeLeader, leader elected after 1116ms
2019-06-13 21:37:25,066 INFO  server.RaftServerConfigKeys (ConfUtils.java:logGet(43)) - raft.server.staging.catchup.gap = 1000 (default)
2019-06-13 21:37:25,067 INFO  server.RaftServerConfigKeys (ConfUtils.java:logGet(43)) - raft.server.rpc.sleep.time = 25ms (default)
2019-06-13 21:37:25,068 INFO  server.RaftServerConfigKeys (ConfUtils.java:logGet(43)) - raft.server.watch.timeout = 10s (default)
2019-06-13 21:37:25,068 INFO  server.RaftServerConfigKeys (ConfUtils.java:logGet(43)) - raft.server.watch.timeout.denomination = 1s (default)
2019-06-13 21:37:25,068 INFO  impl.RoleInfo (RoleInfo.java:updateAndGet(143)) - 36315fdd-1398-4801-a40e-9ce939377f0f: start LeaderState
2019-06-13 21:37:25,068 INFO  storage.RaftLogWorker (RaftLogWorker.java:startLogSegment(298)) - 36315fdd-1398-4801-a40e-9ce939377f0f-RaftLogWorker: Starting segment from index:0
2019-06-13 21:37:25,068 INFO  impl.RaftServerImpl (ServerState.java:setRaftConf(361)) - 36315fdd-1398-4801-a40e-9ce939377f0f:group-1B5D7870015F set configuration 0: [36315fdd-1398-4801-a40e-9ce939377f0f:192.168.11.218:35877], old=null at 0
2019-06-13 21:37:25,106 INFO  storage.RaftLogWorker (RaftLogWorker.java:execute(469)) - 36315fdd-1398-4801-a40e-9ce939377f0f-RaftLogWorker: created new log segment /opt/src/hadoop-ozone/integration-test/target/test-dir/MiniOzoneClusterImpl-3a70d0bd-0a9c-43b3-a391-c6dfbab1366e/datanode-3/data/ratis/22fb514d-039c-43f7-b22d-1b5d7870015f/current/log_inprogress_0
2019-06-13 21:37:25,141 INFO  impl.FollowerState (FollowerState.java:run(101)) - aad65329-233a-4e32-bff9-501922508392:group-53F347448D65 changes to CANDIDATE, lastRpcTime:1036, electionTimeout:1036ms
2019-06-13 21:37:25,142 INFO  impl.RoleInfo (RoleInfo.java:shutdownFollowerState(121)) - aad65329-233a-4e32-bff9-501922508392: shutdown FollowerState
2019-06-13 21:37:25,142 INFO  impl.RaftServerImpl (RaftServerImpl.java:setRole(164)) - aad65329-233a-4e32-bff9-501922508392:group-53F347448D65 changes role from FOLLOWER to CANDIDATE at term 0 for changeToCandidate
2019-06-13 21:37:25,142 INFO  impl.RoleInfo (RoleInfo.java:updateAndGet(143)) - aad65329-233a-4e32-bff9-501922508392: start LeaderElection
2019-06-13 21:37:25,148 INFO  impl.LeaderElection (LeaderElection.java:askForVotes(181)) - aad65329-233a-4e32-bff9-501922508392:group-53F347448D65:LeaderElection72: begin an election at term 1 for -1: [aad65329-233a-4e32-bff9-501922508392:192.168.11.218:43567], old=null
2019-06-13 21:37:25,148 INFO  impl.RoleInfo (RoleInfo.java:shutdownLeaderElection(134)) - aad65329-233a-4e32-bff9-501922508392: shutdown LeaderElection
2019-06-13 21:37:25,148 INFO  impl.RaftServerImpl (RaftServerImpl.java:setRole(164)) - aad65329-233a-4e32-bff9-501922508392:group-53F347448D65 changes role from CANDIDATE to LEADER at term 1 for changeToLeader
2019-06-13 21:37:25,148 INFO  impl.RaftServerImpl (ServerState.java:setLeader(263)) - aad65329-233a-4e32-bff9-501922508392:group-53F347448D65 change Leader from null to aad65329-233a-4e32-bff9-501922508392 at term 1 for becomeLeader, leader elected after 1044ms
2019-06-13 21:37:25,148 INFO  server.RaftServerConfigKeys (ConfUtils.java:logGet(43)) - raft.server.staging.catchup.gap = 1000 (default)
2019-06-13 21:37:25,149 INFO  server.RaftServerConfigKeys (ConfUtils.java:logGet(43)) - raft.server.rpc.sleep.time = 25ms (default)
2019-06-13 21:37:25,149 INFO  server.RaftServerConfigKeys (ConfUtils.java:logGet(43)) - raft.server.watch.timeout = 10s (default)
2019-06-13 21:37:25,149 INFO  server.RaftServerConfigKeys (ConfUtils.java:logGet(43)) - raft.server.watch.timeout.denomination = 1s (default)
2019-06-13 21:37:25,149 INFO  impl.RoleInfo (RoleInfo.java:updateAndGet(143)) - aad65329-233a-4e32-bff9-501922508392: start LeaderState
2019-06-13 21:37:25,149 INFO  storage.RaftLogWorker (RaftLogWorker.java:startLogSegment(298)) - aad65329-233a-4e32-bff9-501922508392-RaftLogWorker: Starting segment from index:0
2019-06-13 21:37:25,150 INFO  impl.RaftServerImpl (ServerState.java:setRaftConf(361)) - aad65329-233a-4e32-bff9-501922508392:group-53F347448D65 set configuration 0: [aad65329-233a-4e32-bff9-501922508392:192.168.11.218:43567], old=null at 0
2019-06-13 21:37:25,187 INFO  storage.RaftLogWorker (RaftLogWorker.java:execute(469)) - aad65329-233a-4e32-bff9-501922508392-RaftLogWorker: created new log segment /opt/src/hadoop-ozone/integration-test/target/test-dir/MiniOzoneClusterImpl-3a70d0bd-0a9c-43b3-a391-c6dfbab1366e/datanode-4/data/ratis/ccc80357-3054-4b08-84a8-53f347448d65/current/log_inprogress_0
2019-06-13 21:37:25,204 INFO  ozone.MiniOzoneClusterImpl (MiniOzoneClusterImpl.java:lambda$waitForClusterToBeReady$0(142)) - Cluster is ready. Got 6 of 6 DN Heartbeats.
2019-06-13 21:37:25,231 INFO  rpc.RpcClient (RpcClient.java:createVolume(289)) - Creating Volume: datanodefailurehandlingtest, with root as owner.
2019-06-13 21:37:25,260 INFO  rpc.RpcClient (RpcClient.java:createBucket(426)) - Creating Bucket: datanodefailurehandlingtest/datanodefailurehandlingtest, with Versioning false and Storage Type set to DISK and Encryption set to false 
2019-06-13 21:37:25,356 INFO  impl.FollowerState (FollowerState.java:run(101)) - 36315fdd-1398-4801-a40e-9ce939377f0f:group-FA60CF850E9E changes to CANDIDATE, lastRpcTime:1121, electionTimeout:1096ms
2019-06-13 21:37:25,356 INFO  impl.RoleInfo (RoleInfo.java:shutdownFollowerState(121)) - 36315fdd-1398-4801-a40e-9ce939377f0f: shutdown FollowerState
2019-06-13 21:37:25,357 INFO  impl.RaftServerImpl (RaftServerImpl.java:setRole(164)) - 36315fdd-1398-4801-a40e-9ce939377f0f:group-FA60CF850E9E changes role from FOLLOWER to CANDIDATE at term 0 for changeToCandidate
2019-06-13 21:37:25,357 INFO  impl.RoleInfo (RoleInfo.java:updateAndGet(143)) - 36315fdd-1398-4801-a40e-9ce939377f0f: start LeaderElection
2019-06-13 21:37:25,386 INFO  impl.FollowerState (FollowerState.java:run(101)) - a76d2ad0-1c5c-4003-bb4c-e397a26e8ebf:group-AE4F8CF61B9F changes to CANDIDATE, lastRpcTime:1169, electionTimeout:1167ms
2019-06-13 21:37:25,386 INFO  impl.RoleInfo (RoleInfo.java:shutdownFollowerState(121)) - a76d2ad0-1c5c-4003-bb4c-e397a26e8ebf: shutdown FollowerState
2019-06-13 21:37:25,386 INFO  impl.RaftServerImpl (RaftServerImpl.java:setRole(164)) - a76d2ad0-1c5c-4003-bb4c-e397a26e8ebf:group-AE4F8CF61B9F changes role from FOLLOWER to CANDIDATE at term 0 for changeToCandidate
2019-06-13 21:37:25,386 INFO  impl.RoleInfo (RoleInfo.java:updateAndGet(143)) - a76d2ad0-1c5c-4003-bb4c-e397a26e8ebf: start LeaderElection
2019-06-13 21:37:25,407 INFO  impl.FollowerState (FollowerState.java:run(101)) - aad65329-233a-4e32-bff9-501922508392:group-FA60CF850E9E changes to CANDIDATE, lastRpcTime:1172, electionTimeout:1172ms
2019-06-13 21:37:25,407 INFO  impl.RoleInfo (RoleInfo.java:shutdownFollowerState(121)) - aad65329-233a-4e32-bff9-501922508392: shutdown FollowerState
2019-06-13 21:37:25,408 INFO  impl.RaftServerImpl (RaftServerImpl.java:setRole(164)) - aad65329-233a-4e32-bff9-501922508392:group-FA60CF850E9E changes role from FOLLOWER to CANDIDATE at term 0 for changeToCandidate
2019-06-13 21:37:25,408 INFO  impl.RoleInfo (RoleInfo.java:updateAndGet(143)) - aad65329-233a-4e32-bff9-501922508392: start LeaderElection
2019-06-13 21:37:25,415 INFO  impl.LeaderElection (LeaderElection.java:askForVotes(181)) - aad65329-233a-4e32-bff9-501922508392:group-FA60CF850E9E:LeaderElection75: begin an election at term 1 for -1: [a76d2ad0-1c5c-4003-bb4c-e397a26e8ebf:192.168.11.218:33075, aad65329-233a-4e32-bff9-501922508392:192.168.11.218:43567, 36315fdd-1398-4801-a40e-9ce939377f0f:192.168.11.218:35877], old=null
2019-06-13 21:37:25,416 INFO  impl.LeaderElection (LeaderElection.java:askForVotes(181)) - a76d2ad0-1c5c-4003-bb4c-e397a26e8ebf:group-AE4F8CF61B9F:LeaderElection74: begin an election at term 1 for -1: [a76d2ad0-1c5c-4003-bb4c-e397a26e8ebf:192.168.11.218:33075], old=null
2019-06-13 21:37:25,416 INFO  impl.RoleInfo (RoleInfo.java:shutdownLeaderElection(134)) - a76d2ad0-1c5c-4003-bb4c-e397a26e8ebf: shutdown LeaderElection
2019-06-13 21:37:25,416 INFO  impl.RaftServerImpl (RaftServerImpl.java:setRole(164)) - a76d2ad0-1c5c-4003-bb4c-e397a26e8ebf:group-AE4F8CF61B9F changes role from CANDIDATE to LEADER at term 1 for changeToLeader
2019-06-13 21:37:25,416 INFO  impl.RaftServerImpl (ServerState.java:setLeader(263)) - a76d2ad0-1c5c-4003-bb4c-e397a26e8ebf:group-AE4F8CF61B9F change Leader from null to a76d2ad0-1c5c-4003-bb4c-e397a26e8ebf at term 1 for becomeLeader, leader elected after 1201ms
2019-06-13 21:37:25,416 INFO  server.RaftServerConfigKeys (ConfUtils.java:logGet(43)) - raft.server.staging.catchup.gap = 1000 (default)
2019-06-13 21:37:25,416 INFO  server.RaftServerConfigKeys (ConfUtils.java:logGet(43)) - raft.server.rpc.sleep.time = 25ms (default)
2019-06-13 21:37:25,416 INFO  server.RaftServerConfigKeys (ConfUtils.java:logGet(43)) - raft.server.watch.timeout = 10s (default)
2019-06-13 21:37:25,416 INFO  server.RaftServerConfigKeys (ConfUtils.java:logGet(43)) - raft.server.watch.timeout.denomination = 1s (default)
2019-06-13 21:37:25,416 INFO  impl.RoleInfo (RoleInfo.java:updateAndGet(143)) - a76d2ad0-1c5c-4003-bb4c-e397a26e8ebf: start LeaderState
2019-06-13 21:37:25,416 INFO  storage.RaftLogWorker (RaftLogWorker.java:startLogSegment(298)) - a76d2ad0-1c5c-4003-bb4c-e397a26e8ebf-RaftLogWorker: Starting segment from index:0
2019-06-13 21:37:25,422 INFO  impl.FollowerState (FollowerState.java:run(101)) - a76d2ad0-1c5c-4003-bb4c-e397a26e8ebf:group-FA60CF850E9E changes to CANDIDATE, lastRpcTime:1186, electionTimeout:1181ms
2019-06-13 21:37:25,423 INFO  impl.RoleInfo (RoleInfo.java:shutdownFollowerState(121)) - a76d2ad0-1c5c-4003-bb4c-e397a26e8ebf: shutdown FollowerState
2019-06-13 21:37:25,423 INFO  impl.RaftServerImpl (RaftServerImpl.java:setRole(164)) - a76d2ad0-1c5c-4003-bb4c-e397a26e8ebf:group-FA60CF850E9E changes role from FOLLOWER to CANDIDATE at term 0 for changeToCandidate
2019-06-13 21:37:25,427 INFO  impl.RaftServerImpl (ServerState.java:setRaftConf(361)) - a76d2ad0-1c5c-4003-bb4c-e397a26e8ebf:group-AE4F8CF61B9F set configuration 0: [a76d2ad0-1c5c-4003-bb4c-e397a26e8ebf:192.168.11.218:33075], old=null at 0
2019-06-13 21:37:25,427 INFO  impl.LeaderElection (LeaderElection.java:askForVotes(181)) - 36315fdd-1398-4801-a40e-9ce939377f0f:group-FA60CF850E9E:LeaderElection73: begin an election at term 1 for -1: [a76d2ad0-1c5c-4003-bb4c-e397a26e8ebf:192.168.11.218:33075, aad65329-233a-4e32-bff9-501922508392:192.168.11.218:43567, 36315fdd-1398-4801-a40e-9ce939377f0f:192.168.11.218:35877], old=null
2019-06-13 21:37:25,433 INFO  impl.RoleInfo (RoleInfo.java:updateAndGet(143)) - a76d2ad0-1c5c-4003-bb4c-e397a26e8ebf: start LeaderElection
2019-06-13 21:37:25,484 INFO  storage.RaftLogWorker (RaftLogWorker.java:execute(469)) - a76d2ad0-1c5c-4003-bb4c-e397a26e8ebf-RaftLogWorker: created new log segment /opt/src/hadoop-ozone/integration-test/target/test-dir/MiniOzoneClusterImpl-3a70d0bd-0a9c-43b3-a391-c6dfbab1366e/datanode-5/data/ratis/ab8d2edc-7359-4dbb-99d2-ae4f8cf61b9f/current/log_inprogress_0
2019-06-13 21:37:25,484 INFO  impl.LeaderElection (LeaderElection.java:askForVotes(181)) - a76d2ad0-1c5c-4003-bb4c-e397a26e8ebf:group-FA60CF850E9E:LeaderElection76: begin an election at term 1 for -1: [a76d2ad0-1c5c-4003-bb4c-e397a26e8ebf:192.168.11.218:33075, aad65329-233a-4e32-bff9-501922508392:192.168.11.218:43567, 36315fdd-1398-4801-a40e-9ce939377f0f:192.168.11.218:35877], old=null
2019-06-13 21:37:25,503 INFO  impl.LeaderElection (LeaderElection.java:logAndReturn(56)) - 36315fdd-1398-4801-a40e-9ce939377f0f:group-FA60CF850E9E:LeaderElection73: Election REJECTED; received 2 response(s) [36315fdd-1398-4801-a40e-9ce939377f0f->a76d2ad0-1c5c-4003-bb4c-e397a26e8ebf,false-t1, 36315fdd-1398-4801-a40e-9ce939377f0f->aad65329-233a-4e32-bff9-501922508392,false-t1] and 0 exception(s); 36315fdd-1398-4801-a40e-9ce939377f0f:t1, leader=null, voted=36315fdd-1398-4801-a40e-9ce939377f0f, raftlog=36315fdd-1398-4801-a40e-9ce939377f0f-SegmentedRaftLog:OPENED:c-1,f-1,i0, conf=-1: [a76d2ad0-1c5c-4003-bb4c-e397a26e8ebf:192.168.11.218:33075, aad65329-233a-4e32-bff9-501922508392:192.168.11.218:43567, 36315fdd-1398-4801-a40e-9ce939377f0f:192.168.11.218:35877], old=null
2019-06-13 21:37:25,511 INFO  impl.RaftServerImpl (RaftServerImpl.java:setRole(164)) - 36315fdd-1398-4801-a40e-9ce939377f0f:group-FA60CF850E9E changes role from CANDIDATE to FOLLOWER at term 1 for DISCOVERED_A_NEW_TERM
2019-06-13 21:37:25,511 INFO  impl.RoleInfo (RoleInfo.java:shutdownLeaderElection(134)) - 36315fdd-1398-4801-a40e-9ce939377f0f: shutdown LeaderElection
2019-06-13 21:37:25,511 INFO  impl.RoleInfo (RoleInfo.java:updateAndGet(143)) - 36315fdd-1398-4801-a40e-9ce939377f0f: start FollowerState
2019-06-13 21:37:25,513 INFO  impl.LeaderElection (LeaderElection.java:logAndReturn(56)) - aad65329-233a-4e32-bff9-501922508392:group-FA60CF850E9E:LeaderElection75: Election REJECTED; received 2 response(s) [aad65329-233a-4e32-bff9-501922508392->a76d2ad0-1c5c-4003-bb4c-e397a26e8ebf,false-t1, aad65329-233a-4e32-bff9-501922508392->36315fdd-1398-4801-a40e-9ce939377f0f,false-t1] and 0 exception(s); aad65329-233a-4e32-bff9-501922508392:t1, leader=null, voted=aad65329-233a-4e32-bff9-501922508392, raftlog=aad65329-233a-4e32-bff9-501922508392-SegmentedRaftLog:OPENED:c-1,f-1,i0, conf=-1: [a76d2ad0-1c5c-4003-bb4c-e397a26e8ebf:192.168.11.218:33075, aad65329-233a-4e32-bff9-501922508392:192.168.11.218:43567, 36315fdd-1398-4801-a40e-9ce939377f0f:192.168.11.218:35877], old=null
2019-06-13 21:37:25,513 INFO  impl.RaftServerImpl (RaftServerImpl.java:setRole(164)) - aad65329-233a-4e32-bff9-501922508392:group-FA60CF850E9E changes role from CANDIDATE to FOLLOWER at term 1 for DISCOVERED_A_NEW_TERM
2019-06-13 21:37:25,513 INFO  impl.RoleInfo (RoleInfo.java:shutdownLeaderElection(134)) - aad65329-233a-4e32-bff9-501922508392: shutdown LeaderElection
2019-06-13 21:37:25,513 INFO  impl.RoleInfo (RoleInfo.java:updateAndGet(143)) - aad65329-233a-4e32-bff9-501922508392: start FollowerState
2019-06-13 21:37:25,527 INFO  client.GrpcClientProtocolClient (GrpcClientProtocolClient.java:onNext(254)) - client-03147FF58EB4->f1f314c7-e01f-4880-8551-26c7c175045e: receive RaftClientReply:client-03147FF58EB4->f1f314c7-e01f-4880-8551-26c7c175045e@group-9BF77B4E22C9, cid=178, FAILED org.apache.ratis.protocol.NotLeaderException: Server f1f314c7-e01f-4880-8551-26c7c175045e is not the leader (5aec5faf-95c1-466a-80b5-885d1536bb8e:192.168.11.218:39625). Request must be sent to leader., logIndex=0, commits[f1f314c7-e01f-4880-8551-26c7c175045e:c-1, 5aec5faf-95c1-466a-80b5-885d1536bb8e:c-1, 5801dc37-c077-4608-8f08-86354f2b1b05:c-1]
2019-06-13 21:37:25,528 INFO  impl.LeaderElection (LeaderElection.java:logAndReturn(56)) - a76d2ad0-1c5c-4003-bb4c-e397a26e8ebf:group-FA60CF850E9E:LeaderElection76: Election REJECTED; received 2 response(s) [a76d2ad0-1c5c-4003-bb4c-e397a26e8ebf->aad65329-233a-4e32-bff9-501922508392,false-t1, a76d2ad0-1c5c-4003-bb4c-e397a26e8ebf->36315fdd-1398-4801-a40e-9ce939377f0f,false-t1] and 0 exception(s); a76d2ad0-1c5c-4003-bb4c-e397a26e8ebf:t1, leader=null, voted=a76d2ad0-1c5c-4003-bb4c-e397a26e8ebf, raftlog=a76d2ad0-1c5c-4003-bb4c-e397a26e8ebf-SegmentedRaftLog:OPENED:c-1,f-1,i0, conf=-1: [a76d2ad0-1c5c-4003-bb4c-e397a26e8ebf:192.168.11.218:33075, aad65329-233a-4e32-bff9-501922508392:192.168.11.218:43567, 36315fdd-1398-4801-a40e-9ce939377f0f:192.168.11.218:35877], old=null
2019-06-13 21:37:25,535 INFO  impl.RaftServerImpl (RaftServerImpl.java:setRole(164)) - a76d2ad0-1c5c-4003-bb4c-e397a26e8ebf:group-FA60CF850E9E changes role from CANDIDATE to FOLLOWER at term 1 for DISCOVERED_A_NEW_TERM
2019-06-13 21:37:25,535 INFO  impl.RoleInfo (RoleInfo.java:shutdownLeaderElection(134)) - a76d2ad0-1c5c-4003-bb4c-e397a26e8ebf: shutdown LeaderElection
2019-06-13 21:37:25,535 INFO  impl.RoleInfo (RoleInfo.java:updateAndGet(143)) - a76d2ad0-1c5c-4003-bb4c-e397a26e8ebf: start FollowerState
2019-06-13 21:37:25,549 WARN  client.GrpcClientProtocolService (LogUtils.java:warn(134)) - 0-OrderedRequestStreamObserver0: onError: org.apache.ratis.thirdparty.io.grpc.StatusRuntimeException: CANCELLED: cancelled before receiving half close
2019-06-13 21:37:26,555 INFO  client.GrpcClientProtocolClient (GrpcClientProtocolClient.java:onNext(254)) - client-03147FF58EB4->5801dc37-c077-4608-8f08-86354f2b1b05: receive RaftClientReply:client-03147FF58EB4->5801dc37-c077-4608-8f08-86354f2b1b05@group-9BF77B4E22C9, cid=178, FAILED org.apache.ratis.protocol.NotLeaderException: Server 5801dc37-c077-4608-8f08-86354f2b1b05 is not the leader (5aec5faf-95c1-466a-80b5-885d1536bb8e:192.168.11.218:39625). Request must be sent to leader., logIndex=0, commits[5801dc37-c077-4608-8f08-86354f2b1b05:c0, f1f314c7-e01f-4880-8551-26c7c175045e:c0, 5aec5faf-95c1-466a-80b5-885d1536bb8e:c0]
2019-06-13 21:37:26,559 WARN  client.GrpcClientProtocolService (LogUtils.java:warn(134)) - 0-OrderedRequestStreamObserver0: onError: org.apache.ratis.thirdparty.io.grpc.StatusRuntimeException: CANCELLED: cancelled before receiving half close
2019-06-13 21:37:26,619 INFO  impl.FollowerState (FollowerState.java:run(101)) - a76d2ad0-1c5c-4003-bb4c-e397a26e8ebf:group-FA60CF850E9E changes to CANDIDATE, lastRpcTime:1083, electionTimeout:1080ms
2019-06-13 21:37:26,619 INFO  impl.RoleInfo (RoleInfo.java:shutdownFollowerState(121)) - a76d2ad0-1c5c-4003-bb4c-e397a26e8ebf: shutdown FollowerState
2019-06-13 21:37:26,619 INFO  impl.RaftServerImpl (RaftServerImpl.java:setRole(164)) - a76d2ad0-1c5c-4003-bb4c-e397a26e8ebf:group-FA60CF850E9E changes role from FOLLOWER to CANDIDATE at term 1 for changeToCandidate
2019-06-13 21:37:26,619 INFO  impl.RoleInfo (RoleInfo.java:updateAndGet(143)) - a76d2ad0-1c5c-4003-bb4c-e397a26e8ebf: start LeaderElection
2019-06-13 21:37:26,622 INFO  impl.LeaderElection (LeaderElection.java:askForVotes(181)) - a76d2ad0-1c5c-4003-bb4c-e397a26e8ebf:group-FA60CF850E9E:LeaderElection77: begin an election at term 2 for -1: [a76d2ad0-1c5c-4003-bb4c-e397a26e8ebf:192.168.11.218:33075, aad65329-233a-4e32-bff9-501922508392:192.168.11.218:43567, 36315fdd-1398-4801-a40e-9ce939377f0f:192.168.11.218:35877], old=null
2019-06-13 21:37:26,623 INFO  impl.RaftServerImpl (RaftServerImpl.java:setRole(164)) - 36315fdd-1398-4801-a40e-9ce939377f0f:group-FA60CF850E9E changes role from FOLLOWER to FOLLOWER at term 2 for recognizeCandidate:a76d2ad0-1c5c-4003-bb4c-e397a26e8ebf
2019-06-13 21:37:26,623 INFO  impl.RaftServerImpl (RaftServerImpl.java:setRole(164)) - aad65329-233a-4e32-bff9-501922508392:group-FA60CF850E9E changes role from FOLLOWER to FOLLOWER at term 2 for recognizeCandidate:a76d2ad0-1c5c-4003-bb4c-e397a26e8ebf
2019-06-13 21:37:26,623 INFO  impl.RoleInfo (RoleInfo.java:shutdownFollowerState(121)) - 36315fdd-1398-4801-a40e-9ce939377f0f: shutdown FollowerState
2019-06-13 21:37:26,623 INFO  impl.RoleInfo (RoleInfo.java:shutdownFollowerState(121)) - aad65329-233a-4e32-bff9-501922508392: shutdown FollowerState
2019-06-13 21:37:26,623 INFO  impl.FollowerState (FollowerState.java:run(109)) - 36315fdd-1398-4801-a40e-9ce939377f0f: FollowerState was interrupted: java.lang.InterruptedException: sleep interrupted
2019-06-13 21:37:26,624 INFO  impl.FollowerState (FollowerState.java:run(109)) - aad65329-233a-4e32-bff9-501922508392: FollowerState was interrupted: java.lang.InterruptedException: sleep interrupted
2019-06-13 21:37:26,623 INFO  impl.RoleInfo (RoleInfo.java:updateAndGet(143)) - 36315fdd-1398-4801-a40e-9ce939377f0f: start FollowerState
2019-06-13 21:37:26,624 INFO  impl.RoleInfo (RoleInfo.java:updateAndGet(143)) - aad65329-233a-4e32-bff9-501922508392: start FollowerState
2019-06-13 21:37:26,626 INFO  impl.LeaderElection (LeaderElection.java:logAndReturn(56)) - a76d2ad0-1c5c-4003-bb4c-e397a26e8ebf:group-FA60CF850E9E:LeaderElection77: Election PASSED; received 1 response(s) [a76d2ad0-1c5c-4003-bb4c-e397a26e8ebf->aad65329-233a-4e32-bff9-501922508392,true-t2] and 0 exception(s); a76d2ad0-1c5c-4003-bb4c-e397a26e8ebf:t2, leader=null, voted=a76d2ad0-1c5c-4003-bb4c-e397a26e8ebf, raftlog=a76d2ad0-1c5c-4003-bb4c-e397a26e8ebf-SegmentedRaftLog:OPENED:c-1,f-1,i0, conf=-1: [a76d2ad0-1c5c-4003-bb4c-e397a26e8ebf:192.168.11.218:33075, aad65329-233a-4e32-bff9-501922508392:192.168.11.218:43567, 36315fdd-1398-4801-a40e-9ce939377f0f:192.168.11.218:35877], old=null
2019-06-13 21:37:26,626 INFO  impl.RoleInfo (RoleInfo.java:shutdownLeaderElection(134)) - a76d2ad0-1c5c-4003-bb4c-e397a26e8ebf: shutdown LeaderElection
2019-06-13 21:37:26,626 INFO  impl.RaftServerImpl (RaftServerImpl.java:setRole(164)) - a76d2ad0-1c5c-4003-bb4c-e397a26e8ebf:group-FA60CF850E9E changes role from CANDIDATE to LEADER at term 2 for changeToLeader
2019-06-13 21:37:26,626 INFO  impl.RaftServerImpl (ServerState.java:setLeader(263)) - a76d2ad0-1c5c-4003-bb4c-e397a26e8ebf:group-FA60CF850E9E change Leader from null to a76d2ad0-1c5c-4003-bb4c-e397a26e8ebf at term 2 for becomeLeader, leader elected after 2395ms
2019-06-13 21:37:26,627 INFO  server.RaftServerConfigKeys (ConfUtils.java:logGet(43)) - raft.server.staging.catchup.gap = 1000 (default)
2019-06-13 21:37:26,627 INFO  server.RaftServerConfigKeys (ConfUtils.java:logGet(43)) - raft.server.rpc.sleep.time = 25ms (default)
2019-06-13 21:37:26,627 INFO  server.RaftServerConfigKeys (ConfUtils.java:logGet(43)) - raft.server.watch.timeout = 10s (default)
2019-06-13 21:37:26,627 INFO  server.RaftServerConfigKeys (ConfUtils.java:logGet(43)) - raft.server.watch.timeout.denomination = 1s (default)
2019-06-13 21:37:26,627 INFO  server.RaftServerConfigKeys (ConfUtils.java:logGet(43)) - raft.server.log.appender.snapshot.chunk.size.max = 16MB (=16777216) (default)
2019-06-13 21:37:26,627 INFO  server.RaftServerConfigKeys (ConfUtils.java:logGet(43)) - raft.server.log.appender.buffer.byte-limit = 33554432 (custom)
2019-06-13 21:37:26,627 INFO  server.RaftServerConfigKeys (ConfUtils.java:logGet(43)) - raft.server.log.appender.buffer.element-limit = 1 (custom)
2019-06-13 21:37:26,627 INFO  grpc.GrpcConfigKeys$Server (ConfUtils.java:logGet(43)) - raft.grpc.server.leader.outstanding.appends.max = 128 (default)
2019-06-13 21:37:26,627 INFO  server.RaftServerConfigKeys (ConfUtils.java:logGet(43)) - raft.server.rpc.request.timeout = 3000ms (default)
2019-06-13 21:37:26,627 INFO  server.RaftServerConfigKeys (ConfUtils.java:logGet(43)) - raft.server.log.appender.install.snapshot.enabled = true (default)
2019-06-13 21:37:26,627 INFO  server.RaftServerConfigKeys (ConfUtils.java:logGet(43)) - raft.server.log.appender.snapshot.chunk.size.max = 16MB (=16777216) (default)
2019-06-13 21:37:26,627 INFO  server.RaftServerConfigKeys (ConfUtils.java:logGet(43)) - raft.server.log.appender.buffer.byte-limit = 33554432 (custom)
2019-06-13 21:37:26,627 INFO  server.RaftServerConfigKeys (ConfUtils.java:logGet(43)) - raft.server.log.appender.buffer.element-limit = 1 (custom)
2019-06-13 21:37:26,628 INFO  grpc.GrpcConfigKeys$Server (ConfUtils.java:logGet(43)) - raft.grpc.server.leader.outstanding.appends.max = 128 (default)
2019-06-13 21:37:26,628 INFO  server.RaftServerConfigKeys (ConfUtils.java:logGet(43)) - raft.server.rpc.request.timeout = 3000ms (default)
2019-06-13 21:37:26,628 INFO  server.RaftServerConfigKeys (ConfUtils.java:logGet(43)) - raft.server.log.appender.install.snapshot.enabled = true (default)
2019-06-13 21:37:26,628 INFO  impl.RoleInfo (RoleInfo.java:updateAndGet(143)) - a76d2ad0-1c5c-4003-bb4c-e397a26e8ebf: start LeaderState
2019-06-13 21:37:26,628 INFO  storage.RaftLogWorker (RaftLogWorker.java:startLogSegment(298)) - a76d2ad0-1c5c-4003-bb4c-e397a26e8ebf-RaftLogWorker: Starting segment from index:0
2019-06-13 21:37:26,629 INFO  impl.RaftServerImpl (ServerState.java:setLeader(263)) - aad65329-233a-4e32-bff9-501922508392:group-FA60CF850E9E change Leader from null to a76d2ad0-1c5c-4003-bb4c-e397a26e8ebf at term 2 for appendEntries, leader elected after 2396ms
2019-06-13 21:37:26,631 INFO  impl.RaftServerImpl (ServerState.java:setRaftConf(361)) - a76d2ad0-1c5c-4003-bb4c-e397a26e8ebf:group-FA60CF850E9E set configuration 0: [a76d2ad0-1c5c-4003-bb4c-e397a26e8ebf:192.168.11.218:33075, aad65329-233a-4e32-bff9-501922508392:192.168.11.218:43567, 36315fdd-1398-4801-a40e-9ce939377f0f:192.168.11.218:35877], old=null at 0
2019-06-13 21:37:26,632 INFO  impl.RaftServerImpl (ServerState.java:setLeader(263)) - 36315fdd-1398-4801-a40e-9ce939377f0f:group-FA60CF850E9E change Leader from null to a76d2ad0-1c5c-4003-bb4c-e397a26e8ebf at term 2 for appendEntries, leader elected after 2402ms
2019-06-13 21:37:26,633 INFO  impl.RaftServerImpl (ServerState.java:setRaftConf(361)) - aad65329-233a-4e32-bff9-501922508392:group-FA60CF850E9E set configuration 0: [a76d2ad0-1c5c-4003-bb4c-e397a26e8ebf:192.168.11.218:33075, aad65329-233a-4e32-bff9-501922508392:192.168.11.218:43567, 36315fdd-1398-4801-a40e-9ce939377f0f:192.168.11.218:35877], old=null at 0
2019-06-13 21:37:26,634 INFO  storage.RaftLogWorker (RaftLogWorker.java:startLogSegment(298)) - aad65329-233a-4e32-bff9-501922508392-RaftLogWorker: Starting segment from index:0
2019-06-13 21:37:26,635 INFO  impl.RaftServerImpl (ServerState.java:setRaftConf(361)) - 36315fdd-1398-4801-a40e-9ce939377f0f:group-FA60CF850E9E set configuration 0: [a76d2ad0-1c5c-4003-bb4c-e397a26e8ebf:192.168.11.218:33075, aad65329-233a-4e32-bff9-501922508392:192.168.11.218:43567, 36315fdd-1398-4801-a40e-9ce939377f0f:192.168.11.218:35877], old=null at 0
2019-06-13 21:37:26,635 INFO  storage.RaftLogWorker (RaftLogWorker.java:startLogSegment(298)) - 36315fdd-1398-4801-a40e-9ce939377f0f-RaftLogWorker: Starting segment from index:0
2019-06-13 21:37:26,673 INFO  storage.RaftLogWorker (RaftLogWorker.java:execute(469)) - aad65329-233a-4e32-bff9-501922508392-RaftLogWorker: created new log segment /opt/src/hadoop-ozone/integration-test/target/test-dir/MiniOzoneClusterImpl-3a70d0bd-0a9c-43b3-a391-c6dfbab1366e/datanode-4/data/ratis/600032d0-af30-455f-a534-fa60cf850e9e/current/log_inprogress_0
2019-06-13 21:37:26,677 INFO  storage.RaftLogWorker (RaftLogWorker.java:execute(469)) - a76d2ad0-1c5c-4003-bb4c-e397a26e8ebf-RaftLogWorker: created new log segment /opt/src/hadoop-ozone/integration-test/target/test-dir/MiniOzoneClusterImpl-3a70d0bd-0a9c-43b3-a391-c6dfbab1366e/datanode-5/data/ratis/600032d0-af30-455f-a534-fa60cf850e9e/current/log_inprogress_0
2019-06-13 21:37:26,682 INFO  storage.RaftLogWorker (RaftLogWorker.java:execute(469)) - 36315fdd-1398-4801-a40e-9ce939377f0f-RaftLogWorker: created new log segment /opt/src/hadoop-ozone/integration-test/target/test-dir/MiniOzoneClusterImpl-3a70d0bd-0a9c-43b3-a391-c6dfbab1366e/datanode-3/data/ratis/600032d0-af30-455f-a534-fa60cf850e9e/current/log_inprogress_0
2019-06-13 21:37:27,569 INFO  client.GrpcClientProtocolClient (GrpcClientProtocolClient.java:onNext(254)) - client-03147FF58EB4->f1f314c7-e01f-4880-8551-26c7c175045e: receive RaftClientReply:client-03147FF58EB4->f1f314c7-e01f-4880-8551-26c7c175045e@group-9BF77B4E22C9, cid=178, FAILED org.apache.ratis.protocol.NotLeaderException: Server f1f314c7-e01f-4880-8551-26c7c175045e is not the leader (5aec5faf-95c1-466a-80b5-885d1536bb8e:192.168.11.218:39625). Request must be sent to leader., logIndex=0, commits[f1f314c7-e01f-4880-8551-26c7c175045e:c0, 5aec5faf-95c1-466a-80b5-885d1536bb8e:c0, 5801dc37-c077-4608-8f08-86354f2b1b05:c0]
2019-06-13 21:37:27,572 WARN  client.GrpcClientProtocolService (LogUtils.java:warn(134)) - 1-OrderedRequestStreamObserver1: onError: org.apache.ratis.thirdparty.io.grpc.StatusRuntimeException: CANCELLED: cancelled before receiving half close
2019-06-13 21:37:28,643 INFO  client.GrpcClientProtocolClient (GrpcClientProtocolClient.java:onNext(254)) - client-03147FF58EB4->5aec5faf-95c1-466a-80b5-885d1536bb8e: receive RaftClientReply:client-03147FF58EB4->5aec5faf-95c1-466a-80b5-885d1536bb8e@group-9BF77B4E22C9, cid=178, SUCCESS, logIndex=1, commits[5aec5faf-95c1-466a-80b5-885d1536bb8e:c1, f1f314c7-e01f-4880-8551-26c7c175045e:c0, 5801dc37-c077-4608-8f08-86354f2b1b05:c0]
2019-06-13 21:37:28,664 INFO  client.GrpcClientProtocolClient (GrpcClientProtocolClient.java:onNext(254)) - client-03147FF58EB4->5aec5faf-95c1-466a-80b5-885d1536bb8e: receive RaftClientReply:client-03147FF58EB4->5aec5faf-95c1-466a-80b5-885d1536bb8e@group-9BF77B4E22C9, cid=179, SUCCESS, logIndex=3, commits[5aec5faf-95c1-466a-80b5-885d1536bb8e:c4, f1f314c7-e01f-4880-8551-26c7c175045e:c2, 5801dc37-c077-4608-8f08-86354f2b1b05:c2]
2019-06-13 21:37:28,682 INFO  client.GrpcClientProtocolClient (GrpcClientProtocolClient.java:onNext(254)) - client-03147FF58EB4->5aec5faf-95c1-466a-80b5-885d1536bb8e: receive RaftClientReply:client-03147FF58EB4->5aec5faf-95c1-466a-80b5-885d1536bb8e@group-9BF77B4E22C9, cid=180, SUCCESS, logIndex=5, commits[5aec5faf-95c1-466a-80b5-885d1536bb8e:c5, f1f314c7-e01f-4880-8551-26c7c175045e:c2, 5801dc37-c077-4608-8f08-86354f2b1b05:c4]
2019-06-13 21:37:28,698 INFO  client.GrpcClientProtocolClient (GrpcClientProtocolClient.java:onNext(254)) - client-03147FF58EB4->5aec5faf-95c1-466a-80b5-885d1536bb8e: receive RaftClientReply:client-03147FF58EB4->5aec5faf-95c1-466a-80b5-885d1536bb8e@group-9BF77B4E22C9, cid=181, SUCCESS, logIndex=6, commits[5aec5faf-95c1-466a-80b5-885d1536bb8e:c8, f1f314c7-e01f-4880-8551-26c7c175045e:c6, 5801dc37-c077-4608-8f08-86354f2b1b05:c6]
2019-06-13 21:37:28,713 INFO  client.GrpcClientProtocolClient (GrpcClientProtocolClient.java:onNext(254)) - client-03147FF58EB4->5aec5faf-95c1-466a-80b5-885d1536bb8e: receive RaftClientReply:client-03147FF58EB4->5aec5faf-95c1-466a-80b5-885d1536bb8e@group-9BF77B4E22C9, cid=182, SUCCESS, logIndex=9, commits[5aec5faf-95c1-466a-80b5-885d1536bb8e:c9, f1f314c7-e01f-4880-8551-26c7c175045e:c8, 5801dc37-c077-4608-8f08-86354f2b1b05:c6]
2019-06-13 21:37:28,723 INFO  client.GrpcClientProtocolClient (GrpcClientProtocolClient.java:onNext(254)) - client-03147FF58EB4->5aec5faf-95c1-466a-80b5-885d1536bb8e: receive RaftClientReply:client-03147FF58EB4->5aec5faf-95c1-466a-80b5-885d1536bb8e@group-9BF77B4E22C9, cid=183, SUCCESS, logIndex=11, commits[5aec5faf-95c1-466a-80b5-885d1536bb8e:c11, f1f314c7-e01f-4880-8551-26c7c175045e:c9, 5801dc37-c077-4608-8f08-86354f2b1b05:c9]
2019-06-13 21:37:28,728 INFO  client.GrpcClientProtocolClient (GrpcClientProtocolClient.java:onNext(254)) - client-03147FF58EB4->5aec5faf-95c1-466a-80b5-885d1536bb8e: receive RaftClientReply:client-03147FF58EB4->5aec5faf-95c1-466a-80b5-885d1536bb8e@group-9BF77B4E22C9, cid=184, SUCCESS, logIndex=12, commits[5aec5faf-95c1-466a-80b5-885d1536bb8e:c12, f1f314c7-e01f-4880-8551-26c7c175045e:c10, 5801dc37-c077-4608-8f08-86354f2b1b05:c9]
2019-06-13 21:37:28,735 INFO  client.GrpcClientProtocolClient (GrpcClientProtocolClient.java:onNext(254)) - client-03147FF58EB4->5aec5faf-95c1-466a-80b5-885d1536bb8e: receive RaftClientReply:client-03147FF58EB4->5aec5faf-95c1-466a-80b5-885d1536bb8e@group-9BF77B4E22C9, cid=185, SUCCESS, logIndex=13, commits[5aec5faf-95c1-466a-80b5-885d1536bb8e:c14, f1f314c7-e01f-4880-8551-26c7c175045e:c10, 5801dc37-c077-4608-8f08-86354f2b1b05:c11]
2019-06-13 21:37:28,742 INFO  client.GrpcClientProtocolClient (GrpcClientProtocolClient.java:onNext(254)) - client-03147FF58EB4->5aec5faf-95c1-466a-80b5-885d1536bb8e: receive RaftClientReply:client-03147FF58EB4->5aec5faf-95c1-466a-80b5-885d1536bb8e@group-9BF77B4E22C9, cid=186, SUCCESS, logIndex=0, commits[5aec5faf-95c1-466a-80b5-885d1536bb8e:c15, f1f314c7-e01f-4880-8551-26c7c175045e:c12, 5801dc37-c077-4608-8f08-86354f2b1b05:c12]
2019-06-13 21:37:28,743 INFO  client.GrpcClientProtocolClient (GrpcClientProtocolClient.java:onNext(254)) - client-03147FF58EB4->5aec5faf-95c1-466a-80b5-885d1536bb8e: receive RaftClientReply:client-03147FF58EB4->5aec5faf-95c1-466a-80b5-885d1536bb8e@group-9BF77B4E22C9, cid=187, SUCCESS, logIndex=0, commits[5aec5faf-95c1-466a-80b5-885d1536bb8e:c16, f1f314c7-e01f-4880-8551-26c7c175045e:c13, 5801dc37-c077-4608-8f08-86354f2b1b05:c13]
2019-06-13 21:37:28,751 INFO  datanode.ObjectStoreHandler (ObjectStoreHandler.java:close(155)) - Closing ObjectStoreHandler.
2019-06-13 21:37:28,752 INFO  ozone.HddsDatanodeService (HddsDatanodeService.java:stop(452)) - Stopped plug-in org.apache.hadoop.ozone.web.OzoneHddsDatanodeService@7cc8fd4b
2019-06-13 21:37:28,752 INFO  statemachine.DatanodeStateMachine (DatanodeStateMachine.java:lambda$startDaemon$0(350)) - Ozone container server started.
2019-06-13 21:37:28,752 INFO  ozoneimpl.OzoneContainer (OzoneContainer.java:stop(199)) - Attempting to stop container services.
2019-06-13 21:37:28,752 INFO  impl.RaftServerProxy (RaftServerProxy.java:lambda$close$4(314)) - f1f314c7-e01f-4880-8551-26c7c175045e: close
2019-06-13 21:37:28,753 INFO  impl.RaftServerImpl (RaftServerImpl.java:lambda$shutdown$3(238)) - f1f314c7-e01f-4880-8551-26c7c175045e: shutdown group-9BF77B4E22C9
2019-06-13 21:37:28,753 INFO  util.JmxRegister (JmxRegister.java:unregister(73)) - Successfully un-registered JMX Bean with object name Ratis:service=RaftServer,group=group-9BF77B4E22C9,id=f1f314c7-e01f-4880-8551-26c7c175045e
2019-06-13 21:37:28,753 INFO  impl.RoleInfo (RoleInfo.java:shutdownFollowerState(121)) - f1f314c7-e01f-4880-8551-26c7c175045e: shutdown FollowerState
2019-06-13 21:37:28,754 INFO  impl.FollowerState (FollowerState.java:run(109)) - f1f314c7-e01f-4880-8551-26c7c175045e: FollowerState was interrupted: java.lang.InterruptedException: sleep interrupted
2019-06-13 21:37:28,754 INFO  ratis.ContainerStateMachine (ContainerStateMachine.java:takeSnapshot(245)) - Taking snapshot at termIndex:(t:1, i:13)
2019-06-13 21:37:28,754 INFO  ratis.ContainerStateMachine (ContainerStateMachine.java:takeSnapshot(249)) - Taking a snapshot to file /opt/src/hadoop-ozone/integration-test/target/test-dir/MiniOzoneClusterImpl-3a70d0bd-0a9c-43b3-a391-c6dfbab1366e/datanode-1/data/ratis/70542c91-2426-4632-9328-9bf77b4e22c9/sm/snapshot.1_13
2019-06-13 21:37:28,754 INFO  impl.StateMachineUpdater (StateMachineUpdater.java:stopAndJoin(109)) - StateMachineUpdater-f1f314c7-e01f-4880-8551-26c7c175045e-group-9BF77B4E22C9: set stopIndex = 13
2019-06-13 21:37:28,754 INFO  impl.RaftServerImpl (ServerState.java:close(394)) - f1f314c7-e01f-4880-8551-26c7c175045e:group-9BF77B4E22C9 closes. The last applied log index is 13
2019-06-13 21:37:28,755 INFO  storage.RaftLogWorker (RaftLogWorker.java:run(236)) - f1f314c7-e01f-4880-8551-26c7c175045e-RaftLogWorker was interrupted, exiting. There are 0 tasks remaining in the queue.
2019-06-13 21:37:28,761 INFO  storage.RaftLogWorker (RaftLogWorker.java:close(168)) - f1f314c7-e01f-4880-8551-26c7c175045e-RaftLogWorker close()
2019-06-13 21:37:28,763 INFO  impl.RaftServerImpl (RaftServerImpl.java:lambda$shutdown$3(238)) - f1f314c7-e01f-4880-8551-26c7c175045e: shutdown group-05F6CAF12F91
2019-06-13 21:37:28,763 INFO  util.JmxRegister (JmxRegister.java:unregister(73)) - Successfully un-registered JMX Bean with object name Ratis:service=RaftServer,group=group-05F6CAF12F91,id=f1f314c7-e01f-4880-8551-26c7c175045e
2019-06-13 21:37:28,765 INFO  impl.RoleInfo (RoleInfo.java:shutdownLeaderState(104)) - f1f314c7-e01f-4880-8551-26c7c175045e: shutdown LeaderState
2019-06-13 21:37:28,765 INFO  impl.PendingRequests (PendingRequests.java:sendNotLeaderResponses(140)) - f1f314c7-e01f-4880-8551-26c7c175045e-PendingRequests: sendNotLeaderResponses
2019-06-13 21:37:28,773 INFO  impl.StateMachineUpdater (StateMachineUpdater.java:stopAndJoin(109)) - StateMachineUpdater-f1f314c7-e01f-4880-8551-26c7c175045e-group-05F6CAF12F91: set stopIndex = 0
2019-06-13 21:37:28,773 INFO  ratis.ContainerStateMachine (ContainerStateMachine.java:takeSnapshot(245)) - Taking snapshot at termIndex:(t:0, i:~)
2019-06-13 21:37:28,774 INFO  impl.RaftServerImpl (ServerState.java:close(394)) - f1f314c7-e01f-4880-8551-26c7c175045e:group-05F6CAF12F91 closes. The last applied log index is 0
2019-06-13 21:37:28,774 INFO  storage.RaftLogWorker (RaftLogWorker.java:run(236)) - f1f314c7-e01f-4880-8551-26c7c175045e-RaftLogWorker was interrupted, exiting. There are 0 tasks remaining in the queue.
2019-06-13 21:37:28,776 INFO  storage.RaftLogWorker (RaftLogWorker.java:close(168)) - f1f314c7-e01f-4880-8551-26c7c175045e-RaftLogWorker close()
2019-06-13 21:37:28,779 INFO  server.GrpcService (GrpcService.java:closeImpl(154)) - f1f314c7-e01f-4880-8551-26c7c175045e: shutdown server with port 42885 now
2019-06-13 21:37:28,779 WARN  server.GrpcLogAppender (LogUtils.java:warn(134)) - 5aec5faf-95c1-466a-80b5-885d1536bb8e: Failed appendEntries to f1f314c7-e01f-4880-8551-26c7c175045e:192.168.11.218:42885: org.apache.ratis.thirdparty.io.grpc.StatusRuntimeException: CANCELLED: HTTP/2 error code: CANCEL
Received Rst Stream
2019-06-13 21:37:28,780 INFO  impl.FollowerInfo (FollowerInfo.java:lambda$new$0(50)) - 5aec5faf-95c1-466a-80b5-885d1536bb8e->f1f314c7-e01f-4880-8551-26c7c175045e: nextIndex: updateUnconditionally 18 -> 0
2019-06-13 21:37:28,780 WARN  server.GrpcServerProtocolService (LogUtils.java:warn(134)) - f1f314c7-e01f-4880-8551-26c7c175045e: appendEntries onError: org.apache.ratis.thirdparty.io.grpc.StatusRuntimeException: CANCELLED: cancelled before receiving half close
2019-06-13 21:37:28,780 INFO  server.GrpcService (GrpcService.java:closeImpl(162)) - f1f314c7-e01f-4880-8551-26c7c175045e: shutdown server with port 42885 successfully
2019-06-13 21:37:28,784 WARN  fs.CachingGetSpaceUsed (CachingGetSpaceUsed.java:run(183)) - Thread Interrupted waiting to refresh disk information: sleep interrupted
2019-06-13 21:37:28,809 INFO  statemachine.DatanodeStateMachine (DatanodeStateMachine.java:stopDaemon(395)) - Ozone container server stopped.
2019-06-13 21:37:28,847 INFO  handler.ContextHandler (ContextHandler.java:doStop(910)) - Stopped o.e.j.w.WebAppContext@38c840fb{/,null,UNAVAILABLE}{/hddsDatanode}
2019-06-13 21:37:28,854 WARN  server.GrpcLogAppender (LogUtils.java:warn(134)) - 5aec5faf-95c1-466a-80b5-885d1536bb8e: Failed appendEntries to f1f314c7-e01f-4880-8551-26c7c175045e:192.168.11.218:42885: org.apache.ratis.thirdparty.io.grpc.StatusRuntimeException: UNAVAILABLE: io exception
2019-06-13 21:37:28,854 INFO  impl.FollowerInfo (FollowerInfo.java:lambda$new$0(50)) - 5aec5faf-95c1-466a-80b5-885d1536bb8e->f1f314c7-e01f-4880-8551-26c7c175045e: nextIndex: updateUnconditionally 1 -> 0
2019-06-13 21:37:28,858 INFO  server.AbstractConnector (AbstractConnector.java:doStop(318)) - Stopped ServerConnector@fbc1de9{HTTP/1.1,[http/1.1]}{0.0.0.0:0}
2019-06-13 21:37:28,859 INFO  handler.ContextHandler (ContextHandler.java:doStop(910)) - Stopped o.e.j.s.ServletContextHandler@2420e962{/static,jar:file:/root/.m2/repository/org/apache/hadoop/hadoop-hdds-container-service/0.5.0-SNAPSHOT/hadoop-hdds-container-service-0.5.0-SNAPSHOT.jar!/webapps/static,UNAVAILABLE}
2019-06-13 21:37:28,859 INFO  handler.ContextHandler (ContextHandler.java:doStop(910)) - Stopped o.e.j.s.ServletContextHandler@b7e53b1{/logs,file:///opt/src/hadoop-ozone/integration-test/target/log,UNAVAILABLE}
2019-06-13 21:37:28,859 INFO  client.GrpcClientProtocolClient (GrpcClientProtocolClient.java:onNext(254)) - client-03147FF58EB4->5aec5faf-95c1-466a-80b5-885d1536bb8e: receive RaftClientReply:client-03147FF58EB4->5aec5faf-95c1-466a-80b5-885d1536bb8e@group-9BF77B4E22C9, cid=188, SUCCESS, logIndex=17, commits[5aec5faf-95c1-466a-80b5-885d1536bb8e:c17, f1f314c7-e01f-4880-8551-26c7c175045e:c13, 5801dc37-c077-4608-8f08-86354f2b1b05:c16]
2019-06-13 21:37:28,861 INFO  datanode.ObjectStoreHandler (ObjectStoreHandler.java:close(155)) - Closing ObjectStoreHandler.
2019-06-13 21:37:28,861 INFO  ozone.HddsDatanodeService (HddsDatanodeService.java:stop(452)) - Stopped plug-in org.apache.hadoop.ozone.web.OzoneHddsDatanodeService@7df0bb1
2019-06-13 21:37:28,861 WARN  server.GrpcLogAppender (LogUtils.java:warn(134)) - 5aec5faf-95c1-466a-80b5-885d1536bb8e: Failed appendEntries to f1f314c7-e01f-4880-8551-26c7c175045e:192.168.11.218:42885: org.apache.ratis.thirdparty.io.grpc.StatusRuntimeException: UNAVAILABLE: io exception
2019-06-13 21:37:28,861 INFO  impl.FollowerInfo (FollowerInfo.java:lambda$new$0(50)) - 5aec5faf-95c1-466a-80b5-885d1536bb8e->f1f314c7-e01f-4880-8551-26c7c175045e: nextIndex: updateUnconditionally 1 -> 0
2019-06-13 21:37:28,862 INFO  statemachine.DatanodeStateMachine (DatanodeStateMachine.java:lambda$startDaemon$0(350)) - Ozone container server started.
2019-06-13 21:37:28,862 INFO  ozoneimpl.OzoneContainer (OzoneContainer.java:stop(199)) - Attempting to stop container services.
2019-06-13 21:37:28,862 INFO  impl.RaftServerProxy (RaftServerProxy.java:lambda$close$4(314)) - 5aec5faf-95c1-466a-80b5-885d1536bb8e: close
2019-06-13 21:37:28,863 INFO  impl.RaftServerImpl (RaftServerImpl.java:lambda$shutdown$3(238)) - 5aec5faf-95c1-466a-80b5-885d1536bb8e: shutdown group-9BF77B4E22C9
2019-06-13 21:37:28,863 INFO  util.JmxRegister (JmxRegister.java:unregister(73)) - Successfully un-registered JMX Bean with object name Ratis:service=RaftServer,group=group-9BF77B4E22C9,id=5aec5faf-95c1-466a-80b5-885d1536bb8e
2019-06-13 21:37:28,863 WARN  server.GrpcLogAppender (LogUtils.java:warn(134)) - 5aec5faf-95c1-466a-80b5-885d1536bb8e: Failed appendEntries to f1f314c7-e01f-4880-8551-26c7c175045e:192.168.11.218:42885: org.apache.ratis.thirdparty.io.grpc.StatusRuntimeException: UNAVAILABLE: io exception
2019-06-13 21:37:28,863 INFO  impl.RoleInfo (RoleInfo.java:shutdownLeaderState(104)) - 5aec5faf-95c1-466a-80b5-885d1536bb8e: shutdown LeaderState
2019-06-13 21:37:28,863 INFO  impl.FollowerInfo (FollowerInfo.java:lambda$new$0(50)) - 5aec5faf-95c1-466a-80b5-885d1536bb8e->f1f314c7-e01f-4880-8551-26c7c175045e: nextIndex: updateUnconditionally 1 -> 0
2019-06-13 21:37:28,864 WARN  server.GrpcLogAppender (GrpcLogAppender.java:mayWait(142)) - GrpcLogAppender(5aec5faf-95c1-466a-80b5-885d1536bb8e -> 5801dc37-c077-4608-8f08-86354f2b1b05): Wait interrupted by java.lang.InterruptedException
2019-06-13 21:37:28,864 INFO  impl.PendingRequests (PendingRequests.java:sendNotLeaderResponses(140)) - 5aec5faf-95c1-466a-80b5-885d1536bb8e-PendingRequests: sendNotLeaderResponses
2019-06-13 21:37:28,864 WARN  server.GrpcLogAppender (GrpcLogAppender.java:mayWait(142)) - GrpcLogAppender(5aec5faf-95c1-466a-80b5-885d1536bb8e -> f1f314c7-e01f-4880-8551-26c7c175045e): Wait interrupted by java.lang.InterruptedException
2019-06-13 21:37:28,864 INFO  server.GrpcServerProtocolService (GrpcServerProtocolService.java:onCompleted(104)) - 5801dc37-c077-4608-8f08-86354f2b1b05: appendEntries completed
2019-06-13 21:37:28,864 INFO  server.GrpcLogAppender (GrpcLogAppender.java:onCompleted(277)) - 5aec5faf-95c1-466a-80b5-885d1536bb8e: follower 5aec5faf-95c1-466a-80b5-885d1536bb8e->5801dc37-c077-4608-8f08-86354f2b1b05(c17,m19,n21, attendVote=true, lastRpcSendTime=1, lastRpcResponseTime=3) response Completed
2019-06-13 21:37:28,865 INFO  impl.FollowerInfo (FollowerInfo.java:lambda$new$0(50)) - 5aec5faf-95c1-466a-80b5-885d1536bb8e->5801dc37-c077-4608-8f08-86354f2b1b05: nextIndex: updateUnconditionally 21 -> 0
2019-06-13 21:37:28,870 INFO  impl.StateMachineUpdater (StateMachineUpdater.java:stopAndJoin(109)) - StateMachineUpdater-5aec5faf-95c1-466a-80b5-885d1536bb8e-group-9BF77B4E22C9: set stopIndex = 19
2019-06-13 21:37:28,870 INFO  ratis.ContainerStateMachine (ContainerStateMachine.java:takeSnapshot(245)) - Taking snapshot at termIndex:(t:1, i:17)
2019-06-13 21:37:28,870 INFO  ratis.ContainerStateMachine (ContainerStateMachine.java:takeSnapshot(249)) - Taking a snapshot to file /opt/src/hadoop-ozone/integration-test/target/test-dir/MiniOzoneClusterImpl-3a70d0bd-0a9c-43b3-a391-c6dfbab1366e/datanode-2/data/ratis/70542c91-2426-4632-9328-9bf77b4e22c9/sm/snapshot.1_17
2019-06-13 21:37:28,873 INFO  impl.RaftServerImpl (ServerState.java:close(394)) - 5aec5faf-95c1-466a-80b5-885d1536bb8e:group-9BF77B4E22C9 closes. The last applied log index is 19
2019-06-13 21:37:28,874 INFO  storage.RaftLogWorker (RaftLogWorker.java:run(236)) - 5aec5faf-95c1-466a-80b5-885d1536bb8e-RaftLogWorker was interrupted, exiting. There are 0 tasks remaining in the queue.
2019-06-13 21:37:28,875 INFO  storage.RaftLogWorker (RaftLogWorker.java:close(168)) - 5aec5faf-95c1-466a-80b5-885d1536bb8e-RaftLogWorker close()
2019-06-13 21:37:28,878 INFO  impl.RaftServerImpl (RaftServerImpl.java:lambda$shutdown$3(238)) - 5aec5faf-95c1-466a-80b5-885d1536bb8e: shutdown group-D9901F7EC6CD
2019-06-13 21:37:28,878 INFO  util.JmxRegister (JmxRegister.java:unregister(73)) - Successfully un-registered JMX Bean with object name Ratis:service=RaftServer,group=group-D9901F7EC6CD,id=5aec5faf-95c1-466a-80b5-885d1536bb8e
2019-06-13 21:37:28,878 INFO  impl.RoleInfo (RoleInfo.java:shutdownLeaderState(104)) - 5aec5faf-95c1-466a-80b5-885d1536bb8e: shutdown LeaderState
2019-06-13 21:37:28,878 INFO  impl.PendingRequests (PendingRequests.java:sendNotLeaderResponses(140)) - 5aec5faf-95c1-466a-80b5-885d1536bb8e-PendingRequests: sendNotLeaderResponses
2019-06-13 21:37:28,878 INFO  impl.StateMachineUpdater (StateMachineUpdater.java:stopAndJoin(109)) - StateMachineUpdater-5aec5faf-95c1-466a-80b5-885d1536bb8e-group-D9901F7EC6CD: set stopIndex = 0
2019-06-13 21:37:28,878 INFO  ratis.ContainerStateMachine (ContainerStateMachine.java:takeSnapshot(245)) - Taking snapshot at termIndex:(t:0, i:~)
2019-06-13 21:37:28,879 INFO  impl.RaftServerImpl (ServerState.java:close(394)) - 5aec5faf-95c1-466a-80b5-885d1536bb8e:group-D9901F7EC6CD closes. The last applied log index is 0
2019-06-13 21:37:28,879 INFO  storage.RaftLogWorker (RaftLogWorker.java:run(236)) - 5aec5faf-95c1-466a-80b5-885d1536bb8e-RaftLogWorker was interrupted, exiting. There are 0 tasks remaining in the queue.
2019-06-13 21:37:28,880 INFO  storage.RaftLogWorker (RaftLogWorker.java:close(168)) - 5aec5faf-95c1-466a-80b5-885d1536bb8e-RaftLogWorker close()
2019-06-13 21:37:28,882 INFO  server.GrpcService (GrpcService.java:closeImpl(154)) - 5aec5faf-95c1-466a-80b5-885d1536bb8e: shutdown server with port 39625 now
2019-06-13 21:37:28,882 INFO  server.GrpcService (GrpcService.java:closeImpl(162)) - 5aec5faf-95c1-466a-80b5-885d1536bb8e: shutdown server with port 39625 successfully
2019-06-13 21:37:28,883 WARN  fs.CachingGetSpaceUsed (CachingGetSpaceUsed.java:run(183)) - Thread Interrupted waiting to refresh disk information: sleep interrupted
2019-06-13 21:37:28,894 INFO  statemachine.DatanodeStateMachine (DatanodeStateMachine.java:stopDaemon(395)) - Ozone container server stopped.
2019-06-13 21:37:28,895 INFO  handler.ContextHandler (ContextHandler.java:doStop(910)) - Stopped o.e.j.w.WebAppContext@1635e239{/,null,UNAVAILABLE}{/hddsDatanode}
2019-06-13 21:37:28,895 INFO  server.AbstractConnector (AbstractConnector.java:doStop(318)) - Stopped ServerConnector@5d27a744{HTTP/1.1,[http/1.1]}{0.0.0.0:0}
2019-06-13 21:37:28,895 INFO  handler.ContextHandler (ContextHandler.java:doStop(910)) - Stopped o.e.j.s.ServletContextHandler@428e875f{/static,jar:file:/root/.m2/repository/org/apache/hadoop/hadoop-hdds-container-service/0.5.0-SNAPSHOT/hadoop-hdds-container-service-0.5.0-SNAPSHOT.jar!/webapps/static,UNAVAILABLE}
2019-06-13 21:37:28,895 INFO  handler.ContextHandler (ContextHandler.java:doStop(910)) - Stopped o.e.j.s.ServletContextHandler@35e7cdb2{/logs,file:///opt/src/hadoop-ozone/integration-test/target/log,UNAVAILABLE}
2019-06-13 21:37:29,878 INFO  client.GrpcClientProtocolClient (GrpcClientProtocolClient.java:onNext(254)) - client-03147FF58EB4->5801dc37-c077-4608-8f08-86354f2b1b05: receive RaftClientReply:client-03147FF58EB4->5801dc37-c077-4608-8f08-86354f2b1b05@group-9BF77B4E22C9, cid=189, FAILED org.apache.ratis.protocol.NotLeaderException: Server 5801dc37-c077-4608-8f08-86354f2b1b05 is not the leader (5aec5faf-95c1-466a-80b5-885d1536bb8e:192.168.11.218:39625). Request must be sent to leader., logIndex=0, commits[5801dc37-c077-4608-8f08-86354f2b1b05:c19, f1f314c7-e01f-4880-8551-26c7c175045e:c13, 5aec5faf-95c1-466a-80b5-885d1536bb8e:c19]
2019-06-13 21:37:29,881 WARN  client.GrpcClientProtocolService (LogUtils.java:warn(134)) - 1-OrderedRequestStreamObserver1: onError: org.apache.ratis.thirdparty.io.grpc.StatusRuntimeException: CANCELLED: cancelled before receiving half close
2019-06-13 21:37:30,389 INFO  impl.FollowerState (FollowerState.java:run(101)) - 5801dc37-c077-4608-8f08-86354f2b1b05:group-9BF77B4E22C9 changes to CANDIDATE, lastRpcTime:1524, electionTimeout:1026ms
2019-06-13 21:37:30,389 INFO  impl.RoleInfo (RoleInfo.java:shutdownFollowerState(121)) - 5801dc37-c077-4608-8f08-86354f2b1b05: shutdown FollowerState
2019-06-13 21:37:30,389 INFO  impl.RaftServerImpl (RaftServerImpl.java:setRole(164)) - 5801dc37-c077-4608-8f08-86354f2b1b05:group-9BF77B4E22C9 changes role from FOLLOWER to CANDIDATE at term 1 for changeToCandidate
2019-06-13 21:37:30,389 INFO  impl.RoleInfo (RoleInfo.java:updateAndGet(143)) - 5801dc37-c077-4608-8f08-86354f2b1b05: start LeaderElection
2019-06-13 21:37:30,389 INFO  impl.RaftServerImpl (ServerState.java:setLeader(263)) - 5801dc37-c077-4608-8f08-86354f2b1b05:group-9BF77B4E22C9 change Leader from 5aec5faf-95c1-466a-80b5-885d1536bb8e to null at term 1 for initElection
2019-06-13 21:37:30,391 INFO  impl.LeaderElection (LeaderElection.java:askForVotes(181)) - 5801dc37-c077-4608-8f08-86354f2b1b05:group-9BF77B4E22C9:LeaderElection78: begin an election at term 2 for 0: [f1f314c7-e01f-4880-8551-26c7c175045e:192.168.11.218:42885, 5aec5faf-95c1-466a-80b5-885d1536bb8e:192.168.11.218:39625, 5801dc37-c077-4608-8f08-86354f2b1b05:192.168.11.218:35099], old=null
2019-06-13 21:37:30,399 INFO  impl.LeaderElection (LogUtils.java:infoOrTrace(149)) - 5801dc37-c077-4608-8f08-86354f2b1b05:group-9BF77B4E22C9:LeaderElection78 got exception when requesting votes: {}
java.util.concurrent.ExecutionException: org.apache.ratis.thirdparty.io.grpc.StatusRuntimeException: UNAVAILABLE: io exception
	at java.util.concurrent.FutureTask.report(FutureTask.java:122)
	at java.util.concurrent.FutureTask.get(FutureTask.java:192)
	at org.apache.ratis.server.impl.LeaderElection.waitForResults(LeaderElection.java:262)
	at org.apache.ratis.server.impl.LeaderElection.askForVotes(LeaderElection.java:200)
	at org.apache.ratis.server.impl.LeaderElection.run(LeaderElection.java:130)
	at java.lang.Thread.run(Thread.java:748)
Caused by: org.apache.ratis.thirdparty.io.grpc.StatusRuntimeException: UNAVAILABLE: io exception
	at org.apache.ratis.thirdparty.io.grpc.stub.ClientCalls.toStatusRuntimeException(ClientCalls.java:233)
	at org.apache.ratis.thirdparty.io.grpc.stub.ClientCalls.getUnchecked(ClientCalls.java:214)
	at org.apache.ratis.thirdparty.io.grpc.stub.ClientCalls.blockingUnaryCall(ClientCalls.java:139)
	at org.apache.ratis.proto.grpc.RaftServerProtocolServiceGrpc$RaftServerProtocolServiceBlockingStub.requestVote(RaftServerProtocolServiceGrpc.java:265)
	at org.apache.ratis.grpc.server.GrpcServerProtocolClient.requestVote(GrpcServerProtocolClient.java:83)
	at org.apache.ratis.grpc.server.GrpcService.requestVote(GrpcService.java:194)
	at org.apache.ratis.server.impl.LeaderElection.lambda$submitRequests$1(LeaderElection.java:237)
	at java.util.concurrent.FutureTask.run(FutureTask.java:266)
	at java.util.concurrent.Executors$RunnableAdapter.call(Executors.java:511)
	at java.util.concurrent.FutureTask.run(FutureTask.java:266)
	at java.util.concurrent.ThreadPoolExecutor.runWorker(ThreadPoolExecutor.java:1149)
	at java.util.concurrent.ThreadPoolExecutor$Worker.run(ThreadPoolExecutor.java:624)
	... 1 more
Caused by: org.apache.ratis.thirdparty.io.netty.channel.AbstractChannel$AnnotatedConnectException: Connection refused: /192.168.11.218:42885
	at sun.nio.ch.SocketChannelImpl.checkConnect(Native Method)
	at sun.nio.ch.SocketChannelImpl.finishConnect(SocketChannelImpl.java:717)
	at org.apache.ratis.thirdparty.io.netty.channel.socket.nio.NioSocketChannel.doFinishConnect(NioSocketChannel.java:327)
	at org.apache.ratis.thirdparty.io.netty.channel.nio.AbstractNioChannel$AbstractNioUnsafe.finishConnect(AbstractNioChannel.java:340)
	at org.apache.ratis.thirdparty.io.netty.channel.nio.NioEventLoop.processSelectedKey(NioEventLoop.java:632)
	at org.apache.ratis.thirdparty.io.netty.channel.nio.NioEventLoop.processSelectedKeysOptimized(NioEventLoop.java:579)
	at org.apache.ratis.thirdparty.io.netty.channel.nio.NioEventLoop.processSelectedKeys(NioEventLoop.java:496)
	at org.apache.ratis.thirdparty.io.netty.channel.nio.NioEventLoop.run(NioEventLoop.java:458)
	at org.apache.ratis.thirdparty.io.netty.util.concurrent.SingleThreadEventExecutor$5.run(SingleThreadEventExecutor.java:897)
	at org.apache.ratis.thirdparty.io.netty.util.concurrent.FastThreadLocalRunnable.run(FastThreadLocalRunnable.java:30)
	... 1 more
Caused by: java.net.ConnectException: Connection refused
	... 11 more
2019-06-13 21:37:30,411 INFO  impl.LeaderElection (LogUtils.java:infoOrTrace(149)) - 5801dc37-c077-4608-8f08-86354f2b1b05:group-9BF77B4E22C9:LeaderElection78 got exception when requesting votes: {}
java.util.concurrent.ExecutionException: org.apache.ratis.thirdparty.io.grpc.StatusRuntimeException: UNAVAILABLE: io exception
	at java.util.concurrent.FutureTask.report(FutureTask.java:122)
	at java.util.concurrent.FutureTask.get(FutureTask.java:192)
	at org.apache.ratis.server.impl.LeaderElection.waitForResults(LeaderElection.java:262)
	at org.apache.ratis.server.impl.LeaderElection.askForVotes(LeaderElection.java:200)
	at org.apache.ratis.server.impl.LeaderElection.run(LeaderElection.java:130)
	at java.lang.Thread.run(Thread.java:748)
Caused by: org.apache.ratis.thirdparty.io.grpc.StatusRuntimeException: UNAVAILABLE: io exception
	at org.apache.ratis.thirdparty.io.grpc.stub.ClientCalls.toStatusRuntimeException(ClientCalls.java:233)
	at org.apache.ratis.thirdparty.io.grpc.stub.ClientCalls.getUnchecked(ClientCalls.java:214)
	at org.apache.ratis.thirdparty.io.grpc.stub.ClientCalls.blockingUnaryCall(ClientCalls.java:139)
	at org.apache.ratis.proto.grpc.RaftServerProtocolServiceGrpc$RaftServerProtocolServiceBlockingStub.requestVote(RaftServerProtocolServiceGrpc.java:265)
	at org.apache.ratis.grpc.server.GrpcServerProtocolClient.requestVote(GrpcServerProtocolClient.java:83)
	at org.apache.ratis.grpc.server.GrpcService.requestVote(GrpcService.java:194)
	at org.apache.ratis.server.impl.LeaderElection.lambda$submitRequests$1(LeaderElection.java:237)
	at java.util.concurrent.FutureTask.run(FutureTask.java:266)
	at java.util.concurrent.Executors$RunnableAdapter.call(Executors.java:511)
	at java.util.concurrent.FutureTask.run(FutureTask.java:266)
	at java.util.concurrent.ThreadPoolExecutor.runWorker(ThreadPoolExecutor.java:1149)
	at java.util.concurrent.ThreadPoolExecutor$Worker.run(ThreadPoolExecutor.java:624)
	... 1 more
Caused by: org.apache.ratis.thirdparty.io.netty.channel.AbstractChannel$AnnotatedConnectException: Connection refused: /192.168.11.218:39625
	at sun.nio.ch.SocketChannelImpl.checkConnect(Native Method)
	at sun.nio.ch.SocketChannelImpl.finishConnect(SocketChannelImpl.java:717)
	at org.apache.ratis.thirdparty.io.netty.channel.socket.nio.NioSocketChannel.doFinishConnect(NioSocketChannel.java:327)
	at org.apache.ratis.thirdparty.io.netty.channel.nio.AbstractNioChannel$AbstractNioUnsafe.finishConnect(AbstractNioChannel.java:340)
	at org.apache.ratis.thirdparty.io.netty.channel.nio.NioEventLoop.processSelectedKey(NioEventLoop.java:632)
	at org.apache.ratis.thirdparty.io.netty.channel.nio.NioEventLoop.processSelectedKeysOptimized(NioEventLoop.java:579)
	at org.apache.ratis.thirdparty.io.netty.channel.nio.NioEventLoop.processSelectedKeys(NioEventLoop.java:496)
	at org.apache.ratis.thirdparty.io.netty.channel.nio.NioEventLoop.run(NioEventLoop.java:458)
	at org.apache.ratis.thirdparty.io.netty.util.concurrent.SingleThreadEventExecutor$5.run(SingleThreadEventExecutor.java:897)
	at org.apache.ratis.thirdparty.io.netty.util.concurrent.FastThreadLocalRunnable.run(FastThreadLocalRunnable.java:30)
	... 1 more
Caused by: java.net.ConnectException: Connection refused
	... 11 more
2019-06-13 21:37:30,414 INFO  impl.LeaderElection (LeaderElection.java:logAndReturn(56)) - 5801dc37-c077-4608-8f08-86354f2b1b05:group-9BF77B4E22C9:LeaderElection78: Election REJECTED; received 0 response(s) [] and 2 exception(s); 5801dc37-c077-4608-8f08-86354f2b1b05:t2, leader=null, voted=5801dc37-c077-4608-8f08-86354f2b1b05, raftlog=5801dc37-c077-4608-8f08-86354f2b1b05-SegmentedRaftLog:OPENED:c19,f20,i20, conf=0: [f1f314c7-e01f-4880-8551-26c7c175045e:192.168.11.218:42885, 5aec5faf-95c1-466a-80b5-885d1536bb8e:192.168.11.218:39625, 5801dc37-c077-4608-8f08-86354f2b1b05:192.168.11.218:35099], old=null
2019-06-13 21:37:30,414 INFO  impl.LeaderElection (LogUtils.java:infoOrTrace(149)) -   Exception 0: {}
java.util.concurrent.ExecutionException: org.apache.ratis.thirdparty.io.grpc.StatusRuntimeException: UNAVAILABLE: io exception
	at java.util.concurrent.FutureTask.report(FutureTask.java:122)
	at java.util.concurrent.FutureTask.get(FutureTask.java:192)
	at org.apache.ratis.server.impl.LeaderElection.waitForResults(LeaderElection.java:262)
	at org.apache.ratis.server.impl.LeaderElection.askForVotes(LeaderElection.java:200)
	at org.apache.ratis.server.impl.LeaderElection.run(LeaderElection.java:130)
	at java.lang.Thread.run(Thread.java:748)
Caused by: org.apache.ratis.thirdparty.io.grpc.StatusRuntimeException: UNAVAILABLE: io exception
	at org.apache.ratis.thirdparty.io.grpc.stub.ClientCalls.toStatusRuntimeException(ClientCalls.java:233)
	at org.apache.ratis.thirdparty.io.grpc.stub.ClientCalls.getUnchecked(ClientCalls.java:214)
	at org.apache.ratis.thirdparty.io.grpc.stub.ClientCalls.blockingUnaryCall(ClientCalls.java:139)
	at org.apache.ratis.proto.grpc.RaftServerProtocolServiceGrpc$RaftServerProtocolServiceBlockingStub.requestVote(RaftServerProtocolServiceGrpc.java:265)
	at org.apache.ratis.grpc.server.GrpcServerProtocolClient.requestVote(GrpcServerProtocolClient.java:83)
	at org.apache.ratis.grpc.server.GrpcService.requestVote(GrpcService.java:194)
	at org.apache.ratis.server.impl.LeaderElection.lambda$submitRequests$1(LeaderElection.java:237)
	at java.util.concurrent.FutureTask.run(FutureTask.java:266)
	at java.util.concurrent.Executors$RunnableAdapter.call(Executors.java:511)
	at java.util.concurrent.FutureTask.run(FutureTask.java:266)
	at java.util.concurrent.ThreadPoolExecutor.runWorker(ThreadPoolExecutor.java:1149)
	at java.util.concurrent.ThreadPoolExecutor$Worker.run(ThreadPoolExecutor.java:624)
	... 1 more
Caused by: org.apache.ratis.thirdparty.io.netty.channel.AbstractChannel$AnnotatedConnectException: Connection refused: /192.168.11.218:42885
	at sun.nio.ch.SocketChannelImpl.checkConnect(Native Method)
	at sun.nio.ch.SocketChannelImpl.finishConnect(SocketChannelImpl.java:717)
	at org.apache.ratis.thirdparty.io.netty.channel.socket.nio.NioSocketChannel.doFinishConnect(NioSocketChannel.java:327)
	at org.apache.ratis.thirdparty.io.netty.channel.nio.AbstractNioChannel$AbstractNioUnsafe.finishConnect(AbstractNioChannel.java:340)
	at org.apache.ratis.thirdparty.io.netty.channel.nio.NioEventLoop.processSelectedKey(NioEventLoop.java:632)
	at org.apache.ratis.thirdparty.io.netty.channel.nio.NioEventLoop.processSelectedKeysOptimized(NioEventLoop.java:579)
	at org.apache.ratis.thirdparty.io.netty.channel.nio.NioEventLoop.processSelectedKeys(NioEventLoop.java:496)
	at org.apache.ratis.thirdparty.io.netty.channel.nio.NioEventLoop.run(NioEventLoop.java:458)
	at org.apache.ratis.thirdparty.io.netty.util.concurrent.SingleThreadEventExecutor$5.run(SingleThreadEventExecutor.java:897)
	at org.apache.ratis.thirdparty.io.netty.util.concurrent.FastThreadLocalRunnable.run(FastThreadLocalRunnable.java:30)
	... 1 more
Caused by: java.net.ConnectException: Connection refused
	... 11 more
2019-06-13 21:37:30,414 INFO  impl.LeaderElection (LogUtils.java:infoOrTrace(149)) -   Exception 1: {}
java.util.concurrent.ExecutionException: org.apache.ratis.thirdparty.io.grpc.StatusRuntimeException: UNAVAILABLE: io exception
	at java.util.concurrent.FutureTask.report(FutureTask.java:122)
	at java.util.concurrent.FutureTask.get(FutureTask.java:192)
	at org.apache.ratis.server.impl.LeaderElection.waitForResults(LeaderElection.java:262)
	at org.apache.ratis.server.impl.LeaderElection.askForVotes(LeaderElection.java:200)
	at org.apache.ratis.server.impl.LeaderElection.run(LeaderElection.java:130)
	at java.lang.Thread.run(Thread.java:748)
Caused by: org.apache.ratis.thirdparty.io.grpc.StatusRuntimeException: UNAVAILABLE: io exception
	at org.apache.ratis.thirdparty.io.grpc.stub.ClientCalls.toStatusRuntimeException(ClientCalls.java:233)
	at org.apache.ratis.thirdparty.io.grpc.stub.ClientCalls.getUnchecked(ClientCalls.java:214)
	at org.apache.ratis.thirdparty.io.grpc.stub.ClientCalls.blockingUnaryCall(ClientCalls.java:139)
	at org.apache.ratis.proto.grpc.RaftServerProtocolServiceGrpc$RaftServerProtocolServiceBlockingStub.requestVote(RaftServerProtocolServiceGrpc.java:265)
	at org.apache.ratis.grpc.server.GrpcServerProtocolClient.requestVote(GrpcServerProtocolClient.java:83)
	at org.apache.ratis.grpc.server.GrpcService.requestVote(GrpcService.java:194)
	at org.apache.ratis.server.impl.LeaderElection.lambda$submitRequests$1(LeaderElection.java:237)
	at java.util.concurrent.FutureTask.run(FutureTask.java:266)
	at java.util.concurrent.Executors$RunnableAdapter.call(Executors.java:511)
	at java.util.concurrent.FutureTask.run(FutureTask.java:266)
	at java.util.concurrent.ThreadPoolExecutor.runWorker(ThreadPoolExecutor.java:1149)
	at java.util.concurrent.ThreadPoolExecutor$Worker.run(ThreadPoolExecutor.java:624)
	... 1 more
Caused by: org.apache.ratis.thirdparty.io.netty.channel.AbstractChannel$AnnotatedConnectException: Connection refused: /192.168.11.218:39625
	at sun.nio.ch.SocketChannelImpl.checkConnect(Native Method)
	at sun.nio.ch.SocketChannelImpl.finishConnect(SocketChannelImpl.java:717)
	at org.apache.ratis.thirdparty.io.netty.channel.socket.nio.NioSocketChannel.doFinishConnect(NioSocketChannel.java:327)
	at org.apache.ratis.thirdparty.io.netty.channel.nio.AbstractNioChannel$AbstractNioUnsafe.finishConnect(AbstractNioChannel.java:340)
	at org.apache.ratis.thirdparty.io.netty.channel.nio.NioEventLoop.processSelectedKey(NioEventLoop.java:632)
	at org.apache.ratis.thirdparty.io.netty.channel.nio.NioEventLoop.processSelectedKeysOptimized(NioEventLoop.java:579)
	at org.apache.ratis.thirdparty.io.netty.channel.nio.NioEventLoop.processSelectedKeys(NioEventLoop.java:496)
	at org.apache.ratis.thirdparty.io.netty.channel.nio.NioEventLoop.run(NioEventLoop.java:458)
	at org.apache.ratis.thirdparty.io.netty.util.concurrent.SingleThreadEventExecutor$5.run(SingleThreadEventExecutor.java:897)
	at org.apache.ratis.thirdparty.io.netty.util.concurrent.FastThreadLocalRunnable.run(FastThreadLocalRunnable.java:30)
	... 1 more
Caused by: java.net.ConnectException: Connection refused
	... 11 more
2019-06-13 21:37:30,415 INFO  impl.RaftServerImpl (RaftServerImpl.java:setRole(164)) - 5801dc37-c077-4608-8f08-86354f2b1b05:group-9BF77B4E22C9 changes role from CANDIDATE to FOLLOWER at term 2 for DISCOVERED_A_NEW_TERM
2019-06-13 21:37:30,415 INFO  impl.RoleInfo (RoleInfo.java:shutdownLeaderElection(134)) - 5801dc37-c077-4608-8f08-86354f2b1b05: shutdown LeaderElection
2019-06-13 21:37:30,415 INFO  impl.RoleInfo (RoleInfo.java:updateAndGet(143)) - 5801dc37-c077-4608-8f08-86354f2b1b05: start FollowerState
2019-06-13 21:37:31,437 INFO  impl.FollowerState (FollowerState.java:run(101)) - 5801dc37-c077-4608-8f08-86354f2b1b05:group-9BF77B4E22C9 changes to CANDIDATE, lastRpcTime:1022, electionTimeout:1022ms
2019-06-13 21:37:31,437 INFO  impl.RoleInfo (RoleInfo.java:shutdownFollowerState(121)) - 5801dc37-c077-4608-8f08-86354f2b1b05: shutdown FollowerState
2019-06-13 21:37:31,437 INFO  impl.RaftServerImpl (RaftServerImpl.java:setRole(164)) - 5801dc37-c077-4608-8f08-86354f2b1b05:group-9BF77B4E22C9 changes role from FOLLOWER to CANDIDATE at term 2 for changeToCandidate
2019-06-13 21:37:31,437 INFO  impl.RoleInfo (RoleInfo.java:updateAndGet(143)) - 5801dc37-c077-4608-8f08-86354f2b1b05: start LeaderElection
2019-06-13 21:37:31,440 INFO  impl.LeaderElection (LeaderElection.java:askForVotes(181)) - 5801dc37-c077-4608-8f08-86354f2b1b05:group-9BF77B4E22C9:LeaderElection79: begin an election at term 3 for 0: [f1f314c7-e01f-4880-8551-26c7c175045e:192.168.11.218:42885, 5aec5faf-95c1-466a-80b5-885d1536bb8e:192.168.11.218:39625, 5801dc37-c077-4608-8f08-86354f2b1b05:192.168.11.218:35099], old=null
2019-06-13 21:37:31,440 INFO  impl.LeaderElection (LogUtils.java:infoOrTrace(149)) - 5801dc37-c077-4608-8f08-86354f2b1b05:group-9BF77B4E22C9:LeaderElection79 got exception when requesting votes: {}
java.util.concurrent.ExecutionException: org.apache.ratis.thirdparty.io.grpc.StatusRuntimeException: UNAVAILABLE: io exception
	at java.util.concurrent.FutureTask.report(FutureTask.java:122)
	at java.util.concurrent.FutureTask.get(FutureTask.java:192)
	at org.apache.ratis.server.impl.LeaderElection.waitForResults(LeaderElection.java:262)
	at org.apache.ratis.server.impl.LeaderElection.askForVotes(LeaderElection.java:200)
	at org.apache.ratis.server.impl.LeaderElection.run(LeaderElection.java:130)
	at java.lang.Thread.run(Thread.java:748)
Caused by: org.apache.ratis.thirdparty.io.grpc.StatusRuntimeException: UNAVAILABLE: io exception
	at org.apache.ratis.thirdparty.io.grpc.stub.ClientCalls.toStatusRuntimeException(ClientCalls.java:233)
	at org.apache.ratis.thirdparty.io.grpc.stub.ClientCalls.getUnchecked(ClientCalls.java:214)
	at org.apache.ratis.thirdparty.io.grpc.stub.ClientCalls.blockingUnaryCall(ClientCalls.java:139)
	at org.apache.ratis.proto.grpc.RaftServerProtocolServiceGrpc$RaftServerProtocolServiceBlockingStub.requestVote(RaftServerProtocolServiceGrpc.java:265)
	at org.apache.ratis.grpc.server.GrpcServerProtocolClient.requestVote(GrpcServerProtocolClient.java:83)
	at org.apache.ratis.grpc.server.GrpcService.requestVote(GrpcService.java:194)
	at org.apache.ratis.server.impl.LeaderElection.lambda$submitRequests$1(LeaderElection.java:237)
	at java.util.concurrent.FutureTask.run(FutureTask.java:266)
	at java.util.concurrent.Executors$RunnableAdapter.call(Executors.java:511)
	at java.util.concurrent.FutureTask.run(FutureTask.java:266)
	at java.util.concurrent.ThreadPoolExecutor.runWorker(ThreadPoolExecutor.java:1149)
	at java.util.concurrent.ThreadPoolExecutor$Worker.run(ThreadPoolExecutor.java:624)
	... 1 more
Caused by: org.apache.ratis.thirdparty.io.netty.channel.AbstractChannel$AnnotatedConnectException: Connection refused: /192.168.11.218:42885
	at sun.nio.ch.SocketChannelImpl.checkConnect(Native Method)
	at sun.nio.ch.SocketChannelImpl.finishConnect(SocketChannelImpl.java:717)
	at org.apache.ratis.thirdparty.io.netty.channel.socket.nio.NioSocketChannel.doFinishConnect(NioSocketChannel.java:327)
	at org.apache.ratis.thirdparty.io.netty.channel.nio.AbstractNioChannel$AbstractNioUnsafe.finishConnect(AbstractNioChannel.java:340)
	at org.apache.ratis.thirdparty.io.netty.channel.nio.NioEventLoop.processSelectedKey(NioEventLoop.java:632)
	at org.apache.ratis.thirdparty.io.netty.channel.nio.NioEventLoop.processSelectedKeysOptimized(NioEventLoop.java:579)
	at org.apache.ratis.thirdparty.io.netty.channel.nio.NioEventLoop.processSelectedKeys(NioEventLoop.java:496)
	at org.apache.ratis.thirdparty.io.netty.channel.nio.NioEventLoop.run(NioEventLoop.java:458)
	at org.apache.ratis.thirdparty.io.netty.util.concurrent.SingleThreadEventExecutor$5.run(SingleThreadEventExecutor.java:897)
	at org.apache.ratis.thirdparty.io.netty.util.concurrent.FastThreadLocalRunnable.run(FastThreadLocalRunnable.java:30)
	... 1 more
Caused by: java.net.ConnectException: Connection refused
	... 11 more
2019-06-13 21:37:31,442 INFO  impl.LeaderElection (LogUtils.java:infoOrTrace(149)) - 5801dc37-c077-4608-8f08-86354f2b1b05:group-9BF77B4E22C9:LeaderElection79 got exception when requesting votes: {}
java.util.concurrent.ExecutionException: org.apache.ratis.thirdparty.io.grpc.StatusRuntimeException: UNAVAILABLE: io exception
	at java.util.concurrent.FutureTask.report(FutureTask.java:122)
	at java.util.concurrent.FutureTask.get(FutureTask.java:192)
	at org.apache.ratis.server.impl.LeaderElection.waitForResults(LeaderElection.java:262)
	at org.apache.ratis.server.impl.LeaderElection.askForVotes(LeaderElection.java:200)
	at org.apache.ratis.server.impl.LeaderElection.run(LeaderElection.java:130)
	at java.lang.Thread.run(Thread.java:748)
Caused by: org.apache.ratis.thirdparty.io.grpc.StatusRuntimeException: UNAVAILABLE: io exception
	at org.apache.ratis.thirdparty.io.grpc.stub.ClientCalls.toStatusRuntimeException(ClientCalls.java:233)
	at org.apache.ratis.thirdparty.io.grpc.stub.ClientCalls.getUnchecked(ClientCalls.java:214)
	at org.apache.ratis.thirdparty.io.grpc.stub.ClientCalls.blockingUnaryCall(ClientCalls.java:139)
	at org.apache.ratis.proto.grpc.RaftServerProtocolServiceGrpc$RaftServerProtocolServiceBlockingStub.requestVote(RaftServerProtocolServiceGrpc.java:265)
	at org.apache.ratis.grpc.server.GrpcServerProtocolClient.requestVote(GrpcServerProtocolClient.java:83)
	at org.apache.ratis.grpc.server.GrpcService.requestVote(GrpcService.java:194)
	at org.apache.ratis.server.impl.LeaderElection.lambda$submitRequests$1(LeaderElection.java:237)
	at java.util.concurrent.FutureTask.run(FutureTask.java:266)
	at java.util.concurrent.Executors$RunnableAdapter.call(Executors.java:511)
	at java.util.concurrent.FutureTask.run(FutureTask.java:266)
	at java.util.concurrent.ThreadPoolExecutor.runWorker(ThreadPoolExecutor.java:1149)
	at java.util.concurrent.ThreadPoolExecutor$Worker.run(ThreadPoolExecutor.java:624)
	... 1 more
Caused by: org.apache.ratis.thirdparty.io.netty.channel.AbstractChannel$AnnotatedConnectException: Connection refused: /192.168.11.218:39625
	at sun.nio.ch.SocketChannelImpl.checkConnect(Native Method)
	at sun.nio.ch.SocketChannelImpl.finishConnect(SocketChannelImpl.java:717)
	at org.apache.ratis.thirdparty.io.netty.channel.socket.nio.NioSocketChannel.doFinishConnect(NioSocketChannel.java:327)
	at org.apache.ratis.thirdparty.io.netty.channel.nio.AbstractNioChannel$AbstractNioUnsafe.finishConnect(AbstractNioChannel.java:340)
	at org.apache.ratis.thirdparty.io.netty.channel.nio.NioEventLoop.processSelectedKey(NioEventLoop.java:632)
	at org.apache.ratis.thirdparty.io.netty.channel.nio.NioEventLoop.processSelectedKeysOptimized(NioEventLoop.java:579)
	at org.apache.ratis.thirdparty.io.netty.channel.nio.NioEventLoop.processSelectedKeys(NioEventLoop.java:496)
	at org.apache.ratis.thirdparty.io.netty.channel.nio.NioEventLoop.run(NioEventLoop.java:458)
	at org.apache.ratis.thirdparty.io.netty.util.concurrent.SingleThreadEventExecutor$5.run(SingleThreadEventExecutor.java:897)
	at org.apache.ratis.thirdparty.io.netty.util.concurrent.FastThreadLocalRunnable.run(FastThreadLocalRunnable.java:30)
	... 1 more
Caused by: java.net.ConnectException: Connection refused
	... 11 more
2019-06-13 21:37:31,444 INFO  impl.LeaderElection (LeaderElection.java:logAndReturn(56)) - 5801dc37-c077-4608-8f08-86354f2b1b05:group-9BF77B4E22C9:LeaderElection79: Election REJECTED; received 0 response(s) [] and 2 exception(s); 5801dc37-c077-4608-8f08-86354f2b1b05:t3, leader=null, voted=5801dc37-c077-4608-8f08-86354f2b1b05, raftlog=5801dc37-c077-4608-8f08-86354f2b1b05-SegmentedRaftLog:OPENED:c19,f20,i20, conf=0: [f1f314c7-e01f-4880-8551-26c7c175045e:192.168.11.218:42885, 5aec5faf-95c1-466a-80b5-885d1536bb8e:192.168.11.218:39625, 5801dc37-c077-4608-8f08-86354f2b1b05:192.168.11.218:35099], old=null
2019-06-13 21:37:31,444 INFO  impl.LeaderElection (LogUtils.java:infoOrTrace(149)) -   Exception 0: {}
java.util.concurrent.ExecutionException: org.apache.ratis.thirdparty.io.grpc.StatusRuntimeException: UNAVAILABLE: io exception
	at java.util.concurrent.FutureTask.report(FutureTask.java:122)
	at java.util.concurrent.FutureTask.get(FutureTask.java:192)
	at org.apache.ratis.server.impl.LeaderElection.waitForResults(LeaderElection.java:262)
	at org.apache.ratis.server.impl.LeaderElection.askForVotes(LeaderElection.java:200)
	at org.apache.ratis.server.impl.LeaderElection.run(LeaderElection.java:130)
	at java.lang.Thread.run(Thread.java:748)
Caused by: org.apache.ratis.thirdparty.io.grpc.StatusRuntimeException: UNAVAILABLE: io exception
	at org.apache.ratis.thirdparty.io.grpc.stub.ClientCalls.toStatusRuntimeException(ClientCalls.java:233)
	at org.apache.ratis.thirdparty.io.grpc.stub.ClientCalls.getUnchecked(ClientCalls.java:214)
	at org.apache.ratis.thirdparty.io.grpc.stub.ClientCalls.blockingUnaryCall(ClientCalls.java:139)
	at org.apache.ratis.proto.grpc.RaftServerProtocolServiceGrpc$RaftServerProtocolServiceBlockingStub.requestVote(RaftServerProtocolServiceGrpc.java:265)
	at org.apache.ratis.grpc.server.GrpcServerProtocolClient.requestVote(GrpcServerProtocolClient.java:83)
	at org.apache.ratis.grpc.server.GrpcService.requestVote(GrpcService.java:194)
	at org.apache.ratis.server.impl.LeaderElection.lambda$submitRequests$1(LeaderElection.java:237)
	at java.util.concurrent.FutureTask.run(FutureTask.java:266)
	at java.util.concurrent.Executors$RunnableAdapter.call(Executors.java:511)
	at java.util.concurrent.FutureTask.run(FutureTask.java:266)
	at java.util.concurrent.ThreadPoolExecutor.runWorker(ThreadPoolExecutor.java:1149)
	at java.util.concurrent.ThreadPoolExecutor$Worker.run(ThreadPoolExecutor.java:624)
	... 1 more
Caused by: org.apache.ratis.thirdparty.io.netty.channel.AbstractChannel$AnnotatedConnectException: Connection refused: /192.168.11.218:42885
	at sun.nio.ch.SocketChannelImpl.checkConnect(Native Method)
	at sun.nio.ch.SocketChannelImpl.finishConnect(SocketChannelImpl.java:717)
	at org.apache.ratis.thirdparty.io.netty.channel.socket.nio.NioSocketChannel.doFinishConnect(NioSocketChannel.java:327)
	at org.apache.ratis.thirdparty.io.netty.channel.nio.AbstractNioChannel$AbstractNioUnsafe.finishConnect(AbstractNioChannel.java:340)
	at org.apache.ratis.thirdparty.io.netty.channel.nio.NioEventLoop.processSelectedKey(NioEventLoop.java:632)
	at org.apache.ratis.thirdparty.io.netty.channel.nio.NioEventLoop.processSelectedKeysOptimized(NioEventLoop.java:579)
	at org.apache.ratis.thirdparty.io.netty.channel.nio.NioEventLoop.processSelectedKeys(NioEventLoop.java:496)
	at org.apache.ratis.thirdparty.io.netty.channel.nio.NioEventLoop.run(NioEventLoop.java:458)
	at org.apache.ratis.thirdparty.io.netty.util.concurrent.SingleThreadEventExecutor$5.run(SingleThreadEventExecutor.java:897)
	at org.apache.ratis.thirdparty.io.netty.util.concurrent.FastThreadLocalRunnable.run(FastThreadLocalRunnable.java:30)
	... 1 more
Caused by: java.net.ConnectException: Connection refused
	... 11 more
2019-06-13 21:37:31,444 INFO  impl.LeaderElection (LogUtils.java:infoOrTrace(149)) -   Exception 1: {}
java.util.concurrent.ExecutionException: org.apache.ratis.thirdparty.io.grpc.StatusRuntimeException: UNAVAILABLE: io exception
	at java.util.concurrent.FutureTask.report(FutureTask.java:122)
	at java.util.concurrent.FutureTask.get(FutureTask.java:192)
	at org.apache.ratis.server.impl.LeaderElection.waitForResults(LeaderElection.java:262)
	at org.apache.ratis.server.impl.LeaderElection.askForVotes(LeaderElection.java:200)
	at org.apache.ratis.server.impl.LeaderElection.run(LeaderElection.java:130)
	at java.lang.Thread.run(Thread.java:748)
Caused by: org.apache.ratis.thirdparty.io.grpc.StatusRuntimeException: UNAVAILABLE: io exception
	at org.apache.ratis.thirdparty.io.grpc.stub.ClientCalls.toStatusRuntimeException(ClientCalls.java:233)
	at org.apache.ratis.thirdparty.io.grpc.stub.ClientCalls.getUnchecked(ClientCalls.java:214)
	at org.apache.ratis.thirdparty.io.grpc.stub.ClientCalls.blockingUnaryCall(ClientCalls.java:139)
	at org.apache.ratis.proto.grpc.RaftServerProtocolServiceGrpc$RaftServerProtocolServiceBlockingStub.requestVote(RaftServerProtocolServiceGrpc.java:265)
	at org.apache.ratis.grpc.server.GrpcServerProtocolClient.requestVote(GrpcServerProtocolClient.java:83)
	at org.apache.ratis.grpc.server.GrpcService.requestVote(GrpcService.java:194)
	at org.apache.ratis.server.impl.LeaderElection.lambda$submitRequests$1(LeaderElection.java:237)
	at java.util.concurrent.FutureTask.run(FutureTask.java:266)
	at java.util.concurrent.Executors$RunnableAdapter.call(Executors.java:511)
	at java.util.concurrent.FutureTask.run(FutureTask.java:266)
	at java.util.concurrent.ThreadPoolExecutor.runWorker(ThreadPoolExecutor.java:1149)
	at java.util.concurrent.ThreadPoolExecutor$Worker.run(ThreadPoolExecutor.java:624)
	... 1 more
Caused by: org.apache.ratis.thirdparty.io.netty.channel.AbstractChannel$AnnotatedConnectException: Connection refused: /192.168.11.218:39625
	at sun.nio.ch.SocketChannelImpl.checkConnect(Native Method)
	at sun.nio.ch.SocketChannelImpl.finishConnect(SocketChannelImpl.java:717)
	at org.apache.ratis.thirdparty.io.netty.channel.socket.nio.NioSocketChannel.doFinishConnect(NioSocketChannel.java:327)
	at org.apache.ratis.thirdparty.io.netty.channel.nio.AbstractNioChannel$AbstractNioUnsafe.finishConnect(AbstractNioChannel.java:340)
	at org.apache.ratis.thirdparty.io.netty.channel.nio.NioEventLoop.processSelectedKey(NioEventLoop.java:632)
	at org.apache.ratis.thirdparty.io.netty.channel.nio.NioEventLoop.processSelectedKeysOptimized(NioEventLoop.java:579)
	at org.apache.ratis.thirdparty.io.netty.channel.nio.NioEventLoop.processSelectedKeys(NioEventLoop.java:496)
	at org.apache.ratis.thirdparty.io.netty.channel.nio.NioEventLoop.run(NioEventLoop.java:458)
	at org.apache.ratis.thirdparty.io.netty.util.concurrent.SingleThreadEventExecutor$5.run(SingleThreadEventExecutor.java:897)
	at org.apache.ratis.thirdparty.io.netty.util.concurrent.FastThreadLocalRunnable.run(FastThreadLocalRunnable.java:30)
	... 1 more
Caused by: java.net.ConnectException: Connection refused
	... 11 more
2019-06-13 21:37:31,444 INFO  impl.RaftServerImpl (RaftServerImpl.java:setRole(164)) - 5801dc37-c077-4608-8f08-86354f2b1b05:group-9BF77B4E22C9 changes role from CANDIDATE to FOLLOWER at term 3 for DISCOVERED_A_NEW_TERM
2019-06-13 21:37:31,445 INFO  impl.RoleInfo (RoleInfo.java:shutdownLeaderElection(134)) - 5801dc37-c077-4608-8f08-86354f2b1b05: shutdown LeaderElection
2019-06-13 21:37:31,445 INFO  impl.RoleInfo (RoleInfo.java:updateAndGet(143)) - 5801dc37-c077-4608-8f08-86354f2b1b05: start FollowerState
2019-06-13 21:37:31,684 INFO  node.StaleNodeHandler (StaleNodeHandler.java:onMessage(58)) - Datanode f1f314c7-e01f-4880-8551-26c7c175045e{ip: 192.168.11.218, host: ozone-d4wqq-1121427898, networkLocation: /default-rack, certSerialId: null} moved to stale state. Finalizing its pipelines [PipelineID=70542c91-2426-4632-9328-9bf77b4e22c9, PipelineID=1cdeedc1-8e00-4af9-838f-05f6caf12f91]
2019-06-13 21:37:31,684 INFO  pipeline.SCMPipelineManager (SCMPipelineManager.java:finalizeAndDestroyPipeline(307)) - destroying pipeline:Pipeline[ Id: 70542c91-2426-4632-9328-9bf77b4e22c9, Nodes: f1f314c7-e01f-4880-8551-26c7c175045e{ip: 192.168.11.218, host: ozone-d4wqq-1121427898, networkLocation: /default-rack, certSerialId: null}5aec5faf-95c1-466a-80b5-885d1536bb8e{ip: 192.168.11.218, host: ozone-d4wqq-1121427898, networkLocation: /default-rack, certSerialId: null}5801dc37-c077-4608-8f08-86354f2b1b05{ip: 192.168.11.218, host: ozone-d4wqq-1121427898, networkLocation: /default-rack, certSerialId: null}, Type:RATIS, Factor:THREE, State:OPEN]
2019-06-13 21:37:31,684 INFO  pipeline.PipelineStateManager (PipelineStateManager.java:finalizePipeline(123)) - Pipeline Pipeline[ Id: 70542c91-2426-4632-9328-9bf77b4e22c9, Nodes: f1f314c7-e01f-4880-8551-26c7c175045e{ip: 192.168.11.218, host: ozone-d4wqq-1121427898, networkLocation: /default-rack, certSerialId: null}5aec5faf-95c1-466a-80b5-885d1536bb8e{ip: 192.168.11.218, host: ozone-d4wqq-1121427898, networkLocation: /default-rack, certSerialId: null}5801dc37-c077-4608-8f08-86354f2b1b05{ip: 192.168.11.218, host: ozone-d4wqq-1121427898, networkLocation: /default-rack, certSerialId: null}, Type:RATIS, Factor:THREE, State:CLOSED] moved to CLOSED state
2019-06-13 21:37:31,685 INFO  pipeline.SCMPipelineManager (SCMPipelineManager.java:finalizeAndDestroyPipeline(307)) - destroying pipeline:Pipeline[ Id: 1cdeedc1-8e00-4af9-838f-05f6caf12f91, Nodes: f1f314c7-e01f-4880-8551-26c7c175045e{ip: 192.168.11.218, host: ozone-d4wqq-1121427898, networkLocation: /default-rack, certSerialId: null}, Type:RATIS, Factor:ONE, State:OPEN]
2019-06-13 21:37:31,685 INFO  container.CloseContainerEventHandler (CloseContainerEventHandler.java:onMessage(61)) - Close container Event triggered for container : #1
2019-06-13 21:37:31,685 INFO  pipeline.PipelineStateManager (PipelineStateManager.java:finalizePipeline(123)) - Pipeline Pipeline[ Id: 1cdeedc1-8e00-4af9-838f-05f6caf12f91, Nodes: f1f314c7-e01f-4880-8551-26c7c175045e{ip: 192.168.11.218, host: ozone-d4wqq-1121427898, networkLocation: /default-rack, certSerialId: null}, Type:RATIS, Factor:ONE, State:CLOSED] moved to CLOSED state
2019-06-13 21:37:31,685 INFO  container.CloseContainerEventHandler (CloseContainerEventHandler.java:onMessage(61)) - Close container Event triggered for container : #2
2019-06-13 21:37:31,784 INFO  node.StaleNodeHandler (StaleNodeHandler.java:onMessage(58)) - Datanode 5aec5faf-95c1-466a-80b5-885d1536bb8e{ip: 192.168.11.218, host: ozone-d4wqq-1121427898, networkLocation: /default-rack, certSerialId: null} moved to stale state. Finalizing its pipelines [PipelineID=70542c91-2426-4632-9328-9bf77b4e22c9, PipelineID=b5d81080-cd63-477b-985c-d9901f7ec6cd]
2019-06-13 21:37:31,784 INFO  pipeline.SCMPipelineManager (SCMPipelineManager.java:finalizeAndDestroyPipeline(307)) - destroying pipeline:Pipeline[ Id: 70542c91-2426-4632-9328-9bf77b4e22c9, Nodes: f1f314c7-e01f-4880-8551-26c7c175045e{ip: 192.168.11.218, host: ozone-d4wqq-1121427898, networkLocation: /default-rack, certSerialId: null}5aec5faf-95c1-466a-80b5-885d1536bb8e{ip: 192.168.11.218, host: ozone-d4wqq-1121427898, networkLocation: /default-rack, certSerialId: null}5801dc37-c077-4608-8f08-86354f2b1b05{ip: 192.168.11.218, host: ozone-d4wqq-1121427898, networkLocation: /default-rack, certSerialId: null}, Type:RATIS, Factor:THREE, State:CLOSED]
2019-06-13 21:37:31,784 INFO  pipeline.SCMPipelineManager (SCMPipelineManager.java:finalizeAndDestroyPipeline(307)) - destroying pipeline:Pipeline[ Id: b5d81080-cd63-477b-985c-d9901f7ec6cd, Nodes: 5aec5faf-95c1-466a-80b5-885d1536bb8e{ip: 192.168.11.218, host: ozone-d4wqq-1121427898, networkLocation: /default-rack, certSerialId: null}, Type:RATIS, Factor:ONE, State:OPEN]
2019-06-13 21:37:31,785 INFO  pipeline.PipelineStateManager (PipelineStateManager.java:finalizePipeline(123)) - Pipeline Pipeline[ Id: b5d81080-cd63-477b-985c-d9901f7ec6cd, Nodes: 5aec5faf-95c1-466a-80b5-885d1536bb8e{ip: 192.168.11.218, host: ozone-d4wqq-1121427898, networkLocation: /default-rack, certSerialId: null}, Type:RATIS, Factor:ONE, State:CLOSED] moved to CLOSED state
2019-06-13 21:37:31,888 INFO  client.GrpcClientProtocolClient (GrpcClientProtocolClient.java:onNext(254)) - client-03147FF58EB4->5801dc37-c077-4608-8f08-86354f2b1b05: receive RaftClientReply:client-03147FF58EB4->5801dc37-c077-4608-8f08-86354f2b1b05@group-9BF77B4E22C9, cid=189, FAILED org.apache.ratis.protocol.NotLeaderException: Server 5801dc37-c077-4608-8f08-86354f2b1b05 is not the leader (f1f314c7-e01f-4880-8551-26c7c175045e:192.168.11.218:42885). Request must be sent to leader., logIndex=0, commits[5801dc37-c077-4608-8f08-86354f2b1b05:c19, f1f314c7-e01f-4880-8551-26c7c175045e:c13, 5aec5faf-95c1-466a-80b5-885d1536bb8e:c19]
2019-06-13 21:37:31,890 WARN  client.GrpcClientProtocolService (LogUtils.java:warn(134)) - 2-OrderedRequestStreamObserver2: onError: org.apache.ratis.thirdparty.io.grpc.StatusRuntimeException: CANCELLED: cancelled before receiving half close
2019-06-13 21:37:32,563 INFO  impl.FollowerState (FollowerState.java:run(101)) - 5801dc37-c077-4608-8f08-86354f2b1b05:group-9BF77B4E22C9 changes to CANDIDATE, lastRpcTime:1118, electionTimeout:1118ms
2019-06-13 21:37:32,563 INFO  impl.RoleInfo (RoleInfo.java:shutdownFollowerState(121)) - 5801dc37-c077-4608-8f08-86354f2b1b05: shutdown FollowerState
2019-06-13 21:37:32,563 INFO  impl.RaftServerImpl (RaftServerImpl.java:setRole(164)) - 5801dc37-c077-4608-8f08-86354f2b1b05:group-9BF77B4E22C9 changes role from FOLLOWER to CANDIDATE at term 3 for changeToCandidate
2019-06-13 21:37:32,563 INFO  impl.RoleInfo (RoleInfo.java:updateAndGet(143)) - 5801dc37-c077-4608-8f08-86354f2b1b05: start LeaderElection
2019-06-13 21:37:32,566 INFO  impl.LeaderElection (LeaderElection.java:askForVotes(181)) - 5801dc37-c077-4608-8f08-86354f2b1b05:group-9BF77B4E22C9:LeaderElection80: begin an election at term 4 for 0: [f1f314c7-e01f-4880-8551-26c7c175045e:192.168.11.218:42885, 5aec5faf-95c1-466a-80b5-885d1536bb8e:192.168.11.218:39625, 5801dc37-c077-4608-8f08-86354f2b1b05:192.168.11.218:35099], old=null
2019-06-13 21:37:32,566 INFO  impl.LeaderElection (LogUtils.java:infoOrTrace(149)) - 5801dc37-c077-4608-8f08-86354f2b1b05:group-9BF77B4E22C9:LeaderElection80 got exception when requesting votes: {}
java.util.concurrent.ExecutionException: org.apache.ratis.thirdparty.io.grpc.StatusRuntimeException: UNAVAILABLE: io exception
	at java.util.concurrent.FutureTask.report(FutureTask.java:122)
	at java.util.concurrent.FutureTask.get(FutureTask.java:192)
	at org.apache.ratis.server.impl.LeaderElection.waitForResults(LeaderElection.java:262)
	at org.apache.ratis.server.impl.LeaderElection.askForVotes(LeaderElection.java:200)
	at org.apache.ratis.server.impl.LeaderElection.run(LeaderElection.java:130)
	at java.lang.Thread.run(Thread.java:748)
Caused by: org.apache.ratis.thirdparty.io.grpc.StatusRuntimeException: UNAVAILABLE: io exception
	at org.apache.ratis.thirdparty.io.grpc.stub.ClientCalls.toStatusRuntimeException(ClientCalls.java:233)
	at org.apache.ratis.thirdparty.io.grpc.stub.ClientCalls.getUnchecked(ClientCalls.java:214)
	at org.apache.ratis.thirdparty.io.grpc.stub.ClientCalls.blockingUnaryCall(ClientCalls.java:139)
	at org.apache.ratis.proto.grpc.RaftServerProtocolServiceGrpc$RaftServerProtocolServiceBlockingStub.requestVote(RaftServerProtocolServiceGrpc.java:265)
	at org.apache.ratis.grpc.server.GrpcServerProtocolClient.requestVote(GrpcServerProtocolClient.java:83)
	at org.apache.ratis.grpc.server.GrpcService.requestVote(GrpcService.java:194)
	at org.apache.ratis.server.impl.LeaderElection.lambda$submitRequests$1(LeaderElection.java:237)
	at java.util.concurrent.FutureTask.run(FutureTask.java:266)
	at java.util.concurrent.Executors$RunnableAdapter.call(Executors.java:511)
	at java.util.concurrent.FutureTask.run(FutureTask.java:266)
	at java.util.concurrent.ThreadPoolExecutor.runWorker(ThreadPoolExecutor.java:1149)
	at java.util.concurrent.ThreadPoolExecutor$Worker.run(ThreadPoolExecutor.java:624)
	... 1 more
Caused by: org.apache.ratis.thirdparty.io.netty.channel.AbstractChannel$AnnotatedConnectException: Connection refused: /192.168.11.218:42885
	at sun.nio.ch.SocketChannelImpl.checkConnect(Native Method)
	at sun.nio.ch.SocketChannelImpl.finishConnect(SocketChannelImpl.java:717)
	at org.apache.ratis.thirdparty.io.netty.channel.socket.nio.NioSocketChannel.doFinishConnect(NioSocketChannel.java:327)
	at org.apache.ratis.thirdparty.io.netty.channel.nio.AbstractNioChannel$AbstractNioUnsafe.finishConnect(AbstractNioChannel.java:340)
	at org.apache.ratis.thirdparty.io.netty.channel.nio.NioEventLoop.processSelectedKey(NioEventLoop.java:632)
	at org.apache.ratis.thirdparty.io.netty.channel.nio.NioEventLoop.processSelectedKeysOptimized(NioEventLoop.java:579)
	at org.apache.ratis.thirdparty.io.netty.channel.nio.NioEventLoop.processSelectedKeys(NioEventLoop.java:496)
	at org.apache.ratis.thirdparty.io.netty.channel.nio.NioEventLoop.run(NioEventLoop.java:458)
	at org.apache.ratis.thirdparty.io.netty.util.concurrent.SingleThreadEventExecutor$5.run(SingleThreadEventExecutor.java:897)
	at org.apache.ratis.thirdparty.io.netty.util.concurrent.FastThreadLocalRunnable.run(FastThreadLocalRunnable.java:30)
	... 1 more
Caused by: java.net.ConnectException: Connection refused
	... 11 more
2019-06-13 21:37:32,568 INFO  impl.LeaderElection (LogUtils.java:infoOrTrace(149)) - 5801dc37-c077-4608-8f08-86354f2b1b05:group-9BF77B4E22C9:LeaderElection80 got exception when requesting votes: {}
java.util.concurrent.ExecutionException: org.apache.ratis.thirdparty.io.grpc.StatusRuntimeException: UNAVAILABLE: io exception
	at java.util.concurrent.FutureTask.report(FutureTask.java:122)
	at java.util.concurrent.FutureTask.get(FutureTask.java:192)
	at org.apache.ratis.server.impl.LeaderElection.waitForResults(LeaderElection.java:262)
	at org.apache.ratis.server.impl.LeaderElection.askForVotes(LeaderElection.java:200)
	at org.apache.ratis.server.impl.LeaderElection.run(LeaderElection.java:130)
	at java.lang.Thread.run(Thread.java:748)
Caused by: org.apache.ratis.thirdparty.io.grpc.StatusRuntimeException: UNAVAILABLE: io exception
	at org.apache.ratis.thirdparty.io.grpc.stub.ClientCalls.toStatusRuntimeException(ClientCalls.java:233)
	at org.apache.ratis.thirdparty.io.grpc.stub.ClientCalls.getUnchecked(ClientCalls.java:214)
	at org.apache.ratis.thirdparty.io.grpc.stub.ClientCalls.blockingUnaryCall(ClientCalls.java:139)
	at org.apache.ratis.proto.grpc.RaftServerProtocolServiceGrpc$RaftServerProtocolServiceBlockingStub.requestVote(RaftServerProtocolServiceGrpc.java:265)
	at org.apache.ratis.grpc.server.GrpcServerProtocolClient.requestVote(GrpcServerProtocolClient.java:83)
	at org.apache.ratis.grpc.server.GrpcService.requestVote(GrpcService.java:194)
	at org.apache.ratis.server.impl.LeaderElection.lambda$submitRequests$1(LeaderElection.java:237)
	at java.util.concurrent.FutureTask.run(FutureTask.java:266)
	at java.util.concurrent.Executors$RunnableAdapter.call(Executors.java:511)
	at java.util.concurrent.FutureTask.run(FutureTask.java:266)
	at java.util.concurrent.ThreadPoolExecutor.runWorker(ThreadPoolExecutor.java:1149)
	at java.util.concurrent.ThreadPoolExecutor$Worker.run(ThreadPoolExecutor.java:624)
	... 1 more
Caused by: org.apache.ratis.thirdparty.io.netty.channel.AbstractChannel$AnnotatedConnectException: Connection refused: /192.168.11.218:39625
	at sun.nio.ch.SocketChannelImpl.checkConnect(Native Method)
	at sun.nio.ch.SocketChannelImpl.finishConnect(SocketChannelImpl.java:717)
	at org.apache.ratis.thirdparty.io.netty.channel.socket.nio.NioSocketChannel.doFinishConnect(NioSocketChannel.java:327)
	at org.apache.ratis.thirdparty.io.netty.channel.nio.AbstractNioChannel$AbstractNioUnsafe.finishConnect(AbstractNioChannel.java:340)
	at org.apache.ratis.thirdparty.io.netty.channel.nio.NioEventLoop.processSelectedKey(NioEventLoop.java:632)
	at org.apache.ratis.thirdparty.io.netty.channel.nio.NioEventLoop.processSelectedKeysOptimized(NioEventLoop.java:579)
	at org.apache.ratis.thirdparty.io.netty.channel.nio.NioEventLoop.processSelectedKeys(NioEventLoop.java:496)
	at org.apache.ratis.thirdparty.io.netty.channel.nio.NioEventLoop.run(NioEventLoop.java:458)
	at org.apache.ratis.thirdparty.io.netty.util.concurrent.SingleThreadEventExecutor$5.run(SingleThreadEventExecutor.java:897)
	at org.apache.ratis.thirdparty.io.netty.util.concurrent.FastThreadLocalRunnable.run(FastThreadLocalRunnable.java:30)
	... 1 more
Caused by: java.net.ConnectException: Connection refused
	... 11 more
2019-06-13 21:37:32,570 INFO  impl.LeaderElection (LeaderElection.java:logAndReturn(56)) - 5801dc37-c077-4608-8f08-86354f2b1b05:group-9BF77B4E22C9:LeaderElection80: Election REJECTED; received 0 response(s) [] and 2 exception(s); 5801dc37-c077-4608-8f08-86354f2b1b05:t4, leader=null, voted=5801dc37-c077-4608-8f08-86354f2b1b05, raftlog=5801dc37-c077-4608-8f08-86354f2b1b05-SegmentedRaftLog:OPENED:c19,f20,i20, conf=0: [f1f314c7-e01f-4880-8551-26c7c175045e:192.168.11.218:42885, 5aec5faf-95c1-466a-80b5-885d1536bb8e:192.168.11.218:39625, 5801dc37-c077-4608-8f08-86354f2b1b05:192.168.11.218:35099], old=null
2019-06-13 21:37:32,570 INFO  impl.LeaderElection (LogUtils.java:infoOrTrace(149)) -   Exception 0: {}
java.util.concurrent.ExecutionException: org.apache.ratis.thirdparty.io.grpc.StatusRuntimeException: UNAVAILABLE: io exception
	at java.util.concurrent.FutureTask.report(FutureTask.java:122)
	at java.util.concurrent.FutureTask.get(FutureTask.java:192)
	at org.apache.ratis.server.impl.LeaderElection.waitForResults(LeaderElection.java:262)
	at org.apache.ratis.server.impl.LeaderElection.askForVotes(LeaderElection.java:200)
	at org.apache.ratis.server.impl.LeaderElection.run(LeaderElection.java:130)
	at java.lang.Thread.run(Thread.java:748)
Caused by: org.apache.ratis.thirdparty.io.grpc.StatusRuntimeException: UNAVAILABLE: io exception
	at org.apache.ratis.thirdparty.io.grpc.stub.ClientCalls.toStatusRuntimeException(ClientCalls.java:233)
	at org.apache.ratis.thirdparty.io.grpc.stub.ClientCalls.getUnchecked(ClientCalls.java:214)
	at org.apache.ratis.thirdparty.io.grpc.stub.ClientCalls.blockingUnaryCall(ClientCalls.java:139)
	at org.apache.ratis.proto.grpc.RaftServerProtocolServiceGrpc$RaftServerProtocolServiceBlockingStub.requestVote(RaftServerProtocolServiceGrpc.java:265)
	at org.apache.ratis.grpc.server.GrpcServerProtocolClient.requestVote(GrpcServerProtocolClient.java:83)
	at org.apache.ratis.grpc.server.GrpcService.requestVote(GrpcService.java:194)
	at org.apache.ratis.server.impl.LeaderElection.lambda$submitRequests$1(LeaderElection.java:237)
	at java.util.concurrent.FutureTask.run(FutureTask.java:266)
	at java.util.concurrent.Executors$RunnableAdapter.call(Executors.java:511)
	at java.util.concurrent.FutureTask.run(FutureTask.java:266)
	at java.util.concurrent.ThreadPoolExecutor.runWorker(ThreadPoolExecutor.java:1149)
	at java.util.concurrent.ThreadPoolExecutor$Worker.run(ThreadPoolExecutor.java:624)
	... 1 more
Caused by: org.apache.ratis.thirdparty.io.netty.channel.AbstractChannel$AnnotatedConnectException: Connection refused: /192.168.11.218:42885
	at sun.nio.ch.SocketChannelImpl.checkConnect(Native Method)
	at sun.nio.ch.SocketChannelImpl.finishConnect(SocketChannelImpl.java:717)
	at org.apache.ratis.thirdparty.io.netty.channel.socket.nio.NioSocketChannel.doFinishConnect(NioSocketChannel.java:327)
	at org.apache.ratis.thirdparty.io.netty.channel.nio.AbstractNioChannel$AbstractNioUnsafe.finishConnect(AbstractNioChannel.java:340)
	at org.apache.ratis.thirdparty.io.netty.channel.nio.NioEventLoop.processSelectedKey(NioEventLoop.java:632)
	at org.apache.ratis.thirdparty.io.netty.channel.nio.NioEventLoop.processSelectedKeysOptimized(NioEventLoop.java:579)
	at org.apache.ratis.thirdparty.io.netty.channel.nio.NioEventLoop.processSelectedKeys(NioEventLoop.java:496)
	at org.apache.ratis.thirdparty.io.netty.channel.nio.NioEventLoop.run(NioEventLoop.java:458)
	at org.apache.ratis.thirdparty.io.netty.util.concurrent.SingleThreadEventExecutor$5.run(SingleThreadEventExecutor.java:897)
	at org.apache.ratis.thirdparty.io.netty.util.concurrent.FastThreadLocalRunnable.run(FastThreadLocalRunnable.java:30)
	... 1 more
Caused by: java.net.ConnectException: Connection refused
	... 11 more
2019-06-13 21:37:32,570 INFO  impl.LeaderElection (LogUtils.java:infoOrTrace(149)) -   Exception 1: {}
java.util.concurrent.ExecutionException: org.apache.ratis.thirdparty.io.grpc.StatusRuntimeException: UNAVAILABLE: io exception
	at java.util.concurrent.FutureTask.report(FutureTask.java:122)
	at java.util.concurrent.FutureTask.get(FutureTask.java:192)
	at org.apache.ratis.server.impl.LeaderElection.waitForResults(LeaderElection.java:262)
	at org.apache.ratis.server.impl.LeaderElection.askForVotes(LeaderElection.java:200)
	at org.apache.ratis.server.impl.LeaderElection.run(LeaderElection.java:130)
	at java.lang.Thread.run(Thread.java:748)
Caused by: org.apache.ratis.thirdparty.io.grpc.StatusRuntimeException: UNAVAILABLE: io exception
	at org.apache.ratis.thirdparty.io.grpc.stub.ClientCalls.toStatusRuntimeException(ClientCalls.java:233)
	at org.apache.ratis.thirdparty.io.grpc.stub.ClientCalls.getUnchecked(ClientCalls.java:214)
	at org.apache.ratis.thirdparty.io.grpc.stub.ClientCalls.blockingUnaryCall(ClientCalls.java:139)
	at org.apache.ratis.proto.grpc.RaftServerProtocolServiceGrpc$RaftServerProtocolServiceBlockingStub.requestVote(RaftServerProtocolServiceGrpc.java:265)
	at org.apache.ratis.grpc.server.GrpcServerProtocolClient.requestVote(GrpcServerProtocolClient.java:83)
	at org.apache.ratis.grpc.server.GrpcService.requestVote(GrpcService.java:194)
	at org.apache.ratis.server.impl.LeaderElection.lambda$submitRequests$1(LeaderElection.java:237)
	at java.util.concurrent.FutureTask.run(FutureTask.java:266)
	at java.util.concurrent.Executors$RunnableAdapter.call(Executors.java:511)
	at java.util.concurrent.FutureTask.run(FutureTask.java:266)
	at java.util.concurrent.ThreadPoolExecutor.runWorker(ThreadPoolExecutor.java:1149)
	at java.util.concurrent.ThreadPoolExecutor$Worker.run(ThreadPoolExecutor.java:624)
	... 1 more
Caused by: org.apache.ratis.thirdparty.io.netty.channel.AbstractChannel$AnnotatedConnectException: Connection refused: /192.168.11.218:39625
	at sun.nio.ch.SocketChannelImpl.checkConnect(Native Method)
	at sun.nio.ch.SocketChannelImpl.finishConnect(SocketChannelImpl.java:717)
	at org.apache.ratis.thirdparty.io.netty.channel.socket.nio.NioSocketChannel.doFinishConnect(NioSocketChannel.java:327)
	at org.apache.ratis.thirdparty.io.netty.channel.nio.AbstractNioChannel$AbstractNioUnsafe.finishConnect(AbstractNioChannel.java:340)
	at org.apache.ratis.thirdparty.io.netty.channel.nio.NioEventLoop.processSelectedKey(NioEventLoop.java:632)
	at org.apache.ratis.thirdparty.io.netty.channel.nio.NioEventLoop.processSelectedKeysOptimized(NioEventLoop.java:579)
	at org.apache.ratis.thirdparty.io.netty.channel.nio.NioEventLoop.processSelectedKeys(NioEventLoop.java:496)
	at org.apache.ratis.thirdparty.io.netty.channel.nio.NioEventLoop.run(NioEventLoop.java:458)
	at org.apache.ratis.thirdparty.io.netty.util.concurrent.SingleThreadEventExecutor$5.run(SingleThreadEventExecutor.java:897)
	at org.apache.ratis.thirdparty.io.netty.util.concurrent.FastThreadLocalRunnable.run(FastThreadLocalRunnable.java:30)
	... 1 more
Caused by: java.net.ConnectException: Connection refused
	... 11 more
2019-06-13 21:37:32,570 INFO  impl.RaftServerImpl (RaftServerImpl.java:setRole(164)) - 5801dc37-c077-4608-8f08-86354f2b1b05:group-9BF77B4E22C9 changes role from CANDIDATE to FOLLOWER at term 4 for DISCOVERED_A_NEW_TERM
2019-06-13 21:37:32,570 INFO  impl.RoleInfo (RoleInfo.java:shutdownLeaderElection(134)) - 5801dc37-c077-4608-8f08-86354f2b1b05: shutdown LeaderElection
2019-06-13 21:37:32,570 INFO  impl.RoleInfo (RoleInfo.java:updateAndGet(143)) - 5801dc37-c077-4608-8f08-86354f2b1b05: start FollowerState
2019-06-13 21:37:33,757 INFO  impl.FollowerState (FollowerState.java:run(101)) - 5801dc37-c077-4608-8f08-86354f2b1b05:group-9BF77B4E22C9 changes to CANDIDATE, lastRpcTime:1186, electionTimeout:1186ms
2019-06-13 21:37:33,757 INFO  impl.RoleInfo (RoleInfo.java:shutdownFollowerState(121)) - 5801dc37-c077-4608-8f08-86354f2b1b05: shutdown FollowerState
2019-06-13 21:37:33,757 INFO  impl.RaftServerImpl (RaftServerImpl.java:setRole(164)) - 5801dc37-c077-4608-8f08-86354f2b1b05:group-9BF77B4E22C9 changes role from FOLLOWER to CANDIDATE at term 4 for changeToCandidate
2019-06-13 21:37:33,757 INFO  impl.RoleInfo (RoleInfo.java:updateAndGet(143)) - 5801dc37-c077-4608-8f08-86354f2b1b05: start LeaderElection
2019-06-13 21:37:33,760 INFO  impl.LeaderElection (LeaderElection.java:askForVotes(181)) - 5801dc37-c077-4608-8f08-86354f2b1b05:group-9BF77B4E22C9:LeaderElection81: begin an election at term 5 for 0: [f1f314c7-e01f-4880-8551-26c7c175045e:192.168.11.218:42885, 5aec5faf-95c1-466a-80b5-885d1536bb8e:192.168.11.218:39625, 5801dc37-c077-4608-8f08-86354f2b1b05:192.168.11.218:35099], old=null
2019-06-13 21:37:33,761 INFO  impl.LeaderElection (LogUtils.java:infoOrTrace(149)) - 5801dc37-c077-4608-8f08-86354f2b1b05:group-9BF77B4E22C9:LeaderElection81 got exception when requesting votes: {}
java.util.concurrent.ExecutionException: org.apache.ratis.thirdparty.io.grpc.StatusRuntimeException: UNAVAILABLE: io exception
	at java.util.concurrent.FutureTask.report(FutureTask.java:122)
	at java.util.concurrent.FutureTask.get(FutureTask.java:192)
	at org.apache.ratis.server.impl.LeaderElection.waitForResults(LeaderElection.java:262)
	at org.apache.ratis.server.impl.LeaderElection.askForVotes(LeaderElection.java:200)
	at org.apache.ratis.server.impl.LeaderElection.run(LeaderElection.java:130)
	at java.lang.Thread.run(Thread.java:748)
Caused by: org.apache.ratis.thirdparty.io.grpc.StatusRuntimeException: UNAVAILABLE: io exception
	at org.apache.ratis.thirdparty.io.grpc.stub.ClientCalls.toStatusRuntimeException(ClientCalls.java:233)
	at org.apache.ratis.thirdparty.io.grpc.stub.ClientCalls.getUnchecked(ClientCalls.java:214)
	at org.apache.ratis.thirdparty.io.grpc.stub.ClientCalls.blockingUnaryCall(ClientCalls.java:139)
	at org.apache.ratis.proto.grpc.RaftServerProtocolServiceGrpc$RaftServerProtocolServiceBlockingStub.requestVote(RaftServerProtocolServiceGrpc.java:265)
	at org.apache.ratis.grpc.server.GrpcServerProtocolClient.requestVote(GrpcServerProtocolClient.java:83)
	at org.apache.ratis.grpc.server.GrpcService.requestVote(GrpcService.java:194)
	at org.apache.ratis.server.impl.LeaderElection.lambda$submitRequests$1(LeaderElection.java:237)
	at java.util.concurrent.FutureTask.run(FutureTask.java:266)
	at java.util.concurrent.Executors$RunnableAdapter.call(Executors.java:511)
	at java.util.concurrent.FutureTask.run(FutureTask.java:266)
	at java.util.concurrent.ThreadPoolExecutor.runWorker(ThreadPoolExecutor.java:1149)
	at java.util.concurrent.ThreadPoolExecutor$Worker.run(ThreadPoolExecutor.java:624)
	... 1 more
Caused by: org.apache.ratis.thirdparty.io.netty.channel.AbstractChannel$AnnotatedConnectException: Connection refused: /192.168.11.218:42885
	at sun.nio.ch.SocketChannelImpl.checkConnect(Native Method)
	at sun.nio.ch.SocketChannelImpl.finishConnect(SocketChannelImpl.java:717)
	at org.apache.ratis.thirdparty.io.netty.channel.socket.nio.NioSocketChannel.doFinishConnect(NioSocketChannel.java:327)
	at org.apache.ratis.thirdparty.io.netty.channel.nio.AbstractNioChannel$AbstractNioUnsafe.finishConnect(AbstractNioChannel.java:340)
	at org.apache.ratis.thirdparty.io.netty.channel.nio.NioEventLoop.processSelectedKey(NioEventLoop.java:632)
	at org.apache.ratis.thirdparty.io.netty.channel.nio.NioEventLoop.processSelectedKeysOptimized(NioEventLoop.java:579)
	at org.apache.ratis.thirdparty.io.netty.channel.nio.NioEventLoop.processSelectedKeys(NioEventLoop.java:496)
	at org.apache.ratis.thirdparty.io.netty.channel.nio.NioEventLoop.run(NioEventLoop.java:458)
	at org.apache.ratis.thirdparty.io.netty.util.concurrent.SingleThreadEventExecutor$5.run(SingleThreadEventExecutor.java:897)
	at org.apache.ratis.thirdparty.io.netty.util.concurrent.FastThreadLocalRunnable.run(FastThreadLocalRunnable.java:30)
	... 1 more
Caused by: java.net.ConnectException: Connection refused
	... 11 more
2019-06-13 21:37:33,763 INFO  impl.LeaderElection (LogUtils.java:infoOrTrace(149)) - 5801dc37-c077-4608-8f08-86354f2b1b05:group-9BF77B4E22C9:LeaderElection81 got exception when requesting votes: {}
java.util.concurrent.ExecutionException: org.apache.ratis.thirdparty.io.grpc.StatusRuntimeException: UNAVAILABLE: io exception
	at java.util.concurrent.FutureTask.report(FutureTask.java:122)
	at java.util.concurrent.FutureTask.get(FutureTask.java:192)
	at org.apache.ratis.server.impl.LeaderElection.waitForResults(LeaderElection.java:262)
	at org.apache.ratis.server.impl.LeaderElection.askForVotes(LeaderElection.java:200)
	at org.apache.ratis.server.impl.LeaderElection.run(LeaderElection.java:130)
	at java.lang.Thread.run(Thread.java:748)
Caused by: org.apache.ratis.thirdparty.io.grpc.StatusRuntimeException: UNAVAILABLE: io exception
	at org.apache.ratis.thirdparty.io.grpc.stub.ClientCalls.toStatusRuntimeException(ClientCalls.java:233)
	at org.apache.ratis.thirdparty.io.grpc.stub.ClientCalls.getUnchecked(ClientCalls.java:214)
	at org.apache.ratis.thirdparty.io.grpc.stub.ClientCalls.blockingUnaryCall(ClientCalls.java:139)
	at org.apache.ratis.proto.grpc.RaftServerProtocolServiceGrpc$RaftServerProtocolServiceBlockingStub.requestVote(RaftServerProtocolServiceGrpc.java:265)
	at org.apache.ratis.grpc.server.GrpcServerProtocolClient.requestVote(GrpcServerProtocolClient.java:83)
	at org.apache.ratis.grpc.server.GrpcService.requestVote(GrpcService.java:194)
	at org.apache.ratis.server.impl.LeaderElection.lambda$submitRequests$1(LeaderElection.java:237)
	at java.util.concurrent.FutureTask.run(FutureTask.java:266)
	at java.util.concurrent.Executors$RunnableAdapter.call(Executors.java:511)
	at java.util.concurrent.FutureTask.run(FutureTask.java:266)
	at java.util.concurrent.ThreadPoolExecutor.runWorker(ThreadPoolExecutor.java:1149)
	at java.util.concurrent.ThreadPoolExecutor$Worker.run(ThreadPoolExecutor.java:624)
	... 1 more
Caused by: org.apache.ratis.thirdparty.io.netty.channel.AbstractChannel$AnnotatedConnectException: Connection refused: /192.168.11.218:39625
	at sun.nio.ch.SocketChannelImpl.checkConnect(Native Method)
	at sun.nio.ch.SocketChannelImpl.finishConnect(SocketChannelImpl.java:717)
	at org.apache.ratis.thirdparty.io.netty.channel.socket.nio.NioSocketChannel.doFinishConnect(NioSocketChannel.java:327)
	at org.apache.ratis.thirdparty.io.netty.channel.nio.AbstractNioChannel$AbstractNioUnsafe.finishConnect(AbstractNioChannel.java:340)
	at org.apache.ratis.thirdparty.io.netty.channel.nio.NioEventLoop.processSelectedKey(NioEventLoop.java:632)
	at org.apache.ratis.thirdparty.io.netty.channel.nio.NioEventLoop.processSelectedKeysOptimized(NioEventLoop.java:579)
	at org.apache.ratis.thirdparty.io.netty.channel.nio.NioEventLoop.processSelectedKeys(NioEventLoop.java:496)
	at org.apache.ratis.thirdparty.io.netty.channel.nio.NioEventLoop.run(NioEventLoop.java:458)
	at org.apache.ratis.thirdparty.io.netty.util.concurrent.SingleThreadEventExecutor$5.run(SingleThreadEventExecutor.java:897)
	at org.apache.ratis.thirdparty.io.netty.util.concurrent.FastThreadLocalRunnable.run(FastThreadLocalRunnable.java:30)
	... 1 more
Caused by: java.net.ConnectException: Connection refused
	... 11 more
2019-06-13 21:37:33,764 INFO  impl.LeaderElection (LeaderElection.java:logAndReturn(56)) - 5801dc37-c077-4608-8f08-86354f2b1b05:group-9BF77B4E22C9:LeaderElection81: Election REJECTED; received 0 response(s) [] and 2 exception(s); 5801dc37-c077-4608-8f08-86354f2b1b05:t5, leader=null, voted=5801dc37-c077-4608-8f08-86354f2b1b05, raftlog=5801dc37-c077-4608-8f08-86354f2b1b05-SegmentedRaftLog:OPENED:c19,f20,i20, conf=0: [f1f314c7-e01f-4880-8551-26c7c175045e:192.168.11.218:42885, 5aec5faf-95c1-466a-80b5-885d1536bb8e:192.168.11.218:39625, 5801dc37-c077-4608-8f08-86354f2b1b05:192.168.11.218:35099], old=null
2019-06-13 21:37:33,764 INFO  impl.LeaderElection (LogUtils.java:infoOrTrace(149)) -   Exception 0: {}
java.util.concurrent.ExecutionException: org.apache.ratis.thirdparty.io.grpc.StatusRuntimeException: UNAVAILABLE: io exception
	at java.util.concurrent.FutureTask.report(FutureTask.java:122)
	at java.util.concurrent.FutureTask.get(FutureTask.java:192)
	at org.apache.ratis.server.impl.LeaderElection.waitForResults(LeaderElection.java:262)
	at org.apache.ratis.server.impl.LeaderElection.askForVotes(LeaderElection.java:200)
	at org.apache.ratis.server.impl.LeaderElection.run(LeaderElection.java:130)
	at java.lang.Thread.run(Thread.java:748)
Caused by: org.apache.ratis.thirdparty.io.grpc.StatusRuntimeException: UNAVAILABLE: io exception
	at org.apache.ratis.thirdparty.io.grpc.stub.ClientCalls.toStatusRuntimeException(ClientCalls.java:233)
	at org.apache.ratis.thirdparty.io.grpc.stub.ClientCalls.getUnchecked(ClientCalls.java:214)
	at org.apache.ratis.thirdparty.io.grpc.stub.ClientCalls.blockingUnaryCall(ClientCalls.java:139)
	at org.apache.ratis.proto.grpc.RaftServerProtocolServiceGrpc$RaftServerProtocolServiceBlockingStub.requestVote(RaftServerProtocolServiceGrpc.java:265)
	at org.apache.ratis.grpc.server.GrpcServerProtocolClient.requestVote(GrpcServerProtocolClient.java:83)
	at org.apache.ratis.grpc.server.GrpcService.requestVote(GrpcService.java:194)
	at org.apache.ratis.server.impl.LeaderElection.lambda$submitRequests$1(LeaderElection.java:237)
	at java.util.concurrent.FutureTask.run(FutureTask.java:266)
	at java.util.concurrent.Executors$RunnableAdapter.call(Executors.java:511)
	at java.util.concurrent.FutureTask.run(FutureTask.java:266)
	at java.util.concurrent.ThreadPoolExecutor.runWorker(ThreadPoolExecutor.java:1149)
	at java.util.concurrent.ThreadPoolExecutor$Worker.run(ThreadPoolExecutor.java:624)
	... 1 more
Caused by: org.apache.ratis.thirdparty.io.netty.channel.AbstractChannel$AnnotatedConnectException: Connection refused: /192.168.11.218:42885
	at sun.nio.ch.SocketChannelImpl.checkConnect(Native Method)
	at sun.nio.ch.SocketChannelImpl.finishConnect(SocketChannelImpl.java:717)
	at org.apache.ratis.thirdparty.io.netty.channel.socket.nio.NioSocketChannel.doFinishConnect(NioSocketChannel.java:327)
	at org.apache.ratis.thirdparty.io.netty.channel.nio.AbstractNioChannel$AbstractNioUnsafe.finishConnect(AbstractNioChannel.java:340)
	at org.apache.ratis.thirdparty.io.netty.channel.nio.NioEventLoop.processSelectedKey(NioEventLoop.java:632)
	at org.apache.ratis.thirdparty.io.netty.channel.nio.NioEventLoop.processSelectedKeysOptimized(NioEventLoop.java:579)
	at org.apache.ratis.thirdparty.io.netty.channel.nio.NioEventLoop.processSelectedKeys(NioEventLoop.java:496)
	at org.apache.ratis.thirdparty.io.netty.channel.nio.NioEventLoop.run(NioEventLoop.java:458)
	at org.apache.ratis.thirdparty.io.netty.util.concurrent.SingleThreadEventExecutor$5.run(SingleThreadEventExecutor.java:897)
	at org.apache.ratis.thirdparty.io.netty.util.concurrent.FastThreadLocalRunnable.run(FastThreadLocalRunnable.java:30)
	... 1 more
Caused by: java.net.ConnectException: Connection refused
	... 11 more
2019-06-13 21:37:33,764 INFO  impl.LeaderElection (LogUtils.java:infoOrTrace(149)) -   Exception 1: {}
java.util.concurrent.ExecutionException: org.apache.ratis.thirdparty.io.grpc.StatusRuntimeException: UNAVAILABLE: io exception
	at java.util.concurrent.FutureTask.report(FutureTask.java:122)
	at java.util.concurrent.FutureTask.get(FutureTask.java:192)
	at org.apache.ratis.server.impl.LeaderElection.waitForResults(LeaderElection.java:262)
	at org.apache.ratis.server.impl.LeaderElection.askForVotes(LeaderElection.java:200)
	at org.apache.ratis.server.impl.LeaderElection.run(LeaderElection.java:130)
	at java.lang.Thread.run(Thread.java:748)
Caused by: org.apache.ratis.thirdparty.io.grpc.StatusRuntimeException: UNAVAILABLE: io exception
	at org.apache.ratis.thirdparty.io.grpc.stub.ClientCalls.toStatusRuntimeException(ClientCalls.java:233)
	at org.apache.ratis.thirdparty.io.grpc.stub.ClientCalls.getUnchecked(ClientCalls.java:214)
	at org.apache.ratis.thirdparty.io.grpc.stub.ClientCalls.blockingUnaryCall(ClientCalls.java:139)
	at org.apache.ratis.proto.grpc.RaftServerProtocolServiceGrpc$RaftServerProtocolServiceBlockingStub.requestVote(RaftServerProtocolServiceGrpc.java:265)
	at org.apache.ratis.grpc.server.GrpcServerProtocolClient.requestVote(GrpcServerProtocolClient.java:83)
	at org.apache.ratis.grpc.server.GrpcService.requestVote(GrpcService.java:194)
	at org.apache.ratis.server.impl.LeaderElection.lambda$submitRequests$1(LeaderElection.java:237)
	at java.util.concurrent.FutureTask.run(FutureTask.java:266)
	at java.util.concurrent.Executors$RunnableAdapter.call(Executors.java:511)
	at java.util.concurrent.FutureTask.run(FutureTask.java:266)
	at java.util.concurrent.ThreadPoolExecutor.runWorker(ThreadPoolExecutor.java:1149)
	at java.util.concurrent.ThreadPoolExecutor$Worker.run(ThreadPoolExecutor.java:624)
	... 1 more
Caused by: org.apache.ratis.thirdparty.io.netty.channel.AbstractChannel$AnnotatedConnectException: Connection refused: /192.168.11.218:39625
	at sun.nio.ch.SocketChannelImpl.checkConnect(Native Method)
	at sun.nio.ch.SocketChannelImpl.finishConnect(SocketChannelImpl.java:717)
	at org.apache.ratis.thirdparty.io.netty.channel.socket.nio.NioSocketChannel.doFinishConnect(NioSocketChannel.java:327)
	at org.apache.ratis.thirdparty.io.netty.channel.nio.AbstractNioChannel$AbstractNioUnsafe.finishConnect(AbstractNioChannel.java:340)
	at org.apache.ratis.thirdparty.io.netty.channel.nio.NioEventLoop.processSelectedKey(NioEventLoop.java:632)
	at org.apache.ratis.thirdparty.io.netty.channel.nio.NioEventLoop.processSelectedKeysOptimized(NioEventLoop.java:579)
	at org.apache.ratis.thirdparty.io.netty.channel.nio.NioEventLoop.processSelectedKeys(NioEventLoop.java:496)
	at org.apache.ratis.thirdparty.io.netty.channel.nio.NioEventLoop.run(NioEventLoop.java:458)
	at org.apache.ratis.thirdparty.io.netty.util.concurrent.SingleThreadEventExecutor$5.run(SingleThreadEventExecutor.java:897)
	at org.apache.ratis.thirdparty.io.netty.util.concurrent.FastThreadLocalRunnable.run(FastThreadLocalRunnable.java:30)
	... 1 more
Caused by: java.net.ConnectException: Connection refused
	... 11 more
2019-06-13 21:37:33,765 INFO  impl.RaftServerImpl (RaftServerImpl.java:setRole(164)) - 5801dc37-c077-4608-8f08-86354f2b1b05:group-9BF77B4E22C9 changes role from CANDIDATE to FOLLOWER at term 5 for DISCOVERED_A_NEW_TERM
2019-06-13 21:37:33,765 INFO  impl.RoleInfo (RoleInfo.java:shutdownLeaderElection(134)) - 5801dc37-c077-4608-8f08-86354f2b1b05: shutdown LeaderElection
2019-06-13 21:37:33,765 INFO  impl.RoleInfo (RoleInfo.java:updateAndGet(143)) - 5801dc37-c077-4608-8f08-86354f2b1b05: start FollowerState
2019-06-13 21:37:33,905 WARN  io.KeyOutputStream (KeyOutputStream.java:handleException(276)) - Encountered exception java.io.IOException: Unexpected Storage Container Exception: java.util.concurrent.CompletionException: java.util.concurrent.CompletionException: org.apache.ratis.protocol.RaftRetryFailureException: Failed RaftClientRequest:client-03147FF58EB4->5aec5faf-95c1-466a-80b5-885d1536bb8e@group-9BF77B4E22C9, cid=189, seq=10*, RW, org.apache.hadoop.hdds.scm.XceiverClientRatis$$Lambda$442/510793091@17ae1a45 for 5 attempts with RetryLimited(maxAttempts=5, sleepTime=1000ms) on the pipeline Pipeline[ Id: 70542c91-2426-4632-9328-9bf77b4e22c9, Nodes: f1f314c7-e01f-4880-8551-26c7c175045e{ip: 192.168.11.218, host: ozone-d4wqq-1121427898, networkLocation: /default-rack, certSerialId: null}5aec5faf-95c1-466a-80b5-885d1536bb8e{ip: 192.168.11.218, host: ozone-d4wqq-1121427898, networkLocation: /default-rack, certSerialId: null}5801dc37-c077-4608-8f08-86354f2b1b05{ip: 192.168.11.218, host: ozone-d4wqq-1121427898, networkLocation: /default-rack, certSerialId: null}, Type:RATIS, Factor:THREE, State:OPEN]. The last committed block length is 0, uncommitted data length is 2097152 retry count 0
2019-06-13 21:37:33,915 INFO  client.GrpcClientProtocolClient (GrpcClientProtocolClient.java:onNext(254)) - client-45A3D32268B2->aad65329-233a-4e32-bff9-501922508392: receive RaftClientReply:client-45A3D32268B2->aad65329-233a-4e32-bff9-501922508392@group-FA60CF850E9E, cid=192, FAILED org.apache.ratis.protocol.NotLeaderException: Server aad65329-233a-4e32-bff9-501922508392 is not the leader (a76d2ad0-1c5c-4003-bb4c-e397a26e8ebf:192.168.11.218:33075). Request must be sent to leader., logIndex=0, commits[aad65329-233a-4e32-bff9-501922508392:c0, a76d2ad0-1c5c-4003-bb4c-e397a26e8ebf:c0, 36315fdd-1398-4801-a40e-9ce939377f0f:c0]
2019-06-13 21:37:33,919 WARN  client.GrpcClientProtocolService (LogUtils.java:warn(134)) - 0-OrderedRequestStreamObserver0: onError: org.apache.ratis.thirdparty.io.grpc.StatusRuntimeException: CANCELLED: cancelled before receiving half close
2019-06-13 21:37:34,893 INFO  impl.FollowerState (FollowerState.java:run(101)) - 5801dc37-c077-4608-8f08-86354f2b1b05:group-9BF77B4E22C9 changes to CANDIDATE, lastRpcTime:1128, electionTimeout:1128ms
2019-06-13 21:37:34,893 INFO  impl.RoleInfo (RoleInfo.java:shutdownFollowerState(121)) - 5801dc37-c077-4608-8f08-86354f2b1b05: shutdown FollowerState
2019-06-13 21:37:34,893 INFO  impl.RaftServerImpl (RaftServerImpl.java:setRole(164)) - 5801dc37-c077-4608-8f08-86354f2b1b05:group-9BF77B4E22C9 changes role from FOLLOWER to CANDIDATE at term 5 for changeToCandidate
2019-06-13 21:37:34,893 INFO  impl.RoleInfo (RoleInfo.java:updateAndGet(143)) - 5801dc37-c077-4608-8f08-86354f2b1b05: start LeaderElection
2019-06-13 21:37:34,896 INFO  impl.LeaderElection (LeaderElection.java:askForVotes(181)) - 5801dc37-c077-4608-8f08-86354f2b1b05:group-9BF77B4E22C9:LeaderElection82: begin an election at term 6 for 0: [f1f314c7-e01f-4880-8551-26c7c175045e:192.168.11.218:42885, 5aec5faf-95c1-466a-80b5-885d1536bb8e:192.168.11.218:39625, 5801dc37-c077-4608-8f08-86354f2b1b05:192.168.11.218:35099], old=null
2019-06-13 21:37:34,896 INFO  impl.LeaderElection (LogUtils.java:infoOrTrace(149)) - 5801dc37-c077-4608-8f08-86354f2b1b05:group-9BF77B4E22C9:LeaderElection82 got exception when requesting votes: {}
java.util.concurrent.ExecutionException: org.apache.ratis.thirdparty.io.grpc.StatusRuntimeException: UNAVAILABLE: io exception
	at java.util.concurrent.FutureTask.report(FutureTask.java:122)
	at java.util.concurrent.FutureTask.get(FutureTask.java:192)
	at org.apache.ratis.server.impl.LeaderElection.waitForResults(LeaderElection.java:262)
	at org.apache.ratis.server.impl.LeaderElection.askForVotes(LeaderElection.java:200)
	at org.apache.ratis.server.impl.LeaderElection.run(LeaderElection.java:130)
	at java.lang.Thread.run(Thread.java:748)
Caused by: org.apache.ratis.thirdparty.io.grpc.StatusRuntimeException: UNAVAILABLE: io exception
	at org.apache.ratis.thirdparty.io.grpc.stub.ClientCalls.toStatusRuntimeException(ClientCalls.java:233)
	at org.apache.ratis.thirdparty.io.grpc.stub.ClientCalls.getUnchecked(ClientCalls.java:214)
	at org.apache.ratis.thirdparty.io.grpc.stub.ClientCalls.blockingUnaryCall(ClientCalls.java:139)
	at org.apache.ratis.proto.grpc.RaftServerProtocolServiceGrpc$RaftServerProtocolServiceBlockingStub.requestVote(RaftServerProtocolServiceGrpc.java:265)
	at org.apache.ratis.grpc.server.GrpcServerProtocolClient.requestVote(GrpcServerProtocolClient.java:83)
	at org.apache.ratis.grpc.server.GrpcService.requestVote(GrpcService.java:194)
	at org.apache.ratis.server.impl.LeaderElection.lambda$submitRequests$1(LeaderElection.java:237)
	at java.util.concurrent.FutureTask.run(FutureTask.java:266)
	at java.util.concurrent.Executors$RunnableAdapter.call(Executors.java:511)
	at java.util.concurrent.FutureTask.run(FutureTask.java:266)
	at java.util.concurrent.ThreadPoolExecutor.runWorker(ThreadPoolExecutor.java:1149)
	at java.util.concurrent.ThreadPoolExecutor$Worker.run(ThreadPoolExecutor.java:624)
	... 1 more
Caused by: org.apache.ratis.thirdparty.io.netty.channel.AbstractChannel$AnnotatedConnectException: Connection refused: /192.168.11.218:42885
	at sun.nio.ch.SocketChannelImpl.checkConnect(Native Method)
	at sun.nio.ch.SocketChannelImpl.finishConnect(SocketChannelImpl.java:717)
	at org.apache.ratis.thirdparty.io.netty.channel.socket.nio.NioSocketChannel.doFinishConnect(NioSocketChannel.java:327)
	at org.apache.ratis.thirdparty.io.netty.channel.nio.AbstractNioChannel$AbstractNioUnsafe.finishConnect(AbstractNioChannel.java:340)
	at org.apache.ratis.thirdparty.io.netty.channel.nio.NioEventLoop.processSelectedKey(NioEventLoop.java:632)
	at org.apache.ratis.thirdparty.io.netty.channel.nio.NioEventLoop.processSelectedKeysOptimized(NioEventLoop.java:579)
	at org.apache.ratis.thirdparty.io.netty.channel.nio.NioEventLoop.processSelectedKeys(NioEventLoop.java:496)
	at org.apache.ratis.thirdparty.io.netty.channel.nio.NioEventLoop.run(NioEventLoop.java:458)
	at org.apache.ratis.thirdparty.io.netty.util.concurrent.SingleThreadEventExecutor$5.run(SingleThreadEventExecutor.java:897)
	at org.apache.ratis.thirdparty.io.netty.util.concurrent.FastThreadLocalRunnable.run(FastThreadLocalRunnable.java:30)
	... 1 more
Caused by: java.net.ConnectException: Connection refused
	... 11 more
2019-06-13 21:37:34,899 INFO  impl.LeaderElection (LogUtils.java:infoOrTrace(149)) - 5801dc37-c077-4608-8f08-86354f2b1b05:group-9BF77B4E22C9:LeaderElection82 got exception when requesting votes: {}
java.util.concurrent.ExecutionException: org.apache.ratis.thirdparty.io.grpc.StatusRuntimeException: UNAVAILABLE: io exception
	at java.util.concurrent.FutureTask.report(FutureTask.java:122)
	at java.util.concurrent.FutureTask.get(FutureTask.java:192)
	at org.apache.ratis.server.impl.LeaderElection.waitForResults(LeaderElection.java:262)
	at org.apache.ratis.server.impl.LeaderElection.askForVotes(LeaderElection.java:200)
	at org.apache.ratis.server.impl.LeaderElection.run(LeaderElection.java:130)
	at java.lang.Thread.run(Thread.java:748)
Caused by: org.apache.ratis.thirdparty.io.grpc.StatusRuntimeException: UNAVAILABLE: io exception
	at org.apache.ratis.thirdparty.io.grpc.stub.ClientCalls.toStatusRuntimeException(ClientCalls.java:233)
	at org.apache.ratis.thirdparty.io.grpc.stub.ClientCalls.getUnchecked(ClientCalls.java:214)
	at org.apache.ratis.thirdparty.io.grpc.stub.ClientCalls.blockingUnaryCall(ClientCalls.java:139)
	at org.apache.ratis.proto.grpc.RaftServerProtocolServiceGrpc$RaftServerProtocolServiceBlockingStub.requestVote(RaftServerProtocolServiceGrpc.java:265)
	at org.apache.ratis.grpc.server.GrpcServerProtocolClient.requestVote(GrpcServerProtocolClient.java:83)
	at org.apache.ratis.grpc.server.GrpcService.requestVote(GrpcService.java:194)
	at org.apache.ratis.server.impl.LeaderElection.lambda$submitRequests$1(LeaderElection.java:237)
	at java.util.concurrent.FutureTask.run(FutureTask.java:266)
	at java.util.concurrent.Executors$RunnableAdapter.call(Executors.java:511)
	at java.util.concurrent.FutureTask.run(FutureTask.java:266)
	at java.util.concurrent.ThreadPoolExecutor.runWorker(ThreadPoolExecutor.java:1149)
	at java.util.concurrent.ThreadPoolExecutor$Worker.run(ThreadPoolExecutor.java:624)
	... 1 more
Caused by: org.apache.ratis.thirdparty.io.netty.channel.AbstractChannel$AnnotatedConnectException: Connection refused: /192.168.11.218:39625
	at sun.nio.ch.SocketChannelImpl.checkConnect(Native Method)
	at sun.nio.ch.SocketChannelImpl.finishConnect(SocketChannelImpl.java:717)
	at org.apache.ratis.thirdparty.io.netty.channel.socket.nio.NioSocketChannel.doFinishConnect(NioSocketChannel.java:327)
	at org.apache.ratis.thirdparty.io.netty.channel.nio.AbstractNioChannel$AbstractNioUnsafe.finishConnect(AbstractNioChannel.java:340)
	at org.apache.ratis.thirdparty.io.netty.channel.nio.NioEventLoop.processSelectedKey(NioEventLoop.java:632)
	at org.apache.ratis.thirdparty.io.netty.channel.nio.NioEventLoop.processSelectedKeysOptimized(NioEventLoop.java:579)
	at org.apache.ratis.thirdparty.io.netty.channel.nio.NioEventLoop.processSelectedKeys(NioEventLoop.java:496)
	at org.apache.ratis.thirdparty.io.netty.channel.nio.NioEventLoop.run(NioEventLoop.java:458)
	at org.apache.ratis.thirdparty.io.netty.util.concurrent.SingleThreadEventExecutor$5.run(SingleThreadEventExecutor.java:897)
	at org.apache.ratis.thirdparty.io.netty.util.concurrent.FastThreadLocalRunnable.run(FastThreadLocalRunnable.java:30)
	... 1 more
Caused by: java.net.ConnectException: Connection refused
	... 11 more
2019-06-13 21:37:34,900 INFO  impl.LeaderElection (LeaderElection.java:logAndReturn(56)) - 5801dc37-c077-4608-8f08-86354f2b1b05:group-9BF77B4E22C9:LeaderElection82: Election REJECTED; received 0 response(s) [] and 2 exception(s); 5801dc37-c077-4608-8f08-86354f2b1b05:t6, leader=null, voted=5801dc37-c077-4608-8f08-86354f2b1b05, raftlog=5801dc37-c077-4608-8f08-86354f2b1b05-SegmentedRaftLog:OPENED:c19,f20,i20, conf=0: [f1f314c7-e01f-4880-8551-26c7c175045e:192.168.11.218:42885, 5aec5faf-95c1-466a-80b5-885d1536bb8e:192.168.11.218:39625, 5801dc37-c077-4608-8f08-86354f2b1b05:192.168.11.218:35099], old=null
2019-06-13 21:37:34,900 INFO  impl.LeaderElection (LogUtils.java:infoOrTrace(149)) -   Exception 0: {}
java.util.concurrent.ExecutionException: org.apache.ratis.thirdparty.io.grpc.StatusRuntimeException: UNAVAILABLE: io exception
	at java.util.concurrent.FutureTask.report(FutureTask.java:122)
	at java.util.concurrent.FutureTask.get(FutureTask.java:192)
	at org.apache.ratis.server.impl.LeaderElection.waitForResults(LeaderElection.java:262)
	at org.apache.ratis.server.impl.LeaderElection.askForVotes(LeaderElection.java:200)
	at org.apache.ratis.server.impl.LeaderElection.run(LeaderElection.java:130)
	at java.lang.Thread.run(Thread.java:748)
Caused by: org.apache.ratis.thirdparty.io.grpc.StatusRuntimeException: UNAVAILABLE: io exception
	at org.apache.ratis.thirdparty.io.grpc.stub.ClientCalls.toStatusRuntimeException(ClientCalls.java:233)
	at org.apache.ratis.thirdparty.io.grpc.stub.ClientCalls.getUnchecked(ClientCalls.java:214)
	at org.apache.ratis.thirdparty.io.grpc.stub.ClientCalls.blockingUnaryCall(ClientCalls.java:139)
	at org.apache.ratis.proto.grpc.RaftServerProtocolServiceGrpc$RaftServerProtocolServiceBlockingStub.requestVote(RaftServerProtocolServiceGrpc.java:265)
	at org.apache.ratis.grpc.server.GrpcServerProtocolClient.requestVote(GrpcServerProtocolClient.java:83)
	at org.apache.ratis.grpc.server.GrpcService.requestVote(GrpcService.java:194)
	at org.apache.ratis.server.impl.LeaderElection.lambda$submitRequests$1(LeaderElection.java:237)
	at java.util.concurrent.FutureTask.run(FutureTask.java:266)
	at java.util.concurrent.Executors$RunnableAdapter.call(Executors.java:511)
	at java.util.concurrent.FutureTask.run(FutureTask.java:266)
	at java.util.concurrent.ThreadPoolExecutor.runWorker(ThreadPoolExecutor.java:1149)
	at java.util.concurrent.ThreadPoolExecutor$Worker.run(ThreadPoolExecutor.java:624)
	... 1 more
Caused by: org.apache.ratis.thirdparty.io.netty.channel.AbstractChannel$AnnotatedConnectException: Connection refused: /192.168.11.218:42885
	at sun.nio.ch.SocketChannelImpl.checkConnect(Native Method)
	at sun.nio.ch.SocketChannelImpl.finishConnect(SocketChannelImpl.java:717)
	at org.apache.ratis.thirdparty.io.netty.channel.socket.nio.NioSocketChannel.doFinishConnect(NioSocketChannel.java:327)
	at org.apache.ratis.thirdparty.io.netty.channel.nio.AbstractNioChannel$AbstractNioUnsafe.finishConnect(AbstractNioChannel.java:340)
	at org.apache.ratis.thirdparty.io.netty.channel.nio.NioEventLoop.processSelectedKey(NioEventLoop.java:632)
	at org.apache.ratis.thirdparty.io.netty.channel.nio.NioEventLoop.processSelectedKeysOptimized(NioEventLoop.java:579)
	at org.apache.ratis.thirdparty.io.netty.channel.nio.NioEventLoop.processSelectedKeys(NioEventLoop.java:496)
	at org.apache.ratis.thirdparty.io.netty.channel.nio.NioEventLoop.run(NioEventLoop.java:458)
	at org.apache.ratis.thirdparty.io.netty.util.concurrent.SingleThreadEventExecutor$5.run(SingleThreadEventExecutor.java:897)
	at org.apache.ratis.thirdparty.io.netty.util.concurrent.FastThreadLocalRunnable.run(FastThreadLocalRunnable.java:30)
	... 1 more
Caused by: java.net.ConnectException: Connection refused
	... 11 more
2019-06-13 21:37:34,901 INFO  impl.LeaderElection (LogUtils.java:infoOrTrace(149)) -   Exception 1: {}
java.util.concurrent.ExecutionException: org.apache.ratis.thirdparty.io.grpc.StatusRuntimeException: UNAVAILABLE: io exception
	at java.util.concurrent.FutureTask.report(FutureTask.java:122)
	at java.util.concurrent.FutureTask.get(FutureTask.java:192)
	at org.apache.ratis.server.impl.LeaderElection.waitForResults(LeaderElection.java:262)
	at org.apache.ratis.server.impl.LeaderElection.askForVotes(LeaderElection.java:200)
	at org.apache.ratis.server.impl.LeaderElection.run(LeaderElection.java:130)
	at java.lang.Thread.run(Thread.java:748)
Caused by: org.apache.ratis.thirdparty.io.grpc.StatusRuntimeException: UNAVAILABLE: io exception
	at org.apache.ratis.thirdparty.io.grpc.stub.ClientCalls.toStatusRuntimeException(ClientCalls.java:233)
	at org.apache.ratis.thirdparty.io.grpc.stub.ClientCalls.getUnchecked(ClientCalls.java:214)
	at org.apache.ratis.thirdparty.io.grpc.stub.ClientCalls.blockingUnaryCall(ClientCalls.java:139)
	at org.apache.ratis.proto.grpc.RaftServerProtocolServiceGrpc$RaftServerProtocolServiceBlockingStub.requestVote(RaftServerProtocolServiceGrpc.java:265)
	at org.apache.ratis.grpc.server.GrpcServerProtocolClient.requestVote(GrpcServerProtocolClient.java:83)
	at org.apache.ratis.grpc.server.GrpcService.requestVote(GrpcService.java:194)
	at org.apache.ratis.server.impl.LeaderElection.lambda$submitRequests$1(LeaderElection.java:237)
	at java.util.concurrent.FutureTask.run(FutureTask.java:266)
	at java.util.concurrent.Executors$RunnableAdapter.call(Executors.java:511)
	at java.util.concurrent.FutureTask.run(FutureTask.java:266)
	at java.util.concurrent.ThreadPoolExecutor.runWorker(ThreadPoolExecutor.java:1149)
	at java.util.concurrent.ThreadPoolExecutor$Worker.run(ThreadPoolExecutor.java:624)
	... 1 more
Caused by: org.apache.ratis.thirdparty.io.netty.channel.AbstractChannel$AnnotatedConnectException: Connection refused: /192.168.11.218:39625
	at sun.nio.ch.SocketChannelImpl.checkConnect(Native Method)
	at sun.nio.ch.SocketChannelImpl.finishConnect(SocketChannelImpl.java:717)
	at org.apache.ratis.thirdparty.io.netty.channel.socket.nio.NioSocketChannel.doFinishConnect(NioSocketChannel.java:327)
	at org.apache.ratis.thirdparty.io.netty.channel.nio.AbstractNioChannel$AbstractNioUnsafe.finishConnect(AbstractNioChannel.java:340)
	at org.apache.ratis.thirdparty.io.netty.channel.nio.NioEventLoop.processSelectedKey(NioEventLoop.java:632)
	at org.apache.ratis.thirdparty.io.netty.channel.nio.NioEventLoop.processSelectedKeysOptimized(NioEventLoop.java:579)
	at org.apache.ratis.thirdparty.io.netty.channel.nio.NioEventLoop.processSelectedKeys(NioEventLoop.java:496)
	at org.apache.ratis.thirdparty.io.netty.channel.nio.NioEventLoop.run(NioEventLoop.java:458)
	at org.apache.ratis.thirdparty.io.netty.util.concurrent.SingleThreadEventExecutor$5.run(SingleThreadEventExecutor.java:897)
	at org.apache.ratis.thirdparty.io.netty.util.concurrent.FastThreadLocalRunnable.run(FastThreadLocalRunnable.java:30)
	... 1 more
Caused by: java.net.ConnectException: Connection refused
	... 11 more
2019-06-13 21:37:34,901 INFO  impl.RaftServerImpl (RaftServerImpl.java:setRole(164)) - 5801dc37-c077-4608-8f08-86354f2b1b05:group-9BF77B4E22C9 changes role from CANDIDATE to FOLLOWER at term 6 for DISCOVERED_A_NEW_TERM
2019-06-13 21:37:34,901 INFO  impl.RoleInfo (RoleInfo.java:shutdownLeaderElection(134)) - 5801dc37-c077-4608-8f08-86354f2b1b05: shutdown LeaderElection
2019-06-13 21:37:34,901 INFO  impl.RoleInfo (RoleInfo.java:updateAndGet(143)) - 5801dc37-c077-4608-8f08-86354f2b1b05: start FollowerState
2019-06-13 21:37:34,924 INFO  client.GrpcClientProtocolClient (GrpcClientProtocolClient.java:onNext(254)) - client-45A3D32268B2->36315fdd-1398-4801-a40e-9ce939377f0f: receive RaftClientReply:client-45A3D32268B2->36315fdd-1398-4801-a40e-9ce939377f0f@group-FA60CF850E9E, cid=192, FAILED org.apache.ratis.protocol.NotLeaderException: Server 36315fdd-1398-4801-a40e-9ce939377f0f is not the leader (a76d2ad0-1c5c-4003-bb4c-e397a26e8ebf:192.168.11.218:33075). Request must be sent to leader., logIndex=0, commits[36315fdd-1398-4801-a40e-9ce939377f0f:c0, a76d2ad0-1c5c-4003-bb4c-e397a26e8ebf:c0, aad65329-233a-4e32-bff9-501922508392:c0]
2019-06-13 21:37:34,926 WARN  client.GrpcClientProtocolService (LogUtils.java:warn(134)) - 0-OrderedRequestStreamObserver0: onError: org.apache.ratis.thirdparty.io.grpc.StatusRuntimeException: CANCELLED: cancelled before receiving half close
2019-06-13 21:37:35,931 INFO  client.GrpcClientProtocolClient (GrpcClientProtocolClient.java:onNext(254)) - client-45A3D32268B2->aad65329-233a-4e32-bff9-501922508392: receive RaftClientReply:client-45A3D32268B2->aad65329-233a-4e32-bff9-501922508392@group-FA60CF850E9E, cid=192, FAILED org.apache.ratis.protocol.NotLeaderException: Server aad65329-233a-4e32-bff9-501922508392 is not the leader (a76d2ad0-1c5c-4003-bb4c-e397a26e8ebf:192.168.11.218:33075). Request must be sent to leader., logIndex=0, commits[aad65329-233a-4e32-bff9-501922508392:c0, a76d2ad0-1c5c-4003-bb4c-e397a26e8ebf:c0, 36315fdd-1398-4801-a40e-9ce939377f0f:c0]
2019-06-13 21:37:35,936 WARN  client.GrpcClientProtocolService (LogUtils.java:warn(134)) - 1-OrderedRequestStreamObserver1: onError: org.apache.ratis.thirdparty.io.grpc.StatusRuntimeException: CANCELLED: cancelled before receiving half close
2019-06-13 21:37:35,956 INFO  impl.FollowerState (FollowerState.java:run(101)) - 5801dc37-c077-4608-8f08-86354f2b1b05:group-9BF77B4E22C9 changes to CANDIDATE, lastRpcTime:1055, electionTimeout:1055ms
2019-06-13 21:37:35,956 INFO  impl.RoleInfo (RoleInfo.java:shutdownFollowerState(121)) - 5801dc37-c077-4608-8f08-86354f2b1b05: shutdown FollowerState
2019-06-13 21:37:35,956 INFO  impl.RaftServerImpl (RaftServerImpl.java:setRole(164)) - 5801dc37-c077-4608-8f08-86354f2b1b05:group-9BF77B4E22C9 changes role from FOLLOWER to CANDIDATE at term 6 for changeToCandidate
2019-06-13 21:37:35,957 INFO  impl.RoleInfo (RoleInfo.java:updateAndGet(143)) - 5801dc37-c077-4608-8f08-86354f2b1b05: start LeaderElection
2019-06-13 21:37:35,959 INFO  impl.LeaderElection (LeaderElection.java:askForVotes(181)) - 5801dc37-c077-4608-8f08-86354f2b1b05:group-9BF77B4E22C9:LeaderElection83: begin an election at term 7 for 0: [f1f314c7-e01f-4880-8551-26c7c175045e:192.168.11.218:42885, 5aec5faf-95c1-466a-80b5-885d1536bb8e:192.168.11.218:39625, 5801dc37-c077-4608-8f08-86354f2b1b05:192.168.11.218:35099], old=null
2019-06-13 21:37:35,959 INFO  impl.LeaderElection (LogUtils.java:infoOrTrace(149)) - 5801dc37-c077-4608-8f08-86354f2b1b05:group-9BF77B4E22C9:LeaderElection83 got exception when requesting votes: {}
java.util.concurrent.ExecutionException: org.apache.ratis.thirdparty.io.grpc.StatusRuntimeException: UNAVAILABLE: io exception
	at java.util.concurrent.FutureTask.report(FutureTask.java:122)
	at java.util.concurrent.FutureTask.get(FutureTask.java:192)
	at org.apache.ratis.server.impl.LeaderElection.waitForResults(LeaderElection.java:262)
	at org.apache.ratis.server.impl.LeaderElection.askForVotes(LeaderElection.java:200)
	at org.apache.ratis.server.impl.LeaderElection.run(LeaderElection.java:130)
	at java.lang.Thread.run(Thread.java:748)
Caused by: org.apache.ratis.thirdparty.io.grpc.StatusRuntimeException: UNAVAILABLE: io exception
	at org.apache.ratis.thirdparty.io.grpc.stub.ClientCalls.toStatusRuntimeException(ClientCalls.java:233)
	at org.apache.ratis.thirdparty.io.grpc.stub.ClientCalls.getUnchecked(ClientCalls.java:214)
	at org.apache.ratis.thirdparty.io.grpc.stub.ClientCalls.blockingUnaryCall(ClientCalls.java:139)
	at org.apache.ratis.proto.grpc.RaftServerProtocolServiceGrpc$RaftServerProtocolServiceBlockingStub.requestVote(RaftServerProtocolServiceGrpc.java:265)
	at org.apache.ratis.grpc.server.GrpcServerProtocolClient.requestVote(GrpcServerProtocolClient.java:83)
	at org.apache.ratis.grpc.server.GrpcService.requestVote(GrpcService.java:194)
	at org.apache.ratis.server.impl.LeaderElection.lambda$submitRequests$1(LeaderElection.java:237)
	at java.util.concurrent.FutureTask.run(FutureTask.java:266)
	at java.util.concurrent.Executors$RunnableAdapter.call(Executors.java:511)
	at java.util.concurrent.FutureTask.run(FutureTask.java:266)
	at java.util.concurrent.ThreadPoolExecutor.runWorker(ThreadPoolExecutor.java:1149)
	at java.util.concurrent.ThreadPoolExecutor$Worker.run(ThreadPoolExecutor.java:624)
	... 1 more
Caused by: org.apache.ratis.thirdparty.io.netty.channel.AbstractChannel$AnnotatedConnectException: Connection refused: /192.168.11.218:42885
	at sun.nio.ch.SocketChannelImpl.checkConnect(Native Method)
	at sun.nio.ch.SocketChannelImpl.finishConnect(SocketChannelImpl.java:717)
	at org.apache.ratis.thirdparty.io.netty.channel.socket.nio.NioSocketChannel.doFinishConnect(NioSocketChannel.java:327)
	at org.apache.ratis.thirdparty.io.netty.channel.nio.AbstractNioChannel$AbstractNioUnsafe.finishConnect(AbstractNioChannel.java:340)
	at org.apache.ratis.thirdparty.io.netty.channel.nio.NioEventLoop.processSelectedKey(NioEventLoop.java:632)
	at org.apache.ratis.thirdparty.io.netty.channel.nio.NioEventLoop.processSelectedKeysOptimized(NioEventLoop.java:579)
	at org.apache.ratis.thirdparty.io.netty.channel.nio.NioEventLoop.processSelectedKeys(NioEventLoop.java:496)
	at org.apache.ratis.thirdparty.io.netty.channel.nio.NioEventLoop.run(NioEventLoop.java:458)
	at org.apache.ratis.thirdparty.io.netty.util.concurrent.SingleThreadEventExecutor$5.run(SingleThreadEventExecutor.java:897)
	at org.apache.ratis.thirdparty.io.netty.util.concurrent.FastThreadLocalRunnable.run(FastThreadLocalRunnable.java:30)
	... 1 more
Caused by: java.net.ConnectException: Connection refused
	... 11 more
2019-06-13 21:37:35,961 INFO  impl.LeaderElection (LogUtils.java:infoOrTrace(149)) - 5801dc37-c077-4608-8f08-86354f2b1b05:group-9BF77B4E22C9:LeaderElection83 got exception when requesting votes: {}
java.util.concurrent.ExecutionException: org.apache.ratis.thirdparty.io.grpc.StatusRuntimeException: UNAVAILABLE: io exception
	at java.util.concurrent.FutureTask.report(FutureTask.java:122)
	at java.util.concurrent.FutureTask.get(FutureTask.java:192)
	at org.apache.ratis.server.impl.LeaderElection.waitForResults(LeaderElection.java:262)
	at org.apache.ratis.server.impl.LeaderElection.askForVotes(LeaderElection.java:200)
	at org.apache.ratis.server.impl.LeaderElection.run(LeaderElection.java:130)
	at java.lang.Thread.run(Thread.java:748)
Caused by: org.apache.ratis.thirdparty.io.grpc.StatusRuntimeException: UNAVAILABLE: io exception
	at org.apache.ratis.thirdparty.io.grpc.stub.ClientCalls.toStatusRuntimeException(ClientCalls.java:233)
	at org.apache.ratis.thirdparty.io.grpc.stub.ClientCalls.getUnchecked(ClientCalls.java:214)
	at org.apache.ratis.thirdparty.io.grpc.stub.ClientCalls.blockingUnaryCall(ClientCalls.java:139)
	at org.apache.ratis.proto.grpc.RaftServerProtocolServiceGrpc$RaftServerProtocolServiceBlockingStub.requestVote(RaftServerProtocolServiceGrpc.java:265)
	at org.apache.ratis.grpc.server.GrpcServerProtocolClient.requestVote(GrpcServerProtocolClient.java:83)
	at org.apache.ratis.grpc.server.GrpcService.requestVote(GrpcService.java:194)
	at org.apache.ratis.server.impl.LeaderElection.lambda$submitRequests$1(LeaderElection.java:237)
	at java.util.concurrent.FutureTask.run(FutureTask.java:266)
	at java.util.concurrent.Executors$RunnableAdapter.call(Executors.java:511)
	at java.util.concurrent.FutureTask.run(FutureTask.java:266)
	at java.util.concurrent.ThreadPoolExecutor.runWorker(ThreadPoolExecutor.java:1149)
	at java.util.concurrent.ThreadPoolExecutor$Worker.run(ThreadPoolExecutor.java:624)
	... 1 more
Caused by: org.apache.ratis.thirdparty.io.netty.channel.AbstractChannel$AnnotatedConnectException: Connection refused: /192.168.11.218:39625
	at sun.nio.ch.SocketChannelImpl.checkConnect(Native Method)
	at sun.nio.ch.SocketChannelImpl.finishConnect(SocketChannelImpl.java:717)
	at org.apache.ratis.thirdparty.io.netty.channel.socket.nio.NioSocketChannel.doFinishConnect(NioSocketChannel.java:327)
	at org.apache.ratis.thirdparty.io.netty.channel.nio.AbstractNioChannel$AbstractNioUnsafe.finishConnect(AbstractNioChannel.java:340)
	at org.apache.ratis.thirdparty.io.netty.channel.nio.NioEventLoop.processSelectedKey(NioEventLoop.java:632)
	at org.apache.ratis.thirdparty.io.netty.channel.nio.NioEventLoop.processSelectedKeysOptimized(NioEventLoop.java:579)
	at org.apache.ratis.thirdparty.io.netty.channel.nio.NioEventLoop.processSelectedKeys(NioEventLoop.java:496)
	at org.apache.ratis.thirdparty.io.netty.channel.nio.NioEventLoop.run(NioEventLoop.java:458)
	at org.apache.ratis.thirdparty.io.netty.util.concurrent.SingleThreadEventExecutor$5.run(SingleThreadEventExecutor.java:897)
	at org.apache.ratis.thirdparty.io.netty.util.concurrent.FastThreadLocalRunnable.run(FastThreadLocalRunnable.java:30)
	... 1 more
Caused by: java.net.ConnectException: Connection refused
	... 11 more
2019-06-13 21:37:35,963 INFO  impl.LeaderElection (LeaderElection.java:logAndReturn(56)) - 5801dc37-c077-4608-8f08-86354f2b1b05:group-9BF77B4E22C9:LeaderElection83: Election REJECTED; received 0 response(s) [] and 2 exception(s); 5801dc37-c077-4608-8f08-86354f2b1b05:t7, leader=null, voted=5801dc37-c077-4608-8f08-86354f2b1b05, raftlog=5801dc37-c077-4608-8f08-86354f2b1b05-SegmentedRaftLog:OPENED:c19,f20,i20, conf=0: [f1f314c7-e01f-4880-8551-26c7c175045e:192.168.11.218:42885, 5aec5faf-95c1-466a-80b5-885d1536bb8e:192.168.11.218:39625, 5801dc37-c077-4608-8f08-86354f2b1b05:192.168.11.218:35099], old=null
2019-06-13 21:37:35,963 INFO  impl.LeaderElection (LogUtils.java:infoOrTrace(149)) -   Exception 0: {}
java.util.concurrent.ExecutionException: org.apache.ratis.thirdparty.io.grpc.StatusRuntimeException: UNAVAILABLE: io exception
	at java.util.concurrent.FutureTask.report(FutureTask.java:122)
	at java.util.concurrent.FutureTask.get(FutureTask.java:192)
	at org.apache.ratis.server.impl.LeaderElection.waitForResults(LeaderElection.java:262)
	at org.apache.ratis.server.impl.LeaderElection.askForVotes(LeaderElection.java:200)
	at org.apache.ratis.server.impl.LeaderElection.run(LeaderElection.java:130)
	at java.lang.Thread.run(Thread.java:748)
Caused by: org.apache.ratis.thirdparty.io.grpc.StatusRuntimeException: UNAVAILABLE: io exception
	at org.apache.ratis.thirdparty.io.grpc.stub.ClientCalls.toStatusRuntimeException(ClientCalls.java:233)
	at org.apache.ratis.thirdparty.io.grpc.stub.ClientCalls.getUnchecked(ClientCalls.java:214)
	at org.apache.ratis.thirdparty.io.grpc.stub.ClientCalls.blockingUnaryCall(ClientCalls.java:139)
	at org.apache.ratis.proto.grpc.RaftServerProtocolServiceGrpc$RaftServerProtocolServiceBlockingStub.requestVote(RaftServerProtocolServiceGrpc.java:265)
	at org.apache.ratis.grpc.server.GrpcServerProtocolClient.requestVote(GrpcServerProtocolClient.java:83)
	at org.apache.ratis.grpc.server.GrpcService.requestVote(GrpcService.java:194)
	at org.apache.ratis.server.impl.LeaderElection.lambda$submitRequests$1(LeaderElection.java:237)
	at java.util.concurrent.FutureTask.run(FutureTask.java:266)
	at java.util.concurrent.Executors$RunnableAdapter.call(Executors.java:511)
	at java.util.concurrent.FutureTask.run(FutureTask.java:266)
	at java.util.concurrent.ThreadPoolExecutor.runWorker(ThreadPoolExecutor.java:1149)
	at java.util.concurrent.ThreadPoolExecutor$Worker.run(ThreadPoolExecutor.java:624)
	... 1 more
Caused by: org.apache.ratis.thirdparty.io.netty.channel.AbstractChannel$AnnotatedConnectException: Connection refused: /192.168.11.218:42885
	at sun.nio.ch.SocketChannelImpl.checkConnect(Native Method)
	at sun.nio.ch.SocketChannelImpl.finishConnect(SocketChannelImpl.java:717)
	at org.apache.ratis.thirdparty.io.netty.channel.socket.nio.NioSocketChannel.doFinishConnect(NioSocketChannel.java:327)
	at org.apache.ratis.thirdparty.io.netty.channel.nio.AbstractNioChannel$AbstractNioUnsafe.finishConnect(AbstractNioChannel.java:340)
	at org.apache.ratis.thirdparty.io.netty.channel.nio.NioEventLoop.processSelectedKey(NioEventLoop.java:632)
	at org.apache.ratis.thirdparty.io.netty.channel.nio.NioEventLoop.processSelectedKeysOptimized(NioEventLoop.java:579)
	at org.apache.ratis.thirdparty.io.netty.channel.nio.NioEventLoop.processSelectedKeys(NioEventLoop.java:496)
	at org.apache.ratis.thirdparty.io.netty.channel.nio.NioEventLoop.run(NioEventLoop.java:458)
	at org.apache.ratis.thirdparty.io.netty.util.concurrent.SingleThreadEventExecutor$5.run(SingleThreadEventExecutor.java:897)
	at org.apache.ratis.thirdparty.io.netty.util.concurrent.FastThreadLocalRunnable.run(FastThreadLocalRunnable.java:30)
	... 1 more
Caused by: java.net.ConnectException: Connection refused
	... 11 more
2019-06-13 21:37:35,963 INFO  impl.LeaderElection (LogUtils.java:infoOrTrace(149)) -   Exception 1: {}
java.util.concurrent.ExecutionException: org.apache.ratis.thirdparty.io.grpc.StatusRuntimeException: UNAVAILABLE: io exception
	at java.util.concurrent.FutureTask.report(FutureTask.java:122)
	at java.util.concurrent.FutureTask.get(FutureTask.java:192)
	at org.apache.ratis.server.impl.LeaderElection.waitForResults(LeaderElection.java:262)
	at org.apache.ratis.server.impl.LeaderElection.askForVotes(LeaderElection.java:200)
	at org.apache.ratis.server.impl.LeaderElection.run(LeaderElection.java:130)
	at java.lang.Thread.run(Thread.java:748)
Caused by: org.apache.ratis.thirdparty.io.grpc.StatusRuntimeException: UNAVAILABLE: io exception
	at org.apache.ratis.thirdparty.io.grpc.stub.ClientCalls.toStatusRuntimeException(ClientCalls.java:233)
	at org.apache.ratis.thirdparty.io.grpc.stub.ClientCalls.getUnchecked(ClientCalls.java:214)
	at org.apache.ratis.thirdparty.io.grpc.stub.ClientCalls.blockingUnaryCall(ClientCalls.java:139)
	at org.apache.ratis.proto.grpc.RaftServerProtocolServiceGrpc$RaftServerProtocolServiceBlockingStub.requestVote(RaftServerProtocolServiceGrpc.java:265)
	at org.apache.ratis.grpc.server.GrpcServerProtocolClient.requestVote(GrpcServerProtocolClient.java:83)
	at org.apache.ratis.grpc.server.GrpcService.requestVote(GrpcService.java:194)
	at org.apache.ratis.server.impl.LeaderElection.lambda$submitRequests$1(LeaderElection.java:237)
	at java.util.concurrent.FutureTask.run(FutureTask.java:266)
	at java.util.concurrent.Executors$RunnableAdapter.call(Executors.java:511)
	at java.util.concurrent.FutureTask.run(FutureTask.java:266)
	at java.util.concurrent.ThreadPoolExecutor.runWorker(ThreadPoolExecutor.java:1149)
	at java.util.concurrent.ThreadPoolExecutor$Worker.run(ThreadPoolExecutor.java:624)
	... 1 more
Caused by: org.apache.ratis.thirdparty.io.netty.channel.AbstractChannel$AnnotatedConnectException: Connection refused: /192.168.11.218:39625
	at sun.nio.ch.SocketChannelImpl.checkConnect(Native Method)
	at sun.nio.ch.SocketChannelImpl.finishConnect(SocketChannelImpl.java:717)
	at org.apache.ratis.thirdparty.io.netty.channel.socket.nio.NioSocketChannel.doFinishConnect(NioSocketChannel.java:327)
	at org.apache.ratis.thirdparty.io.netty.channel.nio.AbstractNioChannel$AbstractNioUnsafe.finishConnect(AbstractNioChannel.java:340)
	at org.apache.ratis.thirdparty.io.netty.channel.nio.NioEventLoop.processSelectedKey(NioEventLoop.java:632)
	at org.apache.ratis.thirdparty.io.netty.channel.nio.NioEventLoop.processSelectedKeysOptimized(NioEventLoop.java:579)
	at org.apache.ratis.thirdparty.io.netty.channel.nio.NioEventLoop.processSelectedKeys(NioEventLoop.java:496)
	at org.apache.ratis.thirdparty.io.netty.channel.nio.NioEventLoop.run(NioEventLoop.java:458)
	at org.apache.ratis.thirdparty.io.netty.util.concurrent.SingleThreadEventExecutor$5.run(SingleThreadEventExecutor.java:897)
	at org.apache.ratis.thirdparty.io.netty.util.concurrent.FastThreadLocalRunnable.run(FastThreadLocalRunnable.java:30)
	... 1 more
Caused by: java.net.ConnectException: Connection refused
	... 11 more
2019-06-13 21:37:35,963 INFO  impl.RaftServerImpl (RaftServerImpl.java:setRole(164)) - 5801dc37-c077-4608-8f08-86354f2b1b05:group-9BF77B4E22C9 changes role from CANDIDATE to FOLLOWER at term 7 for DISCOVERED_A_NEW_TERM
2019-06-13 21:37:35,963 INFO  impl.RoleInfo (RoleInfo.java:shutdownLeaderElection(134)) - 5801dc37-c077-4608-8f08-86354f2b1b05: shutdown LeaderElection
2019-06-13 21:37:35,963 INFO  impl.RoleInfo (RoleInfo.java:updateAndGet(143)) - 5801dc37-c077-4608-8f08-86354f2b1b05: start FollowerState
2019-06-13 21:37:36,947 INFO  client.GrpcClientProtocolClient (GrpcClientProtocolClient.java:onNext(254)) - client-45A3D32268B2->36315fdd-1398-4801-a40e-9ce939377f0f: receive RaftClientReply:client-45A3D32268B2->36315fdd-1398-4801-a40e-9ce939377f0f@group-FA60CF850E9E, cid=192, FAILED org.apache.ratis.protocol.NotLeaderException: Server 36315fdd-1398-4801-a40e-9ce939377f0f is not the leader (a76d2ad0-1c5c-4003-bb4c-e397a26e8ebf:192.168.11.218:33075). Request must be sent to leader., logIndex=0, commits[36315fdd-1398-4801-a40e-9ce939377f0f:c0, a76d2ad0-1c5c-4003-bb4c-e397a26e8ebf:c0, aad65329-233a-4e32-bff9-501922508392:c0]
2019-06-13 21:37:36,949 WARN  client.GrpcClientProtocolService (LogUtils.java:warn(134)) - 1-OrderedRequestStreamObserver1: onError: org.apache.ratis.thirdparty.io.grpc.StatusRuntimeException: CANCELLED: cancelled before receiving half close
2019-06-13 21:37:37,118 INFO  impl.FollowerState (FollowerState.java:run(101)) - 5801dc37-c077-4608-8f08-86354f2b1b05:group-9BF77B4E22C9 changes to CANDIDATE, lastRpcTime:1154, electionTimeout:1154ms
2019-06-13 21:37:37,118 INFO  impl.RoleInfo (RoleInfo.java:shutdownFollowerState(121)) - 5801dc37-c077-4608-8f08-86354f2b1b05: shutdown FollowerState
2019-06-13 21:37:37,118 INFO  impl.RaftServerImpl (RaftServerImpl.java:setRole(164)) - 5801dc37-c077-4608-8f08-86354f2b1b05:group-9BF77B4E22C9 changes role from FOLLOWER to CANDIDATE at term 7 for changeToCandidate
2019-06-13 21:37:37,118 INFO  impl.RoleInfo (RoleInfo.java:updateAndGet(143)) - 5801dc37-c077-4608-8f08-86354f2b1b05: start LeaderElection
2019-06-13 21:37:37,121 INFO  impl.LeaderElection (LeaderElection.java:askForVotes(181)) - 5801dc37-c077-4608-8f08-86354f2b1b05:group-9BF77B4E22C9:LeaderElection84: begin an election at term 8 for 0: [f1f314c7-e01f-4880-8551-26c7c175045e:192.168.11.218:42885, 5aec5faf-95c1-466a-80b5-885d1536bb8e:192.168.11.218:39625, 5801dc37-c077-4608-8f08-86354f2b1b05:192.168.11.218:35099], old=null
2019-06-13 21:37:37,121 INFO  impl.LeaderElection (LogUtils.java:infoOrTrace(149)) - 5801dc37-c077-4608-8f08-86354f2b1b05:group-9BF77B4E22C9:LeaderElection84 got exception when requesting votes: {}
java.util.concurrent.ExecutionException: org.apache.ratis.thirdparty.io.grpc.StatusRuntimeException: UNAVAILABLE: io exception
	at java.util.concurrent.FutureTask.report(FutureTask.java:122)
	at java.util.concurrent.FutureTask.get(FutureTask.java:192)
	at org.apache.ratis.server.impl.LeaderElection.waitForResults(LeaderElection.java:262)
	at org.apache.ratis.server.impl.LeaderElection.askForVotes(LeaderElection.java:200)
	at org.apache.ratis.server.impl.LeaderElection.run(LeaderElection.java:130)
	at java.lang.Thread.run(Thread.java:748)
Caused by: org.apache.ratis.thirdparty.io.grpc.StatusRuntimeException: UNAVAILABLE: io exception
	at org.apache.ratis.thirdparty.io.grpc.stub.ClientCalls.toStatusRuntimeException(ClientCalls.java:233)
	at org.apache.ratis.thirdparty.io.grpc.stub.ClientCalls.getUnchecked(ClientCalls.java:214)
	at org.apache.ratis.thirdparty.io.grpc.stub.ClientCalls.blockingUnaryCall(ClientCalls.java:139)
	at org.apache.ratis.proto.grpc.RaftServerProtocolServiceGrpc$RaftServerProtocolServiceBlockingStub.requestVote(RaftServerProtocolServiceGrpc.java:265)
	at org.apache.ratis.grpc.server.GrpcServerProtocolClient.requestVote(GrpcServerProtocolClient.java:83)
	at org.apache.ratis.grpc.server.GrpcService.requestVote(GrpcService.java:194)
	at org.apache.ratis.server.impl.LeaderElection.lambda$submitRequests$1(LeaderElection.java:237)
	at java.util.concurrent.FutureTask.run(FutureTask.java:266)
	at java.util.concurrent.Executors$RunnableAdapter.call(Executors.java:511)
	at java.util.concurrent.FutureTask.run(FutureTask.java:266)
	at java.util.concurrent.ThreadPoolExecutor.runWorker(ThreadPoolExecutor.java:1149)
	at java.util.concurrent.ThreadPoolExecutor$Worker.run(ThreadPoolExecutor.java:624)
	... 1 more
Caused by: org.apache.ratis.thirdparty.io.netty.channel.AbstractChannel$AnnotatedConnectException: Connection refused: /192.168.11.218:42885
	at sun.nio.ch.SocketChannelImpl.checkConnect(Native Method)
	at sun.nio.ch.SocketChannelImpl.finishConnect(SocketChannelImpl.java:717)
	at org.apache.ratis.thirdparty.io.netty.channel.socket.nio.NioSocketChannel.doFinishConnect(NioSocketChannel.java:327)
	at org.apache.ratis.thirdparty.io.netty.channel.nio.AbstractNioChannel$AbstractNioUnsafe.finishConnect(AbstractNioChannel.java:340)
	at org.apache.ratis.thirdparty.io.netty.channel.nio.NioEventLoop.processSelectedKey(NioEventLoop.java:632)
	at org.apache.ratis.thirdparty.io.netty.channel.nio.NioEventLoop.processSelectedKeysOptimized(NioEventLoop.java:579)
	at org.apache.ratis.thirdparty.io.netty.channel.nio.NioEventLoop.processSelectedKeys(NioEventLoop.java:496)
	at org.apache.ratis.thirdparty.io.netty.channel.nio.NioEventLoop.run(NioEventLoop.java:458)
	at org.apache.ratis.thirdparty.io.netty.util.concurrent.SingleThreadEventExecutor$5.run(SingleThreadEventExecutor.java:897)
	at org.apache.ratis.thirdparty.io.netty.util.concurrent.FastThreadLocalRunnable.run(FastThreadLocalRunnable.java:30)
	... 1 more
Caused by: java.net.ConnectException: Connection refused
	... 11 more
2019-06-13 21:37:37,123 INFO  impl.LeaderElection (LogUtils.java:infoOrTrace(149)) - 5801dc37-c077-4608-8f08-86354f2b1b05:group-9BF77B4E22C9:LeaderElection84 got exception when requesting votes: {}
java.util.concurrent.ExecutionException: org.apache.ratis.thirdparty.io.grpc.StatusRuntimeException: UNAVAILABLE: io exception
	at java.util.concurrent.FutureTask.report(FutureTask.java:122)
	at java.util.concurrent.FutureTask.get(FutureTask.java:192)
	at org.apache.ratis.server.impl.LeaderElection.waitForResults(LeaderElection.java:262)
	at org.apache.ratis.server.impl.LeaderElection.askForVotes(LeaderElection.java:200)
	at org.apache.ratis.server.impl.LeaderElection.run(LeaderElection.java:130)
	at java.lang.Thread.run(Thread.java:748)
Caused by: org.apache.ratis.thirdparty.io.grpc.StatusRuntimeException: UNAVAILABLE: io exception
	at org.apache.ratis.thirdparty.io.grpc.stub.ClientCalls.toStatusRuntimeException(ClientCalls.java:233)
	at org.apache.ratis.thirdparty.io.grpc.stub.ClientCalls.getUnchecked(ClientCalls.java:214)
	at org.apache.ratis.thirdparty.io.grpc.stub.ClientCalls.blockingUnaryCall(ClientCalls.java:139)
	at org.apache.ratis.proto.grpc.RaftServerProtocolServiceGrpc$RaftServerProtocolServiceBlockingStub.requestVote(RaftServerProtocolServiceGrpc.java:265)
	at org.apache.ratis.grpc.server.GrpcServerProtocolClient.requestVote(GrpcServerProtocolClient.java:83)
	at org.apache.ratis.grpc.server.GrpcService.requestVote(GrpcService.java:194)
	at org.apache.ratis.server.impl.LeaderElection.lambda$submitRequests$1(LeaderElection.java:237)
	at java.util.concurrent.FutureTask.run(FutureTask.java:266)
	at java.util.concurrent.Executors$RunnableAdapter.call(Executors.java:511)
	at java.util.concurrent.FutureTask.run(FutureTask.java:266)
	at java.util.concurrent.ThreadPoolExecutor.runWorker(ThreadPoolExecutor.java:1149)
	at java.util.concurrent.ThreadPoolExecutor$Worker.run(ThreadPoolExecutor.java:624)
	... 1 more
Caused by: org.apache.ratis.thirdparty.io.netty.channel.AbstractChannel$AnnotatedConnectException: Connection refused: /192.168.11.218:39625
	at sun.nio.ch.SocketChannelImpl.checkConnect(Native Method)
	at sun.nio.ch.SocketChannelImpl.finishConnect(SocketChannelImpl.java:717)
	at org.apache.ratis.thirdparty.io.netty.channel.socket.nio.NioSocketChannel.doFinishConnect(NioSocketChannel.java:327)
	at org.apache.ratis.thirdparty.io.netty.channel.nio.AbstractNioChannel$AbstractNioUnsafe.finishConnect(AbstractNioChannel.java:340)
	at org.apache.ratis.thirdparty.io.netty.channel.nio.NioEventLoop.processSelectedKey(NioEventLoop.java:632)
	at org.apache.ratis.thirdparty.io.netty.channel.nio.NioEventLoop.processSelectedKeysOptimized(NioEventLoop.java:579)
	at org.apache.ratis.thirdparty.io.netty.channel.nio.NioEventLoop.processSelectedKeys(NioEventLoop.java:496)
	at org.apache.ratis.thirdparty.io.netty.channel.nio.NioEventLoop.run(NioEventLoop.java:458)
	at org.apache.ratis.thirdparty.io.netty.util.concurrent.SingleThreadEventExecutor$5.run(SingleThreadEventExecutor.java:897)
	at org.apache.ratis.thirdparty.io.netty.util.concurrent.FastThreadLocalRunnable.run(FastThreadLocalRunnable.java:30)
	... 1 more
Caused by: java.net.ConnectException: Connection refused
	... 11 more
2019-06-13 21:37:37,125 INFO  impl.LeaderElection (LeaderElection.java:logAndReturn(56)) - 5801dc37-c077-4608-8f08-86354f2b1b05:group-9BF77B4E22C9:LeaderElection84: Election REJECTED; received 0 response(s) [] and 2 exception(s); 5801dc37-c077-4608-8f08-86354f2b1b05:t8, leader=null, voted=5801dc37-c077-4608-8f08-86354f2b1b05, raftlog=5801dc37-c077-4608-8f08-86354f2b1b05-SegmentedRaftLog:OPENED:c19,f20,i20, conf=0: [f1f314c7-e01f-4880-8551-26c7c175045e:192.168.11.218:42885, 5aec5faf-95c1-466a-80b5-885d1536bb8e:192.168.11.218:39625, 5801dc37-c077-4608-8f08-86354f2b1b05:192.168.11.218:35099], old=null
2019-06-13 21:37:37,125 INFO  impl.LeaderElection (LogUtils.java:infoOrTrace(149)) -   Exception 0: {}
java.util.concurrent.ExecutionException: org.apache.ratis.thirdparty.io.grpc.StatusRuntimeException: UNAVAILABLE: io exception
	at java.util.concurrent.FutureTask.report(FutureTask.java:122)
	at java.util.concurrent.FutureTask.get(FutureTask.java:192)
	at org.apache.ratis.server.impl.LeaderElection.waitForResults(LeaderElection.java:262)
	at org.apache.ratis.server.impl.LeaderElection.askForVotes(LeaderElection.java:200)
	at org.apache.ratis.server.impl.LeaderElection.run(LeaderElection.java:130)
	at java.lang.Thread.run(Thread.java:748)
Caused by: org.apache.ratis.thirdparty.io.grpc.StatusRuntimeException: UNAVAILABLE: io exception
	at org.apache.ratis.thirdparty.io.grpc.stub.ClientCalls.toStatusRuntimeException(ClientCalls.java:233)
	at org.apache.ratis.thirdparty.io.grpc.stub.ClientCalls.getUnchecked(ClientCalls.java:214)
	at org.apache.ratis.thirdparty.io.grpc.stub.ClientCalls.blockingUnaryCall(ClientCalls.java:139)
	at org.apache.ratis.proto.grpc.RaftServerProtocolServiceGrpc$RaftServerProtocolServiceBlockingStub.requestVote(RaftServerProtocolServiceGrpc.java:265)
	at org.apache.ratis.grpc.server.GrpcServerProtocolClient.requestVote(GrpcServerProtocolClient.java:83)
	at org.apache.ratis.grpc.server.GrpcService.requestVote(GrpcService.java:194)
	at org.apache.ratis.server.impl.LeaderElection.lambda$submitRequests$1(LeaderElection.java:237)
	at java.util.concurrent.FutureTask.run(FutureTask.java:266)
	at java.util.concurrent.Executors$RunnableAdapter.call(Executors.java:511)
	at java.util.concurrent.FutureTask.run(FutureTask.java:266)
	at java.util.concurrent.ThreadPoolExecutor.runWorker(ThreadPoolExecutor.java:1149)
	at java.util.concurrent.ThreadPoolExecutor$Worker.run(ThreadPoolExecutor.java:624)
	... 1 more
Caused by: org.apache.ratis.thirdparty.io.netty.channel.AbstractChannel$AnnotatedConnectException: Connection refused: /192.168.11.218:42885
	at sun.nio.ch.SocketChannelImpl.checkConnect(Native Method)
	at sun.nio.ch.SocketChannelImpl.finishConnect(SocketChannelImpl.java:717)
	at org.apache.ratis.thirdparty.io.netty.channel.socket.nio.NioSocketChannel.doFinishConnect(NioSocketChannel.java:327)
	at org.apache.ratis.thirdparty.io.netty.channel.nio.AbstractNioChannel$AbstractNioUnsafe.finishConnect(AbstractNioChannel.java:340)
	at org.apache.ratis.thirdparty.io.netty.channel.nio.NioEventLoop.processSelectedKey(NioEventLoop.java:632)
	at org.apache.ratis.thirdparty.io.netty.channel.nio.NioEventLoop.processSelectedKeysOptimized(NioEventLoop.java:579)
	at org.apache.ratis.thirdparty.io.netty.channel.nio.NioEventLoop.processSelectedKeys(NioEventLoop.java:496)
	at org.apache.ratis.thirdparty.io.netty.channel.nio.NioEventLoop.run(NioEventLoop.java:458)
	at org.apache.ratis.thirdparty.io.netty.util.concurrent.SingleThreadEventExecutor$5.run(SingleThreadEventExecutor.java:897)
	at org.apache.ratis.thirdparty.io.netty.util.concurrent.FastThreadLocalRunnable.run(FastThreadLocalRunnable.java:30)
	... 1 more
Caused by: java.net.ConnectException: Connection refused
	... 11 more
2019-06-13 21:37:37,125 INFO  impl.LeaderElection (LogUtils.java:infoOrTrace(149)) -   Exception 1: {}
java.util.concurrent.ExecutionException: org.apache.ratis.thirdparty.io.grpc.StatusRuntimeException: UNAVAILABLE: io exception
	at java.util.concurrent.FutureTask.report(FutureTask.java:122)
	at java.util.concurrent.FutureTask.get(FutureTask.java:192)
	at org.apache.ratis.server.impl.LeaderElection.waitForResults(LeaderElection.java:262)
	at org.apache.ratis.server.impl.LeaderElection.askForVotes(LeaderElection.java:200)
	at org.apache.ratis.server.impl.LeaderElection.run(LeaderElection.java:130)
	at java.lang.Thread.run(Thread.java:748)
Caused by: org.apache.ratis.thirdparty.io.grpc.StatusRuntimeException: UNAVAILABLE: io exception
	at org.apache.ratis.thirdparty.io.grpc.stub.ClientCalls.toStatusRuntimeException(ClientCalls.java:233)
	at org.apache.ratis.thirdparty.io.grpc.stub.ClientCalls.getUnchecked(ClientCalls.java:214)
	at org.apache.ratis.thirdparty.io.grpc.stub.ClientCalls.blockingUnaryCall(ClientCalls.java:139)
	at org.apache.ratis.proto.grpc.RaftServerProtocolServiceGrpc$RaftServerProtocolServiceBlockingStub.requestVote(RaftServerProtocolServiceGrpc.java:265)
	at org.apache.ratis.grpc.server.GrpcServerProtocolClient.requestVote(GrpcServerProtocolClient.java:83)
	at org.apache.ratis.grpc.server.GrpcService.requestVote(GrpcService.java:194)
	at org.apache.ratis.server.impl.LeaderElection.lambda$submitRequests$1(LeaderElection.java:237)
	at java.util.concurrent.FutureTask.run(FutureTask.java:266)
	at java.util.concurrent.Executors$RunnableAdapter.call(Executors.java:511)
	at java.util.concurrent.FutureTask.run(FutureTask.java:266)
	at java.util.concurrent.ThreadPoolExecutor.runWorker(ThreadPoolExecutor.java:1149)
	at java.util.concurrent.ThreadPoolExecutor$Worker.run(ThreadPoolExecutor.java:624)
	... 1 more
Caused by: org.apache.ratis.thirdparty.io.netty.channel.AbstractChannel$AnnotatedConnectException: Connection refused: /192.168.11.218:39625
	at sun.nio.ch.SocketChannelImpl.checkConnect(Native Method)
	at sun.nio.ch.SocketChannelImpl.finishConnect(SocketChannelImpl.java:717)
	at org.apache.ratis.thirdparty.io.netty.channel.socket.nio.NioSocketChannel.doFinishConnect(NioSocketChannel.java:327)
	at org.apache.ratis.thirdparty.io.netty.channel.nio.AbstractNioChannel$AbstractNioUnsafe.finishConnect(AbstractNioChannel.java:340)
	at org.apache.ratis.thirdparty.io.netty.channel.nio.NioEventLoop.processSelectedKey(NioEventLoop.java:632)
	at org.apache.ratis.thirdparty.io.netty.channel.nio.NioEventLoop.processSelectedKeysOptimized(NioEventLoop.java:579)
	at org.apache.ratis.thirdparty.io.netty.channel.nio.NioEventLoop.processSelectedKeys(NioEventLoop.java:496)
	at org.apache.ratis.thirdparty.io.netty.channel.nio.NioEventLoop.run(NioEventLoop.java:458)
	at org.apache.ratis.thirdparty.io.netty.util.concurrent.SingleThreadEventExecutor$5.run(SingleThreadEventExecutor.java:897)
	at org.apache.ratis.thirdparty.io.netty.util.concurrent.FastThreadLocalRunnable.run(FastThreadLocalRunnable.java:30)
	... 1 more
Caused by: java.net.ConnectException: Connection refused
	... 11 more
2019-06-13 21:37:37,125 INFO  impl.RaftServerImpl (RaftServerImpl.java:setRole(164)) - 5801dc37-c077-4608-8f08-86354f2b1b05:group-9BF77B4E22C9 changes role from CANDIDATE to FOLLOWER at term 8 for DISCOVERED_A_NEW_TERM
2019-06-13 21:37:37,125 INFO  impl.RoleInfo (RoleInfo.java:shutdownLeaderElection(134)) - 5801dc37-c077-4608-8f08-86354f2b1b05: shutdown LeaderElection
2019-06-13 21:37:37,125 INFO  impl.RoleInfo (RoleInfo.java:updateAndGet(143)) - 5801dc37-c077-4608-8f08-86354f2b1b05: start FollowerState
2019-06-13 21:37:37,954 INFO  client.GrpcClientProtocolClient (GrpcClientProtocolClient.java:onNext(254)) - client-45A3D32268B2->aad65329-233a-4e32-bff9-501922508392: receive RaftClientReply:client-45A3D32268B2->aad65329-233a-4e32-bff9-501922508392@group-FA60CF850E9E, cid=192, FAILED org.apache.ratis.protocol.NotLeaderException: Server aad65329-233a-4e32-bff9-501922508392 is not the leader (a76d2ad0-1c5c-4003-bb4c-e397a26e8ebf:192.168.11.218:33075). Request must be sent to leader., logIndex=0, commits[aad65329-233a-4e32-bff9-501922508392:c0, a76d2ad0-1c5c-4003-bb4c-e397a26e8ebf:c0, 36315fdd-1398-4801-a40e-9ce939377f0f:c0]
2019-06-13 21:37:37,956 WARN  client.GrpcClientProtocolService (LogUtils.java:warn(134)) - 2-OrderedRequestStreamObserver2: onError: org.apache.ratis.thirdparty.io.grpc.StatusRuntimeException: CANCELLED: cancelled before receiving half close
2019-06-13 21:37:38,193 INFO  impl.FollowerState (FollowerState.java:run(101)) - 5801dc37-c077-4608-8f08-86354f2b1b05:group-9BF77B4E22C9 changes to CANDIDATE, lastRpcTime:1067, electionTimeout:1067ms
2019-06-13 21:37:38,193 INFO  impl.RoleInfo (RoleInfo.java:shutdownFollowerState(121)) - 5801dc37-c077-4608-8f08-86354f2b1b05: shutdown FollowerState
2019-06-13 21:37:38,193 INFO  impl.RaftServerImpl (RaftServerImpl.java:setRole(164)) - 5801dc37-c077-4608-8f08-86354f2b1b05:group-9BF77B4E22C9 changes role from FOLLOWER to CANDIDATE at term 8 for changeToCandidate
2019-06-13 21:37:38,193 INFO  impl.RoleInfo (RoleInfo.java:updateAndGet(143)) - 5801dc37-c077-4608-8f08-86354f2b1b05: start LeaderElection
2019-06-13 21:37:38,195 INFO  impl.LeaderElection (LeaderElection.java:askForVotes(181)) - 5801dc37-c077-4608-8f08-86354f2b1b05:group-9BF77B4E22C9:LeaderElection85: begin an election at term 9 for 0: [f1f314c7-e01f-4880-8551-26c7c175045e:192.168.11.218:42885, 5aec5faf-95c1-466a-80b5-885d1536bb8e:192.168.11.218:39625, 5801dc37-c077-4608-8f08-86354f2b1b05:192.168.11.218:35099], old=null
2019-06-13 21:37:38,196 INFO  impl.LeaderElection (LogUtils.java:infoOrTrace(149)) - 5801dc37-c077-4608-8f08-86354f2b1b05:group-9BF77B4E22C9:LeaderElection85 got exception when requesting votes: {}
java.util.concurrent.ExecutionException: org.apache.ratis.thirdparty.io.grpc.StatusRuntimeException: UNAVAILABLE: io exception
	at java.util.concurrent.FutureTask.report(FutureTask.java:122)
	at java.util.concurrent.FutureTask.get(FutureTask.java:192)
	at org.apache.ratis.server.impl.LeaderElection.waitForResults(LeaderElection.java:262)
	at org.apache.ratis.server.impl.LeaderElection.askForVotes(LeaderElection.java:200)
	at org.apache.ratis.server.impl.LeaderElection.run(LeaderElection.java:130)
	at java.lang.Thread.run(Thread.java:748)
Caused by: org.apache.ratis.thirdparty.io.grpc.StatusRuntimeException: UNAVAILABLE: io exception
	at org.apache.ratis.thirdparty.io.grpc.stub.ClientCalls.toStatusRuntimeException(ClientCalls.java:233)
	at org.apache.ratis.thirdparty.io.grpc.stub.ClientCalls.getUnchecked(ClientCalls.java:214)
	at org.apache.ratis.thirdparty.io.grpc.stub.ClientCalls.blockingUnaryCall(ClientCalls.java:139)
	at org.apache.ratis.proto.grpc.RaftServerProtocolServiceGrpc$RaftServerProtocolServiceBlockingStub.requestVote(RaftServerProtocolServiceGrpc.java:265)
	at org.apache.ratis.grpc.server.GrpcServerProtocolClient.requestVote(GrpcServerProtocolClient.java:83)
	at org.apache.ratis.grpc.server.GrpcService.requestVote(GrpcService.java:194)
	at org.apache.ratis.server.impl.LeaderElection.lambda$submitRequests$1(LeaderElection.java:237)
	at java.util.concurrent.FutureTask.run(FutureTask.java:266)
	at java.util.concurrent.Executors$RunnableAdapter.call(Executors.java:511)
	at java.util.concurrent.FutureTask.run(FutureTask.java:266)
	at java.util.concurrent.ThreadPoolExecutor.runWorker(ThreadPoolExecutor.java:1149)
	at java.util.concurrent.ThreadPoolExecutor$Worker.run(ThreadPoolExecutor.java:624)
	... 1 more
Caused by: org.apache.ratis.thirdparty.io.netty.channel.AbstractChannel$AnnotatedConnectException: Connection refused: /192.168.11.218:39625
	at sun.nio.ch.SocketChannelImpl.checkConnect(Native Method)
	at sun.nio.ch.SocketChannelImpl.finishConnect(SocketChannelImpl.java:717)
	at org.apache.ratis.thirdparty.io.netty.channel.socket.nio.NioSocketChannel.doFinishConnect(NioSocketChannel.java:327)
	at org.apache.ratis.thirdparty.io.netty.channel.nio.AbstractNioChannel$AbstractNioUnsafe.finishConnect(AbstractNioChannel.java:340)
	at org.apache.ratis.thirdparty.io.netty.channel.nio.NioEventLoop.processSelectedKey(NioEventLoop.java:632)
	at org.apache.ratis.thirdparty.io.netty.channel.nio.NioEventLoop.processSelectedKeysOptimized(NioEventLoop.java:579)
	at org.apache.ratis.thirdparty.io.netty.channel.nio.NioEventLoop.processSelectedKeys(NioEventLoop.java:496)
	at org.apache.ratis.thirdparty.io.netty.channel.nio.NioEventLoop.run(NioEventLoop.java:458)
	at org.apache.ratis.thirdparty.io.netty.util.concurrent.SingleThreadEventExecutor$5.run(SingleThreadEventExecutor.java:897)
	at org.apache.ratis.thirdparty.io.netty.util.concurrent.FastThreadLocalRunnable.run(FastThreadLocalRunnable.java:30)
	... 1 more
Caused by: java.net.ConnectException: Connection refused
	... 11 more
2019-06-13 21:37:38,198 INFO  impl.LeaderElection (LogUtils.java:infoOrTrace(149)) - 5801dc37-c077-4608-8f08-86354f2b1b05:group-9BF77B4E22C9:LeaderElection85 got exception when requesting votes: {}
java.util.concurrent.ExecutionException: org.apache.ratis.thirdparty.io.grpc.StatusRuntimeException: UNAVAILABLE: io exception
	at java.util.concurrent.FutureTask.report(FutureTask.java:122)
	at java.util.concurrent.FutureTask.get(FutureTask.java:192)
	at org.apache.ratis.server.impl.LeaderElection.waitForResults(LeaderElection.java:262)
	at org.apache.ratis.server.impl.LeaderElection.askForVotes(LeaderElection.java:200)
	at org.apache.ratis.server.impl.LeaderElection.run(LeaderElection.java:130)
	at java.lang.Thread.run(Thread.java:748)
Caused by: org.apache.ratis.thirdparty.io.grpc.StatusRuntimeException: UNAVAILABLE: io exception
	at org.apache.ratis.thirdparty.io.grpc.stub.ClientCalls.toStatusRuntimeException(ClientCalls.java:233)
	at org.apache.ratis.thirdparty.io.grpc.stub.ClientCalls.getUnchecked(ClientCalls.java:214)
	at org.apache.ratis.thirdparty.io.grpc.stub.ClientCalls.blockingUnaryCall(ClientCalls.java:139)
	at org.apache.ratis.proto.grpc.RaftServerProtocolServiceGrpc$RaftServerProtocolServiceBlockingStub.requestVote(RaftServerProtocolServiceGrpc.java:265)
	at org.apache.ratis.grpc.server.GrpcServerProtocolClient.requestVote(GrpcServerProtocolClient.java:83)
	at org.apache.ratis.grpc.server.GrpcService.requestVote(GrpcService.java:194)
	at org.apache.ratis.server.impl.LeaderElection.lambda$submitRequests$1(LeaderElection.java:237)
	at java.util.concurrent.FutureTask.run(FutureTask.java:266)
	at java.util.concurrent.Executors$RunnableAdapter.call(Executors.java:511)
	at java.util.concurrent.FutureTask.run(FutureTask.java:266)
	at java.util.concurrent.ThreadPoolExecutor.runWorker(ThreadPoolExecutor.java:1149)
	at java.util.concurrent.ThreadPoolExecutor$Worker.run(ThreadPoolExecutor.java:624)
	... 1 more
Caused by: org.apache.ratis.thirdparty.io.netty.channel.AbstractChannel$AnnotatedConnectException: Connection refused: /192.168.11.218:42885
	at sun.nio.ch.SocketChannelImpl.checkConnect(Native Method)
	at sun.nio.ch.SocketChannelImpl.finishConnect(SocketChannelImpl.java:717)
	at org.apache.ratis.thirdparty.io.netty.channel.socket.nio.NioSocketChannel.doFinishConnect(NioSocketChannel.java:327)
	at org.apache.ratis.thirdparty.io.netty.channel.nio.AbstractNioChannel$AbstractNioUnsafe.finishConnect(AbstractNioChannel.java:340)
	at org.apache.ratis.thirdparty.io.netty.channel.nio.NioEventLoop.processSelectedKey(NioEventLoop.java:632)
	at org.apache.ratis.thirdparty.io.netty.channel.nio.NioEventLoop.processSelectedKeysOptimized(NioEventLoop.java:579)
	at org.apache.ratis.thirdparty.io.netty.channel.nio.NioEventLoop.processSelectedKeys(NioEventLoop.java:496)
	at org.apache.ratis.thirdparty.io.netty.channel.nio.NioEventLoop.run(NioEventLoop.java:458)
	at org.apache.ratis.thirdparty.io.netty.util.concurrent.SingleThreadEventExecutor$5.run(SingleThreadEventExecutor.java:897)
	at org.apache.ratis.thirdparty.io.netty.util.concurrent.FastThreadLocalRunnable.run(FastThreadLocalRunnable.java:30)
	... 1 more
Caused by: java.net.ConnectException: Connection refused
	... 11 more
2019-06-13 21:37:38,200 INFO  impl.LeaderElection (LeaderElection.java:logAndReturn(56)) - 5801dc37-c077-4608-8f08-86354f2b1b05:group-9BF77B4E22C9:LeaderElection85: Election REJECTED; received 0 response(s) [] and 2 exception(s); 5801dc37-c077-4608-8f08-86354f2b1b05:t9, leader=null, voted=5801dc37-c077-4608-8f08-86354f2b1b05, raftlog=5801dc37-c077-4608-8f08-86354f2b1b05-SegmentedRaftLog:OPENED:c19,f20,i20, conf=0: [f1f314c7-e01f-4880-8551-26c7c175045e:192.168.11.218:42885, 5aec5faf-95c1-466a-80b5-885d1536bb8e:192.168.11.218:39625, 5801dc37-c077-4608-8f08-86354f2b1b05:192.168.11.218:35099], old=null
2019-06-13 21:37:38,200 INFO  impl.LeaderElection (LogUtils.java:infoOrTrace(149)) -   Exception 0: {}
java.util.concurrent.ExecutionException: org.apache.ratis.thirdparty.io.grpc.StatusRuntimeException: UNAVAILABLE: io exception
	at java.util.concurrent.FutureTask.report(FutureTask.java:122)
	at java.util.concurrent.FutureTask.get(FutureTask.java:192)
	at org.apache.ratis.server.impl.LeaderElection.waitForResults(LeaderElection.java:262)
	at org.apache.ratis.server.impl.LeaderElection.askForVotes(LeaderElection.java:200)
	at org.apache.ratis.server.impl.LeaderElection.run(LeaderElection.java:130)
	at java.lang.Thread.run(Thread.java:748)
Caused by: org.apache.ratis.thirdparty.io.grpc.StatusRuntimeException: UNAVAILABLE: io exception
	at org.apache.ratis.thirdparty.io.grpc.stub.ClientCalls.toStatusRuntimeException(ClientCalls.java:233)
	at org.apache.ratis.thirdparty.io.grpc.stub.ClientCalls.getUnchecked(ClientCalls.java:214)
	at org.apache.ratis.thirdparty.io.grpc.stub.ClientCalls.blockingUnaryCall(ClientCalls.java:139)
	at org.apache.ratis.proto.grpc.RaftServerProtocolServiceGrpc$RaftServerProtocolServiceBlockingStub.requestVote(RaftServerProtocolServiceGrpc.java:265)
	at org.apache.ratis.grpc.server.GrpcServerProtocolClient.requestVote(GrpcServerProtocolClient.java:83)
	at org.apache.ratis.grpc.server.GrpcService.requestVote(GrpcService.java:194)
	at org.apache.ratis.server.impl.LeaderElection.lambda$submitRequests$1(LeaderElection.java:237)
	at java.util.concurrent.FutureTask.run(FutureTask.java:266)
	at java.util.concurrent.Executors$RunnableAdapter.call(Executors.java:511)
	at java.util.concurrent.FutureTask.run(FutureTask.java:266)
	at java.util.concurrent.ThreadPoolExecutor.runWorker(ThreadPoolExecutor.java:1149)
	at java.util.concurrent.ThreadPoolExecutor$Worker.run(ThreadPoolExecutor.java:624)
	... 1 more
Caused by: org.apache.ratis.thirdparty.io.netty.channel.AbstractChannel$AnnotatedConnectException: Connection refused: /192.168.11.218:39625
	at sun.nio.ch.SocketChannelImpl.checkConnect(Native Method)
	at sun.nio.ch.SocketChannelImpl.finishConnect(SocketChannelImpl.java:717)
	at org.apache.ratis.thirdparty.io.netty.channel.socket.nio.NioSocketChannel.doFinishConnect(NioSocketChannel.java:327)
	at org.apache.ratis.thirdparty.io.netty.channel.nio.AbstractNioChannel$AbstractNioUnsafe.finishConnect(AbstractNioChannel.java:340)
	at org.apache.ratis.thirdparty.io.netty.channel.nio.NioEventLoop.processSelectedKey(NioEventLoop.java:632)
	at org.apache.ratis.thirdparty.io.netty.channel.nio.NioEventLoop.processSelectedKeysOptimized(NioEventLoop.java:579)
	at org.apache.ratis.thirdparty.io.netty.channel.nio.NioEventLoop.processSelectedKeys(NioEventLoop.java:496)
	at org.apache.ratis.thirdparty.io.netty.channel.nio.NioEventLoop.run(NioEventLoop.java:458)
	at org.apache.ratis.thirdparty.io.netty.util.concurrent.SingleThreadEventExecutor$5.run(SingleThreadEventExecutor.java:897)
	at org.apache.ratis.thirdparty.io.netty.util.concurrent.FastThreadLocalRunnable.run(FastThreadLocalRunnable.java:30)
	... 1 more
Caused by: java.net.ConnectException: Connection refused
	... 11 more
2019-06-13 21:37:38,200 INFO  impl.LeaderElection (LogUtils.java:infoOrTrace(149)) -   Exception 1: {}
java.util.concurrent.ExecutionException: org.apache.ratis.thirdparty.io.grpc.StatusRuntimeException: UNAVAILABLE: io exception
	at java.util.concurrent.FutureTask.report(FutureTask.java:122)
	at java.util.concurrent.FutureTask.get(FutureTask.java:192)
	at org.apache.ratis.server.impl.LeaderElection.waitForResults(LeaderElection.java:262)
	at org.apache.ratis.server.impl.LeaderElection.askForVotes(LeaderElection.java:200)
	at org.apache.ratis.server.impl.LeaderElection.run(LeaderElection.java:130)
	at java.lang.Thread.run(Thread.java:748)
Caused by: org.apache.ratis.thirdparty.io.grpc.StatusRuntimeException: UNAVAILABLE: io exception
	at org.apache.ratis.thirdparty.io.grpc.stub.ClientCalls.toStatusRuntimeException(ClientCalls.java:233)
	at org.apache.ratis.thirdparty.io.grpc.stub.ClientCalls.getUnchecked(ClientCalls.java:214)
	at org.apache.ratis.thirdparty.io.grpc.stub.ClientCalls.blockingUnaryCall(ClientCalls.java:139)
	at org.apache.ratis.proto.grpc.RaftServerProtocolServiceGrpc$RaftServerProtocolServiceBlockingStub.requestVote(RaftServerProtocolServiceGrpc.java:265)
	at org.apache.ratis.grpc.server.GrpcServerProtocolClient.requestVote(GrpcServerProtocolClient.java:83)
	at org.apache.ratis.grpc.server.GrpcService.requestVote(GrpcService.java:194)
	at org.apache.ratis.server.impl.LeaderElection.lambda$submitRequests$1(LeaderElection.java:237)
	at java.util.concurrent.FutureTask.run(FutureTask.java:266)
	at java.util.concurrent.Executors$RunnableAdapter.call(Executors.java:511)
	at java.util.concurrent.FutureTask.run(FutureTask.java:266)
	at java.util.concurrent.ThreadPoolExecutor.runWorker(ThreadPoolExecutor.java:1149)
	at java.util.concurrent.ThreadPoolExecutor$Worker.run(ThreadPoolExecutor.java:624)
	... 1 more
Caused by: org.apache.ratis.thirdparty.io.netty.channel.AbstractChannel$AnnotatedConnectException: Connection refused: /192.168.11.218:42885
	at sun.nio.ch.SocketChannelImpl.checkConnect(Native Method)
	at sun.nio.ch.SocketChannelImpl.finishConnect(SocketChannelImpl.java:717)
	at org.apache.ratis.thirdparty.io.netty.channel.socket.nio.NioSocketChannel.doFinishConnect(NioSocketChannel.java:327)
	at org.apache.ratis.thirdparty.io.netty.channel.nio.AbstractNioChannel$AbstractNioUnsafe.finishConnect(AbstractNioChannel.java:340)
	at org.apache.ratis.thirdparty.io.netty.channel.nio.NioEventLoop.processSelectedKey(NioEventLoop.java:632)
	at org.apache.ratis.thirdparty.io.netty.channel.nio.NioEventLoop.processSelectedKeysOptimized(NioEventLoop.java:579)
	at org.apache.ratis.thirdparty.io.netty.channel.nio.NioEventLoop.processSelectedKeys(NioEventLoop.java:496)
	at org.apache.ratis.thirdparty.io.netty.channel.nio.NioEventLoop.run(NioEventLoop.java:458)
	at org.apache.ratis.thirdparty.io.netty.util.concurrent.SingleThreadEventExecutor$5.run(SingleThreadEventExecutor.java:897)
	at org.apache.ratis.thirdparty.io.netty.util.concurrent.FastThreadLocalRunnable.run(FastThreadLocalRunnable.java:30)
	... 1 more
Caused by: java.net.ConnectException: Connection refused
	... 11 more
2019-06-13 21:37:38,201 INFO  impl.RaftServerImpl (RaftServerImpl.java:setRole(164)) - 5801dc37-c077-4608-8f08-86354f2b1b05:group-9BF77B4E22C9 changes role from CANDIDATE to FOLLOWER at term 9 for DISCOVERED_A_NEW_TERM
2019-06-13 21:37:38,201 INFO  impl.RoleInfo (RoleInfo.java:shutdownLeaderElection(134)) - 5801dc37-c077-4608-8f08-86354f2b1b05: shutdown LeaderElection
2019-06-13 21:37:38,201 INFO  impl.RoleInfo (RoleInfo.java:updateAndGet(143)) - 5801dc37-c077-4608-8f08-86354f2b1b05: start FollowerState
2019-06-13 21:37:38,961 INFO  client.GrpcClientProtocolClient (GrpcClientProtocolClient.java:onNext(254)) - client-45A3D32268B2->36315fdd-1398-4801-a40e-9ce939377f0f: receive RaftClientReply:client-45A3D32268B2->36315fdd-1398-4801-a40e-9ce939377f0f@group-FA60CF850E9E, cid=192, FAILED org.apache.ratis.protocol.NotLeaderException: Server 36315fdd-1398-4801-a40e-9ce939377f0f is not the leader (a76d2ad0-1c5c-4003-bb4c-e397a26e8ebf:192.168.11.218:33075). Request must be sent to leader., logIndex=0, commits[36315fdd-1398-4801-a40e-9ce939377f0f:c0, a76d2ad0-1c5c-4003-bb4c-e397a26e8ebf:c0, aad65329-233a-4e32-bff9-501922508392:c0]
2019-06-13 21:37:38,967 WARN  io.KeyOutputStream (KeyOutputStream.java:handleException(276)) - Encountered exception java.io.IOException: Unexpected Storage Container Exception: java.util.concurrent.CompletionException: java.util.concurrent.CompletionException: org.apache.ratis.protocol.RaftRetryFailureException: Failed RaftClientRequest:client-45A3D32268B2->36315fdd-1398-4801-a40e-9ce939377f0f@group-FA60CF850E9E, cid=192, seq=1*, RW, org.apache.hadoop.hdds.scm.XceiverClientRatis$$Lambda$442/510793091@3676b724 for 5 attempts with RetryLimited(maxAttempts=5, sleepTime=1000ms) on the pipeline Pipeline[ Id: 600032d0-af30-455f-a534-fa60cf850e9e, Nodes: aad65329-233a-4e32-bff9-501922508392{ip: 192.168.11.218, host: ozone-d4wqq-1121427898, networkLocation: /default-rack, certSerialId: null}a76d2ad0-1c5c-4003-bb4c-e397a26e8ebf{ip: 192.168.11.218, host: ozone-d4wqq-1121427898, networkLocation: /default-rack, certSerialId: null}36315fdd-1398-4801-a40e-9ce939377f0f{ip: 192.168.11.218, host: ozone-d4wqq-1121427898, networkLocation: /default-rack, certSerialId: null}, Type:RATIS, Factor:THREE, State:OPEN]. The last committed block length is 0, uncommitted data length is 2097152 retry count 1
2019-06-13 21:37:38,968 WARN  client.GrpcClientProtocolService (LogUtils.java:warn(134)) - 2-OrderedRequestStreamObserver2: onError: org.apache.ratis.thirdparty.io.grpc.StatusRuntimeException: CANCELLED: cancelled before receiving half close
2019-06-13 21:37:38,970 WARN  block.BlockManagerImpl (BlockManagerImpl.java:allocateBlock(192)) - Pipeline creation failed for type:RATIS factor:THREE. Retrying get pipelines call once.
org.apache.hadoop.hdds.scm.pipeline.InsufficientDatanodesException: Cannot create pipeline of factor 3 using 1 nodes.
	at org.apache.hadoop.hdds.scm.pipeline.RatisPipelineProvider.create(RatisPipelineProvider.java:151)
	at org.apache.hadoop.hdds.scm.pipeline.PipelineFactory.create(PipelineFactory.java:57)
	at org.apache.hadoop.hdds.scm.pipeline.SCMPipelineManager.createPipeline(SCMPipelineManager.java:149)
	at org.apache.hadoop.hdds.scm.block.BlockManagerImpl.allocateBlock(BlockManagerImpl.java:190)
	at org.apache.hadoop.hdds.scm.server.SCMBlockProtocolServer.allocateBlock(SCMBlockProtocolServer.java:172)
	at org.apache.hadoop.ozone.protocolPB.ScmBlockLocationProtocolServerSideTranslatorPB.allocateScmBlock(ScmBlockLocationProtocolServerSideTranslatorPB.java:82)
	at org.apache.hadoop.hdds.protocol.proto.ScmBlockLocationProtocolProtos$ScmBlockLocationProtocolService$2.callBlockingMethod(ScmBlockLocationProtocolProtos.java:7533)
	at org.apache.hadoop.ipc.ProtobufRpcEngine$Server$ProtoBufRpcInvoker.call(ProtobufRpcEngine.java:524)
	at org.apache.hadoop.ipc.RPC$Server.call(RPC.java:1025)
	at org.apache.hadoop.ipc.Server$RpcCall.run(Server.java:876)
	at org.apache.hadoop.ipc.Server$RpcCall.run(Server.java:822)
	at java.security.AccessController.doPrivileged(Native Method)
	at javax.security.auth.Subject.doAs(Subject.java:422)
	at org.apache.hadoop.security.UserGroupInformation.doAs(UserGroupInformation.java:1730)
	at org.apache.hadoop.ipc.Server$Handler.run(Server.java:2682)
2019-06-13 21:37:38,971 INFO  block.BlockManagerImpl (BlockManagerImpl.java:allocateBlock(198)) - Could not find available pipeline of type:RATIS and factor:THREE even after retrying
2019-06-13 21:37:38,971 ERROR block.BlockManagerImpl (BlockManagerImpl.java:allocateBlock(222)) - Unable to allocate a block for the size: 4194304, type: RATIS, factor: THREE
21:37:38.971 [IPC Server handler 3 on 44661] ERROR OMAudit - user=root | ip=127.0.0.1 | op=ALLOCATE_BLOCK {volume=datanodefailurehandlingtest, bucket=datanodefailurehandlingtest, key=ratis3, dataSize=0, replicationType=null, replicationFactor=null, keyLocationInfo=null, clientID=102266427492401175} | ret=FAILURE
java.io.IOException: Allocate block failed.
	at org.apache.hadoop.hdds.scm.protocolPB.ScmBlockLocationProtocolClientSideTranslatorPB.allocateBlock(ScmBlockLocationProtocolClientSideTranslatorPB.java:111) ~[hadoop-hdds-common-0.5.0-SNAPSHOT.jar:?]
	at sun.reflect.NativeMethodAccessorImpl.invoke0(Native Method) ~[?:1.8.0_212]
	at sun.reflect.NativeMethodAccessorImpl.invoke(NativeMethodAccessorImpl.java:62) ~[?:1.8.0_212]
	at sun.reflect.DelegatingMethodAccessorImpl.invoke(DelegatingMethodAccessorImpl.java:43) ~[?:1.8.0_212]
	at java.lang.reflect.Method.invoke(Method.java:498) ~[?:1.8.0_212]
	at org.apache.hadoop.hdds.tracing.TraceAllMethod.invoke(TraceAllMethod.java:66) ~[hadoop-hdds-common-0.5.0-SNAPSHOT.jar:?]
	at com.sun.proxy.$Proxy25.allocateBlock(Unknown Source) ~[?:?]
	at org.apache.hadoop.ozone.om.KeyManagerImpl.allocateBlock(KeyManagerImpl.java:347) ~[hadoop-ozone-ozone-manager-0.5.0-SNAPSHOT.jar:?]
	at org.apache.hadoop.ozone.om.KeyManagerImpl.allocateBlock(KeyManagerImpl.java:315) ~[hadoop-ozone-ozone-manager-0.5.0-SNAPSHOT.jar:?]
	at org.apache.hadoop.ozone.om.OzoneManager.allocateBlock(OzoneManager.java:2301) [hadoop-ozone-ozone-manager-0.5.0-SNAPSHOT.jar:?]
	at org.apache.hadoop.ozone.protocolPB.OzoneManagerRequestHandler.allocateBlock(OzoneManagerRequestHandler.java:755) [hadoop-ozone-ozone-manager-0.5.0-SNAPSHOT.jar:?]
	at org.apache.hadoop.ozone.protocolPB.OzoneManagerRequestHandler.handle(OzoneManagerRequestHandler.java:249) [hadoop-ozone-ozone-manager-0.5.0-SNAPSHOT.jar:?]
	at org.apache.hadoop.ozone.protocolPB.OzoneManagerProtocolServerSideTranslatorPB.submitRequestDirectlyToOM(OzoneManagerProtocolServerSideTranslatorPB.java:180) [hadoop-ozone-ozone-manager-0.5.0-SNAPSHOT.jar:?]
	at org.apache.hadoop.ozone.protocolPB.OzoneManagerProtocolServerSideTranslatorPB.submitRequest(OzoneManagerProtocolServerSideTranslatorPB.java:102) [hadoop-ozone-ozone-manager-0.5.0-SNAPSHOT.jar:?]
	at org.apache.hadoop.ozone.protocol.proto.OzoneManagerProtocolProtos$OzoneManagerService$2.callBlockingMethod(OzoneManagerProtocolProtos.java) [hadoop-ozone-common-0.5.0-SNAPSHOT.jar:?]
	at org.apache.hadoop.ipc.ProtobufRpcEngine$Server$ProtoBufRpcInvoker.call(ProtobufRpcEngine.java:524) [hadoop-common-3.2.0.jar:?]
	at org.apache.hadoop.ipc.RPC$Server.call(RPC.java:1025) [hadoop-common-3.2.0.jar:?]
	at org.apache.hadoop.ipc.Server$RpcCall.run(Server.java:876) [hadoop-common-3.2.0.jar:?]
	at org.apache.hadoop.ipc.Server$RpcCall.run(Server.java:822) [hadoop-common-3.2.0.jar:?]
	at java.security.AccessController.doPrivileged(Native Method) [?:1.8.0_212]
	at javax.security.auth.Subject.doAs(Subject.java:422) [?:1.8.0_212]
	at org.apache.hadoop.security.UserGroupInformation.doAs(UserGroupInformation.java:1730) [hadoop-common-3.2.0.jar:?]
	at org.apache.hadoop.ipc.Server$Handler.run(Server.java:2682) [hadoop-common-3.2.0.jar:?]
2019-06-13 21:37:38,973 ERROR io.BlockOutputStreamEntryPool (BlockOutputStreamEntryPool.java:allocateBlockIfNeeded(299)) - Try to allocate more blocks for write failed, already allocated 0 blocks for this write.
INTERNAL_ERROR org.apache.hadoop.ozone.om.exceptions.OMException: Allocate block failed.
	at org.apache.hadoop.ozone.om.protocolPB.OzoneManagerProtocolClientSideTranslatorPB.handleError(OzoneManagerProtocolClientSideTranslatorPB.java:720)
	at org.apache.hadoop.ozone.om.protocolPB.OzoneManagerProtocolClientSideTranslatorPB.allocateBlock(OzoneManagerProtocolClientSideTranslatorPB.java:743)
	at org.apache.hadoop.ozone.client.io.BlockOutputStreamEntryPool.allocateNewBlock(BlockOutputStreamEntryPool.java:248)
	at org.apache.hadoop.ozone.client.io.BlockOutputStreamEntryPool.allocateBlockIfNeeded(BlockOutputStreamEntryPool.java:296)
	at org.apache.hadoop.ozone.client.io.KeyOutputStream.handleWrite(KeyOutputStream.java:201)
	at org.apache.hadoop.ozone.client.io.KeyOutputStream.handleRetry(KeyOutputStream.java:376)
	at org.apache.hadoop.ozone.client.io.KeyOutputStream.handleException(KeyOutputStream.java:325)
	at org.apache.hadoop.ozone.client.io.KeyOutputStream.handleWrite(KeyOutputStream.java:231)
	at org.apache.hadoop.ozone.client.io.KeyOutputStream.handleRetry(KeyOutputStream.java:376)
	at org.apache.hadoop.ozone.client.io.KeyOutputStream.handleException(KeyOutputStream.java:325)
	at org.apache.hadoop.ozone.client.io.KeyOutputStream.handleWrite(KeyOutputStream.java:231)
	at org.apache.hadoop.ozone.client.io.KeyOutputStream.write(KeyOutputStream.java:193)
	at org.apache.hadoop.ozone.client.io.OzoneOutputStream.write(OzoneOutputStream.java:49)
	at java.io.OutputStream.write(OutputStream.java:75)
	at org.apache.hadoop.ozone.client.rpc.TestFailureHandlingByClient.testMultiBlockWritesWithDnFailures(TestFailureHandlingByClient.java:189)
	at sun.reflect.NativeMethodAccessorImpl.invoke0(Native Method)
	at sun.reflect.NativeMethodAccessorImpl.invoke(NativeMethodAccessorImpl.java:62)
	at sun.reflect.DelegatingMethodAccessorImpl.invoke(DelegatingMethodAccessorImpl.java:43)
	at java.lang.reflect.Method.invoke(Method.java:498)
	at org.junit.runners.model.FrameworkMethod$1.runReflectiveCall(FrameworkMethod.java:47)
	at org.junit.internal.runners.model.ReflectiveCallable.run(ReflectiveCallable.java:12)
	at org.junit.runners.model.FrameworkMethod.invokeExplosively(FrameworkMethod.java:44)
	at org.junit.internal.runners.statements.InvokeMethod.evaluate(InvokeMethod.java:17)
	at org.junit.runners.ParentRunner.runLeaf(ParentRunner.java:271)
	at org.junit.runners.BlockJUnit4ClassRunner.runChild(BlockJUnit4ClassRunner.java:70)
	at org.junit.runners.BlockJUnit4ClassRunner.runChild(BlockJUnit4ClassRunner.java:50)
	at org.junit.runners.ParentRunner$3.run(ParentRunner.java:238)
	at org.junit.runners.ParentRunner$1.schedule(ParentRunner.java:63)
	at org.junit.runners.ParentRunner.runChildren(ParentRunner.java:236)
	at org.junit.runners.ParentRunner.access$000(ParentRunner.java:53)
	at org.junit.runners.ParentRunner$2.evaluate(ParentRunner.java:229)
	at org.junit.runners.ParentRunner.run(ParentRunner.java:309)
	at org.apache.maven.surefire.junit4.JUnit4Provider.execute(JUnit4Provider.java:365)
	at org.apache.maven.surefire.junit4.JUnit4Provider.executeWithRerun(JUnit4Provider.java:273)
	at org.apache.maven.surefire.junit4.JUnit4Provider.executeTestSet(JUnit4Provider.java:238)
	at org.apache.maven.surefire.junit4.JUnit4Provider.invoke(JUnit4Provider.java:159)
	at org.apache.maven.surefire.booter.ForkedBooter.invokeProviderInSameClassLoader(ForkedBooter.java:384)
	at org.apache.maven.surefire.booter.ForkedBooter.runSuitesInProcess(ForkedBooter.java:345)
	at org.apache.maven.surefire.booter.ForkedBooter.execute(ForkedBooter.java:126)
	at org.apache.maven.surefire.booter.ForkedBooter.main(ForkedBooter.java:418)
]]></system-out>
    <system-err><![CDATA[Jun 13, 2019 9:37:19 PM com.sun.jersey.server.impl.application.WebApplicationImpl _initiate
INFO: Initiating Jersey application, version 'Jersey: 1.19 02/11/2015 03:25 AM'
Jun 13, 2019 9:37:19 PM com.sun.jersey.server.impl.application.WebApplicationImpl _initiate
INFO: Initiating Jersey application, version 'Jersey: 1.19 02/11/2015 03:25 AM'
Jun 13, 2019 9:37:19 PM com.sun.jersey.server.impl.application.WebApplicationImpl _initiate
INFO: Initiating Jersey application, version 'Jersey: 1.19 02/11/2015 03:25 AM'
Jun 13, 2019 9:37:19 PM com.sun.jersey.server.impl.application.WebApplicationImpl _initiate
INFO: Initiating Jersey application, version 'Jersey: 1.19 02/11/2015 03:25 AM'
Jun 13, 2019 9:37:20 PM com.sun.jersey.server.impl.application.WebApplicationImpl _initiate
INFO: Initiating Jersey application, version 'Jersey: 1.19 02/11/2015 03:25 AM'
Jun 13, 2019 9:37:20 PM com.sun.jersey.server.impl.application.WebApplicationImpl _initiate
INFO: Initiating Jersey application, version 'Jersey: 1.19 02/11/2015 03:25 AM'
]]></system-err>
  </testcase>
</testsuite>