<?xml version="1.0" encoding="UTF-8"?>
<testsuite xmlns:xsi="http://www.w3.org/2001/XMLSchema-instance" xsi:noNamespaceSchemaLocation="https://maven.apache.org/surefire/maven-surefire-plugin/xsd/surefire-test-report.xsd" name="org.apache.hadoop.hdds.scm.pipeline.TestNodeFailure" time="10.239" tests="1" errors="0" skipped="1" failures="0">
  <properties>
    <property name="awt.toolkit" value="sun.awt.X11.XToolkit"/>
    <property name="file.encoding.pkg" value="sun.io"/>
    <property name="java.specification.version" value="1.8"/>
    <property name="sun.cpu.isalist" value=""/>
    <property name="sun.jnu.encoding" value="UTF-8"/>
    <property name="java.class.path" value="/opt/src/hadoop-ozone/integration-test/target/test-classes:/opt/src/hadoop-ozone/integration-test/target/classes:/root/.m2/repository/org/apache/hadoop/hadoop-ozone-common/0.5.0-SNAPSHOT/hadoop-ozone-common-0.5.0-SNAPSHOT.jar:/root/.m2/repository/org/apache/commons/commons-compress/1.4.1/commons-compress-1.4.1.jar:/root/.m2/repository/org/tukaani/xz/1.0/xz-1.0.jar:/root/.m2/repository/org/apache/hadoop/hadoop-common/3.2.0/hadoop-common-3.2.0.jar:/root/.m2/repository/org/apache/hadoop/hadoop-hdfs/3.2.0/hadoop-hdfs-3.2.0.jar:/root/.m2/repository/org/apache/hadoop/hadoop-hdfs-client/3.2.0/hadoop-hdfs-client-3.2.0.jar:/root/.m2/repository/com/fasterxml/jackson/core/jackson-annotations/2.9.5/jackson-annotations-2.9.5.jar:/root/.m2/repository/org/apache/hadoop/hadoop-hdds-common/0.5.0-SNAPSHOT/hadoop-hdds-common-0.5.0-SNAPSHOT.jar:/root/.m2/repository/javax/annotation/javax.annotation-api/1.2/javax.annotation-api-1.2.jar:/root/.m2/repository/org/apache/ratis/ratis-server/0.4.0-fe2b15d-SNAPSHOT/ratis-server-0.4.0-fe2b15d-SNAPSHOT.jar:/root/.m2/repository/org/apache/ratis/ratis-thirdparty-misc/0.2.0/ratis-thirdparty-misc-0.2.0.jar:/root/.m2/repository/org/apache/ratis/ratis-proto/0.4.0-fe2b15d-SNAPSHOT/ratis-proto-0.4.0-fe2b15d-SNAPSHOT.jar:/root/.m2/repository/org/apache/ratis/ratis-common/0.4.0-fe2b15d-SNAPSHOT/ratis-common-0.4.0-fe2b15d-SNAPSHOT.jar:/root/.m2/repository/org/apache/ratis/ratis-client/0.4.0-fe2b15d-SNAPSHOT/ratis-client-0.4.0-fe2b15d-SNAPSHOT.jar:/root/.m2/repository/org/apache/ratis/ratis-netty/0.4.0-fe2b15d-SNAPSHOT/ratis-netty-0.4.0-fe2b15d-SNAPSHOT.jar:/root/.m2/repository/org/apache/ratis/ratis-grpc/0.4.0-fe2b15d-SNAPSHOT/ratis-grpc-0.4.0-fe2b15d-SNAPSHOT.jar:/root/.m2/repository/org/rocksdb/rocksdbjni/5.14.2/rocksdbjni-5.14.2.jar:/root/.m2/repository/org/apache/logging/log4j/log4j-api/2.11.0/log4j-api-2.11.0.jar:/root/.m2/repository/org/apache/logging/log4j/log4j-core/2.11.0/log4j-core-2.11.0.jar:/root/.m2/repository/com/lmax/disruptor/3.4.2/disruptor-3.4.2.jar:/root/.m2/repository/org/apache/commons/commons-pool2/2.6.0/commons-pool2-2.6.0.jar:/root/.m2/repository/org/bouncycastle/bcpkix-jdk15on/1.60/bcpkix-jdk15on-1.60.jar:/root/.m2/repository/commons-validator/commons-validator/1.6/commons-validator-1.6.jar:/root/.m2/repository/commons-digester/commons-digester/1.8.1/commons-digester-1.8.1.jar:/root/.m2/repository/io/jaegertracing/jaeger-client/0.33.1/jaeger-client-0.33.1.jar:/root/.m2/repository/io/jaegertracing/jaeger-thrift/0.33.1/jaeger-thrift-0.33.1.jar:/root/.m2/repository/org/apache/thrift/libthrift/0.11.0/libthrift-0.11.0.jar:/root/.m2/repository/com/squareup/okhttp3/okhttp/3.9.0/okhttp-3.9.0.jar:/root/.m2/repository/com/squareup/okio/okio/1.13.0/okio-1.13.0.jar:/root/.m2/repository/io/jaegertracing/jaeger-core/0.33.1/jaeger-core-0.33.1.jar:/root/.m2/repository/io/jaegertracing/jaeger-tracerresolver/0.33.1/jaeger-tracerresolver-0.33.1.jar:/root/.m2/repository/io/opentracing/contrib/opentracing-tracerresolver/0.1.5/opentracing-tracerresolver-0.1.5.jar:/root/.m2/repository/io/opentracing/opentracing-util/0.31.0/opentracing-util-0.31.0.jar:/root/.m2/repository/io/opentracing/opentracing-api/0.31.0/opentracing-api-0.31.0.jar:/root/.m2/repository/io/opentracing/opentracing-noop/0.31.0/opentracing-noop-0.31.0.jar:/root/.m2/repository/org/apache/hadoop/hadoop-hdds-server-framework/0.5.0-SNAPSHOT/hadoop-hdds-server-framework-0.5.0-SNAPSHOT.jar:/root/.m2/repository/org/apache/hadoop/hadoop-hdds-server-scm/0.5.0-SNAPSHOT/hadoop-hdds-server-scm-0.5.0-SNAPSHOT.jar:/root/.m2/repository/org/apache/hadoop/hadoop-hdds-container-service/0.5.0-SNAPSHOT/hadoop-hdds-container-service-0.5.0-SNAPSHOT.jar:/root/.m2/repository/org/apache/hadoop/hadoop-hdds-client/0.5.0-SNAPSHOT/hadoop-hdds-client-0.5.0-SNAPSHOT.jar:/root/.m2/repository/org/apache/hadoop/hadoop-hdds-tools/0.5.0-SNAPSHOT/hadoop-hdds-tools-0.5.0-SNAPSHOT.jar:/root/.m2/repository/org/apache/hadoop/hadoop-ozone-ozone-manager/0.5.0-SNAPSHOT/hadoop-ozone-ozone-manager-0.5.0-SNAPSHOT.jar:/root/.m2/repository/org/apache/hadoop/hadoop-hdds-docs/0.5.0-SNAPSHOT/hadoop-hdds-docs-0.5.0-SNAPSHOT.jar:/root/.m2/repository/org/bouncycastle/bcprov-jdk15on/1.60/bcprov-jdk15on-1.60.jar:/root/.m2/repository/org/apache/hadoop/hadoop-minikdc/3.2.0/hadoop-minikdc-3.2.0.jar:/root/.m2/repository/commons-io/commons-io/2.5/commons-io-2.5.jar:/root/.m2/repository/org/apache/kerby/kerb-simplekdc/1.0.1/kerb-simplekdc-1.0.1.jar:/root/.m2/repository/org/apache/kerby/kerb-client/1.0.1/kerb-client-1.0.1.jar:/root/.m2/repository/org/apache/kerby/kerby-config/1.0.1/kerby-config-1.0.1.jar:/root/.m2/repository/org/apache/kerby/kerb-core/1.0.1/kerb-core-1.0.1.jar:/root/.m2/repository/org/apache/kerby/kerby-pkix/1.0.1/kerby-pkix-1.0.1.jar:/root/.m2/repository/org/apache/kerby/kerby-asn1/1.0.1/kerby-asn1-1.0.1.jar:/root/.m2/repository/org/apache/kerby/kerby-util/1.0.1/kerby-util-1.0.1.jar:/root/.m2/repository/org/apache/kerby/kerb-common/1.0.1/kerb-common-1.0.1.jar:/root/.m2/repository/org/apache/kerby/kerb-crypto/1.0.1/kerb-crypto-1.0.1.jar:/root/.m2/repository/org/apache/kerby/kerb-util/1.0.1/kerb-util-1.0.1.jar:/root/.m2/repository/org/apache/kerby/token-provider/1.0.1/token-provider-1.0.1.jar:/root/.m2/repository/org/apache/kerby/kerb-admin/1.0.1/kerb-admin-1.0.1.jar:/root/.m2/repository/org/apache/kerby/kerb-server/1.0.1/kerb-server-1.0.1.jar:/root/.m2/repository/org/apache/kerby/kerb-identity/1.0.1/kerb-identity-1.0.1.jar:/root/.m2/repository/org/apache/kerby/kerby-xdr/1.0.1/kerby-xdr-1.0.1.jar:/root/.m2/repository/org/slf4j/slf4j-log4j12/1.7.25/slf4j-log4j12-1.7.25.jar:/root/.m2/repository/org/apache/hadoop/hadoop-ozone-objectstore-service/0.5.0-SNAPSHOT/hadoop-ozone-objectstore-service-0.5.0-SNAPSHOT.jar:/root/.m2/repository/org/apache/hadoop/hadoop-ozone-s3gateway/0.5.0-SNAPSHOT/hadoop-ozone-s3gateway-0.5.0-SNAPSHOT.jar:/root/.m2/repository/org/jboss/weld/servlet/weld-servlet/2.4.7.Final/weld-servlet-2.4.7.Final.jar:/root/.m2/repository/org/glassfish/jersey/containers/jersey-container-servlet-core/2.27/jersey-container-servlet-core-2.27.jar:/root/.m2/repository/org/glassfish/hk2/external/javax.inject/2.5.0-b42/javax.inject-2.5.0-b42.jar:/root/.m2/repository/org/glassfish/jersey/core/jersey-common/2.27/jersey-common-2.27.jar:/root/.m2/repository/org/glassfish/hk2/osgi-resource-locator/1.0.1/osgi-resource-locator-1.0.1.jar:/root/.m2/repository/javax/ws/rs/javax.ws.rs-api/2.1/javax.ws.rs-api-2.1.jar:/root/.m2/repository/org/glassfish/jersey/ext/cdi/jersey-cdi1x/2.27/jersey-cdi1x-2.27.jar:/root/.m2/repository/org/glassfish/jersey/inject/jersey-hk2/2.27/jersey-hk2-2.27.jar:/root/.m2/repository/org/glassfish/hk2/hk2-locator/2.5.0-b42/hk2-locator-2.5.0-b42.jar:/root/.m2/repository/org/javassist/javassist/3.22.0-CR2/javassist-3.22.0-CR2.jar:/root/.m2/repository/org/glassfish/hk2/hk2-api/2.5.0/hk2-api-2.5.0.jar:/root/.m2/repository/org/glassfish/hk2/external/jakarta.inject/2.5.0/jakarta.inject-2.5.0.jar:/root/.m2/repository/org/glassfish/hk2/hk2-utils/2.5.0/hk2-utils-2.5.0.jar:/root/.m2/repository/jakarta/annotation/jakarta.annotation-api/1.3.4/jakarta.annotation-api-1.3.4.jar:/root/.m2/repository/org/glassfish/hk2/external/aopalliance-repackaged/2.5.0/aopalliance-repackaged-2.5.0.jar:/root/.m2/repository/com/fasterxml/jackson/dataformat/jackson-dataformat-xml/2.9.0/jackson-dataformat-xml-2.9.0.jar:/root/.m2/repository/com/fasterxml/jackson/core/jackson-core/2.9.5/jackson-core-2.9.5.jar:/root/.m2/repository/com/fasterxml/jackson/module/jackson-module-jaxb-annotations/2.9.5/jackson-module-jaxb-annotations-2.9.5.jar:/root/.m2/repository/javax/enterprise/cdi-api/1.2/cdi-api-1.2.jar:/root/.m2/repository/javax/el/javax.el-api/3.0.0/javax.el-api-3.0.0.jar:/root/.m2/repository/javax/interceptor/javax.interceptor-api/1.2/javax.interceptor-api-1.2.jar:/root/.m2/repository/javax/inject/javax.inject/1/javax.inject-1.jar:/root/.m2/repository/com/sun/xml/bind/jaxb-impl/2.3.0.1/jaxb-impl-2.3.0.1.jar:/root/.m2/repository/com/sun/xml/bind/jaxb-core/2.3.0.1/jaxb-core-2.3.0.1.jar:/root/.m2/repository/javax/xml/bind/jaxb-api/2.3.0/jaxb-api-2.3.0.jar:/root/.m2/repository/javax/activation/activation/1.1.1/activation-1.1.1.jar:/root/.m2/repository/org/apache/hadoop/hadoop-ozone-csi/0.5.0-SNAPSHOT/hadoop-ozone-csi-0.5.0-SNAPSHOT.jar:/root/.m2/repository/com/google/protobuf/protobuf-java-util/3.5.1/protobuf-java-util-3.5.1.jar:/root/.m2/repository/org/apache/hadoop/hadoop-hdds-config/0.5.0-SNAPSHOT/hadoop-hdds-config-0.5.0-SNAPSHOT.jar:/root/.m2/repository/com/google/guava/guava/11.0.2/guava-11.0.2.jar:/root/.m2/repository/com/google/protobuf/protobuf-java/2.5.0/protobuf-java-2.5.0.jar:/root/.m2/repository/io/grpc/grpc-netty/1.17.1/grpc-netty-1.17.1.jar:/root/.m2/repository/io/grpc/grpc-core/1.17.1/grpc-core-1.17.1.jar:/root/.m2/repository/io/grpc/grpc-context/1.17.1/grpc-context-1.17.1.jar:/root/.m2/repository/com/google/errorprone/error_prone_annotations/2.2.0/error_prone_annotations-2.2.0.jar:/root/.m2/repository/org/codehaus/mojo/animal-sniffer-annotations/1.17/animal-sniffer-annotations-1.17.jar:/root/.m2/repository/io/opencensus/opencensus-api/0.17.0/opencensus-api-0.17.0.jar:/root/.m2/repository/io/opencensus/opencensus-contrib-grpc-metrics/0.17.0/opencensus-contrib-grpc-metrics-0.17.0.jar:/root/.m2/repository/io/netty/netty-codec-http2/4.1.30.Final/netty-codec-http2-4.1.30.Final.jar:/root/.m2/repository/io/netty/netty-codec-http/4.1.30.Final/netty-codec-http-4.1.30.Final.jar:/root/.m2/repository/io/netty/netty-codec/4.1.30.Final/netty-codec-4.1.30.Final.jar:/root/.m2/repository/io/netty/netty-handler/4.1.30.Final/netty-handler-4.1.30.Final.jar:/root/.m2/repository/io/netty/netty-handler-proxy/4.1.30.Final/netty-handler-proxy-4.1.30.Final.jar:/root/.m2/repository/io/netty/netty-codec-socks/4.1.30.Final/netty-codec-socks-4.1.30.Final.jar:/root/.m2/repository/io/netty/netty-transport-native-epoll/4.1.30.Final/netty-transport-native-epoll-4.1.30.Final.jar:/root/.m2/repository/io/netty/netty-common/4.1.30.Final/netty-common-4.1.30.Final.jar:/root/.m2/repository/io/netty/netty-buffer/4.1.30.Final/netty-buffer-4.1.30.Final.jar:/root/.m2/repository/io/netty/netty-transport/4.1.30.Final/netty-transport-4.1.30.Final.jar:/root/.m2/repository/io/netty/netty-resolver/4.1.30.Final/netty-resolver-4.1.30.Final.jar:/root/.m2/repository/io/netty/netty-transport-native-unix-common/4.1.30.Final/netty-transport-native-unix-common-4.1.30.Final.jar:/root/.m2/repository/io/grpc/grpc-protobuf/1.17.1/grpc-protobuf-1.17.1.jar:/root/.m2/repository/com/google/api/grpc/proto-google-common-protos/1.0.0/proto-google-common-protos-1.0.0.jar:/root/.m2/repository/io/grpc/grpc-protobuf-lite/1.17.1/grpc-protobuf-lite-1.17.1.jar:/root/.m2/repository/io/grpc/grpc-stub/1.17.1/grpc-stub-1.17.1.jar:/root/.m2/repository/org/apache/hadoop/hadoop-ozone-recon/0.5.0-SNAPSHOT/hadoop-ozone-recon-0.5.0-SNAPSHOT.jar:/root/.m2/repository/org/apache/hadoop/hadoop-ozone-reconcodegen/0.5.0-SNAPSHOT/hadoop-ozone-reconcodegen-0.5.0-SNAPSHOT.jar:/root/.m2/repository/com/google/inject/extensions/guice-multibindings/4.0/guice-multibindings-4.0.jar:/root/.m2/repository/com/google/inject/guice/4.0/guice-4.0.jar:/root/.m2/repository/aopalliance/aopalliance/1.0/aopalliance-1.0.jar:/root/.m2/repository/com/google/inject/extensions/guice-servlet/4.0/guice-servlet-4.0.jar:/root/.m2/repository/org/glassfish/jersey/containers/jersey-container-servlet/2.27/jersey-container-servlet-2.27.jar:/root/.m2/repository/org/glassfish/hk2/guice-bridge/2.5.0/guice-bridge-2.5.0.jar:/root/.m2/repository/org/glassfish/jersey/core/jersey-server/2.27/jersey-server-2.27.jar:/root/.m2/repository/org/glassfish/jersey/core/jersey-client/2.27/jersey-client-2.27.jar:/root/.m2/repository/org/glassfish/jersey/media/jersey-media-jaxb/2.27/jersey-media-jaxb-2.27.jar:/root/.m2/repository/javax/validation/validation-api/1.1.0.Final/validation-api-1.1.0.Final.jar:/root/.m2/repository/org/glassfish/jersey/media/jersey-media-json-jackson/2.27/jersey-media-json-jackson-2.27.jar:/root/.m2/repository/org/glassfish/jersey/ext/jersey-entity-filtering/2.27/jersey-entity-filtering-2.27.jar:/root/.m2/repository/com/google/inject/extensions/guice-assistedinject/4.0/guice-assistedinject-4.0.jar:/root/.m2/repository/org/jooq/jooq/3.11.10/jooq-3.11.10.jar:/root/.m2/repository/org/jooq/jooq-meta/3.11.10/jooq-meta-3.11.10.jar:/root/.m2/repository/org/jooq/jooq-codegen/3.11.10/jooq-codegen-3.11.10.jar:/root/.m2/repository/com/jolbox/bonecp/0.8.0.RELEASE/bonecp-0.8.0.RELEASE.jar:/root/.m2/repository/org/xerial/sqlite-jdbc/3.25.2/sqlite-jdbc-3.25.2.jar:/root/.m2/repository/org/springframework/spring-jdbc/5.1.3.RELEASE/spring-jdbc-5.1.3.RELEASE.jar:/root/.m2/repository/org/springframework/spring-beans/5.1.3.RELEASE/spring-beans-5.1.3.RELEASE.jar:/root/.m2/repository/org/springframework/spring-core/5.1.3.RELEASE/spring-core-5.1.3.RELEASE.jar:/root/.m2/repository/org/springframework/spring-jcl/5.1.3.RELEASE/spring-jcl-5.1.3.RELEASE.jar:/root/.m2/repository/org/springframework/spring-tx/5.1.3.RELEASE/spring-tx-5.1.3.RELEASE.jar:/root/.m2/repository/org/apache/hadoop/hadoop-ozone-client/0.5.0-SNAPSHOT/hadoop-ozone-client-0.5.0-SNAPSHOT.jar:/root/.m2/repository/org/apache/hadoop/hadoop-ozone-ozone-manager/0.5.0-SNAPSHOT/hadoop-ozone-ozone-manager-0.5.0-SNAPSHOT-tests.jar:/root/.m2/repository/junit/junit/4.11/junit-4.11.jar:/root/.m2/repository/org/hamcrest/hamcrest-core/1.3/hamcrest-core-1.3.jar:/root/.m2/repository/org/openjdk/jmh/jmh-core/1.19/jmh-core-1.19.jar:/root/.m2/repository/net/sf/jopt-simple/jopt-simple/4.6/jopt-simple-4.6.jar:/root/.m2/repository/org/apache/commons/commons-math3/3.1.1/commons-math3-3.1.1.jar:/root/.m2/repository/org/openjdk/jmh/jmh-generator-annprocess/1.19/jmh-generator-annprocess-1.19.jar:/root/.m2/repository/org/mockito/mockito-all/1.8.5/mockito-all-1.8.5.jar:/root/.m2/repository/org/apache/hadoop/hadoop-kms/3.2.0/hadoop-kms-3.2.0.jar:/root/.m2/repository/org/apache/hadoop/hadoop-auth/3.2.0/hadoop-auth-3.2.0.jar:/root/.m2/repository/com/nimbusds/nimbus-jose-jwt/4.41.1/nimbus-jose-jwt-4.41.1.jar:/root/.m2/repository/com/github/stephenc/jcip/jcip-annotations/1.0-1/jcip-annotations-1.0-1.jar:/root/.m2/repository/net/minidev/json-smart/2.3/json-smart-2.3.jar:/root/.m2/repository/net/minidev/accessors-smart/1.2/accessors-smart-1.2.jar:/root/.m2/repository/org/ow2/asm/asm/5.0.4/asm-5.0.4.jar:/root/.m2/repository/org/apache/curator/curator-framework/2.12.0/curator-framework-2.12.0.jar:/root/.m2/repository/com/sun/jersey/jersey-core/1.19/jersey-core-1.19.jar:/root/.m2/repository/javax/ws/rs/jsr311-api/1.1.1/jsr311-api-1.1.1.jar:/root/.m2/repository/com/sun/jersey/jersey-server/1.19/jersey-server-1.19.jar:/root/.m2/repository/javax/servlet/javax.servlet-api/3.1.0/javax.servlet-api-3.1.0.jar:/root/.m2/repository/org/eclipse/jetty/jetty-server/9.3.24.v20180605/jetty-server-9.3.24.v20180605.jar:/root/.m2/repository/org/eclipse/jetty/jetty-http/9.3.24.v20180605/jetty-http-9.3.24.v20180605.jar:/root/.m2/repository/org/eclipse/jetty/jetty-io/9.3.24.v20180605/jetty-io-9.3.24.v20180605.jar:/root/.m2/repository/org/eclipse/jetty/jetty-webapp/9.3.24.v20180605/jetty-webapp-9.3.24.v20180605.jar:/root/.m2/repository/org/eclipse/jetty/jetty-xml/9.3.24.v20180605/jetty-xml-9.3.24.v20180605.jar:/root/.m2/repository/log4j/log4j/1.2.17/log4j-1.2.17.jar:/root/.m2/repository/org/slf4j/slf4j-api/1.7.25/slf4j-api-1.7.25.jar:/root/.m2/repository/org/slf4j/jul-to-slf4j/1.7.25/jul-to-slf4j-1.7.25.jar:/root/.m2/repository/org/eclipse/jetty/jetty-util/9.3.24.v20180605/jetty-util-9.3.24.v20180605.jar:/root/.m2/repository/io/dropwizard/metrics/metrics-core/3.2.4/metrics-core-3.2.4.jar:/root/.m2/repository/com/fasterxml/jackson/core/jackson-databind/2.9.5/jackson-databind-2.9.5.jar:/root/.m2/repository/org/apache/hadoop/hadoop-kms/3.2.0/hadoop-kms-3.2.0-tests.jar:/root/.m2/repository/org/apache/hadoop/hadoop-hdds-server-scm/0.5.0-SNAPSHOT/hadoop-hdds-server-scm-0.5.0-SNAPSHOT-tests.jar:/root/.m2/repository/org/hamcrest/hamcrest-all/1.3/hamcrest-all-1.3.jar:/root/.m2/repository/info/picocli/picocli/3.9.6/picocli-3.9.6.jar:/root/.m2/repository/org/apache/hadoop/hadoop-hdds-container-service/0.5.0-SNAPSHOT/hadoop-hdds-container-service-0.5.0-SNAPSHOT-tests.jar:/root/.m2/repository/org/yaml/snakeyaml/1.16/snakeyaml-1.16.jar:/root/.m2/repository/org/apache/hadoop/hadoop-common/3.2.0/hadoop-common-3.2.0-tests.jar:/root/.m2/repository/org/apache/hadoop/hadoop-annotations/3.2.0/hadoop-annotations-3.2.0.jar:/usr/lib/jvm/java-1.8-openjdk/jre/../lib/tools.jar:/root/.m2/repository/commons-cli/commons-cli/1.2/commons-cli-1.2.jar:/root/.m2/repository/org/apache/httpcomponents/httpclient/4.5.2/httpclient-4.5.2.jar:/root/.m2/repository/org/apache/httpcomponents/httpcore/4.4.4/httpcore-4.4.4.jar:/root/.m2/repository/commons-codec/commons-codec/1.11/commons-codec-1.11.jar:/root/.m2/repository/commons-net/commons-net/3.6/commons-net-3.6.jar:/root/.m2/repository/commons-collections/commons-collections/3.2.2/commons-collections-3.2.2.jar:/root/.m2/repository/org/eclipse/jetty/jetty-servlet/9.3.24.v20180605/jetty-servlet-9.3.24.v20180605.jar:/root/.m2/repository/org/eclipse/jetty/jetty-security/9.3.24.v20180605/jetty-security-9.3.24.v20180605.jar:/root/.m2/repository/javax/servlet/jsp/jsp-api/2.1/jsp-api-2.1.jar:/root/.m2/repository/com/sun/jersey/jersey-servlet/1.19/jersey-servlet-1.19.jar:/root/.m2/repository/com/sun/jersey/jersey-json/1.19/jersey-json-1.19.jar:/root/.m2/repository/org/codehaus/jettison/jettison/1.1/jettison-1.1.jar:/root/.m2/repository/org/codehaus/jackson/jackson-core-asl/1.9.13/jackson-core-asl-1.9.13.jar:/root/.m2/repository/org/codehaus/jackson/jackson-mapper-asl/1.9.13/jackson-mapper-asl-1.9.13.jar:/root/.m2/repository/org/codehaus/jackson/jackson-jaxrs/1.9.13/jackson-jaxrs-1.9.13.jar:/root/.m2/repository/org/codehaus/jackson/jackson-xc/1.9.13/jackson-xc-1.9.13.jar:/root/.m2/repository/commons-logging/commons-logging/1.1.3/commons-logging-1.1.3.jar:/root/.m2/repository/commons-beanutils/commons-beanutils/1.9.3/commons-beanutils-1.9.3.jar:/root/.m2/repository/org/apache/commons/commons-configuration2/2.1.1/commons-configuration2-2.1.1.jar:/root/.m2/repository/org/apache/commons/commons-lang3/3.7/commons-lang3-3.7.jar:/root/.m2/repository/org/apache/commons/commons-text/1.4/commons-text-1.4.jar:/root/.m2/repository/org/apache/avro/avro/1.7.7/avro-1.7.7.jar:/root/.m2/repository/com/thoughtworks/paranamer/paranamer/2.3/paranamer-2.3.jar:/root/.m2/repository/org/xerial/snappy/snappy-java/1.0.5/snappy-java-1.0.5.jar:/root/.m2/repository/com/google/re2j/re2j/1.1/re2j-1.1.jar:/root/.m2/repository/com/google/code/gson/gson/2.2.4/gson-2.2.4.jar:/root/.m2/repository/com/jcraft/jsch/0.1.54/jsch-0.1.54.jar:/root/.m2/repository/org/apache/curator/curator-client/2.12.0/curator-client-2.12.0.jar:/root/.m2/repository/org/apache/curator/curator-recipes/2.12.0/curator-recipes-2.12.0.jar:/root/.m2/repository/com/google/code/findbugs/jsr305/3.0.0/jsr305-3.0.0.jar:/root/.m2/repository/org/apache/htrace/htrace-core4/4.1.0-incubating/htrace-core4-4.1.0-incubating.jar:/root/.m2/repository/org/apache/zookeeper/zookeeper/3.4.13/zookeeper-3.4.13.jar:/root/.m2/repository/org/apache/yetus/audience-annotations/0.5.0/audience-annotations-0.5.0.jar:/root/.m2/repository/org/codehaus/woodstox/stax2-api/3.1.4/stax2-api-3.1.4.jar:/root/.m2/repository/com/fasterxml/woodstox/woodstox-core/5.0.3/woodstox-core-5.0.3.jar:/root/.m2/repository/dnsjava/dnsjava/2.1.7/dnsjava-2.1.7.jar:/root/.m2/repository/org/apache/hadoop/hadoop-hdfs/3.2.0/hadoop-hdfs-3.2.0-tests.jar:/root/.m2/repository/org/eclipse/jetty/jetty-util-ajax/9.3.24.v20180605/jetty-util-ajax-9.3.24.v20180605.jar:/root/.m2/repository/commons-daemon/commons-daemon/1.0.13/commons-daemon-1.0.13.jar:/root/.m2/repository/io/netty/netty/3.10.5.Final/netty-3.10.5.Final.jar:/root/.m2/repository/io/netty/netty-all/4.0.52.Final/netty-all-4.0.52.Final.jar:/root/.m2/repository/org/fusesource/leveldbjni/leveldbjni-all/1.8/leveldbjni-all-1.8.jar:"/>
    <property name="java.vm.vendor" value="IcedTea"/>
    <property name="sun.arch.data.model" value="64"/>
    <property name="test.build.dir" value="/opt/src/hadoop-ozone/integration-test/target/test-dir"/>
    <property name="test.cache.data" value=""/>
    <property name="java.vendor.url" value="https://icedtea.classpath.org"/>
    <property name="user.timezone" value=""/>
    <property name="java.vm.specification.version" value="1.8"/>
    <property name="os.name" value="Linux"/>
    <property name="test.build.data" value="/opt/src/hadoop-ozone/integration-test/target/test-dir"/>
    <property name="user.country" value="US"/>
    <property name="sun.java.launcher" value="SUN_STANDARD"/>
    <property name="sun.boot.library.path" value="/usr/lib/jvm/java-1.8-openjdk/jre/lib/amd64"/>
    <property name="sun.java.command" value="/opt/src/hadoop-ozone/integration-test/target/surefire/surefirebooter4862939709875339537.jar /opt/src/hadoop-ozone/integration-test/target/surefire 2019-06-13T21-30-37_407-jvmRun1 surefire3051687468621738641tmp surefire_84367575978980654840tmp"/>
    <property name="surefire.test.class.path" value="/opt/src/hadoop-ozone/integration-test/target/test-classes:/opt/src/hadoop-ozone/integration-test/target/classes:/root/.m2/repository/org/apache/hadoop/hadoop-ozone-common/0.5.0-SNAPSHOT/hadoop-ozone-common-0.5.0-SNAPSHOT.jar:/root/.m2/repository/org/apache/commons/commons-compress/1.4.1/commons-compress-1.4.1.jar:/root/.m2/repository/org/tukaani/xz/1.0/xz-1.0.jar:/root/.m2/repository/org/apache/hadoop/hadoop-common/3.2.0/hadoop-common-3.2.0.jar:/root/.m2/repository/org/apache/hadoop/hadoop-hdfs/3.2.0/hadoop-hdfs-3.2.0.jar:/root/.m2/repository/org/apache/hadoop/hadoop-hdfs-client/3.2.0/hadoop-hdfs-client-3.2.0.jar:/root/.m2/repository/com/fasterxml/jackson/core/jackson-annotations/2.9.5/jackson-annotations-2.9.5.jar:/root/.m2/repository/org/apache/hadoop/hadoop-hdds-common/0.5.0-SNAPSHOT/hadoop-hdds-common-0.5.0-SNAPSHOT.jar:/root/.m2/repository/javax/annotation/javax.annotation-api/1.2/javax.annotation-api-1.2.jar:/root/.m2/repository/org/apache/ratis/ratis-server/0.4.0-fe2b15d-SNAPSHOT/ratis-server-0.4.0-fe2b15d-SNAPSHOT.jar:/root/.m2/repository/org/apache/ratis/ratis-thirdparty-misc/0.2.0/ratis-thirdparty-misc-0.2.0.jar:/root/.m2/repository/org/apache/ratis/ratis-proto/0.4.0-fe2b15d-SNAPSHOT/ratis-proto-0.4.0-fe2b15d-SNAPSHOT.jar:/root/.m2/repository/org/apache/ratis/ratis-common/0.4.0-fe2b15d-SNAPSHOT/ratis-common-0.4.0-fe2b15d-SNAPSHOT.jar:/root/.m2/repository/org/apache/ratis/ratis-client/0.4.0-fe2b15d-SNAPSHOT/ratis-client-0.4.0-fe2b15d-SNAPSHOT.jar:/root/.m2/repository/org/apache/ratis/ratis-netty/0.4.0-fe2b15d-SNAPSHOT/ratis-netty-0.4.0-fe2b15d-SNAPSHOT.jar:/root/.m2/repository/org/apache/ratis/ratis-grpc/0.4.0-fe2b15d-SNAPSHOT/ratis-grpc-0.4.0-fe2b15d-SNAPSHOT.jar:/root/.m2/repository/org/rocksdb/rocksdbjni/5.14.2/rocksdbjni-5.14.2.jar:/root/.m2/repository/org/apache/logging/log4j/log4j-api/2.11.0/log4j-api-2.11.0.jar:/root/.m2/repository/org/apache/logging/log4j/log4j-core/2.11.0/log4j-core-2.11.0.jar:/root/.m2/repository/com/lmax/disruptor/3.4.2/disruptor-3.4.2.jar:/root/.m2/repository/org/apache/commons/commons-pool2/2.6.0/commons-pool2-2.6.0.jar:/root/.m2/repository/org/bouncycastle/bcpkix-jdk15on/1.60/bcpkix-jdk15on-1.60.jar:/root/.m2/repository/commons-validator/commons-validator/1.6/commons-validator-1.6.jar:/root/.m2/repository/commons-digester/commons-digester/1.8.1/commons-digester-1.8.1.jar:/root/.m2/repository/io/jaegertracing/jaeger-client/0.33.1/jaeger-client-0.33.1.jar:/root/.m2/repository/io/jaegertracing/jaeger-thrift/0.33.1/jaeger-thrift-0.33.1.jar:/root/.m2/repository/org/apache/thrift/libthrift/0.11.0/libthrift-0.11.0.jar:/root/.m2/repository/com/squareup/okhttp3/okhttp/3.9.0/okhttp-3.9.0.jar:/root/.m2/repository/com/squareup/okio/okio/1.13.0/okio-1.13.0.jar:/root/.m2/repository/io/jaegertracing/jaeger-core/0.33.1/jaeger-core-0.33.1.jar:/root/.m2/repository/io/jaegertracing/jaeger-tracerresolver/0.33.1/jaeger-tracerresolver-0.33.1.jar:/root/.m2/repository/io/opentracing/contrib/opentracing-tracerresolver/0.1.5/opentracing-tracerresolver-0.1.5.jar:/root/.m2/repository/io/opentracing/opentracing-util/0.31.0/opentracing-util-0.31.0.jar:/root/.m2/repository/io/opentracing/opentracing-api/0.31.0/opentracing-api-0.31.0.jar:/root/.m2/repository/io/opentracing/opentracing-noop/0.31.0/opentracing-noop-0.31.0.jar:/root/.m2/repository/org/apache/hadoop/hadoop-hdds-server-framework/0.5.0-SNAPSHOT/hadoop-hdds-server-framework-0.5.0-SNAPSHOT.jar:/root/.m2/repository/org/apache/hadoop/hadoop-hdds-server-scm/0.5.0-SNAPSHOT/hadoop-hdds-server-scm-0.5.0-SNAPSHOT.jar:/root/.m2/repository/org/apache/hadoop/hadoop-hdds-container-service/0.5.0-SNAPSHOT/hadoop-hdds-container-service-0.5.0-SNAPSHOT.jar:/root/.m2/repository/org/apache/hadoop/hadoop-hdds-client/0.5.0-SNAPSHOT/hadoop-hdds-client-0.5.0-SNAPSHOT.jar:/root/.m2/repository/org/apache/hadoop/hadoop-hdds-tools/0.5.0-SNAPSHOT/hadoop-hdds-tools-0.5.0-SNAPSHOT.jar:/root/.m2/repository/org/apache/hadoop/hadoop-ozone-ozone-manager/0.5.0-SNAPSHOT/hadoop-ozone-ozone-manager-0.5.0-SNAPSHOT.jar:/root/.m2/repository/org/apache/hadoop/hadoop-hdds-docs/0.5.0-SNAPSHOT/hadoop-hdds-docs-0.5.0-SNAPSHOT.jar:/root/.m2/repository/org/bouncycastle/bcprov-jdk15on/1.60/bcprov-jdk15on-1.60.jar:/root/.m2/repository/org/apache/hadoop/hadoop-minikdc/3.2.0/hadoop-minikdc-3.2.0.jar:/root/.m2/repository/commons-io/commons-io/2.5/commons-io-2.5.jar:/root/.m2/repository/org/apache/kerby/kerb-simplekdc/1.0.1/kerb-simplekdc-1.0.1.jar:/root/.m2/repository/org/apache/kerby/kerb-client/1.0.1/kerb-client-1.0.1.jar:/root/.m2/repository/org/apache/kerby/kerby-config/1.0.1/kerby-config-1.0.1.jar:/root/.m2/repository/org/apache/kerby/kerb-core/1.0.1/kerb-core-1.0.1.jar:/root/.m2/repository/org/apache/kerby/kerby-pkix/1.0.1/kerby-pkix-1.0.1.jar:/root/.m2/repository/org/apache/kerby/kerby-asn1/1.0.1/kerby-asn1-1.0.1.jar:/root/.m2/repository/org/apache/kerby/kerby-util/1.0.1/kerby-util-1.0.1.jar:/root/.m2/repository/org/apache/kerby/kerb-common/1.0.1/kerb-common-1.0.1.jar:/root/.m2/repository/org/apache/kerby/kerb-crypto/1.0.1/kerb-crypto-1.0.1.jar:/root/.m2/repository/org/apache/kerby/kerb-util/1.0.1/kerb-util-1.0.1.jar:/root/.m2/repository/org/apache/kerby/token-provider/1.0.1/token-provider-1.0.1.jar:/root/.m2/repository/org/apache/kerby/kerb-admin/1.0.1/kerb-admin-1.0.1.jar:/root/.m2/repository/org/apache/kerby/kerb-server/1.0.1/kerb-server-1.0.1.jar:/root/.m2/repository/org/apache/kerby/kerb-identity/1.0.1/kerb-identity-1.0.1.jar:/root/.m2/repository/org/apache/kerby/kerby-xdr/1.0.1/kerby-xdr-1.0.1.jar:/root/.m2/repository/org/slf4j/slf4j-log4j12/1.7.25/slf4j-log4j12-1.7.25.jar:/root/.m2/repository/org/apache/hadoop/hadoop-ozone-objectstore-service/0.5.0-SNAPSHOT/hadoop-ozone-objectstore-service-0.5.0-SNAPSHOT.jar:/root/.m2/repository/org/apache/hadoop/hadoop-ozone-s3gateway/0.5.0-SNAPSHOT/hadoop-ozone-s3gateway-0.5.0-SNAPSHOT.jar:/root/.m2/repository/org/jboss/weld/servlet/weld-servlet/2.4.7.Final/weld-servlet-2.4.7.Final.jar:/root/.m2/repository/org/glassfish/jersey/containers/jersey-container-servlet-core/2.27/jersey-container-servlet-core-2.27.jar:/root/.m2/repository/org/glassfish/hk2/external/javax.inject/2.5.0-b42/javax.inject-2.5.0-b42.jar:/root/.m2/repository/org/glassfish/jersey/core/jersey-common/2.27/jersey-common-2.27.jar:/root/.m2/repository/org/glassfish/hk2/osgi-resource-locator/1.0.1/osgi-resource-locator-1.0.1.jar:/root/.m2/repository/javax/ws/rs/javax.ws.rs-api/2.1/javax.ws.rs-api-2.1.jar:/root/.m2/repository/org/glassfish/jersey/ext/cdi/jersey-cdi1x/2.27/jersey-cdi1x-2.27.jar:/root/.m2/repository/org/glassfish/jersey/inject/jersey-hk2/2.27/jersey-hk2-2.27.jar:/root/.m2/repository/org/glassfish/hk2/hk2-locator/2.5.0-b42/hk2-locator-2.5.0-b42.jar:/root/.m2/repository/org/javassist/javassist/3.22.0-CR2/javassist-3.22.0-CR2.jar:/root/.m2/repository/org/glassfish/hk2/hk2-api/2.5.0/hk2-api-2.5.0.jar:/root/.m2/repository/org/glassfish/hk2/external/jakarta.inject/2.5.0/jakarta.inject-2.5.0.jar:/root/.m2/repository/org/glassfish/hk2/hk2-utils/2.5.0/hk2-utils-2.5.0.jar:/root/.m2/repository/jakarta/annotation/jakarta.annotation-api/1.3.4/jakarta.annotation-api-1.3.4.jar:/root/.m2/repository/org/glassfish/hk2/external/aopalliance-repackaged/2.5.0/aopalliance-repackaged-2.5.0.jar:/root/.m2/repository/com/fasterxml/jackson/dataformat/jackson-dataformat-xml/2.9.0/jackson-dataformat-xml-2.9.0.jar:/root/.m2/repository/com/fasterxml/jackson/core/jackson-core/2.9.5/jackson-core-2.9.5.jar:/root/.m2/repository/com/fasterxml/jackson/module/jackson-module-jaxb-annotations/2.9.5/jackson-module-jaxb-annotations-2.9.5.jar:/root/.m2/repository/javax/enterprise/cdi-api/1.2/cdi-api-1.2.jar:/root/.m2/repository/javax/el/javax.el-api/3.0.0/javax.el-api-3.0.0.jar:/root/.m2/repository/javax/interceptor/javax.interceptor-api/1.2/javax.interceptor-api-1.2.jar:/root/.m2/repository/javax/inject/javax.inject/1/javax.inject-1.jar:/root/.m2/repository/com/sun/xml/bind/jaxb-impl/2.3.0.1/jaxb-impl-2.3.0.1.jar:/root/.m2/repository/com/sun/xml/bind/jaxb-core/2.3.0.1/jaxb-core-2.3.0.1.jar:/root/.m2/repository/javax/xml/bind/jaxb-api/2.3.0/jaxb-api-2.3.0.jar:/root/.m2/repository/javax/activation/activation/1.1.1/activation-1.1.1.jar:/root/.m2/repository/org/apache/hadoop/hadoop-ozone-csi/0.5.0-SNAPSHOT/hadoop-ozone-csi-0.5.0-SNAPSHOT.jar:/root/.m2/repository/com/google/protobuf/protobuf-java-util/3.5.1/protobuf-java-util-3.5.1.jar:/root/.m2/repository/org/apache/hadoop/hadoop-hdds-config/0.5.0-SNAPSHOT/hadoop-hdds-config-0.5.0-SNAPSHOT.jar:/root/.m2/repository/com/google/guava/guava/11.0.2/guava-11.0.2.jar:/root/.m2/repository/com/google/protobuf/protobuf-java/2.5.0/protobuf-java-2.5.0.jar:/root/.m2/repository/io/grpc/grpc-netty/1.17.1/grpc-netty-1.17.1.jar:/root/.m2/repository/io/grpc/grpc-core/1.17.1/grpc-core-1.17.1.jar:/root/.m2/repository/io/grpc/grpc-context/1.17.1/grpc-context-1.17.1.jar:/root/.m2/repository/com/google/errorprone/error_prone_annotations/2.2.0/error_prone_annotations-2.2.0.jar:/root/.m2/repository/org/codehaus/mojo/animal-sniffer-annotations/1.17/animal-sniffer-annotations-1.17.jar:/root/.m2/repository/io/opencensus/opencensus-api/0.17.0/opencensus-api-0.17.0.jar:/root/.m2/repository/io/opencensus/opencensus-contrib-grpc-metrics/0.17.0/opencensus-contrib-grpc-metrics-0.17.0.jar:/root/.m2/repository/io/netty/netty-codec-http2/4.1.30.Final/netty-codec-http2-4.1.30.Final.jar:/root/.m2/repository/io/netty/netty-codec-http/4.1.30.Final/netty-codec-http-4.1.30.Final.jar:/root/.m2/repository/io/netty/netty-codec/4.1.30.Final/netty-codec-4.1.30.Final.jar:/root/.m2/repository/io/netty/netty-handler/4.1.30.Final/netty-handler-4.1.30.Final.jar:/root/.m2/repository/io/netty/netty-handler-proxy/4.1.30.Final/netty-handler-proxy-4.1.30.Final.jar:/root/.m2/repository/io/netty/netty-codec-socks/4.1.30.Final/netty-codec-socks-4.1.30.Final.jar:/root/.m2/repository/io/netty/netty-transport-native-epoll/4.1.30.Final/netty-transport-native-epoll-4.1.30.Final.jar:/root/.m2/repository/io/netty/netty-common/4.1.30.Final/netty-common-4.1.30.Final.jar:/root/.m2/repository/io/netty/netty-buffer/4.1.30.Final/netty-buffer-4.1.30.Final.jar:/root/.m2/repository/io/netty/netty-transport/4.1.30.Final/netty-transport-4.1.30.Final.jar:/root/.m2/repository/io/netty/netty-resolver/4.1.30.Final/netty-resolver-4.1.30.Final.jar:/root/.m2/repository/io/netty/netty-transport-native-unix-common/4.1.30.Final/netty-transport-native-unix-common-4.1.30.Final.jar:/root/.m2/repository/io/grpc/grpc-protobuf/1.17.1/grpc-protobuf-1.17.1.jar:/root/.m2/repository/com/google/api/grpc/proto-google-common-protos/1.0.0/proto-google-common-protos-1.0.0.jar:/root/.m2/repository/io/grpc/grpc-protobuf-lite/1.17.1/grpc-protobuf-lite-1.17.1.jar:/root/.m2/repository/io/grpc/grpc-stub/1.17.1/grpc-stub-1.17.1.jar:/root/.m2/repository/org/apache/hadoop/hadoop-ozone-recon/0.5.0-SNAPSHOT/hadoop-ozone-recon-0.5.0-SNAPSHOT.jar:/root/.m2/repository/org/apache/hadoop/hadoop-ozone-reconcodegen/0.5.0-SNAPSHOT/hadoop-ozone-reconcodegen-0.5.0-SNAPSHOT.jar:/root/.m2/repository/com/google/inject/extensions/guice-multibindings/4.0/guice-multibindings-4.0.jar:/root/.m2/repository/com/google/inject/guice/4.0/guice-4.0.jar:/root/.m2/repository/aopalliance/aopalliance/1.0/aopalliance-1.0.jar:/root/.m2/repository/com/google/inject/extensions/guice-servlet/4.0/guice-servlet-4.0.jar:/root/.m2/repository/org/glassfish/jersey/containers/jersey-container-servlet/2.27/jersey-container-servlet-2.27.jar:/root/.m2/repository/org/glassfish/hk2/guice-bridge/2.5.0/guice-bridge-2.5.0.jar:/root/.m2/repository/org/glassfish/jersey/core/jersey-server/2.27/jersey-server-2.27.jar:/root/.m2/repository/org/glassfish/jersey/core/jersey-client/2.27/jersey-client-2.27.jar:/root/.m2/repository/org/glassfish/jersey/media/jersey-media-jaxb/2.27/jersey-media-jaxb-2.27.jar:/root/.m2/repository/javax/validation/validation-api/1.1.0.Final/validation-api-1.1.0.Final.jar:/root/.m2/repository/org/glassfish/jersey/media/jersey-media-json-jackson/2.27/jersey-media-json-jackson-2.27.jar:/root/.m2/repository/org/glassfish/jersey/ext/jersey-entity-filtering/2.27/jersey-entity-filtering-2.27.jar:/root/.m2/repository/com/google/inject/extensions/guice-assistedinject/4.0/guice-assistedinject-4.0.jar:/root/.m2/repository/org/jooq/jooq/3.11.10/jooq-3.11.10.jar:/root/.m2/repository/org/jooq/jooq-meta/3.11.10/jooq-meta-3.11.10.jar:/root/.m2/repository/org/jooq/jooq-codegen/3.11.10/jooq-codegen-3.11.10.jar:/root/.m2/repository/com/jolbox/bonecp/0.8.0.RELEASE/bonecp-0.8.0.RELEASE.jar:/root/.m2/repository/org/xerial/sqlite-jdbc/3.25.2/sqlite-jdbc-3.25.2.jar:/root/.m2/repository/org/springframework/spring-jdbc/5.1.3.RELEASE/spring-jdbc-5.1.3.RELEASE.jar:/root/.m2/repository/org/springframework/spring-beans/5.1.3.RELEASE/spring-beans-5.1.3.RELEASE.jar:/root/.m2/repository/org/springframework/spring-core/5.1.3.RELEASE/spring-core-5.1.3.RELEASE.jar:/root/.m2/repository/org/springframework/spring-jcl/5.1.3.RELEASE/spring-jcl-5.1.3.RELEASE.jar:/root/.m2/repository/org/springframework/spring-tx/5.1.3.RELEASE/spring-tx-5.1.3.RELEASE.jar:/root/.m2/repository/org/apache/hadoop/hadoop-ozone-client/0.5.0-SNAPSHOT/hadoop-ozone-client-0.5.0-SNAPSHOT.jar:/root/.m2/repository/org/apache/hadoop/hadoop-ozone-ozone-manager/0.5.0-SNAPSHOT/hadoop-ozone-ozone-manager-0.5.0-SNAPSHOT-tests.jar:/root/.m2/repository/junit/junit/4.11/junit-4.11.jar:/root/.m2/repository/org/hamcrest/hamcrest-core/1.3/hamcrest-core-1.3.jar:/root/.m2/repository/org/openjdk/jmh/jmh-core/1.19/jmh-core-1.19.jar:/root/.m2/repository/net/sf/jopt-simple/jopt-simple/4.6/jopt-simple-4.6.jar:/root/.m2/repository/org/apache/commons/commons-math3/3.1.1/commons-math3-3.1.1.jar:/root/.m2/repository/org/openjdk/jmh/jmh-generator-annprocess/1.19/jmh-generator-annprocess-1.19.jar:/root/.m2/repository/org/mockito/mockito-all/1.8.5/mockito-all-1.8.5.jar:/root/.m2/repository/org/apache/hadoop/hadoop-kms/3.2.0/hadoop-kms-3.2.0.jar:/root/.m2/repository/org/apache/hadoop/hadoop-auth/3.2.0/hadoop-auth-3.2.0.jar:/root/.m2/repository/com/nimbusds/nimbus-jose-jwt/4.41.1/nimbus-jose-jwt-4.41.1.jar:/root/.m2/repository/com/github/stephenc/jcip/jcip-annotations/1.0-1/jcip-annotations-1.0-1.jar:/root/.m2/repository/net/minidev/json-smart/2.3/json-smart-2.3.jar:/root/.m2/repository/net/minidev/accessors-smart/1.2/accessors-smart-1.2.jar:/root/.m2/repository/org/ow2/asm/asm/5.0.4/asm-5.0.4.jar:/root/.m2/repository/org/apache/curator/curator-framework/2.12.0/curator-framework-2.12.0.jar:/root/.m2/repository/com/sun/jersey/jersey-core/1.19/jersey-core-1.19.jar:/root/.m2/repository/javax/ws/rs/jsr311-api/1.1.1/jsr311-api-1.1.1.jar:/root/.m2/repository/com/sun/jersey/jersey-server/1.19/jersey-server-1.19.jar:/root/.m2/repository/javax/servlet/javax.servlet-api/3.1.0/javax.servlet-api-3.1.0.jar:/root/.m2/repository/org/eclipse/jetty/jetty-server/9.3.24.v20180605/jetty-server-9.3.24.v20180605.jar:/root/.m2/repository/org/eclipse/jetty/jetty-http/9.3.24.v20180605/jetty-http-9.3.24.v20180605.jar:/root/.m2/repository/org/eclipse/jetty/jetty-io/9.3.24.v20180605/jetty-io-9.3.24.v20180605.jar:/root/.m2/repository/org/eclipse/jetty/jetty-webapp/9.3.24.v20180605/jetty-webapp-9.3.24.v20180605.jar:/root/.m2/repository/org/eclipse/jetty/jetty-xml/9.3.24.v20180605/jetty-xml-9.3.24.v20180605.jar:/root/.m2/repository/log4j/log4j/1.2.17/log4j-1.2.17.jar:/root/.m2/repository/org/slf4j/slf4j-api/1.7.25/slf4j-api-1.7.25.jar:/root/.m2/repository/org/slf4j/jul-to-slf4j/1.7.25/jul-to-slf4j-1.7.25.jar:/root/.m2/repository/org/eclipse/jetty/jetty-util/9.3.24.v20180605/jetty-util-9.3.24.v20180605.jar:/root/.m2/repository/io/dropwizard/metrics/metrics-core/3.2.4/metrics-core-3.2.4.jar:/root/.m2/repository/com/fasterxml/jackson/core/jackson-databind/2.9.5/jackson-databind-2.9.5.jar:/root/.m2/repository/org/apache/hadoop/hadoop-kms/3.2.0/hadoop-kms-3.2.0-tests.jar:/root/.m2/repository/org/apache/hadoop/hadoop-hdds-server-scm/0.5.0-SNAPSHOT/hadoop-hdds-server-scm-0.5.0-SNAPSHOT-tests.jar:/root/.m2/repository/org/hamcrest/hamcrest-all/1.3/hamcrest-all-1.3.jar:/root/.m2/repository/info/picocli/picocli/3.9.6/picocli-3.9.6.jar:/root/.m2/repository/org/apache/hadoop/hadoop-hdds-container-service/0.5.0-SNAPSHOT/hadoop-hdds-container-service-0.5.0-SNAPSHOT-tests.jar:/root/.m2/repository/org/yaml/snakeyaml/1.16/snakeyaml-1.16.jar:/root/.m2/repository/org/apache/hadoop/hadoop-common/3.2.0/hadoop-common-3.2.0-tests.jar:/root/.m2/repository/org/apache/hadoop/hadoop-annotations/3.2.0/hadoop-annotations-3.2.0.jar:/usr/lib/jvm/java-1.8-openjdk/jre/../lib/tools.jar:/root/.m2/repository/commons-cli/commons-cli/1.2/commons-cli-1.2.jar:/root/.m2/repository/org/apache/httpcomponents/httpclient/4.5.2/httpclient-4.5.2.jar:/root/.m2/repository/org/apache/httpcomponents/httpcore/4.4.4/httpcore-4.4.4.jar:/root/.m2/repository/commons-codec/commons-codec/1.11/commons-codec-1.11.jar:/root/.m2/repository/commons-net/commons-net/3.6/commons-net-3.6.jar:/root/.m2/repository/commons-collections/commons-collections/3.2.2/commons-collections-3.2.2.jar:/root/.m2/repository/org/eclipse/jetty/jetty-servlet/9.3.24.v20180605/jetty-servlet-9.3.24.v20180605.jar:/root/.m2/repository/org/eclipse/jetty/jetty-security/9.3.24.v20180605/jetty-security-9.3.24.v20180605.jar:/root/.m2/repository/javax/servlet/jsp/jsp-api/2.1/jsp-api-2.1.jar:/root/.m2/repository/com/sun/jersey/jersey-servlet/1.19/jersey-servlet-1.19.jar:/root/.m2/repository/com/sun/jersey/jersey-json/1.19/jersey-json-1.19.jar:/root/.m2/repository/org/codehaus/jettison/jettison/1.1/jettison-1.1.jar:/root/.m2/repository/org/codehaus/jackson/jackson-core-asl/1.9.13/jackson-core-asl-1.9.13.jar:/root/.m2/repository/org/codehaus/jackson/jackson-mapper-asl/1.9.13/jackson-mapper-asl-1.9.13.jar:/root/.m2/repository/org/codehaus/jackson/jackson-jaxrs/1.9.13/jackson-jaxrs-1.9.13.jar:/root/.m2/repository/org/codehaus/jackson/jackson-xc/1.9.13/jackson-xc-1.9.13.jar:/root/.m2/repository/commons-logging/commons-logging/1.1.3/commons-logging-1.1.3.jar:/root/.m2/repository/commons-beanutils/commons-beanutils/1.9.3/commons-beanutils-1.9.3.jar:/root/.m2/repository/org/apache/commons/commons-configuration2/2.1.1/commons-configuration2-2.1.1.jar:/root/.m2/repository/org/apache/commons/commons-lang3/3.7/commons-lang3-3.7.jar:/root/.m2/repository/org/apache/commons/commons-text/1.4/commons-text-1.4.jar:/root/.m2/repository/org/apache/avro/avro/1.7.7/avro-1.7.7.jar:/root/.m2/repository/com/thoughtworks/paranamer/paranamer/2.3/paranamer-2.3.jar:/root/.m2/repository/org/xerial/snappy/snappy-java/1.0.5/snappy-java-1.0.5.jar:/root/.m2/repository/com/google/re2j/re2j/1.1/re2j-1.1.jar:/root/.m2/repository/com/google/code/gson/gson/2.2.4/gson-2.2.4.jar:/root/.m2/repository/com/jcraft/jsch/0.1.54/jsch-0.1.54.jar:/root/.m2/repository/org/apache/curator/curator-client/2.12.0/curator-client-2.12.0.jar:/root/.m2/repository/org/apache/curator/curator-recipes/2.12.0/curator-recipes-2.12.0.jar:/root/.m2/repository/com/google/code/findbugs/jsr305/3.0.0/jsr305-3.0.0.jar:/root/.m2/repository/org/apache/htrace/htrace-core4/4.1.0-incubating/htrace-core4-4.1.0-incubating.jar:/root/.m2/repository/org/apache/zookeeper/zookeeper/3.4.13/zookeeper-3.4.13.jar:/root/.m2/repository/org/apache/yetus/audience-annotations/0.5.0/audience-annotations-0.5.0.jar:/root/.m2/repository/org/codehaus/woodstox/stax2-api/3.1.4/stax2-api-3.1.4.jar:/root/.m2/repository/com/fasterxml/woodstox/woodstox-core/5.0.3/woodstox-core-5.0.3.jar:/root/.m2/repository/dnsjava/dnsjava/2.1.7/dnsjava-2.1.7.jar:/root/.m2/repository/org/apache/hadoop/hadoop-hdfs/3.2.0/hadoop-hdfs-3.2.0-tests.jar:/root/.m2/repository/org/eclipse/jetty/jetty-util-ajax/9.3.24.v20180605/jetty-util-ajax-9.3.24.v20180605.jar:/root/.m2/repository/commons-daemon/commons-daemon/1.0.13/commons-daemon-1.0.13.jar:/root/.m2/repository/io/netty/netty/3.10.5.Final/netty-3.10.5.Final.jar:/root/.m2/repository/io/netty/netty-all/4.0.52.Final/netty-all-4.0.52.Final.jar:/root/.m2/repository/org/fusesource/leveldbjni/leveldbjni-all/1.8/leveldbjni-all-1.8.jar:"/>
    <property name="sun.cpu.endian" value="little"/>
    <property name="user.home" value="/root"/>
    <property name="user.language" value="en"/>
    <property name="java.specification.vendor" value="Oracle Corporation"/>
    <property name="java.home" value="/usr/lib/jvm/java-1.8-openjdk/jre"/>
    <property name="java.security.krb5.conf" value="/opt/src/hadoop-ozone/integration-test/target/test-classes/krb5.conf"/>
    <property name="basedir" value="/opt/src/hadoop-ozone/integration-test"/>
    <property name="file.separator" value="/"/>
    <property name="line.separator" value="&#10;"/>
    <property name="java.vm.specification.vendor" value="Oracle Corporation"/>
    <property name="java.specification.name" value="Java Platform API Specification"/>
    <property name="java.awt.graphicsenv" value="sun.awt.X11GraphicsEnvironment"/>
    <property name="surefire.real.class.path" value="/opt/src/hadoop-ozone/integration-test/target/surefire/surefirebooter4862939709875339537.jar"/>
    <property name="hadoop.log.dir" value="/opt/src/hadoop-ozone/integration-test/target/log"/>
    <property name="sun.boot.class.path" value="/usr/lib/jvm/java-1.8-openjdk/jre/lib/resources.jar:/usr/lib/jvm/java-1.8-openjdk/jre/lib/rt.jar:/usr/lib/jvm/java-1.8-openjdk/jre/lib/sunrsasign.jar:/usr/lib/jvm/java-1.8-openjdk/jre/lib/jsse.jar:/usr/lib/jvm/java-1.8-openjdk/jre/lib/jce.jar:/usr/lib/jvm/java-1.8-openjdk/jre/lib/charsets.jar:/usr/lib/jvm/java-1.8-openjdk/jre/lib/jfr.jar:/usr/lib/jvm/java-1.8-openjdk/jre/classes"/>
    <property name="sun.management.compiler" value="HotSpot 64-Bit Tiered Compilers"/>
    <property name="java.runtime.version" value="1.8.0_212-b04"/>
    <property name="java.net.preferIPv4Stack" value="true"/>
    <property name="user.name" value="root"/>
    <property name="path.separator" value=":"/>
    <property name="java.security.egd" value="file:///dev/urandom"/>
    <property name="os.version" value="4.15.0-1021-aws"/>
    <property name="java.endorsed.dirs" value="/usr/lib/jvm/java-1.8-openjdk/jre/lib/endorsed"/>
    <property name="java.runtime.name" value="OpenJDK Runtime Environment"/>
    <property name="file.encoding" value="UTF-8"/>
    <property name="java.vm.name" value="OpenJDK 64-Bit Server VM"/>
    <property name="test.build.webapps" value=""/>
    <property name="localRepository" value="/root/.m2/repository"/>
    <property name="java.vendor.url.bug" value="https://icedtea.classpath.org/bugzilla"/>
    <property name="java.io.tmpdir" value="/tmp"/>
    <property name="require.test.libhadoop" value=""/>
    <property name="java.version" value="1.8.0_212"/>
    <property name="user.dir" value="/opt/src/hadoop-ozone/integration-test"/>
    <property name="os.arch" value="amd64"/>
    <property name="java.vm.specification.name" value="Java Virtual Machine Specification"/>
    <property name="test.build.classes" value="/opt/src/hadoop-ozone/integration-test/target/test-classes"/>
    <property name="java.awt.printerjob" value="sun.print.PSPrinterJob"/>
    <property name="sun.os.patch.level" value="unknown"/>
    <property name="hadoop.tmp.dir" value="/opt/src/hadoop-ozone/integration-test/target/tmp"/>
    <property name="java.library.path" value="/usr/lib/jvm/java-1.8-openjdk/jre/lib/amd64/server:/usr/lib/jvm/java-1.8-openjdk/jre/lib/amd64:/usr/lib/jvm/java-1.8-openjdk/jre/../lib/amd64:/opt/src/hadoop-ozone/integration-test/target/native/target/usr/local/lib:/opt/src/hadoop-ozone/integration-test/../../hadoop-common-project/hadoop-common/target/native/target/usr/local/lib:/usr/java/packages/lib/amd64:/usr/lib64:/lib64:/lib:/usr/lib"/>
    <property name="java.vm.info" value="mixed mode"/>
    <property name="java.vendor" value="IcedTea"/>
    <property name="java.vm.version" value="25.212-b04"/>
    <property name="java.ext.dirs" value="/usr/lib/jvm/java-1.8-openjdk/jre/lib/ext:/usr/java/packages/lib/ext"/>
    <property name="sun.io.unicode.encoding" value="UnicodeLittle"/>
    <property name="java.class.version" value="52.0"/>
  </properties>
  <testcase name="testPipelineFail" classname="org.apache.hadoop.hdds.scm.pipeline.TestNodeFailure" time="0">
    <skipped/>
    <system-out><![CDATA[2019-06-13 21:34:30,235 WARN  server.ServerUtils (ServerUtils.java:getScmDbDir(145)) - ozone.scm.db.dirs is not configured. We recommend adding this setting. Falling back to ozone.metadata.dirs instead.
2019-06-13 21:34:30,300 WARN  server.ServerUtils (ServerUtils.java:getScmDbDir(145)) - ozone.scm.db.dirs is not configured. We recommend adding this setting. Falling back to ozone.metadata.dirs instead.
2019-06-13 21:34:30,303 WARN  server.ServerUtils (ServerUtils.java:getScmDbDir(145)) - ozone.scm.db.dirs is not configured. We recommend adding this setting. Falling back to ozone.metadata.dirs instead.
2019-06-13 21:34:30,316 INFO  util.log (Log.java:initialized(192)) - Logging initialized @659ms
2019-06-13 21:34:30,398 INFO  db.DBStoreBuilder (DBStoreBuilder.java:addTable(110)) - using custom profile for table: deletedBlocks
2019-06-13 21:34:30,399 INFO  db.DBStoreBuilder (DBStoreBuilder.java:processTables(161)) - Using default column profile:DBProfile.DISK for Table:deletedBlocks
2019-06-13 21:34:30,399 INFO  db.DBStoreBuilder (DBStoreBuilder.java:addTable(110)) - using custom profile for table: validCerts
2019-06-13 21:34:30,399 INFO  db.DBStoreBuilder (DBStoreBuilder.java:processTables(161)) - Using default column profile:DBProfile.DISK for Table:validCerts
2019-06-13 21:34:30,400 INFO  db.DBStoreBuilder (DBStoreBuilder.java:addTable(110)) - using custom profile for table: revokedCerts
2019-06-13 21:34:30,400 INFO  db.DBStoreBuilder (DBStoreBuilder.java:processTables(161)) - Using default column profile:DBProfile.DISK for Table:revokedCerts
2019-06-13 21:34:30,409 INFO  db.DBStoreBuilder (DBStoreBuilder.java:addTable(110)) - using custom profile for table: default
2019-06-13 21:34:30,409 INFO  db.DBStoreBuilder (DBStoreBuilder.java:processTables(167)) - Using default column profile:DBProfile.DISK for Table:default
2019-06-13 21:34:30,411 INFO  db.DBStoreBuilder (DBStoreBuilder.java:getDbProfile(198)) - Using default options. DBProfile.DISK
2019-06-13 21:34:30,475 INFO  node.SCMNodeManager (SCMNodeManager.java:<init>(108)) - Entering startup safe mode.
2019-06-13 21:34:30,535 INFO  net.NodeSchemaLoader (NodeSchemaLoader.java:loadSchemaFromFile(125)) - Loading file from sun.misc.CompoundEnumeration@5fe94a96
2019-06-13 21:34:30,536 INFO  net.NodeSchemaLoader (NodeSchemaLoader.java:loadSchema(171)) - Loading network topology layer schema file
2019-06-13 21:34:30,587 WARN  server.ServerUtils (ServerUtils.java:getScmDbDir(145)) - ozone.scm.db.dirs is not configured. We recommend adding this setting. Falling back to ozone.metadata.dirs instead.
2019-06-13 21:34:30,605 INFO  pipeline.SCMPipelineManager (SCMPipelineManager.java:initializePipelineState(126)) - No pipeline exists in current db
2019-06-13 21:34:30,607 WARN  server.ServerUtils (ServerUtils.java:getScmDbDir(145)) - ozone.scm.db.dirs is not configured. We recommend adding this setting. Falling back to ozone.metadata.dirs instead.
2019-06-13 21:34:30,660 WARN  events.EventQueue (EventQueue.java:fireEvent(175)) - No event handler registered for event TypedEvent{payloadType=SafeModeStatus, name='SafeModeStatus'}
2019-06-13 21:34:30,915 INFO  ipc.CallQueueManager (CallQueueManager.java:<init>(84)) - Using callQueue: class java.util.concurrent.LinkedBlockingQueue, queueCapacity: 2000, scheduler: class org.apache.hadoop.ipc.DefaultRpcScheduler, ipcBackoff: false.
2019-06-13 21:34:30,936 INFO  ipc.Server (Server.java:run(1074)) - Starting Socket Reader #1 for port 42521
2019-06-13 21:34:30,955 INFO  ipc.CallQueueManager (CallQueueManager.java:<init>(84)) - Using callQueue: class java.util.concurrent.LinkedBlockingQueue, queueCapacity: 2000, scheduler: class org.apache.hadoop.ipc.DefaultRpcScheduler, ipcBackoff: false.
2019-06-13 21:34:30,956 INFO  ipc.Server (Server.java:run(1074)) - Starting Socket Reader #1 for port 44021
2019-06-13 21:34:30,961 INFO  ipc.CallQueueManager (CallQueueManager.java:<init>(84)) - Using callQueue: class java.util.concurrent.LinkedBlockingQueue, queueCapacity: 2000, scheduler: class org.apache.hadoop.ipc.DefaultRpcScheduler, ipcBackoff: false.
2019-06-13 21:34:30,993 INFO  ipc.Server (Server.java:run(1074)) - Starting Socket Reader #1 for port 46071
2019-06-13 21:34:31,013 INFO  hdfs.DFSUtil (DFSUtil.java:httpServerTemplateForNNAndJN(1641)) - Starting Web-server for scm at: http://0.0.0.0:0
2019-06-13 21:34:31,135 INFO  server.AuthenticationFilter (AuthenticationFilter.java:constructSecretProvider(240)) - Unable to initialize FileSignerSecretProvider, falling back to use random secrets.
2019-06-13 21:34:31,140 WARN  http.HttpRequestLog (HttpRequestLog.java:getRequestLog(97)) - Jetty request log can only be enabled using Log4j
2019-06-13 21:34:31,148 INFO  http.HttpServer2 (HttpServer2.java:addGlobalFilter(975)) - Added global filter 'safety' (class=org.apache.hadoop.http.HttpServer2$QuotingInputFilter)
2019-06-13 21:34:31,150 INFO  http.HttpServer2 (HttpServer2.java:addFilter(948)) - Added filter static_user_filter (class=org.apache.hadoop.http.lib.StaticUserWebFilter$StaticUserFilter) to context scm
2019-06-13 21:34:31,151 INFO  http.HttpServer2 (HttpServer2.java:addFilter(958)) - Added filter static_user_filter (class=org.apache.hadoop.http.lib.StaticUserWebFilter$StaticUserFilter) to context static
2019-06-13 21:34:31,151 INFO  http.HttpServer2 (HttpServer2.java:addFilter(958)) - Added filter static_user_filter (class=org.apache.hadoop.http.lib.StaticUserWebFilter$StaticUserFilter) to context logs
2019-06-13 21:34:31,173 INFO  server.StorageContainerManager (StorageContainerManager.java:start(752)) - StorageContainerLocationProtocol RPC server is listening at /0.0.0.0:46071
2019-06-13 21:34:31,218 WARN  impl.MetricsConfig (MetricsConfig.java:loadFirst(134)) - Cannot locate configuration: tried hadoop-metrics2-storagecontainermanager.properties,hadoop-metrics2.properties
2019-06-13 21:34:31,227 INFO  impl.MetricsSystemImpl (MetricsSystemImpl.java:startTimer(374)) - Scheduled Metric snapshot period at 10 second(s).
2019-06-13 21:34:31,227 INFO  impl.MetricsSystemImpl (MetricsSystemImpl.java:start(191)) - StorageContainerManager metrics system started
2019-06-13 21:34:31,391 INFO  server.SCMClientProtocolServer (SCMClientProtocolServer.java:start(149)) - RPC server for Client  is listening at /0.0.0.0:46071
2019-06-13 21:34:31,391 INFO  ipc.Server (Server.java:run(1314)) - IPC Server Responder: starting
2019-06-13 21:34:31,391 INFO  ipc.Server (Server.java:run(1153)) - IPC Server listener on 46071: starting
2019-06-13 21:34:31,394 INFO  server.StorageContainerManager (StorageContainerManager.java:start(761)) - ScmBlockLocationProtocol RPC server is listening at /0.0.0.0:44021
2019-06-13 21:34:31,394 INFO  server.SCMBlockProtocolServer (SCMBlockProtocolServer.java:start(137)) - RPC server for Block Protocol is listening at /0.0.0.0:44021
2019-06-13 21:34:31,394 INFO  ipc.Server (Server.java:run(1314)) - IPC Server Responder: starting
2019-06-13 21:34:31,394 INFO  ipc.Server (Server.java:run(1153)) - IPC Server listener on 44021: starting
2019-06-13 21:34:31,396 INFO  server.StorageContainerManager (StorageContainerManager.java:start(765)) - ScmDatanodeProtocl RPC server is listening at /0.0.0.0:42521
2019-06-13 21:34:31,396 INFO  server.SCMDatanodeProtocolServer (SCMDatanodeProtocolServer.java:start(191)) - RPC server for DataNodes is listening at /0.0.0.0:42521
2019-06-13 21:34:31,396 INFO  ipc.Server (Server.java:run(1314)) - IPC Server Responder: starting
2019-06-13 21:34:31,396 INFO  ipc.Server (Server.java:run(1153)) - IPC Server listener on 42521: starting
2019-06-13 21:34:31,399 INFO  http.HttpServer2 (HttpServer2.java:bindListener(1191)) - Jetty bound to port 32911
2019-06-13 21:34:31,401 INFO  server.Server (Server.java:doStart(351)) - jetty-9.3.24.v20180605, build timestamp: 2018-06-05T17:11:56Z, git hash: 84205aa28f11a4f31f2a3b86d1bba2cc8ab69827
2019-06-13 21:34:31,437 INFO  handler.ContextHandler (ContextHandler.java:doStart(781)) - Started o.e.j.s.ServletContextHandler@530712d{/logs,file:///opt/src/hadoop-ozone/integration-test/target/log,AVAILABLE}
2019-06-13 21:34:31,438 INFO  handler.ContextHandler (ContextHandler.java:doStart(781)) - Started o.e.j.s.ServletContextHandler@12ed9db6{/static,file:///opt/src/hadoop-ozone/integration-test/target/test-classes/webapps/static,AVAILABLE}
2019-06-13 21:34:31,470 INFO  handler.ContextHandler (ContextHandler.java:doStart(781)) - Started o.e.j.w.WebAppContext@34645867{/,file:///opt/src/hadoop-ozone/integration-test/target/test-classes/webapps/scm/,AVAILABLE}{/scm}
2019-06-13 21:34:31,476 INFO  server.AbstractConnector (AbstractConnector.java:doStart(278)) - Started ServerConnector@66629f63{HTTP/1.1,[http/1.1]}{0.0.0.0:32911}
2019-06-13 21:34:31,477 INFO  server.Server (Server.java:doStart(419)) - Started @1820ms
2019-06-13 21:34:31,478 INFO  server.BaseHttpServer (BaseHttpServer.java:updateConnectorAddress(207)) - HTTP server of SCM is listening at http://0.0.0.0:32911
2019-06-13 21:34:31,484 INFO  util.JvmPauseMonitor (JvmPauseMonitor.java:run(188)) - Starting JVM pause monitor
2019-06-13 21:34:31,487 WARN  scm.ScmUtils (ScmUtils.java:getDBPath(63)) - ozone.om.db.dirs is not configured. We recommend adding this setting. Falling back to ozone.metadata.dirs instead.
2019-06-13 21:34:31,569 WARN  scm.ScmUtils (ScmUtils.java:getDBPath(63)) - ozone.om.db.dirs is not configured. We recommend adding this setting. Falling back to ozone.metadata.dirs instead.
2019-06-13 21:34:31,570 INFO  om.OzoneManager (OzoneManager.java:setOMNodeDetails(519)) - OM Service ID is not set. Setting it to the default ID: omServiceIdDefault
2019-06-13 21:34:31,570 INFO  om.OzoneManager (OzoneManager.java:setOMNodeDetails(525)) - OM Node ID is not set. Setting it to the OmStorage's OmID: 0586ad10-604a-45a4-a27b-23f0c1ef7393
2019-06-13 21:34:31,571 WARN  scm.HddsServerUtil (HddsServerUtil.java:getDefaultRatisDirectory(354)) - Storage directory for Ratis is not configured. It is a good idea to map this to an SSD disk. Falling back to ozone.metadata.dirs
2019-06-13 21:34:31,572 WARN  scm.HddsServerUtil (HddsServerUtil.java:getDefaultRatisDirectory(354)) - Storage directory for Ratis is not configured. It is a good idea to map this to an SSD disk. Falling back to ozone.metadata.dirs
2019-06-13 21:34:31,572 INFO  om.OzoneManager (OzoneManager.java:loadOMHAConfigs(476)) - Found matching OM address with OMServiceId: null, OMNodeId: null, RPC Address: localhost:0 and Ratis port: 9872
2019-06-13 21:34:31,730 WARN  scm.ScmUtils (ScmUtils.java:getDBPath(63)) - ozone.om.db.dirs is not configured. We recommend adding this setting. Falling back to ozone.metadata.dirs instead.
2019-06-13 21:34:31,735 INFO  db.DBStoreBuilder (DBStoreBuilder.java:addTable(110)) - using custom profile for table: userTable
2019-06-13 21:34:31,735 INFO  db.DBStoreBuilder (DBStoreBuilder.java:processTables(161)) - Using default column profile:DBProfile.DISK for Table:userTable
2019-06-13 21:34:31,735 INFO  db.DBStoreBuilder (DBStoreBuilder.java:addTable(110)) - using custom profile for table: volumeTable
2019-06-13 21:34:31,735 INFO  db.DBStoreBuilder (DBStoreBuilder.java:processTables(161)) - Using default column profile:DBProfile.DISK for Table:volumeTable
2019-06-13 21:34:31,736 INFO  db.DBStoreBuilder (DBStoreBuilder.java:addTable(110)) - using custom profile for table: bucketTable
2019-06-13 21:34:31,736 INFO  db.DBStoreBuilder (DBStoreBuilder.java:processTables(161)) - Using default column profile:DBProfile.DISK for Table:bucketTable
2019-06-13 21:34:31,736 INFO  db.DBStoreBuilder (DBStoreBuilder.java:addTable(110)) - using custom profile for table: keyTable
2019-06-13 21:34:31,736 INFO  db.DBStoreBuilder (DBStoreBuilder.java:processTables(161)) - Using default column profile:DBProfile.DISK for Table:keyTable
2019-06-13 21:34:31,737 INFO  db.DBStoreBuilder (DBStoreBuilder.java:addTable(110)) - using custom profile for table: deletedTable
2019-06-13 21:34:31,737 INFO  db.DBStoreBuilder (DBStoreBuilder.java:processTables(161)) - Using default column profile:DBProfile.DISK for Table:deletedTable
2019-06-13 21:34:31,737 INFO  db.DBStoreBuilder (DBStoreBuilder.java:addTable(110)) - using custom profile for table: openKeyTable
2019-06-13 21:34:31,737 INFO  db.DBStoreBuilder (DBStoreBuilder.java:processTables(161)) - Using default column profile:DBProfile.DISK for Table:openKeyTable
2019-06-13 21:34:31,738 INFO  db.DBStoreBuilder (DBStoreBuilder.java:addTable(110)) - using custom profile for table: s3Table
2019-06-13 21:34:31,738 INFO  db.DBStoreBuilder (DBStoreBuilder.java:processTables(161)) - Using default column profile:DBProfile.DISK for Table:s3Table
2019-06-13 21:34:31,738 INFO  db.DBStoreBuilder (DBStoreBuilder.java:addTable(110)) - using custom profile for table: multipartInfoTable
2019-06-13 21:34:31,738 INFO  db.DBStoreBuilder (DBStoreBuilder.java:processTables(161)) - Using default column profile:DBProfile.DISK for Table:multipartInfoTable
2019-06-13 21:34:31,738 INFO  db.DBStoreBuilder (DBStoreBuilder.java:addTable(110)) - using custom profile for table: dTokenTable
2019-06-13 21:34:31,739 INFO  db.DBStoreBuilder (DBStoreBuilder.java:processTables(161)) - Using default column profile:DBProfile.DISK for Table:dTokenTable
2019-06-13 21:34:31,739 INFO  db.DBStoreBuilder (DBStoreBuilder.java:addTable(110)) - using custom profile for table: s3SecretTable
2019-06-13 21:34:31,739 INFO  db.DBStoreBuilder (DBStoreBuilder.java:processTables(161)) - Using default column profile:DBProfile.DISK for Table:s3SecretTable
2019-06-13 21:34:31,739 INFO  db.DBStoreBuilder (DBStoreBuilder.java:addTable(110)) - using custom profile for table: prefixTable
2019-06-13 21:34:31,740 INFO  db.DBStoreBuilder (DBStoreBuilder.java:processTables(161)) - Using default column profile:DBProfile.DISK for Table:prefixTable
2019-06-13 21:34:31,740 INFO  db.DBStoreBuilder (DBStoreBuilder.java:addTable(110)) - using custom profile for table: default
2019-06-13 21:34:31,740 INFO  db.DBStoreBuilder (DBStoreBuilder.java:processTables(167)) - Using default column profile:DBProfile.DISK for Table:default
2019-06-13 21:34:31,740 INFO  db.DBStoreBuilder (DBStoreBuilder.java:getDbProfile(198)) - Using default options. DBProfile.DISK
2019-06-13 21:34:32,170 INFO  ipc.CallQueueManager (CallQueueManager.java:<init>(84)) - Using callQueue: class java.util.concurrent.LinkedBlockingQueue, queueCapacity: 2000, scheduler: class org.apache.hadoop.ipc.DefaultRpcScheduler, ipcBackoff: false.
2019-06-13 21:34:32,171 INFO  ipc.Server (Server.java:run(1074)) - Starting Socket Reader #1 for port 41371
2019-06-13 21:34:32,193 WARN  scm.ScmUtils (ScmUtils.java:getDBPath(63)) - ozone.om.db.dirs is not configured. We recommend adding this setting. Falling back to ozone.metadata.dirs instead.
2019-06-13 21:34:32,194 INFO  om.OzoneManager (OzoneManager.java:start(1217)) - OzoneManager RPC server is listening at localhost/127.0.0.1:41371
2019-06-13 21:34:32,194 INFO  impl.MetricsSystemImpl (MetricsSystemImpl.java:init(158)) - OzoneManager metrics system started (again)
2019-06-13 21:34:32,195 INFO  ipc.Server (Server.java:run(1314)) - IPC Server Responder: starting
2019-06-13 21:34:32,198 INFO  ipc.Server (Server.java:run(1153)) - IPC Server listener on 41371: starting
2019-06-13 21:34:32,204 INFO  hdfs.DFSUtil (DFSUtil.java:httpServerTemplateForNNAndJN(1641)) - Starting Web-server for ozoneManager at: http://0.0.0.0:0
2019-06-13 21:34:32,205 INFO  server.AuthenticationFilter (AuthenticationFilter.java:constructSecretProvider(240)) - Unable to initialize FileSignerSecretProvider, falling back to use random secrets.
2019-06-13 21:34:32,210 WARN  http.HttpRequestLog (HttpRequestLog.java:getRequestLog(97)) - Jetty request log can only be enabled using Log4j
2019-06-13 21:34:32,212 INFO  http.HttpServer2 (HttpServer2.java:addGlobalFilter(975)) - Added global filter 'safety' (class=org.apache.hadoop.http.HttpServer2$QuotingInputFilter)
2019-06-13 21:34:32,213 INFO  http.HttpServer2 (HttpServer2.java:addFilter(948)) - Added filter static_user_filter (class=org.apache.hadoop.http.lib.StaticUserWebFilter$StaticUserFilter) to context ozoneManager
2019-06-13 21:34:32,213 INFO  http.HttpServer2 (HttpServer2.java:addFilter(958)) - Added filter static_user_filter (class=org.apache.hadoop.http.lib.StaticUserWebFilter$StaticUserFilter) to context static
2019-06-13 21:34:32,213 INFO  http.HttpServer2 (HttpServer2.java:addFilter(958)) - Added filter static_user_filter (class=org.apache.hadoop.http.lib.StaticUserWebFilter$StaticUserFilter) to context logs
2019-06-13 21:34:32,215 INFO  http.HttpServer2 (HttpServer2.java:bindListener(1191)) - Jetty bound to port 42819
2019-06-13 21:34:32,215 INFO  server.Server (Server.java:doStart(351)) - jetty-9.3.24.v20180605, build timestamp: 2018-06-05T17:11:56Z, git hash: 84205aa28f11a4f31f2a3b86d1bba2cc8ab69827
2019-06-13 21:34:32,219 INFO  handler.ContextHandler (ContextHandler.java:doStart(781)) - Started o.e.j.s.ServletContextHandler@bcb09a6{/logs,file:///opt/src/hadoop-ozone/integration-test/target/log,AVAILABLE}
2019-06-13 21:34:32,219 INFO  handler.ContextHandler (ContextHandler.java:doStart(781)) - Started o.e.j.s.ServletContextHandler@a619c2{/static,file:///opt/src/hadoop-ozone/integration-test/target/test-classes/webapps/static,AVAILABLE}
2019-06-13 21:34:32,223 INFO  handler.ContextHandler (ContextHandler.java:doStart(781)) - Started o.e.j.w.WebAppContext@c9d82f9{/,file:///opt/src/hadoop-ozone/integration-test/target/test-classes/webapps/ozoneManager/,AVAILABLE}{/ozoneManager}
2019-06-13 21:34:32,224 INFO  server.AbstractConnector (AbstractConnector.java:doStart(278)) - Started ServerConnector@6f012914{HTTP/1.1,[http/1.1]}{0.0.0.0:42819}
2019-06-13 21:34:32,224 INFO  server.Server (Server.java:doStart(419)) - Started @2567ms
2019-06-13 21:34:32,225 INFO  server.BaseHttpServer (BaseHttpServer.java:updateConnectorAddress(207)) - HTTP server of OZONEMANAGER is listening at http://0.0.0.0:42819
2019-06-13 21:34:32,340 INFO  impl.MetricsSystemImpl (MetricsSystemImpl.java:init(158)) - HddsDatanode metrics system started (again)
2019-06-13 21:34:32,479 INFO  ozone.HddsDatanodeService (HddsDatanodeService.java:start(185)) - HddsDatanodeService host:ozone-d4wqq-1121427898 ip:192.168.11.218
2019-06-13 21:34:32,501 INFO  volume.HddsVolume (HddsVolume.java:<init>(176)) - Creating Volume: /opt/src/hadoop-ozone/integration-test/target/test-dir/MiniOzoneClusterImpl-bd1d32be-c8fc-439f-9e0f-b9740ee9306b/datanode-0/data/containers/hdds of  storage type : DISK and capacity : 104021790720
2019-06-13 21:34:32,503 INFO  volume.VolumeSet (VolumeSet.java:initializeVolumeSet(170)) - Added Volume : /opt/src/hadoop-ozone/integration-test/target/test-dir/MiniOzoneClusterImpl-bd1d32be-c8fc-439f-9e0f-b9740ee9306b/datanode-0/data/containers/hdds to VolumeSet
2019-06-13 21:34:32,506 INFO  volume.ThrottledAsyncChecker (ThrottledAsyncChecker.java:schedule(140)) - Scheduling a check for org.apache.hadoop.ozone.container.common.volume.HddsVolume@6fd1660
2019-06-13 21:34:32,523 INFO  volume.HddsVolumeChecker (HddsVolumeChecker.java:checkAllVolumes(203)) - Scheduled health check for volume org.apache.hadoop.ozone.container.common.volume.HddsVolume@6fd1660
2019-06-13 21:34:32,563 INFO  ratis.XceiverServerRatis (XceiverServerRatis.java:newXceiverServerRatis(401)) - Found a free port for the server : 37451
2019-06-13 21:34:32,613 INFO  impl.RaftServerProxy (ConfUtils.java:logGet(43)) - raft.rpc.type = GRPC (default)
2019-06-13 21:34:32,623 INFO  grpc.GrpcConfigKeys$Server (ConfUtils.java:logGet(43)) - raft.grpc.server.port = 37451 (custom)
2019-06-13 21:34:32,624 INFO  server.GrpcService (ConfUtils.java:logGet(43)) - raft.grpc.message.size.max = 33570816 (custom)
2019-06-13 21:34:32,626 INFO  server.RaftServerConfigKeys (ConfUtils.java:logGet(43)) - raft.server.log.appender.buffer.byte-limit = 33554432 (custom)
2019-06-13 21:34:32,627 INFO  server.GrpcService (ConfUtils.java:logGet(43)) - raft.grpc.flow.control.window = 1MB (=1048576) (default)
2019-06-13 21:34:32,627 INFO  server.RaftServerConfigKeys (ConfUtils.java:logGet(43)) - raft.server.rpc.request.timeout = 3000ms (default)
2019-06-13 21:34:32,738 INFO  server.RaftServerConfigKeys (ConfUtils.java:logGet(43)) - raft.server.storage.dir = [/opt/src/hadoop-ozone/integration-test/target/test-dir/MiniOzoneClusterImpl-bd1d32be-c8fc-439f-9e0f-b9740ee9306b/datanode-0/data/ratis] (custom)
2019-06-13 21:34:32,745 INFO  server.XceiverServerGrpc (XceiverServerGrpc.java:<init>(97)) - Found a free port for the server : 40151
2019-06-13 21:34:32,776 INFO  replication.SimpleContainerDownloader (SimpleContainerDownloader.java:<init>(72)) - Starting container downloader service to copy containers to replicate.
2019-06-13 21:34:32,785 INFO  hdfs.DFSUtil (DFSUtil.java:httpServerTemplateForNNAndJN(1641)) - Starting Web-server for hddsDatanode at: http://0.0.0.0:0
2019-06-13 21:34:32,786 INFO  server.AuthenticationFilter (AuthenticationFilter.java:constructSecretProvider(240)) - Unable to initialize FileSignerSecretProvider, falling back to use random secrets.
2019-06-13 21:34:32,786 WARN  http.HttpRequestLog (HttpRequestLog.java:getRequestLog(97)) - Jetty request log can only be enabled using Log4j
2019-06-13 21:34:32,788 INFO  http.HttpServer2 (HttpServer2.java:addGlobalFilter(975)) - Added global filter 'safety' (class=org.apache.hadoop.http.HttpServer2$QuotingInputFilter)
2019-06-13 21:34:32,788 INFO  http.HttpServer2 (HttpServer2.java:addFilter(948)) - Added filter static_user_filter (class=org.apache.hadoop.http.lib.StaticUserWebFilter$StaticUserFilter) to context hddsDatanode
2019-06-13 21:34:32,788 INFO  http.HttpServer2 (HttpServer2.java:addFilter(958)) - Added filter static_user_filter (class=org.apache.hadoop.http.lib.StaticUserWebFilter$StaticUserFilter) to context logs
2019-06-13 21:34:32,789 INFO  http.HttpServer2 (HttpServer2.java:addFilter(958)) - Added filter static_user_filter (class=org.apache.hadoop.http.lib.StaticUserWebFilter$StaticUserFilter) to context static
2019-06-13 21:34:32,789 INFO  http.HttpServer2 (HttpServer2.java:bindListener(1191)) - Jetty bound to port 33723
2019-06-13 21:34:32,789 INFO  server.Server (Server.java:doStart(351)) - jetty-9.3.24.v20180605, build timestamp: 2018-06-05T17:11:56Z, git hash: 84205aa28f11a4f31f2a3b86d1bba2cc8ab69827
2019-06-13 21:34:32,791 INFO  handler.ContextHandler (ContextHandler.java:doStart(781)) - Started o.e.j.s.ServletContextHandler@6438a7fe{/logs,file:///opt/src/hadoop-ozone/integration-test/target/log,AVAILABLE}
2019-06-13 21:34:32,791 INFO  handler.ContextHandler (ContextHandler.java:doStart(781)) - Started o.e.j.s.ServletContextHandler@4f5f6e45{/static,jar:file:/root/.m2/repository/org/apache/hadoop/hadoop-hdds-container-service/0.5.0-SNAPSHOT/hadoop-hdds-container-service-0.5.0-SNAPSHOT.jar!/webapps/static,AVAILABLE}
2019-06-13 21:34:32,816 INFO  handler.ContextHandler (ContextHandler.java:doStart(781)) - Started o.e.j.w.WebAppContext@36c0d0bd{/,file:///tmp/jetty-0.0.0.0-33723-hddsDatanode-_-any-4892003166069703808.dir/webapp/,AVAILABLE}{/hddsDatanode}
2019-06-13 21:34:32,816 INFO  server.AbstractConnector (AbstractConnector.java:doStart(278)) - Started ServerConnector@5e1fc2aa{HTTP/1.1,[http/1.1]}{0.0.0.0:33723}
2019-06-13 21:34:32,817 INFO  server.Server (Server.java:doStart(419)) - Started @3160ms
2019-06-13 21:34:32,817 INFO  server.BaseHttpServer (BaseHttpServer.java:updateConnectorAddress(207)) - HTTP server of HDDSDATANODE is listening at http://0.0.0.0:33723
2019-06-13 21:34:33,602 INFO  ozone.HddsDatanodeService (HddsDatanodeService.java:startPlugins(396)) - Started plug-in org.apache.hadoop.ozone.web.OzoneHddsDatanodeService@1f992a3a
2019-06-13 21:34:33,603 INFO  impl.MetricsSystemImpl (MetricsSystemImpl.java:init(158)) - HddsDatanode metrics system started (again)
2019-06-13 21:34:33,603 INFO  ozone.HddsDatanodeService (HddsDatanodeService.java:start(185)) - HddsDatanodeService host:ozone-d4wqq-1121427898 ip:192.168.11.218
2019-06-13 21:34:33,613 INFO  util.JvmPauseMonitor (JvmPauseMonitor.java:run(188)) - Starting JVM pause monitor
2019-06-13 21:34:33,614 INFO  volume.HddsVolume (HddsVolume.java:<init>(176)) - Creating Volume: /opt/src/hadoop-ozone/integration-test/target/test-dir/MiniOzoneClusterImpl-bd1d32be-c8fc-439f-9e0f-b9740ee9306b/datanode-1/data/containers/hdds of  storage type : DISK and capacity : 104021790720
2019-06-13 21:34:33,615 INFO  volume.VolumeSet (VolumeSet.java:initializeVolumeSet(170)) - Added Volume : /opt/src/hadoop-ozone/integration-test/target/test-dir/MiniOzoneClusterImpl-bd1d32be-c8fc-439f-9e0f-b9740ee9306b/datanode-1/data/containers/hdds to VolumeSet
2019-06-13 21:34:33,615 INFO  volume.ThrottledAsyncChecker (ThrottledAsyncChecker.java:schedule(140)) - Scheduling a check for org.apache.hadoop.ozone.container.common.volume.HddsVolume@78a8978a
2019-06-13 21:34:33,625 INFO  volume.HddsVolumeChecker (HddsVolumeChecker.java:checkAllVolumes(203)) - Scheduled health check for volume org.apache.hadoop.ozone.container.common.volume.HddsVolume@78a8978a
2019-06-13 21:34:33,641 INFO  ratis.XceiverServerRatis (XceiverServerRatis.java:newXceiverServerRatis(401)) - Found a free port for the server : 33429
2019-06-13 21:34:33,642 INFO  impl.RaftServerProxy (ConfUtils.java:logGet(43)) - raft.rpc.type = GRPC (default)
2019-06-13 21:34:33,643 INFO  grpc.GrpcConfigKeys$Server (ConfUtils.java:logGet(43)) - raft.grpc.server.port = 33429 (custom)
2019-06-13 21:34:33,643 INFO  server.GrpcService (ConfUtils.java:logGet(43)) - raft.grpc.message.size.max = 33570816 (custom)
2019-06-13 21:34:33,643 INFO  server.RaftServerConfigKeys (ConfUtils.java:logGet(43)) - raft.server.log.appender.buffer.byte-limit = 33554432 (custom)
2019-06-13 21:34:33,643 INFO  server.GrpcService (ConfUtils.java:logGet(43)) - raft.grpc.flow.control.window = 1MB (=1048576) (default)
2019-06-13 21:34:33,644 INFO  server.RaftServerConfigKeys (ConfUtils.java:logGet(43)) - raft.server.rpc.request.timeout = 3000ms (default)
2019-06-13 21:34:33,644 INFO  server.RaftServerConfigKeys (ConfUtils.java:logGet(43)) - raft.server.storage.dir = [/opt/src/hadoop-ozone/integration-test/target/test-dir/MiniOzoneClusterImpl-bd1d32be-c8fc-439f-9e0f-b9740ee9306b/datanode-1/data/ratis] (custom)
2019-06-13 21:34:33,645 INFO  server.XceiverServerGrpc (XceiverServerGrpc.java:<init>(97)) - Found a free port for the server : 43873
2019-06-13 21:34:33,645 INFO  replication.SimpleContainerDownloader (SimpleContainerDownloader.java:<init>(72)) - Starting container downloader service to copy containers to replicate.
2019-06-13 21:34:33,646 INFO  hdfs.DFSUtil (DFSUtil.java:httpServerTemplateForNNAndJN(1641)) - Starting Web-server for hddsDatanode at: http://0.0.0.0:0
2019-06-13 21:34:33,648 INFO  server.AuthenticationFilter (AuthenticationFilter.java:constructSecretProvider(240)) - Unable to initialize FileSignerSecretProvider, falling back to use random secrets.
2019-06-13 21:34:33,652 WARN  http.HttpRequestLog (HttpRequestLog.java:getRequestLog(97)) - Jetty request log can only be enabled using Log4j
2019-06-13 21:34:33,653 INFO  http.HttpServer2 (HttpServer2.java:addGlobalFilter(975)) - Added global filter 'safety' (class=org.apache.hadoop.http.HttpServer2$QuotingInputFilter)
2019-06-13 21:34:33,654 INFO  http.HttpServer2 (HttpServer2.java:addFilter(948)) - Added filter static_user_filter (class=org.apache.hadoop.http.lib.StaticUserWebFilter$StaticUserFilter) to context hddsDatanode
2019-06-13 21:34:33,654 INFO  http.HttpServer2 (HttpServer2.java:addFilter(958)) - Added filter static_user_filter (class=org.apache.hadoop.http.lib.StaticUserWebFilter$StaticUserFilter) to context logs
2019-06-13 21:34:33,654 INFO  http.HttpServer2 (HttpServer2.java:addFilter(958)) - Added filter static_user_filter (class=org.apache.hadoop.http.lib.StaticUserWebFilter$StaticUserFilter) to context static
2019-06-13 21:34:33,655 INFO  http.HttpServer2 (HttpServer2.java:bindListener(1191)) - Jetty bound to port 42401
2019-06-13 21:34:33,655 INFO  server.Server (Server.java:doStart(351)) - jetty-9.3.24.v20180605, build timestamp: 2018-06-05T17:11:56Z, git hash: 84205aa28f11a4f31f2a3b86d1bba2cc8ab69827
2019-06-13 21:34:33,668 INFO  handler.ContextHandler (ContextHandler.java:doStart(781)) - Started o.e.j.s.ServletContextHandler@2574a9e3{/logs,file:///opt/src/hadoop-ozone/integration-test/target/log,AVAILABLE}
2019-06-13 21:34:33,668 INFO  handler.ContextHandler (ContextHandler.java:doStart(781)) - Started o.e.j.s.ServletContextHandler@422ab737{/static,jar:file:/root/.m2/repository/org/apache/hadoop/hadoop-hdds-container-service/0.5.0-SNAPSHOT/hadoop-hdds-container-service-0.5.0-SNAPSHOT.jar!/webapps/static,AVAILABLE}
2019-06-13 21:34:33,693 INFO  datanode.InitDatanodeState (InitDatanodeState.java:persistContainerDatanodeDetails(140)) - DatanodeDetails is persisted to /opt/src/hadoop-ozone/integration-test/target/test-dir/MiniOzoneClusterImpl-bd1d32be-c8fc-439f-9e0f-b9740ee9306b/datanode-0/meta/datanode.id
2019-06-13 21:34:33,697 INFO  handler.ContextHandler (ContextHandler.java:doStart(781)) - Started o.e.j.w.WebAppContext@78da899f{/,file:///tmp/jetty-0.0.0.0-42401-hddsDatanode-_-any-8436273693213757940.dir/webapp/,AVAILABLE}{/hddsDatanode}
2019-06-13 21:34:33,698 INFO  server.AbstractConnector (AbstractConnector.java:doStart(278)) - Started ServerConnector@e7b265e{HTTP/1.1,[http/1.1]}{0.0.0.0:42401}
2019-06-13 21:34:33,698 INFO  server.Server (Server.java:doStart(419)) - Started @4041ms
2019-06-13 21:34:33,699 INFO  server.BaseHttpServer (BaseHttpServer.java:updateConnectorAddress(207)) - HTTP server of HDDSDATANODE is listening at http://0.0.0.0:42401
2019-06-13 21:34:33,794 INFO  ozone.HddsDatanodeService (HddsDatanodeService.java:startPlugins(396)) - Started plug-in org.apache.hadoop.ozone.web.OzoneHddsDatanodeService@63fd4dda
2019-06-13 21:34:33,794 INFO  impl.MetricsSystemImpl (MetricsSystemImpl.java:init(158)) - HddsDatanode metrics system started (again)
2019-06-13 21:34:33,795 INFO  ozone.HddsDatanodeService (HddsDatanodeService.java:start(185)) - HddsDatanodeService host:ozone-d4wqq-1121427898 ip:192.168.11.218
2019-06-13 21:34:33,799 INFO  util.JvmPauseMonitor (JvmPauseMonitor.java:run(188)) - Starting JVM pause monitor
2019-06-13 21:34:33,800 INFO  datanode.InitDatanodeState (InitDatanodeState.java:persistContainerDatanodeDetails(140)) - DatanodeDetails is persisted to /opt/src/hadoop-ozone/integration-test/target/test-dir/MiniOzoneClusterImpl-bd1d32be-c8fc-439f-9e0f-b9740ee9306b/datanode-1/meta/datanode.id
2019-06-13 21:34:33,803 INFO  volume.HddsVolume (HddsVolume.java:<init>(176)) - Creating Volume: /opt/src/hadoop-ozone/integration-test/target/test-dir/MiniOzoneClusterImpl-bd1d32be-c8fc-439f-9e0f-b9740ee9306b/datanode-2/data/containers/hdds of  storage type : DISK and capacity : 104021790720
2019-06-13 21:34:33,804 INFO  volume.VolumeSet (VolumeSet.java:initializeVolumeSet(170)) - Added Volume : /opt/src/hadoop-ozone/integration-test/target/test-dir/MiniOzoneClusterImpl-bd1d32be-c8fc-439f-9e0f-b9740ee9306b/datanode-2/data/containers/hdds to VolumeSet
2019-06-13 21:34:33,805 INFO  volume.ThrottledAsyncChecker (ThrottledAsyncChecker.java:schedule(140)) - Scheduling a check for org.apache.hadoop.ozone.container.common.volume.HddsVolume@4b56b031
2019-06-13 21:34:33,807 INFO  volume.HddsVolumeChecker (HddsVolumeChecker.java:checkAllVolumes(203)) - Scheduled health check for volume org.apache.hadoop.ozone.container.common.volume.HddsVolume@4b56b031
2019-06-13 21:34:33,818 INFO  ratis.XceiverServerRatis (XceiverServerRatis.java:newXceiverServerRatis(401)) - Found a free port for the server : 38411
2019-06-13 21:34:33,819 INFO  impl.RaftServerProxy (ConfUtils.java:logGet(43)) - raft.rpc.type = GRPC (default)
2019-06-13 21:34:33,819 INFO  grpc.GrpcConfigKeys$Server (ConfUtils.java:logGet(43)) - raft.grpc.server.port = 38411 (custom)
2019-06-13 21:34:33,819 INFO  server.GrpcService (ConfUtils.java:logGet(43)) - raft.grpc.message.size.max = 33570816 (custom)
2019-06-13 21:34:33,820 INFO  server.RaftServerConfigKeys (ConfUtils.java:logGet(43)) - raft.server.log.appender.buffer.byte-limit = 33554432 (custom)
2019-06-13 21:34:33,820 INFO  server.GrpcService (ConfUtils.java:logGet(43)) - raft.grpc.flow.control.window = 1MB (=1048576) (default)
2019-06-13 21:34:33,820 INFO  server.RaftServerConfigKeys (ConfUtils.java:logGet(43)) - raft.server.rpc.request.timeout = 3000ms (default)
2019-06-13 21:34:33,821 INFO  server.RaftServerConfigKeys (ConfUtils.java:logGet(43)) - raft.server.storage.dir = [/opt/src/hadoop-ozone/integration-test/target/test-dir/MiniOzoneClusterImpl-bd1d32be-c8fc-439f-9e0f-b9740ee9306b/datanode-2/data/ratis] (custom)
2019-06-13 21:34:33,821 INFO  server.XceiverServerGrpc (XceiverServerGrpc.java:<init>(97)) - Found a free port for the server : 40349
2019-06-13 21:34:33,822 INFO  replication.SimpleContainerDownloader (SimpleContainerDownloader.java:<init>(72)) - Starting container downloader service to copy containers to replicate.
2019-06-13 21:34:33,823 INFO  hdfs.DFSUtil (DFSUtil.java:httpServerTemplateForNNAndJN(1641)) - Starting Web-server for hddsDatanode at: http://0.0.0.0:0
2019-06-13 21:34:33,824 INFO  server.AuthenticationFilter (AuthenticationFilter.java:constructSecretProvider(240)) - Unable to initialize FileSignerSecretProvider, falling back to use random secrets.
2019-06-13 21:34:33,824 WARN  http.HttpRequestLog (HttpRequestLog.java:getRequestLog(97)) - Jetty request log can only be enabled using Log4j
2019-06-13 21:34:33,826 INFO  http.HttpServer2 (HttpServer2.java:addGlobalFilter(975)) - Added global filter 'safety' (class=org.apache.hadoop.http.HttpServer2$QuotingInputFilter)
2019-06-13 21:34:33,826 INFO  http.HttpServer2 (HttpServer2.java:addFilter(948)) - Added filter static_user_filter (class=org.apache.hadoop.http.lib.StaticUserWebFilter$StaticUserFilter) to context hddsDatanode
2019-06-13 21:34:33,826 INFO  http.HttpServer2 (HttpServer2.java:addFilter(958)) - Added filter static_user_filter (class=org.apache.hadoop.http.lib.StaticUserWebFilter$StaticUserFilter) to context logs
2019-06-13 21:34:33,826 INFO  http.HttpServer2 (HttpServer2.java:addFilter(958)) - Added filter static_user_filter (class=org.apache.hadoop.http.lib.StaticUserWebFilter$StaticUserFilter) to context static
2019-06-13 21:34:33,827 INFO  http.HttpServer2 (HttpServer2.java:bindListener(1191)) - Jetty bound to port 41741
2019-06-13 21:34:33,827 INFO  server.Server (Server.java:doStart(351)) - jetty-9.3.24.v20180605, build timestamp: 2018-06-05T17:11:56Z, git hash: 84205aa28f11a4f31f2a3b86d1bba2cc8ab69827
2019-06-13 21:34:33,832 INFO  handler.ContextHandler (ContextHandler.java:doStart(781)) - Started o.e.j.s.ServletContextHandler@2443abd6{/logs,file:///opt/src/hadoop-ozone/integration-test/target/log,AVAILABLE}
2019-06-13 21:34:33,832 INFO  handler.ContextHandler (ContextHandler.java:doStart(781)) - Started o.e.j.s.ServletContextHandler@bd3eff4{/static,jar:file:/root/.m2/repository/org/apache/hadoop/hadoop-hdds-container-service/0.5.0-SNAPSHOT/hadoop-hdds-container-service-0.5.0-SNAPSHOT.jar!/webapps/static,AVAILABLE}
2019-06-13 21:34:33,861 INFO  handler.ContextHandler (ContextHandler.java:doStart(781)) - Started o.e.j.w.WebAppContext@4e80a001{/,file:///tmp/jetty-0.0.0.0-41741-hddsDatanode-_-any-8783441211285626499.dir/webapp/,AVAILABLE}{/hddsDatanode}
2019-06-13 21:34:33,862 INFO  server.AbstractConnector (AbstractConnector.java:doStart(278)) - Started ServerConnector@624b523{HTTP/1.1,[http/1.1]}{0.0.0.0:41741}
2019-06-13 21:34:33,863 INFO  server.Server (Server.java:doStart(419)) - Started @4206ms
2019-06-13 21:34:33,864 INFO  server.BaseHttpServer (BaseHttpServer.java:updateConnectorAddress(207)) - HTTP server of HDDSDATANODE is listening at http://0.0.0.0:41741
2019-06-13 21:34:34,022 INFO  ozone.HddsDatanodeService (HddsDatanodeService.java:startPlugins(396)) - Started plug-in org.apache.hadoop.ozone.web.OzoneHddsDatanodeService@11c78080
2019-06-13 21:34:34,023 INFO  impl.MetricsSystemImpl (MetricsSystemImpl.java:init(158)) - HddsDatanode metrics system started (again)
2019-06-13 21:34:34,023 INFO  ozone.HddsDatanodeService (HddsDatanodeService.java:start(185)) - HddsDatanodeService host:ozone-d4wqq-1121427898 ip:192.168.11.218
2019-06-13 21:34:34,027 INFO  util.JvmPauseMonitor (JvmPauseMonitor.java:run(188)) - Starting JVM pause monitor
2019-06-13 21:34:34,028 INFO  datanode.InitDatanodeState (InitDatanodeState.java:persistContainerDatanodeDetails(140)) - DatanodeDetails is persisted to /opt/src/hadoop-ozone/integration-test/target/test-dir/MiniOzoneClusterImpl-bd1d32be-c8fc-439f-9e0f-b9740ee9306b/datanode-2/meta/datanode.id
2019-06-13 21:34:34,033 INFO  volume.HddsVolume (HddsVolume.java:<init>(176)) - Creating Volume: /opt/src/hadoop-ozone/integration-test/target/test-dir/MiniOzoneClusterImpl-bd1d32be-c8fc-439f-9e0f-b9740ee9306b/datanode-3/data/containers/hdds of  storage type : DISK and capacity : 104021790720
2019-06-13 21:34:34,034 INFO  volume.VolumeSet (VolumeSet.java:initializeVolumeSet(170)) - Added Volume : /opt/src/hadoop-ozone/integration-test/target/test-dir/MiniOzoneClusterImpl-bd1d32be-c8fc-439f-9e0f-b9740ee9306b/datanode-3/data/containers/hdds to VolumeSet
2019-06-13 21:34:34,034 INFO  volume.ThrottledAsyncChecker (ThrottledAsyncChecker.java:schedule(140)) - Scheduling a check for org.apache.hadoop.ozone.container.common.volume.HddsVolume@7c11d32
2019-06-13 21:34:34,035 INFO  volume.HddsVolumeChecker (HddsVolumeChecker.java:checkAllVolumes(203)) - Scheduled health check for volume org.apache.hadoop.ozone.container.common.volume.HddsVolume@7c11d32
2019-06-13 21:34:34,051 INFO  ratis.XceiverServerRatis (XceiverServerRatis.java:newXceiverServerRatis(401)) - Found a free port for the server : 38935
2019-06-13 21:34:34,052 INFO  impl.RaftServerProxy (ConfUtils.java:logGet(43)) - raft.rpc.type = GRPC (default)
2019-06-13 21:34:34,052 INFO  grpc.GrpcConfigKeys$Server (ConfUtils.java:logGet(43)) - raft.grpc.server.port = 38935 (custom)
2019-06-13 21:34:34,053 INFO  server.GrpcService (ConfUtils.java:logGet(43)) - raft.grpc.message.size.max = 33570816 (custom)
2019-06-13 21:34:34,053 INFO  server.RaftServerConfigKeys (ConfUtils.java:logGet(43)) - raft.server.log.appender.buffer.byte-limit = 33554432 (custom)
2019-06-13 21:34:34,053 INFO  server.GrpcService (ConfUtils.java:logGet(43)) - raft.grpc.flow.control.window = 1MB (=1048576) (default)
2019-06-13 21:34:34,053 INFO  server.RaftServerConfigKeys (ConfUtils.java:logGet(43)) - raft.server.rpc.request.timeout = 3000ms (default)
2019-06-13 21:34:34,054 INFO  server.RaftServerConfigKeys (ConfUtils.java:logGet(43)) - raft.server.storage.dir = [/opt/src/hadoop-ozone/integration-test/target/test-dir/MiniOzoneClusterImpl-bd1d32be-c8fc-439f-9e0f-b9740ee9306b/datanode-3/data/ratis] (custom)
2019-06-13 21:34:34,054 INFO  server.XceiverServerGrpc (XceiverServerGrpc.java:<init>(97)) - Found a free port for the server : 44979
2019-06-13 21:34:34,055 INFO  replication.SimpleContainerDownloader (SimpleContainerDownloader.java:<init>(72)) - Starting container downloader service to copy containers to replicate.
2019-06-13 21:34:34,056 INFO  hdfs.DFSUtil (DFSUtil.java:httpServerTemplateForNNAndJN(1641)) - Starting Web-server for hddsDatanode at: http://0.0.0.0:0
2019-06-13 21:34:34,057 INFO  server.AuthenticationFilter (AuthenticationFilter.java:constructSecretProvider(240)) - Unable to initialize FileSignerSecretProvider, falling back to use random secrets.
2019-06-13 21:34:34,057 WARN  http.HttpRequestLog (HttpRequestLog.java:getRequestLog(97)) - Jetty request log can only be enabled using Log4j
2019-06-13 21:34:34,059 INFO  http.HttpServer2 (HttpServer2.java:addGlobalFilter(975)) - Added global filter 'safety' (class=org.apache.hadoop.http.HttpServer2$QuotingInputFilter)
2019-06-13 21:34:34,059 INFO  http.HttpServer2 (HttpServer2.java:addFilter(948)) - Added filter static_user_filter (class=org.apache.hadoop.http.lib.StaticUserWebFilter$StaticUserFilter) to context hddsDatanode
2019-06-13 21:34:34,059 INFO  http.HttpServer2 (HttpServer2.java:addFilter(958)) - Added filter static_user_filter (class=org.apache.hadoop.http.lib.StaticUserWebFilter$StaticUserFilter) to context logs
2019-06-13 21:34:34,060 INFO  http.HttpServer2 (HttpServer2.java:addFilter(958)) - Added filter static_user_filter (class=org.apache.hadoop.http.lib.StaticUserWebFilter$StaticUserFilter) to context static
2019-06-13 21:34:34,060 INFO  http.HttpServer2 (HttpServer2.java:bindListener(1191)) - Jetty bound to port 44745
2019-06-13 21:34:34,060 INFO  server.Server (Server.java:doStart(351)) - jetty-9.3.24.v20180605, build timestamp: 2018-06-05T17:11:56Z, git hash: 84205aa28f11a4f31f2a3b86d1bba2cc8ab69827
2019-06-13 21:34:34,063 INFO  handler.ContextHandler (ContextHandler.java:doStart(781)) - Started o.e.j.s.ServletContextHandler@25974207{/logs,file:///opt/src/hadoop-ozone/integration-test/target/log,AVAILABLE}
2019-06-13 21:34:34,064 INFO  handler.ContextHandler (ContextHandler.java:doStart(781)) - Started o.e.j.s.ServletContextHandler@195113de{/static,jar:file:/root/.m2/repository/org/apache/hadoop/hadoop-hdds-container-service/0.5.0-SNAPSHOT/hadoop-hdds-container-service-0.5.0-SNAPSHOT.jar!/webapps/static,AVAILABLE}
2019-06-13 21:34:34,093 INFO  handler.ContextHandler (ContextHandler.java:doStart(781)) - Started o.e.j.w.WebAppContext@74c9e11{/,file:///tmp/jetty-0.0.0.0-44745-hddsDatanode-_-any-6031681511370022185.dir/webapp/,AVAILABLE}{/hddsDatanode}
2019-06-13 21:34:34,095 INFO  server.AbstractConnector (AbstractConnector.java:doStart(278)) - Started ServerConnector@9fe720a{HTTP/1.1,[http/1.1]}{0.0.0.0:44745}
2019-06-13 21:34:34,095 INFO  server.Server (Server.java:doStart(419)) - Started @4438ms
2019-06-13 21:34:34,096 INFO  server.BaseHttpServer (BaseHttpServer.java:updateConnectorAddress(207)) - HTTP server of HDDSDATANODE is listening at http://0.0.0.0:44745
2019-06-13 21:34:34,224 INFO  ozone.HddsDatanodeService (HddsDatanodeService.java:startPlugins(396)) - Started plug-in org.apache.hadoop.ozone.web.OzoneHddsDatanodeService@76216830
2019-06-13 21:34:34,224 INFO  impl.MetricsSystemImpl (MetricsSystemImpl.java:init(158)) - HddsDatanode metrics system started (again)
2019-06-13 21:34:34,225 INFO  ozone.HddsDatanodeService (HddsDatanodeService.java:start(185)) - HddsDatanodeService host:ozone-d4wqq-1121427898 ip:192.168.11.218
2019-06-13 21:34:34,227 INFO  util.JvmPauseMonitor (JvmPauseMonitor.java:run(188)) - Starting JVM pause monitor
2019-06-13 21:34:34,229 INFO  datanode.InitDatanodeState (InitDatanodeState.java:persistContainerDatanodeDetails(140)) - DatanodeDetails is persisted to /opt/src/hadoop-ozone/integration-test/target/test-dir/MiniOzoneClusterImpl-bd1d32be-c8fc-439f-9e0f-b9740ee9306b/datanode-3/meta/datanode.id
2019-06-13 21:34:34,237 INFO  volume.HddsVolume (HddsVolume.java:<init>(176)) - Creating Volume: /opt/src/hadoop-ozone/integration-test/target/test-dir/MiniOzoneClusterImpl-bd1d32be-c8fc-439f-9e0f-b9740ee9306b/datanode-4/data/containers/hdds of  storage type : DISK and capacity : 104021790720
2019-06-13 21:34:34,237 INFO  volume.VolumeSet (VolumeSet.java:initializeVolumeSet(170)) - Added Volume : /opt/src/hadoop-ozone/integration-test/target/test-dir/MiniOzoneClusterImpl-bd1d32be-c8fc-439f-9e0f-b9740ee9306b/datanode-4/data/containers/hdds to VolumeSet
2019-06-13 21:34:34,237 INFO  volume.ThrottledAsyncChecker (ThrottledAsyncChecker.java:schedule(140)) - Scheduling a check for org.apache.hadoop.ozone.container.common.volume.HddsVolume@391d1e33
2019-06-13 21:34:34,237 INFO  volume.HddsVolumeChecker (HddsVolumeChecker.java:checkAllVolumes(203)) - Scheduled health check for volume org.apache.hadoop.ozone.container.common.volume.HddsVolume@391d1e33
2019-06-13 21:34:34,248 INFO  ratis.XceiverServerRatis (XceiverServerRatis.java:newXceiverServerRatis(401)) - Found a free port for the server : 41713
2019-06-13 21:34:34,249 INFO  impl.RaftServerProxy (ConfUtils.java:logGet(43)) - raft.rpc.type = GRPC (default)
2019-06-13 21:34:34,249 INFO  grpc.GrpcConfigKeys$Server (ConfUtils.java:logGet(43)) - raft.grpc.server.port = 41713 (custom)
2019-06-13 21:34:34,250 INFO  server.GrpcService (ConfUtils.java:logGet(43)) - raft.grpc.message.size.max = 33570816 (custom)
2019-06-13 21:34:34,250 INFO  server.RaftServerConfigKeys (ConfUtils.java:logGet(43)) - raft.server.log.appender.buffer.byte-limit = 33554432 (custom)
2019-06-13 21:34:34,250 INFO  server.GrpcService (ConfUtils.java:logGet(43)) - raft.grpc.flow.control.window = 1MB (=1048576) (default)
2019-06-13 21:34:34,250 INFO  server.RaftServerConfigKeys (ConfUtils.java:logGet(43)) - raft.server.rpc.request.timeout = 3000ms (default)
2019-06-13 21:34:34,250 INFO  server.RaftServerConfigKeys (ConfUtils.java:logGet(43)) - raft.server.storage.dir = [/opt/src/hadoop-ozone/integration-test/target/test-dir/MiniOzoneClusterImpl-bd1d32be-c8fc-439f-9e0f-b9740ee9306b/datanode-4/data/ratis] (custom)
2019-06-13 21:34:34,251 INFO  server.XceiverServerGrpc (XceiverServerGrpc.java:<init>(97)) - Found a free port for the server : 34615
2019-06-13 21:34:34,251 INFO  replication.SimpleContainerDownloader (SimpleContainerDownloader.java:<init>(72)) - Starting container downloader service to copy containers to replicate.
2019-06-13 21:34:34,252 INFO  hdfs.DFSUtil (DFSUtil.java:httpServerTemplateForNNAndJN(1641)) - Starting Web-server for hddsDatanode at: http://0.0.0.0:0
2019-06-13 21:34:34,253 INFO  server.AuthenticationFilter (AuthenticationFilter.java:constructSecretProvider(240)) - Unable to initialize FileSignerSecretProvider, falling back to use random secrets.
2019-06-13 21:34:34,253 WARN  http.HttpRequestLog (HttpRequestLog.java:getRequestLog(97)) - Jetty request log can only be enabled using Log4j
2019-06-13 21:34:34,254 INFO  http.HttpServer2 (HttpServer2.java:addGlobalFilter(975)) - Added global filter 'safety' (class=org.apache.hadoop.http.HttpServer2$QuotingInputFilter)
2019-06-13 21:34:34,255 INFO  http.HttpServer2 (HttpServer2.java:addFilter(948)) - Added filter static_user_filter (class=org.apache.hadoop.http.lib.StaticUserWebFilter$StaticUserFilter) to context hddsDatanode
2019-06-13 21:34:34,255 INFO  http.HttpServer2 (HttpServer2.java:addFilter(958)) - Added filter static_user_filter (class=org.apache.hadoop.http.lib.StaticUserWebFilter$StaticUserFilter) to context static
2019-06-13 21:34:34,255 INFO  http.HttpServer2 (HttpServer2.java:addFilter(958)) - Added filter static_user_filter (class=org.apache.hadoop.http.lib.StaticUserWebFilter$StaticUserFilter) to context logs
2019-06-13 21:34:34,256 INFO  http.HttpServer2 (HttpServer2.java:bindListener(1191)) - Jetty bound to port 46509
2019-06-13 21:34:34,256 INFO  server.Server (Server.java:doStart(351)) - jetty-9.3.24.v20180605, build timestamp: 2018-06-05T17:11:56Z, git hash: 84205aa28f11a4f31f2a3b86d1bba2cc8ab69827
2019-06-13 21:34:34,260 INFO  handler.ContextHandler (ContextHandler.java:doStart(781)) - Started o.e.j.s.ServletContextHandler@6f38f084{/logs,file:///opt/src/hadoop-ozone/integration-test/target/log,AVAILABLE}
2019-06-13 21:34:34,261 INFO  handler.ContextHandler (ContextHandler.java:doStart(781)) - Started o.e.j.s.ServletContextHandler@372f0a99{/static,jar:file:/root/.m2/repository/org/apache/hadoop/hadoop-hdds-container-service/0.5.0-SNAPSHOT/hadoop-hdds-container-service-0.5.0-SNAPSHOT.jar!/webapps/static,AVAILABLE}
2019-06-13 21:34:34,282 INFO  handler.ContextHandler (ContextHandler.java:doStart(781)) - Started o.e.j.w.WebAppContext@6b2fdffc{/,file:///tmp/jetty-0.0.0.0-46509-hddsDatanode-_-any-3095016550802541381.dir/webapp/,AVAILABLE}{/hddsDatanode}
2019-06-13 21:34:34,285 INFO  server.AbstractConnector (AbstractConnector.java:doStart(278)) - Started ServerConnector@2ca3d826{HTTP/1.1,[http/1.1]}{0.0.0.0:46509}
2019-06-13 21:34:34,286 INFO  server.Server (Server.java:doStart(419)) - Started @4629ms
2019-06-13 21:34:34,287 INFO  server.BaseHttpServer (BaseHttpServer.java:updateConnectorAddress(207)) - HTTP server of HDDSDATANODE is listening at http://0.0.0.0:46509
2019-06-13 21:34:34,387 INFO  ozone.HddsDatanodeService (HddsDatanodeService.java:startPlugins(396)) - Started plug-in org.apache.hadoop.ozone.web.OzoneHddsDatanodeService@624b3544
2019-06-13 21:34:34,388 INFO  impl.MetricsSystemImpl (MetricsSystemImpl.java:init(158)) - HddsDatanode metrics system started (again)
2019-06-13 21:34:34,388 INFO  ozone.HddsDatanodeService (HddsDatanodeService.java:start(185)) - HddsDatanodeService host:ozone-d4wqq-1121427898 ip:192.168.11.218
2019-06-13 21:34:34,395 INFO  util.JvmPauseMonitor (JvmPauseMonitor.java:run(188)) - Starting JVM pause monitor
2019-06-13 21:34:34,399 INFO  datanode.InitDatanodeState (InitDatanodeState.java:persistContainerDatanodeDetails(140)) - DatanodeDetails is persisted to /opt/src/hadoop-ozone/integration-test/target/test-dir/MiniOzoneClusterImpl-bd1d32be-c8fc-439f-9e0f-b9740ee9306b/datanode-4/meta/datanode.id
2019-06-13 21:34:34,400 INFO  volume.HddsVolume (HddsVolume.java:<init>(176)) - Creating Volume: /opt/src/hadoop-ozone/integration-test/target/test-dir/MiniOzoneClusterImpl-bd1d32be-c8fc-439f-9e0f-b9740ee9306b/datanode-5/data/containers/hdds of  storage type : DISK and capacity : 104021790720
2019-06-13 21:34:34,400 INFO  volume.VolumeSet (VolumeSet.java:initializeVolumeSet(170)) - Added Volume : /opt/src/hadoop-ozone/integration-test/target/test-dir/MiniOzoneClusterImpl-bd1d32be-c8fc-439f-9e0f-b9740ee9306b/datanode-5/data/containers/hdds to VolumeSet
2019-06-13 21:34:34,400 INFO  volume.ThrottledAsyncChecker (ThrottledAsyncChecker.java:schedule(140)) - Scheduling a check for org.apache.hadoop.ozone.container.common.volume.HddsVolume@55a0f011
2019-06-13 21:34:34,403 INFO  volume.HddsVolumeChecker (HddsVolumeChecker.java:checkAllVolumes(203)) - Scheduled health check for volume org.apache.hadoop.ozone.container.common.volume.HddsVolume@55a0f011
2019-06-13 21:34:34,412 INFO  ratis.XceiverServerRatis (XceiverServerRatis.java:newXceiverServerRatis(401)) - Found a free port for the server : 43977
2019-06-13 21:34:34,412 INFO  impl.RaftServerProxy (ConfUtils.java:logGet(43)) - raft.rpc.type = GRPC (default)
2019-06-13 21:34:34,412 INFO  grpc.GrpcConfigKeys$Server (ConfUtils.java:logGet(43)) - raft.grpc.server.port = 43977 (custom)
2019-06-13 21:34:34,413 INFO  server.GrpcService (ConfUtils.java:logGet(43)) - raft.grpc.message.size.max = 33570816 (custom)
2019-06-13 21:34:34,413 INFO  server.RaftServerConfigKeys (ConfUtils.java:logGet(43)) - raft.server.log.appender.buffer.byte-limit = 33554432 (custom)
2019-06-13 21:34:34,413 INFO  server.GrpcService (ConfUtils.java:logGet(43)) - raft.grpc.flow.control.window = 1MB (=1048576) (default)
2019-06-13 21:34:34,413 INFO  server.RaftServerConfigKeys (ConfUtils.java:logGet(43)) - raft.server.rpc.request.timeout = 3000ms (default)
2019-06-13 21:34:34,413 INFO  server.RaftServerConfigKeys (ConfUtils.java:logGet(43)) - raft.server.storage.dir = [/opt/src/hadoop-ozone/integration-test/target/test-dir/MiniOzoneClusterImpl-bd1d32be-c8fc-439f-9e0f-b9740ee9306b/datanode-5/data/ratis] (custom)
2019-06-13 21:34:34,414 INFO  server.XceiverServerGrpc (XceiverServerGrpc.java:<init>(97)) - Found a free port for the server : 42285
2019-06-13 21:34:34,414 INFO  replication.SimpleContainerDownloader (SimpleContainerDownloader.java:<init>(72)) - Starting container downloader service to copy containers to replicate.
2019-06-13 21:34:34,416 INFO  hdfs.DFSUtil (DFSUtil.java:httpServerTemplateForNNAndJN(1641)) - Starting Web-server for hddsDatanode at: http://0.0.0.0:0
2019-06-13 21:34:34,417 INFO  server.AuthenticationFilter (AuthenticationFilter.java:constructSecretProvider(240)) - Unable to initialize FileSignerSecretProvider, falling back to use random secrets.
2019-06-13 21:34:34,417 WARN  http.HttpRequestLog (HttpRequestLog.java:getRequestLog(97)) - Jetty request log can only be enabled using Log4j
2019-06-13 21:34:34,418 INFO  http.HttpServer2 (HttpServer2.java:addGlobalFilter(975)) - Added global filter 'safety' (class=org.apache.hadoop.http.HttpServer2$QuotingInputFilter)
2019-06-13 21:34:34,419 INFO  http.HttpServer2 (HttpServer2.java:addFilter(948)) - Added filter static_user_filter (class=org.apache.hadoop.http.lib.StaticUserWebFilter$StaticUserFilter) to context hddsDatanode
2019-06-13 21:34:34,419 INFO  http.HttpServer2 (HttpServer2.java:addFilter(958)) - Added filter static_user_filter (class=org.apache.hadoop.http.lib.StaticUserWebFilter$StaticUserFilter) to context logs
2019-06-13 21:34:34,419 INFO  http.HttpServer2 (HttpServer2.java:addFilter(958)) - Added filter static_user_filter (class=org.apache.hadoop.http.lib.StaticUserWebFilter$StaticUserFilter) to context static
2019-06-13 21:34:34,420 INFO  http.HttpServer2 (HttpServer2.java:bindListener(1191)) - Jetty bound to port 37183
2019-06-13 21:34:34,420 INFO  server.Server (Server.java:doStart(351)) - jetty-9.3.24.v20180605, build timestamp: 2018-06-05T17:11:56Z, git hash: 84205aa28f11a4f31f2a3b86d1bba2cc8ab69827
2019-06-13 21:34:34,433 INFO  handler.ContextHandler (ContextHandler.java:doStart(781)) - Started o.e.j.s.ServletContextHandler@23e61112{/logs,file:///opt/src/hadoop-ozone/integration-test/target/log,AVAILABLE}
2019-06-13 21:34:34,434 INFO  handler.ContextHandler (ContextHandler.java:doStart(781)) - Started o.e.j.s.ServletContextHandler@61b60600{/static,jar:file:/root/.m2/repository/org/apache/hadoop/hadoop-hdds-container-service/0.5.0-SNAPSHOT/hadoop-hdds-container-service-0.5.0-SNAPSHOT.jar!/webapps/static,AVAILABLE}
2019-06-13 21:34:34,455 INFO  handler.ContextHandler (ContextHandler.java:doStart(781)) - Started o.e.j.w.WebAppContext@245cb8df{/,file:///tmp/jetty-0.0.0.0-37183-hddsDatanode-_-any-4843802146035993193.dir/webapp/,AVAILABLE}{/hddsDatanode}
2019-06-13 21:34:34,458 INFO  server.AbstractConnector (AbstractConnector.java:doStart(278)) - Started ServerConnector@26b3c9a2{HTTP/1.1,[http/1.1]}{0.0.0.0:37183}
2019-06-13 21:34:34,458 INFO  server.Server (Server.java:doStart(419)) - Started @4802ms
2019-06-13 21:34:34,459 INFO  server.BaseHttpServer (BaseHttpServer.java:updateConnectorAddress(207)) - HTTP server of HDDSDATANODE is listening at http://0.0.0.0:37183
2019-06-13 21:34:34,591 INFO  ozone.HddsDatanodeService (HddsDatanodeService.java:startPlugins(396)) - Started plug-in org.apache.hadoop.ozone.web.OzoneHddsDatanodeService@4662752a
2019-06-13 21:34:34,592 INFO  ozone.MiniOzoneClusterImpl (MiniOzoneClusterImpl.java:lambda$waitForClusterToBeReady$0(142)) - Waiting for cluster to be ready. Got 0 of 6 DN Heartbeats.
2019-06-13 21:34:34,596 INFO  util.JvmPauseMonitor (JvmPauseMonitor.java:run(188)) - Starting JVM pause monitor
2019-06-13 21:34:34,597 INFO  datanode.InitDatanodeState (InitDatanodeState.java:persistContainerDatanodeDetails(140)) - DatanodeDetails is persisted to /opt/src/hadoop-ozone/integration-test/target/test-dir/MiniOzoneClusterImpl-bd1d32be-c8fc-439f-9e0f-b9740ee9306b/datanode-5/meta/datanode.id
2019-06-13 21:34:35,592 INFO  ozone.MiniOzoneClusterImpl (MiniOzoneClusterImpl.java:lambda$waitForClusterToBeReady$0(142)) - Waiting for cluster to be ready. Got 0 of 6 DN Heartbeats.
2019-06-13 21:34:35,640 INFO  ozoneimpl.OzoneContainer (OzoneContainer.java:start(186)) - Attempting to start container services.
2019-06-13 21:34:35,640 INFO  ozoneimpl.OzoneContainer (OzoneContainer.java:startContainerScrub(160)) - Background container scrubber has been disabled by hdds.containerscrub.enabled
2019-06-13 21:34:35,641 INFO  ratis.XceiverServerRatis (XceiverServerRatis.java:start(418)) - Starting XceiverServerRatis 04e160f5-0d30-4707-b592-de9a20b07098 at port 37451
2019-06-13 21:34:35,659 INFO  impl.RaftServerProxy (RaftServerProxy.java:lambda$start$3(299)) - 04e160f5-0d30-4707-b592-de9a20b07098: start RPC server
2019-06-13 21:34:35,804 INFO  ozoneimpl.OzoneContainer (OzoneContainer.java:start(186)) - Attempting to start container services.
2019-06-13 21:34:35,804 INFO  ozoneimpl.OzoneContainer (OzoneContainer.java:startContainerScrub(160)) - Background container scrubber has been disabled by hdds.containerscrub.enabled
2019-06-13 21:34:35,804 INFO  ratis.XceiverServerRatis (XceiverServerRatis.java:start(418)) - Starting XceiverServerRatis acfaaf4c-fd42-4ae4-8252-c76272d83cac at port 33429
2019-06-13 21:34:35,816 INFO  server.GrpcService (GrpcService.java:startImpl(148)) - 04e160f5-0d30-4707-b592-de9a20b07098: GrpcService started, listening on 0.0.0.0/0.0.0.0:37451
2019-06-13 21:34:35,825 INFO  impl.RaftServerProxy (RaftServerProxy.java:lambda$start$3(299)) - acfaaf4c-fd42-4ae4-8252-c76272d83cac: start RPC server
2019-06-13 21:34:35,828 INFO  server.GrpcService (GrpcService.java:startImpl(148)) - acfaaf4c-fd42-4ae4-8252-c76272d83cac: GrpcService started, listening on 0.0.0.0/0.0.0.0:33429
2019-06-13 21:34:36,032 INFO  ozoneimpl.OzoneContainer (OzoneContainer.java:start(186)) - Attempting to start container services.
2019-06-13 21:34:36,033 INFO  ozoneimpl.OzoneContainer (OzoneContainer.java:startContainerScrub(160)) - Background container scrubber has been disabled by hdds.containerscrub.enabled
2019-06-13 21:34:36,033 INFO  ratis.XceiverServerRatis (XceiverServerRatis.java:start(418)) - Starting XceiverServerRatis c444188c-a9c5-4fbc-a469-d358b9789c01 at port 38411
2019-06-13 21:34:36,038 INFO  impl.RaftServerProxy (RaftServerProxy.java:lambda$start$3(299)) - c444188c-a9c5-4fbc-a469-d358b9789c01: start RPC server
2019-06-13 21:34:36,040 INFO  server.GrpcService (GrpcService.java:startImpl(148)) - c444188c-a9c5-4fbc-a469-d358b9789c01: GrpcService started, listening on 0.0.0.0/0.0.0.0:38411
2019-06-13 21:34:36,231 INFO  ozoneimpl.OzoneContainer (OzoneContainer.java:start(186)) - Attempting to start container services.
2019-06-13 21:34:36,232 INFO  ozoneimpl.OzoneContainer (OzoneContainer.java:startContainerScrub(160)) - Background container scrubber has been disabled by hdds.containerscrub.enabled
2019-06-13 21:34:36,232 INFO  ratis.XceiverServerRatis (XceiverServerRatis.java:start(418)) - Starting XceiverServerRatis 4c1e926e-28a4-42c0-a771-1d793c5e841c at port 38935
2019-06-13 21:34:36,238 INFO  impl.RaftServerProxy (RaftServerProxy.java:lambda$start$3(299)) - 4c1e926e-28a4-42c0-a771-1d793c5e841c: start RPC server
2019-06-13 21:34:36,240 INFO  server.GrpcService (GrpcService.java:startImpl(148)) - 4c1e926e-28a4-42c0-a771-1d793c5e841c: GrpcService started, listening on 0.0.0.0/0.0.0.0:38935
2019-06-13 21:34:36,400 INFO  ozoneimpl.OzoneContainer (OzoneContainer.java:start(186)) - Attempting to start container services.
2019-06-13 21:34:36,401 INFO  ozoneimpl.OzoneContainer (OzoneContainer.java:startContainerScrub(160)) - Background container scrubber has been disabled by hdds.containerscrub.enabled
2019-06-13 21:34:36,401 INFO  ratis.XceiverServerRatis (XceiverServerRatis.java:start(418)) - Starting XceiverServerRatis 8f6ad65a-a258-4f2f-a6a2-5b56d938abae at port 41713
2019-06-13 21:34:36,405 INFO  impl.RaftServerProxy (RaftServerProxy.java:lambda$start$3(299)) - 8f6ad65a-a258-4f2f-a6a2-5b56d938abae: start RPC server
2019-06-13 21:34:36,407 INFO  server.GrpcService (GrpcService.java:startImpl(148)) - 8f6ad65a-a258-4f2f-a6a2-5b56d938abae: GrpcService started, listening on 0.0.0.0/0.0.0.0:41713
2019-06-13 21:34:36,592 INFO  ozone.MiniOzoneClusterImpl (MiniOzoneClusterImpl.java:lambda$waitForClusterToBeReady$0(142)) - Waiting for cluster to be ready. Got 0 of 6 DN Heartbeats.
2019-06-13 21:34:36,600 INFO  ozoneimpl.OzoneContainer (OzoneContainer.java:start(186)) - Attempting to start container services.
2019-06-13 21:34:36,601 INFO  ozoneimpl.OzoneContainer (OzoneContainer.java:startContainerScrub(160)) - Background container scrubber has been disabled by hdds.containerscrub.enabled
2019-06-13 21:34:36,601 INFO  ratis.XceiverServerRatis (XceiverServerRatis.java:start(418)) - Starting XceiverServerRatis 54e9a4a9-dd57-41be-b090-9d8d2018c541 at port 43977
2019-06-13 21:34:36,605 INFO  impl.RaftServerProxy (RaftServerProxy.java:lambda$start$3(299)) - 54e9a4a9-dd57-41be-b090-9d8d2018c541: start RPC server
2019-06-13 21:34:36,607 INFO  server.GrpcService (GrpcService.java:startImpl(148)) - 54e9a4a9-dd57-41be-b090-9d8d2018c541: GrpcService started, listening on 0.0.0.0/0.0.0.0:43977
2019-06-13 21:34:37,593 INFO  ozone.MiniOzoneClusterImpl (MiniOzoneClusterImpl.java:lambda$waitForClusterToBeReady$0(142)) - Waiting for cluster to be ready. Got 0 of 6 DN Heartbeats.
2019-06-13 21:34:37,634 INFO  node.SCMNodeManager (SCMNodeManager.java:register(234)) - Registered Data node : 04e160f5-0d30-4707-b592-de9a20b07098{ip: 192.168.11.218, host: ozone-d4wqq-1121427898, networkLocation: /default-rack, certSerialId: null}
2019-06-13 21:34:37,641 INFO  safemode.SCMSafeModeManager (DataNodeSafeModeRule.java:process(71)) - SCM in safe mode. 1 DataNodes registered, 1 required.
2019-06-13 21:34:37,647 INFO  safemode.SCMSafeModeManager (SCMSafeModeManager.java:validateSafeModeExitRules(177)) - ScmSafeModeManager, all rules are successfully validated
2019-06-13 21:34:37,647 INFO  safemode.SCMSafeModeManager (SCMSafeModeManager.java:exitSafeMode(193)) - SCM exiting safe mode.
2019-06-13 21:34:37,801 INFO  node.SCMNodeManager (SCMNodeManager.java:register(234)) - Registered Data node : acfaaf4c-fd42-4ae4-8252-c76272d83cac{ip: 192.168.11.218, host: ozone-d4wqq-1121427898, networkLocation: /default-rack, certSerialId: null}
2019-06-13 21:34:37,993 INFO  impl.RaftServerProxy (RaftServerProxy.java:addNew(89)) - 04e160f5-0d30-4707-b592-de9a20b07098: addNew group-5DAD78EC7475:[04e160f5-0d30-4707-b592-de9a20b07098:192.168.11.218:37451] returns group-5DAD78EC7475:java.util.concurrent.CompletableFuture@3f352f7d[Not completed]
2019-06-13 21:34:37,999 INFO  impl.RaftServerImpl (RaftServerImpl.java:<init>(91)) - 04e160f5-0d30-4707-b592-de9a20b07098: new RaftServerImpl for group-5DAD78EC7475:[04e160f5-0d30-4707-b592-de9a20b07098:192.168.11.218:37451] with ContainerStateMachine:uninitialized
2019-06-13 21:34:38,001 INFO  server.RaftServerConfigKeys (ConfUtils.java:logGet(43)) - raft.server.rpc.timeout.min = 1s (custom)
2019-06-13 21:34:38,001 INFO  server.RaftServerConfigKeys (ConfUtils.java:logGet(43)) - raft.server.rpc.timeout.max = 1200ms (custom)
2019-06-13 21:34:38,001 INFO  server.RaftServerConfigKeys (ConfUtils.java:logGet(43)) - raft.server.rpcslowness.timeout = 10s (custom)
2019-06-13 21:34:38,002 INFO  server.RaftServerConfigKeys (ConfUtils.java:logGet(43)) - raft.server.log.appender.install.snapshot.enabled = true (default)
2019-06-13 21:34:38,008 INFO  impl.RaftServerImpl (ServerState.java:<init>(101)) - 04e160f5-0d30-4707-b592-de9a20b07098:group-5DAD78EC7475 ConfigurationManager, init=-1: [04e160f5-0d30-4707-b592-de9a20b07098:192.168.11.218:37451], old=null, confs=<EMPTY_MAP>
2019-06-13 21:34:38,008 INFO  server.RaftServerConfigKeys (ConfUtils.java:logGet(43)) - raft.server.storage.dir = [/opt/src/hadoop-ozone/integration-test/target/test-dir/MiniOzoneClusterImpl-bd1d32be-c8fc-439f-9e0f-b9740ee9306b/datanode-0/data/ratis] (custom)
2019-06-13 21:34:38,014 INFO  storage.RaftStorageDirectory (RaftStorageDirectory.java:analyzeStorage(246)) - The storage directory /opt/src/hadoop-ozone/integration-test/target/test-dir/MiniOzoneClusterImpl-bd1d32be-c8fc-439f-9e0f-b9740ee9306b/datanode-0/data/ratis/e522f38b-cc6f-4a14-bfbb-5dad78ec7475 does not exist. Creating ...
2019-06-13 21:34:38,020 INFO  storage.RaftStorageDirectory (RaftStorageDirectory.java:tryLock(328)) - Lock on /opt/src/hadoop-ozone/integration-test/target/test-dir/MiniOzoneClusterImpl-bd1d32be-c8fc-439f-9e0f-b9740ee9306b/datanode-0/data/ratis/e522f38b-cc6f-4a14-bfbb-5dad78ec7475/in_use.lock acquired by nodename 9995@ozone-d4wqq-1121427898
2019-06-13 21:34:38,024 INFO  storage.RaftStorage (RaftStorage.java:format(75)) - Storage directory /opt/src/hadoop-ozone/integration-test/target/test-dir/MiniOzoneClusterImpl-bd1d32be-c8fc-439f-9e0f-b9740ee9306b/datanode-0/data/ratis/e522f38b-cc6f-4a14-bfbb-5dad78ec7475 has been successfully formatted.
2019-06-13 21:34:38,025 INFO  ratis.ContainerStateMachine (ContainerStateMachine.java:loadSnapshot(199)) - The snapshot info is null.Setting the last applied index to:(t:0, i:~)
2019-06-13 21:34:38,025 INFO  server.RaftServerConfigKeys (ConfUtils.java:logGet(43)) - raft.server.leader.election.timeout = 10s (custom)
2019-06-13 21:34:38,147 INFO  server.RaftServerConfigKeys (ConfUtils.java:logGet(43)) - raft.server.log.use.memory = false (default)
2019-06-13 21:34:38,147 INFO  node.SCMNodeManager (SCMNodeManager.java:register(234)) - Registered Data node : c444188c-a9c5-4fbc-a469-d358b9789c01{ip: 192.168.11.218, host: ozone-d4wqq-1121427898, networkLocation: /default-rack, certSerialId: null}
2019-06-13 21:34:38,149 INFO  server.RaftServerConfigKeys (ConfUtils.java:logGet(43)) - raft.server.log.appender.buffer.byte-limit = 33554432 (custom)
2019-06-13 21:34:38,152 INFO  server.RaftServerConfigKeys (ConfUtils.java:logGet(43)) - raft.server.log.segment.size.max = 16384 (custom)
2019-06-13 21:34:38,155 INFO  server.RaftServerConfigKeys (ConfUtils.java:logGet(43)) - raft.server.log.segment.cache.num.max = 2 (custom)
2019-06-13 21:34:38,157 INFO  storage.RaftLogWorker (RaftLogWorker.java:<init>(123)) - new 04e160f5-0d30-4707-b592-de9a20b07098-RaftLogWorker for Storage Directory /opt/src/hadoop-ozone/integration-test/target/test-dir/MiniOzoneClusterImpl-bd1d32be-c8fc-439f-9e0f-b9740ee9306b/datanode-0/data/ratis/e522f38b-cc6f-4a14-bfbb-5dad78ec7475
2019-06-13 21:34:38,157 INFO  server.RaftServerConfigKeys (ConfUtils.java:logGet(43)) - raft.server.log.queue.byte-limit = 2147483647 (custom)
2019-06-13 21:34:38,158 INFO  server.RaftServerConfigKeys (ConfUtils.java:logGet(43)) - raft.server.log.queue.element-limit = 1024 (custom)
2019-06-13 21:34:38,159 INFO  server.RaftServerConfigKeys (ConfUtils.java:logGet(43)) - raft.server.log.segment.size.max = 16384 (custom)
2019-06-13 21:34:38,160 INFO  server.RaftServerConfigKeys (ConfUtils.java:logGet(43)) - raft.server.log.preallocated.size = 16384 (custom)
2019-06-13 21:34:38,160 INFO  server.RaftServerConfigKeys (ConfUtils.java:logGet(43)) - raft.server.log.write.buffer.size = 33554432 (custom)
2019-06-13 21:34:38,160 INFO  server.RaftServerConfigKeys (ConfUtils.java:logGet(43)) - raft.server.log.force.sync.num = 128 (default)
2019-06-13 21:34:38,161 INFO  server.RaftServerConfigKeys (ConfUtils.java:logGet(43)) - raft.server.log.statemachine.data.sync = true (default)
2019-06-13 21:34:38,161 INFO  server.RaftServerConfigKeys (ConfUtils.java:logGet(43)) - raft.server.log.statemachine.data.sync.timeout = 10s (default)
2019-06-13 21:34:38,161 INFO  server.RaftServerConfigKeys (ConfUtils.java:logGet(43)) - raft.server.log.statemachine.data.sync.timeout.retry = -1 (default)
2019-06-13 21:34:38,163 INFO  server.RaftServerConfigKeys (ConfUtils.java:logGet(43)) - raft.server.log.statemachine.data.caching.enabled = true (custom)
2019-06-13 21:34:38,168 INFO  server.RaftServerConfigKeys (ConfUtils.java:logGet(43)) - raft.server.snapshot.auto.trigger.enabled = true (custom)
2019-06-13 21:34:38,168 INFO  server.RaftServerConfigKeys (ConfUtils.java:logGet(43)) - raft.server.snapshot.auto.trigger.threshold = 10000 (custom)
2019-06-13 21:34:38,169 INFO  server.RaftServerConfigKeys (ConfUtils.java:logGet(43)) - raft.server.retrycache.expirytime = 600000ms (custom)
2019-06-13 21:34:38,183 INFO  impl.RaftServerImpl (RaftServerImpl.java:start(173)) - 04e160f5-0d30-4707-b592-de9a20b07098: start group-5DAD78EC7475
2019-06-13 21:34:38,184 INFO  impl.RaftServerImpl (RaftServerImpl.java:setRole(164)) - 04e160f5-0d30-4707-b592-de9a20b07098:group-5DAD78EC7475 changes role from null to FOLLOWER at term 0 for startAsFollower
2019-06-13 21:34:38,185 INFO  impl.RoleInfo (RoleInfo.java:updateAndGet(143)) - 04e160f5-0d30-4707-b592-de9a20b07098: start FollowerState
2019-06-13 21:34:38,186 INFO  util.JmxRegister (JmxRegister.java:tryRegister(44)) - Successfully registered JMX Bean with object name Ratis:service=RaftServer,group=group-5DAD78EC7475,id=04e160f5-0d30-4707-b592-de9a20b07098
2019-06-13 21:34:38,224 INFO  pipeline.PipelineStateManager (PipelineStateManager.java:addPipeline(56)) - Created pipeline Pipeline[ Id: e522f38b-cc6f-4a14-bfbb-5dad78ec7475, Nodes: 04e160f5-0d30-4707-b592-de9a20b07098{ip: 192.168.11.218, host: ozone-d4wqq-1121427898, networkLocation: /default-rack, certSerialId: null}, Type:RATIS, Factor:ONE, State:OPEN]
2019-06-13 21:34:38,234 INFO  node.SCMNodeManager (SCMNodeManager.java:register(234)) - Registered Data node : 4c1e926e-28a4-42c0-a771-1d793c5e841c{ip: 192.168.11.218, host: ozone-d4wqq-1121427898, networkLocation: /default-rack, certSerialId: null}
2019-06-13 21:34:38,242 INFO  impl.RaftServerProxy (RaftServerProxy.java:addNew(89)) - acfaaf4c-fd42-4ae4-8252-c76272d83cac: addNew group-6B81DBD4B3C1:[acfaaf4c-fd42-4ae4-8252-c76272d83cac:192.168.11.218:33429] returns group-6B81DBD4B3C1:java.util.concurrent.CompletableFuture@354ce2[Not completed]
2019-06-13 21:34:38,243 INFO  impl.RaftServerImpl (RaftServerImpl.java:<init>(91)) - acfaaf4c-fd42-4ae4-8252-c76272d83cac: new RaftServerImpl for group-6B81DBD4B3C1:[acfaaf4c-fd42-4ae4-8252-c76272d83cac:192.168.11.218:33429] with ContainerStateMachine:uninitialized
2019-06-13 21:34:38,244 INFO  server.RaftServerConfigKeys (ConfUtils.java:logGet(43)) - raft.server.rpc.timeout.min = 1s (custom)
2019-06-13 21:34:38,244 INFO  server.RaftServerConfigKeys (ConfUtils.java:logGet(43)) - raft.server.rpc.timeout.max = 1200ms (custom)
2019-06-13 21:34:38,244 INFO  server.RaftServerConfigKeys (ConfUtils.java:logGet(43)) - raft.server.rpcslowness.timeout = 10s (custom)
2019-06-13 21:34:38,244 INFO  server.RaftServerConfigKeys (ConfUtils.java:logGet(43)) - raft.server.log.appender.install.snapshot.enabled = true (default)
2019-06-13 21:34:38,244 INFO  impl.RaftServerImpl (ServerState.java:<init>(101)) - acfaaf4c-fd42-4ae4-8252-c76272d83cac:group-6B81DBD4B3C1 ConfigurationManager, init=-1: [acfaaf4c-fd42-4ae4-8252-c76272d83cac:192.168.11.218:33429], old=null, confs=<EMPTY_MAP>
2019-06-13 21:34:38,245 INFO  server.RaftServerConfigKeys (ConfUtils.java:logGet(43)) - raft.server.storage.dir = [/opt/src/hadoop-ozone/integration-test/target/test-dir/MiniOzoneClusterImpl-bd1d32be-c8fc-439f-9e0f-b9740ee9306b/datanode-1/data/ratis] (custom)
2019-06-13 21:34:38,245 INFO  storage.RaftStorageDirectory (RaftStorageDirectory.java:analyzeStorage(246)) - The storage directory /opt/src/hadoop-ozone/integration-test/target/test-dir/MiniOzoneClusterImpl-bd1d32be-c8fc-439f-9e0f-b9740ee9306b/datanode-1/data/ratis/95b2ffdb-d326-4a5d-8c40-6b81dbd4b3c1 does not exist. Creating ...
2019-06-13 21:34:38,247 INFO  storage.RaftStorageDirectory (RaftStorageDirectory.java:tryLock(328)) - Lock on /opt/src/hadoop-ozone/integration-test/target/test-dir/MiniOzoneClusterImpl-bd1d32be-c8fc-439f-9e0f-b9740ee9306b/datanode-1/data/ratis/95b2ffdb-d326-4a5d-8c40-6b81dbd4b3c1/in_use.lock acquired by nodename 9995@ozone-d4wqq-1121427898
2019-06-13 21:34:38,249 INFO  storage.RaftStorage (RaftStorage.java:format(75)) - Storage directory /opt/src/hadoop-ozone/integration-test/target/test-dir/MiniOzoneClusterImpl-bd1d32be-c8fc-439f-9e0f-b9740ee9306b/datanode-1/data/ratis/95b2ffdb-d326-4a5d-8c40-6b81dbd4b3c1 has been successfully formatted.
2019-06-13 21:34:38,249 INFO  ratis.ContainerStateMachine (ContainerStateMachine.java:loadSnapshot(199)) - The snapshot info is null.Setting the last applied index to:(t:0, i:~)
2019-06-13 21:34:38,250 INFO  server.RaftServerConfigKeys (ConfUtils.java:logGet(43)) - raft.server.leader.election.timeout = 10s (custom)
2019-06-13 21:34:38,250 INFO  server.RaftServerConfigKeys (ConfUtils.java:logGet(43)) - raft.server.log.use.memory = false (default)
2019-06-13 21:34:38,250 INFO  server.RaftServerConfigKeys (ConfUtils.java:logGet(43)) - raft.server.log.appender.buffer.byte-limit = 33554432 (custom)
2019-06-13 21:34:38,250 INFO  server.RaftServerConfigKeys (ConfUtils.java:logGet(43)) - raft.server.log.segment.size.max = 16384 (custom)
2019-06-13 21:34:38,250 INFO  server.RaftServerConfigKeys (ConfUtils.java:logGet(43)) - raft.server.log.segment.cache.num.max = 2 (custom)
2019-06-13 21:34:38,250 INFO  storage.RaftLogWorker (RaftLogWorker.java:<init>(123)) - new acfaaf4c-fd42-4ae4-8252-c76272d83cac-RaftLogWorker for Storage Directory /opt/src/hadoop-ozone/integration-test/target/test-dir/MiniOzoneClusterImpl-bd1d32be-c8fc-439f-9e0f-b9740ee9306b/datanode-1/data/ratis/95b2ffdb-d326-4a5d-8c40-6b81dbd4b3c1
2019-06-13 21:34:38,251 INFO  server.RaftServerConfigKeys (ConfUtils.java:logGet(43)) - raft.server.log.queue.byte-limit = 2147483647 (custom)
2019-06-13 21:34:38,251 INFO  server.RaftServerConfigKeys (ConfUtils.java:logGet(43)) - raft.server.log.queue.element-limit = 1024 (custom)
2019-06-13 21:34:38,251 INFO  server.RaftServerConfigKeys (ConfUtils.java:logGet(43)) - raft.server.log.segment.size.max = 16384 (custom)
2019-06-13 21:34:38,251 INFO  server.RaftServerConfigKeys (ConfUtils.java:logGet(43)) - raft.server.log.preallocated.size = 16384 (custom)
2019-06-13 21:34:38,251 INFO  server.RaftServerConfigKeys (ConfUtils.java:logGet(43)) - raft.server.log.write.buffer.size = 33554432 (custom)
2019-06-13 21:34:38,252 INFO  server.RaftServerConfigKeys (ConfUtils.java:logGet(43)) - raft.server.log.force.sync.num = 128 (default)
2019-06-13 21:34:38,252 INFO  server.RaftServerConfigKeys (ConfUtils.java:logGet(43)) - raft.server.log.statemachine.data.sync = true (default)
2019-06-13 21:34:38,252 INFO  server.RaftServerConfigKeys (ConfUtils.java:logGet(43)) - raft.server.log.statemachine.data.sync.timeout = 10s (default)
2019-06-13 21:34:38,252 INFO  server.RaftServerConfigKeys (ConfUtils.java:logGet(43)) - raft.server.log.statemachine.data.sync.timeout.retry = -1 (default)
2019-06-13 21:34:38,252 INFO  server.RaftServerConfigKeys (ConfUtils.java:logGet(43)) - raft.server.log.statemachine.data.caching.enabled = true (custom)
2019-06-13 21:34:38,252 INFO  server.RaftServerConfigKeys (ConfUtils.java:logGet(43)) - raft.server.snapshot.auto.trigger.enabled = true (custom)
2019-06-13 21:34:38,252 INFO  server.RaftServerConfigKeys (ConfUtils.java:logGet(43)) - raft.server.snapshot.auto.trigger.threshold = 10000 (custom)
2019-06-13 21:34:38,252 INFO  server.RaftServerConfigKeys (ConfUtils.java:logGet(43)) - raft.server.retrycache.expirytime = 600000ms (custom)
2019-06-13 21:34:38,253 INFO  impl.RaftServerImpl (RaftServerImpl.java:start(173)) - acfaaf4c-fd42-4ae4-8252-c76272d83cac: start group-6B81DBD4B3C1
2019-06-13 21:34:38,253 INFO  impl.RaftServerImpl (RaftServerImpl.java:setRole(164)) - acfaaf4c-fd42-4ae4-8252-c76272d83cac:group-6B81DBD4B3C1 changes role from null to FOLLOWER at term 0 for startAsFollower
2019-06-13 21:34:38,253 INFO  impl.RoleInfo (RoleInfo.java:updateAndGet(143)) - acfaaf4c-fd42-4ae4-8252-c76272d83cac: start FollowerState
2019-06-13 21:34:38,254 INFO  util.JmxRegister (JmxRegister.java:tryRegister(44)) - Successfully registered JMX Bean with object name Ratis:service=RaftServer,group=group-6B81DBD4B3C1,id=acfaaf4c-fd42-4ae4-8252-c76272d83cac
2019-06-13 21:34:38,263 INFO  pipeline.PipelineStateManager (PipelineStateManager.java:addPipeline(56)) - Created pipeline Pipeline[ Id: 95b2ffdb-d326-4a5d-8c40-6b81dbd4b3c1, Nodes: acfaaf4c-fd42-4ae4-8252-c76272d83cac{ip: 192.168.11.218, host: ozone-d4wqq-1121427898, networkLocation: /default-rack, certSerialId: null}, Type:RATIS, Factor:ONE, State:OPEN]
2019-06-13 21:34:38,275 INFO  impl.RaftServerProxy (RaftServerProxy.java:addNew(89)) - c444188c-a9c5-4fbc-a469-d358b9789c01: addNew group-8E2E8876BEE8:[c444188c-a9c5-4fbc-a469-d358b9789c01:192.168.11.218:38411] returns group-8E2E8876BEE8:java.util.concurrent.CompletableFuture@680b1442[Not completed]
2019-06-13 21:34:38,300 INFO  impl.RaftServerImpl (RaftServerImpl.java:<init>(91)) - c444188c-a9c5-4fbc-a469-d358b9789c01: new RaftServerImpl for group-8E2E8876BEE8:[c444188c-a9c5-4fbc-a469-d358b9789c01:192.168.11.218:38411] with ContainerStateMachine:uninitialized
2019-06-13 21:34:38,300 INFO  server.RaftServerConfigKeys (ConfUtils.java:logGet(43)) - raft.server.rpc.timeout.min = 1s (custom)
2019-06-13 21:34:38,300 INFO  server.RaftServerConfigKeys (ConfUtils.java:logGet(43)) - raft.server.rpc.timeout.max = 1200ms (custom)
2019-06-13 21:34:38,300 INFO  server.RaftServerConfigKeys (ConfUtils.java:logGet(43)) - raft.server.rpcslowness.timeout = 10s (custom)
2019-06-13 21:34:38,300 INFO  server.RaftServerConfigKeys (ConfUtils.java:logGet(43)) - raft.server.log.appender.install.snapshot.enabled = true (default)
2019-06-13 21:34:38,300 INFO  impl.RaftServerImpl (ServerState.java:<init>(101)) - c444188c-a9c5-4fbc-a469-d358b9789c01:group-8E2E8876BEE8 ConfigurationManager, init=-1: [c444188c-a9c5-4fbc-a469-d358b9789c01:192.168.11.218:38411], old=null, confs=<EMPTY_MAP>
2019-06-13 21:34:38,301 INFO  server.RaftServerConfigKeys (ConfUtils.java:logGet(43)) - raft.server.storage.dir = [/opt/src/hadoop-ozone/integration-test/target/test-dir/MiniOzoneClusterImpl-bd1d32be-c8fc-439f-9e0f-b9740ee9306b/datanode-2/data/ratis] (custom)
2019-06-13 21:34:38,301 INFO  storage.RaftStorageDirectory (RaftStorageDirectory.java:analyzeStorage(246)) - The storage directory /opt/src/hadoop-ozone/integration-test/target/test-dir/MiniOzoneClusterImpl-bd1d32be-c8fc-439f-9e0f-b9740ee9306b/datanode-2/data/ratis/8338c058-9b36-4bba-8077-8e2e8876bee8 does not exist. Creating ...
2019-06-13 21:34:38,304 INFO  storage.RaftStorageDirectory (RaftStorageDirectory.java:tryLock(328)) - Lock on /opt/src/hadoop-ozone/integration-test/target/test-dir/MiniOzoneClusterImpl-bd1d32be-c8fc-439f-9e0f-b9740ee9306b/datanode-2/data/ratis/8338c058-9b36-4bba-8077-8e2e8876bee8/in_use.lock acquired by nodename 9995@ozone-d4wqq-1121427898
2019-06-13 21:34:38,306 INFO  storage.RaftStorage (RaftStorage.java:format(75)) - Storage directory /opt/src/hadoop-ozone/integration-test/target/test-dir/MiniOzoneClusterImpl-bd1d32be-c8fc-439f-9e0f-b9740ee9306b/datanode-2/data/ratis/8338c058-9b36-4bba-8077-8e2e8876bee8 has been successfully formatted.
2019-06-13 21:34:38,307 INFO  ratis.ContainerStateMachine (ContainerStateMachine.java:loadSnapshot(199)) - The snapshot info is null.Setting the last applied index to:(t:0, i:~)
2019-06-13 21:34:38,307 INFO  server.RaftServerConfigKeys (ConfUtils.java:logGet(43)) - raft.server.leader.election.timeout = 10s (custom)
2019-06-13 21:34:38,308 INFO  server.RaftServerConfigKeys (ConfUtils.java:logGet(43)) - raft.server.log.use.memory = false (default)
2019-06-13 21:34:38,308 INFO  server.RaftServerConfigKeys (ConfUtils.java:logGet(43)) - raft.server.log.appender.buffer.byte-limit = 33554432 (custom)
2019-06-13 21:34:38,308 INFO  server.RaftServerConfigKeys (ConfUtils.java:logGet(43)) - raft.server.log.segment.size.max = 16384 (custom)
2019-06-13 21:34:38,308 INFO  server.RaftServerConfigKeys (ConfUtils.java:logGet(43)) - raft.server.log.segment.cache.num.max = 2 (custom)
2019-06-13 21:34:38,308 INFO  storage.RaftLogWorker (RaftLogWorker.java:<init>(123)) - new c444188c-a9c5-4fbc-a469-d358b9789c01-RaftLogWorker for Storage Directory /opt/src/hadoop-ozone/integration-test/target/test-dir/MiniOzoneClusterImpl-bd1d32be-c8fc-439f-9e0f-b9740ee9306b/datanode-2/data/ratis/8338c058-9b36-4bba-8077-8e2e8876bee8
2019-06-13 21:34:38,308 INFO  server.RaftServerConfigKeys (ConfUtils.java:logGet(43)) - raft.server.log.queue.byte-limit = 2147483647 (custom)
2019-06-13 21:34:38,308 INFO  server.RaftServerConfigKeys (ConfUtils.java:logGet(43)) - raft.server.log.queue.element-limit = 1024 (custom)
2019-06-13 21:34:38,308 INFO  server.RaftServerConfigKeys (ConfUtils.java:logGet(43)) - raft.server.log.segment.size.max = 16384 (custom)
2019-06-13 21:34:38,308 INFO  server.RaftServerConfigKeys (ConfUtils.java:logGet(43)) - raft.server.log.preallocated.size = 16384 (custom)
2019-06-13 21:34:38,308 INFO  server.RaftServerConfigKeys (ConfUtils.java:logGet(43)) - raft.server.log.write.buffer.size = 33554432 (custom)
2019-06-13 21:34:38,308 INFO  server.RaftServerConfigKeys (ConfUtils.java:logGet(43)) - raft.server.log.force.sync.num = 128 (default)
2019-06-13 21:34:38,308 INFO  server.RaftServerConfigKeys (ConfUtils.java:logGet(43)) - raft.server.log.statemachine.data.sync = true (default)
2019-06-13 21:34:38,309 INFO  server.RaftServerConfigKeys (ConfUtils.java:logGet(43)) - raft.server.log.statemachine.data.sync.timeout = 10s (default)
2019-06-13 21:34:38,309 INFO  server.RaftServerConfigKeys (ConfUtils.java:logGet(43)) - raft.server.log.statemachine.data.sync.timeout.retry = -1 (default)
2019-06-13 21:34:38,309 INFO  server.RaftServerConfigKeys (ConfUtils.java:logGet(43)) - raft.server.log.statemachine.data.caching.enabled = true (custom)
2019-06-13 21:34:38,309 INFO  server.RaftServerConfigKeys (ConfUtils.java:logGet(43)) - raft.server.snapshot.auto.trigger.enabled = true (custom)
2019-06-13 21:34:38,309 INFO  server.RaftServerConfigKeys (ConfUtils.java:logGet(43)) - raft.server.snapshot.auto.trigger.threshold = 10000 (custom)
2019-06-13 21:34:38,309 INFO  server.RaftServerConfigKeys (ConfUtils.java:logGet(43)) - raft.server.retrycache.expirytime = 600000ms (custom)
2019-06-13 21:34:38,310 INFO  impl.RaftServerImpl (RaftServerImpl.java:start(173)) - c444188c-a9c5-4fbc-a469-d358b9789c01: start group-8E2E8876BEE8
2019-06-13 21:34:38,310 INFO  impl.RaftServerImpl (RaftServerImpl.java:setRole(164)) - c444188c-a9c5-4fbc-a469-d358b9789c01:group-8E2E8876BEE8 changes role from null to FOLLOWER at term 0 for startAsFollower
2019-06-13 21:34:38,310 INFO  impl.RoleInfo (RoleInfo.java:updateAndGet(143)) - c444188c-a9c5-4fbc-a469-d358b9789c01: start FollowerState
2019-06-13 21:34:38,310 INFO  util.JmxRegister (JmxRegister.java:tryRegister(44)) - Successfully registered JMX Bean with object name Ratis:service=RaftServer,group=group-8E2E8876BEE8,id=c444188c-a9c5-4fbc-a469-d358b9789c01
2019-06-13 21:34:38,318 INFO  pipeline.PipelineStateManager (PipelineStateManager.java:addPipeline(56)) - Created pipeline Pipeline[ Id: 8338c058-9b36-4bba-8077-8e2e8876bee8, Nodes: c444188c-a9c5-4fbc-a469-d358b9789c01{ip: 192.168.11.218, host: ozone-d4wqq-1121427898, networkLocation: /default-rack, certSerialId: null}, Type:RATIS, Factor:ONE, State:OPEN]
2019-06-13 21:34:38,336 INFO  impl.RaftServerProxy (RaftServerProxy.java:addNew(89)) - 4c1e926e-28a4-42c0-a771-1d793c5e841c: addNew group-7EF461BBBA09:[4c1e926e-28a4-42c0-a771-1d793c5e841c:192.168.11.218:38935] returns group-7EF461BBBA09:java.util.concurrent.CompletableFuture@1c5df331[Not completed]
2019-06-13 21:34:38,339 INFO  impl.RaftServerImpl (RaftServerImpl.java:<init>(91)) - 4c1e926e-28a4-42c0-a771-1d793c5e841c: new RaftServerImpl for group-7EF461BBBA09:[4c1e926e-28a4-42c0-a771-1d793c5e841c:192.168.11.218:38935] with ContainerStateMachine:uninitialized
2019-06-13 21:34:38,340 INFO  server.RaftServerConfigKeys (ConfUtils.java:logGet(43)) - raft.server.rpc.timeout.min = 1s (custom)
2019-06-13 21:34:38,340 INFO  server.RaftServerConfigKeys (ConfUtils.java:logGet(43)) - raft.server.rpc.timeout.max = 1200ms (custom)
2019-06-13 21:34:38,340 INFO  server.RaftServerConfigKeys (ConfUtils.java:logGet(43)) - raft.server.rpcslowness.timeout = 10s (custom)
2019-06-13 21:34:38,340 INFO  server.RaftServerConfigKeys (ConfUtils.java:logGet(43)) - raft.server.log.appender.install.snapshot.enabled = true (default)
2019-06-13 21:34:38,340 INFO  impl.RaftServerImpl (ServerState.java:<init>(101)) - 4c1e926e-28a4-42c0-a771-1d793c5e841c:group-7EF461BBBA09 ConfigurationManager, init=-1: [4c1e926e-28a4-42c0-a771-1d793c5e841c:192.168.11.218:38935], old=null, confs=<EMPTY_MAP>
2019-06-13 21:34:38,340 INFO  server.RaftServerConfigKeys (ConfUtils.java:logGet(43)) - raft.server.storage.dir = [/opt/src/hadoop-ozone/integration-test/target/test-dir/MiniOzoneClusterImpl-bd1d32be-c8fc-439f-9e0f-b9740ee9306b/datanode-3/data/ratis] (custom)
2019-06-13 21:34:38,340 INFO  storage.RaftStorageDirectory (RaftStorageDirectory.java:analyzeStorage(246)) - The storage directory /opt/src/hadoop-ozone/integration-test/target/test-dir/MiniOzoneClusterImpl-bd1d32be-c8fc-439f-9e0f-b9740ee9306b/datanode-3/data/ratis/a925d3f9-ee9c-429e-9a74-7ef461bbba09 does not exist. Creating ...
2019-06-13 21:34:38,342 INFO  storage.RaftStorageDirectory (RaftStorageDirectory.java:tryLock(328)) - Lock on /opt/src/hadoop-ozone/integration-test/target/test-dir/MiniOzoneClusterImpl-bd1d32be-c8fc-439f-9e0f-b9740ee9306b/datanode-3/data/ratis/a925d3f9-ee9c-429e-9a74-7ef461bbba09/in_use.lock acquired by nodename 9995@ozone-d4wqq-1121427898
2019-06-13 21:34:38,345 INFO  storage.RaftStorage (RaftStorage.java:format(75)) - Storage directory /opt/src/hadoop-ozone/integration-test/target/test-dir/MiniOzoneClusterImpl-bd1d32be-c8fc-439f-9e0f-b9740ee9306b/datanode-3/data/ratis/a925d3f9-ee9c-429e-9a74-7ef461bbba09 has been successfully formatted.
2019-06-13 21:34:38,345 INFO  ratis.ContainerStateMachine (ContainerStateMachine.java:loadSnapshot(199)) - The snapshot info is null.Setting the last applied index to:(t:0, i:~)
2019-06-13 21:34:38,345 INFO  server.RaftServerConfigKeys (ConfUtils.java:logGet(43)) - raft.server.leader.election.timeout = 10s (custom)
2019-06-13 21:34:38,345 INFO  server.RaftServerConfigKeys (ConfUtils.java:logGet(43)) - raft.server.log.use.memory = false (default)
2019-06-13 21:34:38,345 INFO  server.RaftServerConfigKeys (ConfUtils.java:logGet(43)) - raft.server.log.appender.buffer.byte-limit = 33554432 (custom)
2019-06-13 21:34:38,345 INFO  server.RaftServerConfigKeys (ConfUtils.java:logGet(43)) - raft.server.log.segment.size.max = 16384 (custom)
2019-06-13 21:34:38,345 INFO  server.RaftServerConfigKeys (ConfUtils.java:logGet(43)) - raft.server.log.segment.cache.num.max = 2 (custom)
2019-06-13 21:34:38,345 INFO  storage.RaftLogWorker (RaftLogWorker.java:<init>(123)) - new 4c1e926e-28a4-42c0-a771-1d793c5e841c-RaftLogWorker for Storage Directory /opt/src/hadoop-ozone/integration-test/target/test-dir/MiniOzoneClusterImpl-bd1d32be-c8fc-439f-9e0f-b9740ee9306b/datanode-3/data/ratis/a925d3f9-ee9c-429e-9a74-7ef461bbba09
2019-06-13 21:34:38,345 INFO  server.RaftServerConfigKeys (ConfUtils.java:logGet(43)) - raft.server.log.queue.byte-limit = 2147483647 (custom)
2019-06-13 21:34:38,346 INFO  server.RaftServerConfigKeys (ConfUtils.java:logGet(43)) - raft.server.log.queue.element-limit = 1024 (custom)
2019-06-13 21:34:38,346 INFO  server.RaftServerConfigKeys (ConfUtils.java:logGet(43)) - raft.server.log.segment.size.max = 16384 (custom)
2019-06-13 21:34:38,346 INFO  server.RaftServerConfigKeys (ConfUtils.java:logGet(43)) - raft.server.log.preallocated.size = 16384 (custom)
2019-06-13 21:34:38,346 INFO  server.RaftServerConfigKeys (ConfUtils.java:logGet(43)) - raft.server.log.write.buffer.size = 33554432 (custom)
2019-06-13 21:34:38,346 INFO  server.RaftServerConfigKeys (ConfUtils.java:logGet(43)) - raft.server.log.force.sync.num = 128 (default)
2019-06-13 21:34:38,346 INFO  server.RaftServerConfigKeys (ConfUtils.java:logGet(43)) - raft.server.log.statemachine.data.sync = true (default)
2019-06-13 21:34:38,346 INFO  server.RaftServerConfigKeys (ConfUtils.java:logGet(43)) - raft.server.log.statemachine.data.sync.timeout = 10s (default)
2019-06-13 21:34:38,346 INFO  server.RaftServerConfigKeys (ConfUtils.java:logGet(43)) - raft.server.log.statemachine.data.sync.timeout.retry = -1 (default)
2019-06-13 21:34:38,346 INFO  server.RaftServerConfigKeys (ConfUtils.java:logGet(43)) - raft.server.log.statemachine.data.caching.enabled = true (custom)
2019-06-13 21:34:38,347 INFO  server.RaftServerConfigKeys (ConfUtils.java:logGet(43)) - raft.server.snapshot.auto.trigger.enabled = true (custom)
2019-06-13 21:34:38,347 INFO  server.RaftServerConfigKeys (ConfUtils.java:logGet(43)) - raft.server.snapshot.auto.trigger.threshold = 10000 (custom)
2019-06-13 21:34:38,347 INFO  server.RaftServerConfigKeys (ConfUtils.java:logGet(43)) - raft.server.retrycache.expirytime = 600000ms (custom)
2019-06-13 21:34:38,347 INFO  impl.RaftServerImpl (RaftServerImpl.java:start(173)) - 4c1e926e-28a4-42c0-a771-1d793c5e841c: start group-7EF461BBBA09
2019-06-13 21:34:38,348 INFO  impl.RaftServerImpl (RaftServerImpl.java:setRole(164)) - 4c1e926e-28a4-42c0-a771-1d793c5e841c:group-7EF461BBBA09 changes role from null to FOLLOWER at term 0 for startAsFollower
2019-06-13 21:34:38,348 INFO  impl.RoleInfo (RoleInfo.java:updateAndGet(143)) - 4c1e926e-28a4-42c0-a771-1d793c5e841c: start FollowerState
2019-06-13 21:34:38,348 INFO  util.JmxRegister (JmxRegister.java:tryRegister(44)) - Successfully registered JMX Bean with object name Ratis:service=RaftServer,group=group-7EF461BBBA09,id=4c1e926e-28a4-42c0-a771-1d793c5e841c
2019-06-13 21:34:38,357 INFO  pipeline.PipelineStateManager (PipelineStateManager.java:addPipeline(56)) - Created pipeline Pipeline[ Id: a925d3f9-ee9c-429e-9a74-7ef461bbba09, Nodes: 4c1e926e-28a4-42c0-a771-1d793c5e841c{ip: 192.168.11.218, host: ozone-d4wqq-1121427898, networkLocation: /default-rack, certSerialId: null}, Type:RATIS, Factor:ONE, State:OPEN]
2019-06-13 21:34:38,389 INFO  impl.RaftServerProxy (RaftServerProxy.java:addNew(89)) - 04e160f5-0d30-4707-b592-de9a20b07098: addNew group-17A1AAF01F7D:[c444188c-a9c5-4fbc-a469-d358b9789c01:192.168.11.218:38411, acfaaf4c-fd42-4ae4-8252-c76272d83cac:192.168.11.218:33429, 04e160f5-0d30-4707-b592-de9a20b07098:192.168.11.218:37451] returns group-17A1AAF01F7D:java.util.concurrent.CompletableFuture@3220733d[Not completed]
2019-06-13 21:34:38,389 INFO  impl.RaftServerImpl (RaftServerImpl.java:<init>(91)) - acfaaf4c-fd42-4ae4-8252-c76272d83cac: new RaftServerImpl for group-17A1AAF01F7D:[c444188c-a9c5-4fbc-a469-d358b9789c01:192.168.11.218:38411, acfaaf4c-fd42-4ae4-8252-c76272d83cac:192.168.11.218:33429, 04e160f5-0d30-4707-b592-de9a20b07098:192.168.11.218:37451] with ContainerStateMachine:uninitialized
2019-06-13 21:34:38,389 INFO  server.RaftServerConfigKeys (ConfUtils.java:logGet(43)) - raft.server.rpc.timeout.min = 1s (custom)
2019-06-13 21:34:38,389 INFO  server.RaftServerConfigKeys (ConfUtils.java:logGet(43)) - raft.server.rpc.timeout.max = 1200ms (custom)
2019-06-13 21:34:38,389 INFO  server.RaftServerConfigKeys (ConfUtils.java:logGet(43)) - raft.server.rpcslowness.timeout = 10s (custom)
2019-06-13 21:34:38,389 INFO  server.RaftServerConfigKeys (ConfUtils.java:logGet(43)) - raft.server.log.appender.install.snapshot.enabled = true (default)
2019-06-13 21:34:38,390 INFO  impl.RaftServerImpl (ServerState.java:<init>(101)) - acfaaf4c-fd42-4ae4-8252-c76272d83cac:group-17A1AAF01F7D ConfigurationManager, init=-1: [c444188c-a9c5-4fbc-a469-d358b9789c01:192.168.11.218:38411, acfaaf4c-fd42-4ae4-8252-c76272d83cac:192.168.11.218:33429, 04e160f5-0d30-4707-b592-de9a20b07098:192.168.11.218:37451], old=null, confs=<EMPTY_MAP>
2019-06-13 21:34:38,389 INFO  impl.RaftServerProxy (RaftServerProxy.java:addNew(89)) - c444188c-a9c5-4fbc-a469-d358b9789c01: addNew group-17A1AAF01F7D:[c444188c-a9c5-4fbc-a469-d358b9789c01:192.168.11.218:38411, acfaaf4c-fd42-4ae4-8252-c76272d83cac:192.168.11.218:33429, 04e160f5-0d30-4707-b592-de9a20b07098:192.168.11.218:37451] returns group-17A1AAF01F7D:java.util.concurrent.CompletableFuture@7652eb66[Not completed]
2019-06-13 21:34:38,390 INFO  server.RaftServerConfigKeys (ConfUtils.java:logGet(43)) - raft.server.storage.dir = [/opt/src/hadoop-ozone/integration-test/target/test-dir/MiniOzoneClusterImpl-bd1d32be-c8fc-439f-9e0f-b9740ee9306b/datanode-1/data/ratis] (custom)
2019-06-13 21:34:38,390 INFO  impl.RaftServerImpl (RaftServerImpl.java:<init>(91)) - c444188c-a9c5-4fbc-a469-d358b9789c01: new RaftServerImpl for group-17A1AAF01F7D:[c444188c-a9c5-4fbc-a469-d358b9789c01:192.168.11.218:38411, acfaaf4c-fd42-4ae4-8252-c76272d83cac:192.168.11.218:33429, 04e160f5-0d30-4707-b592-de9a20b07098:192.168.11.218:37451] with ContainerStateMachine:uninitialized
2019-06-13 21:34:38,389 INFO  impl.RaftServerImpl (RaftServerImpl.java:<init>(91)) - 04e160f5-0d30-4707-b592-de9a20b07098: new RaftServerImpl for group-17A1AAF01F7D:[c444188c-a9c5-4fbc-a469-d358b9789c01:192.168.11.218:38411, acfaaf4c-fd42-4ae4-8252-c76272d83cac:192.168.11.218:33429, 04e160f5-0d30-4707-b592-de9a20b07098:192.168.11.218:37451] with ContainerStateMachine:uninitialized
2019-06-13 21:34:38,390 INFO  server.RaftServerConfigKeys (ConfUtils.java:logGet(43)) - raft.server.rpc.timeout.min = 1s (custom)
2019-06-13 21:34:38,390 INFO  storage.RaftStorageDirectory (RaftStorageDirectory.java:analyzeStorage(246)) - The storage directory /opt/src/hadoop-ozone/integration-test/target/test-dir/MiniOzoneClusterImpl-bd1d32be-c8fc-439f-9e0f-b9740ee9306b/datanode-1/data/ratis/55bbe985-1220-4426-bf3d-17a1aaf01f7d does not exist. Creating ...
2019-06-13 21:34:38,390 INFO  impl.RaftServerProxy (RaftServerProxy.java:addNew(89)) - acfaaf4c-fd42-4ae4-8252-c76272d83cac: addNew group-17A1AAF01F7D:[c444188c-a9c5-4fbc-a469-d358b9789c01:192.168.11.218:38411, acfaaf4c-fd42-4ae4-8252-c76272d83cac:192.168.11.218:33429, 04e160f5-0d30-4707-b592-de9a20b07098:192.168.11.218:37451] returns group-17A1AAF01F7D:java.util.concurrent.CompletableFuture@c698b88[Not completed]
2019-06-13 21:34:38,390 INFO  server.RaftServerConfigKeys (ConfUtils.java:logGet(43)) - raft.server.rpc.timeout.max = 1200ms (custom)
2019-06-13 21:34:38,391 INFO  server.RaftServerConfigKeys (ConfUtils.java:logGet(43)) - raft.server.rpcslowness.timeout = 10s (custom)
2019-06-13 21:34:38,391 INFO  server.RaftServerConfigKeys (ConfUtils.java:logGet(43)) - raft.server.log.appender.install.snapshot.enabled = true (default)
2019-06-13 21:34:38,391 INFO  impl.RaftServerImpl (ServerState.java:<init>(101)) - c444188c-a9c5-4fbc-a469-d358b9789c01:group-17A1AAF01F7D ConfigurationManager, init=-1: [c444188c-a9c5-4fbc-a469-d358b9789c01:192.168.11.218:38411, acfaaf4c-fd42-4ae4-8252-c76272d83cac:192.168.11.218:33429, 04e160f5-0d30-4707-b592-de9a20b07098:192.168.11.218:37451], old=null, confs=<EMPTY_MAP>
2019-06-13 21:34:38,391 INFO  server.RaftServerConfigKeys (ConfUtils.java:logGet(43)) - raft.server.storage.dir = [/opt/src/hadoop-ozone/integration-test/target/test-dir/MiniOzoneClusterImpl-bd1d32be-c8fc-439f-9e0f-b9740ee9306b/datanode-2/data/ratis] (custom)
2019-06-13 21:34:38,391 INFO  storage.RaftStorageDirectory (RaftStorageDirectory.java:analyzeStorage(246)) - The storage directory /opt/src/hadoop-ozone/integration-test/target/test-dir/MiniOzoneClusterImpl-bd1d32be-c8fc-439f-9e0f-b9740ee9306b/datanode-2/data/ratis/55bbe985-1220-4426-bf3d-17a1aaf01f7d does not exist. Creating ...
2019-06-13 21:34:38,390 INFO  server.RaftServerConfigKeys (ConfUtils.java:logGet(43)) - raft.server.rpc.timeout.min = 1s (custom)
2019-06-13 21:34:38,392 INFO  server.RaftServerConfigKeys (ConfUtils.java:logGet(43)) - raft.server.rpc.timeout.max = 1200ms (custom)
2019-06-13 21:34:38,392 INFO  server.RaftServerConfigKeys (ConfUtils.java:logGet(43)) - raft.server.rpcslowness.timeout = 10s (custom)
2019-06-13 21:34:38,392 INFO  server.RaftServerConfigKeys (ConfUtils.java:logGet(43)) - raft.server.log.appender.install.snapshot.enabled = true (default)
2019-06-13 21:34:38,392 INFO  impl.RaftServerImpl (ServerState.java:<init>(101)) - 04e160f5-0d30-4707-b592-de9a20b07098:group-17A1AAF01F7D ConfigurationManager, init=-1: [c444188c-a9c5-4fbc-a469-d358b9789c01:192.168.11.218:38411, acfaaf4c-fd42-4ae4-8252-c76272d83cac:192.168.11.218:33429, 04e160f5-0d30-4707-b592-de9a20b07098:192.168.11.218:37451], old=null, confs=<EMPTY_MAP>
2019-06-13 21:34:38,392 INFO  server.RaftServerConfigKeys (ConfUtils.java:logGet(43)) - raft.server.storage.dir = [/opt/src/hadoop-ozone/integration-test/target/test-dir/MiniOzoneClusterImpl-bd1d32be-c8fc-439f-9e0f-b9740ee9306b/datanode-0/data/ratis] (custom)
2019-06-13 21:34:38,392 INFO  storage.RaftStorageDirectory (RaftStorageDirectory.java:analyzeStorage(246)) - The storage directory /opt/src/hadoop-ozone/integration-test/target/test-dir/MiniOzoneClusterImpl-bd1d32be-c8fc-439f-9e0f-b9740ee9306b/datanode-0/data/ratis/55bbe985-1220-4426-bf3d-17a1aaf01f7d does not exist. Creating ...
2019-06-13 21:34:38,393 INFO  storage.RaftStorageDirectory (RaftStorageDirectory.java:tryLock(328)) - Lock on /opt/src/hadoop-ozone/integration-test/target/test-dir/MiniOzoneClusterImpl-bd1d32be-c8fc-439f-9e0f-b9740ee9306b/datanode-1/data/ratis/55bbe985-1220-4426-bf3d-17a1aaf01f7d/in_use.lock acquired by nodename 9995@ozone-d4wqq-1121427898
2019-06-13 21:34:38,394 INFO  storage.RaftStorageDirectory (RaftStorageDirectory.java:tryLock(328)) - Lock on /opt/src/hadoop-ozone/integration-test/target/test-dir/MiniOzoneClusterImpl-bd1d32be-c8fc-439f-9e0f-b9740ee9306b/datanode-2/data/ratis/55bbe985-1220-4426-bf3d-17a1aaf01f7d/in_use.lock acquired by nodename 9995@ozone-d4wqq-1121427898
2019-06-13 21:34:38,394 INFO  storage.RaftStorageDirectory (RaftStorageDirectory.java:tryLock(328)) - Lock on /opt/src/hadoop-ozone/integration-test/target/test-dir/MiniOzoneClusterImpl-bd1d32be-c8fc-439f-9e0f-b9740ee9306b/datanode-0/data/ratis/55bbe985-1220-4426-bf3d-17a1aaf01f7d/in_use.lock acquired by nodename 9995@ozone-d4wqq-1121427898
2019-06-13 21:34:38,396 INFO  storage.RaftStorage (RaftStorage.java:format(75)) - Storage directory /opt/src/hadoop-ozone/integration-test/target/test-dir/MiniOzoneClusterImpl-bd1d32be-c8fc-439f-9e0f-b9740ee9306b/datanode-1/data/ratis/55bbe985-1220-4426-bf3d-17a1aaf01f7d has been successfully formatted.
2019-06-13 21:34:38,396 INFO  storage.RaftStorage (RaftStorage.java:format(75)) - Storage directory /opt/src/hadoop-ozone/integration-test/target/test-dir/MiniOzoneClusterImpl-bd1d32be-c8fc-439f-9e0f-b9740ee9306b/datanode-2/data/ratis/55bbe985-1220-4426-bf3d-17a1aaf01f7d has been successfully formatted.
2019-06-13 21:34:38,397 INFO  ratis.ContainerStateMachine (ContainerStateMachine.java:loadSnapshot(199)) - The snapshot info is null.Setting the last applied index to:(t:0, i:~)
2019-06-13 21:34:38,397 INFO  server.RaftServerConfigKeys (ConfUtils.java:logGet(43)) - raft.server.leader.election.timeout = 10s (custom)
2019-06-13 21:34:38,397 INFO  server.RaftServerConfigKeys (ConfUtils.java:logGet(43)) - raft.server.log.use.memory = false (default)
2019-06-13 21:34:38,397 INFO  server.RaftServerConfigKeys (ConfUtils.java:logGet(43)) - raft.server.log.appender.buffer.byte-limit = 33554432 (custom)
2019-06-13 21:34:38,397 INFO  server.RaftServerConfigKeys (ConfUtils.java:logGet(43)) - raft.server.log.segment.size.max = 16384 (custom)
2019-06-13 21:34:38,397 INFO  server.RaftServerConfigKeys (ConfUtils.java:logGet(43)) - raft.server.log.segment.cache.num.max = 2 (custom)
2019-06-13 21:34:38,397 INFO  storage.RaftLogWorker (RaftLogWorker.java:<init>(123)) - new acfaaf4c-fd42-4ae4-8252-c76272d83cac-RaftLogWorker for Storage Directory /opt/src/hadoop-ozone/integration-test/target/test-dir/MiniOzoneClusterImpl-bd1d32be-c8fc-439f-9e0f-b9740ee9306b/datanode-1/data/ratis/55bbe985-1220-4426-bf3d-17a1aaf01f7d
2019-06-13 21:34:38,398 INFO  server.RaftServerConfigKeys (ConfUtils.java:logGet(43)) - raft.server.log.queue.byte-limit = 2147483647 (custom)
2019-06-13 21:34:38,398 INFO  server.RaftServerConfigKeys (ConfUtils.java:logGet(43)) - raft.server.log.queue.element-limit = 1024 (custom)
2019-06-13 21:34:38,398 INFO  server.RaftServerConfigKeys (ConfUtils.java:logGet(43)) - raft.server.log.segment.size.max = 16384 (custom)
2019-06-13 21:34:38,398 INFO  server.RaftServerConfigKeys (ConfUtils.java:logGet(43)) - raft.server.log.preallocated.size = 16384 (custom)
2019-06-13 21:34:38,398 INFO  server.RaftServerConfigKeys (ConfUtils.java:logGet(43)) - raft.server.log.write.buffer.size = 33554432 (custom)
2019-06-13 21:34:38,398 INFO  server.RaftServerConfigKeys (ConfUtils.java:logGet(43)) - raft.server.log.force.sync.num = 128 (default)
2019-06-13 21:34:38,398 INFO  server.RaftServerConfigKeys (ConfUtils.java:logGet(43)) - raft.server.log.statemachine.data.sync = true (default)
2019-06-13 21:34:38,398 INFO  server.RaftServerConfigKeys (ConfUtils.java:logGet(43)) - raft.server.log.statemachine.data.sync.timeout = 10s (default)
2019-06-13 21:34:38,398 INFO  storage.RaftStorage (RaftStorage.java:format(75)) - Storage directory /opt/src/hadoop-ozone/integration-test/target/test-dir/MiniOzoneClusterImpl-bd1d32be-c8fc-439f-9e0f-b9740ee9306b/datanode-0/data/ratis/55bbe985-1220-4426-bf3d-17a1aaf01f7d has been successfully formatted.
2019-06-13 21:34:38,397 INFO  ratis.ContainerStateMachine (ContainerStateMachine.java:loadSnapshot(199)) - The snapshot info is null.Setting the last applied index to:(t:0, i:~)
2019-06-13 21:34:38,399 INFO  server.RaftServerConfigKeys (ConfUtils.java:logGet(43)) - raft.server.leader.election.timeout = 10s (custom)
2019-06-13 21:34:38,399 INFO  server.RaftServerConfigKeys (ConfUtils.java:logGet(43)) - raft.server.log.use.memory = false (default)
2019-06-13 21:34:38,399 INFO  server.RaftServerConfigKeys (ConfUtils.java:logGet(43)) - raft.server.log.appender.buffer.byte-limit = 33554432 (custom)
2019-06-13 21:34:38,399 INFO  server.RaftServerConfigKeys (ConfUtils.java:logGet(43)) - raft.server.log.segment.size.max = 16384 (custom)
2019-06-13 21:34:38,399 INFO  server.RaftServerConfigKeys (ConfUtils.java:logGet(43)) - raft.server.log.segment.cache.num.max = 2 (custom)
2019-06-13 21:34:38,399 INFO  storage.RaftLogWorker (RaftLogWorker.java:<init>(123)) - new c444188c-a9c5-4fbc-a469-d358b9789c01-RaftLogWorker for Storage Directory /opt/src/hadoop-ozone/integration-test/target/test-dir/MiniOzoneClusterImpl-bd1d32be-c8fc-439f-9e0f-b9740ee9306b/datanode-2/data/ratis/55bbe985-1220-4426-bf3d-17a1aaf01f7d
2019-06-13 21:34:38,399 INFO  server.RaftServerConfigKeys (ConfUtils.java:logGet(43)) - raft.server.log.queue.byte-limit = 2147483647 (custom)
2019-06-13 21:34:38,399 INFO  server.RaftServerConfigKeys (ConfUtils.java:logGet(43)) - raft.server.log.queue.element-limit = 1024 (custom)
2019-06-13 21:34:38,400 INFO  server.RaftServerConfigKeys (ConfUtils.java:logGet(43)) - raft.server.log.segment.size.max = 16384 (custom)
2019-06-13 21:34:38,400 INFO  server.RaftServerConfigKeys (ConfUtils.java:logGet(43)) - raft.server.log.preallocated.size = 16384 (custom)
2019-06-13 21:34:38,400 INFO  server.RaftServerConfigKeys (ConfUtils.java:logGet(43)) - raft.server.log.write.buffer.size = 33554432 (custom)
2019-06-13 21:34:38,400 INFO  server.RaftServerConfigKeys (ConfUtils.java:logGet(43)) - raft.server.log.force.sync.num = 128 (default)
2019-06-13 21:34:38,400 INFO  server.RaftServerConfigKeys (ConfUtils.java:logGet(43)) - raft.server.log.statemachine.data.sync = true (default)
2019-06-13 21:34:38,400 INFO  server.RaftServerConfigKeys (ConfUtils.java:logGet(43)) - raft.server.log.statemachine.data.sync.timeout = 10s (default)
2019-06-13 21:34:38,400 INFO  server.RaftServerConfigKeys (ConfUtils.java:logGet(43)) - raft.server.log.statemachine.data.sync.timeout.retry = -1 (default)
2019-06-13 21:34:38,400 INFO  server.RaftServerConfigKeys (ConfUtils.java:logGet(43)) - raft.server.log.statemachine.data.caching.enabled = true (custom)
2019-06-13 21:34:38,399 INFO  ratis.ContainerStateMachine (ContainerStateMachine.java:loadSnapshot(199)) - The snapshot info is null.Setting the last applied index to:(t:0, i:~)
2019-06-13 21:34:38,401 INFO  server.RaftServerConfigKeys (ConfUtils.java:logGet(43)) - raft.server.leader.election.timeout = 10s (custom)
2019-06-13 21:34:38,401 INFO  server.RaftServerConfigKeys (ConfUtils.java:logGet(43)) - raft.server.log.use.memory = false (default)
2019-06-13 21:34:38,401 INFO  server.RaftServerConfigKeys (ConfUtils.java:logGet(43)) - raft.server.log.appender.buffer.byte-limit = 33554432 (custom)
2019-06-13 21:34:38,401 INFO  server.RaftServerConfigKeys (ConfUtils.java:logGet(43)) - raft.server.log.segment.size.max = 16384 (custom)
2019-06-13 21:34:38,401 INFO  server.RaftServerConfigKeys (ConfUtils.java:logGet(43)) - raft.server.log.segment.cache.num.max = 2 (custom)
2019-06-13 21:34:38,402 INFO  storage.RaftLogWorker (RaftLogWorker.java:<init>(123)) - new 04e160f5-0d30-4707-b592-de9a20b07098-RaftLogWorker for Storage Directory /opt/src/hadoop-ozone/integration-test/target/test-dir/MiniOzoneClusterImpl-bd1d32be-c8fc-439f-9e0f-b9740ee9306b/datanode-0/data/ratis/55bbe985-1220-4426-bf3d-17a1aaf01f7d
2019-06-13 21:34:38,402 INFO  server.RaftServerConfigKeys (ConfUtils.java:logGet(43)) - raft.server.log.queue.byte-limit = 2147483647 (custom)
2019-06-13 21:34:38,402 INFO  server.RaftServerConfigKeys (ConfUtils.java:logGet(43)) - raft.server.log.queue.element-limit = 1024 (custom)
2019-06-13 21:34:38,402 INFO  server.RaftServerConfigKeys (ConfUtils.java:logGet(43)) - raft.server.log.segment.size.max = 16384 (custom)
2019-06-13 21:34:38,402 INFO  server.RaftServerConfigKeys (ConfUtils.java:logGet(43)) - raft.server.log.preallocated.size = 16384 (custom)
2019-06-13 21:34:38,402 INFO  server.RaftServerConfigKeys (ConfUtils.java:logGet(43)) - raft.server.log.write.buffer.size = 33554432 (custom)
2019-06-13 21:34:38,402 INFO  server.RaftServerConfigKeys (ConfUtils.java:logGet(43)) - raft.server.log.force.sync.num = 128 (default)
2019-06-13 21:34:38,402 INFO  server.RaftServerConfigKeys (ConfUtils.java:logGet(43)) - raft.server.log.statemachine.data.sync = true (default)
2019-06-13 21:34:38,402 INFO  server.RaftServerConfigKeys (ConfUtils.java:logGet(43)) - raft.server.log.statemachine.data.sync.timeout = 10s (default)
2019-06-13 21:34:38,403 INFO  server.RaftServerConfigKeys (ConfUtils.java:logGet(43)) - raft.server.log.statemachine.data.sync.timeout.retry = -1 (default)
2019-06-13 21:34:38,403 INFO  server.RaftServerConfigKeys (ConfUtils.java:logGet(43)) - raft.server.log.statemachine.data.caching.enabled = true (custom)
2019-06-13 21:34:38,398 INFO  server.RaftServerConfigKeys (ConfUtils.java:logGet(43)) - raft.server.log.statemachine.data.sync.timeout.retry = -1 (default)
2019-06-13 21:34:38,397 INFO  node.SCMNodeManager (SCMNodeManager.java:register(234)) - Registered Data node : 8f6ad65a-a258-4f2f-a6a2-5b56d938abae{ip: 192.168.11.218, host: ozone-d4wqq-1121427898, networkLocation: /default-rack, certSerialId: null}
2019-06-13 21:34:38,403 INFO  server.RaftServerConfigKeys (ConfUtils.java:logGet(43)) - raft.server.log.statemachine.data.caching.enabled = true (custom)
2019-06-13 21:34:38,404 INFO  server.RaftServerConfigKeys (ConfUtils.java:logGet(43)) - raft.server.snapshot.auto.trigger.enabled = true (custom)
2019-06-13 21:34:38,401 INFO  server.RaftServerConfigKeys (ConfUtils.java:logGet(43)) - raft.server.snapshot.auto.trigger.enabled = true (custom)
2019-06-13 21:34:38,404 INFO  server.RaftServerConfigKeys (ConfUtils.java:logGet(43)) - raft.server.snapshot.auto.trigger.threshold = 10000 (custom)
2019-06-13 21:34:38,404 INFO  server.RaftServerConfigKeys (ConfUtils.java:logGet(43)) - raft.server.snapshot.auto.trigger.threshold = 10000 (custom)
2019-06-13 21:34:38,404 INFO  server.RaftServerConfigKeys (ConfUtils.java:logGet(43)) - raft.server.retrycache.expirytime = 600000ms (custom)
2019-06-13 21:34:38,404 INFO  server.RaftServerConfigKeys (ConfUtils.java:logGet(43)) - raft.server.retrycache.expirytime = 600000ms (custom)
2019-06-13 21:34:38,404 INFO  impl.RaftServerImpl (RaftServerImpl.java:start(173)) - 04e160f5-0d30-4707-b592-de9a20b07098: start group-17A1AAF01F7D
2019-06-13 21:34:38,404 INFO  impl.RaftServerImpl (RaftServerImpl.java:start(173)) - c444188c-a9c5-4fbc-a469-d358b9789c01: start group-17A1AAF01F7D
2019-06-13 21:34:38,404 INFO  server.RaftServerConfigKeys (ConfUtils.java:logGet(43)) - raft.server.snapshot.auto.trigger.enabled = true (custom)
2019-06-13 21:34:38,404 INFO  impl.RaftServerImpl (RaftServerImpl.java:setRole(164)) - c444188c-a9c5-4fbc-a469-d358b9789c01:group-17A1AAF01F7D changes role from null to FOLLOWER at term 0 for startAsFollower
2019-06-13 21:34:38,404 INFO  impl.RaftServerImpl (RaftServerImpl.java:setRole(164)) - 04e160f5-0d30-4707-b592-de9a20b07098:group-17A1AAF01F7D changes role from null to FOLLOWER at term 0 for startAsFollower
2019-06-13 21:34:38,404 INFO  impl.RoleInfo (RoleInfo.java:updateAndGet(143)) - c444188c-a9c5-4fbc-a469-d358b9789c01: start FollowerState
2019-06-13 21:34:38,404 INFO  server.RaftServerConfigKeys (ConfUtils.java:logGet(43)) - raft.server.snapshot.auto.trigger.threshold = 10000 (custom)
2019-06-13 21:34:38,405 INFO  server.RaftServerConfigKeys (ConfUtils.java:logGet(43)) - raft.server.retrycache.expirytime = 600000ms (custom)
2019-06-13 21:34:38,405 INFO  util.JmxRegister (JmxRegister.java:tryRegister(44)) - Successfully registered JMX Bean with object name Ratis:service=RaftServer,group=group-17A1AAF01F7D,id=c444188c-a9c5-4fbc-a469-d358b9789c01
2019-06-13 21:34:38,405 INFO  impl.RoleInfo (RoleInfo.java:updateAndGet(143)) - 04e160f5-0d30-4707-b592-de9a20b07098: start FollowerState
2019-06-13 21:34:38,405 INFO  impl.RaftServerImpl (RaftServerImpl.java:start(173)) - acfaaf4c-fd42-4ae4-8252-c76272d83cac: start group-17A1AAF01F7D
2019-06-13 21:34:38,405 INFO  impl.RaftServerImpl (RaftServerImpl.java:setRole(164)) - acfaaf4c-fd42-4ae4-8252-c76272d83cac:group-17A1AAF01F7D changes role from null to FOLLOWER at term 0 for startAsFollower
2019-06-13 21:34:38,407 INFO  impl.RoleInfo (RoleInfo.java:updateAndGet(143)) - acfaaf4c-fd42-4ae4-8252-c76272d83cac: start FollowerState
2019-06-13 21:34:38,407 INFO  util.JmxRegister (JmxRegister.java:tryRegister(44)) - Successfully registered JMX Bean with object name Ratis:service=RaftServer,group=group-17A1AAF01F7D,id=04e160f5-0d30-4707-b592-de9a20b07098
2019-06-13 21:34:38,412 INFO  util.JmxRegister (JmxRegister.java:tryRegister(44)) - Successfully registered JMX Bean with object name Ratis:service=RaftServer,group=group-17A1AAF01F7D,id=acfaaf4c-fd42-4ae4-8252-c76272d83cac
2019-06-13 21:34:38,426 INFO  pipeline.PipelineStateManager (PipelineStateManager.java:addPipeline(56)) - Created pipeline Pipeline[ Id: 55bbe985-1220-4426-bf3d-17a1aaf01f7d, Nodes: 04e160f5-0d30-4707-b592-de9a20b07098{ip: 192.168.11.218, host: ozone-d4wqq-1121427898, networkLocation: /default-rack, certSerialId: null}acfaaf4c-fd42-4ae4-8252-c76272d83cac{ip: 192.168.11.218, host: ozone-d4wqq-1121427898, networkLocation: /default-rack, certSerialId: null}c444188c-a9c5-4fbc-a469-d358b9789c01{ip: 192.168.11.218, host: ozone-d4wqq-1121427898, networkLocation: /default-rack, certSerialId: null}, Type:RATIS, Factor:THREE, State:OPEN]
2019-06-13 21:34:38,436 INFO  impl.RaftServerProxy (RaftServerProxy.java:addNew(89)) - 8f6ad65a-a258-4f2f-a6a2-5b56d938abae: addNew group-E56A561D13F3:[8f6ad65a-a258-4f2f-a6a2-5b56d938abae:192.168.11.218:41713] returns group-E56A561D13F3:java.util.concurrent.CompletableFuture@3c2606b9[Not completed]
2019-06-13 21:34:38,436 INFO  impl.RaftServerImpl (RaftServerImpl.java:<init>(91)) - 8f6ad65a-a258-4f2f-a6a2-5b56d938abae: new RaftServerImpl for group-E56A561D13F3:[8f6ad65a-a258-4f2f-a6a2-5b56d938abae:192.168.11.218:41713] with ContainerStateMachine:uninitialized
2019-06-13 21:34:38,437 INFO  server.RaftServerConfigKeys (ConfUtils.java:logGet(43)) - raft.server.rpc.timeout.min = 1s (custom)
2019-06-13 21:34:38,437 INFO  server.RaftServerConfigKeys (ConfUtils.java:logGet(43)) - raft.server.rpc.timeout.max = 1200ms (custom)
2019-06-13 21:34:38,437 INFO  server.RaftServerConfigKeys (ConfUtils.java:logGet(43)) - raft.server.rpcslowness.timeout = 10s (custom)
2019-06-13 21:34:38,437 INFO  server.RaftServerConfigKeys (ConfUtils.java:logGet(43)) - raft.server.log.appender.install.snapshot.enabled = true (default)
2019-06-13 21:34:38,437 INFO  impl.RaftServerImpl (ServerState.java:<init>(101)) - 8f6ad65a-a258-4f2f-a6a2-5b56d938abae:group-E56A561D13F3 ConfigurationManager, init=-1: [8f6ad65a-a258-4f2f-a6a2-5b56d938abae:192.168.11.218:41713], old=null, confs=<EMPTY_MAP>
2019-06-13 21:34:38,437 INFO  server.RaftServerConfigKeys (ConfUtils.java:logGet(43)) - raft.server.storage.dir = [/opt/src/hadoop-ozone/integration-test/target/test-dir/MiniOzoneClusterImpl-bd1d32be-c8fc-439f-9e0f-b9740ee9306b/datanode-4/data/ratis] (custom)
2019-06-13 21:34:38,438 INFO  storage.RaftStorageDirectory (RaftStorageDirectory.java:analyzeStorage(246)) - The storage directory /opt/src/hadoop-ozone/integration-test/target/test-dir/MiniOzoneClusterImpl-bd1d32be-c8fc-439f-9e0f-b9740ee9306b/datanode-4/data/ratis/584803e3-dd73-4c0b-838b-e56a561d13f3 does not exist. Creating ...
2019-06-13 21:34:38,440 INFO  storage.RaftStorageDirectory (RaftStorageDirectory.java:tryLock(328)) - Lock on /opt/src/hadoop-ozone/integration-test/target/test-dir/MiniOzoneClusterImpl-bd1d32be-c8fc-439f-9e0f-b9740ee9306b/datanode-4/data/ratis/584803e3-dd73-4c0b-838b-e56a561d13f3/in_use.lock acquired by nodename 9995@ozone-d4wqq-1121427898
2019-06-13 21:34:38,442 INFO  storage.RaftStorage (RaftStorage.java:format(75)) - Storage directory /opt/src/hadoop-ozone/integration-test/target/test-dir/MiniOzoneClusterImpl-bd1d32be-c8fc-439f-9e0f-b9740ee9306b/datanode-4/data/ratis/584803e3-dd73-4c0b-838b-e56a561d13f3 has been successfully formatted.
2019-06-13 21:34:38,442 INFO  ratis.ContainerStateMachine (ContainerStateMachine.java:loadSnapshot(199)) - The snapshot info is null.Setting the last applied index to:(t:0, i:~)
2019-06-13 21:34:38,442 INFO  server.RaftServerConfigKeys (ConfUtils.java:logGet(43)) - raft.server.leader.election.timeout = 10s (custom)
2019-06-13 21:34:38,442 INFO  server.RaftServerConfigKeys (ConfUtils.java:logGet(43)) - raft.server.log.use.memory = false (default)
2019-06-13 21:34:38,442 INFO  server.RaftServerConfigKeys (ConfUtils.java:logGet(43)) - raft.server.log.appender.buffer.byte-limit = 33554432 (custom)
2019-06-13 21:34:38,442 INFO  server.RaftServerConfigKeys (ConfUtils.java:logGet(43)) - raft.server.log.segment.size.max = 16384 (custom)
2019-06-13 21:34:38,442 INFO  server.RaftServerConfigKeys (ConfUtils.java:logGet(43)) - raft.server.log.segment.cache.num.max = 2 (custom)
2019-06-13 21:34:38,442 INFO  storage.RaftLogWorker (RaftLogWorker.java:<init>(123)) - new 8f6ad65a-a258-4f2f-a6a2-5b56d938abae-RaftLogWorker for Storage Directory /opt/src/hadoop-ozone/integration-test/target/test-dir/MiniOzoneClusterImpl-bd1d32be-c8fc-439f-9e0f-b9740ee9306b/datanode-4/data/ratis/584803e3-dd73-4c0b-838b-e56a561d13f3
2019-06-13 21:34:38,442 INFO  server.RaftServerConfigKeys (ConfUtils.java:logGet(43)) - raft.server.log.queue.byte-limit = 2147483647 (custom)
2019-06-13 21:34:38,442 INFO  server.RaftServerConfigKeys (ConfUtils.java:logGet(43)) - raft.server.log.queue.element-limit = 1024 (custom)
2019-06-13 21:34:38,442 INFO  server.RaftServerConfigKeys (ConfUtils.java:logGet(43)) - raft.server.log.segment.size.max = 16384 (custom)
2019-06-13 21:34:38,442 INFO  server.RaftServerConfigKeys (ConfUtils.java:logGet(43)) - raft.server.log.preallocated.size = 16384 (custom)
2019-06-13 21:34:38,443 INFO  server.RaftServerConfigKeys (ConfUtils.java:logGet(43)) - raft.server.log.write.buffer.size = 33554432 (custom)
2019-06-13 21:34:38,443 INFO  server.RaftServerConfigKeys (ConfUtils.java:logGet(43)) - raft.server.log.force.sync.num = 128 (default)
2019-06-13 21:34:38,443 INFO  server.RaftServerConfigKeys (ConfUtils.java:logGet(43)) - raft.server.log.statemachine.data.sync = true (default)
2019-06-13 21:34:38,443 INFO  server.RaftServerConfigKeys (ConfUtils.java:logGet(43)) - raft.server.log.statemachine.data.sync.timeout = 10s (default)
2019-06-13 21:34:38,443 INFO  server.RaftServerConfigKeys (ConfUtils.java:logGet(43)) - raft.server.log.statemachine.data.sync.timeout.retry = -1 (default)
2019-06-13 21:34:38,443 INFO  server.RaftServerConfigKeys (ConfUtils.java:logGet(43)) - raft.server.log.statemachine.data.caching.enabled = true (custom)
2019-06-13 21:34:38,443 INFO  server.RaftServerConfigKeys (ConfUtils.java:logGet(43)) - raft.server.snapshot.auto.trigger.enabled = true (custom)
2019-06-13 21:34:38,443 INFO  server.RaftServerConfigKeys (ConfUtils.java:logGet(43)) - raft.server.snapshot.auto.trigger.threshold = 10000 (custom)
2019-06-13 21:34:38,443 INFO  server.RaftServerConfigKeys (ConfUtils.java:logGet(43)) - raft.server.retrycache.expirytime = 600000ms (custom)
2019-06-13 21:34:38,444 INFO  impl.RaftServerImpl (RaftServerImpl.java:start(173)) - 8f6ad65a-a258-4f2f-a6a2-5b56d938abae: start group-E56A561D13F3
2019-06-13 21:34:38,444 INFO  impl.RaftServerImpl (RaftServerImpl.java:setRole(164)) - 8f6ad65a-a258-4f2f-a6a2-5b56d938abae:group-E56A561D13F3 changes role from null to FOLLOWER at term 0 for startAsFollower
2019-06-13 21:34:38,444 INFO  impl.RoleInfo (RoleInfo.java:updateAndGet(143)) - 8f6ad65a-a258-4f2f-a6a2-5b56d938abae: start FollowerState
2019-06-13 21:34:38,444 INFO  util.JmxRegister (JmxRegister.java:tryRegister(44)) - Successfully registered JMX Bean with object name Ratis:service=RaftServer,group=group-E56A561D13F3,id=8f6ad65a-a258-4f2f-a6a2-5b56d938abae
2019-06-13 21:34:38,448 INFO  pipeline.PipelineStateManager (PipelineStateManager.java:addPipeline(56)) - Created pipeline Pipeline[ Id: 584803e3-dd73-4c0b-838b-e56a561d13f3, Nodes: 8f6ad65a-a258-4f2f-a6a2-5b56d938abae{ip: 192.168.11.218, host: ozone-d4wqq-1121427898, networkLocation: /default-rack, certSerialId: null}, Type:RATIS, Factor:ONE, State:OPEN]
2019-06-13 21:34:38,593 INFO  ozone.MiniOzoneClusterImpl (MiniOzoneClusterImpl.java:lambda$waitForClusterToBeReady$0(142)) - Waiting for cluster to be ready. Got 5 of 6 DN Heartbeats.
2019-06-13 21:34:38,597 INFO  node.SCMNodeManager (SCMNodeManager.java:register(234)) - Registered Data node : 54e9a4a9-dd57-41be-b090-9d8d2018c541{ip: 192.168.11.218, host: ozone-d4wqq-1121427898, networkLocation: /default-rack, certSerialId: null}
2019-06-13 21:34:38,608 INFO  impl.RaftServerProxy (RaftServerProxy.java:addNew(89)) - 54e9a4a9-dd57-41be-b090-9d8d2018c541: addNew group-025F5F660871:[54e9a4a9-dd57-41be-b090-9d8d2018c541:192.168.11.218:43977] returns group-025F5F660871:java.util.concurrent.CompletableFuture@2d7b7efc[Not completed]
2019-06-13 21:34:38,609 INFO  impl.RaftServerImpl (RaftServerImpl.java:<init>(91)) - 54e9a4a9-dd57-41be-b090-9d8d2018c541: new RaftServerImpl for group-025F5F660871:[54e9a4a9-dd57-41be-b090-9d8d2018c541:192.168.11.218:43977] with ContainerStateMachine:uninitialized
2019-06-13 21:34:38,609 INFO  server.RaftServerConfigKeys (ConfUtils.java:logGet(43)) - raft.server.rpc.timeout.min = 1s (custom)
2019-06-13 21:34:38,609 INFO  server.RaftServerConfigKeys (ConfUtils.java:logGet(43)) - raft.server.rpc.timeout.max = 1200ms (custom)
2019-06-13 21:34:38,609 INFO  server.RaftServerConfigKeys (ConfUtils.java:logGet(43)) - raft.server.rpcslowness.timeout = 10s (custom)
2019-06-13 21:34:38,609 INFO  server.RaftServerConfigKeys (ConfUtils.java:logGet(43)) - raft.server.log.appender.install.snapshot.enabled = true (default)
2019-06-13 21:34:38,609 INFO  impl.RaftServerImpl (ServerState.java:<init>(101)) - 54e9a4a9-dd57-41be-b090-9d8d2018c541:group-025F5F660871 ConfigurationManager, init=-1: [54e9a4a9-dd57-41be-b090-9d8d2018c541:192.168.11.218:43977], old=null, confs=<EMPTY_MAP>
2019-06-13 21:34:38,609 INFO  server.RaftServerConfigKeys (ConfUtils.java:logGet(43)) - raft.server.storage.dir = [/opt/src/hadoop-ozone/integration-test/target/test-dir/MiniOzoneClusterImpl-bd1d32be-c8fc-439f-9e0f-b9740ee9306b/datanode-5/data/ratis] (custom)
2019-06-13 21:34:38,610 INFO  storage.RaftStorageDirectory (RaftStorageDirectory.java:analyzeStorage(246)) - The storage directory /opt/src/hadoop-ozone/integration-test/target/test-dir/MiniOzoneClusterImpl-bd1d32be-c8fc-439f-9e0f-b9740ee9306b/datanode-5/data/ratis/af8f9ccc-53c7-46ba-974a-025f5f660871 does not exist. Creating ...
2019-06-13 21:34:38,612 INFO  storage.RaftStorageDirectory (RaftStorageDirectory.java:tryLock(328)) - Lock on /opt/src/hadoop-ozone/integration-test/target/test-dir/MiniOzoneClusterImpl-bd1d32be-c8fc-439f-9e0f-b9740ee9306b/datanode-5/data/ratis/af8f9ccc-53c7-46ba-974a-025f5f660871/in_use.lock acquired by nodename 9995@ozone-d4wqq-1121427898
2019-06-13 21:34:38,614 INFO  storage.RaftStorage (RaftStorage.java:format(75)) - Storage directory /opt/src/hadoop-ozone/integration-test/target/test-dir/MiniOzoneClusterImpl-bd1d32be-c8fc-439f-9e0f-b9740ee9306b/datanode-5/data/ratis/af8f9ccc-53c7-46ba-974a-025f5f660871 has been successfully formatted.
2019-06-13 21:34:38,614 INFO  ratis.ContainerStateMachine (ContainerStateMachine.java:loadSnapshot(199)) - The snapshot info is null.Setting the last applied index to:(t:0, i:~)
2019-06-13 21:34:38,614 INFO  server.RaftServerConfigKeys (ConfUtils.java:logGet(43)) - raft.server.leader.election.timeout = 10s (custom)
2019-06-13 21:34:38,614 INFO  server.RaftServerConfigKeys (ConfUtils.java:logGet(43)) - raft.server.log.use.memory = false (default)
2019-06-13 21:34:38,614 INFO  server.RaftServerConfigKeys (ConfUtils.java:logGet(43)) - raft.server.log.appender.buffer.byte-limit = 33554432 (custom)
2019-06-13 21:34:38,614 INFO  server.RaftServerConfigKeys (ConfUtils.java:logGet(43)) - raft.server.log.segment.size.max = 16384 (custom)
2019-06-13 21:34:38,614 INFO  server.RaftServerConfigKeys (ConfUtils.java:logGet(43)) - raft.server.log.segment.cache.num.max = 2 (custom)
2019-06-13 21:34:38,614 INFO  storage.RaftLogWorker (RaftLogWorker.java:<init>(123)) - new 54e9a4a9-dd57-41be-b090-9d8d2018c541-RaftLogWorker for Storage Directory /opt/src/hadoop-ozone/integration-test/target/test-dir/MiniOzoneClusterImpl-bd1d32be-c8fc-439f-9e0f-b9740ee9306b/datanode-5/data/ratis/af8f9ccc-53c7-46ba-974a-025f5f660871
2019-06-13 21:34:38,615 INFO  server.RaftServerConfigKeys (ConfUtils.java:logGet(43)) - raft.server.log.queue.byte-limit = 2147483647 (custom)
2019-06-13 21:34:38,615 INFO  server.RaftServerConfigKeys (ConfUtils.java:logGet(43)) - raft.server.log.queue.element-limit = 1024 (custom)
2019-06-13 21:34:38,615 INFO  server.RaftServerConfigKeys (ConfUtils.java:logGet(43)) - raft.server.log.segment.size.max = 16384 (custom)
2019-06-13 21:34:38,615 INFO  server.RaftServerConfigKeys (ConfUtils.java:logGet(43)) - raft.server.log.preallocated.size = 16384 (custom)
2019-06-13 21:34:38,615 INFO  server.RaftServerConfigKeys (ConfUtils.java:logGet(43)) - raft.server.log.write.buffer.size = 33554432 (custom)
2019-06-13 21:34:38,615 INFO  server.RaftServerConfigKeys (ConfUtils.java:logGet(43)) - raft.server.log.force.sync.num = 128 (default)
2019-06-13 21:34:38,615 INFO  server.RaftServerConfigKeys (ConfUtils.java:logGet(43)) - raft.server.log.statemachine.data.sync = true (default)
2019-06-13 21:34:38,615 INFO  server.RaftServerConfigKeys (ConfUtils.java:logGet(43)) - raft.server.log.statemachine.data.sync.timeout = 10s (default)
2019-06-13 21:34:38,615 INFO  server.RaftServerConfigKeys (ConfUtils.java:logGet(43)) - raft.server.log.statemachine.data.sync.timeout.retry = -1 (default)
2019-06-13 21:34:38,615 INFO  server.RaftServerConfigKeys (ConfUtils.java:logGet(43)) - raft.server.log.statemachine.data.caching.enabled = true (custom)
2019-06-13 21:34:38,616 INFO  server.RaftServerConfigKeys (ConfUtils.java:logGet(43)) - raft.server.snapshot.auto.trigger.enabled = true (custom)
2019-06-13 21:34:38,616 INFO  server.RaftServerConfigKeys (ConfUtils.java:logGet(43)) - raft.server.snapshot.auto.trigger.threshold = 10000 (custom)
2019-06-13 21:34:38,616 INFO  server.RaftServerConfigKeys (ConfUtils.java:logGet(43)) - raft.server.retrycache.expirytime = 600000ms (custom)
2019-06-13 21:34:38,616 INFO  impl.RaftServerImpl (RaftServerImpl.java:start(173)) - 54e9a4a9-dd57-41be-b090-9d8d2018c541: start group-025F5F660871
2019-06-13 21:34:38,616 INFO  impl.RaftServerImpl (RaftServerImpl.java:setRole(164)) - 54e9a4a9-dd57-41be-b090-9d8d2018c541:group-025F5F660871 changes role from null to FOLLOWER at term 0 for startAsFollower
2019-06-13 21:34:38,616 INFO  impl.RoleInfo (RoleInfo.java:updateAndGet(143)) - 54e9a4a9-dd57-41be-b090-9d8d2018c541: start FollowerState
2019-06-13 21:34:38,616 INFO  util.JmxRegister (JmxRegister.java:tryRegister(44)) - Successfully registered JMX Bean with object name Ratis:service=RaftServer,group=group-025F5F660871,id=54e9a4a9-dd57-41be-b090-9d8d2018c541
2019-06-13 21:34:38,624 INFO  pipeline.PipelineStateManager (PipelineStateManager.java:addPipeline(56)) - Created pipeline Pipeline[ Id: af8f9ccc-53c7-46ba-974a-025f5f660871, Nodes: 54e9a4a9-dd57-41be-b090-9d8d2018c541{ip: 192.168.11.218, host: ozone-d4wqq-1121427898, networkLocation: /default-rack, certSerialId: null}, Type:RATIS, Factor:ONE, State:OPEN]
2019-06-13 21:34:38,642 INFO  impl.RaftServerProxy (RaftServerProxy.java:addNew(89)) - 54e9a4a9-dd57-41be-b090-9d8d2018c541: addNew group-17185A348995:[54e9a4a9-dd57-41be-b090-9d8d2018c541:192.168.11.218:43977, 8f6ad65a-a258-4f2f-a6a2-5b56d938abae:192.168.11.218:41713, 4c1e926e-28a4-42c0-a771-1d793c5e841c:192.168.11.218:38935] returns group-17185A348995:java.util.concurrent.CompletableFuture@731d7906[Not completed]
2019-06-13 21:34:38,643 INFO  impl.RaftServerImpl (RaftServerImpl.java:<init>(91)) - 54e9a4a9-dd57-41be-b090-9d8d2018c541: new RaftServerImpl for group-17185A348995:[54e9a4a9-dd57-41be-b090-9d8d2018c541:192.168.11.218:43977, 8f6ad65a-a258-4f2f-a6a2-5b56d938abae:192.168.11.218:41713, 4c1e926e-28a4-42c0-a771-1d793c5e841c:192.168.11.218:38935] with ContainerStateMachine:uninitialized
2019-06-13 21:34:38,643 INFO  server.RaftServerConfigKeys (ConfUtils.java:logGet(43)) - raft.server.rpc.timeout.min = 1s (custom)
2019-06-13 21:34:38,643 INFO  impl.RaftServerProxy (RaftServerProxy.java:addNew(89)) - 8f6ad65a-a258-4f2f-a6a2-5b56d938abae: addNew group-17185A348995:[54e9a4a9-dd57-41be-b090-9d8d2018c541:192.168.11.218:43977, 8f6ad65a-a258-4f2f-a6a2-5b56d938abae:192.168.11.218:41713, 4c1e926e-28a4-42c0-a771-1d793c5e841c:192.168.11.218:38935] returns group-17185A348995:java.util.concurrent.CompletableFuture@73acd4b6[Not completed]
2019-06-13 21:34:38,644 INFO  impl.RaftServerImpl (RaftServerImpl.java:<init>(91)) - 8f6ad65a-a258-4f2f-a6a2-5b56d938abae: new RaftServerImpl for group-17185A348995:[54e9a4a9-dd57-41be-b090-9d8d2018c541:192.168.11.218:43977, 8f6ad65a-a258-4f2f-a6a2-5b56d938abae:192.168.11.218:41713, 4c1e926e-28a4-42c0-a771-1d793c5e841c:192.168.11.218:38935] with ContainerStateMachine:uninitialized
2019-06-13 21:34:38,644 INFO  server.RaftServerConfigKeys (ConfUtils.java:logGet(43)) - raft.server.rpc.timeout.min = 1s (custom)
2019-06-13 21:34:38,644 INFO  server.RaftServerConfigKeys (ConfUtils.java:logGet(43)) - raft.server.rpc.timeout.max = 1200ms (custom)
2019-06-13 21:34:38,644 INFO  server.RaftServerConfigKeys (ConfUtils.java:logGet(43)) - raft.server.rpcslowness.timeout = 10s (custom)
2019-06-13 21:34:38,644 INFO  server.RaftServerConfigKeys (ConfUtils.java:logGet(43)) - raft.server.log.appender.install.snapshot.enabled = true (default)
2019-06-13 21:34:38,645 INFO  impl.RaftServerImpl (ServerState.java:<init>(101)) - 8f6ad65a-a258-4f2f-a6a2-5b56d938abae:group-17185A348995 ConfigurationManager, init=-1: [54e9a4a9-dd57-41be-b090-9d8d2018c541:192.168.11.218:43977, 8f6ad65a-a258-4f2f-a6a2-5b56d938abae:192.168.11.218:41713, 4c1e926e-28a4-42c0-a771-1d793c5e841c:192.168.11.218:38935], old=null, confs=<EMPTY_MAP>
2019-06-13 21:34:38,645 INFO  server.RaftServerConfigKeys (ConfUtils.java:logGet(43)) - raft.server.storage.dir = [/opt/src/hadoop-ozone/integration-test/target/test-dir/MiniOzoneClusterImpl-bd1d32be-c8fc-439f-9e0f-b9740ee9306b/datanode-4/data/ratis] (custom)
2019-06-13 21:34:38,645 INFO  storage.RaftStorageDirectory (RaftStorageDirectory.java:analyzeStorage(246)) - The storage directory /opt/src/hadoop-ozone/integration-test/target/test-dir/MiniOzoneClusterImpl-bd1d32be-c8fc-439f-9e0f-b9740ee9306b/datanode-4/data/ratis/3d9ef01e-020f-4d22-a9b2-17185a348995 does not exist. Creating ...
2019-06-13 21:34:38,643 INFO  server.RaftServerConfigKeys (ConfUtils.java:logGet(43)) - raft.server.rpc.timeout.max = 1200ms (custom)
2019-06-13 21:34:38,646 INFO  server.RaftServerConfigKeys (ConfUtils.java:logGet(43)) - raft.server.rpcslowness.timeout = 10s (custom)
2019-06-13 21:34:38,646 INFO  server.RaftServerConfigKeys (ConfUtils.java:logGet(43)) - raft.server.log.appender.install.snapshot.enabled = true (default)
2019-06-13 21:34:38,646 INFO  impl.RaftServerImpl (ServerState.java:<init>(101)) - 54e9a4a9-dd57-41be-b090-9d8d2018c541:group-17185A348995 ConfigurationManager, init=-1: [54e9a4a9-dd57-41be-b090-9d8d2018c541:192.168.11.218:43977, 8f6ad65a-a258-4f2f-a6a2-5b56d938abae:192.168.11.218:41713, 4c1e926e-28a4-42c0-a771-1d793c5e841c:192.168.11.218:38935], old=null, confs=<EMPTY_MAP>
2019-06-13 21:34:38,646 INFO  server.RaftServerConfigKeys (ConfUtils.java:logGet(43)) - raft.server.storage.dir = [/opt/src/hadoop-ozone/integration-test/target/test-dir/MiniOzoneClusterImpl-bd1d32be-c8fc-439f-9e0f-b9740ee9306b/datanode-5/data/ratis] (custom)
2019-06-13 21:34:38,646 INFO  storage.RaftStorageDirectory (RaftStorageDirectory.java:analyzeStorage(246)) - The storage directory /opt/src/hadoop-ozone/integration-test/target/test-dir/MiniOzoneClusterImpl-bd1d32be-c8fc-439f-9e0f-b9740ee9306b/datanode-5/data/ratis/3d9ef01e-020f-4d22-a9b2-17185a348995 does not exist. Creating ...
2019-06-13 21:34:38,647 INFO  storage.RaftStorageDirectory (RaftStorageDirectory.java:tryLock(328)) - Lock on /opt/src/hadoop-ozone/integration-test/target/test-dir/MiniOzoneClusterImpl-bd1d32be-c8fc-439f-9e0f-b9740ee9306b/datanode-4/data/ratis/3d9ef01e-020f-4d22-a9b2-17185a348995/in_use.lock acquired by nodename 9995@ozone-d4wqq-1121427898
2019-06-13 21:34:38,647 INFO  impl.RaftServerProxy (RaftServerProxy.java:addNew(89)) - 4c1e926e-28a4-42c0-a771-1d793c5e841c: addNew group-17185A348995:[54e9a4a9-dd57-41be-b090-9d8d2018c541:192.168.11.218:43977, 8f6ad65a-a258-4f2f-a6a2-5b56d938abae:192.168.11.218:41713, 4c1e926e-28a4-42c0-a771-1d793c5e841c:192.168.11.218:38935] returns group-17185A348995:java.util.concurrent.CompletableFuture@42a4e865[Not completed]
2019-06-13 21:34:38,648 INFO  impl.RaftServerImpl (RaftServerImpl.java:<init>(91)) - 4c1e926e-28a4-42c0-a771-1d793c5e841c: new RaftServerImpl for group-17185A348995:[54e9a4a9-dd57-41be-b090-9d8d2018c541:192.168.11.218:43977, 8f6ad65a-a258-4f2f-a6a2-5b56d938abae:192.168.11.218:41713, 4c1e926e-28a4-42c0-a771-1d793c5e841c:192.168.11.218:38935] with ContainerStateMachine:uninitialized
2019-06-13 21:34:38,648 INFO  server.RaftServerConfigKeys (ConfUtils.java:logGet(43)) - raft.server.rpc.timeout.min = 1s (custom)
2019-06-13 21:34:38,648 INFO  server.RaftServerConfigKeys (ConfUtils.java:logGet(43)) - raft.server.rpc.timeout.max = 1200ms (custom)
2019-06-13 21:34:38,648 INFO  server.RaftServerConfigKeys (ConfUtils.java:logGet(43)) - raft.server.rpcslowness.timeout = 10s (custom)
2019-06-13 21:34:38,648 INFO  server.RaftServerConfigKeys (ConfUtils.java:logGet(43)) - raft.server.log.appender.install.snapshot.enabled = true (default)
2019-06-13 21:34:38,648 INFO  impl.RaftServerImpl (ServerState.java:<init>(101)) - 4c1e926e-28a4-42c0-a771-1d793c5e841c:group-17185A348995 ConfigurationManager, init=-1: [54e9a4a9-dd57-41be-b090-9d8d2018c541:192.168.11.218:43977, 8f6ad65a-a258-4f2f-a6a2-5b56d938abae:192.168.11.218:41713, 4c1e926e-28a4-42c0-a771-1d793c5e841c:192.168.11.218:38935], old=null, confs=<EMPTY_MAP>
2019-06-13 21:34:38,648 INFO  server.RaftServerConfigKeys (ConfUtils.java:logGet(43)) - raft.server.storage.dir = [/opt/src/hadoop-ozone/integration-test/target/test-dir/MiniOzoneClusterImpl-bd1d32be-c8fc-439f-9e0f-b9740ee9306b/datanode-3/data/ratis] (custom)
2019-06-13 21:34:38,649 INFO  storage.RaftStorageDirectory (RaftStorageDirectory.java:analyzeStorage(246)) - The storage directory /opt/src/hadoop-ozone/integration-test/target/test-dir/MiniOzoneClusterImpl-bd1d32be-c8fc-439f-9e0f-b9740ee9306b/datanode-3/data/ratis/3d9ef01e-020f-4d22-a9b2-17185a348995 does not exist. Creating ...
2019-06-13 21:34:38,650 INFO  storage.RaftStorageDirectory (RaftStorageDirectory.java:tryLock(328)) - Lock on /opt/src/hadoop-ozone/integration-test/target/test-dir/MiniOzoneClusterImpl-bd1d32be-c8fc-439f-9e0f-b9740ee9306b/datanode-5/data/ratis/3d9ef01e-020f-4d22-a9b2-17185a348995/in_use.lock acquired by nodename 9995@ozone-d4wqq-1121427898
2019-06-13 21:34:38,650 INFO  storage.RaftStorage (RaftStorage.java:format(75)) - Storage directory /opt/src/hadoop-ozone/integration-test/target/test-dir/MiniOzoneClusterImpl-bd1d32be-c8fc-439f-9e0f-b9740ee9306b/datanode-4/data/ratis/3d9ef01e-020f-4d22-a9b2-17185a348995 has been successfully formatted.
2019-06-13 21:34:38,651 INFO  ratis.ContainerStateMachine (ContainerStateMachine.java:loadSnapshot(199)) - The snapshot info is null.Setting the last applied index to:(t:0, i:~)
2019-06-13 21:34:38,651 INFO  server.RaftServerConfigKeys (ConfUtils.java:logGet(43)) - raft.server.leader.election.timeout = 10s (custom)
2019-06-13 21:34:38,651 INFO  server.RaftServerConfigKeys (ConfUtils.java:logGet(43)) - raft.server.log.use.memory = false (default)
2019-06-13 21:34:38,651 INFO  server.RaftServerConfigKeys (ConfUtils.java:logGet(43)) - raft.server.log.appender.buffer.byte-limit = 33554432 (custom)
2019-06-13 21:34:38,652 INFO  server.RaftServerConfigKeys (ConfUtils.java:logGet(43)) - raft.server.log.segment.size.max = 16384 (custom)
2019-06-13 21:34:38,652 INFO  server.RaftServerConfigKeys (ConfUtils.java:logGet(43)) - raft.server.log.segment.cache.num.max = 2 (custom)
2019-06-13 21:34:38,652 INFO  storage.RaftLogWorker (RaftLogWorker.java:<init>(123)) - new 8f6ad65a-a258-4f2f-a6a2-5b56d938abae-RaftLogWorker for Storage Directory /opt/src/hadoop-ozone/integration-test/target/test-dir/MiniOzoneClusterImpl-bd1d32be-c8fc-439f-9e0f-b9740ee9306b/datanode-4/data/ratis/3d9ef01e-020f-4d22-a9b2-17185a348995
2019-06-13 21:34:38,652 INFO  server.RaftServerConfigKeys (ConfUtils.java:logGet(43)) - raft.server.log.queue.byte-limit = 2147483647 (custom)
2019-06-13 21:34:38,652 INFO  server.RaftServerConfigKeys (ConfUtils.java:logGet(43)) - raft.server.log.queue.element-limit = 1024 (custom)
2019-06-13 21:34:38,652 INFO  server.RaftServerConfigKeys (ConfUtils.java:logGet(43)) - raft.server.log.segment.size.max = 16384 (custom)
2019-06-13 21:34:38,652 INFO  server.RaftServerConfigKeys (ConfUtils.java:logGet(43)) - raft.server.log.preallocated.size = 16384 (custom)
2019-06-13 21:34:38,652 INFO  server.RaftServerConfigKeys (ConfUtils.java:logGet(43)) - raft.server.log.write.buffer.size = 33554432 (custom)
2019-06-13 21:34:38,652 INFO  server.RaftServerConfigKeys (ConfUtils.java:logGet(43)) - raft.server.log.force.sync.num = 128 (default)
2019-06-13 21:34:38,652 INFO  server.RaftServerConfigKeys (ConfUtils.java:logGet(43)) - raft.server.log.statemachine.data.sync = true (default)
2019-06-13 21:34:38,652 INFO  server.RaftServerConfigKeys (ConfUtils.java:logGet(43)) - raft.server.log.statemachine.data.sync.timeout = 10s (default)
2019-06-13 21:34:38,652 INFO  server.RaftServerConfigKeys (ConfUtils.java:logGet(43)) - raft.server.log.statemachine.data.sync.timeout.retry = -1 (default)
2019-06-13 21:34:38,653 INFO  server.RaftServerConfigKeys (ConfUtils.java:logGet(43)) - raft.server.log.statemachine.data.caching.enabled = true (custom)
2019-06-13 21:34:38,653 INFO  storage.RaftStorageDirectory (RaftStorageDirectory.java:tryLock(328)) - Lock on /opt/src/hadoop-ozone/integration-test/target/test-dir/MiniOzoneClusterImpl-bd1d32be-c8fc-439f-9e0f-b9740ee9306b/datanode-3/data/ratis/3d9ef01e-020f-4d22-a9b2-17185a348995/in_use.lock acquired by nodename 9995@ozone-d4wqq-1121427898
2019-06-13 21:34:38,653 INFO  server.RaftServerConfigKeys (ConfUtils.java:logGet(43)) - raft.server.snapshot.auto.trigger.enabled = true (custom)
2019-06-13 21:34:38,653 INFO  server.RaftServerConfigKeys (ConfUtils.java:logGet(43)) - raft.server.snapshot.auto.trigger.threshold = 10000 (custom)
2019-06-13 21:34:38,653 INFO  server.RaftServerConfigKeys (ConfUtils.java:logGet(43)) - raft.server.retrycache.expirytime = 600000ms (custom)
2019-06-13 21:34:38,654 INFO  impl.RaftServerImpl (RaftServerImpl.java:start(173)) - 8f6ad65a-a258-4f2f-a6a2-5b56d938abae: start group-17185A348995
2019-06-13 21:34:38,654 INFO  impl.RaftServerImpl (RaftServerImpl.java:setRole(164)) - 8f6ad65a-a258-4f2f-a6a2-5b56d938abae:group-17185A348995 changes role from null to FOLLOWER at term 0 for startAsFollower
2019-06-13 21:34:38,654 INFO  impl.RoleInfo (RoleInfo.java:updateAndGet(143)) - 8f6ad65a-a258-4f2f-a6a2-5b56d938abae: start FollowerState
2019-06-13 21:34:38,654 INFO  util.JmxRegister (JmxRegister.java:tryRegister(44)) - Successfully registered JMX Bean with object name Ratis:service=RaftServer,group=group-17185A348995,id=8f6ad65a-a258-4f2f-a6a2-5b56d938abae
2019-06-13 21:34:38,654 INFO  storage.RaftStorage (RaftStorage.java:format(75)) - Storage directory /opt/src/hadoop-ozone/integration-test/target/test-dir/MiniOzoneClusterImpl-bd1d32be-c8fc-439f-9e0f-b9740ee9306b/datanode-3/data/ratis/3d9ef01e-020f-4d22-a9b2-17185a348995 has been successfully formatted.
2019-06-13 21:34:38,655 INFO  ratis.ContainerStateMachine (ContainerStateMachine.java:loadSnapshot(199)) - The snapshot info is null.Setting the last applied index to:(t:0, i:~)
2019-06-13 21:34:38,655 INFO  server.RaftServerConfigKeys (ConfUtils.java:logGet(43)) - raft.server.leader.election.timeout = 10s (custom)
2019-06-13 21:34:38,655 INFO  server.RaftServerConfigKeys (ConfUtils.java:logGet(43)) - raft.server.log.use.memory = false (default)
2019-06-13 21:34:38,655 INFO  server.RaftServerConfigKeys (ConfUtils.java:logGet(43)) - raft.server.log.appender.buffer.byte-limit = 33554432 (custom)
2019-06-13 21:34:38,655 INFO  server.RaftServerConfigKeys (ConfUtils.java:logGet(43)) - raft.server.log.segment.size.max = 16384 (custom)
2019-06-13 21:34:38,655 INFO  server.RaftServerConfigKeys (ConfUtils.java:logGet(43)) - raft.server.log.segment.cache.num.max = 2 (custom)
2019-06-13 21:34:38,655 INFO  storage.RaftLogWorker (RaftLogWorker.java:<init>(123)) - new 4c1e926e-28a4-42c0-a771-1d793c5e841c-RaftLogWorker for Storage Directory /opt/src/hadoop-ozone/integration-test/target/test-dir/MiniOzoneClusterImpl-bd1d32be-c8fc-439f-9e0f-b9740ee9306b/datanode-3/data/ratis/3d9ef01e-020f-4d22-a9b2-17185a348995
2019-06-13 21:34:38,655 INFO  server.RaftServerConfigKeys (ConfUtils.java:logGet(43)) - raft.server.log.queue.byte-limit = 2147483647 (custom)
2019-06-13 21:34:38,655 INFO  server.RaftServerConfigKeys (ConfUtils.java:logGet(43)) - raft.server.log.queue.element-limit = 1024 (custom)
2019-06-13 21:34:38,655 INFO  server.RaftServerConfigKeys (ConfUtils.java:logGet(43)) - raft.server.log.segment.size.max = 16384 (custom)
2019-06-13 21:34:38,655 INFO  server.RaftServerConfigKeys (ConfUtils.java:logGet(43)) - raft.server.log.preallocated.size = 16384 (custom)
2019-06-13 21:34:38,656 INFO  server.RaftServerConfigKeys (ConfUtils.java:logGet(43)) - raft.server.log.write.buffer.size = 33554432 (custom)
2019-06-13 21:34:38,656 INFO  server.RaftServerConfigKeys (ConfUtils.java:logGet(43)) - raft.server.log.force.sync.num = 128 (default)
2019-06-13 21:34:38,656 INFO  server.RaftServerConfigKeys (ConfUtils.java:logGet(43)) - raft.server.log.statemachine.data.sync = true (default)
2019-06-13 21:34:38,656 INFO  server.RaftServerConfigKeys (ConfUtils.java:logGet(43)) - raft.server.log.statemachine.data.sync.timeout = 10s (default)
2019-06-13 21:34:38,656 INFO  server.RaftServerConfigKeys (ConfUtils.java:logGet(43)) - raft.server.log.statemachine.data.sync.timeout.retry = -1 (default)
2019-06-13 21:34:38,656 INFO  server.RaftServerConfigKeys (ConfUtils.java:logGet(43)) - raft.server.log.statemachine.data.caching.enabled = true (custom)
2019-06-13 21:34:38,656 INFO  storage.RaftStorage (RaftStorage.java:format(75)) - Storage directory /opt/src/hadoop-ozone/integration-test/target/test-dir/MiniOzoneClusterImpl-bd1d32be-c8fc-439f-9e0f-b9740ee9306b/datanode-5/data/ratis/3d9ef01e-020f-4d22-a9b2-17185a348995 has been successfully formatted.
2019-06-13 21:34:38,656 INFO  server.RaftServerConfigKeys (ConfUtils.java:logGet(43)) - raft.server.snapshot.auto.trigger.enabled = true (custom)
2019-06-13 21:34:38,657 INFO  server.RaftServerConfigKeys (ConfUtils.java:logGet(43)) - raft.server.snapshot.auto.trigger.threshold = 10000 (custom)
2019-06-13 21:34:38,657 INFO  server.RaftServerConfigKeys (ConfUtils.java:logGet(43)) - raft.server.retrycache.expirytime = 600000ms (custom)
2019-06-13 21:34:38,657 INFO  impl.RaftServerImpl (RaftServerImpl.java:start(173)) - 4c1e926e-28a4-42c0-a771-1d793c5e841c: start group-17185A348995
2019-06-13 21:34:38,657 INFO  impl.RaftServerImpl (RaftServerImpl.java:setRole(164)) - 4c1e926e-28a4-42c0-a771-1d793c5e841c:group-17185A348995 changes role from null to FOLLOWER at term 0 for startAsFollower
2019-06-13 21:34:38,657 INFO  impl.RoleInfo (RoleInfo.java:updateAndGet(143)) - 4c1e926e-28a4-42c0-a771-1d793c5e841c: start FollowerState
2019-06-13 21:34:38,657 INFO  ratis.ContainerStateMachine (ContainerStateMachine.java:loadSnapshot(199)) - The snapshot info is null.Setting the last applied index to:(t:0, i:~)
2019-06-13 21:34:38,658 INFO  util.JmxRegister (JmxRegister.java:tryRegister(44)) - Successfully registered JMX Bean with object name Ratis:service=RaftServer,group=group-17185A348995,id=4c1e926e-28a4-42c0-a771-1d793c5e841c
2019-06-13 21:34:38,658 INFO  server.RaftServerConfigKeys (ConfUtils.java:logGet(43)) - raft.server.leader.election.timeout = 10s (custom)
2019-06-13 21:34:38,658 INFO  server.RaftServerConfigKeys (ConfUtils.java:logGet(43)) - raft.server.log.use.memory = false (default)
2019-06-13 21:34:38,658 INFO  server.RaftServerConfigKeys (ConfUtils.java:logGet(43)) - raft.server.log.appender.buffer.byte-limit = 33554432 (custom)
2019-06-13 21:34:38,658 INFO  server.RaftServerConfigKeys (ConfUtils.java:logGet(43)) - raft.server.log.segment.size.max = 16384 (custom)
2019-06-13 21:34:38,659 INFO  server.RaftServerConfigKeys (ConfUtils.java:logGet(43)) - raft.server.log.segment.cache.num.max = 2 (custom)
2019-06-13 21:34:38,659 INFO  storage.RaftLogWorker (RaftLogWorker.java:<init>(123)) - new 54e9a4a9-dd57-41be-b090-9d8d2018c541-RaftLogWorker for Storage Directory /opt/src/hadoop-ozone/integration-test/target/test-dir/MiniOzoneClusterImpl-bd1d32be-c8fc-439f-9e0f-b9740ee9306b/datanode-5/data/ratis/3d9ef01e-020f-4d22-a9b2-17185a348995
2019-06-13 21:34:38,659 INFO  server.RaftServerConfigKeys (ConfUtils.java:logGet(43)) - raft.server.log.queue.byte-limit = 2147483647 (custom)
2019-06-13 21:34:38,659 INFO  server.RaftServerConfigKeys (ConfUtils.java:logGet(43)) - raft.server.log.queue.element-limit = 1024 (custom)
2019-06-13 21:34:38,659 INFO  server.RaftServerConfigKeys (ConfUtils.java:logGet(43)) - raft.server.log.segment.size.max = 16384 (custom)
2019-06-13 21:34:38,659 INFO  server.RaftServerConfigKeys (ConfUtils.java:logGet(43)) - raft.server.log.preallocated.size = 16384 (custom)
2019-06-13 21:34:38,659 INFO  server.RaftServerConfigKeys (ConfUtils.java:logGet(43)) - raft.server.log.write.buffer.size = 33554432 (custom)
2019-06-13 21:34:38,659 INFO  server.RaftServerConfigKeys (ConfUtils.java:logGet(43)) - raft.server.log.force.sync.num = 128 (default)
2019-06-13 21:34:38,659 INFO  server.RaftServerConfigKeys (ConfUtils.java:logGet(43)) - raft.server.log.statemachine.data.sync = true (default)
2019-06-13 21:34:38,660 INFO  server.RaftServerConfigKeys (ConfUtils.java:logGet(43)) - raft.server.log.statemachine.data.sync.timeout = 10s (default)
2019-06-13 21:34:38,660 INFO  server.RaftServerConfigKeys (ConfUtils.java:logGet(43)) - raft.server.log.statemachine.data.sync.timeout.retry = -1 (default)
2019-06-13 21:34:38,665 INFO  server.RaftServerConfigKeys (ConfUtils.java:logGet(43)) - raft.server.log.statemachine.data.caching.enabled = true (custom)
2019-06-13 21:34:38,666 INFO  server.RaftServerConfigKeys (ConfUtils.java:logGet(43)) - raft.server.snapshot.auto.trigger.enabled = true (custom)
2019-06-13 21:34:38,666 INFO  server.RaftServerConfigKeys (ConfUtils.java:logGet(43)) - raft.server.snapshot.auto.trigger.threshold = 10000 (custom)
2019-06-13 21:34:38,667 INFO  server.RaftServerConfigKeys (ConfUtils.java:logGet(43)) - raft.server.retrycache.expirytime = 600000ms (custom)
2019-06-13 21:34:38,667 INFO  impl.RaftServerImpl (RaftServerImpl.java:start(173)) - 54e9a4a9-dd57-41be-b090-9d8d2018c541: start group-17185A348995
2019-06-13 21:34:38,667 INFO  impl.RaftServerImpl (RaftServerImpl.java:setRole(164)) - 54e9a4a9-dd57-41be-b090-9d8d2018c541:group-17185A348995 changes role from null to FOLLOWER at term 0 for startAsFollower
2019-06-13 21:34:38,667 INFO  impl.RoleInfo (RoleInfo.java:updateAndGet(143)) - 54e9a4a9-dd57-41be-b090-9d8d2018c541: start FollowerState
2019-06-13 21:34:38,670 INFO  util.JmxRegister (JmxRegister.java:tryRegister(44)) - Successfully registered JMX Bean with object name Ratis:service=RaftServer,group=group-17185A348995,id=54e9a4a9-dd57-41be-b090-9d8d2018c541
2019-06-13 21:34:38,681 INFO  pipeline.PipelineStateManager (PipelineStateManager.java:addPipeline(56)) - Created pipeline Pipeline[ Id: 3d9ef01e-020f-4d22-a9b2-17185a348995, Nodes: 8f6ad65a-a258-4f2f-a6a2-5b56d938abae{ip: 192.168.11.218, host: ozone-d4wqq-1121427898, networkLocation: /default-rack, certSerialId: null}54e9a4a9-dd57-41be-b090-9d8d2018c541{ip: 192.168.11.218, host: ozone-d4wqq-1121427898, networkLocation: /default-rack, certSerialId: null}4c1e926e-28a4-42c0-a771-1d793c5e841c{ip: 192.168.11.218, host: ozone-d4wqq-1121427898, networkLocation: /default-rack, certSerialId: null}, Type:RATIS, Factor:THREE, State:OPEN]
2019-06-13 21:34:39,292 INFO  impl.FollowerState (FollowerState.java:run(101)) - 04e160f5-0d30-4707-b592-de9a20b07098:group-5DAD78EC7475 changes to CANDIDATE, lastRpcTime:1107, electionTimeout:1107ms
2019-06-13 21:34:39,292 INFO  impl.RoleInfo (RoleInfo.java:shutdownFollowerState(121)) - 04e160f5-0d30-4707-b592-de9a20b07098: shutdown FollowerState
2019-06-13 21:34:39,292 INFO  impl.RaftServerImpl (RaftServerImpl.java:setRole(164)) - 04e160f5-0d30-4707-b592-de9a20b07098:group-5DAD78EC7475 changes role from FOLLOWER to CANDIDATE at term 0 for changeToCandidate
2019-06-13 21:34:39,294 INFO  impl.RoleInfo (RoleInfo.java:updateAndGet(143)) - 04e160f5-0d30-4707-b592-de9a20b07098: start LeaderElection
2019-06-13 21:34:39,300 INFO  impl.LeaderElection (LeaderElection.java:askForVotes(181)) - 04e160f5-0d30-4707-b592-de9a20b07098:group-5DAD78EC7475:LeaderElection1: begin an election at term 1 for -1: [04e160f5-0d30-4707-b592-de9a20b07098:192.168.11.218:37451], old=null
2019-06-13 21:34:39,302 INFO  impl.RoleInfo (RoleInfo.java:shutdownLeaderElection(134)) - 04e160f5-0d30-4707-b592-de9a20b07098: shutdown LeaderElection
2019-06-13 21:34:39,302 INFO  impl.RaftServerImpl (RaftServerImpl.java:setRole(164)) - 04e160f5-0d30-4707-b592-de9a20b07098:group-5DAD78EC7475 changes role from CANDIDATE to LEADER at term 1 for changeToLeader
2019-06-13 21:34:39,302 INFO  impl.RaftServerImpl (ServerState.java:setLeader(263)) - 04e160f5-0d30-4707-b592-de9a20b07098:group-5DAD78EC7475 change Leader from null to 04e160f5-0d30-4707-b592-de9a20b07098 at term 1 for becomeLeader, leader elected after 1277ms
2019-06-13 21:34:39,306 INFO  server.RaftServerConfigKeys (ConfUtils.java:logGet(43)) - raft.server.staging.catchup.gap = 1000 (default)
2019-06-13 21:34:39,306 INFO  server.RaftServerConfigKeys (ConfUtils.java:logGet(43)) - raft.server.rpc.sleep.time = 25ms (default)
2019-06-13 21:34:39,308 INFO  server.RaftServerConfigKeys (ConfUtils.java:logGet(43)) - raft.server.watch.timeout = 10s (default)
2019-06-13 21:34:39,308 INFO  server.RaftServerConfigKeys (ConfUtils.java:logGet(43)) - raft.server.watch.timeout.denomination = 1s (default)
2019-06-13 21:34:39,314 INFO  impl.RoleInfo (RoleInfo.java:updateAndGet(143)) - 04e160f5-0d30-4707-b592-de9a20b07098: start LeaderState
2019-06-13 21:34:39,328 INFO  storage.RaftLogWorker (RaftLogWorker.java:startLogSegment(298)) - 04e160f5-0d30-4707-b592-de9a20b07098-RaftLogWorker: Starting segment from index:0
2019-06-13 21:34:39,331 INFO  impl.FollowerState (FollowerState.java:run(101)) - acfaaf4c-fd42-4ae4-8252-c76272d83cac:group-6B81DBD4B3C1 changes to CANDIDATE, lastRpcTime:1077, electionTimeout:1076ms
2019-06-13 21:34:39,331 INFO  impl.RoleInfo (RoleInfo.java:shutdownFollowerState(121)) - acfaaf4c-fd42-4ae4-8252-c76272d83cac: shutdown FollowerState
2019-06-13 21:34:39,332 INFO  impl.RaftServerImpl (RaftServerImpl.java:setRole(164)) - acfaaf4c-fd42-4ae4-8252-c76272d83cac:group-6B81DBD4B3C1 changes role from FOLLOWER to CANDIDATE at term 0 for changeToCandidate
2019-06-13 21:34:39,332 INFO  impl.RoleInfo (RoleInfo.java:updateAndGet(143)) - acfaaf4c-fd42-4ae4-8252-c76272d83cac: start LeaderElection
2019-06-13 21:34:39,340 INFO  impl.RaftServerImpl (ServerState.java:setRaftConf(361)) - 04e160f5-0d30-4707-b592-de9a20b07098:group-5DAD78EC7475 set configuration 0: [04e160f5-0d30-4707-b592-de9a20b07098:192.168.11.218:37451], old=null at 0
2019-06-13 21:34:39,344 INFO  impl.LeaderElection (LeaderElection.java:askForVotes(181)) - acfaaf4c-fd42-4ae4-8252-c76272d83cac:group-6B81DBD4B3C1:LeaderElection2: begin an election at term 1 for -1: [acfaaf4c-fd42-4ae4-8252-c76272d83cac:192.168.11.218:33429], old=null
2019-06-13 21:34:39,345 INFO  impl.RoleInfo (RoleInfo.java:shutdownLeaderElection(134)) - acfaaf4c-fd42-4ae4-8252-c76272d83cac: shutdown LeaderElection
2019-06-13 21:34:39,345 INFO  impl.RaftServerImpl (RaftServerImpl.java:setRole(164)) - acfaaf4c-fd42-4ae4-8252-c76272d83cac:group-6B81DBD4B3C1 changes role from CANDIDATE to LEADER at term 1 for changeToLeader
2019-06-13 21:34:39,345 INFO  impl.RaftServerImpl (ServerState.java:setLeader(263)) - acfaaf4c-fd42-4ae4-8252-c76272d83cac:group-6B81DBD4B3C1 change Leader from null to acfaaf4c-fd42-4ae4-8252-c76272d83cac at term 1 for becomeLeader, leader elected after 1095ms
2019-06-13 21:34:39,345 INFO  server.RaftServerConfigKeys (ConfUtils.java:logGet(43)) - raft.server.staging.catchup.gap = 1000 (default)
2019-06-13 21:34:39,345 INFO  server.RaftServerConfigKeys (ConfUtils.java:logGet(43)) - raft.server.rpc.sleep.time = 25ms (default)
2019-06-13 21:34:39,346 INFO  server.RaftServerConfigKeys (ConfUtils.java:logGet(43)) - raft.server.watch.timeout = 10s (default)
2019-06-13 21:34:39,346 INFO  server.RaftServerConfigKeys (ConfUtils.java:logGet(43)) - raft.server.watch.timeout.denomination = 1s (default)
2019-06-13 21:34:39,346 INFO  impl.RoleInfo (RoleInfo.java:updateAndGet(143)) - acfaaf4c-fd42-4ae4-8252-c76272d83cac: start LeaderState
2019-06-13 21:34:39,346 INFO  storage.RaftLogWorker (RaftLogWorker.java:startLogSegment(298)) - acfaaf4c-fd42-4ae4-8252-c76272d83cac-RaftLogWorker: Starting segment from index:0
2019-06-13 21:34:39,354 INFO  impl.RaftServerImpl (ServerState.java:setRaftConf(361)) - acfaaf4c-fd42-4ae4-8252-c76272d83cac:group-6B81DBD4B3C1 set configuration 0: [acfaaf4c-fd42-4ae4-8252-c76272d83cac:192.168.11.218:33429], old=null at 0
2019-06-13 21:34:39,365 INFO  impl.FollowerState (FollowerState.java:run(101)) - c444188c-a9c5-4fbc-a469-d358b9789c01:group-8E2E8876BEE8 changes to CANDIDATE, lastRpcTime:1055, electionTimeout:1055ms
2019-06-13 21:34:39,365 INFO  impl.RoleInfo (RoleInfo.java:shutdownFollowerState(121)) - c444188c-a9c5-4fbc-a469-d358b9789c01: shutdown FollowerState
2019-06-13 21:34:39,365 INFO  impl.RaftServerImpl (RaftServerImpl.java:setRole(164)) - c444188c-a9c5-4fbc-a469-d358b9789c01:group-8E2E8876BEE8 changes role from FOLLOWER to CANDIDATE at term 0 for changeToCandidate
2019-06-13 21:34:39,365 INFO  impl.RoleInfo (RoleInfo.java:updateAndGet(143)) - c444188c-a9c5-4fbc-a469-d358b9789c01: start LeaderElection
2019-06-13 21:34:39,371 INFO  impl.LeaderElection (LeaderElection.java:askForVotes(181)) - c444188c-a9c5-4fbc-a469-d358b9789c01:group-8E2E8876BEE8:LeaderElection3: begin an election at term 1 for -1: [c444188c-a9c5-4fbc-a469-d358b9789c01:192.168.11.218:38411], old=null
2019-06-13 21:34:39,371 INFO  impl.RoleInfo (RoleInfo.java:shutdownLeaderElection(134)) - c444188c-a9c5-4fbc-a469-d358b9789c01: shutdown LeaderElection
2019-06-13 21:34:39,371 INFO  impl.RaftServerImpl (RaftServerImpl.java:setRole(164)) - c444188c-a9c5-4fbc-a469-d358b9789c01:group-8E2E8876BEE8 changes role from CANDIDATE to LEADER at term 1 for changeToLeader
2019-06-13 21:34:39,371 INFO  impl.RaftServerImpl (ServerState.java:setLeader(263)) - c444188c-a9c5-4fbc-a469-d358b9789c01:group-8E2E8876BEE8 change Leader from null to c444188c-a9c5-4fbc-a469-d358b9789c01 at term 1 for becomeLeader, leader elected after 1063ms
2019-06-13 21:34:39,372 INFO  server.RaftServerConfigKeys (ConfUtils.java:logGet(43)) - raft.server.staging.catchup.gap = 1000 (default)
2019-06-13 21:34:39,372 INFO  server.RaftServerConfigKeys (ConfUtils.java:logGet(43)) - raft.server.rpc.sleep.time = 25ms (default)
2019-06-13 21:34:39,372 INFO  server.RaftServerConfigKeys (ConfUtils.java:logGet(43)) - raft.server.watch.timeout = 10s (default)
2019-06-13 21:34:39,373 INFO  server.RaftServerConfigKeys (ConfUtils.java:logGet(43)) - raft.server.watch.timeout.denomination = 1s (default)
2019-06-13 21:34:39,373 INFO  impl.RoleInfo (RoleInfo.java:updateAndGet(143)) - c444188c-a9c5-4fbc-a469-d358b9789c01: start LeaderState
2019-06-13 21:34:39,373 INFO  storage.RaftLogWorker (RaftLogWorker.java:startLogSegment(298)) - c444188c-a9c5-4fbc-a469-d358b9789c01-RaftLogWorker: Starting segment from index:0
2019-06-13 21:34:39,373 INFO  impl.RaftServerImpl (ServerState.java:setRaftConf(361)) - c444188c-a9c5-4fbc-a469-d358b9789c01:group-8E2E8876BEE8 set configuration 0: [c444188c-a9c5-4fbc-a469-d358b9789c01:192.168.11.218:38411], old=null at 0
2019-06-13 21:34:39,396 INFO  impl.FollowerState (FollowerState.java:run(101)) - 4c1e926e-28a4-42c0-a771-1d793c5e841c:group-7EF461BBBA09 changes to CANDIDATE, lastRpcTime:1048, electionTimeout:1048ms
2019-06-13 21:34:39,396 INFO  impl.RoleInfo (RoleInfo.java:shutdownFollowerState(121)) - 4c1e926e-28a4-42c0-a771-1d793c5e841c: shutdown FollowerState
2019-06-13 21:34:39,396 INFO  impl.RaftServerImpl (RaftServerImpl.java:setRole(164)) - 4c1e926e-28a4-42c0-a771-1d793c5e841c:group-7EF461BBBA09 changes role from FOLLOWER to CANDIDATE at term 0 for changeToCandidate
2019-06-13 21:34:39,396 INFO  impl.RoleInfo (RoleInfo.java:updateAndGet(143)) - 4c1e926e-28a4-42c0-a771-1d793c5e841c: start LeaderElection
2019-06-13 21:34:39,401 INFO  impl.LeaderElection (LeaderElection.java:askForVotes(181)) - 4c1e926e-28a4-42c0-a771-1d793c5e841c:group-7EF461BBBA09:LeaderElection4: begin an election at term 1 for -1: [4c1e926e-28a4-42c0-a771-1d793c5e841c:192.168.11.218:38935], old=null
2019-06-13 21:34:39,401 INFO  impl.RoleInfo (RoleInfo.java:shutdownLeaderElection(134)) - 4c1e926e-28a4-42c0-a771-1d793c5e841c: shutdown LeaderElection
2019-06-13 21:34:39,401 INFO  impl.RaftServerImpl (RaftServerImpl.java:setRole(164)) - 4c1e926e-28a4-42c0-a771-1d793c5e841c:group-7EF461BBBA09 changes role from CANDIDATE to LEADER at term 1 for changeToLeader
2019-06-13 21:34:39,401 INFO  impl.RaftServerImpl (ServerState.java:setLeader(263)) - 4c1e926e-28a4-42c0-a771-1d793c5e841c:group-7EF461BBBA09 change Leader from null to 4c1e926e-28a4-42c0-a771-1d793c5e841c at term 1 for becomeLeader, leader elected after 1056ms
2019-06-13 21:34:39,402 INFO  server.RaftServerConfigKeys (ConfUtils.java:logGet(43)) - raft.server.staging.catchup.gap = 1000 (default)
2019-06-13 21:34:39,402 INFO  server.RaftServerConfigKeys (ConfUtils.java:logGet(43)) - raft.server.rpc.sleep.time = 25ms (default)
2019-06-13 21:34:39,402 INFO  server.RaftServerConfigKeys (ConfUtils.java:logGet(43)) - raft.server.watch.timeout = 10s (default)
2019-06-13 21:34:39,402 INFO  server.RaftServerConfigKeys (ConfUtils.java:logGet(43)) - raft.server.watch.timeout.denomination = 1s (default)
2019-06-13 21:34:39,403 INFO  impl.RoleInfo (RoleInfo.java:updateAndGet(143)) - 4c1e926e-28a4-42c0-a771-1d793c5e841c: start LeaderState
2019-06-13 21:34:39,403 INFO  storage.RaftLogWorker (RaftLogWorker.java:startLogSegment(298)) - 4c1e926e-28a4-42c0-a771-1d793c5e841c-RaftLogWorker: Starting segment from index:0
2019-06-13 21:34:39,404 INFO  impl.RaftServerImpl (ServerState.java:setRaftConf(361)) - 4c1e926e-28a4-42c0-a771-1d793c5e841c:group-7EF461BBBA09 set configuration 0: [4c1e926e-28a4-42c0-a771-1d793c5e841c:192.168.11.218:38935], old=null at 0
2019-06-13 21:34:39,419 INFO  impl.FollowerState (FollowerState.java:run(101)) - acfaaf4c-fd42-4ae4-8252-c76272d83cac:group-17A1AAF01F7D changes to CANDIDATE, lastRpcTime:1012, electionTimeout:1007ms
2019-06-13 21:34:39,419 INFO  impl.RoleInfo (RoleInfo.java:shutdownFollowerState(121)) - acfaaf4c-fd42-4ae4-8252-c76272d83cac: shutdown FollowerState
2019-06-13 21:34:39,419 INFO  impl.RaftServerImpl (RaftServerImpl.java:setRole(164)) - acfaaf4c-fd42-4ae4-8252-c76272d83cac:group-17A1AAF01F7D changes role from FOLLOWER to CANDIDATE at term 0 for changeToCandidate
2019-06-13 21:34:39,419 INFO  impl.RoleInfo (RoleInfo.java:updateAndGet(143)) - acfaaf4c-fd42-4ae4-8252-c76272d83cac: start LeaderElection
2019-06-13 21:34:39,423 INFO  impl.LeaderElection (LeaderElection.java:askForVotes(181)) - acfaaf4c-fd42-4ae4-8252-c76272d83cac:group-17A1AAF01F7D:LeaderElection5: begin an election at term 1 for -1: [c444188c-a9c5-4fbc-a469-d358b9789c01:192.168.11.218:38411, acfaaf4c-fd42-4ae4-8252-c76272d83cac:192.168.11.218:33429, 04e160f5-0d30-4707-b592-de9a20b07098:192.168.11.218:37451], old=null
2019-06-13 21:34:39,446 INFO  impl.RaftServerImpl (RaftServerImpl.java:setRole(164)) - 04e160f5-0d30-4707-b592-de9a20b07098:group-17A1AAF01F7D changes role from FOLLOWER to FOLLOWER at term 1 for recognizeCandidate:acfaaf4c-fd42-4ae4-8252-c76272d83cac
2019-06-13 21:34:39,446 INFO  impl.RoleInfo (RoleInfo.java:shutdownFollowerState(121)) - 04e160f5-0d30-4707-b592-de9a20b07098: shutdown FollowerState
2019-06-13 21:34:39,446 INFO  impl.RoleInfo (RoleInfo.java:updateAndGet(143)) - 04e160f5-0d30-4707-b592-de9a20b07098: start FollowerState
2019-06-13 21:34:39,448 INFO  impl.RaftServerImpl (RaftServerImpl.java:setRole(164)) - c444188c-a9c5-4fbc-a469-d358b9789c01:group-17A1AAF01F7D changes role from FOLLOWER to FOLLOWER at term 1 for recognizeCandidate:acfaaf4c-fd42-4ae4-8252-c76272d83cac
2019-06-13 21:34:39,448 INFO  impl.RoleInfo (RoleInfo.java:shutdownFollowerState(121)) - c444188c-a9c5-4fbc-a469-d358b9789c01: shutdown FollowerState
2019-06-13 21:34:39,446 INFO  impl.FollowerState (FollowerState.java:run(109)) - 04e160f5-0d30-4707-b592-de9a20b07098: FollowerState was interrupted: java.lang.InterruptedException: sleep interrupted
2019-06-13 21:34:39,449 INFO  impl.FollowerState (FollowerState.java:run(109)) - c444188c-a9c5-4fbc-a469-d358b9789c01: FollowerState was interrupted: java.lang.InterruptedException: sleep interrupted
2019-06-13 21:34:39,449 INFO  impl.RoleInfo (RoleInfo.java:updateAndGet(143)) - c444188c-a9c5-4fbc-a469-d358b9789c01: start FollowerState
2019-06-13 21:34:39,458 INFO  impl.LeaderElection (LeaderElection.java:logAndReturn(56)) - acfaaf4c-fd42-4ae4-8252-c76272d83cac:group-17A1AAF01F7D:LeaderElection5: Election PASSED; received 1 response(s) [acfaaf4c-fd42-4ae4-8252-c76272d83cac->c444188c-a9c5-4fbc-a469-d358b9789c01,true-t1] and 0 exception(s); acfaaf4c-fd42-4ae4-8252-c76272d83cac:t1, leader=null, voted=acfaaf4c-fd42-4ae4-8252-c76272d83cac, raftlog=acfaaf4c-fd42-4ae4-8252-c76272d83cac-SegmentedRaftLog:OPENED:c-1,f-1,i0, conf=-1: [c444188c-a9c5-4fbc-a469-d358b9789c01:192.168.11.218:38411, acfaaf4c-fd42-4ae4-8252-c76272d83cac:192.168.11.218:33429, 04e160f5-0d30-4707-b592-de9a20b07098:192.168.11.218:37451], old=null
2019-06-13 21:34:39,458 INFO  impl.RoleInfo (RoleInfo.java:shutdownLeaderElection(134)) - acfaaf4c-fd42-4ae4-8252-c76272d83cac: shutdown LeaderElection
2019-06-13 21:34:39,458 INFO  impl.RaftServerImpl (RaftServerImpl.java:setRole(164)) - acfaaf4c-fd42-4ae4-8252-c76272d83cac:group-17A1AAF01F7D changes role from CANDIDATE to LEADER at term 1 for changeToLeader
2019-06-13 21:34:39,458 INFO  impl.RaftServerImpl (ServerState.java:setLeader(263)) - acfaaf4c-fd42-4ae4-8252-c76272d83cac:group-17A1AAF01F7D change Leader from null to acfaaf4c-fd42-4ae4-8252-c76272d83cac at term 1 for becomeLeader, leader elected after 1061ms
2019-06-13 21:34:39,458 INFO  server.RaftServerConfigKeys (ConfUtils.java:logGet(43)) - raft.server.staging.catchup.gap = 1000 (default)
2019-06-13 21:34:39,459 INFO  server.RaftServerConfigKeys (ConfUtils.java:logGet(43)) - raft.server.rpc.sleep.time = 25ms (default)
2019-06-13 21:34:39,460 INFO  server.RaftServerConfigKeys (ConfUtils.java:logGet(43)) - raft.server.watch.timeout = 10s (default)
2019-06-13 21:34:39,461 INFO  server.RaftServerConfigKeys (ConfUtils.java:logGet(43)) - raft.server.watch.timeout.denomination = 1s (default)
2019-06-13 21:34:39,463 INFO  server.RaftServerConfigKeys (ConfUtils.java:logGet(43)) - raft.server.log.appender.snapshot.chunk.size.max = 16MB (=16777216) (default)
2019-06-13 21:34:39,463 INFO  server.RaftServerConfigKeys (ConfUtils.java:logGet(43)) - raft.server.log.appender.buffer.byte-limit = 33554432 (custom)
2019-06-13 21:34:39,463 INFO  server.RaftServerConfigKeys (ConfUtils.java:logGet(43)) - raft.server.log.appender.buffer.element-limit = 1 (custom)
2019-06-13 21:34:39,465 INFO  grpc.GrpcConfigKeys$Server (ConfUtils.java:logGet(43)) - raft.grpc.server.leader.outstanding.appends.max = 128 (default)
2019-06-13 21:34:39,465 INFO  server.RaftServerConfigKeys (ConfUtils.java:logGet(43)) - raft.server.rpc.request.timeout = 3000ms (default)
2019-06-13 21:34:39,465 INFO  server.RaftServerConfigKeys (ConfUtils.java:logGet(43)) - raft.server.log.appender.install.snapshot.enabled = true (default)
2019-06-13 21:34:39,465 INFO  server.RaftServerConfigKeys (ConfUtils.java:logGet(43)) - raft.server.log.appender.snapshot.chunk.size.max = 16MB (=16777216) (default)
2019-06-13 21:34:39,465 INFO  server.RaftServerConfigKeys (ConfUtils.java:logGet(43)) - raft.server.log.appender.buffer.byte-limit = 33554432 (custom)
2019-06-13 21:34:39,465 INFO  server.RaftServerConfigKeys (ConfUtils.java:logGet(43)) - raft.server.log.appender.buffer.element-limit = 1 (custom)
2019-06-13 21:34:39,465 INFO  grpc.GrpcConfigKeys$Server (ConfUtils.java:logGet(43)) - raft.grpc.server.leader.outstanding.appends.max = 128 (default)
2019-06-13 21:34:39,465 INFO  server.RaftServerConfigKeys (ConfUtils.java:logGet(43)) - raft.server.rpc.request.timeout = 3000ms (default)
2019-06-13 21:34:39,466 INFO  server.RaftServerConfigKeys (ConfUtils.java:logGet(43)) - raft.server.log.appender.install.snapshot.enabled = true (default)
2019-06-13 21:34:39,466 INFO  impl.RoleInfo (RoleInfo.java:updateAndGet(143)) - acfaaf4c-fd42-4ae4-8252-c76272d83cac: start LeaderState
2019-06-13 21:34:39,466 INFO  storage.RaftLogWorker (RaftLogWorker.java:startLogSegment(298)) - acfaaf4c-fd42-4ae4-8252-c76272d83cac-RaftLogWorker: Starting segment from index:0
2019-06-13 21:34:39,472 INFO  impl.RaftServerImpl (ServerState.java:setRaftConf(361)) - acfaaf4c-fd42-4ae4-8252-c76272d83cac:group-17A1AAF01F7D set configuration 0: [c444188c-a9c5-4fbc-a469-d358b9789c01:192.168.11.218:38411, acfaaf4c-fd42-4ae4-8252-c76272d83cac:192.168.11.218:33429, 04e160f5-0d30-4707-b592-de9a20b07098:192.168.11.218:37451], old=null at 0
2019-06-13 21:34:39,479 INFO  impl.FollowerState (FollowerState.java:run(101)) - 8f6ad65a-a258-4f2f-a6a2-5b56d938abae:group-E56A561D13F3 changes to CANDIDATE, lastRpcTime:1034, electionTimeout:1032ms
2019-06-13 21:34:39,480 INFO  impl.RoleInfo (RoleInfo.java:shutdownFollowerState(121)) - 8f6ad65a-a258-4f2f-a6a2-5b56d938abae: shutdown FollowerState
2019-06-13 21:34:39,480 INFO  impl.RaftServerImpl (RaftServerImpl.java:setRole(164)) - 8f6ad65a-a258-4f2f-a6a2-5b56d938abae:group-E56A561D13F3 changes role from FOLLOWER to CANDIDATE at term 0 for changeToCandidate
2019-06-13 21:34:39,480 INFO  impl.RoleInfo (RoleInfo.java:updateAndGet(143)) - 8f6ad65a-a258-4f2f-a6a2-5b56d938abae: start LeaderElection
2019-06-13 21:34:39,494 INFO  impl.LeaderElection (LeaderElection.java:askForVotes(181)) - 8f6ad65a-a258-4f2f-a6a2-5b56d938abae:group-E56A561D13F3:LeaderElection6: begin an election at term 1 for -1: [8f6ad65a-a258-4f2f-a6a2-5b56d938abae:192.168.11.218:41713], old=null
2019-06-13 21:34:39,494 INFO  impl.RoleInfo (RoleInfo.java:shutdownLeaderElection(134)) - 8f6ad65a-a258-4f2f-a6a2-5b56d938abae: shutdown LeaderElection
2019-06-13 21:34:39,494 INFO  impl.RaftServerImpl (RaftServerImpl.java:setRole(164)) - 8f6ad65a-a258-4f2f-a6a2-5b56d938abae:group-E56A561D13F3 changes role from CANDIDATE to LEADER at term 1 for changeToLeader
2019-06-13 21:34:39,494 INFO  impl.RaftServerImpl (ServerState.java:setLeader(263)) - 8f6ad65a-a258-4f2f-a6a2-5b56d938abae:group-E56A561D13F3 change Leader from null to 8f6ad65a-a258-4f2f-a6a2-5b56d938abae at term 1 for becomeLeader, leader elected after 1052ms
2019-06-13 21:34:39,499 INFO  server.RaftServerConfigKeys (ConfUtils.java:logGet(43)) - raft.server.staging.catchup.gap = 1000 (default)
2019-06-13 21:34:39,499 INFO  server.RaftServerConfigKeys (ConfUtils.java:logGet(43)) - raft.server.rpc.sleep.time = 25ms (default)
2019-06-13 21:34:39,499 INFO  server.RaftServerConfigKeys (ConfUtils.java:logGet(43)) - raft.server.watch.timeout = 10s (default)
2019-06-13 21:34:39,499 INFO  server.RaftServerConfigKeys (ConfUtils.java:logGet(43)) - raft.server.watch.timeout.denomination = 1s (default)
2019-06-13 21:34:39,499 INFO  impl.RoleInfo (RoleInfo.java:updateAndGet(143)) - 8f6ad65a-a258-4f2f-a6a2-5b56d938abae: start LeaderState
2019-06-13 21:34:39,500 INFO  storage.RaftLogWorker (RaftLogWorker.java:startLogSegment(298)) - 8f6ad65a-a258-4f2f-a6a2-5b56d938abae-RaftLogWorker: Starting segment from index:0
2019-06-13 21:34:39,561 INFO  impl.RaftServerImpl (ServerState.java:setLeader(263)) - c444188c-a9c5-4fbc-a469-d358b9789c01:group-17A1AAF01F7D change Leader from null to acfaaf4c-fd42-4ae4-8252-c76272d83cac at term 1 for appendEntries, leader elected after 1161ms
2019-06-13 21:34:39,596 INFO  impl.RaftServerImpl (ServerState.java:setLeader(263)) - 04e160f5-0d30-4707-b592-de9a20b07098:group-17A1AAF01F7D change Leader from null to acfaaf4c-fd42-4ae4-8252-c76272d83cac at term 1 for appendEntries, leader elected after 1142ms
2019-06-13 21:34:39,596 INFO  impl.RaftServerImpl (ServerState.java:setRaftConf(361)) - 8f6ad65a-a258-4f2f-a6a2-5b56d938abae:group-E56A561D13F3 set configuration 0: [8f6ad65a-a258-4f2f-a6a2-5b56d938abae:192.168.11.218:41713], old=null at 0
2019-06-13 21:34:39,598 INFO  ozone.MiniOzoneClusterImpl (MiniOzoneClusterImpl.java:lambda$waitForClusterToBeReady$0(142)) - Cluster is ready. Got 6 of 6 DN Heartbeats.
2019-06-13 21:34:39,610 INFO  storage.RaftLogWorker (RaftLogWorker.java:execute(469)) - 04e160f5-0d30-4707-b592-de9a20b07098-RaftLogWorker: created new log segment /opt/src/hadoop-ozone/integration-test/target/test-dir/MiniOzoneClusterImpl-bd1d32be-c8fc-439f-9e0f-b9740ee9306b/datanode-0/data/ratis/e522f38b-cc6f-4a14-bfbb-5dad78ec7475/current/log_inprogress_0
2019-06-13 21:34:39,616 INFO  storage.RaftLogWorker (RaftLogWorker.java:execute(469)) - acfaaf4c-fd42-4ae4-8252-c76272d83cac-RaftLogWorker: created new log segment /opt/src/hadoop-ozone/integration-test/target/test-dir/MiniOzoneClusterImpl-bd1d32be-c8fc-439f-9e0f-b9740ee9306b/datanode-1/data/ratis/95b2ffdb-d326-4a5d-8c40-6b81dbd4b3c1/current/log_inprogress_0
2019-06-13 21:34:39,616 INFO  storage.RaftLogWorker (RaftLogWorker.java:execute(469)) - c444188c-a9c5-4fbc-a469-d358b9789c01-RaftLogWorker: created new log segment /opt/src/hadoop-ozone/integration-test/target/test-dir/MiniOzoneClusterImpl-bd1d32be-c8fc-439f-9e0f-b9740ee9306b/datanode-2/data/ratis/8338c058-9b36-4bba-8077-8e2e8876bee8/current/log_inprogress_0
2019-06-13 21:34:39,616 INFO  storage.RaftLogWorker (RaftLogWorker.java:execute(469)) - 4c1e926e-28a4-42c0-a771-1d793c5e841c-RaftLogWorker: created new log segment /opt/src/hadoop-ozone/integration-test/target/test-dir/MiniOzoneClusterImpl-bd1d32be-c8fc-439f-9e0f-b9740ee9306b/datanode-3/data/ratis/a925d3f9-ee9c-429e-9a74-7ef461bbba09/current/log_inprogress_0
]]></system-out>
    <system-err><![CDATA[ERROR StatusLogger No Log4j 2 configuration file found. Using default configuration (logging only errors to the console), or user programmatically provided configurations. Set system property 'log4j2.debug' to show Log4j 2 internal initialization logging. See https://logging.apache.org/log4j/2.x/manual/configuration.html for instructions on how to configure Log4j 2
Jun 13, 2019 9:34:33 PM com.sun.jersey.server.impl.application.WebApplicationImpl _initiate
INFO: Initiating Jersey application, version 'Jersey: 1.19 02/11/2015 03:25 AM'
Jun 13, 2019 9:34:33 PM com.sun.jersey.server.impl.application.WebApplicationImpl _initiate
INFO: Initiating Jersey application, version 'Jersey: 1.19 02/11/2015 03:25 AM'
Jun 13, 2019 9:34:33 PM com.sun.jersey.server.impl.application.WebApplicationImpl _initiate
INFO: Initiating Jersey application, version 'Jersey: 1.19 02/11/2015 03:25 AM'
Jun 13, 2019 9:34:34 PM com.sun.jersey.server.impl.application.WebApplicationImpl _initiate
INFO: Initiating Jersey application, version 'Jersey: 1.19 02/11/2015 03:25 AM'
Jun 13, 2019 9:34:34 PM com.sun.jersey.server.impl.application.WebApplicationImpl _initiate
INFO: Initiating Jersey application, version 'Jersey: 1.19 02/11/2015 03:25 AM'
Jun 13, 2019 9:34:34 PM com.sun.jersey.server.impl.application.WebApplicationImpl _initiate
INFO: Initiating Jersey application, version 'Jersey: 1.19 02/11/2015 03:25 AM'
]]></system-err>
  </testcase>
</testsuite>