<?xml version="1.0" encoding="UTF-8"?>
<testsuite xmlns:xsi="http://www.w3.org/2001/XMLSchema-instance" xsi:noNamespaceSchemaLocation="https://maven.apache.org/surefire/maven-surefire-plugin/xsd/surefire-test-report.xsd" name="org.apache.hadoop.ozone.freon.TestFreonWithPipelineDestroy" time="18.532" tests="1" errors="1" skipped="0" failures="0">
  <properties>
    <property name="awt.toolkit" value="sun.awt.X11.XToolkit"/>
    <property name="file.encoding.pkg" value="sun.io"/>
    <property name="java.specification.version" value="1.8"/>
    <property name="sun.cpu.isalist" value=""/>
    <property name="sun.jnu.encoding" value="UTF-8"/>
    <property name="java.class.path" value="/opt/src/hadoop-ozone/tools/target/test-classes:/opt/src/hadoop-ozone/tools/target/classes:/opt/src/hadoop-ozone/ozone-manager/target/classes:/opt/src/hadoop-hdds/docs/target/classes:/home/user/.m2/repository/org/bouncycastle/bcprov-jdk15on/1.60/bcprov-jdk15on-1.60.jar:/opt/src/hadoop-ozone/common/target/classes:/home/user/.m2/repository/org/apache/commons/commons-compress/1.4.1/commons-compress-1.4.1.jar:/home/user/.m2/repository/org/tukaani/xz/1.0/xz-1.0.jar:/home/user/.m2/repository/org/apache/hadoop/hadoop-hdfs-client/3.2.0/hadoop-hdfs-client-3.2.0.jar:/home/user/.m2/repository/com/fasterxml/jackson/core/jackson-annotations/2.9.5/jackson-annotations-2.9.5.jar:/opt/src/hadoop-hdds/common/target/classes:/opt/src/hadoop-hdds/config/target/classes:/home/user/.m2/repository/javax/annotation/javax.annotation-api/1.2/javax.annotation-api-1.2.jar:/home/user/.m2/repository/org/apache/ratis/ratis-server/0.4.0-fe2b15d-SNAPSHOT/ratis-server-0.4.0-fe2b15d-SNAPSHOT.jar:/home/user/.m2/repository/org/apache/ratis/ratis-thirdparty-misc/0.2.0/ratis-thirdparty-misc-0.2.0.jar:/home/user/.m2/repository/org/apache/ratis/ratis-proto/0.4.0-fe2b15d-SNAPSHOT/ratis-proto-0.4.0-fe2b15d-SNAPSHOT.jar:/home/user/.m2/repository/org/apache/ratis/ratis-common/0.4.0-fe2b15d-SNAPSHOT/ratis-common-0.4.0-fe2b15d-SNAPSHOT.jar:/home/user/.m2/repository/org/apache/ratis/ratis-client/0.4.0-fe2b15d-SNAPSHOT/ratis-client-0.4.0-fe2b15d-SNAPSHOT.jar:/home/user/.m2/repository/org/apache/ratis/ratis-netty/0.4.0-fe2b15d-SNAPSHOT/ratis-netty-0.4.0-fe2b15d-SNAPSHOT.jar:/home/user/.m2/repository/org/apache/ratis/ratis-grpc/0.4.0-fe2b15d-SNAPSHOT/ratis-grpc-0.4.0-fe2b15d-SNAPSHOT.jar:/home/user/.m2/repository/org/rocksdb/rocksdbjni/5.14.2/rocksdbjni-5.14.2.jar:/home/user/.m2/repository/org/apache/logging/log4j/log4j-api/2.11.0/log4j-api-2.11.0.jar:/home/user/.m2/repository/org/apache/logging/log4j/log4j-core/2.11.0/log4j-core-2.11.0.jar:/home/user/.m2/repository/com/lmax/disruptor/3.4.2/disruptor-3.4.2.jar:/home/user/.m2/repository/org/apache/commons/commons-pool2/2.6.0/commons-pool2-2.6.0.jar:/home/user/.m2/repository/org/bouncycastle/bcpkix-jdk15on/1.60/bcpkix-jdk15on-1.60.jar:/home/user/.m2/repository/commons-validator/commons-validator/1.6/commons-validator-1.6.jar:/home/user/.m2/repository/commons-digester/commons-digester/1.8.1/commons-digester-1.8.1.jar:/home/user/.m2/repository/io/jaegertracing/jaeger-client/0.33.1/jaeger-client-0.33.1.jar:/home/user/.m2/repository/io/jaegertracing/jaeger-thrift/0.33.1/jaeger-thrift-0.33.1.jar:/home/user/.m2/repository/org/apache/thrift/libthrift/0.11.0/libthrift-0.11.0.jar:/home/user/.m2/repository/com/squareup/okhttp3/okhttp/3.9.0/okhttp-3.9.0.jar:/home/user/.m2/repository/com/squareup/okio/okio/1.13.0/okio-1.13.0.jar:/home/user/.m2/repository/io/jaegertracing/jaeger-core/0.33.1/jaeger-core-0.33.1.jar:/home/user/.m2/repository/io/jaegertracing/jaeger-tracerresolver/0.33.1/jaeger-tracerresolver-0.33.1.jar:/home/user/.m2/repository/io/opentracing/contrib/opentracing-tracerresolver/0.1.5/opentracing-tracerresolver-0.1.5.jar:/home/user/.m2/repository/io/opentracing/opentracing-util/0.31.0/opentracing-util-0.31.0.jar:/home/user/.m2/repository/io/opentracing/opentracing-api/0.31.0/opentracing-api-0.31.0.jar:/home/user/.m2/repository/io/opentracing/opentracing-noop/0.31.0/opentracing-noop-0.31.0.jar:/home/user/.m2/repository/org/yaml/snakeyaml/1.16/snakeyaml-1.16.jar:/opt/src/hadoop-hdds/server-scm/target/classes:/home/user/.m2/repository/org/hamcrest/hamcrest-all/1.3/hamcrest-all-1.3.jar:/opt/src/hadoop-hdds/container-service/target/classes:/opt/src/hadoop-hdds/client/target/classes:/opt/src/hadoop-hdds/tools/target/classes:/home/user/.m2/repository/org/xerial/sqlite-jdbc/3.25.2/sqlite-jdbc-3.25.2.jar:/opt/src/hadoop-ozone/client/target/classes:/home/user/.m2/repository/org/apache/hadoop/hadoop-ozone-filesystem/0.5.0-SNAPSHOT/hadoop-ozone-filesystem-0.5.0-SNAPSHOT.jar:/opt/src/hadoop-hdds/framework/target/classes:/home/user/.m2/repository/info/picocli/picocli/3.9.6/picocli-3.9.6.jar:/home/user/.m2/repository/com/google/protobuf/protobuf-java/2.5.0/protobuf-java-2.5.0.jar:/home/user/.m2/repository/com/google/guava/guava/11.0.2/guava-11.0.2.jar:/home/user/.m2/repository/org/apache/hadoop/hadoop-common/3.2.0/hadoop-common-3.2.0.jar:/home/user/.m2/repository/org/apache/hadoop/hadoop-annotations/3.2.0/hadoop-annotations-3.2.0.jar:/usr/lib/jvm/java-1.8-openjdk/jre/../lib/tools.jar:/home/user/.m2/repository/commons-cli/commons-cli/1.2/commons-cli-1.2.jar:/home/user/.m2/repository/org/apache/commons/commons-math3/3.1.1/commons-math3-3.1.1.jar:/home/user/.m2/repository/org/apache/httpcomponents/httpclient/4.5.2/httpclient-4.5.2.jar:/home/user/.m2/repository/org/apache/httpcomponents/httpcore/4.4.4/httpcore-4.4.4.jar:/home/user/.m2/repository/commons-codec/commons-codec/1.11/commons-codec-1.11.jar:/home/user/.m2/repository/commons-io/commons-io/2.5/commons-io-2.5.jar:/home/user/.m2/repository/commons-net/commons-net/3.6/commons-net-3.6.jar:/home/user/.m2/repository/commons-collections/commons-collections/3.2.2/commons-collections-3.2.2.jar:/home/user/.m2/repository/javax/servlet/javax.servlet-api/3.1.0/javax.servlet-api-3.1.0.jar:/home/user/.m2/repository/org/eclipse/jetty/jetty-server/9.3.24.v20180605/jetty-server-9.3.24.v20180605.jar:/home/user/.m2/repository/org/eclipse/jetty/jetty-http/9.3.24.v20180605/jetty-http-9.3.24.v20180605.jar:/home/user/.m2/repository/org/eclipse/jetty/jetty-io/9.3.24.v20180605/jetty-io-9.3.24.v20180605.jar:/home/user/.m2/repository/org/eclipse/jetty/jetty-util/9.3.24.v20180605/jetty-util-9.3.24.v20180605.jar:/home/user/.m2/repository/org/eclipse/jetty/jetty-servlet/9.3.24.v20180605/jetty-servlet-9.3.24.v20180605.jar:/home/user/.m2/repository/org/eclipse/jetty/jetty-security/9.3.24.v20180605/jetty-security-9.3.24.v20180605.jar:/home/user/.m2/repository/org/eclipse/jetty/jetty-webapp/9.3.24.v20180605/jetty-webapp-9.3.24.v20180605.jar:/home/user/.m2/repository/org/eclipse/jetty/jetty-xml/9.3.24.v20180605/jetty-xml-9.3.24.v20180605.jar:/home/user/.m2/repository/javax/servlet/jsp/jsp-api/2.1/jsp-api-2.1.jar:/home/user/.m2/repository/com/sun/jersey/jersey-core/1.19/jersey-core-1.19.jar:/home/user/.m2/repository/javax/ws/rs/jsr311-api/1.1.1/jsr311-api-1.1.1.jar:/home/user/.m2/repository/com/sun/jersey/jersey-servlet/1.19/jersey-servlet-1.19.jar:/home/user/.m2/repository/com/sun/jersey/jersey-json/1.19/jersey-json-1.19.jar:/home/user/.m2/repository/org/codehaus/jettison/jettison/1.1/jettison-1.1.jar:/home/user/.m2/repository/com/sun/xml/bind/jaxb-impl/2.3.0.1/jaxb-impl-2.3.0.1.jar:/home/user/.m2/repository/org/codehaus/jackson/jackson-core-asl/1.9.13/jackson-core-asl-1.9.13.jar:/home/user/.m2/repository/org/codehaus/jackson/jackson-mapper-asl/1.9.13/jackson-mapper-asl-1.9.13.jar:/home/user/.m2/repository/org/codehaus/jackson/jackson-jaxrs/1.9.13/jackson-jaxrs-1.9.13.jar:/home/user/.m2/repository/org/codehaus/jackson/jackson-xc/1.9.13/jackson-xc-1.9.13.jar:/home/user/.m2/repository/com/sun/jersey/jersey-server/1.19/jersey-server-1.19.jar:/home/user/.m2/repository/commons-logging/commons-logging/1.1.3/commons-logging-1.1.3.jar:/home/user/.m2/repository/log4j/log4j/1.2.17/log4j-1.2.17.jar:/home/user/.m2/repository/commons-beanutils/commons-beanutils/1.9.3/commons-beanutils-1.9.3.jar:/home/user/.m2/repository/org/apache/commons/commons-configuration2/2.1.1/commons-configuration2-2.1.1.jar:/home/user/.m2/repository/org/apache/commons/commons-lang3/3.7/commons-lang3-3.7.jar:/home/user/.m2/repository/org/apache/commons/commons-text/1.4/commons-text-1.4.jar:/home/user/.m2/repository/org/slf4j/slf4j-api/1.7.25/slf4j-api-1.7.25.jar:/home/user/.m2/repository/org/slf4j/slf4j-log4j12/1.7.25/slf4j-log4j12-1.7.25.jar:/home/user/.m2/repository/org/apache/avro/avro/1.7.7/avro-1.7.7.jar:/home/user/.m2/repository/com/thoughtworks/paranamer/paranamer/2.3/paranamer-2.3.jar:/home/user/.m2/repository/org/xerial/snappy/snappy-java/1.0.5/snappy-java-1.0.5.jar:/home/user/.m2/repository/com/google/re2j/re2j/1.1/re2j-1.1.jar:/home/user/.m2/repository/com/google/code/gson/gson/2.2.4/gson-2.2.4.jar:/home/user/.m2/repository/org/apache/hadoop/hadoop-auth/3.2.0/hadoop-auth-3.2.0.jar:/home/user/.m2/repository/com/nimbusds/nimbus-jose-jwt/4.41.1/nimbus-jose-jwt-4.41.1.jar:/home/user/.m2/repository/com/github/stephenc/jcip/jcip-annotations/1.0-1/jcip-annotations-1.0-1.jar:/home/user/.m2/repository/net/minidev/json-smart/2.3/json-smart-2.3.jar:/home/user/.m2/repository/net/minidev/accessors-smart/1.2/accessors-smart-1.2.jar:/home/user/.m2/repository/org/apache/curator/curator-framework/2.12.0/curator-framework-2.12.0.jar:/home/user/.m2/repository/com/jcraft/jsch/0.1.54/jsch-0.1.54.jar:/home/user/.m2/repository/org/apache/curator/curator-client/2.12.0/curator-client-2.12.0.jar:/home/user/.m2/repository/org/apache/curator/curator-recipes/2.12.0/curator-recipes-2.12.0.jar:/home/user/.m2/repository/com/google/code/findbugs/jsr305/3.0.0/jsr305-3.0.0.jar:/home/user/.m2/repository/org/apache/htrace/htrace-core4/4.1.0-incubating/htrace-core4-4.1.0-incubating.jar:/home/user/.m2/repository/org/apache/zookeeper/zookeeper/3.4.13/zookeeper-3.4.13.jar:/home/user/.m2/repository/org/apache/yetus/audience-annotations/0.5.0/audience-annotations-0.5.0.jar:/home/user/.m2/repository/org/apache/kerby/kerb-simplekdc/1.0.1/kerb-simplekdc-1.0.1.jar:/home/user/.m2/repository/org/apache/kerby/kerb-client/1.0.1/kerb-client-1.0.1.jar:/home/user/.m2/repository/org/apache/kerby/kerby-config/1.0.1/kerby-config-1.0.1.jar:/home/user/.m2/repository/org/apache/kerby/kerb-core/1.0.1/kerb-core-1.0.1.jar:/home/user/.m2/repository/org/apache/kerby/kerby-pkix/1.0.1/kerby-pkix-1.0.1.jar:/home/user/.m2/repository/org/apache/kerby/kerby-asn1/1.0.1/kerby-asn1-1.0.1.jar:/home/user/.m2/repository/org/apache/kerby/kerby-util/1.0.1/kerby-util-1.0.1.jar:/home/user/.m2/repository/org/apache/kerby/kerb-common/1.0.1/kerb-common-1.0.1.jar:/home/user/.m2/repository/org/apache/kerby/kerb-crypto/1.0.1/kerb-crypto-1.0.1.jar:/home/user/.m2/repository/org/apache/kerby/kerb-util/1.0.1/kerb-util-1.0.1.jar:/home/user/.m2/repository/org/apache/kerby/token-provider/1.0.1/token-provider-1.0.1.jar:/home/user/.m2/repository/org/apache/kerby/kerb-admin/1.0.1/kerb-admin-1.0.1.jar:/home/user/.m2/repository/org/apache/kerby/kerb-server/1.0.1/kerb-server-1.0.1.jar:/home/user/.m2/repository/org/apache/kerby/kerb-identity/1.0.1/kerb-identity-1.0.1.jar:/home/user/.m2/repository/org/apache/kerby/kerby-xdr/1.0.1/kerby-xdr-1.0.1.jar:/home/user/.m2/repository/com/fasterxml/jackson/core/jackson-databind/2.9.5/jackson-databind-2.9.5.jar:/home/user/.m2/repository/com/fasterxml/jackson/core/jackson-core/2.9.5/jackson-core-2.9.5.jar:/home/user/.m2/repository/org/codehaus/woodstox/stax2-api/3.1.4/stax2-api-3.1.4.jar:/home/user/.m2/repository/com/fasterxml/woodstox/woodstox-core/5.0.3/woodstox-core-5.0.3.jar:/home/user/.m2/repository/dnsjava/dnsjava/2.1.7/dnsjava-2.1.7.jar:/home/user/.m2/repository/org/apache/hadoop/hadoop-hdfs/3.2.0/hadoop-hdfs-3.2.0.jar:/home/user/.m2/repository/org/eclipse/jetty/jetty-util-ajax/9.3.24.v20180605/jetty-util-ajax-9.3.24.v20180605.jar:/home/user/.m2/repository/commons-daemon/commons-daemon/1.0.13/commons-daemon-1.0.13.jar:/home/user/.m2/repository/io/netty/netty/3.10.5.Final/netty-3.10.5.Final.jar:/home/user/.m2/repository/io/netty/netty-all/4.0.52.Final/netty-all-4.0.52.Final.jar:/home/user/.m2/repository/org/fusesource/leveldbjni/leveldbjni-all/1.8/leveldbjni-all-1.8.jar:/home/user/.m2/repository/com/sun/xml/bind/jaxb-core/2.3.0.1/jaxb-core-2.3.0.1.jar:/home/user/.m2/repository/javax/xml/bind/jaxb-api/2.3.0/jaxb-api-2.3.0.jar:/home/user/.m2/repository/javax/activation/activation/1.1.1/activation-1.1.1.jar:/home/user/.m2/repository/io/dropwizard/metrics/metrics-core/3.2.4/metrics-core-3.2.4.jar:/home/user/.m2/repository/org/openjdk/jmh/jmh-core/1.19/jmh-core-1.19.jar:/home/user/.m2/repository/net/sf/jopt-simple/jopt-simple/4.6/jopt-simple-4.6.jar:/home/user/.m2/repository/org/openjdk/jmh/jmh-generator-annprocess/1.19/jmh-generator-annprocess-1.19.jar:/home/user/.m2/repository/com/google/code/findbugs/findbugs/3.0.1/findbugs-3.0.1.jar:/home/user/.m2/repository/net/jcip/jcip-annotations/1.0/jcip-annotations-1.0.jar:/home/user/.m2/repository/com/google/code/findbugs/bcel-findbugs/6.0/bcel-findbugs-6.0.jar:/home/user/.m2/repository/com/google/code/findbugs/jFormatString/2.0.1/jFormatString-2.0.1.jar:/home/user/.m2/repository/dom4j/dom4j/1.6.1/dom4j-1.6.1.jar:/home/user/.m2/repository/xml-apis/xml-apis/1.0.b2/xml-apis-1.0.b2.jar:/home/user/.m2/repository/org/ow2/asm/asm-debug-all/5.0.2/asm-debug-all-5.0.2.jar:/home/user/.m2/repository/org/ow2/asm/asm-commons/5.0.2/asm-commons-5.0.2.jar:/home/user/.m2/repository/org/ow2/asm/asm-tree/5.0.2/asm-tree-5.0.2.jar:/home/user/.m2/repository/org/ow2/asm/asm/5.0.4/asm-5.0.4.jar:/home/user/.m2/repository/commons-lang/commons-lang/2.6/commons-lang-2.6.jar:/home/user/.m2/repository/com/apple/AppleJavaExtensions/1.4/AppleJavaExtensions-1.4.jar:/home/user/.m2/repository/jaxen/jaxen/1.1.6/jaxen-1.1.6.jar:/home/user/.m2/repository/junit/junit/4.11/junit-4.11.jar:/home/user/.m2/repository/org/hamcrest/hamcrest-core/1.3/hamcrest-core-1.3.jar:/home/user/.m2/repository/org/apache/hadoop/hadoop-common/3.2.0/hadoop-common-3.2.0-tests.jar:/home/user/.m2/repository/org/apache/hadoop/hadoop-ozone-integration-test/0.5.0-SNAPSHOT/hadoop-ozone-integration-test-0.5.0-SNAPSHOT-tests.jar:/opt/src/hadoop-ozone/objectstore-service/target/classes:/opt/src/hadoop-ozone/s3gateway/target/classes:/home/user/.m2/repository/org/jboss/weld/servlet/weld-servlet/2.4.7.Final/weld-servlet-2.4.7.Final.jar:/home/user/.m2/repository/org/glassfish/jersey/containers/jersey-container-servlet-core/2.27/jersey-container-servlet-core-2.27.jar:/home/user/.m2/repository/org/glassfish/hk2/external/javax.inject/2.5.0-b42/javax.inject-2.5.0-b42.jar:/home/user/.m2/repository/org/glassfish/jersey/core/jersey-common/2.27/jersey-common-2.27.jar:/home/user/.m2/repository/org/glassfish/hk2/osgi-resource-locator/1.0.1/osgi-resource-locator-1.0.1.jar:/home/user/.m2/repository/javax/ws/rs/javax.ws.rs-api/2.1/javax.ws.rs-api-2.1.jar:/home/user/.m2/repository/org/glassfish/jersey/ext/cdi/jersey-cdi1x/2.27/jersey-cdi1x-2.27.jar:/home/user/.m2/repository/org/glassfish/jersey/inject/jersey-hk2/2.27/jersey-hk2-2.27.jar:/home/user/.m2/repository/org/glassfish/hk2/hk2-locator/2.5.0-b42/hk2-locator-2.5.0-b42.jar:/home/user/.m2/repository/org/javassist/javassist/3.22.0-CR2/javassist-3.22.0-CR2.jar:/home/user/.m2/repository/org/glassfish/hk2/hk2-api/2.5.0/hk2-api-2.5.0.jar:/home/user/.m2/repository/org/glassfish/hk2/external/jakarta.inject/2.5.0/jakarta.inject-2.5.0.jar:/home/user/.m2/repository/org/glassfish/hk2/hk2-utils/2.5.0/hk2-utils-2.5.0.jar:/home/user/.m2/repository/jakarta/annotation/jakarta.annotation-api/1.3.4/jakarta.annotation-api-1.3.4.jar:/home/user/.m2/repository/org/glassfish/hk2/external/aopalliance-repackaged/2.5.0/aopalliance-repackaged-2.5.0.jar:/home/user/.m2/repository/com/fasterxml/jackson/dataformat/jackson-dataformat-xml/2.9.0/jackson-dataformat-xml-2.9.0.jar:/home/user/.m2/repository/com/fasterxml/jackson/module/jackson-module-jaxb-annotations/2.9.5/jackson-module-jaxb-annotations-2.9.5.jar:/home/user/.m2/repository/javax/enterprise/cdi-api/1.2/cdi-api-1.2.jar:/home/user/.m2/repository/javax/el/javax.el-api/3.0.0/javax.el-api-3.0.0.jar:/home/user/.m2/repository/javax/interceptor/javax.interceptor-api/1.2/javax.interceptor-api-1.2.jar:/home/user/.m2/repository/javax/inject/javax.inject/1/javax.inject-1.jar:/opt/src/hadoop-ozone/csi/target/classes:/home/user/.m2/repository/com/google/protobuf/protobuf-java-util/3.5.1/protobuf-java-util-3.5.1.jar:/home/user/.m2/repository/io/grpc/grpc-netty/1.17.1/grpc-netty-1.17.1.jar:/home/user/.m2/repository/io/grpc/grpc-core/1.17.1/grpc-core-1.17.1.jar:/home/user/.m2/repository/io/grpc/grpc-context/1.17.1/grpc-context-1.17.1.jar:/home/user/.m2/repository/com/google/errorprone/error_prone_annotations/2.2.0/error_prone_annotations-2.2.0.jar:/home/user/.m2/repository/org/codehaus/mojo/animal-sniffer-annotations/1.17/animal-sniffer-annotations-1.17.jar:/home/user/.m2/repository/io/opencensus/opencensus-api/0.17.0/opencensus-api-0.17.0.jar:/home/user/.m2/repository/io/opencensus/opencensus-contrib-grpc-metrics/0.17.0/opencensus-contrib-grpc-metrics-0.17.0.jar:/home/user/.m2/repository/io/netty/netty-codec-http2/4.1.30.Final/netty-codec-http2-4.1.30.Final.jar:/home/user/.m2/repository/io/netty/netty-codec-http/4.1.30.Final/netty-codec-http-4.1.30.Final.jar:/home/user/.m2/repository/io/netty/netty-codec/4.1.30.Final/netty-codec-4.1.30.Final.jar:/home/user/.m2/repository/io/netty/netty-handler/4.1.30.Final/netty-handler-4.1.30.Final.jar:/home/user/.m2/repository/io/netty/netty-handler-proxy/4.1.30.Final/netty-handler-proxy-4.1.30.Final.jar:/home/user/.m2/repository/io/netty/netty-codec-socks/4.1.30.Final/netty-codec-socks-4.1.30.Final.jar:/home/user/.m2/repository/io/netty/netty-transport-native-epoll/4.1.30.Final/netty-transport-native-epoll-4.1.30.Final.jar:/home/user/.m2/repository/io/netty/netty-common/4.1.30.Final/netty-common-4.1.30.Final.jar:/home/user/.m2/repository/io/netty/netty-buffer/4.1.30.Final/netty-buffer-4.1.30.Final.jar:/home/user/.m2/repository/io/netty/netty-transport/4.1.30.Final/netty-transport-4.1.30.Final.jar:/home/user/.m2/repository/io/netty/netty-resolver/4.1.30.Final/netty-resolver-4.1.30.Final.jar:/home/user/.m2/repository/io/netty/netty-transport-native-unix-common/4.1.30.Final/netty-transport-native-unix-common-4.1.30.Final.jar:/home/user/.m2/repository/io/grpc/grpc-protobuf/1.17.1/grpc-protobuf-1.17.1.jar:/home/user/.m2/repository/com/google/api/grpc/proto-google-common-protos/1.0.0/proto-google-common-protos-1.0.0.jar:/home/user/.m2/repository/io/grpc/grpc-protobuf-lite/1.17.1/grpc-protobuf-lite-1.17.1.jar:/home/user/.m2/repository/io/grpc/grpc-stub/1.17.1/grpc-stub-1.17.1.jar:/opt/src/hadoop-ozone/ozone-recon/target/classes:/opt/src/hadoop-ozone/ozone-recon-codegen/target/classes:/home/user/.m2/repository/com/google/inject/extensions/guice-multibindings/4.0/guice-multibindings-4.0.jar:/home/user/.m2/repository/com/google/inject/guice/4.0/guice-4.0.jar:/home/user/.m2/repository/aopalliance/aopalliance/1.0/aopalliance-1.0.jar:/home/user/.m2/repository/com/google/inject/extensions/guice-servlet/4.0/guice-servlet-4.0.jar:/home/user/.m2/repository/org/glassfish/jersey/containers/jersey-container-servlet/2.27/jersey-container-servlet-2.27.jar:/home/user/.m2/repository/org/glassfish/hk2/guice-bridge/2.5.0/guice-bridge-2.5.0.jar:/home/user/.m2/repository/org/glassfish/jersey/core/jersey-server/2.27/jersey-server-2.27.jar:/home/user/.m2/repository/org/glassfish/jersey/core/jersey-client/2.27/jersey-client-2.27.jar:/home/user/.m2/repository/org/glassfish/jersey/media/jersey-media-jaxb/2.27/jersey-media-jaxb-2.27.jar:/home/user/.m2/repository/javax/validation/validation-api/1.1.0.Final/validation-api-1.1.0.Final.jar:/home/user/.m2/repository/org/glassfish/jersey/media/jersey-media-json-jackson/2.27/jersey-media-json-jackson-2.27.jar:/home/user/.m2/repository/org/glassfish/jersey/ext/jersey-entity-filtering/2.27/jersey-entity-filtering-2.27.jar:/home/user/.m2/repository/com/google/inject/extensions/guice-assistedinject/4.0/guice-assistedinject-4.0.jar:/home/user/.m2/repository/org/jooq/jooq/3.11.10/jooq-3.11.10.jar:/home/user/.m2/repository/org/jooq/jooq-meta/3.11.10/jooq-meta-3.11.10.jar:/home/user/.m2/repository/org/jooq/jooq-codegen/3.11.10/jooq-codegen-3.11.10.jar:/home/user/.m2/repository/com/jolbox/bonecp/0.8.0.RELEASE/bonecp-0.8.0.RELEASE.jar:/home/user/.m2/repository/org/springframework/spring-jdbc/5.1.3.RELEASE/spring-jdbc-5.1.3.RELEASE.jar:/home/user/.m2/repository/org/springframework/spring-beans/5.1.3.RELEASE/spring-beans-5.1.3.RELEASE.jar:/home/user/.m2/repository/org/springframework/spring-core/5.1.3.RELEASE/spring-core-5.1.3.RELEASE.jar:/home/user/.m2/repository/org/springframework/spring-jcl/5.1.3.RELEASE/spring-jcl-5.1.3.RELEASE.jar:/home/user/.m2/repository/org/springframework/spring-tx/5.1.3.RELEASE/spring-tx-5.1.3.RELEASE.jar:/home/user/.m2/repository/org/mockito/mockito-core/2.15.0/mockito-core-2.15.0.jar:/home/user/.m2/repository/net/bytebuddy/byte-buddy/1.7.9/byte-buddy-1.7.9.jar:/home/user/.m2/repository/net/bytebuddy/byte-buddy-agent/1.7.9/byte-buddy-agent-1.7.9.jar:/home/user/.m2/repository/org/objenesis/objenesis/1.0/objenesis-1.0.jar:"/>
    <property name="java.vm.vendor" value="IcedTea"/>
    <property name="sun.arch.data.model" value="64"/>
    <property name="test.build.dir" value="/opt/src/hadoop-ozone/tools/target/test-dir"/>
    <property name="test.cache.data" value=""/>
    <property name="java.vendor.url" value="https://icedtea.classpath.org"/>
    <property name="user.timezone" value=""/>
    <property name="java.vm.specification.version" value="1.8"/>
    <property name="os.name" value="Linux"/>
    <property name="test.build.data" value="/opt/src/hadoop-ozone/tools/target/test-dir"/>
    <property name="user.country" value="US"/>
    <property name="sun.java.launcher" value="SUN_STANDARD"/>
    <property name="sun.boot.library.path" value="/usr/lib/jvm/java-1.8-openjdk/jre/lib/amd64"/>
    <property name="sun.java.command" value="/opt/src/hadoop-ozone/tools/target/surefire/surefirebooter3840530295660552624.jar /opt/src/hadoop-ozone/tools/target/surefire 2019-06-18T08-09-34_029-jvmRun1 surefire3121422077301662065tmp surefire_896283780661144216117tmp"/>
    <property name="surefire.test.class.path" value="/opt/src/hadoop-ozone/tools/target/test-classes:/opt/src/hadoop-ozone/tools/target/classes:/opt/src/hadoop-ozone/ozone-manager/target/classes:/opt/src/hadoop-hdds/docs/target/classes:/home/user/.m2/repository/org/bouncycastle/bcprov-jdk15on/1.60/bcprov-jdk15on-1.60.jar:/opt/src/hadoop-ozone/common/target/classes:/home/user/.m2/repository/org/apache/commons/commons-compress/1.4.1/commons-compress-1.4.1.jar:/home/user/.m2/repository/org/tukaani/xz/1.0/xz-1.0.jar:/home/user/.m2/repository/org/apache/hadoop/hadoop-hdfs-client/3.2.0/hadoop-hdfs-client-3.2.0.jar:/home/user/.m2/repository/com/fasterxml/jackson/core/jackson-annotations/2.9.5/jackson-annotations-2.9.5.jar:/opt/src/hadoop-hdds/common/target/classes:/opt/src/hadoop-hdds/config/target/classes:/home/user/.m2/repository/javax/annotation/javax.annotation-api/1.2/javax.annotation-api-1.2.jar:/home/user/.m2/repository/org/apache/ratis/ratis-server/0.4.0-fe2b15d-SNAPSHOT/ratis-server-0.4.0-fe2b15d-SNAPSHOT.jar:/home/user/.m2/repository/org/apache/ratis/ratis-thirdparty-misc/0.2.0/ratis-thirdparty-misc-0.2.0.jar:/home/user/.m2/repository/org/apache/ratis/ratis-proto/0.4.0-fe2b15d-SNAPSHOT/ratis-proto-0.4.0-fe2b15d-SNAPSHOT.jar:/home/user/.m2/repository/org/apache/ratis/ratis-common/0.4.0-fe2b15d-SNAPSHOT/ratis-common-0.4.0-fe2b15d-SNAPSHOT.jar:/home/user/.m2/repository/org/apache/ratis/ratis-client/0.4.0-fe2b15d-SNAPSHOT/ratis-client-0.4.0-fe2b15d-SNAPSHOT.jar:/home/user/.m2/repository/org/apache/ratis/ratis-netty/0.4.0-fe2b15d-SNAPSHOT/ratis-netty-0.4.0-fe2b15d-SNAPSHOT.jar:/home/user/.m2/repository/org/apache/ratis/ratis-grpc/0.4.0-fe2b15d-SNAPSHOT/ratis-grpc-0.4.0-fe2b15d-SNAPSHOT.jar:/home/user/.m2/repository/org/rocksdb/rocksdbjni/5.14.2/rocksdbjni-5.14.2.jar:/home/user/.m2/repository/org/apache/logging/log4j/log4j-api/2.11.0/log4j-api-2.11.0.jar:/home/user/.m2/repository/org/apache/logging/log4j/log4j-core/2.11.0/log4j-core-2.11.0.jar:/home/user/.m2/repository/com/lmax/disruptor/3.4.2/disruptor-3.4.2.jar:/home/user/.m2/repository/org/apache/commons/commons-pool2/2.6.0/commons-pool2-2.6.0.jar:/home/user/.m2/repository/org/bouncycastle/bcpkix-jdk15on/1.60/bcpkix-jdk15on-1.60.jar:/home/user/.m2/repository/commons-validator/commons-validator/1.6/commons-validator-1.6.jar:/home/user/.m2/repository/commons-digester/commons-digester/1.8.1/commons-digester-1.8.1.jar:/home/user/.m2/repository/io/jaegertracing/jaeger-client/0.33.1/jaeger-client-0.33.1.jar:/home/user/.m2/repository/io/jaegertracing/jaeger-thrift/0.33.1/jaeger-thrift-0.33.1.jar:/home/user/.m2/repository/org/apache/thrift/libthrift/0.11.0/libthrift-0.11.0.jar:/home/user/.m2/repository/com/squareup/okhttp3/okhttp/3.9.0/okhttp-3.9.0.jar:/home/user/.m2/repository/com/squareup/okio/okio/1.13.0/okio-1.13.0.jar:/home/user/.m2/repository/io/jaegertracing/jaeger-core/0.33.1/jaeger-core-0.33.1.jar:/home/user/.m2/repository/io/jaegertracing/jaeger-tracerresolver/0.33.1/jaeger-tracerresolver-0.33.1.jar:/home/user/.m2/repository/io/opentracing/contrib/opentracing-tracerresolver/0.1.5/opentracing-tracerresolver-0.1.5.jar:/home/user/.m2/repository/io/opentracing/opentracing-util/0.31.0/opentracing-util-0.31.0.jar:/home/user/.m2/repository/io/opentracing/opentracing-api/0.31.0/opentracing-api-0.31.0.jar:/home/user/.m2/repository/io/opentracing/opentracing-noop/0.31.0/opentracing-noop-0.31.0.jar:/home/user/.m2/repository/org/yaml/snakeyaml/1.16/snakeyaml-1.16.jar:/opt/src/hadoop-hdds/server-scm/target/classes:/home/user/.m2/repository/org/hamcrest/hamcrest-all/1.3/hamcrest-all-1.3.jar:/opt/src/hadoop-hdds/container-service/target/classes:/opt/src/hadoop-hdds/client/target/classes:/opt/src/hadoop-hdds/tools/target/classes:/home/user/.m2/repository/org/xerial/sqlite-jdbc/3.25.2/sqlite-jdbc-3.25.2.jar:/opt/src/hadoop-ozone/client/target/classes:/home/user/.m2/repository/org/apache/hadoop/hadoop-ozone-filesystem/0.5.0-SNAPSHOT/hadoop-ozone-filesystem-0.5.0-SNAPSHOT.jar:/opt/src/hadoop-hdds/framework/target/classes:/home/user/.m2/repository/info/picocli/picocli/3.9.6/picocli-3.9.6.jar:/home/user/.m2/repository/com/google/protobuf/protobuf-java/2.5.0/protobuf-java-2.5.0.jar:/home/user/.m2/repository/com/google/guava/guava/11.0.2/guava-11.0.2.jar:/home/user/.m2/repository/org/apache/hadoop/hadoop-common/3.2.0/hadoop-common-3.2.0.jar:/home/user/.m2/repository/org/apache/hadoop/hadoop-annotations/3.2.0/hadoop-annotations-3.2.0.jar:/usr/lib/jvm/java-1.8-openjdk/jre/../lib/tools.jar:/home/user/.m2/repository/commons-cli/commons-cli/1.2/commons-cli-1.2.jar:/home/user/.m2/repository/org/apache/commons/commons-math3/3.1.1/commons-math3-3.1.1.jar:/home/user/.m2/repository/org/apache/httpcomponents/httpclient/4.5.2/httpclient-4.5.2.jar:/home/user/.m2/repository/org/apache/httpcomponents/httpcore/4.4.4/httpcore-4.4.4.jar:/home/user/.m2/repository/commons-codec/commons-codec/1.11/commons-codec-1.11.jar:/home/user/.m2/repository/commons-io/commons-io/2.5/commons-io-2.5.jar:/home/user/.m2/repository/commons-net/commons-net/3.6/commons-net-3.6.jar:/home/user/.m2/repository/commons-collections/commons-collections/3.2.2/commons-collections-3.2.2.jar:/home/user/.m2/repository/javax/servlet/javax.servlet-api/3.1.0/javax.servlet-api-3.1.0.jar:/home/user/.m2/repository/org/eclipse/jetty/jetty-server/9.3.24.v20180605/jetty-server-9.3.24.v20180605.jar:/home/user/.m2/repository/org/eclipse/jetty/jetty-http/9.3.24.v20180605/jetty-http-9.3.24.v20180605.jar:/home/user/.m2/repository/org/eclipse/jetty/jetty-io/9.3.24.v20180605/jetty-io-9.3.24.v20180605.jar:/home/user/.m2/repository/org/eclipse/jetty/jetty-util/9.3.24.v20180605/jetty-util-9.3.24.v20180605.jar:/home/user/.m2/repository/org/eclipse/jetty/jetty-servlet/9.3.24.v20180605/jetty-servlet-9.3.24.v20180605.jar:/home/user/.m2/repository/org/eclipse/jetty/jetty-security/9.3.24.v20180605/jetty-security-9.3.24.v20180605.jar:/home/user/.m2/repository/org/eclipse/jetty/jetty-webapp/9.3.24.v20180605/jetty-webapp-9.3.24.v20180605.jar:/home/user/.m2/repository/org/eclipse/jetty/jetty-xml/9.3.24.v20180605/jetty-xml-9.3.24.v20180605.jar:/home/user/.m2/repository/javax/servlet/jsp/jsp-api/2.1/jsp-api-2.1.jar:/home/user/.m2/repository/com/sun/jersey/jersey-core/1.19/jersey-core-1.19.jar:/home/user/.m2/repository/javax/ws/rs/jsr311-api/1.1.1/jsr311-api-1.1.1.jar:/home/user/.m2/repository/com/sun/jersey/jersey-servlet/1.19/jersey-servlet-1.19.jar:/home/user/.m2/repository/com/sun/jersey/jersey-json/1.19/jersey-json-1.19.jar:/home/user/.m2/repository/org/codehaus/jettison/jettison/1.1/jettison-1.1.jar:/home/user/.m2/repository/com/sun/xml/bind/jaxb-impl/2.3.0.1/jaxb-impl-2.3.0.1.jar:/home/user/.m2/repository/org/codehaus/jackson/jackson-core-asl/1.9.13/jackson-core-asl-1.9.13.jar:/home/user/.m2/repository/org/codehaus/jackson/jackson-mapper-asl/1.9.13/jackson-mapper-asl-1.9.13.jar:/home/user/.m2/repository/org/codehaus/jackson/jackson-jaxrs/1.9.13/jackson-jaxrs-1.9.13.jar:/home/user/.m2/repository/org/codehaus/jackson/jackson-xc/1.9.13/jackson-xc-1.9.13.jar:/home/user/.m2/repository/com/sun/jersey/jersey-server/1.19/jersey-server-1.19.jar:/home/user/.m2/repository/commons-logging/commons-logging/1.1.3/commons-logging-1.1.3.jar:/home/user/.m2/repository/log4j/log4j/1.2.17/log4j-1.2.17.jar:/home/user/.m2/repository/commons-beanutils/commons-beanutils/1.9.3/commons-beanutils-1.9.3.jar:/home/user/.m2/repository/org/apache/commons/commons-configuration2/2.1.1/commons-configuration2-2.1.1.jar:/home/user/.m2/repository/org/apache/commons/commons-lang3/3.7/commons-lang3-3.7.jar:/home/user/.m2/repository/org/apache/commons/commons-text/1.4/commons-text-1.4.jar:/home/user/.m2/repository/org/slf4j/slf4j-api/1.7.25/slf4j-api-1.7.25.jar:/home/user/.m2/repository/org/slf4j/slf4j-log4j12/1.7.25/slf4j-log4j12-1.7.25.jar:/home/user/.m2/repository/org/apache/avro/avro/1.7.7/avro-1.7.7.jar:/home/user/.m2/repository/com/thoughtworks/paranamer/paranamer/2.3/paranamer-2.3.jar:/home/user/.m2/repository/org/xerial/snappy/snappy-java/1.0.5/snappy-java-1.0.5.jar:/home/user/.m2/repository/com/google/re2j/re2j/1.1/re2j-1.1.jar:/home/user/.m2/repository/com/google/code/gson/gson/2.2.4/gson-2.2.4.jar:/home/user/.m2/repository/org/apache/hadoop/hadoop-auth/3.2.0/hadoop-auth-3.2.0.jar:/home/user/.m2/repository/com/nimbusds/nimbus-jose-jwt/4.41.1/nimbus-jose-jwt-4.41.1.jar:/home/user/.m2/repository/com/github/stephenc/jcip/jcip-annotations/1.0-1/jcip-annotations-1.0-1.jar:/home/user/.m2/repository/net/minidev/json-smart/2.3/json-smart-2.3.jar:/home/user/.m2/repository/net/minidev/accessors-smart/1.2/accessors-smart-1.2.jar:/home/user/.m2/repository/org/apache/curator/curator-framework/2.12.0/curator-framework-2.12.0.jar:/home/user/.m2/repository/com/jcraft/jsch/0.1.54/jsch-0.1.54.jar:/home/user/.m2/repository/org/apache/curator/curator-client/2.12.0/curator-client-2.12.0.jar:/home/user/.m2/repository/org/apache/curator/curator-recipes/2.12.0/curator-recipes-2.12.0.jar:/home/user/.m2/repository/com/google/code/findbugs/jsr305/3.0.0/jsr305-3.0.0.jar:/home/user/.m2/repository/org/apache/htrace/htrace-core4/4.1.0-incubating/htrace-core4-4.1.0-incubating.jar:/home/user/.m2/repository/org/apache/zookeeper/zookeeper/3.4.13/zookeeper-3.4.13.jar:/home/user/.m2/repository/org/apache/yetus/audience-annotations/0.5.0/audience-annotations-0.5.0.jar:/home/user/.m2/repository/org/apache/kerby/kerb-simplekdc/1.0.1/kerb-simplekdc-1.0.1.jar:/home/user/.m2/repository/org/apache/kerby/kerb-client/1.0.1/kerb-client-1.0.1.jar:/home/user/.m2/repository/org/apache/kerby/kerby-config/1.0.1/kerby-config-1.0.1.jar:/home/user/.m2/repository/org/apache/kerby/kerb-core/1.0.1/kerb-core-1.0.1.jar:/home/user/.m2/repository/org/apache/kerby/kerby-pkix/1.0.1/kerby-pkix-1.0.1.jar:/home/user/.m2/repository/org/apache/kerby/kerby-asn1/1.0.1/kerby-asn1-1.0.1.jar:/home/user/.m2/repository/org/apache/kerby/kerby-util/1.0.1/kerby-util-1.0.1.jar:/home/user/.m2/repository/org/apache/kerby/kerb-common/1.0.1/kerb-common-1.0.1.jar:/home/user/.m2/repository/org/apache/kerby/kerb-crypto/1.0.1/kerb-crypto-1.0.1.jar:/home/user/.m2/repository/org/apache/kerby/kerb-util/1.0.1/kerb-util-1.0.1.jar:/home/user/.m2/repository/org/apache/kerby/token-provider/1.0.1/token-provider-1.0.1.jar:/home/user/.m2/repository/org/apache/kerby/kerb-admin/1.0.1/kerb-admin-1.0.1.jar:/home/user/.m2/repository/org/apache/kerby/kerb-server/1.0.1/kerb-server-1.0.1.jar:/home/user/.m2/repository/org/apache/kerby/kerb-identity/1.0.1/kerb-identity-1.0.1.jar:/home/user/.m2/repository/org/apache/kerby/kerby-xdr/1.0.1/kerby-xdr-1.0.1.jar:/home/user/.m2/repository/com/fasterxml/jackson/core/jackson-databind/2.9.5/jackson-databind-2.9.5.jar:/home/user/.m2/repository/com/fasterxml/jackson/core/jackson-core/2.9.5/jackson-core-2.9.5.jar:/home/user/.m2/repository/org/codehaus/woodstox/stax2-api/3.1.4/stax2-api-3.1.4.jar:/home/user/.m2/repository/com/fasterxml/woodstox/woodstox-core/5.0.3/woodstox-core-5.0.3.jar:/home/user/.m2/repository/dnsjava/dnsjava/2.1.7/dnsjava-2.1.7.jar:/home/user/.m2/repository/org/apache/hadoop/hadoop-hdfs/3.2.0/hadoop-hdfs-3.2.0.jar:/home/user/.m2/repository/org/eclipse/jetty/jetty-util-ajax/9.3.24.v20180605/jetty-util-ajax-9.3.24.v20180605.jar:/home/user/.m2/repository/commons-daemon/commons-daemon/1.0.13/commons-daemon-1.0.13.jar:/home/user/.m2/repository/io/netty/netty/3.10.5.Final/netty-3.10.5.Final.jar:/home/user/.m2/repository/io/netty/netty-all/4.0.52.Final/netty-all-4.0.52.Final.jar:/home/user/.m2/repository/org/fusesource/leveldbjni/leveldbjni-all/1.8/leveldbjni-all-1.8.jar:/home/user/.m2/repository/com/sun/xml/bind/jaxb-core/2.3.0.1/jaxb-core-2.3.0.1.jar:/home/user/.m2/repository/javax/xml/bind/jaxb-api/2.3.0/jaxb-api-2.3.0.jar:/home/user/.m2/repository/javax/activation/activation/1.1.1/activation-1.1.1.jar:/home/user/.m2/repository/io/dropwizard/metrics/metrics-core/3.2.4/metrics-core-3.2.4.jar:/home/user/.m2/repository/org/openjdk/jmh/jmh-core/1.19/jmh-core-1.19.jar:/home/user/.m2/repository/net/sf/jopt-simple/jopt-simple/4.6/jopt-simple-4.6.jar:/home/user/.m2/repository/org/openjdk/jmh/jmh-generator-annprocess/1.19/jmh-generator-annprocess-1.19.jar:/home/user/.m2/repository/com/google/code/findbugs/findbugs/3.0.1/findbugs-3.0.1.jar:/home/user/.m2/repository/net/jcip/jcip-annotations/1.0/jcip-annotations-1.0.jar:/home/user/.m2/repository/com/google/code/findbugs/bcel-findbugs/6.0/bcel-findbugs-6.0.jar:/home/user/.m2/repository/com/google/code/findbugs/jFormatString/2.0.1/jFormatString-2.0.1.jar:/home/user/.m2/repository/dom4j/dom4j/1.6.1/dom4j-1.6.1.jar:/home/user/.m2/repository/xml-apis/xml-apis/1.0.b2/xml-apis-1.0.b2.jar:/home/user/.m2/repository/org/ow2/asm/asm-debug-all/5.0.2/asm-debug-all-5.0.2.jar:/home/user/.m2/repository/org/ow2/asm/asm-commons/5.0.2/asm-commons-5.0.2.jar:/home/user/.m2/repository/org/ow2/asm/asm-tree/5.0.2/asm-tree-5.0.2.jar:/home/user/.m2/repository/org/ow2/asm/asm/5.0.4/asm-5.0.4.jar:/home/user/.m2/repository/commons-lang/commons-lang/2.6/commons-lang-2.6.jar:/home/user/.m2/repository/com/apple/AppleJavaExtensions/1.4/AppleJavaExtensions-1.4.jar:/home/user/.m2/repository/jaxen/jaxen/1.1.6/jaxen-1.1.6.jar:/home/user/.m2/repository/junit/junit/4.11/junit-4.11.jar:/home/user/.m2/repository/org/hamcrest/hamcrest-core/1.3/hamcrest-core-1.3.jar:/home/user/.m2/repository/org/apache/hadoop/hadoop-common/3.2.0/hadoop-common-3.2.0-tests.jar:/home/user/.m2/repository/org/apache/hadoop/hadoop-ozone-integration-test/0.5.0-SNAPSHOT/hadoop-ozone-integration-test-0.5.0-SNAPSHOT-tests.jar:/opt/src/hadoop-ozone/objectstore-service/target/classes:/opt/src/hadoop-ozone/s3gateway/target/classes:/home/user/.m2/repository/org/jboss/weld/servlet/weld-servlet/2.4.7.Final/weld-servlet-2.4.7.Final.jar:/home/user/.m2/repository/org/glassfish/jersey/containers/jersey-container-servlet-core/2.27/jersey-container-servlet-core-2.27.jar:/home/user/.m2/repository/org/glassfish/hk2/external/javax.inject/2.5.0-b42/javax.inject-2.5.0-b42.jar:/home/user/.m2/repository/org/glassfish/jersey/core/jersey-common/2.27/jersey-common-2.27.jar:/home/user/.m2/repository/org/glassfish/hk2/osgi-resource-locator/1.0.1/osgi-resource-locator-1.0.1.jar:/home/user/.m2/repository/javax/ws/rs/javax.ws.rs-api/2.1/javax.ws.rs-api-2.1.jar:/home/user/.m2/repository/org/glassfish/jersey/ext/cdi/jersey-cdi1x/2.27/jersey-cdi1x-2.27.jar:/home/user/.m2/repository/org/glassfish/jersey/inject/jersey-hk2/2.27/jersey-hk2-2.27.jar:/home/user/.m2/repository/org/glassfish/hk2/hk2-locator/2.5.0-b42/hk2-locator-2.5.0-b42.jar:/home/user/.m2/repository/org/javassist/javassist/3.22.0-CR2/javassist-3.22.0-CR2.jar:/home/user/.m2/repository/org/glassfish/hk2/hk2-api/2.5.0/hk2-api-2.5.0.jar:/home/user/.m2/repository/org/glassfish/hk2/external/jakarta.inject/2.5.0/jakarta.inject-2.5.0.jar:/home/user/.m2/repository/org/glassfish/hk2/hk2-utils/2.5.0/hk2-utils-2.5.0.jar:/home/user/.m2/repository/jakarta/annotation/jakarta.annotation-api/1.3.4/jakarta.annotation-api-1.3.4.jar:/home/user/.m2/repository/org/glassfish/hk2/external/aopalliance-repackaged/2.5.0/aopalliance-repackaged-2.5.0.jar:/home/user/.m2/repository/com/fasterxml/jackson/dataformat/jackson-dataformat-xml/2.9.0/jackson-dataformat-xml-2.9.0.jar:/home/user/.m2/repository/com/fasterxml/jackson/module/jackson-module-jaxb-annotations/2.9.5/jackson-module-jaxb-annotations-2.9.5.jar:/home/user/.m2/repository/javax/enterprise/cdi-api/1.2/cdi-api-1.2.jar:/home/user/.m2/repository/javax/el/javax.el-api/3.0.0/javax.el-api-3.0.0.jar:/home/user/.m2/repository/javax/interceptor/javax.interceptor-api/1.2/javax.interceptor-api-1.2.jar:/home/user/.m2/repository/javax/inject/javax.inject/1/javax.inject-1.jar:/opt/src/hadoop-ozone/csi/target/classes:/home/user/.m2/repository/com/google/protobuf/protobuf-java-util/3.5.1/protobuf-java-util-3.5.1.jar:/home/user/.m2/repository/io/grpc/grpc-netty/1.17.1/grpc-netty-1.17.1.jar:/home/user/.m2/repository/io/grpc/grpc-core/1.17.1/grpc-core-1.17.1.jar:/home/user/.m2/repository/io/grpc/grpc-context/1.17.1/grpc-context-1.17.1.jar:/home/user/.m2/repository/com/google/errorprone/error_prone_annotations/2.2.0/error_prone_annotations-2.2.0.jar:/home/user/.m2/repository/org/codehaus/mojo/animal-sniffer-annotations/1.17/animal-sniffer-annotations-1.17.jar:/home/user/.m2/repository/io/opencensus/opencensus-api/0.17.0/opencensus-api-0.17.0.jar:/home/user/.m2/repository/io/opencensus/opencensus-contrib-grpc-metrics/0.17.0/opencensus-contrib-grpc-metrics-0.17.0.jar:/home/user/.m2/repository/io/netty/netty-codec-http2/4.1.30.Final/netty-codec-http2-4.1.30.Final.jar:/home/user/.m2/repository/io/netty/netty-codec-http/4.1.30.Final/netty-codec-http-4.1.30.Final.jar:/home/user/.m2/repository/io/netty/netty-codec/4.1.30.Final/netty-codec-4.1.30.Final.jar:/home/user/.m2/repository/io/netty/netty-handler/4.1.30.Final/netty-handler-4.1.30.Final.jar:/home/user/.m2/repository/io/netty/netty-handler-proxy/4.1.30.Final/netty-handler-proxy-4.1.30.Final.jar:/home/user/.m2/repository/io/netty/netty-codec-socks/4.1.30.Final/netty-codec-socks-4.1.30.Final.jar:/home/user/.m2/repository/io/netty/netty-transport-native-epoll/4.1.30.Final/netty-transport-native-epoll-4.1.30.Final.jar:/home/user/.m2/repository/io/netty/netty-common/4.1.30.Final/netty-common-4.1.30.Final.jar:/home/user/.m2/repository/io/netty/netty-buffer/4.1.30.Final/netty-buffer-4.1.30.Final.jar:/home/user/.m2/repository/io/netty/netty-transport/4.1.30.Final/netty-transport-4.1.30.Final.jar:/home/user/.m2/repository/io/netty/netty-resolver/4.1.30.Final/netty-resolver-4.1.30.Final.jar:/home/user/.m2/repository/io/netty/netty-transport-native-unix-common/4.1.30.Final/netty-transport-native-unix-common-4.1.30.Final.jar:/home/user/.m2/repository/io/grpc/grpc-protobuf/1.17.1/grpc-protobuf-1.17.1.jar:/home/user/.m2/repository/com/google/api/grpc/proto-google-common-protos/1.0.0/proto-google-common-protos-1.0.0.jar:/home/user/.m2/repository/io/grpc/grpc-protobuf-lite/1.17.1/grpc-protobuf-lite-1.17.1.jar:/home/user/.m2/repository/io/grpc/grpc-stub/1.17.1/grpc-stub-1.17.1.jar:/opt/src/hadoop-ozone/ozone-recon/target/classes:/opt/src/hadoop-ozone/ozone-recon-codegen/target/classes:/home/user/.m2/repository/com/google/inject/extensions/guice-multibindings/4.0/guice-multibindings-4.0.jar:/home/user/.m2/repository/com/google/inject/guice/4.0/guice-4.0.jar:/home/user/.m2/repository/aopalliance/aopalliance/1.0/aopalliance-1.0.jar:/home/user/.m2/repository/com/google/inject/extensions/guice-servlet/4.0/guice-servlet-4.0.jar:/home/user/.m2/repository/org/glassfish/jersey/containers/jersey-container-servlet/2.27/jersey-container-servlet-2.27.jar:/home/user/.m2/repository/org/glassfish/hk2/guice-bridge/2.5.0/guice-bridge-2.5.0.jar:/home/user/.m2/repository/org/glassfish/jersey/core/jersey-server/2.27/jersey-server-2.27.jar:/home/user/.m2/repository/org/glassfish/jersey/core/jersey-client/2.27/jersey-client-2.27.jar:/home/user/.m2/repository/org/glassfish/jersey/media/jersey-media-jaxb/2.27/jersey-media-jaxb-2.27.jar:/home/user/.m2/repository/javax/validation/validation-api/1.1.0.Final/validation-api-1.1.0.Final.jar:/home/user/.m2/repository/org/glassfish/jersey/media/jersey-media-json-jackson/2.27/jersey-media-json-jackson-2.27.jar:/home/user/.m2/repository/org/glassfish/jersey/ext/jersey-entity-filtering/2.27/jersey-entity-filtering-2.27.jar:/home/user/.m2/repository/com/google/inject/extensions/guice-assistedinject/4.0/guice-assistedinject-4.0.jar:/home/user/.m2/repository/org/jooq/jooq/3.11.10/jooq-3.11.10.jar:/home/user/.m2/repository/org/jooq/jooq-meta/3.11.10/jooq-meta-3.11.10.jar:/home/user/.m2/repository/org/jooq/jooq-codegen/3.11.10/jooq-codegen-3.11.10.jar:/home/user/.m2/repository/com/jolbox/bonecp/0.8.0.RELEASE/bonecp-0.8.0.RELEASE.jar:/home/user/.m2/repository/org/springframework/spring-jdbc/5.1.3.RELEASE/spring-jdbc-5.1.3.RELEASE.jar:/home/user/.m2/repository/org/springframework/spring-beans/5.1.3.RELEASE/spring-beans-5.1.3.RELEASE.jar:/home/user/.m2/repository/org/springframework/spring-core/5.1.3.RELEASE/spring-core-5.1.3.RELEASE.jar:/home/user/.m2/repository/org/springframework/spring-jcl/5.1.3.RELEASE/spring-jcl-5.1.3.RELEASE.jar:/home/user/.m2/repository/org/springframework/spring-tx/5.1.3.RELEASE/spring-tx-5.1.3.RELEASE.jar:/home/user/.m2/repository/org/mockito/mockito-core/2.15.0/mockito-core-2.15.0.jar:/home/user/.m2/repository/net/bytebuddy/byte-buddy/1.7.9/byte-buddy-1.7.9.jar:/home/user/.m2/repository/net/bytebuddy/byte-buddy-agent/1.7.9/byte-buddy-agent-1.7.9.jar:/home/user/.m2/repository/org/objenesis/objenesis/1.0/objenesis-1.0.jar:"/>
    <property name="sun.cpu.endian" value="little"/>
    <property name="user.home" value="/home/user"/>
    <property name="user.language" value="en"/>
    <property name="java.specification.vendor" value="Oracle Corporation"/>
    <property name="java.home" value="/usr/lib/jvm/java-1.8-openjdk/jre"/>
    <property name="java.security.krb5.conf" value="/opt/src/hadoop-ozone/tools/target/test-classes/krb5.conf"/>
    <property name="basedir" value="/opt/src/hadoop-ozone/tools"/>
    <property name="file.separator" value="/"/>
    <property name="line.separator" value="&#10;"/>
    <property name="java.vm.specification.vendor" value="Oracle Corporation"/>
    <property name="java.specification.name" value="Java Platform API Specification"/>
    <property name="java.awt.graphicsenv" value="sun.awt.X11GraphicsEnvironment"/>
    <property name="surefire.real.class.path" value="/opt/src/hadoop-ozone/tools/target/surefire/surefirebooter3840530295660552624.jar"/>
    <property name="hadoop.log.dir" value="/opt/src/hadoop-ozone/tools/target/log"/>
    <property name="sun.boot.class.path" value="/usr/lib/jvm/java-1.8-openjdk/jre/lib/resources.jar:/usr/lib/jvm/java-1.8-openjdk/jre/lib/rt.jar:/usr/lib/jvm/java-1.8-openjdk/jre/lib/sunrsasign.jar:/usr/lib/jvm/java-1.8-openjdk/jre/lib/jsse.jar:/usr/lib/jvm/java-1.8-openjdk/jre/lib/jce.jar:/usr/lib/jvm/java-1.8-openjdk/jre/lib/charsets.jar:/usr/lib/jvm/java-1.8-openjdk/jre/lib/jfr.jar:/usr/lib/jvm/java-1.8-openjdk/jre/classes"/>
    <property name="sun.management.compiler" value="HotSpot 64-Bit Tiered Compilers"/>
    <property name="java.runtime.version" value="1.8.0_212-b04"/>
    <property name="java.net.preferIPv4Stack" value="true"/>
    <property name="user.name" value="jenkins1000"/>
    <property name="path.separator" value=":"/>
    <property name="java.security.egd" value="file:///dev/urandom"/>
    <property name="os.version" value="4.15.0-1021-aws"/>
    <property name="java.endorsed.dirs" value="/usr/lib/jvm/java-1.8-openjdk/jre/lib/endorsed"/>
    <property name="java.runtime.name" value="OpenJDK Runtime Environment"/>
    <property name="file.encoding" value="UTF-8"/>
    <property name="java.vm.name" value="OpenJDK 64-Bit Server VM"/>
    <property name="test.build.webapps" value=""/>
    <property name="localRepository" value="/home/user/.m2/repository"/>
    <property name="java.vendor.url.bug" value="https://icedtea.classpath.org/bugzilla"/>
    <property name="java.io.tmpdir" value="/tmp"/>
    <property name="require.test.libhadoop" value=""/>
    <property name="java.version" value="1.8.0_212"/>
    <property name="user.dir" value="/opt/src/hadoop-ozone/tools"/>
    <property name="os.arch" value="amd64"/>
    <property name="java.vm.specification.name" value="Java Virtual Machine Specification"/>
    <property name="test.build.classes" value="/opt/src/hadoop-ozone/tools/target/test-classes"/>
    <property name="java.awt.printerjob" value="sun.print.PSPrinterJob"/>
    <property name="sun.os.patch.level" value="unknown"/>
    <property name="hadoop.tmp.dir" value="/opt/src/hadoop-ozone/tools/target/tmp"/>
    <property name="java.library.path" value="/usr/lib/jvm/java-1.8-openjdk/jre/lib/amd64/server:/usr/lib/jvm/java-1.8-openjdk/jre/lib/amd64:/usr/lib/jvm/java-1.8-openjdk/jre/../lib/amd64:/opt/src/hadoop-ozone/tools/target/native/target/usr/local/lib:/opt/src/hadoop-ozone/tools/../../hadoop-common-project/hadoop-common/target/native/target/usr/local/lib:/usr/java/packages/lib/amd64:/usr/lib64:/lib64:/lib:/usr/lib"/>
    <property name="java.vm.info" value="mixed mode"/>
    <property name="java.vendor" value="IcedTea"/>
    <property name="java.vm.version" value="25.212-b04"/>
    <property name="java.ext.dirs" value="/usr/lib/jvm/java-1.8-openjdk/jre/lib/ext:/usr/java/packages/lib/ext"/>
    <property name="sun.io.unicode.encoding" value="UnicodeLittle"/>
    <property name="java.class.version" value="52.0"/>
  </properties>
  <testcase name="testRestart" classname="org.apache.hadoop.ozone.freon.TestFreonWithPipelineDestroy" time="7.763">
    <error message="Unexpected Storage Container Exception: org.apache.hadoop.hdds.scm.container.common.helpers.StorageContainerException: ContainerID 5 does not exist" type="java.io.IOException">java.io.IOException: Unexpected Storage Container Exception: org.apache.hadoop.hdds.scm.container.common.helpers.StorageContainerException: ContainerID 5 does not exist
	at org.apache.hadoop.hdds.scm.storage.BlockOutputStream.setIoException(BlockOutputStream.java:548)
	at org.apache.hadoop.hdds.scm.storage.BlockOutputStream.validateResponse(BlockOutputStream.java:539)
	at org.apache.hadoop.hdds.scm.storage.BlockOutputStream.lambda$writeChunkToContainer$2(BlockOutputStream.java:614)
	at java.util.concurrent.CompletableFuture.uniApply(CompletableFuture.java:602)
	at java.util.concurrent.CompletableFuture$UniApply.tryFire(CompletableFuture.java:577)
	at java.util.concurrent.CompletableFuture$Completion.run(CompletableFuture.java:442)
	at java.util.concurrent.ThreadPoolExecutor.runWorker(ThreadPoolExecutor.java:1149)
	at java.util.concurrent.ThreadPoolExecutor$Worker.run(ThreadPoolExecutor.java:624)
	at java.lang.Thread.run(Thread.java:748)
Caused by: org.apache.hadoop.hdds.scm.container.common.helpers.StorageContainerException: ContainerID 5 does not exist
	at org.apache.hadoop.hdds.scm.storage.ContainerProtocolCalls.validateContainerResponse(ContainerProtocolCalls.java:536)
	at org.apache.hadoop.hdds.scm.storage.BlockOutputStream.validateResponse(BlockOutputStream.java:536)
	... 7 more
</error>
    <system-out><![CDATA[2019-06-18 08:13:30,982 WARN  server.ServerUtils (ServerUtils.java:getScmDbDir(145)) - ozone.scm.db.dirs is not configured. We recommend adding this setting. Falling back to ozone.metadata.dirs instead.
2019-06-18 08:13:31,077 WARN  server.ServerUtils (ServerUtils.java:getScmDbDir(145)) - ozone.scm.db.dirs is not configured. We recommend adding this setting. Falling back to ozone.metadata.dirs instead.
2019-06-18 08:13:31,081 WARN  server.ServerUtils (ServerUtils.java:getScmDbDir(145)) - ozone.scm.db.dirs is not configured. We recommend adding this setting. Falling back to ozone.metadata.dirs instead.
2019-06-18 08:13:31,097 INFO  util.log (Log.java:initialized(192)) - Logging initialized @770ms
2019-06-18 08:13:31,183 INFO  db.DBStoreBuilder (DBStoreBuilder.java:addTable(110)) - using custom profile for table: deletedBlocks
2019-06-18 08:13:31,184 INFO  db.DBStoreBuilder (DBStoreBuilder.java:processTables(161)) - Using default column profile:DBProfile.DISK for Table:deletedBlocks
2019-06-18 08:13:31,184 INFO  db.DBStoreBuilder (DBStoreBuilder.java:addTable(110)) - using custom profile for table: validCerts
2019-06-18 08:13:31,184 INFO  db.DBStoreBuilder (DBStoreBuilder.java:processTables(161)) - Using default column profile:DBProfile.DISK for Table:validCerts
2019-06-18 08:13:31,184 INFO  db.DBStoreBuilder (DBStoreBuilder.java:addTable(110)) - using custom profile for table: revokedCerts
2019-06-18 08:13:31,185 INFO  db.DBStoreBuilder (DBStoreBuilder.java:processTables(161)) - Using default column profile:DBProfile.DISK for Table:revokedCerts
2019-06-18 08:13:31,195 INFO  db.DBStoreBuilder (DBStoreBuilder.java:addTable(110)) - using custom profile for table: default
2019-06-18 08:13:31,195 INFO  db.DBStoreBuilder (DBStoreBuilder.java:processTables(167)) - Using default column profile:DBProfile.DISK for Table:default
2019-06-18 08:13:31,196 INFO  db.DBStoreBuilder (DBStoreBuilder.java:getDbProfile(198)) - Using default options. DBProfile.DISK
2019-06-18 08:13:31,248 INFO  net.NodeSchemaLoader (NodeSchemaLoader.java:loadSchemaFromFile(125)) - Loading file from sun.misc.CompoundEnumeration@2f112965
2019-06-18 08:13:31,250 INFO  net.NodeSchemaLoader (NodeSchemaLoader.java:loadSchema(171)) - Loading network topology layer schema file
2019-06-18 08:13:31,301 INFO  node.SCMNodeManager (SCMNodeManager.java:<init>(119)) - Entering startup safe mode.
2019-06-18 08:13:31,368 WARN  server.ServerUtils (ServerUtils.java:getScmDbDir(145)) - ozone.scm.db.dirs is not configured. We recommend adding this setting. Falling back to ozone.metadata.dirs instead.
2019-06-18 08:13:31,386 INFO  pipeline.SCMPipelineManager (SCMPipelineManager.java:initializePipelineState(126)) - No pipeline exists in current db
2019-06-18 08:13:31,388 WARN  server.ServerUtils (ServerUtils.java:getScmDbDir(145)) - ozone.scm.db.dirs is not configured. We recommend adding this setting. Falling back to ozone.metadata.dirs instead.
2019-06-18 08:13:31,435 WARN  events.EventQueue (EventQueue.java:fireEvent(175)) - No event handler registered for event TypedEvent{payloadType=SafeModeStatus, name='SafeModeStatus'}
2019-06-18 08:13:31,777 INFO  ipc.CallQueueManager (CallQueueManager.java:<init>(84)) - Using callQueue: class java.util.concurrent.LinkedBlockingQueue, queueCapacity: 2000, scheduler: class org.apache.hadoop.ipc.DefaultRpcScheduler, ipcBackoff: false.
2019-06-18 08:13:31,799 INFO  ipc.Server (Server.java:run(1074)) - Starting Socket Reader #1 for port 39795
2019-06-18 08:13:31,819 INFO  ipc.CallQueueManager (CallQueueManager.java:<init>(84)) - Using callQueue: class java.util.concurrent.LinkedBlockingQueue, queueCapacity: 2000, scheduler: class org.apache.hadoop.ipc.DefaultRpcScheduler, ipcBackoff: false.
2019-06-18 08:13:31,819 INFO  ipc.Server (Server.java:run(1074)) - Starting Socket Reader #1 for port 34071
2019-06-18 08:13:31,825 INFO  ipc.CallQueueManager (CallQueueManager.java:<init>(84)) - Using callQueue: class java.util.concurrent.LinkedBlockingQueue, queueCapacity: 2000, scheduler: class org.apache.hadoop.ipc.DefaultRpcScheduler, ipcBackoff: false.
2019-06-18 08:13:31,826 INFO  ipc.Server (Server.java:run(1074)) - Starting Socket Reader #1 for port 38947
2019-06-18 08:13:31,844 INFO  hdfs.DFSUtil (DFSUtil.java:httpServerTemplateForNNAndJN(1641)) - Starting Web-server for scm at: http://0.0.0.0:0
2019-06-18 08:13:31,990 INFO  server.AuthenticationFilter (AuthenticationFilter.java:constructSecretProvider(240)) - Unable to initialize FileSignerSecretProvider, falling back to use random secrets.
2019-06-18 08:13:32,004 WARN  http.HttpRequestLog (HttpRequestLog.java:getRequestLog(97)) - Jetty request log can only be enabled using Log4j
2019-06-18 08:13:32,013 INFO  http.HttpServer2 (HttpServer2.java:addGlobalFilter(975)) - Added global filter 'safety' (class=org.apache.hadoop.http.HttpServer2$QuotingInputFilter)
2019-06-18 08:13:32,015 INFO  http.HttpServer2 (HttpServer2.java:addFilter(948)) - Added filter static_user_filter (class=org.apache.hadoop.http.lib.StaticUserWebFilter$StaticUserFilter) to context scm
2019-06-18 08:13:32,015 INFO  http.HttpServer2 (HttpServer2.java:addFilter(958)) - Added filter static_user_filter (class=org.apache.hadoop.http.lib.StaticUserWebFilter$StaticUserFilter) to context logs
2019-06-18 08:13:32,015 INFO  http.HttpServer2 (HttpServer2.java:addFilter(958)) - Added filter static_user_filter (class=org.apache.hadoop.http.lib.StaticUserWebFilter$StaticUserFilter) to context static
2019-06-18 08:13:32,036 INFO  server.StorageContainerManager (StorageContainerManager.java:start(753)) - StorageContainerLocationProtocol RPC server is listening at /0.0.0.0:38947
2019-06-18 08:13:32,083 WARN  impl.MetricsConfig (MetricsConfig.java:loadFirst(134)) - Cannot locate configuration: tried hadoop-metrics2-storagecontainermanager.properties,hadoop-metrics2.properties
2019-06-18 08:13:32,094 INFO  impl.MetricsSystemImpl (MetricsSystemImpl.java:startTimer(374)) - Scheduled Metric snapshot period at 10 second(s).
2019-06-18 08:13:32,094 INFO  impl.MetricsSystemImpl (MetricsSystemImpl.java:start(191)) - StorageContainerManager metrics system started
2019-06-18 08:13:32,271 INFO  server.SCMClientProtocolServer (SCMClientProtocolServer.java:start(149)) - RPC server for Client  is listening at /0.0.0.0:38947
2019-06-18 08:13:32,272 INFO  ipc.Server (Server.java:run(1314)) - IPC Server Responder: starting
2019-06-18 08:13:32,274 INFO  ipc.Server (Server.java:run(1153)) - IPC Server listener on 38947: starting
2019-06-18 08:13:32,276 INFO  server.StorageContainerManager (StorageContainerManager.java:start(762)) - ScmBlockLocationProtocol RPC server is listening at /0.0.0.0:34071
2019-06-18 08:13:32,277 INFO  server.SCMBlockProtocolServer (SCMBlockProtocolServer.java:start(137)) - RPC server for Block Protocol is listening at /0.0.0.0:34071
2019-06-18 08:13:32,277 INFO  ipc.Server (Server.java:run(1314)) - IPC Server Responder: starting
2019-06-18 08:13:32,277 INFO  ipc.Server (Server.java:run(1153)) - IPC Server listener on 34071: starting
2019-06-18 08:13:32,279 INFO  server.StorageContainerManager (StorageContainerManager.java:start(766)) - ScmDatanodeProtocl RPC server is listening at /0.0.0.0:39795
2019-06-18 08:13:32,279 INFO  server.SCMDatanodeProtocolServer (SCMDatanodeProtocolServer.java:start(191)) - RPC server for DataNodes is listening at /0.0.0.0:39795
2019-06-18 08:13:32,280 INFO  ipc.Server (Server.java:run(1314)) - IPC Server Responder: starting
2019-06-18 08:13:32,280 INFO  ipc.Server (Server.java:run(1153)) - IPC Server listener on 39795: starting
2019-06-18 08:13:32,284 INFO  http.HttpServer2 (HttpServer2.java:bindListener(1191)) - Jetty bound to port 36911
2019-06-18 08:13:32,286 INFO  server.Server (Server.java:doStart(351)) - jetty-9.3.24.v20180605, build timestamp: 2018-06-05T17:11:56Z, git hash: 84205aa28f11a4f31f2a3b86d1bba2cc8ab69827
2019-06-18 08:13:32,328 INFO  handler.ContextHandler (ContextHandler.java:doStart(781)) - Started o.e.j.s.ServletContextHandler@481ba2cf{/logs,file:///opt/src/hadoop-ozone/tools/target/log,AVAILABLE}
2019-06-18 08:13:32,337 INFO  handler.ContextHandler (ContextHandler.java:doStart(781)) - Started o.e.j.s.ServletContextHandler@2e48362c{/static,file:///opt/src/hadoop-hdds/server-scm/target/classes/webapps/static/,AVAILABLE}
2019-06-18 08:13:32,370 INFO  handler.ContextHandler (ContextHandler.java:doStart(781)) - Started o.e.j.w.WebAppContext@13c3c1e1{/,file:///opt/src/hadoop-hdds/server-scm/target/classes/webapps/scm/,AVAILABLE}{/scm}
2019-06-18 08:13:32,376 INFO  server.AbstractConnector (AbstractConnector.java:doStart(278)) - Started ServerConnector@3d484181{HTTP/1.1,[http/1.1]}{0.0.0.0:36911}
2019-06-18 08:13:32,377 INFO  server.Server (Server.java:doStart(419)) - Started @2049ms
2019-06-18 08:13:32,377 INFO  server.BaseHttpServer (BaseHttpServer.java:updateConnectorAddress(207)) - HTTP server of SCM is listening at http://0.0.0.0:36911
2019-06-18 08:13:32,389 INFO  util.JvmPauseMonitor (JvmPauseMonitor.java:run(188)) - Starting JVM pause monitor
2019-06-18 08:13:32,392 WARN  scm.ScmUtils (ScmUtils.java:getDBPath(63)) - ozone.om.db.dirs is not configured. We recommend adding this setting. Falling back to ozone.metadata.dirs instead.
2019-06-18 08:13:32,491 WARN  scm.ScmUtils (ScmUtils.java:getDBPath(63)) - ozone.om.db.dirs is not configured. We recommend adding this setting. Falling back to ozone.metadata.dirs instead.
2019-06-18 08:13:32,492 INFO  om.OzoneManager (OzoneManager.java:setOMNodeDetails(532)) - OM Service ID is not set. Setting it to the default ID: omServiceIdDefault
2019-06-18 08:13:32,492 INFO  om.OzoneManager (OzoneManager.java:setOMNodeDetails(538)) - OM Node ID is not set. Setting it to the OmStorage's OmID: a59f5499-e8d9-4b2e-b295-6f3ba28b5f97
2019-06-18 08:13:32,493 WARN  scm.HddsServerUtil (HddsServerUtil.java:getDefaultRatisDirectory(354)) - Storage directory for Ratis is not configured. It is a good idea to map this to an SSD disk. Falling back to ozone.metadata.dirs
2019-06-18 08:13:32,494 WARN  scm.HddsServerUtil (HddsServerUtil.java:getDefaultRatisDirectory(354)) - Storage directory for Ratis is not configured. It is a good idea to map this to an SSD disk. Falling back to ozone.metadata.dirs
2019-06-18 08:13:32,494 INFO  om.OzoneManager (OzoneManager.java:loadOMHAConfigs(489)) - Found matching OM address with OMServiceId: null, OMNodeId: null, RPC Address: localhost:0 and Ratis port: 9872
2019-06-18 08:13:32,715 WARN  scm.ScmUtils (ScmUtils.java:getDBPath(63)) - ozone.om.db.dirs is not configured. We recommend adding this setting. Falling back to ozone.metadata.dirs instead.
2019-06-18 08:13:32,723 INFO  db.DBStoreBuilder (DBStoreBuilder.java:addTable(110)) - using custom profile for table: userTable
2019-06-18 08:13:32,723 INFO  db.DBStoreBuilder (DBStoreBuilder.java:processTables(161)) - Using default column profile:DBProfile.DISK for Table:userTable
2019-06-18 08:13:32,724 INFO  db.DBStoreBuilder (DBStoreBuilder.java:addTable(110)) - using custom profile for table: volumeTable
2019-06-18 08:13:32,724 INFO  db.DBStoreBuilder (DBStoreBuilder.java:processTables(161)) - Using default column profile:DBProfile.DISK for Table:volumeTable
2019-06-18 08:13:32,725 INFO  db.DBStoreBuilder (DBStoreBuilder.java:addTable(110)) - using custom profile for table: bucketTable
2019-06-18 08:13:32,726 INFO  db.DBStoreBuilder (DBStoreBuilder.java:processTables(161)) - Using default column profile:DBProfile.DISK for Table:bucketTable
2019-06-18 08:13:32,727 INFO  db.DBStoreBuilder (DBStoreBuilder.java:addTable(110)) - using custom profile for table: keyTable
2019-06-18 08:13:32,727 INFO  db.DBStoreBuilder (DBStoreBuilder.java:processTables(161)) - Using default column profile:DBProfile.DISK for Table:keyTable
2019-06-18 08:13:32,727 INFO  db.DBStoreBuilder (DBStoreBuilder.java:addTable(110)) - using custom profile for table: deletedTable
2019-06-18 08:13:32,727 INFO  db.DBStoreBuilder (DBStoreBuilder.java:processTables(161)) - Using default column profile:DBProfile.DISK for Table:deletedTable
2019-06-18 08:13:32,728 INFO  db.DBStoreBuilder (DBStoreBuilder.java:addTable(110)) - using custom profile for table: openKeyTable
2019-06-18 08:13:32,728 INFO  db.DBStoreBuilder (DBStoreBuilder.java:processTables(161)) - Using default column profile:DBProfile.DISK for Table:openKeyTable
2019-06-18 08:13:32,728 INFO  db.DBStoreBuilder (DBStoreBuilder.java:addTable(110)) - using custom profile for table: s3Table
2019-06-18 08:13:32,728 INFO  db.DBStoreBuilder (DBStoreBuilder.java:processTables(161)) - Using default column profile:DBProfile.DISK for Table:s3Table
2019-06-18 08:13:32,729 INFO  db.DBStoreBuilder (DBStoreBuilder.java:addTable(110)) - using custom profile for table: multipartInfoTable
2019-06-18 08:13:32,729 INFO  db.DBStoreBuilder (DBStoreBuilder.java:processTables(161)) - Using default column profile:DBProfile.DISK for Table:multipartInfoTable
2019-06-18 08:13:32,732 INFO  db.DBStoreBuilder (DBStoreBuilder.java:addTable(110)) - using custom profile for table: dTokenTable
2019-06-18 08:13:32,732 INFO  db.DBStoreBuilder (DBStoreBuilder.java:processTables(161)) - Using default column profile:DBProfile.DISK for Table:dTokenTable
2019-06-18 08:13:32,732 INFO  db.DBStoreBuilder (DBStoreBuilder.java:addTable(110)) - using custom profile for table: s3SecretTable
2019-06-18 08:13:32,732 INFO  db.DBStoreBuilder (DBStoreBuilder.java:processTables(161)) - Using default column profile:DBProfile.DISK for Table:s3SecretTable
2019-06-18 08:13:32,733 INFO  db.DBStoreBuilder (DBStoreBuilder.java:addTable(110)) - using custom profile for table: prefixTable
2019-06-18 08:13:32,733 INFO  db.DBStoreBuilder (DBStoreBuilder.java:processTables(161)) - Using default column profile:DBProfile.DISK for Table:prefixTable
2019-06-18 08:13:32,733 INFO  db.DBStoreBuilder (DBStoreBuilder.java:addTable(110)) - using custom profile for table: default
2019-06-18 08:13:32,733 INFO  db.DBStoreBuilder (DBStoreBuilder.java:processTables(167)) - Using default column profile:DBProfile.DISK for Table:default
2019-06-18 08:13:32,733 INFO  db.DBStoreBuilder (DBStoreBuilder.java:getDbProfile(198)) - Using default options. DBProfile.DISK
2019-06-18 08:13:33,280 INFO  ipc.CallQueueManager (CallQueueManager.java:<init>(84)) - Using callQueue: class java.util.concurrent.LinkedBlockingQueue, queueCapacity: 2000, scheduler: class org.apache.hadoop.ipc.DefaultRpcScheduler, ipcBackoff: false.
2019-06-18 08:13:33,281 INFO  ipc.Server (Server.java:run(1074)) - Starting Socket Reader #1 for port 38881
2019-06-18 08:13:33,312 WARN  scm.ScmUtils (ScmUtils.java:getDBPath(63)) - ozone.om.db.dirs is not configured. We recommend adding this setting. Falling back to ozone.metadata.dirs instead.
2019-06-18 08:13:33,312 INFO  om.OzoneManager (OzoneManager.java:start(1230)) - OzoneManager RPC server is listening at localhost/127.0.0.1:38881
2019-06-18 08:13:33,313 INFO  impl.MetricsSystemImpl (MetricsSystemImpl.java:init(158)) - OzoneManager metrics system started (again)
2019-06-18 08:13:33,313 INFO  ipc.Server (Server.java:run(1314)) - IPC Server Responder: starting
2019-06-18 08:13:33,313 INFO  ipc.Server (Server.java:run(1153)) - IPC Server listener on 38881: starting
2019-06-18 08:13:33,331 INFO  hdfs.DFSUtil (DFSUtil.java:httpServerTemplateForNNAndJN(1641)) - Starting Web-server for ozoneManager at: http://0.0.0.0:0
2019-06-18 08:13:33,332 INFO  server.AuthenticationFilter (AuthenticationFilter.java:constructSecretProvider(240)) - Unable to initialize FileSignerSecretProvider, falling back to use random secrets.
2019-06-18 08:13:33,333 WARN  http.HttpRequestLog (HttpRequestLog.java:getRequestLog(97)) - Jetty request log can only be enabled using Log4j
2019-06-18 08:13:33,335 INFO  http.HttpServer2 (HttpServer2.java:addGlobalFilter(975)) - Added global filter 'safety' (class=org.apache.hadoop.http.HttpServer2$QuotingInputFilter)
2019-06-18 08:13:33,336 INFO  http.HttpServer2 (HttpServer2.java:addFilter(948)) - Added filter static_user_filter (class=org.apache.hadoop.http.lib.StaticUserWebFilter$StaticUserFilter) to context ozoneManager
2019-06-18 08:13:33,336 INFO  http.HttpServer2 (HttpServer2.java:addFilter(958)) - Added filter static_user_filter (class=org.apache.hadoop.http.lib.StaticUserWebFilter$StaticUserFilter) to context static
2019-06-18 08:13:33,336 INFO  http.HttpServer2 (HttpServer2.java:addFilter(958)) - Added filter static_user_filter (class=org.apache.hadoop.http.lib.StaticUserWebFilter$StaticUserFilter) to context logs
2019-06-18 08:13:33,338 INFO  http.HttpServer2 (HttpServer2.java:bindListener(1191)) - Jetty bound to port 34773
2019-06-18 08:13:33,338 INFO  server.Server (Server.java:doStart(351)) - jetty-9.3.24.v20180605, build timestamp: 2018-06-05T17:11:56Z, git hash: 84205aa28f11a4f31f2a3b86d1bba2cc8ab69827
2019-06-18 08:13:33,361 INFO  handler.ContextHandler (ContextHandler.java:doStart(781)) - Started o.e.j.s.ServletContextHandler@7a34b7b8{/logs,file:///opt/src/hadoop-ozone/tools/target/log,AVAILABLE}
2019-06-18 08:13:33,362 INFO  handler.ContextHandler (ContextHandler.java:doStart(781)) - Started o.e.j.s.ServletContextHandler@3be8821f{/static,file:///opt/src/hadoop-ozone/ozone-manager/target/classes/webapps/static/,AVAILABLE}
2019-06-18 08:13:33,369 INFO  handler.ContextHandler (ContextHandler.java:doStart(781)) - Started o.e.j.w.WebAppContext@60b85ba1{/,file:///opt/src/hadoop-ozone/ozone-manager/target/classes/webapps/ozoneManager/,AVAILABLE}{/ozoneManager}
2019-06-18 08:13:33,370 INFO  server.AbstractConnector (AbstractConnector.java:doStart(278)) - Started ServerConnector@492fc69e{HTTP/1.1,[http/1.1]}{0.0.0.0:34773}
2019-06-18 08:13:33,370 INFO  server.Server (Server.java:doStart(419)) - Started @3043ms
2019-06-18 08:13:33,371 INFO  server.BaseHttpServer (BaseHttpServer.java:updateConnectorAddress(207)) - HTTP server of OZONEMANAGER is listening at http://0.0.0.0:34773
2019-06-18 08:13:33,527 INFO  impl.MetricsSystemImpl (MetricsSystemImpl.java:init(158)) - HddsDatanode metrics system started (again)
2019-06-18 08:13:33,723 INFO  ozone.HddsDatanodeService (HddsDatanodeService.java:start(185)) - HddsDatanodeService host:ozone-unit-076618677d3lpq9h-681410723 ip:192.168.134.80
2019-06-18 08:13:33,755 INFO  volume.HddsVolume (HddsVolume.java:<init>(176)) - Creating Volume: /opt/src/hadoop-ozone/tools/target/test-dir/MiniOzoneClusterImpl-e94527aa-b262-435e-bbae-d49858bde5e2/datanode-0/data/containers/hdds of  storage type : DISK and capacity : 104021790720
2019-06-18 08:13:33,757 INFO  volume.VolumeSet (VolumeSet.java:initializeVolumeSet(170)) - Added Volume : /opt/src/hadoop-ozone/tools/target/test-dir/MiniOzoneClusterImpl-e94527aa-b262-435e-bbae-d49858bde5e2/datanode-0/data/containers/hdds to VolumeSet
2019-06-18 08:13:33,760 INFO  volume.ThrottledAsyncChecker (ThrottledAsyncChecker.java:schedule(140)) - Scheduling a check for org.apache.hadoop.ozone.container.common.volume.HddsVolume@5c089b2f
2019-06-18 08:13:33,780 INFO  volume.HddsVolumeChecker (HddsVolumeChecker.java:checkAllVolumes(203)) - Scheduled health check for volume org.apache.hadoop.ozone.container.common.volume.HddsVolume@5c089b2f
2019-06-18 08:13:33,831 INFO  ratis.XceiverServerRatis (XceiverServerRatis.java:newXceiverServerRatis(401)) - Found a free port for the server : 36727
2019-06-18 08:13:33,903 INFO  impl.RaftServerProxy (ConfUtils.java:logGet(43)) - raft.rpc.type = GRPC (default)
2019-06-18 08:13:33,915 INFO  grpc.GrpcConfigKeys$Server (ConfUtils.java:logGet(43)) - raft.grpc.server.port = 36727 (custom)
2019-06-18 08:13:33,916 INFO  server.GrpcService (ConfUtils.java:logGet(43)) - raft.grpc.message.size.max = 33570816 (custom)
2019-06-18 08:13:33,917 INFO  server.RaftServerConfigKeys (ConfUtils.java:logGet(43)) - raft.server.log.appender.buffer.byte-limit = 33554432 (custom)
2019-06-18 08:13:33,918 INFO  server.GrpcService (ConfUtils.java:logGet(43)) - raft.grpc.flow.control.window = 1MB (=1048576) (default)
2019-06-18 08:13:33,919 INFO  server.RaftServerConfigKeys (ConfUtils.java:logGet(43)) - raft.server.rpc.request.timeout = 3000ms (default)
2019-06-18 08:13:34,102 INFO  server.RaftServerConfigKeys (ConfUtils.java:logGet(43)) - raft.server.storage.dir = [/opt/src/hadoop-ozone/tools/target/test-dir/MiniOzoneClusterImpl-e94527aa-b262-435e-bbae-d49858bde5e2/datanode-0/data/ratis] (custom)
2019-06-18 08:13:34,109 INFO  server.XceiverServerGrpc (XceiverServerGrpc.java:<init>(97)) - Found a free port for the server : 44457
2019-06-18 08:13:34,140 INFO  replication.SimpleContainerDownloader (SimpleContainerDownloader.java:<init>(72)) - Starting container downloader service to copy containers to replicate.
2019-06-18 08:13:34,151 INFO  hdfs.DFSUtil (DFSUtil.java:httpServerTemplateForNNAndJN(1641)) - Starting Web-server for hddsDatanode at: http://0.0.0.0:0
2019-06-18 08:13:34,152 INFO  server.AuthenticationFilter (AuthenticationFilter.java:constructSecretProvider(240)) - Unable to initialize FileSignerSecretProvider, falling back to use random secrets.
2019-06-18 08:13:34,153 WARN  http.HttpRequestLog (HttpRequestLog.java:getRequestLog(97)) - Jetty request log can only be enabled using Log4j
2019-06-18 08:13:34,155 INFO  http.HttpServer2 (HttpServer2.java:addGlobalFilter(975)) - Added global filter 'safety' (class=org.apache.hadoop.http.HttpServer2$QuotingInputFilter)
2019-06-18 08:13:34,156 INFO  http.HttpServer2 (HttpServer2.java:addFilter(948)) - Added filter static_user_filter (class=org.apache.hadoop.http.lib.StaticUserWebFilter$StaticUserFilter) to context hddsDatanode
2019-06-18 08:13:34,156 INFO  http.HttpServer2 (HttpServer2.java:addFilter(958)) - Added filter static_user_filter (class=org.apache.hadoop.http.lib.StaticUserWebFilter$StaticUserFilter) to context static
2019-06-18 08:13:34,156 INFO  http.HttpServer2 (HttpServer2.java:addFilter(958)) - Added filter static_user_filter (class=org.apache.hadoop.http.lib.StaticUserWebFilter$StaticUserFilter) to context logs
2019-06-18 08:13:34,157 INFO  http.HttpServer2 (HttpServer2.java:bindListener(1191)) - Jetty bound to port 43693
2019-06-18 08:13:34,158 INFO  server.Server (Server.java:doStart(351)) - jetty-9.3.24.v20180605, build timestamp: 2018-06-05T17:11:56Z, git hash: 84205aa28f11a4f31f2a3b86d1bba2cc8ab69827
2019-06-18 08:13:34,159 INFO  handler.ContextHandler (ContextHandler.java:doStart(781)) - Started o.e.j.s.ServletContextHandler@61fafb74{/logs,file:///opt/src/hadoop-ozone/tools/target/log,AVAILABLE}
2019-06-18 08:13:34,160 INFO  handler.ContextHandler (ContextHandler.java:doStart(781)) - Started o.e.j.s.ServletContextHandler@58496dc{/static,file:///opt/src/hadoop-hdds/container-service/target/classes/webapps/static,AVAILABLE}
2019-06-18 08:13:34,165 INFO  handler.ContextHandler (ContextHandler.java:doStart(781)) - Started o.e.j.w.WebAppContext@36f1046f{/,file:///opt/src/hadoop-hdds/container-service/target/classes/webapps/hddsDatanode/,AVAILABLE}{/hddsDatanode}
2019-06-18 08:13:34,165 INFO  server.AbstractConnector (AbstractConnector.java:doStart(278)) - Started ServerConnector@56d93692{HTTP/1.1,[http/1.1]}{0.0.0.0:43693}
2019-06-18 08:13:34,166 INFO  server.Server (Server.java:doStart(419)) - Started @3838ms
2019-06-18 08:13:34,166 INFO  server.BaseHttpServer (BaseHttpServer.java:updateConnectorAddress(207)) - HTTP server of HDDSDATANODE is listening at http://0.0.0.0:43693
2019-06-18 08:13:35,276 INFO  ozone.HddsDatanodeService (HddsDatanodeService.java:startPlugins(396)) - Started plug-in org.apache.hadoop.ozone.web.OzoneHddsDatanodeService@67531e3a
2019-06-18 08:13:35,292 INFO  impl.MetricsSystemImpl (MetricsSystemImpl.java:init(158)) - HddsDatanode metrics system started (again)
2019-06-18 08:13:35,293 INFO  ozone.HddsDatanodeService (HddsDatanodeService.java:start(185)) - HddsDatanodeService host:ozone-unit-076618677d3lpq9h-681410723 ip:192.168.134.80
2019-06-18 08:13:35,301 INFO  util.JvmPauseMonitor (JvmPauseMonitor.java:run(188)) - Starting JVM pause monitor
2019-06-18 08:13:35,323 INFO  volume.HddsVolume (HddsVolume.java:<init>(176)) - Creating Volume: /opt/src/hadoop-ozone/tools/target/test-dir/MiniOzoneClusterImpl-e94527aa-b262-435e-bbae-d49858bde5e2/datanode-1/data/containers/hdds of  storage type : DISK and capacity : 104021790720
2019-06-18 08:13:35,323 INFO  volume.VolumeSet (VolumeSet.java:initializeVolumeSet(170)) - Added Volume : /opt/src/hadoop-ozone/tools/target/test-dir/MiniOzoneClusterImpl-e94527aa-b262-435e-bbae-d49858bde5e2/datanode-1/data/containers/hdds to VolumeSet
2019-06-18 08:13:35,323 INFO  volume.ThrottledAsyncChecker (ThrottledAsyncChecker.java:schedule(140)) - Scheduling a check for org.apache.hadoop.ozone.container.common.volume.HddsVolume@10a98392
2019-06-18 08:13:35,324 INFO  volume.HddsVolumeChecker (HddsVolumeChecker.java:checkAllVolumes(203)) - Scheduled health check for volume org.apache.hadoop.ozone.container.common.volume.HddsVolume@10a98392
2019-06-18 08:13:35,385 INFO  ratis.XceiverServerRatis (XceiverServerRatis.java:newXceiverServerRatis(401)) - Found a free port for the server : 44369
2019-06-18 08:13:35,387 INFO  impl.RaftServerProxy (ConfUtils.java:logGet(43)) - raft.rpc.type = GRPC (default)
2019-06-18 08:13:35,393 INFO  grpc.GrpcConfigKeys$Server (ConfUtils.java:logGet(43)) - raft.grpc.server.port = 44369 (custom)
2019-06-18 08:13:35,393 INFO  server.GrpcService (ConfUtils.java:logGet(43)) - raft.grpc.message.size.max = 33570816 (custom)
2019-06-18 08:13:35,394 INFO  server.RaftServerConfigKeys (ConfUtils.java:logGet(43)) - raft.server.log.appender.buffer.byte-limit = 33554432 (custom)
2019-06-18 08:13:35,394 INFO  server.GrpcService (ConfUtils.java:logGet(43)) - raft.grpc.flow.control.window = 1MB (=1048576) (default)
2019-06-18 08:13:35,394 INFO  server.RaftServerConfigKeys (ConfUtils.java:logGet(43)) - raft.server.rpc.request.timeout = 3000ms (default)
2019-06-18 08:13:35,395 INFO  server.RaftServerConfigKeys (ConfUtils.java:logGet(43)) - raft.server.storage.dir = [/opt/src/hadoop-ozone/tools/target/test-dir/MiniOzoneClusterImpl-e94527aa-b262-435e-bbae-d49858bde5e2/datanode-1/data/ratis] (custom)
2019-06-18 08:13:35,396 INFO  server.XceiverServerGrpc (XceiverServerGrpc.java:<init>(97)) - Found a free port for the server : 34629
2019-06-18 08:13:35,396 INFO  replication.SimpleContainerDownloader (SimpleContainerDownloader.java:<init>(72)) - Starting container downloader service to copy containers to replicate.
2019-06-18 08:13:35,398 INFO  hdfs.DFSUtil (DFSUtil.java:httpServerTemplateForNNAndJN(1641)) - Starting Web-server for hddsDatanode at: http://0.0.0.0:0
2019-06-18 08:13:35,407 INFO  server.AuthenticationFilter (AuthenticationFilter.java:constructSecretProvider(240)) - Unable to initialize FileSignerSecretProvider, falling back to use random secrets.
2019-06-18 08:13:35,408 WARN  http.HttpRequestLog (HttpRequestLog.java:getRequestLog(97)) - Jetty request log can only be enabled using Log4j
2019-06-18 08:13:35,417 INFO  http.HttpServer2 (HttpServer2.java:addGlobalFilter(975)) - Added global filter 'safety' (class=org.apache.hadoop.http.HttpServer2$QuotingInputFilter)
2019-06-18 08:13:35,418 INFO  http.HttpServer2 (HttpServer2.java:addFilter(948)) - Added filter static_user_filter (class=org.apache.hadoop.http.lib.StaticUserWebFilter$StaticUserFilter) to context hddsDatanode
2019-06-18 08:13:35,418 INFO  http.HttpServer2 (HttpServer2.java:addFilter(958)) - Added filter static_user_filter (class=org.apache.hadoop.http.lib.StaticUserWebFilter$StaticUserFilter) to context logs
2019-06-18 08:13:35,418 INFO  http.HttpServer2 (HttpServer2.java:addFilter(958)) - Added filter static_user_filter (class=org.apache.hadoop.http.lib.StaticUserWebFilter$StaticUserFilter) to context static
2019-06-18 08:13:35,420 INFO  http.HttpServer2 (HttpServer2.java:bindListener(1191)) - Jetty bound to port 42641
2019-06-18 08:13:35,420 INFO  server.Server (Server.java:doStart(351)) - jetty-9.3.24.v20180605, build timestamp: 2018-06-05T17:11:56Z, git hash: 84205aa28f11a4f31f2a3b86d1bba2cc8ab69827
2019-06-18 08:13:35,468 INFO  datanode.InitDatanodeState (InitDatanodeState.java:persistContainerDatanodeDetails(140)) - DatanodeDetails is persisted to /opt/src/hadoop-ozone/tools/target/test-dir/MiniOzoneClusterImpl-e94527aa-b262-435e-bbae-d49858bde5e2/datanode-0/meta/datanode.id
2019-06-18 08:13:35,469 INFO  handler.ContextHandler (ContextHandler.java:doStart(781)) - Started o.e.j.s.ServletContextHandler@56382bc9{/logs,file:///opt/src/hadoop-ozone/tools/target/log,AVAILABLE}
2019-06-18 08:13:35,470 INFO  handler.ContextHandler (ContextHandler.java:doStart(781)) - Started o.e.j.s.ServletContextHandler@53ed80d3{/static,file:///opt/src/hadoop-hdds/container-service/target/classes/webapps/static,AVAILABLE}
2019-06-18 08:13:35,476 INFO  handler.ContextHandler (ContextHandler.java:doStart(781)) - Started o.e.j.w.WebAppContext@3e906375{/,file:///opt/src/hadoop-hdds/container-service/target/classes/webapps/hddsDatanode/,AVAILABLE}{/hddsDatanode}
2019-06-18 08:13:35,477 INFO  server.AbstractConnector (AbstractConnector.java:doStart(278)) - Started ServerConnector@40230eb9{HTTP/1.1,[http/1.1]}{0.0.0.0:42641}
2019-06-18 08:13:35,479 INFO  server.Server (Server.java:doStart(419)) - Started @5152ms
2019-06-18 08:13:35,480 INFO  server.BaseHttpServer (BaseHttpServer.java:updateConnectorAddress(207)) - HTTP server of HDDSDATANODE is listening at http://0.0.0.0:42641
2019-06-18 08:13:35,695 INFO  ozone.HddsDatanodeService (HddsDatanodeService.java:startPlugins(396)) - Started plug-in org.apache.hadoop.ozone.web.OzoneHddsDatanodeService@16aed49f
2019-06-18 08:13:35,698 INFO  impl.MetricsSystemImpl (MetricsSystemImpl.java:init(158)) - HddsDatanode metrics system started (again)
2019-06-18 08:13:35,698 INFO  ozone.HddsDatanodeService (HddsDatanodeService.java:start(185)) - HddsDatanodeService host:ozone-unit-076618677d3lpq9h-681410723 ip:192.168.134.80
2019-06-18 08:13:35,710 INFO  util.JvmPauseMonitor (JvmPauseMonitor.java:run(188)) - Starting JVM pause monitor
2019-06-18 08:13:35,735 INFO  volume.HddsVolume (HddsVolume.java:<init>(176)) - Creating Volume: /opt/src/hadoop-ozone/tools/target/test-dir/MiniOzoneClusterImpl-e94527aa-b262-435e-bbae-d49858bde5e2/datanode-2/data/containers/hdds of  storage type : DISK and capacity : 104021790720
2019-06-18 08:13:35,735 INFO  volume.VolumeSet (VolumeSet.java:initializeVolumeSet(170)) - Added Volume : /opt/src/hadoop-ozone/tools/target/test-dir/MiniOzoneClusterImpl-e94527aa-b262-435e-bbae-d49858bde5e2/datanode-2/data/containers/hdds to VolumeSet
2019-06-18 08:13:35,735 INFO  volume.ThrottledAsyncChecker (ThrottledAsyncChecker.java:schedule(140)) - Scheduling a check for org.apache.hadoop.ozone.container.common.volume.HddsVolume@5f1483fd
2019-06-18 08:13:35,738 INFO  volume.HddsVolumeChecker (HddsVolumeChecker.java:checkAllVolumes(203)) - Scheduled health check for volume org.apache.hadoop.ozone.container.common.volume.HddsVolume@5f1483fd
2019-06-18 08:13:35,744 INFO  datanode.InitDatanodeState (InitDatanodeState.java:persistContainerDatanodeDetails(140)) - DatanodeDetails is persisted to /opt/src/hadoop-ozone/tools/target/test-dir/MiniOzoneClusterImpl-e94527aa-b262-435e-bbae-d49858bde5e2/datanode-1/meta/datanode.id
2019-06-18 08:13:35,753 INFO  ratis.XceiverServerRatis (XceiverServerRatis.java:newXceiverServerRatis(401)) - Found a free port for the server : 40137
2019-06-18 08:13:35,754 INFO  impl.RaftServerProxy (ConfUtils.java:logGet(43)) - raft.rpc.type = GRPC (default)
2019-06-18 08:13:35,754 INFO  grpc.GrpcConfigKeys$Server (ConfUtils.java:logGet(43)) - raft.grpc.server.port = 40137 (custom)
2019-06-18 08:13:35,754 INFO  server.GrpcService (ConfUtils.java:logGet(43)) - raft.grpc.message.size.max = 33570816 (custom)
2019-06-18 08:13:35,755 INFO  server.RaftServerConfigKeys (ConfUtils.java:logGet(43)) - raft.server.log.appender.buffer.byte-limit = 33554432 (custom)
2019-06-18 08:13:35,755 INFO  server.GrpcService (ConfUtils.java:logGet(43)) - raft.grpc.flow.control.window = 1MB (=1048576) (default)
2019-06-18 08:13:35,755 INFO  server.RaftServerConfigKeys (ConfUtils.java:logGet(43)) - raft.server.rpc.request.timeout = 3000ms (default)
2019-06-18 08:13:35,756 INFO  server.RaftServerConfigKeys (ConfUtils.java:logGet(43)) - raft.server.storage.dir = [/opt/src/hadoop-ozone/tools/target/test-dir/MiniOzoneClusterImpl-e94527aa-b262-435e-bbae-d49858bde5e2/datanode-2/data/ratis] (custom)
2019-06-18 08:13:35,756 INFO  server.XceiverServerGrpc (XceiverServerGrpc.java:<init>(97)) - Found a free port for the server : 41745
2019-06-18 08:13:35,757 INFO  replication.SimpleContainerDownloader (SimpleContainerDownloader.java:<init>(72)) - Starting container downloader service to copy containers to replicate.
2019-06-18 08:13:35,758 INFO  hdfs.DFSUtil (DFSUtil.java:httpServerTemplateForNNAndJN(1641)) - Starting Web-server for hddsDatanode at: http://0.0.0.0:0
2019-06-18 08:13:35,759 INFO  server.AuthenticationFilter (AuthenticationFilter.java:constructSecretProvider(240)) - Unable to initialize FileSignerSecretProvider, falling back to use random secrets.
2019-06-18 08:13:35,760 WARN  http.HttpRequestLog (HttpRequestLog.java:getRequestLog(97)) - Jetty request log can only be enabled using Log4j
2019-06-18 08:13:35,761 INFO  http.HttpServer2 (HttpServer2.java:addGlobalFilter(975)) - Added global filter 'safety' (class=org.apache.hadoop.http.HttpServer2$QuotingInputFilter)
2019-06-18 08:13:35,762 INFO  http.HttpServer2 (HttpServer2.java:addFilter(948)) - Added filter static_user_filter (class=org.apache.hadoop.http.lib.StaticUserWebFilter$StaticUserFilter) to context hddsDatanode
2019-06-18 08:13:35,762 INFO  http.HttpServer2 (HttpServer2.java:addFilter(958)) - Added filter static_user_filter (class=org.apache.hadoop.http.lib.StaticUserWebFilter$StaticUserFilter) to context static
2019-06-18 08:13:35,762 INFO  http.HttpServer2 (HttpServer2.java:addFilter(958)) - Added filter static_user_filter (class=org.apache.hadoop.http.lib.StaticUserWebFilter$StaticUserFilter) to context logs
2019-06-18 08:13:35,763 INFO  http.HttpServer2 (HttpServer2.java:bindListener(1191)) - Jetty bound to port 40759
2019-06-18 08:13:35,763 INFO  server.Server (Server.java:doStart(351)) - jetty-9.3.24.v20180605, build timestamp: 2018-06-05T17:11:56Z, git hash: 84205aa28f11a4f31f2a3b86d1bba2cc8ab69827
2019-06-18 08:13:35,764 INFO  handler.ContextHandler (ContextHandler.java:doStart(781)) - Started o.e.j.s.ServletContextHandler@fb49fdf{/logs,file:///opt/src/hadoop-ozone/tools/target/log,AVAILABLE}
2019-06-18 08:13:35,765 INFO  handler.ContextHandler (ContextHandler.java:doStart(781)) - Started o.e.j.s.ServletContextHandler@7da34b26{/static,file:///opt/src/hadoop-hdds/container-service/target/classes/webapps/static,AVAILABLE}
2019-06-18 08:13:35,775 INFO  handler.ContextHandler (ContextHandler.java:doStart(781)) - Started o.e.j.w.WebAppContext@3c9c6245{/,file:///opt/src/hadoop-hdds/container-service/target/classes/webapps/hddsDatanode/,AVAILABLE}{/hddsDatanode}
2019-06-18 08:13:35,776 INFO  server.AbstractConnector (AbstractConnector.java:doStart(278)) - Started ServerConnector@6d0be7ab{HTTP/1.1,[http/1.1]}{0.0.0.0:40759}
2019-06-18 08:13:35,777 INFO  server.Server (Server.java:doStart(419)) - Started @5449ms
2019-06-18 08:13:35,778 INFO  server.BaseHttpServer (BaseHttpServer.java:updateConnectorAddress(207)) - HTTP server of HDDSDATANODE is listening at http://0.0.0.0:40759
2019-06-18 08:13:36,020 INFO  ozone.HddsDatanodeService (HddsDatanodeService.java:startPlugins(396)) - Started plug-in org.apache.hadoop.ozone.web.OzoneHddsDatanodeService@a6c54c3
2019-06-18 08:13:36,021 INFO  ozone.MiniOzoneClusterImpl (MiniOzoneClusterImpl.java:lambda$waitForClusterToBeReady$0(142)) - Waiting for cluster to be ready. Got 0 of 3 DN Heartbeats.
2019-06-18 08:13:36,026 INFO  util.JvmPauseMonitor (JvmPauseMonitor.java:run(188)) - Starting JVM pause monitor
2019-06-18 08:13:36,028 INFO  datanode.InitDatanodeState (InitDatanodeState.java:persistContainerDatanodeDetails(140)) - DatanodeDetails is persisted to /opt/src/hadoop-ozone/tools/target/test-dir/MiniOzoneClusterImpl-e94527aa-b262-435e-bbae-d49858bde5e2/datanode-2/meta/datanode.id
2019-06-18 08:13:37,021 INFO  ozone.MiniOzoneClusterImpl (MiniOzoneClusterImpl.java:lambda$waitForClusterToBeReady$0(142)) - Waiting for cluster to be ready. Got 0 of 3 DN Heartbeats.
2019-06-18 08:13:37,319 INFO  ozoneimpl.OzoneContainer (OzoneContainer.java:start(186)) - Attempting to start container services.
2019-06-18 08:13:37,319 INFO  ozoneimpl.OzoneContainer (OzoneContainer.java:startContainerScrub(160)) - Background container scrubber has been disabled by hdds.containerscrub.enabled
2019-06-18 08:13:37,319 INFO  ratis.XceiverServerRatis (XceiverServerRatis.java:start(418)) - Starting XceiverServerRatis 8976fcc7-37a0-4165-bdeb-dce5d7cf7cf9 at port 36727
2019-06-18 08:13:37,331 INFO  impl.RaftServerProxy (RaftServerProxy.java:lambda$start$3(299)) - 8976fcc7-37a0-4165-bdeb-dce5d7cf7cf9: start RPC server
2019-06-18 08:13:37,466 INFO  server.GrpcService (GrpcService.java:startImpl(148)) - 8976fcc7-37a0-4165-bdeb-dce5d7cf7cf9: GrpcService started, listening on 0.0.0.0/0.0.0.0:36727
2019-06-18 08:13:37,717 INFO  ozoneimpl.OzoneContainer (OzoneContainer.java:start(186)) - Attempting to start container services.
2019-06-18 08:13:37,717 INFO  ozoneimpl.OzoneContainer (OzoneContainer.java:startContainerScrub(160)) - Background container scrubber has been disabled by hdds.containerscrub.enabled
2019-06-18 08:13:37,718 INFO  ratis.XceiverServerRatis (XceiverServerRatis.java:start(418)) - Starting XceiverServerRatis 0cda194b-8887-43cf-827b-c90e8715af19 at port 44369
2019-06-18 08:13:37,723 INFO  impl.RaftServerProxy (RaftServerProxy.java:lambda$start$3(299)) - 0cda194b-8887-43cf-827b-c90e8715af19: start RPC server
2019-06-18 08:13:37,725 INFO  server.GrpcService (GrpcService.java:startImpl(148)) - 0cda194b-8887-43cf-827b-c90e8715af19: GrpcService started, listening on 0.0.0.0/0.0.0.0:44369
2019-06-18 08:13:38,021 INFO  ozone.MiniOzoneClusterImpl (MiniOzoneClusterImpl.java:lambda$waitForClusterToBeReady$0(142)) - Waiting for cluster to be ready. Got 0 of 3 DN Heartbeats.
2019-06-18 08:13:38,032 INFO  ozoneimpl.OzoneContainer (OzoneContainer.java:start(186)) - Attempting to start container services.
2019-06-18 08:13:38,033 INFO  ozoneimpl.OzoneContainer (OzoneContainer.java:startContainerScrub(160)) - Background container scrubber has been disabled by hdds.containerscrub.enabled
2019-06-18 08:13:38,033 INFO  ratis.XceiverServerRatis (XceiverServerRatis.java:start(418)) - Starting XceiverServerRatis dee551ab-dafc-4ad4-a4f3-2f095cdea451 at port 40137
2019-06-18 08:13:38,038 INFO  impl.RaftServerProxy (RaftServerProxy.java:lambda$start$3(299)) - dee551ab-dafc-4ad4-a4f3-2f095cdea451: start RPC server
2019-06-18 08:13:38,040 INFO  server.GrpcService (GrpcService.java:startImpl(148)) - dee551ab-dafc-4ad4-a4f3-2f095cdea451: GrpcService started, listening on 0.0.0.0/0.0.0.0:40137
2019-06-18 08:13:39,022 INFO  ozone.MiniOzoneClusterImpl (MiniOzoneClusterImpl.java:lambda$waitForClusterToBeReady$0(142)) - Waiting for cluster to be ready. Got 0 of 3 DN Heartbeats.
2019-06-18 08:13:39,321 INFO  net.NetworkTopology (NetworkTopologyImpl.java:add(109)) - Added a new node: /default-rack/192.168.134.80
2019-06-18 08:13:39,322 INFO  node.SCMNodeManager (SCMNodeManager.java:register(269)) - Registered Data node : 8976fcc7-37a0-4165-bdeb-dce5d7cf7cf9{ip: 192.168.134.80, host: ozone-unit-076618677d3lpq9h-681410723, networkLocation: /default-rack, certSerialId: null}
2019-06-18 08:13:39,326 INFO  safemode.SCMSafeModeManager (DataNodeSafeModeRule.java:process(71)) - SCM in safe mode. 1 DataNodes registered, 1 required.
2019-06-18 08:13:39,327 INFO  safemode.SCMSafeModeManager (SCMSafeModeManager.java:validateSafeModeExitRules(177)) - ScmSafeModeManager, all rules are successfully validated
2019-06-18 08:13:39,329 INFO  safemode.SCMSafeModeManager (SCMSafeModeManager.java:exitSafeMode(193)) - SCM exiting safe mode.
2019-06-18 08:13:39,654 INFO  impl.RaftServerProxy (RaftServerProxy.java:addNew(89)) - 8976fcc7-37a0-4165-bdeb-dce5d7cf7cf9: addNew group-B82C4CD6C14C:[8976fcc7-37a0-4165-bdeb-dce5d7cf7cf9:192.168.134.80:36727] returns group-B82C4CD6C14C:java.util.concurrent.CompletableFuture@12ef844[Not completed]
2019-06-18 08:13:39,659 INFO  impl.RaftServerImpl (RaftServerImpl.java:<init>(91)) - 8976fcc7-37a0-4165-bdeb-dce5d7cf7cf9: new RaftServerImpl for group-B82C4CD6C14C:[8976fcc7-37a0-4165-bdeb-dce5d7cf7cf9:192.168.134.80:36727] with ContainerStateMachine:uninitialized
2019-06-18 08:13:39,661 INFO  server.RaftServerConfigKeys (ConfUtils.java:logGet(43)) - raft.server.rpc.timeout.min = 1s (custom)
2019-06-18 08:13:39,661 INFO  server.RaftServerConfigKeys (ConfUtils.java:logGet(43)) - raft.server.rpc.timeout.max = 1200ms (custom)
2019-06-18 08:13:39,661 INFO  server.RaftServerConfigKeys (ConfUtils.java:logGet(43)) - raft.server.rpcslowness.timeout = 120s (custom)
2019-06-18 08:13:39,662 INFO  server.RaftServerConfigKeys (ConfUtils.java:logGet(43)) - raft.server.log.appender.install.snapshot.enabled = true (default)
2019-06-18 08:13:39,667 INFO  impl.RaftServerImpl (ServerState.java:<init>(101)) - 8976fcc7-37a0-4165-bdeb-dce5d7cf7cf9:group-B82C4CD6C14C ConfigurationManager, init=-1: [8976fcc7-37a0-4165-bdeb-dce5d7cf7cf9:192.168.134.80:36727], old=null, confs=<EMPTY_MAP>
2019-06-18 08:13:39,667 INFO  server.RaftServerConfigKeys (ConfUtils.java:logGet(43)) - raft.server.storage.dir = [/opt/src/hadoop-ozone/tools/target/test-dir/MiniOzoneClusterImpl-e94527aa-b262-435e-bbae-d49858bde5e2/datanode-0/data/ratis] (custom)
2019-06-18 08:13:39,672 INFO  storage.RaftStorageDirectory (RaftStorageDirectory.java:analyzeStorage(246)) - The storage directory /opt/src/hadoop-ozone/tools/target/test-dir/MiniOzoneClusterImpl-e94527aa-b262-435e-bbae-d49858bde5e2/datanode-0/data/ratis/352e6129-2700-465c-bd4b-b82c4cd6c14c does not exist. Creating ...
2019-06-18 08:13:39,677 INFO  storage.RaftStorageDirectory (RaftStorageDirectory.java:tryLock(328)) - Lock on /opt/src/hadoop-ozone/tools/target/test-dir/MiniOzoneClusterImpl-e94527aa-b262-435e-bbae-d49858bde5e2/datanode-0/data/ratis/352e6129-2700-465c-bd4b-b82c4cd6c14c/in_use.lock acquired by nodename 18156@ozone-unit-076618677d3lpq9h-681410723
2019-06-18 08:13:39,681 INFO  storage.RaftStorage (RaftStorage.java:format(75)) - Storage directory /opt/src/hadoop-ozone/tools/target/test-dir/MiniOzoneClusterImpl-e94527aa-b262-435e-bbae-d49858bde5e2/datanode-0/data/ratis/352e6129-2700-465c-bd4b-b82c4cd6c14c has been successfully formatted.
2019-06-18 08:13:39,682 INFO  ratis.ContainerStateMachine (ContainerStateMachine.java:loadSnapshot(199)) - The snapshot info is null.Setting the last applied index to:(t:0, i:~)
2019-06-18 08:13:39,682 INFO  server.RaftServerConfigKeys (ConfUtils.java:logGet(43)) - raft.server.leader.election.timeout = 120s (custom)
2019-06-18 08:13:39,684 INFO  server.RaftServerConfigKeys (ConfUtils.java:logGet(43)) - raft.server.log.use.memory = false (default)
2019-06-18 08:13:39,686 INFO  server.RaftServerConfigKeys (ConfUtils.java:logGet(43)) - raft.server.log.appender.buffer.byte-limit = 33554432 (custom)
2019-06-18 08:13:39,689 INFO  server.RaftServerConfigKeys (ConfUtils.java:logGet(43)) - raft.server.log.segment.size.max = 16384 (custom)
2019-06-18 08:13:39,692 INFO  server.RaftServerConfigKeys (ConfUtils.java:logGet(43)) - raft.server.log.segment.cache.num.max = 2 (custom)
2019-06-18 08:13:39,694 INFO  storage.RaftLogWorker (RaftLogWorker.java:<init>(123)) - new 8976fcc7-37a0-4165-bdeb-dce5d7cf7cf9-RaftLogWorker for Storage Directory /opt/src/hadoop-ozone/tools/target/test-dir/MiniOzoneClusterImpl-e94527aa-b262-435e-bbae-d49858bde5e2/datanode-0/data/ratis/352e6129-2700-465c-bd4b-b82c4cd6c14c
2019-06-18 08:13:39,694 INFO  server.RaftServerConfigKeys (ConfUtils.java:logGet(43)) - raft.server.log.queue.byte-limit = 2147483647 (custom)
2019-06-18 08:13:39,695 INFO  server.RaftServerConfigKeys (ConfUtils.java:logGet(43)) - raft.server.log.queue.element-limit = 1024 (custom)
2019-06-18 08:13:39,696 INFO  server.RaftServerConfigKeys (ConfUtils.java:logGet(43)) - raft.server.log.segment.size.max = 16384 (custom)
2019-06-18 08:13:39,697 INFO  server.RaftServerConfigKeys (ConfUtils.java:logGet(43)) - raft.server.log.preallocated.size = 16384 (custom)
2019-06-18 08:13:39,697 INFO  server.RaftServerConfigKeys (ConfUtils.java:logGet(43)) - raft.server.log.write.buffer.size = 33554432 (custom)
2019-06-18 08:13:39,697 INFO  server.RaftServerConfigKeys (ConfUtils.java:logGet(43)) - raft.server.log.force.sync.num = 128 (default)
2019-06-18 08:13:39,698 INFO  server.RaftServerConfigKeys (ConfUtils.java:logGet(43)) - raft.server.log.statemachine.data.sync = true (default)
2019-06-18 08:13:39,698 INFO  server.RaftServerConfigKeys (ConfUtils.java:logGet(43)) - raft.server.log.statemachine.data.sync.timeout = 10s (default)
2019-06-18 08:13:39,699 INFO  server.RaftServerConfigKeys (ConfUtils.java:logGet(43)) - raft.server.log.statemachine.data.sync.timeout.retry = -1 (default)
2019-06-18 08:13:39,701 INFO  server.RaftServerConfigKeys (ConfUtils.java:logGet(43)) - raft.server.log.statemachine.data.caching.enabled = true (custom)
2019-06-18 08:13:39,706 INFO  server.RaftServerConfigKeys (ConfUtils.java:logGet(43)) - raft.server.snapshot.auto.trigger.enabled = true (custom)
2019-06-18 08:13:39,707 INFO  server.RaftServerConfigKeys (ConfUtils.java:logGet(43)) - raft.server.snapshot.auto.trigger.threshold = 10000 (custom)
2019-06-18 08:13:39,708 INFO  server.RaftServerConfigKeys (ConfUtils.java:logGet(43)) - raft.server.retrycache.expirytime = 600000ms (custom)
2019-06-18 08:13:39,712 INFO  node.SCMNodeManager (SCMNodeManager.java:register(269)) - Registered Data node : 0cda194b-8887-43cf-827b-c90e8715af19{ip: 192.168.134.80, host: ozone-unit-076618677d3lpq9h-681410723, networkLocation: /default-rack, certSerialId: null}
2019-06-18 08:13:39,726 INFO  impl.RaftServerImpl (RaftServerImpl.java:start(173)) - 8976fcc7-37a0-4165-bdeb-dce5d7cf7cf9: start group-B82C4CD6C14C
2019-06-18 08:13:39,727 INFO  impl.RaftServerImpl (RaftServerImpl.java:setRole(164)) - 8976fcc7-37a0-4165-bdeb-dce5d7cf7cf9:group-B82C4CD6C14C changes role from null to FOLLOWER at term 0 for startAsFollower
2019-06-18 08:13:39,728 INFO  impl.RoleInfo (RoleInfo.java:updateAndGet(143)) - 8976fcc7-37a0-4165-bdeb-dce5d7cf7cf9: start FollowerState
2019-06-18 08:13:39,730 INFO  util.JmxRegister (JmxRegister.java:tryRegister(44)) - Successfully registered JMX Bean with object name Ratis:service=RaftServer,group=group-B82C4CD6C14C,id=8976fcc7-37a0-4165-bdeb-dce5d7cf7cf9
2019-06-18 08:13:39,924 INFO  pipeline.PipelineStateManager (PipelineStateManager.java:addPipeline(56)) - Created pipeline Pipeline[ Id: 352e6129-2700-465c-bd4b-b82c4cd6c14c, Nodes: 8976fcc7-37a0-4165-bdeb-dce5d7cf7cf9{ip: 192.168.134.80, host: ozone-unit-076618677d3lpq9h-681410723, networkLocation: /default-rack, certSerialId: null}, Type:RATIS, Factor:ONE, State:OPEN]
2019-06-18 08:13:39,940 INFO  impl.RaftServerProxy (RaftServerProxy.java:addNew(89)) - 0cda194b-8887-43cf-827b-c90e8715af19: addNew group-BEFBC295067F:[0cda194b-8887-43cf-827b-c90e8715af19:192.168.134.80:44369] returns group-BEFBC295067F:java.util.concurrent.CompletableFuture@793d4f5b[Not completed]
2019-06-18 08:13:39,953 INFO  impl.RaftServerImpl (RaftServerImpl.java:<init>(91)) - 0cda194b-8887-43cf-827b-c90e8715af19: new RaftServerImpl for group-BEFBC295067F:[0cda194b-8887-43cf-827b-c90e8715af19:192.168.134.80:44369] with ContainerStateMachine:uninitialized
2019-06-18 08:13:39,954 INFO  server.RaftServerConfigKeys (ConfUtils.java:logGet(43)) - raft.server.rpc.timeout.min = 1s (custom)
2019-06-18 08:13:39,954 INFO  server.RaftServerConfigKeys (ConfUtils.java:logGet(43)) - raft.server.rpc.timeout.max = 1200ms (custom)
2019-06-18 08:13:39,955 INFO  server.RaftServerConfigKeys (ConfUtils.java:logGet(43)) - raft.server.rpcslowness.timeout = 120s (custom)
2019-06-18 08:13:39,955 INFO  server.RaftServerConfigKeys (ConfUtils.java:logGet(43)) - raft.server.log.appender.install.snapshot.enabled = true (default)
2019-06-18 08:13:39,955 INFO  impl.RaftServerImpl (ServerState.java:<init>(101)) - 0cda194b-8887-43cf-827b-c90e8715af19:group-BEFBC295067F ConfigurationManager, init=-1: [0cda194b-8887-43cf-827b-c90e8715af19:192.168.134.80:44369], old=null, confs=<EMPTY_MAP>
2019-06-18 08:13:39,955 INFO  server.RaftServerConfigKeys (ConfUtils.java:logGet(43)) - raft.server.storage.dir = [/opt/src/hadoop-ozone/tools/target/test-dir/MiniOzoneClusterImpl-e94527aa-b262-435e-bbae-d49858bde5e2/datanode-1/data/ratis] (custom)
2019-06-18 08:13:39,955 INFO  storage.RaftStorageDirectory (RaftStorageDirectory.java:analyzeStorage(246)) - The storage directory /opt/src/hadoop-ozone/tools/target/test-dir/MiniOzoneClusterImpl-e94527aa-b262-435e-bbae-d49858bde5e2/datanode-1/data/ratis/58084e51-4faa-4c0c-a706-befbc295067f does not exist. Creating ...
2019-06-18 08:13:39,958 INFO  storage.RaftStorageDirectory (RaftStorageDirectory.java:tryLock(328)) - Lock on /opt/src/hadoop-ozone/tools/target/test-dir/MiniOzoneClusterImpl-e94527aa-b262-435e-bbae-d49858bde5e2/datanode-1/data/ratis/58084e51-4faa-4c0c-a706-befbc295067f/in_use.lock acquired by nodename 18156@ozone-unit-076618677d3lpq9h-681410723
2019-06-18 08:13:39,960 INFO  storage.RaftStorage (RaftStorage.java:format(75)) - Storage directory /opt/src/hadoop-ozone/tools/target/test-dir/MiniOzoneClusterImpl-e94527aa-b262-435e-bbae-d49858bde5e2/datanode-1/data/ratis/58084e51-4faa-4c0c-a706-befbc295067f has been successfully formatted.
2019-06-18 08:13:39,961 INFO  ratis.ContainerStateMachine (ContainerStateMachine.java:loadSnapshot(199)) - The snapshot info is null.Setting the last applied index to:(t:0, i:~)
2019-06-18 08:13:39,961 INFO  server.RaftServerConfigKeys (ConfUtils.java:logGet(43)) - raft.server.leader.election.timeout = 120s (custom)
2019-06-18 08:13:39,962 INFO  server.RaftServerConfigKeys (ConfUtils.java:logGet(43)) - raft.server.log.use.memory = false (default)
2019-06-18 08:13:39,962 INFO  server.RaftServerConfigKeys (ConfUtils.java:logGet(43)) - raft.server.log.appender.buffer.byte-limit = 33554432 (custom)
2019-06-18 08:13:39,962 INFO  server.RaftServerConfigKeys (ConfUtils.java:logGet(43)) - raft.server.log.segment.size.max = 16384 (custom)
2019-06-18 08:13:39,962 INFO  server.RaftServerConfigKeys (ConfUtils.java:logGet(43)) - raft.server.log.segment.cache.num.max = 2 (custom)
2019-06-18 08:13:39,962 INFO  storage.RaftLogWorker (RaftLogWorker.java:<init>(123)) - new 0cda194b-8887-43cf-827b-c90e8715af19-RaftLogWorker for Storage Directory /opt/src/hadoop-ozone/tools/target/test-dir/MiniOzoneClusterImpl-e94527aa-b262-435e-bbae-d49858bde5e2/datanode-1/data/ratis/58084e51-4faa-4c0c-a706-befbc295067f
2019-06-18 08:13:39,963 INFO  server.RaftServerConfigKeys (ConfUtils.java:logGet(43)) - raft.server.log.queue.byte-limit = 2147483647 (custom)
2019-06-18 08:13:39,963 INFO  server.RaftServerConfigKeys (ConfUtils.java:logGet(43)) - raft.server.log.queue.element-limit = 1024 (custom)
2019-06-18 08:13:39,963 INFO  server.RaftServerConfigKeys (ConfUtils.java:logGet(43)) - raft.server.log.segment.size.max = 16384 (custom)
2019-06-18 08:13:39,963 INFO  server.RaftServerConfigKeys (ConfUtils.java:logGet(43)) - raft.server.log.preallocated.size = 16384 (custom)
2019-06-18 08:13:39,963 INFO  server.RaftServerConfigKeys (ConfUtils.java:logGet(43)) - raft.server.log.write.buffer.size = 33554432 (custom)
2019-06-18 08:13:39,963 INFO  server.RaftServerConfigKeys (ConfUtils.java:logGet(43)) - raft.server.log.force.sync.num = 128 (default)
2019-06-18 08:13:39,963 INFO  server.RaftServerConfigKeys (ConfUtils.java:logGet(43)) - raft.server.log.statemachine.data.sync = true (default)
2019-06-18 08:13:39,963 INFO  server.RaftServerConfigKeys (ConfUtils.java:logGet(43)) - raft.server.log.statemachine.data.sync.timeout = 10s (default)
2019-06-18 08:13:39,963 INFO  server.RaftServerConfigKeys (ConfUtils.java:logGet(43)) - raft.server.log.statemachine.data.sync.timeout.retry = -1 (default)
2019-06-18 08:13:39,963 INFO  server.RaftServerConfigKeys (ConfUtils.java:logGet(43)) - raft.server.log.statemachine.data.caching.enabled = true (custom)
2019-06-18 08:13:39,964 INFO  server.RaftServerConfigKeys (ConfUtils.java:logGet(43)) - raft.server.snapshot.auto.trigger.enabled = true (custom)
2019-06-18 08:13:39,964 INFO  server.RaftServerConfigKeys (ConfUtils.java:logGet(43)) - raft.server.snapshot.auto.trigger.threshold = 10000 (custom)
2019-06-18 08:13:39,964 INFO  server.RaftServerConfigKeys (ConfUtils.java:logGet(43)) - raft.server.retrycache.expirytime = 600000ms (custom)
2019-06-18 08:13:39,964 INFO  impl.RaftServerImpl (RaftServerImpl.java:start(173)) - 0cda194b-8887-43cf-827b-c90e8715af19: start group-BEFBC295067F
2019-06-18 08:13:39,964 INFO  impl.RaftServerImpl (RaftServerImpl.java:setRole(164)) - 0cda194b-8887-43cf-827b-c90e8715af19:group-BEFBC295067F changes role from null to FOLLOWER at term 0 for startAsFollower
2019-06-18 08:13:39,964 INFO  impl.RoleInfo (RoleInfo.java:updateAndGet(143)) - 0cda194b-8887-43cf-827b-c90e8715af19: start FollowerState
2019-06-18 08:13:39,965 INFO  util.JmxRegister (JmxRegister.java:tryRegister(44)) - Successfully registered JMX Bean with object name Ratis:service=RaftServer,group=group-BEFBC295067F,id=0cda194b-8887-43cf-827b-c90e8715af19
2019-06-18 08:13:39,973 INFO  pipeline.PipelineStateManager (PipelineStateManager.java:addPipeline(56)) - Created pipeline Pipeline[ Id: 58084e51-4faa-4c0c-a706-befbc295067f, Nodes: 0cda194b-8887-43cf-827b-c90e8715af19{ip: 192.168.134.80, host: ozone-unit-076618677d3lpq9h-681410723, networkLocation: /default-rack, certSerialId: null}, Type:RATIS, Factor:ONE, State:OPEN]
2019-06-18 08:13:40,022 INFO  ozone.MiniOzoneClusterImpl (MiniOzoneClusterImpl.java:lambda$waitForClusterToBeReady$0(142)) - Waiting for cluster to be ready. Got 2 of 3 DN Heartbeats.
2019-06-18 08:13:40,029 INFO  node.SCMNodeManager (SCMNodeManager.java:register(269)) - Registered Data node : dee551ab-dafc-4ad4-a4f3-2f095cdea451{ip: 192.168.134.80, host: ozone-unit-076618677d3lpq9h-681410723, networkLocation: /default-rack, certSerialId: null}
2019-06-18 08:13:40,040 INFO  impl.RaftServerProxy (RaftServerProxy.java:addNew(89)) - dee551ab-dafc-4ad4-a4f3-2f095cdea451: addNew group-B9ED9FF24ACA:[dee551ab-dafc-4ad4-a4f3-2f095cdea451:192.168.134.80:40137] returns group-B9ED9FF24ACA:java.util.concurrent.CompletableFuture@69334745[Not completed]
2019-06-18 08:13:40,043 INFO  impl.RaftServerImpl (RaftServerImpl.java:<init>(91)) - dee551ab-dafc-4ad4-a4f3-2f095cdea451: new RaftServerImpl for group-B9ED9FF24ACA:[dee551ab-dafc-4ad4-a4f3-2f095cdea451:192.168.134.80:40137] with ContainerStateMachine:uninitialized
2019-06-18 08:13:40,043 INFO  server.RaftServerConfigKeys (ConfUtils.java:logGet(43)) - raft.server.rpc.timeout.min = 1s (custom)
2019-06-18 08:13:40,043 INFO  server.RaftServerConfigKeys (ConfUtils.java:logGet(43)) - raft.server.rpc.timeout.max = 1200ms (custom)
2019-06-18 08:13:40,044 INFO  server.RaftServerConfigKeys (ConfUtils.java:logGet(43)) - raft.server.rpcslowness.timeout = 120s (custom)
2019-06-18 08:13:40,044 INFO  server.RaftServerConfigKeys (ConfUtils.java:logGet(43)) - raft.server.log.appender.install.snapshot.enabled = true (default)
2019-06-18 08:13:40,044 INFO  impl.RaftServerImpl (ServerState.java:<init>(101)) - dee551ab-dafc-4ad4-a4f3-2f095cdea451:group-B9ED9FF24ACA ConfigurationManager, init=-1: [dee551ab-dafc-4ad4-a4f3-2f095cdea451:192.168.134.80:40137], old=null, confs=<EMPTY_MAP>
2019-06-18 08:13:40,044 INFO  server.RaftServerConfigKeys (ConfUtils.java:logGet(43)) - raft.server.storage.dir = [/opt/src/hadoop-ozone/tools/target/test-dir/MiniOzoneClusterImpl-e94527aa-b262-435e-bbae-d49858bde5e2/datanode-2/data/ratis] (custom)
2019-06-18 08:13:40,044 INFO  storage.RaftStorageDirectory (RaftStorageDirectory.java:analyzeStorage(246)) - The storage directory /opt/src/hadoop-ozone/tools/target/test-dir/MiniOzoneClusterImpl-e94527aa-b262-435e-bbae-d49858bde5e2/datanode-2/data/ratis/0d4fde14-d10f-473e-acb4-b9ed9ff24aca does not exist. Creating ...
2019-06-18 08:13:40,047 INFO  storage.RaftStorageDirectory (RaftStorageDirectory.java:tryLock(328)) - Lock on /opt/src/hadoop-ozone/tools/target/test-dir/MiniOzoneClusterImpl-e94527aa-b262-435e-bbae-d49858bde5e2/datanode-2/data/ratis/0d4fde14-d10f-473e-acb4-b9ed9ff24aca/in_use.lock acquired by nodename 18156@ozone-unit-076618677d3lpq9h-681410723
2019-06-18 08:13:40,049 INFO  storage.RaftStorage (RaftStorage.java:format(75)) - Storage directory /opt/src/hadoop-ozone/tools/target/test-dir/MiniOzoneClusterImpl-e94527aa-b262-435e-bbae-d49858bde5e2/datanode-2/data/ratis/0d4fde14-d10f-473e-acb4-b9ed9ff24aca has been successfully formatted.
2019-06-18 08:13:40,049 INFO  ratis.ContainerStateMachine (ContainerStateMachine.java:loadSnapshot(199)) - The snapshot info is null.Setting the last applied index to:(t:0, i:~)
2019-06-18 08:13:40,049 INFO  server.RaftServerConfigKeys (ConfUtils.java:logGet(43)) - raft.server.leader.election.timeout = 120s (custom)
2019-06-18 08:13:40,049 INFO  server.RaftServerConfigKeys (ConfUtils.java:logGet(43)) - raft.server.log.use.memory = false (default)
2019-06-18 08:13:40,049 INFO  server.RaftServerConfigKeys (ConfUtils.java:logGet(43)) - raft.server.log.appender.buffer.byte-limit = 33554432 (custom)
2019-06-18 08:13:40,049 INFO  server.RaftServerConfigKeys (ConfUtils.java:logGet(43)) - raft.server.log.segment.size.max = 16384 (custom)
2019-06-18 08:13:40,050 INFO  server.RaftServerConfigKeys (ConfUtils.java:logGet(43)) - raft.server.log.segment.cache.num.max = 2 (custom)
2019-06-18 08:13:40,050 INFO  storage.RaftLogWorker (RaftLogWorker.java:<init>(123)) - new dee551ab-dafc-4ad4-a4f3-2f095cdea451-RaftLogWorker for Storage Directory /opt/src/hadoop-ozone/tools/target/test-dir/MiniOzoneClusterImpl-e94527aa-b262-435e-bbae-d49858bde5e2/datanode-2/data/ratis/0d4fde14-d10f-473e-acb4-b9ed9ff24aca
2019-06-18 08:13:40,050 INFO  server.RaftServerConfigKeys (ConfUtils.java:logGet(43)) - raft.server.log.queue.byte-limit = 2147483647 (custom)
2019-06-18 08:13:40,050 INFO  server.RaftServerConfigKeys (ConfUtils.java:logGet(43)) - raft.server.log.queue.element-limit = 1024 (custom)
2019-06-18 08:13:40,050 INFO  server.RaftServerConfigKeys (ConfUtils.java:logGet(43)) - raft.server.log.segment.size.max = 16384 (custom)
2019-06-18 08:13:40,050 INFO  server.RaftServerConfigKeys (ConfUtils.java:logGet(43)) - raft.server.log.preallocated.size = 16384 (custom)
2019-06-18 08:13:40,051 INFO  server.RaftServerConfigKeys (ConfUtils.java:logGet(43)) - raft.server.log.write.buffer.size = 33554432 (custom)
2019-06-18 08:13:40,051 INFO  server.RaftServerConfigKeys (ConfUtils.java:logGet(43)) - raft.server.log.force.sync.num = 128 (default)
2019-06-18 08:13:40,051 INFO  server.RaftServerConfigKeys (ConfUtils.java:logGet(43)) - raft.server.log.statemachine.data.sync = true (default)
2019-06-18 08:13:40,051 INFO  server.RaftServerConfigKeys (ConfUtils.java:logGet(43)) - raft.server.log.statemachine.data.sync.timeout = 10s (default)
2019-06-18 08:13:40,051 INFO  server.RaftServerConfigKeys (ConfUtils.java:logGet(43)) - raft.server.log.statemachine.data.sync.timeout.retry = -1 (default)
2019-06-18 08:13:40,051 INFO  server.RaftServerConfigKeys (ConfUtils.java:logGet(43)) - raft.server.log.statemachine.data.caching.enabled = true (custom)
2019-06-18 08:13:40,052 INFO  server.RaftServerConfigKeys (ConfUtils.java:logGet(43)) - raft.server.snapshot.auto.trigger.enabled = true (custom)
2019-06-18 08:13:40,052 INFO  server.RaftServerConfigKeys (ConfUtils.java:logGet(43)) - raft.server.snapshot.auto.trigger.threshold = 10000 (custom)
2019-06-18 08:13:40,052 INFO  server.RaftServerConfigKeys (ConfUtils.java:logGet(43)) - raft.server.retrycache.expirytime = 600000ms (custom)
2019-06-18 08:13:40,052 INFO  impl.RaftServerImpl (RaftServerImpl.java:start(173)) - dee551ab-dafc-4ad4-a4f3-2f095cdea451: start group-B9ED9FF24ACA
2019-06-18 08:13:40,052 INFO  impl.RaftServerImpl (RaftServerImpl.java:setRole(164)) - dee551ab-dafc-4ad4-a4f3-2f095cdea451:group-B9ED9FF24ACA changes role from null to FOLLOWER at term 0 for startAsFollower
2019-06-18 08:13:40,052 INFO  impl.RoleInfo (RoleInfo.java:updateAndGet(143)) - dee551ab-dafc-4ad4-a4f3-2f095cdea451: start FollowerState
2019-06-18 08:13:40,053 INFO  util.JmxRegister (JmxRegister.java:tryRegister(44)) - Successfully registered JMX Bean with object name Ratis:service=RaftServer,group=group-B9ED9FF24ACA,id=dee551ab-dafc-4ad4-a4f3-2f095cdea451
2019-06-18 08:13:40,057 INFO  pipeline.PipelineStateManager (PipelineStateManager.java:addPipeline(56)) - Created pipeline Pipeline[ Id: 0d4fde14-d10f-473e-acb4-b9ed9ff24aca, Nodes: dee551ab-dafc-4ad4-a4f3-2f095cdea451{ip: 192.168.134.80, host: ozone-unit-076618677d3lpq9h-681410723, networkLocation: /default-rack, certSerialId: null}, Type:RATIS, Factor:ONE, State:OPEN]
2019-06-18 08:13:40,084 INFO  impl.RaftServerProxy (RaftServerProxy.java:addNew(89)) - dee551ab-dafc-4ad4-a4f3-2f095cdea451: addNew group-07376CAAABF5:[dee551ab-dafc-4ad4-a4f3-2f095cdea451:192.168.134.80:40137, 8976fcc7-37a0-4165-bdeb-dce5d7cf7cf9:192.168.134.80:36727, 0cda194b-8887-43cf-827b-c90e8715af19:192.168.134.80:44369] returns group-07376CAAABF5:java.util.concurrent.CompletableFuture@75166cec[Not completed]
2019-06-18 08:13:40,086 INFO  impl.RaftServerImpl (RaftServerImpl.java:<init>(91)) - dee551ab-dafc-4ad4-a4f3-2f095cdea451: new RaftServerImpl for group-07376CAAABF5:[dee551ab-dafc-4ad4-a4f3-2f095cdea451:192.168.134.80:40137, 8976fcc7-37a0-4165-bdeb-dce5d7cf7cf9:192.168.134.80:36727, 0cda194b-8887-43cf-827b-c90e8715af19:192.168.134.80:44369] with ContainerStateMachine:uninitialized
2019-06-18 08:13:40,086 INFO  server.RaftServerConfigKeys (ConfUtils.java:logGet(43)) - raft.server.rpc.timeout.min = 1s (custom)
2019-06-18 08:13:40,086 INFO  server.RaftServerConfigKeys (ConfUtils.java:logGet(43)) - raft.server.rpc.timeout.max = 1200ms (custom)
2019-06-18 08:13:40,087 INFO  server.RaftServerConfigKeys (ConfUtils.java:logGet(43)) - raft.server.rpcslowness.timeout = 120s (custom)
2019-06-18 08:13:40,087 INFO  server.RaftServerConfigKeys (ConfUtils.java:logGet(43)) - raft.server.log.appender.install.snapshot.enabled = true (default)
2019-06-18 08:13:40,087 INFO  impl.RaftServerImpl (ServerState.java:<init>(101)) - dee551ab-dafc-4ad4-a4f3-2f095cdea451:group-07376CAAABF5 ConfigurationManager, init=-1: [dee551ab-dafc-4ad4-a4f3-2f095cdea451:192.168.134.80:40137, 8976fcc7-37a0-4165-bdeb-dce5d7cf7cf9:192.168.134.80:36727, 0cda194b-8887-43cf-827b-c90e8715af19:192.168.134.80:44369], old=null, confs=<EMPTY_MAP>
2019-06-18 08:13:40,088 INFO  server.RaftServerConfigKeys (ConfUtils.java:logGet(43)) - raft.server.storage.dir = [/opt/src/hadoop-ozone/tools/target/test-dir/MiniOzoneClusterImpl-e94527aa-b262-435e-bbae-d49858bde5e2/datanode-2/data/ratis] (custom)
2019-06-18 08:13:40,088 INFO  impl.RaftServerProxy (RaftServerProxy.java:addNew(89)) - 8976fcc7-37a0-4165-bdeb-dce5d7cf7cf9: addNew group-07376CAAABF5:[dee551ab-dafc-4ad4-a4f3-2f095cdea451:192.168.134.80:40137, 8976fcc7-37a0-4165-bdeb-dce5d7cf7cf9:192.168.134.80:36727, 0cda194b-8887-43cf-827b-c90e8715af19:192.168.134.80:44369] returns group-07376CAAABF5:java.util.concurrent.CompletableFuture@7129f696[Not completed]
2019-06-18 08:13:40,089 INFO  storage.RaftStorageDirectory (RaftStorageDirectory.java:analyzeStorage(246)) - The storage directory /opt/src/hadoop-ozone/tools/target/test-dir/MiniOzoneClusterImpl-e94527aa-b262-435e-bbae-d49858bde5e2/datanode-2/data/ratis/6f58c684-012b-4c29-baf7-07376caaabf5 does not exist. Creating ...
2019-06-18 08:13:40,089 INFO  impl.RaftServerImpl (RaftServerImpl.java:<init>(91)) - 8976fcc7-37a0-4165-bdeb-dce5d7cf7cf9: new RaftServerImpl for group-07376CAAABF5:[dee551ab-dafc-4ad4-a4f3-2f095cdea451:192.168.134.80:40137, 8976fcc7-37a0-4165-bdeb-dce5d7cf7cf9:192.168.134.80:36727, 0cda194b-8887-43cf-827b-c90e8715af19:192.168.134.80:44369] with ContainerStateMachine:uninitialized
2019-06-18 08:13:40,089 INFO  server.RaftServerConfigKeys (ConfUtils.java:logGet(43)) - raft.server.rpc.timeout.min = 1s (custom)
2019-06-18 08:13:40,089 INFO  server.RaftServerConfigKeys (ConfUtils.java:logGet(43)) - raft.server.rpc.timeout.max = 1200ms (custom)
2019-06-18 08:13:40,089 INFO  server.RaftServerConfigKeys (ConfUtils.java:logGet(43)) - raft.server.rpcslowness.timeout = 120s (custom)
2019-06-18 08:13:40,089 INFO  server.RaftServerConfigKeys (ConfUtils.java:logGet(43)) - raft.server.log.appender.install.snapshot.enabled = true (default)
2019-06-18 08:13:40,089 INFO  impl.RaftServerImpl (ServerState.java:<init>(101)) - 8976fcc7-37a0-4165-bdeb-dce5d7cf7cf9:group-07376CAAABF5 ConfigurationManager, init=-1: [dee551ab-dafc-4ad4-a4f3-2f095cdea451:192.168.134.80:40137, 8976fcc7-37a0-4165-bdeb-dce5d7cf7cf9:192.168.134.80:36727, 0cda194b-8887-43cf-827b-c90e8715af19:192.168.134.80:44369], old=null, confs=<EMPTY_MAP>
2019-06-18 08:13:40,090 INFO  server.RaftServerConfigKeys (ConfUtils.java:logGet(43)) - raft.server.storage.dir = [/opt/src/hadoop-ozone/tools/target/test-dir/MiniOzoneClusterImpl-e94527aa-b262-435e-bbae-d49858bde5e2/datanode-0/data/ratis] (custom)
2019-06-18 08:13:40,090 INFO  storage.RaftStorageDirectory (RaftStorageDirectory.java:analyzeStorage(246)) - The storage directory /opt/src/hadoop-ozone/tools/target/test-dir/MiniOzoneClusterImpl-e94527aa-b262-435e-bbae-d49858bde5e2/datanode-0/data/ratis/6f58c684-012b-4c29-baf7-07376caaabf5 does not exist. Creating ...
2019-06-18 08:13:40,091 INFO  impl.RaftServerProxy (RaftServerProxy.java:addNew(89)) - 0cda194b-8887-43cf-827b-c90e8715af19: addNew group-07376CAAABF5:[dee551ab-dafc-4ad4-a4f3-2f095cdea451:192.168.134.80:40137, 8976fcc7-37a0-4165-bdeb-dce5d7cf7cf9:192.168.134.80:36727, 0cda194b-8887-43cf-827b-c90e8715af19:192.168.134.80:44369] returns group-07376CAAABF5:java.util.concurrent.CompletableFuture@43e2e319[Not completed]
2019-06-18 08:13:40,091 INFO  storage.RaftStorageDirectory (RaftStorageDirectory.java:tryLock(328)) - Lock on /opt/src/hadoop-ozone/tools/target/test-dir/MiniOzoneClusterImpl-e94527aa-b262-435e-bbae-d49858bde5e2/datanode-2/data/ratis/6f58c684-012b-4c29-baf7-07376caaabf5/in_use.lock acquired by nodename 18156@ozone-unit-076618677d3lpq9h-681410723
2019-06-18 08:13:40,092 INFO  impl.RaftServerImpl (RaftServerImpl.java:<init>(91)) - 0cda194b-8887-43cf-827b-c90e8715af19: new RaftServerImpl for group-07376CAAABF5:[dee551ab-dafc-4ad4-a4f3-2f095cdea451:192.168.134.80:40137, 8976fcc7-37a0-4165-bdeb-dce5d7cf7cf9:192.168.134.80:36727, 0cda194b-8887-43cf-827b-c90e8715af19:192.168.134.80:44369] with ContainerStateMachine:uninitialized
2019-06-18 08:13:40,092 INFO  server.RaftServerConfigKeys (ConfUtils.java:logGet(43)) - raft.server.rpc.timeout.min = 1s (custom)
2019-06-18 08:13:40,092 INFO  server.RaftServerConfigKeys (ConfUtils.java:logGet(43)) - raft.server.rpc.timeout.max = 1200ms (custom)
2019-06-18 08:13:40,092 INFO  server.RaftServerConfigKeys (ConfUtils.java:logGet(43)) - raft.server.rpcslowness.timeout = 120s (custom)
2019-06-18 08:13:40,092 INFO  server.RaftServerConfigKeys (ConfUtils.java:logGet(43)) - raft.server.log.appender.install.snapshot.enabled = true (default)
2019-06-18 08:13:40,092 INFO  impl.RaftServerImpl (ServerState.java:<init>(101)) - 0cda194b-8887-43cf-827b-c90e8715af19:group-07376CAAABF5 ConfigurationManager, init=-1: [dee551ab-dafc-4ad4-a4f3-2f095cdea451:192.168.134.80:40137, 8976fcc7-37a0-4165-bdeb-dce5d7cf7cf9:192.168.134.80:36727, 0cda194b-8887-43cf-827b-c90e8715af19:192.168.134.80:44369], old=null, confs=<EMPTY_MAP>
2019-06-18 08:13:40,092 INFO  server.RaftServerConfigKeys (ConfUtils.java:logGet(43)) - raft.server.storage.dir = [/opt/src/hadoop-ozone/tools/target/test-dir/MiniOzoneClusterImpl-e94527aa-b262-435e-bbae-d49858bde5e2/datanode-1/data/ratis] (custom)
2019-06-18 08:13:40,093 INFO  storage.RaftStorageDirectory (RaftStorageDirectory.java:analyzeStorage(246)) - The storage directory /opt/src/hadoop-ozone/tools/target/test-dir/MiniOzoneClusterImpl-e94527aa-b262-435e-bbae-d49858bde5e2/datanode-1/data/ratis/6f58c684-012b-4c29-baf7-07376caaabf5 does not exist. Creating ...
2019-06-18 08:13:40,093 INFO  storage.RaftStorageDirectory (RaftStorageDirectory.java:tryLock(328)) - Lock on /opt/src/hadoop-ozone/tools/target/test-dir/MiniOzoneClusterImpl-e94527aa-b262-435e-bbae-d49858bde5e2/datanode-0/data/ratis/6f58c684-012b-4c29-baf7-07376caaabf5/in_use.lock acquired by nodename 18156@ozone-unit-076618677d3lpq9h-681410723
2019-06-18 08:13:40,094 INFO  storage.RaftStorage (RaftStorage.java:format(75)) - Storage directory /opt/src/hadoop-ozone/tools/target/test-dir/MiniOzoneClusterImpl-e94527aa-b262-435e-bbae-d49858bde5e2/datanode-2/data/ratis/6f58c684-012b-4c29-baf7-07376caaabf5 has been successfully formatted.
2019-06-18 08:13:40,094 INFO  ratis.ContainerStateMachine (ContainerStateMachine.java:loadSnapshot(199)) - The snapshot info is null.Setting the last applied index to:(t:0, i:~)
2019-06-18 08:13:40,094 INFO  server.RaftServerConfigKeys (ConfUtils.java:logGet(43)) - raft.server.leader.election.timeout = 120s (custom)
2019-06-18 08:13:40,094 INFO  server.RaftServerConfigKeys (ConfUtils.java:logGet(43)) - raft.server.log.use.memory = false (default)
2019-06-18 08:13:40,095 INFO  storage.RaftStorageDirectory (RaftStorageDirectory.java:tryLock(328)) - Lock on /opt/src/hadoop-ozone/tools/target/test-dir/MiniOzoneClusterImpl-e94527aa-b262-435e-bbae-d49858bde5e2/datanode-1/data/ratis/6f58c684-012b-4c29-baf7-07376caaabf5/in_use.lock acquired by nodename 18156@ozone-unit-076618677d3lpq9h-681410723
2019-06-18 08:13:40,095 INFO  server.RaftServerConfigKeys (ConfUtils.java:logGet(43)) - raft.server.log.appender.buffer.byte-limit = 33554432 (custom)
2019-06-18 08:13:40,095 INFO  server.RaftServerConfigKeys (ConfUtils.java:logGet(43)) - raft.server.log.segment.size.max = 16384 (custom)
2019-06-18 08:13:40,095 INFO  server.RaftServerConfigKeys (ConfUtils.java:logGet(43)) - raft.server.log.segment.cache.num.max = 2 (custom)
2019-06-18 08:13:40,095 INFO  storage.RaftLogWorker (RaftLogWorker.java:<init>(123)) - new dee551ab-dafc-4ad4-a4f3-2f095cdea451-RaftLogWorker for Storage Directory /opt/src/hadoop-ozone/tools/target/test-dir/MiniOzoneClusterImpl-e94527aa-b262-435e-bbae-d49858bde5e2/datanode-2/data/ratis/6f58c684-012b-4c29-baf7-07376caaabf5
2019-06-18 08:13:40,095 INFO  server.RaftServerConfigKeys (ConfUtils.java:logGet(43)) - raft.server.log.queue.byte-limit = 2147483647 (custom)
2019-06-18 08:13:40,095 INFO  server.RaftServerConfigKeys (ConfUtils.java:logGet(43)) - raft.server.log.queue.element-limit = 1024 (custom)
2019-06-18 08:13:40,095 INFO  server.RaftServerConfigKeys (ConfUtils.java:logGet(43)) - raft.server.log.segment.size.max = 16384 (custom)
2019-06-18 08:13:40,096 INFO  server.RaftServerConfigKeys (ConfUtils.java:logGet(43)) - raft.server.log.preallocated.size = 16384 (custom)
2019-06-18 08:13:40,096 INFO  server.RaftServerConfigKeys (ConfUtils.java:logGet(43)) - raft.server.log.write.buffer.size = 33554432 (custom)
2019-06-18 08:13:40,096 INFO  server.RaftServerConfigKeys (ConfUtils.java:logGet(43)) - raft.server.log.force.sync.num = 128 (default)
2019-06-18 08:13:40,096 INFO  server.RaftServerConfigKeys (ConfUtils.java:logGet(43)) - raft.server.log.statemachine.data.sync = true (default)
2019-06-18 08:13:40,096 INFO  storage.RaftStorage (RaftStorage.java:format(75)) - Storage directory /opt/src/hadoop-ozone/tools/target/test-dir/MiniOzoneClusterImpl-e94527aa-b262-435e-bbae-d49858bde5e2/datanode-0/data/ratis/6f58c684-012b-4c29-baf7-07376caaabf5 has been successfully formatted.
2019-06-18 08:13:40,096 INFO  server.RaftServerConfigKeys (ConfUtils.java:logGet(43)) - raft.server.log.statemachine.data.sync.timeout = 10s (default)
2019-06-18 08:13:40,096 INFO  server.RaftServerConfigKeys (ConfUtils.java:logGet(43)) - raft.server.log.statemachine.data.sync.timeout.retry = -1 (default)
2019-06-18 08:13:40,097 INFO  server.RaftServerConfigKeys (ConfUtils.java:logGet(43)) - raft.server.log.statemachine.data.caching.enabled = true (custom)
2019-06-18 08:13:40,097 INFO  ratis.ContainerStateMachine (ContainerStateMachine.java:loadSnapshot(199)) - The snapshot info is null.Setting the last applied index to:(t:0, i:~)
2019-06-18 08:13:40,097 INFO  server.RaftServerConfigKeys (ConfUtils.java:logGet(43)) - raft.server.leader.election.timeout = 120s (custom)
2019-06-18 08:13:40,097 INFO  storage.RaftStorage (RaftStorage.java:format(75)) - Storage directory /opt/src/hadoop-ozone/tools/target/test-dir/MiniOzoneClusterImpl-e94527aa-b262-435e-bbae-d49858bde5e2/datanode-1/data/ratis/6f58c684-012b-4c29-baf7-07376caaabf5 has been successfully formatted.
2019-06-18 08:13:40,097 INFO  server.RaftServerConfigKeys (ConfUtils.java:logGet(43)) - raft.server.log.use.memory = false (default)
2019-06-18 08:13:40,098 INFO  ratis.ContainerStateMachine (ContainerStateMachine.java:loadSnapshot(199)) - The snapshot info is null.Setting the last applied index to:(t:0, i:~)
2019-06-18 08:13:40,098 INFO  server.RaftServerConfigKeys (ConfUtils.java:logGet(43)) - raft.server.log.appender.buffer.byte-limit = 33554432 (custom)
2019-06-18 08:13:40,098 INFO  server.RaftServerConfigKeys (ConfUtils.java:logGet(43)) - raft.server.leader.election.timeout = 120s (custom)
2019-06-18 08:13:40,098 INFO  server.RaftServerConfigKeys (ConfUtils.java:logGet(43)) - raft.server.log.segment.size.max = 16384 (custom)
2019-06-18 08:13:40,098 INFO  server.RaftServerConfigKeys (ConfUtils.java:logGet(43)) - raft.server.log.use.memory = false (default)
2019-06-18 08:13:40,098 INFO  server.RaftServerConfigKeys (ConfUtils.java:logGet(43)) - raft.server.log.segment.cache.num.max = 2 (custom)
2019-06-18 08:13:40,098 INFO  server.RaftServerConfigKeys (ConfUtils.java:logGet(43)) - raft.server.log.appender.buffer.byte-limit = 33554432 (custom)
2019-06-18 08:13:40,099 INFO  server.RaftServerConfigKeys (ConfUtils.java:logGet(43)) - raft.server.snapshot.auto.trigger.enabled = true (custom)
2019-06-18 08:13:40,099 INFO  server.RaftServerConfigKeys (ConfUtils.java:logGet(43)) - raft.server.snapshot.auto.trigger.threshold = 10000 (custom)
2019-06-18 08:13:40,099 INFO  server.RaftServerConfigKeys (ConfUtils.java:logGet(43)) - raft.server.retrycache.expirytime = 600000ms (custom)
2019-06-18 08:13:40,099 INFO  impl.RaftServerImpl (RaftServerImpl.java:start(173)) - dee551ab-dafc-4ad4-a4f3-2f095cdea451: start group-07376CAAABF5
2019-06-18 08:13:40,099 INFO  impl.RaftServerImpl (RaftServerImpl.java:setRole(164)) - dee551ab-dafc-4ad4-a4f3-2f095cdea451:group-07376CAAABF5 changes role from null to FOLLOWER at term 0 for startAsFollower
2019-06-18 08:13:40,099 INFO  impl.RoleInfo (RoleInfo.java:updateAndGet(143)) - dee551ab-dafc-4ad4-a4f3-2f095cdea451: start FollowerState
2019-06-18 08:13:40,099 INFO  storage.RaftLogWorker (RaftLogWorker.java:<init>(123)) - new 8976fcc7-37a0-4165-bdeb-dce5d7cf7cf9-RaftLogWorker for Storage Directory /opt/src/hadoop-ozone/tools/target/test-dir/MiniOzoneClusterImpl-e94527aa-b262-435e-bbae-d49858bde5e2/datanode-0/data/ratis/6f58c684-012b-4c29-baf7-07376caaabf5
2019-06-18 08:13:40,100 INFO  server.RaftServerConfigKeys (ConfUtils.java:logGet(43)) - raft.server.log.queue.byte-limit = 2147483647 (custom)
2019-06-18 08:13:40,100 INFO  server.RaftServerConfigKeys (ConfUtils.java:logGet(43)) - raft.server.log.queue.element-limit = 1024 (custom)
2019-06-18 08:13:40,100 INFO  server.RaftServerConfigKeys (ConfUtils.java:logGet(43)) - raft.server.log.segment.size.max = 16384 (custom)
2019-06-18 08:13:40,100 INFO  server.RaftServerConfigKeys (ConfUtils.java:logGet(43)) - raft.server.log.preallocated.size = 16384 (custom)
2019-06-18 08:13:40,100 INFO  server.RaftServerConfigKeys (ConfUtils.java:logGet(43)) - raft.server.log.write.buffer.size = 33554432 (custom)
2019-06-18 08:13:40,100 INFO  server.RaftServerConfigKeys (ConfUtils.java:logGet(43)) - raft.server.log.force.sync.num = 128 (default)
2019-06-18 08:13:40,100 INFO  server.RaftServerConfigKeys (ConfUtils.java:logGet(43)) - raft.server.log.statemachine.data.sync = true (default)
2019-06-18 08:13:40,100 INFO  server.RaftServerConfigKeys (ConfUtils.java:logGet(43)) - raft.server.log.statemachine.data.sync.timeout = 10s (default)
2019-06-18 08:13:40,101 INFO  server.RaftServerConfigKeys (ConfUtils.java:logGet(43)) - raft.server.log.statemachine.data.sync.timeout.retry = -1 (default)
2019-06-18 08:13:40,101 INFO  server.RaftServerConfigKeys (ConfUtils.java:logGet(43)) - raft.server.log.statemachine.data.caching.enabled = true (custom)
2019-06-18 08:13:40,099 INFO  server.RaftServerConfigKeys (ConfUtils.java:logGet(43)) - raft.server.log.segment.size.max = 16384 (custom)
2019-06-18 08:13:40,100 INFO  util.JmxRegister (JmxRegister.java:tryRegister(44)) - Successfully registered JMX Bean with object name Ratis:service=RaftServer,group=group-07376CAAABF5,id=dee551ab-dafc-4ad4-a4f3-2f095cdea451
2019-06-18 08:13:40,101 INFO  server.RaftServerConfigKeys (ConfUtils.java:logGet(43)) - raft.server.snapshot.auto.trigger.enabled = true (custom)
2019-06-18 08:13:40,101 INFO  server.RaftServerConfigKeys (ConfUtils.java:logGet(43)) - raft.server.snapshot.auto.trigger.threshold = 10000 (custom)
2019-06-18 08:13:40,101 INFO  server.RaftServerConfigKeys (ConfUtils.java:logGet(43)) - raft.server.log.segment.cache.num.max = 2 (custom)
2019-06-18 08:13:40,102 INFO  storage.RaftLogWorker (RaftLogWorker.java:<init>(123)) - new 0cda194b-8887-43cf-827b-c90e8715af19-RaftLogWorker for Storage Directory /opt/src/hadoop-ozone/tools/target/test-dir/MiniOzoneClusterImpl-e94527aa-b262-435e-bbae-d49858bde5e2/datanode-1/data/ratis/6f58c684-012b-4c29-baf7-07376caaabf5
2019-06-18 08:13:40,102 INFO  server.RaftServerConfigKeys (ConfUtils.java:logGet(43)) - raft.server.log.queue.byte-limit = 2147483647 (custom)
2019-06-18 08:13:40,102 INFO  server.RaftServerConfigKeys (ConfUtils.java:logGet(43)) - raft.server.log.queue.element-limit = 1024 (custom)
2019-06-18 08:13:40,102 INFO  server.RaftServerConfigKeys (ConfUtils.java:logGet(43)) - raft.server.log.segment.size.max = 16384 (custom)
2019-06-18 08:13:40,102 INFO  server.RaftServerConfigKeys (ConfUtils.java:logGet(43)) - raft.server.log.preallocated.size = 16384 (custom)
2019-06-18 08:13:40,102 INFO  server.RaftServerConfigKeys (ConfUtils.java:logGet(43)) - raft.server.log.write.buffer.size = 33554432 (custom)
2019-06-18 08:13:40,102 INFO  server.RaftServerConfigKeys (ConfUtils.java:logGet(43)) - raft.server.log.force.sync.num = 128 (default)
2019-06-18 08:13:40,103 INFO  server.RaftServerConfigKeys (ConfUtils.java:logGet(43)) - raft.server.log.statemachine.data.sync = true (default)
2019-06-18 08:13:40,103 INFO  server.RaftServerConfigKeys (ConfUtils.java:logGet(43)) - raft.server.log.statemachine.data.sync.timeout = 10s (default)
2019-06-18 08:13:40,103 INFO  server.RaftServerConfigKeys (ConfUtils.java:logGet(43)) - raft.server.log.statemachine.data.sync.timeout.retry = -1 (default)
2019-06-18 08:13:40,106 INFO  server.RaftServerConfigKeys (ConfUtils.java:logGet(43)) - raft.server.log.statemachine.data.caching.enabled = true (custom)
2019-06-18 08:13:40,106 INFO  server.RaftServerConfigKeys (ConfUtils.java:logGet(43)) - raft.server.retrycache.expirytime = 600000ms (custom)
2019-06-18 08:13:40,106 INFO  impl.RaftServerImpl (RaftServerImpl.java:start(173)) - 8976fcc7-37a0-4165-bdeb-dce5d7cf7cf9: start group-07376CAAABF5
2019-06-18 08:13:40,106 INFO  impl.RaftServerImpl (RaftServerImpl.java:setRole(164)) - 8976fcc7-37a0-4165-bdeb-dce5d7cf7cf9:group-07376CAAABF5 changes role from null to FOLLOWER at term 0 for startAsFollower
2019-06-18 08:13:40,107 INFO  impl.RoleInfo (RoleInfo.java:updateAndGet(143)) - 8976fcc7-37a0-4165-bdeb-dce5d7cf7cf9: start FollowerState
2019-06-18 08:13:40,107 INFO  server.RaftServerConfigKeys (ConfUtils.java:logGet(43)) - raft.server.snapshot.auto.trigger.enabled = true (custom)
2019-06-18 08:13:40,107 INFO  server.RaftServerConfigKeys (ConfUtils.java:logGet(43)) - raft.server.snapshot.auto.trigger.threshold = 10000 (custom)
2019-06-18 08:13:40,107 INFO  server.RaftServerConfigKeys (ConfUtils.java:logGet(43)) - raft.server.retrycache.expirytime = 600000ms (custom)
2019-06-18 08:13:40,108 INFO  util.JmxRegister (JmxRegister.java:tryRegister(44)) - Successfully registered JMX Bean with object name Ratis:service=RaftServer,group=group-07376CAAABF5,id=8976fcc7-37a0-4165-bdeb-dce5d7cf7cf9
2019-06-18 08:13:40,108 INFO  impl.RaftServerImpl (RaftServerImpl.java:start(173)) - 0cda194b-8887-43cf-827b-c90e8715af19: start group-07376CAAABF5
2019-06-18 08:13:40,108 INFO  impl.RaftServerImpl (RaftServerImpl.java:setRole(164)) - 0cda194b-8887-43cf-827b-c90e8715af19:group-07376CAAABF5 changes role from null to FOLLOWER at term 0 for startAsFollower
2019-06-18 08:13:40,108 INFO  impl.RoleInfo (RoleInfo.java:updateAndGet(143)) - 0cda194b-8887-43cf-827b-c90e8715af19: start FollowerState
2019-06-18 08:13:40,109 INFO  util.JmxRegister (JmxRegister.java:tryRegister(44)) - Successfully registered JMX Bean with object name Ratis:service=RaftServer,group=group-07376CAAABF5,id=0cda194b-8887-43cf-827b-c90e8715af19
2019-06-18 08:13:40,118 INFO  pipeline.PipelineStateManager (PipelineStateManager.java:addPipeline(56)) - Created pipeline Pipeline[ Id: 6f58c684-012b-4c29-baf7-07376caaabf5, Nodes: 0cda194b-8887-43cf-827b-c90e8715af19{ip: 192.168.134.80, host: ozone-unit-076618677d3lpq9h-681410723, networkLocation: /default-rack, certSerialId: null}dee551ab-dafc-4ad4-a4f3-2f095cdea451{ip: 192.168.134.80, host: ozone-unit-076618677d3lpq9h-681410723, networkLocation: /default-rack, certSerialId: null}8976fcc7-37a0-4165-bdeb-dce5d7cf7cf9{ip: 192.168.134.80, host: ozone-unit-076618677d3lpq9h-681410723, networkLocation: /default-rack, certSerialId: null}, Type:RATIS, Factor:THREE, State:OPEN]
2019-06-18 08:13:40,792 INFO  impl.FollowerState (FollowerState.java:run(101)) - 8976fcc7-37a0-4165-bdeb-dce5d7cf7cf9:group-B82C4CD6C14C changes to CANDIDATE, lastRpcTime:1063, electionTimeout:1063ms
2019-06-18 08:13:40,792 INFO  impl.RoleInfo (RoleInfo.java:shutdownFollowerState(121)) - 8976fcc7-37a0-4165-bdeb-dce5d7cf7cf9: shutdown FollowerState
2019-06-18 08:13:40,792 INFO  impl.RaftServerImpl (RaftServerImpl.java:setRole(164)) - 8976fcc7-37a0-4165-bdeb-dce5d7cf7cf9:group-B82C4CD6C14C changes role from FOLLOWER to CANDIDATE at term 0 for changeToCandidate
2019-06-18 08:13:40,793 INFO  impl.RoleInfo (RoleInfo.java:updateAndGet(143)) - 8976fcc7-37a0-4165-bdeb-dce5d7cf7cf9: start LeaderElection
2019-06-18 08:13:40,799 INFO  impl.LeaderElection (LeaderElection.java:askForVotes(181)) - 8976fcc7-37a0-4165-bdeb-dce5d7cf7cf9:group-B82C4CD6C14C:LeaderElection1: begin an election at term 1 for -1: [8976fcc7-37a0-4165-bdeb-dce5d7cf7cf9:192.168.134.80:36727], old=null
2019-06-18 08:13:40,801 INFO  impl.RoleInfo (RoleInfo.java:shutdownLeaderElection(134)) - 8976fcc7-37a0-4165-bdeb-dce5d7cf7cf9: shutdown LeaderElection
2019-06-18 08:13:40,801 INFO  impl.RaftServerImpl (RaftServerImpl.java:setRole(164)) - 8976fcc7-37a0-4165-bdeb-dce5d7cf7cf9:group-B82C4CD6C14C changes role from CANDIDATE to LEADER at term 1 for changeToLeader
2019-06-18 08:13:40,801 INFO  impl.RaftServerImpl (ServerState.java:setLeader(263)) - 8976fcc7-37a0-4165-bdeb-dce5d7cf7cf9:group-B82C4CD6C14C change Leader from null to 8976fcc7-37a0-4165-bdeb-dce5d7cf7cf9 at term 1 for becomeLeader, leader elected after 1118ms
2019-06-18 08:13:40,805 INFO  server.RaftServerConfigKeys (ConfUtils.java:logGet(43)) - raft.server.staging.catchup.gap = 1000 (default)
2019-06-18 08:13:40,805 INFO  server.RaftServerConfigKeys (ConfUtils.java:logGet(43)) - raft.server.rpc.sleep.time = 25ms (default)
2019-06-18 08:13:40,807 INFO  server.RaftServerConfigKeys (ConfUtils.java:logGet(43)) - raft.server.watch.timeout = 10s (default)
2019-06-18 08:13:40,807 INFO  server.RaftServerConfigKeys (ConfUtils.java:logGet(43)) - raft.server.watch.timeout.denomination = 1s (default)
2019-06-18 08:13:40,813 INFO  impl.RoleInfo (RoleInfo.java:updateAndGet(143)) - 8976fcc7-37a0-4165-bdeb-dce5d7cf7cf9: start LeaderState
2019-06-18 08:13:40,826 INFO  storage.RaftLogWorker (RaftLogWorker.java:startLogSegment(298)) - 8976fcc7-37a0-4165-bdeb-dce5d7cf7cf9-RaftLogWorker: Starting segment from index:0
2019-06-18 08:13:40,832 INFO  impl.RaftServerImpl (ServerState.java:setRaftConf(361)) - 8976fcc7-37a0-4165-bdeb-dce5d7cf7cf9:group-B82C4CD6C14C set configuration 0: [8976fcc7-37a0-4165-bdeb-dce5d7cf7cf9:192.168.134.80:36727], old=null at 0
2019-06-18 08:13:40,960 INFO  storage.RaftLogWorker (RaftLogWorker.java:execute(469)) - 8976fcc7-37a0-4165-bdeb-dce5d7cf7cf9-RaftLogWorker: created new log segment /opt/src/hadoop-ozone/tools/target/test-dir/MiniOzoneClusterImpl-e94527aa-b262-435e-bbae-d49858bde5e2/datanode-0/data/ratis/352e6129-2700-465c-bd4b-b82c4cd6c14c/current/log_inprogress_0
2019-06-18 08:13:41,023 INFO  ozone.MiniOzoneClusterImpl (MiniOzoneClusterImpl.java:lambda$waitForClusterToBeReady$0(142)) - Cluster is ready. Got 3 of 3 DN Heartbeats.
2019-06-18 08:13:41,041 INFO  impl.FollowerState (FollowerState.java:run(101)) - 0cda194b-8887-43cf-827b-c90e8715af19:group-BEFBC295067F changes to CANDIDATE, lastRpcTime:1076, electionTimeout:1076ms
2019-06-18 08:13:41,042 INFO  impl.RoleInfo (RoleInfo.java:shutdownFollowerState(121)) - 0cda194b-8887-43cf-827b-c90e8715af19: shutdown FollowerState
2019-06-18 08:13:41,042 INFO  impl.RaftServerImpl (RaftServerImpl.java:setRole(164)) - 0cda194b-8887-43cf-827b-c90e8715af19:group-BEFBC295067F changes role from FOLLOWER to CANDIDATE at term 0 for changeToCandidate
2019-06-18 08:13:41,043 INFO  impl.RoleInfo (RoleInfo.java:updateAndGet(143)) - 0cda194b-8887-43cf-827b-c90e8715af19: start LeaderElection
2019-06-18 08:13:41,047 INFO  impl.LeaderElection (LeaderElection.java:askForVotes(181)) - 0cda194b-8887-43cf-827b-c90e8715af19:group-BEFBC295067F:LeaderElection2: begin an election at term 1 for -1: [0cda194b-8887-43cf-827b-c90e8715af19:192.168.134.80:44369], old=null
2019-06-18 08:13:41,054 INFO  impl.RoleInfo (RoleInfo.java:shutdownLeaderElection(134)) - 0cda194b-8887-43cf-827b-c90e8715af19: shutdown LeaderElection
2019-06-18 08:13:41,054 INFO  impl.RaftServerImpl (RaftServerImpl.java:setRole(164)) - 0cda194b-8887-43cf-827b-c90e8715af19:group-BEFBC295067F changes role from CANDIDATE to LEADER at term 1 for changeToLeader
2019-06-18 08:13:41,054 INFO  impl.RaftServerImpl (ServerState.java:setLeader(263)) - 0cda194b-8887-43cf-827b-c90e8715af19:group-BEFBC295067F change Leader from null to 0cda194b-8887-43cf-827b-c90e8715af19 at term 1 for becomeLeader, leader elected after 1093ms
2019-06-18 08:13:41,054 INFO  server.RaftServerConfigKeys (ConfUtils.java:logGet(43)) - raft.server.staging.catchup.gap = 1000 (default)
2019-06-18 08:13:41,055 INFO  server.RaftServerConfigKeys (ConfUtils.java:logGet(43)) - raft.server.rpc.sleep.time = 25ms (default)
2019-06-18 08:13:41,055 INFO  server.RaftServerConfigKeys (ConfUtils.java:logGet(43)) - raft.server.watch.timeout = 10s (default)
2019-06-18 08:13:41,055 INFO  server.RaftServerConfigKeys (ConfUtils.java:logGet(43)) - raft.server.watch.timeout.denomination = 1s (default)
2019-06-18 08:13:41,055 INFO  impl.RoleInfo (RoleInfo.java:updateAndGet(143)) - 0cda194b-8887-43cf-827b-c90e8715af19: start LeaderState
2019-06-18 08:13:41,055 INFO  storage.RaftLogWorker (RaftLogWorker.java:startLogSegment(298)) - 0cda194b-8887-43cf-827b-c90e8715af19-RaftLogWorker: Starting segment from index:0
2019-06-18 08:13:41,060 INFO  impl.RaftServerImpl (ServerState.java:setRaftConf(361)) - 0cda194b-8887-43cf-827b-c90e8715af19:group-BEFBC295067F set configuration 0: [0cda194b-8887-43cf-827b-c90e8715af19:192.168.134.80:44369], old=null at 0
2019-06-18 08:13:41,098 INFO  storage.RaftLogWorker (RaftLogWorker.java:execute(469)) - 0cda194b-8887-43cf-827b-c90e8715af19-RaftLogWorker: created new log segment /opt/src/hadoop-ozone/tools/target/test-dir/MiniOzoneClusterImpl-e94527aa-b262-435e-bbae-d49858bde5e2/datanode-1/data/ratis/58084e51-4faa-4c0c-a706-befbc295067f/current/log_inprogress_0
2019-06-18 08:13:41,106 INFO  impl.FollowerState (FollowerState.java:run(101)) - dee551ab-dafc-4ad4-a4f3-2f095cdea451:group-B9ED9FF24ACA changes to CANDIDATE, lastRpcTime:1053, electionTimeout:1053ms
2019-06-18 08:13:41,106 INFO  impl.RoleInfo (RoleInfo.java:shutdownFollowerState(121)) - dee551ab-dafc-4ad4-a4f3-2f095cdea451: shutdown FollowerState
2019-06-18 08:13:41,106 INFO  impl.RaftServerImpl (RaftServerImpl.java:setRole(164)) - dee551ab-dafc-4ad4-a4f3-2f095cdea451:group-B9ED9FF24ACA changes role from FOLLOWER to CANDIDATE at term 0 for changeToCandidate
2019-06-18 08:13:41,106 INFO  impl.RoleInfo (RoleInfo.java:updateAndGet(143)) - dee551ab-dafc-4ad4-a4f3-2f095cdea451: start LeaderElection
2019-06-18 08:13:41,112 INFO  impl.LeaderElection (LeaderElection.java:askForVotes(181)) - dee551ab-dafc-4ad4-a4f3-2f095cdea451:group-B9ED9FF24ACA:LeaderElection3: begin an election at term 1 for -1: [dee551ab-dafc-4ad4-a4f3-2f095cdea451:192.168.134.80:40137], old=null
2019-06-18 08:13:41,112 INFO  impl.RoleInfo (RoleInfo.java:shutdownLeaderElection(134)) - dee551ab-dafc-4ad4-a4f3-2f095cdea451: shutdown LeaderElection
2019-06-18 08:13:41,113 INFO  impl.RaftServerImpl (RaftServerImpl.java:setRole(164)) - dee551ab-dafc-4ad4-a4f3-2f095cdea451:group-B9ED9FF24ACA changes role from CANDIDATE to LEADER at term 1 for changeToLeader
2019-06-18 08:13:41,113 INFO  impl.RaftServerImpl (ServerState.java:setLeader(263)) - dee551ab-dafc-4ad4-a4f3-2f095cdea451:group-B9ED9FF24ACA change Leader from null to dee551ab-dafc-4ad4-a4f3-2f095cdea451 at term 1 for becomeLeader, leader elected after 1063ms
2019-06-18 08:13:41,113 INFO  server.RaftServerConfigKeys (ConfUtils.java:logGet(43)) - raft.server.staging.catchup.gap = 1000 (default)
2019-06-18 08:13:41,113 INFO  server.RaftServerConfigKeys (ConfUtils.java:logGet(43)) - raft.server.rpc.sleep.time = 25ms (default)
2019-06-18 08:13:41,113 INFO  server.RaftServerConfigKeys (ConfUtils.java:logGet(43)) - raft.server.watch.timeout = 10s (default)
2019-06-18 08:13:41,113 INFO  server.RaftServerConfigKeys (ConfUtils.java:logGet(43)) - raft.server.watch.timeout.denomination = 1s (default)
2019-06-18 08:13:41,113 INFO  impl.RoleInfo (RoleInfo.java:updateAndGet(143)) - dee551ab-dafc-4ad4-a4f3-2f095cdea451: start LeaderState
2019-06-18 08:13:41,114 INFO  storage.RaftLogWorker (RaftLogWorker.java:startLogSegment(298)) - dee551ab-dafc-4ad4-a4f3-2f095cdea451-RaftLogWorker: Starting segment from index:0
2019-06-18 08:13:41,130 INFO  impl.RaftServerImpl (ServerState.java:setRaftConf(361)) - dee551ab-dafc-4ad4-a4f3-2f095cdea451:group-B9ED9FF24ACA set configuration 0: [dee551ab-dafc-4ad4-a4f3-2f095cdea451:192.168.134.80:40137], old=null at 0
2019-06-18 08:13:41,158 INFO  storage.RaftLogWorker (RaftLogWorker.java:execute(469)) - dee551ab-dafc-4ad4-a4f3-2f095cdea451-RaftLogWorker: created new log segment /opt/src/hadoop-ozone/tools/target/test-dir/MiniOzoneClusterImpl-e94527aa-b262-435e-bbae-d49858bde5e2/datanode-2/data/ratis/0d4fde14-d10f-473e-acb4-b9ed9ff24aca/current/log_inprogress_0
2019-06-18 08:13:41,186 INFO  impl.FollowerState (FollowerState.java:run(101)) - 0cda194b-8887-43cf-827b-c90e8715af19:group-07376CAAABF5 changes to CANDIDATE, lastRpcTime:1078, electionTimeout:1078ms
2019-06-18 08:13:41,186 INFO  impl.RoleInfo (RoleInfo.java:shutdownFollowerState(121)) - 0cda194b-8887-43cf-827b-c90e8715af19: shutdown FollowerState
2019-06-18 08:13:41,186 INFO  impl.RaftServerImpl (RaftServerImpl.java:setRole(164)) - 0cda194b-8887-43cf-827b-c90e8715af19:group-07376CAAABF5 changes role from FOLLOWER to CANDIDATE at term 0 for changeToCandidate
2019-06-18 08:13:41,187 INFO  impl.RoleInfo (RoleInfo.java:updateAndGet(143)) - 0cda194b-8887-43cf-827b-c90e8715af19: start LeaderElection
2019-06-18 08:13:41,205 INFO  impl.LeaderElection (LeaderElection.java:askForVotes(181)) - 0cda194b-8887-43cf-827b-c90e8715af19:group-07376CAAABF5:LeaderElection4: begin an election at term 1 for -1: [dee551ab-dafc-4ad4-a4f3-2f095cdea451:192.168.134.80:40137, 8976fcc7-37a0-4165-bdeb-dce5d7cf7cf9:192.168.134.80:36727, 0cda194b-8887-43cf-827b-c90e8715af19:192.168.134.80:44369], old=null
2019-06-18 08:13:41,248 INFO  impl.RaftServerImpl (RaftServerImpl.java:setRole(164)) - 8976fcc7-37a0-4165-bdeb-dce5d7cf7cf9:group-07376CAAABF5 changes role from FOLLOWER to FOLLOWER at term 1 for recognizeCandidate:0cda194b-8887-43cf-827b-c90e8715af19
2019-06-18 08:13:41,248 INFO  impl.RoleInfo (RoleInfo.java:shutdownFollowerState(121)) - 8976fcc7-37a0-4165-bdeb-dce5d7cf7cf9: shutdown FollowerState
2019-06-18 08:13:41,248 INFO  impl.RoleInfo (RoleInfo.java:updateAndGet(143)) - 8976fcc7-37a0-4165-bdeb-dce5d7cf7cf9: start FollowerState
2019-06-18 08:13:41,248 INFO  impl.RaftServerImpl (RaftServerImpl.java:setRole(164)) - dee551ab-dafc-4ad4-a4f3-2f095cdea451:group-07376CAAABF5 changes role from FOLLOWER to FOLLOWER at term 1 for recognizeCandidate:0cda194b-8887-43cf-827b-c90e8715af19
2019-06-18 08:13:41,248 INFO  impl.RoleInfo (RoleInfo.java:shutdownFollowerState(121)) - dee551ab-dafc-4ad4-a4f3-2f095cdea451: shutdown FollowerState
2019-06-18 08:13:41,248 INFO  impl.FollowerState (FollowerState.java:run(109)) - 8976fcc7-37a0-4165-bdeb-dce5d7cf7cf9: FollowerState was interrupted: java.lang.InterruptedException: sleep interrupted
2019-06-18 08:13:41,249 INFO  impl.FollowerState (FollowerState.java:run(109)) - dee551ab-dafc-4ad4-a4f3-2f095cdea451: FollowerState was interrupted: java.lang.InterruptedException: sleep interrupted
2019-06-18 08:13:41,249 INFO  impl.RoleInfo (RoleInfo.java:updateAndGet(143)) - dee551ab-dafc-4ad4-a4f3-2f095cdea451: start FollowerState
2019-06-18 08:13:41,261 INFO  impl.LeaderElection (LeaderElection.java:logAndReturn(56)) - 0cda194b-8887-43cf-827b-c90e8715af19:group-07376CAAABF5:LeaderElection4: Election PASSED; received 1 response(s) [0cda194b-8887-43cf-827b-c90e8715af19->8976fcc7-37a0-4165-bdeb-dce5d7cf7cf9,true-t1] and 0 exception(s); 0cda194b-8887-43cf-827b-c90e8715af19:t1, leader=null, voted=0cda194b-8887-43cf-827b-c90e8715af19, raftlog=0cda194b-8887-43cf-827b-c90e8715af19-SegmentedRaftLog:OPENED:c-1,f-1,i0, conf=-1: [dee551ab-dafc-4ad4-a4f3-2f095cdea451:192.168.134.80:40137, 8976fcc7-37a0-4165-bdeb-dce5d7cf7cf9:192.168.134.80:36727, 0cda194b-8887-43cf-827b-c90e8715af19:192.168.134.80:44369], old=null
2019-06-18 08:13:41,261 INFO  impl.RoleInfo (RoleInfo.java:shutdownLeaderElection(134)) - 0cda194b-8887-43cf-827b-c90e8715af19: shutdown LeaderElection
2019-06-18 08:13:41,262 INFO  impl.RaftServerImpl (RaftServerImpl.java:setRole(164)) - 0cda194b-8887-43cf-827b-c90e8715af19:group-07376CAAABF5 changes role from CANDIDATE to LEADER at term 1 for changeToLeader
2019-06-18 08:13:41,262 INFO  impl.RaftServerImpl (ServerState.java:setLeader(263)) - 0cda194b-8887-43cf-827b-c90e8715af19:group-07376CAAABF5 change Leader from null to 0cda194b-8887-43cf-827b-c90e8715af19 at term 1 for becomeLeader, leader elected after 1163ms
2019-06-18 08:13:41,262 INFO  server.RaftServerConfigKeys (ConfUtils.java:logGet(43)) - raft.server.staging.catchup.gap = 1000 (default)
2019-06-18 08:13:41,262 INFO  server.RaftServerConfigKeys (ConfUtils.java:logGet(43)) - raft.server.rpc.sleep.time = 25ms (default)
2019-06-18 08:13:41,262 INFO  server.RaftServerConfigKeys (ConfUtils.java:logGet(43)) - raft.server.watch.timeout = 10s (default)
2019-06-18 08:13:41,262 INFO  server.RaftServerConfigKeys (ConfUtils.java:logGet(43)) - raft.server.watch.timeout.denomination = 1s (default)
2019-06-18 08:13:41,267 INFO  server.RaftServerConfigKeys (ConfUtils.java:logGet(43)) - raft.server.log.appender.snapshot.chunk.size.max = 16MB (=16777216) (default)
2019-06-18 08:13:41,267 INFO  server.RaftServerConfigKeys (ConfUtils.java:logGet(43)) - raft.server.log.appender.buffer.byte-limit = 33554432 (custom)
2019-06-18 08:13:41,268 INFO  server.RaftServerConfigKeys (ConfUtils.java:logGet(43)) - raft.server.log.appender.buffer.element-limit = 1 (custom)
2019-06-18 08:13:41,269 INFO  grpc.GrpcConfigKeys$Server (ConfUtils.java:logGet(43)) - raft.grpc.server.leader.outstanding.appends.max = 128 (default)
2019-06-18 08:13:41,269 INFO  server.RaftServerConfigKeys (ConfUtils.java:logGet(43)) - raft.server.rpc.request.timeout = 3000ms (default)
2019-06-18 08:13:41,269 INFO  server.RaftServerConfigKeys (ConfUtils.java:logGet(43)) - raft.server.log.appender.install.snapshot.enabled = true (default)
2019-06-18 08:13:41,269 INFO  server.RaftServerConfigKeys (ConfUtils.java:logGet(43)) - raft.server.log.appender.snapshot.chunk.size.max = 16MB (=16777216) (default)
2019-06-18 08:13:41,271 INFO  server.RaftServerConfigKeys (ConfUtils.java:logGet(43)) - raft.server.log.appender.buffer.byte-limit = 33554432 (custom)
2019-06-18 08:13:41,271 INFO  server.RaftServerConfigKeys (ConfUtils.java:logGet(43)) - raft.server.log.appender.buffer.element-limit = 1 (custom)
2019-06-18 08:13:41,271 INFO  grpc.GrpcConfigKeys$Server (ConfUtils.java:logGet(43)) - raft.grpc.server.leader.outstanding.appends.max = 128 (default)
2019-06-18 08:13:41,271 INFO  server.RaftServerConfigKeys (ConfUtils.java:logGet(43)) - raft.server.rpc.request.timeout = 3000ms (default)
2019-06-18 08:13:41,271 INFO  server.RaftServerConfigKeys (ConfUtils.java:logGet(43)) - raft.server.log.appender.install.snapshot.enabled = true (default)
2019-06-18 08:13:41,271 INFO  impl.RoleInfo (RoleInfo.java:updateAndGet(143)) - 0cda194b-8887-43cf-827b-c90e8715af19: start LeaderState
2019-06-18 08:13:41,272 INFO  storage.RaftLogWorker (RaftLogWorker.java:startLogSegment(298)) - 0cda194b-8887-43cf-827b-c90e8715af19-RaftLogWorker: Starting segment from index:0
2019-06-18 08:13:41,381 INFO  impl.RaftServerImpl (ServerState.java:setRaftConf(361)) - 0cda194b-8887-43cf-827b-c90e8715af19:group-07376CAAABF5 set configuration 0: [dee551ab-dafc-4ad4-a4f3-2f095cdea451:192.168.134.80:40137, 8976fcc7-37a0-4165-bdeb-dce5d7cf7cf9:192.168.134.80:36727, 0cda194b-8887-43cf-827b-c90e8715af19:192.168.134.80:44369], old=null at 0
2019-06-18 08:13:41,381 INFO  storage.RaftLogWorker (RaftLogWorker.java:execute(469)) - 0cda194b-8887-43cf-827b-c90e8715af19-RaftLogWorker: created new log segment /opt/src/hadoop-ozone/tools/target/test-dir/MiniOzoneClusterImpl-e94527aa-b262-435e-bbae-d49858bde5e2/datanode-1/data/ratis/6f58c684-012b-4c29-baf7-07376caaabf5/current/log_inprogress_0
2019-06-18 08:13:41,396 INFO  impl.RaftServerImpl (ServerState.java:setLeader(263)) - 8976fcc7-37a0-4165-bdeb-dce5d7cf7cf9:group-07376CAAABF5 change Leader from null to 0cda194b-8887-43cf-827b-c90e8715af19 at term 1 for appendEntries, leader elected after 1299ms
2019-06-18 08:13:41,404 INFO  impl.RaftServerImpl (ServerState.java:setLeader(263)) - dee551ab-dafc-4ad4-a4f3-2f095cdea451:group-07376CAAABF5 change Leader from null to 0cda194b-8887-43cf-827b-c90e8715af19 at term 1 for appendEntries, leader elected after 1309ms
2019-06-18 08:13:41,448 INFO  impl.RaftServerImpl (ServerState.java:setRaftConf(361)) - 8976fcc7-37a0-4165-bdeb-dce5d7cf7cf9:group-07376CAAABF5 set configuration 0: [dee551ab-dafc-4ad4-a4f3-2f095cdea451:192.168.134.80:40137, 8976fcc7-37a0-4165-bdeb-dce5d7cf7cf9:192.168.134.80:36727, 0cda194b-8887-43cf-827b-c90e8715af19:192.168.134.80:44369], old=null at 0
2019-06-18 08:13:41,448 INFO  impl.RaftServerImpl (ServerState.java:setRaftConf(361)) - dee551ab-dafc-4ad4-a4f3-2f095cdea451:group-07376CAAABF5 set configuration 0: [dee551ab-dafc-4ad4-a4f3-2f095cdea451:192.168.134.80:40137, 8976fcc7-37a0-4165-bdeb-dce5d7cf7cf9:192.168.134.80:36727, 0cda194b-8887-43cf-827b-c90e8715af19:192.168.134.80:44369], old=null at 0
2019-06-18 08:13:41,449 INFO  storage.RaftLogWorker (RaftLogWorker.java:startLogSegment(298)) - dee551ab-dafc-4ad4-a4f3-2f095cdea451-RaftLogWorker: Starting segment from index:0
2019-06-18 08:13:41,448 INFO  storage.RaftLogWorker (RaftLogWorker.java:startLogSegment(298)) - 8976fcc7-37a0-4165-bdeb-dce5d7cf7cf9-RaftLogWorker: Starting segment from index:0
2019-06-18 08:13:41,500 INFO  storage.RaftLogWorker (RaftLogWorker.java:execute(469)) - dee551ab-dafc-4ad4-a4f3-2f095cdea451-RaftLogWorker: created new log segment /opt/src/hadoop-ozone/tools/target/test-dir/MiniOzoneClusterImpl-e94527aa-b262-435e-bbae-d49858bde5e2/datanode-2/data/ratis/6f58c684-012b-4c29-baf7-07376caaabf5/current/log_inprogress_0
2019-06-18 08:13:41,552 INFO  storage.RaftLogWorker (RaftLogWorker.java:execute(469)) - 8976fcc7-37a0-4165-bdeb-dce5d7cf7cf9-RaftLogWorker: created new log segment /opt/src/hadoop-ozone/tools/target/test-dir/MiniOzoneClusterImpl-e94527aa-b262-435e-bbae-d49858bde5e2/datanode-0/data/ratis/6f58c684-012b-4c29-baf7-07376caaabf5/current/log_inprogress_0
2019-06-18 08:13:41,590 INFO  freon.RandomKeyGenerator (RandomKeyGenerator.java:call(261)) - Number of Threads: 10
2019-06-18 08:13:41,591 INFO  freon.RandomKeyGenerator (RandomKeyGenerator.java:call(267)) - Number of Volumes: 1.
2019-06-18 08:13:41,591 INFO  freon.RandomKeyGenerator (RandomKeyGenerator.java:call(268)) - Number of Buckets per Volume: 1.
2019-06-18 08:13:41,591 INFO  freon.RandomKeyGenerator (RandomKeyGenerator.java:call(269)) - Number of Keys per Bucket: 1.
2019-06-18 08:13:41,591 INFO  freon.RandomKeyGenerator (RandomKeyGenerator.java:call(270)) - Key size: 20971520 bytes
2019-06-18 08:13:41,591 INFO  freon.RandomKeyGenerator (RandomKeyGenerator.java:call(271)) - Buffer size: 4096 bytes
2019-06-18 08:13:41,595 INFO  freon.RandomKeyGenerator (RandomKeyGenerator.java:call(287)) - Data validation is enabled.
2019-06-18 08:13:41,597 INFO  freon.RandomKeyGenerator (RandomKeyGenerator.java:call(300)) - Starting progress bar Thread.

 0.00% |█                                                                                                    |  0/1 Time: 0:00:002019-06-18 08:13:41,619 INFO  rpc.RpcClient (RpcClient.java:createVolume(289)) - Creating Volume: vol-0-88048, with jenkins1000 as owner.
2019-06-18 08:13:41,646 INFO  rpc.RpcClient (RpcClient.java:createBucket(426)) - Creating Bucket: vol-0-88048/bucket-0-66239, with Versioning false and Storage Type set to DISK and Encryption set to false 
2019-06-18 08:13:42,064 INFO  client.GrpcClientProtocolClient (GrpcClientProtocolClient.java:onNext(254)) - client-12A0F72FDAB3->0cda194b-8887-43cf-827b-c90e8715af19: receive RaftClientReply:client-12A0F72FDAB3->0cda194b-8887-43cf-827b-c90e8715af19@group-07376CAAABF5, cid=6, SUCCESS, logIndex=1, commits[0cda194b-8887-43cf-827b-c90e8715af19:c1, dee551ab-dafc-4ad4-a4f3-2f095cdea451:c0, 8976fcc7-37a0-4165-bdeb-dce5d7cf7cf9:c0]
2019-06-18 08:13:42,131 INFO  client.GrpcClientProtocolClient (GrpcClientProtocolClient.java:onNext(254)) - client-12A0F72FDAB3->0cda194b-8887-43cf-827b-c90e8715af19: receive RaftClientReply:client-12A0F72FDAB3->0cda194b-8887-43cf-827b-c90e8715af19@group-07376CAAABF5, cid=7, SUCCESS, logIndex=3, commits[0cda194b-8887-43cf-827b-c90e8715af19:c4, dee551ab-dafc-4ad4-a4f3-2f095cdea451:c3, 8976fcc7-37a0-4165-bdeb-dce5d7cf7cf9:c3]
2019-06-18 08:13:42,155 INFO  client.GrpcClientProtocolClient (GrpcClientProtocolClient.java:onNext(254)) - client-12A0F72FDAB3->0cda194b-8887-43cf-827b-c90e8715af19: receive RaftClientReply:client-12A0F72FDAB3->0cda194b-8887-43cf-827b-c90e8715af19@group-07376CAAABF5, cid=8, SUCCESS, logIndex=5, commits[0cda194b-8887-43cf-827b-c90e8715af19:c6, dee551ab-dafc-4ad4-a4f3-2f095cdea451:c4, 8976fcc7-37a0-4165-bdeb-dce5d7cf7cf9:c3]
2019-06-18 08:13:42,160 INFO  client.GrpcClientProtocolClient (GrpcClientProtocolClient.java:onNext(254)) - client-12A0F72FDAB3->0cda194b-8887-43cf-827b-c90e8715af19: receive RaftClientReply:client-12A0F72FDAB3->0cda194b-8887-43cf-827b-c90e8715af19@group-07376CAAABF5, cid=9, SUCCESS, logIndex=6, commits[0cda194b-8887-43cf-827b-c90e8715af19:c6, dee551ab-dafc-4ad4-a4f3-2f095cdea451:c4, 8976fcc7-37a0-4165-bdeb-dce5d7cf7cf9:c4]
2019-06-18 08:13:42,197 INFO  client.GrpcClientProtocolClient (GrpcClientProtocolClient.java:onNext(254)) - client-12A0F72FDAB3->0cda194b-8887-43cf-827b-c90e8715af19: receive RaftClientReply:client-12A0F72FDAB3->0cda194b-8887-43cf-827b-c90e8715af19@group-07376CAAABF5, cid=10, SUCCESS, logIndex=8, commits[0cda194b-8887-43cf-827b-c90e8715af19:c8, dee551ab-dafc-4ad4-a4f3-2f095cdea451:c7, 8976fcc7-37a0-4165-bdeb-dce5d7cf7cf9:c6]
2019-06-18 08:13:42,202 INFO  client.GrpcClientProtocolClient (GrpcClientProtocolClient.java:onNext(254)) - client-12A0F72FDAB3->0cda194b-8887-43cf-827b-c90e8715af19: receive RaftClientReply:client-12A0F72FDAB3->0cda194b-8887-43cf-827b-c90e8715af19@group-07376CAAABF5, cid=11, SUCCESS, logIndex=10, commits[0cda194b-8887-43cf-827b-c90e8715af19:c10, dee551ab-dafc-4ad4-a4f3-2f095cdea451:c8, 8976fcc7-37a0-4165-bdeb-dce5d7cf7cf9:c8]
2019-06-18 08:13:42,226 INFO  client.GrpcClientProtocolClient (GrpcClientProtocolClient.java:onNext(254)) - client-12A0F72FDAB3->0cda194b-8887-43cf-827b-c90e8715af19: receive RaftClientReply:client-12A0F72FDAB3->0cda194b-8887-43cf-827b-c90e8715af19@group-07376CAAABF5, cid=12, SUCCESS, logIndex=12, commits[0cda194b-8887-43cf-827b-c90e8715af19:c12, dee551ab-dafc-4ad4-a4f3-2f095cdea451:c11, 8976fcc7-37a0-4165-bdeb-dce5d7cf7cf9:c10]
2019-06-18 08:13:42,238 INFO  client.GrpcClientProtocolClient (GrpcClientProtocolClient.java:onNext(254)) - client-12A0F72FDAB3->0cda194b-8887-43cf-827b-c90e8715af19: receive RaftClientReply:client-12A0F72FDAB3->0cda194b-8887-43cf-827b-c90e8715af19@group-07376CAAABF5, cid=13, SUCCESS, logIndex=14, commits[0cda194b-8887-43cf-827b-c90e8715af19:c14, dee551ab-dafc-4ad4-a4f3-2f095cdea451:c12, 8976fcc7-37a0-4165-bdeb-dce5d7cf7cf9:c12]
2019-06-18 08:13:42,253 INFO  client.GrpcClientProtocolClient (GrpcClientProtocolClient.java:onNext(254)) - client-12A0F72FDAB3->0cda194b-8887-43cf-827b-c90e8715af19: receive RaftClientReply:client-12A0F72FDAB3->0cda194b-8887-43cf-827b-c90e8715af19@group-07376CAAABF5, cid=14, SUCCESS, logIndex=0, commits[0cda194b-8887-43cf-827b-c90e8715af19:c15, dee551ab-dafc-4ad4-a4f3-2f095cdea451:c14, 8976fcc7-37a0-4165-bdeb-dce5d7cf7cf9:c14]
2019-06-18 08:13:42,311 INFO  client.GrpcClientProtocolClient (GrpcClientProtocolClient.java:onNext(254)) - client-12A0F72FDAB3->0cda194b-8887-43cf-827b-c90e8715af19: receive RaftClientReply:client-12A0F72FDAB3->0cda194b-8887-43cf-827b-c90e8715af19@group-07376CAAABF5, cid=15, SUCCESS, logIndex=16, commits[0cda194b-8887-43cf-827b-c90e8715af19:c16, dee551ab-dafc-4ad4-a4f3-2f095cdea451:c15, 8976fcc7-37a0-4165-bdeb-dce5d7cf7cf9:c14]
2019-06-18 08:13:42,368 INFO  client.GrpcClientProtocolClient (GrpcClientProtocolClient.java:onNext(254)) - client-12A0F72FDAB3->0cda194b-8887-43cf-827b-c90e8715af19: receive RaftClientReply:client-12A0F72FDAB3->0cda194b-8887-43cf-827b-c90e8715af19@group-07376CAAABF5, cid=16, SUCCESS, logIndex=18, commits[0cda194b-8887-43cf-827b-c90e8715af19:c19, dee551ab-dafc-4ad4-a4f3-2f095cdea451:c16, 8976fcc7-37a0-4165-bdeb-dce5d7cf7cf9:c16]
2019-06-18 08:13:42,393 INFO  client.GrpcClientProtocolClient (GrpcClientProtocolClient.java:onNext(254)) - client-12A0F72FDAB3->0cda194b-8887-43cf-827b-c90e8715af19: receive RaftClientReply:client-12A0F72FDAB3->0cda194b-8887-43cf-827b-c90e8715af19@group-07376CAAABF5, cid=17, SUCCESS, logIndex=19, commits[0cda194b-8887-43cf-827b-c90e8715af19:c21, dee551ab-dafc-4ad4-a4f3-2f095cdea451:c18, 8976fcc7-37a0-4165-bdeb-dce5d7cf7cf9:c18]
2019-06-18 08:13:42,457 INFO  client.GrpcClientProtocolClient (GrpcClientProtocolClient.java:onNext(254)) - client-12A0F72FDAB3->0cda194b-8887-43cf-827b-c90e8715af19: receive RaftClientReply:client-12A0F72FDAB3->0cda194b-8887-43cf-827b-c90e8715af19@group-07376CAAABF5, cid=18, SUCCESS, logIndex=20, commits[0cda194b-8887-43cf-827b-c90e8715af19:c23, dee551ab-dafc-4ad4-a4f3-2f095cdea451:c20, 8976fcc7-37a0-4165-bdeb-dce5d7cf7cf9:c20]
2019-06-18 08:13:42,489 INFO  client.GrpcClientProtocolClient (GrpcClientProtocolClient.java:onNext(254)) - client-12A0F72FDAB3->0cda194b-8887-43cf-827b-c90e8715af19: receive RaftClientReply:client-12A0F72FDAB3->0cda194b-8887-43cf-827b-c90e8715af19@group-07376CAAABF5, cid=19, SUCCESS, logIndex=24, commits[0cda194b-8887-43cf-827b-c90e8715af19:c24, dee551ab-dafc-4ad4-a4f3-2f095cdea451:c23, 8976fcc7-37a0-4165-bdeb-dce5d7cf7cf9:c20]
2019-06-18 08:13:42,508 INFO  client.GrpcClientProtocolClient (GrpcClientProtocolClient.java:onNext(254)) - client-12A0F72FDAB3->0cda194b-8887-43cf-827b-c90e8715af19: receive RaftClientReply:client-12A0F72FDAB3->0cda194b-8887-43cf-827b-c90e8715af19@group-07376CAAABF5, cid=20, SUCCESS, logIndex=26, commits[0cda194b-8887-43cf-827b-c90e8715af19:c26, dee551ab-dafc-4ad4-a4f3-2f095cdea451:c24, 8976fcc7-37a0-4165-bdeb-dce5d7cf7cf9:c24]
2019-06-18 08:13:42,515 INFO  client.GrpcClientProtocolClient (GrpcClientProtocolClient.java:onNext(254)) - client-12A0F72FDAB3->0cda194b-8887-43cf-827b-c90e8715af19: receive RaftClientReply:client-12A0F72FDAB3->0cda194b-8887-43cf-827b-c90e8715af19@group-07376CAAABF5, cid=21, SUCCESS, logIndex=27, commits[0cda194b-8887-43cf-827b-c90e8715af19:c29, dee551ab-dafc-4ad4-a4f3-2f095cdea451:c26, 8976fcc7-37a0-4165-bdeb-dce5d7cf7cf9:c24]
2019-06-18 08:13:42,516 INFO  client.GrpcClientProtocolClient (GrpcClientProtocolClient.java:onNext(254)) - client-12A0F72FDAB3->0cda194b-8887-43cf-827b-c90e8715af19: receive RaftClientReply:client-12A0F72FDAB3->0cda194b-8887-43cf-827b-c90e8715af19@group-07376CAAABF5, cid=22, SUCCESS, logIndex=28, commits[0cda194b-8887-43cf-827b-c90e8715af19:c29, dee551ab-dafc-4ad4-a4f3-2f095cdea451:c26, 8976fcc7-37a0-4165-bdeb-dce5d7cf7cf9:c24]
2019-06-18 08:13:42,534 INFO  client.GrpcClientProtocolClient (GrpcClientProtocolClient.java:onNext(254)) - client-12A0F72FDAB3->0cda194b-8887-43cf-827b-c90e8715af19: receive RaftClientReply:client-12A0F72FDAB3->0cda194b-8887-43cf-827b-c90e8715af19@group-07376CAAABF5, cid=23, SUCCESS, logIndex=0, commits[0cda194b-8887-43cf-827b-c90e8715af19:c31, dee551ab-dafc-4ad4-a4f3-2f095cdea451:c28, 8976fcc7-37a0-4165-bdeb-dce5d7cf7cf9:c28]
2019-06-18 08:13:42,538 INFO  client.GrpcClientProtocolClient (GrpcClientProtocolClient.java:onNext(254)) - client-12A0F72FDAB3->0cda194b-8887-43cf-827b-c90e8715af19: receive RaftClientReply:client-12A0F72FDAB3->0cda194b-8887-43cf-827b-c90e8715af19@group-07376CAAABF5, cid=24, SUCCESS, logIndex=0, commits[0cda194b-8887-43cf-827b-c90e8715af19:c31, dee551ab-dafc-4ad4-a4f3-2f095cdea451:c28, 8976fcc7-37a0-4165-bdeb-dce5d7cf7cf9:c28]
2019-06-18 08:13:42,591 INFO  client.GrpcClientProtocolClient (GrpcClientProtocolClient.java:onNext(254)) - client-12A0F72FDAB3->0cda194b-8887-43cf-827b-c90e8715af19: receive RaftClientReply:client-12A0F72FDAB3->0cda194b-8887-43cf-827b-c90e8715af19@group-07376CAAABF5, cid=25, SUCCESS, logIndex=32, commits[0cda194b-8887-43cf-827b-c90e8715af19:c32, dee551ab-dafc-4ad4-a4f3-2f095cdea451:c28, 8976fcc7-37a0-4165-bdeb-dce5d7cf7cf9:c31]
 0.00% |█                                                                                                    |  0/1 Time: 0:00:012019-06-18 08:13:42,638 INFO  client.GrpcClientProtocolClient (GrpcClientProtocolClient.java:onNext(254)) - client-12A0F72FDAB3->0cda194b-8887-43cf-827b-c90e8715af19: receive RaftClientReply:client-12A0F72FDAB3->0cda194b-8887-43cf-827b-c90e8715af19@group-07376CAAABF5, cid=26, SUCCESS, logIndex=34, commits[0cda194b-8887-43cf-827b-c90e8715af19:c37, dee551ab-dafc-4ad4-a4f3-2f095cdea451:c33, 8976fcc7-37a0-4165-bdeb-dce5d7cf7cf9:c34]
2019-06-18 08:13:42,640 INFO  client.GrpcClientProtocolClient (GrpcClientProtocolClient.java:onNext(254)) - client-12A0F72FDAB3->0cda194b-8887-43cf-827b-c90e8715af19: receive RaftClientReply:client-12A0F72FDAB3->0cda194b-8887-43cf-827b-c90e8715af19@group-07376CAAABF5, cid=27, SUCCESS, logIndex=35, commits[0cda194b-8887-43cf-827b-c90e8715af19:c37, dee551ab-dafc-4ad4-a4f3-2f095cdea451:c33, 8976fcc7-37a0-4165-bdeb-dce5d7cf7cf9:c34]
2019-06-18 08:13:42,651 INFO  client.GrpcClientProtocolClient (GrpcClientProtocolClient.java:onNext(254)) - client-12A0F72FDAB3->0cda194b-8887-43cf-827b-c90e8715af19: receive RaftClientReply:client-12A0F72FDAB3->0cda194b-8887-43cf-827b-c90e8715af19@group-07376CAAABF5, cid=28, SUCCESS, logIndex=36, commits[0cda194b-8887-43cf-827b-c90e8715af19:c39, dee551ab-dafc-4ad4-a4f3-2f095cdea451:c36, 8976fcc7-37a0-4165-bdeb-dce5d7cf7cf9:c36]
2019-06-18 08:13:42,676 INFO  client.GrpcClientProtocolClient (GrpcClientProtocolClient.java:onNext(254)) - client-12A0F72FDAB3->0cda194b-8887-43cf-827b-c90e8715af19: receive RaftClientReply:client-12A0F72FDAB3->0cda194b-8887-43cf-827b-c90e8715af19@group-07376CAAABF5, cid=29, SUCCESS, logIndex=40, commits[0cda194b-8887-43cf-827b-c90e8715af19:c40, dee551ab-dafc-4ad4-a4f3-2f095cdea451:c39, 8976fcc7-37a0-4165-bdeb-dce5d7cf7cf9:c36]
2019-06-18 08:13:42,696 INFO  client.GrpcClientProtocolClient (GrpcClientProtocolClient.java:onNext(254)) - client-12A0F72FDAB3->0cda194b-8887-43cf-827b-c90e8715af19: receive RaftClientReply:client-12A0F72FDAB3->0cda194b-8887-43cf-827b-c90e8715af19@group-07376CAAABF5, cid=30, SUCCESS, logIndex=42, commits[0cda194b-8887-43cf-827b-c90e8715af19:c42, dee551ab-dafc-4ad4-a4f3-2f095cdea451:c40, 8976fcc7-37a0-4165-bdeb-dce5d7cf7cf9:c39]
2019-06-18 08:13:42,699 INFO  client.GrpcClientProtocolClient (GrpcClientProtocolClient.java:onNext(254)) - client-12A0F72FDAB3->0cda194b-8887-43cf-827b-c90e8715af19: receive RaftClientReply:client-12A0F72FDAB3->0cda194b-8887-43cf-827b-c90e8715af19@group-07376CAAABF5, cid=31, SUCCESS, logIndex=43, commits[0cda194b-8887-43cf-827b-c90e8715af19:c43, dee551ab-dafc-4ad4-a4f3-2f095cdea451:c40, 8976fcc7-37a0-4165-bdeb-dce5d7cf7cf9:c40]
2019-06-18 08:13:42,704 INFO  client.GrpcClientProtocolClient (GrpcClientProtocolClient.java:onNext(254)) - client-12A0F72FDAB3->0cda194b-8887-43cf-827b-c90e8715af19: receive RaftClientReply:client-12A0F72FDAB3->0cda194b-8887-43cf-827b-c90e8715af19@group-07376CAAABF5, cid=32, SUCCESS, logIndex=46, commits[0cda194b-8887-43cf-827b-c90e8715af19:c46, dee551ab-dafc-4ad4-a4f3-2f095cdea451:c44, 8976fcc7-37a0-4165-bdeb-dce5d7cf7cf9:c40]
2019-06-18 08:13:42,712 INFO  client.GrpcClientProtocolClient (GrpcClientProtocolClient.java:onNext(254)) - client-12A0F72FDAB3->0cda194b-8887-43cf-827b-c90e8715af19: receive RaftClientReply:client-12A0F72FDAB3->0cda194b-8887-43cf-827b-c90e8715af19@group-07376CAAABF5, cid=33, SUCCESS, logIndex=0, commits[0cda194b-8887-43cf-827b-c90e8715af19:c47, dee551ab-dafc-4ad4-a4f3-2f095cdea451:c46, 8976fcc7-37a0-4165-bdeb-dce5d7cf7cf9:c42]
2019-06-18 08:13:42,715 INFO  client.GrpcClientProtocolClient (GrpcClientProtocolClient.java:onNext(254)) - client-12A0F72FDAB3->0cda194b-8887-43cf-827b-c90e8715af19: receive RaftClientReply:client-12A0F72FDAB3->0cda194b-8887-43cf-827b-c90e8715af19@group-07376CAAABF5, cid=34, SUCCESS, logIndex=0, commits[0cda194b-8887-43cf-827b-c90e8715af19:c47, dee551ab-dafc-4ad4-a4f3-2f095cdea451:c46, 8976fcc7-37a0-4165-bdeb-dce5d7cf7cf9:c46]
2019-06-18 08:13:42,744 INFO  client.GrpcClientProtocolClient (GrpcClientProtocolClient.java:onNext(254)) - client-12A0F72FDAB3->0cda194b-8887-43cf-827b-c90e8715af19: receive RaftClientReply:client-12A0F72FDAB3->0cda194b-8887-43cf-827b-c90e8715af19@group-07376CAAABF5, cid=35, SUCCESS, logIndex=48, commits[0cda194b-8887-43cf-827b-c90e8715af19:c48, dee551ab-dafc-4ad4-a4f3-2f095cdea451:c46, 8976fcc7-37a0-4165-bdeb-dce5d7cf7cf9:c47]
2019-06-18 08:13:42,771 INFO  client.GrpcClientProtocolClient (GrpcClientProtocolClient.java:onNext(254)) - client-12A0F72FDAB3->0cda194b-8887-43cf-827b-c90e8715af19: receive RaftClientReply:client-12A0F72FDAB3->0cda194b-8887-43cf-827b-c90e8715af19@group-07376CAAABF5, cid=36, SUCCESS, logIndex=50, commits[0cda194b-8887-43cf-827b-c90e8715af19:c50, dee551ab-dafc-4ad4-a4f3-2f095cdea451:c46, 8976fcc7-37a0-4165-bdeb-dce5d7cf7cf9:c48]
2019-06-18 08:13:42,800 INFO  client.GrpcClientProtocolClient (GrpcClientProtocolClient.java:onNext(254)) - client-12A0F72FDAB3->0cda194b-8887-43cf-827b-c90e8715af19: receive RaftClientReply:client-12A0F72FDAB3->0cda194b-8887-43cf-827b-c90e8715af19@group-07376CAAABF5, cid=37, SUCCESS, logIndex=52, commits[0cda194b-8887-43cf-827b-c90e8715af19:c52, dee551ab-dafc-4ad4-a4f3-2f095cdea451:c50, 8976fcc7-37a0-4165-bdeb-dce5d7cf7cf9:c50]
2019-06-18 08:13:42,801 INFO  client.GrpcClientProtocolClient (GrpcClientProtocolClient.java:onNext(254)) - client-12A0F72FDAB3->0cda194b-8887-43cf-827b-c90e8715af19: receive RaftClientReply:client-12A0F72FDAB3->0cda194b-8887-43cf-827b-c90e8715af19@group-07376CAAABF5, cid=38, SUCCESS, logIndex=53, commits[0cda194b-8887-43cf-827b-c90e8715af19:c53, dee551ab-dafc-4ad4-a4f3-2f095cdea451:c50, 8976fcc7-37a0-4165-bdeb-dce5d7cf7cf9:c50]
2019-06-18 08:13:42,843 INFO  client.GrpcClientProtocolClient (GrpcClientProtocolClient.java:onNext(254)) - client-12A0F72FDAB3->0cda194b-8887-43cf-827b-c90e8715af19: receive RaftClientReply:client-12A0F72FDAB3->0cda194b-8887-43cf-827b-c90e8715af19@group-07376CAAABF5, cid=39, SUCCESS, logIndex=56, commits[0cda194b-8887-43cf-827b-c90e8715af19:c56, dee551ab-dafc-4ad4-a4f3-2f095cdea451:c55, 8976fcc7-37a0-4165-bdeb-dce5d7cf7cf9:c53]
2019-06-18 08:13:42,860 INFO  client.GrpcClientProtocolClient (GrpcClientProtocolClient.java:onNext(254)) - client-12A0F72FDAB3->0cda194b-8887-43cf-827b-c90e8715af19: receive RaftClientReply:client-12A0F72FDAB3->0cda194b-8887-43cf-827b-c90e8715af19@group-07376CAAABF5, cid=40, SUCCESS, logIndex=58, commits[0cda194b-8887-43cf-827b-c90e8715af19:c58, dee551ab-dafc-4ad4-a4f3-2f095cdea451:c56, 8976fcc7-37a0-4165-bdeb-dce5d7cf7cf9:c57]
2019-06-18 08:13:42,883 INFO  client.GrpcClientProtocolClient (GrpcClientProtocolClient.java:onNext(254)) - client-12A0F72FDAB3->0cda194b-8887-43cf-827b-c90e8715af19: receive RaftClientReply:client-12A0F72FDAB3->0cda194b-8887-43cf-827b-c90e8715af19@group-07376CAAABF5, cid=41, SUCCESS, logIndex=60, commits[0cda194b-8887-43cf-827b-c90e8715af19:c60, dee551ab-dafc-4ad4-a4f3-2f095cdea451:c59, 8976fcc7-37a0-4165-bdeb-dce5d7cf7cf9:c58]
2019-06-18 08:13:42,891 INFO  client.GrpcClientProtocolClient (GrpcClientProtocolClient.java:onNext(254)) - client-12A0F72FDAB3->0cda194b-8887-43cf-827b-c90e8715af19: receive RaftClientReply:client-12A0F72FDAB3->0cda194b-8887-43cf-827b-c90e8715af19@group-07376CAAABF5, cid=42, SUCCESS, logIndex=62, commits[0cda194b-8887-43cf-827b-c90e8715af19:c62, dee551ab-dafc-4ad4-a4f3-2f095cdea451:c60, 8976fcc7-37a0-4165-bdeb-dce5d7cf7cf9:c60]
2019-06-18 08:13:42,896 INFO  client.GrpcClientProtocolClient (GrpcClientProtocolClient.java:onNext(254)) - client-12A0F72FDAB3->0cda194b-8887-43cf-827b-c90e8715af19: receive RaftClientReply:client-12A0F72FDAB3->0cda194b-8887-43cf-827b-c90e8715af19@group-07376CAAABF5, cid=43, SUCCESS, logIndex=0, commits[0cda194b-8887-43cf-827b-c90e8715af19:c63, dee551ab-dafc-4ad4-a4f3-2f095cdea451:c62, 8976fcc7-37a0-4165-bdeb-dce5d7cf7cf9:c62]
2019-06-18 08:13:42,920 INFO  client.GrpcClientProtocolClient (GrpcClientProtocolClient.java:onNext(254)) - client-12A0F72FDAB3->0cda194b-8887-43cf-827b-c90e8715af19: receive RaftClientReply:client-12A0F72FDAB3->0cda194b-8887-43cf-827b-c90e8715af19@group-07376CAAABF5, cid=44, SUCCESS, logIndex=64, commits[0cda194b-8887-43cf-827b-c90e8715af19:c64, dee551ab-dafc-4ad4-a4f3-2f095cdea451:c63, 8976fcc7-37a0-4165-bdeb-dce5d7cf7cf9:c62]
2019-06-18 08:13:42,937 INFO  client.GrpcClientProtocolClient (GrpcClientProtocolClient.java:onNext(254)) - client-12A0F72FDAB3->0cda194b-8887-43cf-827b-c90e8715af19: receive RaftClientReply:client-12A0F72FDAB3->0cda194b-8887-43cf-827b-c90e8715af19@group-07376CAAABF5, cid=45, SUCCESS, logIndex=66, commits[0cda194b-8887-43cf-827b-c90e8715af19:c66, dee551ab-dafc-4ad4-a4f3-2f095cdea451:c65, 8976fcc7-37a0-4165-bdeb-dce5d7cf7cf9:c64]
2019-06-18 08:13:42,946 INFO  client.GrpcClientProtocolClient (GrpcClientProtocolClient.java:onNext(254)) - client-12A0F72FDAB3->0cda194b-8887-43cf-827b-c90e8715af19: receive RaftClientReply:client-12A0F72FDAB3->0cda194b-8887-43cf-827b-c90e8715af19@group-07376CAAABF5, cid=46, SUCCESS, logIndex=67, commits[0cda194b-8887-43cf-827b-c90e8715af19:c67, dee551ab-dafc-4ad4-a4f3-2f095cdea451:c65, 8976fcc7-37a0-4165-bdeb-dce5d7cf7cf9:c65]
2019-06-18 08:13:42,949 INFO  client.GrpcClientProtocolClient (GrpcClientProtocolClient.java:onNext(254)) - client-12A0F72FDAB3->0cda194b-8887-43cf-827b-c90e8715af19: receive RaftClientReply:client-12A0F72FDAB3->0cda194b-8887-43cf-827b-c90e8715af19@group-07376CAAABF5, cid=47, SUCCESS, logIndex=68, commits[0cda194b-8887-43cf-827b-c90e8715af19:c68, dee551ab-dafc-4ad4-a4f3-2f095cdea451:c65, 8976fcc7-37a0-4165-bdeb-dce5d7cf7cf9:c65]
2019-06-18 08:13:42,956 INFO  client.GrpcClientProtocolClient (GrpcClientProtocolClient.java:onNext(254)) - client-12A0F72FDAB3->0cda194b-8887-43cf-827b-c90e8715af19: receive RaftClientReply:client-12A0F72FDAB3->0cda194b-8887-43cf-827b-c90e8715af19@group-07376CAAABF5, cid=48, SUCCESS, logIndex=0, commits[0cda194b-8887-43cf-827b-c90e8715af19:c71, dee551ab-dafc-4ad4-a4f3-2f095cdea451:c68, 8976fcc7-37a0-4165-bdeb-dce5d7cf7cf9:c66]
2019-06-18 08:13:42,980 INFO  client.GrpcClientProtocolClient (GrpcClientProtocolClient.java:onNext(254)) - client-12A0F72FDAB3->0cda194b-8887-43cf-827b-c90e8715af19: receive RaftClientReply:client-12A0F72FDAB3->0cda194b-8887-43cf-827b-c90e8715af19@group-07376CAAABF5, cid=49, SUCCESS, logIndex=72, commits[0cda194b-8887-43cf-827b-c90e8715af19:c72, dee551ab-dafc-4ad4-a4f3-2f095cdea451:c71, 8976fcc7-37a0-4165-bdeb-dce5d7cf7cf9:c71]
2019-06-18 08:13:42,995 INFO  client.GrpcClientProtocolClient (GrpcClientProtocolClient.java:onNext(254)) - client-12A0F72FDAB3->0cda194b-8887-43cf-827b-c90e8715af19: receive RaftClientReply:client-12A0F72FDAB3->0cda194b-8887-43cf-827b-c90e8715af19@group-07376CAAABF5, cid=50, SUCCESS, logIndex=74, commits[0cda194b-8887-43cf-827b-c90e8715af19:c74, dee551ab-dafc-4ad4-a4f3-2f095cdea451:c72, 8976fcc7-37a0-4165-bdeb-dce5d7cf7cf9:c72]
2019-06-18 08:13:43,022 INFO  client.GrpcClientProtocolClient (GrpcClientProtocolClient.java:onNext(254)) - client-12A0F72FDAB3->0cda194b-8887-43cf-827b-c90e8715af19: receive RaftClientReply:client-12A0F72FDAB3->0cda194b-8887-43cf-827b-c90e8715af19@group-07376CAAABF5, cid=51, SUCCESS, logIndex=76, commits[0cda194b-8887-43cf-827b-c90e8715af19:c76, dee551ab-dafc-4ad4-a4f3-2f095cdea451:c74, 8976fcc7-37a0-4165-bdeb-dce5d7cf7cf9:c75]
2019-06-18 08:13:43,032 INFO  client.GrpcClientProtocolClient (GrpcClientProtocolClient.java:onNext(254)) - client-12A0F72FDAB3->0cda194b-8887-43cf-827b-c90e8715af19: receive RaftClientReply:client-12A0F72FDAB3->0cda194b-8887-43cf-827b-c90e8715af19@group-07376CAAABF5, cid=52, SUCCESS, logIndex=78, commits[0cda194b-8887-43cf-827b-c90e8715af19:c78, dee551ab-dafc-4ad4-a4f3-2f095cdea451:c75, 8976fcc7-37a0-4165-bdeb-dce5d7cf7cf9:c76]
2019-06-18 08:13:43,035 INFO  client.GrpcClientProtocolClient (GrpcClientProtocolClient.java:onNext(254)) - client-12A0F72FDAB3->0cda194b-8887-43cf-827b-c90e8715af19: receive RaftClientReply:client-12A0F72FDAB3->0cda194b-8887-43cf-827b-c90e8715af19@group-07376CAAABF5, cid=53, SUCCESS, logIndex=0, commits[0cda194b-8887-43cf-827b-c90e8715af19:c79, dee551ab-dafc-4ad4-a4f3-2f095cdea451:c78, 8976fcc7-37a0-4165-bdeb-dce5d7cf7cf9:c78]
 100.00% |█████████████████████████████████████████████████████████████████████████████████████████████████████|  1/1 Time: 0:00:02
2019-06-18 08:13:43,610 INFO  pipeline.SCMPipelineManager (SCMPipelineManager.java:finalizeAndDestroyPipeline(307)) - destroying pipeline:Pipeline[ Id: 6f58c684-012b-4c29-baf7-07376caaabf5, Nodes: 0cda194b-8887-43cf-827b-c90e8715af19{ip: 192.168.134.80, host: ozone-unit-076618677d3lpq9h-681410723, networkLocation: /default-rack, certSerialId: null}dee551ab-dafc-4ad4-a4f3-2f095cdea451{ip: 192.168.134.80, host: ozone-unit-076618677d3lpq9h-681410723, networkLocation: /default-rack, certSerialId: null}8976fcc7-37a0-4165-bdeb-dce5d7cf7cf9{ip: 192.168.134.80, host: ozone-unit-076618677d3lpq9h-681410723, networkLocation: /default-rack, certSerialId: null}, Type:RATIS, Factor:THREE, State:OPEN]
2019-06-18 08:13:43,611 INFO  pipeline.PipelineStateManager (PipelineStateManager.java:finalizePipeline(123)) - Pipeline Pipeline[ Id: 6f58c684-012b-4c29-baf7-07376caaabf5, Nodes: 0cda194b-8887-43cf-827b-c90e8715af19{ip: 192.168.134.80, host: ozone-unit-076618677d3lpq9h-681410723, networkLocation: /default-rack, certSerialId: null}dee551ab-dafc-4ad4-a4f3-2f095cdea451{ip: 192.168.134.80, host: ozone-unit-076618677d3lpq9h-681410723, networkLocation: /default-rack, certSerialId: null}8976fcc7-37a0-4165-bdeb-dce5d7cf7cf9{ip: 192.168.134.80, host: ozone-unit-076618677d3lpq9h-681410723, networkLocation: /default-rack, certSerialId: null}, Type:RATIS, Factor:THREE, State:CLOSED] moved to CLOSED state
2019-06-18 08:13:43,611 INFO  container.CloseContainerEventHandler (CloseContainerEventHandler.java:onMessage(61)) - Close container Event triggered for container : #1
2019-06-18 08:13:43,615 INFO  container.CloseContainerEventHandler (CloseContainerEventHandler.java:onMessage(61)) - Close container Event triggered for container : #2
2019-06-18 08:13:43,615 INFO  container.CloseContainerEventHandler (CloseContainerEventHandler.java:onMessage(61)) - Close container Event triggered for container : #3
2019-06-18 08:13:43,627 INFO  impl.RaftServerProxy (RaftServerProxy.java:remove(95)) - 0cda194b-8887-43cf-827b-c90e8715af19: remove   LEADER group-07376CAAABF5 0cda194b-8887-43cf-827b-c90e8715af19:t1, leader=0cda194b-8887-43cf-827b-c90e8715af19, voted=0cda194b-8887-43cf-827b-c90e8715af19, raftlog=0cda194b-8887-43cf-827b-c90e8715af19-SegmentedRaftLog:OPENED:c79,f79,i79, conf=0: [dee551ab-dafc-4ad4-a4f3-2f095cdea451:192.168.134.80:40137, 8976fcc7-37a0-4165-bdeb-dce5d7cf7cf9:192.168.134.80:36727, 0cda194b-8887-43cf-827b-c90e8715af19:192.168.134.80:44369], old=null RUNNING
2019-06-18 08:13:43,628 INFO  impl.RaftServerImpl (RaftServerImpl.java:lambda$shutdown$3(238)) - 0cda194b-8887-43cf-827b-c90e8715af19: shutdown group-07376CAAABF5
2019-06-18 08:13:43,629 INFO  util.JmxRegister (JmxRegister.java:unregister(73)) - Successfully un-registered JMX Bean with object name Ratis:service=RaftServer,group=group-07376CAAABF5,id=0cda194b-8887-43cf-827b-c90e8715af19
2019-06-18 08:13:43,629 INFO  impl.RoleInfo (RoleInfo.java:shutdownLeaderState(104)) - 0cda194b-8887-43cf-827b-c90e8715af19: shutdown LeaderState
2019-06-18 08:13:43,629 WARN  server.GrpcLogAppender (GrpcLogAppender.java:mayWait(142)) - GrpcLogAppender(0cda194b-8887-43cf-827b-c90e8715af19 -> dee551ab-dafc-4ad4-a4f3-2f095cdea451): Wait interrupted by java.lang.InterruptedException
2019-06-18 08:13:43,629 WARN  server.GrpcLogAppender (GrpcLogAppender.java:mayWait(142)) - GrpcLogAppender(0cda194b-8887-43cf-827b-c90e8715af19 -> 8976fcc7-37a0-4165-bdeb-dce5d7cf7cf9): Wait interrupted by java.lang.InterruptedException
2019-06-18 08:13:43,630 INFO  impl.PendingRequests (PendingRequests.java:sendNotLeaderResponses(140)) - 0cda194b-8887-43cf-827b-c90e8715af19-PendingRequests: sendNotLeaderResponses
2019-06-18 08:13:43,630 INFO  server.GrpcServerProtocolService (GrpcServerProtocolService.java:onCompleted(104)) - 8976fcc7-37a0-4165-bdeb-dce5d7cf7cf9: appendEntries completed
2019-06-18 08:13:43,631 INFO  server.GrpcServerProtocolService (GrpcServerProtocolService.java:onCompleted(104)) - dee551ab-dafc-4ad4-a4f3-2f095cdea451: appendEntries completed
2019-06-18 08:13:43,631 INFO  server.GrpcLogAppender (GrpcLogAppender.java:onCompleted(277)) - 0cda194b-8887-43cf-827b-c90e8715af19: follower 0cda194b-8887-43cf-827b-c90e8715af19->dee551ab-dafc-4ad4-a4f3-2f095cdea451(c79,m79,n80, attendVote=true, lastRpcSendTime=98, lastRpcResponseTime=96) response Completed
2019-06-18 08:13:43,632 INFO  server.GrpcLogAppender (GrpcLogAppender.java:onCompleted(277)) - 0cda194b-8887-43cf-827b-c90e8715af19: follower 0cda194b-8887-43cf-827b-c90e8715af19->8976fcc7-37a0-4165-bdeb-dce5d7cf7cf9(c79,m79,n80, attendVote=true, lastRpcSendTime=96, lastRpcResponseTime=95) response Completed
2019-06-18 08:13:43,635 INFO  ratis.ContainerStateMachine (ContainerStateMachine.java:takeSnapshot(245)) - Taking snapshot at termIndex:(t:1, i:78)
2019-06-18 08:13:43,635 INFO  ratis.ContainerStateMachine (ContainerStateMachine.java:takeSnapshot(249)) - Taking a snapshot to file /opt/src/hadoop-ozone/tools/target/test-dir/MiniOzoneClusterImpl-e94527aa-b262-435e-bbae-d49858bde5e2/datanode-1/data/ratis/6f58c684-012b-4c29-baf7-07376caaabf5/sm/snapshot.1_78
2019-06-18 08:13:43,635 INFO  impl.StateMachineUpdater (StateMachineUpdater.java:stopAndJoin(109)) - StateMachineUpdater-0cda194b-8887-43cf-827b-c90e8715af19-group-07376CAAABF5: set stopIndex = 79
2019-06-18 08:13:43,635 INFO  impl.FollowerInfo (FollowerInfo.java:lambda$new$0(50)) - 0cda194b-8887-43cf-827b-c90e8715af19->dee551ab-dafc-4ad4-a4f3-2f095cdea451: nextIndex: updateUnconditionally 80 -> 0
2019-06-18 08:13:43,636 INFO  impl.FollowerInfo (FollowerInfo.java:lambda$new$0(50)) - 0cda194b-8887-43cf-827b-c90e8715af19->8976fcc7-37a0-4165-bdeb-dce5d7cf7cf9: nextIndex: updateUnconditionally 80 -> 0
2019-06-18 08:13:43,644 INFO  impl.RaftServerImpl (ServerState.java:close(394)) - 0cda194b-8887-43cf-827b-c90e8715af19:group-07376CAAABF5 closes. The last applied log index is 79
2019-06-18 08:13:43,645 INFO  storage.RaftLogWorker (RaftLogWorker.java:run(236)) - 0cda194b-8887-43cf-827b-c90e8715af19-RaftLogWorker was interrupted, exiting. There are 0 tasks remaining in the queue.
2019-06-18 08:13:43,646 INFO  storage.RaftLogWorker (RaftLogWorker.java:close(168)) - 0cda194b-8887-43cf-827b-c90e8715af19-RaftLogWorker close()
2019-06-18 08:13:43,657 INFO  impl.RaftServerProxy (RaftServerProxy.java:remove(95)) - dee551ab-dafc-4ad4-a4f3-2f095cdea451: remove FOLLOWER group-07376CAAABF5 dee551ab-dafc-4ad4-a4f3-2f095cdea451:t1, leader=0cda194b-8887-43cf-827b-c90e8715af19, voted=0cda194b-8887-43cf-827b-c90e8715af19, raftlog=dee551ab-dafc-4ad4-a4f3-2f095cdea451-SegmentedRaftLog:OPENED:c79,f79,i79, conf=0: [dee551ab-dafc-4ad4-a4f3-2f095cdea451:192.168.134.80:40137, 8976fcc7-37a0-4165-bdeb-dce5d7cf7cf9:192.168.134.80:36727, 0cda194b-8887-43cf-827b-c90e8715af19:192.168.134.80:44369], old=null RUNNING
2019-06-18 08:13:43,657 INFO  impl.RaftServerImpl (RaftServerImpl.java:lambda$shutdown$3(238)) - dee551ab-dafc-4ad4-a4f3-2f095cdea451: shutdown group-07376CAAABF5
2019-06-18 08:13:43,657 INFO  util.JmxRegister (JmxRegister.java:unregister(73)) - Successfully un-registered JMX Bean with object name Ratis:service=RaftServer,group=group-07376CAAABF5,id=dee551ab-dafc-4ad4-a4f3-2f095cdea451
2019-06-18 08:13:43,658 INFO  impl.RoleInfo (RoleInfo.java:shutdownFollowerState(121)) - dee551ab-dafc-4ad4-a4f3-2f095cdea451: shutdown FollowerState
2019-06-18 08:13:43,658 INFO  impl.StateMachineUpdater (StateMachineUpdater.java:stopAndJoin(109)) - StateMachineUpdater-dee551ab-dafc-4ad4-a4f3-2f095cdea451-group-07376CAAABF5: set stopIndex = 79
2019-06-18 08:13:43,658 INFO  ratis.ContainerStateMachine (ContainerStateMachine.java:takeSnapshot(245)) - Taking snapshot at termIndex:(t:1, i:78)
2019-06-18 08:13:43,658 INFO  impl.FollowerState (FollowerState.java:run(109)) - dee551ab-dafc-4ad4-a4f3-2f095cdea451: FollowerState was interrupted: java.lang.InterruptedException: sleep interrupted
2019-06-18 08:13:43,658 INFO  ratis.ContainerStateMachine (ContainerStateMachine.java:takeSnapshot(249)) - Taking a snapshot to file /opt/src/hadoop-ozone/tools/target/test-dir/MiniOzoneClusterImpl-e94527aa-b262-435e-bbae-d49858bde5e2/datanode-2/data/ratis/6f58c684-012b-4c29-baf7-07376caaabf5/sm/snapshot.1_78
2019-06-18 08:13:43,659 INFO  impl.RaftServerImpl (ServerState.java:close(394)) - dee551ab-dafc-4ad4-a4f3-2f095cdea451:group-07376CAAABF5 closes. The last applied log index is 79
2019-06-18 08:13:43,659 INFO  storage.RaftLogWorker (RaftLogWorker.java:run(236)) - dee551ab-dafc-4ad4-a4f3-2f095cdea451-RaftLogWorker was interrupted, exiting. There are 0 tasks remaining in the queue.
2019-06-18 08:13:43,660 INFO  storage.RaftLogWorker (RaftLogWorker.java:close(168)) - dee551ab-dafc-4ad4-a4f3-2f095cdea451-RaftLogWorker close()
2019-06-18 08:13:43,669 INFO  impl.RaftServerProxy (RaftServerProxy.java:remove(95)) - 8976fcc7-37a0-4165-bdeb-dce5d7cf7cf9: remove FOLLOWER group-07376CAAABF5 8976fcc7-37a0-4165-bdeb-dce5d7cf7cf9:t1, leader=0cda194b-8887-43cf-827b-c90e8715af19, voted=0cda194b-8887-43cf-827b-c90e8715af19, raftlog=8976fcc7-37a0-4165-bdeb-dce5d7cf7cf9-SegmentedRaftLog:OPENED:c79,f79,i79, conf=0: [dee551ab-dafc-4ad4-a4f3-2f095cdea451:192.168.134.80:40137, 8976fcc7-37a0-4165-bdeb-dce5d7cf7cf9:192.168.134.80:36727, 0cda194b-8887-43cf-827b-c90e8715af19:192.168.134.80:44369], old=null RUNNING
2019-06-18 08:13:43,669 INFO  impl.RaftServerImpl (RaftServerImpl.java:lambda$shutdown$3(238)) - 8976fcc7-37a0-4165-bdeb-dce5d7cf7cf9: shutdown group-07376CAAABF5
2019-06-18 08:13:43,669 INFO  util.JmxRegister (JmxRegister.java:unregister(73)) - Successfully un-registered JMX Bean with object name Ratis:service=RaftServer,group=group-07376CAAABF5,id=8976fcc7-37a0-4165-bdeb-dce5d7cf7cf9
2019-06-18 08:13:43,669 INFO  impl.RoleInfo (RoleInfo.java:shutdownFollowerState(121)) - 8976fcc7-37a0-4165-bdeb-dce5d7cf7cf9: shutdown FollowerState
2019-06-18 08:13:43,669 INFO  impl.StateMachineUpdater (StateMachineUpdater.java:stopAndJoin(109)) - StateMachineUpdater-8976fcc7-37a0-4165-bdeb-dce5d7cf7cf9-group-07376CAAABF5: set stopIndex = 79
2019-06-18 08:13:43,669 INFO  ratis.ContainerStateMachine (ContainerStateMachine.java:takeSnapshot(245)) - Taking snapshot at termIndex:(t:1, i:78)
2019-06-18 08:13:43,669 INFO  impl.FollowerState (FollowerState.java:run(109)) - 8976fcc7-37a0-4165-bdeb-dce5d7cf7cf9: FollowerState was interrupted: java.lang.InterruptedException: sleep interrupted
2019-06-18 08:13:43,670 INFO  ratis.ContainerStateMachine (ContainerStateMachine.java:takeSnapshot(249)) - Taking a snapshot to file /opt/src/hadoop-ozone/tools/target/test-dir/MiniOzoneClusterImpl-e94527aa-b262-435e-bbae-d49858bde5e2/datanode-0/data/ratis/6f58c684-012b-4c29-baf7-07376caaabf5/sm/snapshot.1_78
2019-06-18 08:13:43,671 INFO  impl.RaftServerImpl (ServerState.java:close(394)) - 8976fcc7-37a0-4165-bdeb-dce5d7cf7cf9:group-07376CAAABF5 closes. The last applied log index is 79
2019-06-18 08:13:43,671 INFO  storage.RaftLogWorker (RaftLogWorker.java:run(236)) - 8976fcc7-37a0-4165-bdeb-dce5d7cf7cf9-RaftLogWorker was interrupted, exiting. There are 0 tasks remaining in the queue.
2019-06-18 08:13:43,674 INFO  storage.RaftLogWorker (RaftLogWorker.java:close(168)) - 8976fcc7-37a0-4165-bdeb-dce5d7cf7cf9-RaftLogWorker close()
2019-06-18 08:13:43,677 INFO  pipeline.PipelineStateManager (PipelineStateManager.java:removePipeline(108)) - Pipeline Pipeline[ Id: 6f58c684-012b-4c29-baf7-07376caaabf5, Nodes: 0cda194b-8887-43cf-827b-c90e8715af19{ip: 192.168.134.80, host: ozone-unit-076618677d3lpq9h-681410723, networkLocation: /default-rack, certSerialId: null}dee551ab-dafc-4ad4-a4f3-2f095cdea451{ip: 192.168.134.80, host: ozone-unit-076618677d3lpq9h-681410723, networkLocation: /default-rack, certSerialId: null}8976fcc7-37a0-4165-bdeb-dce5d7cf7cf9{ip: 192.168.134.80, host: ozone-unit-076618677d3lpq9h-681410723, networkLocation: /default-rack, certSerialId: null}, Type:RATIS, Factor:THREE, State:CLOSED] removed from db
2019-06-18 08:13:43,693 INFO  impl.RaftServerProxy (RaftServerProxy.java:addNew(89)) - 8976fcc7-37a0-4165-bdeb-dce5d7cf7cf9: addNew group-30649D095DE4:[dee551ab-dafc-4ad4-a4f3-2f095cdea451:192.168.134.80:40137, 8976fcc7-37a0-4165-bdeb-dce5d7cf7cf9:192.168.134.80:36727, 0cda194b-8887-43cf-827b-c90e8715af19:192.168.134.80:44369] returns group-30649D095DE4:java.util.concurrent.CompletableFuture@5b3b95a7[Not completed]
2019-06-18 08:13:43,698 INFO  impl.RaftServerImpl (RaftServerImpl.java:<init>(91)) - 8976fcc7-37a0-4165-bdeb-dce5d7cf7cf9: new RaftServerImpl for group-30649D095DE4:[dee551ab-dafc-4ad4-a4f3-2f095cdea451:192.168.134.80:40137, 8976fcc7-37a0-4165-bdeb-dce5d7cf7cf9:192.168.134.80:36727, 0cda194b-8887-43cf-827b-c90e8715af19:192.168.134.80:44369] with ContainerStateMachine:uninitialized
2019-06-18 08:13:43,699 INFO  server.RaftServerConfigKeys (ConfUtils.java:logGet(43)) - raft.server.rpc.timeout.min = 1s (custom)
2019-06-18 08:13:43,699 INFO  server.RaftServerConfigKeys (ConfUtils.java:logGet(43)) - raft.server.rpc.timeout.max = 1200ms (custom)
2019-06-18 08:13:43,700 INFO  server.RaftServerConfigKeys (ConfUtils.java:logGet(43)) - raft.server.rpcslowness.timeout = 120s (custom)
2019-06-18 08:13:43,700 INFO  impl.RaftServerProxy (RaftServerProxy.java:addNew(89)) - 0cda194b-8887-43cf-827b-c90e8715af19: addNew group-30649D095DE4:[dee551ab-dafc-4ad4-a4f3-2f095cdea451:192.168.134.80:40137, 8976fcc7-37a0-4165-bdeb-dce5d7cf7cf9:192.168.134.80:36727, 0cda194b-8887-43cf-827b-c90e8715af19:192.168.134.80:44369] returns group-30649D095DE4:java.util.concurrent.CompletableFuture@1f53781c[Not completed]
2019-06-18 08:13:43,700 INFO  server.RaftServerConfigKeys (ConfUtils.java:logGet(43)) - raft.server.log.appender.install.snapshot.enabled = true (default)
2019-06-18 08:13:43,701 INFO  impl.RaftServerImpl (ServerState.java:<init>(101)) - 8976fcc7-37a0-4165-bdeb-dce5d7cf7cf9:group-30649D095DE4 ConfigurationManager, init=-1: [dee551ab-dafc-4ad4-a4f3-2f095cdea451:192.168.134.80:40137, 8976fcc7-37a0-4165-bdeb-dce5d7cf7cf9:192.168.134.80:36727, 0cda194b-8887-43cf-827b-c90e8715af19:192.168.134.80:44369], old=null, confs=<EMPTY_MAP>
2019-06-18 08:13:43,701 INFO  server.RaftServerConfigKeys (ConfUtils.java:logGet(43)) - raft.server.storage.dir = [/opt/src/hadoop-ozone/tools/target/test-dir/MiniOzoneClusterImpl-e94527aa-b262-435e-bbae-d49858bde5e2/datanode-0/data/ratis] (custom)
2019-06-18 08:13:43,701 INFO  storage.RaftStorageDirectory (RaftStorageDirectory.java:analyzeStorage(246)) - The storage directory /opt/src/hadoop-ozone/tools/target/test-dir/MiniOzoneClusterImpl-e94527aa-b262-435e-bbae-d49858bde5e2/datanode-0/data/ratis/f062cd89-5307-4433-b207-30649d095de4 does not exist. Creating ...
2019-06-18 08:13:43,701 INFO  impl.RaftServerImpl (RaftServerImpl.java:<init>(91)) - 0cda194b-8887-43cf-827b-c90e8715af19: new RaftServerImpl for group-30649D095DE4:[dee551ab-dafc-4ad4-a4f3-2f095cdea451:192.168.134.80:40137, 8976fcc7-37a0-4165-bdeb-dce5d7cf7cf9:192.168.134.80:36727, 0cda194b-8887-43cf-827b-c90e8715af19:192.168.134.80:44369] with ContainerStateMachine:uninitialized
2019-06-18 08:13:43,701 INFO  server.RaftServerConfigKeys (ConfUtils.java:logGet(43)) - raft.server.rpc.timeout.min = 1s (custom)
2019-06-18 08:13:43,702 INFO  server.RaftServerConfigKeys (ConfUtils.java:logGet(43)) - raft.server.rpc.timeout.max = 1200ms (custom)
2019-06-18 08:13:43,702 INFO  server.RaftServerConfigKeys (ConfUtils.java:logGet(43)) - raft.server.rpcslowness.timeout = 120s (custom)
2019-06-18 08:13:43,702 INFO  server.RaftServerConfigKeys (ConfUtils.java:logGet(43)) - raft.server.log.appender.install.snapshot.enabled = true (default)
2019-06-18 08:13:43,702 INFO  impl.RaftServerImpl (ServerState.java:<init>(101)) - 0cda194b-8887-43cf-827b-c90e8715af19:group-30649D095DE4 ConfigurationManager, init=-1: [dee551ab-dafc-4ad4-a4f3-2f095cdea451:192.168.134.80:40137, 8976fcc7-37a0-4165-bdeb-dce5d7cf7cf9:192.168.134.80:36727, 0cda194b-8887-43cf-827b-c90e8715af19:192.168.134.80:44369], old=null, confs=<EMPTY_MAP>
2019-06-18 08:13:43,703 INFO  server.RaftServerConfigKeys (ConfUtils.java:logGet(43)) - raft.server.storage.dir = [/opt/src/hadoop-ozone/tools/target/test-dir/MiniOzoneClusterImpl-e94527aa-b262-435e-bbae-d49858bde5e2/datanode-1/data/ratis] (custom)
2019-06-18 08:13:43,704 INFO  storage.RaftStorageDirectory (RaftStorageDirectory.java:analyzeStorage(246)) - The storage directory /opt/src/hadoop-ozone/tools/target/test-dir/MiniOzoneClusterImpl-e94527aa-b262-435e-bbae-d49858bde5e2/datanode-1/data/ratis/f062cd89-5307-4433-b207-30649d095de4 does not exist. Creating ...
2019-06-18 08:13:43,705 INFO  storage.RaftStorageDirectory (RaftStorageDirectory.java:tryLock(328)) - Lock on /opt/src/hadoop-ozone/tools/target/test-dir/MiniOzoneClusterImpl-e94527aa-b262-435e-bbae-d49858bde5e2/datanode-0/data/ratis/f062cd89-5307-4433-b207-30649d095de4/in_use.lock acquired by nodename 18156@ozone-unit-076618677d3lpq9h-681410723
2019-06-18 08:13:43,705 INFO  impl.RaftServerProxy (RaftServerProxy.java:addNew(89)) - dee551ab-dafc-4ad4-a4f3-2f095cdea451: addNew group-30649D095DE4:[dee551ab-dafc-4ad4-a4f3-2f095cdea451:192.168.134.80:40137, 8976fcc7-37a0-4165-bdeb-dce5d7cf7cf9:192.168.134.80:36727, 0cda194b-8887-43cf-827b-c90e8715af19:192.168.134.80:44369] returns group-30649D095DE4:java.util.concurrent.CompletableFuture@25c79088[Not completed]
2019-06-18 08:13:43,705 INFO  impl.RaftServerImpl (RaftServerImpl.java:<init>(91)) - dee551ab-dafc-4ad4-a4f3-2f095cdea451: new RaftServerImpl for group-30649D095DE4:[dee551ab-dafc-4ad4-a4f3-2f095cdea451:192.168.134.80:40137, 8976fcc7-37a0-4165-bdeb-dce5d7cf7cf9:192.168.134.80:36727, 0cda194b-8887-43cf-827b-c90e8715af19:192.168.134.80:44369] with ContainerStateMachine:uninitialized
2019-06-18 08:13:43,705 INFO  server.RaftServerConfigKeys (ConfUtils.java:logGet(43)) - raft.server.rpc.timeout.min = 1s (custom)
2019-06-18 08:13:43,706 INFO  server.RaftServerConfigKeys (ConfUtils.java:logGet(43)) - raft.server.rpc.timeout.max = 1200ms (custom)
2019-06-18 08:13:43,706 INFO  server.RaftServerConfigKeys (ConfUtils.java:logGet(43)) - raft.server.rpcslowness.timeout = 120s (custom)
2019-06-18 08:13:43,706 INFO  server.RaftServerConfigKeys (ConfUtils.java:logGet(43)) - raft.server.log.appender.install.snapshot.enabled = true (default)
2019-06-18 08:13:43,706 INFO  impl.RaftServerImpl (ServerState.java:<init>(101)) - dee551ab-dafc-4ad4-a4f3-2f095cdea451:group-30649D095DE4 ConfigurationManager, init=-1: [dee551ab-dafc-4ad4-a4f3-2f095cdea451:192.168.134.80:40137, 8976fcc7-37a0-4165-bdeb-dce5d7cf7cf9:192.168.134.80:36727, 0cda194b-8887-43cf-827b-c90e8715af19:192.168.134.80:44369], old=null, confs=<EMPTY_MAP>
2019-06-18 08:13:43,706 INFO  server.RaftServerConfigKeys (ConfUtils.java:logGet(43)) - raft.server.storage.dir = [/opt/src/hadoop-ozone/tools/target/test-dir/MiniOzoneClusterImpl-e94527aa-b262-435e-bbae-d49858bde5e2/datanode-2/data/ratis] (custom)
2019-06-18 08:13:43,706 INFO  storage.RaftStorageDirectory (RaftStorageDirectory.java:analyzeStorage(246)) - The storage directory /opt/src/hadoop-ozone/tools/target/test-dir/MiniOzoneClusterImpl-e94527aa-b262-435e-bbae-d49858bde5e2/datanode-2/data/ratis/f062cd89-5307-4433-b207-30649d095de4 does not exist. Creating ...
2019-06-18 08:13:43,706 INFO  storage.RaftStorageDirectory (RaftStorageDirectory.java:tryLock(328)) - Lock on /opt/src/hadoop-ozone/tools/target/test-dir/MiniOzoneClusterImpl-e94527aa-b262-435e-bbae-d49858bde5e2/datanode-1/data/ratis/f062cd89-5307-4433-b207-30649d095de4/in_use.lock acquired by nodename 18156@ozone-unit-076618677d3lpq9h-681410723
2019-06-18 08:13:43,708 INFO  storage.RaftStorage (RaftStorage.java:format(75)) - Storage directory /opt/src/hadoop-ozone/tools/target/test-dir/MiniOzoneClusterImpl-e94527aa-b262-435e-bbae-d49858bde5e2/datanode-0/data/ratis/f062cd89-5307-4433-b207-30649d095de4 has been successfully formatted.
2019-06-18 08:13:43,709 INFO  ratis.ContainerStateMachine (ContainerStateMachine.java:loadSnapshot(199)) - The snapshot info is null.Setting the last applied index to:(t:0, i:~)
2019-06-18 08:13:43,709 INFO  server.RaftServerConfigKeys (ConfUtils.java:logGet(43)) - raft.server.leader.election.timeout = 120s (custom)
2019-06-18 08:13:43,709 INFO  storage.RaftStorageDirectory (RaftStorageDirectory.java:tryLock(328)) - Lock on /opt/src/hadoop-ozone/tools/target/test-dir/MiniOzoneClusterImpl-e94527aa-b262-435e-bbae-d49858bde5e2/datanode-2/data/ratis/f062cd89-5307-4433-b207-30649d095de4/in_use.lock acquired by nodename 18156@ozone-unit-076618677d3lpq9h-681410723
2019-06-18 08:13:43,709 INFO  server.RaftServerConfigKeys (ConfUtils.java:logGet(43)) - raft.server.log.use.memory = false (default)
2019-06-18 08:13:43,709 INFO  server.RaftServerConfigKeys (ConfUtils.java:logGet(43)) - raft.server.log.appender.buffer.byte-limit = 33554432 (custom)
2019-06-18 08:13:43,709 INFO  server.RaftServerConfigKeys (ConfUtils.java:logGet(43)) - raft.server.log.segment.size.max = 16384 (custom)
2019-06-18 08:13:43,709 INFO  server.RaftServerConfigKeys (ConfUtils.java:logGet(43)) - raft.server.log.segment.cache.num.max = 2 (custom)
2019-06-18 08:13:43,709 INFO  storage.RaftLogWorker (RaftLogWorker.java:<init>(123)) - new 8976fcc7-37a0-4165-bdeb-dce5d7cf7cf9-RaftLogWorker for Storage Directory /opt/src/hadoop-ozone/tools/target/test-dir/MiniOzoneClusterImpl-e94527aa-b262-435e-bbae-d49858bde5e2/datanode-0/data/ratis/f062cd89-5307-4433-b207-30649d095de4
2019-06-18 08:13:43,710 INFO  server.RaftServerConfigKeys (ConfUtils.java:logGet(43)) - raft.server.log.queue.byte-limit = 2147483647 (custom)
2019-06-18 08:13:43,710 INFO  server.RaftServerConfigKeys (ConfUtils.java:logGet(43)) - raft.server.log.queue.element-limit = 1024 (custom)
2019-06-18 08:13:43,710 INFO  server.RaftServerConfigKeys (ConfUtils.java:logGet(43)) - raft.server.log.segment.size.max = 16384 (custom)
2019-06-18 08:13:43,710 INFO  server.RaftServerConfigKeys (ConfUtils.java:logGet(43)) - raft.server.log.preallocated.size = 16384 (custom)
2019-06-18 08:13:43,710 INFO  server.RaftServerConfigKeys (ConfUtils.java:logGet(43)) - raft.server.log.write.buffer.size = 33554432 (custom)
2019-06-18 08:13:43,710 INFO  server.RaftServerConfigKeys (ConfUtils.java:logGet(43)) - raft.server.log.force.sync.num = 128 (default)
2019-06-18 08:13:43,710 INFO  server.RaftServerConfigKeys (ConfUtils.java:logGet(43)) - raft.server.log.statemachine.data.sync = true (default)
2019-06-18 08:13:43,710 INFO  server.RaftServerConfigKeys (ConfUtils.java:logGet(43)) - raft.server.log.statemachine.data.sync.timeout = 10s (default)
2019-06-18 08:13:43,711 INFO  server.RaftServerConfigKeys (ConfUtils.java:logGet(43)) - raft.server.log.statemachine.data.sync.timeout.retry = -1 (default)
2019-06-18 08:13:43,711 INFO  server.RaftServerConfigKeys (ConfUtils.java:logGet(43)) - raft.server.log.statemachine.data.caching.enabled = true (custom)
2019-06-18 08:13:43,711 INFO  storage.RaftStorage (RaftStorage.java:format(75)) - Storage directory /opt/src/hadoop-ozone/tools/target/test-dir/MiniOzoneClusterImpl-e94527aa-b262-435e-bbae-d49858bde5e2/datanode-2/data/ratis/f062cd89-5307-4433-b207-30649d095de4 has been successfully formatted.
2019-06-18 08:13:43,711 INFO  server.RaftServerConfigKeys (ConfUtils.java:logGet(43)) - raft.server.snapshot.auto.trigger.enabled = true (custom)
2019-06-18 08:13:43,711 INFO  server.RaftServerConfigKeys (ConfUtils.java:logGet(43)) - raft.server.snapshot.auto.trigger.threshold = 10000 (custom)
2019-06-18 08:13:43,711 INFO  server.RaftServerConfigKeys (ConfUtils.java:logGet(43)) - raft.server.retrycache.expirytime = 600000ms (custom)
2019-06-18 08:13:43,712 INFO  impl.RaftServerImpl (RaftServerImpl.java:start(173)) - 8976fcc7-37a0-4165-bdeb-dce5d7cf7cf9: start group-30649D095DE4
2019-06-18 08:13:43,712 INFO  impl.RaftServerImpl (RaftServerImpl.java:setRole(164)) - 8976fcc7-37a0-4165-bdeb-dce5d7cf7cf9:group-30649D095DE4 changes role from null to FOLLOWER at term 0 for startAsFollower
2019-06-18 08:13:43,712 INFO  impl.RoleInfo (RoleInfo.java:updateAndGet(143)) - 8976fcc7-37a0-4165-bdeb-dce5d7cf7cf9: start FollowerState
2019-06-18 08:13:43,711 INFO  storage.RaftStorage (RaftStorage.java:format(75)) - Storage directory /opt/src/hadoop-ozone/tools/target/test-dir/MiniOzoneClusterImpl-e94527aa-b262-435e-bbae-d49858bde5e2/datanode-1/data/ratis/f062cd89-5307-4433-b207-30649d095de4 has been successfully formatted.
2019-06-18 08:13:43,712 INFO  ratis.ContainerStateMachine (ContainerStateMachine.java:loadSnapshot(199)) - The snapshot info is null.Setting the last applied index to:(t:0, i:~)
2019-06-18 08:13:43,712 INFO  server.RaftServerConfigKeys (ConfUtils.java:logGet(43)) - raft.server.leader.election.timeout = 120s (custom)
2019-06-18 08:13:43,712 INFO  server.RaftServerConfigKeys (ConfUtils.java:logGet(43)) - raft.server.log.use.memory = false (default)
2019-06-18 08:13:43,713 INFO  server.RaftServerConfigKeys (ConfUtils.java:logGet(43)) - raft.server.log.appender.buffer.byte-limit = 33554432 (custom)
2019-06-18 08:13:43,713 INFO  server.RaftServerConfigKeys (ConfUtils.java:logGet(43)) - raft.server.log.segment.size.max = 16384 (custom)
2019-06-18 08:13:43,713 INFO  server.RaftServerConfigKeys (ConfUtils.java:logGet(43)) - raft.server.log.segment.cache.num.max = 2 (custom)
2019-06-18 08:13:43,713 INFO  storage.RaftLogWorker (RaftLogWorker.java:<init>(123)) - new 0cda194b-8887-43cf-827b-c90e8715af19-RaftLogWorker for Storage Directory /opt/src/hadoop-ozone/tools/target/test-dir/MiniOzoneClusterImpl-e94527aa-b262-435e-bbae-d49858bde5e2/datanode-1/data/ratis/f062cd89-5307-4433-b207-30649d095de4
2019-06-18 08:13:43,713 INFO  server.RaftServerConfigKeys (ConfUtils.java:logGet(43)) - raft.server.log.queue.byte-limit = 2147483647 (custom)
2019-06-18 08:13:43,713 INFO  server.RaftServerConfigKeys (ConfUtils.java:logGet(43)) - raft.server.log.queue.element-limit = 1024 (custom)
2019-06-18 08:13:43,713 INFO  server.RaftServerConfigKeys (ConfUtils.java:logGet(43)) - raft.server.log.segment.size.max = 16384 (custom)
2019-06-18 08:13:43,713 INFO  server.RaftServerConfigKeys (ConfUtils.java:logGet(43)) - raft.server.log.preallocated.size = 16384 (custom)
2019-06-18 08:13:43,714 INFO  server.RaftServerConfigKeys (ConfUtils.java:logGet(43)) - raft.server.log.write.buffer.size = 33554432 (custom)
2019-06-18 08:13:43,714 INFO  server.RaftServerConfigKeys (ConfUtils.java:logGet(43)) - raft.server.log.force.sync.num = 128 (default)
2019-06-18 08:13:43,714 INFO  server.RaftServerConfigKeys (ConfUtils.java:logGet(43)) - raft.server.log.statemachine.data.sync = true (default)
2019-06-18 08:13:43,714 INFO  server.RaftServerConfigKeys (ConfUtils.java:logGet(43)) - raft.server.log.statemachine.data.sync.timeout = 10s (default)
2019-06-18 08:13:43,714 INFO  server.RaftServerConfigKeys (ConfUtils.java:logGet(43)) - raft.server.log.statemachine.data.sync.timeout.retry = -1 (default)
2019-06-18 08:13:43,714 INFO  server.RaftServerConfigKeys (ConfUtils.java:logGet(43)) - raft.server.log.statemachine.data.caching.enabled = true (custom)
2019-06-18 08:13:43,711 INFO  ratis.ContainerStateMachine (ContainerStateMachine.java:loadSnapshot(199)) - The snapshot info is null.Setting the last applied index to:(t:0, i:~)
2019-06-18 08:13:43,712 INFO  util.JmxRegister (JmxRegister.java:tryRegister(44)) - Successfully registered JMX Bean with object name Ratis:service=RaftServer,group=group-30649D095DE4,id=8976fcc7-37a0-4165-bdeb-dce5d7cf7cf9
2019-06-18 08:13:43,715 INFO  server.RaftServerConfigKeys (ConfUtils.java:logGet(43)) - raft.server.leader.election.timeout = 120s (custom)
2019-06-18 08:13:43,715 INFO  server.RaftServerConfigKeys (ConfUtils.java:logGet(43)) - raft.server.log.use.memory = false (default)
2019-06-18 08:13:43,715 INFO  server.RaftServerConfigKeys (ConfUtils.java:logGet(43)) - raft.server.log.appender.buffer.byte-limit = 33554432 (custom)
2019-06-18 08:13:43,715 INFO  server.RaftServerConfigKeys (ConfUtils.java:logGet(43)) - raft.server.log.segment.size.max = 16384 (custom)
2019-06-18 08:13:43,715 INFO  server.RaftServerConfigKeys (ConfUtils.java:logGet(43)) - raft.server.log.segment.cache.num.max = 2 (custom)
2019-06-18 08:13:43,715 INFO  storage.RaftLogWorker (RaftLogWorker.java:<init>(123)) - new dee551ab-dafc-4ad4-a4f3-2f095cdea451-RaftLogWorker for Storage Directory /opt/src/hadoop-ozone/tools/target/test-dir/MiniOzoneClusterImpl-e94527aa-b262-435e-bbae-d49858bde5e2/datanode-2/data/ratis/f062cd89-5307-4433-b207-30649d095de4
2019-06-18 08:13:43,715 INFO  server.RaftServerConfigKeys (ConfUtils.java:logGet(43)) - raft.server.log.queue.byte-limit = 2147483647 (custom)
2019-06-18 08:13:43,715 INFO  server.RaftServerConfigKeys (ConfUtils.java:logGet(43)) - raft.server.log.queue.element-limit = 1024 (custom)
2019-06-18 08:13:43,716 INFO  server.RaftServerConfigKeys (ConfUtils.java:logGet(43)) - raft.server.log.segment.size.max = 16384 (custom)
2019-06-18 08:13:43,716 INFO  server.RaftServerConfigKeys (ConfUtils.java:logGet(43)) - raft.server.log.preallocated.size = 16384 (custom)
2019-06-18 08:13:43,716 INFO  server.RaftServerConfigKeys (ConfUtils.java:logGet(43)) - raft.server.log.write.buffer.size = 33554432 (custom)
2019-06-18 08:13:43,716 INFO  server.RaftServerConfigKeys (ConfUtils.java:logGet(43)) - raft.server.log.force.sync.num = 128 (default)
2019-06-18 08:13:43,716 INFO  server.RaftServerConfigKeys (ConfUtils.java:logGet(43)) - raft.server.log.statemachine.data.sync = true (default)
2019-06-18 08:13:43,716 INFO  server.RaftServerConfigKeys (ConfUtils.java:logGet(43)) - raft.server.log.statemachine.data.sync.timeout = 10s (default)
2019-06-18 08:13:43,716 INFO  server.RaftServerConfigKeys (ConfUtils.java:logGet(43)) - raft.server.log.statemachine.data.sync.timeout.retry = -1 (default)
2019-06-18 08:13:43,716 INFO  server.RaftServerConfigKeys (ConfUtils.java:logGet(43)) - raft.server.snapshot.auto.trigger.enabled = true (custom)
2019-06-18 08:13:43,717 INFO  server.RaftServerConfigKeys (ConfUtils.java:logGet(43)) - raft.server.snapshot.auto.trigger.threshold = 10000 (custom)
2019-06-18 08:13:43,717 INFO  server.RaftServerConfigKeys (ConfUtils.java:logGet(43)) - raft.server.retrycache.expirytime = 600000ms (custom)
2019-06-18 08:13:43,717 INFO  impl.RaftServerImpl (RaftServerImpl.java:start(173)) - 0cda194b-8887-43cf-827b-c90e8715af19: start group-30649D095DE4
2019-06-18 08:13:43,717 INFO  impl.RaftServerImpl (RaftServerImpl.java:setRole(164)) - 0cda194b-8887-43cf-827b-c90e8715af19:group-30649D095DE4 changes role from null to FOLLOWER at term 0 for startAsFollower
2019-06-18 08:13:43,717 INFO  impl.RoleInfo (RoleInfo.java:updateAndGet(143)) - 0cda194b-8887-43cf-827b-c90e8715af19: start FollowerState
2019-06-18 08:13:43,722 INFO  server.RaftServerConfigKeys (ConfUtils.java:logGet(43)) - raft.server.log.statemachine.data.caching.enabled = true (custom)
2019-06-18 08:13:43,722 INFO  util.JmxRegister (JmxRegister.java:tryRegister(44)) - Successfully registered JMX Bean with object name Ratis:service=RaftServer,group=group-30649D095DE4,id=0cda194b-8887-43cf-827b-c90e8715af19
2019-06-18 08:13:43,722 INFO  server.RaftServerConfigKeys (ConfUtils.java:logGet(43)) - raft.server.snapshot.auto.trigger.enabled = true (custom)
2019-06-18 08:13:43,722 INFO  server.RaftServerConfigKeys (ConfUtils.java:logGet(43)) - raft.server.snapshot.auto.trigger.threshold = 10000 (custom)
2019-06-18 08:13:43,728 INFO  server.RaftServerConfigKeys (ConfUtils.java:logGet(43)) - raft.server.retrycache.expirytime = 600000ms (custom)
2019-06-18 08:13:43,729 INFO  impl.RaftServerImpl (RaftServerImpl.java:start(173)) - dee551ab-dafc-4ad4-a4f3-2f095cdea451: start group-30649D095DE4
2019-06-18 08:13:43,729 INFO  impl.RaftServerImpl (RaftServerImpl.java:setRole(164)) - dee551ab-dafc-4ad4-a4f3-2f095cdea451:group-30649D095DE4 changes role from null to FOLLOWER at term 0 for startAsFollower
2019-06-18 08:13:43,729 INFO  impl.RoleInfo (RoleInfo.java:updateAndGet(143)) - dee551ab-dafc-4ad4-a4f3-2f095cdea451: start FollowerState
2019-06-18 08:13:43,729 INFO  util.JmxRegister (JmxRegister.java:tryRegister(44)) - Successfully registered JMX Bean with object name Ratis:service=RaftServer,group=group-30649D095DE4,id=dee551ab-dafc-4ad4-a4f3-2f095cdea451
2019-06-18 08:13:43,742 INFO  pipeline.PipelineStateManager (PipelineStateManager.java:addPipeline(56)) - Created pipeline Pipeline[ Id: f062cd89-5307-4433-b207-30649d095de4, Nodes: 0cda194b-8887-43cf-827b-c90e8715af19{ip: 192.168.134.80, host: ozone-unit-076618677d3lpq9h-681410723, networkLocation: /default-rack, certSerialId: null}dee551ab-dafc-4ad4-a4f3-2f095cdea451{ip: 192.168.134.80, host: ozone-unit-076618677d3lpq9h-681410723, networkLocation: /default-rack, certSerialId: null}8976fcc7-37a0-4165-bdeb-dce5d7cf7cf9{ip: 192.168.134.80, host: ozone-unit-076618677d3lpq9h-681410723, networkLocation: /default-rack, certSerialId: null}, Type:RATIS, Factor:THREE, State:OPEN]
2019-06-18 08:13:43,778 INFO  freon.RandomKeyGenerator (RandomKeyGenerator.java:call(261)) - Number of Threads: 10
2019-06-18 08:13:43,779 INFO  freon.RandomKeyGenerator (RandomKeyGenerator.java:call(267)) - Number of Volumes: 1.
2019-06-18 08:13:43,779 INFO  freon.RandomKeyGenerator (RandomKeyGenerator.java:call(268)) - Number of Buckets per Volume: 1.
2019-06-18 08:13:43,779 INFO  freon.RandomKeyGenerator (RandomKeyGenerator.java:call(269)) - Number of Keys per Bucket: 1.
2019-06-18 08:13:43,779 INFO  freon.RandomKeyGenerator (RandomKeyGenerator.java:call(270)) - Key size: 20971520 bytes
2019-06-18 08:13:43,779 INFO  freon.RandomKeyGenerator (RandomKeyGenerator.java:call(271)) - Buffer size: 4096 bytes
2019-06-18 08:13:43,779 INFO  freon.RandomKeyGenerator (RandomKeyGenerator.java:call(287)) - Data validation is enabled.
2019-06-18 08:13:43,780 INFO  freon.RandomKeyGenerator (RandomKeyGenerator.java:call(300)) - Starting progress bar Thread.

 0.00% |█                                                                                                    |  0/1 Time: 0:00:002019-06-18 08:13:43,782 INFO  rpc.RpcClient (RpcClient.java:createVolume(289)) - Creating Volume: vol-0-37225, with jenkins1000 as owner.
2019-06-18 08:13:43,791 INFO  rpc.RpcClient (RpcClient.java:createBucket(426)) - Creating Bucket: vol-0-37225/bucket-0-91630, with Versioning false and Storage Type set to DISK and Encryption set to false 
2019-06-18 08:13:43,828 INFO  client.GrpcClientProtocolClient (GrpcClientProtocolClient.java:onNext(254)) - client-DC2A82381CC3->0cda194b-8887-43cf-827b-c90e8715af19: receive RaftClientReply:client-DC2A82381CC3->0cda194b-8887-43cf-827b-c90e8715af19@group-30649D095DE4, cid=60, FAILED org.apache.ratis.protocol.NotLeaderException: Server 0cda194b-8887-43cf-827b-c90e8715af19 is not the leader (dee551ab-dafc-4ad4-a4f3-2f095cdea451:192.168.134.80:40137). Request must be sent to leader., logIndex=0, commits[0cda194b-8887-43cf-827b-c90e8715af19:c-1]
2019-06-18 08:13:43,833 WARN  client.GrpcClientProtocolService (LogUtils.java:warn(134)) - 2-OrderedRequestStreamObserver2: onError: org.apache.ratis.thirdparty.io.grpc.StatusRuntimeException: CANCELLED: cancelled before receiving half close
2019-06-18 08:13:44,750 INFO  impl.FollowerState (FollowerState.java:run(101)) - dee551ab-dafc-4ad4-a4f3-2f095cdea451:group-30649D095DE4 changes to CANDIDATE, lastRpcTime:1021, electionTimeout:1021ms
2019-06-18 08:13:44,751 INFO  impl.RoleInfo (RoleInfo.java:shutdownFollowerState(121)) - dee551ab-dafc-4ad4-a4f3-2f095cdea451: shutdown FollowerState
2019-06-18 08:13:44,752 INFO  impl.RaftServerImpl (RaftServerImpl.java:setRole(164)) - dee551ab-dafc-4ad4-a4f3-2f095cdea451:group-30649D095DE4 changes role from FOLLOWER to CANDIDATE at term 0 for changeToCandidate
2019-06-18 08:13:44,752 INFO  impl.RoleInfo (RoleInfo.java:updateAndGet(143)) - dee551ab-dafc-4ad4-a4f3-2f095cdea451: start LeaderElection
2019-06-18 08:13:44,760 INFO  impl.LeaderElection (LeaderElection.java:askForVotes(181)) - dee551ab-dafc-4ad4-a4f3-2f095cdea451:group-30649D095DE4:LeaderElection5: begin an election at term 1 for -1: [dee551ab-dafc-4ad4-a4f3-2f095cdea451:192.168.134.80:40137, 8976fcc7-37a0-4165-bdeb-dce5d7cf7cf9:192.168.134.80:36727, 0cda194b-8887-43cf-827b-c90e8715af19:192.168.134.80:44369], old=null
2019-06-18 08:13:44,773 INFO  impl.RaftServerImpl (RaftServerImpl.java:setRole(164)) - 0cda194b-8887-43cf-827b-c90e8715af19:group-30649D095DE4 changes role from FOLLOWER to FOLLOWER at term 1 for recognizeCandidate:dee551ab-dafc-4ad4-a4f3-2f095cdea451
2019-06-18 08:13:44,773 INFO  impl.RoleInfo (RoleInfo.java:shutdownFollowerState(121)) - 0cda194b-8887-43cf-827b-c90e8715af19: shutdown FollowerState
2019-06-18 08:13:44,773 INFO  impl.RoleInfo (RoleInfo.java:updateAndGet(143)) - 0cda194b-8887-43cf-827b-c90e8715af19: start FollowerState
2019-06-18 08:13:44,773 INFO  impl.FollowerState (FollowerState.java:run(109)) - 0cda194b-8887-43cf-827b-c90e8715af19: FollowerState was interrupted: java.lang.InterruptedException: sleep interrupted
2019-06-18 08:13:44,773 INFO  impl.RaftServerImpl (RaftServerImpl.java:setRole(164)) - 8976fcc7-37a0-4165-bdeb-dce5d7cf7cf9:group-30649D095DE4 changes role from FOLLOWER to FOLLOWER at term 1 for recognizeCandidate:dee551ab-dafc-4ad4-a4f3-2f095cdea451
2019-06-18 08:13:44,773 INFO  impl.RoleInfo (RoleInfo.java:shutdownFollowerState(121)) - 8976fcc7-37a0-4165-bdeb-dce5d7cf7cf9: shutdown FollowerState
2019-06-18 08:13:44,773 INFO  impl.RoleInfo (RoleInfo.java:updateAndGet(143)) - 8976fcc7-37a0-4165-bdeb-dce5d7cf7cf9: start FollowerState
2019-06-18 08:13:44,773 INFO  impl.FollowerState (FollowerState.java:run(109)) - 8976fcc7-37a0-4165-bdeb-dce5d7cf7cf9: FollowerState was interrupted: java.lang.InterruptedException: sleep interrupted
 0.00% |█                                                                                                    |  0/1 Time: 0:00:012019-06-18 08:13:44,781 INFO  impl.LeaderElection (LeaderElection.java:logAndReturn(56)) - dee551ab-dafc-4ad4-a4f3-2f095cdea451:group-30649D095DE4:LeaderElection5: Election PASSED; received 1 response(s) [dee551ab-dafc-4ad4-a4f3-2f095cdea451->0cda194b-8887-43cf-827b-c90e8715af19,true-t1] and 0 exception(s); dee551ab-dafc-4ad4-a4f3-2f095cdea451:t1, leader=null, voted=dee551ab-dafc-4ad4-a4f3-2f095cdea451, raftlog=dee551ab-dafc-4ad4-a4f3-2f095cdea451-SegmentedRaftLog:OPENED:c-1,f-1,i0, conf=-1: [dee551ab-dafc-4ad4-a4f3-2f095cdea451:192.168.134.80:40137, 8976fcc7-37a0-4165-bdeb-dce5d7cf7cf9:192.168.134.80:36727, 0cda194b-8887-43cf-827b-c90e8715af19:192.168.134.80:44369], old=null
2019-06-18 08:13:44,781 INFO  impl.RoleInfo (RoleInfo.java:shutdownLeaderElection(134)) - dee551ab-dafc-4ad4-a4f3-2f095cdea451: shutdown LeaderElection
2019-06-18 08:13:44,782 INFO  impl.RaftServerImpl (RaftServerImpl.java:setRole(164)) - dee551ab-dafc-4ad4-a4f3-2f095cdea451:group-30649D095DE4 changes role from CANDIDATE to LEADER at term 1 for changeToLeader
2019-06-18 08:13:44,783 INFO  impl.RaftServerImpl (ServerState.java:setLeader(263)) - dee551ab-dafc-4ad4-a4f3-2f095cdea451:group-30649D095DE4 change Leader from null to dee551ab-dafc-4ad4-a4f3-2f095cdea451 at term 1 for becomeLeader, leader elected after 1068ms
2019-06-18 08:13:44,783 INFO  server.RaftServerConfigKeys (ConfUtils.java:logGet(43)) - raft.server.staging.catchup.gap = 1000 (default)
2019-06-18 08:13:44,783 INFO  server.RaftServerConfigKeys (ConfUtils.java:logGet(43)) - raft.server.rpc.sleep.time = 25ms (default)
2019-06-18 08:13:44,783 INFO  server.RaftServerConfigKeys (ConfUtils.java:logGet(43)) - raft.server.watch.timeout = 10s (default)
2019-06-18 08:13:44,783 INFO  server.RaftServerConfigKeys (ConfUtils.java:logGet(43)) - raft.server.watch.timeout.denomination = 1s (default)
2019-06-18 08:13:44,783 INFO  server.RaftServerConfigKeys (ConfUtils.java:logGet(43)) - raft.server.log.appender.snapshot.chunk.size.max = 16MB (=16777216) (default)
2019-06-18 08:13:44,783 INFO  server.RaftServerConfigKeys (ConfUtils.java:logGet(43)) - raft.server.log.appender.buffer.byte-limit = 33554432 (custom)
2019-06-18 08:13:44,783 INFO  server.RaftServerConfigKeys (ConfUtils.java:logGet(43)) - raft.server.log.appender.buffer.element-limit = 1 (custom)
2019-06-18 08:13:44,784 INFO  grpc.GrpcConfigKeys$Server (ConfUtils.java:logGet(43)) - raft.grpc.server.leader.outstanding.appends.max = 128 (default)
2019-06-18 08:13:44,784 INFO  server.RaftServerConfigKeys (ConfUtils.java:logGet(43)) - raft.server.rpc.request.timeout = 3000ms (default)
2019-06-18 08:13:44,784 INFO  server.RaftServerConfigKeys (ConfUtils.java:logGet(43)) - raft.server.log.appender.install.snapshot.enabled = true (default)
2019-06-18 08:13:44,784 INFO  server.RaftServerConfigKeys (ConfUtils.java:logGet(43)) - raft.server.log.appender.snapshot.chunk.size.max = 16MB (=16777216) (default)
2019-06-18 08:13:44,784 INFO  server.RaftServerConfigKeys (ConfUtils.java:logGet(43)) - raft.server.log.appender.buffer.byte-limit = 33554432 (custom)
2019-06-18 08:13:44,784 INFO  server.RaftServerConfigKeys (ConfUtils.java:logGet(43)) - raft.server.log.appender.buffer.element-limit = 1 (custom)
2019-06-18 08:13:44,784 INFO  grpc.GrpcConfigKeys$Server (ConfUtils.java:logGet(43)) - raft.grpc.server.leader.outstanding.appends.max = 128 (default)
2019-06-18 08:13:44,784 INFO  server.RaftServerConfigKeys (ConfUtils.java:logGet(43)) - raft.server.rpc.request.timeout = 3000ms (default)
2019-06-18 08:13:44,784 INFO  server.RaftServerConfigKeys (ConfUtils.java:logGet(43)) - raft.server.log.appender.install.snapshot.enabled = true (default)
2019-06-18 08:13:44,785 INFO  impl.RoleInfo (RoleInfo.java:updateAndGet(143)) - dee551ab-dafc-4ad4-a4f3-2f095cdea451: start LeaderState
2019-06-18 08:13:44,785 INFO  storage.RaftLogWorker (RaftLogWorker.java:startLogSegment(298)) - dee551ab-dafc-4ad4-a4f3-2f095cdea451-RaftLogWorker: Starting segment from index:0
2019-06-18 08:13:44,795 INFO  impl.RaftServerImpl (ServerState.java:setRaftConf(361)) - dee551ab-dafc-4ad4-a4f3-2f095cdea451:group-30649D095DE4 set configuration 0: [dee551ab-dafc-4ad4-a4f3-2f095cdea451:192.168.134.80:40137, 8976fcc7-37a0-4165-bdeb-dce5d7cf7cf9:192.168.134.80:36727, 0cda194b-8887-43cf-827b-c90e8715af19:192.168.134.80:44369], old=null at 0
2019-06-18 08:13:44,826 INFO  impl.RaftServerImpl (ServerState.java:setLeader(263)) - 8976fcc7-37a0-4165-bdeb-dce5d7cf7cf9:group-30649D095DE4 change Leader from null to dee551ab-dafc-4ad4-a4f3-2f095cdea451 at term 1 for appendEntries, leader elected after 1117ms
2019-06-18 08:13:44,827 INFO  impl.RaftServerImpl (ServerState.java:setLeader(263)) - 0cda194b-8887-43cf-827b-c90e8715af19:group-30649D095DE4 change Leader from null to dee551ab-dafc-4ad4-a4f3-2f095cdea451 at term 1 for appendEntries, leader elected after 1115ms
2019-06-18 08:13:44,826 INFO  storage.RaftLogWorker (RaftLogWorker.java:execute(469)) - dee551ab-dafc-4ad4-a4f3-2f095cdea451-RaftLogWorker: created new log segment /opt/src/hadoop-ozone/tools/target/test-dir/MiniOzoneClusterImpl-e94527aa-b262-435e-bbae-d49858bde5e2/datanode-2/data/ratis/f062cd89-5307-4433-b207-30649d095de4/current/log_inprogress_0
2019-06-18 08:13:44,832 INFO  impl.RaftServerImpl (ServerState.java:setRaftConf(361)) - 8976fcc7-37a0-4165-bdeb-dce5d7cf7cf9:group-30649D095DE4 set configuration 0: [dee551ab-dafc-4ad4-a4f3-2f095cdea451:192.168.134.80:40137, 8976fcc7-37a0-4165-bdeb-dce5d7cf7cf9:192.168.134.80:36727, 0cda194b-8887-43cf-827b-c90e8715af19:192.168.134.80:44369], old=null at 0
2019-06-18 08:13:44,832 INFO  storage.RaftLogWorker (RaftLogWorker.java:startLogSegment(298)) - 8976fcc7-37a0-4165-bdeb-dce5d7cf7cf9-RaftLogWorker: Starting segment from index:0
2019-06-18 08:13:44,852 INFO  impl.RaftServerImpl (ServerState.java:setRaftConf(361)) - 0cda194b-8887-43cf-827b-c90e8715af19:group-30649D095DE4 set configuration 0: [dee551ab-dafc-4ad4-a4f3-2f095cdea451:192.168.134.80:40137, 8976fcc7-37a0-4165-bdeb-dce5d7cf7cf9:192.168.134.80:36727, 0cda194b-8887-43cf-827b-c90e8715af19:192.168.134.80:44369], old=null at 0
2019-06-18 08:13:44,871 INFO  storage.RaftLogWorker (RaftLogWorker.java:startLogSegment(298)) - 0cda194b-8887-43cf-827b-c90e8715af19-RaftLogWorker: Starting segment from index:0
2019-06-18 08:13:44,893 INFO  storage.RaftLogWorker (RaftLogWorker.java:execute(469)) - 8976fcc7-37a0-4165-bdeb-dce5d7cf7cf9-RaftLogWorker: created new log segment /opt/src/hadoop-ozone/tools/target/test-dir/MiniOzoneClusterImpl-e94527aa-b262-435e-bbae-d49858bde5e2/datanode-0/data/ratis/f062cd89-5307-4433-b207-30649d095de4/current/log_inprogress_0
2019-06-18 08:13:44,944 INFO  storage.RaftLogWorker (RaftLogWorker.java:execute(469)) - 0cda194b-8887-43cf-827b-c90e8715af19-RaftLogWorker: created new log segment /opt/src/hadoop-ozone/tools/target/test-dir/MiniOzoneClusterImpl-e94527aa-b262-435e-bbae-d49858bde5e2/datanode-1/data/ratis/f062cd89-5307-4433-b207-30649d095de4/current/log_inprogress_0
2019-06-18 08:13:44,985 INFO  client.GrpcClientProtocolClient (GrpcClientProtocolClient.java:onNext(254)) - client-DC2A82381CC3->dee551ab-dafc-4ad4-a4f3-2f095cdea451: receive RaftClientReply:client-DC2A82381CC3->dee551ab-dafc-4ad4-a4f3-2f095cdea451@group-30649D095DE4, cid=60, SUCCESS, logIndex=1, commits[dee551ab-dafc-4ad4-a4f3-2f095cdea451:c2, 8976fcc7-37a0-4165-bdeb-dce5d7cf7cf9:c1, 0cda194b-8887-43cf-827b-c90e8715af19:c1]
2019-06-18 08:13:45,033 INFO  client.GrpcClientProtocolClient (GrpcClientProtocolClient.java:onNext(254)) - client-DC2A82381CC3->dee551ab-dafc-4ad4-a4f3-2f095cdea451: receive RaftClientReply:client-DC2A82381CC3->dee551ab-dafc-4ad4-a4f3-2f095cdea451@group-30649D095DE4, cid=61, SUCCESS, logIndex=3, commits[dee551ab-dafc-4ad4-a4f3-2f095cdea451:c4, 8976fcc7-37a0-4165-bdeb-dce5d7cf7cf9:c3, 0cda194b-8887-43cf-827b-c90e8715af19:c3]
2019-06-18 08:13:45,050 INFO  client.GrpcClientProtocolClient (GrpcClientProtocolClient.java:onNext(254)) - client-DC2A82381CC3->dee551ab-dafc-4ad4-a4f3-2f095cdea451: receive RaftClientReply:client-DC2A82381CC3->dee551ab-dafc-4ad4-a4f3-2f095cdea451@group-30649D095DE4, cid=62, SUCCESS, logIndex=5, commits[dee551ab-dafc-4ad4-a4f3-2f095cdea451:c5, 8976fcc7-37a0-4165-bdeb-dce5d7cf7cf9:c3, 0cda194b-8887-43cf-827b-c90e8715af19:c4]
2019-06-18 08:13:45,074 INFO  client.GrpcClientProtocolClient (GrpcClientProtocolClient.java:onNext(254)) - client-DC2A82381CC3->dee551ab-dafc-4ad4-a4f3-2f095cdea451: receive RaftClientReply:client-DC2A82381CC3->dee551ab-dafc-4ad4-a4f3-2f095cdea451@group-30649D095DE4, cid=63, SUCCESS, logIndex=6, commits[dee551ab-dafc-4ad4-a4f3-2f095cdea451:c7, 8976fcc7-37a0-4165-bdeb-dce5d7cf7cf9:c4, 0cda194b-8887-43cf-827b-c90e8715af19:c5]
2019-06-18 08:13:45,095 INFO  client.GrpcClientProtocolClient (GrpcClientProtocolClient.java:onNext(254)) - client-DC2A82381CC3->dee551ab-dafc-4ad4-a4f3-2f095cdea451: receive RaftClientReply:client-DC2A82381CC3->dee551ab-dafc-4ad4-a4f3-2f095cdea451@group-30649D095DE4, cid=64, SUCCESS, logIndex=9, commits[dee551ab-dafc-4ad4-a4f3-2f095cdea451:c9, 8976fcc7-37a0-4165-bdeb-dce5d7cf7cf9:c8, 0cda194b-8887-43cf-827b-c90e8715af19:c6]
2019-06-18 08:13:45,101 INFO  client.GrpcClientProtocolClient (GrpcClientProtocolClient.java:onNext(254)) - client-DC2A82381CC3->dee551ab-dafc-4ad4-a4f3-2f095cdea451: receive RaftClientReply:client-DC2A82381CC3->dee551ab-dafc-4ad4-a4f3-2f095cdea451@group-30649D095DE4, cid=65, SUCCESS, logIndex=11, commits[dee551ab-dafc-4ad4-a4f3-2f095cdea451:c11, 8976fcc7-37a0-4165-bdeb-dce5d7cf7cf9:c9, 0cda194b-8887-43cf-827b-c90e8715af19:c9]
2019-06-18 08:13:45,123 INFO  client.GrpcClientProtocolClient (GrpcClientProtocolClient.java:onNext(254)) - client-DC2A82381CC3->dee551ab-dafc-4ad4-a4f3-2f095cdea451: receive RaftClientReply:client-DC2A82381CC3->dee551ab-dafc-4ad4-a4f3-2f095cdea451@group-30649D095DE4, cid=66, SUCCESS, logIndex=13, commits[dee551ab-dafc-4ad4-a4f3-2f095cdea451:c13, 8976fcc7-37a0-4165-bdeb-dce5d7cf7cf9:c11, 0cda194b-8887-43cf-827b-c90e8715af19:c12]
2019-06-18 08:13:45,132 INFO  client.GrpcClientProtocolClient (GrpcClientProtocolClient.java:onNext(254)) - client-DC2A82381CC3->dee551ab-dafc-4ad4-a4f3-2f095cdea451: receive RaftClientReply:client-DC2A82381CC3->dee551ab-dafc-4ad4-a4f3-2f095cdea451@group-30649D095DE4, cid=67, SUCCESS, logIndex=15, commits[dee551ab-dafc-4ad4-a4f3-2f095cdea451:c15, 8976fcc7-37a0-4165-bdeb-dce5d7cf7cf9:c13, 0cda194b-8887-43cf-827b-c90e8715af19:c13]
2019-06-18 08:13:45,139 INFO  client.GrpcClientProtocolClient (GrpcClientProtocolClient.java:onNext(254)) - client-DC2A82381CC3->dee551ab-dafc-4ad4-a4f3-2f095cdea451: receive RaftClientReply:client-DC2A82381CC3->dee551ab-dafc-4ad4-a4f3-2f095cdea451@group-30649D095DE4, cid=68, SUCCESS, logIndex=0, commits[dee551ab-dafc-4ad4-a4f3-2f095cdea451:c16, 8976fcc7-37a0-4165-bdeb-dce5d7cf7cf9:c15, 0cda194b-8887-43cf-827b-c90e8715af19:c15]
2019-06-18 08:13:45,146 INFO  keyvalue.KeyValueHandler (ContainerUtils.java:logAndReturnError(146)) - Operation: CreateContainer : Trace ID: 638098703d34fcc1:eaf1c085af89a446:51f15af425318edf:0 : Message: Container creation failed, due to disk out of space : Result: DISK_OUT_OF_SPACE
2019-06-18 08:13:45,154 INFO  keyvalue.KeyValueHandler (ContainerUtils.java:logAndReturnError(146)) - Operation: CreateContainer : Trace ID: 638098703d34fcc1:eaf1c085af89a446:51f15af425318edf:0 : Message: Container creation failed, due to disk out of space : Result: DISK_OUT_OF_SPACE
2019-06-18 08:13:45,155 INFO  keyvalue.KeyValueHandler (ContainerUtils.java:logAndReturnError(146)) - Operation: CreateContainer : Trace ID: 638098703d34fcc1:eaf1c085af89a446:51f15af425318edf:0 : Message: Container creation failed, due to disk out of space : Result: DISK_OUT_OF_SPACE
08:13:45.148 [pool-68-thread-33] ERROR DNAudit - user=null | ip=null | op=WRITE_CHUNK {blockData=conID: 5 locID: 102291578801356808 bcsId: 0} | ret=FAILURE
org.apache.hadoop.hdds.scm.container.common.helpers.StorageContainerException: ContainerID 5 creation failed
	at org.apache.hadoop.ozone.container.common.impl.HddsDispatcher.dispatchRequest(HddsDispatcher.java:227) ~[classes/:?]
	at org.apache.hadoop.ozone.container.common.impl.HddsDispatcher.dispatch(HddsDispatcher.java:148) ~[classes/:?]
	at org.apache.hadoop.ozone.container.common.transport.server.ratis.ContainerStateMachine.dispatchCommand(ContainerStateMachine.java:347) ~[classes/:?]
	at org.apache.hadoop.ozone.container.common.transport.server.ratis.ContainerStateMachine.runCommand(ContainerStateMachine.java:354) ~[classes/:?]
	at org.apache.hadoop.ozone.container.common.transport.server.ratis.ContainerStateMachine.lambda$handleWriteChunk$0(ContainerStateMachine.java:385) ~[classes/:?]
	at java.util.concurrent.CompletableFuture$AsyncSupply.run(CompletableFuture.java:1590) [?:1.8.0_212]
	at java.util.concurrent.ThreadPoolExecutor.runWorker(ThreadPoolExecutor.java:1149) [?:1.8.0_212]
	at java.util.concurrent.ThreadPoolExecutor$Worker.run(ThreadPoolExecutor.java:624) [?:1.8.0_212]
	at java.lang.Thread.run(Thread.java:748) [?:1.8.0_212]
08:13:45.155 [pool-47-thread-6] ERROR DNAudit - user=null | ip=null | op=WRITE_CHUNK {blockData=conID: 5 locID: 102291578801356808 bcsId: 0} | ret=FAILURE
org.apache.hadoop.hdds.scm.container.common.helpers.StorageContainerException: ContainerID 5 creation failed
	at org.apache.hadoop.ozone.container.common.impl.HddsDispatcher.dispatchRequest(HddsDispatcher.java:227) ~[classes/:?]
	at org.apache.hadoop.ozone.container.common.impl.HddsDispatcher.dispatch(HddsDispatcher.java:148) ~[classes/:?]
	at org.apache.hadoop.ozone.container.common.transport.server.ratis.ContainerStateMachine.dispatchCommand(ContainerStateMachine.java:347) ~[classes/:?]
	at org.apache.hadoop.ozone.container.common.transport.server.ratis.ContainerStateMachine.runCommand(ContainerStateMachine.java:354) ~[classes/:?]
	at org.apache.hadoop.ozone.container.common.transport.server.ratis.ContainerStateMachine.lambda$handleWriteChunk$0(ContainerStateMachine.java:385) ~[classes/:?]
	at java.util.concurrent.CompletableFuture$AsyncSupply.run(CompletableFuture.java:1590) [?:1.8.0_212]
	at java.util.concurrent.ThreadPoolExecutor.runWorker(ThreadPoolExecutor.java:1149) [?:1.8.0_212]
	at java.util.concurrent.ThreadPoolExecutor$Worker.run(ThreadPoolExecutor.java:624) [?:1.8.0_212]
	at java.lang.Thread.run(Thread.java:748) [?:1.8.0_212]
08:13:45.155 [pool-26-thread-25] ERROR DNAudit - user=null | ip=null | op=WRITE_CHUNK {blockData=conID: 5 locID: 102291578801356808 bcsId: 0} | ret=FAILURE
org.apache.hadoop.hdds.scm.container.common.helpers.StorageContainerException: ContainerID 5 creation failed
	at org.apache.hadoop.ozone.container.common.impl.HddsDispatcher.dispatchRequest(HddsDispatcher.java:227) ~[classes/:?]
	at org.apache.hadoop.ozone.container.common.impl.HddsDispatcher.dispatch(HddsDispatcher.java:148) ~[classes/:?]
	at org.apache.hadoop.ozone.container.common.transport.server.ratis.ContainerStateMachine.dispatchCommand(ContainerStateMachine.java:347) ~[classes/:?]
	at org.apache.hadoop.ozone.container.common.transport.server.ratis.ContainerStateMachine.runCommand(ContainerStateMachine.java:354) ~[classes/:?]
	at org.apache.hadoop.ozone.container.common.transport.server.ratis.ContainerStateMachine.lambda$handleWriteChunk$0(ContainerStateMachine.java:385) ~[classes/:?]
	at java.util.concurrent.CompletableFuture$AsyncSupply.run(CompletableFuture.java:1590) [?:1.8.0_212]
	at java.util.concurrent.ThreadPoolExecutor.runWorker(ThreadPoolExecutor.java:1149) [?:1.8.0_212]
	at java.util.concurrent.ThreadPoolExecutor$Worker.run(ThreadPoolExecutor.java:624) [?:1.8.0_212]
	at java.lang.Thread.run(Thread.java:748) [?:1.8.0_212]
2019-06-18 08:13:45,157 INFO  impl.HddsDispatcher (ContainerUtils.java:logAndReturnError(146)) - Operation: WriteChunk : Trace ID: 638098703d34fcc1:eaf1c085af89a446:51f15af425318edf:0 : Message: ContainerID 5 creation failed : Result: DISK_OUT_OF_SPACE
2019-06-18 08:13:45,157 INFO  impl.HddsDispatcher (ContainerUtils.java:logAndReturnError(146)) - Operation: WriteChunk : Trace ID: 638098703d34fcc1:eaf1c085af89a446:51f15af425318edf:0 : Message: ContainerID 5 creation failed : Result: DISK_OUT_OF_SPACE
2019-06-18 08:13:45,158 INFO  impl.HddsDispatcher (ContainerUtils.java:logAndReturnError(146)) - Operation: WriteChunk : Trace ID: 638098703d34fcc1:eaf1c085af89a446:51f15af425318edf:0 : Message: ContainerID 5 creation failed : Result: DISK_OUT_OF_SPACE
08:13:45.169 [pool-74-thread-1] ERROR DNAudit - user=null | ip=null | op=WRITE_CHUNK {blockData=conID: 5 locID: 102291578801356808 bcsId: 0} | ret=FAILURE
org.apache.hadoop.hdds.scm.container.common.helpers.StorageContainerException: ContainerID 5 does not exist
	at org.apache.hadoop.ozone.container.common.impl.HddsDispatcher.dispatchRequest(HddsDispatcher.java:242) ~[classes/:?]
	at org.apache.hadoop.ozone.container.common.impl.HddsDispatcher.dispatch(HddsDispatcher.java:148) ~[classes/:?]
	at org.apache.hadoop.ozone.container.common.transport.server.ratis.ContainerStateMachine.dispatchCommand(ContainerStateMachine.java:347) ~[classes/:?]
	at org.apache.hadoop.ozone.container.common.transport.server.ratis.ContainerStateMachine.runCommand(ContainerStateMachine.java:354) ~[classes/:?]
	at org.apache.hadoop.ozone.container.common.transport.server.ratis.ContainerStateMachine.lambda$applyTransaction$5(ContainerStateMachine.java:621) ~[classes/:?]
	at java.util.concurrent.CompletableFuture$AsyncSupply.run(CompletableFuture.java:1590) [?:1.8.0_212]
	at java.util.concurrent.ThreadPoolExecutor.runWorker(ThreadPoolExecutor.java:1149) [?:1.8.0_212]
	at java.util.concurrent.ThreadPoolExecutor$Worker.run(ThreadPoolExecutor.java:624) [?:1.8.0_212]
	at java.lang.Thread.run(Thread.java:748) [?:1.8.0_212]
2019-06-18 08:13:45,170 INFO  impl.HddsDispatcher (ContainerUtils.java:logAndReturnError(146)) - Operation: WriteChunk : Trace ID: 638098703d34fcc1:eaf1c085af89a446:51f15af425318edf:0 : Message: ContainerID 5 does not exist : Result: CONTAINER_NOT_FOUND
2019-06-18 08:13:45,175 INFO  client.GrpcClientProtocolClient (GrpcClientProtocolClient.java:onNext(254)) - client-DC2A82381CC3->dee551ab-dafc-4ad4-a4f3-2f095cdea451: receive RaftClientReply:client-DC2A82381CC3->dee551ab-dafc-4ad4-a4f3-2f095cdea451@group-30649D095DE4, cid=69, SUCCESS, logIndex=17, commits[dee551ab-dafc-4ad4-a4f3-2f095cdea451:c17, 8976fcc7-37a0-4165-bdeb-dce5d7cf7cf9:c16, 0cda194b-8887-43cf-827b-c90e8715af19:c16]
08:13:45.177 [pool-32-thread-1] ERROR DNAudit - user=null | ip=null | op=WRITE_CHUNK {blockData=conID: 5 locID: 102291578801356808 bcsId: 0} | ret=FAILURE
org.apache.hadoop.hdds.scm.container.common.helpers.StorageContainerException: ContainerID 5 does not exist
	at org.apache.hadoop.ozone.container.common.impl.HddsDispatcher.dispatchRequest(HddsDispatcher.java:242) ~[classes/:?]
	at org.apache.hadoop.ozone.container.common.impl.HddsDispatcher.dispatch(HddsDispatcher.java:148) ~[classes/:?]
	at org.apache.hadoop.ozone.container.common.transport.server.ratis.ContainerStateMachine.dispatchCommand(ContainerStateMachine.java:347) ~[classes/:?]
	at org.apache.hadoop.ozone.container.common.transport.server.ratis.ContainerStateMachine.runCommand(ContainerStateMachine.java:354) ~[classes/:?]
	at org.apache.hadoop.ozone.container.common.transport.server.ratis.ContainerStateMachine.lambda$applyTransaction$5(ContainerStateMachine.java:621) ~[classes/:?]
	at java.util.concurrent.CompletableFuture$AsyncSupply.run(CompletableFuture.java:1590) [?:1.8.0_212]
	at java.util.concurrent.ThreadPoolExecutor.runWorker(ThreadPoolExecutor.java:1149) [?:1.8.0_212]
	at java.util.concurrent.ThreadPoolExecutor$Worker.run(ThreadPoolExecutor.java:624) [?:1.8.0_212]
	at java.lang.Thread.run(Thread.java:748) [?:1.8.0_212]
2019-06-18 08:13:45,178 INFO  impl.HddsDispatcher (ContainerUtils.java:logAndReturnError(146)) - Operation: WriteChunk : Trace ID: 638098703d34fcc1:eaf1c085af89a446:51f15af425318edf:0 : Message: ContainerID 5 does not exist : Result: CONTAINER_NOT_FOUND
2019-06-18 08:13:45,182 INFO  keyvalue.KeyValueHandler (ContainerUtils.java:logAndReturnError(146)) - Operation: CreateContainer : Trace ID: 638098703d34fcc1:478557d7522d8a8c:51f15af425318edf:0 : Message: Container creation failed, due to disk out of space : Result: DISK_OUT_OF_SPACE
08:13:45.183 [pool-68-thread-36] ERROR DNAudit - user=null | ip=null | op=WRITE_CHUNK {blockData=conID: 5 locID: 102291578801356808 bcsId: 0} | ret=FAILURE
org.apache.hadoop.hdds.scm.container.common.helpers.StorageContainerException: ContainerID 5 creation failed
	at org.apache.hadoop.ozone.container.common.impl.HddsDispatcher.dispatchRequest(HddsDispatcher.java:227) ~[classes/:?]
	at org.apache.hadoop.ozone.container.common.impl.HddsDispatcher.dispatch(HddsDispatcher.java:148) ~[classes/:?]
	at org.apache.hadoop.ozone.container.common.transport.server.ratis.ContainerStateMachine.dispatchCommand(ContainerStateMachine.java:347) ~[classes/:?]
	at org.apache.hadoop.ozone.container.common.transport.server.ratis.ContainerStateMachine.runCommand(ContainerStateMachine.java:354) ~[classes/:?]
	at org.apache.hadoop.ozone.container.common.transport.server.ratis.ContainerStateMachine.lambda$handleWriteChunk$0(ContainerStateMachine.java:385) ~[classes/:?]
	at java.util.concurrent.CompletableFuture$AsyncSupply.run(CompletableFuture.java:1590) [?:1.8.0_212]
	at java.util.concurrent.ThreadPoolExecutor.runWorker(ThreadPoolExecutor.java:1149) [?:1.8.0_212]
	at java.util.concurrent.ThreadPoolExecutor$Worker.run(ThreadPoolExecutor.java:624) [?:1.8.0_212]
	at java.lang.Thread.run(Thread.java:748) [?:1.8.0_212]
2019-06-18 08:13:45,183 INFO  impl.HddsDispatcher (ContainerUtils.java:logAndReturnError(146)) - Operation: WriteChunk : Trace ID: 638098703d34fcc1:478557d7522d8a8c:51f15af425318edf:0 : Message: ContainerID 5 creation failed : Result: DISK_OUT_OF_SPACE
2019-06-18 08:13:45,184 ERROR storage.BlockOutputStream (BlockOutputStream.java:validateResponse(538)) - Unexpected Storage Container Exception: 
org.apache.hadoop.hdds.scm.container.common.helpers.StorageContainerException: ContainerID 5 does not exist
	at org.apache.hadoop.hdds.scm.storage.ContainerProtocolCalls.validateContainerResponse(ContainerProtocolCalls.java:536)
	at org.apache.hadoop.hdds.scm.storage.BlockOutputStream.validateResponse(BlockOutputStream.java:536)
	at org.apache.hadoop.hdds.scm.storage.BlockOutputStream.lambda$writeChunkToContainer$2(BlockOutputStream.java:614)
	at java.util.concurrent.CompletableFuture.uniApply(CompletableFuture.java:602)
	at java.util.concurrent.CompletableFuture$UniApply.tryFire(CompletableFuture.java:577)
	at java.util.concurrent.CompletableFuture$Completion.run(CompletableFuture.java:442)
	at java.util.concurrent.ThreadPoolExecutor.runWorker(ThreadPoolExecutor.java:1149)
	at java.util.concurrent.ThreadPoolExecutor$Worker.run(ThreadPoolExecutor.java:624)
	at java.lang.Thread.run(Thread.java:748)
2019-06-18 08:13:45,190 INFO  keyvalue.KeyValueHandler (ContainerUtils.java:logAndReturnError(146)) - Operation: CreateContainer : Trace ID: 638098703d34fcc1:478557d7522d8a8c:51f15af425318edf:0 : Message: Container creation failed, due to disk out of space : Result: DISK_OUT_OF_SPACE
08:13:45.191 [pool-26-thread-26] ERROR DNAudit - user=null | ip=null | op=WRITE_CHUNK {blockData=conID: 5 locID: 102291578801356808 bcsId: 0} | ret=FAILURE
org.apache.hadoop.hdds.scm.container.common.helpers.StorageContainerException: ContainerID 5 creation failed
	at org.apache.hadoop.ozone.container.common.impl.HddsDispatcher.dispatchRequest(HddsDispatcher.java:227) ~[classes/:?]
	at org.apache.hadoop.ozone.container.common.impl.HddsDispatcher.dispatch(HddsDispatcher.java:148) ~[classes/:?]
	at org.apache.hadoop.ozone.container.common.transport.server.ratis.ContainerStateMachine.dispatchCommand(ContainerStateMachine.java:347) ~[classes/:?]
	at org.apache.hadoop.ozone.container.common.transport.server.ratis.ContainerStateMachine.runCommand(ContainerStateMachine.java:354) ~[classes/:?]
	at org.apache.hadoop.ozone.container.common.transport.server.ratis.ContainerStateMachine.lambda$handleWriteChunk$0(ContainerStateMachine.java:385) ~[classes/:?]
	at java.util.concurrent.CompletableFuture$AsyncSupply.run(CompletableFuture.java:1590) [?:1.8.0_212]
	at java.util.concurrent.ThreadPoolExecutor.runWorker(ThreadPoolExecutor.java:1149) [?:1.8.0_212]
	at java.util.concurrent.ThreadPoolExecutor$Worker.run(ThreadPoolExecutor.java:624) [?:1.8.0_212]
	at java.lang.Thread.run(Thread.java:748) [?:1.8.0_212]
2019-06-18 08:13:45,191 INFO  impl.HddsDispatcher (ContainerUtils.java:logAndReturnError(146)) - Operation: WriteChunk : Trace ID: 638098703d34fcc1:478557d7522d8a8c:51f15af425318edf:0 : Message: ContainerID 5 creation failed : Result: DISK_OUT_OF_SPACE
08:13:45.192 [pool-53-thread-1] ERROR DNAudit - user=null | ip=null | op=WRITE_CHUNK {blockData=conID: 5 locID: 102291578801356808 bcsId: 0} | ret=FAILURE
org.apache.hadoop.hdds.scm.container.common.helpers.StorageContainerException: ContainerID 5 does not exist
	at org.apache.hadoop.ozone.container.common.impl.HddsDispatcher.dispatchRequest(HddsDispatcher.java:242) ~[classes/:?]
	at org.apache.hadoop.ozone.container.common.impl.HddsDispatcher.dispatch(HddsDispatcher.java:148) ~[classes/:?]
	at org.apache.hadoop.ozone.container.common.transport.server.ratis.ContainerStateMachine.dispatchCommand(ContainerStateMachine.java:347) ~[classes/:?]
	at org.apache.hadoop.ozone.container.common.transport.server.ratis.ContainerStateMachine.runCommand(ContainerStateMachine.java:354) ~[classes/:?]
	at org.apache.hadoop.ozone.container.common.transport.server.ratis.ContainerStateMachine.lambda$applyTransaction$5(ContainerStateMachine.java:621) ~[classes/:?]
	at java.util.concurrent.CompletableFuture$AsyncSupply.run(CompletableFuture.java:1590) [?:1.8.0_212]
	at java.util.concurrent.ThreadPoolExecutor.runWorker(ThreadPoolExecutor.java:1149) [?:1.8.0_212]
	at java.util.concurrent.ThreadPoolExecutor$Worker.run(ThreadPoolExecutor.java:624) [?:1.8.0_212]
	at java.lang.Thread.run(Thread.java:748) [?:1.8.0_212]
2019-06-18 08:13:45,192 INFO  impl.HddsDispatcher (ContainerUtils.java:logAndReturnError(146)) - Operation: WriteChunk : Trace ID: 638098703d34fcc1:eaf1c085af89a446:51f15af425318edf:0 : Message: ContainerID 5 does not exist : Result: CONTAINER_NOT_FOUND
08:13:45.194 [pool-74-thread-1] ERROR DNAudit - user=null | ip=null | op=PUT_BLOCK {blockData=[blockId=conID: 5 locID: 102291578801356808 bcsId: 0,size=1048576]} | ret=FAILURE
org.apache.hadoop.hdds.scm.container.common.helpers.StorageContainerException: ContainerID 5 does not exist
	at org.apache.hadoop.ozone.container.common.impl.HddsDispatcher.dispatchRequest(HddsDispatcher.java:242) ~[classes/:?]
	at org.apache.hadoop.ozone.container.common.impl.HddsDispatcher.dispatch(HddsDispatcher.java:148) ~[classes/:?]
	at org.apache.hadoop.ozone.container.common.transport.server.ratis.ContainerStateMachine.dispatchCommand(ContainerStateMachine.java:347) ~[classes/:?]
	at org.apache.hadoop.ozone.container.common.transport.server.ratis.ContainerStateMachine.runCommand(ContainerStateMachine.java:354) ~[classes/:?]
	at org.apache.hadoop.ozone.container.common.transport.server.ratis.ContainerStateMachine.lambda$applyTransaction$5(ContainerStateMachine.java:621) ~[classes/:?]
	at java.util.concurrent.CompletableFuture$AsyncSupply.run(CompletableFuture.java:1590) [?:1.8.0_212]
	at java.util.concurrent.ThreadPoolExecutor.runWorker(ThreadPoolExecutor.java:1149) [?:1.8.0_212]
	at java.util.concurrent.ThreadPoolExecutor$Worker.run(ThreadPoolExecutor.java:624) [?:1.8.0_212]
	at java.lang.Thread.run(Thread.java:748) [?:1.8.0_212]
2019-06-18 08:13:45,194 INFO  impl.HddsDispatcher (ContainerUtils.java:logAndReturnError(146)) - Operation: PutBlock : Trace ID: 638098703d34fcc1:bb3da1200e88f6ea:51f15af425318edf:0 : Message: ContainerID 5 does not exist : Result: CONTAINER_NOT_FOUND
08:13:45.196 [pool-32-thread-1] ERROR DNAudit - user=null | ip=null | op=PUT_BLOCK {blockData=[blockId=conID: 5 locID: 102291578801356808 bcsId: 0,size=1048576]} | ret=FAILURE
org.apache.hadoop.hdds.scm.container.common.helpers.StorageContainerException: ContainerID 5 does not exist
	at org.apache.hadoop.ozone.container.common.impl.HddsDispatcher.dispatchRequest(HddsDispatcher.java:242) ~[classes/:?]
	at org.apache.hadoop.ozone.container.common.impl.HddsDispatcher.dispatch(HddsDispatcher.java:148) ~[classes/:?]
	at org.apache.hadoop.ozone.container.common.transport.server.ratis.ContainerStateMachine.dispatchCommand(ContainerStateMachine.java:347) ~[classes/:?]
	at org.apache.hadoop.ozone.container.common.transport.server.ratis.ContainerStateMachine.runCommand(ContainerStateMachine.java:354) ~[classes/:?]
	at org.apache.hadoop.ozone.container.common.transport.server.ratis.ContainerStateMachine.lambda$applyTransaction$5(ContainerStateMachine.java:621) ~[classes/:?]
	at java.util.concurrent.CompletableFuture$AsyncSupply.run(CompletableFuture.java:1590) [?:1.8.0_212]
	at java.util.concurrent.ThreadPoolExecutor.runWorker(ThreadPoolExecutor.java:1149) [?:1.8.0_212]
	at java.util.concurrent.ThreadPoolExecutor$Worker.run(ThreadPoolExecutor.java:624) [?:1.8.0_212]
	at java.lang.Thread.run(Thread.java:748) [?:1.8.0_212]
2019-06-18 08:13:45,197 INFO  impl.HddsDispatcher (ContainerUtils.java:logAndReturnError(146)) - Operation: PutBlock : Trace ID: 638098703d34fcc1:bb3da1200e88f6ea:51f15af425318edf:0 : Message: ContainerID 5 does not exist : Result: CONTAINER_NOT_FOUND
2019-06-18 08:13:45,198 INFO  keyvalue.KeyValueHandler (ContainerUtils.java:logAndReturnError(146)) - Operation: CreateContainer : Trace ID: 638098703d34fcc1:478557d7522d8a8c:51f15af425318edf:0 : Message: Container creation failed, due to disk out of space : Result: DISK_OUT_OF_SPACE
08:13:45.198 [pool-47-thread-4] ERROR DNAudit - user=null | ip=null | op=WRITE_CHUNK {blockData=conID: 5 locID: 102291578801356808 bcsId: 0} | ret=FAILURE
org.apache.hadoop.hdds.scm.container.common.helpers.StorageContainerException: ContainerID 5 creation failed
	at org.apache.hadoop.ozone.container.common.impl.HddsDispatcher.dispatchRequest(HddsDispatcher.java:227) ~[classes/:?]
	at org.apache.hadoop.ozone.container.common.impl.HddsDispatcher.dispatch(HddsDispatcher.java:148) ~[classes/:?]
	at org.apache.hadoop.ozone.container.common.transport.server.ratis.ContainerStateMachine.dispatchCommand(ContainerStateMachine.java:347) ~[classes/:?]
	at org.apache.hadoop.ozone.container.common.transport.server.ratis.ContainerStateMachine.runCommand(ContainerStateMachine.java:354) ~[classes/:?]
	at org.apache.hadoop.ozone.container.common.transport.server.ratis.ContainerStateMachine.lambda$handleWriteChunk$0(ContainerStateMachine.java:385) ~[classes/:?]
	at java.util.concurrent.CompletableFuture$AsyncSupply.run(CompletableFuture.java:1590) [?:1.8.0_212]
	at java.util.concurrent.ThreadPoolExecutor.runWorker(ThreadPoolExecutor.java:1149) [?:1.8.0_212]
	at java.util.concurrent.ThreadPoolExecutor$Worker.run(ThreadPoolExecutor.java:624) [?:1.8.0_212]
	at java.lang.Thread.run(Thread.java:748) [?:1.8.0_212]
2019-06-18 08:13:45,198 INFO  impl.HddsDispatcher (ContainerUtils.java:logAndReturnError(146)) - Operation: WriteChunk : Trace ID: 638098703d34fcc1:478557d7522d8a8c:51f15af425318edf:0 : Message: ContainerID 5 creation failed : Result: DISK_OUT_OF_SPACE
08:13:45.199 [pool-74-thread-1] ERROR DNAudit - user=null | ip=null | op=WRITE_CHUNK {blockData=conID: 5 locID: 102291578801356808 bcsId: 0} | ret=FAILURE
org.apache.hadoop.hdds.scm.container.common.helpers.StorageContainerException: ContainerID 5 does not exist
	at org.apache.hadoop.ozone.container.common.impl.HddsDispatcher.dispatchRequest(HddsDispatcher.java:242) ~[classes/:?]
	at org.apache.hadoop.ozone.container.common.impl.HddsDispatcher.dispatch(HddsDispatcher.java:148) ~[classes/:?]
	at org.apache.hadoop.ozone.container.common.transport.server.ratis.ContainerStateMachine.dispatchCommand(ContainerStateMachine.java:347) ~[classes/:?]
	at org.apache.hadoop.ozone.container.common.transport.server.ratis.ContainerStateMachine.runCommand(ContainerStateMachine.java:354) ~[classes/:?]
	at org.apache.hadoop.ozone.container.common.transport.server.ratis.ContainerStateMachine.lambda$applyTransaction$5(ContainerStateMachine.java:621) ~[classes/:?]
	at java.util.concurrent.CompletableFuture$AsyncSupply.run(CompletableFuture.java:1590) [?:1.8.0_212]
	at java.util.concurrent.ThreadPoolExecutor.runWorker(ThreadPoolExecutor.java:1149) [?:1.8.0_212]
	at java.util.concurrent.ThreadPoolExecutor$Worker.run(ThreadPoolExecutor.java:624) [?:1.8.0_212]
	at java.lang.Thread.run(Thread.java:748) [?:1.8.0_212]
2019-06-18 08:13:45,199 INFO  impl.HddsDispatcher (ContainerUtils.java:logAndReturnError(146)) - Operation: WriteChunk : Trace ID: 638098703d34fcc1:478557d7522d8a8c:51f15af425318edf:0 : Message: ContainerID 5 does not exist : Result: CONTAINER_NOT_FOUND
2019-06-18 08:13:45,200 INFO  client.GrpcClientProtocolClient (GrpcClientProtocolClient.java:onNext(254)) - client-DC2A82381CC3->dee551ab-dafc-4ad4-a4f3-2f095cdea451: receive RaftClientReply:client-DC2A82381CC3->dee551ab-dafc-4ad4-a4f3-2f095cdea451@group-30649D095DE4, cid=70, SUCCESS, logIndex=19, commits[dee551ab-dafc-4ad4-a4f3-2f095cdea451:c19, 8976fcc7-37a0-4165-bdeb-dce5d7cf7cf9:c17, 0cda194b-8887-43cf-827b-c90e8715af19:c17]
08:13:45.205 [pool-74-thread-1] ERROR DNAudit - user=null | ip=null | op=PUT_BLOCK {blockData=[blockId=conID: 5 locID: 102291578801356808 bcsId: 0,size=2097152]} | ret=FAILURE
org.apache.hadoop.hdds.scm.container.common.helpers.StorageContainerException: ContainerID 5 does not exist
	at org.apache.hadoop.ozone.container.common.impl.HddsDispatcher.dispatchRequest(HddsDispatcher.java:242) ~[classes/:?]
	at org.apache.hadoop.ozone.container.common.impl.HddsDispatcher.dispatch(HddsDispatcher.java:148) ~[classes/:?]
	at org.apache.hadoop.ozone.container.common.transport.server.ratis.ContainerStateMachine.dispatchCommand(ContainerStateMachine.java:347) ~[classes/:?]
	at org.apache.hadoop.ozone.container.common.transport.server.ratis.ContainerStateMachine.runCommand(ContainerStateMachine.java:354) ~[classes/:?]
	at org.apache.hadoop.ozone.container.common.transport.server.ratis.ContainerStateMachine.lambda$applyTransaction$5(ContainerStateMachine.java:621) ~[classes/:?]
	at java.util.concurrent.CompletableFuture$AsyncSupply.run(CompletableFuture.java:1590) [?:1.8.0_212]
	at java.util.concurrent.ThreadPoolExecutor.runWorker(ThreadPoolExecutor.java:1149) [?:1.8.0_212]
	at java.util.concurrent.ThreadPoolExecutor$Worker.run(ThreadPoolExecutor.java:624) [?:1.8.0_212]
	at java.lang.Thread.run(Thread.java:748) [?:1.8.0_212]
2019-06-18 08:13:45,206 INFO  impl.HddsDispatcher (ContainerUtils.java:logAndReturnError(146)) - Operation: PutBlock : Trace ID: 638098703d34fcc1:17b8dd9187c6c468:51f15af425318edf:0 : Message: ContainerID 5 does not exist : Result: CONTAINER_NOT_FOUND
2019-06-18 08:13:45,207 INFO  client.GrpcClientProtocolClient (GrpcClientProtocolClient.java:onNext(254)) - client-DC2A82381CC3->dee551ab-dafc-4ad4-a4f3-2f095cdea451: receive RaftClientReply:client-DC2A82381CC3->dee551ab-dafc-4ad4-a4f3-2f095cdea451@group-30649D095DE4, cid=71, SUCCESS, logIndex=20, commits[dee551ab-dafc-4ad4-a4f3-2f095cdea451:c20, 8976fcc7-37a0-4165-bdeb-dce5d7cf7cf9:c19, 0cda194b-8887-43cf-827b-c90e8715af19:c17]
08:13:45.214 [pool-53-thread-1] ERROR DNAudit - user=null | ip=null | op=PUT_BLOCK {blockData=[blockId=conID: 5 locID: 102291578801356808 bcsId: 0,size=1048576]} | ret=FAILURE
org.apache.hadoop.hdds.scm.container.common.helpers.StorageContainerException: ContainerID 5 does not exist
	at org.apache.hadoop.ozone.container.common.impl.HddsDispatcher.dispatchRequest(HddsDispatcher.java:242) ~[classes/:?]
	at org.apache.hadoop.ozone.container.common.impl.HddsDispatcher.dispatch(HddsDispatcher.java:148) ~[classes/:?]
	at org.apache.hadoop.ozone.container.common.transport.server.ratis.ContainerStateMachine.dispatchCommand(ContainerStateMachine.java:347) ~[classes/:?]
	at org.apache.hadoop.ozone.container.common.transport.server.ratis.ContainerStateMachine.runCommand(ContainerStateMachine.java:354) ~[classes/:?]
	at org.apache.hadoop.ozone.container.common.transport.server.ratis.ContainerStateMachine.lambda$applyTransaction$5(ContainerStateMachine.java:621) ~[classes/:?]
	at java.util.concurrent.CompletableFuture$AsyncSupply.run(CompletableFuture.java:1590) [?:1.8.0_212]
	at java.util.concurrent.ThreadPoolExecutor.runWorker(ThreadPoolExecutor.java:1149) [?:1.8.0_212]
	at java.util.concurrent.ThreadPoolExecutor$Worker.run(ThreadPoolExecutor.java:624) [?:1.8.0_212]
	at java.lang.Thread.run(Thread.java:748) [?:1.8.0_212]
2019-06-18 08:13:45,215 INFO  impl.HddsDispatcher (ContainerUtils.java:logAndReturnError(146)) - Operation: PutBlock : Trace ID: 638098703d34fcc1:bb3da1200e88f6ea:51f15af425318edf:0 : Message: ContainerID 5 does not exist : Result: CONTAINER_NOT_FOUND
08:13:45.216 [pool-53-thread-1] ERROR DNAudit - user=null | ip=null | op=WRITE_CHUNK {blockData=conID: 5 locID: 102291578801356808 bcsId: 0} | ret=FAILURE
org.apache.hadoop.hdds.scm.container.common.helpers.StorageContainerException: ContainerID 5 does not exist
	at org.apache.hadoop.ozone.container.common.impl.HddsDispatcher.dispatchRequest(HddsDispatcher.java:242) ~[classes/:?]
	at org.apache.hadoop.ozone.container.common.impl.HddsDispatcher.dispatch(HddsDispatcher.java:148) ~[classes/:?]
	at org.apache.hadoop.ozone.container.common.transport.server.ratis.ContainerStateMachine.dispatchCommand(ContainerStateMachine.java:347) ~[classes/:?]
	at org.apache.hadoop.ozone.container.common.transport.server.ratis.ContainerStateMachine.runCommand(ContainerStateMachine.java:354) ~[classes/:?]
	at org.apache.hadoop.ozone.container.common.transport.server.ratis.ContainerStateMachine.lambda$applyTransaction$5(ContainerStateMachine.java:621) ~[classes/:?]
	at java.util.concurrent.CompletableFuture$AsyncSupply.run(CompletableFuture.java:1590) [?:1.8.0_212]
	at java.util.concurrent.ThreadPoolExecutor.runWorker(ThreadPoolExecutor.java:1149) [?:1.8.0_212]
	at java.util.concurrent.ThreadPoolExecutor$Worker.run(ThreadPoolExecutor.java:624) [?:1.8.0_212]
	at java.lang.Thread.run(Thread.java:748) [?:1.8.0_212]
2019-06-18 08:13:45,216 INFO  impl.HddsDispatcher (ContainerUtils.java:logAndReturnError(146)) - Operation: WriteChunk : Trace ID: 638098703d34fcc1:478557d7522d8a8c:51f15af425318edf:0 : Message: ContainerID 5 does not exist : Result: CONTAINER_NOT_FOUND
2019-06-18 08:13:45,217 INFO  client.GrpcClientProtocolClient (GrpcClientProtocolClient.java:onNext(254)) - client-DC2A82381CC3->dee551ab-dafc-4ad4-a4f3-2f095cdea451: receive RaftClientReply:client-DC2A82381CC3->dee551ab-dafc-4ad4-a4f3-2f095cdea451@group-30649D095DE4, cid=72, SUCCESS, logIndex=21, commits[dee551ab-dafc-4ad4-a4f3-2f095cdea451:c22, 8976fcc7-37a0-4165-bdeb-dce5d7cf7cf9:c19, 0cda194b-8887-43cf-827b-c90e8715af19:c18]
08:13:45.232 [pool-32-thread-1] ERROR DNAudit - user=null | ip=null | op=WRITE_CHUNK {blockData=conID: 5 locID: 102291578801356808 bcsId: 0} | ret=FAILURE
org.apache.hadoop.hdds.scm.container.common.helpers.StorageContainerException: ContainerID 5 does not exist
	at org.apache.hadoop.ozone.container.common.impl.HddsDispatcher.dispatchRequest(HddsDispatcher.java:242) ~[classes/:?]
	at org.apache.hadoop.ozone.container.common.impl.HddsDispatcher.dispatch(HddsDispatcher.java:148) ~[classes/:?]
	at org.apache.hadoop.ozone.container.common.transport.server.ratis.ContainerStateMachine.dispatchCommand(ContainerStateMachine.java:347) ~[classes/:?]
	at org.apache.hadoop.ozone.container.common.transport.server.ratis.ContainerStateMachine.runCommand(ContainerStateMachine.java:354) ~[classes/:?]
	at org.apache.hadoop.ozone.container.common.transport.server.ratis.ContainerStateMachine.lambda$applyTransaction$5(ContainerStateMachine.java:621) ~[classes/:?]
	at java.util.concurrent.CompletableFuture$AsyncSupply.run(CompletableFuture.java:1590) [?:1.8.0_212]
	at java.util.concurrent.ThreadPoolExecutor.runWorker(ThreadPoolExecutor.java:1149) [?:1.8.0_212]
	at java.util.concurrent.ThreadPoolExecutor$Worker.run(ThreadPoolExecutor.java:624) [?:1.8.0_212]
	at java.lang.Thread.run(Thread.java:748) [?:1.8.0_212]
2019-06-18 08:13:45,233 INFO  impl.HddsDispatcher (ContainerUtils.java:logAndReturnError(146)) - Operation: WriteChunk : Trace ID: 638098703d34fcc1:478557d7522d8a8c:51f15af425318edf:0 : Message: ContainerID 5 does not exist : Result: CONTAINER_NOT_FOUND
08:13:45.233 [pool-53-thread-1] ERROR DNAudit - user=null | ip=null | op=PUT_BLOCK {blockData=[blockId=conID: 5 locID: 102291578801356808 bcsId: 0,size=2097152]} | ret=FAILURE
org.apache.hadoop.hdds.scm.container.common.helpers.StorageContainerException: ContainerID 5 does not exist
	at org.apache.hadoop.ozone.container.common.impl.HddsDispatcher.dispatchRequest(HddsDispatcher.java:242) ~[classes/:?]
	at org.apache.hadoop.ozone.container.common.impl.HddsDispatcher.dispatch(HddsDispatcher.java:148) ~[classes/:?]
	at org.apache.hadoop.ozone.container.common.transport.server.ratis.ContainerStateMachine.dispatchCommand(ContainerStateMachine.java:347) ~[classes/:?]
	at org.apache.hadoop.ozone.container.common.transport.server.ratis.ContainerStateMachine.runCommand(ContainerStateMachine.java:354) ~[classes/:?]
	at org.apache.hadoop.ozone.container.common.transport.server.ratis.ContainerStateMachine.lambda$applyTransaction$5(ContainerStateMachine.java:621) ~[classes/:?]
	at java.util.concurrent.CompletableFuture$AsyncSupply.run(CompletableFuture.java:1590) [?:1.8.0_212]
	at java.util.concurrent.ThreadPoolExecutor.runWorker(ThreadPoolExecutor.java:1149) [?:1.8.0_212]
	at java.util.concurrent.ThreadPoolExecutor$Worker.run(ThreadPoolExecutor.java:624) [?:1.8.0_212]
	at java.lang.Thread.run(Thread.java:748) [?:1.8.0_212]
2019-06-18 08:13:45,233 INFO  impl.HddsDispatcher (ContainerUtils.java:logAndReturnError(146)) - Operation: PutBlock : Trace ID: 638098703d34fcc1:17b8dd9187c6c468:51f15af425318edf:0 : Message: ContainerID 5 does not exist : Result: CONTAINER_NOT_FOUND
08:13:45.235 [pool-32-thread-1] ERROR DNAudit - user=null | ip=null | op=PUT_BLOCK {blockData=[blockId=conID: 5 locID: 102291578801356808 bcsId: 0,size=2097152]} | ret=FAILURE
org.apache.hadoop.hdds.scm.container.common.helpers.StorageContainerException: ContainerID 5 does not exist
	at org.apache.hadoop.ozone.container.common.impl.HddsDispatcher.dispatchRequest(HddsDispatcher.java:242) ~[classes/:?]
	at org.apache.hadoop.ozone.container.common.impl.HddsDispatcher.dispatch(HddsDispatcher.java:148) ~[classes/:?]
	at org.apache.hadoop.ozone.container.common.transport.server.ratis.ContainerStateMachine.dispatchCommand(ContainerStateMachine.java:347) ~[classes/:?]
	at org.apache.hadoop.ozone.container.common.transport.server.ratis.ContainerStateMachine.runCommand(ContainerStateMachine.java:354) ~[classes/:?]
	at org.apache.hadoop.ozone.container.common.transport.server.ratis.ContainerStateMachine.lambda$applyTransaction$5(ContainerStateMachine.java:621) ~[classes/:?]
	at java.util.concurrent.CompletableFuture$AsyncSupply.run(CompletableFuture.java:1590) [?:1.8.0_212]
	at java.util.concurrent.ThreadPoolExecutor.runWorker(ThreadPoolExecutor.java:1149) [?:1.8.0_212]
	at java.util.concurrent.ThreadPoolExecutor$Worker.run(ThreadPoolExecutor.java:624) [?:1.8.0_212]
	at java.lang.Thread.run(Thread.java:748) [?:1.8.0_212]
2019-06-18 08:13:45,235 INFO  impl.HddsDispatcher (ContainerUtils.java:logAndReturnError(146)) - Operation: PutBlock : Trace ID: 638098703d34fcc1:17b8dd9187c6c468:51f15af425318edf:0 : Message: ContainerID 5 does not exist : Result: CONTAINER_NOT_FOUND
2019-06-18 08:13:45,237 ERROR freon.RandomKeyGenerator (RandomKeyGenerator.java:run(675)) - Exception while adding key: key-0-11680 in bucket: org.apache.hadoop.ozone.client.OzoneBucket@54868604 of volume: org.apache.hadoop.ozone.client.OzoneVolume@60097ce4.
java.io.IOException: Unexpected Storage Container Exception: org.apache.hadoop.hdds.scm.container.common.helpers.StorageContainerException: ContainerID 5 does not exist
	at org.apache.hadoop.hdds.scm.storage.BlockOutputStream.setIoException(BlockOutputStream.java:548)
	at org.apache.hadoop.hdds.scm.storage.BlockOutputStream.validateResponse(BlockOutputStream.java:539)
	at org.apache.hadoop.hdds.scm.storage.BlockOutputStream.lambda$writeChunkToContainer$2(BlockOutputStream.java:614)
	at java.util.concurrent.CompletableFuture.uniApply(CompletableFuture.java:602)
	at java.util.concurrent.CompletableFuture$UniApply.tryFire(CompletableFuture.java:577)
	at java.util.concurrent.CompletableFuture$Completion.run(CompletableFuture.java:442)
	at java.util.concurrent.ThreadPoolExecutor.runWorker(ThreadPoolExecutor.java:1149)
	at java.util.concurrent.ThreadPoolExecutor$Worker.run(ThreadPoolExecutor.java:624)
	at java.lang.Thread.run(Thread.java:748)
Caused by: org.apache.hadoop.hdds.scm.container.common.helpers.StorageContainerException: ContainerID 5 does not exist
	at org.apache.hadoop.hdds.scm.storage.ContainerProtocolCalls.validateContainerResponse(ContainerProtocolCalls.java:536)
	at org.apache.hadoop.hdds.scm.storage.BlockOutputStream.validateResponse(BlockOutputStream.java:536)
	... 7 more
 100.00% |█████████████████████████████████████████████████████████████████████████████████████████████████████|  1/1 Time: 0:00:02
]]></system-out>
    <system-err><![CDATA[ERROR StatusLogger No Log4j 2 configuration file found. Using default configuration (logging only errors to the console), or user programmatically provided configurations. Set system property 'log4j2.debug' to show Log4j 2 internal initialization logging. See https://logging.apache.org/log4j/2.x/manual/configuration.html for instructions on how to configure Log4j 2
Jun 18, 2019 8:13:34 AM com.sun.jersey.server.impl.application.WebApplicationImpl _initiate
INFO: Initiating Jersey application, version 'Jersey: 1.19 02/11/2015 03:25 AM'
Jun 18, 2019 8:13:35 AM com.sun.jersey.server.impl.application.WebApplicationImpl _initiate
INFO: Initiating Jersey application, version 'Jersey: 1.19 02/11/2015 03:25 AM'
Jun 18, 2019 8:13:35 AM com.sun.jersey.server.impl.application.WebApplicationImpl _initiate
INFO: Initiating Jersey application, version 'Jersey: 1.19 02/11/2015 03:25 AM'
]]></system-err>
  </testcase>
</testsuite>