<?xml version="1.0" encoding="UTF-8"?>
<testsuite xmlns:xsi="http://www.w3.org/2001/XMLSchema-instance" xsi:noNamespaceSchemaLocation="https://maven.apache.org/surefire/maven-surefire-plugin/xsd/surefire-test-report.xsd" name="org.apache.hadoop.ozone.client.rpc.TestFailureHandlingByClient" time="115.866" tests="7" errors="1" skipped="0" failures="1">
  <properties>
    <property name="awt.toolkit" value="sun.awt.X11.XToolkit"/>
    <property name="file.encoding.pkg" value="sun.io"/>
    <property name="java.specification.version" value="1.8"/>
    <property name="sun.cpu.isalist" value=""/>
    <property name="sun.jnu.encoding" value="UTF-8"/>
    <property name="java.class.path" value="/opt/src/hadoop-ozone/integration-test/target/test-classes:/opt/src/hadoop-ozone/integration-test/target/classes:/root/.m2/repository/org/apache/hadoop/hadoop-ozone-common/0.5.0-SNAPSHOT/hadoop-ozone-common-0.5.0-SNAPSHOT.jar:/root/.m2/repository/org/apache/commons/commons-compress/1.4.1/commons-compress-1.4.1.jar:/root/.m2/repository/org/tukaani/xz/1.0/xz-1.0.jar:/root/.m2/repository/org/apache/hadoop/hadoop-common/3.2.0/hadoop-common-3.2.0.jar:/root/.m2/repository/org/apache/hadoop/hadoop-hdfs/3.2.0/hadoop-hdfs-3.2.0.jar:/root/.m2/repository/org/apache/hadoop/hadoop-hdfs-client/3.2.0/hadoop-hdfs-client-3.2.0.jar:/root/.m2/repository/com/fasterxml/jackson/core/jackson-annotations/2.9.5/jackson-annotations-2.9.5.jar:/root/.m2/repository/org/apache/hadoop/hadoop-hdds-common/0.5.0-SNAPSHOT/hadoop-hdds-common-0.5.0-SNAPSHOT.jar:/root/.m2/repository/javax/annotation/javax.annotation-api/1.2/javax.annotation-api-1.2.jar:/root/.m2/repository/org/apache/ratis/ratis-server/0.4.0-fe2b15d-SNAPSHOT/ratis-server-0.4.0-fe2b15d-SNAPSHOT.jar:/root/.m2/repository/org/apache/ratis/ratis-thirdparty-misc/0.2.0/ratis-thirdparty-misc-0.2.0.jar:/root/.m2/repository/org/apache/ratis/ratis-proto/0.4.0-fe2b15d-SNAPSHOT/ratis-proto-0.4.0-fe2b15d-SNAPSHOT.jar:/root/.m2/repository/org/apache/ratis/ratis-common/0.4.0-fe2b15d-SNAPSHOT/ratis-common-0.4.0-fe2b15d-SNAPSHOT.jar:/root/.m2/repository/org/apache/ratis/ratis-client/0.4.0-fe2b15d-SNAPSHOT/ratis-client-0.4.0-fe2b15d-SNAPSHOT.jar:/root/.m2/repository/org/apache/ratis/ratis-netty/0.4.0-fe2b15d-SNAPSHOT/ratis-netty-0.4.0-fe2b15d-SNAPSHOT.jar:/root/.m2/repository/org/apache/ratis/ratis-grpc/0.4.0-fe2b15d-SNAPSHOT/ratis-grpc-0.4.0-fe2b15d-SNAPSHOT.jar:/root/.m2/repository/org/rocksdb/rocksdbjni/5.14.2/rocksdbjni-5.14.2.jar:/root/.m2/repository/org/apache/logging/log4j/log4j-api/2.11.0/log4j-api-2.11.0.jar:/root/.m2/repository/org/apache/logging/log4j/log4j-core/2.11.0/log4j-core-2.11.0.jar:/root/.m2/repository/com/lmax/disruptor/3.4.2/disruptor-3.4.2.jar:/root/.m2/repository/org/apache/commons/commons-pool2/2.6.0/commons-pool2-2.6.0.jar:/root/.m2/repository/org/bouncycastle/bcpkix-jdk15on/1.60/bcpkix-jdk15on-1.60.jar:/root/.m2/repository/commons-validator/commons-validator/1.6/commons-validator-1.6.jar:/root/.m2/repository/commons-digester/commons-digester/1.8.1/commons-digester-1.8.1.jar:/root/.m2/repository/io/jaegertracing/jaeger-client/0.33.1/jaeger-client-0.33.1.jar:/root/.m2/repository/io/jaegertracing/jaeger-thrift/0.33.1/jaeger-thrift-0.33.1.jar:/root/.m2/repository/org/apache/thrift/libthrift/0.11.0/libthrift-0.11.0.jar:/root/.m2/repository/com/squareup/okhttp3/okhttp/3.9.0/okhttp-3.9.0.jar:/root/.m2/repository/com/squareup/okio/okio/1.13.0/okio-1.13.0.jar:/root/.m2/repository/io/jaegertracing/jaeger-core/0.33.1/jaeger-core-0.33.1.jar:/root/.m2/repository/io/jaegertracing/jaeger-tracerresolver/0.33.1/jaeger-tracerresolver-0.33.1.jar:/root/.m2/repository/io/opentracing/contrib/opentracing-tracerresolver/0.1.5/opentracing-tracerresolver-0.1.5.jar:/root/.m2/repository/io/opentracing/opentracing-util/0.31.0/opentracing-util-0.31.0.jar:/root/.m2/repository/io/opentracing/opentracing-api/0.31.0/opentracing-api-0.31.0.jar:/root/.m2/repository/io/opentracing/opentracing-noop/0.31.0/opentracing-noop-0.31.0.jar:/root/.m2/repository/org/apache/hadoop/hadoop-hdds-server-framework/0.5.0-SNAPSHOT/hadoop-hdds-server-framework-0.5.0-SNAPSHOT.jar:/root/.m2/repository/org/apache/hadoop/hadoop-hdds-server-scm/0.5.0-SNAPSHOT/hadoop-hdds-server-scm-0.5.0-SNAPSHOT.jar:/root/.m2/repository/org/apache/hadoop/hadoop-hdds-container-service/0.5.0-SNAPSHOT/hadoop-hdds-container-service-0.5.0-SNAPSHOT.jar:/root/.m2/repository/org/apache/hadoop/hadoop-hdds-client/0.5.0-SNAPSHOT/hadoop-hdds-client-0.5.0-SNAPSHOT.jar:/root/.m2/repository/org/apache/hadoop/hadoop-hdds-tools/0.5.0-SNAPSHOT/hadoop-hdds-tools-0.5.0-SNAPSHOT.jar:/root/.m2/repository/org/apache/hadoop/hadoop-ozone-ozone-manager/0.5.0-SNAPSHOT/hadoop-ozone-ozone-manager-0.5.0-SNAPSHOT.jar:/root/.m2/repository/org/apache/hadoop/hadoop-hdds-docs/0.5.0-SNAPSHOT/hadoop-hdds-docs-0.5.0-SNAPSHOT.jar:/root/.m2/repository/org/bouncycastle/bcprov-jdk15on/1.60/bcprov-jdk15on-1.60.jar:/root/.m2/repository/org/apache/hadoop/hadoop-minikdc/3.2.0/hadoop-minikdc-3.2.0.jar:/root/.m2/repository/commons-io/commons-io/2.5/commons-io-2.5.jar:/root/.m2/repository/org/apache/kerby/kerb-simplekdc/1.0.1/kerb-simplekdc-1.0.1.jar:/root/.m2/repository/org/apache/kerby/kerb-client/1.0.1/kerb-client-1.0.1.jar:/root/.m2/repository/org/apache/kerby/kerby-config/1.0.1/kerby-config-1.0.1.jar:/root/.m2/repository/org/apache/kerby/kerb-core/1.0.1/kerb-core-1.0.1.jar:/root/.m2/repository/org/apache/kerby/kerby-pkix/1.0.1/kerby-pkix-1.0.1.jar:/root/.m2/repository/org/apache/kerby/kerby-asn1/1.0.1/kerby-asn1-1.0.1.jar:/root/.m2/repository/org/apache/kerby/kerby-util/1.0.1/kerby-util-1.0.1.jar:/root/.m2/repository/org/apache/kerby/kerb-common/1.0.1/kerb-common-1.0.1.jar:/root/.m2/repository/org/apache/kerby/kerb-crypto/1.0.1/kerb-crypto-1.0.1.jar:/root/.m2/repository/org/apache/kerby/kerb-util/1.0.1/kerb-util-1.0.1.jar:/root/.m2/repository/org/apache/kerby/token-provider/1.0.1/token-provider-1.0.1.jar:/root/.m2/repository/org/apache/kerby/kerb-admin/1.0.1/kerb-admin-1.0.1.jar:/root/.m2/repository/org/apache/kerby/kerb-server/1.0.1/kerb-server-1.0.1.jar:/root/.m2/repository/org/apache/kerby/kerb-identity/1.0.1/kerb-identity-1.0.1.jar:/root/.m2/repository/org/apache/kerby/kerby-xdr/1.0.1/kerby-xdr-1.0.1.jar:/root/.m2/repository/org/slf4j/slf4j-log4j12/1.7.25/slf4j-log4j12-1.7.25.jar:/root/.m2/repository/org/apache/hadoop/hadoop-ozone-objectstore-service/0.5.0-SNAPSHOT/hadoop-ozone-objectstore-service-0.5.0-SNAPSHOT.jar:/root/.m2/repository/org/apache/hadoop/hadoop-ozone-s3gateway/0.5.0-SNAPSHOT/hadoop-ozone-s3gateway-0.5.0-SNAPSHOT.jar:/root/.m2/repository/org/jboss/weld/servlet/weld-servlet/2.4.7.Final/weld-servlet-2.4.7.Final.jar:/root/.m2/repository/org/glassfish/jersey/containers/jersey-container-servlet-core/2.27/jersey-container-servlet-core-2.27.jar:/root/.m2/repository/org/glassfish/hk2/external/javax.inject/2.5.0-b42/javax.inject-2.5.0-b42.jar:/root/.m2/repository/org/glassfish/jersey/core/jersey-common/2.27/jersey-common-2.27.jar:/root/.m2/repository/org/glassfish/hk2/osgi-resource-locator/1.0.1/osgi-resource-locator-1.0.1.jar:/root/.m2/repository/javax/ws/rs/javax.ws.rs-api/2.1/javax.ws.rs-api-2.1.jar:/root/.m2/repository/org/glassfish/jersey/ext/cdi/jersey-cdi1x/2.27/jersey-cdi1x-2.27.jar:/root/.m2/repository/org/glassfish/jersey/inject/jersey-hk2/2.27/jersey-hk2-2.27.jar:/root/.m2/repository/org/glassfish/hk2/hk2-locator/2.5.0-b42/hk2-locator-2.5.0-b42.jar:/root/.m2/repository/org/javassist/javassist/3.22.0-CR2/javassist-3.22.0-CR2.jar:/root/.m2/repository/org/glassfish/hk2/hk2-api/2.5.0/hk2-api-2.5.0.jar:/root/.m2/repository/org/glassfish/hk2/external/jakarta.inject/2.5.0/jakarta.inject-2.5.0.jar:/root/.m2/repository/org/glassfish/hk2/hk2-utils/2.5.0/hk2-utils-2.5.0.jar:/root/.m2/repository/jakarta/annotation/jakarta.annotation-api/1.3.4/jakarta.annotation-api-1.3.4.jar:/root/.m2/repository/org/glassfish/hk2/external/aopalliance-repackaged/2.5.0/aopalliance-repackaged-2.5.0.jar:/root/.m2/repository/com/fasterxml/jackson/dataformat/jackson-dataformat-xml/2.9.0/jackson-dataformat-xml-2.9.0.jar:/root/.m2/repository/com/fasterxml/jackson/core/jackson-core/2.9.5/jackson-core-2.9.5.jar:/root/.m2/repository/com/fasterxml/jackson/module/jackson-module-jaxb-annotations/2.9.5/jackson-module-jaxb-annotations-2.9.5.jar:/root/.m2/repository/javax/enterprise/cdi-api/1.2/cdi-api-1.2.jar:/root/.m2/repository/javax/el/javax.el-api/3.0.0/javax.el-api-3.0.0.jar:/root/.m2/repository/javax/interceptor/javax.interceptor-api/1.2/javax.interceptor-api-1.2.jar:/root/.m2/repository/javax/inject/javax.inject/1/javax.inject-1.jar:/root/.m2/repository/com/sun/xml/bind/jaxb-impl/2.3.0.1/jaxb-impl-2.3.0.1.jar:/root/.m2/repository/com/sun/xml/bind/jaxb-core/2.3.0.1/jaxb-core-2.3.0.1.jar:/root/.m2/repository/javax/xml/bind/jaxb-api/2.3.0/jaxb-api-2.3.0.jar:/root/.m2/repository/javax/activation/activation/1.1.1/activation-1.1.1.jar:/root/.m2/repository/org/apache/hadoop/hadoop-ozone-csi/0.5.0-SNAPSHOT/hadoop-ozone-csi-0.5.0-SNAPSHOT.jar:/root/.m2/repository/com/google/protobuf/protobuf-java-util/3.5.1/protobuf-java-util-3.5.1.jar:/root/.m2/repository/org/apache/hadoop/hadoop-hdds-config/0.5.0-SNAPSHOT/hadoop-hdds-config-0.5.0-SNAPSHOT.jar:/root/.m2/repository/com/google/guava/guava/11.0.2/guava-11.0.2.jar:/root/.m2/repository/com/google/protobuf/protobuf-java/2.5.0/protobuf-java-2.5.0.jar:/root/.m2/repository/io/grpc/grpc-netty/1.17.1/grpc-netty-1.17.1.jar:/root/.m2/repository/io/grpc/grpc-core/1.17.1/grpc-core-1.17.1.jar:/root/.m2/repository/io/grpc/grpc-context/1.17.1/grpc-context-1.17.1.jar:/root/.m2/repository/com/google/errorprone/error_prone_annotations/2.2.0/error_prone_annotations-2.2.0.jar:/root/.m2/repository/org/codehaus/mojo/animal-sniffer-annotations/1.17/animal-sniffer-annotations-1.17.jar:/root/.m2/repository/io/opencensus/opencensus-api/0.17.0/opencensus-api-0.17.0.jar:/root/.m2/repository/io/opencensus/opencensus-contrib-grpc-metrics/0.17.0/opencensus-contrib-grpc-metrics-0.17.0.jar:/root/.m2/repository/io/netty/netty-codec-http2/4.1.30.Final/netty-codec-http2-4.1.30.Final.jar:/root/.m2/repository/io/netty/netty-codec-http/4.1.30.Final/netty-codec-http-4.1.30.Final.jar:/root/.m2/repository/io/netty/netty-codec/4.1.30.Final/netty-codec-4.1.30.Final.jar:/root/.m2/repository/io/netty/netty-handler/4.1.30.Final/netty-handler-4.1.30.Final.jar:/root/.m2/repository/io/netty/netty-handler-proxy/4.1.30.Final/netty-handler-proxy-4.1.30.Final.jar:/root/.m2/repository/io/netty/netty-codec-socks/4.1.30.Final/netty-codec-socks-4.1.30.Final.jar:/root/.m2/repository/io/netty/netty-transport-native-epoll/4.1.30.Final/netty-transport-native-epoll-4.1.30.Final.jar:/root/.m2/repository/io/netty/netty-common/4.1.30.Final/netty-common-4.1.30.Final.jar:/root/.m2/repository/io/netty/netty-buffer/4.1.30.Final/netty-buffer-4.1.30.Final.jar:/root/.m2/repository/io/netty/netty-transport/4.1.30.Final/netty-transport-4.1.30.Final.jar:/root/.m2/repository/io/netty/netty-resolver/4.1.30.Final/netty-resolver-4.1.30.Final.jar:/root/.m2/repository/io/netty/netty-transport-native-unix-common/4.1.30.Final/netty-transport-native-unix-common-4.1.30.Final.jar:/root/.m2/repository/io/grpc/grpc-protobuf/1.17.1/grpc-protobuf-1.17.1.jar:/root/.m2/repository/com/google/api/grpc/proto-google-common-protos/1.0.0/proto-google-common-protos-1.0.0.jar:/root/.m2/repository/io/grpc/grpc-protobuf-lite/1.17.1/grpc-protobuf-lite-1.17.1.jar:/root/.m2/repository/io/grpc/grpc-stub/1.17.1/grpc-stub-1.17.1.jar:/root/.m2/repository/org/apache/hadoop/hadoop-ozone-recon/0.5.0-SNAPSHOT/hadoop-ozone-recon-0.5.0-SNAPSHOT.jar:/root/.m2/repository/org/apache/hadoop/hadoop-ozone-reconcodegen/0.5.0-SNAPSHOT/hadoop-ozone-reconcodegen-0.5.0-SNAPSHOT.jar:/root/.m2/repository/com/google/inject/extensions/guice-multibindings/4.0/guice-multibindings-4.0.jar:/root/.m2/repository/com/google/inject/guice/4.0/guice-4.0.jar:/root/.m2/repository/aopalliance/aopalliance/1.0/aopalliance-1.0.jar:/root/.m2/repository/com/google/inject/extensions/guice-servlet/4.0/guice-servlet-4.0.jar:/root/.m2/repository/org/glassfish/jersey/containers/jersey-container-servlet/2.27/jersey-container-servlet-2.27.jar:/root/.m2/repository/org/glassfish/hk2/guice-bridge/2.5.0/guice-bridge-2.5.0.jar:/root/.m2/repository/org/glassfish/jersey/core/jersey-server/2.27/jersey-server-2.27.jar:/root/.m2/repository/org/glassfish/jersey/core/jersey-client/2.27/jersey-client-2.27.jar:/root/.m2/repository/org/glassfish/jersey/media/jersey-media-jaxb/2.27/jersey-media-jaxb-2.27.jar:/root/.m2/repository/javax/validation/validation-api/1.1.0.Final/validation-api-1.1.0.Final.jar:/root/.m2/repository/org/glassfish/jersey/media/jersey-media-json-jackson/2.27/jersey-media-json-jackson-2.27.jar:/root/.m2/repository/org/glassfish/jersey/ext/jersey-entity-filtering/2.27/jersey-entity-filtering-2.27.jar:/root/.m2/repository/com/google/inject/extensions/guice-assistedinject/4.0/guice-assistedinject-4.0.jar:/root/.m2/repository/org/jooq/jooq/3.11.10/jooq-3.11.10.jar:/root/.m2/repository/org/jooq/jooq-meta/3.11.10/jooq-meta-3.11.10.jar:/root/.m2/repository/org/jooq/jooq-codegen/3.11.10/jooq-codegen-3.11.10.jar:/root/.m2/repository/com/jolbox/bonecp/0.8.0.RELEASE/bonecp-0.8.0.RELEASE.jar:/root/.m2/repository/org/xerial/sqlite-jdbc/3.25.2/sqlite-jdbc-3.25.2.jar:/root/.m2/repository/org/springframework/spring-jdbc/5.1.3.RELEASE/spring-jdbc-5.1.3.RELEASE.jar:/root/.m2/repository/org/springframework/spring-beans/5.1.3.RELEASE/spring-beans-5.1.3.RELEASE.jar:/root/.m2/repository/org/springframework/spring-core/5.1.3.RELEASE/spring-core-5.1.3.RELEASE.jar:/root/.m2/repository/org/springframework/spring-jcl/5.1.3.RELEASE/spring-jcl-5.1.3.RELEASE.jar:/root/.m2/repository/org/springframework/spring-tx/5.1.3.RELEASE/spring-tx-5.1.3.RELEASE.jar:/root/.m2/repository/org/apache/hadoop/hadoop-ozone-client/0.5.0-SNAPSHOT/hadoop-ozone-client-0.5.0-SNAPSHOT.jar:/root/.m2/repository/org/apache/hadoop/hadoop-ozone-ozone-manager/0.5.0-SNAPSHOT/hadoop-ozone-ozone-manager-0.5.0-SNAPSHOT-tests.jar:/root/.m2/repository/junit/junit/4.11/junit-4.11.jar:/root/.m2/repository/org/hamcrest/hamcrest-core/1.3/hamcrest-core-1.3.jar:/root/.m2/repository/org/openjdk/jmh/jmh-core/1.19/jmh-core-1.19.jar:/root/.m2/repository/net/sf/jopt-simple/jopt-simple/4.6/jopt-simple-4.6.jar:/root/.m2/repository/org/apache/commons/commons-math3/3.1.1/commons-math3-3.1.1.jar:/root/.m2/repository/org/openjdk/jmh/jmh-generator-annprocess/1.19/jmh-generator-annprocess-1.19.jar:/root/.m2/repository/org/mockito/mockito-all/1.8.5/mockito-all-1.8.5.jar:/root/.m2/repository/org/apache/hadoop/hadoop-kms/3.2.0/hadoop-kms-3.2.0.jar:/root/.m2/repository/org/apache/hadoop/hadoop-auth/3.2.0/hadoop-auth-3.2.0.jar:/root/.m2/repository/com/nimbusds/nimbus-jose-jwt/4.41.1/nimbus-jose-jwt-4.41.1.jar:/root/.m2/repository/com/github/stephenc/jcip/jcip-annotations/1.0-1/jcip-annotations-1.0-1.jar:/root/.m2/repository/net/minidev/json-smart/2.3/json-smart-2.3.jar:/root/.m2/repository/net/minidev/accessors-smart/1.2/accessors-smart-1.2.jar:/root/.m2/repository/org/ow2/asm/asm/5.0.4/asm-5.0.4.jar:/root/.m2/repository/org/apache/curator/curator-framework/2.12.0/curator-framework-2.12.0.jar:/root/.m2/repository/com/sun/jersey/jersey-core/1.19/jersey-core-1.19.jar:/root/.m2/repository/javax/ws/rs/jsr311-api/1.1.1/jsr311-api-1.1.1.jar:/root/.m2/repository/com/sun/jersey/jersey-server/1.19/jersey-server-1.19.jar:/root/.m2/repository/javax/servlet/javax.servlet-api/3.1.0/javax.servlet-api-3.1.0.jar:/root/.m2/repository/org/eclipse/jetty/jetty-server/9.3.24.v20180605/jetty-server-9.3.24.v20180605.jar:/root/.m2/repository/org/eclipse/jetty/jetty-http/9.3.24.v20180605/jetty-http-9.3.24.v20180605.jar:/root/.m2/repository/org/eclipse/jetty/jetty-io/9.3.24.v20180605/jetty-io-9.3.24.v20180605.jar:/root/.m2/repository/org/eclipse/jetty/jetty-webapp/9.3.24.v20180605/jetty-webapp-9.3.24.v20180605.jar:/root/.m2/repository/org/eclipse/jetty/jetty-xml/9.3.24.v20180605/jetty-xml-9.3.24.v20180605.jar:/root/.m2/repository/log4j/log4j/1.2.17/log4j-1.2.17.jar:/root/.m2/repository/org/slf4j/slf4j-api/1.7.25/slf4j-api-1.7.25.jar:/root/.m2/repository/org/slf4j/jul-to-slf4j/1.7.25/jul-to-slf4j-1.7.25.jar:/root/.m2/repository/org/eclipse/jetty/jetty-util/9.3.24.v20180605/jetty-util-9.3.24.v20180605.jar:/root/.m2/repository/io/dropwizard/metrics/metrics-core/3.2.4/metrics-core-3.2.4.jar:/root/.m2/repository/com/fasterxml/jackson/core/jackson-databind/2.9.5/jackson-databind-2.9.5.jar:/root/.m2/repository/org/apache/hadoop/hadoop-kms/3.2.0/hadoop-kms-3.2.0-tests.jar:/root/.m2/repository/org/apache/hadoop/hadoop-hdds-server-scm/0.5.0-SNAPSHOT/hadoop-hdds-server-scm-0.5.0-SNAPSHOT-tests.jar:/root/.m2/repository/org/hamcrest/hamcrest-all/1.3/hamcrest-all-1.3.jar:/root/.m2/repository/info/picocli/picocli/3.9.6/picocli-3.9.6.jar:/root/.m2/repository/org/apache/hadoop/hadoop-hdds-container-service/0.5.0-SNAPSHOT/hadoop-hdds-container-service-0.5.0-SNAPSHOT-tests.jar:/root/.m2/repository/org/yaml/snakeyaml/1.16/snakeyaml-1.16.jar:/root/.m2/repository/org/apache/hadoop/hadoop-common/3.2.0/hadoop-common-3.2.0-tests.jar:/root/.m2/repository/org/apache/hadoop/hadoop-annotations/3.2.0/hadoop-annotations-3.2.0.jar:/usr/lib/jvm/java-1.8-openjdk/jre/../lib/tools.jar:/root/.m2/repository/commons-cli/commons-cli/1.2/commons-cli-1.2.jar:/root/.m2/repository/org/apache/httpcomponents/httpclient/4.5.2/httpclient-4.5.2.jar:/root/.m2/repository/org/apache/httpcomponents/httpcore/4.4.4/httpcore-4.4.4.jar:/root/.m2/repository/commons-codec/commons-codec/1.11/commons-codec-1.11.jar:/root/.m2/repository/commons-net/commons-net/3.6/commons-net-3.6.jar:/root/.m2/repository/commons-collections/commons-collections/3.2.2/commons-collections-3.2.2.jar:/root/.m2/repository/org/eclipse/jetty/jetty-servlet/9.3.24.v20180605/jetty-servlet-9.3.24.v20180605.jar:/root/.m2/repository/org/eclipse/jetty/jetty-security/9.3.24.v20180605/jetty-security-9.3.24.v20180605.jar:/root/.m2/repository/javax/servlet/jsp/jsp-api/2.1/jsp-api-2.1.jar:/root/.m2/repository/com/sun/jersey/jersey-servlet/1.19/jersey-servlet-1.19.jar:/root/.m2/repository/com/sun/jersey/jersey-json/1.19/jersey-json-1.19.jar:/root/.m2/repository/org/codehaus/jettison/jettison/1.1/jettison-1.1.jar:/root/.m2/repository/org/codehaus/jackson/jackson-core-asl/1.9.13/jackson-core-asl-1.9.13.jar:/root/.m2/repository/org/codehaus/jackson/jackson-mapper-asl/1.9.13/jackson-mapper-asl-1.9.13.jar:/root/.m2/repository/org/codehaus/jackson/jackson-jaxrs/1.9.13/jackson-jaxrs-1.9.13.jar:/root/.m2/repository/org/codehaus/jackson/jackson-xc/1.9.13/jackson-xc-1.9.13.jar:/root/.m2/repository/commons-logging/commons-logging/1.1.3/commons-logging-1.1.3.jar:/root/.m2/repository/commons-beanutils/commons-beanutils/1.9.3/commons-beanutils-1.9.3.jar:/root/.m2/repository/org/apache/commons/commons-configuration2/2.1.1/commons-configuration2-2.1.1.jar:/root/.m2/repository/org/apache/commons/commons-lang3/3.7/commons-lang3-3.7.jar:/root/.m2/repository/org/apache/commons/commons-text/1.4/commons-text-1.4.jar:/root/.m2/repository/org/apache/avro/avro/1.7.7/avro-1.7.7.jar:/root/.m2/repository/com/thoughtworks/paranamer/paranamer/2.3/paranamer-2.3.jar:/root/.m2/repository/org/xerial/snappy/snappy-java/1.0.5/snappy-java-1.0.5.jar:/root/.m2/repository/com/google/re2j/re2j/1.1/re2j-1.1.jar:/root/.m2/repository/com/google/code/gson/gson/2.2.4/gson-2.2.4.jar:/root/.m2/repository/com/jcraft/jsch/0.1.54/jsch-0.1.54.jar:/root/.m2/repository/org/apache/curator/curator-client/2.12.0/curator-client-2.12.0.jar:/root/.m2/repository/org/apache/curator/curator-recipes/2.12.0/curator-recipes-2.12.0.jar:/root/.m2/repository/com/google/code/findbugs/jsr305/3.0.0/jsr305-3.0.0.jar:/root/.m2/repository/org/apache/htrace/htrace-core4/4.1.0-incubating/htrace-core4-4.1.0-incubating.jar:/root/.m2/repository/org/apache/zookeeper/zookeeper/3.4.13/zookeeper-3.4.13.jar:/root/.m2/repository/org/apache/yetus/audience-annotations/0.5.0/audience-annotations-0.5.0.jar:/root/.m2/repository/org/codehaus/woodstox/stax2-api/3.1.4/stax2-api-3.1.4.jar:/root/.m2/repository/com/fasterxml/woodstox/woodstox-core/5.0.3/woodstox-core-5.0.3.jar:/root/.m2/repository/dnsjava/dnsjava/2.1.7/dnsjava-2.1.7.jar:/root/.m2/repository/org/apache/hadoop/hadoop-hdfs/3.2.0/hadoop-hdfs-3.2.0-tests.jar:/root/.m2/repository/org/eclipse/jetty/jetty-util-ajax/9.3.24.v20180605/jetty-util-ajax-9.3.24.v20180605.jar:/root/.m2/repository/commons-daemon/commons-daemon/1.0.13/commons-daemon-1.0.13.jar:/root/.m2/repository/io/netty/netty/3.10.5.Final/netty-3.10.5.Final.jar:/root/.m2/repository/io/netty/netty-all/4.0.52.Final/netty-all-4.0.52.Final.jar:/root/.m2/repository/org/fusesource/leveldbjni/leveldbjni-all/1.8/leveldbjni-all-1.8.jar:"/>
    <property name="java.vm.vendor" value="IcedTea"/>
    <property name="sun.arch.data.model" value="64"/>
    <property name="test.build.dir" value="/opt/src/hadoop-ozone/integration-test/target/test-dir"/>
    <property name="test.cache.data" value=""/>
    <property name="java.vendor.url" value="https://icedtea.classpath.org"/>
    <property name="user.timezone" value=""/>
    <property name="java.vm.specification.version" value="1.8"/>
    <property name="os.name" value="Linux"/>
    <property name="test.build.data" value="/opt/src/hadoop-ozone/integration-test/target/test-dir"/>
    <property name="user.country" value="US"/>
    <property name="sun.java.launcher" value="SUN_STANDARD"/>
    <property name="sun.boot.library.path" value="/usr/lib/jvm/java-1.8-openjdk/jre/lib/amd64"/>
    <property name="sun.java.command" value="/opt/src/hadoop-ozone/integration-test/target/surefire/surefirebooter3134753422307509489.jar /opt/src/hadoop-ozone/integration-test/target/surefire 2019-06-12T21-41-41_390-jvmRun1 surefire6885494921064332493tmp surefire_127089063633107886028tmp"/>
    <property name="surefire.test.class.path" value="/opt/src/hadoop-ozone/integration-test/target/test-classes:/opt/src/hadoop-ozone/integration-test/target/classes:/root/.m2/repository/org/apache/hadoop/hadoop-ozone-common/0.5.0-SNAPSHOT/hadoop-ozone-common-0.5.0-SNAPSHOT.jar:/root/.m2/repository/org/apache/commons/commons-compress/1.4.1/commons-compress-1.4.1.jar:/root/.m2/repository/org/tukaani/xz/1.0/xz-1.0.jar:/root/.m2/repository/org/apache/hadoop/hadoop-common/3.2.0/hadoop-common-3.2.0.jar:/root/.m2/repository/org/apache/hadoop/hadoop-hdfs/3.2.0/hadoop-hdfs-3.2.0.jar:/root/.m2/repository/org/apache/hadoop/hadoop-hdfs-client/3.2.0/hadoop-hdfs-client-3.2.0.jar:/root/.m2/repository/com/fasterxml/jackson/core/jackson-annotations/2.9.5/jackson-annotations-2.9.5.jar:/root/.m2/repository/org/apache/hadoop/hadoop-hdds-common/0.5.0-SNAPSHOT/hadoop-hdds-common-0.5.0-SNAPSHOT.jar:/root/.m2/repository/javax/annotation/javax.annotation-api/1.2/javax.annotation-api-1.2.jar:/root/.m2/repository/org/apache/ratis/ratis-server/0.4.0-fe2b15d-SNAPSHOT/ratis-server-0.4.0-fe2b15d-SNAPSHOT.jar:/root/.m2/repository/org/apache/ratis/ratis-thirdparty-misc/0.2.0/ratis-thirdparty-misc-0.2.0.jar:/root/.m2/repository/org/apache/ratis/ratis-proto/0.4.0-fe2b15d-SNAPSHOT/ratis-proto-0.4.0-fe2b15d-SNAPSHOT.jar:/root/.m2/repository/org/apache/ratis/ratis-common/0.4.0-fe2b15d-SNAPSHOT/ratis-common-0.4.0-fe2b15d-SNAPSHOT.jar:/root/.m2/repository/org/apache/ratis/ratis-client/0.4.0-fe2b15d-SNAPSHOT/ratis-client-0.4.0-fe2b15d-SNAPSHOT.jar:/root/.m2/repository/org/apache/ratis/ratis-netty/0.4.0-fe2b15d-SNAPSHOT/ratis-netty-0.4.0-fe2b15d-SNAPSHOT.jar:/root/.m2/repository/org/apache/ratis/ratis-grpc/0.4.0-fe2b15d-SNAPSHOT/ratis-grpc-0.4.0-fe2b15d-SNAPSHOT.jar:/root/.m2/repository/org/rocksdb/rocksdbjni/5.14.2/rocksdbjni-5.14.2.jar:/root/.m2/repository/org/apache/logging/log4j/log4j-api/2.11.0/log4j-api-2.11.0.jar:/root/.m2/repository/org/apache/logging/log4j/log4j-core/2.11.0/log4j-core-2.11.0.jar:/root/.m2/repository/com/lmax/disruptor/3.4.2/disruptor-3.4.2.jar:/root/.m2/repository/org/apache/commons/commons-pool2/2.6.0/commons-pool2-2.6.0.jar:/root/.m2/repository/org/bouncycastle/bcpkix-jdk15on/1.60/bcpkix-jdk15on-1.60.jar:/root/.m2/repository/commons-validator/commons-validator/1.6/commons-validator-1.6.jar:/root/.m2/repository/commons-digester/commons-digester/1.8.1/commons-digester-1.8.1.jar:/root/.m2/repository/io/jaegertracing/jaeger-client/0.33.1/jaeger-client-0.33.1.jar:/root/.m2/repository/io/jaegertracing/jaeger-thrift/0.33.1/jaeger-thrift-0.33.1.jar:/root/.m2/repository/org/apache/thrift/libthrift/0.11.0/libthrift-0.11.0.jar:/root/.m2/repository/com/squareup/okhttp3/okhttp/3.9.0/okhttp-3.9.0.jar:/root/.m2/repository/com/squareup/okio/okio/1.13.0/okio-1.13.0.jar:/root/.m2/repository/io/jaegertracing/jaeger-core/0.33.1/jaeger-core-0.33.1.jar:/root/.m2/repository/io/jaegertracing/jaeger-tracerresolver/0.33.1/jaeger-tracerresolver-0.33.1.jar:/root/.m2/repository/io/opentracing/contrib/opentracing-tracerresolver/0.1.5/opentracing-tracerresolver-0.1.5.jar:/root/.m2/repository/io/opentracing/opentracing-util/0.31.0/opentracing-util-0.31.0.jar:/root/.m2/repository/io/opentracing/opentracing-api/0.31.0/opentracing-api-0.31.0.jar:/root/.m2/repository/io/opentracing/opentracing-noop/0.31.0/opentracing-noop-0.31.0.jar:/root/.m2/repository/org/apache/hadoop/hadoop-hdds-server-framework/0.5.0-SNAPSHOT/hadoop-hdds-server-framework-0.5.0-SNAPSHOT.jar:/root/.m2/repository/org/apache/hadoop/hadoop-hdds-server-scm/0.5.0-SNAPSHOT/hadoop-hdds-server-scm-0.5.0-SNAPSHOT.jar:/root/.m2/repository/org/apache/hadoop/hadoop-hdds-container-service/0.5.0-SNAPSHOT/hadoop-hdds-container-service-0.5.0-SNAPSHOT.jar:/root/.m2/repository/org/apache/hadoop/hadoop-hdds-client/0.5.0-SNAPSHOT/hadoop-hdds-client-0.5.0-SNAPSHOT.jar:/root/.m2/repository/org/apache/hadoop/hadoop-hdds-tools/0.5.0-SNAPSHOT/hadoop-hdds-tools-0.5.0-SNAPSHOT.jar:/root/.m2/repository/org/apache/hadoop/hadoop-ozone-ozone-manager/0.5.0-SNAPSHOT/hadoop-ozone-ozone-manager-0.5.0-SNAPSHOT.jar:/root/.m2/repository/org/apache/hadoop/hadoop-hdds-docs/0.5.0-SNAPSHOT/hadoop-hdds-docs-0.5.0-SNAPSHOT.jar:/root/.m2/repository/org/bouncycastle/bcprov-jdk15on/1.60/bcprov-jdk15on-1.60.jar:/root/.m2/repository/org/apache/hadoop/hadoop-minikdc/3.2.0/hadoop-minikdc-3.2.0.jar:/root/.m2/repository/commons-io/commons-io/2.5/commons-io-2.5.jar:/root/.m2/repository/org/apache/kerby/kerb-simplekdc/1.0.1/kerb-simplekdc-1.0.1.jar:/root/.m2/repository/org/apache/kerby/kerb-client/1.0.1/kerb-client-1.0.1.jar:/root/.m2/repository/org/apache/kerby/kerby-config/1.0.1/kerby-config-1.0.1.jar:/root/.m2/repository/org/apache/kerby/kerb-core/1.0.1/kerb-core-1.0.1.jar:/root/.m2/repository/org/apache/kerby/kerby-pkix/1.0.1/kerby-pkix-1.0.1.jar:/root/.m2/repository/org/apache/kerby/kerby-asn1/1.0.1/kerby-asn1-1.0.1.jar:/root/.m2/repository/org/apache/kerby/kerby-util/1.0.1/kerby-util-1.0.1.jar:/root/.m2/repository/org/apache/kerby/kerb-common/1.0.1/kerb-common-1.0.1.jar:/root/.m2/repository/org/apache/kerby/kerb-crypto/1.0.1/kerb-crypto-1.0.1.jar:/root/.m2/repository/org/apache/kerby/kerb-util/1.0.1/kerb-util-1.0.1.jar:/root/.m2/repository/org/apache/kerby/token-provider/1.0.1/token-provider-1.0.1.jar:/root/.m2/repository/org/apache/kerby/kerb-admin/1.0.1/kerb-admin-1.0.1.jar:/root/.m2/repository/org/apache/kerby/kerb-server/1.0.1/kerb-server-1.0.1.jar:/root/.m2/repository/org/apache/kerby/kerb-identity/1.0.1/kerb-identity-1.0.1.jar:/root/.m2/repository/org/apache/kerby/kerby-xdr/1.0.1/kerby-xdr-1.0.1.jar:/root/.m2/repository/org/slf4j/slf4j-log4j12/1.7.25/slf4j-log4j12-1.7.25.jar:/root/.m2/repository/org/apache/hadoop/hadoop-ozone-objectstore-service/0.5.0-SNAPSHOT/hadoop-ozone-objectstore-service-0.5.0-SNAPSHOT.jar:/root/.m2/repository/org/apache/hadoop/hadoop-ozone-s3gateway/0.5.0-SNAPSHOT/hadoop-ozone-s3gateway-0.5.0-SNAPSHOT.jar:/root/.m2/repository/org/jboss/weld/servlet/weld-servlet/2.4.7.Final/weld-servlet-2.4.7.Final.jar:/root/.m2/repository/org/glassfish/jersey/containers/jersey-container-servlet-core/2.27/jersey-container-servlet-core-2.27.jar:/root/.m2/repository/org/glassfish/hk2/external/javax.inject/2.5.0-b42/javax.inject-2.5.0-b42.jar:/root/.m2/repository/org/glassfish/jersey/core/jersey-common/2.27/jersey-common-2.27.jar:/root/.m2/repository/org/glassfish/hk2/osgi-resource-locator/1.0.1/osgi-resource-locator-1.0.1.jar:/root/.m2/repository/javax/ws/rs/javax.ws.rs-api/2.1/javax.ws.rs-api-2.1.jar:/root/.m2/repository/org/glassfish/jersey/ext/cdi/jersey-cdi1x/2.27/jersey-cdi1x-2.27.jar:/root/.m2/repository/org/glassfish/jersey/inject/jersey-hk2/2.27/jersey-hk2-2.27.jar:/root/.m2/repository/org/glassfish/hk2/hk2-locator/2.5.0-b42/hk2-locator-2.5.0-b42.jar:/root/.m2/repository/org/javassist/javassist/3.22.0-CR2/javassist-3.22.0-CR2.jar:/root/.m2/repository/org/glassfish/hk2/hk2-api/2.5.0/hk2-api-2.5.0.jar:/root/.m2/repository/org/glassfish/hk2/external/jakarta.inject/2.5.0/jakarta.inject-2.5.0.jar:/root/.m2/repository/org/glassfish/hk2/hk2-utils/2.5.0/hk2-utils-2.5.0.jar:/root/.m2/repository/jakarta/annotation/jakarta.annotation-api/1.3.4/jakarta.annotation-api-1.3.4.jar:/root/.m2/repository/org/glassfish/hk2/external/aopalliance-repackaged/2.5.0/aopalliance-repackaged-2.5.0.jar:/root/.m2/repository/com/fasterxml/jackson/dataformat/jackson-dataformat-xml/2.9.0/jackson-dataformat-xml-2.9.0.jar:/root/.m2/repository/com/fasterxml/jackson/core/jackson-core/2.9.5/jackson-core-2.9.5.jar:/root/.m2/repository/com/fasterxml/jackson/module/jackson-module-jaxb-annotations/2.9.5/jackson-module-jaxb-annotations-2.9.5.jar:/root/.m2/repository/javax/enterprise/cdi-api/1.2/cdi-api-1.2.jar:/root/.m2/repository/javax/el/javax.el-api/3.0.0/javax.el-api-3.0.0.jar:/root/.m2/repository/javax/interceptor/javax.interceptor-api/1.2/javax.interceptor-api-1.2.jar:/root/.m2/repository/javax/inject/javax.inject/1/javax.inject-1.jar:/root/.m2/repository/com/sun/xml/bind/jaxb-impl/2.3.0.1/jaxb-impl-2.3.0.1.jar:/root/.m2/repository/com/sun/xml/bind/jaxb-core/2.3.0.1/jaxb-core-2.3.0.1.jar:/root/.m2/repository/javax/xml/bind/jaxb-api/2.3.0/jaxb-api-2.3.0.jar:/root/.m2/repository/javax/activation/activation/1.1.1/activation-1.1.1.jar:/root/.m2/repository/org/apache/hadoop/hadoop-ozone-csi/0.5.0-SNAPSHOT/hadoop-ozone-csi-0.5.0-SNAPSHOT.jar:/root/.m2/repository/com/google/protobuf/protobuf-java-util/3.5.1/protobuf-java-util-3.5.1.jar:/root/.m2/repository/org/apache/hadoop/hadoop-hdds-config/0.5.0-SNAPSHOT/hadoop-hdds-config-0.5.0-SNAPSHOT.jar:/root/.m2/repository/com/google/guava/guava/11.0.2/guava-11.0.2.jar:/root/.m2/repository/com/google/protobuf/protobuf-java/2.5.0/protobuf-java-2.5.0.jar:/root/.m2/repository/io/grpc/grpc-netty/1.17.1/grpc-netty-1.17.1.jar:/root/.m2/repository/io/grpc/grpc-core/1.17.1/grpc-core-1.17.1.jar:/root/.m2/repository/io/grpc/grpc-context/1.17.1/grpc-context-1.17.1.jar:/root/.m2/repository/com/google/errorprone/error_prone_annotations/2.2.0/error_prone_annotations-2.2.0.jar:/root/.m2/repository/org/codehaus/mojo/animal-sniffer-annotations/1.17/animal-sniffer-annotations-1.17.jar:/root/.m2/repository/io/opencensus/opencensus-api/0.17.0/opencensus-api-0.17.0.jar:/root/.m2/repository/io/opencensus/opencensus-contrib-grpc-metrics/0.17.0/opencensus-contrib-grpc-metrics-0.17.0.jar:/root/.m2/repository/io/netty/netty-codec-http2/4.1.30.Final/netty-codec-http2-4.1.30.Final.jar:/root/.m2/repository/io/netty/netty-codec-http/4.1.30.Final/netty-codec-http-4.1.30.Final.jar:/root/.m2/repository/io/netty/netty-codec/4.1.30.Final/netty-codec-4.1.30.Final.jar:/root/.m2/repository/io/netty/netty-handler/4.1.30.Final/netty-handler-4.1.30.Final.jar:/root/.m2/repository/io/netty/netty-handler-proxy/4.1.30.Final/netty-handler-proxy-4.1.30.Final.jar:/root/.m2/repository/io/netty/netty-codec-socks/4.1.30.Final/netty-codec-socks-4.1.30.Final.jar:/root/.m2/repository/io/netty/netty-transport-native-epoll/4.1.30.Final/netty-transport-native-epoll-4.1.30.Final.jar:/root/.m2/repository/io/netty/netty-common/4.1.30.Final/netty-common-4.1.30.Final.jar:/root/.m2/repository/io/netty/netty-buffer/4.1.30.Final/netty-buffer-4.1.30.Final.jar:/root/.m2/repository/io/netty/netty-transport/4.1.30.Final/netty-transport-4.1.30.Final.jar:/root/.m2/repository/io/netty/netty-resolver/4.1.30.Final/netty-resolver-4.1.30.Final.jar:/root/.m2/repository/io/netty/netty-transport-native-unix-common/4.1.30.Final/netty-transport-native-unix-common-4.1.30.Final.jar:/root/.m2/repository/io/grpc/grpc-protobuf/1.17.1/grpc-protobuf-1.17.1.jar:/root/.m2/repository/com/google/api/grpc/proto-google-common-protos/1.0.0/proto-google-common-protos-1.0.0.jar:/root/.m2/repository/io/grpc/grpc-protobuf-lite/1.17.1/grpc-protobuf-lite-1.17.1.jar:/root/.m2/repository/io/grpc/grpc-stub/1.17.1/grpc-stub-1.17.1.jar:/root/.m2/repository/org/apache/hadoop/hadoop-ozone-recon/0.5.0-SNAPSHOT/hadoop-ozone-recon-0.5.0-SNAPSHOT.jar:/root/.m2/repository/org/apache/hadoop/hadoop-ozone-reconcodegen/0.5.0-SNAPSHOT/hadoop-ozone-reconcodegen-0.5.0-SNAPSHOT.jar:/root/.m2/repository/com/google/inject/extensions/guice-multibindings/4.0/guice-multibindings-4.0.jar:/root/.m2/repository/com/google/inject/guice/4.0/guice-4.0.jar:/root/.m2/repository/aopalliance/aopalliance/1.0/aopalliance-1.0.jar:/root/.m2/repository/com/google/inject/extensions/guice-servlet/4.0/guice-servlet-4.0.jar:/root/.m2/repository/org/glassfish/jersey/containers/jersey-container-servlet/2.27/jersey-container-servlet-2.27.jar:/root/.m2/repository/org/glassfish/hk2/guice-bridge/2.5.0/guice-bridge-2.5.0.jar:/root/.m2/repository/org/glassfish/jersey/core/jersey-server/2.27/jersey-server-2.27.jar:/root/.m2/repository/org/glassfish/jersey/core/jersey-client/2.27/jersey-client-2.27.jar:/root/.m2/repository/org/glassfish/jersey/media/jersey-media-jaxb/2.27/jersey-media-jaxb-2.27.jar:/root/.m2/repository/javax/validation/validation-api/1.1.0.Final/validation-api-1.1.0.Final.jar:/root/.m2/repository/org/glassfish/jersey/media/jersey-media-json-jackson/2.27/jersey-media-json-jackson-2.27.jar:/root/.m2/repository/org/glassfish/jersey/ext/jersey-entity-filtering/2.27/jersey-entity-filtering-2.27.jar:/root/.m2/repository/com/google/inject/extensions/guice-assistedinject/4.0/guice-assistedinject-4.0.jar:/root/.m2/repository/org/jooq/jooq/3.11.10/jooq-3.11.10.jar:/root/.m2/repository/org/jooq/jooq-meta/3.11.10/jooq-meta-3.11.10.jar:/root/.m2/repository/org/jooq/jooq-codegen/3.11.10/jooq-codegen-3.11.10.jar:/root/.m2/repository/com/jolbox/bonecp/0.8.0.RELEASE/bonecp-0.8.0.RELEASE.jar:/root/.m2/repository/org/xerial/sqlite-jdbc/3.25.2/sqlite-jdbc-3.25.2.jar:/root/.m2/repository/org/springframework/spring-jdbc/5.1.3.RELEASE/spring-jdbc-5.1.3.RELEASE.jar:/root/.m2/repository/org/springframework/spring-beans/5.1.3.RELEASE/spring-beans-5.1.3.RELEASE.jar:/root/.m2/repository/org/springframework/spring-core/5.1.3.RELEASE/spring-core-5.1.3.RELEASE.jar:/root/.m2/repository/org/springframework/spring-jcl/5.1.3.RELEASE/spring-jcl-5.1.3.RELEASE.jar:/root/.m2/repository/org/springframework/spring-tx/5.1.3.RELEASE/spring-tx-5.1.3.RELEASE.jar:/root/.m2/repository/org/apache/hadoop/hadoop-ozone-client/0.5.0-SNAPSHOT/hadoop-ozone-client-0.5.0-SNAPSHOT.jar:/root/.m2/repository/org/apache/hadoop/hadoop-ozone-ozone-manager/0.5.0-SNAPSHOT/hadoop-ozone-ozone-manager-0.5.0-SNAPSHOT-tests.jar:/root/.m2/repository/junit/junit/4.11/junit-4.11.jar:/root/.m2/repository/org/hamcrest/hamcrest-core/1.3/hamcrest-core-1.3.jar:/root/.m2/repository/org/openjdk/jmh/jmh-core/1.19/jmh-core-1.19.jar:/root/.m2/repository/net/sf/jopt-simple/jopt-simple/4.6/jopt-simple-4.6.jar:/root/.m2/repository/org/apache/commons/commons-math3/3.1.1/commons-math3-3.1.1.jar:/root/.m2/repository/org/openjdk/jmh/jmh-generator-annprocess/1.19/jmh-generator-annprocess-1.19.jar:/root/.m2/repository/org/mockito/mockito-all/1.8.5/mockito-all-1.8.5.jar:/root/.m2/repository/org/apache/hadoop/hadoop-kms/3.2.0/hadoop-kms-3.2.0.jar:/root/.m2/repository/org/apache/hadoop/hadoop-auth/3.2.0/hadoop-auth-3.2.0.jar:/root/.m2/repository/com/nimbusds/nimbus-jose-jwt/4.41.1/nimbus-jose-jwt-4.41.1.jar:/root/.m2/repository/com/github/stephenc/jcip/jcip-annotations/1.0-1/jcip-annotations-1.0-1.jar:/root/.m2/repository/net/minidev/json-smart/2.3/json-smart-2.3.jar:/root/.m2/repository/net/minidev/accessors-smart/1.2/accessors-smart-1.2.jar:/root/.m2/repository/org/ow2/asm/asm/5.0.4/asm-5.0.4.jar:/root/.m2/repository/org/apache/curator/curator-framework/2.12.0/curator-framework-2.12.0.jar:/root/.m2/repository/com/sun/jersey/jersey-core/1.19/jersey-core-1.19.jar:/root/.m2/repository/javax/ws/rs/jsr311-api/1.1.1/jsr311-api-1.1.1.jar:/root/.m2/repository/com/sun/jersey/jersey-server/1.19/jersey-server-1.19.jar:/root/.m2/repository/javax/servlet/javax.servlet-api/3.1.0/javax.servlet-api-3.1.0.jar:/root/.m2/repository/org/eclipse/jetty/jetty-server/9.3.24.v20180605/jetty-server-9.3.24.v20180605.jar:/root/.m2/repository/org/eclipse/jetty/jetty-http/9.3.24.v20180605/jetty-http-9.3.24.v20180605.jar:/root/.m2/repository/org/eclipse/jetty/jetty-io/9.3.24.v20180605/jetty-io-9.3.24.v20180605.jar:/root/.m2/repository/org/eclipse/jetty/jetty-webapp/9.3.24.v20180605/jetty-webapp-9.3.24.v20180605.jar:/root/.m2/repository/org/eclipse/jetty/jetty-xml/9.3.24.v20180605/jetty-xml-9.3.24.v20180605.jar:/root/.m2/repository/log4j/log4j/1.2.17/log4j-1.2.17.jar:/root/.m2/repository/org/slf4j/slf4j-api/1.7.25/slf4j-api-1.7.25.jar:/root/.m2/repository/org/slf4j/jul-to-slf4j/1.7.25/jul-to-slf4j-1.7.25.jar:/root/.m2/repository/org/eclipse/jetty/jetty-util/9.3.24.v20180605/jetty-util-9.3.24.v20180605.jar:/root/.m2/repository/io/dropwizard/metrics/metrics-core/3.2.4/metrics-core-3.2.4.jar:/root/.m2/repository/com/fasterxml/jackson/core/jackson-databind/2.9.5/jackson-databind-2.9.5.jar:/root/.m2/repository/org/apache/hadoop/hadoop-kms/3.2.0/hadoop-kms-3.2.0-tests.jar:/root/.m2/repository/org/apache/hadoop/hadoop-hdds-server-scm/0.5.0-SNAPSHOT/hadoop-hdds-server-scm-0.5.0-SNAPSHOT-tests.jar:/root/.m2/repository/org/hamcrest/hamcrest-all/1.3/hamcrest-all-1.3.jar:/root/.m2/repository/info/picocli/picocli/3.9.6/picocli-3.9.6.jar:/root/.m2/repository/org/apache/hadoop/hadoop-hdds-container-service/0.5.0-SNAPSHOT/hadoop-hdds-container-service-0.5.0-SNAPSHOT-tests.jar:/root/.m2/repository/org/yaml/snakeyaml/1.16/snakeyaml-1.16.jar:/root/.m2/repository/org/apache/hadoop/hadoop-common/3.2.0/hadoop-common-3.2.0-tests.jar:/root/.m2/repository/org/apache/hadoop/hadoop-annotations/3.2.0/hadoop-annotations-3.2.0.jar:/usr/lib/jvm/java-1.8-openjdk/jre/../lib/tools.jar:/root/.m2/repository/commons-cli/commons-cli/1.2/commons-cli-1.2.jar:/root/.m2/repository/org/apache/httpcomponents/httpclient/4.5.2/httpclient-4.5.2.jar:/root/.m2/repository/org/apache/httpcomponents/httpcore/4.4.4/httpcore-4.4.4.jar:/root/.m2/repository/commons-codec/commons-codec/1.11/commons-codec-1.11.jar:/root/.m2/repository/commons-net/commons-net/3.6/commons-net-3.6.jar:/root/.m2/repository/commons-collections/commons-collections/3.2.2/commons-collections-3.2.2.jar:/root/.m2/repository/org/eclipse/jetty/jetty-servlet/9.3.24.v20180605/jetty-servlet-9.3.24.v20180605.jar:/root/.m2/repository/org/eclipse/jetty/jetty-security/9.3.24.v20180605/jetty-security-9.3.24.v20180605.jar:/root/.m2/repository/javax/servlet/jsp/jsp-api/2.1/jsp-api-2.1.jar:/root/.m2/repository/com/sun/jersey/jersey-servlet/1.19/jersey-servlet-1.19.jar:/root/.m2/repository/com/sun/jersey/jersey-json/1.19/jersey-json-1.19.jar:/root/.m2/repository/org/codehaus/jettison/jettison/1.1/jettison-1.1.jar:/root/.m2/repository/org/codehaus/jackson/jackson-core-asl/1.9.13/jackson-core-asl-1.9.13.jar:/root/.m2/repository/org/codehaus/jackson/jackson-mapper-asl/1.9.13/jackson-mapper-asl-1.9.13.jar:/root/.m2/repository/org/codehaus/jackson/jackson-jaxrs/1.9.13/jackson-jaxrs-1.9.13.jar:/root/.m2/repository/org/codehaus/jackson/jackson-xc/1.9.13/jackson-xc-1.9.13.jar:/root/.m2/repository/commons-logging/commons-logging/1.1.3/commons-logging-1.1.3.jar:/root/.m2/repository/commons-beanutils/commons-beanutils/1.9.3/commons-beanutils-1.9.3.jar:/root/.m2/repository/org/apache/commons/commons-configuration2/2.1.1/commons-configuration2-2.1.1.jar:/root/.m2/repository/org/apache/commons/commons-lang3/3.7/commons-lang3-3.7.jar:/root/.m2/repository/org/apache/commons/commons-text/1.4/commons-text-1.4.jar:/root/.m2/repository/org/apache/avro/avro/1.7.7/avro-1.7.7.jar:/root/.m2/repository/com/thoughtworks/paranamer/paranamer/2.3/paranamer-2.3.jar:/root/.m2/repository/org/xerial/snappy/snappy-java/1.0.5/snappy-java-1.0.5.jar:/root/.m2/repository/com/google/re2j/re2j/1.1/re2j-1.1.jar:/root/.m2/repository/com/google/code/gson/gson/2.2.4/gson-2.2.4.jar:/root/.m2/repository/com/jcraft/jsch/0.1.54/jsch-0.1.54.jar:/root/.m2/repository/org/apache/curator/curator-client/2.12.0/curator-client-2.12.0.jar:/root/.m2/repository/org/apache/curator/curator-recipes/2.12.0/curator-recipes-2.12.0.jar:/root/.m2/repository/com/google/code/findbugs/jsr305/3.0.0/jsr305-3.0.0.jar:/root/.m2/repository/org/apache/htrace/htrace-core4/4.1.0-incubating/htrace-core4-4.1.0-incubating.jar:/root/.m2/repository/org/apache/zookeeper/zookeeper/3.4.13/zookeeper-3.4.13.jar:/root/.m2/repository/org/apache/yetus/audience-annotations/0.5.0/audience-annotations-0.5.0.jar:/root/.m2/repository/org/codehaus/woodstox/stax2-api/3.1.4/stax2-api-3.1.4.jar:/root/.m2/repository/com/fasterxml/woodstox/woodstox-core/5.0.3/woodstox-core-5.0.3.jar:/root/.m2/repository/dnsjava/dnsjava/2.1.7/dnsjava-2.1.7.jar:/root/.m2/repository/org/apache/hadoop/hadoop-hdfs/3.2.0/hadoop-hdfs-3.2.0-tests.jar:/root/.m2/repository/org/eclipse/jetty/jetty-util-ajax/9.3.24.v20180605/jetty-util-ajax-9.3.24.v20180605.jar:/root/.m2/repository/commons-daemon/commons-daemon/1.0.13/commons-daemon-1.0.13.jar:/root/.m2/repository/io/netty/netty/3.10.5.Final/netty-3.10.5.Final.jar:/root/.m2/repository/io/netty/netty-all/4.0.52.Final/netty-all-4.0.52.Final.jar:/root/.m2/repository/org/fusesource/leveldbjni/leveldbjni-all/1.8/leveldbjni-all-1.8.jar:"/>
    <property name="sun.cpu.endian" value="little"/>
    <property name="user.home" value="/root"/>
    <property name="user.language" value="en"/>
    <property name="java.specification.vendor" value="Oracle Corporation"/>
    <property name="java.home" value="/usr/lib/jvm/java-1.8-openjdk/jre"/>
    <property name="java.security.krb5.conf" value="/opt/src/hadoop-ozone/integration-test/target/test-classes/krb5.conf"/>
    <property name="basedir" value="/opt/src/hadoop-ozone/integration-test"/>
    <property name="file.separator" value="/"/>
    <property name="line.separator" value="&#10;"/>
    <property name="java.vm.specification.vendor" value="Oracle Corporation"/>
    <property name="java.specification.name" value="Java Platform API Specification"/>
    <property name="java.awt.graphicsenv" value="sun.awt.X11GraphicsEnvironment"/>
    <property name="surefire.real.class.path" value="/opt/src/hadoop-ozone/integration-test/target/surefire/surefirebooter3134753422307509489.jar"/>
    <property name="hadoop.log.dir" value="/opt/src/hadoop-ozone/integration-test/target/log"/>
    <property name="sun.boot.class.path" value="/usr/lib/jvm/java-1.8-openjdk/jre/lib/resources.jar:/usr/lib/jvm/java-1.8-openjdk/jre/lib/rt.jar:/usr/lib/jvm/java-1.8-openjdk/jre/lib/sunrsasign.jar:/usr/lib/jvm/java-1.8-openjdk/jre/lib/jsse.jar:/usr/lib/jvm/java-1.8-openjdk/jre/lib/jce.jar:/usr/lib/jvm/java-1.8-openjdk/jre/lib/charsets.jar:/usr/lib/jvm/java-1.8-openjdk/jre/lib/jfr.jar:/usr/lib/jvm/java-1.8-openjdk/jre/classes"/>
    <property name="sun.management.compiler" value="HotSpot 64-Bit Tiered Compilers"/>
    <property name="java.runtime.version" value="1.8.0_212-b04"/>
    <property name="java.net.preferIPv4Stack" value="true"/>
    <property name="user.name" value="root"/>
    <property name="path.separator" value=":"/>
    <property name="java.security.egd" value="file:///dev/urandom"/>
    <property name="os.version" value="4.15.0-1021-aws"/>
    <property name="java.endorsed.dirs" value="/usr/lib/jvm/java-1.8-openjdk/jre/lib/endorsed"/>
    <property name="java.runtime.name" value="OpenJDK Runtime Environment"/>
    <property name="file.encoding" value="UTF-8"/>
    <property name="java.vm.name" value="OpenJDK 64-Bit Server VM"/>
    <property name="test.build.webapps" value=""/>
    <property name="localRepository" value="/root/.m2/repository"/>
    <property name="java.vendor.url.bug" value="https://icedtea.classpath.org/bugzilla"/>
    <property name="java.io.tmpdir" value="/tmp"/>
    <property name="require.test.libhadoop" value=""/>
    <property name="java.version" value="1.8.0_212"/>
    <property name="user.dir" value="/opt/src/hadoop-ozone/integration-test"/>
    <property name="os.arch" value="amd64"/>
    <property name="java.vm.specification.name" value="Java Virtual Machine Specification"/>
    <property name="test.build.classes" value="/opt/src/hadoop-ozone/integration-test/target/test-classes"/>
    <property name="java.awt.printerjob" value="sun.print.PSPrinterJob"/>
    <property name="sun.os.patch.level" value="unknown"/>
    <property name="hadoop.tmp.dir" value="/opt/src/hadoop-ozone/integration-test/target/tmp"/>
    <property name="java.library.path" value="/usr/lib/jvm/java-1.8-openjdk/jre/lib/amd64/server:/usr/lib/jvm/java-1.8-openjdk/jre/lib/amd64:/usr/lib/jvm/java-1.8-openjdk/jre/../lib/amd64:/opt/src/hadoop-ozone/integration-test/target/native/target/usr/local/lib:/opt/src/hadoop-ozone/integration-test/../../hadoop-common-project/hadoop-common/target/native/target/usr/local/lib:/usr/java/packages/lib/amd64:/usr/lib64:/lib64:/lib:/usr/lib"/>
    <property name="java.vm.info" value="mixed mode"/>
    <property name="java.vendor" value="IcedTea"/>
    <property name="java.vm.version" value="25.212-b04"/>
    <property name="java.ext.dirs" value="/usr/lib/jvm/java-1.8-openjdk/jre/lib/ext:/usr/java/packages/lib/ext"/>
    <property name="sun.io.unicode.encoding" value="UnicodeLittle"/>
    <property name="java.class.version" value="52.0"/>
  </properties>
  <testcase name="testPipelineExclusionWithPipelineFailure" classname="org.apache.hadoop.ozone.client.rpc.TestFailureHandlingByClient" time="20.241"/>
  <testcase name="testContainerExclusionWithClosedContainerException" classname="org.apache.hadoop.ozone.client.rpc.TestFailureHandlingByClient" time="13.408"/>
  <testcase name="testWriteSmallFile" classname="org.apache.hadoop.ozone.client.rpc.TestFailureHandlingByClient" time="13.155"/>
  <testcase name="testMultiBlockWritesWithIntermittentDnFailures" classname="org.apache.hadoop.ozone.client.rpc.TestFailureHandlingByClient" time="13.131">
    <failure message="expected:&lt;6&gt; but was:&lt;3&gt;" type="java.lang.AssertionError"><![CDATA[java.lang.AssertionError: expected:<6> but was:<3>
	at org.junit.Assert.fail(Assert.java:88)
	at org.junit.Assert.failNotEquals(Assert.java:743)
	at org.junit.Assert.assertEquals(Assert.java:118)
	at org.junit.Assert.assertEquals(Assert.java:555)
	at org.junit.Assert.assertEquals(Assert.java:542)
	at org.apache.hadoop.ozone.client.rpc.TestFailureHandlingByClient.testMultiBlockWritesWithIntermittentDnFailures(TestFailureHandlingByClient.java:221)
	at sun.reflect.NativeMethodAccessorImpl.invoke0(Native Method)
	at sun.reflect.NativeMethodAccessorImpl.invoke(NativeMethodAccessorImpl.java:62)
	at sun.reflect.DelegatingMethodAccessorImpl.invoke(DelegatingMethodAccessorImpl.java:43)
	at java.lang.reflect.Method.invoke(Method.java:498)
	at org.junit.runners.model.FrameworkMethod$1.runReflectiveCall(FrameworkMethod.java:47)
	at org.junit.internal.runners.model.ReflectiveCallable.run(ReflectiveCallable.java:12)
	at org.junit.runners.model.FrameworkMethod.invokeExplosively(FrameworkMethod.java:44)
	at org.junit.internal.runners.statements.InvokeMethod.evaluate(InvokeMethod.java:17)
	at org.junit.runners.ParentRunner.runLeaf(ParentRunner.java:271)
	at org.junit.runners.BlockJUnit4ClassRunner.runChild(BlockJUnit4ClassRunner.java:70)
	at org.junit.runners.BlockJUnit4ClassRunner.runChild(BlockJUnit4ClassRunner.java:50)
	at org.junit.runners.ParentRunner$3.run(ParentRunner.java:238)
	at org.junit.runners.ParentRunner$1.schedule(ParentRunner.java:63)
	at org.junit.runners.ParentRunner.runChildren(ParentRunner.java:236)
	at org.junit.runners.ParentRunner.access$000(ParentRunner.java:53)
	at org.junit.runners.ParentRunner$2.evaluate(ParentRunner.java:229)
	at org.junit.runners.ParentRunner.run(ParentRunner.java:309)
	at org.apache.maven.surefire.junit4.JUnit4Provider.execute(JUnit4Provider.java:365)
	at org.apache.maven.surefire.junit4.JUnit4Provider.executeWithRerun(JUnit4Provider.java:273)
	at org.apache.maven.surefire.junit4.JUnit4Provider.executeTestSet(JUnit4Provider.java:238)
	at org.apache.maven.surefire.junit4.JUnit4Provider.invoke(JUnit4Provider.java:159)
	at org.apache.maven.surefire.booter.ForkedBooter.invokeProviderInSameClassLoader(ForkedBooter.java:384)
	at org.apache.maven.surefire.booter.ForkedBooter.runSuitesInProcess(ForkedBooter.java:345)
	at org.apache.maven.surefire.booter.ForkedBooter.execute(ForkedBooter.java:126)
	at org.apache.maven.surefire.booter.ForkedBooter.main(ForkedBooter.java:418)
]]></failure>
    <system-out><![CDATA[2019-06-12 21:47:52,042 WARN  server.ServerUtils (ServerUtils.java:getScmDbDir(145)) - ozone.scm.db.dirs is not configured. We recommend adding this setting. Falling back to ozone.metadata.dirs instead.
2019-06-12 21:47:52,047 WARN  server.ServerUtils (ServerUtils.java:getScmDbDir(145)) - ozone.scm.db.dirs is not configured. We recommend adding this setting. Falling back to ozone.metadata.dirs instead.
2019-06-12 21:47:52,047 WARN  server.ServerUtils (ServerUtils.java:getScmDbDir(145)) - ozone.scm.db.dirs is not configured. We recommend adding this setting. Falling back to ozone.metadata.dirs instead.
2019-06-12 21:47:52,047 INFO  db.DBStoreBuilder (DBStoreBuilder.java:addTable(110)) - using custom profile for table: deletedBlocks
2019-06-12 21:47:52,047 INFO  db.DBStoreBuilder (DBStoreBuilder.java:processTables(161)) - Using default column profile:DBProfile.DISK for Table:deletedBlocks
2019-06-12 21:47:52,047 INFO  db.DBStoreBuilder (DBStoreBuilder.java:addTable(110)) - using custom profile for table: validCerts
2019-06-12 21:47:52,048 INFO  db.DBStoreBuilder (DBStoreBuilder.java:processTables(161)) - Using default column profile:DBProfile.DISK for Table:validCerts
2019-06-12 21:47:52,048 INFO  db.DBStoreBuilder (DBStoreBuilder.java:addTable(110)) - using custom profile for table: revokedCerts
2019-06-12 21:47:52,048 INFO  db.DBStoreBuilder (DBStoreBuilder.java:processTables(161)) - Using default column profile:DBProfile.DISK for Table:revokedCerts
2019-06-12 21:47:52,048 INFO  db.DBStoreBuilder (DBStoreBuilder.java:addTable(110)) - using custom profile for table: default
2019-06-12 21:47:52,048 INFO  db.DBStoreBuilder (DBStoreBuilder.java:processTables(167)) - Using default column profile:DBProfile.DISK for Table:default
2019-06-12 21:47:52,048 INFO  db.DBStoreBuilder (DBStoreBuilder.java:getDbProfile(198)) - Using default options. DBProfile.DISK
2019-06-12 21:47:52,100 INFO  node.SCMNodeManager (SCMNodeManager.java:<init>(108)) - Entering startup safe mode.
2019-06-12 21:47:52,101 INFO  net.NodeSchemaLoader (NodeSchemaLoader.java:loadSchemaFromFile(125)) - Loading file from sun.misc.CompoundEnumeration@217c6a1e
2019-06-12 21:47:52,101 INFO  net.NodeSchemaLoader (NodeSchemaLoader.java:loadSchema(171)) - Loading network topology layer schema file
2019-06-12 21:47:52,103 WARN  server.ServerUtils (ServerUtils.java:getScmDbDir(145)) - ozone.scm.db.dirs is not configured. We recommend adding this setting. Falling back to ozone.metadata.dirs instead.
2019-06-12 21:47:52,116 INFO  pipeline.SCMPipelineManager (SCMPipelineManager.java:initializePipelineState(126)) - No pipeline exists in current db
2019-06-12 21:47:52,116 WARN  server.ServerUtils (ServerUtils.java:getScmDbDir(145)) - ozone.scm.db.dirs is not configured. We recommend adding this setting. Falling back to ozone.metadata.dirs instead.
2019-06-12 21:47:52,130 WARN  events.EventQueue (EventQueue.java:fireEvent(175)) - No event handler registered for event TypedEvent{payloadType=SafeModeStatus, name='SafeModeStatus'}
2019-06-12 21:47:52,131 INFO  ipc.CallQueueManager (CallQueueManager.java:<init>(84)) - Using callQueue: class java.util.concurrent.LinkedBlockingQueue, queueCapacity: 2000, scheduler: class org.apache.hadoop.ipc.DefaultRpcScheduler, ipcBackoff: false.
2019-06-12 21:47:52,131 INFO  ipc.Server (Server.java:run(1074)) - Starting Socket Reader #1 for port 44245
2019-06-12 21:47:52,134 INFO  ipc.CallQueueManager (CallQueueManager.java:<init>(84)) - Using callQueue: class java.util.concurrent.LinkedBlockingQueue, queueCapacity: 2000, scheduler: class org.apache.hadoop.ipc.DefaultRpcScheduler, ipcBackoff: false.
2019-06-12 21:47:52,135 INFO  ipc.Server (Server.java:run(1074)) - Starting Socket Reader #1 for port 35359
2019-06-12 21:47:52,139 INFO  ipc.CallQueueManager (CallQueueManager.java:<init>(84)) - Using callQueue: class java.util.concurrent.LinkedBlockingQueue, queueCapacity: 2000, scheduler: class org.apache.hadoop.ipc.DefaultRpcScheduler, ipcBackoff: false.
2019-06-12 21:47:52,140 INFO  ipc.Server (Server.java:run(1074)) - Starting Socket Reader #1 for port 33855
2019-06-12 21:47:52,142 INFO  hdfs.DFSUtil (DFSUtil.java:httpServerTemplateForNNAndJN(1641)) - Starting Web-server for scm at: http://0.0.0.0:0
2019-06-12 21:47:52,143 INFO  server.AuthenticationFilter (AuthenticationFilter.java:constructSecretProvider(240)) - Unable to initialize FileSignerSecretProvider, falling back to use random secrets.
2019-06-12 21:47:52,143 WARN  http.HttpRequestLog (HttpRequestLog.java:getRequestLog(97)) - Jetty request log can only be enabled using Log4j
2019-06-12 21:47:52,145 INFO  http.HttpServer2 (HttpServer2.java:addGlobalFilter(975)) - Added global filter 'safety' (class=org.apache.hadoop.http.HttpServer2$QuotingInputFilter)
2019-06-12 21:47:52,145 INFO  http.HttpServer2 (HttpServer2.java:addFilter(948)) - Added filter static_user_filter (class=org.apache.hadoop.http.lib.StaticUserWebFilter$StaticUserFilter) to context scm
2019-06-12 21:47:52,145 INFO  http.HttpServer2 (HttpServer2.java:addFilter(958)) - Added filter static_user_filter (class=org.apache.hadoop.http.lib.StaticUserWebFilter$StaticUserFilter) to context logs
2019-06-12 21:47:52,145 INFO  http.HttpServer2 (HttpServer2.java:addFilter(958)) - Added filter static_user_filter (class=org.apache.hadoop.http.lib.StaticUserWebFilter$StaticUserFilter) to context static
2019-06-12 21:47:52,148 INFO  server.StorageContainerManager (StorageContainerManager.java:start(752)) - StorageContainerLocationProtocol RPC server is listening at /0.0.0.0:33855
2019-06-12 21:47:52,148 INFO  impl.MetricsSystemImpl (MetricsSystemImpl.java:init(158)) - StorageContainerManager metrics system started (again)
2019-06-12 21:47:52,148 INFO  server.SCMClientProtocolServer (SCMClientProtocolServer.java:start(149)) - RPC server for Client  is listening at /0.0.0.0:33855
2019-06-12 21:47:52,148 INFO  ipc.Server (Server.java:run(1314)) - IPC Server Responder: starting
2019-06-12 21:47:52,154 INFO  ipc.Server (Server.java:run(1153)) - IPC Server listener on 33855: starting
2019-06-12 21:47:52,169 INFO  server.StorageContainerManager (StorageContainerManager.java:start(761)) - ScmBlockLocationProtocol RPC server is listening at /0.0.0.0:35359
2019-06-12 21:47:52,169 INFO  server.SCMBlockProtocolServer (SCMBlockProtocolServer.java:start(137)) - RPC server for Block Protocol is listening at /0.0.0.0:35359
2019-06-12 21:47:52,169 INFO  ipc.Server (Server.java:run(1314)) - IPC Server Responder: starting
2019-06-12 21:47:52,172 INFO  ipc.Server (Server.java:run(1153)) - IPC Server listener on 35359: starting
2019-06-12 21:47:52,184 INFO  server.StorageContainerManager (StorageContainerManager.java:start(765)) - ScmDatanodeProtocl RPC server is listening at /0.0.0.0:44245
2019-06-12 21:47:52,184 INFO  server.SCMDatanodeProtocolServer (SCMDatanodeProtocolServer.java:start(191)) - RPC server for DataNodes is listening at /0.0.0.0:44245
2019-06-12 21:47:52,184 INFO  ipc.Server (Server.java:run(1314)) - IPC Server Responder: starting
2019-06-12 21:47:52,186 INFO  ipc.Server (Server.java:run(1153)) - IPC Server listener on 44245: starting
2019-06-12 21:47:52,201 INFO  http.HttpServer2 (HttpServer2.java:bindListener(1191)) - Jetty bound to port 39563
2019-06-12 21:47:52,201 INFO  server.Server (Server.java:doStart(351)) - jetty-9.3.24.v20180605, build timestamp: 2018-06-05T17:11:56Z, git hash: 84205aa28f11a4f31f2a3b86d1bba2cc8ab69827
2019-06-12 21:47:52,203 INFO  handler.ContextHandler (ContextHandler.java:doStart(781)) - Started o.e.j.s.ServletContextHandler@7b7b1448{/logs,file:///opt/src/hadoop-ozone/integration-test/target/log,AVAILABLE}
2019-06-12 21:47:52,203 INFO  handler.ContextHandler (ContextHandler.java:doStart(781)) - Started o.e.j.s.ServletContextHandler@25109d84{/static,file:///opt/src/hadoop-ozone/integration-test/target/test-classes/webapps/static,AVAILABLE}
2019-06-12 21:47:52,206 INFO  handler.ContextHandler (ContextHandler.java:doStart(781)) - Started o.e.j.w.WebAppContext@48bab2c6{/,file:///opt/src/hadoop-ozone/integration-test/target/test-classes/webapps/scm/,AVAILABLE}{/scm}
2019-06-12 21:47:52,206 INFO  server.AbstractConnector (AbstractConnector.java:doStart(278)) - Started ServerConnector@6ad26381{HTTP/1.1,[http/1.1]}{0.0.0.0:39563}
2019-06-12 21:47:52,207 INFO  server.Server (Server.java:doStart(419)) - Started @47295ms
2019-06-12 21:47:52,207 INFO  server.BaseHttpServer (BaseHttpServer.java:updateConnectorAddress(207)) - HTTP server of SCM is listening at http://0.0.0.0:39563
2019-06-12 21:47:52,210 WARN  scm.ScmUtils (ScmUtils.java:getDBPath(63)) - ozone.om.db.dirs is not configured. We recommend adding this setting. Falling back to ozone.metadata.dirs instead.
2019-06-12 21:47:52,210 INFO  util.JvmPauseMonitor (JvmPauseMonitor.java:run(188)) - Starting JVM pause monitor
2019-06-12 21:47:52,212 WARN  scm.ScmUtils (ScmUtils.java:getDBPath(63)) - ozone.om.db.dirs is not configured. We recommend adding this setting. Falling back to ozone.metadata.dirs instead.
2019-06-12 21:47:52,213 INFO  om.OzoneManager (OzoneManager.java:setOMNodeDetails(519)) - OM Service ID is not set. Setting it to the default ID: omServiceIdDefault
2019-06-12 21:47:52,213 INFO  om.OzoneManager (OzoneManager.java:setOMNodeDetails(525)) - OM Node ID is not set. Setting it to the OmStorage's OmID: bf68a091-3387-4bd4-a042-0cb97a1fab41
2019-06-12 21:47:52,213 WARN  scm.HddsServerUtil (HddsServerUtil.java:getDefaultRatisDirectory(354)) - Storage directory for Ratis is not configured. It is a good idea to map this to an SSD disk. Falling back to ozone.metadata.dirs
2019-06-12 21:47:52,213 WARN  scm.HddsServerUtil (HddsServerUtil.java:getDefaultRatisDirectory(354)) - Storage directory for Ratis is not configured. It is a good idea to map this to an SSD disk. Falling back to ozone.metadata.dirs
2019-06-12 21:47:52,214 INFO  om.OzoneManager (OzoneManager.java:loadOMHAConfigs(476)) - Found matching OM address with OMServiceId: null, OMNodeId: null, RPC Address: localhost:0 and Ratis port: 9872
2019-06-12 21:47:52,218 WARN  scm.ScmUtils (ScmUtils.java:getDBPath(63)) - ozone.om.db.dirs is not configured. We recommend adding this setting. Falling back to ozone.metadata.dirs instead.
2019-06-12 21:47:52,218 INFO  db.DBStoreBuilder (DBStoreBuilder.java:addTable(110)) - using custom profile for table: userTable
2019-06-12 21:47:52,218 INFO  db.DBStoreBuilder (DBStoreBuilder.java:processTables(161)) - Using default column profile:DBProfile.DISK for Table:userTable
2019-06-12 21:47:52,218 INFO  db.DBStoreBuilder (DBStoreBuilder.java:addTable(110)) - using custom profile for table: volumeTable
2019-06-12 21:47:52,219 INFO  db.DBStoreBuilder (DBStoreBuilder.java:processTables(161)) - Using default column profile:DBProfile.DISK for Table:volumeTable
2019-06-12 21:47:52,219 INFO  db.DBStoreBuilder (DBStoreBuilder.java:addTable(110)) - using custom profile for table: bucketTable
2019-06-12 21:47:52,219 INFO  db.DBStoreBuilder (DBStoreBuilder.java:processTables(161)) - Using default column profile:DBProfile.DISK for Table:bucketTable
2019-06-12 21:47:52,219 INFO  db.DBStoreBuilder (DBStoreBuilder.java:addTable(110)) - using custom profile for table: keyTable
2019-06-12 21:47:52,220 INFO  db.DBStoreBuilder (DBStoreBuilder.java:processTables(161)) - Using default column profile:DBProfile.DISK for Table:keyTable
2019-06-12 21:47:52,220 INFO  db.DBStoreBuilder (DBStoreBuilder.java:addTable(110)) - using custom profile for table: deletedTable
2019-06-12 21:47:52,220 INFO  db.DBStoreBuilder (DBStoreBuilder.java:processTables(161)) - Using default column profile:DBProfile.DISK for Table:deletedTable
2019-06-12 21:47:52,220 INFO  db.DBStoreBuilder (DBStoreBuilder.java:addTable(110)) - using custom profile for table: openKeyTable
2019-06-12 21:47:52,220 INFO  db.DBStoreBuilder (DBStoreBuilder.java:processTables(161)) - Using default column profile:DBProfile.DISK for Table:openKeyTable
2019-06-12 21:47:52,221 INFO  db.DBStoreBuilder (DBStoreBuilder.java:addTable(110)) - using custom profile for table: s3Table
2019-06-12 21:47:52,221 INFO  db.DBStoreBuilder (DBStoreBuilder.java:processTables(161)) - Using default column profile:DBProfile.DISK for Table:s3Table
2019-06-12 21:47:52,221 INFO  db.DBStoreBuilder (DBStoreBuilder.java:addTable(110)) - using custom profile for table: multipartInfoTable
2019-06-12 21:47:52,221 INFO  db.DBStoreBuilder (DBStoreBuilder.java:processTables(161)) - Using default column profile:DBProfile.DISK for Table:multipartInfoTable
2019-06-12 21:47:52,221 INFO  db.DBStoreBuilder (DBStoreBuilder.java:addTable(110)) - using custom profile for table: dTokenTable
2019-06-12 21:47:52,222 INFO  db.DBStoreBuilder (DBStoreBuilder.java:processTables(161)) - Using default column profile:DBProfile.DISK for Table:dTokenTable
2019-06-12 21:47:52,222 INFO  db.DBStoreBuilder (DBStoreBuilder.java:addTable(110)) - using custom profile for table: s3SecretTable
2019-06-12 21:47:52,222 INFO  db.DBStoreBuilder (DBStoreBuilder.java:processTables(161)) - Using default column profile:DBProfile.DISK for Table:s3SecretTable
2019-06-12 21:47:52,222 INFO  db.DBStoreBuilder (DBStoreBuilder.java:addTable(110)) - using custom profile for table: prefixTable
2019-06-12 21:47:52,222 INFO  db.DBStoreBuilder (DBStoreBuilder.java:processTables(161)) - Using default column profile:DBProfile.DISK for Table:prefixTable
2019-06-12 21:47:52,222 INFO  db.DBStoreBuilder (DBStoreBuilder.java:addTable(110)) - using custom profile for table: default
2019-06-12 21:47:52,223 INFO  db.DBStoreBuilder (DBStoreBuilder.java:processTables(167)) - Using default column profile:DBProfile.DISK for Table:default
2019-06-12 21:47:52,223 INFO  db.DBStoreBuilder (DBStoreBuilder.java:getDbProfile(198)) - Using default options. DBProfile.DISK
2019-06-12 21:47:52,358 INFO  ipc.CallQueueManager (CallQueueManager.java:<init>(84)) - Using callQueue: class java.util.concurrent.LinkedBlockingQueue, queueCapacity: 2000, scheduler: class org.apache.hadoop.ipc.DefaultRpcScheduler, ipcBackoff: false.
2019-06-12 21:47:52,359 INFO  ipc.Server (Server.java:run(1074)) - Starting Socket Reader #1 for port 43963
2019-06-12 21:47:52,370 WARN  scm.ScmUtils (ScmUtils.java:getDBPath(63)) - ozone.om.db.dirs is not configured. We recommend adding this setting. Falling back to ozone.metadata.dirs instead.
2019-06-12 21:47:52,370 INFO  om.OzoneManager (OzoneManager.java:start(1217)) - OzoneManager RPC server is listening at localhost/127.0.0.1:43963
2019-06-12 21:47:52,370 INFO  impl.MetricsSystemImpl (MetricsSystemImpl.java:init(158)) - OzoneManager metrics system started (again)
2019-06-12 21:47:52,371 INFO  ipc.Server (Server.java:run(1314)) - IPC Server Responder: starting
2019-06-12 21:47:52,372 INFO  ipc.Server (Server.java:run(1153)) - IPC Server listener on 43963: starting
2019-06-12 21:47:52,382 INFO  hdfs.DFSUtil (DFSUtil.java:httpServerTemplateForNNAndJN(1641)) - Starting Web-server for ozoneManager at: http://0.0.0.0:0
2019-06-12 21:47:52,384 INFO  server.AuthenticationFilter (AuthenticationFilter.java:constructSecretProvider(240)) - Unable to initialize FileSignerSecretProvider, falling back to use random secrets.
2019-06-12 21:47:52,384 WARN  http.HttpRequestLog (HttpRequestLog.java:getRequestLog(97)) - Jetty request log can only be enabled using Log4j
2019-06-12 21:47:52,385 INFO  http.HttpServer2 (HttpServer2.java:addGlobalFilter(975)) - Added global filter 'safety' (class=org.apache.hadoop.http.HttpServer2$QuotingInputFilter)
2019-06-12 21:47:52,386 INFO  http.HttpServer2 (HttpServer2.java:addFilter(948)) - Added filter static_user_filter (class=org.apache.hadoop.http.lib.StaticUserWebFilter$StaticUserFilter) to context ozoneManager
2019-06-12 21:47:52,386 INFO  http.HttpServer2 (HttpServer2.java:addFilter(958)) - Added filter static_user_filter (class=org.apache.hadoop.http.lib.StaticUserWebFilter$StaticUserFilter) to context static
2019-06-12 21:47:52,386 INFO  http.HttpServer2 (HttpServer2.java:addFilter(958)) - Added filter static_user_filter (class=org.apache.hadoop.http.lib.StaticUserWebFilter$StaticUserFilter) to context logs
2019-06-12 21:47:52,386 INFO  http.HttpServer2 (HttpServer2.java:bindListener(1191)) - Jetty bound to port 34983
2019-06-12 21:47:52,387 INFO  server.Server (Server.java:doStart(351)) - jetty-9.3.24.v20180605, build timestamp: 2018-06-05T17:11:56Z, git hash: 84205aa28f11a4f31f2a3b86d1bba2cc8ab69827
2019-06-12 21:47:52,391 INFO  handler.ContextHandler (ContextHandler.java:doStart(781)) - Started o.e.j.s.ServletContextHandler@1cca2e9d{/logs,file:///opt/src/hadoop-ozone/integration-test/target/log,AVAILABLE}
2019-06-12 21:47:52,391 INFO  handler.ContextHandler (ContextHandler.java:doStart(781)) - Started o.e.j.s.ServletContextHandler@4cefa0be{/static,file:///opt/src/hadoop-ozone/integration-test/target/test-classes/webapps/static,AVAILABLE}
2019-06-12 21:47:52,395 INFO  handler.ContextHandler (ContextHandler.java:doStart(781)) - Started o.e.j.w.WebAppContext@5c459194{/,file:///opt/src/hadoop-ozone/integration-test/target/test-classes/webapps/ozoneManager/,AVAILABLE}{/ozoneManager}
2019-06-12 21:47:52,396 INFO  server.AbstractConnector (AbstractConnector.java:doStart(278)) - Started ServerConnector@4e088514{HTTP/1.1,[http/1.1]}{0.0.0.0:34983}
2019-06-12 21:47:52,397 INFO  server.Server (Server.java:doStart(419)) - Started @47485ms
2019-06-12 21:47:52,397 INFO  server.BaseHttpServer (BaseHttpServer.java:updateConnectorAddress(207)) - HTTP server of OZONEMANAGER is listening at http://0.0.0.0:34983
2019-06-12 21:47:52,410 INFO  impl.MetricsSystemImpl (MetricsSystemImpl.java:init(158)) - HddsDatanode metrics system started (again)
2019-06-12 21:47:52,411 INFO  ozone.HddsDatanodeService (HddsDatanodeService.java:start(185)) - HddsDatanodeService host:ozone-v57r8-234650721 ip:192.168.19.22
2019-06-12 21:47:52,423 INFO  volume.HddsVolume (HddsVolume.java:<init>(176)) - Creating Volume: /opt/src/hadoop-ozone/integration-test/target/test-dir/MiniOzoneClusterImpl-8c763a39-619c-4e68-a885-79e6f7439c65/datanode-0/data/containers/hdds of  storage type : DISK and capacity : 104021790720
2019-06-12 21:47:52,424 INFO  volume.VolumeSet (VolumeSet.java:initializeVolumeSet(170)) - Added Volume : /opt/src/hadoop-ozone/integration-test/target/test-dir/MiniOzoneClusterImpl-8c763a39-619c-4e68-a885-79e6f7439c65/datanode-0/data/containers/hdds to VolumeSet
2019-06-12 21:47:52,424 INFO  volume.ThrottledAsyncChecker (ThrottledAsyncChecker.java:schedule(140)) - Scheduling a check for org.apache.hadoop.ozone.container.common.volume.HddsVolume@31450fc0
2019-06-12 21:47:52,424 INFO  volume.HddsVolumeChecker (HddsVolumeChecker.java:checkAllVolumes(203)) - Scheduled health check for volume org.apache.hadoop.ozone.container.common.volume.HddsVolume@31450fc0
2019-06-12 21:47:52,436 INFO  ratis.XceiverServerRatis (XceiverServerRatis.java:newXceiverServerRatis(401)) - Found a free port for the server : 33535
2019-06-12 21:47:52,437 INFO  impl.RaftServerProxy (ConfUtils.java:logGet(43)) - raft.rpc.type = GRPC (default)
2019-06-12 21:47:52,438 INFO  grpc.GrpcConfigKeys$Server (ConfUtils.java:logGet(43)) - raft.grpc.server.port = 33535 (custom)
2019-06-12 21:47:52,438 INFO  server.GrpcService (ConfUtils.java:logGet(43)) - raft.grpc.message.size.max = 33570816 (custom)
2019-06-12 21:47:52,438 INFO  server.RaftServerConfigKeys (ConfUtils.java:logGet(43)) - raft.server.log.appender.buffer.byte-limit = 33554432 (custom)
2019-06-12 21:47:52,438 INFO  server.GrpcService (ConfUtils.java:logGet(43)) - raft.grpc.flow.control.window = 1MB (=1048576) (default)
2019-06-12 21:47:52,439 INFO  server.RaftServerConfigKeys (ConfUtils.java:logGet(43)) - raft.server.rpc.request.timeout = 3000ms (default)
2019-06-12 21:47:52,439 INFO  server.RaftServerConfigKeys (ConfUtils.java:logGet(43)) - raft.server.storage.dir = [/opt/src/hadoop-ozone/integration-test/target/test-dir/MiniOzoneClusterImpl-8c763a39-619c-4e68-a885-79e6f7439c65/datanode-0/data/ratis] (custom)
2019-06-12 21:47:52,440 INFO  server.XceiverServerGrpc (XceiverServerGrpc.java:<init>(97)) - Found a free port for the server : 33403
2019-06-12 21:47:52,440 INFO  replication.SimpleContainerDownloader (SimpleContainerDownloader.java:<init>(72)) - Starting container downloader service to copy containers to replicate.
2019-06-12 21:47:52,441 INFO  hdfs.DFSUtil (DFSUtil.java:httpServerTemplateForNNAndJN(1641)) - Starting Web-server for hddsDatanode at: http://0.0.0.0:0
2019-06-12 21:47:52,442 INFO  server.AuthenticationFilter (AuthenticationFilter.java:constructSecretProvider(240)) - Unable to initialize FileSignerSecretProvider, falling back to use random secrets.
2019-06-12 21:47:52,443 WARN  http.HttpRequestLog (HttpRequestLog.java:getRequestLog(97)) - Jetty request log can only be enabled using Log4j
2019-06-12 21:47:52,444 INFO  http.HttpServer2 (HttpServer2.java:addGlobalFilter(975)) - Added global filter 'safety' (class=org.apache.hadoop.http.HttpServer2$QuotingInputFilter)
2019-06-12 21:47:52,445 INFO  http.HttpServer2 (HttpServer2.java:addFilter(948)) - Added filter static_user_filter (class=org.apache.hadoop.http.lib.StaticUserWebFilter$StaticUserFilter) to context hddsDatanode
2019-06-12 21:47:52,445 INFO  http.HttpServer2 (HttpServer2.java:addFilter(958)) - Added filter static_user_filter (class=org.apache.hadoop.http.lib.StaticUserWebFilter$StaticUserFilter) to context logs
2019-06-12 21:47:52,445 INFO  http.HttpServer2 (HttpServer2.java:addFilter(958)) - Added filter static_user_filter (class=org.apache.hadoop.http.lib.StaticUserWebFilter$StaticUserFilter) to context static
2019-06-12 21:47:52,445 INFO  http.HttpServer2 (HttpServer2.java:bindListener(1191)) - Jetty bound to port 33555
2019-06-12 21:47:52,446 INFO  server.Server (Server.java:doStart(351)) - jetty-9.3.24.v20180605, build timestamp: 2018-06-05T17:11:56Z, git hash: 84205aa28f11a4f31f2a3b86d1bba2cc8ab69827
2019-06-12 21:47:52,450 INFO  handler.ContextHandler (ContextHandler.java:doStart(781)) - Started o.e.j.s.ServletContextHandler@46bdc55e{/logs,file:///opt/src/hadoop-ozone/integration-test/target/log,AVAILABLE}
2019-06-12 21:47:52,451 INFO  handler.ContextHandler (ContextHandler.java:doStart(781)) - Started o.e.j.s.ServletContextHandler@6c1a63f7{/static,jar:file:/root/.m2/repository/org/apache/hadoop/hadoop-hdds-container-service/0.5.0-SNAPSHOT/hadoop-hdds-container-service-0.5.0-SNAPSHOT.jar!/webapps/static,AVAILABLE}
2019-06-12 21:47:52,474 INFO  handler.ContextHandler (ContextHandler.java:doStart(781)) - Started o.e.j.w.WebAppContext@450f0d89{/,file:///tmp/jetty-0.0.0.0-33555-hddsDatanode-_-any-1807335349782684279.dir/webapp/,AVAILABLE}{/hddsDatanode}
2019-06-12 21:47:52,474 INFO  server.AbstractConnector (AbstractConnector.java:doStart(278)) - Started ServerConnector@50a1af86{HTTP/1.1,[http/1.1]}{0.0.0.0:33555}
2019-06-12 21:47:52,476 INFO  server.Server (Server.java:doStart(419)) - Started @47564ms
2019-06-12 21:47:52,476 INFO  server.BaseHttpServer (BaseHttpServer.java:updateConnectorAddress(207)) - HTTP server of HDDSDATANODE is listening at http://0.0.0.0:33555
2019-06-12 21:47:52,571 INFO  ozone.HddsDatanodeService (HddsDatanodeService.java:startPlugins(396)) - Started plug-in org.apache.hadoop.ozone.web.OzoneHddsDatanodeService@333efb51
2019-06-12 21:47:52,571 INFO  impl.MetricsSystemImpl (MetricsSystemImpl.java:init(158)) - HddsDatanode metrics system started (again)
2019-06-12 21:47:52,572 INFO  ozone.HddsDatanodeService (HddsDatanodeService.java:start(185)) - HddsDatanodeService host:ozone-v57r8-234650721 ip:192.168.19.22
2019-06-12 21:47:52,572 INFO  util.JvmPauseMonitor (JvmPauseMonitor.java:run(188)) - Starting JVM pause monitor
2019-06-12 21:47:52,573 INFO  datanode.InitDatanodeState (InitDatanodeState.java:persistContainerDatanodeDetails(140)) - DatanodeDetails is persisted to /opt/src/hadoop-ozone/integration-test/target/test-dir/MiniOzoneClusterImpl-8c763a39-619c-4e68-a885-79e6f7439c65/datanode-0/meta/datanode.id
2019-06-12 21:47:52,585 INFO  volume.HddsVolume (HddsVolume.java:<init>(176)) - Creating Volume: /opt/src/hadoop-ozone/integration-test/target/test-dir/MiniOzoneClusterImpl-8c763a39-619c-4e68-a885-79e6f7439c65/datanode-1/data/containers/hdds of  storage type : DISK and capacity : 104021790720
2019-06-12 21:47:52,586 INFO  volume.VolumeSet (VolumeSet.java:initializeVolumeSet(170)) - Added Volume : /opt/src/hadoop-ozone/integration-test/target/test-dir/MiniOzoneClusterImpl-8c763a39-619c-4e68-a885-79e6f7439c65/datanode-1/data/containers/hdds to VolumeSet
2019-06-12 21:47:52,586 INFO  volume.ThrottledAsyncChecker (ThrottledAsyncChecker.java:schedule(140)) - Scheduling a check for org.apache.hadoop.ozone.container.common.volume.HddsVolume@67b09e34
2019-06-12 21:47:52,587 INFO  volume.HddsVolumeChecker (HddsVolumeChecker.java:checkAllVolumes(203)) - Scheduled health check for volume org.apache.hadoop.ozone.container.common.volume.HddsVolume@67b09e34
2019-06-12 21:47:52,597 INFO  ratis.XceiverServerRatis (XceiverServerRatis.java:newXceiverServerRatis(401)) - Found a free port for the server : 46727
2019-06-12 21:47:52,598 INFO  impl.RaftServerProxy (ConfUtils.java:logGet(43)) - raft.rpc.type = GRPC (default)
2019-06-12 21:47:52,598 INFO  grpc.GrpcConfigKeys$Server (ConfUtils.java:logGet(43)) - raft.grpc.server.port = 46727 (custom)
2019-06-12 21:47:52,599 INFO  server.GrpcService (ConfUtils.java:logGet(43)) - raft.grpc.message.size.max = 33570816 (custom)
2019-06-12 21:47:52,599 INFO  server.RaftServerConfigKeys (ConfUtils.java:logGet(43)) - raft.server.log.appender.buffer.byte-limit = 33554432 (custom)
2019-06-12 21:47:52,599 INFO  server.GrpcService (ConfUtils.java:logGet(43)) - raft.grpc.flow.control.window = 1MB (=1048576) (default)
2019-06-12 21:47:52,599 INFO  server.RaftServerConfigKeys (ConfUtils.java:logGet(43)) - raft.server.rpc.request.timeout = 3000ms (default)
2019-06-12 21:47:52,600 INFO  server.RaftServerConfigKeys (ConfUtils.java:logGet(43)) - raft.server.storage.dir = [/opt/src/hadoop-ozone/integration-test/target/test-dir/MiniOzoneClusterImpl-8c763a39-619c-4e68-a885-79e6f7439c65/datanode-1/data/ratis] (custom)
2019-06-12 21:47:52,600 INFO  server.XceiverServerGrpc (XceiverServerGrpc.java:<init>(97)) - Found a free port for the server : 40509
2019-06-12 21:47:52,600 INFO  replication.SimpleContainerDownloader (SimpleContainerDownloader.java:<init>(72)) - Starting container downloader service to copy containers to replicate.
2019-06-12 21:47:52,601 INFO  hdfs.DFSUtil (DFSUtil.java:httpServerTemplateForNNAndJN(1641)) - Starting Web-server for hddsDatanode at: http://0.0.0.0:0
2019-06-12 21:47:52,603 INFO  server.AuthenticationFilter (AuthenticationFilter.java:constructSecretProvider(240)) - Unable to initialize FileSignerSecretProvider, falling back to use random secrets.
2019-06-12 21:47:52,603 WARN  http.HttpRequestLog (HttpRequestLog.java:getRequestLog(97)) - Jetty request log can only be enabled using Log4j
2019-06-12 21:47:52,605 INFO  http.HttpServer2 (HttpServer2.java:addGlobalFilter(975)) - Added global filter 'safety' (class=org.apache.hadoop.http.HttpServer2$QuotingInputFilter)
2019-06-12 21:47:52,605 INFO  http.HttpServer2 (HttpServer2.java:addFilter(948)) - Added filter static_user_filter (class=org.apache.hadoop.http.lib.StaticUserWebFilter$StaticUserFilter) to context hddsDatanode
2019-06-12 21:47:52,606 INFO  http.HttpServer2 (HttpServer2.java:addFilter(958)) - Added filter static_user_filter (class=org.apache.hadoop.http.lib.StaticUserWebFilter$StaticUserFilter) to context logs
2019-06-12 21:47:52,606 INFO  http.HttpServer2 (HttpServer2.java:addFilter(958)) - Added filter static_user_filter (class=org.apache.hadoop.http.lib.StaticUserWebFilter$StaticUserFilter) to context static
2019-06-12 21:47:52,606 INFO  http.HttpServer2 (HttpServer2.java:bindListener(1191)) - Jetty bound to port 40425
2019-06-12 21:47:52,606 INFO  server.Server (Server.java:doStart(351)) - jetty-9.3.24.v20180605, build timestamp: 2018-06-05T17:11:56Z, git hash: 84205aa28f11a4f31f2a3b86d1bba2cc8ab69827
2019-06-12 21:47:52,608 INFO  handler.ContextHandler (ContextHandler.java:doStart(781)) - Started o.e.j.s.ServletContextHandler@30811f91{/logs,file:///opt/src/hadoop-ozone/integration-test/target/log,AVAILABLE}
2019-06-12 21:47:52,608 INFO  handler.ContextHandler (ContextHandler.java:doStart(781)) - Started o.e.j.s.ServletContextHandler@665f88e1{/static,jar:file:/root/.m2/repository/org/apache/hadoop/hadoop-hdds-container-service/0.5.0-SNAPSHOT/hadoop-hdds-container-service-0.5.0-SNAPSHOT.jar!/webapps/static,AVAILABLE}
2019-06-12 21:47:52,637 INFO  handler.ContextHandler (ContextHandler.java:doStart(781)) - Started o.e.j.w.WebAppContext@3b3f62d7{/,file:///tmp/jetty-0.0.0.0-40425-hddsDatanode-_-any-3004651623417148405.dir/webapp/,AVAILABLE}{/hddsDatanode}
2019-06-12 21:47:52,640 INFO  server.AbstractConnector (AbstractConnector.java:doStart(278)) - Started ServerConnector@5b3ee43e{HTTP/1.1,[http/1.1]}{0.0.0.0:40425}
2019-06-12 21:47:52,640 INFO  server.Server (Server.java:doStart(419)) - Started @47728ms
2019-06-12 21:47:52,641 INFO  server.BaseHttpServer (BaseHttpServer.java:updateConnectorAddress(207)) - HTTP server of HDDSDATANODE is listening at http://0.0.0.0:40425
2019-06-12 21:47:52,784 INFO  ozone.HddsDatanodeService (HddsDatanodeService.java:startPlugins(396)) - Started plug-in org.apache.hadoop.ozone.web.OzoneHddsDatanodeService@63846fa4
2019-06-12 21:47:52,785 INFO  impl.MetricsSystemImpl (MetricsSystemImpl.java:init(158)) - HddsDatanode metrics system started (again)
2019-06-12 21:47:52,785 INFO  ozone.HddsDatanodeService (HddsDatanodeService.java:start(185)) - HddsDatanodeService host:ozone-v57r8-234650721 ip:192.168.19.22
2019-06-12 21:47:52,786 INFO  util.JvmPauseMonitor (JvmPauseMonitor.java:run(188)) - Starting JVM pause monitor
2019-06-12 21:47:52,787 INFO  datanode.InitDatanodeState (InitDatanodeState.java:persistContainerDatanodeDetails(140)) - DatanodeDetails is persisted to /opt/src/hadoop-ozone/integration-test/target/test-dir/MiniOzoneClusterImpl-8c763a39-619c-4e68-a885-79e6f7439c65/datanode-1/meta/datanode.id
2019-06-12 21:47:52,792 INFO  volume.HddsVolume (HddsVolume.java:<init>(176)) - Creating Volume: /opt/src/hadoop-ozone/integration-test/target/test-dir/MiniOzoneClusterImpl-8c763a39-619c-4e68-a885-79e6f7439c65/datanode-2/data/containers/hdds of  storage type : DISK and capacity : 104021790720
2019-06-12 21:47:52,792 INFO  volume.VolumeSet (VolumeSet.java:initializeVolumeSet(170)) - Added Volume : /opt/src/hadoop-ozone/integration-test/target/test-dir/MiniOzoneClusterImpl-8c763a39-619c-4e68-a885-79e6f7439c65/datanode-2/data/containers/hdds to VolumeSet
2019-06-12 21:47:52,793 INFO  volume.ThrottledAsyncChecker (ThrottledAsyncChecker.java:schedule(140)) - Scheduling a check for org.apache.hadoop.ozone.container.common.volume.HddsVolume@4777f71e
2019-06-12 21:47:52,793 INFO  volume.HddsVolumeChecker (HddsVolumeChecker.java:checkAllVolumes(203)) - Scheduled health check for volume org.apache.hadoop.ozone.container.common.volume.HddsVolume@4777f71e
2019-06-12 21:47:52,802 INFO  ratis.XceiverServerRatis (XceiverServerRatis.java:newXceiverServerRatis(401)) - Found a free port for the server : 45131
2019-06-12 21:47:52,803 INFO  impl.RaftServerProxy (ConfUtils.java:logGet(43)) - raft.rpc.type = GRPC (default)
2019-06-12 21:47:52,803 INFO  grpc.GrpcConfigKeys$Server (ConfUtils.java:logGet(43)) - raft.grpc.server.port = 45131 (custom)
2019-06-12 21:47:52,804 INFO  server.GrpcService (ConfUtils.java:logGet(43)) - raft.grpc.message.size.max = 33570816 (custom)
2019-06-12 21:47:52,804 INFO  server.RaftServerConfigKeys (ConfUtils.java:logGet(43)) - raft.server.log.appender.buffer.byte-limit = 33554432 (custom)
2019-06-12 21:47:52,804 INFO  server.GrpcService (ConfUtils.java:logGet(43)) - raft.grpc.flow.control.window = 1MB (=1048576) (default)
2019-06-12 21:47:52,804 INFO  server.RaftServerConfigKeys (ConfUtils.java:logGet(43)) - raft.server.rpc.request.timeout = 3000ms (default)
2019-06-12 21:47:52,805 INFO  server.RaftServerConfigKeys (ConfUtils.java:logGet(43)) - raft.server.storage.dir = [/opt/src/hadoop-ozone/integration-test/target/test-dir/MiniOzoneClusterImpl-8c763a39-619c-4e68-a885-79e6f7439c65/datanode-2/data/ratis] (custom)
2019-06-12 21:47:52,805 INFO  server.XceiverServerGrpc (XceiverServerGrpc.java:<init>(97)) - Found a free port for the server : 36839
2019-06-12 21:47:52,805 INFO  replication.SimpleContainerDownloader (SimpleContainerDownloader.java:<init>(72)) - Starting container downloader service to copy containers to replicate.
2019-06-12 21:47:52,806 INFO  hdfs.DFSUtil (DFSUtil.java:httpServerTemplateForNNAndJN(1641)) - Starting Web-server for hddsDatanode at: http://0.0.0.0:0
2019-06-12 21:47:52,807 INFO  server.AuthenticationFilter (AuthenticationFilter.java:constructSecretProvider(240)) - Unable to initialize FileSignerSecretProvider, falling back to use random secrets.
2019-06-12 21:47:52,808 WARN  http.HttpRequestLog (HttpRequestLog.java:getRequestLog(97)) - Jetty request log can only be enabled using Log4j
2019-06-12 21:47:52,809 INFO  http.HttpServer2 (HttpServer2.java:addGlobalFilter(975)) - Added global filter 'safety' (class=org.apache.hadoop.http.HttpServer2$QuotingInputFilter)
2019-06-12 21:47:52,809 INFO  http.HttpServer2 (HttpServer2.java:addFilter(948)) - Added filter static_user_filter (class=org.apache.hadoop.http.lib.StaticUserWebFilter$StaticUserFilter) to context hddsDatanode
2019-06-12 21:47:52,810 INFO  http.HttpServer2 (HttpServer2.java:addFilter(958)) - Added filter static_user_filter (class=org.apache.hadoop.http.lib.StaticUserWebFilter$StaticUserFilter) to context static
2019-06-12 21:47:52,810 INFO  http.HttpServer2 (HttpServer2.java:addFilter(958)) - Added filter static_user_filter (class=org.apache.hadoop.http.lib.StaticUserWebFilter$StaticUserFilter) to context logs
2019-06-12 21:47:52,810 INFO  http.HttpServer2 (HttpServer2.java:bindListener(1191)) - Jetty bound to port 41325
2019-06-12 21:47:52,811 INFO  server.Server (Server.java:doStart(351)) - jetty-9.3.24.v20180605, build timestamp: 2018-06-05T17:11:56Z, git hash: 84205aa28f11a4f31f2a3b86d1bba2cc8ab69827
2019-06-12 21:47:52,812 INFO  handler.ContextHandler (ContextHandler.java:doStart(781)) - Started o.e.j.s.ServletContextHandler@75e92bb7{/logs,file:///opt/src/hadoop-ozone/integration-test/target/log,AVAILABLE}
2019-06-12 21:47:52,812 INFO  handler.ContextHandler (ContextHandler.java:doStart(781)) - Started o.e.j.s.ServletContextHandler@7bfc36d5{/static,jar:file:/root/.m2/repository/org/apache/hadoop/hadoop-hdds-container-service/0.5.0-SNAPSHOT/hadoop-hdds-container-service-0.5.0-SNAPSHOT.jar!/webapps/static,AVAILABLE}
2019-06-12 21:47:52,833 INFO  handler.ContextHandler (ContextHandler.java:doStart(781)) - Started o.e.j.w.WebAppContext@34e53c02{/,file:///tmp/jetty-0.0.0.0-41325-hddsDatanode-_-any-4672127452122700812.dir/webapp/,AVAILABLE}{/hddsDatanode}
2019-06-12 21:47:52,833 INFO  server.AbstractConnector (AbstractConnector.java:doStart(278)) - Started ServerConnector@7135e8cd{HTTP/1.1,[http/1.1]}{0.0.0.0:41325}
2019-06-12 21:47:52,835 INFO  server.Server (Server.java:doStart(419)) - Started @47923ms
2019-06-12 21:47:52,835 INFO  server.BaseHttpServer (BaseHttpServer.java:updateConnectorAddress(207)) - HTTP server of HDDSDATANODE is listening at http://0.0.0.0:41325
2019-06-12 21:47:52,916 INFO  ozone.HddsDatanodeService (HddsDatanodeService.java:startPlugins(396)) - Started plug-in org.apache.hadoop.ozone.web.OzoneHddsDatanodeService@78b2d29e
2019-06-12 21:47:52,916 INFO  impl.MetricsSystemImpl (MetricsSystemImpl.java:init(158)) - HddsDatanode metrics system started (again)
2019-06-12 21:47:52,917 INFO  ozone.HddsDatanodeService (HddsDatanodeService.java:start(185)) - HddsDatanodeService host:ozone-v57r8-234650721 ip:192.168.19.22
2019-06-12 21:47:52,922 INFO  util.JvmPauseMonitor (JvmPauseMonitor.java:run(188)) - Starting JVM pause monitor
2019-06-12 21:47:52,923 INFO  datanode.InitDatanodeState (InitDatanodeState.java:persistContainerDatanodeDetails(140)) - DatanodeDetails is persisted to /opt/src/hadoop-ozone/integration-test/target/test-dir/MiniOzoneClusterImpl-8c763a39-619c-4e68-a885-79e6f7439c65/datanode-2/meta/datanode.id
2019-06-12 21:47:52,940 INFO  volume.HddsVolume (HddsVolume.java:<init>(176)) - Creating Volume: /opt/src/hadoop-ozone/integration-test/target/test-dir/MiniOzoneClusterImpl-8c763a39-619c-4e68-a885-79e6f7439c65/datanode-3/data/containers/hdds of  storage type : DISK and capacity : 104021790720
2019-06-12 21:47:52,940 INFO  volume.VolumeSet (VolumeSet.java:initializeVolumeSet(170)) - Added Volume : /opt/src/hadoop-ozone/integration-test/target/test-dir/MiniOzoneClusterImpl-8c763a39-619c-4e68-a885-79e6f7439c65/datanode-3/data/containers/hdds to VolumeSet
2019-06-12 21:47:52,940 INFO  volume.ThrottledAsyncChecker (ThrottledAsyncChecker.java:schedule(140)) - Scheduling a check for org.apache.hadoop.ozone.container.common.volume.HddsVolume@309e7215
2019-06-12 21:47:52,940 INFO  volume.HddsVolumeChecker (HddsVolumeChecker.java:checkAllVolumes(203)) - Scheduled health check for volume org.apache.hadoop.ozone.container.common.volume.HddsVolume@309e7215
2019-06-12 21:47:52,951 INFO  ratis.XceiverServerRatis (XceiverServerRatis.java:newXceiverServerRatis(401)) - Found a free port for the server : 36109
2019-06-12 21:47:52,952 INFO  impl.RaftServerProxy (ConfUtils.java:logGet(43)) - raft.rpc.type = GRPC (default)
2019-06-12 21:47:52,952 INFO  grpc.GrpcConfigKeys$Server (ConfUtils.java:logGet(43)) - raft.grpc.server.port = 36109 (custom)
2019-06-12 21:47:52,952 INFO  server.GrpcService (ConfUtils.java:logGet(43)) - raft.grpc.message.size.max = 33570816 (custom)
2019-06-12 21:47:52,953 INFO  server.RaftServerConfigKeys (ConfUtils.java:logGet(43)) - raft.server.log.appender.buffer.byte-limit = 33554432 (custom)
2019-06-12 21:47:52,953 INFO  server.GrpcService (ConfUtils.java:logGet(43)) - raft.grpc.flow.control.window = 1MB (=1048576) (default)
2019-06-12 21:47:52,953 INFO  server.RaftServerConfigKeys (ConfUtils.java:logGet(43)) - raft.server.rpc.request.timeout = 3000ms (default)
2019-06-12 21:47:52,953 INFO  server.RaftServerConfigKeys (ConfUtils.java:logGet(43)) - raft.server.storage.dir = [/opt/src/hadoop-ozone/integration-test/target/test-dir/MiniOzoneClusterImpl-8c763a39-619c-4e68-a885-79e6f7439c65/datanode-3/data/ratis] (custom)
2019-06-12 21:47:52,953 INFO  server.XceiverServerGrpc (XceiverServerGrpc.java:<init>(97)) - Found a free port for the server : 37187
2019-06-12 21:47:52,954 INFO  replication.SimpleContainerDownloader (SimpleContainerDownloader.java:<init>(72)) - Starting container downloader service to copy containers to replicate.
2019-06-12 21:47:52,955 INFO  hdfs.DFSUtil (DFSUtil.java:httpServerTemplateForNNAndJN(1641)) - Starting Web-server for hddsDatanode at: http://0.0.0.0:0
2019-06-12 21:47:52,956 INFO  server.AuthenticationFilter (AuthenticationFilter.java:constructSecretProvider(240)) - Unable to initialize FileSignerSecretProvider, falling back to use random secrets.
2019-06-12 21:47:52,956 WARN  http.HttpRequestLog (HttpRequestLog.java:getRequestLog(97)) - Jetty request log can only be enabled using Log4j
2019-06-12 21:47:52,957 INFO  http.HttpServer2 (HttpServer2.java:addGlobalFilter(975)) - Added global filter 'safety' (class=org.apache.hadoop.http.HttpServer2$QuotingInputFilter)
2019-06-12 21:47:52,957 INFO  http.HttpServer2 (HttpServer2.java:addFilter(948)) - Added filter static_user_filter (class=org.apache.hadoop.http.lib.StaticUserWebFilter$StaticUserFilter) to context hddsDatanode
2019-06-12 21:47:52,957 INFO  http.HttpServer2 (HttpServer2.java:addFilter(958)) - Added filter static_user_filter (class=org.apache.hadoop.http.lib.StaticUserWebFilter$StaticUserFilter) to context logs
2019-06-12 21:47:52,957 INFO  http.HttpServer2 (HttpServer2.java:addFilter(958)) - Added filter static_user_filter (class=org.apache.hadoop.http.lib.StaticUserWebFilter$StaticUserFilter) to context static
2019-06-12 21:47:52,958 INFO  http.HttpServer2 (HttpServer2.java:bindListener(1191)) - Jetty bound to port 33775
2019-06-12 21:47:52,958 INFO  server.Server (Server.java:doStart(351)) - jetty-9.3.24.v20180605, build timestamp: 2018-06-05T17:11:56Z, git hash: 84205aa28f11a4f31f2a3b86d1bba2cc8ab69827
2019-06-12 21:47:52,959 INFO  handler.ContextHandler (ContextHandler.java:doStart(781)) - Started o.e.j.s.ServletContextHandler@2f64f99f{/logs,file:///opt/src/hadoop-ozone/integration-test/target/log,AVAILABLE}
2019-06-12 21:47:52,959 INFO  handler.ContextHandler (ContextHandler.java:doStart(781)) - Started o.e.j.s.ServletContextHandler@123d0816{/static,jar:file:/root/.m2/repository/org/apache/hadoop/hadoop-hdds-container-service/0.5.0-SNAPSHOT/hadoop-hdds-container-service-0.5.0-SNAPSHOT.jar!/webapps/static,AVAILABLE}
2019-06-12 21:47:52,981 INFO  handler.ContextHandler (ContextHandler.java:doStart(781)) - Started o.e.j.w.WebAppContext@34f8ce89{/,file:///tmp/jetty-0.0.0.0-33775-hddsDatanode-_-any-6697405820621044796.dir/webapp/,AVAILABLE}{/hddsDatanode}
2019-06-12 21:47:52,981 INFO  server.AbstractConnector (AbstractConnector.java:doStart(278)) - Started ServerConnector@22ed2886{HTTP/1.1,[http/1.1]}{0.0.0.0:33775}
2019-06-12 21:47:52,981 INFO  server.Server (Server.java:doStart(419)) - Started @48070ms
2019-06-12 21:47:52,983 INFO  server.BaseHttpServer (BaseHttpServer.java:updateConnectorAddress(207)) - HTTP server of HDDSDATANODE is listening at http://0.0.0.0:33775
2019-06-12 21:47:53,062 INFO  ozone.HddsDatanodeService (HddsDatanodeService.java:startPlugins(396)) - Started plug-in org.apache.hadoop.ozone.web.OzoneHddsDatanodeService@632d1b1b
2019-06-12 21:47:53,063 INFO  impl.MetricsSystemImpl (MetricsSystemImpl.java:init(158)) - HddsDatanode metrics system started (again)
2019-06-12 21:47:53,063 INFO  ozone.HddsDatanodeService (HddsDatanodeService.java:start(185)) - HddsDatanodeService host:ozone-v57r8-234650721 ip:192.168.19.22
2019-06-12 21:47:53,069 INFO  util.JvmPauseMonitor (JvmPauseMonitor.java:run(188)) - Starting JVM pause monitor
2019-06-12 21:47:53,070 INFO  datanode.InitDatanodeState (InitDatanodeState.java:persistContainerDatanodeDetails(140)) - DatanodeDetails is persisted to /opt/src/hadoop-ozone/integration-test/target/test-dir/MiniOzoneClusterImpl-8c763a39-619c-4e68-a885-79e6f7439c65/datanode-3/meta/datanode.id
2019-06-12 21:47:53,073 INFO  volume.HddsVolume (HddsVolume.java:<init>(176)) - Creating Volume: /opt/src/hadoop-ozone/integration-test/target/test-dir/MiniOzoneClusterImpl-8c763a39-619c-4e68-a885-79e6f7439c65/datanode-4/data/containers/hdds of  storage type : DISK and capacity : 104021790720
2019-06-12 21:47:53,073 INFO  volume.VolumeSet (VolumeSet.java:initializeVolumeSet(170)) - Added Volume : /opt/src/hadoop-ozone/integration-test/target/test-dir/MiniOzoneClusterImpl-8c763a39-619c-4e68-a885-79e6f7439c65/datanode-4/data/containers/hdds to VolumeSet
2019-06-12 21:47:53,073 INFO  volume.ThrottledAsyncChecker (ThrottledAsyncChecker.java:schedule(140)) - Scheduling a check for org.apache.hadoop.ozone.container.common.volume.HddsVolume@7d4135c9
2019-06-12 21:47:53,074 INFO  volume.HddsVolumeChecker (HddsVolumeChecker.java:checkAllVolumes(203)) - Scheduled health check for volume org.apache.hadoop.ozone.container.common.volume.HddsVolume@7d4135c9
2019-06-12 21:47:53,081 INFO  ratis.XceiverServerRatis (XceiverServerRatis.java:newXceiverServerRatis(401)) - Found a free port for the server : 45981
2019-06-12 21:47:53,083 INFO  impl.RaftServerProxy (ConfUtils.java:logGet(43)) - raft.rpc.type = GRPC (default)
2019-06-12 21:47:53,083 INFO  grpc.GrpcConfigKeys$Server (ConfUtils.java:logGet(43)) - raft.grpc.server.port = 45981 (custom)
2019-06-12 21:47:53,083 INFO  server.GrpcService (ConfUtils.java:logGet(43)) - raft.grpc.message.size.max = 33570816 (custom)
2019-06-12 21:47:53,083 INFO  server.RaftServerConfigKeys (ConfUtils.java:logGet(43)) - raft.server.log.appender.buffer.byte-limit = 33554432 (custom)
2019-06-12 21:47:53,083 INFO  server.GrpcService (ConfUtils.java:logGet(43)) - raft.grpc.flow.control.window = 1MB (=1048576) (default)
2019-06-12 21:47:53,083 INFO  server.RaftServerConfigKeys (ConfUtils.java:logGet(43)) - raft.server.rpc.request.timeout = 3000ms (default)
2019-06-12 21:47:53,084 INFO  server.RaftServerConfigKeys (ConfUtils.java:logGet(43)) - raft.server.storage.dir = [/opt/src/hadoop-ozone/integration-test/target/test-dir/MiniOzoneClusterImpl-8c763a39-619c-4e68-a885-79e6f7439c65/datanode-4/data/ratis] (custom)
2019-06-12 21:47:53,084 INFO  server.XceiverServerGrpc (XceiverServerGrpc.java:<init>(97)) - Found a free port for the server : 33203
2019-06-12 21:47:53,084 INFO  replication.SimpleContainerDownloader (SimpleContainerDownloader.java:<init>(72)) - Starting container downloader service to copy containers to replicate.
2019-06-12 21:47:53,085 INFO  hdfs.DFSUtil (DFSUtil.java:httpServerTemplateForNNAndJN(1641)) - Starting Web-server for hddsDatanode at: http://0.0.0.0:0
2019-06-12 21:47:53,086 INFO  server.AuthenticationFilter (AuthenticationFilter.java:constructSecretProvider(240)) - Unable to initialize FileSignerSecretProvider, falling back to use random secrets.
2019-06-12 21:47:53,087 WARN  http.HttpRequestLog (HttpRequestLog.java:getRequestLog(97)) - Jetty request log can only be enabled using Log4j
2019-06-12 21:47:53,088 INFO  http.HttpServer2 (HttpServer2.java:addGlobalFilter(975)) - Added global filter 'safety' (class=org.apache.hadoop.http.HttpServer2$QuotingInputFilter)
2019-06-12 21:47:53,088 INFO  http.HttpServer2 (HttpServer2.java:addFilter(948)) - Added filter static_user_filter (class=org.apache.hadoop.http.lib.StaticUserWebFilter$StaticUserFilter) to context hddsDatanode
2019-06-12 21:47:53,089 INFO  http.HttpServer2 (HttpServer2.java:addFilter(958)) - Added filter static_user_filter (class=org.apache.hadoop.http.lib.StaticUserWebFilter$StaticUserFilter) to context logs
2019-06-12 21:47:53,089 INFO  http.HttpServer2 (HttpServer2.java:addFilter(958)) - Added filter static_user_filter (class=org.apache.hadoop.http.lib.StaticUserWebFilter$StaticUserFilter) to context static
2019-06-12 21:47:53,089 INFO  http.HttpServer2 (HttpServer2.java:bindListener(1191)) - Jetty bound to port 46805
2019-06-12 21:47:53,089 INFO  server.Server (Server.java:doStart(351)) - jetty-9.3.24.v20180605, build timestamp: 2018-06-05T17:11:56Z, git hash: 84205aa28f11a4f31f2a3b86d1bba2cc8ab69827
2019-06-12 21:47:53,106 INFO  handler.ContextHandler (ContextHandler.java:doStart(781)) - Started o.e.j.s.ServletContextHandler@6af29394{/logs,file:///opt/src/hadoop-ozone/integration-test/target/log,AVAILABLE}
2019-06-12 21:47:53,106 INFO  handler.ContextHandler (ContextHandler.java:doStart(781)) - Started o.e.j.s.ServletContextHandler@528c4353{/static,jar:file:/root/.m2/repository/org/apache/hadoop/hadoop-hdds-container-service/0.5.0-SNAPSHOT/hadoop-hdds-container-service-0.5.0-SNAPSHOT.jar!/webapps/static,AVAILABLE}
2019-06-12 21:47:53,126 INFO  handler.ContextHandler (ContextHandler.java:doStart(781)) - Started o.e.j.w.WebAppContext@3d6745ed{/,file:///tmp/jetty-0.0.0.0-46805-hddsDatanode-_-any-3973720983656182371.dir/webapp/,AVAILABLE}{/hddsDatanode}
2019-06-12 21:47:53,126 INFO  server.AbstractConnector (AbstractConnector.java:doStart(278)) - Started ServerConnector@600e2000{HTTP/1.1,[http/1.1]}{0.0.0.0:46805}
2019-06-12 21:47:53,128 INFO  server.Server (Server.java:doStart(419)) - Started @48216ms
2019-06-12 21:47:53,128 INFO  server.BaseHttpServer (BaseHttpServer.java:updateConnectorAddress(207)) - HTTP server of HDDSDATANODE is listening at http://0.0.0.0:46805
2019-06-12 21:47:53,205 INFO  ozone.HddsDatanodeService (HddsDatanodeService.java:startPlugins(396)) - Started plug-in org.apache.hadoop.ozone.web.OzoneHddsDatanodeService@7983a5d5
2019-06-12 21:47:53,205 INFO  impl.MetricsSystemImpl (MetricsSystemImpl.java:init(158)) - HddsDatanode metrics system started (again)
2019-06-12 21:47:53,205 INFO  ozone.HddsDatanodeService (HddsDatanodeService.java:start(185)) - HddsDatanodeService host:ozone-v57r8-234650721 ip:192.168.19.22
2019-06-12 21:47:53,221 INFO  util.JvmPauseMonitor (JvmPauseMonitor.java:run(188)) - Starting JVM pause monitor
2019-06-12 21:47:53,222 INFO  datanode.InitDatanodeState (InitDatanodeState.java:persistContainerDatanodeDetails(140)) - DatanodeDetails is persisted to /opt/src/hadoop-ozone/integration-test/target/test-dir/MiniOzoneClusterImpl-8c763a39-619c-4e68-a885-79e6f7439c65/datanode-4/meta/datanode.id
2019-06-12 21:47:53,231 INFO  volume.HddsVolume (HddsVolume.java:<init>(176)) - Creating Volume: /opt/src/hadoop-ozone/integration-test/target/test-dir/MiniOzoneClusterImpl-8c763a39-619c-4e68-a885-79e6f7439c65/datanode-5/data/containers/hdds of  storage type : DISK and capacity : 104021790720
2019-06-12 21:47:53,231 INFO  volume.VolumeSet (VolumeSet.java:initializeVolumeSet(170)) - Added Volume : /opt/src/hadoop-ozone/integration-test/target/test-dir/MiniOzoneClusterImpl-8c763a39-619c-4e68-a885-79e6f7439c65/datanode-5/data/containers/hdds to VolumeSet
2019-06-12 21:47:53,231 INFO  volume.ThrottledAsyncChecker (ThrottledAsyncChecker.java:schedule(140)) - Scheduling a check for org.apache.hadoop.ozone.container.common.volume.HddsVolume@23e297d9
2019-06-12 21:47:53,232 INFO  volume.HddsVolumeChecker (HddsVolumeChecker.java:checkAllVolumes(203)) - Scheduled health check for volume org.apache.hadoop.ozone.container.common.volume.HddsVolume@23e297d9
2019-06-12 21:47:53,255 INFO  ratis.XceiverServerRatis (XceiverServerRatis.java:newXceiverServerRatis(401)) - Found a free port for the server : 35483
2019-06-12 21:47:53,256 INFO  impl.RaftServerProxy (ConfUtils.java:logGet(43)) - raft.rpc.type = GRPC (default)
2019-06-12 21:47:53,256 INFO  grpc.GrpcConfigKeys$Server (ConfUtils.java:logGet(43)) - raft.grpc.server.port = 35483 (custom)
2019-06-12 21:47:53,256 INFO  server.GrpcService (ConfUtils.java:logGet(43)) - raft.grpc.message.size.max = 33570816 (custom)
2019-06-12 21:47:53,256 INFO  server.RaftServerConfigKeys (ConfUtils.java:logGet(43)) - raft.server.log.appender.buffer.byte-limit = 33554432 (custom)
2019-06-12 21:47:53,257 INFO  server.GrpcService (ConfUtils.java:logGet(43)) - raft.grpc.flow.control.window = 1MB (=1048576) (default)
2019-06-12 21:47:53,257 INFO  server.RaftServerConfigKeys (ConfUtils.java:logGet(43)) - raft.server.rpc.request.timeout = 3000ms (default)
2019-06-12 21:47:53,257 INFO  server.RaftServerConfigKeys (ConfUtils.java:logGet(43)) - raft.server.storage.dir = [/opt/src/hadoop-ozone/integration-test/target/test-dir/MiniOzoneClusterImpl-8c763a39-619c-4e68-a885-79e6f7439c65/datanode-5/data/ratis] (custom)
2019-06-12 21:47:53,258 INFO  server.XceiverServerGrpc (XceiverServerGrpc.java:<init>(97)) - Found a free port for the server : 41067
2019-06-12 21:47:53,258 INFO  replication.SimpleContainerDownloader (SimpleContainerDownloader.java:<init>(72)) - Starting container downloader service to copy containers to replicate.
2019-06-12 21:47:53,259 INFO  hdfs.DFSUtil (DFSUtil.java:httpServerTemplateForNNAndJN(1641)) - Starting Web-server for hddsDatanode at: http://0.0.0.0:0
2019-06-12 21:47:53,260 INFO  server.AuthenticationFilter (AuthenticationFilter.java:constructSecretProvider(240)) - Unable to initialize FileSignerSecretProvider, falling back to use random secrets.
2019-06-12 21:47:53,261 WARN  http.HttpRequestLog (HttpRequestLog.java:getRequestLog(97)) - Jetty request log can only be enabled using Log4j
2019-06-12 21:47:53,262 INFO  http.HttpServer2 (HttpServer2.java:addGlobalFilter(975)) - Added global filter 'safety' (class=org.apache.hadoop.http.HttpServer2$QuotingInputFilter)
2019-06-12 21:47:53,262 INFO  http.HttpServer2 (HttpServer2.java:addFilter(948)) - Added filter static_user_filter (class=org.apache.hadoop.http.lib.StaticUserWebFilter$StaticUserFilter) to context hddsDatanode
2019-06-12 21:47:53,263 INFO  http.HttpServer2 (HttpServer2.java:addFilter(958)) - Added filter static_user_filter (class=org.apache.hadoop.http.lib.StaticUserWebFilter$StaticUserFilter) to context logs
2019-06-12 21:47:53,263 INFO  http.HttpServer2 (HttpServer2.java:addFilter(958)) - Added filter static_user_filter (class=org.apache.hadoop.http.lib.StaticUserWebFilter$StaticUserFilter) to context static
2019-06-12 21:47:53,263 INFO  http.HttpServer2 (HttpServer2.java:bindListener(1191)) - Jetty bound to port 41535
2019-06-12 21:47:53,263 INFO  server.Server (Server.java:doStart(351)) - jetty-9.3.24.v20180605, build timestamp: 2018-06-05T17:11:56Z, git hash: 84205aa28f11a4f31f2a3b86d1bba2cc8ab69827
2019-06-12 21:47:53,265 INFO  handler.ContextHandler (ContextHandler.java:doStart(781)) - Started o.e.j.s.ServletContextHandler@f6e3b67{/logs,file:///opt/src/hadoop-ozone/integration-test/target/log,AVAILABLE}
2019-06-12 21:47:53,265 INFO  handler.ContextHandler (ContextHandler.java:doStart(781)) - Started o.e.j.s.ServletContextHandler@579ee82{/static,jar:file:/root/.m2/repository/org/apache/hadoop/hadoop-hdds-container-service/0.5.0-SNAPSHOT/hadoop-hdds-container-service-0.5.0-SNAPSHOT.jar!/webapps/static,AVAILABLE}
2019-06-12 21:47:53,288 INFO  handler.ContextHandler (ContextHandler.java:doStart(781)) - Started o.e.j.w.WebAppContext@5b0d480c{/,file:///tmp/jetty-0.0.0.0-41535-hddsDatanode-_-any-1038079457100423464.dir/webapp/,AVAILABLE}{/hddsDatanode}
2019-06-12 21:47:53,289 INFO  server.AbstractConnector (AbstractConnector.java:doStart(278)) - Started ServerConnector@3f2169e9{HTTP/1.1,[http/1.1]}{0.0.0.0:41535}
2019-06-12 21:47:53,290 INFO  server.Server (Server.java:doStart(419)) - Started @48379ms
2019-06-12 21:47:53,291 INFO  server.BaseHttpServer (BaseHttpServer.java:updateConnectorAddress(207)) - HTTP server of HDDSDATANODE is listening at http://0.0.0.0:41535
2019-06-12 21:47:53,410 INFO  ozone.HddsDatanodeService (HddsDatanodeService.java:startPlugins(396)) - Started plug-in org.apache.hadoop.ozone.web.OzoneHddsDatanodeService@444ebefd
2019-06-12 21:47:53,411 INFO  ozone.MiniOzoneClusterImpl (MiniOzoneClusterImpl.java:lambda$waitForClusterToBeReady$0(142)) - Waiting for cluster to be ready. Got 0 of 6 DN Heartbeats.
2019-06-12 21:47:53,414 INFO  util.JvmPauseMonitor (JvmPauseMonitor.java:run(188)) - Starting JVM pause monitor
2019-06-12 21:47:53,415 INFO  datanode.InitDatanodeState (InitDatanodeState.java:persistContainerDatanodeDetails(140)) - DatanodeDetails is persisted to /opt/src/hadoop-ozone/integration-test/target/test-dir/MiniOzoneClusterImpl-8c763a39-619c-4e68-a885-79e6f7439c65/datanode-5/meta/datanode.id
2019-06-12 21:47:54,411 INFO  ozone.MiniOzoneClusterImpl (MiniOzoneClusterImpl.java:lambda$waitForClusterToBeReady$0(142)) - Waiting for cluster to be ready. Got 0 of 6 DN Heartbeats.
2019-06-12 21:47:54,580 INFO  ozoneimpl.OzoneContainer (OzoneContainer.java:start(186)) - Attempting to start container services.
2019-06-12 21:47:54,580 INFO  ozoneimpl.OzoneContainer (OzoneContainer.java:startContainerScrub(160)) - Background container scrubber has been disabled by hdds.containerscrub.enabled
2019-06-12 21:47:54,580 INFO  ratis.XceiverServerRatis (XceiverServerRatis.java:start(418)) - Starting XceiverServerRatis 75f66b7a-a545-4e41-a358-f14ef20d0d10 at port 33535
2019-06-12 21:47:54,586 INFO  impl.RaftServerProxy (RaftServerProxy.java:lambda$start$3(299)) - 75f66b7a-a545-4e41-a358-f14ef20d0d10: start RPC server
2019-06-12 21:47:54,589 INFO  server.GrpcService (GrpcService.java:startImpl(148)) - 75f66b7a-a545-4e41-a358-f14ef20d0d10: GrpcService started, listening on 0.0.0.0/0.0.0.0:33535
2019-06-12 21:47:54,594 WARN  events.EventQueue (EventQueue.java:fireEvent(147)) - Processing of TypedEvent{payloadType=DatanodeDetails, name='Stale_Node'} is skipped, EventQueue is not running
2019-06-12 21:47:54,789 INFO  ozoneimpl.OzoneContainer (OzoneContainer.java:start(186)) - Attempting to start container services.
2019-06-12 21:47:54,789 INFO  ozoneimpl.OzoneContainer (OzoneContainer.java:startContainerScrub(160)) - Background container scrubber has been disabled by hdds.containerscrub.enabled
2019-06-12 21:47:54,789 INFO  ratis.XceiverServerRatis (XceiverServerRatis.java:start(418)) - Starting XceiverServerRatis 0f87377a-22cf-4012-8963-ececdd868e1a at port 46727
2019-06-12 21:47:54,796 WARN  events.EventQueue (EventQueue.java:fireEvent(147)) - Processing of TypedEvent{payloadType=DatanodeDetails, name='Stale_Node'} is skipped, EventQueue is not running
2019-06-12 21:47:54,796 WARN  events.EventQueue (EventQueue.java:fireEvent(147)) - Processing of TypedEvent{payloadType=DatanodeDetails, name='Stale_Node'} is skipped, EventQueue is not running
2019-06-12 21:47:54,796 WARN  events.EventQueue (EventQueue.java:fireEvent(147)) - Processing of TypedEvent{payloadType=DatanodeDetails, name='Stale_Node'} is skipped, EventQueue is not running
2019-06-12 21:47:54,837 INFO  impl.RaftServerProxy (RaftServerProxy.java:lambda$start$3(299)) - 0f87377a-22cf-4012-8963-ececdd868e1a: start RPC server
2019-06-12 21:47:54,838 INFO  server.GrpcService (GrpcService.java:startImpl(148)) - 0f87377a-22cf-4012-8963-ececdd868e1a: GrpcService started, listening on 0.0.0.0/0.0.0.0:46727
2019-06-12 21:47:54,925 INFO  ozoneimpl.OzoneContainer (OzoneContainer.java:start(186)) - Attempting to start container services.
2019-06-12 21:47:54,925 INFO  ozoneimpl.OzoneContainer (OzoneContainer.java:startContainerScrub(160)) - Background container scrubber has been disabled by hdds.containerscrub.enabled
2019-06-12 21:47:54,925 INFO  ratis.XceiverServerRatis (XceiverServerRatis.java:start(418)) - Starting XceiverServerRatis 1c156bfb-2bcc-4b8c-9108-3d9a31101152 at port 45131
2019-06-12 21:47:54,930 INFO  impl.RaftServerProxy (RaftServerProxy.java:lambda$start$3(299)) - 1c156bfb-2bcc-4b8c-9108-3d9a31101152: start RPC server
2019-06-12 21:47:54,932 INFO  server.GrpcService (GrpcService.java:startImpl(148)) - 1c156bfb-2bcc-4b8c-9108-3d9a31101152: GrpcService started, listening on 0.0.0.0/0.0.0.0:45131
2019-06-12 21:47:55,072 INFO  ozoneimpl.OzoneContainer (OzoneContainer.java:start(186)) - Attempting to start container services.
2019-06-12 21:47:55,072 INFO  ozoneimpl.OzoneContainer (OzoneContainer.java:startContainerScrub(160)) - Background container scrubber has been disabled by hdds.containerscrub.enabled
2019-06-12 21:47:55,072 INFO  ratis.XceiverServerRatis (XceiverServerRatis.java:start(418)) - Starting XceiverServerRatis 8853b7eb-282d-4857-b4d2-041d2c6c9664 at port 36109
2019-06-12 21:47:55,076 INFO  impl.RaftServerProxy (RaftServerProxy.java:lambda$start$3(299)) - 8853b7eb-282d-4857-b4d2-041d2c6c9664: start RPC server
2019-06-12 21:47:55,077 INFO  server.GrpcService (GrpcService.java:startImpl(148)) - 8853b7eb-282d-4857-b4d2-041d2c6c9664: GrpcService started, listening on 0.0.0.0/0.0.0.0:36109
2019-06-12 21:47:55,223 INFO  ozoneimpl.OzoneContainer (OzoneContainer.java:start(186)) - Attempting to start container services.
2019-06-12 21:47:55,224 INFO  ozoneimpl.OzoneContainer (OzoneContainer.java:startContainerScrub(160)) - Background container scrubber has been disabled by hdds.containerscrub.enabled
2019-06-12 21:47:55,224 INFO  ratis.XceiverServerRatis (XceiverServerRatis.java:start(418)) - Starting XceiverServerRatis 8f21b568-ad9c-4aba-92e7-a17ea7551c07 at port 45981
2019-06-12 21:47:55,227 INFO  impl.RaftServerProxy (RaftServerProxy.java:lambda$start$3(299)) - 8f21b568-ad9c-4aba-92e7-a17ea7551c07: start RPC server
2019-06-12 21:47:55,227 INFO  server.GrpcService (GrpcService.java:startImpl(148)) - 8f21b568-ad9c-4aba-92e7-a17ea7551c07: GrpcService started, listening on 0.0.0.0/0.0.0.0:45981
2019-06-12 21:47:55,412 INFO  ozone.MiniOzoneClusterImpl (MiniOzoneClusterImpl.java:lambda$waitForClusterToBeReady$0(142)) - Waiting for cluster to be ready. Got 0 of 6 DN Heartbeats.
2019-06-12 21:47:55,417 INFO  ozoneimpl.OzoneContainer (OzoneContainer.java:start(186)) - Attempting to start container services.
2019-06-12 21:47:55,417 INFO  ozoneimpl.OzoneContainer (OzoneContainer.java:startContainerScrub(160)) - Background container scrubber has been disabled by hdds.containerscrub.enabled
2019-06-12 21:47:55,417 INFO  ratis.XceiverServerRatis (XceiverServerRatis.java:start(418)) - Starting XceiverServerRatis c6f0f828-6798-45c2-a095-b95bf4033cc5 at port 35483
2019-06-12 21:47:55,420 INFO  impl.RaftServerProxy (RaftServerProxy.java:lambda$start$3(299)) - c6f0f828-6798-45c2-a095-b95bf4033cc5: start RPC server
2019-06-12 21:47:55,421 INFO  server.GrpcService (GrpcService.java:startImpl(148)) - c6f0f828-6798-45c2-a095-b95bf4033cc5: GrpcService started, listening on 0.0.0.0/0.0.0.0:35483
2019-06-12 21:47:56,412 INFO  ozone.MiniOzoneClusterImpl (MiniOzoneClusterImpl.java:lambda$waitForClusterToBeReady$0(142)) - Waiting for cluster to be ready. Got 0 of 6 DN Heartbeats.
2019-06-12 21:47:56,576 INFO  node.SCMNodeManager (SCMNodeManager.java:register(234)) - Registered Data node : 75f66b7a-a545-4e41-a358-f14ef20d0d10{ip: 192.168.19.22, host: ozone-v57r8-234650721, networkLocation: /default-rack, certSerialId: null}
2019-06-12 21:47:56,578 INFO  safemode.SCMSafeModeManager (DataNodeSafeModeRule.java:process(71)) - SCM in safe mode. 1 DataNodes registered, 1 required.
2019-06-12 21:47:56,580 INFO  safemode.SCMSafeModeManager (SCMSafeModeManager.java:validateSafeModeExitRules(177)) - ScmSafeModeManager, all rules are successfully validated
2019-06-12 21:47:56,580 INFO  safemode.SCMSafeModeManager (SCMSafeModeManager.java:exitSafeMode(193)) - SCM exiting safe mode.
2019-06-12 21:47:56,585 INFO  impl.RaftServerProxy (RaftServerProxy.java:addNew(89)) - 75f66b7a-a545-4e41-a358-f14ef20d0d10: addNew group-24CD599A9C0E:[75f66b7a-a545-4e41-a358-f14ef20d0d10:192.168.19.22:33535] returns group-24CD599A9C0E:java.util.concurrent.CompletableFuture@26598a66[Not completed]
2019-06-12 21:47:56,588 INFO  impl.RaftServerImpl (RaftServerImpl.java:<init>(91)) - 75f66b7a-a545-4e41-a358-f14ef20d0d10: new RaftServerImpl for group-24CD599A9C0E:[75f66b7a-a545-4e41-a358-f14ef20d0d10:192.168.19.22:33535] with ContainerStateMachine:uninitialized
2019-06-12 21:47:56,588 INFO  server.RaftServerConfigKeys (ConfUtils.java:logGet(43)) - raft.server.rpc.timeout.min = 1s (custom)
2019-06-12 21:47:56,588 INFO  server.RaftServerConfigKeys (ConfUtils.java:logGet(43)) - raft.server.rpc.timeout.max = 1200ms (custom)
2019-06-12 21:47:56,588 INFO  server.RaftServerConfigKeys (ConfUtils.java:logGet(43)) - raft.server.rpcslowness.timeout = 120s (custom)
2019-06-12 21:47:56,588 INFO  server.RaftServerConfigKeys (ConfUtils.java:logGet(43)) - raft.server.log.appender.install.snapshot.enabled = true (default)
2019-06-12 21:47:56,589 INFO  impl.RaftServerImpl (ServerState.java:<init>(101)) - 75f66b7a-a545-4e41-a358-f14ef20d0d10:group-24CD599A9C0E ConfigurationManager, init=-1: [75f66b7a-a545-4e41-a358-f14ef20d0d10:192.168.19.22:33535], old=null, confs=<EMPTY_MAP>
2019-06-12 21:47:56,589 INFO  server.RaftServerConfigKeys (ConfUtils.java:logGet(43)) - raft.server.storage.dir = [/opt/src/hadoop-ozone/integration-test/target/test-dir/MiniOzoneClusterImpl-8c763a39-619c-4e68-a885-79e6f7439c65/datanode-0/data/ratis] (custom)
2019-06-12 21:47:56,589 INFO  storage.RaftStorageDirectory (RaftStorageDirectory.java:analyzeStorage(246)) - The storage directory /opt/src/hadoop-ozone/integration-test/target/test-dir/MiniOzoneClusterImpl-8c763a39-619c-4e68-a885-79e6f7439c65/datanode-0/data/ratis/4bb97413-9ab6-4f29-a7b5-24cd599a9c0e does not exist. Creating ...
2019-06-12 21:47:56,591 INFO  storage.RaftStorageDirectory (RaftStorageDirectory.java:tryLock(328)) - Lock on /opt/src/hadoop-ozone/integration-test/target/test-dir/MiniOzoneClusterImpl-8c763a39-619c-4e68-a885-79e6f7439c65/datanode-0/data/ratis/4bb97413-9ab6-4f29-a7b5-24cd599a9c0e/in_use.lock acquired by nodename 14039@ozone-v57r8-234650721
2019-06-12 21:47:56,593 INFO  storage.RaftStorage (RaftStorage.java:format(75)) - Storage directory /opt/src/hadoop-ozone/integration-test/target/test-dir/MiniOzoneClusterImpl-8c763a39-619c-4e68-a885-79e6f7439c65/datanode-0/data/ratis/4bb97413-9ab6-4f29-a7b5-24cd599a9c0e has been successfully formatted.
2019-06-12 21:47:56,594 INFO  ratis.ContainerStateMachine (ContainerStateMachine.java:loadSnapshot(199)) - The snapshot info is null.Setting the last applied index to:(t:0, i:~)
2019-06-12 21:47:56,594 INFO  server.RaftServerConfigKeys (ConfUtils.java:logGet(43)) - raft.server.leader.election.timeout = 120s (custom)
2019-06-12 21:47:56,594 INFO  server.RaftServerConfigKeys (ConfUtils.java:logGet(43)) - raft.server.log.use.memory = false (default)
2019-06-12 21:47:56,594 INFO  server.RaftServerConfigKeys (ConfUtils.java:logGet(43)) - raft.server.log.appender.buffer.byte-limit = 33554432 (custom)
2019-06-12 21:47:56,594 INFO  server.RaftServerConfigKeys (ConfUtils.java:logGet(43)) - raft.server.log.segment.size.max = 16384 (custom)
2019-06-12 21:47:56,594 INFO  server.RaftServerConfigKeys (ConfUtils.java:logGet(43)) - raft.server.log.segment.cache.num.max = 2 (custom)
2019-06-12 21:47:56,594 INFO  storage.RaftLogWorker (RaftLogWorker.java:<init>(123)) - new 75f66b7a-a545-4e41-a358-f14ef20d0d10-RaftLogWorker for Storage Directory /opt/src/hadoop-ozone/integration-test/target/test-dir/MiniOzoneClusterImpl-8c763a39-619c-4e68-a885-79e6f7439c65/datanode-0/data/ratis/4bb97413-9ab6-4f29-a7b5-24cd599a9c0e
2019-06-12 21:47:56,594 INFO  server.RaftServerConfigKeys (ConfUtils.java:logGet(43)) - raft.server.log.queue.byte-limit = 2147483647 (custom)
2019-06-12 21:47:56,595 INFO  server.RaftServerConfigKeys (ConfUtils.java:logGet(43)) - raft.server.log.queue.element-limit = 1024 (custom)
2019-06-12 21:47:56,595 INFO  server.RaftServerConfigKeys (ConfUtils.java:logGet(43)) - raft.server.log.segment.size.max = 16384 (custom)
2019-06-12 21:47:56,595 INFO  server.RaftServerConfigKeys (ConfUtils.java:logGet(43)) - raft.server.log.preallocated.size = 16384 (custom)
2019-06-12 21:47:56,595 INFO  server.RaftServerConfigKeys (ConfUtils.java:logGet(43)) - raft.server.log.write.buffer.size = 33554432 (custom)
2019-06-12 21:47:56,595 INFO  server.RaftServerConfigKeys (ConfUtils.java:logGet(43)) - raft.server.log.force.sync.num = 128 (default)
2019-06-12 21:47:56,595 INFO  server.RaftServerConfigKeys (ConfUtils.java:logGet(43)) - raft.server.log.statemachine.data.sync = true (default)
2019-06-12 21:47:56,595 INFO  server.RaftServerConfigKeys (ConfUtils.java:logGet(43)) - raft.server.log.statemachine.data.sync.timeout = 10s (default)
2019-06-12 21:47:56,595 INFO  server.RaftServerConfigKeys (ConfUtils.java:logGet(43)) - raft.server.log.statemachine.data.sync.timeout.retry = -1 (default)
2019-06-12 21:47:56,595 INFO  server.RaftServerConfigKeys (ConfUtils.java:logGet(43)) - raft.server.log.statemachine.data.caching.enabled = true (custom)
2019-06-12 21:47:56,596 INFO  server.RaftServerConfigKeys (ConfUtils.java:logGet(43)) - raft.server.snapshot.auto.trigger.enabled = true (custom)
2019-06-12 21:47:56,596 INFO  server.RaftServerConfigKeys (ConfUtils.java:logGet(43)) - raft.server.snapshot.auto.trigger.threshold = 10000 (custom)
2019-06-12 21:47:56,596 INFO  server.RaftServerConfigKeys (ConfUtils.java:logGet(43)) - raft.server.retrycache.expirytime = 600000ms (custom)
2019-06-12 21:47:56,596 INFO  impl.RaftServerImpl (RaftServerImpl.java:start(173)) - 75f66b7a-a545-4e41-a358-f14ef20d0d10: start group-24CD599A9C0E
2019-06-12 21:47:56,596 INFO  impl.RaftServerImpl (RaftServerImpl.java:setRole(164)) - 75f66b7a-a545-4e41-a358-f14ef20d0d10:group-24CD599A9C0E changes role from null to FOLLOWER at term 0 for startAsFollower
2019-06-12 21:47:56,596 INFO  impl.RoleInfo (RoleInfo.java:updateAndGet(143)) - 75f66b7a-a545-4e41-a358-f14ef20d0d10: start FollowerState
2019-06-12 21:47:56,597 INFO  util.JmxRegister (JmxRegister.java:tryRegister(44)) - Successfully registered JMX Bean with object name Ratis:service=RaftServer,group=group-24CD599A9C0E,id=75f66b7a-a545-4e41-a358-f14ef20d0d10
2019-06-12 21:47:56,599 INFO  pipeline.PipelineStateManager (PipelineStateManager.java:addPipeline(56)) - Created pipeline Pipeline[ Id: 4bb97413-9ab6-4f29-a7b5-24cd599a9c0e, Nodes: 75f66b7a-a545-4e41-a358-f14ef20d0d10{ip: 192.168.19.22, host: ozone-v57r8-234650721, networkLocation: /default-rack, certSerialId: null}, Type:RATIS, Factor:ONE, State:OPEN]
2019-06-12 21:47:56,787 INFO  node.SCMNodeManager (SCMNodeManager.java:register(234)) - Registered Data node : 0f87377a-22cf-4012-8963-ececdd868e1a{ip: 192.168.19.22, host: ozone-v57r8-234650721, networkLocation: /default-rack, certSerialId: null}
2019-06-12 21:47:56,799 INFO  impl.RaftServerProxy (RaftServerProxy.java:addNew(89)) - 0f87377a-22cf-4012-8963-ececdd868e1a: addNew group-F90FD9796E8C:[0f87377a-22cf-4012-8963-ececdd868e1a:192.168.19.22:46727] returns group-F90FD9796E8C:java.util.concurrent.CompletableFuture@1f3c496e[Not completed]
2019-06-12 21:47:56,800 INFO  impl.RaftServerImpl (RaftServerImpl.java:<init>(91)) - 0f87377a-22cf-4012-8963-ececdd868e1a: new RaftServerImpl for group-F90FD9796E8C:[0f87377a-22cf-4012-8963-ececdd868e1a:192.168.19.22:46727] with ContainerStateMachine:uninitialized
2019-06-12 21:47:56,800 INFO  server.RaftServerConfigKeys (ConfUtils.java:logGet(43)) - raft.server.rpc.timeout.min = 1s (custom)
2019-06-12 21:47:56,800 INFO  server.RaftServerConfigKeys (ConfUtils.java:logGet(43)) - raft.server.rpc.timeout.max = 1200ms (custom)
2019-06-12 21:47:56,800 INFO  server.RaftServerConfigKeys (ConfUtils.java:logGet(43)) - raft.server.rpcslowness.timeout = 120s (custom)
2019-06-12 21:47:56,800 INFO  server.RaftServerConfigKeys (ConfUtils.java:logGet(43)) - raft.server.log.appender.install.snapshot.enabled = true (default)
2019-06-12 21:47:56,800 INFO  impl.RaftServerImpl (ServerState.java:<init>(101)) - 0f87377a-22cf-4012-8963-ececdd868e1a:group-F90FD9796E8C ConfigurationManager, init=-1: [0f87377a-22cf-4012-8963-ececdd868e1a:192.168.19.22:46727], old=null, confs=<EMPTY_MAP>
2019-06-12 21:47:56,800 INFO  server.RaftServerConfigKeys (ConfUtils.java:logGet(43)) - raft.server.storage.dir = [/opt/src/hadoop-ozone/integration-test/target/test-dir/MiniOzoneClusterImpl-8c763a39-619c-4e68-a885-79e6f7439c65/datanode-1/data/ratis] (custom)
2019-06-12 21:47:56,800 INFO  storage.RaftStorageDirectory (RaftStorageDirectory.java:analyzeStorage(246)) - The storage directory /opt/src/hadoop-ozone/integration-test/target/test-dir/MiniOzoneClusterImpl-8c763a39-619c-4e68-a885-79e6f7439c65/datanode-1/data/ratis/093774a9-7a33-4245-84fb-f90fd9796e8c does not exist. Creating ...
2019-06-12 21:47:56,803 INFO  storage.RaftStorageDirectory (RaftStorageDirectory.java:tryLock(328)) - Lock on /opt/src/hadoop-ozone/integration-test/target/test-dir/MiniOzoneClusterImpl-8c763a39-619c-4e68-a885-79e6f7439c65/datanode-1/data/ratis/093774a9-7a33-4245-84fb-f90fd9796e8c/in_use.lock acquired by nodename 14039@ozone-v57r8-234650721
2019-06-12 21:47:56,805 INFO  storage.RaftStorage (RaftStorage.java:format(75)) - Storage directory /opt/src/hadoop-ozone/integration-test/target/test-dir/MiniOzoneClusterImpl-8c763a39-619c-4e68-a885-79e6f7439c65/datanode-1/data/ratis/093774a9-7a33-4245-84fb-f90fd9796e8c has been successfully formatted.
2019-06-12 21:47:56,805 INFO  ratis.ContainerStateMachine (ContainerStateMachine.java:loadSnapshot(199)) - The snapshot info is null.Setting the last applied index to:(t:0, i:~)
2019-06-12 21:47:56,805 INFO  server.RaftServerConfigKeys (ConfUtils.java:logGet(43)) - raft.server.leader.election.timeout = 120s (custom)
2019-06-12 21:47:56,806 INFO  server.RaftServerConfigKeys (ConfUtils.java:logGet(43)) - raft.server.log.use.memory = false (default)
2019-06-12 21:47:56,806 INFO  server.RaftServerConfigKeys (ConfUtils.java:logGet(43)) - raft.server.log.appender.buffer.byte-limit = 33554432 (custom)
2019-06-12 21:47:56,806 INFO  server.RaftServerConfigKeys (ConfUtils.java:logGet(43)) - raft.server.log.segment.size.max = 16384 (custom)
2019-06-12 21:47:56,806 INFO  server.RaftServerConfigKeys (ConfUtils.java:logGet(43)) - raft.server.log.segment.cache.num.max = 2 (custom)
2019-06-12 21:47:56,806 INFO  storage.RaftLogWorker (RaftLogWorker.java:<init>(123)) - new 0f87377a-22cf-4012-8963-ececdd868e1a-RaftLogWorker for Storage Directory /opt/src/hadoop-ozone/integration-test/target/test-dir/MiniOzoneClusterImpl-8c763a39-619c-4e68-a885-79e6f7439c65/datanode-1/data/ratis/093774a9-7a33-4245-84fb-f90fd9796e8c
2019-06-12 21:47:56,806 INFO  server.RaftServerConfigKeys (ConfUtils.java:logGet(43)) - raft.server.log.queue.byte-limit = 2147483647 (custom)
2019-06-12 21:47:56,806 INFO  server.RaftServerConfigKeys (ConfUtils.java:logGet(43)) - raft.server.log.queue.element-limit = 1024 (custom)
2019-06-12 21:47:56,806 INFO  server.RaftServerConfigKeys (ConfUtils.java:logGet(43)) - raft.server.log.segment.size.max = 16384 (custom)
2019-06-12 21:47:56,806 INFO  server.RaftServerConfigKeys (ConfUtils.java:logGet(43)) - raft.server.log.preallocated.size = 16384 (custom)
2019-06-12 21:47:56,806 INFO  server.RaftServerConfigKeys (ConfUtils.java:logGet(43)) - raft.server.log.write.buffer.size = 33554432 (custom)
2019-06-12 21:47:56,806 INFO  server.RaftServerConfigKeys (ConfUtils.java:logGet(43)) - raft.server.log.force.sync.num = 128 (default)
2019-06-12 21:47:56,806 INFO  server.RaftServerConfigKeys (ConfUtils.java:logGet(43)) - raft.server.log.statemachine.data.sync = true (default)
2019-06-12 21:47:56,806 INFO  server.RaftServerConfigKeys (ConfUtils.java:logGet(43)) - raft.server.log.statemachine.data.sync.timeout = 10s (default)
2019-06-12 21:47:56,806 INFO  server.RaftServerConfigKeys (ConfUtils.java:logGet(43)) - raft.server.log.statemachine.data.sync.timeout.retry = -1 (default)
2019-06-12 21:47:56,807 INFO  server.RaftServerConfigKeys (ConfUtils.java:logGet(43)) - raft.server.log.statemachine.data.caching.enabled = true (custom)
2019-06-12 21:47:56,807 INFO  server.RaftServerConfigKeys (ConfUtils.java:logGet(43)) - raft.server.snapshot.auto.trigger.enabled = true (custom)
2019-06-12 21:47:56,807 INFO  server.RaftServerConfigKeys (ConfUtils.java:logGet(43)) - raft.server.snapshot.auto.trigger.threshold = 10000 (custom)
2019-06-12 21:47:56,807 INFO  server.RaftServerConfigKeys (ConfUtils.java:logGet(43)) - raft.server.retrycache.expirytime = 600000ms (custom)
2019-06-12 21:47:56,807 INFO  impl.RaftServerImpl (RaftServerImpl.java:start(173)) - 0f87377a-22cf-4012-8963-ececdd868e1a: start group-F90FD9796E8C
2019-06-12 21:47:56,807 INFO  impl.RaftServerImpl (RaftServerImpl.java:setRole(164)) - 0f87377a-22cf-4012-8963-ececdd868e1a:group-F90FD9796E8C changes role from null to FOLLOWER at term 0 for startAsFollower
2019-06-12 21:47:56,807 INFO  impl.RoleInfo (RoleInfo.java:updateAndGet(143)) - 0f87377a-22cf-4012-8963-ececdd868e1a: start FollowerState
2019-06-12 21:47:56,807 INFO  util.JmxRegister (JmxRegister.java:tryRegister(44)) - Successfully registered JMX Bean with object name Ratis:service=RaftServer,group=group-F90FD9796E8C,id=0f87377a-22cf-4012-8963-ececdd868e1a
2019-06-12 21:47:56,809 INFO  pipeline.PipelineStateManager (PipelineStateManager.java:addPipeline(56)) - Created pipeline Pipeline[ Id: 093774a9-7a33-4245-84fb-f90fd9796e8c, Nodes: 0f87377a-22cf-4012-8963-ececdd868e1a{ip: 192.168.19.22, host: ozone-v57r8-234650721, networkLocation: /default-rack, certSerialId: null}, Type:RATIS, Factor:ONE, State:OPEN]
2019-06-12 21:47:56,923 INFO  node.SCMNodeManager (SCMNodeManager.java:register(234)) - Registered Data node : 1c156bfb-2bcc-4b8c-9108-3d9a31101152{ip: 192.168.19.22, host: ozone-v57r8-234650721, networkLocation: /default-rack, certSerialId: null}
2019-06-12 21:47:56,941 INFO  impl.RaftServerProxy (RaftServerProxy.java:addNew(89)) - 1c156bfb-2bcc-4b8c-9108-3d9a31101152: addNew group-E6A52E51A82F:[1c156bfb-2bcc-4b8c-9108-3d9a31101152:192.168.19.22:45131] returns group-E6A52E51A82F:java.util.concurrent.CompletableFuture@6011a86d[Not completed]
2019-06-12 21:47:56,942 INFO  impl.RaftServerImpl (RaftServerImpl.java:<init>(91)) - 1c156bfb-2bcc-4b8c-9108-3d9a31101152: new RaftServerImpl for group-E6A52E51A82F:[1c156bfb-2bcc-4b8c-9108-3d9a31101152:192.168.19.22:45131] with ContainerStateMachine:uninitialized
2019-06-12 21:47:56,942 INFO  server.RaftServerConfigKeys (ConfUtils.java:logGet(43)) - raft.server.rpc.timeout.min = 1s (custom)
2019-06-12 21:47:56,942 INFO  server.RaftServerConfigKeys (ConfUtils.java:logGet(43)) - raft.server.rpc.timeout.max = 1200ms (custom)
2019-06-12 21:47:56,942 INFO  server.RaftServerConfigKeys (ConfUtils.java:logGet(43)) - raft.server.rpcslowness.timeout = 120s (custom)
2019-06-12 21:47:56,942 INFO  server.RaftServerConfigKeys (ConfUtils.java:logGet(43)) - raft.server.log.appender.install.snapshot.enabled = true (default)
2019-06-12 21:47:56,942 INFO  impl.RaftServerImpl (ServerState.java:<init>(101)) - 1c156bfb-2bcc-4b8c-9108-3d9a31101152:group-E6A52E51A82F ConfigurationManager, init=-1: [1c156bfb-2bcc-4b8c-9108-3d9a31101152:192.168.19.22:45131], old=null, confs=<EMPTY_MAP>
2019-06-12 21:47:56,942 INFO  server.RaftServerConfigKeys (ConfUtils.java:logGet(43)) - raft.server.storage.dir = [/opt/src/hadoop-ozone/integration-test/target/test-dir/MiniOzoneClusterImpl-8c763a39-619c-4e68-a885-79e6f7439c65/datanode-2/data/ratis] (custom)
2019-06-12 21:47:56,943 INFO  storage.RaftStorageDirectory (RaftStorageDirectory.java:analyzeStorage(246)) - The storage directory /opt/src/hadoop-ozone/integration-test/target/test-dir/MiniOzoneClusterImpl-8c763a39-619c-4e68-a885-79e6f7439c65/datanode-2/data/ratis/a6b40bcb-1976-49cd-8029-e6a52e51a82f does not exist. Creating ...
2019-06-12 21:47:56,945 INFO  storage.RaftStorageDirectory (RaftStorageDirectory.java:tryLock(328)) - Lock on /opt/src/hadoop-ozone/integration-test/target/test-dir/MiniOzoneClusterImpl-8c763a39-619c-4e68-a885-79e6f7439c65/datanode-2/data/ratis/a6b40bcb-1976-49cd-8029-e6a52e51a82f/in_use.lock acquired by nodename 14039@ozone-v57r8-234650721
2019-06-12 21:47:56,948 INFO  storage.RaftStorage (RaftStorage.java:format(75)) - Storage directory /opt/src/hadoop-ozone/integration-test/target/test-dir/MiniOzoneClusterImpl-8c763a39-619c-4e68-a885-79e6f7439c65/datanode-2/data/ratis/a6b40bcb-1976-49cd-8029-e6a52e51a82f has been successfully formatted.
2019-06-12 21:47:56,948 INFO  ratis.ContainerStateMachine (ContainerStateMachine.java:loadSnapshot(199)) - The snapshot info is null.Setting the last applied index to:(t:0, i:~)
2019-06-12 21:47:56,948 INFO  server.RaftServerConfigKeys (ConfUtils.java:logGet(43)) - raft.server.leader.election.timeout = 120s (custom)
2019-06-12 21:47:56,948 INFO  server.RaftServerConfigKeys (ConfUtils.java:logGet(43)) - raft.server.log.use.memory = false (default)
2019-06-12 21:47:56,948 INFO  server.RaftServerConfigKeys (ConfUtils.java:logGet(43)) - raft.server.log.appender.buffer.byte-limit = 33554432 (custom)
2019-06-12 21:47:56,949 INFO  server.RaftServerConfigKeys (ConfUtils.java:logGet(43)) - raft.server.log.segment.size.max = 16384 (custom)
2019-06-12 21:47:56,949 INFO  server.RaftServerConfigKeys (ConfUtils.java:logGet(43)) - raft.server.log.segment.cache.num.max = 2 (custom)
2019-06-12 21:47:56,949 INFO  storage.RaftLogWorker (RaftLogWorker.java:<init>(123)) - new 1c156bfb-2bcc-4b8c-9108-3d9a31101152-RaftLogWorker for Storage Directory /opt/src/hadoop-ozone/integration-test/target/test-dir/MiniOzoneClusterImpl-8c763a39-619c-4e68-a885-79e6f7439c65/datanode-2/data/ratis/a6b40bcb-1976-49cd-8029-e6a52e51a82f
2019-06-12 21:47:56,949 INFO  server.RaftServerConfigKeys (ConfUtils.java:logGet(43)) - raft.server.log.queue.byte-limit = 2147483647 (custom)
2019-06-12 21:47:56,949 INFO  server.RaftServerConfigKeys (ConfUtils.java:logGet(43)) - raft.server.log.queue.element-limit = 1024 (custom)
2019-06-12 21:47:56,949 INFO  server.RaftServerConfigKeys (ConfUtils.java:logGet(43)) - raft.server.log.segment.size.max = 16384 (custom)
2019-06-12 21:47:56,949 INFO  server.RaftServerConfigKeys (ConfUtils.java:logGet(43)) - raft.server.log.preallocated.size = 16384 (custom)
2019-06-12 21:47:56,949 INFO  server.RaftServerConfigKeys (ConfUtils.java:logGet(43)) - raft.server.log.write.buffer.size = 33554432 (custom)
2019-06-12 21:47:56,950 INFO  server.RaftServerConfigKeys (ConfUtils.java:logGet(43)) - raft.server.log.force.sync.num = 128 (default)
2019-06-12 21:47:56,950 INFO  server.RaftServerConfigKeys (ConfUtils.java:logGet(43)) - raft.server.log.statemachine.data.sync = true (default)
2019-06-12 21:47:56,950 INFO  server.RaftServerConfigKeys (ConfUtils.java:logGet(43)) - raft.server.log.statemachine.data.sync.timeout = 10s (default)
2019-06-12 21:47:56,950 INFO  server.RaftServerConfigKeys (ConfUtils.java:logGet(43)) - raft.server.log.statemachine.data.sync.timeout.retry = -1 (default)
2019-06-12 21:47:56,950 INFO  server.RaftServerConfigKeys (ConfUtils.java:logGet(43)) - raft.server.log.statemachine.data.caching.enabled = true (custom)
2019-06-12 21:47:56,951 INFO  server.RaftServerConfigKeys (ConfUtils.java:logGet(43)) - raft.server.snapshot.auto.trigger.enabled = true (custom)
2019-06-12 21:47:56,951 INFO  server.RaftServerConfigKeys (ConfUtils.java:logGet(43)) - raft.server.snapshot.auto.trigger.threshold = 10000 (custom)
2019-06-12 21:47:56,951 INFO  server.RaftServerConfigKeys (ConfUtils.java:logGet(43)) - raft.server.retrycache.expirytime = 600000ms (custom)
2019-06-12 21:47:56,952 INFO  impl.RaftServerImpl (RaftServerImpl.java:start(173)) - 1c156bfb-2bcc-4b8c-9108-3d9a31101152: start group-E6A52E51A82F
2019-06-12 21:47:56,952 INFO  impl.RaftServerImpl (RaftServerImpl.java:setRole(164)) - 1c156bfb-2bcc-4b8c-9108-3d9a31101152:group-E6A52E51A82F changes role from null to FOLLOWER at term 0 for startAsFollower
2019-06-12 21:47:56,952 INFO  impl.RoleInfo (RoleInfo.java:updateAndGet(143)) - 1c156bfb-2bcc-4b8c-9108-3d9a31101152: start FollowerState
2019-06-12 21:47:56,952 INFO  util.JmxRegister (JmxRegister.java:tryRegister(44)) - Successfully registered JMX Bean with object name Ratis:service=RaftServer,group=group-E6A52E51A82F,id=1c156bfb-2bcc-4b8c-9108-3d9a31101152
2019-06-12 21:47:56,954 INFO  pipeline.PipelineStateManager (PipelineStateManager.java:addPipeline(56)) - Created pipeline Pipeline[ Id: a6b40bcb-1976-49cd-8029-e6a52e51a82f, Nodes: 1c156bfb-2bcc-4b8c-9108-3d9a31101152{ip: 192.168.19.22, host: ozone-v57r8-234650721, networkLocation: /default-rack, certSerialId: null}, Type:RATIS, Factor:ONE, State:OPEN]
2019-06-12 21:47:56,965 INFO  impl.RaftServerProxy (RaftServerProxy.java:addNew(89)) - 75f66b7a-a545-4e41-a358-f14ef20d0d10: addNew group-851FEEC25BB1:[75f66b7a-a545-4e41-a358-f14ef20d0d10:192.168.19.22:33535, 1c156bfb-2bcc-4b8c-9108-3d9a31101152:192.168.19.22:45131, 0f87377a-22cf-4012-8963-ececdd868e1a:192.168.19.22:46727] returns group-851FEEC25BB1:java.util.concurrent.CompletableFuture@5ea6a7f6[Not completed]
2019-06-12 21:47:56,965 INFO  impl.RaftServerProxy (RaftServerProxy.java:addNew(89)) - 0f87377a-22cf-4012-8963-ececdd868e1a: addNew group-851FEEC25BB1:[75f66b7a-a545-4e41-a358-f14ef20d0d10:192.168.19.22:33535, 1c156bfb-2bcc-4b8c-9108-3d9a31101152:192.168.19.22:45131, 0f87377a-22cf-4012-8963-ececdd868e1a:192.168.19.22:46727] returns group-851FEEC25BB1:java.util.concurrent.CompletableFuture@73c46687[Not completed]
2019-06-12 21:47:56,966 INFO  impl.RaftServerImpl (RaftServerImpl.java:<init>(91)) - 75f66b7a-a545-4e41-a358-f14ef20d0d10: new RaftServerImpl for group-851FEEC25BB1:[75f66b7a-a545-4e41-a358-f14ef20d0d10:192.168.19.22:33535, 1c156bfb-2bcc-4b8c-9108-3d9a31101152:192.168.19.22:45131, 0f87377a-22cf-4012-8963-ececdd868e1a:192.168.19.22:46727] with ContainerStateMachine:uninitialized
2019-06-12 21:47:56,966 INFO  server.RaftServerConfigKeys (ConfUtils.java:logGet(43)) - raft.server.rpc.timeout.min = 1s (custom)
2019-06-12 21:47:56,966 INFO  server.RaftServerConfigKeys (ConfUtils.java:logGet(43)) - raft.server.rpc.timeout.max = 1200ms (custom)
2019-06-12 21:47:56,966 INFO  impl.RaftServerImpl (RaftServerImpl.java:<init>(91)) - 0f87377a-22cf-4012-8963-ececdd868e1a: new RaftServerImpl for group-851FEEC25BB1:[75f66b7a-a545-4e41-a358-f14ef20d0d10:192.168.19.22:33535, 1c156bfb-2bcc-4b8c-9108-3d9a31101152:192.168.19.22:45131, 0f87377a-22cf-4012-8963-ececdd868e1a:192.168.19.22:46727] with ContainerStateMachine:uninitialized
2019-06-12 21:47:56,966 INFO  server.RaftServerConfigKeys (ConfUtils.java:logGet(43)) - raft.server.rpcslowness.timeout = 120s (custom)
2019-06-12 21:47:56,966 INFO  server.RaftServerConfigKeys (ConfUtils.java:logGet(43)) - raft.server.rpc.timeout.min = 1s (custom)
2019-06-12 21:47:56,966 INFO  server.RaftServerConfigKeys (ConfUtils.java:logGet(43)) - raft.server.log.appender.install.snapshot.enabled = true (default)
2019-06-12 21:47:56,967 INFO  server.RaftServerConfigKeys (ConfUtils.java:logGet(43)) - raft.server.rpc.timeout.max = 1200ms (custom)
2019-06-12 21:47:56,967 INFO  server.RaftServerConfigKeys (ConfUtils.java:logGet(43)) - raft.server.rpcslowness.timeout = 120s (custom)
2019-06-12 21:47:56,967 INFO  server.RaftServerConfigKeys (ConfUtils.java:logGet(43)) - raft.server.log.appender.install.snapshot.enabled = true (default)
2019-06-12 21:47:56,967 INFO  impl.RaftServerImpl (ServerState.java:<init>(101)) - 0f87377a-22cf-4012-8963-ececdd868e1a:group-851FEEC25BB1 ConfigurationManager, init=-1: [75f66b7a-a545-4e41-a358-f14ef20d0d10:192.168.19.22:33535, 1c156bfb-2bcc-4b8c-9108-3d9a31101152:192.168.19.22:45131, 0f87377a-22cf-4012-8963-ececdd868e1a:192.168.19.22:46727], old=null, confs=<EMPTY_MAP>
2019-06-12 21:47:56,967 INFO  server.RaftServerConfigKeys (ConfUtils.java:logGet(43)) - raft.server.storage.dir = [/opt/src/hadoop-ozone/integration-test/target/test-dir/MiniOzoneClusterImpl-8c763a39-619c-4e68-a885-79e6f7439c65/datanode-1/data/ratis] (custom)
2019-06-12 21:47:56,967 INFO  storage.RaftStorageDirectory (RaftStorageDirectory.java:analyzeStorage(246)) - The storage directory /opt/src/hadoop-ozone/integration-test/target/test-dir/MiniOzoneClusterImpl-8c763a39-619c-4e68-a885-79e6f7439c65/datanode-1/data/ratis/e99fda64-5e09-40f8-9fe7-851feec25bb1 does not exist. Creating ...
2019-06-12 21:47:56,967 INFO  impl.RaftServerImpl (ServerState.java:<init>(101)) - 75f66b7a-a545-4e41-a358-f14ef20d0d10:group-851FEEC25BB1 ConfigurationManager, init=-1: [75f66b7a-a545-4e41-a358-f14ef20d0d10:192.168.19.22:33535, 1c156bfb-2bcc-4b8c-9108-3d9a31101152:192.168.19.22:45131, 0f87377a-22cf-4012-8963-ececdd868e1a:192.168.19.22:46727], old=null, confs=<EMPTY_MAP>
2019-06-12 21:47:56,968 INFO  server.RaftServerConfigKeys (ConfUtils.java:logGet(43)) - raft.server.storage.dir = [/opt/src/hadoop-ozone/integration-test/target/test-dir/MiniOzoneClusterImpl-8c763a39-619c-4e68-a885-79e6f7439c65/datanode-0/data/ratis] (custom)
2019-06-12 21:47:56,968 INFO  storage.RaftStorageDirectory (RaftStorageDirectory.java:analyzeStorage(246)) - The storage directory /opt/src/hadoop-ozone/integration-test/target/test-dir/MiniOzoneClusterImpl-8c763a39-619c-4e68-a885-79e6f7439c65/datanode-0/data/ratis/e99fda64-5e09-40f8-9fe7-851feec25bb1 does not exist. Creating ...
2019-06-12 21:47:56,968 INFO  impl.RaftServerProxy (RaftServerProxy.java:addNew(89)) - 1c156bfb-2bcc-4b8c-9108-3d9a31101152: addNew group-851FEEC25BB1:[75f66b7a-a545-4e41-a358-f14ef20d0d10:192.168.19.22:33535, 1c156bfb-2bcc-4b8c-9108-3d9a31101152:192.168.19.22:45131, 0f87377a-22cf-4012-8963-ececdd868e1a:192.168.19.22:46727] returns group-851FEEC25BB1:java.util.concurrent.CompletableFuture@1efbea52[Not completed]
2019-06-12 21:47:56,969 INFO  impl.RaftServerImpl (RaftServerImpl.java:<init>(91)) - 1c156bfb-2bcc-4b8c-9108-3d9a31101152: new RaftServerImpl for group-851FEEC25BB1:[75f66b7a-a545-4e41-a358-f14ef20d0d10:192.168.19.22:33535, 1c156bfb-2bcc-4b8c-9108-3d9a31101152:192.168.19.22:45131, 0f87377a-22cf-4012-8963-ececdd868e1a:192.168.19.22:46727] with ContainerStateMachine:uninitialized
2019-06-12 21:47:56,969 INFO  server.RaftServerConfigKeys (ConfUtils.java:logGet(43)) - raft.server.rpc.timeout.min = 1s (custom)
2019-06-12 21:47:56,969 INFO  server.RaftServerConfigKeys (ConfUtils.java:logGet(43)) - raft.server.rpc.timeout.max = 1200ms (custom)
2019-06-12 21:47:56,969 INFO  server.RaftServerConfigKeys (ConfUtils.java:logGet(43)) - raft.server.rpcslowness.timeout = 120s (custom)
2019-06-12 21:47:56,969 INFO  server.RaftServerConfigKeys (ConfUtils.java:logGet(43)) - raft.server.log.appender.install.snapshot.enabled = true (default)
2019-06-12 21:47:56,969 INFO  impl.RaftServerImpl (ServerState.java:<init>(101)) - 1c156bfb-2bcc-4b8c-9108-3d9a31101152:group-851FEEC25BB1 ConfigurationManager, init=-1: [75f66b7a-a545-4e41-a358-f14ef20d0d10:192.168.19.22:33535, 1c156bfb-2bcc-4b8c-9108-3d9a31101152:192.168.19.22:45131, 0f87377a-22cf-4012-8963-ececdd868e1a:192.168.19.22:46727], old=null, confs=<EMPTY_MAP>
2019-06-12 21:47:56,969 INFO  server.RaftServerConfigKeys (ConfUtils.java:logGet(43)) - raft.server.storage.dir = [/opt/src/hadoop-ozone/integration-test/target/test-dir/MiniOzoneClusterImpl-8c763a39-619c-4e68-a885-79e6f7439c65/datanode-2/data/ratis] (custom)
2019-06-12 21:47:56,969 INFO  storage.RaftStorageDirectory (RaftStorageDirectory.java:tryLock(328)) - Lock on /opt/src/hadoop-ozone/integration-test/target/test-dir/MiniOzoneClusterImpl-8c763a39-619c-4e68-a885-79e6f7439c65/datanode-1/data/ratis/e99fda64-5e09-40f8-9fe7-851feec25bb1/in_use.lock acquired by nodename 14039@ozone-v57r8-234650721
2019-06-12 21:47:56,970 INFO  storage.RaftStorageDirectory (RaftStorageDirectory.java:analyzeStorage(246)) - The storage directory /opt/src/hadoop-ozone/integration-test/target/test-dir/MiniOzoneClusterImpl-8c763a39-619c-4e68-a885-79e6f7439c65/datanode-2/data/ratis/e99fda64-5e09-40f8-9fe7-851feec25bb1 does not exist. Creating ...
2019-06-12 21:47:56,971 INFO  storage.RaftStorageDirectory (RaftStorageDirectory.java:tryLock(328)) - Lock on /opt/src/hadoop-ozone/integration-test/target/test-dir/MiniOzoneClusterImpl-8c763a39-619c-4e68-a885-79e6f7439c65/datanode-0/data/ratis/e99fda64-5e09-40f8-9fe7-851feec25bb1/in_use.lock acquired by nodename 14039@ozone-v57r8-234650721
2019-06-12 21:47:56,972 INFO  storage.RaftStorageDirectory (RaftStorageDirectory.java:tryLock(328)) - Lock on /opt/src/hadoop-ozone/integration-test/target/test-dir/MiniOzoneClusterImpl-8c763a39-619c-4e68-a885-79e6f7439c65/datanode-2/data/ratis/e99fda64-5e09-40f8-9fe7-851feec25bb1/in_use.lock acquired by nodename 14039@ozone-v57r8-234650721
2019-06-12 21:47:56,972 INFO  storage.RaftStorage (RaftStorage.java:format(75)) - Storage directory /opt/src/hadoop-ozone/integration-test/target/test-dir/MiniOzoneClusterImpl-8c763a39-619c-4e68-a885-79e6f7439c65/datanode-1/data/ratis/e99fda64-5e09-40f8-9fe7-851feec25bb1 has been successfully formatted.
2019-06-12 21:47:56,972 INFO  ratis.ContainerStateMachine (ContainerStateMachine.java:loadSnapshot(199)) - The snapshot info is null.Setting the last applied index to:(t:0, i:~)
2019-06-12 21:47:56,973 INFO  server.RaftServerConfigKeys (ConfUtils.java:logGet(43)) - raft.server.leader.election.timeout = 120s (custom)
2019-06-12 21:47:56,973 INFO  server.RaftServerConfigKeys (ConfUtils.java:logGet(43)) - raft.server.log.use.memory = false (default)
2019-06-12 21:47:56,973 INFO  server.RaftServerConfigKeys (ConfUtils.java:logGet(43)) - raft.server.log.appender.buffer.byte-limit = 33554432 (custom)
2019-06-12 21:47:56,973 INFO  server.RaftServerConfigKeys (ConfUtils.java:logGet(43)) - raft.server.log.segment.size.max = 16384 (custom)
2019-06-12 21:47:56,973 INFO  server.RaftServerConfigKeys (ConfUtils.java:logGet(43)) - raft.server.log.segment.cache.num.max = 2 (custom)
2019-06-12 21:47:56,973 INFO  storage.RaftLogWorker (RaftLogWorker.java:<init>(123)) - new 0f87377a-22cf-4012-8963-ececdd868e1a-RaftLogWorker for Storage Directory /opt/src/hadoop-ozone/integration-test/target/test-dir/MiniOzoneClusterImpl-8c763a39-619c-4e68-a885-79e6f7439c65/datanode-1/data/ratis/e99fda64-5e09-40f8-9fe7-851feec25bb1
2019-06-12 21:47:56,974 INFO  server.RaftServerConfigKeys (ConfUtils.java:logGet(43)) - raft.server.log.queue.byte-limit = 2147483647 (custom)
2019-06-12 21:47:56,974 INFO  server.RaftServerConfigKeys (ConfUtils.java:logGet(43)) - raft.server.log.queue.element-limit = 1024 (custom)
2019-06-12 21:47:56,974 INFO  server.RaftServerConfigKeys (ConfUtils.java:logGet(43)) - raft.server.log.segment.size.max = 16384 (custom)
2019-06-12 21:47:56,974 INFO  server.RaftServerConfigKeys (ConfUtils.java:logGet(43)) - raft.server.log.preallocated.size = 16384 (custom)
2019-06-12 21:47:56,974 INFO  server.RaftServerConfigKeys (ConfUtils.java:logGet(43)) - raft.server.log.write.buffer.size = 33554432 (custom)
2019-06-12 21:47:56,974 INFO  server.RaftServerConfigKeys (ConfUtils.java:logGet(43)) - raft.server.log.force.sync.num = 128 (default)
2019-06-12 21:47:56,974 INFO  server.RaftServerConfigKeys (ConfUtils.java:logGet(43)) - raft.server.log.statemachine.data.sync = true (default)
2019-06-12 21:47:56,974 INFO  server.RaftServerConfigKeys (ConfUtils.java:logGet(43)) - raft.server.log.statemachine.data.sync.timeout = 10s (default)
2019-06-12 21:47:56,974 INFO  server.RaftServerConfigKeys (ConfUtils.java:logGet(43)) - raft.server.log.statemachine.data.sync.timeout.retry = -1 (default)
2019-06-12 21:47:56,974 INFO  server.RaftServerConfigKeys (ConfUtils.java:logGet(43)) - raft.server.log.statemachine.data.caching.enabled = true (custom)
2019-06-12 21:47:56,975 INFO  server.RaftServerConfigKeys (ConfUtils.java:logGet(43)) - raft.server.snapshot.auto.trigger.enabled = true (custom)
2019-06-12 21:47:56,975 INFO  server.RaftServerConfigKeys (ConfUtils.java:logGet(43)) - raft.server.snapshot.auto.trigger.threshold = 10000 (custom)
2019-06-12 21:47:56,975 INFO  server.RaftServerConfigKeys (ConfUtils.java:logGet(43)) - raft.server.retrycache.expirytime = 600000ms (custom)
2019-06-12 21:47:56,975 INFO  impl.RaftServerImpl (RaftServerImpl.java:start(173)) - 0f87377a-22cf-4012-8963-ececdd868e1a: start group-851FEEC25BB1
2019-06-12 21:47:56,975 INFO  storage.RaftStorage (RaftStorage.java:format(75)) - Storage directory /opt/src/hadoop-ozone/integration-test/target/test-dir/MiniOzoneClusterImpl-8c763a39-619c-4e68-a885-79e6f7439c65/datanode-0/data/ratis/e99fda64-5e09-40f8-9fe7-851feec25bb1 has been successfully formatted.
2019-06-12 21:47:56,975 INFO  impl.RaftServerImpl (RaftServerImpl.java:setRole(164)) - 0f87377a-22cf-4012-8963-ececdd868e1a:group-851FEEC25BB1 changes role from null to FOLLOWER at term 0 for startAsFollower
2019-06-12 21:47:56,975 INFO  impl.RoleInfo (RoleInfo.java:updateAndGet(143)) - 0f87377a-22cf-4012-8963-ececdd868e1a: start FollowerState
2019-06-12 21:47:56,975 INFO  storage.RaftStorage (RaftStorage.java:format(75)) - Storage directory /opt/src/hadoop-ozone/integration-test/target/test-dir/MiniOzoneClusterImpl-8c763a39-619c-4e68-a885-79e6f7439c65/datanode-2/data/ratis/e99fda64-5e09-40f8-9fe7-851feec25bb1 has been successfully formatted.
2019-06-12 21:47:56,975 INFO  ratis.ContainerStateMachine (ContainerStateMachine.java:loadSnapshot(199)) - The snapshot info is null.Setting the last applied index to:(t:0, i:~)
2019-06-12 21:47:56,976 INFO  util.JmxRegister (JmxRegister.java:tryRegister(44)) - Successfully registered JMX Bean with object name Ratis:service=RaftServer,group=group-851FEEC25BB1,id=0f87377a-22cf-4012-8963-ececdd868e1a
2019-06-12 21:47:56,976 INFO  ratis.ContainerStateMachine (ContainerStateMachine.java:loadSnapshot(199)) - The snapshot info is null.Setting the last applied index to:(t:0, i:~)
2019-06-12 21:47:56,976 INFO  server.RaftServerConfigKeys (ConfUtils.java:logGet(43)) - raft.server.leader.election.timeout = 120s (custom)
2019-06-12 21:47:56,976 INFO  server.RaftServerConfigKeys (ConfUtils.java:logGet(43)) - raft.server.log.use.memory = false (default)
2019-06-12 21:47:56,976 INFO  server.RaftServerConfigKeys (ConfUtils.java:logGet(43)) - raft.server.log.appender.buffer.byte-limit = 33554432 (custom)
2019-06-12 21:47:56,976 INFO  server.RaftServerConfigKeys (ConfUtils.java:logGet(43)) - raft.server.log.segment.size.max = 16384 (custom)
2019-06-12 21:47:56,976 INFO  server.RaftServerConfigKeys (ConfUtils.java:logGet(43)) - raft.server.log.segment.cache.num.max = 2 (custom)
2019-06-12 21:47:56,976 INFO  storage.RaftLogWorker (RaftLogWorker.java:<init>(123)) - new 1c156bfb-2bcc-4b8c-9108-3d9a31101152-RaftLogWorker for Storage Directory /opt/src/hadoop-ozone/integration-test/target/test-dir/MiniOzoneClusterImpl-8c763a39-619c-4e68-a885-79e6f7439c65/datanode-2/data/ratis/e99fda64-5e09-40f8-9fe7-851feec25bb1
2019-06-12 21:47:56,976 INFO  server.RaftServerConfigKeys (ConfUtils.java:logGet(43)) - raft.server.log.queue.byte-limit = 2147483647 (custom)
2019-06-12 21:47:56,976 INFO  server.RaftServerConfigKeys (ConfUtils.java:logGet(43)) - raft.server.log.queue.element-limit = 1024 (custom)
2019-06-12 21:47:56,977 INFO  server.RaftServerConfigKeys (ConfUtils.java:logGet(43)) - raft.server.log.segment.size.max = 16384 (custom)
2019-06-12 21:47:56,977 INFO  server.RaftServerConfigKeys (ConfUtils.java:logGet(43)) - raft.server.log.preallocated.size = 16384 (custom)
2019-06-12 21:47:56,977 INFO  server.RaftServerConfigKeys (ConfUtils.java:logGet(43)) - raft.server.log.write.buffer.size = 33554432 (custom)
2019-06-12 21:47:56,977 INFO  server.RaftServerConfigKeys (ConfUtils.java:logGet(43)) - raft.server.log.force.sync.num = 128 (default)
2019-06-12 21:47:56,977 INFO  server.RaftServerConfigKeys (ConfUtils.java:logGet(43)) - raft.server.log.statemachine.data.sync = true (default)
2019-06-12 21:47:56,977 INFO  server.RaftServerConfigKeys (ConfUtils.java:logGet(43)) - raft.server.log.statemachine.data.sync.timeout = 10s (default)
2019-06-12 21:47:56,977 INFO  server.RaftServerConfigKeys (ConfUtils.java:logGet(43)) - raft.server.log.statemachine.data.sync.timeout.retry = -1 (default)
2019-06-12 21:47:56,977 INFO  server.RaftServerConfigKeys (ConfUtils.java:logGet(43)) - raft.server.log.statemachine.data.caching.enabled = true (custom)
2019-06-12 21:47:56,976 INFO  server.RaftServerConfigKeys (ConfUtils.java:logGet(43)) - raft.server.leader.election.timeout = 120s (custom)
2019-06-12 21:47:56,977 INFO  server.RaftServerConfigKeys (ConfUtils.java:logGet(43)) - raft.server.log.use.memory = false (default)
2019-06-12 21:47:56,978 INFO  server.RaftServerConfigKeys (ConfUtils.java:logGet(43)) - raft.server.log.appender.buffer.byte-limit = 33554432 (custom)
2019-06-12 21:47:56,978 INFO  server.RaftServerConfigKeys (ConfUtils.java:logGet(43)) - raft.server.log.segment.size.max = 16384 (custom)
2019-06-12 21:47:56,978 INFO  server.RaftServerConfigKeys (ConfUtils.java:logGet(43)) - raft.server.log.segment.cache.num.max = 2 (custom)
2019-06-12 21:47:56,978 INFO  storage.RaftLogWorker (RaftLogWorker.java:<init>(123)) - new 75f66b7a-a545-4e41-a358-f14ef20d0d10-RaftLogWorker for Storage Directory /opt/src/hadoop-ozone/integration-test/target/test-dir/MiniOzoneClusterImpl-8c763a39-619c-4e68-a885-79e6f7439c65/datanode-0/data/ratis/e99fda64-5e09-40f8-9fe7-851feec25bb1
2019-06-12 21:47:56,978 INFO  server.RaftServerConfigKeys (ConfUtils.java:logGet(43)) - raft.server.log.queue.byte-limit = 2147483647 (custom)
2019-06-12 21:47:56,978 INFO  server.RaftServerConfigKeys (ConfUtils.java:logGet(43)) - raft.server.snapshot.auto.trigger.enabled = true (custom)
2019-06-12 21:47:56,978 INFO  server.RaftServerConfigKeys (ConfUtils.java:logGet(43)) - raft.server.log.queue.element-limit = 1024 (custom)
2019-06-12 21:47:56,978 INFO  server.RaftServerConfigKeys (ConfUtils.java:logGet(43)) - raft.server.log.segment.size.max = 16384 (custom)
2019-06-12 21:47:56,978 INFO  server.RaftServerConfigKeys (ConfUtils.java:logGet(43)) - raft.server.log.preallocated.size = 16384 (custom)
2019-06-12 21:47:56,978 INFO  server.RaftServerConfigKeys (ConfUtils.java:logGet(43)) - raft.server.log.write.buffer.size = 33554432 (custom)
2019-06-12 21:47:56,978 INFO  server.RaftServerConfigKeys (ConfUtils.java:logGet(43)) - raft.server.log.force.sync.num = 128 (default)
2019-06-12 21:47:56,979 INFO  server.RaftServerConfigKeys (ConfUtils.java:logGet(43)) - raft.server.log.statemachine.data.sync = true (default)
2019-06-12 21:47:56,979 INFO  server.RaftServerConfigKeys (ConfUtils.java:logGet(43)) - raft.server.log.statemachine.data.sync.timeout = 10s (default)
2019-06-12 21:47:56,979 INFO  server.RaftServerConfigKeys (ConfUtils.java:logGet(43)) - raft.server.log.statemachine.data.sync.timeout.retry = -1 (default)
2019-06-12 21:47:56,979 INFO  server.RaftServerConfigKeys (ConfUtils.java:logGet(43)) - raft.server.log.statemachine.data.caching.enabled = true (custom)
2019-06-12 21:47:56,978 INFO  server.RaftServerConfigKeys (ConfUtils.java:logGet(43)) - raft.server.snapshot.auto.trigger.threshold = 10000 (custom)
2019-06-12 21:47:56,980 INFO  server.RaftServerConfigKeys (ConfUtils.java:logGet(43)) - raft.server.retrycache.expirytime = 600000ms (custom)
2019-06-12 21:47:56,980 INFO  server.RaftServerConfigKeys (ConfUtils.java:logGet(43)) - raft.server.snapshot.auto.trigger.enabled = true (custom)
2019-06-12 21:47:56,980 INFO  impl.RaftServerImpl (RaftServerImpl.java:start(173)) - 1c156bfb-2bcc-4b8c-9108-3d9a31101152: start group-851FEEC25BB1
2019-06-12 21:47:56,980 INFO  server.RaftServerConfigKeys (ConfUtils.java:logGet(43)) - raft.server.snapshot.auto.trigger.threshold = 10000 (custom)
2019-06-12 21:47:56,980 INFO  impl.RaftServerImpl (RaftServerImpl.java:setRole(164)) - 1c156bfb-2bcc-4b8c-9108-3d9a31101152:group-851FEEC25BB1 changes role from null to FOLLOWER at term 0 for startAsFollower
2019-06-12 21:47:56,980 INFO  server.RaftServerConfigKeys (ConfUtils.java:logGet(43)) - raft.server.retrycache.expirytime = 600000ms (custom)
2019-06-12 21:47:56,980 INFO  impl.RoleInfo (RoleInfo.java:updateAndGet(143)) - 1c156bfb-2bcc-4b8c-9108-3d9a31101152: start FollowerState
2019-06-12 21:47:56,980 INFO  impl.RaftServerImpl (RaftServerImpl.java:start(173)) - 75f66b7a-a545-4e41-a358-f14ef20d0d10: start group-851FEEC25BB1
2019-06-12 21:47:56,980 INFO  impl.RaftServerImpl (RaftServerImpl.java:setRole(164)) - 75f66b7a-a545-4e41-a358-f14ef20d0d10:group-851FEEC25BB1 changes role from null to FOLLOWER at term 0 for startAsFollower
2019-06-12 21:47:56,981 INFO  impl.RoleInfo (RoleInfo.java:updateAndGet(143)) - 75f66b7a-a545-4e41-a358-f14ef20d0d10: start FollowerState
2019-06-12 21:47:56,981 INFO  util.JmxRegister (JmxRegister.java:tryRegister(44)) - Successfully registered JMX Bean with object name Ratis:service=RaftServer,group=group-851FEEC25BB1,id=1c156bfb-2bcc-4b8c-9108-3d9a31101152
2019-06-12 21:47:56,981 INFO  util.JmxRegister (JmxRegister.java:tryRegister(44)) - Successfully registered JMX Bean with object name Ratis:service=RaftServer,group=group-851FEEC25BB1,id=75f66b7a-a545-4e41-a358-f14ef20d0d10
2019-06-12 21:47:56,983 INFO  pipeline.PipelineStateManager (PipelineStateManager.java:addPipeline(56)) - Created pipeline Pipeline[ Id: e99fda64-5e09-40f8-9fe7-851feec25bb1, Nodes: 75f66b7a-a545-4e41-a358-f14ef20d0d10{ip: 192.168.19.22, host: ozone-v57r8-234650721, networkLocation: /default-rack, certSerialId: null}0f87377a-22cf-4012-8963-ececdd868e1a{ip: 192.168.19.22, host: ozone-v57r8-234650721, networkLocation: /default-rack, certSerialId: null}1c156bfb-2bcc-4b8c-9108-3d9a31101152{ip: 192.168.19.22, host: ozone-v57r8-234650721, networkLocation: /default-rack, certSerialId: null}, Type:RATIS, Factor:THREE, State:OPEN]
2019-06-12 21:47:57,070 INFO  node.SCMNodeManager (SCMNodeManager.java:register(234)) - Registered Data node : 8853b7eb-282d-4857-b4d2-041d2c6c9664{ip: 192.168.19.22, host: ozone-v57r8-234650721, networkLocation: /default-rack, certSerialId: null}
2019-06-12 21:47:57,077 INFO  impl.RaftServerProxy (RaftServerProxy.java:addNew(89)) - 8853b7eb-282d-4857-b4d2-041d2c6c9664: addNew group-1AEDF4DEDAC5:[8853b7eb-282d-4857-b4d2-041d2c6c9664:192.168.19.22:36109] returns group-1AEDF4DEDAC5:java.util.concurrent.CompletableFuture@3a4ecf5c[Not completed]
2019-06-12 21:47:57,077 INFO  impl.RaftServerImpl (RaftServerImpl.java:<init>(91)) - 8853b7eb-282d-4857-b4d2-041d2c6c9664: new RaftServerImpl for group-1AEDF4DEDAC5:[8853b7eb-282d-4857-b4d2-041d2c6c9664:192.168.19.22:36109] with ContainerStateMachine:uninitialized
2019-06-12 21:47:57,077 INFO  server.RaftServerConfigKeys (ConfUtils.java:logGet(43)) - raft.server.rpc.timeout.min = 1s (custom)
2019-06-12 21:47:57,077 INFO  server.RaftServerConfigKeys (ConfUtils.java:logGet(43)) - raft.server.rpc.timeout.max = 1200ms (custom)
2019-06-12 21:47:57,077 INFO  server.RaftServerConfigKeys (ConfUtils.java:logGet(43)) - raft.server.rpcslowness.timeout = 120s (custom)
2019-06-12 21:47:57,077 INFO  server.RaftServerConfigKeys (ConfUtils.java:logGet(43)) - raft.server.log.appender.install.snapshot.enabled = true (default)
2019-06-12 21:47:57,077 INFO  impl.RaftServerImpl (ServerState.java:<init>(101)) - 8853b7eb-282d-4857-b4d2-041d2c6c9664:group-1AEDF4DEDAC5 ConfigurationManager, init=-1: [8853b7eb-282d-4857-b4d2-041d2c6c9664:192.168.19.22:36109], old=null, confs=<EMPTY_MAP>
2019-06-12 21:47:57,078 INFO  server.RaftServerConfigKeys (ConfUtils.java:logGet(43)) - raft.server.storage.dir = [/opt/src/hadoop-ozone/integration-test/target/test-dir/MiniOzoneClusterImpl-8c763a39-619c-4e68-a885-79e6f7439c65/datanode-3/data/ratis] (custom)
2019-06-12 21:47:57,078 INFO  storage.RaftStorageDirectory (RaftStorageDirectory.java:analyzeStorage(246)) - The storage directory /opt/src/hadoop-ozone/integration-test/target/test-dir/MiniOzoneClusterImpl-8c763a39-619c-4e68-a885-79e6f7439c65/datanode-3/data/ratis/923f165a-972b-48fa-9847-1aedf4dedac5 does not exist. Creating ...
2019-06-12 21:47:57,080 INFO  storage.RaftStorageDirectory (RaftStorageDirectory.java:tryLock(328)) - Lock on /opt/src/hadoop-ozone/integration-test/target/test-dir/MiniOzoneClusterImpl-8c763a39-619c-4e68-a885-79e6f7439c65/datanode-3/data/ratis/923f165a-972b-48fa-9847-1aedf4dedac5/in_use.lock acquired by nodename 14039@ozone-v57r8-234650721
2019-06-12 21:47:57,082 INFO  storage.RaftStorage (RaftStorage.java:format(75)) - Storage directory /opt/src/hadoop-ozone/integration-test/target/test-dir/MiniOzoneClusterImpl-8c763a39-619c-4e68-a885-79e6f7439c65/datanode-3/data/ratis/923f165a-972b-48fa-9847-1aedf4dedac5 has been successfully formatted.
2019-06-12 21:47:57,082 INFO  ratis.ContainerStateMachine (ContainerStateMachine.java:loadSnapshot(199)) - The snapshot info is null.Setting the last applied index to:(t:0, i:~)
2019-06-12 21:47:57,083 INFO  server.RaftServerConfigKeys (ConfUtils.java:logGet(43)) - raft.server.leader.election.timeout = 120s (custom)
2019-06-12 21:47:57,083 INFO  server.RaftServerConfigKeys (ConfUtils.java:logGet(43)) - raft.server.log.use.memory = false (default)
2019-06-12 21:47:57,083 INFO  server.RaftServerConfigKeys (ConfUtils.java:logGet(43)) - raft.server.log.appender.buffer.byte-limit = 33554432 (custom)
2019-06-12 21:47:57,083 INFO  server.RaftServerConfigKeys (ConfUtils.java:logGet(43)) - raft.server.log.segment.size.max = 16384 (custom)
2019-06-12 21:47:57,083 INFO  server.RaftServerConfigKeys (ConfUtils.java:logGet(43)) - raft.server.log.segment.cache.num.max = 2 (custom)
2019-06-12 21:47:57,083 INFO  storage.RaftLogWorker (RaftLogWorker.java:<init>(123)) - new 8853b7eb-282d-4857-b4d2-041d2c6c9664-RaftLogWorker for Storage Directory /opt/src/hadoop-ozone/integration-test/target/test-dir/MiniOzoneClusterImpl-8c763a39-619c-4e68-a885-79e6f7439c65/datanode-3/data/ratis/923f165a-972b-48fa-9847-1aedf4dedac5
2019-06-12 21:47:57,083 INFO  server.RaftServerConfigKeys (ConfUtils.java:logGet(43)) - raft.server.log.queue.byte-limit = 2147483647 (custom)
2019-06-12 21:47:57,083 INFO  server.RaftServerConfigKeys (ConfUtils.java:logGet(43)) - raft.server.log.queue.element-limit = 1024 (custom)
2019-06-12 21:47:57,083 INFO  server.RaftServerConfigKeys (ConfUtils.java:logGet(43)) - raft.server.log.segment.size.max = 16384 (custom)
2019-06-12 21:47:57,083 INFO  server.RaftServerConfigKeys (ConfUtils.java:logGet(43)) - raft.server.log.preallocated.size = 16384 (custom)
2019-06-12 21:47:57,083 INFO  server.RaftServerConfigKeys (ConfUtils.java:logGet(43)) - raft.server.log.write.buffer.size = 33554432 (custom)
2019-06-12 21:47:57,083 INFO  server.RaftServerConfigKeys (ConfUtils.java:logGet(43)) - raft.server.log.force.sync.num = 128 (default)
2019-06-12 21:47:57,083 INFO  server.RaftServerConfigKeys (ConfUtils.java:logGet(43)) - raft.server.log.statemachine.data.sync = true (default)
2019-06-12 21:47:57,084 INFO  server.RaftServerConfigKeys (ConfUtils.java:logGet(43)) - raft.server.log.statemachine.data.sync.timeout = 10s (default)
2019-06-12 21:47:57,084 INFO  server.RaftServerConfigKeys (ConfUtils.java:logGet(43)) - raft.server.log.statemachine.data.sync.timeout.retry = -1 (default)
2019-06-12 21:47:57,084 INFO  server.RaftServerConfigKeys (ConfUtils.java:logGet(43)) - raft.server.log.statemachine.data.caching.enabled = true (custom)
2019-06-12 21:47:57,084 INFO  server.RaftServerConfigKeys (ConfUtils.java:logGet(43)) - raft.server.snapshot.auto.trigger.enabled = true (custom)
2019-06-12 21:47:57,084 INFO  server.RaftServerConfigKeys (ConfUtils.java:logGet(43)) - raft.server.snapshot.auto.trigger.threshold = 10000 (custom)
2019-06-12 21:47:57,084 INFO  server.RaftServerConfigKeys (ConfUtils.java:logGet(43)) - raft.server.retrycache.expirytime = 600000ms (custom)
2019-06-12 21:47:57,084 INFO  impl.RaftServerImpl (RaftServerImpl.java:start(173)) - 8853b7eb-282d-4857-b4d2-041d2c6c9664: start group-1AEDF4DEDAC5
2019-06-12 21:47:57,084 INFO  impl.RaftServerImpl (RaftServerImpl.java:setRole(164)) - 8853b7eb-282d-4857-b4d2-041d2c6c9664:group-1AEDF4DEDAC5 changes role from null to FOLLOWER at term 0 for startAsFollower
2019-06-12 21:47:57,084 INFO  impl.RoleInfo (RoleInfo.java:updateAndGet(143)) - 8853b7eb-282d-4857-b4d2-041d2c6c9664: start FollowerState
2019-06-12 21:47:57,085 INFO  util.JmxRegister (JmxRegister.java:tryRegister(44)) - Successfully registered JMX Bean with object name Ratis:service=RaftServer,group=group-1AEDF4DEDAC5,id=8853b7eb-282d-4857-b4d2-041d2c6c9664
2019-06-12 21:47:57,086 INFO  pipeline.PipelineStateManager (PipelineStateManager.java:addPipeline(56)) - Created pipeline Pipeline[ Id: 923f165a-972b-48fa-9847-1aedf4dedac5, Nodes: 8853b7eb-282d-4857-b4d2-041d2c6c9664{ip: 192.168.19.22, host: ozone-v57r8-234650721, networkLocation: /default-rack, certSerialId: null}, Type:RATIS, Factor:ONE, State:OPEN]
2019-06-12 21:47:57,222 INFO  node.SCMNodeManager (SCMNodeManager.java:register(234)) - Registered Data node : 8f21b568-ad9c-4aba-92e7-a17ea7551c07{ip: 192.168.19.22, host: ozone-v57r8-234650721, networkLocation: /default-rack, certSerialId: null}
2019-06-12 21:47:57,227 INFO  impl.RaftServerProxy (RaftServerProxy.java:addNew(89)) - 8f21b568-ad9c-4aba-92e7-a17ea7551c07: addNew group-FE883CB8BAF1:[8f21b568-ad9c-4aba-92e7-a17ea7551c07:192.168.19.22:45981] returns group-FE883CB8BAF1:java.util.concurrent.CompletableFuture@26cce9b8[Not completed]
2019-06-12 21:47:57,228 INFO  impl.RaftServerImpl (RaftServerImpl.java:<init>(91)) - 8f21b568-ad9c-4aba-92e7-a17ea7551c07: new RaftServerImpl for group-FE883CB8BAF1:[8f21b568-ad9c-4aba-92e7-a17ea7551c07:192.168.19.22:45981] with ContainerStateMachine:uninitialized
2019-06-12 21:47:57,228 INFO  server.RaftServerConfigKeys (ConfUtils.java:logGet(43)) - raft.server.rpc.timeout.min = 1s (custom)
2019-06-12 21:47:57,228 INFO  server.RaftServerConfigKeys (ConfUtils.java:logGet(43)) - raft.server.rpc.timeout.max = 1200ms (custom)
2019-06-12 21:47:57,228 INFO  server.RaftServerConfigKeys (ConfUtils.java:logGet(43)) - raft.server.rpcslowness.timeout = 120s (custom)
2019-06-12 21:47:57,228 INFO  server.RaftServerConfigKeys (ConfUtils.java:logGet(43)) - raft.server.log.appender.install.snapshot.enabled = true (default)
2019-06-12 21:47:57,228 INFO  impl.RaftServerImpl (ServerState.java:<init>(101)) - 8f21b568-ad9c-4aba-92e7-a17ea7551c07:group-FE883CB8BAF1 ConfigurationManager, init=-1: [8f21b568-ad9c-4aba-92e7-a17ea7551c07:192.168.19.22:45981], old=null, confs=<EMPTY_MAP>
2019-06-12 21:47:57,228 INFO  server.RaftServerConfigKeys (ConfUtils.java:logGet(43)) - raft.server.storage.dir = [/opt/src/hadoop-ozone/integration-test/target/test-dir/MiniOzoneClusterImpl-8c763a39-619c-4e68-a885-79e6f7439c65/datanode-4/data/ratis] (custom)
2019-06-12 21:47:57,229 INFO  storage.RaftStorageDirectory (RaftStorageDirectory.java:analyzeStorage(246)) - The storage directory /opt/src/hadoop-ozone/integration-test/target/test-dir/MiniOzoneClusterImpl-8c763a39-619c-4e68-a885-79e6f7439c65/datanode-4/data/ratis/ebccad27-0411-4dd1-adfa-fe883cb8baf1 does not exist. Creating ...
2019-06-12 21:47:57,231 INFO  storage.RaftStorageDirectory (RaftStorageDirectory.java:tryLock(328)) - Lock on /opt/src/hadoop-ozone/integration-test/target/test-dir/MiniOzoneClusterImpl-8c763a39-619c-4e68-a885-79e6f7439c65/datanode-4/data/ratis/ebccad27-0411-4dd1-adfa-fe883cb8baf1/in_use.lock acquired by nodename 14039@ozone-v57r8-234650721
2019-06-12 21:47:57,233 INFO  storage.RaftStorage (RaftStorage.java:format(75)) - Storage directory /opt/src/hadoop-ozone/integration-test/target/test-dir/MiniOzoneClusterImpl-8c763a39-619c-4e68-a885-79e6f7439c65/datanode-4/data/ratis/ebccad27-0411-4dd1-adfa-fe883cb8baf1 has been successfully formatted.
2019-06-12 21:47:57,233 INFO  ratis.ContainerStateMachine (ContainerStateMachine.java:loadSnapshot(199)) - The snapshot info is null.Setting the last applied index to:(t:0, i:~)
2019-06-12 21:47:57,233 INFO  server.RaftServerConfigKeys (ConfUtils.java:logGet(43)) - raft.server.leader.election.timeout = 120s (custom)
2019-06-12 21:47:57,233 INFO  server.RaftServerConfigKeys (ConfUtils.java:logGet(43)) - raft.server.log.use.memory = false (default)
2019-06-12 21:47:57,233 INFO  server.RaftServerConfigKeys (ConfUtils.java:logGet(43)) - raft.server.log.appender.buffer.byte-limit = 33554432 (custom)
2019-06-12 21:47:57,233 INFO  server.RaftServerConfigKeys (ConfUtils.java:logGet(43)) - raft.server.log.segment.size.max = 16384 (custom)
2019-06-12 21:47:57,233 INFO  server.RaftServerConfigKeys (ConfUtils.java:logGet(43)) - raft.server.log.segment.cache.num.max = 2 (custom)
2019-06-12 21:47:57,233 INFO  storage.RaftLogWorker (RaftLogWorker.java:<init>(123)) - new 8f21b568-ad9c-4aba-92e7-a17ea7551c07-RaftLogWorker for Storage Directory /opt/src/hadoop-ozone/integration-test/target/test-dir/MiniOzoneClusterImpl-8c763a39-619c-4e68-a885-79e6f7439c65/datanode-4/data/ratis/ebccad27-0411-4dd1-adfa-fe883cb8baf1
2019-06-12 21:47:57,233 INFO  server.RaftServerConfigKeys (ConfUtils.java:logGet(43)) - raft.server.log.queue.byte-limit = 2147483647 (custom)
2019-06-12 21:47:57,233 INFO  server.RaftServerConfigKeys (ConfUtils.java:logGet(43)) - raft.server.log.queue.element-limit = 1024 (custom)
2019-06-12 21:47:57,234 INFO  server.RaftServerConfigKeys (ConfUtils.java:logGet(43)) - raft.server.log.segment.size.max = 16384 (custom)
2019-06-12 21:47:57,234 INFO  server.RaftServerConfigKeys (ConfUtils.java:logGet(43)) - raft.server.log.preallocated.size = 16384 (custom)
2019-06-12 21:47:57,234 INFO  server.RaftServerConfigKeys (ConfUtils.java:logGet(43)) - raft.server.log.write.buffer.size = 33554432 (custom)
2019-06-12 21:47:57,234 INFO  server.RaftServerConfigKeys (ConfUtils.java:logGet(43)) - raft.server.log.force.sync.num = 128 (default)
2019-06-12 21:47:57,234 INFO  server.RaftServerConfigKeys (ConfUtils.java:logGet(43)) - raft.server.log.statemachine.data.sync = true (default)
2019-06-12 21:47:57,234 INFO  server.RaftServerConfigKeys (ConfUtils.java:logGet(43)) - raft.server.log.statemachine.data.sync.timeout = 10s (default)
2019-06-12 21:47:57,234 INFO  server.RaftServerConfigKeys (ConfUtils.java:logGet(43)) - raft.server.log.statemachine.data.sync.timeout.retry = -1 (default)
2019-06-12 21:47:57,234 INFO  server.RaftServerConfigKeys (ConfUtils.java:logGet(43)) - raft.server.log.statemachine.data.caching.enabled = true (custom)
2019-06-12 21:47:57,234 INFO  server.RaftServerConfigKeys (ConfUtils.java:logGet(43)) - raft.server.snapshot.auto.trigger.enabled = true (custom)
2019-06-12 21:47:57,234 INFO  server.RaftServerConfigKeys (ConfUtils.java:logGet(43)) - raft.server.snapshot.auto.trigger.threshold = 10000 (custom)
2019-06-12 21:47:57,234 INFO  server.RaftServerConfigKeys (ConfUtils.java:logGet(43)) - raft.server.retrycache.expirytime = 600000ms (custom)
2019-06-12 21:47:57,235 INFO  impl.RaftServerImpl (RaftServerImpl.java:start(173)) - 8f21b568-ad9c-4aba-92e7-a17ea7551c07: start group-FE883CB8BAF1
2019-06-12 21:47:57,235 INFO  impl.RaftServerImpl (RaftServerImpl.java:setRole(164)) - 8f21b568-ad9c-4aba-92e7-a17ea7551c07:group-FE883CB8BAF1 changes role from null to FOLLOWER at term 0 for startAsFollower
2019-06-12 21:47:57,235 INFO  impl.RoleInfo (RoleInfo.java:updateAndGet(143)) - 8f21b568-ad9c-4aba-92e7-a17ea7551c07: start FollowerState
2019-06-12 21:47:57,235 INFO  util.JmxRegister (JmxRegister.java:tryRegister(44)) - Successfully registered JMX Bean with object name Ratis:service=RaftServer,group=group-FE883CB8BAF1,id=8f21b568-ad9c-4aba-92e7-a17ea7551c07
2019-06-12 21:47:57,237 INFO  pipeline.PipelineStateManager (PipelineStateManager.java:addPipeline(56)) - Created pipeline Pipeline[ Id: ebccad27-0411-4dd1-adfa-fe883cb8baf1, Nodes: 8f21b568-ad9c-4aba-92e7-a17ea7551c07{ip: 192.168.19.22, host: ozone-v57r8-234650721, networkLocation: /default-rack, certSerialId: null}, Type:RATIS, Factor:ONE, State:OPEN]
2019-06-12 21:47:57,412 INFO  ozone.MiniOzoneClusterImpl (MiniOzoneClusterImpl.java:lambda$waitForClusterToBeReady$0(142)) - Waiting for cluster to be ready. Got 5 of 6 DN Heartbeats.
2019-06-12 21:47:57,415 INFO  node.SCMNodeManager (SCMNodeManager.java:register(234)) - Registered Data node : c6f0f828-6798-45c2-a095-b95bf4033cc5{ip: 192.168.19.22, host: ozone-v57r8-234650721, networkLocation: /default-rack, certSerialId: null}
2019-06-12 21:47:57,421 INFO  impl.RaftServerProxy (RaftServerProxy.java:addNew(89)) - c6f0f828-6798-45c2-a095-b95bf4033cc5: addNew group-957A47848952:[c6f0f828-6798-45c2-a095-b95bf4033cc5:192.168.19.22:35483] returns group-957A47848952:java.util.concurrent.CompletableFuture@745d89ef[Not completed]
2019-06-12 21:47:57,422 INFO  impl.RaftServerImpl (RaftServerImpl.java:<init>(91)) - c6f0f828-6798-45c2-a095-b95bf4033cc5: new RaftServerImpl for group-957A47848952:[c6f0f828-6798-45c2-a095-b95bf4033cc5:192.168.19.22:35483] with ContainerStateMachine:uninitialized
2019-06-12 21:47:57,422 INFO  server.RaftServerConfigKeys (ConfUtils.java:logGet(43)) - raft.server.rpc.timeout.min = 1s (custom)
2019-06-12 21:47:57,422 INFO  server.RaftServerConfigKeys (ConfUtils.java:logGet(43)) - raft.server.rpc.timeout.max = 1200ms (custom)
2019-06-12 21:47:57,422 INFO  server.RaftServerConfigKeys (ConfUtils.java:logGet(43)) - raft.server.rpcslowness.timeout = 120s (custom)
2019-06-12 21:47:57,422 INFO  server.RaftServerConfigKeys (ConfUtils.java:logGet(43)) - raft.server.log.appender.install.snapshot.enabled = true (default)
2019-06-12 21:47:57,422 INFO  impl.RaftServerImpl (ServerState.java:<init>(101)) - c6f0f828-6798-45c2-a095-b95bf4033cc5:group-957A47848952 ConfigurationManager, init=-1: [c6f0f828-6798-45c2-a095-b95bf4033cc5:192.168.19.22:35483], old=null, confs=<EMPTY_MAP>
2019-06-12 21:47:57,422 INFO  server.RaftServerConfigKeys (ConfUtils.java:logGet(43)) - raft.server.storage.dir = [/opt/src/hadoop-ozone/integration-test/target/test-dir/MiniOzoneClusterImpl-8c763a39-619c-4e68-a885-79e6f7439c65/datanode-5/data/ratis] (custom)
2019-06-12 21:47:57,422 INFO  storage.RaftStorageDirectory (RaftStorageDirectory.java:analyzeStorage(246)) - The storage directory /opt/src/hadoop-ozone/integration-test/target/test-dir/MiniOzoneClusterImpl-8c763a39-619c-4e68-a885-79e6f7439c65/datanode-5/data/ratis/0faf9236-165c-4d36-9476-957a47848952 does not exist. Creating ...
2019-06-12 21:47:57,424 INFO  storage.RaftStorageDirectory (RaftStorageDirectory.java:tryLock(328)) - Lock on /opt/src/hadoop-ozone/integration-test/target/test-dir/MiniOzoneClusterImpl-8c763a39-619c-4e68-a885-79e6f7439c65/datanode-5/data/ratis/0faf9236-165c-4d36-9476-957a47848952/in_use.lock acquired by nodename 14039@ozone-v57r8-234650721
2019-06-12 21:47:57,426 INFO  storage.RaftStorage (RaftStorage.java:format(75)) - Storage directory /opt/src/hadoop-ozone/integration-test/target/test-dir/MiniOzoneClusterImpl-8c763a39-619c-4e68-a885-79e6f7439c65/datanode-5/data/ratis/0faf9236-165c-4d36-9476-957a47848952 has been successfully formatted.
2019-06-12 21:47:57,426 INFO  ratis.ContainerStateMachine (ContainerStateMachine.java:loadSnapshot(199)) - The snapshot info is null.Setting the last applied index to:(t:0, i:~)
2019-06-12 21:47:57,427 INFO  server.RaftServerConfigKeys (ConfUtils.java:logGet(43)) - raft.server.leader.election.timeout = 120s (custom)
2019-06-12 21:47:57,427 INFO  server.RaftServerConfigKeys (ConfUtils.java:logGet(43)) - raft.server.log.use.memory = false (default)
2019-06-12 21:47:57,427 INFO  server.RaftServerConfigKeys (ConfUtils.java:logGet(43)) - raft.server.log.appender.buffer.byte-limit = 33554432 (custom)
2019-06-12 21:47:57,427 INFO  server.RaftServerConfigKeys (ConfUtils.java:logGet(43)) - raft.server.log.segment.size.max = 16384 (custom)
2019-06-12 21:47:57,427 INFO  server.RaftServerConfigKeys (ConfUtils.java:logGet(43)) - raft.server.log.segment.cache.num.max = 2 (custom)
2019-06-12 21:47:57,427 INFO  storage.RaftLogWorker (RaftLogWorker.java:<init>(123)) - new c6f0f828-6798-45c2-a095-b95bf4033cc5-RaftLogWorker for Storage Directory /opt/src/hadoop-ozone/integration-test/target/test-dir/MiniOzoneClusterImpl-8c763a39-619c-4e68-a885-79e6f7439c65/datanode-5/data/ratis/0faf9236-165c-4d36-9476-957a47848952
2019-06-12 21:47:57,427 INFO  server.RaftServerConfigKeys (ConfUtils.java:logGet(43)) - raft.server.log.queue.byte-limit = 2147483647 (custom)
2019-06-12 21:47:57,427 INFO  server.RaftServerConfigKeys (ConfUtils.java:logGet(43)) - raft.server.log.queue.element-limit = 1024 (custom)
2019-06-12 21:47:57,427 INFO  server.RaftServerConfigKeys (ConfUtils.java:logGet(43)) - raft.server.log.segment.size.max = 16384 (custom)
2019-06-12 21:47:57,427 INFO  server.RaftServerConfigKeys (ConfUtils.java:logGet(43)) - raft.server.log.preallocated.size = 16384 (custom)
2019-06-12 21:47:57,427 INFO  server.RaftServerConfigKeys (ConfUtils.java:logGet(43)) - raft.server.log.write.buffer.size = 33554432 (custom)
2019-06-12 21:47:57,427 INFO  server.RaftServerConfigKeys (ConfUtils.java:logGet(43)) - raft.server.log.force.sync.num = 128 (default)
2019-06-12 21:47:57,427 INFO  server.RaftServerConfigKeys (ConfUtils.java:logGet(43)) - raft.server.log.statemachine.data.sync = true (default)
2019-06-12 21:47:57,427 INFO  server.RaftServerConfigKeys (ConfUtils.java:logGet(43)) - raft.server.log.statemachine.data.sync.timeout = 10s (default)
2019-06-12 21:47:57,427 INFO  server.RaftServerConfigKeys (ConfUtils.java:logGet(43)) - raft.server.log.statemachine.data.sync.timeout.retry = -1 (default)
2019-06-12 21:47:57,428 INFO  server.RaftServerConfigKeys (ConfUtils.java:logGet(43)) - raft.server.log.statemachine.data.caching.enabled = true (custom)
2019-06-12 21:47:57,428 INFO  server.RaftServerConfigKeys (ConfUtils.java:logGet(43)) - raft.server.snapshot.auto.trigger.enabled = true (custom)
2019-06-12 21:47:57,428 INFO  server.RaftServerConfigKeys (ConfUtils.java:logGet(43)) - raft.server.snapshot.auto.trigger.threshold = 10000 (custom)
2019-06-12 21:47:57,428 INFO  server.RaftServerConfigKeys (ConfUtils.java:logGet(43)) - raft.server.retrycache.expirytime = 600000ms (custom)
2019-06-12 21:47:57,428 INFO  impl.RaftServerImpl (RaftServerImpl.java:start(173)) - c6f0f828-6798-45c2-a095-b95bf4033cc5: start group-957A47848952
2019-06-12 21:47:57,428 INFO  impl.RaftServerImpl (RaftServerImpl.java:setRole(164)) - c6f0f828-6798-45c2-a095-b95bf4033cc5:group-957A47848952 changes role from null to FOLLOWER at term 0 for startAsFollower
2019-06-12 21:47:57,428 INFO  impl.RoleInfo (RoleInfo.java:updateAndGet(143)) - c6f0f828-6798-45c2-a095-b95bf4033cc5: start FollowerState
2019-06-12 21:47:57,429 INFO  util.JmxRegister (JmxRegister.java:tryRegister(44)) - Successfully registered JMX Bean with object name Ratis:service=RaftServer,group=group-957A47848952,id=c6f0f828-6798-45c2-a095-b95bf4033cc5
2019-06-12 21:47:57,430 INFO  pipeline.PipelineStateManager (PipelineStateManager.java:addPipeline(56)) - Created pipeline Pipeline[ Id: 0faf9236-165c-4d36-9476-957a47848952, Nodes: c6f0f828-6798-45c2-a095-b95bf4033cc5{ip: 192.168.19.22, host: ozone-v57r8-234650721, networkLocation: /default-rack, certSerialId: null}, Type:RATIS, Factor:ONE, State:OPEN]
2019-06-12 21:47:57,438 INFO  impl.RaftServerProxy (RaftServerProxy.java:addNew(89)) - c6f0f828-6798-45c2-a095-b95bf4033cc5: addNew group-55CE57255BF8:[c6f0f828-6798-45c2-a095-b95bf4033cc5:192.168.19.22:35483, 8853b7eb-282d-4857-b4d2-041d2c6c9664:192.168.19.22:36109, 8f21b568-ad9c-4aba-92e7-a17ea7551c07:192.168.19.22:45981] returns group-55CE57255BF8:java.util.concurrent.CompletableFuture@78d4cb32[Not completed]
2019-06-12 21:47:57,439 INFO  impl.RaftServerProxy (RaftServerProxy.java:addNew(89)) - 8853b7eb-282d-4857-b4d2-041d2c6c9664: addNew group-55CE57255BF8:[c6f0f828-6798-45c2-a095-b95bf4033cc5:192.168.19.22:35483, 8853b7eb-282d-4857-b4d2-041d2c6c9664:192.168.19.22:36109, 8f21b568-ad9c-4aba-92e7-a17ea7551c07:192.168.19.22:45981] returns group-55CE57255BF8:java.util.concurrent.CompletableFuture@29c0582f[Not completed]
2019-06-12 21:47:57,439 INFO  impl.RaftServerImpl (RaftServerImpl.java:<init>(91)) - c6f0f828-6798-45c2-a095-b95bf4033cc5: new RaftServerImpl for group-55CE57255BF8:[c6f0f828-6798-45c2-a095-b95bf4033cc5:192.168.19.22:35483, 8853b7eb-282d-4857-b4d2-041d2c6c9664:192.168.19.22:36109, 8f21b568-ad9c-4aba-92e7-a17ea7551c07:192.168.19.22:45981] with ContainerStateMachine:uninitialized
2019-06-12 21:47:57,439 INFO  server.RaftServerConfigKeys (ConfUtils.java:logGet(43)) - raft.server.rpc.timeout.min = 1s (custom)
2019-06-12 21:47:57,439 INFO  server.RaftServerConfigKeys (ConfUtils.java:logGet(43)) - raft.server.rpc.timeout.max = 1200ms (custom)
2019-06-12 21:47:57,439 INFO  impl.RaftServerProxy (RaftServerProxy.java:addNew(89)) - 8f21b568-ad9c-4aba-92e7-a17ea7551c07: addNew group-55CE57255BF8:[c6f0f828-6798-45c2-a095-b95bf4033cc5:192.168.19.22:35483, 8853b7eb-282d-4857-b4d2-041d2c6c9664:192.168.19.22:36109, 8f21b568-ad9c-4aba-92e7-a17ea7551c07:192.168.19.22:45981] returns group-55CE57255BF8:java.util.concurrent.CompletableFuture@36771125[Not completed]
2019-06-12 21:47:57,440 INFO  impl.RaftServerImpl (RaftServerImpl.java:<init>(91)) - 8f21b568-ad9c-4aba-92e7-a17ea7551c07: new RaftServerImpl for group-55CE57255BF8:[c6f0f828-6798-45c2-a095-b95bf4033cc5:192.168.19.22:35483, 8853b7eb-282d-4857-b4d2-041d2c6c9664:192.168.19.22:36109, 8f21b568-ad9c-4aba-92e7-a17ea7551c07:192.168.19.22:45981] with ContainerStateMachine:uninitialized
2019-06-12 21:47:57,440 INFO  server.RaftServerConfigKeys (ConfUtils.java:logGet(43)) - raft.server.rpc.timeout.min = 1s (custom)
2019-06-12 21:47:57,440 INFO  server.RaftServerConfigKeys (ConfUtils.java:logGet(43)) - raft.server.rpc.timeout.max = 1200ms (custom)
2019-06-12 21:47:57,440 INFO  server.RaftServerConfigKeys (ConfUtils.java:logGet(43)) - raft.server.rpcslowness.timeout = 120s (custom)
2019-06-12 21:47:57,440 INFO  server.RaftServerConfigKeys (ConfUtils.java:logGet(43)) - raft.server.log.appender.install.snapshot.enabled = true (default)
2019-06-12 21:47:57,440 INFO  impl.RaftServerImpl (ServerState.java:<init>(101)) - 8f21b568-ad9c-4aba-92e7-a17ea7551c07:group-55CE57255BF8 ConfigurationManager, init=-1: [c6f0f828-6798-45c2-a095-b95bf4033cc5:192.168.19.22:35483, 8853b7eb-282d-4857-b4d2-041d2c6c9664:192.168.19.22:36109, 8f21b568-ad9c-4aba-92e7-a17ea7551c07:192.168.19.22:45981], old=null, confs=<EMPTY_MAP>
2019-06-12 21:47:57,440 INFO  server.RaftServerConfigKeys (ConfUtils.java:logGet(43)) - raft.server.storage.dir = [/opt/src/hadoop-ozone/integration-test/target/test-dir/MiniOzoneClusterImpl-8c763a39-619c-4e68-a885-79e6f7439c65/datanode-4/data/ratis] (custom)
2019-06-12 21:47:57,440 INFO  storage.RaftStorageDirectory (RaftStorageDirectory.java:analyzeStorage(246)) - The storage directory /opt/src/hadoop-ozone/integration-test/target/test-dir/MiniOzoneClusterImpl-8c763a39-619c-4e68-a885-79e6f7439c65/datanode-4/data/ratis/1b184753-6582-4237-ac1a-55ce57255bf8 does not exist. Creating ...
2019-06-12 21:47:57,439 INFO  impl.RaftServerImpl (RaftServerImpl.java:<init>(91)) - 8853b7eb-282d-4857-b4d2-041d2c6c9664: new RaftServerImpl for group-55CE57255BF8:[c6f0f828-6798-45c2-a095-b95bf4033cc5:192.168.19.22:35483, 8853b7eb-282d-4857-b4d2-041d2c6c9664:192.168.19.22:36109, 8f21b568-ad9c-4aba-92e7-a17ea7551c07:192.168.19.22:45981] with ContainerStateMachine:uninitialized
2019-06-12 21:47:57,440 INFO  server.RaftServerConfigKeys (ConfUtils.java:logGet(43)) - raft.server.rpc.timeout.min = 1s (custom)
2019-06-12 21:47:57,440 INFO  server.RaftServerConfigKeys (ConfUtils.java:logGet(43)) - raft.server.rpc.timeout.max = 1200ms (custom)
2019-06-12 21:47:57,439 INFO  server.RaftServerConfigKeys (ConfUtils.java:logGet(43)) - raft.server.rpcslowness.timeout = 120s (custom)
2019-06-12 21:47:57,441 INFO  server.RaftServerConfigKeys (ConfUtils.java:logGet(43)) - raft.server.rpcslowness.timeout = 120s (custom)
2019-06-12 21:47:57,441 INFO  server.RaftServerConfigKeys (ConfUtils.java:logGet(43)) - raft.server.log.appender.install.snapshot.enabled = true (default)
2019-06-12 21:47:57,441 INFO  server.RaftServerConfigKeys (ConfUtils.java:logGet(43)) - raft.server.log.appender.install.snapshot.enabled = true (default)
2019-06-12 21:47:57,441 INFO  impl.RaftServerImpl (ServerState.java:<init>(101)) - c6f0f828-6798-45c2-a095-b95bf4033cc5:group-55CE57255BF8 ConfigurationManager, init=-1: [c6f0f828-6798-45c2-a095-b95bf4033cc5:192.168.19.22:35483, 8853b7eb-282d-4857-b4d2-041d2c6c9664:192.168.19.22:36109, 8f21b568-ad9c-4aba-92e7-a17ea7551c07:192.168.19.22:45981], old=null, confs=<EMPTY_MAP>
2019-06-12 21:47:57,441 INFO  impl.RaftServerImpl (ServerState.java:<init>(101)) - 8853b7eb-282d-4857-b4d2-041d2c6c9664:group-55CE57255BF8 ConfigurationManager, init=-1: [c6f0f828-6798-45c2-a095-b95bf4033cc5:192.168.19.22:35483, 8853b7eb-282d-4857-b4d2-041d2c6c9664:192.168.19.22:36109, 8f21b568-ad9c-4aba-92e7-a17ea7551c07:192.168.19.22:45981], old=null, confs=<EMPTY_MAP>
2019-06-12 21:47:57,441 INFO  server.RaftServerConfigKeys (ConfUtils.java:logGet(43)) - raft.server.storage.dir = [/opt/src/hadoop-ozone/integration-test/target/test-dir/MiniOzoneClusterImpl-8c763a39-619c-4e68-a885-79e6f7439c65/datanode-5/data/ratis] (custom)
2019-06-12 21:47:57,441 INFO  server.RaftServerConfigKeys (ConfUtils.java:logGet(43)) - raft.server.storage.dir = [/opt/src/hadoop-ozone/integration-test/target/test-dir/MiniOzoneClusterImpl-8c763a39-619c-4e68-a885-79e6f7439c65/datanode-3/data/ratis] (custom)
2019-06-12 21:47:57,441 INFO  storage.RaftStorageDirectory (RaftStorageDirectory.java:analyzeStorage(246)) - The storage directory /opt/src/hadoop-ozone/integration-test/target/test-dir/MiniOzoneClusterImpl-8c763a39-619c-4e68-a885-79e6f7439c65/datanode-3/data/ratis/1b184753-6582-4237-ac1a-55ce57255bf8 does not exist. Creating ...
2019-06-12 21:47:57,442 INFO  storage.RaftStorageDirectory (RaftStorageDirectory.java:analyzeStorage(246)) - The storage directory /opt/src/hadoop-ozone/integration-test/target/test-dir/MiniOzoneClusterImpl-8c763a39-619c-4e68-a885-79e6f7439c65/datanode-5/data/ratis/1b184753-6582-4237-ac1a-55ce57255bf8 does not exist. Creating ...
2019-06-12 21:47:57,442 INFO  storage.RaftStorageDirectory (RaftStorageDirectory.java:tryLock(328)) - Lock on /opt/src/hadoop-ozone/integration-test/target/test-dir/MiniOzoneClusterImpl-8c763a39-619c-4e68-a885-79e6f7439c65/datanode-4/data/ratis/1b184753-6582-4237-ac1a-55ce57255bf8/in_use.lock acquired by nodename 14039@ozone-v57r8-234650721
2019-06-12 21:47:57,444 INFO  storage.RaftStorageDirectory (RaftStorageDirectory.java:tryLock(328)) - Lock on /opt/src/hadoop-ozone/integration-test/target/test-dir/MiniOzoneClusterImpl-8c763a39-619c-4e68-a885-79e6f7439c65/datanode-3/data/ratis/1b184753-6582-4237-ac1a-55ce57255bf8/in_use.lock acquired by nodename 14039@ozone-v57r8-234650721
2019-06-12 21:47:57,444 INFO  storage.RaftStorageDirectory (RaftStorageDirectory.java:tryLock(328)) - Lock on /opt/src/hadoop-ozone/integration-test/target/test-dir/MiniOzoneClusterImpl-8c763a39-619c-4e68-a885-79e6f7439c65/datanode-5/data/ratis/1b184753-6582-4237-ac1a-55ce57255bf8/in_use.lock acquired by nodename 14039@ozone-v57r8-234650721
2019-06-12 21:47:57,445 INFO  storage.RaftStorage (RaftStorage.java:format(75)) - Storage directory /opt/src/hadoop-ozone/integration-test/target/test-dir/MiniOzoneClusterImpl-8c763a39-619c-4e68-a885-79e6f7439c65/datanode-4/data/ratis/1b184753-6582-4237-ac1a-55ce57255bf8 has been successfully formatted.
2019-06-12 21:47:57,445 INFO  ratis.ContainerStateMachine (ContainerStateMachine.java:loadSnapshot(199)) - The snapshot info is null.Setting the last applied index to:(t:0, i:~)
2019-06-12 21:47:57,445 INFO  server.RaftServerConfigKeys (ConfUtils.java:logGet(43)) - raft.server.leader.election.timeout = 120s (custom)
2019-06-12 21:47:57,445 INFO  server.RaftServerConfigKeys (ConfUtils.java:logGet(43)) - raft.server.log.use.memory = false (default)
2019-06-12 21:47:57,445 INFO  server.RaftServerConfigKeys (ConfUtils.java:logGet(43)) - raft.server.log.appender.buffer.byte-limit = 33554432 (custom)
2019-06-12 21:47:57,445 INFO  server.RaftServerConfigKeys (ConfUtils.java:logGet(43)) - raft.server.log.segment.size.max = 16384 (custom)
2019-06-12 21:47:57,445 INFO  server.RaftServerConfigKeys (ConfUtils.java:logGet(43)) - raft.server.log.segment.cache.num.max = 2 (custom)
2019-06-12 21:47:57,445 INFO  storage.RaftLogWorker (RaftLogWorker.java:<init>(123)) - new 8f21b568-ad9c-4aba-92e7-a17ea7551c07-RaftLogWorker for Storage Directory /opt/src/hadoop-ozone/integration-test/target/test-dir/MiniOzoneClusterImpl-8c763a39-619c-4e68-a885-79e6f7439c65/datanode-4/data/ratis/1b184753-6582-4237-ac1a-55ce57255bf8
2019-06-12 21:47:57,445 INFO  server.RaftServerConfigKeys (ConfUtils.java:logGet(43)) - raft.server.log.queue.byte-limit = 2147483647 (custom)
2019-06-12 21:47:57,445 INFO  server.RaftServerConfigKeys (ConfUtils.java:logGet(43)) - raft.server.log.queue.element-limit = 1024 (custom)
2019-06-12 21:47:57,446 INFO  server.RaftServerConfigKeys (ConfUtils.java:logGet(43)) - raft.server.log.segment.size.max = 16384 (custom)
2019-06-12 21:47:57,446 INFO  server.RaftServerConfigKeys (ConfUtils.java:logGet(43)) - raft.server.log.preallocated.size = 16384 (custom)
2019-06-12 21:47:57,446 INFO  server.RaftServerConfigKeys (ConfUtils.java:logGet(43)) - raft.server.log.write.buffer.size = 33554432 (custom)
2019-06-12 21:47:57,446 INFO  server.RaftServerConfigKeys (ConfUtils.java:logGet(43)) - raft.server.log.force.sync.num = 128 (default)
2019-06-12 21:47:57,446 INFO  server.RaftServerConfigKeys (ConfUtils.java:logGet(43)) - raft.server.log.statemachine.data.sync = true (default)
2019-06-12 21:47:57,446 INFO  server.RaftServerConfigKeys (ConfUtils.java:logGet(43)) - raft.server.log.statemachine.data.sync.timeout = 10s (default)
2019-06-12 21:47:57,446 INFO  server.RaftServerConfigKeys (ConfUtils.java:logGet(43)) - raft.server.log.statemachine.data.sync.timeout.retry = -1 (default)
2019-06-12 21:47:57,446 INFO  server.RaftServerConfigKeys (ConfUtils.java:logGet(43)) - raft.server.log.statemachine.data.caching.enabled = true (custom)
2019-06-12 21:47:57,446 INFO  storage.RaftStorage (RaftStorage.java:format(75)) - Storage directory /opt/src/hadoop-ozone/integration-test/target/test-dir/MiniOzoneClusterImpl-8c763a39-619c-4e68-a885-79e6f7439c65/datanode-5/data/ratis/1b184753-6582-4237-ac1a-55ce57255bf8 has been successfully formatted.
2019-06-12 21:47:57,446 INFO  storage.RaftStorage (RaftStorage.java:format(75)) - Storage directory /opt/src/hadoop-ozone/integration-test/target/test-dir/MiniOzoneClusterImpl-8c763a39-619c-4e68-a885-79e6f7439c65/datanode-3/data/ratis/1b184753-6582-4237-ac1a-55ce57255bf8 has been successfully formatted.
2019-06-12 21:47:57,446 INFO  ratis.ContainerStateMachine (ContainerStateMachine.java:loadSnapshot(199)) - The snapshot info is null.Setting the last applied index to:(t:0, i:~)
2019-06-12 21:47:57,446 INFO  ratis.ContainerStateMachine (ContainerStateMachine.java:loadSnapshot(199)) - The snapshot info is null.Setting the last applied index to:(t:0, i:~)
2019-06-12 21:47:57,446 INFO  server.RaftServerConfigKeys (ConfUtils.java:logGet(43)) - raft.server.leader.election.timeout = 120s (custom)
2019-06-12 21:47:57,447 INFO  server.RaftServerConfigKeys (ConfUtils.java:logGet(43)) - raft.server.snapshot.auto.trigger.enabled = true (custom)
2019-06-12 21:47:57,447 INFO  server.RaftServerConfigKeys (ConfUtils.java:logGet(43)) - raft.server.leader.election.timeout = 120s (custom)
2019-06-12 21:47:57,447 INFO  server.RaftServerConfigKeys (ConfUtils.java:logGet(43)) - raft.server.snapshot.auto.trigger.threshold = 10000 (custom)
2019-06-12 21:47:57,447 INFO  server.RaftServerConfigKeys (ConfUtils.java:logGet(43)) - raft.server.log.use.memory = false (default)
2019-06-12 21:47:57,447 INFO  server.RaftServerConfigKeys (ConfUtils.java:logGet(43)) - raft.server.retrycache.expirytime = 600000ms (custom)
2019-06-12 21:47:57,447 INFO  server.RaftServerConfigKeys (ConfUtils.java:logGet(43)) - raft.server.log.use.memory = false (default)
2019-06-12 21:47:57,447 INFO  impl.RaftServerImpl (RaftServerImpl.java:start(173)) - 8f21b568-ad9c-4aba-92e7-a17ea7551c07: start group-55CE57255BF8
2019-06-12 21:47:57,447 INFO  server.RaftServerConfigKeys (ConfUtils.java:logGet(43)) - raft.server.log.appender.buffer.byte-limit = 33554432 (custom)
2019-06-12 21:47:57,447 INFO  impl.RaftServerImpl (RaftServerImpl.java:setRole(164)) - 8f21b568-ad9c-4aba-92e7-a17ea7551c07:group-55CE57255BF8 changes role from null to FOLLOWER at term 0 for startAsFollower
2019-06-12 21:47:57,447 INFO  server.RaftServerConfigKeys (ConfUtils.java:logGet(43)) - raft.server.log.appender.buffer.byte-limit = 33554432 (custom)
2019-06-12 21:47:57,447 INFO  impl.RoleInfo (RoleInfo.java:updateAndGet(143)) - 8f21b568-ad9c-4aba-92e7-a17ea7551c07: start FollowerState
2019-06-12 21:47:57,447 INFO  server.RaftServerConfigKeys (ConfUtils.java:logGet(43)) - raft.server.log.segment.size.max = 16384 (custom)
2019-06-12 21:47:57,447 INFO  server.RaftServerConfigKeys (ConfUtils.java:logGet(43)) - raft.server.log.segment.size.max = 16384 (custom)
2019-06-12 21:47:57,447 INFO  server.RaftServerConfigKeys (ConfUtils.java:logGet(43)) - raft.server.log.segment.cache.num.max = 2 (custom)
2019-06-12 21:47:57,448 INFO  storage.RaftLogWorker (RaftLogWorker.java:<init>(123)) - new 8853b7eb-282d-4857-b4d2-041d2c6c9664-RaftLogWorker for Storage Directory /opt/src/hadoop-ozone/integration-test/target/test-dir/MiniOzoneClusterImpl-8c763a39-619c-4e68-a885-79e6f7439c65/datanode-3/data/ratis/1b184753-6582-4237-ac1a-55ce57255bf8
2019-06-12 21:47:57,448 INFO  server.RaftServerConfigKeys (ConfUtils.java:logGet(43)) - raft.server.log.queue.byte-limit = 2147483647 (custom)
2019-06-12 21:47:57,448 INFO  server.RaftServerConfigKeys (ConfUtils.java:logGet(43)) - raft.server.log.queue.element-limit = 1024 (custom)
2019-06-12 21:47:57,448 INFO  server.RaftServerConfigKeys (ConfUtils.java:logGet(43)) - raft.server.log.segment.size.max = 16384 (custom)
2019-06-12 21:47:57,448 INFO  server.RaftServerConfigKeys (ConfUtils.java:logGet(43)) - raft.server.log.preallocated.size = 16384 (custom)
2019-06-12 21:47:57,448 INFO  server.RaftServerConfigKeys (ConfUtils.java:logGet(43)) - raft.server.log.write.buffer.size = 33554432 (custom)
2019-06-12 21:47:57,448 INFO  server.RaftServerConfigKeys (ConfUtils.java:logGet(43)) - raft.server.log.force.sync.num = 128 (default)
2019-06-12 21:47:57,448 INFO  server.RaftServerConfigKeys (ConfUtils.java:logGet(43)) - raft.server.log.statemachine.data.sync = true (default)
2019-06-12 21:47:57,448 INFO  server.RaftServerConfigKeys (ConfUtils.java:logGet(43)) - raft.server.log.statemachine.data.sync.timeout = 10s (default)
2019-06-12 21:47:57,448 INFO  server.RaftServerConfigKeys (ConfUtils.java:logGet(43)) - raft.server.log.statemachine.data.sync.timeout.retry = -1 (default)
2019-06-12 21:47:57,448 INFO  server.RaftServerConfigKeys (ConfUtils.java:logGet(43)) - raft.server.log.statemachine.data.caching.enabled = true (custom)
2019-06-12 21:47:57,447 INFO  server.RaftServerConfigKeys (ConfUtils.java:logGet(43)) - raft.server.log.segment.cache.num.max = 2 (custom)
2019-06-12 21:47:57,448 INFO  server.RaftServerConfigKeys (ConfUtils.java:logGet(43)) - raft.server.snapshot.auto.trigger.enabled = true (custom)
2019-06-12 21:47:57,449 INFO  server.RaftServerConfigKeys (ConfUtils.java:logGet(43)) - raft.server.snapshot.auto.trigger.threshold = 10000 (custom)
2019-06-12 21:47:57,448 INFO  util.JmxRegister (JmxRegister.java:tryRegister(44)) - Successfully registered JMX Bean with object name Ratis:service=RaftServer,group=group-55CE57255BF8,id=8f21b568-ad9c-4aba-92e7-a17ea7551c07
2019-06-12 21:47:57,449 INFO  server.RaftServerConfigKeys (ConfUtils.java:logGet(43)) - raft.server.retrycache.expirytime = 600000ms (custom)
2019-06-12 21:47:57,449 INFO  impl.RaftServerImpl (RaftServerImpl.java:start(173)) - 8853b7eb-282d-4857-b4d2-041d2c6c9664: start group-55CE57255BF8
2019-06-12 21:47:57,448 INFO  storage.RaftLogWorker (RaftLogWorker.java:<init>(123)) - new c6f0f828-6798-45c2-a095-b95bf4033cc5-RaftLogWorker for Storage Directory /opt/src/hadoop-ozone/integration-test/target/test-dir/MiniOzoneClusterImpl-8c763a39-619c-4e68-a885-79e6f7439c65/datanode-5/data/ratis/1b184753-6582-4237-ac1a-55ce57255bf8
2019-06-12 21:47:57,449 INFO  server.RaftServerConfigKeys (ConfUtils.java:logGet(43)) - raft.server.log.queue.byte-limit = 2147483647 (custom)
2019-06-12 21:47:57,449 INFO  impl.RaftServerImpl (RaftServerImpl.java:setRole(164)) - 8853b7eb-282d-4857-b4d2-041d2c6c9664:group-55CE57255BF8 changes role from null to FOLLOWER at term 0 for startAsFollower
2019-06-12 21:47:57,449 INFO  server.RaftServerConfigKeys (ConfUtils.java:logGet(43)) - raft.server.log.queue.element-limit = 1024 (custom)
2019-06-12 21:47:57,449 INFO  impl.RoleInfo (RoleInfo.java:updateAndGet(143)) - 8853b7eb-282d-4857-b4d2-041d2c6c9664: start FollowerState
2019-06-12 21:47:57,450 INFO  util.JmxRegister (JmxRegister.java:tryRegister(44)) - Successfully registered JMX Bean with object name Ratis:service=RaftServer,group=group-55CE57255BF8,id=8853b7eb-282d-4857-b4d2-041d2c6c9664
2019-06-12 21:47:57,449 INFO  server.RaftServerConfigKeys (ConfUtils.java:logGet(43)) - raft.server.log.segment.size.max = 16384 (custom)
2019-06-12 21:47:57,450 INFO  server.RaftServerConfigKeys (ConfUtils.java:logGet(43)) - raft.server.log.preallocated.size = 16384 (custom)
2019-06-12 21:47:57,450 INFO  server.RaftServerConfigKeys (ConfUtils.java:logGet(43)) - raft.server.log.write.buffer.size = 33554432 (custom)
2019-06-12 21:47:57,450 INFO  server.RaftServerConfigKeys (ConfUtils.java:logGet(43)) - raft.server.log.force.sync.num = 128 (default)
2019-06-12 21:47:57,451 INFO  server.RaftServerConfigKeys (ConfUtils.java:logGet(43)) - raft.server.log.statemachine.data.sync = true (default)
2019-06-12 21:47:57,451 INFO  server.RaftServerConfigKeys (ConfUtils.java:logGet(43)) - raft.server.log.statemachine.data.sync.timeout = 10s (default)
2019-06-12 21:47:57,451 INFO  server.RaftServerConfigKeys (ConfUtils.java:logGet(43)) - raft.server.log.statemachine.data.sync.timeout.retry = -1 (default)
2019-06-12 21:47:57,451 INFO  server.RaftServerConfigKeys (ConfUtils.java:logGet(43)) - raft.server.log.statemachine.data.caching.enabled = true (custom)
2019-06-12 21:47:57,451 INFO  server.RaftServerConfigKeys (ConfUtils.java:logGet(43)) - raft.server.snapshot.auto.trigger.enabled = true (custom)
2019-06-12 21:47:57,451 INFO  server.RaftServerConfigKeys (ConfUtils.java:logGet(43)) - raft.server.snapshot.auto.trigger.threshold = 10000 (custom)
2019-06-12 21:47:57,451 INFO  server.RaftServerConfigKeys (ConfUtils.java:logGet(43)) - raft.server.retrycache.expirytime = 600000ms (custom)
2019-06-12 21:47:57,451 INFO  impl.RaftServerImpl (RaftServerImpl.java:start(173)) - c6f0f828-6798-45c2-a095-b95bf4033cc5: start group-55CE57255BF8
2019-06-12 21:47:57,451 INFO  impl.RaftServerImpl (RaftServerImpl.java:setRole(164)) - c6f0f828-6798-45c2-a095-b95bf4033cc5:group-55CE57255BF8 changes role from null to FOLLOWER at term 0 for startAsFollower
2019-06-12 21:47:57,452 INFO  impl.RoleInfo (RoleInfo.java:updateAndGet(143)) - c6f0f828-6798-45c2-a095-b95bf4033cc5: start FollowerState
2019-06-12 21:47:57,452 INFO  util.JmxRegister (JmxRegister.java:tryRegister(44)) - Successfully registered JMX Bean with object name Ratis:service=RaftServer,group=group-55CE57255BF8,id=c6f0f828-6798-45c2-a095-b95bf4033cc5
2019-06-12 21:47:57,453 INFO  pipeline.PipelineStateManager (PipelineStateManager.java:addPipeline(56)) - Created pipeline Pipeline[ Id: 1b184753-6582-4237-ac1a-55ce57255bf8, Nodes: 8f21b568-ad9c-4aba-92e7-a17ea7551c07{ip: 192.168.19.22, host: ozone-v57r8-234650721, networkLocation: /default-rack, certSerialId: null}8853b7eb-282d-4857-b4d2-041d2c6c9664{ip: 192.168.19.22, host: ozone-v57r8-234650721, networkLocation: /default-rack, certSerialId: null}c6f0f828-6798-45c2-a095-b95bf4033cc5{ip: 192.168.19.22, host: ozone-v57r8-234650721, networkLocation: /default-rack, certSerialId: null}, Type:RATIS, Factor:THREE, State:OPEN]
2019-06-12 21:47:57,770 INFO  impl.FollowerState (FollowerState.java:run(101)) - 75f66b7a-a545-4e41-a358-f14ef20d0d10:group-24CD599A9C0E changes to CANDIDATE, lastRpcTime:1173, electionTimeout:1173ms
2019-06-12 21:47:57,770 INFO  impl.RoleInfo (RoleInfo.java:shutdownFollowerState(121)) - 75f66b7a-a545-4e41-a358-f14ef20d0d10: shutdown FollowerState
2019-06-12 21:47:57,770 INFO  impl.RaftServerImpl (RaftServerImpl.java:setRole(164)) - 75f66b7a-a545-4e41-a358-f14ef20d0d10:group-24CD599A9C0E changes role from FOLLOWER to CANDIDATE at term 0 for changeToCandidate
2019-06-12 21:47:57,770 INFO  impl.RoleInfo (RoleInfo.java:updateAndGet(143)) - 75f66b7a-a545-4e41-a358-f14ef20d0d10: start LeaderElection
2019-06-12 21:47:57,776 INFO  impl.LeaderElection (LeaderElection.java:askForVotes(181)) - 75f66b7a-a545-4e41-a358-f14ef20d0d10:group-24CD599A9C0E:LeaderElection41: begin an election at term 1 for -1: [75f66b7a-a545-4e41-a358-f14ef20d0d10:192.168.19.22:33535], old=null
2019-06-12 21:47:57,776 INFO  impl.RoleInfo (RoleInfo.java:shutdownLeaderElection(134)) - 75f66b7a-a545-4e41-a358-f14ef20d0d10: shutdown LeaderElection
2019-06-12 21:47:57,776 INFO  impl.RaftServerImpl (RaftServerImpl.java:setRole(164)) - 75f66b7a-a545-4e41-a358-f14ef20d0d10:group-24CD599A9C0E changes role from CANDIDATE to LEADER at term 1 for changeToLeader
2019-06-12 21:47:57,776 INFO  impl.RaftServerImpl (ServerState.java:setLeader(263)) - 75f66b7a-a545-4e41-a358-f14ef20d0d10:group-24CD599A9C0E change Leader from null to 75f66b7a-a545-4e41-a358-f14ef20d0d10 at term 1 for becomeLeader, leader elected after 1182ms
2019-06-12 21:47:57,776 INFO  server.RaftServerConfigKeys (ConfUtils.java:logGet(43)) - raft.server.staging.catchup.gap = 1000 (default)
2019-06-12 21:47:57,776 INFO  server.RaftServerConfigKeys (ConfUtils.java:logGet(43)) - raft.server.rpc.sleep.time = 25ms (default)
2019-06-12 21:47:57,776 INFO  server.RaftServerConfigKeys (ConfUtils.java:logGet(43)) - raft.server.watch.timeout = 10s (default)
2019-06-12 21:47:57,776 INFO  server.RaftServerConfigKeys (ConfUtils.java:logGet(43)) - raft.server.watch.timeout.denomination = 1s (default)
2019-06-12 21:47:57,777 INFO  impl.RoleInfo (RoleInfo.java:updateAndGet(143)) - 75f66b7a-a545-4e41-a358-f14ef20d0d10: start LeaderState
2019-06-12 21:47:57,777 INFO  storage.RaftLogWorker (RaftLogWorker.java:startLogSegment(298)) - 75f66b7a-a545-4e41-a358-f14ef20d0d10-RaftLogWorker: Starting segment from index:0
2019-06-12 21:47:57,777 INFO  impl.RaftServerImpl (ServerState.java:setRaftConf(361)) - 75f66b7a-a545-4e41-a358-f14ef20d0d10:group-24CD599A9C0E set configuration 0: [75f66b7a-a545-4e41-a358-f14ef20d0d10:192.168.19.22:33535], old=null at 0
2019-06-12 21:47:57,812 INFO  storage.RaftLogWorker (RaftLogWorker.java:execute(469)) - 75f66b7a-a545-4e41-a358-f14ef20d0d10-RaftLogWorker: created new log segment /opt/src/hadoop-ozone/integration-test/target/test-dir/MiniOzoneClusterImpl-8c763a39-619c-4e68-a885-79e6f7439c65/datanode-0/data/ratis/4bb97413-9ab6-4f29-a7b5-24cd599a9c0e/current/log_inprogress_0
2019-06-12 21:47:57,893 INFO  impl.FollowerState (FollowerState.java:run(101)) - 0f87377a-22cf-4012-8963-ececdd868e1a:group-F90FD9796E8C changes to CANDIDATE, lastRpcTime:1085, electionTimeout:1085ms
2019-06-12 21:47:57,893 INFO  impl.RoleInfo (RoleInfo.java:shutdownFollowerState(121)) - 0f87377a-22cf-4012-8963-ececdd868e1a: shutdown FollowerState
2019-06-12 21:47:57,893 INFO  impl.RaftServerImpl (RaftServerImpl.java:setRole(164)) - 0f87377a-22cf-4012-8963-ececdd868e1a:group-F90FD9796E8C changes role from FOLLOWER to CANDIDATE at term 0 for changeToCandidate
2019-06-12 21:47:57,893 INFO  impl.RoleInfo (RoleInfo.java:updateAndGet(143)) - 0f87377a-22cf-4012-8963-ececdd868e1a: start LeaderElection
2019-06-12 21:47:57,898 INFO  impl.LeaderElection (LeaderElection.java:askForVotes(181)) - 0f87377a-22cf-4012-8963-ececdd868e1a:group-F90FD9796E8C:LeaderElection42: begin an election at term 1 for -1: [0f87377a-22cf-4012-8963-ececdd868e1a:192.168.19.22:46727], old=null
2019-06-12 21:47:57,899 INFO  impl.RoleInfo (RoleInfo.java:shutdownLeaderElection(134)) - 0f87377a-22cf-4012-8963-ececdd868e1a: shutdown LeaderElection
2019-06-12 21:47:57,899 INFO  impl.RaftServerImpl (RaftServerImpl.java:setRole(164)) - 0f87377a-22cf-4012-8963-ececdd868e1a:group-F90FD9796E8C changes role from CANDIDATE to LEADER at term 1 for changeToLeader
2019-06-12 21:47:57,899 INFO  impl.RaftServerImpl (ServerState.java:setLeader(263)) - 0f87377a-22cf-4012-8963-ececdd868e1a:group-F90FD9796E8C change Leader from null to 0f87377a-22cf-4012-8963-ececdd868e1a at term 1 for becomeLeader, leader elected after 1093ms
2019-06-12 21:47:57,899 INFO  server.RaftServerConfigKeys (ConfUtils.java:logGet(43)) - raft.server.staging.catchup.gap = 1000 (default)
2019-06-12 21:47:57,899 INFO  server.RaftServerConfigKeys (ConfUtils.java:logGet(43)) - raft.server.rpc.sleep.time = 25ms (default)
2019-06-12 21:47:57,899 INFO  server.RaftServerConfigKeys (ConfUtils.java:logGet(43)) - raft.server.watch.timeout = 10s (default)
2019-06-12 21:47:57,899 INFO  server.RaftServerConfigKeys (ConfUtils.java:logGet(43)) - raft.server.watch.timeout.denomination = 1s (default)
2019-06-12 21:47:57,899 INFO  impl.RoleInfo (RoleInfo.java:updateAndGet(143)) - 0f87377a-22cf-4012-8963-ececdd868e1a: start LeaderState
2019-06-12 21:47:57,899 INFO  storage.RaftLogWorker (RaftLogWorker.java:startLogSegment(298)) - 0f87377a-22cf-4012-8963-ececdd868e1a-RaftLogWorker: Starting segment from index:0
2019-06-12 21:47:57,900 INFO  impl.RaftServerImpl (ServerState.java:setRaftConf(361)) - 0f87377a-22cf-4012-8963-ececdd868e1a:group-F90FD9796E8C set configuration 0: [0f87377a-22cf-4012-8963-ececdd868e1a:192.168.19.22:46727], old=null at 0
2019-06-12 21:47:57,934 INFO  storage.RaftLogWorker (RaftLogWorker.java:execute(469)) - 0f87377a-22cf-4012-8963-ececdd868e1a-RaftLogWorker: created new log segment /opt/src/hadoop-ozone/integration-test/target/test-dir/MiniOzoneClusterImpl-8c763a39-619c-4e68-a885-79e6f7439c65/datanode-1/data/ratis/093774a9-7a33-4245-84fb-f90fd9796e8c/current/log_inprogress_0
2019-06-12 21:47:58,058 INFO  impl.FollowerState (FollowerState.java:run(101)) - 1c156bfb-2bcc-4b8c-9108-3d9a31101152:group-851FEEC25BB1 changes to CANDIDATE, lastRpcTime:1077, electionTimeout:1077ms
2019-06-12 21:47:58,058 INFO  impl.RoleInfo (RoleInfo.java:shutdownFollowerState(121)) - 1c156bfb-2bcc-4b8c-9108-3d9a31101152: shutdown FollowerState
2019-06-12 21:47:58,058 INFO  impl.RaftServerImpl (RaftServerImpl.java:setRole(164)) - 1c156bfb-2bcc-4b8c-9108-3d9a31101152:group-851FEEC25BB1 changes role from FOLLOWER to CANDIDATE at term 0 for changeToCandidate
2019-06-12 21:47:58,058 INFO  impl.RoleInfo (RoleInfo.java:updateAndGet(143)) - 1c156bfb-2bcc-4b8c-9108-3d9a31101152: start LeaderElection
2019-06-12 21:47:58,064 INFO  impl.LeaderElection (LeaderElection.java:askForVotes(181)) - 1c156bfb-2bcc-4b8c-9108-3d9a31101152:group-851FEEC25BB1:LeaderElection43: begin an election at term 1 for -1: [75f66b7a-a545-4e41-a358-f14ef20d0d10:192.168.19.22:33535, 1c156bfb-2bcc-4b8c-9108-3d9a31101152:192.168.19.22:45131, 0f87377a-22cf-4012-8963-ececdd868e1a:192.168.19.22:46727], old=null
2019-06-12 21:47:58,075 INFO  impl.RaftServerImpl (RaftServerImpl.java:setRole(164)) - 75f66b7a-a545-4e41-a358-f14ef20d0d10:group-851FEEC25BB1 changes role from FOLLOWER to FOLLOWER at term 1 for recognizeCandidate:1c156bfb-2bcc-4b8c-9108-3d9a31101152
2019-06-12 21:47:58,076 INFO  impl.RoleInfo (RoleInfo.java:shutdownFollowerState(121)) - 75f66b7a-a545-4e41-a358-f14ef20d0d10: shutdown FollowerState
2019-06-12 21:47:58,076 INFO  impl.RoleInfo (RoleInfo.java:updateAndGet(143)) - 75f66b7a-a545-4e41-a358-f14ef20d0d10: start FollowerState
2019-06-12 21:47:58,076 INFO  impl.FollowerState (FollowerState.java:run(109)) - 75f66b7a-a545-4e41-a358-f14ef20d0d10: FollowerState was interrupted: java.lang.InterruptedException: sleep interrupted
2019-06-12 21:47:58,081 INFO  impl.RaftServerImpl (RaftServerImpl.java:setRole(164)) - 0f87377a-22cf-4012-8963-ececdd868e1a:group-851FEEC25BB1 changes role from FOLLOWER to FOLLOWER at term 1 for recognizeCandidate:1c156bfb-2bcc-4b8c-9108-3d9a31101152
2019-06-12 21:47:58,081 INFO  impl.RoleInfo (RoleInfo.java:shutdownFollowerState(121)) - 0f87377a-22cf-4012-8963-ececdd868e1a: shutdown FollowerState
2019-06-12 21:47:58,081 INFO  impl.RoleInfo (RoleInfo.java:updateAndGet(143)) - 0f87377a-22cf-4012-8963-ececdd868e1a: start FollowerState
2019-06-12 21:47:58,081 INFO  impl.FollowerState (FollowerState.java:run(109)) - 0f87377a-22cf-4012-8963-ececdd868e1a: FollowerState was interrupted: java.lang.InterruptedException: sleep interrupted
2019-06-12 21:47:58,082 INFO  impl.LeaderElection (LeaderElection.java:logAndReturn(56)) - 1c156bfb-2bcc-4b8c-9108-3d9a31101152:group-851FEEC25BB1:LeaderElection43: Election PASSED; received 1 response(s) [1c156bfb-2bcc-4b8c-9108-3d9a31101152->75f66b7a-a545-4e41-a358-f14ef20d0d10,true-t1] and 0 exception(s); 1c156bfb-2bcc-4b8c-9108-3d9a31101152:t1, leader=null, voted=1c156bfb-2bcc-4b8c-9108-3d9a31101152, raftlog=1c156bfb-2bcc-4b8c-9108-3d9a31101152-SegmentedRaftLog:OPENED:c-1,f-1,i0, conf=-1: [75f66b7a-a545-4e41-a358-f14ef20d0d10:192.168.19.22:33535, 1c156bfb-2bcc-4b8c-9108-3d9a31101152:192.168.19.22:45131, 0f87377a-22cf-4012-8963-ececdd868e1a:192.168.19.22:46727], old=null
2019-06-12 21:47:58,082 INFO  impl.RoleInfo (RoleInfo.java:shutdownLeaderElection(134)) - 1c156bfb-2bcc-4b8c-9108-3d9a31101152: shutdown LeaderElection
2019-06-12 21:47:58,083 INFO  impl.RaftServerImpl (RaftServerImpl.java:setRole(164)) - 1c156bfb-2bcc-4b8c-9108-3d9a31101152:group-851FEEC25BB1 changes role from CANDIDATE to LEADER at term 1 for changeToLeader
2019-06-12 21:47:58,083 INFO  impl.RaftServerImpl (ServerState.java:setLeader(263)) - 1c156bfb-2bcc-4b8c-9108-3d9a31101152:group-851FEEC25BB1 change Leader from null to 1c156bfb-2bcc-4b8c-9108-3d9a31101152 at term 1 for becomeLeader, leader elected after 1106ms
2019-06-12 21:47:58,083 INFO  server.RaftServerConfigKeys (ConfUtils.java:logGet(43)) - raft.server.staging.catchup.gap = 1000 (default)
2019-06-12 21:47:58,083 INFO  server.RaftServerConfigKeys (ConfUtils.java:logGet(43)) - raft.server.rpc.sleep.time = 25ms (default)
2019-06-12 21:47:58,083 INFO  server.RaftServerConfigKeys (ConfUtils.java:logGet(43)) - raft.server.watch.timeout = 10s (default)
2019-06-12 21:47:58,083 INFO  server.RaftServerConfigKeys (ConfUtils.java:logGet(43)) - raft.server.watch.timeout.denomination = 1s (default)
2019-06-12 21:47:58,083 INFO  server.RaftServerConfigKeys (ConfUtils.java:logGet(43)) - raft.server.log.appender.snapshot.chunk.size.max = 16MB (=16777216) (default)
2019-06-12 21:47:58,084 INFO  server.RaftServerConfigKeys (ConfUtils.java:logGet(43)) - raft.server.log.appender.buffer.byte-limit = 33554432 (custom)
2019-06-12 21:47:58,084 INFO  server.RaftServerConfigKeys (ConfUtils.java:logGet(43)) - raft.server.log.appender.buffer.element-limit = 1 (custom)
2019-06-12 21:47:58,085 INFO  grpc.GrpcConfigKeys$Server (ConfUtils.java:logGet(43)) - raft.grpc.server.leader.outstanding.appends.max = 128 (default)
2019-06-12 21:47:58,085 INFO  server.RaftServerConfigKeys (ConfUtils.java:logGet(43)) - raft.server.rpc.request.timeout = 3000ms (default)
2019-06-12 21:47:58,085 INFO  server.RaftServerConfigKeys (ConfUtils.java:logGet(43)) - raft.server.log.appender.install.snapshot.enabled = true (default)
2019-06-12 21:47:58,085 INFO  server.RaftServerConfigKeys (ConfUtils.java:logGet(43)) - raft.server.log.appender.snapshot.chunk.size.max = 16MB (=16777216) (default)
2019-06-12 21:47:58,085 INFO  server.RaftServerConfigKeys (ConfUtils.java:logGet(43)) - raft.server.log.appender.buffer.byte-limit = 33554432 (custom)
2019-06-12 21:47:58,085 INFO  server.RaftServerConfigKeys (ConfUtils.java:logGet(43)) - raft.server.log.appender.buffer.element-limit = 1 (custom)
2019-06-12 21:47:58,085 INFO  grpc.GrpcConfigKeys$Server (ConfUtils.java:logGet(43)) - raft.grpc.server.leader.outstanding.appends.max = 128 (default)
2019-06-12 21:47:58,086 INFO  server.RaftServerConfigKeys (ConfUtils.java:logGet(43)) - raft.server.rpc.request.timeout = 3000ms (default)
2019-06-12 21:47:58,086 INFO  server.RaftServerConfigKeys (ConfUtils.java:logGet(43)) - raft.server.log.appender.install.snapshot.enabled = true (default)
2019-06-12 21:47:58,086 INFO  impl.RoleInfo (RoleInfo.java:updateAndGet(143)) - 1c156bfb-2bcc-4b8c-9108-3d9a31101152: start LeaderState
2019-06-12 21:47:58,086 INFO  storage.RaftLogWorker (RaftLogWorker.java:startLogSegment(298)) - 1c156bfb-2bcc-4b8c-9108-3d9a31101152-RaftLogWorker: Starting segment from index:0
2019-06-12 21:47:58,090 INFO  impl.RaftServerImpl (ServerState.java:setRaftConf(361)) - 1c156bfb-2bcc-4b8c-9108-3d9a31101152:group-851FEEC25BB1 set configuration 0: [75f66b7a-a545-4e41-a358-f14ef20d0d10:192.168.19.22:33535, 1c156bfb-2bcc-4b8c-9108-3d9a31101152:192.168.19.22:45131, 0f87377a-22cf-4012-8963-ececdd868e1a:192.168.19.22:46727], old=null at 0
2019-06-12 21:47:58,091 INFO  impl.RaftServerImpl (ServerState.java:setLeader(263)) - 75f66b7a-a545-4e41-a358-f14ef20d0d10:group-851FEEC25BB1 change Leader from null to 1c156bfb-2bcc-4b8c-9108-3d9a31101152 at term 1 for appendEntries, leader elected after 1115ms
2019-06-12 21:47:58,109 INFO  impl.RaftServerImpl (ServerState.java:setLeader(263)) - 0f87377a-22cf-4012-8963-ececdd868e1a:group-851FEEC25BB1 change Leader from null to 1c156bfb-2bcc-4b8c-9108-3d9a31101152 at term 1 for appendEntries, leader elected after 1136ms
2019-06-12 21:47:58,111 INFO  impl.RaftServerImpl (ServerState.java:setRaftConf(361)) - 75f66b7a-a545-4e41-a358-f14ef20d0d10:group-851FEEC25BB1 set configuration 0: [75f66b7a-a545-4e41-a358-f14ef20d0d10:192.168.19.22:33535, 1c156bfb-2bcc-4b8c-9108-3d9a31101152:192.168.19.22:45131, 0f87377a-22cf-4012-8963-ececdd868e1a:192.168.19.22:46727], old=null at 0
2019-06-12 21:47:58,111 INFO  storage.RaftLogWorker (RaftLogWorker.java:startLogSegment(298)) - 75f66b7a-a545-4e41-a358-f14ef20d0d10-RaftLogWorker: Starting segment from index:0
2019-06-12 21:47:58,118 INFO  impl.RaftServerImpl (ServerState.java:setRaftConf(361)) - 0f87377a-22cf-4012-8963-ececdd868e1a:group-851FEEC25BB1 set configuration 0: [75f66b7a-a545-4e41-a358-f14ef20d0d10:192.168.19.22:33535, 1c156bfb-2bcc-4b8c-9108-3d9a31101152:192.168.19.22:45131, 0f87377a-22cf-4012-8963-ececdd868e1a:192.168.19.22:46727], old=null at 0
2019-06-12 21:47:58,119 INFO  storage.RaftLogWorker (RaftLogWorker.java:startLogSegment(298)) - 0f87377a-22cf-4012-8963-ececdd868e1a-RaftLogWorker: Starting segment from index:0
2019-06-12 21:47:58,141 INFO  storage.RaftLogWorker (RaftLogWorker.java:execute(469)) - 1c156bfb-2bcc-4b8c-9108-3d9a31101152-RaftLogWorker: created new log segment /opt/src/hadoop-ozone/integration-test/target/test-dir/MiniOzoneClusterImpl-8c763a39-619c-4e68-a885-79e6f7439c65/datanode-2/data/ratis/e99fda64-5e09-40f8-9fe7-851feec25bb1/current/log_inprogress_0
2019-06-12 21:47:58,150 INFO  impl.FollowerState (FollowerState.java:run(101)) - 1c156bfb-2bcc-4b8c-9108-3d9a31101152:group-E6A52E51A82F changes to CANDIDATE, lastRpcTime:1198, electionTimeout:1197ms
2019-06-12 21:47:58,150 INFO  impl.RoleInfo (RoleInfo.java:shutdownFollowerState(121)) - 1c156bfb-2bcc-4b8c-9108-3d9a31101152: shutdown FollowerState
2019-06-12 21:47:58,150 INFO  impl.RaftServerImpl (RaftServerImpl.java:setRole(164)) - 1c156bfb-2bcc-4b8c-9108-3d9a31101152:group-E6A52E51A82F changes role from FOLLOWER to CANDIDATE at term 0 for changeToCandidate
2019-06-12 21:47:58,150 INFO  impl.RoleInfo (RoleInfo.java:updateAndGet(143)) - 1c156bfb-2bcc-4b8c-9108-3d9a31101152: start LeaderElection
2019-06-12 21:47:58,178 INFO  storage.RaftLogWorker (RaftLogWorker.java:execute(469)) - 0f87377a-22cf-4012-8963-ececdd868e1a-RaftLogWorker: created new log segment /opt/src/hadoop-ozone/integration-test/target/test-dir/MiniOzoneClusterImpl-8c763a39-619c-4e68-a885-79e6f7439c65/datanode-1/data/ratis/e99fda64-5e09-40f8-9fe7-851feec25bb1/current/log_inprogress_0
2019-06-12 21:47:58,179 INFO  storage.RaftLogWorker (RaftLogWorker.java:execute(469)) - 75f66b7a-a545-4e41-a358-f14ef20d0d10-RaftLogWorker: created new log segment /opt/src/hadoop-ozone/integration-test/target/test-dir/MiniOzoneClusterImpl-8c763a39-619c-4e68-a885-79e6f7439c65/datanode-0/data/ratis/e99fda64-5e09-40f8-9fe7-851feec25bb1/current/log_inprogress_0
2019-06-12 21:47:58,183 INFO  impl.LeaderElection (LeaderElection.java:askForVotes(181)) - 1c156bfb-2bcc-4b8c-9108-3d9a31101152:group-E6A52E51A82F:LeaderElection44: begin an election at term 1 for -1: [1c156bfb-2bcc-4b8c-9108-3d9a31101152:192.168.19.22:45131], old=null
2019-06-12 21:47:58,183 INFO  impl.RoleInfo (RoleInfo.java:shutdownLeaderElection(134)) - 1c156bfb-2bcc-4b8c-9108-3d9a31101152: shutdown LeaderElection
2019-06-12 21:47:58,184 INFO  impl.RaftServerImpl (RaftServerImpl.java:setRole(164)) - 1c156bfb-2bcc-4b8c-9108-3d9a31101152:group-E6A52E51A82F changes role from CANDIDATE to LEADER at term 1 for changeToLeader
2019-06-12 21:47:58,184 INFO  impl.RaftServerImpl (ServerState.java:setLeader(263)) - 1c156bfb-2bcc-4b8c-9108-3d9a31101152:group-E6A52E51A82F change Leader from null to 1c156bfb-2bcc-4b8c-9108-3d9a31101152 at term 1 for becomeLeader, leader elected after 1235ms
2019-06-12 21:47:58,184 INFO  server.RaftServerConfigKeys (ConfUtils.java:logGet(43)) - raft.server.staging.catchup.gap = 1000 (default)
2019-06-12 21:47:58,184 INFO  server.RaftServerConfigKeys (ConfUtils.java:logGet(43)) - raft.server.rpc.sleep.time = 25ms (default)
2019-06-12 21:47:58,184 INFO  server.RaftServerConfigKeys (ConfUtils.java:logGet(43)) - raft.server.watch.timeout = 10s (default)
2019-06-12 21:47:58,184 INFO  server.RaftServerConfigKeys (ConfUtils.java:logGet(43)) - raft.server.watch.timeout.denomination = 1s (default)
2019-06-12 21:47:58,184 INFO  impl.RoleInfo (RoleInfo.java:updateAndGet(143)) - 1c156bfb-2bcc-4b8c-9108-3d9a31101152: start LeaderState
2019-06-12 21:47:58,184 INFO  storage.RaftLogWorker (RaftLogWorker.java:startLogSegment(298)) - 1c156bfb-2bcc-4b8c-9108-3d9a31101152-RaftLogWorker: Starting segment from index:0
2019-06-12 21:47:58,190 INFO  impl.RaftServerImpl (ServerState.java:setRaftConf(361)) - 1c156bfb-2bcc-4b8c-9108-3d9a31101152:group-E6A52E51A82F set configuration 0: [1c156bfb-2bcc-4b8c-9108-3d9a31101152:192.168.19.22:45131], old=null at 0
2019-06-12 21:47:58,230 INFO  storage.RaftLogWorker (RaftLogWorker.java:execute(469)) - 1c156bfb-2bcc-4b8c-9108-3d9a31101152-RaftLogWorker: created new log segment /opt/src/hadoop-ozone/integration-test/target/test-dir/MiniOzoneClusterImpl-8c763a39-619c-4e68-a885-79e6f7439c65/datanode-2/data/ratis/a6b40bcb-1976-49cd-8029-e6a52e51a82f/current/log_inprogress_0
2019-06-12 21:47:58,232 INFO  impl.FollowerState (FollowerState.java:run(101)) - 8853b7eb-282d-4857-b4d2-041d2c6c9664:group-1AEDF4DEDAC5 changes to CANDIDATE, lastRpcTime:1147, electionTimeout:1145ms
2019-06-12 21:47:58,232 INFO  impl.RoleInfo (RoleInfo.java:shutdownFollowerState(121)) - 8853b7eb-282d-4857-b4d2-041d2c6c9664: shutdown FollowerState
2019-06-12 21:47:58,233 INFO  impl.RaftServerImpl (RaftServerImpl.java:setRole(164)) - 8853b7eb-282d-4857-b4d2-041d2c6c9664:group-1AEDF4DEDAC5 changes role from FOLLOWER to CANDIDATE at term 0 for changeToCandidate
2019-06-12 21:47:58,233 INFO  impl.RoleInfo (RoleInfo.java:updateAndGet(143)) - 8853b7eb-282d-4857-b4d2-041d2c6c9664: start LeaderElection
2019-06-12 21:47:58,243 INFO  impl.LeaderElection (LeaderElection.java:askForVotes(181)) - 8853b7eb-282d-4857-b4d2-041d2c6c9664:group-1AEDF4DEDAC5:LeaderElection45: begin an election at term 1 for -1: [8853b7eb-282d-4857-b4d2-041d2c6c9664:192.168.19.22:36109], old=null
2019-06-12 21:47:58,243 INFO  impl.RoleInfo (RoleInfo.java:shutdownLeaderElection(134)) - 8853b7eb-282d-4857-b4d2-041d2c6c9664: shutdown LeaderElection
2019-06-12 21:47:58,243 INFO  impl.RaftServerImpl (RaftServerImpl.java:setRole(164)) - 8853b7eb-282d-4857-b4d2-041d2c6c9664:group-1AEDF4DEDAC5 changes role from CANDIDATE to LEADER at term 1 for changeToLeader
2019-06-12 21:47:58,243 INFO  impl.RaftServerImpl (ServerState.java:setLeader(263)) - 8853b7eb-282d-4857-b4d2-041d2c6c9664:group-1AEDF4DEDAC5 change Leader from null to 8853b7eb-282d-4857-b4d2-041d2c6c9664 at term 1 for becomeLeader, leader elected after 1160ms
2019-06-12 21:47:58,243 INFO  server.RaftServerConfigKeys (ConfUtils.java:logGet(43)) - raft.server.staging.catchup.gap = 1000 (default)
2019-06-12 21:47:58,243 INFO  server.RaftServerConfigKeys (ConfUtils.java:logGet(43)) - raft.server.rpc.sleep.time = 25ms (default)
2019-06-12 21:47:58,244 INFO  server.RaftServerConfigKeys (ConfUtils.java:logGet(43)) - raft.server.watch.timeout = 10s (default)
2019-06-12 21:47:58,244 INFO  server.RaftServerConfigKeys (ConfUtils.java:logGet(43)) - raft.server.watch.timeout.denomination = 1s (default)
2019-06-12 21:47:58,244 INFO  impl.RoleInfo (RoleInfo.java:updateAndGet(143)) - 8853b7eb-282d-4857-b4d2-041d2c6c9664: start LeaderState
2019-06-12 21:47:58,244 INFO  storage.RaftLogWorker (RaftLogWorker.java:startLogSegment(298)) - 8853b7eb-282d-4857-b4d2-041d2c6c9664-RaftLogWorker: Starting segment from index:0
2019-06-12 21:47:58,245 INFO  impl.RaftServerImpl (ServerState.java:setRaftConf(361)) - 8853b7eb-282d-4857-b4d2-041d2c6c9664:group-1AEDF4DEDAC5 set configuration 0: [8853b7eb-282d-4857-b4d2-041d2c6c9664:192.168.19.22:36109], old=null at 0
2019-06-12 21:47:58,283 INFO  storage.RaftLogWorker (RaftLogWorker.java:execute(469)) - 8853b7eb-282d-4857-b4d2-041d2c6c9664-RaftLogWorker: created new log segment /opt/src/hadoop-ozone/integration-test/target/test-dir/MiniOzoneClusterImpl-8c763a39-619c-4e68-a885-79e6f7439c65/datanode-3/data/ratis/923f165a-972b-48fa-9847-1aedf4dedac5/current/log_inprogress_0
2019-06-12 21:47:58,358 INFO  impl.FollowerState (FollowerState.java:run(101)) - 8f21b568-ad9c-4aba-92e7-a17ea7551c07:group-FE883CB8BAF1 changes to CANDIDATE, lastRpcTime:1123, electionTimeout:1123ms
2019-06-12 21:47:58,358 INFO  impl.RoleInfo (RoleInfo.java:shutdownFollowerState(121)) - 8f21b568-ad9c-4aba-92e7-a17ea7551c07: shutdown FollowerState
2019-06-12 21:47:58,358 INFO  impl.RaftServerImpl (RaftServerImpl.java:setRole(164)) - 8f21b568-ad9c-4aba-92e7-a17ea7551c07:group-FE883CB8BAF1 changes role from FOLLOWER to CANDIDATE at term 0 for changeToCandidate
2019-06-12 21:47:58,358 INFO  impl.RoleInfo (RoleInfo.java:updateAndGet(143)) - 8f21b568-ad9c-4aba-92e7-a17ea7551c07: start LeaderElection
2019-06-12 21:47:58,368 INFO  impl.LeaderElection (LeaderElection.java:askForVotes(181)) - 8f21b568-ad9c-4aba-92e7-a17ea7551c07:group-FE883CB8BAF1:LeaderElection46: begin an election at term 1 for -1: [8f21b568-ad9c-4aba-92e7-a17ea7551c07:192.168.19.22:45981], old=null
2019-06-12 21:47:58,368 INFO  impl.RoleInfo (RoleInfo.java:shutdownLeaderElection(134)) - 8f21b568-ad9c-4aba-92e7-a17ea7551c07: shutdown LeaderElection
2019-06-12 21:47:58,368 INFO  impl.RaftServerImpl (RaftServerImpl.java:setRole(164)) - 8f21b568-ad9c-4aba-92e7-a17ea7551c07:group-FE883CB8BAF1 changes role from CANDIDATE to LEADER at term 1 for changeToLeader
2019-06-12 21:47:58,369 INFO  impl.RaftServerImpl (ServerState.java:setLeader(263)) - 8f21b568-ad9c-4aba-92e7-a17ea7551c07:group-FE883CB8BAF1 change Leader from null to 8f21b568-ad9c-4aba-92e7-a17ea7551c07 at term 1 for becomeLeader, leader elected after 1135ms
2019-06-12 21:47:58,369 INFO  server.RaftServerConfigKeys (ConfUtils.java:logGet(43)) - raft.server.staging.catchup.gap = 1000 (default)
2019-06-12 21:47:58,369 INFO  server.RaftServerConfigKeys (ConfUtils.java:logGet(43)) - raft.server.rpc.sleep.time = 25ms (default)
2019-06-12 21:47:58,369 INFO  server.RaftServerConfigKeys (ConfUtils.java:logGet(43)) - raft.server.watch.timeout = 10s (default)
2019-06-12 21:47:58,369 INFO  server.RaftServerConfigKeys (ConfUtils.java:logGet(43)) - raft.server.watch.timeout.denomination = 1s (default)
2019-06-12 21:47:58,369 INFO  impl.RoleInfo (RoleInfo.java:updateAndGet(143)) - 8f21b568-ad9c-4aba-92e7-a17ea7551c07: start LeaderState
2019-06-12 21:47:58,369 INFO  storage.RaftLogWorker (RaftLogWorker.java:startLogSegment(298)) - 8f21b568-ad9c-4aba-92e7-a17ea7551c07-RaftLogWorker: Starting segment from index:0
2019-06-12 21:47:58,381 INFO  impl.RaftServerImpl (ServerState.java:setRaftConf(361)) - 8f21b568-ad9c-4aba-92e7-a17ea7551c07:group-FE883CB8BAF1 set configuration 0: [8f21b568-ad9c-4aba-92e7-a17ea7551c07:192.168.19.22:45981], old=null at 0
2019-06-12 21:47:58,411 INFO  storage.RaftLogWorker (RaftLogWorker.java:execute(469)) - 8f21b568-ad9c-4aba-92e7-a17ea7551c07-RaftLogWorker: created new log segment /opt/src/hadoop-ozone/integration-test/target/test-dir/MiniOzoneClusterImpl-8c763a39-619c-4e68-a885-79e6f7439c65/datanode-4/data/ratis/ebccad27-0411-4dd1-adfa-fe883cb8baf1/current/log_inprogress_0
2019-06-12 21:47:58,413 INFO  ozone.MiniOzoneClusterImpl (MiniOzoneClusterImpl.java:lambda$waitForClusterToBeReady$0(142)) - Cluster is ready. Got 6 of 6 DN Heartbeats.
2019-06-12 21:47:58,442 INFO  rpc.RpcClient (RpcClient.java:createVolume(289)) - Creating Volume: datanodefailurehandlingtest, with root as owner.
2019-06-12 21:47:58,453 INFO  rpc.RpcClient (RpcClient.java:createBucket(426)) - Creating Bucket: datanodefailurehandlingtest/datanodefailurehandlingtest, with Versioning false and Storage Type set to DISK and Encryption set to false 
2019-06-12 21:47:58,563 INFO  impl.FollowerState (FollowerState.java:run(101)) - 8f21b568-ad9c-4aba-92e7-a17ea7551c07:group-55CE57255BF8 changes to CANDIDATE, lastRpcTime:1114, electionTimeout:1113ms
2019-06-12 21:47:58,563 INFO  impl.RoleInfo (RoleInfo.java:shutdownFollowerState(121)) - 8f21b568-ad9c-4aba-92e7-a17ea7551c07: shutdown FollowerState
2019-06-12 21:47:58,563 INFO  impl.RaftServerImpl (RaftServerImpl.java:setRole(164)) - 8f21b568-ad9c-4aba-92e7-a17ea7551c07:group-55CE57255BF8 changes role from FOLLOWER to CANDIDATE at term 0 for changeToCandidate
2019-06-12 21:47:58,563 INFO  impl.RoleInfo (RoleInfo.java:updateAndGet(143)) - 8f21b568-ad9c-4aba-92e7-a17ea7551c07: start LeaderElection
2019-06-12 21:47:58,569 INFO  impl.FollowerState (FollowerState.java:run(101)) - 8853b7eb-282d-4857-b4d2-041d2c6c9664:group-55CE57255BF8 changes to CANDIDATE, lastRpcTime:1116, electionTimeout:1112ms
2019-06-12 21:47:58,569 INFO  impl.RoleInfo (RoleInfo.java:shutdownFollowerState(121)) - 8853b7eb-282d-4857-b4d2-041d2c6c9664: shutdown FollowerState
2019-06-12 21:47:58,569 INFO  impl.RaftServerImpl (RaftServerImpl.java:setRole(164)) - 8853b7eb-282d-4857-b4d2-041d2c6c9664:group-55CE57255BF8 changes role from FOLLOWER to CANDIDATE at term 0 for changeToCandidate
2019-06-12 21:47:58,570 INFO  impl.RoleInfo (RoleInfo.java:updateAndGet(143)) - 8853b7eb-282d-4857-b4d2-041d2c6c9664: start LeaderElection
2019-06-12 21:47:58,589 INFO  impl.FollowerState (FollowerState.java:run(101)) - c6f0f828-6798-45c2-a095-b95bf4033cc5:group-957A47848952 changes to CANDIDATE, lastRpcTime:1139, electionTimeout:1139ms
2019-06-12 21:47:58,589 INFO  impl.RoleInfo (RoleInfo.java:shutdownFollowerState(121)) - c6f0f828-6798-45c2-a095-b95bf4033cc5: shutdown FollowerState
2019-06-12 21:47:58,589 INFO  impl.RaftServerImpl (RaftServerImpl.java:setRole(164)) - c6f0f828-6798-45c2-a095-b95bf4033cc5:group-957A47848952 changes role from FOLLOWER to CANDIDATE at term 0 for changeToCandidate
2019-06-12 21:47:58,601 INFO  impl.LeaderElection (LeaderElection.java:askForVotes(181)) - 8f21b568-ad9c-4aba-92e7-a17ea7551c07:group-55CE57255BF8:LeaderElection47: begin an election at term 1 for -1: [c6f0f828-6798-45c2-a095-b95bf4033cc5:192.168.19.22:35483, 8853b7eb-282d-4857-b4d2-041d2c6c9664:192.168.19.22:36109, 8f21b568-ad9c-4aba-92e7-a17ea7551c07:192.168.19.22:45981], old=null
2019-06-12 21:47:58,614 INFO  impl.RoleInfo (RoleInfo.java:updateAndGet(143)) - c6f0f828-6798-45c2-a095-b95bf4033cc5: start LeaderElection
2019-06-12 21:47:58,625 INFO  impl.RaftServerImpl (RaftServerImpl.java:setRole(164)) - 8853b7eb-282d-4857-b4d2-041d2c6c9664:group-55CE57255BF8 changes role from CANDIDATE to FOLLOWER at term 1 for recognizeCandidate:8f21b568-ad9c-4aba-92e7-a17ea7551c07
2019-06-12 21:47:58,625 INFO  impl.RoleInfo (RoleInfo.java:shutdownLeaderElection(134)) - 8853b7eb-282d-4857-b4d2-041d2c6c9664: shutdown LeaderElection
2019-06-12 21:47:58,625 INFO  impl.RoleInfo (RoleInfo.java:updateAndGet(143)) - 8853b7eb-282d-4857-b4d2-041d2c6c9664: start FollowerState
2019-06-12 21:47:58,642 INFO  impl.RaftServerImpl (RaftServerImpl.java:setRole(164)) - c6f0f828-6798-45c2-a095-b95bf4033cc5:group-55CE57255BF8 changes role from FOLLOWER to FOLLOWER at term 1 for recognizeCandidate:8f21b568-ad9c-4aba-92e7-a17ea7551c07
2019-06-12 21:47:58,642 INFO  impl.RoleInfo (RoleInfo.java:shutdownFollowerState(121)) - c6f0f828-6798-45c2-a095-b95bf4033cc5: shutdown FollowerState
2019-06-12 21:47:58,642 INFO  impl.RoleInfo (RoleInfo.java:updateAndGet(143)) - c6f0f828-6798-45c2-a095-b95bf4033cc5: start FollowerState
2019-06-12 21:47:58,645 INFO  client.GrpcClientProtocolClient (GrpcClientProtocolClient.java:onNext(254)) - client-272C23633CF8->8f21b568-ad9c-4aba-92e7-a17ea7551c07: receive RaftClientReply:client-272C23633CF8->8f21b568-ad9c-4aba-92e7-a17ea7551c07@group-55CE57255BF8, cid=70, FAILED org.apache.ratis.protocol.NotLeaderException: Server 8f21b568-ad9c-4aba-92e7-a17ea7551c07 is not the leader (c6f0f828-6798-45c2-a095-b95bf4033cc5:192.168.19.22:35483). Request must be sent to leader., logIndex=0, commits[8f21b568-ad9c-4aba-92e7-a17ea7551c07:c-1]
2019-06-12 21:47:58,650 INFO  impl.LeaderElection (LeaderElection.java:askForVotes(181)) - c6f0f828-6798-45c2-a095-b95bf4033cc5:group-957A47848952:LeaderElection49: begin an election at term 1 for -1: [c6f0f828-6798-45c2-a095-b95bf4033cc5:192.168.19.22:35483], old=null
2019-06-12 21:47:58,650 INFO  impl.RoleInfo (RoleInfo.java:shutdownLeaderElection(134)) - c6f0f828-6798-45c2-a095-b95bf4033cc5: shutdown LeaderElection
2019-06-12 21:47:58,650 INFO  impl.RaftServerImpl (RaftServerImpl.java:setRole(164)) - c6f0f828-6798-45c2-a095-b95bf4033cc5:group-957A47848952 changes role from CANDIDATE to LEADER at term 1 for changeToLeader
2019-06-12 21:47:58,650 INFO  impl.RaftServerImpl (ServerState.java:setLeader(263)) - c6f0f828-6798-45c2-a095-b95bf4033cc5:group-957A47848952 change Leader from null to c6f0f828-6798-45c2-a095-b95bf4033cc5 at term 1 for becomeLeader, leader elected after 1223ms
2019-06-12 21:47:58,650 INFO  server.RaftServerConfigKeys (ConfUtils.java:logGet(43)) - raft.server.staging.catchup.gap = 1000 (default)
2019-06-12 21:47:58,650 INFO  server.RaftServerConfigKeys (ConfUtils.java:logGet(43)) - raft.server.rpc.sleep.time = 25ms (default)
2019-06-12 21:47:58,651 INFO  impl.LeaderElection (LeaderElection.java:askForVotes(181)) - 8853b7eb-282d-4857-b4d2-041d2c6c9664:group-55CE57255BF8:LeaderElection48: begin an election at term 2 for -1: [c6f0f828-6798-45c2-a095-b95bf4033cc5:192.168.19.22:35483, 8853b7eb-282d-4857-b4d2-041d2c6c9664:192.168.19.22:36109, 8f21b568-ad9c-4aba-92e7-a17ea7551c07:192.168.19.22:45981], old=null
2019-06-12 21:47:58,651 WARN  client.GrpcClientProtocolService (LogUtils.java:warn(134)) - 0-OrderedRequestStreamObserver0: onError: org.apache.ratis.thirdparty.io.grpc.StatusRuntimeException: CANCELLED: cancelled before receiving half close
2019-06-12 21:47:58,654 INFO  server.RaftServerConfigKeys (ConfUtils.java:logGet(43)) - raft.server.watch.timeout = 10s (default)
2019-06-12 21:47:58,654 INFO  server.RaftServerConfigKeys (ConfUtils.java:logGet(43)) - raft.server.watch.timeout.denomination = 1s (default)
2019-06-12 21:47:58,655 INFO  impl.RoleInfo (RoleInfo.java:updateAndGet(143)) - c6f0f828-6798-45c2-a095-b95bf4033cc5: start LeaderState
2019-06-12 21:47:58,655 INFO  storage.RaftLogWorker (RaftLogWorker.java:startLogSegment(298)) - c6f0f828-6798-45c2-a095-b95bf4033cc5-RaftLogWorker: Starting segment from index:0
2019-06-12 21:47:58,657 INFO  impl.LeaderElection (LeaderElection.java:logAndReturn(56)) - 8f21b568-ad9c-4aba-92e7-a17ea7551c07:group-55CE57255BF8:LeaderElection47: Election PASSED; received 2 response(s) [8f21b568-ad9c-4aba-92e7-a17ea7551c07->c6f0f828-6798-45c2-a095-b95bf4033cc5,true-t1, 8f21b568-ad9c-4aba-92e7-a17ea7551c07->8853b7eb-282d-4857-b4d2-041d2c6c9664,false-t1] and 0 exception(s); 8f21b568-ad9c-4aba-92e7-a17ea7551c07:t1, leader=null, voted=8f21b568-ad9c-4aba-92e7-a17ea7551c07, raftlog=8f21b568-ad9c-4aba-92e7-a17ea7551c07-SegmentedRaftLog:OPENED:c-1,f-1,i0, conf=-1: [c6f0f828-6798-45c2-a095-b95bf4033cc5:192.168.19.22:35483, 8853b7eb-282d-4857-b4d2-041d2c6c9664:192.168.19.22:36109, 8f21b568-ad9c-4aba-92e7-a17ea7551c07:192.168.19.22:45981], old=null
2019-06-12 21:47:58,657 INFO  impl.RaftServerImpl (ServerState.java:setRaftConf(361)) - c6f0f828-6798-45c2-a095-b95bf4033cc5:group-957A47848952 set configuration 0: [c6f0f828-6798-45c2-a095-b95bf4033cc5:192.168.19.22:35483], old=null at 0
2019-06-12 21:47:58,658 INFO  impl.RoleInfo (RoleInfo.java:shutdownLeaderElection(134)) - 8f21b568-ad9c-4aba-92e7-a17ea7551c07: shutdown LeaderElection
2019-06-12 21:47:58,658 INFO  impl.RaftServerImpl (RaftServerImpl.java:setRole(164)) - 8f21b568-ad9c-4aba-92e7-a17ea7551c07:group-55CE57255BF8 changes role from CANDIDATE to LEADER at term 1 for changeToLeader
2019-06-12 21:47:58,658 INFO  impl.RaftServerImpl (ServerState.java:setLeader(263)) - 8f21b568-ad9c-4aba-92e7-a17ea7551c07:group-55CE57255BF8 change Leader from null to 8f21b568-ad9c-4aba-92e7-a17ea7551c07 at term 1 for becomeLeader, leader elected after 1212ms
2019-06-12 21:47:58,658 INFO  server.RaftServerConfigKeys (ConfUtils.java:logGet(43)) - raft.server.staging.catchup.gap = 1000 (default)
2019-06-12 21:47:58,658 INFO  server.RaftServerConfigKeys (ConfUtils.java:logGet(43)) - raft.server.rpc.sleep.time = 25ms (default)
2019-06-12 21:47:58,658 INFO  server.RaftServerConfigKeys (ConfUtils.java:logGet(43)) - raft.server.watch.timeout = 10s (default)
2019-06-12 21:47:58,658 INFO  server.RaftServerConfigKeys (ConfUtils.java:logGet(43)) - raft.server.watch.timeout.denomination = 1s (default)
2019-06-12 21:47:58,658 INFO  server.RaftServerConfigKeys (ConfUtils.java:logGet(43)) - raft.server.log.appender.snapshot.chunk.size.max = 16MB (=16777216) (default)
2019-06-12 21:47:58,659 INFO  server.RaftServerConfigKeys (ConfUtils.java:logGet(43)) - raft.server.log.appender.buffer.byte-limit = 33554432 (custom)
2019-06-12 21:47:58,659 INFO  server.RaftServerConfigKeys (ConfUtils.java:logGet(43)) - raft.server.log.appender.buffer.element-limit = 1 (custom)
2019-06-12 21:47:58,659 INFO  grpc.GrpcConfigKeys$Server (ConfUtils.java:logGet(43)) - raft.grpc.server.leader.outstanding.appends.max = 128 (default)
2019-06-12 21:47:58,659 INFO  server.RaftServerConfigKeys (ConfUtils.java:logGet(43)) - raft.server.rpc.request.timeout = 3000ms (default)
2019-06-12 21:47:58,659 INFO  server.RaftServerConfigKeys (ConfUtils.java:logGet(43)) - raft.server.log.appender.install.snapshot.enabled = true (default)
2019-06-12 21:47:58,659 INFO  server.RaftServerConfigKeys (ConfUtils.java:logGet(43)) - raft.server.log.appender.snapshot.chunk.size.max = 16MB (=16777216) (default)
2019-06-12 21:47:58,659 INFO  server.RaftServerConfigKeys (ConfUtils.java:logGet(43)) - raft.server.log.appender.buffer.byte-limit = 33554432 (custom)
2019-06-12 21:47:58,659 INFO  server.RaftServerConfigKeys (ConfUtils.java:logGet(43)) - raft.server.log.appender.buffer.element-limit = 1 (custom)
2019-06-12 21:47:58,659 INFO  grpc.GrpcConfigKeys$Server (ConfUtils.java:logGet(43)) - raft.grpc.server.leader.outstanding.appends.max = 128 (default)
2019-06-12 21:47:58,660 INFO  server.RaftServerConfigKeys (ConfUtils.java:logGet(43)) - raft.server.rpc.request.timeout = 3000ms (default)
2019-06-12 21:47:58,660 INFO  server.RaftServerConfigKeys (ConfUtils.java:logGet(43)) - raft.server.log.appender.install.snapshot.enabled = true (default)
2019-06-12 21:47:58,660 INFO  impl.RoleInfo (RoleInfo.java:updateAndGet(143)) - 8f21b568-ad9c-4aba-92e7-a17ea7551c07: start LeaderState
2019-06-12 21:47:58,660 INFO  storage.RaftLogWorker (RaftLogWorker.java:startLogSegment(298)) - 8f21b568-ad9c-4aba-92e7-a17ea7551c07-RaftLogWorker: Starting segment from index:0
2019-06-12 21:47:58,686 INFO  impl.LeaderElection (LeaderElection.java:logAndReturn(56)) - 8853b7eb-282d-4857-b4d2-041d2c6c9664:group-55CE57255BF8:LeaderElection48: Election REJECTED; received 0 response(s) [] and 0 exception(s); 8853b7eb-282d-4857-b4d2-041d2c6c9664:t2, leader=null, voted=8853b7eb-282d-4857-b4d2-041d2c6c9664, raftlog=8853b7eb-282d-4857-b4d2-041d2c6c9664-SegmentedRaftLog:OPENED:c-1,f-1,i0, conf=-1: [c6f0f828-6798-45c2-a095-b95bf4033cc5:192.168.19.22:35483, 8853b7eb-282d-4857-b4d2-041d2c6c9664:192.168.19.22:36109, 8f21b568-ad9c-4aba-92e7-a17ea7551c07:192.168.19.22:45981], old=null
2019-06-12 21:47:58,686 INFO  impl.RaftServerImpl (ServerState.java:setRaftConf(361)) - 8f21b568-ad9c-4aba-92e7-a17ea7551c07:group-55CE57255BF8 set configuration 0: [c6f0f828-6798-45c2-a095-b95bf4033cc5:192.168.19.22:35483, 8853b7eb-282d-4857-b4d2-041d2c6c9664:192.168.19.22:36109, 8f21b568-ad9c-4aba-92e7-a17ea7551c07:192.168.19.22:45981], old=null at 0
2019-06-12 21:47:58,689 INFO  impl.RaftServerImpl (ServerState.java:setLeader(263)) - c6f0f828-6798-45c2-a095-b95bf4033cc5:group-55CE57255BF8 change Leader from null to 8f21b568-ad9c-4aba-92e7-a17ea7551c07 at term 1 for appendEntries, leader elected after 1242ms
2019-06-12 21:47:58,690 INFO  impl.RaftServerImpl (ServerState.java:setLeader(263)) - 8f21b568-ad9c-4aba-92e7-a17ea7551c07:group-55CE57255BF8 change Leader from 8f21b568-ad9c-4aba-92e7-a17ea7551c07 to null at term 2 for updateCurrentTerm
2019-06-12 21:47:58,691 INFO  impl.RaftServerImpl (RaftServerImpl.java:setRole(164)) - 8f21b568-ad9c-4aba-92e7-a17ea7551c07:group-55CE57255BF8 changes role from LEADER to FOLLOWER at term 2 for stepDown
2019-06-12 21:47:58,691 INFO  impl.RoleInfo (RoleInfo.java:shutdownLeaderState(104)) - 8f21b568-ad9c-4aba-92e7-a17ea7551c07: shutdown LeaderState
2019-06-12 21:47:58,692 INFO  impl.RaftServerImpl (ServerState.java:setLeader(263)) - c6f0f828-6798-45c2-a095-b95bf4033cc5:group-55CE57255BF8 change Leader from 8f21b568-ad9c-4aba-92e7-a17ea7551c07 to null at term 2 for updateCurrentTerm
2019-06-12 21:47:58,692 INFO  impl.RaftServerImpl (RaftServerImpl.java:setRole(164)) - c6f0f828-6798-45c2-a095-b95bf4033cc5:group-55CE57255BF8 changes role from FOLLOWER to FOLLOWER at term 2 for recognizeCandidate:8853b7eb-282d-4857-b4d2-041d2c6c9664
2019-06-12 21:47:58,692 INFO  impl.RoleInfo (RoleInfo.java:shutdownFollowerState(121)) - c6f0f828-6798-45c2-a095-b95bf4033cc5: shutdown FollowerState
2019-06-12 21:47:58,715 INFO  storage.RaftLogWorker (RaftLogWorker.java:execute(469)) - c6f0f828-6798-45c2-a095-b95bf4033cc5-RaftLogWorker: created new log segment /opt/src/hadoop-ozone/integration-test/target/test-dir/MiniOzoneClusterImpl-8c763a39-619c-4e68-a885-79e6f7439c65/datanode-5/data/ratis/0faf9236-165c-4d36-9476-957a47848952/current/log_inprogress_0
2019-06-12 21:47:58,721 INFO  impl.RoleInfo (RoleInfo.java:updateAndGet(143)) - c6f0f828-6798-45c2-a095-b95bf4033cc5: start FollowerState
2019-06-12 21:47:58,722 INFO  impl.FollowerState (FollowerState.java:run(109)) - c6f0f828-6798-45c2-a095-b95bf4033cc5: FollowerState was interrupted: java.lang.InterruptedException: sleep interrupted
2019-06-12 21:47:58,723 INFO  impl.PendingRequests (PendingRequests.java:sendNotLeaderResponses(140)) - 8f21b568-ad9c-4aba-92e7-a17ea7551c07-PendingRequests: sendNotLeaderResponses
2019-06-12 21:47:58,724 WARN  server.GrpcLogAppender (GrpcLogAppender.java:mayWait(142)) - GrpcLogAppender(8f21b568-ad9c-4aba-92e7-a17ea7551c07 -> c6f0f828-6798-45c2-a095-b95bf4033cc5): Wait interrupted by java.lang.InterruptedException
2019-06-12 21:47:58,724 WARN  server.GrpcLogAppender (GrpcLogAppender.java:mayWait(142)) - GrpcLogAppender(8f21b568-ad9c-4aba-92e7-a17ea7551c07 -> 8853b7eb-282d-4857-b4d2-041d2c6c9664): Wait interrupted by java.lang.InterruptedException
2019-06-12 21:47:58,724 INFO  server.GrpcServerProtocolService (GrpcServerProtocolService.java:onCompleted(104)) - c6f0f828-6798-45c2-a095-b95bf4033cc5: appendEntries completed
2019-06-12 21:47:58,726 INFO  server.GrpcServerProtocolService (GrpcServerProtocolService.java:onCompleted(104)) - 8853b7eb-282d-4857-b4d2-041d2c6c9664: appendEntries completed
2019-06-12 21:47:58,727 INFO  server.GrpcLogAppender (GrpcLogAppender.java:onCompleted(277)) - 8f21b568-ad9c-4aba-92e7-a17ea7551c07: follower 8f21b568-ad9c-4aba-92e7-a17ea7551c07->c6f0f828-6798-45c2-a095-b95bf4033cc5(c-1,m0,n0, attendVote=true, lastRpcSendTime=40, lastRpcResponseTime=1268) response Completed
2019-06-12 21:47:58,744 INFO  impl.FollowerInfo (FollowerInfo.java:lambda$new$0(50)) - 8f21b568-ad9c-4aba-92e7-a17ea7551c07->c6f0f828-6798-45c2-a095-b95bf4033cc5: nextIndex: updateUnconditionally 0 -> 0
2019-06-12 21:47:58,748 INFO  storage.RaftLogWorker (RaftLogWorker.java:execute(469)) - 8f21b568-ad9c-4aba-92e7-a17ea7551c07-RaftLogWorker: created new log segment /opt/src/hadoop-ozone/integration-test/target/test-dir/MiniOzoneClusterImpl-8c763a39-619c-4e68-a885-79e6f7439c65/datanode-4/data/ratis/1b184753-6582-4237-ac1a-55ce57255bf8/current/log_inprogress_0
2019-06-12 21:47:58,748 INFO  impl.RoleInfo (RoleInfo.java:updateAndGet(143)) - 8f21b568-ad9c-4aba-92e7-a17ea7551c07: start FollowerState
2019-06-12 21:47:58,761 INFO  impl.RaftServerImpl (RaftServerImpl.java:setRole(164)) - 8f21b568-ad9c-4aba-92e7-a17ea7551c07:group-55CE57255BF8 changes role from FOLLOWER to FOLLOWER at term 2 for recognizeCandidate:8853b7eb-282d-4857-b4d2-041d2c6c9664
2019-06-12 21:47:58,761 INFO  impl.RoleInfo (RoleInfo.java:shutdownFollowerState(121)) - 8f21b568-ad9c-4aba-92e7-a17ea7551c07: shutdown FollowerState
2019-06-12 21:47:58,761 INFO  impl.RoleInfo (RoleInfo.java:updateAndGet(143)) - 8f21b568-ad9c-4aba-92e7-a17ea7551c07: start FollowerState
2019-06-12 21:47:58,761 INFO  impl.FollowerState (FollowerState.java:run(109)) - 8f21b568-ad9c-4aba-92e7-a17ea7551c07: FollowerState was interrupted: java.lang.InterruptedException: sleep interrupted
2019-06-12 21:47:58,761 INFO  server.GrpcLogAppender (GrpcLogAppender.java:onCompleted(277)) - 8f21b568-ad9c-4aba-92e7-a17ea7551c07: follower 8f21b568-ad9c-4aba-92e7-a17ea7551c07->8853b7eb-282d-4857-b4d2-041d2c6c9664(c-1,m0,n1, attendVote=true, lastRpcSendTime=67, lastRpcResponseTime=34) response Completed
2019-06-12 21:47:58,764 INFO  impl.FollowerInfo (FollowerInfo.java:lambda$new$0(50)) - 8f21b568-ad9c-4aba-92e7-a17ea7551c07->8853b7eb-282d-4857-b4d2-041d2c6c9664: nextIndex: updateUnconditionally 1 -> 0
2019-06-12 21:47:59,653 INFO  impl.FollowerState (FollowerState.java:run(101)) - 8853b7eb-282d-4857-b4d2-041d2c6c9664:group-55CE57255BF8 changes to CANDIDATE, lastRpcTime:1027, electionTimeout:1013ms
2019-06-12 21:47:59,653 INFO  impl.RoleInfo (RoleInfo.java:shutdownFollowerState(121)) - 8853b7eb-282d-4857-b4d2-041d2c6c9664: shutdown FollowerState
2019-06-12 21:47:59,653 INFO  impl.RaftServerImpl (RaftServerImpl.java:setRole(164)) - 8853b7eb-282d-4857-b4d2-041d2c6c9664:group-55CE57255BF8 changes role from FOLLOWER to CANDIDATE at term 2 for changeToCandidate
2019-06-12 21:47:59,656 INFO  impl.RoleInfo (RoleInfo.java:updateAndGet(143)) - 8853b7eb-282d-4857-b4d2-041d2c6c9664: start LeaderElection
2019-06-12 21:47:59,667 INFO  impl.LeaderElection (LeaderElection.java:askForVotes(181)) - 8853b7eb-282d-4857-b4d2-041d2c6c9664:group-55CE57255BF8:LeaderElection50: begin an election at term 3 for -1: [c6f0f828-6798-45c2-a095-b95bf4033cc5:192.168.19.22:35483, 8853b7eb-282d-4857-b4d2-041d2c6c9664:192.168.19.22:36109, 8f21b568-ad9c-4aba-92e7-a17ea7551c07:192.168.19.22:45981], old=null
2019-06-12 21:47:59,668 INFO  client.GrpcClientProtocolClient (GrpcClientProtocolClient.java:onNext(254)) - client-272C23633CF8->8853b7eb-282d-4857-b4d2-041d2c6c9664: receive RaftClientReply:client-272C23633CF8->8853b7eb-282d-4857-b4d2-041d2c6c9664@group-55CE57255BF8, cid=70, FAILED org.apache.ratis.protocol.NotLeaderException: Server 8853b7eb-282d-4857-b4d2-041d2c6c9664 is not the leader (c6f0f828-6798-45c2-a095-b95bf4033cc5:192.168.19.22:35483). Request must be sent to leader., logIndex=0, commits[8853b7eb-282d-4857-b4d2-041d2c6c9664:c-1]
2019-06-12 21:47:59,675 INFO  impl.RaftServerImpl (RaftServerImpl.java:setRole(164)) - c6f0f828-6798-45c2-a095-b95bf4033cc5:group-55CE57255BF8 changes role from FOLLOWER to FOLLOWER at term 3 for recognizeCandidate:8853b7eb-282d-4857-b4d2-041d2c6c9664
2019-06-12 21:47:59,675 INFO  impl.RoleInfo (RoleInfo.java:shutdownFollowerState(121)) - c6f0f828-6798-45c2-a095-b95bf4033cc5: shutdown FollowerState
2019-06-12 21:47:59,675 INFO  impl.RoleInfo (RoleInfo.java:updateAndGet(143)) - c6f0f828-6798-45c2-a095-b95bf4033cc5: start FollowerState
2019-06-12 21:47:59,676 INFO  impl.FollowerState (FollowerState.java:run(109)) - c6f0f828-6798-45c2-a095-b95bf4033cc5: FollowerState was interrupted: java.lang.InterruptedException: sleep interrupted
2019-06-12 21:47:59,677 WARN  client.GrpcClientProtocolService (LogUtils.java:warn(134)) - 0-OrderedRequestStreamObserver0: onError: org.apache.ratis.thirdparty.io.grpc.StatusRuntimeException: CANCELLED: cancelled before receiving half close
2019-06-12 21:47:59,677 INFO  impl.RaftServerImpl (RaftServerImpl.java:setRole(164)) - 8f21b568-ad9c-4aba-92e7-a17ea7551c07:group-55CE57255BF8 changes role from FOLLOWER to FOLLOWER at term 3 for recognizeCandidate:8853b7eb-282d-4857-b4d2-041d2c6c9664
2019-06-12 21:47:59,677 INFO  impl.RoleInfo (RoleInfo.java:shutdownFollowerState(121)) - 8f21b568-ad9c-4aba-92e7-a17ea7551c07: shutdown FollowerState
2019-06-12 21:47:59,677 INFO  impl.RoleInfo (RoleInfo.java:updateAndGet(143)) - 8f21b568-ad9c-4aba-92e7-a17ea7551c07: start FollowerState
2019-06-12 21:47:59,677 INFO  impl.FollowerState (FollowerState.java:run(109)) - 8f21b568-ad9c-4aba-92e7-a17ea7551c07: FollowerState was interrupted: java.lang.InterruptedException: sleep interrupted
2019-06-12 21:47:59,680 INFO  impl.LeaderElection (LeaderElection.java:logAndReturn(56)) - 8853b7eb-282d-4857-b4d2-041d2c6c9664:group-55CE57255BF8:LeaderElection50: Election PASSED; received 1 response(s) [8853b7eb-282d-4857-b4d2-041d2c6c9664->c6f0f828-6798-45c2-a095-b95bf4033cc5,true-t3] and 0 exception(s); 8853b7eb-282d-4857-b4d2-041d2c6c9664:t3, leader=null, voted=8853b7eb-282d-4857-b4d2-041d2c6c9664, raftlog=8853b7eb-282d-4857-b4d2-041d2c6c9664-SegmentedRaftLog:OPENED:c-1,f-1,i0, conf=-1: [c6f0f828-6798-45c2-a095-b95bf4033cc5:192.168.19.22:35483, 8853b7eb-282d-4857-b4d2-041d2c6c9664:192.168.19.22:36109, 8f21b568-ad9c-4aba-92e7-a17ea7551c07:192.168.19.22:45981], old=null
2019-06-12 21:47:59,680 INFO  impl.RoleInfo (RoleInfo.java:shutdownLeaderElection(134)) - 8853b7eb-282d-4857-b4d2-041d2c6c9664: shutdown LeaderElection
2019-06-12 21:47:59,680 INFO  impl.RaftServerImpl (RaftServerImpl.java:setRole(164)) - 8853b7eb-282d-4857-b4d2-041d2c6c9664:group-55CE57255BF8 changes role from CANDIDATE to LEADER at term 3 for changeToLeader
2019-06-12 21:47:59,680 INFO  impl.RaftServerImpl (ServerState.java:setLeader(263)) - 8853b7eb-282d-4857-b4d2-041d2c6c9664:group-55CE57255BF8 change Leader from null to 8853b7eb-282d-4857-b4d2-041d2c6c9664 at term 3 for becomeLeader, leader elected after 2233ms
2019-06-12 21:47:59,680 INFO  server.RaftServerConfigKeys (ConfUtils.java:logGet(43)) - raft.server.staging.catchup.gap = 1000 (default)
2019-06-12 21:47:59,680 INFO  server.RaftServerConfigKeys (ConfUtils.java:logGet(43)) - raft.server.rpc.sleep.time = 25ms (default)
2019-06-12 21:47:59,680 INFO  server.RaftServerConfigKeys (ConfUtils.java:logGet(43)) - raft.server.watch.timeout = 10s (default)
2019-06-12 21:47:59,680 INFO  server.RaftServerConfigKeys (ConfUtils.java:logGet(43)) - raft.server.watch.timeout.denomination = 1s (default)
2019-06-12 21:47:59,680 INFO  server.RaftServerConfigKeys (ConfUtils.java:logGet(43)) - raft.server.log.appender.snapshot.chunk.size.max = 16MB (=16777216) (default)
2019-06-12 21:47:59,681 INFO  server.RaftServerConfigKeys (ConfUtils.java:logGet(43)) - raft.server.log.appender.buffer.byte-limit = 33554432 (custom)
2019-06-12 21:47:59,681 INFO  server.RaftServerConfigKeys (ConfUtils.java:logGet(43)) - raft.server.log.appender.buffer.element-limit = 1 (custom)
2019-06-12 21:47:59,681 INFO  grpc.GrpcConfigKeys$Server (ConfUtils.java:logGet(43)) - raft.grpc.server.leader.outstanding.appends.max = 128 (default)
2019-06-12 21:47:59,681 INFO  server.RaftServerConfigKeys (ConfUtils.java:logGet(43)) - raft.server.rpc.request.timeout = 3000ms (default)
2019-06-12 21:47:59,681 INFO  server.RaftServerConfigKeys (ConfUtils.java:logGet(43)) - raft.server.log.appender.install.snapshot.enabled = true (default)
2019-06-12 21:47:59,681 INFO  server.RaftServerConfigKeys (ConfUtils.java:logGet(43)) - raft.server.log.appender.snapshot.chunk.size.max = 16MB (=16777216) (default)
2019-06-12 21:47:59,681 INFO  server.RaftServerConfigKeys (ConfUtils.java:logGet(43)) - raft.server.log.appender.buffer.byte-limit = 33554432 (custom)
2019-06-12 21:47:59,681 INFO  server.RaftServerConfigKeys (ConfUtils.java:logGet(43)) - raft.server.log.appender.buffer.element-limit = 1 (custom)
2019-06-12 21:47:59,682 INFO  grpc.GrpcConfigKeys$Server (ConfUtils.java:logGet(43)) - raft.grpc.server.leader.outstanding.appends.max = 128 (default)
2019-06-12 21:47:59,682 INFO  server.RaftServerConfigKeys (ConfUtils.java:logGet(43)) - raft.server.rpc.request.timeout = 3000ms (default)
2019-06-12 21:47:59,682 INFO  server.RaftServerConfigKeys (ConfUtils.java:logGet(43)) - raft.server.log.appender.install.snapshot.enabled = true (default)
2019-06-12 21:47:59,682 INFO  impl.RoleInfo (RoleInfo.java:updateAndGet(143)) - 8853b7eb-282d-4857-b4d2-041d2c6c9664: start LeaderState
2019-06-12 21:47:59,682 INFO  storage.RaftLogWorker (RaftLogWorker.java:startLogSegment(298)) - 8853b7eb-282d-4857-b4d2-041d2c6c9664-RaftLogWorker: Starting segment from index:0
2019-06-12 21:47:59,687 INFO  impl.RaftServerImpl (ServerState.java:setRaftConf(361)) - 8853b7eb-282d-4857-b4d2-041d2c6c9664:group-55CE57255BF8 set configuration 0: [c6f0f828-6798-45c2-a095-b95bf4033cc5:192.168.19.22:35483, 8853b7eb-282d-4857-b4d2-041d2c6c9664:192.168.19.22:36109, 8f21b568-ad9c-4aba-92e7-a17ea7551c07:192.168.19.22:45981], old=null at 0
2019-06-12 21:47:59,716 INFO  impl.RaftServerImpl (ServerState.java:setLeader(263)) - c6f0f828-6798-45c2-a095-b95bf4033cc5:group-55CE57255BF8 change Leader from null to 8853b7eb-282d-4857-b4d2-041d2c6c9664 at term 3 for appendEntries, leader elected after 1023ms
2019-06-12 21:47:59,717 INFO  impl.RaftServerImpl (ServerState.java:setLeader(263)) - 8f21b568-ad9c-4aba-92e7-a17ea7551c07:group-55CE57255BF8 change Leader from null to 8853b7eb-282d-4857-b4d2-041d2c6c9664 at term 3 for appendEntries, leader elected after 1026ms
2019-06-12 21:47:59,723 INFO  impl.RaftServerImpl (ServerState.java:setRaftConf(361)) - 8f21b568-ad9c-4aba-92e7-a17ea7551c07:group-55CE57255BF8 set configuration 0: [c6f0f828-6798-45c2-a095-b95bf4033cc5:192.168.19.22:35483, 8853b7eb-282d-4857-b4d2-041d2c6c9664:192.168.19.22:36109, 8f21b568-ad9c-4aba-92e7-a17ea7551c07:192.168.19.22:45981], old=null at 0
2019-06-12 21:47:59,723 INFO  impl.RaftServerImpl (ServerState.java:setRaftConf(361)) - c6f0f828-6798-45c2-a095-b95bf4033cc5:group-55CE57255BF8 set configuration 0: [c6f0f828-6798-45c2-a095-b95bf4033cc5:192.168.19.22:35483, 8853b7eb-282d-4857-b4d2-041d2c6c9664:192.168.19.22:36109, 8f21b568-ad9c-4aba-92e7-a17ea7551c07:192.168.19.22:45981], old=null at 0
2019-06-12 21:47:59,724 INFO  storage.RaftLogWorker (RaftLogWorker.java:startLogSegment(298)) - c6f0f828-6798-45c2-a095-b95bf4033cc5-RaftLogWorker: Starting segment from index:0
2019-06-12 21:47:59,725 INFO  storage.RaftLogWorker (RaftLogWorker.java:truncate(314)) - 8f21b568-ad9c-4aba-92e7-a17ea7551c07-RaftLogWorker: Truncating segments toTruncate: null
  toDelete: [(0, 0) isOpen? true, length=0, newEndIndex=-1], start index 0
2019-06-12 21:47:59,725 INFO  storage.RaftLogWorker (RaftLogWorker.java:startLogSegment(298)) - 8f21b568-ad9c-4aba-92e7-a17ea7551c07-RaftLogWorker: Starting segment from index:0
2019-06-12 21:47:59,738 INFO  storage.RaftLogWorker (RaftLogWorker.java:execute(533)) - 8f21b568-ad9c-4aba-92e7-a17ea7551c07-RaftLogWorker: Deleted log file /opt/src/hadoop-ozone/integration-test/target/test-dir/MiniOzoneClusterImpl-8c763a39-619c-4e68-a885-79e6f7439c65/datanode-4/data/ratis/1b184753-6582-4237-ac1a-55ce57255bf8/current/log_inprogress_0
2019-06-12 21:47:59,757 INFO  storage.RaftLogWorker (RaftLogWorker.java:execute(469)) - 8853b7eb-282d-4857-b4d2-041d2c6c9664-RaftLogWorker: created new log segment /opt/src/hadoop-ozone/integration-test/target/test-dir/MiniOzoneClusterImpl-8c763a39-619c-4e68-a885-79e6f7439c65/datanode-3/data/ratis/1b184753-6582-4237-ac1a-55ce57255bf8/current/log_inprogress_0
2019-06-12 21:47:59,779 INFO  storage.RaftLogWorker (RaftLogWorker.java:execute(469)) - c6f0f828-6798-45c2-a095-b95bf4033cc5-RaftLogWorker: created new log segment /opt/src/hadoop-ozone/integration-test/target/test-dir/MiniOzoneClusterImpl-8c763a39-619c-4e68-a885-79e6f7439c65/datanode-5/data/ratis/1b184753-6582-4237-ac1a-55ce57255bf8/current/log_inprogress_0
2019-06-12 21:47:59,788 INFO  storage.RaftLogWorker (RaftLogWorker.java:execute(469)) - 8f21b568-ad9c-4aba-92e7-a17ea7551c07-RaftLogWorker: created new log segment /opt/src/hadoop-ozone/integration-test/target/test-dir/MiniOzoneClusterImpl-8c763a39-619c-4e68-a885-79e6f7439c65/datanode-4/data/ratis/1b184753-6582-4237-ac1a-55ce57255bf8/current/log_inprogress_0
2019-06-12 21:48:00,690 INFO  client.GrpcClientProtocolClient (GrpcClientProtocolClient.java:onNext(254)) - client-272C23633CF8->8f21b568-ad9c-4aba-92e7-a17ea7551c07: receive RaftClientReply:client-272C23633CF8->8f21b568-ad9c-4aba-92e7-a17ea7551c07@group-55CE57255BF8, cid=70, FAILED org.apache.ratis.protocol.NotLeaderException: Server 8f21b568-ad9c-4aba-92e7-a17ea7551c07 is not the leader (8853b7eb-282d-4857-b4d2-041d2c6c9664:192.168.19.22:36109). Request must be sent to leader., logIndex=0, commits[8f21b568-ad9c-4aba-92e7-a17ea7551c07:c0, c6f0f828-6798-45c2-a095-b95bf4033cc5:c-1, 8853b7eb-282d-4857-b4d2-041d2c6c9664:c0]
2019-06-12 21:48:00,695 WARN  client.GrpcClientProtocolService (LogUtils.java:warn(134)) - 1-OrderedRequestStreamObserver1: onError: org.apache.ratis.thirdparty.io.grpc.StatusRuntimeException: CANCELLED: cancelled before receiving half close
2019-06-12 21:48:01,706 INFO  client.GrpcClientProtocolClient (GrpcClientProtocolClient.java:onNext(254)) - client-272C23633CF8->c6f0f828-6798-45c2-a095-b95bf4033cc5: receive RaftClientReply:client-272C23633CF8->c6f0f828-6798-45c2-a095-b95bf4033cc5@group-55CE57255BF8, cid=70, FAILED org.apache.ratis.protocol.NotLeaderException: Server c6f0f828-6798-45c2-a095-b95bf4033cc5 is not the leader (8853b7eb-282d-4857-b4d2-041d2c6c9664:192.168.19.22:36109). Request must be sent to leader., logIndex=0, commits[c6f0f828-6798-45c2-a095-b95bf4033cc5:c0, 8853b7eb-282d-4857-b4d2-041d2c6c9664:c0, 8f21b568-ad9c-4aba-92e7-a17ea7551c07:c0]
2019-06-12 21:48:01,725 WARN  client.GrpcClientProtocolService (LogUtils.java:warn(134)) - 0-OrderedRequestStreamObserver0: onError: org.apache.ratis.thirdparty.io.grpc.StatusRuntimeException: CANCELLED: cancelled before receiving half close
2019-06-12 21:48:02,737 INFO  client.GrpcClientProtocolClient (GrpcClientProtocolClient.java:onNext(254)) - client-272C23633CF8->8f21b568-ad9c-4aba-92e7-a17ea7551c07: receive RaftClientReply:client-272C23633CF8->8f21b568-ad9c-4aba-92e7-a17ea7551c07@group-55CE57255BF8, cid=70, FAILED org.apache.ratis.protocol.NotLeaderException: Server 8f21b568-ad9c-4aba-92e7-a17ea7551c07 is not the leader (8853b7eb-282d-4857-b4d2-041d2c6c9664:192.168.19.22:36109). Request must be sent to leader., logIndex=0, commits[8f21b568-ad9c-4aba-92e7-a17ea7551c07:c0, c6f0f828-6798-45c2-a095-b95bf4033cc5:c0, 8853b7eb-282d-4857-b4d2-041d2c6c9664:c0]
2019-06-12 21:48:02,742 WARN  client.GrpcClientProtocolService (LogUtils.java:warn(134)) - 2-OrderedRequestStreamObserver2: onError: org.apache.ratis.thirdparty.io.grpc.StatusRuntimeException: CANCELLED: cancelled before receiving half close
2019-06-12 21:48:03,752 INFO  client.GrpcClientProtocolClient (GrpcClientProtocolClient.java:onNext(254)) - client-272C23633CF8->c6f0f828-6798-45c2-a095-b95bf4033cc5: receive RaftClientReply:client-272C23633CF8->c6f0f828-6798-45c2-a095-b95bf4033cc5@group-55CE57255BF8, cid=70, FAILED org.apache.ratis.protocol.NotLeaderException: Server c6f0f828-6798-45c2-a095-b95bf4033cc5 is not the leader (8853b7eb-282d-4857-b4d2-041d2c6c9664:192.168.19.22:36109). Request must be sent to leader., logIndex=0, commits[c6f0f828-6798-45c2-a095-b95bf4033cc5:c0, 8853b7eb-282d-4857-b4d2-041d2c6c9664:c0, 8f21b568-ad9c-4aba-92e7-a17ea7551c07:c0]
2019-06-12 21:48:03,766 WARN  io.KeyOutputStream (KeyOutputStream.java:handleException(276)) - Encountered exception java.io.IOException: Unexpected Storage Container Exception: java.util.concurrent.CompletionException: java.util.concurrent.CompletionException: org.apache.ratis.protocol.RaftRetryFailureException: Failed RaftClientRequest:client-272C23633CF8->c6f0f828-6798-45c2-a095-b95bf4033cc5@group-55CE57255BF8, cid=70, seq=1*, RW, org.apache.hadoop.hdds.scm.XceiverClientRatis$$Lambda$423/2046142189@f0acc13 for 5 attempts with RetryLimited(maxAttempts=5, sleepTime=1000ms) on the pipeline Pipeline[ Id: 1b184753-6582-4237-ac1a-55ce57255bf8, Nodes: 8f21b568-ad9c-4aba-92e7-a17ea7551c07{ip: 192.168.19.22, host: ozone-v57r8-234650721, networkLocation: /default-rack, certSerialId: null}8853b7eb-282d-4857-b4d2-041d2c6c9664{ip: 192.168.19.22, host: ozone-v57r8-234650721, networkLocation: /default-rack, certSerialId: null}c6f0f828-6798-45c2-a095-b95bf4033cc5{ip: 192.168.19.22, host: ozone-v57r8-234650721, networkLocation: /default-rack, certSerialId: null}, Type:RATIS, Factor:THREE, State:OPEN]. The last committed block length is 0, uncommitted data length is 2097152 retry count 0
2019-06-12 21:48:03,773 WARN  client.GrpcClientProtocolService (LogUtils.java:warn(134)) - 1-OrderedRequestStreamObserver1: onError: org.apache.ratis.thirdparty.io.grpc.StatusRuntimeException: CANCELLED: cancelled before receiving half close
2019-06-12 21:48:03,782 INFO  client.GrpcClientProtocolClient (GrpcClientProtocolClient.java:onNext(254)) - client-E1CBCB924C1F->75f66b7a-a545-4e41-a358-f14ef20d0d10: receive RaftClientReply:client-E1CBCB924C1F->75f66b7a-a545-4e41-a358-f14ef20d0d10@group-851FEEC25BB1, cid=74, FAILED org.apache.ratis.protocol.NotLeaderException: Server 75f66b7a-a545-4e41-a358-f14ef20d0d10 is not the leader (1c156bfb-2bcc-4b8c-9108-3d9a31101152:192.168.19.22:45131). Request must be sent to leader., logIndex=0, commits[75f66b7a-a545-4e41-a358-f14ef20d0d10:c0, 1c156bfb-2bcc-4b8c-9108-3d9a31101152:c0, 0f87377a-22cf-4012-8963-ececdd868e1a:c0]
2019-06-12 21:48:03,794 WARN  client.GrpcClientProtocolService (LogUtils.java:warn(134)) - 0-OrderedRequestStreamObserver0: onError: org.apache.ratis.thirdparty.io.grpc.StatusRuntimeException: CANCELLED: cancelled before receiving half close
2019-06-12 21:48:04,899 INFO  client.GrpcClientProtocolClient (GrpcClientProtocolClient.java:onNext(254)) - client-E1CBCB924C1F->1c156bfb-2bcc-4b8c-9108-3d9a31101152: receive RaftClientReply:client-E1CBCB924C1F->1c156bfb-2bcc-4b8c-9108-3d9a31101152@group-851FEEC25BB1, cid=74, SUCCESS, logIndex=1, commits[1c156bfb-2bcc-4b8c-9108-3d9a31101152:c1, 75f66b7a-a545-4e41-a358-f14ef20d0d10:c0, 0f87377a-22cf-4012-8963-ececdd868e1a:c0]
2019-06-12 21:48:04,968 INFO  client.GrpcClientProtocolClient (GrpcClientProtocolClient.java:onNext(254)) - client-E1CBCB924C1F->1c156bfb-2bcc-4b8c-9108-3d9a31101152: receive RaftClientReply:client-E1CBCB924C1F->1c156bfb-2bcc-4b8c-9108-3d9a31101152@group-851FEEC25BB1, cid=75, SUCCESS, logIndex=3, commits[1c156bfb-2bcc-4b8c-9108-3d9a31101152:c4, 75f66b7a-a545-4e41-a358-f14ef20d0d10:c3, 0f87377a-22cf-4012-8963-ececdd868e1a:c3]
2019-06-12 21:48:05,014 INFO  client.GrpcClientProtocolClient (GrpcClientProtocolClient.java:onNext(254)) - client-E1CBCB924C1F->1c156bfb-2bcc-4b8c-9108-3d9a31101152: receive RaftClientReply:client-E1CBCB924C1F->1c156bfb-2bcc-4b8c-9108-3d9a31101152@group-851FEEC25BB1, cid=76, SUCCESS, logIndex=5, commits[1c156bfb-2bcc-4b8c-9108-3d9a31101152:c5, 75f66b7a-a545-4e41-a358-f14ef20d0d10:c4, 0f87377a-22cf-4012-8963-ececdd868e1a:c3]
2019-06-12 21:48:05,026 INFO  client.GrpcClientProtocolClient (GrpcClientProtocolClient.java:onNext(254)) - client-E1CBCB924C1F->1c156bfb-2bcc-4b8c-9108-3d9a31101152: receive RaftClientReply:client-E1CBCB924C1F->1c156bfb-2bcc-4b8c-9108-3d9a31101152@group-851FEEC25BB1, cid=77, SUCCESS, logIndex=6, commits[1c156bfb-2bcc-4b8c-9108-3d9a31101152:c6, 75f66b7a-a545-4e41-a358-f14ef20d0d10:c4, 0f87377a-22cf-4012-8963-ececdd868e1a:c4]
2019-06-12 21:48:05,046 INFO  client.GrpcClientProtocolClient (GrpcClientProtocolClient.java:onNext(254)) - client-E1CBCB924C1F->1c156bfb-2bcc-4b8c-9108-3d9a31101152: receive RaftClientReply:client-E1CBCB924C1F->1c156bfb-2bcc-4b8c-9108-3d9a31101152@group-851FEEC25BB1, cid=78, SUCCESS, logIndex=9, commits[1c156bfb-2bcc-4b8c-9108-3d9a31101152:c9, 75f66b7a-a545-4e41-a358-f14ef20d0d10:c8, 0f87377a-22cf-4012-8963-ececdd868e1a:c8]
2019-06-12 21:48:05,054 INFO  client.GrpcClientProtocolClient (GrpcClientProtocolClient.java:onNext(254)) - client-E1CBCB924C1F->1c156bfb-2bcc-4b8c-9108-3d9a31101152: receive RaftClientReply:client-E1CBCB924C1F->1c156bfb-2bcc-4b8c-9108-3d9a31101152@group-851FEEC25BB1, cid=79, SUCCESS, logIndex=11, commits[1c156bfb-2bcc-4b8c-9108-3d9a31101152:c11, 75f66b7a-a545-4e41-a358-f14ef20d0d10:c9, 0f87377a-22cf-4012-8963-ececdd868e1a:c9]
2019-06-12 21:48:05,093 INFO  client.GrpcClientProtocolClient (GrpcClientProtocolClient.java:onNext(254)) - client-E1CBCB924C1F->1c156bfb-2bcc-4b8c-9108-3d9a31101152: receive RaftClientReply:client-E1CBCB924C1F->1c156bfb-2bcc-4b8c-9108-3d9a31101152@group-851FEEC25BB1, cid=80, SUCCESS, logIndex=13, commits[1c156bfb-2bcc-4b8c-9108-3d9a31101152:c13, 75f66b7a-a545-4e41-a358-f14ef20d0d10:c11, 0f87377a-22cf-4012-8963-ececdd868e1a:c12]
2019-06-12 21:48:05,116 INFO  client.GrpcClientProtocolClient (GrpcClientProtocolClient.java:onNext(254)) - client-E1CBCB924C1F->1c156bfb-2bcc-4b8c-9108-3d9a31101152: receive RaftClientReply:client-E1CBCB924C1F->1c156bfb-2bcc-4b8c-9108-3d9a31101152@group-851FEEC25BB1, cid=81, SUCCESS, logIndex=15, commits[1c156bfb-2bcc-4b8c-9108-3d9a31101152:c15, 75f66b7a-a545-4e41-a358-f14ef20d0d10:c13, 0f87377a-22cf-4012-8963-ececdd868e1a:c12]
2019-06-12 21:48:05,143 INFO  client.GrpcClientProtocolClient (GrpcClientProtocolClient.java:onNext(254)) - client-E1CBCB924C1F->1c156bfb-2bcc-4b8c-9108-3d9a31101152: receive RaftClientReply:client-E1CBCB924C1F->1c156bfb-2bcc-4b8c-9108-3d9a31101152@group-851FEEC25BB1, cid=82, SUCCESS, logIndex=0, commits[1c156bfb-2bcc-4b8c-9108-3d9a31101152:c16, 75f66b7a-a545-4e41-a358-f14ef20d0d10:c15, 0f87377a-22cf-4012-8963-ececdd868e1a:c15]
]]></system-out>
    <system-err><![CDATA[Jun 12, 2019 9:47:52 PM com.sun.jersey.server.impl.application.WebApplicationImpl _initiate
INFO: Initiating Jersey application, version 'Jersey: 1.19 02/11/2015 03:25 AM'
Jun 12, 2019 9:47:52 PM com.sun.jersey.server.impl.application.WebApplicationImpl _initiate
INFO: Initiating Jersey application, version 'Jersey: 1.19 02/11/2015 03:25 AM'
Jun 12, 2019 9:47:52 PM com.sun.jersey.server.impl.application.WebApplicationImpl _initiate
INFO: Initiating Jersey application, version 'Jersey: 1.19 02/11/2015 03:25 AM'
Jun 12, 2019 9:47:52 PM com.sun.jersey.server.impl.application.WebApplicationImpl _initiate
INFO: Initiating Jersey application, version 'Jersey: 1.19 02/11/2015 03:25 AM'
Jun 12, 2019 9:47:53 PM com.sun.jersey.server.impl.application.WebApplicationImpl _initiate
INFO: Initiating Jersey application, version 'Jersey: 1.19 02/11/2015 03:25 AM'
Jun 12, 2019 9:47:53 PM com.sun.jersey.server.impl.application.WebApplicationImpl _initiate
INFO: Initiating Jersey application, version 'Jersey: 1.19 02/11/2015 03:25 AM'
]]></system-err>
  </testcase>
  <testcase name="testBlockWritesWithDnFailures" classname="org.apache.hadoop.ozone.client.rpc.TestFailureHandlingByClient" time="17.17">
    <error message="Allocate block failed." type="INTERNAL_ERROR org.apache.hadoop.ozone.om.exceptions.OMException">INTERNAL_ERROR org.apache.hadoop.ozone.om.exceptions.OMException: Allocate block failed.
	at org.apache.hadoop.ozone.om.protocolPB.OzoneManagerProtocolClientSideTranslatorPB.handleError(OzoneManagerProtocolClientSideTranslatorPB.java:720)
	at org.apache.hadoop.ozone.om.protocolPB.OzoneManagerProtocolClientSideTranslatorPB.allocateBlock(OzoneManagerProtocolClientSideTranslatorPB.java:743)
	at org.apache.hadoop.ozone.client.io.BlockOutputStreamEntryPool.allocateNewBlock(BlockOutputStreamEntryPool.java:248)
	at org.apache.hadoop.ozone.client.io.BlockOutputStreamEntryPool.allocateBlockIfNeeded(BlockOutputStreamEntryPool.java:296)
	at org.apache.hadoop.ozone.client.io.KeyOutputStream.handleWrite(KeyOutputStream.java:201)
	at org.apache.hadoop.ozone.client.io.KeyOutputStream.handleRetry(KeyOutputStream.java:376)
	at org.apache.hadoop.ozone.client.io.KeyOutputStream.handleException(KeyOutputStream.java:325)
	at org.apache.hadoop.ozone.client.io.KeyOutputStream.handleFlushOrClose(KeyOutputStream.java:448)
	at org.apache.hadoop.ozone.client.io.KeyOutputStream.close(KeyOutputStream.java:472)
	at org.apache.hadoop.ozone.client.io.OzoneOutputStream.close(OzoneOutputStream.java:60)
	at org.apache.hadoop.ozone.client.rpc.TestFailureHandlingByClient.testBlockWritesWithDnFailures(TestFailureHandlingByClient.java:146)
	at sun.reflect.NativeMethodAccessorImpl.invoke0(Native Method)
	at sun.reflect.NativeMethodAccessorImpl.invoke(NativeMethodAccessorImpl.java:62)
	at sun.reflect.DelegatingMethodAccessorImpl.invoke(DelegatingMethodAccessorImpl.java:43)
	at java.lang.reflect.Method.invoke(Method.java:498)
	at org.junit.runners.model.FrameworkMethod$1.runReflectiveCall(FrameworkMethod.java:47)
	at org.junit.internal.runners.model.ReflectiveCallable.run(ReflectiveCallable.java:12)
	at org.junit.runners.model.FrameworkMethod.invokeExplosively(FrameworkMethod.java:44)
	at org.junit.internal.runners.statements.InvokeMethod.evaluate(InvokeMethod.java:17)
	at org.junit.runners.ParentRunner.runLeaf(ParentRunner.java:271)
	at org.junit.runners.BlockJUnit4ClassRunner.runChild(BlockJUnit4ClassRunner.java:70)
	at org.junit.runners.BlockJUnit4ClassRunner.runChild(BlockJUnit4ClassRunner.java:50)
	at org.junit.runners.ParentRunner$3.run(ParentRunner.java:238)
	at org.junit.runners.ParentRunner$1.schedule(ParentRunner.java:63)
	at org.junit.runners.ParentRunner.runChildren(ParentRunner.java:236)
	at org.junit.runners.ParentRunner.access$000(ParentRunner.java:53)
	at org.junit.runners.ParentRunner$2.evaluate(ParentRunner.java:229)
	at org.junit.runners.ParentRunner.run(ParentRunner.java:309)
	at org.apache.maven.surefire.junit4.JUnit4Provider.execute(JUnit4Provider.java:365)
	at org.apache.maven.surefire.junit4.JUnit4Provider.executeWithRerun(JUnit4Provider.java:273)
	at org.apache.maven.surefire.junit4.JUnit4Provider.executeTestSet(JUnit4Provider.java:238)
	at org.apache.maven.surefire.junit4.JUnit4Provider.invoke(JUnit4Provider.java:159)
	at org.apache.maven.surefire.booter.ForkedBooter.invokeProviderInSameClassLoader(ForkedBooter.java:384)
	at org.apache.maven.surefire.booter.ForkedBooter.runSuitesInProcess(ForkedBooter.java:345)
	at org.apache.maven.surefire.booter.ForkedBooter.execute(ForkedBooter.java:126)
	at org.apache.maven.surefire.booter.ForkedBooter.main(ForkedBooter.java:418)
</error>
    <system-out><![CDATA[2019-06-12 21:48:05,197 WARN  server.ServerUtils (ServerUtils.java:getScmDbDir(145)) - ozone.scm.db.dirs is not configured. We recommend adding this setting. Falling back to ozone.metadata.dirs instead.
2019-06-12 21:48:05,200 INFO  client.GrpcClientProtocolClient (GrpcClientProtocolClient.java:onNext(254)) - client-E1CBCB924C1F->1c156bfb-2bcc-4b8c-9108-3d9a31101152: receive RaftClientReply:client-E1CBCB924C1F->1c156bfb-2bcc-4b8c-9108-3d9a31101152@group-851FEEC25BB1, cid=83, SUCCESS, logIndex=17, commits[1c156bfb-2bcc-4b8c-9108-3d9a31101152:c17, 75f66b7a-a545-4e41-a358-f14ef20d0d10:c15, 0f87377a-22cf-4012-8963-ececdd868e1a:c16]
2019-06-12 21:48:05,201 WARN  server.ServerUtils (ServerUtils.java:getScmDbDir(145)) - ozone.scm.db.dirs is not configured. We recommend adding this setting. Falling back to ozone.metadata.dirs instead.
2019-06-12 21:48:05,201 WARN  server.ServerUtils (ServerUtils.java:getScmDbDir(145)) - ozone.scm.db.dirs is not configured. We recommend adding this setting. Falling back to ozone.metadata.dirs instead.
2019-06-12 21:48:05,201 INFO  db.DBStoreBuilder (DBStoreBuilder.java:addTable(110)) - using custom profile for table: deletedBlocks
2019-06-12 21:48:05,202 INFO  db.DBStoreBuilder (DBStoreBuilder.java:processTables(161)) - Using default column profile:DBProfile.DISK for Table:deletedBlocks
2019-06-12 21:48:05,202 INFO  db.DBStoreBuilder (DBStoreBuilder.java:addTable(110)) - using custom profile for table: validCerts
2019-06-12 21:48:05,202 INFO  db.DBStoreBuilder (DBStoreBuilder.java:processTables(161)) - Using default column profile:DBProfile.DISK for Table:validCerts
2019-06-12 21:48:05,202 INFO  db.DBStoreBuilder (DBStoreBuilder.java:addTable(110)) - using custom profile for table: revokedCerts
2019-06-12 21:48:05,203 INFO  db.DBStoreBuilder (DBStoreBuilder.java:processTables(161)) - Using default column profile:DBProfile.DISK for Table:revokedCerts
2019-06-12 21:48:05,203 INFO  db.DBStoreBuilder (DBStoreBuilder.java:addTable(110)) - using custom profile for table: default
2019-06-12 21:48:05,203 INFO  db.DBStoreBuilder (DBStoreBuilder.java:processTables(167)) - Using default column profile:DBProfile.DISK for Table:default
2019-06-12 21:48:05,204 INFO  db.DBStoreBuilder (DBStoreBuilder.java:getDbProfile(198)) - Using default options. DBProfile.DISK
2019-06-12 21:48:05,247 INFO  client.GrpcClientProtocolClient (GrpcClientProtocolClient.java:onNext(254)) - client-E1CBCB924C1F->1c156bfb-2bcc-4b8c-9108-3d9a31101152: receive RaftClientReply:client-E1CBCB924C1F->1c156bfb-2bcc-4b8c-9108-3d9a31101152@group-851FEEC25BB1, cid=84, SUCCESS, logIndex=19, commits[1c156bfb-2bcc-4b8c-9108-3d9a31101152:c20, 75f66b7a-a545-4e41-a358-f14ef20d0d10:c19, 0f87377a-22cf-4012-8963-ececdd868e1a:c19]
2019-06-12 21:48:05,281 INFO  node.SCMNodeManager (SCMNodeManager.java:<init>(108)) - Entering startup safe mode.
2019-06-12 21:48:05,282 INFO  net.NodeSchemaLoader (NodeSchemaLoader.java:loadSchemaFromFile(125)) - Loading file from sun.misc.CompoundEnumeration@4e111e08
2019-06-12 21:48:05,283 INFO  net.NodeSchemaLoader (NodeSchemaLoader.java:loadSchema(171)) - Loading network topology layer schema file
2019-06-12 21:48:05,290 WARN  server.ServerUtils (ServerUtils.java:getScmDbDir(145)) - ozone.scm.db.dirs is not configured. We recommend adding this setting. Falling back to ozone.metadata.dirs instead.
2019-06-12 21:48:05,311 INFO  pipeline.SCMPipelineManager (SCMPipelineManager.java:initializePipelineState(126)) - No pipeline exists in current db
2019-06-12 21:48:05,311 WARN  server.ServerUtils (ServerUtils.java:getScmDbDir(145)) - ozone.scm.db.dirs is not configured. We recommend adding this setting. Falling back to ozone.metadata.dirs instead.
2019-06-12 21:48:05,328 WARN  events.EventQueue (EventQueue.java:fireEvent(175)) - No event handler registered for event TypedEvent{payloadType=SafeModeStatus, name='SafeModeStatus'}
2019-06-12 21:48:05,328 INFO  ipc.CallQueueManager (CallQueueManager.java:<init>(84)) - Using callQueue: class java.util.concurrent.LinkedBlockingQueue, queueCapacity: 2000, scheduler: class org.apache.hadoop.ipc.DefaultRpcScheduler, ipcBackoff: false.
2019-06-12 21:48:05,330 INFO  ipc.Server (Server.java:run(1074)) - Starting Socket Reader #1 for port 45427
2019-06-12 21:48:05,336 INFO  ipc.CallQueueManager (CallQueueManager.java:<init>(84)) - Using callQueue: class java.util.concurrent.LinkedBlockingQueue, queueCapacity: 2000, scheduler: class org.apache.hadoop.ipc.DefaultRpcScheduler, ipcBackoff: false.
2019-06-12 21:48:05,338 INFO  ipc.CallQueueManager (CallQueueManager.java:<init>(84)) - Using callQueue: class java.util.concurrent.LinkedBlockingQueue, queueCapacity: 2000, scheduler: class org.apache.hadoop.ipc.DefaultRpcScheduler, ipcBackoff: false.
2019-06-12 21:48:05,339 INFO  ipc.Server (Server.java:run(1074)) - Starting Socket Reader #1 for port 35753
2019-06-12 21:48:05,339 INFO  ipc.Server (Server.java:run(1074)) - Starting Socket Reader #1 for port 43447
2019-06-12 21:48:05,340 INFO  hdfs.DFSUtil (DFSUtil.java:httpServerTemplateForNNAndJN(1641)) - Starting Web-server for scm at: http://0.0.0.0:0
2019-06-12 21:48:05,348 INFO  server.AuthenticationFilter (AuthenticationFilter.java:constructSecretProvider(240)) - Unable to initialize FileSignerSecretProvider, falling back to use random secrets.
2019-06-12 21:48:05,349 WARN  http.HttpRequestLog (HttpRequestLog.java:getRequestLog(97)) - Jetty request log can only be enabled using Log4j
2019-06-12 21:48:05,352 INFO  http.HttpServer2 (HttpServer2.java:addGlobalFilter(975)) - Added global filter 'safety' (class=org.apache.hadoop.http.HttpServer2$QuotingInputFilter)
2019-06-12 21:48:05,352 INFO  http.HttpServer2 (HttpServer2.java:addFilter(948)) - Added filter static_user_filter (class=org.apache.hadoop.http.lib.StaticUserWebFilter$StaticUserFilter) to context scm
2019-06-12 21:48:05,352 INFO  http.HttpServer2 (HttpServer2.java:addFilter(958)) - Added filter static_user_filter (class=org.apache.hadoop.http.lib.StaticUserWebFilter$StaticUserFilter) to context static
2019-06-12 21:48:05,353 INFO  http.HttpServer2 (HttpServer2.java:addFilter(958)) - Added filter static_user_filter (class=org.apache.hadoop.http.lib.StaticUserWebFilter$StaticUserFilter) to context logs
2019-06-12 21:48:05,359 INFO  server.StorageContainerManager (StorageContainerManager.java:start(752)) - StorageContainerLocationProtocol RPC server is listening at /0.0.0.0:43447
2019-06-12 21:48:05,359 INFO  impl.MetricsSystemImpl (MetricsSystemImpl.java:init(158)) - StorageContainerManager metrics system started (again)
2019-06-12 21:48:05,361 INFO  server.SCMClientProtocolServer (SCMClientProtocolServer.java:start(149)) - RPC server for Client  is listening at /0.0.0.0:43447
2019-06-12 21:48:05,364 INFO  ipc.Server (Server.java:run(1314)) - IPC Server Responder: starting
2019-06-12 21:48:05,369 INFO  ipc.Server (Server.java:run(1153)) - IPC Server listener on 43447: starting
2019-06-12 21:48:05,386 INFO  server.StorageContainerManager (StorageContainerManager.java:start(761)) - ScmBlockLocationProtocol RPC server is listening at /0.0.0.0:35753
2019-06-12 21:48:05,387 INFO  server.SCMBlockProtocolServer (SCMBlockProtocolServer.java:start(137)) - RPC server for Block Protocol is listening at /0.0.0.0:35753
2019-06-12 21:48:05,387 INFO  ipc.Server (Server.java:run(1314)) - IPC Server Responder: starting
2019-06-12 21:48:05,395 INFO  ipc.Server (Server.java:run(1153)) - IPC Server listener on 35753: starting
2019-06-12 21:48:05,399 INFO  server.StorageContainerManager (StorageContainerManager.java:start(765)) - ScmDatanodeProtocl RPC server is listening at /0.0.0.0:45427
2019-06-12 21:48:05,399 INFO  server.SCMDatanodeProtocolServer (SCMDatanodeProtocolServer.java:start(191)) - RPC server for DataNodes is listening at /0.0.0.0:45427
2019-06-12 21:48:05,399 INFO  ipc.Server (Server.java:run(1314)) - IPC Server Responder: starting
2019-06-12 21:48:05,401 INFO  ipc.Server (Server.java:run(1153)) - IPC Server listener on 45427: starting
2019-06-12 21:48:05,408 INFO  http.HttpServer2 (HttpServer2.java:bindListener(1191)) - Jetty bound to port 43017
2019-06-12 21:48:05,408 INFO  server.Server (Server.java:doStart(351)) - jetty-9.3.24.v20180605, build timestamp: 2018-06-05T17:11:56Z, git hash: 84205aa28f11a4f31f2a3b86d1bba2cc8ab69827
2019-06-12 21:48:05,411 INFO  handler.ContextHandler (ContextHandler.java:doStart(781)) - Started o.e.j.s.ServletContextHandler@4daead88{/logs,file:///opt/src/hadoop-ozone/integration-test/target/log,AVAILABLE}
2019-06-12 21:48:05,412 INFO  handler.ContextHandler (ContextHandler.java:doStart(781)) - Started o.e.j.s.ServletContextHandler@5b3c11ce{/static,file:///opt/src/hadoop-ozone/integration-test/target/test-classes/webapps/static,AVAILABLE}
2019-06-12 21:48:05,415 INFO  handler.ContextHandler (ContextHandler.java:doStart(781)) - Started o.e.j.w.WebAppContext@1fce6eb4{/,file:///opt/src/hadoop-ozone/integration-test/target/test-classes/webapps/scm/,AVAILABLE}{/scm}
2019-06-12 21:48:05,415 INFO  server.AbstractConnector (AbstractConnector.java:doStart(278)) - Started ServerConnector@7d44eab{HTTP/1.1,[http/1.1]}{0.0.0.0:43017}
2019-06-12 21:48:05,418 INFO  server.Server (Server.java:doStart(419)) - Started @60506ms
2019-06-12 21:48:05,419 INFO  server.BaseHttpServer (BaseHttpServer.java:updateConnectorAddress(207)) - HTTP server of SCM is listening at http://0.0.0.0:43017
2019-06-12 21:48:05,423 WARN  scm.ScmUtils (ScmUtils.java:getDBPath(63)) - ozone.om.db.dirs is not configured. We recommend adding this setting. Falling back to ozone.metadata.dirs instead.
2019-06-12 21:48:05,424 INFO  util.JvmPauseMonitor (JvmPauseMonitor.java:run(188)) - Starting JVM pause monitor
2019-06-12 21:48:05,426 WARN  scm.ScmUtils (ScmUtils.java:getDBPath(63)) - ozone.om.db.dirs is not configured. We recommend adding this setting. Falling back to ozone.metadata.dirs instead.
2019-06-12 21:48:05,426 INFO  om.OzoneManager (OzoneManager.java:setOMNodeDetails(519)) - OM Service ID is not set. Setting it to the default ID: omServiceIdDefault
2019-06-12 21:48:05,427 INFO  om.OzoneManager (OzoneManager.java:setOMNodeDetails(525)) - OM Node ID is not set. Setting it to the OmStorage's OmID: de79322a-3c9b-45fd-8b84-a743b8896777
2019-06-12 21:48:05,427 WARN  scm.HddsServerUtil (HddsServerUtil.java:getDefaultRatisDirectory(354)) - Storage directory for Ratis is not configured. It is a good idea to map this to an SSD disk. Falling back to ozone.metadata.dirs
2019-06-12 21:48:05,427 WARN  scm.HddsServerUtil (HddsServerUtil.java:getDefaultRatisDirectory(354)) - Storage directory for Ratis is not configured. It is a good idea to map this to an SSD disk. Falling back to ozone.metadata.dirs
2019-06-12 21:48:05,427 INFO  om.OzoneManager (OzoneManager.java:loadOMHAConfigs(476)) - Found matching OM address with OMServiceId: null, OMNodeId: null, RPC Address: localhost:0 and Ratis port: 9872
2019-06-12 21:48:05,441 WARN  scm.ScmUtils (ScmUtils.java:getDBPath(63)) - ozone.om.db.dirs is not configured. We recommend adding this setting. Falling back to ozone.metadata.dirs instead.
2019-06-12 21:48:05,441 INFO  db.DBStoreBuilder (DBStoreBuilder.java:addTable(110)) - using custom profile for table: userTable
2019-06-12 21:48:05,442 INFO  db.DBStoreBuilder (DBStoreBuilder.java:processTables(161)) - Using default column profile:DBProfile.DISK for Table:userTable
2019-06-12 21:48:05,442 INFO  db.DBStoreBuilder (DBStoreBuilder.java:addTable(110)) - using custom profile for table: volumeTable
2019-06-12 21:48:05,442 INFO  db.DBStoreBuilder (DBStoreBuilder.java:processTables(161)) - Using default column profile:DBProfile.DISK for Table:volumeTable
2019-06-12 21:48:05,442 INFO  db.DBStoreBuilder (DBStoreBuilder.java:addTable(110)) - using custom profile for table: bucketTable
2019-06-12 21:48:05,442 INFO  db.DBStoreBuilder (DBStoreBuilder.java:processTables(161)) - Using default column profile:DBProfile.DISK for Table:bucketTable
2019-06-12 21:48:05,442 INFO  db.DBStoreBuilder (DBStoreBuilder.java:addTable(110)) - using custom profile for table: keyTable
2019-06-12 21:48:05,442 INFO  db.DBStoreBuilder (DBStoreBuilder.java:processTables(161)) - Using default column profile:DBProfile.DISK for Table:keyTable
2019-06-12 21:48:05,443 INFO  db.DBStoreBuilder (DBStoreBuilder.java:addTable(110)) - using custom profile for table: deletedTable
2019-06-12 21:48:05,443 INFO  db.DBStoreBuilder (DBStoreBuilder.java:processTables(161)) - Using default column profile:DBProfile.DISK for Table:deletedTable
2019-06-12 21:48:05,443 INFO  db.DBStoreBuilder (DBStoreBuilder.java:addTable(110)) - using custom profile for table: openKeyTable
2019-06-12 21:48:05,443 INFO  db.DBStoreBuilder (DBStoreBuilder.java:processTables(161)) - Using default column profile:DBProfile.DISK for Table:openKeyTable
2019-06-12 21:48:05,443 INFO  db.DBStoreBuilder (DBStoreBuilder.java:addTable(110)) - using custom profile for table: s3Table
2019-06-12 21:48:05,444 INFO  db.DBStoreBuilder (DBStoreBuilder.java:processTables(161)) - Using default column profile:DBProfile.DISK for Table:s3Table
2019-06-12 21:48:05,444 INFO  db.DBStoreBuilder (DBStoreBuilder.java:addTable(110)) - using custom profile for table: multipartInfoTable
2019-06-12 21:48:05,444 INFO  db.DBStoreBuilder (DBStoreBuilder.java:processTables(161)) - Using default column profile:DBProfile.DISK for Table:multipartInfoTable
2019-06-12 21:48:05,444 INFO  db.DBStoreBuilder (DBStoreBuilder.java:addTable(110)) - using custom profile for table: dTokenTable
2019-06-12 21:48:05,444 INFO  db.DBStoreBuilder (DBStoreBuilder.java:processTables(161)) - Using default column profile:DBProfile.DISK for Table:dTokenTable
2019-06-12 21:48:05,444 INFO  db.DBStoreBuilder (DBStoreBuilder.java:addTable(110)) - using custom profile for table: s3SecretTable
2019-06-12 21:48:05,445 INFO  db.DBStoreBuilder (DBStoreBuilder.java:processTables(161)) - Using default column profile:DBProfile.DISK for Table:s3SecretTable
2019-06-12 21:48:05,445 INFO  db.DBStoreBuilder (DBStoreBuilder.java:addTable(110)) - using custom profile for table: prefixTable
2019-06-12 21:48:05,445 INFO  db.DBStoreBuilder (DBStoreBuilder.java:processTables(161)) - Using default column profile:DBProfile.DISK for Table:prefixTable
2019-06-12 21:48:05,445 INFO  db.DBStoreBuilder (DBStoreBuilder.java:addTable(110)) - using custom profile for table: default
2019-06-12 21:48:05,445 INFO  db.DBStoreBuilder (DBStoreBuilder.java:processTables(167)) - Using default column profile:DBProfile.DISK for Table:default
2019-06-12 21:48:05,446 INFO  db.DBStoreBuilder (DBStoreBuilder.java:getDbProfile(198)) - Using default options. DBProfile.DISK
2019-06-12 21:48:05,605 INFO  ipc.CallQueueManager (CallQueueManager.java:<init>(84)) - Using callQueue: class java.util.concurrent.LinkedBlockingQueue, queueCapacity: 2000, scheduler: class org.apache.hadoop.ipc.DefaultRpcScheduler, ipcBackoff: false.
2019-06-12 21:48:05,608 INFO  ipc.Server (Server.java:run(1074)) - Starting Socket Reader #1 for port 37573
2019-06-12 21:48:05,627 WARN  scm.ScmUtils (ScmUtils.java:getDBPath(63)) - ozone.om.db.dirs is not configured. We recommend adding this setting. Falling back to ozone.metadata.dirs instead.
2019-06-12 21:48:05,628 INFO  om.OzoneManager (OzoneManager.java:start(1217)) - OzoneManager RPC server is listening at localhost/127.0.0.1:37573
2019-06-12 21:48:05,628 INFO  impl.MetricsSystemImpl (MetricsSystemImpl.java:init(158)) - OzoneManager metrics system started (again)
2019-06-12 21:48:05,636 INFO  ipc.Server (Server.java:run(1153)) - IPC Server listener on 37573: starting
2019-06-12 21:48:05,636 INFO  ipc.Server (Server.java:run(1314)) - IPC Server Responder: starting
2019-06-12 21:48:05,642 INFO  hdfs.DFSUtil (DFSUtil.java:httpServerTemplateForNNAndJN(1641)) - Starting Web-server for ozoneManager at: http://0.0.0.0:0
2019-06-12 21:48:05,643 INFO  server.AuthenticationFilter (AuthenticationFilter.java:constructSecretProvider(240)) - Unable to initialize FileSignerSecretProvider, falling back to use random secrets.
2019-06-12 21:48:05,644 WARN  http.HttpRequestLog (HttpRequestLog.java:getRequestLog(97)) - Jetty request log can only be enabled using Log4j
2019-06-12 21:48:05,645 INFO  http.HttpServer2 (HttpServer2.java:addGlobalFilter(975)) - Added global filter 'safety' (class=org.apache.hadoop.http.HttpServer2$QuotingInputFilter)
2019-06-12 21:48:05,645 INFO  http.HttpServer2 (HttpServer2.java:addFilter(948)) - Added filter static_user_filter (class=org.apache.hadoop.http.lib.StaticUserWebFilter$StaticUserFilter) to context ozoneManager
2019-06-12 21:48:05,645 INFO  http.HttpServer2 (HttpServer2.java:addFilter(958)) - Added filter static_user_filter (class=org.apache.hadoop.http.lib.StaticUserWebFilter$StaticUserFilter) to context static
2019-06-12 21:48:05,646 INFO  http.HttpServer2 (HttpServer2.java:addFilter(958)) - Added filter static_user_filter (class=org.apache.hadoop.http.lib.StaticUserWebFilter$StaticUserFilter) to context logs
2019-06-12 21:48:05,646 INFO  http.HttpServer2 (HttpServer2.java:bindListener(1191)) - Jetty bound to port 44919
2019-06-12 21:48:05,646 INFO  server.Server (Server.java:doStart(351)) - jetty-9.3.24.v20180605, build timestamp: 2018-06-05T17:11:56Z, git hash: 84205aa28f11a4f31f2a3b86d1bba2cc8ab69827
2019-06-12 21:48:05,654 INFO  handler.ContextHandler (ContextHandler.java:doStart(781)) - Started o.e.j.s.ServletContextHandler@69c6e5{/logs,file:///opt/src/hadoop-ozone/integration-test/target/log,AVAILABLE}
2019-06-12 21:48:05,654 INFO  handler.ContextHandler (ContextHandler.java:doStart(781)) - Started o.e.j.s.ServletContextHandler@5929059c{/static,file:///opt/src/hadoop-ozone/integration-test/target/test-classes/webapps/static,AVAILABLE}
2019-06-12 21:48:05,659 INFO  handler.ContextHandler (ContextHandler.java:doStart(781)) - Started o.e.j.w.WebAppContext@1ecf784f{/,file:///opt/src/hadoop-ozone/integration-test/target/test-classes/webapps/ozoneManager/,AVAILABLE}{/ozoneManager}
2019-06-12 21:48:05,659 INFO  server.AbstractConnector (AbstractConnector.java:doStart(278)) - Started ServerConnector@344769b9{HTTP/1.1,[http/1.1]}{0.0.0.0:44919}
2019-06-12 21:48:05,660 INFO  server.Server (Server.java:doStart(419)) - Started @60748ms
2019-06-12 21:48:05,660 INFO  server.BaseHttpServer (BaseHttpServer.java:updateConnectorAddress(207)) - HTTP server of OZONEMANAGER is listening at http://0.0.0.0:44919
2019-06-12 21:48:05,677 INFO  impl.MetricsSystemImpl (MetricsSystemImpl.java:init(158)) - HddsDatanode metrics system started (again)
2019-06-12 21:48:05,677 INFO  ozone.HddsDatanodeService (HddsDatanodeService.java:start(185)) - HddsDatanodeService host:ozone-v57r8-234650721 ip:192.168.19.22
2019-06-12 21:48:05,686 INFO  volume.HddsVolume (HddsVolume.java:<init>(176)) - Creating Volume: /opt/src/hadoop-ozone/integration-test/target/test-dir/MiniOzoneClusterImpl-b0ef1507-0e8a-44f6-9aa6-b746b1ef39bc/datanode-0/data/containers/hdds of  storage type : DISK and capacity : 104021790720
2019-06-12 21:48:05,687 INFO  volume.VolumeSet (VolumeSet.java:initializeVolumeSet(170)) - Added Volume : /opt/src/hadoop-ozone/integration-test/target/test-dir/MiniOzoneClusterImpl-b0ef1507-0e8a-44f6-9aa6-b746b1ef39bc/datanode-0/data/containers/hdds to VolumeSet
2019-06-12 21:48:05,687 INFO  volume.ThrottledAsyncChecker (ThrottledAsyncChecker.java:schedule(140)) - Scheduling a check for org.apache.hadoop.ozone.container.common.volume.HddsVolume@1c25385a
2019-06-12 21:48:05,687 INFO  volume.HddsVolumeChecker (HddsVolumeChecker.java:checkAllVolumes(203)) - Scheduled health check for volume org.apache.hadoop.ozone.container.common.volume.HddsVolume@1c25385a
2019-06-12 21:48:05,702 INFO  ratis.XceiverServerRatis (XceiverServerRatis.java:newXceiverServerRatis(401)) - Found a free port for the server : 42761
2019-06-12 21:48:05,702 INFO  impl.RaftServerProxy (ConfUtils.java:logGet(43)) - raft.rpc.type = GRPC (default)
2019-06-12 21:48:05,703 INFO  grpc.GrpcConfigKeys$Server (ConfUtils.java:logGet(43)) - raft.grpc.server.port = 42761 (custom)
2019-06-12 21:48:05,703 INFO  server.GrpcService (ConfUtils.java:logGet(43)) - raft.grpc.message.size.max = 33570816 (custom)
2019-06-12 21:48:05,703 INFO  server.RaftServerConfigKeys (ConfUtils.java:logGet(43)) - raft.server.log.appender.buffer.byte-limit = 33554432 (custom)
2019-06-12 21:48:05,703 INFO  server.GrpcService (ConfUtils.java:logGet(43)) - raft.grpc.flow.control.window = 1MB (=1048576) (default)
2019-06-12 21:48:05,704 INFO  server.RaftServerConfigKeys (ConfUtils.java:logGet(43)) - raft.server.rpc.request.timeout = 3000ms (default)
2019-06-12 21:48:05,704 INFO  server.RaftServerConfigKeys (ConfUtils.java:logGet(43)) - raft.server.storage.dir = [/opt/src/hadoop-ozone/integration-test/target/test-dir/MiniOzoneClusterImpl-b0ef1507-0e8a-44f6-9aa6-b746b1ef39bc/datanode-0/data/ratis] (custom)
2019-06-12 21:48:05,704 INFO  server.XceiverServerGrpc (XceiverServerGrpc.java:<init>(97)) - Found a free port for the server : 35887
2019-06-12 21:48:05,705 INFO  replication.SimpleContainerDownloader (SimpleContainerDownloader.java:<init>(72)) - Starting container downloader service to copy containers to replicate.
2019-06-12 21:48:05,709 INFO  hdfs.DFSUtil (DFSUtil.java:httpServerTemplateForNNAndJN(1641)) - Starting Web-server for hddsDatanode at: http://0.0.0.0:0
2019-06-12 21:48:05,710 INFO  server.AuthenticationFilter (AuthenticationFilter.java:constructSecretProvider(240)) - Unable to initialize FileSignerSecretProvider, falling back to use random secrets.
2019-06-12 21:48:05,710 WARN  http.HttpRequestLog (HttpRequestLog.java:getRequestLog(97)) - Jetty request log can only be enabled using Log4j
2019-06-12 21:48:05,712 INFO  http.HttpServer2 (HttpServer2.java:addGlobalFilter(975)) - Added global filter 'safety' (class=org.apache.hadoop.http.HttpServer2$QuotingInputFilter)
2019-06-12 21:48:05,712 INFO  http.HttpServer2 (HttpServer2.java:addFilter(948)) - Added filter static_user_filter (class=org.apache.hadoop.http.lib.StaticUserWebFilter$StaticUserFilter) to context hddsDatanode
2019-06-12 21:48:05,713 INFO  http.HttpServer2 (HttpServer2.java:addFilter(958)) - Added filter static_user_filter (class=org.apache.hadoop.http.lib.StaticUserWebFilter$StaticUserFilter) to context static
2019-06-12 21:48:05,713 INFO  http.HttpServer2 (HttpServer2.java:addFilter(958)) - Added filter static_user_filter (class=org.apache.hadoop.http.lib.StaticUserWebFilter$StaticUserFilter) to context logs
2019-06-12 21:48:05,713 INFO  http.HttpServer2 (HttpServer2.java:bindListener(1191)) - Jetty bound to port 38365
2019-06-12 21:48:05,713 INFO  server.Server (Server.java:doStart(351)) - jetty-9.3.24.v20180605, build timestamp: 2018-06-05T17:11:56Z, git hash: 84205aa28f11a4f31f2a3b86d1bba2cc8ab69827
2019-06-12 21:48:05,715 INFO  handler.ContextHandler (ContextHandler.java:doStart(781)) - Started o.e.j.s.ServletContextHandler@21202507{/logs,file:///opt/src/hadoop-ozone/integration-test/target/log,AVAILABLE}
2019-06-12 21:48:05,715 INFO  handler.ContextHandler (ContextHandler.java:doStart(781)) - Started o.e.j.s.ServletContextHandler@4379fe2a{/static,jar:file:/root/.m2/repository/org/apache/hadoop/hadoop-hdds-container-service/0.5.0-SNAPSHOT/hadoop-hdds-container-service-0.5.0-SNAPSHOT.jar!/webapps/static,AVAILABLE}
2019-06-12 21:48:05,744 INFO  handler.ContextHandler (ContextHandler.java:doStart(781)) - Started o.e.j.w.WebAppContext@7d0312a{/,file:///tmp/jetty-0.0.0.0-38365-hddsDatanode-_-any-9048679959288515813.dir/webapp/,AVAILABLE}{/hddsDatanode}
2019-06-12 21:48:05,745 INFO  server.AbstractConnector (AbstractConnector.java:doStart(278)) - Started ServerConnector@6f00c40e{HTTP/1.1,[http/1.1]}{0.0.0.0:38365}
2019-06-12 21:48:05,752 INFO  server.Server (Server.java:doStart(419)) - Started @60841ms
2019-06-12 21:48:05,753 INFO  server.BaseHttpServer (BaseHttpServer.java:updateConnectorAddress(207)) - HTTP server of HDDSDATANODE is listening at http://0.0.0.0:38365
2019-06-12 21:48:05,869 INFO  ozone.HddsDatanodeService (HddsDatanodeService.java:startPlugins(396)) - Started plug-in org.apache.hadoop.ozone.web.OzoneHddsDatanodeService@129348e8
2019-06-12 21:48:05,873 INFO  impl.MetricsSystemImpl (MetricsSystemImpl.java:init(158)) - HddsDatanode metrics system started (again)
2019-06-12 21:48:05,874 INFO  ozone.HddsDatanodeService (HddsDatanodeService.java:start(185)) - HddsDatanodeService host:ozone-v57r8-234650721 ip:192.168.19.22
2019-06-12 21:48:05,894 INFO  volume.HddsVolume (HddsVolume.java:<init>(176)) - Creating Volume: /opt/src/hadoop-ozone/integration-test/target/test-dir/MiniOzoneClusterImpl-b0ef1507-0e8a-44f6-9aa6-b746b1ef39bc/datanode-1/data/containers/hdds of  storage type : DISK and capacity : 104021790720
2019-06-12 21:48:05,895 INFO  volume.VolumeSet (VolumeSet.java:initializeVolumeSet(170)) - Added Volume : /opt/src/hadoop-ozone/integration-test/target/test-dir/MiniOzoneClusterImpl-b0ef1507-0e8a-44f6-9aa6-b746b1ef39bc/datanode-1/data/containers/hdds to VolumeSet
2019-06-12 21:48:05,895 INFO  volume.ThrottledAsyncChecker (ThrottledAsyncChecker.java:schedule(140)) - Scheduling a check for org.apache.hadoop.ozone.container.common.volume.HddsVolume@64836643
2019-06-12 21:48:05,901 INFO  volume.HddsVolumeChecker (HddsVolumeChecker.java:checkAllVolumes(203)) - Scheduled health check for volume org.apache.hadoop.ozone.container.common.volume.HddsVolume@64836643
2019-06-12 21:48:05,914 INFO  ratis.XceiverServerRatis (XceiverServerRatis.java:newXceiverServerRatis(401)) - Found a free port for the server : 38725
2019-06-12 21:48:05,914 INFO  impl.RaftServerProxy (ConfUtils.java:logGet(43)) - raft.rpc.type = GRPC (default)
2019-06-12 21:48:05,914 INFO  grpc.GrpcConfigKeys$Server (ConfUtils.java:logGet(43)) - raft.grpc.server.port = 38725 (custom)
2019-06-12 21:48:05,915 INFO  server.GrpcService (ConfUtils.java:logGet(43)) - raft.grpc.message.size.max = 33570816 (custom)
2019-06-12 21:48:05,915 INFO  server.RaftServerConfigKeys (ConfUtils.java:logGet(43)) - raft.server.log.appender.buffer.byte-limit = 33554432 (custom)
2019-06-12 21:48:05,915 INFO  server.GrpcService (ConfUtils.java:logGet(43)) - raft.grpc.flow.control.window = 1MB (=1048576) (default)
2019-06-12 21:48:05,915 INFO  server.RaftServerConfigKeys (ConfUtils.java:logGet(43)) - raft.server.rpc.request.timeout = 3000ms (default)
2019-06-12 21:48:05,916 INFO  server.RaftServerConfigKeys (ConfUtils.java:logGet(43)) - raft.server.storage.dir = [/opt/src/hadoop-ozone/integration-test/target/test-dir/MiniOzoneClusterImpl-b0ef1507-0e8a-44f6-9aa6-b746b1ef39bc/datanode-1/data/ratis] (custom)
2019-06-12 21:48:05,916 INFO  server.XceiverServerGrpc (XceiverServerGrpc.java:<init>(97)) - Found a free port for the server : 39973
2019-06-12 21:48:05,916 INFO  replication.SimpleContainerDownloader (SimpleContainerDownloader.java:<init>(72)) - Starting container downloader service to copy containers to replicate.
2019-06-12 21:48:05,917 INFO  hdfs.DFSUtil (DFSUtil.java:httpServerTemplateForNNAndJN(1641)) - Starting Web-server for hddsDatanode at: http://0.0.0.0:0
2019-06-12 21:48:05,919 INFO  server.AuthenticationFilter (AuthenticationFilter.java:constructSecretProvider(240)) - Unable to initialize FileSignerSecretProvider, falling back to use random secrets.
2019-06-12 21:48:05,927 WARN  http.HttpRequestLog (HttpRequestLog.java:getRequestLog(97)) - Jetty request log can only be enabled using Log4j
2019-06-12 21:48:05,929 INFO  http.HttpServer2 (HttpServer2.java:addGlobalFilter(975)) - Added global filter 'safety' (class=org.apache.hadoop.http.HttpServer2$QuotingInputFilter)
2019-06-12 21:48:05,929 INFO  http.HttpServer2 (HttpServer2.java:addFilter(948)) - Added filter static_user_filter (class=org.apache.hadoop.http.lib.StaticUserWebFilter$StaticUserFilter) to context hddsDatanode
2019-06-12 21:48:05,930 INFO  http.HttpServer2 (HttpServer2.java:addFilter(958)) - Added filter static_user_filter (class=org.apache.hadoop.http.lib.StaticUserWebFilter$StaticUserFilter) to context logs
2019-06-12 21:48:05,930 INFO  http.HttpServer2 (HttpServer2.java:addFilter(958)) - Added filter static_user_filter (class=org.apache.hadoop.http.lib.StaticUserWebFilter$StaticUserFilter) to context static
2019-06-12 21:48:05,930 INFO  http.HttpServer2 (HttpServer2.java:bindListener(1191)) - Jetty bound to port 33807
2019-06-12 21:48:05,931 INFO  server.Server (Server.java:doStart(351)) - jetty-9.3.24.v20180605, build timestamp: 2018-06-05T17:11:56Z, git hash: 84205aa28f11a4f31f2a3b86d1bba2cc8ab69827
2019-06-12 21:48:05,935 INFO  datanode.InitDatanodeState (InitDatanodeState.java:persistContainerDatanodeDetails(140)) - DatanodeDetails is persisted to /opt/src/hadoop-ozone/integration-test/target/test-dir/MiniOzoneClusterImpl-b0ef1507-0e8a-44f6-9aa6-b746b1ef39bc/datanode-0/meta/datanode.id
2019-06-12 21:48:05,937 INFO  util.JvmPauseMonitor (JvmPauseMonitor.java:run(188)) - Starting JVM pause monitor
2019-06-12 21:48:05,946 INFO  handler.ContextHandler (ContextHandler.java:doStart(781)) - Started o.e.j.s.ServletContextHandler@743f58c3{/logs,file:///opt/src/hadoop-ozone/integration-test/target/log,AVAILABLE}
2019-06-12 21:48:05,946 INFO  handler.ContextHandler (ContextHandler.java:doStart(781)) - Started o.e.j.s.ServletContextHandler@28f6a008{/static,jar:file:/root/.m2/repository/org/apache/hadoop/hadoop-hdds-container-service/0.5.0-SNAPSHOT/hadoop-hdds-container-service-0.5.0-SNAPSHOT.jar!/webapps/static,AVAILABLE}
2019-06-12 21:48:05,990 INFO  handler.ContextHandler (ContextHandler.java:doStart(781)) - Started o.e.j.w.WebAppContext@1828ab51{/,file:///tmp/jetty-0.0.0.0-33807-hddsDatanode-_-any-7532922471951209754.dir/webapp/,AVAILABLE}{/hddsDatanode}
2019-06-12 21:48:05,996 INFO  server.AbstractConnector (AbstractConnector.java:doStart(278)) - Started ServerConnector@32728e7a{HTTP/1.1,[http/1.1]}{0.0.0.0:33807}
2019-06-12 21:48:05,997 INFO  server.Server (Server.java:doStart(419)) - Started @61085ms
2019-06-12 21:48:05,997 INFO  server.BaseHttpServer (BaseHttpServer.java:updateConnectorAddress(207)) - HTTP server of HDDSDATANODE is listening at http://0.0.0.0:33807
2019-06-12 21:48:06,198 INFO  ozone.HddsDatanodeService (HddsDatanodeService.java:startPlugins(396)) - Started plug-in org.apache.hadoop.ozone.web.OzoneHddsDatanodeService@74cf2d5f
2019-06-12 21:48:06,201 INFO  impl.MetricsSystemImpl (MetricsSystemImpl.java:init(158)) - HddsDatanode metrics system started (again)
2019-06-12 21:48:06,202 INFO  ozone.HddsDatanodeService (HddsDatanodeService.java:start(185)) - HddsDatanodeService host:ozone-v57r8-234650721 ip:192.168.19.22
2019-06-12 21:48:06,221 INFO  volume.HddsVolume (HddsVolume.java:<init>(176)) - Creating Volume: /opt/src/hadoop-ozone/integration-test/target/test-dir/MiniOzoneClusterImpl-b0ef1507-0e8a-44f6-9aa6-b746b1ef39bc/datanode-2/data/containers/hdds of  storage type : DISK and capacity : 104021790720
2019-06-12 21:48:06,222 INFO  volume.VolumeSet (VolumeSet.java:initializeVolumeSet(170)) - Added Volume : /opt/src/hadoop-ozone/integration-test/target/test-dir/MiniOzoneClusterImpl-b0ef1507-0e8a-44f6-9aa6-b746b1ef39bc/datanode-2/data/containers/hdds to VolumeSet
2019-06-12 21:48:06,222 INFO  volume.ThrottledAsyncChecker (ThrottledAsyncChecker.java:schedule(140)) - Scheduling a check for org.apache.hadoop.ozone.container.common.volume.HddsVolume@7e577eed
2019-06-12 21:48:06,233 INFO  util.JvmPauseMonitor (JvmPauseMonitor.java:run(188)) - Starting JVM pause monitor
2019-06-12 21:48:06,238 INFO  volume.HddsVolumeChecker (HddsVolumeChecker.java:checkAllVolumes(203)) - Scheduled health check for volume org.apache.hadoop.ozone.container.common.volume.HddsVolume@7e577eed
2019-06-12 21:48:06,246 INFO  datanode.InitDatanodeState (InitDatanodeState.java:persistContainerDatanodeDetails(140)) - DatanodeDetails is persisted to /opt/src/hadoop-ozone/integration-test/target/test-dir/MiniOzoneClusterImpl-b0ef1507-0e8a-44f6-9aa6-b746b1ef39bc/datanode-1/meta/datanode.id
2019-06-12 21:48:06,251 INFO  ratis.XceiverServerRatis (XceiverServerRatis.java:newXceiverServerRatis(401)) - Found a free port for the server : 42669
2019-06-12 21:48:06,254 INFO  impl.RaftServerProxy (ConfUtils.java:logGet(43)) - raft.rpc.type = GRPC (default)
2019-06-12 21:48:06,254 INFO  grpc.GrpcConfigKeys$Server (ConfUtils.java:logGet(43)) - raft.grpc.server.port = 42669 (custom)
2019-06-12 21:48:06,254 INFO  server.GrpcService (ConfUtils.java:logGet(43)) - raft.grpc.message.size.max = 33570816 (custom)
2019-06-12 21:48:06,254 INFO  server.RaftServerConfigKeys (ConfUtils.java:logGet(43)) - raft.server.log.appender.buffer.byte-limit = 33554432 (custom)
2019-06-12 21:48:06,254 INFO  server.GrpcService (ConfUtils.java:logGet(43)) - raft.grpc.flow.control.window = 1MB (=1048576) (default)
2019-06-12 21:48:06,255 INFO  server.RaftServerConfigKeys (ConfUtils.java:logGet(43)) - raft.server.rpc.request.timeout = 3000ms (default)
2019-06-12 21:48:06,255 INFO  server.RaftServerConfigKeys (ConfUtils.java:logGet(43)) - raft.server.storage.dir = [/opt/src/hadoop-ozone/integration-test/target/test-dir/MiniOzoneClusterImpl-b0ef1507-0e8a-44f6-9aa6-b746b1ef39bc/datanode-2/data/ratis] (custom)
2019-06-12 21:48:06,255 INFO  server.XceiverServerGrpc (XceiverServerGrpc.java:<init>(97)) - Found a free port for the server : 46799
2019-06-12 21:48:06,255 INFO  replication.SimpleContainerDownloader (SimpleContainerDownloader.java:<init>(72)) - Starting container downloader service to copy containers to replicate.
2019-06-12 21:48:06,256 INFO  hdfs.DFSUtil (DFSUtil.java:httpServerTemplateForNNAndJN(1641)) - Starting Web-server for hddsDatanode at: http://0.0.0.0:0
2019-06-12 21:48:06,257 INFO  server.AuthenticationFilter (AuthenticationFilter.java:constructSecretProvider(240)) - Unable to initialize FileSignerSecretProvider, falling back to use random secrets.
2019-06-12 21:48:06,258 WARN  http.HttpRequestLog (HttpRequestLog.java:getRequestLog(97)) - Jetty request log can only be enabled using Log4j
2019-06-12 21:48:06,259 INFO  http.HttpServer2 (HttpServer2.java:addGlobalFilter(975)) - Added global filter 'safety' (class=org.apache.hadoop.http.HttpServer2$QuotingInputFilter)
2019-06-12 21:48:06,259 INFO  http.HttpServer2 (HttpServer2.java:addFilter(948)) - Added filter static_user_filter (class=org.apache.hadoop.http.lib.StaticUserWebFilter$StaticUserFilter) to context hddsDatanode
2019-06-12 21:48:06,260 INFO  http.HttpServer2 (HttpServer2.java:addFilter(958)) - Added filter static_user_filter (class=org.apache.hadoop.http.lib.StaticUserWebFilter$StaticUserFilter) to context logs
2019-06-12 21:48:06,260 INFO  http.HttpServer2 (HttpServer2.java:addFilter(958)) - Added filter static_user_filter (class=org.apache.hadoop.http.lib.StaticUserWebFilter$StaticUserFilter) to context static
2019-06-12 21:48:06,260 INFO  http.HttpServer2 (HttpServer2.java:bindListener(1191)) - Jetty bound to port 35989
2019-06-12 21:48:06,260 INFO  server.Server (Server.java:doStart(351)) - jetty-9.3.24.v20180605, build timestamp: 2018-06-05T17:11:56Z, git hash: 84205aa28f11a4f31f2a3b86d1bba2cc8ab69827
2019-06-12 21:48:06,270 INFO  handler.ContextHandler (ContextHandler.java:doStart(781)) - Started o.e.j.s.ServletContextHandler@267a8777{/logs,file:///opt/src/hadoop-ozone/integration-test/target/log,AVAILABLE}
2019-06-12 21:48:06,270 INFO  handler.ContextHandler (ContextHandler.java:doStart(781)) - Started o.e.j.s.ServletContextHandler@623bdc46{/static,jar:file:/root/.m2/repository/org/apache/hadoop/hadoop-hdds-container-service/0.5.0-SNAPSHOT/hadoop-hdds-container-service-0.5.0-SNAPSHOT.jar!/webapps/static,AVAILABLE}
2019-06-12 21:48:06,298 INFO  handler.ContextHandler (ContextHandler.java:doStart(781)) - Started o.e.j.w.WebAppContext@d62feaf{/,file:///tmp/jetty-0.0.0.0-35989-hddsDatanode-_-any-4777961265727550500.dir/webapp/,AVAILABLE}{/hddsDatanode}
2019-06-12 21:48:06,298 INFO  server.AbstractConnector (AbstractConnector.java:doStart(278)) - Started ServerConnector@3093161a{HTTP/1.1,[http/1.1]}{0.0.0.0:35989}
2019-06-12 21:48:06,302 INFO  server.Server (Server.java:doStart(419)) - Started @61390ms
2019-06-12 21:48:06,303 INFO  server.BaseHttpServer (BaseHttpServer.java:updateConnectorAddress(207)) - HTTP server of HDDSDATANODE is listening at http://0.0.0.0:35989
2019-06-12 21:48:06,419 INFO  ozone.HddsDatanodeService (HddsDatanodeService.java:startPlugins(396)) - Started plug-in org.apache.hadoop.ozone.web.OzoneHddsDatanodeService@756030e2
2019-06-12 21:48:06,425 INFO  impl.MetricsSystemImpl (MetricsSystemImpl.java:init(158)) - HddsDatanode metrics system started (again)
2019-06-12 21:48:06,426 INFO  ozone.HddsDatanodeService (HddsDatanodeService.java:start(185)) - HddsDatanodeService host:ozone-v57r8-234650721 ip:192.168.19.22
2019-06-12 21:48:06,433 INFO  datanode.InitDatanodeState (InitDatanodeState.java:persistContainerDatanodeDetails(140)) - DatanodeDetails is persisted to /opt/src/hadoop-ozone/integration-test/target/test-dir/MiniOzoneClusterImpl-b0ef1507-0e8a-44f6-9aa6-b746b1ef39bc/datanode-2/meta/datanode.id
2019-06-12 21:48:06,433 INFO  util.JvmPauseMonitor (JvmPauseMonitor.java:run(188)) - Starting JVM pause monitor
2019-06-12 21:48:06,443 INFO  volume.HddsVolume (HddsVolume.java:<init>(176)) - Creating Volume: /opt/src/hadoop-ozone/integration-test/target/test-dir/MiniOzoneClusterImpl-b0ef1507-0e8a-44f6-9aa6-b746b1ef39bc/datanode-3/data/containers/hdds of  storage type : DISK and capacity : 104021790720
2019-06-12 21:48:06,444 INFO  volume.VolumeSet (VolumeSet.java:initializeVolumeSet(170)) - Added Volume : /opt/src/hadoop-ozone/integration-test/target/test-dir/MiniOzoneClusterImpl-b0ef1507-0e8a-44f6-9aa6-b746b1ef39bc/datanode-3/data/containers/hdds to VolumeSet
2019-06-12 21:48:06,444 INFO  volume.ThrottledAsyncChecker (ThrottledAsyncChecker.java:schedule(140)) - Scheduling a check for org.apache.hadoop.ozone.container.common.volume.HddsVolume@2b569858
2019-06-12 21:48:06,445 INFO  volume.HddsVolumeChecker (HddsVolumeChecker.java:checkAllVolumes(203)) - Scheduled health check for volume org.apache.hadoop.ozone.container.common.volume.HddsVolume@2b569858
2019-06-12 21:48:06,453 INFO  ratis.XceiverServerRatis (XceiverServerRatis.java:newXceiverServerRatis(401)) - Found a free port for the server : 40195
2019-06-12 21:48:06,456 INFO  impl.RaftServerProxy (ConfUtils.java:logGet(43)) - raft.rpc.type = GRPC (default)
2019-06-12 21:48:06,457 INFO  grpc.GrpcConfigKeys$Server (ConfUtils.java:logGet(43)) - raft.grpc.server.port = 40195 (custom)
2019-06-12 21:48:06,457 INFO  server.GrpcService (ConfUtils.java:logGet(43)) - raft.grpc.message.size.max = 33570816 (custom)
2019-06-12 21:48:06,457 INFO  server.RaftServerConfigKeys (ConfUtils.java:logGet(43)) - raft.server.log.appender.buffer.byte-limit = 33554432 (custom)
2019-06-12 21:48:06,457 INFO  server.GrpcService (ConfUtils.java:logGet(43)) - raft.grpc.flow.control.window = 1MB (=1048576) (default)
2019-06-12 21:48:06,457 INFO  server.RaftServerConfigKeys (ConfUtils.java:logGet(43)) - raft.server.rpc.request.timeout = 3000ms (default)
2019-06-12 21:48:06,457 INFO  server.RaftServerConfigKeys (ConfUtils.java:logGet(43)) - raft.server.storage.dir = [/opt/src/hadoop-ozone/integration-test/target/test-dir/MiniOzoneClusterImpl-b0ef1507-0e8a-44f6-9aa6-b746b1ef39bc/datanode-3/data/ratis] (custom)
2019-06-12 21:48:06,458 INFO  server.XceiverServerGrpc (XceiverServerGrpc.java:<init>(97)) - Found a free port for the server : 38561
2019-06-12 21:48:06,458 INFO  replication.SimpleContainerDownloader (SimpleContainerDownloader.java:<init>(72)) - Starting container downloader service to copy containers to replicate.
2019-06-12 21:48:06,460 INFO  hdfs.DFSUtil (DFSUtil.java:httpServerTemplateForNNAndJN(1641)) - Starting Web-server for hddsDatanode at: http://0.0.0.0:0
2019-06-12 21:48:06,461 INFO  server.AuthenticationFilter (AuthenticationFilter.java:constructSecretProvider(240)) - Unable to initialize FileSignerSecretProvider, falling back to use random secrets.
2019-06-12 21:48:06,461 WARN  http.HttpRequestLog (HttpRequestLog.java:getRequestLog(97)) - Jetty request log can only be enabled using Log4j
2019-06-12 21:48:06,462 INFO  http.HttpServer2 (HttpServer2.java:addGlobalFilter(975)) - Added global filter 'safety' (class=org.apache.hadoop.http.HttpServer2$QuotingInputFilter)
2019-06-12 21:48:06,462 INFO  http.HttpServer2 (HttpServer2.java:addFilter(948)) - Added filter static_user_filter (class=org.apache.hadoop.http.lib.StaticUserWebFilter$StaticUserFilter) to context hddsDatanode
2019-06-12 21:48:06,462 INFO  http.HttpServer2 (HttpServer2.java:addFilter(958)) - Added filter static_user_filter (class=org.apache.hadoop.http.lib.StaticUserWebFilter$StaticUserFilter) to context static
2019-06-12 21:48:06,462 INFO  http.HttpServer2 (HttpServer2.java:addFilter(958)) - Added filter static_user_filter (class=org.apache.hadoop.http.lib.StaticUserWebFilter$StaticUserFilter) to context logs
2019-06-12 21:48:06,463 INFO  http.HttpServer2 (HttpServer2.java:bindListener(1191)) - Jetty bound to port 39659
2019-06-12 21:48:06,463 INFO  server.Server (Server.java:doStart(351)) - jetty-9.3.24.v20180605, build timestamp: 2018-06-05T17:11:56Z, git hash: 84205aa28f11a4f31f2a3b86d1bba2cc8ab69827
2019-06-12 21:48:06,465 INFO  handler.ContextHandler (ContextHandler.java:doStart(781)) - Started o.e.j.s.ServletContextHandler@30ce78e3{/logs,file:///opt/src/hadoop-ozone/integration-test/target/log,AVAILABLE}
2019-06-12 21:48:06,465 INFO  handler.ContextHandler (ContextHandler.java:doStart(781)) - Started o.e.j.s.ServletContextHandler@34a482d0{/static,jar:file:/root/.m2/repository/org/apache/hadoop/hadoop-hdds-container-service/0.5.0-SNAPSHOT/hadoop-hdds-container-service-0.5.0-SNAPSHOT.jar!/webapps/static,AVAILABLE}
2019-06-12 21:48:06,487 INFO  handler.ContextHandler (ContextHandler.java:doStart(781)) - Started o.e.j.w.WebAppContext@493489dd{/,file:///tmp/jetty-0.0.0.0-39659-hddsDatanode-_-any-8627241099488672911.dir/webapp/,AVAILABLE}{/hddsDatanode}
2019-06-12 21:48:06,491 INFO  server.AbstractConnector (AbstractConnector.java:doStart(278)) - Started ServerConnector@5f65e82f{HTTP/1.1,[http/1.1]}{0.0.0.0:39659}
2019-06-12 21:48:06,492 INFO  server.Server (Server.java:doStart(419)) - Started @61580ms
2019-06-12 21:48:06,492 INFO  server.BaseHttpServer (BaseHttpServer.java:updateConnectorAddress(207)) - HTTP server of HDDSDATANODE is listening at http://0.0.0.0:39659
2019-06-12 21:48:06,595 INFO  ozone.HddsDatanodeService (HddsDatanodeService.java:startPlugins(396)) - Started plug-in org.apache.hadoop.ozone.web.OzoneHddsDatanodeService@3074575a
2019-06-12 21:48:06,596 INFO  impl.MetricsSystemImpl (MetricsSystemImpl.java:init(158)) - HddsDatanode metrics system started (again)
2019-06-12 21:48:06,596 INFO  ozone.HddsDatanodeService (HddsDatanodeService.java:start(185)) - HddsDatanodeService host:ozone-v57r8-234650721 ip:192.168.19.22
2019-06-12 21:48:06,602 INFO  util.JvmPauseMonitor (JvmPauseMonitor.java:run(188)) - Starting JVM pause monitor
2019-06-12 21:48:06,603 INFO  datanode.InitDatanodeState (InitDatanodeState.java:persistContainerDatanodeDetails(140)) - DatanodeDetails is persisted to /opt/src/hadoop-ozone/integration-test/target/test-dir/MiniOzoneClusterImpl-b0ef1507-0e8a-44f6-9aa6-b746b1ef39bc/datanode-3/meta/datanode.id
2019-06-12 21:48:06,619 INFO  volume.HddsVolume (HddsVolume.java:<init>(176)) - Creating Volume: /opt/src/hadoop-ozone/integration-test/target/test-dir/MiniOzoneClusterImpl-b0ef1507-0e8a-44f6-9aa6-b746b1ef39bc/datanode-4/data/containers/hdds of  storage type : DISK and capacity : 104021790720
2019-06-12 21:48:06,620 INFO  volume.VolumeSet (VolumeSet.java:initializeVolumeSet(170)) - Added Volume : /opt/src/hadoop-ozone/integration-test/target/test-dir/MiniOzoneClusterImpl-b0ef1507-0e8a-44f6-9aa6-b746b1ef39bc/datanode-4/data/containers/hdds to VolumeSet
2019-06-12 21:48:06,620 INFO  volume.ThrottledAsyncChecker (ThrottledAsyncChecker.java:schedule(140)) - Scheduling a check for org.apache.hadoop.ozone.container.common.volume.HddsVolume@663cc8c9
2019-06-12 21:48:06,620 INFO  volume.HddsVolumeChecker (HddsVolumeChecker.java:checkAllVolumes(203)) - Scheduled health check for volume org.apache.hadoop.ozone.container.common.volume.HddsVolume@663cc8c9
2019-06-12 21:48:06,629 INFO  ratis.XceiverServerRatis (XceiverServerRatis.java:newXceiverServerRatis(401)) - Found a free port for the server : 45855
2019-06-12 21:48:06,633 INFO  impl.RaftServerProxy (ConfUtils.java:logGet(43)) - raft.rpc.type = GRPC (default)
2019-06-12 21:48:06,633 INFO  grpc.GrpcConfigKeys$Server (ConfUtils.java:logGet(43)) - raft.grpc.server.port = 45855 (custom)
2019-06-12 21:48:06,634 INFO  server.GrpcService (ConfUtils.java:logGet(43)) - raft.grpc.message.size.max = 33570816 (custom)
2019-06-12 21:48:06,634 INFO  server.RaftServerConfigKeys (ConfUtils.java:logGet(43)) - raft.server.log.appender.buffer.byte-limit = 33554432 (custom)
2019-06-12 21:48:06,634 INFO  server.GrpcService (ConfUtils.java:logGet(43)) - raft.grpc.flow.control.window = 1MB (=1048576) (default)
2019-06-12 21:48:06,634 INFO  server.RaftServerConfigKeys (ConfUtils.java:logGet(43)) - raft.server.rpc.request.timeout = 3000ms (default)
2019-06-12 21:48:06,634 INFO  server.RaftServerConfigKeys (ConfUtils.java:logGet(43)) - raft.server.storage.dir = [/opt/src/hadoop-ozone/integration-test/target/test-dir/MiniOzoneClusterImpl-b0ef1507-0e8a-44f6-9aa6-b746b1ef39bc/datanode-4/data/ratis] (custom)
2019-06-12 21:48:06,634 INFO  server.XceiverServerGrpc (XceiverServerGrpc.java:<init>(97)) - Found a free port for the server : 42073
2019-06-12 21:48:06,635 INFO  replication.SimpleContainerDownloader (SimpleContainerDownloader.java:<init>(72)) - Starting container downloader service to copy containers to replicate.
2019-06-12 21:48:06,636 INFO  hdfs.DFSUtil (DFSUtil.java:httpServerTemplateForNNAndJN(1641)) - Starting Web-server for hddsDatanode at: http://0.0.0.0:0
2019-06-12 21:48:06,637 INFO  server.AuthenticationFilter (AuthenticationFilter.java:constructSecretProvider(240)) - Unable to initialize FileSignerSecretProvider, falling back to use random secrets.
2019-06-12 21:48:06,637 WARN  http.HttpRequestLog (HttpRequestLog.java:getRequestLog(97)) - Jetty request log can only be enabled using Log4j
2019-06-12 21:48:06,639 INFO  http.HttpServer2 (HttpServer2.java:addGlobalFilter(975)) - Added global filter 'safety' (class=org.apache.hadoop.http.HttpServer2$QuotingInputFilter)
2019-06-12 21:48:06,639 INFO  http.HttpServer2 (HttpServer2.java:addFilter(948)) - Added filter static_user_filter (class=org.apache.hadoop.http.lib.StaticUserWebFilter$StaticUserFilter) to context hddsDatanode
2019-06-12 21:48:06,639 INFO  http.HttpServer2 (HttpServer2.java:addFilter(958)) - Added filter static_user_filter (class=org.apache.hadoop.http.lib.StaticUserWebFilter$StaticUserFilter) to context logs
2019-06-12 21:48:06,639 INFO  http.HttpServer2 (HttpServer2.java:addFilter(958)) - Added filter static_user_filter (class=org.apache.hadoop.http.lib.StaticUserWebFilter$StaticUserFilter) to context static
2019-06-12 21:48:06,640 INFO  http.HttpServer2 (HttpServer2.java:bindListener(1191)) - Jetty bound to port 36511
2019-06-12 21:48:06,640 INFO  server.Server (Server.java:doStart(351)) - jetty-9.3.24.v20180605, build timestamp: 2018-06-05T17:11:56Z, git hash: 84205aa28f11a4f31f2a3b86d1bba2cc8ab69827
2019-06-12 21:48:06,641 INFO  handler.ContextHandler (ContextHandler.java:doStart(781)) - Started o.e.j.s.ServletContextHandler@23c61c1b{/logs,file:///opt/src/hadoop-ozone/integration-test/target/log,AVAILABLE}
2019-06-12 21:48:06,641 INFO  handler.ContextHandler (ContextHandler.java:doStart(781)) - Started o.e.j.s.ServletContextHandler@773cc551{/static,jar:file:/root/.m2/repository/org/apache/hadoop/hadoop-hdds-container-service/0.5.0-SNAPSHOT/hadoop-hdds-container-service-0.5.0-SNAPSHOT.jar!/webapps/static,AVAILABLE}
2019-06-12 21:48:06,662 INFO  handler.ContextHandler (ContextHandler.java:doStart(781)) - Started o.e.j.w.WebAppContext@27d44578{/,file:///tmp/jetty-0.0.0.0-36511-hddsDatanode-_-any-8246151880733012304.dir/webapp/,AVAILABLE}{/hddsDatanode}
2019-06-12 21:48:06,662 INFO  server.AbstractConnector (AbstractConnector.java:doStart(278)) - Started ServerConnector@2446597e{HTTP/1.1,[http/1.1]}{0.0.0.0:36511}
2019-06-12 21:48:06,665 INFO  server.Server (Server.java:doStart(419)) - Started @61753ms
2019-06-12 21:48:06,665 INFO  server.BaseHttpServer (BaseHttpServer.java:updateConnectorAddress(207)) - HTTP server of HDDSDATANODE is listening at http://0.0.0.0:36511
2019-06-12 21:48:06,748 INFO  ozone.HddsDatanodeService (HddsDatanodeService.java:startPlugins(396)) - Started plug-in org.apache.hadoop.ozone.web.OzoneHddsDatanodeService@a1be5cb
2019-06-12 21:48:06,748 INFO  impl.MetricsSystemImpl (MetricsSystemImpl.java:init(158)) - HddsDatanode metrics system started (again)
2019-06-12 21:48:06,749 INFO  ozone.HddsDatanodeService (HddsDatanodeService.java:start(185)) - HddsDatanodeService host:ozone-v57r8-234650721 ip:192.168.19.22
2019-06-12 21:48:06,753 INFO  util.JvmPauseMonitor (JvmPauseMonitor.java:run(188)) - Starting JVM pause monitor
2019-06-12 21:48:06,762 INFO  datanode.InitDatanodeState (InitDatanodeState.java:persistContainerDatanodeDetails(140)) - DatanodeDetails is persisted to /opt/src/hadoop-ozone/integration-test/target/test-dir/MiniOzoneClusterImpl-b0ef1507-0e8a-44f6-9aa6-b746b1ef39bc/datanode-4/meta/datanode.id
2019-06-12 21:48:06,770 INFO  volume.HddsVolume (HddsVolume.java:<init>(176)) - Creating Volume: /opt/src/hadoop-ozone/integration-test/target/test-dir/MiniOzoneClusterImpl-b0ef1507-0e8a-44f6-9aa6-b746b1ef39bc/datanode-5/data/containers/hdds of  storage type : DISK and capacity : 104021790720
2019-06-12 21:48:06,770 INFO  volume.VolumeSet (VolumeSet.java:initializeVolumeSet(170)) - Added Volume : /opt/src/hadoop-ozone/integration-test/target/test-dir/MiniOzoneClusterImpl-b0ef1507-0e8a-44f6-9aa6-b746b1ef39bc/datanode-5/data/containers/hdds to VolumeSet
2019-06-12 21:48:06,770 INFO  volume.ThrottledAsyncChecker (ThrottledAsyncChecker.java:schedule(140)) - Scheduling a check for org.apache.hadoop.ozone.container.common.volume.HddsVolume@190cc39e
2019-06-12 21:48:06,770 INFO  volume.HddsVolumeChecker (HddsVolumeChecker.java:checkAllVolumes(203)) - Scheduled health check for volume org.apache.hadoop.ozone.container.common.volume.HddsVolume@190cc39e
2019-06-12 21:48:06,778 INFO  ratis.XceiverServerRatis (XceiverServerRatis.java:newXceiverServerRatis(401)) - Found a free port for the server : 41559
2019-06-12 21:48:06,781 INFO  impl.RaftServerProxy (ConfUtils.java:logGet(43)) - raft.rpc.type = GRPC (default)
2019-06-12 21:48:06,781 INFO  grpc.GrpcConfigKeys$Server (ConfUtils.java:logGet(43)) - raft.grpc.server.port = 41559 (custom)
2019-06-12 21:48:06,782 INFO  server.GrpcService (ConfUtils.java:logGet(43)) - raft.grpc.message.size.max = 33570816 (custom)
2019-06-12 21:48:06,782 INFO  server.RaftServerConfigKeys (ConfUtils.java:logGet(43)) - raft.server.log.appender.buffer.byte-limit = 33554432 (custom)
2019-06-12 21:48:06,782 INFO  server.GrpcService (ConfUtils.java:logGet(43)) - raft.grpc.flow.control.window = 1MB (=1048576) (default)
2019-06-12 21:48:06,782 INFO  server.RaftServerConfigKeys (ConfUtils.java:logGet(43)) - raft.server.rpc.request.timeout = 3000ms (default)
2019-06-12 21:48:06,782 INFO  server.RaftServerConfigKeys (ConfUtils.java:logGet(43)) - raft.server.storage.dir = [/opt/src/hadoop-ozone/integration-test/target/test-dir/MiniOzoneClusterImpl-b0ef1507-0e8a-44f6-9aa6-b746b1ef39bc/datanode-5/data/ratis] (custom)
2019-06-12 21:48:06,783 INFO  server.XceiverServerGrpc (XceiverServerGrpc.java:<init>(97)) - Found a free port for the server : 42381
2019-06-12 21:48:06,783 INFO  replication.SimpleContainerDownloader (SimpleContainerDownloader.java:<init>(72)) - Starting container downloader service to copy containers to replicate.
2019-06-12 21:48:06,784 INFO  hdfs.DFSUtil (DFSUtil.java:httpServerTemplateForNNAndJN(1641)) - Starting Web-server for hddsDatanode at: http://0.0.0.0:0
2019-06-12 21:48:06,785 INFO  server.AuthenticationFilter (AuthenticationFilter.java:constructSecretProvider(240)) - Unable to initialize FileSignerSecretProvider, falling back to use random secrets.
2019-06-12 21:48:06,785 WARN  http.HttpRequestLog (HttpRequestLog.java:getRequestLog(97)) - Jetty request log can only be enabled using Log4j
2019-06-12 21:48:06,786 INFO  http.HttpServer2 (HttpServer2.java:addGlobalFilter(975)) - Added global filter 'safety' (class=org.apache.hadoop.http.HttpServer2$QuotingInputFilter)
2019-06-12 21:48:06,786 INFO  http.HttpServer2 (HttpServer2.java:addFilter(948)) - Added filter static_user_filter (class=org.apache.hadoop.http.lib.StaticUserWebFilter$StaticUserFilter) to context hddsDatanode
2019-06-12 21:48:06,786 INFO  http.HttpServer2 (HttpServer2.java:addFilter(958)) - Added filter static_user_filter (class=org.apache.hadoop.http.lib.StaticUserWebFilter$StaticUserFilter) to context logs
2019-06-12 21:48:06,786 INFO  http.HttpServer2 (HttpServer2.java:addFilter(958)) - Added filter static_user_filter (class=org.apache.hadoop.http.lib.StaticUserWebFilter$StaticUserFilter) to context static
2019-06-12 21:48:06,787 INFO  http.HttpServer2 (HttpServer2.java:bindListener(1191)) - Jetty bound to port 41353
2019-06-12 21:48:06,787 INFO  server.Server (Server.java:doStart(351)) - jetty-9.3.24.v20180605, build timestamp: 2018-06-05T17:11:56Z, git hash: 84205aa28f11a4f31f2a3b86d1bba2cc8ab69827
2019-06-12 21:48:06,788 INFO  handler.ContextHandler (ContextHandler.java:doStart(781)) - Started o.e.j.s.ServletContextHandler@8aa3013{/logs,file:///opt/src/hadoop-ozone/integration-test/target/log,AVAILABLE}
2019-06-12 21:48:06,789 INFO  handler.ContextHandler (ContextHandler.java:doStart(781)) - Started o.e.j.s.ServletContextHandler@77feca04{/static,jar:file:/root/.m2/repository/org/apache/hadoop/hadoop-hdds-container-service/0.5.0-SNAPSHOT/hadoop-hdds-container-service-0.5.0-SNAPSHOT.jar!/webapps/static,AVAILABLE}
2019-06-12 21:48:06,812 INFO  handler.ContextHandler (ContextHandler.java:doStart(781)) - Started o.e.j.w.WebAppContext@d970881{/,file:///tmp/jetty-0.0.0.0-41353-hddsDatanode-_-any-6457252518636211617.dir/webapp/,AVAILABLE}{/hddsDatanode}
2019-06-12 21:48:06,815 INFO  server.AbstractConnector (AbstractConnector.java:doStart(278)) - Started ServerConnector@40817f3e{HTTP/1.1,[http/1.1]}{0.0.0.0:41353}
2019-06-12 21:48:06,816 INFO  server.Server (Server.java:doStart(419)) - Started @61904ms
2019-06-12 21:48:06,816 INFO  server.BaseHttpServer (BaseHttpServer.java:updateConnectorAddress(207)) - HTTP server of HDDSDATANODE is listening at http://0.0.0.0:41353
2019-06-12 21:48:06,939 INFO  ozone.HddsDatanodeService (HddsDatanodeService.java:startPlugins(396)) - Started plug-in org.apache.hadoop.ozone.web.OzoneHddsDatanodeService@4265cbed
2019-06-12 21:48:06,939 INFO  ozone.MiniOzoneClusterImpl (MiniOzoneClusterImpl.java:lambda$waitForClusterToBeReady$0(142)) - Waiting for cluster to be ready. Got 0 of 6 DN Heartbeats.
2019-06-12 21:48:06,940 INFO  util.JvmPauseMonitor (JvmPauseMonitor.java:run(188)) - Starting JVM pause monitor
2019-06-12 21:48:06,940 INFO  datanode.InitDatanodeState (InitDatanodeState.java:persistContainerDatanodeDetails(140)) - DatanodeDetails is persisted to /opt/src/hadoop-ozone/integration-test/target/test-dir/MiniOzoneClusterImpl-b0ef1507-0e8a-44f6-9aa6-b746b1ef39bc/datanode-5/meta/datanode.id
2019-06-12 21:48:07,941 INFO  ozone.MiniOzoneClusterImpl (MiniOzoneClusterImpl.java:lambda$waitForClusterToBeReady$0(142)) - Waiting for cluster to be ready. Got 0 of 6 DN Heartbeats.
2019-06-12 21:48:07,944 INFO  ozoneimpl.OzoneContainer (OzoneContainer.java:start(186)) - Attempting to start container services.
2019-06-12 21:48:07,945 INFO  ozoneimpl.OzoneContainer (OzoneContainer.java:startContainerScrub(160)) - Background container scrubber has been disabled by hdds.containerscrub.enabled
2019-06-12 21:48:07,945 INFO  ratis.XceiverServerRatis (XceiverServerRatis.java:start(418)) - Starting XceiverServerRatis ccf94851-c3c9-48d5-9574-5270386f6108 at port 42761
2019-06-12 21:48:07,948 INFO  impl.RaftServerProxy (RaftServerProxy.java:lambda$start$3(299)) - ccf94851-c3c9-48d5-9574-5270386f6108: start RPC server
2019-06-12 21:48:07,949 INFO  server.GrpcService (GrpcService.java:startImpl(148)) - ccf94851-c3c9-48d5-9574-5270386f6108: GrpcService started, listening on 0.0.0.0/0.0.0.0:42761
2019-06-12 21:48:08,239 INFO  ozoneimpl.OzoneContainer (OzoneContainer.java:start(186)) - Attempting to start container services.
2019-06-12 21:48:08,239 INFO  ozoneimpl.OzoneContainer (OzoneContainer.java:startContainerScrub(160)) - Background container scrubber has been disabled by hdds.containerscrub.enabled
2019-06-12 21:48:08,239 INFO  ratis.XceiverServerRatis (XceiverServerRatis.java:start(418)) - Starting XceiverServerRatis c4d5cc8b-1118-4e63-9384-83c019eb0c8c at port 38725
2019-06-12 21:48:08,243 INFO  impl.RaftServerProxy (RaftServerProxy.java:lambda$start$3(299)) - c4d5cc8b-1118-4e63-9384-83c019eb0c8c: start RPC server
2019-06-12 21:48:08,244 INFO  server.GrpcService (GrpcService.java:startImpl(148)) - c4d5cc8b-1118-4e63-9384-83c019eb0c8c: GrpcService started, listening on 0.0.0.0/0.0.0.0:38725
2019-06-12 21:48:08,438 INFO  ozoneimpl.OzoneContainer (OzoneContainer.java:start(186)) - Attempting to start container services.
2019-06-12 21:48:08,438 INFO  ozoneimpl.OzoneContainer (OzoneContainer.java:startContainerScrub(160)) - Background container scrubber has been disabled by hdds.containerscrub.enabled
2019-06-12 21:48:08,438 INFO  ratis.XceiverServerRatis (XceiverServerRatis.java:start(418)) - Starting XceiverServerRatis 3f8817b0-eef6-4e90-9b79-731f1b7fec5a at port 42669
2019-06-12 21:48:08,469 INFO  impl.RaftServerProxy (RaftServerProxy.java:lambda$start$3(299)) - 3f8817b0-eef6-4e90-9b79-731f1b7fec5a: start RPC server
2019-06-12 21:48:08,469 INFO  server.GrpcService (GrpcService.java:startImpl(148)) - 3f8817b0-eef6-4e90-9b79-731f1b7fec5a: GrpcService started, listening on 0.0.0.0/0.0.0.0:42669
2019-06-12 21:48:08,606 INFO  ozoneimpl.OzoneContainer (OzoneContainer.java:start(186)) - Attempting to start container services.
2019-06-12 21:48:08,606 INFO  ozoneimpl.OzoneContainer (OzoneContainer.java:startContainerScrub(160)) - Background container scrubber has been disabled by hdds.containerscrub.enabled
2019-06-12 21:48:08,606 INFO  ratis.XceiverServerRatis (XceiverServerRatis.java:start(418)) - Starting XceiverServerRatis 7d8f18f1-5330-4557-b09a-125b0eb58979 at port 40195
2019-06-12 21:48:08,617 INFO  impl.RaftServerProxy (RaftServerProxy.java:lambda$start$3(299)) - 7d8f18f1-5330-4557-b09a-125b0eb58979: start RPC server
2019-06-12 21:48:08,618 INFO  server.GrpcService (GrpcService.java:startImpl(148)) - 7d8f18f1-5330-4557-b09a-125b0eb58979: GrpcService started, listening on 0.0.0.0/0.0.0.0:40195
2019-06-12 21:48:08,757 INFO  ozoneimpl.OzoneContainer (OzoneContainer.java:start(186)) - Attempting to start container services.
2019-06-12 21:48:08,757 INFO  ozoneimpl.OzoneContainer (OzoneContainer.java:startContainerScrub(160)) - Background container scrubber has been disabled by hdds.containerscrub.enabled
2019-06-12 21:48:08,757 INFO  ratis.XceiverServerRatis (XceiverServerRatis.java:start(418)) - Starting XceiverServerRatis 419156bc-2095-40ae-b588-af1fff80d41c at port 45855
2019-06-12 21:48:08,771 INFO  impl.RaftServerProxy (RaftServerProxy.java:lambda$start$3(299)) - 419156bc-2095-40ae-b588-af1fff80d41c: start RPC server
2019-06-12 21:48:08,785 INFO  server.GrpcService (GrpcService.java:startImpl(148)) - 419156bc-2095-40ae-b588-af1fff80d41c: GrpcService started, listening on 0.0.0.0/0.0.0.0:45855
2019-06-12 21:48:08,942 INFO  ozone.MiniOzoneClusterImpl (MiniOzoneClusterImpl.java:lambda$waitForClusterToBeReady$0(142)) - Waiting for cluster to be ready. Got 0 of 6 DN Heartbeats.
2019-06-12 21:48:08,943 INFO  ozoneimpl.OzoneContainer (OzoneContainer.java:start(186)) - Attempting to start container services.
2019-06-12 21:48:08,943 INFO  ozoneimpl.OzoneContainer (OzoneContainer.java:startContainerScrub(160)) - Background container scrubber has been disabled by hdds.containerscrub.enabled
2019-06-12 21:48:08,943 INFO  ratis.XceiverServerRatis (XceiverServerRatis.java:start(418)) - Starting XceiverServerRatis 543fe4b3-1818-4686-bf5b-7d69e498731f at port 41559
2019-06-12 21:48:08,947 INFO  impl.RaftServerProxy (RaftServerProxy.java:lambda$start$3(299)) - 543fe4b3-1818-4686-bf5b-7d69e498731f: start RPC server
2019-06-12 21:48:08,948 INFO  server.GrpcService (GrpcService.java:startImpl(148)) - 543fe4b3-1818-4686-bf5b-7d69e498731f: GrpcService started, listening on 0.0.0.0/0.0.0.0:41559
2019-06-12 21:48:09,940 INFO  node.SCMNodeManager (SCMNodeManager.java:register(234)) - Registered Data node : ccf94851-c3c9-48d5-9574-5270386f6108{ip: 192.168.19.22, host: ozone-v57r8-234650721, networkLocation: /default-rack, certSerialId: null}
2019-06-12 21:48:09,942 INFO  ozone.MiniOzoneClusterImpl (MiniOzoneClusterImpl.java:lambda$waitForClusterToBeReady$0(142)) - Waiting for cluster to be ready. Got 1 of 6 DN Heartbeats.
2019-06-12 21:48:09,953 INFO  safemode.SCMSafeModeManager (DataNodeSafeModeRule.java:process(71)) - SCM in safe mode. 1 DataNodes registered, 1 required.
2019-06-12 21:48:09,959 INFO  safemode.SCMSafeModeManager (SCMSafeModeManager.java:validateSafeModeExitRules(177)) - ScmSafeModeManager, all rules are successfully validated
2019-06-12 21:48:09,959 INFO  safemode.SCMSafeModeManager (SCMSafeModeManager.java:exitSafeMode(193)) - SCM exiting safe mode.
2019-06-12 21:48:09,970 INFO  impl.RaftServerProxy (RaftServerProxy.java:addNew(89)) - ccf94851-c3c9-48d5-9574-5270386f6108: addNew group-FD516C39EC09:[ccf94851-c3c9-48d5-9574-5270386f6108:192.168.19.22:42761] returns group-FD516C39EC09:java.util.concurrent.CompletableFuture@4c17d629[Not completed]
2019-06-12 21:48:09,972 INFO  impl.RaftServerImpl (RaftServerImpl.java:<init>(91)) - ccf94851-c3c9-48d5-9574-5270386f6108: new RaftServerImpl for group-FD516C39EC09:[ccf94851-c3c9-48d5-9574-5270386f6108:192.168.19.22:42761] with ContainerStateMachine:uninitialized
2019-06-12 21:48:09,972 INFO  server.RaftServerConfigKeys (ConfUtils.java:logGet(43)) - raft.server.rpc.timeout.min = 1s (custom)
2019-06-12 21:48:09,972 INFO  server.RaftServerConfigKeys (ConfUtils.java:logGet(43)) - raft.server.rpc.timeout.max = 1200ms (custom)
2019-06-12 21:48:09,973 INFO  server.RaftServerConfigKeys (ConfUtils.java:logGet(43)) - raft.server.rpcslowness.timeout = 120s (custom)
2019-06-12 21:48:09,973 INFO  server.RaftServerConfigKeys (ConfUtils.java:logGet(43)) - raft.server.log.appender.install.snapshot.enabled = true (default)
2019-06-12 21:48:09,973 INFO  impl.RaftServerImpl (ServerState.java:<init>(101)) - ccf94851-c3c9-48d5-9574-5270386f6108:group-FD516C39EC09 ConfigurationManager, init=-1: [ccf94851-c3c9-48d5-9574-5270386f6108:192.168.19.22:42761], old=null, confs=<EMPTY_MAP>
2019-06-12 21:48:09,973 INFO  server.RaftServerConfigKeys (ConfUtils.java:logGet(43)) - raft.server.storage.dir = [/opt/src/hadoop-ozone/integration-test/target/test-dir/MiniOzoneClusterImpl-b0ef1507-0e8a-44f6-9aa6-b746b1ef39bc/datanode-0/data/ratis] (custom)
2019-06-12 21:48:09,973 INFO  storage.RaftStorageDirectory (RaftStorageDirectory.java:analyzeStorage(246)) - The storage directory /opt/src/hadoop-ozone/integration-test/target/test-dir/MiniOzoneClusterImpl-b0ef1507-0e8a-44f6-9aa6-b746b1ef39bc/datanode-0/data/ratis/9476703c-1b99-479b-8ce5-fd516c39ec09 does not exist. Creating ...
2019-06-12 21:48:09,976 INFO  storage.RaftStorageDirectory (RaftStorageDirectory.java:tryLock(328)) - Lock on /opt/src/hadoop-ozone/integration-test/target/test-dir/MiniOzoneClusterImpl-b0ef1507-0e8a-44f6-9aa6-b746b1ef39bc/datanode-0/data/ratis/9476703c-1b99-479b-8ce5-fd516c39ec09/in_use.lock acquired by nodename 14039@ozone-v57r8-234650721
2019-06-12 21:48:09,983 INFO  storage.RaftStorage (RaftStorage.java:format(75)) - Storage directory /opt/src/hadoop-ozone/integration-test/target/test-dir/MiniOzoneClusterImpl-b0ef1507-0e8a-44f6-9aa6-b746b1ef39bc/datanode-0/data/ratis/9476703c-1b99-479b-8ce5-fd516c39ec09 has been successfully formatted.
2019-06-12 21:48:09,983 INFO  ratis.ContainerStateMachine (ContainerStateMachine.java:loadSnapshot(199)) - The snapshot info is null.Setting the last applied index to:(t:0, i:~)
2019-06-12 21:48:09,983 INFO  server.RaftServerConfigKeys (ConfUtils.java:logGet(43)) - raft.server.leader.election.timeout = 120s (custom)
2019-06-12 21:48:09,983 INFO  server.RaftServerConfigKeys (ConfUtils.java:logGet(43)) - raft.server.log.use.memory = false (default)
2019-06-12 21:48:09,984 INFO  server.RaftServerConfigKeys (ConfUtils.java:logGet(43)) - raft.server.log.appender.buffer.byte-limit = 33554432 (custom)
2019-06-12 21:48:09,984 INFO  server.RaftServerConfigKeys (ConfUtils.java:logGet(43)) - raft.server.log.segment.size.max = 16384 (custom)
2019-06-12 21:48:09,984 INFO  server.RaftServerConfigKeys (ConfUtils.java:logGet(43)) - raft.server.log.segment.cache.num.max = 2 (custom)
2019-06-12 21:48:09,984 INFO  storage.RaftLogWorker (RaftLogWorker.java:<init>(123)) - new ccf94851-c3c9-48d5-9574-5270386f6108-RaftLogWorker for Storage Directory /opt/src/hadoop-ozone/integration-test/target/test-dir/MiniOzoneClusterImpl-b0ef1507-0e8a-44f6-9aa6-b746b1ef39bc/datanode-0/data/ratis/9476703c-1b99-479b-8ce5-fd516c39ec09
2019-06-12 21:48:09,984 INFO  server.RaftServerConfigKeys (ConfUtils.java:logGet(43)) - raft.server.log.queue.byte-limit = 2147483647 (custom)
2019-06-12 21:48:09,984 INFO  server.RaftServerConfigKeys (ConfUtils.java:logGet(43)) - raft.server.log.queue.element-limit = 1024 (custom)
2019-06-12 21:48:09,984 INFO  server.RaftServerConfigKeys (ConfUtils.java:logGet(43)) - raft.server.log.segment.size.max = 16384 (custom)
2019-06-12 21:48:09,984 INFO  server.RaftServerConfigKeys (ConfUtils.java:logGet(43)) - raft.server.log.preallocated.size = 16384 (custom)
2019-06-12 21:48:09,984 INFO  server.RaftServerConfigKeys (ConfUtils.java:logGet(43)) - raft.server.log.write.buffer.size = 33554432 (custom)
2019-06-12 21:48:09,984 INFO  server.RaftServerConfigKeys (ConfUtils.java:logGet(43)) - raft.server.log.force.sync.num = 128 (default)
2019-06-12 21:48:09,984 INFO  server.RaftServerConfigKeys (ConfUtils.java:logGet(43)) - raft.server.log.statemachine.data.sync = true (default)
2019-06-12 21:48:09,984 INFO  server.RaftServerConfigKeys (ConfUtils.java:logGet(43)) - raft.server.log.statemachine.data.sync.timeout = 10s (default)
2019-06-12 21:48:09,984 INFO  server.RaftServerConfigKeys (ConfUtils.java:logGet(43)) - raft.server.log.statemachine.data.sync.timeout.retry = -1 (default)
2019-06-12 21:48:09,984 INFO  server.RaftServerConfigKeys (ConfUtils.java:logGet(43)) - raft.server.log.statemachine.data.caching.enabled = true (custom)
2019-06-12 21:48:09,985 INFO  server.RaftServerConfigKeys (ConfUtils.java:logGet(43)) - raft.server.snapshot.auto.trigger.enabled = true (custom)
2019-06-12 21:48:09,985 INFO  server.RaftServerConfigKeys (ConfUtils.java:logGet(43)) - raft.server.snapshot.auto.trigger.threshold = 10000 (custom)
2019-06-12 21:48:09,985 INFO  server.RaftServerConfigKeys (ConfUtils.java:logGet(43)) - raft.server.retrycache.expirytime = 600000ms (custom)
2019-06-12 21:48:09,985 INFO  impl.RaftServerImpl (RaftServerImpl.java:start(173)) - ccf94851-c3c9-48d5-9574-5270386f6108: start group-FD516C39EC09
2019-06-12 21:48:09,985 INFO  impl.RaftServerImpl (RaftServerImpl.java:setRole(164)) - ccf94851-c3c9-48d5-9574-5270386f6108:group-FD516C39EC09 changes role from null to FOLLOWER at term 0 for startAsFollower
2019-06-12 21:48:09,985 INFO  impl.RoleInfo (RoleInfo.java:updateAndGet(143)) - ccf94851-c3c9-48d5-9574-5270386f6108: start FollowerState
2019-06-12 21:48:09,986 INFO  util.JmxRegister (JmxRegister.java:tryRegister(44)) - Successfully registered JMX Bean with object name Ratis:service=RaftServer,group=group-FD516C39EC09,id=ccf94851-c3c9-48d5-9574-5270386f6108
2019-06-12 21:48:09,990 INFO  pipeline.PipelineStateManager (PipelineStateManager.java:addPipeline(56)) - Created pipeline Pipeline[ Id: 9476703c-1b99-479b-8ce5-fd516c39ec09, Nodes: ccf94851-c3c9-48d5-9574-5270386f6108{ip: 192.168.19.22, host: ozone-v57r8-234650721, networkLocation: /default-rack, certSerialId: null}, Type:RATIS, Factor:ONE, State:OPEN]
2019-06-12 21:48:10,235 INFO  node.SCMNodeManager (SCMNodeManager.java:register(234)) - Registered Data node : c4d5cc8b-1118-4e63-9384-83c019eb0c8c{ip: 192.168.19.22, host: ozone-v57r8-234650721, networkLocation: /default-rack, certSerialId: null}
2019-06-12 21:48:10,243 INFO  impl.RaftServerProxy (RaftServerProxy.java:addNew(89)) - c4d5cc8b-1118-4e63-9384-83c019eb0c8c: addNew group-0E83E4A00E71:[c4d5cc8b-1118-4e63-9384-83c019eb0c8c:192.168.19.22:38725] returns group-0E83E4A00E71:java.util.concurrent.CompletableFuture@4f140005[Not completed]
2019-06-12 21:48:10,244 INFO  impl.RaftServerImpl (RaftServerImpl.java:<init>(91)) - c4d5cc8b-1118-4e63-9384-83c019eb0c8c: new RaftServerImpl for group-0E83E4A00E71:[c4d5cc8b-1118-4e63-9384-83c019eb0c8c:192.168.19.22:38725] with ContainerStateMachine:uninitialized
2019-06-12 21:48:10,244 INFO  server.RaftServerConfigKeys (ConfUtils.java:logGet(43)) - raft.server.rpc.timeout.min = 1s (custom)
2019-06-12 21:48:10,244 INFO  server.RaftServerConfigKeys (ConfUtils.java:logGet(43)) - raft.server.rpc.timeout.max = 1200ms (custom)
2019-06-12 21:48:10,244 INFO  server.RaftServerConfigKeys (ConfUtils.java:logGet(43)) - raft.server.rpcslowness.timeout = 120s (custom)
2019-06-12 21:48:10,244 INFO  server.RaftServerConfigKeys (ConfUtils.java:logGet(43)) - raft.server.log.appender.install.snapshot.enabled = true (default)
2019-06-12 21:48:10,244 INFO  impl.RaftServerImpl (ServerState.java:<init>(101)) - c4d5cc8b-1118-4e63-9384-83c019eb0c8c:group-0E83E4A00E71 ConfigurationManager, init=-1: [c4d5cc8b-1118-4e63-9384-83c019eb0c8c:192.168.19.22:38725], old=null, confs=<EMPTY_MAP>
2019-06-12 21:48:10,245 INFO  server.RaftServerConfigKeys (ConfUtils.java:logGet(43)) - raft.server.storage.dir = [/opt/src/hadoop-ozone/integration-test/target/test-dir/MiniOzoneClusterImpl-b0ef1507-0e8a-44f6-9aa6-b746b1ef39bc/datanode-1/data/ratis] (custom)
2019-06-12 21:48:10,245 INFO  storage.RaftStorageDirectory (RaftStorageDirectory.java:analyzeStorage(246)) - The storage directory /opt/src/hadoop-ozone/integration-test/target/test-dir/MiniOzoneClusterImpl-b0ef1507-0e8a-44f6-9aa6-b746b1ef39bc/datanode-1/data/ratis/7541068e-03f6-4867-899e-0e83e4a00e71 does not exist. Creating ...
2019-06-12 21:48:10,247 INFO  storage.RaftStorageDirectory (RaftStorageDirectory.java:tryLock(328)) - Lock on /opt/src/hadoop-ozone/integration-test/target/test-dir/MiniOzoneClusterImpl-b0ef1507-0e8a-44f6-9aa6-b746b1ef39bc/datanode-1/data/ratis/7541068e-03f6-4867-899e-0e83e4a00e71/in_use.lock acquired by nodename 14039@ozone-v57r8-234650721
2019-06-12 21:48:10,249 INFO  storage.RaftStorage (RaftStorage.java:format(75)) - Storage directory /opt/src/hadoop-ozone/integration-test/target/test-dir/MiniOzoneClusterImpl-b0ef1507-0e8a-44f6-9aa6-b746b1ef39bc/datanode-1/data/ratis/7541068e-03f6-4867-899e-0e83e4a00e71 has been successfully formatted.
2019-06-12 21:48:10,249 INFO  ratis.ContainerStateMachine (ContainerStateMachine.java:loadSnapshot(199)) - The snapshot info is null.Setting the last applied index to:(t:0, i:~)
2019-06-12 21:48:10,249 INFO  server.RaftServerConfigKeys (ConfUtils.java:logGet(43)) - raft.server.leader.election.timeout = 120s (custom)
2019-06-12 21:48:10,249 INFO  server.RaftServerConfigKeys (ConfUtils.java:logGet(43)) - raft.server.log.use.memory = false (default)
2019-06-12 21:48:10,249 INFO  server.RaftServerConfigKeys (ConfUtils.java:logGet(43)) - raft.server.log.appender.buffer.byte-limit = 33554432 (custom)
2019-06-12 21:48:10,250 INFO  server.RaftServerConfigKeys (ConfUtils.java:logGet(43)) - raft.server.log.segment.size.max = 16384 (custom)
2019-06-12 21:48:10,250 INFO  server.RaftServerConfigKeys (ConfUtils.java:logGet(43)) - raft.server.log.segment.cache.num.max = 2 (custom)
2019-06-12 21:48:10,250 INFO  storage.RaftLogWorker (RaftLogWorker.java:<init>(123)) - new c4d5cc8b-1118-4e63-9384-83c019eb0c8c-RaftLogWorker for Storage Directory /opt/src/hadoop-ozone/integration-test/target/test-dir/MiniOzoneClusterImpl-b0ef1507-0e8a-44f6-9aa6-b746b1ef39bc/datanode-1/data/ratis/7541068e-03f6-4867-899e-0e83e4a00e71
2019-06-12 21:48:10,250 INFO  server.RaftServerConfigKeys (ConfUtils.java:logGet(43)) - raft.server.log.queue.byte-limit = 2147483647 (custom)
2019-06-12 21:48:10,250 INFO  server.RaftServerConfigKeys (ConfUtils.java:logGet(43)) - raft.server.log.queue.element-limit = 1024 (custom)
2019-06-12 21:48:10,250 INFO  server.RaftServerConfigKeys (ConfUtils.java:logGet(43)) - raft.server.log.segment.size.max = 16384 (custom)
2019-06-12 21:48:10,250 INFO  server.RaftServerConfigKeys (ConfUtils.java:logGet(43)) - raft.server.log.preallocated.size = 16384 (custom)
2019-06-12 21:48:10,250 INFO  server.RaftServerConfigKeys (ConfUtils.java:logGet(43)) - raft.server.log.write.buffer.size = 33554432 (custom)
2019-06-12 21:48:10,250 INFO  server.RaftServerConfigKeys (ConfUtils.java:logGet(43)) - raft.server.log.force.sync.num = 128 (default)
2019-06-12 21:48:10,251 INFO  server.RaftServerConfigKeys (ConfUtils.java:logGet(43)) - raft.server.log.statemachine.data.sync = true (default)
2019-06-12 21:48:10,251 INFO  server.RaftServerConfigKeys (ConfUtils.java:logGet(43)) - raft.server.log.statemachine.data.sync.timeout = 10s (default)
2019-06-12 21:48:10,251 INFO  server.RaftServerConfigKeys (ConfUtils.java:logGet(43)) - raft.server.log.statemachine.data.sync.timeout.retry = -1 (default)
2019-06-12 21:48:10,251 INFO  server.RaftServerConfigKeys (ConfUtils.java:logGet(43)) - raft.server.log.statemachine.data.caching.enabled = true (custom)
2019-06-12 21:48:10,252 INFO  server.RaftServerConfigKeys (ConfUtils.java:logGet(43)) - raft.server.snapshot.auto.trigger.enabled = true (custom)
2019-06-12 21:48:10,252 INFO  server.RaftServerConfigKeys (ConfUtils.java:logGet(43)) - raft.server.snapshot.auto.trigger.threshold = 10000 (custom)
2019-06-12 21:48:10,253 INFO  server.RaftServerConfigKeys (ConfUtils.java:logGet(43)) - raft.server.retrycache.expirytime = 600000ms (custom)
2019-06-12 21:48:10,253 INFO  impl.RaftServerImpl (RaftServerImpl.java:start(173)) - c4d5cc8b-1118-4e63-9384-83c019eb0c8c: start group-0E83E4A00E71
2019-06-12 21:48:10,253 INFO  impl.RaftServerImpl (RaftServerImpl.java:setRole(164)) - c4d5cc8b-1118-4e63-9384-83c019eb0c8c:group-0E83E4A00E71 changes role from null to FOLLOWER at term 0 for startAsFollower
2019-06-12 21:48:10,253 INFO  impl.RoleInfo (RoleInfo.java:updateAndGet(143)) - c4d5cc8b-1118-4e63-9384-83c019eb0c8c: start FollowerState
2019-06-12 21:48:10,253 INFO  util.JmxRegister (JmxRegister.java:tryRegister(44)) - Successfully registered JMX Bean with object name Ratis:service=RaftServer,group=group-0E83E4A00E71,id=c4d5cc8b-1118-4e63-9384-83c019eb0c8c
2019-06-12 21:48:10,272 INFO  pipeline.PipelineStateManager (PipelineStateManager.java:addPipeline(56)) - Created pipeline Pipeline[ Id: 7541068e-03f6-4867-899e-0e83e4a00e71, Nodes: c4d5cc8b-1118-4e63-9384-83c019eb0c8c{ip: 192.168.19.22, host: ozone-v57r8-234650721, networkLocation: /default-rack, certSerialId: null}, Type:RATIS, Factor:ONE, State:OPEN]
2019-06-12 21:48:10,433 INFO  node.SCMNodeManager (SCMNodeManager.java:register(234)) - Registered Data node : 3f8817b0-eef6-4e90-9b79-731f1b7fec5a{ip: 192.168.19.22, host: ozone-v57r8-234650721, networkLocation: /default-rack, certSerialId: null}
2019-06-12 21:48:10,440 INFO  impl.RaftServerProxy (RaftServerProxy.java:addNew(89)) - 3f8817b0-eef6-4e90-9b79-731f1b7fec5a: addNew group-EAE69D518912:[3f8817b0-eef6-4e90-9b79-731f1b7fec5a:192.168.19.22:42669] returns group-EAE69D518912:java.util.concurrent.CompletableFuture@5c70f135[Not completed]
2019-06-12 21:48:10,440 INFO  impl.RaftServerImpl (RaftServerImpl.java:<init>(91)) - 3f8817b0-eef6-4e90-9b79-731f1b7fec5a: new RaftServerImpl for group-EAE69D518912:[3f8817b0-eef6-4e90-9b79-731f1b7fec5a:192.168.19.22:42669] with ContainerStateMachine:uninitialized
2019-06-12 21:48:10,440 INFO  server.RaftServerConfigKeys (ConfUtils.java:logGet(43)) - raft.server.rpc.timeout.min = 1s (custom)
2019-06-12 21:48:10,441 INFO  server.RaftServerConfigKeys (ConfUtils.java:logGet(43)) - raft.server.rpc.timeout.max = 1200ms (custom)
2019-06-12 21:48:10,441 INFO  server.RaftServerConfigKeys (ConfUtils.java:logGet(43)) - raft.server.rpcslowness.timeout = 120s (custom)
2019-06-12 21:48:10,441 INFO  server.RaftServerConfigKeys (ConfUtils.java:logGet(43)) - raft.server.log.appender.install.snapshot.enabled = true (default)
2019-06-12 21:48:10,441 INFO  impl.RaftServerImpl (ServerState.java:<init>(101)) - 3f8817b0-eef6-4e90-9b79-731f1b7fec5a:group-EAE69D518912 ConfigurationManager, init=-1: [3f8817b0-eef6-4e90-9b79-731f1b7fec5a:192.168.19.22:42669], old=null, confs=<EMPTY_MAP>
2019-06-12 21:48:10,441 INFO  server.RaftServerConfigKeys (ConfUtils.java:logGet(43)) - raft.server.storage.dir = [/opt/src/hadoop-ozone/integration-test/target/test-dir/MiniOzoneClusterImpl-b0ef1507-0e8a-44f6-9aa6-b746b1ef39bc/datanode-2/data/ratis] (custom)
2019-06-12 21:48:10,441 INFO  storage.RaftStorageDirectory (RaftStorageDirectory.java:analyzeStorage(246)) - The storage directory /opt/src/hadoop-ozone/integration-test/target/test-dir/MiniOzoneClusterImpl-b0ef1507-0e8a-44f6-9aa6-b746b1ef39bc/datanode-2/data/ratis/8e5945c6-88d0-4f3b-8339-eae69d518912 does not exist. Creating ...
2019-06-12 21:48:10,443 INFO  storage.RaftStorageDirectory (RaftStorageDirectory.java:tryLock(328)) - Lock on /opt/src/hadoop-ozone/integration-test/target/test-dir/MiniOzoneClusterImpl-b0ef1507-0e8a-44f6-9aa6-b746b1ef39bc/datanode-2/data/ratis/8e5945c6-88d0-4f3b-8339-eae69d518912/in_use.lock acquired by nodename 14039@ozone-v57r8-234650721
2019-06-12 21:48:10,445 INFO  storage.RaftStorage (RaftStorage.java:format(75)) - Storage directory /opt/src/hadoop-ozone/integration-test/target/test-dir/MiniOzoneClusterImpl-b0ef1507-0e8a-44f6-9aa6-b746b1ef39bc/datanode-2/data/ratis/8e5945c6-88d0-4f3b-8339-eae69d518912 has been successfully formatted.
2019-06-12 21:48:10,446 INFO  ratis.ContainerStateMachine (ContainerStateMachine.java:loadSnapshot(199)) - The snapshot info is null.Setting the last applied index to:(t:0, i:~)
2019-06-12 21:48:10,446 INFO  server.RaftServerConfigKeys (ConfUtils.java:logGet(43)) - raft.server.leader.election.timeout = 120s (custom)
2019-06-12 21:48:10,446 INFO  server.RaftServerConfigKeys (ConfUtils.java:logGet(43)) - raft.server.log.use.memory = false (default)
2019-06-12 21:48:10,446 INFO  server.RaftServerConfigKeys (ConfUtils.java:logGet(43)) - raft.server.log.appender.buffer.byte-limit = 33554432 (custom)
2019-06-12 21:48:10,446 INFO  server.RaftServerConfigKeys (ConfUtils.java:logGet(43)) - raft.server.log.segment.size.max = 16384 (custom)
2019-06-12 21:48:10,446 INFO  server.RaftServerConfigKeys (ConfUtils.java:logGet(43)) - raft.server.log.segment.cache.num.max = 2 (custom)
2019-06-12 21:48:10,446 INFO  storage.RaftLogWorker (RaftLogWorker.java:<init>(123)) - new 3f8817b0-eef6-4e90-9b79-731f1b7fec5a-RaftLogWorker for Storage Directory /opt/src/hadoop-ozone/integration-test/target/test-dir/MiniOzoneClusterImpl-b0ef1507-0e8a-44f6-9aa6-b746b1ef39bc/datanode-2/data/ratis/8e5945c6-88d0-4f3b-8339-eae69d518912
2019-06-12 21:48:10,446 INFO  server.RaftServerConfigKeys (ConfUtils.java:logGet(43)) - raft.server.log.queue.byte-limit = 2147483647 (custom)
2019-06-12 21:48:10,446 INFO  server.RaftServerConfigKeys (ConfUtils.java:logGet(43)) - raft.server.log.queue.element-limit = 1024 (custom)
2019-06-12 21:48:10,446 INFO  server.RaftServerConfigKeys (ConfUtils.java:logGet(43)) - raft.server.log.segment.size.max = 16384 (custom)
2019-06-12 21:48:10,446 INFO  server.RaftServerConfigKeys (ConfUtils.java:logGet(43)) - raft.server.log.preallocated.size = 16384 (custom)
2019-06-12 21:48:10,446 INFO  server.RaftServerConfigKeys (ConfUtils.java:logGet(43)) - raft.server.log.write.buffer.size = 33554432 (custom)
2019-06-12 21:48:10,446 INFO  server.RaftServerConfigKeys (ConfUtils.java:logGet(43)) - raft.server.log.force.sync.num = 128 (default)
2019-06-12 21:48:10,446 INFO  server.RaftServerConfigKeys (ConfUtils.java:logGet(43)) - raft.server.log.statemachine.data.sync = true (default)
2019-06-12 21:48:10,447 INFO  server.RaftServerConfigKeys (ConfUtils.java:logGet(43)) - raft.server.log.statemachine.data.sync.timeout = 10s (default)
2019-06-12 21:48:10,447 INFO  server.RaftServerConfigKeys (ConfUtils.java:logGet(43)) - raft.server.log.statemachine.data.sync.timeout.retry = -1 (default)
2019-06-12 21:48:10,447 INFO  server.RaftServerConfigKeys (ConfUtils.java:logGet(43)) - raft.server.log.statemachine.data.caching.enabled = true (custom)
2019-06-12 21:48:10,447 INFO  server.RaftServerConfigKeys (ConfUtils.java:logGet(43)) - raft.server.snapshot.auto.trigger.enabled = true (custom)
2019-06-12 21:48:10,447 INFO  server.RaftServerConfigKeys (ConfUtils.java:logGet(43)) - raft.server.snapshot.auto.trigger.threshold = 10000 (custom)
2019-06-12 21:48:10,447 INFO  server.RaftServerConfigKeys (ConfUtils.java:logGet(43)) - raft.server.retrycache.expirytime = 600000ms (custom)
2019-06-12 21:48:10,447 INFO  impl.RaftServerImpl (RaftServerImpl.java:start(173)) - 3f8817b0-eef6-4e90-9b79-731f1b7fec5a: start group-EAE69D518912
2019-06-12 21:48:10,447 INFO  impl.RaftServerImpl (RaftServerImpl.java:setRole(164)) - 3f8817b0-eef6-4e90-9b79-731f1b7fec5a:group-EAE69D518912 changes role from null to FOLLOWER at term 0 for startAsFollower
2019-06-12 21:48:10,447 INFO  impl.RoleInfo (RoleInfo.java:updateAndGet(143)) - 3f8817b0-eef6-4e90-9b79-731f1b7fec5a: start FollowerState
2019-06-12 21:48:10,449 INFO  util.JmxRegister (JmxRegister.java:tryRegister(44)) - Successfully registered JMX Bean with object name Ratis:service=RaftServer,group=group-EAE69D518912,id=3f8817b0-eef6-4e90-9b79-731f1b7fec5a
2019-06-12 21:48:10,451 INFO  pipeline.PipelineStateManager (PipelineStateManager.java:addPipeline(56)) - Created pipeline Pipeline[ Id: 8e5945c6-88d0-4f3b-8339-eae69d518912, Nodes: 3f8817b0-eef6-4e90-9b79-731f1b7fec5a{ip: 192.168.19.22, host: ozone-v57r8-234650721, networkLocation: /default-rack, certSerialId: null}, Type:RATIS, Factor:ONE, State:OPEN]
2019-06-12 21:48:10,470 INFO  impl.RaftServerProxy (RaftServerProxy.java:addNew(89)) - 3f8817b0-eef6-4e90-9b79-731f1b7fec5a: addNew group-FF90A65AEEB2:[c4d5cc8b-1118-4e63-9384-83c019eb0c8c:192.168.19.22:38725, 3f8817b0-eef6-4e90-9b79-731f1b7fec5a:192.168.19.22:42669, ccf94851-c3c9-48d5-9574-5270386f6108:192.168.19.22:42761] returns group-FF90A65AEEB2:java.util.concurrent.CompletableFuture@f7dab06[Not completed]
2019-06-12 21:48:10,470 INFO  impl.RaftServerImpl (RaftServerImpl.java:<init>(91)) - 3f8817b0-eef6-4e90-9b79-731f1b7fec5a: new RaftServerImpl for group-FF90A65AEEB2:[c4d5cc8b-1118-4e63-9384-83c019eb0c8c:192.168.19.22:38725, 3f8817b0-eef6-4e90-9b79-731f1b7fec5a:192.168.19.22:42669, ccf94851-c3c9-48d5-9574-5270386f6108:192.168.19.22:42761] with ContainerStateMachine:uninitialized
2019-06-12 21:48:10,470 INFO  server.RaftServerConfigKeys (ConfUtils.java:logGet(43)) - raft.server.rpc.timeout.min = 1s (custom)
2019-06-12 21:48:10,470 INFO  server.RaftServerConfigKeys (ConfUtils.java:logGet(43)) - raft.server.rpc.timeout.max = 1200ms (custom)
2019-06-12 21:48:10,471 INFO  server.RaftServerConfigKeys (ConfUtils.java:logGet(43)) - raft.server.rpcslowness.timeout = 120s (custom)
2019-06-12 21:48:10,471 INFO  server.RaftServerConfigKeys (ConfUtils.java:logGet(43)) - raft.server.log.appender.install.snapshot.enabled = true (default)
2019-06-12 21:48:10,471 INFO  impl.RaftServerImpl (ServerState.java:<init>(101)) - 3f8817b0-eef6-4e90-9b79-731f1b7fec5a:group-FF90A65AEEB2 ConfigurationManager, init=-1: [c4d5cc8b-1118-4e63-9384-83c019eb0c8c:192.168.19.22:38725, 3f8817b0-eef6-4e90-9b79-731f1b7fec5a:192.168.19.22:42669, ccf94851-c3c9-48d5-9574-5270386f6108:192.168.19.22:42761], old=null, confs=<EMPTY_MAP>
2019-06-12 21:48:10,471 INFO  server.RaftServerConfigKeys (ConfUtils.java:logGet(43)) - raft.server.storage.dir = [/opt/src/hadoop-ozone/integration-test/target/test-dir/MiniOzoneClusterImpl-b0ef1507-0e8a-44f6-9aa6-b746b1ef39bc/datanode-2/data/ratis] (custom)
2019-06-12 21:48:10,471 INFO  storage.RaftStorageDirectory (RaftStorageDirectory.java:analyzeStorage(246)) - The storage directory /opt/src/hadoop-ozone/integration-test/target/test-dir/MiniOzoneClusterImpl-b0ef1507-0e8a-44f6-9aa6-b746b1ef39bc/datanode-2/data/ratis/51e62971-cdd5-4157-b70a-ff90a65aeeb2 does not exist. Creating ...
2019-06-12 21:48:10,472 INFO  impl.RaftServerProxy (RaftServerProxy.java:addNew(89)) - ccf94851-c3c9-48d5-9574-5270386f6108: addNew group-FF90A65AEEB2:[c4d5cc8b-1118-4e63-9384-83c019eb0c8c:192.168.19.22:38725, 3f8817b0-eef6-4e90-9b79-731f1b7fec5a:192.168.19.22:42669, ccf94851-c3c9-48d5-9574-5270386f6108:192.168.19.22:42761] returns group-FF90A65AEEB2:java.util.concurrent.CompletableFuture@57c49765[Not completed]
2019-06-12 21:48:10,472 INFO  impl.RaftServerImpl (RaftServerImpl.java:<init>(91)) - ccf94851-c3c9-48d5-9574-5270386f6108: new RaftServerImpl for group-FF90A65AEEB2:[c4d5cc8b-1118-4e63-9384-83c019eb0c8c:192.168.19.22:38725, 3f8817b0-eef6-4e90-9b79-731f1b7fec5a:192.168.19.22:42669, ccf94851-c3c9-48d5-9574-5270386f6108:192.168.19.22:42761] with ContainerStateMachine:uninitialized
2019-06-12 21:48:10,472 INFO  server.RaftServerConfigKeys (ConfUtils.java:logGet(43)) - raft.server.rpc.timeout.min = 1s (custom)
2019-06-12 21:48:10,472 INFO  server.RaftServerConfigKeys (ConfUtils.java:logGet(43)) - raft.server.rpc.timeout.max = 1200ms (custom)
2019-06-12 21:48:10,472 INFO  impl.RaftServerProxy (RaftServerProxy.java:addNew(89)) - c4d5cc8b-1118-4e63-9384-83c019eb0c8c: addNew group-FF90A65AEEB2:[c4d5cc8b-1118-4e63-9384-83c019eb0c8c:192.168.19.22:38725, 3f8817b0-eef6-4e90-9b79-731f1b7fec5a:192.168.19.22:42669, ccf94851-c3c9-48d5-9574-5270386f6108:192.168.19.22:42761] returns group-FF90A65AEEB2:java.util.concurrent.CompletableFuture@c662df1[Not completed]
2019-06-12 21:48:10,472 INFO  server.RaftServerConfigKeys (ConfUtils.java:logGet(43)) - raft.server.rpcslowness.timeout = 120s (custom)
2019-06-12 21:48:10,473 INFO  server.RaftServerConfigKeys (ConfUtils.java:logGet(43)) - raft.server.log.appender.install.snapshot.enabled = true (default)
2019-06-12 21:48:10,473 INFO  impl.RaftServerImpl (RaftServerImpl.java:<init>(91)) - c4d5cc8b-1118-4e63-9384-83c019eb0c8c: new RaftServerImpl for group-FF90A65AEEB2:[c4d5cc8b-1118-4e63-9384-83c019eb0c8c:192.168.19.22:38725, 3f8817b0-eef6-4e90-9b79-731f1b7fec5a:192.168.19.22:42669, ccf94851-c3c9-48d5-9574-5270386f6108:192.168.19.22:42761] with ContainerStateMachine:uninitialized
2019-06-12 21:48:10,473 INFO  server.RaftServerConfigKeys (ConfUtils.java:logGet(43)) - raft.server.rpc.timeout.min = 1s (custom)
2019-06-12 21:48:10,473 INFO  server.RaftServerConfigKeys (ConfUtils.java:logGet(43)) - raft.server.rpc.timeout.max = 1200ms (custom)
2019-06-12 21:48:10,473 INFO  server.RaftServerConfigKeys (ConfUtils.java:logGet(43)) - raft.server.rpcslowness.timeout = 120s (custom)
2019-06-12 21:48:10,473 INFO  server.RaftServerConfigKeys (ConfUtils.java:logGet(43)) - raft.server.log.appender.install.snapshot.enabled = true (default)
2019-06-12 21:48:10,473 INFO  impl.RaftServerImpl (ServerState.java:<init>(101)) - c4d5cc8b-1118-4e63-9384-83c019eb0c8c:group-FF90A65AEEB2 ConfigurationManager, init=-1: [c4d5cc8b-1118-4e63-9384-83c019eb0c8c:192.168.19.22:38725, 3f8817b0-eef6-4e90-9b79-731f1b7fec5a:192.168.19.22:42669, ccf94851-c3c9-48d5-9574-5270386f6108:192.168.19.22:42761], old=null, confs=<EMPTY_MAP>
2019-06-12 21:48:10,473 INFO  server.RaftServerConfigKeys (ConfUtils.java:logGet(43)) - raft.server.storage.dir = [/opt/src/hadoop-ozone/integration-test/target/test-dir/MiniOzoneClusterImpl-b0ef1507-0e8a-44f6-9aa6-b746b1ef39bc/datanode-1/data/ratis] (custom)
2019-06-12 21:48:10,473 INFO  storage.RaftStorageDirectory (RaftStorageDirectory.java:analyzeStorage(246)) - The storage directory /opt/src/hadoop-ozone/integration-test/target/test-dir/MiniOzoneClusterImpl-b0ef1507-0e8a-44f6-9aa6-b746b1ef39bc/datanode-1/data/ratis/51e62971-cdd5-4157-b70a-ff90a65aeeb2 does not exist. Creating ...
2019-06-12 21:48:10,473 INFO  storage.RaftStorageDirectory (RaftStorageDirectory.java:tryLock(328)) - Lock on /opt/src/hadoop-ozone/integration-test/target/test-dir/MiniOzoneClusterImpl-b0ef1507-0e8a-44f6-9aa6-b746b1ef39bc/datanode-2/data/ratis/51e62971-cdd5-4157-b70a-ff90a65aeeb2/in_use.lock acquired by nodename 14039@ozone-v57r8-234650721
2019-06-12 21:48:10,473 INFO  impl.RaftServerImpl (ServerState.java:<init>(101)) - ccf94851-c3c9-48d5-9574-5270386f6108:group-FF90A65AEEB2 ConfigurationManager, init=-1: [c4d5cc8b-1118-4e63-9384-83c019eb0c8c:192.168.19.22:38725, 3f8817b0-eef6-4e90-9b79-731f1b7fec5a:192.168.19.22:42669, ccf94851-c3c9-48d5-9574-5270386f6108:192.168.19.22:42761], old=null, confs=<EMPTY_MAP>
2019-06-12 21:48:10,474 INFO  server.RaftServerConfigKeys (ConfUtils.java:logGet(43)) - raft.server.storage.dir = [/opt/src/hadoop-ozone/integration-test/target/test-dir/MiniOzoneClusterImpl-b0ef1507-0e8a-44f6-9aa6-b746b1ef39bc/datanode-0/data/ratis] (custom)
2019-06-12 21:48:10,474 INFO  storage.RaftStorageDirectory (RaftStorageDirectory.java:analyzeStorage(246)) - The storage directory /opt/src/hadoop-ozone/integration-test/target/test-dir/MiniOzoneClusterImpl-b0ef1507-0e8a-44f6-9aa6-b746b1ef39bc/datanode-0/data/ratis/51e62971-cdd5-4157-b70a-ff90a65aeeb2 does not exist. Creating ...
2019-06-12 21:48:10,476 INFO  storage.RaftStorageDirectory (RaftStorageDirectory.java:tryLock(328)) - Lock on /opt/src/hadoop-ozone/integration-test/target/test-dir/MiniOzoneClusterImpl-b0ef1507-0e8a-44f6-9aa6-b746b1ef39bc/datanode-0/data/ratis/51e62971-cdd5-4157-b70a-ff90a65aeeb2/in_use.lock acquired by nodename 14039@ozone-v57r8-234650721
2019-06-12 21:48:10,476 INFO  storage.RaftStorage (RaftStorage.java:format(75)) - Storage directory /opt/src/hadoop-ozone/integration-test/target/test-dir/MiniOzoneClusterImpl-b0ef1507-0e8a-44f6-9aa6-b746b1ef39bc/datanode-2/data/ratis/51e62971-cdd5-4157-b70a-ff90a65aeeb2 has been successfully formatted.
2019-06-12 21:48:10,476 INFO  storage.RaftStorageDirectory (RaftStorageDirectory.java:tryLock(328)) - Lock on /opt/src/hadoop-ozone/integration-test/target/test-dir/MiniOzoneClusterImpl-b0ef1507-0e8a-44f6-9aa6-b746b1ef39bc/datanode-1/data/ratis/51e62971-cdd5-4157-b70a-ff90a65aeeb2/in_use.lock acquired by nodename 14039@ozone-v57r8-234650721
2019-06-12 21:48:10,476 INFO  ratis.ContainerStateMachine (ContainerStateMachine.java:loadSnapshot(199)) - The snapshot info is null.Setting the last applied index to:(t:0, i:~)
2019-06-12 21:48:10,476 INFO  server.RaftServerConfigKeys (ConfUtils.java:logGet(43)) - raft.server.leader.election.timeout = 120s (custom)
2019-06-12 21:48:10,476 INFO  server.RaftServerConfigKeys (ConfUtils.java:logGet(43)) - raft.server.log.use.memory = false (default)
2019-06-12 21:48:10,476 INFO  server.RaftServerConfigKeys (ConfUtils.java:logGet(43)) - raft.server.log.appender.buffer.byte-limit = 33554432 (custom)
2019-06-12 21:48:10,476 INFO  server.RaftServerConfigKeys (ConfUtils.java:logGet(43)) - raft.server.log.segment.size.max = 16384 (custom)
2019-06-12 21:48:10,476 INFO  server.RaftServerConfigKeys (ConfUtils.java:logGet(43)) - raft.server.log.segment.cache.num.max = 2 (custom)
2019-06-12 21:48:10,476 INFO  storage.RaftLogWorker (RaftLogWorker.java:<init>(123)) - new 3f8817b0-eef6-4e90-9b79-731f1b7fec5a-RaftLogWorker for Storage Directory /opt/src/hadoop-ozone/integration-test/target/test-dir/MiniOzoneClusterImpl-b0ef1507-0e8a-44f6-9aa6-b746b1ef39bc/datanode-2/data/ratis/51e62971-cdd5-4157-b70a-ff90a65aeeb2
2019-06-12 21:48:10,477 INFO  server.RaftServerConfigKeys (ConfUtils.java:logGet(43)) - raft.server.log.queue.byte-limit = 2147483647 (custom)
2019-06-12 21:48:10,477 INFO  server.RaftServerConfigKeys (ConfUtils.java:logGet(43)) - raft.server.log.queue.element-limit = 1024 (custom)
2019-06-12 21:48:10,477 INFO  server.RaftServerConfigKeys (ConfUtils.java:logGet(43)) - raft.server.log.segment.size.max = 16384 (custom)
2019-06-12 21:48:10,477 INFO  server.RaftServerConfigKeys (ConfUtils.java:logGet(43)) - raft.server.log.preallocated.size = 16384 (custom)
2019-06-12 21:48:10,477 INFO  server.RaftServerConfigKeys (ConfUtils.java:logGet(43)) - raft.server.log.write.buffer.size = 33554432 (custom)
2019-06-12 21:48:10,477 INFO  server.RaftServerConfigKeys (ConfUtils.java:logGet(43)) - raft.server.log.force.sync.num = 128 (default)
2019-06-12 21:48:10,477 INFO  server.RaftServerConfigKeys (ConfUtils.java:logGet(43)) - raft.server.log.statemachine.data.sync = true (default)
2019-06-12 21:48:10,477 INFO  server.RaftServerConfigKeys (ConfUtils.java:logGet(43)) - raft.server.log.statemachine.data.sync.timeout = 10s (default)
2019-06-12 21:48:10,477 INFO  server.RaftServerConfigKeys (ConfUtils.java:logGet(43)) - raft.server.log.statemachine.data.sync.timeout.retry = -1 (default)
2019-06-12 21:48:10,477 INFO  server.RaftServerConfigKeys (ConfUtils.java:logGet(43)) - raft.server.log.statemachine.data.caching.enabled = true (custom)
2019-06-12 21:48:10,477 INFO  server.RaftServerConfigKeys (ConfUtils.java:logGet(43)) - raft.server.snapshot.auto.trigger.enabled = true (custom)
2019-06-12 21:48:10,478 INFO  server.RaftServerConfigKeys (ConfUtils.java:logGet(43)) - raft.server.snapshot.auto.trigger.threshold = 10000 (custom)
2019-06-12 21:48:10,478 INFO  server.RaftServerConfigKeys (ConfUtils.java:logGet(43)) - raft.server.retrycache.expirytime = 600000ms (custom)
2019-06-12 21:48:10,478 INFO  impl.RaftServerImpl (RaftServerImpl.java:start(173)) - 3f8817b0-eef6-4e90-9b79-731f1b7fec5a: start group-FF90A65AEEB2
2019-06-12 21:48:10,478 INFO  impl.RaftServerImpl (RaftServerImpl.java:setRole(164)) - 3f8817b0-eef6-4e90-9b79-731f1b7fec5a:group-FF90A65AEEB2 changes role from null to FOLLOWER at term 0 for startAsFollower
2019-06-12 21:48:10,478 INFO  storage.RaftStorage (RaftStorage.java:format(75)) - Storage directory /opt/src/hadoop-ozone/integration-test/target/test-dir/MiniOzoneClusterImpl-b0ef1507-0e8a-44f6-9aa6-b746b1ef39bc/datanode-1/data/ratis/51e62971-cdd5-4157-b70a-ff90a65aeeb2 has been successfully formatted.
2019-06-12 21:48:10,478 INFO  ratis.ContainerStateMachine (ContainerStateMachine.java:loadSnapshot(199)) - The snapshot info is null.Setting the last applied index to:(t:0, i:~)
2019-06-12 21:48:10,478 INFO  server.RaftServerConfigKeys (ConfUtils.java:logGet(43)) - raft.server.leader.election.timeout = 120s (custom)
2019-06-12 21:48:10,478 INFO  server.RaftServerConfigKeys (ConfUtils.java:logGet(43)) - raft.server.log.use.memory = false (default)
2019-06-12 21:48:10,478 INFO  server.RaftServerConfigKeys (ConfUtils.java:logGet(43)) - raft.server.log.appender.buffer.byte-limit = 33554432 (custom)
2019-06-12 21:48:10,478 INFO  server.RaftServerConfigKeys (ConfUtils.java:logGet(43)) - raft.server.log.segment.size.max = 16384 (custom)
2019-06-12 21:48:10,478 INFO  server.RaftServerConfigKeys (ConfUtils.java:logGet(43)) - raft.server.log.segment.cache.num.max = 2 (custom)
2019-06-12 21:48:10,478 INFO  storage.RaftLogWorker (RaftLogWorker.java:<init>(123)) - new c4d5cc8b-1118-4e63-9384-83c019eb0c8c-RaftLogWorker for Storage Directory /opt/src/hadoop-ozone/integration-test/target/test-dir/MiniOzoneClusterImpl-b0ef1507-0e8a-44f6-9aa6-b746b1ef39bc/datanode-1/data/ratis/51e62971-cdd5-4157-b70a-ff90a65aeeb2
2019-06-12 21:48:10,478 INFO  server.RaftServerConfigKeys (ConfUtils.java:logGet(43)) - raft.server.log.queue.byte-limit = 2147483647 (custom)
2019-06-12 21:48:10,479 INFO  server.RaftServerConfigKeys (ConfUtils.java:logGet(43)) - raft.server.log.queue.element-limit = 1024 (custom)
2019-06-12 21:48:10,479 INFO  server.RaftServerConfigKeys (ConfUtils.java:logGet(43)) - raft.server.log.segment.size.max = 16384 (custom)
2019-06-12 21:48:10,479 INFO  server.RaftServerConfigKeys (ConfUtils.java:logGet(43)) - raft.server.log.preallocated.size = 16384 (custom)
2019-06-12 21:48:10,479 INFO  server.RaftServerConfigKeys (ConfUtils.java:logGet(43)) - raft.server.log.write.buffer.size = 33554432 (custom)
2019-06-12 21:48:10,479 INFO  server.RaftServerConfigKeys (ConfUtils.java:logGet(43)) - raft.server.log.force.sync.num = 128 (default)
2019-06-12 21:48:10,479 INFO  server.RaftServerConfigKeys (ConfUtils.java:logGet(43)) - raft.server.log.statemachine.data.sync = true (default)
2019-06-12 21:48:10,479 INFO  server.RaftServerConfigKeys (ConfUtils.java:logGet(43)) - raft.server.log.statemachine.data.sync.timeout = 10s (default)
2019-06-12 21:48:10,479 INFO  server.RaftServerConfigKeys (ConfUtils.java:logGet(43)) - raft.server.log.statemachine.data.sync.timeout.retry = -1 (default)
2019-06-12 21:48:10,479 INFO  server.RaftServerConfigKeys (ConfUtils.java:logGet(43)) - raft.server.log.statemachine.data.caching.enabled = true (custom)
2019-06-12 21:48:10,478 INFO  storage.RaftStorage (RaftStorage.java:format(75)) - Storage directory /opt/src/hadoop-ozone/integration-test/target/test-dir/MiniOzoneClusterImpl-b0ef1507-0e8a-44f6-9aa6-b746b1ef39bc/datanode-0/data/ratis/51e62971-cdd5-4157-b70a-ff90a65aeeb2 has been successfully formatted.
2019-06-12 21:48:10,478 INFO  impl.RoleInfo (RoleInfo.java:updateAndGet(143)) - 3f8817b0-eef6-4e90-9b79-731f1b7fec5a: start FollowerState
2019-06-12 21:48:10,479 INFO  ratis.ContainerStateMachine (ContainerStateMachine.java:loadSnapshot(199)) - The snapshot info is null.Setting the last applied index to:(t:0, i:~)
2019-06-12 21:48:10,480 INFO  server.RaftServerConfigKeys (ConfUtils.java:logGet(43)) - raft.server.leader.election.timeout = 120s (custom)
2019-06-12 21:48:10,480 INFO  server.RaftServerConfigKeys (ConfUtils.java:logGet(43)) - raft.server.log.use.memory = false (default)
2019-06-12 21:48:10,480 INFO  server.RaftServerConfigKeys (ConfUtils.java:logGet(43)) - raft.server.log.appender.buffer.byte-limit = 33554432 (custom)
2019-06-12 21:48:10,480 INFO  server.RaftServerConfigKeys (ConfUtils.java:logGet(43)) - raft.server.log.segment.size.max = 16384 (custom)
2019-06-12 21:48:10,480 INFO  server.RaftServerConfigKeys (ConfUtils.java:logGet(43)) - raft.server.log.segment.cache.num.max = 2 (custom)
2019-06-12 21:48:10,480 INFO  storage.RaftLogWorker (RaftLogWorker.java:<init>(123)) - new ccf94851-c3c9-48d5-9574-5270386f6108-RaftLogWorker for Storage Directory /opt/src/hadoop-ozone/integration-test/target/test-dir/MiniOzoneClusterImpl-b0ef1507-0e8a-44f6-9aa6-b746b1ef39bc/datanode-0/data/ratis/51e62971-cdd5-4157-b70a-ff90a65aeeb2
2019-06-12 21:48:10,480 INFO  server.RaftServerConfigKeys (ConfUtils.java:logGet(43)) - raft.server.log.queue.byte-limit = 2147483647 (custom)
2019-06-12 21:48:10,480 INFO  server.RaftServerConfigKeys (ConfUtils.java:logGet(43)) - raft.server.log.queue.element-limit = 1024 (custom)
2019-06-12 21:48:10,480 INFO  server.RaftServerConfigKeys (ConfUtils.java:logGet(43)) - raft.server.log.segment.size.max = 16384 (custom)
2019-06-12 21:48:10,480 INFO  server.RaftServerConfigKeys (ConfUtils.java:logGet(43)) - raft.server.log.preallocated.size = 16384 (custom)
2019-06-12 21:48:10,480 INFO  server.RaftServerConfigKeys (ConfUtils.java:logGet(43)) - raft.server.log.write.buffer.size = 33554432 (custom)
2019-06-12 21:48:10,480 INFO  server.RaftServerConfigKeys (ConfUtils.java:logGet(43)) - raft.server.log.force.sync.num = 128 (default)
2019-06-12 21:48:10,480 INFO  server.RaftServerConfigKeys (ConfUtils.java:logGet(43)) - raft.server.log.statemachine.data.sync = true (default)
2019-06-12 21:48:10,480 INFO  server.RaftServerConfigKeys (ConfUtils.java:logGet(43)) - raft.server.log.statemachine.data.sync.timeout = 10s (default)
2019-06-12 21:48:10,480 INFO  server.RaftServerConfigKeys (ConfUtils.java:logGet(43)) - raft.server.log.statemachine.data.sync.timeout.retry = -1 (default)
2019-06-12 21:48:10,480 INFO  server.RaftServerConfigKeys (ConfUtils.java:logGet(43)) - raft.server.log.statemachine.data.caching.enabled = true (custom)
2019-06-12 21:48:10,480 INFO  server.RaftServerConfigKeys (ConfUtils.java:logGet(43)) - raft.server.snapshot.auto.trigger.enabled = true (custom)
2019-06-12 21:48:10,481 INFO  server.RaftServerConfigKeys (ConfUtils.java:logGet(43)) - raft.server.snapshot.auto.trigger.threshold = 10000 (custom)
2019-06-12 21:48:10,481 INFO  server.RaftServerConfigKeys (ConfUtils.java:logGet(43)) - raft.server.snapshot.auto.trigger.enabled = true (custom)
2019-06-12 21:48:10,481 INFO  util.JmxRegister (JmxRegister.java:tryRegister(44)) - Successfully registered JMX Bean with object name Ratis:service=RaftServer,group=group-FF90A65AEEB2,id=3f8817b0-eef6-4e90-9b79-731f1b7fec5a
2019-06-12 21:48:10,481 INFO  server.RaftServerConfigKeys (ConfUtils.java:logGet(43)) - raft.server.retrycache.expirytime = 600000ms (custom)
2019-06-12 21:48:10,481 INFO  server.RaftServerConfigKeys (ConfUtils.java:logGet(43)) - raft.server.snapshot.auto.trigger.threshold = 10000 (custom)
2019-06-12 21:48:10,481 INFO  impl.RaftServerImpl (RaftServerImpl.java:start(173)) - c4d5cc8b-1118-4e63-9384-83c019eb0c8c: start group-FF90A65AEEB2
2019-06-12 21:48:10,481 INFO  server.RaftServerConfigKeys (ConfUtils.java:logGet(43)) - raft.server.retrycache.expirytime = 600000ms (custom)
2019-06-12 21:48:10,481 INFO  impl.RaftServerImpl (RaftServerImpl.java:start(173)) - ccf94851-c3c9-48d5-9574-5270386f6108: start group-FF90A65AEEB2
2019-06-12 21:48:10,483 INFO  impl.RaftServerImpl (RaftServerImpl.java:setRole(164)) - ccf94851-c3c9-48d5-9574-5270386f6108:group-FF90A65AEEB2 changes role from null to FOLLOWER at term 0 for startAsFollower
2019-06-12 21:48:10,481 INFO  impl.RaftServerImpl (RaftServerImpl.java:setRole(164)) - c4d5cc8b-1118-4e63-9384-83c019eb0c8c:group-FF90A65AEEB2 changes role from null to FOLLOWER at term 0 for startAsFollower
2019-06-12 21:48:10,483 INFO  impl.RoleInfo (RoleInfo.java:updateAndGet(143)) - ccf94851-c3c9-48d5-9574-5270386f6108: start FollowerState
2019-06-12 21:48:10,483 INFO  impl.RoleInfo (RoleInfo.java:updateAndGet(143)) - c4d5cc8b-1118-4e63-9384-83c019eb0c8c: start FollowerState
2019-06-12 21:48:10,483 INFO  util.JmxRegister (JmxRegister.java:tryRegister(44)) - Successfully registered JMX Bean with object name Ratis:service=RaftServer,group=group-FF90A65AEEB2,id=ccf94851-c3c9-48d5-9574-5270386f6108
2019-06-12 21:48:10,483 INFO  util.JmxRegister (JmxRegister.java:tryRegister(44)) - Successfully registered JMX Bean with object name Ratis:service=RaftServer,group=group-FF90A65AEEB2,id=c4d5cc8b-1118-4e63-9384-83c019eb0c8c
2019-06-12 21:48:10,487 INFO  pipeline.PipelineStateManager (PipelineStateManager.java:addPipeline(56)) - Created pipeline Pipeline[ Id: 51e62971-cdd5-4157-b70a-ff90a65aeeb2, Nodes: c4d5cc8b-1118-4e63-9384-83c019eb0c8c{ip: 192.168.19.22, host: ozone-v57r8-234650721, networkLocation: /default-rack, certSerialId: null}ccf94851-c3c9-48d5-9574-5270386f6108{ip: 192.168.19.22, host: ozone-v57r8-234650721, networkLocation: /default-rack, certSerialId: null}3f8817b0-eef6-4e90-9b79-731f1b7fec5a{ip: 192.168.19.22, host: ozone-v57r8-234650721, networkLocation: /default-rack, certSerialId: null}, Type:RATIS, Factor:THREE, State:OPEN]
2019-06-12 21:48:10,606 INFO  node.SCMNodeManager (SCMNodeManager.java:register(234)) - Registered Data node : 7d8f18f1-5330-4557-b09a-125b0eb58979{ip: 192.168.19.22, host: ozone-v57r8-234650721, networkLocation: /default-rack, certSerialId: null}
2019-06-12 21:48:10,616 INFO  impl.RaftServerProxy (RaftServerProxy.java:addNew(89)) - 7d8f18f1-5330-4557-b09a-125b0eb58979: addNew group-58950004F7B1:[7d8f18f1-5330-4557-b09a-125b0eb58979:192.168.19.22:40195] returns group-58950004F7B1:java.util.concurrent.CompletableFuture@707f8792[Not completed]
2019-06-12 21:48:10,616 INFO  impl.RaftServerImpl (RaftServerImpl.java:<init>(91)) - 7d8f18f1-5330-4557-b09a-125b0eb58979: new RaftServerImpl for group-58950004F7B1:[7d8f18f1-5330-4557-b09a-125b0eb58979:192.168.19.22:40195] with ContainerStateMachine:uninitialized
2019-06-12 21:48:10,617 INFO  server.RaftServerConfigKeys (ConfUtils.java:logGet(43)) - raft.server.rpc.timeout.min = 1s (custom)
2019-06-12 21:48:10,617 INFO  server.RaftServerConfigKeys (ConfUtils.java:logGet(43)) - raft.server.rpc.timeout.max = 1200ms (custom)
2019-06-12 21:48:10,617 INFO  server.RaftServerConfigKeys (ConfUtils.java:logGet(43)) - raft.server.rpcslowness.timeout = 120s (custom)
2019-06-12 21:48:10,617 INFO  server.RaftServerConfigKeys (ConfUtils.java:logGet(43)) - raft.server.log.appender.install.snapshot.enabled = true (default)
2019-06-12 21:48:10,617 INFO  impl.RaftServerImpl (ServerState.java:<init>(101)) - 7d8f18f1-5330-4557-b09a-125b0eb58979:group-58950004F7B1 ConfigurationManager, init=-1: [7d8f18f1-5330-4557-b09a-125b0eb58979:192.168.19.22:40195], old=null, confs=<EMPTY_MAP>
2019-06-12 21:48:10,617 INFO  server.RaftServerConfigKeys (ConfUtils.java:logGet(43)) - raft.server.storage.dir = [/opt/src/hadoop-ozone/integration-test/target/test-dir/MiniOzoneClusterImpl-b0ef1507-0e8a-44f6-9aa6-b746b1ef39bc/datanode-3/data/ratis] (custom)
2019-06-12 21:48:10,617 INFO  storage.RaftStorageDirectory (RaftStorageDirectory.java:analyzeStorage(246)) - The storage directory /opt/src/hadoop-ozone/integration-test/target/test-dir/MiniOzoneClusterImpl-b0ef1507-0e8a-44f6-9aa6-b746b1ef39bc/datanode-3/data/ratis/568faa8f-46b0-47b8-b90a-58950004f7b1 does not exist. Creating ...
2019-06-12 21:48:10,619 INFO  storage.RaftStorageDirectory (RaftStorageDirectory.java:tryLock(328)) - Lock on /opt/src/hadoop-ozone/integration-test/target/test-dir/MiniOzoneClusterImpl-b0ef1507-0e8a-44f6-9aa6-b746b1ef39bc/datanode-3/data/ratis/568faa8f-46b0-47b8-b90a-58950004f7b1/in_use.lock acquired by nodename 14039@ozone-v57r8-234650721
2019-06-12 21:48:10,622 INFO  storage.RaftStorage (RaftStorage.java:format(75)) - Storage directory /opt/src/hadoop-ozone/integration-test/target/test-dir/MiniOzoneClusterImpl-b0ef1507-0e8a-44f6-9aa6-b746b1ef39bc/datanode-3/data/ratis/568faa8f-46b0-47b8-b90a-58950004f7b1 has been successfully formatted.
2019-06-12 21:48:10,622 INFO  ratis.ContainerStateMachine (ContainerStateMachine.java:loadSnapshot(199)) - The snapshot info is null.Setting the last applied index to:(t:0, i:~)
2019-06-12 21:48:10,622 INFO  server.RaftServerConfigKeys (ConfUtils.java:logGet(43)) - raft.server.leader.election.timeout = 120s (custom)
2019-06-12 21:48:10,622 INFO  server.RaftServerConfigKeys (ConfUtils.java:logGet(43)) - raft.server.log.use.memory = false (default)
2019-06-12 21:48:10,622 INFO  server.RaftServerConfigKeys (ConfUtils.java:logGet(43)) - raft.server.log.appender.buffer.byte-limit = 33554432 (custom)
2019-06-12 21:48:10,622 INFO  server.RaftServerConfigKeys (ConfUtils.java:logGet(43)) - raft.server.log.segment.size.max = 16384 (custom)
2019-06-12 21:48:10,622 INFO  server.RaftServerConfigKeys (ConfUtils.java:logGet(43)) - raft.server.log.segment.cache.num.max = 2 (custom)
2019-06-12 21:48:10,622 INFO  storage.RaftLogWorker (RaftLogWorker.java:<init>(123)) - new 7d8f18f1-5330-4557-b09a-125b0eb58979-RaftLogWorker for Storage Directory /opt/src/hadoop-ozone/integration-test/target/test-dir/MiniOzoneClusterImpl-b0ef1507-0e8a-44f6-9aa6-b746b1ef39bc/datanode-3/data/ratis/568faa8f-46b0-47b8-b90a-58950004f7b1
2019-06-12 21:48:10,622 INFO  server.RaftServerConfigKeys (ConfUtils.java:logGet(43)) - raft.server.log.queue.byte-limit = 2147483647 (custom)
2019-06-12 21:48:10,622 INFO  server.RaftServerConfigKeys (ConfUtils.java:logGet(43)) - raft.server.log.queue.element-limit = 1024 (custom)
2019-06-12 21:48:10,623 INFO  server.RaftServerConfigKeys (ConfUtils.java:logGet(43)) - raft.server.log.segment.size.max = 16384 (custom)
2019-06-12 21:48:10,623 INFO  server.RaftServerConfigKeys (ConfUtils.java:logGet(43)) - raft.server.log.preallocated.size = 16384 (custom)
2019-06-12 21:48:10,623 INFO  server.RaftServerConfigKeys (ConfUtils.java:logGet(43)) - raft.server.log.write.buffer.size = 33554432 (custom)
2019-06-12 21:48:10,623 INFO  server.RaftServerConfigKeys (ConfUtils.java:logGet(43)) - raft.server.log.force.sync.num = 128 (default)
2019-06-12 21:48:10,623 INFO  server.RaftServerConfigKeys (ConfUtils.java:logGet(43)) - raft.server.log.statemachine.data.sync = true (default)
2019-06-12 21:48:10,623 INFO  server.RaftServerConfigKeys (ConfUtils.java:logGet(43)) - raft.server.log.statemachine.data.sync.timeout = 10s (default)
2019-06-12 21:48:10,623 INFO  server.RaftServerConfigKeys (ConfUtils.java:logGet(43)) - raft.server.log.statemachine.data.sync.timeout.retry = -1 (default)
2019-06-12 21:48:10,623 INFO  server.RaftServerConfigKeys (ConfUtils.java:logGet(43)) - raft.server.log.statemachine.data.caching.enabled = true (custom)
2019-06-12 21:48:10,623 INFO  server.RaftServerConfigKeys (ConfUtils.java:logGet(43)) - raft.server.snapshot.auto.trigger.enabled = true (custom)
2019-06-12 21:48:10,624 INFO  server.RaftServerConfigKeys (ConfUtils.java:logGet(43)) - raft.server.snapshot.auto.trigger.threshold = 10000 (custom)
2019-06-12 21:48:10,624 INFO  server.RaftServerConfigKeys (ConfUtils.java:logGet(43)) - raft.server.retrycache.expirytime = 600000ms (custom)
2019-06-12 21:48:10,624 INFO  impl.RaftServerImpl (RaftServerImpl.java:start(173)) - 7d8f18f1-5330-4557-b09a-125b0eb58979: start group-58950004F7B1
2019-06-12 21:48:10,624 INFO  impl.RaftServerImpl (RaftServerImpl.java:setRole(164)) - 7d8f18f1-5330-4557-b09a-125b0eb58979:group-58950004F7B1 changes role from null to FOLLOWER at term 0 for startAsFollower
2019-06-12 21:48:10,624 INFO  impl.RoleInfo (RoleInfo.java:updateAndGet(143)) - 7d8f18f1-5330-4557-b09a-125b0eb58979: start FollowerState
2019-06-12 21:48:10,624 INFO  util.JmxRegister (JmxRegister.java:tryRegister(44)) - Successfully registered JMX Bean with object name Ratis:service=RaftServer,group=group-58950004F7B1,id=7d8f18f1-5330-4557-b09a-125b0eb58979
2019-06-12 21:48:10,626 INFO  pipeline.PipelineStateManager (PipelineStateManager.java:addPipeline(56)) - Created pipeline Pipeline[ Id: 568faa8f-46b0-47b8-b90a-58950004f7b1, Nodes: 7d8f18f1-5330-4557-b09a-125b0eb58979{ip: 192.168.19.22, host: ozone-v57r8-234650721, networkLocation: /default-rack, certSerialId: null}, Type:RATIS, Factor:ONE, State:OPEN]
2019-06-12 21:48:10,755 INFO  node.SCMNodeManager (SCMNodeManager.java:register(234)) - Registered Data node : 419156bc-2095-40ae-b588-af1fff80d41c{ip: 192.168.19.22, host: ozone-v57r8-234650721, networkLocation: /default-rack, certSerialId: null}
2019-06-12 21:48:10,762 INFO  impl.RaftServerProxy (RaftServerProxy.java:addNew(89)) - 419156bc-2095-40ae-b588-af1fff80d41c: addNew group-60FDC89289A1:[419156bc-2095-40ae-b588-af1fff80d41c:192.168.19.22:45855] returns group-60FDC89289A1:java.util.concurrent.CompletableFuture@124605c3[Not completed]
2019-06-12 21:48:10,762 INFO  impl.RaftServerImpl (RaftServerImpl.java:<init>(91)) - 419156bc-2095-40ae-b588-af1fff80d41c: new RaftServerImpl for group-60FDC89289A1:[419156bc-2095-40ae-b588-af1fff80d41c:192.168.19.22:45855] with ContainerStateMachine:uninitialized
2019-06-12 21:48:10,762 INFO  server.RaftServerConfigKeys (ConfUtils.java:logGet(43)) - raft.server.rpc.timeout.min = 1s (custom)
2019-06-12 21:48:10,762 INFO  server.RaftServerConfigKeys (ConfUtils.java:logGet(43)) - raft.server.rpc.timeout.max = 1200ms (custom)
2019-06-12 21:48:10,762 INFO  server.RaftServerConfigKeys (ConfUtils.java:logGet(43)) - raft.server.rpcslowness.timeout = 120s (custom)
2019-06-12 21:48:10,762 INFO  server.RaftServerConfigKeys (ConfUtils.java:logGet(43)) - raft.server.log.appender.install.snapshot.enabled = true (default)
2019-06-12 21:48:10,763 INFO  impl.RaftServerImpl (ServerState.java:<init>(101)) - 419156bc-2095-40ae-b588-af1fff80d41c:group-60FDC89289A1 ConfigurationManager, init=-1: [419156bc-2095-40ae-b588-af1fff80d41c:192.168.19.22:45855], old=null, confs=<EMPTY_MAP>
2019-06-12 21:48:10,763 INFO  server.RaftServerConfigKeys (ConfUtils.java:logGet(43)) - raft.server.storage.dir = [/opt/src/hadoop-ozone/integration-test/target/test-dir/MiniOzoneClusterImpl-b0ef1507-0e8a-44f6-9aa6-b746b1ef39bc/datanode-4/data/ratis] (custom)
2019-06-12 21:48:10,763 INFO  storage.RaftStorageDirectory (RaftStorageDirectory.java:analyzeStorage(246)) - The storage directory /opt/src/hadoop-ozone/integration-test/target/test-dir/MiniOzoneClusterImpl-b0ef1507-0e8a-44f6-9aa6-b746b1ef39bc/datanode-4/data/ratis/67eee87c-948f-44b9-aa09-60fdc89289a1 does not exist. Creating ...
2019-06-12 21:48:10,765 INFO  storage.RaftStorageDirectory (RaftStorageDirectory.java:tryLock(328)) - Lock on /opt/src/hadoop-ozone/integration-test/target/test-dir/MiniOzoneClusterImpl-b0ef1507-0e8a-44f6-9aa6-b746b1ef39bc/datanode-4/data/ratis/67eee87c-948f-44b9-aa09-60fdc89289a1/in_use.lock acquired by nodename 14039@ozone-v57r8-234650721
2019-06-12 21:48:10,767 INFO  storage.RaftStorage (RaftStorage.java:format(75)) - Storage directory /opt/src/hadoop-ozone/integration-test/target/test-dir/MiniOzoneClusterImpl-b0ef1507-0e8a-44f6-9aa6-b746b1ef39bc/datanode-4/data/ratis/67eee87c-948f-44b9-aa09-60fdc89289a1 has been successfully formatted.
2019-06-12 21:48:10,767 INFO  ratis.ContainerStateMachine (ContainerStateMachine.java:loadSnapshot(199)) - The snapshot info is null.Setting the last applied index to:(t:0, i:~)
2019-06-12 21:48:10,767 INFO  server.RaftServerConfigKeys (ConfUtils.java:logGet(43)) - raft.server.leader.election.timeout = 120s (custom)
2019-06-12 21:48:10,767 INFO  server.RaftServerConfigKeys (ConfUtils.java:logGet(43)) - raft.server.log.use.memory = false (default)
2019-06-12 21:48:10,767 INFO  server.RaftServerConfigKeys (ConfUtils.java:logGet(43)) - raft.server.log.appender.buffer.byte-limit = 33554432 (custom)
2019-06-12 21:48:10,767 INFO  server.RaftServerConfigKeys (ConfUtils.java:logGet(43)) - raft.server.log.segment.size.max = 16384 (custom)
2019-06-12 21:48:10,768 INFO  server.RaftServerConfigKeys (ConfUtils.java:logGet(43)) - raft.server.log.segment.cache.num.max = 2 (custom)
2019-06-12 21:48:10,768 INFO  storage.RaftLogWorker (RaftLogWorker.java:<init>(123)) - new 419156bc-2095-40ae-b588-af1fff80d41c-RaftLogWorker for Storage Directory /opt/src/hadoop-ozone/integration-test/target/test-dir/MiniOzoneClusterImpl-b0ef1507-0e8a-44f6-9aa6-b746b1ef39bc/datanode-4/data/ratis/67eee87c-948f-44b9-aa09-60fdc89289a1
2019-06-12 21:48:10,768 INFO  server.RaftServerConfigKeys (ConfUtils.java:logGet(43)) - raft.server.log.queue.byte-limit = 2147483647 (custom)
2019-06-12 21:48:10,768 INFO  server.RaftServerConfigKeys (ConfUtils.java:logGet(43)) - raft.server.log.queue.element-limit = 1024 (custom)
2019-06-12 21:48:10,768 INFO  server.RaftServerConfigKeys (ConfUtils.java:logGet(43)) - raft.server.log.segment.size.max = 16384 (custom)
2019-06-12 21:48:10,768 INFO  server.RaftServerConfigKeys (ConfUtils.java:logGet(43)) - raft.server.log.preallocated.size = 16384 (custom)
2019-06-12 21:48:10,768 INFO  server.RaftServerConfigKeys (ConfUtils.java:logGet(43)) - raft.server.log.write.buffer.size = 33554432 (custom)
2019-06-12 21:48:10,768 INFO  server.RaftServerConfigKeys (ConfUtils.java:logGet(43)) - raft.server.log.force.sync.num = 128 (default)
2019-06-12 21:48:10,768 INFO  server.RaftServerConfigKeys (ConfUtils.java:logGet(43)) - raft.server.log.statemachine.data.sync = true (default)
2019-06-12 21:48:10,768 INFO  server.RaftServerConfigKeys (ConfUtils.java:logGet(43)) - raft.server.log.statemachine.data.sync.timeout = 10s (default)
2019-06-12 21:48:10,768 INFO  server.RaftServerConfigKeys (ConfUtils.java:logGet(43)) - raft.server.log.statemachine.data.sync.timeout.retry = -1 (default)
2019-06-12 21:48:10,768 INFO  server.RaftServerConfigKeys (ConfUtils.java:logGet(43)) - raft.server.log.statemachine.data.caching.enabled = true (custom)
2019-06-12 21:48:10,768 INFO  server.RaftServerConfigKeys (ConfUtils.java:logGet(43)) - raft.server.snapshot.auto.trigger.enabled = true (custom)
2019-06-12 21:48:10,769 INFO  server.RaftServerConfigKeys (ConfUtils.java:logGet(43)) - raft.server.snapshot.auto.trigger.threshold = 10000 (custom)
2019-06-12 21:48:10,769 INFO  server.RaftServerConfigKeys (ConfUtils.java:logGet(43)) - raft.server.retrycache.expirytime = 600000ms (custom)
2019-06-12 21:48:10,769 INFO  impl.RaftServerImpl (RaftServerImpl.java:start(173)) - 419156bc-2095-40ae-b588-af1fff80d41c: start group-60FDC89289A1
2019-06-12 21:48:10,769 INFO  impl.RaftServerImpl (RaftServerImpl.java:setRole(164)) - 419156bc-2095-40ae-b588-af1fff80d41c:group-60FDC89289A1 changes role from null to FOLLOWER at term 0 for startAsFollower
2019-06-12 21:48:10,769 INFO  impl.RoleInfo (RoleInfo.java:updateAndGet(143)) - 419156bc-2095-40ae-b588-af1fff80d41c: start FollowerState
2019-06-12 21:48:10,779 INFO  util.JmxRegister (JmxRegister.java:tryRegister(44)) - Successfully registered JMX Bean with object name Ratis:service=RaftServer,group=group-60FDC89289A1,id=419156bc-2095-40ae-b588-af1fff80d41c
2019-06-12 21:48:10,792 INFO  pipeline.PipelineStateManager (PipelineStateManager.java:addPipeline(56)) - Created pipeline Pipeline[ Id: 67eee87c-948f-44b9-aa09-60fdc89289a1, Nodes: 419156bc-2095-40ae-b588-af1fff80d41c{ip: 192.168.19.22, host: ozone-v57r8-234650721, networkLocation: /default-rack, certSerialId: null}, Type:RATIS, Factor:ONE, State:OPEN]
2019-06-12 21:48:10,942 INFO  ozone.MiniOzoneClusterImpl (MiniOzoneClusterImpl.java:lambda$waitForClusterToBeReady$0(142)) - Waiting for cluster to be ready. Got 5 of 6 DN Heartbeats.
2019-06-12 21:48:10,945 INFO  node.SCMNodeManager (SCMNodeManager.java:register(234)) - Registered Data node : 543fe4b3-1818-4686-bf5b-7d69e498731f{ip: 192.168.19.22, host: ozone-v57r8-234650721, networkLocation: /default-rack, certSerialId: null}
2019-06-12 21:48:10,953 INFO  impl.RaftServerProxy (RaftServerProxy.java:addNew(89)) - 543fe4b3-1818-4686-bf5b-7d69e498731f: addNew group-4C0D83FB062D:[543fe4b3-1818-4686-bf5b-7d69e498731f:192.168.19.22:41559] returns group-4C0D83FB062D:java.util.concurrent.CompletableFuture@2c00be7d[Not completed]
2019-06-12 21:48:10,954 INFO  impl.RaftServerImpl (RaftServerImpl.java:<init>(91)) - 543fe4b3-1818-4686-bf5b-7d69e498731f: new RaftServerImpl for group-4C0D83FB062D:[543fe4b3-1818-4686-bf5b-7d69e498731f:192.168.19.22:41559] with ContainerStateMachine:uninitialized
2019-06-12 21:48:10,954 INFO  server.RaftServerConfigKeys (ConfUtils.java:logGet(43)) - raft.server.rpc.timeout.min = 1s (custom)
2019-06-12 21:48:10,954 INFO  server.RaftServerConfigKeys (ConfUtils.java:logGet(43)) - raft.server.rpc.timeout.max = 1200ms (custom)
2019-06-12 21:48:10,954 INFO  server.RaftServerConfigKeys (ConfUtils.java:logGet(43)) - raft.server.rpcslowness.timeout = 120s (custom)
2019-06-12 21:48:10,954 INFO  server.RaftServerConfigKeys (ConfUtils.java:logGet(43)) - raft.server.log.appender.install.snapshot.enabled = true (default)
2019-06-12 21:48:10,954 INFO  impl.RaftServerImpl (ServerState.java:<init>(101)) - 543fe4b3-1818-4686-bf5b-7d69e498731f:group-4C0D83FB062D ConfigurationManager, init=-1: [543fe4b3-1818-4686-bf5b-7d69e498731f:192.168.19.22:41559], old=null, confs=<EMPTY_MAP>
2019-06-12 21:48:10,955 INFO  server.RaftServerConfigKeys (ConfUtils.java:logGet(43)) - raft.server.storage.dir = [/opt/src/hadoop-ozone/integration-test/target/test-dir/MiniOzoneClusterImpl-b0ef1507-0e8a-44f6-9aa6-b746b1ef39bc/datanode-5/data/ratis] (custom)
2019-06-12 21:48:10,955 INFO  storage.RaftStorageDirectory (RaftStorageDirectory.java:analyzeStorage(246)) - The storage directory /opt/src/hadoop-ozone/integration-test/target/test-dir/MiniOzoneClusterImpl-b0ef1507-0e8a-44f6-9aa6-b746b1ef39bc/datanode-5/data/ratis/f25ad07f-70d2-4423-b0b7-4c0d83fb062d does not exist. Creating ...
2019-06-12 21:48:10,957 INFO  storage.RaftStorageDirectory (RaftStorageDirectory.java:tryLock(328)) - Lock on /opt/src/hadoop-ozone/integration-test/target/test-dir/MiniOzoneClusterImpl-b0ef1507-0e8a-44f6-9aa6-b746b1ef39bc/datanode-5/data/ratis/f25ad07f-70d2-4423-b0b7-4c0d83fb062d/in_use.lock acquired by nodename 14039@ozone-v57r8-234650721
2019-06-12 21:48:10,960 INFO  storage.RaftStorage (RaftStorage.java:format(75)) - Storage directory /opt/src/hadoop-ozone/integration-test/target/test-dir/MiniOzoneClusterImpl-b0ef1507-0e8a-44f6-9aa6-b746b1ef39bc/datanode-5/data/ratis/f25ad07f-70d2-4423-b0b7-4c0d83fb062d has been successfully formatted.
2019-06-12 21:48:10,960 INFO  ratis.ContainerStateMachine (ContainerStateMachine.java:loadSnapshot(199)) - The snapshot info is null.Setting the last applied index to:(t:0, i:~)
2019-06-12 21:48:10,960 INFO  server.RaftServerConfigKeys (ConfUtils.java:logGet(43)) - raft.server.leader.election.timeout = 120s (custom)
2019-06-12 21:48:10,960 INFO  server.RaftServerConfigKeys (ConfUtils.java:logGet(43)) - raft.server.log.use.memory = false (default)
2019-06-12 21:48:10,960 INFO  server.RaftServerConfigKeys (ConfUtils.java:logGet(43)) - raft.server.log.appender.buffer.byte-limit = 33554432 (custom)
2019-06-12 21:48:10,960 INFO  server.RaftServerConfigKeys (ConfUtils.java:logGet(43)) - raft.server.log.segment.size.max = 16384 (custom)
2019-06-12 21:48:10,960 INFO  server.RaftServerConfigKeys (ConfUtils.java:logGet(43)) - raft.server.log.segment.cache.num.max = 2 (custom)
2019-06-12 21:48:10,960 INFO  storage.RaftLogWorker (RaftLogWorker.java:<init>(123)) - new 543fe4b3-1818-4686-bf5b-7d69e498731f-RaftLogWorker for Storage Directory /opt/src/hadoop-ozone/integration-test/target/test-dir/MiniOzoneClusterImpl-b0ef1507-0e8a-44f6-9aa6-b746b1ef39bc/datanode-5/data/ratis/f25ad07f-70d2-4423-b0b7-4c0d83fb062d
2019-06-12 21:48:10,961 INFO  server.RaftServerConfigKeys (ConfUtils.java:logGet(43)) - raft.server.log.queue.byte-limit = 2147483647 (custom)
2019-06-12 21:48:10,961 INFO  server.RaftServerConfigKeys (ConfUtils.java:logGet(43)) - raft.server.log.queue.element-limit = 1024 (custom)
2019-06-12 21:48:10,961 INFO  server.RaftServerConfigKeys (ConfUtils.java:logGet(43)) - raft.server.log.segment.size.max = 16384 (custom)
2019-06-12 21:48:10,961 INFO  server.RaftServerConfigKeys (ConfUtils.java:logGet(43)) - raft.server.log.preallocated.size = 16384 (custom)
2019-06-12 21:48:10,961 INFO  server.RaftServerConfigKeys (ConfUtils.java:logGet(43)) - raft.server.log.write.buffer.size = 33554432 (custom)
2019-06-12 21:48:10,961 INFO  server.RaftServerConfigKeys (ConfUtils.java:logGet(43)) - raft.server.log.force.sync.num = 128 (default)
2019-06-12 21:48:10,961 INFO  server.RaftServerConfigKeys (ConfUtils.java:logGet(43)) - raft.server.log.statemachine.data.sync = true (default)
2019-06-12 21:48:10,961 INFO  server.RaftServerConfigKeys (ConfUtils.java:logGet(43)) - raft.server.log.statemachine.data.sync.timeout = 10s (default)
2019-06-12 21:48:10,961 INFO  server.RaftServerConfigKeys (ConfUtils.java:logGet(43)) - raft.server.log.statemachine.data.sync.timeout.retry = -1 (default)
2019-06-12 21:48:10,961 INFO  server.RaftServerConfigKeys (ConfUtils.java:logGet(43)) - raft.server.log.statemachine.data.caching.enabled = true (custom)
2019-06-12 21:48:10,961 INFO  server.RaftServerConfigKeys (ConfUtils.java:logGet(43)) - raft.server.snapshot.auto.trigger.enabled = true (custom)
2019-06-12 21:48:10,962 INFO  server.RaftServerConfigKeys (ConfUtils.java:logGet(43)) - raft.server.snapshot.auto.trigger.threshold = 10000 (custom)
2019-06-12 21:48:10,962 INFO  server.RaftServerConfigKeys (ConfUtils.java:logGet(43)) - raft.server.retrycache.expirytime = 600000ms (custom)
2019-06-12 21:48:10,962 INFO  impl.RaftServerImpl (RaftServerImpl.java:start(173)) - 543fe4b3-1818-4686-bf5b-7d69e498731f: start group-4C0D83FB062D
2019-06-12 21:48:10,962 INFO  impl.RaftServerImpl (RaftServerImpl.java:setRole(164)) - 543fe4b3-1818-4686-bf5b-7d69e498731f:group-4C0D83FB062D changes role from null to FOLLOWER at term 0 for startAsFollower
2019-06-12 21:48:10,962 INFO  impl.RoleInfo (RoleInfo.java:updateAndGet(143)) - 543fe4b3-1818-4686-bf5b-7d69e498731f: start FollowerState
2019-06-12 21:48:10,965 INFO  util.JmxRegister (JmxRegister.java:tryRegister(44)) - Successfully registered JMX Bean with object name Ratis:service=RaftServer,group=group-4C0D83FB062D,id=543fe4b3-1818-4686-bf5b-7d69e498731f
2019-06-12 21:48:10,968 INFO  pipeline.PipelineStateManager (PipelineStateManager.java:addPipeline(56)) - Created pipeline Pipeline[ Id: f25ad07f-70d2-4423-b0b7-4c0d83fb062d, Nodes: 543fe4b3-1818-4686-bf5b-7d69e498731f{ip: 192.168.19.22, host: ozone-v57r8-234650721, networkLocation: /default-rack, certSerialId: null}, Type:RATIS, Factor:ONE, State:OPEN]
2019-06-12 21:48:10,978 INFO  impl.RaftServerProxy (RaftServerProxy.java:addNew(89)) - 543fe4b3-1818-4686-bf5b-7d69e498731f: addNew group-0861ECD987B7:[419156bc-2095-40ae-b588-af1fff80d41c:192.168.19.22:45855, 7d8f18f1-5330-4557-b09a-125b0eb58979:192.168.19.22:40195, 543fe4b3-1818-4686-bf5b-7d69e498731f:192.168.19.22:41559] returns group-0861ECD987B7:java.util.concurrent.CompletableFuture@32bf3718[Not completed]
2019-06-12 21:48:10,979 INFO  impl.RaftServerImpl (RaftServerImpl.java:<init>(91)) - 543fe4b3-1818-4686-bf5b-7d69e498731f: new RaftServerImpl for group-0861ECD987B7:[419156bc-2095-40ae-b588-af1fff80d41c:192.168.19.22:45855, 7d8f18f1-5330-4557-b09a-125b0eb58979:192.168.19.22:40195, 543fe4b3-1818-4686-bf5b-7d69e498731f:192.168.19.22:41559] with ContainerStateMachine:uninitialized
2019-06-12 21:48:10,979 INFO  server.RaftServerConfigKeys (ConfUtils.java:logGet(43)) - raft.server.rpc.timeout.min = 1s (custom)
2019-06-12 21:48:10,979 INFO  server.RaftServerConfigKeys (ConfUtils.java:logGet(43)) - raft.server.rpc.timeout.max = 1200ms (custom)
2019-06-12 21:48:10,979 INFO  impl.RaftServerProxy (RaftServerProxy.java:addNew(89)) - 7d8f18f1-5330-4557-b09a-125b0eb58979: addNew group-0861ECD987B7:[419156bc-2095-40ae-b588-af1fff80d41c:192.168.19.22:45855, 7d8f18f1-5330-4557-b09a-125b0eb58979:192.168.19.22:40195, 543fe4b3-1818-4686-bf5b-7d69e498731f:192.168.19.22:41559] returns group-0861ECD987B7:java.util.concurrent.CompletableFuture@3c643a80[Not completed]
2019-06-12 21:48:10,979 INFO  server.RaftServerConfigKeys (ConfUtils.java:logGet(43)) - raft.server.rpcslowness.timeout = 120s (custom)
2019-06-12 21:48:10,979 INFO  server.RaftServerConfigKeys (ConfUtils.java:logGet(43)) - raft.server.log.appender.install.snapshot.enabled = true (default)
2019-06-12 21:48:10,979 INFO  impl.RaftServerImpl (ServerState.java:<init>(101)) - 543fe4b3-1818-4686-bf5b-7d69e498731f:group-0861ECD987B7 ConfigurationManager, init=-1: [419156bc-2095-40ae-b588-af1fff80d41c:192.168.19.22:45855, 7d8f18f1-5330-4557-b09a-125b0eb58979:192.168.19.22:40195, 543fe4b3-1818-4686-bf5b-7d69e498731f:192.168.19.22:41559], old=null, confs=<EMPTY_MAP>
2019-06-12 21:48:10,979 INFO  impl.RaftServerImpl (RaftServerImpl.java:<init>(91)) - 7d8f18f1-5330-4557-b09a-125b0eb58979: new RaftServerImpl for group-0861ECD987B7:[419156bc-2095-40ae-b588-af1fff80d41c:192.168.19.22:45855, 7d8f18f1-5330-4557-b09a-125b0eb58979:192.168.19.22:40195, 543fe4b3-1818-4686-bf5b-7d69e498731f:192.168.19.22:41559] with ContainerStateMachine:uninitialized
2019-06-12 21:48:10,979 INFO  server.RaftServerConfigKeys (ConfUtils.java:logGet(43)) - raft.server.storage.dir = [/opt/src/hadoop-ozone/integration-test/target/test-dir/MiniOzoneClusterImpl-b0ef1507-0e8a-44f6-9aa6-b746b1ef39bc/datanode-5/data/ratis] (custom)
2019-06-12 21:48:10,979 INFO  server.RaftServerConfigKeys (ConfUtils.java:logGet(43)) - raft.server.rpc.timeout.min = 1s (custom)
2019-06-12 21:48:10,980 INFO  server.RaftServerConfigKeys (ConfUtils.java:logGet(43)) - raft.server.rpc.timeout.max = 1200ms (custom)
2019-06-12 21:48:10,980 INFO  storage.RaftStorageDirectory (RaftStorageDirectory.java:analyzeStorage(246)) - The storage directory /opt/src/hadoop-ozone/integration-test/target/test-dir/MiniOzoneClusterImpl-b0ef1507-0e8a-44f6-9aa6-b746b1ef39bc/datanode-5/data/ratis/c42776b9-8d10-470c-a36d-0861ecd987b7 does not exist. Creating ...
2019-06-12 21:48:10,980 INFO  server.RaftServerConfigKeys (ConfUtils.java:logGet(43)) - raft.server.rpcslowness.timeout = 120s (custom)
2019-06-12 21:48:10,980 INFO  server.RaftServerConfigKeys (ConfUtils.java:logGet(43)) - raft.server.log.appender.install.snapshot.enabled = true (default)
2019-06-12 21:48:10,980 INFO  impl.RaftServerImpl (ServerState.java:<init>(101)) - 7d8f18f1-5330-4557-b09a-125b0eb58979:group-0861ECD987B7 ConfigurationManager, init=-1: [419156bc-2095-40ae-b588-af1fff80d41c:192.168.19.22:45855, 7d8f18f1-5330-4557-b09a-125b0eb58979:192.168.19.22:40195, 543fe4b3-1818-4686-bf5b-7d69e498731f:192.168.19.22:41559], old=null, confs=<EMPTY_MAP>
2019-06-12 21:48:10,980 INFO  impl.RaftServerProxy (RaftServerProxy.java:addNew(89)) - 419156bc-2095-40ae-b588-af1fff80d41c: addNew group-0861ECD987B7:[419156bc-2095-40ae-b588-af1fff80d41c:192.168.19.22:45855, 7d8f18f1-5330-4557-b09a-125b0eb58979:192.168.19.22:40195, 543fe4b3-1818-4686-bf5b-7d69e498731f:192.168.19.22:41559] returns group-0861ECD987B7:java.util.concurrent.CompletableFuture@fc0d911[Not completed]
2019-06-12 21:48:10,980 INFO  server.RaftServerConfigKeys (ConfUtils.java:logGet(43)) - raft.server.storage.dir = [/opt/src/hadoop-ozone/integration-test/target/test-dir/MiniOzoneClusterImpl-b0ef1507-0e8a-44f6-9aa6-b746b1ef39bc/datanode-3/data/ratis] (custom)
2019-06-12 21:48:10,981 INFO  storage.RaftStorageDirectory (RaftStorageDirectory.java:analyzeStorage(246)) - The storage directory /opt/src/hadoop-ozone/integration-test/target/test-dir/MiniOzoneClusterImpl-b0ef1507-0e8a-44f6-9aa6-b746b1ef39bc/datanode-3/data/ratis/c42776b9-8d10-470c-a36d-0861ecd987b7 does not exist. Creating ...
2019-06-12 21:48:10,980 INFO  impl.RaftServerImpl (RaftServerImpl.java:<init>(91)) - 419156bc-2095-40ae-b588-af1fff80d41c: new RaftServerImpl for group-0861ECD987B7:[419156bc-2095-40ae-b588-af1fff80d41c:192.168.19.22:45855, 7d8f18f1-5330-4557-b09a-125b0eb58979:192.168.19.22:40195, 543fe4b3-1818-4686-bf5b-7d69e498731f:192.168.19.22:41559] with ContainerStateMachine:uninitialized
2019-06-12 21:48:10,981 INFO  server.RaftServerConfigKeys (ConfUtils.java:logGet(43)) - raft.server.rpc.timeout.min = 1s (custom)
2019-06-12 21:48:10,981 INFO  server.RaftServerConfigKeys (ConfUtils.java:logGet(43)) - raft.server.rpc.timeout.max = 1200ms (custom)
2019-06-12 21:48:10,981 INFO  server.RaftServerConfigKeys (ConfUtils.java:logGet(43)) - raft.server.rpcslowness.timeout = 120s (custom)
2019-06-12 21:48:10,981 INFO  server.RaftServerConfigKeys (ConfUtils.java:logGet(43)) - raft.server.log.appender.install.snapshot.enabled = true (default)
2019-06-12 21:48:10,981 INFO  impl.RaftServerImpl (ServerState.java:<init>(101)) - 419156bc-2095-40ae-b588-af1fff80d41c:group-0861ECD987B7 ConfigurationManager, init=-1: [419156bc-2095-40ae-b588-af1fff80d41c:192.168.19.22:45855, 7d8f18f1-5330-4557-b09a-125b0eb58979:192.168.19.22:40195, 543fe4b3-1818-4686-bf5b-7d69e498731f:192.168.19.22:41559], old=null, confs=<EMPTY_MAP>
2019-06-12 21:48:10,981 INFO  server.RaftServerConfigKeys (ConfUtils.java:logGet(43)) - raft.server.storage.dir = [/opt/src/hadoop-ozone/integration-test/target/test-dir/MiniOzoneClusterImpl-b0ef1507-0e8a-44f6-9aa6-b746b1ef39bc/datanode-4/data/ratis] (custom)
2019-06-12 21:48:10,982 INFO  storage.RaftStorageDirectory (RaftStorageDirectory.java:analyzeStorage(246)) - The storage directory /opt/src/hadoop-ozone/integration-test/target/test-dir/MiniOzoneClusterImpl-b0ef1507-0e8a-44f6-9aa6-b746b1ef39bc/datanode-4/data/ratis/c42776b9-8d10-470c-a36d-0861ecd987b7 does not exist. Creating ...
2019-06-12 21:48:10,982 INFO  storage.RaftStorageDirectory (RaftStorageDirectory.java:tryLock(328)) - Lock on /opt/src/hadoop-ozone/integration-test/target/test-dir/MiniOzoneClusterImpl-b0ef1507-0e8a-44f6-9aa6-b746b1ef39bc/datanode-3/data/ratis/c42776b9-8d10-470c-a36d-0861ecd987b7/in_use.lock acquired by nodename 14039@ozone-v57r8-234650721
2019-06-12 21:48:10,983 INFO  storage.RaftStorageDirectory (RaftStorageDirectory.java:tryLock(328)) - Lock on /opt/src/hadoop-ozone/integration-test/target/test-dir/MiniOzoneClusterImpl-b0ef1507-0e8a-44f6-9aa6-b746b1ef39bc/datanode-5/data/ratis/c42776b9-8d10-470c-a36d-0861ecd987b7/in_use.lock acquired by nodename 14039@ozone-v57r8-234650721
2019-06-12 21:48:10,984 INFO  storage.RaftStorageDirectory (RaftStorageDirectory.java:tryLock(328)) - Lock on /opt/src/hadoop-ozone/integration-test/target/test-dir/MiniOzoneClusterImpl-b0ef1507-0e8a-44f6-9aa6-b746b1ef39bc/datanode-4/data/ratis/c42776b9-8d10-470c-a36d-0861ecd987b7/in_use.lock acquired by nodename 14039@ozone-v57r8-234650721
2019-06-12 21:48:10,985 INFO  storage.RaftStorage (RaftStorage.java:format(75)) - Storage directory /opt/src/hadoop-ozone/integration-test/target/test-dir/MiniOzoneClusterImpl-b0ef1507-0e8a-44f6-9aa6-b746b1ef39bc/datanode-5/data/ratis/c42776b9-8d10-470c-a36d-0861ecd987b7 has been successfully formatted.
2019-06-12 21:48:10,985 INFO  storage.RaftStorage (RaftStorage.java:format(75)) - Storage directory /opt/src/hadoop-ozone/integration-test/target/test-dir/MiniOzoneClusterImpl-b0ef1507-0e8a-44f6-9aa6-b746b1ef39bc/datanode-3/data/ratis/c42776b9-8d10-470c-a36d-0861ecd987b7 has been successfully formatted.
2019-06-12 21:48:10,986 INFO  ratis.ContainerStateMachine (ContainerStateMachine.java:loadSnapshot(199)) - The snapshot info is null.Setting the last applied index to:(t:0, i:~)
2019-06-12 21:48:10,987 INFO  server.RaftServerConfigKeys (ConfUtils.java:logGet(43)) - raft.server.leader.election.timeout = 120s (custom)
2019-06-12 21:48:10,987 INFO  server.RaftServerConfigKeys (ConfUtils.java:logGet(43)) - raft.server.log.use.memory = false (default)
2019-06-12 21:48:10,986 INFO  ratis.ContainerStateMachine (ContainerStateMachine.java:loadSnapshot(199)) - The snapshot info is null.Setting the last applied index to:(t:0, i:~)
2019-06-12 21:48:10,987 INFO  server.RaftServerConfigKeys (ConfUtils.java:logGet(43)) - raft.server.log.appender.buffer.byte-limit = 33554432 (custom)
2019-06-12 21:48:10,987 INFO  server.RaftServerConfigKeys (ConfUtils.java:logGet(43)) - raft.server.leader.election.timeout = 120s (custom)
2019-06-12 21:48:10,987 INFO  server.RaftServerConfigKeys (ConfUtils.java:logGet(43)) - raft.server.log.use.memory = false (default)
2019-06-12 21:48:10,987 INFO  server.RaftServerConfigKeys (ConfUtils.java:logGet(43)) - raft.server.log.appender.buffer.byte-limit = 33554432 (custom)
2019-06-12 21:48:10,987 INFO  storage.RaftStorage (RaftStorage.java:format(75)) - Storage directory /opt/src/hadoop-ozone/integration-test/target/test-dir/MiniOzoneClusterImpl-b0ef1507-0e8a-44f6-9aa6-b746b1ef39bc/datanode-4/data/ratis/c42776b9-8d10-470c-a36d-0861ecd987b7 has been successfully formatted.
2019-06-12 21:48:10,987 INFO  server.RaftServerConfigKeys (ConfUtils.java:logGet(43)) - raft.server.log.segment.size.max = 16384 (custom)
2019-06-12 21:48:10,987 INFO  ratis.ContainerStateMachine (ContainerStateMachine.java:loadSnapshot(199)) - The snapshot info is null.Setting the last applied index to:(t:0, i:~)
2019-06-12 21:48:10,987 INFO  server.RaftServerConfigKeys (ConfUtils.java:logGet(43)) - raft.server.log.segment.size.max = 16384 (custom)
2019-06-12 21:48:10,987 INFO  server.RaftServerConfigKeys (ConfUtils.java:logGet(43)) - raft.server.log.segment.cache.num.max = 2 (custom)
2019-06-12 21:48:10,987 INFO  server.RaftServerConfigKeys (ConfUtils.java:logGet(43)) - raft.server.log.segment.cache.num.max = 2 (custom)
2019-06-12 21:48:10,987 INFO  server.RaftServerConfigKeys (ConfUtils.java:logGet(43)) - raft.server.leader.election.timeout = 120s (custom)
2019-06-12 21:48:10,988 INFO  server.RaftServerConfigKeys (ConfUtils.java:logGet(43)) - raft.server.log.use.memory = false (default)
2019-06-12 21:48:10,988 INFO  server.RaftServerConfigKeys (ConfUtils.java:logGet(43)) - raft.server.log.appender.buffer.byte-limit = 33554432 (custom)
2019-06-12 21:48:10,988 INFO  storage.RaftLogWorker (RaftLogWorker.java:<init>(123)) - new 543fe4b3-1818-4686-bf5b-7d69e498731f-RaftLogWorker for Storage Directory /opt/src/hadoop-ozone/integration-test/target/test-dir/MiniOzoneClusterImpl-b0ef1507-0e8a-44f6-9aa6-b746b1ef39bc/datanode-5/data/ratis/c42776b9-8d10-470c-a36d-0861ecd987b7
2019-06-12 21:48:10,988 INFO  server.RaftServerConfigKeys (ConfUtils.java:logGet(43)) - raft.server.log.queue.byte-limit = 2147483647 (custom)
2019-06-12 21:48:10,988 INFO  server.RaftServerConfigKeys (ConfUtils.java:logGet(43)) - raft.server.log.queue.element-limit = 1024 (custom)
2019-06-12 21:48:10,987 INFO  storage.RaftLogWorker (RaftLogWorker.java:<init>(123)) - new 7d8f18f1-5330-4557-b09a-125b0eb58979-RaftLogWorker for Storage Directory /opt/src/hadoop-ozone/integration-test/target/test-dir/MiniOzoneClusterImpl-b0ef1507-0e8a-44f6-9aa6-b746b1ef39bc/datanode-3/data/ratis/c42776b9-8d10-470c-a36d-0861ecd987b7
2019-06-12 21:48:10,988 INFO  server.RaftServerConfigKeys (ConfUtils.java:logGet(43)) - raft.server.log.segment.size.max = 16384 (custom)
2019-06-12 21:48:10,988 INFO  server.RaftServerConfigKeys (ConfUtils.java:logGet(43)) - raft.server.log.preallocated.size = 16384 (custom)
2019-06-12 21:48:10,988 INFO  server.RaftServerConfigKeys (ConfUtils.java:logGet(43)) - raft.server.log.write.buffer.size = 33554432 (custom)
2019-06-12 21:48:10,988 INFO  server.RaftServerConfigKeys (ConfUtils.java:logGet(43)) - raft.server.log.force.sync.num = 128 (default)
2019-06-12 21:48:10,989 INFO  server.RaftServerConfigKeys (ConfUtils.java:logGet(43)) - raft.server.log.statemachine.data.sync = true (default)
2019-06-12 21:48:10,989 INFO  server.RaftServerConfigKeys (ConfUtils.java:logGet(43)) - raft.server.log.statemachine.data.sync.timeout = 10s (default)
2019-06-12 21:48:10,989 INFO  server.RaftServerConfigKeys (ConfUtils.java:logGet(43)) - raft.server.log.statemachine.data.sync.timeout.retry = -1 (default)
2019-06-12 21:48:10,988 INFO  server.RaftServerConfigKeys (ConfUtils.java:logGet(43)) - raft.server.log.segment.size.max = 16384 (custom)
2019-06-12 21:48:10,989 INFO  server.RaftServerConfigKeys (ConfUtils.java:logGet(43)) - raft.server.log.statemachine.data.caching.enabled = true (custom)
2019-06-12 21:48:10,988 INFO  server.RaftServerConfigKeys (ConfUtils.java:logGet(43)) - raft.server.log.queue.byte-limit = 2147483647 (custom)
2019-06-12 21:48:10,989 INFO  server.RaftServerConfigKeys (ConfUtils.java:logGet(43)) - raft.server.log.segment.cache.num.max = 2 (custom)
2019-06-12 21:48:10,989 INFO  storage.RaftLogWorker (RaftLogWorker.java:<init>(123)) - new 419156bc-2095-40ae-b588-af1fff80d41c-RaftLogWorker for Storage Directory /opt/src/hadoop-ozone/integration-test/target/test-dir/MiniOzoneClusterImpl-b0ef1507-0e8a-44f6-9aa6-b746b1ef39bc/datanode-4/data/ratis/c42776b9-8d10-470c-a36d-0861ecd987b7
2019-06-12 21:48:10,989 INFO  server.RaftServerConfigKeys (ConfUtils.java:logGet(43)) - raft.server.log.queue.byte-limit = 2147483647 (custom)
2019-06-12 21:48:10,989 INFO  server.RaftServerConfigKeys (ConfUtils.java:logGet(43)) - raft.server.log.queue.element-limit = 1024 (custom)
2019-06-12 21:48:10,989 INFO  server.RaftServerConfigKeys (ConfUtils.java:logGet(43)) - raft.server.log.segment.size.max = 16384 (custom)
2019-06-12 21:48:10,990 INFO  server.RaftServerConfigKeys (ConfUtils.java:logGet(43)) - raft.server.log.preallocated.size = 16384 (custom)
2019-06-12 21:48:10,990 INFO  server.RaftServerConfigKeys (ConfUtils.java:logGet(43)) - raft.server.log.write.buffer.size = 33554432 (custom)
2019-06-12 21:48:10,990 INFO  server.RaftServerConfigKeys (ConfUtils.java:logGet(43)) - raft.server.log.force.sync.num = 128 (default)
2019-06-12 21:48:10,990 INFO  server.RaftServerConfigKeys (ConfUtils.java:logGet(43)) - raft.server.log.statemachine.data.sync = true (default)
2019-06-12 21:48:10,990 INFO  server.RaftServerConfigKeys (ConfUtils.java:logGet(43)) - raft.server.log.statemachine.data.sync.timeout = 10s (default)
2019-06-12 21:48:10,990 INFO  server.RaftServerConfigKeys (ConfUtils.java:logGet(43)) - raft.server.log.statemachine.data.sync.timeout.retry = -1 (default)
2019-06-12 21:48:10,990 INFO  server.RaftServerConfigKeys (ConfUtils.java:logGet(43)) - raft.server.log.queue.element-limit = 1024 (custom)
2019-06-12 21:48:10,990 INFO  server.RaftServerConfigKeys (ConfUtils.java:logGet(43)) - raft.server.log.segment.size.max = 16384 (custom)
2019-06-12 21:48:10,990 INFO  server.RaftServerConfigKeys (ConfUtils.java:logGet(43)) - raft.server.log.preallocated.size = 16384 (custom)
2019-06-12 21:48:10,990 INFO  server.RaftServerConfigKeys (ConfUtils.java:logGet(43)) - raft.server.log.write.buffer.size = 33554432 (custom)
2019-06-12 21:48:10,990 INFO  server.RaftServerConfigKeys (ConfUtils.java:logGet(43)) - raft.server.log.force.sync.num = 128 (default)
2019-06-12 21:48:10,991 INFO  server.RaftServerConfigKeys (ConfUtils.java:logGet(43)) - raft.server.log.statemachine.data.sync = true (default)
2019-06-12 21:48:10,991 INFO  server.RaftServerConfigKeys (ConfUtils.java:logGet(43)) - raft.server.log.statemachine.data.sync.timeout = 10s (default)
2019-06-12 21:48:10,991 INFO  server.RaftServerConfigKeys (ConfUtils.java:logGet(43)) - raft.server.log.statemachine.data.sync.timeout.retry = -1 (default)
2019-06-12 21:48:10,996 INFO  impl.FollowerState (FollowerState.java:run(101)) - ccf94851-c3c9-48d5-9574-5270386f6108:group-FD516C39EC09 changes to CANDIDATE, lastRpcTime:1010, electionTimeout:1010ms
2019-06-12 21:48:10,996 INFO  impl.RoleInfo (RoleInfo.java:shutdownFollowerState(121)) - ccf94851-c3c9-48d5-9574-5270386f6108: shutdown FollowerState
2019-06-12 21:48:10,996 INFO  impl.RaftServerImpl (RaftServerImpl.java:setRole(164)) - ccf94851-c3c9-48d5-9574-5270386f6108:group-FD516C39EC09 changes role from FOLLOWER to CANDIDATE at term 0 for changeToCandidate
2019-06-12 21:48:10,999 INFO  impl.RoleInfo (RoleInfo.java:updateAndGet(143)) - ccf94851-c3c9-48d5-9574-5270386f6108: start LeaderElection
2019-06-12 21:48:10,999 INFO  server.RaftServerConfigKeys (ConfUtils.java:logGet(43)) - raft.server.snapshot.auto.trigger.enabled = true (custom)
2019-06-12 21:48:11,000 INFO  server.RaftServerConfigKeys (ConfUtils.java:logGet(43)) - raft.server.snapshot.auto.trigger.threshold = 10000 (custom)
2019-06-12 21:48:11,000 INFO  server.RaftServerConfigKeys (ConfUtils.java:logGet(43)) - raft.server.log.statemachine.data.caching.enabled = true (custom)
2019-06-12 21:48:11,000 INFO  server.RaftServerConfigKeys (ConfUtils.java:logGet(43)) - raft.server.retrycache.expirytime = 600000ms (custom)
2019-06-12 21:48:11,000 INFO  impl.RaftServerImpl (RaftServerImpl.java:start(173)) - 543fe4b3-1818-4686-bf5b-7d69e498731f: start group-0861ECD987B7
2019-06-12 21:48:11,000 INFO  server.RaftServerConfigKeys (ConfUtils.java:logGet(43)) - raft.server.snapshot.auto.trigger.enabled = true (custom)
2019-06-12 21:48:11,000 INFO  server.RaftServerConfigKeys (ConfUtils.java:logGet(43)) - raft.server.log.statemachine.data.caching.enabled = true (custom)
2019-06-12 21:48:11,000 INFO  impl.RaftServerImpl (RaftServerImpl.java:setRole(164)) - 543fe4b3-1818-4686-bf5b-7d69e498731f:group-0861ECD987B7 changes role from null to FOLLOWER at term 0 for startAsFollower
2019-06-12 21:48:11,008 INFO  server.RaftServerConfigKeys (ConfUtils.java:logGet(43)) - raft.server.snapshot.auto.trigger.threshold = 10000 (custom)
2019-06-12 21:48:11,012 INFO  server.RaftServerConfigKeys (ConfUtils.java:logGet(43)) - raft.server.retrycache.expirytime = 600000ms (custom)
2019-06-12 21:48:11,013 INFO  impl.RaftServerImpl (RaftServerImpl.java:start(173)) - 419156bc-2095-40ae-b588-af1fff80d41c: start group-0861ECD987B7
2019-06-12 21:48:11,013 INFO  impl.RaftServerImpl (RaftServerImpl.java:setRole(164)) - 419156bc-2095-40ae-b588-af1fff80d41c:group-0861ECD987B7 changes role from null to FOLLOWER at term 0 for startAsFollower
2019-06-12 21:48:11,013 INFO  impl.RoleInfo (RoleInfo.java:updateAndGet(143)) - 419156bc-2095-40ae-b588-af1fff80d41c: start FollowerState
2019-06-12 21:48:11,008 INFO  server.RaftServerConfigKeys (ConfUtils.java:logGet(43)) - raft.server.snapshot.auto.trigger.enabled = true (custom)
2019-06-12 21:48:11,013 INFO  server.RaftServerConfigKeys (ConfUtils.java:logGet(43)) - raft.server.snapshot.auto.trigger.threshold = 10000 (custom)
2019-06-12 21:48:11,013 INFO  util.JmxRegister (JmxRegister.java:tryRegister(44)) - Successfully registered JMX Bean with object name Ratis:service=RaftServer,group=group-0861ECD987B7,id=419156bc-2095-40ae-b588-af1fff80d41c
2019-06-12 21:48:11,014 INFO  impl.LeaderElection (LeaderElection.java:askForVotes(181)) - ccf94851-c3c9-48d5-9574-5270386f6108:group-FD516C39EC09:LeaderElection51: begin an election at term 1 for -1: [ccf94851-c3c9-48d5-9574-5270386f6108:192.168.19.22:42761], old=null
2019-06-12 21:48:11,015 INFO  impl.RoleInfo (RoleInfo.java:shutdownLeaderElection(134)) - ccf94851-c3c9-48d5-9574-5270386f6108: shutdown LeaderElection
2019-06-12 21:48:11,015 INFO  impl.RaftServerImpl (RaftServerImpl.java:setRole(164)) - ccf94851-c3c9-48d5-9574-5270386f6108:group-FD516C39EC09 changes role from CANDIDATE to LEADER at term 1 for changeToLeader
2019-06-12 21:48:11,015 INFO  impl.RaftServerImpl (ServerState.java:setLeader(263)) - ccf94851-c3c9-48d5-9574-5270386f6108:group-FD516C39EC09 change Leader from null to ccf94851-c3c9-48d5-9574-5270386f6108 at term 1 for becomeLeader, leader elected after 1031ms
2019-06-12 21:48:11,015 INFO  server.RaftServerConfigKeys (ConfUtils.java:logGet(43)) - raft.server.staging.catchup.gap = 1000 (default)
2019-06-12 21:48:11,015 INFO  server.RaftServerConfigKeys (ConfUtils.java:logGet(43)) - raft.server.retrycache.expirytime = 600000ms (custom)
2019-06-12 21:48:11,015 INFO  server.RaftServerConfigKeys (ConfUtils.java:logGet(43)) - raft.server.rpc.sleep.time = 25ms (default)
2019-06-12 21:48:11,015 INFO  impl.RoleInfo (RoleInfo.java:updateAndGet(143)) - 543fe4b3-1818-4686-bf5b-7d69e498731f: start FollowerState
2019-06-12 21:48:11,015 INFO  impl.RaftServerImpl (RaftServerImpl.java:start(173)) - 7d8f18f1-5330-4557-b09a-125b0eb58979: start group-0861ECD987B7
2019-06-12 21:48:11,015 INFO  server.RaftServerConfigKeys (ConfUtils.java:logGet(43)) - raft.server.watch.timeout = 10s (default)
2019-06-12 21:48:11,015 INFO  impl.RaftServerImpl (RaftServerImpl.java:setRole(164)) - 7d8f18f1-5330-4557-b09a-125b0eb58979:group-0861ECD987B7 changes role from null to FOLLOWER at term 0 for startAsFollower
2019-06-12 21:48:11,016 INFO  server.RaftServerConfigKeys (ConfUtils.java:logGet(43)) - raft.server.watch.timeout.denomination = 1s (default)
2019-06-12 21:48:11,015 INFO  util.JmxRegister (JmxRegister.java:tryRegister(44)) - Successfully registered JMX Bean with object name Ratis:service=RaftServer,group=group-0861ECD987B7,id=543fe4b3-1818-4686-bf5b-7d69e498731f
2019-06-12 21:48:11,016 INFO  impl.RoleInfo (RoleInfo.java:updateAndGet(143)) - ccf94851-c3c9-48d5-9574-5270386f6108: start LeaderState
2019-06-12 21:48:11,016 INFO  impl.RoleInfo (RoleInfo.java:updateAndGet(143)) - 7d8f18f1-5330-4557-b09a-125b0eb58979: start FollowerState
2019-06-12 21:48:11,016 INFO  storage.RaftLogWorker (RaftLogWorker.java:startLogSegment(298)) - ccf94851-c3c9-48d5-9574-5270386f6108-RaftLogWorker: Starting segment from index:0
2019-06-12 21:48:11,020 INFO  util.JmxRegister (JmxRegister.java:tryRegister(44)) - Successfully registered JMX Bean with object name Ratis:service=RaftServer,group=group-0861ECD987B7,id=7d8f18f1-5330-4557-b09a-125b0eb58979
2019-06-12 21:48:11,023 INFO  impl.RaftServerImpl (ServerState.java:setRaftConf(361)) - ccf94851-c3c9-48d5-9574-5270386f6108:group-FD516C39EC09 set configuration 0: [ccf94851-c3c9-48d5-9574-5270386f6108:192.168.19.22:42761], old=null at 0
2019-06-12 21:48:11,025 INFO  pipeline.PipelineStateManager (PipelineStateManager.java:addPipeline(56)) - Created pipeline Pipeline[ Id: c42776b9-8d10-470c-a36d-0861ecd987b7, Nodes: 7d8f18f1-5330-4557-b09a-125b0eb58979{ip: 192.168.19.22, host: ozone-v57r8-234650721, networkLocation: /default-rack, certSerialId: null}543fe4b3-1818-4686-bf5b-7d69e498731f{ip: 192.168.19.22, host: ozone-v57r8-234650721, networkLocation: /default-rack, certSerialId: null}419156bc-2095-40ae-b588-af1fff80d41c{ip: 192.168.19.22, host: ozone-v57r8-234650721, networkLocation: /default-rack, certSerialId: null}, Type:RATIS, Factor:THREE, State:OPEN]
2019-06-12 21:48:11,061 INFO  storage.RaftLogWorker (RaftLogWorker.java:execute(469)) - ccf94851-c3c9-48d5-9574-5270386f6108-RaftLogWorker: created new log segment /opt/src/hadoop-ozone/integration-test/target/test-dir/MiniOzoneClusterImpl-b0ef1507-0e8a-44f6-9aa6-b746b1ef39bc/datanode-0/data/ratis/9476703c-1b99-479b-8ce5-fd516c39ec09/current/log_inprogress_0
2019-06-12 21:48:11,382 INFO  impl.FollowerState (FollowerState.java:run(101)) - c4d5cc8b-1118-4e63-9384-83c019eb0c8c:group-0E83E4A00E71 changes to CANDIDATE, lastRpcTime:1129, electionTimeout:1129ms
2019-06-12 21:48:11,382 INFO  impl.RoleInfo (RoleInfo.java:shutdownFollowerState(121)) - c4d5cc8b-1118-4e63-9384-83c019eb0c8c: shutdown FollowerState
2019-06-12 21:48:11,382 INFO  impl.RaftServerImpl (RaftServerImpl.java:setRole(164)) - c4d5cc8b-1118-4e63-9384-83c019eb0c8c:group-0E83E4A00E71 changes role from FOLLOWER to CANDIDATE at term 0 for changeToCandidate
2019-06-12 21:48:11,383 INFO  impl.RoleInfo (RoleInfo.java:updateAndGet(143)) - c4d5cc8b-1118-4e63-9384-83c019eb0c8c: start LeaderElection
2019-06-12 21:48:11,395 INFO  impl.LeaderElection (LeaderElection.java:askForVotes(181)) - c4d5cc8b-1118-4e63-9384-83c019eb0c8c:group-0E83E4A00E71:LeaderElection52: begin an election at term 1 for -1: [c4d5cc8b-1118-4e63-9384-83c019eb0c8c:192.168.19.22:38725], old=null
2019-06-12 21:48:11,395 INFO  impl.RoleInfo (RoleInfo.java:shutdownLeaderElection(134)) - c4d5cc8b-1118-4e63-9384-83c019eb0c8c: shutdown LeaderElection
2019-06-12 21:48:11,395 INFO  impl.RaftServerImpl (RaftServerImpl.java:setRole(164)) - c4d5cc8b-1118-4e63-9384-83c019eb0c8c:group-0E83E4A00E71 changes role from CANDIDATE to LEADER at term 1 for changeToLeader
2019-06-12 21:48:11,395 INFO  impl.RaftServerImpl (ServerState.java:setLeader(263)) - c4d5cc8b-1118-4e63-9384-83c019eb0c8c:group-0E83E4A00E71 change Leader from null to c4d5cc8b-1118-4e63-9384-83c019eb0c8c at term 1 for becomeLeader, leader elected after 1145ms
2019-06-12 21:48:11,395 INFO  server.RaftServerConfigKeys (ConfUtils.java:logGet(43)) - raft.server.staging.catchup.gap = 1000 (default)
2019-06-12 21:48:11,395 INFO  server.RaftServerConfigKeys (ConfUtils.java:logGet(43)) - raft.server.rpc.sleep.time = 25ms (default)
2019-06-12 21:48:11,395 INFO  server.RaftServerConfigKeys (ConfUtils.java:logGet(43)) - raft.server.watch.timeout = 10s (default)
2019-06-12 21:48:11,396 INFO  server.RaftServerConfigKeys (ConfUtils.java:logGet(43)) - raft.server.watch.timeout.denomination = 1s (default)
2019-06-12 21:48:11,396 INFO  impl.RoleInfo (RoleInfo.java:updateAndGet(143)) - c4d5cc8b-1118-4e63-9384-83c019eb0c8c: start LeaderState
2019-06-12 21:48:11,396 INFO  storage.RaftLogWorker (RaftLogWorker.java:startLogSegment(298)) - c4d5cc8b-1118-4e63-9384-83c019eb0c8c-RaftLogWorker: Starting segment from index:0
2019-06-12 21:48:11,397 INFO  impl.RaftServerImpl (ServerState.java:setRaftConf(361)) - c4d5cc8b-1118-4e63-9384-83c019eb0c8c:group-0E83E4A00E71 set configuration 0: [c4d5cc8b-1118-4e63-9384-83c019eb0c8c:192.168.19.22:38725], old=null at 0
2019-06-12 21:48:11,440 INFO  storage.RaftLogWorker (RaftLogWorker.java:execute(469)) - c4d5cc8b-1118-4e63-9384-83c019eb0c8c-RaftLogWorker: created new log segment /opt/src/hadoop-ozone/integration-test/target/test-dir/MiniOzoneClusterImpl-b0ef1507-0e8a-44f6-9aa6-b746b1ef39bc/datanode-1/data/ratis/7541068e-03f6-4867-899e-0e83e4a00e71/current/log_inprogress_0
2019-06-12 21:48:11,495 INFO  impl.FollowerState (FollowerState.java:run(101)) - ccf94851-c3c9-48d5-9574-5270386f6108:group-FF90A65AEEB2 changes to CANDIDATE, lastRpcTime:1012, electionTimeout:1012ms
2019-06-12 21:48:11,495 INFO  impl.RoleInfo (RoleInfo.java:shutdownFollowerState(121)) - ccf94851-c3c9-48d5-9574-5270386f6108: shutdown FollowerState
2019-06-12 21:48:11,496 INFO  impl.RaftServerImpl (RaftServerImpl.java:setRole(164)) - ccf94851-c3c9-48d5-9574-5270386f6108:group-FF90A65AEEB2 changes role from FOLLOWER to CANDIDATE at term 0 for changeToCandidate
2019-06-12 21:48:11,496 INFO  impl.RoleInfo (RoleInfo.java:updateAndGet(143)) - ccf94851-c3c9-48d5-9574-5270386f6108: start LeaderElection
2019-06-12 21:48:11,505 INFO  impl.LeaderElection (LeaderElection.java:askForVotes(181)) - ccf94851-c3c9-48d5-9574-5270386f6108:group-FF90A65AEEB2:LeaderElection53: begin an election at term 1 for -1: [c4d5cc8b-1118-4e63-9384-83c019eb0c8c:192.168.19.22:38725, 3f8817b0-eef6-4e90-9b79-731f1b7fec5a:192.168.19.22:42669, ccf94851-c3c9-48d5-9574-5270386f6108:192.168.19.22:42761], old=null
2019-06-12 21:48:11,521 INFO  impl.FollowerState (FollowerState.java:run(101)) - 3f8817b0-eef6-4e90-9b79-731f1b7fec5a:group-FF90A65AEEB2 changes to CANDIDATE, lastRpcTime:1042, electionTimeout:1038ms
2019-06-12 21:48:11,521 INFO  impl.RoleInfo (RoleInfo.java:shutdownFollowerState(121)) - 3f8817b0-eef6-4e90-9b79-731f1b7fec5a: shutdown FollowerState
2019-06-12 21:48:11,521 INFO  impl.RaftServerImpl (RaftServerImpl.java:setRole(164)) - 3f8817b0-eef6-4e90-9b79-731f1b7fec5a:group-FF90A65AEEB2 changes role from FOLLOWER to CANDIDATE at term 0 for changeToCandidate
2019-06-12 21:48:11,521 INFO  impl.RaftServerImpl (RaftServerImpl.java:setRole(164)) - c4d5cc8b-1118-4e63-9384-83c019eb0c8c:group-FF90A65AEEB2 changes role from FOLLOWER to FOLLOWER at term 1 for recognizeCandidate:ccf94851-c3c9-48d5-9574-5270386f6108
2019-06-12 21:48:11,521 INFO  impl.RoleInfo (RoleInfo.java:shutdownFollowerState(121)) - c4d5cc8b-1118-4e63-9384-83c019eb0c8c: shutdown FollowerState
2019-06-12 21:48:11,521 INFO  impl.RoleInfo (RoleInfo.java:updateAndGet(143)) - c4d5cc8b-1118-4e63-9384-83c019eb0c8c: start FollowerState
2019-06-12 21:48:11,521 INFO  impl.RoleInfo (RoleInfo.java:updateAndGet(143)) - 3f8817b0-eef6-4e90-9b79-731f1b7fec5a: start LeaderElection
2019-06-12 21:48:11,521 INFO  impl.FollowerState (FollowerState.java:run(109)) - c4d5cc8b-1118-4e63-9384-83c019eb0c8c: FollowerState was interrupted: java.lang.InterruptedException: sleep interrupted
2019-06-12 21:48:11,525 INFO  impl.LeaderElection (LeaderElection.java:logAndReturn(56)) - ccf94851-c3c9-48d5-9574-5270386f6108:group-FF90A65AEEB2:LeaderElection53: Election PASSED; received 1 response(s) [ccf94851-c3c9-48d5-9574-5270386f6108->c4d5cc8b-1118-4e63-9384-83c019eb0c8c,true-t1] and 0 exception(s); ccf94851-c3c9-48d5-9574-5270386f6108:t1, leader=null, voted=ccf94851-c3c9-48d5-9574-5270386f6108, raftlog=ccf94851-c3c9-48d5-9574-5270386f6108-SegmentedRaftLog:OPENED:c-1,f-1,i0, conf=-1: [c4d5cc8b-1118-4e63-9384-83c019eb0c8c:192.168.19.22:38725, 3f8817b0-eef6-4e90-9b79-731f1b7fec5a:192.168.19.22:42669, ccf94851-c3c9-48d5-9574-5270386f6108:192.168.19.22:42761], old=null
2019-06-12 21:48:11,525 INFO  impl.RoleInfo (RoleInfo.java:shutdownLeaderElection(134)) - ccf94851-c3c9-48d5-9574-5270386f6108: shutdown LeaderElection
2019-06-12 21:48:11,526 INFO  impl.RaftServerImpl (RaftServerImpl.java:setRole(164)) - ccf94851-c3c9-48d5-9574-5270386f6108:group-FF90A65AEEB2 changes role from CANDIDATE to LEADER at term 1 for changeToLeader
2019-06-12 21:48:11,526 INFO  impl.RaftServerImpl (ServerState.java:setLeader(263)) - ccf94851-c3c9-48d5-9574-5270386f6108:group-FF90A65AEEB2 change Leader from null to ccf94851-c3c9-48d5-9574-5270386f6108 at term 1 for becomeLeader, leader elected after 1046ms
2019-06-12 21:48:11,526 INFO  server.RaftServerConfigKeys (ConfUtils.java:logGet(43)) - raft.server.staging.catchup.gap = 1000 (default)
2019-06-12 21:48:11,526 INFO  server.RaftServerConfigKeys (ConfUtils.java:logGet(43)) - raft.server.rpc.sleep.time = 25ms (default)
2019-06-12 21:48:11,537 INFO  impl.RaftServerImpl (RaftServerImpl.java:setRole(164)) - 3f8817b0-eef6-4e90-9b79-731f1b7fec5a:group-FF90A65AEEB2 changes role from CANDIDATE to FOLLOWER at term 1 for recognizeCandidate:ccf94851-c3c9-48d5-9574-5270386f6108
2019-06-12 21:48:11,537 INFO  server.RaftServerConfigKeys (ConfUtils.java:logGet(43)) - raft.server.watch.timeout = 10s (default)
2019-06-12 21:48:11,537 INFO  server.RaftServerConfigKeys (ConfUtils.java:logGet(43)) - raft.server.watch.timeout.denomination = 1s (default)
2019-06-12 21:48:11,537 INFO  impl.RoleInfo (RoleInfo.java:shutdownLeaderElection(134)) - 3f8817b0-eef6-4e90-9b79-731f1b7fec5a: shutdown LeaderElection
2019-06-12 21:48:11,538 INFO  impl.RoleInfo (RoleInfo.java:updateAndGet(143)) - 3f8817b0-eef6-4e90-9b79-731f1b7fec5a: start FollowerState
2019-06-12 21:48:11,538 INFO  server.RaftServerConfigKeys (ConfUtils.java:logGet(43)) - raft.server.log.appender.snapshot.chunk.size.max = 16MB (=16777216) (default)
2019-06-12 21:48:11,539 INFO  server.RaftServerConfigKeys (ConfUtils.java:logGet(43)) - raft.server.log.appender.buffer.byte-limit = 33554432 (custom)
2019-06-12 21:48:11,539 INFO  server.RaftServerConfigKeys (ConfUtils.java:logGet(43)) - raft.server.log.appender.buffer.element-limit = 1 (custom)
2019-06-12 21:48:11,539 INFO  grpc.GrpcConfigKeys$Server (ConfUtils.java:logGet(43)) - raft.grpc.server.leader.outstanding.appends.max = 128 (default)
2019-06-12 21:48:11,539 INFO  server.RaftServerConfigKeys (ConfUtils.java:logGet(43)) - raft.server.rpc.request.timeout = 3000ms (default)
2019-06-12 21:48:11,539 INFO  server.RaftServerConfigKeys (ConfUtils.java:logGet(43)) - raft.server.log.appender.install.snapshot.enabled = true (default)
2019-06-12 21:48:11,539 INFO  server.RaftServerConfigKeys (ConfUtils.java:logGet(43)) - raft.server.log.appender.snapshot.chunk.size.max = 16MB (=16777216) (default)
2019-06-12 21:48:11,539 INFO  server.RaftServerConfigKeys (ConfUtils.java:logGet(43)) - raft.server.log.appender.buffer.byte-limit = 33554432 (custom)
2019-06-12 21:48:11,540 INFO  server.RaftServerConfigKeys (ConfUtils.java:logGet(43)) - raft.server.log.appender.buffer.element-limit = 1 (custom)
2019-06-12 21:48:11,540 INFO  grpc.GrpcConfigKeys$Server (ConfUtils.java:logGet(43)) - raft.grpc.server.leader.outstanding.appends.max = 128 (default)
2019-06-12 21:48:11,540 INFO  server.RaftServerConfigKeys (ConfUtils.java:logGet(43)) - raft.server.rpc.request.timeout = 3000ms (default)
2019-06-12 21:48:11,540 INFO  server.RaftServerConfigKeys (ConfUtils.java:logGet(43)) - raft.server.log.appender.install.snapshot.enabled = true (default)
2019-06-12 21:48:11,540 INFO  impl.RoleInfo (RoleInfo.java:updateAndGet(143)) - ccf94851-c3c9-48d5-9574-5270386f6108: start LeaderState
2019-06-12 21:48:11,542 INFO  impl.LeaderElection (LeaderElection.java:askForVotes(181)) - 3f8817b0-eef6-4e90-9b79-731f1b7fec5a:group-FF90A65AEEB2:LeaderElection54: begin an election at term 2 for -1: [c4d5cc8b-1118-4e63-9384-83c019eb0c8c:192.168.19.22:38725, 3f8817b0-eef6-4e90-9b79-731f1b7fec5a:192.168.19.22:42669, ccf94851-c3c9-48d5-9574-5270386f6108:192.168.19.22:42761], old=null
2019-06-12 21:48:11,545 INFO  storage.RaftLogWorker (RaftLogWorker.java:startLogSegment(298)) - ccf94851-c3c9-48d5-9574-5270386f6108-RaftLogWorker: Starting segment from index:0
2019-06-12 21:48:11,547 INFO  impl.LeaderElection (LeaderElection.java:logAndReturn(56)) - 3f8817b0-eef6-4e90-9b79-731f1b7fec5a:group-FF90A65AEEB2:LeaderElection54: Election REJECTED; received 0 response(s) [] and 0 exception(s); 3f8817b0-eef6-4e90-9b79-731f1b7fec5a:t2, leader=null, voted=3f8817b0-eef6-4e90-9b79-731f1b7fec5a, raftlog=3f8817b0-eef6-4e90-9b79-731f1b7fec5a-SegmentedRaftLog:OPENED:c-1,f-1,i0, conf=-1: [c4d5cc8b-1118-4e63-9384-83c019eb0c8c:192.168.19.22:38725, 3f8817b0-eef6-4e90-9b79-731f1b7fec5a:192.168.19.22:42669, ccf94851-c3c9-48d5-9574-5270386f6108:192.168.19.22:42761], old=null
2019-06-12 21:48:11,553 INFO  impl.RaftServerImpl (ServerState.java:setRaftConf(361)) - ccf94851-c3c9-48d5-9574-5270386f6108:group-FF90A65AEEB2 set configuration 0: [c4d5cc8b-1118-4e63-9384-83c019eb0c8c:192.168.19.22:38725, 3f8817b0-eef6-4e90-9b79-731f1b7fec5a:192.168.19.22:42669, ccf94851-c3c9-48d5-9574-5270386f6108:192.168.19.22:42761], old=null at 0
2019-06-12 21:48:11,555 INFO  impl.RaftServerImpl (RaftServerImpl.java:setRole(164)) - c4d5cc8b-1118-4e63-9384-83c019eb0c8c:group-FF90A65AEEB2 changes role from FOLLOWER to FOLLOWER at term 2 for recognizeCandidate:3f8817b0-eef6-4e90-9b79-731f1b7fec5a
2019-06-12 21:48:11,555 INFO  impl.RoleInfo (RoleInfo.java:shutdownFollowerState(121)) - c4d5cc8b-1118-4e63-9384-83c019eb0c8c: shutdown FollowerState
2019-06-12 21:48:11,555 INFO  impl.RoleInfo (RoleInfo.java:updateAndGet(143)) - c4d5cc8b-1118-4e63-9384-83c019eb0c8c: start FollowerState
2019-06-12 21:48:11,555 INFO  impl.FollowerState (FollowerState.java:run(109)) - c4d5cc8b-1118-4e63-9384-83c019eb0c8c: FollowerState was interrupted: java.lang.InterruptedException: sleep interrupted
2019-06-12 21:48:11,556 INFO  impl.RaftServerImpl (ServerState.java:setLeader(263)) - ccf94851-c3c9-48d5-9574-5270386f6108:group-FF90A65AEEB2 change Leader from ccf94851-c3c9-48d5-9574-5270386f6108 to null at term 2 for updateCurrentTerm
2019-06-12 21:48:11,556 INFO  impl.RaftServerImpl (RaftServerImpl.java:setRole(164)) - ccf94851-c3c9-48d5-9574-5270386f6108:group-FF90A65AEEB2 changes role from LEADER to FOLLOWER at term 2 for recognizeCandidate:3f8817b0-eef6-4e90-9b79-731f1b7fec5a
2019-06-12 21:48:11,556 INFO  impl.RoleInfo (RoleInfo.java:shutdownLeaderState(104)) - ccf94851-c3c9-48d5-9574-5270386f6108: shutdown LeaderState
2019-06-12 21:48:11,557 INFO  impl.PendingRequests (PendingRequests.java:sendNotLeaderResponses(140)) - ccf94851-c3c9-48d5-9574-5270386f6108-PendingRequests: sendNotLeaderResponses
2019-06-12 21:48:11,558 INFO  impl.RoleInfo (RoleInfo.java:updateAndGet(143)) - ccf94851-c3c9-48d5-9574-5270386f6108: start FollowerState
2019-06-12 21:48:11,603 INFO  storage.RaftLogWorker (RaftLogWorker.java:execute(469)) - ccf94851-c3c9-48d5-9574-5270386f6108-RaftLogWorker: created new log segment /opt/src/hadoop-ozone/integration-test/target/test-dir/MiniOzoneClusterImpl-b0ef1507-0e8a-44f6-9aa6-b746b1ef39bc/datanode-0/data/ratis/51e62971-cdd5-4157-b70a-ff90a65aeeb2/current/log_inprogress_0
2019-06-12 21:48:11,611 INFO  impl.FollowerState (FollowerState.java:run(101)) - 3f8817b0-eef6-4e90-9b79-731f1b7fec5a:group-EAE69D518912 changes to CANDIDATE, lastRpcTime:1164, electionTimeout:1162ms
2019-06-12 21:48:11,612 INFO  impl.RoleInfo (RoleInfo.java:shutdownFollowerState(121)) - 3f8817b0-eef6-4e90-9b79-731f1b7fec5a: shutdown FollowerState
2019-06-12 21:48:11,612 INFO  impl.RaftServerImpl (RaftServerImpl.java:setRole(164)) - 3f8817b0-eef6-4e90-9b79-731f1b7fec5a:group-EAE69D518912 changes role from FOLLOWER to CANDIDATE at term 0 for changeToCandidate
2019-06-12 21:48:11,612 INFO  impl.RoleInfo (RoleInfo.java:updateAndGet(143)) - 3f8817b0-eef6-4e90-9b79-731f1b7fec5a: start LeaderElection
2019-06-12 21:48:11,627 INFO  impl.LeaderElection (LeaderElection.java:askForVotes(181)) - 3f8817b0-eef6-4e90-9b79-731f1b7fec5a:group-EAE69D518912:LeaderElection55: begin an election at term 1 for -1: [3f8817b0-eef6-4e90-9b79-731f1b7fec5a:192.168.19.22:42669], old=null
2019-06-12 21:48:11,628 INFO  impl.RoleInfo (RoleInfo.java:shutdownLeaderElection(134)) - 3f8817b0-eef6-4e90-9b79-731f1b7fec5a: shutdown LeaderElection
2019-06-12 21:48:11,628 INFO  impl.RaftServerImpl (RaftServerImpl.java:setRole(164)) - 3f8817b0-eef6-4e90-9b79-731f1b7fec5a:group-EAE69D518912 changes role from CANDIDATE to LEADER at term 1 for changeToLeader
2019-06-12 21:48:11,628 INFO  impl.RaftServerImpl (ServerState.java:setLeader(263)) - 3f8817b0-eef6-4e90-9b79-731f1b7fec5a:group-EAE69D518912 change Leader from null to 3f8817b0-eef6-4e90-9b79-731f1b7fec5a at term 1 for becomeLeader, leader elected after 1182ms
2019-06-12 21:48:11,628 INFO  server.RaftServerConfigKeys (ConfUtils.java:logGet(43)) - raft.server.staging.catchup.gap = 1000 (default)
2019-06-12 21:48:11,628 INFO  server.RaftServerConfigKeys (ConfUtils.java:logGet(43)) - raft.server.rpc.sleep.time = 25ms (default)
2019-06-12 21:48:11,628 INFO  server.RaftServerConfigKeys (ConfUtils.java:logGet(43)) - raft.server.watch.timeout = 10s (default)
2019-06-12 21:48:11,628 INFO  server.RaftServerConfigKeys (ConfUtils.java:logGet(43)) - raft.server.watch.timeout.denomination = 1s (default)
2019-06-12 21:48:11,628 INFO  impl.RoleInfo (RoleInfo.java:updateAndGet(143)) - 3f8817b0-eef6-4e90-9b79-731f1b7fec5a: start LeaderState
2019-06-12 21:48:11,629 INFO  storage.RaftLogWorker (RaftLogWorker.java:startLogSegment(298)) - 3f8817b0-eef6-4e90-9b79-731f1b7fec5a-RaftLogWorker: Starting segment from index:0
2019-06-12 21:48:11,642 INFO  impl.RaftServerImpl (ServerState.java:setRaftConf(361)) - 3f8817b0-eef6-4e90-9b79-731f1b7fec5a:group-EAE69D518912 set configuration 0: [3f8817b0-eef6-4e90-9b79-731f1b7fec5a:192.168.19.22:42669], old=null at 0
2019-06-12 21:48:11,670 INFO  storage.RaftLogWorker (RaftLogWorker.java:execute(469)) - 3f8817b0-eef6-4e90-9b79-731f1b7fec5a-RaftLogWorker: created new log segment /opt/src/hadoop-ozone/integration-test/target/test-dir/MiniOzoneClusterImpl-b0ef1507-0e8a-44f6-9aa6-b746b1ef39bc/datanode-2/data/ratis/8e5945c6-88d0-4f3b-8339-eae69d518912/current/log_inprogress_0
2019-06-12 21:48:11,693 INFO  impl.FollowerState (FollowerState.java:run(101)) - 7d8f18f1-5330-4557-b09a-125b0eb58979:group-58950004F7B1 changes to CANDIDATE, lastRpcTime:1069, electionTimeout:1069ms
2019-06-12 21:48:11,693 INFO  impl.RoleInfo (RoleInfo.java:shutdownFollowerState(121)) - 7d8f18f1-5330-4557-b09a-125b0eb58979: shutdown FollowerState
2019-06-12 21:48:11,693 INFO  impl.RaftServerImpl (RaftServerImpl.java:setRole(164)) - 7d8f18f1-5330-4557-b09a-125b0eb58979:group-58950004F7B1 changes role from FOLLOWER to CANDIDATE at term 0 for changeToCandidate
2019-06-12 21:48:11,694 INFO  impl.RoleInfo (RoleInfo.java:updateAndGet(143)) - 7d8f18f1-5330-4557-b09a-125b0eb58979: start LeaderElection
2019-06-12 21:48:11,710 INFO  impl.LeaderElection (LeaderElection.java:askForVotes(181)) - 7d8f18f1-5330-4557-b09a-125b0eb58979:group-58950004F7B1:LeaderElection56: begin an election at term 1 for -1: [7d8f18f1-5330-4557-b09a-125b0eb58979:192.168.19.22:40195], old=null
2019-06-12 21:48:11,710 INFO  impl.RoleInfo (RoleInfo.java:shutdownLeaderElection(134)) - 7d8f18f1-5330-4557-b09a-125b0eb58979: shutdown LeaderElection
2019-06-12 21:48:11,710 INFO  impl.RaftServerImpl (RaftServerImpl.java:setRole(164)) - 7d8f18f1-5330-4557-b09a-125b0eb58979:group-58950004F7B1 changes role from CANDIDATE to LEADER at term 1 for changeToLeader
2019-06-12 21:48:11,710 INFO  impl.RaftServerImpl (ServerState.java:setLeader(263)) - 7d8f18f1-5330-4557-b09a-125b0eb58979:group-58950004F7B1 change Leader from null to 7d8f18f1-5330-4557-b09a-125b0eb58979 at term 1 for becomeLeader, leader elected after 1088ms
2019-06-12 21:48:11,710 INFO  server.RaftServerConfigKeys (ConfUtils.java:logGet(43)) - raft.server.staging.catchup.gap = 1000 (default)
2019-06-12 21:48:11,710 INFO  server.RaftServerConfigKeys (ConfUtils.java:logGet(43)) - raft.server.rpc.sleep.time = 25ms (default)
2019-06-12 21:48:11,710 INFO  server.RaftServerConfigKeys (ConfUtils.java:logGet(43)) - raft.server.watch.timeout = 10s (default)
2019-06-12 21:48:11,710 INFO  server.RaftServerConfigKeys (ConfUtils.java:logGet(43)) - raft.server.watch.timeout.denomination = 1s (default)
2019-06-12 21:48:11,710 INFO  impl.RoleInfo (RoleInfo.java:updateAndGet(143)) - 7d8f18f1-5330-4557-b09a-125b0eb58979: start LeaderState
2019-06-12 21:48:11,711 INFO  storage.RaftLogWorker (RaftLogWorker.java:startLogSegment(298)) - 7d8f18f1-5330-4557-b09a-125b0eb58979-RaftLogWorker: Starting segment from index:0
2019-06-12 21:48:11,712 INFO  impl.RaftServerImpl (ServerState.java:setRaftConf(361)) - 7d8f18f1-5330-4557-b09a-125b0eb58979:group-58950004F7B1 set configuration 0: [7d8f18f1-5330-4557-b09a-125b0eb58979:192.168.19.22:40195], old=null at 0
2019-06-12 21:48:11,753 INFO  storage.RaftLogWorker (RaftLogWorker.java:execute(469)) - 7d8f18f1-5330-4557-b09a-125b0eb58979-RaftLogWorker: created new log segment /opt/src/hadoop-ozone/integration-test/target/test-dir/MiniOzoneClusterImpl-b0ef1507-0e8a-44f6-9aa6-b746b1ef39bc/datanode-3/data/ratis/568faa8f-46b0-47b8-b90a-58950004f7b1/current/log_inprogress_0
2019-06-12 21:48:11,832 INFO  impl.FollowerState (FollowerState.java:run(101)) - 419156bc-2095-40ae-b588-af1fff80d41c:group-60FDC89289A1 changes to CANDIDATE, lastRpcTime:1063, electionTimeout:1063ms
2019-06-12 21:48:11,832 INFO  impl.RoleInfo (RoleInfo.java:shutdownFollowerState(121)) - 419156bc-2095-40ae-b588-af1fff80d41c: shutdown FollowerState
2019-06-12 21:48:11,832 INFO  impl.RaftServerImpl (RaftServerImpl.java:setRole(164)) - 419156bc-2095-40ae-b588-af1fff80d41c:group-60FDC89289A1 changes role from FOLLOWER to CANDIDATE at term 0 for changeToCandidate
2019-06-12 21:48:11,833 INFO  impl.RoleInfo (RoleInfo.java:updateAndGet(143)) - 419156bc-2095-40ae-b588-af1fff80d41c: start LeaderElection
2019-06-12 21:48:11,855 INFO  impl.LeaderElection (LeaderElection.java:askForVotes(181)) - 419156bc-2095-40ae-b588-af1fff80d41c:group-60FDC89289A1:LeaderElection57: begin an election at term 1 for -1: [419156bc-2095-40ae-b588-af1fff80d41c:192.168.19.22:45855], old=null
2019-06-12 21:48:11,855 INFO  impl.RoleInfo (RoleInfo.java:shutdownLeaderElection(134)) - 419156bc-2095-40ae-b588-af1fff80d41c: shutdown LeaderElection
2019-06-12 21:48:11,855 INFO  impl.RaftServerImpl (RaftServerImpl.java:setRole(164)) - 419156bc-2095-40ae-b588-af1fff80d41c:group-60FDC89289A1 changes role from CANDIDATE to LEADER at term 1 for changeToLeader
2019-06-12 21:48:11,855 INFO  impl.RaftServerImpl (ServerState.java:setLeader(263)) - 419156bc-2095-40ae-b588-af1fff80d41c:group-60FDC89289A1 change Leader from null to 419156bc-2095-40ae-b588-af1fff80d41c at term 1 for becomeLeader, leader elected after 1088ms
2019-06-12 21:48:11,856 INFO  server.RaftServerConfigKeys (ConfUtils.java:logGet(43)) - raft.server.staging.catchup.gap = 1000 (default)
2019-06-12 21:48:11,856 INFO  server.RaftServerConfigKeys (ConfUtils.java:logGet(43)) - raft.server.rpc.sleep.time = 25ms (default)
2019-06-12 21:48:11,856 INFO  server.RaftServerConfigKeys (ConfUtils.java:logGet(43)) - raft.server.watch.timeout = 10s (default)
2019-06-12 21:48:11,856 INFO  server.RaftServerConfigKeys (ConfUtils.java:logGet(43)) - raft.server.watch.timeout.denomination = 1s (default)
2019-06-12 21:48:11,856 INFO  impl.RoleInfo (RoleInfo.java:updateAndGet(143)) - 419156bc-2095-40ae-b588-af1fff80d41c: start LeaderState
2019-06-12 21:48:11,856 INFO  storage.RaftLogWorker (RaftLogWorker.java:startLogSegment(298)) - 419156bc-2095-40ae-b588-af1fff80d41c-RaftLogWorker: Starting segment from index:0
2019-06-12 21:48:11,858 INFO  impl.RaftServerImpl (ServerState.java:setRaftConf(361)) - 419156bc-2095-40ae-b588-af1fff80d41c:group-60FDC89289A1 set configuration 0: [419156bc-2095-40ae-b588-af1fff80d41c:192.168.19.22:45855], old=null at 0
2019-06-12 21:48:11,901 INFO  storage.RaftLogWorker (RaftLogWorker.java:execute(469)) - 419156bc-2095-40ae-b588-af1fff80d41c-RaftLogWorker: created new log segment /opt/src/hadoop-ozone/integration-test/target/test-dir/MiniOzoneClusterImpl-b0ef1507-0e8a-44f6-9aa6-b746b1ef39bc/datanode-4/data/ratis/67eee87c-948f-44b9-aa09-60fdc89289a1/current/log_inprogress_0
2019-06-12 21:48:11,943 INFO  ozone.MiniOzoneClusterImpl (MiniOzoneClusterImpl.java:lambda$waitForClusterToBeReady$0(142)) - Cluster is ready. Got 6 of 6 DN Heartbeats.
2019-06-12 21:48:12,027 INFO  rpc.RpcClient (RpcClient.java:createVolume(289)) - Creating Volume: datanodefailurehandlingtest, with root as owner.
2019-06-12 21:48:12,040 INFO  rpc.RpcClient (RpcClient.java:createBucket(426)) - Creating Bucket: datanodefailurehandlingtest/datanodefailurehandlingtest, with Versioning false and Storage Type set to DISK and Encryption set to false 
2019-06-12 21:48:12,065 INFO  datanode.ObjectStoreHandler (ObjectStoreHandler.java:close(155)) - Closing ObjectStoreHandler.
2019-06-12 21:48:12,069 INFO  ozone.HddsDatanodeService (HddsDatanodeService.java:stop(452)) - Stopped plug-in org.apache.hadoop.ozone.web.OzoneHddsDatanodeService@74cf2d5f
2019-06-12 21:48:12,069 INFO  statemachine.DatanodeStateMachine (DatanodeStateMachine.java:lambda$startDaemon$0(350)) - Ozone container server started.
2019-06-12 21:48:12,069 INFO  ozoneimpl.OzoneContainer (OzoneContainer.java:stop(199)) - Attempting to stop container services.
2019-06-12 21:48:12,070 INFO  impl.RaftServerProxy (RaftServerProxy.java:lambda$close$4(314)) - c4d5cc8b-1118-4e63-9384-83c019eb0c8c: close
2019-06-12 21:48:12,070 INFO  impl.RaftServerImpl (RaftServerImpl.java:lambda$shutdown$3(238)) - c4d5cc8b-1118-4e63-9384-83c019eb0c8c: shutdown group-0E83E4A00E71
2019-06-12 21:48:12,070 INFO  util.JmxRegister (JmxRegister.java:unregister(73)) - Successfully un-registered JMX Bean with object name Ratis:service=RaftServer,group=group-0E83E4A00E71,id=c4d5cc8b-1118-4e63-9384-83c019eb0c8c
2019-06-12 21:48:12,070 INFO  impl.RoleInfo (RoleInfo.java:shutdownLeaderState(104)) - c4d5cc8b-1118-4e63-9384-83c019eb0c8c: shutdown LeaderState
2019-06-12 21:48:12,071 INFO  impl.PendingRequests (PendingRequests.java:sendNotLeaderResponses(140)) - c4d5cc8b-1118-4e63-9384-83c019eb0c8c-PendingRequests: sendNotLeaderResponses
2019-06-12 21:48:12,071 INFO  impl.StateMachineUpdater (StateMachineUpdater.java:stopAndJoin(109)) - StateMachineUpdater-c4d5cc8b-1118-4e63-9384-83c019eb0c8c-group-0E83E4A00E71: set stopIndex = 0
2019-06-12 21:48:12,071 INFO  ratis.ContainerStateMachine (ContainerStateMachine.java:takeSnapshot(245)) - Taking snapshot at termIndex:(t:0, i:~)
2019-06-12 21:48:12,071 INFO  impl.RaftServerImpl (ServerState.java:close(394)) - c4d5cc8b-1118-4e63-9384-83c019eb0c8c:group-0E83E4A00E71 closes. The last applied log index is 0
2019-06-12 21:48:12,072 INFO  storage.RaftLogWorker (RaftLogWorker.java:run(236)) - c4d5cc8b-1118-4e63-9384-83c019eb0c8c-RaftLogWorker was interrupted, exiting. There are 0 tasks remaining in the queue.
2019-06-12 21:48:12,075 INFO  storage.RaftLogWorker (RaftLogWorker.java:close(168)) - c4d5cc8b-1118-4e63-9384-83c019eb0c8c-RaftLogWorker close()
2019-06-12 21:48:12,083 INFO  impl.RaftServerImpl (RaftServerImpl.java:lambda$shutdown$3(238)) - c4d5cc8b-1118-4e63-9384-83c019eb0c8c: shutdown group-FF90A65AEEB2
2019-06-12 21:48:12,083 INFO  util.JmxRegister (JmxRegister.java:unregister(73)) - Successfully un-registered JMX Bean with object name Ratis:service=RaftServer,group=group-FF90A65AEEB2,id=c4d5cc8b-1118-4e63-9384-83c019eb0c8c
2019-06-12 21:48:12,083 INFO  impl.RoleInfo (RoleInfo.java:shutdownFollowerState(121)) - c4d5cc8b-1118-4e63-9384-83c019eb0c8c: shutdown FollowerState
2019-06-12 21:48:12,083 INFO  impl.StateMachineUpdater (StateMachineUpdater.java:stopAndJoin(109)) - StateMachineUpdater-c4d5cc8b-1118-4e63-9384-83c019eb0c8c-group-FF90A65AEEB2: set stopIndex = -1
2019-06-12 21:48:12,083 INFO  impl.FollowerState (FollowerState.java:run(109)) - c4d5cc8b-1118-4e63-9384-83c019eb0c8c: FollowerState was interrupted: java.lang.InterruptedException: sleep interrupted
2019-06-12 21:48:12,084 INFO  ratis.ContainerStateMachine (ContainerStateMachine.java:takeSnapshot(245)) - Taking snapshot at termIndex:(t:0, i:~)
2019-06-12 21:48:12,089 INFO  impl.RaftServerImpl (ServerState.java:close(394)) - c4d5cc8b-1118-4e63-9384-83c019eb0c8c:group-FF90A65AEEB2 closes. The last applied log index is -1
2019-06-12 21:48:12,090 INFO  storage.RaftLogWorker (RaftLogWorker.java:run(236)) - c4d5cc8b-1118-4e63-9384-83c019eb0c8c-RaftLogWorker was interrupted, exiting. There are 0 tasks remaining in the queue.
2019-06-12 21:48:12,090 INFO  storage.RaftLogWorker (RaftLogWorker.java:close(168)) - c4d5cc8b-1118-4e63-9384-83c019eb0c8c-RaftLogWorker close()
2019-06-12 21:48:12,092 INFO  server.GrpcService (GrpcService.java:closeImpl(154)) - c4d5cc8b-1118-4e63-9384-83c019eb0c8c: shutdown server with port 38725 now
2019-06-12 21:48:12,093 INFO  server.GrpcService (GrpcService.java:closeImpl(162)) - c4d5cc8b-1118-4e63-9384-83c019eb0c8c: shutdown server with port 38725 successfully
2019-06-12 21:48:12,093 WARN  fs.CachingGetSpaceUsed (CachingGetSpaceUsed.java:run(183)) - Thread Interrupted waiting to refresh disk information: sleep interrupted
2019-06-12 21:48:12,112 INFO  statemachine.DatanodeStateMachine (DatanodeStateMachine.java:stopDaemon(395)) - Ozone container server stopped.
2019-06-12 21:48:12,113 INFO  handler.ContextHandler (ContextHandler.java:doStop(910)) - Stopped o.e.j.w.WebAppContext@1828ab51{/,null,UNAVAILABLE}{/hddsDatanode}
2019-06-12 21:48:12,113 INFO  server.AbstractConnector (AbstractConnector.java:doStop(318)) - Stopped ServerConnector@32728e7a{HTTP/1.1,[http/1.1]}{0.0.0.0:0}
2019-06-12 21:48:12,114 INFO  handler.ContextHandler (ContextHandler.java:doStop(910)) - Stopped o.e.j.s.ServletContextHandler@28f6a008{/static,jar:file:/root/.m2/repository/org/apache/hadoop/hadoop-hdds-container-service/0.5.0-SNAPSHOT/hadoop-hdds-container-service-0.5.0-SNAPSHOT.jar!/webapps/static,UNAVAILABLE}
2019-06-12 21:48:12,114 INFO  handler.ContextHandler (ContextHandler.java:doStop(910)) - Stopped o.e.j.s.ServletContextHandler@743f58c3{/logs,file:///opt/src/hadoop-ozone/integration-test/target/log,UNAVAILABLE}
2019-06-12 21:48:12,114 INFO  datanode.ObjectStoreHandler (ObjectStoreHandler.java:close(155)) - Closing ObjectStoreHandler.
2019-06-12 21:48:12,114 INFO  ozone.HddsDatanodeService (HddsDatanodeService.java:stop(452)) - Stopped plug-in org.apache.hadoop.ozone.web.OzoneHddsDatanodeService@129348e8
2019-06-12 21:48:12,115 INFO  statemachine.DatanodeStateMachine (DatanodeStateMachine.java:lambda$startDaemon$0(350)) - Ozone container server started.
2019-06-12 21:48:12,115 INFO  ozoneimpl.OzoneContainer (OzoneContainer.java:stop(199)) - Attempting to stop container services.
2019-06-12 21:48:12,115 INFO  impl.RaftServerProxy (RaftServerProxy.java:lambda$close$4(314)) - ccf94851-c3c9-48d5-9574-5270386f6108: close
2019-06-12 21:48:12,115 INFO  impl.RaftServerImpl (RaftServerImpl.java:lambda$shutdown$3(238)) - ccf94851-c3c9-48d5-9574-5270386f6108: shutdown group-FD516C39EC09
2019-06-12 21:48:12,115 INFO  util.JmxRegister (JmxRegister.java:unregister(73)) - Successfully un-registered JMX Bean with object name Ratis:service=RaftServer,group=group-FD516C39EC09,id=ccf94851-c3c9-48d5-9574-5270386f6108
2019-06-12 21:48:12,115 INFO  impl.RoleInfo (RoleInfo.java:shutdownLeaderState(104)) - ccf94851-c3c9-48d5-9574-5270386f6108: shutdown LeaderState
2019-06-12 21:48:12,115 INFO  impl.PendingRequests (PendingRequests.java:sendNotLeaderResponses(140)) - ccf94851-c3c9-48d5-9574-5270386f6108-PendingRequests: sendNotLeaderResponses
2019-06-12 21:48:12,116 INFO  impl.StateMachineUpdater (StateMachineUpdater.java:stopAndJoin(109)) - StateMachineUpdater-ccf94851-c3c9-48d5-9574-5270386f6108-group-FD516C39EC09: set stopIndex = 0
2019-06-12 21:48:12,116 INFO  ratis.ContainerStateMachine (ContainerStateMachine.java:takeSnapshot(245)) - Taking snapshot at termIndex:(t:0, i:~)
2019-06-12 21:48:12,116 INFO  impl.RaftServerImpl (RaftServerImpl.java:lambda$shutdown$3(238)) - ccf94851-c3c9-48d5-9574-5270386f6108: shutdown group-FF90A65AEEB2
2019-06-12 21:48:12,116 INFO  impl.RaftServerImpl (ServerState.java:close(394)) - ccf94851-c3c9-48d5-9574-5270386f6108:group-FD516C39EC09 closes. The last applied log index is 0
2019-06-12 21:48:12,116 INFO  util.JmxRegister (JmxRegister.java:unregister(73)) - Successfully un-registered JMX Bean with object name Ratis:service=RaftServer,group=group-FF90A65AEEB2,id=ccf94851-c3c9-48d5-9574-5270386f6108
2019-06-12 21:48:12,116 INFO  storage.RaftLogWorker (RaftLogWorker.java:run(236)) - ccf94851-c3c9-48d5-9574-5270386f6108-RaftLogWorker was interrupted, exiting. There are 0 tasks remaining in the queue.
2019-06-12 21:48:12,116 INFO  impl.RoleInfo (RoleInfo.java:shutdownFollowerState(121)) - ccf94851-c3c9-48d5-9574-5270386f6108: shutdown FollowerState
2019-06-12 21:48:12,119 INFO  storage.RaftLogWorker (RaftLogWorker.java:close(168)) - ccf94851-c3c9-48d5-9574-5270386f6108-RaftLogWorker close()
2019-06-12 21:48:12,119 INFO  ratis.ContainerStateMachine (ContainerStateMachine.java:takeSnapshot(245)) - Taking snapshot at termIndex:(t:0, i:~)
2019-06-12 21:48:12,119 INFO  impl.FollowerState (FollowerState.java:run(109)) - ccf94851-c3c9-48d5-9574-5270386f6108: FollowerState was interrupted: java.lang.InterruptedException: sleep interrupted
2019-06-12 21:48:12,119 INFO  impl.StateMachineUpdater (StateMachineUpdater.java:stopAndJoin(109)) - StateMachineUpdater-ccf94851-c3c9-48d5-9574-5270386f6108-group-FF90A65AEEB2: set stopIndex = -1
2019-06-12 21:48:12,121 INFO  impl.RaftServerImpl (ServerState.java:close(394)) - ccf94851-c3c9-48d5-9574-5270386f6108:group-FF90A65AEEB2 closes. The last applied log index is -1
2019-06-12 21:48:12,121 INFO  storage.RaftLogWorker (RaftLogWorker.java:run(236)) - ccf94851-c3c9-48d5-9574-5270386f6108-RaftLogWorker was interrupted, exiting. There are 0 tasks remaining in the queue.
2019-06-12 21:48:12,123 INFO  storage.RaftLogWorker (RaftLogWorker.java:close(168)) - ccf94851-c3c9-48d5-9574-5270386f6108-RaftLogWorker close()
2019-06-12 21:48:12,126 INFO  server.GrpcService (GrpcService.java:closeImpl(154)) - ccf94851-c3c9-48d5-9574-5270386f6108: shutdown server with port 42761 now
2019-06-12 21:48:12,128 INFO  impl.FollowerState (FollowerState.java:run(101)) - 419156bc-2095-40ae-b588-af1fff80d41c:group-0861ECD987B7 changes to CANDIDATE, lastRpcTime:1114, electionTimeout:1114ms
2019-06-12 21:48:12,128 INFO  impl.RoleInfo (RoleInfo.java:shutdownFollowerState(121)) - 419156bc-2095-40ae-b588-af1fff80d41c: shutdown FollowerState
2019-06-12 21:48:12,128 INFO  impl.RaftServerImpl (RaftServerImpl.java:setRole(164)) - 419156bc-2095-40ae-b588-af1fff80d41c:group-0861ECD987B7 changes role from FOLLOWER to CANDIDATE at term 0 for changeToCandidate
2019-06-12 21:48:12,130 INFO  impl.RoleInfo (RoleInfo.java:updateAndGet(143)) - 419156bc-2095-40ae-b588-af1fff80d41c: start LeaderElection
2019-06-12 21:48:12,130 INFO  server.GrpcService (GrpcService.java:closeImpl(162)) - ccf94851-c3c9-48d5-9574-5270386f6108: shutdown server with port 42761 successfully
2019-06-12 21:48:12,131 WARN  fs.CachingGetSpaceUsed (CachingGetSpaceUsed.java:run(183)) - Thread Interrupted waiting to refresh disk information: sleep interrupted
2019-06-12 21:48:12,139 INFO  impl.LeaderElection (LeaderElection.java:askForVotes(181)) - 419156bc-2095-40ae-b588-af1fff80d41c:group-0861ECD987B7:LeaderElection58: begin an election at term 1 for -1: [419156bc-2095-40ae-b588-af1fff80d41c:192.168.19.22:45855, 7d8f18f1-5330-4557-b09a-125b0eb58979:192.168.19.22:40195, 543fe4b3-1818-4686-bf5b-7d69e498731f:192.168.19.22:41559], old=null
2019-06-12 21:48:12,142 INFO  impl.RaftServerImpl (RaftServerImpl.java:setRole(164)) - 7d8f18f1-5330-4557-b09a-125b0eb58979:group-0861ECD987B7 changes role from FOLLOWER to FOLLOWER at term 1 for recognizeCandidate:419156bc-2095-40ae-b588-af1fff80d41c
2019-06-12 21:48:12,142 INFO  impl.RoleInfo (RoleInfo.java:shutdownFollowerState(121)) - 7d8f18f1-5330-4557-b09a-125b0eb58979: shutdown FollowerState
2019-06-12 21:48:12,142 INFO  impl.RoleInfo (RoleInfo.java:updateAndGet(143)) - 7d8f18f1-5330-4557-b09a-125b0eb58979: start FollowerState
2019-06-12 21:48:12,142 INFO  impl.FollowerState (FollowerState.java:run(109)) - 7d8f18f1-5330-4557-b09a-125b0eb58979: FollowerState was interrupted: java.lang.InterruptedException: sleep interrupted
2019-06-12 21:48:12,143 INFO  impl.RaftServerImpl (RaftServerImpl.java:setRole(164)) - 543fe4b3-1818-4686-bf5b-7d69e498731f:group-0861ECD987B7 changes role from FOLLOWER to FOLLOWER at term 1 for recognizeCandidate:419156bc-2095-40ae-b588-af1fff80d41c
2019-06-12 21:48:12,143 INFO  impl.RoleInfo (RoleInfo.java:shutdownFollowerState(121)) - 543fe4b3-1818-4686-bf5b-7d69e498731f: shutdown FollowerState
2019-06-12 21:48:12,147 INFO  impl.RoleInfo (RoleInfo.java:updateAndGet(143)) - 543fe4b3-1818-4686-bf5b-7d69e498731f: start FollowerState
2019-06-12 21:48:12,147 INFO  impl.FollowerState (FollowerState.java:run(109)) - 543fe4b3-1818-4686-bf5b-7d69e498731f: FollowerState was interrupted: java.lang.InterruptedException: sleep interrupted
2019-06-12 21:48:12,156 INFO  statemachine.DatanodeStateMachine (DatanodeStateMachine.java:stopDaemon(395)) - Ozone container server stopped.
2019-06-12 21:48:12,157 INFO  handler.ContextHandler (ContextHandler.java:doStop(910)) - Stopped o.e.j.w.WebAppContext@7d0312a{/,null,UNAVAILABLE}{/hddsDatanode}
2019-06-12 21:48:12,157 INFO  server.AbstractConnector (AbstractConnector.java:doStop(318)) - Stopped ServerConnector@6f00c40e{HTTP/1.1,[http/1.1]}{0.0.0.0:0}
2019-06-12 21:48:12,157 INFO  handler.ContextHandler (ContextHandler.java:doStop(910)) - Stopped o.e.j.s.ServletContextHandler@4379fe2a{/static,jar:file:/root/.m2/repository/org/apache/hadoop/hadoop-hdds-container-service/0.5.0-SNAPSHOT/hadoop-hdds-container-service-0.5.0-SNAPSHOT.jar!/webapps/static,UNAVAILABLE}
2019-06-12 21:48:12,158 INFO  handler.ContextHandler (ContextHandler.java:doStop(910)) - Stopped o.e.j.s.ServletContextHandler@21202507{/logs,file:///opt/src/hadoop-ozone/integration-test/target/log,UNAVAILABLE}
2019-06-12 21:48:12,159 INFO  impl.LeaderElection (LeaderElection.java:logAndReturn(56)) - 419156bc-2095-40ae-b588-af1fff80d41c:group-0861ECD987B7:LeaderElection58: Election PASSED; received 1 response(s) [419156bc-2095-40ae-b588-af1fff80d41c->543fe4b3-1818-4686-bf5b-7d69e498731f,true-t1] and 0 exception(s); 419156bc-2095-40ae-b588-af1fff80d41c:t1, leader=null, voted=419156bc-2095-40ae-b588-af1fff80d41c, raftlog=419156bc-2095-40ae-b588-af1fff80d41c-SegmentedRaftLog:OPENED:c-1,f-1,i0, conf=-1: [419156bc-2095-40ae-b588-af1fff80d41c:192.168.19.22:45855, 7d8f18f1-5330-4557-b09a-125b0eb58979:192.168.19.22:40195, 543fe4b3-1818-4686-bf5b-7d69e498731f:192.168.19.22:41559], old=null
2019-06-12 21:48:12,159 INFO  impl.RoleInfo (RoleInfo.java:shutdownLeaderElection(134)) - 419156bc-2095-40ae-b588-af1fff80d41c: shutdown LeaderElection
2019-06-12 21:48:12,159 INFO  impl.RaftServerImpl (RaftServerImpl.java:setRole(164)) - 419156bc-2095-40ae-b588-af1fff80d41c:group-0861ECD987B7 changes role from CANDIDATE to LEADER at term 1 for changeToLeader
2019-06-12 21:48:12,159 INFO  impl.RaftServerImpl (ServerState.java:setLeader(263)) - 419156bc-2095-40ae-b588-af1fff80d41c:group-0861ECD987B7 change Leader from null to 419156bc-2095-40ae-b588-af1fff80d41c at term 1 for becomeLeader, leader elected after 1171ms
2019-06-12 21:48:12,159 INFO  server.RaftServerConfigKeys (ConfUtils.java:logGet(43)) - raft.server.staging.catchup.gap = 1000 (default)
2019-06-12 21:48:12,159 INFO  server.RaftServerConfigKeys (ConfUtils.java:logGet(43)) - raft.server.rpc.sleep.time = 25ms (default)
2019-06-12 21:48:12,159 INFO  server.RaftServerConfigKeys (ConfUtils.java:logGet(43)) - raft.server.watch.timeout = 10s (default)
2019-06-12 21:48:12,160 INFO  server.RaftServerConfigKeys (ConfUtils.java:logGet(43)) - raft.server.watch.timeout.denomination = 1s (default)
2019-06-12 21:48:12,160 INFO  server.RaftServerConfigKeys (ConfUtils.java:logGet(43)) - raft.server.log.appender.snapshot.chunk.size.max = 16MB (=16777216) (default)
2019-06-12 21:48:12,160 INFO  server.RaftServerConfigKeys (ConfUtils.java:logGet(43)) - raft.server.log.appender.buffer.byte-limit = 33554432 (custom)
2019-06-12 21:48:12,160 INFO  server.RaftServerConfigKeys (ConfUtils.java:logGet(43)) - raft.server.log.appender.buffer.element-limit = 1 (custom)
2019-06-12 21:48:12,160 INFO  grpc.GrpcConfigKeys$Server (ConfUtils.java:logGet(43)) - raft.grpc.server.leader.outstanding.appends.max = 128 (default)
2019-06-12 21:48:12,160 INFO  server.RaftServerConfigKeys (ConfUtils.java:logGet(43)) - raft.server.rpc.request.timeout = 3000ms (default)
2019-06-12 21:48:12,160 INFO  server.RaftServerConfigKeys (ConfUtils.java:logGet(43)) - raft.server.log.appender.install.snapshot.enabled = true (default)
2019-06-12 21:48:12,161 INFO  server.RaftServerConfigKeys (ConfUtils.java:logGet(43)) - raft.server.log.appender.snapshot.chunk.size.max = 16MB (=16777216) (default)
2019-06-12 21:48:12,161 INFO  server.RaftServerConfigKeys (ConfUtils.java:logGet(43)) - raft.server.log.appender.buffer.byte-limit = 33554432 (custom)
2019-06-12 21:48:12,161 INFO  server.RaftServerConfigKeys (ConfUtils.java:logGet(43)) - raft.server.log.appender.buffer.element-limit = 1 (custom)
2019-06-12 21:48:12,161 INFO  grpc.GrpcConfigKeys$Server (ConfUtils.java:logGet(43)) - raft.grpc.server.leader.outstanding.appends.max = 128 (default)
2019-06-12 21:48:12,161 INFO  server.RaftServerConfigKeys (ConfUtils.java:logGet(43)) - raft.server.rpc.request.timeout = 3000ms (default)
2019-06-12 21:48:12,161 INFO  server.RaftServerConfigKeys (ConfUtils.java:logGet(43)) - raft.server.log.appender.install.snapshot.enabled = true (default)
2019-06-12 21:48:12,161 INFO  impl.RoleInfo (RoleInfo.java:updateAndGet(143)) - 419156bc-2095-40ae-b588-af1fff80d41c: start LeaderState
2019-06-12 21:48:12,161 INFO  storage.RaftLogWorker (RaftLogWorker.java:startLogSegment(298)) - 419156bc-2095-40ae-b588-af1fff80d41c-RaftLogWorker: Starting segment from index:0
2019-06-12 21:48:12,161 INFO  impl.FollowerState (FollowerState.java:run(101)) - 543fe4b3-1818-4686-bf5b-7d69e498731f:group-4C0D83FB062D changes to CANDIDATE, lastRpcTime:1199, electionTimeout:1196ms
2019-06-12 21:48:12,162 INFO  impl.RoleInfo (RoleInfo.java:shutdownFollowerState(121)) - 543fe4b3-1818-4686-bf5b-7d69e498731f: shutdown FollowerState
2019-06-12 21:48:12,162 INFO  impl.RaftServerImpl (RaftServerImpl.java:setRole(164)) - 543fe4b3-1818-4686-bf5b-7d69e498731f:group-4C0D83FB062D changes role from FOLLOWER to CANDIDATE at term 0 for changeToCandidate
2019-06-12 21:48:12,162 INFO  impl.RoleInfo (RoleInfo.java:updateAndGet(143)) - 543fe4b3-1818-4686-bf5b-7d69e498731f: start LeaderElection
2019-06-12 21:48:12,182 INFO  impl.RaftServerImpl (ServerState.java:setRaftConf(361)) - 419156bc-2095-40ae-b588-af1fff80d41c:group-0861ECD987B7 set configuration 0: [419156bc-2095-40ae-b588-af1fff80d41c:192.168.19.22:45855, 7d8f18f1-5330-4557-b09a-125b0eb58979:192.168.19.22:40195, 543fe4b3-1818-4686-bf5b-7d69e498731f:192.168.19.22:41559], old=null at 0
2019-06-12 21:48:12,201 INFO  impl.LeaderElection (LeaderElection.java:askForVotes(181)) - 543fe4b3-1818-4686-bf5b-7d69e498731f:group-4C0D83FB062D:LeaderElection59: begin an election at term 1 for -1: [543fe4b3-1818-4686-bf5b-7d69e498731f:192.168.19.22:41559], old=null
2019-06-12 21:48:12,202 INFO  impl.RoleInfo (RoleInfo.java:shutdownLeaderElection(134)) - 543fe4b3-1818-4686-bf5b-7d69e498731f: shutdown LeaderElection
2019-06-12 21:48:12,202 INFO  impl.RaftServerImpl (RaftServerImpl.java:setRole(164)) - 543fe4b3-1818-4686-bf5b-7d69e498731f:group-4C0D83FB062D changes role from CANDIDATE to LEADER at term 1 for changeToLeader
2019-06-12 21:48:12,202 INFO  impl.RaftServerImpl (ServerState.java:setLeader(263)) - 543fe4b3-1818-4686-bf5b-7d69e498731f:group-4C0D83FB062D change Leader from null to 543fe4b3-1818-4686-bf5b-7d69e498731f at term 1 for becomeLeader, leader elected after 1241ms
2019-06-12 21:48:12,202 INFO  server.RaftServerConfigKeys (ConfUtils.java:logGet(43)) - raft.server.staging.catchup.gap = 1000 (default)
2019-06-12 21:48:12,202 INFO  server.RaftServerConfigKeys (ConfUtils.java:logGet(43)) - raft.server.rpc.sleep.time = 25ms (default)
2019-06-12 21:48:12,203 INFO  impl.RaftServerImpl (ServerState.java:setLeader(263)) - 543fe4b3-1818-4686-bf5b-7d69e498731f:group-0861ECD987B7 change Leader from null to 419156bc-2095-40ae-b588-af1fff80d41c at term 1 for appendEntries, leader elected after 1216ms
2019-06-12 21:48:12,203 INFO  impl.RaftServerImpl (ServerState.java:setLeader(263)) - 7d8f18f1-5330-4557-b09a-125b0eb58979:group-0861ECD987B7 change Leader from null to 419156bc-2095-40ae-b588-af1fff80d41c at term 1 for appendEntries, leader elected after 1216ms
2019-06-12 21:48:12,203 INFO  server.RaftServerConfigKeys (ConfUtils.java:logGet(43)) - raft.server.watch.timeout = 10s (default)
2019-06-12 21:48:12,204 INFO  server.RaftServerConfigKeys (ConfUtils.java:logGet(43)) - raft.server.watch.timeout.denomination = 1s (default)
2019-06-12 21:48:12,207 INFO  storage.RaftLogWorker (RaftLogWorker.java:execute(469)) - 419156bc-2095-40ae-b588-af1fff80d41c-RaftLogWorker: created new log segment /opt/src/hadoop-ozone/integration-test/target/test-dir/MiniOzoneClusterImpl-b0ef1507-0e8a-44f6-9aa6-b746b1ef39bc/datanode-4/data/ratis/c42776b9-8d10-470c-a36d-0861ecd987b7/current/log_inprogress_0
2019-06-12 21:48:12,207 INFO  impl.RoleInfo (RoleInfo.java:updateAndGet(143)) - 543fe4b3-1818-4686-bf5b-7d69e498731f: start LeaderState
2019-06-12 21:48:12,207 INFO  storage.RaftLogWorker (RaftLogWorker.java:startLogSegment(298)) - 543fe4b3-1818-4686-bf5b-7d69e498731f-RaftLogWorker: Starting segment from index:0
2019-06-12 21:48:12,208 INFO  impl.RaftServerImpl (ServerState.java:setRaftConf(361)) - 7d8f18f1-5330-4557-b09a-125b0eb58979:group-0861ECD987B7 set configuration 0: [419156bc-2095-40ae-b588-af1fff80d41c:192.168.19.22:45855, 7d8f18f1-5330-4557-b09a-125b0eb58979:192.168.19.22:40195, 543fe4b3-1818-4686-bf5b-7d69e498731f:192.168.19.22:41559], old=null at 0
2019-06-12 21:48:12,208 INFO  storage.RaftLogWorker (RaftLogWorker.java:startLogSegment(298)) - 7d8f18f1-5330-4557-b09a-125b0eb58979-RaftLogWorker: Starting segment from index:0
2019-06-12 21:48:12,209 INFO  impl.RaftServerImpl (ServerState.java:setRaftConf(361)) - 543fe4b3-1818-4686-bf5b-7d69e498731f:group-4C0D83FB062D set configuration 0: [543fe4b3-1818-4686-bf5b-7d69e498731f:192.168.19.22:41559], old=null at 0
2019-06-12 21:48:12,259 INFO  storage.RaftLogWorker (RaftLogWorker.java:execute(469)) - 7d8f18f1-5330-4557-b09a-125b0eb58979-RaftLogWorker: created new log segment /opt/src/hadoop-ozone/integration-test/target/test-dir/MiniOzoneClusterImpl-b0ef1507-0e8a-44f6-9aa6-b746b1ef39bc/datanode-3/data/ratis/c42776b9-8d10-470c-a36d-0861ecd987b7/current/log_inprogress_0
2019-06-12 21:48:12,259 INFO  impl.RaftServerImpl (ServerState.java:setRaftConf(361)) - 543fe4b3-1818-4686-bf5b-7d69e498731f:group-0861ECD987B7 set configuration 0: [419156bc-2095-40ae-b588-af1fff80d41c:192.168.19.22:45855, 7d8f18f1-5330-4557-b09a-125b0eb58979:192.168.19.22:40195, 543fe4b3-1818-4686-bf5b-7d69e498731f:192.168.19.22:41559], old=null at 0
2019-06-12 21:48:12,260 INFO  storage.RaftLogWorker (RaftLogWorker.java:startLogSegment(298)) - 543fe4b3-1818-4686-bf5b-7d69e498731f-RaftLogWorker: Starting segment from index:0
2019-06-12 21:48:12,260 INFO  storage.RaftLogWorker (RaftLogWorker.java:execute(469)) - 543fe4b3-1818-4686-bf5b-7d69e498731f-RaftLogWorker: created new log segment /opt/src/hadoop-ozone/integration-test/target/test-dir/MiniOzoneClusterImpl-b0ef1507-0e8a-44f6-9aa6-b746b1ef39bc/datanode-5/data/ratis/f25ad07f-70d2-4423-b0b7-4c0d83fb062d/current/log_inprogress_0
2019-06-12 21:48:12,300 INFO  storage.RaftLogWorker (RaftLogWorker.java:execute(469)) - 543fe4b3-1818-4686-bf5b-7d69e498731f-RaftLogWorker: created new log segment /opt/src/hadoop-ozone/integration-test/target/test-dir/MiniOzoneClusterImpl-b0ef1507-0e8a-44f6-9aa6-b746b1ef39bc/datanode-5/data/ratis/c42776b9-8d10-470c-a36d-0861ecd987b7/current/log_inprogress_0
2019-06-12 21:48:12,684 INFO  impl.FollowerState (FollowerState.java:run(101)) - 3f8817b0-eef6-4e90-9b79-731f1b7fec5a:group-FF90A65AEEB2 changes to CANDIDATE, lastRpcTime:1146, electionTimeout:1146ms
2019-06-12 21:48:12,684 INFO  impl.RoleInfo (RoleInfo.java:shutdownFollowerState(121)) - 3f8817b0-eef6-4e90-9b79-731f1b7fec5a: shutdown FollowerState
2019-06-12 21:48:12,685 INFO  impl.RaftServerImpl (RaftServerImpl.java:setRole(164)) - 3f8817b0-eef6-4e90-9b79-731f1b7fec5a:group-FF90A65AEEB2 changes role from FOLLOWER to CANDIDATE at term 2 for changeToCandidate
2019-06-12 21:48:12,685 INFO  impl.RoleInfo (RoleInfo.java:updateAndGet(143)) - 3f8817b0-eef6-4e90-9b79-731f1b7fec5a: start LeaderElection
2019-06-12 21:48:12,687 INFO  impl.LeaderElection (LeaderElection.java:askForVotes(181)) - 3f8817b0-eef6-4e90-9b79-731f1b7fec5a:group-FF90A65AEEB2:LeaderElection60: begin an election at term 3 for -1: [c4d5cc8b-1118-4e63-9384-83c019eb0c8c:192.168.19.22:38725, 3f8817b0-eef6-4e90-9b79-731f1b7fec5a:192.168.19.22:42669, ccf94851-c3c9-48d5-9574-5270386f6108:192.168.19.22:42761], old=null
2019-06-12 21:48:12,689 INFO  impl.LeaderElection (LogUtils.java:infoOrTrace(149)) - 3f8817b0-eef6-4e90-9b79-731f1b7fec5a:group-FF90A65AEEB2:LeaderElection60 got exception when requesting votes: {}
java.util.concurrent.ExecutionException: org.apache.ratis.thirdparty.io.grpc.StatusRuntimeException: UNAVAILABLE: io exception
	at java.util.concurrent.FutureTask.report(FutureTask.java:122)
	at java.util.concurrent.FutureTask.get(FutureTask.java:192)
	at org.apache.ratis.server.impl.LeaderElection.waitForResults(LeaderElection.java:262)
	at org.apache.ratis.server.impl.LeaderElection.askForVotes(LeaderElection.java:200)
	at org.apache.ratis.server.impl.LeaderElection.run(LeaderElection.java:130)
	at java.lang.Thread.run(Thread.java:748)
Caused by: org.apache.ratis.thirdparty.io.grpc.StatusRuntimeException: UNAVAILABLE: io exception
	at org.apache.ratis.thirdparty.io.grpc.stub.ClientCalls.toStatusRuntimeException(ClientCalls.java:233)
	at org.apache.ratis.thirdparty.io.grpc.stub.ClientCalls.getUnchecked(ClientCalls.java:214)
	at org.apache.ratis.thirdparty.io.grpc.stub.ClientCalls.blockingUnaryCall(ClientCalls.java:139)
	at org.apache.ratis.proto.grpc.RaftServerProtocolServiceGrpc$RaftServerProtocolServiceBlockingStub.requestVote(RaftServerProtocolServiceGrpc.java:265)
	at org.apache.ratis.grpc.server.GrpcServerProtocolClient.requestVote(GrpcServerProtocolClient.java:83)
	at org.apache.ratis.grpc.server.GrpcService.requestVote(GrpcService.java:194)
	at org.apache.ratis.server.impl.LeaderElection.lambda$submitRequests$1(LeaderElection.java:237)
	at java.util.concurrent.FutureTask.run(FutureTask.java:266)
	at java.util.concurrent.Executors$RunnableAdapter.call(Executors.java:511)
	at java.util.concurrent.FutureTask.run(FutureTask.java:266)
	at java.util.concurrent.ThreadPoolExecutor.runWorker(ThreadPoolExecutor.java:1149)
	at java.util.concurrent.ThreadPoolExecutor$Worker.run(ThreadPoolExecutor.java:624)
	... 1 more
Caused by: org.apache.ratis.thirdparty.io.netty.channel.AbstractChannel$AnnotatedConnectException: Connection refused: /192.168.19.22:38725
	at sun.nio.ch.SocketChannelImpl.checkConnect(Native Method)
	at sun.nio.ch.SocketChannelImpl.finishConnect(SocketChannelImpl.java:717)
	at org.apache.ratis.thirdparty.io.netty.channel.socket.nio.NioSocketChannel.doFinishConnect(NioSocketChannel.java:327)
	at org.apache.ratis.thirdparty.io.netty.channel.nio.AbstractNioChannel$AbstractNioUnsafe.finishConnect(AbstractNioChannel.java:340)
	at org.apache.ratis.thirdparty.io.netty.channel.nio.NioEventLoop.processSelectedKey(NioEventLoop.java:632)
	at org.apache.ratis.thirdparty.io.netty.channel.nio.NioEventLoop.processSelectedKeysOptimized(NioEventLoop.java:579)
	at org.apache.ratis.thirdparty.io.netty.channel.nio.NioEventLoop.processSelectedKeys(NioEventLoop.java:496)
	at org.apache.ratis.thirdparty.io.netty.channel.nio.NioEventLoop.run(NioEventLoop.java:458)
	at org.apache.ratis.thirdparty.io.netty.util.concurrent.SingleThreadEventExecutor$5.run(SingleThreadEventExecutor.java:897)
	at org.apache.ratis.thirdparty.io.netty.util.concurrent.FastThreadLocalRunnable.run(FastThreadLocalRunnable.java:30)
	... 1 more
Caused by: java.net.ConnectException: Connection refused
	... 11 more
2019-06-12 21:48:12,693 INFO  impl.LeaderElection (LogUtils.java:infoOrTrace(149)) - 3f8817b0-eef6-4e90-9b79-731f1b7fec5a:group-FF90A65AEEB2:LeaderElection60 got exception when requesting votes: {}
java.util.concurrent.ExecutionException: org.apache.ratis.thirdparty.io.grpc.StatusRuntimeException: UNAVAILABLE: io exception
	at java.util.concurrent.FutureTask.report(FutureTask.java:122)
	at java.util.concurrent.FutureTask.get(FutureTask.java:192)
	at org.apache.ratis.server.impl.LeaderElection.waitForResults(LeaderElection.java:262)
	at org.apache.ratis.server.impl.LeaderElection.askForVotes(LeaderElection.java:200)
	at org.apache.ratis.server.impl.LeaderElection.run(LeaderElection.java:130)
	at java.lang.Thread.run(Thread.java:748)
Caused by: org.apache.ratis.thirdparty.io.grpc.StatusRuntimeException: UNAVAILABLE: io exception
	at org.apache.ratis.thirdparty.io.grpc.stub.ClientCalls.toStatusRuntimeException(ClientCalls.java:233)
	at org.apache.ratis.thirdparty.io.grpc.stub.ClientCalls.getUnchecked(ClientCalls.java:214)
	at org.apache.ratis.thirdparty.io.grpc.stub.ClientCalls.blockingUnaryCall(ClientCalls.java:139)
	at org.apache.ratis.proto.grpc.RaftServerProtocolServiceGrpc$RaftServerProtocolServiceBlockingStub.requestVote(RaftServerProtocolServiceGrpc.java:265)
	at org.apache.ratis.grpc.server.GrpcServerProtocolClient.requestVote(GrpcServerProtocolClient.java:83)
	at org.apache.ratis.grpc.server.GrpcService.requestVote(GrpcService.java:194)
	at org.apache.ratis.server.impl.LeaderElection.lambda$submitRequests$1(LeaderElection.java:237)
	at java.util.concurrent.FutureTask.run(FutureTask.java:266)
	at java.util.concurrent.Executors$RunnableAdapter.call(Executors.java:511)
	at java.util.concurrent.FutureTask.run(FutureTask.java:266)
	at java.util.concurrent.ThreadPoolExecutor.runWorker(ThreadPoolExecutor.java:1149)
	at java.util.concurrent.ThreadPoolExecutor$Worker.run(ThreadPoolExecutor.java:624)
	... 1 more
Caused by: org.apache.ratis.thirdparty.io.netty.channel.AbstractChannel$AnnotatedConnectException: Connection refused: /192.168.19.22:42761
	at sun.nio.ch.SocketChannelImpl.checkConnect(Native Method)
	at sun.nio.ch.SocketChannelImpl.finishConnect(SocketChannelImpl.java:717)
	at org.apache.ratis.thirdparty.io.netty.channel.socket.nio.NioSocketChannel.doFinishConnect(NioSocketChannel.java:327)
	at org.apache.ratis.thirdparty.io.netty.channel.nio.AbstractNioChannel$AbstractNioUnsafe.finishConnect(AbstractNioChannel.java:340)
	at org.apache.ratis.thirdparty.io.netty.channel.nio.NioEventLoop.processSelectedKey(NioEventLoop.java:632)
	at org.apache.ratis.thirdparty.io.netty.channel.nio.NioEventLoop.processSelectedKeysOptimized(NioEventLoop.java:579)
	at org.apache.ratis.thirdparty.io.netty.channel.nio.NioEventLoop.processSelectedKeys(NioEventLoop.java:496)
	at org.apache.ratis.thirdparty.io.netty.channel.nio.NioEventLoop.run(NioEventLoop.java:458)
	at org.apache.ratis.thirdparty.io.netty.util.concurrent.SingleThreadEventExecutor$5.run(SingleThreadEventExecutor.java:897)
	at org.apache.ratis.thirdparty.io.netty.util.concurrent.FastThreadLocalRunnable.run(FastThreadLocalRunnable.java:30)
	... 1 more
Caused by: java.net.ConnectException: Connection refused
	... 11 more
2019-06-12 21:48:12,696 INFO  impl.LeaderElection (LeaderElection.java:logAndReturn(56)) - 3f8817b0-eef6-4e90-9b79-731f1b7fec5a:group-FF90A65AEEB2:LeaderElection60: Election REJECTED; received 0 response(s) [] and 2 exception(s); 3f8817b0-eef6-4e90-9b79-731f1b7fec5a:t3, leader=null, voted=3f8817b0-eef6-4e90-9b79-731f1b7fec5a, raftlog=3f8817b0-eef6-4e90-9b79-731f1b7fec5a-SegmentedRaftLog:OPENED:c-1,f-1,i0, conf=-1: [c4d5cc8b-1118-4e63-9384-83c019eb0c8c:192.168.19.22:38725, 3f8817b0-eef6-4e90-9b79-731f1b7fec5a:192.168.19.22:42669, ccf94851-c3c9-48d5-9574-5270386f6108:192.168.19.22:42761], old=null
2019-06-12 21:48:12,696 INFO  impl.LeaderElection (LogUtils.java:infoOrTrace(149)) -   Exception 0: {}
java.util.concurrent.ExecutionException: org.apache.ratis.thirdparty.io.grpc.StatusRuntimeException: UNAVAILABLE: io exception
	at java.util.concurrent.FutureTask.report(FutureTask.java:122)
	at java.util.concurrent.FutureTask.get(FutureTask.java:192)
	at org.apache.ratis.server.impl.LeaderElection.waitForResults(LeaderElection.java:262)
	at org.apache.ratis.server.impl.LeaderElection.askForVotes(LeaderElection.java:200)
	at org.apache.ratis.server.impl.LeaderElection.run(LeaderElection.java:130)
	at java.lang.Thread.run(Thread.java:748)
Caused by: org.apache.ratis.thirdparty.io.grpc.StatusRuntimeException: UNAVAILABLE: io exception
	at org.apache.ratis.thirdparty.io.grpc.stub.ClientCalls.toStatusRuntimeException(ClientCalls.java:233)
	at org.apache.ratis.thirdparty.io.grpc.stub.ClientCalls.getUnchecked(ClientCalls.java:214)
	at org.apache.ratis.thirdparty.io.grpc.stub.ClientCalls.blockingUnaryCall(ClientCalls.java:139)
	at org.apache.ratis.proto.grpc.RaftServerProtocolServiceGrpc$RaftServerProtocolServiceBlockingStub.requestVote(RaftServerProtocolServiceGrpc.java:265)
	at org.apache.ratis.grpc.server.GrpcServerProtocolClient.requestVote(GrpcServerProtocolClient.java:83)
	at org.apache.ratis.grpc.server.GrpcService.requestVote(GrpcService.java:194)
	at org.apache.ratis.server.impl.LeaderElection.lambda$submitRequests$1(LeaderElection.java:237)
	at java.util.concurrent.FutureTask.run(FutureTask.java:266)
	at java.util.concurrent.Executors$RunnableAdapter.call(Executors.java:511)
	at java.util.concurrent.FutureTask.run(FutureTask.java:266)
	at java.util.concurrent.ThreadPoolExecutor.runWorker(ThreadPoolExecutor.java:1149)
	at java.util.concurrent.ThreadPoolExecutor$Worker.run(ThreadPoolExecutor.java:624)
	... 1 more
Caused by: org.apache.ratis.thirdparty.io.netty.channel.AbstractChannel$AnnotatedConnectException: Connection refused: /192.168.19.22:38725
	at sun.nio.ch.SocketChannelImpl.checkConnect(Native Method)
	at sun.nio.ch.SocketChannelImpl.finishConnect(SocketChannelImpl.java:717)
	at org.apache.ratis.thirdparty.io.netty.channel.socket.nio.NioSocketChannel.doFinishConnect(NioSocketChannel.java:327)
	at org.apache.ratis.thirdparty.io.netty.channel.nio.AbstractNioChannel$AbstractNioUnsafe.finishConnect(AbstractNioChannel.java:340)
	at org.apache.ratis.thirdparty.io.netty.channel.nio.NioEventLoop.processSelectedKey(NioEventLoop.java:632)
	at org.apache.ratis.thirdparty.io.netty.channel.nio.NioEventLoop.processSelectedKeysOptimized(NioEventLoop.java:579)
	at org.apache.ratis.thirdparty.io.netty.channel.nio.NioEventLoop.processSelectedKeys(NioEventLoop.java:496)
	at org.apache.ratis.thirdparty.io.netty.channel.nio.NioEventLoop.run(NioEventLoop.java:458)
	at org.apache.ratis.thirdparty.io.netty.util.concurrent.SingleThreadEventExecutor$5.run(SingleThreadEventExecutor.java:897)
	at org.apache.ratis.thirdparty.io.netty.util.concurrent.FastThreadLocalRunnable.run(FastThreadLocalRunnable.java:30)
	... 1 more
Caused by: java.net.ConnectException: Connection refused
	... 11 more
2019-06-12 21:48:12,696 INFO  impl.LeaderElection (LogUtils.java:infoOrTrace(149)) -   Exception 1: {}
java.util.concurrent.ExecutionException: org.apache.ratis.thirdparty.io.grpc.StatusRuntimeException: UNAVAILABLE: io exception
	at java.util.concurrent.FutureTask.report(FutureTask.java:122)
	at java.util.concurrent.FutureTask.get(FutureTask.java:192)
	at org.apache.ratis.server.impl.LeaderElection.waitForResults(LeaderElection.java:262)
	at org.apache.ratis.server.impl.LeaderElection.askForVotes(LeaderElection.java:200)
	at org.apache.ratis.server.impl.LeaderElection.run(LeaderElection.java:130)
	at java.lang.Thread.run(Thread.java:748)
Caused by: org.apache.ratis.thirdparty.io.grpc.StatusRuntimeException: UNAVAILABLE: io exception
	at org.apache.ratis.thirdparty.io.grpc.stub.ClientCalls.toStatusRuntimeException(ClientCalls.java:233)
	at org.apache.ratis.thirdparty.io.grpc.stub.ClientCalls.getUnchecked(ClientCalls.java:214)
	at org.apache.ratis.thirdparty.io.grpc.stub.ClientCalls.blockingUnaryCall(ClientCalls.java:139)
	at org.apache.ratis.proto.grpc.RaftServerProtocolServiceGrpc$RaftServerProtocolServiceBlockingStub.requestVote(RaftServerProtocolServiceGrpc.java:265)
	at org.apache.ratis.grpc.server.GrpcServerProtocolClient.requestVote(GrpcServerProtocolClient.java:83)
	at org.apache.ratis.grpc.server.GrpcService.requestVote(GrpcService.java:194)
	at org.apache.ratis.server.impl.LeaderElection.lambda$submitRequests$1(LeaderElection.java:237)
	at java.util.concurrent.FutureTask.run(FutureTask.java:266)
	at java.util.concurrent.Executors$RunnableAdapter.call(Executors.java:511)
	at java.util.concurrent.FutureTask.run(FutureTask.java:266)
	at java.util.concurrent.ThreadPoolExecutor.runWorker(ThreadPoolExecutor.java:1149)
	at java.util.concurrent.ThreadPoolExecutor$Worker.run(ThreadPoolExecutor.java:624)
	... 1 more
Caused by: org.apache.ratis.thirdparty.io.netty.channel.AbstractChannel$AnnotatedConnectException: Connection refused: /192.168.19.22:42761
	at sun.nio.ch.SocketChannelImpl.checkConnect(Native Method)
	at sun.nio.ch.SocketChannelImpl.finishConnect(SocketChannelImpl.java:717)
	at org.apache.ratis.thirdparty.io.netty.channel.socket.nio.NioSocketChannel.doFinishConnect(NioSocketChannel.java:327)
	at org.apache.ratis.thirdparty.io.netty.channel.nio.AbstractNioChannel$AbstractNioUnsafe.finishConnect(AbstractNioChannel.java:340)
	at org.apache.ratis.thirdparty.io.netty.channel.nio.NioEventLoop.processSelectedKey(NioEventLoop.java:632)
	at org.apache.ratis.thirdparty.io.netty.channel.nio.NioEventLoop.processSelectedKeysOptimized(NioEventLoop.java:579)
	at org.apache.ratis.thirdparty.io.netty.channel.nio.NioEventLoop.processSelectedKeys(NioEventLoop.java:496)
	at org.apache.ratis.thirdparty.io.netty.channel.nio.NioEventLoop.run(NioEventLoop.java:458)
	at org.apache.ratis.thirdparty.io.netty.util.concurrent.SingleThreadEventExecutor$5.run(SingleThreadEventExecutor.java:897)
	at org.apache.ratis.thirdparty.io.netty.util.concurrent.FastThreadLocalRunnable.run(FastThreadLocalRunnable.java:30)
	... 1 more
Caused by: java.net.ConnectException: Connection refused
	... 11 more
2019-06-12 21:48:12,696 INFO  impl.RaftServerImpl (RaftServerImpl.java:setRole(164)) - 3f8817b0-eef6-4e90-9b79-731f1b7fec5a:group-FF90A65AEEB2 changes role from CANDIDATE to FOLLOWER at term 3 for DISCOVERED_A_NEW_TERM
2019-06-12 21:48:12,696 INFO  impl.RoleInfo (RoleInfo.java:shutdownLeaderElection(134)) - 3f8817b0-eef6-4e90-9b79-731f1b7fec5a: shutdown LeaderElection
2019-06-12 21:48:12,696 INFO  impl.RoleInfo (RoleInfo.java:updateAndGet(143)) - 3f8817b0-eef6-4e90-9b79-731f1b7fec5a: start FollowerState
2019-06-12 21:48:13,258 INFO  node.StaleNodeHandler (StaleNodeHandler.java:onMessage(58)) - Datanode c4d5cc8b-1118-4e63-9384-83c019eb0c8c{ip: 192.168.19.22, host: ozone-v57r8-234650721, networkLocation: /default-rack, certSerialId: null} moved to stale state. Finalizing its pipelines [PipelineID=7541068e-03f6-4867-899e-0e83e4a00e71, PipelineID=51e62971-cdd5-4157-b70a-ff90a65aeeb2]
2019-06-12 21:48:13,258 INFO  pipeline.SCMPipelineManager (SCMPipelineManager.java:finalizeAndDestroyPipeline(307)) - destroying pipeline:Pipeline[ Id: 7541068e-03f6-4867-899e-0e83e4a00e71, Nodes: c4d5cc8b-1118-4e63-9384-83c019eb0c8c{ip: 192.168.19.22, host: ozone-v57r8-234650721, networkLocation: /default-rack, certSerialId: null}, Type:RATIS, Factor:ONE, State:OPEN]
2019-06-12 21:48:13,258 INFO  pipeline.PipelineStateManager (PipelineStateManager.java:finalizePipeline(123)) - Pipeline Pipeline[ Id: 7541068e-03f6-4867-899e-0e83e4a00e71, Nodes: c4d5cc8b-1118-4e63-9384-83c019eb0c8c{ip: 192.168.19.22, host: ozone-v57r8-234650721, networkLocation: /default-rack, certSerialId: null}, Type:RATIS, Factor:ONE, State:CLOSED] moved to CLOSED state
2019-06-12 21:48:13,258 INFO  pipeline.SCMPipelineManager (SCMPipelineManager.java:finalizeAndDestroyPipeline(307)) - destroying pipeline:Pipeline[ Id: 51e62971-cdd5-4157-b70a-ff90a65aeeb2, Nodes: c4d5cc8b-1118-4e63-9384-83c019eb0c8c{ip: 192.168.19.22, host: ozone-v57r8-234650721, networkLocation: /default-rack, certSerialId: null}ccf94851-c3c9-48d5-9574-5270386f6108{ip: 192.168.19.22, host: ozone-v57r8-234650721, networkLocation: /default-rack, certSerialId: null}3f8817b0-eef6-4e90-9b79-731f1b7fec5a{ip: 192.168.19.22, host: ozone-v57r8-234650721, networkLocation: /default-rack, certSerialId: null}, Type:RATIS, Factor:THREE, State:OPEN]
2019-06-12 21:48:13,258 INFO  pipeline.PipelineStateManager (PipelineStateManager.java:finalizePipeline(123)) - Pipeline Pipeline[ Id: 51e62971-cdd5-4157-b70a-ff90a65aeeb2, Nodes: c4d5cc8b-1118-4e63-9384-83c019eb0c8c{ip: 192.168.19.22, host: ozone-v57r8-234650721, networkLocation: /default-rack, certSerialId: null}ccf94851-c3c9-48d5-9574-5270386f6108{ip: 192.168.19.22, host: ozone-v57r8-234650721, networkLocation: /default-rack, certSerialId: null}3f8817b0-eef6-4e90-9b79-731f1b7fec5a{ip: 192.168.19.22, host: ozone-v57r8-234650721, networkLocation: /default-rack, certSerialId: null}, Type:RATIS, Factor:THREE, State:CLOSED] moved to CLOSED state
2019-06-12 21:48:13,259 INFO  container.CloseContainerEventHandler (CloseContainerEventHandler.java:onMessage(61)) - Close container Event triggered for container : #1
2019-06-12 21:48:13,696 INFO  impl.FollowerState (FollowerState.java:run(101)) - 3f8817b0-eef6-4e90-9b79-731f1b7fec5a:group-FF90A65AEEB2 changes to CANDIDATE, lastRpcTime:1000, electionTimeout:1000ms
2019-06-12 21:48:13,697 INFO  impl.RoleInfo (RoleInfo.java:shutdownFollowerState(121)) - 3f8817b0-eef6-4e90-9b79-731f1b7fec5a: shutdown FollowerState
2019-06-12 21:48:13,697 INFO  impl.RaftServerImpl (RaftServerImpl.java:setRole(164)) - 3f8817b0-eef6-4e90-9b79-731f1b7fec5a:group-FF90A65AEEB2 changes role from FOLLOWER to CANDIDATE at term 3 for changeToCandidate
2019-06-12 21:48:13,697 INFO  impl.RoleInfo (RoleInfo.java:updateAndGet(143)) - 3f8817b0-eef6-4e90-9b79-731f1b7fec5a: start LeaderElection
2019-06-12 21:48:13,700 INFO  impl.LeaderElection (LeaderElection.java:askForVotes(181)) - 3f8817b0-eef6-4e90-9b79-731f1b7fec5a:group-FF90A65AEEB2:LeaderElection61: begin an election at term 4 for -1: [c4d5cc8b-1118-4e63-9384-83c019eb0c8c:192.168.19.22:38725, 3f8817b0-eef6-4e90-9b79-731f1b7fec5a:192.168.19.22:42669, ccf94851-c3c9-48d5-9574-5270386f6108:192.168.19.22:42761], old=null
2019-06-12 21:48:13,701 INFO  impl.LeaderElection (LogUtils.java:infoOrTrace(149)) - 3f8817b0-eef6-4e90-9b79-731f1b7fec5a:group-FF90A65AEEB2:LeaderElection61 got exception when requesting votes: {}
java.util.concurrent.ExecutionException: org.apache.ratis.thirdparty.io.grpc.StatusRuntimeException: UNAVAILABLE: io exception
	at java.util.concurrent.FutureTask.report(FutureTask.java:122)
	at java.util.concurrent.FutureTask.get(FutureTask.java:192)
	at org.apache.ratis.server.impl.LeaderElection.waitForResults(LeaderElection.java:262)
	at org.apache.ratis.server.impl.LeaderElection.askForVotes(LeaderElection.java:200)
	at org.apache.ratis.server.impl.LeaderElection.run(LeaderElection.java:130)
	at java.lang.Thread.run(Thread.java:748)
Caused by: org.apache.ratis.thirdparty.io.grpc.StatusRuntimeException: UNAVAILABLE: io exception
	at org.apache.ratis.thirdparty.io.grpc.stub.ClientCalls.toStatusRuntimeException(ClientCalls.java:233)
	at org.apache.ratis.thirdparty.io.grpc.stub.ClientCalls.getUnchecked(ClientCalls.java:214)
	at org.apache.ratis.thirdparty.io.grpc.stub.ClientCalls.blockingUnaryCall(ClientCalls.java:139)
	at org.apache.ratis.proto.grpc.RaftServerProtocolServiceGrpc$RaftServerProtocolServiceBlockingStub.requestVote(RaftServerProtocolServiceGrpc.java:265)
	at org.apache.ratis.grpc.server.GrpcServerProtocolClient.requestVote(GrpcServerProtocolClient.java:83)
	at org.apache.ratis.grpc.server.GrpcService.requestVote(GrpcService.java:194)
	at org.apache.ratis.server.impl.LeaderElection.lambda$submitRequests$1(LeaderElection.java:237)
	at java.util.concurrent.FutureTask.run(FutureTask.java:266)
	at java.util.concurrent.Executors$RunnableAdapter.call(Executors.java:511)
	at java.util.concurrent.FutureTask.run(FutureTask.java:266)
	at java.util.concurrent.ThreadPoolExecutor.runWorker(ThreadPoolExecutor.java:1149)
	at java.util.concurrent.ThreadPoolExecutor$Worker.run(ThreadPoolExecutor.java:624)
	... 1 more
Caused by: org.apache.ratis.thirdparty.io.netty.channel.AbstractChannel$AnnotatedConnectException: Connection refused: /192.168.19.22:38725
	at sun.nio.ch.SocketChannelImpl.checkConnect(Native Method)
	at sun.nio.ch.SocketChannelImpl.finishConnect(SocketChannelImpl.java:717)
	at org.apache.ratis.thirdparty.io.netty.channel.socket.nio.NioSocketChannel.doFinishConnect(NioSocketChannel.java:327)
	at org.apache.ratis.thirdparty.io.netty.channel.nio.AbstractNioChannel$AbstractNioUnsafe.finishConnect(AbstractNioChannel.java:340)
	at org.apache.ratis.thirdparty.io.netty.channel.nio.NioEventLoop.processSelectedKey(NioEventLoop.java:632)
	at org.apache.ratis.thirdparty.io.netty.channel.nio.NioEventLoop.processSelectedKeysOptimized(NioEventLoop.java:579)
	at org.apache.ratis.thirdparty.io.netty.channel.nio.NioEventLoop.processSelectedKeys(NioEventLoop.java:496)
	at org.apache.ratis.thirdparty.io.netty.channel.nio.NioEventLoop.run(NioEventLoop.java:458)
	at org.apache.ratis.thirdparty.io.netty.util.concurrent.SingleThreadEventExecutor$5.run(SingleThreadEventExecutor.java:897)
	at org.apache.ratis.thirdparty.io.netty.util.concurrent.FastThreadLocalRunnable.run(FastThreadLocalRunnable.java:30)
	... 1 more
Caused by: java.net.ConnectException: Connection refused
	... 11 more
2019-06-12 21:48:13,705 INFO  impl.LeaderElection (LogUtils.java:infoOrTrace(149)) - 3f8817b0-eef6-4e90-9b79-731f1b7fec5a:group-FF90A65AEEB2:LeaderElection61 got exception when requesting votes: {}
java.util.concurrent.ExecutionException: org.apache.ratis.thirdparty.io.grpc.StatusRuntimeException: UNAVAILABLE: io exception
	at java.util.concurrent.FutureTask.report(FutureTask.java:122)
	at java.util.concurrent.FutureTask.get(FutureTask.java:192)
	at org.apache.ratis.server.impl.LeaderElection.waitForResults(LeaderElection.java:262)
	at org.apache.ratis.server.impl.LeaderElection.askForVotes(LeaderElection.java:200)
	at org.apache.ratis.server.impl.LeaderElection.run(LeaderElection.java:130)
	at java.lang.Thread.run(Thread.java:748)
Caused by: org.apache.ratis.thirdparty.io.grpc.StatusRuntimeException: UNAVAILABLE: io exception
	at org.apache.ratis.thirdparty.io.grpc.stub.ClientCalls.toStatusRuntimeException(ClientCalls.java:233)
	at org.apache.ratis.thirdparty.io.grpc.stub.ClientCalls.getUnchecked(ClientCalls.java:214)
	at org.apache.ratis.thirdparty.io.grpc.stub.ClientCalls.blockingUnaryCall(ClientCalls.java:139)
	at org.apache.ratis.proto.grpc.RaftServerProtocolServiceGrpc$RaftServerProtocolServiceBlockingStub.requestVote(RaftServerProtocolServiceGrpc.java:265)
	at org.apache.ratis.grpc.server.GrpcServerProtocolClient.requestVote(GrpcServerProtocolClient.java:83)
	at org.apache.ratis.grpc.server.GrpcService.requestVote(GrpcService.java:194)
	at org.apache.ratis.server.impl.LeaderElection.lambda$submitRequests$1(LeaderElection.java:237)
	at java.util.concurrent.FutureTask.run(FutureTask.java:266)
	at java.util.concurrent.Executors$RunnableAdapter.call(Executors.java:511)
	at java.util.concurrent.FutureTask.run(FutureTask.java:266)
	at java.util.concurrent.ThreadPoolExecutor.runWorker(ThreadPoolExecutor.java:1149)
	at java.util.concurrent.ThreadPoolExecutor$Worker.run(ThreadPoolExecutor.java:624)
	... 1 more
Caused by: org.apache.ratis.thirdparty.io.netty.channel.AbstractChannel$AnnotatedConnectException: Connection refused: /192.168.19.22:42761
	at sun.nio.ch.SocketChannelImpl.checkConnect(Native Method)
	at sun.nio.ch.SocketChannelImpl.finishConnect(SocketChannelImpl.java:717)
	at org.apache.ratis.thirdparty.io.netty.channel.socket.nio.NioSocketChannel.doFinishConnect(NioSocketChannel.java:327)
	at org.apache.ratis.thirdparty.io.netty.channel.nio.AbstractNioChannel$AbstractNioUnsafe.finishConnect(AbstractNioChannel.java:340)
	at org.apache.ratis.thirdparty.io.netty.channel.nio.NioEventLoop.processSelectedKey(NioEventLoop.java:632)
	at org.apache.ratis.thirdparty.io.netty.channel.nio.NioEventLoop.processSelectedKeysOptimized(NioEventLoop.java:579)
	at org.apache.ratis.thirdparty.io.netty.channel.nio.NioEventLoop.processSelectedKeys(NioEventLoop.java:496)
	at org.apache.ratis.thirdparty.io.netty.channel.nio.NioEventLoop.run(NioEventLoop.java:458)
	at org.apache.ratis.thirdparty.io.netty.util.concurrent.SingleThreadEventExecutor$5.run(SingleThreadEventExecutor.java:897)
	at org.apache.ratis.thirdparty.io.netty.util.concurrent.FastThreadLocalRunnable.run(FastThreadLocalRunnable.java:30)
	... 1 more
Caused by: java.net.ConnectException: Connection refused
	... 11 more
2019-06-12 21:48:13,708 INFO  impl.LeaderElection (LeaderElection.java:logAndReturn(56)) - 3f8817b0-eef6-4e90-9b79-731f1b7fec5a:group-FF90A65AEEB2:LeaderElection61: Election REJECTED; received 0 response(s) [] and 2 exception(s); 3f8817b0-eef6-4e90-9b79-731f1b7fec5a:t4, leader=null, voted=3f8817b0-eef6-4e90-9b79-731f1b7fec5a, raftlog=3f8817b0-eef6-4e90-9b79-731f1b7fec5a-SegmentedRaftLog:OPENED:c-1,f-1,i0, conf=-1: [c4d5cc8b-1118-4e63-9384-83c019eb0c8c:192.168.19.22:38725, 3f8817b0-eef6-4e90-9b79-731f1b7fec5a:192.168.19.22:42669, ccf94851-c3c9-48d5-9574-5270386f6108:192.168.19.22:42761], old=null
2019-06-12 21:48:13,709 INFO  impl.LeaderElection (LogUtils.java:infoOrTrace(149)) -   Exception 0: {}
java.util.concurrent.ExecutionException: org.apache.ratis.thirdparty.io.grpc.StatusRuntimeException: UNAVAILABLE: io exception
	at java.util.concurrent.FutureTask.report(FutureTask.java:122)
	at java.util.concurrent.FutureTask.get(FutureTask.java:192)
	at org.apache.ratis.server.impl.LeaderElection.waitForResults(LeaderElection.java:262)
	at org.apache.ratis.server.impl.LeaderElection.askForVotes(LeaderElection.java:200)
	at org.apache.ratis.server.impl.LeaderElection.run(LeaderElection.java:130)
	at java.lang.Thread.run(Thread.java:748)
Caused by: org.apache.ratis.thirdparty.io.grpc.StatusRuntimeException: UNAVAILABLE: io exception
	at org.apache.ratis.thirdparty.io.grpc.stub.ClientCalls.toStatusRuntimeException(ClientCalls.java:233)
	at org.apache.ratis.thirdparty.io.grpc.stub.ClientCalls.getUnchecked(ClientCalls.java:214)
	at org.apache.ratis.thirdparty.io.grpc.stub.ClientCalls.blockingUnaryCall(ClientCalls.java:139)
	at org.apache.ratis.proto.grpc.RaftServerProtocolServiceGrpc$RaftServerProtocolServiceBlockingStub.requestVote(RaftServerProtocolServiceGrpc.java:265)
	at org.apache.ratis.grpc.server.GrpcServerProtocolClient.requestVote(GrpcServerProtocolClient.java:83)
	at org.apache.ratis.grpc.server.GrpcService.requestVote(GrpcService.java:194)
	at org.apache.ratis.server.impl.LeaderElection.lambda$submitRequests$1(LeaderElection.java:237)
	at java.util.concurrent.FutureTask.run(FutureTask.java:266)
	at java.util.concurrent.Executors$RunnableAdapter.call(Executors.java:511)
	at java.util.concurrent.FutureTask.run(FutureTask.java:266)
	at java.util.concurrent.ThreadPoolExecutor.runWorker(ThreadPoolExecutor.java:1149)
	at java.util.concurrent.ThreadPoolExecutor$Worker.run(ThreadPoolExecutor.java:624)
	... 1 more
Caused by: org.apache.ratis.thirdparty.io.netty.channel.AbstractChannel$AnnotatedConnectException: Connection refused: /192.168.19.22:38725
	at sun.nio.ch.SocketChannelImpl.checkConnect(Native Method)
	at sun.nio.ch.SocketChannelImpl.finishConnect(SocketChannelImpl.java:717)
	at org.apache.ratis.thirdparty.io.netty.channel.socket.nio.NioSocketChannel.doFinishConnect(NioSocketChannel.java:327)
	at org.apache.ratis.thirdparty.io.netty.channel.nio.AbstractNioChannel$AbstractNioUnsafe.finishConnect(AbstractNioChannel.java:340)
	at org.apache.ratis.thirdparty.io.netty.channel.nio.NioEventLoop.processSelectedKey(NioEventLoop.java:632)
	at org.apache.ratis.thirdparty.io.netty.channel.nio.NioEventLoop.processSelectedKeysOptimized(NioEventLoop.java:579)
	at org.apache.ratis.thirdparty.io.netty.channel.nio.NioEventLoop.processSelectedKeys(NioEventLoop.java:496)
	at org.apache.ratis.thirdparty.io.netty.channel.nio.NioEventLoop.run(NioEventLoop.java:458)
	at org.apache.ratis.thirdparty.io.netty.util.concurrent.SingleThreadEventExecutor$5.run(SingleThreadEventExecutor.java:897)
	at org.apache.ratis.thirdparty.io.netty.util.concurrent.FastThreadLocalRunnable.run(FastThreadLocalRunnable.java:30)
	... 1 more
Caused by: java.net.ConnectException: Connection refused
	... 11 more
2019-06-12 21:48:13,709 INFO  impl.LeaderElection (LogUtils.java:infoOrTrace(149)) -   Exception 1: {}
java.util.concurrent.ExecutionException: org.apache.ratis.thirdparty.io.grpc.StatusRuntimeException: UNAVAILABLE: io exception
	at java.util.concurrent.FutureTask.report(FutureTask.java:122)
	at java.util.concurrent.FutureTask.get(FutureTask.java:192)
	at org.apache.ratis.server.impl.LeaderElection.waitForResults(LeaderElection.java:262)
	at org.apache.ratis.server.impl.LeaderElection.askForVotes(LeaderElection.java:200)
	at org.apache.ratis.server.impl.LeaderElection.run(LeaderElection.java:130)
	at java.lang.Thread.run(Thread.java:748)
Caused by: org.apache.ratis.thirdparty.io.grpc.StatusRuntimeException: UNAVAILABLE: io exception
	at org.apache.ratis.thirdparty.io.grpc.stub.ClientCalls.toStatusRuntimeException(ClientCalls.java:233)
	at org.apache.ratis.thirdparty.io.grpc.stub.ClientCalls.getUnchecked(ClientCalls.java:214)
	at org.apache.ratis.thirdparty.io.grpc.stub.ClientCalls.blockingUnaryCall(ClientCalls.java:139)
	at org.apache.ratis.proto.grpc.RaftServerProtocolServiceGrpc$RaftServerProtocolServiceBlockingStub.requestVote(RaftServerProtocolServiceGrpc.java:265)
	at org.apache.ratis.grpc.server.GrpcServerProtocolClient.requestVote(GrpcServerProtocolClient.java:83)
	at org.apache.ratis.grpc.server.GrpcService.requestVote(GrpcService.java:194)
	at org.apache.ratis.server.impl.LeaderElection.lambda$submitRequests$1(LeaderElection.java:237)
	at java.util.concurrent.FutureTask.run(FutureTask.java:266)
	at java.util.concurrent.Executors$RunnableAdapter.call(Executors.java:511)
	at java.util.concurrent.FutureTask.run(FutureTask.java:266)
	at java.util.concurrent.ThreadPoolExecutor.runWorker(ThreadPoolExecutor.java:1149)
	at java.util.concurrent.ThreadPoolExecutor$Worker.run(ThreadPoolExecutor.java:624)
	... 1 more
Caused by: org.apache.ratis.thirdparty.io.netty.channel.AbstractChannel$AnnotatedConnectException: Connection refused: /192.168.19.22:42761
	at sun.nio.ch.SocketChannelImpl.checkConnect(Native Method)
	at sun.nio.ch.SocketChannelImpl.finishConnect(SocketChannelImpl.java:717)
	at org.apache.ratis.thirdparty.io.netty.channel.socket.nio.NioSocketChannel.doFinishConnect(NioSocketChannel.java:327)
	at org.apache.ratis.thirdparty.io.netty.channel.nio.AbstractNioChannel$AbstractNioUnsafe.finishConnect(AbstractNioChannel.java:340)
	at org.apache.ratis.thirdparty.io.netty.channel.nio.NioEventLoop.processSelectedKey(NioEventLoop.java:632)
	at org.apache.ratis.thirdparty.io.netty.channel.nio.NioEventLoop.processSelectedKeysOptimized(NioEventLoop.java:579)
	at org.apache.ratis.thirdparty.io.netty.channel.nio.NioEventLoop.processSelectedKeys(NioEventLoop.java:496)
	at org.apache.ratis.thirdparty.io.netty.channel.nio.NioEventLoop.run(NioEventLoop.java:458)
	at org.apache.ratis.thirdparty.io.netty.util.concurrent.SingleThreadEventExecutor$5.run(SingleThreadEventExecutor.java:897)
	at org.apache.ratis.thirdparty.io.netty.util.concurrent.FastThreadLocalRunnable.run(FastThreadLocalRunnable.java:30)
	... 1 more
Caused by: java.net.ConnectException: Connection refused
	... 11 more
2019-06-12 21:48:13,709 INFO  impl.RaftServerImpl (RaftServerImpl.java:setRole(164)) - 3f8817b0-eef6-4e90-9b79-731f1b7fec5a:group-FF90A65AEEB2 changes role from CANDIDATE to FOLLOWER at term 4 for DISCOVERED_A_NEW_TERM
2019-06-12 21:48:13,709 INFO  impl.RoleInfo (RoleInfo.java:shutdownLeaderElection(134)) - 3f8817b0-eef6-4e90-9b79-731f1b7fec5a: shutdown LeaderElection
2019-06-12 21:48:13,709 INFO  impl.RoleInfo (RoleInfo.java:updateAndGet(143)) - 3f8817b0-eef6-4e90-9b79-731f1b7fec5a: start FollowerState
2019-06-12 21:48:14,104 INFO  client.GrpcClientProtocolClient (GrpcClientProtocolClient.java:onNext(254)) - client-C0DFA57B848A->3f8817b0-eef6-4e90-9b79-731f1b7fec5a: receive RaftClientReply:client-C0DFA57B848A->3f8817b0-eef6-4e90-9b79-731f1b7fec5a@group-FF90A65AEEB2, cid=97, FAILED org.apache.ratis.protocol.NotLeaderException: Server 3f8817b0-eef6-4e90-9b79-731f1b7fec5a is not the leader (c4d5cc8b-1118-4e63-9384-83c019eb0c8c:192.168.19.22:38725). Request must be sent to leader., logIndex=0, commits[3f8817b0-eef6-4e90-9b79-731f1b7fec5a:c-1]
2019-06-12 21:48:14,112 WARN  client.GrpcClientProtocolService (LogUtils.java:warn(134)) - 0-OrderedRequestStreamObserver0: onError: org.apache.ratis.thirdparty.io.grpc.StatusRuntimeException: CANCELLED: cancelled before receiving half close
2019-06-12 21:48:14,853 INFO  impl.FollowerState (FollowerState.java:run(101)) - 3f8817b0-eef6-4e90-9b79-731f1b7fec5a:group-FF90A65AEEB2 changes to CANDIDATE, lastRpcTime:1144, electionTimeout:1144ms
2019-06-12 21:48:14,853 INFO  impl.RoleInfo (RoleInfo.java:shutdownFollowerState(121)) - 3f8817b0-eef6-4e90-9b79-731f1b7fec5a: shutdown FollowerState
2019-06-12 21:48:14,854 INFO  impl.RaftServerImpl (RaftServerImpl.java:setRole(164)) - 3f8817b0-eef6-4e90-9b79-731f1b7fec5a:group-FF90A65AEEB2 changes role from FOLLOWER to CANDIDATE at term 4 for changeToCandidate
2019-06-12 21:48:14,854 INFO  impl.RoleInfo (RoleInfo.java:updateAndGet(143)) - 3f8817b0-eef6-4e90-9b79-731f1b7fec5a: start LeaderElection
2019-06-12 21:48:14,856 INFO  impl.LeaderElection (LeaderElection.java:askForVotes(181)) - 3f8817b0-eef6-4e90-9b79-731f1b7fec5a:group-FF90A65AEEB2:LeaderElection62: begin an election at term 5 for -1: [c4d5cc8b-1118-4e63-9384-83c019eb0c8c:192.168.19.22:38725, 3f8817b0-eef6-4e90-9b79-731f1b7fec5a:192.168.19.22:42669, ccf94851-c3c9-48d5-9574-5270386f6108:192.168.19.22:42761], old=null
2019-06-12 21:48:14,857 INFO  impl.LeaderElection (LogUtils.java:infoOrTrace(149)) - 3f8817b0-eef6-4e90-9b79-731f1b7fec5a:group-FF90A65AEEB2:LeaderElection62 got exception when requesting votes: {}
java.util.concurrent.ExecutionException: org.apache.ratis.thirdparty.io.grpc.StatusRuntimeException: UNAVAILABLE: io exception
	at java.util.concurrent.FutureTask.report(FutureTask.java:122)
	at java.util.concurrent.FutureTask.get(FutureTask.java:192)
	at org.apache.ratis.server.impl.LeaderElection.waitForResults(LeaderElection.java:262)
	at org.apache.ratis.server.impl.LeaderElection.askForVotes(LeaderElection.java:200)
	at org.apache.ratis.server.impl.LeaderElection.run(LeaderElection.java:130)
	at java.lang.Thread.run(Thread.java:748)
Caused by: org.apache.ratis.thirdparty.io.grpc.StatusRuntimeException: UNAVAILABLE: io exception
	at org.apache.ratis.thirdparty.io.grpc.stub.ClientCalls.toStatusRuntimeException(ClientCalls.java:233)
	at org.apache.ratis.thirdparty.io.grpc.stub.ClientCalls.getUnchecked(ClientCalls.java:214)
	at org.apache.ratis.thirdparty.io.grpc.stub.ClientCalls.blockingUnaryCall(ClientCalls.java:139)
	at org.apache.ratis.proto.grpc.RaftServerProtocolServiceGrpc$RaftServerProtocolServiceBlockingStub.requestVote(RaftServerProtocolServiceGrpc.java:265)
	at org.apache.ratis.grpc.server.GrpcServerProtocolClient.requestVote(GrpcServerProtocolClient.java:83)
	at org.apache.ratis.grpc.server.GrpcService.requestVote(GrpcService.java:194)
	at org.apache.ratis.server.impl.LeaderElection.lambda$submitRequests$1(LeaderElection.java:237)
	at java.util.concurrent.FutureTask.run(FutureTask.java:266)
	at java.util.concurrent.Executors$RunnableAdapter.call(Executors.java:511)
	at java.util.concurrent.FutureTask.run(FutureTask.java:266)
	at java.util.concurrent.ThreadPoolExecutor.runWorker(ThreadPoolExecutor.java:1149)
	at java.util.concurrent.ThreadPoolExecutor$Worker.run(ThreadPoolExecutor.java:624)
	... 1 more
Caused by: org.apache.ratis.thirdparty.io.netty.channel.AbstractChannel$AnnotatedConnectException: Connection refused: /192.168.19.22:42761
	at sun.nio.ch.SocketChannelImpl.checkConnect(Native Method)
	at sun.nio.ch.SocketChannelImpl.finishConnect(SocketChannelImpl.java:717)
	at org.apache.ratis.thirdparty.io.netty.channel.socket.nio.NioSocketChannel.doFinishConnect(NioSocketChannel.java:327)
	at org.apache.ratis.thirdparty.io.netty.channel.nio.AbstractNioChannel$AbstractNioUnsafe.finishConnect(AbstractNioChannel.java:340)
	at org.apache.ratis.thirdparty.io.netty.channel.nio.NioEventLoop.processSelectedKey(NioEventLoop.java:632)
	at org.apache.ratis.thirdparty.io.netty.channel.nio.NioEventLoop.processSelectedKeysOptimized(NioEventLoop.java:579)
	at org.apache.ratis.thirdparty.io.netty.channel.nio.NioEventLoop.processSelectedKeys(NioEventLoop.java:496)
	at org.apache.ratis.thirdparty.io.netty.channel.nio.NioEventLoop.run(NioEventLoop.java:458)
	at org.apache.ratis.thirdparty.io.netty.util.concurrent.SingleThreadEventExecutor$5.run(SingleThreadEventExecutor.java:897)
	at org.apache.ratis.thirdparty.io.netty.util.concurrent.FastThreadLocalRunnable.run(FastThreadLocalRunnable.java:30)
	... 1 more
Caused by: java.net.ConnectException: Connection refused
	... 11 more
2019-06-12 21:48:14,861 INFO  impl.LeaderElection (LogUtils.java:infoOrTrace(149)) - 3f8817b0-eef6-4e90-9b79-731f1b7fec5a:group-FF90A65AEEB2:LeaderElection62 got exception when requesting votes: {}
java.util.concurrent.ExecutionException: org.apache.ratis.thirdparty.io.grpc.StatusRuntimeException: UNAVAILABLE: io exception
	at java.util.concurrent.FutureTask.report(FutureTask.java:122)
	at java.util.concurrent.FutureTask.get(FutureTask.java:192)
	at org.apache.ratis.server.impl.LeaderElection.waitForResults(LeaderElection.java:262)
	at org.apache.ratis.server.impl.LeaderElection.askForVotes(LeaderElection.java:200)
	at org.apache.ratis.server.impl.LeaderElection.run(LeaderElection.java:130)
	at java.lang.Thread.run(Thread.java:748)
Caused by: org.apache.ratis.thirdparty.io.grpc.StatusRuntimeException: UNAVAILABLE: io exception
	at org.apache.ratis.thirdparty.io.grpc.stub.ClientCalls.toStatusRuntimeException(ClientCalls.java:233)
	at org.apache.ratis.thirdparty.io.grpc.stub.ClientCalls.getUnchecked(ClientCalls.java:214)
	at org.apache.ratis.thirdparty.io.grpc.stub.ClientCalls.blockingUnaryCall(ClientCalls.java:139)
	at org.apache.ratis.proto.grpc.RaftServerProtocolServiceGrpc$RaftServerProtocolServiceBlockingStub.requestVote(RaftServerProtocolServiceGrpc.java:265)
	at org.apache.ratis.grpc.server.GrpcServerProtocolClient.requestVote(GrpcServerProtocolClient.java:83)
	at org.apache.ratis.grpc.server.GrpcService.requestVote(GrpcService.java:194)
	at org.apache.ratis.server.impl.LeaderElection.lambda$submitRequests$1(LeaderElection.java:237)
	at java.util.concurrent.FutureTask.run(FutureTask.java:266)
	at java.util.concurrent.Executors$RunnableAdapter.call(Executors.java:511)
	at java.util.concurrent.FutureTask.run(FutureTask.java:266)
	at java.util.concurrent.ThreadPoolExecutor.runWorker(ThreadPoolExecutor.java:1149)
	at java.util.concurrent.ThreadPoolExecutor$Worker.run(ThreadPoolExecutor.java:624)
	... 1 more
Caused by: org.apache.ratis.thirdparty.io.netty.channel.AbstractChannel$AnnotatedConnectException: Connection refused: /192.168.19.22:38725
	at sun.nio.ch.SocketChannelImpl.checkConnect(Native Method)
	at sun.nio.ch.SocketChannelImpl.finishConnect(SocketChannelImpl.java:717)
	at org.apache.ratis.thirdparty.io.netty.channel.socket.nio.NioSocketChannel.doFinishConnect(NioSocketChannel.java:327)
	at org.apache.ratis.thirdparty.io.netty.channel.nio.AbstractNioChannel$AbstractNioUnsafe.finishConnect(AbstractNioChannel.java:340)
	at org.apache.ratis.thirdparty.io.netty.channel.nio.NioEventLoop.processSelectedKey(NioEventLoop.java:632)
	at org.apache.ratis.thirdparty.io.netty.channel.nio.NioEventLoop.processSelectedKeysOptimized(NioEventLoop.java:579)
	at org.apache.ratis.thirdparty.io.netty.channel.nio.NioEventLoop.processSelectedKeys(NioEventLoop.java:496)
	at org.apache.ratis.thirdparty.io.netty.channel.nio.NioEventLoop.run(NioEventLoop.java:458)
	at org.apache.ratis.thirdparty.io.netty.util.concurrent.SingleThreadEventExecutor$5.run(SingleThreadEventExecutor.java:897)
	at org.apache.ratis.thirdparty.io.netty.util.concurrent.FastThreadLocalRunnable.run(FastThreadLocalRunnable.java:30)
	... 1 more
Caused by: java.net.ConnectException: Connection refused
	... 11 more
2019-06-12 21:48:14,864 INFO  impl.LeaderElection (LeaderElection.java:logAndReturn(56)) - 3f8817b0-eef6-4e90-9b79-731f1b7fec5a:group-FF90A65AEEB2:LeaderElection62: Election REJECTED; received 0 response(s) [] and 2 exception(s); 3f8817b0-eef6-4e90-9b79-731f1b7fec5a:t5, leader=null, voted=3f8817b0-eef6-4e90-9b79-731f1b7fec5a, raftlog=3f8817b0-eef6-4e90-9b79-731f1b7fec5a-SegmentedRaftLog:OPENED:c-1,f-1,i0, conf=-1: [c4d5cc8b-1118-4e63-9384-83c019eb0c8c:192.168.19.22:38725, 3f8817b0-eef6-4e90-9b79-731f1b7fec5a:192.168.19.22:42669, ccf94851-c3c9-48d5-9574-5270386f6108:192.168.19.22:42761], old=null
2019-06-12 21:48:14,864 INFO  impl.LeaderElection (LogUtils.java:infoOrTrace(149)) -   Exception 0: {}
java.util.concurrent.ExecutionException: org.apache.ratis.thirdparty.io.grpc.StatusRuntimeException: UNAVAILABLE: io exception
	at java.util.concurrent.FutureTask.report(FutureTask.java:122)
	at java.util.concurrent.FutureTask.get(FutureTask.java:192)
	at org.apache.ratis.server.impl.LeaderElection.waitForResults(LeaderElection.java:262)
	at org.apache.ratis.server.impl.LeaderElection.askForVotes(LeaderElection.java:200)
	at org.apache.ratis.server.impl.LeaderElection.run(LeaderElection.java:130)
	at java.lang.Thread.run(Thread.java:748)
Caused by: org.apache.ratis.thirdparty.io.grpc.StatusRuntimeException: UNAVAILABLE: io exception
	at org.apache.ratis.thirdparty.io.grpc.stub.ClientCalls.toStatusRuntimeException(ClientCalls.java:233)
	at org.apache.ratis.thirdparty.io.grpc.stub.ClientCalls.getUnchecked(ClientCalls.java:214)
	at org.apache.ratis.thirdparty.io.grpc.stub.ClientCalls.blockingUnaryCall(ClientCalls.java:139)
	at org.apache.ratis.proto.grpc.RaftServerProtocolServiceGrpc$RaftServerProtocolServiceBlockingStub.requestVote(RaftServerProtocolServiceGrpc.java:265)
	at org.apache.ratis.grpc.server.GrpcServerProtocolClient.requestVote(GrpcServerProtocolClient.java:83)
	at org.apache.ratis.grpc.server.GrpcService.requestVote(GrpcService.java:194)
	at org.apache.ratis.server.impl.LeaderElection.lambda$submitRequests$1(LeaderElection.java:237)
	at java.util.concurrent.FutureTask.run(FutureTask.java:266)
	at java.util.concurrent.Executors$RunnableAdapter.call(Executors.java:511)
	at java.util.concurrent.FutureTask.run(FutureTask.java:266)
	at java.util.concurrent.ThreadPoolExecutor.runWorker(ThreadPoolExecutor.java:1149)
	at java.util.concurrent.ThreadPoolExecutor$Worker.run(ThreadPoolExecutor.java:624)
	... 1 more
Caused by: org.apache.ratis.thirdparty.io.netty.channel.AbstractChannel$AnnotatedConnectException: Connection refused: /192.168.19.22:42761
	at sun.nio.ch.SocketChannelImpl.checkConnect(Native Method)
	at sun.nio.ch.SocketChannelImpl.finishConnect(SocketChannelImpl.java:717)
	at org.apache.ratis.thirdparty.io.netty.channel.socket.nio.NioSocketChannel.doFinishConnect(NioSocketChannel.java:327)
	at org.apache.ratis.thirdparty.io.netty.channel.nio.AbstractNioChannel$AbstractNioUnsafe.finishConnect(AbstractNioChannel.java:340)
	at org.apache.ratis.thirdparty.io.netty.channel.nio.NioEventLoop.processSelectedKey(NioEventLoop.java:632)
	at org.apache.ratis.thirdparty.io.netty.channel.nio.NioEventLoop.processSelectedKeysOptimized(NioEventLoop.java:579)
	at org.apache.ratis.thirdparty.io.netty.channel.nio.NioEventLoop.processSelectedKeys(NioEventLoop.java:496)
	at org.apache.ratis.thirdparty.io.netty.channel.nio.NioEventLoop.run(NioEventLoop.java:458)
	at org.apache.ratis.thirdparty.io.netty.util.concurrent.SingleThreadEventExecutor$5.run(SingleThreadEventExecutor.java:897)
	at org.apache.ratis.thirdparty.io.netty.util.concurrent.FastThreadLocalRunnable.run(FastThreadLocalRunnable.java:30)
	... 1 more
Caused by: java.net.ConnectException: Connection refused
	... 11 more
2019-06-12 21:48:14,864 INFO  impl.LeaderElection (LogUtils.java:infoOrTrace(149)) -   Exception 1: {}
java.util.concurrent.ExecutionException: org.apache.ratis.thirdparty.io.grpc.StatusRuntimeException: UNAVAILABLE: io exception
	at java.util.concurrent.FutureTask.report(FutureTask.java:122)
	at java.util.concurrent.FutureTask.get(FutureTask.java:192)
	at org.apache.ratis.server.impl.LeaderElection.waitForResults(LeaderElection.java:262)
	at org.apache.ratis.server.impl.LeaderElection.askForVotes(LeaderElection.java:200)
	at org.apache.ratis.server.impl.LeaderElection.run(LeaderElection.java:130)
	at java.lang.Thread.run(Thread.java:748)
Caused by: org.apache.ratis.thirdparty.io.grpc.StatusRuntimeException: UNAVAILABLE: io exception
	at org.apache.ratis.thirdparty.io.grpc.stub.ClientCalls.toStatusRuntimeException(ClientCalls.java:233)
	at org.apache.ratis.thirdparty.io.grpc.stub.ClientCalls.getUnchecked(ClientCalls.java:214)
	at org.apache.ratis.thirdparty.io.grpc.stub.ClientCalls.blockingUnaryCall(ClientCalls.java:139)
	at org.apache.ratis.proto.grpc.RaftServerProtocolServiceGrpc$RaftServerProtocolServiceBlockingStub.requestVote(RaftServerProtocolServiceGrpc.java:265)
	at org.apache.ratis.grpc.server.GrpcServerProtocolClient.requestVote(GrpcServerProtocolClient.java:83)
	at org.apache.ratis.grpc.server.GrpcService.requestVote(GrpcService.java:194)
	at org.apache.ratis.server.impl.LeaderElection.lambda$submitRequests$1(LeaderElection.java:237)
	at java.util.concurrent.FutureTask.run(FutureTask.java:266)
	at java.util.concurrent.Executors$RunnableAdapter.call(Executors.java:511)
	at java.util.concurrent.FutureTask.run(FutureTask.java:266)
	at java.util.concurrent.ThreadPoolExecutor.runWorker(ThreadPoolExecutor.java:1149)
	at java.util.concurrent.ThreadPoolExecutor$Worker.run(ThreadPoolExecutor.java:624)
	... 1 more
Caused by: org.apache.ratis.thirdparty.io.netty.channel.AbstractChannel$AnnotatedConnectException: Connection refused: /192.168.19.22:38725
	at sun.nio.ch.SocketChannelImpl.checkConnect(Native Method)
	at sun.nio.ch.SocketChannelImpl.finishConnect(SocketChannelImpl.java:717)
	at org.apache.ratis.thirdparty.io.netty.channel.socket.nio.NioSocketChannel.doFinishConnect(NioSocketChannel.java:327)
	at org.apache.ratis.thirdparty.io.netty.channel.nio.AbstractNioChannel$AbstractNioUnsafe.finishConnect(AbstractNioChannel.java:340)
	at org.apache.ratis.thirdparty.io.netty.channel.nio.NioEventLoop.processSelectedKey(NioEventLoop.java:632)
	at org.apache.ratis.thirdparty.io.netty.channel.nio.NioEventLoop.processSelectedKeysOptimized(NioEventLoop.java:579)
	at org.apache.ratis.thirdparty.io.netty.channel.nio.NioEventLoop.processSelectedKeys(NioEventLoop.java:496)
	at org.apache.ratis.thirdparty.io.netty.channel.nio.NioEventLoop.run(NioEventLoop.java:458)
	at org.apache.ratis.thirdparty.io.netty.util.concurrent.SingleThreadEventExecutor$5.run(SingleThreadEventExecutor.java:897)
	at org.apache.ratis.thirdparty.io.netty.util.concurrent.FastThreadLocalRunnable.run(FastThreadLocalRunnable.java:30)
	... 1 more
Caused by: java.net.ConnectException: Connection refused
	... 11 more
2019-06-12 21:48:14,864 INFO  impl.RaftServerImpl (RaftServerImpl.java:setRole(164)) - 3f8817b0-eef6-4e90-9b79-731f1b7fec5a:group-FF90A65AEEB2 changes role from CANDIDATE to FOLLOWER at term 5 for DISCOVERED_A_NEW_TERM
2019-06-12 21:48:14,864 INFO  impl.RoleInfo (RoleInfo.java:shutdownLeaderElection(134)) - 3f8817b0-eef6-4e90-9b79-731f1b7fec5a: shutdown LeaderElection
2019-06-12 21:48:14,864 INFO  impl.RoleInfo (RoleInfo.java:updateAndGet(143)) - 3f8817b0-eef6-4e90-9b79-731f1b7fec5a: start FollowerState
2019-06-12 21:48:14,961 INFO  node.StaleNodeHandler (StaleNodeHandler.java:onMessage(58)) - Datanode ccf94851-c3c9-48d5-9574-5270386f6108{ip: 192.168.19.22, host: ozone-v57r8-234650721, networkLocation: /default-rack, certSerialId: null} moved to stale state. Finalizing its pipelines [PipelineID=51e62971-cdd5-4157-b70a-ff90a65aeeb2, PipelineID=9476703c-1b99-479b-8ce5-fd516c39ec09]
2019-06-12 21:48:14,961 INFO  pipeline.SCMPipelineManager (SCMPipelineManager.java:finalizeAndDestroyPipeline(307)) - destroying pipeline:Pipeline[ Id: 51e62971-cdd5-4157-b70a-ff90a65aeeb2, Nodes: c4d5cc8b-1118-4e63-9384-83c019eb0c8c{ip: 192.168.19.22, host: ozone-v57r8-234650721, networkLocation: /default-rack, certSerialId: null}ccf94851-c3c9-48d5-9574-5270386f6108{ip: 192.168.19.22, host: ozone-v57r8-234650721, networkLocation: /default-rack, certSerialId: null}3f8817b0-eef6-4e90-9b79-731f1b7fec5a{ip: 192.168.19.22, host: ozone-v57r8-234650721, networkLocation: /default-rack, certSerialId: null}, Type:RATIS, Factor:THREE, State:CLOSED]
2019-06-12 21:48:14,961 INFO  pipeline.SCMPipelineManager (SCMPipelineManager.java:finalizeAndDestroyPipeline(307)) - destroying pipeline:Pipeline[ Id: 9476703c-1b99-479b-8ce5-fd516c39ec09, Nodes: ccf94851-c3c9-48d5-9574-5270386f6108{ip: 192.168.19.22, host: ozone-v57r8-234650721, networkLocation: /default-rack, certSerialId: null}, Type:RATIS, Factor:ONE, State:OPEN]
2019-06-12 21:48:14,961 INFO  pipeline.PipelineStateManager (PipelineStateManager.java:finalizePipeline(123)) - Pipeline Pipeline[ Id: 9476703c-1b99-479b-8ce5-fd516c39ec09, Nodes: ccf94851-c3c9-48d5-9574-5270386f6108{ip: 192.168.19.22, host: ozone-v57r8-234650721, networkLocation: /default-rack, certSerialId: null}, Type:RATIS, Factor:ONE, State:CLOSED] moved to CLOSED state
2019-06-12 21:48:15,432 ERROR commandhandler.CloseContainerCommandHandler (CloseContainerCommandHandler.java:handle(84)) - Container #1 does not exist in datanode. Container close failed.
2019-06-12 21:48:15,947 INFO  impl.FollowerState (FollowerState.java:run(101)) - 3f8817b0-eef6-4e90-9b79-731f1b7fec5a:group-FF90A65AEEB2 changes to CANDIDATE, lastRpcTime:1082, electionTimeout:1082ms
2019-06-12 21:48:15,947 INFO  impl.RoleInfo (RoleInfo.java:shutdownFollowerState(121)) - 3f8817b0-eef6-4e90-9b79-731f1b7fec5a: shutdown FollowerState
2019-06-12 21:48:15,947 INFO  impl.RaftServerImpl (RaftServerImpl.java:setRole(164)) - 3f8817b0-eef6-4e90-9b79-731f1b7fec5a:group-FF90A65AEEB2 changes role from FOLLOWER to CANDIDATE at term 5 for changeToCandidate
2019-06-12 21:48:15,947 INFO  impl.RoleInfo (RoleInfo.java:updateAndGet(143)) - 3f8817b0-eef6-4e90-9b79-731f1b7fec5a: start LeaderElection
2019-06-12 21:48:15,949 INFO  impl.LeaderElection (LeaderElection.java:askForVotes(181)) - 3f8817b0-eef6-4e90-9b79-731f1b7fec5a:group-FF90A65AEEB2:LeaderElection63: begin an election at term 6 for -1: [c4d5cc8b-1118-4e63-9384-83c019eb0c8c:192.168.19.22:38725, 3f8817b0-eef6-4e90-9b79-731f1b7fec5a:192.168.19.22:42669, ccf94851-c3c9-48d5-9574-5270386f6108:192.168.19.22:42761], old=null
2019-06-12 21:48:15,950 INFO  impl.LeaderElection (LogUtils.java:infoOrTrace(149)) - 3f8817b0-eef6-4e90-9b79-731f1b7fec5a:group-FF90A65AEEB2:LeaderElection63 got exception when requesting votes: {}
java.util.concurrent.ExecutionException: org.apache.ratis.thirdparty.io.grpc.StatusRuntimeException: UNAVAILABLE: io exception
	at java.util.concurrent.FutureTask.report(FutureTask.java:122)
	at java.util.concurrent.FutureTask.get(FutureTask.java:192)
	at org.apache.ratis.server.impl.LeaderElection.waitForResults(LeaderElection.java:262)
	at org.apache.ratis.server.impl.LeaderElection.askForVotes(LeaderElection.java:200)
	at org.apache.ratis.server.impl.LeaderElection.run(LeaderElection.java:130)
	at java.lang.Thread.run(Thread.java:748)
Caused by: org.apache.ratis.thirdparty.io.grpc.StatusRuntimeException: UNAVAILABLE: io exception
	at org.apache.ratis.thirdparty.io.grpc.stub.ClientCalls.toStatusRuntimeException(ClientCalls.java:233)
	at org.apache.ratis.thirdparty.io.grpc.stub.ClientCalls.getUnchecked(ClientCalls.java:214)
	at org.apache.ratis.thirdparty.io.grpc.stub.ClientCalls.blockingUnaryCall(ClientCalls.java:139)
	at org.apache.ratis.proto.grpc.RaftServerProtocolServiceGrpc$RaftServerProtocolServiceBlockingStub.requestVote(RaftServerProtocolServiceGrpc.java:265)
	at org.apache.ratis.grpc.server.GrpcServerProtocolClient.requestVote(GrpcServerProtocolClient.java:83)
	at org.apache.ratis.grpc.server.GrpcService.requestVote(GrpcService.java:194)
	at org.apache.ratis.server.impl.LeaderElection.lambda$submitRequests$1(LeaderElection.java:237)
	at java.util.concurrent.FutureTask.run(FutureTask.java:266)
	at java.util.concurrent.Executors$RunnableAdapter.call(Executors.java:511)
	at java.util.concurrent.FutureTask.run(FutureTask.java:266)
	at java.util.concurrent.ThreadPoolExecutor.runWorker(ThreadPoolExecutor.java:1149)
	at java.util.concurrent.ThreadPoolExecutor$Worker.run(ThreadPoolExecutor.java:624)
	... 1 more
Caused by: org.apache.ratis.thirdparty.io.netty.channel.AbstractChannel$AnnotatedConnectException: Connection refused: /192.168.19.22:42761
	at sun.nio.ch.SocketChannelImpl.checkConnect(Native Method)
	at sun.nio.ch.SocketChannelImpl.finishConnect(SocketChannelImpl.java:717)
	at org.apache.ratis.thirdparty.io.netty.channel.socket.nio.NioSocketChannel.doFinishConnect(NioSocketChannel.java:327)
	at org.apache.ratis.thirdparty.io.netty.channel.nio.AbstractNioChannel$AbstractNioUnsafe.finishConnect(AbstractNioChannel.java:340)
	at org.apache.ratis.thirdparty.io.netty.channel.nio.NioEventLoop.processSelectedKey(NioEventLoop.java:632)
	at org.apache.ratis.thirdparty.io.netty.channel.nio.NioEventLoop.processSelectedKeysOptimized(NioEventLoop.java:579)
	at org.apache.ratis.thirdparty.io.netty.channel.nio.NioEventLoop.processSelectedKeys(NioEventLoop.java:496)
	at org.apache.ratis.thirdparty.io.netty.channel.nio.NioEventLoop.run(NioEventLoop.java:458)
	at org.apache.ratis.thirdparty.io.netty.util.concurrent.SingleThreadEventExecutor$5.run(SingleThreadEventExecutor.java:897)
	at org.apache.ratis.thirdparty.io.netty.util.concurrent.FastThreadLocalRunnable.run(FastThreadLocalRunnable.java:30)
	... 1 more
Caused by: java.net.ConnectException: Connection refused
	... 11 more
2019-06-12 21:48:15,954 INFO  impl.LeaderElection (LogUtils.java:infoOrTrace(149)) - 3f8817b0-eef6-4e90-9b79-731f1b7fec5a:group-FF90A65AEEB2:LeaderElection63 got exception when requesting votes: {}
java.util.concurrent.ExecutionException: org.apache.ratis.thirdparty.io.grpc.StatusRuntimeException: UNAVAILABLE: io exception
	at java.util.concurrent.FutureTask.report(FutureTask.java:122)
	at java.util.concurrent.FutureTask.get(FutureTask.java:192)
	at org.apache.ratis.server.impl.LeaderElection.waitForResults(LeaderElection.java:262)
	at org.apache.ratis.server.impl.LeaderElection.askForVotes(LeaderElection.java:200)
	at org.apache.ratis.server.impl.LeaderElection.run(LeaderElection.java:130)
	at java.lang.Thread.run(Thread.java:748)
Caused by: org.apache.ratis.thirdparty.io.grpc.StatusRuntimeException: UNAVAILABLE: io exception
	at org.apache.ratis.thirdparty.io.grpc.stub.ClientCalls.toStatusRuntimeException(ClientCalls.java:233)
	at org.apache.ratis.thirdparty.io.grpc.stub.ClientCalls.getUnchecked(ClientCalls.java:214)
	at org.apache.ratis.thirdparty.io.grpc.stub.ClientCalls.blockingUnaryCall(ClientCalls.java:139)
	at org.apache.ratis.proto.grpc.RaftServerProtocolServiceGrpc$RaftServerProtocolServiceBlockingStub.requestVote(RaftServerProtocolServiceGrpc.java:265)
	at org.apache.ratis.grpc.server.GrpcServerProtocolClient.requestVote(GrpcServerProtocolClient.java:83)
	at org.apache.ratis.grpc.server.GrpcService.requestVote(GrpcService.java:194)
	at org.apache.ratis.server.impl.LeaderElection.lambda$submitRequests$1(LeaderElection.java:237)
	at java.util.concurrent.FutureTask.run(FutureTask.java:266)
	at java.util.concurrent.Executors$RunnableAdapter.call(Executors.java:511)
	at java.util.concurrent.FutureTask.run(FutureTask.java:266)
	at java.util.concurrent.ThreadPoolExecutor.runWorker(ThreadPoolExecutor.java:1149)
	at java.util.concurrent.ThreadPoolExecutor$Worker.run(ThreadPoolExecutor.java:624)
	... 1 more
Caused by: org.apache.ratis.thirdparty.io.netty.channel.AbstractChannel$AnnotatedConnectException: Connection refused: /192.168.19.22:38725
	at sun.nio.ch.SocketChannelImpl.checkConnect(Native Method)
	at sun.nio.ch.SocketChannelImpl.finishConnect(SocketChannelImpl.java:717)
	at org.apache.ratis.thirdparty.io.netty.channel.socket.nio.NioSocketChannel.doFinishConnect(NioSocketChannel.java:327)
	at org.apache.ratis.thirdparty.io.netty.channel.nio.AbstractNioChannel$AbstractNioUnsafe.finishConnect(AbstractNioChannel.java:340)
	at org.apache.ratis.thirdparty.io.netty.channel.nio.NioEventLoop.processSelectedKey(NioEventLoop.java:632)
	at org.apache.ratis.thirdparty.io.netty.channel.nio.NioEventLoop.processSelectedKeysOptimized(NioEventLoop.java:579)
	at org.apache.ratis.thirdparty.io.netty.channel.nio.NioEventLoop.processSelectedKeys(NioEventLoop.java:496)
	at org.apache.ratis.thirdparty.io.netty.channel.nio.NioEventLoop.run(NioEventLoop.java:458)
	at org.apache.ratis.thirdparty.io.netty.util.concurrent.SingleThreadEventExecutor$5.run(SingleThreadEventExecutor.java:897)
	at org.apache.ratis.thirdparty.io.netty.util.concurrent.FastThreadLocalRunnable.run(FastThreadLocalRunnable.java:30)
	... 1 more
Caused by: java.net.ConnectException: Connection refused
	... 11 more
2019-06-12 21:48:15,956 INFO  impl.LeaderElection (LeaderElection.java:logAndReturn(56)) - 3f8817b0-eef6-4e90-9b79-731f1b7fec5a:group-FF90A65AEEB2:LeaderElection63: Election REJECTED; received 0 response(s) [] and 2 exception(s); 3f8817b0-eef6-4e90-9b79-731f1b7fec5a:t6, leader=null, voted=3f8817b0-eef6-4e90-9b79-731f1b7fec5a, raftlog=3f8817b0-eef6-4e90-9b79-731f1b7fec5a-SegmentedRaftLog:OPENED:c-1,f-1,i0, conf=-1: [c4d5cc8b-1118-4e63-9384-83c019eb0c8c:192.168.19.22:38725, 3f8817b0-eef6-4e90-9b79-731f1b7fec5a:192.168.19.22:42669, ccf94851-c3c9-48d5-9574-5270386f6108:192.168.19.22:42761], old=null
2019-06-12 21:48:15,956 INFO  impl.LeaderElection (LogUtils.java:infoOrTrace(149)) -   Exception 0: {}
java.util.concurrent.ExecutionException: org.apache.ratis.thirdparty.io.grpc.StatusRuntimeException: UNAVAILABLE: io exception
	at java.util.concurrent.FutureTask.report(FutureTask.java:122)
	at java.util.concurrent.FutureTask.get(FutureTask.java:192)
	at org.apache.ratis.server.impl.LeaderElection.waitForResults(LeaderElection.java:262)
	at org.apache.ratis.server.impl.LeaderElection.askForVotes(LeaderElection.java:200)
	at org.apache.ratis.server.impl.LeaderElection.run(LeaderElection.java:130)
	at java.lang.Thread.run(Thread.java:748)
Caused by: org.apache.ratis.thirdparty.io.grpc.StatusRuntimeException: UNAVAILABLE: io exception
	at org.apache.ratis.thirdparty.io.grpc.stub.ClientCalls.toStatusRuntimeException(ClientCalls.java:233)
	at org.apache.ratis.thirdparty.io.grpc.stub.ClientCalls.getUnchecked(ClientCalls.java:214)
	at org.apache.ratis.thirdparty.io.grpc.stub.ClientCalls.blockingUnaryCall(ClientCalls.java:139)
	at org.apache.ratis.proto.grpc.RaftServerProtocolServiceGrpc$RaftServerProtocolServiceBlockingStub.requestVote(RaftServerProtocolServiceGrpc.java:265)
	at org.apache.ratis.grpc.server.GrpcServerProtocolClient.requestVote(GrpcServerProtocolClient.java:83)
	at org.apache.ratis.grpc.server.GrpcService.requestVote(GrpcService.java:194)
	at org.apache.ratis.server.impl.LeaderElection.lambda$submitRequests$1(LeaderElection.java:237)
	at java.util.concurrent.FutureTask.run(FutureTask.java:266)
	at java.util.concurrent.Executors$RunnableAdapter.call(Executors.java:511)
	at java.util.concurrent.FutureTask.run(FutureTask.java:266)
	at java.util.concurrent.ThreadPoolExecutor.runWorker(ThreadPoolExecutor.java:1149)
	at java.util.concurrent.ThreadPoolExecutor$Worker.run(ThreadPoolExecutor.java:624)
	... 1 more
Caused by: org.apache.ratis.thirdparty.io.netty.channel.AbstractChannel$AnnotatedConnectException: Connection refused: /192.168.19.22:42761
	at sun.nio.ch.SocketChannelImpl.checkConnect(Native Method)
	at sun.nio.ch.SocketChannelImpl.finishConnect(SocketChannelImpl.java:717)
	at org.apache.ratis.thirdparty.io.netty.channel.socket.nio.NioSocketChannel.doFinishConnect(NioSocketChannel.java:327)
	at org.apache.ratis.thirdparty.io.netty.channel.nio.AbstractNioChannel$AbstractNioUnsafe.finishConnect(AbstractNioChannel.java:340)
	at org.apache.ratis.thirdparty.io.netty.channel.nio.NioEventLoop.processSelectedKey(NioEventLoop.java:632)
	at org.apache.ratis.thirdparty.io.netty.channel.nio.NioEventLoop.processSelectedKeysOptimized(NioEventLoop.java:579)
	at org.apache.ratis.thirdparty.io.netty.channel.nio.NioEventLoop.processSelectedKeys(NioEventLoop.java:496)
	at org.apache.ratis.thirdparty.io.netty.channel.nio.NioEventLoop.run(NioEventLoop.java:458)
	at org.apache.ratis.thirdparty.io.netty.util.concurrent.SingleThreadEventExecutor$5.run(SingleThreadEventExecutor.java:897)
	at org.apache.ratis.thirdparty.io.netty.util.concurrent.FastThreadLocalRunnable.run(FastThreadLocalRunnable.java:30)
	... 1 more
Caused by: java.net.ConnectException: Connection refused
	... 11 more
2019-06-12 21:48:15,956 INFO  impl.LeaderElection (LogUtils.java:infoOrTrace(149)) -   Exception 1: {}
java.util.concurrent.ExecutionException: org.apache.ratis.thirdparty.io.grpc.StatusRuntimeException: UNAVAILABLE: io exception
	at java.util.concurrent.FutureTask.report(FutureTask.java:122)
	at java.util.concurrent.FutureTask.get(FutureTask.java:192)
	at org.apache.ratis.server.impl.LeaderElection.waitForResults(LeaderElection.java:262)
	at org.apache.ratis.server.impl.LeaderElection.askForVotes(LeaderElection.java:200)
	at org.apache.ratis.server.impl.LeaderElection.run(LeaderElection.java:130)
	at java.lang.Thread.run(Thread.java:748)
Caused by: org.apache.ratis.thirdparty.io.grpc.StatusRuntimeException: UNAVAILABLE: io exception
	at org.apache.ratis.thirdparty.io.grpc.stub.ClientCalls.toStatusRuntimeException(ClientCalls.java:233)
	at org.apache.ratis.thirdparty.io.grpc.stub.ClientCalls.getUnchecked(ClientCalls.java:214)
	at org.apache.ratis.thirdparty.io.grpc.stub.ClientCalls.blockingUnaryCall(ClientCalls.java:139)
	at org.apache.ratis.proto.grpc.RaftServerProtocolServiceGrpc$RaftServerProtocolServiceBlockingStub.requestVote(RaftServerProtocolServiceGrpc.java:265)
	at org.apache.ratis.grpc.server.GrpcServerProtocolClient.requestVote(GrpcServerProtocolClient.java:83)
	at org.apache.ratis.grpc.server.GrpcService.requestVote(GrpcService.java:194)
	at org.apache.ratis.server.impl.LeaderElection.lambda$submitRequests$1(LeaderElection.java:237)
	at java.util.concurrent.FutureTask.run(FutureTask.java:266)
	at java.util.concurrent.Executors$RunnableAdapter.call(Executors.java:511)
	at java.util.concurrent.FutureTask.run(FutureTask.java:266)
	at java.util.concurrent.ThreadPoolExecutor.runWorker(ThreadPoolExecutor.java:1149)
	at java.util.concurrent.ThreadPoolExecutor$Worker.run(ThreadPoolExecutor.java:624)
	... 1 more
Caused by: org.apache.ratis.thirdparty.io.netty.channel.AbstractChannel$AnnotatedConnectException: Connection refused: /192.168.19.22:38725
	at sun.nio.ch.SocketChannelImpl.checkConnect(Native Method)
	at sun.nio.ch.SocketChannelImpl.finishConnect(SocketChannelImpl.java:717)
	at org.apache.ratis.thirdparty.io.netty.channel.socket.nio.NioSocketChannel.doFinishConnect(NioSocketChannel.java:327)
	at org.apache.ratis.thirdparty.io.netty.channel.nio.AbstractNioChannel$AbstractNioUnsafe.finishConnect(AbstractNioChannel.java:340)
	at org.apache.ratis.thirdparty.io.netty.channel.nio.NioEventLoop.processSelectedKey(NioEventLoop.java:632)
	at org.apache.ratis.thirdparty.io.netty.channel.nio.NioEventLoop.processSelectedKeysOptimized(NioEventLoop.java:579)
	at org.apache.ratis.thirdparty.io.netty.channel.nio.NioEventLoop.processSelectedKeys(NioEventLoop.java:496)
	at org.apache.ratis.thirdparty.io.netty.channel.nio.NioEventLoop.run(NioEventLoop.java:458)
	at org.apache.ratis.thirdparty.io.netty.util.concurrent.SingleThreadEventExecutor$5.run(SingleThreadEventExecutor.java:897)
	at org.apache.ratis.thirdparty.io.netty.util.concurrent.FastThreadLocalRunnable.run(FastThreadLocalRunnable.java:30)
	... 1 more
Caused by: java.net.ConnectException: Connection refused
	... 11 more
2019-06-12 21:48:15,957 INFO  impl.RaftServerImpl (RaftServerImpl.java:setRole(164)) - 3f8817b0-eef6-4e90-9b79-731f1b7fec5a:group-FF90A65AEEB2 changes role from CANDIDATE to FOLLOWER at term 6 for DISCOVERED_A_NEW_TERM
2019-06-12 21:48:15,957 INFO  impl.RoleInfo (RoleInfo.java:shutdownLeaderElection(134)) - 3f8817b0-eef6-4e90-9b79-731f1b7fec5a: shutdown LeaderElection
2019-06-12 21:48:15,957 INFO  impl.RoleInfo (RoleInfo.java:updateAndGet(143)) - 3f8817b0-eef6-4e90-9b79-731f1b7fec5a: start FollowerState
2019-06-12 21:48:16,127 INFO  client.GrpcClientProtocolClient (GrpcClientProtocolClient.java:onNext(254)) - client-C0DFA57B848A->3f8817b0-eef6-4e90-9b79-731f1b7fec5a: receive RaftClientReply:client-C0DFA57B848A->3f8817b0-eef6-4e90-9b79-731f1b7fec5a@group-FF90A65AEEB2, cid=97, FAILED org.apache.ratis.protocol.NotLeaderException: Server 3f8817b0-eef6-4e90-9b79-731f1b7fec5a is not the leader (ccf94851-c3c9-48d5-9574-5270386f6108:192.168.19.22:42761). Request must be sent to leader., logIndex=0, commits[3f8817b0-eef6-4e90-9b79-731f1b7fec5a:c-1]
2019-06-12 21:48:16,132 WARN  client.GrpcClientProtocolService (LogUtils.java:warn(134)) - 1-OrderedRequestStreamObserver1: onError: org.apache.ratis.thirdparty.io.grpc.StatusRuntimeException: CANCELLED: cancelled before receiving half close
2019-06-12 21:48:17,129 INFO  impl.FollowerState (FollowerState.java:run(101)) - 3f8817b0-eef6-4e90-9b79-731f1b7fec5a:group-FF90A65AEEB2 changes to CANDIDATE, lastRpcTime:1172, electionTimeout:1172ms
2019-06-12 21:48:17,129 INFO  impl.RoleInfo (RoleInfo.java:shutdownFollowerState(121)) - 3f8817b0-eef6-4e90-9b79-731f1b7fec5a: shutdown FollowerState
2019-06-12 21:48:17,129 INFO  impl.RaftServerImpl (RaftServerImpl.java:setRole(164)) - 3f8817b0-eef6-4e90-9b79-731f1b7fec5a:group-FF90A65AEEB2 changes role from FOLLOWER to CANDIDATE at term 6 for changeToCandidate
2019-06-12 21:48:17,129 INFO  impl.RoleInfo (RoleInfo.java:updateAndGet(143)) - 3f8817b0-eef6-4e90-9b79-731f1b7fec5a: start LeaderElection
2019-06-12 21:48:17,132 INFO  impl.LeaderElection (LeaderElection.java:askForVotes(181)) - 3f8817b0-eef6-4e90-9b79-731f1b7fec5a:group-FF90A65AEEB2:LeaderElection64: begin an election at term 7 for -1: [c4d5cc8b-1118-4e63-9384-83c019eb0c8c:192.168.19.22:38725, 3f8817b0-eef6-4e90-9b79-731f1b7fec5a:192.168.19.22:42669, ccf94851-c3c9-48d5-9574-5270386f6108:192.168.19.22:42761], old=null
2019-06-12 21:48:17,133 INFO  impl.LeaderElection (LogUtils.java:infoOrTrace(149)) - 3f8817b0-eef6-4e90-9b79-731f1b7fec5a:group-FF90A65AEEB2:LeaderElection64 got exception when requesting votes: {}
java.util.concurrent.ExecutionException: org.apache.ratis.thirdparty.io.grpc.StatusRuntimeException: UNAVAILABLE: io exception
	at java.util.concurrent.FutureTask.report(FutureTask.java:122)
	at java.util.concurrent.FutureTask.get(FutureTask.java:192)
	at org.apache.ratis.server.impl.LeaderElection.waitForResults(LeaderElection.java:262)
	at org.apache.ratis.server.impl.LeaderElection.askForVotes(LeaderElection.java:200)
	at org.apache.ratis.server.impl.LeaderElection.run(LeaderElection.java:130)
	at java.lang.Thread.run(Thread.java:748)
Caused by: org.apache.ratis.thirdparty.io.grpc.StatusRuntimeException: UNAVAILABLE: io exception
	at org.apache.ratis.thirdparty.io.grpc.stub.ClientCalls.toStatusRuntimeException(ClientCalls.java:233)
	at org.apache.ratis.thirdparty.io.grpc.stub.ClientCalls.getUnchecked(ClientCalls.java:214)
	at org.apache.ratis.thirdparty.io.grpc.stub.ClientCalls.blockingUnaryCall(ClientCalls.java:139)
	at org.apache.ratis.proto.grpc.RaftServerProtocolServiceGrpc$RaftServerProtocolServiceBlockingStub.requestVote(RaftServerProtocolServiceGrpc.java:265)
	at org.apache.ratis.grpc.server.GrpcServerProtocolClient.requestVote(GrpcServerProtocolClient.java:83)
	at org.apache.ratis.grpc.server.GrpcService.requestVote(GrpcService.java:194)
	at org.apache.ratis.server.impl.LeaderElection.lambda$submitRequests$1(LeaderElection.java:237)
	at java.util.concurrent.FutureTask.run(FutureTask.java:266)
	at java.util.concurrent.Executors$RunnableAdapter.call(Executors.java:511)
	at java.util.concurrent.FutureTask.run(FutureTask.java:266)
	at java.util.concurrent.ThreadPoolExecutor.runWorker(ThreadPoolExecutor.java:1149)
	at java.util.concurrent.ThreadPoolExecutor$Worker.run(ThreadPoolExecutor.java:624)
	... 1 more
Caused by: org.apache.ratis.thirdparty.io.netty.channel.AbstractChannel$AnnotatedConnectException: Connection refused: /192.168.19.22:38725
	at sun.nio.ch.SocketChannelImpl.checkConnect(Native Method)
	at sun.nio.ch.SocketChannelImpl.finishConnect(SocketChannelImpl.java:717)
	at org.apache.ratis.thirdparty.io.netty.channel.socket.nio.NioSocketChannel.doFinishConnect(NioSocketChannel.java:327)
	at org.apache.ratis.thirdparty.io.netty.channel.nio.AbstractNioChannel$AbstractNioUnsafe.finishConnect(AbstractNioChannel.java:340)
	at org.apache.ratis.thirdparty.io.netty.channel.nio.NioEventLoop.processSelectedKey(NioEventLoop.java:632)
	at org.apache.ratis.thirdparty.io.netty.channel.nio.NioEventLoop.processSelectedKeysOptimized(NioEventLoop.java:579)
	at org.apache.ratis.thirdparty.io.netty.channel.nio.NioEventLoop.processSelectedKeys(NioEventLoop.java:496)
	at org.apache.ratis.thirdparty.io.netty.channel.nio.NioEventLoop.run(NioEventLoop.java:458)
	at org.apache.ratis.thirdparty.io.netty.util.concurrent.SingleThreadEventExecutor$5.run(SingleThreadEventExecutor.java:897)
	at org.apache.ratis.thirdparty.io.netty.util.concurrent.FastThreadLocalRunnable.run(FastThreadLocalRunnable.java:30)
	... 1 more
Caused by: java.net.ConnectException: Connection refused
	... 11 more
2019-06-12 21:48:17,139 INFO  impl.LeaderElection (LogUtils.java:infoOrTrace(149)) - 3f8817b0-eef6-4e90-9b79-731f1b7fec5a:group-FF90A65AEEB2:LeaderElection64 got exception when requesting votes: {}
java.util.concurrent.ExecutionException: org.apache.ratis.thirdparty.io.grpc.StatusRuntimeException: UNAVAILABLE: io exception
	at java.util.concurrent.FutureTask.report(FutureTask.java:122)
	at java.util.concurrent.FutureTask.get(FutureTask.java:192)
	at org.apache.ratis.server.impl.LeaderElection.waitForResults(LeaderElection.java:262)
	at org.apache.ratis.server.impl.LeaderElection.askForVotes(LeaderElection.java:200)
	at org.apache.ratis.server.impl.LeaderElection.run(LeaderElection.java:130)
	at java.lang.Thread.run(Thread.java:748)
Caused by: org.apache.ratis.thirdparty.io.grpc.StatusRuntimeException: UNAVAILABLE: io exception
	at org.apache.ratis.thirdparty.io.grpc.stub.ClientCalls.toStatusRuntimeException(ClientCalls.java:233)
	at org.apache.ratis.thirdparty.io.grpc.stub.ClientCalls.getUnchecked(ClientCalls.java:214)
	at org.apache.ratis.thirdparty.io.grpc.stub.ClientCalls.blockingUnaryCall(ClientCalls.java:139)
	at org.apache.ratis.proto.grpc.RaftServerProtocolServiceGrpc$RaftServerProtocolServiceBlockingStub.requestVote(RaftServerProtocolServiceGrpc.java:265)
	at org.apache.ratis.grpc.server.GrpcServerProtocolClient.requestVote(GrpcServerProtocolClient.java:83)
	at org.apache.ratis.grpc.server.GrpcService.requestVote(GrpcService.java:194)
	at org.apache.ratis.server.impl.LeaderElection.lambda$submitRequests$1(LeaderElection.java:237)
	at java.util.concurrent.FutureTask.run(FutureTask.java:266)
	at java.util.concurrent.Executors$RunnableAdapter.call(Executors.java:511)
	at java.util.concurrent.FutureTask.run(FutureTask.java:266)
	at java.util.concurrent.ThreadPoolExecutor.runWorker(ThreadPoolExecutor.java:1149)
	at java.util.concurrent.ThreadPoolExecutor$Worker.run(ThreadPoolExecutor.java:624)
	... 1 more
Caused by: org.apache.ratis.thirdparty.io.netty.channel.AbstractChannel$AnnotatedConnectException: Connection refused: /192.168.19.22:42761
	at sun.nio.ch.SocketChannelImpl.checkConnect(Native Method)
	at sun.nio.ch.SocketChannelImpl.finishConnect(SocketChannelImpl.java:717)
	at org.apache.ratis.thirdparty.io.netty.channel.socket.nio.NioSocketChannel.doFinishConnect(NioSocketChannel.java:327)
	at org.apache.ratis.thirdparty.io.netty.channel.nio.AbstractNioChannel$AbstractNioUnsafe.finishConnect(AbstractNioChannel.java:340)
	at org.apache.ratis.thirdparty.io.netty.channel.nio.NioEventLoop.processSelectedKey(NioEventLoop.java:632)
	at org.apache.ratis.thirdparty.io.netty.channel.nio.NioEventLoop.processSelectedKeysOptimized(NioEventLoop.java:579)
	at org.apache.ratis.thirdparty.io.netty.channel.nio.NioEventLoop.processSelectedKeys(NioEventLoop.java:496)
	at org.apache.ratis.thirdparty.io.netty.channel.nio.NioEventLoop.run(NioEventLoop.java:458)
	at org.apache.ratis.thirdparty.io.netty.util.concurrent.SingleThreadEventExecutor$5.run(SingleThreadEventExecutor.java:897)
	at org.apache.ratis.thirdparty.io.netty.util.concurrent.FastThreadLocalRunnable.run(FastThreadLocalRunnable.java:30)
	... 1 more
Caused by: java.net.ConnectException: Connection refused
	... 11 more
2019-06-12 21:48:17,149 INFO  impl.LeaderElection (LeaderElection.java:logAndReturn(56)) - 3f8817b0-eef6-4e90-9b79-731f1b7fec5a:group-FF90A65AEEB2:LeaderElection64: Election REJECTED; received 0 response(s) [] and 2 exception(s); 3f8817b0-eef6-4e90-9b79-731f1b7fec5a:t7, leader=null, voted=3f8817b0-eef6-4e90-9b79-731f1b7fec5a, raftlog=3f8817b0-eef6-4e90-9b79-731f1b7fec5a-SegmentedRaftLog:OPENED:c-1,f-1,i0, conf=-1: [c4d5cc8b-1118-4e63-9384-83c019eb0c8c:192.168.19.22:38725, 3f8817b0-eef6-4e90-9b79-731f1b7fec5a:192.168.19.22:42669, ccf94851-c3c9-48d5-9574-5270386f6108:192.168.19.22:42761], old=null
2019-06-12 21:48:17,152 INFO  impl.LeaderElection (LogUtils.java:infoOrTrace(149)) -   Exception 0: {}
java.util.concurrent.ExecutionException: org.apache.ratis.thirdparty.io.grpc.StatusRuntimeException: UNAVAILABLE: io exception
	at java.util.concurrent.FutureTask.report(FutureTask.java:122)
	at java.util.concurrent.FutureTask.get(FutureTask.java:192)
	at org.apache.ratis.server.impl.LeaderElection.waitForResults(LeaderElection.java:262)
	at org.apache.ratis.server.impl.LeaderElection.askForVotes(LeaderElection.java:200)
	at org.apache.ratis.server.impl.LeaderElection.run(LeaderElection.java:130)
	at java.lang.Thread.run(Thread.java:748)
Caused by: org.apache.ratis.thirdparty.io.grpc.StatusRuntimeException: UNAVAILABLE: io exception
	at org.apache.ratis.thirdparty.io.grpc.stub.ClientCalls.toStatusRuntimeException(ClientCalls.java:233)
	at org.apache.ratis.thirdparty.io.grpc.stub.ClientCalls.getUnchecked(ClientCalls.java:214)
	at org.apache.ratis.thirdparty.io.grpc.stub.ClientCalls.blockingUnaryCall(ClientCalls.java:139)
	at org.apache.ratis.proto.grpc.RaftServerProtocolServiceGrpc$RaftServerProtocolServiceBlockingStub.requestVote(RaftServerProtocolServiceGrpc.java:265)
	at org.apache.ratis.grpc.server.GrpcServerProtocolClient.requestVote(GrpcServerProtocolClient.java:83)
	at org.apache.ratis.grpc.server.GrpcService.requestVote(GrpcService.java:194)
	at org.apache.ratis.server.impl.LeaderElection.lambda$submitRequests$1(LeaderElection.java:237)
	at java.util.concurrent.FutureTask.run(FutureTask.java:266)
	at java.util.concurrent.Executors$RunnableAdapter.call(Executors.java:511)
	at java.util.concurrent.FutureTask.run(FutureTask.java:266)
	at java.util.concurrent.ThreadPoolExecutor.runWorker(ThreadPoolExecutor.java:1149)
	at java.util.concurrent.ThreadPoolExecutor$Worker.run(ThreadPoolExecutor.java:624)
	... 1 more
Caused by: org.apache.ratis.thirdparty.io.netty.channel.AbstractChannel$AnnotatedConnectException: Connection refused: /192.168.19.22:38725
	at sun.nio.ch.SocketChannelImpl.checkConnect(Native Method)
	at sun.nio.ch.SocketChannelImpl.finishConnect(SocketChannelImpl.java:717)
	at org.apache.ratis.thirdparty.io.netty.channel.socket.nio.NioSocketChannel.doFinishConnect(NioSocketChannel.java:327)
	at org.apache.ratis.thirdparty.io.netty.channel.nio.AbstractNioChannel$AbstractNioUnsafe.finishConnect(AbstractNioChannel.java:340)
	at org.apache.ratis.thirdparty.io.netty.channel.nio.NioEventLoop.processSelectedKey(NioEventLoop.java:632)
	at org.apache.ratis.thirdparty.io.netty.channel.nio.NioEventLoop.processSelectedKeysOptimized(NioEventLoop.java:579)
	at org.apache.ratis.thirdparty.io.netty.channel.nio.NioEventLoop.processSelectedKeys(NioEventLoop.java:496)
	at org.apache.ratis.thirdparty.io.netty.channel.nio.NioEventLoop.run(NioEventLoop.java:458)
	at org.apache.ratis.thirdparty.io.netty.util.concurrent.SingleThreadEventExecutor$5.run(SingleThreadEventExecutor.java:897)
	at org.apache.ratis.thirdparty.io.netty.util.concurrent.FastThreadLocalRunnable.run(FastThreadLocalRunnable.java:30)
	... 1 more
Caused by: java.net.ConnectException: Connection refused
	... 11 more
2019-06-12 21:48:17,152 WARN  io.KeyOutputStream (KeyOutputStream.java:handleException(276)) - Encountered exception java.io.IOException: Unexpected Storage Container Exception: java.util.concurrent.CompletionException: java.util.concurrent.CompletionException: org.apache.ratis.protocol.RaftRetryFailureException: Failed RaftClientRequest:client-C0DFA57B848A->c4d5cc8b-1118-4e63-9384-83c019eb0c8c@group-FF90A65AEEB2, cid=97, seq=1*, RW, org.apache.hadoop.hdds.scm.XceiverClientRatis$$Lambda$423/2046142189@5c2faca7 for 5 attempts with RetryLimited(maxAttempts=5, sleepTime=1000ms) on the pipeline Pipeline[ Id: 51e62971-cdd5-4157-b70a-ff90a65aeeb2, Nodes: c4d5cc8b-1118-4e63-9384-83c019eb0c8c{ip: 192.168.19.22, host: ozone-v57r8-234650721, networkLocation: /default-rack, certSerialId: null}ccf94851-c3c9-48d5-9574-5270386f6108{ip: 192.168.19.22, host: ozone-v57r8-234650721, networkLocation: /default-rack, certSerialId: null}3f8817b0-eef6-4e90-9b79-731f1b7fec5a{ip: 192.168.19.22, host: ozone-v57r8-234650721, networkLocation: /default-rack, certSerialId: null}, Type:RATIS, Factor:THREE, State:OPEN]. The last committed block length is 0, uncommitted data length is 1572864 retry count 0
2019-06-12 21:48:17,152 INFO  impl.LeaderElection (LogUtils.java:infoOrTrace(149)) -   Exception 1: {}
java.util.concurrent.ExecutionException: org.apache.ratis.thirdparty.io.grpc.StatusRuntimeException: UNAVAILABLE: io exception
	at java.util.concurrent.FutureTask.report(FutureTask.java:122)
	at java.util.concurrent.FutureTask.get(FutureTask.java:192)
	at org.apache.ratis.server.impl.LeaderElection.waitForResults(LeaderElection.java:262)
	at org.apache.ratis.server.impl.LeaderElection.askForVotes(LeaderElection.java:200)
	at org.apache.ratis.server.impl.LeaderElection.run(LeaderElection.java:130)
	at java.lang.Thread.run(Thread.java:748)
Caused by: org.apache.ratis.thirdparty.io.grpc.StatusRuntimeException: UNAVAILABLE: io exception
	at org.apache.ratis.thirdparty.io.grpc.stub.ClientCalls.toStatusRuntimeException(ClientCalls.java:233)
	at org.apache.ratis.thirdparty.io.grpc.stub.ClientCalls.getUnchecked(ClientCalls.java:214)
	at org.apache.ratis.thirdparty.io.grpc.stub.ClientCalls.blockingUnaryCall(ClientCalls.java:139)
	at org.apache.ratis.proto.grpc.RaftServerProtocolServiceGrpc$RaftServerProtocolServiceBlockingStub.requestVote(RaftServerProtocolServiceGrpc.java:265)
	at org.apache.ratis.grpc.server.GrpcServerProtocolClient.requestVote(GrpcServerProtocolClient.java:83)
	at org.apache.ratis.grpc.server.GrpcService.requestVote(GrpcService.java:194)
	at org.apache.ratis.server.impl.LeaderElection.lambda$submitRequests$1(LeaderElection.java:237)
	at java.util.concurrent.FutureTask.run(FutureTask.java:266)
	at java.util.concurrent.Executors$RunnableAdapter.call(Executors.java:511)
	at java.util.concurrent.FutureTask.run(FutureTask.java:266)
	at java.util.concurrent.ThreadPoolExecutor.runWorker(ThreadPoolExecutor.java:1149)
	at java.util.concurrent.ThreadPoolExecutor$Worker.run(ThreadPoolExecutor.java:624)
	... 1 more
Caused by: org.apache.ratis.thirdparty.io.netty.channel.AbstractChannel$AnnotatedConnectException: Connection refused: /192.168.19.22:42761
	at sun.nio.ch.SocketChannelImpl.checkConnect(Native Method)
	at sun.nio.ch.SocketChannelImpl.finishConnect(SocketChannelImpl.java:717)
	at org.apache.ratis.thirdparty.io.netty.channel.socket.nio.NioSocketChannel.doFinishConnect(NioSocketChannel.java:327)
	at org.apache.ratis.thirdparty.io.netty.channel.nio.AbstractNioChannel$AbstractNioUnsafe.finishConnect(AbstractNioChannel.java:340)
	at org.apache.ratis.thirdparty.io.netty.channel.nio.NioEventLoop.processSelectedKey(NioEventLoop.java:632)
	at org.apache.ratis.thirdparty.io.netty.channel.nio.NioEventLoop.processSelectedKeysOptimized(NioEventLoop.java:579)
	at org.apache.ratis.thirdparty.io.netty.channel.nio.NioEventLoop.processSelectedKeys(NioEventLoop.java:496)
	at org.apache.ratis.thirdparty.io.netty.channel.nio.NioEventLoop.run(NioEventLoop.java:458)
	at org.apache.ratis.thirdparty.io.netty.util.concurrent.SingleThreadEventExecutor$5.run(SingleThreadEventExecutor.java:897)
	at org.apache.ratis.thirdparty.io.netty.util.concurrent.FastThreadLocalRunnable.run(FastThreadLocalRunnable.java:30)
	... 1 more
Caused by: java.net.ConnectException: Connection refused
	... 11 more
2019-06-12 21:48:17,153 INFO  impl.RaftServerImpl (RaftServerImpl.java:setRole(164)) - 3f8817b0-eef6-4e90-9b79-731f1b7fec5a:group-FF90A65AEEB2 changes role from CANDIDATE to FOLLOWER at term 7 for DISCOVERED_A_NEW_TERM
2019-06-12 21:48:17,153 INFO  impl.RoleInfo (RoleInfo.java:shutdownLeaderElection(134)) - 3f8817b0-eef6-4e90-9b79-731f1b7fec5a: shutdown LeaderElection
2019-06-12 21:48:17,153 INFO  impl.RoleInfo (RoleInfo.java:updateAndGet(143)) - 3f8817b0-eef6-4e90-9b79-731f1b7fec5a: start FollowerState
2019-06-12 21:48:17,169 INFO  client.GrpcClientProtocolClient (GrpcClientProtocolClient.java:onNext(254)) - client-BA2925674EC2->7d8f18f1-5330-4557-b09a-125b0eb58979: receive RaftClientReply:client-BA2925674EC2->7d8f18f1-5330-4557-b09a-125b0eb58979@group-0861ECD987B7, cid=101, FAILED org.apache.ratis.protocol.NotLeaderException: Server 7d8f18f1-5330-4557-b09a-125b0eb58979 is not the leader (419156bc-2095-40ae-b588-af1fff80d41c:192.168.19.22:45855). Request must be sent to leader., logIndex=0, commits[7d8f18f1-5330-4557-b09a-125b0eb58979:c0, 419156bc-2095-40ae-b588-af1fff80d41c:c0, 543fe4b3-1818-4686-bf5b-7d69e498731f:c0]
2019-06-12 21:48:17,176 WARN  client.GrpcClientProtocolService (LogUtils.java:warn(134)) - 0-OrderedRequestStreamObserver0: onError: org.apache.ratis.thirdparty.io.grpc.StatusRuntimeException: CANCELLED: cancelled before receiving half close
2019-06-12 21:48:18,192 INFO  client.GrpcClientProtocolClient (GrpcClientProtocolClient.java:onNext(254)) - client-BA2925674EC2->543fe4b3-1818-4686-bf5b-7d69e498731f: receive RaftClientReply:client-BA2925674EC2->543fe4b3-1818-4686-bf5b-7d69e498731f@group-0861ECD987B7, cid=101, FAILED org.apache.ratis.protocol.NotLeaderException: Server 543fe4b3-1818-4686-bf5b-7d69e498731f is not the leader (419156bc-2095-40ae-b588-af1fff80d41c:192.168.19.22:45855). Request must be sent to leader., logIndex=0, commits[543fe4b3-1818-4686-bf5b-7d69e498731f:c0, 419156bc-2095-40ae-b588-af1fff80d41c:c0, 7d8f18f1-5330-4557-b09a-125b0eb58979:c0]
2019-06-12 21:48:18,200 WARN  client.GrpcClientProtocolService (LogUtils.java:warn(134)) - 0-OrderedRequestStreamObserver0: onError: org.apache.ratis.thirdparty.io.grpc.StatusRuntimeException: CANCELLED: cancelled before receiving half close
2019-06-12 21:48:18,291 INFO  impl.FollowerState (FollowerState.java:run(101)) - 3f8817b0-eef6-4e90-9b79-731f1b7fec5a:group-FF90A65AEEB2 changes to CANDIDATE, lastRpcTime:1138, electionTimeout:1138ms
2019-06-12 21:48:18,291 INFO  impl.RoleInfo (RoleInfo.java:shutdownFollowerState(121)) - 3f8817b0-eef6-4e90-9b79-731f1b7fec5a: shutdown FollowerState
2019-06-12 21:48:18,291 INFO  impl.RaftServerImpl (RaftServerImpl.java:setRole(164)) - 3f8817b0-eef6-4e90-9b79-731f1b7fec5a:group-FF90A65AEEB2 changes role from FOLLOWER to CANDIDATE at term 7 for changeToCandidate
2019-06-12 21:48:18,292 INFO  impl.RoleInfo (RoleInfo.java:updateAndGet(143)) - 3f8817b0-eef6-4e90-9b79-731f1b7fec5a: start LeaderElection
2019-06-12 21:48:18,294 INFO  impl.LeaderElection (LeaderElection.java:askForVotes(181)) - 3f8817b0-eef6-4e90-9b79-731f1b7fec5a:group-FF90A65AEEB2:LeaderElection65: begin an election at term 8 for -1: [c4d5cc8b-1118-4e63-9384-83c019eb0c8c:192.168.19.22:38725, 3f8817b0-eef6-4e90-9b79-731f1b7fec5a:192.168.19.22:42669, ccf94851-c3c9-48d5-9574-5270386f6108:192.168.19.22:42761], old=null
2019-06-12 21:48:18,294 INFO  impl.LeaderElection (LogUtils.java:infoOrTrace(149)) - 3f8817b0-eef6-4e90-9b79-731f1b7fec5a:group-FF90A65AEEB2:LeaderElection65 got exception when requesting votes: {}
java.util.concurrent.ExecutionException: org.apache.ratis.thirdparty.io.grpc.StatusRuntimeException: UNAVAILABLE: io exception
	at java.util.concurrent.FutureTask.report(FutureTask.java:122)
	at java.util.concurrent.FutureTask.get(FutureTask.java:192)
	at org.apache.ratis.server.impl.LeaderElection.waitForResults(LeaderElection.java:262)
	at org.apache.ratis.server.impl.LeaderElection.askForVotes(LeaderElection.java:200)
	at org.apache.ratis.server.impl.LeaderElection.run(LeaderElection.java:130)
	at java.lang.Thread.run(Thread.java:748)
Caused by: org.apache.ratis.thirdparty.io.grpc.StatusRuntimeException: UNAVAILABLE: io exception
	at org.apache.ratis.thirdparty.io.grpc.stub.ClientCalls.toStatusRuntimeException(ClientCalls.java:233)
	at org.apache.ratis.thirdparty.io.grpc.stub.ClientCalls.getUnchecked(ClientCalls.java:214)
	at org.apache.ratis.thirdparty.io.grpc.stub.ClientCalls.blockingUnaryCall(ClientCalls.java:139)
	at org.apache.ratis.proto.grpc.RaftServerProtocolServiceGrpc$RaftServerProtocolServiceBlockingStub.requestVote(RaftServerProtocolServiceGrpc.java:265)
	at org.apache.ratis.grpc.server.GrpcServerProtocolClient.requestVote(GrpcServerProtocolClient.java:83)
	at org.apache.ratis.grpc.server.GrpcService.requestVote(GrpcService.java:194)
	at org.apache.ratis.server.impl.LeaderElection.lambda$submitRequests$1(LeaderElection.java:237)
	at java.util.concurrent.FutureTask.run(FutureTask.java:266)
	at java.util.concurrent.Executors$RunnableAdapter.call(Executors.java:511)
	at java.util.concurrent.FutureTask.run(FutureTask.java:266)
	at java.util.concurrent.ThreadPoolExecutor.runWorker(ThreadPoolExecutor.java:1149)
	at java.util.concurrent.ThreadPoolExecutor$Worker.run(ThreadPoolExecutor.java:624)
	... 1 more
Caused by: org.apache.ratis.thirdparty.io.netty.channel.AbstractChannel$AnnotatedConnectException: Connection refused: /192.168.19.22:42761
	at sun.nio.ch.SocketChannelImpl.checkConnect(Native Method)
	at sun.nio.ch.SocketChannelImpl.finishConnect(SocketChannelImpl.java:717)
	at org.apache.ratis.thirdparty.io.netty.channel.socket.nio.NioSocketChannel.doFinishConnect(NioSocketChannel.java:327)
	at org.apache.ratis.thirdparty.io.netty.channel.nio.AbstractNioChannel$AbstractNioUnsafe.finishConnect(AbstractNioChannel.java:340)
	at org.apache.ratis.thirdparty.io.netty.channel.nio.NioEventLoop.processSelectedKey(NioEventLoop.java:632)
	at org.apache.ratis.thirdparty.io.netty.channel.nio.NioEventLoop.processSelectedKeysOptimized(NioEventLoop.java:579)
	at org.apache.ratis.thirdparty.io.netty.channel.nio.NioEventLoop.processSelectedKeys(NioEventLoop.java:496)
	at org.apache.ratis.thirdparty.io.netty.channel.nio.NioEventLoop.run(NioEventLoop.java:458)
	at org.apache.ratis.thirdparty.io.netty.util.concurrent.SingleThreadEventExecutor$5.run(SingleThreadEventExecutor.java:897)
	at org.apache.ratis.thirdparty.io.netty.util.concurrent.FastThreadLocalRunnable.run(FastThreadLocalRunnable.java:30)
	... 1 more
Caused by: java.net.ConnectException: Connection refused
	... 11 more
2019-06-12 21:48:18,298 INFO  impl.LeaderElection (LogUtils.java:infoOrTrace(149)) - 3f8817b0-eef6-4e90-9b79-731f1b7fec5a:group-FF90A65AEEB2:LeaderElection65 got exception when requesting votes: {}
java.util.concurrent.ExecutionException: org.apache.ratis.thirdparty.io.grpc.StatusRuntimeException: UNAVAILABLE: io exception
	at java.util.concurrent.FutureTask.report(FutureTask.java:122)
	at java.util.concurrent.FutureTask.get(FutureTask.java:192)
	at org.apache.ratis.server.impl.LeaderElection.waitForResults(LeaderElection.java:262)
	at org.apache.ratis.server.impl.LeaderElection.askForVotes(LeaderElection.java:200)
	at org.apache.ratis.server.impl.LeaderElection.run(LeaderElection.java:130)
	at java.lang.Thread.run(Thread.java:748)
Caused by: org.apache.ratis.thirdparty.io.grpc.StatusRuntimeException: UNAVAILABLE: io exception
	at org.apache.ratis.thirdparty.io.grpc.stub.ClientCalls.toStatusRuntimeException(ClientCalls.java:233)
	at org.apache.ratis.thirdparty.io.grpc.stub.ClientCalls.getUnchecked(ClientCalls.java:214)
	at org.apache.ratis.thirdparty.io.grpc.stub.ClientCalls.blockingUnaryCall(ClientCalls.java:139)
	at org.apache.ratis.proto.grpc.RaftServerProtocolServiceGrpc$RaftServerProtocolServiceBlockingStub.requestVote(RaftServerProtocolServiceGrpc.java:265)
	at org.apache.ratis.grpc.server.GrpcServerProtocolClient.requestVote(GrpcServerProtocolClient.java:83)
	at org.apache.ratis.grpc.server.GrpcService.requestVote(GrpcService.java:194)
	at org.apache.ratis.server.impl.LeaderElection.lambda$submitRequests$1(LeaderElection.java:237)
	at java.util.concurrent.FutureTask.run(FutureTask.java:266)
	at java.util.concurrent.Executors$RunnableAdapter.call(Executors.java:511)
	at java.util.concurrent.FutureTask.run(FutureTask.java:266)
	at java.util.concurrent.ThreadPoolExecutor.runWorker(ThreadPoolExecutor.java:1149)
	at java.util.concurrent.ThreadPoolExecutor$Worker.run(ThreadPoolExecutor.java:624)
	... 1 more
Caused by: org.apache.ratis.thirdparty.io.netty.channel.AbstractChannel$AnnotatedConnectException: Connection refused: /192.168.19.22:38725
	at sun.nio.ch.SocketChannelImpl.checkConnect(Native Method)
	at sun.nio.ch.SocketChannelImpl.finishConnect(SocketChannelImpl.java:717)
	at org.apache.ratis.thirdparty.io.netty.channel.socket.nio.NioSocketChannel.doFinishConnect(NioSocketChannel.java:327)
	at org.apache.ratis.thirdparty.io.netty.channel.nio.AbstractNioChannel$AbstractNioUnsafe.finishConnect(AbstractNioChannel.java:340)
	at org.apache.ratis.thirdparty.io.netty.channel.nio.NioEventLoop.processSelectedKey(NioEventLoop.java:632)
	at org.apache.ratis.thirdparty.io.netty.channel.nio.NioEventLoop.processSelectedKeysOptimized(NioEventLoop.java:579)
	at org.apache.ratis.thirdparty.io.netty.channel.nio.NioEventLoop.processSelectedKeys(NioEventLoop.java:496)
	at org.apache.ratis.thirdparty.io.netty.channel.nio.NioEventLoop.run(NioEventLoop.java:458)
	at org.apache.ratis.thirdparty.io.netty.util.concurrent.SingleThreadEventExecutor$5.run(SingleThreadEventExecutor.java:897)
	at org.apache.ratis.thirdparty.io.netty.util.concurrent.FastThreadLocalRunnable.run(FastThreadLocalRunnable.java:30)
	... 1 more
Caused by: java.net.ConnectException: Connection refused
	... 11 more
2019-06-12 21:48:18,304 INFO  impl.LeaderElection (LeaderElection.java:logAndReturn(56)) - 3f8817b0-eef6-4e90-9b79-731f1b7fec5a:group-FF90A65AEEB2:LeaderElection65: Election REJECTED; received 0 response(s) [] and 2 exception(s); 3f8817b0-eef6-4e90-9b79-731f1b7fec5a:t8, leader=null, voted=3f8817b0-eef6-4e90-9b79-731f1b7fec5a, raftlog=3f8817b0-eef6-4e90-9b79-731f1b7fec5a-SegmentedRaftLog:OPENED:c-1,f-1,i0, conf=-1: [c4d5cc8b-1118-4e63-9384-83c019eb0c8c:192.168.19.22:38725, 3f8817b0-eef6-4e90-9b79-731f1b7fec5a:192.168.19.22:42669, ccf94851-c3c9-48d5-9574-5270386f6108:192.168.19.22:42761], old=null
2019-06-12 21:48:18,305 INFO  impl.LeaderElection (LogUtils.java:infoOrTrace(149)) -   Exception 0: {}
java.util.concurrent.ExecutionException: org.apache.ratis.thirdparty.io.grpc.StatusRuntimeException: UNAVAILABLE: io exception
	at java.util.concurrent.FutureTask.report(FutureTask.java:122)
	at java.util.concurrent.FutureTask.get(FutureTask.java:192)
	at org.apache.ratis.server.impl.LeaderElection.waitForResults(LeaderElection.java:262)
	at org.apache.ratis.server.impl.LeaderElection.askForVotes(LeaderElection.java:200)
	at org.apache.ratis.server.impl.LeaderElection.run(LeaderElection.java:130)
	at java.lang.Thread.run(Thread.java:748)
Caused by: org.apache.ratis.thirdparty.io.grpc.StatusRuntimeException: UNAVAILABLE: io exception
	at org.apache.ratis.thirdparty.io.grpc.stub.ClientCalls.toStatusRuntimeException(ClientCalls.java:233)
	at org.apache.ratis.thirdparty.io.grpc.stub.ClientCalls.getUnchecked(ClientCalls.java:214)
	at org.apache.ratis.thirdparty.io.grpc.stub.ClientCalls.blockingUnaryCall(ClientCalls.java:139)
	at org.apache.ratis.proto.grpc.RaftServerProtocolServiceGrpc$RaftServerProtocolServiceBlockingStub.requestVote(RaftServerProtocolServiceGrpc.java:265)
	at org.apache.ratis.grpc.server.GrpcServerProtocolClient.requestVote(GrpcServerProtocolClient.java:83)
	at org.apache.ratis.grpc.server.GrpcService.requestVote(GrpcService.java:194)
	at org.apache.ratis.server.impl.LeaderElection.lambda$submitRequests$1(LeaderElection.java:237)
	at java.util.concurrent.FutureTask.run(FutureTask.java:266)
	at java.util.concurrent.Executors$RunnableAdapter.call(Executors.java:511)
	at java.util.concurrent.FutureTask.run(FutureTask.java:266)
	at java.util.concurrent.ThreadPoolExecutor.runWorker(ThreadPoolExecutor.java:1149)
	at java.util.concurrent.ThreadPoolExecutor$Worker.run(ThreadPoolExecutor.java:624)
	... 1 more
Caused by: org.apache.ratis.thirdparty.io.netty.channel.AbstractChannel$AnnotatedConnectException: Connection refused: /192.168.19.22:42761
	at sun.nio.ch.SocketChannelImpl.checkConnect(Native Method)
	at sun.nio.ch.SocketChannelImpl.finishConnect(SocketChannelImpl.java:717)
	at org.apache.ratis.thirdparty.io.netty.channel.socket.nio.NioSocketChannel.doFinishConnect(NioSocketChannel.java:327)
	at org.apache.ratis.thirdparty.io.netty.channel.nio.AbstractNioChannel$AbstractNioUnsafe.finishConnect(AbstractNioChannel.java:340)
	at org.apache.ratis.thirdparty.io.netty.channel.nio.NioEventLoop.processSelectedKey(NioEventLoop.java:632)
	at org.apache.ratis.thirdparty.io.netty.channel.nio.NioEventLoop.processSelectedKeysOptimized(NioEventLoop.java:579)
	at org.apache.ratis.thirdparty.io.netty.channel.nio.NioEventLoop.processSelectedKeys(NioEventLoop.java:496)
	at org.apache.ratis.thirdparty.io.netty.channel.nio.NioEventLoop.run(NioEventLoop.java:458)
	at org.apache.ratis.thirdparty.io.netty.util.concurrent.SingleThreadEventExecutor$5.run(SingleThreadEventExecutor.java:897)
	at org.apache.ratis.thirdparty.io.netty.util.concurrent.FastThreadLocalRunnable.run(FastThreadLocalRunnable.java:30)
	... 1 more
Caused by: java.net.ConnectException: Connection refused
	... 11 more
2019-06-12 21:48:18,305 INFO  impl.LeaderElection (LogUtils.java:infoOrTrace(149)) -   Exception 1: {}
java.util.concurrent.ExecutionException: org.apache.ratis.thirdparty.io.grpc.StatusRuntimeException: UNAVAILABLE: io exception
	at java.util.concurrent.FutureTask.report(FutureTask.java:122)
	at java.util.concurrent.FutureTask.get(FutureTask.java:192)
	at org.apache.ratis.server.impl.LeaderElection.waitForResults(LeaderElection.java:262)
	at org.apache.ratis.server.impl.LeaderElection.askForVotes(LeaderElection.java:200)
	at org.apache.ratis.server.impl.LeaderElection.run(LeaderElection.java:130)
	at java.lang.Thread.run(Thread.java:748)
Caused by: org.apache.ratis.thirdparty.io.grpc.StatusRuntimeException: UNAVAILABLE: io exception
	at org.apache.ratis.thirdparty.io.grpc.stub.ClientCalls.toStatusRuntimeException(ClientCalls.java:233)
	at org.apache.ratis.thirdparty.io.grpc.stub.ClientCalls.getUnchecked(ClientCalls.java:214)
	at org.apache.ratis.thirdparty.io.grpc.stub.ClientCalls.blockingUnaryCall(ClientCalls.java:139)
	at org.apache.ratis.proto.grpc.RaftServerProtocolServiceGrpc$RaftServerProtocolServiceBlockingStub.requestVote(RaftServerProtocolServiceGrpc.java:265)
	at org.apache.ratis.grpc.server.GrpcServerProtocolClient.requestVote(GrpcServerProtocolClient.java:83)
	at org.apache.ratis.grpc.server.GrpcService.requestVote(GrpcService.java:194)
	at org.apache.ratis.server.impl.LeaderElection.lambda$submitRequests$1(LeaderElection.java:237)
	at java.util.concurrent.FutureTask.run(FutureTask.java:266)
	at java.util.concurrent.Executors$RunnableAdapter.call(Executors.java:511)
	at java.util.concurrent.FutureTask.run(FutureTask.java:266)
	at java.util.concurrent.ThreadPoolExecutor.runWorker(ThreadPoolExecutor.java:1149)
	at java.util.concurrent.ThreadPoolExecutor$Worker.run(ThreadPoolExecutor.java:624)
	... 1 more
Caused by: org.apache.ratis.thirdparty.io.netty.channel.AbstractChannel$AnnotatedConnectException: Connection refused: /192.168.19.22:38725
	at sun.nio.ch.SocketChannelImpl.checkConnect(Native Method)
	at sun.nio.ch.SocketChannelImpl.finishConnect(SocketChannelImpl.java:717)
	at org.apache.ratis.thirdparty.io.netty.channel.socket.nio.NioSocketChannel.doFinishConnect(NioSocketChannel.java:327)
	at org.apache.ratis.thirdparty.io.netty.channel.nio.AbstractNioChannel$AbstractNioUnsafe.finishConnect(AbstractNioChannel.java:340)
	at org.apache.ratis.thirdparty.io.netty.channel.nio.NioEventLoop.processSelectedKey(NioEventLoop.java:632)
	at org.apache.ratis.thirdparty.io.netty.channel.nio.NioEventLoop.processSelectedKeysOptimized(NioEventLoop.java:579)
	at org.apache.ratis.thirdparty.io.netty.channel.nio.NioEventLoop.processSelectedKeys(NioEventLoop.java:496)
	at org.apache.ratis.thirdparty.io.netty.channel.nio.NioEventLoop.run(NioEventLoop.java:458)
	at org.apache.ratis.thirdparty.io.netty.util.concurrent.SingleThreadEventExecutor$5.run(SingleThreadEventExecutor.java:897)
	at org.apache.ratis.thirdparty.io.netty.util.concurrent.FastThreadLocalRunnable.run(FastThreadLocalRunnable.java:30)
	... 1 more
Caused by: java.net.ConnectException: Connection refused
	... 11 more
2019-06-12 21:48:18,305 INFO  impl.RaftServerImpl (RaftServerImpl.java:setRole(164)) - 3f8817b0-eef6-4e90-9b79-731f1b7fec5a:group-FF90A65AEEB2 changes role from CANDIDATE to FOLLOWER at term 8 for DISCOVERED_A_NEW_TERM
2019-06-12 21:48:18,305 INFO  impl.RoleInfo (RoleInfo.java:shutdownLeaderElection(134)) - 3f8817b0-eef6-4e90-9b79-731f1b7fec5a: shutdown LeaderElection
2019-06-12 21:48:18,305 INFO  impl.RoleInfo (RoleInfo.java:updateAndGet(143)) - 3f8817b0-eef6-4e90-9b79-731f1b7fec5a: start FollowerState
2019-06-12 21:48:19,218 INFO  client.GrpcClientProtocolClient (GrpcClientProtocolClient.java:onNext(254)) - client-BA2925674EC2->7d8f18f1-5330-4557-b09a-125b0eb58979: receive RaftClientReply:client-BA2925674EC2->7d8f18f1-5330-4557-b09a-125b0eb58979@group-0861ECD987B7, cid=101, FAILED org.apache.ratis.protocol.NotLeaderException: Server 7d8f18f1-5330-4557-b09a-125b0eb58979 is not the leader (419156bc-2095-40ae-b588-af1fff80d41c:192.168.19.22:45855). Request must be sent to leader., logIndex=0, commits[7d8f18f1-5330-4557-b09a-125b0eb58979:c0, 419156bc-2095-40ae-b588-af1fff80d41c:c0, 543fe4b3-1818-4686-bf5b-7d69e498731f:c0]
2019-06-12 21:48:19,226 WARN  client.GrpcClientProtocolService (LogUtils.java:warn(134)) - 1-OrderedRequestStreamObserver1: onError: org.apache.ratis.thirdparty.io.grpc.StatusRuntimeException: CANCELLED: cancelled before receiving half close
2019-06-12 21:48:19,346 INFO  impl.FollowerState (FollowerState.java:run(101)) - 3f8817b0-eef6-4e90-9b79-731f1b7fec5a:group-FF90A65AEEB2 changes to CANDIDATE, lastRpcTime:1040, electionTimeout:1040ms
2019-06-12 21:48:19,346 INFO  impl.RoleInfo (RoleInfo.java:shutdownFollowerState(121)) - 3f8817b0-eef6-4e90-9b79-731f1b7fec5a: shutdown FollowerState
2019-06-12 21:48:19,346 INFO  impl.RaftServerImpl (RaftServerImpl.java:setRole(164)) - 3f8817b0-eef6-4e90-9b79-731f1b7fec5a:group-FF90A65AEEB2 changes role from FOLLOWER to CANDIDATE at term 8 for changeToCandidate
2019-06-12 21:48:19,346 INFO  impl.RoleInfo (RoleInfo.java:updateAndGet(143)) - 3f8817b0-eef6-4e90-9b79-731f1b7fec5a: start LeaderElection
2019-06-12 21:48:19,349 INFO  impl.LeaderElection (LeaderElection.java:askForVotes(181)) - 3f8817b0-eef6-4e90-9b79-731f1b7fec5a:group-FF90A65AEEB2:LeaderElection66: begin an election at term 9 for -1: [c4d5cc8b-1118-4e63-9384-83c019eb0c8c:192.168.19.22:38725, 3f8817b0-eef6-4e90-9b79-731f1b7fec5a:192.168.19.22:42669, ccf94851-c3c9-48d5-9574-5270386f6108:192.168.19.22:42761], old=null
2019-06-12 21:48:19,351 INFO  impl.LeaderElection (LogUtils.java:infoOrTrace(149)) - 3f8817b0-eef6-4e90-9b79-731f1b7fec5a:group-FF90A65AEEB2:LeaderElection66 got exception when requesting votes: {}
java.util.concurrent.ExecutionException: org.apache.ratis.thirdparty.io.grpc.StatusRuntimeException: UNAVAILABLE: io exception
	at java.util.concurrent.FutureTask.report(FutureTask.java:122)
	at java.util.concurrent.FutureTask.get(FutureTask.java:192)
	at org.apache.ratis.server.impl.LeaderElection.waitForResults(LeaderElection.java:262)
	at org.apache.ratis.server.impl.LeaderElection.askForVotes(LeaderElection.java:200)
	at org.apache.ratis.server.impl.LeaderElection.run(LeaderElection.java:130)
	at java.lang.Thread.run(Thread.java:748)
Caused by: org.apache.ratis.thirdparty.io.grpc.StatusRuntimeException: UNAVAILABLE: io exception
	at org.apache.ratis.thirdparty.io.grpc.stub.ClientCalls.toStatusRuntimeException(ClientCalls.java:233)
	at org.apache.ratis.thirdparty.io.grpc.stub.ClientCalls.getUnchecked(ClientCalls.java:214)
	at org.apache.ratis.thirdparty.io.grpc.stub.ClientCalls.blockingUnaryCall(ClientCalls.java:139)
	at org.apache.ratis.proto.grpc.RaftServerProtocolServiceGrpc$RaftServerProtocolServiceBlockingStub.requestVote(RaftServerProtocolServiceGrpc.java:265)
	at org.apache.ratis.grpc.server.GrpcServerProtocolClient.requestVote(GrpcServerProtocolClient.java:83)
	at org.apache.ratis.grpc.server.GrpcService.requestVote(GrpcService.java:194)
	at org.apache.ratis.server.impl.LeaderElection.lambda$submitRequests$1(LeaderElection.java:237)
	at java.util.concurrent.FutureTask.run(FutureTask.java:266)
	at java.util.concurrent.Executors$RunnableAdapter.call(Executors.java:511)
	at java.util.concurrent.FutureTask.run(FutureTask.java:266)
	at java.util.concurrent.ThreadPoolExecutor.runWorker(ThreadPoolExecutor.java:1149)
	at java.util.concurrent.ThreadPoolExecutor$Worker.run(ThreadPoolExecutor.java:624)
	... 1 more
Caused by: org.apache.ratis.thirdparty.io.netty.channel.AbstractChannel$AnnotatedConnectException: Connection refused: /192.168.19.22:38725
	at sun.nio.ch.SocketChannelImpl.checkConnect(Native Method)
	at sun.nio.ch.SocketChannelImpl.finishConnect(SocketChannelImpl.java:717)
	at org.apache.ratis.thirdparty.io.netty.channel.socket.nio.NioSocketChannel.doFinishConnect(NioSocketChannel.java:327)
	at org.apache.ratis.thirdparty.io.netty.channel.nio.AbstractNioChannel$AbstractNioUnsafe.finishConnect(AbstractNioChannel.java:340)
	at org.apache.ratis.thirdparty.io.netty.channel.nio.NioEventLoop.processSelectedKey(NioEventLoop.java:632)
	at org.apache.ratis.thirdparty.io.netty.channel.nio.NioEventLoop.processSelectedKeysOptimized(NioEventLoop.java:579)
	at org.apache.ratis.thirdparty.io.netty.channel.nio.NioEventLoop.processSelectedKeys(NioEventLoop.java:496)
	at org.apache.ratis.thirdparty.io.netty.channel.nio.NioEventLoop.run(NioEventLoop.java:458)
	at org.apache.ratis.thirdparty.io.netty.util.concurrent.SingleThreadEventExecutor$5.run(SingleThreadEventExecutor.java:897)
	at org.apache.ratis.thirdparty.io.netty.util.concurrent.FastThreadLocalRunnable.run(FastThreadLocalRunnable.java:30)
	... 1 more
Caused by: java.net.ConnectException: Connection refused
	... 11 more
2019-06-12 21:48:19,355 INFO  impl.LeaderElection (LogUtils.java:infoOrTrace(149)) - 3f8817b0-eef6-4e90-9b79-731f1b7fec5a:group-FF90A65AEEB2:LeaderElection66 got exception when requesting votes: {}
java.util.concurrent.ExecutionException: org.apache.ratis.thirdparty.io.grpc.StatusRuntimeException: UNAVAILABLE: io exception
	at java.util.concurrent.FutureTask.report(FutureTask.java:122)
	at java.util.concurrent.FutureTask.get(FutureTask.java:192)
	at org.apache.ratis.server.impl.LeaderElection.waitForResults(LeaderElection.java:262)
	at org.apache.ratis.server.impl.LeaderElection.askForVotes(LeaderElection.java:200)
	at org.apache.ratis.server.impl.LeaderElection.run(LeaderElection.java:130)
	at java.lang.Thread.run(Thread.java:748)
Caused by: org.apache.ratis.thirdparty.io.grpc.StatusRuntimeException: UNAVAILABLE: io exception
	at org.apache.ratis.thirdparty.io.grpc.stub.ClientCalls.toStatusRuntimeException(ClientCalls.java:233)
	at org.apache.ratis.thirdparty.io.grpc.stub.ClientCalls.getUnchecked(ClientCalls.java:214)
	at org.apache.ratis.thirdparty.io.grpc.stub.ClientCalls.blockingUnaryCall(ClientCalls.java:139)
	at org.apache.ratis.proto.grpc.RaftServerProtocolServiceGrpc$RaftServerProtocolServiceBlockingStub.requestVote(RaftServerProtocolServiceGrpc.java:265)
	at org.apache.ratis.grpc.server.GrpcServerProtocolClient.requestVote(GrpcServerProtocolClient.java:83)
	at org.apache.ratis.grpc.server.GrpcService.requestVote(GrpcService.java:194)
	at org.apache.ratis.server.impl.LeaderElection.lambda$submitRequests$1(LeaderElection.java:237)
	at java.util.concurrent.FutureTask.run(FutureTask.java:266)
	at java.util.concurrent.Executors$RunnableAdapter.call(Executors.java:511)
	at java.util.concurrent.FutureTask.run(FutureTask.java:266)
	at java.util.concurrent.ThreadPoolExecutor.runWorker(ThreadPoolExecutor.java:1149)
	at java.util.concurrent.ThreadPoolExecutor$Worker.run(ThreadPoolExecutor.java:624)
	... 1 more
Caused by: org.apache.ratis.thirdparty.io.netty.channel.AbstractChannel$AnnotatedConnectException: Connection refused: /192.168.19.22:42761
	at sun.nio.ch.SocketChannelImpl.checkConnect(Native Method)
	at sun.nio.ch.SocketChannelImpl.finishConnect(SocketChannelImpl.java:717)
	at org.apache.ratis.thirdparty.io.netty.channel.socket.nio.NioSocketChannel.doFinishConnect(NioSocketChannel.java:327)
	at org.apache.ratis.thirdparty.io.netty.channel.nio.AbstractNioChannel$AbstractNioUnsafe.finishConnect(AbstractNioChannel.java:340)
	at org.apache.ratis.thirdparty.io.netty.channel.nio.NioEventLoop.processSelectedKey(NioEventLoop.java:632)
	at org.apache.ratis.thirdparty.io.netty.channel.nio.NioEventLoop.processSelectedKeysOptimized(NioEventLoop.java:579)
	at org.apache.ratis.thirdparty.io.netty.channel.nio.NioEventLoop.processSelectedKeys(NioEventLoop.java:496)
	at org.apache.ratis.thirdparty.io.netty.channel.nio.NioEventLoop.run(NioEventLoop.java:458)
	at org.apache.ratis.thirdparty.io.netty.util.concurrent.SingleThreadEventExecutor$5.run(SingleThreadEventExecutor.java:897)
	at org.apache.ratis.thirdparty.io.netty.util.concurrent.FastThreadLocalRunnable.run(FastThreadLocalRunnable.java:30)
	... 1 more
Caused by: java.net.ConnectException: Connection refused
	... 11 more
2019-06-12 21:48:19,359 INFO  impl.LeaderElection (LeaderElection.java:logAndReturn(56)) - 3f8817b0-eef6-4e90-9b79-731f1b7fec5a:group-FF90A65AEEB2:LeaderElection66: Election REJECTED; received 0 response(s) [] and 2 exception(s); 3f8817b0-eef6-4e90-9b79-731f1b7fec5a:t9, leader=null, voted=3f8817b0-eef6-4e90-9b79-731f1b7fec5a, raftlog=3f8817b0-eef6-4e90-9b79-731f1b7fec5a-SegmentedRaftLog:OPENED:c-1,f-1,i0, conf=-1: [c4d5cc8b-1118-4e63-9384-83c019eb0c8c:192.168.19.22:38725, 3f8817b0-eef6-4e90-9b79-731f1b7fec5a:192.168.19.22:42669, ccf94851-c3c9-48d5-9574-5270386f6108:192.168.19.22:42761], old=null
2019-06-12 21:48:19,359 INFO  impl.LeaderElection (LogUtils.java:infoOrTrace(149)) -   Exception 0: {}
java.util.concurrent.ExecutionException: org.apache.ratis.thirdparty.io.grpc.StatusRuntimeException: UNAVAILABLE: io exception
	at java.util.concurrent.FutureTask.report(FutureTask.java:122)
	at java.util.concurrent.FutureTask.get(FutureTask.java:192)
	at org.apache.ratis.server.impl.LeaderElection.waitForResults(LeaderElection.java:262)
	at org.apache.ratis.server.impl.LeaderElection.askForVotes(LeaderElection.java:200)
	at org.apache.ratis.server.impl.LeaderElection.run(LeaderElection.java:130)
	at java.lang.Thread.run(Thread.java:748)
Caused by: org.apache.ratis.thirdparty.io.grpc.StatusRuntimeException: UNAVAILABLE: io exception
	at org.apache.ratis.thirdparty.io.grpc.stub.ClientCalls.toStatusRuntimeException(ClientCalls.java:233)
	at org.apache.ratis.thirdparty.io.grpc.stub.ClientCalls.getUnchecked(ClientCalls.java:214)
	at org.apache.ratis.thirdparty.io.grpc.stub.ClientCalls.blockingUnaryCall(ClientCalls.java:139)
	at org.apache.ratis.proto.grpc.RaftServerProtocolServiceGrpc$RaftServerProtocolServiceBlockingStub.requestVote(RaftServerProtocolServiceGrpc.java:265)
	at org.apache.ratis.grpc.server.GrpcServerProtocolClient.requestVote(GrpcServerProtocolClient.java:83)
	at org.apache.ratis.grpc.server.GrpcService.requestVote(GrpcService.java:194)
	at org.apache.ratis.server.impl.LeaderElection.lambda$submitRequests$1(LeaderElection.java:237)
	at java.util.concurrent.FutureTask.run(FutureTask.java:266)
	at java.util.concurrent.Executors$RunnableAdapter.call(Executors.java:511)
	at java.util.concurrent.FutureTask.run(FutureTask.java:266)
	at java.util.concurrent.ThreadPoolExecutor.runWorker(ThreadPoolExecutor.java:1149)
	at java.util.concurrent.ThreadPoolExecutor$Worker.run(ThreadPoolExecutor.java:624)
	... 1 more
Caused by: org.apache.ratis.thirdparty.io.netty.channel.AbstractChannel$AnnotatedConnectException: Connection refused: /192.168.19.22:38725
	at sun.nio.ch.SocketChannelImpl.checkConnect(Native Method)
	at sun.nio.ch.SocketChannelImpl.finishConnect(SocketChannelImpl.java:717)
	at org.apache.ratis.thirdparty.io.netty.channel.socket.nio.NioSocketChannel.doFinishConnect(NioSocketChannel.java:327)
	at org.apache.ratis.thirdparty.io.netty.channel.nio.AbstractNioChannel$AbstractNioUnsafe.finishConnect(AbstractNioChannel.java:340)
	at org.apache.ratis.thirdparty.io.netty.channel.nio.NioEventLoop.processSelectedKey(NioEventLoop.java:632)
	at org.apache.ratis.thirdparty.io.netty.channel.nio.NioEventLoop.processSelectedKeysOptimized(NioEventLoop.java:579)
	at org.apache.ratis.thirdparty.io.netty.channel.nio.NioEventLoop.processSelectedKeys(NioEventLoop.java:496)
	at org.apache.ratis.thirdparty.io.netty.channel.nio.NioEventLoop.run(NioEventLoop.java:458)
	at org.apache.ratis.thirdparty.io.netty.util.concurrent.SingleThreadEventExecutor$5.run(SingleThreadEventExecutor.java:897)
	at org.apache.ratis.thirdparty.io.netty.util.concurrent.FastThreadLocalRunnable.run(FastThreadLocalRunnable.java:30)
	... 1 more
Caused by: java.net.ConnectException: Connection refused
	... 11 more
2019-06-12 21:48:19,359 INFO  impl.LeaderElection (LogUtils.java:infoOrTrace(149)) -   Exception 1: {}
java.util.concurrent.ExecutionException: org.apache.ratis.thirdparty.io.grpc.StatusRuntimeException: UNAVAILABLE: io exception
	at java.util.concurrent.FutureTask.report(FutureTask.java:122)
	at java.util.concurrent.FutureTask.get(FutureTask.java:192)
	at org.apache.ratis.server.impl.LeaderElection.waitForResults(LeaderElection.java:262)
	at org.apache.ratis.server.impl.LeaderElection.askForVotes(LeaderElection.java:200)
	at org.apache.ratis.server.impl.LeaderElection.run(LeaderElection.java:130)
	at java.lang.Thread.run(Thread.java:748)
Caused by: org.apache.ratis.thirdparty.io.grpc.StatusRuntimeException: UNAVAILABLE: io exception
	at org.apache.ratis.thirdparty.io.grpc.stub.ClientCalls.toStatusRuntimeException(ClientCalls.java:233)
	at org.apache.ratis.thirdparty.io.grpc.stub.ClientCalls.getUnchecked(ClientCalls.java:214)
	at org.apache.ratis.thirdparty.io.grpc.stub.ClientCalls.blockingUnaryCall(ClientCalls.java:139)
	at org.apache.ratis.proto.grpc.RaftServerProtocolServiceGrpc$RaftServerProtocolServiceBlockingStub.requestVote(RaftServerProtocolServiceGrpc.java:265)
	at org.apache.ratis.grpc.server.GrpcServerProtocolClient.requestVote(GrpcServerProtocolClient.java:83)
	at org.apache.ratis.grpc.server.GrpcService.requestVote(GrpcService.java:194)
	at org.apache.ratis.server.impl.LeaderElection.lambda$submitRequests$1(LeaderElection.java:237)
	at java.util.concurrent.FutureTask.run(FutureTask.java:266)
	at java.util.concurrent.Executors$RunnableAdapter.call(Executors.java:511)
	at java.util.concurrent.FutureTask.run(FutureTask.java:266)
	at java.util.concurrent.ThreadPoolExecutor.runWorker(ThreadPoolExecutor.java:1149)
	at java.util.concurrent.ThreadPoolExecutor$Worker.run(ThreadPoolExecutor.java:624)
	... 1 more
Caused by: org.apache.ratis.thirdparty.io.netty.channel.AbstractChannel$AnnotatedConnectException: Connection refused: /192.168.19.22:42761
	at sun.nio.ch.SocketChannelImpl.checkConnect(Native Method)
	at sun.nio.ch.SocketChannelImpl.finishConnect(SocketChannelImpl.java:717)
	at org.apache.ratis.thirdparty.io.netty.channel.socket.nio.NioSocketChannel.doFinishConnect(NioSocketChannel.java:327)
	at org.apache.ratis.thirdparty.io.netty.channel.nio.AbstractNioChannel$AbstractNioUnsafe.finishConnect(AbstractNioChannel.java:340)
	at org.apache.ratis.thirdparty.io.netty.channel.nio.NioEventLoop.processSelectedKey(NioEventLoop.java:632)
	at org.apache.ratis.thirdparty.io.netty.channel.nio.NioEventLoop.processSelectedKeysOptimized(NioEventLoop.java:579)
	at org.apache.ratis.thirdparty.io.netty.channel.nio.NioEventLoop.processSelectedKeys(NioEventLoop.java:496)
	at org.apache.ratis.thirdparty.io.netty.channel.nio.NioEventLoop.run(NioEventLoop.java:458)
	at org.apache.ratis.thirdparty.io.netty.util.concurrent.SingleThreadEventExecutor$5.run(SingleThreadEventExecutor.java:897)
	at org.apache.ratis.thirdparty.io.netty.util.concurrent.FastThreadLocalRunnable.run(FastThreadLocalRunnable.java:30)
	... 1 more
Caused by: java.net.ConnectException: Connection refused
	... 11 more
2019-06-12 21:48:19,360 INFO  impl.RaftServerImpl (RaftServerImpl.java:setRole(164)) - 3f8817b0-eef6-4e90-9b79-731f1b7fec5a:group-FF90A65AEEB2 changes role from CANDIDATE to FOLLOWER at term 9 for DISCOVERED_A_NEW_TERM
2019-06-12 21:48:19,360 INFO  impl.RoleInfo (RoleInfo.java:shutdownLeaderElection(134)) - 3f8817b0-eef6-4e90-9b79-731f1b7fec5a: shutdown LeaderElection
2019-06-12 21:48:19,360 INFO  impl.RoleInfo (RoleInfo.java:updateAndGet(143)) - 3f8817b0-eef6-4e90-9b79-731f1b7fec5a: start FollowerState
2019-06-12 21:48:20,244 INFO  client.GrpcClientProtocolClient (GrpcClientProtocolClient.java:onNext(254)) - client-BA2925674EC2->543fe4b3-1818-4686-bf5b-7d69e498731f: receive RaftClientReply:client-BA2925674EC2->543fe4b3-1818-4686-bf5b-7d69e498731f@group-0861ECD987B7, cid=101, FAILED org.apache.ratis.protocol.NotLeaderException: Server 543fe4b3-1818-4686-bf5b-7d69e498731f is not the leader (419156bc-2095-40ae-b588-af1fff80d41c:192.168.19.22:45855). Request must be sent to leader., logIndex=0, commits[543fe4b3-1818-4686-bf5b-7d69e498731f:c0, 419156bc-2095-40ae-b588-af1fff80d41c:c0, 7d8f18f1-5330-4557-b09a-125b0eb58979:c0]
2019-06-12 21:48:20,262 WARN  client.GrpcClientProtocolService (LogUtils.java:warn(134)) - 1-OrderedRequestStreamObserver1: onError: org.apache.ratis.thirdparty.io.grpc.StatusRuntimeException: CANCELLED: cancelled before receiving half close
2019-06-12 21:48:20,493 INFO  impl.FollowerState (FollowerState.java:run(101)) - 3f8817b0-eef6-4e90-9b79-731f1b7fec5a:group-FF90A65AEEB2 changes to CANDIDATE, lastRpcTime:1133, electionTimeout:1133ms
2019-06-12 21:48:20,493 INFO  impl.RoleInfo (RoleInfo.java:shutdownFollowerState(121)) - 3f8817b0-eef6-4e90-9b79-731f1b7fec5a: shutdown FollowerState
2019-06-12 21:48:20,494 INFO  impl.RaftServerImpl (RaftServerImpl.java:setRole(164)) - 3f8817b0-eef6-4e90-9b79-731f1b7fec5a:group-FF90A65AEEB2 changes role from FOLLOWER to CANDIDATE at term 9 for changeToCandidate
2019-06-12 21:48:20,494 INFO  impl.RoleInfo (RoleInfo.java:updateAndGet(143)) - 3f8817b0-eef6-4e90-9b79-731f1b7fec5a: start LeaderElection
2019-06-12 21:48:20,497 INFO  impl.LeaderElection (LeaderElection.java:askForVotes(181)) - 3f8817b0-eef6-4e90-9b79-731f1b7fec5a:group-FF90A65AEEB2:LeaderElection67: begin an election at term 10 for -1: [c4d5cc8b-1118-4e63-9384-83c019eb0c8c:192.168.19.22:38725, 3f8817b0-eef6-4e90-9b79-731f1b7fec5a:192.168.19.22:42669, ccf94851-c3c9-48d5-9574-5270386f6108:192.168.19.22:42761], old=null
2019-06-12 21:48:20,498 INFO  impl.LeaderElection (LogUtils.java:infoOrTrace(149)) - 3f8817b0-eef6-4e90-9b79-731f1b7fec5a:group-FF90A65AEEB2:LeaderElection67 got exception when requesting votes: {}
java.util.concurrent.ExecutionException: org.apache.ratis.thirdparty.io.grpc.StatusRuntimeException: UNAVAILABLE: io exception
	at java.util.concurrent.FutureTask.report(FutureTask.java:122)
	at java.util.concurrent.FutureTask.get(FutureTask.java:192)
	at org.apache.ratis.server.impl.LeaderElection.waitForResults(LeaderElection.java:262)
	at org.apache.ratis.server.impl.LeaderElection.askForVotes(LeaderElection.java:200)
	at org.apache.ratis.server.impl.LeaderElection.run(LeaderElection.java:130)
	at java.lang.Thread.run(Thread.java:748)
Caused by: org.apache.ratis.thirdparty.io.grpc.StatusRuntimeException: UNAVAILABLE: io exception
	at org.apache.ratis.thirdparty.io.grpc.stub.ClientCalls.toStatusRuntimeException(ClientCalls.java:233)
	at org.apache.ratis.thirdparty.io.grpc.stub.ClientCalls.getUnchecked(ClientCalls.java:214)
	at org.apache.ratis.thirdparty.io.grpc.stub.ClientCalls.blockingUnaryCall(ClientCalls.java:139)
	at org.apache.ratis.proto.grpc.RaftServerProtocolServiceGrpc$RaftServerProtocolServiceBlockingStub.requestVote(RaftServerProtocolServiceGrpc.java:265)
	at org.apache.ratis.grpc.server.GrpcServerProtocolClient.requestVote(GrpcServerProtocolClient.java:83)
	at org.apache.ratis.grpc.server.GrpcService.requestVote(GrpcService.java:194)
	at org.apache.ratis.server.impl.LeaderElection.lambda$submitRequests$1(LeaderElection.java:237)
	at java.util.concurrent.FutureTask.run(FutureTask.java:266)
	at java.util.concurrent.Executors$RunnableAdapter.call(Executors.java:511)
	at java.util.concurrent.FutureTask.run(FutureTask.java:266)
	at java.util.concurrent.ThreadPoolExecutor.runWorker(ThreadPoolExecutor.java:1149)
	at java.util.concurrent.ThreadPoolExecutor$Worker.run(ThreadPoolExecutor.java:624)
	... 1 more
Caused by: org.apache.ratis.thirdparty.io.netty.channel.AbstractChannel$AnnotatedConnectException: Connection refused: /192.168.19.22:38725
	at sun.nio.ch.SocketChannelImpl.checkConnect(Native Method)
	at sun.nio.ch.SocketChannelImpl.finishConnect(SocketChannelImpl.java:717)
	at org.apache.ratis.thirdparty.io.netty.channel.socket.nio.NioSocketChannel.doFinishConnect(NioSocketChannel.java:327)
	at org.apache.ratis.thirdparty.io.netty.channel.nio.AbstractNioChannel$AbstractNioUnsafe.finishConnect(AbstractNioChannel.java:340)
	at org.apache.ratis.thirdparty.io.netty.channel.nio.NioEventLoop.processSelectedKey(NioEventLoop.java:632)
	at org.apache.ratis.thirdparty.io.netty.channel.nio.NioEventLoop.processSelectedKeysOptimized(NioEventLoop.java:579)
	at org.apache.ratis.thirdparty.io.netty.channel.nio.NioEventLoop.processSelectedKeys(NioEventLoop.java:496)
	at org.apache.ratis.thirdparty.io.netty.channel.nio.NioEventLoop.run(NioEventLoop.java:458)
	at org.apache.ratis.thirdparty.io.netty.util.concurrent.SingleThreadEventExecutor$5.run(SingleThreadEventExecutor.java:897)
	at org.apache.ratis.thirdparty.io.netty.util.concurrent.FastThreadLocalRunnable.run(FastThreadLocalRunnable.java:30)
	... 1 more
Caused by: java.net.ConnectException: Connection refused
	... 11 more
2019-06-12 21:48:20,502 INFO  impl.LeaderElection (LogUtils.java:infoOrTrace(149)) - 3f8817b0-eef6-4e90-9b79-731f1b7fec5a:group-FF90A65AEEB2:LeaderElection67 got exception when requesting votes: {}
java.util.concurrent.ExecutionException: org.apache.ratis.thirdparty.io.grpc.StatusRuntimeException: UNAVAILABLE: io exception
	at java.util.concurrent.FutureTask.report(FutureTask.java:122)
	at java.util.concurrent.FutureTask.get(FutureTask.java:192)
	at org.apache.ratis.server.impl.LeaderElection.waitForResults(LeaderElection.java:262)
	at org.apache.ratis.server.impl.LeaderElection.askForVotes(LeaderElection.java:200)
	at org.apache.ratis.server.impl.LeaderElection.run(LeaderElection.java:130)
	at java.lang.Thread.run(Thread.java:748)
Caused by: org.apache.ratis.thirdparty.io.grpc.StatusRuntimeException: UNAVAILABLE: io exception
	at org.apache.ratis.thirdparty.io.grpc.stub.ClientCalls.toStatusRuntimeException(ClientCalls.java:233)
	at org.apache.ratis.thirdparty.io.grpc.stub.ClientCalls.getUnchecked(ClientCalls.java:214)
	at org.apache.ratis.thirdparty.io.grpc.stub.ClientCalls.blockingUnaryCall(ClientCalls.java:139)
	at org.apache.ratis.proto.grpc.RaftServerProtocolServiceGrpc$RaftServerProtocolServiceBlockingStub.requestVote(RaftServerProtocolServiceGrpc.java:265)
	at org.apache.ratis.grpc.server.GrpcServerProtocolClient.requestVote(GrpcServerProtocolClient.java:83)
	at org.apache.ratis.grpc.server.GrpcService.requestVote(GrpcService.java:194)
	at org.apache.ratis.server.impl.LeaderElection.lambda$submitRequests$1(LeaderElection.java:237)
	at java.util.concurrent.FutureTask.run(FutureTask.java:266)
	at java.util.concurrent.Executors$RunnableAdapter.call(Executors.java:511)
	at java.util.concurrent.FutureTask.run(FutureTask.java:266)
	at java.util.concurrent.ThreadPoolExecutor.runWorker(ThreadPoolExecutor.java:1149)
	at java.util.concurrent.ThreadPoolExecutor$Worker.run(ThreadPoolExecutor.java:624)
	... 1 more
Caused by: org.apache.ratis.thirdparty.io.netty.channel.AbstractChannel$AnnotatedConnectException: Connection refused: /192.168.19.22:42761
	at sun.nio.ch.SocketChannelImpl.checkConnect(Native Method)
	at sun.nio.ch.SocketChannelImpl.finishConnect(SocketChannelImpl.java:717)
	at org.apache.ratis.thirdparty.io.netty.channel.socket.nio.NioSocketChannel.doFinishConnect(NioSocketChannel.java:327)
	at org.apache.ratis.thirdparty.io.netty.channel.nio.AbstractNioChannel$AbstractNioUnsafe.finishConnect(AbstractNioChannel.java:340)
	at org.apache.ratis.thirdparty.io.netty.channel.nio.NioEventLoop.processSelectedKey(NioEventLoop.java:632)
	at org.apache.ratis.thirdparty.io.netty.channel.nio.NioEventLoop.processSelectedKeysOptimized(NioEventLoop.java:579)
	at org.apache.ratis.thirdparty.io.netty.channel.nio.NioEventLoop.processSelectedKeys(NioEventLoop.java:496)
	at org.apache.ratis.thirdparty.io.netty.channel.nio.NioEventLoop.run(NioEventLoop.java:458)
	at org.apache.ratis.thirdparty.io.netty.util.concurrent.SingleThreadEventExecutor$5.run(SingleThreadEventExecutor.java:897)
	at org.apache.ratis.thirdparty.io.netty.util.concurrent.FastThreadLocalRunnable.run(FastThreadLocalRunnable.java:30)
	... 1 more
Caused by: java.net.ConnectException: Connection refused
	... 11 more
2019-06-12 21:48:20,506 INFO  impl.LeaderElection (LeaderElection.java:logAndReturn(56)) - 3f8817b0-eef6-4e90-9b79-731f1b7fec5a:group-FF90A65AEEB2:LeaderElection67: Election REJECTED; received 0 response(s) [] and 2 exception(s); 3f8817b0-eef6-4e90-9b79-731f1b7fec5a:t10, leader=null, voted=3f8817b0-eef6-4e90-9b79-731f1b7fec5a, raftlog=3f8817b0-eef6-4e90-9b79-731f1b7fec5a-SegmentedRaftLog:OPENED:c-1,f-1,i0, conf=-1: [c4d5cc8b-1118-4e63-9384-83c019eb0c8c:192.168.19.22:38725, 3f8817b0-eef6-4e90-9b79-731f1b7fec5a:192.168.19.22:42669, ccf94851-c3c9-48d5-9574-5270386f6108:192.168.19.22:42761], old=null
2019-06-12 21:48:20,506 INFO  impl.LeaderElection (LogUtils.java:infoOrTrace(149)) -   Exception 0: {}
java.util.concurrent.ExecutionException: org.apache.ratis.thirdparty.io.grpc.StatusRuntimeException: UNAVAILABLE: io exception
	at java.util.concurrent.FutureTask.report(FutureTask.java:122)
	at java.util.concurrent.FutureTask.get(FutureTask.java:192)
	at org.apache.ratis.server.impl.LeaderElection.waitForResults(LeaderElection.java:262)
	at org.apache.ratis.server.impl.LeaderElection.askForVotes(LeaderElection.java:200)
	at org.apache.ratis.server.impl.LeaderElection.run(LeaderElection.java:130)
	at java.lang.Thread.run(Thread.java:748)
Caused by: org.apache.ratis.thirdparty.io.grpc.StatusRuntimeException: UNAVAILABLE: io exception
	at org.apache.ratis.thirdparty.io.grpc.stub.ClientCalls.toStatusRuntimeException(ClientCalls.java:233)
	at org.apache.ratis.thirdparty.io.grpc.stub.ClientCalls.getUnchecked(ClientCalls.java:214)
	at org.apache.ratis.thirdparty.io.grpc.stub.ClientCalls.blockingUnaryCall(ClientCalls.java:139)
	at org.apache.ratis.proto.grpc.RaftServerProtocolServiceGrpc$RaftServerProtocolServiceBlockingStub.requestVote(RaftServerProtocolServiceGrpc.java:265)
	at org.apache.ratis.grpc.server.GrpcServerProtocolClient.requestVote(GrpcServerProtocolClient.java:83)
	at org.apache.ratis.grpc.server.GrpcService.requestVote(GrpcService.java:194)
	at org.apache.ratis.server.impl.LeaderElection.lambda$submitRequests$1(LeaderElection.java:237)
	at java.util.concurrent.FutureTask.run(FutureTask.java:266)
	at java.util.concurrent.Executors$RunnableAdapter.call(Executors.java:511)
	at java.util.concurrent.FutureTask.run(FutureTask.java:266)
	at java.util.concurrent.ThreadPoolExecutor.runWorker(ThreadPoolExecutor.java:1149)
	at java.util.concurrent.ThreadPoolExecutor$Worker.run(ThreadPoolExecutor.java:624)
	... 1 more
Caused by: org.apache.ratis.thirdparty.io.netty.channel.AbstractChannel$AnnotatedConnectException: Connection refused: /192.168.19.22:38725
	at sun.nio.ch.SocketChannelImpl.checkConnect(Native Method)
	at sun.nio.ch.SocketChannelImpl.finishConnect(SocketChannelImpl.java:717)
	at org.apache.ratis.thirdparty.io.netty.channel.socket.nio.NioSocketChannel.doFinishConnect(NioSocketChannel.java:327)
	at org.apache.ratis.thirdparty.io.netty.channel.nio.AbstractNioChannel$AbstractNioUnsafe.finishConnect(AbstractNioChannel.java:340)
	at org.apache.ratis.thirdparty.io.netty.channel.nio.NioEventLoop.processSelectedKey(NioEventLoop.java:632)
	at org.apache.ratis.thirdparty.io.netty.channel.nio.NioEventLoop.processSelectedKeysOptimized(NioEventLoop.java:579)
	at org.apache.ratis.thirdparty.io.netty.channel.nio.NioEventLoop.processSelectedKeys(NioEventLoop.java:496)
	at org.apache.ratis.thirdparty.io.netty.channel.nio.NioEventLoop.run(NioEventLoop.java:458)
	at org.apache.ratis.thirdparty.io.netty.util.concurrent.SingleThreadEventExecutor$5.run(SingleThreadEventExecutor.java:897)
	at org.apache.ratis.thirdparty.io.netty.util.concurrent.FastThreadLocalRunnable.run(FastThreadLocalRunnable.java:30)
	... 1 more
Caused by: java.net.ConnectException: Connection refused
	... 11 more
2019-06-12 21:48:20,506 INFO  impl.LeaderElection (LogUtils.java:infoOrTrace(149)) -   Exception 1: {}
java.util.concurrent.ExecutionException: org.apache.ratis.thirdparty.io.grpc.StatusRuntimeException: UNAVAILABLE: io exception
	at java.util.concurrent.FutureTask.report(FutureTask.java:122)
	at java.util.concurrent.FutureTask.get(FutureTask.java:192)
	at org.apache.ratis.server.impl.LeaderElection.waitForResults(LeaderElection.java:262)
	at org.apache.ratis.server.impl.LeaderElection.askForVotes(LeaderElection.java:200)
	at org.apache.ratis.server.impl.LeaderElection.run(LeaderElection.java:130)
	at java.lang.Thread.run(Thread.java:748)
Caused by: org.apache.ratis.thirdparty.io.grpc.StatusRuntimeException: UNAVAILABLE: io exception
	at org.apache.ratis.thirdparty.io.grpc.stub.ClientCalls.toStatusRuntimeException(ClientCalls.java:233)
	at org.apache.ratis.thirdparty.io.grpc.stub.ClientCalls.getUnchecked(ClientCalls.java:214)
	at org.apache.ratis.thirdparty.io.grpc.stub.ClientCalls.blockingUnaryCall(ClientCalls.java:139)
	at org.apache.ratis.proto.grpc.RaftServerProtocolServiceGrpc$RaftServerProtocolServiceBlockingStub.requestVote(RaftServerProtocolServiceGrpc.java:265)
	at org.apache.ratis.grpc.server.GrpcServerProtocolClient.requestVote(GrpcServerProtocolClient.java:83)
	at org.apache.ratis.grpc.server.GrpcService.requestVote(GrpcService.java:194)
	at org.apache.ratis.server.impl.LeaderElection.lambda$submitRequests$1(LeaderElection.java:237)
	at java.util.concurrent.FutureTask.run(FutureTask.java:266)
	at java.util.concurrent.Executors$RunnableAdapter.call(Executors.java:511)
	at java.util.concurrent.FutureTask.run(FutureTask.java:266)
	at java.util.concurrent.ThreadPoolExecutor.runWorker(ThreadPoolExecutor.java:1149)
	at java.util.concurrent.ThreadPoolExecutor$Worker.run(ThreadPoolExecutor.java:624)
	... 1 more
Caused by: org.apache.ratis.thirdparty.io.netty.channel.AbstractChannel$AnnotatedConnectException: Connection refused: /192.168.19.22:42761
	at sun.nio.ch.SocketChannelImpl.checkConnect(Native Method)
	at sun.nio.ch.SocketChannelImpl.finishConnect(SocketChannelImpl.java:717)
	at org.apache.ratis.thirdparty.io.netty.channel.socket.nio.NioSocketChannel.doFinishConnect(NioSocketChannel.java:327)
	at org.apache.ratis.thirdparty.io.netty.channel.nio.AbstractNioChannel$AbstractNioUnsafe.finishConnect(AbstractNioChannel.java:340)
	at org.apache.ratis.thirdparty.io.netty.channel.nio.NioEventLoop.processSelectedKey(NioEventLoop.java:632)
	at org.apache.ratis.thirdparty.io.netty.channel.nio.NioEventLoop.processSelectedKeysOptimized(NioEventLoop.java:579)
	at org.apache.ratis.thirdparty.io.netty.channel.nio.NioEventLoop.processSelectedKeys(NioEventLoop.java:496)
	at org.apache.ratis.thirdparty.io.netty.channel.nio.NioEventLoop.run(NioEventLoop.java:458)
	at org.apache.ratis.thirdparty.io.netty.util.concurrent.SingleThreadEventExecutor$5.run(SingleThreadEventExecutor.java:897)
	at org.apache.ratis.thirdparty.io.netty.util.concurrent.FastThreadLocalRunnable.run(FastThreadLocalRunnable.java:30)
	... 1 more
Caused by: java.net.ConnectException: Connection refused
	... 11 more
2019-06-12 21:48:20,507 INFO  impl.RaftServerImpl (RaftServerImpl.java:setRole(164)) - 3f8817b0-eef6-4e90-9b79-731f1b7fec5a:group-FF90A65AEEB2 changes role from CANDIDATE to FOLLOWER at term 10 for DISCOVERED_A_NEW_TERM
2019-06-12 21:48:20,507 INFO  impl.RoleInfo (RoleInfo.java:shutdownLeaderElection(134)) - 3f8817b0-eef6-4e90-9b79-731f1b7fec5a: shutdown LeaderElection
2019-06-12 21:48:20,507 INFO  impl.RoleInfo (RoleInfo.java:updateAndGet(143)) - 3f8817b0-eef6-4e90-9b79-731f1b7fec5a: start FollowerState
2019-06-12 21:48:21,274 INFO  client.GrpcClientProtocolClient (GrpcClientProtocolClient.java:onNext(254)) - client-BA2925674EC2->7d8f18f1-5330-4557-b09a-125b0eb58979: receive RaftClientReply:client-BA2925674EC2->7d8f18f1-5330-4557-b09a-125b0eb58979@group-0861ECD987B7, cid=101, FAILED org.apache.ratis.protocol.NotLeaderException: Server 7d8f18f1-5330-4557-b09a-125b0eb58979 is not the leader (419156bc-2095-40ae-b588-af1fff80d41c:192.168.19.22:45855). Request must be sent to leader., logIndex=0, commits[7d8f18f1-5330-4557-b09a-125b0eb58979:c0, 419156bc-2095-40ae-b588-af1fff80d41c:c0, 543fe4b3-1818-4686-bf5b-7d69e498731f:c0]
2019-06-12 21:48:21,281 WARN  client.GrpcClientProtocolService (LogUtils.java:warn(134)) - 2-OrderedRequestStreamObserver2: onError: org.apache.ratis.thirdparty.io.grpc.StatusRuntimeException: CANCELLED: cancelled before receiving half close
2019-06-12 21:48:21,570 INFO  impl.FollowerState (FollowerState.java:run(101)) - 3f8817b0-eef6-4e90-9b79-731f1b7fec5a:group-FF90A65AEEB2 changes to CANDIDATE, lastRpcTime:1063, electionTimeout:1063ms
2019-06-12 21:48:21,570 INFO  impl.RoleInfo (RoleInfo.java:shutdownFollowerState(121)) - 3f8817b0-eef6-4e90-9b79-731f1b7fec5a: shutdown FollowerState
2019-06-12 21:48:21,570 INFO  impl.RaftServerImpl (RaftServerImpl.java:setRole(164)) - 3f8817b0-eef6-4e90-9b79-731f1b7fec5a:group-FF90A65AEEB2 changes role from FOLLOWER to CANDIDATE at term 10 for changeToCandidate
2019-06-12 21:48:21,570 INFO  impl.RoleInfo (RoleInfo.java:updateAndGet(143)) - 3f8817b0-eef6-4e90-9b79-731f1b7fec5a: start LeaderElection
2019-06-12 21:48:21,573 INFO  impl.LeaderElection (LeaderElection.java:askForVotes(181)) - 3f8817b0-eef6-4e90-9b79-731f1b7fec5a:group-FF90A65AEEB2:LeaderElection68: begin an election at term 11 for -1: [c4d5cc8b-1118-4e63-9384-83c019eb0c8c:192.168.19.22:38725, 3f8817b0-eef6-4e90-9b79-731f1b7fec5a:192.168.19.22:42669, ccf94851-c3c9-48d5-9574-5270386f6108:192.168.19.22:42761], old=null
2019-06-12 21:48:21,576 INFO  impl.LeaderElection (LogUtils.java:infoOrTrace(149)) - 3f8817b0-eef6-4e90-9b79-731f1b7fec5a:group-FF90A65AEEB2:LeaderElection68 got exception when requesting votes: {}
java.util.concurrent.ExecutionException: org.apache.ratis.thirdparty.io.grpc.StatusRuntimeException: UNAVAILABLE: io exception
	at java.util.concurrent.FutureTask.report(FutureTask.java:122)
	at java.util.concurrent.FutureTask.get(FutureTask.java:192)
	at org.apache.ratis.server.impl.LeaderElection.waitForResults(LeaderElection.java:262)
	at org.apache.ratis.server.impl.LeaderElection.askForVotes(LeaderElection.java:200)
	at org.apache.ratis.server.impl.LeaderElection.run(LeaderElection.java:130)
	at java.lang.Thread.run(Thread.java:748)
Caused by: org.apache.ratis.thirdparty.io.grpc.StatusRuntimeException: UNAVAILABLE: io exception
	at org.apache.ratis.thirdparty.io.grpc.stub.ClientCalls.toStatusRuntimeException(ClientCalls.java:233)
	at org.apache.ratis.thirdparty.io.grpc.stub.ClientCalls.getUnchecked(ClientCalls.java:214)
	at org.apache.ratis.thirdparty.io.grpc.stub.ClientCalls.blockingUnaryCall(ClientCalls.java:139)
	at org.apache.ratis.proto.grpc.RaftServerProtocolServiceGrpc$RaftServerProtocolServiceBlockingStub.requestVote(RaftServerProtocolServiceGrpc.java:265)
	at org.apache.ratis.grpc.server.GrpcServerProtocolClient.requestVote(GrpcServerProtocolClient.java:83)
	at org.apache.ratis.grpc.server.GrpcService.requestVote(GrpcService.java:194)
	at org.apache.ratis.server.impl.LeaderElection.lambda$submitRequests$1(LeaderElection.java:237)
	at java.util.concurrent.FutureTask.run(FutureTask.java:266)
	at java.util.concurrent.Executors$RunnableAdapter.call(Executors.java:511)
	at java.util.concurrent.FutureTask.run(FutureTask.java:266)
	at java.util.concurrent.ThreadPoolExecutor.runWorker(ThreadPoolExecutor.java:1149)
	at java.util.concurrent.ThreadPoolExecutor$Worker.run(ThreadPoolExecutor.java:624)
	... 1 more
Caused by: org.apache.ratis.thirdparty.io.netty.channel.AbstractChannel$AnnotatedConnectException: Connection refused: /192.168.19.22:38725
	at sun.nio.ch.SocketChannelImpl.checkConnect(Native Method)
	at sun.nio.ch.SocketChannelImpl.finishConnect(SocketChannelImpl.java:717)
	at org.apache.ratis.thirdparty.io.netty.channel.socket.nio.NioSocketChannel.doFinishConnect(NioSocketChannel.java:327)
	at org.apache.ratis.thirdparty.io.netty.channel.nio.AbstractNioChannel$AbstractNioUnsafe.finishConnect(AbstractNioChannel.java:340)
	at org.apache.ratis.thirdparty.io.netty.channel.nio.NioEventLoop.processSelectedKey(NioEventLoop.java:632)
	at org.apache.ratis.thirdparty.io.netty.channel.nio.NioEventLoop.processSelectedKeysOptimized(NioEventLoop.java:579)
	at org.apache.ratis.thirdparty.io.netty.channel.nio.NioEventLoop.processSelectedKeys(NioEventLoop.java:496)
	at org.apache.ratis.thirdparty.io.netty.channel.nio.NioEventLoop.run(NioEventLoop.java:458)
	at org.apache.ratis.thirdparty.io.netty.util.concurrent.SingleThreadEventExecutor$5.run(SingleThreadEventExecutor.java:897)
	at org.apache.ratis.thirdparty.io.netty.util.concurrent.FastThreadLocalRunnable.run(FastThreadLocalRunnable.java:30)
	... 1 more
Caused by: java.net.ConnectException: Connection refused
	... 11 more
2019-06-12 21:48:21,589 INFO  impl.LeaderElection (LogUtils.java:infoOrTrace(149)) - 3f8817b0-eef6-4e90-9b79-731f1b7fec5a:group-FF90A65AEEB2:LeaderElection68 got exception when requesting votes: {}
java.util.concurrent.ExecutionException: org.apache.ratis.thirdparty.io.grpc.StatusRuntimeException: UNAVAILABLE: io exception
	at java.util.concurrent.FutureTask.report(FutureTask.java:122)
	at java.util.concurrent.FutureTask.get(FutureTask.java:192)
	at org.apache.ratis.server.impl.LeaderElection.waitForResults(LeaderElection.java:262)
	at org.apache.ratis.server.impl.LeaderElection.askForVotes(LeaderElection.java:200)
	at org.apache.ratis.server.impl.LeaderElection.run(LeaderElection.java:130)
	at java.lang.Thread.run(Thread.java:748)
Caused by: org.apache.ratis.thirdparty.io.grpc.StatusRuntimeException: UNAVAILABLE: io exception
	at org.apache.ratis.thirdparty.io.grpc.stub.ClientCalls.toStatusRuntimeException(ClientCalls.java:233)
	at org.apache.ratis.thirdparty.io.grpc.stub.ClientCalls.getUnchecked(ClientCalls.java:214)
	at org.apache.ratis.thirdparty.io.grpc.stub.ClientCalls.blockingUnaryCall(ClientCalls.java:139)
	at org.apache.ratis.proto.grpc.RaftServerProtocolServiceGrpc$RaftServerProtocolServiceBlockingStub.requestVote(RaftServerProtocolServiceGrpc.java:265)
	at org.apache.ratis.grpc.server.GrpcServerProtocolClient.requestVote(GrpcServerProtocolClient.java:83)
	at org.apache.ratis.grpc.server.GrpcService.requestVote(GrpcService.java:194)
	at org.apache.ratis.server.impl.LeaderElection.lambda$submitRequests$1(LeaderElection.java:237)
	at java.util.concurrent.FutureTask.run(FutureTask.java:266)
	at java.util.concurrent.Executors$RunnableAdapter.call(Executors.java:511)
	at java.util.concurrent.FutureTask.run(FutureTask.java:266)
	at java.util.concurrent.ThreadPoolExecutor.runWorker(ThreadPoolExecutor.java:1149)
	at java.util.concurrent.ThreadPoolExecutor$Worker.run(ThreadPoolExecutor.java:624)
	... 1 more
Caused by: org.apache.ratis.thirdparty.io.netty.channel.AbstractChannel$AnnotatedConnectException: Connection refused: /192.168.19.22:42761
	at sun.nio.ch.SocketChannelImpl.checkConnect(Native Method)
	at sun.nio.ch.SocketChannelImpl.finishConnect(SocketChannelImpl.java:717)
	at org.apache.ratis.thirdparty.io.netty.channel.socket.nio.NioSocketChannel.doFinishConnect(NioSocketChannel.java:327)
	at org.apache.ratis.thirdparty.io.netty.channel.nio.AbstractNioChannel$AbstractNioUnsafe.finishConnect(AbstractNioChannel.java:340)
	at org.apache.ratis.thirdparty.io.netty.channel.nio.NioEventLoop.processSelectedKey(NioEventLoop.java:632)
	at org.apache.ratis.thirdparty.io.netty.channel.nio.NioEventLoop.processSelectedKeysOptimized(NioEventLoop.java:579)
	at org.apache.ratis.thirdparty.io.netty.channel.nio.NioEventLoop.processSelectedKeys(NioEventLoop.java:496)
	at org.apache.ratis.thirdparty.io.netty.channel.nio.NioEventLoop.run(NioEventLoop.java:458)
	at org.apache.ratis.thirdparty.io.netty.util.concurrent.SingleThreadEventExecutor$5.run(SingleThreadEventExecutor.java:897)
	at org.apache.ratis.thirdparty.io.netty.util.concurrent.FastThreadLocalRunnable.run(FastThreadLocalRunnable.java:30)
	... 1 more
Caused by: java.net.ConnectException: Connection refused
	... 11 more
2019-06-12 21:48:21,592 INFO  impl.LeaderElection (LeaderElection.java:logAndReturn(56)) - 3f8817b0-eef6-4e90-9b79-731f1b7fec5a:group-FF90A65AEEB2:LeaderElection68: Election REJECTED; received 0 response(s) [] and 2 exception(s); 3f8817b0-eef6-4e90-9b79-731f1b7fec5a:t11, leader=null, voted=3f8817b0-eef6-4e90-9b79-731f1b7fec5a, raftlog=3f8817b0-eef6-4e90-9b79-731f1b7fec5a-SegmentedRaftLog:OPENED:c-1,f-1,i0, conf=-1: [c4d5cc8b-1118-4e63-9384-83c019eb0c8c:192.168.19.22:38725, 3f8817b0-eef6-4e90-9b79-731f1b7fec5a:192.168.19.22:42669, ccf94851-c3c9-48d5-9574-5270386f6108:192.168.19.22:42761], old=null
2019-06-12 21:48:21,592 INFO  impl.LeaderElection (LogUtils.java:infoOrTrace(149)) -   Exception 0: {}
java.util.concurrent.ExecutionException: org.apache.ratis.thirdparty.io.grpc.StatusRuntimeException: UNAVAILABLE: io exception
	at java.util.concurrent.FutureTask.report(FutureTask.java:122)
	at java.util.concurrent.FutureTask.get(FutureTask.java:192)
	at org.apache.ratis.server.impl.LeaderElection.waitForResults(LeaderElection.java:262)
	at org.apache.ratis.server.impl.LeaderElection.askForVotes(LeaderElection.java:200)
	at org.apache.ratis.server.impl.LeaderElection.run(LeaderElection.java:130)
	at java.lang.Thread.run(Thread.java:748)
Caused by: org.apache.ratis.thirdparty.io.grpc.StatusRuntimeException: UNAVAILABLE: io exception
	at org.apache.ratis.thirdparty.io.grpc.stub.ClientCalls.toStatusRuntimeException(ClientCalls.java:233)
	at org.apache.ratis.thirdparty.io.grpc.stub.ClientCalls.getUnchecked(ClientCalls.java:214)
	at org.apache.ratis.thirdparty.io.grpc.stub.ClientCalls.blockingUnaryCall(ClientCalls.java:139)
	at org.apache.ratis.proto.grpc.RaftServerProtocolServiceGrpc$RaftServerProtocolServiceBlockingStub.requestVote(RaftServerProtocolServiceGrpc.java:265)
	at org.apache.ratis.grpc.server.GrpcServerProtocolClient.requestVote(GrpcServerProtocolClient.java:83)
	at org.apache.ratis.grpc.server.GrpcService.requestVote(GrpcService.java:194)
	at org.apache.ratis.server.impl.LeaderElection.lambda$submitRequests$1(LeaderElection.java:237)
	at java.util.concurrent.FutureTask.run(FutureTask.java:266)
	at java.util.concurrent.Executors$RunnableAdapter.call(Executors.java:511)
	at java.util.concurrent.FutureTask.run(FutureTask.java:266)
	at java.util.concurrent.ThreadPoolExecutor.runWorker(ThreadPoolExecutor.java:1149)
	at java.util.concurrent.ThreadPoolExecutor$Worker.run(ThreadPoolExecutor.java:624)
	... 1 more
Caused by: org.apache.ratis.thirdparty.io.netty.channel.AbstractChannel$AnnotatedConnectException: Connection refused: /192.168.19.22:38725
	at sun.nio.ch.SocketChannelImpl.checkConnect(Native Method)
	at sun.nio.ch.SocketChannelImpl.finishConnect(SocketChannelImpl.java:717)
	at org.apache.ratis.thirdparty.io.netty.channel.socket.nio.NioSocketChannel.doFinishConnect(NioSocketChannel.java:327)
	at org.apache.ratis.thirdparty.io.netty.channel.nio.AbstractNioChannel$AbstractNioUnsafe.finishConnect(AbstractNioChannel.java:340)
	at org.apache.ratis.thirdparty.io.netty.channel.nio.NioEventLoop.processSelectedKey(NioEventLoop.java:632)
	at org.apache.ratis.thirdparty.io.netty.channel.nio.NioEventLoop.processSelectedKeysOptimized(NioEventLoop.java:579)
	at org.apache.ratis.thirdparty.io.netty.channel.nio.NioEventLoop.processSelectedKeys(NioEventLoop.java:496)
	at org.apache.ratis.thirdparty.io.netty.channel.nio.NioEventLoop.run(NioEventLoop.java:458)
	at org.apache.ratis.thirdparty.io.netty.util.concurrent.SingleThreadEventExecutor$5.run(SingleThreadEventExecutor.java:897)
	at org.apache.ratis.thirdparty.io.netty.util.concurrent.FastThreadLocalRunnable.run(FastThreadLocalRunnable.java:30)
	... 1 more
Caused by: java.net.ConnectException: Connection refused
	... 11 more
2019-06-12 21:48:21,592 INFO  impl.LeaderElection (LogUtils.java:infoOrTrace(149)) -   Exception 1: {}
java.util.concurrent.ExecutionException: org.apache.ratis.thirdparty.io.grpc.StatusRuntimeException: UNAVAILABLE: io exception
	at java.util.concurrent.FutureTask.report(FutureTask.java:122)
	at java.util.concurrent.FutureTask.get(FutureTask.java:192)
	at org.apache.ratis.server.impl.LeaderElection.waitForResults(LeaderElection.java:262)
	at org.apache.ratis.server.impl.LeaderElection.askForVotes(LeaderElection.java:200)
	at org.apache.ratis.server.impl.LeaderElection.run(LeaderElection.java:130)
	at java.lang.Thread.run(Thread.java:748)
Caused by: org.apache.ratis.thirdparty.io.grpc.StatusRuntimeException: UNAVAILABLE: io exception
	at org.apache.ratis.thirdparty.io.grpc.stub.ClientCalls.toStatusRuntimeException(ClientCalls.java:233)
	at org.apache.ratis.thirdparty.io.grpc.stub.ClientCalls.getUnchecked(ClientCalls.java:214)
	at org.apache.ratis.thirdparty.io.grpc.stub.ClientCalls.blockingUnaryCall(ClientCalls.java:139)
	at org.apache.ratis.proto.grpc.RaftServerProtocolServiceGrpc$RaftServerProtocolServiceBlockingStub.requestVote(RaftServerProtocolServiceGrpc.java:265)
	at org.apache.ratis.grpc.server.GrpcServerProtocolClient.requestVote(GrpcServerProtocolClient.java:83)
	at org.apache.ratis.grpc.server.GrpcService.requestVote(GrpcService.java:194)
	at org.apache.ratis.server.impl.LeaderElection.lambda$submitRequests$1(LeaderElection.java:237)
	at java.util.concurrent.FutureTask.run(FutureTask.java:266)
	at java.util.concurrent.Executors$RunnableAdapter.call(Executors.java:511)
	at java.util.concurrent.FutureTask.run(FutureTask.java:266)
	at java.util.concurrent.ThreadPoolExecutor.runWorker(ThreadPoolExecutor.java:1149)
	at java.util.concurrent.ThreadPoolExecutor$Worker.run(ThreadPoolExecutor.java:624)
	... 1 more
Caused by: org.apache.ratis.thirdparty.io.netty.channel.AbstractChannel$AnnotatedConnectException: Connection refused: /192.168.19.22:42761
	at sun.nio.ch.SocketChannelImpl.checkConnect(Native Method)
	at sun.nio.ch.SocketChannelImpl.finishConnect(SocketChannelImpl.java:717)
	at org.apache.ratis.thirdparty.io.netty.channel.socket.nio.NioSocketChannel.doFinishConnect(NioSocketChannel.java:327)
	at org.apache.ratis.thirdparty.io.netty.channel.nio.AbstractNioChannel$AbstractNioUnsafe.finishConnect(AbstractNioChannel.java:340)
	at org.apache.ratis.thirdparty.io.netty.channel.nio.NioEventLoop.processSelectedKey(NioEventLoop.java:632)
	at org.apache.ratis.thirdparty.io.netty.channel.nio.NioEventLoop.processSelectedKeysOptimized(NioEventLoop.java:579)
	at org.apache.ratis.thirdparty.io.netty.channel.nio.NioEventLoop.processSelectedKeys(NioEventLoop.java:496)
	at org.apache.ratis.thirdparty.io.netty.channel.nio.NioEventLoop.run(NioEventLoop.java:458)
	at org.apache.ratis.thirdparty.io.netty.util.concurrent.SingleThreadEventExecutor$5.run(SingleThreadEventExecutor.java:897)
	at org.apache.ratis.thirdparty.io.netty.util.concurrent.FastThreadLocalRunnable.run(FastThreadLocalRunnable.java:30)
	... 1 more
Caused by: java.net.ConnectException: Connection refused
	... 11 more
2019-06-12 21:48:21,593 INFO  impl.RaftServerImpl (RaftServerImpl.java:setRole(164)) - 3f8817b0-eef6-4e90-9b79-731f1b7fec5a:group-FF90A65AEEB2 changes role from CANDIDATE to FOLLOWER at term 11 for DISCOVERED_A_NEW_TERM
2019-06-12 21:48:21,593 INFO  impl.RoleInfo (RoleInfo.java:shutdownLeaderElection(134)) - 3f8817b0-eef6-4e90-9b79-731f1b7fec5a: shutdown LeaderElection
2019-06-12 21:48:21,593 INFO  impl.RoleInfo (RoleInfo.java:updateAndGet(143)) - 3f8817b0-eef6-4e90-9b79-731f1b7fec5a: start FollowerState
2019-06-12 21:48:22,298 INFO  client.GrpcClientProtocolClient (GrpcClientProtocolClient.java:onNext(254)) - client-BA2925674EC2->543fe4b3-1818-4686-bf5b-7d69e498731f: receive RaftClientReply:client-BA2925674EC2->543fe4b3-1818-4686-bf5b-7d69e498731f@group-0861ECD987B7, cid=101, FAILED org.apache.ratis.protocol.NotLeaderException: Server 543fe4b3-1818-4686-bf5b-7d69e498731f is not the leader (419156bc-2095-40ae-b588-af1fff80d41c:192.168.19.22:45855). Request must be sent to leader., logIndex=0, commits[543fe4b3-1818-4686-bf5b-7d69e498731f:c0, 419156bc-2095-40ae-b588-af1fff80d41c:c0, 7d8f18f1-5330-4557-b09a-125b0eb58979:c0]
2019-06-12 21:48:22,324 WARN  io.KeyOutputStream (KeyOutputStream.java:handleException(276)) - Encountered exception java.io.IOException: Unexpected Storage Container Exception: java.util.concurrent.CompletionException: java.util.concurrent.CompletionException: org.apache.ratis.protocol.RaftRetryFailureException: Failed RaftClientRequest:client-BA2925674EC2->543fe4b3-1818-4686-bf5b-7d69e498731f@group-0861ECD987B7, cid=101, seq=1*, RW, org.apache.hadoop.hdds.scm.XceiverClientRatis$$Lambda$423/2046142189@55b6d602 for 5 attempts with RetryLimited(maxAttempts=5, sleepTime=1000ms) on the pipeline Pipeline[ Id: c42776b9-8d10-470c-a36d-0861ecd987b7, Nodes: 7d8f18f1-5330-4557-b09a-125b0eb58979{ip: 192.168.19.22, host: ozone-v57r8-234650721, networkLocation: /default-rack, certSerialId: null}543fe4b3-1818-4686-bf5b-7d69e498731f{ip: 192.168.19.22, host: ozone-v57r8-234650721, networkLocation: /default-rack, certSerialId: null}419156bc-2095-40ae-b588-af1fff80d41c{ip: 192.168.19.22, host: ozone-v57r8-234650721, networkLocation: /default-rack, certSerialId: null}, Type:RATIS, Factor:THREE, State:OPEN]. The last committed block length is 0, uncommitted data length is 1572864 retry count 0
2019-06-12 21:48:22,334 WARN  block.BlockManagerImpl (BlockManagerImpl.java:allocateBlock(192)) - Pipeline creation failed for type:RATIS factor:THREE. Retrying get pipelines call once.
org.apache.hadoop.hdds.scm.pipeline.InsufficientDatanodesException: Cannot create pipeline of factor 3 using 1 nodes.
	at org.apache.hadoop.hdds.scm.pipeline.RatisPipelineProvider.create(RatisPipelineProvider.java:151)
	at org.apache.hadoop.hdds.scm.pipeline.PipelineFactory.create(PipelineFactory.java:57)
	at org.apache.hadoop.hdds.scm.pipeline.SCMPipelineManager.createPipeline(SCMPipelineManager.java:149)
	at org.apache.hadoop.hdds.scm.block.BlockManagerImpl.allocateBlock(BlockManagerImpl.java:190)
	at org.apache.hadoop.hdds.scm.server.SCMBlockProtocolServer.allocateBlock(SCMBlockProtocolServer.java:172)
	at org.apache.hadoop.ozone.protocolPB.ScmBlockLocationProtocolServerSideTranslatorPB.allocateScmBlock(ScmBlockLocationProtocolServerSideTranslatorPB.java:82)
	at org.apache.hadoop.hdds.protocol.proto.ScmBlockLocationProtocolProtos$ScmBlockLocationProtocolService$2.callBlockingMethod(ScmBlockLocationProtocolProtos.java:7533)
	at org.apache.hadoop.ipc.ProtobufRpcEngine$Server$ProtoBufRpcInvoker.call(ProtobufRpcEngine.java:524)
	at org.apache.hadoop.ipc.RPC$Server.call(RPC.java:1025)
	at org.apache.hadoop.ipc.Server$RpcCall.run(Server.java:876)
	at org.apache.hadoop.ipc.Server$RpcCall.run(Server.java:822)
	at java.security.AccessController.doPrivileged(Native Method)
	at javax.security.auth.Subject.doAs(Subject.java:422)
	at org.apache.hadoop.security.UserGroupInformation.doAs(UserGroupInformation.java:1730)
	at org.apache.hadoop.ipc.Server$Handler.run(Server.java:2682)
2019-06-12 21:48:22,334 INFO  block.BlockManagerImpl (BlockManagerImpl.java:allocateBlock(198)) - Could not find available pipeline of type:RATIS and factor:THREE even after retrying
2019-06-12 21:48:22,334 ERROR block.BlockManagerImpl (BlockManagerImpl.java:allocateBlock(222)) - Unable to allocate a block for the size: 4194304, type: RATIS, factor: THREE
21:48:22.335 [IPC Server handler 4 on 37573] ERROR OMAudit - user=root | ip=127.0.0.1 | op=ALLOCATE_BLOCK {volume=datanodefailurehandlingtest, bucket=datanodefailurehandlingtest, key=75d26c7b-c79c-4662-8ee6-f710c050463d, dataSize=0, replicationType=null, replicationFactor=null, keyLocationInfo=null, clientID=102260807568392208} | ret=FAILURE
java.io.IOException: Allocate block failed.
	at org.apache.hadoop.hdds.scm.protocolPB.ScmBlockLocationProtocolClientSideTranslatorPB.allocateBlock(ScmBlockLocationProtocolClientSideTranslatorPB.java:111) ~[hadoop-hdds-common-0.5.0-SNAPSHOT.jar:?]
	at sun.reflect.NativeMethodAccessorImpl.invoke0(Native Method) ~[?:1.8.0_212]
	at sun.reflect.NativeMethodAccessorImpl.invoke(NativeMethodAccessorImpl.java:62) ~[?:1.8.0_212]
	at sun.reflect.DelegatingMethodAccessorImpl.invoke(DelegatingMethodAccessorImpl.java:43) ~[?:1.8.0_212]
	at java.lang.reflect.Method.invoke(Method.java:498) ~[?:1.8.0_212]
	at org.apache.hadoop.hdds.tracing.TraceAllMethod.invoke(TraceAllMethod.java:66) ~[hadoop-hdds-common-0.5.0-SNAPSHOT.jar:?]
	at com.sun.proxy.$Proxy25.allocateBlock(Unknown Source) ~[?:?]
	at org.apache.hadoop.ozone.om.KeyManagerImpl.allocateBlock(KeyManagerImpl.java:347) ~[hadoop-ozone-ozone-manager-0.5.0-SNAPSHOT.jar:?]
	at org.apache.hadoop.ozone.om.KeyManagerImpl.allocateBlock(KeyManagerImpl.java:315) ~[hadoop-ozone-ozone-manager-0.5.0-SNAPSHOT.jar:?]
	at org.apache.hadoop.ozone.om.OzoneManager.allocateBlock(OzoneManager.java:2301) [hadoop-ozone-ozone-manager-0.5.0-SNAPSHOT.jar:?]
	at org.apache.hadoop.ozone.protocolPB.OzoneManagerRequestHandler.allocateBlock(OzoneManagerRequestHandler.java:755) [hadoop-ozone-ozone-manager-0.5.0-SNAPSHOT.jar:?]
	at org.apache.hadoop.ozone.protocolPB.OzoneManagerRequestHandler.handle(OzoneManagerRequestHandler.java:249) [hadoop-ozone-ozone-manager-0.5.0-SNAPSHOT.jar:?]
	at org.apache.hadoop.ozone.protocolPB.OzoneManagerProtocolServerSideTranslatorPB.submitRequestDirectlyToOM(OzoneManagerProtocolServerSideTranslatorPB.java:180) [hadoop-ozone-ozone-manager-0.5.0-SNAPSHOT.jar:?]
	at org.apache.hadoop.ozone.protocolPB.OzoneManagerProtocolServerSideTranslatorPB.submitRequest(OzoneManagerProtocolServerSideTranslatorPB.java:102) [hadoop-ozone-ozone-manager-0.5.0-SNAPSHOT.jar:?]
	at org.apache.hadoop.ozone.protocol.proto.OzoneManagerProtocolProtos$OzoneManagerService$2.callBlockingMethod(OzoneManagerProtocolProtos.java) [hadoop-ozone-common-0.5.0-SNAPSHOT.jar:?]
	at org.apache.hadoop.ipc.ProtobufRpcEngine$Server$ProtoBufRpcInvoker.call(ProtobufRpcEngine.java:524) [hadoop-common-3.2.0.jar:?]
	at org.apache.hadoop.ipc.RPC$Server.call(RPC.java:1025) [hadoop-common-3.2.0.jar:?]
	at org.apache.hadoop.ipc.Server$RpcCall.run(Server.java:876) [hadoop-common-3.2.0.jar:?]
	at org.apache.hadoop.ipc.Server$RpcCall.run(Server.java:822) [hadoop-common-3.2.0.jar:?]
	at java.security.AccessController.doPrivileged(Native Method) [?:1.8.0_212]
	at javax.security.auth.Subject.doAs(Subject.java:422) [?:1.8.0_212]
	at org.apache.hadoop.security.UserGroupInformation.doAs(UserGroupInformation.java:1730) [hadoop-common-3.2.0.jar:?]
	at org.apache.hadoop.ipc.Server$Handler.run(Server.java:2682) [hadoop-common-3.2.0.jar:?]
2019-06-12 21:48:22,336 ERROR io.BlockOutputStreamEntryPool (BlockOutputStreamEntryPool.java:allocateBlockIfNeeded(299)) - Try to allocate more blocks for write failed, already allocated 0 blocks for this write.
INTERNAL_ERROR org.apache.hadoop.ozone.om.exceptions.OMException: Allocate block failed.
	at org.apache.hadoop.ozone.om.protocolPB.OzoneManagerProtocolClientSideTranslatorPB.handleError(OzoneManagerProtocolClientSideTranslatorPB.java:720)
	at org.apache.hadoop.ozone.om.protocolPB.OzoneManagerProtocolClientSideTranslatorPB.allocateBlock(OzoneManagerProtocolClientSideTranslatorPB.java:743)
	at org.apache.hadoop.ozone.client.io.BlockOutputStreamEntryPool.allocateNewBlock(BlockOutputStreamEntryPool.java:248)
	at org.apache.hadoop.ozone.client.io.BlockOutputStreamEntryPool.allocateBlockIfNeeded(BlockOutputStreamEntryPool.java:296)
	at org.apache.hadoop.ozone.client.io.KeyOutputStream.handleWrite(KeyOutputStream.java:201)
	at org.apache.hadoop.ozone.client.io.KeyOutputStream.handleRetry(KeyOutputStream.java:376)
	at org.apache.hadoop.ozone.client.io.KeyOutputStream.handleException(KeyOutputStream.java:325)
	at org.apache.hadoop.ozone.client.io.KeyOutputStream.handleFlushOrClose(KeyOutputStream.java:448)
	at org.apache.hadoop.ozone.client.io.KeyOutputStream.close(KeyOutputStream.java:472)
	at org.apache.hadoop.ozone.client.io.OzoneOutputStream.close(OzoneOutputStream.java:60)
	at org.apache.hadoop.ozone.client.rpc.TestFailureHandlingByClient.testBlockWritesWithDnFailures(TestFailureHandlingByClient.java:146)
	at sun.reflect.NativeMethodAccessorImpl.invoke0(Native Method)
	at sun.reflect.NativeMethodAccessorImpl.invoke(NativeMethodAccessorImpl.java:62)
	at sun.reflect.DelegatingMethodAccessorImpl.invoke(DelegatingMethodAccessorImpl.java:43)
	at java.lang.reflect.Method.invoke(Method.java:498)
	at org.junit.runners.model.FrameworkMethod$1.runReflectiveCall(FrameworkMethod.java:47)
	at org.junit.internal.runners.model.ReflectiveCallable.run(ReflectiveCallable.java:12)
	at org.junit.runners.model.FrameworkMethod.invokeExplosively(FrameworkMethod.java:44)
	at org.junit.internal.runners.statements.InvokeMethod.evaluate(InvokeMethod.java:17)
	at org.junit.runners.ParentRunner.runLeaf(ParentRunner.java:271)
	at org.junit.runners.BlockJUnit4ClassRunner.runChild(BlockJUnit4ClassRunner.java:70)
	at org.junit.runners.BlockJUnit4ClassRunner.runChild(BlockJUnit4ClassRunner.java:50)
	at org.junit.runners.ParentRunner$3.run(ParentRunner.java:238)
	at org.junit.runners.ParentRunner$1.schedule(ParentRunner.java:63)
	at org.junit.runners.ParentRunner.runChildren(ParentRunner.java:236)
	at org.junit.runners.ParentRunner.access$000(ParentRunner.java:53)
	at org.junit.runners.ParentRunner$2.evaluate(ParentRunner.java:229)
	at org.junit.runners.ParentRunner.run(ParentRunner.java:309)
	at org.apache.maven.surefire.junit4.JUnit4Provider.execute(JUnit4Provider.java:365)
	at org.apache.maven.surefire.junit4.JUnit4Provider.executeWithRerun(JUnit4Provider.java:273)
	at org.apache.maven.surefire.junit4.JUnit4Provider.executeTestSet(JUnit4Provider.java:238)
	at org.apache.maven.surefire.junit4.JUnit4Provider.invoke(JUnit4Provider.java:159)
	at org.apache.maven.surefire.booter.ForkedBooter.invokeProviderInSameClassLoader(ForkedBooter.java:384)
	at org.apache.maven.surefire.booter.ForkedBooter.runSuitesInProcess(ForkedBooter.java:345)
	at org.apache.maven.surefire.booter.ForkedBooter.execute(ForkedBooter.java:126)
	at org.apache.maven.surefire.booter.ForkedBooter.main(ForkedBooter.java:418)
]]></system-out>
    <system-err><![CDATA[Jun 12, 2019 9:48:05 PM com.sun.jersey.server.impl.application.WebApplicationImpl _initiate
INFO: Initiating Jersey application, version 'Jersey: 1.19 02/11/2015 03:25 AM'
Jun 12, 2019 9:48:06 PM com.sun.jersey.server.impl.application.WebApplicationImpl _initiate
INFO: Initiating Jersey application, version 'Jersey: 1.19 02/11/2015 03:25 AM'
Jun 12, 2019 9:48:06 PM com.sun.jersey.server.impl.application.WebApplicationImpl _initiate
INFO: Initiating Jersey application, version 'Jersey: 1.19 02/11/2015 03:25 AM'
Jun 12, 2019 9:48:06 PM com.sun.jersey.server.impl.application.WebApplicationImpl _initiate
INFO: Initiating Jersey application, version 'Jersey: 1.19 02/11/2015 03:25 AM'
Jun 12, 2019 9:48:06 PM com.sun.jersey.server.impl.application.WebApplicationImpl _initiate
INFO: Initiating Jersey application, version 'Jersey: 1.19 02/11/2015 03:25 AM'
Jun 12, 2019 9:48:06 PM com.sun.jersey.server.impl.application.WebApplicationImpl _initiate
INFO: Initiating Jersey application, version 'Jersey: 1.19 02/11/2015 03:25 AM'
Exception in thread "org.apache.ratis.server.impl.LogAppender$$Lambda$343/1841004756@288bfd73" java.lang.IllegalStateException: ILLEGAL TRANSITION: In GrpcLogAppender(ccf94851-c3c9-48d5-9574-5270386f6108 -> 3f8817b0-eef6-4e90-9b79-731f1b7fec5a), CLOSING -> RUNNING
	at org.apache.ratis.util.Preconditions.assertTrue(Preconditions.java:60)
	at org.apache.ratis.util.LifeCycle$State.validate(LifeCycle.java:123)
	at org.apache.ratis.util.LifeCycle.transition(LifeCycle.java:143)
	at org.apache.ratis.server.impl.LogAppender.runAppender(LogAppender.java:99)
	at java.lang.Thread.run(Thread.java:748)
Exception in thread "org.apache.ratis.server.impl.LogAppender$$Lambda$343/1841004756@6d897ea6" java.lang.IllegalStateException: ILLEGAL TRANSITION: In GrpcLogAppender(ccf94851-c3c9-48d5-9574-5270386f6108 -> c4d5cc8b-1118-4e63-9384-83c019eb0c8c), CLOSING -> RUNNING
	at org.apache.ratis.util.Preconditions.assertTrue(Preconditions.java:60)
	at org.apache.ratis.util.LifeCycle$State.validate(LifeCycle.java:123)
	at org.apache.ratis.util.LifeCycle.transition(LifeCycle.java:143)
	at org.apache.ratis.server.impl.LogAppender.runAppender(LogAppender.java:99)
	at java.lang.Thread.run(Thread.java:748)
]]></system-err>
  </testcase>
  <testcase name="testDatanodeExclusionWithMajorityCommit" classname="org.apache.hadoop.ozone.client.rpc.TestFailureHandlingByClient" time="21.055"/>
  <testcase name="testMultiBlockWritesWithDnFailures" classname="org.apache.hadoop.ozone.client.rpc.TestFailureHandlingByClient" time="17.639"/>
</testsuite>