<?xml version="1.0" encoding="UTF-8"?>
<testsuite xmlns:xsi="http://www.w3.org/2001/XMLSchema-instance" xsi:noNamespaceSchemaLocation="https://maven.apache.org/surefire/maven-surefire-plugin/xsd/surefire-test-report.xsd" name="org.apache.hadoop.hdds.scm.pipeline.TestNodeFailure" time="10.915" tests="1" errors="0" skipped="1" failures="0">
  <properties>
    <property name="awt.toolkit" value="sun.awt.X11.XToolkit"/>
    <property name="file.encoding.pkg" value="sun.io"/>
    <property name="java.specification.version" value="1.8"/>
    <property name="sun.cpu.isalist" value=""/>
    <property name="sun.jnu.encoding" value="UTF-8"/>
    <property name="java.class.path" value="/opt/src/hadoop-ozone/integration-test/target/test-classes:/opt/src/hadoop-ozone/integration-test/target/classes:/root/.m2/repository/org/apache/hadoop/hadoop-ozone-common/0.5.0-SNAPSHOT/hadoop-ozone-common-0.5.0-SNAPSHOT.jar:/root/.m2/repository/org/apache/commons/commons-compress/1.4.1/commons-compress-1.4.1.jar:/root/.m2/repository/org/tukaani/xz/1.0/xz-1.0.jar:/root/.m2/repository/org/apache/hadoop/hadoop-common/3.2.0/hadoop-common-3.2.0.jar:/root/.m2/repository/org/apache/hadoop/hadoop-hdfs/3.2.0/hadoop-hdfs-3.2.0.jar:/root/.m2/repository/org/apache/hadoop/hadoop-hdfs-client/3.2.0/hadoop-hdfs-client-3.2.0.jar:/root/.m2/repository/com/fasterxml/jackson/core/jackson-annotations/2.9.5/jackson-annotations-2.9.5.jar:/root/.m2/repository/org/apache/hadoop/hadoop-hdds-common/0.5.0-SNAPSHOT/hadoop-hdds-common-0.5.0-SNAPSHOT.jar:/root/.m2/repository/javax/annotation/javax.annotation-api/1.2/javax.annotation-api-1.2.jar:/root/.m2/repository/org/apache/ratis/ratis-server/0.4.0-fe2b15d-SNAPSHOT/ratis-server-0.4.0-fe2b15d-SNAPSHOT.jar:/root/.m2/repository/org/apache/ratis/ratis-thirdparty-misc/0.2.0/ratis-thirdparty-misc-0.2.0.jar:/root/.m2/repository/org/apache/ratis/ratis-proto/0.4.0-fe2b15d-SNAPSHOT/ratis-proto-0.4.0-fe2b15d-SNAPSHOT.jar:/root/.m2/repository/org/apache/ratis/ratis-common/0.4.0-fe2b15d-SNAPSHOT/ratis-common-0.4.0-fe2b15d-SNAPSHOT.jar:/root/.m2/repository/org/apache/ratis/ratis-client/0.4.0-fe2b15d-SNAPSHOT/ratis-client-0.4.0-fe2b15d-SNAPSHOT.jar:/root/.m2/repository/org/apache/ratis/ratis-netty/0.4.0-fe2b15d-SNAPSHOT/ratis-netty-0.4.0-fe2b15d-SNAPSHOT.jar:/root/.m2/repository/org/apache/ratis/ratis-grpc/0.4.0-fe2b15d-SNAPSHOT/ratis-grpc-0.4.0-fe2b15d-SNAPSHOT.jar:/root/.m2/repository/org/rocksdb/rocksdbjni/5.14.2/rocksdbjni-5.14.2.jar:/root/.m2/repository/org/apache/logging/log4j/log4j-api/2.11.0/log4j-api-2.11.0.jar:/root/.m2/repository/org/apache/logging/log4j/log4j-core/2.11.0/log4j-core-2.11.0.jar:/root/.m2/repository/com/lmax/disruptor/3.4.2/disruptor-3.4.2.jar:/root/.m2/repository/org/apache/commons/commons-pool2/2.6.0/commons-pool2-2.6.0.jar:/root/.m2/repository/org/bouncycastle/bcpkix-jdk15on/1.60/bcpkix-jdk15on-1.60.jar:/root/.m2/repository/commons-validator/commons-validator/1.6/commons-validator-1.6.jar:/root/.m2/repository/commons-digester/commons-digester/1.8.1/commons-digester-1.8.1.jar:/root/.m2/repository/io/jaegertracing/jaeger-client/0.33.1/jaeger-client-0.33.1.jar:/root/.m2/repository/io/jaegertracing/jaeger-thrift/0.33.1/jaeger-thrift-0.33.1.jar:/root/.m2/repository/org/apache/thrift/libthrift/0.11.0/libthrift-0.11.0.jar:/root/.m2/repository/com/squareup/okhttp3/okhttp/3.9.0/okhttp-3.9.0.jar:/root/.m2/repository/com/squareup/okio/okio/1.13.0/okio-1.13.0.jar:/root/.m2/repository/io/jaegertracing/jaeger-core/0.33.1/jaeger-core-0.33.1.jar:/root/.m2/repository/io/jaegertracing/jaeger-tracerresolver/0.33.1/jaeger-tracerresolver-0.33.1.jar:/root/.m2/repository/io/opentracing/contrib/opentracing-tracerresolver/0.1.5/opentracing-tracerresolver-0.1.5.jar:/root/.m2/repository/io/opentracing/opentracing-util/0.31.0/opentracing-util-0.31.0.jar:/root/.m2/repository/io/opentracing/opentracing-api/0.31.0/opentracing-api-0.31.0.jar:/root/.m2/repository/io/opentracing/opentracing-noop/0.31.0/opentracing-noop-0.31.0.jar:/root/.m2/repository/org/apache/hadoop/hadoop-hdds-server-framework/0.5.0-SNAPSHOT/hadoop-hdds-server-framework-0.5.0-SNAPSHOT.jar:/root/.m2/repository/org/apache/hadoop/hadoop-hdds-server-scm/0.5.0-SNAPSHOT/hadoop-hdds-server-scm-0.5.0-SNAPSHOT.jar:/root/.m2/repository/org/apache/hadoop/hadoop-hdds-container-service/0.5.0-SNAPSHOT/hadoop-hdds-container-service-0.5.0-SNAPSHOT.jar:/root/.m2/repository/org/apache/hadoop/hadoop-hdds-client/0.5.0-SNAPSHOT/hadoop-hdds-client-0.5.0-SNAPSHOT.jar:/root/.m2/repository/org/apache/hadoop/hadoop-hdds-tools/0.5.0-SNAPSHOT/hadoop-hdds-tools-0.5.0-SNAPSHOT.jar:/root/.m2/repository/org/apache/hadoop/hadoop-ozone-ozone-manager/0.5.0-SNAPSHOT/hadoop-ozone-ozone-manager-0.5.0-SNAPSHOT.jar:/root/.m2/repository/org/apache/hadoop/hadoop-hdds-docs/0.5.0-SNAPSHOT/hadoop-hdds-docs-0.5.0-SNAPSHOT.jar:/root/.m2/repository/org/bouncycastle/bcprov-jdk15on/1.60/bcprov-jdk15on-1.60.jar:/root/.m2/repository/org/apache/hadoop/hadoop-minikdc/3.2.0/hadoop-minikdc-3.2.0.jar:/root/.m2/repository/commons-io/commons-io/2.5/commons-io-2.5.jar:/root/.m2/repository/org/apache/kerby/kerb-simplekdc/1.0.1/kerb-simplekdc-1.0.1.jar:/root/.m2/repository/org/apache/kerby/kerb-client/1.0.1/kerb-client-1.0.1.jar:/root/.m2/repository/org/apache/kerby/kerby-config/1.0.1/kerby-config-1.0.1.jar:/root/.m2/repository/org/apache/kerby/kerb-core/1.0.1/kerb-core-1.0.1.jar:/root/.m2/repository/org/apache/kerby/kerby-pkix/1.0.1/kerby-pkix-1.0.1.jar:/root/.m2/repository/org/apache/kerby/kerby-asn1/1.0.1/kerby-asn1-1.0.1.jar:/root/.m2/repository/org/apache/kerby/kerby-util/1.0.1/kerby-util-1.0.1.jar:/root/.m2/repository/org/apache/kerby/kerb-common/1.0.1/kerb-common-1.0.1.jar:/root/.m2/repository/org/apache/kerby/kerb-crypto/1.0.1/kerb-crypto-1.0.1.jar:/root/.m2/repository/org/apache/kerby/kerb-util/1.0.1/kerb-util-1.0.1.jar:/root/.m2/repository/org/apache/kerby/token-provider/1.0.1/token-provider-1.0.1.jar:/root/.m2/repository/org/apache/kerby/kerb-admin/1.0.1/kerb-admin-1.0.1.jar:/root/.m2/repository/org/apache/kerby/kerb-server/1.0.1/kerb-server-1.0.1.jar:/root/.m2/repository/org/apache/kerby/kerb-identity/1.0.1/kerb-identity-1.0.1.jar:/root/.m2/repository/org/apache/kerby/kerby-xdr/1.0.1/kerby-xdr-1.0.1.jar:/root/.m2/repository/org/slf4j/slf4j-log4j12/1.7.25/slf4j-log4j12-1.7.25.jar:/root/.m2/repository/org/apache/hadoop/hadoop-ozone-objectstore-service/0.5.0-SNAPSHOT/hadoop-ozone-objectstore-service-0.5.0-SNAPSHOT.jar:/root/.m2/repository/org/apache/hadoop/hadoop-ozone-s3gateway/0.5.0-SNAPSHOT/hadoop-ozone-s3gateway-0.5.0-SNAPSHOT.jar:/root/.m2/repository/org/jboss/weld/servlet/weld-servlet/2.4.7.Final/weld-servlet-2.4.7.Final.jar:/root/.m2/repository/org/glassfish/jersey/containers/jersey-container-servlet-core/2.27/jersey-container-servlet-core-2.27.jar:/root/.m2/repository/org/glassfish/hk2/external/javax.inject/2.5.0-b42/javax.inject-2.5.0-b42.jar:/root/.m2/repository/org/glassfish/jersey/core/jersey-common/2.27/jersey-common-2.27.jar:/root/.m2/repository/org/glassfish/hk2/osgi-resource-locator/1.0.1/osgi-resource-locator-1.0.1.jar:/root/.m2/repository/javax/ws/rs/javax.ws.rs-api/2.1/javax.ws.rs-api-2.1.jar:/root/.m2/repository/org/glassfish/jersey/ext/cdi/jersey-cdi1x/2.27/jersey-cdi1x-2.27.jar:/root/.m2/repository/org/glassfish/jersey/inject/jersey-hk2/2.27/jersey-hk2-2.27.jar:/root/.m2/repository/org/glassfish/hk2/hk2-locator/2.5.0-b42/hk2-locator-2.5.0-b42.jar:/root/.m2/repository/org/javassist/javassist/3.22.0-CR2/javassist-3.22.0-CR2.jar:/root/.m2/repository/org/glassfish/hk2/hk2-api/2.5.0/hk2-api-2.5.0.jar:/root/.m2/repository/org/glassfish/hk2/external/jakarta.inject/2.5.0/jakarta.inject-2.5.0.jar:/root/.m2/repository/org/glassfish/hk2/hk2-utils/2.5.0/hk2-utils-2.5.0.jar:/root/.m2/repository/jakarta/annotation/jakarta.annotation-api/1.3.4/jakarta.annotation-api-1.3.4.jar:/root/.m2/repository/org/glassfish/hk2/external/aopalliance-repackaged/2.5.0/aopalliance-repackaged-2.5.0.jar:/root/.m2/repository/com/fasterxml/jackson/dataformat/jackson-dataformat-xml/2.9.0/jackson-dataformat-xml-2.9.0.jar:/root/.m2/repository/com/fasterxml/jackson/core/jackson-core/2.9.5/jackson-core-2.9.5.jar:/root/.m2/repository/com/fasterxml/jackson/module/jackson-module-jaxb-annotations/2.9.5/jackson-module-jaxb-annotations-2.9.5.jar:/root/.m2/repository/javax/enterprise/cdi-api/1.2/cdi-api-1.2.jar:/root/.m2/repository/javax/el/javax.el-api/3.0.0/javax.el-api-3.0.0.jar:/root/.m2/repository/javax/interceptor/javax.interceptor-api/1.2/javax.interceptor-api-1.2.jar:/root/.m2/repository/javax/inject/javax.inject/1/javax.inject-1.jar:/root/.m2/repository/com/sun/xml/bind/jaxb-impl/2.3.0.1/jaxb-impl-2.3.0.1.jar:/root/.m2/repository/com/sun/xml/bind/jaxb-core/2.3.0.1/jaxb-core-2.3.0.1.jar:/root/.m2/repository/javax/xml/bind/jaxb-api/2.3.0/jaxb-api-2.3.0.jar:/root/.m2/repository/javax/activation/activation/1.1.1/activation-1.1.1.jar:/root/.m2/repository/org/apache/hadoop/hadoop-ozone-csi/0.5.0-SNAPSHOT/hadoop-ozone-csi-0.5.0-SNAPSHOT.jar:/root/.m2/repository/com/google/protobuf/protobuf-java-util/3.5.1/protobuf-java-util-3.5.1.jar:/root/.m2/repository/org/apache/hadoop/hadoop-hdds-config/0.5.0-SNAPSHOT/hadoop-hdds-config-0.5.0-SNAPSHOT.jar:/root/.m2/repository/com/google/guava/guava/11.0.2/guava-11.0.2.jar:/root/.m2/repository/com/google/protobuf/protobuf-java/2.5.0/protobuf-java-2.5.0.jar:/root/.m2/repository/io/grpc/grpc-netty/1.17.1/grpc-netty-1.17.1.jar:/root/.m2/repository/io/grpc/grpc-core/1.17.1/grpc-core-1.17.1.jar:/root/.m2/repository/io/grpc/grpc-context/1.17.1/grpc-context-1.17.1.jar:/root/.m2/repository/com/google/errorprone/error_prone_annotations/2.2.0/error_prone_annotations-2.2.0.jar:/root/.m2/repository/org/codehaus/mojo/animal-sniffer-annotations/1.17/animal-sniffer-annotations-1.17.jar:/root/.m2/repository/io/opencensus/opencensus-api/0.17.0/opencensus-api-0.17.0.jar:/root/.m2/repository/io/opencensus/opencensus-contrib-grpc-metrics/0.17.0/opencensus-contrib-grpc-metrics-0.17.0.jar:/root/.m2/repository/io/netty/netty-codec-http2/4.1.30.Final/netty-codec-http2-4.1.30.Final.jar:/root/.m2/repository/io/netty/netty-codec-http/4.1.30.Final/netty-codec-http-4.1.30.Final.jar:/root/.m2/repository/io/netty/netty-codec/4.1.30.Final/netty-codec-4.1.30.Final.jar:/root/.m2/repository/io/netty/netty-handler/4.1.30.Final/netty-handler-4.1.30.Final.jar:/root/.m2/repository/io/netty/netty-handler-proxy/4.1.30.Final/netty-handler-proxy-4.1.30.Final.jar:/root/.m2/repository/io/netty/netty-codec-socks/4.1.30.Final/netty-codec-socks-4.1.30.Final.jar:/root/.m2/repository/io/netty/netty-transport-native-epoll/4.1.30.Final/netty-transport-native-epoll-4.1.30.Final.jar:/root/.m2/repository/io/netty/netty-common/4.1.30.Final/netty-common-4.1.30.Final.jar:/root/.m2/repository/io/netty/netty-buffer/4.1.30.Final/netty-buffer-4.1.30.Final.jar:/root/.m2/repository/io/netty/netty-transport/4.1.30.Final/netty-transport-4.1.30.Final.jar:/root/.m2/repository/io/netty/netty-resolver/4.1.30.Final/netty-resolver-4.1.30.Final.jar:/root/.m2/repository/io/netty/netty-transport-native-unix-common/4.1.30.Final/netty-transport-native-unix-common-4.1.30.Final.jar:/root/.m2/repository/io/grpc/grpc-protobuf/1.17.1/grpc-protobuf-1.17.1.jar:/root/.m2/repository/com/google/api/grpc/proto-google-common-protos/1.0.0/proto-google-common-protos-1.0.0.jar:/root/.m2/repository/io/grpc/grpc-protobuf-lite/1.17.1/grpc-protobuf-lite-1.17.1.jar:/root/.m2/repository/io/grpc/grpc-stub/1.17.1/grpc-stub-1.17.1.jar:/root/.m2/repository/org/apache/hadoop/hadoop-ozone-recon/0.5.0-SNAPSHOT/hadoop-ozone-recon-0.5.0-SNAPSHOT.jar:/root/.m2/repository/org/apache/hadoop/hadoop-ozone-reconcodegen/0.5.0-SNAPSHOT/hadoop-ozone-reconcodegen-0.5.0-SNAPSHOT.jar:/root/.m2/repository/com/google/inject/extensions/guice-multibindings/4.0/guice-multibindings-4.0.jar:/root/.m2/repository/com/google/inject/guice/4.0/guice-4.0.jar:/root/.m2/repository/aopalliance/aopalliance/1.0/aopalliance-1.0.jar:/root/.m2/repository/com/google/inject/extensions/guice-servlet/4.0/guice-servlet-4.0.jar:/root/.m2/repository/org/glassfish/jersey/containers/jersey-container-servlet/2.27/jersey-container-servlet-2.27.jar:/root/.m2/repository/org/glassfish/hk2/guice-bridge/2.5.0/guice-bridge-2.5.0.jar:/root/.m2/repository/org/glassfish/jersey/core/jersey-server/2.27/jersey-server-2.27.jar:/root/.m2/repository/org/glassfish/jersey/core/jersey-client/2.27/jersey-client-2.27.jar:/root/.m2/repository/org/glassfish/jersey/media/jersey-media-jaxb/2.27/jersey-media-jaxb-2.27.jar:/root/.m2/repository/javax/validation/validation-api/1.1.0.Final/validation-api-1.1.0.Final.jar:/root/.m2/repository/org/glassfish/jersey/media/jersey-media-json-jackson/2.27/jersey-media-json-jackson-2.27.jar:/root/.m2/repository/org/glassfish/jersey/ext/jersey-entity-filtering/2.27/jersey-entity-filtering-2.27.jar:/root/.m2/repository/com/google/inject/extensions/guice-assistedinject/4.0/guice-assistedinject-4.0.jar:/root/.m2/repository/org/jooq/jooq/3.11.10/jooq-3.11.10.jar:/root/.m2/repository/org/jooq/jooq-meta/3.11.10/jooq-meta-3.11.10.jar:/root/.m2/repository/org/jooq/jooq-codegen/3.11.10/jooq-codegen-3.11.10.jar:/root/.m2/repository/com/jolbox/bonecp/0.8.0.RELEASE/bonecp-0.8.0.RELEASE.jar:/root/.m2/repository/org/xerial/sqlite-jdbc/3.25.2/sqlite-jdbc-3.25.2.jar:/root/.m2/repository/org/springframework/spring-jdbc/5.1.3.RELEASE/spring-jdbc-5.1.3.RELEASE.jar:/root/.m2/repository/org/springframework/spring-beans/5.1.3.RELEASE/spring-beans-5.1.3.RELEASE.jar:/root/.m2/repository/org/springframework/spring-core/5.1.3.RELEASE/spring-core-5.1.3.RELEASE.jar:/root/.m2/repository/org/springframework/spring-jcl/5.1.3.RELEASE/spring-jcl-5.1.3.RELEASE.jar:/root/.m2/repository/org/springframework/spring-tx/5.1.3.RELEASE/spring-tx-5.1.3.RELEASE.jar:/root/.m2/repository/org/apache/hadoop/hadoop-ozone-client/0.5.0-SNAPSHOT/hadoop-ozone-client-0.5.0-SNAPSHOT.jar:/root/.m2/repository/org/apache/hadoop/hadoop-ozone-ozone-manager/0.5.0-SNAPSHOT/hadoop-ozone-ozone-manager-0.5.0-SNAPSHOT-tests.jar:/root/.m2/repository/junit/junit/4.11/junit-4.11.jar:/root/.m2/repository/org/hamcrest/hamcrest-core/1.3/hamcrest-core-1.3.jar:/root/.m2/repository/org/openjdk/jmh/jmh-core/1.19/jmh-core-1.19.jar:/root/.m2/repository/net/sf/jopt-simple/jopt-simple/4.6/jopt-simple-4.6.jar:/root/.m2/repository/org/apache/commons/commons-math3/3.1.1/commons-math3-3.1.1.jar:/root/.m2/repository/org/openjdk/jmh/jmh-generator-annprocess/1.19/jmh-generator-annprocess-1.19.jar:/root/.m2/repository/org/mockito/mockito-all/1.8.5/mockito-all-1.8.5.jar:/root/.m2/repository/org/apache/hadoop/hadoop-kms/3.2.0/hadoop-kms-3.2.0.jar:/root/.m2/repository/org/apache/hadoop/hadoop-auth/3.2.0/hadoop-auth-3.2.0.jar:/root/.m2/repository/com/nimbusds/nimbus-jose-jwt/4.41.1/nimbus-jose-jwt-4.41.1.jar:/root/.m2/repository/com/github/stephenc/jcip/jcip-annotations/1.0-1/jcip-annotations-1.0-1.jar:/root/.m2/repository/net/minidev/json-smart/2.3/json-smart-2.3.jar:/root/.m2/repository/net/minidev/accessors-smart/1.2/accessors-smart-1.2.jar:/root/.m2/repository/org/ow2/asm/asm/5.0.4/asm-5.0.4.jar:/root/.m2/repository/org/apache/curator/curator-framework/2.12.0/curator-framework-2.12.0.jar:/root/.m2/repository/com/sun/jersey/jersey-core/1.19/jersey-core-1.19.jar:/root/.m2/repository/javax/ws/rs/jsr311-api/1.1.1/jsr311-api-1.1.1.jar:/root/.m2/repository/com/sun/jersey/jersey-server/1.19/jersey-server-1.19.jar:/root/.m2/repository/javax/servlet/javax.servlet-api/3.1.0/javax.servlet-api-3.1.0.jar:/root/.m2/repository/org/eclipse/jetty/jetty-server/9.3.24.v20180605/jetty-server-9.3.24.v20180605.jar:/root/.m2/repository/org/eclipse/jetty/jetty-http/9.3.24.v20180605/jetty-http-9.3.24.v20180605.jar:/root/.m2/repository/org/eclipse/jetty/jetty-io/9.3.24.v20180605/jetty-io-9.3.24.v20180605.jar:/root/.m2/repository/org/eclipse/jetty/jetty-webapp/9.3.24.v20180605/jetty-webapp-9.3.24.v20180605.jar:/root/.m2/repository/org/eclipse/jetty/jetty-xml/9.3.24.v20180605/jetty-xml-9.3.24.v20180605.jar:/root/.m2/repository/log4j/log4j/1.2.17/log4j-1.2.17.jar:/root/.m2/repository/org/slf4j/slf4j-api/1.7.25/slf4j-api-1.7.25.jar:/root/.m2/repository/org/slf4j/jul-to-slf4j/1.7.25/jul-to-slf4j-1.7.25.jar:/root/.m2/repository/org/eclipse/jetty/jetty-util/9.3.24.v20180605/jetty-util-9.3.24.v20180605.jar:/root/.m2/repository/io/dropwizard/metrics/metrics-core/3.2.4/metrics-core-3.2.4.jar:/root/.m2/repository/com/fasterxml/jackson/core/jackson-databind/2.9.5/jackson-databind-2.9.5.jar:/root/.m2/repository/org/apache/hadoop/hadoop-kms/3.2.0/hadoop-kms-3.2.0-tests.jar:/root/.m2/repository/org/apache/hadoop/hadoop-hdds-server-scm/0.5.0-SNAPSHOT/hadoop-hdds-server-scm-0.5.0-SNAPSHOT-tests.jar:/root/.m2/repository/org/hamcrest/hamcrest-all/1.3/hamcrest-all-1.3.jar:/root/.m2/repository/info/picocli/picocli/3.9.6/picocli-3.9.6.jar:/root/.m2/repository/org/apache/hadoop/hadoop-hdds-container-service/0.5.0-SNAPSHOT/hadoop-hdds-container-service-0.5.0-SNAPSHOT-tests.jar:/root/.m2/repository/org/yaml/snakeyaml/1.16/snakeyaml-1.16.jar:/root/.m2/repository/org/apache/hadoop/hadoop-common/3.2.0/hadoop-common-3.2.0-tests.jar:/root/.m2/repository/org/apache/hadoop/hadoop-annotations/3.2.0/hadoop-annotations-3.2.0.jar:/usr/lib/jvm/java-1.8-openjdk/jre/../lib/tools.jar:/root/.m2/repository/commons-cli/commons-cli/1.2/commons-cli-1.2.jar:/root/.m2/repository/org/apache/httpcomponents/httpclient/4.5.2/httpclient-4.5.2.jar:/root/.m2/repository/org/apache/httpcomponents/httpcore/4.4.4/httpcore-4.4.4.jar:/root/.m2/repository/commons-codec/commons-codec/1.11/commons-codec-1.11.jar:/root/.m2/repository/commons-net/commons-net/3.6/commons-net-3.6.jar:/root/.m2/repository/commons-collections/commons-collections/3.2.2/commons-collections-3.2.2.jar:/root/.m2/repository/org/eclipse/jetty/jetty-servlet/9.3.24.v20180605/jetty-servlet-9.3.24.v20180605.jar:/root/.m2/repository/org/eclipse/jetty/jetty-security/9.3.24.v20180605/jetty-security-9.3.24.v20180605.jar:/root/.m2/repository/javax/servlet/jsp/jsp-api/2.1/jsp-api-2.1.jar:/root/.m2/repository/com/sun/jersey/jersey-servlet/1.19/jersey-servlet-1.19.jar:/root/.m2/repository/com/sun/jersey/jersey-json/1.19/jersey-json-1.19.jar:/root/.m2/repository/org/codehaus/jettison/jettison/1.1/jettison-1.1.jar:/root/.m2/repository/org/codehaus/jackson/jackson-core-asl/1.9.13/jackson-core-asl-1.9.13.jar:/root/.m2/repository/org/codehaus/jackson/jackson-mapper-asl/1.9.13/jackson-mapper-asl-1.9.13.jar:/root/.m2/repository/org/codehaus/jackson/jackson-jaxrs/1.9.13/jackson-jaxrs-1.9.13.jar:/root/.m2/repository/org/codehaus/jackson/jackson-xc/1.9.13/jackson-xc-1.9.13.jar:/root/.m2/repository/commons-logging/commons-logging/1.1.3/commons-logging-1.1.3.jar:/root/.m2/repository/commons-beanutils/commons-beanutils/1.9.3/commons-beanutils-1.9.3.jar:/root/.m2/repository/org/apache/commons/commons-configuration2/2.1.1/commons-configuration2-2.1.1.jar:/root/.m2/repository/org/apache/commons/commons-lang3/3.7/commons-lang3-3.7.jar:/root/.m2/repository/org/apache/commons/commons-text/1.4/commons-text-1.4.jar:/root/.m2/repository/org/apache/avro/avro/1.7.7/avro-1.7.7.jar:/root/.m2/repository/com/thoughtworks/paranamer/paranamer/2.3/paranamer-2.3.jar:/root/.m2/repository/org/xerial/snappy/snappy-java/1.0.5/snappy-java-1.0.5.jar:/root/.m2/repository/com/google/re2j/re2j/1.1/re2j-1.1.jar:/root/.m2/repository/com/google/code/gson/gson/2.2.4/gson-2.2.4.jar:/root/.m2/repository/com/jcraft/jsch/0.1.54/jsch-0.1.54.jar:/root/.m2/repository/org/apache/curator/curator-client/2.12.0/curator-client-2.12.0.jar:/root/.m2/repository/org/apache/curator/curator-recipes/2.12.0/curator-recipes-2.12.0.jar:/root/.m2/repository/com/google/code/findbugs/jsr305/3.0.0/jsr305-3.0.0.jar:/root/.m2/repository/org/apache/htrace/htrace-core4/4.1.0-incubating/htrace-core4-4.1.0-incubating.jar:/root/.m2/repository/org/apache/zookeeper/zookeeper/3.4.13/zookeeper-3.4.13.jar:/root/.m2/repository/org/apache/yetus/audience-annotations/0.5.0/audience-annotations-0.5.0.jar:/root/.m2/repository/org/codehaus/woodstox/stax2-api/3.1.4/stax2-api-3.1.4.jar:/root/.m2/repository/com/fasterxml/woodstox/woodstox-core/5.0.3/woodstox-core-5.0.3.jar:/root/.m2/repository/dnsjava/dnsjava/2.1.7/dnsjava-2.1.7.jar:/root/.m2/repository/org/apache/hadoop/hadoop-hdfs/3.2.0/hadoop-hdfs-3.2.0-tests.jar:/root/.m2/repository/org/eclipse/jetty/jetty-util-ajax/9.3.24.v20180605/jetty-util-ajax-9.3.24.v20180605.jar:/root/.m2/repository/commons-daemon/commons-daemon/1.0.13/commons-daemon-1.0.13.jar:/root/.m2/repository/io/netty/netty/3.10.5.Final/netty-3.10.5.Final.jar:/root/.m2/repository/io/netty/netty-all/4.0.52.Final/netty-all-4.0.52.Final.jar:/root/.m2/repository/org/fusesource/leveldbjni/leveldbjni-all/1.8/leveldbjni-all-1.8.jar:"/>
    <property name="java.vm.vendor" value="IcedTea"/>
    <property name="sun.arch.data.model" value="64"/>
    <property name="test.build.dir" value="/opt/src/hadoop-ozone/integration-test/target/test-dir"/>
    <property name="test.cache.data" value=""/>
    <property name="java.vendor.url" value="https://icedtea.classpath.org"/>
    <property name="user.timezone" value=""/>
    <property name="java.vm.specification.version" value="1.8"/>
    <property name="os.name" value="Linux"/>
    <property name="test.build.data" value="/opt/src/hadoop-ozone/integration-test/target/test-dir"/>
    <property name="user.country" value="US"/>
    <property name="sun.java.launcher" value="SUN_STANDARD"/>
    <property name="sun.boot.library.path" value="/usr/lib/jvm/java-1.8-openjdk/jre/lib/amd64"/>
    <property name="sun.java.command" value="/opt/src/hadoop-ozone/integration-test/target/surefire/surefirebooter3020132094950771660.jar /opt/src/hadoop-ozone/integration-test/target/surefire 2019-06-12T21-41-41_390-jvmRun1 surefire5202955604693092166tmp surefire_83545592073766115795tmp"/>
    <property name="surefire.test.class.path" value="/opt/src/hadoop-ozone/integration-test/target/test-classes:/opt/src/hadoop-ozone/integration-test/target/classes:/root/.m2/repository/org/apache/hadoop/hadoop-ozone-common/0.5.0-SNAPSHOT/hadoop-ozone-common-0.5.0-SNAPSHOT.jar:/root/.m2/repository/org/apache/commons/commons-compress/1.4.1/commons-compress-1.4.1.jar:/root/.m2/repository/org/tukaani/xz/1.0/xz-1.0.jar:/root/.m2/repository/org/apache/hadoop/hadoop-common/3.2.0/hadoop-common-3.2.0.jar:/root/.m2/repository/org/apache/hadoop/hadoop-hdfs/3.2.0/hadoop-hdfs-3.2.0.jar:/root/.m2/repository/org/apache/hadoop/hadoop-hdfs-client/3.2.0/hadoop-hdfs-client-3.2.0.jar:/root/.m2/repository/com/fasterxml/jackson/core/jackson-annotations/2.9.5/jackson-annotations-2.9.5.jar:/root/.m2/repository/org/apache/hadoop/hadoop-hdds-common/0.5.0-SNAPSHOT/hadoop-hdds-common-0.5.0-SNAPSHOT.jar:/root/.m2/repository/javax/annotation/javax.annotation-api/1.2/javax.annotation-api-1.2.jar:/root/.m2/repository/org/apache/ratis/ratis-server/0.4.0-fe2b15d-SNAPSHOT/ratis-server-0.4.0-fe2b15d-SNAPSHOT.jar:/root/.m2/repository/org/apache/ratis/ratis-thirdparty-misc/0.2.0/ratis-thirdparty-misc-0.2.0.jar:/root/.m2/repository/org/apache/ratis/ratis-proto/0.4.0-fe2b15d-SNAPSHOT/ratis-proto-0.4.0-fe2b15d-SNAPSHOT.jar:/root/.m2/repository/org/apache/ratis/ratis-common/0.4.0-fe2b15d-SNAPSHOT/ratis-common-0.4.0-fe2b15d-SNAPSHOT.jar:/root/.m2/repository/org/apache/ratis/ratis-client/0.4.0-fe2b15d-SNAPSHOT/ratis-client-0.4.0-fe2b15d-SNAPSHOT.jar:/root/.m2/repository/org/apache/ratis/ratis-netty/0.4.0-fe2b15d-SNAPSHOT/ratis-netty-0.4.0-fe2b15d-SNAPSHOT.jar:/root/.m2/repository/org/apache/ratis/ratis-grpc/0.4.0-fe2b15d-SNAPSHOT/ratis-grpc-0.4.0-fe2b15d-SNAPSHOT.jar:/root/.m2/repository/org/rocksdb/rocksdbjni/5.14.2/rocksdbjni-5.14.2.jar:/root/.m2/repository/org/apache/logging/log4j/log4j-api/2.11.0/log4j-api-2.11.0.jar:/root/.m2/repository/org/apache/logging/log4j/log4j-core/2.11.0/log4j-core-2.11.0.jar:/root/.m2/repository/com/lmax/disruptor/3.4.2/disruptor-3.4.2.jar:/root/.m2/repository/org/apache/commons/commons-pool2/2.6.0/commons-pool2-2.6.0.jar:/root/.m2/repository/org/bouncycastle/bcpkix-jdk15on/1.60/bcpkix-jdk15on-1.60.jar:/root/.m2/repository/commons-validator/commons-validator/1.6/commons-validator-1.6.jar:/root/.m2/repository/commons-digester/commons-digester/1.8.1/commons-digester-1.8.1.jar:/root/.m2/repository/io/jaegertracing/jaeger-client/0.33.1/jaeger-client-0.33.1.jar:/root/.m2/repository/io/jaegertracing/jaeger-thrift/0.33.1/jaeger-thrift-0.33.1.jar:/root/.m2/repository/org/apache/thrift/libthrift/0.11.0/libthrift-0.11.0.jar:/root/.m2/repository/com/squareup/okhttp3/okhttp/3.9.0/okhttp-3.9.0.jar:/root/.m2/repository/com/squareup/okio/okio/1.13.0/okio-1.13.0.jar:/root/.m2/repository/io/jaegertracing/jaeger-core/0.33.1/jaeger-core-0.33.1.jar:/root/.m2/repository/io/jaegertracing/jaeger-tracerresolver/0.33.1/jaeger-tracerresolver-0.33.1.jar:/root/.m2/repository/io/opentracing/contrib/opentracing-tracerresolver/0.1.5/opentracing-tracerresolver-0.1.5.jar:/root/.m2/repository/io/opentracing/opentracing-util/0.31.0/opentracing-util-0.31.0.jar:/root/.m2/repository/io/opentracing/opentracing-api/0.31.0/opentracing-api-0.31.0.jar:/root/.m2/repository/io/opentracing/opentracing-noop/0.31.0/opentracing-noop-0.31.0.jar:/root/.m2/repository/org/apache/hadoop/hadoop-hdds-server-framework/0.5.0-SNAPSHOT/hadoop-hdds-server-framework-0.5.0-SNAPSHOT.jar:/root/.m2/repository/org/apache/hadoop/hadoop-hdds-server-scm/0.5.0-SNAPSHOT/hadoop-hdds-server-scm-0.5.0-SNAPSHOT.jar:/root/.m2/repository/org/apache/hadoop/hadoop-hdds-container-service/0.5.0-SNAPSHOT/hadoop-hdds-container-service-0.5.0-SNAPSHOT.jar:/root/.m2/repository/org/apache/hadoop/hadoop-hdds-client/0.5.0-SNAPSHOT/hadoop-hdds-client-0.5.0-SNAPSHOT.jar:/root/.m2/repository/org/apache/hadoop/hadoop-hdds-tools/0.5.0-SNAPSHOT/hadoop-hdds-tools-0.5.0-SNAPSHOT.jar:/root/.m2/repository/org/apache/hadoop/hadoop-ozone-ozone-manager/0.5.0-SNAPSHOT/hadoop-ozone-ozone-manager-0.5.0-SNAPSHOT.jar:/root/.m2/repository/org/apache/hadoop/hadoop-hdds-docs/0.5.0-SNAPSHOT/hadoop-hdds-docs-0.5.0-SNAPSHOT.jar:/root/.m2/repository/org/bouncycastle/bcprov-jdk15on/1.60/bcprov-jdk15on-1.60.jar:/root/.m2/repository/org/apache/hadoop/hadoop-minikdc/3.2.0/hadoop-minikdc-3.2.0.jar:/root/.m2/repository/commons-io/commons-io/2.5/commons-io-2.5.jar:/root/.m2/repository/org/apache/kerby/kerb-simplekdc/1.0.1/kerb-simplekdc-1.0.1.jar:/root/.m2/repository/org/apache/kerby/kerb-client/1.0.1/kerb-client-1.0.1.jar:/root/.m2/repository/org/apache/kerby/kerby-config/1.0.1/kerby-config-1.0.1.jar:/root/.m2/repository/org/apache/kerby/kerb-core/1.0.1/kerb-core-1.0.1.jar:/root/.m2/repository/org/apache/kerby/kerby-pkix/1.0.1/kerby-pkix-1.0.1.jar:/root/.m2/repository/org/apache/kerby/kerby-asn1/1.0.1/kerby-asn1-1.0.1.jar:/root/.m2/repository/org/apache/kerby/kerby-util/1.0.1/kerby-util-1.0.1.jar:/root/.m2/repository/org/apache/kerby/kerb-common/1.0.1/kerb-common-1.0.1.jar:/root/.m2/repository/org/apache/kerby/kerb-crypto/1.0.1/kerb-crypto-1.0.1.jar:/root/.m2/repository/org/apache/kerby/kerb-util/1.0.1/kerb-util-1.0.1.jar:/root/.m2/repository/org/apache/kerby/token-provider/1.0.1/token-provider-1.0.1.jar:/root/.m2/repository/org/apache/kerby/kerb-admin/1.0.1/kerb-admin-1.0.1.jar:/root/.m2/repository/org/apache/kerby/kerb-server/1.0.1/kerb-server-1.0.1.jar:/root/.m2/repository/org/apache/kerby/kerb-identity/1.0.1/kerb-identity-1.0.1.jar:/root/.m2/repository/org/apache/kerby/kerby-xdr/1.0.1/kerby-xdr-1.0.1.jar:/root/.m2/repository/org/slf4j/slf4j-log4j12/1.7.25/slf4j-log4j12-1.7.25.jar:/root/.m2/repository/org/apache/hadoop/hadoop-ozone-objectstore-service/0.5.0-SNAPSHOT/hadoop-ozone-objectstore-service-0.5.0-SNAPSHOT.jar:/root/.m2/repository/org/apache/hadoop/hadoop-ozone-s3gateway/0.5.0-SNAPSHOT/hadoop-ozone-s3gateway-0.5.0-SNAPSHOT.jar:/root/.m2/repository/org/jboss/weld/servlet/weld-servlet/2.4.7.Final/weld-servlet-2.4.7.Final.jar:/root/.m2/repository/org/glassfish/jersey/containers/jersey-container-servlet-core/2.27/jersey-container-servlet-core-2.27.jar:/root/.m2/repository/org/glassfish/hk2/external/javax.inject/2.5.0-b42/javax.inject-2.5.0-b42.jar:/root/.m2/repository/org/glassfish/jersey/core/jersey-common/2.27/jersey-common-2.27.jar:/root/.m2/repository/org/glassfish/hk2/osgi-resource-locator/1.0.1/osgi-resource-locator-1.0.1.jar:/root/.m2/repository/javax/ws/rs/javax.ws.rs-api/2.1/javax.ws.rs-api-2.1.jar:/root/.m2/repository/org/glassfish/jersey/ext/cdi/jersey-cdi1x/2.27/jersey-cdi1x-2.27.jar:/root/.m2/repository/org/glassfish/jersey/inject/jersey-hk2/2.27/jersey-hk2-2.27.jar:/root/.m2/repository/org/glassfish/hk2/hk2-locator/2.5.0-b42/hk2-locator-2.5.0-b42.jar:/root/.m2/repository/org/javassist/javassist/3.22.0-CR2/javassist-3.22.0-CR2.jar:/root/.m2/repository/org/glassfish/hk2/hk2-api/2.5.0/hk2-api-2.5.0.jar:/root/.m2/repository/org/glassfish/hk2/external/jakarta.inject/2.5.0/jakarta.inject-2.5.0.jar:/root/.m2/repository/org/glassfish/hk2/hk2-utils/2.5.0/hk2-utils-2.5.0.jar:/root/.m2/repository/jakarta/annotation/jakarta.annotation-api/1.3.4/jakarta.annotation-api-1.3.4.jar:/root/.m2/repository/org/glassfish/hk2/external/aopalliance-repackaged/2.5.0/aopalliance-repackaged-2.5.0.jar:/root/.m2/repository/com/fasterxml/jackson/dataformat/jackson-dataformat-xml/2.9.0/jackson-dataformat-xml-2.9.0.jar:/root/.m2/repository/com/fasterxml/jackson/core/jackson-core/2.9.5/jackson-core-2.9.5.jar:/root/.m2/repository/com/fasterxml/jackson/module/jackson-module-jaxb-annotations/2.9.5/jackson-module-jaxb-annotations-2.9.5.jar:/root/.m2/repository/javax/enterprise/cdi-api/1.2/cdi-api-1.2.jar:/root/.m2/repository/javax/el/javax.el-api/3.0.0/javax.el-api-3.0.0.jar:/root/.m2/repository/javax/interceptor/javax.interceptor-api/1.2/javax.interceptor-api-1.2.jar:/root/.m2/repository/javax/inject/javax.inject/1/javax.inject-1.jar:/root/.m2/repository/com/sun/xml/bind/jaxb-impl/2.3.0.1/jaxb-impl-2.3.0.1.jar:/root/.m2/repository/com/sun/xml/bind/jaxb-core/2.3.0.1/jaxb-core-2.3.0.1.jar:/root/.m2/repository/javax/xml/bind/jaxb-api/2.3.0/jaxb-api-2.3.0.jar:/root/.m2/repository/javax/activation/activation/1.1.1/activation-1.1.1.jar:/root/.m2/repository/org/apache/hadoop/hadoop-ozone-csi/0.5.0-SNAPSHOT/hadoop-ozone-csi-0.5.0-SNAPSHOT.jar:/root/.m2/repository/com/google/protobuf/protobuf-java-util/3.5.1/protobuf-java-util-3.5.1.jar:/root/.m2/repository/org/apache/hadoop/hadoop-hdds-config/0.5.0-SNAPSHOT/hadoop-hdds-config-0.5.0-SNAPSHOT.jar:/root/.m2/repository/com/google/guava/guava/11.0.2/guava-11.0.2.jar:/root/.m2/repository/com/google/protobuf/protobuf-java/2.5.0/protobuf-java-2.5.0.jar:/root/.m2/repository/io/grpc/grpc-netty/1.17.1/grpc-netty-1.17.1.jar:/root/.m2/repository/io/grpc/grpc-core/1.17.1/grpc-core-1.17.1.jar:/root/.m2/repository/io/grpc/grpc-context/1.17.1/grpc-context-1.17.1.jar:/root/.m2/repository/com/google/errorprone/error_prone_annotations/2.2.0/error_prone_annotations-2.2.0.jar:/root/.m2/repository/org/codehaus/mojo/animal-sniffer-annotations/1.17/animal-sniffer-annotations-1.17.jar:/root/.m2/repository/io/opencensus/opencensus-api/0.17.0/opencensus-api-0.17.0.jar:/root/.m2/repository/io/opencensus/opencensus-contrib-grpc-metrics/0.17.0/opencensus-contrib-grpc-metrics-0.17.0.jar:/root/.m2/repository/io/netty/netty-codec-http2/4.1.30.Final/netty-codec-http2-4.1.30.Final.jar:/root/.m2/repository/io/netty/netty-codec-http/4.1.30.Final/netty-codec-http-4.1.30.Final.jar:/root/.m2/repository/io/netty/netty-codec/4.1.30.Final/netty-codec-4.1.30.Final.jar:/root/.m2/repository/io/netty/netty-handler/4.1.30.Final/netty-handler-4.1.30.Final.jar:/root/.m2/repository/io/netty/netty-handler-proxy/4.1.30.Final/netty-handler-proxy-4.1.30.Final.jar:/root/.m2/repository/io/netty/netty-codec-socks/4.1.30.Final/netty-codec-socks-4.1.30.Final.jar:/root/.m2/repository/io/netty/netty-transport-native-epoll/4.1.30.Final/netty-transport-native-epoll-4.1.30.Final.jar:/root/.m2/repository/io/netty/netty-common/4.1.30.Final/netty-common-4.1.30.Final.jar:/root/.m2/repository/io/netty/netty-buffer/4.1.30.Final/netty-buffer-4.1.30.Final.jar:/root/.m2/repository/io/netty/netty-transport/4.1.30.Final/netty-transport-4.1.30.Final.jar:/root/.m2/repository/io/netty/netty-resolver/4.1.30.Final/netty-resolver-4.1.30.Final.jar:/root/.m2/repository/io/netty/netty-transport-native-unix-common/4.1.30.Final/netty-transport-native-unix-common-4.1.30.Final.jar:/root/.m2/repository/io/grpc/grpc-protobuf/1.17.1/grpc-protobuf-1.17.1.jar:/root/.m2/repository/com/google/api/grpc/proto-google-common-protos/1.0.0/proto-google-common-protos-1.0.0.jar:/root/.m2/repository/io/grpc/grpc-protobuf-lite/1.17.1/grpc-protobuf-lite-1.17.1.jar:/root/.m2/repository/io/grpc/grpc-stub/1.17.1/grpc-stub-1.17.1.jar:/root/.m2/repository/org/apache/hadoop/hadoop-ozone-recon/0.5.0-SNAPSHOT/hadoop-ozone-recon-0.5.0-SNAPSHOT.jar:/root/.m2/repository/org/apache/hadoop/hadoop-ozone-reconcodegen/0.5.0-SNAPSHOT/hadoop-ozone-reconcodegen-0.5.0-SNAPSHOT.jar:/root/.m2/repository/com/google/inject/extensions/guice-multibindings/4.0/guice-multibindings-4.0.jar:/root/.m2/repository/com/google/inject/guice/4.0/guice-4.0.jar:/root/.m2/repository/aopalliance/aopalliance/1.0/aopalliance-1.0.jar:/root/.m2/repository/com/google/inject/extensions/guice-servlet/4.0/guice-servlet-4.0.jar:/root/.m2/repository/org/glassfish/jersey/containers/jersey-container-servlet/2.27/jersey-container-servlet-2.27.jar:/root/.m2/repository/org/glassfish/hk2/guice-bridge/2.5.0/guice-bridge-2.5.0.jar:/root/.m2/repository/org/glassfish/jersey/core/jersey-server/2.27/jersey-server-2.27.jar:/root/.m2/repository/org/glassfish/jersey/core/jersey-client/2.27/jersey-client-2.27.jar:/root/.m2/repository/org/glassfish/jersey/media/jersey-media-jaxb/2.27/jersey-media-jaxb-2.27.jar:/root/.m2/repository/javax/validation/validation-api/1.1.0.Final/validation-api-1.1.0.Final.jar:/root/.m2/repository/org/glassfish/jersey/media/jersey-media-json-jackson/2.27/jersey-media-json-jackson-2.27.jar:/root/.m2/repository/org/glassfish/jersey/ext/jersey-entity-filtering/2.27/jersey-entity-filtering-2.27.jar:/root/.m2/repository/com/google/inject/extensions/guice-assistedinject/4.0/guice-assistedinject-4.0.jar:/root/.m2/repository/org/jooq/jooq/3.11.10/jooq-3.11.10.jar:/root/.m2/repository/org/jooq/jooq-meta/3.11.10/jooq-meta-3.11.10.jar:/root/.m2/repository/org/jooq/jooq-codegen/3.11.10/jooq-codegen-3.11.10.jar:/root/.m2/repository/com/jolbox/bonecp/0.8.0.RELEASE/bonecp-0.8.0.RELEASE.jar:/root/.m2/repository/org/xerial/sqlite-jdbc/3.25.2/sqlite-jdbc-3.25.2.jar:/root/.m2/repository/org/springframework/spring-jdbc/5.1.3.RELEASE/spring-jdbc-5.1.3.RELEASE.jar:/root/.m2/repository/org/springframework/spring-beans/5.1.3.RELEASE/spring-beans-5.1.3.RELEASE.jar:/root/.m2/repository/org/springframework/spring-core/5.1.3.RELEASE/spring-core-5.1.3.RELEASE.jar:/root/.m2/repository/org/springframework/spring-jcl/5.1.3.RELEASE/spring-jcl-5.1.3.RELEASE.jar:/root/.m2/repository/org/springframework/spring-tx/5.1.3.RELEASE/spring-tx-5.1.3.RELEASE.jar:/root/.m2/repository/org/apache/hadoop/hadoop-ozone-client/0.5.0-SNAPSHOT/hadoop-ozone-client-0.5.0-SNAPSHOT.jar:/root/.m2/repository/org/apache/hadoop/hadoop-ozone-ozone-manager/0.5.0-SNAPSHOT/hadoop-ozone-ozone-manager-0.5.0-SNAPSHOT-tests.jar:/root/.m2/repository/junit/junit/4.11/junit-4.11.jar:/root/.m2/repository/org/hamcrest/hamcrest-core/1.3/hamcrest-core-1.3.jar:/root/.m2/repository/org/openjdk/jmh/jmh-core/1.19/jmh-core-1.19.jar:/root/.m2/repository/net/sf/jopt-simple/jopt-simple/4.6/jopt-simple-4.6.jar:/root/.m2/repository/org/apache/commons/commons-math3/3.1.1/commons-math3-3.1.1.jar:/root/.m2/repository/org/openjdk/jmh/jmh-generator-annprocess/1.19/jmh-generator-annprocess-1.19.jar:/root/.m2/repository/org/mockito/mockito-all/1.8.5/mockito-all-1.8.5.jar:/root/.m2/repository/org/apache/hadoop/hadoop-kms/3.2.0/hadoop-kms-3.2.0.jar:/root/.m2/repository/org/apache/hadoop/hadoop-auth/3.2.0/hadoop-auth-3.2.0.jar:/root/.m2/repository/com/nimbusds/nimbus-jose-jwt/4.41.1/nimbus-jose-jwt-4.41.1.jar:/root/.m2/repository/com/github/stephenc/jcip/jcip-annotations/1.0-1/jcip-annotations-1.0-1.jar:/root/.m2/repository/net/minidev/json-smart/2.3/json-smart-2.3.jar:/root/.m2/repository/net/minidev/accessors-smart/1.2/accessors-smart-1.2.jar:/root/.m2/repository/org/ow2/asm/asm/5.0.4/asm-5.0.4.jar:/root/.m2/repository/org/apache/curator/curator-framework/2.12.0/curator-framework-2.12.0.jar:/root/.m2/repository/com/sun/jersey/jersey-core/1.19/jersey-core-1.19.jar:/root/.m2/repository/javax/ws/rs/jsr311-api/1.1.1/jsr311-api-1.1.1.jar:/root/.m2/repository/com/sun/jersey/jersey-server/1.19/jersey-server-1.19.jar:/root/.m2/repository/javax/servlet/javax.servlet-api/3.1.0/javax.servlet-api-3.1.0.jar:/root/.m2/repository/org/eclipse/jetty/jetty-server/9.3.24.v20180605/jetty-server-9.3.24.v20180605.jar:/root/.m2/repository/org/eclipse/jetty/jetty-http/9.3.24.v20180605/jetty-http-9.3.24.v20180605.jar:/root/.m2/repository/org/eclipse/jetty/jetty-io/9.3.24.v20180605/jetty-io-9.3.24.v20180605.jar:/root/.m2/repository/org/eclipse/jetty/jetty-webapp/9.3.24.v20180605/jetty-webapp-9.3.24.v20180605.jar:/root/.m2/repository/org/eclipse/jetty/jetty-xml/9.3.24.v20180605/jetty-xml-9.3.24.v20180605.jar:/root/.m2/repository/log4j/log4j/1.2.17/log4j-1.2.17.jar:/root/.m2/repository/org/slf4j/slf4j-api/1.7.25/slf4j-api-1.7.25.jar:/root/.m2/repository/org/slf4j/jul-to-slf4j/1.7.25/jul-to-slf4j-1.7.25.jar:/root/.m2/repository/org/eclipse/jetty/jetty-util/9.3.24.v20180605/jetty-util-9.3.24.v20180605.jar:/root/.m2/repository/io/dropwizard/metrics/metrics-core/3.2.4/metrics-core-3.2.4.jar:/root/.m2/repository/com/fasterxml/jackson/core/jackson-databind/2.9.5/jackson-databind-2.9.5.jar:/root/.m2/repository/org/apache/hadoop/hadoop-kms/3.2.0/hadoop-kms-3.2.0-tests.jar:/root/.m2/repository/org/apache/hadoop/hadoop-hdds-server-scm/0.5.0-SNAPSHOT/hadoop-hdds-server-scm-0.5.0-SNAPSHOT-tests.jar:/root/.m2/repository/org/hamcrest/hamcrest-all/1.3/hamcrest-all-1.3.jar:/root/.m2/repository/info/picocli/picocli/3.9.6/picocli-3.9.6.jar:/root/.m2/repository/org/apache/hadoop/hadoop-hdds-container-service/0.5.0-SNAPSHOT/hadoop-hdds-container-service-0.5.0-SNAPSHOT-tests.jar:/root/.m2/repository/org/yaml/snakeyaml/1.16/snakeyaml-1.16.jar:/root/.m2/repository/org/apache/hadoop/hadoop-common/3.2.0/hadoop-common-3.2.0-tests.jar:/root/.m2/repository/org/apache/hadoop/hadoop-annotations/3.2.0/hadoop-annotations-3.2.0.jar:/usr/lib/jvm/java-1.8-openjdk/jre/../lib/tools.jar:/root/.m2/repository/commons-cli/commons-cli/1.2/commons-cli-1.2.jar:/root/.m2/repository/org/apache/httpcomponents/httpclient/4.5.2/httpclient-4.5.2.jar:/root/.m2/repository/org/apache/httpcomponents/httpcore/4.4.4/httpcore-4.4.4.jar:/root/.m2/repository/commons-codec/commons-codec/1.11/commons-codec-1.11.jar:/root/.m2/repository/commons-net/commons-net/3.6/commons-net-3.6.jar:/root/.m2/repository/commons-collections/commons-collections/3.2.2/commons-collections-3.2.2.jar:/root/.m2/repository/org/eclipse/jetty/jetty-servlet/9.3.24.v20180605/jetty-servlet-9.3.24.v20180605.jar:/root/.m2/repository/org/eclipse/jetty/jetty-security/9.3.24.v20180605/jetty-security-9.3.24.v20180605.jar:/root/.m2/repository/javax/servlet/jsp/jsp-api/2.1/jsp-api-2.1.jar:/root/.m2/repository/com/sun/jersey/jersey-servlet/1.19/jersey-servlet-1.19.jar:/root/.m2/repository/com/sun/jersey/jersey-json/1.19/jersey-json-1.19.jar:/root/.m2/repository/org/codehaus/jettison/jettison/1.1/jettison-1.1.jar:/root/.m2/repository/org/codehaus/jackson/jackson-core-asl/1.9.13/jackson-core-asl-1.9.13.jar:/root/.m2/repository/org/codehaus/jackson/jackson-mapper-asl/1.9.13/jackson-mapper-asl-1.9.13.jar:/root/.m2/repository/org/codehaus/jackson/jackson-jaxrs/1.9.13/jackson-jaxrs-1.9.13.jar:/root/.m2/repository/org/codehaus/jackson/jackson-xc/1.9.13/jackson-xc-1.9.13.jar:/root/.m2/repository/commons-logging/commons-logging/1.1.3/commons-logging-1.1.3.jar:/root/.m2/repository/commons-beanutils/commons-beanutils/1.9.3/commons-beanutils-1.9.3.jar:/root/.m2/repository/org/apache/commons/commons-configuration2/2.1.1/commons-configuration2-2.1.1.jar:/root/.m2/repository/org/apache/commons/commons-lang3/3.7/commons-lang3-3.7.jar:/root/.m2/repository/org/apache/commons/commons-text/1.4/commons-text-1.4.jar:/root/.m2/repository/org/apache/avro/avro/1.7.7/avro-1.7.7.jar:/root/.m2/repository/com/thoughtworks/paranamer/paranamer/2.3/paranamer-2.3.jar:/root/.m2/repository/org/xerial/snappy/snappy-java/1.0.5/snappy-java-1.0.5.jar:/root/.m2/repository/com/google/re2j/re2j/1.1/re2j-1.1.jar:/root/.m2/repository/com/google/code/gson/gson/2.2.4/gson-2.2.4.jar:/root/.m2/repository/com/jcraft/jsch/0.1.54/jsch-0.1.54.jar:/root/.m2/repository/org/apache/curator/curator-client/2.12.0/curator-client-2.12.0.jar:/root/.m2/repository/org/apache/curator/curator-recipes/2.12.0/curator-recipes-2.12.0.jar:/root/.m2/repository/com/google/code/findbugs/jsr305/3.0.0/jsr305-3.0.0.jar:/root/.m2/repository/org/apache/htrace/htrace-core4/4.1.0-incubating/htrace-core4-4.1.0-incubating.jar:/root/.m2/repository/org/apache/zookeeper/zookeeper/3.4.13/zookeeper-3.4.13.jar:/root/.m2/repository/org/apache/yetus/audience-annotations/0.5.0/audience-annotations-0.5.0.jar:/root/.m2/repository/org/codehaus/woodstox/stax2-api/3.1.4/stax2-api-3.1.4.jar:/root/.m2/repository/com/fasterxml/woodstox/woodstox-core/5.0.3/woodstox-core-5.0.3.jar:/root/.m2/repository/dnsjava/dnsjava/2.1.7/dnsjava-2.1.7.jar:/root/.m2/repository/org/apache/hadoop/hadoop-hdfs/3.2.0/hadoop-hdfs-3.2.0-tests.jar:/root/.m2/repository/org/eclipse/jetty/jetty-util-ajax/9.3.24.v20180605/jetty-util-ajax-9.3.24.v20180605.jar:/root/.m2/repository/commons-daemon/commons-daemon/1.0.13/commons-daemon-1.0.13.jar:/root/.m2/repository/io/netty/netty/3.10.5.Final/netty-3.10.5.Final.jar:/root/.m2/repository/io/netty/netty-all/4.0.52.Final/netty-all-4.0.52.Final.jar:/root/.m2/repository/org/fusesource/leveldbjni/leveldbjni-all/1.8/leveldbjni-all-1.8.jar:"/>
    <property name="sun.cpu.endian" value="little"/>
    <property name="user.home" value="/root"/>
    <property name="user.language" value="en"/>
    <property name="java.specification.vendor" value="Oracle Corporation"/>
    <property name="java.home" value="/usr/lib/jvm/java-1.8-openjdk/jre"/>
    <property name="java.security.krb5.conf" value="/opt/src/hadoop-ozone/integration-test/target/test-classes/krb5.conf"/>
    <property name="basedir" value="/opt/src/hadoop-ozone/integration-test"/>
    <property name="file.separator" value="/"/>
    <property name="line.separator" value="&#10;"/>
    <property name="java.vm.specification.vendor" value="Oracle Corporation"/>
    <property name="java.specification.name" value="Java Platform API Specification"/>
    <property name="java.awt.graphicsenv" value="sun.awt.X11GraphicsEnvironment"/>
    <property name="surefire.real.class.path" value="/opt/src/hadoop-ozone/integration-test/target/surefire/surefirebooter3020132094950771660.jar"/>
    <property name="hadoop.log.dir" value="/opt/src/hadoop-ozone/integration-test/target/log"/>
    <property name="sun.boot.class.path" value="/usr/lib/jvm/java-1.8-openjdk/jre/lib/resources.jar:/usr/lib/jvm/java-1.8-openjdk/jre/lib/rt.jar:/usr/lib/jvm/java-1.8-openjdk/jre/lib/sunrsasign.jar:/usr/lib/jvm/java-1.8-openjdk/jre/lib/jsse.jar:/usr/lib/jvm/java-1.8-openjdk/jre/lib/jce.jar:/usr/lib/jvm/java-1.8-openjdk/jre/lib/charsets.jar:/usr/lib/jvm/java-1.8-openjdk/jre/lib/jfr.jar:/usr/lib/jvm/java-1.8-openjdk/jre/classes"/>
    <property name="sun.management.compiler" value="HotSpot 64-Bit Tiered Compilers"/>
    <property name="java.runtime.version" value="1.8.0_212-b04"/>
    <property name="java.net.preferIPv4Stack" value="true"/>
    <property name="user.name" value="root"/>
    <property name="path.separator" value=":"/>
    <property name="java.security.egd" value="file:///dev/urandom"/>
    <property name="os.version" value="4.15.0-1021-aws"/>
    <property name="java.endorsed.dirs" value="/usr/lib/jvm/java-1.8-openjdk/jre/lib/endorsed"/>
    <property name="java.runtime.name" value="OpenJDK Runtime Environment"/>
    <property name="file.encoding" value="UTF-8"/>
    <property name="java.vm.name" value="OpenJDK 64-Bit Server VM"/>
    <property name="test.build.webapps" value=""/>
    <property name="localRepository" value="/root/.m2/repository"/>
    <property name="java.vendor.url.bug" value="https://icedtea.classpath.org/bugzilla"/>
    <property name="java.io.tmpdir" value="/tmp"/>
    <property name="require.test.libhadoop" value=""/>
    <property name="java.version" value="1.8.0_212"/>
    <property name="user.dir" value="/opt/src/hadoop-ozone/integration-test"/>
    <property name="os.arch" value="amd64"/>
    <property name="java.vm.specification.name" value="Java Virtual Machine Specification"/>
    <property name="test.build.classes" value="/opt/src/hadoop-ozone/integration-test/target/test-classes"/>
    <property name="java.awt.printerjob" value="sun.print.PSPrinterJob"/>
    <property name="sun.os.patch.level" value="unknown"/>
    <property name="hadoop.tmp.dir" value="/opt/src/hadoop-ozone/integration-test/target/tmp"/>
    <property name="java.library.path" value="/usr/lib/jvm/java-1.8-openjdk/jre/lib/amd64/server:/usr/lib/jvm/java-1.8-openjdk/jre/lib/amd64:/usr/lib/jvm/java-1.8-openjdk/jre/../lib/amd64:/opt/src/hadoop-ozone/integration-test/target/native/target/usr/local/lib:/opt/src/hadoop-ozone/integration-test/../../hadoop-common-project/hadoop-common/target/native/target/usr/local/lib:/usr/java/packages/lib/amd64:/usr/lib64:/lib64:/lib:/usr/lib"/>
    <property name="java.vm.info" value="mixed mode"/>
    <property name="java.vendor" value="IcedTea"/>
    <property name="java.vm.version" value="25.212-b04"/>
    <property name="java.ext.dirs" value="/usr/lib/jvm/java-1.8-openjdk/jre/lib/ext:/usr/java/packages/lib/ext"/>
    <property name="sun.io.unicode.encoding" value="UnicodeLittle"/>
    <property name="java.class.version" value="52.0"/>
  </properties>
  <testcase name="testPipelineFail" classname="org.apache.hadoop.hdds.scm.pipeline.TestNodeFailure" time="0">
    <skipped/>
    <system-out><![CDATA[2019-06-12 21:45:29,174 WARN  server.ServerUtils (ServerUtils.java:getScmDbDir(145)) - ozone.scm.db.dirs is not configured. We recommend adding this setting. Falling back to ozone.metadata.dirs instead.
2019-06-12 21:45:29,257 WARN  server.ServerUtils (ServerUtils.java:getScmDbDir(145)) - ozone.scm.db.dirs is not configured. We recommend adding this setting. Falling back to ozone.metadata.dirs instead.
2019-06-12 21:45:29,260 WARN  server.ServerUtils (ServerUtils.java:getScmDbDir(145)) - ozone.scm.db.dirs is not configured. We recommend adding this setting. Falling back to ozone.metadata.dirs instead.
2019-06-12 21:45:29,275 INFO  util.log (Log.java:initialized(192)) - Logging initialized @823ms
2019-06-12 21:45:29,361 INFO  db.DBStoreBuilder (DBStoreBuilder.java:addTable(110)) - using custom profile for table: deletedBlocks
2019-06-12 21:45:29,361 INFO  db.DBStoreBuilder (DBStoreBuilder.java:processTables(161)) - Using default column profile:DBProfile.DISK for Table:deletedBlocks
2019-06-12 21:45:29,362 INFO  db.DBStoreBuilder (DBStoreBuilder.java:addTable(110)) - using custom profile for table: validCerts
2019-06-12 21:45:29,362 INFO  db.DBStoreBuilder (DBStoreBuilder.java:processTables(161)) - Using default column profile:DBProfile.DISK for Table:validCerts
2019-06-12 21:45:29,362 INFO  db.DBStoreBuilder (DBStoreBuilder.java:addTable(110)) - using custom profile for table: revokedCerts
2019-06-12 21:45:29,363 INFO  db.DBStoreBuilder (DBStoreBuilder.java:processTables(161)) - Using default column profile:DBProfile.DISK for Table:revokedCerts
2019-06-12 21:45:29,374 INFO  db.DBStoreBuilder (DBStoreBuilder.java:addTable(110)) - using custom profile for table: default
2019-06-12 21:45:29,374 INFO  db.DBStoreBuilder (DBStoreBuilder.java:processTables(167)) - Using default column profile:DBProfile.DISK for Table:default
2019-06-12 21:45:29,376 INFO  db.DBStoreBuilder (DBStoreBuilder.java:getDbProfile(198)) - Using default options. DBProfile.DISK
2019-06-12 21:45:29,454 INFO  node.SCMNodeManager (SCMNodeManager.java:<init>(108)) - Entering startup safe mode.
2019-06-12 21:45:29,516 INFO  net.NodeSchemaLoader (NodeSchemaLoader.java:loadSchemaFromFile(125)) - Loading file from sun.misc.CompoundEnumeration@443118b0
2019-06-12 21:45:29,517 INFO  net.NodeSchemaLoader (NodeSchemaLoader.java:loadSchema(171)) - Loading network topology layer schema file
2019-06-12 21:45:29,569 WARN  server.ServerUtils (ServerUtils.java:getScmDbDir(145)) - ozone.scm.db.dirs is not configured. We recommend adding this setting. Falling back to ozone.metadata.dirs instead.
2019-06-12 21:45:29,589 INFO  pipeline.SCMPipelineManager (SCMPipelineManager.java:initializePipelineState(126)) - No pipeline exists in current db
2019-06-12 21:45:29,591 WARN  server.ServerUtils (ServerUtils.java:getScmDbDir(145)) - ozone.scm.db.dirs is not configured. We recommend adding this setting. Falling back to ozone.metadata.dirs instead.
2019-06-12 21:45:29,643 WARN  events.EventQueue (EventQueue.java:fireEvent(175)) - No event handler registered for event TypedEvent{payloadType=SafeModeStatus, name='SafeModeStatus'}
2019-06-12 21:45:29,907 INFO  ipc.CallQueueManager (CallQueueManager.java:<init>(84)) - Using callQueue: class java.util.concurrent.LinkedBlockingQueue, queueCapacity: 2000, scheduler: class org.apache.hadoop.ipc.DefaultRpcScheduler, ipcBackoff: false.
2019-06-12 21:45:29,932 INFO  ipc.Server (Server.java:run(1074)) - Starting Socket Reader #1 for port 36479
2019-06-12 21:45:29,951 INFO  ipc.CallQueueManager (CallQueueManager.java:<init>(84)) - Using callQueue: class java.util.concurrent.LinkedBlockingQueue, queueCapacity: 2000, scheduler: class org.apache.hadoop.ipc.DefaultRpcScheduler, ipcBackoff: false.
2019-06-12 21:45:29,952 INFO  ipc.Server (Server.java:run(1074)) - Starting Socket Reader #1 for port 35645
2019-06-12 21:45:29,959 INFO  ipc.CallQueueManager (CallQueueManager.java:<init>(84)) - Using callQueue: class java.util.concurrent.LinkedBlockingQueue, queueCapacity: 2000, scheduler: class org.apache.hadoop.ipc.DefaultRpcScheduler, ipcBackoff: false.
2019-06-12 21:45:29,985 INFO  ipc.Server (Server.java:run(1074)) - Starting Socket Reader #1 for port 37269
2019-06-12 21:45:30,002 INFO  hdfs.DFSUtil (DFSUtil.java:httpServerTemplateForNNAndJN(1641)) - Starting Web-server for scm at: http://0.0.0.0:0
2019-06-12 21:45:30,141 INFO  server.AuthenticationFilter (AuthenticationFilter.java:constructSecretProvider(240)) - Unable to initialize FileSignerSecretProvider, falling back to use random secrets.
2019-06-12 21:45:30,146 WARN  http.HttpRequestLog (HttpRequestLog.java:getRequestLog(97)) - Jetty request log can only be enabled using Log4j
2019-06-12 21:45:30,153 INFO  http.HttpServer2 (HttpServer2.java:addGlobalFilter(975)) - Added global filter 'safety' (class=org.apache.hadoop.http.HttpServer2$QuotingInputFilter)
2019-06-12 21:45:30,155 INFO  http.HttpServer2 (HttpServer2.java:addFilter(948)) - Added filter static_user_filter (class=org.apache.hadoop.http.lib.StaticUserWebFilter$StaticUserFilter) to context scm
2019-06-12 21:45:30,155 INFO  http.HttpServer2 (HttpServer2.java:addFilter(958)) - Added filter static_user_filter (class=org.apache.hadoop.http.lib.StaticUserWebFilter$StaticUserFilter) to context logs
2019-06-12 21:45:30,156 INFO  http.HttpServer2 (HttpServer2.java:addFilter(958)) - Added filter static_user_filter (class=org.apache.hadoop.http.lib.StaticUserWebFilter$StaticUserFilter) to context static
2019-06-12 21:45:30,177 INFO  server.StorageContainerManager (StorageContainerManager.java:start(752)) - StorageContainerLocationProtocol RPC server is listening at /0.0.0.0:37269
2019-06-12 21:45:30,230 WARN  impl.MetricsConfig (MetricsConfig.java:loadFirst(134)) - Cannot locate configuration: tried hadoop-metrics2-storagecontainermanager.properties,hadoop-metrics2.properties
2019-06-12 21:45:30,239 INFO  impl.MetricsSystemImpl (MetricsSystemImpl.java:startTimer(374)) - Scheduled Metric snapshot period at 10 second(s).
2019-06-12 21:45:30,239 INFO  impl.MetricsSystemImpl (MetricsSystemImpl.java:start(191)) - StorageContainerManager metrics system started
2019-06-12 21:45:30,420 INFO  server.SCMClientProtocolServer (SCMClientProtocolServer.java:start(149)) - RPC server for Client  is listening at /0.0.0.0:37269
2019-06-12 21:45:30,420 INFO  ipc.Server (Server.java:run(1314)) - IPC Server Responder: starting
2019-06-12 21:45:30,421 INFO  ipc.Server (Server.java:run(1153)) - IPC Server listener on 37269: starting
2019-06-12 21:45:30,424 INFO  server.StorageContainerManager (StorageContainerManager.java:start(761)) - ScmBlockLocationProtocol RPC server is listening at /0.0.0.0:35645
2019-06-12 21:45:30,424 INFO  server.SCMBlockProtocolServer (SCMBlockProtocolServer.java:start(137)) - RPC server for Block Protocol is listening at /0.0.0.0:35645
2019-06-12 21:45:30,424 INFO  ipc.Server (Server.java:run(1314)) - IPC Server Responder: starting
2019-06-12 21:45:30,425 INFO  ipc.Server (Server.java:run(1153)) - IPC Server listener on 35645: starting
2019-06-12 21:45:30,428 INFO  server.StorageContainerManager (StorageContainerManager.java:start(765)) - ScmDatanodeProtocl RPC server is listening at /0.0.0.0:36479
2019-06-12 21:45:30,428 INFO  server.SCMDatanodeProtocolServer (SCMDatanodeProtocolServer.java:start(191)) - RPC server for DataNodes is listening at /0.0.0.0:36479
2019-06-12 21:45:30,428 INFO  ipc.Server (Server.java:run(1314)) - IPC Server Responder: starting
2019-06-12 21:45:30,429 INFO  ipc.Server (Server.java:run(1153)) - IPC Server listener on 36479: starting
2019-06-12 21:45:30,432 INFO  http.HttpServer2 (HttpServer2.java:bindListener(1191)) - Jetty bound to port 40269
2019-06-12 21:45:30,433 INFO  server.Server (Server.java:doStart(351)) - jetty-9.3.24.v20180605, build timestamp: 2018-06-05T17:11:56Z, git hash: 84205aa28f11a4f31f2a3b86d1bba2cc8ab69827
2019-06-12 21:45:30,464 INFO  handler.ContextHandler (ContextHandler.java:doStart(781)) - Started o.e.j.s.ServletContextHandler@2df6226d{/logs,file:///opt/src/hadoop-ozone/integration-test/target/log,AVAILABLE}
2019-06-12 21:45:30,465 INFO  handler.ContextHandler (ContextHandler.java:doStart(781)) - Started o.e.j.s.ServletContextHandler@4ff4357f{/static,file:///opt/src/hadoop-ozone/integration-test/target/test-classes/webapps/static,AVAILABLE}
2019-06-12 21:45:30,491 INFO  handler.ContextHandler (ContextHandler.java:doStart(781)) - Started o.e.j.w.WebAppContext@2484f433{/,file:///opt/src/hadoop-ozone/integration-test/target/test-classes/webapps/scm/,AVAILABLE}{/scm}
2019-06-12 21:45:30,496 INFO  server.AbstractConnector (AbstractConnector.java:doStart(278)) - Started ServerConnector@841e575{HTTP/1.1,[http/1.1]}{0.0.0.0:40269}
2019-06-12 21:45:30,496 INFO  server.Server (Server.java:doStart(419)) - Started @2045ms
2019-06-12 21:45:30,497 INFO  server.BaseHttpServer (BaseHttpServer.java:updateConnectorAddress(207)) - HTTP server of SCM is listening at http://0.0.0.0:40269
2019-06-12 21:45:30,504 INFO  util.JvmPauseMonitor (JvmPauseMonitor.java:run(188)) - Starting JVM pause monitor
2019-06-12 21:45:30,508 WARN  scm.ScmUtils (ScmUtils.java:getDBPath(63)) - ozone.om.db.dirs is not configured. We recommend adding this setting. Falling back to ozone.metadata.dirs instead.
2019-06-12 21:45:30,596 WARN  scm.ScmUtils (ScmUtils.java:getDBPath(63)) - ozone.om.db.dirs is not configured. We recommend adding this setting. Falling back to ozone.metadata.dirs instead.
2019-06-12 21:45:30,597 INFO  om.OzoneManager (OzoneManager.java:setOMNodeDetails(519)) - OM Service ID is not set. Setting it to the default ID: omServiceIdDefault
2019-06-12 21:45:30,597 INFO  om.OzoneManager (OzoneManager.java:setOMNodeDetails(525)) - OM Node ID is not set. Setting it to the OmStorage's OmID: f883e94d-9549-467e-83a9-d3e6db135f95
2019-06-12 21:45:30,598 WARN  scm.HddsServerUtil (HddsServerUtil.java:getDefaultRatisDirectory(354)) - Storage directory for Ratis is not configured. It is a good idea to map this to an SSD disk. Falling back to ozone.metadata.dirs
2019-06-12 21:45:30,599 WARN  scm.HddsServerUtil (HddsServerUtil.java:getDefaultRatisDirectory(354)) - Storage directory for Ratis is not configured. It is a good idea to map this to an SSD disk. Falling back to ozone.metadata.dirs
2019-06-12 21:45:30,599 INFO  om.OzoneManager (OzoneManager.java:loadOMHAConfigs(476)) - Found matching OM address with OMServiceId: null, OMNodeId: null, RPC Address: localhost:0 and Ratis port: 9872
2019-06-12 21:45:30,768 WARN  scm.ScmUtils (ScmUtils.java:getDBPath(63)) - ozone.om.db.dirs is not configured. We recommend adding this setting. Falling back to ozone.metadata.dirs instead.
2019-06-12 21:45:30,772 INFO  db.DBStoreBuilder (DBStoreBuilder.java:addTable(110)) - using custom profile for table: userTable
2019-06-12 21:45:30,773 INFO  db.DBStoreBuilder (DBStoreBuilder.java:processTables(161)) - Using default column profile:DBProfile.DISK for Table:userTable
2019-06-12 21:45:30,773 INFO  db.DBStoreBuilder (DBStoreBuilder.java:addTable(110)) - using custom profile for table: volumeTable
2019-06-12 21:45:30,773 INFO  db.DBStoreBuilder (DBStoreBuilder.java:processTables(161)) - Using default column profile:DBProfile.DISK for Table:volumeTable
2019-06-12 21:45:30,773 INFO  db.DBStoreBuilder (DBStoreBuilder.java:addTable(110)) - using custom profile for table: bucketTable
2019-06-12 21:45:30,773 INFO  db.DBStoreBuilder (DBStoreBuilder.java:processTables(161)) - Using default column profile:DBProfile.DISK for Table:bucketTable
2019-06-12 21:45:30,774 INFO  db.DBStoreBuilder (DBStoreBuilder.java:addTable(110)) - using custom profile for table: keyTable
2019-06-12 21:45:30,774 INFO  db.DBStoreBuilder (DBStoreBuilder.java:processTables(161)) - Using default column profile:DBProfile.DISK for Table:keyTable
2019-06-12 21:45:30,774 INFO  db.DBStoreBuilder (DBStoreBuilder.java:addTable(110)) - using custom profile for table: deletedTable
2019-06-12 21:45:30,774 INFO  db.DBStoreBuilder (DBStoreBuilder.java:processTables(161)) - Using default column profile:DBProfile.DISK for Table:deletedTable
2019-06-12 21:45:30,775 INFO  db.DBStoreBuilder (DBStoreBuilder.java:addTable(110)) - using custom profile for table: openKeyTable
2019-06-12 21:45:30,775 INFO  db.DBStoreBuilder (DBStoreBuilder.java:processTables(161)) - Using default column profile:DBProfile.DISK for Table:openKeyTable
2019-06-12 21:45:30,775 INFO  db.DBStoreBuilder (DBStoreBuilder.java:addTable(110)) - using custom profile for table: s3Table
2019-06-12 21:45:30,775 INFO  db.DBStoreBuilder (DBStoreBuilder.java:processTables(161)) - Using default column profile:DBProfile.DISK for Table:s3Table
2019-06-12 21:45:30,775 INFO  db.DBStoreBuilder (DBStoreBuilder.java:addTable(110)) - using custom profile for table: multipartInfoTable
2019-06-12 21:45:30,776 INFO  db.DBStoreBuilder (DBStoreBuilder.java:processTables(161)) - Using default column profile:DBProfile.DISK for Table:multipartInfoTable
2019-06-12 21:45:30,776 INFO  db.DBStoreBuilder (DBStoreBuilder.java:addTable(110)) - using custom profile for table: dTokenTable
2019-06-12 21:45:30,776 INFO  db.DBStoreBuilder (DBStoreBuilder.java:processTables(161)) - Using default column profile:DBProfile.DISK for Table:dTokenTable
2019-06-12 21:45:30,776 INFO  db.DBStoreBuilder (DBStoreBuilder.java:addTable(110)) - using custom profile for table: s3SecretTable
2019-06-12 21:45:30,777 INFO  db.DBStoreBuilder (DBStoreBuilder.java:processTables(161)) - Using default column profile:DBProfile.DISK for Table:s3SecretTable
2019-06-12 21:45:30,777 INFO  db.DBStoreBuilder (DBStoreBuilder.java:addTable(110)) - using custom profile for table: prefixTable
2019-06-12 21:45:30,777 INFO  db.DBStoreBuilder (DBStoreBuilder.java:processTables(161)) - Using default column profile:DBProfile.DISK for Table:prefixTable
2019-06-12 21:45:30,777 INFO  db.DBStoreBuilder (DBStoreBuilder.java:addTable(110)) - using custom profile for table: default
2019-06-12 21:45:30,778 INFO  db.DBStoreBuilder (DBStoreBuilder.java:processTables(167)) - Using default column profile:DBProfile.DISK for Table:default
2019-06-12 21:45:30,778 INFO  db.DBStoreBuilder (DBStoreBuilder.java:getDbProfile(198)) - Using default options. DBProfile.DISK
2019-06-12 21:45:31,258 INFO  ipc.CallQueueManager (CallQueueManager.java:<init>(84)) - Using callQueue: class java.util.concurrent.LinkedBlockingQueue, queueCapacity: 2000, scheduler: class org.apache.hadoop.ipc.DefaultRpcScheduler, ipcBackoff: false.
2019-06-12 21:45:31,259 INFO  ipc.Server (Server.java:run(1074)) - Starting Socket Reader #1 for port 41769
2019-06-12 21:45:31,285 WARN  scm.ScmUtils (ScmUtils.java:getDBPath(63)) - ozone.om.db.dirs is not configured. We recommend adding this setting. Falling back to ozone.metadata.dirs instead.
2019-06-12 21:45:31,286 INFO  om.OzoneManager (OzoneManager.java:start(1217)) - OzoneManager RPC server is listening at localhost/127.0.0.1:41769
2019-06-12 21:45:31,286 INFO  impl.MetricsSystemImpl (MetricsSystemImpl.java:init(158)) - OzoneManager metrics system started (again)
2019-06-12 21:45:31,298 INFO  ipc.Server (Server.java:run(1314)) - IPC Server Responder: starting
2019-06-12 21:45:31,298 INFO  ipc.Server (Server.java:run(1153)) - IPC Server listener on 41769: starting
2019-06-12 21:45:31,347 INFO  hdfs.DFSUtil (DFSUtil.java:httpServerTemplateForNNAndJN(1641)) - Starting Web-server for ozoneManager at: http://0.0.0.0:0
2019-06-12 21:45:31,349 INFO  server.AuthenticationFilter (AuthenticationFilter.java:constructSecretProvider(240)) - Unable to initialize FileSignerSecretProvider, falling back to use random secrets.
2019-06-12 21:45:31,361 WARN  http.HttpRequestLog (HttpRequestLog.java:getRequestLog(97)) - Jetty request log can only be enabled using Log4j
2019-06-12 21:45:31,365 INFO  http.HttpServer2 (HttpServer2.java:addGlobalFilter(975)) - Added global filter 'safety' (class=org.apache.hadoop.http.HttpServer2$QuotingInputFilter)
2019-06-12 21:45:31,366 INFO  http.HttpServer2 (HttpServer2.java:addFilter(948)) - Added filter static_user_filter (class=org.apache.hadoop.http.lib.StaticUserWebFilter$StaticUserFilter) to context ozoneManager
2019-06-12 21:45:31,367 INFO  http.HttpServer2 (HttpServer2.java:addFilter(958)) - Added filter static_user_filter (class=org.apache.hadoop.http.lib.StaticUserWebFilter$StaticUserFilter) to context logs
2019-06-12 21:45:31,367 INFO  http.HttpServer2 (HttpServer2.java:addFilter(958)) - Added filter static_user_filter (class=org.apache.hadoop.http.lib.StaticUserWebFilter$StaticUserFilter) to context static
2019-06-12 21:45:31,370 INFO  http.HttpServer2 (HttpServer2.java:bindListener(1191)) - Jetty bound to port 45685
2019-06-12 21:45:31,370 INFO  server.Server (Server.java:doStart(351)) - jetty-9.3.24.v20180605, build timestamp: 2018-06-05T17:11:56Z, git hash: 84205aa28f11a4f31f2a3b86d1bba2cc8ab69827
2019-06-12 21:45:31,398 INFO  handler.ContextHandler (ContextHandler.java:doStart(781)) - Started o.e.j.s.ServletContextHandler@7c2a69b4{/logs,file:///opt/src/hadoop-ozone/integration-test/target/log,AVAILABLE}
2019-06-12 21:45:31,402 INFO  handler.ContextHandler (ContextHandler.java:doStart(781)) - Started o.e.j.s.ServletContextHandler@648ee871{/static,file:///opt/src/hadoop-ozone/integration-test/target/test-classes/webapps/static,AVAILABLE}
2019-06-12 21:45:31,410 INFO  handler.ContextHandler (ContextHandler.java:doStart(781)) - Started o.e.j.w.WebAppContext@6f012914{/,file:///opt/src/hadoop-ozone/integration-test/target/test-classes/webapps/ozoneManager/,AVAILABLE}{/ozoneManager}
2019-06-12 21:45:31,410 INFO  server.AbstractConnector (AbstractConnector.java:doStart(278)) - Started ServerConnector@18fdb6cf{HTTP/1.1,[http/1.1]}{0.0.0.0:45685}
2019-06-12 21:45:31,410 INFO  server.Server (Server.java:doStart(419)) - Started @2959ms
2019-06-12 21:45:31,412 INFO  server.BaseHttpServer (BaseHttpServer.java:updateConnectorAddress(207)) - HTTP server of OZONEMANAGER is listening at http://0.0.0.0:45685
2019-06-12 21:45:31,659 INFO  impl.MetricsSystemImpl (MetricsSystemImpl.java:init(158)) - HddsDatanode metrics system started (again)
2019-06-12 21:45:31,804 INFO  ozone.HddsDatanodeService (HddsDatanodeService.java:start(185)) - HddsDatanodeService host:ozone-v57r8-234650721 ip:192.168.19.22
2019-06-12 21:45:31,827 INFO  volume.HddsVolume (HddsVolume.java:<init>(176)) - Creating Volume: /opt/src/hadoop-ozone/integration-test/target/test-dir/MiniOzoneClusterImpl-c8eac4b1-2475-463e-9465-5ed8d57562b9/datanode-0/data/containers/hdds of  storage type : DISK and capacity : 104021790720
2019-06-12 21:45:31,829 INFO  volume.VolumeSet (VolumeSet.java:initializeVolumeSet(170)) - Added Volume : /opt/src/hadoop-ozone/integration-test/target/test-dir/MiniOzoneClusterImpl-c8eac4b1-2475-463e-9465-5ed8d57562b9/datanode-0/data/containers/hdds to VolumeSet
2019-06-12 21:45:31,834 INFO  volume.ThrottledAsyncChecker (ThrottledAsyncChecker.java:schedule(140)) - Scheduling a check for org.apache.hadoop.ozone.container.common.volume.HddsVolume@4a6c18ad
2019-06-12 21:45:31,848 INFO  volume.HddsVolumeChecker (HddsVolumeChecker.java:checkAllVolumes(203)) - Scheduled health check for volume org.apache.hadoop.ozone.container.common.volume.HddsVolume@4a6c18ad
2019-06-12 21:45:31,890 INFO  ratis.XceiverServerRatis (XceiverServerRatis.java:newXceiverServerRatis(401)) - Found a free port for the server : 42937
2019-06-12 21:45:31,947 INFO  impl.RaftServerProxy (ConfUtils.java:logGet(43)) - raft.rpc.type = GRPC (default)
2019-06-12 21:45:31,955 INFO  grpc.GrpcConfigKeys$Server (ConfUtils.java:logGet(43)) - raft.grpc.server.port = 42937 (custom)
2019-06-12 21:45:31,956 INFO  server.GrpcService (ConfUtils.java:logGet(43)) - raft.grpc.message.size.max = 33570816 (custom)
2019-06-12 21:45:31,957 INFO  server.RaftServerConfigKeys (ConfUtils.java:logGet(43)) - raft.server.log.appender.buffer.byte-limit = 33554432 (custom)
2019-06-12 21:45:31,958 INFO  server.GrpcService (ConfUtils.java:logGet(43)) - raft.grpc.flow.control.window = 1MB (=1048576) (default)
2019-06-12 21:45:31,958 INFO  server.RaftServerConfigKeys (ConfUtils.java:logGet(43)) - raft.server.rpc.request.timeout = 3000ms (default)
2019-06-12 21:45:32,078 INFO  server.RaftServerConfigKeys (ConfUtils.java:logGet(43)) - raft.server.storage.dir = [/opt/src/hadoop-ozone/integration-test/target/test-dir/MiniOzoneClusterImpl-c8eac4b1-2475-463e-9465-5ed8d57562b9/datanode-0/data/ratis] (custom)
2019-06-12 21:45:32,084 INFO  server.XceiverServerGrpc (XceiverServerGrpc.java:<init>(97)) - Found a free port for the server : 39625
2019-06-12 21:45:32,107 INFO  replication.SimpleContainerDownloader (SimpleContainerDownloader.java:<init>(72)) - Starting container downloader service to copy containers to replicate.
2019-06-12 21:45:32,116 INFO  hdfs.DFSUtil (DFSUtil.java:httpServerTemplateForNNAndJN(1641)) - Starting Web-server for hddsDatanode at: http://0.0.0.0:0
2019-06-12 21:45:32,118 INFO  server.AuthenticationFilter (AuthenticationFilter.java:constructSecretProvider(240)) - Unable to initialize FileSignerSecretProvider, falling back to use random secrets.
2019-06-12 21:45:32,119 WARN  http.HttpRequestLog (HttpRequestLog.java:getRequestLog(97)) - Jetty request log can only be enabled using Log4j
2019-06-12 21:45:32,121 INFO  http.HttpServer2 (HttpServer2.java:addGlobalFilter(975)) - Added global filter 'safety' (class=org.apache.hadoop.http.HttpServer2$QuotingInputFilter)
2019-06-12 21:45:32,122 INFO  http.HttpServer2 (HttpServer2.java:addFilter(948)) - Added filter static_user_filter (class=org.apache.hadoop.http.lib.StaticUserWebFilter$StaticUserFilter) to context hddsDatanode
2019-06-12 21:45:32,122 INFO  http.HttpServer2 (HttpServer2.java:addFilter(958)) - Added filter static_user_filter (class=org.apache.hadoop.http.lib.StaticUserWebFilter$StaticUserFilter) to context logs
2019-06-12 21:45:32,122 INFO  http.HttpServer2 (HttpServer2.java:addFilter(958)) - Added filter static_user_filter (class=org.apache.hadoop.http.lib.StaticUserWebFilter$StaticUserFilter) to context static
2019-06-12 21:45:32,123 INFO  http.HttpServer2 (HttpServer2.java:bindListener(1191)) - Jetty bound to port 38747
2019-06-12 21:45:32,123 INFO  server.Server (Server.java:doStart(351)) - jetty-9.3.24.v20180605, build timestamp: 2018-06-05T17:11:56Z, git hash: 84205aa28f11a4f31f2a3b86d1bba2cc8ab69827
2019-06-12 21:45:32,124 INFO  handler.ContextHandler (ContextHandler.java:doStart(781)) - Started o.e.j.s.ServletContextHandler@2e51d054{/logs,file:///opt/src/hadoop-ozone/integration-test/target/log,AVAILABLE}
2019-06-12 21:45:32,125 INFO  handler.ContextHandler (ContextHandler.java:doStart(781)) - Started o.e.j.s.ServletContextHandler@615e3f51{/static,jar:file:/root/.m2/repository/org/apache/hadoop/hadoop-hdds-container-service/0.5.0-SNAPSHOT/hadoop-hdds-container-service-0.5.0-SNAPSHOT.jar!/webapps/static,AVAILABLE}
2019-06-12 21:45:32,161 INFO  handler.ContextHandler (ContextHandler.java:doStart(781)) - Started o.e.j.w.WebAppContext@5e1fc2aa{/,file:///tmp/jetty-0.0.0.0-38747-hddsDatanode-_-any-7963398417813563715.dir/webapp/,AVAILABLE}{/hddsDatanode}
2019-06-12 21:45:32,161 INFO  server.AbstractConnector (AbstractConnector.java:doStart(278)) - Started ServerConnector@688d411b{HTTP/1.1,[http/1.1]}{0.0.0.0:38747}
2019-06-12 21:45:32,162 INFO  server.Server (Server.java:doStart(419)) - Started @3711ms
2019-06-12 21:45:32,163 INFO  server.BaseHttpServer (BaseHttpServer.java:updateConnectorAddress(207)) - HTTP server of HDDSDATANODE is listening at http://0.0.0.0:38747
2019-06-12 21:45:32,984 INFO  ozone.HddsDatanodeService (HddsDatanodeService.java:startPlugins(396)) - Started plug-in org.apache.hadoop.ozone.web.OzoneHddsDatanodeService@30bf26df
2019-06-12 21:45:32,985 INFO  impl.MetricsSystemImpl (MetricsSystemImpl.java:init(158)) - HddsDatanode metrics system started (again)
2019-06-12 21:45:32,985 INFO  ozone.HddsDatanodeService (HddsDatanodeService.java:start(185)) - HddsDatanodeService host:ozone-v57r8-234650721 ip:192.168.19.22
2019-06-12 21:45:33,010 INFO  volume.HddsVolume (HddsVolume.java:<init>(176)) - Creating Volume: /opt/src/hadoop-ozone/integration-test/target/test-dir/MiniOzoneClusterImpl-c8eac4b1-2475-463e-9465-5ed8d57562b9/datanode-1/data/containers/hdds of  storage type : DISK and capacity : 104021790720
2019-06-12 21:45:33,011 INFO  volume.VolumeSet (VolumeSet.java:initializeVolumeSet(170)) - Added Volume : /opt/src/hadoop-ozone/integration-test/target/test-dir/MiniOzoneClusterImpl-c8eac4b1-2475-463e-9465-5ed8d57562b9/datanode-1/data/containers/hdds to VolumeSet
2019-06-12 21:45:33,011 INFO  volume.ThrottledAsyncChecker (ThrottledAsyncChecker.java:schedule(140)) - Scheduling a check for org.apache.hadoop.ozone.container.common.volume.HddsVolume@f171912
2019-06-12 21:45:33,014 INFO  volume.HddsVolumeChecker (HddsVolumeChecker.java:checkAllVolumes(203)) - Scheduled health check for volume org.apache.hadoop.ozone.container.common.volume.HddsVolume@f171912
2019-06-12 21:45:33,014 INFO  util.JvmPauseMonitor (JvmPauseMonitor.java:run(188)) - Starting JVM pause monitor
2019-06-12 21:45:33,038 INFO  ratis.XceiverServerRatis (XceiverServerRatis.java:newXceiverServerRatis(401)) - Found a free port for the server : 40021
2019-06-12 21:45:33,042 INFO  impl.RaftServerProxy (ConfUtils.java:logGet(43)) - raft.rpc.type = GRPC (default)
2019-06-12 21:45:33,043 INFO  grpc.GrpcConfigKeys$Server (ConfUtils.java:logGet(43)) - raft.grpc.server.port = 40021 (custom)
2019-06-12 21:45:33,043 INFO  server.GrpcService (ConfUtils.java:logGet(43)) - raft.grpc.message.size.max = 33570816 (custom)
2019-06-12 21:45:33,043 INFO  server.RaftServerConfigKeys (ConfUtils.java:logGet(43)) - raft.server.log.appender.buffer.byte-limit = 33554432 (custom)
2019-06-12 21:45:33,044 INFO  server.GrpcService (ConfUtils.java:logGet(43)) - raft.grpc.flow.control.window = 1MB (=1048576) (default)
2019-06-12 21:45:33,044 INFO  server.RaftServerConfigKeys (ConfUtils.java:logGet(43)) - raft.server.rpc.request.timeout = 3000ms (default)
2019-06-12 21:45:33,045 INFO  server.RaftServerConfigKeys (ConfUtils.java:logGet(43)) - raft.server.storage.dir = [/opt/src/hadoop-ozone/integration-test/target/test-dir/MiniOzoneClusterImpl-c8eac4b1-2475-463e-9465-5ed8d57562b9/datanode-1/data/ratis] (custom)
2019-06-12 21:45:33,045 INFO  server.XceiverServerGrpc (XceiverServerGrpc.java:<init>(97)) - Found a free port for the server : 46671
2019-06-12 21:45:33,046 INFO  replication.SimpleContainerDownloader (SimpleContainerDownloader.java:<init>(72)) - Starting container downloader service to copy containers to replicate.
2019-06-12 21:45:33,079 INFO  hdfs.DFSUtil (DFSUtil.java:httpServerTemplateForNNAndJN(1641)) - Starting Web-server for hddsDatanode at: http://0.0.0.0:0
2019-06-12 21:45:33,081 INFO  server.AuthenticationFilter (AuthenticationFilter.java:constructSecretProvider(240)) - Unable to initialize FileSignerSecretProvider, falling back to use random secrets.
2019-06-12 21:45:33,084 WARN  http.HttpRequestLog (HttpRequestLog.java:getRequestLog(97)) - Jetty request log can only be enabled using Log4j
2019-06-12 21:45:33,090 INFO  http.HttpServer2 (HttpServer2.java:addGlobalFilter(975)) - Added global filter 'safety' (class=org.apache.hadoop.http.HttpServer2$QuotingInputFilter)
2019-06-12 21:45:33,090 INFO  http.HttpServer2 (HttpServer2.java:addFilter(948)) - Added filter static_user_filter (class=org.apache.hadoop.http.lib.StaticUserWebFilter$StaticUserFilter) to context hddsDatanode
2019-06-12 21:45:33,091 INFO  http.HttpServer2 (HttpServer2.java:addFilter(958)) - Added filter static_user_filter (class=org.apache.hadoop.http.lib.StaticUserWebFilter$StaticUserFilter) to context logs
2019-06-12 21:45:33,091 INFO  http.HttpServer2 (HttpServer2.java:addFilter(958)) - Added filter static_user_filter (class=org.apache.hadoop.http.lib.StaticUserWebFilter$StaticUserFilter) to context static
2019-06-12 21:45:33,092 INFO  http.HttpServer2 (HttpServer2.java:bindListener(1191)) - Jetty bound to port 35445
2019-06-12 21:45:33,092 INFO  server.Server (Server.java:doStart(351)) - jetty-9.3.24.v20180605, build timestamp: 2018-06-05T17:11:56Z, git hash: 84205aa28f11a4f31f2a3b86d1bba2cc8ab69827
2019-06-12 21:45:33,099 INFO  handler.ContextHandler (ContextHandler.java:doStart(781)) - Started o.e.j.s.ServletContextHandler@18b6d3c1{/logs,file:///opt/src/hadoop-ozone/integration-test/target/log,AVAILABLE}
2019-06-12 21:45:33,099 INFO  handler.ContextHandler (ContextHandler.java:doStart(781)) - Started o.e.j.s.ServletContextHandler@3fe512d2{/static,jar:file:/root/.m2/repository/org/apache/hadoop/hadoop-hdds-container-service/0.5.0-SNAPSHOT/hadoop-hdds-container-service-0.5.0-SNAPSHOT.jar!/webapps/static,AVAILABLE}
2019-06-12 21:45:33,103 INFO  datanode.InitDatanodeState (InitDatanodeState.java:persistContainerDatanodeDetails(140)) - DatanodeDetails is persisted to /opt/src/hadoop-ozone/integration-test/target/test-dir/MiniOzoneClusterImpl-c8eac4b1-2475-463e-9465-5ed8d57562b9/datanode-0/meta/datanode.id
2019-06-12 21:45:33,122 INFO  handler.ContextHandler (ContextHandler.java:doStart(781)) - Started o.e.j.w.WebAppContext@e7b265e{/,file:///tmp/jetty-0.0.0.0-35445-hddsDatanode-_-any-5368957785314693484.dir/webapp/,AVAILABLE}{/hddsDatanode}
2019-06-12 21:45:33,123 INFO  server.AbstractConnector (AbstractConnector.java:doStart(278)) - Started ServerConnector@51da32e5{HTTP/1.1,[http/1.1]}{0.0.0.0:35445}
2019-06-12 21:45:33,124 INFO  server.Server (Server.java:doStart(419)) - Started @4673ms
2019-06-12 21:45:33,125 INFO  server.BaseHttpServer (BaseHttpServer.java:updateConnectorAddress(207)) - HTTP server of HDDSDATANODE is listening at http://0.0.0.0:35445
2019-06-12 21:45:33,274 INFO  ozone.HddsDatanodeService (HddsDatanodeService.java:startPlugins(396)) - Started plug-in org.apache.hadoop.ozone.web.OzoneHddsDatanodeService@1d6751e3
2019-06-12 21:45:33,274 INFO  impl.MetricsSystemImpl (MetricsSystemImpl.java:init(158)) - HddsDatanode metrics system started (again)
2019-06-12 21:45:33,274 INFO  ozone.HddsDatanodeService (HddsDatanodeService.java:start(185)) - HddsDatanodeService host:ozone-v57r8-234650721 ip:192.168.19.22
2019-06-12 21:45:33,279 INFO  util.JvmPauseMonitor (JvmPauseMonitor.java:run(188)) - Starting JVM pause monitor
2019-06-12 21:45:33,284 INFO  volume.HddsVolume (HddsVolume.java:<init>(176)) - Creating Volume: /opt/src/hadoop-ozone/integration-test/target/test-dir/MiniOzoneClusterImpl-c8eac4b1-2475-463e-9465-5ed8d57562b9/datanode-2/data/containers/hdds of  storage type : DISK and capacity : 104021790720
2019-06-12 21:45:33,284 INFO  volume.VolumeSet (VolumeSet.java:initializeVolumeSet(170)) - Added Volume : /opt/src/hadoop-ozone/integration-test/target/test-dir/MiniOzoneClusterImpl-c8eac4b1-2475-463e-9465-5ed8d57562b9/datanode-2/data/containers/hdds to VolumeSet
2019-06-12 21:45:33,284 INFO  volume.ThrottledAsyncChecker (ThrottledAsyncChecker.java:schedule(140)) - Scheduling a check for org.apache.hadoop.ozone.container.common.volume.HddsVolume@2e7af36e
2019-06-12 21:45:33,287 INFO  datanode.InitDatanodeState (InitDatanodeState.java:persistContainerDatanodeDetails(140)) - DatanodeDetails is persisted to /opt/src/hadoop-ozone/integration-test/target/test-dir/MiniOzoneClusterImpl-c8eac4b1-2475-463e-9465-5ed8d57562b9/datanode-1/meta/datanode.id
2019-06-12 21:45:33,287 INFO  volume.HddsVolumeChecker (HddsVolumeChecker.java:checkAllVolumes(203)) - Scheduled health check for volume org.apache.hadoop.ozone.container.common.volume.HddsVolume@2e7af36e
2019-06-12 21:45:33,298 INFO  ratis.XceiverServerRatis (XceiverServerRatis.java:newXceiverServerRatis(401)) - Found a free port for the server : 41903
2019-06-12 21:45:33,303 INFO  impl.RaftServerProxy (ConfUtils.java:logGet(43)) - raft.rpc.type = GRPC (default)
2019-06-12 21:45:33,303 INFO  grpc.GrpcConfigKeys$Server (ConfUtils.java:logGet(43)) - raft.grpc.server.port = 41903 (custom)
2019-06-12 21:45:33,303 INFO  server.GrpcService (ConfUtils.java:logGet(43)) - raft.grpc.message.size.max = 33570816 (custom)
2019-06-12 21:45:33,303 INFO  server.RaftServerConfigKeys (ConfUtils.java:logGet(43)) - raft.server.log.appender.buffer.byte-limit = 33554432 (custom)
2019-06-12 21:45:33,304 INFO  server.GrpcService (ConfUtils.java:logGet(43)) - raft.grpc.flow.control.window = 1MB (=1048576) (default)
2019-06-12 21:45:33,304 INFO  server.RaftServerConfigKeys (ConfUtils.java:logGet(43)) - raft.server.rpc.request.timeout = 3000ms (default)
2019-06-12 21:45:33,305 INFO  server.RaftServerConfigKeys (ConfUtils.java:logGet(43)) - raft.server.storage.dir = [/opt/src/hadoop-ozone/integration-test/target/test-dir/MiniOzoneClusterImpl-c8eac4b1-2475-463e-9465-5ed8d57562b9/datanode-2/data/ratis] (custom)
2019-06-12 21:45:33,305 INFO  server.XceiverServerGrpc (XceiverServerGrpc.java:<init>(97)) - Found a free port for the server : 44847
2019-06-12 21:45:33,306 INFO  replication.SimpleContainerDownloader (SimpleContainerDownloader.java:<init>(72)) - Starting container downloader service to copy containers to replicate.
2019-06-12 21:45:33,307 INFO  hdfs.DFSUtil (DFSUtil.java:httpServerTemplateForNNAndJN(1641)) - Starting Web-server for hddsDatanode at: http://0.0.0.0:0
2019-06-12 21:45:33,308 INFO  server.AuthenticationFilter (AuthenticationFilter.java:constructSecretProvider(240)) - Unable to initialize FileSignerSecretProvider, falling back to use random secrets.
2019-06-12 21:45:33,309 WARN  http.HttpRequestLog (HttpRequestLog.java:getRequestLog(97)) - Jetty request log can only be enabled using Log4j
2019-06-12 21:45:33,311 INFO  http.HttpServer2 (HttpServer2.java:addGlobalFilter(975)) - Added global filter 'safety' (class=org.apache.hadoop.http.HttpServer2$QuotingInputFilter)
2019-06-12 21:45:33,311 INFO  http.HttpServer2 (HttpServer2.java:addFilter(948)) - Added filter static_user_filter (class=org.apache.hadoop.http.lib.StaticUserWebFilter$StaticUserFilter) to context hddsDatanode
2019-06-12 21:45:33,312 INFO  http.HttpServer2 (HttpServer2.java:addFilter(958)) - Added filter static_user_filter (class=org.apache.hadoop.http.lib.StaticUserWebFilter$StaticUserFilter) to context static
2019-06-12 21:45:33,312 INFO  http.HttpServer2 (HttpServer2.java:addFilter(958)) - Added filter static_user_filter (class=org.apache.hadoop.http.lib.StaticUserWebFilter$StaticUserFilter) to context logs
2019-06-12 21:45:33,312 INFO  http.HttpServer2 (HttpServer2.java:bindListener(1191)) - Jetty bound to port 42999
2019-06-12 21:45:33,313 INFO  server.Server (Server.java:doStart(351)) - jetty-9.3.24.v20180605, build timestamp: 2018-06-05T17:11:56Z, git hash: 84205aa28f11a4f31f2a3b86d1bba2cc8ab69827
2019-06-12 21:45:33,316 INFO  handler.ContextHandler (ContextHandler.java:doStart(781)) - Started o.e.j.s.ServletContextHandler@674da77b{/logs,file:///opt/src/hadoop-ozone/integration-test/target/log,AVAILABLE}
2019-06-12 21:45:33,317 INFO  handler.ContextHandler (ContextHandler.java:doStart(781)) - Started o.e.j.s.ServletContextHandler@6010d0d1{/static,jar:file:/root/.m2/repository/org/apache/hadoop/hadoop-hdds-container-service/0.5.0-SNAPSHOT/hadoop-hdds-container-service-0.5.0-SNAPSHOT.jar!/webapps/static,AVAILABLE}
2019-06-12 21:45:33,346 INFO  handler.ContextHandler (ContextHandler.java:doStart(781)) - Started o.e.j.w.WebAppContext@624b523{/,file:///tmp/jetty-0.0.0.0-42999-hddsDatanode-_-any-2189500008821286579.dir/webapp/,AVAILABLE}{/hddsDatanode}
2019-06-12 21:45:33,347 INFO  server.AbstractConnector (AbstractConnector.java:doStart(278)) - Started ServerConnector@50b46e24{HTTP/1.1,[http/1.1]}{0.0.0.0:42999}
2019-06-12 21:45:33,349 INFO  server.Server (Server.java:doStart(419)) - Started @4898ms
2019-06-12 21:45:33,350 INFO  server.BaseHttpServer (BaseHttpServer.java:updateConnectorAddress(207)) - HTTP server of HDDSDATANODE is listening at http://0.0.0.0:42999
2019-06-12 21:45:33,522 INFO  ozone.HddsDatanodeService (HddsDatanodeService.java:startPlugins(396)) - Started plug-in org.apache.hadoop.ozone.web.OzoneHddsDatanodeService@662be9f7
2019-06-12 21:45:33,522 INFO  impl.MetricsSystemImpl (MetricsSystemImpl.java:init(158)) - HddsDatanode metrics system started (again)
2019-06-12 21:45:33,523 INFO  ozone.HddsDatanodeService (HddsDatanodeService.java:start(185)) - HddsDatanodeService host:ozone-v57r8-234650721 ip:192.168.19.22
2019-06-12 21:45:33,542 INFO  util.JvmPauseMonitor (JvmPauseMonitor.java:run(188)) - Starting JVM pause monitor
2019-06-12 21:45:33,545 INFO  datanode.InitDatanodeState (InitDatanodeState.java:persistContainerDatanodeDetails(140)) - DatanodeDetails is persisted to /opt/src/hadoop-ozone/integration-test/target/test-dir/MiniOzoneClusterImpl-c8eac4b1-2475-463e-9465-5ed8d57562b9/datanode-2/meta/datanode.id
2019-06-12 21:45:33,546 INFO  volume.HddsVolume (HddsVolume.java:<init>(176)) - Creating Volume: /opt/src/hadoop-ozone/integration-test/target/test-dir/MiniOzoneClusterImpl-c8eac4b1-2475-463e-9465-5ed8d57562b9/datanode-3/data/containers/hdds of  storage type : DISK and capacity : 104021790720
2019-06-12 21:45:33,547 INFO  volume.VolumeSet (VolumeSet.java:initializeVolumeSet(170)) - Added Volume : /opt/src/hadoop-ozone/integration-test/target/test-dir/MiniOzoneClusterImpl-c8eac4b1-2475-463e-9465-5ed8d57562b9/datanode-3/data/containers/hdds to VolumeSet
2019-06-12 21:45:33,547 INFO  volume.ThrottledAsyncChecker (ThrottledAsyncChecker.java:schedule(140)) - Scheduling a check for org.apache.hadoop.ozone.container.common.volume.HddsVolume@2f9dda71
2019-06-12 21:45:33,549 INFO  volume.HddsVolumeChecker (HddsVolumeChecker.java:checkAllVolumes(203)) - Scheduled health check for volume org.apache.hadoop.ozone.container.common.volume.HddsVolume@2f9dda71
2019-06-12 21:45:33,563 INFO  ratis.XceiverServerRatis (XceiverServerRatis.java:newXceiverServerRatis(401)) - Found a free port for the server : 43579
2019-06-12 21:45:33,564 INFO  impl.RaftServerProxy (ConfUtils.java:logGet(43)) - raft.rpc.type = GRPC (default)
2019-06-12 21:45:33,565 INFO  grpc.GrpcConfigKeys$Server (ConfUtils.java:logGet(43)) - raft.grpc.server.port = 43579 (custom)
2019-06-12 21:45:33,565 INFO  server.GrpcService (ConfUtils.java:logGet(43)) - raft.grpc.message.size.max = 33570816 (custom)
2019-06-12 21:45:33,565 INFO  server.RaftServerConfigKeys (ConfUtils.java:logGet(43)) - raft.server.log.appender.buffer.byte-limit = 33554432 (custom)
2019-06-12 21:45:33,567 INFO  server.GrpcService (ConfUtils.java:logGet(43)) - raft.grpc.flow.control.window = 1MB (=1048576) (default)
2019-06-12 21:45:33,567 INFO  server.RaftServerConfigKeys (ConfUtils.java:logGet(43)) - raft.server.rpc.request.timeout = 3000ms (default)
2019-06-12 21:45:33,568 INFO  server.RaftServerConfigKeys (ConfUtils.java:logGet(43)) - raft.server.storage.dir = [/opt/src/hadoop-ozone/integration-test/target/test-dir/MiniOzoneClusterImpl-c8eac4b1-2475-463e-9465-5ed8d57562b9/datanode-3/data/ratis] (custom)
2019-06-12 21:45:33,568 INFO  server.XceiverServerGrpc (XceiverServerGrpc.java:<init>(97)) - Found a free port for the server : 39587
2019-06-12 21:45:33,569 INFO  replication.SimpleContainerDownloader (SimpleContainerDownloader.java:<init>(72)) - Starting container downloader service to copy containers to replicate.
2019-06-12 21:45:33,573 INFO  hdfs.DFSUtil (DFSUtil.java:httpServerTemplateForNNAndJN(1641)) - Starting Web-server for hddsDatanode at: http://0.0.0.0:0
2019-06-12 21:45:33,574 INFO  server.AuthenticationFilter (AuthenticationFilter.java:constructSecretProvider(240)) - Unable to initialize FileSignerSecretProvider, falling back to use random secrets.
2019-06-12 21:45:33,575 WARN  http.HttpRequestLog (HttpRequestLog.java:getRequestLog(97)) - Jetty request log can only be enabled using Log4j
2019-06-12 21:45:33,577 INFO  http.HttpServer2 (HttpServer2.java:addGlobalFilter(975)) - Added global filter 'safety' (class=org.apache.hadoop.http.HttpServer2$QuotingInputFilter)
2019-06-12 21:45:33,579 INFO  http.HttpServer2 (HttpServer2.java:addFilter(948)) - Added filter static_user_filter (class=org.apache.hadoop.http.lib.StaticUserWebFilter$StaticUserFilter) to context hddsDatanode
2019-06-12 21:45:33,579 INFO  http.HttpServer2 (HttpServer2.java:addFilter(958)) - Added filter static_user_filter (class=org.apache.hadoop.http.lib.StaticUserWebFilter$StaticUserFilter) to context static
2019-06-12 21:45:33,579 INFO  http.HttpServer2 (HttpServer2.java:addFilter(958)) - Added filter static_user_filter (class=org.apache.hadoop.http.lib.StaticUserWebFilter$StaticUserFilter) to context logs
2019-06-12 21:45:33,580 INFO  http.HttpServer2 (HttpServer2.java:bindListener(1191)) - Jetty bound to port 36339
2019-06-12 21:45:33,580 INFO  server.Server (Server.java:doStart(351)) - jetty-9.3.24.v20180605, build timestamp: 2018-06-05T17:11:56Z, git hash: 84205aa28f11a4f31f2a3b86d1bba2cc8ab69827
2019-06-12 21:45:33,587 INFO  handler.ContextHandler (ContextHandler.java:doStart(781)) - Started o.e.j.s.ServletContextHandler@1f15e689{/logs,file:///opt/src/hadoop-ozone/integration-test/target/log,AVAILABLE}
2019-06-12 21:45:33,587 INFO  handler.ContextHandler (ContextHandler.java:doStart(781)) - Started o.e.j.s.ServletContextHandler@3ebc955b{/static,jar:file:/root/.m2/repository/org/apache/hadoop/hadoop-hdds-container-service/0.5.0-SNAPSHOT/hadoop-hdds-container-service-0.5.0-SNAPSHOT.jar!/webapps/static,AVAILABLE}
2019-06-12 21:45:33,617 INFO  handler.ContextHandler (ContextHandler.java:doStart(781)) - Started o.e.j.w.WebAppContext@9fe720a{/,file:///tmp/jetty-0.0.0.0-36339-hddsDatanode-_-any-6706088845616448319.dir/webapp/,AVAILABLE}{/hddsDatanode}
2019-06-12 21:45:33,618 INFO  server.AbstractConnector (AbstractConnector.java:doStart(278)) - Started ServerConnector@149274cb{HTTP/1.1,[http/1.1]}{0.0.0.0:36339}
2019-06-12 21:45:33,619 INFO  server.Server (Server.java:doStart(419)) - Started @5168ms
2019-06-12 21:45:33,620 INFO  server.BaseHttpServer (BaseHttpServer.java:updateConnectorAddress(207)) - HTTP server of HDDSDATANODE is listening at http://0.0.0.0:36339
2019-06-12 21:45:33,745 INFO  ozone.HddsDatanodeService (HddsDatanodeService.java:startPlugins(396)) - Started plug-in org.apache.hadoop.ozone.web.OzoneHddsDatanodeService@7aded903
2019-06-12 21:45:33,746 INFO  impl.MetricsSystemImpl (MetricsSystemImpl.java:init(158)) - HddsDatanode metrics system started (again)
2019-06-12 21:45:33,746 INFO  ozone.HddsDatanodeService (HddsDatanodeService.java:start(185)) - HddsDatanodeService host:ozone-v57r8-234650721 ip:192.168.19.22
2019-06-12 21:45:33,747 INFO  util.JvmPauseMonitor (JvmPauseMonitor.java:run(188)) - Starting JVM pause monitor
2019-06-12 21:45:33,749 INFO  datanode.InitDatanodeState (InitDatanodeState.java:persistContainerDatanodeDetails(140)) - DatanodeDetails is persisted to /opt/src/hadoop-ozone/integration-test/target/test-dir/MiniOzoneClusterImpl-c8eac4b1-2475-463e-9465-5ed8d57562b9/datanode-3/meta/datanode.id
2019-06-12 21:45:33,760 INFO  volume.HddsVolume (HddsVolume.java:<init>(176)) - Creating Volume: /opt/src/hadoop-ozone/integration-test/target/test-dir/MiniOzoneClusterImpl-c8eac4b1-2475-463e-9465-5ed8d57562b9/datanode-4/data/containers/hdds of  storage type : DISK and capacity : 104021790720
2019-06-12 21:45:33,760 INFO  volume.VolumeSet (VolumeSet.java:initializeVolumeSet(170)) - Added Volume : /opt/src/hadoop-ozone/integration-test/target/test-dir/MiniOzoneClusterImpl-c8eac4b1-2475-463e-9465-5ed8d57562b9/datanode-4/data/containers/hdds to VolumeSet
2019-06-12 21:45:33,760 INFO  volume.ThrottledAsyncChecker (ThrottledAsyncChecker.java:schedule(140)) - Scheduling a check for org.apache.hadoop.ozone.container.common.volume.HddsVolume@66f16742
2019-06-12 21:45:33,762 INFO  volume.HddsVolumeChecker (HddsVolumeChecker.java:checkAllVolumes(203)) - Scheduled health check for volume org.apache.hadoop.ozone.container.common.volume.HddsVolume@66f16742
2019-06-12 21:45:33,773 INFO  ratis.XceiverServerRatis (XceiverServerRatis.java:newXceiverServerRatis(401)) - Found a free port for the server : 45901
2019-06-12 21:45:33,776 INFO  impl.RaftServerProxy (ConfUtils.java:logGet(43)) - raft.rpc.type = GRPC (default)
2019-06-12 21:45:33,776 INFO  grpc.GrpcConfigKeys$Server (ConfUtils.java:logGet(43)) - raft.grpc.server.port = 45901 (custom)
2019-06-12 21:45:33,776 INFO  server.GrpcService (ConfUtils.java:logGet(43)) - raft.grpc.message.size.max = 33570816 (custom)
2019-06-12 21:45:33,777 INFO  server.RaftServerConfigKeys (ConfUtils.java:logGet(43)) - raft.server.log.appender.buffer.byte-limit = 33554432 (custom)
2019-06-12 21:45:33,777 INFO  server.GrpcService (ConfUtils.java:logGet(43)) - raft.grpc.flow.control.window = 1MB (=1048576) (default)
2019-06-12 21:45:33,777 INFO  server.RaftServerConfigKeys (ConfUtils.java:logGet(43)) - raft.server.rpc.request.timeout = 3000ms (default)
2019-06-12 21:45:33,778 INFO  server.RaftServerConfigKeys (ConfUtils.java:logGet(43)) - raft.server.storage.dir = [/opt/src/hadoop-ozone/integration-test/target/test-dir/MiniOzoneClusterImpl-c8eac4b1-2475-463e-9465-5ed8d57562b9/datanode-4/data/ratis] (custom)
2019-06-12 21:45:33,778 INFO  server.XceiverServerGrpc (XceiverServerGrpc.java:<init>(97)) - Found a free port for the server : 43591
2019-06-12 21:45:33,778 INFO  replication.SimpleContainerDownloader (SimpleContainerDownloader.java:<init>(72)) - Starting container downloader service to copy containers to replicate.
2019-06-12 21:45:33,779 INFO  hdfs.DFSUtil (DFSUtil.java:httpServerTemplateForNNAndJN(1641)) - Starting Web-server for hddsDatanode at: http://0.0.0.0:0
2019-06-12 21:45:33,780 INFO  server.AuthenticationFilter (AuthenticationFilter.java:constructSecretProvider(240)) - Unable to initialize FileSignerSecretProvider, falling back to use random secrets.
2019-06-12 21:45:33,781 WARN  http.HttpRequestLog (HttpRequestLog.java:getRequestLog(97)) - Jetty request log can only be enabled using Log4j
2019-06-12 21:45:33,782 INFO  http.HttpServer2 (HttpServer2.java:addGlobalFilter(975)) - Added global filter 'safety' (class=org.apache.hadoop.http.HttpServer2$QuotingInputFilter)
2019-06-12 21:45:33,782 INFO  http.HttpServer2 (HttpServer2.java:addFilter(948)) - Added filter static_user_filter (class=org.apache.hadoop.http.lib.StaticUserWebFilter$StaticUserFilter) to context hddsDatanode
2019-06-12 21:45:33,783 INFO  http.HttpServer2 (HttpServer2.java:addFilter(958)) - Added filter static_user_filter (class=org.apache.hadoop.http.lib.StaticUserWebFilter$StaticUserFilter) to context logs
2019-06-12 21:45:33,783 INFO  http.HttpServer2 (HttpServer2.java:addFilter(958)) - Added filter static_user_filter (class=org.apache.hadoop.http.lib.StaticUserWebFilter$StaticUserFilter) to context static
2019-06-12 21:45:33,783 INFO  http.HttpServer2 (HttpServer2.java:bindListener(1191)) - Jetty bound to port 35107
2019-06-12 21:45:33,783 INFO  server.Server (Server.java:doStart(351)) - jetty-9.3.24.v20180605, build timestamp: 2018-06-05T17:11:56Z, git hash: 84205aa28f11a4f31f2a3b86d1bba2cc8ab69827
2019-06-12 21:45:33,798 INFO  handler.ContextHandler (ContextHandler.java:doStart(781)) - Started o.e.j.s.ServletContextHandler@4ef18604{/logs,file:///opt/src/hadoop-ozone/integration-test/target/log,AVAILABLE}
2019-06-12 21:45:33,801 INFO  handler.ContextHandler (ContextHandler.java:doStart(781)) - Started o.e.j.s.ServletContextHandler@16cf8438{/static,jar:file:/root/.m2/repository/org/apache/hadoop/hadoop-hdds-container-service/0.5.0-SNAPSHOT/hadoop-hdds-container-service-0.5.0-SNAPSHOT.jar!/webapps/static,AVAILABLE}
2019-06-12 21:45:33,822 INFO  handler.ContextHandler (ContextHandler.java:doStart(781)) - Started o.e.j.w.WebAppContext@2ca3d826{/,file:///tmp/jetty-0.0.0.0-35107-hddsDatanode-_-any-4620874217126212897.dir/webapp/,AVAILABLE}{/hddsDatanode}
2019-06-12 21:45:33,823 INFO  server.AbstractConnector (AbstractConnector.java:doStart(278)) - Started ServerConnector@5d194314{HTTP/1.1,[http/1.1]}{0.0.0.0:35107}
2019-06-12 21:45:33,823 INFO  server.Server (Server.java:doStart(419)) - Started @5372ms
2019-06-12 21:45:33,826 INFO  server.BaseHttpServer (BaseHttpServer.java:updateConnectorAddress(207)) - HTTP server of HDDSDATANODE is listening at http://0.0.0.0:35107
2019-06-12 21:45:33,946 INFO  ozone.HddsDatanodeService (HddsDatanodeService.java:startPlugins(396)) - Started plug-in org.apache.hadoop.ozone.web.OzoneHddsDatanodeService@454bcbbf
2019-06-12 21:45:33,947 INFO  impl.MetricsSystemImpl (MetricsSystemImpl.java:init(158)) - HddsDatanode metrics system started (again)
2019-06-12 21:45:33,947 INFO  ozone.HddsDatanodeService (HddsDatanodeService.java:start(185)) - HddsDatanodeService host:ozone-v57r8-234650721 ip:192.168.19.22
2019-06-12 21:45:33,949 INFO  util.JvmPauseMonitor (JvmPauseMonitor.java:run(188)) - Starting JVM pause monitor
2019-06-12 21:45:33,951 INFO  datanode.InitDatanodeState (InitDatanodeState.java:persistContainerDatanodeDetails(140)) - DatanodeDetails is persisted to /opt/src/hadoop-ozone/integration-test/target/test-dir/MiniOzoneClusterImpl-c8eac4b1-2475-463e-9465-5ed8d57562b9/datanode-4/meta/datanode.id
2019-06-12 21:45:33,959 INFO  volume.HddsVolume (HddsVolume.java:<init>(176)) - Creating Volume: /opt/src/hadoop-ozone/integration-test/target/test-dir/MiniOzoneClusterImpl-c8eac4b1-2475-463e-9465-5ed8d57562b9/datanode-5/data/containers/hdds of  storage type : DISK and capacity : 104021790720
2019-06-12 21:45:33,959 INFO  volume.VolumeSet (VolumeSet.java:initializeVolumeSet(170)) - Added Volume : /opt/src/hadoop-ozone/integration-test/target/test-dir/MiniOzoneClusterImpl-c8eac4b1-2475-463e-9465-5ed8d57562b9/datanode-5/data/containers/hdds to VolumeSet
2019-06-12 21:45:33,960 INFO  volume.ThrottledAsyncChecker (ThrottledAsyncChecker.java:schedule(140)) - Scheduling a check for org.apache.hadoop.ozone.container.common.volume.HddsVolume@7ea42c82
2019-06-12 21:45:33,962 INFO  volume.HddsVolumeChecker (HddsVolumeChecker.java:checkAllVolumes(203)) - Scheduled health check for volume org.apache.hadoop.ozone.container.common.volume.HddsVolume@7ea42c82
2019-06-12 21:45:33,971 INFO  ratis.XceiverServerRatis (XceiverServerRatis.java:newXceiverServerRatis(401)) - Found a free port for the server : 46129
2019-06-12 21:45:33,973 INFO  impl.RaftServerProxy (ConfUtils.java:logGet(43)) - raft.rpc.type = GRPC (default)
2019-06-12 21:45:33,973 INFO  grpc.GrpcConfigKeys$Server (ConfUtils.java:logGet(43)) - raft.grpc.server.port = 46129 (custom)
2019-06-12 21:45:33,973 INFO  server.GrpcService (ConfUtils.java:logGet(43)) - raft.grpc.message.size.max = 33570816 (custom)
2019-06-12 21:45:33,973 INFO  server.RaftServerConfigKeys (ConfUtils.java:logGet(43)) - raft.server.log.appender.buffer.byte-limit = 33554432 (custom)
2019-06-12 21:45:33,974 INFO  server.GrpcService (ConfUtils.java:logGet(43)) - raft.grpc.flow.control.window = 1MB (=1048576) (default)
2019-06-12 21:45:33,974 INFO  server.RaftServerConfigKeys (ConfUtils.java:logGet(43)) - raft.server.rpc.request.timeout = 3000ms (default)
2019-06-12 21:45:33,974 INFO  server.RaftServerConfigKeys (ConfUtils.java:logGet(43)) - raft.server.storage.dir = [/opt/src/hadoop-ozone/integration-test/target/test-dir/MiniOzoneClusterImpl-c8eac4b1-2475-463e-9465-5ed8d57562b9/datanode-5/data/ratis] (custom)
2019-06-12 21:45:33,975 INFO  server.XceiverServerGrpc (XceiverServerGrpc.java:<init>(97)) - Found a free port for the server : 34601
2019-06-12 21:45:33,975 INFO  replication.SimpleContainerDownloader (SimpleContainerDownloader.java:<init>(72)) - Starting container downloader service to copy containers to replicate.
2019-06-12 21:45:33,976 INFO  hdfs.DFSUtil (DFSUtil.java:httpServerTemplateForNNAndJN(1641)) - Starting Web-server for hddsDatanode at: http://0.0.0.0:0
2019-06-12 21:45:33,977 INFO  server.AuthenticationFilter (AuthenticationFilter.java:constructSecretProvider(240)) - Unable to initialize FileSignerSecretProvider, falling back to use random secrets.
2019-06-12 21:45:33,981 WARN  http.HttpRequestLog (HttpRequestLog.java:getRequestLog(97)) - Jetty request log can only be enabled using Log4j
2019-06-12 21:45:33,983 INFO  http.HttpServer2 (HttpServer2.java:addGlobalFilter(975)) - Added global filter 'safety' (class=org.apache.hadoop.http.HttpServer2$QuotingInputFilter)
2019-06-12 21:45:33,984 INFO  http.HttpServer2 (HttpServer2.java:addFilter(948)) - Added filter static_user_filter (class=org.apache.hadoop.http.lib.StaticUserWebFilter$StaticUserFilter) to context hddsDatanode
2019-06-12 21:45:33,984 INFO  http.HttpServer2 (HttpServer2.java:addFilter(958)) - Added filter static_user_filter (class=org.apache.hadoop.http.lib.StaticUserWebFilter$StaticUserFilter) to context static
2019-06-12 21:45:33,984 INFO  http.HttpServer2 (HttpServer2.java:addFilter(958)) - Added filter static_user_filter (class=org.apache.hadoop.http.lib.StaticUserWebFilter$StaticUserFilter) to context logs
2019-06-12 21:45:33,984 INFO  http.HttpServer2 (HttpServer2.java:bindListener(1191)) - Jetty bound to port 34915
2019-06-12 21:45:33,985 INFO  server.Server (Server.java:doStart(351)) - jetty-9.3.24.v20180605, build timestamp: 2018-06-05T17:11:56Z, git hash: 84205aa28f11a4f31f2a3b86d1bba2cc8ab69827
2019-06-12 21:45:33,990 INFO  handler.ContextHandler (ContextHandler.java:doStart(781)) - Started o.e.j.s.ServletContextHandler@58a7dc4{/logs,file:///opt/src/hadoop-ozone/integration-test/target/log,AVAILABLE}
2019-06-12 21:45:33,991 INFO  handler.ContextHandler (ContextHandler.java:doStart(781)) - Started o.e.j.s.ServletContextHandler@27f71195{/static,jar:file:/root/.m2/repository/org/apache/hadoop/hadoop-hdds-container-service/0.5.0-SNAPSHOT/hadoop-hdds-container-service-0.5.0-SNAPSHOT.jar!/webapps/static,AVAILABLE}
2019-06-12 21:45:34,020 INFO  handler.ContextHandler (ContextHandler.java:doStart(781)) - Started o.e.j.w.WebAppContext@26b3c9a2{/,file:///tmp/jetty-0.0.0.0-34915-hddsDatanode-_-any-7160581800374851007.dir/webapp/,AVAILABLE}{/hddsDatanode}
2019-06-12 21:45:34,022 INFO  server.AbstractConnector (AbstractConnector.java:doStart(278)) - Started ServerConnector@241b971f{HTTP/1.1,[http/1.1]}{0.0.0.0:34915}
2019-06-12 21:45:34,022 INFO  server.Server (Server.java:doStart(419)) - Started @5571ms
2019-06-12 21:45:34,023 INFO  server.BaseHttpServer (BaseHttpServer.java:updateConnectorAddress(207)) - HTTP server of HDDSDATANODE is listening at http://0.0.0.0:34915
2019-06-12 21:45:34,181 INFO  ozone.HddsDatanodeService (HddsDatanodeService.java:startPlugins(396)) - Started plug-in org.apache.hadoop.ozone.web.OzoneHddsDatanodeService@693f2213
2019-06-12 21:45:34,182 INFO  ozone.MiniOzoneClusterImpl (MiniOzoneClusterImpl.java:lambda$waitForClusterToBeReady$0(142)) - Waiting for cluster to be ready. Got 0 of 6 DN Heartbeats.
2019-06-12 21:45:34,186 INFO  util.JvmPauseMonitor (JvmPauseMonitor.java:run(188)) - Starting JVM pause monitor
2019-06-12 21:45:34,190 INFO  datanode.InitDatanodeState (InitDatanodeState.java:persistContainerDatanodeDetails(140)) - DatanodeDetails is persisted to /opt/src/hadoop-ozone/integration-test/target/test-dir/MiniOzoneClusterImpl-c8eac4b1-2475-463e-9465-5ed8d57562b9/datanode-5/meta/datanode.id
2019-06-12 21:45:35,031 INFO  ozoneimpl.OzoneContainer (OzoneContainer.java:start(186)) - Attempting to start container services.
2019-06-12 21:45:35,031 INFO  ozoneimpl.OzoneContainer (OzoneContainer.java:startContainerScrub(160)) - Background container scrubber has been disabled by hdds.containerscrub.enabled
2019-06-12 21:45:35,031 INFO  ratis.XceiverServerRatis (XceiverServerRatis.java:start(418)) - Starting XceiverServerRatis a09077e9-db02-48c4-8626-e6c53b0a699f at port 42937
2019-06-12 21:45:35,073 INFO  impl.RaftServerProxy (RaftServerProxy.java:lambda$start$3(299)) - a09077e9-db02-48c4-8626-e6c53b0a699f: start RPC server
2019-06-12 21:45:35,184 INFO  ozone.MiniOzoneClusterImpl (MiniOzoneClusterImpl.java:lambda$waitForClusterToBeReady$0(142)) - Waiting for cluster to be ready. Got 0 of 6 DN Heartbeats.
2019-06-12 21:45:35,194 INFO  server.GrpcService (GrpcService.java:startImpl(148)) - a09077e9-db02-48c4-8626-e6c53b0a699f: GrpcService started, listening on 0.0.0.0/0.0.0.0:42937
2019-06-12 21:45:35,283 INFO  ozoneimpl.OzoneContainer (OzoneContainer.java:start(186)) - Attempting to start container services.
2019-06-12 21:45:35,285 INFO  ozoneimpl.OzoneContainer (OzoneContainer.java:startContainerScrub(160)) - Background container scrubber has been disabled by hdds.containerscrub.enabled
2019-06-12 21:45:35,285 INFO  ratis.XceiverServerRatis (XceiverServerRatis.java:start(418)) - Starting XceiverServerRatis 684467be-5acf-4c6f-a751-72c25a4612b3 at port 40021
2019-06-12 21:45:35,290 INFO  impl.RaftServerProxy (RaftServerProxy.java:lambda$start$3(299)) - 684467be-5acf-4c6f-a751-72c25a4612b3: start RPC server
2019-06-12 21:45:35,292 INFO  server.GrpcService (GrpcService.java:startImpl(148)) - 684467be-5acf-4c6f-a751-72c25a4612b3: GrpcService started, listening on 0.0.0.0/0.0.0.0:40021
2019-06-12 21:45:35,770 INFO  ozoneimpl.OzoneContainer (OzoneContainer.java:start(186)) - Attempting to start container services.
2019-06-12 21:45:35,772 INFO  ozoneimpl.OzoneContainer (OzoneContainer.java:start(186)) - Attempting to start container services.
2019-06-12 21:45:35,773 INFO  ozoneimpl.OzoneContainer (OzoneContainer.java:startContainerScrub(160)) - Background container scrubber has been disabled by hdds.containerscrub.enabled
2019-06-12 21:45:35,773 INFO  ozoneimpl.OzoneContainer (OzoneContainer.java:startContainerScrub(160)) - Background container scrubber has been disabled by hdds.containerscrub.enabled
2019-06-12 21:45:35,773 INFO  ratis.XceiverServerRatis (XceiverServerRatis.java:start(418)) - Starting XceiverServerRatis 7fd1f85d-54c9-4461-a053-2043166410e4 at port 43579
2019-06-12 21:45:35,773 INFO  ratis.XceiverServerRatis (XceiverServerRatis.java:start(418)) - Starting XceiverServerRatis 6263d909-367a-4191-8bef-db53a4003eb2 at port 41903
2019-06-12 21:45:35,789 INFO  impl.RaftServerProxy (RaftServerProxy.java:lambda$start$3(299)) - 6263d909-367a-4191-8bef-db53a4003eb2: start RPC server
2019-06-12 21:45:35,791 INFO  impl.RaftServerProxy (RaftServerProxy.java:lambda$start$3(299)) - 7fd1f85d-54c9-4461-a053-2043166410e4: start RPC server
2019-06-12 21:45:35,791 INFO  server.GrpcService (GrpcService.java:startImpl(148)) - 6263d909-367a-4191-8bef-db53a4003eb2: GrpcService started, listening on 0.0.0.0/0.0.0.0:41903
2019-06-12 21:45:35,794 INFO  server.GrpcService (GrpcService.java:startImpl(148)) - 7fd1f85d-54c9-4461-a053-2043166410e4: GrpcService started, listening on 0.0.0.0/0.0.0.0:43579
2019-06-12 21:45:35,954 INFO  ozoneimpl.OzoneContainer (OzoneContainer.java:start(186)) - Attempting to start container services.
2019-06-12 21:45:35,956 INFO  ozoneimpl.OzoneContainer (OzoneContainer.java:startContainerScrub(160)) - Background container scrubber has been disabled by hdds.containerscrub.enabled
2019-06-12 21:45:35,956 INFO  ratis.XceiverServerRatis (XceiverServerRatis.java:start(418)) - Starting XceiverServerRatis a75f6124-23a4-43e8-993e-f184abea0d9b at port 45901
2019-06-12 21:45:35,960 INFO  impl.RaftServerProxy (RaftServerProxy.java:lambda$start$3(299)) - a75f6124-23a4-43e8-993e-f184abea0d9b: start RPC server
2019-06-12 21:45:35,962 INFO  server.GrpcService (GrpcService.java:startImpl(148)) - a75f6124-23a4-43e8-993e-f184abea0d9b: GrpcService started, listening on 0.0.0.0/0.0.0.0:45901
2019-06-12 21:45:36,184 INFO  ozone.MiniOzoneClusterImpl (MiniOzoneClusterImpl.java:lambda$waitForClusterToBeReady$0(142)) - Waiting for cluster to be ready. Got 0 of 6 DN Heartbeats.
2019-06-12 21:45:36,191 INFO  ozoneimpl.OzoneContainer (OzoneContainer.java:start(186)) - Attempting to start container services.
2019-06-12 21:45:36,193 INFO  ozoneimpl.OzoneContainer (OzoneContainer.java:startContainerScrub(160)) - Background container scrubber has been disabled by hdds.containerscrub.enabled
2019-06-12 21:45:36,193 INFO  ratis.XceiverServerRatis (XceiverServerRatis.java:start(418)) - Starting XceiverServerRatis 1aed9647-7c54-4843-8b97-400b3fef82c6 at port 46129
2019-06-12 21:45:36,197 INFO  impl.RaftServerProxy (RaftServerProxy.java:lambda$start$3(299)) - 1aed9647-7c54-4843-8b97-400b3fef82c6: start RPC server
2019-06-12 21:45:36,200 INFO  server.GrpcService (GrpcService.java:startImpl(148)) - 1aed9647-7c54-4843-8b97-400b3fef82c6: GrpcService started, listening on 0.0.0.0/0.0.0.0:46129
2019-06-12 21:45:37,036 INFO  node.SCMNodeManager (SCMNodeManager.java:register(234)) - Registered Data node : a09077e9-db02-48c4-8626-e6c53b0a699f{ip: 192.168.19.22, host: ozone-v57r8-234650721, networkLocation: /default-rack, certSerialId: null}
2019-06-12 21:45:37,043 INFO  safemode.SCMSafeModeManager (DataNodeSafeModeRule.java:process(71)) - SCM in safe mode. 1 DataNodes registered, 1 required.
2019-06-12 21:45:37,043 INFO  safemode.SCMSafeModeManager (SCMSafeModeManager.java:validateSafeModeExitRules(177)) - ScmSafeModeManager, all rules are successfully validated
2019-06-12 21:45:37,043 INFO  safemode.SCMSafeModeManager (SCMSafeModeManager.java:exitSafeMode(193)) - SCM exiting safe mode.
2019-06-12 21:45:37,184 INFO  ozone.MiniOzoneClusterImpl (MiniOzoneClusterImpl.java:lambda$waitForClusterToBeReady$0(142)) - Waiting for cluster to be ready. Got 1 of 6 DN Heartbeats.
2019-06-12 21:45:37,282 INFO  node.SCMNodeManager (SCMNodeManager.java:register(234)) - Registered Data node : 684467be-5acf-4c6f-a751-72c25a4612b3{ip: 192.168.19.22, host: ozone-v57r8-234650721, networkLocation: /default-rack, certSerialId: null}
2019-06-12 21:45:37,430 INFO  impl.RaftServerProxy (RaftServerProxy.java:addNew(89)) - a09077e9-db02-48c4-8626-e6c53b0a699f: addNew group-B9C47DC02B8A:[a09077e9-db02-48c4-8626-e6c53b0a699f:192.168.19.22:42937] returns group-B9C47DC02B8A:java.util.concurrent.CompletableFuture@66ae70ea[Not completed]
2019-06-12 21:45:37,436 INFO  impl.RaftServerImpl (RaftServerImpl.java:<init>(91)) - a09077e9-db02-48c4-8626-e6c53b0a699f: new RaftServerImpl for group-B9C47DC02B8A:[a09077e9-db02-48c4-8626-e6c53b0a699f:192.168.19.22:42937] with ContainerStateMachine:uninitialized
2019-06-12 21:45:37,437 INFO  server.RaftServerConfigKeys (ConfUtils.java:logGet(43)) - raft.server.rpc.timeout.min = 1s (custom)
2019-06-12 21:45:37,437 INFO  server.RaftServerConfigKeys (ConfUtils.java:logGet(43)) - raft.server.rpc.timeout.max = 1200ms (custom)
2019-06-12 21:45:37,437 INFO  server.RaftServerConfigKeys (ConfUtils.java:logGet(43)) - raft.server.rpcslowness.timeout = 10s (custom)
2019-06-12 21:45:37,438 INFO  server.RaftServerConfigKeys (ConfUtils.java:logGet(43)) - raft.server.log.appender.install.snapshot.enabled = true (default)
2019-06-12 21:45:37,443 INFO  impl.RaftServerImpl (ServerState.java:<init>(101)) - a09077e9-db02-48c4-8626-e6c53b0a699f:group-B9C47DC02B8A ConfigurationManager, init=-1: [a09077e9-db02-48c4-8626-e6c53b0a699f:192.168.19.22:42937], old=null, confs=<EMPTY_MAP>
2019-06-12 21:45:37,443 INFO  server.RaftServerConfigKeys (ConfUtils.java:logGet(43)) - raft.server.storage.dir = [/opt/src/hadoop-ozone/integration-test/target/test-dir/MiniOzoneClusterImpl-c8eac4b1-2475-463e-9465-5ed8d57562b9/datanode-0/data/ratis] (custom)
2019-06-12 21:45:37,448 INFO  storage.RaftStorageDirectory (RaftStorageDirectory.java:analyzeStorage(246)) - The storage directory /opt/src/hadoop-ozone/integration-test/target/test-dir/MiniOzoneClusterImpl-c8eac4b1-2475-463e-9465-5ed8d57562b9/datanode-0/data/ratis/7bd0008f-a917-49ac-aa42-b9c47dc02b8a does not exist. Creating ...
2019-06-12 21:45:37,454 INFO  storage.RaftStorageDirectory (RaftStorageDirectory.java:tryLock(328)) - Lock on /opt/src/hadoop-ozone/integration-test/target/test-dir/MiniOzoneClusterImpl-c8eac4b1-2475-463e-9465-5ed8d57562b9/datanode-0/data/ratis/7bd0008f-a917-49ac-aa42-b9c47dc02b8a/in_use.lock acquired by nodename 9114@ozone-v57r8-234650721
2019-06-12 21:45:37,457 INFO  storage.RaftStorage (RaftStorage.java:format(75)) - Storage directory /opt/src/hadoop-ozone/integration-test/target/test-dir/MiniOzoneClusterImpl-c8eac4b1-2475-463e-9465-5ed8d57562b9/datanode-0/data/ratis/7bd0008f-a917-49ac-aa42-b9c47dc02b8a has been successfully formatted.
2019-06-12 21:45:37,458 INFO  ratis.ContainerStateMachine (ContainerStateMachine.java:loadSnapshot(199)) - The snapshot info is null.Setting the last applied index to:(t:0, i:~)
2019-06-12 21:45:37,459 INFO  server.RaftServerConfigKeys (ConfUtils.java:logGet(43)) - raft.server.leader.election.timeout = 10s (custom)
2019-06-12 21:45:37,460 INFO  server.RaftServerConfigKeys (ConfUtils.java:logGet(43)) - raft.server.log.use.memory = false (default)
2019-06-12 21:45:37,462 INFO  server.RaftServerConfigKeys (ConfUtils.java:logGet(43)) - raft.server.log.appender.buffer.byte-limit = 33554432 (custom)
2019-06-12 21:45:37,588 INFO  node.SCMNodeManager (SCMNodeManager.java:register(234)) - Registered Data node : 6263d909-367a-4191-8bef-db53a4003eb2{ip: 192.168.19.22, host: ozone-v57r8-234650721, networkLocation: /default-rack, certSerialId: null}
2019-06-12 21:45:37,589 INFO  server.RaftServerConfigKeys (ConfUtils.java:logGet(43)) - raft.server.log.segment.size.max = 16384 (custom)
2019-06-12 21:45:37,593 INFO  server.RaftServerConfigKeys (ConfUtils.java:logGet(43)) - raft.server.log.segment.cache.num.max = 2 (custom)
2019-06-12 21:45:37,595 INFO  storage.RaftLogWorker (RaftLogWorker.java:<init>(123)) - new a09077e9-db02-48c4-8626-e6c53b0a699f-RaftLogWorker for Storage Directory /opt/src/hadoop-ozone/integration-test/target/test-dir/MiniOzoneClusterImpl-c8eac4b1-2475-463e-9465-5ed8d57562b9/datanode-0/data/ratis/7bd0008f-a917-49ac-aa42-b9c47dc02b8a
2019-06-12 21:45:37,595 INFO  server.RaftServerConfigKeys (ConfUtils.java:logGet(43)) - raft.server.log.queue.byte-limit = 2147483647 (custom)
2019-06-12 21:45:37,596 INFO  server.RaftServerConfigKeys (ConfUtils.java:logGet(43)) - raft.server.log.queue.element-limit = 1024 (custom)
2019-06-12 21:45:37,597 INFO  server.RaftServerConfigKeys (ConfUtils.java:logGet(43)) - raft.server.log.segment.size.max = 16384 (custom)
2019-06-12 21:45:37,598 INFO  server.RaftServerConfigKeys (ConfUtils.java:logGet(43)) - raft.server.log.preallocated.size = 16384 (custom)
2019-06-12 21:45:37,598 INFO  server.RaftServerConfigKeys (ConfUtils.java:logGet(43)) - raft.server.log.write.buffer.size = 33554432 (custom)
2019-06-12 21:45:37,598 INFO  server.RaftServerConfigKeys (ConfUtils.java:logGet(43)) - raft.server.log.force.sync.num = 128 (default)
2019-06-12 21:45:37,599 INFO  server.RaftServerConfigKeys (ConfUtils.java:logGet(43)) - raft.server.log.statemachine.data.sync = true (default)
2019-06-12 21:45:37,599 INFO  server.RaftServerConfigKeys (ConfUtils.java:logGet(43)) - raft.server.log.statemachine.data.sync.timeout = 10s (default)
2019-06-12 21:45:37,599 INFO  server.RaftServerConfigKeys (ConfUtils.java:logGet(43)) - raft.server.log.statemachine.data.sync.timeout.retry = -1 (default)
2019-06-12 21:45:37,602 INFO  server.RaftServerConfigKeys (ConfUtils.java:logGet(43)) - raft.server.log.statemachine.data.caching.enabled = true (custom)
2019-06-12 21:45:37,606 INFO  server.RaftServerConfigKeys (ConfUtils.java:logGet(43)) - raft.server.snapshot.auto.trigger.enabled = true (custom)
2019-06-12 21:45:37,607 INFO  server.RaftServerConfigKeys (ConfUtils.java:logGet(43)) - raft.server.snapshot.auto.trigger.threshold = 10000 (custom)
2019-06-12 21:45:37,608 INFO  server.RaftServerConfigKeys (ConfUtils.java:logGet(43)) - raft.server.retrycache.expirytime = 600000ms (custom)
2019-06-12 21:45:37,622 INFO  impl.RaftServerImpl (RaftServerImpl.java:start(173)) - a09077e9-db02-48c4-8626-e6c53b0a699f: start group-B9C47DC02B8A
2019-06-12 21:45:37,622 INFO  impl.RaftServerImpl (RaftServerImpl.java:setRole(164)) - a09077e9-db02-48c4-8626-e6c53b0a699f:group-B9C47DC02B8A changes role from null to FOLLOWER at term 0 for startAsFollower
2019-06-12 21:45:37,623 INFO  impl.RoleInfo (RoleInfo.java:updateAndGet(143)) - a09077e9-db02-48c4-8626-e6c53b0a699f: start FollowerState
2019-06-12 21:45:37,625 INFO  util.JmxRegister (JmxRegister.java:tryRegister(44)) - Successfully registered JMX Bean with object name Ratis:service=RaftServer,group=group-B9C47DC02B8A,id=a09077e9-db02-48c4-8626-e6c53b0a699f
2019-06-12 21:45:37,668 INFO  pipeline.PipelineStateManager (PipelineStateManager.java:addPipeline(56)) - Created pipeline Pipeline[ Id: 7bd0008f-a917-49ac-aa42-b9c47dc02b8a, Nodes: a09077e9-db02-48c4-8626-e6c53b0a699f{ip: 192.168.19.22, host: ozone-v57r8-234650721, networkLocation: /default-rack, certSerialId: null}, Type:RATIS, Factor:ONE, State:OPEN]
2019-06-12 21:45:37,691 INFO  impl.RaftServerProxy (RaftServerProxy.java:addNew(89)) - 684467be-5acf-4c6f-a751-72c25a4612b3: addNew group-97C6F62AB869:[684467be-5acf-4c6f-a751-72c25a4612b3:192.168.19.22:40021] returns group-97C6F62AB869:java.util.concurrent.CompletableFuture@4674b175[Not completed]
2019-06-12 21:45:37,691 INFO  impl.RaftServerImpl (RaftServerImpl.java:<init>(91)) - 684467be-5acf-4c6f-a751-72c25a4612b3: new RaftServerImpl for group-97C6F62AB869:[684467be-5acf-4c6f-a751-72c25a4612b3:192.168.19.22:40021] with ContainerStateMachine:uninitialized
2019-06-12 21:45:37,692 INFO  server.RaftServerConfigKeys (ConfUtils.java:logGet(43)) - raft.server.rpc.timeout.min = 1s (custom)
2019-06-12 21:45:37,692 INFO  server.RaftServerConfigKeys (ConfUtils.java:logGet(43)) - raft.server.rpc.timeout.max = 1200ms (custom)
2019-06-12 21:45:37,692 INFO  server.RaftServerConfigKeys (ConfUtils.java:logGet(43)) - raft.server.rpcslowness.timeout = 10s (custom)
2019-06-12 21:45:37,692 INFO  server.RaftServerConfigKeys (ConfUtils.java:logGet(43)) - raft.server.log.appender.install.snapshot.enabled = true (default)
2019-06-12 21:45:37,692 INFO  impl.RaftServerImpl (ServerState.java:<init>(101)) - 684467be-5acf-4c6f-a751-72c25a4612b3:group-97C6F62AB869 ConfigurationManager, init=-1: [684467be-5acf-4c6f-a751-72c25a4612b3:192.168.19.22:40021], old=null, confs=<EMPTY_MAP>
2019-06-12 21:45:37,693 INFO  server.RaftServerConfigKeys (ConfUtils.java:logGet(43)) - raft.server.storage.dir = [/opt/src/hadoop-ozone/integration-test/target/test-dir/MiniOzoneClusterImpl-c8eac4b1-2475-463e-9465-5ed8d57562b9/datanode-1/data/ratis] (custom)
2019-06-12 21:45:37,693 INFO  storage.RaftStorageDirectory (RaftStorageDirectory.java:analyzeStorage(246)) - The storage directory /opt/src/hadoop-ozone/integration-test/target/test-dir/MiniOzoneClusterImpl-c8eac4b1-2475-463e-9465-5ed8d57562b9/datanode-1/data/ratis/9d0aa9d3-293d-404d-9987-97c6f62ab869 does not exist. Creating ...
2019-06-12 21:45:37,695 INFO  storage.RaftStorageDirectory (RaftStorageDirectory.java:tryLock(328)) - Lock on /opt/src/hadoop-ozone/integration-test/target/test-dir/MiniOzoneClusterImpl-c8eac4b1-2475-463e-9465-5ed8d57562b9/datanode-1/data/ratis/9d0aa9d3-293d-404d-9987-97c6f62ab869/in_use.lock acquired by nodename 9114@ozone-v57r8-234650721
2019-06-12 21:45:37,697 INFO  storage.RaftStorage (RaftStorage.java:format(75)) - Storage directory /opt/src/hadoop-ozone/integration-test/target/test-dir/MiniOzoneClusterImpl-c8eac4b1-2475-463e-9465-5ed8d57562b9/datanode-1/data/ratis/9d0aa9d3-293d-404d-9987-97c6f62ab869 has been successfully formatted.
2019-06-12 21:45:37,697 INFO  ratis.ContainerStateMachine (ContainerStateMachine.java:loadSnapshot(199)) - The snapshot info is null.Setting the last applied index to:(t:0, i:~)
2019-06-12 21:45:37,698 INFO  server.RaftServerConfigKeys (ConfUtils.java:logGet(43)) - raft.server.leader.election.timeout = 10s (custom)
2019-06-12 21:45:37,698 INFO  server.RaftServerConfigKeys (ConfUtils.java:logGet(43)) - raft.server.log.use.memory = false (default)
2019-06-12 21:45:37,698 INFO  server.RaftServerConfigKeys (ConfUtils.java:logGet(43)) - raft.server.log.appender.buffer.byte-limit = 33554432 (custom)
2019-06-12 21:45:37,698 INFO  server.RaftServerConfigKeys (ConfUtils.java:logGet(43)) - raft.server.log.segment.size.max = 16384 (custom)
2019-06-12 21:45:37,698 INFO  server.RaftServerConfigKeys (ConfUtils.java:logGet(43)) - raft.server.log.segment.cache.num.max = 2 (custom)
2019-06-12 21:45:37,698 INFO  storage.RaftLogWorker (RaftLogWorker.java:<init>(123)) - new 684467be-5acf-4c6f-a751-72c25a4612b3-RaftLogWorker for Storage Directory /opt/src/hadoop-ozone/integration-test/target/test-dir/MiniOzoneClusterImpl-c8eac4b1-2475-463e-9465-5ed8d57562b9/datanode-1/data/ratis/9d0aa9d3-293d-404d-9987-97c6f62ab869
2019-06-12 21:45:37,699 INFO  server.RaftServerConfigKeys (ConfUtils.java:logGet(43)) - raft.server.log.queue.byte-limit = 2147483647 (custom)
2019-06-12 21:45:37,699 INFO  server.RaftServerConfigKeys (ConfUtils.java:logGet(43)) - raft.server.log.queue.element-limit = 1024 (custom)
2019-06-12 21:45:37,699 INFO  server.RaftServerConfigKeys (ConfUtils.java:logGet(43)) - raft.server.log.segment.size.max = 16384 (custom)
2019-06-12 21:45:37,699 INFO  server.RaftServerConfigKeys (ConfUtils.java:logGet(43)) - raft.server.log.preallocated.size = 16384 (custom)
2019-06-12 21:45:37,699 INFO  server.RaftServerConfigKeys (ConfUtils.java:logGet(43)) - raft.server.log.write.buffer.size = 33554432 (custom)
2019-06-12 21:45:37,699 INFO  server.RaftServerConfigKeys (ConfUtils.java:logGet(43)) - raft.server.log.force.sync.num = 128 (default)
2019-06-12 21:45:37,700 INFO  server.RaftServerConfigKeys (ConfUtils.java:logGet(43)) - raft.server.log.statemachine.data.sync = true (default)
2019-06-12 21:45:37,700 INFO  server.RaftServerConfigKeys (ConfUtils.java:logGet(43)) - raft.server.log.statemachine.data.sync.timeout = 10s (default)
2019-06-12 21:45:37,700 INFO  server.RaftServerConfigKeys (ConfUtils.java:logGet(43)) - raft.server.log.statemachine.data.sync.timeout.retry = -1 (default)
2019-06-12 21:45:37,700 INFO  server.RaftServerConfigKeys (ConfUtils.java:logGet(43)) - raft.server.log.statemachine.data.caching.enabled = true (custom)
2019-06-12 21:45:37,700 INFO  server.RaftServerConfigKeys (ConfUtils.java:logGet(43)) - raft.server.snapshot.auto.trigger.enabled = true (custom)
2019-06-12 21:45:37,700 INFO  server.RaftServerConfigKeys (ConfUtils.java:logGet(43)) - raft.server.snapshot.auto.trigger.threshold = 10000 (custom)
2019-06-12 21:45:37,700 INFO  server.RaftServerConfigKeys (ConfUtils.java:logGet(43)) - raft.server.retrycache.expirytime = 600000ms (custom)
2019-06-12 21:45:37,701 INFO  impl.RaftServerImpl (RaftServerImpl.java:start(173)) - 684467be-5acf-4c6f-a751-72c25a4612b3: start group-97C6F62AB869
2019-06-12 21:45:37,701 INFO  impl.RaftServerImpl (RaftServerImpl.java:setRole(164)) - 684467be-5acf-4c6f-a751-72c25a4612b3:group-97C6F62AB869 changes role from null to FOLLOWER at term 0 for startAsFollower
2019-06-12 21:45:37,701 INFO  impl.RoleInfo (RoleInfo.java:updateAndGet(143)) - 684467be-5acf-4c6f-a751-72c25a4612b3: start FollowerState
2019-06-12 21:45:37,702 INFO  util.JmxRegister (JmxRegister.java:tryRegister(44)) - Successfully registered JMX Bean with object name Ratis:service=RaftServer,group=group-97C6F62AB869,id=684467be-5acf-4c6f-a751-72c25a4612b3
2019-06-12 21:45:37,708 INFO  pipeline.PipelineStateManager (PipelineStateManager.java:addPipeline(56)) - Created pipeline Pipeline[ Id: 9d0aa9d3-293d-404d-9987-97c6f62ab869, Nodes: 684467be-5acf-4c6f-a751-72c25a4612b3{ip: 192.168.19.22, host: ozone-v57r8-234650721, networkLocation: /default-rack, certSerialId: null}, Type:RATIS, Factor:ONE, State:OPEN]
2019-06-12 21:45:37,727 INFO  impl.RaftServerProxy (RaftServerProxy.java:addNew(89)) - 6263d909-367a-4191-8bef-db53a4003eb2: addNew group-85A0602EFBAE:[6263d909-367a-4191-8bef-db53a4003eb2:192.168.19.22:41903] returns group-85A0602EFBAE:java.util.concurrent.CompletableFuture@5ce0574b[Not completed]
2019-06-12 21:45:37,756 INFO  impl.RaftServerImpl (RaftServerImpl.java:<init>(91)) - 6263d909-367a-4191-8bef-db53a4003eb2: new RaftServerImpl for group-85A0602EFBAE:[6263d909-367a-4191-8bef-db53a4003eb2:192.168.19.22:41903] with ContainerStateMachine:uninitialized
2019-06-12 21:45:37,757 INFO  server.RaftServerConfigKeys (ConfUtils.java:logGet(43)) - raft.server.rpc.timeout.min = 1s (custom)
2019-06-12 21:45:37,757 INFO  server.RaftServerConfigKeys (ConfUtils.java:logGet(43)) - raft.server.rpc.timeout.max = 1200ms (custom)
2019-06-12 21:45:37,757 INFO  server.RaftServerConfigKeys (ConfUtils.java:logGet(43)) - raft.server.rpcslowness.timeout = 10s (custom)
2019-06-12 21:45:37,757 INFO  node.SCMNodeManager (SCMNodeManager.java:register(234)) - Registered Data node : 7fd1f85d-54c9-4461-a053-2043166410e4{ip: 192.168.19.22, host: ozone-v57r8-234650721, networkLocation: /default-rack, certSerialId: null}
2019-06-12 21:45:37,757 INFO  server.RaftServerConfigKeys (ConfUtils.java:logGet(43)) - raft.server.log.appender.install.snapshot.enabled = true (default)
2019-06-12 21:45:37,757 INFO  impl.RaftServerImpl (ServerState.java:<init>(101)) - 6263d909-367a-4191-8bef-db53a4003eb2:group-85A0602EFBAE ConfigurationManager, init=-1: [6263d909-367a-4191-8bef-db53a4003eb2:192.168.19.22:41903], old=null, confs=<EMPTY_MAP>
2019-06-12 21:45:37,757 INFO  server.RaftServerConfigKeys (ConfUtils.java:logGet(43)) - raft.server.storage.dir = [/opt/src/hadoop-ozone/integration-test/target/test-dir/MiniOzoneClusterImpl-c8eac4b1-2475-463e-9465-5ed8d57562b9/datanode-2/data/ratis] (custom)
2019-06-12 21:45:37,758 INFO  storage.RaftStorageDirectory (RaftStorageDirectory.java:analyzeStorage(246)) - The storage directory /opt/src/hadoop-ozone/integration-test/target/test-dir/MiniOzoneClusterImpl-c8eac4b1-2475-463e-9465-5ed8d57562b9/datanode-2/data/ratis/01c2fbcc-b782-4cc4-8434-85a0602efbae does not exist. Creating ...
2019-06-12 21:45:37,760 INFO  storage.RaftStorageDirectory (RaftStorageDirectory.java:tryLock(328)) - Lock on /opt/src/hadoop-ozone/integration-test/target/test-dir/MiniOzoneClusterImpl-c8eac4b1-2475-463e-9465-5ed8d57562b9/datanode-2/data/ratis/01c2fbcc-b782-4cc4-8434-85a0602efbae/in_use.lock acquired by nodename 9114@ozone-v57r8-234650721
2019-06-12 21:45:37,763 INFO  storage.RaftStorage (RaftStorage.java:format(75)) - Storage directory /opt/src/hadoop-ozone/integration-test/target/test-dir/MiniOzoneClusterImpl-c8eac4b1-2475-463e-9465-5ed8d57562b9/datanode-2/data/ratis/01c2fbcc-b782-4cc4-8434-85a0602efbae has been successfully formatted.
2019-06-12 21:45:37,764 INFO  ratis.ContainerStateMachine (ContainerStateMachine.java:loadSnapshot(199)) - The snapshot info is null.Setting the last applied index to:(t:0, i:~)
2019-06-12 21:45:37,765 INFO  server.RaftServerConfigKeys (ConfUtils.java:logGet(43)) - raft.server.leader.election.timeout = 10s (custom)
2019-06-12 21:45:37,765 INFO  server.RaftServerConfigKeys (ConfUtils.java:logGet(43)) - raft.server.log.use.memory = false (default)
2019-06-12 21:45:37,765 INFO  server.RaftServerConfigKeys (ConfUtils.java:logGet(43)) - raft.server.log.appender.buffer.byte-limit = 33554432 (custom)
2019-06-12 21:45:37,765 INFO  server.RaftServerConfigKeys (ConfUtils.java:logGet(43)) - raft.server.log.segment.size.max = 16384 (custom)
2019-06-12 21:45:37,765 INFO  server.RaftServerConfigKeys (ConfUtils.java:logGet(43)) - raft.server.log.segment.cache.num.max = 2 (custom)
2019-06-12 21:45:37,765 INFO  storage.RaftLogWorker (RaftLogWorker.java:<init>(123)) - new 6263d909-367a-4191-8bef-db53a4003eb2-RaftLogWorker for Storage Directory /opt/src/hadoop-ozone/integration-test/target/test-dir/MiniOzoneClusterImpl-c8eac4b1-2475-463e-9465-5ed8d57562b9/datanode-2/data/ratis/01c2fbcc-b782-4cc4-8434-85a0602efbae
2019-06-12 21:45:37,765 INFO  server.RaftServerConfigKeys (ConfUtils.java:logGet(43)) - raft.server.log.queue.byte-limit = 2147483647 (custom)
2019-06-12 21:45:37,765 INFO  server.RaftServerConfigKeys (ConfUtils.java:logGet(43)) - raft.server.log.queue.element-limit = 1024 (custom)
2019-06-12 21:45:37,765 INFO  server.RaftServerConfigKeys (ConfUtils.java:logGet(43)) - raft.server.log.segment.size.max = 16384 (custom)
2019-06-12 21:45:37,766 INFO  server.RaftServerConfigKeys (ConfUtils.java:logGet(43)) - raft.server.log.preallocated.size = 16384 (custom)
2019-06-12 21:45:37,766 INFO  server.RaftServerConfigKeys (ConfUtils.java:logGet(43)) - raft.server.log.write.buffer.size = 33554432 (custom)
2019-06-12 21:45:37,766 INFO  server.RaftServerConfigKeys (ConfUtils.java:logGet(43)) - raft.server.log.force.sync.num = 128 (default)
2019-06-12 21:45:37,766 INFO  server.RaftServerConfigKeys (ConfUtils.java:logGet(43)) - raft.server.log.statemachine.data.sync = true (default)
2019-06-12 21:45:37,766 INFO  server.RaftServerConfigKeys (ConfUtils.java:logGet(43)) - raft.server.log.statemachine.data.sync.timeout = 10s (default)
2019-06-12 21:45:37,766 INFO  server.RaftServerConfigKeys (ConfUtils.java:logGet(43)) - raft.server.log.statemachine.data.sync.timeout.retry = -1 (default)
2019-06-12 21:45:37,766 INFO  server.RaftServerConfigKeys (ConfUtils.java:logGet(43)) - raft.server.log.statemachine.data.caching.enabled = true (custom)
2019-06-12 21:45:37,766 INFO  server.RaftServerConfigKeys (ConfUtils.java:logGet(43)) - raft.server.snapshot.auto.trigger.enabled = true (custom)
2019-06-12 21:45:37,766 INFO  server.RaftServerConfigKeys (ConfUtils.java:logGet(43)) - raft.server.snapshot.auto.trigger.threshold = 10000 (custom)
2019-06-12 21:45:37,767 INFO  server.RaftServerConfigKeys (ConfUtils.java:logGet(43)) - raft.server.retrycache.expirytime = 600000ms (custom)
2019-06-12 21:45:37,767 INFO  impl.RaftServerImpl (RaftServerImpl.java:start(173)) - 6263d909-367a-4191-8bef-db53a4003eb2: start group-85A0602EFBAE
2019-06-12 21:45:37,767 INFO  impl.RaftServerImpl (RaftServerImpl.java:setRole(164)) - 6263d909-367a-4191-8bef-db53a4003eb2:group-85A0602EFBAE changes role from null to FOLLOWER at term 0 for startAsFollower
2019-06-12 21:45:37,767 INFO  impl.RoleInfo (RoleInfo.java:updateAndGet(143)) - 6263d909-367a-4191-8bef-db53a4003eb2: start FollowerState
2019-06-12 21:45:37,767 INFO  util.JmxRegister (JmxRegister.java:tryRegister(44)) - Successfully registered JMX Bean with object name Ratis:service=RaftServer,group=group-85A0602EFBAE,id=6263d909-367a-4191-8bef-db53a4003eb2
2019-06-12 21:45:37,776 INFO  pipeline.PipelineStateManager (PipelineStateManager.java:addPipeline(56)) - Created pipeline Pipeline[ Id: 01c2fbcc-b782-4cc4-8434-85a0602efbae, Nodes: 6263d909-367a-4191-8bef-db53a4003eb2{ip: 192.168.19.22, host: ozone-v57r8-234650721, networkLocation: /default-rack, certSerialId: null}, Type:RATIS, Factor:ONE, State:OPEN]
2019-06-12 21:45:37,794 INFO  impl.RaftServerProxy (RaftServerProxy.java:addNew(89)) - 7fd1f85d-54c9-4461-a053-2043166410e4: addNew group-CCD03D4D750B:[7fd1f85d-54c9-4461-a053-2043166410e4:192.168.19.22:43579] returns group-CCD03D4D750B:java.util.concurrent.CompletableFuture@6f5c2eff[Not completed]
2019-06-12 21:45:37,797 INFO  impl.RaftServerImpl (RaftServerImpl.java:<init>(91)) - 7fd1f85d-54c9-4461-a053-2043166410e4: new RaftServerImpl for group-CCD03D4D750B:[7fd1f85d-54c9-4461-a053-2043166410e4:192.168.19.22:43579] with ContainerStateMachine:uninitialized
2019-06-12 21:45:37,798 INFO  server.RaftServerConfigKeys (ConfUtils.java:logGet(43)) - raft.server.rpc.timeout.min = 1s (custom)
2019-06-12 21:45:37,798 INFO  server.RaftServerConfigKeys (ConfUtils.java:logGet(43)) - raft.server.rpc.timeout.max = 1200ms (custom)
2019-06-12 21:45:37,798 INFO  server.RaftServerConfigKeys (ConfUtils.java:logGet(43)) - raft.server.rpcslowness.timeout = 10s (custom)
2019-06-12 21:45:37,798 INFO  server.RaftServerConfigKeys (ConfUtils.java:logGet(43)) - raft.server.log.appender.install.snapshot.enabled = true (default)
2019-06-12 21:45:37,798 INFO  impl.RaftServerImpl (ServerState.java:<init>(101)) - 7fd1f85d-54c9-4461-a053-2043166410e4:group-CCD03D4D750B ConfigurationManager, init=-1: [7fd1f85d-54c9-4461-a053-2043166410e4:192.168.19.22:43579], old=null, confs=<EMPTY_MAP>
2019-06-12 21:45:37,798 INFO  server.RaftServerConfigKeys (ConfUtils.java:logGet(43)) - raft.server.storage.dir = [/opt/src/hadoop-ozone/integration-test/target/test-dir/MiniOzoneClusterImpl-c8eac4b1-2475-463e-9465-5ed8d57562b9/datanode-3/data/ratis] (custom)
2019-06-12 21:45:37,798 INFO  storage.RaftStorageDirectory (RaftStorageDirectory.java:analyzeStorage(246)) - The storage directory /opt/src/hadoop-ozone/integration-test/target/test-dir/MiniOzoneClusterImpl-c8eac4b1-2475-463e-9465-5ed8d57562b9/datanode-3/data/ratis/d43f0c5c-ff64-47d4-bbe2-ccd03d4d750b does not exist. Creating ...
2019-06-12 21:45:37,800 INFO  storage.RaftStorageDirectory (RaftStorageDirectory.java:tryLock(328)) - Lock on /opt/src/hadoop-ozone/integration-test/target/test-dir/MiniOzoneClusterImpl-c8eac4b1-2475-463e-9465-5ed8d57562b9/datanode-3/data/ratis/d43f0c5c-ff64-47d4-bbe2-ccd03d4d750b/in_use.lock acquired by nodename 9114@ozone-v57r8-234650721
2019-06-12 21:45:37,803 INFO  storage.RaftStorage (RaftStorage.java:format(75)) - Storage directory /opt/src/hadoop-ozone/integration-test/target/test-dir/MiniOzoneClusterImpl-c8eac4b1-2475-463e-9465-5ed8d57562b9/datanode-3/data/ratis/d43f0c5c-ff64-47d4-bbe2-ccd03d4d750b has been successfully formatted.
2019-06-12 21:45:37,803 INFO  ratis.ContainerStateMachine (ContainerStateMachine.java:loadSnapshot(199)) - The snapshot info is null.Setting the last applied index to:(t:0, i:~)
2019-06-12 21:45:37,803 INFO  server.RaftServerConfigKeys (ConfUtils.java:logGet(43)) - raft.server.leader.election.timeout = 10s (custom)
2019-06-12 21:45:37,803 INFO  server.RaftServerConfigKeys (ConfUtils.java:logGet(43)) - raft.server.log.use.memory = false (default)
2019-06-12 21:45:37,803 INFO  server.RaftServerConfigKeys (ConfUtils.java:logGet(43)) - raft.server.log.appender.buffer.byte-limit = 33554432 (custom)
2019-06-12 21:45:37,803 INFO  server.RaftServerConfigKeys (ConfUtils.java:logGet(43)) - raft.server.log.segment.size.max = 16384 (custom)
2019-06-12 21:45:37,803 INFO  server.RaftServerConfigKeys (ConfUtils.java:logGet(43)) - raft.server.log.segment.cache.num.max = 2 (custom)
2019-06-12 21:45:37,803 INFO  storage.RaftLogWorker (RaftLogWorker.java:<init>(123)) - new 7fd1f85d-54c9-4461-a053-2043166410e4-RaftLogWorker for Storage Directory /opt/src/hadoop-ozone/integration-test/target/test-dir/MiniOzoneClusterImpl-c8eac4b1-2475-463e-9465-5ed8d57562b9/datanode-3/data/ratis/d43f0c5c-ff64-47d4-bbe2-ccd03d4d750b
2019-06-12 21:45:37,803 INFO  server.RaftServerConfigKeys (ConfUtils.java:logGet(43)) - raft.server.log.queue.byte-limit = 2147483647 (custom)
2019-06-12 21:45:37,804 INFO  server.RaftServerConfigKeys (ConfUtils.java:logGet(43)) - raft.server.log.queue.element-limit = 1024 (custom)
2019-06-12 21:45:37,804 INFO  server.RaftServerConfigKeys (ConfUtils.java:logGet(43)) - raft.server.log.segment.size.max = 16384 (custom)
2019-06-12 21:45:37,804 INFO  server.RaftServerConfigKeys (ConfUtils.java:logGet(43)) - raft.server.log.preallocated.size = 16384 (custom)
2019-06-12 21:45:37,804 INFO  server.RaftServerConfigKeys (ConfUtils.java:logGet(43)) - raft.server.log.write.buffer.size = 33554432 (custom)
2019-06-12 21:45:37,804 INFO  server.RaftServerConfigKeys (ConfUtils.java:logGet(43)) - raft.server.log.force.sync.num = 128 (default)
2019-06-12 21:45:37,804 INFO  server.RaftServerConfigKeys (ConfUtils.java:logGet(43)) - raft.server.log.statemachine.data.sync = true (default)
2019-06-12 21:45:37,804 INFO  server.RaftServerConfigKeys (ConfUtils.java:logGet(43)) - raft.server.log.statemachine.data.sync.timeout = 10s (default)
2019-06-12 21:45:37,804 INFO  server.RaftServerConfigKeys (ConfUtils.java:logGet(43)) - raft.server.log.statemachine.data.sync.timeout.retry = -1 (default)
2019-06-12 21:45:37,804 INFO  server.RaftServerConfigKeys (ConfUtils.java:logGet(43)) - raft.server.log.statemachine.data.caching.enabled = true (custom)
2019-06-12 21:45:37,805 INFO  server.RaftServerConfigKeys (ConfUtils.java:logGet(43)) - raft.server.snapshot.auto.trigger.enabled = true (custom)
2019-06-12 21:45:37,805 INFO  server.RaftServerConfigKeys (ConfUtils.java:logGet(43)) - raft.server.snapshot.auto.trigger.threshold = 10000 (custom)
2019-06-12 21:45:37,805 INFO  server.RaftServerConfigKeys (ConfUtils.java:logGet(43)) - raft.server.retrycache.expirytime = 600000ms (custom)
2019-06-12 21:45:37,805 INFO  impl.RaftServerImpl (RaftServerImpl.java:start(173)) - 7fd1f85d-54c9-4461-a053-2043166410e4: start group-CCD03D4D750B
2019-06-12 21:45:37,805 INFO  impl.RaftServerImpl (RaftServerImpl.java:setRole(164)) - 7fd1f85d-54c9-4461-a053-2043166410e4:group-CCD03D4D750B changes role from null to FOLLOWER at term 0 for startAsFollower
2019-06-12 21:45:37,805 INFO  impl.RoleInfo (RoleInfo.java:updateAndGet(143)) - 7fd1f85d-54c9-4461-a053-2043166410e4: start FollowerState
2019-06-12 21:45:37,806 INFO  util.JmxRegister (JmxRegister.java:tryRegister(44)) - Successfully registered JMX Bean with object name Ratis:service=RaftServer,group=group-CCD03D4D750B,id=7fd1f85d-54c9-4461-a053-2043166410e4
2019-06-12 21:45:37,813 INFO  pipeline.PipelineStateManager (PipelineStateManager.java:addPipeline(56)) - Created pipeline Pipeline[ Id: d43f0c5c-ff64-47d4-bbe2-ccd03d4d750b, Nodes: 7fd1f85d-54c9-4461-a053-2043166410e4{ip: 192.168.19.22, host: ozone-v57r8-234650721, networkLocation: /default-rack, certSerialId: null}, Type:RATIS, Factor:ONE, State:OPEN]
2019-06-12 21:45:37,845 INFO  impl.RaftServerImpl (RaftServerImpl.java:<init>(91)) - a09077e9-db02-48c4-8626-e6c53b0a699f: new RaftServerImpl for group-415AFF3873C4:[a09077e9-db02-48c4-8626-e6c53b0a699f:192.168.19.22:42937, 684467be-5acf-4c6f-a751-72c25a4612b3:192.168.19.22:40021, 7fd1f85d-54c9-4461-a053-2043166410e4:192.168.19.22:43579] with ContainerStateMachine:uninitialized
2019-06-12 21:45:37,847 INFO  impl.RaftServerProxy (RaftServerProxy.java:addNew(89)) - 7fd1f85d-54c9-4461-a053-2043166410e4: addNew group-415AFF3873C4:[a09077e9-db02-48c4-8626-e6c53b0a699f:192.168.19.22:42937, 684467be-5acf-4c6f-a751-72c25a4612b3:192.168.19.22:40021, 7fd1f85d-54c9-4461-a053-2043166410e4:192.168.19.22:43579] returns group-415AFF3873C4:java.util.concurrent.CompletableFuture@1a68dca7[Not completed]
2019-06-12 21:45:37,848 INFO  server.RaftServerConfigKeys (ConfUtils.java:logGet(43)) - raft.server.rpc.timeout.min = 1s (custom)
2019-06-12 21:45:37,848 INFO  server.RaftServerConfigKeys (ConfUtils.java:logGet(43)) - raft.server.rpc.timeout.max = 1200ms (custom)
2019-06-12 21:45:37,848 INFO  server.RaftServerConfigKeys (ConfUtils.java:logGet(43)) - raft.server.rpcslowness.timeout = 10s (custom)
2019-06-12 21:45:37,848 INFO  server.RaftServerConfigKeys (ConfUtils.java:logGet(43)) - raft.server.log.appender.install.snapshot.enabled = true (default)
2019-06-12 21:45:37,848 INFO  impl.RaftServerImpl (ServerState.java:<init>(101)) - a09077e9-db02-48c4-8626-e6c53b0a699f:group-415AFF3873C4 ConfigurationManager, init=-1: [a09077e9-db02-48c4-8626-e6c53b0a699f:192.168.19.22:42937, 684467be-5acf-4c6f-a751-72c25a4612b3:192.168.19.22:40021, 7fd1f85d-54c9-4461-a053-2043166410e4:192.168.19.22:43579], old=null, confs=<EMPTY_MAP>
2019-06-12 21:45:37,848 INFO  impl.RaftServerImpl (RaftServerImpl.java:<init>(91)) - 7fd1f85d-54c9-4461-a053-2043166410e4: new RaftServerImpl for group-415AFF3873C4:[a09077e9-db02-48c4-8626-e6c53b0a699f:192.168.19.22:42937, 684467be-5acf-4c6f-a751-72c25a4612b3:192.168.19.22:40021, 7fd1f85d-54c9-4461-a053-2043166410e4:192.168.19.22:43579] with ContainerStateMachine:uninitialized
2019-06-12 21:45:37,848 INFO  server.RaftServerConfigKeys (ConfUtils.java:logGet(43)) - raft.server.storage.dir = [/opt/src/hadoop-ozone/integration-test/target/test-dir/MiniOzoneClusterImpl-c8eac4b1-2475-463e-9465-5ed8d57562b9/datanode-0/data/ratis] (custom)
2019-06-12 21:45:37,849 INFO  storage.RaftStorageDirectory (RaftStorageDirectory.java:analyzeStorage(246)) - The storage directory /opt/src/hadoop-ozone/integration-test/target/test-dir/MiniOzoneClusterImpl-c8eac4b1-2475-463e-9465-5ed8d57562b9/datanode-0/data/ratis/b88dee1f-e319-43be-abfe-415aff3873c4 does not exist. Creating ...
2019-06-12 21:45:37,849 INFO  server.RaftServerConfigKeys (ConfUtils.java:logGet(43)) - raft.server.rpc.timeout.min = 1s (custom)
2019-06-12 21:45:37,849 INFO  server.RaftServerConfigKeys (ConfUtils.java:logGet(43)) - raft.server.rpc.timeout.max = 1200ms (custom)
2019-06-12 21:45:37,849 INFO  server.RaftServerConfigKeys (ConfUtils.java:logGet(43)) - raft.server.rpcslowness.timeout = 10s (custom)
2019-06-12 21:45:37,849 INFO  server.RaftServerConfigKeys (ConfUtils.java:logGet(43)) - raft.server.log.appender.install.snapshot.enabled = true (default)
2019-06-12 21:45:37,850 INFO  impl.RaftServerImpl (ServerState.java:<init>(101)) - 7fd1f85d-54c9-4461-a053-2043166410e4:group-415AFF3873C4 ConfigurationManager, init=-1: [a09077e9-db02-48c4-8626-e6c53b0a699f:192.168.19.22:42937, 684467be-5acf-4c6f-a751-72c25a4612b3:192.168.19.22:40021, 7fd1f85d-54c9-4461-a053-2043166410e4:192.168.19.22:43579], old=null, confs=<EMPTY_MAP>
2019-06-12 21:45:37,850 INFO  server.RaftServerConfigKeys (ConfUtils.java:logGet(43)) - raft.server.storage.dir = [/opt/src/hadoop-ozone/integration-test/target/test-dir/MiniOzoneClusterImpl-c8eac4b1-2475-463e-9465-5ed8d57562b9/datanode-3/data/ratis] (custom)
2019-06-12 21:45:37,850 INFO  storage.RaftStorageDirectory (RaftStorageDirectory.java:analyzeStorage(246)) - The storage directory /opt/src/hadoop-ozone/integration-test/target/test-dir/MiniOzoneClusterImpl-c8eac4b1-2475-463e-9465-5ed8d57562b9/datanode-3/data/ratis/b88dee1f-e319-43be-abfe-415aff3873c4 does not exist. Creating ...
2019-06-12 21:45:37,851 INFO  storage.RaftStorageDirectory (RaftStorageDirectory.java:tryLock(328)) - Lock on /opt/src/hadoop-ozone/integration-test/target/test-dir/MiniOzoneClusterImpl-c8eac4b1-2475-463e-9465-5ed8d57562b9/datanode-0/data/ratis/b88dee1f-e319-43be-abfe-415aff3873c4/in_use.lock acquired by nodename 9114@ozone-v57r8-234650721
2019-06-12 21:45:37,851 INFO  impl.RaftServerProxy (RaftServerProxy.java:addNew(89)) - a09077e9-db02-48c4-8626-e6c53b0a699f: addNew group-415AFF3873C4:[a09077e9-db02-48c4-8626-e6c53b0a699f:192.168.19.22:42937, 684467be-5acf-4c6f-a751-72c25a4612b3:192.168.19.22:40021, 7fd1f85d-54c9-4461-a053-2043166410e4:192.168.19.22:43579] returns group-415AFF3873C4:java.util.concurrent.CompletableFuture@62882d9a[Not completed]
2019-06-12 21:45:37,853 INFO  impl.RaftServerProxy (RaftServerProxy.java:addNew(89)) - 684467be-5acf-4c6f-a751-72c25a4612b3: addNew group-415AFF3873C4:[a09077e9-db02-48c4-8626-e6c53b0a699f:192.168.19.22:42937, 684467be-5acf-4c6f-a751-72c25a4612b3:192.168.19.22:40021, 7fd1f85d-54c9-4461-a053-2043166410e4:192.168.19.22:43579] returns group-415AFF3873C4:java.util.concurrent.CompletableFuture@5f6a418e[Not completed]
2019-06-12 21:45:37,853 INFO  impl.RaftServerImpl (RaftServerImpl.java:<init>(91)) - 684467be-5acf-4c6f-a751-72c25a4612b3: new RaftServerImpl for group-415AFF3873C4:[a09077e9-db02-48c4-8626-e6c53b0a699f:192.168.19.22:42937, 684467be-5acf-4c6f-a751-72c25a4612b3:192.168.19.22:40021, 7fd1f85d-54c9-4461-a053-2043166410e4:192.168.19.22:43579] with ContainerStateMachine:uninitialized
2019-06-12 21:45:37,853 INFO  server.RaftServerConfigKeys (ConfUtils.java:logGet(43)) - raft.server.rpc.timeout.min = 1s (custom)
2019-06-12 21:45:37,853 INFO  server.RaftServerConfigKeys (ConfUtils.java:logGet(43)) - raft.server.rpc.timeout.max = 1200ms (custom)
2019-06-12 21:45:37,853 INFO  storage.RaftStorage (RaftStorage.java:format(75)) - Storage directory /opt/src/hadoop-ozone/integration-test/target/test-dir/MiniOzoneClusterImpl-c8eac4b1-2475-463e-9465-5ed8d57562b9/datanode-0/data/ratis/b88dee1f-e319-43be-abfe-415aff3873c4 has been successfully formatted.
2019-06-12 21:45:37,854 INFO  storage.RaftStorageDirectory (RaftStorageDirectory.java:tryLock(328)) - Lock on /opt/src/hadoop-ozone/integration-test/target/test-dir/MiniOzoneClusterImpl-c8eac4b1-2475-463e-9465-5ed8d57562b9/datanode-3/data/ratis/b88dee1f-e319-43be-abfe-415aff3873c4/in_use.lock acquired by nodename 9114@ozone-v57r8-234650721
2019-06-12 21:45:37,854 INFO  ratis.ContainerStateMachine (ContainerStateMachine.java:loadSnapshot(199)) - The snapshot info is null.Setting the last applied index to:(t:0, i:~)
2019-06-12 21:45:37,854 INFO  server.RaftServerConfigKeys (ConfUtils.java:logGet(43)) - raft.server.leader.election.timeout = 10s (custom)
2019-06-12 21:45:37,854 INFO  server.RaftServerConfigKeys (ConfUtils.java:logGet(43)) - raft.server.log.use.memory = false (default)
2019-06-12 21:45:37,854 INFO  server.RaftServerConfigKeys (ConfUtils.java:logGet(43)) - raft.server.log.appender.buffer.byte-limit = 33554432 (custom)
2019-06-12 21:45:37,854 INFO  server.RaftServerConfigKeys (ConfUtils.java:logGet(43)) - raft.server.rpcslowness.timeout = 10s (custom)
2019-06-12 21:45:37,854 INFO  server.RaftServerConfigKeys (ConfUtils.java:logGet(43)) - raft.server.log.segment.size.max = 16384 (custom)
2019-06-12 21:45:37,854 INFO  server.RaftServerConfigKeys (ConfUtils.java:logGet(43)) - raft.server.log.segment.cache.num.max = 2 (custom)
2019-06-12 21:45:37,854 INFO  storage.RaftLogWorker (RaftLogWorker.java:<init>(123)) - new a09077e9-db02-48c4-8626-e6c53b0a699f-RaftLogWorker for Storage Directory /opt/src/hadoop-ozone/integration-test/target/test-dir/MiniOzoneClusterImpl-c8eac4b1-2475-463e-9465-5ed8d57562b9/datanode-0/data/ratis/b88dee1f-e319-43be-abfe-415aff3873c4
2019-06-12 21:45:37,855 INFO  server.RaftServerConfigKeys (ConfUtils.java:logGet(43)) - raft.server.log.queue.byte-limit = 2147483647 (custom)
2019-06-12 21:45:37,855 INFO  server.RaftServerConfigKeys (ConfUtils.java:logGet(43)) - raft.server.log.queue.element-limit = 1024 (custom)
2019-06-12 21:45:37,855 INFO  server.RaftServerConfigKeys (ConfUtils.java:logGet(43)) - raft.server.log.segment.size.max = 16384 (custom)
2019-06-12 21:45:37,855 INFO  server.RaftServerConfigKeys (ConfUtils.java:logGet(43)) - raft.server.log.preallocated.size = 16384 (custom)
2019-06-12 21:45:37,855 INFO  server.RaftServerConfigKeys (ConfUtils.java:logGet(43)) - raft.server.log.write.buffer.size = 33554432 (custom)
2019-06-12 21:45:37,855 INFO  server.RaftServerConfigKeys (ConfUtils.java:logGet(43)) - raft.server.log.force.sync.num = 128 (default)
2019-06-12 21:45:37,855 INFO  server.RaftServerConfigKeys (ConfUtils.java:logGet(43)) - raft.server.log.statemachine.data.sync = true (default)
2019-06-12 21:45:37,855 INFO  server.RaftServerConfigKeys (ConfUtils.java:logGet(43)) - raft.server.log.statemachine.data.sync.timeout = 10s (default)
2019-06-12 21:45:37,855 INFO  server.RaftServerConfigKeys (ConfUtils.java:logGet(43)) - raft.server.log.statemachine.data.sync.timeout.retry = -1 (default)
2019-06-12 21:45:37,855 INFO  server.RaftServerConfigKeys (ConfUtils.java:logGet(43)) - raft.server.log.statemachine.data.caching.enabled = true (custom)
2019-06-12 21:45:37,854 INFO  server.RaftServerConfigKeys (ConfUtils.java:logGet(43)) - raft.server.log.appender.install.snapshot.enabled = true (default)
2019-06-12 21:45:37,856 INFO  impl.RaftServerImpl (ServerState.java:<init>(101)) - 684467be-5acf-4c6f-a751-72c25a4612b3:group-415AFF3873C4 ConfigurationManager, init=-1: [a09077e9-db02-48c4-8626-e6c53b0a699f:192.168.19.22:42937, 684467be-5acf-4c6f-a751-72c25a4612b3:192.168.19.22:40021, 7fd1f85d-54c9-4461-a053-2043166410e4:192.168.19.22:43579], old=null, confs=<EMPTY_MAP>
2019-06-12 21:45:37,856 INFO  storage.RaftStorage (RaftStorage.java:format(75)) - Storage directory /opt/src/hadoop-ozone/integration-test/target/test-dir/MiniOzoneClusterImpl-c8eac4b1-2475-463e-9465-5ed8d57562b9/datanode-3/data/ratis/b88dee1f-e319-43be-abfe-415aff3873c4 has been successfully formatted.
2019-06-12 21:45:37,856 INFO  server.RaftServerConfigKeys (ConfUtils.java:logGet(43)) - raft.server.storage.dir = [/opt/src/hadoop-ozone/integration-test/target/test-dir/MiniOzoneClusterImpl-c8eac4b1-2475-463e-9465-5ed8d57562b9/datanode-1/data/ratis] (custom)
2019-06-12 21:45:37,856 INFO  ratis.ContainerStateMachine (ContainerStateMachine.java:loadSnapshot(199)) - The snapshot info is null.Setting the last applied index to:(t:0, i:~)
2019-06-12 21:45:37,856 INFO  server.RaftServerConfigKeys (ConfUtils.java:logGet(43)) - raft.server.leader.election.timeout = 10s (custom)
2019-06-12 21:45:37,856 INFO  storage.RaftStorageDirectory (RaftStorageDirectory.java:analyzeStorage(246)) - The storage directory /opt/src/hadoop-ozone/integration-test/target/test-dir/MiniOzoneClusterImpl-c8eac4b1-2475-463e-9465-5ed8d57562b9/datanode-1/data/ratis/b88dee1f-e319-43be-abfe-415aff3873c4 does not exist. Creating ...
2019-06-12 21:45:37,856 INFO  server.RaftServerConfigKeys (ConfUtils.java:logGet(43)) - raft.server.log.use.memory = false (default)
2019-06-12 21:45:37,856 INFO  server.RaftServerConfigKeys (ConfUtils.java:logGet(43)) - raft.server.log.appender.buffer.byte-limit = 33554432 (custom)
2019-06-12 21:45:37,857 INFO  server.RaftServerConfigKeys (ConfUtils.java:logGet(43)) - raft.server.log.segment.size.max = 16384 (custom)
2019-06-12 21:45:37,857 INFO  server.RaftServerConfigKeys (ConfUtils.java:logGet(43)) - raft.server.snapshot.auto.trigger.enabled = true (custom)
2019-06-12 21:45:37,857 INFO  server.RaftServerConfigKeys (ConfUtils.java:logGet(43)) - raft.server.log.segment.cache.num.max = 2 (custom)
2019-06-12 21:45:37,857 INFO  server.RaftServerConfigKeys (ConfUtils.java:logGet(43)) - raft.server.snapshot.auto.trigger.threshold = 10000 (custom)
2019-06-12 21:45:37,857 INFO  storage.RaftLogWorker (RaftLogWorker.java:<init>(123)) - new 7fd1f85d-54c9-4461-a053-2043166410e4-RaftLogWorker for Storage Directory /opt/src/hadoop-ozone/integration-test/target/test-dir/MiniOzoneClusterImpl-c8eac4b1-2475-463e-9465-5ed8d57562b9/datanode-3/data/ratis/b88dee1f-e319-43be-abfe-415aff3873c4
2019-06-12 21:45:37,857 INFO  server.RaftServerConfigKeys (ConfUtils.java:logGet(43)) - raft.server.log.queue.byte-limit = 2147483647 (custom)
2019-06-12 21:45:37,857 INFO  server.RaftServerConfigKeys (ConfUtils.java:logGet(43)) - raft.server.retrycache.expirytime = 600000ms (custom)
2019-06-12 21:45:37,857 INFO  server.RaftServerConfigKeys (ConfUtils.java:logGet(43)) - raft.server.log.queue.element-limit = 1024 (custom)
2019-06-12 21:45:37,857 INFO  server.RaftServerConfigKeys (ConfUtils.java:logGet(43)) - raft.server.log.segment.size.max = 16384 (custom)
2019-06-12 21:45:37,857 INFO  impl.RaftServerImpl (RaftServerImpl.java:start(173)) - a09077e9-db02-48c4-8626-e6c53b0a699f: start group-415AFF3873C4
2019-06-12 21:45:37,858 INFO  impl.RaftServerImpl (RaftServerImpl.java:setRole(164)) - a09077e9-db02-48c4-8626-e6c53b0a699f:group-415AFF3873C4 changes role from null to FOLLOWER at term 0 for startAsFollower
2019-06-12 21:45:37,858 INFO  impl.RoleInfo (RoleInfo.java:updateAndGet(143)) - a09077e9-db02-48c4-8626-e6c53b0a699f: start FollowerState
2019-06-12 21:45:37,858 INFO  server.RaftServerConfigKeys (ConfUtils.java:logGet(43)) - raft.server.log.preallocated.size = 16384 (custom)
2019-06-12 21:45:37,858 INFO  server.RaftServerConfigKeys (ConfUtils.java:logGet(43)) - raft.server.log.write.buffer.size = 33554432 (custom)
2019-06-12 21:45:37,858 INFO  server.RaftServerConfigKeys (ConfUtils.java:logGet(43)) - raft.server.log.force.sync.num = 128 (default)
2019-06-12 21:45:37,858 INFO  storage.RaftStorageDirectory (RaftStorageDirectory.java:tryLock(328)) - Lock on /opt/src/hadoop-ozone/integration-test/target/test-dir/MiniOzoneClusterImpl-c8eac4b1-2475-463e-9465-5ed8d57562b9/datanode-1/data/ratis/b88dee1f-e319-43be-abfe-415aff3873c4/in_use.lock acquired by nodename 9114@ozone-v57r8-234650721
2019-06-12 21:45:37,858 INFO  util.JmxRegister (JmxRegister.java:tryRegister(44)) - Successfully registered JMX Bean with object name Ratis:service=RaftServer,group=group-415AFF3873C4,id=a09077e9-db02-48c4-8626-e6c53b0a699f
2019-06-12 21:45:37,858 INFO  server.RaftServerConfigKeys (ConfUtils.java:logGet(43)) - raft.server.log.statemachine.data.sync = true (default)
2019-06-12 21:45:37,859 INFO  server.RaftServerConfigKeys (ConfUtils.java:logGet(43)) - raft.server.log.statemachine.data.sync.timeout = 10s (default)
2019-06-12 21:45:37,859 INFO  server.RaftServerConfigKeys (ConfUtils.java:logGet(43)) - raft.server.log.statemachine.data.sync.timeout.retry = -1 (default)
2019-06-12 21:45:37,859 INFO  server.RaftServerConfigKeys (ConfUtils.java:logGet(43)) - raft.server.log.statemachine.data.caching.enabled = true (custom)
2019-06-12 21:45:37,860 INFO  storage.RaftStorage (RaftStorage.java:format(75)) - Storage directory /opt/src/hadoop-ozone/integration-test/target/test-dir/MiniOzoneClusterImpl-c8eac4b1-2475-463e-9465-5ed8d57562b9/datanode-1/data/ratis/b88dee1f-e319-43be-abfe-415aff3873c4 has been successfully formatted.
2019-06-12 21:45:37,861 INFO  server.RaftServerConfigKeys (ConfUtils.java:logGet(43)) - raft.server.snapshot.auto.trigger.enabled = true (custom)
2019-06-12 21:45:37,861 INFO  ratis.ContainerStateMachine (ContainerStateMachine.java:loadSnapshot(199)) - The snapshot info is null.Setting the last applied index to:(t:0, i:~)
2019-06-12 21:45:37,862 INFO  server.RaftServerConfigKeys (ConfUtils.java:logGet(43)) - raft.server.leader.election.timeout = 10s (custom)
2019-06-12 21:45:37,862 INFO  server.RaftServerConfigKeys (ConfUtils.java:logGet(43)) - raft.server.log.use.memory = false (default)
2019-06-12 21:45:37,862 INFO  server.RaftServerConfigKeys (ConfUtils.java:logGet(43)) - raft.server.log.appender.buffer.byte-limit = 33554432 (custom)
2019-06-12 21:45:37,862 INFO  server.RaftServerConfigKeys (ConfUtils.java:logGet(43)) - raft.server.log.segment.size.max = 16384 (custom)
2019-06-12 21:45:37,863 INFO  server.RaftServerConfigKeys (ConfUtils.java:logGet(43)) - raft.server.log.segment.cache.num.max = 2 (custom)
2019-06-12 21:45:37,863 INFO  storage.RaftLogWorker (RaftLogWorker.java:<init>(123)) - new 684467be-5acf-4c6f-a751-72c25a4612b3-RaftLogWorker for Storage Directory /opt/src/hadoop-ozone/integration-test/target/test-dir/MiniOzoneClusterImpl-c8eac4b1-2475-463e-9465-5ed8d57562b9/datanode-1/data/ratis/b88dee1f-e319-43be-abfe-415aff3873c4
2019-06-12 21:45:37,862 INFO  server.RaftServerConfigKeys (ConfUtils.java:logGet(43)) - raft.server.snapshot.auto.trigger.threshold = 10000 (custom)
2019-06-12 21:45:37,863 INFO  server.RaftServerConfigKeys (ConfUtils.java:logGet(43)) - raft.server.retrycache.expirytime = 600000ms (custom)
2019-06-12 21:45:37,863 INFO  impl.RaftServerImpl (RaftServerImpl.java:start(173)) - 7fd1f85d-54c9-4461-a053-2043166410e4: start group-415AFF3873C4
2019-06-12 21:45:37,863 INFO  impl.RaftServerImpl (RaftServerImpl.java:setRole(164)) - 7fd1f85d-54c9-4461-a053-2043166410e4:group-415AFF3873C4 changes role from null to FOLLOWER at term 0 for startAsFollower
2019-06-12 21:45:37,864 INFO  impl.RoleInfo (RoleInfo.java:updateAndGet(143)) - 7fd1f85d-54c9-4461-a053-2043166410e4: start FollowerState
2019-06-12 21:45:37,863 INFO  server.RaftServerConfigKeys (ConfUtils.java:logGet(43)) - raft.server.log.queue.byte-limit = 2147483647 (custom)
2019-06-12 21:45:37,864 INFO  server.RaftServerConfigKeys (ConfUtils.java:logGet(43)) - raft.server.log.queue.element-limit = 1024 (custom)
2019-06-12 21:45:37,864 INFO  server.RaftServerConfigKeys (ConfUtils.java:logGet(43)) - raft.server.log.segment.size.max = 16384 (custom)
2019-06-12 21:45:37,864 INFO  server.RaftServerConfigKeys (ConfUtils.java:logGet(43)) - raft.server.log.preallocated.size = 16384 (custom)
2019-06-12 21:45:37,865 INFO  server.RaftServerConfigKeys (ConfUtils.java:logGet(43)) - raft.server.log.write.buffer.size = 33554432 (custom)
2019-06-12 21:45:37,865 INFO  server.RaftServerConfigKeys (ConfUtils.java:logGet(43)) - raft.server.log.force.sync.num = 128 (default)
2019-06-12 21:45:37,865 INFO  server.RaftServerConfigKeys (ConfUtils.java:logGet(43)) - raft.server.log.statemachine.data.sync = true (default)
2019-06-12 21:45:37,865 INFO  server.RaftServerConfigKeys (ConfUtils.java:logGet(43)) - raft.server.log.statemachine.data.sync.timeout = 10s (default)
2019-06-12 21:45:37,865 INFO  server.RaftServerConfigKeys (ConfUtils.java:logGet(43)) - raft.server.log.statemachine.data.sync.timeout.retry = -1 (default)
2019-06-12 21:45:37,865 INFO  server.RaftServerConfigKeys (ConfUtils.java:logGet(43)) - raft.server.log.statemachine.data.caching.enabled = true (custom)
2019-06-12 21:45:37,865 INFO  util.JmxRegister (JmxRegister.java:tryRegister(44)) - Successfully registered JMX Bean with object name Ratis:service=RaftServer,group=group-415AFF3873C4,id=7fd1f85d-54c9-4461-a053-2043166410e4
2019-06-12 21:45:37,868 INFO  server.RaftServerConfigKeys (ConfUtils.java:logGet(43)) - raft.server.snapshot.auto.trigger.enabled = true (custom)
2019-06-12 21:45:37,868 INFO  server.RaftServerConfigKeys (ConfUtils.java:logGet(43)) - raft.server.snapshot.auto.trigger.threshold = 10000 (custom)
2019-06-12 21:45:37,868 INFO  server.RaftServerConfigKeys (ConfUtils.java:logGet(43)) - raft.server.retrycache.expirytime = 600000ms (custom)
2019-06-12 21:45:37,868 INFO  impl.RaftServerImpl (RaftServerImpl.java:start(173)) - 684467be-5acf-4c6f-a751-72c25a4612b3: start group-415AFF3873C4
2019-06-12 21:45:37,868 INFO  impl.RaftServerImpl (RaftServerImpl.java:setRole(164)) - 684467be-5acf-4c6f-a751-72c25a4612b3:group-415AFF3873C4 changes role from null to FOLLOWER at term 0 for startAsFollower
2019-06-12 21:45:37,868 INFO  impl.RoleInfo (RoleInfo.java:updateAndGet(143)) - 684467be-5acf-4c6f-a751-72c25a4612b3: start FollowerState
2019-06-12 21:45:37,874 INFO  util.JmxRegister (JmxRegister.java:tryRegister(44)) - Successfully registered JMX Bean with object name Ratis:service=RaftServer,group=group-415AFF3873C4,id=684467be-5acf-4c6f-a751-72c25a4612b3
2019-06-12 21:45:37,887 INFO  pipeline.PipelineStateManager (PipelineStateManager.java:addPipeline(56)) - Created pipeline Pipeline[ Id: b88dee1f-e319-43be-abfe-415aff3873c4, Nodes: 7fd1f85d-54c9-4461-a053-2043166410e4{ip: 192.168.19.22, host: ozone-v57r8-234650721, networkLocation: /default-rack, certSerialId: null}a09077e9-db02-48c4-8626-e6c53b0a699f{ip: 192.168.19.22, host: ozone-v57r8-234650721, networkLocation: /default-rack, certSerialId: null}684467be-5acf-4c6f-a751-72c25a4612b3{ip: 192.168.19.22, host: ozone-v57r8-234650721, networkLocation: /default-rack, certSerialId: null}, Type:RATIS, Factor:THREE, State:OPEN]
2019-06-12 21:45:37,952 INFO  node.SCMNodeManager (SCMNodeManager.java:register(234)) - Registered Data node : a75f6124-23a4-43e8-993e-f184abea0d9b{ip: 192.168.19.22, host: ozone-v57r8-234650721, networkLocation: /default-rack, certSerialId: null}
2019-06-12 21:45:37,964 INFO  impl.RaftServerProxy (RaftServerProxy.java:addNew(89)) - a75f6124-23a4-43e8-993e-f184abea0d9b: addNew group-C4AA4926853B:[a75f6124-23a4-43e8-993e-f184abea0d9b:192.168.19.22:45901] returns group-C4AA4926853B:java.util.concurrent.CompletableFuture@32aeff2b[Not completed]
2019-06-12 21:45:37,966 INFO  impl.RaftServerImpl (RaftServerImpl.java:<init>(91)) - a75f6124-23a4-43e8-993e-f184abea0d9b: new RaftServerImpl for group-C4AA4926853B:[a75f6124-23a4-43e8-993e-f184abea0d9b:192.168.19.22:45901] with ContainerStateMachine:uninitialized
2019-06-12 21:45:37,966 INFO  server.RaftServerConfigKeys (ConfUtils.java:logGet(43)) - raft.server.rpc.timeout.min = 1s (custom)
2019-06-12 21:45:37,967 INFO  server.RaftServerConfigKeys (ConfUtils.java:logGet(43)) - raft.server.rpc.timeout.max = 1200ms (custom)
2019-06-12 21:45:37,967 INFO  server.RaftServerConfigKeys (ConfUtils.java:logGet(43)) - raft.server.rpcslowness.timeout = 10s (custom)
2019-06-12 21:45:37,967 INFO  server.RaftServerConfigKeys (ConfUtils.java:logGet(43)) - raft.server.log.appender.install.snapshot.enabled = true (default)
2019-06-12 21:45:37,967 INFO  impl.RaftServerImpl (ServerState.java:<init>(101)) - a75f6124-23a4-43e8-993e-f184abea0d9b:group-C4AA4926853B ConfigurationManager, init=-1: [a75f6124-23a4-43e8-993e-f184abea0d9b:192.168.19.22:45901], old=null, confs=<EMPTY_MAP>
2019-06-12 21:45:37,967 INFO  server.RaftServerConfigKeys (ConfUtils.java:logGet(43)) - raft.server.storage.dir = [/opt/src/hadoop-ozone/integration-test/target/test-dir/MiniOzoneClusterImpl-c8eac4b1-2475-463e-9465-5ed8d57562b9/datanode-4/data/ratis] (custom)
2019-06-12 21:45:37,967 INFO  storage.RaftStorageDirectory (RaftStorageDirectory.java:analyzeStorage(246)) - The storage directory /opt/src/hadoop-ozone/integration-test/target/test-dir/MiniOzoneClusterImpl-c8eac4b1-2475-463e-9465-5ed8d57562b9/datanode-4/data/ratis/9ddb4b95-5b84-450c-966c-c4aa4926853b does not exist. Creating ...
2019-06-12 21:45:37,970 INFO  storage.RaftStorageDirectory (RaftStorageDirectory.java:tryLock(328)) - Lock on /opt/src/hadoop-ozone/integration-test/target/test-dir/MiniOzoneClusterImpl-c8eac4b1-2475-463e-9465-5ed8d57562b9/datanode-4/data/ratis/9ddb4b95-5b84-450c-966c-c4aa4926853b/in_use.lock acquired by nodename 9114@ozone-v57r8-234650721
2019-06-12 21:45:37,972 INFO  storage.RaftStorage (RaftStorage.java:format(75)) - Storage directory /opt/src/hadoop-ozone/integration-test/target/test-dir/MiniOzoneClusterImpl-c8eac4b1-2475-463e-9465-5ed8d57562b9/datanode-4/data/ratis/9ddb4b95-5b84-450c-966c-c4aa4926853b has been successfully formatted.
2019-06-12 21:45:37,972 INFO  ratis.ContainerStateMachine (ContainerStateMachine.java:loadSnapshot(199)) - The snapshot info is null.Setting the last applied index to:(t:0, i:~)
2019-06-12 21:45:37,972 INFO  server.RaftServerConfigKeys (ConfUtils.java:logGet(43)) - raft.server.leader.election.timeout = 10s (custom)
2019-06-12 21:45:37,972 INFO  server.RaftServerConfigKeys (ConfUtils.java:logGet(43)) - raft.server.log.use.memory = false (default)
2019-06-12 21:45:37,973 INFO  server.RaftServerConfigKeys (ConfUtils.java:logGet(43)) - raft.server.log.appender.buffer.byte-limit = 33554432 (custom)
2019-06-12 21:45:37,973 INFO  server.RaftServerConfigKeys (ConfUtils.java:logGet(43)) - raft.server.log.segment.size.max = 16384 (custom)
2019-06-12 21:45:37,973 INFO  server.RaftServerConfigKeys (ConfUtils.java:logGet(43)) - raft.server.log.segment.cache.num.max = 2 (custom)
2019-06-12 21:45:37,973 INFO  storage.RaftLogWorker (RaftLogWorker.java:<init>(123)) - new a75f6124-23a4-43e8-993e-f184abea0d9b-RaftLogWorker for Storage Directory /opt/src/hadoop-ozone/integration-test/target/test-dir/MiniOzoneClusterImpl-c8eac4b1-2475-463e-9465-5ed8d57562b9/datanode-4/data/ratis/9ddb4b95-5b84-450c-966c-c4aa4926853b
2019-06-12 21:45:37,973 INFO  server.RaftServerConfigKeys (ConfUtils.java:logGet(43)) - raft.server.log.queue.byte-limit = 2147483647 (custom)
2019-06-12 21:45:37,973 INFO  server.RaftServerConfigKeys (ConfUtils.java:logGet(43)) - raft.server.log.queue.element-limit = 1024 (custom)
2019-06-12 21:45:37,973 INFO  server.RaftServerConfigKeys (ConfUtils.java:logGet(43)) - raft.server.log.segment.size.max = 16384 (custom)
2019-06-12 21:45:37,973 INFO  server.RaftServerConfigKeys (ConfUtils.java:logGet(43)) - raft.server.log.preallocated.size = 16384 (custom)
2019-06-12 21:45:37,973 INFO  server.RaftServerConfigKeys (ConfUtils.java:logGet(43)) - raft.server.log.write.buffer.size = 33554432 (custom)
2019-06-12 21:45:37,973 INFO  server.RaftServerConfigKeys (ConfUtils.java:logGet(43)) - raft.server.log.force.sync.num = 128 (default)
2019-06-12 21:45:37,973 INFO  server.RaftServerConfigKeys (ConfUtils.java:logGet(43)) - raft.server.log.statemachine.data.sync = true (default)
2019-06-12 21:45:37,974 INFO  server.RaftServerConfigKeys (ConfUtils.java:logGet(43)) - raft.server.log.statemachine.data.sync.timeout = 10s (default)
2019-06-12 21:45:37,974 INFO  server.RaftServerConfigKeys (ConfUtils.java:logGet(43)) - raft.server.log.statemachine.data.sync.timeout.retry = -1 (default)
2019-06-12 21:45:37,974 INFO  server.RaftServerConfigKeys (ConfUtils.java:logGet(43)) - raft.server.log.statemachine.data.caching.enabled = true (custom)
2019-06-12 21:45:37,974 INFO  server.RaftServerConfigKeys (ConfUtils.java:logGet(43)) - raft.server.snapshot.auto.trigger.enabled = true (custom)
2019-06-12 21:45:37,974 INFO  server.RaftServerConfigKeys (ConfUtils.java:logGet(43)) - raft.server.snapshot.auto.trigger.threshold = 10000 (custom)
2019-06-12 21:45:37,974 INFO  server.RaftServerConfigKeys (ConfUtils.java:logGet(43)) - raft.server.retrycache.expirytime = 600000ms (custom)
2019-06-12 21:45:37,975 INFO  impl.RaftServerImpl (RaftServerImpl.java:start(173)) - a75f6124-23a4-43e8-993e-f184abea0d9b: start group-C4AA4926853B
2019-06-12 21:45:37,975 INFO  impl.RaftServerImpl (RaftServerImpl.java:setRole(164)) - a75f6124-23a4-43e8-993e-f184abea0d9b:group-C4AA4926853B changes role from null to FOLLOWER at term 0 for startAsFollower
2019-06-12 21:45:37,975 INFO  impl.RoleInfo (RoleInfo.java:updateAndGet(143)) - a75f6124-23a4-43e8-993e-f184abea0d9b: start FollowerState
2019-06-12 21:45:37,975 INFO  util.JmxRegister (JmxRegister.java:tryRegister(44)) - Successfully registered JMX Bean with object name Ratis:service=RaftServer,group=group-C4AA4926853B,id=a75f6124-23a4-43e8-993e-f184abea0d9b
2019-06-12 21:45:37,982 INFO  pipeline.PipelineStateManager (PipelineStateManager.java:addPipeline(56)) - Created pipeline Pipeline[ Id: 9ddb4b95-5b84-450c-966c-c4aa4926853b, Nodes: a75f6124-23a4-43e8-993e-f184abea0d9b{ip: 192.168.19.22, host: ozone-v57r8-234650721, networkLocation: /default-rack, certSerialId: null}, Type:RATIS, Factor:ONE, State:OPEN]
2019-06-12 21:45:38,185 INFO  ozone.MiniOzoneClusterImpl (MiniOzoneClusterImpl.java:lambda$waitForClusterToBeReady$0(142)) - Waiting for cluster to be ready. Got 5 of 6 DN Heartbeats.
2019-06-12 21:45:38,189 INFO  node.SCMNodeManager (SCMNodeManager.java:register(234)) - Registered Data node : 1aed9647-7c54-4843-8b97-400b3fef82c6{ip: 192.168.19.22, host: ozone-v57r8-234650721, networkLocation: /default-rack, certSerialId: null}
2019-06-12 21:45:38,200 INFO  impl.RaftServerProxy (RaftServerProxy.java:addNew(89)) - 1aed9647-7c54-4843-8b97-400b3fef82c6: addNew group-85072A4B6433:[1aed9647-7c54-4843-8b97-400b3fef82c6:192.168.19.22:46129] returns group-85072A4B6433:java.util.concurrent.CompletableFuture@6c380874[Not completed]
2019-06-12 21:45:38,201 INFO  impl.RaftServerImpl (RaftServerImpl.java:<init>(91)) - 1aed9647-7c54-4843-8b97-400b3fef82c6: new RaftServerImpl for group-85072A4B6433:[1aed9647-7c54-4843-8b97-400b3fef82c6:192.168.19.22:46129] with ContainerStateMachine:uninitialized
2019-06-12 21:45:38,201 INFO  server.RaftServerConfigKeys (ConfUtils.java:logGet(43)) - raft.server.rpc.timeout.min = 1s (custom)
2019-06-12 21:45:38,201 INFO  server.RaftServerConfigKeys (ConfUtils.java:logGet(43)) - raft.server.rpc.timeout.max = 1200ms (custom)
2019-06-12 21:45:38,201 INFO  server.RaftServerConfigKeys (ConfUtils.java:logGet(43)) - raft.server.rpcslowness.timeout = 10s (custom)
2019-06-12 21:45:38,201 INFO  server.RaftServerConfigKeys (ConfUtils.java:logGet(43)) - raft.server.log.appender.install.snapshot.enabled = true (default)
2019-06-12 21:45:38,202 INFO  impl.RaftServerImpl (ServerState.java:<init>(101)) - 1aed9647-7c54-4843-8b97-400b3fef82c6:group-85072A4B6433 ConfigurationManager, init=-1: [1aed9647-7c54-4843-8b97-400b3fef82c6:192.168.19.22:46129], old=null, confs=<EMPTY_MAP>
2019-06-12 21:45:38,202 INFO  server.RaftServerConfigKeys (ConfUtils.java:logGet(43)) - raft.server.storage.dir = [/opt/src/hadoop-ozone/integration-test/target/test-dir/MiniOzoneClusterImpl-c8eac4b1-2475-463e-9465-5ed8d57562b9/datanode-5/data/ratis] (custom)
2019-06-12 21:45:38,202 INFO  storage.RaftStorageDirectory (RaftStorageDirectory.java:analyzeStorage(246)) - The storage directory /opt/src/hadoop-ozone/integration-test/target/test-dir/MiniOzoneClusterImpl-c8eac4b1-2475-463e-9465-5ed8d57562b9/datanode-5/data/ratis/317f67b9-1a04-47ca-b6e4-85072a4b6433 does not exist. Creating ...
2019-06-12 21:45:38,204 INFO  storage.RaftStorageDirectory (RaftStorageDirectory.java:tryLock(328)) - Lock on /opt/src/hadoop-ozone/integration-test/target/test-dir/MiniOzoneClusterImpl-c8eac4b1-2475-463e-9465-5ed8d57562b9/datanode-5/data/ratis/317f67b9-1a04-47ca-b6e4-85072a4b6433/in_use.lock acquired by nodename 9114@ozone-v57r8-234650721
2019-06-12 21:45:38,206 INFO  storage.RaftStorage (RaftStorage.java:format(75)) - Storage directory /opt/src/hadoop-ozone/integration-test/target/test-dir/MiniOzoneClusterImpl-c8eac4b1-2475-463e-9465-5ed8d57562b9/datanode-5/data/ratis/317f67b9-1a04-47ca-b6e4-85072a4b6433 has been successfully formatted.
2019-06-12 21:45:38,207 INFO  ratis.ContainerStateMachine (ContainerStateMachine.java:loadSnapshot(199)) - The snapshot info is null.Setting the last applied index to:(t:0, i:~)
2019-06-12 21:45:38,207 INFO  server.RaftServerConfigKeys (ConfUtils.java:logGet(43)) - raft.server.leader.election.timeout = 10s (custom)
2019-06-12 21:45:38,207 INFO  server.RaftServerConfigKeys (ConfUtils.java:logGet(43)) - raft.server.log.use.memory = false (default)
2019-06-12 21:45:38,207 INFO  server.RaftServerConfigKeys (ConfUtils.java:logGet(43)) - raft.server.log.appender.buffer.byte-limit = 33554432 (custom)
2019-06-12 21:45:38,207 INFO  server.RaftServerConfigKeys (ConfUtils.java:logGet(43)) - raft.server.log.segment.size.max = 16384 (custom)
2019-06-12 21:45:38,207 INFO  server.RaftServerConfigKeys (ConfUtils.java:logGet(43)) - raft.server.log.segment.cache.num.max = 2 (custom)
2019-06-12 21:45:38,207 INFO  storage.RaftLogWorker (RaftLogWorker.java:<init>(123)) - new 1aed9647-7c54-4843-8b97-400b3fef82c6-RaftLogWorker for Storage Directory /opt/src/hadoop-ozone/integration-test/target/test-dir/MiniOzoneClusterImpl-c8eac4b1-2475-463e-9465-5ed8d57562b9/datanode-5/data/ratis/317f67b9-1a04-47ca-b6e4-85072a4b6433
2019-06-12 21:45:38,207 INFO  server.RaftServerConfigKeys (ConfUtils.java:logGet(43)) - raft.server.log.queue.byte-limit = 2147483647 (custom)
2019-06-12 21:45:38,207 INFO  server.RaftServerConfigKeys (ConfUtils.java:logGet(43)) - raft.server.log.queue.element-limit = 1024 (custom)
2019-06-12 21:45:38,207 INFO  server.RaftServerConfigKeys (ConfUtils.java:logGet(43)) - raft.server.log.segment.size.max = 16384 (custom)
2019-06-12 21:45:38,207 INFO  server.RaftServerConfigKeys (ConfUtils.java:logGet(43)) - raft.server.log.preallocated.size = 16384 (custom)
2019-06-12 21:45:38,207 INFO  server.RaftServerConfigKeys (ConfUtils.java:logGet(43)) - raft.server.log.write.buffer.size = 33554432 (custom)
2019-06-12 21:45:38,207 INFO  server.RaftServerConfigKeys (ConfUtils.java:logGet(43)) - raft.server.log.force.sync.num = 128 (default)
2019-06-12 21:45:38,208 INFO  server.RaftServerConfigKeys (ConfUtils.java:logGet(43)) - raft.server.log.statemachine.data.sync = true (default)
2019-06-12 21:45:38,208 INFO  server.RaftServerConfigKeys (ConfUtils.java:logGet(43)) - raft.server.log.statemachine.data.sync.timeout = 10s (default)
2019-06-12 21:45:38,208 INFO  server.RaftServerConfigKeys (ConfUtils.java:logGet(43)) - raft.server.log.statemachine.data.sync.timeout.retry = -1 (default)
2019-06-12 21:45:38,208 INFO  server.RaftServerConfigKeys (ConfUtils.java:logGet(43)) - raft.server.log.statemachine.data.caching.enabled = true (custom)
2019-06-12 21:45:38,208 INFO  server.RaftServerConfigKeys (ConfUtils.java:logGet(43)) - raft.server.snapshot.auto.trigger.enabled = true (custom)
2019-06-12 21:45:38,208 INFO  server.RaftServerConfigKeys (ConfUtils.java:logGet(43)) - raft.server.snapshot.auto.trigger.threshold = 10000 (custom)
2019-06-12 21:45:38,208 INFO  server.RaftServerConfigKeys (ConfUtils.java:logGet(43)) - raft.server.retrycache.expirytime = 600000ms (custom)
2019-06-12 21:45:38,208 INFO  impl.RaftServerImpl (RaftServerImpl.java:start(173)) - 1aed9647-7c54-4843-8b97-400b3fef82c6: start group-85072A4B6433
2019-06-12 21:45:38,209 INFO  impl.RaftServerImpl (RaftServerImpl.java:setRole(164)) - 1aed9647-7c54-4843-8b97-400b3fef82c6:group-85072A4B6433 changes role from null to FOLLOWER at term 0 for startAsFollower
2019-06-12 21:45:38,209 INFO  impl.RoleInfo (RoleInfo.java:updateAndGet(143)) - 1aed9647-7c54-4843-8b97-400b3fef82c6: start FollowerState
2019-06-12 21:45:38,209 INFO  util.JmxRegister (JmxRegister.java:tryRegister(44)) - Successfully registered JMX Bean with object name Ratis:service=RaftServer,group=group-85072A4B6433,id=1aed9647-7c54-4843-8b97-400b3fef82c6
2019-06-12 21:45:38,217 INFO  pipeline.PipelineStateManager (PipelineStateManager.java:addPipeline(56)) - Created pipeline Pipeline[ Id: 317f67b9-1a04-47ca-b6e4-85072a4b6433, Nodes: 1aed9647-7c54-4843-8b97-400b3fef82c6{ip: 192.168.19.22, host: ozone-v57r8-234650721, networkLocation: /default-rack, certSerialId: null}, Type:RATIS, Factor:ONE, State:OPEN]
2019-06-12 21:45:38,235 INFO  impl.RaftServerProxy (RaftServerProxy.java:addNew(89)) - 6263d909-367a-4191-8bef-db53a4003eb2: addNew group-44B10C0F7465:[6263d909-367a-4191-8bef-db53a4003eb2:192.168.19.22:41903, a75f6124-23a4-43e8-993e-f184abea0d9b:192.168.19.22:45901, 1aed9647-7c54-4843-8b97-400b3fef82c6:192.168.19.22:46129] returns group-44B10C0F7465:java.util.concurrent.CompletableFuture@3b0be53d[Not completed]
2019-06-12 21:45:38,236 INFO  impl.RaftServerImpl (RaftServerImpl.java:<init>(91)) - 6263d909-367a-4191-8bef-db53a4003eb2: new RaftServerImpl for group-44B10C0F7465:[6263d909-367a-4191-8bef-db53a4003eb2:192.168.19.22:41903, a75f6124-23a4-43e8-993e-f184abea0d9b:192.168.19.22:45901, 1aed9647-7c54-4843-8b97-400b3fef82c6:192.168.19.22:46129] with ContainerStateMachine:uninitialized
2019-06-12 21:45:38,236 INFO  server.RaftServerConfigKeys (ConfUtils.java:logGet(43)) - raft.server.rpc.timeout.min = 1s (custom)
2019-06-12 21:45:38,236 INFO  server.RaftServerConfigKeys (ConfUtils.java:logGet(43)) - raft.server.rpc.timeout.max = 1200ms (custom)
2019-06-12 21:45:38,237 INFO  impl.RaftServerProxy (RaftServerProxy.java:addNew(89)) - 1aed9647-7c54-4843-8b97-400b3fef82c6: addNew group-44B10C0F7465:[6263d909-367a-4191-8bef-db53a4003eb2:192.168.19.22:41903, a75f6124-23a4-43e8-993e-f184abea0d9b:192.168.19.22:45901, 1aed9647-7c54-4843-8b97-400b3fef82c6:192.168.19.22:46129] returns group-44B10C0F7465:java.util.concurrent.CompletableFuture@58c55f3[Not completed]
2019-06-12 21:45:38,237 INFO  server.RaftServerConfigKeys (ConfUtils.java:logGet(43)) - raft.server.rpcslowness.timeout = 10s (custom)
2019-06-12 21:45:38,237 INFO  server.RaftServerConfigKeys (ConfUtils.java:logGet(43)) - raft.server.log.appender.install.snapshot.enabled = true (default)
2019-06-12 21:45:38,238 INFO  impl.RaftServerImpl (ServerState.java:<init>(101)) - 6263d909-367a-4191-8bef-db53a4003eb2:group-44B10C0F7465 ConfigurationManager, init=-1: [6263d909-367a-4191-8bef-db53a4003eb2:192.168.19.22:41903, a75f6124-23a4-43e8-993e-f184abea0d9b:192.168.19.22:45901, 1aed9647-7c54-4843-8b97-400b3fef82c6:192.168.19.22:46129], old=null, confs=<EMPTY_MAP>
2019-06-12 21:45:38,238 INFO  impl.RaftServerImpl (RaftServerImpl.java:<init>(91)) - 1aed9647-7c54-4843-8b97-400b3fef82c6: new RaftServerImpl for group-44B10C0F7465:[6263d909-367a-4191-8bef-db53a4003eb2:192.168.19.22:41903, a75f6124-23a4-43e8-993e-f184abea0d9b:192.168.19.22:45901, 1aed9647-7c54-4843-8b97-400b3fef82c6:192.168.19.22:46129] with ContainerStateMachine:uninitialized
2019-06-12 21:45:38,238 INFO  server.RaftServerConfigKeys (ConfUtils.java:logGet(43)) - raft.server.storage.dir = [/opt/src/hadoop-ozone/integration-test/target/test-dir/MiniOzoneClusterImpl-c8eac4b1-2475-463e-9465-5ed8d57562b9/datanode-2/data/ratis] (custom)
2019-06-12 21:45:38,238 INFO  server.RaftServerConfigKeys (ConfUtils.java:logGet(43)) - raft.server.rpc.timeout.min = 1s (custom)
2019-06-12 21:45:38,239 INFO  server.RaftServerConfigKeys (ConfUtils.java:logGet(43)) - raft.server.rpc.timeout.max = 1200ms (custom)
2019-06-12 21:45:38,239 INFO  server.RaftServerConfigKeys (ConfUtils.java:logGet(43)) - raft.server.rpcslowness.timeout = 10s (custom)
2019-06-12 21:45:38,239 INFO  server.RaftServerConfigKeys (ConfUtils.java:logGet(43)) - raft.server.log.appender.install.snapshot.enabled = true (default)
2019-06-12 21:45:38,239 INFO  impl.RaftServerImpl (ServerState.java:<init>(101)) - 1aed9647-7c54-4843-8b97-400b3fef82c6:group-44B10C0F7465 ConfigurationManager, init=-1: [6263d909-367a-4191-8bef-db53a4003eb2:192.168.19.22:41903, a75f6124-23a4-43e8-993e-f184abea0d9b:192.168.19.22:45901, 1aed9647-7c54-4843-8b97-400b3fef82c6:192.168.19.22:46129], old=null, confs=<EMPTY_MAP>
2019-06-12 21:45:38,239 INFO  impl.RaftServerImpl (RaftServerImpl.java:<init>(91)) - a75f6124-23a4-43e8-993e-f184abea0d9b: new RaftServerImpl for group-44B10C0F7465:[6263d909-367a-4191-8bef-db53a4003eb2:192.168.19.22:41903, a75f6124-23a4-43e8-993e-f184abea0d9b:192.168.19.22:45901, 1aed9647-7c54-4843-8b97-400b3fef82c6:192.168.19.22:46129] with ContainerStateMachine:uninitialized
2019-06-12 21:45:38,239 INFO  impl.RaftServerProxy (RaftServerProxy.java:addNew(89)) - a75f6124-23a4-43e8-993e-f184abea0d9b: addNew group-44B10C0F7465:[6263d909-367a-4191-8bef-db53a4003eb2:192.168.19.22:41903, a75f6124-23a4-43e8-993e-f184abea0d9b:192.168.19.22:45901, 1aed9647-7c54-4843-8b97-400b3fef82c6:192.168.19.22:46129] returns group-44B10C0F7465:java.util.concurrent.CompletableFuture@295b869e[Not completed]
2019-06-12 21:45:38,239 INFO  server.RaftServerConfigKeys (ConfUtils.java:logGet(43)) - raft.server.rpc.timeout.min = 1s (custom)
2019-06-12 21:45:38,239 INFO  server.RaftServerConfigKeys (ConfUtils.java:logGet(43)) - raft.server.storage.dir = [/opt/src/hadoop-ozone/integration-test/target/test-dir/MiniOzoneClusterImpl-c8eac4b1-2475-463e-9465-5ed8d57562b9/datanode-5/data/ratis] (custom)
2019-06-12 21:45:38,239 INFO  storage.RaftStorageDirectory (RaftStorageDirectory.java:analyzeStorage(246)) - The storage directory /opt/src/hadoop-ozone/integration-test/target/test-dir/MiniOzoneClusterImpl-c8eac4b1-2475-463e-9465-5ed8d57562b9/datanode-2/data/ratis/8f3231c1-870b-4794-92aa-44b10c0f7465 does not exist. Creating ...
2019-06-12 21:45:38,240 INFO  storage.RaftStorageDirectory (RaftStorageDirectory.java:analyzeStorage(246)) - The storage directory /opt/src/hadoop-ozone/integration-test/target/test-dir/MiniOzoneClusterImpl-c8eac4b1-2475-463e-9465-5ed8d57562b9/datanode-5/data/ratis/8f3231c1-870b-4794-92aa-44b10c0f7465 does not exist. Creating ...
2019-06-12 21:45:38,240 INFO  server.RaftServerConfigKeys (ConfUtils.java:logGet(43)) - raft.server.rpc.timeout.max = 1200ms (custom)
2019-06-12 21:45:38,240 INFO  server.RaftServerConfigKeys (ConfUtils.java:logGet(43)) - raft.server.rpcslowness.timeout = 10s (custom)
2019-06-12 21:45:38,240 INFO  server.RaftServerConfigKeys (ConfUtils.java:logGet(43)) - raft.server.log.appender.install.snapshot.enabled = true (default)
2019-06-12 21:45:38,240 INFO  impl.RaftServerImpl (ServerState.java:<init>(101)) - a75f6124-23a4-43e8-993e-f184abea0d9b:group-44B10C0F7465 ConfigurationManager, init=-1: [6263d909-367a-4191-8bef-db53a4003eb2:192.168.19.22:41903, a75f6124-23a4-43e8-993e-f184abea0d9b:192.168.19.22:45901, 1aed9647-7c54-4843-8b97-400b3fef82c6:192.168.19.22:46129], old=null, confs=<EMPTY_MAP>
2019-06-12 21:45:38,241 INFO  server.RaftServerConfigKeys (ConfUtils.java:logGet(43)) - raft.server.storage.dir = [/opt/src/hadoop-ozone/integration-test/target/test-dir/MiniOzoneClusterImpl-c8eac4b1-2475-463e-9465-5ed8d57562b9/datanode-4/data/ratis] (custom)
2019-06-12 21:45:38,242 INFO  storage.RaftStorageDirectory (RaftStorageDirectory.java:analyzeStorage(246)) - The storage directory /opt/src/hadoop-ozone/integration-test/target/test-dir/MiniOzoneClusterImpl-c8eac4b1-2475-463e-9465-5ed8d57562b9/datanode-4/data/ratis/8f3231c1-870b-4794-92aa-44b10c0f7465 does not exist. Creating ...
2019-06-12 21:45:38,242 INFO  storage.RaftStorageDirectory (RaftStorageDirectory.java:tryLock(328)) - Lock on /opt/src/hadoop-ozone/integration-test/target/test-dir/MiniOzoneClusterImpl-c8eac4b1-2475-463e-9465-5ed8d57562b9/datanode-2/data/ratis/8f3231c1-870b-4794-92aa-44b10c0f7465/in_use.lock acquired by nodename 9114@ozone-v57r8-234650721
2019-06-12 21:45:38,243 INFO  storage.RaftStorageDirectory (RaftStorageDirectory.java:tryLock(328)) - Lock on /opt/src/hadoop-ozone/integration-test/target/test-dir/MiniOzoneClusterImpl-c8eac4b1-2475-463e-9465-5ed8d57562b9/datanode-5/data/ratis/8f3231c1-870b-4794-92aa-44b10c0f7465/in_use.lock acquired by nodename 9114@ozone-v57r8-234650721
2019-06-12 21:45:38,244 INFO  storage.RaftStorageDirectory (RaftStorageDirectory.java:tryLock(328)) - Lock on /opt/src/hadoop-ozone/integration-test/target/test-dir/MiniOzoneClusterImpl-c8eac4b1-2475-463e-9465-5ed8d57562b9/datanode-4/data/ratis/8f3231c1-870b-4794-92aa-44b10c0f7465/in_use.lock acquired by nodename 9114@ozone-v57r8-234650721
2019-06-12 21:45:38,244 INFO  storage.RaftStorage (RaftStorage.java:format(75)) - Storage directory /opt/src/hadoop-ozone/integration-test/target/test-dir/MiniOzoneClusterImpl-c8eac4b1-2475-463e-9465-5ed8d57562b9/datanode-2/data/ratis/8f3231c1-870b-4794-92aa-44b10c0f7465 has been successfully formatted.
2019-06-12 21:45:38,244 INFO  ratis.ContainerStateMachine (ContainerStateMachine.java:loadSnapshot(199)) - The snapshot info is null.Setting the last applied index to:(t:0, i:~)
2019-06-12 21:45:38,244 INFO  server.RaftServerConfigKeys (ConfUtils.java:logGet(43)) - raft.server.leader.election.timeout = 10s (custom)
2019-06-12 21:45:38,244 INFO  server.RaftServerConfigKeys (ConfUtils.java:logGet(43)) - raft.server.log.use.memory = false (default)
2019-06-12 21:45:38,245 INFO  server.RaftServerConfigKeys (ConfUtils.java:logGet(43)) - raft.server.log.appender.buffer.byte-limit = 33554432 (custom)
2019-06-12 21:45:38,245 INFO  server.RaftServerConfigKeys (ConfUtils.java:logGet(43)) - raft.server.log.segment.size.max = 16384 (custom)
2019-06-12 21:45:38,245 INFO  server.RaftServerConfigKeys (ConfUtils.java:logGet(43)) - raft.server.log.segment.cache.num.max = 2 (custom)
2019-06-12 21:45:38,245 INFO  storage.RaftLogWorker (RaftLogWorker.java:<init>(123)) - new 6263d909-367a-4191-8bef-db53a4003eb2-RaftLogWorker for Storage Directory /opt/src/hadoop-ozone/integration-test/target/test-dir/MiniOzoneClusterImpl-c8eac4b1-2475-463e-9465-5ed8d57562b9/datanode-2/data/ratis/8f3231c1-870b-4794-92aa-44b10c0f7465
2019-06-12 21:45:38,245 INFO  server.RaftServerConfigKeys (ConfUtils.java:logGet(43)) - raft.server.log.queue.byte-limit = 2147483647 (custom)
2019-06-12 21:45:38,245 INFO  server.RaftServerConfigKeys (ConfUtils.java:logGet(43)) - raft.server.log.queue.element-limit = 1024 (custom)
2019-06-12 21:45:38,245 INFO  server.RaftServerConfigKeys (ConfUtils.java:logGet(43)) - raft.server.log.segment.size.max = 16384 (custom)
2019-06-12 21:45:38,245 INFO  server.RaftServerConfigKeys (ConfUtils.java:logGet(43)) - raft.server.log.preallocated.size = 16384 (custom)
2019-06-12 21:45:38,245 INFO  server.RaftServerConfigKeys (ConfUtils.java:logGet(43)) - raft.server.log.write.buffer.size = 33554432 (custom)
2019-06-12 21:45:38,245 INFO  server.RaftServerConfigKeys (ConfUtils.java:logGet(43)) - raft.server.log.force.sync.num = 128 (default)
2019-06-12 21:45:38,245 INFO  server.RaftServerConfigKeys (ConfUtils.java:logGet(43)) - raft.server.log.statemachine.data.sync = true (default)
2019-06-12 21:45:38,245 INFO  server.RaftServerConfigKeys (ConfUtils.java:logGet(43)) - raft.server.log.statemachine.data.sync.timeout = 10s (default)
2019-06-12 21:45:38,245 INFO  server.RaftServerConfigKeys (ConfUtils.java:logGet(43)) - raft.server.log.statemachine.data.sync.timeout.retry = -1 (default)
2019-06-12 21:45:38,246 INFO  server.RaftServerConfigKeys (ConfUtils.java:logGet(43)) - raft.server.log.statemachine.data.caching.enabled = true (custom)
2019-06-12 21:45:38,246 INFO  server.RaftServerConfigKeys (ConfUtils.java:logGet(43)) - raft.server.snapshot.auto.trigger.enabled = true (custom)
2019-06-12 21:45:38,246 INFO  server.RaftServerConfigKeys (ConfUtils.java:logGet(43)) - raft.server.snapshot.auto.trigger.threshold = 10000 (custom)
2019-06-12 21:45:38,246 INFO  server.RaftServerConfigKeys (ConfUtils.java:logGet(43)) - raft.server.retrycache.expirytime = 600000ms (custom)
2019-06-12 21:45:38,246 INFO  storage.RaftStorage (RaftStorage.java:format(75)) - Storage directory /opt/src/hadoop-ozone/integration-test/target/test-dir/MiniOzoneClusterImpl-c8eac4b1-2475-463e-9465-5ed8d57562b9/datanode-5/data/ratis/8f3231c1-870b-4794-92aa-44b10c0f7465 has been successfully formatted.
2019-06-12 21:45:38,246 INFO  impl.RaftServerImpl (RaftServerImpl.java:start(173)) - 6263d909-367a-4191-8bef-db53a4003eb2: start group-44B10C0F7465
2019-06-12 21:45:38,246 INFO  ratis.ContainerStateMachine (ContainerStateMachine.java:loadSnapshot(199)) - The snapshot info is null.Setting the last applied index to:(t:0, i:~)
2019-06-12 21:45:38,246 INFO  impl.RaftServerImpl (RaftServerImpl.java:setRole(164)) - 6263d909-367a-4191-8bef-db53a4003eb2:group-44B10C0F7465 changes role from null to FOLLOWER at term 0 for startAsFollower
2019-06-12 21:45:38,247 INFO  server.RaftServerConfigKeys (ConfUtils.java:logGet(43)) - raft.server.leader.election.timeout = 10s (custom)
2019-06-12 21:45:38,247 INFO  server.RaftServerConfigKeys (ConfUtils.java:logGet(43)) - raft.server.log.use.memory = false (default)
2019-06-12 21:45:38,247 INFO  server.RaftServerConfigKeys (ConfUtils.java:logGet(43)) - raft.server.log.appender.buffer.byte-limit = 33554432 (custom)
2019-06-12 21:45:38,247 INFO  server.RaftServerConfigKeys (ConfUtils.java:logGet(43)) - raft.server.log.segment.size.max = 16384 (custom)
2019-06-12 21:45:38,247 INFO  server.RaftServerConfigKeys (ConfUtils.java:logGet(43)) - raft.server.log.segment.cache.num.max = 2 (custom)
2019-06-12 21:45:38,247 INFO  storage.RaftLogWorker (RaftLogWorker.java:<init>(123)) - new 1aed9647-7c54-4843-8b97-400b3fef82c6-RaftLogWorker for Storage Directory /opt/src/hadoop-ozone/integration-test/target/test-dir/MiniOzoneClusterImpl-c8eac4b1-2475-463e-9465-5ed8d57562b9/datanode-5/data/ratis/8f3231c1-870b-4794-92aa-44b10c0f7465
2019-06-12 21:45:38,247 INFO  server.RaftServerConfigKeys (ConfUtils.java:logGet(43)) - raft.server.log.queue.byte-limit = 2147483647 (custom)
2019-06-12 21:45:38,247 INFO  server.RaftServerConfigKeys (ConfUtils.java:logGet(43)) - raft.server.log.queue.element-limit = 1024 (custom)
2019-06-12 21:45:38,247 INFO  server.RaftServerConfigKeys (ConfUtils.java:logGet(43)) - raft.server.log.segment.size.max = 16384 (custom)
2019-06-12 21:45:38,247 INFO  server.RaftServerConfigKeys (ConfUtils.java:logGet(43)) - raft.server.log.preallocated.size = 16384 (custom)
2019-06-12 21:45:38,247 INFO  server.RaftServerConfigKeys (ConfUtils.java:logGet(43)) - raft.server.log.write.buffer.size = 33554432 (custom)
2019-06-12 21:45:38,247 INFO  server.RaftServerConfigKeys (ConfUtils.java:logGet(43)) - raft.server.log.force.sync.num = 128 (default)
2019-06-12 21:45:38,248 INFO  server.RaftServerConfigKeys (ConfUtils.java:logGet(43)) - raft.server.log.statemachine.data.sync = true (default)
2019-06-12 21:45:38,248 INFO  server.RaftServerConfigKeys (ConfUtils.java:logGet(43)) - raft.server.log.statemachine.data.sync.timeout = 10s (default)
2019-06-12 21:45:38,248 INFO  server.RaftServerConfigKeys (ConfUtils.java:logGet(43)) - raft.server.log.statemachine.data.sync.timeout.retry = -1 (default)
2019-06-12 21:45:38,248 INFO  server.RaftServerConfigKeys (ConfUtils.java:logGet(43)) - raft.server.log.statemachine.data.caching.enabled = true (custom)
2019-06-12 21:45:38,247 INFO  impl.RoleInfo (RoleInfo.java:updateAndGet(143)) - 6263d909-367a-4191-8bef-db53a4003eb2: start FollowerState
2019-06-12 21:45:38,248 INFO  server.RaftServerConfigKeys (ConfUtils.java:logGet(43)) - raft.server.snapshot.auto.trigger.enabled = true (custom)
2019-06-12 21:45:38,248 INFO  server.RaftServerConfigKeys (ConfUtils.java:logGet(43)) - raft.server.snapshot.auto.trigger.threshold = 10000 (custom)
2019-06-12 21:45:38,248 INFO  server.RaftServerConfigKeys (ConfUtils.java:logGet(43)) - raft.server.retrycache.expirytime = 600000ms (custom)
2019-06-12 21:45:38,249 INFO  impl.RaftServerImpl (RaftServerImpl.java:start(173)) - 1aed9647-7c54-4843-8b97-400b3fef82c6: start group-44B10C0F7465
2019-06-12 21:45:38,249 INFO  impl.RaftServerImpl (RaftServerImpl.java:setRole(164)) - 1aed9647-7c54-4843-8b97-400b3fef82c6:group-44B10C0F7465 changes role from null to FOLLOWER at term 0 for startAsFollower
2019-06-12 21:45:38,249 INFO  impl.RoleInfo (RoleInfo.java:updateAndGet(143)) - 1aed9647-7c54-4843-8b97-400b3fef82c6: start FollowerState
2019-06-12 21:45:38,247 INFO  storage.RaftStorage (RaftStorage.java:format(75)) - Storage directory /opt/src/hadoop-ozone/integration-test/target/test-dir/MiniOzoneClusterImpl-c8eac4b1-2475-463e-9465-5ed8d57562b9/datanode-4/data/ratis/8f3231c1-870b-4794-92aa-44b10c0f7465 has been successfully formatted.
2019-06-12 21:45:38,248 INFO  util.JmxRegister (JmxRegister.java:tryRegister(44)) - Successfully registered JMX Bean with object name Ratis:service=RaftServer,group=group-44B10C0F7465,id=6263d909-367a-4191-8bef-db53a4003eb2
2019-06-12 21:45:38,249 INFO  ratis.ContainerStateMachine (ContainerStateMachine.java:loadSnapshot(199)) - The snapshot info is null.Setting the last applied index to:(t:0, i:~)
2019-06-12 21:45:38,249 INFO  util.JmxRegister (JmxRegister.java:tryRegister(44)) - Successfully registered JMX Bean with object name Ratis:service=RaftServer,group=group-44B10C0F7465,id=1aed9647-7c54-4843-8b97-400b3fef82c6
2019-06-12 21:45:38,249 INFO  server.RaftServerConfigKeys (ConfUtils.java:logGet(43)) - raft.server.leader.election.timeout = 10s (custom)
2019-06-12 21:45:38,250 INFO  server.RaftServerConfigKeys (ConfUtils.java:logGet(43)) - raft.server.log.use.memory = false (default)
2019-06-12 21:45:38,250 INFO  server.RaftServerConfigKeys (ConfUtils.java:logGet(43)) - raft.server.log.appender.buffer.byte-limit = 33554432 (custom)
2019-06-12 21:45:38,250 INFO  server.RaftServerConfigKeys (ConfUtils.java:logGet(43)) - raft.server.log.segment.size.max = 16384 (custom)
2019-06-12 21:45:38,250 INFO  server.RaftServerConfigKeys (ConfUtils.java:logGet(43)) - raft.server.log.segment.cache.num.max = 2 (custom)
2019-06-12 21:45:38,250 INFO  storage.RaftLogWorker (RaftLogWorker.java:<init>(123)) - new a75f6124-23a4-43e8-993e-f184abea0d9b-RaftLogWorker for Storage Directory /opt/src/hadoop-ozone/integration-test/target/test-dir/MiniOzoneClusterImpl-c8eac4b1-2475-463e-9465-5ed8d57562b9/datanode-4/data/ratis/8f3231c1-870b-4794-92aa-44b10c0f7465
2019-06-12 21:45:38,250 INFO  server.RaftServerConfigKeys (ConfUtils.java:logGet(43)) - raft.server.log.queue.byte-limit = 2147483647 (custom)
2019-06-12 21:45:38,251 INFO  server.RaftServerConfigKeys (ConfUtils.java:logGet(43)) - raft.server.log.queue.element-limit = 1024 (custom)
2019-06-12 21:45:38,251 INFO  server.RaftServerConfigKeys (ConfUtils.java:logGet(43)) - raft.server.log.segment.size.max = 16384 (custom)
2019-06-12 21:45:38,251 INFO  server.RaftServerConfigKeys (ConfUtils.java:logGet(43)) - raft.server.log.preallocated.size = 16384 (custom)
2019-06-12 21:45:38,251 INFO  server.RaftServerConfigKeys (ConfUtils.java:logGet(43)) - raft.server.log.write.buffer.size = 33554432 (custom)
2019-06-12 21:45:38,251 INFO  server.RaftServerConfigKeys (ConfUtils.java:logGet(43)) - raft.server.log.force.sync.num = 128 (default)
2019-06-12 21:45:38,251 INFO  server.RaftServerConfigKeys (ConfUtils.java:logGet(43)) - raft.server.log.statemachine.data.sync = true (default)
2019-06-12 21:45:38,251 INFO  server.RaftServerConfigKeys (ConfUtils.java:logGet(43)) - raft.server.log.statemachine.data.sync.timeout = 10s (default)
2019-06-12 21:45:38,251 INFO  server.RaftServerConfigKeys (ConfUtils.java:logGet(43)) - raft.server.log.statemachine.data.sync.timeout.retry = -1 (default)
2019-06-12 21:45:38,255 INFO  server.RaftServerConfigKeys (ConfUtils.java:logGet(43)) - raft.server.log.statemachine.data.caching.enabled = true (custom)
2019-06-12 21:45:38,259 INFO  server.RaftServerConfigKeys (ConfUtils.java:logGet(43)) - raft.server.snapshot.auto.trigger.enabled = true (custom)
2019-06-12 21:45:38,259 INFO  server.RaftServerConfigKeys (ConfUtils.java:logGet(43)) - raft.server.snapshot.auto.trigger.threshold = 10000 (custom)
2019-06-12 21:45:38,259 INFO  server.RaftServerConfigKeys (ConfUtils.java:logGet(43)) - raft.server.retrycache.expirytime = 600000ms (custom)
2019-06-12 21:45:38,262 INFO  impl.RaftServerImpl (RaftServerImpl.java:start(173)) - a75f6124-23a4-43e8-993e-f184abea0d9b: start group-44B10C0F7465
2019-06-12 21:45:38,262 INFO  impl.RaftServerImpl (RaftServerImpl.java:setRole(164)) - a75f6124-23a4-43e8-993e-f184abea0d9b:group-44B10C0F7465 changes role from null to FOLLOWER at term 0 for startAsFollower
2019-06-12 21:45:38,262 INFO  impl.RoleInfo (RoleInfo.java:updateAndGet(143)) - a75f6124-23a4-43e8-993e-f184abea0d9b: start FollowerState
2019-06-12 21:45:38,262 INFO  util.JmxRegister (JmxRegister.java:tryRegister(44)) - Successfully registered JMX Bean with object name Ratis:service=RaftServer,group=group-44B10C0F7465,id=a75f6124-23a4-43e8-993e-f184abea0d9b
2019-06-12 21:45:38,268 INFO  pipeline.PipelineStateManager (PipelineStateManager.java:addPipeline(56)) - Created pipeline Pipeline[ Id: 8f3231c1-870b-4794-92aa-44b10c0f7465, Nodes: 1aed9647-7c54-4843-8b97-400b3fef82c6{ip: 192.168.19.22, host: ozone-v57r8-234650721, networkLocation: /default-rack, certSerialId: null}a75f6124-23a4-43e8-993e-f184abea0d9b{ip: 192.168.19.22, host: ozone-v57r8-234650721, networkLocation: /default-rack, certSerialId: null}6263d909-367a-4191-8bef-db53a4003eb2{ip: 192.168.19.22, host: ozone-v57r8-234650721, networkLocation: /default-rack, certSerialId: null}, Type:RATIS, Factor:THREE, State:OPEN]
2019-06-12 21:45:38,645 INFO  impl.FollowerState (FollowerState.java:run(101)) - a09077e9-db02-48c4-8626-e6c53b0a699f:group-B9C47DC02B8A changes to CANDIDATE, lastRpcTime:1022, electionTimeout:1021ms
2019-06-12 21:45:38,645 INFO  impl.RoleInfo (RoleInfo.java:shutdownFollowerState(121)) - a09077e9-db02-48c4-8626-e6c53b0a699f: shutdown FollowerState
2019-06-12 21:45:38,646 INFO  impl.RaftServerImpl (RaftServerImpl.java:setRole(164)) - a09077e9-db02-48c4-8626-e6c53b0a699f:group-B9C47DC02B8A changes role from FOLLOWER to CANDIDATE at term 0 for changeToCandidate
2019-06-12 21:45:38,647 INFO  impl.RoleInfo (RoleInfo.java:updateAndGet(143)) - a09077e9-db02-48c4-8626-e6c53b0a699f: start LeaderElection
2019-06-12 21:45:38,654 INFO  impl.LeaderElection (LeaderElection.java:askForVotes(181)) - a09077e9-db02-48c4-8626-e6c53b0a699f:group-B9C47DC02B8A:LeaderElection1: begin an election at term 1 for -1: [a09077e9-db02-48c4-8626-e6c53b0a699f:192.168.19.22:42937], old=null
2019-06-12 21:45:38,655 INFO  impl.RoleInfo (RoleInfo.java:shutdownLeaderElection(134)) - a09077e9-db02-48c4-8626-e6c53b0a699f: shutdown LeaderElection
2019-06-12 21:45:38,656 INFO  impl.RaftServerImpl (RaftServerImpl.java:setRole(164)) - a09077e9-db02-48c4-8626-e6c53b0a699f:group-B9C47DC02B8A changes role from CANDIDATE to LEADER at term 1 for changeToLeader
2019-06-12 21:45:38,656 INFO  impl.RaftServerImpl (ServerState.java:setLeader(263)) - a09077e9-db02-48c4-8626-e6c53b0a699f:group-B9C47DC02B8A change Leader from null to a09077e9-db02-48c4-8626-e6c53b0a699f at term 1 for becomeLeader, leader elected after 1197ms
2019-06-12 21:45:38,660 INFO  server.RaftServerConfigKeys (ConfUtils.java:logGet(43)) - raft.server.staging.catchup.gap = 1000 (default)
2019-06-12 21:45:38,660 INFO  server.RaftServerConfigKeys (ConfUtils.java:logGet(43)) - raft.server.rpc.sleep.time = 25ms (default)
2019-06-12 21:45:38,663 INFO  server.RaftServerConfigKeys (ConfUtils.java:logGet(43)) - raft.server.watch.timeout = 10s (default)
2019-06-12 21:45:38,663 INFO  server.RaftServerConfigKeys (ConfUtils.java:logGet(43)) - raft.server.watch.timeout.denomination = 1s (default)
2019-06-12 21:45:38,668 INFO  impl.RoleInfo (RoleInfo.java:updateAndGet(143)) - a09077e9-db02-48c4-8626-e6c53b0a699f: start LeaderState
2019-06-12 21:45:38,683 INFO  storage.RaftLogWorker (RaftLogWorker.java:startLogSegment(298)) - a09077e9-db02-48c4-8626-e6c53b0a699f-RaftLogWorker: Starting segment from index:0
2019-06-12 21:45:38,688 INFO  impl.RaftServerImpl (ServerState.java:setRaftConf(361)) - a09077e9-db02-48c4-8626-e6c53b0a699f:group-B9C47DC02B8A set configuration 0: [a09077e9-db02-48c4-8626-e6c53b0a699f:192.168.19.22:42937], old=null at 0
2019-06-12 21:45:38,812 INFO  storage.RaftLogWorker (RaftLogWorker.java:execute(469)) - a09077e9-db02-48c4-8626-e6c53b0a699f-RaftLogWorker: created new log segment /opt/src/hadoop-ozone/integration-test/target/test-dir/MiniOzoneClusterImpl-c8eac4b1-2475-463e-9465-5ed8d57562b9/datanode-0/data/ratis/7bd0008f-a917-49ac-aa42-b9c47dc02b8a/current/log_inprogress_0
2019-06-12 21:45:38,873 INFO  impl.FollowerState (FollowerState.java:run(101)) - 6263d909-367a-4191-8bef-db53a4003eb2:group-85A0602EFBAE changes to CANDIDATE, lastRpcTime:1106, electionTimeout:1106ms
2019-06-12 21:45:38,875 INFO  impl.RoleInfo (RoleInfo.java:shutdownFollowerState(121)) - 6263d909-367a-4191-8bef-db53a4003eb2: shutdown FollowerState
2019-06-12 21:45:38,875 INFO  impl.RaftServerImpl (RaftServerImpl.java:setRole(164)) - 6263d909-367a-4191-8bef-db53a4003eb2:group-85A0602EFBAE changes role from FOLLOWER to CANDIDATE at term 0 for changeToCandidate
2019-06-12 21:45:38,875 INFO  impl.RoleInfo (RoleInfo.java:updateAndGet(143)) - 6263d909-367a-4191-8bef-db53a4003eb2: start LeaderElection
2019-06-12 21:45:38,880 INFO  impl.LeaderElection (LeaderElection.java:askForVotes(181)) - 6263d909-367a-4191-8bef-db53a4003eb2:group-85A0602EFBAE:LeaderElection2: begin an election at term 1 for -1: [6263d909-367a-4191-8bef-db53a4003eb2:192.168.19.22:41903], old=null
2019-06-12 21:45:38,881 INFO  impl.RoleInfo (RoleInfo.java:shutdownLeaderElection(134)) - 6263d909-367a-4191-8bef-db53a4003eb2: shutdown LeaderElection
2019-06-12 21:45:38,881 INFO  impl.RaftServerImpl (RaftServerImpl.java:setRole(164)) - 6263d909-367a-4191-8bef-db53a4003eb2:group-85A0602EFBAE changes role from CANDIDATE to LEADER at term 1 for changeToLeader
2019-06-12 21:45:38,881 INFO  impl.RaftServerImpl (ServerState.java:setLeader(263)) - 6263d909-367a-4191-8bef-db53a4003eb2:group-85A0602EFBAE change Leader from null to 6263d909-367a-4191-8bef-db53a4003eb2 at term 1 for becomeLeader, leader elected after 1116ms
2019-06-12 21:45:38,882 INFO  server.RaftServerConfigKeys (ConfUtils.java:logGet(43)) - raft.server.staging.catchup.gap = 1000 (default)
2019-06-12 21:45:38,882 INFO  server.RaftServerConfigKeys (ConfUtils.java:logGet(43)) - raft.server.rpc.sleep.time = 25ms (default)
2019-06-12 21:45:38,882 INFO  server.RaftServerConfigKeys (ConfUtils.java:logGet(43)) - raft.server.watch.timeout = 10s (default)
2019-06-12 21:45:38,882 INFO  server.RaftServerConfigKeys (ConfUtils.java:logGet(43)) - raft.server.watch.timeout.denomination = 1s (default)
2019-06-12 21:45:38,882 INFO  impl.RoleInfo (RoleInfo.java:updateAndGet(143)) - 6263d909-367a-4191-8bef-db53a4003eb2: start LeaderState
2019-06-12 21:45:38,883 INFO  storage.RaftLogWorker (RaftLogWorker.java:startLogSegment(298)) - 6263d909-367a-4191-8bef-db53a4003eb2-RaftLogWorker: Starting segment from index:0
2019-06-12 21:45:38,883 INFO  impl.RaftServerImpl (ServerState.java:setRaftConf(361)) - 6263d909-367a-4191-8bef-db53a4003eb2:group-85A0602EFBAE set configuration 0: [6263d909-367a-4191-8bef-db53a4003eb2:192.168.19.22:41903], old=null at 0
2019-06-12 21:45:38,900 INFO  impl.FollowerState (FollowerState.java:run(101)) - 684467be-5acf-4c6f-a751-72c25a4612b3:group-97C6F62AB869 changes to CANDIDATE, lastRpcTime:1199, electionTimeout:1187ms
2019-06-12 21:45:38,901 INFO  impl.RoleInfo (RoleInfo.java:shutdownFollowerState(121)) - 684467be-5acf-4c6f-a751-72c25a4612b3: shutdown FollowerState
2019-06-12 21:45:38,901 INFO  impl.RaftServerImpl (RaftServerImpl.java:setRole(164)) - 684467be-5acf-4c6f-a751-72c25a4612b3:group-97C6F62AB869 changes role from FOLLOWER to CANDIDATE at term 0 for changeToCandidate
2019-06-12 21:45:38,901 INFO  impl.RoleInfo (RoleInfo.java:updateAndGet(143)) - 684467be-5acf-4c6f-a751-72c25a4612b3: start LeaderElection
2019-06-12 21:45:38,922 INFO  storage.RaftLogWorker (RaftLogWorker.java:execute(469)) - 6263d909-367a-4191-8bef-db53a4003eb2-RaftLogWorker: created new log segment /opt/src/hadoop-ozone/integration-test/target/test-dir/MiniOzoneClusterImpl-c8eac4b1-2475-463e-9465-5ed8d57562b9/datanode-2/data/ratis/01c2fbcc-b782-4cc4-8434-85a0602efbae/current/log_inprogress_0
2019-06-12 21:45:38,923 INFO  impl.LeaderElection (LeaderElection.java:askForVotes(181)) - 684467be-5acf-4c6f-a751-72c25a4612b3:group-97C6F62AB869:LeaderElection3: begin an election at term 1 for -1: [684467be-5acf-4c6f-a751-72c25a4612b3:192.168.19.22:40021], old=null
2019-06-12 21:45:38,924 INFO  impl.RoleInfo (RoleInfo.java:shutdownLeaderElection(134)) - 684467be-5acf-4c6f-a751-72c25a4612b3: shutdown LeaderElection
2019-06-12 21:45:38,924 INFO  impl.RaftServerImpl (RaftServerImpl.java:setRole(164)) - 684467be-5acf-4c6f-a751-72c25a4612b3:group-97C6F62AB869 changes role from CANDIDATE to LEADER at term 1 for changeToLeader
2019-06-12 21:45:38,924 INFO  impl.RaftServerImpl (ServerState.java:setLeader(263)) - 684467be-5acf-4c6f-a751-72c25a4612b3:group-97C6F62AB869 change Leader from null to 684467be-5acf-4c6f-a751-72c25a4612b3 at term 1 for becomeLeader, leader elected after 1226ms
2019-06-12 21:45:38,929 INFO  server.RaftServerConfigKeys (ConfUtils.java:logGet(43)) - raft.server.staging.catchup.gap = 1000 (default)
2019-06-12 21:45:38,929 INFO  server.RaftServerConfigKeys (ConfUtils.java:logGet(43)) - raft.server.rpc.sleep.time = 25ms (default)
2019-06-12 21:45:38,930 INFO  server.RaftServerConfigKeys (ConfUtils.java:logGet(43)) - raft.server.watch.timeout = 10s (default)
2019-06-12 21:45:38,930 INFO  server.RaftServerConfigKeys (ConfUtils.java:logGet(43)) - raft.server.watch.timeout.denomination = 1s (default)
2019-06-12 21:45:38,930 INFO  impl.RoleInfo (RoleInfo.java:updateAndGet(143)) - 684467be-5acf-4c6f-a751-72c25a4612b3: start LeaderState
2019-06-12 21:45:38,930 INFO  storage.RaftLogWorker (RaftLogWorker.java:startLogSegment(298)) - 684467be-5acf-4c6f-a751-72c25a4612b3-RaftLogWorker: Starting segment from index:0
2019-06-12 21:45:38,930 INFO  impl.RaftServerImpl (ServerState.java:setRaftConf(361)) - 684467be-5acf-4c6f-a751-72c25a4612b3:group-97C6F62AB869 set configuration 0: [684467be-5acf-4c6f-a751-72c25a4612b3:192.168.19.22:40021], old=null at 0
2019-06-12 21:45:38,955 INFO  impl.FollowerState (FollowerState.java:run(101)) - 7fd1f85d-54c9-4461-a053-2043166410e4:group-415AFF3873C4 changes to CANDIDATE, lastRpcTime:1091, electionTimeout:1089ms
2019-06-12 21:45:38,955 INFO  impl.FollowerState (FollowerState.java:run(101)) - a09077e9-db02-48c4-8626-e6c53b0a699f:group-415AFF3873C4 changes to CANDIDATE, lastRpcTime:1096, electionTimeout:1096ms
2019-06-12 21:45:38,955 INFO  impl.RoleInfo (RoleInfo.java:shutdownFollowerState(121)) - 7fd1f85d-54c9-4461-a053-2043166410e4: shutdown FollowerState
2019-06-12 21:45:38,955 INFO  impl.RoleInfo (RoleInfo.java:shutdownFollowerState(121)) - a09077e9-db02-48c4-8626-e6c53b0a699f: shutdown FollowerState
2019-06-12 21:45:38,955 INFO  impl.RaftServerImpl (RaftServerImpl.java:setRole(164)) - 7fd1f85d-54c9-4461-a053-2043166410e4:group-415AFF3873C4 changes role from FOLLOWER to CANDIDATE at term 0 for changeToCandidate
2019-06-12 21:45:38,955 INFO  impl.RaftServerImpl (RaftServerImpl.java:setRole(164)) - a09077e9-db02-48c4-8626-e6c53b0a699f:group-415AFF3873C4 changes role from FOLLOWER to CANDIDATE at term 0 for changeToCandidate
2019-06-12 21:45:38,955 INFO  impl.RoleInfo (RoleInfo.java:updateAndGet(143)) - 7fd1f85d-54c9-4461-a053-2043166410e4: start LeaderElection
2019-06-12 21:45:38,955 INFO  impl.RoleInfo (RoleInfo.java:updateAndGet(143)) - a09077e9-db02-48c4-8626-e6c53b0a699f: start LeaderElection
2019-06-12 21:45:38,974 INFO  impl.FollowerState (FollowerState.java:run(101)) - 7fd1f85d-54c9-4461-a053-2043166410e4:group-CCD03D4D750B changes to CANDIDATE, lastRpcTime:1167, electionTimeout:1159ms
2019-06-12 21:45:38,975 INFO  impl.RoleInfo (RoleInfo.java:shutdownFollowerState(121)) - 7fd1f85d-54c9-4461-a053-2043166410e4: shutdown FollowerState
2019-06-12 21:45:38,975 INFO  impl.RaftServerImpl (RaftServerImpl.java:setRole(164)) - 7fd1f85d-54c9-4461-a053-2043166410e4:group-CCD03D4D750B changes role from FOLLOWER to CANDIDATE at term 0 for changeToCandidate
2019-06-12 21:45:38,975 INFO  impl.RoleInfo (RoleInfo.java:updateAndGet(143)) - 7fd1f85d-54c9-4461-a053-2043166410e4: start LeaderElection
2019-06-12 21:45:38,979 INFO  storage.RaftLogWorker (RaftLogWorker.java:execute(469)) - 684467be-5acf-4c6f-a751-72c25a4612b3-RaftLogWorker: created new log segment /opt/src/hadoop-ozone/integration-test/target/test-dir/MiniOzoneClusterImpl-c8eac4b1-2475-463e-9465-5ed8d57562b9/datanode-1/data/ratis/9d0aa9d3-293d-404d-9987-97c6f62ab869/current/log_inprogress_0
2019-06-12 21:45:38,981 INFO  impl.LeaderElection (LeaderElection.java:askForVotes(181)) - 7fd1f85d-54c9-4461-a053-2043166410e4:group-CCD03D4D750B:LeaderElection6: begin an election at term 1 for -1: [7fd1f85d-54c9-4461-a053-2043166410e4:192.168.19.22:43579], old=null
2019-06-12 21:45:38,981 INFO  impl.LeaderElection (LeaderElection.java:askForVotes(181)) - a09077e9-db02-48c4-8626-e6c53b0a699f:group-415AFF3873C4:LeaderElection5: begin an election at term 1 for -1: [a09077e9-db02-48c4-8626-e6c53b0a699f:192.168.19.22:42937, 684467be-5acf-4c6f-a751-72c25a4612b3:192.168.19.22:40021, 7fd1f85d-54c9-4461-a053-2043166410e4:192.168.19.22:43579], old=null
2019-06-12 21:45:38,981 INFO  impl.LeaderElection (LeaderElection.java:askForVotes(181)) - 7fd1f85d-54c9-4461-a053-2043166410e4:group-415AFF3873C4:LeaderElection4: begin an election at term 1 for -1: [a09077e9-db02-48c4-8626-e6c53b0a699f:192.168.19.22:42937, 684467be-5acf-4c6f-a751-72c25a4612b3:192.168.19.22:40021, 7fd1f85d-54c9-4461-a053-2043166410e4:192.168.19.22:43579], old=null
2019-06-12 21:45:38,981 INFO  impl.RoleInfo (RoleInfo.java:shutdownLeaderElection(134)) - 7fd1f85d-54c9-4461-a053-2043166410e4: shutdown LeaderElection
2019-06-12 21:45:38,981 INFO  impl.RaftServerImpl (RaftServerImpl.java:setRole(164)) - 7fd1f85d-54c9-4461-a053-2043166410e4:group-CCD03D4D750B changes role from CANDIDATE to LEADER at term 1 for changeToLeader
2019-06-12 21:45:38,981 INFO  impl.RaftServerImpl (ServerState.java:setLeader(263)) - 7fd1f85d-54c9-4461-a053-2043166410e4:group-CCD03D4D750B change Leader from null to 7fd1f85d-54c9-4461-a053-2043166410e4 at term 1 for becomeLeader, leader elected after 1178ms
2019-06-12 21:45:38,982 INFO  server.RaftServerConfigKeys (ConfUtils.java:logGet(43)) - raft.server.staging.catchup.gap = 1000 (default)
2019-06-12 21:45:38,982 INFO  server.RaftServerConfigKeys (ConfUtils.java:logGet(43)) - raft.server.rpc.sleep.time = 25ms (default)
2019-06-12 21:45:38,983 INFO  server.RaftServerConfigKeys (ConfUtils.java:logGet(43)) - raft.server.watch.timeout = 10s (default)
2019-06-12 21:45:38,983 INFO  server.RaftServerConfigKeys (ConfUtils.java:logGet(43)) - raft.server.watch.timeout.denomination = 1s (default)
2019-06-12 21:45:38,983 INFO  impl.RoleInfo (RoleInfo.java:updateAndGet(143)) - 7fd1f85d-54c9-4461-a053-2043166410e4: start LeaderState
2019-06-12 21:45:38,983 INFO  storage.RaftLogWorker (RaftLogWorker.java:startLogSegment(298)) - 7fd1f85d-54c9-4461-a053-2043166410e4-RaftLogWorker: Starting segment from index:0
2019-06-12 21:45:39,003 INFO  impl.RaftServerImpl (ServerState.java:setRaftConf(361)) - 7fd1f85d-54c9-4461-a053-2043166410e4:group-CCD03D4D750B set configuration 0: [7fd1f85d-54c9-4461-a053-2043166410e4:192.168.19.22:43579], old=null at 0
2019-06-12 21:45:39,026 INFO  storage.RaftLogWorker (RaftLogWorker.java:execute(469)) - 7fd1f85d-54c9-4461-a053-2043166410e4-RaftLogWorker: created new log segment /opt/src/hadoop-ozone/integration-test/target/test-dir/MiniOzoneClusterImpl-c8eac4b1-2475-463e-9465-5ed8d57562b9/datanode-3/data/ratis/d43f0c5c-ff64-47d4-bbe2-ccd03d4d750b/current/log_inprogress_0
2019-06-12 21:45:39,030 INFO  impl.FollowerState (FollowerState.java:run(101)) - 684467be-5acf-4c6f-a751-72c25a4612b3:group-415AFF3873C4 changes to CANDIDATE, lastRpcTime:1161, electionTimeout:1156ms
2019-06-12 21:45:39,030 INFO  impl.RoleInfo (RoleInfo.java:shutdownFollowerState(121)) - 684467be-5acf-4c6f-a751-72c25a4612b3: shutdown FollowerState
2019-06-12 21:45:39,030 INFO  impl.RaftServerImpl (RaftServerImpl.java:setRole(164)) - 684467be-5acf-4c6f-a751-72c25a4612b3:group-415AFF3873C4 changes role from FOLLOWER to CANDIDATE at term 0 for changeToCandidate
2019-06-12 21:45:39,030 INFO  impl.RoleInfo (RoleInfo.java:updateAndGet(143)) - 684467be-5acf-4c6f-a751-72c25a4612b3: start LeaderElection
2019-06-12 21:45:39,058 INFO  impl.RaftServerImpl (RaftServerImpl.java:setRole(164)) - 684467be-5acf-4c6f-a751-72c25a4612b3:group-415AFF3873C4 changes role from CANDIDATE to FOLLOWER at term 1 for recognizeCandidate:a09077e9-db02-48c4-8626-e6c53b0a699f
2019-06-12 21:45:39,058 INFO  impl.RoleInfo (RoleInfo.java:shutdownLeaderElection(134)) - 684467be-5acf-4c6f-a751-72c25a4612b3: shutdown LeaderElection
2019-06-12 21:45:39,058 INFO  impl.RoleInfo (RoleInfo.java:updateAndGet(143)) - 684467be-5acf-4c6f-a751-72c25a4612b3: start FollowerState
2019-06-12 21:45:39,062 INFO  impl.RaftServerImpl (RaftServerImpl.java:setRole(164)) - 684467be-5acf-4c6f-a751-72c25a4612b3:group-415AFF3873C4 changes role from FOLLOWER to FOLLOWER at term 1 for recognizeCandidate:7fd1f85d-54c9-4461-a053-2043166410e4
2019-06-12 21:45:39,062 INFO  impl.RoleInfo (RoleInfo.java:shutdownFollowerState(121)) - 684467be-5acf-4c6f-a751-72c25a4612b3: shutdown FollowerState
2019-06-12 21:45:39,063 INFO  impl.RoleInfo (RoleInfo.java:updateAndGet(143)) - 684467be-5acf-4c6f-a751-72c25a4612b3: start FollowerState
2019-06-12 21:45:39,063 INFO  impl.FollowerState (FollowerState.java:run(109)) - 684467be-5acf-4c6f-a751-72c25a4612b3: FollowerState was interrupted: java.lang.InterruptedException: sleep interrupted
2019-06-12 21:45:39,075 INFO  impl.LeaderElection (LeaderElection.java:logAndReturn(56)) - a09077e9-db02-48c4-8626-e6c53b0a699f:group-415AFF3873C4:LeaderElection5: Election REJECTED; received 2 response(s) [a09077e9-db02-48c4-8626-e6c53b0a699f->684467be-5acf-4c6f-a751-72c25a4612b3,false-t1, a09077e9-db02-48c4-8626-e6c53b0a699f->7fd1f85d-54c9-4461-a053-2043166410e4,false-t1] and 0 exception(s); a09077e9-db02-48c4-8626-e6c53b0a699f:t1, leader=null, voted=a09077e9-db02-48c4-8626-e6c53b0a699f, raftlog=a09077e9-db02-48c4-8626-e6c53b0a699f-SegmentedRaftLog:OPENED:c-1,f-1,i0, conf=-1: [a09077e9-db02-48c4-8626-e6c53b0a699f:192.168.19.22:42937, 684467be-5acf-4c6f-a751-72c25a4612b3:192.168.19.22:40021, 7fd1f85d-54c9-4461-a053-2043166410e4:192.168.19.22:43579], old=null
2019-06-12 21:45:39,075 INFO  impl.RaftServerImpl (RaftServerImpl.java:setRole(164)) - a09077e9-db02-48c4-8626-e6c53b0a699f:group-415AFF3873C4 changes role from CANDIDATE to FOLLOWER at term 1 for DISCOVERED_A_NEW_TERM
2019-06-12 21:45:39,076 INFO  impl.RoleInfo (RoleInfo.java:shutdownLeaderElection(134)) - a09077e9-db02-48c4-8626-e6c53b0a699f: shutdown LeaderElection
2019-06-12 21:45:39,076 INFO  impl.RoleInfo (RoleInfo.java:updateAndGet(143)) - a09077e9-db02-48c4-8626-e6c53b0a699f: start FollowerState
2019-06-12 21:45:39,078 INFO  impl.LeaderElection (LeaderElection.java:askForVotes(181)) - 684467be-5acf-4c6f-a751-72c25a4612b3:group-415AFF3873C4:LeaderElection7: begin an election at term 2 for -1: [a09077e9-db02-48c4-8626-e6c53b0a699f:192.168.19.22:42937, 684467be-5acf-4c6f-a751-72c25a4612b3:192.168.19.22:40021, 7fd1f85d-54c9-4461-a053-2043166410e4:192.168.19.22:43579], old=null
2019-06-12 21:45:39,080 INFO  impl.LeaderElection (LeaderElection.java:logAndReturn(56)) - 7fd1f85d-54c9-4461-a053-2043166410e4:group-415AFF3873C4:LeaderElection4: Election PASSED; received 2 response(s) [7fd1f85d-54c9-4461-a053-2043166410e4->a09077e9-db02-48c4-8626-e6c53b0a699f,false-t1, 7fd1f85d-54c9-4461-a053-2043166410e4->684467be-5acf-4c6f-a751-72c25a4612b3,true-t1] and 0 exception(s); 7fd1f85d-54c9-4461-a053-2043166410e4:t1, leader=null, voted=7fd1f85d-54c9-4461-a053-2043166410e4, raftlog=7fd1f85d-54c9-4461-a053-2043166410e4-SegmentedRaftLog:OPENED:c-1,f-1,i0, conf=-1: [a09077e9-db02-48c4-8626-e6c53b0a699f:192.168.19.22:42937, 684467be-5acf-4c6f-a751-72c25a4612b3:192.168.19.22:40021, 7fd1f85d-54c9-4461-a053-2043166410e4:192.168.19.22:43579], old=null
2019-06-12 21:45:39,080 INFO  impl.RoleInfo (RoleInfo.java:shutdownLeaderElection(134)) - 7fd1f85d-54c9-4461-a053-2043166410e4: shutdown LeaderElection
2019-06-12 21:45:39,080 INFO  impl.LeaderElection (LeaderElection.java:logAndReturn(56)) - 684467be-5acf-4c6f-a751-72c25a4612b3:group-415AFF3873C4:LeaderElection7: Election REJECTED; received 0 response(s) [] and 0 exception(s); 684467be-5acf-4c6f-a751-72c25a4612b3:t2, leader=null, voted=684467be-5acf-4c6f-a751-72c25a4612b3, raftlog=684467be-5acf-4c6f-a751-72c25a4612b3-SegmentedRaftLog:OPENED:c-1,f-1,i0, conf=-1: [a09077e9-db02-48c4-8626-e6c53b0a699f:192.168.19.22:42937, 684467be-5acf-4c6f-a751-72c25a4612b3:192.168.19.22:40021, 7fd1f85d-54c9-4461-a053-2043166410e4:192.168.19.22:43579], old=null
2019-06-12 21:45:39,080 INFO  impl.RaftServerImpl (RaftServerImpl.java:setRole(164)) - 7fd1f85d-54c9-4461-a053-2043166410e4:group-415AFF3873C4 changes role from CANDIDATE to LEADER at term 1 for changeToLeader
2019-06-12 21:45:39,084 INFO  impl.RaftServerImpl (ServerState.java:setLeader(263)) - 7fd1f85d-54c9-4461-a053-2043166410e4:group-415AFF3873C4 change Leader from null to 7fd1f85d-54c9-4461-a053-2043166410e4 at term 1 for becomeLeader, leader elected after 1228ms
2019-06-12 21:45:39,084 INFO  server.RaftServerConfigKeys (ConfUtils.java:logGet(43)) - raft.server.staging.catchup.gap = 1000 (default)
2019-06-12 21:45:39,084 INFO  server.RaftServerConfigKeys (ConfUtils.java:logGet(43)) - raft.server.rpc.sleep.time = 25ms (default)
2019-06-12 21:45:39,085 INFO  server.RaftServerConfigKeys (ConfUtils.java:logGet(43)) - raft.server.watch.timeout = 10s (default)
2019-06-12 21:45:39,085 INFO  server.RaftServerConfigKeys (ConfUtils.java:logGet(43)) - raft.server.watch.timeout.denomination = 1s (default)
2019-06-12 21:45:39,087 INFO  server.RaftServerConfigKeys (ConfUtils.java:logGet(43)) - raft.server.log.appender.snapshot.chunk.size.max = 16MB (=16777216) (default)
2019-06-12 21:45:39,087 INFO  server.RaftServerConfigKeys (ConfUtils.java:logGet(43)) - raft.server.log.appender.buffer.byte-limit = 33554432 (custom)
2019-06-12 21:45:39,088 INFO  server.RaftServerConfigKeys (ConfUtils.java:logGet(43)) - raft.server.log.appender.buffer.element-limit = 1 (custom)
2019-06-12 21:45:39,089 INFO  grpc.GrpcConfigKeys$Server (ConfUtils.java:logGet(43)) - raft.grpc.server.leader.outstanding.appends.max = 128 (default)
2019-06-12 21:45:39,089 INFO  server.RaftServerConfigKeys (ConfUtils.java:logGet(43)) - raft.server.rpc.request.timeout = 3000ms (default)
2019-06-12 21:45:39,089 INFO  server.RaftServerConfigKeys (ConfUtils.java:logGet(43)) - raft.server.log.appender.install.snapshot.enabled = true (default)
2019-06-12 21:45:39,089 INFO  server.RaftServerConfigKeys (ConfUtils.java:logGet(43)) - raft.server.log.appender.snapshot.chunk.size.max = 16MB (=16777216) (default)
2019-06-12 21:45:39,090 INFO  server.RaftServerConfigKeys (ConfUtils.java:logGet(43)) - raft.server.log.appender.buffer.byte-limit = 33554432 (custom)
2019-06-12 21:45:39,090 INFO  server.RaftServerConfigKeys (ConfUtils.java:logGet(43)) - raft.server.log.appender.buffer.element-limit = 1 (custom)
2019-06-12 21:45:39,090 INFO  grpc.GrpcConfigKeys$Server (ConfUtils.java:logGet(43)) - raft.grpc.server.leader.outstanding.appends.max = 128 (default)
2019-06-12 21:45:39,090 INFO  server.RaftServerConfigKeys (ConfUtils.java:logGet(43)) - raft.server.rpc.request.timeout = 3000ms (default)
2019-06-12 21:45:39,090 INFO  server.RaftServerConfigKeys (ConfUtils.java:logGet(43)) - raft.server.log.appender.install.snapshot.enabled = true (default)
2019-06-12 21:45:39,090 INFO  impl.RoleInfo (RoleInfo.java:updateAndGet(143)) - 7fd1f85d-54c9-4461-a053-2043166410e4: start LeaderState
2019-06-12 21:45:39,090 INFO  storage.RaftLogWorker (RaftLogWorker.java:startLogSegment(298)) - 7fd1f85d-54c9-4461-a053-2043166410e4-RaftLogWorker: Starting segment from index:0
2019-06-12 21:45:39,111 INFO  impl.RaftServerImpl (RaftServerImpl.java:setRole(164)) - a09077e9-db02-48c4-8626-e6c53b0a699f:group-415AFF3873C4 changes role from FOLLOWER to FOLLOWER at term 2 for recognizeCandidate:684467be-5acf-4c6f-a751-72c25a4612b3
2019-06-12 21:45:39,129 INFO  impl.RoleInfo (RoleInfo.java:shutdownFollowerState(121)) - a09077e9-db02-48c4-8626-e6c53b0a699f: shutdown FollowerState
2019-06-12 21:45:39,129 INFO  impl.RoleInfo (RoleInfo.java:updateAndGet(143)) - a09077e9-db02-48c4-8626-e6c53b0a699f: start FollowerState
2019-06-12 21:45:39,130 INFO  impl.FollowerState (FollowerState.java:run(109)) - a09077e9-db02-48c4-8626-e6c53b0a699f: FollowerState was interrupted: java.lang.InterruptedException: sleep interrupted
2019-06-12 21:45:39,111 INFO  impl.RaftServerImpl (ServerState.java:setRaftConf(361)) - 7fd1f85d-54c9-4461-a053-2043166410e4:group-415AFF3873C4 set configuration 0: [a09077e9-db02-48c4-8626-e6c53b0a699f:192.168.19.22:42937, 684467be-5acf-4c6f-a751-72c25a4612b3:192.168.19.22:40021, 7fd1f85d-54c9-4461-a053-2043166410e4:192.168.19.22:43579], old=null at 0
2019-06-12 21:45:39,131 INFO  storage.RaftLogWorker (RaftLogWorker.java:execute(469)) - 7fd1f85d-54c9-4461-a053-2043166410e4-RaftLogWorker: created new log segment /opt/src/hadoop-ozone/integration-test/target/test-dir/MiniOzoneClusterImpl-c8eac4b1-2475-463e-9465-5ed8d57562b9/datanode-3/data/ratis/b88dee1f-e319-43be-abfe-415aff3873c4/current/log_inprogress_0
2019-06-12 21:45:39,132 INFO  impl.RaftServerImpl (ServerState.java:setLeader(263)) - 7fd1f85d-54c9-4461-a053-2043166410e4:group-415AFF3873C4 change Leader from 7fd1f85d-54c9-4461-a053-2043166410e4 to null at term 2 for updateCurrentTerm
2019-06-12 21:45:39,133 INFO  impl.RaftServerImpl (RaftServerImpl.java:setRole(164)) - 7fd1f85d-54c9-4461-a053-2043166410e4:group-415AFF3873C4 changes role from LEADER to FOLLOWER at term 2 for recognizeCandidate:684467be-5acf-4c6f-a751-72c25a4612b3
2019-06-12 21:45:39,133 INFO  impl.RoleInfo (RoleInfo.java:shutdownLeaderState(104)) - 7fd1f85d-54c9-4461-a053-2043166410e4: shutdown LeaderState
2019-06-12 21:45:39,134 INFO  impl.PendingRequests (PendingRequests.java:sendNotLeaderResponses(140)) - 7fd1f85d-54c9-4461-a053-2043166410e4-PendingRequests: sendNotLeaderResponses
2019-06-12 21:45:39,139 WARN  server.GrpcLogAppender (GrpcLogAppender.java:mayWait(142)) - GrpcLogAppender(7fd1f85d-54c9-4461-a053-2043166410e4 -> 684467be-5acf-4c6f-a751-72c25a4612b3): Wait interrupted by java.lang.InterruptedException
2019-06-12 21:45:39,140 INFO  impl.RoleInfo (RoleInfo.java:updateAndGet(143)) - 7fd1f85d-54c9-4461-a053-2043166410e4: start FollowerState
2019-06-12 21:45:39,139 WARN  server.GrpcLogAppender (GrpcLogAppender.java:mayWait(142)) - GrpcLogAppender(7fd1f85d-54c9-4461-a053-2043166410e4 -> a09077e9-db02-48c4-8626-e6c53b0a699f): Wait interrupted by java.lang.InterruptedException
2019-06-12 21:45:39,143 INFO  server.GrpcServerProtocolService (GrpcServerProtocolService.java:onCompleted(104)) - a09077e9-db02-48c4-8626-e6c53b0a699f: appendEntries completed
2019-06-12 21:45:39,143 INFO  server.GrpcServerProtocolService (GrpcServerProtocolService.java:onCompleted(104)) - 684467be-5acf-4c6f-a751-72c25a4612b3: appendEntries completed
2019-06-12 21:45:39,144 INFO  server.GrpcLogAppender (GrpcLogAppender.java:onCompleted(277)) - 7fd1f85d-54c9-4461-a053-2043166410e4: follower 7fd1f85d-54c9-4461-a053-2043166410e4->a09077e9-db02-48c4-8626-e6c53b0a699f(c-1,m0,n0, attendVote=true, lastRpcSendTime=1259, lastRpcResponseTime=1259) response Completed
2019-06-12 21:45:39,155 INFO  impl.FollowerInfo (FollowerInfo.java:lambda$new$0(50)) - 7fd1f85d-54c9-4461-a053-2043166410e4->a09077e9-db02-48c4-8626-e6c53b0a699f: nextIndex: updateUnconditionally 0 -> 0
2019-06-12 21:45:39,159 INFO  server.GrpcLogAppender (GrpcLogAppender.java:onCompleted(277)) - 7fd1f85d-54c9-4461-a053-2043166410e4: follower 7fd1f85d-54c9-4461-a053-2043166410e4->684467be-5acf-4c6f-a751-72c25a4612b3(c-1,m0,n0, attendVote=true, lastRpcSendTime=1273, lastRpcResponseTime=1273) response Completed
2019-06-12 21:45:39,160 INFO  impl.FollowerInfo (FollowerInfo.java:lambda$new$0(50)) - 7fd1f85d-54c9-4461-a053-2043166410e4->684467be-5acf-4c6f-a751-72c25a4612b3: nextIndex: updateUnconditionally 0 -> 0
2019-06-12 21:45:39,168 INFO  impl.FollowerState (FollowerState.java:run(101)) - a75f6124-23a4-43e8-993e-f184abea0d9b:group-C4AA4926853B changes to CANDIDATE, lastRpcTime:1193, electionTimeout:1193ms
2019-06-12 21:45:39,168 INFO  impl.RoleInfo (RoleInfo.java:shutdownFollowerState(121)) - a75f6124-23a4-43e8-993e-f184abea0d9b: shutdown FollowerState
2019-06-12 21:45:39,168 INFO  impl.RaftServerImpl (RaftServerImpl.java:setRole(164)) - a75f6124-23a4-43e8-993e-f184abea0d9b:group-C4AA4926853B changes role from FOLLOWER to CANDIDATE at term 0 for changeToCandidate
2019-06-12 21:45:39,168 INFO  impl.RoleInfo (RoleInfo.java:updateAndGet(143)) - a75f6124-23a4-43e8-993e-f184abea0d9b: start LeaderElection
2019-06-12 21:45:39,172 INFO  impl.LeaderElection (LeaderElection.java:askForVotes(181)) - a75f6124-23a4-43e8-993e-f184abea0d9b:group-C4AA4926853B:LeaderElection8: begin an election at term 1 for -1: [a75f6124-23a4-43e8-993e-f184abea0d9b:192.168.19.22:45901], old=null
2019-06-12 21:45:39,173 INFO  impl.RoleInfo (RoleInfo.java:shutdownLeaderElection(134)) - a75f6124-23a4-43e8-993e-f184abea0d9b: shutdown LeaderElection
2019-06-12 21:45:39,173 INFO  impl.RaftServerImpl (RaftServerImpl.java:setRole(164)) - a75f6124-23a4-43e8-993e-f184abea0d9b:group-C4AA4926853B changes role from CANDIDATE to LEADER at term 1 for changeToLeader
2019-06-12 21:45:39,173 INFO  impl.RaftServerImpl (ServerState.java:setLeader(263)) - a75f6124-23a4-43e8-993e-f184abea0d9b:group-C4AA4926853B change Leader from null to a75f6124-23a4-43e8-993e-f184abea0d9b at term 1 for becomeLeader, leader elected after 1200ms
2019-06-12 21:45:39,174 INFO  server.RaftServerConfigKeys (ConfUtils.java:logGet(43)) - raft.server.staging.catchup.gap = 1000 (default)
2019-06-12 21:45:39,174 INFO  server.RaftServerConfigKeys (ConfUtils.java:logGet(43)) - raft.server.rpc.sleep.time = 25ms (default)
2019-06-12 21:45:39,174 INFO  server.RaftServerConfigKeys (ConfUtils.java:logGet(43)) - raft.server.watch.timeout = 10s (default)
2019-06-12 21:45:39,174 INFO  server.RaftServerConfigKeys (ConfUtils.java:logGet(43)) - raft.server.watch.timeout.denomination = 1s (default)
2019-06-12 21:45:39,174 INFO  impl.RoleInfo (RoleInfo.java:updateAndGet(143)) - a75f6124-23a4-43e8-993e-f184abea0d9b: start LeaderState
2019-06-12 21:45:39,174 INFO  storage.RaftLogWorker (RaftLogWorker.java:startLogSegment(298)) - a75f6124-23a4-43e8-993e-f184abea0d9b-RaftLogWorker: Starting segment from index:0
2019-06-12 21:45:39,175 INFO  impl.RaftServerImpl (ServerState.java:setRaftConf(361)) - a75f6124-23a4-43e8-993e-f184abea0d9b:group-C4AA4926853B set configuration 0: [a75f6124-23a4-43e8-993e-f184abea0d9b:192.168.19.22:45901], old=null at 0
2019-06-12 21:45:39,195 INFO  ozone.MiniOzoneClusterImpl (MiniOzoneClusterImpl.java:lambda$waitForClusterToBeReady$0(142)) - Cluster is ready. Got 6 of 6 DN Heartbeats.
]]></system-out>
    <system-err><![CDATA[ERROR StatusLogger No Log4j 2 configuration file found. Using default configuration (logging only errors to the console), or user programmatically provided configurations. Set system property 'log4j2.debug' to show Log4j 2 internal initialization logging. See https://logging.apache.org/log4j/2.x/manual/configuration.html for instructions on how to configure Log4j 2
Jun 12, 2019 9:45:32 PM com.sun.jersey.server.impl.application.WebApplicationImpl _initiate
INFO: Initiating Jersey application, version 'Jersey: 1.19 02/11/2015 03:25 AM'
Jun 12, 2019 9:45:33 PM com.sun.jersey.server.impl.application.WebApplicationImpl _initiate
INFO: Initiating Jersey application, version 'Jersey: 1.19 02/11/2015 03:25 AM'
Jun 12, 2019 9:45:33 PM com.sun.jersey.server.impl.application.WebApplicationImpl _initiate
INFO: Initiating Jersey application, version 'Jersey: 1.19 02/11/2015 03:25 AM'
Jun 12, 2019 9:45:33 PM com.sun.jersey.server.impl.application.WebApplicationImpl _initiate
INFO: Initiating Jersey application, version 'Jersey: 1.19 02/11/2015 03:25 AM'
Jun 12, 2019 9:45:33 PM com.sun.jersey.server.impl.application.WebApplicationImpl _initiate
INFO: Initiating Jersey application, version 'Jersey: 1.19 02/11/2015 03:25 AM'
Jun 12, 2019 9:45:34 PM com.sun.jersey.server.impl.application.WebApplicationImpl _initiate
INFO: Initiating Jersey application, version 'Jersey: 1.19 02/11/2015 03:25 AM'
]]></system-err>
  </testcase>
</testsuite>