<?xml version="1.0" encoding="UTF-8"?>
<testsuite xmlns:xsi="http://www.w3.org/2001/XMLSchema-instance" xsi:noNamespaceSchemaLocation="https://maven.apache.org/surefire/maven-surefire-plugin/xsd/surefire-test-report.xsd" name="org.apache.hadoop.hdds.scm.pipeline.TestNodeFailure" time="10.04" tests="1" errors="0" skipped="1" failures="0">
  <properties>
    <property name="awt.toolkit" value="sun.awt.X11.XToolkit"/>
    <property name="file.encoding.pkg" value="sun.io"/>
    <property name="java.specification.version" value="1.8"/>
    <property name="sun.cpu.isalist" value=""/>
    <property name="sun.jnu.encoding" value="UTF-8"/>
    <property name="java.class.path" value="/opt/src/hadoop-ozone/integration-test/target/test-classes:/opt/src/hadoop-ozone/integration-test/target/classes:/root/.m2/repository/org/apache/hadoop/hadoop-ozone-common/0.5.0-SNAPSHOT/hadoop-ozone-common-0.5.0-SNAPSHOT.jar:/root/.m2/repository/org/apache/commons/commons-compress/1.4.1/commons-compress-1.4.1.jar:/root/.m2/repository/org/tukaani/xz/1.0/xz-1.0.jar:/root/.m2/repository/org/apache/hadoop/hadoop-common/3.2.0/hadoop-common-3.2.0.jar:/root/.m2/repository/org/apache/hadoop/hadoop-hdfs/3.2.0/hadoop-hdfs-3.2.0.jar:/root/.m2/repository/org/apache/hadoop/hadoop-hdfs-client/3.2.0/hadoop-hdfs-client-3.2.0.jar:/root/.m2/repository/com/fasterxml/jackson/core/jackson-annotations/2.9.5/jackson-annotations-2.9.5.jar:/root/.m2/repository/org/apache/hadoop/hadoop-hdds-common/0.5.0-SNAPSHOT/hadoop-hdds-common-0.5.0-SNAPSHOT.jar:/root/.m2/repository/javax/annotation/javax.annotation-api/1.2/javax.annotation-api-1.2.jar:/root/.m2/repository/org/apache/ratis/ratis-server/0.4.0-fe2b15d-SNAPSHOT/ratis-server-0.4.0-fe2b15d-SNAPSHOT.jar:/root/.m2/repository/org/apache/ratis/ratis-thirdparty-misc/0.2.0/ratis-thirdparty-misc-0.2.0.jar:/root/.m2/repository/org/apache/ratis/ratis-proto/0.4.0-fe2b15d-SNAPSHOT/ratis-proto-0.4.0-fe2b15d-SNAPSHOT.jar:/root/.m2/repository/org/apache/ratis/ratis-common/0.4.0-fe2b15d-SNAPSHOT/ratis-common-0.4.0-fe2b15d-SNAPSHOT.jar:/root/.m2/repository/org/apache/ratis/ratis-client/0.4.0-fe2b15d-SNAPSHOT/ratis-client-0.4.0-fe2b15d-SNAPSHOT.jar:/root/.m2/repository/org/apache/ratis/ratis-netty/0.4.0-fe2b15d-SNAPSHOT/ratis-netty-0.4.0-fe2b15d-SNAPSHOT.jar:/root/.m2/repository/org/apache/ratis/ratis-grpc/0.4.0-fe2b15d-SNAPSHOT/ratis-grpc-0.4.0-fe2b15d-SNAPSHOT.jar:/root/.m2/repository/org/rocksdb/rocksdbjni/5.14.2/rocksdbjni-5.14.2.jar:/root/.m2/repository/org/apache/logging/log4j/log4j-api/2.11.0/log4j-api-2.11.0.jar:/root/.m2/repository/org/apache/logging/log4j/log4j-core/2.11.0/log4j-core-2.11.0.jar:/root/.m2/repository/com/lmax/disruptor/3.4.2/disruptor-3.4.2.jar:/root/.m2/repository/org/apache/commons/commons-pool2/2.6.0/commons-pool2-2.6.0.jar:/root/.m2/repository/org/bouncycastle/bcpkix-jdk15on/1.60/bcpkix-jdk15on-1.60.jar:/root/.m2/repository/commons-validator/commons-validator/1.6/commons-validator-1.6.jar:/root/.m2/repository/commons-digester/commons-digester/1.8.1/commons-digester-1.8.1.jar:/root/.m2/repository/io/jaegertracing/jaeger-client/0.33.1/jaeger-client-0.33.1.jar:/root/.m2/repository/io/jaegertracing/jaeger-thrift/0.33.1/jaeger-thrift-0.33.1.jar:/root/.m2/repository/org/apache/thrift/libthrift/0.11.0/libthrift-0.11.0.jar:/root/.m2/repository/com/squareup/okhttp3/okhttp/3.9.0/okhttp-3.9.0.jar:/root/.m2/repository/com/squareup/okio/okio/1.13.0/okio-1.13.0.jar:/root/.m2/repository/io/jaegertracing/jaeger-core/0.33.1/jaeger-core-0.33.1.jar:/root/.m2/repository/io/jaegertracing/jaeger-tracerresolver/0.33.1/jaeger-tracerresolver-0.33.1.jar:/root/.m2/repository/io/opentracing/contrib/opentracing-tracerresolver/0.1.5/opentracing-tracerresolver-0.1.5.jar:/root/.m2/repository/io/opentracing/opentracing-util/0.31.0/opentracing-util-0.31.0.jar:/root/.m2/repository/io/opentracing/opentracing-api/0.31.0/opentracing-api-0.31.0.jar:/root/.m2/repository/io/opentracing/opentracing-noop/0.31.0/opentracing-noop-0.31.0.jar:/root/.m2/repository/org/apache/hadoop/hadoop-hdds-server-framework/0.5.0-SNAPSHOT/hadoop-hdds-server-framework-0.5.0-SNAPSHOT.jar:/root/.m2/repository/org/apache/hadoop/hadoop-hdds-server-scm/0.5.0-SNAPSHOT/hadoop-hdds-server-scm-0.5.0-SNAPSHOT.jar:/root/.m2/repository/org/apache/hadoop/hadoop-hdds-container-service/0.5.0-SNAPSHOT/hadoop-hdds-container-service-0.5.0-SNAPSHOT.jar:/root/.m2/repository/org/apache/hadoop/hadoop-hdds-client/0.5.0-SNAPSHOT/hadoop-hdds-client-0.5.0-SNAPSHOT.jar:/root/.m2/repository/org/apache/hadoop/hadoop-hdds-tools/0.5.0-SNAPSHOT/hadoop-hdds-tools-0.5.0-SNAPSHOT.jar:/root/.m2/repository/org/apache/hadoop/hadoop-ozone-ozone-manager/0.5.0-SNAPSHOT/hadoop-ozone-ozone-manager-0.5.0-SNAPSHOT.jar:/root/.m2/repository/org/apache/hadoop/hadoop-hdds-docs/0.5.0-SNAPSHOT/hadoop-hdds-docs-0.5.0-SNAPSHOT.jar:/root/.m2/repository/org/bouncycastle/bcprov-jdk15on/1.60/bcprov-jdk15on-1.60.jar:/root/.m2/repository/org/apache/hadoop/hadoop-minikdc/3.2.0/hadoop-minikdc-3.2.0.jar:/root/.m2/repository/commons-io/commons-io/2.5/commons-io-2.5.jar:/root/.m2/repository/org/apache/kerby/kerb-simplekdc/1.0.1/kerb-simplekdc-1.0.1.jar:/root/.m2/repository/org/apache/kerby/kerb-client/1.0.1/kerb-client-1.0.1.jar:/root/.m2/repository/org/apache/kerby/kerby-config/1.0.1/kerby-config-1.0.1.jar:/root/.m2/repository/org/apache/kerby/kerb-core/1.0.1/kerb-core-1.0.1.jar:/root/.m2/repository/org/apache/kerby/kerby-pkix/1.0.1/kerby-pkix-1.0.1.jar:/root/.m2/repository/org/apache/kerby/kerby-asn1/1.0.1/kerby-asn1-1.0.1.jar:/root/.m2/repository/org/apache/kerby/kerby-util/1.0.1/kerby-util-1.0.1.jar:/root/.m2/repository/org/apache/kerby/kerb-common/1.0.1/kerb-common-1.0.1.jar:/root/.m2/repository/org/apache/kerby/kerb-crypto/1.0.1/kerb-crypto-1.0.1.jar:/root/.m2/repository/org/apache/kerby/kerb-util/1.0.1/kerb-util-1.0.1.jar:/root/.m2/repository/org/apache/kerby/token-provider/1.0.1/token-provider-1.0.1.jar:/root/.m2/repository/org/apache/kerby/kerb-admin/1.0.1/kerb-admin-1.0.1.jar:/root/.m2/repository/org/apache/kerby/kerb-server/1.0.1/kerb-server-1.0.1.jar:/root/.m2/repository/org/apache/kerby/kerb-identity/1.0.1/kerb-identity-1.0.1.jar:/root/.m2/repository/org/apache/kerby/kerby-xdr/1.0.1/kerby-xdr-1.0.1.jar:/root/.m2/repository/org/slf4j/slf4j-log4j12/1.7.25/slf4j-log4j12-1.7.25.jar:/root/.m2/repository/org/apache/hadoop/hadoop-ozone-objectstore-service/0.5.0-SNAPSHOT/hadoop-ozone-objectstore-service-0.5.0-SNAPSHOT.jar:/root/.m2/repository/org/apache/hadoop/hadoop-ozone-s3gateway/0.5.0-SNAPSHOT/hadoop-ozone-s3gateway-0.5.0-SNAPSHOT.jar:/root/.m2/repository/org/jboss/weld/servlet/weld-servlet/2.4.7.Final/weld-servlet-2.4.7.Final.jar:/root/.m2/repository/org/glassfish/jersey/containers/jersey-container-servlet-core/2.27/jersey-container-servlet-core-2.27.jar:/root/.m2/repository/org/glassfish/hk2/external/javax.inject/2.5.0-b42/javax.inject-2.5.0-b42.jar:/root/.m2/repository/org/glassfish/jersey/core/jersey-common/2.27/jersey-common-2.27.jar:/root/.m2/repository/org/glassfish/hk2/osgi-resource-locator/1.0.1/osgi-resource-locator-1.0.1.jar:/root/.m2/repository/javax/ws/rs/javax.ws.rs-api/2.1/javax.ws.rs-api-2.1.jar:/root/.m2/repository/org/glassfish/jersey/ext/cdi/jersey-cdi1x/2.27/jersey-cdi1x-2.27.jar:/root/.m2/repository/org/glassfish/jersey/inject/jersey-hk2/2.27/jersey-hk2-2.27.jar:/root/.m2/repository/org/glassfish/hk2/hk2-locator/2.5.0-b42/hk2-locator-2.5.0-b42.jar:/root/.m2/repository/org/javassist/javassist/3.22.0-CR2/javassist-3.22.0-CR2.jar:/root/.m2/repository/org/glassfish/hk2/hk2-api/2.5.0/hk2-api-2.5.0.jar:/root/.m2/repository/org/glassfish/hk2/external/jakarta.inject/2.5.0/jakarta.inject-2.5.0.jar:/root/.m2/repository/org/glassfish/hk2/hk2-utils/2.5.0/hk2-utils-2.5.0.jar:/root/.m2/repository/jakarta/annotation/jakarta.annotation-api/1.3.4/jakarta.annotation-api-1.3.4.jar:/root/.m2/repository/org/glassfish/hk2/external/aopalliance-repackaged/2.5.0/aopalliance-repackaged-2.5.0.jar:/root/.m2/repository/com/fasterxml/jackson/dataformat/jackson-dataformat-xml/2.9.0/jackson-dataformat-xml-2.9.0.jar:/root/.m2/repository/com/fasterxml/jackson/core/jackson-core/2.9.5/jackson-core-2.9.5.jar:/root/.m2/repository/com/fasterxml/jackson/module/jackson-module-jaxb-annotations/2.9.5/jackson-module-jaxb-annotations-2.9.5.jar:/root/.m2/repository/javax/enterprise/cdi-api/1.2/cdi-api-1.2.jar:/root/.m2/repository/javax/el/javax.el-api/3.0.0/javax.el-api-3.0.0.jar:/root/.m2/repository/javax/interceptor/javax.interceptor-api/1.2/javax.interceptor-api-1.2.jar:/root/.m2/repository/javax/inject/javax.inject/1/javax.inject-1.jar:/root/.m2/repository/com/sun/xml/bind/jaxb-impl/2.3.0.1/jaxb-impl-2.3.0.1.jar:/root/.m2/repository/com/sun/xml/bind/jaxb-core/2.3.0.1/jaxb-core-2.3.0.1.jar:/root/.m2/repository/javax/xml/bind/jaxb-api/2.3.0/jaxb-api-2.3.0.jar:/root/.m2/repository/javax/activation/activation/1.1.1/activation-1.1.1.jar:/root/.m2/repository/org/apache/hadoop/hadoop-ozone-csi/0.5.0-SNAPSHOT/hadoop-ozone-csi-0.5.0-SNAPSHOT.jar:/root/.m2/repository/com/google/protobuf/protobuf-java-util/3.5.1/protobuf-java-util-3.5.1.jar:/root/.m2/repository/org/apache/hadoop/hadoop-hdds-config/0.5.0-SNAPSHOT/hadoop-hdds-config-0.5.0-SNAPSHOT.jar:/root/.m2/repository/com/google/guava/guava/11.0.2/guava-11.0.2.jar:/root/.m2/repository/com/google/protobuf/protobuf-java/2.5.0/protobuf-java-2.5.0.jar:/root/.m2/repository/io/grpc/grpc-netty/1.17.1/grpc-netty-1.17.1.jar:/root/.m2/repository/io/grpc/grpc-core/1.17.1/grpc-core-1.17.1.jar:/root/.m2/repository/io/grpc/grpc-context/1.17.1/grpc-context-1.17.1.jar:/root/.m2/repository/com/google/errorprone/error_prone_annotations/2.2.0/error_prone_annotations-2.2.0.jar:/root/.m2/repository/org/codehaus/mojo/animal-sniffer-annotations/1.17/animal-sniffer-annotations-1.17.jar:/root/.m2/repository/io/opencensus/opencensus-api/0.17.0/opencensus-api-0.17.0.jar:/root/.m2/repository/io/opencensus/opencensus-contrib-grpc-metrics/0.17.0/opencensus-contrib-grpc-metrics-0.17.0.jar:/root/.m2/repository/io/netty/netty-codec-http2/4.1.30.Final/netty-codec-http2-4.1.30.Final.jar:/root/.m2/repository/io/netty/netty-codec-http/4.1.30.Final/netty-codec-http-4.1.30.Final.jar:/root/.m2/repository/io/netty/netty-codec/4.1.30.Final/netty-codec-4.1.30.Final.jar:/root/.m2/repository/io/netty/netty-handler/4.1.30.Final/netty-handler-4.1.30.Final.jar:/root/.m2/repository/io/netty/netty-handler-proxy/4.1.30.Final/netty-handler-proxy-4.1.30.Final.jar:/root/.m2/repository/io/netty/netty-codec-socks/4.1.30.Final/netty-codec-socks-4.1.30.Final.jar:/root/.m2/repository/io/netty/netty-transport-native-epoll/4.1.30.Final/netty-transport-native-epoll-4.1.30.Final.jar:/root/.m2/repository/io/netty/netty-common/4.1.30.Final/netty-common-4.1.30.Final.jar:/root/.m2/repository/io/netty/netty-buffer/4.1.30.Final/netty-buffer-4.1.30.Final.jar:/root/.m2/repository/io/netty/netty-transport/4.1.30.Final/netty-transport-4.1.30.Final.jar:/root/.m2/repository/io/netty/netty-resolver/4.1.30.Final/netty-resolver-4.1.30.Final.jar:/root/.m2/repository/io/netty/netty-transport-native-unix-common/4.1.30.Final/netty-transport-native-unix-common-4.1.30.Final.jar:/root/.m2/repository/io/grpc/grpc-protobuf/1.17.1/grpc-protobuf-1.17.1.jar:/root/.m2/repository/com/google/api/grpc/proto-google-common-protos/1.0.0/proto-google-common-protos-1.0.0.jar:/root/.m2/repository/io/grpc/grpc-protobuf-lite/1.17.1/grpc-protobuf-lite-1.17.1.jar:/root/.m2/repository/io/grpc/grpc-stub/1.17.1/grpc-stub-1.17.1.jar:/root/.m2/repository/org/apache/hadoop/hadoop-ozone-recon/0.5.0-SNAPSHOT/hadoop-ozone-recon-0.5.0-SNAPSHOT.jar:/root/.m2/repository/org/apache/hadoop/hadoop-ozone-reconcodegen/0.5.0-SNAPSHOT/hadoop-ozone-reconcodegen-0.5.0-SNAPSHOT.jar:/root/.m2/repository/com/google/inject/extensions/guice-multibindings/4.0/guice-multibindings-4.0.jar:/root/.m2/repository/com/google/inject/guice/4.0/guice-4.0.jar:/root/.m2/repository/aopalliance/aopalliance/1.0/aopalliance-1.0.jar:/root/.m2/repository/com/google/inject/extensions/guice-servlet/4.0/guice-servlet-4.0.jar:/root/.m2/repository/org/glassfish/jersey/containers/jersey-container-servlet/2.27/jersey-container-servlet-2.27.jar:/root/.m2/repository/org/glassfish/hk2/guice-bridge/2.5.0/guice-bridge-2.5.0.jar:/root/.m2/repository/org/glassfish/jersey/core/jersey-server/2.27/jersey-server-2.27.jar:/root/.m2/repository/org/glassfish/jersey/core/jersey-client/2.27/jersey-client-2.27.jar:/root/.m2/repository/org/glassfish/jersey/media/jersey-media-jaxb/2.27/jersey-media-jaxb-2.27.jar:/root/.m2/repository/javax/validation/validation-api/1.1.0.Final/validation-api-1.1.0.Final.jar:/root/.m2/repository/org/glassfish/jersey/media/jersey-media-json-jackson/2.27/jersey-media-json-jackson-2.27.jar:/root/.m2/repository/org/glassfish/jersey/ext/jersey-entity-filtering/2.27/jersey-entity-filtering-2.27.jar:/root/.m2/repository/com/google/inject/extensions/guice-assistedinject/4.0/guice-assistedinject-4.0.jar:/root/.m2/repository/org/jooq/jooq/3.11.10/jooq-3.11.10.jar:/root/.m2/repository/org/jooq/jooq-meta/3.11.10/jooq-meta-3.11.10.jar:/root/.m2/repository/org/jooq/jooq-codegen/3.11.10/jooq-codegen-3.11.10.jar:/root/.m2/repository/com/jolbox/bonecp/0.8.0.RELEASE/bonecp-0.8.0.RELEASE.jar:/root/.m2/repository/org/xerial/sqlite-jdbc/3.25.2/sqlite-jdbc-3.25.2.jar:/root/.m2/repository/org/springframework/spring-jdbc/5.1.3.RELEASE/spring-jdbc-5.1.3.RELEASE.jar:/root/.m2/repository/org/springframework/spring-beans/5.1.3.RELEASE/spring-beans-5.1.3.RELEASE.jar:/root/.m2/repository/org/springframework/spring-core/5.1.3.RELEASE/spring-core-5.1.3.RELEASE.jar:/root/.m2/repository/org/springframework/spring-jcl/5.1.3.RELEASE/spring-jcl-5.1.3.RELEASE.jar:/root/.m2/repository/org/springframework/spring-tx/5.1.3.RELEASE/spring-tx-5.1.3.RELEASE.jar:/root/.m2/repository/org/apache/hadoop/hadoop-ozone-client/0.5.0-SNAPSHOT/hadoop-ozone-client-0.5.0-SNAPSHOT.jar:/root/.m2/repository/org/apache/hadoop/hadoop-ozone-ozone-manager/0.5.0-SNAPSHOT/hadoop-ozone-ozone-manager-0.5.0-SNAPSHOT-tests.jar:/root/.m2/repository/junit/junit/4.11/junit-4.11.jar:/root/.m2/repository/org/hamcrest/hamcrest-core/1.3/hamcrest-core-1.3.jar:/root/.m2/repository/org/openjdk/jmh/jmh-core/1.19/jmh-core-1.19.jar:/root/.m2/repository/net/sf/jopt-simple/jopt-simple/4.6/jopt-simple-4.6.jar:/root/.m2/repository/org/apache/commons/commons-math3/3.1.1/commons-math3-3.1.1.jar:/root/.m2/repository/org/openjdk/jmh/jmh-generator-annprocess/1.19/jmh-generator-annprocess-1.19.jar:/root/.m2/repository/org/mockito/mockito-all/1.8.5/mockito-all-1.8.5.jar:/root/.m2/repository/org/apache/hadoop/hadoop-kms/3.2.0/hadoop-kms-3.2.0.jar:/root/.m2/repository/org/apache/hadoop/hadoop-auth/3.2.0/hadoop-auth-3.2.0.jar:/root/.m2/repository/com/nimbusds/nimbus-jose-jwt/4.41.1/nimbus-jose-jwt-4.41.1.jar:/root/.m2/repository/com/github/stephenc/jcip/jcip-annotations/1.0-1/jcip-annotations-1.0-1.jar:/root/.m2/repository/net/minidev/json-smart/2.3/json-smart-2.3.jar:/root/.m2/repository/net/minidev/accessors-smart/1.2/accessors-smart-1.2.jar:/root/.m2/repository/org/ow2/asm/asm/5.0.4/asm-5.0.4.jar:/root/.m2/repository/org/apache/curator/curator-framework/2.12.0/curator-framework-2.12.0.jar:/root/.m2/repository/com/sun/jersey/jersey-core/1.19/jersey-core-1.19.jar:/root/.m2/repository/javax/ws/rs/jsr311-api/1.1.1/jsr311-api-1.1.1.jar:/root/.m2/repository/com/sun/jersey/jersey-server/1.19/jersey-server-1.19.jar:/root/.m2/repository/javax/servlet/javax.servlet-api/3.1.0/javax.servlet-api-3.1.0.jar:/root/.m2/repository/org/eclipse/jetty/jetty-server/9.3.24.v20180605/jetty-server-9.3.24.v20180605.jar:/root/.m2/repository/org/eclipse/jetty/jetty-http/9.3.24.v20180605/jetty-http-9.3.24.v20180605.jar:/root/.m2/repository/org/eclipse/jetty/jetty-io/9.3.24.v20180605/jetty-io-9.3.24.v20180605.jar:/root/.m2/repository/org/eclipse/jetty/jetty-webapp/9.3.24.v20180605/jetty-webapp-9.3.24.v20180605.jar:/root/.m2/repository/org/eclipse/jetty/jetty-xml/9.3.24.v20180605/jetty-xml-9.3.24.v20180605.jar:/root/.m2/repository/log4j/log4j/1.2.17/log4j-1.2.17.jar:/root/.m2/repository/org/slf4j/slf4j-api/1.7.25/slf4j-api-1.7.25.jar:/root/.m2/repository/org/slf4j/jul-to-slf4j/1.7.25/jul-to-slf4j-1.7.25.jar:/root/.m2/repository/org/eclipse/jetty/jetty-util/9.3.24.v20180605/jetty-util-9.3.24.v20180605.jar:/root/.m2/repository/io/dropwizard/metrics/metrics-core/3.2.4/metrics-core-3.2.4.jar:/root/.m2/repository/com/fasterxml/jackson/core/jackson-databind/2.9.5/jackson-databind-2.9.5.jar:/root/.m2/repository/org/apache/hadoop/hadoop-kms/3.2.0/hadoop-kms-3.2.0-tests.jar:/root/.m2/repository/org/apache/hadoop/hadoop-hdds-server-scm/0.5.0-SNAPSHOT/hadoop-hdds-server-scm-0.5.0-SNAPSHOT-tests.jar:/root/.m2/repository/org/hamcrest/hamcrest-all/1.3/hamcrest-all-1.3.jar:/root/.m2/repository/info/picocli/picocli/3.9.6/picocli-3.9.6.jar:/root/.m2/repository/org/apache/hadoop/hadoop-hdds-container-service/0.5.0-SNAPSHOT/hadoop-hdds-container-service-0.5.0-SNAPSHOT-tests.jar:/root/.m2/repository/org/yaml/snakeyaml/1.16/snakeyaml-1.16.jar:/root/.m2/repository/org/apache/hadoop/hadoop-common/3.2.0/hadoop-common-3.2.0-tests.jar:/root/.m2/repository/org/apache/hadoop/hadoop-annotations/3.2.0/hadoop-annotations-3.2.0.jar:/usr/lib/jvm/java-1.8-openjdk/jre/../lib/tools.jar:/root/.m2/repository/commons-cli/commons-cli/1.2/commons-cli-1.2.jar:/root/.m2/repository/org/apache/httpcomponents/httpclient/4.5.2/httpclient-4.5.2.jar:/root/.m2/repository/org/apache/httpcomponents/httpcore/4.4.4/httpcore-4.4.4.jar:/root/.m2/repository/commons-codec/commons-codec/1.11/commons-codec-1.11.jar:/root/.m2/repository/commons-net/commons-net/3.6/commons-net-3.6.jar:/root/.m2/repository/commons-collections/commons-collections/3.2.2/commons-collections-3.2.2.jar:/root/.m2/repository/org/eclipse/jetty/jetty-servlet/9.3.24.v20180605/jetty-servlet-9.3.24.v20180605.jar:/root/.m2/repository/org/eclipse/jetty/jetty-security/9.3.24.v20180605/jetty-security-9.3.24.v20180605.jar:/root/.m2/repository/javax/servlet/jsp/jsp-api/2.1/jsp-api-2.1.jar:/root/.m2/repository/com/sun/jersey/jersey-servlet/1.19/jersey-servlet-1.19.jar:/root/.m2/repository/com/sun/jersey/jersey-json/1.19/jersey-json-1.19.jar:/root/.m2/repository/org/codehaus/jettison/jettison/1.1/jettison-1.1.jar:/root/.m2/repository/org/codehaus/jackson/jackson-core-asl/1.9.13/jackson-core-asl-1.9.13.jar:/root/.m2/repository/org/codehaus/jackson/jackson-mapper-asl/1.9.13/jackson-mapper-asl-1.9.13.jar:/root/.m2/repository/org/codehaus/jackson/jackson-jaxrs/1.9.13/jackson-jaxrs-1.9.13.jar:/root/.m2/repository/org/codehaus/jackson/jackson-xc/1.9.13/jackson-xc-1.9.13.jar:/root/.m2/repository/commons-logging/commons-logging/1.1.3/commons-logging-1.1.3.jar:/root/.m2/repository/commons-beanutils/commons-beanutils/1.9.3/commons-beanutils-1.9.3.jar:/root/.m2/repository/org/apache/commons/commons-configuration2/2.1.1/commons-configuration2-2.1.1.jar:/root/.m2/repository/org/apache/commons/commons-lang3/3.7/commons-lang3-3.7.jar:/root/.m2/repository/org/apache/commons/commons-text/1.4/commons-text-1.4.jar:/root/.m2/repository/org/apache/avro/avro/1.7.7/avro-1.7.7.jar:/root/.m2/repository/com/thoughtworks/paranamer/paranamer/2.3/paranamer-2.3.jar:/root/.m2/repository/org/xerial/snappy/snappy-java/1.0.5/snappy-java-1.0.5.jar:/root/.m2/repository/com/google/re2j/re2j/1.1/re2j-1.1.jar:/root/.m2/repository/com/google/code/gson/gson/2.2.4/gson-2.2.4.jar:/root/.m2/repository/com/jcraft/jsch/0.1.54/jsch-0.1.54.jar:/root/.m2/repository/org/apache/curator/curator-client/2.12.0/curator-client-2.12.0.jar:/root/.m2/repository/org/apache/curator/curator-recipes/2.12.0/curator-recipes-2.12.0.jar:/root/.m2/repository/com/google/code/findbugs/jsr305/3.0.0/jsr305-3.0.0.jar:/root/.m2/repository/org/apache/htrace/htrace-core4/4.1.0-incubating/htrace-core4-4.1.0-incubating.jar:/root/.m2/repository/org/apache/zookeeper/zookeeper/3.4.13/zookeeper-3.4.13.jar:/root/.m2/repository/org/apache/yetus/audience-annotations/0.5.0/audience-annotations-0.5.0.jar:/root/.m2/repository/org/codehaus/woodstox/stax2-api/3.1.4/stax2-api-3.1.4.jar:/root/.m2/repository/com/fasterxml/woodstox/woodstox-core/5.0.3/woodstox-core-5.0.3.jar:/root/.m2/repository/dnsjava/dnsjava/2.1.7/dnsjava-2.1.7.jar:/root/.m2/repository/org/apache/hadoop/hadoop-hdfs/3.2.0/hadoop-hdfs-3.2.0-tests.jar:/root/.m2/repository/org/eclipse/jetty/jetty-util-ajax/9.3.24.v20180605/jetty-util-ajax-9.3.24.v20180605.jar:/root/.m2/repository/commons-daemon/commons-daemon/1.0.13/commons-daemon-1.0.13.jar:/root/.m2/repository/io/netty/netty/3.10.5.Final/netty-3.10.5.Final.jar:/root/.m2/repository/io/netty/netty-all/4.0.52.Final/netty-all-4.0.52.Final.jar:/root/.m2/repository/org/fusesource/leveldbjni/leveldbjni-all/1.8/leveldbjni-all-1.8.jar:"/>
    <property name="java.vm.vendor" value="IcedTea"/>
    <property name="sun.arch.data.model" value="64"/>
    <property name="test.build.dir" value="/opt/src/hadoop-ozone/integration-test/target/test-dir"/>
    <property name="test.cache.data" value=""/>
    <property name="java.vendor.url" value="https://icedtea.classpath.org"/>
    <property name="user.timezone" value=""/>
    <property name="java.vm.specification.version" value="1.8"/>
    <property name="os.name" value="Linux"/>
    <property name="test.build.data" value="/opt/src/hadoop-ozone/integration-test/target/test-dir"/>
    <property name="user.country" value="US"/>
    <property name="sun.java.launcher" value="SUN_STANDARD"/>
    <property name="sun.boot.library.path" value="/usr/lib/jvm/java-1.8-openjdk/jre/lib/amd64"/>
    <property name="sun.java.command" value="/opt/src/hadoop-ozone/integration-test/target/surefire/surefirebooter9152154340069212633.jar /opt/src/hadoop-ozone/integration-test/target/surefire 2019-06-12T20-08-53_612-jvmRun1 surefire3274360990572965319tmp surefire_8893979868461714241tmp"/>
    <property name="surefire.test.class.path" value="/opt/src/hadoop-ozone/integration-test/target/test-classes:/opt/src/hadoop-ozone/integration-test/target/classes:/root/.m2/repository/org/apache/hadoop/hadoop-ozone-common/0.5.0-SNAPSHOT/hadoop-ozone-common-0.5.0-SNAPSHOT.jar:/root/.m2/repository/org/apache/commons/commons-compress/1.4.1/commons-compress-1.4.1.jar:/root/.m2/repository/org/tukaani/xz/1.0/xz-1.0.jar:/root/.m2/repository/org/apache/hadoop/hadoop-common/3.2.0/hadoop-common-3.2.0.jar:/root/.m2/repository/org/apache/hadoop/hadoop-hdfs/3.2.0/hadoop-hdfs-3.2.0.jar:/root/.m2/repository/org/apache/hadoop/hadoop-hdfs-client/3.2.0/hadoop-hdfs-client-3.2.0.jar:/root/.m2/repository/com/fasterxml/jackson/core/jackson-annotations/2.9.5/jackson-annotations-2.9.5.jar:/root/.m2/repository/org/apache/hadoop/hadoop-hdds-common/0.5.0-SNAPSHOT/hadoop-hdds-common-0.5.0-SNAPSHOT.jar:/root/.m2/repository/javax/annotation/javax.annotation-api/1.2/javax.annotation-api-1.2.jar:/root/.m2/repository/org/apache/ratis/ratis-server/0.4.0-fe2b15d-SNAPSHOT/ratis-server-0.4.0-fe2b15d-SNAPSHOT.jar:/root/.m2/repository/org/apache/ratis/ratis-thirdparty-misc/0.2.0/ratis-thirdparty-misc-0.2.0.jar:/root/.m2/repository/org/apache/ratis/ratis-proto/0.4.0-fe2b15d-SNAPSHOT/ratis-proto-0.4.0-fe2b15d-SNAPSHOT.jar:/root/.m2/repository/org/apache/ratis/ratis-common/0.4.0-fe2b15d-SNAPSHOT/ratis-common-0.4.0-fe2b15d-SNAPSHOT.jar:/root/.m2/repository/org/apache/ratis/ratis-client/0.4.0-fe2b15d-SNAPSHOT/ratis-client-0.4.0-fe2b15d-SNAPSHOT.jar:/root/.m2/repository/org/apache/ratis/ratis-netty/0.4.0-fe2b15d-SNAPSHOT/ratis-netty-0.4.0-fe2b15d-SNAPSHOT.jar:/root/.m2/repository/org/apache/ratis/ratis-grpc/0.4.0-fe2b15d-SNAPSHOT/ratis-grpc-0.4.0-fe2b15d-SNAPSHOT.jar:/root/.m2/repository/org/rocksdb/rocksdbjni/5.14.2/rocksdbjni-5.14.2.jar:/root/.m2/repository/org/apache/logging/log4j/log4j-api/2.11.0/log4j-api-2.11.0.jar:/root/.m2/repository/org/apache/logging/log4j/log4j-core/2.11.0/log4j-core-2.11.0.jar:/root/.m2/repository/com/lmax/disruptor/3.4.2/disruptor-3.4.2.jar:/root/.m2/repository/org/apache/commons/commons-pool2/2.6.0/commons-pool2-2.6.0.jar:/root/.m2/repository/org/bouncycastle/bcpkix-jdk15on/1.60/bcpkix-jdk15on-1.60.jar:/root/.m2/repository/commons-validator/commons-validator/1.6/commons-validator-1.6.jar:/root/.m2/repository/commons-digester/commons-digester/1.8.1/commons-digester-1.8.1.jar:/root/.m2/repository/io/jaegertracing/jaeger-client/0.33.1/jaeger-client-0.33.1.jar:/root/.m2/repository/io/jaegertracing/jaeger-thrift/0.33.1/jaeger-thrift-0.33.1.jar:/root/.m2/repository/org/apache/thrift/libthrift/0.11.0/libthrift-0.11.0.jar:/root/.m2/repository/com/squareup/okhttp3/okhttp/3.9.0/okhttp-3.9.0.jar:/root/.m2/repository/com/squareup/okio/okio/1.13.0/okio-1.13.0.jar:/root/.m2/repository/io/jaegertracing/jaeger-core/0.33.1/jaeger-core-0.33.1.jar:/root/.m2/repository/io/jaegertracing/jaeger-tracerresolver/0.33.1/jaeger-tracerresolver-0.33.1.jar:/root/.m2/repository/io/opentracing/contrib/opentracing-tracerresolver/0.1.5/opentracing-tracerresolver-0.1.5.jar:/root/.m2/repository/io/opentracing/opentracing-util/0.31.0/opentracing-util-0.31.0.jar:/root/.m2/repository/io/opentracing/opentracing-api/0.31.0/opentracing-api-0.31.0.jar:/root/.m2/repository/io/opentracing/opentracing-noop/0.31.0/opentracing-noop-0.31.0.jar:/root/.m2/repository/org/apache/hadoop/hadoop-hdds-server-framework/0.5.0-SNAPSHOT/hadoop-hdds-server-framework-0.5.0-SNAPSHOT.jar:/root/.m2/repository/org/apache/hadoop/hadoop-hdds-server-scm/0.5.0-SNAPSHOT/hadoop-hdds-server-scm-0.5.0-SNAPSHOT.jar:/root/.m2/repository/org/apache/hadoop/hadoop-hdds-container-service/0.5.0-SNAPSHOT/hadoop-hdds-container-service-0.5.0-SNAPSHOT.jar:/root/.m2/repository/org/apache/hadoop/hadoop-hdds-client/0.5.0-SNAPSHOT/hadoop-hdds-client-0.5.0-SNAPSHOT.jar:/root/.m2/repository/org/apache/hadoop/hadoop-hdds-tools/0.5.0-SNAPSHOT/hadoop-hdds-tools-0.5.0-SNAPSHOT.jar:/root/.m2/repository/org/apache/hadoop/hadoop-ozone-ozone-manager/0.5.0-SNAPSHOT/hadoop-ozone-ozone-manager-0.5.0-SNAPSHOT.jar:/root/.m2/repository/org/apache/hadoop/hadoop-hdds-docs/0.5.0-SNAPSHOT/hadoop-hdds-docs-0.5.0-SNAPSHOT.jar:/root/.m2/repository/org/bouncycastle/bcprov-jdk15on/1.60/bcprov-jdk15on-1.60.jar:/root/.m2/repository/org/apache/hadoop/hadoop-minikdc/3.2.0/hadoop-minikdc-3.2.0.jar:/root/.m2/repository/commons-io/commons-io/2.5/commons-io-2.5.jar:/root/.m2/repository/org/apache/kerby/kerb-simplekdc/1.0.1/kerb-simplekdc-1.0.1.jar:/root/.m2/repository/org/apache/kerby/kerb-client/1.0.1/kerb-client-1.0.1.jar:/root/.m2/repository/org/apache/kerby/kerby-config/1.0.1/kerby-config-1.0.1.jar:/root/.m2/repository/org/apache/kerby/kerb-core/1.0.1/kerb-core-1.0.1.jar:/root/.m2/repository/org/apache/kerby/kerby-pkix/1.0.1/kerby-pkix-1.0.1.jar:/root/.m2/repository/org/apache/kerby/kerby-asn1/1.0.1/kerby-asn1-1.0.1.jar:/root/.m2/repository/org/apache/kerby/kerby-util/1.0.1/kerby-util-1.0.1.jar:/root/.m2/repository/org/apache/kerby/kerb-common/1.0.1/kerb-common-1.0.1.jar:/root/.m2/repository/org/apache/kerby/kerb-crypto/1.0.1/kerb-crypto-1.0.1.jar:/root/.m2/repository/org/apache/kerby/kerb-util/1.0.1/kerb-util-1.0.1.jar:/root/.m2/repository/org/apache/kerby/token-provider/1.0.1/token-provider-1.0.1.jar:/root/.m2/repository/org/apache/kerby/kerb-admin/1.0.1/kerb-admin-1.0.1.jar:/root/.m2/repository/org/apache/kerby/kerb-server/1.0.1/kerb-server-1.0.1.jar:/root/.m2/repository/org/apache/kerby/kerb-identity/1.0.1/kerb-identity-1.0.1.jar:/root/.m2/repository/org/apache/kerby/kerby-xdr/1.0.1/kerby-xdr-1.0.1.jar:/root/.m2/repository/org/slf4j/slf4j-log4j12/1.7.25/slf4j-log4j12-1.7.25.jar:/root/.m2/repository/org/apache/hadoop/hadoop-ozone-objectstore-service/0.5.0-SNAPSHOT/hadoop-ozone-objectstore-service-0.5.0-SNAPSHOT.jar:/root/.m2/repository/org/apache/hadoop/hadoop-ozone-s3gateway/0.5.0-SNAPSHOT/hadoop-ozone-s3gateway-0.5.0-SNAPSHOT.jar:/root/.m2/repository/org/jboss/weld/servlet/weld-servlet/2.4.7.Final/weld-servlet-2.4.7.Final.jar:/root/.m2/repository/org/glassfish/jersey/containers/jersey-container-servlet-core/2.27/jersey-container-servlet-core-2.27.jar:/root/.m2/repository/org/glassfish/hk2/external/javax.inject/2.5.0-b42/javax.inject-2.5.0-b42.jar:/root/.m2/repository/org/glassfish/jersey/core/jersey-common/2.27/jersey-common-2.27.jar:/root/.m2/repository/org/glassfish/hk2/osgi-resource-locator/1.0.1/osgi-resource-locator-1.0.1.jar:/root/.m2/repository/javax/ws/rs/javax.ws.rs-api/2.1/javax.ws.rs-api-2.1.jar:/root/.m2/repository/org/glassfish/jersey/ext/cdi/jersey-cdi1x/2.27/jersey-cdi1x-2.27.jar:/root/.m2/repository/org/glassfish/jersey/inject/jersey-hk2/2.27/jersey-hk2-2.27.jar:/root/.m2/repository/org/glassfish/hk2/hk2-locator/2.5.0-b42/hk2-locator-2.5.0-b42.jar:/root/.m2/repository/org/javassist/javassist/3.22.0-CR2/javassist-3.22.0-CR2.jar:/root/.m2/repository/org/glassfish/hk2/hk2-api/2.5.0/hk2-api-2.5.0.jar:/root/.m2/repository/org/glassfish/hk2/external/jakarta.inject/2.5.0/jakarta.inject-2.5.0.jar:/root/.m2/repository/org/glassfish/hk2/hk2-utils/2.5.0/hk2-utils-2.5.0.jar:/root/.m2/repository/jakarta/annotation/jakarta.annotation-api/1.3.4/jakarta.annotation-api-1.3.4.jar:/root/.m2/repository/org/glassfish/hk2/external/aopalliance-repackaged/2.5.0/aopalliance-repackaged-2.5.0.jar:/root/.m2/repository/com/fasterxml/jackson/dataformat/jackson-dataformat-xml/2.9.0/jackson-dataformat-xml-2.9.0.jar:/root/.m2/repository/com/fasterxml/jackson/core/jackson-core/2.9.5/jackson-core-2.9.5.jar:/root/.m2/repository/com/fasterxml/jackson/module/jackson-module-jaxb-annotations/2.9.5/jackson-module-jaxb-annotations-2.9.5.jar:/root/.m2/repository/javax/enterprise/cdi-api/1.2/cdi-api-1.2.jar:/root/.m2/repository/javax/el/javax.el-api/3.0.0/javax.el-api-3.0.0.jar:/root/.m2/repository/javax/interceptor/javax.interceptor-api/1.2/javax.interceptor-api-1.2.jar:/root/.m2/repository/javax/inject/javax.inject/1/javax.inject-1.jar:/root/.m2/repository/com/sun/xml/bind/jaxb-impl/2.3.0.1/jaxb-impl-2.3.0.1.jar:/root/.m2/repository/com/sun/xml/bind/jaxb-core/2.3.0.1/jaxb-core-2.3.0.1.jar:/root/.m2/repository/javax/xml/bind/jaxb-api/2.3.0/jaxb-api-2.3.0.jar:/root/.m2/repository/javax/activation/activation/1.1.1/activation-1.1.1.jar:/root/.m2/repository/org/apache/hadoop/hadoop-ozone-csi/0.5.0-SNAPSHOT/hadoop-ozone-csi-0.5.0-SNAPSHOT.jar:/root/.m2/repository/com/google/protobuf/protobuf-java-util/3.5.1/protobuf-java-util-3.5.1.jar:/root/.m2/repository/org/apache/hadoop/hadoop-hdds-config/0.5.0-SNAPSHOT/hadoop-hdds-config-0.5.0-SNAPSHOT.jar:/root/.m2/repository/com/google/guava/guava/11.0.2/guava-11.0.2.jar:/root/.m2/repository/com/google/protobuf/protobuf-java/2.5.0/protobuf-java-2.5.0.jar:/root/.m2/repository/io/grpc/grpc-netty/1.17.1/grpc-netty-1.17.1.jar:/root/.m2/repository/io/grpc/grpc-core/1.17.1/grpc-core-1.17.1.jar:/root/.m2/repository/io/grpc/grpc-context/1.17.1/grpc-context-1.17.1.jar:/root/.m2/repository/com/google/errorprone/error_prone_annotations/2.2.0/error_prone_annotations-2.2.0.jar:/root/.m2/repository/org/codehaus/mojo/animal-sniffer-annotations/1.17/animal-sniffer-annotations-1.17.jar:/root/.m2/repository/io/opencensus/opencensus-api/0.17.0/opencensus-api-0.17.0.jar:/root/.m2/repository/io/opencensus/opencensus-contrib-grpc-metrics/0.17.0/opencensus-contrib-grpc-metrics-0.17.0.jar:/root/.m2/repository/io/netty/netty-codec-http2/4.1.30.Final/netty-codec-http2-4.1.30.Final.jar:/root/.m2/repository/io/netty/netty-codec-http/4.1.30.Final/netty-codec-http-4.1.30.Final.jar:/root/.m2/repository/io/netty/netty-codec/4.1.30.Final/netty-codec-4.1.30.Final.jar:/root/.m2/repository/io/netty/netty-handler/4.1.30.Final/netty-handler-4.1.30.Final.jar:/root/.m2/repository/io/netty/netty-handler-proxy/4.1.30.Final/netty-handler-proxy-4.1.30.Final.jar:/root/.m2/repository/io/netty/netty-codec-socks/4.1.30.Final/netty-codec-socks-4.1.30.Final.jar:/root/.m2/repository/io/netty/netty-transport-native-epoll/4.1.30.Final/netty-transport-native-epoll-4.1.30.Final.jar:/root/.m2/repository/io/netty/netty-common/4.1.30.Final/netty-common-4.1.30.Final.jar:/root/.m2/repository/io/netty/netty-buffer/4.1.30.Final/netty-buffer-4.1.30.Final.jar:/root/.m2/repository/io/netty/netty-transport/4.1.30.Final/netty-transport-4.1.30.Final.jar:/root/.m2/repository/io/netty/netty-resolver/4.1.30.Final/netty-resolver-4.1.30.Final.jar:/root/.m2/repository/io/netty/netty-transport-native-unix-common/4.1.30.Final/netty-transport-native-unix-common-4.1.30.Final.jar:/root/.m2/repository/io/grpc/grpc-protobuf/1.17.1/grpc-protobuf-1.17.1.jar:/root/.m2/repository/com/google/api/grpc/proto-google-common-protos/1.0.0/proto-google-common-protos-1.0.0.jar:/root/.m2/repository/io/grpc/grpc-protobuf-lite/1.17.1/grpc-protobuf-lite-1.17.1.jar:/root/.m2/repository/io/grpc/grpc-stub/1.17.1/grpc-stub-1.17.1.jar:/root/.m2/repository/org/apache/hadoop/hadoop-ozone-recon/0.5.0-SNAPSHOT/hadoop-ozone-recon-0.5.0-SNAPSHOT.jar:/root/.m2/repository/org/apache/hadoop/hadoop-ozone-reconcodegen/0.5.0-SNAPSHOT/hadoop-ozone-reconcodegen-0.5.0-SNAPSHOT.jar:/root/.m2/repository/com/google/inject/extensions/guice-multibindings/4.0/guice-multibindings-4.0.jar:/root/.m2/repository/com/google/inject/guice/4.0/guice-4.0.jar:/root/.m2/repository/aopalliance/aopalliance/1.0/aopalliance-1.0.jar:/root/.m2/repository/com/google/inject/extensions/guice-servlet/4.0/guice-servlet-4.0.jar:/root/.m2/repository/org/glassfish/jersey/containers/jersey-container-servlet/2.27/jersey-container-servlet-2.27.jar:/root/.m2/repository/org/glassfish/hk2/guice-bridge/2.5.0/guice-bridge-2.5.0.jar:/root/.m2/repository/org/glassfish/jersey/core/jersey-server/2.27/jersey-server-2.27.jar:/root/.m2/repository/org/glassfish/jersey/core/jersey-client/2.27/jersey-client-2.27.jar:/root/.m2/repository/org/glassfish/jersey/media/jersey-media-jaxb/2.27/jersey-media-jaxb-2.27.jar:/root/.m2/repository/javax/validation/validation-api/1.1.0.Final/validation-api-1.1.0.Final.jar:/root/.m2/repository/org/glassfish/jersey/media/jersey-media-json-jackson/2.27/jersey-media-json-jackson-2.27.jar:/root/.m2/repository/org/glassfish/jersey/ext/jersey-entity-filtering/2.27/jersey-entity-filtering-2.27.jar:/root/.m2/repository/com/google/inject/extensions/guice-assistedinject/4.0/guice-assistedinject-4.0.jar:/root/.m2/repository/org/jooq/jooq/3.11.10/jooq-3.11.10.jar:/root/.m2/repository/org/jooq/jooq-meta/3.11.10/jooq-meta-3.11.10.jar:/root/.m2/repository/org/jooq/jooq-codegen/3.11.10/jooq-codegen-3.11.10.jar:/root/.m2/repository/com/jolbox/bonecp/0.8.0.RELEASE/bonecp-0.8.0.RELEASE.jar:/root/.m2/repository/org/xerial/sqlite-jdbc/3.25.2/sqlite-jdbc-3.25.2.jar:/root/.m2/repository/org/springframework/spring-jdbc/5.1.3.RELEASE/spring-jdbc-5.1.3.RELEASE.jar:/root/.m2/repository/org/springframework/spring-beans/5.1.3.RELEASE/spring-beans-5.1.3.RELEASE.jar:/root/.m2/repository/org/springframework/spring-core/5.1.3.RELEASE/spring-core-5.1.3.RELEASE.jar:/root/.m2/repository/org/springframework/spring-jcl/5.1.3.RELEASE/spring-jcl-5.1.3.RELEASE.jar:/root/.m2/repository/org/springframework/spring-tx/5.1.3.RELEASE/spring-tx-5.1.3.RELEASE.jar:/root/.m2/repository/org/apache/hadoop/hadoop-ozone-client/0.5.0-SNAPSHOT/hadoop-ozone-client-0.5.0-SNAPSHOT.jar:/root/.m2/repository/org/apache/hadoop/hadoop-ozone-ozone-manager/0.5.0-SNAPSHOT/hadoop-ozone-ozone-manager-0.5.0-SNAPSHOT-tests.jar:/root/.m2/repository/junit/junit/4.11/junit-4.11.jar:/root/.m2/repository/org/hamcrest/hamcrest-core/1.3/hamcrest-core-1.3.jar:/root/.m2/repository/org/openjdk/jmh/jmh-core/1.19/jmh-core-1.19.jar:/root/.m2/repository/net/sf/jopt-simple/jopt-simple/4.6/jopt-simple-4.6.jar:/root/.m2/repository/org/apache/commons/commons-math3/3.1.1/commons-math3-3.1.1.jar:/root/.m2/repository/org/openjdk/jmh/jmh-generator-annprocess/1.19/jmh-generator-annprocess-1.19.jar:/root/.m2/repository/org/mockito/mockito-all/1.8.5/mockito-all-1.8.5.jar:/root/.m2/repository/org/apache/hadoop/hadoop-kms/3.2.0/hadoop-kms-3.2.0.jar:/root/.m2/repository/org/apache/hadoop/hadoop-auth/3.2.0/hadoop-auth-3.2.0.jar:/root/.m2/repository/com/nimbusds/nimbus-jose-jwt/4.41.1/nimbus-jose-jwt-4.41.1.jar:/root/.m2/repository/com/github/stephenc/jcip/jcip-annotations/1.0-1/jcip-annotations-1.0-1.jar:/root/.m2/repository/net/minidev/json-smart/2.3/json-smart-2.3.jar:/root/.m2/repository/net/minidev/accessors-smart/1.2/accessors-smart-1.2.jar:/root/.m2/repository/org/ow2/asm/asm/5.0.4/asm-5.0.4.jar:/root/.m2/repository/org/apache/curator/curator-framework/2.12.0/curator-framework-2.12.0.jar:/root/.m2/repository/com/sun/jersey/jersey-core/1.19/jersey-core-1.19.jar:/root/.m2/repository/javax/ws/rs/jsr311-api/1.1.1/jsr311-api-1.1.1.jar:/root/.m2/repository/com/sun/jersey/jersey-server/1.19/jersey-server-1.19.jar:/root/.m2/repository/javax/servlet/javax.servlet-api/3.1.0/javax.servlet-api-3.1.0.jar:/root/.m2/repository/org/eclipse/jetty/jetty-server/9.3.24.v20180605/jetty-server-9.3.24.v20180605.jar:/root/.m2/repository/org/eclipse/jetty/jetty-http/9.3.24.v20180605/jetty-http-9.3.24.v20180605.jar:/root/.m2/repository/org/eclipse/jetty/jetty-io/9.3.24.v20180605/jetty-io-9.3.24.v20180605.jar:/root/.m2/repository/org/eclipse/jetty/jetty-webapp/9.3.24.v20180605/jetty-webapp-9.3.24.v20180605.jar:/root/.m2/repository/org/eclipse/jetty/jetty-xml/9.3.24.v20180605/jetty-xml-9.3.24.v20180605.jar:/root/.m2/repository/log4j/log4j/1.2.17/log4j-1.2.17.jar:/root/.m2/repository/org/slf4j/slf4j-api/1.7.25/slf4j-api-1.7.25.jar:/root/.m2/repository/org/slf4j/jul-to-slf4j/1.7.25/jul-to-slf4j-1.7.25.jar:/root/.m2/repository/org/eclipse/jetty/jetty-util/9.3.24.v20180605/jetty-util-9.3.24.v20180605.jar:/root/.m2/repository/io/dropwizard/metrics/metrics-core/3.2.4/metrics-core-3.2.4.jar:/root/.m2/repository/com/fasterxml/jackson/core/jackson-databind/2.9.5/jackson-databind-2.9.5.jar:/root/.m2/repository/org/apache/hadoop/hadoop-kms/3.2.0/hadoop-kms-3.2.0-tests.jar:/root/.m2/repository/org/apache/hadoop/hadoop-hdds-server-scm/0.5.0-SNAPSHOT/hadoop-hdds-server-scm-0.5.0-SNAPSHOT-tests.jar:/root/.m2/repository/org/hamcrest/hamcrest-all/1.3/hamcrest-all-1.3.jar:/root/.m2/repository/info/picocli/picocli/3.9.6/picocli-3.9.6.jar:/root/.m2/repository/org/apache/hadoop/hadoop-hdds-container-service/0.5.0-SNAPSHOT/hadoop-hdds-container-service-0.5.0-SNAPSHOT-tests.jar:/root/.m2/repository/org/yaml/snakeyaml/1.16/snakeyaml-1.16.jar:/root/.m2/repository/org/apache/hadoop/hadoop-common/3.2.0/hadoop-common-3.2.0-tests.jar:/root/.m2/repository/org/apache/hadoop/hadoop-annotations/3.2.0/hadoop-annotations-3.2.0.jar:/usr/lib/jvm/java-1.8-openjdk/jre/../lib/tools.jar:/root/.m2/repository/commons-cli/commons-cli/1.2/commons-cli-1.2.jar:/root/.m2/repository/org/apache/httpcomponents/httpclient/4.5.2/httpclient-4.5.2.jar:/root/.m2/repository/org/apache/httpcomponents/httpcore/4.4.4/httpcore-4.4.4.jar:/root/.m2/repository/commons-codec/commons-codec/1.11/commons-codec-1.11.jar:/root/.m2/repository/commons-net/commons-net/3.6/commons-net-3.6.jar:/root/.m2/repository/commons-collections/commons-collections/3.2.2/commons-collections-3.2.2.jar:/root/.m2/repository/org/eclipse/jetty/jetty-servlet/9.3.24.v20180605/jetty-servlet-9.3.24.v20180605.jar:/root/.m2/repository/org/eclipse/jetty/jetty-security/9.3.24.v20180605/jetty-security-9.3.24.v20180605.jar:/root/.m2/repository/javax/servlet/jsp/jsp-api/2.1/jsp-api-2.1.jar:/root/.m2/repository/com/sun/jersey/jersey-servlet/1.19/jersey-servlet-1.19.jar:/root/.m2/repository/com/sun/jersey/jersey-json/1.19/jersey-json-1.19.jar:/root/.m2/repository/org/codehaus/jettison/jettison/1.1/jettison-1.1.jar:/root/.m2/repository/org/codehaus/jackson/jackson-core-asl/1.9.13/jackson-core-asl-1.9.13.jar:/root/.m2/repository/org/codehaus/jackson/jackson-mapper-asl/1.9.13/jackson-mapper-asl-1.9.13.jar:/root/.m2/repository/org/codehaus/jackson/jackson-jaxrs/1.9.13/jackson-jaxrs-1.9.13.jar:/root/.m2/repository/org/codehaus/jackson/jackson-xc/1.9.13/jackson-xc-1.9.13.jar:/root/.m2/repository/commons-logging/commons-logging/1.1.3/commons-logging-1.1.3.jar:/root/.m2/repository/commons-beanutils/commons-beanutils/1.9.3/commons-beanutils-1.9.3.jar:/root/.m2/repository/org/apache/commons/commons-configuration2/2.1.1/commons-configuration2-2.1.1.jar:/root/.m2/repository/org/apache/commons/commons-lang3/3.7/commons-lang3-3.7.jar:/root/.m2/repository/org/apache/commons/commons-text/1.4/commons-text-1.4.jar:/root/.m2/repository/org/apache/avro/avro/1.7.7/avro-1.7.7.jar:/root/.m2/repository/com/thoughtworks/paranamer/paranamer/2.3/paranamer-2.3.jar:/root/.m2/repository/org/xerial/snappy/snappy-java/1.0.5/snappy-java-1.0.5.jar:/root/.m2/repository/com/google/re2j/re2j/1.1/re2j-1.1.jar:/root/.m2/repository/com/google/code/gson/gson/2.2.4/gson-2.2.4.jar:/root/.m2/repository/com/jcraft/jsch/0.1.54/jsch-0.1.54.jar:/root/.m2/repository/org/apache/curator/curator-client/2.12.0/curator-client-2.12.0.jar:/root/.m2/repository/org/apache/curator/curator-recipes/2.12.0/curator-recipes-2.12.0.jar:/root/.m2/repository/com/google/code/findbugs/jsr305/3.0.0/jsr305-3.0.0.jar:/root/.m2/repository/org/apache/htrace/htrace-core4/4.1.0-incubating/htrace-core4-4.1.0-incubating.jar:/root/.m2/repository/org/apache/zookeeper/zookeeper/3.4.13/zookeeper-3.4.13.jar:/root/.m2/repository/org/apache/yetus/audience-annotations/0.5.0/audience-annotations-0.5.0.jar:/root/.m2/repository/org/codehaus/woodstox/stax2-api/3.1.4/stax2-api-3.1.4.jar:/root/.m2/repository/com/fasterxml/woodstox/woodstox-core/5.0.3/woodstox-core-5.0.3.jar:/root/.m2/repository/dnsjava/dnsjava/2.1.7/dnsjava-2.1.7.jar:/root/.m2/repository/org/apache/hadoop/hadoop-hdfs/3.2.0/hadoop-hdfs-3.2.0-tests.jar:/root/.m2/repository/org/eclipse/jetty/jetty-util-ajax/9.3.24.v20180605/jetty-util-ajax-9.3.24.v20180605.jar:/root/.m2/repository/commons-daemon/commons-daemon/1.0.13/commons-daemon-1.0.13.jar:/root/.m2/repository/io/netty/netty/3.10.5.Final/netty-3.10.5.Final.jar:/root/.m2/repository/io/netty/netty-all/4.0.52.Final/netty-all-4.0.52.Final.jar:/root/.m2/repository/org/fusesource/leveldbjni/leveldbjni-all/1.8/leveldbjni-all-1.8.jar:"/>
    <property name="sun.cpu.endian" value="little"/>
    <property name="user.home" value="/root"/>
    <property name="user.language" value="en"/>
    <property name="java.specification.vendor" value="Oracle Corporation"/>
    <property name="java.home" value="/usr/lib/jvm/java-1.8-openjdk/jre"/>
    <property name="java.security.krb5.conf" value="/opt/src/hadoop-ozone/integration-test/target/test-classes/krb5.conf"/>
    <property name="basedir" value="/opt/src/hadoop-ozone/integration-test"/>
    <property name="file.separator" value="/"/>
    <property name="line.separator" value="&#10;"/>
    <property name="java.vm.specification.vendor" value="Oracle Corporation"/>
    <property name="java.specification.name" value="Java Platform API Specification"/>
    <property name="java.awt.graphicsenv" value="sun.awt.X11GraphicsEnvironment"/>
    <property name="surefire.real.class.path" value="/opt/src/hadoop-ozone/integration-test/target/surefire/surefirebooter9152154340069212633.jar"/>
    <property name="hadoop.log.dir" value="/opt/src/hadoop-ozone/integration-test/target/log"/>
    <property name="sun.boot.class.path" value="/usr/lib/jvm/java-1.8-openjdk/jre/lib/resources.jar:/usr/lib/jvm/java-1.8-openjdk/jre/lib/rt.jar:/usr/lib/jvm/java-1.8-openjdk/jre/lib/sunrsasign.jar:/usr/lib/jvm/java-1.8-openjdk/jre/lib/jsse.jar:/usr/lib/jvm/java-1.8-openjdk/jre/lib/jce.jar:/usr/lib/jvm/java-1.8-openjdk/jre/lib/charsets.jar:/usr/lib/jvm/java-1.8-openjdk/jre/lib/jfr.jar:/usr/lib/jvm/java-1.8-openjdk/jre/classes"/>
    <property name="sun.management.compiler" value="HotSpot 64-Bit Tiered Compilers"/>
    <property name="java.runtime.version" value="1.8.0_212-b04"/>
    <property name="java.net.preferIPv4Stack" value="true"/>
    <property name="user.name" value="root"/>
    <property name="path.separator" value=":"/>
    <property name="java.security.egd" value="file:///dev/urandom"/>
    <property name="os.version" value="4.15.0-1021-aws"/>
    <property name="java.endorsed.dirs" value="/usr/lib/jvm/java-1.8-openjdk/jre/lib/endorsed"/>
    <property name="java.runtime.name" value="OpenJDK Runtime Environment"/>
    <property name="file.encoding" value="UTF-8"/>
    <property name="java.vm.name" value="OpenJDK 64-Bit Server VM"/>
    <property name="test.build.webapps" value=""/>
    <property name="localRepository" value="/root/.m2/repository"/>
    <property name="java.vendor.url.bug" value="https://icedtea.classpath.org/bugzilla"/>
    <property name="java.io.tmpdir" value="/tmp"/>
    <property name="require.test.libhadoop" value=""/>
    <property name="java.version" value="1.8.0_212"/>
    <property name="user.dir" value="/opt/src/hadoop-ozone/integration-test"/>
    <property name="os.arch" value="amd64"/>
    <property name="java.vm.specification.name" value="Java Virtual Machine Specification"/>
    <property name="test.build.classes" value="/opt/src/hadoop-ozone/integration-test/target/test-classes"/>
    <property name="java.awt.printerjob" value="sun.print.PSPrinterJob"/>
    <property name="sun.os.patch.level" value="unknown"/>
    <property name="hadoop.tmp.dir" value="/opt/src/hadoop-ozone/integration-test/target/tmp"/>
    <property name="java.library.path" value="/usr/lib/jvm/java-1.8-openjdk/jre/lib/amd64/server:/usr/lib/jvm/java-1.8-openjdk/jre/lib/amd64:/usr/lib/jvm/java-1.8-openjdk/jre/../lib/amd64:/opt/src/hadoop-ozone/integration-test/target/native/target/usr/local/lib:/opt/src/hadoop-ozone/integration-test/../../hadoop-common-project/hadoop-common/target/native/target/usr/local/lib:/usr/java/packages/lib/amd64:/usr/lib64:/lib64:/lib:/usr/lib"/>
    <property name="java.vm.info" value="mixed mode"/>
    <property name="java.vendor" value="IcedTea"/>
    <property name="java.vm.version" value="25.212-b04"/>
    <property name="java.ext.dirs" value="/usr/lib/jvm/java-1.8-openjdk/jre/lib/ext:/usr/java/packages/lib/ext"/>
    <property name="sun.io.unicode.encoding" value="UnicodeLittle"/>
    <property name="java.class.version" value="52.0"/>
  </properties>
  <testcase name="testPipelineFail" classname="org.apache.hadoop.hdds.scm.pipeline.TestNodeFailure" time="0">
    <skipped/>
    <system-out><![CDATA[2019-06-12 20:12:39,466 WARN  server.ServerUtils (ServerUtils.java:getScmDbDir(145)) - ozone.scm.db.dirs is not configured. We recommend adding this setting. Falling back to ozone.metadata.dirs instead.
2019-06-12 20:12:39,535 WARN  server.ServerUtils (ServerUtils.java:getScmDbDir(145)) - ozone.scm.db.dirs is not configured. We recommend adding this setting. Falling back to ozone.metadata.dirs instead.
2019-06-12 20:12:39,537 WARN  server.ServerUtils (ServerUtils.java:getScmDbDir(145)) - ozone.scm.db.dirs is not configured. We recommend adding this setting. Falling back to ozone.metadata.dirs instead.
2019-06-12 20:12:39,551 INFO  util.log (Log.java:initialized(192)) - Logging initialized @646ms
2019-06-12 20:12:39,627 INFO  db.DBStoreBuilder (DBStoreBuilder.java:addTable(110)) - using custom profile for table: deletedBlocks
2019-06-12 20:12:39,628 INFO  db.DBStoreBuilder (DBStoreBuilder.java:processTables(161)) - Using default column profile:DBProfile.DISK for Table:deletedBlocks
2019-06-12 20:12:39,628 INFO  db.DBStoreBuilder (DBStoreBuilder.java:addTable(110)) - using custom profile for table: validCerts
2019-06-12 20:12:39,628 INFO  db.DBStoreBuilder (DBStoreBuilder.java:processTables(161)) - Using default column profile:DBProfile.DISK for Table:validCerts
2019-06-12 20:12:39,628 INFO  db.DBStoreBuilder (DBStoreBuilder.java:addTable(110)) - using custom profile for table: revokedCerts
2019-06-12 20:12:39,628 INFO  db.DBStoreBuilder (DBStoreBuilder.java:processTables(161)) - Using default column profile:DBProfile.DISK for Table:revokedCerts
2019-06-12 20:12:39,638 INFO  db.DBStoreBuilder (DBStoreBuilder.java:addTable(110)) - using custom profile for table: default
2019-06-12 20:12:39,638 INFO  db.DBStoreBuilder (DBStoreBuilder.java:processTables(167)) - Using default column profile:DBProfile.DISK for Table:default
2019-06-12 20:12:39,639 INFO  db.DBStoreBuilder (DBStoreBuilder.java:getDbProfile(198)) - Using default options. DBProfile.DISK
2019-06-12 20:12:39,706 INFO  node.SCMNodeManager (SCMNodeManager.java:<init>(108)) - Entering startup safe mode.
2019-06-12 20:12:39,760 INFO  net.NodeSchemaLoader (NodeSchemaLoader.java:loadSchemaFromFile(125)) - Loading file from sun.misc.CompoundEnumeration@443118b0
2019-06-12 20:12:39,762 INFO  net.NodeSchemaLoader (NodeSchemaLoader.java:loadSchema(171)) - Loading network topology layer schema file
2019-06-12 20:12:39,813 WARN  server.ServerUtils (ServerUtils.java:getScmDbDir(145)) - ozone.scm.db.dirs is not configured. We recommend adding this setting. Falling back to ozone.metadata.dirs instead.
2019-06-12 20:12:39,832 INFO  pipeline.SCMPipelineManager (SCMPipelineManager.java:initializePipelineState(126)) - No pipeline exists in current db
2019-06-12 20:12:39,833 WARN  server.ServerUtils (ServerUtils.java:getScmDbDir(145)) - ozone.scm.db.dirs is not configured. We recommend adding this setting. Falling back to ozone.metadata.dirs instead.
2019-06-12 20:12:39,891 WARN  events.EventQueue (EventQueue.java:fireEvent(175)) - No event handler registered for event TypedEvent{payloadType=SafeModeStatus, name='SafeModeStatus'}
2019-06-12 20:12:40,174 INFO  ipc.CallQueueManager (CallQueueManager.java:<init>(84)) - Using callQueue: class java.util.concurrent.LinkedBlockingQueue, queueCapacity: 2000, scheduler: class org.apache.hadoop.ipc.DefaultRpcScheduler, ipcBackoff: false.
2019-06-12 20:12:40,197 INFO  ipc.Server (Server.java:run(1074)) - Starting Socket Reader #1 for port 34203
2019-06-12 20:12:40,216 INFO  ipc.CallQueueManager (CallQueueManager.java:<init>(84)) - Using callQueue: class java.util.concurrent.LinkedBlockingQueue, queueCapacity: 2000, scheduler: class org.apache.hadoop.ipc.DefaultRpcScheduler, ipcBackoff: false.
2019-06-12 20:12:40,217 INFO  ipc.Server (Server.java:run(1074)) - Starting Socket Reader #1 for port 42919
2019-06-12 20:12:40,224 INFO  ipc.CallQueueManager (CallQueueManager.java:<init>(84)) - Using callQueue: class java.util.concurrent.LinkedBlockingQueue, queueCapacity: 2000, scheduler: class org.apache.hadoop.ipc.DefaultRpcScheduler, ipcBackoff: false.
2019-06-12 20:12:40,249 INFO  ipc.Server (Server.java:run(1074)) - Starting Socket Reader #1 for port 33063
2019-06-12 20:12:40,268 INFO  hdfs.DFSUtil (DFSUtil.java:httpServerTemplateForNNAndJN(1641)) - Starting Web-server for scm at: http://0.0.0.0:0
2019-06-12 20:12:40,409 INFO  server.AuthenticationFilter (AuthenticationFilter.java:constructSecretProvider(240)) - Unable to initialize FileSignerSecretProvider, falling back to use random secrets.
2019-06-12 20:12:40,414 WARN  http.HttpRequestLog (HttpRequestLog.java:getRequestLog(97)) - Jetty request log can only be enabled using Log4j
2019-06-12 20:12:40,422 INFO  http.HttpServer2 (HttpServer2.java:addGlobalFilter(975)) - Added global filter 'safety' (class=org.apache.hadoop.http.HttpServer2$QuotingInputFilter)
2019-06-12 20:12:40,424 INFO  http.HttpServer2 (HttpServer2.java:addFilter(948)) - Added filter static_user_filter (class=org.apache.hadoop.http.lib.StaticUserWebFilter$StaticUserFilter) to context scm
2019-06-12 20:12:40,424 INFO  http.HttpServer2 (HttpServer2.java:addFilter(958)) - Added filter static_user_filter (class=org.apache.hadoop.http.lib.StaticUserWebFilter$StaticUserFilter) to context logs
2019-06-12 20:12:40,425 INFO  http.HttpServer2 (HttpServer2.java:addFilter(958)) - Added filter static_user_filter (class=org.apache.hadoop.http.lib.StaticUserWebFilter$StaticUserFilter) to context static
2019-06-12 20:12:40,444 INFO  server.StorageContainerManager (StorageContainerManager.java:start(752)) - StorageContainerLocationProtocol RPC server is listening at /0.0.0.0:33063
2019-06-12 20:12:40,484 WARN  impl.MetricsConfig (MetricsConfig.java:loadFirst(134)) - Cannot locate configuration: tried hadoop-metrics2-storagecontainermanager.properties,hadoop-metrics2.properties
2019-06-12 20:12:40,493 INFO  impl.MetricsSystemImpl (MetricsSystemImpl.java:startTimer(374)) - Scheduled Metric snapshot period at 10 second(s).
2019-06-12 20:12:40,493 INFO  impl.MetricsSystemImpl (MetricsSystemImpl.java:start(191)) - StorageContainerManager metrics system started
2019-06-12 20:12:40,650 INFO  server.SCMClientProtocolServer (SCMClientProtocolServer.java:start(149)) - RPC server for Client  is listening at /0.0.0.0:33063
2019-06-12 20:12:40,652 INFO  ipc.Server (Server.java:run(1314)) - IPC Server Responder: starting
2019-06-12 20:12:40,652 INFO  ipc.Server (Server.java:run(1153)) - IPC Server listener on 33063: starting
2019-06-12 20:12:40,654 INFO  server.StorageContainerManager (StorageContainerManager.java:start(761)) - ScmBlockLocationProtocol RPC server is listening at /0.0.0.0:42919
2019-06-12 20:12:40,654 INFO  server.SCMBlockProtocolServer (SCMBlockProtocolServer.java:start(137)) - RPC server for Block Protocol is listening at /0.0.0.0:42919
2019-06-12 20:12:40,654 INFO  ipc.Server (Server.java:run(1314)) - IPC Server Responder: starting
2019-06-12 20:12:40,655 INFO  ipc.Server (Server.java:run(1153)) - IPC Server listener on 42919: starting
2019-06-12 20:12:40,656 INFO  server.StorageContainerManager (StorageContainerManager.java:start(765)) - ScmDatanodeProtocl RPC server is listening at /0.0.0.0:34203
2019-06-12 20:12:40,656 INFO  server.SCMDatanodeProtocolServer (SCMDatanodeProtocolServer.java:start(191)) - RPC server for DataNodes is listening at /0.0.0.0:34203
2019-06-12 20:12:40,657 INFO  ipc.Server (Server.java:run(1314)) - IPC Server Responder: starting
2019-06-12 20:12:40,657 INFO  ipc.Server (Server.java:run(1153)) - IPC Server listener on 34203: starting
2019-06-12 20:12:40,659 INFO  http.HttpServer2 (HttpServer2.java:bindListener(1191)) - Jetty bound to port 45619
2019-06-12 20:12:40,661 INFO  server.Server (Server.java:doStart(351)) - jetty-9.3.24.v20180605, build timestamp: 2018-06-05T17:11:56Z, git hash: 84205aa28f11a4f31f2a3b86d1bba2cc8ab69827
2019-06-12 20:12:40,687 INFO  handler.ContextHandler (ContextHandler.java:doStart(781)) - Started o.e.j.s.ServletContextHandler@2df6226d{/logs,file:///opt/src/hadoop-ozone/integration-test/target/log,AVAILABLE}
2019-06-12 20:12:40,689 INFO  handler.ContextHandler (ContextHandler.java:doStart(781)) - Started o.e.j.s.ServletContextHandler@4ff4357f{/static,file:///opt/src/hadoop-ozone/integration-test/target/test-classes/webapps/static,AVAILABLE}
2019-06-12 20:12:40,714 INFO  handler.ContextHandler (ContextHandler.java:doStart(781)) - Started o.e.j.w.WebAppContext@2484f433{/,file:///opt/src/hadoop-ozone/integration-test/target/test-classes/webapps/scm/,AVAILABLE}{/scm}
2019-06-12 20:12:40,718 INFO  server.AbstractConnector (AbstractConnector.java:doStart(278)) - Started ServerConnector@841e575{HTTP/1.1,[http/1.1]}{0.0.0.0:45619}
2019-06-12 20:12:40,719 INFO  server.Server (Server.java:doStart(419)) - Started @1814ms
2019-06-12 20:12:40,747 INFO  server.BaseHttpServer (BaseHttpServer.java:updateConnectorAddress(207)) - HTTP server of SCM is listening at http://0.0.0.0:45619
2019-06-12 20:12:40,752 INFO  util.JvmPauseMonitor (JvmPauseMonitor.java:run(188)) - Starting JVM pause monitor
2019-06-12 20:12:40,755 WARN  scm.ScmUtils (ScmUtils.java:getDBPath(63)) - ozone.om.db.dirs is not configured. We recommend adding this setting. Falling back to ozone.metadata.dirs instead.
2019-06-12 20:12:40,835 WARN  scm.ScmUtils (ScmUtils.java:getDBPath(63)) - ozone.om.db.dirs is not configured. We recommend adding this setting. Falling back to ozone.metadata.dirs instead.
2019-06-12 20:12:40,836 INFO  om.OzoneManager (OzoneManager.java:setOMNodeDetails(519)) - OM Service ID is not set. Setting it to the default ID: omServiceIdDefault
2019-06-12 20:12:40,836 INFO  om.OzoneManager (OzoneManager.java:setOMNodeDetails(525)) - OM Node ID is not set. Setting it to the OmStorage's OmID: 293d8456-f1ef-4788-9efc-ce9e66993333
2019-06-12 20:12:40,837 WARN  scm.HddsServerUtil (HddsServerUtil.java:getDefaultRatisDirectory(354)) - Storage directory for Ratis is not configured. It is a good idea to map this to an SSD disk. Falling back to ozone.metadata.dirs
2019-06-12 20:12:40,838 WARN  scm.HddsServerUtil (HddsServerUtil.java:getDefaultRatisDirectory(354)) - Storage directory for Ratis is not configured. It is a good idea to map this to an SSD disk. Falling back to ozone.metadata.dirs
2019-06-12 20:12:40,838 INFO  om.OzoneManager (OzoneManager.java:loadOMHAConfigs(476)) - Found matching OM address with OMServiceId: null, OMNodeId: null, RPC Address: localhost:0 and Ratis port: 9872
2019-06-12 20:12:41,012 WARN  scm.ScmUtils (ScmUtils.java:getDBPath(63)) - ozone.om.db.dirs is not configured. We recommend adding this setting. Falling back to ozone.metadata.dirs instead.
2019-06-12 20:12:41,018 INFO  db.DBStoreBuilder (DBStoreBuilder.java:addTable(110)) - using custom profile for table: userTable
2019-06-12 20:12:41,018 INFO  db.DBStoreBuilder (DBStoreBuilder.java:processTables(161)) - Using default column profile:DBProfile.DISK for Table:userTable
2019-06-12 20:12:41,018 INFO  db.DBStoreBuilder (DBStoreBuilder.java:addTable(110)) - using custom profile for table: volumeTable
2019-06-12 20:12:41,019 INFO  db.DBStoreBuilder (DBStoreBuilder.java:processTables(161)) - Using default column profile:DBProfile.DISK for Table:volumeTable
2019-06-12 20:12:41,019 INFO  db.DBStoreBuilder (DBStoreBuilder.java:addTable(110)) - using custom profile for table: bucketTable
2019-06-12 20:12:41,019 INFO  db.DBStoreBuilder (DBStoreBuilder.java:processTables(161)) - Using default column profile:DBProfile.DISK for Table:bucketTable
2019-06-12 20:12:41,019 INFO  db.DBStoreBuilder (DBStoreBuilder.java:addTable(110)) - using custom profile for table: keyTable
2019-06-12 20:12:41,019 INFO  db.DBStoreBuilder (DBStoreBuilder.java:processTables(161)) - Using default column profile:DBProfile.DISK for Table:keyTable
2019-06-12 20:12:41,020 INFO  db.DBStoreBuilder (DBStoreBuilder.java:addTable(110)) - using custom profile for table: deletedTable
2019-06-12 20:12:41,020 INFO  db.DBStoreBuilder (DBStoreBuilder.java:processTables(161)) - Using default column profile:DBProfile.DISK for Table:deletedTable
2019-06-12 20:12:41,020 INFO  db.DBStoreBuilder (DBStoreBuilder.java:addTable(110)) - using custom profile for table: openKeyTable
2019-06-12 20:12:41,020 INFO  db.DBStoreBuilder (DBStoreBuilder.java:processTables(161)) - Using default column profile:DBProfile.DISK for Table:openKeyTable
2019-06-12 20:12:41,020 INFO  db.DBStoreBuilder (DBStoreBuilder.java:addTable(110)) - using custom profile for table: s3Table
2019-06-12 20:12:41,020 INFO  db.DBStoreBuilder (DBStoreBuilder.java:processTables(161)) - Using default column profile:DBProfile.DISK for Table:s3Table
2019-06-12 20:12:41,021 INFO  db.DBStoreBuilder (DBStoreBuilder.java:addTable(110)) - using custom profile for table: multipartInfoTable
2019-06-12 20:12:41,021 INFO  db.DBStoreBuilder (DBStoreBuilder.java:processTables(161)) - Using default column profile:DBProfile.DISK for Table:multipartInfoTable
2019-06-12 20:12:41,021 INFO  db.DBStoreBuilder (DBStoreBuilder.java:addTable(110)) - using custom profile for table: dTokenTable
2019-06-12 20:12:41,021 INFO  db.DBStoreBuilder (DBStoreBuilder.java:processTables(161)) - Using default column profile:DBProfile.DISK for Table:dTokenTable
2019-06-12 20:12:41,021 INFO  db.DBStoreBuilder (DBStoreBuilder.java:addTable(110)) - using custom profile for table: s3SecretTable
2019-06-12 20:12:41,022 INFO  db.DBStoreBuilder (DBStoreBuilder.java:processTables(161)) - Using default column profile:DBProfile.DISK for Table:s3SecretTable
2019-06-12 20:12:41,022 INFO  db.DBStoreBuilder (DBStoreBuilder.java:addTable(110)) - using custom profile for table: prefixTable
2019-06-12 20:12:41,022 INFO  db.DBStoreBuilder (DBStoreBuilder.java:processTables(161)) - Using default column profile:DBProfile.DISK for Table:prefixTable
2019-06-12 20:12:41,022 INFO  db.DBStoreBuilder (DBStoreBuilder.java:addTable(110)) - using custom profile for table: default
2019-06-12 20:12:41,022 INFO  db.DBStoreBuilder (DBStoreBuilder.java:processTables(167)) - Using default column profile:DBProfile.DISK for Table:default
2019-06-12 20:12:41,023 INFO  db.DBStoreBuilder (DBStoreBuilder.java:getDbProfile(198)) - Using default options. DBProfile.DISK
2019-06-12 20:12:41,445 INFO  ipc.CallQueueManager (CallQueueManager.java:<init>(84)) - Using callQueue: class java.util.concurrent.LinkedBlockingQueue, queueCapacity: 2000, scheduler: class org.apache.hadoop.ipc.DefaultRpcScheduler, ipcBackoff: false.
2019-06-12 20:12:41,446 INFO  ipc.Server (Server.java:run(1074)) - Starting Socket Reader #1 for port 34583
2019-06-12 20:12:41,466 WARN  scm.ScmUtils (ScmUtils.java:getDBPath(63)) - ozone.om.db.dirs is not configured. We recommend adding this setting. Falling back to ozone.metadata.dirs instead.
2019-06-12 20:12:41,467 INFO  om.OzoneManager (OzoneManager.java:start(1217)) - OzoneManager RPC server is listening at localhost/127.0.0.1:34583
2019-06-12 20:12:41,467 INFO  impl.MetricsSystemImpl (MetricsSystemImpl.java:init(158)) - OzoneManager metrics system started (again)
2019-06-12 20:12:41,467 INFO  ipc.Server (Server.java:run(1314)) - IPC Server Responder: starting
2019-06-12 20:12:41,470 INFO  ipc.Server (Server.java:run(1153)) - IPC Server listener on 34583: starting
2019-06-12 20:12:41,483 INFO  hdfs.DFSUtil (DFSUtil.java:httpServerTemplateForNNAndJN(1641)) - Starting Web-server for ozoneManager at: http://0.0.0.0:0
2019-06-12 20:12:41,484 INFO  server.AuthenticationFilter (AuthenticationFilter.java:constructSecretProvider(240)) - Unable to initialize FileSignerSecretProvider, falling back to use random secrets.
2019-06-12 20:12:41,485 WARN  http.HttpRequestLog (HttpRequestLog.java:getRequestLog(97)) - Jetty request log can only be enabled using Log4j
2019-06-12 20:12:41,487 INFO  http.HttpServer2 (HttpServer2.java:addGlobalFilter(975)) - Added global filter 'safety' (class=org.apache.hadoop.http.HttpServer2$QuotingInputFilter)
2019-06-12 20:12:41,488 INFO  http.HttpServer2 (HttpServer2.java:addFilter(948)) - Added filter static_user_filter (class=org.apache.hadoop.http.lib.StaticUserWebFilter$StaticUserFilter) to context ozoneManager
2019-06-12 20:12:41,488 INFO  http.HttpServer2 (HttpServer2.java:addFilter(958)) - Added filter static_user_filter (class=org.apache.hadoop.http.lib.StaticUserWebFilter$StaticUserFilter) to context logs
2019-06-12 20:12:41,488 INFO  http.HttpServer2 (HttpServer2.java:addFilter(958)) - Added filter static_user_filter (class=org.apache.hadoop.http.lib.StaticUserWebFilter$StaticUserFilter) to context static
2019-06-12 20:12:41,490 INFO  http.HttpServer2 (HttpServer2.java:bindListener(1191)) - Jetty bound to port 35821
2019-06-12 20:12:41,490 INFO  server.Server (Server.java:doStart(351)) - jetty-9.3.24.v20180605, build timestamp: 2018-06-05T17:11:56Z, git hash: 84205aa28f11a4f31f2a3b86d1bba2cc8ab69827
2019-06-12 20:12:41,491 INFO  handler.ContextHandler (ContextHandler.java:doStart(781)) - Started o.e.j.s.ServletContextHandler@7c2a69b4{/logs,file:///opt/src/hadoop-ozone/integration-test/target/log,AVAILABLE}
2019-06-12 20:12:41,492 INFO  handler.ContextHandler (ContextHandler.java:doStart(781)) - Started o.e.j.s.ServletContextHandler@648ee871{/static,file:///opt/src/hadoop-ozone/integration-test/target/test-classes/webapps/static,AVAILABLE}
2019-06-12 20:12:41,495 INFO  handler.ContextHandler (ContextHandler.java:doStart(781)) - Started o.e.j.w.WebAppContext@6f012914{/,file:///opt/src/hadoop-ozone/integration-test/target/test-classes/webapps/ozoneManager/,AVAILABLE}{/ozoneManager}
2019-06-12 20:12:41,496 INFO  server.AbstractConnector (AbstractConnector.java:doStart(278)) - Started ServerConnector@18fdb6cf{HTTP/1.1,[http/1.1]}{0.0.0.0:35821}
2019-06-12 20:12:41,496 INFO  server.Server (Server.java:doStart(419)) - Started @2591ms
2019-06-12 20:12:41,497 INFO  server.BaseHttpServer (BaseHttpServer.java:updateConnectorAddress(207)) - HTTP server of OZONEMANAGER is listening at http://0.0.0.0:35821
2019-06-12 20:12:41,623 INFO  impl.MetricsSystemImpl (MetricsSystemImpl.java:init(158)) - HddsDatanode metrics system started (again)
2019-06-12 20:12:41,756 INFO  ozone.HddsDatanodeService (HddsDatanodeService.java:start(185)) - HddsDatanodeService host:ozone-56gws-1102118995 ip:192.168.134.100
2019-06-12 20:12:41,780 INFO  volume.HddsVolume (HddsVolume.java:<init>(176)) - Creating Volume: /opt/src/hadoop-ozone/integration-test/target/test-dir/MiniOzoneClusterImpl-92c2a1d4-b3cd-4b35-b28c-2f4162273be2/datanode-0/data/containers/hdds of  storage type : DISK and capacity : 104021790720
2019-06-12 20:12:41,781 INFO  volume.VolumeSet (VolumeSet.java:initializeVolumeSet(170)) - Added Volume : /opt/src/hadoop-ozone/integration-test/target/test-dir/MiniOzoneClusterImpl-92c2a1d4-b3cd-4b35-b28c-2f4162273be2/datanode-0/data/containers/hdds to VolumeSet
2019-06-12 20:12:41,784 INFO  volume.ThrottledAsyncChecker (ThrottledAsyncChecker.java:schedule(140)) - Scheduling a check for org.apache.hadoop.ozone.container.common.volume.HddsVolume@4a6c18ad
2019-06-12 20:12:41,801 INFO  volume.HddsVolumeChecker (HddsVolumeChecker.java:checkAllVolumes(203)) - Scheduled health check for volume org.apache.hadoop.ozone.container.common.volume.HddsVolume@4a6c18ad
2019-06-12 20:12:41,845 INFO  ratis.XceiverServerRatis (XceiverServerRatis.java:newXceiverServerRatis(401)) - Found a free port for the server : 36677
2019-06-12 20:12:41,909 INFO  impl.RaftServerProxy (ConfUtils.java:logGet(43)) - raft.rpc.type = GRPC (default)
2019-06-12 20:12:41,919 INFO  grpc.GrpcConfigKeys$Server (ConfUtils.java:logGet(43)) - raft.grpc.server.port = 36677 (custom)
2019-06-12 20:12:41,920 INFO  server.GrpcService (ConfUtils.java:logGet(43)) - raft.grpc.message.size.max = 33570816 (custom)
2019-06-12 20:12:41,921 INFO  server.RaftServerConfigKeys (ConfUtils.java:logGet(43)) - raft.server.log.appender.buffer.byte-limit = 33554432 (custom)
2019-06-12 20:12:41,922 INFO  server.GrpcService (ConfUtils.java:logGet(43)) - raft.grpc.flow.control.window = 1MB (=1048576) (default)
2019-06-12 20:12:41,923 INFO  server.RaftServerConfigKeys (ConfUtils.java:logGet(43)) - raft.server.rpc.request.timeout = 3000ms (default)
2019-06-12 20:12:42,034 INFO  server.RaftServerConfigKeys (ConfUtils.java:logGet(43)) - raft.server.storage.dir = [/opt/src/hadoop-ozone/integration-test/target/test-dir/MiniOzoneClusterImpl-92c2a1d4-b3cd-4b35-b28c-2f4162273be2/datanode-0/data/ratis] (custom)
2019-06-12 20:12:42,039 INFO  server.XceiverServerGrpc (XceiverServerGrpc.java:<init>(97)) - Found a free port for the server : 45033
2019-06-12 20:12:42,059 INFO  replication.SimpleContainerDownloader (SimpleContainerDownloader.java:<init>(72)) - Starting container downloader service to copy containers to replicate.
2019-06-12 20:12:42,068 INFO  hdfs.DFSUtil (DFSUtil.java:httpServerTemplateForNNAndJN(1641)) - Starting Web-server for hddsDatanode at: http://0.0.0.0:0
2019-06-12 20:12:42,069 INFO  server.AuthenticationFilter (AuthenticationFilter.java:constructSecretProvider(240)) - Unable to initialize FileSignerSecretProvider, falling back to use random secrets.
2019-06-12 20:12:42,069 WARN  http.HttpRequestLog (HttpRequestLog.java:getRequestLog(97)) - Jetty request log can only be enabled using Log4j
2019-06-12 20:12:42,071 INFO  http.HttpServer2 (HttpServer2.java:addGlobalFilter(975)) - Added global filter 'safety' (class=org.apache.hadoop.http.HttpServer2$QuotingInputFilter)
2019-06-12 20:12:42,071 INFO  http.HttpServer2 (HttpServer2.java:addFilter(948)) - Added filter static_user_filter (class=org.apache.hadoop.http.lib.StaticUserWebFilter$StaticUserFilter) to context hddsDatanode
2019-06-12 20:12:42,071 INFO  http.HttpServer2 (HttpServer2.java:addFilter(958)) - Added filter static_user_filter (class=org.apache.hadoop.http.lib.StaticUserWebFilter$StaticUserFilter) to context logs
2019-06-12 20:12:42,071 INFO  http.HttpServer2 (HttpServer2.java:addFilter(958)) - Added filter static_user_filter (class=org.apache.hadoop.http.lib.StaticUserWebFilter$StaticUserFilter) to context static
2019-06-12 20:12:42,072 INFO  http.HttpServer2 (HttpServer2.java:bindListener(1191)) - Jetty bound to port 35933
2019-06-12 20:12:42,072 INFO  server.Server (Server.java:doStart(351)) - jetty-9.3.24.v20180605, build timestamp: 2018-06-05T17:11:56Z, git hash: 84205aa28f11a4f31f2a3b86d1bba2cc8ab69827
2019-06-12 20:12:42,074 INFO  handler.ContextHandler (ContextHandler.java:doStart(781)) - Started o.e.j.s.ServletContextHandler@2e51d054{/logs,file:///opt/src/hadoop-ozone/integration-test/target/log,AVAILABLE}
2019-06-12 20:12:42,074 INFO  handler.ContextHandler (ContextHandler.java:doStart(781)) - Started o.e.j.s.ServletContextHandler@615e3f51{/static,jar:file:/root/.m2/repository/org/apache/hadoop/hadoop-hdds-container-service/0.5.0-SNAPSHOT/hadoop-hdds-container-service-0.5.0-SNAPSHOT.jar!/webapps/static,AVAILABLE}
2019-06-12 20:12:42,097 INFO  handler.ContextHandler (ContextHandler.java:doStart(781)) - Started o.e.j.w.WebAppContext@5e1fc2aa{/,file:///tmp/jetty-0.0.0.0-35933-hddsDatanode-_-any-8415801113421886075.dir/webapp/,AVAILABLE}{/hddsDatanode}
2019-06-12 20:12:42,097 INFO  server.AbstractConnector (AbstractConnector.java:doStart(278)) - Started ServerConnector@688d411b{HTTP/1.1,[http/1.1]}{0.0.0.0:35933}
2019-06-12 20:12:42,098 INFO  server.Server (Server.java:doStart(419)) - Started @3193ms
2019-06-12 20:12:42,100 INFO  server.BaseHttpServer (BaseHttpServer.java:updateConnectorAddress(207)) - HTTP server of HDDSDATANODE is listening at http://0.0.0.0:35933
2019-06-12 20:12:42,919 INFO  ozone.HddsDatanodeService (HddsDatanodeService.java:startPlugins(396)) - Started plug-in org.apache.hadoop.ozone.web.OzoneHddsDatanodeService@30bf26df
2019-06-12 20:12:42,920 INFO  impl.MetricsSystemImpl (MetricsSystemImpl.java:init(158)) - HddsDatanode metrics system started (again)
2019-06-12 20:12:42,920 INFO  ozone.HddsDatanodeService (HddsDatanodeService.java:start(185)) - HddsDatanodeService host:ozone-56gws-1102118995 ip:192.168.134.100
2019-06-12 20:12:42,927 INFO  util.JvmPauseMonitor (JvmPauseMonitor.java:run(188)) - Starting JVM pause monitor
2019-06-12 20:12:42,930 INFO  volume.HddsVolume (HddsVolume.java:<init>(176)) - Creating Volume: /opt/src/hadoop-ozone/integration-test/target/test-dir/MiniOzoneClusterImpl-92c2a1d4-b3cd-4b35-b28c-2f4162273be2/datanode-1/data/containers/hdds of  storage type : DISK and capacity : 104021790720
2019-06-12 20:12:42,930 INFO  volume.VolumeSet (VolumeSet.java:initializeVolumeSet(170)) - Added Volume : /opt/src/hadoop-ozone/integration-test/target/test-dir/MiniOzoneClusterImpl-92c2a1d4-b3cd-4b35-b28c-2f4162273be2/datanode-1/data/containers/hdds to VolumeSet
2019-06-12 20:12:42,931 INFO  volume.ThrottledAsyncChecker (ThrottledAsyncChecker.java:schedule(140)) - Scheduling a check for org.apache.hadoop.ozone.container.common.volume.HddsVolume@f171912
2019-06-12 20:12:42,938 INFO  volume.HddsVolumeChecker (HddsVolumeChecker.java:checkAllVolumes(203)) - Scheduled health check for volume org.apache.hadoop.ozone.container.common.volume.HddsVolume@f171912
2019-06-12 20:12:42,952 INFO  ratis.XceiverServerRatis (XceiverServerRatis.java:newXceiverServerRatis(401)) - Found a free port for the server : 36331
2019-06-12 20:12:42,953 INFO  impl.RaftServerProxy (ConfUtils.java:logGet(43)) - raft.rpc.type = GRPC (default)
2019-06-12 20:12:42,954 INFO  grpc.GrpcConfigKeys$Server (ConfUtils.java:logGet(43)) - raft.grpc.server.port = 36331 (custom)
2019-06-12 20:12:42,954 INFO  server.GrpcService (ConfUtils.java:logGet(43)) - raft.grpc.message.size.max = 33570816 (custom)
2019-06-12 20:12:42,954 INFO  server.RaftServerConfigKeys (ConfUtils.java:logGet(43)) - raft.server.log.appender.buffer.byte-limit = 33554432 (custom)
2019-06-12 20:12:42,955 INFO  server.GrpcService (ConfUtils.java:logGet(43)) - raft.grpc.flow.control.window = 1MB (=1048576) (default)
2019-06-12 20:12:42,955 INFO  server.RaftServerConfigKeys (ConfUtils.java:logGet(43)) - raft.server.rpc.request.timeout = 3000ms (default)
2019-06-12 20:12:42,956 INFO  server.RaftServerConfigKeys (ConfUtils.java:logGet(43)) - raft.server.storage.dir = [/opt/src/hadoop-ozone/integration-test/target/test-dir/MiniOzoneClusterImpl-92c2a1d4-b3cd-4b35-b28c-2f4162273be2/datanode-1/data/ratis] (custom)
2019-06-12 20:12:42,956 INFO  server.XceiverServerGrpc (XceiverServerGrpc.java:<init>(97)) - Found a free port for the server : 37345
2019-06-12 20:12:42,956 INFO  replication.SimpleContainerDownloader (SimpleContainerDownloader.java:<init>(72)) - Starting container downloader service to copy containers to replicate.
2019-06-12 20:12:42,958 INFO  hdfs.DFSUtil (DFSUtil.java:httpServerTemplateForNNAndJN(1641)) - Starting Web-server for hddsDatanode at: http://0.0.0.0:0
2019-06-12 20:12:42,959 INFO  server.AuthenticationFilter (AuthenticationFilter.java:constructSecretProvider(240)) - Unable to initialize FileSignerSecretProvider, falling back to use random secrets.
2019-06-12 20:12:42,960 WARN  http.HttpRequestLog (HttpRequestLog.java:getRequestLog(97)) - Jetty request log can only be enabled using Log4j
2019-06-12 20:12:42,962 INFO  http.HttpServer2 (HttpServer2.java:addGlobalFilter(975)) - Added global filter 'safety' (class=org.apache.hadoop.http.HttpServer2$QuotingInputFilter)
2019-06-12 20:12:42,962 INFO  http.HttpServer2 (HttpServer2.java:addFilter(948)) - Added filter static_user_filter (class=org.apache.hadoop.http.lib.StaticUserWebFilter$StaticUserFilter) to context hddsDatanode
2019-06-12 20:12:42,963 INFO  http.HttpServer2 (HttpServer2.java:addFilter(958)) - Added filter static_user_filter (class=org.apache.hadoop.http.lib.StaticUserWebFilter$StaticUserFilter) to context logs
2019-06-12 20:12:42,963 INFO  http.HttpServer2 (HttpServer2.java:addFilter(958)) - Added filter static_user_filter (class=org.apache.hadoop.http.lib.StaticUserWebFilter$StaticUserFilter) to context static
2019-06-12 20:12:42,963 INFO  http.HttpServer2 (HttpServer2.java:bindListener(1191)) - Jetty bound to port 45865
2019-06-12 20:12:42,963 INFO  server.Server (Server.java:doStart(351)) - jetty-9.3.24.v20180605, build timestamp: 2018-06-05T17:11:56Z, git hash: 84205aa28f11a4f31f2a3b86d1bba2cc8ab69827
2019-06-12 20:12:42,968 INFO  handler.ContextHandler (ContextHandler.java:doStart(781)) - Started o.e.j.s.ServletContextHandler@18b6d3c1{/logs,file:///opt/src/hadoop-ozone/integration-test/target/log,AVAILABLE}
2019-06-12 20:12:42,970 INFO  handler.ContextHandler (ContextHandler.java:doStart(781)) - Started o.e.j.s.ServletContextHandler@3fe512d2{/static,jar:file:/root/.m2/repository/org/apache/hadoop/hadoop-hdds-container-service/0.5.0-SNAPSHOT/hadoop-hdds-container-service-0.5.0-SNAPSHOT.jar!/webapps/static,AVAILABLE}
2019-06-12 20:12:42,991 INFO  handler.ContextHandler (ContextHandler.java:doStart(781)) - Started o.e.j.w.WebAppContext@e7b265e{/,file:///tmp/jetty-0.0.0.0-45865-hddsDatanode-_-any-4661817227631691670.dir/webapp/,AVAILABLE}{/hddsDatanode}
2019-06-12 20:12:42,991 INFO  server.AbstractConnector (AbstractConnector.java:doStart(278)) - Started ServerConnector@51da32e5{HTTP/1.1,[http/1.1]}{0.0.0.0:45865}
2019-06-12 20:12:42,992 INFO  server.Server (Server.java:doStart(419)) - Started @4087ms
2019-06-12 20:12:42,992 INFO  server.BaseHttpServer (BaseHttpServer.java:updateConnectorAddress(207)) - HTTP server of HDDSDATANODE is listening at http://0.0.0.0:45865
2019-06-12 20:12:43,028 INFO  datanode.InitDatanodeState (InitDatanodeState.java:persistContainerDatanodeDetails(140)) - DatanodeDetails is persisted to /opt/src/hadoop-ozone/integration-test/target/test-dir/MiniOzoneClusterImpl-92c2a1d4-b3cd-4b35-b28c-2f4162273be2/datanode-0/meta/datanode.id
2019-06-12 20:12:43,123 INFO  ozone.HddsDatanodeService (HddsDatanodeService.java:startPlugins(396)) - Started plug-in org.apache.hadoop.ozone.web.OzoneHddsDatanodeService@1d6751e3
2019-06-12 20:12:43,123 INFO  impl.MetricsSystemImpl (MetricsSystemImpl.java:init(158)) - HddsDatanode metrics system started (again)
2019-06-12 20:12:43,124 INFO  ozone.HddsDatanodeService (HddsDatanodeService.java:start(185)) - HddsDatanodeService host:ozone-56gws-1102118995 ip:192.168.134.100
2019-06-12 20:12:43,138 INFO  util.JvmPauseMonitor (JvmPauseMonitor.java:run(188)) - Starting JVM pause monitor
2019-06-12 20:12:43,139 INFO  volume.HddsVolume (HddsVolume.java:<init>(176)) - Creating Volume: /opt/src/hadoop-ozone/integration-test/target/test-dir/MiniOzoneClusterImpl-92c2a1d4-b3cd-4b35-b28c-2f4162273be2/datanode-2/data/containers/hdds of  storage type : DISK and capacity : 104021790720
2019-06-12 20:12:43,139 INFO  volume.VolumeSet (VolumeSet.java:initializeVolumeSet(170)) - Added Volume : /opt/src/hadoop-ozone/integration-test/target/test-dir/MiniOzoneClusterImpl-92c2a1d4-b3cd-4b35-b28c-2f4162273be2/datanode-2/data/containers/hdds to VolumeSet
2019-06-12 20:12:43,139 INFO  volume.ThrottledAsyncChecker (ThrottledAsyncChecker.java:schedule(140)) - Scheduling a check for org.apache.hadoop.ozone.container.common.volume.HddsVolume@2e7af36e
2019-06-12 20:12:43,142 INFO  volume.HddsVolumeChecker (HddsVolumeChecker.java:checkAllVolumes(203)) - Scheduled health check for volume org.apache.hadoop.ozone.container.common.volume.HddsVolume@2e7af36e
2019-06-12 20:12:43,147 INFO  datanode.InitDatanodeState (InitDatanodeState.java:persistContainerDatanodeDetails(140)) - DatanodeDetails is persisted to /opt/src/hadoop-ozone/integration-test/target/test-dir/MiniOzoneClusterImpl-92c2a1d4-b3cd-4b35-b28c-2f4162273be2/datanode-1/meta/datanode.id
2019-06-12 20:12:43,152 INFO  ratis.XceiverServerRatis (XceiverServerRatis.java:newXceiverServerRatis(401)) - Found a free port for the server : 37039
2019-06-12 20:12:43,153 INFO  impl.RaftServerProxy (ConfUtils.java:logGet(43)) - raft.rpc.type = GRPC (default)
2019-06-12 20:12:43,153 INFO  grpc.GrpcConfigKeys$Server (ConfUtils.java:logGet(43)) - raft.grpc.server.port = 37039 (custom)
2019-06-12 20:12:43,153 INFO  server.GrpcService (ConfUtils.java:logGet(43)) - raft.grpc.message.size.max = 33570816 (custom)
2019-06-12 20:12:43,153 INFO  server.RaftServerConfigKeys (ConfUtils.java:logGet(43)) - raft.server.log.appender.buffer.byte-limit = 33554432 (custom)
2019-06-12 20:12:43,153 INFO  server.GrpcService (ConfUtils.java:logGet(43)) - raft.grpc.flow.control.window = 1MB (=1048576) (default)
2019-06-12 20:12:43,154 INFO  server.RaftServerConfigKeys (ConfUtils.java:logGet(43)) - raft.server.rpc.request.timeout = 3000ms (default)
2019-06-12 20:12:43,154 INFO  server.RaftServerConfigKeys (ConfUtils.java:logGet(43)) - raft.server.storage.dir = [/opt/src/hadoop-ozone/integration-test/target/test-dir/MiniOzoneClusterImpl-92c2a1d4-b3cd-4b35-b28c-2f4162273be2/datanode-2/data/ratis] (custom)
2019-06-12 20:12:43,154 INFO  server.XceiverServerGrpc (XceiverServerGrpc.java:<init>(97)) - Found a free port for the server : 46179
2019-06-12 20:12:43,155 INFO  replication.SimpleContainerDownloader (SimpleContainerDownloader.java:<init>(72)) - Starting container downloader service to copy containers to replicate.
2019-06-12 20:12:43,156 INFO  hdfs.DFSUtil (DFSUtil.java:httpServerTemplateForNNAndJN(1641)) - Starting Web-server for hddsDatanode at: http://0.0.0.0:0
2019-06-12 20:12:43,157 INFO  server.AuthenticationFilter (AuthenticationFilter.java:constructSecretProvider(240)) - Unable to initialize FileSignerSecretProvider, falling back to use random secrets.
2019-06-12 20:12:43,157 WARN  http.HttpRequestLog (HttpRequestLog.java:getRequestLog(97)) - Jetty request log can only be enabled using Log4j
2019-06-12 20:12:43,158 INFO  http.HttpServer2 (HttpServer2.java:addGlobalFilter(975)) - Added global filter 'safety' (class=org.apache.hadoop.http.HttpServer2$QuotingInputFilter)
2019-06-12 20:12:43,158 INFO  http.HttpServer2 (HttpServer2.java:addFilter(948)) - Added filter static_user_filter (class=org.apache.hadoop.http.lib.StaticUserWebFilter$StaticUserFilter) to context hddsDatanode
2019-06-12 20:12:43,158 INFO  http.HttpServer2 (HttpServer2.java:addFilter(958)) - Added filter static_user_filter (class=org.apache.hadoop.http.lib.StaticUserWebFilter$StaticUserFilter) to context static
2019-06-12 20:12:43,159 INFO  http.HttpServer2 (HttpServer2.java:addFilter(958)) - Added filter static_user_filter (class=org.apache.hadoop.http.lib.StaticUserWebFilter$StaticUserFilter) to context logs
2019-06-12 20:12:43,159 INFO  http.HttpServer2 (HttpServer2.java:bindListener(1191)) - Jetty bound to port 37435
2019-06-12 20:12:43,159 INFO  server.Server (Server.java:doStart(351)) - jetty-9.3.24.v20180605, build timestamp: 2018-06-05T17:11:56Z, git hash: 84205aa28f11a4f31f2a3b86d1bba2cc8ab69827
2019-06-12 20:12:43,167 INFO  handler.ContextHandler (ContextHandler.java:doStart(781)) - Started o.e.j.s.ServletContextHandler@674da77b{/logs,file:///opt/src/hadoop-ozone/integration-test/target/log,AVAILABLE}
2019-06-12 20:12:43,167 INFO  handler.ContextHandler (ContextHandler.java:doStart(781)) - Started o.e.j.s.ServletContextHandler@6010d0d1{/static,jar:file:/root/.m2/repository/org/apache/hadoop/hadoop-hdds-container-service/0.5.0-SNAPSHOT/hadoop-hdds-container-service-0.5.0-SNAPSHOT.jar!/webapps/static,AVAILABLE}
2019-06-12 20:12:43,188 INFO  handler.ContextHandler (ContextHandler.java:doStart(781)) - Started o.e.j.w.WebAppContext@624b523{/,file:///tmp/jetty-0.0.0.0-37435-hddsDatanode-_-any-4405302436226189016.dir/webapp/,AVAILABLE}{/hddsDatanode}
2019-06-12 20:12:43,190 INFO  server.AbstractConnector (AbstractConnector.java:doStart(278)) - Started ServerConnector@50b46e24{HTTP/1.1,[http/1.1]}{0.0.0.0:37435}
2019-06-12 20:12:43,191 INFO  server.Server (Server.java:doStart(419)) - Started @4286ms
2019-06-12 20:12:43,192 INFO  server.BaseHttpServer (BaseHttpServer.java:updateConnectorAddress(207)) - HTTP server of HDDSDATANODE is listening at http://0.0.0.0:37435
2019-06-12 20:12:43,339 INFO  ozone.HddsDatanodeService (HddsDatanodeService.java:startPlugins(396)) - Started plug-in org.apache.hadoop.ozone.web.OzoneHddsDatanodeService@662be9f7
2019-06-12 20:12:43,339 INFO  impl.MetricsSystemImpl (MetricsSystemImpl.java:init(158)) - HddsDatanode metrics system started (again)
2019-06-12 20:12:43,339 INFO  ozone.HddsDatanodeService (HddsDatanodeService.java:start(185)) - HddsDatanodeService host:ozone-56gws-1102118995 ip:192.168.134.100
2019-06-12 20:12:43,348 INFO  util.JvmPauseMonitor (JvmPauseMonitor.java:run(188)) - Starting JVM pause monitor
2019-06-12 20:12:43,356 INFO  datanode.InitDatanodeState (InitDatanodeState.java:persistContainerDatanodeDetails(140)) - DatanodeDetails is persisted to /opt/src/hadoop-ozone/integration-test/target/test-dir/MiniOzoneClusterImpl-92c2a1d4-b3cd-4b35-b28c-2f4162273be2/datanode-2/meta/datanode.id
2019-06-12 20:12:43,358 INFO  volume.HddsVolume (HddsVolume.java:<init>(176)) - Creating Volume: /opt/src/hadoop-ozone/integration-test/target/test-dir/MiniOzoneClusterImpl-92c2a1d4-b3cd-4b35-b28c-2f4162273be2/datanode-3/data/containers/hdds of  storage type : DISK and capacity : 104021790720
2019-06-12 20:12:43,358 INFO  volume.VolumeSet (VolumeSet.java:initializeVolumeSet(170)) - Added Volume : /opt/src/hadoop-ozone/integration-test/target/test-dir/MiniOzoneClusterImpl-92c2a1d4-b3cd-4b35-b28c-2f4162273be2/datanode-3/data/containers/hdds to VolumeSet
2019-06-12 20:12:43,358 INFO  volume.ThrottledAsyncChecker (ThrottledAsyncChecker.java:schedule(140)) - Scheduling a check for org.apache.hadoop.ozone.container.common.volume.HddsVolume@2f9dda71
2019-06-12 20:12:43,362 INFO  volume.HddsVolumeChecker (HddsVolumeChecker.java:checkAllVolumes(203)) - Scheduled health check for volume org.apache.hadoop.ozone.container.common.volume.HddsVolume@2f9dda71
2019-06-12 20:12:43,374 INFO  ratis.XceiverServerRatis (XceiverServerRatis.java:newXceiverServerRatis(401)) - Found a free port for the server : 44861
2019-06-12 20:12:43,376 INFO  impl.RaftServerProxy (ConfUtils.java:logGet(43)) - raft.rpc.type = GRPC (default)
2019-06-12 20:12:43,376 INFO  grpc.GrpcConfigKeys$Server (ConfUtils.java:logGet(43)) - raft.grpc.server.port = 44861 (custom)
2019-06-12 20:12:43,376 INFO  server.GrpcService (ConfUtils.java:logGet(43)) - raft.grpc.message.size.max = 33570816 (custom)
2019-06-12 20:12:43,377 INFO  server.RaftServerConfigKeys (ConfUtils.java:logGet(43)) - raft.server.log.appender.buffer.byte-limit = 33554432 (custom)
2019-06-12 20:12:43,377 INFO  server.GrpcService (ConfUtils.java:logGet(43)) - raft.grpc.flow.control.window = 1MB (=1048576) (default)
2019-06-12 20:12:43,377 INFO  server.RaftServerConfigKeys (ConfUtils.java:logGet(43)) - raft.server.rpc.request.timeout = 3000ms (default)
2019-06-12 20:12:43,378 INFO  server.RaftServerConfigKeys (ConfUtils.java:logGet(43)) - raft.server.storage.dir = [/opt/src/hadoop-ozone/integration-test/target/test-dir/MiniOzoneClusterImpl-92c2a1d4-b3cd-4b35-b28c-2f4162273be2/datanode-3/data/ratis] (custom)
2019-06-12 20:12:43,378 INFO  server.XceiverServerGrpc (XceiverServerGrpc.java:<init>(97)) - Found a free port for the server : 33645
2019-06-12 20:12:43,378 INFO  replication.SimpleContainerDownloader (SimpleContainerDownloader.java:<init>(72)) - Starting container downloader service to copy containers to replicate.
2019-06-12 20:12:43,379 INFO  hdfs.DFSUtil (DFSUtil.java:httpServerTemplateForNNAndJN(1641)) - Starting Web-server for hddsDatanode at: http://0.0.0.0:0
2019-06-12 20:12:43,380 INFO  server.AuthenticationFilter (AuthenticationFilter.java:constructSecretProvider(240)) - Unable to initialize FileSignerSecretProvider, falling back to use random secrets.
2019-06-12 20:12:43,381 WARN  http.HttpRequestLog (HttpRequestLog.java:getRequestLog(97)) - Jetty request log can only be enabled using Log4j
2019-06-12 20:12:43,382 INFO  http.HttpServer2 (HttpServer2.java:addGlobalFilter(975)) - Added global filter 'safety' (class=org.apache.hadoop.http.HttpServer2$QuotingInputFilter)
2019-06-12 20:12:43,382 INFO  http.HttpServer2 (HttpServer2.java:addFilter(948)) - Added filter static_user_filter (class=org.apache.hadoop.http.lib.StaticUserWebFilter$StaticUserFilter) to context hddsDatanode
2019-06-12 20:12:43,383 INFO  http.HttpServer2 (HttpServer2.java:addFilter(958)) - Added filter static_user_filter (class=org.apache.hadoop.http.lib.StaticUserWebFilter$StaticUserFilter) to context static
2019-06-12 20:12:43,383 INFO  http.HttpServer2 (HttpServer2.java:addFilter(958)) - Added filter static_user_filter (class=org.apache.hadoop.http.lib.StaticUserWebFilter$StaticUserFilter) to context logs
2019-06-12 20:12:43,383 INFO  http.HttpServer2 (HttpServer2.java:bindListener(1191)) - Jetty bound to port 37145
2019-06-12 20:12:43,383 INFO  server.Server (Server.java:doStart(351)) - jetty-9.3.24.v20180605, build timestamp: 2018-06-05T17:11:56Z, git hash: 84205aa28f11a4f31f2a3b86d1bba2cc8ab69827
2019-06-12 20:12:43,390 INFO  handler.ContextHandler (ContextHandler.java:doStart(781)) - Started o.e.j.s.ServletContextHandler@1f15e689{/logs,file:///opt/src/hadoop-ozone/integration-test/target/log,AVAILABLE}
2019-06-12 20:12:43,391 INFO  handler.ContextHandler (ContextHandler.java:doStart(781)) - Started o.e.j.s.ServletContextHandler@3ebc955b{/static,jar:file:/root/.m2/repository/org/apache/hadoop/hadoop-hdds-container-service/0.5.0-SNAPSHOT/hadoop-hdds-container-service-0.5.0-SNAPSHOT.jar!/webapps/static,AVAILABLE}
2019-06-12 20:12:43,412 INFO  handler.ContextHandler (ContextHandler.java:doStart(781)) - Started o.e.j.w.WebAppContext@9fe720a{/,file:///tmp/jetty-0.0.0.0-37145-hddsDatanode-_-any-6601852334353261851.dir/webapp/,AVAILABLE}{/hddsDatanode}
2019-06-12 20:12:43,414 INFO  server.AbstractConnector (AbstractConnector.java:doStart(278)) - Started ServerConnector@149274cb{HTTP/1.1,[http/1.1]}{0.0.0.0:37145}
2019-06-12 20:12:43,414 INFO  server.Server (Server.java:doStart(419)) - Started @4509ms
2019-06-12 20:12:43,415 INFO  server.BaseHttpServer (BaseHttpServer.java:updateConnectorAddress(207)) - HTTP server of HDDSDATANODE is listening at http://0.0.0.0:37145
2019-06-12 20:12:43,551 INFO  ozone.HddsDatanodeService (HddsDatanodeService.java:startPlugins(396)) - Started plug-in org.apache.hadoop.ozone.web.OzoneHddsDatanodeService@7aded903
2019-06-12 20:12:43,551 INFO  impl.MetricsSystemImpl (MetricsSystemImpl.java:init(158)) - HddsDatanode metrics system started (again)
2019-06-12 20:12:43,551 INFO  ozone.HddsDatanodeService (HddsDatanodeService.java:start(185)) - HddsDatanodeService host:ozone-56gws-1102118995 ip:192.168.134.100
2019-06-12 20:12:43,559 INFO  util.JvmPauseMonitor (JvmPauseMonitor.java:run(188)) - Starting JVM pause monitor
2019-06-12 20:12:43,560 INFO  datanode.InitDatanodeState (InitDatanodeState.java:persistContainerDatanodeDetails(140)) - DatanodeDetails is persisted to /opt/src/hadoop-ozone/integration-test/target/test-dir/MiniOzoneClusterImpl-92c2a1d4-b3cd-4b35-b28c-2f4162273be2/datanode-3/meta/datanode.id
2019-06-12 20:12:43,565 INFO  volume.HddsVolume (HddsVolume.java:<init>(176)) - Creating Volume: /opt/src/hadoop-ozone/integration-test/target/test-dir/MiniOzoneClusterImpl-92c2a1d4-b3cd-4b35-b28c-2f4162273be2/datanode-4/data/containers/hdds of  storage type : DISK and capacity : 104021790720
2019-06-12 20:12:43,566 INFO  volume.VolumeSet (VolumeSet.java:initializeVolumeSet(170)) - Added Volume : /opt/src/hadoop-ozone/integration-test/target/test-dir/MiniOzoneClusterImpl-92c2a1d4-b3cd-4b35-b28c-2f4162273be2/datanode-4/data/containers/hdds to VolumeSet
2019-06-12 20:12:43,566 INFO  volume.ThrottledAsyncChecker (ThrottledAsyncChecker.java:schedule(140)) - Scheduling a check for org.apache.hadoop.ozone.container.common.volume.HddsVolume@66f16742
2019-06-12 20:12:43,570 INFO  volume.HddsVolumeChecker (HddsVolumeChecker.java:checkAllVolumes(203)) - Scheduled health check for volume org.apache.hadoop.ozone.container.common.volume.HddsVolume@66f16742
2019-06-12 20:12:43,584 INFO  ratis.XceiverServerRatis (XceiverServerRatis.java:newXceiverServerRatis(401)) - Found a free port for the server : 39503
2019-06-12 20:12:43,585 INFO  impl.RaftServerProxy (ConfUtils.java:logGet(43)) - raft.rpc.type = GRPC (default)
2019-06-12 20:12:43,585 INFO  grpc.GrpcConfigKeys$Server (ConfUtils.java:logGet(43)) - raft.grpc.server.port = 39503 (custom)
2019-06-12 20:12:43,586 INFO  server.GrpcService (ConfUtils.java:logGet(43)) - raft.grpc.message.size.max = 33570816 (custom)
2019-06-12 20:12:43,586 INFO  server.RaftServerConfigKeys (ConfUtils.java:logGet(43)) - raft.server.log.appender.buffer.byte-limit = 33554432 (custom)
2019-06-12 20:12:43,586 INFO  server.GrpcService (ConfUtils.java:logGet(43)) - raft.grpc.flow.control.window = 1MB (=1048576) (default)
2019-06-12 20:12:43,586 INFO  server.RaftServerConfigKeys (ConfUtils.java:logGet(43)) - raft.server.rpc.request.timeout = 3000ms (default)
2019-06-12 20:12:43,587 INFO  server.RaftServerConfigKeys (ConfUtils.java:logGet(43)) - raft.server.storage.dir = [/opt/src/hadoop-ozone/integration-test/target/test-dir/MiniOzoneClusterImpl-92c2a1d4-b3cd-4b35-b28c-2f4162273be2/datanode-4/data/ratis] (custom)
2019-06-12 20:12:43,587 INFO  server.XceiverServerGrpc (XceiverServerGrpc.java:<init>(97)) - Found a free port for the server : 36501
2019-06-12 20:12:43,588 INFO  replication.SimpleContainerDownloader (SimpleContainerDownloader.java:<init>(72)) - Starting container downloader service to copy containers to replicate.
2019-06-12 20:12:43,589 INFO  hdfs.DFSUtil (DFSUtil.java:httpServerTemplateForNNAndJN(1641)) - Starting Web-server for hddsDatanode at: http://0.0.0.0:0
2019-06-12 20:12:43,590 INFO  server.AuthenticationFilter (AuthenticationFilter.java:constructSecretProvider(240)) - Unable to initialize FileSignerSecretProvider, falling back to use random secrets.
2019-06-12 20:12:43,590 WARN  http.HttpRequestLog (HttpRequestLog.java:getRequestLog(97)) - Jetty request log can only be enabled using Log4j
2019-06-12 20:12:43,592 INFO  http.HttpServer2 (HttpServer2.java:addGlobalFilter(975)) - Added global filter 'safety' (class=org.apache.hadoop.http.HttpServer2$QuotingInputFilter)
2019-06-12 20:12:43,592 INFO  http.HttpServer2 (HttpServer2.java:addFilter(948)) - Added filter static_user_filter (class=org.apache.hadoop.http.lib.StaticUserWebFilter$StaticUserFilter) to context hddsDatanode
2019-06-12 20:12:43,593 INFO  http.HttpServer2 (HttpServer2.java:addFilter(958)) - Added filter static_user_filter (class=org.apache.hadoop.http.lib.StaticUserWebFilter$StaticUserFilter) to context logs
2019-06-12 20:12:43,593 INFO  http.HttpServer2 (HttpServer2.java:addFilter(958)) - Added filter static_user_filter (class=org.apache.hadoop.http.lib.StaticUserWebFilter$StaticUserFilter) to context static
2019-06-12 20:12:43,593 INFO  http.HttpServer2 (HttpServer2.java:bindListener(1191)) - Jetty bound to port 33227
2019-06-12 20:12:43,594 INFO  server.Server (Server.java:doStart(351)) - jetty-9.3.24.v20180605, build timestamp: 2018-06-05T17:11:56Z, git hash: 84205aa28f11a4f31f2a3b86d1bba2cc8ab69827
2019-06-12 20:12:43,596 INFO  handler.ContextHandler (ContextHandler.java:doStart(781)) - Started o.e.j.s.ServletContextHandler@4ef18604{/logs,file:///opt/src/hadoop-ozone/integration-test/target/log,AVAILABLE}
2019-06-12 20:12:43,596 INFO  handler.ContextHandler (ContextHandler.java:doStart(781)) - Started o.e.j.s.ServletContextHandler@16cf8438{/static,jar:file:/root/.m2/repository/org/apache/hadoop/hadoop-hdds-container-service/0.5.0-SNAPSHOT/hadoop-hdds-container-service-0.5.0-SNAPSHOT.jar!/webapps/static,AVAILABLE}
2019-06-12 20:12:43,629 INFO  handler.ContextHandler (ContextHandler.java:doStart(781)) - Started o.e.j.w.WebAppContext@2ca3d826{/,file:///tmp/jetty-0.0.0.0-33227-hddsDatanode-_-any-8475004890600180287.dir/webapp/,AVAILABLE}{/hddsDatanode}
2019-06-12 20:12:43,630 INFO  server.AbstractConnector (AbstractConnector.java:doStart(278)) - Started ServerConnector@5d194314{HTTP/1.1,[http/1.1]}{0.0.0.0:33227}
2019-06-12 20:12:43,631 INFO  server.Server (Server.java:doStart(419)) - Started @4726ms
2019-06-12 20:12:43,632 INFO  server.BaseHttpServer (BaseHttpServer.java:updateConnectorAddress(207)) - HTTP server of HDDSDATANODE is listening at http://0.0.0.0:33227
2019-06-12 20:12:43,730 INFO  ozone.HddsDatanodeService (HddsDatanodeService.java:startPlugins(396)) - Started plug-in org.apache.hadoop.ozone.web.OzoneHddsDatanodeService@454bcbbf
2019-06-12 20:12:43,730 INFO  impl.MetricsSystemImpl (MetricsSystemImpl.java:init(158)) - HddsDatanode metrics system started (again)
2019-06-12 20:12:43,731 INFO  ozone.HddsDatanodeService (HddsDatanodeService.java:start(185)) - HddsDatanodeService host:ozone-56gws-1102118995 ip:192.168.134.100
2019-06-12 20:12:43,734 INFO  util.JvmPauseMonitor (JvmPauseMonitor.java:run(188)) - Starting JVM pause monitor
2019-06-12 20:12:43,742 INFO  datanode.InitDatanodeState (InitDatanodeState.java:persistContainerDatanodeDetails(140)) - DatanodeDetails is persisted to /opt/src/hadoop-ozone/integration-test/target/test-dir/MiniOzoneClusterImpl-92c2a1d4-b3cd-4b35-b28c-2f4162273be2/datanode-4/meta/datanode.id
2019-06-12 20:12:43,742 INFO  volume.HddsVolume (HddsVolume.java:<init>(176)) - Creating Volume: /opt/src/hadoop-ozone/integration-test/target/test-dir/MiniOzoneClusterImpl-92c2a1d4-b3cd-4b35-b28c-2f4162273be2/datanode-5/data/containers/hdds of  storage type : DISK and capacity : 104021790720
2019-06-12 20:12:43,742 INFO  volume.VolumeSet (VolumeSet.java:initializeVolumeSet(170)) - Added Volume : /opt/src/hadoop-ozone/integration-test/target/test-dir/MiniOzoneClusterImpl-92c2a1d4-b3cd-4b35-b28c-2f4162273be2/datanode-5/data/containers/hdds to VolumeSet
2019-06-12 20:12:43,742 INFO  volume.ThrottledAsyncChecker (ThrottledAsyncChecker.java:schedule(140)) - Scheduling a check for org.apache.hadoop.ozone.container.common.volume.HddsVolume@7ea42c82
2019-06-12 20:12:43,746 INFO  volume.HddsVolumeChecker (HddsVolumeChecker.java:checkAllVolumes(203)) - Scheduled health check for volume org.apache.hadoop.ozone.container.common.volume.HddsVolume@7ea42c82
2019-06-12 20:12:43,756 INFO  ratis.XceiverServerRatis (XceiverServerRatis.java:newXceiverServerRatis(401)) - Found a free port for the server : 39861
2019-06-12 20:12:43,758 INFO  impl.RaftServerProxy (ConfUtils.java:logGet(43)) - raft.rpc.type = GRPC (default)
2019-06-12 20:12:43,758 INFO  grpc.GrpcConfigKeys$Server (ConfUtils.java:logGet(43)) - raft.grpc.server.port = 39861 (custom)
2019-06-12 20:12:43,758 INFO  server.GrpcService (ConfUtils.java:logGet(43)) - raft.grpc.message.size.max = 33570816 (custom)
2019-06-12 20:12:43,758 INFO  server.RaftServerConfigKeys (ConfUtils.java:logGet(43)) - raft.server.log.appender.buffer.byte-limit = 33554432 (custom)
2019-06-12 20:12:43,758 INFO  server.GrpcService (ConfUtils.java:logGet(43)) - raft.grpc.flow.control.window = 1MB (=1048576) (default)
2019-06-12 20:12:43,759 INFO  server.RaftServerConfigKeys (ConfUtils.java:logGet(43)) - raft.server.rpc.request.timeout = 3000ms (default)
2019-06-12 20:12:43,759 INFO  server.RaftServerConfigKeys (ConfUtils.java:logGet(43)) - raft.server.storage.dir = [/opt/src/hadoop-ozone/integration-test/target/test-dir/MiniOzoneClusterImpl-92c2a1d4-b3cd-4b35-b28c-2f4162273be2/datanode-5/data/ratis] (custom)
2019-06-12 20:12:43,760 INFO  server.XceiverServerGrpc (XceiverServerGrpc.java:<init>(97)) - Found a free port for the server : 35557
2019-06-12 20:12:43,760 INFO  replication.SimpleContainerDownloader (SimpleContainerDownloader.java:<init>(72)) - Starting container downloader service to copy containers to replicate.
2019-06-12 20:12:43,761 INFO  hdfs.DFSUtil (DFSUtil.java:httpServerTemplateForNNAndJN(1641)) - Starting Web-server for hddsDatanode at: http://0.0.0.0:0
2019-06-12 20:12:43,762 INFO  server.AuthenticationFilter (AuthenticationFilter.java:constructSecretProvider(240)) - Unable to initialize FileSignerSecretProvider, falling back to use random secrets.
2019-06-12 20:12:43,762 WARN  http.HttpRequestLog (HttpRequestLog.java:getRequestLog(97)) - Jetty request log can only be enabled using Log4j
2019-06-12 20:12:43,763 INFO  http.HttpServer2 (HttpServer2.java:addGlobalFilter(975)) - Added global filter 'safety' (class=org.apache.hadoop.http.HttpServer2$QuotingInputFilter)
2019-06-12 20:12:43,764 INFO  http.HttpServer2 (HttpServer2.java:addFilter(948)) - Added filter static_user_filter (class=org.apache.hadoop.http.lib.StaticUserWebFilter$StaticUserFilter) to context hddsDatanode
2019-06-12 20:12:43,764 INFO  http.HttpServer2 (HttpServer2.java:addFilter(958)) - Added filter static_user_filter (class=org.apache.hadoop.http.lib.StaticUserWebFilter$StaticUserFilter) to context static
2019-06-12 20:12:43,764 INFO  http.HttpServer2 (HttpServer2.java:addFilter(958)) - Added filter static_user_filter (class=org.apache.hadoop.http.lib.StaticUserWebFilter$StaticUserFilter) to context logs
2019-06-12 20:12:43,765 INFO  http.HttpServer2 (HttpServer2.java:bindListener(1191)) - Jetty bound to port 36799
2019-06-12 20:12:43,765 INFO  server.Server (Server.java:doStart(351)) - jetty-9.3.24.v20180605, build timestamp: 2018-06-05T17:11:56Z, git hash: 84205aa28f11a4f31f2a3b86d1bba2cc8ab69827
2019-06-12 20:12:43,771 INFO  handler.ContextHandler (ContextHandler.java:doStart(781)) - Started o.e.j.s.ServletContextHandler@58a7dc4{/logs,file:///opt/src/hadoop-ozone/integration-test/target/log,AVAILABLE}
2019-06-12 20:12:43,772 INFO  handler.ContextHandler (ContextHandler.java:doStart(781)) - Started o.e.j.s.ServletContextHandler@27f71195{/static,jar:file:/root/.m2/repository/org/apache/hadoop/hadoop-hdds-container-service/0.5.0-SNAPSHOT/hadoop-hdds-container-service-0.5.0-SNAPSHOT.jar!/webapps/static,AVAILABLE}
2019-06-12 20:12:43,793 INFO  handler.ContextHandler (ContextHandler.java:doStart(781)) - Started o.e.j.w.WebAppContext@26b3c9a2{/,file:///tmp/jetty-0.0.0.0-36799-hddsDatanode-_-any-6359194329551832494.dir/webapp/,AVAILABLE}{/hddsDatanode}
2019-06-12 20:12:43,794 INFO  server.AbstractConnector (AbstractConnector.java:doStart(278)) - Started ServerConnector@241b971f{HTTP/1.1,[http/1.1]}{0.0.0.0:36799}
2019-06-12 20:12:43,794 INFO  server.Server (Server.java:doStart(419)) - Started @4889ms
2019-06-12 20:12:43,795 INFO  server.BaseHttpServer (BaseHttpServer.java:updateConnectorAddress(207)) - HTTP server of HDDSDATANODE is listening at http://0.0.0.0:36799
2019-06-12 20:12:43,917 INFO  ozone.HddsDatanodeService (HddsDatanodeService.java:startPlugins(396)) - Started plug-in org.apache.hadoop.ozone.web.OzoneHddsDatanodeService@693f2213
2019-06-12 20:12:43,918 INFO  ozone.MiniOzoneClusterImpl (MiniOzoneClusterImpl.java:lambda$waitForClusterToBeReady$0(142)) - Waiting for cluster to be ready. Got 0 of 6 DN Heartbeats.
2019-06-12 20:12:43,920 INFO  util.JvmPauseMonitor (JvmPauseMonitor.java:run(188)) - Starting JVM pause monitor
2019-06-12 20:12:43,921 INFO  datanode.InitDatanodeState (InitDatanodeState.java:persistContainerDatanodeDetails(140)) - DatanodeDetails is persisted to /opt/src/hadoop-ozone/integration-test/target/test-dir/MiniOzoneClusterImpl-92c2a1d4-b3cd-4b35-b28c-2f4162273be2/datanode-5/meta/datanode.id
2019-06-12 20:12:44,918 INFO  ozone.MiniOzoneClusterImpl (MiniOzoneClusterImpl.java:lambda$waitForClusterToBeReady$0(142)) - Waiting for cluster to be ready. Got 0 of 6 DN Heartbeats.
2019-06-12 20:12:44,948 INFO  ozoneimpl.OzoneContainer (OzoneContainer.java:start(186)) - Attempting to start container services.
2019-06-12 20:12:44,948 INFO  ozoneimpl.OzoneContainer (OzoneContainer.java:startContainerScrub(160)) - Background container scrubber has been disabled by hdds.containerscrub.enabled
2019-06-12 20:12:44,948 INFO  ratis.XceiverServerRatis (XceiverServerRatis.java:start(418)) - Starting XceiverServerRatis 31795e9a-0588-4537-aaa4-ef51d6d8fde5 at port 36677
2019-06-12 20:12:44,965 INFO  impl.RaftServerProxy (RaftServerProxy.java:lambda$start$3(299)) - 31795e9a-0588-4537-aaa4-ef51d6d8fde5: start RPC server
2019-06-12 20:12:45,098 INFO  server.GrpcService (GrpcService.java:startImpl(148)) - 31795e9a-0588-4537-aaa4-ef51d6d8fde5: GrpcService started, listening on 0.0.0.0/0.0.0.0:36677
2019-06-12 20:12:45,144 INFO  ozoneimpl.OzoneContainer (OzoneContainer.java:start(186)) - Attempting to start container services.
2019-06-12 20:12:45,144 INFO  ozoneimpl.OzoneContainer (OzoneContainer.java:startContainerScrub(160)) - Background container scrubber has been disabled by hdds.containerscrub.enabled
2019-06-12 20:12:45,144 INFO  ratis.XceiverServerRatis (XceiverServerRatis.java:start(418)) - Starting XceiverServerRatis 7c143d1f-2013-459a-b5eb-868ea090a2bc at port 36331
2019-06-12 20:12:45,150 INFO  impl.RaftServerProxy (RaftServerProxy.java:lambda$start$3(299)) - 7c143d1f-2013-459a-b5eb-868ea090a2bc: start RPC server
2019-06-12 20:12:45,153 INFO  server.GrpcService (GrpcService.java:startImpl(148)) - 7c143d1f-2013-459a-b5eb-868ea090a2bc: GrpcService started, listening on 0.0.0.0/0.0.0.0:36331
2019-06-12 20:12:45,351 INFO  ozoneimpl.OzoneContainer (OzoneContainer.java:start(186)) - Attempting to start container services.
2019-06-12 20:12:45,353 INFO  ozoneimpl.OzoneContainer (OzoneContainer.java:startContainerScrub(160)) - Background container scrubber has been disabled by hdds.containerscrub.enabled
2019-06-12 20:12:45,353 INFO  ratis.XceiverServerRatis (XceiverServerRatis.java:start(418)) - Starting XceiverServerRatis e25ba119-ba18-4990-af30-3d8766cc29f9 at port 37039
2019-06-12 20:12:45,376 INFO  impl.RaftServerProxy (RaftServerProxy.java:lambda$start$3(299)) - e25ba119-ba18-4990-af30-3d8766cc29f9: start RPC server
2019-06-12 20:12:45,379 INFO  server.GrpcService (GrpcService.java:startImpl(148)) - e25ba119-ba18-4990-af30-3d8766cc29f9: GrpcService started, listening on 0.0.0.0/0.0.0.0:37039
2019-06-12 20:12:45,563 INFO  ozoneimpl.OzoneContainer (OzoneContainer.java:start(186)) - Attempting to start container services.
2019-06-12 20:12:45,565 INFO  ozoneimpl.OzoneContainer (OzoneContainer.java:startContainerScrub(160)) - Background container scrubber has been disabled by hdds.containerscrub.enabled
2019-06-12 20:12:45,565 INFO  ratis.XceiverServerRatis (XceiverServerRatis.java:start(418)) - Starting XceiverServerRatis 18b4187a-e499-478e-b111-42e2ea5497e4 at port 44861
2019-06-12 20:12:45,570 INFO  impl.RaftServerProxy (RaftServerProxy.java:lambda$start$3(299)) - 18b4187a-e499-478e-b111-42e2ea5497e4: start RPC server
2019-06-12 20:12:45,572 INFO  server.GrpcService (GrpcService.java:startImpl(148)) - 18b4187a-e499-478e-b111-42e2ea5497e4: GrpcService started, listening on 0.0.0.0/0.0.0.0:44861
2019-06-12 20:12:45,738 INFO  ozoneimpl.OzoneContainer (OzoneContainer.java:start(186)) - Attempting to start container services.
2019-06-12 20:12:45,740 INFO  ozoneimpl.OzoneContainer (OzoneContainer.java:startContainerScrub(160)) - Background container scrubber has been disabled by hdds.containerscrub.enabled
2019-06-12 20:12:45,740 INFO  ratis.XceiverServerRatis (XceiverServerRatis.java:start(418)) - Starting XceiverServerRatis 900d5538-845a-4a1b-8e31-2b073e9dda01 at port 39503
2019-06-12 20:12:45,746 INFO  impl.RaftServerProxy (RaftServerProxy.java:lambda$start$3(299)) - 900d5538-845a-4a1b-8e31-2b073e9dda01: start RPC server
2019-06-12 20:12:45,748 INFO  server.GrpcService (GrpcService.java:startImpl(148)) - 900d5538-845a-4a1b-8e31-2b073e9dda01: GrpcService started, listening on 0.0.0.0/0.0.0.0:39503
2019-06-12 20:12:45,919 INFO  ozone.MiniOzoneClusterImpl (MiniOzoneClusterImpl.java:lambda$waitForClusterToBeReady$0(142)) - Waiting for cluster to be ready. Got 0 of 6 DN Heartbeats.
2019-06-12 20:12:45,924 INFO  ozoneimpl.OzoneContainer (OzoneContainer.java:start(186)) - Attempting to start container services.
2019-06-12 20:12:45,926 INFO  ozoneimpl.OzoneContainer (OzoneContainer.java:startContainerScrub(160)) - Background container scrubber has been disabled by hdds.containerscrub.enabled
2019-06-12 20:12:45,926 INFO  ratis.XceiverServerRatis (XceiverServerRatis.java:start(418)) - Starting XceiverServerRatis c7392e1d-2234-4ea8-83a8-4b10cdd1e176 at port 39861
2019-06-12 20:12:45,929 INFO  impl.RaftServerProxy (RaftServerProxy.java:lambda$start$3(299)) - c7392e1d-2234-4ea8-83a8-4b10cdd1e176: start RPC server
2019-06-12 20:12:45,931 INFO  server.GrpcService (GrpcService.java:startImpl(148)) - c7392e1d-2234-4ea8-83a8-4b10cdd1e176: GrpcService started, listening on 0.0.0.0/0.0.0.0:39861
2019-06-12 20:12:46,919 INFO  ozone.MiniOzoneClusterImpl (MiniOzoneClusterImpl.java:lambda$waitForClusterToBeReady$0(142)) - Waiting for cluster to be ready. Got 0 of 6 DN Heartbeats.
2019-06-12 20:12:46,947 INFO  node.SCMNodeManager (SCMNodeManager.java:register(234)) - Registered Data node : 31795e9a-0588-4537-aaa4-ef51d6d8fde5{ip: 192.168.134.100, host: ozone-56gws-1102118995, networkLocation: /default-rack, certSerialId: null}
2019-06-12 20:12:46,950 INFO  safemode.SCMSafeModeManager (DataNodeSafeModeRule.java:process(71)) - SCM in safe mode. 1 DataNodes registered, 1 required.
2019-06-12 20:12:46,951 INFO  safemode.SCMSafeModeManager (SCMSafeModeManager.java:validateSafeModeExitRules(177)) - ScmSafeModeManager, all rules are successfully validated
2019-06-12 20:12:46,951 INFO  safemode.SCMSafeModeManager (SCMSafeModeManager.java:exitSafeMode(193)) - SCM exiting safe mode.
2019-06-12 20:12:47,140 INFO  node.SCMNodeManager (SCMNodeManager.java:register(234)) - Registered Data node : 7c143d1f-2013-459a-b5eb-868ea090a2bc{ip: 192.168.134.100, host: ozone-56gws-1102118995, networkLocation: /default-rack, certSerialId: null}
2019-06-12 20:12:47,280 INFO  impl.RaftServerProxy (RaftServerProxy.java:addNew(89)) - 31795e9a-0588-4537-aaa4-ef51d6d8fde5: addNew group-E347F5AC6920:[31795e9a-0588-4537-aaa4-ef51d6d8fde5:192.168.134.100:36677] returns group-E347F5AC6920:java.util.concurrent.CompletableFuture@2a9b1bc2[Not completed]
2019-06-12 20:12:47,286 INFO  impl.RaftServerImpl (RaftServerImpl.java:<init>(91)) - 31795e9a-0588-4537-aaa4-ef51d6d8fde5: new RaftServerImpl for group-E347F5AC6920:[31795e9a-0588-4537-aaa4-ef51d6d8fde5:192.168.134.100:36677] with ContainerStateMachine:uninitialized
2019-06-12 20:12:47,287 INFO  server.RaftServerConfigKeys (ConfUtils.java:logGet(43)) - raft.server.rpc.timeout.min = 1s (custom)
2019-06-12 20:12:47,287 INFO  server.RaftServerConfigKeys (ConfUtils.java:logGet(43)) - raft.server.rpc.timeout.max = 1200ms (custom)
2019-06-12 20:12:47,288 INFO  server.RaftServerConfigKeys (ConfUtils.java:logGet(43)) - raft.server.rpcslowness.timeout = 10s (custom)
2019-06-12 20:12:47,288 INFO  server.RaftServerConfigKeys (ConfUtils.java:logGet(43)) - raft.server.log.appender.install.snapshot.enabled = true (default)
2019-06-12 20:12:47,294 INFO  impl.RaftServerImpl (ServerState.java:<init>(101)) - 31795e9a-0588-4537-aaa4-ef51d6d8fde5:group-E347F5AC6920 ConfigurationManager, init=-1: [31795e9a-0588-4537-aaa4-ef51d6d8fde5:192.168.134.100:36677], old=null, confs=<EMPTY_MAP>
2019-06-12 20:12:47,295 INFO  server.RaftServerConfigKeys (ConfUtils.java:logGet(43)) - raft.server.storage.dir = [/opt/src/hadoop-ozone/integration-test/target/test-dir/MiniOzoneClusterImpl-92c2a1d4-b3cd-4b35-b28c-2f4162273be2/datanode-0/data/ratis] (custom)
2019-06-12 20:12:47,301 INFO  storage.RaftStorageDirectory (RaftStorageDirectory.java:analyzeStorage(246)) - The storage directory /opt/src/hadoop-ozone/integration-test/target/test-dir/MiniOzoneClusterImpl-92c2a1d4-b3cd-4b35-b28c-2f4162273be2/datanode-0/data/ratis/811b79d2-ec70-462f-996c-e347f5ac6920 does not exist. Creating ...
2019-06-12 20:12:47,306 INFO  storage.RaftStorageDirectory (RaftStorageDirectory.java:tryLock(328)) - Lock on /opt/src/hadoop-ozone/integration-test/target/test-dir/MiniOzoneClusterImpl-92c2a1d4-b3cd-4b35-b28c-2f4162273be2/datanode-0/data/ratis/811b79d2-ec70-462f-996c-e347f5ac6920/in_use.lock acquired by nodename 10168@ozone-56gws-1102118995
2019-06-12 20:12:47,310 INFO  storage.RaftStorage (RaftStorage.java:format(75)) - Storage directory /opt/src/hadoop-ozone/integration-test/target/test-dir/MiniOzoneClusterImpl-92c2a1d4-b3cd-4b35-b28c-2f4162273be2/datanode-0/data/ratis/811b79d2-ec70-462f-996c-e347f5ac6920 has been successfully formatted.
2019-06-12 20:12:47,311 INFO  ratis.ContainerStateMachine (ContainerStateMachine.java:loadSnapshot(199)) - The snapshot info is null.Setting the last applied index to:(t:0, i:~)
2019-06-12 20:12:47,311 INFO  server.RaftServerConfigKeys (ConfUtils.java:logGet(43)) - raft.server.leader.election.timeout = 10s (custom)
2019-06-12 20:12:47,426 INFO  server.RaftServerConfigKeys (ConfUtils.java:logGet(43)) - raft.server.log.use.memory = false (default)
2019-06-12 20:12:47,429 INFO  server.RaftServerConfigKeys (ConfUtils.java:logGet(43)) - raft.server.log.appender.buffer.byte-limit = 33554432 (custom)
2019-06-12 20:12:47,431 INFO  node.SCMNodeManager (SCMNodeManager.java:register(234)) - Registered Data node : e25ba119-ba18-4990-af30-3d8766cc29f9{ip: 192.168.134.100, host: ozone-56gws-1102118995, networkLocation: /default-rack, certSerialId: null}
2019-06-12 20:12:47,433 INFO  server.RaftServerConfigKeys (ConfUtils.java:logGet(43)) - raft.server.log.segment.size.max = 16384 (custom)
2019-06-12 20:12:47,436 INFO  server.RaftServerConfigKeys (ConfUtils.java:logGet(43)) - raft.server.log.segment.cache.num.max = 2 (custom)
2019-06-12 20:12:47,439 INFO  storage.RaftLogWorker (RaftLogWorker.java:<init>(123)) - new 31795e9a-0588-4537-aaa4-ef51d6d8fde5-RaftLogWorker for Storage Directory /opt/src/hadoop-ozone/integration-test/target/test-dir/MiniOzoneClusterImpl-92c2a1d4-b3cd-4b35-b28c-2f4162273be2/datanode-0/data/ratis/811b79d2-ec70-462f-996c-e347f5ac6920
2019-06-12 20:12:47,439 INFO  server.RaftServerConfigKeys (ConfUtils.java:logGet(43)) - raft.server.log.queue.byte-limit = 2147483647 (custom)
2019-06-12 20:12:47,439 INFO  server.RaftServerConfigKeys (ConfUtils.java:logGet(43)) - raft.server.log.queue.element-limit = 1024 (custom)
2019-06-12 20:12:47,441 INFO  server.RaftServerConfigKeys (ConfUtils.java:logGet(43)) - raft.server.log.segment.size.max = 16384 (custom)
2019-06-12 20:12:47,441 INFO  server.RaftServerConfigKeys (ConfUtils.java:logGet(43)) - raft.server.log.preallocated.size = 16384 (custom)
2019-06-12 20:12:47,441 INFO  server.RaftServerConfigKeys (ConfUtils.java:logGet(43)) - raft.server.log.write.buffer.size = 33554432 (custom)
2019-06-12 20:12:47,442 INFO  server.RaftServerConfigKeys (ConfUtils.java:logGet(43)) - raft.server.log.force.sync.num = 128 (default)
2019-06-12 20:12:47,442 INFO  server.RaftServerConfigKeys (ConfUtils.java:logGet(43)) - raft.server.log.statemachine.data.sync = true (default)
2019-06-12 20:12:47,443 INFO  server.RaftServerConfigKeys (ConfUtils.java:logGet(43)) - raft.server.log.statemachine.data.sync.timeout = 10s (default)
2019-06-12 20:12:47,443 INFO  server.RaftServerConfigKeys (ConfUtils.java:logGet(43)) - raft.server.log.statemachine.data.sync.timeout.retry = -1 (default)
2019-06-12 20:12:47,445 INFO  server.RaftServerConfigKeys (ConfUtils.java:logGet(43)) - raft.server.log.statemachine.data.caching.enabled = true (custom)
2019-06-12 20:12:47,450 INFO  server.RaftServerConfigKeys (ConfUtils.java:logGet(43)) - raft.server.snapshot.auto.trigger.enabled = true (custom)
2019-06-12 20:12:47,451 INFO  server.RaftServerConfigKeys (ConfUtils.java:logGet(43)) - raft.server.snapshot.auto.trigger.threshold = 10000 (custom)
2019-06-12 20:12:47,452 INFO  server.RaftServerConfigKeys (ConfUtils.java:logGet(43)) - raft.server.retrycache.expirytime = 600000ms (custom)
2019-06-12 20:12:47,469 INFO  impl.RaftServerImpl (RaftServerImpl.java:start(173)) - 31795e9a-0588-4537-aaa4-ef51d6d8fde5: start group-E347F5AC6920
2019-06-12 20:12:47,469 INFO  impl.RaftServerImpl (RaftServerImpl.java:setRole(164)) - 31795e9a-0588-4537-aaa4-ef51d6d8fde5:group-E347F5AC6920 changes role from null to FOLLOWER at term 0 for startAsFollower
2019-06-12 20:12:47,470 INFO  impl.RoleInfo (RoleInfo.java:updateAndGet(143)) - 31795e9a-0588-4537-aaa4-ef51d6d8fde5: start FollowerState
2019-06-12 20:12:47,471 INFO  util.JmxRegister (JmxRegister.java:tryRegister(44)) - Successfully registered JMX Bean with object name Ratis:service=RaftServer,group=group-E347F5AC6920,id=31795e9a-0588-4537-aaa4-ef51d6d8fde5
2019-06-12 20:12:47,511 INFO  pipeline.PipelineStateManager (PipelineStateManager.java:addPipeline(56)) - Created pipeline Pipeline[ Id: 811b79d2-ec70-462f-996c-e347f5ac6920, Nodes: 31795e9a-0588-4537-aaa4-ef51d6d8fde5{ip: 192.168.134.100, host: ozone-56gws-1102118995, networkLocation: /default-rack, certSerialId: null}, Type:RATIS, Factor:ONE, State:OPEN]
2019-06-12 20:12:47,526 INFO  impl.RaftServerProxy (RaftServerProxy.java:addNew(89)) - e25ba119-ba18-4990-af30-3d8766cc29f9: addNew group-4D6E7E3ACED1:[e25ba119-ba18-4990-af30-3d8766cc29f9:192.168.134.100:37039] returns group-4D6E7E3ACED1:java.util.concurrent.CompletableFuture@79e33e7c[Not completed]
2019-06-12 20:12:47,527 INFO  impl.RaftServerImpl (RaftServerImpl.java:<init>(91)) - e25ba119-ba18-4990-af30-3d8766cc29f9: new RaftServerImpl for group-4D6E7E3ACED1:[e25ba119-ba18-4990-af30-3d8766cc29f9:192.168.134.100:37039] with ContainerStateMachine:uninitialized
2019-06-12 20:12:47,527 INFO  server.RaftServerConfigKeys (ConfUtils.java:logGet(43)) - raft.server.rpc.timeout.min = 1s (custom)
2019-06-12 20:12:47,528 INFO  server.RaftServerConfigKeys (ConfUtils.java:logGet(43)) - raft.server.rpc.timeout.max = 1200ms (custom)
2019-06-12 20:12:47,528 INFO  server.RaftServerConfigKeys (ConfUtils.java:logGet(43)) - raft.server.rpcslowness.timeout = 10s (custom)
2019-06-12 20:12:47,528 INFO  server.RaftServerConfigKeys (ConfUtils.java:logGet(43)) - raft.server.log.appender.install.snapshot.enabled = true (default)
2019-06-12 20:12:47,528 INFO  impl.RaftServerImpl (ServerState.java:<init>(101)) - e25ba119-ba18-4990-af30-3d8766cc29f9:group-4D6E7E3ACED1 ConfigurationManager, init=-1: [e25ba119-ba18-4990-af30-3d8766cc29f9:192.168.134.100:37039], old=null, confs=<EMPTY_MAP>
2019-06-12 20:12:47,528 INFO  server.RaftServerConfigKeys (ConfUtils.java:logGet(43)) - raft.server.storage.dir = [/opt/src/hadoop-ozone/integration-test/target/test-dir/MiniOzoneClusterImpl-92c2a1d4-b3cd-4b35-b28c-2f4162273be2/datanode-2/data/ratis] (custom)
2019-06-12 20:12:47,528 INFO  storage.RaftStorageDirectory (RaftStorageDirectory.java:analyzeStorage(246)) - The storage directory /opt/src/hadoop-ozone/integration-test/target/test-dir/MiniOzoneClusterImpl-92c2a1d4-b3cd-4b35-b28c-2f4162273be2/datanode-2/data/ratis/c28ce83b-ad17-4802-8e2f-4d6e7e3aced1 does not exist. Creating ...
2019-06-12 20:12:47,530 INFO  storage.RaftStorageDirectory (RaftStorageDirectory.java:tryLock(328)) - Lock on /opt/src/hadoop-ozone/integration-test/target/test-dir/MiniOzoneClusterImpl-92c2a1d4-b3cd-4b35-b28c-2f4162273be2/datanode-2/data/ratis/c28ce83b-ad17-4802-8e2f-4d6e7e3aced1/in_use.lock acquired by nodename 10168@ozone-56gws-1102118995
2019-06-12 20:12:47,532 INFO  storage.RaftStorage (RaftStorage.java:format(75)) - Storage directory /opt/src/hadoop-ozone/integration-test/target/test-dir/MiniOzoneClusterImpl-92c2a1d4-b3cd-4b35-b28c-2f4162273be2/datanode-2/data/ratis/c28ce83b-ad17-4802-8e2f-4d6e7e3aced1 has been successfully formatted.
2019-06-12 20:12:47,533 INFO  ratis.ContainerStateMachine (ContainerStateMachine.java:loadSnapshot(199)) - The snapshot info is null.Setting the last applied index to:(t:0, i:~)
2019-06-12 20:12:47,533 INFO  server.RaftServerConfigKeys (ConfUtils.java:logGet(43)) - raft.server.leader.election.timeout = 10s (custom)
2019-06-12 20:12:47,533 INFO  server.RaftServerConfigKeys (ConfUtils.java:logGet(43)) - raft.server.log.use.memory = false (default)
2019-06-12 20:12:47,533 INFO  server.RaftServerConfigKeys (ConfUtils.java:logGet(43)) - raft.server.log.appender.buffer.byte-limit = 33554432 (custom)
2019-06-12 20:12:47,533 INFO  server.RaftServerConfigKeys (ConfUtils.java:logGet(43)) - raft.server.log.segment.size.max = 16384 (custom)
2019-06-12 20:12:47,533 INFO  server.RaftServerConfigKeys (ConfUtils.java:logGet(43)) - raft.server.log.segment.cache.num.max = 2 (custom)
2019-06-12 20:12:47,533 INFO  storage.RaftLogWorker (RaftLogWorker.java:<init>(123)) - new e25ba119-ba18-4990-af30-3d8766cc29f9-RaftLogWorker for Storage Directory /opt/src/hadoop-ozone/integration-test/target/test-dir/MiniOzoneClusterImpl-92c2a1d4-b3cd-4b35-b28c-2f4162273be2/datanode-2/data/ratis/c28ce83b-ad17-4802-8e2f-4d6e7e3aced1
2019-06-12 20:12:47,534 INFO  server.RaftServerConfigKeys (ConfUtils.java:logGet(43)) - raft.server.log.queue.byte-limit = 2147483647 (custom)
2019-06-12 20:12:47,534 INFO  server.RaftServerConfigKeys (ConfUtils.java:logGet(43)) - raft.server.log.queue.element-limit = 1024 (custom)
2019-06-12 20:12:47,535 INFO  server.RaftServerConfigKeys (ConfUtils.java:logGet(43)) - raft.server.log.segment.size.max = 16384 (custom)
2019-06-12 20:12:47,535 INFO  server.RaftServerConfigKeys (ConfUtils.java:logGet(43)) - raft.server.log.preallocated.size = 16384 (custom)
2019-06-12 20:12:47,535 INFO  server.RaftServerConfigKeys (ConfUtils.java:logGet(43)) - raft.server.log.write.buffer.size = 33554432 (custom)
2019-06-12 20:12:47,535 INFO  server.RaftServerConfigKeys (ConfUtils.java:logGet(43)) - raft.server.log.force.sync.num = 128 (default)
2019-06-12 20:12:47,535 INFO  server.RaftServerConfigKeys (ConfUtils.java:logGet(43)) - raft.server.log.statemachine.data.sync = true (default)
2019-06-12 20:12:47,535 INFO  server.RaftServerConfigKeys (ConfUtils.java:logGet(43)) - raft.server.log.statemachine.data.sync.timeout = 10s (default)
2019-06-12 20:12:47,535 INFO  server.RaftServerConfigKeys (ConfUtils.java:logGet(43)) - raft.server.log.statemachine.data.sync.timeout.retry = -1 (default)
2019-06-12 20:12:47,536 INFO  server.RaftServerConfigKeys (ConfUtils.java:logGet(43)) - raft.server.log.statemachine.data.caching.enabled = true (custom)
2019-06-12 20:12:47,536 INFO  server.RaftServerConfigKeys (ConfUtils.java:logGet(43)) - raft.server.snapshot.auto.trigger.enabled = true (custom)
2019-06-12 20:12:47,536 INFO  server.RaftServerConfigKeys (ConfUtils.java:logGet(43)) - raft.server.snapshot.auto.trigger.threshold = 10000 (custom)
2019-06-12 20:12:47,536 INFO  server.RaftServerConfigKeys (ConfUtils.java:logGet(43)) - raft.server.retrycache.expirytime = 600000ms (custom)
2019-06-12 20:12:47,537 INFO  impl.RaftServerImpl (RaftServerImpl.java:start(173)) - e25ba119-ba18-4990-af30-3d8766cc29f9: start group-4D6E7E3ACED1
2019-06-12 20:12:47,537 INFO  impl.RaftServerImpl (RaftServerImpl.java:setRole(164)) - e25ba119-ba18-4990-af30-3d8766cc29f9:group-4D6E7E3ACED1 changes role from null to FOLLOWER at term 0 for startAsFollower
2019-06-12 20:12:47,537 INFO  impl.RoleInfo (RoleInfo.java:updateAndGet(143)) - e25ba119-ba18-4990-af30-3d8766cc29f9: start FollowerState
2019-06-12 20:12:47,538 INFO  util.JmxRegister (JmxRegister.java:tryRegister(44)) - Successfully registered JMX Bean with object name Ratis:service=RaftServer,group=group-4D6E7E3ACED1,id=e25ba119-ba18-4990-af30-3d8766cc29f9
2019-06-12 20:12:47,547 INFO  pipeline.PipelineStateManager (PipelineStateManager.java:addPipeline(56)) - Created pipeline Pipeline[ Id: c28ce83b-ad17-4802-8e2f-4d6e7e3aced1, Nodes: e25ba119-ba18-4990-af30-3d8766cc29f9{ip: 192.168.134.100, host: ozone-56gws-1102118995, networkLocation: /default-rack, certSerialId: null}, Type:RATIS, Factor:ONE, State:OPEN]
2019-06-12 20:12:47,561 INFO  node.SCMNodeManager (SCMNodeManager.java:register(234)) - Registered Data node : 18b4187a-e499-478e-b111-42e2ea5497e4{ip: 192.168.134.100, host: ozone-56gws-1102118995, networkLocation: /default-rack, certSerialId: null}
2019-06-12 20:12:47,564 INFO  impl.RaftServerProxy (RaftServerProxy.java:addNew(89)) - 7c143d1f-2013-459a-b5eb-868ea090a2bc: addNew group-E69B940F32CC:[7c143d1f-2013-459a-b5eb-868ea090a2bc:192.168.134.100:36331] returns group-E69B940F32CC:java.util.concurrent.CompletableFuture@6f1b1b71[Not completed]
2019-06-12 20:12:47,592 INFO  impl.RaftServerImpl (RaftServerImpl.java:<init>(91)) - 7c143d1f-2013-459a-b5eb-868ea090a2bc: new RaftServerImpl for group-E69B940F32CC:[7c143d1f-2013-459a-b5eb-868ea090a2bc:192.168.134.100:36331] with ContainerStateMachine:uninitialized
2019-06-12 20:12:47,592 INFO  server.RaftServerConfigKeys (ConfUtils.java:logGet(43)) - raft.server.rpc.timeout.min = 1s (custom)
2019-06-12 20:12:47,592 INFO  server.RaftServerConfigKeys (ConfUtils.java:logGet(43)) - raft.server.rpc.timeout.max = 1200ms (custom)
2019-06-12 20:12:47,593 INFO  server.RaftServerConfigKeys (ConfUtils.java:logGet(43)) - raft.server.rpcslowness.timeout = 10s (custom)
2019-06-12 20:12:47,593 INFO  server.RaftServerConfigKeys (ConfUtils.java:logGet(43)) - raft.server.log.appender.install.snapshot.enabled = true (default)
2019-06-12 20:12:47,593 INFO  impl.RaftServerImpl (ServerState.java:<init>(101)) - 7c143d1f-2013-459a-b5eb-868ea090a2bc:group-E69B940F32CC ConfigurationManager, init=-1: [7c143d1f-2013-459a-b5eb-868ea090a2bc:192.168.134.100:36331], old=null, confs=<EMPTY_MAP>
2019-06-12 20:12:47,593 INFO  server.RaftServerConfigKeys (ConfUtils.java:logGet(43)) - raft.server.storage.dir = [/opt/src/hadoop-ozone/integration-test/target/test-dir/MiniOzoneClusterImpl-92c2a1d4-b3cd-4b35-b28c-2f4162273be2/datanode-1/data/ratis] (custom)
2019-06-12 20:12:47,593 INFO  storage.RaftStorageDirectory (RaftStorageDirectory.java:analyzeStorage(246)) - The storage directory /opt/src/hadoop-ozone/integration-test/target/test-dir/MiniOzoneClusterImpl-92c2a1d4-b3cd-4b35-b28c-2f4162273be2/datanode-1/data/ratis/8d27a49a-b0e4-411f-9889-e69b940f32cc does not exist. Creating ...
2019-06-12 20:12:47,596 INFO  storage.RaftStorageDirectory (RaftStorageDirectory.java:tryLock(328)) - Lock on /opt/src/hadoop-ozone/integration-test/target/test-dir/MiniOzoneClusterImpl-92c2a1d4-b3cd-4b35-b28c-2f4162273be2/datanode-1/data/ratis/8d27a49a-b0e4-411f-9889-e69b940f32cc/in_use.lock acquired by nodename 10168@ozone-56gws-1102118995
2019-06-12 20:12:47,599 INFO  storage.RaftStorage (RaftStorage.java:format(75)) - Storage directory /opt/src/hadoop-ozone/integration-test/target/test-dir/MiniOzoneClusterImpl-92c2a1d4-b3cd-4b35-b28c-2f4162273be2/datanode-1/data/ratis/8d27a49a-b0e4-411f-9889-e69b940f32cc has been successfully formatted.
2019-06-12 20:12:47,599 INFO  ratis.ContainerStateMachine (ContainerStateMachine.java:loadSnapshot(199)) - The snapshot info is null.Setting the last applied index to:(t:0, i:~)
2019-06-12 20:12:47,600 INFO  server.RaftServerConfigKeys (ConfUtils.java:logGet(43)) - raft.server.leader.election.timeout = 10s (custom)
2019-06-12 20:12:47,600 INFO  server.RaftServerConfigKeys (ConfUtils.java:logGet(43)) - raft.server.log.use.memory = false (default)
2019-06-12 20:12:47,600 INFO  server.RaftServerConfigKeys (ConfUtils.java:logGet(43)) - raft.server.log.appender.buffer.byte-limit = 33554432 (custom)
2019-06-12 20:12:47,600 INFO  server.RaftServerConfigKeys (ConfUtils.java:logGet(43)) - raft.server.log.segment.size.max = 16384 (custom)
2019-06-12 20:12:47,600 INFO  server.RaftServerConfigKeys (ConfUtils.java:logGet(43)) - raft.server.log.segment.cache.num.max = 2 (custom)
2019-06-12 20:12:47,600 INFO  storage.RaftLogWorker (RaftLogWorker.java:<init>(123)) - new 7c143d1f-2013-459a-b5eb-868ea090a2bc-RaftLogWorker for Storage Directory /opt/src/hadoop-ozone/integration-test/target/test-dir/MiniOzoneClusterImpl-92c2a1d4-b3cd-4b35-b28c-2f4162273be2/datanode-1/data/ratis/8d27a49a-b0e4-411f-9889-e69b940f32cc
2019-06-12 20:12:47,600 INFO  server.RaftServerConfigKeys (ConfUtils.java:logGet(43)) - raft.server.log.queue.byte-limit = 2147483647 (custom)
2019-06-12 20:12:47,601 INFO  server.RaftServerConfigKeys (ConfUtils.java:logGet(43)) - raft.server.log.queue.element-limit = 1024 (custom)
2019-06-12 20:12:47,601 INFO  server.RaftServerConfigKeys (ConfUtils.java:logGet(43)) - raft.server.log.segment.size.max = 16384 (custom)
2019-06-12 20:12:47,601 INFO  server.RaftServerConfigKeys (ConfUtils.java:logGet(43)) - raft.server.log.preallocated.size = 16384 (custom)
2019-06-12 20:12:47,601 INFO  server.RaftServerConfigKeys (ConfUtils.java:logGet(43)) - raft.server.log.write.buffer.size = 33554432 (custom)
2019-06-12 20:12:47,601 INFO  server.RaftServerConfigKeys (ConfUtils.java:logGet(43)) - raft.server.log.force.sync.num = 128 (default)
2019-06-12 20:12:47,601 INFO  server.RaftServerConfigKeys (ConfUtils.java:logGet(43)) - raft.server.log.statemachine.data.sync = true (default)
2019-06-12 20:12:47,601 INFO  server.RaftServerConfigKeys (ConfUtils.java:logGet(43)) - raft.server.log.statemachine.data.sync.timeout = 10s (default)
2019-06-12 20:12:47,601 INFO  server.RaftServerConfigKeys (ConfUtils.java:logGet(43)) - raft.server.log.statemachine.data.sync.timeout.retry = -1 (default)
2019-06-12 20:12:47,601 INFO  server.RaftServerConfigKeys (ConfUtils.java:logGet(43)) - raft.server.log.statemachine.data.caching.enabled = true (custom)
2019-06-12 20:12:47,602 INFO  server.RaftServerConfigKeys (ConfUtils.java:logGet(43)) - raft.server.snapshot.auto.trigger.enabled = true (custom)
2019-06-12 20:12:47,602 INFO  server.RaftServerConfigKeys (ConfUtils.java:logGet(43)) - raft.server.snapshot.auto.trigger.threshold = 10000 (custom)
2019-06-12 20:12:47,602 INFO  server.RaftServerConfigKeys (ConfUtils.java:logGet(43)) - raft.server.retrycache.expirytime = 600000ms (custom)
2019-06-12 20:12:47,602 INFO  impl.RaftServerImpl (RaftServerImpl.java:start(173)) - 7c143d1f-2013-459a-b5eb-868ea090a2bc: start group-E69B940F32CC
2019-06-12 20:12:47,602 INFO  impl.RaftServerImpl (RaftServerImpl.java:setRole(164)) - 7c143d1f-2013-459a-b5eb-868ea090a2bc:group-E69B940F32CC changes role from null to FOLLOWER at term 0 for startAsFollower
2019-06-12 20:12:47,602 INFO  impl.RoleInfo (RoleInfo.java:updateAndGet(143)) - 7c143d1f-2013-459a-b5eb-868ea090a2bc: start FollowerState
2019-06-12 20:12:47,603 INFO  util.JmxRegister (JmxRegister.java:tryRegister(44)) - Successfully registered JMX Bean with object name Ratis:service=RaftServer,group=group-E69B940F32CC,id=7c143d1f-2013-459a-b5eb-868ea090a2bc
2019-06-12 20:12:47,610 INFO  pipeline.PipelineStateManager (PipelineStateManager.java:addPipeline(56)) - Created pipeline Pipeline[ Id: 8d27a49a-b0e4-411f-9889-e69b940f32cc, Nodes: 7c143d1f-2013-459a-b5eb-868ea090a2bc{ip: 192.168.134.100, host: ozone-56gws-1102118995, networkLocation: /default-rack, certSerialId: null}, Type:RATIS, Factor:ONE, State:OPEN]
2019-06-12 20:12:47,624 INFO  impl.RaftServerProxy (RaftServerProxy.java:addNew(89)) - 18b4187a-e499-478e-b111-42e2ea5497e4: addNew group-E385B8DB3234:[18b4187a-e499-478e-b111-42e2ea5497e4:192.168.134.100:44861] returns group-E385B8DB3234:java.util.concurrent.CompletableFuture@3e654621[Not completed]
2019-06-12 20:12:47,629 INFO  impl.RaftServerImpl (RaftServerImpl.java:<init>(91)) - 18b4187a-e499-478e-b111-42e2ea5497e4: new RaftServerImpl for group-E385B8DB3234:[18b4187a-e499-478e-b111-42e2ea5497e4:192.168.134.100:44861] with ContainerStateMachine:uninitialized
2019-06-12 20:12:47,629 INFO  server.RaftServerConfigKeys (ConfUtils.java:logGet(43)) - raft.server.rpc.timeout.min = 1s (custom)
2019-06-12 20:12:47,629 INFO  server.RaftServerConfigKeys (ConfUtils.java:logGet(43)) - raft.server.rpc.timeout.max = 1200ms (custom)
2019-06-12 20:12:47,629 INFO  server.RaftServerConfigKeys (ConfUtils.java:logGet(43)) - raft.server.rpcslowness.timeout = 10s (custom)
2019-06-12 20:12:47,629 INFO  server.RaftServerConfigKeys (ConfUtils.java:logGet(43)) - raft.server.log.appender.install.snapshot.enabled = true (default)
2019-06-12 20:12:47,629 INFO  impl.RaftServerImpl (ServerState.java:<init>(101)) - 18b4187a-e499-478e-b111-42e2ea5497e4:group-E385B8DB3234 ConfigurationManager, init=-1: [18b4187a-e499-478e-b111-42e2ea5497e4:192.168.134.100:44861], old=null, confs=<EMPTY_MAP>
2019-06-12 20:12:47,629 INFO  server.RaftServerConfigKeys (ConfUtils.java:logGet(43)) - raft.server.storage.dir = [/opt/src/hadoop-ozone/integration-test/target/test-dir/MiniOzoneClusterImpl-92c2a1d4-b3cd-4b35-b28c-2f4162273be2/datanode-3/data/ratis] (custom)
2019-06-12 20:12:47,630 INFO  storage.RaftStorageDirectory (RaftStorageDirectory.java:analyzeStorage(246)) - The storage directory /opt/src/hadoop-ozone/integration-test/target/test-dir/MiniOzoneClusterImpl-92c2a1d4-b3cd-4b35-b28c-2f4162273be2/datanode-3/data/ratis/e6122a15-bf51-40b5-9c99-e385b8db3234 does not exist. Creating ...
2019-06-12 20:12:47,632 INFO  storage.RaftStorageDirectory (RaftStorageDirectory.java:tryLock(328)) - Lock on /opt/src/hadoop-ozone/integration-test/target/test-dir/MiniOzoneClusterImpl-92c2a1d4-b3cd-4b35-b28c-2f4162273be2/datanode-3/data/ratis/e6122a15-bf51-40b5-9c99-e385b8db3234/in_use.lock acquired by nodename 10168@ozone-56gws-1102118995
2019-06-12 20:12:47,634 INFO  storage.RaftStorage (RaftStorage.java:format(75)) - Storage directory /opt/src/hadoop-ozone/integration-test/target/test-dir/MiniOzoneClusterImpl-92c2a1d4-b3cd-4b35-b28c-2f4162273be2/datanode-3/data/ratis/e6122a15-bf51-40b5-9c99-e385b8db3234 has been successfully formatted.
2019-06-12 20:12:47,634 INFO  ratis.ContainerStateMachine (ContainerStateMachine.java:loadSnapshot(199)) - The snapshot info is null.Setting the last applied index to:(t:0, i:~)
2019-06-12 20:12:47,634 INFO  server.RaftServerConfigKeys (ConfUtils.java:logGet(43)) - raft.server.leader.election.timeout = 10s (custom)
2019-06-12 20:12:47,634 INFO  server.RaftServerConfigKeys (ConfUtils.java:logGet(43)) - raft.server.log.use.memory = false (default)
2019-06-12 20:12:47,634 INFO  server.RaftServerConfigKeys (ConfUtils.java:logGet(43)) - raft.server.log.appender.buffer.byte-limit = 33554432 (custom)
2019-06-12 20:12:47,634 INFO  server.RaftServerConfigKeys (ConfUtils.java:logGet(43)) - raft.server.log.segment.size.max = 16384 (custom)
2019-06-12 20:12:47,634 INFO  server.RaftServerConfigKeys (ConfUtils.java:logGet(43)) - raft.server.log.segment.cache.num.max = 2 (custom)
2019-06-12 20:12:47,634 INFO  storage.RaftLogWorker (RaftLogWorker.java:<init>(123)) - new 18b4187a-e499-478e-b111-42e2ea5497e4-RaftLogWorker for Storage Directory /opt/src/hadoop-ozone/integration-test/target/test-dir/MiniOzoneClusterImpl-92c2a1d4-b3cd-4b35-b28c-2f4162273be2/datanode-3/data/ratis/e6122a15-bf51-40b5-9c99-e385b8db3234
2019-06-12 20:12:47,635 INFO  server.RaftServerConfigKeys (ConfUtils.java:logGet(43)) - raft.server.log.queue.byte-limit = 2147483647 (custom)
2019-06-12 20:12:47,635 INFO  server.RaftServerConfigKeys (ConfUtils.java:logGet(43)) - raft.server.log.queue.element-limit = 1024 (custom)
2019-06-12 20:12:47,635 INFO  server.RaftServerConfigKeys (ConfUtils.java:logGet(43)) - raft.server.log.segment.size.max = 16384 (custom)
2019-06-12 20:12:47,635 INFO  server.RaftServerConfigKeys (ConfUtils.java:logGet(43)) - raft.server.log.preallocated.size = 16384 (custom)
2019-06-12 20:12:47,635 INFO  server.RaftServerConfigKeys (ConfUtils.java:logGet(43)) - raft.server.log.write.buffer.size = 33554432 (custom)
2019-06-12 20:12:47,635 INFO  server.RaftServerConfigKeys (ConfUtils.java:logGet(43)) - raft.server.log.force.sync.num = 128 (default)
2019-06-12 20:12:47,635 INFO  server.RaftServerConfigKeys (ConfUtils.java:logGet(43)) - raft.server.log.statemachine.data.sync = true (default)
2019-06-12 20:12:47,635 INFO  server.RaftServerConfigKeys (ConfUtils.java:logGet(43)) - raft.server.log.statemachine.data.sync.timeout = 10s (default)
2019-06-12 20:12:47,635 INFO  server.RaftServerConfigKeys (ConfUtils.java:logGet(43)) - raft.server.log.statemachine.data.sync.timeout.retry = -1 (default)
2019-06-12 20:12:47,635 INFO  server.RaftServerConfigKeys (ConfUtils.java:logGet(43)) - raft.server.log.statemachine.data.caching.enabled = true (custom)
2019-06-12 20:12:47,636 INFO  server.RaftServerConfigKeys (ConfUtils.java:logGet(43)) - raft.server.snapshot.auto.trigger.enabled = true (custom)
2019-06-12 20:12:47,636 INFO  server.RaftServerConfigKeys (ConfUtils.java:logGet(43)) - raft.server.snapshot.auto.trigger.threshold = 10000 (custom)
2019-06-12 20:12:47,636 INFO  server.RaftServerConfigKeys (ConfUtils.java:logGet(43)) - raft.server.retrycache.expirytime = 600000ms (custom)
2019-06-12 20:12:47,636 INFO  impl.RaftServerImpl (RaftServerImpl.java:start(173)) - 18b4187a-e499-478e-b111-42e2ea5497e4: start group-E385B8DB3234
2019-06-12 20:12:47,636 INFO  impl.RaftServerImpl (RaftServerImpl.java:setRole(164)) - 18b4187a-e499-478e-b111-42e2ea5497e4:group-E385B8DB3234 changes role from null to FOLLOWER at term 0 for startAsFollower
2019-06-12 20:12:47,636 INFO  impl.RoleInfo (RoleInfo.java:updateAndGet(143)) - 18b4187a-e499-478e-b111-42e2ea5497e4: start FollowerState
2019-06-12 20:12:47,636 INFO  util.JmxRegister (JmxRegister.java:tryRegister(44)) - Successfully registered JMX Bean with object name Ratis:service=RaftServer,group=group-E385B8DB3234,id=18b4187a-e499-478e-b111-42e2ea5497e4
2019-06-12 20:12:47,643 INFO  pipeline.PipelineStateManager (PipelineStateManager.java:addPipeline(56)) - Created pipeline Pipeline[ Id: e6122a15-bf51-40b5-9c99-e385b8db3234, Nodes: 18b4187a-e499-478e-b111-42e2ea5497e4{ip: 192.168.134.100, host: ozone-56gws-1102118995, networkLocation: /default-rack, certSerialId: null}, Type:RATIS, Factor:ONE, State:OPEN]
2019-06-12 20:12:47,665 INFO  impl.RaftServerProxy (RaftServerProxy.java:addNew(89)) - e25ba119-ba18-4990-af30-3d8766cc29f9: addNew group-9E22DDF206F8:[31795e9a-0588-4537-aaa4-ef51d6d8fde5:192.168.134.100:36677, e25ba119-ba18-4990-af30-3d8766cc29f9:192.168.134.100:37039, 18b4187a-e499-478e-b111-42e2ea5497e4:192.168.134.100:44861] returns group-9E22DDF206F8:java.util.concurrent.CompletableFuture@393cc36a[Not completed]
2019-06-12 20:12:47,671 INFO  impl.RaftServerImpl (RaftServerImpl.java:<init>(91)) - e25ba119-ba18-4990-af30-3d8766cc29f9: new RaftServerImpl for group-9E22DDF206F8:[31795e9a-0588-4537-aaa4-ef51d6d8fde5:192.168.134.100:36677, e25ba119-ba18-4990-af30-3d8766cc29f9:192.168.134.100:37039, 18b4187a-e499-478e-b111-42e2ea5497e4:192.168.134.100:44861] with ContainerStateMachine:uninitialized
2019-06-12 20:12:47,671 INFO  server.RaftServerConfigKeys (ConfUtils.java:logGet(43)) - raft.server.rpc.timeout.min = 1s (custom)
2019-06-12 20:12:47,671 INFO  server.RaftServerConfigKeys (ConfUtils.java:logGet(43)) - raft.server.rpc.timeout.max = 1200ms (custom)
2019-06-12 20:12:47,671 INFO  server.RaftServerConfigKeys (ConfUtils.java:logGet(43)) - raft.server.rpcslowness.timeout = 10s (custom)
2019-06-12 20:12:47,671 INFO  server.RaftServerConfigKeys (ConfUtils.java:logGet(43)) - raft.server.log.appender.install.snapshot.enabled = true (default)
2019-06-12 20:12:47,671 INFO  impl.RaftServerImpl (ServerState.java:<init>(101)) - e25ba119-ba18-4990-af30-3d8766cc29f9:group-9E22DDF206F8 ConfigurationManager, init=-1: [31795e9a-0588-4537-aaa4-ef51d6d8fde5:192.168.134.100:36677, e25ba119-ba18-4990-af30-3d8766cc29f9:192.168.134.100:37039, 18b4187a-e499-478e-b111-42e2ea5497e4:192.168.134.100:44861], old=null, confs=<EMPTY_MAP>
2019-06-12 20:12:47,672 INFO  server.RaftServerConfigKeys (ConfUtils.java:logGet(43)) - raft.server.storage.dir = [/opt/src/hadoop-ozone/integration-test/target/test-dir/MiniOzoneClusterImpl-92c2a1d4-b3cd-4b35-b28c-2f4162273be2/datanode-2/data/ratis] (custom)
2019-06-12 20:12:47,672 INFO  storage.RaftStorageDirectory (RaftStorageDirectory.java:analyzeStorage(246)) - The storage directory /opt/src/hadoop-ozone/integration-test/target/test-dir/MiniOzoneClusterImpl-92c2a1d4-b3cd-4b35-b28c-2f4162273be2/datanode-2/data/ratis/f3946f08-d895-4c71-bc87-9e22ddf206f8 does not exist. Creating ...
2019-06-12 20:12:47,673 INFO  impl.RaftServerProxy (RaftServerProxy.java:addNew(89)) - 31795e9a-0588-4537-aaa4-ef51d6d8fde5: addNew group-9E22DDF206F8:[31795e9a-0588-4537-aaa4-ef51d6d8fde5:192.168.134.100:36677, e25ba119-ba18-4990-af30-3d8766cc29f9:192.168.134.100:37039, 18b4187a-e499-478e-b111-42e2ea5497e4:192.168.134.100:44861] returns group-9E22DDF206F8:java.util.concurrent.CompletableFuture@7801c951[Not completed]
2019-06-12 20:12:47,674 INFO  storage.RaftStorageDirectory (RaftStorageDirectory.java:tryLock(328)) - Lock on /opt/src/hadoop-ozone/integration-test/target/test-dir/MiniOzoneClusterImpl-92c2a1d4-b3cd-4b35-b28c-2f4162273be2/datanode-2/data/ratis/f3946f08-d895-4c71-bc87-9e22ddf206f8/in_use.lock acquired by nodename 10168@ozone-56gws-1102118995
2019-06-12 20:12:47,675 INFO  impl.RaftServerImpl (RaftServerImpl.java:<init>(91)) - 31795e9a-0588-4537-aaa4-ef51d6d8fde5: new RaftServerImpl for group-9E22DDF206F8:[31795e9a-0588-4537-aaa4-ef51d6d8fde5:192.168.134.100:36677, e25ba119-ba18-4990-af30-3d8766cc29f9:192.168.134.100:37039, 18b4187a-e499-478e-b111-42e2ea5497e4:192.168.134.100:44861] with ContainerStateMachine:uninitialized
2019-06-12 20:12:47,675 INFO  server.RaftServerConfigKeys (ConfUtils.java:logGet(43)) - raft.server.rpc.timeout.min = 1s (custom)
2019-06-12 20:12:47,675 INFO  server.RaftServerConfigKeys (ConfUtils.java:logGet(43)) - raft.server.rpc.timeout.max = 1200ms (custom)
2019-06-12 20:12:47,675 INFO  server.RaftServerConfigKeys (ConfUtils.java:logGet(43)) - raft.server.rpcslowness.timeout = 10s (custom)
2019-06-12 20:12:47,675 INFO  server.RaftServerConfigKeys (ConfUtils.java:logGet(43)) - raft.server.log.appender.install.snapshot.enabled = true (default)
2019-06-12 20:12:47,675 INFO  impl.RaftServerImpl (ServerState.java:<init>(101)) - 31795e9a-0588-4537-aaa4-ef51d6d8fde5:group-9E22DDF206F8 ConfigurationManager, init=-1: [31795e9a-0588-4537-aaa4-ef51d6d8fde5:192.168.134.100:36677, e25ba119-ba18-4990-af30-3d8766cc29f9:192.168.134.100:37039, 18b4187a-e499-478e-b111-42e2ea5497e4:192.168.134.100:44861], old=null, confs=<EMPTY_MAP>
2019-06-12 20:12:47,676 INFO  server.RaftServerConfigKeys (ConfUtils.java:logGet(43)) - raft.server.storage.dir = [/opt/src/hadoop-ozone/integration-test/target/test-dir/MiniOzoneClusterImpl-92c2a1d4-b3cd-4b35-b28c-2f4162273be2/datanode-0/data/ratis] (custom)
2019-06-12 20:12:47,676 INFO  storage.RaftStorageDirectory (RaftStorageDirectory.java:analyzeStorage(246)) - The storage directory /opt/src/hadoop-ozone/integration-test/target/test-dir/MiniOzoneClusterImpl-92c2a1d4-b3cd-4b35-b28c-2f4162273be2/datanode-0/data/ratis/f3946f08-d895-4c71-bc87-9e22ddf206f8 does not exist. Creating ...
2019-06-12 20:12:47,677 INFO  storage.RaftStorage (RaftStorage.java:format(75)) - Storage directory /opt/src/hadoop-ozone/integration-test/target/test-dir/MiniOzoneClusterImpl-92c2a1d4-b3cd-4b35-b28c-2f4162273be2/datanode-2/data/ratis/f3946f08-d895-4c71-bc87-9e22ddf206f8 has been successfully formatted.
2019-06-12 20:12:47,677 INFO  ratis.ContainerStateMachine (ContainerStateMachine.java:loadSnapshot(199)) - The snapshot info is null.Setting the last applied index to:(t:0, i:~)
2019-06-12 20:12:47,677 INFO  server.RaftServerConfigKeys (ConfUtils.java:logGet(43)) - raft.server.leader.election.timeout = 10s (custom)
2019-06-12 20:12:47,677 INFO  server.RaftServerConfigKeys (ConfUtils.java:logGet(43)) - raft.server.log.use.memory = false (default)
2019-06-12 20:12:47,677 INFO  server.RaftServerConfigKeys (ConfUtils.java:logGet(43)) - raft.server.log.appender.buffer.byte-limit = 33554432 (custom)
2019-06-12 20:12:47,677 INFO  server.RaftServerConfigKeys (ConfUtils.java:logGet(43)) - raft.server.log.segment.size.max = 16384 (custom)
2019-06-12 20:12:47,677 INFO  server.RaftServerConfigKeys (ConfUtils.java:logGet(43)) - raft.server.log.segment.cache.num.max = 2 (custom)
2019-06-12 20:12:47,677 INFO  storage.RaftLogWorker (RaftLogWorker.java:<init>(123)) - new e25ba119-ba18-4990-af30-3d8766cc29f9-RaftLogWorker for Storage Directory /opt/src/hadoop-ozone/integration-test/target/test-dir/MiniOzoneClusterImpl-92c2a1d4-b3cd-4b35-b28c-2f4162273be2/datanode-2/data/ratis/f3946f08-d895-4c71-bc87-9e22ddf206f8
2019-06-12 20:12:47,677 INFO  server.RaftServerConfigKeys (ConfUtils.java:logGet(43)) - raft.server.log.queue.byte-limit = 2147483647 (custom)
2019-06-12 20:12:47,678 INFO  server.RaftServerConfigKeys (ConfUtils.java:logGet(43)) - raft.server.log.queue.element-limit = 1024 (custom)
2019-06-12 20:12:47,678 INFO  server.RaftServerConfigKeys (ConfUtils.java:logGet(43)) - raft.server.log.segment.size.max = 16384 (custom)
2019-06-12 20:12:47,678 INFO  server.RaftServerConfigKeys (ConfUtils.java:logGet(43)) - raft.server.log.preallocated.size = 16384 (custom)
2019-06-12 20:12:47,678 INFO  server.RaftServerConfigKeys (ConfUtils.java:logGet(43)) - raft.server.log.write.buffer.size = 33554432 (custom)
2019-06-12 20:12:47,678 INFO  server.RaftServerConfigKeys (ConfUtils.java:logGet(43)) - raft.server.log.force.sync.num = 128 (default)
2019-06-12 20:12:47,678 INFO  impl.RaftServerProxy (RaftServerProxy.java:addNew(89)) - 18b4187a-e499-478e-b111-42e2ea5497e4: addNew group-9E22DDF206F8:[31795e9a-0588-4537-aaa4-ef51d6d8fde5:192.168.134.100:36677, e25ba119-ba18-4990-af30-3d8766cc29f9:192.168.134.100:37039, 18b4187a-e499-478e-b111-42e2ea5497e4:192.168.134.100:44861] returns group-9E22DDF206F8:java.util.concurrent.CompletableFuture@5014ece8[Not completed]
2019-06-12 20:12:47,678 INFO  storage.RaftStorageDirectory (RaftStorageDirectory.java:tryLock(328)) - Lock on /opt/src/hadoop-ozone/integration-test/target/test-dir/MiniOzoneClusterImpl-92c2a1d4-b3cd-4b35-b28c-2f4162273be2/datanode-0/data/ratis/f3946f08-d895-4c71-bc87-9e22ddf206f8/in_use.lock acquired by nodename 10168@ozone-56gws-1102118995
2019-06-12 20:12:47,678 INFO  impl.RaftServerImpl (RaftServerImpl.java:<init>(91)) - 18b4187a-e499-478e-b111-42e2ea5497e4: new RaftServerImpl for group-9E22DDF206F8:[31795e9a-0588-4537-aaa4-ef51d6d8fde5:192.168.134.100:36677, e25ba119-ba18-4990-af30-3d8766cc29f9:192.168.134.100:37039, 18b4187a-e499-478e-b111-42e2ea5497e4:192.168.134.100:44861] with ContainerStateMachine:uninitialized
2019-06-12 20:12:47,678 INFO  server.RaftServerConfigKeys (ConfUtils.java:logGet(43)) - raft.server.log.statemachine.data.sync = true (default)
2019-06-12 20:12:47,679 INFO  server.RaftServerConfigKeys (ConfUtils.java:logGet(43)) - raft.server.rpc.timeout.min = 1s (custom)
2019-06-12 20:12:47,679 INFO  server.RaftServerConfigKeys (ConfUtils.java:logGet(43)) - raft.server.log.statemachine.data.sync.timeout = 10s (default)
2019-06-12 20:12:47,679 INFO  server.RaftServerConfigKeys (ConfUtils.java:logGet(43)) - raft.server.rpc.timeout.max = 1200ms (custom)
2019-06-12 20:12:47,679 INFO  server.RaftServerConfigKeys (ConfUtils.java:logGet(43)) - raft.server.log.statemachine.data.sync.timeout.retry = -1 (default)
2019-06-12 20:12:47,679 INFO  server.RaftServerConfigKeys (ConfUtils.java:logGet(43)) - raft.server.rpcslowness.timeout = 10s (custom)
2019-06-12 20:12:47,679 INFO  server.RaftServerConfigKeys (ConfUtils.java:logGet(43)) - raft.server.log.statemachine.data.caching.enabled = true (custom)
2019-06-12 20:12:47,679 INFO  server.RaftServerConfigKeys (ConfUtils.java:logGet(43)) - raft.server.log.appender.install.snapshot.enabled = true (default)
2019-06-12 20:12:47,679 INFO  impl.RaftServerImpl (ServerState.java:<init>(101)) - 18b4187a-e499-478e-b111-42e2ea5497e4:group-9E22DDF206F8 ConfigurationManager, init=-1: [31795e9a-0588-4537-aaa4-ef51d6d8fde5:192.168.134.100:36677, e25ba119-ba18-4990-af30-3d8766cc29f9:192.168.134.100:37039, 18b4187a-e499-478e-b111-42e2ea5497e4:192.168.134.100:44861], old=null, confs=<EMPTY_MAP>
2019-06-12 20:12:47,680 INFO  server.RaftServerConfigKeys (ConfUtils.java:logGet(43)) - raft.server.storage.dir = [/opt/src/hadoop-ozone/integration-test/target/test-dir/MiniOzoneClusterImpl-92c2a1d4-b3cd-4b35-b28c-2f4162273be2/datanode-3/data/ratis] (custom)
2019-06-12 20:12:47,680 INFO  storage.RaftStorageDirectory (RaftStorageDirectory.java:analyzeStorage(246)) - The storage directory /opt/src/hadoop-ozone/integration-test/target/test-dir/MiniOzoneClusterImpl-92c2a1d4-b3cd-4b35-b28c-2f4162273be2/datanode-3/data/ratis/f3946f08-d895-4c71-bc87-9e22ddf206f8 does not exist. Creating ...
2019-06-12 20:12:47,680 INFO  storage.RaftStorage (RaftStorage.java:format(75)) - Storage directory /opt/src/hadoop-ozone/integration-test/target/test-dir/MiniOzoneClusterImpl-92c2a1d4-b3cd-4b35-b28c-2f4162273be2/datanode-0/data/ratis/f3946f08-d895-4c71-bc87-9e22ddf206f8 has been successfully formatted.
2019-06-12 20:12:47,680 INFO  ratis.ContainerStateMachine (ContainerStateMachine.java:loadSnapshot(199)) - The snapshot info is null.Setting the last applied index to:(t:0, i:~)
2019-06-12 20:12:47,680 INFO  server.RaftServerConfigKeys (ConfUtils.java:logGet(43)) - raft.server.snapshot.auto.trigger.enabled = true (custom)
2019-06-12 20:12:47,681 INFO  server.RaftServerConfigKeys (ConfUtils.java:logGet(43)) - raft.server.leader.election.timeout = 10s (custom)
2019-06-12 20:12:47,681 INFO  server.RaftServerConfigKeys (ConfUtils.java:logGet(43)) - raft.server.snapshot.auto.trigger.threshold = 10000 (custom)
2019-06-12 20:12:47,681 INFO  server.RaftServerConfigKeys (ConfUtils.java:logGet(43)) - raft.server.log.use.memory = false (default)
2019-06-12 20:12:47,681 INFO  server.RaftServerConfigKeys (ConfUtils.java:logGet(43)) - raft.server.retrycache.expirytime = 600000ms (custom)
2019-06-12 20:12:47,681 INFO  server.RaftServerConfigKeys (ConfUtils.java:logGet(43)) - raft.server.log.appender.buffer.byte-limit = 33554432 (custom)
2019-06-12 20:12:47,681 INFO  impl.RaftServerImpl (RaftServerImpl.java:start(173)) - e25ba119-ba18-4990-af30-3d8766cc29f9: start group-9E22DDF206F8
2019-06-12 20:12:47,681 INFO  server.RaftServerConfigKeys (ConfUtils.java:logGet(43)) - raft.server.log.segment.size.max = 16384 (custom)
2019-06-12 20:12:47,681 INFO  impl.RaftServerImpl (RaftServerImpl.java:setRole(164)) - e25ba119-ba18-4990-af30-3d8766cc29f9:group-9E22DDF206F8 changes role from null to FOLLOWER at term 0 for startAsFollower
2019-06-12 20:12:47,681 INFO  server.RaftServerConfigKeys (ConfUtils.java:logGet(43)) - raft.server.log.segment.cache.num.max = 2 (custom)
2019-06-12 20:12:47,681 INFO  impl.RoleInfo (RoleInfo.java:updateAndGet(143)) - e25ba119-ba18-4990-af30-3d8766cc29f9: start FollowerState
2019-06-12 20:12:47,681 INFO  storage.RaftLogWorker (RaftLogWorker.java:<init>(123)) - new 31795e9a-0588-4537-aaa4-ef51d6d8fde5-RaftLogWorker for Storage Directory /opt/src/hadoop-ozone/integration-test/target/test-dir/MiniOzoneClusterImpl-92c2a1d4-b3cd-4b35-b28c-2f4162273be2/datanode-0/data/ratis/f3946f08-d895-4c71-bc87-9e22ddf206f8
2019-06-12 20:12:47,681 INFO  server.RaftServerConfigKeys (ConfUtils.java:logGet(43)) - raft.server.log.queue.byte-limit = 2147483647 (custom)
2019-06-12 20:12:47,682 INFO  server.RaftServerConfigKeys (ConfUtils.java:logGet(43)) - raft.server.log.queue.element-limit = 1024 (custom)
2019-06-12 20:12:47,682 INFO  server.RaftServerConfigKeys (ConfUtils.java:logGet(43)) - raft.server.log.segment.size.max = 16384 (custom)
2019-06-12 20:12:47,682 INFO  server.RaftServerConfigKeys (ConfUtils.java:logGet(43)) - raft.server.log.preallocated.size = 16384 (custom)
2019-06-12 20:12:47,682 INFO  storage.RaftStorageDirectory (RaftStorageDirectory.java:tryLock(328)) - Lock on /opt/src/hadoop-ozone/integration-test/target/test-dir/MiniOzoneClusterImpl-92c2a1d4-b3cd-4b35-b28c-2f4162273be2/datanode-3/data/ratis/f3946f08-d895-4c71-bc87-9e22ddf206f8/in_use.lock acquired by nodename 10168@ozone-56gws-1102118995
2019-06-12 20:12:47,682 INFO  server.RaftServerConfigKeys (ConfUtils.java:logGet(43)) - raft.server.log.write.buffer.size = 33554432 (custom)
2019-06-12 20:12:47,682 INFO  server.RaftServerConfigKeys (ConfUtils.java:logGet(43)) - raft.server.log.force.sync.num = 128 (default)
2019-06-12 20:12:47,682 INFO  util.JmxRegister (JmxRegister.java:tryRegister(44)) - Successfully registered JMX Bean with object name Ratis:service=RaftServer,group=group-9E22DDF206F8,id=e25ba119-ba18-4990-af30-3d8766cc29f9
2019-06-12 20:12:47,682 INFO  server.RaftServerConfigKeys (ConfUtils.java:logGet(43)) - raft.server.log.statemachine.data.sync = true (default)
2019-06-12 20:12:47,682 INFO  server.RaftServerConfigKeys (ConfUtils.java:logGet(43)) - raft.server.log.statemachine.data.sync.timeout = 10s (default)
2019-06-12 20:12:47,682 INFO  server.RaftServerConfigKeys (ConfUtils.java:logGet(43)) - raft.server.log.statemachine.data.sync.timeout.retry = -1 (default)
2019-06-12 20:12:47,683 INFO  server.RaftServerConfigKeys (ConfUtils.java:logGet(43)) - raft.server.log.statemachine.data.caching.enabled = true (custom)
2019-06-12 20:12:47,683 INFO  server.RaftServerConfigKeys (ConfUtils.java:logGet(43)) - raft.server.snapshot.auto.trigger.enabled = true (custom)
2019-06-12 20:12:47,683 INFO  server.RaftServerConfigKeys (ConfUtils.java:logGet(43)) - raft.server.snapshot.auto.trigger.threshold = 10000 (custom)
2019-06-12 20:12:47,683 INFO  server.RaftServerConfigKeys (ConfUtils.java:logGet(43)) - raft.server.retrycache.expirytime = 600000ms (custom)
2019-06-12 20:12:47,683 INFO  impl.RaftServerImpl (RaftServerImpl.java:start(173)) - 31795e9a-0588-4537-aaa4-ef51d6d8fde5: start group-9E22DDF206F8
2019-06-12 20:12:47,683 INFO  impl.RaftServerImpl (RaftServerImpl.java:setRole(164)) - 31795e9a-0588-4537-aaa4-ef51d6d8fde5:group-9E22DDF206F8 changes role from null to FOLLOWER at term 0 for startAsFollower
2019-06-12 20:12:47,683 INFO  impl.RoleInfo (RoleInfo.java:updateAndGet(143)) - 31795e9a-0588-4537-aaa4-ef51d6d8fde5: start FollowerState
2019-06-12 20:12:47,684 INFO  util.JmxRegister (JmxRegister.java:tryRegister(44)) - Successfully registered JMX Bean with object name Ratis:service=RaftServer,group=group-9E22DDF206F8,id=31795e9a-0588-4537-aaa4-ef51d6d8fde5
2019-06-12 20:12:47,684 INFO  storage.RaftStorage (RaftStorage.java:format(75)) - Storage directory /opt/src/hadoop-ozone/integration-test/target/test-dir/MiniOzoneClusterImpl-92c2a1d4-b3cd-4b35-b28c-2f4162273be2/datanode-3/data/ratis/f3946f08-d895-4c71-bc87-9e22ddf206f8 has been successfully formatted.
2019-06-12 20:12:47,684 INFO  ratis.ContainerStateMachine (ContainerStateMachine.java:loadSnapshot(199)) - The snapshot info is null.Setting the last applied index to:(t:0, i:~)
2019-06-12 20:12:47,685 INFO  server.RaftServerConfigKeys (ConfUtils.java:logGet(43)) - raft.server.leader.election.timeout = 10s (custom)
2019-06-12 20:12:47,685 INFO  server.RaftServerConfigKeys (ConfUtils.java:logGet(43)) - raft.server.log.use.memory = false (default)
2019-06-12 20:12:47,685 INFO  server.RaftServerConfigKeys (ConfUtils.java:logGet(43)) - raft.server.log.appender.buffer.byte-limit = 33554432 (custom)
2019-06-12 20:12:47,685 INFO  server.RaftServerConfigKeys (ConfUtils.java:logGet(43)) - raft.server.log.segment.size.max = 16384 (custom)
2019-06-12 20:12:47,685 INFO  server.RaftServerConfigKeys (ConfUtils.java:logGet(43)) - raft.server.log.segment.cache.num.max = 2 (custom)
2019-06-12 20:12:47,685 INFO  storage.RaftLogWorker (RaftLogWorker.java:<init>(123)) - new 18b4187a-e499-478e-b111-42e2ea5497e4-RaftLogWorker for Storage Directory /opt/src/hadoop-ozone/integration-test/target/test-dir/MiniOzoneClusterImpl-92c2a1d4-b3cd-4b35-b28c-2f4162273be2/datanode-3/data/ratis/f3946f08-d895-4c71-bc87-9e22ddf206f8
2019-06-12 20:12:47,685 INFO  server.RaftServerConfigKeys (ConfUtils.java:logGet(43)) - raft.server.log.queue.byte-limit = 2147483647 (custom)
2019-06-12 20:12:47,685 INFO  server.RaftServerConfigKeys (ConfUtils.java:logGet(43)) - raft.server.log.queue.element-limit = 1024 (custom)
2019-06-12 20:12:47,685 INFO  server.RaftServerConfigKeys (ConfUtils.java:logGet(43)) - raft.server.log.segment.size.max = 16384 (custom)
2019-06-12 20:12:47,686 INFO  server.RaftServerConfigKeys (ConfUtils.java:logGet(43)) - raft.server.log.preallocated.size = 16384 (custom)
2019-06-12 20:12:47,686 INFO  server.RaftServerConfigKeys (ConfUtils.java:logGet(43)) - raft.server.log.write.buffer.size = 33554432 (custom)
2019-06-12 20:12:47,686 INFO  server.RaftServerConfigKeys (ConfUtils.java:logGet(43)) - raft.server.log.force.sync.num = 128 (default)
2019-06-12 20:12:47,686 INFO  server.RaftServerConfigKeys (ConfUtils.java:logGet(43)) - raft.server.log.statemachine.data.sync = true (default)
2019-06-12 20:12:47,686 INFO  server.RaftServerConfigKeys (ConfUtils.java:logGet(43)) - raft.server.log.statemachine.data.sync.timeout = 10s (default)
2019-06-12 20:12:47,686 INFO  server.RaftServerConfigKeys (ConfUtils.java:logGet(43)) - raft.server.log.statemachine.data.sync.timeout.retry = -1 (default)
2019-06-12 20:12:47,686 INFO  server.RaftServerConfigKeys (ConfUtils.java:logGet(43)) - raft.server.log.statemachine.data.caching.enabled = true (custom)
2019-06-12 20:12:47,687 INFO  server.RaftServerConfigKeys (ConfUtils.java:logGet(43)) - raft.server.snapshot.auto.trigger.enabled = true (custom)
2019-06-12 20:12:47,688 INFO  server.RaftServerConfigKeys (ConfUtils.java:logGet(43)) - raft.server.snapshot.auto.trigger.threshold = 10000 (custom)
2019-06-12 20:12:47,688 INFO  server.RaftServerConfigKeys (ConfUtils.java:logGet(43)) - raft.server.retrycache.expirytime = 600000ms (custom)
2019-06-12 20:12:47,688 INFO  impl.RaftServerImpl (RaftServerImpl.java:start(173)) - 18b4187a-e499-478e-b111-42e2ea5497e4: start group-9E22DDF206F8
2019-06-12 20:12:47,688 INFO  impl.RaftServerImpl (RaftServerImpl.java:setRole(164)) - 18b4187a-e499-478e-b111-42e2ea5497e4:group-9E22DDF206F8 changes role from null to FOLLOWER at term 0 for startAsFollower
2019-06-12 20:12:47,688 INFO  impl.RoleInfo (RoleInfo.java:updateAndGet(143)) - 18b4187a-e499-478e-b111-42e2ea5497e4: start FollowerState
2019-06-12 20:12:47,688 INFO  util.JmxRegister (JmxRegister.java:tryRegister(44)) - Successfully registered JMX Bean with object name Ratis:service=RaftServer,group=group-9E22DDF206F8,id=18b4187a-e499-478e-b111-42e2ea5497e4
2019-06-12 20:12:47,704 INFO  pipeline.PipelineStateManager (PipelineStateManager.java:addPipeline(56)) - Created pipeline Pipeline[ Id: f3946f08-d895-4c71-bc87-9e22ddf206f8, Nodes: 31795e9a-0588-4537-aaa4-ef51d6d8fde5{ip: 192.168.134.100, host: ozone-56gws-1102118995, networkLocation: /default-rack, certSerialId: null}e25ba119-ba18-4990-af30-3d8766cc29f9{ip: 192.168.134.100, host: ozone-56gws-1102118995, networkLocation: /default-rack, certSerialId: null}18b4187a-e499-478e-b111-42e2ea5497e4{ip: 192.168.134.100, host: ozone-56gws-1102118995, networkLocation: /default-rack, certSerialId: null}, Type:RATIS, Factor:THREE, State:OPEN]
2019-06-12 20:12:47,737 INFO  node.SCMNodeManager (SCMNodeManager.java:register(234)) - Registered Data node : 900d5538-845a-4a1b-8e31-2b073e9dda01{ip: 192.168.134.100, host: ozone-56gws-1102118995, networkLocation: /default-rack, certSerialId: null}
2019-06-12 20:12:47,747 INFO  impl.RaftServerProxy (RaftServerProxy.java:addNew(89)) - 900d5538-845a-4a1b-8e31-2b073e9dda01: addNew group-F6DE650AA3E5:[900d5538-845a-4a1b-8e31-2b073e9dda01:192.168.134.100:39503] returns group-F6DE650AA3E5:java.util.concurrent.CompletableFuture@57f664ad[Not completed]
2019-06-12 20:12:47,751 INFO  impl.RaftServerImpl (RaftServerImpl.java:<init>(91)) - 900d5538-845a-4a1b-8e31-2b073e9dda01: new RaftServerImpl for group-F6DE650AA3E5:[900d5538-845a-4a1b-8e31-2b073e9dda01:192.168.134.100:39503] with ContainerStateMachine:uninitialized
2019-06-12 20:12:47,751 INFO  server.RaftServerConfigKeys (ConfUtils.java:logGet(43)) - raft.server.rpc.timeout.min = 1s (custom)
2019-06-12 20:12:47,751 INFO  server.RaftServerConfigKeys (ConfUtils.java:logGet(43)) - raft.server.rpc.timeout.max = 1200ms (custom)
2019-06-12 20:12:47,752 INFO  server.RaftServerConfigKeys (ConfUtils.java:logGet(43)) - raft.server.rpcslowness.timeout = 10s (custom)
2019-06-12 20:12:47,752 INFO  server.RaftServerConfigKeys (ConfUtils.java:logGet(43)) - raft.server.log.appender.install.snapshot.enabled = true (default)
2019-06-12 20:12:47,752 INFO  impl.RaftServerImpl (ServerState.java:<init>(101)) - 900d5538-845a-4a1b-8e31-2b073e9dda01:group-F6DE650AA3E5 ConfigurationManager, init=-1: [900d5538-845a-4a1b-8e31-2b073e9dda01:192.168.134.100:39503], old=null, confs=<EMPTY_MAP>
2019-06-12 20:12:47,752 INFO  server.RaftServerConfigKeys (ConfUtils.java:logGet(43)) - raft.server.storage.dir = [/opt/src/hadoop-ozone/integration-test/target/test-dir/MiniOzoneClusterImpl-92c2a1d4-b3cd-4b35-b28c-2f4162273be2/datanode-4/data/ratis] (custom)
2019-06-12 20:12:47,752 INFO  storage.RaftStorageDirectory (RaftStorageDirectory.java:analyzeStorage(246)) - The storage directory /opt/src/hadoop-ozone/integration-test/target/test-dir/MiniOzoneClusterImpl-92c2a1d4-b3cd-4b35-b28c-2f4162273be2/datanode-4/data/ratis/b64a1bab-a3d0-46a2-8250-f6de650aa3e5 does not exist. Creating ...
2019-06-12 20:12:47,754 INFO  storage.RaftStorageDirectory (RaftStorageDirectory.java:tryLock(328)) - Lock on /opt/src/hadoop-ozone/integration-test/target/test-dir/MiniOzoneClusterImpl-92c2a1d4-b3cd-4b35-b28c-2f4162273be2/datanode-4/data/ratis/b64a1bab-a3d0-46a2-8250-f6de650aa3e5/in_use.lock acquired by nodename 10168@ozone-56gws-1102118995
2019-06-12 20:12:47,756 INFO  storage.RaftStorage (RaftStorage.java:format(75)) - Storage directory /opt/src/hadoop-ozone/integration-test/target/test-dir/MiniOzoneClusterImpl-92c2a1d4-b3cd-4b35-b28c-2f4162273be2/datanode-4/data/ratis/b64a1bab-a3d0-46a2-8250-f6de650aa3e5 has been successfully formatted.
2019-06-12 20:12:47,757 INFO  ratis.ContainerStateMachine (ContainerStateMachine.java:loadSnapshot(199)) - The snapshot info is null.Setting the last applied index to:(t:0, i:~)
2019-06-12 20:12:47,757 INFO  server.RaftServerConfigKeys (ConfUtils.java:logGet(43)) - raft.server.leader.election.timeout = 10s (custom)
2019-06-12 20:12:47,757 INFO  server.RaftServerConfigKeys (ConfUtils.java:logGet(43)) - raft.server.log.use.memory = false (default)
2019-06-12 20:12:47,757 INFO  server.RaftServerConfigKeys (ConfUtils.java:logGet(43)) - raft.server.log.appender.buffer.byte-limit = 33554432 (custom)
2019-06-12 20:12:47,757 INFO  server.RaftServerConfigKeys (ConfUtils.java:logGet(43)) - raft.server.log.segment.size.max = 16384 (custom)
2019-06-12 20:12:47,757 INFO  server.RaftServerConfigKeys (ConfUtils.java:logGet(43)) - raft.server.log.segment.cache.num.max = 2 (custom)
2019-06-12 20:12:47,757 INFO  storage.RaftLogWorker (RaftLogWorker.java:<init>(123)) - new 900d5538-845a-4a1b-8e31-2b073e9dda01-RaftLogWorker for Storage Directory /opt/src/hadoop-ozone/integration-test/target/test-dir/MiniOzoneClusterImpl-92c2a1d4-b3cd-4b35-b28c-2f4162273be2/datanode-4/data/ratis/b64a1bab-a3d0-46a2-8250-f6de650aa3e5
2019-06-12 20:12:47,757 INFO  server.RaftServerConfigKeys (ConfUtils.java:logGet(43)) - raft.server.log.queue.byte-limit = 2147483647 (custom)
2019-06-12 20:12:47,757 INFO  server.RaftServerConfigKeys (ConfUtils.java:logGet(43)) - raft.server.log.queue.element-limit = 1024 (custom)
2019-06-12 20:12:47,757 INFO  server.RaftServerConfigKeys (ConfUtils.java:logGet(43)) - raft.server.log.segment.size.max = 16384 (custom)
2019-06-12 20:12:47,757 INFO  server.RaftServerConfigKeys (ConfUtils.java:logGet(43)) - raft.server.log.preallocated.size = 16384 (custom)
2019-06-12 20:12:47,757 INFO  server.RaftServerConfigKeys (ConfUtils.java:logGet(43)) - raft.server.log.write.buffer.size = 33554432 (custom)
2019-06-12 20:12:47,757 INFO  server.RaftServerConfigKeys (ConfUtils.java:logGet(43)) - raft.server.log.force.sync.num = 128 (default)
2019-06-12 20:12:47,758 INFO  server.RaftServerConfigKeys (ConfUtils.java:logGet(43)) - raft.server.log.statemachine.data.sync = true (default)
2019-06-12 20:12:47,758 INFO  server.RaftServerConfigKeys (ConfUtils.java:logGet(43)) - raft.server.log.statemachine.data.sync.timeout = 10s (default)
2019-06-12 20:12:47,758 INFO  server.RaftServerConfigKeys (ConfUtils.java:logGet(43)) - raft.server.log.statemachine.data.sync.timeout.retry = -1 (default)
2019-06-12 20:12:47,758 INFO  server.RaftServerConfigKeys (ConfUtils.java:logGet(43)) - raft.server.log.statemachine.data.caching.enabled = true (custom)
2019-06-12 20:12:47,758 INFO  server.RaftServerConfigKeys (ConfUtils.java:logGet(43)) - raft.server.snapshot.auto.trigger.enabled = true (custom)
2019-06-12 20:12:47,758 INFO  server.RaftServerConfigKeys (ConfUtils.java:logGet(43)) - raft.server.snapshot.auto.trigger.threshold = 10000 (custom)
2019-06-12 20:12:47,758 INFO  server.RaftServerConfigKeys (ConfUtils.java:logGet(43)) - raft.server.retrycache.expirytime = 600000ms (custom)
2019-06-12 20:12:47,758 INFO  impl.RaftServerImpl (RaftServerImpl.java:start(173)) - 900d5538-845a-4a1b-8e31-2b073e9dda01: start group-F6DE650AA3E5
2019-06-12 20:12:47,758 INFO  impl.RaftServerImpl (RaftServerImpl.java:setRole(164)) - 900d5538-845a-4a1b-8e31-2b073e9dda01:group-F6DE650AA3E5 changes role from null to FOLLOWER at term 0 for startAsFollower
2019-06-12 20:12:47,759 INFO  impl.RoleInfo (RoleInfo.java:updateAndGet(143)) - 900d5538-845a-4a1b-8e31-2b073e9dda01: start FollowerState
2019-06-12 20:12:47,759 INFO  util.JmxRegister (JmxRegister.java:tryRegister(44)) - Successfully registered JMX Bean with object name Ratis:service=RaftServer,group=group-F6DE650AA3E5,id=900d5538-845a-4a1b-8e31-2b073e9dda01
2019-06-12 20:12:47,765 INFO  pipeline.PipelineStateManager (PipelineStateManager.java:addPipeline(56)) - Created pipeline Pipeline[ Id: b64a1bab-a3d0-46a2-8250-f6de650aa3e5, Nodes: 900d5538-845a-4a1b-8e31-2b073e9dda01{ip: 192.168.134.100, host: ozone-56gws-1102118995, networkLocation: /default-rack, certSerialId: null}, Type:RATIS, Factor:ONE, State:OPEN]
2019-06-12 20:12:47,920 INFO  ozone.MiniOzoneClusterImpl (MiniOzoneClusterImpl.java:lambda$waitForClusterToBeReady$0(142)) - Waiting for cluster to be ready. Got 5 of 6 DN Heartbeats.
2019-06-12 20:12:47,922 INFO  node.SCMNodeManager (SCMNodeManager.java:register(234)) - Registered Data node : c7392e1d-2234-4ea8-83a8-4b10cdd1e176{ip: 192.168.134.100, host: ozone-56gws-1102118995, networkLocation: /default-rack, certSerialId: null}
2019-06-12 20:12:47,934 INFO  impl.RaftServerProxy (RaftServerProxy.java:addNew(89)) - c7392e1d-2234-4ea8-83a8-4b10cdd1e176: addNew group-6D44D9F3922B:[c7392e1d-2234-4ea8-83a8-4b10cdd1e176:192.168.134.100:39861] returns group-6D44D9F3922B:java.util.concurrent.CompletableFuture@7106199c[Not completed]
2019-06-12 20:12:47,934 INFO  impl.RaftServerImpl (RaftServerImpl.java:<init>(91)) - c7392e1d-2234-4ea8-83a8-4b10cdd1e176: new RaftServerImpl for group-6D44D9F3922B:[c7392e1d-2234-4ea8-83a8-4b10cdd1e176:192.168.134.100:39861] with ContainerStateMachine:uninitialized
2019-06-12 20:12:47,934 INFO  server.RaftServerConfigKeys (ConfUtils.java:logGet(43)) - raft.server.rpc.timeout.min = 1s (custom)
2019-06-12 20:12:47,934 INFO  server.RaftServerConfigKeys (ConfUtils.java:logGet(43)) - raft.server.rpc.timeout.max = 1200ms (custom)
2019-06-12 20:12:47,934 INFO  server.RaftServerConfigKeys (ConfUtils.java:logGet(43)) - raft.server.rpcslowness.timeout = 10s (custom)
2019-06-12 20:12:47,935 INFO  server.RaftServerConfigKeys (ConfUtils.java:logGet(43)) - raft.server.log.appender.install.snapshot.enabled = true (default)
2019-06-12 20:12:47,935 INFO  impl.RaftServerImpl (ServerState.java:<init>(101)) - c7392e1d-2234-4ea8-83a8-4b10cdd1e176:group-6D44D9F3922B ConfigurationManager, init=-1: [c7392e1d-2234-4ea8-83a8-4b10cdd1e176:192.168.134.100:39861], old=null, confs=<EMPTY_MAP>
2019-06-12 20:12:47,935 INFO  server.RaftServerConfigKeys (ConfUtils.java:logGet(43)) - raft.server.storage.dir = [/opt/src/hadoop-ozone/integration-test/target/test-dir/MiniOzoneClusterImpl-92c2a1d4-b3cd-4b35-b28c-2f4162273be2/datanode-5/data/ratis] (custom)
2019-06-12 20:12:47,935 INFO  storage.RaftStorageDirectory (RaftStorageDirectory.java:analyzeStorage(246)) - The storage directory /opt/src/hadoop-ozone/integration-test/target/test-dir/MiniOzoneClusterImpl-92c2a1d4-b3cd-4b35-b28c-2f4162273be2/datanode-5/data/ratis/c43d9929-ea46-4343-855c-6d44d9f3922b does not exist. Creating ...
2019-06-12 20:12:47,937 INFO  storage.RaftStorageDirectory (RaftStorageDirectory.java:tryLock(328)) - Lock on /opt/src/hadoop-ozone/integration-test/target/test-dir/MiniOzoneClusterImpl-92c2a1d4-b3cd-4b35-b28c-2f4162273be2/datanode-5/data/ratis/c43d9929-ea46-4343-855c-6d44d9f3922b/in_use.lock acquired by nodename 10168@ozone-56gws-1102118995
2019-06-12 20:12:47,939 INFO  storage.RaftStorage (RaftStorage.java:format(75)) - Storage directory /opt/src/hadoop-ozone/integration-test/target/test-dir/MiniOzoneClusterImpl-92c2a1d4-b3cd-4b35-b28c-2f4162273be2/datanode-5/data/ratis/c43d9929-ea46-4343-855c-6d44d9f3922b has been successfully formatted.
2019-06-12 20:12:47,939 INFO  ratis.ContainerStateMachine (ContainerStateMachine.java:loadSnapshot(199)) - The snapshot info is null.Setting the last applied index to:(t:0, i:~)
2019-06-12 20:12:47,939 INFO  server.RaftServerConfigKeys (ConfUtils.java:logGet(43)) - raft.server.leader.election.timeout = 10s (custom)
2019-06-12 20:12:47,939 INFO  server.RaftServerConfigKeys (ConfUtils.java:logGet(43)) - raft.server.log.use.memory = false (default)
2019-06-12 20:12:47,939 INFO  server.RaftServerConfigKeys (ConfUtils.java:logGet(43)) - raft.server.log.appender.buffer.byte-limit = 33554432 (custom)
2019-06-12 20:12:47,940 INFO  server.RaftServerConfigKeys (ConfUtils.java:logGet(43)) - raft.server.log.segment.size.max = 16384 (custom)
2019-06-12 20:12:47,940 INFO  server.RaftServerConfigKeys (ConfUtils.java:logGet(43)) - raft.server.log.segment.cache.num.max = 2 (custom)
2019-06-12 20:12:47,940 INFO  storage.RaftLogWorker (RaftLogWorker.java:<init>(123)) - new c7392e1d-2234-4ea8-83a8-4b10cdd1e176-RaftLogWorker for Storage Directory /opt/src/hadoop-ozone/integration-test/target/test-dir/MiniOzoneClusterImpl-92c2a1d4-b3cd-4b35-b28c-2f4162273be2/datanode-5/data/ratis/c43d9929-ea46-4343-855c-6d44d9f3922b
2019-06-12 20:12:47,940 INFO  server.RaftServerConfigKeys (ConfUtils.java:logGet(43)) - raft.server.log.queue.byte-limit = 2147483647 (custom)
2019-06-12 20:12:47,940 INFO  server.RaftServerConfigKeys (ConfUtils.java:logGet(43)) - raft.server.log.queue.element-limit = 1024 (custom)
2019-06-12 20:12:47,940 INFO  server.RaftServerConfigKeys (ConfUtils.java:logGet(43)) - raft.server.log.segment.size.max = 16384 (custom)
2019-06-12 20:12:47,940 INFO  server.RaftServerConfigKeys (ConfUtils.java:logGet(43)) - raft.server.log.preallocated.size = 16384 (custom)
2019-06-12 20:12:47,940 INFO  server.RaftServerConfigKeys (ConfUtils.java:logGet(43)) - raft.server.log.write.buffer.size = 33554432 (custom)
2019-06-12 20:12:47,940 INFO  server.RaftServerConfigKeys (ConfUtils.java:logGet(43)) - raft.server.log.force.sync.num = 128 (default)
2019-06-12 20:12:47,940 INFO  server.RaftServerConfigKeys (ConfUtils.java:logGet(43)) - raft.server.log.statemachine.data.sync = true (default)
2019-06-12 20:12:47,940 INFO  server.RaftServerConfigKeys (ConfUtils.java:logGet(43)) - raft.server.log.statemachine.data.sync.timeout = 10s (default)
2019-06-12 20:12:47,940 INFO  server.RaftServerConfigKeys (ConfUtils.java:logGet(43)) - raft.server.log.statemachine.data.sync.timeout.retry = -1 (default)
2019-06-12 20:12:47,940 INFO  server.RaftServerConfigKeys (ConfUtils.java:logGet(43)) - raft.server.log.statemachine.data.caching.enabled = true (custom)
2019-06-12 20:12:47,941 INFO  server.RaftServerConfigKeys (ConfUtils.java:logGet(43)) - raft.server.snapshot.auto.trigger.enabled = true (custom)
2019-06-12 20:12:47,941 INFO  server.RaftServerConfigKeys (ConfUtils.java:logGet(43)) - raft.server.snapshot.auto.trigger.threshold = 10000 (custom)
2019-06-12 20:12:47,941 INFO  server.RaftServerConfigKeys (ConfUtils.java:logGet(43)) - raft.server.retrycache.expirytime = 600000ms (custom)
2019-06-12 20:12:47,941 INFO  impl.RaftServerImpl (RaftServerImpl.java:start(173)) - c7392e1d-2234-4ea8-83a8-4b10cdd1e176: start group-6D44D9F3922B
2019-06-12 20:12:47,941 INFO  impl.RaftServerImpl (RaftServerImpl.java:setRole(164)) - c7392e1d-2234-4ea8-83a8-4b10cdd1e176:group-6D44D9F3922B changes role from null to FOLLOWER at term 0 for startAsFollower
2019-06-12 20:12:47,941 INFO  impl.RoleInfo (RoleInfo.java:updateAndGet(143)) - c7392e1d-2234-4ea8-83a8-4b10cdd1e176: start FollowerState
2019-06-12 20:12:47,941 INFO  util.JmxRegister (JmxRegister.java:tryRegister(44)) - Successfully registered JMX Bean with object name Ratis:service=RaftServer,group=group-6D44D9F3922B,id=c7392e1d-2234-4ea8-83a8-4b10cdd1e176
2019-06-12 20:12:47,951 INFO  pipeline.PipelineStateManager (PipelineStateManager.java:addPipeline(56)) - Created pipeline Pipeline[ Id: c43d9929-ea46-4343-855c-6d44d9f3922b, Nodes: c7392e1d-2234-4ea8-83a8-4b10cdd1e176{ip: 192.168.134.100, host: ozone-56gws-1102118995, networkLocation: /default-rack, certSerialId: null}, Type:RATIS, Factor:ONE, State:OPEN]
2019-06-12 20:12:47,970 INFO  impl.RaftServerProxy (RaftServerProxy.java:addNew(89)) - c7392e1d-2234-4ea8-83a8-4b10cdd1e176: addNew group-79CE35114E17:[c7392e1d-2234-4ea8-83a8-4b10cdd1e176:192.168.134.100:39861, 900d5538-845a-4a1b-8e31-2b073e9dda01:192.168.134.100:39503, 7c143d1f-2013-459a-b5eb-868ea090a2bc:192.168.134.100:36331] returns group-79CE35114E17:java.util.concurrent.CompletableFuture@5a2641db[Not completed]
2019-06-12 20:12:47,971 INFO  impl.RaftServerImpl (RaftServerImpl.java:<init>(91)) - c7392e1d-2234-4ea8-83a8-4b10cdd1e176: new RaftServerImpl for group-79CE35114E17:[c7392e1d-2234-4ea8-83a8-4b10cdd1e176:192.168.134.100:39861, 900d5538-845a-4a1b-8e31-2b073e9dda01:192.168.134.100:39503, 7c143d1f-2013-459a-b5eb-868ea090a2bc:192.168.134.100:36331] with ContainerStateMachine:uninitialized
2019-06-12 20:12:47,971 INFO  server.RaftServerConfigKeys (ConfUtils.java:logGet(43)) - raft.server.rpc.timeout.min = 1s (custom)
2019-06-12 20:12:47,971 INFO  server.RaftServerConfigKeys (ConfUtils.java:logGet(43)) - raft.server.rpc.timeout.max = 1200ms (custom)
2019-06-12 20:12:47,971 INFO  server.RaftServerConfigKeys (ConfUtils.java:logGet(43)) - raft.server.rpcslowness.timeout = 10s (custom)
2019-06-12 20:12:47,972 INFO  server.RaftServerConfigKeys (ConfUtils.java:logGet(43)) - raft.server.log.appender.install.snapshot.enabled = true (default)
2019-06-12 20:12:47,972 INFO  impl.RaftServerImpl (ServerState.java:<init>(101)) - c7392e1d-2234-4ea8-83a8-4b10cdd1e176:group-79CE35114E17 ConfigurationManager, init=-1: [c7392e1d-2234-4ea8-83a8-4b10cdd1e176:192.168.134.100:39861, 900d5538-845a-4a1b-8e31-2b073e9dda01:192.168.134.100:39503, 7c143d1f-2013-459a-b5eb-868ea090a2bc:192.168.134.100:36331], old=null, confs=<EMPTY_MAP>
2019-06-12 20:12:47,972 INFO  server.RaftServerConfigKeys (ConfUtils.java:logGet(43)) - raft.server.storage.dir = [/opt/src/hadoop-ozone/integration-test/target/test-dir/MiniOzoneClusterImpl-92c2a1d4-b3cd-4b35-b28c-2f4162273be2/datanode-5/data/ratis] (custom)
2019-06-12 20:12:47,972 INFO  impl.RaftServerProxy (RaftServerProxy.java:addNew(89)) - 900d5538-845a-4a1b-8e31-2b073e9dda01: addNew group-79CE35114E17:[c7392e1d-2234-4ea8-83a8-4b10cdd1e176:192.168.134.100:39861, 900d5538-845a-4a1b-8e31-2b073e9dda01:192.168.134.100:39503, 7c143d1f-2013-459a-b5eb-868ea090a2bc:192.168.134.100:36331] returns group-79CE35114E17:java.util.concurrent.CompletableFuture@4ee640f0[Not completed]
2019-06-12 20:12:47,973 INFO  storage.RaftStorageDirectory (RaftStorageDirectory.java:analyzeStorage(246)) - The storage directory /opt/src/hadoop-ozone/integration-test/target/test-dir/MiniOzoneClusterImpl-92c2a1d4-b3cd-4b35-b28c-2f4162273be2/datanode-5/data/ratis/b4a11710-c955-47d1-bc94-79ce35114e17 does not exist. Creating ...
2019-06-12 20:12:47,973 INFO  impl.RaftServerImpl (RaftServerImpl.java:<init>(91)) - 900d5538-845a-4a1b-8e31-2b073e9dda01: new RaftServerImpl for group-79CE35114E17:[c7392e1d-2234-4ea8-83a8-4b10cdd1e176:192.168.134.100:39861, 900d5538-845a-4a1b-8e31-2b073e9dda01:192.168.134.100:39503, 7c143d1f-2013-459a-b5eb-868ea090a2bc:192.168.134.100:36331] with ContainerStateMachine:uninitialized
2019-06-12 20:12:47,973 INFO  server.RaftServerConfigKeys (ConfUtils.java:logGet(43)) - raft.server.rpc.timeout.min = 1s (custom)
2019-06-12 20:12:47,973 INFO  server.RaftServerConfigKeys (ConfUtils.java:logGet(43)) - raft.server.rpc.timeout.max = 1200ms (custom)
2019-06-12 20:12:47,973 INFO  server.RaftServerConfigKeys (ConfUtils.java:logGet(43)) - raft.server.rpcslowness.timeout = 10s (custom)
2019-06-12 20:12:47,973 INFO  server.RaftServerConfigKeys (ConfUtils.java:logGet(43)) - raft.server.log.appender.install.snapshot.enabled = true (default)
2019-06-12 20:12:47,973 INFO  impl.RaftServerImpl (ServerState.java:<init>(101)) - 900d5538-845a-4a1b-8e31-2b073e9dda01:group-79CE35114E17 ConfigurationManager, init=-1: [c7392e1d-2234-4ea8-83a8-4b10cdd1e176:192.168.134.100:39861, 900d5538-845a-4a1b-8e31-2b073e9dda01:192.168.134.100:39503, 7c143d1f-2013-459a-b5eb-868ea090a2bc:192.168.134.100:36331], old=null, confs=<EMPTY_MAP>
2019-06-12 20:12:47,973 INFO  server.RaftServerConfigKeys (ConfUtils.java:logGet(43)) - raft.server.storage.dir = [/opt/src/hadoop-ozone/integration-test/target/test-dir/MiniOzoneClusterImpl-92c2a1d4-b3cd-4b35-b28c-2f4162273be2/datanode-4/data/ratis] (custom)
2019-06-12 20:12:47,974 INFO  storage.RaftStorageDirectory (RaftStorageDirectory.java:analyzeStorage(246)) - The storage directory /opt/src/hadoop-ozone/integration-test/target/test-dir/MiniOzoneClusterImpl-92c2a1d4-b3cd-4b35-b28c-2f4162273be2/datanode-4/data/ratis/b4a11710-c955-47d1-bc94-79ce35114e17 does not exist. Creating ...
2019-06-12 20:12:47,975 INFO  storage.RaftStorageDirectory (RaftStorageDirectory.java:tryLock(328)) - Lock on /opt/src/hadoop-ozone/integration-test/target/test-dir/MiniOzoneClusterImpl-92c2a1d4-b3cd-4b35-b28c-2f4162273be2/datanode-5/data/ratis/b4a11710-c955-47d1-bc94-79ce35114e17/in_use.lock acquired by nodename 10168@ozone-56gws-1102118995
2019-06-12 20:12:47,975 INFO  impl.RaftServerProxy (RaftServerProxy.java:addNew(89)) - 7c143d1f-2013-459a-b5eb-868ea090a2bc: addNew group-79CE35114E17:[c7392e1d-2234-4ea8-83a8-4b10cdd1e176:192.168.134.100:39861, 900d5538-845a-4a1b-8e31-2b073e9dda01:192.168.134.100:39503, 7c143d1f-2013-459a-b5eb-868ea090a2bc:192.168.134.100:36331] returns group-79CE35114E17:java.util.concurrent.CompletableFuture@20fe29a5[Not completed]
2019-06-12 20:12:47,975 INFO  impl.RaftServerImpl (RaftServerImpl.java:<init>(91)) - 7c143d1f-2013-459a-b5eb-868ea090a2bc: new RaftServerImpl for group-79CE35114E17:[c7392e1d-2234-4ea8-83a8-4b10cdd1e176:192.168.134.100:39861, 900d5538-845a-4a1b-8e31-2b073e9dda01:192.168.134.100:39503, 7c143d1f-2013-459a-b5eb-868ea090a2bc:192.168.134.100:36331] with ContainerStateMachine:uninitialized
2019-06-12 20:12:47,975 INFO  server.RaftServerConfigKeys (ConfUtils.java:logGet(43)) - raft.server.rpc.timeout.min = 1s (custom)
2019-06-12 20:12:47,976 INFO  server.RaftServerConfigKeys (ConfUtils.java:logGet(43)) - raft.server.rpc.timeout.max = 1200ms (custom)
2019-06-12 20:12:47,976 INFO  server.RaftServerConfigKeys (ConfUtils.java:logGet(43)) - raft.server.rpcslowness.timeout = 10s (custom)
2019-06-12 20:12:47,976 INFO  server.RaftServerConfigKeys (ConfUtils.java:logGet(43)) - raft.server.log.appender.install.snapshot.enabled = true (default)
2019-06-12 20:12:47,976 INFO  impl.RaftServerImpl (ServerState.java:<init>(101)) - 7c143d1f-2013-459a-b5eb-868ea090a2bc:group-79CE35114E17 ConfigurationManager, init=-1: [c7392e1d-2234-4ea8-83a8-4b10cdd1e176:192.168.134.100:39861, 900d5538-845a-4a1b-8e31-2b073e9dda01:192.168.134.100:39503, 7c143d1f-2013-459a-b5eb-868ea090a2bc:192.168.134.100:36331], old=null, confs=<EMPTY_MAP>
2019-06-12 20:12:47,976 INFO  server.RaftServerConfigKeys (ConfUtils.java:logGet(43)) - raft.server.storage.dir = [/opt/src/hadoop-ozone/integration-test/target/test-dir/MiniOzoneClusterImpl-92c2a1d4-b3cd-4b35-b28c-2f4162273be2/datanode-1/data/ratis] (custom)
2019-06-12 20:12:47,976 INFO  storage.RaftStorageDirectory (RaftStorageDirectory.java:analyzeStorage(246)) - The storage directory /opt/src/hadoop-ozone/integration-test/target/test-dir/MiniOzoneClusterImpl-92c2a1d4-b3cd-4b35-b28c-2f4162273be2/datanode-1/data/ratis/b4a11710-c955-47d1-bc94-79ce35114e17 does not exist. Creating ...
2019-06-12 20:12:47,976 INFO  storage.RaftStorageDirectory (RaftStorageDirectory.java:tryLock(328)) - Lock on /opt/src/hadoop-ozone/integration-test/target/test-dir/MiniOzoneClusterImpl-92c2a1d4-b3cd-4b35-b28c-2f4162273be2/datanode-4/data/ratis/b4a11710-c955-47d1-bc94-79ce35114e17/in_use.lock acquired by nodename 10168@ozone-56gws-1102118995
2019-06-12 20:12:47,978 INFO  storage.RaftStorage (RaftStorage.java:format(75)) - Storage directory /opt/src/hadoop-ozone/integration-test/target/test-dir/MiniOzoneClusterImpl-92c2a1d4-b3cd-4b35-b28c-2f4162273be2/datanode-5/data/ratis/b4a11710-c955-47d1-bc94-79ce35114e17 has been successfully formatted.
2019-06-12 20:12:47,978 INFO  ratis.ContainerStateMachine (ContainerStateMachine.java:loadSnapshot(199)) - The snapshot info is null.Setting the last applied index to:(t:0, i:~)
2019-06-12 20:12:47,978 INFO  server.RaftServerConfigKeys (ConfUtils.java:logGet(43)) - raft.server.leader.election.timeout = 10s (custom)
2019-06-12 20:12:47,979 INFO  server.RaftServerConfigKeys (ConfUtils.java:logGet(43)) - raft.server.log.use.memory = false (default)
2019-06-12 20:12:47,979 INFO  server.RaftServerConfigKeys (ConfUtils.java:logGet(43)) - raft.server.log.appender.buffer.byte-limit = 33554432 (custom)
2019-06-12 20:12:47,979 INFO  storage.RaftStorageDirectory (RaftStorageDirectory.java:tryLock(328)) - Lock on /opt/src/hadoop-ozone/integration-test/target/test-dir/MiniOzoneClusterImpl-92c2a1d4-b3cd-4b35-b28c-2f4162273be2/datanode-1/data/ratis/b4a11710-c955-47d1-bc94-79ce35114e17/in_use.lock acquired by nodename 10168@ozone-56gws-1102118995
2019-06-12 20:12:47,979 INFO  server.RaftServerConfigKeys (ConfUtils.java:logGet(43)) - raft.server.log.segment.size.max = 16384 (custom)
2019-06-12 20:12:47,979 INFO  storage.RaftStorage (RaftStorage.java:format(75)) - Storage directory /opt/src/hadoop-ozone/integration-test/target/test-dir/MiniOzoneClusterImpl-92c2a1d4-b3cd-4b35-b28c-2f4162273be2/datanode-4/data/ratis/b4a11710-c955-47d1-bc94-79ce35114e17 has been successfully formatted.
2019-06-12 20:12:47,979 INFO  server.RaftServerConfigKeys (ConfUtils.java:logGet(43)) - raft.server.log.segment.cache.num.max = 2 (custom)
2019-06-12 20:12:47,979 INFO  ratis.ContainerStateMachine (ContainerStateMachine.java:loadSnapshot(199)) - The snapshot info is null.Setting the last applied index to:(t:0, i:~)
2019-06-12 20:12:47,979 INFO  storage.RaftLogWorker (RaftLogWorker.java:<init>(123)) - new c7392e1d-2234-4ea8-83a8-4b10cdd1e176-RaftLogWorker for Storage Directory /opt/src/hadoop-ozone/integration-test/target/test-dir/MiniOzoneClusterImpl-92c2a1d4-b3cd-4b35-b28c-2f4162273be2/datanode-5/data/ratis/b4a11710-c955-47d1-bc94-79ce35114e17
2019-06-12 20:12:47,979 INFO  server.RaftServerConfigKeys (ConfUtils.java:logGet(43)) - raft.server.leader.election.timeout = 10s (custom)
2019-06-12 20:12:47,980 INFO  server.RaftServerConfigKeys (ConfUtils.java:logGet(43)) - raft.server.log.queue.byte-limit = 2147483647 (custom)
2019-06-12 20:12:47,980 INFO  server.RaftServerConfigKeys (ConfUtils.java:logGet(43)) - raft.server.log.use.memory = false (default)
2019-06-12 20:12:47,980 INFO  server.RaftServerConfigKeys (ConfUtils.java:logGet(43)) - raft.server.log.queue.element-limit = 1024 (custom)
2019-06-12 20:12:47,980 INFO  server.RaftServerConfigKeys (ConfUtils.java:logGet(43)) - raft.server.log.appender.buffer.byte-limit = 33554432 (custom)
2019-06-12 20:12:47,980 INFO  server.RaftServerConfigKeys (ConfUtils.java:logGet(43)) - raft.server.log.segment.size.max = 16384 (custom)
2019-06-12 20:12:47,980 INFO  server.RaftServerConfigKeys (ConfUtils.java:logGet(43)) - raft.server.log.segment.size.max = 16384 (custom)
2019-06-12 20:12:47,980 INFO  server.RaftServerConfigKeys (ConfUtils.java:logGet(43)) - raft.server.log.preallocated.size = 16384 (custom)
2019-06-12 20:12:47,980 INFO  server.RaftServerConfigKeys (ConfUtils.java:logGet(43)) - raft.server.log.segment.cache.num.max = 2 (custom)
2019-06-12 20:12:47,980 INFO  server.RaftServerConfigKeys (ConfUtils.java:logGet(43)) - raft.server.log.write.buffer.size = 33554432 (custom)
2019-06-12 20:12:47,980 INFO  storage.RaftLogWorker (RaftLogWorker.java:<init>(123)) - new 900d5538-845a-4a1b-8e31-2b073e9dda01-RaftLogWorker for Storage Directory /opt/src/hadoop-ozone/integration-test/target/test-dir/MiniOzoneClusterImpl-92c2a1d4-b3cd-4b35-b28c-2f4162273be2/datanode-4/data/ratis/b4a11710-c955-47d1-bc94-79ce35114e17
2019-06-12 20:12:47,980 INFO  server.RaftServerConfigKeys (ConfUtils.java:logGet(43)) - raft.server.log.queue.byte-limit = 2147483647 (custom)
2019-06-12 20:12:47,980 INFO  server.RaftServerConfigKeys (ConfUtils.java:logGet(43)) - raft.server.log.queue.element-limit = 1024 (custom)
2019-06-12 20:12:47,981 INFO  server.RaftServerConfigKeys (ConfUtils.java:logGet(43)) - raft.server.log.segment.size.max = 16384 (custom)
2019-06-12 20:12:47,981 INFO  server.RaftServerConfigKeys (ConfUtils.java:logGet(43)) - raft.server.log.preallocated.size = 16384 (custom)
2019-06-12 20:12:47,981 INFO  server.RaftServerConfigKeys (ConfUtils.java:logGet(43)) - raft.server.log.write.buffer.size = 33554432 (custom)
2019-06-12 20:12:47,981 INFO  server.RaftServerConfigKeys (ConfUtils.java:logGet(43)) - raft.server.log.force.sync.num = 128 (default)
2019-06-12 20:12:47,981 INFO  server.RaftServerConfigKeys (ConfUtils.java:logGet(43)) - raft.server.log.statemachine.data.sync = true (default)
2019-06-12 20:12:47,981 INFO  server.RaftServerConfigKeys (ConfUtils.java:logGet(43)) - raft.server.log.statemachine.data.sync.timeout = 10s (default)
2019-06-12 20:12:47,981 INFO  server.RaftServerConfigKeys (ConfUtils.java:logGet(43)) - raft.server.log.statemachine.data.sync.timeout.retry = -1 (default)
2019-06-12 20:12:47,981 INFO  server.RaftServerConfigKeys (ConfUtils.java:logGet(43)) - raft.server.log.statemachine.data.caching.enabled = true (custom)
2019-06-12 20:12:47,980 INFO  server.RaftServerConfigKeys (ConfUtils.java:logGet(43)) - raft.server.log.force.sync.num = 128 (default)
2019-06-12 20:12:47,982 INFO  server.RaftServerConfigKeys (ConfUtils.java:logGet(43)) - raft.server.snapshot.auto.trigger.enabled = true (custom)
2019-06-12 20:12:47,981 INFO  storage.RaftStorage (RaftStorage.java:format(75)) - Storage directory /opt/src/hadoop-ozone/integration-test/target/test-dir/MiniOzoneClusterImpl-92c2a1d4-b3cd-4b35-b28c-2f4162273be2/datanode-1/data/ratis/b4a11710-c955-47d1-bc94-79ce35114e17 has been successfully formatted.
2019-06-12 20:12:47,982 INFO  server.RaftServerConfigKeys (ConfUtils.java:logGet(43)) - raft.server.snapshot.auto.trigger.threshold = 10000 (custom)
2019-06-12 20:12:47,982 INFO  server.RaftServerConfigKeys (ConfUtils.java:logGet(43)) - raft.server.log.statemachine.data.sync = true (default)
2019-06-12 20:12:47,982 INFO  server.RaftServerConfigKeys (ConfUtils.java:logGet(43)) - raft.server.retrycache.expirytime = 600000ms (custom)
2019-06-12 20:12:47,982 INFO  ratis.ContainerStateMachine (ContainerStateMachine.java:loadSnapshot(199)) - The snapshot info is null.Setting the last applied index to:(t:0, i:~)
2019-06-12 20:12:47,982 INFO  impl.RaftServerImpl (RaftServerImpl.java:start(173)) - 900d5538-845a-4a1b-8e31-2b073e9dda01: start group-79CE35114E17
2019-06-12 20:12:47,982 INFO  server.RaftServerConfigKeys (ConfUtils.java:logGet(43)) - raft.server.log.statemachine.data.sync.timeout = 10s (default)
2019-06-12 20:12:47,982 INFO  impl.RaftServerImpl (RaftServerImpl.java:setRole(164)) - 900d5538-845a-4a1b-8e31-2b073e9dda01:group-79CE35114E17 changes role from null to FOLLOWER at term 0 for startAsFollower
2019-06-12 20:12:47,982 INFO  server.RaftServerConfigKeys (ConfUtils.java:logGet(43)) - raft.server.leader.election.timeout = 10s (custom)
2019-06-12 20:12:47,982 INFO  impl.RoleInfo (RoleInfo.java:updateAndGet(143)) - 900d5538-845a-4a1b-8e31-2b073e9dda01: start FollowerState
2019-06-12 20:12:47,982 INFO  server.RaftServerConfigKeys (ConfUtils.java:logGet(43)) - raft.server.log.statemachine.data.sync.timeout.retry = -1 (default)
2019-06-12 20:12:47,982 INFO  server.RaftServerConfigKeys (ConfUtils.java:logGet(43)) - raft.server.log.use.memory = false (default)
2019-06-12 20:12:47,983 INFO  server.RaftServerConfigKeys (ConfUtils.java:logGet(43)) - raft.server.log.appender.buffer.byte-limit = 33554432 (custom)
2019-06-12 20:12:47,983 INFO  util.JmxRegister (JmxRegister.java:tryRegister(44)) - Successfully registered JMX Bean with object name Ratis:service=RaftServer,group=group-79CE35114E17,id=900d5538-845a-4a1b-8e31-2b073e9dda01
2019-06-12 20:12:47,983 INFO  server.RaftServerConfigKeys (ConfUtils.java:logGet(43)) - raft.server.log.segment.size.max = 16384 (custom)
2019-06-12 20:12:47,983 INFO  server.RaftServerConfigKeys (ConfUtils.java:logGet(43)) - raft.server.log.segment.cache.num.max = 2 (custom)
2019-06-12 20:12:47,983 INFO  storage.RaftLogWorker (RaftLogWorker.java:<init>(123)) - new 7c143d1f-2013-459a-b5eb-868ea090a2bc-RaftLogWorker for Storage Directory /opt/src/hadoop-ozone/integration-test/target/test-dir/MiniOzoneClusterImpl-92c2a1d4-b3cd-4b35-b28c-2f4162273be2/datanode-1/data/ratis/b4a11710-c955-47d1-bc94-79ce35114e17
2019-06-12 20:12:47,983 INFO  server.RaftServerConfigKeys (ConfUtils.java:logGet(43)) - raft.server.log.queue.byte-limit = 2147483647 (custom)
2019-06-12 20:12:47,983 INFO  server.RaftServerConfigKeys (ConfUtils.java:logGet(43)) - raft.server.log.queue.element-limit = 1024 (custom)
2019-06-12 20:12:47,983 INFO  server.RaftServerConfigKeys (ConfUtils.java:logGet(43)) - raft.server.log.segment.size.max = 16384 (custom)
2019-06-12 20:12:47,983 INFO  server.RaftServerConfigKeys (ConfUtils.java:logGet(43)) - raft.server.log.preallocated.size = 16384 (custom)
2019-06-12 20:12:47,984 INFO  server.RaftServerConfigKeys (ConfUtils.java:logGet(43)) - raft.server.log.write.buffer.size = 33554432 (custom)
2019-06-12 20:12:47,984 INFO  server.RaftServerConfigKeys (ConfUtils.java:logGet(43)) - raft.server.log.force.sync.num = 128 (default)
2019-06-12 20:12:47,984 INFO  server.RaftServerConfigKeys (ConfUtils.java:logGet(43)) - raft.server.log.statemachine.data.sync = true (default)
2019-06-12 20:12:47,984 INFO  server.RaftServerConfigKeys (ConfUtils.java:logGet(43)) - raft.server.log.statemachine.data.sync.timeout = 10s (default)
2019-06-12 20:12:47,984 INFO  server.RaftServerConfigKeys (ConfUtils.java:logGet(43)) - raft.server.log.statemachine.data.sync.timeout.retry = -1 (default)
2019-06-12 20:12:47,985 INFO  server.RaftServerConfigKeys (ConfUtils.java:logGet(43)) - raft.server.log.statemachine.data.caching.enabled = true (custom)
2019-06-12 20:12:47,985 INFO  server.RaftServerConfigKeys (ConfUtils.java:logGet(43)) - raft.server.log.statemachine.data.caching.enabled = true (custom)
2019-06-12 20:12:47,986 INFO  server.RaftServerConfigKeys (ConfUtils.java:logGet(43)) - raft.server.snapshot.auto.trigger.enabled = true (custom)
2019-06-12 20:12:47,986 INFO  server.RaftServerConfigKeys (ConfUtils.java:logGet(43)) - raft.server.snapshot.auto.trigger.threshold = 10000 (custom)
2019-06-12 20:12:47,986 INFO  server.RaftServerConfigKeys (ConfUtils.java:logGet(43)) - raft.server.retrycache.expirytime = 600000ms (custom)
2019-06-12 20:12:47,986 INFO  impl.RaftServerImpl (RaftServerImpl.java:start(173)) - 7c143d1f-2013-459a-b5eb-868ea090a2bc: start group-79CE35114E17
2019-06-12 20:12:47,987 INFO  impl.RaftServerImpl (RaftServerImpl.java:setRole(164)) - 7c143d1f-2013-459a-b5eb-868ea090a2bc:group-79CE35114E17 changes role from null to FOLLOWER at term 0 for startAsFollower
2019-06-12 20:12:47,987 INFO  impl.RoleInfo (RoleInfo.java:updateAndGet(143)) - 7c143d1f-2013-459a-b5eb-868ea090a2bc: start FollowerState
2019-06-12 20:12:47,987 INFO  util.JmxRegister (JmxRegister.java:tryRegister(44)) - Successfully registered JMX Bean with object name Ratis:service=RaftServer,group=group-79CE35114E17,id=7c143d1f-2013-459a-b5eb-868ea090a2bc
2019-06-12 20:12:47,987 INFO  server.RaftServerConfigKeys (ConfUtils.java:logGet(43)) - raft.server.snapshot.auto.trigger.enabled = true (custom)
2019-06-12 20:12:47,987 INFO  server.RaftServerConfigKeys (ConfUtils.java:logGet(43)) - raft.server.snapshot.auto.trigger.threshold = 10000 (custom)
2019-06-12 20:12:47,989 INFO  server.RaftServerConfigKeys (ConfUtils.java:logGet(43)) - raft.server.retrycache.expirytime = 600000ms (custom)
2019-06-12 20:12:47,989 INFO  impl.RaftServerImpl (RaftServerImpl.java:start(173)) - c7392e1d-2234-4ea8-83a8-4b10cdd1e176: start group-79CE35114E17
2019-06-12 20:12:47,989 INFO  impl.RaftServerImpl (RaftServerImpl.java:setRole(164)) - c7392e1d-2234-4ea8-83a8-4b10cdd1e176:group-79CE35114E17 changes role from null to FOLLOWER at term 0 for startAsFollower
2019-06-12 20:12:47,990 INFO  impl.RoleInfo (RoleInfo.java:updateAndGet(143)) - c7392e1d-2234-4ea8-83a8-4b10cdd1e176: start FollowerState
2019-06-12 20:12:47,994 INFO  util.JmxRegister (JmxRegister.java:tryRegister(44)) - Successfully registered JMX Bean with object name Ratis:service=RaftServer,group=group-79CE35114E17,id=c7392e1d-2234-4ea8-83a8-4b10cdd1e176
2019-06-12 20:12:48,013 INFO  pipeline.PipelineStateManager (PipelineStateManager.java:addPipeline(56)) - Created pipeline Pipeline[ Id: b4a11710-c955-47d1-bc94-79ce35114e17, Nodes: c7392e1d-2234-4ea8-83a8-4b10cdd1e176{ip: 192.168.134.100, host: ozone-56gws-1102118995, networkLocation: /default-rack, certSerialId: null}7c143d1f-2013-459a-b5eb-868ea090a2bc{ip: 192.168.134.100, host: ozone-56gws-1102118995, networkLocation: /default-rack, certSerialId: null}900d5538-845a-4a1b-8e31-2b073e9dda01{ip: 192.168.134.100, host: ozone-56gws-1102118995, networkLocation: /default-rack, certSerialId: null}, Type:RATIS, Factor:THREE, State:OPEN]
2019-06-12 20:12:48,552 INFO  impl.FollowerState (FollowerState.java:run(101)) - 31795e9a-0588-4537-aaa4-ef51d6d8fde5:group-E347F5AC6920 changes to CANDIDATE, lastRpcTime:1081, electionTimeout:1081ms
2019-06-12 20:12:48,552 INFO  impl.RoleInfo (RoleInfo.java:shutdownFollowerState(121)) - 31795e9a-0588-4537-aaa4-ef51d6d8fde5: shutdown FollowerState
2019-06-12 20:12:48,552 INFO  impl.RaftServerImpl (RaftServerImpl.java:setRole(164)) - 31795e9a-0588-4537-aaa4-ef51d6d8fde5:group-E347F5AC6920 changes role from FOLLOWER to CANDIDATE at term 0 for changeToCandidate
2019-06-12 20:12:48,553 INFO  impl.RoleInfo (RoleInfo.java:updateAndGet(143)) - 31795e9a-0588-4537-aaa4-ef51d6d8fde5: start LeaderElection
2019-06-12 20:12:48,560 INFO  impl.LeaderElection (LeaderElection.java:askForVotes(181)) - 31795e9a-0588-4537-aaa4-ef51d6d8fde5:group-E347F5AC6920:LeaderElection1: begin an election at term 1 for -1: [31795e9a-0588-4537-aaa4-ef51d6d8fde5:192.168.134.100:36677], old=null
2019-06-12 20:12:48,562 INFO  impl.RoleInfo (RoleInfo.java:shutdownLeaderElection(134)) - 31795e9a-0588-4537-aaa4-ef51d6d8fde5: shutdown LeaderElection
2019-06-12 20:12:48,562 INFO  impl.RaftServerImpl (RaftServerImpl.java:setRole(164)) - 31795e9a-0588-4537-aaa4-ef51d6d8fde5:group-E347F5AC6920 changes role from CANDIDATE to LEADER at term 1 for changeToLeader
2019-06-12 20:12:48,562 INFO  impl.RaftServerImpl (ServerState.java:setLeader(263)) - 31795e9a-0588-4537-aaa4-ef51d6d8fde5:group-E347F5AC6920 change Leader from null to 31795e9a-0588-4537-aaa4-ef51d6d8fde5 at term 1 for becomeLeader, leader elected after 1251ms
2019-06-12 20:12:48,566 INFO  server.RaftServerConfigKeys (ConfUtils.java:logGet(43)) - raft.server.staging.catchup.gap = 1000 (default)
2019-06-12 20:12:48,566 INFO  server.RaftServerConfigKeys (ConfUtils.java:logGet(43)) - raft.server.rpc.sleep.time = 25ms (default)
2019-06-12 20:12:48,568 INFO  server.RaftServerConfigKeys (ConfUtils.java:logGet(43)) - raft.server.watch.timeout = 10s (default)
2019-06-12 20:12:48,568 INFO  server.RaftServerConfigKeys (ConfUtils.java:logGet(43)) - raft.server.watch.timeout.denomination = 1s (default)
2019-06-12 20:12:48,573 INFO  impl.RoleInfo (RoleInfo.java:updateAndGet(143)) - 31795e9a-0588-4537-aaa4-ef51d6d8fde5: start LeaderState
2019-06-12 20:12:48,588 INFO  storage.RaftLogWorker (RaftLogWorker.java:startLogSegment(298)) - 31795e9a-0588-4537-aaa4-ef51d6d8fde5-RaftLogWorker: Starting segment from index:0
2019-06-12 20:12:48,598 INFO  impl.RaftServerImpl (ServerState.java:setRaftConf(361)) - 31795e9a-0588-4537-aaa4-ef51d6d8fde5:group-E347F5AC6920 set configuration 0: [31795e9a-0588-4537-aaa4-ef51d6d8fde5:192.168.134.100:36677], old=null at 0
2019-06-12 20:12:48,636 INFO  impl.FollowerState (FollowerState.java:run(101)) - e25ba119-ba18-4990-af30-3d8766cc29f9:group-4D6E7E3ACED1 changes to CANDIDATE, lastRpcTime:1099, electionTimeout:1098ms
2019-06-12 20:12:48,637 INFO  impl.RoleInfo (RoleInfo.java:shutdownFollowerState(121)) - e25ba119-ba18-4990-af30-3d8766cc29f9: shutdown FollowerState
2019-06-12 20:12:48,637 INFO  impl.RaftServerImpl (RaftServerImpl.java:setRole(164)) - e25ba119-ba18-4990-af30-3d8766cc29f9:group-4D6E7E3ACED1 changes role from FOLLOWER to CANDIDATE at term 0 for changeToCandidate
2019-06-12 20:12:48,637 INFO  impl.RoleInfo (RoleInfo.java:updateAndGet(143)) - e25ba119-ba18-4990-af30-3d8766cc29f9: start LeaderElection
2019-06-12 20:12:48,642 INFO  impl.LeaderElection (LeaderElection.java:askForVotes(181)) - e25ba119-ba18-4990-af30-3d8766cc29f9:group-4D6E7E3ACED1:LeaderElection2: begin an election at term 1 for -1: [e25ba119-ba18-4990-af30-3d8766cc29f9:192.168.134.100:37039], old=null
2019-06-12 20:12:48,643 INFO  impl.RoleInfo (RoleInfo.java:shutdownLeaderElection(134)) - e25ba119-ba18-4990-af30-3d8766cc29f9: shutdown LeaderElection
2019-06-12 20:12:48,643 INFO  impl.RaftServerImpl (RaftServerImpl.java:setRole(164)) - e25ba119-ba18-4990-af30-3d8766cc29f9:group-4D6E7E3ACED1 changes role from CANDIDATE to LEADER at term 1 for changeToLeader
2019-06-12 20:12:48,643 INFO  impl.RaftServerImpl (ServerState.java:setLeader(263)) - e25ba119-ba18-4990-af30-3d8766cc29f9:group-4D6E7E3ACED1 change Leader from null to e25ba119-ba18-4990-af30-3d8766cc29f9 at term 1 for becomeLeader, leader elected after 1110ms
2019-06-12 20:12:48,644 INFO  server.RaftServerConfigKeys (ConfUtils.java:logGet(43)) - raft.server.staging.catchup.gap = 1000 (default)
2019-06-12 20:12:48,644 INFO  server.RaftServerConfigKeys (ConfUtils.java:logGet(43)) - raft.server.rpc.sleep.time = 25ms (default)
2019-06-12 20:12:48,644 INFO  server.RaftServerConfigKeys (ConfUtils.java:logGet(43)) - raft.server.watch.timeout = 10s (default)
2019-06-12 20:12:48,644 INFO  server.RaftServerConfigKeys (ConfUtils.java:logGet(43)) - raft.server.watch.timeout.denomination = 1s (default)
2019-06-12 20:12:48,644 INFO  impl.RoleInfo (RoleInfo.java:updateAndGet(143)) - e25ba119-ba18-4990-af30-3d8766cc29f9: start LeaderState
2019-06-12 20:12:48,644 INFO  storage.RaftLogWorker (RaftLogWorker.java:startLogSegment(298)) - e25ba119-ba18-4990-af30-3d8766cc29f9-RaftLogWorker: Starting segment from index:0
2019-06-12 20:12:48,645 INFO  impl.RaftServerImpl (ServerState.java:setRaftConf(361)) - e25ba119-ba18-4990-af30-3d8766cc29f9:group-4D6E7E3ACED1 set configuration 0: [e25ba119-ba18-4990-af30-3d8766cc29f9:192.168.134.100:37039], old=null at 0
2019-06-12 20:12:48,704 INFO  impl.FollowerState (FollowerState.java:run(101)) - 18b4187a-e499-478e-b111-42e2ea5497e4:group-E385B8DB3234 changes to CANDIDATE, lastRpcTime:1068, electionTimeout:1068ms
2019-06-12 20:12:48,705 INFO  impl.RoleInfo (RoleInfo.java:shutdownFollowerState(121)) - 18b4187a-e499-478e-b111-42e2ea5497e4: shutdown FollowerState
2019-06-12 20:12:48,705 INFO  impl.RaftServerImpl (RaftServerImpl.java:setRole(164)) - 18b4187a-e499-478e-b111-42e2ea5497e4:group-E385B8DB3234 changes role from FOLLOWER to CANDIDATE at term 0 for changeToCandidate
2019-06-12 20:12:48,705 INFO  impl.RoleInfo (RoleInfo.java:updateAndGet(143)) - 18b4187a-e499-478e-b111-42e2ea5497e4: start LeaderElection
2019-06-12 20:12:48,737 INFO  impl.LeaderElection (LeaderElection.java:askForVotes(181)) - 18b4187a-e499-478e-b111-42e2ea5497e4:group-E385B8DB3234:LeaderElection3: begin an election at term 1 for -1: [18b4187a-e499-478e-b111-42e2ea5497e4:192.168.134.100:44861], old=null
2019-06-12 20:12:48,738 INFO  impl.RoleInfo (RoleInfo.java:shutdownLeaderElection(134)) - 18b4187a-e499-478e-b111-42e2ea5497e4: shutdown LeaderElection
2019-06-12 20:12:48,738 INFO  impl.RaftServerImpl (RaftServerImpl.java:setRole(164)) - 18b4187a-e499-478e-b111-42e2ea5497e4:group-E385B8DB3234 changes role from CANDIDATE to LEADER at term 1 for changeToLeader
2019-06-12 20:12:48,738 INFO  impl.RaftServerImpl (ServerState.java:setLeader(263)) - 18b4187a-e499-478e-b111-42e2ea5497e4:group-E385B8DB3234 change Leader from null to 18b4187a-e499-478e-b111-42e2ea5497e4 at term 1 for becomeLeader, leader elected after 1104ms
2019-06-12 20:12:48,739 INFO  server.RaftServerConfigKeys (ConfUtils.java:logGet(43)) - raft.server.staging.catchup.gap = 1000 (default)
2019-06-12 20:12:48,739 INFO  server.RaftServerConfigKeys (ConfUtils.java:logGet(43)) - raft.server.rpc.sleep.time = 25ms (default)
2019-06-12 20:12:48,739 INFO  server.RaftServerConfigKeys (ConfUtils.java:logGet(43)) - raft.server.watch.timeout = 10s (default)
2019-06-12 20:12:48,739 INFO  server.RaftServerConfigKeys (ConfUtils.java:logGet(43)) - raft.server.watch.timeout.denomination = 1s (default)
2019-06-12 20:12:48,740 INFO  impl.RoleInfo (RoleInfo.java:updateAndGet(143)) - 18b4187a-e499-478e-b111-42e2ea5497e4: start LeaderState
2019-06-12 20:12:48,740 INFO  storage.RaftLogWorker (RaftLogWorker.java:startLogSegment(298)) - 18b4187a-e499-478e-b111-42e2ea5497e4-RaftLogWorker: Starting segment from index:0
2019-06-12 20:12:48,740 INFO  impl.RaftServerImpl (ServerState.java:setRaftConf(361)) - 18b4187a-e499-478e-b111-42e2ea5497e4:group-E385B8DB3234 set configuration 0: [18b4187a-e499-478e-b111-42e2ea5497e4:192.168.134.100:44861], old=null at 0
2019-06-12 20:12:48,741 INFO  storage.RaftLogWorker (RaftLogWorker.java:execute(469)) - e25ba119-ba18-4990-af30-3d8766cc29f9-RaftLogWorker: created new log segment /opt/src/hadoop-ozone/integration-test/target/test-dir/MiniOzoneClusterImpl-92c2a1d4-b3cd-4b35-b28c-2f4162273be2/datanode-2/data/ratis/c28ce83b-ad17-4802-8e2f-4d6e7e3aced1/current/log_inprogress_0
2019-06-12 20:12:48,760 INFO  storage.RaftLogWorker (RaftLogWorker.java:execute(469)) - 31795e9a-0588-4537-aaa4-ef51d6d8fde5-RaftLogWorker: created new log segment /opt/src/hadoop-ozone/integration-test/target/test-dir/MiniOzoneClusterImpl-92c2a1d4-b3cd-4b35-b28c-2f4162273be2/datanode-0/data/ratis/811b79d2-ec70-462f-996c-e347f5ac6920/current/log_inprogress_0
2019-06-12 20:12:48,780 INFO  impl.FollowerState (FollowerState.java:run(101)) - e25ba119-ba18-4990-af30-3d8766cc29f9:group-9E22DDF206F8 changes to CANDIDATE, lastRpcTime:1098, electionTimeout:1095ms
2019-06-12 20:12:48,780 INFO  impl.RoleInfo (RoleInfo.java:shutdownFollowerState(121)) - e25ba119-ba18-4990-af30-3d8766cc29f9: shutdown FollowerState
2019-06-12 20:12:48,780 INFO  impl.RaftServerImpl (RaftServerImpl.java:setRole(164)) - e25ba119-ba18-4990-af30-3d8766cc29f9:group-9E22DDF206F8 changes role from FOLLOWER to CANDIDATE at term 0 for changeToCandidate
2019-06-12 20:12:48,780 INFO  impl.RoleInfo (RoleInfo.java:updateAndGet(143)) - e25ba119-ba18-4990-af30-3d8766cc29f9: start LeaderElection
2019-06-12 20:12:48,782 INFO  storage.RaftLogWorker (RaftLogWorker.java:execute(469)) - 18b4187a-e499-478e-b111-42e2ea5497e4-RaftLogWorker: created new log segment /opt/src/hadoop-ozone/integration-test/target/test-dir/MiniOzoneClusterImpl-92c2a1d4-b3cd-4b35-b28c-2f4162273be2/datanode-3/data/ratis/e6122a15-bf51-40b5-9c99-e385b8db3234/current/log_inprogress_0
2019-06-12 20:12:48,790 INFO  impl.LeaderElection (LeaderElection.java:askForVotes(181)) - e25ba119-ba18-4990-af30-3d8766cc29f9:group-9E22DDF206F8:LeaderElection4: begin an election at term 1 for -1: [31795e9a-0588-4537-aaa4-ef51d6d8fde5:192.168.134.100:36677, e25ba119-ba18-4990-af30-3d8766cc29f9:192.168.134.100:37039, 18b4187a-e499-478e-b111-42e2ea5497e4:192.168.134.100:44861], old=null
2019-06-12 20:12:48,795 INFO  impl.FollowerState (FollowerState.java:run(101)) - 7c143d1f-2013-459a-b5eb-868ea090a2bc:group-E69B940F32CC changes to CANDIDATE, lastRpcTime:1192, electionTimeout:1191ms
2019-06-12 20:12:48,795 INFO  impl.RoleInfo (RoleInfo.java:shutdownFollowerState(121)) - 7c143d1f-2013-459a-b5eb-868ea090a2bc: shutdown FollowerState
2019-06-12 20:12:48,795 INFO  impl.RaftServerImpl (RaftServerImpl.java:setRole(164)) - 7c143d1f-2013-459a-b5eb-868ea090a2bc:group-E69B940F32CC changes role from FOLLOWER to CANDIDATE at term 0 for changeToCandidate
2019-06-12 20:12:48,795 INFO  impl.RoleInfo (RoleInfo.java:updateAndGet(143)) - 7c143d1f-2013-459a-b5eb-868ea090a2bc: start LeaderElection
2019-06-12 20:12:48,798 INFO  impl.FollowerState (FollowerState.java:run(101)) - 18b4187a-e499-478e-b111-42e2ea5497e4:group-9E22DDF206F8 changes to CANDIDATE, lastRpcTime:1109, electionTimeout:1109ms
2019-06-12 20:12:48,798 INFO  impl.RoleInfo (RoleInfo.java:shutdownFollowerState(121)) - 18b4187a-e499-478e-b111-42e2ea5497e4: shutdown FollowerState
2019-06-12 20:12:48,798 INFO  impl.FollowerState (FollowerState.java:run(101)) - 900d5538-845a-4a1b-8e31-2b073e9dda01:group-F6DE650AA3E5 changes to CANDIDATE, lastRpcTime:1039, electionTimeout:1039ms
2019-06-12 20:12:48,798 INFO  impl.RaftServerImpl (RaftServerImpl.java:setRole(164)) - 18b4187a-e499-478e-b111-42e2ea5497e4:group-9E22DDF206F8 changes role from FOLLOWER to CANDIDATE at term 0 for changeToCandidate
2019-06-12 20:12:48,798 INFO  impl.RoleInfo (RoleInfo.java:updateAndGet(143)) - 18b4187a-e499-478e-b111-42e2ea5497e4: start LeaderElection
2019-06-12 20:12:48,798 INFO  impl.RoleInfo (RoleInfo.java:shutdownFollowerState(121)) - 900d5538-845a-4a1b-8e31-2b073e9dda01: shutdown FollowerState
2019-06-12 20:12:48,798 INFO  impl.RaftServerImpl (RaftServerImpl.java:setRole(164)) - 900d5538-845a-4a1b-8e31-2b073e9dda01:group-F6DE650AA3E5 changes role from FOLLOWER to CANDIDATE at term 0 for changeToCandidate
2019-06-12 20:12:48,798 INFO  impl.RoleInfo (RoleInfo.java:updateAndGet(143)) - 900d5538-845a-4a1b-8e31-2b073e9dda01: start LeaderElection
2019-06-12 20:12:48,809 INFO  impl.LeaderElection (LeaderElection.java:askForVotes(181)) - 7c143d1f-2013-459a-b5eb-868ea090a2bc:group-E69B940F32CC:LeaderElection5: begin an election at term 1 for -1: [7c143d1f-2013-459a-b5eb-868ea090a2bc:192.168.134.100:36331], old=null
2019-06-12 20:12:48,809 INFO  impl.LeaderElection (LeaderElection.java:askForVotes(181)) - 18b4187a-e499-478e-b111-42e2ea5497e4:group-9E22DDF206F8:LeaderElection6: begin an election at term 1 for -1: [31795e9a-0588-4537-aaa4-ef51d6d8fde5:192.168.134.100:36677, e25ba119-ba18-4990-af30-3d8766cc29f9:192.168.134.100:37039, 18b4187a-e499-478e-b111-42e2ea5497e4:192.168.134.100:44861], old=null
2019-06-12 20:12:48,810 INFO  impl.RoleInfo (RoleInfo.java:shutdownLeaderElection(134)) - 7c143d1f-2013-459a-b5eb-868ea090a2bc: shutdown LeaderElection
2019-06-12 20:12:48,810 INFO  impl.RaftServerImpl (RaftServerImpl.java:setRole(164)) - 7c143d1f-2013-459a-b5eb-868ea090a2bc:group-E69B940F32CC changes role from CANDIDATE to LEADER at term 1 for changeToLeader
2019-06-12 20:12:48,810 INFO  impl.RaftServerImpl (ServerState.java:setLeader(263)) - 7c143d1f-2013-459a-b5eb-868ea090a2bc:group-E69B940F32CC change Leader from null to 7c143d1f-2013-459a-b5eb-868ea090a2bc at term 1 for becomeLeader, leader elected after 1209ms
2019-06-12 20:12:48,810 INFO  server.RaftServerConfigKeys (ConfUtils.java:logGet(43)) - raft.server.staging.catchup.gap = 1000 (default)
2019-06-12 20:12:48,810 INFO  server.RaftServerConfigKeys (ConfUtils.java:logGet(43)) - raft.server.rpc.sleep.time = 25ms (default)
2019-06-12 20:12:48,810 INFO  server.RaftServerConfigKeys (ConfUtils.java:logGet(43)) - raft.server.watch.timeout = 10s (default)
2019-06-12 20:12:48,810 INFO  server.RaftServerConfigKeys (ConfUtils.java:logGet(43)) - raft.server.watch.timeout.denomination = 1s (default)
2019-06-12 20:12:48,810 INFO  impl.RoleInfo (RoleInfo.java:updateAndGet(143)) - 7c143d1f-2013-459a-b5eb-868ea090a2bc: start LeaderState
2019-06-12 20:12:48,811 INFO  storage.RaftLogWorker (RaftLogWorker.java:startLogSegment(298)) - 7c143d1f-2013-459a-b5eb-868ea090a2bc-RaftLogWorker: Starting segment from index:0
2019-06-12 20:12:48,815 INFO  impl.FollowerState (FollowerState.java:run(101)) - 31795e9a-0588-4537-aaa4-ef51d6d8fde5:group-9E22DDF206F8 changes to CANDIDATE, lastRpcTime:1131, electionTimeout:1130ms
2019-06-12 20:12:48,815 INFO  impl.RoleInfo (RoleInfo.java:shutdownFollowerState(121)) - 31795e9a-0588-4537-aaa4-ef51d6d8fde5: shutdown FollowerState
2019-06-12 20:12:48,815 INFO  impl.RaftServerImpl (RaftServerImpl.java:setRole(164)) - 31795e9a-0588-4537-aaa4-ef51d6d8fde5:group-9E22DDF206F8 changes role from FOLLOWER to CANDIDATE at term 0 for changeToCandidate
2019-06-12 20:12:48,815 INFO  impl.LeaderElection (LeaderElection.java:askForVotes(181)) - 900d5538-845a-4a1b-8e31-2b073e9dda01:group-F6DE650AA3E5:LeaderElection7: begin an election at term 1 for -1: [900d5538-845a-4a1b-8e31-2b073e9dda01:192.168.134.100:39503], old=null
2019-06-12 20:12:48,816 INFO  impl.RoleInfo (RoleInfo.java:shutdownLeaderElection(134)) - 900d5538-845a-4a1b-8e31-2b073e9dda01: shutdown LeaderElection
2019-06-12 20:12:48,816 INFO  impl.RaftServerImpl (RaftServerImpl.java:setRole(164)) - 900d5538-845a-4a1b-8e31-2b073e9dda01:group-F6DE650AA3E5 changes role from CANDIDATE to LEADER at term 1 for changeToLeader
2019-06-12 20:12:48,816 INFO  impl.RaftServerImpl (ServerState.java:setLeader(263)) - 900d5538-845a-4a1b-8e31-2b073e9dda01:group-F6DE650AA3E5 change Leader from null to 900d5538-845a-4a1b-8e31-2b073e9dda01 at term 1 for becomeLeader, leader elected after 1059ms
2019-06-12 20:12:48,816 INFO  impl.RaftServerImpl (ServerState.java:setRaftConf(361)) - 7c143d1f-2013-459a-b5eb-868ea090a2bc:group-E69B940F32CC set configuration 0: [7c143d1f-2013-459a-b5eb-868ea090a2bc:192.168.134.100:36331], old=null at 0
2019-06-12 20:12:48,833 INFO  server.RaftServerConfigKeys (ConfUtils.java:logGet(43)) - raft.server.staging.catchup.gap = 1000 (default)
2019-06-12 20:12:48,833 INFO  server.RaftServerConfigKeys (ConfUtils.java:logGet(43)) - raft.server.rpc.sleep.time = 25ms (default)
2019-06-12 20:12:48,833 INFO  server.RaftServerConfigKeys (ConfUtils.java:logGet(43)) - raft.server.watch.timeout = 10s (default)
2019-06-12 20:12:48,833 INFO  server.RaftServerConfigKeys (ConfUtils.java:logGet(43)) - raft.server.watch.timeout.denomination = 1s (default)
2019-06-12 20:12:48,834 INFO  impl.RoleInfo (RoleInfo.java:updateAndGet(143)) - 900d5538-845a-4a1b-8e31-2b073e9dda01: start LeaderState
2019-06-12 20:12:48,834 INFO  storage.RaftLogWorker (RaftLogWorker.java:startLogSegment(298)) - 900d5538-845a-4a1b-8e31-2b073e9dda01-RaftLogWorker: Starting segment from index:0
2019-06-12 20:12:48,834 INFO  impl.RaftServerImpl (ServerState.java:setRaftConf(361)) - 900d5538-845a-4a1b-8e31-2b073e9dda01:group-F6DE650AA3E5 set configuration 0: [900d5538-845a-4a1b-8e31-2b073e9dda01:192.168.134.100:39503], old=null at 0
2019-06-12 20:12:48,834 INFO  impl.RoleInfo (RoleInfo.java:updateAndGet(143)) - 31795e9a-0588-4537-aaa4-ef51d6d8fde5: start LeaderElection
2019-06-12 20:12:48,874 INFO  storage.RaftLogWorker (RaftLogWorker.java:execute(469)) - 7c143d1f-2013-459a-b5eb-868ea090a2bc-RaftLogWorker: created new log segment /opt/src/hadoop-ozone/integration-test/target/test-dir/MiniOzoneClusterImpl-92c2a1d4-b3cd-4b35-b28c-2f4162273be2/datanode-1/data/ratis/8d27a49a-b0e4-411f-9889-e69b940f32cc/current/log_inprogress_0
2019-06-12 20:12:48,878 INFO  impl.LeaderElection (LeaderElection.java:askForVotes(181)) - 31795e9a-0588-4537-aaa4-ef51d6d8fde5:group-9E22DDF206F8:LeaderElection8: begin an election at term 1 for -1: [31795e9a-0588-4537-aaa4-ef51d6d8fde5:192.168.134.100:36677, e25ba119-ba18-4990-af30-3d8766cc29f9:192.168.134.100:37039, 18b4187a-e499-478e-b111-42e2ea5497e4:192.168.134.100:44861], old=null
2019-06-12 20:12:48,878 INFO  storage.RaftLogWorker (RaftLogWorker.java:execute(469)) - 900d5538-845a-4a1b-8e31-2b073e9dda01-RaftLogWorker: created new log segment /opt/src/hadoop-ozone/integration-test/target/test-dir/MiniOzoneClusterImpl-92c2a1d4-b3cd-4b35-b28c-2f4162273be2/datanode-4/data/ratis/b64a1bab-a3d0-46a2-8250-f6de650aa3e5/current/log_inprogress_0
2019-06-12 20:12:48,904 INFO  impl.LeaderElection (LeaderElection.java:logAndReturn(56)) - e25ba119-ba18-4990-af30-3d8766cc29f9:group-9E22DDF206F8:LeaderElection4: Election REJECTED; received 2 response(s) [e25ba119-ba18-4990-af30-3d8766cc29f9->31795e9a-0588-4537-aaa4-ef51d6d8fde5,false-t1, e25ba119-ba18-4990-af30-3d8766cc29f9->18b4187a-e499-478e-b111-42e2ea5497e4,false-t1] and 0 exception(s); e25ba119-ba18-4990-af30-3d8766cc29f9:t1, leader=null, voted=e25ba119-ba18-4990-af30-3d8766cc29f9, raftlog=e25ba119-ba18-4990-af30-3d8766cc29f9-SegmentedRaftLog:OPENED:c-1,f-1,i0, conf=-1: [31795e9a-0588-4537-aaa4-ef51d6d8fde5:192.168.134.100:36677, e25ba119-ba18-4990-af30-3d8766cc29f9:192.168.134.100:37039, 18b4187a-e499-478e-b111-42e2ea5497e4:192.168.134.100:44861], old=null
2019-06-12 20:12:48,904 INFO  impl.LeaderElection (LeaderElection.java:logAndReturn(56)) - 18b4187a-e499-478e-b111-42e2ea5497e4:group-9E22DDF206F8:LeaderElection6: Election REJECTED; received 2 response(s) [18b4187a-e499-478e-b111-42e2ea5497e4->31795e9a-0588-4537-aaa4-ef51d6d8fde5,false-t1, 18b4187a-e499-478e-b111-42e2ea5497e4->e25ba119-ba18-4990-af30-3d8766cc29f9,false-t1] and 0 exception(s); 18b4187a-e499-478e-b111-42e2ea5497e4:t1, leader=null, voted=18b4187a-e499-478e-b111-42e2ea5497e4, raftlog=18b4187a-e499-478e-b111-42e2ea5497e4-SegmentedRaftLog:OPENED:c-1,f-1,i0, conf=-1: [31795e9a-0588-4537-aaa4-ef51d6d8fde5:192.168.134.100:36677, e25ba119-ba18-4990-af30-3d8766cc29f9:192.168.134.100:37039, 18b4187a-e499-478e-b111-42e2ea5497e4:192.168.134.100:44861], old=null
2019-06-12 20:12:48,906 INFO  impl.RaftServerImpl (RaftServerImpl.java:setRole(164)) - 18b4187a-e499-478e-b111-42e2ea5497e4:group-9E22DDF206F8 changes role from CANDIDATE to FOLLOWER at term 1 for DISCOVERED_A_NEW_TERM
2019-06-12 20:12:48,906 INFO  impl.RaftServerImpl (RaftServerImpl.java:setRole(164)) - e25ba119-ba18-4990-af30-3d8766cc29f9:group-9E22DDF206F8 changes role from CANDIDATE to FOLLOWER at term 1 for DISCOVERED_A_NEW_TERM
2019-06-12 20:12:48,906 INFO  impl.RoleInfo (RoleInfo.java:shutdownLeaderElection(134)) - 18b4187a-e499-478e-b111-42e2ea5497e4: shutdown LeaderElection
2019-06-12 20:12:48,908 INFO  impl.RoleInfo (RoleInfo.java:shutdownLeaderElection(134)) - e25ba119-ba18-4990-af30-3d8766cc29f9: shutdown LeaderElection
2019-06-12 20:12:48,908 INFO  impl.RoleInfo (RoleInfo.java:updateAndGet(143)) - 18b4187a-e499-478e-b111-42e2ea5497e4: start FollowerState
2019-06-12 20:12:48,908 INFO  impl.RoleInfo (RoleInfo.java:updateAndGet(143)) - e25ba119-ba18-4990-af30-3d8766cc29f9: start FollowerState
2019-06-12 20:12:48,914 INFO  impl.LeaderElection (LeaderElection.java:logAndReturn(56)) - 31795e9a-0588-4537-aaa4-ef51d6d8fde5:group-9E22DDF206F8:LeaderElection8: Election REJECTED; received 2 response(s) [31795e9a-0588-4537-aaa4-ef51d6d8fde5->e25ba119-ba18-4990-af30-3d8766cc29f9,false-t1, 31795e9a-0588-4537-aaa4-ef51d6d8fde5->18b4187a-e499-478e-b111-42e2ea5497e4,false-t1] and 0 exception(s); 31795e9a-0588-4537-aaa4-ef51d6d8fde5:t1, leader=null, voted=31795e9a-0588-4537-aaa4-ef51d6d8fde5, raftlog=31795e9a-0588-4537-aaa4-ef51d6d8fde5-SegmentedRaftLog:OPENED:c-1,f-1,i0, conf=-1: [31795e9a-0588-4537-aaa4-ef51d6d8fde5:192.168.134.100:36677, e25ba119-ba18-4990-af30-3d8766cc29f9:192.168.134.100:37039, 18b4187a-e499-478e-b111-42e2ea5497e4:192.168.134.100:44861], old=null
2019-06-12 20:12:48,915 INFO  impl.RaftServerImpl (RaftServerImpl.java:setRole(164)) - 31795e9a-0588-4537-aaa4-ef51d6d8fde5:group-9E22DDF206F8 changes role from CANDIDATE to FOLLOWER at term 1 for DISCOVERED_A_NEW_TERM
2019-06-12 20:12:48,915 INFO  impl.RoleInfo (RoleInfo.java:shutdownLeaderElection(134)) - 31795e9a-0588-4537-aaa4-ef51d6d8fde5: shutdown LeaderElection
2019-06-12 20:12:48,916 INFO  impl.RoleInfo (RoleInfo.java:updateAndGet(143)) - 31795e9a-0588-4537-aaa4-ef51d6d8fde5: start FollowerState
2019-06-12 20:12:48,920 INFO  ozone.MiniOzoneClusterImpl (MiniOzoneClusterImpl.java:lambda$waitForClusterToBeReady$0(142)) - Cluster is ready. Got 6 of 6 DN Heartbeats.
]]></system-out>
    <system-err><![CDATA[ERROR StatusLogger No Log4j 2 configuration file found. Using default configuration (logging only errors to the console), or user programmatically provided configurations. Set system property 'log4j2.debug' to show Log4j 2 internal initialization logging. See https://logging.apache.org/log4j/2.x/manual/configuration.html for instructions on how to configure Log4j 2
Jun 12, 2019 8:12:42 PM com.sun.jersey.server.impl.application.WebApplicationImpl _initiate
INFO: Initiating Jersey application, version 'Jersey: 1.19 02/11/2015 03:25 AM'
Jun 12, 2019 8:12:42 PM com.sun.jersey.server.impl.application.WebApplicationImpl _initiate
INFO: Initiating Jersey application, version 'Jersey: 1.19 02/11/2015 03:25 AM'
Jun 12, 2019 8:12:43 PM com.sun.jersey.server.impl.application.WebApplicationImpl _initiate
INFO: Initiating Jersey application, version 'Jersey: 1.19 02/11/2015 03:25 AM'
Jun 12, 2019 8:12:43 PM com.sun.jersey.server.impl.application.WebApplicationImpl _initiate
INFO: Initiating Jersey application, version 'Jersey: 1.19 02/11/2015 03:25 AM'
Jun 12, 2019 8:12:43 PM com.sun.jersey.server.impl.application.WebApplicationImpl _initiate
INFO: Initiating Jersey application, version 'Jersey: 1.19 02/11/2015 03:25 AM'
Jun 12, 2019 8:12:43 PM com.sun.jersey.server.impl.application.WebApplicationImpl _initiate
INFO: Initiating Jersey application, version 'Jersey: 1.19 02/11/2015 03:25 AM'
]]></system-err>
  </testcase>
</testsuite>