<?xml version="1.0" encoding="UTF-8"?>
<testsuite xmlns:xsi="http://www.w3.org/2001/XMLSchema-instance" xsi:noNamespaceSchemaLocation="https://maven.apache.org/surefire/maven-surefire-plugin/xsd/surefire-test-report.xsd" name="org.apache.hadoop.ozone.client.rpc.TestWatchForCommit" time="147.912" tests="6" errors="0" skipped="0" failures="1">
  <properties>
    <property name="awt.toolkit" value="sun.awt.X11.XToolkit"/>
    <property name="file.encoding.pkg" value="sun.io"/>
    <property name="java.specification.version" value="1.8"/>
    <property name="sun.cpu.isalist" value=""/>
    <property name="sun.jnu.encoding" value="UTF-8"/>
    <property name="java.class.path" value="/opt/src/hadoop-ozone/integration-test/target/test-classes:/opt/src/hadoop-ozone/integration-test/target/classes:/root/.m2/repository/org/apache/hadoop/hadoop-ozone-common/0.5.0-SNAPSHOT/hadoop-ozone-common-0.5.0-SNAPSHOT.jar:/root/.m2/repository/org/apache/commons/commons-compress/1.4.1/commons-compress-1.4.1.jar:/root/.m2/repository/org/tukaani/xz/1.0/xz-1.0.jar:/root/.m2/repository/org/apache/hadoop/hadoop-common/3.2.0/hadoop-common-3.2.0.jar:/root/.m2/repository/org/apache/hadoop/hadoop-hdfs/3.2.0/hadoop-hdfs-3.2.0.jar:/root/.m2/repository/org/apache/hadoop/hadoop-hdfs-client/3.2.0/hadoop-hdfs-client-3.2.0.jar:/root/.m2/repository/com/fasterxml/jackson/core/jackson-annotations/2.9.5/jackson-annotations-2.9.5.jar:/root/.m2/repository/org/apache/hadoop/hadoop-hdds-common/0.5.0-SNAPSHOT/hadoop-hdds-common-0.5.0-SNAPSHOT.jar:/root/.m2/repository/javax/annotation/javax.annotation-api/1.2/javax.annotation-api-1.2.jar:/root/.m2/repository/org/apache/ratis/ratis-server/0.4.0-fe2b15d-SNAPSHOT/ratis-server-0.4.0-fe2b15d-SNAPSHOT.jar:/root/.m2/repository/org/apache/ratis/ratis-thirdparty-misc/0.2.0/ratis-thirdparty-misc-0.2.0.jar:/root/.m2/repository/org/apache/ratis/ratis-proto/0.4.0-fe2b15d-SNAPSHOT/ratis-proto-0.4.0-fe2b15d-SNAPSHOT.jar:/root/.m2/repository/org/apache/ratis/ratis-common/0.4.0-fe2b15d-SNAPSHOT/ratis-common-0.4.0-fe2b15d-SNAPSHOT.jar:/root/.m2/repository/org/apache/ratis/ratis-client/0.4.0-fe2b15d-SNAPSHOT/ratis-client-0.4.0-fe2b15d-SNAPSHOT.jar:/root/.m2/repository/org/apache/ratis/ratis-netty/0.4.0-fe2b15d-SNAPSHOT/ratis-netty-0.4.0-fe2b15d-SNAPSHOT.jar:/root/.m2/repository/org/apache/ratis/ratis-grpc/0.4.0-fe2b15d-SNAPSHOT/ratis-grpc-0.4.0-fe2b15d-SNAPSHOT.jar:/root/.m2/repository/org/rocksdb/rocksdbjni/5.14.2/rocksdbjni-5.14.2.jar:/root/.m2/repository/org/apache/logging/log4j/log4j-api/2.11.0/log4j-api-2.11.0.jar:/root/.m2/repository/org/apache/logging/log4j/log4j-core/2.11.0/log4j-core-2.11.0.jar:/root/.m2/repository/com/lmax/disruptor/3.4.2/disruptor-3.4.2.jar:/root/.m2/repository/org/apache/commons/commons-pool2/2.6.0/commons-pool2-2.6.0.jar:/root/.m2/repository/org/bouncycastle/bcpkix-jdk15on/1.60/bcpkix-jdk15on-1.60.jar:/root/.m2/repository/commons-validator/commons-validator/1.6/commons-validator-1.6.jar:/root/.m2/repository/commons-digester/commons-digester/1.8.1/commons-digester-1.8.1.jar:/root/.m2/repository/io/jaegertracing/jaeger-client/0.33.1/jaeger-client-0.33.1.jar:/root/.m2/repository/io/jaegertracing/jaeger-thrift/0.33.1/jaeger-thrift-0.33.1.jar:/root/.m2/repository/org/apache/thrift/libthrift/0.11.0/libthrift-0.11.0.jar:/root/.m2/repository/com/squareup/okhttp3/okhttp/3.9.0/okhttp-3.9.0.jar:/root/.m2/repository/com/squareup/okio/okio/1.13.0/okio-1.13.0.jar:/root/.m2/repository/io/jaegertracing/jaeger-core/0.33.1/jaeger-core-0.33.1.jar:/root/.m2/repository/io/jaegertracing/jaeger-tracerresolver/0.33.1/jaeger-tracerresolver-0.33.1.jar:/root/.m2/repository/io/opentracing/contrib/opentracing-tracerresolver/0.1.5/opentracing-tracerresolver-0.1.5.jar:/root/.m2/repository/io/opentracing/opentracing-util/0.31.0/opentracing-util-0.31.0.jar:/root/.m2/repository/io/opentracing/opentracing-api/0.31.0/opentracing-api-0.31.0.jar:/root/.m2/repository/io/opentracing/opentracing-noop/0.31.0/opentracing-noop-0.31.0.jar:/root/.m2/repository/org/apache/hadoop/hadoop-hdds-server-framework/0.5.0-SNAPSHOT/hadoop-hdds-server-framework-0.5.0-SNAPSHOT.jar:/root/.m2/repository/org/apache/hadoop/hadoop-hdds-server-scm/0.5.0-SNAPSHOT/hadoop-hdds-server-scm-0.5.0-SNAPSHOT.jar:/root/.m2/repository/org/apache/hadoop/hadoop-hdds-container-service/0.5.0-SNAPSHOT/hadoop-hdds-container-service-0.5.0-SNAPSHOT.jar:/root/.m2/repository/org/apache/hadoop/hadoop-hdds-client/0.5.0-SNAPSHOT/hadoop-hdds-client-0.5.0-SNAPSHOT.jar:/root/.m2/repository/org/apache/hadoop/hadoop-hdds-tools/0.5.0-SNAPSHOT/hadoop-hdds-tools-0.5.0-SNAPSHOT.jar:/root/.m2/repository/org/apache/hadoop/hadoop-ozone-ozone-manager/0.5.0-SNAPSHOT/hadoop-ozone-ozone-manager-0.5.0-SNAPSHOT.jar:/root/.m2/repository/org/apache/hadoop/hadoop-hdds-docs/0.5.0-SNAPSHOT/hadoop-hdds-docs-0.5.0-SNAPSHOT.jar:/root/.m2/repository/org/bouncycastle/bcprov-jdk15on/1.60/bcprov-jdk15on-1.60.jar:/root/.m2/repository/org/apache/hadoop/hadoop-minikdc/3.2.0/hadoop-minikdc-3.2.0.jar:/root/.m2/repository/commons-io/commons-io/2.5/commons-io-2.5.jar:/root/.m2/repository/org/apache/kerby/kerb-simplekdc/1.0.1/kerb-simplekdc-1.0.1.jar:/root/.m2/repository/org/apache/kerby/kerb-client/1.0.1/kerb-client-1.0.1.jar:/root/.m2/repository/org/apache/kerby/kerby-config/1.0.1/kerby-config-1.0.1.jar:/root/.m2/repository/org/apache/kerby/kerb-core/1.0.1/kerb-core-1.0.1.jar:/root/.m2/repository/org/apache/kerby/kerby-pkix/1.0.1/kerby-pkix-1.0.1.jar:/root/.m2/repository/org/apache/kerby/kerby-asn1/1.0.1/kerby-asn1-1.0.1.jar:/root/.m2/repository/org/apache/kerby/kerby-util/1.0.1/kerby-util-1.0.1.jar:/root/.m2/repository/org/apache/kerby/kerb-common/1.0.1/kerb-common-1.0.1.jar:/root/.m2/repository/org/apache/kerby/kerb-crypto/1.0.1/kerb-crypto-1.0.1.jar:/root/.m2/repository/org/apache/kerby/kerb-util/1.0.1/kerb-util-1.0.1.jar:/root/.m2/repository/org/apache/kerby/token-provider/1.0.1/token-provider-1.0.1.jar:/root/.m2/repository/org/apache/kerby/kerb-admin/1.0.1/kerb-admin-1.0.1.jar:/root/.m2/repository/org/apache/kerby/kerb-server/1.0.1/kerb-server-1.0.1.jar:/root/.m2/repository/org/apache/kerby/kerb-identity/1.0.1/kerb-identity-1.0.1.jar:/root/.m2/repository/org/apache/kerby/kerby-xdr/1.0.1/kerby-xdr-1.0.1.jar:/root/.m2/repository/org/slf4j/slf4j-log4j12/1.7.25/slf4j-log4j12-1.7.25.jar:/root/.m2/repository/org/apache/hadoop/hadoop-ozone-objectstore-service/0.5.0-SNAPSHOT/hadoop-ozone-objectstore-service-0.5.0-SNAPSHOT.jar:/root/.m2/repository/org/apache/hadoop/hadoop-ozone-s3gateway/0.5.0-SNAPSHOT/hadoop-ozone-s3gateway-0.5.0-SNAPSHOT.jar:/root/.m2/repository/org/jboss/weld/servlet/weld-servlet/2.4.7.Final/weld-servlet-2.4.7.Final.jar:/root/.m2/repository/org/glassfish/jersey/containers/jersey-container-servlet-core/2.27/jersey-container-servlet-core-2.27.jar:/root/.m2/repository/org/glassfish/hk2/external/javax.inject/2.5.0-b42/javax.inject-2.5.0-b42.jar:/root/.m2/repository/org/glassfish/jersey/core/jersey-common/2.27/jersey-common-2.27.jar:/root/.m2/repository/org/glassfish/hk2/osgi-resource-locator/1.0.1/osgi-resource-locator-1.0.1.jar:/root/.m2/repository/javax/ws/rs/javax.ws.rs-api/2.1/javax.ws.rs-api-2.1.jar:/root/.m2/repository/org/glassfish/jersey/ext/cdi/jersey-cdi1x/2.27/jersey-cdi1x-2.27.jar:/root/.m2/repository/org/glassfish/jersey/inject/jersey-hk2/2.27/jersey-hk2-2.27.jar:/root/.m2/repository/org/glassfish/hk2/hk2-locator/2.5.0-b42/hk2-locator-2.5.0-b42.jar:/root/.m2/repository/org/javassist/javassist/3.22.0-CR2/javassist-3.22.0-CR2.jar:/root/.m2/repository/org/glassfish/hk2/hk2-api/2.5.0/hk2-api-2.5.0.jar:/root/.m2/repository/org/glassfish/hk2/external/jakarta.inject/2.5.0/jakarta.inject-2.5.0.jar:/root/.m2/repository/org/glassfish/hk2/hk2-utils/2.5.0/hk2-utils-2.5.0.jar:/root/.m2/repository/jakarta/annotation/jakarta.annotation-api/1.3.4/jakarta.annotation-api-1.3.4.jar:/root/.m2/repository/org/glassfish/hk2/external/aopalliance-repackaged/2.5.0/aopalliance-repackaged-2.5.0.jar:/root/.m2/repository/com/fasterxml/jackson/dataformat/jackson-dataformat-xml/2.9.0/jackson-dataformat-xml-2.9.0.jar:/root/.m2/repository/com/fasterxml/jackson/core/jackson-core/2.9.5/jackson-core-2.9.5.jar:/root/.m2/repository/com/fasterxml/jackson/module/jackson-module-jaxb-annotations/2.9.5/jackson-module-jaxb-annotations-2.9.5.jar:/root/.m2/repository/javax/enterprise/cdi-api/1.2/cdi-api-1.2.jar:/root/.m2/repository/javax/el/javax.el-api/3.0.0/javax.el-api-3.0.0.jar:/root/.m2/repository/javax/interceptor/javax.interceptor-api/1.2/javax.interceptor-api-1.2.jar:/root/.m2/repository/javax/inject/javax.inject/1/javax.inject-1.jar:/root/.m2/repository/com/sun/xml/bind/jaxb-impl/2.3.0.1/jaxb-impl-2.3.0.1.jar:/root/.m2/repository/com/sun/xml/bind/jaxb-core/2.3.0.1/jaxb-core-2.3.0.1.jar:/root/.m2/repository/javax/xml/bind/jaxb-api/2.3.0/jaxb-api-2.3.0.jar:/root/.m2/repository/javax/activation/activation/1.1.1/activation-1.1.1.jar:/root/.m2/repository/org/apache/hadoop/hadoop-ozone-csi/0.5.0-SNAPSHOT/hadoop-ozone-csi-0.5.0-SNAPSHOT.jar:/root/.m2/repository/com/google/protobuf/protobuf-java-util/3.5.1/protobuf-java-util-3.5.1.jar:/root/.m2/repository/org/apache/hadoop/hadoop-hdds-config/0.5.0-SNAPSHOT/hadoop-hdds-config-0.5.0-SNAPSHOT.jar:/root/.m2/repository/com/google/guava/guava/11.0.2/guava-11.0.2.jar:/root/.m2/repository/com/google/protobuf/protobuf-java/2.5.0/protobuf-java-2.5.0.jar:/root/.m2/repository/io/grpc/grpc-netty/1.17.1/grpc-netty-1.17.1.jar:/root/.m2/repository/io/grpc/grpc-core/1.17.1/grpc-core-1.17.1.jar:/root/.m2/repository/io/grpc/grpc-context/1.17.1/grpc-context-1.17.1.jar:/root/.m2/repository/com/google/errorprone/error_prone_annotations/2.2.0/error_prone_annotations-2.2.0.jar:/root/.m2/repository/org/codehaus/mojo/animal-sniffer-annotations/1.17/animal-sniffer-annotations-1.17.jar:/root/.m2/repository/io/opencensus/opencensus-api/0.17.0/opencensus-api-0.17.0.jar:/root/.m2/repository/io/opencensus/opencensus-contrib-grpc-metrics/0.17.0/opencensus-contrib-grpc-metrics-0.17.0.jar:/root/.m2/repository/io/netty/netty-codec-http2/4.1.30.Final/netty-codec-http2-4.1.30.Final.jar:/root/.m2/repository/io/netty/netty-codec-http/4.1.30.Final/netty-codec-http-4.1.30.Final.jar:/root/.m2/repository/io/netty/netty-codec/4.1.30.Final/netty-codec-4.1.30.Final.jar:/root/.m2/repository/io/netty/netty-handler/4.1.30.Final/netty-handler-4.1.30.Final.jar:/root/.m2/repository/io/netty/netty-handler-proxy/4.1.30.Final/netty-handler-proxy-4.1.30.Final.jar:/root/.m2/repository/io/netty/netty-codec-socks/4.1.30.Final/netty-codec-socks-4.1.30.Final.jar:/root/.m2/repository/io/netty/netty-transport-native-epoll/4.1.30.Final/netty-transport-native-epoll-4.1.30.Final.jar:/root/.m2/repository/io/netty/netty-common/4.1.30.Final/netty-common-4.1.30.Final.jar:/root/.m2/repository/io/netty/netty-buffer/4.1.30.Final/netty-buffer-4.1.30.Final.jar:/root/.m2/repository/io/netty/netty-transport/4.1.30.Final/netty-transport-4.1.30.Final.jar:/root/.m2/repository/io/netty/netty-resolver/4.1.30.Final/netty-resolver-4.1.30.Final.jar:/root/.m2/repository/io/netty/netty-transport-native-unix-common/4.1.30.Final/netty-transport-native-unix-common-4.1.30.Final.jar:/root/.m2/repository/io/grpc/grpc-protobuf/1.17.1/grpc-protobuf-1.17.1.jar:/root/.m2/repository/com/google/api/grpc/proto-google-common-protos/1.0.0/proto-google-common-protos-1.0.0.jar:/root/.m2/repository/io/grpc/grpc-protobuf-lite/1.17.1/grpc-protobuf-lite-1.17.1.jar:/root/.m2/repository/io/grpc/grpc-stub/1.17.1/grpc-stub-1.17.1.jar:/root/.m2/repository/org/apache/hadoop/hadoop-ozone-recon/0.5.0-SNAPSHOT/hadoop-ozone-recon-0.5.0-SNAPSHOT.jar:/root/.m2/repository/org/apache/hadoop/hadoop-ozone-reconcodegen/0.5.0-SNAPSHOT/hadoop-ozone-reconcodegen-0.5.0-SNAPSHOT.jar:/root/.m2/repository/com/google/inject/extensions/guice-multibindings/4.0/guice-multibindings-4.0.jar:/root/.m2/repository/com/google/inject/guice/4.0/guice-4.0.jar:/root/.m2/repository/aopalliance/aopalliance/1.0/aopalliance-1.0.jar:/root/.m2/repository/com/google/inject/extensions/guice-servlet/4.0/guice-servlet-4.0.jar:/root/.m2/repository/org/glassfish/jersey/containers/jersey-container-servlet/2.27/jersey-container-servlet-2.27.jar:/root/.m2/repository/org/glassfish/hk2/guice-bridge/2.5.0/guice-bridge-2.5.0.jar:/root/.m2/repository/org/glassfish/jersey/core/jersey-server/2.27/jersey-server-2.27.jar:/root/.m2/repository/org/glassfish/jersey/core/jersey-client/2.27/jersey-client-2.27.jar:/root/.m2/repository/org/glassfish/jersey/media/jersey-media-jaxb/2.27/jersey-media-jaxb-2.27.jar:/root/.m2/repository/javax/validation/validation-api/1.1.0.Final/validation-api-1.1.0.Final.jar:/root/.m2/repository/org/glassfish/jersey/media/jersey-media-json-jackson/2.27/jersey-media-json-jackson-2.27.jar:/root/.m2/repository/org/glassfish/jersey/ext/jersey-entity-filtering/2.27/jersey-entity-filtering-2.27.jar:/root/.m2/repository/com/google/inject/extensions/guice-assistedinject/4.0/guice-assistedinject-4.0.jar:/root/.m2/repository/org/jooq/jooq/3.11.10/jooq-3.11.10.jar:/root/.m2/repository/org/jooq/jooq-meta/3.11.10/jooq-meta-3.11.10.jar:/root/.m2/repository/org/jooq/jooq-codegen/3.11.10/jooq-codegen-3.11.10.jar:/root/.m2/repository/com/jolbox/bonecp/0.8.0.RELEASE/bonecp-0.8.0.RELEASE.jar:/root/.m2/repository/org/xerial/sqlite-jdbc/3.25.2/sqlite-jdbc-3.25.2.jar:/root/.m2/repository/org/springframework/spring-jdbc/5.1.3.RELEASE/spring-jdbc-5.1.3.RELEASE.jar:/root/.m2/repository/org/springframework/spring-beans/5.1.3.RELEASE/spring-beans-5.1.3.RELEASE.jar:/root/.m2/repository/org/springframework/spring-core/5.1.3.RELEASE/spring-core-5.1.3.RELEASE.jar:/root/.m2/repository/org/springframework/spring-jcl/5.1.3.RELEASE/spring-jcl-5.1.3.RELEASE.jar:/root/.m2/repository/org/springframework/spring-tx/5.1.3.RELEASE/spring-tx-5.1.3.RELEASE.jar:/root/.m2/repository/org/apache/hadoop/hadoop-ozone-client/0.5.0-SNAPSHOT/hadoop-ozone-client-0.5.0-SNAPSHOT.jar:/root/.m2/repository/org/apache/hadoop/hadoop-ozone-ozone-manager/0.5.0-SNAPSHOT/hadoop-ozone-ozone-manager-0.5.0-SNAPSHOT-tests.jar:/root/.m2/repository/junit/junit/4.11/junit-4.11.jar:/root/.m2/repository/org/hamcrest/hamcrest-core/1.3/hamcrest-core-1.3.jar:/root/.m2/repository/org/openjdk/jmh/jmh-core/1.19/jmh-core-1.19.jar:/root/.m2/repository/net/sf/jopt-simple/jopt-simple/4.6/jopt-simple-4.6.jar:/root/.m2/repository/org/apache/commons/commons-math3/3.1.1/commons-math3-3.1.1.jar:/root/.m2/repository/org/openjdk/jmh/jmh-generator-annprocess/1.19/jmh-generator-annprocess-1.19.jar:/root/.m2/repository/org/mockito/mockito-all/1.8.5/mockito-all-1.8.5.jar:/root/.m2/repository/org/apache/hadoop/hadoop-kms/3.2.0/hadoop-kms-3.2.0.jar:/root/.m2/repository/org/apache/hadoop/hadoop-auth/3.2.0/hadoop-auth-3.2.0.jar:/root/.m2/repository/com/nimbusds/nimbus-jose-jwt/4.41.1/nimbus-jose-jwt-4.41.1.jar:/root/.m2/repository/com/github/stephenc/jcip/jcip-annotations/1.0-1/jcip-annotations-1.0-1.jar:/root/.m2/repository/net/minidev/json-smart/2.3/json-smart-2.3.jar:/root/.m2/repository/net/minidev/accessors-smart/1.2/accessors-smart-1.2.jar:/root/.m2/repository/org/ow2/asm/asm/5.0.4/asm-5.0.4.jar:/root/.m2/repository/org/apache/curator/curator-framework/2.12.0/curator-framework-2.12.0.jar:/root/.m2/repository/com/sun/jersey/jersey-core/1.19/jersey-core-1.19.jar:/root/.m2/repository/javax/ws/rs/jsr311-api/1.1.1/jsr311-api-1.1.1.jar:/root/.m2/repository/com/sun/jersey/jersey-server/1.19/jersey-server-1.19.jar:/root/.m2/repository/javax/servlet/javax.servlet-api/3.1.0/javax.servlet-api-3.1.0.jar:/root/.m2/repository/org/eclipse/jetty/jetty-server/9.3.24.v20180605/jetty-server-9.3.24.v20180605.jar:/root/.m2/repository/org/eclipse/jetty/jetty-http/9.3.24.v20180605/jetty-http-9.3.24.v20180605.jar:/root/.m2/repository/org/eclipse/jetty/jetty-io/9.3.24.v20180605/jetty-io-9.3.24.v20180605.jar:/root/.m2/repository/org/eclipse/jetty/jetty-webapp/9.3.24.v20180605/jetty-webapp-9.3.24.v20180605.jar:/root/.m2/repository/org/eclipse/jetty/jetty-xml/9.3.24.v20180605/jetty-xml-9.3.24.v20180605.jar:/root/.m2/repository/log4j/log4j/1.2.17/log4j-1.2.17.jar:/root/.m2/repository/org/slf4j/slf4j-api/1.7.25/slf4j-api-1.7.25.jar:/root/.m2/repository/org/slf4j/jul-to-slf4j/1.7.25/jul-to-slf4j-1.7.25.jar:/root/.m2/repository/org/eclipse/jetty/jetty-util/9.3.24.v20180605/jetty-util-9.3.24.v20180605.jar:/root/.m2/repository/io/dropwizard/metrics/metrics-core/3.2.4/metrics-core-3.2.4.jar:/root/.m2/repository/com/fasterxml/jackson/core/jackson-databind/2.9.5/jackson-databind-2.9.5.jar:/root/.m2/repository/org/apache/hadoop/hadoop-kms/3.2.0/hadoop-kms-3.2.0-tests.jar:/root/.m2/repository/org/apache/hadoop/hadoop-hdds-server-scm/0.5.0-SNAPSHOT/hadoop-hdds-server-scm-0.5.0-SNAPSHOT-tests.jar:/root/.m2/repository/org/hamcrest/hamcrest-all/1.3/hamcrest-all-1.3.jar:/root/.m2/repository/info/picocli/picocli/3.9.6/picocli-3.9.6.jar:/root/.m2/repository/org/apache/hadoop/hadoop-hdds-container-service/0.5.0-SNAPSHOT/hadoop-hdds-container-service-0.5.0-SNAPSHOT-tests.jar:/root/.m2/repository/org/yaml/snakeyaml/1.16/snakeyaml-1.16.jar:/root/.m2/repository/org/apache/hadoop/hadoop-common/3.2.0/hadoop-common-3.2.0-tests.jar:/root/.m2/repository/org/apache/hadoop/hadoop-annotations/3.2.0/hadoop-annotations-3.2.0.jar:/usr/lib/jvm/java-1.8-openjdk/jre/../lib/tools.jar:/root/.m2/repository/commons-cli/commons-cli/1.2/commons-cli-1.2.jar:/root/.m2/repository/org/apache/httpcomponents/httpclient/4.5.2/httpclient-4.5.2.jar:/root/.m2/repository/org/apache/httpcomponents/httpcore/4.4.4/httpcore-4.4.4.jar:/root/.m2/repository/commons-codec/commons-codec/1.11/commons-codec-1.11.jar:/root/.m2/repository/commons-net/commons-net/3.6/commons-net-3.6.jar:/root/.m2/repository/commons-collections/commons-collections/3.2.2/commons-collections-3.2.2.jar:/root/.m2/repository/org/eclipse/jetty/jetty-servlet/9.3.24.v20180605/jetty-servlet-9.3.24.v20180605.jar:/root/.m2/repository/org/eclipse/jetty/jetty-security/9.3.24.v20180605/jetty-security-9.3.24.v20180605.jar:/root/.m2/repository/javax/servlet/jsp/jsp-api/2.1/jsp-api-2.1.jar:/root/.m2/repository/com/sun/jersey/jersey-servlet/1.19/jersey-servlet-1.19.jar:/root/.m2/repository/com/sun/jersey/jersey-json/1.19/jersey-json-1.19.jar:/root/.m2/repository/org/codehaus/jettison/jettison/1.1/jettison-1.1.jar:/root/.m2/repository/org/codehaus/jackson/jackson-core-asl/1.9.13/jackson-core-asl-1.9.13.jar:/root/.m2/repository/org/codehaus/jackson/jackson-mapper-asl/1.9.13/jackson-mapper-asl-1.9.13.jar:/root/.m2/repository/org/codehaus/jackson/jackson-jaxrs/1.9.13/jackson-jaxrs-1.9.13.jar:/root/.m2/repository/org/codehaus/jackson/jackson-xc/1.9.13/jackson-xc-1.9.13.jar:/root/.m2/repository/commons-logging/commons-logging/1.1.3/commons-logging-1.1.3.jar:/root/.m2/repository/commons-beanutils/commons-beanutils/1.9.3/commons-beanutils-1.9.3.jar:/root/.m2/repository/org/apache/commons/commons-configuration2/2.1.1/commons-configuration2-2.1.1.jar:/root/.m2/repository/org/apache/commons/commons-lang3/3.7/commons-lang3-3.7.jar:/root/.m2/repository/org/apache/commons/commons-text/1.4/commons-text-1.4.jar:/root/.m2/repository/org/apache/avro/avro/1.7.7/avro-1.7.7.jar:/root/.m2/repository/com/thoughtworks/paranamer/paranamer/2.3/paranamer-2.3.jar:/root/.m2/repository/org/xerial/snappy/snappy-java/1.0.5/snappy-java-1.0.5.jar:/root/.m2/repository/com/google/re2j/re2j/1.1/re2j-1.1.jar:/root/.m2/repository/com/google/code/gson/gson/2.2.4/gson-2.2.4.jar:/root/.m2/repository/com/jcraft/jsch/0.1.54/jsch-0.1.54.jar:/root/.m2/repository/org/apache/curator/curator-client/2.12.0/curator-client-2.12.0.jar:/root/.m2/repository/org/apache/curator/curator-recipes/2.12.0/curator-recipes-2.12.0.jar:/root/.m2/repository/com/google/code/findbugs/jsr305/3.0.0/jsr305-3.0.0.jar:/root/.m2/repository/org/apache/htrace/htrace-core4/4.1.0-incubating/htrace-core4-4.1.0-incubating.jar:/root/.m2/repository/org/apache/zookeeper/zookeeper/3.4.13/zookeeper-3.4.13.jar:/root/.m2/repository/org/apache/yetus/audience-annotations/0.5.0/audience-annotations-0.5.0.jar:/root/.m2/repository/org/codehaus/woodstox/stax2-api/3.1.4/stax2-api-3.1.4.jar:/root/.m2/repository/com/fasterxml/woodstox/woodstox-core/5.0.3/woodstox-core-5.0.3.jar:/root/.m2/repository/dnsjava/dnsjava/2.1.7/dnsjava-2.1.7.jar:/root/.m2/repository/org/apache/hadoop/hadoop-hdfs/3.2.0/hadoop-hdfs-3.2.0-tests.jar:/root/.m2/repository/org/eclipse/jetty/jetty-util-ajax/9.3.24.v20180605/jetty-util-ajax-9.3.24.v20180605.jar:/root/.m2/repository/commons-daemon/commons-daemon/1.0.13/commons-daemon-1.0.13.jar:/root/.m2/repository/io/netty/netty/3.10.5.Final/netty-3.10.5.Final.jar:/root/.m2/repository/io/netty/netty-all/4.0.52.Final/netty-all-4.0.52.Final.jar:/root/.m2/repository/org/fusesource/leveldbjni/leveldbjni-all/1.8/leveldbjni-all-1.8.jar:"/>
    <property name="java.vm.vendor" value="IcedTea"/>
    <property name="sun.arch.data.model" value="64"/>
    <property name="test.build.dir" value="/opt/src/hadoop-ozone/integration-test/target/test-dir"/>
    <property name="test.cache.data" value=""/>
    <property name="java.vendor.url" value="https://icedtea.classpath.org"/>
    <property name="user.timezone" value=""/>
    <property name="java.vm.specification.version" value="1.8"/>
    <property name="os.name" value="Linux"/>
    <property name="test.build.data" value="/opt/src/hadoop-ozone/integration-test/target/test-dir"/>
    <property name="user.country" value="US"/>
    <property name="sun.java.launcher" value="SUN_STANDARD"/>
    <property name="sun.boot.library.path" value="/usr/lib/jvm/java-1.8-openjdk/jre/lib/amd64"/>
    <property name="sun.java.command" value="/opt/src/hadoop-ozone/integration-test/target/surefire/surefirebooter8840170319690421271.jar /opt/src/hadoop-ozone/integration-test/target/surefire 2019-06-12T14-08-11_117-jvmRun1 surefire9201746133817391899tmp surefire_214812589448689400431tmp"/>
    <property name="surefire.test.class.path" value="/opt/src/hadoop-ozone/integration-test/target/test-classes:/opt/src/hadoop-ozone/integration-test/target/classes:/root/.m2/repository/org/apache/hadoop/hadoop-ozone-common/0.5.0-SNAPSHOT/hadoop-ozone-common-0.5.0-SNAPSHOT.jar:/root/.m2/repository/org/apache/commons/commons-compress/1.4.1/commons-compress-1.4.1.jar:/root/.m2/repository/org/tukaani/xz/1.0/xz-1.0.jar:/root/.m2/repository/org/apache/hadoop/hadoop-common/3.2.0/hadoop-common-3.2.0.jar:/root/.m2/repository/org/apache/hadoop/hadoop-hdfs/3.2.0/hadoop-hdfs-3.2.0.jar:/root/.m2/repository/org/apache/hadoop/hadoop-hdfs-client/3.2.0/hadoop-hdfs-client-3.2.0.jar:/root/.m2/repository/com/fasterxml/jackson/core/jackson-annotations/2.9.5/jackson-annotations-2.9.5.jar:/root/.m2/repository/org/apache/hadoop/hadoop-hdds-common/0.5.0-SNAPSHOT/hadoop-hdds-common-0.5.0-SNAPSHOT.jar:/root/.m2/repository/javax/annotation/javax.annotation-api/1.2/javax.annotation-api-1.2.jar:/root/.m2/repository/org/apache/ratis/ratis-server/0.4.0-fe2b15d-SNAPSHOT/ratis-server-0.4.0-fe2b15d-SNAPSHOT.jar:/root/.m2/repository/org/apache/ratis/ratis-thirdparty-misc/0.2.0/ratis-thirdparty-misc-0.2.0.jar:/root/.m2/repository/org/apache/ratis/ratis-proto/0.4.0-fe2b15d-SNAPSHOT/ratis-proto-0.4.0-fe2b15d-SNAPSHOT.jar:/root/.m2/repository/org/apache/ratis/ratis-common/0.4.0-fe2b15d-SNAPSHOT/ratis-common-0.4.0-fe2b15d-SNAPSHOT.jar:/root/.m2/repository/org/apache/ratis/ratis-client/0.4.0-fe2b15d-SNAPSHOT/ratis-client-0.4.0-fe2b15d-SNAPSHOT.jar:/root/.m2/repository/org/apache/ratis/ratis-netty/0.4.0-fe2b15d-SNAPSHOT/ratis-netty-0.4.0-fe2b15d-SNAPSHOT.jar:/root/.m2/repository/org/apache/ratis/ratis-grpc/0.4.0-fe2b15d-SNAPSHOT/ratis-grpc-0.4.0-fe2b15d-SNAPSHOT.jar:/root/.m2/repository/org/rocksdb/rocksdbjni/5.14.2/rocksdbjni-5.14.2.jar:/root/.m2/repository/org/apache/logging/log4j/log4j-api/2.11.0/log4j-api-2.11.0.jar:/root/.m2/repository/org/apache/logging/log4j/log4j-core/2.11.0/log4j-core-2.11.0.jar:/root/.m2/repository/com/lmax/disruptor/3.4.2/disruptor-3.4.2.jar:/root/.m2/repository/org/apache/commons/commons-pool2/2.6.0/commons-pool2-2.6.0.jar:/root/.m2/repository/org/bouncycastle/bcpkix-jdk15on/1.60/bcpkix-jdk15on-1.60.jar:/root/.m2/repository/commons-validator/commons-validator/1.6/commons-validator-1.6.jar:/root/.m2/repository/commons-digester/commons-digester/1.8.1/commons-digester-1.8.1.jar:/root/.m2/repository/io/jaegertracing/jaeger-client/0.33.1/jaeger-client-0.33.1.jar:/root/.m2/repository/io/jaegertracing/jaeger-thrift/0.33.1/jaeger-thrift-0.33.1.jar:/root/.m2/repository/org/apache/thrift/libthrift/0.11.0/libthrift-0.11.0.jar:/root/.m2/repository/com/squareup/okhttp3/okhttp/3.9.0/okhttp-3.9.0.jar:/root/.m2/repository/com/squareup/okio/okio/1.13.0/okio-1.13.0.jar:/root/.m2/repository/io/jaegertracing/jaeger-core/0.33.1/jaeger-core-0.33.1.jar:/root/.m2/repository/io/jaegertracing/jaeger-tracerresolver/0.33.1/jaeger-tracerresolver-0.33.1.jar:/root/.m2/repository/io/opentracing/contrib/opentracing-tracerresolver/0.1.5/opentracing-tracerresolver-0.1.5.jar:/root/.m2/repository/io/opentracing/opentracing-util/0.31.0/opentracing-util-0.31.0.jar:/root/.m2/repository/io/opentracing/opentracing-api/0.31.0/opentracing-api-0.31.0.jar:/root/.m2/repository/io/opentracing/opentracing-noop/0.31.0/opentracing-noop-0.31.0.jar:/root/.m2/repository/org/apache/hadoop/hadoop-hdds-server-framework/0.5.0-SNAPSHOT/hadoop-hdds-server-framework-0.5.0-SNAPSHOT.jar:/root/.m2/repository/org/apache/hadoop/hadoop-hdds-server-scm/0.5.0-SNAPSHOT/hadoop-hdds-server-scm-0.5.0-SNAPSHOT.jar:/root/.m2/repository/org/apache/hadoop/hadoop-hdds-container-service/0.5.0-SNAPSHOT/hadoop-hdds-container-service-0.5.0-SNAPSHOT.jar:/root/.m2/repository/org/apache/hadoop/hadoop-hdds-client/0.5.0-SNAPSHOT/hadoop-hdds-client-0.5.0-SNAPSHOT.jar:/root/.m2/repository/org/apache/hadoop/hadoop-hdds-tools/0.5.0-SNAPSHOT/hadoop-hdds-tools-0.5.0-SNAPSHOT.jar:/root/.m2/repository/org/apache/hadoop/hadoop-ozone-ozone-manager/0.5.0-SNAPSHOT/hadoop-ozone-ozone-manager-0.5.0-SNAPSHOT.jar:/root/.m2/repository/org/apache/hadoop/hadoop-hdds-docs/0.5.0-SNAPSHOT/hadoop-hdds-docs-0.5.0-SNAPSHOT.jar:/root/.m2/repository/org/bouncycastle/bcprov-jdk15on/1.60/bcprov-jdk15on-1.60.jar:/root/.m2/repository/org/apache/hadoop/hadoop-minikdc/3.2.0/hadoop-minikdc-3.2.0.jar:/root/.m2/repository/commons-io/commons-io/2.5/commons-io-2.5.jar:/root/.m2/repository/org/apache/kerby/kerb-simplekdc/1.0.1/kerb-simplekdc-1.0.1.jar:/root/.m2/repository/org/apache/kerby/kerb-client/1.0.1/kerb-client-1.0.1.jar:/root/.m2/repository/org/apache/kerby/kerby-config/1.0.1/kerby-config-1.0.1.jar:/root/.m2/repository/org/apache/kerby/kerb-core/1.0.1/kerb-core-1.0.1.jar:/root/.m2/repository/org/apache/kerby/kerby-pkix/1.0.1/kerby-pkix-1.0.1.jar:/root/.m2/repository/org/apache/kerby/kerby-asn1/1.0.1/kerby-asn1-1.0.1.jar:/root/.m2/repository/org/apache/kerby/kerby-util/1.0.1/kerby-util-1.0.1.jar:/root/.m2/repository/org/apache/kerby/kerb-common/1.0.1/kerb-common-1.0.1.jar:/root/.m2/repository/org/apache/kerby/kerb-crypto/1.0.1/kerb-crypto-1.0.1.jar:/root/.m2/repository/org/apache/kerby/kerb-util/1.0.1/kerb-util-1.0.1.jar:/root/.m2/repository/org/apache/kerby/token-provider/1.0.1/token-provider-1.0.1.jar:/root/.m2/repository/org/apache/kerby/kerb-admin/1.0.1/kerb-admin-1.0.1.jar:/root/.m2/repository/org/apache/kerby/kerb-server/1.0.1/kerb-server-1.0.1.jar:/root/.m2/repository/org/apache/kerby/kerb-identity/1.0.1/kerb-identity-1.0.1.jar:/root/.m2/repository/org/apache/kerby/kerby-xdr/1.0.1/kerby-xdr-1.0.1.jar:/root/.m2/repository/org/slf4j/slf4j-log4j12/1.7.25/slf4j-log4j12-1.7.25.jar:/root/.m2/repository/org/apache/hadoop/hadoop-ozone-objectstore-service/0.5.0-SNAPSHOT/hadoop-ozone-objectstore-service-0.5.0-SNAPSHOT.jar:/root/.m2/repository/org/apache/hadoop/hadoop-ozone-s3gateway/0.5.0-SNAPSHOT/hadoop-ozone-s3gateway-0.5.0-SNAPSHOT.jar:/root/.m2/repository/org/jboss/weld/servlet/weld-servlet/2.4.7.Final/weld-servlet-2.4.7.Final.jar:/root/.m2/repository/org/glassfish/jersey/containers/jersey-container-servlet-core/2.27/jersey-container-servlet-core-2.27.jar:/root/.m2/repository/org/glassfish/hk2/external/javax.inject/2.5.0-b42/javax.inject-2.5.0-b42.jar:/root/.m2/repository/org/glassfish/jersey/core/jersey-common/2.27/jersey-common-2.27.jar:/root/.m2/repository/org/glassfish/hk2/osgi-resource-locator/1.0.1/osgi-resource-locator-1.0.1.jar:/root/.m2/repository/javax/ws/rs/javax.ws.rs-api/2.1/javax.ws.rs-api-2.1.jar:/root/.m2/repository/org/glassfish/jersey/ext/cdi/jersey-cdi1x/2.27/jersey-cdi1x-2.27.jar:/root/.m2/repository/org/glassfish/jersey/inject/jersey-hk2/2.27/jersey-hk2-2.27.jar:/root/.m2/repository/org/glassfish/hk2/hk2-locator/2.5.0-b42/hk2-locator-2.5.0-b42.jar:/root/.m2/repository/org/javassist/javassist/3.22.0-CR2/javassist-3.22.0-CR2.jar:/root/.m2/repository/org/glassfish/hk2/hk2-api/2.5.0/hk2-api-2.5.0.jar:/root/.m2/repository/org/glassfish/hk2/external/jakarta.inject/2.5.0/jakarta.inject-2.5.0.jar:/root/.m2/repository/org/glassfish/hk2/hk2-utils/2.5.0/hk2-utils-2.5.0.jar:/root/.m2/repository/jakarta/annotation/jakarta.annotation-api/1.3.4/jakarta.annotation-api-1.3.4.jar:/root/.m2/repository/org/glassfish/hk2/external/aopalliance-repackaged/2.5.0/aopalliance-repackaged-2.5.0.jar:/root/.m2/repository/com/fasterxml/jackson/dataformat/jackson-dataformat-xml/2.9.0/jackson-dataformat-xml-2.9.0.jar:/root/.m2/repository/com/fasterxml/jackson/core/jackson-core/2.9.5/jackson-core-2.9.5.jar:/root/.m2/repository/com/fasterxml/jackson/module/jackson-module-jaxb-annotations/2.9.5/jackson-module-jaxb-annotations-2.9.5.jar:/root/.m2/repository/javax/enterprise/cdi-api/1.2/cdi-api-1.2.jar:/root/.m2/repository/javax/el/javax.el-api/3.0.0/javax.el-api-3.0.0.jar:/root/.m2/repository/javax/interceptor/javax.interceptor-api/1.2/javax.interceptor-api-1.2.jar:/root/.m2/repository/javax/inject/javax.inject/1/javax.inject-1.jar:/root/.m2/repository/com/sun/xml/bind/jaxb-impl/2.3.0.1/jaxb-impl-2.3.0.1.jar:/root/.m2/repository/com/sun/xml/bind/jaxb-core/2.3.0.1/jaxb-core-2.3.0.1.jar:/root/.m2/repository/javax/xml/bind/jaxb-api/2.3.0/jaxb-api-2.3.0.jar:/root/.m2/repository/javax/activation/activation/1.1.1/activation-1.1.1.jar:/root/.m2/repository/org/apache/hadoop/hadoop-ozone-csi/0.5.0-SNAPSHOT/hadoop-ozone-csi-0.5.0-SNAPSHOT.jar:/root/.m2/repository/com/google/protobuf/protobuf-java-util/3.5.1/protobuf-java-util-3.5.1.jar:/root/.m2/repository/org/apache/hadoop/hadoop-hdds-config/0.5.0-SNAPSHOT/hadoop-hdds-config-0.5.0-SNAPSHOT.jar:/root/.m2/repository/com/google/guava/guava/11.0.2/guava-11.0.2.jar:/root/.m2/repository/com/google/protobuf/protobuf-java/2.5.0/protobuf-java-2.5.0.jar:/root/.m2/repository/io/grpc/grpc-netty/1.17.1/grpc-netty-1.17.1.jar:/root/.m2/repository/io/grpc/grpc-core/1.17.1/grpc-core-1.17.1.jar:/root/.m2/repository/io/grpc/grpc-context/1.17.1/grpc-context-1.17.1.jar:/root/.m2/repository/com/google/errorprone/error_prone_annotations/2.2.0/error_prone_annotations-2.2.0.jar:/root/.m2/repository/org/codehaus/mojo/animal-sniffer-annotations/1.17/animal-sniffer-annotations-1.17.jar:/root/.m2/repository/io/opencensus/opencensus-api/0.17.0/opencensus-api-0.17.0.jar:/root/.m2/repository/io/opencensus/opencensus-contrib-grpc-metrics/0.17.0/opencensus-contrib-grpc-metrics-0.17.0.jar:/root/.m2/repository/io/netty/netty-codec-http2/4.1.30.Final/netty-codec-http2-4.1.30.Final.jar:/root/.m2/repository/io/netty/netty-codec-http/4.1.30.Final/netty-codec-http-4.1.30.Final.jar:/root/.m2/repository/io/netty/netty-codec/4.1.30.Final/netty-codec-4.1.30.Final.jar:/root/.m2/repository/io/netty/netty-handler/4.1.30.Final/netty-handler-4.1.30.Final.jar:/root/.m2/repository/io/netty/netty-handler-proxy/4.1.30.Final/netty-handler-proxy-4.1.30.Final.jar:/root/.m2/repository/io/netty/netty-codec-socks/4.1.30.Final/netty-codec-socks-4.1.30.Final.jar:/root/.m2/repository/io/netty/netty-transport-native-epoll/4.1.30.Final/netty-transport-native-epoll-4.1.30.Final.jar:/root/.m2/repository/io/netty/netty-common/4.1.30.Final/netty-common-4.1.30.Final.jar:/root/.m2/repository/io/netty/netty-buffer/4.1.30.Final/netty-buffer-4.1.30.Final.jar:/root/.m2/repository/io/netty/netty-transport/4.1.30.Final/netty-transport-4.1.30.Final.jar:/root/.m2/repository/io/netty/netty-resolver/4.1.30.Final/netty-resolver-4.1.30.Final.jar:/root/.m2/repository/io/netty/netty-transport-native-unix-common/4.1.30.Final/netty-transport-native-unix-common-4.1.30.Final.jar:/root/.m2/repository/io/grpc/grpc-protobuf/1.17.1/grpc-protobuf-1.17.1.jar:/root/.m2/repository/com/google/api/grpc/proto-google-common-protos/1.0.0/proto-google-common-protos-1.0.0.jar:/root/.m2/repository/io/grpc/grpc-protobuf-lite/1.17.1/grpc-protobuf-lite-1.17.1.jar:/root/.m2/repository/io/grpc/grpc-stub/1.17.1/grpc-stub-1.17.1.jar:/root/.m2/repository/org/apache/hadoop/hadoop-ozone-recon/0.5.0-SNAPSHOT/hadoop-ozone-recon-0.5.0-SNAPSHOT.jar:/root/.m2/repository/org/apache/hadoop/hadoop-ozone-reconcodegen/0.5.0-SNAPSHOT/hadoop-ozone-reconcodegen-0.5.0-SNAPSHOT.jar:/root/.m2/repository/com/google/inject/extensions/guice-multibindings/4.0/guice-multibindings-4.0.jar:/root/.m2/repository/com/google/inject/guice/4.0/guice-4.0.jar:/root/.m2/repository/aopalliance/aopalliance/1.0/aopalliance-1.0.jar:/root/.m2/repository/com/google/inject/extensions/guice-servlet/4.0/guice-servlet-4.0.jar:/root/.m2/repository/org/glassfish/jersey/containers/jersey-container-servlet/2.27/jersey-container-servlet-2.27.jar:/root/.m2/repository/org/glassfish/hk2/guice-bridge/2.5.0/guice-bridge-2.5.0.jar:/root/.m2/repository/org/glassfish/jersey/core/jersey-server/2.27/jersey-server-2.27.jar:/root/.m2/repository/org/glassfish/jersey/core/jersey-client/2.27/jersey-client-2.27.jar:/root/.m2/repository/org/glassfish/jersey/media/jersey-media-jaxb/2.27/jersey-media-jaxb-2.27.jar:/root/.m2/repository/javax/validation/validation-api/1.1.0.Final/validation-api-1.1.0.Final.jar:/root/.m2/repository/org/glassfish/jersey/media/jersey-media-json-jackson/2.27/jersey-media-json-jackson-2.27.jar:/root/.m2/repository/org/glassfish/jersey/ext/jersey-entity-filtering/2.27/jersey-entity-filtering-2.27.jar:/root/.m2/repository/com/google/inject/extensions/guice-assistedinject/4.0/guice-assistedinject-4.0.jar:/root/.m2/repository/org/jooq/jooq/3.11.10/jooq-3.11.10.jar:/root/.m2/repository/org/jooq/jooq-meta/3.11.10/jooq-meta-3.11.10.jar:/root/.m2/repository/org/jooq/jooq-codegen/3.11.10/jooq-codegen-3.11.10.jar:/root/.m2/repository/com/jolbox/bonecp/0.8.0.RELEASE/bonecp-0.8.0.RELEASE.jar:/root/.m2/repository/org/xerial/sqlite-jdbc/3.25.2/sqlite-jdbc-3.25.2.jar:/root/.m2/repository/org/springframework/spring-jdbc/5.1.3.RELEASE/spring-jdbc-5.1.3.RELEASE.jar:/root/.m2/repository/org/springframework/spring-beans/5.1.3.RELEASE/spring-beans-5.1.3.RELEASE.jar:/root/.m2/repository/org/springframework/spring-core/5.1.3.RELEASE/spring-core-5.1.3.RELEASE.jar:/root/.m2/repository/org/springframework/spring-jcl/5.1.3.RELEASE/spring-jcl-5.1.3.RELEASE.jar:/root/.m2/repository/org/springframework/spring-tx/5.1.3.RELEASE/spring-tx-5.1.3.RELEASE.jar:/root/.m2/repository/org/apache/hadoop/hadoop-ozone-client/0.5.0-SNAPSHOT/hadoop-ozone-client-0.5.0-SNAPSHOT.jar:/root/.m2/repository/org/apache/hadoop/hadoop-ozone-ozone-manager/0.5.0-SNAPSHOT/hadoop-ozone-ozone-manager-0.5.0-SNAPSHOT-tests.jar:/root/.m2/repository/junit/junit/4.11/junit-4.11.jar:/root/.m2/repository/org/hamcrest/hamcrest-core/1.3/hamcrest-core-1.3.jar:/root/.m2/repository/org/openjdk/jmh/jmh-core/1.19/jmh-core-1.19.jar:/root/.m2/repository/net/sf/jopt-simple/jopt-simple/4.6/jopt-simple-4.6.jar:/root/.m2/repository/org/apache/commons/commons-math3/3.1.1/commons-math3-3.1.1.jar:/root/.m2/repository/org/openjdk/jmh/jmh-generator-annprocess/1.19/jmh-generator-annprocess-1.19.jar:/root/.m2/repository/org/mockito/mockito-all/1.8.5/mockito-all-1.8.5.jar:/root/.m2/repository/org/apache/hadoop/hadoop-kms/3.2.0/hadoop-kms-3.2.0.jar:/root/.m2/repository/org/apache/hadoop/hadoop-auth/3.2.0/hadoop-auth-3.2.0.jar:/root/.m2/repository/com/nimbusds/nimbus-jose-jwt/4.41.1/nimbus-jose-jwt-4.41.1.jar:/root/.m2/repository/com/github/stephenc/jcip/jcip-annotations/1.0-1/jcip-annotations-1.0-1.jar:/root/.m2/repository/net/minidev/json-smart/2.3/json-smart-2.3.jar:/root/.m2/repository/net/minidev/accessors-smart/1.2/accessors-smart-1.2.jar:/root/.m2/repository/org/ow2/asm/asm/5.0.4/asm-5.0.4.jar:/root/.m2/repository/org/apache/curator/curator-framework/2.12.0/curator-framework-2.12.0.jar:/root/.m2/repository/com/sun/jersey/jersey-core/1.19/jersey-core-1.19.jar:/root/.m2/repository/javax/ws/rs/jsr311-api/1.1.1/jsr311-api-1.1.1.jar:/root/.m2/repository/com/sun/jersey/jersey-server/1.19/jersey-server-1.19.jar:/root/.m2/repository/javax/servlet/javax.servlet-api/3.1.0/javax.servlet-api-3.1.0.jar:/root/.m2/repository/org/eclipse/jetty/jetty-server/9.3.24.v20180605/jetty-server-9.3.24.v20180605.jar:/root/.m2/repository/org/eclipse/jetty/jetty-http/9.3.24.v20180605/jetty-http-9.3.24.v20180605.jar:/root/.m2/repository/org/eclipse/jetty/jetty-io/9.3.24.v20180605/jetty-io-9.3.24.v20180605.jar:/root/.m2/repository/org/eclipse/jetty/jetty-webapp/9.3.24.v20180605/jetty-webapp-9.3.24.v20180605.jar:/root/.m2/repository/org/eclipse/jetty/jetty-xml/9.3.24.v20180605/jetty-xml-9.3.24.v20180605.jar:/root/.m2/repository/log4j/log4j/1.2.17/log4j-1.2.17.jar:/root/.m2/repository/org/slf4j/slf4j-api/1.7.25/slf4j-api-1.7.25.jar:/root/.m2/repository/org/slf4j/jul-to-slf4j/1.7.25/jul-to-slf4j-1.7.25.jar:/root/.m2/repository/org/eclipse/jetty/jetty-util/9.3.24.v20180605/jetty-util-9.3.24.v20180605.jar:/root/.m2/repository/io/dropwizard/metrics/metrics-core/3.2.4/metrics-core-3.2.4.jar:/root/.m2/repository/com/fasterxml/jackson/core/jackson-databind/2.9.5/jackson-databind-2.9.5.jar:/root/.m2/repository/org/apache/hadoop/hadoop-kms/3.2.0/hadoop-kms-3.2.0-tests.jar:/root/.m2/repository/org/apache/hadoop/hadoop-hdds-server-scm/0.5.0-SNAPSHOT/hadoop-hdds-server-scm-0.5.0-SNAPSHOT-tests.jar:/root/.m2/repository/org/hamcrest/hamcrest-all/1.3/hamcrest-all-1.3.jar:/root/.m2/repository/info/picocli/picocli/3.9.6/picocli-3.9.6.jar:/root/.m2/repository/org/apache/hadoop/hadoop-hdds-container-service/0.5.0-SNAPSHOT/hadoop-hdds-container-service-0.5.0-SNAPSHOT-tests.jar:/root/.m2/repository/org/yaml/snakeyaml/1.16/snakeyaml-1.16.jar:/root/.m2/repository/org/apache/hadoop/hadoop-common/3.2.0/hadoop-common-3.2.0-tests.jar:/root/.m2/repository/org/apache/hadoop/hadoop-annotations/3.2.0/hadoop-annotations-3.2.0.jar:/usr/lib/jvm/java-1.8-openjdk/jre/../lib/tools.jar:/root/.m2/repository/commons-cli/commons-cli/1.2/commons-cli-1.2.jar:/root/.m2/repository/org/apache/httpcomponents/httpclient/4.5.2/httpclient-4.5.2.jar:/root/.m2/repository/org/apache/httpcomponents/httpcore/4.4.4/httpcore-4.4.4.jar:/root/.m2/repository/commons-codec/commons-codec/1.11/commons-codec-1.11.jar:/root/.m2/repository/commons-net/commons-net/3.6/commons-net-3.6.jar:/root/.m2/repository/commons-collections/commons-collections/3.2.2/commons-collections-3.2.2.jar:/root/.m2/repository/org/eclipse/jetty/jetty-servlet/9.3.24.v20180605/jetty-servlet-9.3.24.v20180605.jar:/root/.m2/repository/org/eclipse/jetty/jetty-security/9.3.24.v20180605/jetty-security-9.3.24.v20180605.jar:/root/.m2/repository/javax/servlet/jsp/jsp-api/2.1/jsp-api-2.1.jar:/root/.m2/repository/com/sun/jersey/jersey-servlet/1.19/jersey-servlet-1.19.jar:/root/.m2/repository/com/sun/jersey/jersey-json/1.19/jersey-json-1.19.jar:/root/.m2/repository/org/codehaus/jettison/jettison/1.1/jettison-1.1.jar:/root/.m2/repository/org/codehaus/jackson/jackson-core-asl/1.9.13/jackson-core-asl-1.9.13.jar:/root/.m2/repository/org/codehaus/jackson/jackson-mapper-asl/1.9.13/jackson-mapper-asl-1.9.13.jar:/root/.m2/repository/org/codehaus/jackson/jackson-jaxrs/1.9.13/jackson-jaxrs-1.9.13.jar:/root/.m2/repository/org/codehaus/jackson/jackson-xc/1.9.13/jackson-xc-1.9.13.jar:/root/.m2/repository/commons-logging/commons-logging/1.1.3/commons-logging-1.1.3.jar:/root/.m2/repository/commons-beanutils/commons-beanutils/1.9.3/commons-beanutils-1.9.3.jar:/root/.m2/repository/org/apache/commons/commons-configuration2/2.1.1/commons-configuration2-2.1.1.jar:/root/.m2/repository/org/apache/commons/commons-lang3/3.7/commons-lang3-3.7.jar:/root/.m2/repository/org/apache/commons/commons-text/1.4/commons-text-1.4.jar:/root/.m2/repository/org/apache/avro/avro/1.7.7/avro-1.7.7.jar:/root/.m2/repository/com/thoughtworks/paranamer/paranamer/2.3/paranamer-2.3.jar:/root/.m2/repository/org/xerial/snappy/snappy-java/1.0.5/snappy-java-1.0.5.jar:/root/.m2/repository/com/google/re2j/re2j/1.1/re2j-1.1.jar:/root/.m2/repository/com/google/code/gson/gson/2.2.4/gson-2.2.4.jar:/root/.m2/repository/com/jcraft/jsch/0.1.54/jsch-0.1.54.jar:/root/.m2/repository/org/apache/curator/curator-client/2.12.0/curator-client-2.12.0.jar:/root/.m2/repository/org/apache/curator/curator-recipes/2.12.0/curator-recipes-2.12.0.jar:/root/.m2/repository/com/google/code/findbugs/jsr305/3.0.0/jsr305-3.0.0.jar:/root/.m2/repository/org/apache/htrace/htrace-core4/4.1.0-incubating/htrace-core4-4.1.0-incubating.jar:/root/.m2/repository/org/apache/zookeeper/zookeeper/3.4.13/zookeeper-3.4.13.jar:/root/.m2/repository/org/apache/yetus/audience-annotations/0.5.0/audience-annotations-0.5.0.jar:/root/.m2/repository/org/codehaus/woodstox/stax2-api/3.1.4/stax2-api-3.1.4.jar:/root/.m2/repository/com/fasterxml/woodstox/woodstox-core/5.0.3/woodstox-core-5.0.3.jar:/root/.m2/repository/dnsjava/dnsjava/2.1.7/dnsjava-2.1.7.jar:/root/.m2/repository/org/apache/hadoop/hadoop-hdfs/3.2.0/hadoop-hdfs-3.2.0-tests.jar:/root/.m2/repository/org/eclipse/jetty/jetty-util-ajax/9.3.24.v20180605/jetty-util-ajax-9.3.24.v20180605.jar:/root/.m2/repository/commons-daemon/commons-daemon/1.0.13/commons-daemon-1.0.13.jar:/root/.m2/repository/io/netty/netty/3.10.5.Final/netty-3.10.5.Final.jar:/root/.m2/repository/io/netty/netty-all/4.0.52.Final/netty-all-4.0.52.Final.jar:/root/.m2/repository/org/fusesource/leveldbjni/leveldbjni-all/1.8/leveldbjni-all-1.8.jar:"/>
    <property name="sun.cpu.endian" value="little"/>
    <property name="user.home" value="/root"/>
    <property name="user.language" value="en"/>
    <property name="java.specification.vendor" value="Oracle Corporation"/>
    <property name="java.home" value="/usr/lib/jvm/java-1.8-openjdk/jre"/>
    <property name="java.security.krb5.conf" value="/opt/src/hadoop-ozone/integration-test/target/test-classes/krb5.conf"/>
    <property name="basedir" value="/opt/src/hadoop-ozone/integration-test"/>
    <property name="file.separator" value="/"/>
    <property name="line.separator" value="&#10;"/>
    <property name="java.vm.specification.vendor" value="Oracle Corporation"/>
    <property name="java.specification.name" value="Java Platform API Specification"/>
    <property name="java.awt.graphicsenv" value="sun.awt.X11GraphicsEnvironment"/>
    <property name="surefire.real.class.path" value="/opt/src/hadoop-ozone/integration-test/target/surefire/surefirebooter8840170319690421271.jar"/>
    <property name="hadoop.log.dir" value="/opt/src/hadoop-ozone/integration-test/target/log"/>
    <property name="sun.boot.class.path" value="/usr/lib/jvm/java-1.8-openjdk/jre/lib/resources.jar:/usr/lib/jvm/java-1.8-openjdk/jre/lib/rt.jar:/usr/lib/jvm/java-1.8-openjdk/jre/lib/sunrsasign.jar:/usr/lib/jvm/java-1.8-openjdk/jre/lib/jsse.jar:/usr/lib/jvm/java-1.8-openjdk/jre/lib/jce.jar:/usr/lib/jvm/java-1.8-openjdk/jre/lib/charsets.jar:/usr/lib/jvm/java-1.8-openjdk/jre/lib/jfr.jar:/usr/lib/jvm/java-1.8-openjdk/jre/classes"/>
    <property name="sun.management.compiler" value="HotSpot 64-Bit Tiered Compilers"/>
    <property name="java.runtime.version" value="1.8.0_212-b04"/>
    <property name="java.net.preferIPv4Stack" value="true"/>
    <property name="user.name" value="root"/>
    <property name="path.separator" value=":"/>
    <property name="java.security.egd" value="file:///dev/urandom"/>
    <property name="os.version" value="4.15.0-1021-aws"/>
    <property name="java.endorsed.dirs" value="/usr/lib/jvm/java-1.8-openjdk/jre/lib/endorsed"/>
    <property name="java.runtime.name" value="OpenJDK Runtime Environment"/>
    <property name="file.encoding" value="UTF-8"/>
    <property name="java.vm.name" value="OpenJDK 64-Bit Server VM"/>
    <property name="test.build.webapps" value=""/>
    <property name="localRepository" value="/root/.m2/repository"/>
    <property name="java.vendor.url.bug" value="https://icedtea.classpath.org/bugzilla"/>
    <property name="java.io.tmpdir" value="/tmp"/>
    <property name="require.test.libhadoop" value=""/>
    <property name="java.version" value="1.8.0_212"/>
    <property name="user.dir" value="/opt/src/hadoop-ozone/integration-test"/>
    <property name="os.arch" value="amd64"/>
    <property name="java.vm.specification.name" value="Java Virtual Machine Specification"/>
    <property name="test.build.classes" value="/opt/src/hadoop-ozone/integration-test/target/test-classes"/>
    <property name="java.awt.printerjob" value="sun.print.PSPrinterJob"/>
    <property name="sun.os.patch.level" value="unknown"/>
    <property name="hadoop.tmp.dir" value="/opt/src/hadoop-ozone/integration-test/target/tmp"/>
    <property name="java.library.path" value="/usr/lib/jvm/java-1.8-openjdk/jre/lib/amd64/server:/usr/lib/jvm/java-1.8-openjdk/jre/lib/amd64:/usr/lib/jvm/java-1.8-openjdk/jre/../lib/amd64:/opt/src/hadoop-ozone/integration-test/target/native/target/usr/local/lib:/opt/src/hadoop-ozone/integration-test/../../hadoop-common-project/hadoop-common/target/native/target/usr/local/lib:/usr/java/packages/lib/amd64:/usr/lib64:/lib64:/lib:/usr/lib"/>
    <property name="java.vm.info" value="mixed mode"/>
    <property name="java.vendor" value="IcedTea"/>
    <property name="java.vm.version" value="25.212-b04"/>
    <property name="java.ext.dirs" value="/usr/lib/jvm/java-1.8-openjdk/jre/lib/ext:/usr/java/packages/lib/ext"/>
    <property name="sun.io.unicode.encoding" value="UnicodeLittle"/>
    <property name="java.class.version" value="52.0"/>
  </properties>
  <testcase name="testWatchForCommitWithKeyWrite" classname="org.apache.hadoop.ozone.client.rpc.TestWatchForCommit" time="26.273"/>
  <testcase name="testWatchForCommitWithSmallerTimeoutValue" classname="org.apache.hadoop.ozone.client.rpc.TestWatchForCommit" time="14.929"/>
  <testcase name="testWatchForCommitForRetryfailure" classname="org.apache.hadoop.ozone.client.rpc.TestWatchForCommit" time="53.865">
    <failure type="java.lang.AssertionError">java.lang.AssertionError
	at org.junit.Assert.fail(Assert.java:86)
	at org.junit.Assert.assertTrue(Assert.java:41)
	at org.junit.Assert.assertTrue(Assert.java:52)
	at org.apache.hadoop.ozone.client.rpc.TestWatchForCommit.testWatchForCommitForRetryfailure(TestWatchForCommit.java:350)
	at sun.reflect.NativeMethodAccessorImpl.invoke0(Native Method)
	at sun.reflect.NativeMethodAccessorImpl.invoke(NativeMethodAccessorImpl.java:62)
	at sun.reflect.DelegatingMethodAccessorImpl.invoke(DelegatingMethodAccessorImpl.java:43)
	at java.lang.reflect.Method.invoke(Method.java:498)
	at org.junit.runners.model.FrameworkMethod$1.runReflectiveCall(FrameworkMethod.java:47)
	at org.junit.internal.runners.model.ReflectiveCallable.run(ReflectiveCallable.java:12)
	at org.junit.runners.model.FrameworkMethod.invokeExplosively(FrameworkMethod.java:44)
	at org.junit.internal.runners.statements.InvokeMethod.evaluate(InvokeMethod.java:17)
	at org.junit.runners.ParentRunner.runLeaf(ParentRunner.java:271)
	at org.junit.runners.BlockJUnit4ClassRunner.runChild(BlockJUnit4ClassRunner.java:70)
	at org.junit.runners.BlockJUnit4ClassRunner.runChild(BlockJUnit4ClassRunner.java:50)
	at org.junit.runners.ParentRunner$3.run(ParentRunner.java:238)
	at org.junit.runners.ParentRunner$1.schedule(ParentRunner.java:63)
	at org.junit.runners.ParentRunner.runChildren(ParentRunner.java:236)
	at org.junit.runners.ParentRunner.access$000(ParentRunner.java:53)
	at org.junit.runners.ParentRunner$2.evaluate(ParentRunner.java:229)
	at org.junit.runners.ParentRunner.run(ParentRunner.java:309)
	at org.apache.maven.surefire.junit4.JUnit4Provider.execute(JUnit4Provider.java:365)
	at org.apache.maven.surefire.junit4.JUnit4Provider.executeWithRerun(JUnit4Provider.java:273)
	at org.apache.maven.surefire.junit4.JUnit4Provider.executeTestSet(JUnit4Provider.java:238)
	at org.apache.maven.surefire.junit4.JUnit4Provider.invoke(JUnit4Provider.java:159)
	at org.apache.maven.surefire.booter.ForkedBooter.invokeProviderInSameClassLoader(ForkedBooter.java:384)
	at org.apache.maven.surefire.booter.ForkedBooter.runSuitesInProcess(ForkedBooter.java:345)
	at org.apache.maven.surefire.booter.ForkedBooter.execute(ForkedBooter.java:126)
	at org.apache.maven.surefire.booter.ForkedBooter.main(ForkedBooter.java:418)
</failure>
    <system-out><![CDATA[2019-06-12 14:24:14,520 WARN  server.ServerUtils (ServerUtils.java:getScmDbDir(145)) - ozone.scm.db.dirs is not configured. We recommend adding this setting. Falling back to ozone.metadata.dirs instead.
2019-06-12 14:24:14,524 WARN  server.ServerUtils (ServerUtils.java:getScmDbDir(145)) - ozone.scm.db.dirs is not configured. We recommend adding this setting. Falling back to ozone.metadata.dirs instead.
2019-06-12 14:24:14,525 WARN  server.ServerUtils (ServerUtils.java:getScmDbDir(145)) - ozone.scm.db.dirs is not configured. We recommend adding this setting. Falling back to ozone.metadata.dirs instead.
2019-06-12 14:24:14,525 INFO  db.DBStoreBuilder (DBStoreBuilder.java:addTable(110)) - using custom profile for table: deletedBlocks
2019-06-12 14:24:14,525 INFO  db.DBStoreBuilder (DBStoreBuilder.java:processTables(161)) - Using default column profile:DBProfile.DISK for Table:deletedBlocks
2019-06-12 14:24:14,525 INFO  db.DBStoreBuilder (DBStoreBuilder.java:addTable(110)) - using custom profile for table: validCerts
2019-06-12 14:24:14,525 INFO  db.DBStoreBuilder (DBStoreBuilder.java:processTables(161)) - Using default column profile:DBProfile.DISK for Table:validCerts
2019-06-12 14:24:14,525 INFO  db.DBStoreBuilder (DBStoreBuilder.java:addTable(110)) - using custom profile for table: revokedCerts
2019-06-12 14:24:14,525 INFO  db.DBStoreBuilder (DBStoreBuilder.java:processTables(161)) - Using default column profile:DBProfile.DISK for Table:revokedCerts
2019-06-12 14:24:14,525 INFO  db.DBStoreBuilder (DBStoreBuilder.java:addTable(110)) - using custom profile for table: default
2019-06-12 14:24:14,526 INFO  db.DBStoreBuilder (DBStoreBuilder.java:processTables(167)) - Using default column profile:DBProfile.DISK for Table:default
2019-06-12 14:24:14,526 INFO  db.DBStoreBuilder (DBStoreBuilder.java:getDbProfile(198)) - Using default options. DBProfile.DISK
2019-06-12 14:24:14,569 WARN  server.ServerUtils (ServerUtils.java:sanitizeUserArgs(70)) - ozone.scm.stale.node.interval value = 300000 is larger than max = 100000 based on the key value of ozone.scm.heartbeat.thread.interval, reset to the max value 100000.
2019-06-12 14:24:14,569 WARN  server.ServerUtils (ServerUtils.java:sanitizeUserArgs(70)) - ozone.scm.stale.node.interval value = 300000 is larger than max = 100000 based on the key value of ozone.scm.heartbeat.thread.interval, reset to the max value 100000.
2019-06-12 14:24:14,569 INFO  node.SCMNodeManager (SCMNodeManager.java:<init>(108)) - Entering startup safe mode.
2019-06-12 14:24:14,570 INFO  net.NodeSchemaLoader (NodeSchemaLoader.java:loadSchemaFromFile(125)) - Loading file from sun.misc.CompoundEnumeration@729d6ee2
2019-06-12 14:24:14,571 INFO  net.NodeSchemaLoader (NodeSchemaLoader.java:loadSchema(171)) - Loading network topology layer schema file
2019-06-12 14:24:14,574 WARN  server.ServerUtils (ServerUtils.java:getScmDbDir(145)) - ozone.scm.db.dirs is not configured. We recommend adding this setting. Falling back to ozone.metadata.dirs instead.
2019-06-12 14:24:14,588 INFO  pipeline.SCMPipelineManager (SCMPipelineManager.java:initializePipelineState(126)) - No pipeline exists in current db
2019-06-12 14:24:14,588 WARN  server.ServerUtils (ServerUtils.java:getScmDbDir(145)) - ozone.scm.db.dirs is not configured. We recommend adding this setting. Falling back to ozone.metadata.dirs instead.
2019-06-12 14:24:14,602 WARN  events.EventQueue (EventQueue.java:fireEvent(175)) - No event handler registered for event TypedEvent{payloadType=SafeModeStatus, name='SafeModeStatus'}
2019-06-12 14:24:14,603 INFO  ipc.CallQueueManager (CallQueueManager.java:<init>(84)) - Using callQueue: class java.util.concurrent.LinkedBlockingQueue, queueCapacity: 2000, scheduler: class org.apache.hadoop.ipc.DefaultRpcScheduler, ipcBackoff: false.
2019-06-12 14:24:14,603 INFO  ipc.Server (Server.java:run(1074)) - Starting Socket Reader #1 for port 43205
2019-06-12 14:24:14,605 INFO  ipc.CallQueueManager (CallQueueManager.java:<init>(84)) - Using callQueue: class java.util.concurrent.LinkedBlockingQueue, queueCapacity: 2000, scheduler: class org.apache.hadoop.ipc.DefaultRpcScheduler, ipcBackoff: false.
2019-06-12 14:24:14,606 INFO  ipc.Server (Server.java:run(1074)) - Starting Socket Reader #1 for port 37073
2019-06-12 14:24:14,608 INFO  ipc.CallQueueManager (CallQueueManager.java:<init>(84)) - Using callQueue: class java.util.concurrent.LinkedBlockingQueue, queueCapacity: 2000, scheduler: class org.apache.hadoop.ipc.DefaultRpcScheduler, ipcBackoff: false.
2019-06-12 14:24:14,609 INFO  ipc.Server (Server.java:run(1074)) - Starting Socket Reader #1 for port 44383
2019-06-12 14:24:14,615 INFO  hdfs.DFSUtil (DFSUtil.java:httpServerTemplateForNNAndJN(1641)) - Starting Web-server for scm at: http://0.0.0.0:0
2019-06-12 14:24:14,617 INFO  server.AuthenticationFilter (AuthenticationFilter.java:constructSecretProvider(240)) - Unable to initialize FileSignerSecretProvider, falling back to use random secrets.
2019-06-12 14:24:14,617 WARN  http.HttpRequestLog (HttpRequestLog.java:getRequestLog(97)) - Jetty request log can only be enabled using Log4j
2019-06-12 14:24:14,618 INFO  http.HttpServer2 (HttpServer2.java:addGlobalFilter(975)) - Added global filter 'safety' (class=org.apache.hadoop.http.HttpServer2$QuotingInputFilter)
2019-06-12 14:24:14,619 INFO  http.HttpServer2 (HttpServer2.java:addFilter(948)) - Added filter static_user_filter (class=org.apache.hadoop.http.lib.StaticUserWebFilter$StaticUserFilter) to context scm
2019-06-12 14:24:14,619 INFO  http.HttpServer2 (HttpServer2.java:addFilter(958)) - Added filter static_user_filter (class=org.apache.hadoop.http.lib.StaticUserWebFilter$StaticUserFilter) to context logs
2019-06-12 14:24:14,619 INFO  http.HttpServer2 (HttpServer2.java:addFilter(958)) - Added filter static_user_filter (class=org.apache.hadoop.http.lib.StaticUserWebFilter$StaticUserFilter) to context static
2019-06-12 14:24:14,623 INFO  server.StorageContainerManager (StorageContainerManager.java:start(752)) - StorageContainerLocationProtocol RPC server is listening at /0.0.0.0:44383
2019-06-12 14:24:14,623 INFO  impl.MetricsSystemImpl (MetricsSystemImpl.java:init(158)) - StorageContainerManager metrics system started (again)
2019-06-12 14:24:14,624 INFO  server.SCMClientProtocolServer (SCMClientProtocolServer.java:start(149)) - RPC server for Client  is listening at /0.0.0.0:44383
2019-06-12 14:24:14,624 INFO  ipc.Server (Server.java:run(1314)) - IPC Server Responder: starting
2019-06-12 14:24:14,624 INFO  ipc.Server (Server.java:run(1153)) - IPC Server listener on 44383: starting
2019-06-12 14:24:14,631 INFO  server.StorageContainerManager (StorageContainerManager.java:start(761)) - ScmBlockLocationProtocol RPC server is listening at /0.0.0.0:37073
2019-06-12 14:24:14,631 INFO  server.SCMBlockProtocolServer (SCMBlockProtocolServer.java:start(137)) - RPC server for Block Protocol is listening at /0.0.0.0:37073
2019-06-12 14:24:14,632 INFO  ipc.Server (Server.java:run(1314)) - IPC Server Responder: starting
2019-06-12 14:24:14,632 INFO  ipc.Server (Server.java:run(1153)) - IPC Server listener on 37073: starting
2019-06-12 14:24:14,635 INFO  server.StorageContainerManager (StorageContainerManager.java:start(765)) - ScmDatanodeProtocl RPC server is listening at /0.0.0.0:43205
2019-06-12 14:24:14,635 INFO  server.SCMDatanodeProtocolServer (SCMDatanodeProtocolServer.java:start(191)) - RPC server for DataNodes is listening at /0.0.0.0:43205
2019-06-12 14:24:14,636 INFO  ipc.Server (Server.java:run(1314)) - IPC Server Responder: starting
2019-06-12 14:24:14,636 INFO  ipc.Server (Server.java:run(1153)) - IPC Server listener on 43205: starting
2019-06-12 14:24:14,639 INFO  http.HttpServer2 (HttpServer2.java:bindListener(1191)) - Jetty bound to port 33429
2019-06-12 14:24:14,639 INFO  server.Server (Server.java:doStart(351)) - jetty-9.3.24.v20180605, build timestamp: 2018-06-05T17:11:56Z, git hash: 84205aa28f11a4f31f2a3b86d1bba2cc8ab69827
2019-06-12 14:24:14,640 INFO  handler.ContextHandler (ContextHandler.java:doStart(781)) - Started o.e.j.s.ServletContextHandler@4bf10fe1{/logs,file:///opt/src/hadoop-ozone/integration-test/target/log,AVAILABLE}
2019-06-12 14:24:14,641 INFO  handler.ContextHandler (ContextHandler.java:doStart(781)) - Started o.e.j.s.ServletContextHandler@399c408c{/static,file:///opt/src/hadoop-ozone/integration-test/target/test-classes/webapps/static,AVAILABLE}
2019-06-12 14:24:14,646 INFO  handler.ContextHandler (ContextHandler.java:doStart(781)) - Started o.e.j.w.WebAppContext@776e7dfb{/,file:///opt/src/hadoop-ozone/integration-test/target/test-classes/webapps/scm/,AVAILABLE}{/scm}
2019-06-12 14:24:14,647 INFO  server.AbstractConnector (AbstractConnector.java:doStart(278)) - Started ServerConnector@71418a4a{HTTP/1.1,[http/1.1]}{0.0.0.0:33429}
2019-06-12 14:24:14,647 INFO  server.Server (Server.java:doStart(419)) - Started @41643ms
2019-06-12 14:24:14,648 INFO  server.BaseHttpServer (BaseHttpServer.java:updateConnectorAddress(207)) - HTTP server of SCM is listening at http://0.0.0.0:33429
2019-06-12 14:24:14,649 WARN  scm.ScmUtils (ScmUtils.java:getDBPath(63)) - ozone.om.db.dirs is not configured. We recommend adding this setting. Falling back to ozone.metadata.dirs instead.
2019-06-12 14:24:14,649 INFO  util.JvmPauseMonitor (JvmPauseMonitor.java:run(188)) - Starting JVM pause monitor
2019-06-12 14:24:14,651 WARN  scm.ScmUtils (ScmUtils.java:getDBPath(63)) - ozone.om.db.dirs is not configured. We recommend adding this setting. Falling back to ozone.metadata.dirs instead.
2019-06-12 14:24:14,652 INFO  om.OzoneManager (OzoneManager.java:setOMNodeDetails(519)) - OM Service ID is not set. Setting it to the default ID: omServiceIdDefault
2019-06-12 14:24:14,652 INFO  om.OzoneManager (OzoneManager.java:setOMNodeDetails(525)) - OM Node ID is not set. Setting it to the OmStorage's OmID: 7eb2941b-bb97-402f-bc53-f3d594c78e54
2019-06-12 14:24:14,652 WARN  scm.HddsServerUtil (HddsServerUtil.java:getDefaultRatisDirectory(354)) - Storage directory for Ratis is not configured. It is a good idea to map this to an SSD disk. Falling back to ozone.metadata.dirs
2019-06-12 14:24:14,652 WARN  scm.HddsServerUtil (HddsServerUtil.java:getDefaultRatisDirectory(354)) - Storage directory for Ratis is not configured. It is a good idea to map this to an SSD disk. Falling back to ozone.metadata.dirs
2019-06-12 14:24:14,652 INFO  om.OzoneManager (OzoneManager.java:loadOMHAConfigs(476)) - Found matching OM address with OMServiceId: null, OMNodeId: null, RPC Address: localhost:0 and Ratis port: 9872
2019-06-12 14:24:14,656 WARN  scm.ScmUtils (ScmUtils.java:getDBPath(63)) - ozone.om.db.dirs is not configured. We recommend adding this setting. Falling back to ozone.metadata.dirs instead.
2019-06-12 14:24:14,656 INFO  db.DBStoreBuilder (DBStoreBuilder.java:addTable(110)) - using custom profile for table: userTable
2019-06-12 14:24:14,656 INFO  db.DBStoreBuilder (DBStoreBuilder.java:processTables(161)) - Using default column profile:DBProfile.DISK for Table:userTable
2019-06-12 14:24:14,657 INFO  db.DBStoreBuilder (DBStoreBuilder.java:addTable(110)) - using custom profile for table: volumeTable
2019-06-12 14:24:14,657 INFO  db.DBStoreBuilder (DBStoreBuilder.java:processTables(161)) - Using default column profile:DBProfile.DISK for Table:volumeTable
2019-06-12 14:24:14,657 INFO  db.DBStoreBuilder (DBStoreBuilder.java:addTable(110)) - using custom profile for table: bucketTable
2019-06-12 14:24:14,657 INFO  db.DBStoreBuilder (DBStoreBuilder.java:processTables(161)) - Using default column profile:DBProfile.DISK for Table:bucketTable
2019-06-12 14:24:14,657 INFO  db.DBStoreBuilder (DBStoreBuilder.java:addTable(110)) - using custom profile for table: keyTable
2019-06-12 14:24:14,657 INFO  db.DBStoreBuilder (DBStoreBuilder.java:processTables(161)) - Using default column profile:DBProfile.DISK for Table:keyTable
2019-06-12 14:24:14,658 INFO  db.DBStoreBuilder (DBStoreBuilder.java:addTable(110)) - using custom profile for table: deletedTable
2019-06-12 14:24:14,658 INFO  db.DBStoreBuilder (DBStoreBuilder.java:processTables(161)) - Using default column profile:DBProfile.DISK for Table:deletedTable
2019-06-12 14:24:14,658 INFO  db.DBStoreBuilder (DBStoreBuilder.java:addTable(110)) - using custom profile for table: openKeyTable
2019-06-12 14:24:14,658 INFO  db.DBStoreBuilder (DBStoreBuilder.java:processTables(161)) - Using default column profile:DBProfile.DISK for Table:openKeyTable
2019-06-12 14:24:14,658 INFO  db.DBStoreBuilder (DBStoreBuilder.java:addTable(110)) - using custom profile for table: s3Table
2019-06-12 14:24:14,658 INFO  db.DBStoreBuilder (DBStoreBuilder.java:processTables(161)) - Using default column profile:DBProfile.DISK for Table:s3Table
2019-06-12 14:24:14,658 INFO  db.DBStoreBuilder (DBStoreBuilder.java:addTable(110)) - using custom profile for table: multipartInfoTable
2019-06-12 14:24:14,658 INFO  db.DBStoreBuilder (DBStoreBuilder.java:processTables(161)) - Using default column profile:DBProfile.DISK for Table:multipartInfoTable
2019-06-12 14:24:14,659 INFO  db.DBStoreBuilder (DBStoreBuilder.java:addTable(110)) - using custom profile for table: dTokenTable
2019-06-12 14:24:14,659 INFO  db.DBStoreBuilder (DBStoreBuilder.java:processTables(161)) - Using default column profile:DBProfile.DISK for Table:dTokenTable
2019-06-12 14:24:14,659 INFO  db.DBStoreBuilder (DBStoreBuilder.java:addTable(110)) - using custom profile for table: s3SecretTable
2019-06-12 14:24:14,659 INFO  db.DBStoreBuilder (DBStoreBuilder.java:processTables(161)) - Using default column profile:DBProfile.DISK for Table:s3SecretTable
2019-06-12 14:24:14,659 INFO  db.DBStoreBuilder (DBStoreBuilder.java:addTable(110)) - using custom profile for table: prefixTable
2019-06-12 14:24:14,659 INFO  db.DBStoreBuilder (DBStoreBuilder.java:processTables(161)) - Using default column profile:DBProfile.DISK for Table:prefixTable
2019-06-12 14:24:14,660 INFO  db.DBStoreBuilder (DBStoreBuilder.java:addTable(110)) - using custom profile for table: default
2019-06-12 14:24:14,660 INFO  db.DBStoreBuilder (DBStoreBuilder.java:processTables(167)) - Using default column profile:DBProfile.DISK for Table:default
2019-06-12 14:24:14,660 INFO  db.DBStoreBuilder (DBStoreBuilder.java:getDbProfile(198)) - Using default options. DBProfile.DISK
2019-06-12 14:24:14,783 INFO  ipc.CallQueueManager (CallQueueManager.java:<init>(84)) - Using callQueue: class java.util.concurrent.LinkedBlockingQueue, queueCapacity: 2000, scheduler: class org.apache.hadoop.ipc.DefaultRpcScheduler, ipcBackoff: false.
2019-06-12 14:24:14,784 INFO  ipc.Server (Server.java:run(1074)) - Starting Socket Reader #1 for port 35075
2019-06-12 14:24:14,793 WARN  scm.ScmUtils (ScmUtils.java:getDBPath(63)) - ozone.om.db.dirs is not configured. We recommend adding this setting. Falling back to ozone.metadata.dirs instead.
2019-06-12 14:24:14,793 INFO  om.OzoneManager (OzoneManager.java:start(1217)) - OzoneManager RPC server is listening at localhost/127.0.0.1:35075
2019-06-12 14:24:14,793 INFO  impl.MetricsSystemImpl (MetricsSystemImpl.java:init(158)) - OzoneManager metrics system started (again)
2019-06-12 14:24:14,793 INFO  ipc.Server (Server.java:run(1314)) - IPC Server Responder: starting
2019-06-12 14:24:14,793 INFO  ipc.Server (Server.java:run(1153)) - IPC Server listener on 35075: starting
2019-06-12 14:24:14,797 INFO  hdfs.DFSUtil (DFSUtil.java:httpServerTemplateForNNAndJN(1641)) - Starting Web-server for ozoneManager at: http://0.0.0.0:0
2019-06-12 14:24:14,798 INFO  server.AuthenticationFilter (AuthenticationFilter.java:constructSecretProvider(240)) - Unable to initialize FileSignerSecretProvider, falling back to use random secrets.
2019-06-12 14:24:14,798 WARN  http.HttpRequestLog (HttpRequestLog.java:getRequestLog(97)) - Jetty request log can only be enabled using Log4j
2019-06-12 14:24:14,799 INFO  http.HttpServer2 (HttpServer2.java:addGlobalFilter(975)) - Added global filter 'safety' (class=org.apache.hadoop.http.HttpServer2$QuotingInputFilter)
2019-06-12 14:24:14,800 INFO  http.HttpServer2 (HttpServer2.java:addFilter(948)) - Added filter static_user_filter (class=org.apache.hadoop.http.lib.StaticUserWebFilter$StaticUserFilter) to context ozoneManager
2019-06-12 14:24:14,800 INFO  http.HttpServer2 (HttpServer2.java:addFilter(958)) - Added filter static_user_filter (class=org.apache.hadoop.http.lib.StaticUserWebFilter$StaticUserFilter) to context static
2019-06-12 14:24:14,800 INFO  http.HttpServer2 (HttpServer2.java:addFilter(958)) - Added filter static_user_filter (class=org.apache.hadoop.http.lib.StaticUserWebFilter$StaticUserFilter) to context logs
2019-06-12 14:24:14,800 INFO  http.HttpServer2 (HttpServer2.java:bindListener(1191)) - Jetty bound to port 41507
2019-06-12 14:24:14,800 INFO  server.Server (Server.java:doStart(351)) - jetty-9.3.24.v20180605, build timestamp: 2018-06-05T17:11:56Z, git hash: 84205aa28f11a4f31f2a3b86d1bba2cc8ab69827
2019-06-12 14:24:14,802 INFO  handler.ContextHandler (ContextHandler.java:doStart(781)) - Started o.e.j.s.ServletContextHandler@68360fb9{/logs,file:///opt/src/hadoop-ozone/integration-test/target/log,AVAILABLE}
2019-06-12 14:24:14,803 INFO  handler.ContextHandler (ContextHandler.java:doStart(781)) - Started o.e.j.s.ServletContextHandler@67b3960b{/static,file:///opt/src/hadoop-ozone/integration-test/target/test-classes/webapps/static,AVAILABLE}
2019-06-12 14:24:14,805 INFO  handler.ContextHandler (ContextHandler.java:doStart(781)) - Started o.e.j.w.WebAppContext@2211e731{/,file:///opt/src/hadoop-ozone/integration-test/target/test-classes/webapps/ozoneManager/,AVAILABLE}{/ozoneManager}
2019-06-12 14:24:14,806 INFO  server.AbstractConnector (AbstractConnector.java:doStart(278)) - Started ServerConnector@73e399cc{HTTP/1.1,[http/1.1]}{0.0.0.0:41507}
2019-06-12 14:24:14,807 INFO  server.Server (Server.java:doStart(419)) - Started @41802ms
2019-06-12 14:24:14,807 INFO  server.BaseHttpServer (BaseHttpServer.java:updateConnectorAddress(207)) - HTTP server of OZONEMANAGER is listening at http://0.0.0.0:41507
2019-06-12 14:24:14,817 INFO  impl.MetricsSystemImpl (MetricsSystemImpl.java:init(158)) - HddsDatanode metrics system started (again)
2019-06-12 14:24:14,817 INFO  ozone.HddsDatanodeService (HddsDatanodeService.java:start(185)) - HddsDatanodeService host:ozone-vl7jm-4166937383 ip:192.168.134.127
2019-06-12 14:24:14,821 INFO  volume.HddsVolume (HddsVolume.java:<init>(176)) - Creating Volume: /opt/src/hadoop-ozone/integration-test/target/test-dir/MiniOzoneClusterImpl-7ceb2083-6c20-4223-baad-80db9c066544/datanode-0/data/containers/hdds of  storage type : DISK and capacity : 104021790720
2019-06-12 14:24:14,821 INFO  volume.VolumeSet (VolumeSet.java:initializeVolumeSet(170)) - Added Volume : /opt/src/hadoop-ozone/integration-test/target/test-dir/MiniOzoneClusterImpl-7ceb2083-6c20-4223-baad-80db9c066544/datanode-0/data/containers/hdds to VolumeSet
2019-06-12 14:24:14,821 INFO  volume.ThrottledAsyncChecker (ThrottledAsyncChecker.java:schedule(140)) - Scheduling a check for org.apache.hadoop.ozone.container.common.volume.HddsVolume@28cf179c
2019-06-12 14:24:14,822 INFO  volume.HddsVolumeChecker (HddsVolumeChecker.java:checkAllVolumes(203)) - Scheduled health check for volume org.apache.hadoop.ozone.container.common.volume.HddsVolume@28cf179c
2019-06-12 14:24:14,831 INFO  ratis.XceiverServerRatis (XceiverServerRatis.java:newXceiverServerRatis(401)) - Found a free port for the server : 35231
2019-06-12 14:24:14,832 INFO  impl.RaftServerProxy (ConfUtils.java:logGet(43)) - raft.rpc.type = GRPC (default)
2019-06-12 14:24:14,832 INFO  grpc.GrpcConfigKeys$Server (ConfUtils.java:logGet(43)) - raft.grpc.server.port = 35231 (custom)
2019-06-12 14:24:14,833 INFO  server.GrpcService (ConfUtils.java:logGet(43)) - raft.grpc.message.size.max = 33570816 (custom)
2019-06-12 14:24:14,833 INFO  server.RaftServerConfigKeys (ConfUtils.java:logGet(43)) - raft.server.log.appender.buffer.byte-limit = 33554432 (custom)
2019-06-12 14:24:14,833 INFO  server.GrpcService (ConfUtils.java:logGet(43)) - raft.grpc.flow.control.window = 1MB (=1048576) (default)
2019-06-12 14:24:14,833 INFO  server.RaftServerConfigKeys (ConfUtils.java:logGet(43)) - raft.server.rpc.request.timeout = 3000ms (default)
2019-06-12 14:24:14,834 INFO  server.RaftServerConfigKeys (ConfUtils.java:logGet(43)) - raft.server.storage.dir = [/opt/src/hadoop-ozone/integration-test/target/test-dir/MiniOzoneClusterImpl-7ceb2083-6c20-4223-baad-80db9c066544/datanode-0/data/ratis] (custom)
2019-06-12 14:24:14,834 INFO  server.XceiverServerGrpc (XceiverServerGrpc.java:<init>(97)) - Found a free port for the server : 40109
2019-06-12 14:24:14,834 INFO  replication.SimpleContainerDownloader (SimpleContainerDownloader.java:<init>(72)) - Starting container downloader service to copy containers to replicate.
2019-06-12 14:24:14,835 INFO  hdfs.DFSUtil (DFSUtil.java:httpServerTemplateForNNAndJN(1641)) - Starting Web-server for hddsDatanode at: http://0.0.0.0:0
2019-06-12 14:24:14,836 INFO  server.AuthenticationFilter (AuthenticationFilter.java:constructSecretProvider(240)) - Unable to initialize FileSignerSecretProvider, falling back to use random secrets.
2019-06-12 14:24:14,836 WARN  http.HttpRequestLog (HttpRequestLog.java:getRequestLog(97)) - Jetty request log can only be enabled using Log4j
2019-06-12 14:24:14,837 INFO  http.HttpServer2 (HttpServer2.java:addGlobalFilter(975)) - Added global filter 'safety' (class=org.apache.hadoop.http.HttpServer2$QuotingInputFilter)
2019-06-12 14:24:14,837 INFO  http.HttpServer2 (HttpServer2.java:addFilter(948)) - Added filter static_user_filter (class=org.apache.hadoop.http.lib.StaticUserWebFilter$StaticUserFilter) to context hddsDatanode
2019-06-12 14:24:14,837 INFO  http.HttpServer2 (HttpServer2.java:addFilter(958)) - Added filter static_user_filter (class=org.apache.hadoop.http.lib.StaticUserWebFilter$StaticUserFilter) to context logs
2019-06-12 14:24:14,838 INFO  http.HttpServer2 (HttpServer2.java:addFilter(958)) - Added filter static_user_filter (class=org.apache.hadoop.http.lib.StaticUserWebFilter$StaticUserFilter) to context static
2019-06-12 14:24:14,838 INFO  http.HttpServer2 (HttpServer2.java:bindListener(1191)) - Jetty bound to port 36017
2019-06-12 14:24:14,838 INFO  server.Server (Server.java:doStart(351)) - jetty-9.3.24.v20180605, build timestamp: 2018-06-05T17:11:56Z, git hash: 84205aa28f11a4f31f2a3b86d1bba2cc8ab69827
2019-06-12 14:24:14,843 INFO  handler.ContextHandler (ContextHandler.java:doStart(781)) - Started o.e.j.s.ServletContextHandler@b5ff70b{/logs,file:///opt/src/hadoop-ozone/integration-test/target/log,AVAILABLE}
2019-06-12 14:24:14,844 INFO  handler.ContextHandler (ContextHandler.java:doStart(781)) - Started o.e.j.s.ServletContextHandler@114badf0{/static,jar:file:/root/.m2/repository/org/apache/hadoop/hadoop-hdds-container-service/0.5.0-SNAPSHOT/hadoop-hdds-container-service-0.5.0-SNAPSHOT.jar!/webapps/static,AVAILABLE}
2019-06-12 14:24:14,872 INFO  handler.ContextHandler (ContextHandler.java:doStart(781)) - Started o.e.j.w.WebAppContext@6ffdbeef{/,file:///tmp/jetty-0.0.0.0-36017-hddsDatanode-_-any-543434283565455661.dir/webapp/,AVAILABLE}{/hddsDatanode}
2019-06-12 14:24:14,872 INFO  server.AbstractConnector (AbstractConnector.java:doStart(278)) - Started ServerConnector@4a3509b0{HTTP/1.1,[http/1.1]}{0.0.0.0:36017}
2019-06-12 14:24:14,873 INFO  server.Server (Server.java:doStart(419)) - Started @41869ms
2019-06-12 14:24:14,874 INFO  server.BaseHttpServer (BaseHttpServer.java:updateConnectorAddress(207)) - HTTP server of HDDSDATANODE is listening at http://0.0.0.0:36017
2019-06-12 14:24:15,027 INFO  ozone.HddsDatanodeService (HddsDatanodeService.java:startPlugins(396)) - Started plug-in org.apache.hadoop.ozone.web.OzoneHddsDatanodeService@647af13d
2019-06-12 14:24:15,028 INFO  impl.MetricsSystemImpl (MetricsSystemImpl.java:init(158)) - HddsDatanode metrics system started (again)
2019-06-12 14:24:15,028 INFO  ozone.HddsDatanodeService (HddsDatanodeService.java:start(185)) - HddsDatanodeService host:ozone-vl7jm-4166937383 ip:192.168.134.127
2019-06-12 14:24:15,040 INFO  util.JvmPauseMonitor (JvmPauseMonitor.java:run(188)) - Starting JVM pause monitor
2019-06-12 14:24:15,042 INFO  volume.HddsVolume (HddsVolume.java:<init>(176)) - Creating Volume: /opt/src/hadoop-ozone/integration-test/target/test-dir/MiniOzoneClusterImpl-7ceb2083-6c20-4223-baad-80db9c066544/datanode-1/data/containers/hdds of  storage type : DISK and capacity : 104021790720
2019-06-12 14:24:15,042 INFO  volume.VolumeSet (VolumeSet.java:initializeVolumeSet(170)) - Added Volume : /opt/src/hadoop-ozone/integration-test/target/test-dir/MiniOzoneClusterImpl-7ceb2083-6c20-4223-baad-80db9c066544/datanode-1/data/containers/hdds to VolumeSet
2019-06-12 14:24:15,042 INFO  datanode.InitDatanodeState (InitDatanodeState.java:persistContainerDatanodeDetails(140)) - DatanodeDetails is persisted to /opt/src/hadoop-ozone/integration-test/target/test-dir/MiniOzoneClusterImpl-7ceb2083-6c20-4223-baad-80db9c066544/datanode-0/meta/datanode.id
2019-06-12 14:24:15,042 INFO  volume.ThrottledAsyncChecker (ThrottledAsyncChecker.java:schedule(140)) - Scheduling a check for org.apache.hadoop.ozone.container.common.volume.HddsVolume@3134b261
2019-06-12 14:24:15,043 INFO  volume.HddsVolumeChecker (HddsVolumeChecker.java:checkAllVolumes(203)) - Scheduled health check for volume org.apache.hadoop.ozone.container.common.volume.HddsVolume@3134b261
2019-06-12 14:24:15,052 INFO  ratis.XceiverServerRatis (XceiverServerRatis.java:newXceiverServerRatis(401)) - Found a free port for the server : 34801
2019-06-12 14:24:15,053 INFO  impl.RaftServerProxy (ConfUtils.java:logGet(43)) - raft.rpc.type = GRPC (default)
2019-06-12 14:24:15,053 INFO  grpc.GrpcConfigKeys$Server (ConfUtils.java:logGet(43)) - raft.grpc.server.port = 34801 (custom)
2019-06-12 14:24:15,053 INFO  server.GrpcService (ConfUtils.java:logGet(43)) - raft.grpc.message.size.max = 33570816 (custom)
2019-06-12 14:24:15,053 INFO  server.RaftServerConfigKeys (ConfUtils.java:logGet(43)) - raft.server.log.appender.buffer.byte-limit = 33554432 (custom)
2019-06-12 14:24:15,053 INFO  server.GrpcService (ConfUtils.java:logGet(43)) - raft.grpc.flow.control.window = 1MB (=1048576) (default)
2019-06-12 14:24:15,053 INFO  server.RaftServerConfigKeys (ConfUtils.java:logGet(43)) - raft.server.rpc.request.timeout = 3000ms (default)
2019-06-12 14:24:15,054 INFO  server.RaftServerConfigKeys (ConfUtils.java:logGet(43)) - raft.server.storage.dir = [/opt/src/hadoop-ozone/integration-test/target/test-dir/MiniOzoneClusterImpl-7ceb2083-6c20-4223-baad-80db9c066544/datanode-1/data/ratis] (custom)
2019-06-12 14:24:15,054 INFO  server.XceiverServerGrpc (XceiverServerGrpc.java:<init>(97)) - Found a free port for the server : 35203
2019-06-12 14:24:15,054 INFO  replication.SimpleContainerDownloader (SimpleContainerDownloader.java:<init>(72)) - Starting container downloader service to copy containers to replicate.
2019-06-12 14:24:15,055 INFO  hdfs.DFSUtil (DFSUtil.java:httpServerTemplateForNNAndJN(1641)) - Starting Web-server for hddsDatanode at: http://0.0.0.0:0
2019-06-12 14:24:15,056 INFO  server.AuthenticationFilter (AuthenticationFilter.java:constructSecretProvider(240)) - Unable to initialize FileSignerSecretProvider, falling back to use random secrets.
2019-06-12 14:24:15,057 WARN  http.HttpRequestLog (HttpRequestLog.java:getRequestLog(97)) - Jetty request log can only be enabled using Log4j
2019-06-12 14:24:15,057 INFO  http.HttpServer2 (HttpServer2.java:addGlobalFilter(975)) - Added global filter 'safety' (class=org.apache.hadoop.http.HttpServer2$QuotingInputFilter)
2019-06-12 14:24:15,058 INFO  http.HttpServer2 (HttpServer2.java:addFilter(948)) - Added filter static_user_filter (class=org.apache.hadoop.http.lib.StaticUserWebFilter$StaticUserFilter) to context hddsDatanode
2019-06-12 14:24:15,058 INFO  http.HttpServer2 (HttpServer2.java:addFilter(958)) - Added filter static_user_filter (class=org.apache.hadoop.http.lib.StaticUserWebFilter$StaticUserFilter) to context static
2019-06-12 14:24:15,058 INFO  http.HttpServer2 (HttpServer2.java:addFilter(958)) - Added filter static_user_filter (class=org.apache.hadoop.http.lib.StaticUserWebFilter$StaticUserFilter) to context logs
2019-06-12 14:24:15,058 INFO  http.HttpServer2 (HttpServer2.java:bindListener(1191)) - Jetty bound to port 33961
2019-06-12 14:24:15,059 INFO  server.Server (Server.java:doStart(351)) - jetty-9.3.24.v20180605, build timestamp: 2018-06-05T17:11:56Z, git hash: 84205aa28f11a4f31f2a3b86d1bba2cc8ab69827
2019-06-12 14:24:15,060 INFO  handler.ContextHandler (ContextHandler.java:doStart(781)) - Started o.e.j.s.ServletContextHandler@1dd247b{/logs,file:///opt/src/hadoop-ozone/integration-test/target/log,AVAILABLE}
2019-06-12 14:24:15,060 INFO  handler.ContextHandler (ContextHandler.java:doStart(781)) - Started o.e.j.s.ServletContextHandler@7f64bd7{/static,jar:file:/root/.m2/repository/org/apache/hadoop/hadoop-hdds-container-service/0.5.0-SNAPSHOT/hadoop-hdds-container-service-0.5.0-SNAPSHOT.jar!/webapps/static,AVAILABLE}
2019-06-12 14:24:15,082 INFO  handler.ContextHandler (ContextHandler.java:doStart(781)) - Started o.e.j.w.WebAppContext@2ba318c2{/,file:///tmp/jetty-0.0.0.0-33961-hddsDatanode-_-any-6069316695919139765.dir/webapp/,AVAILABLE}{/hddsDatanode}
2019-06-12 14:24:15,083 INFO  server.AbstractConnector (AbstractConnector.java:doStart(278)) - Started ServerConnector@231d3ce{HTTP/1.1,[http/1.1]}{0.0.0.0:33961}
2019-06-12 14:24:15,083 INFO  server.Server (Server.java:doStart(419)) - Started @42079ms
2019-06-12 14:24:15,084 INFO  server.BaseHttpServer (BaseHttpServer.java:updateConnectorAddress(207)) - HTTP server of HDDSDATANODE is listening at http://0.0.0.0:33961
2019-06-12 14:24:15,196 INFO  ozone.HddsDatanodeService (HddsDatanodeService.java:startPlugins(396)) - Started plug-in org.apache.hadoop.ozone.web.OzoneHddsDatanodeService@155c7eae
2019-06-12 14:24:15,198 INFO  impl.MetricsSystemImpl (MetricsSystemImpl.java:init(158)) - HddsDatanode metrics system started (again)
2019-06-12 14:24:15,198 INFO  ozone.HddsDatanodeService (HddsDatanodeService.java:start(185)) - HddsDatanodeService host:ozone-vl7jm-4166937383 ip:192.168.134.127
2019-06-12 14:24:15,207 INFO  util.JvmPauseMonitor (JvmPauseMonitor.java:run(188)) - Starting JVM pause monitor
2019-06-12 14:24:15,208 INFO  datanode.InitDatanodeState (InitDatanodeState.java:persistContainerDatanodeDetails(140)) - DatanodeDetails is persisted to /opt/src/hadoop-ozone/integration-test/target/test-dir/MiniOzoneClusterImpl-7ceb2083-6c20-4223-baad-80db9c066544/datanode-1/meta/datanode.id
2019-06-12 14:24:15,209 INFO  volume.HddsVolume (HddsVolume.java:<init>(176)) - Creating Volume: /opt/src/hadoop-ozone/integration-test/target/test-dir/MiniOzoneClusterImpl-7ceb2083-6c20-4223-baad-80db9c066544/datanode-2/data/containers/hdds of  storage type : DISK and capacity : 104021790720
2019-06-12 14:24:15,209 INFO  volume.VolumeSet (VolumeSet.java:initializeVolumeSet(170)) - Added Volume : /opt/src/hadoop-ozone/integration-test/target/test-dir/MiniOzoneClusterImpl-7ceb2083-6c20-4223-baad-80db9c066544/datanode-2/data/containers/hdds to VolumeSet
2019-06-12 14:24:15,210 INFO  volume.ThrottledAsyncChecker (ThrottledAsyncChecker.java:schedule(140)) - Scheduling a check for org.apache.hadoop.ozone.container.common.volume.HddsVolume@c29b0dc
2019-06-12 14:24:15,213 INFO  volume.HddsVolumeChecker (HddsVolumeChecker.java:checkAllVolumes(203)) - Scheduled health check for volume org.apache.hadoop.ozone.container.common.volume.HddsVolume@c29b0dc
2019-06-12 14:24:15,222 INFO  ratis.XceiverServerRatis (XceiverServerRatis.java:newXceiverServerRatis(401)) - Found a free port for the server : 38045
2019-06-12 14:24:15,222 INFO  impl.RaftServerProxy (ConfUtils.java:logGet(43)) - raft.rpc.type = GRPC (default)
2019-06-12 14:24:15,223 INFO  grpc.GrpcConfigKeys$Server (ConfUtils.java:logGet(43)) - raft.grpc.server.port = 38045 (custom)
2019-06-12 14:24:15,223 INFO  server.GrpcService (ConfUtils.java:logGet(43)) - raft.grpc.message.size.max = 33570816 (custom)
2019-06-12 14:24:15,223 INFO  server.RaftServerConfigKeys (ConfUtils.java:logGet(43)) - raft.server.log.appender.buffer.byte-limit = 33554432 (custom)
2019-06-12 14:24:15,223 INFO  server.GrpcService (ConfUtils.java:logGet(43)) - raft.grpc.flow.control.window = 1MB (=1048576) (default)
2019-06-12 14:24:15,223 INFO  server.RaftServerConfigKeys (ConfUtils.java:logGet(43)) - raft.server.rpc.request.timeout = 3000ms (default)
2019-06-12 14:24:15,224 INFO  server.RaftServerConfigKeys (ConfUtils.java:logGet(43)) - raft.server.storage.dir = [/opt/src/hadoop-ozone/integration-test/target/test-dir/MiniOzoneClusterImpl-7ceb2083-6c20-4223-baad-80db9c066544/datanode-2/data/ratis] (custom)
2019-06-12 14:24:15,224 INFO  server.XceiverServerGrpc (XceiverServerGrpc.java:<init>(97)) - Found a free port for the server : 45655
2019-06-12 14:24:15,224 INFO  replication.SimpleContainerDownloader (SimpleContainerDownloader.java:<init>(72)) - Starting container downloader service to copy containers to replicate.
2019-06-12 14:24:15,226 INFO  hdfs.DFSUtil (DFSUtil.java:httpServerTemplateForNNAndJN(1641)) - Starting Web-server for hddsDatanode at: http://0.0.0.0:0
2019-06-12 14:24:15,227 INFO  server.AuthenticationFilter (AuthenticationFilter.java:constructSecretProvider(240)) - Unable to initialize FileSignerSecretProvider, falling back to use random secrets.
2019-06-12 14:24:15,227 WARN  http.HttpRequestLog (HttpRequestLog.java:getRequestLog(97)) - Jetty request log can only be enabled using Log4j
2019-06-12 14:24:15,228 INFO  http.HttpServer2 (HttpServer2.java:addGlobalFilter(975)) - Added global filter 'safety' (class=org.apache.hadoop.http.HttpServer2$QuotingInputFilter)
2019-06-12 14:24:15,228 INFO  http.HttpServer2 (HttpServer2.java:addFilter(948)) - Added filter static_user_filter (class=org.apache.hadoop.http.lib.StaticUserWebFilter$StaticUserFilter) to context hddsDatanode
2019-06-12 14:24:15,229 INFO  http.HttpServer2 (HttpServer2.java:addFilter(958)) - Added filter static_user_filter (class=org.apache.hadoop.http.lib.StaticUserWebFilter$StaticUserFilter) to context static
2019-06-12 14:24:15,229 INFO  http.HttpServer2 (HttpServer2.java:addFilter(958)) - Added filter static_user_filter (class=org.apache.hadoop.http.lib.StaticUserWebFilter$StaticUserFilter) to context logs
2019-06-12 14:24:15,229 INFO  http.HttpServer2 (HttpServer2.java:bindListener(1191)) - Jetty bound to port 42345
2019-06-12 14:24:15,229 INFO  server.Server (Server.java:doStart(351)) - jetty-9.3.24.v20180605, build timestamp: 2018-06-05T17:11:56Z, git hash: 84205aa28f11a4f31f2a3b86d1bba2cc8ab69827
2019-06-12 14:24:15,230 INFO  handler.ContextHandler (ContextHandler.java:doStart(781)) - Started o.e.j.s.ServletContextHandler@26feccf7{/logs,file:///opt/src/hadoop-ozone/integration-test/target/log,AVAILABLE}
2019-06-12 14:24:15,231 INFO  handler.ContextHandler (ContextHandler.java:doStart(781)) - Started o.e.j.s.ServletContextHandler@3831f4c2{/static,jar:file:/root/.m2/repository/org/apache/hadoop/hadoop-hdds-container-service/0.5.0-SNAPSHOT/hadoop-hdds-container-service-0.5.0-SNAPSHOT.jar!/webapps/static,AVAILABLE}
2019-06-12 14:24:15,250 INFO  handler.ContextHandler (ContextHandler.java:doStart(781)) - Started o.e.j.w.WebAppContext@694b1ddb{/,file:///tmp/jetty-0.0.0.0-42345-hddsDatanode-_-any-8146612806309609581.dir/webapp/,AVAILABLE}{/hddsDatanode}
2019-06-12 14:24:15,251 INFO  server.AbstractConnector (AbstractConnector.java:doStart(278)) - Started ServerConnector@5690c2a8{HTTP/1.1,[http/1.1]}{0.0.0.0:42345}
2019-06-12 14:24:15,251 INFO  server.Server (Server.java:doStart(419)) - Started @42246ms
2019-06-12 14:24:15,252 INFO  server.BaseHttpServer (BaseHttpServer.java:updateConnectorAddress(207)) - HTTP server of HDDSDATANODE is listening at http://0.0.0.0:42345
2019-06-12 14:24:15,333 INFO  ozone.HddsDatanodeService (HddsDatanodeService.java:startPlugins(396)) - Started plug-in org.apache.hadoop.ozone.web.OzoneHddsDatanodeService@581e8969
2019-06-12 14:24:15,334 INFO  impl.MetricsSystemImpl (MetricsSystemImpl.java:init(158)) - HddsDatanode metrics system started (again)
2019-06-12 14:24:15,334 INFO  ozone.HddsDatanodeService (HddsDatanodeService.java:start(185)) - HddsDatanodeService host:ozone-vl7jm-4166937383 ip:192.168.134.127
2019-06-12 14:24:15,338 INFO  util.JvmPauseMonitor (JvmPauseMonitor.java:run(188)) - Starting JVM pause monitor
2019-06-12 14:24:15,339 INFO  volume.HddsVolume (HddsVolume.java:<init>(176)) - Creating Volume: /opt/src/hadoop-ozone/integration-test/target/test-dir/MiniOzoneClusterImpl-7ceb2083-6c20-4223-baad-80db9c066544/datanode-3/data/containers/hdds of  storage type : DISK and capacity : 104021790720
2019-06-12 14:24:15,339 INFO  volume.VolumeSet (VolumeSet.java:initializeVolumeSet(170)) - Added Volume : /opt/src/hadoop-ozone/integration-test/target/test-dir/MiniOzoneClusterImpl-7ceb2083-6c20-4223-baad-80db9c066544/datanode-3/data/containers/hdds to VolumeSet
2019-06-12 14:24:15,340 INFO  volume.ThrottledAsyncChecker (ThrottledAsyncChecker.java:schedule(140)) - Scheduling a check for org.apache.hadoop.ozone.container.common.volume.HddsVolume@19fc0ef7
2019-06-12 14:24:15,340 INFO  datanode.InitDatanodeState (InitDatanodeState.java:persistContainerDatanodeDetails(140)) - DatanodeDetails is persisted to /opt/src/hadoop-ozone/integration-test/target/test-dir/MiniOzoneClusterImpl-7ceb2083-6c20-4223-baad-80db9c066544/datanode-2/meta/datanode.id
2019-06-12 14:24:15,341 INFO  volume.HddsVolumeChecker (HddsVolumeChecker.java:checkAllVolumes(203)) - Scheduled health check for volume org.apache.hadoop.ozone.container.common.volume.HddsVolume@19fc0ef7
2019-06-12 14:24:15,349 INFO  ratis.XceiverServerRatis (XceiverServerRatis.java:newXceiverServerRatis(401)) - Found a free port for the server : 43857
2019-06-12 14:24:15,352 INFO  impl.RaftServerProxy (ConfUtils.java:logGet(43)) - raft.rpc.type = GRPC (default)
2019-06-12 14:24:15,353 INFO  grpc.GrpcConfigKeys$Server (ConfUtils.java:logGet(43)) - raft.grpc.server.port = 43857 (custom)
2019-06-12 14:24:15,353 INFO  server.GrpcService (ConfUtils.java:logGet(43)) - raft.grpc.message.size.max = 33570816 (custom)
2019-06-12 14:24:15,353 INFO  server.RaftServerConfigKeys (ConfUtils.java:logGet(43)) - raft.server.log.appender.buffer.byte-limit = 33554432 (custom)
2019-06-12 14:24:15,353 INFO  server.GrpcService (ConfUtils.java:logGet(43)) - raft.grpc.flow.control.window = 1MB (=1048576) (default)
2019-06-12 14:24:15,354 INFO  server.RaftServerConfigKeys (ConfUtils.java:logGet(43)) - raft.server.rpc.request.timeout = 3000ms (default)
2019-06-12 14:24:15,354 INFO  server.RaftServerConfigKeys (ConfUtils.java:logGet(43)) - raft.server.storage.dir = [/opt/src/hadoop-ozone/integration-test/target/test-dir/MiniOzoneClusterImpl-7ceb2083-6c20-4223-baad-80db9c066544/datanode-3/data/ratis] (custom)
2019-06-12 14:24:15,354 INFO  server.XceiverServerGrpc (XceiverServerGrpc.java:<init>(97)) - Found a free port for the server : 36899
2019-06-12 14:24:15,355 INFO  replication.SimpleContainerDownloader (SimpleContainerDownloader.java:<init>(72)) - Starting container downloader service to copy containers to replicate.
2019-06-12 14:24:15,356 INFO  hdfs.DFSUtil (DFSUtil.java:httpServerTemplateForNNAndJN(1641)) - Starting Web-server for hddsDatanode at: http://0.0.0.0:0
2019-06-12 14:24:15,360 INFO  server.AuthenticationFilter (AuthenticationFilter.java:constructSecretProvider(240)) - Unable to initialize FileSignerSecretProvider, falling back to use random secrets.
2019-06-12 14:24:15,360 WARN  http.HttpRequestLog (HttpRequestLog.java:getRequestLog(97)) - Jetty request log can only be enabled using Log4j
2019-06-12 14:24:15,361 INFO  http.HttpServer2 (HttpServer2.java:addGlobalFilter(975)) - Added global filter 'safety' (class=org.apache.hadoop.http.HttpServer2$QuotingInputFilter)
2019-06-12 14:24:15,362 INFO  http.HttpServer2 (HttpServer2.java:addFilter(948)) - Added filter static_user_filter (class=org.apache.hadoop.http.lib.StaticUserWebFilter$StaticUserFilter) to context hddsDatanode
2019-06-12 14:24:15,362 INFO  http.HttpServer2 (HttpServer2.java:addFilter(958)) - Added filter static_user_filter (class=org.apache.hadoop.http.lib.StaticUserWebFilter$StaticUserFilter) to context logs
2019-06-12 14:24:15,362 INFO  http.HttpServer2 (HttpServer2.java:addFilter(958)) - Added filter static_user_filter (class=org.apache.hadoop.http.lib.StaticUserWebFilter$StaticUserFilter) to context static
2019-06-12 14:24:15,363 INFO  http.HttpServer2 (HttpServer2.java:bindListener(1191)) - Jetty bound to port 33457
2019-06-12 14:24:15,363 INFO  server.Server (Server.java:doStart(351)) - jetty-9.3.24.v20180605, build timestamp: 2018-06-05T17:11:56Z, git hash: 84205aa28f11a4f31f2a3b86d1bba2cc8ab69827
2019-06-12 14:24:15,365 INFO  handler.ContextHandler (ContextHandler.java:doStart(781)) - Started o.e.j.s.ServletContextHandler@641bc9a8{/logs,file:///opt/src/hadoop-ozone/integration-test/target/log,AVAILABLE}
2019-06-12 14:24:15,365 INFO  handler.ContextHandler (ContextHandler.java:doStart(781)) - Started o.e.j.s.ServletContextHandler@20960b51{/static,jar:file:/root/.m2/repository/org/apache/hadoop/hadoop-hdds-container-service/0.5.0-SNAPSHOT/hadoop-hdds-container-service-0.5.0-SNAPSHOT.jar!/webapps/static,AVAILABLE}
2019-06-12 14:24:15,389 INFO  handler.ContextHandler (ContextHandler.java:doStart(781)) - Started o.e.j.w.WebAppContext@48751d8a{/,file:///tmp/jetty-0.0.0.0-33457-hddsDatanode-_-any-6441487409323218707.dir/webapp/,AVAILABLE}{/hddsDatanode}
2019-06-12 14:24:15,390 INFO  server.AbstractConnector (AbstractConnector.java:doStart(278)) - Started ServerConnector@471a9e8c{HTTP/1.1,[http/1.1]}{0.0.0.0:33457}
2019-06-12 14:24:15,391 INFO  server.Server (Server.java:doStart(419)) - Started @42387ms
2019-06-12 14:24:15,392 INFO  server.BaseHttpServer (BaseHttpServer.java:updateConnectorAddress(207)) - HTTP server of HDDSDATANODE is listening at http://0.0.0.0:33457
2019-06-12 14:24:15,472 INFO  ozone.HddsDatanodeService (HddsDatanodeService.java:startPlugins(396)) - Started plug-in org.apache.hadoop.ozone.web.OzoneHddsDatanodeService@66048c9e
2019-06-12 14:24:15,472 INFO  impl.MetricsSystemImpl (MetricsSystemImpl.java:init(158)) - HddsDatanode metrics system started (again)
2019-06-12 14:24:15,473 INFO  ozone.HddsDatanodeService (HddsDatanodeService.java:start(185)) - HddsDatanodeService host:ozone-vl7jm-4166937383 ip:192.168.134.127
2019-06-12 14:24:15,474 INFO  util.JvmPauseMonitor (JvmPauseMonitor.java:run(188)) - Starting JVM pause monitor
2019-06-12 14:24:15,475 INFO  datanode.InitDatanodeState (InitDatanodeState.java:persistContainerDatanodeDetails(140)) - DatanodeDetails is persisted to /opt/src/hadoop-ozone/integration-test/target/test-dir/MiniOzoneClusterImpl-7ceb2083-6c20-4223-baad-80db9c066544/datanode-3/meta/datanode.id
2019-06-12 14:24:15,479 INFO  volume.HddsVolume (HddsVolume.java:<init>(176)) - Creating Volume: /opt/src/hadoop-ozone/integration-test/target/test-dir/MiniOzoneClusterImpl-7ceb2083-6c20-4223-baad-80db9c066544/datanode-4/data/containers/hdds of  storage type : DISK and capacity : 104021790720
2019-06-12 14:24:15,479 INFO  volume.VolumeSet (VolumeSet.java:initializeVolumeSet(170)) - Added Volume : /opt/src/hadoop-ozone/integration-test/target/test-dir/MiniOzoneClusterImpl-7ceb2083-6c20-4223-baad-80db9c066544/datanode-4/data/containers/hdds to VolumeSet
2019-06-12 14:24:15,479 INFO  volume.ThrottledAsyncChecker (ThrottledAsyncChecker.java:schedule(140)) - Scheduling a check for org.apache.hadoop.ozone.container.common.volume.HddsVolume@64a8d575
2019-06-12 14:24:15,482 INFO  volume.HddsVolumeChecker (HddsVolumeChecker.java:checkAllVolumes(203)) - Scheduled health check for volume org.apache.hadoop.ozone.container.common.volume.HddsVolume@64a8d575
2019-06-12 14:24:15,490 INFO  ratis.XceiverServerRatis (XceiverServerRatis.java:newXceiverServerRatis(401)) - Found a free port for the server : 33287
2019-06-12 14:24:15,491 INFO  impl.RaftServerProxy (ConfUtils.java:logGet(43)) - raft.rpc.type = GRPC (default)
2019-06-12 14:24:15,491 INFO  grpc.GrpcConfigKeys$Server (ConfUtils.java:logGet(43)) - raft.grpc.server.port = 33287 (custom)
2019-06-12 14:24:15,492 INFO  server.GrpcService (ConfUtils.java:logGet(43)) - raft.grpc.message.size.max = 33570816 (custom)
2019-06-12 14:24:15,492 INFO  server.RaftServerConfigKeys (ConfUtils.java:logGet(43)) - raft.server.log.appender.buffer.byte-limit = 33554432 (custom)
2019-06-12 14:24:15,492 INFO  server.GrpcService (ConfUtils.java:logGet(43)) - raft.grpc.flow.control.window = 1MB (=1048576) (default)
2019-06-12 14:24:15,492 INFO  server.RaftServerConfigKeys (ConfUtils.java:logGet(43)) - raft.server.rpc.request.timeout = 3000ms (default)
2019-06-12 14:24:15,493 INFO  server.RaftServerConfigKeys (ConfUtils.java:logGet(43)) - raft.server.storage.dir = [/opt/src/hadoop-ozone/integration-test/target/test-dir/MiniOzoneClusterImpl-7ceb2083-6c20-4223-baad-80db9c066544/datanode-4/data/ratis] (custom)
2019-06-12 14:24:15,493 INFO  server.XceiverServerGrpc (XceiverServerGrpc.java:<init>(97)) - Found a free port for the server : 35237
2019-06-12 14:24:15,493 INFO  replication.SimpleContainerDownloader (SimpleContainerDownloader.java:<init>(72)) - Starting container downloader service to copy containers to replicate.
2019-06-12 14:24:15,495 INFO  hdfs.DFSUtil (DFSUtil.java:httpServerTemplateForNNAndJN(1641)) - Starting Web-server for hddsDatanode at: http://0.0.0.0:0
2019-06-12 14:24:15,496 INFO  server.AuthenticationFilter (AuthenticationFilter.java:constructSecretProvider(240)) - Unable to initialize FileSignerSecretProvider, falling back to use random secrets.
2019-06-12 14:24:15,497 WARN  http.HttpRequestLog (HttpRequestLog.java:getRequestLog(97)) - Jetty request log can only be enabled using Log4j
2019-06-12 14:24:15,498 INFO  http.HttpServer2 (HttpServer2.java:addGlobalFilter(975)) - Added global filter 'safety' (class=org.apache.hadoop.http.HttpServer2$QuotingInputFilter)
2019-06-12 14:24:15,498 INFO  http.HttpServer2 (HttpServer2.java:addFilter(948)) - Added filter static_user_filter (class=org.apache.hadoop.http.lib.StaticUserWebFilter$StaticUserFilter) to context hddsDatanode
2019-06-12 14:24:15,498 INFO  http.HttpServer2 (HttpServer2.java:addFilter(958)) - Added filter static_user_filter (class=org.apache.hadoop.http.lib.StaticUserWebFilter$StaticUserFilter) to context logs
2019-06-12 14:24:15,498 INFO  http.HttpServer2 (HttpServer2.java:addFilter(958)) - Added filter static_user_filter (class=org.apache.hadoop.http.lib.StaticUserWebFilter$StaticUserFilter) to context static
2019-06-12 14:24:15,499 INFO  http.HttpServer2 (HttpServer2.java:bindListener(1191)) - Jetty bound to port 41865
2019-06-12 14:24:15,499 INFO  server.Server (Server.java:doStart(351)) - jetty-9.3.24.v20180605, build timestamp: 2018-06-05T17:11:56Z, git hash: 84205aa28f11a4f31f2a3b86d1bba2cc8ab69827
2019-06-12 14:24:15,500 INFO  handler.ContextHandler (ContextHandler.java:doStart(781)) - Started o.e.j.s.ServletContextHandler@4e1b5532{/logs,file:///opt/src/hadoop-ozone/integration-test/target/log,AVAILABLE}
2019-06-12 14:24:15,501 INFO  handler.ContextHandler (ContextHandler.java:doStart(781)) - Started o.e.j.s.ServletContextHandler@4b5cdd07{/static,jar:file:/root/.m2/repository/org/apache/hadoop/hadoop-hdds-container-service/0.5.0-SNAPSHOT/hadoop-hdds-container-service-0.5.0-SNAPSHOT.jar!/webapps/static,AVAILABLE}
2019-06-12 14:24:15,529 INFO  handler.ContextHandler (ContextHandler.java:doStart(781)) - Started o.e.j.w.WebAppContext@70df41f9{/,file:///tmp/jetty-0.0.0.0-41865-hddsDatanode-_-any-3411093300777374603.dir/webapp/,AVAILABLE}{/hddsDatanode}
2019-06-12 14:24:15,530 INFO  server.AbstractConnector (AbstractConnector.java:doStart(278)) - Started ServerConnector@64a7ad02{HTTP/1.1,[http/1.1]}{0.0.0.0:41865}
2019-06-12 14:24:15,530 INFO  server.Server (Server.java:doStart(419)) - Started @42526ms
2019-06-12 14:24:15,531 INFO  server.BaseHttpServer (BaseHttpServer.java:updateConnectorAddress(207)) - HTTP server of HDDSDATANODE is listening at http://0.0.0.0:41865
2019-06-12 14:24:15,652 INFO  ozone.HddsDatanodeService (HddsDatanodeService.java:startPlugins(396)) - Started plug-in org.apache.hadoop.ozone.web.OzoneHddsDatanodeService@4745bcc6
2019-06-12 14:24:15,652 INFO  impl.MetricsSystemImpl (MetricsSystemImpl.java:init(158)) - HddsDatanode metrics system started (again)
2019-06-12 14:24:15,653 INFO  ozone.HddsDatanodeService (HddsDatanodeService.java:start(185)) - HddsDatanodeService host:ozone-vl7jm-4166937383 ip:192.168.134.127
2019-06-12 14:24:15,653 INFO  util.JvmPauseMonitor (JvmPauseMonitor.java:run(188)) - Starting JVM pause monitor
2019-06-12 14:24:15,654 INFO  datanode.InitDatanodeState (InitDatanodeState.java:persistContainerDatanodeDetails(140)) - DatanodeDetails is persisted to /opt/src/hadoop-ozone/integration-test/target/test-dir/MiniOzoneClusterImpl-7ceb2083-6c20-4223-baad-80db9c066544/datanode-4/meta/datanode.id
2019-06-12 14:24:15,659 INFO  volume.HddsVolume (HddsVolume.java:<init>(176)) - Creating Volume: /opt/src/hadoop-ozone/integration-test/target/test-dir/MiniOzoneClusterImpl-7ceb2083-6c20-4223-baad-80db9c066544/datanode-5/data/containers/hdds of  storage type : DISK and capacity : 104021790720
2019-06-12 14:24:15,659 INFO  volume.VolumeSet (VolumeSet.java:initializeVolumeSet(170)) - Added Volume : /opt/src/hadoop-ozone/integration-test/target/test-dir/MiniOzoneClusterImpl-7ceb2083-6c20-4223-baad-80db9c066544/datanode-5/data/containers/hdds to VolumeSet
2019-06-12 14:24:15,659 INFO  volume.ThrottledAsyncChecker (ThrottledAsyncChecker.java:schedule(140)) - Scheduling a check for org.apache.hadoop.ozone.container.common.volume.HddsVolume@5274830e
2019-06-12 14:24:15,661 INFO  volume.HddsVolumeChecker (HddsVolumeChecker.java:checkAllVolumes(203)) - Scheduled health check for volume org.apache.hadoop.ozone.container.common.volume.HddsVolume@5274830e
2019-06-12 14:24:15,669 INFO  ratis.XceiverServerRatis (XceiverServerRatis.java:newXceiverServerRatis(401)) - Found a free port for the server : 36189
2019-06-12 14:24:15,670 INFO  impl.RaftServerProxy (ConfUtils.java:logGet(43)) - raft.rpc.type = GRPC (default)
2019-06-12 14:24:15,670 INFO  grpc.GrpcConfigKeys$Server (ConfUtils.java:logGet(43)) - raft.grpc.server.port = 36189 (custom)
2019-06-12 14:24:15,671 INFO  server.GrpcService (ConfUtils.java:logGet(43)) - raft.grpc.message.size.max = 33570816 (custom)
2019-06-12 14:24:15,671 INFO  server.RaftServerConfigKeys (ConfUtils.java:logGet(43)) - raft.server.log.appender.buffer.byte-limit = 33554432 (custom)
2019-06-12 14:24:15,671 INFO  server.GrpcService (ConfUtils.java:logGet(43)) - raft.grpc.flow.control.window = 1MB (=1048576) (default)
2019-06-12 14:24:15,671 INFO  server.RaftServerConfigKeys (ConfUtils.java:logGet(43)) - raft.server.rpc.request.timeout = 3000ms (default)
2019-06-12 14:24:15,672 INFO  server.RaftServerConfigKeys (ConfUtils.java:logGet(43)) - raft.server.storage.dir = [/opt/src/hadoop-ozone/integration-test/target/test-dir/MiniOzoneClusterImpl-7ceb2083-6c20-4223-baad-80db9c066544/datanode-5/data/ratis] (custom)
2019-06-12 14:24:15,672 INFO  server.XceiverServerGrpc (XceiverServerGrpc.java:<init>(97)) - Found a free port for the server : 36509
2019-06-12 14:24:15,672 INFO  replication.SimpleContainerDownloader (SimpleContainerDownloader.java:<init>(72)) - Starting container downloader service to copy containers to replicate.
2019-06-12 14:24:15,673 INFO  hdfs.DFSUtil (DFSUtil.java:httpServerTemplateForNNAndJN(1641)) - Starting Web-server for hddsDatanode at: http://0.0.0.0:0
2019-06-12 14:24:15,674 INFO  server.AuthenticationFilter (AuthenticationFilter.java:constructSecretProvider(240)) - Unable to initialize FileSignerSecretProvider, falling back to use random secrets.
2019-06-12 14:24:15,674 WARN  http.HttpRequestLog (HttpRequestLog.java:getRequestLog(97)) - Jetty request log can only be enabled using Log4j
2019-06-12 14:24:15,675 INFO  http.HttpServer2 (HttpServer2.java:addGlobalFilter(975)) - Added global filter 'safety' (class=org.apache.hadoop.http.HttpServer2$QuotingInputFilter)
2019-06-12 14:24:15,675 INFO  http.HttpServer2 (HttpServer2.java:addFilter(948)) - Added filter static_user_filter (class=org.apache.hadoop.http.lib.StaticUserWebFilter$StaticUserFilter) to context hddsDatanode
2019-06-12 14:24:15,675 INFO  http.HttpServer2 (HttpServer2.java:addFilter(958)) - Added filter static_user_filter (class=org.apache.hadoop.http.lib.StaticUserWebFilter$StaticUserFilter) to context static
2019-06-12 14:24:15,675 INFO  http.HttpServer2 (HttpServer2.java:addFilter(958)) - Added filter static_user_filter (class=org.apache.hadoop.http.lib.StaticUserWebFilter$StaticUserFilter) to context logs
2019-06-12 14:24:15,676 INFO  http.HttpServer2 (HttpServer2.java:bindListener(1191)) - Jetty bound to port 37597
2019-06-12 14:24:15,676 INFO  server.Server (Server.java:doStart(351)) - jetty-9.3.24.v20180605, build timestamp: 2018-06-05T17:11:56Z, git hash: 84205aa28f11a4f31f2a3b86d1bba2cc8ab69827
2019-06-12 14:24:15,677 INFO  handler.ContextHandler (ContextHandler.java:doStart(781)) - Started o.e.j.s.ServletContextHandler@1d1deb11{/logs,file:///opt/src/hadoop-ozone/integration-test/target/log,AVAILABLE}
2019-06-12 14:24:15,677 INFO  handler.ContextHandler (ContextHandler.java:doStart(781)) - Started o.e.j.s.ServletContextHandler@5f4f6f89{/static,jar:file:/root/.m2/repository/org/apache/hadoop/hadoop-hdds-container-service/0.5.0-SNAPSHOT/hadoop-hdds-container-service-0.5.0-SNAPSHOT.jar!/webapps/static,AVAILABLE}
2019-06-12 14:24:15,697 INFO  handler.ContextHandler (ContextHandler.java:doStart(781)) - Started o.e.j.w.WebAppContext@4d66cb{/,file:///tmp/jetty-0.0.0.0-37597-hddsDatanode-_-any-4586910669370172099.dir/webapp/,AVAILABLE}{/hddsDatanode}
2019-06-12 14:24:15,697 INFO  server.AbstractConnector (AbstractConnector.java:doStart(278)) - Started ServerConnector@7c79f2cf{HTTP/1.1,[http/1.1]}{0.0.0.0:37597}
2019-06-12 14:24:15,698 INFO  server.Server (Server.java:doStart(419)) - Started @42694ms
2019-06-12 14:24:15,699 INFO  server.BaseHttpServer (BaseHttpServer.java:updateConnectorAddress(207)) - HTTP server of HDDSDATANODE is listening at http://0.0.0.0:37597
2019-06-12 14:24:15,770 INFO  ozone.HddsDatanodeService (HddsDatanodeService.java:startPlugins(396)) - Started plug-in org.apache.hadoop.ozone.web.OzoneHddsDatanodeService@24a7725d
2019-06-12 14:24:15,771 INFO  impl.MetricsSystemImpl (MetricsSystemImpl.java:init(158)) - HddsDatanode metrics system started (again)
2019-06-12 14:24:15,771 INFO  ozone.HddsDatanodeService (HddsDatanodeService.java:start(185)) - HddsDatanodeService host:ozone-vl7jm-4166937383 ip:192.168.134.127
2019-06-12 14:24:15,790 INFO  util.JvmPauseMonitor (JvmPauseMonitor.java:run(188)) - Starting JVM pause monitor
2019-06-12 14:24:15,791 INFO  datanode.InitDatanodeState (InitDatanodeState.java:persistContainerDatanodeDetails(140)) - DatanodeDetails is persisted to /opt/src/hadoop-ozone/integration-test/target/test-dir/MiniOzoneClusterImpl-7ceb2083-6c20-4223-baad-80db9c066544/datanode-5/meta/datanode.id
2019-06-12 14:24:15,794 INFO  volume.HddsVolume (HddsVolume.java:<init>(176)) - Creating Volume: /opt/src/hadoop-ozone/integration-test/target/test-dir/MiniOzoneClusterImpl-7ceb2083-6c20-4223-baad-80db9c066544/datanode-6/data/containers/hdds of  storage type : DISK and capacity : 104021790720
2019-06-12 14:24:15,795 INFO  volume.VolumeSet (VolumeSet.java:initializeVolumeSet(170)) - Added Volume : /opt/src/hadoop-ozone/integration-test/target/test-dir/MiniOzoneClusterImpl-7ceb2083-6c20-4223-baad-80db9c066544/datanode-6/data/containers/hdds to VolumeSet
2019-06-12 14:24:15,795 INFO  volume.ThrottledAsyncChecker (ThrottledAsyncChecker.java:schedule(140)) - Scheduling a check for org.apache.hadoop.ozone.container.common.volume.HddsVolume@6773bab2
2019-06-12 14:24:15,796 INFO  volume.HddsVolumeChecker (HddsVolumeChecker.java:checkAllVolumes(203)) - Scheduled health check for volume org.apache.hadoop.ozone.container.common.volume.HddsVolume@6773bab2
2019-06-12 14:24:15,805 INFO  ratis.XceiverServerRatis (XceiverServerRatis.java:newXceiverServerRatis(401)) - Found a free port for the server : 34735
2019-06-12 14:24:15,806 INFO  impl.RaftServerProxy (ConfUtils.java:logGet(43)) - raft.rpc.type = GRPC (default)
2019-06-12 14:24:15,807 INFO  grpc.GrpcConfigKeys$Server (ConfUtils.java:logGet(43)) - raft.grpc.server.port = 34735 (custom)
2019-06-12 14:24:15,807 INFO  server.GrpcService (ConfUtils.java:logGet(43)) - raft.grpc.message.size.max = 33570816 (custom)
2019-06-12 14:24:15,807 INFO  server.RaftServerConfigKeys (ConfUtils.java:logGet(43)) - raft.server.log.appender.buffer.byte-limit = 33554432 (custom)
2019-06-12 14:24:15,807 INFO  server.GrpcService (ConfUtils.java:logGet(43)) - raft.grpc.flow.control.window = 1MB (=1048576) (default)
2019-06-12 14:24:15,807 INFO  server.RaftServerConfigKeys (ConfUtils.java:logGet(43)) - raft.server.rpc.request.timeout = 3000ms (default)
2019-06-12 14:24:15,808 INFO  server.RaftServerConfigKeys (ConfUtils.java:logGet(43)) - raft.server.storage.dir = [/opt/src/hadoop-ozone/integration-test/target/test-dir/MiniOzoneClusterImpl-7ceb2083-6c20-4223-baad-80db9c066544/datanode-6/data/ratis] (custom)
2019-06-12 14:24:15,808 INFO  server.XceiverServerGrpc (XceiverServerGrpc.java:<init>(97)) - Found a free port for the server : 37527
2019-06-12 14:24:15,808 INFO  replication.SimpleContainerDownloader (SimpleContainerDownloader.java:<init>(72)) - Starting container downloader service to copy containers to replicate.
2019-06-12 14:24:15,809 INFO  hdfs.DFSUtil (DFSUtil.java:httpServerTemplateForNNAndJN(1641)) - Starting Web-server for hddsDatanode at: http://0.0.0.0:0
2019-06-12 14:24:15,810 INFO  server.AuthenticationFilter (AuthenticationFilter.java:constructSecretProvider(240)) - Unable to initialize FileSignerSecretProvider, falling back to use random secrets.
2019-06-12 14:24:15,811 WARN  http.HttpRequestLog (HttpRequestLog.java:getRequestLog(97)) - Jetty request log can only be enabled using Log4j
2019-06-12 14:24:15,812 INFO  http.HttpServer2 (HttpServer2.java:addGlobalFilter(975)) - Added global filter 'safety' (class=org.apache.hadoop.http.HttpServer2$QuotingInputFilter)
2019-06-12 14:24:15,812 INFO  http.HttpServer2 (HttpServer2.java:addFilter(948)) - Added filter static_user_filter (class=org.apache.hadoop.http.lib.StaticUserWebFilter$StaticUserFilter) to context hddsDatanode
2019-06-12 14:24:15,812 INFO  http.HttpServer2 (HttpServer2.java:addFilter(958)) - Added filter static_user_filter (class=org.apache.hadoop.http.lib.StaticUserWebFilter$StaticUserFilter) to context static
2019-06-12 14:24:15,812 INFO  http.HttpServer2 (HttpServer2.java:addFilter(958)) - Added filter static_user_filter (class=org.apache.hadoop.http.lib.StaticUserWebFilter$StaticUserFilter) to context logs
2019-06-12 14:24:15,812 INFO  http.HttpServer2 (HttpServer2.java:bindListener(1191)) - Jetty bound to port 45163
2019-06-12 14:24:15,813 INFO  server.Server (Server.java:doStart(351)) - jetty-9.3.24.v20180605, build timestamp: 2018-06-05T17:11:56Z, git hash: 84205aa28f11a4f31f2a3b86d1bba2cc8ab69827
2019-06-12 14:24:15,814 INFO  handler.ContextHandler (ContextHandler.java:doStart(781)) - Started o.e.j.s.ServletContextHandler@bd703bb{/logs,file:///opt/src/hadoop-ozone/integration-test/target/log,AVAILABLE}
2019-06-12 14:24:15,815 INFO  handler.ContextHandler (ContextHandler.java:doStart(781)) - Started o.e.j.s.ServletContextHandler@2e38d44e{/static,jar:file:/root/.m2/repository/org/apache/hadoop/hadoop-hdds-container-service/0.5.0-SNAPSHOT/hadoop-hdds-container-service-0.5.0-SNAPSHOT.jar!/webapps/static,AVAILABLE}
2019-06-12 14:24:15,833 INFO  handler.ContextHandler (ContextHandler.java:doStart(781)) - Started o.e.j.w.WebAppContext@1b5623b4{/,file:///tmp/jetty-0.0.0.0-45163-hddsDatanode-_-any-2326783388296093302.dir/webapp/,AVAILABLE}{/hddsDatanode}
2019-06-12 14:24:15,834 INFO  server.AbstractConnector (AbstractConnector.java:doStart(278)) - Started ServerConnector@8c34631{HTTP/1.1,[http/1.1]}{0.0.0.0:45163}
2019-06-12 14:24:15,834 INFO  server.Server (Server.java:doStart(419)) - Started @42830ms
2019-06-12 14:24:15,836 INFO  server.BaseHttpServer (BaseHttpServer.java:updateConnectorAddress(207)) - HTTP server of HDDSDATANODE is listening at http://0.0.0.0:45163
2019-06-12 14:24:15,915 INFO  ozone.HddsDatanodeService (HddsDatanodeService.java:startPlugins(396)) - Started plug-in org.apache.hadoop.ozone.web.OzoneHddsDatanodeService@2f82e3cf
2019-06-12 14:24:15,915 INFO  ozone.MiniOzoneClusterImpl (MiniOzoneClusterImpl.java:lambda$waitForClusterToBeReady$0(142)) - Waiting for cluster to be ready. Got 0 of 7 DN Heartbeats.
2019-06-12 14:24:15,920 INFO  util.JvmPauseMonitor (JvmPauseMonitor.java:run(188)) - Starting JVM pause monitor
2019-06-12 14:24:15,921 INFO  datanode.InitDatanodeState (InitDatanodeState.java:persistContainerDatanodeDetails(140)) - DatanodeDetails is persisted to /opt/src/hadoop-ozone/integration-test/target/test-dir/MiniOzoneClusterImpl-7ceb2083-6c20-4223-baad-80db9c066544/datanode-6/meta/datanode.id
2019-06-12 14:24:16,915 INFO  ozone.MiniOzoneClusterImpl (MiniOzoneClusterImpl.java:lambda$waitForClusterToBeReady$0(142)) - Waiting for cluster to be ready. Got 0 of 7 DN Heartbeats.
2019-06-12 14:24:17,047 INFO  ozoneimpl.OzoneContainer (OzoneContainer.java:start(186)) - Attempting to start container services.
2019-06-12 14:24:17,048 INFO  ozoneimpl.OzoneContainer (OzoneContainer.java:startContainerScrub(160)) - Background container scrubber has been disabled by hdds.containerscrub.enabled
2019-06-12 14:24:17,048 INFO  ratis.XceiverServerRatis (XceiverServerRatis.java:start(418)) - Starting XceiverServerRatis eadf7122-8cc6-4030-97dd-0393c95c93ed at port 35231
2019-06-12 14:24:17,051 INFO  impl.RaftServerProxy (RaftServerProxy.java:lambda$start$3(299)) - eadf7122-8cc6-4030-97dd-0393c95c93ed: start RPC server
2019-06-12 14:24:17,052 INFO  server.GrpcService (GrpcService.java:startImpl(148)) - eadf7122-8cc6-4030-97dd-0393c95c93ed: GrpcService started, listening on 0.0.0.0/0.0.0.0:35231
2019-06-12 14:24:17,210 INFO  ozoneimpl.OzoneContainer (OzoneContainer.java:start(186)) - Attempting to start container services.
2019-06-12 14:24:17,210 INFO  ozoneimpl.OzoneContainer (OzoneContainer.java:startContainerScrub(160)) - Background container scrubber has been disabled by hdds.containerscrub.enabled
2019-06-12 14:24:17,210 INFO  ratis.XceiverServerRatis (XceiverServerRatis.java:start(418)) - Starting XceiverServerRatis 0e84133b-698d-463b-969f-85b13fab841c at port 34801
2019-06-12 14:24:17,214 INFO  impl.RaftServerProxy (RaftServerProxy.java:lambda$start$3(299)) - 0e84133b-698d-463b-969f-85b13fab841c: start RPC server
2019-06-12 14:24:17,214 INFO  server.GrpcService (GrpcService.java:startImpl(148)) - 0e84133b-698d-463b-969f-85b13fab841c: GrpcService started, listening on 0.0.0.0/0.0.0.0:34801
2019-06-12 14:24:17,341 INFO  ozoneimpl.OzoneContainer (OzoneContainer.java:start(186)) - Attempting to start container services.
2019-06-12 14:24:17,341 INFO  ozoneimpl.OzoneContainer (OzoneContainer.java:startContainerScrub(160)) - Background container scrubber has been disabled by hdds.containerscrub.enabled
2019-06-12 14:24:17,341 INFO  ratis.XceiverServerRatis (XceiverServerRatis.java:start(418)) - Starting XceiverServerRatis ddd5d77b-3346-4930-a235-8537459c7373 at port 38045
2019-06-12 14:24:17,344 INFO  impl.RaftServerProxy (RaftServerProxy.java:lambda$start$3(299)) - ddd5d77b-3346-4930-a235-8537459c7373: start RPC server
2019-06-12 14:24:17,345 INFO  server.GrpcService (GrpcService.java:startImpl(148)) - ddd5d77b-3346-4930-a235-8537459c7373: GrpcService started, listening on 0.0.0.0/0.0.0.0:38045
2019-06-12 14:24:17,477 INFO  ozoneimpl.OzoneContainer (OzoneContainer.java:start(186)) - Attempting to start container services.
2019-06-12 14:24:17,477 INFO  ozoneimpl.OzoneContainer (OzoneContainer.java:startContainerScrub(160)) - Background container scrubber has been disabled by hdds.containerscrub.enabled
2019-06-12 14:24:17,477 INFO  ratis.XceiverServerRatis (XceiverServerRatis.java:start(418)) - Starting XceiverServerRatis 61041948-5efa-4e85-8383-b406d8eab319 at port 43857
2019-06-12 14:24:17,480 INFO  impl.RaftServerProxy (RaftServerProxy.java:lambda$start$3(299)) - 61041948-5efa-4e85-8383-b406d8eab319: start RPC server
2019-06-12 14:24:17,481 INFO  server.GrpcService (GrpcService.java:startImpl(148)) - 61041948-5efa-4e85-8383-b406d8eab319: GrpcService started, listening on 0.0.0.0/0.0.0.0:43857
2019-06-12 14:24:17,656 INFO  ozoneimpl.OzoneContainer (OzoneContainer.java:start(186)) - Attempting to start container services.
2019-06-12 14:24:17,656 INFO  ozoneimpl.OzoneContainer (OzoneContainer.java:startContainerScrub(160)) - Background container scrubber has been disabled by hdds.containerscrub.enabled
2019-06-12 14:24:17,656 INFO  ratis.XceiverServerRatis (XceiverServerRatis.java:start(418)) - Starting XceiverServerRatis 006bdc0a-fdd9-41e3-b2de-448ca74b5f92 at port 33287
2019-06-12 14:24:17,659 INFO  impl.RaftServerProxy (RaftServerProxy.java:lambda$start$3(299)) - 006bdc0a-fdd9-41e3-b2de-448ca74b5f92: start RPC server
2019-06-12 14:24:17,660 INFO  server.GrpcService (GrpcService.java:startImpl(148)) - 006bdc0a-fdd9-41e3-b2de-448ca74b5f92: GrpcService started, listening on 0.0.0.0/0.0.0.0:33287
2019-06-12 14:24:17,793 INFO  ozoneimpl.OzoneContainer (OzoneContainer.java:start(186)) - Attempting to start container services.
2019-06-12 14:24:17,794 INFO  ozoneimpl.OzoneContainer (OzoneContainer.java:startContainerScrub(160)) - Background container scrubber has been disabled by hdds.containerscrub.enabled
2019-06-12 14:24:17,794 INFO  ratis.XceiverServerRatis (XceiverServerRatis.java:start(418)) - Starting XceiverServerRatis 0ac04be0-fe31-4b6d-9275-e6bb84eca68f at port 36189
2019-06-12 14:24:17,797 INFO  impl.RaftServerProxy (RaftServerProxy.java:lambda$start$3(299)) - 0ac04be0-fe31-4b6d-9275-e6bb84eca68f: start RPC server
2019-06-12 14:24:17,797 INFO  server.GrpcService (GrpcService.java:startImpl(148)) - 0ac04be0-fe31-4b6d-9275-e6bb84eca68f: GrpcService started, listening on 0.0.0.0/0.0.0.0:36189
2019-06-12 14:24:17,916 INFO  ozone.MiniOzoneClusterImpl (MiniOzoneClusterImpl.java:lambda$waitForClusterToBeReady$0(142)) - Waiting for cluster to be ready. Got 0 of 7 DN Heartbeats.
2019-06-12 14:24:17,924 INFO  ozoneimpl.OzoneContainer (OzoneContainer.java:start(186)) - Attempting to start container services.
2019-06-12 14:24:17,924 INFO  ozoneimpl.OzoneContainer (OzoneContainer.java:startContainerScrub(160)) - Background container scrubber has been disabled by hdds.containerscrub.enabled
2019-06-12 14:24:17,924 INFO  ratis.XceiverServerRatis (XceiverServerRatis.java:start(418)) - Starting XceiverServerRatis c158c30c-af80-40bd-89e7-cb3e8f4707db at port 34735
2019-06-12 14:24:17,927 INFO  impl.RaftServerProxy (RaftServerProxy.java:lambda$start$3(299)) - c158c30c-af80-40bd-89e7-cb3e8f4707db: start RPC server
2019-06-12 14:24:17,927 INFO  server.GrpcService (GrpcService.java:startImpl(148)) - c158c30c-af80-40bd-89e7-cb3e8f4707db: GrpcService started, listening on 0.0.0.0/0.0.0.0:34735
2019-06-12 14:24:18,916 INFO  ozone.MiniOzoneClusterImpl (MiniOzoneClusterImpl.java:lambda$waitForClusterToBeReady$0(142)) - Waiting for cluster to be ready. Got 0 of 7 DN Heartbeats.
2019-06-12 14:24:19,043 INFO  node.SCMNodeManager (SCMNodeManager.java:register(234)) - Registered Data node : eadf7122-8cc6-4030-97dd-0393c95c93ed{ip: 192.168.134.127, host: ozone-vl7jm-4166937383, networkLocation: /default-rack, certSerialId: null}
2019-06-12 14:24:19,045 INFO  safemode.SCMSafeModeManager (DataNodeSafeModeRule.java:process(71)) - SCM in safe mode. 1 DataNodes registered, 1 required.
2019-06-12 14:24:19,047 INFO  safemode.SCMSafeModeManager (SCMSafeModeManager.java:validateSafeModeExitRules(177)) - ScmSafeModeManager, all rules are successfully validated
2019-06-12 14:24:19,047 INFO  safemode.SCMSafeModeManager (SCMSafeModeManager.java:exitSafeMode(193)) - SCM exiting safe mode.
2019-06-12 14:24:19,051 INFO  impl.RaftServerProxy (RaftServerProxy.java:addNew(89)) - eadf7122-8cc6-4030-97dd-0393c95c93ed: addNew group-90CE9BF61266:[eadf7122-8cc6-4030-97dd-0393c95c93ed:192.168.134.127:35231] returns group-90CE9BF61266:java.util.concurrent.CompletableFuture@20e98d0f[Not completed]
2019-06-12 14:24:19,052 INFO  impl.RaftServerImpl (RaftServerImpl.java:<init>(91)) - eadf7122-8cc6-4030-97dd-0393c95c93ed: new RaftServerImpl for group-90CE9BF61266:[eadf7122-8cc6-4030-97dd-0393c95c93ed:192.168.134.127:35231] with ContainerStateMachine:uninitialized
2019-06-12 14:24:19,052 INFO  server.RaftServerConfigKeys (ConfUtils.java:logGet(43)) - raft.server.rpc.timeout.min = 1s (custom)
2019-06-12 14:24:19,052 INFO  server.RaftServerConfigKeys (ConfUtils.java:logGet(43)) - raft.server.rpc.timeout.max = 1200ms (custom)
2019-06-12 14:24:19,052 INFO  server.RaftServerConfigKeys (ConfUtils.java:logGet(43)) - raft.server.rpcslowness.timeout = 120s (custom)
2019-06-12 14:24:19,052 INFO  server.RaftServerConfigKeys (ConfUtils.java:logGet(43)) - raft.server.log.appender.install.snapshot.enabled = true (default)
2019-06-12 14:24:19,052 INFO  impl.RaftServerImpl (ServerState.java:<init>(101)) - eadf7122-8cc6-4030-97dd-0393c95c93ed:group-90CE9BF61266 ConfigurationManager, init=-1: [eadf7122-8cc6-4030-97dd-0393c95c93ed:192.168.134.127:35231], old=null, confs=<EMPTY_MAP>
2019-06-12 14:24:19,052 INFO  server.RaftServerConfigKeys (ConfUtils.java:logGet(43)) - raft.server.storage.dir = [/opt/src/hadoop-ozone/integration-test/target/test-dir/MiniOzoneClusterImpl-7ceb2083-6c20-4223-baad-80db9c066544/datanode-0/data/ratis] (custom)
2019-06-12 14:24:19,053 INFO  storage.RaftStorageDirectory (RaftStorageDirectory.java:analyzeStorage(246)) - The storage directory /opt/src/hadoop-ozone/integration-test/target/test-dir/MiniOzoneClusterImpl-7ceb2083-6c20-4223-baad-80db9c066544/datanode-0/data/ratis/53bb5496-9148-4c39-9e65-90ce9bf61266 does not exist. Creating ...
2019-06-12 14:24:19,055 INFO  storage.RaftStorageDirectory (RaftStorageDirectory.java:tryLock(328)) - Lock on /opt/src/hadoop-ozone/integration-test/target/test-dir/MiniOzoneClusterImpl-7ceb2083-6c20-4223-baad-80db9c066544/datanode-0/data/ratis/53bb5496-9148-4c39-9e65-90ce9bf61266/in_use.lock acquired by nodename 12386@ozone-vl7jm-4166937383
2019-06-12 14:24:19,057 INFO  storage.RaftStorage (RaftStorage.java:format(75)) - Storage directory /opt/src/hadoop-ozone/integration-test/target/test-dir/MiniOzoneClusterImpl-7ceb2083-6c20-4223-baad-80db9c066544/datanode-0/data/ratis/53bb5496-9148-4c39-9e65-90ce9bf61266 has been successfully formatted.
2019-06-12 14:24:19,057 INFO  ratis.ContainerStateMachine (ContainerStateMachine.java:loadSnapshot(199)) - The snapshot info is null.Setting the last applied index to:(t:0, i:~)
2019-06-12 14:24:19,057 INFO  server.RaftServerConfigKeys (ConfUtils.java:logGet(43)) - raft.server.leader.election.timeout = 120s (custom)
2019-06-12 14:24:19,057 INFO  server.RaftServerConfigKeys (ConfUtils.java:logGet(43)) - raft.server.log.use.memory = false (default)
2019-06-12 14:24:19,057 INFO  server.RaftServerConfigKeys (ConfUtils.java:logGet(43)) - raft.server.log.appender.buffer.byte-limit = 33554432 (custom)
2019-06-12 14:24:19,057 INFO  server.RaftServerConfigKeys (ConfUtils.java:logGet(43)) - raft.server.log.segment.size.max = 16384 (custom)
2019-06-12 14:24:19,057 INFO  server.RaftServerConfigKeys (ConfUtils.java:logGet(43)) - raft.server.log.segment.cache.num.max = 2 (custom)
2019-06-12 14:24:19,058 INFO  storage.RaftLogWorker (RaftLogWorker.java:<init>(123)) - new eadf7122-8cc6-4030-97dd-0393c95c93ed-RaftLogWorker for Storage Directory /opt/src/hadoop-ozone/integration-test/target/test-dir/MiniOzoneClusterImpl-7ceb2083-6c20-4223-baad-80db9c066544/datanode-0/data/ratis/53bb5496-9148-4c39-9e65-90ce9bf61266
2019-06-12 14:24:19,058 INFO  server.RaftServerConfigKeys (ConfUtils.java:logGet(43)) - raft.server.log.queue.byte-limit = 2147483647 (custom)
2019-06-12 14:24:19,058 INFO  server.RaftServerConfigKeys (ConfUtils.java:logGet(43)) - raft.server.log.queue.element-limit = 1024 (custom)
2019-06-12 14:24:19,058 INFO  server.RaftServerConfigKeys (ConfUtils.java:logGet(43)) - raft.server.log.segment.size.max = 16384 (custom)
2019-06-12 14:24:19,058 INFO  server.RaftServerConfigKeys (ConfUtils.java:logGet(43)) - raft.server.log.preallocated.size = 16384 (custom)
2019-06-12 14:24:19,058 INFO  server.RaftServerConfigKeys (ConfUtils.java:logGet(43)) - raft.server.log.write.buffer.size = 33554432 (custom)
2019-06-12 14:24:19,058 INFO  server.RaftServerConfigKeys (ConfUtils.java:logGet(43)) - raft.server.log.force.sync.num = 128 (default)
2019-06-12 14:24:19,058 INFO  server.RaftServerConfigKeys (ConfUtils.java:logGet(43)) - raft.server.log.statemachine.data.sync = true (default)
2019-06-12 14:24:19,058 INFO  server.RaftServerConfigKeys (ConfUtils.java:logGet(43)) - raft.server.log.statemachine.data.sync.timeout = 10s (default)
2019-06-12 14:24:19,058 INFO  server.RaftServerConfigKeys (ConfUtils.java:logGet(43)) - raft.server.log.statemachine.data.sync.timeout.retry = -1 (default)
2019-06-12 14:24:19,058 INFO  server.RaftServerConfigKeys (ConfUtils.java:logGet(43)) - raft.server.log.statemachine.data.caching.enabled = true (custom)
2019-06-12 14:24:19,058 INFO  server.RaftServerConfigKeys (ConfUtils.java:logGet(43)) - raft.server.snapshot.auto.trigger.enabled = true (custom)
2019-06-12 14:24:19,059 INFO  server.RaftServerConfigKeys (ConfUtils.java:logGet(43)) - raft.server.snapshot.auto.trigger.threshold = 10000 (custom)
2019-06-12 14:24:19,059 INFO  server.RaftServerConfigKeys (ConfUtils.java:logGet(43)) - raft.server.retrycache.expirytime = 600000ms (custom)
2019-06-12 14:24:19,059 INFO  impl.RaftServerImpl (RaftServerImpl.java:start(173)) - eadf7122-8cc6-4030-97dd-0393c95c93ed: start group-90CE9BF61266
2019-06-12 14:24:19,059 INFO  impl.RaftServerImpl (RaftServerImpl.java:setRole(164)) - eadf7122-8cc6-4030-97dd-0393c95c93ed:group-90CE9BF61266 changes role from null to FOLLOWER at term 0 for startAsFollower
2019-06-12 14:24:19,059 INFO  impl.RoleInfo (RoleInfo.java:updateAndGet(143)) - eadf7122-8cc6-4030-97dd-0393c95c93ed: start FollowerState
2019-06-12 14:24:19,059 INFO  util.JmxRegister (JmxRegister.java:tryRegister(44)) - Successfully registered JMX Bean with object name Ratis:service=RaftServer,group=group-90CE9BF61266,id=eadf7122-8cc6-4030-97dd-0393c95c93ed
2019-06-12 14:24:19,061 INFO  pipeline.PipelineStateManager (PipelineStateManager.java:addPipeline(56)) - Created pipeline Pipeline[ Id: 53bb5496-9148-4c39-9e65-90ce9bf61266, Nodes: eadf7122-8cc6-4030-97dd-0393c95c93ed{ip: 192.168.134.127, host: ozone-vl7jm-4166937383, networkLocation: /default-rack, certSerialId: null}, Type:RATIS, Factor:ONE, State:OPEN]
2019-06-12 14:24:19,206 INFO  node.SCMNodeManager (SCMNodeManager.java:register(234)) - Registered Data node : 0e84133b-698d-463b-969f-85b13fab841c{ip: 192.168.134.127, host: ozone-vl7jm-4166937383, networkLocation: /default-rack, certSerialId: null}
2019-06-12 14:24:19,218 INFO  impl.RaftServerProxy (RaftServerProxy.java:addNew(89)) - 0e84133b-698d-463b-969f-85b13fab841c: addNew group-F62CAF8E5543:[0e84133b-698d-463b-969f-85b13fab841c:192.168.134.127:34801] returns group-F62CAF8E5543:java.util.concurrent.CompletableFuture@67ba70d2[Not completed]
2019-06-12 14:24:19,218 INFO  impl.RaftServerImpl (RaftServerImpl.java:<init>(91)) - 0e84133b-698d-463b-969f-85b13fab841c: new RaftServerImpl for group-F62CAF8E5543:[0e84133b-698d-463b-969f-85b13fab841c:192.168.134.127:34801] with ContainerStateMachine:uninitialized
2019-06-12 14:24:19,218 INFO  server.RaftServerConfigKeys (ConfUtils.java:logGet(43)) - raft.server.rpc.timeout.min = 1s (custom)
2019-06-12 14:24:19,218 INFO  server.RaftServerConfigKeys (ConfUtils.java:logGet(43)) - raft.server.rpc.timeout.max = 1200ms (custom)
2019-06-12 14:24:19,219 INFO  server.RaftServerConfigKeys (ConfUtils.java:logGet(43)) - raft.server.rpcslowness.timeout = 120s (custom)
2019-06-12 14:24:19,219 INFO  server.RaftServerConfigKeys (ConfUtils.java:logGet(43)) - raft.server.log.appender.install.snapshot.enabled = true (default)
2019-06-12 14:24:19,219 INFO  impl.RaftServerImpl (ServerState.java:<init>(101)) - 0e84133b-698d-463b-969f-85b13fab841c:group-F62CAF8E5543 ConfigurationManager, init=-1: [0e84133b-698d-463b-969f-85b13fab841c:192.168.134.127:34801], old=null, confs=<EMPTY_MAP>
2019-06-12 14:24:19,219 INFO  server.RaftServerConfigKeys (ConfUtils.java:logGet(43)) - raft.server.storage.dir = [/opt/src/hadoop-ozone/integration-test/target/test-dir/MiniOzoneClusterImpl-7ceb2083-6c20-4223-baad-80db9c066544/datanode-1/data/ratis] (custom)
2019-06-12 14:24:19,219 INFO  storage.RaftStorageDirectory (RaftStorageDirectory.java:analyzeStorage(246)) - The storage directory /opt/src/hadoop-ozone/integration-test/target/test-dir/MiniOzoneClusterImpl-7ceb2083-6c20-4223-baad-80db9c066544/datanode-1/data/ratis/42e49258-f217-4490-a5a3-f62caf8e5543 does not exist. Creating ...
2019-06-12 14:24:19,221 INFO  storage.RaftStorageDirectory (RaftStorageDirectory.java:tryLock(328)) - Lock on /opt/src/hadoop-ozone/integration-test/target/test-dir/MiniOzoneClusterImpl-7ceb2083-6c20-4223-baad-80db9c066544/datanode-1/data/ratis/42e49258-f217-4490-a5a3-f62caf8e5543/in_use.lock acquired by nodename 12386@ozone-vl7jm-4166937383
2019-06-12 14:24:19,223 INFO  storage.RaftStorage (RaftStorage.java:format(75)) - Storage directory /opt/src/hadoop-ozone/integration-test/target/test-dir/MiniOzoneClusterImpl-7ceb2083-6c20-4223-baad-80db9c066544/datanode-1/data/ratis/42e49258-f217-4490-a5a3-f62caf8e5543 has been successfully formatted.
2019-06-12 14:24:19,223 INFO  ratis.ContainerStateMachine (ContainerStateMachine.java:loadSnapshot(199)) - The snapshot info is null.Setting the last applied index to:(t:0, i:~)
2019-06-12 14:24:19,223 INFO  server.RaftServerConfigKeys (ConfUtils.java:logGet(43)) - raft.server.leader.election.timeout = 120s (custom)
2019-06-12 14:24:19,223 INFO  server.RaftServerConfigKeys (ConfUtils.java:logGet(43)) - raft.server.log.use.memory = false (default)
2019-06-12 14:24:19,223 INFO  server.RaftServerConfigKeys (ConfUtils.java:logGet(43)) - raft.server.log.appender.buffer.byte-limit = 33554432 (custom)
2019-06-12 14:24:19,224 INFO  server.RaftServerConfigKeys (ConfUtils.java:logGet(43)) - raft.server.log.segment.size.max = 16384 (custom)
2019-06-12 14:24:19,224 INFO  server.RaftServerConfigKeys (ConfUtils.java:logGet(43)) - raft.server.log.segment.cache.num.max = 2 (custom)
2019-06-12 14:24:19,224 INFO  storage.RaftLogWorker (RaftLogWorker.java:<init>(123)) - new 0e84133b-698d-463b-969f-85b13fab841c-RaftLogWorker for Storage Directory /opt/src/hadoop-ozone/integration-test/target/test-dir/MiniOzoneClusterImpl-7ceb2083-6c20-4223-baad-80db9c066544/datanode-1/data/ratis/42e49258-f217-4490-a5a3-f62caf8e5543
2019-06-12 14:24:19,224 INFO  server.RaftServerConfigKeys (ConfUtils.java:logGet(43)) - raft.server.log.queue.byte-limit = 2147483647 (custom)
2019-06-12 14:24:19,224 INFO  server.RaftServerConfigKeys (ConfUtils.java:logGet(43)) - raft.server.log.queue.element-limit = 1024 (custom)
2019-06-12 14:24:19,224 INFO  server.RaftServerConfigKeys (ConfUtils.java:logGet(43)) - raft.server.log.segment.size.max = 16384 (custom)
2019-06-12 14:24:19,224 INFO  server.RaftServerConfigKeys (ConfUtils.java:logGet(43)) - raft.server.log.preallocated.size = 16384 (custom)
2019-06-12 14:24:19,224 INFO  server.RaftServerConfigKeys (ConfUtils.java:logGet(43)) - raft.server.log.write.buffer.size = 33554432 (custom)
2019-06-12 14:24:19,224 INFO  server.RaftServerConfigKeys (ConfUtils.java:logGet(43)) - raft.server.log.force.sync.num = 128 (default)
2019-06-12 14:24:19,224 INFO  server.RaftServerConfigKeys (ConfUtils.java:logGet(43)) - raft.server.log.statemachine.data.sync = true (default)
2019-06-12 14:24:19,224 INFO  server.RaftServerConfigKeys (ConfUtils.java:logGet(43)) - raft.server.log.statemachine.data.sync.timeout = 10s (default)
2019-06-12 14:24:19,224 INFO  server.RaftServerConfigKeys (ConfUtils.java:logGet(43)) - raft.server.log.statemachine.data.sync.timeout.retry = -1 (default)
2019-06-12 14:24:19,224 INFO  server.RaftServerConfigKeys (ConfUtils.java:logGet(43)) - raft.server.log.statemachine.data.caching.enabled = true (custom)
2019-06-12 14:24:19,225 INFO  server.RaftServerConfigKeys (ConfUtils.java:logGet(43)) - raft.server.snapshot.auto.trigger.enabled = true (custom)
2019-06-12 14:24:19,225 INFO  server.RaftServerConfigKeys (ConfUtils.java:logGet(43)) - raft.server.snapshot.auto.trigger.threshold = 10000 (custom)
2019-06-12 14:24:19,225 INFO  server.RaftServerConfigKeys (ConfUtils.java:logGet(43)) - raft.server.retrycache.expirytime = 600000ms (custom)
2019-06-12 14:24:19,225 INFO  impl.RaftServerImpl (RaftServerImpl.java:start(173)) - 0e84133b-698d-463b-969f-85b13fab841c: start group-F62CAF8E5543
2019-06-12 14:24:19,225 INFO  impl.RaftServerImpl (RaftServerImpl.java:setRole(164)) - 0e84133b-698d-463b-969f-85b13fab841c:group-F62CAF8E5543 changes role from null to FOLLOWER at term 0 for startAsFollower
2019-06-12 14:24:19,225 INFO  impl.RoleInfo (RoleInfo.java:updateAndGet(143)) - 0e84133b-698d-463b-969f-85b13fab841c: start FollowerState
2019-06-12 14:24:19,225 INFO  util.JmxRegister (JmxRegister.java:tryRegister(44)) - Successfully registered JMX Bean with object name Ratis:service=RaftServer,group=group-F62CAF8E5543,id=0e84133b-698d-463b-969f-85b13fab841c
2019-06-12 14:24:19,227 INFO  pipeline.PipelineStateManager (PipelineStateManager.java:addPipeline(56)) - Created pipeline Pipeline[ Id: 42e49258-f217-4490-a5a3-f62caf8e5543, Nodes: 0e84133b-698d-463b-969f-85b13fab841c{ip: 192.168.134.127, host: ozone-vl7jm-4166937383, networkLocation: /default-rack, certSerialId: null}, Type:RATIS, Factor:ONE, State:OPEN]
2019-06-12 14:24:19,340 INFO  node.SCMNodeManager (SCMNodeManager.java:register(234)) - Registered Data node : ddd5d77b-3346-4930-a235-8537459c7373{ip: 192.168.134.127, host: ozone-vl7jm-4166937383, networkLocation: /default-rack, certSerialId: null}
2019-06-12 14:24:19,345 INFO  impl.RaftServerProxy (RaftServerProxy.java:addNew(89)) - ddd5d77b-3346-4930-a235-8537459c7373: addNew group-9D32F6CDE14A:[ddd5d77b-3346-4930-a235-8537459c7373:192.168.134.127:38045] returns group-9D32F6CDE14A:java.util.concurrent.CompletableFuture@2de3674c[Not completed]
2019-06-12 14:24:19,346 INFO  impl.RaftServerImpl (RaftServerImpl.java:<init>(91)) - ddd5d77b-3346-4930-a235-8537459c7373: new RaftServerImpl for group-9D32F6CDE14A:[ddd5d77b-3346-4930-a235-8537459c7373:192.168.134.127:38045] with ContainerStateMachine:uninitialized
2019-06-12 14:24:19,346 INFO  server.RaftServerConfigKeys (ConfUtils.java:logGet(43)) - raft.server.rpc.timeout.min = 1s (custom)
2019-06-12 14:24:19,346 INFO  server.RaftServerConfigKeys (ConfUtils.java:logGet(43)) - raft.server.rpc.timeout.max = 1200ms (custom)
2019-06-12 14:24:19,346 INFO  server.RaftServerConfigKeys (ConfUtils.java:logGet(43)) - raft.server.rpcslowness.timeout = 120s (custom)
2019-06-12 14:24:19,346 INFO  server.RaftServerConfigKeys (ConfUtils.java:logGet(43)) - raft.server.log.appender.install.snapshot.enabled = true (default)
2019-06-12 14:24:19,346 INFO  impl.RaftServerImpl (ServerState.java:<init>(101)) - ddd5d77b-3346-4930-a235-8537459c7373:group-9D32F6CDE14A ConfigurationManager, init=-1: [ddd5d77b-3346-4930-a235-8537459c7373:192.168.134.127:38045], old=null, confs=<EMPTY_MAP>
2019-06-12 14:24:19,346 INFO  server.RaftServerConfigKeys (ConfUtils.java:logGet(43)) - raft.server.storage.dir = [/opt/src/hadoop-ozone/integration-test/target/test-dir/MiniOzoneClusterImpl-7ceb2083-6c20-4223-baad-80db9c066544/datanode-2/data/ratis] (custom)
2019-06-12 14:24:19,346 INFO  storage.RaftStorageDirectory (RaftStorageDirectory.java:analyzeStorage(246)) - The storage directory /opt/src/hadoop-ozone/integration-test/target/test-dir/MiniOzoneClusterImpl-7ceb2083-6c20-4223-baad-80db9c066544/datanode-2/data/ratis/096a8622-1472-4d34-a9d4-9d32f6cde14a does not exist. Creating ...
2019-06-12 14:24:19,348 INFO  storage.RaftStorageDirectory (RaftStorageDirectory.java:tryLock(328)) - Lock on /opt/src/hadoop-ozone/integration-test/target/test-dir/MiniOzoneClusterImpl-7ceb2083-6c20-4223-baad-80db9c066544/datanode-2/data/ratis/096a8622-1472-4d34-a9d4-9d32f6cde14a/in_use.lock acquired by nodename 12386@ozone-vl7jm-4166937383
2019-06-12 14:24:19,350 INFO  storage.RaftStorage (RaftStorage.java:format(75)) - Storage directory /opt/src/hadoop-ozone/integration-test/target/test-dir/MiniOzoneClusterImpl-7ceb2083-6c20-4223-baad-80db9c066544/datanode-2/data/ratis/096a8622-1472-4d34-a9d4-9d32f6cde14a has been successfully formatted.
2019-06-12 14:24:19,350 INFO  ratis.ContainerStateMachine (ContainerStateMachine.java:loadSnapshot(199)) - The snapshot info is null.Setting the last applied index to:(t:0, i:~)
2019-06-12 14:24:19,350 INFO  server.RaftServerConfigKeys (ConfUtils.java:logGet(43)) - raft.server.leader.election.timeout = 120s (custom)
2019-06-12 14:24:19,351 INFO  server.RaftServerConfigKeys (ConfUtils.java:logGet(43)) - raft.server.log.use.memory = false (default)
2019-06-12 14:24:19,351 INFO  server.RaftServerConfigKeys (ConfUtils.java:logGet(43)) - raft.server.log.appender.buffer.byte-limit = 33554432 (custom)
2019-06-12 14:24:19,351 INFO  server.RaftServerConfigKeys (ConfUtils.java:logGet(43)) - raft.server.log.segment.size.max = 16384 (custom)
2019-06-12 14:24:19,351 INFO  server.RaftServerConfigKeys (ConfUtils.java:logGet(43)) - raft.server.log.segment.cache.num.max = 2 (custom)
2019-06-12 14:24:19,351 INFO  storage.RaftLogWorker (RaftLogWorker.java:<init>(123)) - new ddd5d77b-3346-4930-a235-8537459c7373-RaftLogWorker for Storage Directory /opt/src/hadoop-ozone/integration-test/target/test-dir/MiniOzoneClusterImpl-7ceb2083-6c20-4223-baad-80db9c066544/datanode-2/data/ratis/096a8622-1472-4d34-a9d4-9d32f6cde14a
2019-06-12 14:24:19,351 INFO  server.RaftServerConfigKeys (ConfUtils.java:logGet(43)) - raft.server.log.queue.byte-limit = 2147483647 (custom)
2019-06-12 14:24:19,351 INFO  server.RaftServerConfigKeys (ConfUtils.java:logGet(43)) - raft.server.log.queue.element-limit = 1024 (custom)
2019-06-12 14:24:19,351 INFO  server.RaftServerConfigKeys (ConfUtils.java:logGet(43)) - raft.server.log.segment.size.max = 16384 (custom)
2019-06-12 14:24:19,351 INFO  server.RaftServerConfigKeys (ConfUtils.java:logGet(43)) - raft.server.log.preallocated.size = 16384 (custom)
2019-06-12 14:24:19,351 INFO  server.RaftServerConfigKeys (ConfUtils.java:logGet(43)) - raft.server.log.write.buffer.size = 33554432 (custom)
2019-06-12 14:24:19,351 INFO  server.RaftServerConfigKeys (ConfUtils.java:logGet(43)) - raft.server.log.force.sync.num = 128 (default)
2019-06-12 14:24:19,351 INFO  server.RaftServerConfigKeys (ConfUtils.java:logGet(43)) - raft.server.log.statemachine.data.sync = true (default)
2019-06-12 14:24:19,351 INFO  server.RaftServerConfigKeys (ConfUtils.java:logGet(43)) - raft.server.log.statemachine.data.sync.timeout = 10s (default)
2019-06-12 14:24:19,351 INFO  server.RaftServerConfigKeys (ConfUtils.java:logGet(43)) - raft.server.log.statemachine.data.sync.timeout.retry = -1 (default)
2019-06-12 14:24:19,351 INFO  server.RaftServerConfigKeys (ConfUtils.java:logGet(43)) - raft.server.log.statemachine.data.caching.enabled = true (custom)
2019-06-12 14:24:19,352 INFO  server.RaftServerConfigKeys (ConfUtils.java:logGet(43)) - raft.server.snapshot.auto.trigger.enabled = true (custom)
2019-06-12 14:24:19,352 INFO  server.RaftServerConfigKeys (ConfUtils.java:logGet(43)) - raft.server.snapshot.auto.trigger.threshold = 10000 (custom)
2019-06-12 14:24:19,352 INFO  server.RaftServerConfigKeys (ConfUtils.java:logGet(43)) - raft.server.retrycache.expirytime = 600000ms (custom)
2019-06-12 14:24:19,352 INFO  impl.RaftServerImpl (RaftServerImpl.java:start(173)) - ddd5d77b-3346-4930-a235-8537459c7373: start group-9D32F6CDE14A
2019-06-12 14:24:19,352 INFO  impl.RaftServerImpl (RaftServerImpl.java:setRole(164)) - ddd5d77b-3346-4930-a235-8537459c7373:group-9D32F6CDE14A changes role from null to FOLLOWER at term 0 for startAsFollower
2019-06-12 14:24:19,352 INFO  impl.RoleInfo (RoleInfo.java:updateAndGet(143)) - ddd5d77b-3346-4930-a235-8537459c7373: start FollowerState
2019-06-12 14:24:19,352 INFO  util.JmxRegister (JmxRegister.java:tryRegister(44)) - Successfully registered JMX Bean with object name Ratis:service=RaftServer,group=group-9D32F6CDE14A,id=ddd5d77b-3346-4930-a235-8537459c7373
2019-06-12 14:24:19,354 INFO  pipeline.PipelineStateManager (PipelineStateManager.java:addPipeline(56)) - Created pipeline Pipeline[ Id: 096a8622-1472-4d34-a9d4-9d32f6cde14a, Nodes: ddd5d77b-3346-4930-a235-8537459c7373{ip: 192.168.134.127, host: ozone-vl7jm-4166937383, networkLocation: /default-rack, certSerialId: null}, Type:RATIS, Factor:ONE, State:OPEN]
2019-06-12 14:24:19,360 INFO  impl.RaftServerProxy (RaftServerProxy.java:addNew(89)) - eadf7122-8cc6-4030-97dd-0393c95c93ed: addNew group-7C36C844C599:[ddd5d77b-3346-4930-a235-8537459c7373:192.168.134.127:38045, eadf7122-8cc6-4030-97dd-0393c95c93ed:192.168.134.127:35231, 0e84133b-698d-463b-969f-85b13fab841c:192.168.134.127:34801] returns group-7C36C844C599:java.util.concurrent.CompletableFuture@129ac544[Not completed]
2019-06-12 14:24:19,361 INFO  impl.RaftServerImpl (RaftServerImpl.java:<init>(91)) - eadf7122-8cc6-4030-97dd-0393c95c93ed: new RaftServerImpl for group-7C36C844C599:[ddd5d77b-3346-4930-a235-8537459c7373:192.168.134.127:38045, eadf7122-8cc6-4030-97dd-0393c95c93ed:192.168.134.127:35231, 0e84133b-698d-463b-969f-85b13fab841c:192.168.134.127:34801] with ContainerStateMachine:uninitialized
2019-06-12 14:24:19,361 INFO  server.RaftServerConfigKeys (ConfUtils.java:logGet(43)) - raft.server.rpc.timeout.min = 1s (custom)
2019-06-12 14:24:19,361 INFO  server.RaftServerConfigKeys (ConfUtils.java:logGet(43)) - raft.server.rpc.timeout.max = 1200ms (custom)
2019-06-12 14:24:19,361 INFO  server.RaftServerConfigKeys (ConfUtils.java:logGet(43)) - raft.server.rpcslowness.timeout = 120s (custom)
2019-06-12 14:24:19,361 INFO  server.RaftServerConfigKeys (ConfUtils.java:logGet(43)) - raft.server.log.appender.install.snapshot.enabled = true (default)
2019-06-12 14:24:19,361 INFO  impl.RaftServerProxy (RaftServerProxy.java:addNew(89)) - 0e84133b-698d-463b-969f-85b13fab841c: addNew group-7C36C844C599:[ddd5d77b-3346-4930-a235-8537459c7373:192.168.134.127:38045, eadf7122-8cc6-4030-97dd-0393c95c93ed:192.168.134.127:35231, 0e84133b-698d-463b-969f-85b13fab841c:192.168.134.127:34801] returns group-7C36C844C599:java.util.concurrent.CompletableFuture@32bfbc13[Not completed]
2019-06-12 14:24:19,361 INFO  impl.RaftServerImpl (ServerState.java:<init>(101)) - eadf7122-8cc6-4030-97dd-0393c95c93ed:group-7C36C844C599 ConfigurationManager, init=-1: [ddd5d77b-3346-4930-a235-8537459c7373:192.168.134.127:38045, eadf7122-8cc6-4030-97dd-0393c95c93ed:192.168.134.127:35231, 0e84133b-698d-463b-969f-85b13fab841c:192.168.134.127:34801], old=null, confs=<EMPTY_MAP>
2019-06-12 14:24:19,362 INFO  server.RaftServerConfigKeys (ConfUtils.java:logGet(43)) - raft.server.storage.dir = [/opt/src/hadoop-ozone/integration-test/target/test-dir/MiniOzoneClusterImpl-7ceb2083-6c20-4223-baad-80db9c066544/datanode-0/data/ratis] (custom)
2019-06-12 14:24:19,362 INFO  storage.RaftStorageDirectory (RaftStorageDirectory.java:analyzeStorage(246)) - The storage directory /opt/src/hadoop-ozone/integration-test/target/test-dir/MiniOzoneClusterImpl-7ceb2083-6c20-4223-baad-80db9c066544/datanode-0/data/ratis/36130859-8f3d-41a4-8195-7c36c844c599 does not exist. Creating ...
2019-06-12 14:24:19,362 INFO  impl.RaftServerImpl (RaftServerImpl.java:<init>(91)) - 0e84133b-698d-463b-969f-85b13fab841c: new RaftServerImpl for group-7C36C844C599:[ddd5d77b-3346-4930-a235-8537459c7373:192.168.134.127:38045, eadf7122-8cc6-4030-97dd-0393c95c93ed:192.168.134.127:35231, 0e84133b-698d-463b-969f-85b13fab841c:192.168.134.127:34801] with ContainerStateMachine:uninitialized
2019-06-12 14:24:19,362 INFO  server.RaftServerConfigKeys (ConfUtils.java:logGet(43)) - raft.server.rpc.timeout.min = 1s (custom)
2019-06-12 14:24:19,363 INFO  server.RaftServerConfigKeys (ConfUtils.java:logGet(43)) - raft.server.rpc.timeout.max = 1200ms (custom)
2019-06-12 14:24:19,363 INFO  server.RaftServerConfigKeys (ConfUtils.java:logGet(43)) - raft.server.rpcslowness.timeout = 120s (custom)
2019-06-12 14:24:19,363 INFO  server.RaftServerConfigKeys (ConfUtils.java:logGet(43)) - raft.server.log.appender.install.snapshot.enabled = true (default)
2019-06-12 14:24:19,363 INFO  impl.RaftServerImpl (ServerState.java:<init>(101)) - 0e84133b-698d-463b-969f-85b13fab841c:group-7C36C844C599 ConfigurationManager, init=-1: [ddd5d77b-3346-4930-a235-8537459c7373:192.168.134.127:38045, eadf7122-8cc6-4030-97dd-0393c95c93ed:192.168.134.127:35231, 0e84133b-698d-463b-969f-85b13fab841c:192.168.134.127:34801], old=null, confs=<EMPTY_MAP>
2019-06-12 14:24:19,363 INFO  server.RaftServerConfigKeys (ConfUtils.java:logGet(43)) - raft.server.storage.dir = [/opt/src/hadoop-ozone/integration-test/target/test-dir/MiniOzoneClusterImpl-7ceb2083-6c20-4223-baad-80db9c066544/datanode-1/data/ratis] (custom)
2019-06-12 14:24:19,363 INFO  impl.RaftServerProxy (RaftServerProxy.java:addNew(89)) - ddd5d77b-3346-4930-a235-8537459c7373: addNew group-7C36C844C599:[ddd5d77b-3346-4930-a235-8537459c7373:192.168.134.127:38045, eadf7122-8cc6-4030-97dd-0393c95c93ed:192.168.134.127:35231, 0e84133b-698d-463b-969f-85b13fab841c:192.168.134.127:34801] returns group-7C36C844C599:java.util.concurrent.CompletableFuture@720f7c57[Not completed]
2019-06-12 14:24:19,363 INFO  impl.RaftServerImpl (RaftServerImpl.java:<init>(91)) - ddd5d77b-3346-4930-a235-8537459c7373: new RaftServerImpl for group-7C36C844C599:[ddd5d77b-3346-4930-a235-8537459c7373:192.168.134.127:38045, eadf7122-8cc6-4030-97dd-0393c95c93ed:192.168.134.127:35231, 0e84133b-698d-463b-969f-85b13fab841c:192.168.134.127:34801] with ContainerStateMachine:uninitialized
2019-06-12 14:24:19,363 INFO  server.RaftServerConfigKeys (ConfUtils.java:logGet(43)) - raft.server.rpc.timeout.min = 1s (custom)
2019-06-12 14:24:19,364 INFO  server.RaftServerConfigKeys (ConfUtils.java:logGet(43)) - raft.server.rpc.timeout.max = 1200ms (custom)
2019-06-12 14:24:19,364 INFO  storage.RaftStorageDirectory (RaftStorageDirectory.java:analyzeStorage(246)) - The storage directory /opt/src/hadoop-ozone/integration-test/target/test-dir/MiniOzoneClusterImpl-7ceb2083-6c20-4223-baad-80db9c066544/datanode-1/data/ratis/36130859-8f3d-41a4-8195-7c36c844c599 does not exist. Creating ...
2019-06-12 14:24:19,364 INFO  server.RaftServerConfigKeys (ConfUtils.java:logGet(43)) - raft.server.rpcslowness.timeout = 120s (custom)
2019-06-12 14:24:19,364 INFO  server.RaftServerConfigKeys (ConfUtils.java:logGet(43)) - raft.server.log.appender.install.snapshot.enabled = true (default)
2019-06-12 14:24:19,364 INFO  impl.RaftServerImpl (ServerState.java:<init>(101)) - ddd5d77b-3346-4930-a235-8537459c7373:group-7C36C844C599 ConfigurationManager, init=-1: [ddd5d77b-3346-4930-a235-8537459c7373:192.168.134.127:38045, eadf7122-8cc6-4030-97dd-0393c95c93ed:192.168.134.127:35231, 0e84133b-698d-463b-969f-85b13fab841c:192.168.134.127:34801], old=null, confs=<EMPTY_MAP>
2019-06-12 14:24:19,364 INFO  storage.RaftStorageDirectory (RaftStorageDirectory.java:tryLock(328)) - Lock on /opt/src/hadoop-ozone/integration-test/target/test-dir/MiniOzoneClusterImpl-7ceb2083-6c20-4223-baad-80db9c066544/datanode-0/data/ratis/36130859-8f3d-41a4-8195-7c36c844c599/in_use.lock acquired by nodename 12386@ozone-vl7jm-4166937383
2019-06-12 14:24:19,364 INFO  server.RaftServerConfigKeys (ConfUtils.java:logGet(43)) - raft.server.storage.dir = [/opt/src/hadoop-ozone/integration-test/target/test-dir/MiniOzoneClusterImpl-7ceb2083-6c20-4223-baad-80db9c066544/datanode-2/data/ratis] (custom)
2019-06-12 14:24:19,364 INFO  storage.RaftStorageDirectory (RaftStorageDirectory.java:analyzeStorage(246)) - The storage directory /opt/src/hadoop-ozone/integration-test/target/test-dir/MiniOzoneClusterImpl-7ceb2083-6c20-4223-baad-80db9c066544/datanode-2/data/ratis/36130859-8f3d-41a4-8195-7c36c844c599 does not exist. Creating ...
2019-06-12 14:24:19,366 INFO  storage.RaftStorageDirectory (RaftStorageDirectory.java:tryLock(328)) - Lock on /opt/src/hadoop-ozone/integration-test/target/test-dir/MiniOzoneClusterImpl-7ceb2083-6c20-4223-baad-80db9c066544/datanode-1/data/ratis/36130859-8f3d-41a4-8195-7c36c844c599/in_use.lock acquired by nodename 12386@ozone-vl7jm-4166937383
2019-06-12 14:24:19,367 INFO  storage.RaftStorageDirectory (RaftStorageDirectory.java:tryLock(328)) - Lock on /opt/src/hadoop-ozone/integration-test/target/test-dir/MiniOzoneClusterImpl-7ceb2083-6c20-4223-baad-80db9c066544/datanode-2/data/ratis/36130859-8f3d-41a4-8195-7c36c844c599/in_use.lock acquired by nodename 12386@ozone-vl7jm-4166937383
2019-06-12 14:24:19,367 INFO  storage.RaftStorage (RaftStorage.java:format(75)) - Storage directory /opt/src/hadoop-ozone/integration-test/target/test-dir/MiniOzoneClusterImpl-7ceb2083-6c20-4223-baad-80db9c066544/datanode-0/data/ratis/36130859-8f3d-41a4-8195-7c36c844c599 has been successfully formatted.
2019-06-12 14:24:19,367 INFO  ratis.ContainerStateMachine (ContainerStateMachine.java:loadSnapshot(199)) - The snapshot info is null.Setting the last applied index to:(t:0, i:~)
2019-06-12 14:24:19,367 INFO  server.RaftServerConfigKeys (ConfUtils.java:logGet(43)) - raft.server.leader.election.timeout = 120s (custom)
2019-06-12 14:24:19,367 INFO  server.RaftServerConfigKeys (ConfUtils.java:logGet(43)) - raft.server.log.use.memory = false (default)
2019-06-12 14:24:19,367 INFO  server.RaftServerConfigKeys (ConfUtils.java:logGet(43)) - raft.server.log.appender.buffer.byte-limit = 33554432 (custom)
2019-06-12 14:24:19,367 INFO  server.RaftServerConfigKeys (ConfUtils.java:logGet(43)) - raft.server.log.segment.size.max = 16384 (custom)
2019-06-12 14:24:19,368 INFO  server.RaftServerConfigKeys (ConfUtils.java:logGet(43)) - raft.server.log.segment.cache.num.max = 2 (custom)
2019-06-12 14:24:19,368 INFO  storage.RaftLogWorker (RaftLogWorker.java:<init>(123)) - new eadf7122-8cc6-4030-97dd-0393c95c93ed-RaftLogWorker for Storage Directory /opt/src/hadoop-ozone/integration-test/target/test-dir/MiniOzoneClusterImpl-7ceb2083-6c20-4223-baad-80db9c066544/datanode-0/data/ratis/36130859-8f3d-41a4-8195-7c36c844c599
2019-06-12 14:24:19,368 INFO  server.RaftServerConfigKeys (ConfUtils.java:logGet(43)) - raft.server.log.queue.byte-limit = 2147483647 (custom)
2019-06-12 14:24:19,368 INFO  server.RaftServerConfigKeys (ConfUtils.java:logGet(43)) - raft.server.log.queue.element-limit = 1024 (custom)
2019-06-12 14:24:19,368 INFO  server.RaftServerConfigKeys (ConfUtils.java:logGet(43)) - raft.server.log.segment.size.max = 16384 (custom)
2019-06-12 14:24:19,368 INFO  server.RaftServerConfigKeys (ConfUtils.java:logGet(43)) - raft.server.log.preallocated.size = 16384 (custom)
2019-06-12 14:24:19,368 INFO  server.RaftServerConfigKeys (ConfUtils.java:logGet(43)) - raft.server.log.write.buffer.size = 33554432 (custom)
2019-06-12 14:24:19,368 INFO  server.RaftServerConfigKeys (ConfUtils.java:logGet(43)) - raft.server.log.force.sync.num = 128 (default)
2019-06-12 14:24:19,368 INFO  server.RaftServerConfigKeys (ConfUtils.java:logGet(43)) - raft.server.log.statemachine.data.sync = true (default)
2019-06-12 14:24:19,368 INFO  server.RaftServerConfigKeys (ConfUtils.java:logGet(43)) - raft.server.log.statemachine.data.sync.timeout = 10s (default)
2019-06-12 14:24:19,368 INFO  server.RaftServerConfigKeys (ConfUtils.java:logGet(43)) - raft.server.log.statemachine.data.sync.timeout.retry = -1 (default)
2019-06-12 14:24:19,368 INFO  server.RaftServerConfigKeys (ConfUtils.java:logGet(43)) - raft.server.log.statemachine.data.caching.enabled = true (custom)
2019-06-12 14:24:19,368 INFO  server.RaftServerConfigKeys (ConfUtils.java:logGet(43)) - raft.server.snapshot.auto.trigger.enabled = true (custom)
2019-06-12 14:24:19,369 INFO  server.RaftServerConfigKeys (ConfUtils.java:logGet(43)) - raft.server.snapshot.auto.trigger.threshold = 10000 (custom)
2019-06-12 14:24:19,369 INFO  server.RaftServerConfigKeys (ConfUtils.java:logGet(43)) - raft.server.retrycache.expirytime = 600000ms (custom)
2019-06-12 14:24:19,369 INFO  impl.RaftServerImpl (RaftServerImpl.java:start(173)) - eadf7122-8cc6-4030-97dd-0393c95c93ed: start group-7C36C844C599
2019-06-12 14:24:19,369 INFO  impl.RaftServerImpl (RaftServerImpl.java:setRole(164)) - eadf7122-8cc6-4030-97dd-0393c95c93ed:group-7C36C844C599 changes role from null to FOLLOWER at term 0 for startAsFollower
2019-06-12 14:24:19,369 INFO  impl.RoleInfo (RoleInfo.java:updateAndGet(143)) - eadf7122-8cc6-4030-97dd-0393c95c93ed: start FollowerState
2019-06-12 14:24:19,369 INFO  storage.RaftStorage (RaftStorage.java:format(75)) - Storage directory /opt/src/hadoop-ozone/integration-test/target/test-dir/MiniOzoneClusterImpl-7ceb2083-6c20-4223-baad-80db9c066544/datanode-1/data/ratis/36130859-8f3d-41a4-8195-7c36c844c599 has been successfully formatted.
2019-06-12 14:24:19,369 INFO  ratis.ContainerStateMachine (ContainerStateMachine.java:loadSnapshot(199)) - The snapshot info is null.Setting the last applied index to:(t:0, i:~)
2019-06-12 14:24:19,369 INFO  util.JmxRegister (JmxRegister.java:tryRegister(44)) - Successfully registered JMX Bean with object name Ratis:service=RaftServer,group=group-7C36C844C599,id=eadf7122-8cc6-4030-97dd-0393c95c93ed
2019-06-12 14:24:19,369 INFO  server.RaftServerConfigKeys (ConfUtils.java:logGet(43)) - raft.server.leader.election.timeout = 120s (custom)
2019-06-12 14:24:19,369 INFO  server.RaftServerConfigKeys (ConfUtils.java:logGet(43)) - raft.server.log.use.memory = false (default)
2019-06-12 14:24:19,369 INFO  server.RaftServerConfigKeys (ConfUtils.java:logGet(43)) - raft.server.log.appender.buffer.byte-limit = 33554432 (custom)
2019-06-12 14:24:19,369 INFO  server.RaftServerConfigKeys (ConfUtils.java:logGet(43)) - raft.server.log.segment.size.max = 16384 (custom)
2019-06-12 14:24:19,370 INFO  server.RaftServerConfigKeys (ConfUtils.java:logGet(43)) - raft.server.log.segment.cache.num.max = 2 (custom)
2019-06-12 14:24:19,370 INFO  storage.RaftLogWorker (RaftLogWorker.java:<init>(123)) - new 0e84133b-698d-463b-969f-85b13fab841c-RaftLogWorker for Storage Directory /opt/src/hadoop-ozone/integration-test/target/test-dir/MiniOzoneClusterImpl-7ceb2083-6c20-4223-baad-80db9c066544/datanode-1/data/ratis/36130859-8f3d-41a4-8195-7c36c844c599
2019-06-12 14:24:19,370 INFO  server.RaftServerConfigKeys (ConfUtils.java:logGet(43)) - raft.server.log.queue.byte-limit = 2147483647 (custom)
2019-06-12 14:24:19,370 INFO  server.RaftServerConfigKeys (ConfUtils.java:logGet(43)) - raft.server.log.queue.element-limit = 1024 (custom)
2019-06-12 14:24:19,370 INFO  server.RaftServerConfigKeys (ConfUtils.java:logGet(43)) - raft.server.log.segment.size.max = 16384 (custom)
2019-06-12 14:24:19,370 INFO  server.RaftServerConfigKeys (ConfUtils.java:logGet(43)) - raft.server.log.preallocated.size = 16384 (custom)
2019-06-12 14:24:19,370 INFO  server.RaftServerConfigKeys (ConfUtils.java:logGet(43)) - raft.server.log.write.buffer.size = 33554432 (custom)
2019-06-12 14:24:19,370 INFO  storage.RaftStorage (RaftStorage.java:format(75)) - Storage directory /opt/src/hadoop-ozone/integration-test/target/test-dir/MiniOzoneClusterImpl-7ceb2083-6c20-4223-baad-80db9c066544/datanode-2/data/ratis/36130859-8f3d-41a4-8195-7c36c844c599 has been successfully formatted.
2019-06-12 14:24:19,370 INFO  ratis.ContainerStateMachine (ContainerStateMachine.java:loadSnapshot(199)) - The snapshot info is null.Setting the last applied index to:(t:0, i:~)
2019-06-12 14:24:19,371 INFO  server.RaftServerConfigKeys (ConfUtils.java:logGet(43)) - raft.server.leader.election.timeout = 120s (custom)
2019-06-12 14:24:19,371 INFO  server.RaftServerConfigKeys (ConfUtils.java:logGet(43)) - raft.server.log.use.memory = false (default)
2019-06-12 14:24:19,371 INFO  server.RaftServerConfigKeys (ConfUtils.java:logGet(43)) - raft.server.log.appender.buffer.byte-limit = 33554432 (custom)
2019-06-12 14:24:19,371 INFO  server.RaftServerConfigKeys (ConfUtils.java:logGet(43)) - raft.server.log.segment.size.max = 16384 (custom)
2019-06-12 14:24:19,371 INFO  server.RaftServerConfigKeys (ConfUtils.java:logGet(43)) - raft.server.log.segment.cache.num.max = 2 (custom)
2019-06-12 14:24:19,371 INFO  storage.RaftLogWorker (RaftLogWorker.java:<init>(123)) - new ddd5d77b-3346-4930-a235-8537459c7373-RaftLogWorker for Storage Directory /opt/src/hadoop-ozone/integration-test/target/test-dir/MiniOzoneClusterImpl-7ceb2083-6c20-4223-baad-80db9c066544/datanode-2/data/ratis/36130859-8f3d-41a4-8195-7c36c844c599
2019-06-12 14:24:19,371 INFO  server.RaftServerConfigKeys (ConfUtils.java:logGet(43)) - raft.server.log.queue.byte-limit = 2147483647 (custom)
2019-06-12 14:24:19,371 INFO  server.RaftServerConfigKeys (ConfUtils.java:logGet(43)) - raft.server.log.queue.element-limit = 1024 (custom)
2019-06-12 14:24:19,371 INFO  server.RaftServerConfigKeys (ConfUtils.java:logGet(43)) - raft.server.log.segment.size.max = 16384 (custom)
2019-06-12 14:24:19,371 INFO  server.RaftServerConfigKeys (ConfUtils.java:logGet(43)) - raft.server.log.preallocated.size = 16384 (custom)
2019-06-12 14:24:19,371 INFO  server.RaftServerConfigKeys (ConfUtils.java:logGet(43)) - raft.server.log.write.buffer.size = 33554432 (custom)
2019-06-12 14:24:19,371 INFO  server.RaftServerConfigKeys (ConfUtils.java:logGet(43)) - raft.server.log.force.sync.num = 128 (default)
2019-06-12 14:24:19,371 INFO  server.RaftServerConfigKeys (ConfUtils.java:logGet(43)) - raft.server.log.statemachine.data.sync = true (default)
2019-06-12 14:24:19,371 INFO  server.RaftServerConfigKeys (ConfUtils.java:logGet(43)) - raft.server.log.statemachine.data.sync.timeout = 10s (default)
2019-06-12 14:24:19,372 INFO  server.RaftServerConfigKeys (ConfUtils.java:logGet(43)) - raft.server.log.statemachine.data.sync.timeout.retry = -1 (default)
2019-06-12 14:24:19,372 INFO  server.RaftServerConfigKeys (ConfUtils.java:logGet(43)) - raft.server.log.statemachine.data.caching.enabled = true (custom)
2019-06-12 14:24:19,372 INFO  server.RaftServerConfigKeys (ConfUtils.java:logGet(43)) - raft.server.log.force.sync.num = 128 (default)
2019-06-12 14:24:19,372 INFO  server.RaftServerConfigKeys (ConfUtils.java:logGet(43)) - raft.server.log.statemachine.data.sync = true (default)
2019-06-12 14:24:19,372 INFO  server.RaftServerConfigKeys (ConfUtils.java:logGet(43)) - raft.server.snapshot.auto.trigger.enabled = true (custom)
2019-06-12 14:24:19,372 INFO  server.RaftServerConfigKeys (ConfUtils.java:logGet(43)) - raft.server.log.statemachine.data.sync.timeout = 10s (default)
2019-06-12 14:24:19,372 INFO  server.RaftServerConfigKeys (ConfUtils.java:logGet(43)) - raft.server.snapshot.auto.trigger.threshold = 10000 (custom)
2019-06-12 14:24:19,372 INFO  server.RaftServerConfigKeys (ConfUtils.java:logGet(43)) - raft.server.log.statemachine.data.sync.timeout.retry = -1 (default)
2019-06-12 14:24:19,372 INFO  server.RaftServerConfigKeys (ConfUtils.java:logGet(43)) - raft.server.retrycache.expirytime = 600000ms (custom)
2019-06-12 14:24:19,372 INFO  server.RaftServerConfigKeys (ConfUtils.java:logGet(43)) - raft.server.log.statemachine.data.caching.enabled = true (custom)
2019-06-12 14:24:19,372 INFO  impl.RaftServerImpl (RaftServerImpl.java:start(173)) - ddd5d77b-3346-4930-a235-8537459c7373: start group-7C36C844C599
2019-06-12 14:24:19,372 INFO  impl.RaftServerImpl (RaftServerImpl.java:setRole(164)) - ddd5d77b-3346-4930-a235-8537459c7373:group-7C36C844C599 changes role from null to FOLLOWER at term 0 for startAsFollower
2019-06-12 14:24:19,373 INFO  impl.RoleInfo (RoleInfo.java:updateAndGet(143)) - ddd5d77b-3346-4930-a235-8537459c7373: start FollowerState
2019-06-12 14:24:19,373 INFO  server.RaftServerConfigKeys (ConfUtils.java:logGet(43)) - raft.server.snapshot.auto.trigger.enabled = true (custom)
2019-06-12 14:24:19,373 INFO  server.RaftServerConfigKeys (ConfUtils.java:logGet(43)) - raft.server.snapshot.auto.trigger.threshold = 10000 (custom)
2019-06-12 14:24:19,373 INFO  util.JmxRegister (JmxRegister.java:tryRegister(44)) - Successfully registered JMX Bean with object name Ratis:service=RaftServer,group=group-7C36C844C599,id=ddd5d77b-3346-4930-a235-8537459c7373
2019-06-12 14:24:19,373 INFO  server.RaftServerConfigKeys (ConfUtils.java:logGet(43)) - raft.server.retrycache.expirytime = 600000ms (custom)
2019-06-12 14:24:19,373 INFO  impl.RaftServerImpl (RaftServerImpl.java:start(173)) - 0e84133b-698d-463b-969f-85b13fab841c: start group-7C36C844C599
2019-06-12 14:24:19,373 INFO  impl.RaftServerImpl (RaftServerImpl.java:setRole(164)) - 0e84133b-698d-463b-969f-85b13fab841c:group-7C36C844C599 changes role from null to FOLLOWER at term 0 for startAsFollower
2019-06-12 14:24:19,373 INFO  impl.RoleInfo (RoleInfo.java:updateAndGet(143)) - 0e84133b-698d-463b-969f-85b13fab841c: start FollowerState
2019-06-12 14:24:19,374 INFO  util.JmxRegister (JmxRegister.java:tryRegister(44)) - Successfully registered JMX Bean with object name Ratis:service=RaftServer,group=group-7C36C844C599,id=0e84133b-698d-463b-969f-85b13fab841c
2019-06-12 14:24:19,376 INFO  pipeline.PipelineStateManager (PipelineStateManager.java:addPipeline(56)) - Created pipeline Pipeline[ Id: 36130859-8f3d-41a4-8195-7c36c844c599, Nodes: 0e84133b-698d-463b-969f-85b13fab841c{ip: 192.168.134.127, host: ozone-vl7jm-4166937383, networkLocation: /default-rack, certSerialId: null}eadf7122-8cc6-4030-97dd-0393c95c93ed{ip: 192.168.134.127, host: ozone-vl7jm-4166937383, networkLocation: /default-rack, certSerialId: null}ddd5d77b-3346-4930-a235-8537459c7373{ip: 192.168.134.127, host: ozone-vl7jm-4166937383, networkLocation: /default-rack, certSerialId: null}, Type:RATIS, Factor:THREE, State:OPEN]
2019-06-12 14:24:19,475 INFO  node.SCMNodeManager (SCMNodeManager.java:register(234)) - Registered Data node : 61041948-5efa-4e85-8383-b406d8eab319{ip: 192.168.134.127, host: ozone-vl7jm-4166937383, networkLocation: /default-rack, certSerialId: null}
2019-06-12 14:24:19,481 INFO  impl.RaftServerProxy (RaftServerProxy.java:addNew(89)) - 61041948-5efa-4e85-8383-b406d8eab319: addNew group-2738EECC1B6D:[61041948-5efa-4e85-8383-b406d8eab319:192.168.134.127:43857] returns group-2738EECC1B6D:java.util.concurrent.CompletableFuture@a1e8277[Not completed]
2019-06-12 14:24:19,483 INFO  impl.RaftServerImpl (RaftServerImpl.java:<init>(91)) - 61041948-5efa-4e85-8383-b406d8eab319: new RaftServerImpl for group-2738EECC1B6D:[61041948-5efa-4e85-8383-b406d8eab319:192.168.134.127:43857] with ContainerStateMachine:uninitialized
2019-06-12 14:24:19,483 INFO  server.RaftServerConfigKeys (ConfUtils.java:logGet(43)) - raft.server.rpc.timeout.min = 1s (custom)
2019-06-12 14:24:19,483 INFO  server.RaftServerConfigKeys (ConfUtils.java:logGet(43)) - raft.server.rpc.timeout.max = 1200ms (custom)
2019-06-12 14:24:19,483 INFO  server.RaftServerConfigKeys (ConfUtils.java:logGet(43)) - raft.server.rpcslowness.timeout = 120s (custom)
2019-06-12 14:24:19,483 INFO  server.RaftServerConfigKeys (ConfUtils.java:logGet(43)) - raft.server.log.appender.install.snapshot.enabled = true (default)
2019-06-12 14:24:19,483 INFO  impl.RaftServerImpl (ServerState.java:<init>(101)) - 61041948-5efa-4e85-8383-b406d8eab319:group-2738EECC1B6D ConfigurationManager, init=-1: [61041948-5efa-4e85-8383-b406d8eab319:192.168.134.127:43857], old=null, confs=<EMPTY_MAP>
2019-06-12 14:24:19,483 INFO  server.RaftServerConfigKeys (ConfUtils.java:logGet(43)) - raft.server.storage.dir = [/opt/src/hadoop-ozone/integration-test/target/test-dir/MiniOzoneClusterImpl-7ceb2083-6c20-4223-baad-80db9c066544/datanode-3/data/ratis] (custom)
2019-06-12 14:24:19,484 INFO  storage.RaftStorageDirectory (RaftStorageDirectory.java:analyzeStorage(246)) - The storage directory /opt/src/hadoop-ozone/integration-test/target/test-dir/MiniOzoneClusterImpl-7ceb2083-6c20-4223-baad-80db9c066544/datanode-3/data/ratis/c1483b02-4b7c-44b2-8304-2738eecc1b6d does not exist. Creating ...
2019-06-12 14:24:19,486 INFO  storage.RaftStorageDirectory (RaftStorageDirectory.java:tryLock(328)) - Lock on /opt/src/hadoop-ozone/integration-test/target/test-dir/MiniOzoneClusterImpl-7ceb2083-6c20-4223-baad-80db9c066544/datanode-3/data/ratis/c1483b02-4b7c-44b2-8304-2738eecc1b6d/in_use.lock acquired by nodename 12386@ozone-vl7jm-4166937383
2019-06-12 14:24:19,488 INFO  storage.RaftStorage (RaftStorage.java:format(75)) - Storage directory /opt/src/hadoop-ozone/integration-test/target/test-dir/MiniOzoneClusterImpl-7ceb2083-6c20-4223-baad-80db9c066544/datanode-3/data/ratis/c1483b02-4b7c-44b2-8304-2738eecc1b6d has been successfully formatted.
2019-06-12 14:24:19,488 INFO  ratis.ContainerStateMachine (ContainerStateMachine.java:loadSnapshot(199)) - The snapshot info is null.Setting the last applied index to:(t:0, i:~)
2019-06-12 14:24:19,488 INFO  server.RaftServerConfigKeys (ConfUtils.java:logGet(43)) - raft.server.leader.election.timeout = 120s (custom)
2019-06-12 14:24:19,488 INFO  server.RaftServerConfigKeys (ConfUtils.java:logGet(43)) - raft.server.log.use.memory = false (default)
2019-06-12 14:24:19,488 INFO  server.RaftServerConfigKeys (ConfUtils.java:logGet(43)) - raft.server.log.appender.buffer.byte-limit = 33554432 (custom)
2019-06-12 14:24:19,488 INFO  server.RaftServerConfigKeys (ConfUtils.java:logGet(43)) - raft.server.log.segment.size.max = 16384 (custom)
2019-06-12 14:24:19,488 INFO  server.RaftServerConfigKeys (ConfUtils.java:logGet(43)) - raft.server.log.segment.cache.num.max = 2 (custom)
2019-06-12 14:24:19,488 INFO  storage.RaftLogWorker (RaftLogWorker.java:<init>(123)) - new 61041948-5efa-4e85-8383-b406d8eab319-RaftLogWorker for Storage Directory /opt/src/hadoop-ozone/integration-test/target/test-dir/MiniOzoneClusterImpl-7ceb2083-6c20-4223-baad-80db9c066544/datanode-3/data/ratis/c1483b02-4b7c-44b2-8304-2738eecc1b6d
2019-06-12 14:24:19,488 INFO  server.RaftServerConfigKeys (ConfUtils.java:logGet(43)) - raft.server.log.queue.byte-limit = 2147483647 (custom)
2019-06-12 14:24:19,488 INFO  server.RaftServerConfigKeys (ConfUtils.java:logGet(43)) - raft.server.log.queue.element-limit = 1024 (custom)
2019-06-12 14:24:19,488 INFO  server.RaftServerConfigKeys (ConfUtils.java:logGet(43)) - raft.server.log.segment.size.max = 16384 (custom)
2019-06-12 14:24:19,488 INFO  server.RaftServerConfigKeys (ConfUtils.java:logGet(43)) - raft.server.log.preallocated.size = 16384 (custom)
2019-06-12 14:24:19,489 INFO  server.RaftServerConfigKeys (ConfUtils.java:logGet(43)) - raft.server.log.write.buffer.size = 33554432 (custom)
2019-06-12 14:24:19,489 INFO  server.RaftServerConfigKeys (ConfUtils.java:logGet(43)) - raft.server.log.force.sync.num = 128 (default)
2019-06-12 14:24:19,489 INFO  server.RaftServerConfigKeys (ConfUtils.java:logGet(43)) - raft.server.log.statemachine.data.sync = true (default)
2019-06-12 14:24:19,489 INFO  server.RaftServerConfigKeys (ConfUtils.java:logGet(43)) - raft.server.log.statemachine.data.sync.timeout = 10s (default)
2019-06-12 14:24:19,489 INFO  server.RaftServerConfigKeys (ConfUtils.java:logGet(43)) - raft.server.log.statemachine.data.sync.timeout.retry = -1 (default)
2019-06-12 14:24:19,489 INFO  server.RaftServerConfigKeys (ConfUtils.java:logGet(43)) - raft.server.log.statemachine.data.caching.enabled = true (custom)
2019-06-12 14:24:19,489 INFO  server.RaftServerConfigKeys (ConfUtils.java:logGet(43)) - raft.server.snapshot.auto.trigger.enabled = true (custom)
2019-06-12 14:24:19,489 INFO  server.RaftServerConfigKeys (ConfUtils.java:logGet(43)) - raft.server.snapshot.auto.trigger.threshold = 10000 (custom)
2019-06-12 14:24:19,489 INFO  server.RaftServerConfigKeys (ConfUtils.java:logGet(43)) - raft.server.retrycache.expirytime = 600000ms (custom)
2019-06-12 14:24:19,489 INFO  impl.RaftServerImpl (RaftServerImpl.java:start(173)) - 61041948-5efa-4e85-8383-b406d8eab319: start group-2738EECC1B6D
2019-06-12 14:24:19,490 INFO  impl.RaftServerImpl (RaftServerImpl.java:setRole(164)) - 61041948-5efa-4e85-8383-b406d8eab319:group-2738EECC1B6D changes role from null to FOLLOWER at term 0 for startAsFollower
2019-06-12 14:24:19,490 INFO  impl.RoleInfo (RoleInfo.java:updateAndGet(143)) - 61041948-5efa-4e85-8383-b406d8eab319: start FollowerState
2019-06-12 14:24:19,490 INFO  util.JmxRegister (JmxRegister.java:tryRegister(44)) - Successfully registered JMX Bean with object name Ratis:service=RaftServer,group=group-2738EECC1B6D,id=61041948-5efa-4e85-8383-b406d8eab319
2019-06-12 14:24:19,491 INFO  pipeline.PipelineStateManager (PipelineStateManager.java:addPipeline(56)) - Created pipeline Pipeline[ Id: c1483b02-4b7c-44b2-8304-2738eecc1b6d, Nodes: 61041948-5efa-4e85-8383-b406d8eab319{ip: 192.168.134.127, host: ozone-vl7jm-4166937383, networkLocation: /default-rack, certSerialId: null}, Type:RATIS, Factor:ONE, State:OPEN]
2019-06-12 14:24:19,654 INFO  node.SCMNodeManager (SCMNodeManager.java:register(234)) - Registered Data node : 006bdc0a-fdd9-41e3-b2de-448ca74b5f92{ip: 192.168.134.127, host: ozone-vl7jm-4166937383, networkLocation: /default-rack, certSerialId: null}
2019-06-12 14:24:19,660 INFO  impl.RaftServerProxy (RaftServerProxy.java:addNew(89)) - 006bdc0a-fdd9-41e3-b2de-448ca74b5f92: addNew group-581ECE72659E:[006bdc0a-fdd9-41e3-b2de-448ca74b5f92:192.168.134.127:33287] returns group-581ECE72659E:java.util.concurrent.CompletableFuture@65c44d9d[Not completed]
2019-06-12 14:24:19,660 INFO  impl.RaftServerImpl (RaftServerImpl.java:<init>(91)) - 006bdc0a-fdd9-41e3-b2de-448ca74b5f92: new RaftServerImpl for group-581ECE72659E:[006bdc0a-fdd9-41e3-b2de-448ca74b5f92:192.168.134.127:33287] with ContainerStateMachine:uninitialized
2019-06-12 14:24:19,660 INFO  server.RaftServerConfigKeys (ConfUtils.java:logGet(43)) - raft.server.rpc.timeout.min = 1s (custom)
2019-06-12 14:24:19,660 INFO  server.RaftServerConfigKeys (ConfUtils.java:logGet(43)) - raft.server.rpc.timeout.max = 1200ms (custom)
2019-06-12 14:24:19,661 INFO  server.RaftServerConfigKeys (ConfUtils.java:logGet(43)) - raft.server.rpcslowness.timeout = 120s (custom)
2019-06-12 14:24:19,661 INFO  server.RaftServerConfigKeys (ConfUtils.java:logGet(43)) - raft.server.log.appender.install.snapshot.enabled = true (default)
2019-06-12 14:24:19,661 INFO  impl.RaftServerImpl (ServerState.java:<init>(101)) - 006bdc0a-fdd9-41e3-b2de-448ca74b5f92:group-581ECE72659E ConfigurationManager, init=-1: [006bdc0a-fdd9-41e3-b2de-448ca74b5f92:192.168.134.127:33287], old=null, confs=<EMPTY_MAP>
2019-06-12 14:24:19,661 INFO  server.RaftServerConfigKeys (ConfUtils.java:logGet(43)) - raft.server.storage.dir = [/opt/src/hadoop-ozone/integration-test/target/test-dir/MiniOzoneClusterImpl-7ceb2083-6c20-4223-baad-80db9c066544/datanode-4/data/ratis] (custom)
2019-06-12 14:24:19,661 INFO  storage.RaftStorageDirectory (RaftStorageDirectory.java:analyzeStorage(246)) - The storage directory /opt/src/hadoop-ozone/integration-test/target/test-dir/MiniOzoneClusterImpl-7ceb2083-6c20-4223-baad-80db9c066544/datanode-4/data/ratis/83993563-3572-4040-b183-581ece72659e does not exist. Creating ...
2019-06-12 14:24:19,663 INFO  storage.RaftStorageDirectory (RaftStorageDirectory.java:tryLock(328)) - Lock on /opt/src/hadoop-ozone/integration-test/target/test-dir/MiniOzoneClusterImpl-7ceb2083-6c20-4223-baad-80db9c066544/datanode-4/data/ratis/83993563-3572-4040-b183-581ece72659e/in_use.lock acquired by nodename 12386@ozone-vl7jm-4166937383
2019-06-12 14:24:19,665 INFO  storage.RaftStorage (RaftStorage.java:format(75)) - Storage directory /opt/src/hadoop-ozone/integration-test/target/test-dir/MiniOzoneClusterImpl-7ceb2083-6c20-4223-baad-80db9c066544/datanode-4/data/ratis/83993563-3572-4040-b183-581ece72659e has been successfully formatted.
2019-06-12 14:24:19,665 INFO  ratis.ContainerStateMachine (ContainerStateMachine.java:loadSnapshot(199)) - The snapshot info is null.Setting the last applied index to:(t:0, i:~)
2019-06-12 14:24:19,665 INFO  server.RaftServerConfigKeys (ConfUtils.java:logGet(43)) - raft.server.leader.election.timeout = 120s (custom)
2019-06-12 14:24:19,665 INFO  server.RaftServerConfigKeys (ConfUtils.java:logGet(43)) - raft.server.log.use.memory = false (default)
2019-06-12 14:24:19,665 INFO  server.RaftServerConfigKeys (ConfUtils.java:logGet(43)) - raft.server.log.appender.buffer.byte-limit = 33554432 (custom)
2019-06-12 14:24:19,665 INFO  server.RaftServerConfigKeys (ConfUtils.java:logGet(43)) - raft.server.log.segment.size.max = 16384 (custom)
2019-06-12 14:24:19,666 INFO  server.RaftServerConfigKeys (ConfUtils.java:logGet(43)) - raft.server.log.segment.cache.num.max = 2 (custom)
2019-06-12 14:24:19,666 INFO  storage.RaftLogWorker (RaftLogWorker.java:<init>(123)) - new 006bdc0a-fdd9-41e3-b2de-448ca74b5f92-RaftLogWorker for Storage Directory /opt/src/hadoop-ozone/integration-test/target/test-dir/MiniOzoneClusterImpl-7ceb2083-6c20-4223-baad-80db9c066544/datanode-4/data/ratis/83993563-3572-4040-b183-581ece72659e
2019-06-12 14:24:19,666 INFO  server.RaftServerConfigKeys (ConfUtils.java:logGet(43)) - raft.server.log.queue.byte-limit = 2147483647 (custom)
2019-06-12 14:24:19,666 INFO  server.RaftServerConfigKeys (ConfUtils.java:logGet(43)) - raft.server.log.queue.element-limit = 1024 (custom)
2019-06-12 14:24:19,666 INFO  server.RaftServerConfigKeys (ConfUtils.java:logGet(43)) - raft.server.log.segment.size.max = 16384 (custom)
2019-06-12 14:24:19,666 INFO  server.RaftServerConfigKeys (ConfUtils.java:logGet(43)) - raft.server.log.preallocated.size = 16384 (custom)
2019-06-12 14:24:19,666 INFO  server.RaftServerConfigKeys (ConfUtils.java:logGet(43)) - raft.server.log.write.buffer.size = 33554432 (custom)
2019-06-12 14:24:19,666 INFO  server.RaftServerConfigKeys (ConfUtils.java:logGet(43)) - raft.server.log.force.sync.num = 128 (default)
2019-06-12 14:24:19,666 INFO  server.RaftServerConfigKeys (ConfUtils.java:logGet(43)) - raft.server.log.statemachine.data.sync = true (default)
2019-06-12 14:24:19,666 INFO  server.RaftServerConfigKeys (ConfUtils.java:logGet(43)) - raft.server.log.statemachine.data.sync.timeout = 10s (default)
2019-06-12 14:24:19,666 INFO  server.RaftServerConfigKeys (ConfUtils.java:logGet(43)) - raft.server.log.statemachine.data.sync.timeout.retry = -1 (default)
2019-06-12 14:24:19,666 INFO  server.RaftServerConfigKeys (ConfUtils.java:logGet(43)) - raft.server.log.statemachine.data.caching.enabled = true (custom)
2019-06-12 14:24:19,667 INFO  server.RaftServerConfigKeys (ConfUtils.java:logGet(43)) - raft.server.snapshot.auto.trigger.enabled = true (custom)
2019-06-12 14:24:19,667 INFO  server.RaftServerConfigKeys (ConfUtils.java:logGet(43)) - raft.server.snapshot.auto.trigger.threshold = 10000 (custom)
2019-06-12 14:24:19,667 INFO  server.RaftServerConfigKeys (ConfUtils.java:logGet(43)) - raft.server.retrycache.expirytime = 600000ms (custom)
2019-06-12 14:24:19,667 INFO  impl.RaftServerImpl (RaftServerImpl.java:start(173)) - 006bdc0a-fdd9-41e3-b2de-448ca74b5f92: start group-581ECE72659E
2019-06-12 14:24:19,667 INFO  impl.RaftServerImpl (RaftServerImpl.java:setRole(164)) - 006bdc0a-fdd9-41e3-b2de-448ca74b5f92:group-581ECE72659E changes role from null to FOLLOWER at term 0 for startAsFollower
2019-06-12 14:24:19,667 INFO  impl.RoleInfo (RoleInfo.java:updateAndGet(143)) - 006bdc0a-fdd9-41e3-b2de-448ca74b5f92: start FollowerState
2019-06-12 14:24:19,667 INFO  util.JmxRegister (JmxRegister.java:tryRegister(44)) - Successfully registered JMX Bean with object name Ratis:service=RaftServer,group=group-581ECE72659E,id=006bdc0a-fdd9-41e3-b2de-448ca74b5f92
2019-06-12 14:24:19,670 INFO  pipeline.PipelineStateManager (PipelineStateManager.java:addPipeline(56)) - Created pipeline Pipeline[ Id: 83993563-3572-4040-b183-581ece72659e, Nodes: 006bdc0a-fdd9-41e3-b2de-448ca74b5f92{ip: 192.168.134.127, host: ozone-vl7jm-4166937383, networkLocation: /default-rack, certSerialId: null}, Type:RATIS, Factor:ONE, State:OPEN]
2019-06-12 14:24:19,791 INFO  node.SCMNodeManager (SCMNodeManager.java:register(234)) - Registered Data node : 0ac04be0-fe31-4b6d-9275-e6bb84eca68f{ip: 192.168.134.127, host: ozone-vl7jm-4166937383, networkLocation: /default-rack, certSerialId: null}
2019-06-12 14:24:19,797 INFO  impl.RaftServerProxy (RaftServerProxy.java:addNew(89)) - 0ac04be0-fe31-4b6d-9275-e6bb84eca68f: addNew group-2C9626F4E751:[0ac04be0-fe31-4b6d-9275-e6bb84eca68f:192.168.134.127:36189] returns group-2C9626F4E751:java.util.concurrent.CompletableFuture@272cbe1e[Not completed]
2019-06-12 14:24:19,798 INFO  impl.RaftServerImpl (RaftServerImpl.java:<init>(91)) - 0ac04be0-fe31-4b6d-9275-e6bb84eca68f: new RaftServerImpl for group-2C9626F4E751:[0ac04be0-fe31-4b6d-9275-e6bb84eca68f:192.168.134.127:36189] with ContainerStateMachine:uninitialized
2019-06-12 14:24:19,798 INFO  server.RaftServerConfigKeys (ConfUtils.java:logGet(43)) - raft.server.rpc.timeout.min = 1s (custom)
2019-06-12 14:24:19,798 INFO  server.RaftServerConfigKeys (ConfUtils.java:logGet(43)) - raft.server.rpc.timeout.max = 1200ms (custom)
2019-06-12 14:24:19,798 INFO  server.RaftServerConfigKeys (ConfUtils.java:logGet(43)) - raft.server.rpcslowness.timeout = 120s (custom)
2019-06-12 14:24:19,798 INFO  server.RaftServerConfigKeys (ConfUtils.java:logGet(43)) - raft.server.log.appender.install.snapshot.enabled = true (default)
2019-06-12 14:24:19,798 INFO  impl.RaftServerImpl (ServerState.java:<init>(101)) - 0ac04be0-fe31-4b6d-9275-e6bb84eca68f:group-2C9626F4E751 ConfigurationManager, init=-1: [0ac04be0-fe31-4b6d-9275-e6bb84eca68f:192.168.134.127:36189], old=null, confs=<EMPTY_MAP>
2019-06-12 14:24:19,798 INFO  server.RaftServerConfigKeys (ConfUtils.java:logGet(43)) - raft.server.storage.dir = [/opt/src/hadoop-ozone/integration-test/target/test-dir/MiniOzoneClusterImpl-7ceb2083-6c20-4223-baad-80db9c066544/datanode-5/data/ratis] (custom)
2019-06-12 14:24:19,799 INFO  storage.RaftStorageDirectory (RaftStorageDirectory.java:analyzeStorage(246)) - The storage directory /opt/src/hadoop-ozone/integration-test/target/test-dir/MiniOzoneClusterImpl-7ceb2083-6c20-4223-baad-80db9c066544/datanode-5/data/ratis/38c953f2-470f-4380-b069-2c9626f4e751 does not exist. Creating ...
2019-06-12 14:24:19,801 INFO  storage.RaftStorageDirectory (RaftStorageDirectory.java:tryLock(328)) - Lock on /opt/src/hadoop-ozone/integration-test/target/test-dir/MiniOzoneClusterImpl-7ceb2083-6c20-4223-baad-80db9c066544/datanode-5/data/ratis/38c953f2-470f-4380-b069-2c9626f4e751/in_use.lock acquired by nodename 12386@ozone-vl7jm-4166937383
2019-06-12 14:24:19,802 INFO  storage.RaftStorage (RaftStorage.java:format(75)) - Storage directory /opt/src/hadoop-ozone/integration-test/target/test-dir/MiniOzoneClusterImpl-7ceb2083-6c20-4223-baad-80db9c066544/datanode-5/data/ratis/38c953f2-470f-4380-b069-2c9626f4e751 has been successfully formatted.
2019-06-12 14:24:19,803 INFO  ratis.ContainerStateMachine (ContainerStateMachine.java:loadSnapshot(199)) - The snapshot info is null.Setting the last applied index to:(t:0, i:~)
2019-06-12 14:24:19,803 INFO  server.RaftServerConfigKeys (ConfUtils.java:logGet(43)) - raft.server.leader.election.timeout = 120s (custom)
2019-06-12 14:24:19,803 INFO  server.RaftServerConfigKeys (ConfUtils.java:logGet(43)) - raft.server.log.use.memory = false (default)
2019-06-12 14:24:19,803 INFO  server.RaftServerConfigKeys (ConfUtils.java:logGet(43)) - raft.server.log.appender.buffer.byte-limit = 33554432 (custom)
2019-06-12 14:24:19,803 INFO  server.RaftServerConfigKeys (ConfUtils.java:logGet(43)) - raft.server.log.segment.size.max = 16384 (custom)
2019-06-12 14:24:19,803 INFO  server.RaftServerConfigKeys (ConfUtils.java:logGet(43)) - raft.server.log.segment.cache.num.max = 2 (custom)
2019-06-12 14:24:19,803 INFO  storage.RaftLogWorker (RaftLogWorker.java:<init>(123)) - new 0ac04be0-fe31-4b6d-9275-e6bb84eca68f-RaftLogWorker for Storage Directory /opt/src/hadoop-ozone/integration-test/target/test-dir/MiniOzoneClusterImpl-7ceb2083-6c20-4223-baad-80db9c066544/datanode-5/data/ratis/38c953f2-470f-4380-b069-2c9626f4e751
2019-06-12 14:24:19,803 INFO  server.RaftServerConfigKeys (ConfUtils.java:logGet(43)) - raft.server.log.queue.byte-limit = 2147483647 (custom)
2019-06-12 14:24:19,803 INFO  server.RaftServerConfigKeys (ConfUtils.java:logGet(43)) - raft.server.log.queue.element-limit = 1024 (custom)
2019-06-12 14:24:19,803 INFO  server.RaftServerConfigKeys (ConfUtils.java:logGet(43)) - raft.server.log.segment.size.max = 16384 (custom)
2019-06-12 14:24:19,803 INFO  server.RaftServerConfigKeys (ConfUtils.java:logGet(43)) - raft.server.log.preallocated.size = 16384 (custom)
2019-06-12 14:24:19,803 INFO  server.RaftServerConfigKeys (ConfUtils.java:logGet(43)) - raft.server.log.write.buffer.size = 33554432 (custom)
2019-06-12 14:24:19,803 INFO  server.RaftServerConfigKeys (ConfUtils.java:logGet(43)) - raft.server.log.force.sync.num = 128 (default)
2019-06-12 14:24:19,803 INFO  server.RaftServerConfigKeys (ConfUtils.java:logGet(43)) - raft.server.log.statemachine.data.sync = true (default)
2019-06-12 14:24:19,803 INFO  server.RaftServerConfigKeys (ConfUtils.java:logGet(43)) - raft.server.log.statemachine.data.sync.timeout = 10s (default)
2019-06-12 14:24:19,804 INFO  server.RaftServerConfigKeys (ConfUtils.java:logGet(43)) - raft.server.log.statemachine.data.sync.timeout.retry = -1 (default)
2019-06-12 14:24:19,804 INFO  server.RaftServerConfigKeys (ConfUtils.java:logGet(43)) - raft.server.log.statemachine.data.caching.enabled = true (custom)
2019-06-12 14:24:19,804 INFO  server.RaftServerConfigKeys (ConfUtils.java:logGet(43)) - raft.server.snapshot.auto.trigger.enabled = true (custom)
2019-06-12 14:24:19,804 INFO  server.RaftServerConfigKeys (ConfUtils.java:logGet(43)) - raft.server.snapshot.auto.trigger.threshold = 10000 (custom)
2019-06-12 14:24:19,804 INFO  server.RaftServerConfigKeys (ConfUtils.java:logGet(43)) - raft.server.retrycache.expirytime = 600000ms (custom)
2019-06-12 14:24:19,804 INFO  impl.RaftServerImpl (RaftServerImpl.java:start(173)) - 0ac04be0-fe31-4b6d-9275-e6bb84eca68f: start group-2C9626F4E751
2019-06-12 14:24:19,804 INFO  impl.RaftServerImpl (RaftServerImpl.java:setRole(164)) - 0ac04be0-fe31-4b6d-9275-e6bb84eca68f:group-2C9626F4E751 changes role from null to FOLLOWER at term 0 for startAsFollower
2019-06-12 14:24:19,804 INFO  impl.RoleInfo (RoleInfo.java:updateAndGet(143)) - 0ac04be0-fe31-4b6d-9275-e6bb84eca68f: start FollowerState
2019-06-12 14:24:19,805 INFO  util.JmxRegister (JmxRegister.java:tryRegister(44)) - Successfully registered JMX Bean with object name Ratis:service=RaftServer,group=group-2C9626F4E751,id=0ac04be0-fe31-4b6d-9275-e6bb84eca68f
2019-06-12 14:24:19,806 INFO  pipeline.PipelineStateManager (PipelineStateManager.java:addPipeline(56)) - Created pipeline Pipeline[ Id: 38c953f2-470f-4380-b069-2c9626f4e751, Nodes: 0ac04be0-fe31-4b6d-9275-e6bb84eca68f{ip: 192.168.134.127, host: ozone-vl7jm-4166937383, networkLocation: /default-rack, certSerialId: null}, Type:RATIS, Factor:ONE, State:OPEN]
2019-06-12 14:24:19,815 INFO  impl.RaftServerProxy (RaftServerProxy.java:addNew(89)) - 61041948-5efa-4e85-8383-b406d8eab319: addNew group-D779E751AFFC:[0ac04be0-fe31-4b6d-9275-e6bb84eca68f:192.168.134.127:36189, 006bdc0a-fdd9-41e3-b2de-448ca74b5f92:192.168.134.127:33287, 61041948-5efa-4e85-8383-b406d8eab319:192.168.134.127:43857] returns group-D779E751AFFC:java.util.concurrent.CompletableFuture@40e78985[Not completed]
2019-06-12 14:24:19,815 INFO  impl.RaftServerProxy (RaftServerProxy.java:addNew(89)) - 006bdc0a-fdd9-41e3-b2de-448ca74b5f92: addNew group-D779E751AFFC:[0ac04be0-fe31-4b6d-9275-e6bb84eca68f:192.168.134.127:36189, 006bdc0a-fdd9-41e3-b2de-448ca74b5f92:192.168.134.127:33287, 61041948-5efa-4e85-8383-b406d8eab319:192.168.134.127:43857] returns group-D779E751AFFC:java.util.concurrent.CompletableFuture@357feea3[Not completed]
2019-06-12 14:24:19,815 INFO  impl.RaftServerImpl (RaftServerImpl.java:<init>(91)) - 61041948-5efa-4e85-8383-b406d8eab319: new RaftServerImpl for group-D779E751AFFC:[0ac04be0-fe31-4b6d-9275-e6bb84eca68f:192.168.134.127:36189, 006bdc0a-fdd9-41e3-b2de-448ca74b5f92:192.168.134.127:33287, 61041948-5efa-4e85-8383-b406d8eab319:192.168.134.127:43857] with ContainerStateMachine:uninitialized
2019-06-12 14:24:19,815 INFO  server.RaftServerConfigKeys (ConfUtils.java:logGet(43)) - raft.server.rpc.timeout.min = 1s (custom)
2019-06-12 14:24:19,816 INFO  server.RaftServerConfigKeys (ConfUtils.java:logGet(43)) - raft.server.rpc.timeout.max = 1200ms (custom)
2019-06-12 14:24:19,816 INFO  server.RaftServerConfigKeys (ConfUtils.java:logGet(43)) - raft.server.rpcslowness.timeout = 120s (custom)
2019-06-12 14:24:19,816 INFO  impl.RaftServerImpl (RaftServerImpl.java:<init>(91)) - 006bdc0a-fdd9-41e3-b2de-448ca74b5f92: new RaftServerImpl for group-D779E751AFFC:[0ac04be0-fe31-4b6d-9275-e6bb84eca68f:192.168.134.127:36189, 006bdc0a-fdd9-41e3-b2de-448ca74b5f92:192.168.134.127:33287, 61041948-5efa-4e85-8383-b406d8eab319:192.168.134.127:43857] with ContainerStateMachine:uninitialized
2019-06-12 14:24:19,816 INFO  server.RaftServerConfigKeys (ConfUtils.java:logGet(43)) - raft.server.log.appender.install.snapshot.enabled = true (default)
2019-06-12 14:24:19,816 INFO  impl.RaftServerImpl (ServerState.java:<init>(101)) - 61041948-5efa-4e85-8383-b406d8eab319:group-D779E751AFFC ConfigurationManager, init=-1: [0ac04be0-fe31-4b6d-9275-e6bb84eca68f:192.168.134.127:36189, 006bdc0a-fdd9-41e3-b2de-448ca74b5f92:192.168.134.127:33287, 61041948-5efa-4e85-8383-b406d8eab319:192.168.134.127:43857], old=null, confs=<EMPTY_MAP>
2019-06-12 14:24:19,816 INFO  server.RaftServerConfigKeys (ConfUtils.java:logGet(43)) - raft.server.storage.dir = [/opt/src/hadoop-ozone/integration-test/target/test-dir/MiniOzoneClusterImpl-7ceb2083-6c20-4223-baad-80db9c066544/datanode-3/data/ratis] (custom)
2019-06-12 14:24:19,816 INFO  storage.RaftStorageDirectory (RaftStorageDirectory.java:analyzeStorage(246)) - The storage directory /opt/src/hadoop-ozone/integration-test/target/test-dir/MiniOzoneClusterImpl-7ceb2083-6c20-4223-baad-80db9c066544/datanode-3/data/ratis/423c88f5-29a7-475f-821f-d779e751affc does not exist. Creating ...
2019-06-12 14:24:19,816 INFO  impl.RaftServerProxy (RaftServerProxy.java:addNew(89)) - 0ac04be0-fe31-4b6d-9275-e6bb84eca68f: addNew group-D779E751AFFC:[0ac04be0-fe31-4b6d-9275-e6bb84eca68f:192.168.134.127:36189, 006bdc0a-fdd9-41e3-b2de-448ca74b5f92:192.168.134.127:33287, 61041948-5efa-4e85-8383-b406d8eab319:192.168.134.127:43857] returns group-D779E751AFFC:java.util.concurrent.CompletableFuture@3903647[Not completed]
2019-06-12 14:24:19,816 INFO  server.RaftServerConfigKeys (ConfUtils.java:logGet(43)) - raft.server.rpc.timeout.min = 1s (custom)
2019-06-12 14:24:19,817 INFO  server.RaftServerConfigKeys (ConfUtils.java:logGet(43)) - raft.server.rpc.timeout.max = 1200ms (custom)
2019-06-12 14:24:19,817 INFO  server.RaftServerConfigKeys (ConfUtils.java:logGet(43)) - raft.server.rpcslowness.timeout = 120s (custom)
2019-06-12 14:24:19,817 INFO  impl.RaftServerImpl (RaftServerImpl.java:<init>(91)) - 0ac04be0-fe31-4b6d-9275-e6bb84eca68f: new RaftServerImpl for group-D779E751AFFC:[0ac04be0-fe31-4b6d-9275-e6bb84eca68f:192.168.134.127:36189, 006bdc0a-fdd9-41e3-b2de-448ca74b5f92:192.168.134.127:33287, 61041948-5efa-4e85-8383-b406d8eab319:192.168.134.127:43857] with ContainerStateMachine:uninitialized
2019-06-12 14:24:19,817 INFO  server.RaftServerConfigKeys (ConfUtils.java:logGet(43)) - raft.server.log.appender.install.snapshot.enabled = true (default)
2019-06-12 14:24:19,817 INFO  server.RaftServerConfigKeys (ConfUtils.java:logGet(43)) - raft.server.rpc.timeout.min = 1s (custom)
2019-06-12 14:24:19,817 INFO  impl.RaftServerImpl (ServerState.java:<init>(101)) - 006bdc0a-fdd9-41e3-b2de-448ca74b5f92:group-D779E751AFFC ConfigurationManager, init=-1: [0ac04be0-fe31-4b6d-9275-e6bb84eca68f:192.168.134.127:36189, 006bdc0a-fdd9-41e3-b2de-448ca74b5f92:192.168.134.127:33287, 61041948-5efa-4e85-8383-b406d8eab319:192.168.134.127:43857], old=null, confs=<EMPTY_MAP>
2019-06-12 14:24:19,817 INFO  server.RaftServerConfigKeys (ConfUtils.java:logGet(43)) - raft.server.storage.dir = [/opt/src/hadoop-ozone/integration-test/target/test-dir/MiniOzoneClusterImpl-7ceb2083-6c20-4223-baad-80db9c066544/datanode-4/data/ratis] (custom)
2019-06-12 14:24:19,817 INFO  server.RaftServerConfigKeys (ConfUtils.java:logGet(43)) - raft.server.rpc.timeout.max = 1200ms (custom)
2019-06-12 14:24:19,818 INFO  server.RaftServerConfigKeys (ConfUtils.java:logGet(43)) - raft.server.rpcslowness.timeout = 120s (custom)
2019-06-12 14:24:19,818 INFO  server.RaftServerConfigKeys (ConfUtils.java:logGet(43)) - raft.server.log.appender.install.snapshot.enabled = true (default)
2019-06-12 14:24:19,818 INFO  storage.RaftStorageDirectory (RaftStorageDirectory.java:analyzeStorage(246)) - The storage directory /opt/src/hadoop-ozone/integration-test/target/test-dir/MiniOzoneClusterImpl-7ceb2083-6c20-4223-baad-80db9c066544/datanode-4/data/ratis/423c88f5-29a7-475f-821f-d779e751affc does not exist. Creating ...
2019-06-12 14:24:19,818 INFO  impl.RaftServerImpl (ServerState.java:<init>(101)) - 0ac04be0-fe31-4b6d-9275-e6bb84eca68f:group-D779E751AFFC ConfigurationManager, init=-1: [0ac04be0-fe31-4b6d-9275-e6bb84eca68f:192.168.134.127:36189, 006bdc0a-fdd9-41e3-b2de-448ca74b5f92:192.168.134.127:33287, 61041948-5efa-4e85-8383-b406d8eab319:192.168.134.127:43857], old=null, confs=<EMPTY_MAP>
2019-06-12 14:24:19,818 INFO  storage.RaftStorageDirectory (RaftStorageDirectory.java:tryLock(328)) - Lock on /opt/src/hadoop-ozone/integration-test/target/test-dir/MiniOzoneClusterImpl-7ceb2083-6c20-4223-baad-80db9c066544/datanode-3/data/ratis/423c88f5-29a7-475f-821f-d779e751affc/in_use.lock acquired by nodename 12386@ozone-vl7jm-4166937383
2019-06-12 14:24:19,819 INFO  server.RaftServerConfigKeys (ConfUtils.java:logGet(43)) - raft.server.storage.dir = [/opt/src/hadoop-ozone/integration-test/target/test-dir/MiniOzoneClusterImpl-7ceb2083-6c20-4223-baad-80db9c066544/datanode-5/data/ratis] (custom)
2019-06-12 14:24:19,819 INFO  storage.RaftStorageDirectory (RaftStorageDirectory.java:analyzeStorage(246)) - The storage directory /opt/src/hadoop-ozone/integration-test/target/test-dir/MiniOzoneClusterImpl-7ceb2083-6c20-4223-baad-80db9c066544/datanode-5/data/ratis/423c88f5-29a7-475f-821f-d779e751affc does not exist. Creating ...
2019-06-12 14:24:19,820 INFO  storage.RaftStorageDirectory (RaftStorageDirectory.java:tryLock(328)) - Lock on /opt/src/hadoop-ozone/integration-test/target/test-dir/MiniOzoneClusterImpl-7ceb2083-6c20-4223-baad-80db9c066544/datanode-4/data/ratis/423c88f5-29a7-475f-821f-d779e751affc/in_use.lock acquired by nodename 12386@ozone-vl7jm-4166937383
2019-06-12 14:24:19,820 INFO  storage.RaftStorage (RaftStorage.java:format(75)) - Storage directory /opt/src/hadoop-ozone/integration-test/target/test-dir/MiniOzoneClusterImpl-7ceb2083-6c20-4223-baad-80db9c066544/datanode-3/data/ratis/423c88f5-29a7-475f-821f-d779e751affc has been successfully formatted.
2019-06-12 14:24:19,820 INFO  ratis.ContainerStateMachine (ContainerStateMachine.java:loadSnapshot(199)) - The snapshot info is null.Setting the last applied index to:(t:0, i:~)
2019-06-12 14:24:19,820 INFO  server.RaftServerConfigKeys (ConfUtils.java:logGet(43)) - raft.server.leader.election.timeout = 120s (custom)
2019-06-12 14:24:19,820 INFO  server.RaftServerConfigKeys (ConfUtils.java:logGet(43)) - raft.server.log.use.memory = false (default)
2019-06-12 14:24:19,820 INFO  server.RaftServerConfigKeys (ConfUtils.java:logGet(43)) - raft.server.log.appender.buffer.byte-limit = 33554432 (custom)
2019-06-12 14:24:19,820 INFO  server.RaftServerConfigKeys (ConfUtils.java:logGet(43)) - raft.server.log.segment.size.max = 16384 (custom)
2019-06-12 14:24:19,821 INFO  server.RaftServerConfigKeys (ConfUtils.java:logGet(43)) - raft.server.log.segment.cache.num.max = 2 (custom)
2019-06-12 14:24:19,821 INFO  storage.RaftLogWorker (RaftLogWorker.java:<init>(123)) - new 61041948-5efa-4e85-8383-b406d8eab319-RaftLogWorker for Storage Directory /opt/src/hadoop-ozone/integration-test/target/test-dir/MiniOzoneClusterImpl-7ceb2083-6c20-4223-baad-80db9c066544/datanode-3/data/ratis/423c88f5-29a7-475f-821f-d779e751affc
2019-06-12 14:24:19,821 INFO  server.RaftServerConfigKeys (ConfUtils.java:logGet(43)) - raft.server.log.queue.byte-limit = 2147483647 (custom)
2019-06-12 14:24:19,821 INFO  server.RaftServerConfigKeys (ConfUtils.java:logGet(43)) - raft.server.log.queue.element-limit = 1024 (custom)
2019-06-12 14:24:19,821 INFO  server.RaftServerConfigKeys (ConfUtils.java:logGet(43)) - raft.server.log.segment.size.max = 16384 (custom)
2019-06-12 14:24:19,821 INFO  server.RaftServerConfigKeys (ConfUtils.java:logGet(43)) - raft.server.log.preallocated.size = 16384 (custom)
2019-06-12 14:24:19,821 INFO  server.RaftServerConfigKeys (ConfUtils.java:logGet(43)) - raft.server.log.write.buffer.size = 33554432 (custom)
2019-06-12 14:24:19,821 INFO  storage.RaftStorageDirectory (RaftStorageDirectory.java:tryLock(328)) - Lock on /opt/src/hadoop-ozone/integration-test/target/test-dir/MiniOzoneClusterImpl-7ceb2083-6c20-4223-baad-80db9c066544/datanode-5/data/ratis/423c88f5-29a7-475f-821f-d779e751affc/in_use.lock acquired by nodename 12386@ozone-vl7jm-4166937383
2019-06-12 14:24:19,821 INFO  server.RaftServerConfigKeys (ConfUtils.java:logGet(43)) - raft.server.log.force.sync.num = 128 (default)
2019-06-12 14:24:19,821 INFO  server.RaftServerConfigKeys (ConfUtils.java:logGet(43)) - raft.server.log.statemachine.data.sync = true (default)
2019-06-12 14:24:19,822 INFO  server.RaftServerConfigKeys (ConfUtils.java:logGet(43)) - raft.server.log.statemachine.data.sync.timeout = 10s (default)
2019-06-12 14:24:19,822 INFO  server.RaftServerConfigKeys (ConfUtils.java:logGet(43)) - raft.server.log.statemachine.data.sync.timeout.retry = -1 (default)
2019-06-12 14:24:19,822 INFO  server.RaftServerConfigKeys (ConfUtils.java:logGet(43)) - raft.server.log.statemachine.data.caching.enabled = true (custom)
2019-06-12 14:24:19,822 INFO  server.RaftServerConfigKeys (ConfUtils.java:logGet(43)) - raft.server.snapshot.auto.trigger.enabled = true (custom)
2019-06-12 14:24:19,822 INFO  server.RaftServerConfigKeys (ConfUtils.java:logGet(43)) - raft.server.snapshot.auto.trigger.threshold = 10000 (custom)
2019-06-12 14:24:19,822 INFO  server.RaftServerConfigKeys (ConfUtils.java:logGet(43)) - raft.server.retrycache.expirytime = 600000ms (custom)
2019-06-12 14:24:19,823 INFO  impl.RaftServerImpl (RaftServerImpl.java:start(173)) - 61041948-5efa-4e85-8383-b406d8eab319: start group-D779E751AFFC
2019-06-12 14:24:19,823 INFO  impl.RaftServerImpl (RaftServerImpl.java:setRole(164)) - 61041948-5efa-4e85-8383-b406d8eab319:group-D779E751AFFC changes role from null to FOLLOWER at term 0 for startAsFollower
2019-06-12 14:24:19,823 INFO  storage.RaftStorage (RaftStorage.java:format(75)) - Storage directory /opt/src/hadoop-ozone/integration-test/target/test-dir/MiniOzoneClusterImpl-7ceb2083-6c20-4223-baad-80db9c066544/datanode-4/data/ratis/423c88f5-29a7-475f-821f-d779e751affc has been successfully formatted.
2019-06-12 14:24:19,823 INFO  impl.RoleInfo (RoleInfo.java:updateAndGet(143)) - 61041948-5efa-4e85-8383-b406d8eab319: start FollowerState
2019-06-12 14:24:19,823 INFO  util.JmxRegister (JmxRegister.java:tryRegister(44)) - Successfully registered JMX Bean with object name Ratis:service=RaftServer,group=group-D779E751AFFC,id=61041948-5efa-4e85-8383-b406d8eab319
2019-06-12 14:24:19,824 INFO  ratis.ContainerStateMachine (ContainerStateMachine.java:loadSnapshot(199)) - The snapshot info is null.Setting the last applied index to:(t:0, i:~)
2019-06-12 14:24:19,824 INFO  server.RaftServerConfigKeys (ConfUtils.java:logGet(43)) - raft.server.leader.election.timeout = 120s (custom)
2019-06-12 14:24:19,824 INFO  server.RaftServerConfigKeys (ConfUtils.java:logGet(43)) - raft.server.log.use.memory = false (default)
2019-06-12 14:24:19,824 INFO  server.RaftServerConfigKeys (ConfUtils.java:logGet(43)) - raft.server.log.appender.buffer.byte-limit = 33554432 (custom)
2019-06-12 14:24:19,824 INFO  server.RaftServerConfigKeys (ConfUtils.java:logGet(43)) - raft.server.log.segment.size.max = 16384 (custom)
2019-06-12 14:24:19,824 INFO  server.RaftServerConfigKeys (ConfUtils.java:logGet(43)) - raft.server.log.segment.cache.num.max = 2 (custom)
2019-06-12 14:24:19,824 INFO  storage.RaftLogWorker (RaftLogWorker.java:<init>(123)) - new 006bdc0a-fdd9-41e3-b2de-448ca74b5f92-RaftLogWorker for Storage Directory /opt/src/hadoop-ozone/integration-test/target/test-dir/MiniOzoneClusterImpl-7ceb2083-6c20-4223-baad-80db9c066544/datanode-4/data/ratis/423c88f5-29a7-475f-821f-d779e751affc
2019-06-12 14:24:19,824 INFO  server.RaftServerConfigKeys (ConfUtils.java:logGet(43)) - raft.server.log.queue.byte-limit = 2147483647 (custom)
2019-06-12 14:24:19,824 INFO  storage.RaftStorage (RaftStorage.java:format(75)) - Storage directory /opt/src/hadoop-ozone/integration-test/target/test-dir/MiniOzoneClusterImpl-7ceb2083-6c20-4223-baad-80db9c066544/datanode-5/data/ratis/423c88f5-29a7-475f-821f-d779e751affc has been successfully formatted.
2019-06-12 14:24:19,824 INFO  server.RaftServerConfigKeys (ConfUtils.java:logGet(43)) - raft.server.log.queue.element-limit = 1024 (custom)
2019-06-12 14:24:19,825 INFO  ratis.ContainerStateMachine (ContainerStateMachine.java:loadSnapshot(199)) - The snapshot info is null.Setting the last applied index to:(t:0, i:~)
2019-06-12 14:24:19,825 INFO  server.RaftServerConfigKeys (ConfUtils.java:logGet(43)) - raft.server.log.segment.size.max = 16384 (custom)
2019-06-12 14:24:19,825 INFO  server.RaftServerConfigKeys (ConfUtils.java:logGet(43)) - raft.server.leader.election.timeout = 120s (custom)
2019-06-12 14:24:19,825 INFO  server.RaftServerConfigKeys (ConfUtils.java:logGet(43)) - raft.server.log.preallocated.size = 16384 (custom)
2019-06-12 14:24:19,825 INFO  server.RaftServerConfigKeys (ConfUtils.java:logGet(43)) - raft.server.log.use.memory = false (default)
2019-06-12 14:24:19,825 INFO  server.RaftServerConfigKeys (ConfUtils.java:logGet(43)) - raft.server.log.write.buffer.size = 33554432 (custom)
2019-06-12 14:24:19,825 INFO  server.RaftServerConfigKeys (ConfUtils.java:logGet(43)) - raft.server.log.appender.buffer.byte-limit = 33554432 (custom)
2019-06-12 14:24:19,825 INFO  server.RaftServerConfigKeys (ConfUtils.java:logGet(43)) - raft.server.log.force.sync.num = 128 (default)
2019-06-12 14:24:19,825 INFO  server.RaftServerConfigKeys (ConfUtils.java:logGet(43)) - raft.server.log.segment.size.max = 16384 (custom)
2019-06-12 14:24:19,825 INFO  server.RaftServerConfigKeys (ConfUtils.java:logGet(43)) - raft.server.log.statemachine.data.sync = true (default)
2019-06-12 14:24:19,825 INFO  server.RaftServerConfigKeys (ConfUtils.java:logGet(43)) - raft.server.log.segment.cache.num.max = 2 (custom)
2019-06-12 14:24:19,826 INFO  server.RaftServerConfigKeys (ConfUtils.java:logGet(43)) - raft.server.log.statemachine.data.sync.timeout = 10s (default)
2019-06-12 14:24:19,826 INFO  storage.RaftLogWorker (RaftLogWorker.java:<init>(123)) - new 0ac04be0-fe31-4b6d-9275-e6bb84eca68f-RaftLogWorker for Storage Directory /opt/src/hadoop-ozone/integration-test/target/test-dir/MiniOzoneClusterImpl-7ceb2083-6c20-4223-baad-80db9c066544/datanode-5/data/ratis/423c88f5-29a7-475f-821f-d779e751affc
2019-06-12 14:24:19,826 INFO  server.RaftServerConfigKeys (ConfUtils.java:logGet(43)) - raft.server.log.statemachine.data.sync.timeout.retry = -1 (default)
2019-06-12 14:24:19,826 INFO  server.RaftServerConfigKeys (ConfUtils.java:logGet(43)) - raft.server.log.queue.byte-limit = 2147483647 (custom)
2019-06-12 14:24:19,826 INFO  server.RaftServerConfigKeys (ConfUtils.java:logGet(43)) - raft.server.log.statemachine.data.caching.enabled = true (custom)
2019-06-12 14:24:19,826 INFO  server.RaftServerConfigKeys (ConfUtils.java:logGet(43)) - raft.server.log.queue.element-limit = 1024 (custom)
2019-06-12 14:24:19,826 INFO  server.RaftServerConfigKeys (ConfUtils.java:logGet(43)) - raft.server.log.segment.size.max = 16384 (custom)
2019-06-12 14:24:19,826 INFO  server.RaftServerConfigKeys (ConfUtils.java:logGet(43)) - raft.server.log.preallocated.size = 16384 (custom)
2019-06-12 14:24:19,826 INFO  server.RaftServerConfigKeys (ConfUtils.java:logGet(43)) - raft.server.snapshot.auto.trigger.enabled = true (custom)
2019-06-12 14:24:19,826 INFO  server.RaftServerConfigKeys (ConfUtils.java:logGet(43)) - raft.server.log.write.buffer.size = 33554432 (custom)
2019-06-12 14:24:19,826 INFO  server.RaftServerConfigKeys (ConfUtils.java:logGet(43)) - raft.server.snapshot.auto.trigger.threshold = 10000 (custom)
2019-06-12 14:24:19,827 INFO  server.RaftServerConfigKeys (ConfUtils.java:logGet(43)) - raft.server.log.force.sync.num = 128 (default)
2019-06-12 14:24:19,827 INFO  server.RaftServerConfigKeys (ConfUtils.java:logGet(43)) - raft.server.retrycache.expirytime = 600000ms (custom)
2019-06-12 14:24:19,827 INFO  server.RaftServerConfigKeys (ConfUtils.java:logGet(43)) - raft.server.log.statemachine.data.sync = true (default)
2019-06-12 14:24:19,827 INFO  impl.RaftServerImpl (RaftServerImpl.java:start(173)) - 006bdc0a-fdd9-41e3-b2de-448ca74b5f92: start group-D779E751AFFC
2019-06-12 14:24:19,827 INFO  server.RaftServerConfigKeys (ConfUtils.java:logGet(43)) - raft.server.log.statemachine.data.sync.timeout = 10s (default)
2019-06-12 14:24:19,827 INFO  impl.RaftServerImpl (RaftServerImpl.java:setRole(164)) - 006bdc0a-fdd9-41e3-b2de-448ca74b5f92:group-D779E751AFFC changes role from null to FOLLOWER at term 0 for startAsFollower
2019-06-12 14:24:19,827 INFO  server.RaftServerConfigKeys (ConfUtils.java:logGet(43)) - raft.server.log.statemachine.data.sync.timeout.retry = -1 (default)
2019-06-12 14:24:19,827 INFO  impl.RoleInfo (RoleInfo.java:updateAndGet(143)) - 006bdc0a-fdd9-41e3-b2de-448ca74b5f92: start FollowerState
2019-06-12 14:24:19,827 INFO  server.RaftServerConfigKeys (ConfUtils.java:logGet(43)) - raft.server.log.statemachine.data.caching.enabled = true (custom)
2019-06-12 14:24:19,828 INFO  util.JmxRegister (JmxRegister.java:tryRegister(44)) - Successfully registered JMX Bean with object name Ratis:service=RaftServer,group=group-D779E751AFFC,id=006bdc0a-fdd9-41e3-b2de-448ca74b5f92
2019-06-12 14:24:19,831 INFO  server.RaftServerConfigKeys (ConfUtils.java:logGet(43)) - raft.server.snapshot.auto.trigger.enabled = true (custom)
2019-06-12 14:24:19,832 INFO  server.RaftServerConfigKeys (ConfUtils.java:logGet(43)) - raft.server.snapshot.auto.trigger.threshold = 10000 (custom)
2019-06-12 14:24:19,834 INFO  server.RaftServerConfigKeys (ConfUtils.java:logGet(43)) - raft.server.retrycache.expirytime = 600000ms (custom)
2019-06-12 14:24:19,834 INFO  impl.RaftServerImpl (RaftServerImpl.java:start(173)) - 0ac04be0-fe31-4b6d-9275-e6bb84eca68f: start group-D779E751AFFC
2019-06-12 14:24:19,834 INFO  impl.RaftServerImpl (RaftServerImpl.java:setRole(164)) - 0ac04be0-fe31-4b6d-9275-e6bb84eca68f:group-D779E751AFFC changes role from null to FOLLOWER at term 0 for startAsFollower
2019-06-12 14:24:19,834 INFO  impl.RoleInfo (RoleInfo.java:updateAndGet(143)) - 0ac04be0-fe31-4b6d-9275-e6bb84eca68f: start FollowerState
2019-06-12 14:24:19,834 INFO  util.JmxRegister (JmxRegister.java:tryRegister(44)) - Successfully registered JMX Bean with object name Ratis:service=RaftServer,group=group-D779E751AFFC,id=0ac04be0-fe31-4b6d-9275-e6bb84eca68f
2019-06-12 14:24:19,839 INFO  pipeline.PipelineStateManager (PipelineStateManager.java:addPipeline(56)) - Created pipeline Pipeline[ Id: 423c88f5-29a7-475f-821f-d779e751affc, Nodes: 006bdc0a-fdd9-41e3-b2de-448ca74b5f92{ip: 192.168.134.127, host: ozone-vl7jm-4166937383, networkLocation: /default-rack, certSerialId: null}0ac04be0-fe31-4b6d-9275-e6bb84eca68f{ip: 192.168.134.127, host: ozone-vl7jm-4166937383, networkLocation: /default-rack, certSerialId: null}61041948-5efa-4e85-8383-b406d8eab319{ip: 192.168.134.127, host: ozone-vl7jm-4166937383, networkLocation: /default-rack, certSerialId: null}, Type:RATIS, Factor:THREE, State:OPEN]
2019-06-12 14:24:19,916 INFO  ozone.MiniOzoneClusterImpl (MiniOzoneClusterImpl.java:lambda$waitForClusterToBeReady$0(142)) - Waiting for cluster to be ready. Got 6 of 7 DN Heartbeats.
2019-06-12 14:24:19,921 INFO  node.SCMNodeManager (SCMNodeManager.java:register(234)) - Registered Data node : c158c30c-af80-40bd-89e7-cb3e8f4707db{ip: 192.168.134.127, host: ozone-vl7jm-4166937383, networkLocation: /default-rack, certSerialId: null}
2019-06-12 14:24:19,930 INFO  impl.RaftServerProxy (RaftServerProxy.java:addNew(89)) - c158c30c-af80-40bd-89e7-cb3e8f4707db: addNew group-D386DADA144E:[c158c30c-af80-40bd-89e7-cb3e8f4707db:192.168.134.127:34735] returns group-D386DADA144E:java.util.concurrent.CompletableFuture@6dc61699[Not completed]
2019-06-12 14:24:19,930 INFO  impl.RaftServerImpl (RaftServerImpl.java:<init>(91)) - c158c30c-af80-40bd-89e7-cb3e8f4707db: new RaftServerImpl for group-D386DADA144E:[c158c30c-af80-40bd-89e7-cb3e8f4707db:192.168.134.127:34735] with ContainerStateMachine:uninitialized
2019-06-12 14:24:19,930 INFO  server.RaftServerConfigKeys (ConfUtils.java:logGet(43)) - raft.server.rpc.timeout.min = 1s (custom)
2019-06-12 14:24:19,931 INFO  server.RaftServerConfigKeys (ConfUtils.java:logGet(43)) - raft.server.rpc.timeout.max = 1200ms (custom)
2019-06-12 14:24:19,931 INFO  server.RaftServerConfigKeys (ConfUtils.java:logGet(43)) - raft.server.rpcslowness.timeout = 120s (custom)
2019-06-12 14:24:19,931 INFO  server.RaftServerConfigKeys (ConfUtils.java:logGet(43)) - raft.server.log.appender.install.snapshot.enabled = true (default)
2019-06-12 14:24:19,931 INFO  impl.RaftServerImpl (ServerState.java:<init>(101)) - c158c30c-af80-40bd-89e7-cb3e8f4707db:group-D386DADA144E ConfigurationManager, init=-1: [c158c30c-af80-40bd-89e7-cb3e8f4707db:192.168.134.127:34735], old=null, confs=<EMPTY_MAP>
2019-06-12 14:24:19,931 INFO  server.RaftServerConfigKeys (ConfUtils.java:logGet(43)) - raft.server.storage.dir = [/opt/src/hadoop-ozone/integration-test/target/test-dir/MiniOzoneClusterImpl-7ceb2083-6c20-4223-baad-80db9c066544/datanode-6/data/ratis] (custom)
2019-06-12 14:24:19,931 INFO  storage.RaftStorageDirectory (RaftStorageDirectory.java:analyzeStorage(246)) - The storage directory /opt/src/hadoop-ozone/integration-test/target/test-dir/MiniOzoneClusterImpl-7ceb2083-6c20-4223-baad-80db9c066544/datanode-6/data/ratis/f19fe214-ff70-4f81-a3de-d386dada144e does not exist. Creating ...
2019-06-12 14:24:19,933 INFO  storage.RaftStorageDirectory (RaftStorageDirectory.java:tryLock(328)) - Lock on /opt/src/hadoop-ozone/integration-test/target/test-dir/MiniOzoneClusterImpl-7ceb2083-6c20-4223-baad-80db9c066544/datanode-6/data/ratis/f19fe214-ff70-4f81-a3de-d386dada144e/in_use.lock acquired by nodename 12386@ozone-vl7jm-4166937383
2019-06-12 14:24:19,935 INFO  storage.RaftStorage (RaftStorage.java:format(75)) - Storage directory /opt/src/hadoop-ozone/integration-test/target/test-dir/MiniOzoneClusterImpl-7ceb2083-6c20-4223-baad-80db9c066544/datanode-6/data/ratis/f19fe214-ff70-4f81-a3de-d386dada144e has been successfully formatted.
2019-06-12 14:24:19,936 INFO  ratis.ContainerStateMachine (ContainerStateMachine.java:loadSnapshot(199)) - The snapshot info is null.Setting the last applied index to:(t:0, i:~)
2019-06-12 14:24:19,936 INFO  server.RaftServerConfigKeys (ConfUtils.java:logGet(43)) - raft.server.leader.election.timeout = 120s (custom)
2019-06-12 14:24:19,936 INFO  server.RaftServerConfigKeys (ConfUtils.java:logGet(43)) - raft.server.log.use.memory = false (default)
2019-06-12 14:24:19,936 INFO  server.RaftServerConfigKeys (ConfUtils.java:logGet(43)) - raft.server.log.appender.buffer.byte-limit = 33554432 (custom)
2019-06-12 14:24:19,936 INFO  server.RaftServerConfigKeys (ConfUtils.java:logGet(43)) - raft.server.log.segment.size.max = 16384 (custom)
2019-06-12 14:24:19,936 INFO  server.RaftServerConfigKeys (ConfUtils.java:logGet(43)) - raft.server.log.segment.cache.num.max = 2 (custom)
2019-06-12 14:24:19,936 INFO  storage.RaftLogWorker (RaftLogWorker.java:<init>(123)) - new c158c30c-af80-40bd-89e7-cb3e8f4707db-RaftLogWorker for Storage Directory /opt/src/hadoop-ozone/integration-test/target/test-dir/MiniOzoneClusterImpl-7ceb2083-6c20-4223-baad-80db9c066544/datanode-6/data/ratis/f19fe214-ff70-4f81-a3de-d386dada144e
2019-06-12 14:24:19,936 INFO  server.RaftServerConfigKeys (ConfUtils.java:logGet(43)) - raft.server.log.queue.byte-limit = 2147483647 (custom)
2019-06-12 14:24:19,936 INFO  server.RaftServerConfigKeys (ConfUtils.java:logGet(43)) - raft.server.log.queue.element-limit = 1024 (custom)
2019-06-12 14:24:19,936 INFO  server.RaftServerConfigKeys (ConfUtils.java:logGet(43)) - raft.server.log.segment.size.max = 16384 (custom)
2019-06-12 14:24:19,937 INFO  server.RaftServerConfigKeys (ConfUtils.java:logGet(43)) - raft.server.log.preallocated.size = 16384 (custom)
2019-06-12 14:24:19,937 INFO  server.RaftServerConfigKeys (ConfUtils.java:logGet(43)) - raft.server.log.write.buffer.size = 33554432 (custom)
2019-06-12 14:24:19,937 INFO  server.RaftServerConfigKeys (ConfUtils.java:logGet(43)) - raft.server.log.force.sync.num = 128 (default)
2019-06-12 14:24:19,937 INFO  server.RaftServerConfigKeys (ConfUtils.java:logGet(43)) - raft.server.log.statemachine.data.sync = true (default)
2019-06-12 14:24:19,937 INFO  server.RaftServerConfigKeys (ConfUtils.java:logGet(43)) - raft.server.log.statemachine.data.sync.timeout = 10s (default)
2019-06-12 14:24:19,937 INFO  server.RaftServerConfigKeys (ConfUtils.java:logGet(43)) - raft.server.log.statemachine.data.sync.timeout.retry = -1 (default)
2019-06-12 14:24:19,937 INFO  server.RaftServerConfigKeys (ConfUtils.java:logGet(43)) - raft.server.log.statemachine.data.caching.enabled = true (custom)
2019-06-12 14:24:19,937 INFO  server.RaftServerConfigKeys (ConfUtils.java:logGet(43)) - raft.server.snapshot.auto.trigger.enabled = true (custom)
2019-06-12 14:24:19,938 INFO  server.RaftServerConfigKeys (ConfUtils.java:logGet(43)) - raft.server.snapshot.auto.trigger.threshold = 10000 (custom)
2019-06-12 14:24:19,938 INFO  server.RaftServerConfigKeys (ConfUtils.java:logGet(43)) - raft.server.retrycache.expirytime = 600000ms (custom)
2019-06-12 14:24:19,938 INFO  impl.RaftServerImpl (RaftServerImpl.java:start(173)) - c158c30c-af80-40bd-89e7-cb3e8f4707db: start group-D386DADA144E
2019-06-12 14:24:19,938 INFO  impl.RaftServerImpl (RaftServerImpl.java:setRole(164)) - c158c30c-af80-40bd-89e7-cb3e8f4707db:group-D386DADA144E changes role from null to FOLLOWER at term 0 for startAsFollower
2019-06-12 14:24:19,938 INFO  impl.RoleInfo (RoleInfo.java:updateAndGet(143)) - c158c30c-af80-40bd-89e7-cb3e8f4707db: start FollowerState
2019-06-12 14:24:19,938 INFO  util.JmxRegister (JmxRegister.java:tryRegister(44)) - Successfully registered JMX Bean with object name Ratis:service=RaftServer,group=group-D386DADA144E,id=c158c30c-af80-40bd-89e7-cb3e8f4707db
2019-06-12 14:24:19,940 INFO  pipeline.PipelineStateManager (PipelineStateManager.java:addPipeline(56)) - Created pipeline Pipeline[ Id: f19fe214-ff70-4f81-a3de-d386dada144e, Nodes: c158c30c-af80-40bd-89e7-cb3e8f4707db{ip: 192.168.134.127, host: ozone-vl7jm-4166937383, networkLocation: /default-rack, certSerialId: null}, Type:RATIS, Factor:ONE, State:OPEN]
2019-06-12 14:24:20,112 INFO  impl.FollowerState (FollowerState.java:run(101)) - eadf7122-8cc6-4030-97dd-0393c95c93ed:group-90CE9BF61266 changes to CANDIDATE, lastRpcTime:1053, electionTimeout:1053ms
2019-06-12 14:24:20,112 INFO  impl.RoleInfo (RoleInfo.java:shutdownFollowerState(121)) - eadf7122-8cc6-4030-97dd-0393c95c93ed: shutdown FollowerState
2019-06-12 14:24:20,112 INFO  impl.RaftServerImpl (RaftServerImpl.java:setRole(164)) - eadf7122-8cc6-4030-97dd-0393c95c93ed:group-90CE9BF61266 changes role from FOLLOWER to CANDIDATE at term 0 for changeToCandidate
2019-06-12 14:24:20,112 INFO  impl.RoleInfo (RoleInfo.java:updateAndGet(143)) - eadf7122-8cc6-4030-97dd-0393c95c93ed: start LeaderElection
2019-06-12 14:24:20,119 INFO  impl.LeaderElection (LeaderElection.java:askForVotes(181)) - eadf7122-8cc6-4030-97dd-0393c95c93ed:group-90CE9BF61266:LeaderElection26: begin an election at term 1 for -1: [eadf7122-8cc6-4030-97dd-0393c95c93ed:192.168.134.127:35231], old=null
2019-06-12 14:24:20,119 INFO  impl.RoleInfo (RoleInfo.java:shutdownLeaderElection(134)) - eadf7122-8cc6-4030-97dd-0393c95c93ed: shutdown LeaderElection
2019-06-12 14:24:20,120 INFO  impl.RaftServerImpl (RaftServerImpl.java:setRole(164)) - eadf7122-8cc6-4030-97dd-0393c95c93ed:group-90CE9BF61266 changes role from CANDIDATE to LEADER at term 1 for changeToLeader
2019-06-12 14:24:20,120 INFO  impl.RaftServerImpl (ServerState.java:setLeader(263)) - eadf7122-8cc6-4030-97dd-0393c95c93ed:group-90CE9BF61266 change Leader from null to eadf7122-8cc6-4030-97dd-0393c95c93ed at term 1 for becomeLeader, leader elected after 1062ms
2019-06-12 14:24:20,120 INFO  server.RaftServerConfigKeys (ConfUtils.java:logGet(43)) - raft.server.staging.catchup.gap = 1000 (default)
2019-06-12 14:24:20,120 INFO  server.RaftServerConfigKeys (ConfUtils.java:logGet(43)) - raft.server.rpc.sleep.time = 25ms (default)
2019-06-12 14:24:20,120 INFO  server.RaftServerConfigKeys (ConfUtils.java:logGet(43)) - raft.server.watch.timeout = 10s (default)
2019-06-12 14:24:20,120 INFO  server.RaftServerConfigKeys (ConfUtils.java:logGet(43)) - raft.server.watch.timeout.denomination = 1s (default)
2019-06-12 14:24:20,120 INFO  impl.RoleInfo (RoleInfo.java:updateAndGet(143)) - eadf7122-8cc6-4030-97dd-0393c95c93ed: start LeaderState
2019-06-12 14:24:20,120 INFO  storage.RaftLogWorker (RaftLogWorker.java:startLogSegment(298)) - eadf7122-8cc6-4030-97dd-0393c95c93ed-RaftLogWorker: Starting segment from index:0
2019-06-12 14:24:20,122 INFO  impl.RaftServerImpl (ServerState.java:setRaftConf(361)) - eadf7122-8cc6-4030-97dd-0393c95c93ed:group-90CE9BF61266 set configuration 0: [eadf7122-8cc6-4030-97dd-0393c95c93ed:192.168.134.127:35231], old=null at 0
2019-06-12 14:24:20,154 INFO  storage.RaftLogWorker (RaftLogWorker.java:execute(469)) - eadf7122-8cc6-4030-97dd-0393c95c93ed-RaftLogWorker: created new log segment /opt/src/hadoop-ozone/integration-test/target/test-dir/MiniOzoneClusterImpl-7ceb2083-6c20-4223-baad-80db9c066544/datanode-0/data/ratis/53bb5496-9148-4c39-9e65-90ce9bf61266/current/log_inprogress_0
2019-06-12 14:24:20,352 INFO  impl.FollowerState (FollowerState.java:run(101)) - ddd5d77b-3346-4930-a235-8537459c7373:group-9D32F6CDE14A changes to CANDIDATE, lastRpcTime:1000, electionTimeout:1000ms
2019-06-12 14:24:20,352 INFO  impl.RoleInfo (RoleInfo.java:shutdownFollowerState(121)) - ddd5d77b-3346-4930-a235-8537459c7373: shutdown FollowerState
2019-06-12 14:24:20,353 INFO  impl.RaftServerImpl (RaftServerImpl.java:setRole(164)) - ddd5d77b-3346-4930-a235-8537459c7373:group-9D32F6CDE14A changes role from FOLLOWER to CANDIDATE at term 0 for changeToCandidate
2019-06-12 14:24:20,353 INFO  impl.RoleInfo (RoleInfo.java:updateAndGet(143)) - ddd5d77b-3346-4930-a235-8537459c7373: start LeaderElection
2019-06-12 14:24:20,359 INFO  impl.LeaderElection (LeaderElection.java:askForVotes(181)) - ddd5d77b-3346-4930-a235-8537459c7373:group-9D32F6CDE14A:LeaderElection27: begin an election at term 1 for -1: [ddd5d77b-3346-4930-a235-8537459c7373:192.168.134.127:38045], old=null
2019-06-12 14:24:20,359 INFO  impl.RoleInfo (RoleInfo.java:shutdownLeaderElection(134)) - ddd5d77b-3346-4930-a235-8537459c7373: shutdown LeaderElection
2019-06-12 14:24:20,359 INFO  impl.RaftServerImpl (RaftServerImpl.java:setRole(164)) - ddd5d77b-3346-4930-a235-8537459c7373:group-9D32F6CDE14A changes role from CANDIDATE to LEADER at term 1 for changeToLeader
2019-06-12 14:24:20,360 INFO  impl.RaftServerImpl (ServerState.java:setLeader(263)) - ddd5d77b-3346-4930-a235-8537459c7373:group-9D32F6CDE14A change Leader from null to ddd5d77b-3346-4930-a235-8537459c7373 at term 1 for becomeLeader, leader elected after 1009ms
2019-06-12 14:24:20,360 INFO  server.RaftServerConfigKeys (ConfUtils.java:logGet(43)) - raft.server.staging.catchup.gap = 1000 (default)
2019-06-12 14:24:20,360 INFO  server.RaftServerConfigKeys (ConfUtils.java:logGet(43)) - raft.server.rpc.sleep.time = 25ms (default)
2019-06-12 14:24:20,360 INFO  server.RaftServerConfigKeys (ConfUtils.java:logGet(43)) - raft.server.watch.timeout = 10s (default)
2019-06-12 14:24:20,360 INFO  server.RaftServerConfigKeys (ConfUtils.java:logGet(43)) - raft.server.watch.timeout.denomination = 1s (default)
2019-06-12 14:24:20,360 INFO  impl.RoleInfo (RoleInfo.java:updateAndGet(143)) - ddd5d77b-3346-4930-a235-8537459c7373: start LeaderState
2019-06-12 14:24:20,360 INFO  storage.RaftLogWorker (RaftLogWorker.java:startLogSegment(298)) - ddd5d77b-3346-4930-a235-8537459c7373-RaftLogWorker: Starting segment from index:0
2019-06-12 14:24:20,360 INFO  impl.RaftServerImpl (ServerState.java:setRaftConf(361)) - ddd5d77b-3346-4930-a235-8537459c7373:group-9D32F6CDE14A set configuration 0: [ddd5d77b-3346-4930-a235-8537459c7373:192.168.134.127:38045], old=null at 0
2019-06-12 14:24:20,365 INFO  impl.FollowerState (FollowerState.java:run(101)) - 0e84133b-698d-463b-969f-85b13fab841c:group-F62CAF8E5543 changes to CANDIDATE, lastRpcTime:1140, electionTimeout:1140ms
2019-06-12 14:24:20,365 INFO  impl.RoleInfo (RoleInfo.java:shutdownFollowerState(121)) - 0e84133b-698d-463b-969f-85b13fab841c: shutdown FollowerState
2019-06-12 14:24:20,365 INFO  impl.RaftServerImpl (RaftServerImpl.java:setRole(164)) - 0e84133b-698d-463b-969f-85b13fab841c:group-F62CAF8E5543 changes role from FOLLOWER to CANDIDATE at term 0 for changeToCandidate
2019-06-12 14:24:20,365 INFO  impl.RoleInfo (RoleInfo.java:updateAndGet(143)) - 0e84133b-698d-463b-969f-85b13fab841c: start LeaderElection
2019-06-12 14:24:20,396 INFO  impl.FollowerState (FollowerState.java:run(101)) - ddd5d77b-3346-4930-a235-8537459c7373:group-7C36C844C599 changes to CANDIDATE, lastRpcTime:1023, electionTimeout:1010ms
2019-06-12 14:24:20,396 INFO  impl.RoleInfo (RoleInfo.java:shutdownFollowerState(121)) - ddd5d77b-3346-4930-a235-8537459c7373: shutdown FollowerState
2019-06-12 14:24:20,396 INFO  impl.RaftServerImpl (RaftServerImpl.java:setRole(164)) - ddd5d77b-3346-4930-a235-8537459c7373:group-7C36C844C599 changes role from FOLLOWER to CANDIDATE at term 0 for changeToCandidate
2019-06-12 14:24:20,396 INFO  impl.RoleInfo (RoleInfo.java:updateAndGet(143)) - ddd5d77b-3346-4930-a235-8537459c7373: start LeaderElection
2019-06-12 14:24:20,398 INFO  storage.RaftLogWorker (RaftLogWorker.java:execute(469)) - ddd5d77b-3346-4930-a235-8537459c7373-RaftLogWorker: created new log segment /opt/src/hadoop-ozone/integration-test/target/test-dir/MiniOzoneClusterImpl-7ceb2083-6c20-4223-baad-80db9c066544/datanode-2/data/ratis/096a8622-1472-4d34-a9d4-9d32f6cde14a/current/log_inprogress_0
2019-06-12 14:24:20,403 INFO  impl.LeaderElection (LeaderElection.java:askForVotes(181)) - 0e84133b-698d-463b-969f-85b13fab841c:group-F62CAF8E5543:LeaderElection28: begin an election at term 1 for -1: [0e84133b-698d-463b-969f-85b13fab841c:192.168.134.127:34801], old=null
2019-06-12 14:24:20,403 INFO  impl.RoleInfo (RoleInfo.java:shutdownLeaderElection(134)) - 0e84133b-698d-463b-969f-85b13fab841c: shutdown LeaderElection
2019-06-12 14:24:20,404 INFO  impl.RaftServerImpl (RaftServerImpl.java:setRole(164)) - 0e84133b-698d-463b-969f-85b13fab841c:group-F62CAF8E5543 changes role from CANDIDATE to LEADER at term 1 for changeToLeader
2019-06-12 14:24:20,404 INFO  impl.RaftServerImpl (ServerState.java:setLeader(263)) - 0e84133b-698d-463b-969f-85b13fab841c:group-F62CAF8E5543 change Leader from null to 0e84133b-698d-463b-969f-85b13fab841c at term 1 for becomeLeader, leader elected after 1180ms
2019-06-12 14:24:20,404 INFO  server.RaftServerConfigKeys (ConfUtils.java:logGet(43)) - raft.server.staging.catchup.gap = 1000 (default)
2019-06-12 14:24:20,404 INFO  server.RaftServerConfigKeys (ConfUtils.java:logGet(43)) - raft.server.rpc.sleep.time = 25ms (default)
2019-06-12 14:24:20,404 INFO  server.RaftServerConfigKeys (ConfUtils.java:logGet(43)) - raft.server.watch.timeout = 10s (default)
2019-06-12 14:24:20,404 INFO  server.RaftServerConfigKeys (ConfUtils.java:logGet(43)) - raft.server.watch.timeout.denomination = 1s (default)
2019-06-12 14:24:20,404 INFO  impl.RoleInfo (RoleInfo.java:updateAndGet(143)) - 0e84133b-698d-463b-969f-85b13fab841c: start LeaderState
2019-06-12 14:24:20,404 INFO  storage.RaftLogWorker (RaftLogWorker.java:startLogSegment(298)) - 0e84133b-698d-463b-969f-85b13fab841c-RaftLogWorker: Starting segment from index:0
2019-06-12 14:24:20,410 INFO  impl.RaftServerImpl (ServerState.java:setRaftConf(361)) - 0e84133b-698d-463b-969f-85b13fab841c:group-F62CAF8E5543 set configuration 0: [0e84133b-698d-463b-969f-85b13fab841c:192.168.134.127:34801], old=null at 0
2019-06-12 14:24:20,411 INFO  impl.LeaderElection (LeaderElection.java:askForVotes(181)) - ddd5d77b-3346-4930-a235-8537459c7373:group-7C36C844C599:LeaderElection29: begin an election at term 1 for -1: [ddd5d77b-3346-4930-a235-8537459c7373:192.168.134.127:38045, eadf7122-8cc6-4030-97dd-0393c95c93ed:192.168.134.127:35231, 0e84133b-698d-463b-969f-85b13fab841c:192.168.134.127:34801], old=null
2019-06-12 14:24:20,444 INFO  storage.RaftLogWorker (RaftLogWorker.java:execute(469)) - 0e84133b-698d-463b-969f-85b13fab841c-RaftLogWorker: created new log segment /opt/src/hadoop-ozone/integration-test/target/test-dir/MiniOzoneClusterImpl-7ceb2083-6c20-4223-baad-80db9c066544/datanode-1/data/ratis/42e49258-f217-4490-a5a3-f62caf8e5543/current/log_inprogress_0
2019-06-12 14:24:20,449 INFO  impl.RaftServerImpl (RaftServerImpl.java:setRole(164)) - 0e84133b-698d-463b-969f-85b13fab841c:group-7C36C844C599 changes role from FOLLOWER to FOLLOWER at term 1 for recognizeCandidate:ddd5d77b-3346-4930-a235-8537459c7373
2019-06-12 14:24:20,450 INFO  impl.RoleInfo (RoleInfo.java:shutdownFollowerState(121)) - 0e84133b-698d-463b-969f-85b13fab841c: shutdown FollowerState
2019-06-12 14:24:20,450 INFO  impl.RoleInfo (RoleInfo.java:updateAndGet(143)) - 0e84133b-698d-463b-969f-85b13fab841c: start FollowerState
2019-06-12 14:24:20,450 INFO  impl.FollowerState (FollowerState.java:run(109)) - 0e84133b-698d-463b-969f-85b13fab841c: FollowerState was interrupted: java.lang.InterruptedException: sleep interrupted
2019-06-12 14:24:20,454 INFO  impl.RaftServerImpl (RaftServerImpl.java:setRole(164)) - eadf7122-8cc6-4030-97dd-0393c95c93ed:group-7C36C844C599 changes role from FOLLOWER to FOLLOWER at term 1 for recognizeCandidate:ddd5d77b-3346-4930-a235-8537459c7373
2019-06-12 14:24:20,454 INFO  impl.RoleInfo (RoleInfo.java:shutdownFollowerState(121)) - eadf7122-8cc6-4030-97dd-0393c95c93ed: shutdown FollowerState
2019-06-12 14:24:20,454 INFO  impl.RoleInfo (RoleInfo.java:updateAndGet(143)) - eadf7122-8cc6-4030-97dd-0393c95c93ed: start FollowerState
2019-06-12 14:24:20,454 INFO  impl.FollowerState (FollowerState.java:run(109)) - eadf7122-8cc6-4030-97dd-0393c95c93ed: FollowerState was interrupted: java.lang.InterruptedException: sleep interrupted
2019-06-12 14:24:20,456 INFO  impl.LeaderElection (LeaderElection.java:logAndReturn(56)) - ddd5d77b-3346-4930-a235-8537459c7373:group-7C36C844C599:LeaderElection29: Election PASSED; received 1 response(s) [ddd5d77b-3346-4930-a235-8537459c7373->0e84133b-698d-463b-969f-85b13fab841c,true-t1] and 0 exception(s); ddd5d77b-3346-4930-a235-8537459c7373:t1, leader=null, voted=ddd5d77b-3346-4930-a235-8537459c7373, raftlog=ddd5d77b-3346-4930-a235-8537459c7373-SegmentedRaftLog:OPENED:c-1,f-1,i0, conf=-1: [ddd5d77b-3346-4930-a235-8537459c7373:192.168.134.127:38045, eadf7122-8cc6-4030-97dd-0393c95c93ed:192.168.134.127:35231, 0e84133b-698d-463b-969f-85b13fab841c:192.168.134.127:34801], old=null
2019-06-12 14:24:20,456 INFO  impl.RoleInfo (RoleInfo.java:shutdownLeaderElection(134)) - ddd5d77b-3346-4930-a235-8537459c7373: shutdown LeaderElection
2019-06-12 14:24:20,456 INFO  impl.RaftServerImpl (RaftServerImpl.java:setRole(164)) - ddd5d77b-3346-4930-a235-8537459c7373:group-7C36C844C599 changes role from CANDIDATE to LEADER at term 1 for changeToLeader
2019-06-12 14:24:20,456 INFO  impl.RaftServerImpl (ServerState.java:setLeader(263)) - ddd5d77b-3346-4930-a235-8537459c7373:group-7C36C844C599 change Leader from null to ddd5d77b-3346-4930-a235-8537459c7373 at term 1 for becomeLeader, leader elected after 1085ms
2019-06-12 14:24:20,456 INFO  server.RaftServerConfigKeys (ConfUtils.java:logGet(43)) - raft.server.staging.catchup.gap = 1000 (default)
2019-06-12 14:24:20,456 INFO  server.RaftServerConfigKeys (ConfUtils.java:logGet(43)) - raft.server.rpc.sleep.time = 25ms (default)
2019-06-12 14:24:20,457 INFO  server.RaftServerConfigKeys (ConfUtils.java:logGet(43)) - raft.server.watch.timeout = 10s (default)
2019-06-12 14:24:20,457 INFO  server.RaftServerConfigKeys (ConfUtils.java:logGet(43)) - raft.server.watch.timeout.denomination = 1s (default)
2019-06-12 14:24:20,457 INFO  server.RaftServerConfigKeys (ConfUtils.java:logGet(43)) - raft.server.log.appender.snapshot.chunk.size.max = 16MB (=16777216) (default)
2019-06-12 14:24:20,457 INFO  server.RaftServerConfigKeys (ConfUtils.java:logGet(43)) - raft.server.log.appender.buffer.byte-limit = 33554432 (custom)
2019-06-12 14:24:20,457 INFO  server.RaftServerConfigKeys (ConfUtils.java:logGet(43)) - raft.server.log.appender.buffer.element-limit = 1 (custom)
2019-06-12 14:24:20,457 INFO  grpc.GrpcConfigKeys$Server (ConfUtils.java:logGet(43)) - raft.grpc.server.leader.outstanding.appends.max = 128 (default)
2019-06-12 14:24:20,457 INFO  server.RaftServerConfigKeys (ConfUtils.java:logGet(43)) - raft.server.rpc.request.timeout = 3000ms (default)
2019-06-12 14:24:20,457 INFO  server.RaftServerConfigKeys (ConfUtils.java:logGet(43)) - raft.server.log.appender.install.snapshot.enabled = true (default)
2019-06-12 14:24:20,458 INFO  server.RaftServerConfigKeys (ConfUtils.java:logGet(43)) - raft.server.log.appender.snapshot.chunk.size.max = 16MB (=16777216) (default)
2019-06-12 14:24:20,458 INFO  server.RaftServerConfigKeys (ConfUtils.java:logGet(43)) - raft.server.log.appender.buffer.byte-limit = 33554432 (custom)
2019-06-12 14:24:20,458 INFO  server.RaftServerConfigKeys (ConfUtils.java:logGet(43)) - raft.server.log.appender.buffer.element-limit = 1 (custom)
2019-06-12 14:24:20,458 INFO  grpc.GrpcConfigKeys$Server (ConfUtils.java:logGet(43)) - raft.grpc.server.leader.outstanding.appends.max = 128 (default)
2019-06-12 14:24:20,458 INFO  server.RaftServerConfigKeys (ConfUtils.java:logGet(43)) - raft.server.rpc.request.timeout = 3000ms (default)
2019-06-12 14:24:20,458 INFO  server.RaftServerConfigKeys (ConfUtils.java:logGet(43)) - raft.server.log.appender.install.snapshot.enabled = true (default)
2019-06-12 14:24:20,458 INFO  impl.RoleInfo (RoleInfo.java:updateAndGet(143)) - ddd5d77b-3346-4930-a235-8537459c7373: start LeaderState
2019-06-12 14:24:20,458 INFO  storage.RaftLogWorker (RaftLogWorker.java:startLogSegment(298)) - ddd5d77b-3346-4930-a235-8537459c7373-RaftLogWorker: Starting segment from index:0
2019-06-12 14:24:20,463 INFO  impl.RaftServerImpl (ServerState.java:setLeader(263)) - eadf7122-8cc6-4030-97dd-0393c95c93ed:group-7C36C844C599 change Leader from null to ddd5d77b-3346-4930-a235-8537459c7373 at term 1 for appendEntries, leader elected after 1095ms
2019-06-12 14:24:20,480 INFO  impl.RaftServerImpl (ServerState.java:setRaftConf(361)) - ddd5d77b-3346-4930-a235-8537459c7373:group-7C36C844C599 set configuration 0: [ddd5d77b-3346-4930-a235-8537459c7373:192.168.134.127:38045, eadf7122-8cc6-4030-97dd-0393c95c93ed:192.168.134.127:35231, 0e84133b-698d-463b-969f-85b13fab841c:192.168.134.127:34801], old=null at 0
2019-06-12 14:24:20,499 INFO  impl.RaftServerImpl (ServerState.java:setLeader(263)) - 0e84133b-698d-463b-969f-85b13fab841c:group-7C36C844C599 change Leader from null to ddd5d77b-3346-4930-a235-8537459c7373 at term 1 for appendEntries, leader elected after 1130ms
2019-06-12 14:24:20,500 INFO  impl.RaftServerImpl (ServerState.java:setRaftConf(361)) - eadf7122-8cc6-4030-97dd-0393c95c93ed:group-7C36C844C599 set configuration 0: [ddd5d77b-3346-4930-a235-8537459c7373:192.168.134.127:38045, eadf7122-8cc6-4030-97dd-0393c95c93ed:192.168.134.127:35231, 0e84133b-698d-463b-969f-85b13fab841c:192.168.134.127:34801], old=null at 0
2019-06-12 14:24:20,502 INFO  storage.RaftLogWorker (RaftLogWorker.java:startLogSegment(298)) - eadf7122-8cc6-4030-97dd-0393c95c93ed-RaftLogWorker: Starting segment from index:0
2019-06-12 14:24:20,503 INFO  impl.RaftServerImpl (ServerState.java:setRaftConf(361)) - 0e84133b-698d-463b-969f-85b13fab841c:group-7C36C844C599 set configuration 0: [ddd5d77b-3346-4930-a235-8537459c7373:192.168.134.127:38045, eadf7122-8cc6-4030-97dd-0393c95c93ed:192.168.134.127:35231, 0e84133b-698d-463b-969f-85b13fab841c:192.168.134.127:34801], old=null at 0
2019-06-12 14:24:20,503 INFO  storage.RaftLogWorker (RaftLogWorker.java:startLogSegment(298)) - 0e84133b-698d-463b-969f-85b13fab841c-RaftLogWorker: Starting segment from index:0
2019-06-12 14:24:20,501 INFO  storage.RaftLogWorker (RaftLogWorker.java:execute(469)) - ddd5d77b-3346-4930-a235-8537459c7373-RaftLogWorker: created new log segment /opt/src/hadoop-ozone/integration-test/target/test-dir/MiniOzoneClusterImpl-7ceb2083-6c20-4223-baad-80db9c066544/datanode-2/data/ratis/36130859-8f3d-41a4-8195-7c36c844c599/current/log_inprogress_0
2019-06-12 14:24:20,538 INFO  storage.RaftLogWorker (RaftLogWorker.java:execute(469)) - eadf7122-8cc6-4030-97dd-0393c95c93ed-RaftLogWorker: created new log segment /opt/src/hadoop-ozone/integration-test/target/test-dir/MiniOzoneClusterImpl-7ceb2083-6c20-4223-baad-80db9c066544/datanode-0/data/ratis/36130859-8f3d-41a4-8195-7c36c844c599/current/log_inprogress_0
2019-06-12 14:24:20,540 INFO  storage.RaftLogWorker (RaftLogWorker.java:execute(469)) - 0e84133b-698d-463b-969f-85b13fab841c-RaftLogWorker: created new log segment /opt/src/hadoop-ozone/integration-test/target/test-dir/MiniOzoneClusterImpl-7ceb2083-6c20-4223-baad-80db9c066544/datanode-1/data/ratis/36130859-8f3d-41a4-8195-7c36c844c599/current/log_inprogress_0
2019-06-12 14:24:20,601 INFO  impl.FollowerState (FollowerState.java:run(101)) - 61041948-5efa-4e85-8383-b406d8eab319:group-2738EECC1B6D changes to CANDIDATE, lastRpcTime:1111, electionTimeout:1111ms
2019-06-12 14:24:20,601 INFO  impl.RoleInfo (RoleInfo.java:shutdownFollowerState(121)) - 61041948-5efa-4e85-8383-b406d8eab319: shutdown FollowerState
2019-06-12 14:24:20,601 INFO  impl.RaftServerImpl (RaftServerImpl.java:setRole(164)) - 61041948-5efa-4e85-8383-b406d8eab319:group-2738EECC1B6D changes role from FOLLOWER to CANDIDATE at term 0 for changeToCandidate
2019-06-12 14:24:20,601 INFO  impl.RoleInfo (RoleInfo.java:updateAndGet(143)) - 61041948-5efa-4e85-8383-b406d8eab319: start LeaderElection
2019-06-12 14:24:20,608 INFO  impl.LeaderElection (LeaderElection.java:askForVotes(181)) - 61041948-5efa-4e85-8383-b406d8eab319:group-2738EECC1B6D:LeaderElection30: begin an election at term 1 for -1: [61041948-5efa-4e85-8383-b406d8eab319:192.168.134.127:43857], old=null
2019-06-12 14:24:20,608 INFO  impl.RoleInfo (RoleInfo.java:shutdownLeaderElection(134)) - 61041948-5efa-4e85-8383-b406d8eab319: shutdown LeaderElection
2019-06-12 14:24:20,608 INFO  impl.RaftServerImpl (RaftServerImpl.java:setRole(164)) - 61041948-5efa-4e85-8383-b406d8eab319:group-2738EECC1B6D changes role from CANDIDATE to LEADER at term 1 for changeToLeader
2019-06-12 14:24:20,608 INFO  impl.RaftServerImpl (ServerState.java:setLeader(263)) - 61041948-5efa-4e85-8383-b406d8eab319:group-2738EECC1B6D change Leader from null to 61041948-5efa-4e85-8383-b406d8eab319 at term 1 for becomeLeader, leader elected after 1120ms
2019-06-12 14:24:20,608 INFO  server.RaftServerConfigKeys (ConfUtils.java:logGet(43)) - raft.server.staging.catchup.gap = 1000 (default)
2019-06-12 14:24:20,608 INFO  server.RaftServerConfigKeys (ConfUtils.java:logGet(43)) - raft.server.rpc.sleep.time = 25ms (default)
2019-06-12 14:24:20,608 INFO  server.RaftServerConfigKeys (ConfUtils.java:logGet(43)) - raft.server.watch.timeout = 10s (default)
2019-06-12 14:24:20,608 INFO  server.RaftServerConfigKeys (ConfUtils.java:logGet(43)) - raft.server.watch.timeout.denomination = 1s (default)
2019-06-12 14:24:20,608 INFO  impl.RoleInfo (RoleInfo.java:updateAndGet(143)) - 61041948-5efa-4e85-8383-b406d8eab319: start LeaderState
2019-06-12 14:24:20,609 INFO  storage.RaftLogWorker (RaftLogWorker.java:startLogSegment(298)) - 61041948-5efa-4e85-8383-b406d8eab319-RaftLogWorker: Starting segment from index:0
2019-06-12 14:24:20,609 INFO  impl.RaftServerImpl (ServerState.java:setRaftConf(361)) - 61041948-5efa-4e85-8383-b406d8eab319:group-2738EECC1B6D set configuration 0: [61041948-5efa-4e85-8383-b406d8eab319:192.168.134.127:43857], old=null at 0
2019-06-12 14:24:20,644 INFO  storage.RaftLogWorker (RaftLogWorker.java:execute(469)) - 61041948-5efa-4e85-8383-b406d8eab319-RaftLogWorker: created new log segment /opt/src/hadoop-ozone/integration-test/target/test-dir/MiniOzoneClusterImpl-7ceb2083-6c20-4223-baad-80db9c066544/datanode-3/data/ratis/c1483b02-4b7c-44b2-8304-2738eecc1b6d/current/log_inprogress_0
2019-06-12 14:24:20,854 INFO  impl.FollowerState (FollowerState.java:run(101)) - 006bdc0a-fdd9-41e3-b2de-448ca74b5f92:group-581ECE72659E changes to CANDIDATE, lastRpcTime:1187, electionTimeout:1187ms
2019-06-12 14:24:20,854 INFO  impl.RoleInfo (RoleInfo.java:shutdownFollowerState(121)) - 006bdc0a-fdd9-41e3-b2de-448ca74b5f92: shutdown FollowerState
2019-06-12 14:24:20,855 INFO  impl.RaftServerImpl (RaftServerImpl.java:setRole(164)) - 006bdc0a-fdd9-41e3-b2de-448ca74b5f92:group-581ECE72659E changes role from FOLLOWER to CANDIDATE at term 0 for changeToCandidate
2019-06-12 14:24:20,855 INFO  impl.RoleInfo (RoleInfo.java:updateAndGet(143)) - 006bdc0a-fdd9-41e3-b2de-448ca74b5f92: start LeaderElection
2019-06-12 14:24:20,861 INFO  impl.LeaderElection (LeaderElection.java:askForVotes(181)) - 006bdc0a-fdd9-41e3-b2de-448ca74b5f92:group-581ECE72659E:LeaderElection31: begin an election at term 1 for -1: [006bdc0a-fdd9-41e3-b2de-448ca74b5f92:192.168.134.127:33287], old=null
2019-06-12 14:24:20,861 INFO  impl.RoleInfo (RoleInfo.java:shutdownLeaderElection(134)) - 006bdc0a-fdd9-41e3-b2de-448ca74b5f92: shutdown LeaderElection
2019-06-12 14:24:20,862 INFO  impl.RaftServerImpl (RaftServerImpl.java:setRole(164)) - 006bdc0a-fdd9-41e3-b2de-448ca74b5f92:group-581ECE72659E changes role from CANDIDATE to LEADER at term 1 for changeToLeader
2019-06-12 14:24:20,862 INFO  impl.RaftServerImpl (ServerState.java:setLeader(263)) - 006bdc0a-fdd9-41e3-b2de-448ca74b5f92:group-581ECE72659E change Leader from null to 006bdc0a-fdd9-41e3-b2de-448ca74b5f92 at term 1 for becomeLeader, leader elected after 1196ms
2019-06-12 14:24:20,862 INFO  server.RaftServerConfigKeys (ConfUtils.java:logGet(43)) - raft.server.staging.catchup.gap = 1000 (default)
2019-06-12 14:24:20,862 INFO  server.RaftServerConfigKeys (ConfUtils.java:logGet(43)) - raft.server.rpc.sleep.time = 25ms (default)
2019-06-12 14:24:20,862 INFO  server.RaftServerConfigKeys (ConfUtils.java:logGet(43)) - raft.server.watch.timeout = 10s (default)
2019-06-12 14:24:20,862 INFO  server.RaftServerConfigKeys (ConfUtils.java:logGet(43)) - raft.server.watch.timeout.denomination = 1s (default)
2019-06-12 14:24:20,862 INFO  impl.RoleInfo (RoleInfo.java:updateAndGet(143)) - 006bdc0a-fdd9-41e3-b2de-448ca74b5f92: start LeaderState
2019-06-12 14:24:20,862 INFO  storage.RaftLogWorker (RaftLogWorker.java:startLogSegment(298)) - 006bdc0a-fdd9-41e3-b2de-448ca74b5f92-RaftLogWorker: Starting segment from index:0
2019-06-12 14:24:20,863 INFO  impl.RaftServerImpl (ServerState.java:setRaftConf(361)) - 006bdc0a-fdd9-41e3-b2de-448ca74b5f92:group-581ECE72659E set configuration 0: [006bdc0a-fdd9-41e3-b2de-448ca74b5f92:192.168.134.127:33287], old=null at 0
2019-06-12 14:24:20,898 INFO  storage.RaftLogWorker (RaftLogWorker.java:execute(469)) - 006bdc0a-fdd9-41e3-b2de-448ca74b5f92-RaftLogWorker: created new log segment /opt/src/hadoop-ozone/integration-test/target/test-dir/MiniOzoneClusterImpl-7ceb2083-6c20-4223-baad-80db9c066544/datanode-4/data/ratis/83993563-3572-4040-b183-581ece72659e/current/log_inprogress_0
2019-06-12 14:24:20,907 INFO  impl.FollowerState (FollowerState.java:run(101)) - 61041948-5efa-4e85-8383-b406d8eab319:group-D779E751AFFC changes to CANDIDATE, lastRpcTime:1084, electionTimeout:1084ms
2019-06-12 14:24:20,907 INFO  impl.RoleInfo (RoleInfo.java:shutdownFollowerState(121)) - 61041948-5efa-4e85-8383-b406d8eab319: shutdown FollowerState
2019-06-12 14:24:20,907 INFO  impl.RaftServerImpl (RaftServerImpl.java:setRole(164)) - 61041948-5efa-4e85-8383-b406d8eab319:group-D779E751AFFC changes role from FOLLOWER to CANDIDATE at term 0 for changeToCandidate
2019-06-12 14:24:20,907 INFO  impl.RoleInfo (RoleInfo.java:updateAndGet(143)) - 61041948-5efa-4e85-8383-b406d8eab319: start LeaderElection
2019-06-12 14:24:20,914 INFO  impl.LeaderElection (LeaderElection.java:askForVotes(181)) - 61041948-5efa-4e85-8383-b406d8eab319:group-D779E751AFFC:LeaderElection32: begin an election at term 1 for -1: [0ac04be0-fe31-4b6d-9275-e6bb84eca68f:192.168.134.127:36189, 006bdc0a-fdd9-41e3-b2de-448ca74b5f92:192.168.134.127:33287, 61041948-5efa-4e85-8383-b406d8eab319:192.168.134.127:43857], old=null
2019-06-12 14:24:20,917 INFO  ozone.MiniOzoneClusterImpl (MiniOzoneClusterImpl.java:lambda$waitForClusterToBeReady$0(142)) - Cluster is ready. Got 7 of 7 DN Heartbeats.
2019-06-12 14:24:20,923 INFO  impl.RaftServerImpl (RaftServerImpl.java:setRole(164)) - 0ac04be0-fe31-4b6d-9275-e6bb84eca68f:group-D779E751AFFC changes role from FOLLOWER to FOLLOWER at term 1 for recognizeCandidate:61041948-5efa-4e85-8383-b406d8eab319
2019-06-12 14:24:20,924 INFO  impl.FollowerState (FollowerState.java:run(101)) - 0ac04be0-fe31-4b6d-9275-e6bb84eca68f:group-2C9626F4E751 changes to CANDIDATE, lastRpcTime:1120, electionTimeout:1119ms
2019-06-12 14:24:20,923 INFO  impl.RaftServerImpl (RaftServerImpl.java:setRole(164)) - 006bdc0a-fdd9-41e3-b2de-448ca74b5f92:group-D779E751AFFC changes role from FOLLOWER to FOLLOWER at term 1 for recognizeCandidate:61041948-5efa-4e85-8383-b406d8eab319
2019-06-12 14:24:20,925 INFO  impl.RoleInfo (RoleInfo.java:shutdownFollowerState(121)) - 006bdc0a-fdd9-41e3-b2de-448ca74b5f92: shutdown FollowerState
2019-06-12 14:24:20,925 INFO  impl.RoleInfo (RoleInfo.java:updateAndGet(143)) - 006bdc0a-fdd9-41e3-b2de-448ca74b5f92: start FollowerState
2019-06-12 14:24:20,925 INFO  impl.FollowerState (FollowerState.java:run(109)) - 006bdc0a-fdd9-41e3-b2de-448ca74b5f92: FollowerState was interrupted: java.lang.InterruptedException: sleep interrupted
2019-06-12 14:24:20,925 INFO  impl.RoleInfo (RoleInfo.java:shutdownFollowerState(121)) - 0ac04be0-fe31-4b6d-9275-e6bb84eca68f: shutdown FollowerState
2019-06-12 14:24:20,924 INFO  impl.RoleInfo (RoleInfo.java:shutdownFollowerState(121)) - 0ac04be0-fe31-4b6d-9275-e6bb84eca68f: shutdown FollowerState
2019-06-12 14:24:20,925 INFO  impl.RaftServerImpl (RaftServerImpl.java:setRole(164)) - 0ac04be0-fe31-4b6d-9275-e6bb84eca68f:group-2C9626F4E751 changes role from FOLLOWER to CANDIDATE at term 0 for changeToCandidate
2019-06-12 14:24:20,927 INFO  impl.RoleInfo (RoleInfo.java:updateAndGet(143)) - 0ac04be0-fe31-4b6d-9275-e6bb84eca68f: start FollowerState
2019-06-12 14:24:20,927 INFO  impl.FollowerState (FollowerState.java:run(109)) - 0ac04be0-fe31-4b6d-9275-e6bb84eca68f: FollowerState was interrupted: java.lang.InterruptedException: sleep interrupted
2019-06-12 14:24:20,927 INFO  impl.RoleInfo (RoleInfo.java:updateAndGet(143)) - 0ac04be0-fe31-4b6d-9275-e6bb84eca68f: start LeaderElection
2019-06-12 14:24:20,930 INFO  impl.LeaderElection (LeaderElection.java:logAndReturn(56)) - 61041948-5efa-4e85-8383-b406d8eab319:group-D779E751AFFC:LeaderElection32: Election PASSED; received 1 response(s) [61041948-5efa-4e85-8383-b406d8eab319->006bdc0a-fdd9-41e3-b2de-448ca74b5f92,true-t1] and 0 exception(s); 61041948-5efa-4e85-8383-b406d8eab319:t1, leader=null, voted=61041948-5efa-4e85-8383-b406d8eab319, raftlog=61041948-5efa-4e85-8383-b406d8eab319-SegmentedRaftLog:OPENED:c-1,f-1,i0, conf=-1: [0ac04be0-fe31-4b6d-9275-e6bb84eca68f:192.168.134.127:36189, 006bdc0a-fdd9-41e3-b2de-448ca74b5f92:192.168.134.127:33287, 61041948-5efa-4e85-8383-b406d8eab319:192.168.134.127:43857], old=null
2019-06-12 14:24:20,935 INFO  impl.RoleInfo (RoleInfo.java:shutdownLeaderElection(134)) - 61041948-5efa-4e85-8383-b406d8eab319: shutdown LeaderElection
2019-06-12 14:24:20,936 INFO  impl.RaftServerImpl (RaftServerImpl.java:setRole(164)) - 61041948-5efa-4e85-8383-b406d8eab319:group-D779E751AFFC changes role from CANDIDATE to LEADER at term 1 for changeToLeader
2019-06-12 14:24:20,936 INFO  impl.RaftServerImpl (ServerState.java:setLeader(263)) - 61041948-5efa-4e85-8383-b406d8eab319:group-D779E751AFFC change Leader from null to 61041948-5efa-4e85-8383-b406d8eab319 at term 1 for becomeLeader, leader elected after 1116ms
2019-06-12 14:24:20,936 INFO  server.RaftServerConfigKeys (ConfUtils.java:logGet(43)) - raft.server.staging.catchup.gap = 1000 (default)
2019-06-12 14:24:20,936 INFO  server.RaftServerConfigKeys (ConfUtils.java:logGet(43)) - raft.server.rpc.sleep.time = 25ms (default)
2019-06-12 14:24:20,937 INFO  server.RaftServerConfigKeys (ConfUtils.java:logGet(43)) - raft.server.watch.timeout = 10s (default)
2019-06-12 14:24:20,937 INFO  server.RaftServerConfigKeys (ConfUtils.java:logGet(43)) - raft.server.watch.timeout.denomination = 1s (default)
2019-06-12 14:24:20,937 INFO  server.RaftServerConfigKeys (ConfUtils.java:logGet(43)) - raft.server.log.appender.snapshot.chunk.size.max = 16MB (=16777216) (default)
2019-06-12 14:24:20,937 INFO  server.RaftServerConfigKeys (ConfUtils.java:logGet(43)) - raft.server.log.appender.buffer.byte-limit = 33554432 (custom)
2019-06-12 14:24:20,937 INFO  server.RaftServerConfigKeys (ConfUtils.java:logGet(43)) - raft.server.log.appender.buffer.element-limit = 1 (custom)
2019-06-12 14:24:20,937 INFO  grpc.GrpcConfigKeys$Server (ConfUtils.java:logGet(43)) - raft.grpc.server.leader.outstanding.appends.max = 128 (default)
2019-06-12 14:24:20,937 INFO  server.RaftServerConfigKeys (ConfUtils.java:logGet(43)) - raft.server.rpc.request.timeout = 3000ms (default)
2019-06-12 14:24:20,937 INFO  server.RaftServerConfigKeys (ConfUtils.java:logGet(43)) - raft.server.log.appender.install.snapshot.enabled = true (default)
2019-06-12 14:24:20,937 INFO  server.RaftServerConfigKeys (ConfUtils.java:logGet(43)) - raft.server.log.appender.snapshot.chunk.size.max = 16MB (=16777216) (default)
2019-06-12 14:24:20,937 INFO  server.RaftServerConfigKeys (ConfUtils.java:logGet(43)) - raft.server.log.appender.buffer.byte-limit = 33554432 (custom)
2019-06-12 14:24:20,938 INFO  server.RaftServerConfigKeys (ConfUtils.java:logGet(43)) - raft.server.log.appender.buffer.element-limit = 1 (custom)
2019-06-12 14:24:20,938 INFO  grpc.GrpcConfigKeys$Server (ConfUtils.java:logGet(43)) - raft.grpc.server.leader.outstanding.appends.max = 128 (default)
2019-06-12 14:24:20,938 INFO  server.RaftServerConfigKeys (ConfUtils.java:logGet(43)) - raft.server.rpc.request.timeout = 3000ms (default)
2019-06-12 14:24:20,938 INFO  server.RaftServerConfigKeys (ConfUtils.java:logGet(43)) - raft.server.log.appender.install.snapshot.enabled = true (default)
2019-06-12 14:24:20,939 INFO  impl.RoleInfo (RoleInfo.java:updateAndGet(143)) - 61041948-5efa-4e85-8383-b406d8eab319: start LeaderState
2019-06-12 14:24:20,940 INFO  storage.RaftLogWorker (RaftLogWorker.java:startLogSegment(298)) - 61041948-5efa-4e85-8383-b406d8eab319-RaftLogWorker: Starting segment from index:0
2019-06-12 14:24:20,960 INFO  impl.LeaderElection (LeaderElection.java:askForVotes(181)) - 0ac04be0-fe31-4b6d-9275-e6bb84eca68f:group-2C9626F4E751:LeaderElection33: begin an election at term 1 for -1: [0ac04be0-fe31-4b6d-9275-e6bb84eca68f:192.168.134.127:36189], old=null
2019-06-12 14:24:20,977 INFO  impl.FollowerState (FollowerState.java:run(101)) - c158c30c-af80-40bd-89e7-cb3e8f4707db:group-D386DADA144E changes to CANDIDATE, lastRpcTime:1039, electionTimeout:1029ms
2019-06-12 14:24:20,978 INFO  impl.RoleInfo (RoleInfo.java:shutdownFollowerState(121)) - c158c30c-af80-40bd-89e7-cb3e8f4707db: shutdown FollowerState
2019-06-12 14:24:20,978 INFO  impl.RaftServerImpl (RaftServerImpl.java:setRole(164)) - c158c30c-af80-40bd-89e7-cb3e8f4707db:group-D386DADA144E changes role from FOLLOWER to CANDIDATE at term 0 for changeToCandidate
2019-06-12 14:24:20,977 INFO  impl.RaftServerImpl (ServerState.java:setRaftConf(361)) - 61041948-5efa-4e85-8383-b406d8eab319:group-D779E751AFFC set configuration 0: [0ac04be0-fe31-4b6d-9275-e6bb84eca68f:192.168.134.127:36189, 006bdc0a-fdd9-41e3-b2de-448ca74b5f92:192.168.134.127:33287, 61041948-5efa-4e85-8383-b406d8eab319:192.168.134.127:43857], old=null at 0
2019-06-12 14:24:20,980 INFO  storage.RaftLogWorker (RaftLogWorker.java:execute(469)) - 61041948-5efa-4e85-8383-b406d8eab319-RaftLogWorker: created new log segment /opt/src/hadoop-ozone/integration-test/target/test-dir/MiniOzoneClusterImpl-7ceb2083-6c20-4223-baad-80db9c066544/datanode-3/data/ratis/423c88f5-29a7-475f-821f-d779e751affc/current/log_inprogress_0
2019-06-12 14:24:20,978 INFO  impl.RoleInfo (RoleInfo.java:updateAndGet(143)) - c158c30c-af80-40bd-89e7-cb3e8f4707db: start LeaderElection
2019-06-12 14:24:20,978 INFO  impl.RoleInfo (RoleInfo.java:shutdownLeaderElection(134)) - 0ac04be0-fe31-4b6d-9275-e6bb84eca68f: shutdown LeaderElection
2019-06-12 14:24:20,984 INFO  impl.RaftServerImpl (RaftServerImpl.java:setRole(164)) - 0ac04be0-fe31-4b6d-9275-e6bb84eca68f:group-2C9626F4E751 changes role from CANDIDATE to LEADER at term 1 for changeToLeader
2019-06-12 14:24:20,984 INFO  impl.RaftServerImpl (ServerState.java:setLeader(263)) - 0ac04be0-fe31-4b6d-9275-e6bb84eca68f:group-2C9626F4E751 change Leader from null to 0ac04be0-fe31-4b6d-9275-e6bb84eca68f at term 1 for becomeLeader, leader elected after 1181ms
2019-06-12 14:24:20,984 INFO  server.RaftServerConfigKeys (ConfUtils.java:logGet(43)) - raft.server.staging.catchup.gap = 1000 (default)
2019-06-12 14:24:20,984 INFO  server.RaftServerConfigKeys (ConfUtils.java:logGet(43)) - raft.server.rpc.sleep.time = 25ms (default)
2019-06-12 14:24:20,983 INFO  impl.RaftServerImpl (ServerState.java:setLeader(263)) - 0ac04be0-fe31-4b6d-9275-e6bb84eca68f:group-D779E751AFFC change Leader from null to 61041948-5efa-4e85-8383-b406d8eab319 at term 1 for appendEntries, leader elected after 1158ms
2019-06-12 14:24:20,985 INFO  rpc.RpcClient (RpcClient.java:createVolume(289)) - Creating Volume: watchforcommithandlingtest, with root as owner.
2019-06-12 14:24:20,987 INFO  impl.RaftServerImpl (ServerState.java:setLeader(263)) - 006bdc0a-fdd9-41e3-b2de-448ca74b5f92:group-D779E751AFFC change Leader from null to 61041948-5efa-4e85-8383-b406d8eab319 at term 1 for appendEntries, leader elected after 1162ms
2019-06-12 14:24:20,989 INFO  impl.RaftServerImpl (ServerState.java:setRaftConf(361)) - 0ac04be0-fe31-4b6d-9275-e6bb84eca68f:group-D779E751AFFC set configuration 0: [0ac04be0-fe31-4b6d-9275-e6bb84eca68f:192.168.134.127:36189, 006bdc0a-fdd9-41e3-b2de-448ca74b5f92:192.168.134.127:33287, 61041948-5efa-4e85-8383-b406d8eab319:192.168.134.127:43857], old=null at 0
2019-06-12 14:24:20,989 INFO  storage.RaftLogWorker (RaftLogWorker.java:startLogSegment(298)) - 0ac04be0-fe31-4b6d-9275-e6bb84eca68f-RaftLogWorker: Starting segment from index:0
2019-06-12 14:24:20,987 INFO  server.RaftServerConfigKeys (ConfUtils.java:logGet(43)) - raft.server.watch.timeout = 10s (default)
2019-06-12 14:24:21,031 INFO  server.RaftServerConfigKeys (ConfUtils.java:logGet(43)) - raft.server.watch.timeout.denomination = 1s (default)
2019-06-12 14:24:21,031 INFO  impl.RoleInfo (RoleInfo.java:updateAndGet(143)) - 0ac04be0-fe31-4b6d-9275-e6bb84eca68f: start LeaderState
2019-06-12 14:24:21,032 INFO  storage.RaftLogWorker (RaftLogWorker.java:startLogSegment(298)) - 0ac04be0-fe31-4b6d-9275-e6bb84eca68f-RaftLogWorker: Starting segment from index:0
2019-06-12 14:24:20,990 INFO  impl.RaftServerImpl (ServerState.java:setRaftConf(361)) - 006bdc0a-fdd9-41e3-b2de-448ca74b5f92:group-D779E751AFFC set configuration 0: [0ac04be0-fe31-4b6d-9275-e6bb84eca68f:192.168.134.127:36189, 006bdc0a-fdd9-41e3-b2de-448ca74b5f92:192.168.134.127:33287, 61041948-5efa-4e85-8383-b406d8eab319:192.168.134.127:43857], old=null at 0
2019-06-12 14:24:21,035 INFO  impl.LeaderElection (LeaderElection.java:askForVotes(181)) - c158c30c-af80-40bd-89e7-cb3e8f4707db:group-D386DADA144E:LeaderElection34: begin an election at term 1 for -1: [c158c30c-af80-40bd-89e7-cb3e8f4707db:192.168.134.127:34735], old=null
2019-06-12 14:24:21,038 INFO  impl.RoleInfo (RoleInfo.java:shutdownLeaderElection(134)) - c158c30c-af80-40bd-89e7-cb3e8f4707db: shutdown LeaderElection
2019-06-12 14:24:21,038 INFO  impl.RaftServerImpl (RaftServerImpl.java:setRole(164)) - c158c30c-af80-40bd-89e7-cb3e8f4707db:group-D386DADA144E changes role from CANDIDATE to LEADER at term 1 for changeToLeader
2019-06-12 14:24:21,038 INFO  impl.RaftServerImpl (ServerState.java:setLeader(263)) - c158c30c-af80-40bd-89e7-cb3e8f4707db:group-D386DADA144E change Leader from null to c158c30c-af80-40bd-89e7-cb3e8f4707db at term 1 for becomeLeader, leader elected after 1102ms
2019-06-12 14:24:21,038 INFO  server.RaftServerConfigKeys (ConfUtils.java:logGet(43)) - raft.server.staging.catchup.gap = 1000 (default)
2019-06-12 14:24:21,035 INFO  impl.RaftServerImpl (ServerState.java:setRaftConf(361)) - 0ac04be0-fe31-4b6d-9275-e6bb84eca68f:group-2C9626F4E751 set configuration 0: [0ac04be0-fe31-4b6d-9275-e6bb84eca68f:192.168.134.127:36189], old=null at 0
2019-06-12 14:24:21,033 INFO  storage.RaftLogWorker (RaftLogWorker.java:execute(469)) - 0ac04be0-fe31-4b6d-9275-e6bb84eca68f-RaftLogWorker: created new log segment /opt/src/hadoop-ozone/integration-test/target/test-dir/MiniOzoneClusterImpl-7ceb2083-6c20-4223-baad-80db9c066544/datanode-5/data/ratis/423c88f5-29a7-475f-821f-d779e751affc/current/log_inprogress_0
2019-06-12 14:24:21,059 INFO  server.RaftServerConfigKeys (ConfUtils.java:logGet(43)) - raft.server.rpc.sleep.time = 25ms (default)
2019-06-12 14:24:21,056 INFO  rpc.RpcClient (RpcClient.java:createBucket(426)) - Creating Bucket: watchforcommithandlingtest/watchforcommithandlingtest, with Versioning false and Storage Type set to DISK and Encryption set to false 
2019-06-12 14:24:21,037 INFO  storage.RaftLogWorker (RaftLogWorker.java:startLogSegment(298)) - 006bdc0a-fdd9-41e3-b2de-448ca74b5f92-RaftLogWorker: Starting segment from index:0
2019-06-12 14:24:21,059 INFO  server.RaftServerConfigKeys (ConfUtils.java:logGet(43)) - raft.server.watch.timeout = 10s (default)
2019-06-12 14:24:21,079 INFO  server.RaftServerConfigKeys (ConfUtils.java:logGet(43)) - raft.server.watch.timeout.denomination = 1s (default)
2019-06-12 14:24:21,080 INFO  impl.RoleInfo (RoleInfo.java:updateAndGet(143)) - c158c30c-af80-40bd-89e7-cb3e8f4707db: start LeaderState
2019-06-12 14:24:21,080 INFO  storage.RaftLogWorker (RaftLogWorker.java:startLogSegment(298)) - c158c30c-af80-40bd-89e7-cb3e8f4707db-RaftLogWorker: Starting segment from index:0
2019-06-12 14:24:21,081 INFO  impl.RaftServerImpl (ServerState.java:setRaftConf(361)) - c158c30c-af80-40bd-89e7-cb3e8f4707db:group-D386DADA144E set configuration 0: [c158c30c-af80-40bd-89e7-cb3e8f4707db:192.168.134.127:34735], old=null at 0
2019-06-12 14:24:21,081 INFO  ozone.MiniOzoneClusterImpl (MiniOzoneClusterImpl.java:getStorageContainerLocationClient(241)) - Creating StorageContainerLocationProtocol RPC client with address /0.0.0.0:44383
2019-06-12 14:24:21,082 INFO  storage.RaftLogWorker (RaftLogWorker.java:execute(469)) - 0ac04be0-fe31-4b6d-9275-e6bb84eca68f-RaftLogWorker: created new log segment /opt/src/hadoop-ozone/integration-test/target/test-dir/MiniOzoneClusterImpl-7ceb2083-6c20-4223-baad-80db9c066544/datanode-5/data/ratis/38c953f2-470f-4380-b069-2c9626f4e751/current/log_inprogress_0
2019-06-12 14:24:21,110 INFO  storage.RaftLogWorker (RaftLogWorker.java:execute(469)) - 006bdc0a-fdd9-41e3-b2de-448ca74b5f92-RaftLogWorker: created new log segment /opt/src/hadoop-ozone/integration-test/target/test-dir/MiniOzoneClusterImpl-7ceb2083-6c20-4223-baad-80db9c066544/datanode-4/data/ratis/423c88f5-29a7-475f-821f-d779e751affc/current/log_inprogress_0
2019-06-12 14:24:21,129 INFO  client.GrpcClientProtocolClient (GrpcClientProtocolClient.java:onNext(254)) - client-A5AED9021865->0e84133b-698d-463b-969f-85b13fab841c: receive RaftClientReply:client-A5AED9021865->0e84133b-698d-463b-969f-85b13fab841c@group-7C36C844C599, cid=66, FAILED org.apache.ratis.protocol.NotLeaderException: Server 0e84133b-698d-463b-969f-85b13fab841c is not the leader (ddd5d77b-3346-4930-a235-8537459c7373:192.168.134.127:38045). Request must be sent to leader., logIndex=0, commits[0e84133b-698d-463b-969f-85b13fab841c:c0, ddd5d77b-3346-4930-a235-8537459c7373:c0, eadf7122-8cc6-4030-97dd-0393c95c93ed:c-1]
2019-06-12 14:24:21,129 INFO  storage.RaftLogWorker (RaftLogWorker.java:execute(469)) - c158c30c-af80-40bd-89e7-cb3e8f4707db-RaftLogWorker: created new log segment /opt/src/hadoop-ozone/integration-test/target/test-dir/MiniOzoneClusterImpl-7ceb2083-6c20-4223-baad-80db9c066544/datanode-6/data/ratis/f19fe214-ff70-4f81-a3de-d386dada144e/current/log_inprogress_0
2019-06-12 14:24:21,133 WARN  client.GrpcClientProtocolService (LogUtils.java:warn(134)) - 0-OrderedRequestStreamObserver0: onError: org.apache.ratis.thirdparty.io.grpc.StatusRuntimeException: CANCELLED: cancelled before receiving half close
2019-06-12 14:24:22,140 INFO  client.GrpcClientProtocolClient (GrpcClientProtocolClient.java:onNext(254)) - client-A5AED9021865->eadf7122-8cc6-4030-97dd-0393c95c93ed: receive RaftClientReply:client-A5AED9021865->eadf7122-8cc6-4030-97dd-0393c95c93ed@group-7C36C844C599, cid=66, FAILED org.apache.ratis.protocol.NotLeaderException: Server eadf7122-8cc6-4030-97dd-0393c95c93ed is not the leader (ddd5d77b-3346-4930-a235-8537459c7373:192.168.134.127:38045). Request must be sent to leader., logIndex=0, commits[eadf7122-8cc6-4030-97dd-0393c95c93ed:c0, ddd5d77b-3346-4930-a235-8537459c7373:c0, 0e84133b-698d-463b-969f-85b13fab841c:c0]
2019-06-12 14:24:22,142 WARN  client.GrpcClientProtocolService (LogUtils.java:warn(134)) - 0-OrderedRequestStreamObserver0: onError: org.apache.ratis.thirdparty.io.grpc.StatusRuntimeException: CANCELLED: cancelled before receiving half close
2019-06-12 14:24:23,147 INFO  client.GrpcClientProtocolClient (GrpcClientProtocolClient.java:onNext(254)) - client-A5AED9021865->0e84133b-698d-463b-969f-85b13fab841c: receive RaftClientReply:client-A5AED9021865->0e84133b-698d-463b-969f-85b13fab841c@group-7C36C844C599, cid=66, FAILED org.apache.ratis.protocol.NotLeaderException: Server 0e84133b-698d-463b-969f-85b13fab841c is not the leader (ddd5d77b-3346-4930-a235-8537459c7373:192.168.134.127:38045). Request must be sent to leader., logIndex=0, commits[0e84133b-698d-463b-969f-85b13fab841c:c0, ddd5d77b-3346-4930-a235-8537459c7373:c0, eadf7122-8cc6-4030-97dd-0393c95c93ed:c0]
2019-06-12 14:24:23,150 WARN  client.GrpcClientProtocolService (LogUtils.java:warn(134)) - 1-OrderedRequestStreamObserver1: onError: org.apache.ratis.thirdparty.io.grpc.StatusRuntimeException: CANCELLED: cancelled before receiving half close
2019-06-12 14:24:24,155 INFO  client.GrpcClientProtocolClient (GrpcClientProtocolClient.java:onNext(254)) - client-A5AED9021865->eadf7122-8cc6-4030-97dd-0393c95c93ed: receive RaftClientReply:client-A5AED9021865->eadf7122-8cc6-4030-97dd-0393c95c93ed@group-7C36C844C599, cid=66, FAILED org.apache.ratis.protocol.NotLeaderException: Server eadf7122-8cc6-4030-97dd-0393c95c93ed is not the leader (ddd5d77b-3346-4930-a235-8537459c7373:192.168.134.127:38045). Request must be sent to leader., logIndex=0, commits[eadf7122-8cc6-4030-97dd-0393c95c93ed:c0, ddd5d77b-3346-4930-a235-8537459c7373:c0, 0e84133b-698d-463b-969f-85b13fab841c:c0]
2019-06-12 14:24:24,157 WARN  client.GrpcClientProtocolService (LogUtils.java:warn(134)) - 1-OrderedRequestStreamObserver1: onError: org.apache.ratis.thirdparty.io.grpc.StatusRuntimeException: CANCELLED: cancelled before receiving half close
2019-06-12 14:24:25,164 INFO  client.GrpcClientProtocolClient (GrpcClientProtocolClient.java:onNext(254)) - client-A5AED9021865->0e84133b-698d-463b-969f-85b13fab841c: receive RaftClientReply:client-A5AED9021865->0e84133b-698d-463b-969f-85b13fab841c@group-7C36C844C599, cid=66, FAILED org.apache.ratis.protocol.NotLeaderException: Server 0e84133b-698d-463b-969f-85b13fab841c is not the leader (ddd5d77b-3346-4930-a235-8537459c7373:192.168.134.127:38045). Request must be sent to leader., logIndex=0, commits[0e84133b-698d-463b-969f-85b13fab841c:c0, ddd5d77b-3346-4930-a235-8537459c7373:c0, eadf7122-8cc6-4030-97dd-0393c95c93ed:c0]
2019-06-12 14:24:25,171 WARN  client.GrpcClientProtocolService (LogUtils.java:warn(134)) - 2-OrderedRequestStreamObserver2: onError: org.apache.ratis.thirdparty.io.grpc.StatusRuntimeException: CANCELLED: cancelled before receiving half close
2019-06-12 14:24:26,176 INFO  client.GrpcClientProtocolClient (GrpcClientProtocolClient.java:onNext(254)) - client-A5AED9021865->eadf7122-8cc6-4030-97dd-0393c95c93ed: receive RaftClientReply:client-A5AED9021865->eadf7122-8cc6-4030-97dd-0393c95c93ed@group-7C36C844C599, cid=66, FAILED org.apache.ratis.protocol.NotLeaderException: Server eadf7122-8cc6-4030-97dd-0393c95c93ed is not the leader (ddd5d77b-3346-4930-a235-8537459c7373:192.168.134.127:38045). Request must be sent to leader., logIndex=0, commits[eadf7122-8cc6-4030-97dd-0393c95c93ed:c0, ddd5d77b-3346-4930-a235-8537459c7373:c0, 0e84133b-698d-463b-969f-85b13fab841c:c0]
2019-06-12 14:24:26,177 WARN  client.GrpcClientProtocolService (LogUtils.java:warn(134)) - 2-OrderedRequestStreamObserver2: onError: org.apache.ratis.thirdparty.io.grpc.StatusRuntimeException: CANCELLED: cancelled before receiving half close
2019-06-12 14:24:27,185 INFO  client.GrpcClientProtocolClient (GrpcClientProtocolClient.java:onNext(254)) - client-A5AED9021865->0e84133b-698d-463b-969f-85b13fab841c: receive RaftClientReply:client-A5AED9021865->0e84133b-698d-463b-969f-85b13fab841c@group-7C36C844C599, cid=66, FAILED org.apache.ratis.protocol.NotLeaderException: Server 0e84133b-698d-463b-969f-85b13fab841c is not the leader (ddd5d77b-3346-4930-a235-8537459c7373:192.168.134.127:38045). Request must be sent to leader., logIndex=0, commits[0e84133b-698d-463b-969f-85b13fab841c:c0, ddd5d77b-3346-4930-a235-8537459c7373:c0, eadf7122-8cc6-4030-97dd-0393c95c93ed:c0]
2019-06-12 14:24:27,185 WARN  client.GrpcClientProtocolService (LogUtils.java:warn(134)) - 3-OrderedRequestStreamObserver3: onError: org.apache.ratis.thirdparty.io.grpc.StatusRuntimeException: CANCELLED: cancelled before receiving half close
2019-06-12 14:24:28,191 INFO  client.GrpcClientProtocolClient (GrpcClientProtocolClient.java:onNext(254)) - client-A5AED9021865->eadf7122-8cc6-4030-97dd-0393c95c93ed: receive RaftClientReply:client-A5AED9021865->eadf7122-8cc6-4030-97dd-0393c95c93ed@group-7C36C844C599, cid=66, FAILED org.apache.ratis.protocol.NotLeaderException: Server eadf7122-8cc6-4030-97dd-0393c95c93ed is not the leader (ddd5d77b-3346-4930-a235-8537459c7373:192.168.134.127:38045). Request must be sent to leader., logIndex=0, commits[eadf7122-8cc6-4030-97dd-0393c95c93ed:c0, ddd5d77b-3346-4930-a235-8537459c7373:c0, 0e84133b-698d-463b-969f-85b13fab841c:c0]
2019-06-12 14:24:28,191 WARN  client.GrpcClientProtocolService (LogUtils.java:warn(134)) - 3-OrderedRequestStreamObserver3: onError: org.apache.ratis.thirdparty.io.grpc.StatusRuntimeException: CANCELLED: cancelled before receiving half close
2019-06-12 14:24:29,242 INFO  client.GrpcClientProtocolClient (GrpcClientProtocolClient.java:onNext(254)) - client-A5AED9021865->ddd5d77b-3346-4930-a235-8537459c7373: receive RaftClientReply:client-A5AED9021865->ddd5d77b-3346-4930-a235-8537459c7373@group-7C36C844C599, cid=66, SUCCESS, logIndex=1, commits[ddd5d77b-3346-4930-a235-8537459c7373:c2, eadf7122-8cc6-4030-97dd-0393c95c93ed:c1, 0e84133b-698d-463b-969f-85b13fab841c:c1]
2019-06-12 14:24:29,242 INFO  datanode.ObjectStoreHandler (ObjectStoreHandler.java:close(155)) - Closing ObjectStoreHandler.
2019-06-12 14:24:29,243 INFO  ozone.HddsDatanodeService (HddsDatanodeService.java:stop(452)) - Stopped plug-in org.apache.hadoop.ozone.web.OzoneHddsDatanodeService@155c7eae
2019-06-12 14:24:29,243 INFO  statemachine.DatanodeStateMachine (DatanodeStateMachine.java:lambda$startDaemon$0(350)) - Ozone container server started.
2019-06-12 14:24:29,243 INFO  ozoneimpl.OzoneContainer (OzoneContainer.java:stop(199)) - Attempting to stop container services.
2019-06-12 14:24:29,244 INFO  impl.RaftServerProxy (RaftServerProxy.java:lambda$close$4(314)) - 0e84133b-698d-463b-969f-85b13fab841c: close
2019-06-12 14:24:29,244 INFO  impl.RaftServerImpl (RaftServerImpl.java:lambda$shutdown$3(238)) - 0e84133b-698d-463b-969f-85b13fab841c: shutdown group-F62CAF8E5543
2019-06-12 14:24:29,244 INFO  util.JmxRegister (JmxRegister.java:unregister(73)) - Successfully un-registered JMX Bean with object name Ratis:service=RaftServer,group=group-F62CAF8E5543,id=0e84133b-698d-463b-969f-85b13fab841c
2019-06-12 14:24:29,245 INFO  impl.RoleInfo (RoleInfo.java:shutdownLeaderState(104)) - 0e84133b-698d-463b-969f-85b13fab841c: shutdown LeaderState
2019-06-12 14:24:29,245 INFO  impl.PendingRequests (PendingRequests.java:sendNotLeaderResponses(140)) - 0e84133b-698d-463b-969f-85b13fab841c-PendingRequests: sendNotLeaderResponses
2019-06-12 14:24:29,255 INFO  impl.StateMachineUpdater (StateMachineUpdater.java:stopAndJoin(109)) - StateMachineUpdater-0e84133b-698d-463b-969f-85b13fab841c-group-F62CAF8E5543: set stopIndex = 0
2019-06-12 14:24:29,255 INFO  ratis.ContainerStateMachine (ContainerStateMachine.java:takeSnapshot(245)) - Taking snapshot at termIndex:(t:0, i:~)
2019-06-12 14:24:29,255 INFO  impl.RaftServerImpl (ServerState.java:close(394)) - 0e84133b-698d-463b-969f-85b13fab841c:group-F62CAF8E5543 closes. The last applied log index is 0
2019-06-12 14:24:29,255 INFO  storage.RaftLogWorker (RaftLogWorker.java:run(236)) - 0e84133b-698d-463b-969f-85b13fab841c-RaftLogWorker was interrupted, exiting. There are 0 tasks remaining in the queue.
2019-06-12 14:24:29,257 INFO  storage.RaftLogWorker (RaftLogWorker.java:close(168)) - 0e84133b-698d-463b-969f-85b13fab841c-RaftLogWorker close()
2019-06-12 14:24:29,258 INFO  impl.RaftServerImpl (RaftServerImpl.java:lambda$shutdown$3(238)) - 0e84133b-698d-463b-969f-85b13fab841c: shutdown group-7C36C844C599
2019-06-12 14:24:29,258 INFO  util.JmxRegister (JmxRegister.java:unregister(73)) - Successfully un-registered JMX Bean with object name Ratis:service=RaftServer,group=group-7C36C844C599,id=0e84133b-698d-463b-969f-85b13fab841c
2019-06-12 14:24:29,258 INFO  impl.RoleInfo (RoleInfo.java:shutdownFollowerState(121)) - 0e84133b-698d-463b-969f-85b13fab841c: shutdown FollowerState
2019-06-12 14:24:29,259 INFO  impl.StateMachineUpdater (StateMachineUpdater.java:stopAndJoin(109)) - StateMachineUpdater-0e84133b-698d-463b-969f-85b13fab841c-group-7C36C844C599: set stopIndex = 1
2019-06-12 14:24:29,259 INFO  impl.FollowerState (FollowerState.java:run(109)) - 0e84133b-698d-463b-969f-85b13fab841c: FollowerState was interrupted: java.lang.InterruptedException: sleep interrupted
2019-06-12 14:24:29,259 INFO  ratis.ContainerStateMachine (ContainerStateMachine.java:takeSnapshot(245)) - Taking snapshot at termIndex:(t:1, i:1)
2019-06-12 14:24:29,259 INFO  ratis.ContainerStateMachine (ContainerStateMachine.java:takeSnapshot(249)) - Taking a snapshot to file /opt/src/hadoop-ozone/integration-test/target/test-dir/MiniOzoneClusterImpl-7ceb2083-6c20-4223-baad-80db9c066544/datanode-1/data/ratis/36130859-8f3d-41a4-8195-7c36c844c599/sm/snapshot.1_1
2019-06-12 14:24:29,259 INFO  impl.RaftServerImpl (ServerState.java:close(394)) - 0e84133b-698d-463b-969f-85b13fab841c:group-7C36C844C599 closes. The last applied log index is 1
2019-06-12 14:24:29,259 INFO  storage.RaftLogWorker (RaftLogWorker.java:run(236)) - 0e84133b-698d-463b-969f-85b13fab841c-RaftLogWorker was interrupted, exiting. There are 0 tasks remaining in the queue.
2019-06-12 14:24:29,262 INFO  storage.RaftLogWorker (RaftLogWorker.java:close(168)) - 0e84133b-698d-463b-969f-85b13fab841c-RaftLogWorker close()
2019-06-12 14:24:29,263 INFO  server.GrpcService (GrpcService.java:closeImpl(154)) - 0e84133b-698d-463b-969f-85b13fab841c: shutdown server with port 34801 now
2019-06-12 14:24:29,264 WARN  server.GrpcLogAppender (LogUtils.java:warn(134)) - ddd5d77b-3346-4930-a235-8537459c7373: Failed appendEntries to 0e84133b-698d-463b-969f-85b13fab841c:192.168.134.127:34801: org.apache.ratis.thirdparty.io.grpc.StatusRuntimeException: CANCELLED: HTTP/2 error code: CANCEL
Received Rst Stream
2019-06-12 14:24:29,264 WARN  server.GrpcServerProtocolService (LogUtils.java:warn(134)) - 0e84133b-698d-463b-969f-85b13fab841c: appendEntries onError: org.apache.ratis.thirdparty.io.grpc.StatusRuntimeException: CANCELLED: cancelled before receiving half close
2019-06-12 14:24:29,264 INFO  impl.FollowerInfo (FollowerInfo.java:lambda$new$0(50)) - ddd5d77b-3346-4930-a235-8537459c7373->0e84133b-698d-463b-969f-85b13fab841c: nextIndex: updateUnconditionally 3 -> 0
2019-06-12 14:24:29,264 INFO  server.GrpcService (GrpcService.java:closeImpl(162)) - 0e84133b-698d-463b-969f-85b13fab841c: shutdown server with port 34801 successfully
2019-06-12 14:24:29,268 WARN  fs.CachingGetSpaceUsed (CachingGetSpaceUsed.java:run(183)) - Thread Interrupted waiting to refresh disk information: sleep interrupted
2019-06-12 14:24:29,279 INFO  statemachine.DatanodeStateMachine (DatanodeStateMachine.java:stopDaemon(395)) - Ozone container server stopped.
2019-06-12 14:24:29,279 INFO  handler.ContextHandler (ContextHandler.java:doStop(910)) - Stopped o.e.j.w.WebAppContext@2ba318c2{/,null,UNAVAILABLE}{/hddsDatanode}
2019-06-12 14:24:29,280 INFO  server.AbstractConnector (AbstractConnector.java:doStop(318)) - Stopped ServerConnector@231d3ce{HTTP/1.1,[http/1.1]}{0.0.0.0:0}
2019-06-12 14:24:29,280 INFO  handler.ContextHandler (ContextHandler.java:doStop(910)) - Stopped o.e.j.s.ServletContextHandler@7f64bd7{/static,jar:file:/root/.m2/repository/org/apache/hadoop/hadoop-hdds-container-service/0.5.0-SNAPSHOT/hadoop-hdds-container-service-0.5.0-SNAPSHOT.jar!/webapps/static,UNAVAILABLE}
2019-06-12 14:24:29,280 INFO  handler.ContextHandler (ContextHandler.java:doStop(910)) - Stopped o.e.j.s.ServletContextHandler@1dd247b{/logs,file:///opt/src/hadoop-ozone/integration-test/target/log,UNAVAILABLE}
2019-06-12 14:24:29,281 INFO  datanode.ObjectStoreHandler (ObjectStoreHandler.java:close(155)) - Closing ObjectStoreHandler.
2019-06-12 14:24:29,282 INFO  ozone.HddsDatanodeService (HddsDatanodeService.java:stop(452)) - Stopped plug-in org.apache.hadoop.ozone.web.OzoneHddsDatanodeService@647af13d
2019-06-12 14:24:29,282 INFO  statemachine.DatanodeStateMachine (DatanodeStateMachine.java:lambda$startDaemon$0(350)) - Ozone container server started.
2019-06-12 14:24:29,283 INFO  ozoneimpl.OzoneContainer (OzoneContainer.java:stop(199)) - Attempting to stop container services.
2019-06-12 14:24:29,283 INFO  impl.RaftServerProxy (RaftServerProxy.java:lambda$close$4(314)) - eadf7122-8cc6-4030-97dd-0393c95c93ed: close
2019-06-12 14:24:29,283 INFO  impl.RaftServerImpl (RaftServerImpl.java:lambda$shutdown$3(238)) - eadf7122-8cc6-4030-97dd-0393c95c93ed: shutdown group-90CE9BF61266
2019-06-12 14:24:29,283 INFO  impl.RaftServerImpl (RaftServerImpl.java:lambda$shutdown$3(238)) - eadf7122-8cc6-4030-97dd-0393c95c93ed: shutdown group-7C36C844C599
2019-06-12 14:24:29,283 INFO  util.JmxRegister (JmxRegister.java:unregister(73)) - Successfully un-registered JMX Bean with object name Ratis:service=RaftServer,group=group-90CE9BF61266,id=eadf7122-8cc6-4030-97dd-0393c95c93ed
2019-06-12 14:24:29,283 INFO  util.JmxRegister (JmxRegister.java:unregister(73)) - Successfully un-registered JMX Bean with object name Ratis:service=RaftServer,group=group-7C36C844C599,id=eadf7122-8cc6-4030-97dd-0393c95c93ed
2019-06-12 14:24:29,284 INFO  impl.RoleInfo (RoleInfo.java:shutdownLeaderState(104)) - eadf7122-8cc6-4030-97dd-0393c95c93ed: shutdown LeaderState
2019-06-12 14:24:29,284 INFO  impl.RoleInfo (RoleInfo.java:shutdownFollowerState(121)) - eadf7122-8cc6-4030-97dd-0393c95c93ed: shutdown FollowerState
2019-06-12 14:24:29,284 INFO  impl.PendingRequests (PendingRequests.java:sendNotLeaderResponses(140)) - eadf7122-8cc6-4030-97dd-0393c95c93ed-PendingRequests: sendNotLeaderResponses
2019-06-12 14:24:29,284 INFO  ratis.ContainerStateMachine (ContainerStateMachine.java:takeSnapshot(245)) - Taking snapshot at termIndex:(t:1, i:1)
2019-06-12 14:24:29,285 INFO  ratis.ContainerStateMachine (ContainerStateMachine.java:takeSnapshot(249)) - Taking a snapshot to file /opt/src/hadoop-ozone/integration-test/target/test-dir/MiniOzoneClusterImpl-7ceb2083-6c20-4223-baad-80db9c066544/datanode-0/data/ratis/36130859-8f3d-41a4-8195-7c36c844c599/sm/snapshot.1_1
2019-06-12 14:24:29,284 INFO  impl.FollowerState (FollowerState.java:run(109)) - eadf7122-8cc6-4030-97dd-0393c95c93ed: FollowerState was interrupted: java.lang.InterruptedException: sleep interrupted
2019-06-12 14:24:29,284 INFO  impl.StateMachineUpdater (StateMachineUpdater.java:stopAndJoin(109)) - StateMachineUpdater-eadf7122-8cc6-4030-97dd-0393c95c93ed-group-7C36C844C599: set stopIndex = 1
2019-06-12 14:24:29,286 INFO  impl.RaftServerImpl (ServerState.java:close(394)) - eadf7122-8cc6-4030-97dd-0393c95c93ed:group-7C36C844C599 closes. The last applied log index is 1
2019-06-12 14:24:29,286 INFO  storage.RaftLogWorker (RaftLogWorker.java:run(236)) - eadf7122-8cc6-4030-97dd-0393c95c93ed-RaftLogWorker was interrupted, exiting. There are 0 tasks remaining in the queue.
2019-06-12 14:24:29,288 INFO  storage.RaftLogWorker (RaftLogWorker.java:close(168)) - eadf7122-8cc6-4030-97dd-0393c95c93ed-RaftLogWorker close()
2019-06-12 14:24:29,295 INFO  impl.StateMachineUpdater (StateMachineUpdater.java:stopAndJoin(109)) - StateMachineUpdater-eadf7122-8cc6-4030-97dd-0393c95c93ed-group-90CE9BF61266: set stopIndex = 0
2019-06-12 14:24:29,295 INFO  ratis.ContainerStateMachine (ContainerStateMachine.java:takeSnapshot(245)) - Taking snapshot at termIndex:(t:0, i:~)
2019-06-12 14:24:29,295 INFO  impl.RaftServerImpl (ServerState.java:close(394)) - eadf7122-8cc6-4030-97dd-0393c95c93ed:group-90CE9BF61266 closes. The last applied log index is 0
2019-06-12 14:24:29,295 INFO  storage.RaftLogWorker (RaftLogWorker.java:run(236)) - eadf7122-8cc6-4030-97dd-0393c95c93ed-RaftLogWorker was interrupted, exiting. There are 0 tasks remaining in the queue.
2019-06-12 14:24:29,296 INFO  storage.RaftLogWorker (RaftLogWorker.java:close(168)) - eadf7122-8cc6-4030-97dd-0393c95c93ed-RaftLogWorker close()
2019-06-12 14:24:29,298 INFO  server.GrpcService (GrpcService.java:closeImpl(154)) - eadf7122-8cc6-4030-97dd-0393c95c93ed: shutdown server with port 35231 now
2019-06-12 14:24:29,298 WARN  server.GrpcServerProtocolService (LogUtils.java:warn(134)) - eadf7122-8cc6-4030-97dd-0393c95c93ed: appendEntries onError: org.apache.ratis.thirdparty.io.grpc.StatusRuntimeException: CANCELLED: cancelled before receiving half close
2019-06-12 14:24:29,298 WARN  server.GrpcLogAppender (LogUtils.java:warn(134)) - ddd5d77b-3346-4930-a235-8537459c7373: Failed appendEntries to eadf7122-8cc6-4030-97dd-0393c95c93ed:192.168.134.127:35231: org.apache.ratis.thirdparty.io.grpc.StatusRuntimeException: CANCELLED: HTTP/2 error code: CANCEL
Received Rst Stream
2019-06-12 14:24:29,298 INFO  server.GrpcService (GrpcService.java:closeImpl(162)) - eadf7122-8cc6-4030-97dd-0393c95c93ed: shutdown server with port 35231 successfully
2019-06-12 14:24:29,299 INFO  impl.FollowerInfo (FollowerInfo.java:lambda$new$0(50)) - ddd5d77b-3346-4930-a235-8537459c7373->eadf7122-8cc6-4030-97dd-0393c95c93ed: nextIndex: updateUnconditionally 3 -> 0
2019-06-12 14:24:29,299 WARN  fs.CachingGetSpaceUsed (CachingGetSpaceUsed.java:run(183)) - Thread Interrupted waiting to refresh disk information: sleep interrupted
2019-06-12 14:24:29,310 INFO  statemachine.DatanodeStateMachine (DatanodeStateMachine.java:stopDaemon(395)) - Ozone container server stopped.
2019-06-12 14:24:29,310 INFO  handler.ContextHandler (ContextHandler.java:doStop(910)) - Stopped o.e.j.w.WebAppContext@6ffdbeef{/,null,UNAVAILABLE}{/hddsDatanode}
2019-06-12 14:24:29,311 INFO  server.AbstractConnector (AbstractConnector.java:doStop(318)) - Stopped ServerConnector@4a3509b0{HTTP/1.1,[http/1.1]}{0.0.0.0:0}
2019-06-12 14:24:29,311 INFO  handler.ContextHandler (ContextHandler.java:doStop(910)) - Stopped o.e.j.s.ServletContextHandler@114badf0{/static,jar:file:/root/.m2/repository/org/apache/hadoop/hadoop-hdds-container-service/0.5.0-SNAPSHOT/hadoop-hdds-container-service-0.5.0-SNAPSHOT.jar!/webapps/static,UNAVAILABLE}
2019-06-12 14:24:29,311 INFO  handler.ContextHandler (ContextHandler.java:doStop(910)) - Stopped o.e.j.s.ServletContextHandler@b5ff70b{/logs,file:///opt/src/hadoop-ozone/integration-test/target/log,UNAVAILABLE}
2019-06-12 14:24:29,705 WARN  server.GrpcLogAppender (LogUtils.java:warn(134)) - ddd5d77b-3346-4930-a235-8537459c7373: Failed appendEntries to eadf7122-8cc6-4030-97dd-0393c95c93ed:192.168.134.127:35231: org.apache.ratis.thirdparty.io.grpc.StatusRuntimeException: UNAVAILABLE: io exception
2019-06-12 14:24:29,705 INFO  impl.FollowerInfo (FollowerInfo.java:lambda$new$0(50)) - ddd5d77b-3346-4930-a235-8537459c7373->eadf7122-8cc6-4030-97dd-0393c95c93ed: nextIndex: updateUnconditionally 0 -> 0
2019-06-12 14:24:29,712 WARN  server.GrpcLogAppender (LogUtils.java:warn(134)) - ddd5d77b-3346-4930-a235-8537459c7373: Failed appendEntries to 0e84133b-698d-463b-969f-85b13fab841c:192.168.134.127:34801: org.apache.ratis.thirdparty.io.grpc.StatusRuntimeException: UNAVAILABLE: io exception
2019-06-12 14:24:29,712 INFO  impl.FollowerInfo (FollowerInfo.java:lambda$new$0(50)) - ddd5d77b-3346-4930-a235-8537459c7373->0e84133b-698d-463b-969f-85b13fab841c: nextIndex: updateUnconditionally 0 -> 0
2019-06-12 14:24:30,205 WARN  server.GrpcLogAppender (LogUtils.java:warn(134)) - ddd5d77b-3346-4930-a235-8537459c7373: Failed appendEntries to eadf7122-8cc6-4030-97dd-0393c95c93ed:192.168.134.127:35231: org.apache.ratis.thirdparty.io.grpc.StatusRuntimeException: UNAVAILABLE: io exception
2019-06-12 14:24:30,206 INFO  impl.FollowerInfo (FollowerInfo.java:lambda$new$0(50)) - ddd5d77b-3346-4930-a235-8537459c7373->eadf7122-8cc6-4030-97dd-0393c95c93ed: nextIndex: updateUnconditionally 0 -> 0
2019-06-12 14:24:30,212 WARN  server.GrpcLogAppender (LogUtils.java:warn(134)) - ddd5d77b-3346-4930-a235-8537459c7373: Failed appendEntries to 0e84133b-698d-463b-969f-85b13fab841c:192.168.134.127:34801: org.apache.ratis.thirdparty.io.grpc.StatusRuntimeException: UNAVAILABLE: io exception
2019-06-12 14:24:30,213 INFO  impl.FollowerInfo (FollowerInfo.java:lambda$new$0(50)) - ddd5d77b-3346-4930-a235-8537459c7373->0e84133b-698d-463b-969f-85b13fab841c: nextIndex: updateUnconditionally 0 -> 0
2019-06-12 14:24:30,705 WARN  server.GrpcLogAppender (LogUtils.java:warn(134)) - ddd5d77b-3346-4930-a235-8537459c7373: Failed appendEntries to eadf7122-8cc6-4030-97dd-0393c95c93ed:192.168.134.127:35231: org.apache.ratis.thirdparty.io.grpc.StatusRuntimeException: UNAVAILABLE: io exception
2019-06-12 14:24:30,706 INFO  impl.FollowerInfo (FollowerInfo.java:lambda$new$0(50)) - ddd5d77b-3346-4930-a235-8537459c7373->eadf7122-8cc6-4030-97dd-0393c95c93ed: nextIndex: updateUnconditionally 0 -> 0
2019-06-12 14:24:30,713 WARN  server.GrpcLogAppender (LogUtils.java:warn(134)) - ddd5d77b-3346-4930-a235-8537459c7373: Failed appendEntries to 0e84133b-698d-463b-969f-85b13fab841c:192.168.134.127:34801: org.apache.ratis.thirdparty.io.grpc.StatusRuntimeException: UNAVAILABLE: io exception
2019-06-12 14:24:30,713 INFO  impl.FollowerInfo (FollowerInfo.java:lambda$new$0(50)) - ddd5d77b-3346-4930-a235-8537459c7373->0e84133b-698d-463b-969f-85b13fab841c: nextIndex: updateUnconditionally 0 -> 0
2019-06-12 14:24:31,206 WARN  server.GrpcLogAppender (LogUtils.java:warn(134)) - ddd5d77b-3346-4930-a235-8537459c7373: Failed appendEntries to eadf7122-8cc6-4030-97dd-0393c95c93ed:192.168.134.127:35231: org.apache.ratis.thirdparty.io.grpc.StatusRuntimeException: UNAVAILABLE: io exception
2019-06-12 14:24:31,207 INFO  impl.FollowerInfo (FollowerInfo.java:lambda$new$0(50)) - ddd5d77b-3346-4930-a235-8537459c7373->eadf7122-8cc6-4030-97dd-0393c95c93ed: nextIndex: updateUnconditionally 0 -> 0
2019-06-12 14:24:31,213 WARN  server.GrpcLogAppender (LogUtils.java:warn(134)) - ddd5d77b-3346-4930-a235-8537459c7373: Failed appendEntries to 0e84133b-698d-463b-969f-85b13fab841c:192.168.134.127:34801: org.apache.ratis.thirdparty.io.grpc.StatusRuntimeException: UNAVAILABLE: io exception
2019-06-12 14:24:31,214 INFO  impl.FollowerInfo (FollowerInfo.java:lambda$new$0(50)) - ddd5d77b-3346-4930-a235-8537459c7373->0e84133b-698d-463b-969f-85b13fab841c: nextIndex: updateUnconditionally 0 -> 0
2019-06-12 14:24:31,707 WARN  server.GrpcLogAppender (LogUtils.java:warn(134)) - ddd5d77b-3346-4930-a235-8537459c7373: Failed appendEntries to eadf7122-8cc6-4030-97dd-0393c95c93ed:192.168.134.127:35231: org.apache.ratis.thirdparty.io.grpc.StatusRuntimeException: UNAVAILABLE: io exception
2019-06-12 14:24:31,707 INFO  impl.FollowerInfo (FollowerInfo.java:lambda$new$0(50)) - ddd5d77b-3346-4930-a235-8537459c7373->eadf7122-8cc6-4030-97dd-0393c95c93ed: nextIndex: updateUnconditionally 0 -> 0
2019-06-12 14:24:31,714 WARN  server.GrpcLogAppender (LogUtils.java:warn(134)) - ddd5d77b-3346-4930-a235-8537459c7373: Failed appendEntries to 0e84133b-698d-463b-969f-85b13fab841c:192.168.134.127:34801: org.apache.ratis.thirdparty.io.grpc.StatusRuntimeException: UNAVAILABLE: io exception
2019-06-12 14:24:31,714 INFO  impl.FollowerInfo (FollowerInfo.java:lambda$new$0(50)) - ddd5d77b-3346-4930-a235-8537459c7373->0e84133b-698d-463b-969f-85b13fab841c: nextIndex: updateUnconditionally 0 -> 0
2019-06-12 14:24:32,207 WARN  server.GrpcLogAppender (LogUtils.java:warn(134)) - ddd5d77b-3346-4930-a235-8537459c7373: Failed appendEntries to eadf7122-8cc6-4030-97dd-0393c95c93ed:192.168.134.127:35231: org.apache.ratis.thirdparty.io.grpc.StatusRuntimeException: UNAVAILABLE: io exception
2019-06-12 14:24:32,208 INFO  impl.FollowerInfo (FollowerInfo.java:lambda$new$0(50)) - ddd5d77b-3346-4930-a235-8537459c7373->eadf7122-8cc6-4030-97dd-0393c95c93ed: nextIndex: updateUnconditionally 0 -> 0
2019-06-12 14:24:32,214 WARN  server.GrpcLogAppender (LogUtils.java:warn(134)) - ddd5d77b-3346-4930-a235-8537459c7373: Failed appendEntries to 0e84133b-698d-463b-969f-85b13fab841c:192.168.134.127:34801: org.apache.ratis.thirdparty.io.grpc.StatusRuntimeException: UNAVAILABLE: io exception
2019-06-12 14:24:32,215 INFO  impl.FollowerInfo (FollowerInfo.java:lambda$new$0(50)) - ddd5d77b-3346-4930-a235-8537459c7373->0e84133b-698d-463b-969f-85b13fab841c: nextIndex: updateUnconditionally 0 -> 0
2019-06-12 14:24:32,708 WARN  server.GrpcLogAppender (LogUtils.java:warn(134)) - ddd5d77b-3346-4930-a235-8537459c7373: Failed appendEntries to eadf7122-8cc6-4030-97dd-0393c95c93ed:192.168.134.127:35231: org.apache.ratis.thirdparty.io.grpc.StatusRuntimeException: UNAVAILABLE: io exception
2019-06-12 14:24:32,708 INFO  impl.FollowerInfo (FollowerInfo.java:lambda$new$0(50)) - ddd5d77b-3346-4930-a235-8537459c7373->eadf7122-8cc6-4030-97dd-0393c95c93ed: nextIndex: updateUnconditionally 0 -> 0
2019-06-12 14:24:32,715 WARN  server.GrpcLogAppender (LogUtils.java:warn(134)) - ddd5d77b-3346-4930-a235-8537459c7373: Failed appendEntries to 0e84133b-698d-463b-969f-85b13fab841c:192.168.134.127:34801: org.apache.ratis.thirdparty.io.grpc.StatusRuntimeException: UNAVAILABLE: io exception
2019-06-12 14:24:32,715 INFO  impl.FollowerInfo (FollowerInfo.java:lambda$new$0(50)) - ddd5d77b-3346-4930-a235-8537459c7373->0e84133b-698d-463b-969f-85b13fab841c: nextIndex: updateUnconditionally 0 -> 0
2019-06-12 14:24:33,208 WARN  server.GrpcLogAppender (LogUtils.java:warn(134)) - ddd5d77b-3346-4930-a235-8537459c7373: Failed appendEntries to eadf7122-8cc6-4030-97dd-0393c95c93ed:192.168.134.127:35231: org.apache.ratis.thirdparty.io.grpc.StatusRuntimeException: UNAVAILABLE: io exception
2019-06-12 14:24:33,208 INFO  impl.FollowerInfo (FollowerInfo.java:lambda$new$0(50)) - ddd5d77b-3346-4930-a235-8537459c7373->eadf7122-8cc6-4030-97dd-0393c95c93ed: nextIndex: updateUnconditionally 0 -> 0
2019-06-12 14:24:33,215 WARN  server.GrpcLogAppender (LogUtils.java:warn(134)) - ddd5d77b-3346-4930-a235-8537459c7373: Failed appendEntries to 0e84133b-698d-463b-969f-85b13fab841c:192.168.134.127:34801: org.apache.ratis.thirdparty.io.grpc.StatusRuntimeException: UNAVAILABLE: io exception
2019-06-12 14:24:33,215 INFO  impl.FollowerInfo (FollowerInfo.java:lambda$new$0(50)) - ddd5d77b-3346-4930-a235-8537459c7373->0e84133b-698d-463b-969f-85b13fab841c: nextIndex: updateUnconditionally 0 -> 0
2019-06-12 14:24:33,709 WARN  server.GrpcLogAppender (LogUtils.java:warn(134)) - ddd5d77b-3346-4930-a235-8537459c7373: Failed appendEntries to eadf7122-8cc6-4030-97dd-0393c95c93ed:192.168.134.127:35231: org.apache.ratis.thirdparty.io.grpc.StatusRuntimeException: UNAVAILABLE: io exception
2019-06-12 14:24:33,709 INFO  impl.FollowerInfo (FollowerInfo.java:lambda$new$0(50)) - ddd5d77b-3346-4930-a235-8537459c7373->eadf7122-8cc6-4030-97dd-0393c95c93ed: nextIndex: updateUnconditionally 0 -> 0
2019-06-12 14:24:33,715 WARN  server.GrpcLogAppender (LogUtils.java:warn(134)) - ddd5d77b-3346-4930-a235-8537459c7373: Failed appendEntries to 0e84133b-698d-463b-969f-85b13fab841c:192.168.134.127:34801: org.apache.ratis.thirdparty.io.grpc.StatusRuntimeException: UNAVAILABLE: io exception
2019-06-12 14:24:33,715 INFO  impl.FollowerInfo (FollowerInfo.java:lambda$new$0(50)) - ddd5d77b-3346-4930-a235-8537459c7373->0e84133b-698d-463b-969f-85b13fab841c: nextIndex: updateUnconditionally 0 -> 0
2019-06-12 14:24:34,209 WARN  server.GrpcLogAppender (LogUtils.java:warn(134)) - ddd5d77b-3346-4930-a235-8537459c7373: Failed appendEntries to eadf7122-8cc6-4030-97dd-0393c95c93ed:192.168.134.127:35231: org.apache.ratis.thirdparty.io.grpc.StatusRuntimeException: UNAVAILABLE: io exception
2019-06-12 14:24:34,209 INFO  impl.FollowerInfo (FollowerInfo.java:lambda$new$0(50)) - ddd5d77b-3346-4930-a235-8537459c7373->eadf7122-8cc6-4030-97dd-0393c95c93ed: nextIndex: updateUnconditionally 0 -> 0
2019-06-12 14:24:34,216 WARN  server.GrpcLogAppender (LogUtils.java:warn(134)) - ddd5d77b-3346-4930-a235-8537459c7373: Failed appendEntries to 0e84133b-698d-463b-969f-85b13fab841c:192.168.134.127:34801: org.apache.ratis.thirdparty.io.grpc.StatusRuntimeException: UNAVAILABLE: io exception
2019-06-12 14:24:34,216 INFO  impl.FollowerInfo (FollowerInfo.java:lambda$new$0(50)) - ddd5d77b-3346-4930-a235-8537459c7373->0e84133b-698d-463b-969f-85b13fab841c: nextIndex: updateUnconditionally 0 -> 0
2019-06-12 14:24:34,710 WARN  server.GrpcLogAppender (LogUtils.java:warn(134)) - ddd5d77b-3346-4930-a235-8537459c7373: Failed appendEntries to eadf7122-8cc6-4030-97dd-0393c95c93ed:192.168.134.127:35231: org.apache.ratis.thirdparty.io.grpc.StatusRuntimeException: UNAVAILABLE: io exception
2019-06-12 14:24:34,710 INFO  impl.FollowerInfo (FollowerInfo.java:lambda$new$0(50)) - ddd5d77b-3346-4930-a235-8537459c7373->eadf7122-8cc6-4030-97dd-0393c95c93ed: nextIndex: updateUnconditionally 0 -> 0
2019-06-12 14:24:34,716 WARN  server.GrpcLogAppender (LogUtils.java:warn(134)) - ddd5d77b-3346-4930-a235-8537459c7373: Failed appendEntries to 0e84133b-698d-463b-969f-85b13fab841c:192.168.134.127:34801: org.apache.ratis.thirdparty.io.grpc.StatusRuntimeException: UNAVAILABLE: io exception
2019-06-12 14:24:34,716 INFO  impl.FollowerInfo (FollowerInfo.java:lambda$new$0(50)) - ddd5d77b-3346-4930-a235-8537459c7373->0e84133b-698d-463b-969f-85b13fab841c: nextIndex: updateUnconditionally 0 -> 0
2019-06-12 14:24:35,210 WARN  server.GrpcLogAppender (LogUtils.java:warn(134)) - ddd5d77b-3346-4930-a235-8537459c7373: Failed appendEntries to eadf7122-8cc6-4030-97dd-0393c95c93ed:192.168.134.127:35231: org.apache.ratis.thirdparty.io.grpc.StatusRuntimeException: UNAVAILABLE: io exception
2019-06-12 14:24:35,210 INFO  impl.FollowerInfo (FollowerInfo.java:lambda$new$0(50)) - ddd5d77b-3346-4930-a235-8537459c7373->eadf7122-8cc6-4030-97dd-0393c95c93ed: nextIndex: updateUnconditionally 0 -> 0
2019-06-12 14:24:35,216 WARN  server.GrpcLogAppender (LogUtils.java:warn(134)) - ddd5d77b-3346-4930-a235-8537459c7373: Failed appendEntries to 0e84133b-698d-463b-969f-85b13fab841c:192.168.134.127:34801: org.apache.ratis.thirdparty.io.grpc.StatusRuntimeException: UNAVAILABLE: io exception
2019-06-12 14:24:35,217 INFO  impl.FollowerInfo (FollowerInfo.java:lambda$new$0(50)) - ddd5d77b-3346-4930-a235-8537459c7373->0e84133b-698d-463b-969f-85b13fab841c: nextIndex: updateUnconditionally 0 -> 0
2019-06-12 14:24:35,711 WARN  server.GrpcLogAppender (LogUtils.java:warn(134)) - ddd5d77b-3346-4930-a235-8537459c7373: Failed appendEntries to eadf7122-8cc6-4030-97dd-0393c95c93ed:192.168.134.127:35231: org.apache.ratis.thirdparty.io.grpc.StatusRuntimeException: UNAVAILABLE: io exception
2019-06-12 14:24:35,711 INFO  impl.FollowerInfo (FollowerInfo.java:lambda$new$0(50)) - ddd5d77b-3346-4930-a235-8537459c7373->eadf7122-8cc6-4030-97dd-0393c95c93ed: nextIndex: updateUnconditionally 0 -> 0
2019-06-12 14:24:35,717 WARN  server.GrpcLogAppender (LogUtils.java:warn(134)) - ddd5d77b-3346-4930-a235-8537459c7373: Failed appendEntries to 0e84133b-698d-463b-969f-85b13fab841c:192.168.134.127:34801: org.apache.ratis.thirdparty.io.grpc.StatusRuntimeException: UNAVAILABLE: io exception
2019-06-12 14:24:35,717 INFO  impl.FollowerInfo (FollowerInfo.java:lambda$new$0(50)) - ddd5d77b-3346-4930-a235-8537459c7373->0e84133b-698d-463b-969f-85b13fab841c: nextIndex: updateUnconditionally 0 -> 0
2019-06-12 14:24:36,211 WARN  server.GrpcLogAppender (LogUtils.java:warn(134)) - ddd5d77b-3346-4930-a235-8537459c7373: Failed appendEntries to eadf7122-8cc6-4030-97dd-0393c95c93ed:192.168.134.127:35231: org.apache.ratis.thirdparty.io.grpc.StatusRuntimeException: UNAVAILABLE: io exception
2019-06-12 14:24:36,211 INFO  impl.FollowerInfo (FollowerInfo.java:lambda$new$0(50)) - ddd5d77b-3346-4930-a235-8537459c7373->eadf7122-8cc6-4030-97dd-0393c95c93ed: nextIndex: updateUnconditionally 0 -> 0
2019-06-12 14:24:36,217 WARN  server.GrpcLogAppender (LogUtils.java:warn(134)) - ddd5d77b-3346-4930-a235-8537459c7373: Failed appendEntries to 0e84133b-698d-463b-969f-85b13fab841c:192.168.134.127:34801: org.apache.ratis.thirdparty.io.grpc.StatusRuntimeException: UNAVAILABLE: io exception
2019-06-12 14:24:36,217 INFO  impl.FollowerInfo (FollowerInfo.java:lambda$new$0(50)) - ddd5d77b-3346-4930-a235-8537459c7373->0e84133b-698d-463b-969f-85b13fab841c: nextIndex: updateUnconditionally 0 -> 0
2019-06-12 14:24:36,711 WARN  server.GrpcLogAppender (LogUtils.java:warn(134)) - ddd5d77b-3346-4930-a235-8537459c7373: Failed appendEntries to eadf7122-8cc6-4030-97dd-0393c95c93ed:192.168.134.127:35231: org.apache.ratis.thirdparty.io.grpc.StatusRuntimeException: UNAVAILABLE: io exception
2019-06-12 14:24:36,712 INFO  impl.FollowerInfo (FollowerInfo.java:lambda$new$0(50)) - ddd5d77b-3346-4930-a235-8537459c7373->eadf7122-8cc6-4030-97dd-0393c95c93ed: nextIndex: updateUnconditionally 0 -> 0
2019-06-12 14:24:36,718 WARN  server.GrpcLogAppender (LogUtils.java:warn(134)) - ddd5d77b-3346-4930-a235-8537459c7373: Failed appendEntries to 0e84133b-698d-463b-969f-85b13fab841c:192.168.134.127:34801: org.apache.ratis.thirdparty.io.grpc.StatusRuntimeException: UNAVAILABLE: io exception
2019-06-12 14:24:36,718 INFO  impl.FollowerInfo (FollowerInfo.java:lambda$new$0(50)) - ddd5d77b-3346-4930-a235-8537459c7373->0e84133b-698d-463b-969f-85b13fab841c: nextIndex: updateUnconditionally 0 -> 0
2019-06-12 14:24:37,212 WARN  server.GrpcLogAppender (LogUtils.java:warn(134)) - ddd5d77b-3346-4930-a235-8537459c7373: Failed appendEntries to eadf7122-8cc6-4030-97dd-0393c95c93ed:192.168.134.127:35231: org.apache.ratis.thirdparty.io.grpc.StatusRuntimeException: UNAVAILABLE: io exception
2019-06-12 14:24:37,212 INFO  impl.FollowerInfo (FollowerInfo.java:lambda$new$0(50)) - ddd5d77b-3346-4930-a235-8537459c7373->eadf7122-8cc6-4030-97dd-0393c95c93ed: nextIndex: updateUnconditionally 0 -> 0
2019-06-12 14:24:37,218 WARN  server.GrpcLogAppender (LogUtils.java:warn(134)) - ddd5d77b-3346-4930-a235-8537459c7373: Failed appendEntries to 0e84133b-698d-463b-969f-85b13fab841c:192.168.134.127:34801: org.apache.ratis.thirdparty.io.grpc.StatusRuntimeException: UNAVAILABLE: io exception
2019-06-12 14:24:37,218 INFO  impl.FollowerInfo (FollowerInfo.java:lambda$new$0(50)) - ddd5d77b-3346-4930-a235-8537459c7373->0e84133b-698d-463b-969f-85b13fab841c: nextIndex: updateUnconditionally 0 -> 0
2019-06-12 14:24:37,714 WARN  server.GrpcLogAppender (LogUtils.java:warn(134)) - ddd5d77b-3346-4930-a235-8537459c7373: Failed appendEntries to eadf7122-8cc6-4030-97dd-0393c95c93ed:192.168.134.127:35231: org.apache.ratis.thirdparty.io.grpc.StatusRuntimeException: UNAVAILABLE: io exception
2019-06-12 14:24:37,715 INFO  impl.FollowerInfo (FollowerInfo.java:lambda$new$0(50)) - ddd5d77b-3346-4930-a235-8537459c7373->eadf7122-8cc6-4030-97dd-0393c95c93ed: nextIndex: updateUnconditionally 0 -> 0
2019-06-12 14:24:37,718 WARN  server.GrpcLogAppender (LogUtils.java:warn(134)) - ddd5d77b-3346-4930-a235-8537459c7373: Failed appendEntries to 0e84133b-698d-463b-969f-85b13fab841c:192.168.134.127:34801: org.apache.ratis.thirdparty.io.grpc.StatusRuntimeException: UNAVAILABLE: io exception
2019-06-12 14:24:37,719 INFO  impl.FollowerInfo (FollowerInfo.java:lambda$new$0(50)) - ddd5d77b-3346-4930-a235-8537459c7373->0e84133b-698d-463b-969f-85b13fab841c: nextIndex: updateUnconditionally 0 -> 0
2019-06-12 14:24:38,213 WARN  server.GrpcLogAppender (LogUtils.java:warn(134)) - ddd5d77b-3346-4930-a235-8537459c7373: Failed appendEntries to eadf7122-8cc6-4030-97dd-0393c95c93ed:192.168.134.127:35231: org.apache.ratis.thirdparty.io.grpc.StatusRuntimeException: UNAVAILABLE: io exception
2019-06-12 14:24:38,213 INFO  impl.FollowerInfo (FollowerInfo.java:lambda$new$0(50)) - ddd5d77b-3346-4930-a235-8537459c7373->eadf7122-8cc6-4030-97dd-0393c95c93ed: nextIndex: updateUnconditionally 0 -> 0
2019-06-12 14:24:38,219 WARN  server.GrpcLogAppender (LogUtils.java:warn(134)) - ddd5d77b-3346-4930-a235-8537459c7373: Failed appendEntries to 0e84133b-698d-463b-969f-85b13fab841c:192.168.134.127:34801: org.apache.ratis.thirdparty.io.grpc.StatusRuntimeException: UNAVAILABLE: io exception
2019-06-12 14:24:38,219 INFO  impl.FollowerInfo (FollowerInfo.java:lambda$new$0(50)) - ddd5d77b-3346-4930-a235-8537459c7373->0e84133b-698d-463b-969f-85b13fab841c: nextIndex: updateUnconditionally 0 -> 0
2019-06-12 14:24:38,714 WARN  server.GrpcLogAppender (LogUtils.java:warn(134)) - ddd5d77b-3346-4930-a235-8537459c7373: Failed appendEntries to eadf7122-8cc6-4030-97dd-0393c95c93ed:192.168.134.127:35231: org.apache.ratis.thirdparty.io.grpc.StatusRuntimeException: UNAVAILABLE: io exception
2019-06-12 14:24:38,714 INFO  impl.FollowerInfo (FollowerInfo.java:lambda$new$0(50)) - ddd5d77b-3346-4930-a235-8537459c7373->eadf7122-8cc6-4030-97dd-0393c95c93ed: nextIndex: updateUnconditionally 0 -> 0
2019-06-12 14:24:38,719 WARN  server.GrpcLogAppender (LogUtils.java:warn(134)) - ddd5d77b-3346-4930-a235-8537459c7373: Failed appendEntries to 0e84133b-698d-463b-969f-85b13fab841c:192.168.134.127:34801: org.apache.ratis.thirdparty.io.grpc.StatusRuntimeException: UNAVAILABLE: io exception
2019-06-12 14:24:38,720 INFO  impl.FollowerInfo (FollowerInfo.java:lambda$new$0(50)) - ddd5d77b-3346-4930-a235-8537459c7373->0e84133b-698d-463b-969f-85b13fab841c: nextIndex: updateUnconditionally 0 -> 0
2019-06-12 14:24:39,214 WARN  server.GrpcLogAppender (LogUtils.java:warn(134)) - ddd5d77b-3346-4930-a235-8537459c7373: Failed appendEntries to eadf7122-8cc6-4030-97dd-0393c95c93ed:192.168.134.127:35231: org.apache.ratis.thirdparty.io.grpc.StatusRuntimeException: UNAVAILABLE: io exception
2019-06-12 14:24:39,214 INFO  impl.FollowerInfo (FollowerInfo.java:lambda$new$0(50)) - ddd5d77b-3346-4930-a235-8537459c7373->eadf7122-8cc6-4030-97dd-0393c95c93ed: nextIndex: updateUnconditionally 0 -> 0
2019-06-12 14:24:39,219 WARN  server.GrpcLogAppender (LogUtils.java:warn(134)) - ddd5d77b-3346-4930-a235-8537459c7373: Failed appendEntries to 0e84133b-698d-463b-969f-85b13fab841c:192.168.134.127:34801: org.apache.ratis.thirdparty.io.grpc.StatusRuntimeException: UNAVAILABLE: io exception
2019-06-12 14:24:39,220 INFO  impl.FollowerInfo (FollowerInfo.java:lambda$new$0(50)) - ddd5d77b-3346-4930-a235-8537459c7373->0e84133b-698d-463b-969f-85b13fab841c: nextIndex: updateUnconditionally 0 -> 0
2019-06-12 14:24:39,714 WARN  server.GrpcLogAppender (LogUtils.java:warn(134)) - ddd5d77b-3346-4930-a235-8537459c7373: Failed appendEntries to eadf7122-8cc6-4030-97dd-0393c95c93ed:192.168.134.127:35231: org.apache.ratis.thirdparty.io.grpc.StatusRuntimeException: UNAVAILABLE: io exception
2019-06-12 14:24:39,715 INFO  impl.FollowerInfo (FollowerInfo.java:lambda$new$0(50)) - ddd5d77b-3346-4930-a235-8537459c7373->eadf7122-8cc6-4030-97dd-0393c95c93ed: nextIndex: updateUnconditionally 0 -> 0
2019-06-12 14:24:39,720 WARN  server.GrpcLogAppender (LogUtils.java:warn(134)) - ddd5d77b-3346-4930-a235-8537459c7373: Failed appendEntries to 0e84133b-698d-463b-969f-85b13fab841c:192.168.134.127:34801: org.apache.ratis.thirdparty.io.grpc.StatusRuntimeException: UNAVAILABLE: io exception
2019-06-12 14:24:39,720 INFO  impl.FollowerInfo (FollowerInfo.java:lambda$new$0(50)) - ddd5d77b-3346-4930-a235-8537459c7373->0e84133b-698d-463b-969f-85b13fab841c: nextIndex: updateUnconditionally 0 -> 0
2019-06-12 14:24:40,024 INFO  client.GrpcClientProtocolService (GrpcClientProtocolService.java:lambda$processClientRequest$0(264)) - Failed RaftClientRequest:client-A5AED9021865->ddd5d77b-3346-4930-a235-8537459c7373@group-7C36C844C599, cid=67, seq=0, Watch-ALL_COMMITTED(2), Message:<EMPTY>, reply=RaftClientReply:client-A5AED9021865->ddd5d77b-3346-4930-a235-8537459c7373@group-7C36C844C599, cid=67, FAILED org.apache.ratis.protocol.NotReplicatedException: Request with call Id 67 and log index 2 is not yet replicated to ALL_COMMITTED, logIndex=2, commits[ddd5d77b-3346-4930-a235-8537459c7373:c2, eadf7122-8cc6-4030-97dd-0393c95c93ed:c1, 0e84133b-698d-463b-969f-85b13fab841c:c1]
2019-06-12 14:24:40,215 WARN  server.GrpcLogAppender (LogUtils.java:warn(134)) - ddd5d77b-3346-4930-a235-8537459c7373: Failed appendEntries to eadf7122-8cc6-4030-97dd-0393c95c93ed:192.168.134.127:35231: org.apache.ratis.thirdparty.io.grpc.StatusRuntimeException: UNAVAILABLE: io exception
2019-06-12 14:24:40,215 INFO  impl.FollowerInfo (FollowerInfo.java:lambda$new$0(50)) - ddd5d77b-3346-4930-a235-8537459c7373->eadf7122-8cc6-4030-97dd-0393c95c93ed: nextIndex: updateUnconditionally 0 -> 0
2019-06-12 14:24:40,220 WARN  server.GrpcLogAppender (LogUtils.java:warn(134)) - ddd5d77b-3346-4930-a235-8537459c7373: Failed appendEntries to 0e84133b-698d-463b-969f-85b13fab841c:192.168.134.127:34801: org.apache.ratis.thirdparty.io.grpc.StatusRuntimeException: UNAVAILABLE: io exception
2019-06-12 14:24:40,220 INFO  impl.FollowerInfo (FollowerInfo.java:lambda$new$0(50)) - ddd5d77b-3346-4930-a235-8537459c7373->0e84133b-698d-463b-969f-85b13fab841c: nextIndex: updateUnconditionally 0 -> 0
2019-06-12 14:24:40,715 WARN  server.GrpcLogAppender (LogUtils.java:warn(134)) - ddd5d77b-3346-4930-a235-8537459c7373: Failed appendEntries to eadf7122-8cc6-4030-97dd-0393c95c93ed:192.168.134.127:35231: org.apache.ratis.thirdparty.io.grpc.StatusRuntimeException: UNAVAILABLE: io exception
2019-06-12 14:24:40,716 INFO  impl.FollowerInfo (FollowerInfo.java:lambda$new$0(50)) - ddd5d77b-3346-4930-a235-8537459c7373->eadf7122-8cc6-4030-97dd-0393c95c93ed: nextIndex: updateUnconditionally 0 -> 0
2019-06-12 14:24:40,721 WARN  server.GrpcLogAppender (LogUtils.java:warn(134)) - ddd5d77b-3346-4930-a235-8537459c7373: Failed appendEntries to 0e84133b-698d-463b-969f-85b13fab841c:192.168.134.127:34801: org.apache.ratis.thirdparty.io.grpc.StatusRuntimeException: UNAVAILABLE: io exception
2019-06-12 14:24:40,721 INFO  impl.FollowerInfo (FollowerInfo.java:lambda$new$0(50)) - ddd5d77b-3346-4930-a235-8537459c7373->0e84133b-698d-463b-969f-85b13fab841c: nextIndex: updateUnconditionally 0 -> 0
2019-06-12 14:24:41,216 WARN  server.GrpcLogAppender (LogUtils.java:warn(134)) - ddd5d77b-3346-4930-a235-8537459c7373: Failed appendEntries to eadf7122-8cc6-4030-97dd-0393c95c93ed:192.168.134.127:35231: org.apache.ratis.thirdparty.io.grpc.StatusRuntimeException: UNAVAILABLE: io exception
2019-06-12 14:24:41,216 INFO  impl.FollowerInfo (FollowerInfo.java:lambda$new$0(50)) - ddd5d77b-3346-4930-a235-8537459c7373->eadf7122-8cc6-4030-97dd-0393c95c93ed: nextIndex: updateUnconditionally 0 -> 0
2019-06-12 14:24:41,221 WARN  server.GrpcLogAppender (LogUtils.java:warn(134)) - ddd5d77b-3346-4930-a235-8537459c7373: Failed appendEntries to 0e84133b-698d-463b-969f-85b13fab841c:192.168.134.127:34801: org.apache.ratis.thirdparty.io.grpc.StatusRuntimeException: UNAVAILABLE: io exception
2019-06-12 14:24:41,221 INFO  impl.FollowerInfo (FollowerInfo.java:lambda$new$0(50)) - ddd5d77b-3346-4930-a235-8537459c7373->0e84133b-698d-463b-969f-85b13fab841c: nextIndex: updateUnconditionally 0 -> 0
2019-06-12 14:24:41,716 WARN  server.GrpcLogAppender (LogUtils.java:warn(134)) - ddd5d77b-3346-4930-a235-8537459c7373: Failed appendEntries to eadf7122-8cc6-4030-97dd-0393c95c93ed:192.168.134.127:35231: org.apache.ratis.thirdparty.io.grpc.StatusRuntimeException: UNAVAILABLE: io exception
2019-06-12 14:24:41,717 INFO  impl.FollowerInfo (FollowerInfo.java:lambda$new$0(50)) - ddd5d77b-3346-4930-a235-8537459c7373->eadf7122-8cc6-4030-97dd-0393c95c93ed: nextIndex: updateUnconditionally 0 -> 0
2019-06-12 14:24:41,722 WARN  server.GrpcLogAppender (LogUtils.java:warn(134)) - ddd5d77b-3346-4930-a235-8537459c7373: Failed appendEntries to 0e84133b-698d-463b-969f-85b13fab841c:192.168.134.127:34801: org.apache.ratis.thirdparty.io.grpc.StatusRuntimeException: UNAVAILABLE: io exception
2019-06-12 14:24:41,722 INFO  impl.FollowerInfo (FollowerInfo.java:lambda$new$0(50)) - ddd5d77b-3346-4930-a235-8537459c7373->0e84133b-698d-463b-969f-85b13fab841c: nextIndex: updateUnconditionally 0 -> 0
2019-06-12 14:24:42,217 WARN  server.GrpcLogAppender (LogUtils.java:warn(134)) - ddd5d77b-3346-4930-a235-8537459c7373: Failed appendEntries to eadf7122-8cc6-4030-97dd-0393c95c93ed:192.168.134.127:35231: org.apache.ratis.thirdparty.io.grpc.StatusRuntimeException: UNAVAILABLE: io exception
2019-06-12 14:24:42,217 INFO  impl.FollowerInfo (FollowerInfo.java:lambda$new$0(50)) - ddd5d77b-3346-4930-a235-8537459c7373->eadf7122-8cc6-4030-97dd-0393c95c93ed: nextIndex: updateUnconditionally 0 -> 0
2019-06-12 14:24:42,222 WARN  server.GrpcLogAppender (LogUtils.java:warn(134)) - ddd5d77b-3346-4930-a235-8537459c7373: Failed appendEntries to 0e84133b-698d-463b-969f-85b13fab841c:192.168.134.127:34801: org.apache.ratis.thirdparty.io.grpc.StatusRuntimeException: UNAVAILABLE: io exception
2019-06-12 14:24:42,222 INFO  impl.FollowerInfo (FollowerInfo.java:lambda$new$0(50)) - ddd5d77b-3346-4930-a235-8537459c7373->0e84133b-698d-463b-969f-85b13fab841c: nextIndex: updateUnconditionally 0 -> 0
2019-06-12 14:24:42,717 WARN  server.GrpcLogAppender (LogUtils.java:warn(134)) - ddd5d77b-3346-4930-a235-8537459c7373: Failed appendEntries to eadf7122-8cc6-4030-97dd-0393c95c93ed:192.168.134.127:35231: org.apache.ratis.thirdparty.io.grpc.StatusRuntimeException: UNAVAILABLE: io exception
2019-06-12 14:24:42,717 INFO  impl.FollowerInfo (FollowerInfo.java:lambda$new$0(50)) - ddd5d77b-3346-4930-a235-8537459c7373->eadf7122-8cc6-4030-97dd-0393c95c93ed: nextIndex: updateUnconditionally 0 -> 0
2019-06-12 14:24:42,722 WARN  server.GrpcLogAppender (LogUtils.java:warn(134)) - ddd5d77b-3346-4930-a235-8537459c7373: Failed appendEntries to 0e84133b-698d-463b-969f-85b13fab841c:192.168.134.127:34801: org.apache.ratis.thirdparty.io.grpc.StatusRuntimeException: UNAVAILABLE: io exception
2019-06-12 14:24:42,722 INFO  impl.FollowerInfo (FollowerInfo.java:lambda$new$0(50)) - ddd5d77b-3346-4930-a235-8537459c7373->0e84133b-698d-463b-969f-85b13fab841c: nextIndex: updateUnconditionally 0 -> 0
2019-06-12 14:24:43,218 WARN  server.GrpcLogAppender (LogUtils.java:warn(134)) - ddd5d77b-3346-4930-a235-8537459c7373: Failed appendEntries to eadf7122-8cc6-4030-97dd-0393c95c93ed:192.168.134.127:35231: org.apache.ratis.thirdparty.io.grpc.StatusRuntimeException: UNAVAILABLE: io exception
2019-06-12 14:24:43,218 INFO  impl.FollowerInfo (FollowerInfo.java:lambda$new$0(50)) - ddd5d77b-3346-4930-a235-8537459c7373->eadf7122-8cc6-4030-97dd-0393c95c93ed: nextIndex: updateUnconditionally 0 -> 0
2019-06-12 14:24:43,223 WARN  server.GrpcLogAppender (LogUtils.java:warn(134)) - ddd5d77b-3346-4930-a235-8537459c7373: Failed appendEntries to 0e84133b-698d-463b-969f-85b13fab841c:192.168.134.127:34801: org.apache.ratis.thirdparty.io.grpc.StatusRuntimeException: UNAVAILABLE: io exception
2019-06-12 14:24:43,223 INFO  impl.FollowerInfo (FollowerInfo.java:lambda$new$0(50)) - ddd5d77b-3346-4930-a235-8537459c7373->0e84133b-698d-463b-969f-85b13fab841c: nextIndex: updateUnconditionally 0 -> 0
2019-06-12 14:24:43,718 WARN  server.GrpcLogAppender (LogUtils.java:warn(134)) - ddd5d77b-3346-4930-a235-8537459c7373: Failed appendEntries to eadf7122-8cc6-4030-97dd-0393c95c93ed:192.168.134.127:35231: org.apache.ratis.thirdparty.io.grpc.StatusRuntimeException: UNAVAILABLE: io exception
2019-06-12 14:24:43,719 INFO  impl.FollowerInfo (FollowerInfo.java:lambda$new$0(50)) - ddd5d77b-3346-4930-a235-8537459c7373->eadf7122-8cc6-4030-97dd-0393c95c93ed: nextIndex: updateUnconditionally 0 -> 0
2019-06-12 14:24:43,723 WARN  server.GrpcLogAppender (LogUtils.java:warn(134)) - ddd5d77b-3346-4930-a235-8537459c7373: Failed appendEntries to 0e84133b-698d-463b-969f-85b13fab841c:192.168.134.127:34801: org.apache.ratis.thirdparty.io.grpc.StatusRuntimeException: UNAVAILABLE: io exception
2019-06-12 14:24:43,723 INFO  impl.FollowerInfo (FollowerInfo.java:lambda$new$0(50)) - ddd5d77b-3346-4930-a235-8537459c7373->0e84133b-698d-463b-969f-85b13fab841c: nextIndex: updateUnconditionally 0 -> 0
2019-06-12 14:24:44,219 WARN  server.GrpcLogAppender (LogUtils.java:warn(134)) - ddd5d77b-3346-4930-a235-8537459c7373: Failed appendEntries to eadf7122-8cc6-4030-97dd-0393c95c93ed:192.168.134.127:35231: org.apache.ratis.thirdparty.io.grpc.StatusRuntimeException: UNAVAILABLE: io exception
2019-06-12 14:24:44,219 INFO  impl.FollowerInfo (FollowerInfo.java:lambda$new$0(50)) - ddd5d77b-3346-4930-a235-8537459c7373->eadf7122-8cc6-4030-97dd-0393c95c93ed: nextIndex: updateUnconditionally 0 -> 0
2019-06-12 14:24:44,223 WARN  server.GrpcLogAppender (LogUtils.java:warn(134)) - ddd5d77b-3346-4930-a235-8537459c7373: Failed appendEntries to 0e84133b-698d-463b-969f-85b13fab841c:192.168.134.127:34801: org.apache.ratis.thirdparty.io.grpc.StatusRuntimeException: UNAVAILABLE: io exception
2019-06-12 14:24:44,223 INFO  impl.FollowerInfo (FollowerInfo.java:lambda$new$0(50)) - ddd5d77b-3346-4930-a235-8537459c7373->0e84133b-698d-463b-969f-85b13fab841c: nextIndex: updateUnconditionally 0 -> 0
2019-06-12 14:24:44,719 WARN  server.GrpcLogAppender (LogUtils.java:warn(134)) - ddd5d77b-3346-4930-a235-8537459c7373: Failed appendEntries to eadf7122-8cc6-4030-97dd-0393c95c93ed:192.168.134.127:35231: org.apache.ratis.thirdparty.io.grpc.StatusRuntimeException: UNAVAILABLE: io exception
2019-06-12 14:24:44,720 INFO  impl.FollowerInfo (FollowerInfo.java:lambda$new$0(50)) - ddd5d77b-3346-4930-a235-8537459c7373->eadf7122-8cc6-4030-97dd-0393c95c93ed: nextIndex: updateUnconditionally 0 -> 0
2019-06-12 14:24:44,724 WARN  server.GrpcLogAppender (LogUtils.java:warn(134)) - ddd5d77b-3346-4930-a235-8537459c7373: Failed appendEntries to 0e84133b-698d-463b-969f-85b13fab841c:192.168.134.127:34801: org.apache.ratis.thirdparty.io.grpc.StatusRuntimeException: UNAVAILABLE: io exception
2019-06-12 14:24:44,724 INFO  impl.FollowerInfo (FollowerInfo.java:lambda$new$0(50)) - ddd5d77b-3346-4930-a235-8537459c7373->0e84133b-698d-463b-969f-85b13fab841c: nextIndex: updateUnconditionally 0 -> 0
2019-06-12 14:24:45,220 WARN  server.GrpcLogAppender (LogUtils.java:warn(134)) - ddd5d77b-3346-4930-a235-8537459c7373: Failed appendEntries to eadf7122-8cc6-4030-97dd-0393c95c93ed:192.168.134.127:35231: org.apache.ratis.thirdparty.io.grpc.StatusRuntimeException: UNAVAILABLE: io exception
2019-06-12 14:24:45,220 INFO  impl.FollowerInfo (FollowerInfo.java:lambda$new$0(50)) - ddd5d77b-3346-4930-a235-8537459c7373->eadf7122-8cc6-4030-97dd-0393c95c93ed: nextIndex: updateUnconditionally 0 -> 0
2019-06-12 14:24:45,224 WARN  server.GrpcLogAppender (LogUtils.java:warn(134)) - ddd5d77b-3346-4930-a235-8537459c7373: Failed appendEntries to 0e84133b-698d-463b-969f-85b13fab841c:192.168.134.127:34801: org.apache.ratis.thirdparty.io.grpc.StatusRuntimeException: UNAVAILABLE: io exception
2019-06-12 14:24:45,224 INFO  impl.FollowerInfo (FollowerInfo.java:lambda$new$0(50)) - ddd5d77b-3346-4930-a235-8537459c7373->0e84133b-698d-463b-969f-85b13fab841c: nextIndex: updateUnconditionally 0 -> 0
2019-06-12 14:24:45,720 WARN  server.GrpcLogAppender (LogUtils.java:warn(134)) - ddd5d77b-3346-4930-a235-8537459c7373: Failed appendEntries to eadf7122-8cc6-4030-97dd-0393c95c93ed:192.168.134.127:35231: org.apache.ratis.thirdparty.io.grpc.StatusRuntimeException: UNAVAILABLE: io exception
2019-06-12 14:24:45,721 INFO  impl.FollowerInfo (FollowerInfo.java:lambda$new$0(50)) - ddd5d77b-3346-4930-a235-8537459c7373->eadf7122-8cc6-4030-97dd-0393c95c93ed: nextIndex: updateUnconditionally 0 -> 0
2019-06-12 14:24:45,724 WARN  server.GrpcLogAppender (LogUtils.java:warn(134)) - ddd5d77b-3346-4930-a235-8537459c7373: Failed appendEntries to 0e84133b-698d-463b-969f-85b13fab841c:192.168.134.127:34801: org.apache.ratis.thirdparty.io.grpc.StatusRuntimeException: UNAVAILABLE: io exception
2019-06-12 14:24:45,725 INFO  impl.FollowerInfo (FollowerInfo.java:lambda$new$0(50)) - ddd5d77b-3346-4930-a235-8537459c7373->0e84133b-698d-463b-969f-85b13fab841c: nextIndex: updateUnconditionally 0 -> 0
2019-06-12 14:24:46,221 WARN  server.GrpcLogAppender (LogUtils.java:warn(134)) - ddd5d77b-3346-4930-a235-8537459c7373: Failed appendEntries to eadf7122-8cc6-4030-97dd-0393c95c93ed:192.168.134.127:35231: org.apache.ratis.thirdparty.io.grpc.StatusRuntimeException: UNAVAILABLE: io exception
2019-06-12 14:24:46,221 INFO  impl.FollowerInfo (FollowerInfo.java:lambda$new$0(50)) - ddd5d77b-3346-4930-a235-8537459c7373->eadf7122-8cc6-4030-97dd-0393c95c93ed: nextIndex: updateUnconditionally 0 -> 0
2019-06-12 14:24:46,225 WARN  server.GrpcLogAppender (LogUtils.java:warn(134)) - ddd5d77b-3346-4930-a235-8537459c7373: Failed appendEntries to 0e84133b-698d-463b-969f-85b13fab841c:192.168.134.127:34801: org.apache.ratis.thirdparty.io.grpc.StatusRuntimeException: UNAVAILABLE: io exception
2019-06-12 14:24:46,225 INFO  impl.FollowerInfo (FollowerInfo.java:lambda$new$0(50)) - ddd5d77b-3346-4930-a235-8537459c7373->0e84133b-698d-463b-969f-85b13fab841c: nextIndex: updateUnconditionally 0 -> 0
2019-06-12 14:24:46,721 WARN  server.GrpcLogAppender (LogUtils.java:warn(134)) - ddd5d77b-3346-4930-a235-8537459c7373: Failed appendEntries to eadf7122-8cc6-4030-97dd-0393c95c93ed:192.168.134.127:35231: org.apache.ratis.thirdparty.io.grpc.StatusRuntimeException: UNAVAILABLE: io exception
2019-06-12 14:24:46,721 INFO  impl.FollowerInfo (FollowerInfo.java:lambda$new$0(50)) - ddd5d77b-3346-4930-a235-8537459c7373->eadf7122-8cc6-4030-97dd-0393c95c93ed: nextIndex: updateUnconditionally 0 -> 0
2019-06-12 14:24:46,725 WARN  server.GrpcLogAppender (LogUtils.java:warn(134)) - ddd5d77b-3346-4930-a235-8537459c7373: Failed appendEntries to 0e84133b-698d-463b-969f-85b13fab841c:192.168.134.127:34801: org.apache.ratis.thirdparty.io.grpc.StatusRuntimeException: UNAVAILABLE: io exception
2019-06-12 14:24:46,725 INFO  impl.FollowerInfo (FollowerInfo.java:lambda$new$0(50)) - ddd5d77b-3346-4930-a235-8537459c7373->0e84133b-698d-463b-969f-85b13fab841c: nextIndex: updateUnconditionally 0 -> 0
2019-06-12 14:24:47,222 WARN  server.GrpcLogAppender (LogUtils.java:warn(134)) - ddd5d77b-3346-4930-a235-8537459c7373: Failed appendEntries to eadf7122-8cc6-4030-97dd-0393c95c93ed:192.168.134.127:35231: org.apache.ratis.thirdparty.io.grpc.StatusRuntimeException: UNAVAILABLE: io exception
2019-06-12 14:24:47,222 INFO  impl.FollowerInfo (FollowerInfo.java:lambda$new$0(50)) - ddd5d77b-3346-4930-a235-8537459c7373->eadf7122-8cc6-4030-97dd-0393c95c93ed: nextIndex: updateUnconditionally 0 -> 0
2019-06-12 14:24:47,225 WARN  server.GrpcLogAppender (LogUtils.java:warn(134)) - ddd5d77b-3346-4930-a235-8537459c7373: Failed appendEntries to 0e84133b-698d-463b-969f-85b13fab841c:192.168.134.127:34801: org.apache.ratis.thirdparty.io.grpc.StatusRuntimeException: UNAVAILABLE: io exception
2019-06-12 14:24:47,226 INFO  impl.FollowerInfo (FollowerInfo.java:lambda$new$0(50)) - ddd5d77b-3346-4930-a235-8537459c7373->0e84133b-698d-463b-969f-85b13fab841c: nextIndex: updateUnconditionally 0 -> 0
2019-06-12 14:24:47,723 WARN  server.GrpcLogAppender (LogUtils.java:warn(134)) - ddd5d77b-3346-4930-a235-8537459c7373: Failed appendEntries to eadf7122-8cc6-4030-97dd-0393c95c93ed:192.168.134.127:35231: org.apache.ratis.thirdparty.io.grpc.StatusRuntimeException: UNAVAILABLE: io exception
2019-06-12 14:24:47,723 INFO  impl.FollowerInfo (FollowerInfo.java:lambda$new$0(50)) - ddd5d77b-3346-4930-a235-8537459c7373->eadf7122-8cc6-4030-97dd-0393c95c93ed: nextIndex: updateUnconditionally 0 -> 0
2019-06-12 14:24:47,726 WARN  server.GrpcLogAppender (LogUtils.java:warn(134)) - ddd5d77b-3346-4930-a235-8537459c7373: Failed appendEntries to 0e84133b-698d-463b-969f-85b13fab841c:192.168.134.127:34801: org.apache.ratis.thirdparty.io.grpc.StatusRuntimeException: UNAVAILABLE: io exception
2019-06-12 14:24:47,726 INFO  impl.FollowerInfo (FollowerInfo.java:lambda$new$0(50)) - ddd5d77b-3346-4930-a235-8537459c7373->0e84133b-698d-463b-969f-85b13fab841c: nextIndex: updateUnconditionally 0 -> 0
2019-06-12 14:24:48,223 WARN  server.GrpcLogAppender (LogUtils.java:warn(134)) - ddd5d77b-3346-4930-a235-8537459c7373: Failed appendEntries to eadf7122-8cc6-4030-97dd-0393c95c93ed:192.168.134.127:35231: org.apache.ratis.thirdparty.io.grpc.StatusRuntimeException: UNAVAILABLE: io exception
2019-06-12 14:24:48,223 INFO  impl.FollowerInfo (FollowerInfo.java:lambda$new$0(50)) - ddd5d77b-3346-4930-a235-8537459c7373->eadf7122-8cc6-4030-97dd-0393c95c93ed: nextIndex: updateUnconditionally 0 -> 0
2019-06-12 14:24:48,226 WARN  server.GrpcLogAppender (LogUtils.java:warn(134)) - ddd5d77b-3346-4930-a235-8537459c7373: Failed appendEntries to 0e84133b-698d-463b-969f-85b13fab841c:192.168.134.127:34801: org.apache.ratis.thirdparty.io.grpc.StatusRuntimeException: UNAVAILABLE: io exception
2019-06-12 14:24:48,226 INFO  impl.FollowerInfo (FollowerInfo.java:lambda$new$0(50)) - ddd5d77b-3346-4930-a235-8537459c7373->0e84133b-698d-463b-969f-85b13fab841c: nextIndex: updateUnconditionally 0 -> 0
2019-06-12 14:24:48,370 WARN  scm.XceiverClientRatis (XceiverClientRatis.java:watchForCommit(260)) - 3 way commit failed 
java.util.concurrent.ExecutionException: org.apache.ratis.protocol.RaftRetryFailureException: Failed RaftClientRequest:client-A5AED9021865->0e84133b-698d-463b-969f-85b13fab841c@group-7C36C844C599, cid=67, seq=0, Watch-ALL_COMMITTED(2), null for 10 attempts with RetryLimited(maxAttempts=10, sleepTime=1000ms)
	at java.util.concurrent.CompletableFuture.reportGet(CompletableFuture.java:357)
	at java.util.concurrent.CompletableFuture.get(CompletableFuture.java:1915)
	at org.apache.hadoop.hdds.scm.XceiverClientRatis.watchForCommit(XceiverClientRatis.java:257)
	at org.apache.hadoop.ozone.client.rpc.TestWatchForCommit.testWatchForCommitForRetryfailure(TestWatchForCommit.java:347)
	at sun.reflect.NativeMethodAccessorImpl.invoke0(Native Method)
	at sun.reflect.NativeMethodAccessorImpl.invoke(NativeMethodAccessorImpl.java:62)
	at sun.reflect.DelegatingMethodAccessorImpl.invoke(DelegatingMethodAccessorImpl.java:43)
	at java.lang.reflect.Method.invoke(Method.java:498)
	at org.junit.runners.model.FrameworkMethod$1.runReflectiveCall(FrameworkMethod.java:47)
	at org.junit.internal.runners.model.ReflectiveCallable.run(ReflectiveCallable.java:12)
	at org.junit.runners.model.FrameworkMethod.invokeExplosively(FrameworkMethod.java:44)
	at org.junit.internal.runners.statements.InvokeMethod.evaluate(InvokeMethod.java:17)
	at org.junit.runners.ParentRunner.runLeaf(ParentRunner.java:271)
	at org.junit.runners.BlockJUnit4ClassRunner.runChild(BlockJUnit4ClassRunner.java:70)
	at org.junit.runners.BlockJUnit4ClassRunner.runChild(BlockJUnit4ClassRunner.java:50)
	at org.junit.runners.ParentRunner$3.run(ParentRunner.java:238)
	at org.junit.runners.ParentRunner$1.schedule(ParentRunner.java:63)
	at org.junit.runners.ParentRunner.runChildren(ParentRunner.java:236)
	at org.junit.runners.ParentRunner.access$000(ParentRunner.java:53)
	at org.junit.runners.ParentRunner$2.evaluate(ParentRunner.java:229)
	at org.junit.runners.ParentRunner.run(ParentRunner.java:309)
	at org.apache.maven.surefire.junit4.JUnit4Provider.execute(JUnit4Provider.java:365)
	at org.apache.maven.surefire.junit4.JUnit4Provider.executeWithRerun(JUnit4Provider.java:273)
	at org.apache.maven.surefire.junit4.JUnit4Provider.executeTestSet(JUnit4Provider.java:238)
	at org.apache.maven.surefire.junit4.JUnit4Provider.invoke(JUnit4Provider.java:159)
	at org.apache.maven.surefire.booter.ForkedBooter.invokeProviderInSameClassLoader(ForkedBooter.java:384)
	at org.apache.maven.surefire.booter.ForkedBooter.runSuitesInProcess(ForkedBooter.java:345)
	at org.apache.maven.surefire.booter.ForkedBooter.execute(ForkedBooter.java:126)
	at org.apache.maven.surefire.booter.ForkedBooter.main(ForkedBooter.java:418)
Caused by: org.apache.ratis.protocol.RaftRetryFailureException: Failed RaftClientRequest:client-A5AED9021865->0e84133b-698d-463b-969f-85b13fab841c@group-7C36C844C599, cid=67, seq=0, Watch-ALL_COMMITTED(2), null for 10 attempts with RetryLimited(maxAttempts=10, sleepTime=1000ms)
	at org.apache.ratis.client.impl.RaftClientImpl.newRaftRetryFailureException(RaftClientImpl.java:383)
	at org.apache.ratis.client.impl.UnorderedAsync.lambda$sendRequestWithRetry$4(UnorderedAsync.java:83)
	at java.util.concurrent.CompletableFuture.uniWhenComplete(CompletableFuture.java:760)
	at java.util.concurrent.CompletableFuture$UniWhenComplete.tryFire(CompletableFuture.java:736)
	at java.util.concurrent.CompletableFuture$Completion.run(CompletableFuture.java:442)
	at java.lang.Thread.run(Thread.java:748)
2019-06-12 14:24:48,723 WARN  server.GrpcLogAppender (LogUtils.java:warn(134)) - ddd5d77b-3346-4930-a235-8537459c7373: Failed appendEntries to eadf7122-8cc6-4030-97dd-0393c95c93ed:192.168.134.127:35231: org.apache.ratis.thirdparty.io.grpc.StatusRuntimeException: UNAVAILABLE: io exception
2019-06-12 14:24:48,723 INFO  impl.FollowerInfo (FollowerInfo.java:lambda$new$0(50)) - ddd5d77b-3346-4930-a235-8537459c7373->eadf7122-8cc6-4030-97dd-0393c95c93ed: nextIndex: updateUnconditionally 0 -> 0
2019-06-12 14:24:48,726 WARN  server.GrpcLogAppender (LogUtils.java:warn(134)) - ddd5d77b-3346-4930-a235-8537459c7373: Failed appendEntries to 0e84133b-698d-463b-969f-85b13fab841c:192.168.134.127:34801: org.apache.ratis.thirdparty.io.grpc.StatusRuntimeException: UNAVAILABLE: io exception
2019-06-12 14:24:48,727 INFO  impl.FollowerInfo (FollowerInfo.java:lambda$new$0(50)) - ddd5d77b-3346-4930-a235-8537459c7373->0e84133b-698d-463b-969f-85b13fab841c: nextIndex: updateUnconditionally 0 -> 0
2019-06-12 14:24:49,022 INFO  client.GrpcClientProtocolService (GrpcClientProtocolService.java:lambda$processClientRequest$0(264)) - Failed RaftClientRequest:client-A5AED9021865->ddd5d77b-3346-4930-a235-8537459c7373@group-7C36C844C599, cid=67, seq=0, Watch-ALL_COMMITTED(2), Message:<EMPTY>, reply=RaftClientReply:client-A5AED9021865->ddd5d77b-3346-4930-a235-8537459c7373@group-7C36C844C599, cid=67, FAILED org.apache.ratis.protocol.NotReplicatedException: Request with call Id 67 and log index 2 is not yet replicated to ALL_COMMITTED, logIndex=2, commits[ddd5d77b-3346-4930-a235-8537459c7373:c2, eadf7122-8cc6-4030-97dd-0393c95c93ed:c1, 0e84133b-698d-463b-969f-85b13fab841c:c1]
2019-06-12 14:24:49,224 WARN  server.GrpcLogAppender (LogUtils.java:warn(134)) - ddd5d77b-3346-4930-a235-8537459c7373: Failed appendEntries to eadf7122-8cc6-4030-97dd-0393c95c93ed:192.168.134.127:35231: org.apache.ratis.thirdparty.io.grpc.StatusRuntimeException: UNAVAILABLE: io exception
2019-06-12 14:24:49,224 INFO  impl.FollowerInfo (FollowerInfo.java:lambda$new$0(50)) - ddd5d77b-3346-4930-a235-8537459c7373->eadf7122-8cc6-4030-97dd-0393c95c93ed: nextIndex: updateUnconditionally 0 -> 0
2019-06-12 14:24:49,227 WARN  server.GrpcLogAppender (LogUtils.java:warn(134)) - ddd5d77b-3346-4930-a235-8537459c7373: Failed appendEntries to 0e84133b-698d-463b-969f-85b13fab841c:192.168.134.127:34801: org.apache.ratis.thirdparty.io.grpc.StatusRuntimeException: UNAVAILABLE: io exception
2019-06-12 14:24:49,227 INFO  impl.FollowerInfo (FollowerInfo.java:lambda$new$0(50)) - ddd5d77b-3346-4930-a235-8537459c7373->0e84133b-698d-463b-969f-85b13fab841c: nextIndex: updateUnconditionally 0 -> 0
2019-06-12 14:24:49,724 WARN  server.GrpcLogAppender (LogUtils.java:warn(134)) - ddd5d77b-3346-4930-a235-8537459c7373: Failed appendEntries to eadf7122-8cc6-4030-97dd-0393c95c93ed:192.168.134.127:35231: org.apache.ratis.thirdparty.io.grpc.StatusRuntimeException: UNAVAILABLE: io exception
2019-06-12 14:24:49,724 INFO  impl.FollowerInfo (FollowerInfo.java:lambda$new$0(50)) - ddd5d77b-3346-4930-a235-8537459c7373->eadf7122-8cc6-4030-97dd-0393c95c93ed: nextIndex: updateUnconditionally 0 -> 0
2019-06-12 14:24:49,727 WARN  server.GrpcLogAppender (LogUtils.java:warn(134)) - ddd5d77b-3346-4930-a235-8537459c7373: Failed appendEntries to 0e84133b-698d-463b-969f-85b13fab841c:192.168.134.127:34801: org.apache.ratis.thirdparty.io.grpc.StatusRuntimeException: UNAVAILABLE: io exception
2019-06-12 14:24:49,727 INFO  impl.FollowerInfo (FollowerInfo.java:lambda$new$0(50)) - ddd5d77b-3346-4930-a235-8537459c7373->0e84133b-698d-463b-969f-85b13fab841c: nextIndex: updateUnconditionally 0 -> 0
2019-06-12 14:24:50,224 WARN  server.GrpcLogAppender (LogUtils.java:warn(134)) - ddd5d77b-3346-4930-a235-8537459c7373: Failed appendEntries to eadf7122-8cc6-4030-97dd-0393c95c93ed:192.168.134.127:35231: org.apache.ratis.thirdparty.io.grpc.StatusRuntimeException: UNAVAILABLE: io exception
2019-06-12 14:24:50,225 INFO  impl.FollowerInfo (FollowerInfo.java:lambda$new$0(50)) - ddd5d77b-3346-4930-a235-8537459c7373->eadf7122-8cc6-4030-97dd-0393c95c93ed: nextIndex: updateUnconditionally 0 -> 0
2019-06-12 14:24:50,228 WARN  server.GrpcLogAppender (LogUtils.java:warn(134)) - ddd5d77b-3346-4930-a235-8537459c7373: Failed appendEntries to 0e84133b-698d-463b-969f-85b13fab841c:192.168.134.127:34801: org.apache.ratis.thirdparty.io.grpc.StatusRuntimeException: UNAVAILABLE: io exception
2019-06-12 14:24:50,228 INFO  impl.FollowerInfo (FollowerInfo.java:lambda$new$0(50)) - ddd5d77b-3346-4930-a235-8537459c7373->0e84133b-698d-463b-969f-85b13fab841c: nextIndex: updateUnconditionally 0 -> 0
2019-06-12 14:24:50,725 WARN  server.GrpcLogAppender (LogUtils.java:warn(134)) - ddd5d77b-3346-4930-a235-8537459c7373: Failed appendEntries to eadf7122-8cc6-4030-97dd-0393c95c93ed:192.168.134.127:35231: org.apache.ratis.thirdparty.io.grpc.StatusRuntimeException: UNAVAILABLE: io exception
2019-06-12 14:24:50,725 INFO  impl.FollowerInfo (FollowerInfo.java:lambda$new$0(50)) - ddd5d77b-3346-4930-a235-8537459c7373->eadf7122-8cc6-4030-97dd-0393c95c93ed: nextIndex: updateUnconditionally 0 -> 0
2019-06-12 14:24:50,728 WARN  server.GrpcLogAppender (LogUtils.java:warn(134)) - ddd5d77b-3346-4930-a235-8537459c7373: Failed appendEntries to 0e84133b-698d-463b-969f-85b13fab841c:192.168.134.127:34801: org.apache.ratis.thirdparty.io.grpc.StatusRuntimeException: UNAVAILABLE: io exception
2019-06-12 14:24:50,728 INFO  impl.FollowerInfo (FollowerInfo.java:lambda$new$0(50)) - ddd5d77b-3346-4930-a235-8537459c7373->0e84133b-698d-463b-969f-85b13fab841c: nextIndex: updateUnconditionally 0 -> 0
2019-06-12 14:24:51,226 WARN  server.GrpcLogAppender (LogUtils.java:warn(134)) - ddd5d77b-3346-4930-a235-8537459c7373: Failed appendEntries to eadf7122-8cc6-4030-97dd-0393c95c93ed:192.168.134.127:35231: org.apache.ratis.thirdparty.io.grpc.StatusRuntimeException: UNAVAILABLE: io exception
2019-06-12 14:24:51,226 INFO  impl.FollowerInfo (FollowerInfo.java:lambda$new$0(50)) - ddd5d77b-3346-4930-a235-8537459c7373->eadf7122-8cc6-4030-97dd-0393c95c93ed: nextIndex: updateUnconditionally 0 -> 0
2019-06-12 14:24:51,228 WARN  server.GrpcLogAppender (LogUtils.java:warn(134)) - ddd5d77b-3346-4930-a235-8537459c7373: Failed appendEntries to 0e84133b-698d-463b-969f-85b13fab841c:192.168.134.127:34801: org.apache.ratis.thirdparty.io.grpc.StatusRuntimeException: UNAVAILABLE: io exception
2019-06-12 14:24:51,228 INFO  impl.FollowerInfo (FollowerInfo.java:lambda$new$0(50)) - ddd5d77b-3346-4930-a235-8537459c7373->0e84133b-698d-463b-969f-85b13fab841c: nextIndex: updateUnconditionally 0 -> 0
2019-06-12 14:24:51,726 WARN  server.GrpcLogAppender (LogUtils.java:warn(134)) - ddd5d77b-3346-4930-a235-8537459c7373: Failed appendEntries to eadf7122-8cc6-4030-97dd-0393c95c93ed:192.168.134.127:35231: org.apache.ratis.thirdparty.io.grpc.StatusRuntimeException: UNAVAILABLE: io exception
2019-06-12 14:24:51,726 INFO  impl.FollowerInfo (FollowerInfo.java:lambda$new$0(50)) - ddd5d77b-3346-4930-a235-8537459c7373->eadf7122-8cc6-4030-97dd-0393c95c93ed: nextIndex: updateUnconditionally 0 -> 0
2019-06-12 14:24:51,728 WARN  server.GrpcLogAppender (LogUtils.java:warn(134)) - ddd5d77b-3346-4930-a235-8537459c7373: Failed appendEntries to 0e84133b-698d-463b-969f-85b13fab841c:192.168.134.127:34801: org.apache.ratis.thirdparty.io.grpc.StatusRuntimeException: UNAVAILABLE: io exception
2019-06-12 14:24:51,729 INFO  impl.FollowerInfo (FollowerInfo.java:lambda$new$0(50)) - ddd5d77b-3346-4930-a235-8537459c7373->0e84133b-698d-463b-969f-85b13fab841c: nextIndex: updateUnconditionally 0 -> 0
2019-06-12 14:24:52,227 WARN  server.GrpcLogAppender (LogUtils.java:warn(134)) - ddd5d77b-3346-4930-a235-8537459c7373: Failed appendEntries to eadf7122-8cc6-4030-97dd-0393c95c93ed:192.168.134.127:35231: org.apache.ratis.thirdparty.io.grpc.StatusRuntimeException: UNAVAILABLE: io exception
2019-06-12 14:24:52,227 INFO  impl.FollowerInfo (FollowerInfo.java:lambda$new$0(50)) - ddd5d77b-3346-4930-a235-8537459c7373->eadf7122-8cc6-4030-97dd-0393c95c93ed: nextIndex: updateUnconditionally 0 -> 0
2019-06-12 14:24:52,229 WARN  server.GrpcLogAppender (LogUtils.java:warn(134)) - ddd5d77b-3346-4930-a235-8537459c7373: Failed appendEntries to 0e84133b-698d-463b-969f-85b13fab841c:192.168.134.127:34801: org.apache.ratis.thirdparty.io.grpc.StatusRuntimeException: UNAVAILABLE: io exception
2019-06-12 14:24:52,229 INFO  impl.FollowerInfo (FollowerInfo.java:lambda$new$0(50)) - ddd5d77b-3346-4930-a235-8537459c7373->0e84133b-698d-463b-969f-85b13fab841c: nextIndex: updateUnconditionally 0 -> 0
2019-06-12 14:24:52,727 WARN  server.GrpcLogAppender (LogUtils.java:warn(134)) - ddd5d77b-3346-4930-a235-8537459c7373: Failed appendEntries to eadf7122-8cc6-4030-97dd-0393c95c93ed:192.168.134.127:35231: org.apache.ratis.thirdparty.io.grpc.StatusRuntimeException: UNAVAILABLE: io exception
2019-06-12 14:24:52,727 INFO  impl.FollowerInfo (FollowerInfo.java:lambda$new$0(50)) - ddd5d77b-3346-4930-a235-8537459c7373->eadf7122-8cc6-4030-97dd-0393c95c93ed: nextIndex: updateUnconditionally 0 -> 0
2019-06-12 14:24:52,729 WARN  server.GrpcLogAppender (LogUtils.java:warn(134)) - ddd5d77b-3346-4930-a235-8537459c7373: Failed appendEntries to 0e84133b-698d-463b-969f-85b13fab841c:192.168.134.127:34801: org.apache.ratis.thirdparty.io.grpc.StatusRuntimeException: UNAVAILABLE: io exception
2019-06-12 14:24:52,730 INFO  impl.FollowerInfo (FollowerInfo.java:lambda$new$0(50)) - ddd5d77b-3346-4930-a235-8537459c7373->0e84133b-698d-463b-969f-85b13fab841c: nextIndex: updateUnconditionally 0 -> 0
2019-06-12 14:24:53,228 WARN  server.GrpcLogAppender (LogUtils.java:warn(134)) - ddd5d77b-3346-4930-a235-8537459c7373: Failed appendEntries to eadf7122-8cc6-4030-97dd-0393c95c93ed:192.168.134.127:35231: org.apache.ratis.thirdparty.io.grpc.StatusRuntimeException: UNAVAILABLE: io exception
2019-06-12 14:24:53,228 INFO  impl.FollowerInfo (FollowerInfo.java:lambda$new$0(50)) - ddd5d77b-3346-4930-a235-8537459c7373->eadf7122-8cc6-4030-97dd-0393c95c93ed: nextIndex: updateUnconditionally 0 -> 0
2019-06-12 14:24:53,230 WARN  server.GrpcLogAppender (LogUtils.java:warn(134)) - ddd5d77b-3346-4930-a235-8537459c7373: Failed appendEntries to 0e84133b-698d-463b-969f-85b13fab841c:192.168.134.127:34801: org.apache.ratis.thirdparty.io.grpc.StatusRuntimeException: UNAVAILABLE: io exception
2019-06-12 14:24:53,230 INFO  impl.FollowerInfo (FollowerInfo.java:lambda$new$0(50)) - ddd5d77b-3346-4930-a235-8537459c7373->0e84133b-698d-463b-969f-85b13fab841c: nextIndex: updateUnconditionally 0 -> 0
2019-06-12 14:24:53,728 WARN  server.GrpcLogAppender (LogUtils.java:warn(134)) - ddd5d77b-3346-4930-a235-8537459c7373: Failed appendEntries to eadf7122-8cc6-4030-97dd-0393c95c93ed:192.168.134.127:35231: org.apache.ratis.thirdparty.io.grpc.StatusRuntimeException: UNAVAILABLE: io exception
2019-06-12 14:24:53,728 INFO  impl.FollowerInfo (FollowerInfo.java:lambda$new$0(50)) - ddd5d77b-3346-4930-a235-8537459c7373->eadf7122-8cc6-4030-97dd-0393c95c93ed: nextIndex: updateUnconditionally 0 -> 0
2019-06-12 14:24:53,730 WARN  server.GrpcLogAppender (LogUtils.java:warn(134)) - ddd5d77b-3346-4930-a235-8537459c7373: Failed appendEntries to 0e84133b-698d-463b-969f-85b13fab841c:192.168.134.127:34801: org.apache.ratis.thirdparty.io.grpc.StatusRuntimeException: UNAVAILABLE: io exception
2019-06-12 14:24:53,730 INFO  impl.FollowerInfo (FollowerInfo.java:lambda$new$0(50)) - ddd5d77b-3346-4930-a235-8537459c7373->0e84133b-698d-463b-969f-85b13fab841c: nextIndex: updateUnconditionally 0 -> 0
2019-06-12 14:24:54,228 WARN  server.GrpcLogAppender (LogUtils.java:warn(134)) - ddd5d77b-3346-4930-a235-8537459c7373: Failed appendEntries to eadf7122-8cc6-4030-97dd-0393c95c93ed:192.168.134.127:35231: org.apache.ratis.thirdparty.io.grpc.StatusRuntimeException: UNAVAILABLE: io exception
2019-06-12 14:24:54,229 INFO  impl.FollowerInfo (FollowerInfo.java:lambda$new$0(50)) - ddd5d77b-3346-4930-a235-8537459c7373->eadf7122-8cc6-4030-97dd-0393c95c93ed: nextIndex: updateUnconditionally 0 -> 0
2019-06-12 14:24:54,230 WARN  server.GrpcLogAppender (LogUtils.java:warn(134)) - ddd5d77b-3346-4930-a235-8537459c7373: Failed appendEntries to 0e84133b-698d-463b-969f-85b13fab841c:192.168.134.127:34801: org.apache.ratis.thirdparty.io.grpc.StatusRuntimeException: UNAVAILABLE: io exception
2019-06-12 14:24:54,231 INFO  impl.FollowerInfo (FollowerInfo.java:lambda$new$0(50)) - ddd5d77b-3346-4930-a235-8537459c7373->0e84133b-698d-463b-969f-85b13fab841c: nextIndex: updateUnconditionally 0 -> 0
2019-06-12 14:24:54,729 WARN  server.GrpcLogAppender (LogUtils.java:warn(134)) - ddd5d77b-3346-4930-a235-8537459c7373: Failed appendEntries to eadf7122-8cc6-4030-97dd-0393c95c93ed:192.168.134.127:35231: org.apache.ratis.thirdparty.io.grpc.StatusRuntimeException: UNAVAILABLE: io exception
2019-06-12 14:24:54,729 INFO  impl.FollowerInfo (FollowerInfo.java:lambda$new$0(50)) - ddd5d77b-3346-4930-a235-8537459c7373->eadf7122-8cc6-4030-97dd-0393c95c93ed: nextIndex: updateUnconditionally 0 -> 0
2019-06-12 14:24:54,731 WARN  server.GrpcLogAppender (LogUtils.java:warn(134)) - ddd5d77b-3346-4930-a235-8537459c7373: Failed appendEntries to 0e84133b-698d-463b-969f-85b13fab841c:192.168.134.127:34801: org.apache.ratis.thirdparty.io.grpc.StatusRuntimeException: UNAVAILABLE: io exception
2019-06-12 14:24:54,731 INFO  impl.FollowerInfo (FollowerInfo.java:lambda$new$0(50)) - ddd5d77b-3346-4930-a235-8537459c7373->0e84133b-698d-463b-969f-85b13fab841c: nextIndex: updateUnconditionally 0 -> 0
2019-06-12 14:24:55,022 INFO  client.GrpcClientProtocolService (GrpcClientProtocolService.java:lambda$processClientRequest$0(264)) - Failed RaftClientRequest:client-A5AED9021865->ddd5d77b-3346-4930-a235-8537459c7373@group-7C36C844C599, cid=67, seq=0, Watch-ALL_COMMITTED(2), Message:<EMPTY>, reply=RaftClientReply:client-A5AED9021865->ddd5d77b-3346-4930-a235-8537459c7373@group-7C36C844C599, cid=67, FAILED org.apache.ratis.protocol.NotReplicatedException: Request with call Id 67 and log index 2 is not yet replicated to ALL_COMMITTED, logIndex=2, commits[ddd5d77b-3346-4930-a235-8537459c7373:c2, eadf7122-8cc6-4030-97dd-0393c95c93ed:c1, 0e84133b-698d-463b-969f-85b13fab841c:c1]
2019-06-12 14:24:55,230 WARN  server.GrpcLogAppender (LogUtils.java:warn(134)) - ddd5d77b-3346-4930-a235-8537459c7373: Failed appendEntries to eadf7122-8cc6-4030-97dd-0393c95c93ed:192.168.134.127:35231: org.apache.ratis.thirdparty.io.grpc.StatusRuntimeException: UNAVAILABLE: io exception
2019-06-12 14:24:55,230 INFO  impl.FollowerInfo (FollowerInfo.java:lambda$new$0(50)) - ddd5d77b-3346-4930-a235-8537459c7373->eadf7122-8cc6-4030-97dd-0393c95c93ed: nextIndex: updateUnconditionally 0 -> 0
2019-06-12 14:24:55,231 WARN  server.GrpcLogAppender (LogUtils.java:warn(134)) - ddd5d77b-3346-4930-a235-8537459c7373: Failed appendEntries to 0e84133b-698d-463b-969f-85b13fab841c:192.168.134.127:34801: org.apache.ratis.thirdparty.io.grpc.StatusRuntimeException: UNAVAILABLE: io exception
2019-06-12 14:24:55,231 INFO  impl.FollowerInfo (FollowerInfo.java:lambda$new$0(50)) - ddd5d77b-3346-4930-a235-8537459c7373->0e84133b-698d-463b-969f-85b13fab841c: nextIndex: updateUnconditionally 0 -> 0
2019-06-12 14:24:55,730 WARN  server.GrpcLogAppender (LogUtils.java:warn(134)) - ddd5d77b-3346-4930-a235-8537459c7373: Failed appendEntries to eadf7122-8cc6-4030-97dd-0393c95c93ed:192.168.134.127:35231: org.apache.ratis.thirdparty.io.grpc.StatusRuntimeException: UNAVAILABLE: io exception
2019-06-12 14:24:55,731 INFO  impl.FollowerInfo (FollowerInfo.java:lambda$new$0(50)) - ddd5d77b-3346-4930-a235-8537459c7373->eadf7122-8cc6-4030-97dd-0393c95c93ed: nextIndex: updateUnconditionally 0 -> 0
2019-06-12 14:24:55,732 WARN  server.GrpcLogAppender (LogUtils.java:warn(134)) - ddd5d77b-3346-4930-a235-8537459c7373: Failed appendEntries to 0e84133b-698d-463b-969f-85b13fab841c:192.168.134.127:34801: org.apache.ratis.thirdparty.io.grpc.StatusRuntimeException: UNAVAILABLE: io exception
2019-06-12 14:24:55,732 INFO  impl.FollowerInfo (FollowerInfo.java:lambda$new$0(50)) - ddd5d77b-3346-4930-a235-8537459c7373->0e84133b-698d-463b-969f-85b13fab841c: nextIndex: updateUnconditionally 0 -> 0
2019-06-12 14:24:56,231 WARN  server.GrpcLogAppender (LogUtils.java:warn(134)) - ddd5d77b-3346-4930-a235-8537459c7373: Failed appendEntries to eadf7122-8cc6-4030-97dd-0393c95c93ed:192.168.134.127:35231: org.apache.ratis.thirdparty.io.grpc.StatusRuntimeException: UNAVAILABLE: io exception
2019-06-12 14:24:56,231 INFO  impl.FollowerInfo (FollowerInfo.java:lambda$new$0(50)) - ddd5d77b-3346-4930-a235-8537459c7373->eadf7122-8cc6-4030-97dd-0393c95c93ed: nextIndex: updateUnconditionally 0 -> 0
2019-06-12 14:24:56,232 WARN  server.GrpcLogAppender (LogUtils.java:warn(134)) - ddd5d77b-3346-4930-a235-8537459c7373: Failed appendEntries to 0e84133b-698d-463b-969f-85b13fab841c:192.168.134.127:34801: org.apache.ratis.thirdparty.io.grpc.StatusRuntimeException: UNAVAILABLE: io exception
2019-06-12 14:24:56,232 INFO  impl.FollowerInfo (FollowerInfo.java:lambda$new$0(50)) - ddd5d77b-3346-4930-a235-8537459c7373->0e84133b-698d-463b-969f-85b13fab841c: nextIndex: updateUnconditionally 0 -> 0
2019-06-12 14:24:56,731 WARN  server.GrpcLogAppender (LogUtils.java:warn(134)) - ddd5d77b-3346-4930-a235-8537459c7373: Failed appendEntries to eadf7122-8cc6-4030-97dd-0393c95c93ed:192.168.134.127:35231: org.apache.ratis.thirdparty.io.grpc.StatusRuntimeException: UNAVAILABLE: io exception
2019-06-12 14:24:56,731 INFO  impl.FollowerInfo (FollowerInfo.java:lambda$new$0(50)) - ddd5d77b-3346-4930-a235-8537459c7373->eadf7122-8cc6-4030-97dd-0393c95c93ed: nextIndex: updateUnconditionally 0 -> 0
2019-06-12 14:24:56,732 WARN  server.GrpcLogAppender (LogUtils.java:warn(134)) - ddd5d77b-3346-4930-a235-8537459c7373: Failed appendEntries to 0e84133b-698d-463b-969f-85b13fab841c:192.168.134.127:34801: org.apache.ratis.thirdparty.io.grpc.StatusRuntimeException: UNAVAILABLE: io exception
2019-06-12 14:24:56,732 INFO  impl.FollowerInfo (FollowerInfo.java:lambda$new$0(50)) - ddd5d77b-3346-4930-a235-8537459c7373->0e84133b-698d-463b-969f-85b13fab841c: nextIndex: updateUnconditionally 0 -> 0
2019-06-12 14:24:57,232 WARN  server.GrpcLogAppender (LogUtils.java:warn(134)) - ddd5d77b-3346-4930-a235-8537459c7373: Failed appendEntries to eadf7122-8cc6-4030-97dd-0393c95c93ed:192.168.134.127:35231: org.apache.ratis.thirdparty.io.grpc.StatusRuntimeException: UNAVAILABLE: io exception
2019-06-12 14:24:57,232 INFO  impl.FollowerInfo (FollowerInfo.java:lambda$new$0(50)) - ddd5d77b-3346-4930-a235-8537459c7373->eadf7122-8cc6-4030-97dd-0393c95c93ed: nextIndex: updateUnconditionally 0 -> 0
2019-06-12 14:24:57,233 WARN  server.GrpcLogAppender (LogUtils.java:warn(134)) - ddd5d77b-3346-4930-a235-8537459c7373: Failed appendEntries to 0e84133b-698d-463b-969f-85b13fab841c:192.168.134.127:34801: org.apache.ratis.thirdparty.io.grpc.StatusRuntimeException: UNAVAILABLE: io exception
2019-06-12 14:24:57,233 INFO  impl.FollowerInfo (FollowerInfo.java:lambda$new$0(50)) - ddd5d77b-3346-4930-a235-8537459c7373->0e84133b-698d-463b-969f-85b13fab841c: nextIndex: updateUnconditionally 0 -> 0
2019-06-12 14:24:57,732 WARN  server.GrpcLogAppender (LogUtils.java:warn(134)) - ddd5d77b-3346-4930-a235-8537459c7373: Failed appendEntries to eadf7122-8cc6-4030-97dd-0393c95c93ed:192.168.134.127:35231: org.apache.ratis.thirdparty.io.grpc.StatusRuntimeException: UNAVAILABLE: io exception
2019-06-12 14:24:57,732 INFO  impl.FollowerInfo (FollowerInfo.java:lambda$new$0(50)) - ddd5d77b-3346-4930-a235-8537459c7373->eadf7122-8cc6-4030-97dd-0393c95c93ed: nextIndex: updateUnconditionally 0 -> 0
2019-06-12 14:24:57,733 WARN  server.GrpcLogAppender (LogUtils.java:warn(134)) - ddd5d77b-3346-4930-a235-8537459c7373: Failed appendEntries to 0e84133b-698d-463b-969f-85b13fab841c:192.168.134.127:34801: org.apache.ratis.thirdparty.io.grpc.StatusRuntimeException: UNAVAILABLE: io exception
2019-06-12 14:24:57,733 INFO  impl.FollowerInfo (FollowerInfo.java:lambda$new$0(50)) - ddd5d77b-3346-4930-a235-8537459c7373->0e84133b-698d-463b-969f-85b13fab841c: nextIndex: updateUnconditionally 0 -> 0
2019-06-12 14:24:58,232 WARN  server.GrpcLogAppender (LogUtils.java:warn(134)) - ddd5d77b-3346-4930-a235-8537459c7373: Failed appendEntries to eadf7122-8cc6-4030-97dd-0393c95c93ed:192.168.134.127:35231: org.apache.ratis.thirdparty.io.grpc.StatusRuntimeException: UNAVAILABLE: io exception
2019-06-12 14:24:58,233 INFO  impl.FollowerInfo (FollowerInfo.java:lambda$new$0(50)) - ddd5d77b-3346-4930-a235-8537459c7373->eadf7122-8cc6-4030-97dd-0393c95c93ed: nextIndex: updateUnconditionally 0 -> 0
2019-06-12 14:24:58,233 WARN  server.GrpcLogAppender (LogUtils.java:warn(134)) - ddd5d77b-3346-4930-a235-8537459c7373: Failed appendEntries to 0e84133b-698d-463b-969f-85b13fab841c:192.168.134.127:34801: org.apache.ratis.thirdparty.io.grpc.StatusRuntimeException: UNAVAILABLE: io exception
2019-06-12 14:24:58,233 INFO  impl.FollowerInfo (FollowerInfo.java:lambda$new$0(50)) - ddd5d77b-3346-4930-a235-8537459c7373->0e84133b-698d-463b-969f-85b13fab841c: nextIndex: updateUnconditionally 0 -> 0
2019-06-12 14:24:58,733 WARN  server.GrpcLogAppender (LogUtils.java:warn(134)) - ddd5d77b-3346-4930-a235-8537459c7373: Failed appendEntries to eadf7122-8cc6-4030-97dd-0393c95c93ed:192.168.134.127:35231: org.apache.ratis.thirdparty.io.grpc.StatusRuntimeException: UNAVAILABLE: io exception
2019-06-12 14:24:58,733 INFO  impl.FollowerInfo (FollowerInfo.java:lambda$new$0(50)) - ddd5d77b-3346-4930-a235-8537459c7373->eadf7122-8cc6-4030-97dd-0393c95c93ed: nextIndex: updateUnconditionally 0 -> 0
2019-06-12 14:24:58,733 WARN  server.GrpcLogAppender (LogUtils.java:warn(134)) - ddd5d77b-3346-4930-a235-8537459c7373: Failed appendEntries to 0e84133b-698d-463b-969f-85b13fab841c:192.168.134.127:34801: org.apache.ratis.thirdparty.io.grpc.StatusRuntimeException: UNAVAILABLE: io exception
2019-06-12 14:24:58,734 INFO  impl.FollowerInfo (FollowerInfo.java:lambda$new$0(50)) - ddd5d77b-3346-4930-a235-8537459c7373->0e84133b-698d-463b-969f-85b13fab841c: nextIndex: updateUnconditionally 0 -> 0
2019-06-12 14:24:59,233 WARN  server.GrpcLogAppender (LogUtils.java:warn(134)) - ddd5d77b-3346-4930-a235-8537459c7373: Failed appendEntries to eadf7122-8cc6-4030-97dd-0393c95c93ed:192.168.134.127:35231: org.apache.ratis.thirdparty.io.grpc.StatusRuntimeException: UNAVAILABLE: io exception
2019-06-12 14:24:59,233 INFO  impl.FollowerInfo (FollowerInfo.java:lambda$new$0(50)) - ddd5d77b-3346-4930-a235-8537459c7373->eadf7122-8cc6-4030-97dd-0393c95c93ed: nextIndex: updateUnconditionally 0 -> 0
2019-06-12 14:24:59,234 WARN  server.GrpcLogAppender (LogUtils.java:warn(134)) - ddd5d77b-3346-4930-a235-8537459c7373: Failed appendEntries to 0e84133b-698d-463b-969f-85b13fab841c:192.168.134.127:34801: org.apache.ratis.thirdparty.io.grpc.StatusRuntimeException: UNAVAILABLE: io exception
2019-06-12 14:24:59,234 INFO  impl.FollowerInfo (FollowerInfo.java:lambda$new$0(50)) - ddd5d77b-3346-4930-a235-8537459c7373->0e84133b-698d-463b-969f-85b13fab841c: nextIndex: updateUnconditionally 0 -> 0
2019-06-12 14:24:59,734 WARN  server.GrpcLogAppender (LogUtils.java:warn(134)) - ddd5d77b-3346-4930-a235-8537459c7373: Failed appendEntries to eadf7122-8cc6-4030-97dd-0393c95c93ed:192.168.134.127:35231: org.apache.ratis.thirdparty.io.grpc.StatusRuntimeException: UNAVAILABLE: io exception
2019-06-12 14:24:59,734 INFO  impl.FollowerInfo (FollowerInfo.java:lambda$new$0(50)) - ddd5d77b-3346-4930-a235-8537459c7373->eadf7122-8cc6-4030-97dd-0393c95c93ed: nextIndex: updateUnconditionally 0 -> 0
2019-06-12 14:24:59,734 WARN  server.GrpcLogAppender (LogUtils.java:warn(134)) - ddd5d77b-3346-4930-a235-8537459c7373: Failed appendEntries to 0e84133b-698d-463b-969f-85b13fab841c:192.168.134.127:34801: org.apache.ratis.thirdparty.io.grpc.StatusRuntimeException: UNAVAILABLE: io exception
2019-06-12 14:24:59,734 INFO  impl.FollowerInfo (FollowerInfo.java:lambda$new$0(50)) - ddd5d77b-3346-4930-a235-8537459c7373->0e84133b-698d-463b-969f-85b13fab841c: nextIndex: updateUnconditionally 0 -> 0
2019-06-12 14:25:00,024 INFO  client.GrpcClientProtocolService (GrpcClientProtocolService.java:lambda$processClientRequest$0(264)) - Failed RaftClientRequest:client-A5AED9021865->ddd5d77b-3346-4930-a235-8537459c7373@group-7C36C844C599, cid=68, seq=0, Watch-MAJORITY_COMMITTED(2), Message:<EMPTY>, reply=RaftClientReply:client-A5AED9021865->ddd5d77b-3346-4930-a235-8537459c7373@group-7C36C844C599, cid=68, FAILED org.apache.ratis.protocol.NotReplicatedException: Request with call Id 68 and log index 2 is not yet replicated to MAJORITY_COMMITTED, logIndex=2, commits[ddd5d77b-3346-4930-a235-8537459c7373:c2, eadf7122-8cc6-4030-97dd-0393c95c93ed:c1, 0e84133b-698d-463b-969f-85b13fab841c:c1]
2019-06-12 14:25:00,234 WARN  server.GrpcLogAppender (LogUtils.java:warn(134)) - ddd5d77b-3346-4930-a235-8537459c7373: Failed appendEntries to eadf7122-8cc6-4030-97dd-0393c95c93ed:192.168.134.127:35231: org.apache.ratis.thirdparty.io.grpc.StatusRuntimeException: UNAVAILABLE: io exception
2019-06-12 14:25:00,234 INFO  impl.FollowerInfo (FollowerInfo.java:lambda$new$0(50)) - ddd5d77b-3346-4930-a235-8537459c7373->eadf7122-8cc6-4030-97dd-0393c95c93ed: nextIndex: updateUnconditionally 0 -> 0
2019-06-12 14:25:00,234 WARN  server.GrpcLogAppender (LogUtils.java:warn(134)) - ddd5d77b-3346-4930-a235-8537459c7373: Failed appendEntries to 0e84133b-698d-463b-969f-85b13fab841c:192.168.134.127:34801: org.apache.ratis.thirdparty.io.grpc.StatusRuntimeException: UNAVAILABLE: io exception
2019-06-12 14:25:00,235 INFO  impl.FollowerInfo (FollowerInfo.java:lambda$new$0(50)) - ddd5d77b-3346-4930-a235-8537459c7373->0e84133b-698d-463b-969f-85b13fab841c: nextIndex: updateUnconditionally 0 -> 0
2019-06-12 14:25:00,735 WARN  server.GrpcLogAppender (LogUtils.java:warn(134)) - ddd5d77b-3346-4930-a235-8537459c7373: Failed appendEntries to eadf7122-8cc6-4030-97dd-0393c95c93ed:192.168.134.127:35231: org.apache.ratis.thirdparty.io.grpc.StatusRuntimeException: UNAVAILABLE: io exception
2019-06-12 14:25:00,735 INFO  impl.FollowerInfo (FollowerInfo.java:lambda$new$0(50)) - ddd5d77b-3346-4930-a235-8537459c7373->eadf7122-8cc6-4030-97dd-0393c95c93ed: nextIndex: updateUnconditionally 0 -> 0
2019-06-12 14:25:00,735 WARN  server.GrpcLogAppender (LogUtils.java:warn(134)) - ddd5d77b-3346-4930-a235-8537459c7373: Failed appendEntries to 0e84133b-698d-463b-969f-85b13fab841c:192.168.134.127:34801: org.apache.ratis.thirdparty.io.grpc.StatusRuntimeException: UNAVAILABLE: io exception
2019-06-12 14:25:00,735 INFO  impl.FollowerInfo (FollowerInfo.java:lambda$new$0(50)) - ddd5d77b-3346-4930-a235-8537459c7373->0e84133b-698d-463b-969f-85b13fab841c: nextIndex: updateUnconditionally 0 -> 0
2019-06-12 14:25:01,235 WARN  server.GrpcLogAppender (LogUtils.java:warn(134)) - ddd5d77b-3346-4930-a235-8537459c7373: Failed appendEntries to eadf7122-8cc6-4030-97dd-0393c95c93ed:192.168.134.127:35231: org.apache.ratis.thirdparty.io.grpc.StatusRuntimeException: UNAVAILABLE: io exception
2019-06-12 14:25:01,235 INFO  impl.FollowerInfo (FollowerInfo.java:lambda$new$0(50)) - ddd5d77b-3346-4930-a235-8537459c7373->eadf7122-8cc6-4030-97dd-0393c95c93ed: nextIndex: updateUnconditionally 0 -> 0
2019-06-12 14:25:01,235 WARN  server.GrpcLogAppender (LogUtils.java:warn(134)) - ddd5d77b-3346-4930-a235-8537459c7373: Failed appendEntries to 0e84133b-698d-463b-969f-85b13fab841c:192.168.134.127:34801: org.apache.ratis.thirdparty.io.grpc.StatusRuntimeException: UNAVAILABLE: io exception
2019-06-12 14:25:01,236 INFO  impl.FollowerInfo (FollowerInfo.java:lambda$new$0(50)) - ddd5d77b-3346-4930-a235-8537459c7373->0e84133b-698d-463b-969f-85b13fab841c: nextIndex: updateUnconditionally 0 -> 0
2019-06-12 14:25:01,735 WARN  server.GrpcLogAppender (LogUtils.java:warn(134)) - ddd5d77b-3346-4930-a235-8537459c7373: Failed appendEntries to eadf7122-8cc6-4030-97dd-0393c95c93ed:192.168.134.127:35231: org.apache.ratis.thirdparty.io.grpc.StatusRuntimeException: UNAVAILABLE: io exception
2019-06-12 14:25:01,736 WARN  server.GrpcLogAppender (LogUtils.java:warn(134)) - ddd5d77b-3346-4930-a235-8537459c7373: Failed appendEntries to 0e84133b-698d-463b-969f-85b13fab841c:192.168.134.127:34801: org.apache.ratis.thirdparty.io.grpc.StatusRuntimeException: UNAVAILABLE: io exception
2019-06-12 14:25:01,736 INFO  impl.FollowerInfo (FollowerInfo.java:lambda$new$0(50)) - ddd5d77b-3346-4930-a235-8537459c7373->eadf7122-8cc6-4030-97dd-0393c95c93ed: nextIndex: updateUnconditionally 0 -> 0
2019-06-12 14:25:01,736 INFO  impl.FollowerInfo (FollowerInfo.java:lambda$new$0(50)) - ddd5d77b-3346-4930-a235-8537459c7373->0e84133b-698d-463b-969f-85b13fab841c: nextIndex: updateUnconditionally 0 -> 0
2019-06-12 14:25:02,236 WARN  server.GrpcLogAppender (LogUtils.java:warn(134)) - ddd5d77b-3346-4930-a235-8537459c7373: Failed appendEntries to eadf7122-8cc6-4030-97dd-0393c95c93ed:192.168.134.127:35231: org.apache.ratis.thirdparty.io.grpc.StatusRuntimeException: UNAVAILABLE: io exception
2019-06-12 14:25:02,236 INFO  impl.FollowerInfo (FollowerInfo.java:lambda$new$0(50)) - ddd5d77b-3346-4930-a235-8537459c7373->eadf7122-8cc6-4030-97dd-0393c95c93ed: nextIndex: updateUnconditionally 0 -> 0
2019-06-12 14:25:02,236 WARN  server.GrpcLogAppender (LogUtils.java:warn(134)) - ddd5d77b-3346-4930-a235-8537459c7373: Failed appendEntries to 0e84133b-698d-463b-969f-85b13fab841c:192.168.134.127:34801: org.apache.ratis.thirdparty.io.grpc.StatusRuntimeException: UNAVAILABLE: io exception
2019-06-12 14:25:02,237 INFO  impl.FollowerInfo (FollowerInfo.java:lambda$new$0(50)) - ddd5d77b-3346-4930-a235-8537459c7373->0e84133b-698d-463b-969f-85b13fab841c: nextIndex: updateUnconditionally 0 -> 0
2019-06-12 14:25:02,736 WARN  server.GrpcLogAppender (LogUtils.java:warn(134)) - ddd5d77b-3346-4930-a235-8537459c7373: Failed appendEntries to eadf7122-8cc6-4030-97dd-0393c95c93ed:192.168.134.127:35231: org.apache.ratis.thirdparty.io.grpc.StatusRuntimeException: UNAVAILABLE: io exception
2019-06-12 14:25:02,737 WARN  server.GrpcLogAppender (LogUtils.java:warn(134)) - ddd5d77b-3346-4930-a235-8537459c7373: Failed appendEntries to 0e84133b-698d-463b-969f-85b13fab841c:192.168.134.127:34801: org.apache.ratis.thirdparty.io.grpc.StatusRuntimeException: UNAVAILABLE: io exception
2019-06-12 14:25:02,737 INFO  impl.FollowerInfo (FollowerInfo.java:lambda$new$0(50)) - ddd5d77b-3346-4930-a235-8537459c7373->eadf7122-8cc6-4030-97dd-0393c95c93ed: nextIndex: updateUnconditionally 0 -> 0
2019-06-12 14:25:02,737 INFO  impl.FollowerInfo (FollowerInfo.java:lambda$new$0(50)) - ddd5d77b-3346-4930-a235-8537459c7373->0e84133b-698d-463b-969f-85b13fab841c: nextIndex: updateUnconditionally 0 -> 0
2019-06-12 14:25:03,237 WARN  server.GrpcLogAppender (LogUtils.java:warn(134)) - ddd5d77b-3346-4930-a235-8537459c7373: Failed appendEntries to 0e84133b-698d-463b-969f-85b13fab841c:192.168.134.127:34801: org.apache.ratis.thirdparty.io.grpc.StatusRuntimeException: UNAVAILABLE: io exception
2019-06-12 14:25:03,237 WARN  server.GrpcLogAppender (LogUtils.java:warn(134)) - ddd5d77b-3346-4930-a235-8537459c7373: Failed appendEntries to eadf7122-8cc6-4030-97dd-0393c95c93ed:192.168.134.127:35231: org.apache.ratis.thirdparty.io.grpc.StatusRuntimeException: UNAVAILABLE: io exception
2019-06-12 14:25:03,237 INFO  impl.FollowerInfo (FollowerInfo.java:lambda$new$0(50)) - ddd5d77b-3346-4930-a235-8537459c7373->0e84133b-698d-463b-969f-85b13fab841c: nextIndex: updateUnconditionally 0 -> 0
2019-06-12 14:25:03,237 INFO  impl.FollowerInfo (FollowerInfo.java:lambda$new$0(50)) - ddd5d77b-3346-4930-a235-8537459c7373->eadf7122-8cc6-4030-97dd-0393c95c93ed: nextIndex: updateUnconditionally 0 -> 0
2019-06-12 14:25:03,737 WARN  server.GrpcLogAppender (LogUtils.java:warn(134)) - ddd5d77b-3346-4930-a235-8537459c7373: Failed appendEntries to eadf7122-8cc6-4030-97dd-0393c95c93ed:192.168.134.127:35231: org.apache.ratis.thirdparty.io.grpc.StatusRuntimeException: UNAVAILABLE: io exception
2019-06-12 14:25:03,737 WARN  server.GrpcLogAppender (LogUtils.java:warn(134)) - ddd5d77b-3346-4930-a235-8537459c7373: Failed appendEntries to 0e84133b-698d-463b-969f-85b13fab841c:192.168.134.127:34801: org.apache.ratis.thirdparty.io.grpc.StatusRuntimeException: UNAVAILABLE: io exception
2019-06-12 14:25:03,737 INFO  impl.FollowerInfo (FollowerInfo.java:lambda$new$0(50)) - ddd5d77b-3346-4930-a235-8537459c7373->eadf7122-8cc6-4030-97dd-0393c95c93ed: nextIndex: updateUnconditionally 0 -> 0
2019-06-12 14:25:03,737 INFO  impl.FollowerInfo (FollowerInfo.java:lambda$new$0(50)) - ddd5d77b-3346-4930-a235-8537459c7373->0e84133b-698d-463b-969f-85b13fab841c: nextIndex: updateUnconditionally 0 -> 0
2019-06-12 14:25:04,238 WARN  server.GrpcLogAppender (LogUtils.java:warn(134)) - ddd5d77b-3346-4930-a235-8537459c7373: Failed appendEntries to 0e84133b-698d-463b-969f-85b13fab841c:192.168.134.127:34801: org.apache.ratis.thirdparty.io.grpc.StatusRuntimeException: UNAVAILABLE: io exception
2019-06-12 14:25:04,238 INFO  impl.FollowerInfo (FollowerInfo.java:lambda$new$0(50)) - ddd5d77b-3346-4930-a235-8537459c7373->0e84133b-698d-463b-969f-85b13fab841c: nextIndex: updateUnconditionally 0 -> 0
2019-06-12 14:25:04,238 WARN  server.GrpcLogAppender (LogUtils.java:warn(134)) - ddd5d77b-3346-4930-a235-8537459c7373: Failed appendEntries to eadf7122-8cc6-4030-97dd-0393c95c93ed:192.168.134.127:35231: org.apache.ratis.thirdparty.io.grpc.StatusRuntimeException: UNAVAILABLE: io exception
2019-06-12 14:25:04,238 INFO  impl.FollowerInfo (FollowerInfo.java:lambda$new$0(50)) - ddd5d77b-3346-4930-a235-8537459c7373->eadf7122-8cc6-4030-97dd-0393c95c93ed: nextIndex: updateUnconditionally 0 -> 0
2019-06-12 14:25:04,738 WARN  server.GrpcLogAppender (LogUtils.java:warn(134)) - ddd5d77b-3346-4930-a235-8537459c7373: Failed appendEntries to 0e84133b-698d-463b-969f-85b13fab841c:192.168.134.127:34801: org.apache.ratis.thirdparty.io.grpc.StatusRuntimeException: UNAVAILABLE: io exception
2019-06-12 14:25:04,738 WARN  server.GrpcLogAppender (LogUtils.java:warn(134)) - ddd5d77b-3346-4930-a235-8537459c7373: Failed appendEntries to eadf7122-8cc6-4030-97dd-0393c95c93ed:192.168.134.127:35231: org.apache.ratis.thirdparty.io.grpc.StatusRuntimeException: UNAVAILABLE: io exception
2019-06-12 14:25:04,739 INFO  impl.FollowerInfo (FollowerInfo.java:lambda$new$0(50)) - ddd5d77b-3346-4930-a235-8537459c7373->0e84133b-698d-463b-969f-85b13fab841c: nextIndex: updateUnconditionally 0 -> 0
2019-06-12 14:25:04,739 INFO  impl.FollowerInfo (FollowerInfo.java:lambda$new$0(50)) - ddd5d77b-3346-4930-a235-8537459c7373->eadf7122-8cc6-4030-97dd-0393c95c93ed: nextIndex: updateUnconditionally 0 -> 0
2019-06-12 14:25:05,239 WARN  server.GrpcLogAppender (LogUtils.java:warn(134)) - ddd5d77b-3346-4930-a235-8537459c7373: Failed appendEntries to eadf7122-8cc6-4030-97dd-0393c95c93ed:192.168.134.127:35231: org.apache.ratis.thirdparty.io.grpc.StatusRuntimeException: UNAVAILABLE: io exception
2019-06-12 14:25:05,239 INFO  impl.FollowerInfo (FollowerInfo.java:lambda$new$0(50)) - ddd5d77b-3346-4930-a235-8537459c7373->eadf7122-8cc6-4030-97dd-0393c95c93ed: nextIndex: updateUnconditionally 0 -> 0
2019-06-12 14:25:05,239 WARN  server.GrpcLogAppender (LogUtils.java:warn(134)) - ddd5d77b-3346-4930-a235-8537459c7373: Failed appendEntries to 0e84133b-698d-463b-969f-85b13fab841c:192.168.134.127:34801: org.apache.ratis.thirdparty.io.grpc.StatusRuntimeException: UNAVAILABLE: io exception
2019-06-12 14:25:05,240 INFO  impl.FollowerInfo (FollowerInfo.java:lambda$new$0(50)) - ddd5d77b-3346-4930-a235-8537459c7373->0e84133b-698d-463b-969f-85b13fab841c: nextIndex: updateUnconditionally 0 -> 0
2019-06-12 14:25:05,739 WARN  server.GrpcLogAppender (LogUtils.java:warn(134)) - ddd5d77b-3346-4930-a235-8537459c7373: Failed appendEntries to eadf7122-8cc6-4030-97dd-0393c95c93ed:192.168.134.127:35231: org.apache.ratis.thirdparty.io.grpc.StatusRuntimeException: UNAVAILABLE: io exception
2019-06-12 14:25:05,739 WARN  server.GrpcLogAppender (LogUtils.java:warn(134)) - ddd5d77b-3346-4930-a235-8537459c7373: Failed appendEntries to 0e84133b-698d-463b-969f-85b13fab841c:192.168.134.127:34801: org.apache.ratis.thirdparty.io.grpc.StatusRuntimeException: UNAVAILABLE: io exception
2019-06-12 14:25:05,740 INFO  impl.FollowerInfo (FollowerInfo.java:lambda$new$0(50)) - ddd5d77b-3346-4930-a235-8537459c7373->eadf7122-8cc6-4030-97dd-0393c95c93ed: nextIndex: updateUnconditionally 0 -> 0
2019-06-12 14:25:05,740 INFO  impl.FollowerInfo (FollowerInfo.java:lambda$new$0(50)) - ddd5d77b-3346-4930-a235-8537459c7373->0e84133b-698d-463b-969f-85b13fab841c: nextIndex: updateUnconditionally 0 -> 0
2019-06-12 14:25:06,022 INFO  client.GrpcClientProtocolService (GrpcClientProtocolService.java:lambda$processClientRequest$0(264)) - Failed RaftClientRequest:client-A5AED9021865->ddd5d77b-3346-4930-a235-8537459c7373@group-7C36C844C599, cid=68, seq=0, Watch-MAJORITY_COMMITTED(2), Message:<EMPTY>, reply=RaftClientReply:client-A5AED9021865->ddd5d77b-3346-4930-a235-8537459c7373@group-7C36C844C599, cid=68, FAILED org.apache.ratis.protocol.NotReplicatedException: Request with call Id 68 and log index 2 is not yet replicated to MAJORITY_COMMITTED, logIndex=2, commits[ddd5d77b-3346-4930-a235-8537459c7373:c2, eadf7122-8cc6-4030-97dd-0393c95c93ed:c1, 0e84133b-698d-463b-969f-85b13fab841c:c1]
2019-06-12 14:25:06,240 WARN  server.GrpcLogAppender (LogUtils.java:warn(134)) - ddd5d77b-3346-4930-a235-8537459c7373: Failed appendEntries to 0e84133b-698d-463b-969f-85b13fab841c:192.168.134.127:34801: org.apache.ratis.thirdparty.io.grpc.StatusRuntimeException: UNAVAILABLE: io exception
2019-06-12 14:25:06,240 WARN  server.GrpcLogAppender (LogUtils.java:warn(134)) - ddd5d77b-3346-4930-a235-8537459c7373: Failed appendEntries to eadf7122-8cc6-4030-97dd-0393c95c93ed:192.168.134.127:35231: org.apache.ratis.thirdparty.io.grpc.StatusRuntimeException: UNAVAILABLE: io exception
2019-06-12 14:25:06,240 INFO  impl.FollowerInfo (FollowerInfo.java:lambda$new$0(50)) - ddd5d77b-3346-4930-a235-8537459c7373->0e84133b-698d-463b-969f-85b13fab841c: nextIndex: updateUnconditionally 0 -> 0
2019-06-12 14:25:06,240 INFO  impl.FollowerInfo (FollowerInfo.java:lambda$new$0(50)) - ddd5d77b-3346-4930-a235-8537459c7373->eadf7122-8cc6-4030-97dd-0393c95c93ed: nextIndex: updateUnconditionally 0 -> 0
2019-06-12 14:25:06,740 WARN  server.GrpcLogAppender (LogUtils.java:warn(134)) - ddd5d77b-3346-4930-a235-8537459c7373: Failed appendEntries to eadf7122-8cc6-4030-97dd-0393c95c93ed:192.168.134.127:35231: org.apache.ratis.thirdparty.io.grpc.StatusRuntimeException: UNAVAILABLE: io exception
2019-06-12 14:25:06,740 WARN  server.GrpcLogAppender (LogUtils.java:warn(134)) - ddd5d77b-3346-4930-a235-8537459c7373: Failed appendEntries to 0e84133b-698d-463b-969f-85b13fab841c:192.168.134.127:34801: org.apache.ratis.thirdparty.io.grpc.StatusRuntimeException: UNAVAILABLE: io exception
2019-06-12 14:25:06,741 INFO  impl.FollowerInfo (FollowerInfo.java:lambda$new$0(50)) - ddd5d77b-3346-4930-a235-8537459c7373->eadf7122-8cc6-4030-97dd-0393c95c93ed: nextIndex: updateUnconditionally 0 -> 0
2019-06-12 14:25:06,741 INFO  impl.FollowerInfo (FollowerInfo.java:lambda$new$0(50)) - ddd5d77b-3346-4930-a235-8537459c7373->0e84133b-698d-463b-969f-85b13fab841c: nextIndex: updateUnconditionally 0 -> 0
2019-06-12 14:25:07,241 WARN  server.GrpcLogAppender (LogUtils.java:warn(134)) - ddd5d77b-3346-4930-a235-8537459c7373: Failed appendEntries to eadf7122-8cc6-4030-97dd-0393c95c93ed:192.168.134.127:35231: org.apache.ratis.thirdparty.io.grpc.StatusRuntimeException: UNAVAILABLE: io exception
2019-06-12 14:25:07,241 WARN  server.GrpcLogAppender (LogUtils.java:warn(134)) - ddd5d77b-3346-4930-a235-8537459c7373: Failed appendEntries to 0e84133b-698d-463b-969f-85b13fab841c:192.168.134.127:34801: org.apache.ratis.thirdparty.io.grpc.StatusRuntimeException: UNAVAILABLE: io exception
2019-06-12 14:25:07,241 INFO  impl.FollowerInfo (FollowerInfo.java:lambda$new$0(50)) - ddd5d77b-3346-4930-a235-8537459c7373->eadf7122-8cc6-4030-97dd-0393c95c93ed: nextIndex: updateUnconditionally 0 -> 0
2019-06-12 14:25:07,241 INFO  impl.FollowerInfo (FollowerInfo.java:lambda$new$0(50)) - ddd5d77b-3346-4930-a235-8537459c7373->0e84133b-698d-463b-969f-85b13fab841c: nextIndex: updateUnconditionally 0 -> 0
2019-06-12 14:25:07,741 WARN  server.GrpcLogAppender (LogUtils.java:warn(134)) - ddd5d77b-3346-4930-a235-8537459c7373: Failed appendEntries to eadf7122-8cc6-4030-97dd-0393c95c93ed:192.168.134.127:35231: org.apache.ratis.thirdparty.io.grpc.StatusRuntimeException: UNAVAILABLE: io exception
2019-06-12 14:25:07,741 WARN  server.GrpcLogAppender (LogUtils.java:warn(134)) - ddd5d77b-3346-4930-a235-8537459c7373: Failed appendEntries to 0e84133b-698d-463b-969f-85b13fab841c:192.168.134.127:34801: org.apache.ratis.thirdparty.io.grpc.StatusRuntimeException: UNAVAILABLE: io exception
2019-06-12 14:25:07,742 INFO  impl.FollowerInfo (FollowerInfo.java:lambda$new$0(50)) - ddd5d77b-3346-4930-a235-8537459c7373->eadf7122-8cc6-4030-97dd-0393c95c93ed: nextIndex: updateUnconditionally 0 -> 0
2019-06-12 14:25:07,742 INFO  impl.FollowerInfo (FollowerInfo.java:lambda$new$0(50)) - ddd5d77b-3346-4930-a235-8537459c7373->0e84133b-698d-463b-969f-85b13fab841c: nextIndex: updateUnconditionally 0 -> 0
2019-06-12 14:25:08,242 WARN  server.GrpcLogAppender (LogUtils.java:warn(134)) - ddd5d77b-3346-4930-a235-8537459c7373: Failed appendEntries to eadf7122-8cc6-4030-97dd-0393c95c93ed:192.168.134.127:35231: org.apache.ratis.thirdparty.io.grpc.StatusRuntimeException: UNAVAILABLE: io exception
2019-06-12 14:25:08,242 WARN  server.GrpcLogAppender (LogUtils.java:warn(134)) - ddd5d77b-3346-4930-a235-8537459c7373: Failed appendEntries to 0e84133b-698d-463b-969f-85b13fab841c:192.168.134.127:34801: org.apache.ratis.thirdparty.io.grpc.StatusRuntimeException: UNAVAILABLE: io exception
2019-06-12 14:25:08,242 INFO  impl.FollowerInfo (FollowerInfo.java:lambda$new$0(50)) - ddd5d77b-3346-4930-a235-8537459c7373->eadf7122-8cc6-4030-97dd-0393c95c93ed: nextIndex: updateUnconditionally 0 -> 0
2019-06-12 14:25:08,242 INFO  impl.FollowerInfo (FollowerInfo.java:lambda$new$0(50)) - ddd5d77b-3346-4930-a235-8537459c7373->0e84133b-698d-463b-969f-85b13fab841c: nextIndex: updateUnconditionally 0 -> 0
]]></system-out>
    <system-err><![CDATA[Jun 12, 2019 2:24:14 PM com.sun.jersey.server.impl.application.WebApplicationImpl _initiate
INFO: Initiating Jersey application, version 'Jersey: 1.19 02/11/2015 03:25 AM'
Jun 12, 2019 2:24:15 PM com.sun.jersey.server.impl.application.WebApplicationImpl _initiate
INFO: Initiating Jersey application, version 'Jersey: 1.19 02/11/2015 03:25 AM'
Jun 12, 2019 2:24:15 PM com.sun.jersey.server.impl.application.WebApplicationImpl _initiate
INFO: Initiating Jersey application, version 'Jersey: 1.19 02/11/2015 03:25 AM'
Jun 12, 2019 2:24:15 PM com.sun.jersey.server.impl.application.WebApplicationImpl _initiate
INFO: Initiating Jersey application, version 'Jersey: 1.19 02/11/2015 03:25 AM'
Jun 12, 2019 2:24:15 PM com.sun.jersey.server.impl.application.WebApplicationImpl _initiate
INFO: Initiating Jersey application, version 'Jersey: 1.19 02/11/2015 03:25 AM'
Jun 12, 2019 2:24:15 PM com.sun.jersey.server.impl.application.WebApplicationImpl _initiate
INFO: Initiating Jersey application, version 'Jersey: 1.19 02/11/2015 03:25 AM'
Jun 12, 2019 2:24:15 PM com.sun.jersey.server.impl.application.WebApplicationImpl _initiate
INFO: Initiating Jersey application, version 'Jersey: 1.19 02/11/2015 03:25 AM'
]]></system-err>
  </testcase>
  <testcase name="testWatchForCommitForGroupMismatchException" classname="org.apache.hadoop.ozone.client.rpc.TestWatchForCommit" time="8.018"/>
  <testcase name="test2WayCommitForTimeoutException" classname="org.apache.hadoop.ozone.client.rpc.TestWatchForCommit" time="14.889"/>
  <testcase name="test2WayCommitForRetryfailure" classname="org.apache.hadoop.ozone.client.rpc.TestWatchForCommit" time="29.87"/>
</testsuite>