<?xml version="1.0" encoding="UTF-8"?>
<testsuite xmlns:xsi="http://www.w3.org/2001/XMLSchema-instance" xsi:noNamespaceSchemaLocation="https://maven.apache.org/surefire/maven-surefire-plugin/xsd/surefire-test-report.xsd" name="org.apache.hadoop.hdds.scm.pipeline.TestNodeFailure" time="10.233" tests="1" errors="0" skipped="1" failures="0">
  <properties>
    <property name="awt.toolkit" value="sun.awt.X11.XToolkit"/>
    <property name="file.encoding.pkg" value="sun.io"/>
    <property name="java.specification.version" value="1.8"/>
    <property name="sun.cpu.isalist" value=""/>
    <property name="sun.jnu.encoding" value="UTF-8"/>
    <property name="java.class.path" value="/opt/src/hadoop-ozone/integration-test/target/test-classes:/opt/src/hadoop-ozone/integration-test/target/classes:/root/.m2/repository/org/apache/hadoop/hadoop-ozone-common/0.5.0-SNAPSHOT/hadoop-ozone-common-0.5.0-SNAPSHOT.jar:/root/.m2/repository/org/apache/commons/commons-compress/1.4.1/commons-compress-1.4.1.jar:/root/.m2/repository/org/tukaani/xz/1.0/xz-1.0.jar:/root/.m2/repository/org/apache/hadoop/hadoop-common/3.2.0/hadoop-common-3.2.0.jar:/root/.m2/repository/org/apache/hadoop/hadoop-hdfs/3.2.0/hadoop-hdfs-3.2.0.jar:/root/.m2/repository/org/apache/hadoop/hadoop-hdfs-client/3.2.0/hadoop-hdfs-client-3.2.0.jar:/root/.m2/repository/com/fasterxml/jackson/core/jackson-annotations/2.9.5/jackson-annotations-2.9.5.jar:/root/.m2/repository/org/apache/hadoop/hadoop-hdds-common/0.5.0-SNAPSHOT/hadoop-hdds-common-0.5.0-SNAPSHOT.jar:/root/.m2/repository/javax/annotation/javax.annotation-api/1.2/javax.annotation-api-1.2.jar:/root/.m2/repository/org/apache/ratis/ratis-server/0.4.0-fe2b15d-SNAPSHOT/ratis-server-0.4.0-fe2b15d-SNAPSHOT.jar:/root/.m2/repository/org/apache/ratis/ratis-thirdparty-misc/0.2.0/ratis-thirdparty-misc-0.2.0.jar:/root/.m2/repository/org/apache/ratis/ratis-proto/0.4.0-fe2b15d-SNAPSHOT/ratis-proto-0.4.0-fe2b15d-SNAPSHOT.jar:/root/.m2/repository/org/apache/ratis/ratis-common/0.4.0-fe2b15d-SNAPSHOT/ratis-common-0.4.0-fe2b15d-SNAPSHOT.jar:/root/.m2/repository/org/apache/ratis/ratis-client/0.4.0-fe2b15d-SNAPSHOT/ratis-client-0.4.0-fe2b15d-SNAPSHOT.jar:/root/.m2/repository/org/apache/ratis/ratis-netty/0.4.0-fe2b15d-SNAPSHOT/ratis-netty-0.4.0-fe2b15d-SNAPSHOT.jar:/root/.m2/repository/org/apache/ratis/ratis-grpc/0.4.0-fe2b15d-SNAPSHOT/ratis-grpc-0.4.0-fe2b15d-SNAPSHOT.jar:/root/.m2/repository/org/rocksdb/rocksdbjni/5.14.2/rocksdbjni-5.14.2.jar:/root/.m2/repository/org/apache/logging/log4j/log4j-api/2.11.0/log4j-api-2.11.0.jar:/root/.m2/repository/org/apache/logging/log4j/log4j-core/2.11.0/log4j-core-2.11.0.jar:/root/.m2/repository/com/lmax/disruptor/3.4.2/disruptor-3.4.2.jar:/root/.m2/repository/org/apache/commons/commons-pool2/2.6.0/commons-pool2-2.6.0.jar:/root/.m2/repository/org/bouncycastle/bcpkix-jdk15on/1.60/bcpkix-jdk15on-1.60.jar:/root/.m2/repository/commons-validator/commons-validator/1.6/commons-validator-1.6.jar:/root/.m2/repository/commons-digester/commons-digester/1.8.1/commons-digester-1.8.1.jar:/root/.m2/repository/io/jaegertracing/jaeger-client/0.33.1/jaeger-client-0.33.1.jar:/root/.m2/repository/io/jaegertracing/jaeger-thrift/0.33.1/jaeger-thrift-0.33.1.jar:/root/.m2/repository/org/apache/thrift/libthrift/0.11.0/libthrift-0.11.0.jar:/root/.m2/repository/com/squareup/okhttp3/okhttp/3.9.0/okhttp-3.9.0.jar:/root/.m2/repository/com/squareup/okio/okio/1.13.0/okio-1.13.0.jar:/root/.m2/repository/io/jaegertracing/jaeger-core/0.33.1/jaeger-core-0.33.1.jar:/root/.m2/repository/io/jaegertracing/jaeger-tracerresolver/0.33.1/jaeger-tracerresolver-0.33.1.jar:/root/.m2/repository/io/opentracing/contrib/opentracing-tracerresolver/0.1.5/opentracing-tracerresolver-0.1.5.jar:/root/.m2/repository/io/opentracing/opentracing-util/0.31.0/opentracing-util-0.31.0.jar:/root/.m2/repository/io/opentracing/opentracing-api/0.31.0/opentracing-api-0.31.0.jar:/root/.m2/repository/io/opentracing/opentracing-noop/0.31.0/opentracing-noop-0.31.0.jar:/root/.m2/repository/org/apache/hadoop/hadoop-hdds-server-framework/0.5.0-SNAPSHOT/hadoop-hdds-server-framework-0.5.0-SNAPSHOT.jar:/root/.m2/repository/org/apache/hadoop/hadoop-hdds-server-scm/0.5.0-SNAPSHOT/hadoop-hdds-server-scm-0.5.0-SNAPSHOT.jar:/root/.m2/repository/org/apache/hadoop/hadoop-hdds-container-service/0.5.0-SNAPSHOT/hadoop-hdds-container-service-0.5.0-SNAPSHOT.jar:/root/.m2/repository/org/apache/hadoop/hadoop-hdds-client/0.5.0-SNAPSHOT/hadoop-hdds-client-0.5.0-SNAPSHOT.jar:/root/.m2/repository/org/apache/hadoop/hadoop-hdds-tools/0.5.0-SNAPSHOT/hadoop-hdds-tools-0.5.0-SNAPSHOT.jar:/root/.m2/repository/org/apache/hadoop/hadoop-ozone-ozone-manager/0.5.0-SNAPSHOT/hadoop-ozone-ozone-manager-0.5.0-SNAPSHOT.jar:/root/.m2/repository/org/apache/hadoop/hadoop-hdds-docs/0.5.0-SNAPSHOT/hadoop-hdds-docs-0.5.0-SNAPSHOT.jar:/root/.m2/repository/org/bouncycastle/bcprov-jdk15on/1.60/bcprov-jdk15on-1.60.jar:/root/.m2/repository/org/apache/hadoop/hadoop-minikdc/3.2.0/hadoop-minikdc-3.2.0.jar:/root/.m2/repository/commons-io/commons-io/2.5/commons-io-2.5.jar:/root/.m2/repository/org/apache/kerby/kerb-simplekdc/1.0.1/kerb-simplekdc-1.0.1.jar:/root/.m2/repository/org/apache/kerby/kerb-client/1.0.1/kerb-client-1.0.1.jar:/root/.m2/repository/org/apache/kerby/kerby-config/1.0.1/kerby-config-1.0.1.jar:/root/.m2/repository/org/apache/kerby/kerb-core/1.0.1/kerb-core-1.0.1.jar:/root/.m2/repository/org/apache/kerby/kerby-pkix/1.0.1/kerby-pkix-1.0.1.jar:/root/.m2/repository/org/apache/kerby/kerby-asn1/1.0.1/kerby-asn1-1.0.1.jar:/root/.m2/repository/org/apache/kerby/kerby-util/1.0.1/kerby-util-1.0.1.jar:/root/.m2/repository/org/apache/kerby/kerb-common/1.0.1/kerb-common-1.0.1.jar:/root/.m2/repository/org/apache/kerby/kerb-crypto/1.0.1/kerb-crypto-1.0.1.jar:/root/.m2/repository/org/apache/kerby/kerb-util/1.0.1/kerb-util-1.0.1.jar:/root/.m2/repository/org/apache/kerby/token-provider/1.0.1/token-provider-1.0.1.jar:/root/.m2/repository/org/apache/kerby/kerb-admin/1.0.1/kerb-admin-1.0.1.jar:/root/.m2/repository/org/apache/kerby/kerb-server/1.0.1/kerb-server-1.0.1.jar:/root/.m2/repository/org/apache/kerby/kerb-identity/1.0.1/kerb-identity-1.0.1.jar:/root/.m2/repository/org/apache/kerby/kerby-xdr/1.0.1/kerby-xdr-1.0.1.jar:/root/.m2/repository/org/slf4j/slf4j-log4j12/1.7.25/slf4j-log4j12-1.7.25.jar:/root/.m2/repository/org/apache/hadoop/hadoop-ozone-objectstore-service/0.5.0-SNAPSHOT/hadoop-ozone-objectstore-service-0.5.0-SNAPSHOT.jar:/root/.m2/repository/org/apache/hadoop/hadoop-ozone-s3gateway/0.5.0-SNAPSHOT/hadoop-ozone-s3gateway-0.5.0-SNAPSHOT.jar:/root/.m2/repository/org/jboss/weld/servlet/weld-servlet/2.4.7.Final/weld-servlet-2.4.7.Final.jar:/root/.m2/repository/org/glassfish/jersey/containers/jersey-container-servlet-core/2.27/jersey-container-servlet-core-2.27.jar:/root/.m2/repository/org/glassfish/hk2/external/javax.inject/2.5.0-b42/javax.inject-2.5.0-b42.jar:/root/.m2/repository/org/glassfish/jersey/core/jersey-common/2.27/jersey-common-2.27.jar:/root/.m2/repository/org/glassfish/hk2/osgi-resource-locator/1.0.1/osgi-resource-locator-1.0.1.jar:/root/.m2/repository/javax/ws/rs/javax.ws.rs-api/2.1/javax.ws.rs-api-2.1.jar:/root/.m2/repository/org/glassfish/jersey/ext/cdi/jersey-cdi1x/2.27/jersey-cdi1x-2.27.jar:/root/.m2/repository/org/glassfish/jersey/inject/jersey-hk2/2.27/jersey-hk2-2.27.jar:/root/.m2/repository/org/glassfish/hk2/hk2-locator/2.5.0-b42/hk2-locator-2.5.0-b42.jar:/root/.m2/repository/org/javassist/javassist/3.22.0-CR2/javassist-3.22.0-CR2.jar:/root/.m2/repository/org/glassfish/hk2/hk2-api/2.5.0/hk2-api-2.5.0.jar:/root/.m2/repository/org/glassfish/hk2/external/jakarta.inject/2.5.0/jakarta.inject-2.5.0.jar:/root/.m2/repository/org/glassfish/hk2/hk2-utils/2.5.0/hk2-utils-2.5.0.jar:/root/.m2/repository/jakarta/annotation/jakarta.annotation-api/1.3.4/jakarta.annotation-api-1.3.4.jar:/root/.m2/repository/org/glassfish/hk2/external/aopalliance-repackaged/2.5.0/aopalliance-repackaged-2.5.0.jar:/root/.m2/repository/com/fasterxml/jackson/dataformat/jackson-dataformat-xml/2.9.0/jackson-dataformat-xml-2.9.0.jar:/root/.m2/repository/com/fasterxml/jackson/core/jackson-core/2.9.5/jackson-core-2.9.5.jar:/root/.m2/repository/com/fasterxml/jackson/module/jackson-module-jaxb-annotations/2.9.5/jackson-module-jaxb-annotations-2.9.5.jar:/root/.m2/repository/javax/enterprise/cdi-api/1.2/cdi-api-1.2.jar:/root/.m2/repository/javax/el/javax.el-api/3.0.0/javax.el-api-3.0.0.jar:/root/.m2/repository/javax/interceptor/javax.interceptor-api/1.2/javax.interceptor-api-1.2.jar:/root/.m2/repository/javax/inject/javax.inject/1/javax.inject-1.jar:/root/.m2/repository/com/sun/xml/bind/jaxb-impl/2.3.0.1/jaxb-impl-2.3.0.1.jar:/root/.m2/repository/com/sun/xml/bind/jaxb-core/2.3.0.1/jaxb-core-2.3.0.1.jar:/root/.m2/repository/javax/xml/bind/jaxb-api/2.3.0/jaxb-api-2.3.0.jar:/root/.m2/repository/javax/activation/activation/1.1.1/activation-1.1.1.jar:/root/.m2/repository/org/apache/hadoop/hadoop-ozone-csi/0.5.0-SNAPSHOT/hadoop-ozone-csi-0.5.0-SNAPSHOT.jar:/root/.m2/repository/com/google/protobuf/protobuf-java-util/3.5.1/protobuf-java-util-3.5.1.jar:/root/.m2/repository/org/apache/hadoop/hadoop-hdds-config/0.5.0-SNAPSHOT/hadoop-hdds-config-0.5.0-SNAPSHOT.jar:/root/.m2/repository/com/google/guava/guava/11.0.2/guava-11.0.2.jar:/root/.m2/repository/com/google/protobuf/protobuf-java/2.5.0/protobuf-java-2.5.0.jar:/root/.m2/repository/io/grpc/grpc-netty/1.17.1/grpc-netty-1.17.1.jar:/root/.m2/repository/io/grpc/grpc-core/1.17.1/grpc-core-1.17.1.jar:/root/.m2/repository/io/grpc/grpc-context/1.17.1/grpc-context-1.17.1.jar:/root/.m2/repository/com/google/errorprone/error_prone_annotations/2.2.0/error_prone_annotations-2.2.0.jar:/root/.m2/repository/org/codehaus/mojo/animal-sniffer-annotations/1.17/animal-sniffer-annotations-1.17.jar:/root/.m2/repository/io/opencensus/opencensus-api/0.17.0/opencensus-api-0.17.0.jar:/root/.m2/repository/io/opencensus/opencensus-contrib-grpc-metrics/0.17.0/opencensus-contrib-grpc-metrics-0.17.0.jar:/root/.m2/repository/io/netty/netty-codec-http2/4.1.30.Final/netty-codec-http2-4.1.30.Final.jar:/root/.m2/repository/io/netty/netty-codec-http/4.1.30.Final/netty-codec-http-4.1.30.Final.jar:/root/.m2/repository/io/netty/netty-codec/4.1.30.Final/netty-codec-4.1.30.Final.jar:/root/.m2/repository/io/netty/netty-handler/4.1.30.Final/netty-handler-4.1.30.Final.jar:/root/.m2/repository/io/netty/netty-handler-proxy/4.1.30.Final/netty-handler-proxy-4.1.30.Final.jar:/root/.m2/repository/io/netty/netty-codec-socks/4.1.30.Final/netty-codec-socks-4.1.30.Final.jar:/root/.m2/repository/io/netty/netty-transport-native-epoll/4.1.30.Final/netty-transport-native-epoll-4.1.30.Final.jar:/root/.m2/repository/io/netty/netty-common/4.1.30.Final/netty-common-4.1.30.Final.jar:/root/.m2/repository/io/netty/netty-buffer/4.1.30.Final/netty-buffer-4.1.30.Final.jar:/root/.m2/repository/io/netty/netty-transport/4.1.30.Final/netty-transport-4.1.30.Final.jar:/root/.m2/repository/io/netty/netty-resolver/4.1.30.Final/netty-resolver-4.1.30.Final.jar:/root/.m2/repository/io/netty/netty-transport-native-unix-common/4.1.30.Final/netty-transport-native-unix-common-4.1.30.Final.jar:/root/.m2/repository/io/grpc/grpc-protobuf/1.17.1/grpc-protobuf-1.17.1.jar:/root/.m2/repository/com/google/api/grpc/proto-google-common-protos/1.0.0/proto-google-common-protos-1.0.0.jar:/root/.m2/repository/io/grpc/grpc-protobuf-lite/1.17.1/grpc-protobuf-lite-1.17.1.jar:/root/.m2/repository/io/grpc/grpc-stub/1.17.1/grpc-stub-1.17.1.jar:/root/.m2/repository/org/apache/hadoop/hadoop-ozone-recon/0.5.0-SNAPSHOT/hadoop-ozone-recon-0.5.0-SNAPSHOT.jar:/root/.m2/repository/org/apache/hadoop/hadoop-ozone-reconcodegen/0.5.0-SNAPSHOT/hadoop-ozone-reconcodegen-0.5.0-SNAPSHOT.jar:/root/.m2/repository/com/google/inject/extensions/guice-multibindings/4.0/guice-multibindings-4.0.jar:/root/.m2/repository/com/google/inject/guice/4.0/guice-4.0.jar:/root/.m2/repository/aopalliance/aopalliance/1.0/aopalliance-1.0.jar:/root/.m2/repository/com/google/inject/extensions/guice-servlet/4.0/guice-servlet-4.0.jar:/root/.m2/repository/org/glassfish/jersey/containers/jersey-container-servlet/2.27/jersey-container-servlet-2.27.jar:/root/.m2/repository/org/glassfish/hk2/guice-bridge/2.5.0/guice-bridge-2.5.0.jar:/root/.m2/repository/org/glassfish/jersey/core/jersey-server/2.27/jersey-server-2.27.jar:/root/.m2/repository/org/glassfish/jersey/core/jersey-client/2.27/jersey-client-2.27.jar:/root/.m2/repository/org/glassfish/jersey/media/jersey-media-jaxb/2.27/jersey-media-jaxb-2.27.jar:/root/.m2/repository/javax/validation/validation-api/1.1.0.Final/validation-api-1.1.0.Final.jar:/root/.m2/repository/org/glassfish/jersey/media/jersey-media-json-jackson/2.27/jersey-media-json-jackson-2.27.jar:/root/.m2/repository/org/glassfish/jersey/ext/jersey-entity-filtering/2.27/jersey-entity-filtering-2.27.jar:/root/.m2/repository/com/google/inject/extensions/guice-assistedinject/4.0/guice-assistedinject-4.0.jar:/root/.m2/repository/org/jooq/jooq/3.11.10/jooq-3.11.10.jar:/root/.m2/repository/org/jooq/jooq-meta/3.11.10/jooq-meta-3.11.10.jar:/root/.m2/repository/org/jooq/jooq-codegen/3.11.10/jooq-codegen-3.11.10.jar:/root/.m2/repository/com/jolbox/bonecp/0.8.0.RELEASE/bonecp-0.8.0.RELEASE.jar:/root/.m2/repository/org/xerial/sqlite-jdbc/3.25.2/sqlite-jdbc-3.25.2.jar:/root/.m2/repository/org/springframework/spring-jdbc/5.1.3.RELEASE/spring-jdbc-5.1.3.RELEASE.jar:/root/.m2/repository/org/springframework/spring-beans/5.1.3.RELEASE/spring-beans-5.1.3.RELEASE.jar:/root/.m2/repository/org/springframework/spring-core/5.1.3.RELEASE/spring-core-5.1.3.RELEASE.jar:/root/.m2/repository/org/springframework/spring-jcl/5.1.3.RELEASE/spring-jcl-5.1.3.RELEASE.jar:/root/.m2/repository/org/springframework/spring-tx/5.1.3.RELEASE/spring-tx-5.1.3.RELEASE.jar:/root/.m2/repository/org/apache/hadoop/hadoop-ozone-client/0.5.0-SNAPSHOT/hadoop-ozone-client-0.5.0-SNAPSHOT.jar:/root/.m2/repository/org/apache/hadoop/hadoop-ozone-ozone-manager/0.5.0-SNAPSHOT/hadoop-ozone-ozone-manager-0.5.0-SNAPSHOT-tests.jar:/root/.m2/repository/junit/junit/4.11/junit-4.11.jar:/root/.m2/repository/org/hamcrest/hamcrest-core/1.3/hamcrest-core-1.3.jar:/root/.m2/repository/org/openjdk/jmh/jmh-core/1.19/jmh-core-1.19.jar:/root/.m2/repository/net/sf/jopt-simple/jopt-simple/4.6/jopt-simple-4.6.jar:/root/.m2/repository/org/apache/commons/commons-math3/3.1.1/commons-math3-3.1.1.jar:/root/.m2/repository/org/openjdk/jmh/jmh-generator-annprocess/1.19/jmh-generator-annprocess-1.19.jar:/root/.m2/repository/org/mockito/mockito-all/1.8.5/mockito-all-1.8.5.jar:/root/.m2/repository/org/apache/hadoop/hadoop-kms/3.2.0/hadoop-kms-3.2.0.jar:/root/.m2/repository/org/apache/hadoop/hadoop-auth/3.2.0/hadoop-auth-3.2.0.jar:/root/.m2/repository/com/nimbusds/nimbus-jose-jwt/4.41.1/nimbus-jose-jwt-4.41.1.jar:/root/.m2/repository/com/github/stephenc/jcip/jcip-annotations/1.0-1/jcip-annotations-1.0-1.jar:/root/.m2/repository/net/minidev/json-smart/2.3/json-smart-2.3.jar:/root/.m2/repository/net/minidev/accessors-smart/1.2/accessors-smart-1.2.jar:/root/.m2/repository/org/ow2/asm/asm/5.0.4/asm-5.0.4.jar:/root/.m2/repository/org/apache/curator/curator-framework/2.12.0/curator-framework-2.12.0.jar:/root/.m2/repository/com/sun/jersey/jersey-core/1.19/jersey-core-1.19.jar:/root/.m2/repository/javax/ws/rs/jsr311-api/1.1.1/jsr311-api-1.1.1.jar:/root/.m2/repository/com/sun/jersey/jersey-server/1.19/jersey-server-1.19.jar:/root/.m2/repository/javax/servlet/javax.servlet-api/3.1.0/javax.servlet-api-3.1.0.jar:/root/.m2/repository/org/eclipse/jetty/jetty-server/9.3.24.v20180605/jetty-server-9.3.24.v20180605.jar:/root/.m2/repository/org/eclipse/jetty/jetty-http/9.3.24.v20180605/jetty-http-9.3.24.v20180605.jar:/root/.m2/repository/org/eclipse/jetty/jetty-io/9.3.24.v20180605/jetty-io-9.3.24.v20180605.jar:/root/.m2/repository/org/eclipse/jetty/jetty-webapp/9.3.24.v20180605/jetty-webapp-9.3.24.v20180605.jar:/root/.m2/repository/org/eclipse/jetty/jetty-xml/9.3.24.v20180605/jetty-xml-9.3.24.v20180605.jar:/root/.m2/repository/log4j/log4j/1.2.17/log4j-1.2.17.jar:/root/.m2/repository/org/slf4j/slf4j-api/1.7.25/slf4j-api-1.7.25.jar:/root/.m2/repository/org/slf4j/jul-to-slf4j/1.7.25/jul-to-slf4j-1.7.25.jar:/root/.m2/repository/org/eclipse/jetty/jetty-util/9.3.24.v20180605/jetty-util-9.3.24.v20180605.jar:/root/.m2/repository/io/dropwizard/metrics/metrics-core/3.2.4/metrics-core-3.2.4.jar:/root/.m2/repository/com/fasterxml/jackson/core/jackson-databind/2.9.5/jackson-databind-2.9.5.jar:/root/.m2/repository/org/apache/hadoop/hadoop-kms/3.2.0/hadoop-kms-3.2.0-tests.jar:/root/.m2/repository/org/apache/hadoop/hadoop-hdds-server-scm/0.5.0-SNAPSHOT/hadoop-hdds-server-scm-0.5.0-SNAPSHOT-tests.jar:/root/.m2/repository/org/hamcrest/hamcrest-all/1.3/hamcrest-all-1.3.jar:/root/.m2/repository/info/picocli/picocli/3.9.6/picocli-3.9.6.jar:/root/.m2/repository/org/apache/hadoop/hadoop-hdds-container-service/0.5.0-SNAPSHOT/hadoop-hdds-container-service-0.5.0-SNAPSHOT-tests.jar:/root/.m2/repository/org/yaml/snakeyaml/1.16/snakeyaml-1.16.jar:/root/.m2/repository/org/apache/hadoop/hadoop-common/3.2.0/hadoop-common-3.2.0-tests.jar:/root/.m2/repository/org/apache/hadoop/hadoop-annotations/3.2.0/hadoop-annotations-3.2.0.jar:/usr/lib/jvm/java-1.8-openjdk/jre/../lib/tools.jar:/root/.m2/repository/commons-cli/commons-cli/1.2/commons-cli-1.2.jar:/root/.m2/repository/org/apache/httpcomponents/httpclient/4.5.2/httpclient-4.5.2.jar:/root/.m2/repository/org/apache/httpcomponents/httpcore/4.4.4/httpcore-4.4.4.jar:/root/.m2/repository/commons-codec/commons-codec/1.11/commons-codec-1.11.jar:/root/.m2/repository/commons-net/commons-net/3.6/commons-net-3.6.jar:/root/.m2/repository/commons-collections/commons-collections/3.2.2/commons-collections-3.2.2.jar:/root/.m2/repository/org/eclipse/jetty/jetty-servlet/9.3.24.v20180605/jetty-servlet-9.3.24.v20180605.jar:/root/.m2/repository/org/eclipse/jetty/jetty-security/9.3.24.v20180605/jetty-security-9.3.24.v20180605.jar:/root/.m2/repository/javax/servlet/jsp/jsp-api/2.1/jsp-api-2.1.jar:/root/.m2/repository/com/sun/jersey/jersey-servlet/1.19/jersey-servlet-1.19.jar:/root/.m2/repository/com/sun/jersey/jersey-json/1.19/jersey-json-1.19.jar:/root/.m2/repository/org/codehaus/jettison/jettison/1.1/jettison-1.1.jar:/root/.m2/repository/org/codehaus/jackson/jackson-core-asl/1.9.13/jackson-core-asl-1.9.13.jar:/root/.m2/repository/org/codehaus/jackson/jackson-mapper-asl/1.9.13/jackson-mapper-asl-1.9.13.jar:/root/.m2/repository/org/codehaus/jackson/jackson-jaxrs/1.9.13/jackson-jaxrs-1.9.13.jar:/root/.m2/repository/org/codehaus/jackson/jackson-xc/1.9.13/jackson-xc-1.9.13.jar:/root/.m2/repository/commons-logging/commons-logging/1.1.3/commons-logging-1.1.3.jar:/root/.m2/repository/commons-beanutils/commons-beanutils/1.9.3/commons-beanutils-1.9.3.jar:/root/.m2/repository/org/apache/commons/commons-configuration2/2.1.1/commons-configuration2-2.1.1.jar:/root/.m2/repository/org/apache/commons/commons-lang3/3.7/commons-lang3-3.7.jar:/root/.m2/repository/org/apache/commons/commons-text/1.4/commons-text-1.4.jar:/root/.m2/repository/org/apache/avro/avro/1.7.7/avro-1.7.7.jar:/root/.m2/repository/com/thoughtworks/paranamer/paranamer/2.3/paranamer-2.3.jar:/root/.m2/repository/org/xerial/snappy/snappy-java/1.0.5/snappy-java-1.0.5.jar:/root/.m2/repository/com/google/re2j/re2j/1.1/re2j-1.1.jar:/root/.m2/repository/com/google/code/gson/gson/2.2.4/gson-2.2.4.jar:/root/.m2/repository/com/jcraft/jsch/0.1.54/jsch-0.1.54.jar:/root/.m2/repository/org/apache/curator/curator-client/2.12.0/curator-client-2.12.0.jar:/root/.m2/repository/org/apache/curator/curator-recipes/2.12.0/curator-recipes-2.12.0.jar:/root/.m2/repository/com/google/code/findbugs/jsr305/3.0.0/jsr305-3.0.0.jar:/root/.m2/repository/org/apache/htrace/htrace-core4/4.1.0-incubating/htrace-core4-4.1.0-incubating.jar:/root/.m2/repository/org/apache/zookeeper/zookeeper/3.4.13/zookeeper-3.4.13.jar:/root/.m2/repository/org/apache/yetus/audience-annotations/0.5.0/audience-annotations-0.5.0.jar:/root/.m2/repository/org/codehaus/woodstox/stax2-api/3.1.4/stax2-api-3.1.4.jar:/root/.m2/repository/com/fasterxml/woodstox/woodstox-core/5.0.3/woodstox-core-5.0.3.jar:/root/.m2/repository/dnsjava/dnsjava/2.1.7/dnsjava-2.1.7.jar:/root/.m2/repository/org/apache/hadoop/hadoop-hdfs/3.2.0/hadoop-hdfs-3.2.0-tests.jar:/root/.m2/repository/org/eclipse/jetty/jetty-util-ajax/9.3.24.v20180605/jetty-util-ajax-9.3.24.v20180605.jar:/root/.m2/repository/commons-daemon/commons-daemon/1.0.13/commons-daemon-1.0.13.jar:/root/.m2/repository/io/netty/netty/3.10.5.Final/netty-3.10.5.Final.jar:/root/.m2/repository/io/netty/netty-all/4.0.52.Final/netty-all-4.0.52.Final.jar:/root/.m2/repository/org/fusesource/leveldbjni/leveldbjni-all/1.8/leveldbjni-all-1.8.jar:"/>
    <property name="java.vm.vendor" value="IcedTea"/>
    <property name="sun.arch.data.model" value="64"/>
    <property name="test.build.dir" value="/opt/src/hadoop-ozone/integration-test/target/test-dir"/>
    <property name="test.cache.data" value=""/>
    <property name="java.vendor.url" value="https://icedtea.classpath.org"/>
    <property name="user.timezone" value=""/>
    <property name="java.vm.specification.version" value="1.8"/>
    <property name="os.name" value="Linux"/>
    <property name="test.build.data" value="/opt/src/hadoop-ozone/integration-test/target/test-dir"/>
    <property name="user.country" value="US"/>
    <property name="sun.java.launcher" value="SUN_STANDARD"/>
    <property name="sun.boot.library.path" value="/usr/lib/jvm/java-1.8-openjdk/jre/lib/amd64"/>
    <property name="sun.java.command" value="/opt/src/hadoop-ozone/integration-test/target/surefire/surefirebooter3979241984129693040.jar /opt/src/hadoop-ozone/integration-test/target/surefire 2019-06-12T14-08-11_117-jvmRun1 surefire7458099553147507495tmp surefire_84621734462546031997tmp"/>
    <property name="surefire.test.class.path" value="/opt/src/hadoop-ozone/integration-test/target/test-classes:/opt/src/hadoop-ozone/integration-test/target/classes:/root/.m2/repository/org/apache/hadoop/hadoop-ozone-common/0.5.0-SNAPSHOT/hadoop-ozone-common-0.5.0-SNAPSHOT.jar:/root/.m2/repository/org/apache/commons/commons-compress/1.4.1/commons-compress-1.4.1.jar:/root/.m2/repository/org/tukaani/xz/1.0/xz-1.0.jar:/root/.m2/repository/org/apache/hadoop/hadoop-common/3.2.0/hadoop-common-3.2.0.jar:/root/.m2/repository/org/apache/hadoop/hadoop-hdfs/3.2.0/hadoop-hdfs-3.2.0.jar:/root/.m2/repository/org/apache/hadoop/hadoop-hdfs-client/3.2.0/hadoop-hdfs-client-3.2.0.jar:/root/.m2/repository/com/fasterxml/jackson/core/jackson-annotations/2.9.5/jackson-annotations-2.9.5.jar:/root/.m2/repository/org/apache/hadoop/hadoop-hdds-common/0.5.0-SNAPSHOT/hadoop-hdds-common-0.5.0-SNAPSHOT.jar:/root/.m2/repository/javax/annotation/javax.annotation-api/1.2/javax.annotation-api-1.2.jar:/root/.m2/repository/org/apache/ratis/ratis-server/0.4.0-fe2b15d-SNAPSHOT/ratis-server-0.4.0-fe2b15d-SNAPSHOT.jar:/root/.m2/repository/org/apache/ratis/ratis-thirdparty-misc/0.2.0/ratis-thirdparty-misc-0.2.0.jar:/root/.m2/repository/org/apache/ratis/ratis-proto/0.4.0-fe2b15d-SNAPSHOT/ratis-proto-0.4.0-fe2b15d-SNAPSHOT.jar:/root/.m2/repository/org/apache/ratis/ratis-common/0.4.0-fe2b15d-SNAPSHOT/ratis-common-0.4.0-fe2b15d-SNAPSHOT.jar:/root/.m2/repository/org/apache/ratis/ratis-client/0.4.0-fe2b15d-SNAPSHOT/ratis-client-0.4.0-fe2b15d-SNAPSHOT.jar:/root/.m2/repository/org/apache/ratis/ratis-netty/0.4.0-fe2b15d-SNAPSHOT/ratis-netty-0.4.0-fe2b15d-SNAPSHOT.jar:/root/.m2/repository/org/apache/ratis/ratis-grpc/0.4.0-fe2b15d-SNAPSHOT/ratis-grpc-0.4.0-fe2b15d-SNAPSHOT.jar:/root/.m2/repository/org/rocksdb/rocksdbjni/5.14.2/rocksdbjni-5.14.2.jar:/root/.m2/repository/org/apache/logging/log4j/log4j-api/2.11.0/log4j-api-2.11.0.jar:/root/.m2/repository/org/apache/logging/log4j/log4j-core/2.11.0/log4j-core-2.11.0.jar:/root/.m2/repository/com/lmax/disruptor/3.4.2/disruptor-3.4.2.jar:/root/.m2/repository/org/apache/commons/commons-pool2/2.6.0/commons-pool2-2.6.0.jar:/root/.m2/repository/org/bouncycastle/bcpkix-jdk15on/1.60/bcpkix-jdk15on-1.60.jar:/root/.m2/repository/commons-validator/commons-validator/1.6/commons-validator-1.6.jar:/root/.m2/repository/commons-digester/commons-digester/1.8.1/commons-digester-1.8.1.jar:/root/.m2/repository/io/jaegertracing/jaeger-client/0.33.1/jaeger-client-0.33.1.jar:/root/.m2/repository/io/jaegertracing/jaeger-thrift/0.33.1/jaeger-thrift-0.33.1.jar:/root/.m2/repository/org/apache/thrift/libthrift/0.11.0/libthrift-0.11.0.jar:/root/.m2/repository/com/squareup/okhttp3/okhttp/3.9.0/okhttp-3.9.0.jar:/root/.m2/repository/com/squareup/okio/okio/1.13.0/okio-1.13.0.jar:/root/.m2/repository/io/jaegertracing/jaeger-core/0.33.1/jaeger-core-0.33.1.jar:/root/.m2/repository/io/jaegertracing/jaeger-tracerresolver/0.33.1/jaeger-tracerresolver-0.33.1.jar:/root/.m2/repository/io/opentracing/contrib/opentracing-tracerresolver/0.1.5/opentracing-tracerresolver-0.1.5.jar:/root/.m2/repository/io/opentracing/opentracing-util/0.31.0/opentracing-util-0.31.0.jar:/root/.m2/repository/io/opentracing/opentracing-api/0.31.0/opentracing-api-0.31.0.jar:/root/.m2/repository/io/opentracing/opentracing-noop/0.31.0/opentracing-noop-0.31.0.jar:/root/.m2/repository/org/apache/hadoop/hadoop-hdds-server-framework/0.5.0-SNAPSHOT/hadoop-hdds-server-framework-0.5.0-SNAPSHOT.jar:/root/.m2/repository/org/apache/hadoop/hadoop-hdds-server-scm/0.5.0-SNAPSHOT/hadoop-hdds-server-scm-0.5.0-SNAPSHOT.jar:/root/.m2/repository/org/apache/hadoop/hadoop-hdds-container-service/0.5.0-SNAPSHOT/hadoop-hdds-container-service-0.5.0-SNAPSHOT.jar:/root/.m2/repository/org/apache/hadoop/hadoop-hdds-client/0.5.0-SNAPSHOT/hadoop-hdds-client-0.5.0-SNAPSHOT.jar:/root/.m2/repository/org/apache/hadoop/hadoop-hdds-tools/0.5.0-SNAPSHOT/hadoop-hdds-tools-0.5.0-SNAPSHOT.jar:/root/.m2/repository/org/apache/hadoop/hadoop-ozone-ozone-manager/0.5.0-SNAPSHOT/hadoop-ozone-ozone-manager-0.5.0-SNAPSHOT.jar:/root/.m2/repository/org/apache/hadoop/hadoop-hdds-docs/0.5.0-SNAPSHOT/hadoop-hdds-docs-0.5.0-SNAPSHOT.jar:/root/.m2/repository/org/bouncycastle/bcprov-jdk15on/1.60/bcprov-jdk15on-1.60.jar:/root/.m2/repository/org/apache/hadoop/hadoop-minikdc/3.2.0/hadoop-minikdc-3.2.0.jar:/root/.m2/repository/commons-io/commons-io/2.5/commons-io-2.5.jar:/root/.m2/repository/org/apache/kerby/kerb-simplekdc/1.0.1/kerb-simplekdc-1.0.1.jar:/root/.m2/repository/org/apache/kerby/kerb-client/1.0.1/kerb-client-1.0.1.jar:/root/.m2/repository/org/apache/kerby/kerby-config/1.0.1/kerby-config-1.0.1.jar:/root/.m2/repository/org/apache/kerby/kerb-core/1.0.1/kerb-core-1.0.1.jar:/root/.m2/repository/org/apache/kerby/kerby-pkix/1.0.1/kerby-pkix-1.0.1.jar:/root/.m2/repository/org/apache/kerby/kerby-asn1/1.0.1/kerby-asn1-1.0.1.jar:/root/.m2/repository/org/apache/kerby/kerby-util/1.0.1/kerby-util-1.0.1.jar:/root/.m2/repository/org/apache/kerby/kerb-common/1.0.1/kerb-common-1.0.1.jar:/root/.m2/repository/org/apache/kerby/kerb-crypto/1.0.1/kerb-crypto-1.0.1.jar:/root/.m2/repository/org/apache/kerby/kerb-util/1.0.1/kerb-util-1.0.1.jar:/root/.m2/repository/org/apache/kerby/token-provider/1.0.1/token-provider-1.0.1.jar:/root/.m2/repository/org/apache/kerby/kerb-admin/1.0.1/kerb-admin-1.0.1.jar:/root/.m2/repository/org/apache/kerby/kerb-server/1.0.1/kerb-server-1.0.1.jar:/root/.m2/repository/org/apache/kerby/kerb-identity/1.0.1/kerb-identity-1.0.1.jar:/root/.m2/repository/org/apache/kerby/kerby-xdr/1.0.1/kerby-xdr-1.0.1.jar:/root/.m2/repository/org/slf4j/slf4j-log4j12/1.7.25/slf4j-log4j12-1.7.25.jar:/root/.m2/repository/org/apache/hadoop/hadoop-ozone-objectstore-service/0.5.0-SNAPSHOT/hadoop-ozone-objectstore-service-0.5.0-SNAPSHOT.jar:/root/.m2/repository/org/apache/hadoop/hadoop-ozone-s3gateway/0.5.0-SNAPSHOT/hadoop-ozone-s3gateway-0.5.0-SNAPSHOT.jar:/root/.m2/repository/org/jboss/weld/servlet/weld-servlet/2.4.7.Final/weld-servlet-2.4.7.Final.jar:/root/.m2/repository/org/glassfish/jersey/containers/jersey-container-servlet-core/2.27/jersey-container-servlet-core-2.27.jar:/root/.m2/repository/org/glassfish/hk2/external/javax.inject/2.5.0-b42/javax.inject-2.5.0-b42.jar:/root/.m2/repository/org/glassfish/jersey/core/jersey-common/2.27/jersey-common-2.27.jar:/root/.m2/repository/org/glassfish/hk2/osgi-resource-locator/1.0.1/osgi-resource-locator-1.0.1.jar:/root/.m2/repository/javax/ws/rs/javax.ws.rs-api/2.1/javax.ws.rs-api-2.1.jar:/root/.m2/repository/org/glassfish/jersey/ext/cdi/jersey-cdi1x/2.27/jersey-cdi1x-2.27.jar:/root/.m2/repository/org/glassfish/jersey/inject/jersey-hk2/2.27/jersey-hk2-2.27.jar:/root/.m2/repository/org/glassfish/hk2/hk2-locator/2.5.0-b42/hk2-locator-2.5.0-b42.jar:/root/.m2/repository/org/javassist/javassist/3.22.0-CR2/javassist-3.22.0-CR2.jar:/root/.m2/repository/org/glassfish/hk2/hk2-api/2.5.0/hk2-api-2.5.0.jar:/root/.m2/repository/org/glassfish/hk2/external/jakarta.inject/2.5.0/jakarta.inject-2.5.0.jar:/root/.m2/repository/org/glassfish/hk2/hk2-utils/2.5.0/hk2-utils-2.5.0.jar:/root/.m2/repository/jakarta/annotation/jakarta.annotation-api/1.3.4/jakarta.annotation-api-1.3.4.jar:/root/.m2/repository/org/glassfish/hk2/external/aopalliance-repackaged/2.5.0/aopalliance-repackaged-2.5.0.jar:/root/.m2/repository/com/fasterxml/jackson/dataformat/jackson-dataformat-xml/2.9.0/jackson-dataformat-xml-2.9.0.jar:/root/.m2/repository/com/fasterxml/jackson/core/jackson-core/2.9.5/jackson-core-2.9.5.jar:/root/.m2/repository/com/fasterxml/jackson/module/jackson-module-jaxb-annotations/2.9.5/jackson-module-jaxb-annotations-2.9.5.jar:/root/.m2/repository/javax/enterprise/cdi-api/1.2/cdi-api-1.2.jar:/root/.m2/repository/javax/el/javax.el-api/3.0.0/javax.el-api-3.0.0.jar:/root/.m2/repository/javax/interceptor/javax.interceptor-api/1.2/javax.interceptor-api-1.2.jar:/root/.m2/repository/javax/inject/javax.inject/1/javax.inject-1.jar:/root/.m2/repository/com/sun/xml/bind/jaxb-impl/2.3.0.1/jaxb-impl-2.3.0.1.jar:/root/.m2/repository/com/sun/xml/bind/jaxb-core/2.3.0.1/jaxb-core-2.3.0.1.jar:/root/.m2/repository/javax/xml/bind/jaxb-api/2.3.0/jaxb-api-2.3.0.jar:/root/.m2/repository/javax/activation/activation/1.1.1/activation-1.1.1.jar:/root/.m2/repository/org/apache/hadoop/hadoop-ozone-csi/0.5.0-SNAPSHOT/hadoop-ozone-csi-0.5.0-SNAPSHOT.jar:/root/.m2/repository/com/google/protobuf/protobuf-java-util/3.5.1/protobuf-java-util-3.5.1.jar:/root/.m2/repository/org/apache/hadoop/hadoop-hdds-config/0.5.0-SNAPSHOT/hadoop-hdds-config-0.5.0-SNAPSHOT.jar:/root/.m2/repository/com/google/guava/guava/11.0.2/guava-11.0.2.jar:/root/.m2/repository/com/google/protobuf/protobuf-java/2.5.0/protobuf-java-2.5.0.jar:/root/.m2/repository/io/grpc/grpc-netty/1.17.1/grpc-netty-1.17.1.jar:/root/.m2/repository/io/grpc/grpc-core/1.17.1/grpc-core-1.17.1.jar:/root/.m2/repository/io/grpc/grpc-context/1.17.1/grpc-context-1.17.1.jar:/root/.m2/repository/com/google/errorprone/error_prone_annotations/2.2.0/error_prone_annotations-2.2.0.jar:/root/.m2/repository/org/codehaus/mojo/animal-sniffer-annotations/1.17/animal-sniffer-annotations-1.17.jar:/root/.m2/repository/io/opencensus/opencensus-api/0.17.0/opencensus-api-0.17.0.jar:/root/.m2/repository/io/opencensus/opencensus-contrib-grpc-metrics/0.17.0/opencensus-contrib-grpc-metrics-0.17.0.jar:/root/.m2/repository/io/netty/netty-codec-http2/4.1.30.Final/netty-codec-http2-4.1.30.Final.jar:/root/.m2/repository/io/netty/netty-codec-http/4.1.30.Final/netty-codec-http-4.1.30.Final.jar:/root/.m2/repository/io/netty/netty-codec/4.1.30.Final/netty-codec-4.1.30.Final.jar:/root/.m2/repository/io/netty/netty-handler/4.1.30.Final/netty-handler-4.1.30.Final.jar:/root/.m2/repository/io/netty/netty-handler-proxy/4.1.30.Final/netty-handler-proxy-4.1.30.Final.jar:/root/.m2/repository/io/netty/netty-codec-socks/4.1.30.Final/netty-codec-socks-4.1.30.Final.jar:/root/.m2/repository/io/netty/netty-transport-native-epoll/4.1.30.Final/netty-transport-native-epoll-4.1.30.Final.jar:/root/.m2/repository/io/netty/netty-common/4.1.30.Final/netty-common-4.1.30.Final.jar:/root/.m2/repository/io/netty/netty-buffer/4.1.30.Final/netty-buffer-4.1.30.Final.jar:/root/.m2/repository/io/netty/netty-transport/4.1.30.Final/netty-transport-4.1.30.Final.jar:/root/.m2/repository/io/netty/netty-resolver/4.1.30.Final/netty-resolver-4.1.30.Final.jar:/root/.m2/repository/io/netty/netty-transport-native-unix-common/4.1.30.Final/netty-transport-native-unix-common-4.1.30.Final.jar:/root/.m2/repository/io/grpc/grpc-protobuf/1.17.1/grpc-protobuf-1.17.1.jar:/root/.m2/repository/com/google/api/grpc/proto-google-common-protos/1.0.0/proto-google-common-protos-1.0.0.jar:/root/.m2/repository/io/grpc/grpc-protobuf-lite/1.17.1/grpc-protobuf-lite-1.17.1.jar:/root/.m2/repository/io/grpc/grpc-stub/1.17.1/grpc-stub-1.17.1.jar:/root/.m2/repository/org/apache/hadoop/hadoop-ozone-recon/0.5.0-SNAPSHOT/hadoop-ozone-recon-0.5.0-SNAPSHOT.jar:/root/.m2/repository/org/apache/hadoop/hadoop-ozone-reconcodegen/0.5.0-SNAPSHOT/hadoop-ozone-reconcodegen-0.5.0-SNAPSHOT.jar:/root/.m2/repository/com/google/inject/extensions/guice-multibindings/4.0/guice-multibindings-4.0.jar:/root/.m2/repository/com/google/inject/guice/4.0/guice-4.0.jar:/root/.m2/repository/aopalliance/aopalliance/1.0/aopalliance-1.0.jar:/root/.m2/repository/com/google/inject/extensions/guice-servlet/4.0/guice-servlet-4.0.jar:/root/.m2/repository/org/glassfish/jersey/containers/jersey-container-servlet/2.27/jersey-container-servlet-2.27.jar:/root/.m2/repository/org/glassfish/hk2/guice-bridge/2.5.0/guice-bridge-2.5.0.jar:/root/.m2/repository/org/glassfish/jersey/core/jersey-server/2.27/jersey-server-2.27.jar:/root/.m2/repository/org/glassfish/jersey/core/jersey-client/2.27/jersey-client-2.27.jar:/root/.m2/repository/org/glassfish/jersey/media/jersey-media-jaxb/2.27/jersey-media-jaxb-2.27.jar:/root/.m2/repository/javax/validation/validation-api/1.1.0.Final/validation-api-1.1.0.Final.jar:/root/.m2/repository/org/glassfish/jersey/media/jersey-media-json-jackson/2.27/jersey-media-json-jackson-2.27.jar:/root/.m2/repository/org/glassfish/jersey/ext/jersey-entity-filtering/2.27/jersey-entity-filtering-2.27.jar:/root/.m2/repository/com/google/inject/extensions/guice-assistedinject/4.0/guice-assistedinject-4.0.jar:/root/.m2/repository/org/jooq/jooq/3.11.10/jooq-3.11.10.jar:/root/.m2/repository/org/jooq/jooq-meta/3.11.10/jooq-meta-3.11.10.jar:/root/.m2/repository/org/jooq/jooq-codegen/3.11.10/jooq-codegen-3.11.10.jar:/root/.m2/repository/com/jolbox/bonecp/0.8.0.RELEASE/bonecp-0.8.0.RELEASE.jar:/root/.m2/repository/org/xerial/sqlite-jdbc/3.25.2/sqlite-jdbc-3.25.2.jar:/root/.m2/repository/org/springframework/spring-jdbc/5.1.3.RELEASE/spring-jdbc-5.1.3.RELEASE.jar:/root/.m2/repository/org/springframework/spring-beans/5.1.3.RELEASE/spring-beans-5.1.3.RELEASE.jar:/root/.m2/repository/org/springframework/spring-core/5.1.3.RELEASE/spring-core-5.1.3.RELEASE.jar:/root/.m2/repository/org/springframework/spring-jcl/5.1.3.RELEASE/spring-jcl-5.1.3.RELEASE.jar:/root/.m2/repository/org/springframework/spring-tx/5.1.3.RELEASE/spring-tx-5.1.3.RELEASE.jar:/root/.m2/repository/org/apache/hadoop/hadoop-ozone-client/0.5.0-SNAPSHOT/hadoop-ozone-client-0.5.0-SNAPSHOT.jar:/root/.m2/repository/org/apache/hadoop/hadoop-ozone-ozone-manager/0.5.0-SNAPSHOT/hadoop-ozone-ozone-manager-0.5.0-SNAPSHOT-tests.jar:/root/.m2/repository/junit/junit/4.11/junit-4.11.jar:/root/.m2/repository/org/hamcrest/hamcrest-core/1.3/hamcrest-core-1.3.jar:/root/.m2/repository/org/openjdk/jmh/jmh-core/1.19/jmh-core-1.19.jar:/root/.m2/repository/net/sf/jopt-simple/jopt-simple/4.6/jopt-simple-4.6.jar:/root/.m2/repository/org/apache/commons/commons-math3/3.1.1/commons-math3-3.1.1.jar:/root/.m2/repository/org/openjdk/jmh/jmh-generator-annprocess/1.19/jmh-generator-annprocess-1.19.jar:/root/.m2/repository/org/mockito/mockito-all/1.8.5/mockito-all-1.8.5.jar:/root/.m2/repository/org/apache/hadoop/hadoop-kms/3.2.0/hadoop-kms-3.2.0.jar:/root/.m2/repository/org/apache/hadoop/hadoop-auth/3.2.0/hadoop-auth-3.2.0.jar:/root/.m2/repository/com/nimbusds/nimbus-jose-jwt/4.41.1/nimbus-jose-jwt-4.41.1.jar:/root/.m2/repository/com/github/stephenc/jcip/jcip-annotations/1.0-1/jcip-annotations-1.0-1.jar:/root/.m2/repository/net/minidev/json-smart/2.3/json-smart-2.3.jar:/root/.m2/repository/net/minidev/accessors-smart/1.2/accessors-smart-1.2.jar:/root/.m2/repository/org/ow2/asm/asm/5.0.4/asm-5.0.4.jar:/root/.m2/repository/org/apache/curator/curator-framework/2.12.0/curator-framework-2.12.0.jar:/root/.m2/repository/com/sun/jersey/jersey-core/1.19/jersey-core-1.19.jar:/root/.m2/repository/javax/ws/rs/jsr311-api/1.1.1/jsr311-api-1.1.1.jar:/root/.m2/repository/com/sun/jersey/jersey-server/1.19/jersey-server-1.19.jar:/root/.m2/repository/javax/servlet/javax.servlet-api/3.1.0/javax.servlet-api-3.1.0.jar:/root/.m2/repository/org/eclipse/jetty/jetty-server/9.3.24.v20180605/jetty-server-9.3.24.v20180605.jar:/root/.m2/repository/org/eclipse/jetty/jetty-http/9.3.24.v20180605/jetty-http-9.3.24.v20180605.jar:/root/.m2/repository/org/eclipse/jetty/jetty-io/9.3.24.v20180605/jetty-io-9.3.24.v20180605.jar:/root/.m2/repository/org/eclipse/jetty/jetty-webapp/9.3.24.v20180605/jetty-webapp-9.3.24.v20180605.jar:/root/.m2/repository/org/eclipse/jetty/jetty-xml/9.3.24.v20180605/jetty-xml-9.3.24.v20180605.jar:/root/.m2/repository/log4j/log4j/1.2.17/log4j-1.2.17.jar:/root/.m2/repository/org/slf4j/slf4j-api/1.7.25/slf4j-api-1.7.25.jar:/root/.m2/repository/org/slf4j/jul-to-slf4j/1.7.25/jul-to-slf4j-1.7.25.jar:/root/.m2/repository/org/eclipse/jetty/jetty-util/9.3.24.v20180605/jetty-util-9.3.24.v20180605.jar:/root/.m2/repository/io/dropwizard/metrics/metrics-core/3.2.4/metrics-core-3.2.4.jar:/root/.m2/repository/com/fasterxml/jackson/core/jackson-databind/2.9.5/jackson-databind-2.9.5.jar:/root/.m2/repository/org/apache/hadoop/hadoop-kms/3.2.0/hadoop-kms-3.2.0-tests.jar:/root/.m2/repository/org/apache/hadoop/hadoop-hdds-server-scm/0.5.0-SNAPSHOT/hadoop-hdds-server-scm-0.5.0-SNAPSHOT-tests.jar:/root/.m2/repository/org/hamcrest/hamcrest-all/1.3/hamcrest-all-1.3.jar:/root/.m2/repository/info/picocli/picocli/3.9.6/picocli-3.9.6.jar:/root/.m2/repository/org/apache/hadoop/hadoop-hdds-container-service/0.5.0-SNAPSHOT/hadoop-hdds-container-service-0.5.0-SNAPSHOT-tests.jar:/root/.m2/repository/org/yaml/snakeyaml/1.16/snakeyaml-1.16.jar:/root/.m2/repository/org/apache/hadoop/hadoop-common/3.2.0/hadoop-common-3.2.0-tests.jar:/root/.m2/repository/org/apache/hadoop/hadoop-annotations/3.2.0/hadoop-annotations-3.2.0.jar:/usr/lib/jvm/java-1.8-openjdk/jre/../lib/tools.jar:/root/.m2/repository/commons-cli/commons-cli/1.2/commons-cli-1.2.jar:/root/.m2/repository/org/apache/httpcomponents/httpclient/4.5.2/httpclient-4.5.2.jar:/root/.m2/repository/org/apache/httpcomponents/httpcore/4.4.4/httpcore-4.4.4.jar:/root/.m2/repository/commons-codec/commons-codec/1.11/commons-codec-1.11.jar:/root/.m2/repository/commons-net/commons-net/3.6/commons-net-3.6.jar:/root/.m2/repository/commons-collections/commons-collections/3.2.2/commons-collections-3.2.2.jar:/root/.m2/repository/org/eclipse/jetty/jetty-servlet/9.3.24.v20180605/jetty-servlet-9.3.24.v20180605.jar:/root/.m2/repository/org/eclipse/jetty/jetty-security/9.3.24.v20180605/jetty-security-9.3.24.v20180605.jar:/root/.m2/repository/javax/servlet/jsp/jsp-api/2.1/jsp-api-2.1.jar:/root/.m2/repository/com/sun/jersey/jersey-servlet/1.19/jersey-servlet-1.19.jar:/root/.m2/repository/com/sun/jersey/jersey-json/1.19/jersey-json-1.19.jar:/root/.m2/repository/org/codehaus/jettison/jettison/1.1/jettison-1.1.jar:/root/.m2/repository/org/codehaus/jackson/jackson-core-asl/1.9.13/jackson-core-asl-1.9.13.jar:/root/.m2/repository/org/codehaus/jackson/jackson-mapper-asl/1.9.13/jackson-mapper-asl-1.9.13.jar:/root/.m2/repository/org/codehaus/jackson/jackson-jaxrs/1.9.13/jackson-jaxrs-1.9.13.jar:/root/.m2/repository/org/codehaus/jackson/jackson-xc/1.9.13/jackson-xc-1.9.13.jar:/root/.m2/repository/commons-logging/commons-logging/1.1.3/commons-logging-1.1.3.jar:/root/.m2/repository/commons-beanutils/commons-beanutils/1.9.3/commons-beanutils-1.9.3.jar:/root/.m2/repository/org/apache/commons/commons-configuration2/2.1.1/commons-configuration2-2.1.1.jar:/root/.m2/repository/org/apache/commons/commons-lang3/3.7/commons-lang3-3.7.jar:/root/.m2/repository/org/apache/commons/commons-text/1.4/commons-text-1.4.jar:/root/.m2/repository/org/apache/avro/avro/1.7.7/avro-1.7.7.jar:/root/.m2/repository/com/thoughtworks/paranamer/paranamer/2.3/paranamer-2.3.jar:/root/.m2/repository/org/xerial/snappy/snappy-java/1.0.5/snappy-java-1.0.5.jar:/root/.m2/repository/com/google/re2j/re2j/1.1/re2j-1.1.jar:/root/.m2/repository/com/google/code/gson/gson/2.2.4/gson-2.2.4.jar:/root/.m2/repository/com/jcraft/jsch/0.1.54/jsch-0.1.54.jar:/root/.m2/repository/org/apache/curator/curator-client/2.12.0/curator-client-2.12.0.jar:/root/.m2/repository/org/apache/curator/curator-recipes/2.12.0/curator-recipes-2.12.0.jar:/root/.m2/repository/com/google/code/findbugs/jsr305/3.0.0/jsr305-3.0.0.jar:/root/.m2/repository/org/apache/htrace/htrace-core4/4.1.0-incubating/htrace-core4-4.1.0-incubating.jar:/root/.m2/repository/org/apache/zookeeper/zookeeper/3.4.13/zookeeper-3.4.13.jar:/root/.m2/repository/org/apache/yetus/audience-annotations/0.5.0/audience-annotations-0.5.0.jar:/root/.m2/repository/org/codehaus/woodstox/stax2-api/3.1.4/stax2-api-3.1.4.jar:/root/.m2/repository/com/fasterxml/woodstox/woodstox-core/5.0.3/woodstox-core-5.0.3.jar:/root/.m2/repository/dnsjava/dnsjava/2.1.7/dnsjava-2.1.7.jar:/root/.m2/repository/org/apache/hadoop/hadoop-hdfs/3.2.0/hadoop-hdfs-3.2.0-tests.jar:/root/.m2/repository/org/eclipse/jetty/jetty-util-ajax/9.3.24.v20180605/jetty-util-ajax-9.3.24.v20180605.jar:/root/.m2/repository/commons-daemon/commons-daemon/1.0.13/commons-daemon-1.0.13.jar:/root/.m2/repository/io/netty/netty/3.10.5.Final/netty-3.10.5.Final.jar:/root/.m2/repository/io/netty/netty-all/4.0.52.Final/netty-all-4.0.52.Final.jar:/root/.m2/repository/org/fusesource/leveldbjni/leveldbjni-all/1.8/leveldbjni-all-1.8.jar:"/>
    <property name="sun.cpu.endian" value="little"/>
    <property name="user.home" value="/root"/>
    <property name="user.language" value="en"/>
    <property name="java.specification.vendor" value="Oracle Corporation"/>
    <property name="java.home" value="/usr/lib/jvm/java-1.8-openjdk/jre"/>
    <property name="java.security.krb5.conf" value="/opt/src/hadoop-ozone/integration-test/target/test-classes/krb5.conf"/>
    <property name="basedir" value="/opt/src/hadoop-ozone/integration-test"/>
    <property name="file.separator" value="/"/>
    <property name="line.separator" value="&#10;"/>
    <property name="java.vm.specification.vendor" value="Oracle Corporation"/>
    <property name="java.specification.name" value="Java Platform API Specification"/>
    <property name="java.awt.graphicsenv" value="sun.awt.X11GraphicsEnvironment"/>
    <property name="surefire.real.class.path" value="/opt/src/hadoop-ozone/integration-test/target/surefire/surefirebooter3979241984129693040.jar"/>
    <property name="hadoop.log.dir" value="/opt/src/hadoop-ozone/integration-test/target/log"/>
    <property name="sun.boot.class.path" value="/usr/lib/jvm/java-1.8-openjdk/jre/lib/resources.jar:/usr/lib/jvm/java-1.8-openjdk/jre/lib/rt.jar:/usr/lib/jvm/java-1.8-openjdk/jre/lib/sunrsasign.jar:/usr/lib/jvm/java-1.8-openjdk/jre/lib/jsse.jar:/usr/lib/jvm/java-1.8-openjdk/jre/lib/jce.jar:/usr/lib/jvm/java-1.8-openjdk/jre/lib/charsets.jar:/usr/lib/jvm/java-1.8-openjdk/jre/lib/jfr.jar:/usr/lib/jvm/java-1.8-openjdk/jre/classes"/>
    <property name="sun.management.compiler" value="HotSpot 64-Bit Tiered Compilers"/>
    <property name="java.runtime.version" value="1.8.0_212-b04"/>
    <property name="java.net.preferIPv4Stack" value="true"/>
    <property name="user.name" value="root"/>
    <property name="path.separator" value=":"/>
    <property name="java.security.egd" value="file:///dev/urandom"/>
    <property name="os.version" value="4.15.0-1021-aws"/>
    <property name="java.endorsed.dirs" value="/usr/lib/jvm/java-1.8-openjdk/jre/lib/endorsed"/>
    <property name="java.runtime.name" value="OpenJDK Runtime Environment"/>
    <property name="file.encoding" value="UTF-8"/>
    <property name="java.vm.name" value="OpenJDK 64-Bit Server VM"/>
    <property name="test.build.webapps" value=""/>
    <property name="localRepository" value="/root/.m2/repository"/>
    <property name="java.vendor.url.bug" value="https://icedtea.classpath.org/bugzilla"/>
    <property name="java.io.tmpdir" value="/tmp"/>
    <property name="require.test.libhadoop" value=""/>
    <property name="java.version" value="1.8.0_212"/>
    <property name="user.dir" value="/opt/src/hadoop-ozone/integration-test"/>
    <property name="os.arch" value="amd64"/>
    <property name="java.vm.specification.name" value="Java Virtual Machine Specification"/>
    <property name="test.build.classes" value="/opt/src/hadoop-ozone/integration-test/target/test-classes"/>
    <property name="java.awt.printerjob" value="sun.print.PSPrinterJob"/>
    <property name="sun.os.patch.level" value="unknown"/>
    <property name="hadoop.tmp.dir" value="/opt/src/hadoop-ozone/integration-test/target/tmp"/>
    <property name="java.library.path" value="/usr/lib/jvm/java-1.8-openjdk/jre/lib/amd64/server:/usr/lib/jvm/java-1.8-openjdk/jre/lib/amd64:/usr/lib/jvm/java-1.8-openjdk/jre/../lib/amd64:/opt/src/hadoop-ozone/integration-test/target/native/target/usr/local/lib:/opt/src/hadoop-ozone/integration-test/../../hadoop-common-project/hadoop-common/target/native/target/usr/local/lib:/usr/java/packages/lib/amd64:/usr/lib64:/lib64:/lib:/usr/lib"/>
    <property name="java.vm.info" value="mixed mode"/>
    <property name="java.vendor" value="IcedTea"/>
    <property name="java.vm.version" value="25.212-b04"/>
    <property name="java.ext.dirs" value="/usr/lib/jvm/java-1.8-openjdk/jre/lib/ext:/usr/java/packages/lib/ext"/>
    <property name="sun.io.unicode.encoding" value="UnicodeLittle"/>
    <property name="java.class.version" value="52.0"/>
  </properties>
  <testcase name="testPipelineFail" classname="org.apache.hadoop.hdds.scm.pipeline.TestNodeFailure" time="0">
    <skipped/>
    <system-out><![CDATA[2019-06-12 14:11:47,574 WARN  server.ServerUtils (ServerUtils.java:getScmDbDir(145)) - ozone.scm.db.dirs is not configured. We recommend adding this setting. Falling back to ozone.metadata.dirs instead.
2019-06-12 14:11:47,635 WARN  server.ServerUtils (ServerUtils.java:getScmDbDir(145)) - ozone.scm.db.dirs is not configured. We recommend adding this setting. Falling back to ozone.metadata.dirs instead.
2019-06-12 14:11:47,637 WARN  server.ServerUtils (ServerUtils.java:getScmDbDir(145)) - ozone.scm.db.dirs is not configured. We recommend adding this setting. Falling back to ozone.metadata.dirs instead.
2019-06-12 14:11:47,650 INFO  util.log (Log.java:initialized(192)) - Logging initialized @668ms
2019-06-12 14:11:47,731 INFO  db.DBStoreBuilder (DBStoreBuilder.java:addTable(110)) - using custom profile for table: deletedBlocks
2019-06-12 14:11:47,731 INFO  db.DBStoreBuilder (DBStoreBuilder.java:processTables(161)) - Using default column profile:DBProfile.DISK for Table:deletedBlocks
2019-06-12 14:11:47,731 INFO  db.DBStoreBuilder (DBStoreBuilder.java:addTable(110)) - using custom profile for table: validCerts
2019-06-12 14:11:47,732 INFO  db.DBStoreBuilder (DBStoreBuilder.java:processTables(161)) - Using default column profile:DBProfile.DISK for Table:validCerts
2019-06-12 14:11:47,732 INFO  db.DBStoreBuilder (DBStoreBuilder.java:addTable(110)) - using custom profile for table: revokedCerts
2019-06-12 14:11:47,732 INFO  db.DBStoreBuilder (DBStoreBuilder.java:processTables(161)) - Using default column profile:DBProfile.DISK for Table:revokedCerts
2019-06-12 14:11:47,741 INFO  db.DBStoreBuilder (DBStoreBuilder.java:addTable(110)) - using custom profile for table: default
2019-06-12 14:11:47,742 INFO  db.DBStoreBuilder (DBStoreBuilder.java:processTables(167)) - Using default column profile:DBProfile.DISK for Table:default
2019-06-12 14:11:47,743 INFO  db.DBStoreBuilder (DBStoreBuilder.java:getDbProfile(198)) - Using default options. DBProfile.DISK
2019-06-12 14:11:47,806 INFO  node.SCMNodeManager (SCMNodeManager.java:<init>(108)) - Entering startup safe mode.
2019-06-12 14:11:47,858 INFO  net.NodeSchemaLoader (NodeSchemaLoader.java:loadSchemaFromFile(125)) - Loading file from sun.misc.CompoundEnumeration@443118b0
2019-06-12 14:11:47,859 INFO  net.NodeSchemaLoader (NodeSchemaLoader.java:loadSchema(171)) - Loading network topology layer schema file
2019-06-12 14:11:47,904 WARN  server.ServerUtils (ServerUtils.java:getScmDbDir(145)) - ozone.scm.db.dirs is not configured. We recommend adding this setting. Falling back to ozone.metadata.dirs instead.
2019-06-12 14:11:47,923 INFO  pipeline.SCMPipelineManager (SCMPipelineManager.java:initializePipelineState(126)) - No pipeline exists in current db
2019-06-12 14:11:47,924 WARN  server.ServerUtils (ServerUtils.java:getScmDbDir(145)) - ozone.scm.db.dirs is not configured. We recommend adding this setting. Falling back to ozone.metadata.dirs instead.
2019-06-12 14:11:47,968 WARN  events.EventQueue (EventQueue.java:fireEvent(175)) - No event handler registered for event TypedEvent{payloadType=SafeModeStatus, name='SafeModeStatus'}
2019-06-12 14:11:48,216 INFO  ipc.CallQueueManager (CallQueueManager.java:<init>(84)) - Using callQueue: class java.util.concurrent.LinkedBlockingQueue, queueCapacity: 2000, scheduler: class org.apache.hadoop.ipc.DefaultRpcScheduler, ipcBackoff: false.
2019-06-12 14:11:48,237 INFO  ipc.Server (Server.java:run(1074)) - Starting Socket Reader #1 for port 41331
2019-06-12 14:11:48,254 INFO  ipc.CallQueueManager (CallQueueManager.java:<init>(84)) - Using callQueue: class java.util.concurrent.LinkedBlockingQueue, queueCapacity: 2000, scheduler: class org.apache.hadoop.ipc.DefaultRpcScheduler, ipcBackoff: false.
2019-06-12 14:11:48,254 INFO  ipc.Server (Server.java:run(1074)) - Starting Socket Reader #1 for port 43465
2019-06-12 14:11:48,259 INFO  ipc.CallQueueManager (CallQueueManager.java:<init>(84)) - Using callQueue: class java.util.concurrent.LinkedBlockingQueue, queueCapacity: 2000, scheduler: class org.apache.hadoop.ipc.DefaultRpcScheduler, ipcBackoff: false.
2019-06-12 14:11:48,290 INFO  ipc.Server (Server.java:run(1074)) - Starting Socket Reader #1 for port 36031
2019-06-12 14:11:48,310 INFO  hdfs.DFSUtil (DFSUtil.java:httpServerTemplateForNNAndJN(1641)) - Starting Web-server for scm at: http://0.0.0.0:0
2019-06-12 14:11:48,439 INFO  server.AuthenticationFilter (AuthenticationFilter.java:constructSecretProvider(240)) - Unable to initialize FileSignerSecretProvider, falling back to use random secrets.
2019-06-12 14:11:48,444 WARN  http.HttpRequestLog (HttpRequestLog.java:getRequestLog(97)) - Jetty request log can only be enabled using Log4j
2019-06-12 14:11:48,450 INFO  http.HttpServer2 (HttpServer2.java:addGlobalFilter(975)) - Added global filter 'safety' (class=org.apache.hadoop.http.HttpServer2$QuotingInputFilter)
2019-06-12 14:11:48,453 INFO  http.HttpServer2 (HttpServer2.java:addFilter(948)) - Added filter static_user_filter (class=org.apache.hadoop.http.lib.StaticUserWebFilter$StaticUserFilter) to context scm
2019-06-12 14:11:48,453 INFO  http.HttpServer2 (HttpServer2.java:addFilter(958)) - Added filter static_user_filter (class=org.apache.hadoop.http.lib.StaticUserWebFilter$StaticUserFilter) to context logs
2019-06-12 14:11:48,453 INFO  http.HttpServer2 (HttpServer2.java:addFilter(958)) - Added filter static_user_filter (class=org.apache.hadoop.http.lib.StaticUserWebFilter$StaticUserFilter) to context static
2019-06-12 14:11:48,475 INFO  server.StorageContainerManager (StorageContainerManager.java:start(752)) - StorageContainerLocationProtocol RPC server is listening at /0.0.0.0:36031
2019-06-12 14:11:48,517 WARN  impl.MetricsConfig (MetricsConfig.java:loadFirst(134)) - Cannot locate configuration: tried hadoop-metrics2-storagecontainermanager.properties,hadoop-metrics2.properties
2019-06-12 14:11:48,527 INFO  impl.MetricsSystemImpl (MetricsSystemImpl.java:startTimer(374)) - Scheduled Metric snapshot period at 10 second(s).
2019-06-12 14:11:48,527 INFO  impl.MetricsSystemImpl (MetricsSystemImpl.java:start(191)) - StorageContainerManager metrics system started
2019-06-12 14:11:48,704 INFO  server.SCMClientProtocolServer (SCMClientProtocolServer.java:start(149)) - RPC server for Client  is listening at /0.0.0.0:36031
2019-06-12 14:11:48,704 INFO  ipc.Server (Server.java:run(1314)) - IPC Server Responder: starting
2019-06-12 14:11:48,706 INFO  ipc.Server (Server.java:run(1153)) - IPC Server listener on 36031: starting
2019-06-12 14:11:48,708 INFO  server.StorageContainerManager (StorageContainerManager.java:start(761)) - ScmBlockLocationProtocol RPC server is listening at /0.0.0.0:43465
2019-06-12 14:11:48,709 INFO  server.SCMBlockProtocolServer (SCMBlockProtocolServer.java:start(137)) - RPC server for Block Protocol is listening at /0.0.0.0:43465
2019-06-12 14:11:48,709 INFO  ipc.Server (Server.java:run(1314)) - IPC Server Responder: starting
2019-06-12 14:11:48,709 INFO  ipc.Server (Server.java:run(1153)) - IPC Server listener on 43465: starting
2019-06-12 14:11:48,711 INFO  server.StorageContainerManager (StorageContainerManager.java:start(765)) - ScmDatanodeProtocl RPC server is listening at /0.0.0.0:41331
2019-06-12 14:11:48,711 INFO  server.SCMDatanodeProtocolServer (SCMDatanodeProtocolServer.java:start(191)) - RPC server for DataNodes is listening at /0.0.0.0:41331
2019-06-12 14:11:48,712 INFO  ipc.Server (Server.java:run(1314)) - IPC Server Responder: starting
2019-06-12 14:11:48,712 INFO  ipc.Server (Server.java:run(1153)) - IPC Server listener on 41331: starting
2019-06-12 14:11:48,714 INFO  http.HttpServer2 (HttpServer2.java:bindListener(1191)) - Jetty bound to port 33859
2019-06-12 14:11:48,716 INFO  server.Server (Server.java:doStart(351)) - jetty-9.3.24.v20180605, build timestamp: 2018-06-05T17:11:56Z, git hash: 84205aa28f11a4f31f2a3b86d1bba2cc8ab69827
2019-06-12 14:11:48,754 INFO  handler.ContextHandler (ContextHandler.java:doStart(781)) - Started o.e.j.s.ServletContextHandler@2df6226d{/logs,file:///opt/src/hadoop-ozone/integration-test/target/log,AVAILABLE}
2019-06-12 14:11:48,754 INFO  handler.ContextHandler (ContextHandler.java:doStart(781)) - Started o.e.j.s.ServletContextHandler@4ff4357f{/static,file:///opt/src/hadoop-ozone/integration-test/target/test-classes/webapps/static,AVAILABLE}
2019-06-12 14:11:48,792 INFO  handler.ContextHandler (ContextHandler.java:doStart(781)) - Started o.e.j.w.WebAppContext@2484f433{/,file:///opt/src/hadoop-ozone/integration-test/target/test-classes/webapps/scm/,AVAILABLE}{/scm}
2019-06-12 14:11:48,796 INFO  server.AbstractConnector (AbstractConnector.java:doStart(278)) - Started ServerConnector@841e575{HTTP/1.1,[http/1.1]}{0.0.0.0:33859}
2019-06-12 14:11:48,796 INFO  server.Server (Server.java:doStart(419)) - Started @1814ms
2019-06-12 14:11:48,797 INFO  server.BaseHttpServer (BaseHttpServer.java:updateConnectorAddress(207)) - HTTP server of SCM is listening at http://0.0.0.0:33859
2019-06-12 14:11:48,802 INFO  util.JvmPauseMonitor (JvmPauseMonitor.java:run(188)) - Starting JVM pause monitor
2019-06-12 14:11:48,804 WARN  scm.ScmUtils (ScmUtils.java:getDBPath(63)) - ozone.om.db.dirs is not configured. We recommend adding this setting. Falling back to ozone.metadata.dirs instead.
2019-06-12 14:11:48,900 WARN  scm.ScmUtils (ScmUtils.java:getDBPath(63)) - ozone.om.db.dirs is not configured. We recommend adding this setting. Falling back to ozone.metadata.dirs instead.
2019-06-12 14:11:48,902 INFO  om.OzoneManager (OzoneManager.java:setOMNodeDetails(519)) - OM Service ID is not set. Setting it to the default ID: omServiceIdDefault
2019-06-12 14:11:48,902 INFO  om.OzoneManager (OzoneManager.java:setOMNodeDetails(525)) - OM Node ID is not set. Setting it to the OmStorage's OmID: c5d02818-4eab-48f0-8612-69686f4d7640
2019-06-12 14:11:48,904 WARN  scm.HddsServerUtil (HddsServerUtil.java:getDefaultRatisDirectory(354)) - Storage directory for Ratis is not configured. It is a good idea to map this to an SSD disk. Falling back to ozone.metadata.dirs
2019-06-12 14:11:48,904 WARN  scm.HddsServerUtil (HddsServerUtil.java:getDefaultRatisDirectory(354)) - Storage directory for Ratis is not configured. It is a good idea to map this to an SSD disk. Falling back to ozone.metadata.dirs
2019-06-12 14:11:48,905 INFO  om.OzoneManager (OzoneManager.java:loadOMHAConfigs(476)) - Found matching OM address with OMServiceId: null, OMNodeId: null, RPC Address: localhost:0 and Ratis port: 9872
2019-06-12 14:11:49,089 WARN  scm.ScmUtils (ScmUtils.java:getDBPath(63)) - ozone.om.db.dirs is not configured. We recommend adding this setting. Falling back to ozone.metadata.dirs instead.
2019-06-12 14:11:49,096 INFO  db.DBStoreBuilder (DBStoreBuilder.java:addTable(110)) - using custom profile for table: userTable
2019-06-12 14:11:49,096 INFO  db.DBStoreBuilder (DBStoreBuilder.java:processTables(161)) - Using default column profile:DBProfile.DISK for Table:userTable
2019-06-12 14:11:49,097 INFO  db.DBStoreBuilder (DBStoreBuilder.java:addTable(110)) - using custom profile for table: volumeTable
2019-06-12 14:11:49,097 INFO  db.DBStoreBuilder (DBStoreBuilder.java:processTables(161)) - Using default column profile:DBProfile.DISK for Table:volumeTable
2019-06-12 14:11:49,097 INFO  db.DBStoreBuilder (DBStoreBuilder.java:addTable(110)) - using custom profile for table: bucketTable
2019-06-12 14:11:49,097 INFO  db.DBStoreBuilder (DBStoreBuilder.java:processTables(161)) - Using default column profile:DBProfile.DISK for Table:bucketTable
2019-06-12 14:11:49,098 INFO  db.DBStoreBuilder (DBStoreBuilder.java:addTable(110)) - using custom profile for table: keyTable
2019-06-12 14:11:49,098 INFO  db.DBStoreBuilder (DBStoreBuilder.java:processTables(161)) - Using default column profile:DBProfile.DISK for Table:keyTable
2019-06-12 14:11:49,099 INFO  db.DBStoreBuilder (DBStoreBuilder.java:addTable(110)) - using custom profile for table: deletedTable
2019-06-12 14:11:49,099 INFO  db.DBStoreBuilder (DBStoreBuilder.java:processTables(161)) - Using default column profile:DBProfile.DISK for Table:deletedTable
2019-06-12 14:11:49,099 INFO  db.DBStoreBuilder (DBStoreBuilder.java:addTable(110)) - using custom profile for table: openKeyTable
2019-06-12 14:11:49,099 INFO  db.DBStoreBuilder (DBStoreBuilder.java:processTables(161)) - Using default column profile:DBProfile.DISK for Table:openKeyTable
2019-06-12 14:11:49,099 INFO  db.DBStoreBuilder (DBStoreBuilder.java:addTable(110)) - using custom profile for table: s3Table
2019-06-12 14:11:49,100 INFO  db.DBStoreBuilder (DBStoreBuilder.java:processTables(161)) - Using default column profile:DBProfile.DISK for Table:s3Table
2019-06-12 14:11:49,100 INFO  db.DBStoreBuilder (DBStoreBuilder.java:addTable(110)) - using custom profile for table: multipartInfoTable
2019-06-12 14:11:49,100 INFO  db.DBStoreBuilder (DBStoreBuilder.java:processTables(161)) - Using default column profile:DBProfile.DISK for Table:multipartInfoTable
2019-06-12 14:11:49,100 INFO  db.DBStoreBuilder (DBStoreBuilder.java:addTable(110)) - using custom profile for table: dTokenTable
2019-06-12 14:11:49,100 INFO  db.DBStoreBuilder (DBStoreBuilder.java:processTables(161)) - Using default column profile:DBProfile.DISK for Table:dTokenTable
2019-06-12 14:11:49,101 INFO  db.DBStoreBuilder (DBStoreBuilder.java:addTable(110)) - using custom profile for table: s3SecretTable
2019-06-12 14:11:49,101 INFO  db.DBStoreBuilder (DBStoreBuilder.java:processTables(161)) - Using default column profile:DBProfile.DISK for Table:s3SecretTable
2019-06-12 14:11:49,101 INFO  db.DBStoreBuilder (DBStoreBuilder.java:addTable(110)) - using custom profile for table: prefixTable
2019-06-12 14:11:49,101 INFO  db.DBStoreBuilder (DBStoreBuilder.java:processTables(161)) - Using default column profile:DBProfile.DISK for Table:prefixTable
2019-06-12 14:11:49,101 INFO  db.DBStoreBuilder (DBStoreBuilder.java:addTable(110)) - using custom profile for table: default
2019-06-12 14:11:49,102 INFO  db.DBStoreBuilder (DBStoreBuilder.java:processTables(167)) - Using default column profile:DBProfile.DISK for Table:default
2019-06-12 14:11:49,102 INFO  db.DBStoreBuilder (DBStoreBuilder.java:getDbProfile(198)) - Using default options. DBProfile.DISK
2019-06-12 14:11:49,534 INFO  ipc.CallQueueManager (CallQueueManager.java:<init>(84)) - Using callQueue: class java.util.concurrent.LinkedBlockingQueue, queueCapacity: 2000, scheduler: class org.apache.hadoop.ipc.DefaultRpcScheduler, ipcBackoff: false.
2019-06-12 14:11:49,535 INFO  ipc.Server (Server.java:run(1074)) - Starting Socket Reader #1 for port 43433
2019-06-12 14:11:49,557 WARN  scm.ScmUtils (ScmUtils.java:getDBPath(63)) - ozone.om.db.dirs is not configured. We recommend adding this setting. Falling back to ozone.metadata.dirs instead.
2019-06-12 14:11:49,558 INFO  om.OzoneManager (OzoneManager.java:start(1217)) - OzoneManager RPC server is listening at localhost/127.0.0.1:43433
2019-06-12 14:11:49,558 INFO  impl.MetricsSystemImpl (MetricsSystemImpl.java:init(158)) - OzoneManager metrics system started (again)
2019-06-12 14:11:49,558 INFO  ipc.Server (Server.java:run(1314)) - IPC Server Responder: starting
2019-06-12 14:11:49,559 INFO  ipc.Server (Server.java:run(1153)) - IPC Server listener on 43433: starting
2019-06-12 14:11:49,576 INFO  hdfs.DFSUtil (DFSUtil.java:httpServerTemplateForNNAndJN(1641)) - Starting Web-server for ozoneManager at: http://0.0.0.0:0
2019-06-12 14:11:49,577 INFO  server.AuthenticationFilter (AuthenticationFilter.java:constructSecretProvider(240)) - Unable to initialize FileSignerSecretProvider, falling back to use random secrets.
2019-06-12 14:11:49,577 WARN  http.HttpRequestLog (HttpRequestLog.java:getRequestLog(97)) - Jetty request log can only be enabled using Log4j
2019-06-12 14:11:49,579 INFO  http.HttpServer2 (HttpServer2.java:addGlobalFilter(975)) - Added global filter 'safety' (class=org.apache.hadoop.http.HttpServer2$QuotingInputFilter)
2019-06-12 14:11:49,579 INFO  http.HttpServer2 (HttpServer2.java:addFilter(948)) - Added filter static_user_filter (class=org.apache.hadoop.http.lib.StaticUserWebFilter$StaticUserFilter) to context ozoneManager
2019-06-12 14:11:49,580 INFO  http.HttpServer2 (HttpServer2.java:addFilter(958)) - Added filter static_user_filter (class=org.apache.hadoop.http.lib.StaticUserWebFilter$StaticUserFilter) to context logs
2019-06-12 14:11:49,580 INFO  http.HttpServer2 (HttpServer2.java:addFilter(958)) - Added filter static_user_filter (class=org.apache.hadoop.http.lib.StaticUserWebFilter$StaticUserFilter) to context static
2019-06-12 14:11:49,581 INFO  http.HttpServer2 (HttpServer2.java:bindListener(1191)) - Jetty bound to port 38881
2019-06-12 14:11:49,581 INFO  server.Server (Server.java:doStart(351)) - jetty-9.3.24.v20180605, build timestamp: 2018-06-05T17:11:56Z, git hash: 84205aa28f11a4f31f2a3b86d1bba2cc8ab69827
2019-06-12 14:11:49,587 INFO  handler.ContextHandler (ContextHandler.java:doStart(781)) - Started o.e.j.s.ServletContextHandler@7c2a69b4{/logs,file:///opt/src/hadoop-ozone/integration-test/target/log,AVAILABLE}
2019-06-12 14:11:49,589 INFO  handler.ContextHandler (ContextHandler.java:doStart(781)) - Started o.e.j.s.ServletContextHandler@648ee871{/static,file:///opt/src/hadoop-ozone/integration-test/target/test-classes/webapps/static,AVAILABLE}
2019-06-12 14:11:49,593 INFO  handler.ContextHandler (ContextHandler.java:doStart(781)) - Started o.e.j.w.WebAppContext@6f012914{/,file:///opt/src/hadoop-ozone/integration-test/target/test-classes/webapps/ozoneManager/,AVAILABLE}{/ozoneManager}
2019-06-12 14:11:49,593 INFO  server.AbstractConnector (AbstractConnector.java:doStart(278)) - Started ServerConnector@18fdb6cf{HTTP/1.1,[http/1.1]}{0.0.0.0:38881}
2019-06-12 14:11:49,593 INFO  server.Server (Server.java:doStart(419)) - Started @2611ms
2019-06-12 14:11:49,594 INFO  server.BaseHttpServer (BaseHttpServer.java:updateConnectorAddress(207)) - HTTP server of OZONEMANAGER is listening at http://0.0.0.0:38881
2019-06-12 14:11:49,719 INFO  impl.MetricsSystemImpl (MetricsSystemImpl.java:init(158)) - HddsDatanode metrics system started (again)
2019-06-12 14:11:49,858 INFO  ozone.HddsDatanodeService (HddsDatanodeService.java:start(185)) - HddsDatanodeService host:ozone-vl7jm-4166937383 ip:192.168.134.127
2019-06-12 14:11:49,887 INFO  volume.HddsVolume (HddsVolume.java:<init>(176)) - Creating Volume: /opt/src/hadoop-ozone/integration-test/target/test-dir/MiniOzoneClusterImpl-eb82d619-8dbe-4f21-9f65-1a5d56774ee4/datanode-0/data/containers/hdds of  storage type : DISK and capacity : 104021790720
2019-06-12 14:11:49,888 INFO  volume.VolumeSet (VolumeSet.java:initializeVolumeSet(170)) - Added Volume : /opt/src/hadoop-ozone/integration-test/target/test-dir/MiniOzoneClusterImpl-eb82d619-8dbe-4f21-9f65-1a5d56774ee4/datanode-0/data/containers/hdds to VolumeSet
2019-06-12 14:11:49,891 INFO  volume.ThrottledAsyncChecker (ThrottledAsyncChecker.java:schedule(140)) - Scheduling a check for org.apache.hadoop.ozone.container.common.volume.HddsVolume@4a6c18ad
2019-06-12 14:11:49,903 INFO  volume.HddsVolumeChecker (HddsVolumeChecker.java:checkAllVolumes(203)) - Scheduled health check for volume org.apache.hadoop.ozone.container.common.volume.HddsVolume@4a6c18ad
2019-06-12 14:11:49,936 INFO  ratis.XceiverServerRatis (XceiverServerRatis.java:newXceiverServerRatis(401)) - Found a free port for the server : 45649
2019-06-12 14:11:49,984 INFO  impl.RaftServerProxy (ConfUtils.java:logGet(43)) - raft.rpc.type = GRPC (default)
2019-06-12 14:11:49,993 INFO  grpc.GrpcConfigKeys$Server (ConfUtils.java:logGet(43)) - raft.grpc.server.port = 45649 (custom)
2019-06-12 14:11:49,993 INFO  server.GrpcService (ConfUtils.java:logGet(43)) - raft.grpc.message.size.max = 33570816 (custom)
2019-06-12 14:11:49,994 INFO  server.RaftServerConfigKeys (ConfUtils.java:logGet(43)) - raft.server.log.appender.buffer.byte-limit = 33554432 (custom)
2019-06-12 14:11:49,995 INFO  server.GrpcService (ConfUtils.java:logGet(43)) - raft.grpc.flow.control.window = 1MB (=1048576) (default)
2019-06-12 14:11:49,996 INFO  server.RaftServerConfigKeys (ConfUtils.java:logGet(43)) - raft.server.rpc.request.timeout = 3000ms (default)
2019-06-12 14:11:50,104 INFO  server.RaftServerConfigKeys (ConfUtils.java:logGet(43)) - raft.server.storage.dir = [/opt/src/hadoop-ozone/integration-test/target/test-dir/MiniOzoneClusterImpl-eb82d619-8dbe-4f21-9f65-1a5d56774ee4/datanode-0/data/ratis] (custom)
2019-06-12 14:11:50,110 INFO  server.XceiverServerGrpc (XceiverServerGrpc.java:<init>(97)) - Found a free port for the server : 42311
2019-06-12 14:11:50,133 INFO  replication.SimpleContainerDownloader (SimpleContainerDownloader.java:<init>(72)) - Starting container downloader service to copy containers to replicate.
2019-06-12 14:11:50,142 INFO  hdfs.DFSUtil (DFSUtil.java:httpServerTemplateForNNAndJN(1641)) - Starting Web-server for hddsDatanode at: http://0.0.0.0:0
2019-06-12 14:11:50,143 INFO  server.AuthenticationFilter (AuthenticationFilter.java:constructSecretProvider(240)) - Unable to initialize FileSignerSecretProvider, falling back to use random secrets.
2019-06-12 14:11:50,143 WARN  http.HttpRequestLog (HttpRequestLog.java:getRequestLog(97)) - Jetty request log can only be enabled using Log4j
2019-06-12 14:11:50,145 INFO  http.HttpServer2 (HttpServer2.java:addGlobalFilter(975)) - Added global filter 'safety' (class=org.apache.hadoop.http.HttpServer2$QuotingInputFilter)
2019-06-12 14:11:50,145 INFO  http.HttpServer2 (HttpServer2.java:addFilter(948)) - Added filter static_user_filter (class=org.apache.hadoop.http.lib.StaticUserWebFilter$StaticUserFilter) to context hddsDatanode
2019-06-12 14:11:50,145 INFO  http.HttpServer2 (HttpServer2.java:addFilter(958)) - Added filter static_user_filter (class=org.apache.hadoop.http.lib.StaticUserWebFilter$StaticUserFilter) to context logs
2019-06-12 14:11:50,146 INFO  http.HttpServer2 (HttpServer2.java:addFilter(958)) - Added filter static_user_filter (class=org.apache.hadoop.http.lib.StaticUserWebFilter$StaticUserFilter) to context static
2019-06-12 14:11:50,146 INFO  http.HttpServer2 (HttpServer2.java:bindListener(1191)) - Jetty bound to port 40535
2019-06-12 14:11:50,147 INFO  server.Server (Server.java:doStart(351)) - jetty-9.3.24.v20180605, build timestamp: 2018-06-05T17:11:56Z, git hash: 84205aa28f11a4f31f2a3b86d1bba2cc8ab69827
2019-06-12 14:11:50,148 INFO  handler.ContextHandler (ContextHandler.java:doStart(781)) - Started o.e.j.s.ServletContextHandler@2e51d054{/logs,file:///opt/src/hadoop-ozone/integration-test/target/log,AVAILABLE}
2019-06-12 14:11:50,149 INFO  handler.ContextHandler (ContextHandler.java:doStart(781)) - Started o.e.j.s.ServletContextHandler@615e3f51{/static,jar:file:/root/.m2/repository/org/apache/hadoop/hadoop-hdds-container-service/0.5.0-SNAPSHOT/hadoop-hdds-container-service-0.5.0-SNAPSHOT.jar!/webapps/static,AVAILABLE}
2019-06-12 14:11:50,172 INFO  handler.ContextHandler (ContextHandler.java:doStart(781)) - Started o.e.j.w.WebAppContext@5e1fc2aa{/,file:///tmp/jetty-0.0.0.0-40535-hddsDatanode-_-any-6793348422846974209.dir/webapp/,AVAILABLE}{/hddsDatanode}
2019-06-12 14:11:50,172 INFO  server.AbstractConnector (AbstractConnector.java:doStart(278)) - Started ServerConnector@688d411b{HTTP/1.1,[http/1.1]}{0.0.0.0:40535}
2019-06-12 14:11:50,173 INFO  server.Server (Server.java:doStart(419)) - Started @3190ms
2019-06-12 14:11:50,173 INFO  server.BaseHttpServer (BaseHttpServer.java:updateConnectorAddress(207)) - HTTP server of HDDSDATANODE is listening at http://0.0.0.0:40535
2019-06-12 14:11:51,016 INFO  ozone.HddsDatanodeService (HddsDatanodeService.java:startPlugins(396)) - Started plug-in org.apache.hadoop.ozone.web.OzoneHddsDatanodeService@30bf26df
2019-06-12 14:11:51,017 INFO  impl.MetricsSystemImpl (MetricsSystemImpl.java:init(158)) - HddsDatanode metrics system started (again)
2019-06-12 14:11:51,018 INFO  ozone.HddsDatanodeService (HddsDatanodeService.java:start(185)) - HddsDatanodeService host:ozone-vl7jm-4166937383 ip:192.168.134.127
2019-06-12 14:11:51,034 INFO  util.JvmPauseMonitor (JvmPauseMonitor.java:run(188)) - Starting JVM pause monitor
2019-06-12 14:11:51,036 INFO  volume.HddsVolume (HddsVolume.java:<init>(176)) - Creating Volume: /opt/src/hadoop-ozone/integration-test/target/test-dir/MiniOzoneClusterImpl-eb82d619-8dbe-4f21-9f65-1a5d56774ee4/datanode-1/data/containers/hdds of  storage type : DISK and capacity : 104021790720
2019-06-12 14:11:51,037 INFO  volume.VolumeSet (VolumeSet.java:initializeVolumeSet(170)) - Added Volume : /opt/src/hadoop-ozone/integration-test/target/test-dir/MiniOzoneClusterImpl-eb82d619-8dbe-4f21-9f65-1a5d56774ee4/datanode-1/data/containers/hdds to VolumeSet
2019-06-12 14:11:51,037 INFO  volume.ThrottledAsyncChecker (ThrottledAsyncChecker.java:schedule(140)) - Scheduling a check for org.apache.hadoop.ozone.container.common.volume.HddsVolume@f171912
2019-06-12 14:11:51,041 INFO  volume.HddsVolumeChecker (HddsVolumeChecker.java:checkAllVolumes(203)) - Scheduled health check for volume org.apache.hadoop.ozone.container.common.volume.HddsVolume@f171912
2019-06-12 14:11:51,061 INFO  ratis.XceiverServerRatis (XceiverServerRatis.java:newXceiverServerRatis(401)) - Found a free port for the server : 32849
2019-06-12 14:11:51,062 INFO  impl.RaftServerProxy (ConfUtils.java:logGet(43)) - raft.rpc.type = GRPC (default)
2019-06-12 14:11:51,062 INFO  grpc.GrpcConfigKeys$Server (ConfUtils.java:logGet(43)) - raft.grpc.server.port = 32849 (custom)
2019-06-12 14:11:51,063 INFO  server.GrpcService (ConfUtils.java:logGet(43)) - raft.grpc.message.size.max = 33570816 (custom)
2019-06-12 14:11:51,063 INFO  server.RaftServerConfigKeys (ConfUtils.java:logGet(43)) - raft.server.log.appender.buffer.byte-limit = 33554432 (custom)
2019-06-12 14:11:51,063 INFO  server.GrpcService (ConfUtils.java:logGet(43)) - raft.grpc.flow.control.window = 1MB (=1048576) (default)
2019-06-12 14:11:51,064 INFO  server.RaftServerConfigKeys (ConfUtils.java:logGet(43)) - raft.server.rpc.request.timeout = 3000ms (default)
2019-06-12 14:11:51,064 INFO  server.RaftServerConfigKeys (ConfUtils.java:logGet(43)) - raft.server.storage.dir = [/opt/src/hadoop-ozone/integration-test/target/test-dir/MiniOzoneClusterImpl-eb82d619-8dbe-4f21-9f65-1a5d56774ee4/datanode-1/data/ratis] (custom)
2019-06-12 14:11:51,064 INFO  server.XceiverServerGrpc (XceiverServerGrpc.java:<init>(97)) - Found a free port for the server : 37833
2019-06-12 14:11:51,065 INFO  replication.SimpleContainerDownloader (SimpleContainerDownloader.java:<init>(72)) - Starting container downloader service to copy containers to replicate.
2019-06-12 14:11:51,067 INFO  hdfs.DFSUtil (DFSUtil.java:httpServerTemplateForNNAndJN(1641)) - Starting Web-server for hddsDatanode at: http://0.0.0.0:0
2019-06-12 14:11:51,068 INFO  server.AuthenticationFilter (AuthenticationFilter.java:constructSecretProvider(240)) - Unable to initialize FileSignerSecretProvider, falling back to use random secrets.
2019-06-12 14:11:51,069 WARN  http.HttpRequestLog (HttpRequestLog.java:getRequestLog(97)) - Jetty request log can only be enabled using Log4j
2019-06-12 14:11:51,070 INFO  http.HttpServer2 (HttpServer2.java:addGlobalFilter(975)) - Added global filter 'safety' (class=org.apache.hadoop.http.HttpServer2$QuotingInputFilter)
2019-06-12 14:11:51,070 INFO  http.HttpServer2 (HttpServer2.java:addFilter(948)) - Added filter static_user_filter (class=org.apache.hadoop.http.lib.StaticUserWebFilter$StaticUserFilter) to context hddsDatanode
2019-06-12 14:11:51,070 INFO  http.HttpServer2 (HttpServer2.java:addFilter(958)) - Added filter static_user_filter (class=org.apache.hadoop.http.lib.StaticUserWebFilter$StaticUserFilter) to context logs
2019-06-12 14:11:51,071 INFO  http.HttpServer2 (HttpServer2.java:addFilter(958)) - Added filter static_user_filter (class=org.apache.hadoop.http.lib.StaticUserWebFilter$StaticUserFilter) to context static
2019-06-12 14:11:51,071 INFO  http.HttpServer2 (HttpServer2.java:bindListener(1191)) - Jetty bound to port 34533
2019-06-12 14:11:51,071 INFO  server.Server (Server.java:doStart(351)) - jetty-9.3.24.v20180605, build timestamp: 2018-06-05T17:11:56Z, git hash: 84205aa28f11a4f31f2a3b86d1bba2cc8ab69827
2019-06-12 14:11:51,075 INFO  handler.ContextHandler (ContextHandler.java:doStart(781)) - Started o.e.j.s.ServletContextHandler@18b6d3c1{/logs,file:///opt/src/hadoop-ozone/integration-test/target/log,AVAILABLE}
2019-06-12 14:11:51,076 INFO  handler.ContextHandler (ContextHandler.java:doStart(781)) - Started o.e.j.s.ServletContextHandler@3fe512d2{/static,jar:file:/root/.m2/repository/org/apache/hadoop/hadoop-hdds-container-service/0.5.0-SNAPSHOT/hadoop-hdds-container-service-0.5.0-SNAPSHOT.jar!/webapps/static,AVAILABLE}
2019-06-12 14:11:51,105 INFO  handler.ContextHandler (ContextHandler.java:doStart(781)) - Started o.e.j.w.WebAppContext@e7b265e{/,file:///tmp/jetty-0.0.0.0-34533-hddsDatanode-_-any-6028614589421151503.dir/webapp/,AVAILABLE}{/hddsDatanode}
2019-06-12 14:11:51,107 INFO  server.AbstractConnector (AbstractConnector.java:doStart(278)) - Started ServerConnector@51da32e5{HTTP/1.1,[http/1.1]}{0.0.0.0:34533}
2019-06-12 14:11:51,107 INFO  server.Server (Server.java:doStart(419)) - Started @4125ms
2019-06-12 14:11:51,108 INFO  server.BaseHttpServer (BaseHttpServer.java:updateConnectorAddress(207)) - HTTP server of HDDSDATANODE is listening at http://0.0.0.0:34533
2019-06-12 14:11:51,131 INFO  datanode.InitDatanodeState (InitDatanodeState.java:persistContainerDatanodeDetails(140)) - DatanodeDetails is persisted to /opt/src/hadoop-ozone/integration-test/target/test-dir/MiniOzoneClusterImpl-eb82d619-8dbe-4f21-9f65-1a5d56774ee4/datanode-0/meta/datanode.id
2019-06-12 14:11:51,235 INFO  ozone.HddsDatanodeService (HddsDatanodeService.java:startPlugins(396)) - Started plug-in org.apache.hadoop.ozone.web.OzoneHddsDatanodeService@1d6751e3
2019-06-12 14:11:51,236 INFO  impl.MetricsSystemImpl (MetricsSystemImpl.java:init(158)) - HddsDatanode metrics system started (again)
2019-06-12 14:11:51,236 INFO  ozone.HddsDatanodeService (HddsDatanodeService.java:start(185)) - HddsDatanodeService host:ozone-vl7jm-4166937383 ip:192.168.134.127
2019-06-12 14:11:51,251 INFO  util.JvmPauseMonitor (JvmPauseMonitor.java:run(188)) - Starting JVM pause monitor
2019-06-12 14:11:51,255 INFO  volume.HddsVolume (HddsVolume.java:<init>(176)) - Creating Volume: /opt/src/hadoop-ozone/integration-test/target/test-dir/MiniOzoneClusterImpl-eb82d619-8dbe-4f21-9f65-1a5d56774ee4/datanode-2/data/containers/hdds of  storage type : DISK and capacity : 104021790720
2019-06-12 14:11:51,258 INFO  volume.VolumeSet (VolumeSet.java:initializeVolumeSet(170)) - Added Volume : /opt/src/hadoop-ozone/integration-test/target/test-dir/MiniOzoneClusterImpl-eb82d619-8dbe-4f21-9f65-1a5d56774ee4/datanode-2/data/containers/hdds to VolumeSet
2019-06-12 14:11:51,258 INFO  volume.ThrottledAsyncChecker (ThrottledAsyncChecker.java:schedule(140)) - Scheduling a check for org.apache.hadoop.ozone.container.common.volume.HddsVolume@2e7af36e
2019-06-12 14:11:51,258 INFO  datanode.InitDatanodeState (InitDatanodeState.java:persistContainerDatanodeDetails(140)) - DatanodeDetails is persisted to /opt/src/hadoop-ozone/integration-test/target/test-dir/MiniOzoneClusterImpl-eb82d619-8dbe-4f21-9f65-1a5d56774ee4/datanode-1/meta/datanode.id
2019-06-12 14:11:51,262 INFO  volume.HddsVolumeChecker (HddsVolumeChecker.java:checkAllVolumes(203)) - Scheduled health check for volume org.apache.hadoop.ozone.container.common.volume.HddsVolume@2e7af36e
2019-06-12 14:11:51,274 INFO  ratis.XceiverServerRatis (XceiverServerRatis.java:newXceiverServerRatis(401)) - Found a free port for the server : 37779
2019-06-12 14:11:51,275 INFO  impl.RaftServerProxy (ConfUtils.java:logGet(43)) - raft.rpc.type = GRPC (default)
2019-06-12 14:11:51,275 INFO  grpc.GrpcConfigKeys$Server (ConfUtils.java:logGet(43)) - raft.grpc.server.port = 37779 (custom)
2019-06-12 14:11:51,276 INFO  server.GrpcService (ConfUtils.java:logGet(43)) - raft.grpc.message.size.max = 33570816 (custom)
2019-06-12 14:11:51,276 INFO  server.RaftServerConfigKeys (ConfUtils.java:logGet(43)) - raft.server.log.appender.buffer.byte-limit = 33554432 (custom)
2019-06-12 14:11:51,276 INFO  server.GrpcService (ConfUtils.java:logGet(43)) - raft.grpc.flow.control.window = 1MB (=1048576) (default)
2019-06-12 14:11:51,276 INFO  server.RaftServerConfigKeys (ConfUtils.java:logGet(43)) - raft.server.rpc.request.timeout = 3000ms (default)
2019-06-12 14:11:51,277 INFO  server.RaftServerConfigKeys (ConfUtils.java:logGet(43)) - raft.server.storage.dir = [/opt/src/hadoop-ozone/integration-test/target/test-dir/MiniOzoneClusterImpl-eb82d619-8dbe-4f21-9f65-1a5d56774ee4/datanode-2/data/ratis] (custom)
2019-06-12 14:11:51,277 INFO  server.XceiverServerGrpc (XceiverServerGrpc.java:<init>(97)) - Found a free port for the server : 37757
2019-06-12 14:11:51,278 INFO  replication.SimpleContainerDownloader (SimpleContainerDownloader.java:<init>(72)) - Starting container downloader service to copy containers to replicate.
2019-06-12 14:11:51,279 INFO  hdfs.DFSUtil (DFSUtil.java:httpServerTemplateForNNAndJN(1641)) - Starting Web-server for hddsDatanode at: http://0.0.0.0:0
2019-06-12 14:11:51,280 INFO  server.AuthenticationFilter (AuthenticationFilter.java:constructSecretProvider(240)) - Unable to initialize FileSignerSecretProvider, falling back to use random secrets.
2019-06-12 14:11:51,280 WARN  http.HttpRequestLog (HttpRequestLog.java:getRequestLog(97)) - Jetty request log can only be enabled using Log4j
2019-06-12 14:11:51,281 INFO  http.HttpServer2 (HttpServer2.java:addGlobalFilter(975)) - Added global filter 'safety' (class=org.apache.hadoop.http.HttpServer2$QuotingInputFilter)
2019-06-12 14:11:51,282 INFO  http.HttpServer2 (HttpServer2.java:addFilter(948)) - Added filter static_user_filter (class=org.apache.hadoop.http.lib.StaticUserWebFilter$StaticUserFilter) to context hddsDatanode
2019-06-12 14:11:51,282 INFO  http.HttpServer2 (HttpServer2.java:addFilter(958)) - Added filter static_user_filter (class=org.apache.hadoop.http.lib.StaticUserWebFilter$StaticUserFilter) to context static
2019-06-12 14:11:51,282 INFO  http.HttpServer2 (HttpServer2.java:addFilter(958)) - Added filter static_user_filter (class=org.apache.hadoop.http.lib.StaticUserWebFilter$StaticUserFilter) to context logs
2019-06-12 14:11:51,283 INFO  http.HttpServer2 (HttpServer2.java:bindListener(1191)) - Jetty bound to port 44631
2019-06-12 14:11:51,283 INFO  server.Server (Server.java:doStart(351)) - jetty-9.3.24.v20180605, build timestamp: 2018-06-05T17:11:56Z, git hash: 84205aa28f11a4f31f2a3b86d1bba2cc8ab69827
2019-06-12 14:11:51,287 INFO  handler.ContextHandler (ContextHandler.java:doStart(781)) - Started o.e.j.s.ServletContextHandler@674da77b{/logs,file:///opt/src/hadoop-ozone/integration-test/target/log,AVAILABLE}
2019-06-12 14:11:51,287 INFO  handler.ContextHandler (ContextHandler.java:doStart(781)) - Started o.e.j.s.ServletContextHandler@6010d0d1{/static,jar:file:/root/.m2/repository/org/apache/hadoop/hadoop-hdds-container-service/0.5.0-SNAPSHOT/hadoop-hdds-container-service-0.5.0-SNAPSHOT.jar!/webapps/static,AVAILABLE}
2019-06-12 14:11:51,315 INFO  handler.ContextHandler (ContextHandler.java:doStart(781)) - Started o.e.j.w.WebAppContext@624b523{/,file:///tmp/jetty-0.0.0.0-44631-hddsDatanode-_-any-1356394798666360813.dir/webapp/,AVAILABLE}{/hddsDatanode}
2019-06-12 14:11:51,316 INFO  server.AbstractConnector (AbstractConnector.java:doStart(278)) - Started ServerConnector@50b46e24{HTTP/1.1,[http/1.1]}{0.0.0.0:44631}
2019-06-12 14:11:51,316 INFO  server.Server (Server.java:doStart(419)) - Started @4334ms
2019-06-12 14:11:51,317 INFO  server.BaseHttpServer (BaseHttpServer.java:updateConnectorAddress(207)) - HTTP server of HDDSDATANODE is listening at http://0.0.0.0:44631
2019-06-12 14:11:51,472 INFO  ozone.HddsDatanodeService (HddsDatanodeService.java:startPlugins(396)) - Started plug-in org.apache.hadoop.ozone.web.OzoneHddsDatanodeService@662be9f7
2019-06-12 14:11:51,472 INFO  impl.MetricsSystemImpl (MetricsSystemImpl.java:init(158)) - HddsDatanode metrics system started (again)
2019-06-12 14:11:51,472 INFO  ozone.HddsDatanodeService (HddsDatanodeService.java:start(185)) - HddsDatanodeService host:ozone-vl7jm-4166937383 ip:192.168.134.127
2019-06-12 14:11:51,478 INFO  util.JvmPauseMonitor (JvmPauseMonitor.java:run(188)) - Starting JVM pause monitor
2019-06-12 14:11:51,488 INFO  volume.HddsVolume (HddsVolume.java:<init>(176)) - Creating Volume: /opt/src/hadoop-ozone/integration-test/target/test-dir/MiniOzoneClusterImpl-eb82d619-8dbe-4f21-9f65-1a5d56774ee4/datanode-3/data/containers/hdds of  storage type : DISK and capacity : 104021790720
2019-06-12 14:11:51,488 INFO  volume.VolumeSet (VolumeSet.java:initializeVolumeSet(170)) - Added Volume : /opt/src/hadoop-ozone/integration-test/target/test-dir/MiniOzoneClusterImpl-eb82d619-8dbe-4f21-9f65-1a5d56774ee4/datanode-3/data/containers/hdds to VolumeSet
2019-06-12 14:11:51,488 INFO  volume.ThrottledAsyncChecker (ThrottledAsyncChecker.java:schedule(140)) - Scheduling a check for org.apache.hadoop.ozone.container.common.volume.HddsVolume@2f9dda71
2019-06-12 14:11:51,489 INFO  datanode.InitDatanodeState (InitDatanodeState.java:persistContainerDatanodeDetails(140)) - DatanodeDetails is persisted to /opt/src/hadoop-ozone/integration-test/target/test-dir/MiniOzoneClusterImpl-eb82d619-8dbe-4f21-9f65-1a5d56774ee4/datanode-2/meta/datanode.id
2019-06-12 14:11:51,490 INFO  volume.HddsVolumeChecker (HddsVolumeChecker.java:checkAllVolumes(203)) - Scheduled health check for volume org.apache.hadoop.ozone.container.common.volume.HddsVolume@2f9dda71
2019-06-12 14:11:51,503 INFO  ratis.XceiverServerRatis (XceiverServerRatis.java:newXceiverServerRatis(401)) - Found a free port for the server : 44277
2019-06-12 14:11:51,504 INFO  impl.RaftServerProxy (ConfUtils.java:logGet(43)) - raft.rpc.type = GRPC (default)
2019-06-12 14:11:51,505 INFO  grpc.GrpcConfigKeys$Server (ConfUtils.java:logGet(43)) - raft.grpc.server.port = 44277 (custom)
2019-06-12 14:11:51,505 INFO  server.GrpcService (ConfUtils.java:logGet(43)) - raft.grpc.message.size.max = 33570816 (custom)
2019-06-12 14:11:51,505 INFO  server.RaftServerConfigKeys (ConfUtils.java:logGet(43)) - raft.server.log.appender.buffer.byte-limit = 33554432 (custom)
2019-06-12 14:11:51,506 INFO  server.GrpcService (ConfUtils.java:logGet(43)) - raft.grpc.flow.control.window = 1MB (=1048576) (default)
2019-06-12 14:11:51,506 INFO  server.RaftServerConfigKeys (ConfUtils.java:logGet(43)) - raft.server.rpc.request.timeout = 3000ms (default)
2019-06-12 14:11:51,506 INFO  server.RaftServerConfigKeys (ConfUtils.java:logGet(43)) - raft.server.storage.dir = [/opt/src/hadoop-ozone/integration-test/target/test-dir/MiniOzoneClusterImpl-eb82d619-8dbe-4f21-9f65-1a5d56774ee4/datanode-3/data/ratis] (custom)
2019-06-12 14:11:51,507 INFO  server.XceiverServerGrpc (XceiverServerGrpc.java:<init>(97)) - Found a free port for the server : 46153
2019-06-12 14:11:51,507 INFO  replication.SimpleContainerDownloader (SimpleContainerDownloader.java:<init>(72)) - Starting container downloader service to copy containers to replicate.
2019-06-12 14:11:51,508 INFO  hdfs.DFSUtil (DFSUtil.java:httpServerTemplateForNNAndJN(1641)) - Starting Web-server for hddsDatanode at: http://0.0.0.0:0
2019-06-12 14:11:51,509 INFO  server.AuthenticationFilter (AuthenticationFilter.java:constructSecretProvider(240)) - Unable to initialize FileSignerSecretProvider, falling back to use random secrets.
2019-06-12 14:11:51,510 WARN  http.HttpRequestLog (HttpRequestLog.java:getRequestLog(97)) - Jetty request log can only be enabled using Log4j
2019-06-12 14:11:51,511 INFO  http.HttpServer2 (HttpServer2.java:addGlobalFilter(975)) - Added global filter 'safety' (class=org.apache.hadoop.http.HttpServer2$QuotingInputFilter)
2019-06-12 14:11:51,512 INFO  http.HttpServer2 (HttpServer2.java:addFilter(948)) - Added filter static_user_filter (class=org.apache.hadoop.http.lib.StaticUserWebFilter$StaticUserFilter) to context hddsDatanode
2019-06-12 14:11:51,512 INFO  http.HttpServer2 (HttpServer2.java:addFilter(958)) - Added filter static_user_filter (class=org.apache.hadoop.http.lib.StaticUserWebFilter$StaticUserFilter) to context static
2019-06-12 14:11:51,512 INFO  http.HttpServer2 (HttpServer2.java:addFilter(958)) - Added filter static_user_filter (class=org.apache.hadoop.http.lib.StaticUserWebFilter$StaticUserFilter) to context logs
2019-06-12 14:11:51,513 INFO  http.HttpServer2 (HttpServer2.java:bindListener(1191)) - Jetty bound to port 38099
2019-06-12 14:11:51,513 INFO  server.Server (Server.java:doStart(351)) - jetty-9.3.24.v20180605, build timestamp: 2018-06-05T17:11:56Z, git hash: 84205aa28f11a4f31f2a3b86d1bba2cc8ab69827
2019-06-12 14:11:51,515 INFO  handler.ContextHandler (ContextHandler.java:doStart(781)) - Started o.e.j.s.ServletContextHandler@1f15e689{/logs,file:///opt/src/hadoop-ozone/integration-test/target/log,AVAILABLE}
2019-06-12 14:11:51,516 INFO  handler.ContextHandler (ContextHandler.java:doStart(781)) - Started o.e.j.s.ServletContextHandler@3ebc955b{/static,jar:file:/root/.m2/repository/org/apache/hadoop/hadoop-hdds-container-service/0.5.0-SNAPSHOT/hadoop-hdds-container-service-0.5.0-SNAPSHOT.jar!/webapps/static,AVAILABLE}
2019-06-12 14:11:51,544 INFO  handler.ContextHandler (ContextHandler.java:doStart(781)) - Started o.e.j.w.WebAppContext@9fe720a{/,file:///tmp/jetty-0.0.0.0-38099-hddsDatanode-_-any-1749080775129098648.dir/webapp/,AVAILABLE}{/hddsDatanode}
2019-06-12 14:11:51,545 INFO  server.AbstractConnector (AbstractConnector.java:doStart(278)) - Started ServerConnector@149274cb{HTTP/1.1,[http/1.1]}{0.0.0.0:38099}
2019-06-12 14:11:51,546 INFO  server.Server (Server.java:doStart(419)) - Started @4564ms
2019-06-12 14:11:51,547 INFO  server.BaseHttpServer (BaseHttpServer.java:updateConnectorAddress(207)) - HTTP server of HDDSDATANODE is listening at http://0.0.0.0:38099
2019-06-12 14:11:51,665 INFO  ozone.HddsDatanodeService (HddsDatanodeService.java:startPlugins(396)) - Started plug-in org.apache.hadoop.ozone.web.OzoneHddsDatanodeService@7aded903
2019-06-12 14:11:51,665 INFO  impl.MetricsSystemImpl (MetricsSystemImpl.java:init(158)) - HddsDatanode metrics system started (again)
2019-06-12 14:11:51,666 INFO  ozone.HddsDatanodeService (HddsDatanodeService.java:start(185)) - HddsDatanodeService host:ozone-vl7jm-4166937383 ip:192.168.134.127
2019-06-12 14:11:51,673 INFO  util.JvmPauseMonitor (JvmPauseMonitor.java:run(188)) - Starting JVM pause monitor
2019-06-12 14:11:51,678 INFO  datanode.InitDatanodeState (InitDatanodeState.java:persistContainerDatanodeDetails(140)) - DatanodeDetails is persisted to /opt/src/hadoop-ozone/integration-test/target/test-dir/MiniOzoneClusterImpl-eb82d619-8dbe-4f21-9f65-1a5d56774ee4/datanode-3/meta/datanode.id
2019-06-12 14:11:51,678 INFO  volume.HddsVolume (HddsVolume.java:<init>(176)) - Creating Volume: /opt/src/hadoop-ozone/integration-test/target/test-dir/MiniOzoneClusterImpl-eb82d619-8dbe-4f21-9f65-1a5d56774ee4/datanode-4/data/containers/hdds of  storage type : DISK and capacity : 104021790720
2019-06-12 14:11:51,678 INFO  volume.VolumeSet (VolumeSet.java:initializeVolumeSet(170)) - Added Volume : /opt/src/hadoop-ozone/integration-test/target/test-dir/MiniOzoneClusterImpl-eb82d619-8dbe-4f21-9f65-1a5d56774ee4/datanode-4/data/containers/hdds to VolumeSet
2019-06-12 14:11:51,678 INFO  volume.ThrottledAsyncChecker (ThrottledAsyncChecker.java:schedule(140)) - Scheduling a check for org.apache.hadoop.ozone.container.common.volume.HddsVolume@66f16742
2019-06-12 14:11:51,682 INFO  volume.HddsVolumeChecker (HddsVolumeChecker.java:checkAllVolumes(203)) - Scheduled health check for volume org.apache.hadoop.ozone.container.common.volume.HddsVolume@66f16742
2019-06-12 14:11:51,692 INFO  ratis.XceiverServerRatis (XceiverServerRatis.java:newXceiverServerRatis(401)) - Found a free port for the server : 46325
2019-06-12 14:11:51,693 INFO  impl.RaftServerProxy (ConfUtils.java:logGet(43)) - raft.rpc.type = GRPC (default)
2019-06-12 14:11:51,694 INFO  grpc.GrpcConfigKeys$Server (ConfUtils.java:logGet(43)) - raft.grpc.server.port = 46325 (custom)
2019-06-12 14:11:51,694 INFO  server.GrpcService (ConfUtils.java:logGet(43)) - raft.grpc.message.size.max = 33570816 (custom)
2019-06-12 14:11:51,694 INFO  server.RaftServerConfigKeys (ConfUtils.java:logGet(43)) - raft.server.log.appender.buffer.byte-limit = 33554432 (custom)
2019-06-12 14:11:51,694 INFO  server.GrpcService (ConfUtils.java:logGet(43)) - raft.grpc.flow.control.window = 1MB (=1048576) (default)
2019-06-12 14:11:51,694 INFO  server.RaftServerConfigKeys (ConfUtils.java:logGet(43)) - raft.server.rpc.request.timeout = 3000ms (default)
2019-06-12 14:11:51,695 INFO  server.RaftServerConfigKeys (ConfUtils.java:logGet(43)) - raft.server.storage.dir = [/opt/src/hadoop-ozone/integration-test/target/test-dir/MiniOzoneClusterImpl-eb82d619-8dbe-4f21-9f65-1a5d56774ee4/datanode-4/data/ratis] (custom)
2019-06-12 14:11:51,695 INFO  server.XceiverServerGrpc (XceiverServerGrpc.java:<init>(97)) - Found a free port for the server : 37309
2019-06-12 14:11:51,696 INFO  replication.SimpleContainerDownloader (SimpleContainerDownloader.java:<init>(72)) - Starting container downloader service to copy containers to replicate.
2019-06-12 14:11:51,696 INFO  hdfs.DFSUtil (DFSUtil.java:httpServerTemplateForNNAndJN(1641)) - Starting Web-server for hddsDatanode at: http://0.0.0.0:0
2019-06-12 14:11:51,698 INFO  server.AuthenticationFilter (AuthenticationFilter.java:constructSecretProvider(240)) - Unable to initialize FileSignerSecretProvider, falling back to use random secrets.
2019-06-12 14:11:51,698 WARN  http.HttpRequestLog (HttpRequestLog.java:getRequestLog(97)) - Jetty request log can only be enabled using Log4j
2019-06-12 14:11:51,699 INFO  http.HttpServer2 (HttpServer2.java:addGlobalFilter(975)) - Added global filter 'safety' (class=org.apache.hadoop.http.HttpServer2$QuotingInputFilter)
2019-06-12 14:11:51,700 INFO  http.HttpServer2 (HttpServer2.java:addFilter(948)) - Added filter static_user_filter (class=org.apache.hadoop.http.lib.StaticUserWebFilter$StaticUserFilter) to context hddsDatanode
2019-06-12 14:11:51,700 INFO  http.HttpServer2 (HttpServer2.java:addFilter(958)) - Added filter static_user_filter (class=org.apache.hadoop.http.lib.StaticUserWebFilter$StaticUserFilter) to context logs
2019-06-12 14:11:51,700 INFO  http.HttpServer2 (HttpServer2.java:addFilter(958)) - Added filter static_user_filter (class=org.apache.hadoop.http.lib.StaticUserWebFilter$StaticUserFilter) to context static
2019-06-12 14:11:51,701 INFO  http.HttpServer2 (HttpServer2.java:bindListener(1191)) - Jetty bound to port 36199
2019-06-12 14:11:51,701 INFO  server.Server (Server.java:doStart(351)) - jetty-9.3.24.v20180605, build timestamp: 2018-06-05T17:11:56Z, git hash: 84205aa28f11a4f31f2a3b86d1bba2cc8ab69827
2019-06-12 14:11:51,703 INFO  handler.ContextHandler (ContextHandler.java:doStart(781)) - Started o.e.j.s.ServletContextHandler@4ef18604{/logs,file:///opt/src/hadoop-ozone/integration-test/target/log,AVAILABLE}
2019-06-12 14:11:51,704 INFO  handler.ContextHandler (ContextHandler.java:doStart(781)) - Started o.e.j.s.ServletContextHandler@16cf8438{/static,jar:file:/root/.m2/repository/org/apache/hadoop/hadoop-hdds-container-service/0.5.0-SNAPSHOT/hadoop-hdds-container-service-0.5.0-SNAPSHOT.jar!/webapps/static,AVAILABLE}
2019-06-12 14:11:51,731 INFO  handler.ContextHandler (ContextHandler.java:doStart(781)) - Started o.e.j.w.WebAppContext@2ca3d826{/,file:///tmp/jetty-0.0.0.0-36199-hddsDatanode-_-any-7937613417469102523.dir/webapp/,AVAILABLE}{/hddsDatanode}
2019-06-12 14:11:51,732 INFO  server.AbstractConnector (AbstractConnector.java:doStart(278)) - Started ServerConnector@5d194314{HTTP/1.1,[http/1.1]}{0.0.0.0:36199}
2019-06-12 14:11:51,733 INFO  server.Server (Server.java:doStart(419)) - Started @4751ms
2019-06-12 14:11:51,733 INFO  server.BaseHttpServer (BaseHttpServer.java:updateConnectorAddress(207)) - HTTP server of HDDSDATANODE is listening at http://0.0.0.0:36199
2019-06-12 14:11:51,831 INFO  ozone.HddsDatanodeService (HddsDatanodeService.java:startPlugins(396)) - Started plug-in org.apache.hadoop.ozone.web.OzoneHddsDatanodeService@454bcbbf
2019-06-12 14:11:51,831 INFO  impl.MetricsSystemImpl (MetricsSystemImpl.java:init(158)) - HddsDatanode metrics system started (again)
2019-06-12 14:11:51,832 INFO  ozone.HddsDatanodeService (HddsDatanodeService.java:start(185)) - HddsDatanodeService host:ozone-vl7jm-4166937383 ip:192.168.134.127
2019-06-12 14:11:51,833 INFO  util.JvmPauseMonitor (JvmPauseMonitor.java:run(188)) - Starting JVM pause monitor
2019-06-12 14:11:51,839 INFO  volume.HddsVolume (HddsVolume.java:<init>(176)) - Creating Volume: /opt/src/hadoop-ozone/integration-test/target/test-dir/MiniOzoneClusterImpl-eb82d619-8dbe-4f21-9f65-1a5d56774ee4/datanode-5/data/containers/hdds of  storage type : DISK and capacity : 104021790720
2019-06-12 14:11:51,840 INFO  datanode.InitDatanodeState (InitDatanodeState.java:persistContainerDatanodeDetails(140)) - DatanodeDetails is persisted to /opt/src/hadoop-ozone/integration-test/target/test-dir/MiniOzoneClusterImpl-eb82d619-8dbe-4f21-9f65-1a5d56774ee4/datanode-4/meta/datanode.id
2019-06-12 14:11:51,840 INFO  volume.VolumeSet (VolumeSet.java:initializeVolumeSet(170)) - Added Volume : /opt/src/hadoop-ozone/integration-test/target/test-dir/MiniOzoneClusterImpl-eb82d619-8dbe-4f21-9f65-1a5d56774ee4/datanode-5/data/containers/hdds to VolumeSet
2019-06-12 14:11:51,840 INFO  volume.ThrottledAsyncChecker (ThrottledAsyncChecker.java:schedule(140)) - Scheduling a check for org.apache.hadoop.ozone.container.common.volume.HddsVolume@7ea42c82
2019-06-12 14:11:51,841 INFO  volume.HddsVolumeChecker (HddsVolumeChecker.java:checkAllVolumes(203)) - Scheduled health check for volume org.apache.hadoop.ozone.container.common.volume.HddsVolume@7ea42c82
2019-06-12 14:11:51,851 INFO  ratis.XceiverServerRatis (XceiverServerRatis.java:newXceiverServerRatis(401)) - Found a free port for the server : 33727
2019-06-12 14:11:51,853 INFO  impl.RaftServerProxy (ConfUtils.java:logGet(43)) - raft.rpc.type = GRPC (default)
2019-06-12 14:11:51,853 INFO  grpc.GrpcConfigKeys$Server (ConfUtils.java:logGet(43)) - raft.grpc.server.port = 33727 (custom)
2019-06-12 14:11:51,853 INFO  server.GrpcService (ConfUtils.java:logGet(43)) - raft.grpc.message.size.max = 33570816 (custom)
2019-06-12 14:11:51,853 INFO  server.RaftServerConfigKeys (ConfUtils.java:logGet(43)) - raft.server.log.appender.buffer.byte-limit = 33554432 (custom)
2019-06-12 14:11:51,854 INFO  server.GrpcService (ConfUtils.java:logGet(43)) - raft.grpc.flow.control.window = 1MB (=1048576) (default)
2019-06-12 14:11:51,854 INFO  server.RaftServerConfigKeys (ConfUtils.java:logGet(43)) - raft.server.rpc.request.timeout = 3000ms (default)
2019-06-12 14:11:51,854 INFO  server.RaftServerConfigKeys (ConfUtils.java:logGet(43)) - raft.server.storage.dir = [/opt/src/hadoop-ozone/integration-test/target/test-dir/MiniOzoneClusterImpl-eb82d619-8dbe-4f21-9f65-1a5d56774ee4/datanode-5/data/ratis] (custom)
2019-06-12 14:11:51,855 INFO  server.XceiverServerGrpc (XceiverServerGrpc.java:<init>(97)) - Found a free port for the server : 34739
2019-06-12 14:11:51,855 INFO  replication.SimpleContainerDownloader (SimpleContainerDownloader.java:<init>(72)) - Starting container downloader service to copy containers to replicate.
2019-06-12 14:11:51,856 INFO  hdfs.DFSUtil (DFSUtil.java:httpServerTemplateForNNAndJN(1641)) - Starting Web-server for hddsDatanode at: http://0.0.0.0:0
2019-06-12 14:11:51,857 INFO  server.AuthenticationFilter (AuthenticationFilter.java:constructSecretProvider(240)) - Unable to initialize FileSignerSecretProvider, falling back to use random secrets.
2019-06-12 14:11:51,858 WARN  http.HttpRequestLog (HttpRequestLog.java:getRequestLog(97)) - Jetty request log can only be enabled using Log4j
2019-06-12 14:11:51,859 INFO  http.HttpServer2 (HttpServer2.java:addGlobalFilter(975)) - Added global filter 'safety' (class=org.apache.hadoop.http.HttpServer2$QuotingInputFilter)
2019-06-12 14:11:51,860 INFO  http.HttpServer2 (HttpServer2.java:addFilter(948)) - Added filter static_user_filter (class=org.apache.hadoop.http.lib.StaticUserWebFilter$StaticUserFilter) to context hddsDatanode
2019-06-12 14:11:51,860 INFO  http.HttpServer2 (HttpServer2.java:addFilter(958)) - Added filter static_user_filter (class=org.apache.hadoop.http.lib.StaticUserWebFilter$StaticUserFilter) to context static
2019-06-12 14:11:51,860 INFO  http.HttpServer2 (HttpServer2.java:addFilter(958)) - Added filter static_user_filter (class=org.apache.hadoop.http.lib.StaticUserWebFilter$StaticUserFilter) to context logs
2019-06-12 14:11:51,861 INFO  http.HttpServer2 (HttpServer2.java:bindListener(1191)) - Jetty bound to port 33537
2019-06-12 14:11:51,861 INFO  server.Server (Server.java:doStart(351)) - jetty-9.3.24.v20180605, build timestamp: 2018-06-05T17:11:56Z, git hash: 84205aa28f11a4f31f2a3b86d1bba2cc8ab69827
2019-06-12 14:11:51,863 INFO  handler.ContextHandler (ContextHandler.java:doStart(781)) - Started o.e.j.s.ServletContextHandler@58a7dc4{/logs,file:///opt/src/hadoop-ozone/integration-test/target/log,AVAILABLE}
2019-06-12 14:11:51,864 INFO  handler.ContextHandler (ContextHandler.java:doStart(781)) - Started o.e.j.s.ServletContextHandler@27f71195{/static,jar:file:/root/.m2/repository/org/apache/hadoop/hadoop-hdds-container-service/0.5.0-SNAPSHOT/hadoop-hdds-container-service-0.5.0-SNAPSHOT.jar!/webapps/static,AVAILABLE}
2019-06-12 14:11:51,892 INFO  handler.ContextHandler (ContextHandler.java:doStart(781)) - Started o.e.j.w.WebAppContext@26b3c9a2{/,file:///tmp/jetty-0.0.0.0-33537-hddsDatanode-_-any-3815265113969224898.dir/webapp/,AVAILABLE}{/hddsDatanode}
2019-06-12 14:11:51,893 INFO  server.AbstractConnector (AbstractConnector.java:doStart(278)) - Started ServerConnector@241b971f{HTTP/1.1,[http/1.1]}{0.0.0.0:33537}
2019-06-12 14:11:51,893 INFO  server.Server (Server.java:doStart(419)) - Started @4911ms
2019-06-12 14:11:51,894 INFO  server.BaseHttpServer (BaseHttpServer.java:updateConnectorAddress(207)) - HTTP server of HDDSDATANODE is listening at http://0.0.0.0:33537
2019-06-12 14:11:52,049 INFO  ozone.HddsDatanodeService (HddsDatanodeService.java:startPlugins(396)) - Started plug-in org.apache.hadoop.ozone.web.OzoneHddsDatanodeService@693f2213
2019-06-12 14:11:52,050 INFO  ozone.MiniOzoneClusterImpl (MiniOzoneClusterImpl.java:lambda$waitForClusterToBeReady$0(142)) - Waiting for cluster to be ready. Got 0 of 6 DN Heartbeats.
2019-06-12 14:11:52,054 INFO  util.JvmPauseMonitor (JvmPauseMonitor.java:run(188)) - Starting JVM pause monitor
2019-06-12 14:11:52,056 INFO  datanode.InitDatanodeState (InitDatanodeState.java:persistContainerDatanodeDetails(140)) - DatanodeDetails is persisted to /opt/src/hadoop-ozone/integration-test/target/test-dir/MiniOzoneClusterImpl-eb82d619-8dbe-4f21-9f65-1a5d56774ee4/datanode-5/meta/datanode.id
2019-06-12 14:11:53,050 INFO  ozone.MiniOzoneClusterImpl (MiniOzoneClusterImpl.java:lambda$waitForClusterToBeReady$0(142)) - Waiting for cluster to be ready. Got 0 of 6 DN Heartbeats.
2019-06-12 14:11:53,056 INFO  ozoneimpl.OzoneContainer (OzoneContainer.java:start(186)) - Attempting to start container services.
2019-06-12 14:11:53,056 INFO  ozoneimpl.OzoneContainer (OzoneContainer.java:startContainerScrub(160)) - Background container scrubber has been disabled by hdds.containerscrub.enabled
2019-06-12 14:11:53,056 INFO  ratis.XceiverServerRatis (XceiverServerRatis.java:start(418)) - Starting XceiverServerRatis c1d3caf2-d8b0-4dae-a6e8-09bf334478b0 at port 45649
2019-06-12 14:11:53,068 INFO  impl.RaftServerProxy (RaftServerProxy.java:lambda$start$3(299)) - c1d3caf2-d8b0-4dae-a6e8-09bf334478b0: start RPC server
2019-06-12 14:11:53,182 INFO  server.GrpcService (GrpcService.java:startImpl(148)) - c1d3caf2-d8b0-4dae-a6e8-09bf334478b0: GrpcService started, listening on 0.0.0.0/0.0.0.0:45649
2019-06-12 14:11:53,253 INFO  ozoneimpl.OzoneContainer (OzoneContainer.java:start(186)) - Attempting to start container services.
2019-06-12 14:11:53,253 INFO  ozoneimpl.OzoneContainer (OzoneContainer.java:startContainerScrub(160)) - Background container scrubber has been disabled by hdds.containerscrub.enabled
2019-06-12 14:11:53,253 INFO  ratis.XceiverServerRatis (XceiverServerRatis.java:start(418)) - Starting XceiverServerRatis 5e8b8e1a-7073-4f60-a6ba-65876a37d361 at port 32849
2019-06-12 14:11:53,258 INFO  impl.RaftServerProxy (RaftServerProxy.java:lambda$start$3(299)) - 5e8b8e1a-7073-4f60-a6ba-65876a37d361: start RPC server
2019-06-12 14:11:53,260 INFO  server.GrpcService (GrpcService.java:startImpl(148)) - 5e8b8e1a-7073-4f60-a6ba-65876a37d361: GrpcService started, listening on 0.0.0.0/0.0.0.0:32849
2019-06-12 14:11:53,482 INFO  ozoneimpl.OzoneContainer (OzoneContainer.java:start(186)) - Attempting to start container services.
2019-06-12 14:11:53,483 INFO  ozoneimpl.OzoneContainer (OzoneContainer.java:startContainerScrub(160)) - Background container scrubber has been disabled by hdds.containerscrub.enabled
2019-06-12 14:11:53,483 INFO  ratis.XceiverServerRatis (XceiverServerRatis.java:start(418)) - Starting XceiverServerRatis 4ea34d92-115a-4c2a-b1da-12c8bbc074d4 at port 37779
2019-06-12 14:11:53,487 INFO  impl.RaftServerProxy (RaftServerProxy.java:lambda$start$3(299)) - 4ea34d92-115a-4c2a-b1da-12c8bbc074d4: start RPC server
2019-06-12 14:11:53,489 INFO  server.GrpcService (GrpcService.java:startImpl(148)) - 4ea34d92-115a-4c2a-b1da-12c8bbc074d4: GrpcService started, listening on 0.0.0.0/0.0.0.0:37779
2019-06-12 14:11:53,677 INFO  ozoneimpl.OzoneContainer (OzoneContainer.java:start(186)) - Attempting to start container services.
2019-06-12 14:11:53,678 INFO  ozoneimpl.OzoneContainer (OzoneContainer.java:startContainerScrub(160)) - Background container scrubber has been disabled by hdds.containerscrub.enabled
2019-06-12 14:11:53,678 INFO  ratis.XceiverServerRatis (XceiverServerRatis.java:start(418)) - Starting XceiverServerRatis 2c8bb1a5-eb7e-49cb-b976-e21d7edba7c7 at port 44277
2019-06-12 14:11:53,683 INFO  impl.RaftServerProxy (RaftServerProxy.java:lambda$start$3(299)) - 2c8bb1a5-eb7e-49cb-b976-e21d7edba7c7: start RPC server
2019-06-12 14:11:53,686 INFO  server.GrpcService (GrpcService.java:startImpl(148)) - 2c8bb1a5-eb7e-49cb-b976-e21d7edba7c7: GrpcService started, listening on 0.0.0.0/0.0.0.0:44277
2019-06-12 14:11:53,837 INFO  ozoneimpl.OzoneContainer (OzoneContainer.java:start(186)) - Attempting to start container services.
2019-06-12 14:11:53,839 INFO  ozoneimpl.OzoneContainer (OzoneContainer.java:startContainerScrub(160)) - Background container scrubber has been disabled by hdds.containerscrub.enabled
2019-06-12 14:11:53,839 INFO  ratis.XceiverServerRatis (XceiverServerRatis.java:start(418)) - Starting XceiverServerRatis 5100fa34-3c66-4ada-b5d8-81f690798475 at port 46325
2019-06-12 14:11:53,843 INFO  impl.RaftServerProxy (RaftServerProxy.java:lambda$start$3(299)) - 5100fa34-3c66-4ada-b5d8-81f690798475: start RPC server
2019-06-12 14:11:53,846 INFO  server.GrpcService (GrpcService.java:startImpl(148)) - 5100fa34-3c66-4ada-b5d8-81f690798475: GrpcService started, listening on 0.0.0.0/0.0.0.0:46325
2019-06-12 14:11:54,051 INFO  ozone.MiniOzoneClusterImpl (MiniOzoneClusterImpl.java:lambda$waitForClusterToBeReady$0(142)) - Waiting for cluster to be ready. Got 0 of 6 DN Heartbeats.
2019-06-12 14:11:54,059 INFO  ozoneimpl.OzoneContainer (OzoneContainer.java:start(186)) - Attempting to start container services.
2019-06-12 14:11:54,061 INFO  ozoneimpl.OzoneContainer (OzoneContainer.java:startContainerScrub(160)) - Background container scrubber has been disabled by hdds.containerscrub.enabled
2019-06-12 14:11:54,061 INFO  ratis.XceiverServerRatis (XceiverServerRatis.java:start(418)) - Starting XceiverServerRatis 110a3baa-22eb-4cdd-9344-83fc5509531d at port 33727
2019-06-12 14:11:54,064 INFO  impl.RaftServerProxy (RaftServerProxy.java:lambda$start$3(299)) - 110a3baa-22eb-4cdd-9344-83fc5509531d: start RPC server
2019-06-12 14:11:54,066 INFO  server.GrpcService (GrpcService.java:startImpl(148)) - 110a3baa-22eb-4cdd-9344-83fc5509531d: GrpcService started, listening on 0.0.0.0/0.0.0.0:33727
2019-06-12 14:11:55,051 INFO  ozone.MiniOzoneClusterImpl (MiniOzoneClusterImpl.java:lambda$waitForClusterToBeReady$0(142)) - Waiting for cluster to be ready. Got 0 of 6 DN Heartbeats.
2019-06-12 14:11:55,056 INFO  node.SCMNodeManager (SCMNodeManager.java:register(234)) - Registered Data node : c1d3caf2-d8b0-4dae-a6e8-09bf334478b0{ip: 192.168.134.127, host: ozone-vl7jm-4166937383, networkLocation: /default-rack, certSerialId: null}
2019-06-12 14:11:55,066 INFO  safemode.SCMSafeModeManager (DataNodeSafeModeRule.java:process(71)) - SCM in safe mode. 1 DataNodes registered, 1 required.
2019-06-12 14:11:55,066 INFO  safemode.SCMSafeModeManager (SCMSafeModeManager.java:validateSafeModeExitRules(177)) - ScmSafeModeManager, all rules are successfully validated
2019-06-12 14:11:55,066 INFO  safemode.SCMSafeModeManager (SCMSafeModeManager.java:exitSafeMode(193)) - SCM exiting safe mode.
2019-06-12 14:11:55,252 INFO  node.SCMNodeManager (SCMNodeManager.java:register(234)) - Registered Data node : 5e8b8e1a-7073-4f60-a6ba-65876a37d361{ip: 192.168.134.127, host: ozone-vl7jm-4166937383, networkLocation: /default-rack, certSerialId: null}
2019-06-12 14:11:55,386 INFO  impl.RaftServerProxy (RaftServerProxy.java:addNew(89)) - c1d3caf2-d8b0-4dae-a6e8-09bf334478b0: addNew group-652A409C72C6:[c1d3caf2-d8b0-4dae-a6e8-09bf334478b0:192.168.134.127:45649] returns group-652A409C72C6:java.util.concurrent.CompletableFuture@606eb5a8[Not completed]
2019-06-12 14:11:55,391 INFO  impl.RaftServerImpl (RaftServerImpl.java:<init>(91)) - c1d3caf2-d8b0-4dae-a6e8-09bf334478b0: new RaftServerImpl for group-652A409C72C6:[c1d3caf2-d8b0-4dae-a6e8-09bf334478b0:192.168.134.127:45649] with ContainerStateMachine:uninitialized
2019-06-12 14:11:55,392 INFO  server.RaftServerConfigKeys (ConfUtils.java:logGet(43)) - raft.server.rpc.timeout.min = 1s (custom)
2019-06-12 14:11:55,392 INFO  server.RaftServerConfigKeys (ConfUtils.java:logGet(43)) - raft.server.rpc.timeout.max = 1200ms (custom)
2019-06-12 14:11:55,392 INFO  server.RaftServerConfigKeys (ConfUtils.java:logGet(43)) - raft.server.rpcslowness.timeout = 10s (custom)
2019-06-12 14:11:55,392 INFO  server.RaftServerConfigKeys (ConfUtils.java:logGet(43)) - raft.server.log.appender.install.snapshot.enabled = true (default)
2019-06-12 14:11:55,397 INFO  impl.RaftServerImpl (ServerState.java:<init>(101)) - c1d3caf2-d8b0-4dae-a6e8-09bf334478b0:group-652A409C72C6 ConfigurationManager, init=-1: [c1d3caf2-d8b0-4dae-a6e8-09bf334478b0:192.168.134.127:45649], old=null, confs=<EMPTY_MAP>
2019-06-12 14:11:55,397 INFO  server.RaftServerConfigKeys (ConfUtils.java:logGet(43)) - raft.server.storage.dir = [/opt/src/hadoop-ozone/integration-test/target/test-dir/MiniOzoneClusterImpl-eb82d619-8dbe-4f21-9f65-1a5d56774ee4/datanode-0/data/ratis] (custom)
2019-06-12 14:11:55,401 INFO  storage.RaftStorageDirectory (RaftStorageDirectory.java:analyzeStorage(246)) - The storage directory /opt/src/hadoop-ozone/integration-test/target/test-dir/MiniOzoneClusterImpl-eb82d619-8dbe-4f21-9f65-1a5d56774ee4/datanode-0/data/ratis/0029e66b-27d7-4e11-9fe6-652a409c72c6 does not exist. Creating ...
2019-06-12 14:11:55,406 INFO  storage.RaftStorageDirectory (RaftStorageDirectory.java:tryLock(328)) - Lock on /opt/src/hadoop-ozone/integration-test/target/test-dir/MiniOzoneClusterImpl-eb82d619-8dbe-4f21-9f65-1a5d56774ee4/datanode-0/data/ratis/0029e66b-27d7-4e11-9fe6-652a409c72c6/in_use.lock acquired by nodename 10156@ozone-vl7jm-4166937383
2019-06-12 14:11:55,409 INFO  storage.RaftStorage (RaftStorage.java:format(75)) - Storage directory /opt/src/hadoop-ozone/integration-test/target/test-dir/MiniOzoneClusterImpl-eb82d619-8dbe-4f21-9f65-1a5d56774ee4/datanode-0/data/ratis/0029e66b-27d7-4e11-9fe6-652a409c72c6 has been successfully formatted.
2019-06-12 14:11:55,411 INFO  ratis.ContainerStateMachine (ContainerStateMachine.java:loadSnapshot(199)) - The snapshot info is null.Setting the last applied index to:(t:0, i:~)
2019-06-12 14:11:55,411 INFO  server.RaftServerConfigKeys (ConfUtils.java:logGet(43)) - raft.server.leader.election.timeout = 10s (custom)
2019-06-12 14:11:55,540 INFO  node.SCMNodeManager (SCMNodeManager.java:register(234)) - Registered Data node : 4ea34d92-115a-4c2a-b1da-12c8bbc074d4{ip: 192.168.134.127, host: ozone-vl7jm-4166937383, networkLocation: /default-rack, certSerialId: null}
2019-06-12 14:11:55,541 INFO  server.RaftServerConfigKeys (ConfUtils.java:logGet(43)) - raft.server.log.use.memory = false (default)
2019-06-12 14:11:55,543 INFO  server.RaftServerConfigKeys (ConfUtils.java:logGet(43)) - raft.server.log.appender.buffer.byte-limit = 33554432 (custom)
2019-06-12 14:11:55,545 INFO  server.RaftServerConfigKeys (ConfUtils.java:logGet(43)) - raft.server.log.segment.size.max = 16384 (custom)
2019-06-12 14:11:55,548 INFO  server.RaftServerConfigKeys (ConfUtils.java:logGet(43)) - raft.server.log.segment.cache.num.max = 2 (custom)
2019-06-12 14:11:55,550 INFO  storage.RaftLogWorker (RaftLogWorker.java:<init>(123)) - new c1d3caf2-d8b0-4dae-a6e8-09bf334478b0-RaftLogWorker for Storage Directory /opt/src/hadoop-ozone/integration-test/target/test-dir/MiniOzoneClusterImpl-eb82d619-8dbe-4f21-9f65-1a5d56774ee4/datanode-0/data/ratis/0029e66b-27d7-4e11-9fe6-652a409c72c6
2019-06-12 14:11:55,551 INFO  server.RaftServerConfigKeys (ConfUtils.java:logGet(43)) - raft.server.log.queue.byte-limit = 2147483647 (custom)
2019-06-12 14:11:55,551 INFO  server.RaftServerConfigKeys (ConfUtils.java:logGet(43)) - raft.server.log.queue.element-limit = 1024 (custom)
2019-06-12 14:11:55,552 INFO  server.RaftServerConfigKeys (ConfUtils.java:logGet(43)) - raft.server.log.segment.size.max = 16384 (custom)
2019-06-12 14:11:55,553 INFO  server.RaftServerConfigKeys (ConfUtils.java:logGet(43)) - raft.server.log.preallocated.size = 16384 (custom)
2019-06-12 14:11:55,553 INFO  server.RaftServerConfigKeys (ConfUtils.java:logGet(43)) - raft.server.log.write.buffer.size = 33554432 (custom)
2019-06-12 14:11:55,554 INFO  server.RaftServerConfigKeys (ConfUtils.java:logGet(43)) - raft.server.log.force.sync.num = 128 (default)
2019-06-12 14:11:55,555 INFO  server.RaftServerConfigKeys (ConfUtils.java:logGet(43)) - raft.server.log.statemachine.data.sync = true (default)
2019-06-12 14:11:55,555 INFO  server.RaftServerConfigKeys (ConfUtils.java:logGet(43)) - raft.server.log.statemachine.data.sync.timeout = 10s (default)
2019-06-12 14:11:55,555 INFO  server.RaftServerConfigKeys (ConfUtils.java:logGet(43)) - raft.server.log.statemachine.data.sync.timeout.retry = -1 (default)
2019-06-12 14:11:55,557 INFO  server.RaftServerConfigKeys (ConfUtils.java:logGet(43)) - raft.server.log.statemachine.data.caching.enabled = true (custom)
2019-06-12 14:11:55,561 INFO  server.RaftServerConfigKeys (ConfUtils.java:logGet(43)) - raft.server.snapshot.auto.trigger.enabled = true (custom)
2019-06-12 14:11:55,562 INFO  server.RaftServerConfigKeys (ConfUtils.java:logGet(43)) - raft.server.snapshot.auto.trigger.threshold = 10000 (custom)
2019-06-12 14:11:55,562 INFO  server.RaftServerConfigKeys (ConfUtils.java:logGet(43)) - raft.server.retrycache.expirytime = 600000ms (custom)
2019-06-12 14:11:55,576 INFO  impl.RaftServerImpl (RaftServerImpl.java:start(173)) - c1d3caf2-d8b0-4dae-a6e8-09bf334478b0: start group-652A409C72C6
2019-06-12 14:11:55,576 INFO  impl.RaftServerImpl (RaftServerImpl.java:setRole(164)) - c1d3caf2-d8b0-4dae-a6e8-09bf334478b0:group-652A409C72C6 changes role from null to FOLLOWER at term 0 for startAsFollower
2019-06-12 14:11:55,577 INFO  impl.RoleInfo (RoleInfo.java:updateAndGet(143)) - c1d3caf2-d8b0-4dae-a6e8-09bf334478b0: start FollowerState
2019-06-12 14:11:55,579 INFO  util.JmxRegister (JmxRegister.java:tryRegister(44)) - Successfully registered JMX Bean with object name Ratis:service=RaftServer,group=group-652A409C72C6,id=c1d3caf2-d8b0-4dae-a6e8-09bf334478b0
2019-06-12 14:11:55,619 INFO  pipeline.PipelineStateManager (PipelineStateManager.java:addPipeline(56)) - Created pipeline Pipeline[ Id: 0029e66b-27d7-4e11-9fe6-652a409c72c6, Nodes: c1d3caf2-d8b0-4dae-a6e8-09bf334478b0{ip: 192.168.134.127, host: ozone-vl7jm-4166937383, networkLocation: /default-rack, certSerialId: null}, Type:RATIS, Factor:ONE, State:OPEN]
2019-06-12 14:11:55,636 INFO  impl.RaftServerProxy (RaftServerProxy.java:addNew(89)) - 4ea34d92-115a-4c2a-b1da-12c8bbc074d4: addNew group-F609FF516738:[4ea34d92-115a-4c2a-b1da-12c8bbc074d4:192.168.134.127:37779] returns group-F609FF516738:java.util.concurrent.CompletableFuture@6d3f6da[Not completed]
2019-06-12 14:11:55,637 INFO  impl.RaftServerImpl (RaftServerImpl.java:<init>(91)) - 4ea34d92-115a-4c2a-b1da-12c8bbc074d4: new RaftServerImpl for group-F609FF516738:[4ea34d92-115a-4c2a-b1da-12c8bbc074d4:192.168.134.127:37779] with ContainerStateMachine:uninitialized
2019-06-12 14:11:55,638 INFO  server.RaftServerConfigKeys (ConfUtils.java:logGet(43)) - raft.server.rpc.timeout.min = 1s (custom)
2019-06-12 14:11:55,638 INFO  server.RaftServerConfigKeys (ConfUtils.java:logGet(43)) - raft.server.rpc.timeout.max = 1200ms (custom)
2019-06-12 14:11:55,638 INFO  server.RaftServerConfigKeys (ConfUtils.java:logGet(43)) - raft.server.rpcslowness.timeout = 10s (custom)
2019-06-12 14:11:55,638 INFO  server.RaftServerConfigKeys (ConfUtils.java:logGet(43)) - raft.server.log.appender.install.snapshot.enabled = true (default)
2019-06-12 14:11:55,638 INFO  impl.RaftServerImpl (ServerState.java:<init>(101)) - 4ea34d92-115a-4c2a-b1da-12c8bbc074d4:group-F609FF516738 ConfigurationManager, init=-1: [4ea34d92-115a-4c2a-b1da-12c8bbc074d4:192.168.134.127:37779], old=null, confs=<EMPTY_MAP>
2019-06-12 14:11:55,638 INFO  server.RaftServerConfigKeys (ConfUtils.java:logGet(43)) - raft.server.storage.dir = [/opt/src/hadoop-ozone/integration-test/target/test-dir/MiniOzoneClusterImpl-eb82d619-8dbe-4f21-9f65-1a5d56774ee4/datanode-2/data/ratis] (custom)
2019-06-12 14:11:55,639 INFO  storage.RaftStorageDirectory (RaftStorageDirectory.java:analyzeStorage(246)) - The storage directory /opt/src/hadoop-ozone/integration-test/target/test-dir/MiniOzoneClusterImpl-eb82d619-8dbe-4f21-9f65-1a5d56774ee4/datanode-2/data/ratis/0a1d5ada-c9cd-43e2-bc93-f609ff516738 does not exist. Creating ...
2019-06-12 14:11:55,641 INFO  storage.RaftStorageDirectory (RaftStorageDirectory.java:tryLock(328)) - Lock on /opt/src/hadoop-ozone/integration-test/target/test-dir/MiniOzoneClusterImpl-eb82d619-8dbe-4f21-9f65-1a5d56774ee4/datanode-2/data/ratis/0a1d5ada-c9cd-43e2-bc93-f609ff516738/in_use.lock acquired by nodename 10156@ozone-vl7jm-4166937383
2019-06-12 14:11:55,643 INFO  storage.RaftStorage (RaftStorage.java:format(75)) - Storage directory /opt/src/hadoop-ozone/integration-test/target/test-dir/MiniOzoneClusterImpl-eb82d619-8dbe-4f21-9f65-1a5d56774ee4/datanode-2/data/ratis/0a1d5ada-c9cd-43e2-bc93-f609ff516738 has been successfully formatted.
2019-06-12 14:11:55,643 INFO  ratis.ContainerStateMachine (ContainerStateMachine.java:loadSnapshot(199)) - The snapshot info is null.Setting the last applied index to:(t:0, i:~)
2019-06-12 14:11:55,643 INFO  server.RaftServerConfigKeys (ConfUtils.java:logGet(43)) - raft.server.leader.election.timeout = 10s (custom)
2019-06-12 14:11:55,643 INFO  server.RaftServerConfigKeys (ConfUtils.java:logGet(43)) - raft.server.log.use.memory = false (default)
2019-06-12 14:11:55,643 INFO  server.RaftServerConfigKeys (ConfUtils.java:logGet(43)) - raft.server.log.appender.buffer.byte-limit = 33554432 (custom)
2019-06-12 14:11:55,643 INFO  server.RaftServerConfigKeys (ConfUtils.java:logGet(43)) - raft.server.log.segment.size.max = 16384 (custom)
2019-06-12 14:11:55,643 INFO  server.RaftServerConfigKeys (ConfUtils.java:logGet(43)) - raft.server.log.segment.cache.num.max = 2 (custom)
2019-06-12 14:11:55,643 INFO  storage.RaftLogWorker (RaftLogWorker.java:<init>(123)) - new 4ea34d92-115a-4c2a-b1da-12c8bbc074d4-RaftLogWorker for Storage Directory /opt/src/hadoop-ozone/integration-test/target/test-dir/MiniOzoneClusterImpl-eb82d619-8dbe-4f21-9f65-1a5d56774ee4/datanode-2/data/ratis/0a1d5ada-c9cd-43e2-bc93-f609ff516738
2019-06-12 14:11:55,644 INFO  server.RaftServerConfigKeys (ConfUtils.java:logGet(43)) - raft.server.log.queue.byte-limit = 2147483647 (custom)
2019-06-12 14:11:55,644 INFO  server.RaftServerConfigKeys (ConfUtils.java:logGet(43)) - raft.server.log.queue.element-limit = 1024 (custom)
2019-06-12 14:11:55,644 INFO  server.RaftServerConfigKeys (ConfUtils.java:logGet(43)) - raft.server.log.segment.size.max = 16384 (custom)
2019-06-12 14:11:55,644 INFO  server.RaftServerConfigKeys (ConfUtils.java:logGet(43)) - raft.server.log.preallocated.size = 16384 (custom)
2019-06-12 14:11:55,645 INFO  server.RaftServerConfigKeys (ConfUtils.java:logGet(43)) - raft.server.log.write.buffer.size = 33554432 (custom)
2019-06-12 14:11:55,645 INFO  server.RaftServerConfigKeys (ConfUtils.java:logGet(43)) - raft.server.log.force.sync.num = 128 (default)
2019-06-12 14:11:55,645 INFO  server.RaftServerConfigKeys (ConfUtils.java:logGet(43)) - raft.server.log.statemachine.data.sync = true (default)
2019-06-12 14:11:55,645 INFO  server.RaftServerConfigKeys (ConfUtils.java:logGet(43)) - raft.server.log.statemachine.data.sync.timeout = 10s (default)
2019-06-12 14:11:55,645 INFO  server.RaftServerConfigKeys (ConfUtils.java:logGet(43)) - raft.server.log.statemachine.data.sync.timeout.retry = -1 (default)
2019-06-12 14:11:55,645 INFO  server.RaftServerConfigKeys (ConfUtils.java:logGet(43)) - raft.server.log.statemachine.data.caching.enabled = true (custom)
2019-06-12 14:11:55,645 INFO  server.RaftServerConfigKeys (ConfUtils.java:logGet(43)) - raft.server.snapshot.auto.trigger.enabled = true (custom)
2019-06-12 14:11:55,645 INFO  server.RaftServerConfigKeys (ConfUtils.java:logGet(43)) - raft.server.snapshot.auto.trigger.threshold = 10000 (custom)
2019-06-12 14:11:55,645 INFO  server.RaftServerConfigKeys (ConfUtils.java:logGet(43)) - raft.server.retrycache.expirytime = 600000ms (custom)
2019-06-12 14:11:55,646 INFO  impl.RaftServerImpl (RaftServerImpl.java:start(173)) - 4ea34d92-115a-4c2a-b1da-12c8bbc074d4: start group-F609FF516738
2019-06-12 14:11:55,646 INFO  impl.RaftServerImpl (RaftServerImpl.java:setRole(164)) - 4ea34d92-115a-4c2a-b1da-12c8bbc074d4:group-F609FF516738 changes role from null to FOLLOWER at term 0 for startAsFollower
2019-06-12 14:11:55,646 INFO  impl.RoleInfo (RoleInfo.java:updateAndGet(143)) - 4ea34d92-115a-4c2a-b1da-12c8bbc074d4: start FollowerState
2019-06-12 14:11:55,647 INFO  util.JmxRegister (JmxRegister.java:tryRegister(44)) - Successfully registered JMX Bean with object name Ratis:service=RaftServer,group=group-F609FF516738,id=4ea34d92-115a-4c2a-b1da-12c8bbc074d4
2019-06-12 14:11:55,653 INFO  pipeline.PipelineStateManager (PipelineStateManager.java:addPipeline(56)) - Created pipeline Pipeline[ Id: 0a1d5ada-c9cd-43e2-bc93-f609ff516738, Nodes: 4ea34d92-115a-4c2a-b1da-12c8bbc074d4{ip: 192.168.134.127, host: ozone-vl7jm-4166937383, networkLocation: /default-rack, certSerialId: null}, Type:RATIS, Factor:ONE, State:OPEN]
2019-06-12 14:11:55,665 INFO  impl.RaftServerProxy (RaftServerProxy.java:addNew(89)) - 5e8b8e1a-7073-4f60-a6ba-65876a37d361: addNew group-D81D1CB7C8D1:[5e8b8e1a-7073-4f60-a6ba-65876a37d361:192.168.134.127:32849] returns group-D81D1CB7C8D1:java.util.concurrent.CompletableFuture@587ca1dc[Not completed]
2019-06-12 14:11:55,679 INFO  node.SCMNodeManager (SCMNodeManager.java:register(234)) - Registered Data node : 2c8bb1a5-eb7e-49cb-b976-e21d7edba7c7{ip: 192.168.134.127, host: ozone-vl7jm-4166937383, networkLocation: /default-rack, certSerialId: null}
2019-06-12 14:11:55,691 INFO  impl.RaftServerImpl (RaftServerImpl.java:<init>(91)) - 5e8b8e1a-7073-4f60-a6ba-65876a37d361: new RaftServerImpl for group-D81D1CB7C8D1:[5e8b8e1a-7073-4f60-a6ba-65876a37d361:192.168.134.127:32849] with ContainerStateMachine:uninitialized
2019-06-12 14:11:55,691 INFO  server.RaftServerConfigKeys (ConfUtils.java:logGet(43)) - raft.server.rpc.timeout.min = 1s (custom)
2019-06-12 14:11:55,691 INFO  server.RaftServerConfigKeys (ConfUtils.java:logGet(43)) - raft.server.rpc.timeout.max = 1200ms (custom)
2019-06-12 14:11:55,691 INFO  server.RaftServerConfigKeys (ConfUtils.java:logGet(43)) - raft.server.rpcslowness.timeout = 10s (custom)
2019-06-12 14:11:55,691 INFO  server.RaftServerConfigKeys (ConfUtils.java:logGet(43)) - raft.server.log.appender.install.snapshot.enabled = true (default)
2019-06-12 14:11:55,691 INFO  impl.RaftServerImpl (ServerState.java:<init>(101)) - 5e8b8e1a-7073-4f60-a6ba-65876a37d361:group-D81D1CB7C8D1 ConfigurationManager, init=-1: [5e8b8e1a-7073-4f60-a6ba-65876a37d361:192.168.134.127:32849], old=null, confs=<EMPTY_MAP>
2019-06-12 14:11:55,692 INFO  server.RaftServerConfigKeys (ConfUtils.java:logGet(43)) - raft.server.storage.dir = [/opt/src/hadoop-ozone/integration-test/target/test-dir/MiniOzoneClusterImpl-eb82d619-8dbe-4f21-9f65-1a5d56774ee4/datanode-1/data/ratis] (custom)
2019-06-12 14:11:55,692 INFO  storage.RaftStorageDirectory (RaftStorageDirectory.java:analyzeStorage(246)) - The storage directory /opt/src/hadoop-ozone/integration-test/target/test-dir/MiniOzoneClusterImpl-eb82d619-8dbe-4f21-9f65-1a5d56774ee4/datanode-1/data/ratis/e330576b-de40-4ad1-ad08-d81d1cb7c8d1 does not exist. Creating ...
2019-06-12 14:11:55,695 INFO  storage.RaftStorageDirectory (RaftStorageDirectory.java:tryLock(328)) - Lock on /opt/src/hadoop-ozone/integration-test/target/test-dir/MiniOzoneClusterImpl-eb82d619-8dbe-4f21-9f65-1a5d56774ee4/datanode-1/data/ratis/e330576b-de40-4ad1-ad08-d81d1cb7c8d1/in_use.lock acquired by nodename 10156@ozone-vl7jm-4166937383
2019-06-12 14:11:55,697 INFO  storage.RaftStorage (RaftStorage.java:format(75)) - Storage directory /opt/src/hadoop-ozone/integration-test/target/test-dir/MiniOzoneClusterImpl-eb82d619-8dbe-4f21-9f65-1a5d56774ee4/datanode-1/data/ratis/e330576b-de40-4ad1-ad08-d81d1cb7c8d1 has been successfully formatted.
2019-06-12 14:11:55,697 INFO  ratis.ContainerStateMachine (ContainerStateMachine.java:loadSnapshot(199)) - The snapshot info is null.Setting the last applied index to:(t:0, i:~)
2019-06-12 14:11:55,698 INFO  server.RaftServerConfigKeys (ConfUtils.java:logGet(43)) - raft.server.leader.election.timeout = 10s (custom)
2019-06-12 14:11:55,698 INFO  server.RaftServerConfigKeys (ConfUtils.java:logGet(43)) - raft.server.log.use.memory = false (default)
2019-06-12 14:11:55,698 INFO  server.RaftServerConfigKeys (ConfUtils.java:logGet(43)) - raft.server.log.appender.buffer.byte-limit = 33554432 (custom)
2019-06-12 14:11:55,698 INFO  server.RaftServerConfigKeys (ConfUtils.java:logGet(43)) - raft.server.log.segment.size.max = 16384 (custom)
2019-06-12 14:11:55,699 INFO  server.RaftServerConfigKeys (ConfUtils.java:logGet(43)) - raft.server.log.segment.cache.num.max = 2 (custom)
2019-06-12 14:11:55,699 INFO  storage.RaftLogWorker (RaftLogWorker.java:<init>(123)) - new 5e8b8e1a-7073-4f60-a6ba-65876a37d361-RaftLogWorker for Storage Directory /opt/src/hadoop-ozone/integration-test/target/test-dir/MiniOzoneClusterImpl-eb82d619-8dbe-4f21-9f65-1a5d56774ee4/datanode-1/data/ratis/e330576b-de40-4ad1-ad08-d81d1cb7c8d1
2019-06-12 14:11:55,699 INFO  server.RaftServerConfigKeys (ConfUtils.java:logGet(43)) - raft.server.log.queue.byte-limit = 2147483647 (custom)
2019-06-12 14:11:55,699 INFO  server.RaftServerConfigKeys (ConfUtils.java:logGet(43)) - raft.server.log.queue.element-limit = 1024 (custom)
2019-06-12 14:11:55,699 INFO  server.RaftServerConfigKeys (ConfUtils.java:logGet(43)) - raft.server.log.segment.size.max = 16384 (custom)
2019-06-12 14:11:55,699 INFO  server.RaftServerConfigKeys (ConfUtils.java:logGet(43)) - raft.server.log.preallocated.size = 16384 (custom)
2019-06-12 14:11:55,699 INFO  server.RaftServerConfigKeys (ConfUtils.java:logGet(43)) - raft.server.log.write.buffer.size = 33554432 (custom)
2019-06-12 14:11:55,699 INFO  server.RaftServerConfigKeys (ConfUtils.java:logGet(43)) - raft.server.log.force.sync.num = 128 (default)
2019-06-12 14:11:55,699 INFO  server.RaftServerConfigKeys (ConfUtils.java:logGet(43)) - raft.server.log.statemachine.data.sync = true (default)
2019-06-12 14:11:55,699 INFO  server.RaftServerConfigKeys (ConfUtils.java:logGet(43)) - raft.server.log.statemachine.data.sync.timeout = 10s (default)
2019-06-12 14:11:55,699 INFO  server.RaftServerConfigKeys (ConfUtils.java:logGet(43)) - raft.server.log.statemachine.data.sync.timeout.retry = -1 (default)
2019-06-12 14:11:55,699 INFO  server.RaftServerConfigKeys (ConfUtils.java:logGet(43)) - raft.server.log.statemachine.data.caching.enabled = true (custom)
2019-06-12 14:11:55,700 INFO  server.RaftServerConfigKeys (ConfUtils.java:logGet(43)) - raft.server.snapshot.auto.trigger.enabled = true (custom)
2019-06-12 14:11:55,700 INFO  server.RaftServerConfigKeys (ConfUtils.java:logGet(43)) - raft.server.snapshot.auto.trigger.threshold = 10000 (custom)
2019-06-12 14:11:55,700 INFO  server.RaftServerConfigKeys (ConfUtils.java:logGet(43)) - raft.server.retrycache.expirytime = 600000ms (custom)
2019-06-12 14:11:55,700 INFO  impl.RaftServerImpl (RaftServerImpl.java:start(173)) - 5e8b8e1a-7073-4f60-a6ba-65876a37d361: start group-D81D1CB7C8D1
2019-06-12 14:11:55,700 INFO  impl.RaftServerImpl (RaftServerImpl.java:setRole(164)) - 5e8b8e1a-7073-4f60-a6ba-65876a37d361:group-D81D1CB7C8D1 changes role from null to FOLLOWER at term 0 for startAsFollower
2019-06-12 14:11:55,700 INFO  impl.RoleInfo (RoleInfo.java:updateAndGet(143)) - 5e8b8e1a-7073-4f60-a6ba-65876a37d361: start FollowerState
2019-06-12 14:11:55,701 INFO  util.JmxRegister (JmxRegister.java:tryRegister(44)) - Successfully registered JMX Bean with object name Ratis:service=RaftServer,group=group-D81D1CB7C8D1,id=5e8b8e1a-7073-4f60-a6ba-65876a37d361
2019-06-12 14:11:55,707 INFO  pipeline.PipelineStateManager (PipelineStateManager.java:addPipeline(56)) - Created pipeline Pipeline[ Id: e330576b-de40-4ad1-ad08-d81d1cb7c8d1, Nodes: 5e8b8e1a-7073-4f60-a6ba-65876a37d361{ip: 192.168.134.127, host: ozone-vl7jm-4166937383, networkLocation: /default-rack, certSerialId: null}, Type:RATIS, Factor:ONE, State:OPEN]
2019-06-12 14:11:55,724 INFO  impl.RaftServerProxy (RaftServerProxy.java:addNew(89)) - 2c8bb1a5-eb7e-49cb-b976-e21d7edba7c7: addNew group-727B70F9DF31:[2c8bb1a5-eb7e-49cb-b976-e21d7edba7c7:192.168.134.127:44277] returns group-727B70F9DF31:java.util.concurrent.CompletableFuture@75973c6c[Not completed]
2019-06-12 14:11:55,727 INFO  impl.RaftServerImpl (RaftServerImpl.java:<init>(91)) - 2c8bb1a5-eb7e-49cb-b976-e21d7edba7c7: new RaftServerImpl for group-727B70F9DF31:[2c8bb1a5-eb7e-49cb-b976-e21d7edba7c7:192.168.134.127:44277] with ContainerStateMachine:uninitialized
2019-06-12 14:11:55,727 INFO  server.RaftServerConfigKeys (ConfUtils.java:logGet(43)) - raft.server.rpc.timeout.min = 1s (custom)
2019-06-12 14:11:55,727 INFO  server.RaftServerConfigKeys (ConfUtils.java:logGet(43)) - raft.server.rpc.timeout.max = 1200ms (custom)
2019-06-12 14:11:55,727 INFO  server.RaftServerConfigKeys (ConfUtils.java:logGet(43)) - raft.server.rpcslowness.timeout = 10s (custom)
2019-06-12 14:11:55,728 INFO  server.RaftServerConfigKeys (ConfUtils.java:logGet(43)) - raft.server.log.appender.install.snapshot.enabled = true (default)
2019-06-12 14:11:55,728 INFO  impl.RaftServerImpl (ServerState.java:<init>(101)) - 2c8bb1a5-eb7e-49cb-b976-e21d7edba7c7:group-727B70F9DF31 ConfigurationManager, init=-1: [2c8bb1a5-eb7e-49cb-b976-e21d7edba7c7:192.168.134.127:44277], old=null, confs=<EMPTY_MAP>
2019-06-12 14:11:55,728 INFO  server.RaftServerConfigKeys (ConfUtils.java:logGet(43)) - raft.server.storage.dir = [/opt/src/hadoop-ozone/integration-test/target/test-dir/MiniOzoneClusterImpl-eb82d619-8dbe-4f21-9f65-1a5d56774ee4/datanode-3/data/ratis] (custom)
2019-06-12 14:11:55,728 INFO  storage.RaftStorageDirectory (RaftStorageDirectory.java:analyzeStorage(246)) - The storage directory /opt/src/hadoop-ozone/integration-test/target/test-dir/MiniOzoneClusterImpl-eb82d619-8dbe-4f21-9f65-1a5d56774ee4/datanode-3/data/ratis/3d098ac9-743e-4097-8e76-727b70f9df31 does not exist. Creating ...
2019-06-12 14:11:55,730 INFO  storage.RaftStorageDirectory (RaftStorageDirectory.java:tryLock(328)) - Lock on /opt/src/hadoop-ozone/integration-test/target/test-dir/MiniOzoneClusterImpl-eb82d619-8dbe-4f21-9f65-1a5d56774ee4/datanode-3/data/ratis/3d098ac9-743e-4097-8e76-727b70f9df31/in_use.lock acquired by nodename 10156@ozone-vl7jm-4166937383
2019-06-12 14:11:55,732 INFO  storage.RaftStorage (RaftStorage.java:format(75)) - Storage directory /opt/src/hadoop-ozone/integration-test/target/test-dir/MiniOzoneClusterImpl-eb82d619-8dbe-4f21-9f65-1a5d56774ee4/datanode-3/data/ratis/3d098ac9-743e-4097-8e76-727b70f9df31 has been successfully formatted.
2019-06-12 14:11:55,732 INFO  ratis.ContainerStateMachine (ContainerStateMachine.java:loadSnapshot(199)) - The snapshot info is null.Setting the last applied index to:(t:0, i:~)
2019-06-12 14:11:55,733 INFO  server.RaftServerConfigKeys (ConfUtils.java:logGet(43)) - raft.server.leader.election.timeout = 10s (custom)
2019-06-12 14:11:55,733 INFO  server.RaftServerConfigKeys (ConfUtils.java:logGet(43)) - raft.server.log.use.memory = false (default)
2019-06-12 14:11:55,733 INFO  server.RaftServerConfigKeys (ConfUtils.java:logGet(43)) - raft.server.log.appender.buffer.byte-limit = 33554432 (custom)
2019-06-12 14:11:55,733 INFO  server.RaftServerConfigKeys (ConfUtils.java:logGet(43)) - raft.server.log.segment.size.max = 16384 (custom)
2019-06-12 14:11:55,733 INFO  server.RaftServerConfigKeys (ConfUtils.java:logGet(43)) - raft.server.log.segment.cache.num.max = 2 (custom)
2019-06-12 14:11:55,733 INFO  storage.RaftLogWorker (RaftLogWorker.java:<init>(123)) - new 2c8bb1a5-eb7e-49cb-b976-e21d7edba7c7-RaftLogWorker for Storage Directory /opt/src/hadoop-ozone/integration-test/target/test-dir/MiniOzoneClusterImpl-eb82d619-8dbe-4f21-9f65-1a5d56774ee4/datanode-3/data/ratis/3d098ac9-743e-4097-8e76-727b70f9df31
2019-06-12 14:11:55,733 INFO  server.RaftServerConfigKeys (ConfUtils.java:logGet(43)) - raft.server.log.queue.byte-limit = 2147483647 (custom)
2019-06-12 14:11:55,733 INFO  server.RaftServerConfigKeys (ConfUtils.java:logGet(43)) - raft.server.log.queue.element-limit = 1024 (custom)
2019-06-12 14:11:55,733 INFO  server.RaftServerConfigKeys (ConfUtils.java:logGet(43)) - raft.server.log.segment.size.max = 16384 (custom)
2019-06-12 14:11:55,734 INFO  server.RaftServerConfigKeys (ConfUtils.java:logGet(43)) - raft.server.log.preallocated.size = 16384 (custom)
2019-06-12 14:11:55,734 INFO  server.RaftServerConfigKeys (ConfUtils.java:logGet(43)) - raft.server.log.write.buffer.size = 33554432 (custom)
2019-06-12 14:11:55,734 INFO  server.RaftServerConfigKeys (ConfUtils.java:logGet(43)) - raft.server.log.force.sync.num = 128 (default)
2019-06-12 14:11:55,734 INFO  server.RaftServerConfigKeys (ConfUtils.java:logGet(43)) - raft.server.log.statemachine.data.sync = true (default)
2019-06-12 14:11:55,734 INFO  server.RaftServerConfigKeys (ConfUtils.java:logGet(43)) - raft.server.log.statemachine.data.sync.timeout = 10s (default)
2019-06-12 14:11:55,734 INFO  server.RaftServerConfigKeys (ConfUtils.java:logGet(43)) - raft.server.log.statemachine.data.sync.timeout.retry = -1 (default)
2019-06-12 14:11:55,734 INFO  server.RaftServerConfigKeys (ConfUtils.java:logGet(43)) - raft.server.log.statemachine.data.caching.enabled = true (custom)
2019-06-12 14:11:55,735 INFO  server.RaftServerConfigKeys (ConfUtils.java:logGet(43)) - raft.server.snapshot.auto.trigger.enabled = true (custom)
2019-06-12 14:11:55,735 INFO  server.RaftServerConfigKeys (ConfUtils.java:logGet(43)) - raft.server.snapshot.auto.trigger.threshold = 10000 (custom)
2019-06-12 14:11:55,735 INFO  server.RaftServerConfigKeys (ConfUtils.java:logGet(43)) - raft.server.retrycache.expirytime = 600000ms (custom)
2019-06-12 14:11:55,735 INFO  impl.RaftServerImpl (RaftServerImpl.java:start(173)) - 2c8bb1a5-eb7e-49cb-b976-e21d7edba7c7: start group-727B70F9DF31
2019-06-12 14:11:55,735 INFO  impl.RaftServerImpl (RaftServerImpl.java:setRole(164)) - 2c8bb1a5-eb7e-49cb-b976-e21d7edba7c7:group-727B70F9DF31 changes role from null to FOLLOWER at term 0 for startAsFollower
2019-06-12 14:11:55,735 INFO  impl.RoleInfo (RoleInfo.java:updateAndGet(143)) - 2c8bb1a5-eb7e-49cb-b976-e21d7edba7c7: start FollowerState
2019-06-12 14:11:55,736 INFO  util.JmxRegister (JmxRegister.java:tryRegister(44)) - Successfully registered JMX Bean with object name Ratis:service=RaftServer,group=group-727B70F9DF31,id=2c8bb1a5-eb7e-49cb-b976-e21d7edba7c7
2019-06-12 14:11:55,743 INFO  pipeline.PipelineStateManager (PipelineStateManager.java:addPipeline(56)) - Created pipeline Pipeline[ Id: 3d098ac9-743e-4097-8e76-727b70f9df31, Nodes: 2c8bb1a5-eb7e-49cb-b976-e21d7edba7c7{ip: 192.168.134.127, host: ozone-vl7jm-4166937383, networkLocation: /default-rack, certSerialId: null}, Type:RATIS, Factor:ONE, State:OPEN]
2019-06-12 14:11:55,774 INFO  impl.RaftServerProxy (RaftServerProxy.java:addNew(89)) - c1d3caf2-d8b0-4dae-a6e8-09bf334478b0: addNew group-AE523F5C6DDE:[5e8b8e1a-7073-4f60-a6ba-65876a37d361:192.168.134.127:32849, c1d3caf2-d8b0-4dae-a6e8-09bf334478b0:192.168.134.127:45649, 4ea34d92-115a-4c2a-b1da-12c8bbc074d4:192.168.134.127:37779] returns group-AE523F5C6DDE:java.util.concurrent.CompletableFuture@1b409ba4[Not completed]
2019-06-12 14:11:55,774 INFO  impl.RaftServerProxy (RaftServerProxy.java:addNew(89)) - 4ea34d92-115a-4c2a-b1da-12c8bbc074d4: addNew group-AE523F5C6DDE:[5e8b8e1a-7073-4f60-a6ba-65876a37d361:192.168.134.127:32849, c1d3caf2-d8b0-4dae-a6e8-09bf334478b0:192.168.134.127:45649, 4ea34d92-115a-4c2a-b1da-12c8bbc074d4:192.168.134.127:37779] returns group-AE523F5C6DDE:java.util.concurrent.CompletableFuture@57d22404[Not completed]
2019-06-12 14:11:55,776 INFO  impl.RaftServerProxy (RaftServerProxy.java:addNew(89)) - 5e8b8e1a-7073-4f60-a6ba-65876a37d361: addNew group-AE523F5C6DDE:[5e8b8e1a-7073-4f60-a6ba-65876a37d361:192.168.134.127:32849, c1d3caf2-d8b0-4dae-a6e8-09bf334478b0:192.168.134.127:45649, 4ea34d92-115a-4c2a-b1da-12c8bbc074d4:192.168.134.127:37779] returns group-AE523F5C6DDE:java.util.concurrent.CompletableFuture@54837d08[Not completed]
2019-06-12 14:11:55,776 INFO  impl.RaftServerImpl (RaftServerImpl.java:<init>(91)) - c1d3caf2-d8b0-4dae-a6e8-09bf334478b0: new RaftServerImpl for group-AE523F5C6DDE:[5e8b8e1a-7073-4f60-a6ba-65876a37d361:192.168.134.127:32849, c1d3caf2-d8b0-4dae-a6e8-09bf334478b0:192.168.134.127:45649, 4ea34d92-115a-4c2a-b1da-12c8bbc074d4:192.168.134.127:37779] with ContainerStateMachine:uninitialized
2019-06-12 14:11:55,777 INFO  server.RaftServerConfigKeys (ConfUtils.java:logGet(43)) - raft.server.rpc.timeout.min = 1s (custom)
2019-06-12 14:11:55,777 INFO  server.RaftServerConfigKeys (ConfUtils.java:logGet(43)) - raft.server.rpc.timeout.max = 1200ms (custom)
2019-06-12 14:11:55,777 INFO  server.RaftServerConfigKeys (ConfUtils.java:logGet(43)) - raft.server.rpcslowness.timeout = 10s (custom)
2019-06-12 14:11:55,777 INFO  server.RaftServerConfigKeys (ConfUtils.java:logGet(43)) - raft.server.log.appender.install.snapshot.enabled = true (default)
2019-06-12 14:11:55,777 INFO  impl.RaftServerImpl (RaftServerImpl.java:<init>(91)) - 4ea34d92-115a-4c2a-b1da-12c8bbc074d4: new RaftServerImpl for group-AE523F5C6DDE:[5e8b8e1a-7073-4f60-a6ba-65876a37d361:192.168.134.127:32849, c1d3caf2-d8b0-4dae-a6e8-09bf334478b0:192.168.134.127:45649, 4ea34d92-115a-4c2a-b1da-12c8bbc074d4:192.168.134.127:37779] with ContainerStateMachine:uninitialized
2019-06-12 14:11:55,777 INFO  impl.RaftServerImpl (ServerState.java:<init>(101)) - c1d3caf2-d8b0-4dae-a6e8-09bf334478b0:group-AE523F5C6DDE ConfigurationManager, init=-1: [5e8b8e1a-7073-4f60-a6ba-65876a37d361:192.168.134.127:32849, c1d3caf2-d8b0-4dae-a6e8-09bf334478b0:192.168.134.127:45649, 4ea34d92-115a-4c2a-b1da-12c8bbc074d4:192.168.134.127:37779], old=null, confs=<EMPTY_MAP>
2019-06-12 14:11:55,777 INFO  server.RaftServerConfigKeys (ConfUtils.java:logGet(43)) - raft.server.rpc.timeout.min = 1s (custom)
2019-06-12 14:11:55,777 INFO  impl.RaftServerImpl (RaftServerImpl.java:<init>(91)) - 5e8b8e1a-7073-4f60-a6ba-65876a37d361: new RaftServerImpl for group-AE523F5C6DDE:[5e8b8e1a-7073-4f60-a6ba-65876a37d361:192.168.134.127:32849, c1d3caf2-d8b0-4dae-a6e8-09bf334478b0:192.168.134.127:45649, 4ea34d92-115a-4c2a-b1da-12c8bbc074d4:192.168.134.127:37779] with ContainerStateMachine:uninitialized
2019-06-12 14:11:55,777 INFO  server.RaftServerConfigKeys (ConfUtils.java:logGet(43)) - raft.server.storage.dir = [/opt/src/hadoop-ozone/integration-test/target/test-dir/MiniOzoneClusterImpl-eb82d619-8dbe-4f21-9f65-1a5d56774ee4/datanode-0/data/ratis] (custom)
2019-06-12 14:11:55,778 INFO  storage.RaftStorageDirectory (RaftStorageDirectory.java:analyzeStorage(246)) - The storage directory /opt/src/hadoop-ozone/integration-test/target/test-dir/MiniOzoneClusterImpl-eb82d619-8dbe-4f21-9f65-1a5d56774ee4/datanode-0/data/ratis/69c1a740-cd17-4332-bd3a-ae523f5c6dde does not exist. Creating ...
2019-06-12 14:11:55,778 INFO  server.RaftServerConfigKeys (ConfUtils.java:logGet(43)) - raft.server.rpc.timeout.min = 1s (custom)
2019-06-12 14:11:55,778 INFO  server.RaftServerConfigKeys (ConfUtils.java:logGet(43)) - raft.server.rpc.timeout.max = 1200ms (custom)
2019-06-12 14:11:55,779 INFO  server.RaftServerConfigKeys (ConfUtils.java:logGet(43)) - raft.server.rpcslowness.timeout = 10s (custom)
2019-06-12 14:11:55,779 INFO  server.RaftServerConfigKeys (ConfUtils.java:logGet(43)) - raft.server.log.appender.install.snapshot.enabled = true (default)
2019-06-12 14:11:55,779 INFO  impl.RaftServerImpl (ServerState.java:<init>(101)) - 5e8b8e1a-7073-4f60-a6ba-65876a37d361:group-AE523F5C6DDE ConfigurationManager, init=-1: [5e8b8e1a-7073-4f60-a6ba-65876a37d361:192.168.134.127:32849, c1d3caf2-d8b0-4dae-a6e8-09bf334478b0:192.168.134.127:45649, 4ea34d92-115a-4c2a-b1da-12c8bbc074d4:192.168.134.127:37779], old=null, confs=<EMPTY_MAP>
2019-06-12 14:11:55,779 INFO  server.RaftServerConfigKeys (ConfUtils.java:logGet(43)) - raft.server.storage.dir = [/opt/src/hadoop-ozone/integration-test/target/test-dir/MiniOzoneClusterImpl-eb82d619-8dbe-4f21-9f65-1a5d56774ee4/datanode-1/data/ratis] (custom)
2019-06-12 14:11:55,779 INFO  storage.RaftStorageDirectory (RaftStorageDirectory.java:analyzeStorage(246)) - The storage directory /opt/src/hadoop-ozone/integration-test/target/test-dir/MiniOzoneClusterImpl-eb82d619-8dbe-4f21-9f65-1a5d56774ee4/datanode-1/data/ratis/69c1a740-cd17-4332-bd3a-ae523f5c6dde does not exist. Creating ...
2019-06-12 14:11:55,777 INFO  server.RaftServerConfigKeys (ConfUtils.java:logGet(43)) - raft.server.rpc.timeout.max = 1200ms (custom)
2019-06-12 14:11:55,780 INFO  server.RaftServerConfigKeys (ConfUtils.java:logGet(43)) - raft.server.rpcslowness.timeout = 10s (custom)
2019-06-12 14:11:55,780 INFO  server.RaftServerConfigKeys (ConfUtils.java:logGet(43)) - raft.server.log.appender.install.snapshot.enabled = true (default)
2019-06-12 14:11:55,780 INFO  impl.RaftServerImpl (ServerState.java:<init>(101)) - 4ea34d92-115a-4c2a-b1da-12c8bbc074d4:group-AE523F5C6DDE ConfigurationManager, init=-1: [5e8b8e1a-7073-4f60-a6ba-65876a37d361:192.168.134.127:32849, c1d3caf2-d8b0-4dae-a6e8-09bf334478b0:192.168.134.127:45649, 4ea34d92-115a-4c2a-b1da-12c8bbc074d4:192.168.134.127:37779], old=null, confs=<EMPTY_MAP>
2019-06-12 14:11:55,780 INFO  server.RaftServerConfigKeys (ConfUtils.java:logGet(43)) - raft.server.storage.dir = [/opt/src/hadoop-ozone/integration-test/target/test-dir/MiniOzoneClusterImpl-eb82d619-8dbe-4f21-9f65-1a5d56774ee4/datanode-2/data/ratis] (custom)
2019-06-12 14:11:55,780 INFO  storage.RaftStorageDirectory (RaftStorageDirectory.java:tryLock(328)) - Lock on /opt/src/hadoop-ozone/integration-test/target/test-dir/MiniOzoneClusterImpl-eb82d619-8dbe-4f21-9f65-1a5d56774ee4/datanode-0/data/ratis/69c1a740-cd17-4332-bd3a-ae523f5c6dde/in_use.lock acquired by nodename 10156@ozone-vl7jm-4166937383
2019-06-12 14:11:55,781 INFO  storage.RaftStorageDirectory (RaftStorageDirectory.java:analyzeStorage(246)) - The storage directory /opt/src/hadoop-ozone/integration-test/target/test-dir/MiniOzoneClusterImpl-eb82d619-8dbe-4f21-9f65-1a5d56774ee4/datanode-2/data/ratis/69c1a740-cd17-4332-bd3a-ae523f5c6dde does not exist. Creating ...
2019-06-12 14:11:55,781 INFO  storage.RaftStorageDirectory (RaftStorageDirectory.java:tryLock(328)) - Lock on /opt/src/hadoop-ozone/integration-test/target/test-dir/MiniOzoneClusterImpl-eb82d619-8dbe-4f21-9f65-1a5d56774ee4/datanode-1/data/ratis/69c1a740-cd17-4332-bd3a-ae523f5c6dde/in_use.lock acquired by nodename 10156@ozone-vl7jm-4166937383
2019-06-12 14:11:55,783 INFO  storage.RaftStorageDirectory (RaftStorageDirectory.java:tryLock(328)) - Lock on /opt/src/hadoop-ozone/integration-test/target/test-dir/MiniOzoneClusterImpl-eb82d619-8dbe-4f21-9f65-1a5d56774ee4/datanode-2/data/ratis/69c1a740-cd17-4332-bd3a-ae523f5c6dde/in_use.lock acquired by nodename 10156@ozone-vl7jm-4166937383
2019-06-12 14:11:55,783 INFO  storage.RaftStorage (RaftStorage.java:format(75)) - Storage directory /opt/src/hadoop-ozone/integration-test/target/test-dir/MiniOzoneClusterImpl-eb82d619-8dbe-4f21-9f65-1a5d56774ee4/datanode-0/data/ratis/69c1a740-cd17-4332-bd3a-ae523f5c6dde has been successfully formatted.
2019-06-12 14:11:55,783 INFO  ratis.ContainerStateMachine (ContainerStateMachine.java:loadSnapshot(199)) - The snapshot info is null.Setting the last applied index to:(t:0, i:~)
2019-06-12 14:11:55,784 INFO  server.RaftServerConfigKeys (ConfUtils.java:logGet(43)) - raft.server.leader.election.timeout = 10s (custom)
2019-06-12 14:11:55,784 INFO  storage.RaftStorage (RaftStorage.java:format(75)) - Storage directory /opt/src/hadoop-ozone/integration-test/target/test-dir/MiniOzoneClusterImpl-eb82d619-8dbe-4f21-9f65-1a5d56774ee4/datanode-1/data/ratis/69c1a740-cd17-4332-bd3a-ae523f5c6dde has been successfully formatted.
2019-06-12 14:11:55,784 INFO  server.RaftServerConfigKeys (ConfUtils.java:logGet(43)) - raft.server.log.use.memory = false (default)
2019-06-12 14:11:55,784 INFO  ratis.ContainerStateMachine (ContainerStateMachine.java:loadSnapshot(199)) - The snapshot info is null.Setting the last applied index to:(t:0, i:~)
2019-06-12 14:11:55,784 INFO  server.RaftServerConfigKeys (ConfUtils.java:logGet(43)) - raft.server.log.appender.buffer.byte-limit = 33554432 (custom)
2019-06-12 14:11:55,784 INFO  server.RaftServerConfigKeys (ConfUtils.java:logGet(43)) - raft.server.log.segment.size.max = 16384 (custom)
2019-06-12 14:11:55,784 INFO  server.RaftServerConfigKeys (ConfUtils.java:logGet(43)) - raft.server.log.segment.cache.num.max = 2 (custom)
2019-06-12 14:11:55,784 INFO  storage.RaftLogWorker (RaftLogWorker.java:<init>(123)) - new c1d3caf2-d8b0-4dae-a6e8-09bf334478b0-RaftLogWorker for Storage Directory /opt/src/hadoop-ozone/integration-test/target/test-dir/MiniOzoneClusterImpl-eb82d619-8dbe-4f21-9f65-1a5d56774ee4/datanode-0/data/ratis/69c1a740-cd17-4332-bd3a-ae523f5c6dde
2019-06-12 14:11:55,785 INFO  server.RaftServerConfigKeys (ConfUtils.java:logGet(43)) - raft.server.log.queue.byte-limit = 2147483647 (custom)
2019-06-12 14:11:55,785 INFO  server.RaftServerConfigKeys (ConfUtils.java:logGet(43)) - raft.server.log.queue.element-limit = 1024 (custom)
2019-06-12 14:11:55,785 INFO  server.RaftServerConfigKeys (ConfUtils.java:logGet(43)) - raft.server.log.segment.size.max = 16384 (custom)
2019-06-12 14:11:55,785 INFO  server.RaftServerConfigKeys (ConfUtils.java:logGet(43)) - raft.server.log.preallocated.size = 16384 (custom)
2019-06-12 14:11:55,785 INFO  server.RaftServerConfigKeys (ConfUtils.java:logGet(43)) - raft.server.log.write.buffer.size = 33554432 (custom)
2019-06-12 14:11:55,785 INFO  server.RaftServerConfigKeys (ConfUtils.java:logGet(43)) - raft.server.log.force.sync.num = 128 (default)
2019-06-12 14:11:55,785 INFO  server.RaftServerConfigKeys (ConfUtils.java:logGet(43)) - raft.server.log.statemachine.data.sync = true (default)
2019-06-12 14:11:55,785 INFO  server.RaftServerConfigKeys (ConfUtils.java:logGet(43)) - raft.server.log.statemachine.data.sync.timeout = 10s (default)
2019-06-12 14:11:55,785 INFO  server.RaftServerConfigKeys (ConfUtils.java:logGet(43)) - raft.server.log.statemachine.data.sync.timeout.retry = -1 (default)
2019-06-12 14:11:55,786 INFO  storage.RaftStorage (RaftStorage.java:format(75)) - Storage directory /opt/src/hadoop-ozone/integration-test/target/test-dir/MiniOzoneClusterImpl-eb82d619-8dbe-4f21-9f65-1a5d56774ee4/datanode-2/data/ratis/69c1a740-cd17-4332-bd3a-ae523f5c6dde has been successfully formatted.
2019-06-12 14:11:55,784 INFO  server.RaftServerConfigKeys (ConfUtils.java:logGet(43)) - raft.server.leader.election.timeout = 10s (custom)
2019-06-12 14:11:55,786 INFO  ratis.ContainerStateMachine (ContainerStateMachine.java:loadSnapshot(199)) - The snapshot info is null.Setting the last applied index to:(t:0, i:~)
2019-06-12 14:11:55,786 INFO  server.RaftServerConfigKeys (ConfUtils.java:logGet(43)) - raft.server.log.use.memory = false (default)
2019-06-12 14:11:55,786 INFO  server.RaftServerConfigKeys (ConfUtils.java:logGet(43)) - raft.server.log.statemachine.data.caching.enabled = true (custom)
2019-06-12 14:11:55,786 INFO  server.RaftServerConfigKeys (ConfUtils.java:logGet(43)) - raft.server.log.appender.buffer.byte-limit = 33554432 (custom)
2019-06-12 14:11:55,786 INFO  server.RaftServerConfigKeys (ConfUtils.java:logGet(43)) - raft.server.log.segment.size.max = 16384 (custom)
2019-06-12 14:11:55,786 INFO  server.RaftServerConfigKeys (ConfUtils.java:logGet(43)) - raft.server.log.segment.cache.num.max = 2 (custom)
2019-06-12 14:11:55,786 INFO  server.RaftServerConfigKeys (ConfUtils.java:logGet(43)) - raft.server.snapshot.auto.trigger.enabled = true (custom)
2019-06-12 14:11:55,786 INFO  server.RaftServerConfigKeys (ConfUtils.java:logGet(43)) - raft.server.leader.election.timeout = 10s (custom)
2019-06-12 14:11:55,786 INFO  server.RaftServerConfigKeys (ConfUtils.java:logGet(43)) - raft.server.snapshot.auto.trigger.threshold = 10000 (custom)
2019-06-12 14:11:55,786 INFO  storage.RaftLogWorker (RaftLogWorker.java:<init>(123)) - new 5e8b8e1a-7073-4f60-a6ba-65876a37d361-RaftLogWorker for Storage Directory /opt/src/hadoop-ozone/integration-test/target/test-dir/MiniOzoneClusterImpl-eb82d619-8dbe-4f21-9f65-1a5d56774ee4/datanode-1/data/ratis/69c1a740-cd17-4332-bd3a-ae523f5c6dde
2019-06-12 14:11:55,787 INFO  server.RaftServerConfigKeys (ConfUtils.java:logGet(43)) - raft.server.log.queue.byte-limit = 2147483647 (custom)
2019-06-12 14:11:55,787 INFO  server.RaftServerConfigKeys (ConfUtils.java:logGet(43)) - raft.server.log.queue.element-limit = 1024 (custom)
2019-06-12 14:11:55,787 INFO  server.RaftServerConfigKeys (ConfUtils.java:logGet(43)) - raft.server.log.segment.size.max = 16384 (custom)
2019-06-12 14:11:55,787 INFO  server.RaftServerConfigKeys (ConfUtils.java:logGet(43)) - raft.server.log.preallocated.size = 16384 (custom)
2019-06-12 14:11:55,787 INFO  server.RaftServerConfigKeys (ConfUtils.java:logGet(43)) - raft.server.log.write.buffer.size = 33554432 (custom)
2019-06-12 14:11:55,787 INFO  server.RaftServerConfigKeys (ConfUtils.java:logGet(43)) - raft.server.log.force.sync.num = 128 (default)
2019-06-12 14:11:55,787 INFO  server.RaftServerConfigKeys (ConfUtils.java:logGet(43)) - raft.server.log.statemachine.data.sync = true (default)
2019-06-12 14:11:55,787 INFO  server.RaftServerConfigKeys (ConfUtils.java:logGet(43)) - raft.server.log.statemachine.data.sync.timeout = 10s (default)
2019-06-12 14:11:55,787 INFO  server.RaftServerConfigKeys (ConfUtils.java:logGet(43)) - raft.server.log.statemachine.data.sync.timeout.retry = -1 (default)
2019-06-12 14:11:55,787 INFO  server.RaftServerConfigKeys (ConfUtils.java:logGet(43)) - raft.server.log.statemachine.data.caching.enabled = true (custom)
2019-06-12 14:11:55,787 INFO  server.RaftServerConfigKeys (ConfUtils.java:logGet(43)) - raft.server.log.use.memory = false (default)
2019-06-12 14:11:55,788 INFO  server.RaftServerConfigKeys (ConfUtils.java:logGet(43)) - raft.server.snapshot.auto.trigger.enabled = true (custom)
2019-06-12 14:11:55,788 INFO  server.RaftServerConfigKeys (ConfUtils.java:logGet(43)) - raft.server.snapshot.auto.trigger.threshold = 10000 (custom)
2019-06-12 14:11:55,788 INFO  server.RaftServerConfigKeys (ConfUtils.java:logGet(43)) - raft.server.retrycache.expirytime = 600000ms (custom)
2019-06-12 14:11:55,788 INFO  impl.RaftServerImpl (RaftServerImpl.java:start(173)) - 5e8b8e1a-7073-4f60-a6ba-65876a37d361: start group-AE523F5C6DDE
2019-06-12 14:11:55,788 INFO  impl.RaftServerImpl (RaftServerImpl.java:setRole(164)) - 5e8b8e1a-7073-4f60-a6ba-65876a37d361:group-AE523F5C6DDE changes role from null to FOLLOWER at term 0 for startAsFollower
2019-06-12 14:11:55,788 INFO  impl.RoleInfo (RoleInfo.java:updateAndGet(143)) - 5e8b8e1a-7073-4f60-a6ba-65876a37d361: start FollowerState
2019-06-12 14:11:55,787 INFO  server.RaftServerConfigKeys (ConfUtils.java:logGet(43)) - raft.server.retrycache.expirytime = 600000ms (custom)
2019-06-12 14:11:55,788 INFO  server.RaftServerConfigKeys (ConfUtils.java:logGet(43)) - raft.server.log.appender.buffer.byte-limit = 33554432 (custom)
2019-06-12 14:11:55,789 INFO  server.RaftServerConfigKeys (ConfUtils.java:logGet(43)) - raft.server.log.segment.size.max = 16384 (custom)
2019-06-12 14:11:55,789 INFO  server.RaftServerConfigKeys (ConfUtils.java:logGet(43)) - raft.server.log.segment.cache.num.max = 2 (custom)
2019-06-12 14:11:55,789 INFO  storage.RaftLogWorker (RaftLogWorker.java:<init>(123)) - new 4ea34d92-115a-4c2a-b1da-12c8bbc074d4-RaftLogWorker for Storage Directory /opt/src/hadoop-ozone/integration-test/target/test-dir/MiniOzoneClusterImpl-eb82d619-8dbe-4f21-9f65-1a5d56774ee4/datanode-2/data/ratis/69c1a740-cd17-4332-bd3a-ae523f5c6dde
2019-06-12 14:11:55,789 INFO  server.RaftServerConfigKeys (ConfUtils.java:logGet(43)) - raft.server.log.queue.byte-limit = 2147483647 (custom)
2019-06-12 14:11:55,789 INFO  server.RaftServerConfigKeys (ConfUtils.java:logGet(43)) - raft.server.log.queue.element-limit = 1024 (custom)
2019-06-12 14:11:55,789 INFO  server.RaftServerConfigKeys (ConfUtils.java:logGet(43)) - raft.server.log.segment.size.max = 16384 (custom)
2019-06-12 14:11:55,789 INFO  server.RaftServerConfigKeys (ConfUtils.java:logGet(43)) - raft.server.log.preallocated.size = 16384 (custom)
2019-06-12 14:11:55,789 INFO  server.RaftServerConfigKeys (ConfUtils.java:logGet(43)) - raft.server.log.write.buffer.size = 33554432 (custom)
2019-06-12 14:11:55,790 INFO  server.RaftServerConfigKeys (ConfUtils.java:logGet(43)) - raft.server.log.force.sync.num = 128 (default)
2019-06-12 14:11:55,790 INFO  server.RaftServerConfigKeys (ConfUtils.java:logGet(43)) - raft.server.log.statemachine.data.sync = true (default)
2019-06-12 14:11:55,790 INFO  server.RaftServerConfigKeys (ConfUtils.java:logGet(43)) - raft.server.log.statemachine.data.sync.timeout = 10s (default)
2019-06-12 14:11:55,790 INFO  server.RaftServerConfigKeys (ConfUtils.java:logGet(43)) - raft.server.log.statemachine.data.sync.timeout.retry = -1 (default)
2019-06-12 14:11:55,790 INFO  server.RaftServerConfigKeys (ConfUtils.java:logGet(43)) - raft.server.log.statemachine.data.caching.enabled = true (custom)
2019-06-12 14:11:55,789 INFO  impl.RaftServerImpl (RaftServerImpl.java:start(173)) - c1d3caf2-d8b0-4dae-a6e8-09bf334478b0: start group-AE523F5C6DDE
2019-06-12 14:11:55,790 INFO  impl.RaftServerImpl (RaftServerImpl.java:setRole(164)) - c1d3caf2-d8b0-4dae-a6e8-09bf334478b0:group-AE523F5C6DDE changes role from null to FOLLOWER at term 0 for startAsFollower
2019-06-12 14:11:55,790 INFO  impl.RoleInfo (RoleInfo.java:updateAndGet(143)) - c1d3caf2-d8b0-4dae-a6e8-09bf334478b0: start FollowerState
2019-06-12 14:11:55,789 INFO  util.JmxRegister (JmxRegister.java:tryRegister(44)) - Successfully registered JMX Bean with object name Ratis:service=RaftServer,group=group-AE523F5C6DDE,id=5e8b8e1a-7073-4f60-a6ba-65876a37d361
2019-06-12 14:11:55,790 INFO  server.RaftServerConfigKeys (ConfUtils.java:logGet(43)) - raft.server.snapshot.auto.trigger.enabled = true (custom)
2019-06-12 14:11:55,791 INFO  util.JmxRegister (JmxRegister.java:tryRegister(44)) - Successfully registered JMX Bean with object name Ratis:service=RaftServer,group=group-AE523F5C6DDE,id=c1d3caf2-d8b0-4dae-a6e8-09bf334478b0
2019-06-12 14:11:55,791 INFO  server.RaftServerConfigKeys (ConfUtils.java:logGet(43)) - raft.server.snapshot.auto.trigger.threshold = 10000 (custom)
2019-06-12 14:11:55,791 INFO  server.RaftServerConfigKeys (ConfUtils.java:logGet(43)) - raft.server.retrycache.expirytime = 600000ms (custom)
2019-06-12 14:11:55,791 INFO  impl.RaftServerImpl (RaftServerImpl.java:start(173)) - 4ea34d92-115a-4c2a-b1da-12c8bbc074d4: start group-AE523F5C6DDE
2019-06-12 14:11:55,791 INFO  impl.RaftServerImpl (RaftServerImpl.java:setRole(164)) - 4ea34d92-115a-4c2a-b1da-12c8bbc074d4:group-AE523F5C6DDE changes role from null to FOLLOWER at term 0 for startAsFollower
2019-06-12 14:11:55,791 INFO  impl.RoleInfo (RoleInfo.java:updateAndGet(143)) - 4ea34d92-115a-4c2a-b1da-12c8bbc074d4: start FollowerState
2019-06-12 14:11:55,792 INFO  util.JmxRegister (JmxRegister.java:tryRegister(44)) - Successfully registered JMX Bean with object name Ratis:service=RaftServer,group=group-AE523F5C6DDE,id=4ea34d92-115a-4c2a-b1da-12c8bbc074d4
2019-06-12 14:11:55,808 INFO  pipeline.PipelineStateManager (PipelineStateManager.java:addPipeline(56)) - Created pipeline Pipeline[ Id: 69c1a740-cd17-4332-bd3a-ae523f5c6dde, Nodes: 4ea34d92-115a-4c2a-b1da-12c8bbc074d4{ip: 192.168.134.127, host: ozone-vl7jm-4166937383, networkLocation: /default-rack, certSerialId: null}5e8b8e1a-7073-4f60-a6ba-65876a37d361{ip: 192.168.134.127, host: ozone-vl7jm-4166937383, networkLocation: /default-rack, certSerialId: null}c1d3caf2-d8b0-4dae-a6e8-09bf334478b0{ip: 192.168.134.127, host: ozone-vl7jm-4166937383, networkLocation: /default-rack, certSerialId: null}, Type:RATIS, Factor:THREE, State:OPEN]
2019-06-12 14:11:55,835 INFO  node.SCMNodeManager (SCMNodeManager.java:register(234)) - Registered Data node : 5100fa34-3c66-4ada-b5d8-81f690798475{ip: 192.168.134.127, host: ozone-vl7jm-4166937383, networkLocation: /default-rack, certSerialId: null}
2019-06-12 14:11:55,848 INFO  impl.RaftServerProxy (RaftServerProxy.java:addNew(89)) - 5100fa34-3c66-4ada-b5d8-81f690798475: addNew group-7EE7265C3ED6:[5100fa34-3c66-4ada-b5d8-81f690798475:192.168.134.127:46325] returns group-7EE7265C3ED6:java.util.concurrent.CompletableFuture@6bc5e8ac[Not completed]
2019-06-12 14:11:55,849 INFO  impl.RaftServerImpl (RaftServerImpl.java:<init>(91)) - 5100fa34-3c66-4ada-b5d8-81f690798475: new RaftServerImpl for group-7EE7265C3ED6:[5100fa34-3c66-4ada-b5d8-81f690798475:192.168.134.127:46325] with ContainerStateMachine:uninitialized
2019-06-12 14:11:55,849 INFO  server.RaftServerConfigKeys (ConfUtils.java:logGet(43)) - raft.server.rpc.timeout.min = 1s (custom)
2019-06-12 14:11:55,850 INFO  server.RaftServerConfigKeys (ConfUtils.java:logGet(43)) - raft.server.rpc.timeout.max = 1200ms (custom)
2019-06-12 14:11:55,850 INFO  server.RaftServerConfigKeys (ConfUtils.java:logGet(43)) - raft.server.rpcslowness.timeout = 10s (custom)
2019-06-12 14:11:55,850 INFO  server.RaftServerConfigKeys (ConfUtils.java:logGet(43)) - raft.server.log.appender.install.snapshot.enabled = true (default)
2019-06-12 14:11:55,850 INFO  impl.RaftServerImpl (ServerState.java:<init>(101)) - 5100fa34-3c66-4ada-b5d8-81f690798475:group-7EE7265C3ED6 ConfigurationManager, init=-1: [5100fa34-3c66-4ada-b5d8-81f690798475:192.168.134.127:46325], old=null, confs=<EMPTY_MAP>
2019-06-12 14:11:55,850 INFO  server.RaftServerConfigKeys (ConfUtils.java:logGet(43)) - raft.server.storage.dir = [/opt/src/hadoop-ozone/integration-test/target/test-dir/MiniOzoneClusterImpl-eb82d619-8dbe-4f21-9f65-1a5d56774ee4/datanode-4/data/ratis] (custom)
2019-06-12 14:11:55,850 INFO  storage.RaftStorageDirectory (RaftStorageDirectory.java:analyzeStorage(246)) - The storage directory /opt/src/hadoop-ozone/integration-test/target/test-dir/MiniOzoneClusterImpl-eb82d619-8dbe-4f21-9f65-1a5d56774ee4/datanode-4/data/ratis/af71735c-d136-40e5-9d87-7ee7265c3ed6 does not exist. Creating ...
2019-06-12 14:11:55,852 INFO  storage.RaftStorageDirectory (RaftStorageDirectory.java:tryLock(328)) - Lock on /opt/src/hadoop-ozone/integration-test/target/test-dir/MiniOzoneClusterImpl-eb82d619-8dbe-4f21-9f65-1a5d56774ee4/datanode-4/data/ratis/af71735c-d136-40e5-9d87-7ee7265c3ed6/in_use.lock acquired by nodename 10156@ozone-vl7jm-4166937383
2019-06-12 14:11:55,854 INFO  storage.RaftStorage (RaftStorage.java:format(75)) - Storage directory /opt/src/hadoop-ozone/integration-test/target/test-dir/MiniOzoneClusterImpl-eb82d619-8dbe-4f21-9f65-1a5d56774ee4/datanode-4/data/ratis/af71735c-d136-40e5-9d87-7ee7265c3ed6 has been successfully formatted.
2019-06-12 14:11:55,854 INFO  ratis.ContainerStateMachine (ContainerStateMachine.java:loadSnapshot(199)) - The snapshot info is null.Setting the last applied index to:(t:0, i:~)
2019-06-12 14:11:55,854 INFO  server.RaftServerConfigKeys (ConfUtils.java:logGet(43)) - raft.server.leader.election.timeout = 10s (custom)
2019-06-12 14:11:55,854 INFO  server.RaftServerConfigKeys (ConfUtils.java:logGet(43)) - raft.server.log.use.memory = false (default)
2019-06-12 14:11:55,855 INFO  server.RaftServerConfigKeys (ConfUtils.java:logGet(43)) - raft.server.log.appender.buffer.byte-limit = 33554432 (custom)
2019-06-12 14:11:55,855 INFO  server.RaftServerConfigKeys (ConfUtils.java:logGet(43)) - raft.server.log.segment.size.max = 16384 (custom)
2019-06-12 14:11:55,855 INFO  server.RaftServerConfigKeys (ConfUtils.java:logGet(43)) - raft.server.log.segment.cache.num.max = 2 (custom)
2019-06-12 14:11:55,855 INFO  storage.RaftLogWorker (RaftLogWorker.java:<init>(123)) - new 5100fa34-3c66-4ada-b5d8-81f690798475-RaftLogWorker for Storage Directory /opt/src/hadoop-ozone/integration-test/target/test-dir/MiniOzoneClusterImpl-eb82d619-8dbe-4f21-9f65-1a5d56774ee4/datanode-4/data/ratis/af71735c-d136-40e5-9d87-7ee7265c3ed6
2019-06-12 14:11:55,855 INFO  server.RaftServerConfigKeys (ConfUtils.java:logGet(43)) - raft.server.log.queue.byte-limit = 2147483647 (custom)
2019-06-12 14:11:55,855 INFO  server.RaftServerConfigKeys (ConfUtils.java:logGet(43)) - raft.server.log.queue.element-limit = 1024 (custom)
2019-06-12 14:11:55,855 INFO  server.RaftServerConfigKeys (ConfUtils.java:logGet(43)) - raft.server.log.segment.size.max = 16384 (custom)
2019-06-12 14:11:55,855 INFO  server.RaftServerConfigKeys (ConfUtils.java:logGet(43)) - raft.server.log.preallocated.size = 16384 (custom)
2019-06-12 14:11:55,855 INFO  server.RaftServerConfigKeys (ConfUtils.java:logGet(43)) - raft.server.log.write.buffer.size = 33554432 (custom)
2019-06-12 14:11:55,855 INFO  server.RaftServerConfigKeys (ConfUtils.java:logGet(43)) - raft.server.log.force.sync.num = 128 (default)
2019-06-12 14:11:55,855 INFO  server.RaftServerConfigKeys (ConfUtils.java:logGet(43)) - raft.server.log.statemachine.data.sync = true (default)
2019-06-12 14:11:55,855 INFO  server.RaftServerConfigKeys (ConfUtils.java:logGet(43)) - raft.server.log.statemachine.data.sync.timeout = 10s (default)
2019-06-12 14:11:55,855 INFO  server.RaftServerConfigKeys (ConfUtils.java:logGet(43)) - raft.server.log.statemachine.data.sync.timeout.retry = -1 (default)
2019-06-12 14:11:55,856 INFO  server.RaftServerConfigKeys (ConfUtils.java:logGet(43)) - raft.server.log.statemachine.data.caching.enabled = true (custom)
2019-06-12 14:11:55,856 INFO  server.RaftServerConfigKeys (ConfUtils.java:logGet(43)) - raft.server.snapshot.auto.trigger.enabled = true (custom)
2019-06-12 14:11:55,856 INFO  server.RaftServerConfigKeys (ConfUtils.java:logGet(43)) - raft.server.snapshot.auto.trigger.threshold = 10000 (custom)
2019-06-12 14:11:55,856 INFO  server.RaftServerConfigKeys (ConfUtils.java:logGet(43)) - raft.server.retrycache.expirytime = 600000ms (custom)
2019-06-12 14:11:55,856 INFO  impl.RaftServerImpl (RaftServerImpl.java:start(173)) - 5100fa34-3c66-4ada-b5d8-81f690798475: start group-7EE7265C3ED6
2019-06-12 14:11:55,856 INFO  impl.RaftServerImpl (RaftServerImpl.java:setRole(164)) - 5100fa34-3c66-4ada-b5d8-81f690798475:group-7EE7265C3ED6 changes role from null to FOLLOWER at term 0 for startAsFollower
2019-06-12 14:11:55,857 INFO  impl.RoleInfo (RoleInfo.java:updateAndGet(143)) - 5100fa34-3c66-4ada-b5d8-81f690798475: start FollowerState
2019-06-12 14:11:55,858 INFO  util.JmxRegister (JmxRegister.java:tryRegister(44)) - Successfully registered JMX Bean with object name Ratis:service=RaftServer,group=group-7EE7265C3ED6,id=5100fa34-3c66-4ada-b5d8-81f690798475
2019-06-12 14:11:55,867 INFO  pipeline.PipelineStateManager (PipelineStateManager.java:addPipeline(56)) - Created pipeline Pipeline[ Id: af71735c-d136-40e5-9d87-7ee7265c3ed6, Nodes: 5100fa34-3c66-4ada-b5d8-81f690798475{ip: 192.168.134.127, host: ozone-vl7jm-4166937383, networkLocation: /default-rack, certSerialId: null}, Type:RATIS, Factor:ONE, State:OPEN]
2019-06-12 14:11:56,053 INFO  ozone.MiniOzoneClusterImpl (MiniOzoneClusterImpl.java:lambda$waitForClusterToBeReady$0(142)) - Waiting for cluster to be ready. Got 5 of 6 DN Heartbeats.
2019-06-12 14:11:56,057 INFO  node.SCMNodeManager (SCMNodeManager.java:register(234)) - Registered Data node : 110a3baa-22eb-4cdd-9344-83fc5509531d{ip: 192.168.134.127, host: ozone-vl7jm-4166937383, networkLocation: /default-rack, certSerialId: null}
2019-06-12 14:11:56,068 INFO  impl.RaftServerProxy (RaftServerProxy.java:addNew(89)) - 110a3baa-22eb-4cdd-9344-83fc5509531d: addNew group-869064B0BD56:[110a3baa-22eb-4cdd-9344-83fc5509531d:192.168.134.127:33727] returns group-869064B0BD56:java.util.concurrent.CompletableFuture@7591887c[Not completed]
2019-06-12 14:11:56,069 INFO  impl.RaftServerImpl (RaftServerImpl.java:<init>(91)) - 110a3baa-22eb-4cdd-9344-83fc5509531d: new RaftServerImpl for group-869064B0BD56:[110a3baa-22eb-4cdd-9344-83fc5509531d:192.168.134.127:33727] with ContainerStateMachine:uninitialized
2019-06-12 14:11:56,069 INFO  server.RaftServerConfigKeys (ConfUtils.java:logGet(43)) - raft.server.rpc.timeout.min = 1s (custom)
2019-06-12 14:11:56,069 INFO  server.RaftServerConfigKeys (ConfUtils.java:logGet(43)) - raft.server.rpc.timeout.max = 1200ms (custom)
2019-06-12 14:11:56,069 INFO  server.RaftServerConfigKeys (ConfUtils.java:logGet(43)) - raft.server.rpcslowness.timeout = 10s (custom)
2019-06-12 14:11:56,069 INFO  server.RaftServerConfigKeys (ConfUtils.java:logGet(43)) - raft.server.log.appender.install.snapshot.enabled = true (default)
2019-06-12 14:11:56,069 INFO  impl.RaftServerImpl (ServerState.java:<init>(101)) - 110a3baa-22eb-4cdd-9344-83fc5509531d:group-869064B0BD56 ConfigurationManager, init=-1: [110a3baa-22eb-4cdd-9344-83fc5509531d:192.168.134.127:33727], old=null, confs=<EMPTY_MAP>
2019-06-12 14:11:56,070 INFO  server.RaftServerConfigKeys (ConfUtils.java:logGet(43)) - raft.server.storage.dir = [/opt/src/hadoop-ozone/integration-test/target/test-dir/MiniOzoneClusterImpl-eb82d619-8dbe-4f21-9f65-1a5d56774ee4/datanode-5/data/ratis] (custom)
2019-06-12 14:11:56,070 INFO  storage.RaftStorageDirectory (RaftStorageDirectory.java:analyzeStorage(246)) - The storage directory /opt/src/hadoop-ozone/integration-test/target/test-dir/MiniOzoneClusterImpl-eb82d619-8dbe-4f21-9f65-1a5d56774ee4/datanode-5/data/ratis/2e7d0a38-ecf1-463e-915f-869064b0bd56 does not exist. Creating ...
2019-06-12 14:11:56,072 INFO  storage.RaftStorageDirectory (RaftStorageDirectory.java:tryLock(328)) - Lock on /opt/src/hadoop-ozone/integration-test/target/test-dir/MiniOzoneClusterImpl-eb82d619-8dbe-4f21-9f65-1a5d56774ee4/datanode-5/data/ratis/2e7d0a38-ecf1-463e-915f-869064b0bd56/in_use.lock acquired by nodename 10156@ozone-vl7jm-4166937383
2019-06-12 14:11:56,074 INFO  storage.RaftStorage (RaftStorage.java:format(75)) - Storage directory /opt/src/hadoop-ozone/integration-test/target/test-dir/MiniOzoneClusterImpl-eb82d619-8dbe-4f21-9f65-1a5d56774ee4/datanode-5/data/ratis/2e7d0a38-ecf1-463e-915f-869064b0bd56 has been successfully formatted.
2019-06-12 14:11:56,074 INFO  ratis.ContainerStateMachine (ContainerStateMachine.java:loadSnapshot(199)) - The snapshot info is null.Setting the last applied index to:(t:0, i:~)
2019-06-12 14:11:56,074 INFO  server.RaftServerConfigKeys (ConfUtils.java:logGet(43)) - raft.server.leader.election.timeout = 10s (custom)
2019-06-12 14:11:56,074 INFO  server.RaftServerConfigKeys (ConfUtils.java:logGet(43)) - raft.server.log.use.memory = false (default)
2019-06-12 14:11:56,074 INFO  server.RaftServerConfigKeys (ConfUtils.java:logGet(43)) - raft.server.log.appender.buffer.byte-limit = 33554432 (custom)
2019-06-12 14:11:56,074 INFO  server.RaftServerConfigKeys (ConfUtils.java:logGet(43)) - raft.server.log.segment.size.max = 16384 (custom)
2019-06-12 14:11:56,075 INFO  server.RaftServerConfigKeys (ConfUtils.java:logGet(43)) - raft.server.log.segment.cache.num.max = 2 (custom)
2019-06-12 14:11:56,075 INFO  storage.RaftLogWorker (RaftLogWorker.java:<init>(123)) - new 110a3baa-22eb-4cdd-9344-83fc5509531d-RaftLogWorker for Storage Directory /opt/src/hadoop-ozone/integration-test/target/test-dir/MiniOzoneClusterImpl-eb82d619-8dbe-4f21-9f65-1a5d56774ee4/datanode-5/data/ratis/2e7d0a38-ecf1-463e-915f-869064b0bd56
2019-06-12 14:11:56,075 INFO  server.RaftServerConfigKeys (ConfUtils.java:logGet(43)) - raft.server.log.queue.byte-limit = 2147483647 (custom)
2019-06-12 14:11:56,075 INFO  server.RaftServerConfigKeys (ConfUtils.java:logGet(43)) - raft.server.log.queue.element-limit = 1024 (custom)
2019-06-12 14:11:56,075 INFO  server.RaftServerConfigKeys (ConfUtils.java:logGet(43)) - raft.server.log.segment.size.max = 16384 (custom)
2019-06-12 14:11:56,075 INFO  server.RaftServerConfigKeys (ConfUtils.java:logGet(43)) - raft.server.log.preallocated.size = 16384 (custom)
2019-06-12 14:11:56,075 INFO  server.RaftServerConfigKeys (ConfUtils.java:logGet(43)) - raft.server.log.write.buffer.size = 33554432 (custom)
2019-06-12 14:11:56,075 INFO  server.RaftServerConfigKeys (ConfUtils.java:logGet(43)) - raft.server.log.force.sync.num = 128 (default)
2019-06-12 14:11:56,075 INFO  server.RaftServerConfigKeys (ConfUtils.java:logGet(43)) - raft.server.log.statemachine.data.sync = true (default)
2019-06-12 14:11:56,075 INFO  server.RaftServerConfigKeys (ConfUtils.java:logGet(43)) - raft.server.log.statemachine.data.sync.timeout = 10s (default)
2019-06-12 14:11:56,075 INFO  server.RaftServerConfigKeys (ConfUtils.java:logGet(43)) - raft.server.log.statemachine.data.sync.timeout.retry = -1 (default)
2019-06-12 14:11:56,075 INFO  server.RaftServerConfigKeys (ConfUtils.java:logGet(43)) - raft.server.log.statemachine.data.caching.enabled = true (custom)
2019-06-12 14:11:56,076 INFO  server.RaftServerConfigKeys (ConfUtils.java:logGet(43)) - raft.server.snapshot.auto.trigger.enabled = true (custom)
2019-06-12 14:11:56,076 INFO  server.RaftServerConfigKeys (ConfUtils.java:logGet(43)) - raft.server.snapshot.auto.trigger.threshold = 10000 (custom)
2019-06-12 14:11:56,076 INFO  server.RaftServerConfigKeys (ConfUtils.java:logGet(43)) - raft.server.retrycache.expirytime = 600000ms (custom)
2019-06-12 14:11:56,076 INFO  impl.RaftServerImpl (RaftServerImpl.java:start(173)) - 110a3baa-22eb-4cdd-9344-83fc5509531d: start group-869064B0BD56
2019-06-12 14:11:56,076 INFO  impl.RaftServerImpl (RaftServerImpl.java:setRole(164)) - 110a3baa-22eb-4cdd-9344-83fc5509531d:group-869064B0BD56 changes role from null to FOLLOWER at term 0 for startAsFollower
2019-06-12 14:11:56,076 INFO  impl.RoleInfo (RoleInfo.java:updateAndGet(143)) - 110a3baa-22eb-4cdd-9344-83fc5509531d: start FollowerState
2019-06-12 14:11:56,076 INFO  util.JmxRegister (JmxRegister.java:tryRegister(44)) - Successfully registered JMX Bean with object name Ratis:service=RaftServer,group=group-869064B0BD56,id=110a3baa-22eb-4cdd-9344-83fc5509531d
2019-06-12 14:11:56,083 INFO  pipeline.PipelineStateManager (PipelineStateManager.java:addPipeline(56)) - Created pipeline Pipeline[ Id: 2e7d0a38-ecf1-463e-915f-869064b0bd56, Nodes: 110a3baa-22eb-4cdd-9344-83fc5509531d{ip: 192.168.134.127, host: ozone-vl7jm-4166937383, networkLocation: /default-rack, certSerialId: null}, Type:RATIS, Factor:ONE, State:OPEN]
2019-06-12 14:11:56,103 INFO  impl.RaftServerProxy (RaftServerProxy.java:addNew(89)) - 5100fa34-3c66-4ada-b5d8-81f690798475: addNew group-2BF02729AF58:[5100fa34-3c66-4ada-b5d8-81f690798475:192.168.134.127:46325, 2c8bb1a5-eb7e-49cb-b976-e21d7edba7c7:192.168.134.127:44277, 110a3baa-22eb-4cdd-9344-83fc5509531d:192.168.134.127:33727] returns group-2BF02729AF58:java.util.concurrent.CompletableFuture@16ef2e3f[Not completed]
2019-06-12 14:11:56,103 INFO  impl.RaftServerProxy (RaftServerProxy.java:addNew(89)) - 2c8bb1a5-eb7e-49cb-b976-e21d7edba7c7: addNew group-2BF02729AF58:[5100fa34-3c66-4ada-b5d8-81f690798475:192.168.134.127:46325, 2c8bb1a5-eb7e-49cb-b976-e21d7edba7c7:192.168.134.127:44277, 110a3baa-22eb-4cdd-9344-83fc5509531d:192.168.134.127:33727] returns group-2BF02729AF58:java.util.concurrent.CompletableFuture@5f226159[Not completed]
2019-06-12 14:11:56,103 INFO  impl.RaftServerImpl (RaftServerImpl.java:<init>(91)) - 5100fa34-3c66-4ada-b5d8-81f690798475: new RaftServerImpl for group-2BF02729AF58:[5100fa34-3c66-4ada-b5d8-81f690798475:192.168.134.127:46325, 2c8bb1a5-eb7e-49cb-b976-e21d7edba7c7:192.168.134.127:44277, 110a3baa-22eb-4cdd-9344-83fc5509531d:192.168.134.127:33727] with ContainerStateMachine:uninitialized
2019-06-12 14:11:56,103 INFO  server.RaftServerConfigKeys (ConfUtils.java:logGet(43)) - raft.server.rpc.timeout.min = 1s (custom)
2019-06-12 14:11:56,103 INFO  server.RaftServerConfigKeys (ConfUtils.java:logGet(43)) - raft.server.rpc.timeout.max = 1200ms (custom)
2019-06-12 14:11:56,103 INFO  server.RaftServerConfigKeys (ConfUtils.java:logGet(43)) - raft.server.rpcslowness.timeout = 10s (custom)
2019-06-12 14:11:56,103 INFO  server.RaftServerConfigKeys (ConfUtils.java:logGet(43)) - raft.server.log.appender.install.snapshot.enabled = true (default)
2019-06-12 14:11:56,103 INFO  impl.RaftServerImpl (ServerState.java:<init>(101)) - 5100fa34-3c66-4ada-b5d8-81f690798475:group-2BF02729AF58 ConfigurationManager, init=-1: [5100fa34-3c66-4ada-b5d8-81f690798475:192.168.134.127:46325, 2c8bb1a5-eb7e-49cb-b976-e21d7edba7c7:192.168.134.127:44277, 110a3baa-22eb-4cdd-9344-83fc5509531d:192.168.134.127:33727], old=null, confs=<EMPTY_MAP>
2019-06-12 14:11:56,104 INFO  server.RaftServerConfigKeys (ConfUtils.java:logGet(43)) - raft.server.storage.dir = [/opt/src/hadoop-ozone/integration-test/target/test-dir/MiniOzoneClusterImpl-eb82d619-8dbe-4f21-9f65-1a5d56774ee4/datanode-4/data/ratis] (custom)
2019-06-12 14:11:56,104 INFO  storage.RaftStorageDirectory (RaftStorageDirectory.java:analyzeStorage(246)) - The storage directory /opt/src/hadoop-ozone/integration-test/target/test-dir/MiniOzoneClusterImpl-eb82d619-8dbe-4f21-9f65-1a5d56774ee4/datanode-4/data/ratis/b3619038-b745-42de-a888-2bf02729af58 does not exist. Creating ...
2019-06-12 14:11:56,106 INFO  storage.RaftStorageDirectory (RaftStorageDirectory.java:tryLock(328)) - Lock on /opt/src/hadoop-ozone/integration-test/target/test-dir/MiniOzoneClusterImpl-eb82d619-8dbe-4f21-9f65-1a5d56774ee4/datanode-4/data/ratis/b3619038-b745-42de-a888-2bf02729af58/in_use.lock acquired by nodename 10156@ozone-vl7jm-4166937383
2019-06-12 14:11:56,106 INFO  impl.RaftServerImpl (RaftServerImpl.java:<init>(91)) - 2c8bb1a5-eb7e-49cb-b976-e21d7edba7c7: new RaftServerImpl for group-2BF02729AF58:[5100fa34-3c66-4ada-b5d8-81f690798475:192.168.134.127:46325, 2c8bb1a5-eb7e-49cb-b976-e21d7edba7c7:192.168.134.127:44277, 110a3baa-22eb-4cdd-9344-83fc5509531d:192.168.134.127:33727] with ContainerStateMachine:uninitialized
2019-06-12 14:11:56,106 INFO  server.RaftServerConfigKeys (ConfUtils.java:logGet(43)) - raft.server.rpc.timeout.min = 1s (custom)
2019-06-12 14:11:56,106 INFO  server.RaftServerConfigKeys (ConfUtils.java:logGet(43)) - raft.server.rpc.timeout.max = 1200ms (custom)
2019-06-12 14:11:56,106 INFO  server.RaftServerConfigKeys (ConfUtils.java:logGet(43)) - raft.server.rpcslowness.timeout = 10s (custom)
2019-06-12 14:11:56,106 INFO  server.RaftServerConfigKeys (ConfUtils.java:logGet(43)) - raft.server.log.appender.install.snapshot.enabled = true (default)
2019-06-12 14:11:56,106 INFO  impl.RaftServerImpl (ServerState.java:<init>(101)) - 2c8bb1a5-eb7e-49cb-b976-e21d7edba7c7:group-2BF02729AF58 ConfigurationManager, init=-1: [5100fa34-3c66-4ada-b5d8-81f690798475:192.168.134.127:46325, 2c8bb1a5-eb7e-49cb-b976-e21d7edba7c7:192.168.134.127:44277, 110a3baa-22eb-4cdd-9344-83fc5509531d:192.168.134.127:33727], old=null, confs=<EMPTY_MAP>
2019-06-12 14:11:56,106 INFO  server.RaftServerConfigKeys (ConfUtils.java:logGet(43)) - raft.server.storage.dir = [/opt/src/hadoop-ozone/integration-test/target/test-dir/MiniOzoneClusterImpl-eb82d619-8dbe-4f21-9f65-1a5d56774ee4/datanode-3/data/ratis] (custom)
2019-06-12 14:11:56,107 INFO  impl.RaftServerProxy (RaftServerProxy.java:addNew(89)) - 110a3baa-22eb-4cdd-9344-83fc5509531d: addNew group-2BF02729AF58:[5100fa34-3c66-4ada-b5d8-81f690798475:192.168.134.127:46325, 2c8bb1a5-eb7e-49cb-b976-e21d7edba7c7:192.168.134.127:44277, 110a3baa-22eb-4cdd-9344-83fc5509531d:192.168.134.127:33727] returns group-2BF02729AF58:java.util.concurrent.CompletableFuture@6b46cabb[Not completed]
2019-06-12 14:11:56,107 INFO  storage.RaftStorageDirectory (RaftStorageDirectory.java:analyzeStorage(246)) - The storage directory /opt/src/hadoop-ozone/integration-test/target/test-dir/MiniOzoneClusterImpl-eb82d619-8dbe-4f21-9f65-1a5d56774ee4/datanode-3/data/ratis/b3619038-b745-42de-a888-2bf02729af58 does not exist. Creating ...
2019-06-12 14:11:56,107 INFO  impl.RaftServerImpl (RaftServerImpl.java:<init>(91)) - 110a3baa-22eb-4cdd-9344-83fc5509531d: new RaftServerImpl for group-2BF02729AF58:[5100fa34-3c66-4ada-b5d8-81f690798475:192.168.134.127:46325, 2c8bb1a5-eb7e-49cb-b976-e21d7edba7c7:192.168.134.127:44277, 110a3baa-22eb-4cdd-9344-83fc5509531d:192.168.134.127:33727] with ContainerStateMachine:uninitialized
2019-06-12 14:11:56,108 INFO  server.RaftServerConfigKeys (ConfUtils.java:logGet(43)) - raft.server.rpc.timeout.min = 1s (custom)
2019-06-12 14:11:56,108 INFO  server.RaftServerConfigKeys (ConfUtils.java:logGet(43)) - raft.server.rpc.timeout.max = 1200ms (custom)
2019-06-12 14:11:56,108 INFO  server.RaftServerConfigKeys (ConfUtils.java:logGet(43)) - raft.server.rpcslowness.timeout = 10s (custom)
2019-06-12 14:11:56,108 INFO  server.RaftServerConfigKeys (ConfUtils.java:logGet(43)) - raft.server.log.appender.install.snapshot.enabled = true (default)
2019-06-12 14:11:56,108 INFO  impl.RaftServerImpl (ServerState.java:<init>(101)) - 110a3baa-22eb-4cdd-9344-83fc5509531d:group-2BF02729AF58 ConfigurationManager, init=-1: [5100fa34-3c66-4ada-b5d8-81f690798475:192.168.134.127:46325, 2c8bb1a5-eb7e-49cb-b976-e21d7edba7c7:192.168.134.127:44277, 110a3baa-22eb-4cdd-9344-83fc5509531d:192.168.134.127:33727], old=null, confs=<EMPTY_MAP>
2019-06-12 14:11:56,108 INFO  server.RaftServerConfigKeys (ConfUtils.java:logGet(43)) - raft.server.storage.dir = [/opt/src/hadoop-ozone/integration-test/target/test-dir/MiniOzoneClusterImpl-eb82d619-8dbe-4f21-9f65-1a5d56774ee4/datanode-5/data/ratis] (custom)
2019-06-12 14:11:56,108 INFO  storage.RaftStorageDirectory (RaftStorageDirectory.java:analyzeStorage(246)) - The storage directory /opt/src/hadoop-ozone/integration-test/target/test-dir/MiniOzoneClusterImpl-eb82d619-8dbe-4f21-9f65-1a5d56774ee4/datanode-5/data/ratis/b3619038-b745-42de-a888-2bf02729af58 does not exist. Creating ...
2019-06-12 14:11:56,109 INFO  storage.RaftStorage (RaftStorage.java:format(75)) - Storage directory /opt/src/hadoop-ozone/integration-test/target/test-dir/MiniOzoneClusterImpl-eb82d619-8dbe-4f21-9f65-1a5d56774ee4/datanode-4/data/ratis/b3619038-b745-42de-a888-2bf02729af58 has been successfully formatted.
2019-06-12 14:11:56,109 INFO  ratis.ContainerStateMachine (ContainerStateMachine.java:loadSnapshot(199)) - The snapshot info is null.Setting the last applied index to:(t:0, i:~)
2019-06-12 14:11:56,109 INFO  server.RaftServerConfigKeys (ConfUtils.java:logGet(43)) - raft.server.leader.election.timeout = 10s (custom)
2019-06-12 14:11:56,109 INFO  server.RaftServerConfigKeys (ConfUtils.java:logGet(43)) - raft.server.log.use.memory = false (default)
2019-06-12 14:11:56,109 INFO  server.RaftServerConfigKeys (ConfUtils.java:logGet(43)) - raft.server.log.appender.buffer.byte-limit = 33554432 (custom)
2019-06-12 14:11:56,109 INFO  server.RaftServerConfigKeys (ConfUtils.java:logGet(43)) - raft.server.log.segment.size.max = 16384 (custom)
2019-06-12 14:11:56,109 INFO  server.RaftServerConfigKeys (ConfUtils.java:logGet(43)) - raft.server.log.segment.cache.num.max = 2 (custom)
2019-06-12 14:11:56,109 INFO  storage.RaftLogWorker (RaftLogWorker.java:<init>(123)) - new 5100fa34-3c66-4ada-b5d8-81f690798475-RaftLogWorker for Storage Directory /opt/src/hadoop-ozone/integration-test/target/test-dir/MiniOzoneClusterImpl-eb82d619-8dbe-4f21-9f65-1a5d56774ee4/datanode-4/data/ratis/b3619038-b745-42de-a888-2bf02729af58
2019-06-12 14:11:56,109 INFO  server.RaftServerConfigKeys (ConfUtils.java:logGet(43)) - raft.server.log.queue.byte-limit = 2147483647 (custom)
2019-06-12 14:11:56,109 INFO  server.RaftServerConfigKeys (ConfUtils.java:logGet(43)) - raft.server.log.queue.element-limit = 1024 (custom)
2019-06-12 14:11:56,109 INFO  server.RaftServerConfigKeys (ConfUtils.java:logGet(43)) - raft.server.log.segment.size.max = 16384 (custom)
2019-06-12 14:11:56,109 INFO  server.RaftServerConfigKeys (ConfUtils.java:logGet(43)) - raft.server.log.preallocated.size = 16384 (custom)
2019-06-12 14:11:56,109 INFO  server.RaftServerConfigKeys (ConfUtils.java:logGet(43)) - raft.server.log.write.buffer.size = 33554432 (custom)
2019-06-12 14:11:56,109 INFO  server.RaftServerConfigKeys (ConfUtils.java:logGet(43)) - raft.server.log.force.sync.num = 128 (default)
2019-06-12 14:11:56,109 INFO  server.RaftServerConfigKeys (ConfUtils.java:logGet(43)) - raft.server.log.statemachine.data.sync = true (default)
2019-06-12 14:11:56,110 INFO  server.RaftServerConfigKeys (ConfUtils.java:logGet(43)) - raft.server.log.statemachine.data.sync.timeout = 10s (default)
2019-06-12 14:11:56,110 INFO  server.RaftServerConfigKeys (ConfUtils.java:logGet(43)) - raft.server.log.statemachine.data.sync.timeout.retry = -1 (default)
2019-06-12 14:11:56,110 INFO  server.RaftServerConfigKeys (ConfUtils.java:logGet(43)) - raft.server.log.statemachine.data.caching.enabled = true (custom)
2019-06-12 14:11:56,110 INFO  storage.RaftStorageDirectory (RaftStorageDirectory.java:tryLock(328)) - Lock on /opt/src/hadoop-ozone/integration-test/target/test-dir/MiniOzoneClusterImpl-eb82d619-8dbe-4f21-9f65-1a5d56774ee4/datanode-3/data/ratis/b3619038-b745-42de-a888-2bf02729af58/in_use.lock acquired by nodename 10156@ozone-vl7jm-4166937383
2019-06-12 14:11:56,110 INFO  storage.RaftStorageDirectory (RaftStorageDirectory.java:tryLock(328)) - Lock on /opt/src/hadoop-ozone/integration-test/target/test-dir/MiniOzoneClusterImpl-eb82d619-8dbe-4f21-9f65-1a5d56774ee4/datanode-5/data/ratis/b3619038-b745-42de-a888-2bf02729af58/in_use.lock acquired by nodename 10156@ozone-vl7jm-4166937383
2019-06-12 14:11:56,111 INFO  server.RaftServerConfigKeys (ConfUtils.java:logGet(43)) - raft.server.snapshot.auto.trigger.enabled = true (custom)
2019-06-12 14:11:56,111 INFO  server.RaftServerConfigKeys (ConfUtils.java:logGet(43)) - raft.server.snapshot.auto.trigger.threshold = 10000 (custom)
2019-06-12 14:11:56,111 INFO  server.RaftServerConfigKeys (ConfUtils.java:logGet(43)) - raft.server.retrycache.expirytime = 600000ms (custom)
2019-06-12 14:11:56,111 INFO  impl.RaftServerImpl (RaftServerImpl.java:start(173)) - 5100fa34-3c66-4ada-b5d8-81f690798475: start group-2BF02729AF58
2019-06-12 14:11:56,111 INFO  impl.RaftServerImpl (RaftServerImpl.java:setRole(164)) - 5100fa34-3c66-4ada-b5d8-81f690798475:group-2BF02729AF58 changes role from null to FOLLOWER at term 0 for startAsFollower
2019-06-12 14:11:56,111 INFO  impl.RoleInfo (RoleInfo.java:updateAndGet(143)) - 5100fa34-3c66-4ada-b5d8-81f690798475: start FollowerState
2019-06-12 14:11:56,111 INFO  util.JmxRegister (JmxRegister.java:tryRegister(44)) - Successfully registered JMX Bean with object name Ratis:service=RaftServer,group=group-2BF02729AF58,id=5100fa34-3c66-4ada-b5d8-81f690798475
2019-06-12 14:11:56,112 INFO  storage.RaftStorage (RaftStorage.java:format(75)) - Storage directory /opt/src/hadoop-ozone/integration-test/target/test-dir/MiniOzoneClusterImpl-eb82d619-8dbe-4f21-9f65-1a5d56774ee4/datanode-5/data/ratis/b3619038-b745-42de-a888-2bf02729af58 has been successfully formatted.
2019-06-12 14:11:56,112 INFO  ratis.ContainerStateMachine (ContainerStateMachine.java:loadSnapshot(199)) - The snapshot info is null.Setting the last applied index to:(t:0, i:~)
2019-06-12 14:11:56,112 INFO  server.RaftServerConfigKeys (ConfUtils.java:logGet(43)) - raft.server.leader.election.timeout = 10s (custom)
2019-06-12 14:11:56,112 INFO  server.RaftServerConfigKeys (ConfUtils.java:logGet(43)) - raft.server.log.use.memory = false (default)
2019-06-12 14:11:56,113 INFO  server.RaftServerConfigKeys (ConfUtils.java:logGet(43)) - raft.server.log.appender.buffer.byte-limit = 33554432 (custom)
2019-06-12 14:11:56,113 INFO  server.RaftServerConfigKeys (ConfUtils.java:logGet(43)) - raft.server.log.segment.size.max = 16384 (custom)
2019-06-12 14:11:56,114 INFO  server.RaftServerConfigKeys (ConfUtils.java:logGet(43)) - raft.server.log.segment.cache.num.max = 2 (custom)
2019-06-12 14:11:56,114 INFO  storage.RaftLogWorker (RaftLogWorker.java:<init>(123)) - new 110a3baa-22eb-4cdd-9344-83fc5509531d-RaftLogWorker for Storage Directory /opt/src/hadoop-ozone/integration-test/target/test-dir/MiniOzoneClusterImpl-eb82d619-8dbe-4f21-9f65-1a5d56774ee4/datanode-5/data/ratis/b3619038-b745-42de-a888-2bf02729af58
2019-06-12 14:11:56,114 INFO  server.RaftServerConfigKeys (ConfUtils.java:logGet(43)) - raft.server.log.queue.byte-limit = 2147483647 (custom)
2019-06-12 14:11:56,114 INFO  server.RaftServerConfigKeys (ConfUtils.java:logGet(43)) - raft.server.log.queue.element-limit = 1024 (custom)
2019-06-12 14:11:56,114 INFO  server.RaftServerConfigKeys (ConfUtils.java:logGet(43)) - raft.server.log.segment.size.max = 16384 (custom)
2019-06-12 14:11:56,114 INFO  server.RaftServerConfigKeys (ConfUtils.java:logGet(43)) - raft.server.log.preallocated.size = 16384 (custom)
2019-06-12 14:11:56,114 INFO  server.RaftServerConfigKeys (ConfUtils.java:logGet(43)) - raft.server.log.write.buffer.size = 33554432 (custom)
2019-06-12 14:11:56,114 INFO  server.RaftServerConfigKeys (ConfUtils.java:logGet(43)) - raft.server.log.force.sync.num = 128 (default)
2019-06-12 14:11:56,115 INFO  server.RaftServerConfigKeys (ConfUtils.java:logGet(43)) - raft.server.log.statemachine.data.sync = true (default)
2019-06-12 14:11:56,115 INFO  server.RaftServerConfigKeys (ConfUtils.java:logGet(43)) - raft.server.log.statemachine.data.sync.timeout = 10s (default)
2019-06-12 14:11:56,115 INFO  server.RaftServerConfigKeys (ConfUtils.java:logGet(43)) - raft.server.log.statemachine.data.sync.timeout.retry = -1 (default)
2019-06-12 14:11:56,116 INFO  server.RaftServerConfigKeys (ConfUtils.java:logGet(43)) - raft.server.log.statemachine.data.caching.enabled = true (custom)
2019-06-12 14:11:56,115 INFO  storage.RaftStorage (RaftStorage.java:format(75)) - Storage directory /opt/src/hadoop-ozone/integration-test/target/test-dir/MiniOzoneClusterImpl-eb82d619-8dbe-4f21-9f65-1a5d56774ee4/datanode-3/data/ratis/b3619038-b745-42de-a888-2bf02729af58 has been successfully formatted.
2019-06-12 14:11:56,118 INFO  ratis.ContainerStateMachine (ContainerStateMachine.java:loadSnapshot(199)) - The snapshot info is null.Setting the last applied index to:(t:0, i:~)
2019-06-12 14:11:56,118 INFO  server.RaftServerConfigKeys (ConfUtils.java:logGet(43)) - raft.server.leader.election.timeout = 10s (custom)
2019-06-12 14:11:56,118 INFO  server.RaftServerConfigKeys (ConfUtils.java:logGet(43)) - raft.server.log.use.memory = false (default)
2019-06-12 14:11:56,118 INFO  server.RaftServerConfigKeys (ConfUtils.java:logGet(43)) - raft.server.log.appender.buffer.byte-limit = 33554432 (custom)
2019-06-12 14:11:56,118 INFO  server.RaftServerConfigKeys (ConfUtils.java:logGet(43)) - raft.server.log.segment.size.max = 16384 (custom)
2019-06-12 14:11:56,118 INFO  server.RaftServerConfigKeys (ConfUtils.java:logGet(43)) - raft.server.log.segment.cache.num.max = 2 (custom)
2019-06-12 14:11:56,118 INFO  storage.RaftLogWorker (RaftLogWorker.java:<init>(123)) - new 2c8bb1a5-eb7e-49cb-b976-e21d7edba7c7-RaftLogWorker for Storage Directory /opt/src/hadoop-ozone/integration-test/target/test-dir/MiniOzoneClusterImpl-eb82d619-8dbe-4f21-9f65-1a5d56774ee4/datanode-3/data/ratis/b3619038-b745-42de-a888-2bf02729af58
2019-06-12 14:11:56,118 INFO  server.RaftServerConfigKeys (ConfUtils.java:logGet(43)) - raft.server.log.queue.byte-limit = 2147483647 (custom)
2019-06-12 14:11:56,118 INFO  server.RaftServerConfigKeys (ConfUtils.java:logGet(43)) - raft.server.log.queue.element-limit = 1024 (custom)
2019-06-12 14:11:56,119 INFO  server.RaftServerConfigKeys (ConfUtils.java:logGet(43)) - raft.server.log.segment.size.max = 16384 (custom)
2019-06-12 14:11:56,119 INFO  server.RaftServerConfigKeys (ConfUtils.java:logGet(43)) - raft.server.log.preallocated.size = 16384 (custom)
2019-06-12 14:11:56,119 INFO  server.RaftServerConfigKeys (ConfUtils.java:logGet(43)) - raft.server.log.write.buffer.size = 33554432 (custom)
2019-06-12 14:11:56,119 INFO  server.RaftServerConfigKeys (ConfUtils.java:logGet(43)) - raft.server.log.force.sync.num = 128 (default)
2019-06-12 14:11:56,119 INFO  server.RaftServerConfigKeys (ConfUtils.java:logGet(43)) - raft.server.log.statemachine.data.sync = true (default)
2019-06-12 14:11:56,119 INFO  server.RaftServerConfigKeys (ConfUtils.java:logGet(43)) - raft.server.log.statemachine.data.sync.timeout = 10s (default)
2019-06-12 14:11:56,119 INFO  server.RaftServerConfigKeys (ConfUtils.java:logGet(43)) - raft.server.log.statemachine.data.sync.timeout.retry = -1 (default)
2019-06-12 14:11:56,122 INFO  server.RaftServerConfigKeys (ConfUtils.java:logGet(43)) - raft.server.log.statemachine.data.caching.enabled = true (custom)
2019-06-12 14:11:56,122 INFO  server.RaftServerConfigKeys (ConfUtils.java:logGet(43)) - raft.server.snapshot.auto.trigger.enabled = true (custom)
2019-06-12 14:11:56,123 INFO  server.RaftServerConfigKeys (ConfUtils.java:logGet(43)) - raft.server.snapshot.auto.trigger.threshold = 10000 (custom)
2019-06-12 14:11:56,123 INFO  server.RaftServerConfigKeys (ConfUtils.java:logGet(43)) - raft.server.retrycache.expirytime = 600000ms (custom)
2019-06-12 14:11:56,123 INFO  impl.RaftServerImpl (RaftServerImpl.java:start(173)) - 110a3baa-22eb-4cdd-9344-83fc5509531d: start group-2BF02729AF58
2019-06-12 14:11:56,123 INFO  impl.RaftServerImpl (RaftServerImpl.java:setRole(164)) - 110a3baa-22eb-4cdd-9344-83fc5509531d:group-2BF02729AF58 changes role from null to FOLLOWER at term 0 for startAsFollower
2019-06-12 14:11:56,123 INFO  impl.RoleInfo (RoleInfo.java:updateAndGet(143)) - 110a3baa-22eb-4cdd-9344-83fc5509531d: start FollowerState
2019-06-12 14:11:56,123 INFO  server.RaftServerConfigKeys (ConfUtils.java:logGet(43)) - raft.server.snapshot.auto.trigger.enabled = true (custom)
2019-06-12 14:11:56,123 INFO  server.RaftServerConfigKeys (ConfUtils.java:logGet(43)) - raft.server.snapshot.auto.trigger.threshold = 10000 (custom)
2019-06-12 14:11:56,124 INFO  server.RaftServerConfigKeys (ConfUtils.java:logGet(43)) - raft.server.retrycache.expirytime = 600000ms (custom)
2019-06-12 14:11:56,124 INFO  util.JmxRegister (JmxRegister.java:tryRegister(44)) - Successfully registered JMX Bean with object name Ratis:service=RaftServer,group=group-2BF02729AF58,id=110a3baa-22eb-4cdd-9344-83fc5509531d
2019-06-12 14:11:56,124 INFO  impl.RaftServerImpl (RaftServerImpl.java:start(173)) - 2c8bb1a5-eb7e-49cb-b976-e21d7edba7c7: start group-2BF02729AF58
2019-06-12 14:11:56,124 INFO  impl.RaftServerImpl (RaftServerImpl.java:setRole(164)) - 2c8bb1a5-eb7e-49cb-b976-e21d7edba7c7:group-2BF02729AF58 changes role from null to FOLLOWER at term 0 for startAsFollower
2019-06-12 14:11:56,126 INFO  impl.RoleInfo (RoleInfo.java:updateAndGet(143)) - 2c8bb1a5-eb7e-49cb-b976-e21d7edba7c7: start FollowerState
2019-06-12 14:11:56,126 INFO  util.JmxRegister (JmxRegister.java:tryRegister(44)) - Successfully registered JMX Bean with object name Ratis:service=RaftServer,group=group-2BF02729AF58,id=2c8bb1a5-eb7e-49cb-b976-e21d7edba7c7
2019-06-12 14:11:56,135 INFO  pipeline.PipelineStateManager (PipelineStateManager.java:addPipeline(56)) - Created pipeline Pipeline[ Id: b3619038-b745-42de-a888-2bf02729af58, Nodes: 5100fa34-3c66-4ada-b5d8-81f690798475{ip: 192.168.134.127, host: ozone-vl7jm-4166937383, networkLocation: /default-rack, certSerialId: null}110a3baa-22eb-4cdd-9344-83fc5509531d{ip: 192.168.134.127, host: ozone-vl7jm-4166937383, networkLocation: /default-rack, certSerialId: null}2c8bb1a5-eb7e-49cb-b976-e21d7edba7c7{ip: 192.168.134.127, host: ozone-vl7jm-4166937383, networkLocation: /default-rack, certSerialId: null}, Type:RATIS, Factor:THREE, State:OPEN]
2019-06-12 14:11:56,672 INFO  impl.FollowerState (FollowerState.java:run(101)) - c1d3caf2-d8b0-4dae-a6e8-09bf334478b0:group-652A409C72C6 changes to CANDIDATE, lastRpcTime:1095, electionTimeout:1094ms
2019-06-12 14:11:56,672 INFO  impl.RoleInfo (RoleInfo.java:shutdownFollowerState(121)) - c1d3caf2-d8b0-4dae-a6e8-09bf334478b0: shutdown FollowerState
2019-06-12 14:11:56,672 INFO  impl.RaftServerImpl (RaftServerImpl.java:setRole(164)) - c1d3caf2-d8b0-4dae-a6e8-09bf334478b0:group-652A409C72C6 changes role from FOLLOWER to CANDIDATE at term 0 for changeToCandidate
2019-06-12 14:11:56,674 INFO  impl.RoleInfo (RoleInfo.java:updateAndGet(143)) - c1d3caf2-d8b0-4dae-a6e8-09bf334478b0: start LeaderElection
2019-06-12 14:11:56,681 INFO  impl.LeaderElection (LeaderElection.java:askForVotes(181)) - c1d3caf2-d8b0-4dae-a6e8-09bf334478b0:group-652A409C72C6:LeaderElection1: begin an election at term 1 for -1: [c1d3caf2-d8b0-4dae-a6e8-09bf334478b0:192.168.134.127:45649], old=null
2019-06-12 14:11:56,682 INFO  impl.RoleInfo (RoleInfo.java:shutdownLeaderElection(134)) - c1d3caf2-d8b0-4dae-a6e8-09bf334478b0: shutdown LeaderElection
2019-06-12 14:11:56,683 INFO  impl.RaftServerImpl (RaftServerImpl.java:setRole(164)) - c1d3caf2-d8b0-4dae-a6e8-09bf334478b0:group-652A409C72C6 changes role from CANDIDATE to LEADER at term 1 for changeToLeader
2019-06-12 14:11:56,683 INFO  impl.RaftServerImpl (ServerState.java:setLeader(263)) - c1d3caf2-d8b0-4dae-a6e8-09bf334478b0:group-652A409C72C6 change Leader from null to c1d3caf2-d8b0-4dae-a6e8-09bf334478b0 at term 1 for becomeLeader, leader elected after 1272ms
2019-06-12 14:11:56,686 INFO  server.RaftServerConfigKeys (ConfUtils.java:logGet(43)) - raft.server.staging.catchup.gap = 1000 (default)
2019-06-12 14:11:56,686 INFO  server.RaftServerConfigKeys (ConfUtils.java:logGet(43)) - raft.server.rpc.sleep.time = 25ms (default)
2019-06-12 14:11:56,688 INFO  server.RaftServerConfigKeys (ConfUtils.java:logGet(43)) - raft.server.watch.timeout = 10s (default)
2019-06-12 14:11:56,688 INFO  server.RaftServerConfigKeys (ConfUtils.java:logGet(43)) - raft.server.watch.timeout.denomination = 1s (default)
2019-06-12 14:11:56,693 INFO  impl.RoleInfo (RoleInfo.java:updateAndGet(143)) - c1d3caf2-d8b0-4dae-a6e8-09bf334478b0: start LeaderState
2019-06-12 14:11:56,707 INFO  storage.RaftLogWorker (RaftLogWorker.java:startLogSegment(298)) - c1d3caf2-d8b0-4dae-a6e8-09bf334478b0-RaftLogWorker: Starting segment from index:0
2019-06-12 14:11:56,717 INFO  impl.RaftServerImpl (ServerState.java:setRaftConf(361)) - c1d3caf2-d8b0-4dae-a6e8-09bf334478b0:group-652A409C72C6 set configuration 0: [c1d3caf2-d8b0-4dae-a6e8-09bf334478b0:192.168.134.127:45649], old=null at 0
2019-06-12 14:11:56,742 INFO  impl.FollowerState (FollowerState.java:run(101)) - 5e8b8e1a-7073-4f60-a6ba-65876a37d361:group-D81D1CB7C8D1 changes to CANDIDATE, lastRpcTime:1041, electionTimeout:1041ms
2019-06-12 14:11:56,742 INFO  impl.RoleInfo (RoleInfo.java:shutdownFollowerState(121)) - 5e8b8e1a-7073-4f60-a6ba-65876a37d361: shutdown FollowerState
2019-06-12 14:11:56,742 INFO  impl.RaftServerImpl (RaftServerImpl.java:setRole(164)) - 5e8b8e1a-7073-4f60-a6ba-65876a37d361:group-D81D1CB7C8D1 changes role from FOLLOWER to CANDIDATE at term 0 for changeToCandidate
2019-06-12 14:11:56,743 INFO  impl.RoleInfo (RoleInfo.java:updateAndGet(143)) - 5e8b8e1a-7073-4f60-a6ba-65876a37d361: start LeaderElection
2019-06-12 14:11:56,747 INFO  impl.LeaderElection (LeaderElection.java:askForVotes(181)) - 5e8b8e1a-7073-4f60-a6ba-65876a37d361:group-D81D1CB7C8D1:LeaderElection2: begin an election at term 1 for -1: [5e8b8e1a-7073-4f60-a6ba-65876a37d361:192.168.134.127:32849], old=null
2019-06-12 14:11:56,748 INFO  impl.RoleInfo (RoleInfo.java:shutdownLeaderElection(134)) - 5e8b8e1a-7073-4f60-a6ba-65876a37d361: shutdown LeaderElection
2019-06-12 14:11:56,748 INFO  impl.RaftServerImpl (RaftServerImpl.java:setRole(164)) - 5e8b8e1a-7073-4f60-a6ba-65876a37d361:group-D81D1CB7C8D1 changes role from CANDIDATE to LEADER at term 1 for changeToLeader
2019-06-12 14:11:56,748 INFO  impl.RaftServerImpl (ServerState.java:setLeader(263)) - 5e8b8e1a-7073-4f60-a6ba-65876a37d361:group-D81D1CB7C8D1 change Leader from null to 5e8b8e1a-7073-4f60-a6ba-65876a37d361 at term 1 for becomeLeader, leader elected after 1049ms
2019-06-12 14:11:56,749 INFO  server.RaftServerConfigKeys (ConfUtils.java:logGet(43)) - raft.server.staging.catchup.gap = 1000 (default)
2019-06-12 14:11:56,749 INFO  server.RaftServerConfigKeys (ConfUtils.java:logGet(43)) - raft.server.rpc.sleep.time = 25ms (default)
2019-06-12 14:11:56,749 INFO  server.RaftServerConfigKeys (ConfUtils.java:logGet(43)) - raft.server.watch.timeout = 10s (default)
2019-06-12 14:11:56,749 INFO  server.RaftServerConfigKeys (ConfUtils.java:logGet(43)) - raft.server.watch.timeout.denomination = 1s (default)
2019-06-12 14:11:56,749 INFO  impl.RoleInfo (RoleInfo.java:updateAndGet(143)) - 5e8b8e1a-7073-4f60-a6ba-65876a37d361: start LeaderState
2019-06-12 14:11:56,749 INFO  storage.RaftLogWorker (RaftLogWorker.java:startLogSegment(298)) - 5e8b8e1a-7073-4f60-a6ba-65876a37d361-RaftLogWorker: Starting segment from index:0
2019-06-12 14:11:56,749 INFO  impl.RaftServerImpl (ServerState.java:setRaftConf(361)) - 5e8b8e1a-7073-4f60-a6ba-65876a37d361:group-D81D1CB7C8D1 set configuration 0: [5e8b8e1a-7073-4f60-a6ba-65876a37d361:192.168.134.127:32849], old=null at 0
2019-06-12 14:11:56,807 INFO  impl.FollowerState (FollowerState.java:run(101)) - 4ea34d92-115a-4c2a-b1da-12c8bbc074d4:group-AE523F5C6DDE changes to CANDIDATE, lastRpcTime:1016, electionTimeout:1015ms
2019-06-12 14:11:56,807 INFO  impl.RoleInfo (RoleInfo.java:shutdownFollowerState(121)) - 4ea34d92-115a-4c2a-b1da-12c8bbc074d4: shutdown FollowerState
2019-06-12 14:11:56,807 INFO  impl.RaftServerImpl (RaftServerImpl.java:setRole(164)) - 4ea34d92-115a-4c2a-b1da-12c8bbc074d4:group-AE523F5C6DDE changes role from FOLLOWER to CANDIDATE at term 0 for changeToCandidate
2019-06-12 14:11:56,807 INFO  impl.RoleInfo (RoleInfo.java:updateAndGet(143)) - 4ea34d92-115a-4c2a-b1da-12c8bbc074d4: start LeaderElection
2019-06-12 14:11:56,814 INFO  impl.LeaderElection (LeaderElection.java:askForVotes(181)) - 4ea34d92-115a-4c2a-b1da-12c8bbc074d4:group-AE523F5C6DDE:LeaderElection3: begin an election at term 1 for -1: [5e8b8e1a-7073-4f60-a6ba-65876a37d361:192.168.134.127:32849, c1d3caf2-d8b0-4dae-a6e8-09bf334478b0:192.168.134.127:45649, 4ea34d92-115a-4c2a-b1da-12c8bbc074d4:192.168.134.127:37779], old=null
2019-06-12 14:11:56,821 INFO  impl.FollowerState (FollowerState.java:run(101)) - 4ea34d92-115a-4c2a-b1da-12c8bbc074d4:group-F609FF516738 changes to CANDIDATE, lastRpcTime:1174, electionTimeout:1174ms
2019-06-12 14:11:56,821 INFO  impl.RoleInfo (RoleInfo.java:shutdownFollowerState(121)) - 4ea34d92-115a-4c2a-b1da-12c8bbc074d4: shutdown FollowerState
2019-06-12 14:11:56,821 INFO  impl.RaftServerImpl (RaftServerImpl.java:setRole(164)) - 4ea34d92-115a-4c2a-b1da-12c8bbc074d4:group-F609FF516738 changes role from FOLLOWER to CANDIDATE at term 0 for changeToCandidate
2019-06-12 14:11:56,822 INFO  impl.RoleInfo (RoleInfo.java:updateAndGet(143)) - 4ea34d92-115a-4c2a-b1da-12c8bbc074d4: start LeaderElection
2019-06-12 14:11:56,878 INFO  impl.LeaderElection (LeaderElection.java:askForVotes(181)) - 4ea34d92-115a-4c2a-b1da-12c8bbc074d4:group-F609FF516738:LeaderElection4: begin an election at term 1 for -1: [4ea34d92-115a-4c2a-b1da-12c8bbc074d4:192.168.134.127:37779], old=null
2019-06-12 14:11:56,879 INFO  impl.RoleInfo (RoleInfo.java:shutdownLeaderElection(134)) - 4ea34d92-115a-4c2a-b1da-12c8bbc074d4: shutdown LeaderElection
2019-06-12 14:11:56,879 INFO  impl.RaftServerImpl (RaftServerImpl.java:setRole(164)) - 4ea34d92-115a-4c2a-b1da-12c8bbc074d4:group-F609FF516738 changes role from CANDIDATE to LEADER at term 1 for changeToLeader
2019-06-12 14:11:56,879 INFO  impl.RaftServerImpl (ServerState.java:setLeader(263)) - 4ea34d92-115a-4c2a-b1da-12c8bbc074d4:group-F609FF516738 change Leader from null to 4ea34d92-115a-4c2a-b1da-12c8bbc074d4 at term 1 for becomeLeader, leader elected after 1235ms
2019-06-12 14:11:56,880 INFO  server.RaftServerConfigKeys (ConfUtils.java:logGet(43)) - raft.server.staging.catchup.gap = 1000 (default)
2019-06-12 14:11:56,880 INFO  impl.FollowerState (FollowerState.java:run(101)) - 2c8bb1a5-eb7e-49cb-b976-e21d7edba7c7:group-727B70F9DF31 changes to CANDIDATE, lastRpcTime:1144, electionTimeout:1144ms
2019-06-12 14:11:56,880 INFO  server.RaftServerConfigKeys (ConfUtils.java:logGet(43)) - raft.server.rpc.sleep.time = 25ms (default)
2019-06-12 14:11:56,880 INFO  impl.RoleInfo (RoleInfo.java:shutdownFollowerState(121)) - 2c8bb1a5-eb7e-49cb-b976-e21d7edba7c7: shutdown FollowerState
2019-06-12 14:11:56,880 INFO  impl.RaftServerImpl (RaftServerImpl.java:setRole(164)) - 2c8bb1a5-eb7e-49cb-b976-e21d7edba7c7:group-727B70F9DF31 changes role from FOLLOWER to CANDIDATE at term 0 for changeToCandidate
2019-06-12 14:11:56,880 INFO  server.RaftServerConfigKeys (ConfUtils.java:logGet(43)) - raft.server.watch.timeout = 10s (default)
2019-06-12 14:11:56,880 INFO  impl.RoleInfo (RoleInfo.java:updateAndGet(143)) - 2c8bb1a5-eb7e-49cb-b976-e21d7edba7c7: start LeaderElection
2019-06-12 14:11:56,880 INFO  server.RaftServerConfigKeys (ConfUtils.java:logGet(43)) - raft.server.watch.timeout.denomination = 1s (default)
2019-06-12 14:11:56,881 INFO  impl.RoleInfo (RoleInfo.java:updateAndGet(143)) - 4ea34d92-115a-4c2a-b1da-12c8bbc074d4: start LeaderState
2019-06-12 14:11:56,881 INFO  storage.RaftLogWorker (RaftLogWorker.java:startLogSegment(298)) - 4ea34d92-115a-4c2a-b1da-12c8bbc074d4-RaftLogWorker: Starting segment from index:0
2019-06-12 14:11:56,882 INFO  impl.RaftServerImpl (ServerState.java:setRaftConf(361)) - 4ea34d92-115a-4c2a-b1da-12c8bbc074d4:group-F609FF516738 set configuration 0: [4ea34d92-115a-4c2a-b1da-12c8bbc074d4:192.168.134.127:37779], old=null at 0
2019-06-12 14:11:56,901 INFO  impl.FollowerState (FollowerState.java:run(101)) - c1d3caf2-d8b0-4dae-a6e8-09bf334478b0:group-AE523F5C6DDE changes to CANDIDATE, lastRpcTime:1110, electionTimeout:1094ms
2019-06-12 14:11:56,901 INFO  storage.RaftLogWorker (RaftLogWorker.java:execute(469)) - 5e8b8e1a-7073-4f60-a6ba-65876a37d361-RaftLogWorker: created new log segment /opt/src/hadoop-ozone/integration-test/target/test-dir/MiniOzoneClusterImpl-eb82d619-8dbe-4f21-9f65-1a5d56774ee4/datanode-1/data/ratis/e330576b-de40-4ad1-ad08-d81d1cb7c8d1/current/log_inprogress_0
2019-06-12 14:11:56,901 INFO  impl.RoleInfo (RoleInfo.java:shutdownFollowerState(121)) - c1d3caf2-d8b0-4dae-a6e8-09bf334478b0: shutdown FollowerState
2019-06-12 14:11:56,902 INFO  impl.RaftServerImpl (RaftServerImpl.java:setRole(164)) - c1d3caf2-d8b0-4dae-a6e8-09bf334478b0:group-AE523F5C6DDE changes role from FOLLOWER to CANDIDATE at term 0 for changeToCandidate
2019-06-12 14:11:56,902 INFO  impl.RoleInfo (RoleInfo.java:updateAndGet(143)) - c1d3caf2-d8b0-4dae-a6e8-09bf334478b0: start LeaderElection
2019-06-12 14:11:56,923 INFO  impl.LeaderElection (LeaderElection.java:askForVotes(181)) - 2c8bb1a5-eb7e-49cb-b976-e21d7edba7c7:group-727B70F9DF31:LeaderElection5: begin an election at term 1 for -1: [2c8bb1a5-eb7e-49cb-b976-e21d7edba7c7:192.168.134.127:44277], old=null
2019-06-12 14:11:56,923 INFO  impl.RoleInfo (RoleInfo.java:shutdownLeaderElection(134)) - 2c8bb1a5-eb7e-49cb-b976-e21d7edba7c7: shutdown LeaderElection
2019-06-12 14:11:56,923 INFO  impl.RaftServerImpl (RaftServerImpl.java:setRole(164)) - 2c8bb1a5-eb7e-49cb-b976-e21d7edba7c7:group-727B70F9DF31 changes role from CANDIDATE to LEADER at term 1 for changeToLeader
2019-06-12 14:11:56,923 INFO  impl.RaftServerImpl (ServerState.java:setLeader(263)) - 2c8bb1a5-eb7e-49cb-b976-e21d7edba7c7:group-727B70F9DF31 change Leader from null to 2c8bb1a5-eb7e-49cb-b976-e21d7edba7c7 at term 1 for becomeLeader, leader elected after 1190ms
2019-06-12 14:11:56,924 INFO  storage.RaftLogWorker (RaftLogWorker.java:execute(469)) - c1d3caf2-d8b0-4dae-a6e8-09bf334478b0-RaftLogWorker: created new log segment /opt/src/hadoop-ozone/integration-test/target/test-dir/MiniOzoneClusterImpl-eb82d619-8dbe-4f21-9f65-1a5d56774ee4/datanode-0/data/ratis/0029e66b-27d7-4e11-9fe6-652a409c72c6/current/log_inprogress_0
2019-06-12 14:11:56,925 INFO  server.RaftServerConfigKeys (ConfUtils.java:logGet(43)) - raft.server.staging.catchup.gap = 1000 (default)
2019-06-12 14:11:56,925 INFO  server.RaftServerConfigKeys (ConfUtils.java:logGet(43)) - raft.server.rpc.sleep.time = 25ms (default)
2019-06-12 14:11:56,926 INFO  server.RaftServerConfigKeys (ConfUtils.java:logGet(43)) - raft.server.watch.timeout = 10s (default)
2019-06-12 14:11:56,926 INFO  server.RaftServerConfigKeys (ConfUtils.java:logGet(43)) - raft.server.watch.timeout.denomination = 1s (default)
2019-06-12 14:11:56,926 INFO  impl.RoleInfo (RoleInfo.java:updateAndGet(143)) - 2c8bb1a5-eb7e-49cb-b976-e21d7edba7c7: start LeaderState
2019-06-12 14:11:56,926 INFO  storage.RaftLogWorker (RaftLogWorker.java:startLogSegment(298)) - 2c8bb1a5-eb7e-49cb-b976-e21d7edba7c7-RaftLogWorker: Starting segment from index:0
2019-06-12 14:11:56,930 INFO  storage.RaftLogWorker (RaftLogWorker.java:execute(469)) - 4ea34d92-115a-4c2a-b1da-12c8bbc074d4-RaftLogWorker: created new log segment /opt/src/hadoop-ozone/integration-test/target/test-dir/MiniOzoneClusterImpl-eb82d619-8dbe-4f21-9f65-1a5d56774ee4/datanode-2/data/ratis/0a1d5ada-c9cd-43e2-bc93-f609ff516738/current/log_inprogress_0
2019-06-12 14:11:56,945 INFO  impl.FollowerState (FollowerState.java:run(101)) - 5e8b8e1a-7073-4f60-a6ba-65876a37d361:group-AE523F5C6DDE changes to CANDIDATE, lastRpcTime:1156, electionTimeout:1150ms
2019-06-12 14:11:56,945 INFO  impl.RoleInfo (RoleInfo.java:shutdownFollowerState(121)) - 5e8b8e1a-7073-4f60-a6ba-65876a37d361: shutdown FollowerState
2019-06-12 14:11:56,945 INFO  impl.RaftServerImpl (RaftServerImpl.java:setRole(164)) - 5e8b8e1a-7073-4f60-a6ba-65876a37d361:group-AE523F5C6DDE changes role from FOLLOWER to CANDIDATE at term 0 for changeToCandidate
2019-06-12 14:11:56,945 INFO  impl.RoleInfo (RoleInfo.java:updateAndGet(143)) - 5e8b8e1a-7073-4f60-a6ba-65876a37d361: start LeaderElection
2019-06-12 14:11:56,945 INFO  impl.RaftServerImpl (ServerState.java:setRaftConf(361)) - 2c8bb1a5-eb7e-49cb-b976-e21d7edba7c7:group-727B70F9DF31 set configuration 0: [2c8bb1a5-eb7e-49cb-b976-e21d7edba7c7:192.168.134.127:44277], old=null at 0
2019-06-12 14:11:56,947 INFO  impl.LeaderElection (LeaderElection.java:askForVotes(181)) - c1d3caf2-d8b0-4dae-a6e8-09bf334478b0:group-AE523F5C6DDE:LeaderElection6: begin an election at term 1 for -1: [5e8b8e1a-7073-4f60-a6ba-65876a37d361:192.168.134.127:32849, c1d3caf2-d8b0-4dae-a6e8-09bf334478b0:192.168.134.127:45649, 4ea34d92-115a-4c2a-b1da-12c8bbc074d4:192.168.134.127:37779], old=null
2019-06-12 14:11:56,965 INFO  impl.FollowerState (FollowerState.java:run(101)) - 5100fa34-3c66-4ada-b5d8-81f690798475:group-7EE7265C3ED6 changes to CANDIDATE, lastRpcTime:1108, electionTimeout:1107ms
2019-06-12 14:11:56,965 INFO  impl.RoleInfo (RoleInfo.java:shutdownFollowerState(121)) - 5100fa34-3c66-4ada-b5d8-81f690798475: shutdown FollowerState
2019-06-12 14:11:56,965 INFO  impl.RaftServerImpl (RaftServerImpl.java:setRole(164)) - 5100fa34-3c66-4ada-b5d8-81f690798475:group-7EE7265C3ED6 changes role from FOLLOWER to CANDIDATE at term 0 for changeToCandidate
2019-06-12 14:11:56,965 INFO  impl.RoleInfo (RoleInfo.java:updateAndGet(143)) - 5100fa34-3c66-4ada-b5d8-81f690798475: start LeaderElection
2019-06-12 14:11:56,968 INFO  storage.RaftLogWorker (RaftLogWorker.java:execute(469)) - 2c8bb1a5-eb7e-49cb-b976-e21d7edba7c7-RaftLogWorker: created new log segment /opt/src/hadoop-ozone/integration-test/target/test-dir/MiniOzoneClusterImpl-eb82d619-8dbe-4f21-9f65-1a5d56774ee4/datanode-3/data/ratis/3d098ac9-743e-4097-8e76-727b70f9df31/current/log_inprogress_0
2019-06-12 14:11:56,973 INFO  impl.LeaderElection (LeaderElection.java:askForVotes(181)) - 5e8b8e1a-7073-4f60-a6ba-65876a37d361:group-AE523F5C6DDE:LeaderElection7: begin an election at term 1 for -1: [5e8b8e1a-7073-4f60-a6ba-65876a37d361:192.168.134.127:32849, c1d3caf2-d8b0-4dae-a6e8-09bf334478b0:192.168.134.127:45649, 4ea34d92-115a-4c2a-b1da-12c8bbc074d4:192.168.134.127:37779], old=null
2019-06-12 14:11:56,998 INFO  impl.LeaderElection (LeaderElection.java:askForVotes(181)) - 5100fa34-3c66-4ada-b5d8-81f690798475:group-7EE7265C3ED6:LeaderElection8: begin an election at term 1 for -1: [5100fa34-3c66-4ada-b5d8-81f690798475:192.168.134.127:46325], old=null
2019-06-12 14:11:56,998 INFO  impl.RoleInfo (RoleInfo.java:shutdownLeaderElection(134)) - 5100fa34-3c66-4ada-b5d8-81f690798475: shutdown LeaderElection
2019-06-12 14:11:56,998 INFO  impl.RaftServerImpl (RaftServerImpl.java:setRole(164)) - 5100fa34-3c66-4ada-b5d8-81f690798475:group-7EE7265C3ED6 changes role from CANDIDATE to LEADER at term 1 for changeToLeader
2019-06-12 14:11:56,998 INFO  impl.RaftServerImpl (ServerState.java:setLeader(263)) - 5100fa34-3c66-4ada-b5d8-81f690798475:group-7EE7265C3ED6 change Leader from null to 5100fa34-3c66-4ada-b5d8-81f690798475 at term 1 for becomeLeader, leader elected after 1143ms
2019-06-12 14:11:56,999 INFO  impl.LeaderElection (LeaderElection.java:logAndReturn(56)) - 4ea34d92-115a-4c2a-b1da-12c8bbc074d4:group-AE523F5C6DDE:LeaderElection3: Election REJECTED; received 2 response(s) [4ea34d92-115a-4c2a-b1da-12c8bbc074d4->5e8b8e1a-7073-4f60-a6ba-65876a37d361,false-t1, 4ea34d92-115a-4c2a-b1da-12c8bbc074d4->c1d3caf2-d8b0-4dae-a6e8-09bf334478b0,false-t1] and 0 exception(s); 4ea34d92-115a-4c2a-b1da-12c8bbc074d4:t1, leader=null, voted=4ea34d92-115a-4c2a-b1da-12c8bbc074d4, raftlog=4ea34d92-115a-4c2a-b1da-12c8bbc074d4-SegmentedRaftLog:OPENED:c-1,f-1,i0, conf=-1: [5e8b8e1a-7073-4f60-a6ba-65876a37d361:192.168.134.127:32849, c1d3caf2-d8b0-4dae-a6e8-09bf334478b0:192.168.134.127:45649, 4ea34d92-115a-4c2a-b1da-12c8bbc074d4:192.168.134.127:37779], old=null
2019-06-12 14:11:56,999 INFO  impl.RaftServerImpl (RaftServerImpl.java:setRole(164)) - 4ea34d92-115a-4c2a-b1da-12c8bbc074d4:group-AE523F5C6DDE changes role from CANDIDATE to FOLLOWER at term 1 for DISCOVERED_A_NEW_TERM
2019-06-12 14:11:56,999 INFO  impl.RoleInfo (RoleInfo.java:shutdownLeaderElection(134)) - 4ea34d92-115a-4c2a-b1da-12c8bbc074d4: shutdown LeaderElection
2019-06-12 14:11:56,999 INFO  impl.RoleInfo (RoleInfo.java:updateAndGet(143)) - 4ea34d92-115a-4c2a-b1da-12c8bbc074d4: start FollowerState
2019-06-12 14:11:57,003 INFO  server.RaftServerConfigKeys (ConfUtils.java:logGet(43)) - raft.server.staging.catchup.gap = 1000 (default)
2019-06-12 14:11:57,018 INFO  server.RaftServerConfigKeys (ConfUtils.java:logGet(43)) - raft.server.rpc.sleep.time = 25ms (default)
2019-06-12 14:11:57,018 INFO  server.RaftServerConfigKeys (ConfUtils.java:logGet(43)) - raft.server.watch.timeout = 10s (default)
2019-06-12 14:11:57,018 INFO  server.RaftServerConfigKeys (ConfUtils.java:logGet(43)) - raft.server.watch.timeout.denomination = 1s (default)
2019-06-12 14:11:57,018 INFO  impl.RoleInfo (RoleInfo.java:updateAndGet(143)) - 5100fa34-3c66-4ada-b5d8-81f690798475: start LeaderState
2019-06-12 14:11:57,018 INFO  storage.RaftLogWorker (RaftLogWorker.java:startLogSegment(298)) - 5100fa34-3c66-4ada-b5d8-81f690798475-RaftLogWorker: Starting segment from index:0
2019-06-12 14:11:57,021 INFO  impl.RaftServerImpl (ServerState.java:setRaftConf(361)) - 5100fa34-3c66-4ada-b5d8-81f690798475:group-7EE7265C3ED6 set configuration 0: [5100fa34-3c66-4ada-b5d8-81f690798475:192.168.134.127:46325], old=null at 0
2019-06-12 14:11:57,058 INFO  ozone.MiniOzoneClusterImpl (MiniOzoneClusterImpl.java:lambda$waitForClusterToBeReady$0(142)) - Cluster is ready. Got 6 of 6 DN Heartbeats.
2019-06-12 14:11:57,062 INFO  storage.RaftLogWorker (RaftLogWorker.java:execute(469)) - 5100fa34-3c66-4ada-b5d8-81f690798475-RaftLogWorker: created new log segment /opt/src/hadoop-ozone/integration-test/target/test-dir/MiniOzoneClusterImpl-eb82d619-8dbe-4f21-9f65-1a5d56774ee4/datanode-4/data/ratis/af71735c-d136-40e5-9d87-7ee7265c3ed6/current/log_inprogress_0
2019-06-12 14:11:57,066 INFO  impl.LeaderElection (LeaderElection.java:logAndReturn(56)) - 5e8b8e1a-7073-4f60-a6ba-65876a37d361:group-AE523F5C6DDE:LeaderElection7: Election REJECTED; received 2 response(s) [5e8b8e1a-7073-4f60-a6ba-65876a37d361->c1d3caf2-d8b0-4dae-a6e8-09bf334478b0,false-t1, 5e8b8e1a-7073-4f60-a6ba-65876a37d361->4ea34d92-115a-4c2a-b1da-12c8bbc074d4,false-t1] and 0 exception(s); 5e8b8e1a-7073-4f60-a6ba-65876a37d361:t1, leader=null, voted=5e8b8e1a-7073-4f60-a6ba-65876a37d361, raftlog=5e8b8e1a-7073-4f60-a6ba-65876a37d361-SegmentedRaftLog:OPENED:c-1,f-1,i0, conf=-1: [5e8b8e1a-7073-4f60-a6ba-65876a37d361:192.168.134.127:32849, c1d3caf2-d8b0-4dae-a6e8-09bf334478b0:192.168.134.127:45649, 4ea34d92-115a-4c2a-b1da-12c8bbc074d4:192.168.134.127:37779], old=null
2019-06-12 14:11:57,067 INFO  impl.RaftServerImpl (RaftServerImpl.java:setRole(164)) - 5e8b8e1a-7073-4f60-a6ba-65876a37d361:group-AE523F5C6DDE changes role from CANDIDATE to FOLLOWER at term 1 for DISCOVERED_A_NEW_TERM
2019-06-12 14:11:57,067 INFO  impl.RoleInfo (RoleInfo.java:shutdownLeaderElection(134)) - 5e8b8e1a-7073-4f60-a6ba-65876a37d361: shutdown LeaderElection
2019-06-12 14:11:57,067 INFO  impl.RoleInfo (RoleInfo.java:updateAndGet(143)) - 5e8b8e1a-7073-4f60-a6ba-65876a37d361: start FollowerState
2019-06-12 14:11:57,070 INFO  impl.LeaderElection (LeaderElection.java:logAndReturn(56)) - c1d3caf2-d8b0-4dae-a6e8-09bf334478b0:group-AE523F5C6DDE:LeaderElection6: Election REJECTED; received 2 response(s) [c1d3caf2-d8b0-4dae-a6e8-09bf334478b0->5e8b8e1a-7073-4f60-a6ba-65876a37d361,false-t1, c1d3caf2-d8b0-4dae-a6e8-09bf334478b0->4ea34d92-115a-4c2a-b1da-12c8bbc074d4,false-t1] and 0 exception(s); c1d3caf2-d8b0-4dae-a6e8-09bf334478b0:t1, leader=null, voted=c1d3caf2-d8b0-4dae-a6e8-09bf334478b0, raftlog=c1d3caf2-d8b0-4dae-a6e8-09bf334478b0-SegmentedRaftLog:OPENED:c-1,f-1,i0, conf=-1: [5e8b8e1a-7073-4f60-a6ba-65876a37d361:192.168.134.127:32849, c1d3caf2-d8b0-4dae-a6e8-09bf334478b0:192.168.134.127:45649, 4ea34d92-115a-4c2a-b1da-12c8bbc074d4:192.168.134.127:37779], old=null
2019-06-12 14:11:57,072 INFO  impl.RaftServerImpl (RaftServerImpl.java:setRole(164)) - c1d3caf2-d8b0-4dae-a6e8-09bf334478b0:group-AE523F5C6DDE changes role from CANDIDATE to FOLLOWER at term 1 for DISCOVERED_A_NEW_TERM
2019-06-12 14:11:57,072 INFO  impl.RoleInfo (RoleInfo.java:shutdownLeaderElection(134)) - c1d3caf2-d8b0-4dae-a6e8-09bf334478b0: shutdown LeaderElection
2019-06-12 14:11:57,072 INFO  impl.RoleInfo (RoleInfo.java:updateAndGet(143)) - c1d3caf2-d8b0-4dae-a6e8-09bf334478b0: start FollowerState
]]></system-out>
    <system-err><![CDATA[ERROR StatusLogger No Log4j 2 configuration file found. Using default configuration (logging only errors to the console), or user programmatically provided configurations. Set system property 'log4j2.debug' to show Log4j 2 internal initialization logging. See https://logging.apache.org/log4j/2.x/manual/configuration.html for instructions on how to configure Log4j 2
Jun 12, 2019 2:11:50 PM com.sun.jersey.server.impl.application.WebApplicationImpl _initiate
INFO: Initiating Jersey application, version 'Jersey: 1.19 02/11/2015 03:25 AM'
Jun 12, 2019 2:11:51 PM com.sun.jersey.server.impl.application.WebApplicationImpl _initiate
INFO: Initiating Jersey application, version 'Jersey: 1.19 02/11/2015 03:25 AM'
Jun 12, 2019 2:11:51 PM com.sun.jersey.server.impl.application.WebApplicationImpl _initiate
INFO: Initiating Jersey application, version 'Jersey: 1.19 02/11/2015 03:25 AM'
Jun 12, 2019 2:11:51 PM com.sun.jersey.server.impl.application.WebApplicationImpl _initiate
INFO: Initiating Jersey application, version 'Jersey: 1.19 02/11/2015 03:25 AM'
Jun 12, 2019 2:11:51 PM com.sun.jersey.server.impl.application.WebApplicationImpl _initiate
INFO: Initiating Jersey application, version 'Jersey: 1.19 02/11/2015 03:25 AM'
Jun 12, 2019 2:11:51 PM com.sun.jersey.server.impl.application.WebApplicationImpl _initiate
INFO: Initiating Jersey application, version 'Jersey: 1.19 02/11/2015 03:25 AM'
]]></system-err>
  </testcase>
</testsuite>