<?xml version="1.0" encoding="UTF-8"?>
<testsuite xmlns:xsi="http://www.w3.org/2001/XMLSchema-instance" xsi:noNamespaceSchemaLocation="https://maven.apache.org/surefire/maven-surefire-plugin/xsd/surefire-test-report.xsd" name="org.apache.hadoop.hdds.scm.pipeline.TestNodeFailure" time="40.401" tests="1" errors="0" skipped="1" failures="0">
  <properties>
    <property name="awt.toolkit" value="sun.awt.X11.XToolkit"/>
    <property name="file.encoding.pkg" value="sun.io"/>
    <property name="java.specification.version" value="1.8"/>
    <property name="sun.cpu.isalist" value=""/>
    <property name="sun.jnu.encoding" value="UTF-8"/>
    <property name="java.class.path" value="/opt/src/hadoop-ozone/integration-test/target/test-classes:/opt/src/hadoop-ozone/integration-test/target/classes:/home/user/.m2/repository/org/apache/hadoop/hadoop-ozone-common/0.5.0-SNAPSHOT/hadoop-ozone-common-0.5.0-SNAPSHOT.jar:/home/user/.m2/repository/org/apache/commons/commons-compress/1.4.1/commons-compress-1.4.1.jar:/home/user/.m2/repository/org/tukaani/xz/1.0/xz-1.0.jar:/home/user/.m2/repository/org/apache/hadoop/hadoop-common/3.2.0/hadoop-common-3.2.0.jar:/home/user/.m2/repository/org/apache/hadoop/hadoop-hdfs/3.2.0/hadoop-hdfs-3.2.0.jar:/home/user/.m2/repository/org/apache/hadoop/hadoop-hdfs-client/3.2.0/hadoop-hdfs-client-3.2.0.jar:/home/user/.m2/repository/com/fasterxml/jackson/core/jackson-annotations/2.9.5/jackson-annotations-2.9.5.jar:/home/user/.m2/repository/org/apache/hadoop/hadoop-hdds-common/0.5.0-SNAPSHOT/hadoop-hdds-common-0.5.0-SNAPSHOT.jar:/home/user/.m2/repository/javax/annotation/javax.annotation-api/1.2/javax.annotation-api-1.2.jar:/home/user/.m2/repository/org/apache/ratis/ratis-server/0.4.0-fe2b15d-SNAPSHOT/ratis-server-0.4.0-fe2b15d-SNAPSHOT.jar:/home/user/.m2/repository/org/apache/ratis/ratis-thirdparty-misc/0.2.0/ratis-thirdparty-misc-0.2.0.jar:/home/user/.m2/repository/org/apache/ratis/ratis-proto/0.4.0-fe2b15d-SNAPSHOT/ratis-proto-0.4.0-fe2b15d-SNAPSHOT.jar:/home/user/.m2/repository/org/apache/ratis/ratis-common/0.4.0-fe2b15d-SNAPSHOT/ratis-common-0.4.0-fe2b15d-SNAPSHOT.jar:/home/user/.m2/repository/org/apache/ratis/ratis-client/0.4.0-fe2b15d-SNAPSHOT/ratis-client-0.4.0-fe2b15d-SNAPSHOT.jar:/home/user/.m2/repository/org/apache/ratis/ratis-netty/0.4.0-fe2b15d-SNAPSHOT/ratis-netty-0.4.0-fe2b15d-SNAPSHOT.jar:/home/user/.m2/repository/org/apache/ratis/ratis-grpc/0.4.0-fe2b15d-SNAPSHOT/ratis-grpc-0.4.0-fe2b15d-SNAPSHOT.jar:/home/user/.m2/repository/org/rocksdb/rocksdbjni/5.14.2/rocksdbjni-5.14.2.jar:/home/user/.m2/repository/org/apache/logging/log4j/log4j-api/2.11.0/log4j-api-2.11.0.jar:/home/user/.m2/repository/org/apache/logging/log4j/log4j-core/2.11.0/log4j-core-2.11.0.jar:/home/user/.m2/repository/com/lmax/disruptor/3.4.2/disruptor-3.4.2.jar:/home/user/.m2/repository/org/apache/commons/commons-pool2/2.6.0/commons-pool2-2.6.0.jar:/home/user/.m2/repository/org/bouncycastle/bcpkix-jdk15on/1.60/bcpkix-jdk15on-1.60.jar:/home/user/.m2/repository/commons-validator/commons-validator/1.6/commons-validator-1.6.jar:/home/user/.m2/repository/commons-digester/commons-digester/1.8.1/commons-digester-1.8.1.jar:/home/user/.m2/repository/io/jaegertracing/jaeger-client/0.33.1/jaeger-client-0.33.1.jar:/home/user/.m2/repository/io/jaegertracing/jaeger-thrift/0.33.1/jaeger-thrift-0.33.1.jar:/home/user/.m2/repository/org/apache/thrift/libthrift/0.11.0/libthrift-0.11.0.jar:/home/user/.m2/repository/com/squareup/okhttp3/okhttp/3.9.0/okhttp-3.9.0.jar:/home/user/.m2/repository/com/squareup/okio/okio/1.13.0/okio-1.13.0.jar:/home/user/.m2/repository/io/jaegertracing/jaeger-core/0.33.1/jaeger-core-0.33.1.jar:/home/user/.m2/repository/io/jaegertracing/jaeger-tracerresolver/0.33.1/jaeger-tracerresolver-0.33.1.jar:/home/user/.m2/repository/io/opentracing/contrib/opentracing-tracerresolver/0.1.5/opentracing-tracerresolver-0.1.5.jar:/home/user/.m2/repository/io/opentracing/opentracing-util/0.31.0/opentracing-util-0.31.0.jar:/home/user/.m2/repository/io/opentracing/opentracing-api/0.31.0/opentracing-api-0.31.0.jar:/home/user/.m2/repository/io/opentracing/opentracing-noop/0.31.0/opentracing-noop-0.31.0.jar:/home/user/.m2/repository/org/apache/hadoop/hadoop-hdds-server-framework/0.5.0-SNAPSHOT/hadoop-hdds-server-framework-0.5.0-SNAPSHOT.jar:/home/user/.m2/repository/org/apache/hadoop/hadoop-hdds-server-scm/0.5.0-SNAPSHOT/hadoop-hdds-server-scm-0.5.0-SNAPSHOT.jar:/home/user/.m2/repository/org/apache/hadoop/hadoop-hdds-container-service/0.5.0-SNAPSHOT/hadoop-hdds-container-service-0.5.0-SNAPSHOT.jar:/home/user/.m2/repository/org/apache/hadoop/hadoop-hdds-client/0.5.0-SNAPSHOT/hadoop-hdds-client-0.5.0-SNAPSHOT.jar:/home/user/.m2/repository/org/apache/hadoop/hadoop-hdds-tools/0.5.0-SNAPSHOT/hadoop-hdds-tools-0.5.0-SNAPSHOT.jar:/home/user/.m2/repository/org/apache/hadoop/hadoop-ozone-ozone-manager/0.5.0-SNAPSHOT/hadoop-ozone-ozone-manager-0.5.0-SNAPSHOT.jar:/home/user/.m2/repository/org/apache/hadoop/hadoop-hdds-docs/0.5.0-SNAPSHOT/hadoop-hdds-docs-0.5.0-SNAPSHOT.jar:/home/user/.m2/repository/org/bouncycastle/bcprov-jdk15on/1.60/bcprov-jdk15on-1.60.jar:/home/user/.m2/repository/org/apache/hadoop/hadoop-minikdc/3.2.0/hadoop-minikdc-3.2.0.jar:/home/user/.m2/repository/commons-io/commons-io/2.5/commons-io-2.5.jar:/home/user/.m2/repository/org/apache/kerby/kerb-simplekdc/1.0.1/kerb-simplekdc-1.0.1.jar:/home/user/.m2/repository/org/apache/kerby/kerb-client/1.0.1/kerb-client-1.0.1.jar:/home/user/.m2/repository/org/apache/kerby/kerby-config/1.0.1/kerby-config-1.0.1.jar:/home/user/.m2/repository/org/apache/kerby/kerb-core/1.0.1/kerb-core-1.0.1.jar:/home/user/.m2/repository/org/apache/kerby/kerby-pkix/1.0.1/kerby-pkix-1.0.1.jar:/home/user/.m2/repository/org/apache/kerby/kerby-asn1/1.0.1/kerby-asn1-1.0.1.jar:/home/user/.m2/repository/org/apache/kerby/kerby-util/1.0.1/kerby-util-1.0.1.jar:/home/user/.m2/repository/org/apache/kerby/kerb-common/1.0.1/kerb-common-1.0.1.jar:/home/user/.m2/repository/org/apache/kerby/kerb-crypto/1.0.1/kerb-crypto-1.0.1.jar:/home/user/.m2/repository/org/apache/kerby/kerb-util/1.0.1/kerb-util-1.0.1.jar:/home/user/.m2/repository/org/apache/kerby/token-provider/1.0.1/token-provider-1.0.1.jar:/home/user/.m2/repository/org/apache/kerby/kerb-admin/1.0.1/kerb-admin-1.0.1.jar:/home/user/.m2/repository/org/apache/kerby/kerb-server/1.0.1/kerb-server-1.0.1.jar:/home/user/.m2/repository/org/apache/kerby/kerb-identity/1.0.1/kerb-identity-1.0.1.jar:/home/user/.m2/repository/org/apache/kerby/kerby-xdr/1.0.1/kerby-xdr-1.0.1.jar:/home/user/.m2/repository/org/slf4j/slf4j-log4j12/1.7.25/slf4j-log4j12-1.7.25.jar:/home/user/.m2/repository/org/apache/hadoop/hadoop-ozone-objectstore-service/0.5.0-SNAPSHOT/hadoop-ozone-objectstore-service-0.5.0-SNAPSHOT.jar:/home/user/.m2/repository/org/apache/hadoop/hadoop-ozone-s3gateway/0.5.0-SNAPSHOT/hadoop-ozone-s3gateway-0.5.0-SNAPSHOT.jar:/home/user/.m2/repository/org/jboss/weld/servlet/weld-servlet/2.4.7.Final/weld-servlet-2.4.7.Final.jar:/home/user/.m2/repository/org/glassfish/jersey/containers/jersey-container-servlet-core/2.27/jersey-container-servlet-core-2.27.jar:/home/user/.m2/repository/org/glassfish/hk2/external/javax.inject/2.5.0-b42/javax.inject-2.5.0-b42.jar:/home/user/.m2/repository/org/glassfish/jersey/core/jersey-common/2.27/jersey-common-2.27.jar:/home/user/.m2/repository/org/glassfish/hk2/osgi-resource-locator/1.0.1/osgi-resource-locator-1.0.1.jar:/home/user/.m2/repository/javax/ws/rs/javax.ws.rs-api/2.1/javax.ws.rs-api-2.1.jar:/home/user/.m2/repository/org/glassfish/jersey/ext/cdi/jersey-cdi1x/2.27/jersey-cdi1x-2.27.jar:/home/user/.m2/repository/org/glassfish/jersey/inject/jersey-hk2/2.27/jersey-hk2-2.27.jar:/home/user/.m2/repository/org/glassfish/hk2/hk2-locator/2.5.0-b42/hk2-locator-2.5.0-b42.jar:/home/user/.m2/repository/org/javassist/javassist/3.22.0-CR2/javassist-3.22.0-CR2.jar:/home/user/.m2/repository/org/glassfish/hk2/hk2-api/2.5.0/hk2-api-2.5.0.jar:/home/user/.m2/repository/org/glassfish/hk2/external/jakarta.inject/2.5.0/jakarta.inject-2.5.0.jar:/home/user/.m2/repository/org/glassfish/hk2/hk2-utils/2.5.0/hk2-utils-2.5.0.jar:/home/user/.m2/repository/jakarta/annotation/jakarta.annotation-api/1.3.4/jakarta.annotation-api-1.3.4.jar:/home/user/.m2/repository/org/glassfish/hk2/external/aopalliance-repackaged/2.5.0/aopalliance-repackaged-2.5.0.jar:/home/user/.m2/repository/com/fasterxml/jackson/dataformat/jackson-dataformat-xml/2.9.0/jackson-dataformat-xml-2.9.0.jar:/home/user/.m2/repository/com/fasterxml/jackson/core/jackson-core/2.9.5/jackson-core-2.9.5.jar:/home/user/.m2/repository/com/fasterxml/jackson/module/jackson-module-jaxb-annotations/2.9.5/jackson-module-jaxb-annotations-2.9.5.jar:/home/user/.m2/repository/javax/enterprise/cdi-api/1.2/cdi-api-1.2.jar:/home/user/.m2/repository/javax/el/javax.el-api/3.0.0/javax.el-api-3.0.0.jar:/home/user/.m2/repository/javax/interceptor/javax.interceptor-api/1.2/javax.interceptor-api-1.2.jar:/home/user/.m2/repository/javax/inject/javax.inject/1/javax.inject-1.jar:/home/user/.m2/repository/com/sun/xml/bind/jaxb-impl/2.3.0.1/jaxb-impl-2.3.0.1.jar:/home/user/.m2/repository/com/sun/xml/bind/jaxb-core/2.3.0.1/jaxb-core-2.3.0.1.jar:/home/user/.m2/repository/javax/xml/bind/jaxb-api/2.3.0/jaxb-api-2.3.0.jar:/home/user/.m2/repository/javax/activation/activation/1.1.1/activation-1.1.1.jar:/home/user/.m2/repository/org/apache/hadoop/hadoop-ozone-csi/0.5.0-SNAPSHOT/hadoop-ozone-csi-0.5.0-SNAPSHOT.jar:/home/user/.m2/repository/com/google/protobuf/protobuf-java-util/3.5.1/protobuf-java-util-3.5.1.jar:/home/user/.m2/repository/org/apache/hadoop/hadoop-hdds-config/0.5.0-SNAPSHOT/hadoop-hdds-config-0.5.0-SNAPSHOT.jar:/home/user/.m2/repository/com/google/guava/guava/11.0.2/guava-11.0.2.jar:/home/user/.m2/repository/com/google/protobuf/protobuf-java/2.5.0/protobuf-java-2.5.0.jar:/home/user/.m2/repository/io/grpc/grpc-netty/1.17.1/grpc-netty-1.17.1.jar:/home/user/.m2/repository/io/grpc/grpc-core/1.17.1/grpc-core-1.17.1.jar:/home/user/.m2/repository/io/grpc/grpc-context/1.17.1/grpc-context-1.17.1.jar:/home/user/.m2/repository/com/google/errorprone/error_prone_annotations/2.2.0/error_prone_annotations-2.2.0.jar:/home/user/.m2/repository/org/codehaus/mojo/animal-sniffer-annotations/1.17/animal-sniffer-annotations-1.17.jar:/home/user/.m2/repository/io/opencensus/opencensus-api/0.17.0/opencensus-api-0.17.0.jar:/home/user/.m2/repository/io/opencensus/opencensus-contrib-grpc-metrics/0.17.0/opencensus-contrib-grpc-metrics-0.17.0.jar:/home/user/.m2/repository/io/netty/netty-codec-http2/4.1.30.Final/netty-codec-http2-4.1.30.Final.jar:/home/user/.m2/repository/io/netty/netty-codec-http/4.1.30.Final/netty-codec-http-4.1.30.Final.jar:/home/user/.m2/repository/io/netty/netty-codec/4.1.30.Final/netty-codec-4.1.30.Final.jar:/home/user/.m2/repository/io/netty/netty-handler/4.1.30.Final/netty-handler-4.1.30.Final.jar:/home/user/.m2/repository/io/netty/netty-handler-proxy/4.1.30.Final/netty-handler-proxy-4.1.30.Final.jar:/home/user/.m2/repository/io/netty/netty-codec-socks/4.1.30.Final/netty-codec-socks-4.1.30.Final.jar:/home/user/.m2/repository/io/netty/netty-transport-native-epoll/4.1.30.Final/netty-transport-native-epoll-4.1.30.Final.jar:/home/user/.m2/repository/io/netty/netty-common/4.1.30.Final/netty-common-4.1.30.Final.jar:/home/user/.m2/repository/io/netty/netty-buffer/4.1.30.Final/netty-buffer-4.1.30.Final.jar:/home/user/.m2/repository/io/netty/netty-transport/4.1.30.Final/netty-transport-4.1.30.Final.jar:/home/user/.m2/repository/io/netty/netty-resolver/4.1.30.Final/netty-resolver-4.1.30.Final.jar:/home/user/.m2/repository/io/netty/netty-transport-native-unix-common/4.1.30.Final/netty-transport-native-unix-common-4.1.30.Final.jar:/home/user/.m2/repository/io/grpc/grpc-protobuf/1.17.1/grpc-protobuf-1.17.1.jar:/home/user/.m2/repository/com/google/api/grpc/proto-google-common-protos/1.0.0/proto-google-common-protos-1.0.0.jar:/home/user/.m2/repository/io/grpc/grpc-protobuf-lite/1.17.1/grpc-protobuf-lite-1.17.1.jar:/home/user/.m2/repository/io/grpc/grpc-stub/1.17.1/grpc-stub-1.17.1.jar:/home/user/.m2/repository/org/apache/hadoop/hadoop-ozone-recon/0.5.0-SNAPSHOT/hadoop-ozone-recon-0.5.0-SNAPSHOT.jar:/home/user/.m2/repository/org/apache/hadoop/hadoop-ozone-reconcodegen/0.5.0-SNAPSHOT/hadoop-ozone-reconcodegen-0.5.0-SNAPSHOT.jar:/home/user/.m2/repository/com/google/inject/extensions/guice-multibindings/4.0/guice-multibindings-4.0.jar:/home/user/.m2/repository/com/google/inject/guice/4.0/guice-4.0.jar:/home/user/.m2/repository/aopalliance/aopalliance/1.0/aopalliance-1.0.jar:/home/user/.m2/repository/com/google/inject/extensions/guice-servlet/4.0/guice-servlet-4.0.jar:/home/user/.m2/repository/org/glassfish/jersey/containers/jersey-container-servlet/2.27/jersey-container-servlet-2.27.jar:/home/user/.m2/repository/org/glassfish/hk2/guice-bridge/2.5.0/guice-bridge-2.5.0.jar:/home/user/.m2/repository/org/glassfish/jersey/core/jersey-server/2.27/jersey-server-2.27.jar:/home/user/.m2/repository/org/glassfish/jersey/core/jersey-client/2.27/jersey-client-2.27.jar:/home/user/.m2/repository/org/glassfish/jersey/media/jersey-media-jaxb/2.27/jersey-media-jaxb-2.27.jar:/home/user/.m2/repository/javax/validation/validation-api/1.1.0.Final/validation-api-1.1.0.Final.jar:/home/user/.m2/repository/org/glassfish/jersey/media/jersey-media-json-jackson/2.27/jersey-media-json-jackson-2.27.jar:/home/user/.m2/repository/org/glassfish/jersey/ext/jersey-entity-filtering/2.27/jersey-entity-filtering-2.27.jar:/home/user/.m2/repository/com/google/inject/extensions/guice-assistedinject/4.0/guice-assistedinject-4.0.jar:/home/user/.m2/repository/org/jooq/jooq/3.11.10/jooq-3.11.10.jar:/home/user/.m2/repository/org/jooq/jooq-meta/3.11.10/jooq-meta-3.11.10.jar:/home/user/.m2/repository/org/jooq/jooq-codegen/3.11.10/jooq-codegen-3.11.10.jar:/home/user/.m2/repository/com/jolbox/bonecp/0.8.0.RELEASE/bonecp-0.8.0.RELEASE.jar:/home/user/.m2/repository/org/xerial/sqlite-jdbc/3.25.2/sqlite-jdbc-3.25.2.jar:/home/user/.m2/repository/org/springframework/spring-jdbc/5.1.3.RELEASE/spring-jdbc-5.1.3.RELEASE.jar:/home/user/.m2/repository/org/springframework/spring-beans/5.1.3.RELEASE/spring-beans-5.1.3.RELEASE.jar:/home/user/.m2/repository/org/springframework/spring-core/5.1.3.RELEASE/spring-core-5.1.3.RELEASE.jar:/home/user/.m2/repository/org/springframework/spring-jcl/5.1.3.RELEASE/spring-jcl-5.1.3.RELEASE.jar:/home/user/.m2/repository/org/springframework/spring-tx/5.1.3.RELEASE/spring-tx-5.1.3.RELEASE.jar:/home/user/.m2/repository/org/apache/hadoop/hadoop-ozone-client/0.5.0-SNAPSHOT/hadoop-ozone-client-0.5.0-SNAPSHOT.jar:/home/user/.m2/repository/org/apache/hadoop/hadoop-ozone-ozone-manager/0.5.0-SNAPSHOT/hadoop-ozone-ozone-manager-0.5.0-SNAPSHOT-tests.jar:/home/user/.m2/repository/junit/junit/4.11/junit-4.11.jar:/home/user/.m2/repository/org/hamcrest/hamcrest-core/1.3/hamcrest-core-1.3.jar:/home/user/.m2/repository/org/openjdk/jmh/jmh-core/1.19/jmh-core-1.19.jar:/home/user/.m2/repository/net/sf/jopt-simple/jopt-simple/4.6/jopt-simple-4.6.jar:/home/user/.m2/repository/org/apache/commons/commons-math3/3.1.1/commons-math3-3.1.1.jar:/home/user/.m2/repository/org/openjdk/jmh/jmh-generator-annprocess/1.19/jmh-generator-annprocess-1.19.jar:/home/user/.m2/repository/org/mockito/mockito-all/1.8.5/mockito-all-1.8.5.jar:/home/user/.m2/repository/org/apache/hadoop/hadoop-kms/3.2.0/hadoop-kms-3.2.0.jar:/home/user/.m2/repository/org/apache/hadoop/hadoop-auth/3.2.0/hadoop-auth-3.2.0.jar:/home/user/.m2/repository/com/nimbusds/nimbus-jose-jwt/4.41.1/nimbus-jose-jwt-4.41.1.jar:/home/user/.m2/repository/com/github/stephenc/jcip/jcip-annotations/1.0-1/jcip-annotations-1.0-1.jar:/home/user/.m2/repository/net/minidev/json-smart/2.3/json-smart-2.3.jar:/home/user/.m2/repository/net/minidev/accessors-smart/1.2/accessors-smart-1.2.jar:/home/user/.m2/repository/org/ow2/asm/asm/5.0.4/asm-5.0.4.jar:/home/user/.m2/repository/org/apache/curator/curator-framework/2.12.0/curator-framework-2.12.0.jar:/home/user/.m2/repository/com/sun/jersey/jersey-core/1.19/jersey-core-1.19.jar:/home/user/.m2/repository/javax/ws/rs/jsr311-api/1.1.1/jsr311-api-1.1.1.jar:/home/user/.m2/repository/com/sun/jersey/jersey-server/1.19/jersey-server-1.19.jar:/home/user/.m2/repository/javax/servlet/javax.servlet-api/3.1.0/javax.servlet-api-3.1.0.jar:/home/user/.m2/repository/org/eclipse/jetty/jetty-server/9.3.24.v20180605/jetty-server-9.3.24.v20180605.jar:/home/user/.m2/repository/org/eclipse/jetty/jetty-http/9.3.24.v20180605/jetty-http-9.3.24.v20180605.jar:/home/user/.m2/repository/org/eclipse/jetty/jetty-io/9.3.24.v20180605/jetty-io-9.3.24.v20180605.jar:/home/user/.m2/repository/org/eclipse/jetty/jetty-webapp/9.3.24.v20180605/jetty-webapp-9.3.24.v20180605.jar:/home/user/.m2/repository/org/eclipse/jetty/jetty-xml/9.3.24.v20180605/jetty-xml-9.3.24.v20180605.jar:/home/user/.m2/repository/log4j/log4j/1.2.17/log4j-1.2.17.jar:/home/user/.m2/repository/org/slf4j/slf4j-api/1.7.25/slf4j-api-1.7.25.jar:/home/user/.m2/repository/org/slf4j/jul-to-slf4j/1.7.25/jul-to-slf4j-1.7.25.jar:/home/user/.m2/repository/org/eclipse/jetty/jetty-util/9.3.24.v20180605/jetty-util-9.3.24.v20180605.jar:/home/user/.m2/repository/io/dropwizard/metrics/metrics-core/3.2.4/metrics-core-3.2.4.jar:/home/user/.m2/repository/com/fasterxml/jackson/core/jackson-databind/2.9.5/jackson-databind-2.9.5.jar:/home/user/.m2/repository/org/apache/hadoop/hadoop-kms/3.2.0/hadoop-kms-3.2.0-tests.jar:/home/user/.m2/repository/org/apache/hadoop/hadoop-hdds-server-scm/0.5.0-SNAPSHOT/hadoop-hdds-server-scm-0.5.0-SNAPSHOT-tests.jar:/home/user/.m2/repository/org/hamcrest/hamcrest-all/1.3/hamcrest-all-1.3.jar:/home/user/.m2/repository/info/picocli/picocli/3.9.6/picocli-3.9.6.jar:/home/user/.m2/repository/org/apache/hadoop/hadoop-hdds-container-service/0.5.0-SNAPSHOT/hadoop-hdds-container-service-0.5.0-SNAPSHOT-tests.jar:/home/user/.m2/repository/org/yaml/snakeyaml/1.16/snakeyaml-1.16.jar:/home/user/.m2/repository/org/apache/hadoop/hadoop-common/3.2.0/hadoop-common-3.2.0-tests.jar:/home/user/.m2/repository/org/apache/hadoop/hadoop-annotations/3.2.0/hadoop-annotations-3.2.0.jar:/usr/lib/jvm/java-1.8-openjdk/jre/../lib/tools.jar:/home/user/.m2/repository/commons-cli/commons-cli/1.2/commons-cli-1.2.jar:/home/user/.m2/repository/org/apache/httpcomponents/httpclient/4.5.2/httpclient-4.5.2.jar:/home/user/.m2/repository/org/apache/httpcomponents/httpcore/4.4.4/httpcore-4.4.4.jar:/home/user/.m2/repository/commons-codec/commons-codec/1.11/commons-codec-1.11.jar:/home/user/.m2/repository/commons-net/commons-net/3.6/commons-net-3.6.jar:/home/user/.m2/repository/commons-collections/commons-collections/3.2.2/commons-collections-3.2.2.jar:/home/user/.m2/repository/org/eclipse/jetty/jetty-servlet/9.3.24.v20180605/jetty-servlet-9.3.24.v20180605.jar:/home/user/.m2/repository/org/eclipse/jetty/jetty-security/9.3.24.v20180605/jetty-security-9.3.24.v20180605.jar:/home/user/.m2/repository/javax/servlet/jsp/jsp-api/2.1/jsp-api-2.1.jar:/home/user/.m2/repository/com/sun/jersey/jersey-servlet/1.19/jersey-servlet-1.19.jar:/home/user/.m2/repository/com/sun/jersey/jersey-json/1.19/jersey-json-1.19.jar:/home/user/.m2/repository/org/codehaus/jettison/jettison/1.1/jettison-1.1.jar:/home/user/.m2/repository/org/codehaus/jackson/jackson-core-asl/1.9.13/jackson-core-asl-1.9.13.jar:/home/user/.m2/repository/org/codehaus/jackson/jackson-mapper-asl/1.9.13/jackson-mapper-asl-1.9.13.jar:/home/user/.m2/repository/org/codehaus/jackson/jackson-jaxrs/1.9.13/jackson-jaxrs-1.9.13.jar:/home/user/.m2/repository/org/codehaus/jackson/jackson-xc/1.9.13/jackson-xc-1.9.13.jar:/home/user/.m2/repository/commons-logging/commons-logging/1.1.3/commons-logging-1.1.3.jar:/home/user/.m2/repository/commons-beanutils/commons-beanutils/1.9.3/commons-beanutils-1.9.3.jar:/home/user/.m2/repository/org/apache/commons/commons-configuration2/2.1.1/commons-configuration2-2.1.1.jar:/home/user/.m2/repository/org/apache/commons/commons-lang3/3.7/commons-lang3-3.7.jar:/home/user/.m2/repository/org/apache/commons/commons-text/1.4/commons-text-1.4.jar:/home/user/.m2/repository/org/apache/avro/avro/1.7.7/avro-1.7.7.jar:/home/user/.m2/repository/com/thoughtworks/paranamer/paranamer/2.3/paranamer-2.3.jar:/home/user/.m2/repository/org/xerial/snappy/snappy-java/1.0.5/snappy-java-1.0.5.jar:/home/user/.m2/repository/com/google/re2j/re2j/1.1/re2j-1.1.jar:/home/user/.m2/repository/com/google/code/gson/gson/2.2.4/gson-2.2.4.jar:/home/user/.m2/repository/com/jcraft/jsch/0.1.54/jsch-0.1.54.jar:/home/user/.m2/repository/org/apache/curator/curator-client/2.12.0/curator-client-2.12.0.jar:/home/user/.m2/repository/org/apache/curator/curator-recipes/2.12.0/curator-recipes-2.12.0.jar:/home/user/.m2/repository/com/google/code/findbugs/jsr305/3.0.0/jsr305-3.0.0.jar:/home/user/.m2/repository/org/apache/htrace/htrace-core4/4.1.0-incubating/htrace-core4-4.1.0-incubating.jar:/home/user/.m2/repository/org/apache/zookeeper/zookeeper/3.4.13/zookeeper-3.4.13.jar:/home/user/.m2/repository/org/apache/yetus/audience-annotations/0.5.0/audience-annotations-0.5.0.jar:/home/user/.m2/repository/org/codehaus/woodstox/stax2-api/3.1.4/stax2-api-3.1.4.jar:/home/user/.m2/repository/com/fasterxml/woodstox/woodstox-core/5.0.3/woodstox-core-5.0.3.jar:/home/user/.m2/repository/dnsjava/dnsjava/2.1.7/dnsjava-2.1.7.jar:/home/user/.m2/repository/org/apache/hadoop/hadoop-hdfs/3.2.0/hadoop-hdfs-3.2.0-tests.jar:/home/user/.m2/repository/org/eclipse/jetty/jetty-util-ajax/9.3.24.v20180605/jetty-util-ajax-9.3.24.v20180605.jar:/home/user/.m2/repository/commons-daemon/commons-daemon/1.0.13/commons-daemon-1.0.13.jar:/home/user/.m2/repository/io/netty/netty/3.10.5.Final/netty-3.10.5.Final.jar:/home/user/.m2/repository/io/netty/netty-all/4.0.52.Final/netty-all-4.0.52.Final.jar:/home/user/.m2/repository/org/fusesource/leveldbjni/leveldbjni-all/1.8/leveldbjni-all-1.8.jar:"/>
    <property name="java.vm.vendor" value="IcedTea"/>
    <property name="sun.arch.data.model" value="64"/>
    <property name="test.build.dir" value="/opt/src/hadoop-ozone/integration-test/target/test-dir"/>
    <property name="test.cache.data" value=""/>
    <property name="java.vendor.url" value="https://icedtea.classpath.org"/>
    <property name="user.timezone" value=""/>
    <property name="java.vm.specification.version" value="1.8"/>
    <property name="os.name" value="Linux"/>
    <property name="test.build.data" value="/opt/src/hadoop-ozone/integration-test/target/test-dir"/>
    <property name="user.country" value="US"/>
    <property name="sun.java.launcher" value="SUN_STANDARD"/>
    <property name="sun.boot.library.path" value="/usr/lib/jvm/java-1.8-openjdk/jre/lib/amd64"/>
    <property name="sun.java.command" value="/opt/src/hadoop-ozone/integration-test/target/surefire/surefirebooter3412297084646910004.jar /opt/src/hadoop-ozone/integration-test/target/surefire 2019-06-15T15-40-16_218-jvmRun1 surefire7427986659707481677tmp surefire_83306381389897976995tmp"/>
    <property name="surefire.test.class.path" value="/opt/src/hadoop-ozone/integration-test/target/test-classes:/opt/src/hadoop-ozone/integration-test/target/classes:/home/user/.m2/repository/org/apache/hadoop/hadoop-ozone-common/0.5.0-SNAPSHOT/hadoop-ozone-common-0.5.0-SNAPSHOT.jar:/home/user/.m2/repository/org/apache/commons/commons-compress/1.4.1/commons-compress-1.4.1.jar:/home/user/.m2/repository/org/tukaani/xz/1.0/xz-1.0.jar:/home/user/.m2/repository/org/apache/hadoop/hadoop-common/3.2.0/hadoop-common-3.2.0.jar:/home/user/.m2/repository/org/apache/hadoop/hadoop-hdfs/3.2.0/hadoop-hdfs-3.2.0.jar:/home/user/.m2/repository/org/apache/hadoop/hadoop-hdfs-client/3.2.0/hadoop-hdfs-client-3.2.0.jar:/home/user/.m2/repository/com/fasterxml/jackson/core/jackson-annotations/2.9.5/jackson-annotations-2.9.5.jar:/home/user/.m2/repository/org/apache/hadoop/hadoop-hdds-common/0.5.0-SNAPSHOT/hadoop-hdds-common-0.5.0-SNAPSHOT.jar:/home/user/.m2/repository/javax/annotation/javax.annotation-api/1.2/javax.annotation-api-1.2.jar:/home/user/.m2/repository/org/apache/ratis/ratis-server/0.4.0-fe2b15d-SNAPSHOT/ratis-server-0.4.0-fe2b15d-SNAPSHOT.jar:/home/user/.m2/repository/org/apache/ratis/ratis-thirdparty-misc/0.2.0/ratis-thirdparty-misc-0.2.0.jar:/home/user/.m2/repository/org/apache/ratis/ratis-proto/0.4.0-fe2b15d-SNAPSHOT/ratis-proto-0.4.0-fe2b15d-SNAPSHOT.jar:/home/user/.m2/repository/org/apache/ratis/ratis-common/0.4.0-fe2b15d-SNAPSHOT/ratis-common-0.4.0-fe2b15d-SNAPSHOT.jar:/home/user/.m2/repository/org/apache/ratis/ratis-client/0.4.0-fe2b15d-SNAPSHOT/ratis-client-0.4.0-fe2b15d-SNAPSHOT.jar:/home/user/.m2/repository/org/apache/ratis/ratis-netty/0.4.0-fe2b15d-SNAPSHOT/ratis-netty-0.4.0-fe2b15d-SNAPSHOT.jar:/home/user/.m2/repository/org/apache/ratis/ratis-grpc/0.4.0-fe2b15d-SNAPSHOT/ratis-grpc-0.4.0-fe2b15d-SNAPSHOT.jar:/home/user/.m2/repository/org/rocksdb/rocksdbjni/5.14.2/rocksdbjni-5.14.2.jar:/home/user/.m2/repository/org/apache/logging/log4j/log4j-api/2.11.0/log4j-api-2.11.0.jar:/home/user/.m2/repository/org/apache/logging/log4j/log4j-core/2.11.0/log4j-core-2.11.0.jar:/home/user/.m2/repository/com/lmax/disruptor/3.4.2/disruptor-3.4.2.jar:/home/user/.m2/repository/org/apache/commons/commons-pool2/2.6.0/commons-pool2-2.6.0.jar:/home/user/.m2/repository/org/bouncycastle/bcpkix-jdk15on/1.60/bcpkix-jdk15on-1.60.jar:/home/user/.m2/repository/commons-validator/commons-validator/1.6/commons-validator-1.6.jar:/home/user/.m2/repository/commons-digester/commons-digester/1.8.1/commons-digester-1.8.1.jar:/home/user/.m2/repository/io/jaegertracing/jaeger-client/0.33.1/jaeger-client-0.33.1.jar:/home/user/.m2/repository/io/jaegertracing/jaeger-thrift/0.33.1/jaeger-thrift-0.33.1.jar:/home/user/.m2/repository/org/apache/thrift/libthrift/0.11.0/libthrift-0.11.0.jar:/home/user/.m2/repository/com/squareup/okhttp3/okhttp/3.9.0/okhttp-3.9.0.jar:/home/user/.m2/repository/com/squareup/okio/okio/1.13.0/okio-1.13.0.jar:/home/user/.m2/repository/io/jaegertracing/jaeger-core/0.33.1/jaeger-core-0.33.1.jar:/home/user/.m2/repository/io/jaegertracing/jaeger-tracerresolver/0.33.1/jaeger-tracerresolver-0.33.1.jar:/home/user/.m2/repository/io/opentracing/contrib/opentracing-tracerresolver/0.1.5/opentracing-tracerresolver-0.1.5.jar:/home/user/.m2/repository/io/opentracing/opentracing-util/0.31.0/opentracing-util-0.31.0.jar:/home/user/.m2/repository/io/opentracing/opentracing-api/0.31.0/opentracing-api-0.31.0.jar:/home/user/.m2/repository/io/opentracing/opentracing-noop/0.31.0/opentracing-noop-0.31.0.jar:/home/user/.m2/repository/org/apache/hadoop/hadoop-hdds-server-framework/0.5.0-SNAPSHOT/hadoop-hdds-server-framework-0.5.0-SNAPSHOT.jar:/home/user/.m2/repository/org/apache/hadoop/hadoop-hdds-server-scm/0.5.0-SNAPSHOT/hadoop-hdds-server-scm-0.5.0-SNAPSHOT.jar:/home/user/.m2/repository/org/apache/hadoop/hadoop-hdds-container-service/0.5.0-SNAPSHOT/hadoop-hdds-container-service-0.5.0-SNAPSHOT.jar:/home/user/.m2/repository/org/apache/hadoop/hadoop-hdds-client/0.5.0-SNAPSHOT/hadoop-hdds-client-0.5.0-SNAPSHOT.jar:/home/user/.m2/repository/org/apache/hadoop/hadoop-hdds-tools/0.5.0-SNAPSHOT/hadoop-hdds-tools-0.5.0-SNAPSHOT.jar:/home/user/.m2/repository/org/apache/hadoop/hadoop-ozone-ozone-manager/0.5.0-SNAPSHOT/hadoop-ozone-ozone-manager-0.5.0-SNAPSHOT.jar:/home/user/.m2/repository/org/apache/hadoop/hadoop-hdds-docs/0.5.0-SNAPSHOT/hadoop-hdds-docs-0.5.0-SNAPSHOT.jar:/home/user/.m2/repository/org/bouncycastle/bcprov-jdk15on/1.60/bcprov-jdk15on-1.60.jar:/home/user/.m2/repository/org/apache/hadoop/hadoop-minikdc/3.2.0/hadoop-minikdc-3.2.0.jar:/home/user/.m2/repository/commons-io/commons-io/2.5/commons-io-2.5.jar:/home/user/.m2/repository/org/apache/kerby/kerb-simplekdc/1.0.1/kerb-simplekdc-1.0.1.jar:/home/user/.m2/repository/org/apache/kerby/kerb-client/1.0.1/kerb-client-1.0.1.jar:/home/user/.m2/repository/org/apache/kerby/kerby-config/1.0.1/kerby-config-1.0.1.jar:/home/user/.m2/repository/org/apache/kerby/kerb-core/1.0.1/kerb-core-1.0.1.jar:/home/user/.m2/repository/org/apache/kerby/kerby-pkix/1.0.1/kerby-pkix-1.0.1.jar:/home/user/.m2/repository/org/apache/kerby/kerby-asn1/1.0.1/kerby-asn1-1.0.1.jar:/home/user/.m2/repository/org/apache/kerby/kerby-util/1.0.1/kerby-util-1.0.1.jar:/home/user/.m2/repository/org/apache/kerby/kerb-common/1.0.1/kerb-common-1.0.1.jar:/home/user/.m2/repository/org/apache/kerby/kerb-crypto/1.0.1/kerb-crypto-1.0.1.jar:/home/user/.m2/repository/org/apache/kerby/kerb-util/1.0.1/kerb-util-1.0.1.jar:/home/user/.m2/repository/org/apache/kerby/token-provider/1.0.1/token-provider-1.0.1.jar:/home/user/.m2/repository/org/apache/kerby/kerb-admin/1.0.1/kerb-admin-1.0.1.jar:/home/user/.m2/repository/org/apache/kerby/kerb-server/1.0.1/kerb-server-1.0.1.jar:/home/user/.m2/repository/org/apache/kerby/kerb-identity/1.0.1/kerb-identity-1.0.1.jar:/home/user/.m2/repository/org/apache/kerby/kerby-xdr/1.0.1/kerby-xdr-1.0.1.jar:/home/user/.m2/repository/org/slf4j/slf4j-log4j12/1.7.25/slf4j-log4j12-1.7.25.jar:/home/user/.m2/repository/org/apache/hadoop/hadoop-ozone-objectstore-service/0.5.0-SNAPSHOT/hadoop-ozone-objectstore-service-0.5.0-SNAPSHOT.jar:/home/user/.m2/repository/org/apache/hadoop/hadoop-ozone-s3gateway/0.5.0-SNAPSHOT/hadoop-ozone-s3gateway-0.5.0-SNAPSHOT.jar:/home/user/.m2/repository/org/jboss/weld/servlet/weld-servlet/2.4.7.Final/weld-servlet-2.4.7.Final.jar:/home/user/.m2/repository/org/glassfish/jersey/containers/jersey-container-servlet-core/2.27/jersey-container-servlet-core-2.27.jar:/home/user/.m2/repository/org/glassfish/hk2/external/javax.inject/2.5.0-b42/javax.inject-2.5.0-b42.jar:/home/user/.m2/repository/org/glassfish/jersey/core/jersey-common/2.27/jersey-common-2.27.jar:/home/user/.m2/repository/org/glassfish/hk2/osgi-resource-locator/1.0.1/osgi-resource-locator-1.0.1.jar:/home/user/.m2/repository/javax/ws/rs/javax.ws.rs-api/2.1/javax.ws.rs-api-2.1.jar:/home/user/.m2/repository/org/glassfish/jersey/ext/cdi/jersey-cdi1x/2.27/jersey-cdi1x-2.27.jar:/home/user/.m2/repository/org/glassfish/jersey/inject/jersey-hk2/2.27/jersey-hk2-2.27.jar:/home/user/.m2/repository/org/glassfish/hk2/hk2-locator/2.5.0-b42/hk2-locator-2.5.0-b42.jar:/home/user/.m2/repository/org/javassist/javassist/3.22.0-CR2/javassist-3.22.0-CR2.jar:/home/user/.m2/repository/org/glassfish/hk2/hk2-api/2.5.0/hk2-api-2.5.0.jar:/home/user/.m2/repository/org/glassfish/hk2/external/jakarta.inject/2.5.0/jakarta.inject-2.5.0.jar:/home/user/.m2/repository/org/glassfish/hk2/hk2-utils/2.5.0/hk2-utils-2.5.0.jar:/home/user/.m2/repository/jakarta/annotation/jakarta.annotation-api/1.3.4/jakarta.annotation-api-1.3.4.jar:/home/user/.m2/repository/org/glassfish/hk2/external/aopalliance-repackaged/2.5.0/aopalliance-repackaged-2.5.0.jar:/home/user/.m2/repository/com/fasterxml/jackson/dataformat/jackson-dataformat-xml/2.9.0/jackson-dataformat-xml-2.9.0.jar:/home/user/.m2/repository/com/fasterxml/jackson/core/jackson-core/2.9.5/jackson-core-2.9.5.jar:/home/user/.m2/repository/com/fasterxml/jackson/module/jackson-module-jaxb-annotations/2.9.5/jackson-module-jaxb-annotations-2.9.5.jar:/home/user/.m2/repository/javax/enterprise/cdi-api/1.2/cdi-api-1.2.jar:/home/user/.m2/repository/javax/el/javax.el-api/3.0.0/javax.el-api-3.0.0.jar:/home/user/.m2/repository/javax/interceptor/javax.interceptor-api/1.2/javax.interceptor-api-1.2.jar:/home/user/.m2/repository/javax/inject/javax.inject/1/javax.inject-1.jar:/home/user/.m2/repository/com/sun/xml/bind/jaxb-impl/2.3.0.1/jaxb-impl-2.3.0.1.jar:/home/user/.m2/repository/com/sun/xml/bind/jaxb-core/2.3.0.1/jaxb-core-2.3.0.1.jar:/home/user/.m2/repository/javax/xml/bind/jaxb-api/2.3.0/jaxb-api-2.3.0.jar:/home/user/.m2/repository/javax/activation/activation/1.1.1/activation-1.1.1.jar:/home/user/.m2/repository/org/apache/hadoop/hadoop-ozone-csi/0.5.0-SNAPSHOT/hadoop-ozone-csi-0.5.0-SNAPSHOT.jar:/home/user/.m2/repository/com/google/protobuf/protobuf-java-util/3.5.1/protobuf-java-util-3.5.1.jar:/home/user/.m2/repository/org/apache/hadoop/hadoop-hdds-config/0.5.0-SNAPSHOT/hadoop-hdds-config-0.5.0-SNAPSHOT.jar:/home/user/.m2/repository/com/google/guava/guava/11.0.2/guava-11.0.2.jar:/home/user/.m2/repository/com/google/protobuf/protobuf-java/2.5.0/protobuf-java-2.5.0.jar:/home/user/.m2/repository/io/grpc/grpc-netty/1.17.1/grpc-netty-1.17.1.jar:/home/user/.m2/repository/io/grpc/grpc-core/1.17.1/grpc-core-1.17.1.jar:/home/user/.m2/repository/io/grpc/grpc-context/1.17.1/grpc-context-1.17.1.jar:/home/user/.m2/repository/com/google/errorprone/error_prone_annotations/2.2.0/error_prone_annotations-2.2.0.jar:/home/user/.m2/repository/org/codehaus/mojo/animal-sniffer-annotations/1.17/animal-sniffer-annotations-1.17.jar:/home/user/.m2/repository/io/opencensus/opencensus-api/0.17.0/opencensus-api-0.17.0.jar:/home/user/.m2/repository/io/opencensus/opencensus-contrib-grpc-metrics/0.17.0/opencensus-contrib-grpc-metrics-0.17.0.jar:/home/user/.m2/repository/io/netty/netty-codec-http2/4.1.30.Final/netty-codec-http2-4.1.30.Final.jar:/home/user/.m2/repository/io/netty/netty-codec-http/4.1.30.Final/netty-codec-http-4.1.30.Final.jar:/home/user/.m2/repository/io/netty/netty-codec/4.1.30.Final/netty-codec-4.1.30.Final.jar:/home/user/.m2/repository/io/netty/netty-handler/4.1.30.Final/netty-handler-4.1.30.Final.jar:/home/user/.m2/repository/io/netty/netty-handler-proxy/4.1.30.Final/netty-handler-proxy-4.1.30.Final.jar:/home/user/.m2/repository/io/netty/netty-codec-socks/4.1.30.Final/netty-codec-socks-4.1.30.Final.jar:/home/user/.m2/repository/io/netty/netty-transport-native-epoll/4.1.30.Final/netty-transport-native-epoll-4.1.30.Final.jar:/home/user/.m2/repository/io/netty/netty-common/4.1.30.Final/netty-common-4.1.30.Final.jar:/home/user/.m2/repository/io/netty/netty-buffer/4.1.30.Final/netty-buffer-4.1.30.Final.jar:/home/user/.m2/repository/io/netty/netty-transport/4.1.30.Final/netty-transport-4.1.30.Final.jar:/home/user/.m2/repository/io/netty/netty-resolver/4.1.30.Final/netty-resolver-4.1.30.Final.jar:/home/user/.m2/repository/io/netty/netty-transport-native-unix-common/4.1.30.Final/netty-transport-native-unix-common-4.1.30.Final.jar:/home/user/.m2/repository/io/grpc/grpc-protobuf/1.17.1/grpc-protobuf-1.17.1.jar:/home/user/.m2/repository/com/google/api/grpc/proto-google-common-protos/1.0.0/proto-google-common-protos-1.0.0.jar:/home/user/.m2/repository/io/grpc/grpc-protobuf-lite/1.17.1/grpc-protobuf-lite-1.17.1.jar:/home/user/.m2/repository/io/grpc/grpc-stub/1.17.1/grpc-stub-1.17.1.jar:/home/user/.m2/repository/org/apache/hadoop/hadoop-ozone-recon/0.5.0-SNAPSHOT/hadoop-ozone-recon-0.5.0-SNAPSHOT.jar:/home/user/.m2/repository/org/apache/hadoop/hadoop-ozone-reconcodegen/0.5.0-SNAPSHOT/hadoop-ozone-reconcodegen-0.5.0-SNAPSHOT.jar:/home/user/.m2/repository/com/google/inject/extensions/guice-multibindings/4.0/guice-multibindings-4.0.jar:/home/user/.m2/repository/com/google/inject/guice/4.0/guice-4.0.jar:/home/user/.m2/repository/aopalliance/aopalliance/1.0/aopalliance-1.0.jar:/home/user/.m2/repository/com/google/inject/extensions/guice-servlet/4.0/guice-servlet-4.0.jar:/home/user/.m2/repository/org/glassfish/jersey/containers/jersey-container-servlet/2.27/jersey-container-servlet-2.27.jar:/home/user/.m2/repository/org/glassfish/hk2/guice-bridge/2.5.0/guice-bridge-2.5.0.jar:/home/user/.m2/repository/org/glassfish/jersey/core/jersey-server/2.27/jersey-server-2.27.jar:/home/user/.m2/repository/org/glassfish/jersey/core/jersey-client/2.27/jersey-client-2.27.jar:/home/user/.m2/repository/org/glassfish/jersey/media/jersey-media-jaxb/2.27/jersey-media-jaxb-2.27.jar:/home/user/.m2/repository/javax/validation/validation-api/1.1.0.Final/validation-api-1.1.0.Final.jar:/home/user/.m2/repository/org/glassfish/jersey/media/jersey-media-json-jackson/2.27/jersey-media-json-jackson-2.27.jar:/home/user/.m2/repository/org/glassfish/jersey/ext/jersey-entity-filtering/2.27/jersey-entity-filtering-2.27.jar:/home/user/.m2/repository/com/google/inject/extensions/guice-assistedinject/4.0/guice-assistedinject-4.0.jar:/home/user/.m2/repository/org/jooq/jooq/3.11.10/jooq-3.11.10.jar:/home/user/.m2/repository/org/jooq/jooq-meta/3.11.10/jooq-meta-3.11.10.jar:/home/user/.m2/repository/org/jooq/jooq-codegen/3.11.10/jooq-codegen-3.11.10.jar:/home/user/.m2/repository/com/jolbox/bonecp/0.8.0.RELEASE/bonecp-0.8.0.RELEASE.jar:/home/user/.m2/repository/org/xerial/sqlite-jdbc/3.25.2/sqlite-jdbc-3.25.2.jar:/home/user/.m2/repository/org/springframework/spring-jdbc/5.1.3.RELEASE/spring-jdbc-5.1.3.RELEASE.jar:/home/user/.m2/repository/org/springframework/spring-beans/5.1.3.RELEASE/spring-beans-5.1.3.RELEASE.jar:/home/user/.m2/repository/org/springframework/spring-core/5.1.3.RELEASE/spring-core-5.1.3.RELEASE.jar:/home/user/.m2/repository/org/springframework/spring-jcl/5.1.3.RELEASE/spring-jcl-5.1.3.RELEASE.jar:/home/user/.m2/repository/org/springframework/spring-tx/5.1.3.RELEASE/spring-tx-5.1.3.RELEASE.jar:/home/user/.m2/repository/org/apache/hadoop/hadoop-ozone-client/0.5.0-SNAPSHOT/hadoop-ozone-client-0.5.0-SNAPSHOT.jar:/home/user/.m2/repository/org/apache/hadoop/hadoop-ozone-ozone-manager/0.5.0-SNAPSHOT/hadoop-ozone-ozone-manager-0.5.0-SNAPSHOT-tests.jar:/home/user/.m2/repository/junit/junit/4.11/junit-4.11.jar:/home/user/.m2/repository/org/hamcrest/hamcrest-core/1.3/hamcrest-core-1.3.jar:/home/user/.m2/repository/org/openjdk/jmh/jmh-core/1.19/jmh-core-1.19.jar:/home/user/.m2/repository/net/sf/jopt-simple/jopt-simple/4.6/jopt-simple-4.6.jar:/home/user/.m2/repository/org/apache/commons/commons-math3/3.1.1/commons-math3-3.1.1.jar:/home/user/.m2/repository/org/openjdk/jmh/jmh-generator-annprocess/1.19/jmh-generator-annprocess-1.19.jar:/home/user/.m2/repository/org/mockito/mockito-all/1.8.5/mockito-all-1.8.5.jar:/home/user/.m2/repository/org/apache/hadoop/hadoop-kms/3.2.0/hadoop-kms-3.2.0.jar:/home/user/.m2/repository/org/apache/hadoop/hadoop-auth/3.2.0/hadoop-auth-3.2.0.jar:/home/user/.m2/repository/com/nimbusds/nimbus-jose-jwt/4.41.1/nimbus-jose-jwt-4.41.1.jar:/home/user/.m2/repository/com/github/stephenc/jcip/jcip-annotations/1.0-1/jcip-annotations-1.0-1.jar:/home/user/.m2/repository/net/minidev/json-smart/2.3/json-smart-2.3.jar:/home/user/.m2/repository/net/minidev/accessors-smart/1.2/accessors-smart-1.2.jar:/home/user/.m2/repository/org/ow2/asm/asm/5.0.4/asm-5.0.4.jar:/home/user/.m2/repository/org/apache/curator/curator-framework/2.12.0/curator-framework-2.12.0.jar:/home/user/.m2/repository/com/sun/jersey/jersey-core/1.19/jersey-core-1.19.jar:/home/user/.m2/repository/javax/ws/rs/jsr311-api/1.1.1/jsr311-api-1.1.1.jar:/home/user/.m2/repository/com/sun/jersey/jersey-server/1.19/jersey-server-1.19.jar:/home/user/.m2/repository/javax/servlet/javax.servlet-api/3.1.0/javax.servlet-api-3.1.0.jar:/home/user/.m2/repository/org/eclipse/jetty/jetty-server/9.3.24.v20180605/jetty-server-9.3.24.v20180605.jar:/home/user/.m2/repository/org/eclipse/jetty/jetty-http/9.3.24.v20180605/jetty-http-9.3.24.v20180605.jar:/home/user/.m2/repository/org/eclipse/jetty/jetty-io/9.3.24.v20180605/jetty-io-9.3.24.v20180605.jar:/home/user/.m2/repository/org/eclipse/jetty/jetty-webapp/9.3.24.v20180605/jetty-webapp-9.3.24.v20180605.jar:/home/user/.m2/repository/org/eclipse/jetty/jetty-xml/9.3.24.v20180605/jetty-xml-9.3.24.v20180605.jar:/home/user/.m2/repository/log4j/log4j/1.2.17/log4j-1.2.17.jar:/home/user/.m2/repository/org/slf4j/slf4j-api/1.7.25/slf4j-api-1.7.25.jar:/home/user/.m2/repository/org/slf4j/jul-to-slf4j/1.7.25/jul-to-slf4j-1.7.25.jar:/home/user/.m2/repository/org/eclipse/jetty/jetty-util/9.3.24.v20180605/jetty-util-9.3.24.v20180605.jar:/home/user/.m2/repository/io/dropwizard/metrics/metrics-core/3.2.4/metrics-core-3.2.4.jar:/home/user/.m2/repository/com/fasterxml/jackson/core/jackson-databind/2.9.5/jackson-databind-2.9.5.jar:/home/user/.m2/repository/org/apache/hadoop/hadoop-kms/3.2.0/hadoop-kms-3.2.0-tests.jar:/home/user/.m2/repository/org/apache/hadoop/hadoop-hdds-server-scm/0.5.0-SNAPSHOT/hadoop-hdds-server-scm-0.5.0-SNAPSHOT-tests.jar:/home/user/.m2/repository/org/hamcrest/hamcrest-all/1.3/hamcrest-all-1.3.jar:/home/user/.m2/repository/info/picocli/picocli/3.9.6/picocli-3.9.6.jar:/home/user/.m2/repository/org/apache/hadoop/hadoop-hdds-container-service/0.5.0-SNAPSHOT/hadoop-hdds-container-service-0.5.0-SNAPSHOT-tests.jar:/home/user/.m2/repository/org/yaml/snakeyaml/1.16/snakeyaml-1.16.jar:/home/user/.m2/repository/org/apache/hadoop/hadoop-common/3.2.0/hadoop-common-3.2.0-tests.jar:/home/user/.m2/repository/org/apache/hadoop/hadoop-annotations/3.2.0/hadoop-annotations-3.2.0.jar:/usr/lib/jvm/java-1.8-openjdk/jre/../lib/tools.jar:/home/user/.m2/repository/commons-cli/commons-cli/1.2/commons-cli-1.2.jar:/home/user/.m2/repository/org/apache/httpcomponents/httpclient/4.5.2/httpclient-4.5.2.jar:/home/user/.m2/repository/org/apache/httpcomponents/httpcore/4.4.4/httpcore-4.4.4.jar:/home/user/.m2/repository/commons-codec/commons-codec/1.11/commons-codec-1.11.jar:/home/user/.m2/repository/commons-net/commons-net/3.6/commons-net-3.6.jar:/home/user/.m2/repository/commons-collections/commons-collections/3.2.2/commons-collections-3.2.2.jar:/home/user/.m2/repository/org/eclipse/jetty/jetty-servlet/9.3.24.v20180605/jetty-servlet-9.3.24.v20180605.jar:/home/user/.m2/repository/org/eclipse/jetty/jetty-security/9.3.24.v20180605/jetty-security-9.3.24.v20180605.jar:/home/user/.m2/repository/javax/servlet/jsp/jsp-api/2.1/jsp-api-2.1.jar:/home/user/.m2/repository/com/sun/jersey/jersey-servlet/1.19/jersey-servlet-1.19.jar:/home/user/.m2/repository/com/sun/jersey/jersey-json/1.19/jersey-json-1.19.jar:/home/user/.m2/repository/org/codehaus/jettison/jettison/1.1/jettison-1.1.jar:/home/user/.m2/repository/org/codehaus/jackson/jackson-core-asl/1.9.13/jackson-core-asl-1.9.13.jar:/home/user/.m2/repository/org/codehaus/jackson/jackson-mapper-asl/1.9.13/jackson-mapper-asl-1.9.13.jar:/home/user/.m2/repository/org/codehaus/jackson/jackson-jaxrs/1.9.13/jackson-jaxrs-1.9.13.jar:/home/user/.m2/repository/org/codehaus/jackson/jackson-xc/1.9.13/jackson-xc-1.9.13.jar:/home/user/.m2/repository/commons-logging/commons-logging/1.1.3/commons-logging-1.1.3.jar:/home/user/.m2/repository/commons-beanutils/commons-beanutils/1.9.3/commons-beanutils-1.9.3.jar:/home/user/.m2/repository/org/apache/commons/commons-configuration2/2.1.1/commons-configuration2-2.1.1.jar:/home/user/.m2/repository/org/apache/commons/commons-lang3/3.7/commons-lang3-3.7.jar:/home/user/.m2/repository/org/apache/commons/commons-text/1.4/commons-text-1.4.jar:/home/user/.m2/repository/org/apache/avro/avro/1.7.7/avro-1.7.7.jar:/home/user/.m2/repository/com/thoughtworks/paranamer/paranamer/2.3/paranamer-2.3.jar:/home/user/.m2/repository/org/xerial/snappy/snappy-java/1.0.5/snappy-java-1.0.5.jar:/home/user/.m2/repository/com/google/re2j/re2j/1.1/re2j-1.1.jar:/home/user/.m2/repository/com/google/code/gson/gson/2.2.4/gson-2.2.4.jar:/home/user/.m2/repository/com/jcraft/jsch/0.1.54/jsch-0.1.54.jar:/home/user/.m2/repository/org/apache/curator/curator-client/2.12.0/curator-client-2.12.0.jar:/home/user/.m2/repository/org/apache/curator/curator-recipes/2.12.0/curator-recipes-2.12.0.jar:/home/user/.m2/repository/com/google/code/findbugs/jsr305/3.0.0/jsr305-3.0.0.jar:/home/user/.m2/repository/org/apache/htrace/htrace-core4/4.1.0-incubating/htrace-core4-4.1.0-incubating.jar:/home/user/.m2/repository/org/apache/zookeeper/zookeeper/3.4.13/zookeeper-3.4.13.jar:/home/user/.m2/repository/org/apache/yetus/audience-annotations/0.5.0/audience-annotations-0.5.0.jar:/home/user/.m2/repository/org/codehaus/woodstox/stax2-api/3.1.4/stax2-api-3.1.4.jar:/home/user/.m2/repository/com/fasterxml/woodstox/woodstox-core/5.0.3/woodstox-core-5.0.3.jar:/home/user/.m2/repository/dnsjava/dnsjava/2.1.7/dnsjava-2.1.7.jar:/home/user/.m2/repository/org/apache/hadoop/hadoop-hdfs/3.2.0/hadoop-hdfs-3.2.0-tests.jar:/home/user/.m2/repository/org/eclipse/jetty/jetty-util-ajax/9.3.24.v20180605/jetty-util-ajax-9.3.24.v20180605.jar:/home/user/.m2/repository/commons-daemon/commons-daemon/1.0.13/commons-daemon-1.0.13.jar:/home/user/.m2/repository/io/netty/netty/3.10.5.Final/netty-3.10.5.Final.jar:/home/user/.m2/repository/io/netty/netty-all/4.0.52.Final/netty-all-4.0.52.Final.jar:/home/user/.m2/repository/org/fusesource/leveldbjni/leveldbjni-all/1.8/leveldbjni-all-1.8.jar:"/>
    <property name="sun.cpu.endian" value="little"/>
    <property name="user.home" value="/home/user"/>
    <property name="user.language" value="en"/>
    <property name="java.specification.vendor" value="Oracle Corporation"/>
    <property name="java.home" value="/usr/lib/jvm/java-1.8-openjdk/jre"/>
    <property name="java.security.krb5.conf" value="/opt/src/hadoop-ozone/integration-test/target/test-classes/krb5.conf"/>
    <property name="basedir" value="/opt/src/hadoop-ozone/integration-test"/>
    <property name="file.separator" value="/"/>
    <property name="line.separator" value="&#10;"/>
    <property name="java.vm.specification.vendor" value="Oracle Corporation"/>
    <property name="java.specification.name" value="Java Platform API Specification"/>
    <property name="java.awt.graphicsenv" value="sun.awt.X11GraphicsEnvironment"/>
    <property name="surefire.real.class.path" value="/opt/src/hadoop-ozone/integration-test/target/surefire/surefirebooter3412297084646910004.jar"/>
    <property name="hadoop.log.dir" value="/opt/src/hadoop-ozone/integration-test/target/log"/>
    <property name="sun.boot.class.path" value="/usr/lib/jvm/java-1.8-openjdk/jre/lib/resources.jar:/usr/lib/jvm/java-1.8-openjdk/jre/lib/rt.jar:/usr/lib/jvm/java-1.8-openjdk/jre/lib/sunrsasign.jar:/usr/lib/jvm/java-1.8-openjdk/jre/lib/jsse.jar:/usr/lib/jvm/java-1.8-openjdk/jre/lib/jce.jar:/usr/lib/jvm/java-1.8-openjdk/jre/lib/charsets.jar:/usr/lib/jvm/java-1.8-openjdk/jre/lib/jfr.jar:/usr/lib/jvm/java-1.8-openjdk/jre/classes"/>
    <property name="sun.management.compiler" value="HotSpot 64-Bit Tiered Compilers"/>
    <property name="java.runtime.version" value="1.8.0_212-b04"/>
    <property name="java.net.preferIPv4Stack" value="true"/>
    <property name="user.name" value="jenkins1000"/>
    <property name="path.separator" value=":"/>
    <property name="java.security.egd" value="file:///dev/urandom"/>
    <property name="os.version" value="4.15.0-1021-aws"/>
    <property name="java.endorsed.dirs" value="/usr/lib/jvm/java-1.8-openjdk/jre/lib/endorsed"/>
    <property name="java.runtime.name" value="OpenJDK Runtime Environment"/>
    <property name="file.encoding" value="UTF-8"/>
    <property name="java.vm.name" value="OpenJDK 64-Bit Server VM"/>
    <property name="test.build.webapps" value=""/>
    <property name="localRepository" value="/home/user/.m2/repository"/>
    <property name="java.vendor.url.bug" value="https://icedtea.classpath.org/bugzilla"/>
    <property name="java.io.tmpdir" value="/tmp"/>
    <property name="require.test.libhadoop" value=""/>
    <property name="java.version" value="1.8.0_212"/>
    <property name="user.dir" value="/opt/src/hadoop-ozone/integration-test"/>
    <property name="os.arch" value="amd64"/>
    <property name="java.vm.specification.name" value="Java Virtual Machine Specification"/>
    <property name="test.build.classes" value="/opt/src/hadoop-ozone/integration-test/target/test-classes"/>
    <property name="java.awt.printerjob" value="sun.print.PSPrinterJob"/>
    <property name="sun.os.patch.level" value="unknown"/>
    <property name="hadoop.tmp.dir" value="/opt/src/hadoop-ozone/integration-test/target/tmp"/>
    <property name="java.library.path" value="/usr/lib/jvm/java-1.8-openjdk/jre/lib/amd64/server:/usr/lib/jvm/java-1.8-openjdk/jre/lib/amd64:/usr/lib/jvm/java-1.8-openjdk/jre/../lib/amd64:/opt/src/hadoop-ozone/integration-test/target/native/target/usr/local/lib:/opt/src/hadoop-ozone/integration-test/../../hadoop-common-project/hadoop-common/target/native/target/usr/local/lib:/usr/java/packages/lib/amd64:/usr/lib64:/lib64:/lib:/usr/lib"/>
    <property name="java.vm.info" value="mixed mode"/>
    <property name="java.vendor" value="IcedTea"/>
    <property name="java.vm.version" value="25.212-b04"/>
    <property name="java.ext.dirs" value="/usr/lib/jvm/java-1.8-openjdk/jre/lib/ext:/usr/java/packages/lib/ext"/>
    <property name="sun.io.unicode.encoding" value="UnicodeLittle"/>
    <property name="java.class.version" value="52.0"/>
  </properties>
  <testcase name="testPipelineFail" classname="org.apache.hadoop.hdds.scm.pipeline.TestNodeFailure" time="0">
    <skipped/>
    <system-out><![CDATA[2019-06-15 15:44:10,532 WARN  server.ServerUtils (ServerUtils.java:getScmDbDir(145)) - ozone.scm.db.dirs is not configured. We recommend adding this setting. Falling back to ozone.metadata.dirs instead.
2019-06-15 15:44:10,608 WARN  server.ServerUtils (ServerUtils.java:getScmDbDir(145)) - ozone.scm.db.dirs is not configured. We recommend adding this setting. Falling back to ozone.metadata.dirs instead.
2019-06-15 15:44:10,611 WARN  server.ServerUtils (ServerUtils.java:getScmDbDir(145)) - ozone.scm.db.dirs is not configured. We recommend adding this setting. Falling back to ozone.metadata.dirs instead.
2019-06-15 15:44:10,628 INFO  util.log (Log.java:initialized(192)) - Logging initialized @704ms
2019-06-15 15:44:10,707 INFO  db.DBStoreBuilder (DBStoreBuilder.java:addTable(110)) - using custom profile for table: deletedBlocks
2019-06-15 15:44:10,707 INFO  db.DBStoreBuilder (DBStoreBuilder.java:processTables(161)) - Using default column profile:DBProfile.DISK for Table:deletedBlocks
2019-06-15 15:44:10,707 INFO  db.DBStoreBuilder (DBStoreBuilder.java:addTable(110)) - using custom profile for table: validCerts
2019-06-15 15:44:10,707 INFO  db.DBStoreBuilder (DBStoreBuilder.java:processTables(161)) - Using default column profile:DBProfile.DISK for Table:validCerts
2019-06-15 15:44:10,708 INFO  db.DBStoreBuilder (DBStoreBuilder.java:addTable(110)) - using custom profile for table: revokedCerts
2019-06-15 15:44:10,708 INFO  db.DBStoreBuilder (DBStoreBuilder.java:processTables(161)) - Using default column profile:DBProfile.DISK for Table:revokedCerts
2019-06-15 15:44:10,717 INFO  db.DBStoreBuilder (DBStoreBuilder.java:addTable(110)) - using custom profile for table: default
2019-06-15 15:44:10,717 INFO  db.DBStoreBuilder (DBStoreBuilder.java:processTables(167)) - Using default column profile:DBProfile.DISK for Table:default
2019-06-15 15:44:10,718 INFO  db.DBStoreBuilder (DBStoreBuilder.java:getDbProfile(198)) - Using default options. DBProfile.DISK
2019-06-15 15:44:10,770 INFO  net.NodeSchemaLoader (NodeSchemaLoader.java:loadSchemaFromFile(125)) - Loading file from sun.misc.CompoundEnumeration@27ce24aa
2019-06-15 15:44:10,771 INFO  net.NodeSchemaLoader (NodeSchemaLoader.java:loadSchema(171)) - Loading network topology layer schema file
2019-06-15 15:44:10,822 INFO  node.SCMNodeManager (SCMNodeManager.java:<init>(119)) - Entering startup safe mode.
2019-06-15 15:44:10,882 WARN  server.ServerUtils (ServerUtils.java:getScmDbDir(145)) - ozone.scm.db.dirs is not configured. We recommend adding this setting. Falling back to ozone.metadata.dirs instead.
2019-06-15 15:44:10,900 INFO  pipeline.SCMPipelineManager (SCMPipelineManager.java:initializePipelineState(126)) - No pipeline exists in current db
2019-06-15 15:44:10,901 WARN  server.ServerUtils (ServerUtils.java:getScmDbDir(145)) - ozone.scm.db.dirs is not configured. We recommend adding this setting. Falling back to ozone.metadata.dirs instead.
2019-06-15 15:44:10,950 WARN  events.EventQueue (EventQueue.java:fireEvent(175)) - No event handler registered for event TypedEvent{payloadType=SafeModeStatus, name='SafeModeStatus'}
2019-06-15 15:44:11,198 INFO  ipc.CallQueueManager (CallQueueManager.java:<init>(84)) - Using callQueue: class java.util.concurrent.LinkedBlockingQueue, queueCapacity: 2000, scheduler: class org.apache.hadoop.ipc.DefaultRpcScheduler, ipcBackoff: false.
2019-06-15 15:44:11,242 INFO  ipc.Server (Server.java:run(1074)) - Starting Socket Reader #1 for port 35137
2019-06-15 15:44:11,261 INFO  ipc.CallQueueManager (CallQueueManager.java:<init>(84)) - Using callQueue: class java.util.concurrent.LinkedBlockingQueue, queueCapacity: 2000, scheduler: class org.apache.hadoop.ipc.DefaultRpcScheduler, ipcBackoff: false.
2019-06-15 15:44:11,261 INFO  ipc.Server (Server.java:run(1074)) - Starting Socket Reader #1 for port 44571
2019-06-15 15:44:11,267 INFO  ipc.CallQueueManager (CallQueueManager.java:<init>(84)) - Using callQueue: class java.util.concurrent.LinkedBlockingQueue, queueCapacity: 2000, scheduler: class org.apache.hadoop.ipc.DefaultRpcScheduler, ipcBackoff: false.
2019-06-15 15:44:11,267 INFO  ipc.Server (Server.java:run(1074)) - Starting Socket Reader #1 for port 46817
2019-06-15 15:44:11,281 INFO  hdfs.DFSUtil (DFSUtil.java:httpServerTemplateForNNAndJN(1641)) - Starting Web-server for scm at: http://0.0.0.0:0
2019-06-15 15:44:11,429 INFO  server.AuthenticationFilter (AuthenticationFilter.java:constructSecretProvider(240)) - Unable to initialize FileSignerSecretProvider, falling back to use random secrets.
2019-06-15 15:44:11,434 WARN  http.HttpRequestLog (HttpRequestLog.java:getRequestLog(97)) - Jetty request log can only be enabled using Log4j
2019-06-15 15:44:11,441 INFO  http.HttpServer2 (HttpServer2.java:addGlobalFilter(975)) - Added global filter 'safety' (class=org.apache.hadoop.http.HttpServer2$QuotingInputFilter)
2019-06-15 15:44:11,444 INFO  http.HttpServer2 (HttpServer2.java:addFilter(948)) - Added filter static_user_filter (class=org.apache.hadoop.http.lib.StaticUserWebFilter$StaticUserFilter) to context scm
2019-06-15 15:44:11,444 INFO  http.HttpServer2 (HttpServer2.java:addFilter(958)) - Added filter static_user_filter (class=org.apache.hadoop.http.lib.StaticUserWebFilter$StaticUserFilter) to context logs
2019-06-15 15:44:11,445 INFO  http.HttpServer2 (HttpServer2.java:addFilter(958)) - Added filter static_user_filter (class=org.apache.hadoop.http.lib.StaticUserWebFilter$StaticUserFilter) to context static
2019-06-15 15:44:11,468 INFO  server.StorageContainerManager (StorageContainerManager.java:start(753)) - StorageContainerLocationProtocol RPC server is listening at /0.0.0.0:46817
2019-06-15 15:44:11,515 WARN  impl.MetricsConfig (MetricsConfig.java:loadFirst(134)) - Cannot locate configuration: tried hadoop-metrics2-storagecontainermanager.properties,hadoop-metrics2.properties
2019-06-15 15:44:11,525 INFO  impl.MetricsSystemImpl (MetricsSystemImpl.java:startTimer(374)) - Scheduled Metric snapshot period at 10 second(s).
2019-06-15 15:44:11,525 INFO  impl.MetricsSystemImpl (MetricsSystemImpl.java:start(191)) - StorageContainerManager metrics system started
2019-06-15 15:44:11,711 INFO  server.SCMClientProtocolServer (SCMClientProtocolServer.java:start(149)) - RPC server for Client  is listening at /0.0.0.0:46817
2019-06-15 15:44:11,711 INFO  ipc.Server (Server.java:run(1314)) - IPC Server Responder: starting
2019-06-15 15:44:11,712 INFO  ipc.Server (Server.java:run(1153)) - IPC Server listener on 46817: starting
2019-06-15 15:44:11,715 INFO  server.StorageContainerManager (StorageContainerManager.java:start(762)) - ScmBlockLocationProtocol RPC server is listening at /0.0.0.0:44571
2019-06-15 15:44:11,715 INFO  server.SCMBlockProtocolServer (SCMBlockProtocolServer.java:start(137)) - RPC server for Block Protocol is listening at /0.0.0.0:44571
2019-06-15 15:44:11,715 INFO  ipc.Server (Server.java:run(1314)) - IPC Server Responder: starting
2019-06-15 15:44:11,715 INFO  ipc.Server (Server.java:run(1153)) - IPC Server listener on 44571: starting
2019-06-15 15:44:11,717 INFO  server.StorageContainerManager (StorageContainerManager.java:start(766)) - ScmDatanodeProtocl RPC server is listening at /0.0.0.0:35137
2019-06-15 15:44:11,718 INFO  server.SCMDatanodeProtocolServer (SCMDatanodeProtocolServer.java:start(191)) - RPC server for DataNodes is listening at /0.0.0.0:35137
2019-06-15 15:44:11,718 INFO  ipc.Server (Server.java:run(1314)) - IPC Server Responder: starting
2019-06-15 15:44:11,718 INFO  ipc.Server (Server.java:run(1153)) - IPC Server listener on 35137: starting
2019-06-15 15:44:11,721 INFO  http.HttpServer2 (HttpServer2.java:bindListener(1191)) - Jetty bound to port 41817
2019-06-15 15:44:11,722 INFO  server.Server (Server.java:doStart(351)) - jetty-9.3.24.v20180605, build timestamp: 2018-06-05T17:11:56Z, git hash: 84205aa28f11a4f31f2a3b86d1bba2cc8ab69827
2019-06-15 15:44:11,762 INFO  handler.ContextHandler (ContextHandler.java:doStart(781)) - Started o.e.j.s.ServletContextHandler@16c63f5{/logs,file:///opt/src/hadoop-ozone/integration-test/target/log,AVAILABLE}
2019-06-15 15:44:11,763 INFO  handler.ContextHandler (ContextHandler.java:doStart(781)) - Started o.e.j.s.ServletContextHandler@6d3c5255{/static,file:///opt/src/hadoop-ozone/integration-test/target/test-classes/webapps/static,AVAILABLE}
2019-06-15 15:44:11,793 INFO  handler.ContextHandler (ContextHandler.java:doStart(781)) - Started o.e.j.w.WebAppContext@2b62442c{/,file:///opt/src/hadoop-ozone/integration-test/target/test-classes/webapps/scm/,AVAILABLE}{/scm}
2019-06-15 15:44:11,798 INFO  server.AbstractConnector (AbstractConnector.java:doStart(278)) - Started ServerConnector@6e521c1e{HTTP/1.1,[http/1.1]}{0.0.0.0:41817}
2019-06-15 15:44:11,798 INFO  server.Server (Server.java:doStart(419)) - Started @1874ms
2019-06-15 15:44:11,799 INFO  server.BaseHttpServer (BaseHttpServer.java:updateConnectorAddress(207)) - HTTP server of SCM is listening at http://0.0.0.0:41817
2019-06-15 15:44:11,807 INFO  util.JvmPauseMonitor (JvmPauseMonitor.java:run(188)) - Starting JVM pause monitor
2019-06-15 15:44:11,810 WARN  scm.ScmUtils (ScmUtils.java:getDBPath(63)) - ozone.om.db.dirs is not configured. We recommend adding this setting. Falling back to ozone.metadata.dirs instead.
2019-06-15 15:44:11,882 WARN  scm.ScmUtils (ScmUtils.java:getDBPath(63)) - ozone.om.db.dirs is not configured. We recommend adding this setting. Falling back to ozone.metadata.dirs instead.
2019-06-15 15:44:11,883 INFO  om.OzoneManager (OzoneManager.java:setOMNodeDetails(532)) - OM Service ID is not set. Setting it to the default ID: omServiceIdDefault
2019-06-15 15:44:11,883 INFO  om.OzoneManager (OzoneManager.java:setOMNodeDetails(538)) - OM Node ID is not set. Setting it to the OmStorage's OmID: a48bdc4b-c7a5-4887-bf27-8fca63f31b2f
2019-06-15 15:44:11,885 WARN  scm.HddsServerUtil (HddsServerUtil.java:getDefaultRatisDirectory(354)) - Storage directory for Ratis is not configured. It is a good idea to map this to an SSD disk. Falling back to ozone.metadata.dirs
2019-06-15 15:44:11,885 WARN  scm.HddsServerUtil (HddsServerUtil.java:getDefaultRatisDirectory(354)) - Storage directory for Ratis is not configured. It is a good idea to map this to an SSD disk. Falling back to ozone.metadata.dirs
2019-06-15 15:44:11,886 INFO  om.OzoneManager (OzoneManager.java:loadOMHAConfigs(489)) - Found matching OM address with OMServiceId: null, OMNodeId: null, RPC Address: localhost:0 and Ratis port: 9872
2019-06-15 15:44:12,060 WARN  scm.ScmUtils (ScmUtils.java:getDBPath(63)) - ozone.om.db.dirs is not configured. We recommend adding this setting. Falling back to ozone.metadata.dirs instead.
2019-06-15 15:44:12,065 INFO  db.DBStoreBuilder (DBStoreBuilder.java:addTable(110)) - using custom profile for table: userTable
2019-06-15 15:44:12,066 INFO  db.DBStoreBuilder (DBStoreBuilder.java:processTables(161)) - Using default column profile:DBProfile.DISK for Table:userTable
2019-06-15 15:44:12,066 INFO  db.DBStoreBuilder (DBStoreBuilder.java:addTable(110)) - using custom profile for table: volumeTable
2019-06-15 15:44:12,066 INFO  db.DBStoreBuilder (DBStoreBuilder.java:processTables(161)) - Using default column profile:DBProfile.DISK for Table:volumeTable
2019-06-15 15:44:12,066 INFO  db.DBStoreBuilder (DBStoreBuilder.java:addTable(110)) - using custom profile for table: bucketTable
2019-06-15 15:44:12,066 INFO  db.DBStoreBuilder (DBStoreBuilder.java:processTables(161)) - Using default column profile:DBProfile.DISK for Table:bucketTable
2019-06-15 15:44:12,067 INFO  db.DBStoreBuilder (DBStoreBuilder.java:addTable(110)) - using custom profile for table: keyTable
2019-06-15 15:44:12,067 INFO  db.DBStoreBuilder (DBStoreBuilder.java:processTables(161)) - Using default column profile:DBProfile.DISK for Table:keyTable
2019-06-15 15:44:12,067 INFO  db.DBStoreBuilder (DBStoreBuilder.java:addTable(110)) - using custom profile for table: deletedTable
2019-06-15 15:44:12,068 INFO  db.DBStoreBuilder (DBStoreBuilder.java:processTables(161)) - Using default column profile:DBProfile.DISK for Table:deletedTable
2019-06-15 15:44:12,068 INFO  db.DBStoreBuilder (DBStoreBuilder.java:addTable(110)) - using custom profile for table: openKeyTable
2019-06-15 15:44:12,068 INFO  db.DBStoreBuilder (DBStoreBuilder.java:processTables(161)) - Using default column profile:DBProfile.DISK for Table:openKeyTable
2019-06-15 15:44:12,069 INFO  db.DBStoreBuilder (DBStoreBuilder.java:addTable(110)) - using custom profile for table: s3Table
2019-06-15 15:44:12,069 INFO  db.DBStoreBuilder (DBStoreBuilder.java:processTables(161)) - Using default column profile:DBProfile.DISK for Table:s3Table
2019-06-15 15:44:12,069 INFO  db.DBStoreBuilder (DBStoreBuilder.java:addTable(110)) - using custom profile for table: multipartInfoTable
2019-06-15 15:44:12,069 INFO  db.DBStoreBuilder (DBStoreBuilder.java:processTables(161)) - Using default column profile:DBProfile.DISK for Table:multipartInfoTable
2019-06-15 15:44:12,069 INFO  db.DBStoreBuilder (DBStoreBuilder.java:addTable(110)) - using custom profile for table: dTokenTable
2019-06-15 15:44:12,070 INFO  db.DBStoreBuilder (DBStoreBuilder.java:processTables(161)) - Using default column profile:DBProfile.DISK for Table:dTokenTable
2019-06-15 15:44:12,070 INFO  db.DBStoreBuilder (DBStoreBuilder.java:addTable(110)) - using custom profile for table: s3SecretTable
2019-06-15 15:44:12,070 INFO  db.DBStoreBuilder (DBStoreBuilder.java:processTables(161)) - Using default column profile:DBProfile.DISK for Table:s3SecretTable
2019-06-15 15:44:12,071 INFO  db.DBStoreBuilder (DBStoreBuilder.java:addTable(110)) - using custom profile for table: prefixTable
2019-06-15 15:44:12,071 INFO  db.DBStoreBuilder (DBStoreBuilder.java:processTables(161)) - Using default column profile:DBProfile.DISK for Table:prefixTable
2019-06-15 15:44:12,071 INFO  db.DBStoreBuilder (DBStoreBuilder.java:addTable(110)) - using custom profile for table: default
2019-06-15 15:44:12,071 INFO  db.DBStoreBuilder (DBStoreBuilder.java:processTables(167)) - Using default column profile:DBProfile.DISK for Table:default
2019-06-15 15:44:12,072 INFO  db.DBStoreBuilder (DBStoreBuilder.java:getDbProfile(198)) - Using default options. DBProfile.DISK
2019-06-15 15:44:12,510 INFO  ipc.CallQueueManager (CallQueueManager.java:<init>(84)) - Using callQueue: class java.util.concurrent.LinkedBlockingQueue, queueCapacity: 2000, scheduler: class org.apache.hadoop.ipc.DefaultRpcScheduler, ipcBackoff: false.
2019-06-15 15:44:12,510 INFO  ipc.Server (Server.java:run(1074)) - Starting Socket Reader #1 for port 44381
2019-06-15 15:44:12,537 WARN  scm.ScmUtils (ScmUtils.java:getDBPath(63)) - ozone.om.db.dirs is not configured. We recommend adding this setting. Falling back to ozone.metadata.dirs instead.
2019-06-15 15:44:12,538 INFO  om.OzoneManager (OzoneManager.java:start(1230)) - OzoneManager RPC server is listening at localhost/127.0.0.1:44381
2019-06-15 15:44:12,538 INFO  impl.MetricsSystemImpl (MetricsSystemImpl.java:init(158)) - OzoneManager metrics system started (again)
2019-06-15 15:44:12,538 INFO  ipc.Server (Server.java:run(1314)) - IPC Server Responder: starting
2019-06-15 15:44:12,539 INFO  ipc.Server (Server.java:run(1153)) - IPC Server listener on 44381: starting
2019-06-15 15:44:12,579 INFO  hdfs.DFSUtil (DFSUtil.java:httpServerTemplateForNNAndJN(1641)) - Starting Web-server for ozoneManager at: http://0.0.0.0:0
2019-06-15 15:44:12,580 INFO  server.AuthenticationFilter (AuthenticationFilter.java:constructSecretProvider(240)) - Unable to initialize FileSignerSecretProvider, falling back to use random secrets.
2019-06-15 15:44:12,581 WARN  http.HttpRequestLog (HttpRequestLog.java:getRequestLog(97)) - Jetty request log can only be enabled using Log4j
2019-06-15 15:44:12,582 INFO  http.HttpServer2 (HttpServer2.java:addGlobalFilter(975)) - Added global filter 'safety' (class=org.apache.hadoop.http.HttpServer2$QuotingInputFilter)
2019-06-15 15:44:12,583 INFO  http.HttpServer2 (HttpServer2.java:addFilter(948)) - Added filter static_user_filter (class=org.apache.hadoop.http.lib.StaticUserWebFilter$StaticUserFilter) to context ozoneManager
2019-06-15 15:44:12,583 INFO  http.HttpServer2 (HttpServer2.java:addFilter(958)) - Added filter static_user_filter (class=org.apache.hadoop.http.lib.StaticUserWebFilter$StaticUserFilter) to context logs
2019-06-15 15:44:12,583 INFO  http.HttpServer2 (HttpServer2.java:addFilter(958)) - Added filter static_user_filter (class=org.apache.hadoop.http.lib.StaticUserWebFilter$StaticUserFilter) to context static
2019-06-15 15:44:12,584 INFO  http.HttpServer2 (HttpServer2.java:bindListener(1191)) - Jetty bound to port 38029
2019-06-15 15:44:12,584 INFO  server.Server (Server.java:doStart(351)) - jetty-9.3.24.v20180605, build timestamp: 2018-06-05T17:11:56Z, git hash: 84205aa28f11a4f31f2a3b86d1bba2cc8ab69827
2019-06-15 15:44:12,587 INFO  handler.ContextHandler (ContextHandler.java:doStart(781)) - Started o.e.j.s.ServletContextHandler@3d7fa3ae{/logs,file:///opt/src/hadoop-ozone/integration-test/target/log,AVAILABLE}
2019-06-15 15:44:12,588 INFO  handler.ContextHandler (ContextHandler.java:doStart(781)) - Started o.e.j.s.ServletContextHandler@3605c4d3{/static,file:///opt/src/hadoop-ozone/integration-test/target/test-classes/webapps/static,AVAILABLE}
2019-06-15 15:44:12,591 INFO  handler.ContextHandler (ContextHandler.java:doStart(781)) - Started o.e.j.w.WebAppContext@7b60c3e{/,file:///opt/src/hadoop-ozone/integration-test/target/test-classes/webapps/ozoneManager/,AVAILABLE}{/ozoneManager}
2019-06-15 15:44:12,591 INFO  server.AbstractConnector (AbstractConnector.java:doStart(278)) - Started ServerConnector@3fbfa96{HTTP/1.1,[http/1.1]}{0.0.0.0:38029}
2019-06-15 15:44:12,591 INFO  server.Server (Server.java:doStart(419)) - Started @2668ms
2019-06-15 15:44:12,592 INFO  server.BaseHttpServer (BaseHttpServer.java:updateConnectorAddress(207)) - HTTP server of OZONEMANAGER is listening at http://0.0.0.0:38029
2019-06-15 15:44:12,704 INFO  impl.MetricsSystemImpl (MetricsSystemImpl.java:init(158)) - HddsDatanode metrics system started (again)
2019-06-15 15:44:12,857 INFO  ozone.HddsDatanodeService (HddsDatanodeService.java:start(185)) - HddsDatanodeService host:ozone-unit-076618677d3-jsk2l-1196283018 ip:192.168.11.195
2019-06-15 15:44:12,884 INFO  volume.HddsVolume (HddsVolume.java:<init>(176)) - Creating Volume: /opt/src/hadoop-ozone/integration-test/target/test-dir/MiniOzoneClusterImpl-c1232090-6f07-487d-b6cc-f849b5e27630/datanode-0/data/containers/hdds of  storage type : DISK and capacity : 104021790720
2019-06-15 15:44:12,886 INFO  volume.VolumeSet (VolumeSet.java:initializeVolumeSet(170)) - Added Volume : /opt/src/hadoop-ozone/integration-test/target/test-dir/MiniOzoneClusterImpl-c1232090-6f07-487d-b6cc-f849b5e27630/datanode-0/data/containers/hdds to VolumeSet
2019-06-15 15:44:12,889 INFO  volume.ThrottledAsyncChecker (ThrottledAsyncChecker.java:schedule(140)) - Scheduling a check for org.apache.hadoop.ozone.container.common.volume.HddsVolume@5fb7183b
2019-06-15 15:44:12,904 INFO  volume.HddsVolumeChecker (HddsVolumeChecker.java:checkAllVolumes(203)) - Scheduled health check for volume org.apache.hadoop.ozone.container.common.volume.HddsVolume@5fb7183b
2019-06-15 15:44:12,942 INFO  ratis.XceiverServerRatis (XceiverServerRatis.java:newXceiverServerRatis(401)) - Found a free port for the server : 39609
2019-06-15 15:44:12,998 INFO  impl.RaftServerProxy (ConfUtils.java:logGet(43)) - raft.rpc.type = GRPC (default)
2019-06-15 15:44:13,006 INFO  grpc.GrpcConfigKeys$Server (ConfUtils.java:logGet(43)) - raft.grpc.server.port = 39609 (custom)
2019-06-15 15:44:13,007 INFO  server.GrpcService (ConfUtils.java:logGet(43)) - raft.grpc.message.size.max = 33570816 (custom)
2019-06-15 15:44:13,009 INFO  server.RaftServerConfigKeys (ConfUtils.java:logGet(43)) - raft.server.log.appender.buffer.byte-limit = 33554432 (custom)
2019-06-15 15:44:13,009 INFO  server.GrpcService (ConfUtils.java:logGet(43)) - raft.grpc.flow.control.window = 1MB (=1048576) (default)
2019-06-15 15:44:13,010 INFO  server.RaftServerConfigKeys (ConfUtils.java:logGet(43)) - raft.server.rpc.request.timeout = 3000ms (default)
2019-06-15 15:44:13,119 INFO  server.RaftServerConfigKeys (ConfUtils.java:logGet(43)) - raft.server.storage.dir = [/opt/src/hadoop-ozone/integration-test/target/test-dir/MiniOzoneClusterImpl-c1232090-6f07-487d-b6cc-f849b5e27630/datanode-0/data/ratis] (custom)
2019-06-15 15:44:13,126 INFO  server.XceiverServerGrpc (XceiverServerGrpc.java:<init>(97)) - Found a free port for the server : 36679
2019-06-15 15:44:13,150 INFO  replication.SimpleContainerDownloader (SimpleContainerDownloader.java:<init>(72)) - Starting container downloader service to copy containers to replicate.
2019-06-15 15:44:13,159 INFO  hdfs.DFSUtil (DFSUtil.java:httpServerTemplateForNNAndJN(1641)) - Starting Web-server for hddsDatanode at: http://0.0.0.0:0
2019-06-15 15:44:13,161 INFO  server.AuthenticationFilter (AuthenticationFilter.java:constructSecretProvider(240)) - Unable to initialize FileSignerSecretProvider, falling back to use random secrets.
2019-06-15 15:44:13,161 WARN  http.HttpRequestLog (HttpRequestLog.java:getRequestLog(97)) - Jetty request log can only be enabled using Log4j
2019-06-15 15:44:13,162 INFO  http.HttpServer2 (HttpServer2.java:addGlobalFilter(975)) - Added global filter 'safety' (class=org.apache.hadoop.http.HttpServer2$QuotingInputFilter)
2019-06-15 15:44:13,163 INFO  http.HttpServer2 (HttpServer2.java:addFilter(948)) - Added filter static_user_filter (class=org.apache.hadoop.http.lib.StaticUserWebFilter$StaticUserFilter) to context hddsDatanode
2019-06-15 15:44:13,163 INFO  http.HttpServer2 (HttpServer2.java:addFilter(958)) - Added filter static_user_filter (class=org.apache.hadoop.http.lib.StaticUserWebFilter$StaticUserFilter) to context static
2019-06-15 15:44:13,163 INFO  http.HttpServer2 (HttpServer2.java:addFilter(958)) - Added filter static_user_filter (class=org.apache.hadoop.http.lib.StaticUserWebFilter$StaticUserFilter) to context logs
2019-06-15 15:44:13,164 INFO  http.HttpServer2 (HttpServer2.java:bindListener(1191)) - Jetty bound to port 38721
2019-06-15 15:44:13,164 INFO  server.Server (Server.java:doStart(351)) - jetty-9.3.24.v20180605, build timestamp: 2018-06-05T17:11:56Z, git hash: 84205aa28f11a4f31f2a3b86d1bba2cc8ab69827
2019-06-15 15:44:13,166 INFO  handler.ContextHandler (ContextHandler.java:doStart(781)) - Started o.e.j.s.ServletContextHandler@4cdb8504{/logs,file:///opt/src/hadoop-ozone/integration-test/target/log,AVAILABLE}
2019-06-15 15:44:13,166 INFO  handler.ContextHandler (ContextHandler.java:doStart(781)) - Started o.e.j.s.ServletContextHandler@10358c32{/static,jar:file:/home/user/.m2/repository/org/apache/hadoop/hadoop-hdds-container-service/0.5.0-SNAPSHOT/hadoop-hdds-container-service-0.5.0-SNAPSHOT.jar!/webapps/static,AVAILABLE}
2019-06-15 15:44:13,191 INFO  handler.ContextHandler (ContextHandler.java:doStart(781)) - Started o.e.j.w.WebAppContext@53830483{/,file:///tmp/jetty-0.0.0.0-38721-hddsDatanode-_-any-6751433790855741874.dir/webapp/,AVAILABLE}{/hddsDatanode}
2019-06-15 15:44:13,192 INFO  server.AbstractConnector (AbstractConnector.java:doStart(278)) - Started ServerConnector@38eaac75{HTTP/1.1,[http/1.1]}{0.0.0.0:38721}
2019-06-15 15:44:13,192 INFO  server.Server (Server.java:doStart(419)) - Started @3268ms
2019-06-15 15:44:13,195 INFO  server.BaseHttpServer (BaseHttpServer.java:updateConnectorAddress(207)) - HTTP server of HDDSDATANODE is listening at http://0.0.0.0:38721
2019-06-15 15:44:13,997 INFO  ozone.HddsDatanodeService (HddsDatanodeService.java:startPlugins(396)) - Started plug-in org.apache.hadoop.ozone.web.OzoneHddsDatanodeService@5042e3d0
2019-06-15 15:44:13,998 INFO  impl.MetricsSystemImpl (MetricsSystemImpl.java:init(158)) - HddsDatanode metrics system started (again)
2019-06-15 15:44:13,998 INFO  ozone.HddsDatanodeService (HddsDatanodeService.java:start(185)) - HddsDatanodeService host:ozone-unit-076618677d3-jsk2l-1196283018 ip:192.168.11.195
2019-06-15 15:44:14,015 INFO  util.JvmPauseMonitor (JvmPauseMonitor.java:run(188)) - Starting JVM pause monitor
2019-06-15 15:44:14,017 INFO  volume.HddsVolume (HddsVolume.java:<init>(176)) - Creating Volume: /opt/src/hadoop-ozone/integration-test/target/test-dir/MiniOzoneClusterImpl-c1232090-6f07-487d-b6cc-f849b5e27630/datanode-1/data/containers/hdds of  storage type : DISK and capacity : 104021790720
2019-06-15 15:44:14,017 INFO  volume.VolumeSet (VolumeSet.java:initializeVolumeSet(170)) - Added Volume : /opt/src/hadoop-ozone/integration-test/target/test-dir/MiniOzoneClusterImpl-c1232090-6f07-487d-b6cc-f849b5e27630/datanode-1/data/containers/hdds to VolumeSet
2019-06-15 15:44:14,017 INFO  volume.ThrottledAsyncChecker (ThrottledAsyncChecker.java:schedule(140)) - Scheduling a check for org.apache.hadoop.ozone.container.common.volume.HddsVolume@3fe512d2
2019-06-15 15:44:14,026 INFO  volume.HddsVolumeChecker (HddsVolumeChecker.java:checkAllVolumes(203)) - Scheduled health check for volume org.apache.hadoop.ozone.container.common.volume.HddsVolume@3fe512d2
2019-06-15 15:44:14,043 INFO  ratis.XceiverServerRatis (XceiverServerRatis.java:newXceiverServerRatis(401)) - Found a free port for the server : 35183
2019-06-15 15:44:14,044 INFO  impl.RaftServerProxy (ConfUtils.java:logGet(43)) - raft.rpc.type = GRPC (default)
2019-06-15 15:44:14,044 INFO  grpc.GrpcConfigKeys$Server (ConfUtils.java:logGet(43)) - raft.grpc.server.port = 35183 (custom)
2019-06-15 15:44:14,045 INFO  server.GrpcService (ConfUtils.java:logGet(43)) - raft.grpc.message.size.max = 33570816 (custom)
2019-06-15 15:44:14,045 INFO  server.RaftServerConfigKeys (ConfUtils.java:logGet(43)) - raft.server.log.appender.buffer.byte-limit = 33554432 (custom)
2019-06-15 15:44:14,045 INFO  server.GrpcService (ConfUtils.java:logGet(43)) - raft.grpc.flow.control.window = 1MB (=1048576) (default)
2019-06-15 15:44:14,045 INFO  server.RaftServerConfigKeys (ConfUtils.java:logGet(43)) - raft.server.rpc.request.timeout = 3000ms (default)
2019-06-15 15:44:14,046 INFO  server.RaftServerConfigKeys (ConfUtils.java:logGet(43)) - raft.server.storage.dir = [/opt/src/hadoop-ozone/integration-test/target/test-dir/MiniOzoneClusterImpl-c1232090-6f07-487d-b6cc-f849b5e27630/datanode-1/data/ratis] (custom)
2019-06-15 15:44:14,046 INFO  server.XceiverServerGrpc (XceiverServerGrpc.java:<init>(97)) - Found a free port for the server : 39995
2019-06-15 15:44:14,047 INFO  replication.SimpleContainerDownloader (SimpleContainerDownloader.java:<init>(72)) - Starting container downloader service to copy containers to replicate.
2019-06-15 15:44:14,048 INFO  hdfs.DFSUtil (DFSUtil.java:httpServerTemplateForNNAndJN(1641)) - Starting Web-server for hddsDatanode at: http://0.0.0.0:0
2019-06-15 15:44:14,049 INFO  server.AuthenticationFilter (AuthenticationFilter.java:constructSecretProvider(240)) - Unable to initialize FileSignerSecretProvider, falling back to use random secrets.
2019-06-15 15:44:14,051 WARN  http.HttpRequestLog (HttpRequestLog.java:getRequestLog(97)) - Jetty request log can only be enabled using Log4j
2019-06-15 15:44:14,052 INFO  http.HttpServer2 (HttpServer2.java:addGlobalFilter(975)) - Added global filter 'safety' (class=org.apache.hadoop.http.HttpServer2$QuotingInputFilter)
2019-06-15 15:44:14,052 INFO  http.HttpServer2 (HttpServer2.java:addFilter(948)) - Added filter static_user_filter (class=org.apache.hadoop.http.lib.StaticUserWebFilter$StaticUserFilter) to context hddsDatanode
2019-06-15 15:44:14,052 INFO  http.HttpServer2 (HttpServer2.java:addFilter(958)) - Added filter static_user_filter (class=org.apache.hadoop.http.lib.StaticUserWebFilter$StaticUserFilter) to context logs
2019-06-15 15:44:14,053 INFO  http.HttpServer2 (HttpServer2.java:addFilter(958)) - Added filter static_user_filter (class=org.apache.hadoop.http.lib.StaticUserWebFilter$StaticUserFilter) to context static
2019-06-15 15:44:14,053 INFO  http.HttpServer2 (HttpServer2.java:bindListener(1191)) - Jetty bound to port 42559
2019-06-15 15:44:14,053 INFO  server.Server (Server.java:doStart(351)) - jetty-9.3.24.v20180605, build timestamp: 2018-06-05T17:11:56Z, git hash: 84205aa28f11a4f31f2a3b86d1bba2cc8ab69827
2019-06-15 15:44:14,056 INFO  handler.ContextHandler (ContextHandler.java:doStart(781)) - Started o.e.j.s.ServletContextHandler@3cc79c02{/logs,file:///opt/src/hadoop-ozone/integration-test/target/log,AVAILABLE}
2019-06-15 15:44:14,056 INFO  handler.ContextHandler (ContextHandler.java:doStart(781)) - Started o.e.j.s.ServletContextHandler@262a1fad{/static,jar:file:/home/user/.m2/repository/org/apache/hadoop/hadoop-hdds-container-service/0.5.0-SNAPSHOT/hadoop-hdds-container-service-0.5.0-SNAPSHOT.jar!/webapps/static,AVAILABLE}
2019-06-15 15:44:14,078 INFO  handler.ContextHandler (ContextHandler.java:doStart(781)) - Started o.e.j.w.WebAppContext@13ed066e{/,file:///tmp/jetty-0.0.0.0-42559-hddsDatanode-_-any-3762780611478531559.dir/webapp/,AVAILABLE}{/hddsDatanode}
2019-06-15 15:44:14,079 INFO  server.AbstractConnector (AbstractConnector.java:doStart(278)) - Started ServerConnector@5e97ce5b{HTTP/1.1,[http/1.1]}{0.0.0.0:42559}
2019-06-15 15:44:14,079 INFO  server.Server (Server.java:doStart(419)) - Started @4155ms
2019-06-15 15:44:14,085 INFO  server.BaseHttpServer (BaseHttpServer.java:updateConnectorAddress(207)) - HTTP server of HDDSDATANODE is listening at http://0.0.0.0:42559
2019-06-15 15:44:14,108 INFO  datanode.InitDatanodeState (InitDatanodeState.java:persistContainerDatanodeDetails(140)) - DatanodeDetails is persisted to /opt/src/hadoop-ozone/integration-test/target/test-dir/MiniOzoneClusterImpl-c1232090-6f07-487d-b6cc-f849b5e27630/datanode-0/meta/datanode.id
2019-06-15 15:44:14,209 INFO  ozone.HddsDatanodeService (HddsDatanodeService.java:startPlugins(396)) - Started plug-in org.apache.hadoop.ozone.web.OzoneHddsDatanodeService@2443abd6
2019-06-15 15:44:14,211 INFO  impl.MetricsSystemImpl (MetricsSystemImpl.java:init(158)) - HddsDatanode metrics system started (again)
2019-06-15 15:44:14,211 INFO  ozone.HddsDatanodeService (HddsDatanodeService.java:start(185)) - HddsDatanodeService host:ozone-unit-076618677d3-jsk2l-1196283018 ip:192.168.11.195
2019-06-15 15:44:14,215 INFO  util.JvmPauseMonitor (JvmPauseMonitor.java:run(188)) - Starting JVM pause monitor
2019-06-15 15:44:14,218 INFO  datanode.InitDatanodeState (InitDatanodeState.java:persistContainerDatanodeDetails(140)) - DatanodeDetails is persisted to /opt/src/hadoop-ozone/integration-test/target/test-dir/MiniOzoneClusterImpl-c1232090-6f07-487d-b6cc-f849b5e27630/datanode-1/meta/datanode.id
2019-06-15 15:44:14,222 INFO  volume.HddsVolume (HddsVolume.java:<init>(176)) - Creating Volume: /opt/src/hadoop-ozone/integration-test/target/test-dir/MiniOzoneClusterImpl-c1232090-6f07-487d-b6cc-f849b5e27630/datanode-2/data/containers/hdds of  storage type : DISK and capacity : 104021790720
2019-06-15 15:44:14,222 INFO  volume.VolumeSet (VolumeSet.java:initializeVolumeSet(170)) - Added Volume : /opt/src/hadoop-ozone/integration-test/target/test-dir/MiniOzoneClusterImpl-c1232090-6f07-487d-b6cc-f849b5e27630/datanode-2/data/containers/hdds to VolumeSet
2019-06-15 15:44:14,222 INFO  volume.ThrottledAsyncChecker (ThrottledAsyncChecker.java:schedule(140)) - Scheduling a check for org.apache.hadoop.ozone.container.common.volume.HddsVolume@477021ee
2019-06-15 15:44:14,224 INFO  volume.HddsVolumeChecker (HddsVolumeChecker.java:checkAllVolumes(203)) - Scheduled health check for volume org.apache.hadoop.ozone.container.common.volume.HddsVolume@477021ee
2019-06-15 15:44:14,237 INFO  ratis.XceiverServerRatis (XceiverServerRatis.java:newXceiverServerRatis(401)) - Found a free port for the server : 37607
2019-06-15 15:44:14,238 INFO  impl.RaftServerProxy (ConfUtils.java:logGet(43)) - raft.rpc.type = GRPC (default)
2019-06-15 15:44:14,238 INFO  grpc.GrpcConfigKeys$Server (ConfUtils.java:logGet(43)) - raft.grpc.server.port = 37607 (custom)
2019-06-15 15:44:14,238 INFO  server.GrpcService (ConfUtils.java:logGet(43)) - raft.grpc.message.size.max = 33570816 (custom)
2019-06-15 15:44:14,239 INFO  server.RaftServerConfigKeys (ConfUtils.java:logGet(43)) - raft.server.log.appender.buffer.byte-limit = 33554432 (custom)
2019-06-15 15:44:14,239 INFO  server.GrpcService (ConfUtils.java:logGet(43)) - raft.grpc.flow.control.window = 1MB (=1048576) (default)
2019-06-15 15:44:14,239 INFO  server.RaftServerConfigKeys (ConfUtils.java:logGet(43)) - raft.server.rpc.request.timeout = 3000ms (default)
2019-06-15 15:44:14,240 INFO  server.RaftServerConfigKeys (ConfUtils.java:logGet(43)) - raft.server.storage.dir = [/opt/src/hadoop-ozone/integration-test/target/test-dir/MiniOzoneClusterImpl-c1232090-6f07-487d-b6cc-f849b5e27630/datanode-2/data/ratis] (custom)
2019-06-15 15:44:14,240 INFO  server.XceiverServerGrpc (XceiverServerGrpc.java:<init>(97)) - Found a free port for the server : 40597
2019-06-15 15:44:14,241 INFO  replication.SimpleContainerDownloader (SimpleContainerDownloader.java:<init>(72)) - Starting container downloader service to copy containers to replicate.
2019-06-15 15:44:14,243 INFO  hdfs.DFSUtil (DFSUtil.java:httpServerTemplateForNNAndJN(1641)) - Starting Web-server for hddsDatanode at: http://0.0.0.0:0
2019-06-15 15:44:14,244 INFO  server.AuthenticationFilter (AuthenticationFilter.java:constructSecretProvider(240)) - Unable to initialize FileSignerSecretProvider, falling back to use random secrets.
2019-06-15 15:44:14,252 WARN  http.HttpRequestLog (HttpRequestLog.java:getRequestLog(97)) - Jetty request log can only be enabled using Log4j
2019-06-15 15:44:14,253 INFO  http.HttpServer2 (HttpServer2.java:addGlobalFilter(975)) - Added global filter 'safety' (class=org.apache.hadoop.http.HttpServer2$QuotingInputFilter)
2019-06-15 15:44:14,254 INFO  http.HttpServer2 (HttpServer2.java:addFilter(948)) - Added filter static_user_filter (class=org.apache.hadoop.http.lib.StaticUserWebFilter$StaticUserFilter) to context hddsDatanode
2019-06-15 15:44:14,254 INFO  http.HttpServer2 (HttpServer2.java:addFilter(958)) - Added filter static_user_filter (class=org.apache.hadoop.http.lib.StaticUserWebFilter$StaticUserFilter) to context static
2019-06-15 15:44:14,255 INFO  http.HttpServer2 (HttpServer2.java:addFilter(958)) - Added filter static_user_filter (class=org.apache.hadoop.http.lib.StaticUserWebFilter$StaticUserFilter) to context logs
2019-06-15 15:44:14,255 INFO  http.HttpServer2 (HttpServer2.java:bindListener(1191)) - Jetty bound to port 45049
2019-06-15 15:44:14,255 INFO  server.Server (Server.java:doStart(351)) - jetty-9.3.24.v20180605, build timestamp: 2018-06-05T17:11:56Z, git hash: 84205aa28f11a4f31f2a3b86d1bba2cc8ab69827
2019-06-15 15:44:14,257 INFO  handler.ContextHandler (ContextHandler.java:doStart(781)) - Started o.e.j.s.ServletContextHandler@31acfd4e{/logs,file:///opt/src/hadoop-ozone/integration-test/target/log,AVAILABLE}
2019-06-15 15:44:14,258 INFO  handler.ContextHandler (ContextHandler.java:doStart(781)) - Started o.e.j.s.ServletContextHandler@4e80a001{/static,jar:file:/home/user/.m2/repository/org/apache/hadoop/hadoop-hdds-container-service/0.5.0-SNAPSHOT/hadoop-hdds-container-service-0.5.0-SNAPSHOT.jar!/webapps/static,AVAILABLE}
2019-06-15 15:44:14,283 INFO  handler.ContextHandler (ContextHandler.java:doStart(781)) - Started o.e.j.w.WebAppContext@1a2e0d57{/,file:///tmp/jetty-0.0.0.0-45049-hddsDatanode-_-any-7266297592203731526.dir/webapp/,AVAILABLE}{/hddsDatanode}
2019-06-15 15:44:14,284 INFO  server.AbstractConnector (AbstractConnector.java:doStart(278)) - Started ServerConnector@5f025000{HTTP/1.1,[http/1.1]}{0.0.0.0:45049}
2019-06-15 15:44:14,284 INFO  server.Server (Server.java:doStart(419)) - Started @4361ms
2019-06-15 15:44:14,287 INFO  server.BaseHttpServer (BaseHttpServer.java:updateConnectorAddress(207)) - HTTP server of HDDSDATANODE is listening at http://0.0.0.0:45049
2019-06-15 15:44:14,392 INFO  ozone.HddsDatanodeService (HddsDatanodeService.java:startPlugins(396)) - Started plug-in org.apache.hadoop.ozone.web.OzoneHddsDatanodeService@9cfc77
2019-06-15 15:44:14,392 INFO  impl.MetricsSystemImpl (MetricsSystemImpl.java:init(158)) - HddsDatanode metrics system started (again)
2019-06-15 15:44:14,392 INFO  ozone.HddsDatanodeService (HddsDatanodeService.java:start(185)) - HddsDatanodeService host:ozone-unit-076618677d3-jsk2l-1196283018 ip:192.168.11.195
2019-06-15 15:44:14,395 INFO  util.JvmPauseMonitor (JvmPauseMonitor.java:run(188)) - Starting JVM pause monitor
2019-06-15 15:44:14,396 INFO  datanode.InitDatanodeState (InitDatanodeState.java:persistContainerDatanodeDetails(140)) - DatanodeDetails is persisted to /opt/src/hadoop-ozone/integration-test/target/test-dir/MiniOzoneClusterImpl-c1232090-6f07-487d-b6cc-f849b5e27630/datanode-2/meta/datanode.id
2019-06-15 15:44:14,399 INFO  volume.HddsVolume (HddsVolume.java:<init>(176)) - Creating Volume: /opt/src/hadoop-ozone/integration-test/target/test-dir/MiniOzoneClusterImpl-c1232090-6f07-487d-b6cc-f849b5e27630/datanode-3/data/containers/hdds of  storage type : DISK and capacity : 104021790720
2019-06-15 15:44:14,399 INFO  volume.VolumeSet (VolumeSet.java:initializeVolumeSet(170)) - Added Volume : /opt/src/hadoop-ozone/integration-test/target/test-dir/MiniOzoneClusterImpl-c1232090-6f07-487d-b6cc-f849b5e27630/datanode-3/data/containers/hdds to VolumeSet
2019-06-15 15:44:14,399 INFO  volume.ThrottledAsyncChecker (ThrottledAsyncChecker.java:schedule(140)) - Scheduling a check for org.apache.hadoop.ozone.container.common.volume.HddsVolume@51cab489
2019-06-15 15:44:14,401 INFO  volume.HddsVolumeChecker (HddsVolumeChecker.java:checkAllVolumes(203)) - Scheduled health check for volume org.apache.hadoop.ozone.container.common.volume.HddsVolume@51cab489
2019-06-15 15:44:14,413 INFO  ratis.XceiverServerRatis (XceiverServerRatis.java:newXceiverServerRatis(401)) - Found a free port for the server : 35131
2019-06-15 15:44:14,414 INFO  impl.RaftServerProxy (ConfUtils.java:logGet(43)) - raft.rpc.type = GRPC (default)
2019-06-15 15:44:14,414 INFO  grpc.GrpcConfigKeys$Server (ConfUtils.java:logGet(43)) - raft.grpc.server.port = 35131 (custom)
2019-06-15 15:44:14,415 INFO  server.GrpcService (ConfUtils.java:logGet(43)) - raft.grpc.message.size.max = 33570816 (custom)
2019-06-15 15:44:14,415 INFO  server.RaftServerConfigKeys (ConfUtils.java:logGet(43)) - raft.server.log.appender.buffer.byte-limit = 33554432 (custom)
2019-06-15 15:44:14,415 INFO  server.GrpcService (ConfUtils.java:logGet(43)) - raft.grpc.flow.control.window = 1MB (=1048576) (default)
2019-06-15 15:44:14,415 INFO  server.RaftServerConfigKeys (ConfUtils.java:logGet(43)) - raft.server.rpc.request.timeout = 3000ms (default)
2019-06-15 15:44:14,416 INFO  server.RaftServerConfigKeys (ConfUtils.java:logGet(43)) - raft.server.storage.dir = [/opt/src/hadoop-ozone/integration-test/target/test-dir/MiniOzoneClusterImpl-c1232090-6f07-487d-b6cc-f849b5e27630/datanode-3/data/ratis] (custom)
2019-06-15 15:44:14,416 INFO  server.XceiverServerGrpc (XceiverServerGrpc.java:<init>(97)) - Found a free port for the server : 43289
2019-06-15 15:44:14,417 INFO  replication.SimpleContainerDownloader (SimpleContainerDownloader.java:<init>(72)) - Starting container downloader service to copy containers to replicate.
2019-06-15 15:44:14,420 INFO  hdfs.DFSUtil (DFSUtil.java:httpServerTemplateForNNAndJN(1641)) - Starting Web-server for hddsDatanode at: http://0.0.0.0:0
2019-06-15 15:44:14,421 INFO  server.AuthenticationFilter (AuthenticationFilter.java:constructSecretProvider(240)) - Unable to initialize FileSignerSecretProvider, falling back to use random secrets.
2019-06-15 15:44:14,422 WARN  http.HttpRequestLog (HttpRequestLog.java:getRequestLog(97)) - Jetty request log can only be enabled using Log4j
2019-06-15 15:44:14,423 INFO  http.HttpServer2 (HttpServer2.java:addGlobalFilter(975)) - Added global filter 'safety' (class=org.apache.hadoop.http.HttpServer2$QuotingInputFilter)
2019-06-15 15:44:14,424 INFO  http.HttpServer2 (HttpServer2.java:addFilter(948)) - Added filter static_user_filter (class=org.apache.hadoop.http.lib.StaticUserWebFilter$StaticUserFilter) to context hddsDatanode
2019-06-15 15:44:14,424 INFO  http.HttpServer2 (HttpServer2.java:addFilter(958)) - Added filter static_user_filter (class=org.apache.hadoop.http.lib.StaticUserWebFilter$StaticUserFilter) to context logs
2019-06-15 15:44:14,424 INFO  http.HttpServer2 (HttpServer2.java:addFilter(958)) - Added filter static_user_filter (class=org.apache.hadoop.http.lib.StaticUserWebFilter$StaticUserFilter) to context static
2019-06-15 15:44:14,425 INFO  http.HttpServer2 (HttpServer2.java:bindListener(1191)) - Jetty bound to port 40007
2019-06-15 15:44:14,425 INFO  server.Server (Server.java:doStart(351)) - jetty-9.3.24.v20180605, build timestamp: 2018-06-05T17:11:56Z, git hash: 84205aa28f11a4f31f2a3b86d1bba2cc8ab69827
2019-06-15 15:44:14,428 INFO  handler.ContextHandler (ContextHandler.java:doStart(781)) - Started o.e.j.s.ServletContextHandler@1f536481{/logs,file:///opt/src/hadoop-ozone/integration-test/target/log,AVAILABLE}
2019-06-15 15:44:14,428 INFO  handler.ContextHandler (ContextHandler.java:doStart(781)) - Started o.e.j.s.ServletContextHandler@22a260ff{/static,jar:file:/home/user/.m2/repository/org/apache/hadoop/hadoop-hdds-container-service/0.5.0-SNAPSHOT/hadoop-hdds-container-service-0.5.0-SNAPSHOT.jar!/webapps/static,AVAILABLE}
2019-06-15 15:44:14,458 INFO  handler.ContextHandler (ContextHandler.java:doStart(781)) - Started o.e.j.w.WebAppContext@7f5614f9{/,file:///tmp/jetty-0.0.0.0-40007-hddsDatanode-_-any-3606373226512768399.dir/webapp/,AVAILABLE}{/hddsDatanode}
2019-06-15 15:44:14,459 INFO  server.AbstractConnector (AbstractConnector.java:doStart(278)) - Started ServerConnector@480cbe2e{HTTP/1.1,[http/1.1]}{0.0.0.0:40007}
2019-06-15 15:44:14,460 INFO  server.Server (Server.java:doStart(419)) - Started @4536ms
2019-06-15 15:44:14,461 INFO  server.BaseHttpServer (BaseHttpServer.java:updateConnectorAddress(207)) - HTTP server of HDDSDATANODE is listening at http://0.0.0.0:40007
2019-06-15 15:44:14,580 INFO  ozone.HddsDatanodeService (HddsDatanodeService.java:startPlugins(396)) - Started plug-in org.apache.hadoop.ozone.web.OzoneHddsDatanodeService@5a14e60d
2019-06-15 15:44:14,580 INFO  impl.MetricsSystemImpl (MetricsSystemImpl.java:init(158)) - HddsDatanode metrics system started (again)
2019-06-15 15:44:14,580 INFO  ozone.HddsDatanodeService (HddsDatanodeService.java:start(185)) - HddsDatanodeService host:ozone-unit-076618677d3-jsk2l-1196283018 ip:192.168.11.195
2019-06-15 15:44:14,596 INFO  datanode.InitDatanodeState (InitDatanodeState.java:persistContainerDatanodeDetails(140)) - DatanodeDetails is persisted to /opt/src/hadoop-ozone/integration-test/target/test-dir/MiniOzoneClusterImpl-c1232090-6f07-487d-b6cc-f849b5e27630/datanode-3/meta/datanode.id
2019-06-15 15:44:14,607 INFO  util.JvmPauseMonitor (JvmPauseMonitor.java:run(188)) - Starting JVM pause monitor
2019-06-15 15:44:14,608 INFO  volume.HddsVolume (HddsVolume.java:<init>(176)) - Creating Volume: /opt/src/hadoop-ozone/integration-test/target/test-dir/MiniOzoneClusterImpl-c1232090-6f07-487d-b6cc-f849b5e27630/datanode-4/data/containers/hdds of  storage type : DISK and capacity : 104021790720
2019-06-15 15:44:14,608 INFO  volume.VolumeSet (VolumeSet.java:initializeVolumeSet(170)) - Added Volume : /opt/src/hadoop-ozone/integration-test/target/test-dir/MiniOzoneClusterImpl-c1232090-6f07-487d-b6cc-f849b5e27630/datanode-4/data/containers/hdds to VolumeSet
2019-06-15 15:44:14,609 INFO  volume.ThrottledAsyncChecker (ThrottledAsyncChecker.java:schedule(140)) - Scheduling a check for org.apache.hadoop.ozone.container.common.volume.HddsVolume@6ef2f7ad
2019-06-15 15:44:14,610 INFO  volume.HddsVolumeChecker (HddsVolumeChecker.java:checkAllVolumes(203)) - Scheduled health check for volume org.apache.hadoop.ozone.container.common.volume.HddsVolume@6ef2f7ad
2019-06-15 15:44:14,620 INFO  ratis.XceiverServerRatis (XceiverServerRatis.java:newXceiverServerRatis(401)) - Found a free port for the server : 34079
2019-06-15 15:44:14,621 INFO  impl.RaftServerProxy (ConfUtils.java:logGet(43)) - raft.rpc.type = GRPC (default)
2019-06-15 15:44:14,621 INFO  grpc.GrpcConfigKeys$Server (ConfUtils.java:logGet(43)) - raft.grpc.server.port = 34079 (custom)
2019-06-15 15:44:14,621 INFO  server.GrpcService (ConfUtils.java:logGet(43)) - raft.grpc.message.size.max = 33570816 (custom)
2019-06-15 15:44:14,622 INFO  server.RaftServerConfigKeys (ConfUtils.java:logGet(43)) - raft.server.log.appender.buffer.byte-limit = 33554432 (custom)
2019-06-15 15:44:14,622 INFO  server.GrpcService (ConfUtils.java:logGet(43)) - raft.grpc.flow.control.window = 1MB (=1048576) (default)
2019-06-15 15:44:14,622 INFO  server.RaftServerConfigKeys (ConfUtils.java:logGet(43)) - raft.server.rpc.request.timeout = 3000ms (default)
2019-06-15 15:44:14,623 INFO  server.RaftServerConfigKeys (ConfUtils.java:logGet(43)) - raft.server.storage.dir = [/opt/src/hadoop-ozone/integration-test/target/test-dir/MiniOzoneClusterImpl-c1232090-6f07-487d-b6cc-f849b5e27630/datanode-4/data/ratis] (custom)
2019-06-15 15:44:14,623 INFO  server.XceiverServerGrpc (XceiverServerGrpc.java:<init>(97)) - Found a free port for the server : 45965
2019-06-15 15:44:14,623 INFO  replication.SimpleContainerDownloader (SimpleContainerDownloader.java:<init>(72)) - Starting container downloader service to copy containers to replicate.
2019-06-15 15:44:14,629 INFO  hdfs.DFSUtil (DFSUtil.java:httpServerTemplateForNNAndJN(1641)) - Starting Web-server for hddsDatanode at: http://0.0.0.0:0
2019-06-15 15:44:14,630 INFO  server.AuthenticationFilter (AuthenticationFilter.java:constructSecretProvider(240)) - Unable to initialize FileSignerSecretProvider, falling back to use random secrets.
2019-06-15 15:44:14,631 WARN  http.HttpRequestLog (HttpRequestLog.java:getRequestLog(97)) - Jetty request log can only be enabled using Log4j
2019-06-15 15:44:14,632 INFO  http.HttpServer2 (HttpServer2.java:addGlobalFilter(975)) - Added global filter 'safety' (class=org.apache.hadoop.http.HttpServer2$QuotingInputFilter)
2019-06-15 15:44:14,633 INFO  http.HttpServer2 (HttpServer2.java:addFilter(948)) - Added filter static_user_filter (class=org.apache.hadoop.http.lib.StaticUserWebFilter$StaticUserFilter) to context hddsDatanode
2019-06-15 15:44:14,633 INFO  http.HttpServer2 (HttpServer2.java:addFilter(958)) - Added filter static_user_filter (class=org.apache.hadoop.http.lib.StaticUserWebFilter$StaticUserFilter) to context static
2019-06-15 15:44:14,633 INFO  http.HttpServer2 (HttpServer2.java:addFilter(958)) - Added filter static_user_filter (class=org.apache.hadoop.http.lib.StaticUserWebFilter$StaticUserFilter) to context logs
2019-06-15 15:44:14,634 INFO  http.HttpServer2 (HttpServer2.java:bindListener(1191)) - Jetty bound to port 34221
2019-06-15 15:44:14,634 INFO  server.Server (Server.java:doStart(351)) - jetty-9.3.24.v20180605, build timestamp: 2018-06-05T17:11:56Z, git hash: 84205aa28f11a4f31f2a3b86d1bba2cc8ab69827
2019-06-15 15:44:14,638 INFO  handler.ContextHandler (ContextHandler.java:doStart(781)) - Started o.e.j.s.ServletContextHandler@76c86567{/logs,file:///opt/src/hadoop-ozone/integration-test/target/log,AVAILABLE}
2019-06-15 15:44:14,639 INFO  handler.ContextHandler (ContextHandler.java:doStart(781)) - Started o.e.j.s.ServletContextHandler@5a4dda2{/static,jar:file:/home/user/.m2/repository/org/apache/hadoop/hadoop-hdds-container-service/0.5.0-SNAPSHOT/hadoop-hdds-container-service-0.5.0-SNAPSHOT.jar!/webapps/static,AVAILABLE}
2019-06-15 15:44:14,669 INFO  handler.ContextHandler (ContextHandler.java:doStart(781)) - Started o.e.j.w.WebAppContext@5ec88f9e{/,file:///tmp/jetty-0.0.0.0-34221-hddsDatanode-_-any-7535305345530990860.dir/webapp/,AVAILABLE}{/hddsDatanode}
2019-06-15 15:44:14,670 INFO  server.AbstractConnector (AbstractConnector.java:doStart(278)) - Started ServerConnector@7a04f730{HTTP/1.1,[http/1.1]}{0.0.0.0:34221}
2019-06-15 15:44:14,671 INFO  server.Server (Server.java:doStart(419)) - Started @4747ms
2019-06-15 15:44:14,673 INFO  server.BaseHttpServer (BaseHttpServer.java:updateConnectorAddress(207)) - HTTP server of HDDSDATANODE is listening at http://0.0.0.0:34221
2019-06-15 15:44:14,847 INFO  ozone.HddsDatanodeService (HddsDatanodeService.java:startPlugins(396)) - Started plug-in org.apache.hadoop.ozone.web.OzoneHddsDatanodeService@5b48f0f4
2019-06-15 15:44:14,847 INFO  impl.MetricsSystemImpl (MetricsSystemImpl.java:init(158)) - HddsDatanode metrics system started (again)
2019-06-15 15:44:14,848 INFO  ozone.HddsDatanodeService (HddsDatanodeService.java:start(185)) - HddsDatanodeService host:ozone-unit-076618677d3-jsk2l-1196283018 ip:192.168.11.195
2019-06-15 15:44:14,851 INFO  util.JvmPauseMonitor (JvmPauseMonitor.java:run(188)) - Starting JVM pause monitor
2019-06-15 15:44:14,852 INFO  datanode.InitDatanodeState (InitDatanodeState.java:persistContainerDatanodeDetails(140)) - DatanodeDetails is persisted to /opt/src/hadoop-ozone/integration-test/target/test-dir/MiniOzoneClusterImpl-c1232090-6f07-487d-b6cc-f849b5e27630/datanode-4/meta/datanode.id
2019-06-15 15:44:14,857 INFO  volume.HddsVolume (HddsVolume.java:<init>(176)) - Creating Volume: /opt/src/hadoop-ozone/integration-test/target/test-dir/MiniOzoneClusterImpl-c1232090-6f07-487d-b6cc-f849b5e27630/datanode-5/data/containers/hdds of  storage type : DISK and capacity : 104021790720
2019-06-15 15:44:14,857 INFO  volume.VolumeSet (VolumeSet.java:initializeVolumeSet(170)) - Added Volume : /opt/src/hadoop-ozone/integration-test/target/test-dir/MiniOzoneClusterImpl-c1232090-6f07-487d-b6cc-f849b5e27630/datanode-5/data/containers/hdds to VolumeSet
2019-06-15 15:44:14,857 INFO  volume.ThrottledAsyncChecker (ThrottledAsyncChecker.java:schedule(140)) - Scheduling a check for org.apache.hadoop.ozone.container.common.volume.HddsVolume@216c22ce
2019-06-15 15:44:14,858 INFO  volume.HddsVolumeChecker (HddsVolumeChecker.java:checkAllVolumes(203)) - Scheduled health check for volume org.apache.hadoop.ozone.container.common.volume.HddsVolume@216c22ce
2019-06-15 15:44:14,869 INFO  ratis.XceiverServerRatis (XceiverServerRatis.java:newXceiverServerRatis(401)) - Found a free port for the server : 33727
2019-06-15 15:44:14,870 INFO  impl.RaftServerProxy (ConfUtils.java:logGet(43)) - raft.rpc.type = GRPC (default)
2019-06-15 15:44:14,870 INFO  grpc.GrpcConfigKeys$Server (ConfUtils.java:logGet(43)) - raft.grpc.server.port = 33727 (custom)
2019-06-15 15:44:14,871 INFO  server.GrpcService (ConfUtils.java:logGet(43)) - raft.grpc.message.size.max = 33570816 (custom)
2019-06-15 15:44:14,871 INFO  server.RaftServerConfigKeys (ConfUtils.java:logGet(43)) - raft.server.log.appender.buffer.byte-limit = 33554432 (custom)
2019-06-15 15:44:14,871 INFO  server.GrpcService (ConfUtils.java:logGet(43)) - raft.grpc.flow.control.window = 1MB (=1048576) (default)
2019-06-15 15:44:14,871 INFO  server.RaftServerConfigKeys (ConfUtils.java:logGet(43)) - raft.server.rpc.request.timeout = 3000ms (default)
2019-06-15 15:44:14,872 INFO  server.RaftServerConfigKeys (ConfUtils.java:logGet(43)) - raft.server.storage.dir = [/opt/src/hadoop-ozone/integration-test/target/test-dir/MiniOzoneClusterImpl-c1232090-6f07-487d-b6cc-f849b5e27630/datanode-5/data/ratis] (custom)
2019-06-15 15:44:14,872 INFO  server.XceiverServerGrpc (XceiverServerGrpc.java:<init>(97)) - Found a free port for the server : 45963
2019-06-15 15:44:14,873 INFO  replication.SimpleContainerDownloader (SimpleContainerDownloader.java:<init>(72)) - Starting container downloader service to copy containers to replicate.
2019-06-15 15:44:14,874 INFO  hdfs.DFSUtil (DFSUtil.java:httpServerTemplateForNNAndJN(1641)) - Starting Web-server for hddsDatanode at: http://0.0.0.0:0
2019-06-15 15:44:14,875 INFO  server.AuthenticationFilter (AuthenticationFilter.java:constructSecretProvider(240)) - Unable to initialize FileSignerSecretProvider, falling back to use random secrets.
2019-06-15 15:44:14,875 WARN  http.HttpRequestLog (HttpRequestLog.java:getRequestLog(97)) - Jetty request log can only be enabled using Log4j
2019-06-15 15:44:14,876 INFO  http.HttpServer2 (HttpServer2.java:addGlobalFilter(975)) - Added global filter 'safety' (class=org.apache.hadoop.http.HttpServer2$QuotingInputFilter)
2019-06-15 15:44:14,877 INFO  http.HttpServer2 (HttpServer2.java:addFilter(948)) - Added filter static_user_filter (class=org.apache.hadoop.http.lib.StaticUserWebFilter$StaticUserFilter) to context hddsDatanode
2019-06-15 15:44:14,877 INFO  http.HttpServer2 (HttpServer2.java:addFilter(958)) - Added filter static_user_filter (class=org.apache.hadoop.http.lib.StaticUserWebFilter$StaticUserFilter) to context static
2019-06-15 15:44:14,877 INFO  http.HttpServer2 (HttpServer2.java:addFilter(958)) - Added filter static_user_filter (class=org.apache.hadoop.http.lib.StaticUserWebFilter$StaticUserFilter) to context logs
2019-06-15 15:44:14,877 INFO  http.HttpServer2 (HttpServer2.java:bindListener(1191)) - Jetty bound to port 41045
2019-06-15 15:44:14,877 INFO  server.Server (Server.java:doStart(351)) - jetty-9.3.24.v20180605, build timestamp: 2018-06-05T17:11:56Z, git hash: 84205aa28f11a4f31f2a3b86d1bba2cc8ab69827
2019-06-15 15:44:14,881 INFO  handler.ContextHandler (ContextHandler.java:doStart(781)) - Started o.e.j.s.ServletContextHandler@756808cc{/logs,file:///opt/src/hadoop-ozone/integration-test/target/log,AVAILABLE}
2019-06-15 15:44:14,881 INFO  handler.ContextHandler (ContextHandler.java:doStart(781)) - Started o.e.j.s.ServletContextHandler@5012c571{/static,jar:file:/home/user/.m2/repository/org/apache/hadoop/hadoop-hdds-container-service/0.5.0-SNAPSHOT/hadoop-hdds-container-service-0.5.0-SNAPSHOT.jar!/webapps/static,AVAILABLE}
2019-06-15 15:44:14,902 INFO  handler.ContextHandler (ContextHandler.java:doStart(781)) - Started o.e.j.w.WebAppContext@696fad31{/,file:///tmp/jetty-0.0.0.0-41045-hddsDatanode-_-any-8818754101477407653.dir/webapp/,AVAILABLE}{/hddsDatanode}
2019-06-15 15:44:14,903 INFO  server.AbstractConnector (AbstractConnector.java:doStart(278)) - Started ServerConnector@2c06b113{HTTP/1.1,[http/1.1]}{0.0.0.0:41045}
2019-06-15 15:44:14,904 INFO  server.Server (Server.java:doStart(419)) - Started @4979ms
2019-06-15 15:44:14,904 INFO  server.BaseHttpServer (BaseHttpServer.java:updateConnectorAddress(207)) - HTTP server of HDDSDATANODE is listening at http://0.0.0.0:41045
2019-06-15 15:44:15,036 INFO  ozone.HddsDatanodeService (HddsDatanodeService.java:startPlugins(396)) - Started plug-in org.apache.hadoop.ozone.web.OzoneHddsDatanodeService@7708b66a
2019-06-15 15:44:15,037 INFO  ozone.MiniOzoneClusterImpl (MiniOzoneClusterImpl.java:lambda$waitForClusterToBeReady$0(142)) - Waiting for cluster to be ready. Got 0 of 6 DN Heartbeats.
2019-06-15 15:44:15,038 INFO  util.JvmPauseMonitor (JvmPauseMonitor.java:run(188)) - Starting JVM pause monitor
2019-06-15 15:44:15,039 INFO  datanode.InitDatanodeState (InitDatanodeState.java:persistContainerDatanodeDetails(140)) - DatanodeDetails is persisted to /opt/src/hadoop-ozone/integration-test/target/test-dir/MiniOzoneClusterImpl-c1232090-6f07-487d-b6cc-f849b5e27630/datanode-5/meta/datanode.id
2019-06-15 15:44:16,038 INFO  ozone.MiniOzoneClusterImpl (MiniOzoneClusterImpl.java:lambda$waitForClusterToBeReady$0(142)) - Waiting for cluster to be ready. Got 0 of 6 DN Heartbeats.
2019-06-15 15:44:16,040 INFO  ozoneimpl.OzoneContainer (OzoneContainer.java:start(186)) - Attempting to start container services.
2019-06-15 15:44:16,040 INFO  ozoneimpl.OzoneContainer (OzoneContainer.java:startContainerScrub(160)) - Background container scrubber has been disabled by hdds.containerscrub.enabled
2019-06-15 15:44:16,040 INFO  ratis.XceiverServerRatis (XceiverServerRatis.java:start(418)) - Starting XceiverServerRatis eb93222d-5d3c-4dfd-8236-bea46e9259fe at port 39609
2019-06-15 15:44:16,053 INFO  impl.RaftServerProxy (RaftServerProxy.java:lambda$start$3(299)) - eb93222d-5d3c-4dfd-8236-bea46e9259fe: start RPC server
2019-06-15 15:44:16,178 INFO  server.GrpcService (GrpcService.java:startImpl(148)) - eb93222d-5d3c-4dfd-8236-bea46e9259fe: GrpcService started, listening on 0.0.0.0/0.0.0.0:39609
2019-06-15 15:44:16,219 INFO  ozoneimpl.OzoneContainer (OzoneContainer.java:start(186)) - Attempting to start container services.
2019-06-15 15:44:16,220 INFO  ozoneimpl.OzoneContainer (OzoneContainer.java:startContainerScrub(160)) - Background container scrubber has been disabled by hdds.containerscrub.enabled
2019-06-15 15:44:16,220 INFO  ratis.XceiverServerRatis (XceiverServerRatis.java:start(418)) - Starting XceiverServerRatis b24533e7-86f6-4b86-898d-7192fec445e1 at port 35183
2019-06-15 15:44:16,259 INFO  impl.RaftServerProxy (RaftServerProxy.java:lambda$start$3(299)) - b24533e7-86f6-4b86-898d-7192fec445e1: start RPC server
2019-06-15 15:44:16,261 INFO  server.GrpcService (GrpcService.java:startImpl(148)) - b24533e7-86f6-4b86-898d-7192fec445e1: GrpcService started, listening on 0.0.0.0/0.0.0.0:35183
2019-06-15 15:44:16,399 INFO  ozoneimpl.OzoneContainer (OzoneContainer.java:start(186)) - Attempting to start container services.
2019-06-15 15:44:16,400 INFO  ozoneimpl.OzoneContainer (OzoneContainer.java:startContainerScrub(160)) - Background container scrubber has been disabled by hdds.containerscrub.enabled
2019-06-15 15:44:16,400 INFO  ratis.XceiverServerRatis (XceiverServerRatis.java:start(418)) - Starting XceiverServerRatis dd29cc7b-2d60-4c7f-b04a-a9dc8aebdc23 at port 37607
2019-06-15 15:44:16,423 INFO  impl.RaftServerProxy (RaftServerProxy.java:lambda$start$3(299)) - dd29cc7b-2d60-4c7f-b04a-a9dc8aebdc23: start RPC server
2019-06-15 15:44:16,425 INFO  server.GrpcService (GrpcService.java:startImpl(148)) - dd29cc7b-2d60-4c7f-b04a-a9dc8aebdc23: GrpcService started, listening on 0.0.0.0/0.0.0.0:37607
2019-06-15 15:44:16,599 INFO  ozoneimpl.OzoneContainer (OzoneContainer.java:start(186)) - Attempting to start container services.
2019-06-15 15:44:16,601 INFO  ozoneimpl.OzoneContainer (OzoneContainer.java:startContainerScrub(160)) - Background container scrubber has been disabled by hdds.containerscrub.enabled
2019-06-15 15:44:16,601 INFO  ratis.XceiverServerRatis (XceiverServerRatis.java:start(418)) - Starting XceiverServerRatis 18950eee-44d7-44d9-93cf-e381da6123b2 at port 35131
2019-06-15 15:44:16,607 INFO  impl.RaftServerProxy (RaftServerProxy.java:lambda$start$3(299)) - 18950eee-44d7-44d9-93cf-e381da6123b2: start RPC server
2019-06-15 15:44:16,609 INFO  server.GrpcService (GrpcService.java:startImpl(148)) - 18950eee-44d7-44d9-93cf-e381da6123b2: GrpcService started, listening on 0.0.0.0/0.0.0.0:35131
2019-06-15 15:44:16,855 INFO  ozoneimpl.OzoneContainer (OzoneContainer.java:start(186)) - Attempting to start container services.
2019-06-15 15:44:16,856 INFO  ozoneimpl.OzoneContainer (OzoneContainer.java:startContainerScrub(160)) - Background container scrubber has been disabled by hdds.containerscrub.enabled
2019-06-15 15:44:16,857 INFO  ratis.XceiverServerRatis (XceiverServerRatis.java:start(418)) - Starting XceiverServerRatis 53b4337f-ee38-4cb8-b4ea-1ff3b79944bc at port 34079
2019-06-15 15:44:16,861 INFO  impl.RaftServerProxy (RaftServerProxy.java:lambda$start$3(299)) - 53b4337f-ee38-4cb8-b4ea-1ff3b79944bc: start RPC server
2019-06-15 15:44:16,863 INFO  server.GrpcService (GrpcService.java:startImpl(148)) - 53b4337f-ee38-4cb8-b4ea-1ff3b79944bc: GrpcService started, listening on 0.0.0.0/0.0.0.0:34079
2019-06-15 15:44:17,038 INFO  ozone.MiniOzoneClusterImpl (MiniOzoneClusterImpl.java:lambda$waitForClusterToBeReady$0(142)) - Waiting for cluster to be ready. Got 0 of 6 DN Heartbeats.
2019-06-15 15:44:17,043 INFO  ozoneimpl.OzoneContainer (OzoneContainer.java:start(186)) - Attempting to start container services.
2019-06-15 15:44:17,045 INFO  ozoneimpl.OzoneContainer (OzoneContainer.java:startContainerScrub(160)) - Background container scrubber has been disabled by hdds.containerscrub.enabled
2019-06-15 15:44:17,045 INFO  ratis.XceiverServerRatis (XceiverServerRatis.java:start(418)) - Starting XceiverServerRatis 1fffc812-1d72-4436-b1d2-7938a0bf1b78 at port 33727
2019-06-15 15:44:17,048 INFO  impl.RaftServerProxy (RaftServerProxy.java:lambda$start$3(299)) - 1fffc812-1d72-4436-b1d2-7938a0bf1b78: start RPC server
2019-06-15 15:44:17,050 INFO  server.GrpcService (GrpcService.java:startImpl(148)) - 1fffc812-1d72-4436-b1d2-7938a0bf1b78: GrpcService started, listening on 0.0.0.0/0.0.0.0:33727
2019-06-15 15:44:18,037 INFO  net.NetworkTopology (NetworkTopologyImpl.java:add(109)) - Added a new node: /default-rack/192.168.11.195
2019-06-15 15:44:18,037 INFO  node.SCMNodeManager (SCMNodeManager.java:register(269)) - Registered Data node : eb93222d-5d3c-4dfd-8236-bea46e9259fe{ip: 192.168.11.195, host: ozone-unit-076618677d3-jsk2l-1196283018, networkLocation: /default-rack, certSerialId: null}
2019-06-15 15:44:18,038 INFO  ozone.MiniOzoneClusterImpl (MiniOzoneClusterImpl.java:lambda$waitForClusterToBeReady$0(142)) - Waiting for cluster to be ready. Got 1 of 6 DN Heartbeats.
2019-06-15 15:44:18,046 INFO  safemode.SCMSafeModeManager (DataNodeSafeModeRule.java:process(71)) - SCM in safe mode. 1 DataNodes registered, 1 required.
2019-06-15 15:44:18,047 INFO  safemode.SCMSafeModeManager (SCMSafeModeManager.java:validateSafeModeExitRules(177)) - ScmSafeModeManager, all rules are successfully validated
2019-06-15 15:44:18,047 INFO  safemode.SCMSafeModeManager (SCMSafeModeManager.java:exitSafeMode(193)) - SCM exiting safe mode.
2019-06-15 15:44:18,217 INFO  node.SCMNodeManager (SCMNodeManager.java:register(269)) - Registered Data node : b24533e7-86f6-4b86-898d-7192fec445e1{ip: 192.168.11.195, host: ozone-unit-076618677d3-jsk2l-1196283018, networkLocation: /default-rack, certSerialId: null}
2019-06-15 15:44:18,385 INFO  impl.RaftServerProxy (RaftServerProxy.java:addNew(89)) - eb93222d-5d3c-4dfd-8236-bea46e9259fe: addNew group-D4D02DAB7D3C:[eb93222d-5d3c-4dfd-8236-bea46e9259fe:192.168.11.195:39609] returns group-D4D02DAB7D3C:java.util.concurrent.CompletableFuture@363c70ff[Not completed]
2019-06-15 15:44:18,390 INFO  impl.RaftServerImpl (RaftServerImpl.java:<init>(91)) - eb93222d-5d3c-4dfd-8236-bea46e9259fe: new RaftServerImpl for group-D4D02DAB7D3C:[eb93222d-5d3c-4dfd-8236-bea46e9259fe:192.168.11.195:39609] with ContainerStateMachine:uninitialized
2019-06-15 15:44:18,391 INFO  server.RaftServerConfigKeys (ConfUtils.java:logGet(43)) - raft.server.rpc.timeout.min = 1s (custom)
2019-06-15 15:44:18,391 INFO  server.RaftServerConfigKeys (ConfUtils.java:logGet(43)) - raft.server.rpc.timeout.max = 1200ms (custom)
2019-06-15 15:44:18,391 INFO  server.RaftServerConfigKeys (ConfUtils.java:logGet(43)) - raft.server.rpcslowness.timeout = 10s (custom)
2019-06-15 15:44:18,392 INFO  server.RaftServerConfigKeys (ConfUtils.java:logGet(43)) - raft.server.log.appender.install.snapshot.enabled = true (default)
2019-06-15 15:44:18,398 INFO  node.SCMNodeManager (SCMNodeManager.java:register(269)) - Registered Data node : dd29cc7b-2d60-4c7f-b04a-a9dc8aebdc23{ip: 192.168.11.195, host: ozone-unit-076618677d3-jsk2l-1196283018, networkLocation: /default-rack, certSerialId: null}
2019-06-15 15:44:18,398 INFO  impl.RaftServerImpl (ServerState.java:<init>(101)) - eb93222d-5d3c-4dfd-8236-bea46e9259fe:group-D4D02DAB7D3C ConfigurationManager, init=-1: [eb93222d-5d3c-4dfd-8236-bea46e9259fe:192.168.11.195:39609], old=null, confs=<EMPTY_MAP>
2019-06-15 15:44:18,398 INFO  server.RaftServerConfigKeys (ConfUtils.java:logGet(43)) - raft.server.storage.dir = [/opt/src/hadoop-ozone/integration-test/target/test-dir/MiniOzoneClusterImpl-c1232090-6f07-487d-b6cc-f849b5e27630/datanode-0/data/ratis] (custom)
2019-06-15 15:44:18,403 INFO  storage.RaftStorageDirectory (RaftStorageDirectory.java:analyzeStorage(246)) - The storage directory /opt/src/hadoop-ozone/integration-test/target/test-dir/MiniOzoneClusterImpl-c1232090-6f07-487d-b6cc-f849b5e27630/datanode-0/data/ratis/95737f00-f7f8-475f-9b13-d4d02dab7d3c does not exist. Creating ...
2019-06-15 15:44:18,408 INFO  storage.RaftStorageDirectory (RaftStorageDirectory.java:tryLock(328)) - Lock on /opt/src/hadoop-ozone/integration-test/target/test-dir/MiniOzoneClusterImpl-c1232090-6f07-487d-b6cc-f849b5e27630/datanode-0/data/ratis/95737f00-f7f8-475f-9b13-d4d02dab7d3c/in_use.lock acquired by nodename 10080@ozone-unit-076618677d3-jsk2l-1196283018
2019-06-15 15:44:18,411 INFO  storage.RaftStorage (RaftStorage.java:format(75)) - Storage directory /opt/src/hadoop-ozone/integration-test/target/test-dir/MiniOzoneClusterImpl-c1232090-6f07-487d-b6cc-f849b5e27630/datanode-0/data/ratis/95737f00-f7f8-475f-9b13-d4d02dab7d3c has been successfully formatted.
2019-06-15 15:44:18,601 INFO  node.SCMNodeManager (SCMNodeManager.java:register(269)) - Registered Data node : 18950eee-44d7-44d9-93cf-e381da6123b2{ip: 192.168.11.195, host: ozone-unit-076618677d3-jsk2l-1196283018, networkLocation: /default-rack, certSerialId: null}
2019-06-15 15:44:18,601 INFO  ratis.ContainerStateMachine (ContainerStateMachine.java:loadSnapshot(199)) - The snapshot info is null.Setting the last applied index to:(t:0, i:~)
2019-06-15 15:44:18,602 INFO  server.RaftServerConfigKeys (ConfUtils.java:logGet(43)) - raft.server.leader.election.timeout = 10s (custom)
2019-06-15 15:44:18,605 INFO  server.RaftServerConfigKeys (ConfUtils.java:logGet(43)) - raft.server.log.use.memory = false (default)
2019-06-15 15:44:18,607 INFO  server.RaftServerConfigKeys (ConfUtils.java:logGet(43)) - raft.server.log.appender.buffer.byte-limit = 33554432 (custom)
2019-06-15 15:44:18,621 INFO  server.RaftServerConfigKeys (ConfUtils.java:logGet(43)) - raft.server.log.segment.size.max = 16384 (custom)
2019-06-15 15:44:18,625 INFO  server.RaftServerConfigKeys (ConfUtils.java:logGet(43)) - raft.server.log.segment.cache.num.max = 2 (custom)
2019-06-15 15:44:18,628 INFO  storage.RaftLogWorker (RaftLogWorker.java:<init>(123)) - new eb93222d-5d3c-4dfd-8236-bea46e9259fe-RaftLogWorker for Storage Directory /opt/src/hadoop-ozone/integration-test/target/test-dir/MiniOzoneClusterImpl-c1232090-6f07-487d-b6cc-f849b5e27630/datanode-0/data/ratis/95737f00-f7f8-475f-9b13-d4d02dab7d3c
2019-06-15 15:44:18,629 INFO  server.RaftServerConfigKeys (ConfUtils.java:logGet(43)) - raft.server.log.queue.byte-limit = 2147483647 (custom)
2019-06-15 15:44:18,629 INFO  server.RaftServerConfigKeys (ConfUtils.java:logGet(43)) - raft.server.log.queue.element-limit = 1024 (custom)
2019-06-15 15:44:18,631 INFO  server.RaftServerConfigKeys (ConfUtils.java:logGet(43)) - raft.server.log.segment.size.max = 16384 (custom)
2019-06-15 15:44:18,631 INFO  server.RaftServerConfigKeys (ConfUtils.java:logGet(43)) - raft.server.log.preallocated.size = 16384 (custom)
2019-06-15 15:44:18,632 INFO  server.RaftServerConfigKeys (ConfUtils.java:logGet(43)) - raft.server.log.write.buffer.size = 33554432 (custom)
2019-06-15 15:44:18,632 INFO  server.RaftServerConfigKeys (ConfUtils.java:logGet(43)) - raft.server.log.force.sync.num = 128 (default)
2019-06-15 15:44:18,633 INFO  server.RaftServerConfigKeys (ConfUtils.java:logGet(43)) - raft.server.log.statemachine.data.sync = true (default)
2019-06-15 15:44:18,633 INFO  server.RaftServerConfigKeys (ConfUtils.java:logGet(43)) - raft.server.log.statemachine.data.sync.timeout = 10s (default)
2019-06-15 15:44:18,634 INFO  server.RaftServerConfigKeys (ConfUtils.java:logGet(43)) - raft.server.log.statemachine.data.sync.timeout.retry = -1 (default)
2019-06-15 15:44:18,637 INFO  server.RaftServerConfigKeys (ConfUtils.java:logGet(43)) - raft.server.log.statemachine.data.caching.enabled = true (custom)
2019-06-15 15:44:18,642 INFO  server.RaftServerConfigKeys (ConfUtils.java:logGet(43)) - raft.server.snapshot.auto.trigger.enabled = true (custom)
2019-06-15 15:44:18,643 INFO  server.RaftServerConfigKeys (ConfUtils.java:logGet(43)) - raft.server.snapshot.auto.trigger.threshold = 10000 (custom)
2019-06-15 15:44:18,644 INFO  server.RaftServerConfigKeys (ConfUtils.java:logGet(43)) - raft.server.retrycache.expirytime = 600000ms (custom)
2019-06-15 15:44:18,661 INFO  impl.RaftServerImpl (RaftServerImpl.java:start(173)) - eb93222d-5d3c-4dfd-8236-bea46e9259fe: start group-D4D02DAB7D3C
2019-06-15 15:44:18,662 INFO  impl.RaftServerImpl (RaftServerImpl.java:setRole(164)) - eb93222d-5d3c-4dfd-8236-bea46e9259fe:group-D4D02DAB7D3C changes role from null to FOLLOWER at term 0 for startAsFollower
2019-06-15 15:44:18,663 INFO  impl.RoleInfo (RoleInfo.java:updateAndGet(143)) - eb93222d-5d3c-4dfd-8236-bea46e9259fe: start FollowerState
2019-06-15 15:44:18,664 INFO  util.JmxRegister (JmxRegister.java:tryRegister(44)) - Successfully registered JMX Bean with object name Ratis:service=RaftServer,group=group-D4D02DAB7D3C,id=eb93222d-5d3c-4dfd-8236-bea46e9259fe
2019-06-15 15:44:18,703 INFO  pipeline.PipelineStateManager (PipelineStateManager.java:addPipeline(56)) - Created pipeline Pipeline[ Id: 95737f00-f7f8-475f-9b13-d4d02dab7d3c, Nodes: eb93222d-5d3c-4dfd-8236-bea46e9259fe{ip: 192.168.11.195, host: ozone-unit-076618677d3-jsk2l-1196283018, networkLocation: /default-rack, certSerialId: null}, Type:RATIS, Factor:ONE, State:OPEN]
2019-06-15 15:44:18,721 INFO  impl.RaftServerProxy (RaftServerProxy.java:addNew(89)) - dd29cc7b-2d60-4c7f-b04a-a9dc8aebdc23: addNew group-67889E787117:[dd29cc7b-2d60-4c7f-b04a-a9dc8aebdc23:192.168.11.195:37607] returns group-67889E787117:java.util.concurrent.CompletableFuture@74e3e5ad[Not completed]
2019-06-15 15:44:18,744 INFO  impl.RaftServerImpl (RaftServerImpl.java:<init>(91)) - dd29cc7b-2d60-4c7f-b04a-a9dc8aebdc23: new RaftServerImpl for group-67889E787117:[dd29cc7b-2d60-4c7f-b04a-a9dc8aebdc23:192.168.11.195:37607] with ContainerStateMachine:uninitialized
2019-06-15 15:44:18,746 INFO  server.RaftServerConfigKeys (ConfUtils.java:logGet(43)) - raft.server.rpc.timeout.min = 1s (custom)
2019-06-15 15:44:18,746 INFO  server.RaftServerConfigKeys (ConfUtils.java:logGet(43)) - raft.server.rpc.timeout.max = 1200ms (custom)
2019-06-15 15:44:18,746 INFO  server.RaftServerConfigKeys (ConfUtils.java:logGet(43)) - raft.server.rpcslowness.timeout = 10s (custom)
2019-06-15 15:44:18,746 INFO  server.RaftServerConfigKeys (ConfUtils.java:logGet(43)) - raft.server.log.appender.install.snapshot.enabled = true (default)
2019-06-15 15:44:18,746 INFO  impl.RaftServerImpl (ServerState.java:<init>(101)) - dd29cc7b-2d60-4c7f-b04a-a9dc8aebdc23:group-67889E787117 ConfigurationManager, init=-1: [dd29cc7b-2d60-4c7f-b04a-a9dc8aebdc23:192.168.11.195:37607], old=null, confs=<EMPTY_MAP>
2019-06-15 15:44:18,746 INFO  server.RaftServerConfigKeys (ConfUtils.java:logGet(43)) - raft.server.storage.dir = [/opt/src/hadoop-ozone/integration-test/target/test-dir/MiniOzoneClusterImpl-c1232090-6f07-487d-b6cc-f849b5e27630/datanode-2/data/ratis] (custom)
2019-06-15 15:44:18,747 INFO  storage.RaftStorageDirectory (RaftStorageDirectory.java:analyzeStorage(246)) - The storage directory /opt/src/hadoop-ozone/integration-test/target/test-dir/MiniOzoneClusterImpl-c1232090-6f07-487d-b6cc-f849b5e27630/datanode-2/data/ratis/7dbd10c4-5c67-4710-83bd-67889e787117 does not exist. Creating ...
2019-06-15 15:44:18,749 INFO  storage.RaftStorageDirectory (RaftStorageDirectory.java:tryLock(328)) - Lock on /opt/src/hadoop-ozone/integration-test/target/test-dir/MiniOzoneClusterImpl-c1232090-6f07-487d-b6cc-f849b5e27630/datanode-2/data/ratis/7dbd10c4-5c67-4710-83bd-67889e787117/in_use.lock acquired by nodename 10080@ozone-unit-076618677d3-jsk2l-1196283018
2019-06-15 15:44:18,752 INFO  storage.RaftStorage (RaftStorage.java:format(75)) - Storage directory /opt/src/hadoop-ozone/integration-test/target/test-dir/MiniOzoneClusterImpl-c1232090-6f07-487d-b6cc-f849b5e27630/datanode-2/data/ratis/7dbd10c4-5c67-4710-83bd-67889e787117 has been successfully formatted.
2019-06-15 15:44:18,753 INFO  ratis.ContainerStateMachine (ContainerStateMachine.java:loadSnapshot(199)) - The snapshot info is null.Setting the last applied index to:(t:0, i:~)
2019-06-15 15:44:18,754 INFO  server.RaftServerConfigKeys (ConfUtils.java:logGet(43)) - raft.server.leader.election.timeout = 10s (custom)
2019-06-15 15:44:18,754 INFO  server.RaftServerConfigKeys (ConfUtils.java:logGet(43)) - raft.server.log.use.memory = false (default)
2019-06-15 15:44:18,754 INFO  server.RaftServerConfigKeys (ConfUtils.java:logGet(43)) - raft.server.log.appender.buffer.byte-limit = 33554432 (custom)
2019-06-15 15:44:18,754 INFO  server.RaftServerConfigKeys (ConfUtils.java:logGet(43)) - raft.server.log.segment.size.max = 16384 (custom)
2019-06-15 15:44:18,754 INFO  server.RaftServerConfigKeys (ConfUtils.java:logGet(43)) - raft.server.log.segment.cache.num.max = 2 (custom)
2019-06-15 15:44:18,754 INFO  storage.RaftLogWorker (RaftLogWorker.java:<init>(123)) - new dd29cc7b-2d60-4c7f-b04a-a9dc8aebdc23-RaftLogWorker for Storage Directory /opt/src/hadoop-ozone/integration-test/target/test-dir/MiniOzoneClusterImpl-c1232090-6f07-487d-b6cc-f849b5e27630/datanode-2/data/ratis/7dbd10c4-5c67-4710-83bd-67889e787117
2019-06-15 15:44:18,755 INFO  server.RaftServerConfigKeys (ConfUtils.java:logGet(43)) - raft.server.log.queue.byte-limit = 2147483647 (custom)
2019-06-15 15:44:18,755 INFO  server.RaftServerConfigKeys (ConfUtils.java:logGet(43)) - raft.server.log.queue.element-limit = 1024 (custom)
2019-06-15 15:44:18,755 INFO  server.RaftServerConfigKeys (ConfUtils.java:logGet(43)) - raft.server.log.segment.size.max = 16384 (custom)
2019-06-15 15:44:18,755 INFO  server.RaftServerConfigKeys (ConfUtils.java:logGet(43)) - raft.server.log.preallocated.size = 16384 (custom)
2019-06-15 15:44:18,755 INFO  server.RaftServerConfigKeys (ConfUtils.java:logGet(43)) - raft.server.log.write.buffer.size = 33554432 (custom)
2019-06-15 15:44:18,755 INFO  server.RaftServerConfigKeys (ConfUtils.java:logGet(43)) - raft.server.log.force.sync.num = 128 (default)
2019-06-15 15:44:18,755 INFO  server.RaftServerConfigKeys (ConfUtils.java:logGet(43)) - raft.server.log.statemachine.data.sync = true (default)
2019-06-15 15:44:18,755 INFO  server.RaftServerConfigKeys (ConfUtils.java:logGet(43)) - raft.server.log.statemachine.data.sync.timeout = 10s (default)
2019-06-15 15:44:18,755 INFO  server.RaftServerConfigKeys (ConfUtils.java:logGet(43)) - raft.server.log.statemachine.data.sync.timeout.retry = -1 (default)
2019-06-15 15:44:18,756 INFO  server.RaftServerConfigKeys (ConfUtils.java:logGet(43)) - raft.server.log.statemachine.data.caching.enabled = true (custom)
2019-06-15 15:44:18,756 INFO  server.RaftServerConfigKeys (ConfUtils.java:logGet(43)) - raft.server.snapshot.auto.trigger.enabled = true (custom)
2019-06-15 15:44:18,756 INFO  server.RaftServerConfigKeys (ConfUtils.java:logGet(43)) - raft.server.snapshot.auto.trigger.threshold = 10000 (custom)
2019-06-15 15:44:18,756 INFO  server.RaftServerConfigKeys (ConfUtils.java:logGet(43)) - raft.server.retrycache.expirytime = 600000ms (custom)
2019-06-15 15:44:18,756 INFO  impl.RaftServerImpl (RaftServerImpl.java:start(173)) - dd29cc7b-2d60-4c7f-b04a-a9dc8aebdc23: start group-67889E787117
2019-06-15 15:44:18,756 INFO  impl.RaftServerImpl (RaftServerImpl.java:setRole(164)) - dd29cc7b-2d60-4c7f-b04a-a9dc8aebdc23:group-67889E787117 changes role from null to FOLLOWER at term 0 for startAsFollower
2019-06-15 15:44:18,757 INFO  impl.RoleInfo (RoleInfo.java:updateAndGet(143)) - dd29cc7b-2d60-4c7f-b04a-a9dc8aebdc23: start FollowerState
2019-06-15 15:44:18,757 INFO  util.JmxRegister (JmxRegister.java:tryRegister(44)) - Successfully registered JMX Bean with object name Ratis:service=RaftServer,group=group-67889E787117,id=dd29cc7b-2d60-4c7f-b04a-a9dc8aebdc23
2019-06-15 15:44:18,766 INFO  pipeline.PipelineStateManager (PipelineStateManager.java:addPipeline(56)) - Created pipeline Pipeline[ Id: 7dbd10c4-5c67-4710-83bd-67889e787117, Nodes: dd29cc7b-2d60-4c7f-b04a-a9dc8aebdc23{ip: 192.168.11.195, host: ozone-unit-076618677d3-jsk2l-1196283018, networkLocation: /default-rack, certSerialId: null}, Type:RATIS, Factor:ONE, State:OPEN]
2019-06-15 15:44:18,781 INFO  impl.RaftServerProxy (RaftServerProxy.java:addNew(89)) - b24533e7-86f6-4b86-898d-7192fec445e1: addNew group-7292233933C7:[b24533e7-86f6-4b86-898d-7192fec445e1:192.168.11.195:35183] returns group-7292233933C7:java.util.concurrent.CompletableFuture@42cc8b49[Not completed]
2019-06-15 15:44:18,784 INFO  impl.RaftServerImpl (RaftServerImpl.java:<init>(91)) - b24533e7-86f6-4b86-898d-7192fec445e1: new RaftServerImpl for group-7292233933C7:[b24533e7-86f6-4b86-898d-7192fec445e1:192.168.11.195:35183] with ContainerStateMachine:uninitialized
2019-06-15 15:44:18,785 INFO  server.RaftServerConfigKeys (ConfUtils.java:logGet(43)) - raft.server.rpc.timeout.min = 1s (custom)
2019-06-15 15:44:18,785 INFO  server.RaftServerConfigKeys (ConfUtils.java:logGet(43)) - raft.server.rpc.timeout.max = 1200ms (custom)
2019-06-15 15:44:18,785 INFO  server.RaftServerConfigKeys (ConfUtils.java:logGet(43)) - raft.server.rpcslowness.timeout = 10s (custom)
2019-06-15 15:44:18,785 INFO  server.RaftServerConfigKeys (ConfUtils.java:logGet(43)) - raft.server.log.appender.install.snapshot.enabled = true (default)
2019-06-15 15:44:18,785 INFO  impl.RaftServerImpl (ServerState.java:<init>(101)) - b24533e7-86f6-4b86-898d-7192fec445e1:group-7292233933C7 ConfigurationManager, init=-1: [b24533e7-86f6-4b86-898d-7192fec445e1:192.168.11.195:35183], old=null, confs=<EMPTY_MAP>
2019-06-15 15:44:18,786 INFO  server.RaftServerConfigKeys (ConfUtils.java:logGet(43)) - raft.server.storage.dir = [/opt/src/hadoop-ozone/integration-test/target/test-dir/MiniOzoneClusterImpl-c1232090-6f07-487d-b6cc-f849b5e27630/datanode-1/data/ratis] (custom)
2019-06-15 15:44:18,786 INFO  storage.RaftStorageDirectory (RaftStorageDirectory.java:analyzeStorage(246)) - The storage directory /opt/src/hadoop-ozone/integration-test/target/test-dir/MiniOzoneClusterImpl-c1232090-6f07-487d-b6cc-f849b5e27630/datanode-1/data/ratis/e3fc1705-0397-4950-b4d7-7292233933c7 does not exist. Creating ...
2019-06-15 15:44:18,788 INFO  storage.RaftStorageDirectory (RaftStorageDirectory.java:tryLock(328)) - Lock on /opt/src/hadoop-ozone/integration-test/target/test-dir/MiniOzoneClusterImpl-c1232090-6f07-487d-b6cc-f849b5e27630/datanode-1/data/ratis/e3fc1705-0397-4950-b4d7-7292233933c7/in_use.lock acquired by nodename 10080@ozone-unit-076618677d3-jsk2l-1196283018
2019-06-15 15:44:18,790 INFO  storage.RaftStorage (RaftStorage.java:format(75)) - Storage directory /opt/src/hadoop-ozone/integration-test/target/test-dir/MiniOzoneClusterImpl-c1232090-6f07-487d-b6cc-f849b5e27630/datanode-1/data/ratis/e3fc1705-0397-4950-b4d7-7292233933c7 has been successfully formatted.
2019-06-15 15:44:18,790 INFO  ratis.ContainerStateMachine (ContainerStateMachine.java:loadSnapshot(199)) - The snapshot info is null.Setting the last applied index to:(t:0, i:~)
2019-06-15 15:44:18,790 INFO  server.RaftServerConfigKeys (ConfUtils.java:logGet(43)) - raft.server.leader.election.timeout = 10s (custom)
2019-06-15 15:44:18,790 INFO  server.RaftServerConfigKeys (ConfUtils.java:logGet(43)) - raft.server.log.use.memory = false (default)
2019-06-15 15:44:18,790 INFO  server.RaftServerConfigKeys (ConfUtils.java:logGet(43)) - raft.server.log.appender.buffer.byte-limit = 33554432 (custom)
2019-06-15 15:44:18,790 INFO  server.RaftServerConfigKeys (ConfUtils.java:logGet(43)) - raft.server.log.segment.size.max = 16384 (custom)
2019-06-15 15:44:18,790 INFO  server.RaftServerConfigKeys (ConfUtils.java:logGet(43)) - raft.server.log.segment.cache.num.max = 2 (custom)
2019-06-15 15:44:18,790 INFO  storage.RaftLogWorker (RaftLogWorker.java:<init>(123)) - new b24533e7-86f6-4b86-898d-7192fec445e1-RaftLogWorker for Storage Directory /opt/src/hadoop-ozone/integration-test/target/test-dir/MiniOzoneClusterImpl-c1232090-6f07-487d-b6cc-f849b5e27630/datanode-1/data/ratis/e3fc1705-0397-4950-b4d7-7292233933c7
2019-06-15 15:44:18,790 INFO  server.RaftServerConfigKeys (ConfUtils.java:logGet(43)) - raft.server.log.queue.byte-limit = 2147483647 (custom)
2019-06-15 15:44:18,791 INFO  server.RaftServerConfigKeys (ConfUtils.java:logGet(43)) - raft.server.log.queue.element-limit = 1024 (custom)
2019-06-15 15:44:18,791 INFO  server.RaftServerConfigKeys (ConfUtils.java:logGet(43)) - raft.server.log.segment.size.max = 16384 (custom)
2019-06-15 15:44:18,791 INFO  server.RaftServerConfigKeys (ConfUtils.java:logGet(43)) - raft.server.log.preallocated.size = 16384 (custom)
2019-06-15 15:44:18,791 INFO  server.RaftServerConfigKeys (ConfUtils.java:logGet(43)) - raft.server.log.write.buffer.size = 33554432 (custom)
2019-06-15 15:44:18,791 INFO  server.RaftServerConfigKeys (ConfUtils.java:logGet(43)) - raft.server.log.force.sync.num = 128 (default)
2019-06-15 15:44:18,791 INFO  server.RaftServerConfigKeys (ConfUtils.java:logGet(43)) - raft.server.log.statemachine.data.sync = true (default)
2019-06-15 15:44:18,791 INFO  server.RaftServerConfigKeys (ConfUtils.java:logGet(43)) - raft.server.log.statemachine.data.sync.timeout = 10s (default)
2019-06-15 15:44:18,791 INFO  server.RaftServerConfigKeys (ConfUtils.java:logGet(43)) - raft.server.log.statemachine.data.sync.timeout.retry = -1 (default)
2019-06-15 15:44:18,791 INFO  server.RaftServerConfigKeys (ConfUtils.java:logGet(43)) - raft.server.log.statemachine.data.caching.enabled = true (custom)
2019-06-15 15:44:18,792 INFO  server.RaftServerConfigKeys (ConfUtils.java:logGet(43)) - raft.server.snapshot.auto.trigger.enabled = true (custom)
2019-06-15 15:44:18,792 INFO  server.RaftServerConfigKeys (ConfUtils.java:logGet(43)) - raft.server.snapshot.auto.trigger.threshold = 10000 (custom)
2019-06-15 15:44:18,792 INFO  server.RaftServerConfigKeys (ConfUtils.java:logGet(43)) - raft.server.retrycache.expirytime = 600000ms (custom)
2019-06-15 15:44:18,792 INFO  impl.RaftServerImpl (RaftServerImpl.java:start(173)) - b24533e7-86f6-4b86-898d-7192fec445e1: start group-7292233933C7
2019-06-15 15:44:18,792 INFO  impl.RaftServerImpl (RaftServerImpl.java:setRole(164)) - b24533e7-86f6-4b86-898d-7192fec445e1:group-7292233933C7 changes role from null to FOLLOWER at term 0 for startAsFollower
2019-06-15 15:44:18,792 INFO  impl.RoleInfo (RoleInfo.java:updateAndGet(143)) - b24533e7-86f6-4b86-898d-7192fec445e1: start FollowerState
2019-06-15 15:44:18,792 INFO  util.JmxRegister (JmxRegister.java:tryRegister(44)) - Successfully registered JMX Bean with object name Ratis:service=RaftServer,group=group-7292233933C7,id=b24533e7-86f6-4b86-898d-7192fec445e1
2019-06-15 15:44:18,800 INFO  pipeline.PipelineStateManager (PipelineStateManager.java:addPipeline(56)) - Created pipeline Pipeline[ Id: e3fc1705-0397-4950-b4d7-7292233933c7, Nodes: b24533e7-86f6-4b86-898d-7192fec445e1{ip: 192.168.11.195, host: ozone-unit-076618677d3-jsk2l-1196283018, networkLocation: /default-rack, certSerialId: null}, Type:RATIS, Factor:ONE, State:OPEN]
2019-06-15 15:44:18,815 INFO  impl.RaftServerProxy (RaftServerProxy.java:addNew(89)) - 18950eee-44d7-44d9-93cf-e381da6123b2: addNew group-D315B41A50F0:[18950eee-44d7-44d9-93cf-e381da6123b2:192.168.11.195:35131] returns group-D315B41A50F0:java.util.concurrent.CompletableFuture@56601d5c[Not completed]
2019-06-15 15:44:18,815 INFO  impl.RaftServerImpl (RaftServerImpl.java:<init>(91)) - 18950eee-44d7-44d9-93cf-e381da6123b2: new RaftServerImpl for group-D315B41A50F0:[18950eee-44d7-44d9-93cf-e381da6123b2:192.168.11.195:35131] with ContainerStateMachine:uninitialized
2019-06-15 15:44:18,816 INFO  server.RaftServerConfigKeys (ConfUtils.java:logGet(43)) - raft.server.rpc.timeout.min = 1s (custom)
2019-06-15 15:44:18,817 INFO  server.RaftServerConfigKeys (ConfUtils.java:logGet(43)) - raft.server.rpc.timeout.max = 1200ms (custom)
2019-06-15 15:44:18,817 INFO  server.RaftServerConfigKeys (ConfUtils.java:logGet(43)) - raft.server.rpcslowness.timeout = 10s (custom)
2019-06-15 15:44:18,817 INFO  server.RaftServerConfigKeys (ConfUtils.java:logGet(43)) - raft.server.log.appender.install.snapshot.enabled = true (default)
2019-06-15 15:44:18,817 INFO  impl.RaftServerImpl (ServerState.java:<init>(101)) - 18950eee-44d7-44d9-93cf-e381da6123b2:group-D315B41A50F0 ConfigurationManager, init=-1: [18950eee-44d7-44d9-93cf-e381da6123b2:192.168.11.195:35131], old=null, confs=<EMPTY_MAP>
2019-06-15 15:44:18,817 INFO  server.RaftServerConfigKeys (ConfUtils.java:logGet(43)) - raft.server.storage.dir = [/opt/src/hadoop-ozone/integration-test/target/test-dir/MiniOzoneClusterImpl-c1232090-6f07-487d-b6cc-f849b5e27630/datanode-3/data/ratis] (custom)
2019-06-15 15:44:18,817 INFO  storage.RaftStorageDirectory (RaftStorageDirectory.java:analyzeStorage(246)) - The storage directory /opt/src/hadoop-ozone/integration-test/target/test-dir/MiniOzoneClusterImpl-c1232090-6f07-487d-b6cc-f849b5e27630/datanode-3/data/ratis/2a7c5196-fe34-446d-8968-d315b41a50f0 does not exist. Creating ...
2019-06-15 15:44:18,819 INFO  storage.RaftStorageDirectory (RaftStorageDirectory.java:tryLock(328)) - Lock on /opt/src/hadoop-ozone/integration-test/target/test-dir/MiniOzoneClusterImpl-c1232090-6f07-487d-b6cc-f849b5e27630/datanode-3/data/ratis/2a7c5196-fe34-446d-8968-d315b41a50f0/in_use.lock acquired by nodename 10080@ozone-unit-076618677d3-jsk2l-1196283018
2019-06-15 15:44:18,822 INFO  storage.RaftStorage (RaftStorage.java:format(75)) - Storage directory /opt/src/hadoop-ozone/integration-test/target/test-dir/MiniOzoneClusterImpl-c1232090-6f07-487d-b6cc-f849b5e27630/datanode-3/data/ratis/2a7c5196-fe34-446d-8968-d315b41a50f0 has been successfully formatted.
2019-06-15 15:44:18,822 INFO  ratis.ContainerStateMachine (ContainerStateMachine.java:loadSnapshot(199)) - The snapshot info is null.Setting the last applied index to:(t:0, i:~)
2019-06-15 15:44:18,822 INFO  server.RaftServerConfigKeys (ConfUtils.java:logGet(43)) - raft.server.leader.election.timeout = 10s (custom)
2019-06-15 15:44:18,822 INFO  server.RaftServerConfigKeys (ConfUtils.java:logGet(43)) - raft.server.log.use.memory = false (default)
2019-06-15 15:44:18,822 INFO  server.RaftServerConfigKeys (ConfUtils.java:logGet(43)) - raft.server.log.appender.buffer.byte-limit = 33554432 (custom)
2019-06-15 15:44:18,822 INFO  server.RaftServerConfigKeys (ConfUtils.java:logGet(43)) - raft.server.log.segment.size.max = 16384 (custom)
2019-06-15 15:44:18,822 INFO  server.RaftServerConfigKeys (ConfUtils.java:logGet(43)) - raft.server.log.segment.cache.num.max = 2 (custom)
2019-06-15 15:44:18,822 INFO  storage.RaftLogWorker (RaftLogWorker.java:<init>(123)) - new 18950eee-44d7-44d9-93cf-e381da6123b2-RaftLogWorker for Storage Directory /opt/src/hadoop-ozone/integration-test/target/test-dir/MiniOzoneClusterImpl-c1232090-6f07-487d-b6cc-f849b5e27630/datanode-3/data/ratis/2a7c5196-fe34-446d-8968-d315b41a50f0
2019-06-15 15:44:18,823 INFO  server.RaftServerConfigKeys (ConfUtils.java:logGet(43)) - raft.server.log.queue.byte-limit = 2147483647 (custom)
2019-06-15 15:44:18,823 INFO  server.RaftServerConfigKeys (ConfUtils.java:logGet(43)) - raft.server.log.queue.element-limit = 1024 (custom)
2019-06-15 15:44:18,823 INFO  server.RaftServerConfigKeys (ConfUtils.java:logGet(43)) - raft.server.log.segment.size.max = 16384 (custom)
2019-06-15 15:44:18,823 INFO  server.RaftServerConfigKeys (ConfUtils.java:logGet(43)) - raft.server.log.preallocated.size = 16384 (custom)
2019-06-15 15:44:18,823 INFO  server.RaftServerConfigKeys (ConfUtils.java:logGet(43)) - raft.server.log.write.buffer.size = 33554432 (custom)
2019-06-15 15:44:18,823 INFO  server.RaftServerConfigKeys (ConfUtils.java:logGet(43)) - raft.server.log.force.sync.num = 128 (default)
2019-06-15 15:44:18,823 INFO  server.RaftServerConfigKeys (ConfUtils.java:logGet(43)) - raft.server.log.statemachine.data.sync = true (default)
2019-06-15 15:44:18,823 INFO  server.RaftServerConfigKeys (ConfUtils.java:logGet(43)) - raft.server.log.statemachine.data.sync.timeout = 10s (default)
2019-06-15 15:44:18,823 INFO  server.RaftServerConfigKeys (ConfUtils.java:logGet(43)) - raft.server.log.statemachine.data.sync.timeout.retry = -1 (default)
2019-06-15 15:44:18,823 INFO  server.RaftServerConfigKeys (ConfUtils.java:logGet(43)) - raft.server.log.statemachine.data.caching.enabled = true (custom)
2019-06-15 15:44:18,824 INFO  server.RaftServerConfigKeys (ConfUtils.java:logGet(43)) - raft.server.snapshot.auto.trigger.enabled = true (custom)
2019-06-15 15:44:18,824 INFO  server.RaftServerConfigKeys (ConfUtils.java:logGet(43)) - raft.server.snapshot.auto.trigger.threshold = 10000 (custom)
2019-06-15 15:44:18,824 INFO  server.RaftServerConfigKeys (ConfUtils.java:logGet(43)) - raft.server.retrycache.expirytime = 600000ms (custom)
2019-06-15 15:44:18,824 INFO  impl.RaftServerImpl (RaftServerImpl.java:start(173)) - 18950eee-44d7-44d9-93cf-e381da6123b2: start group-D315B41A50F0
2019-06-15 15:44:18,824 INFO  impl.RaftServerImpl (RaftServerImpl.java:setRole(164)) - 18950eee-44d7-44d9-93cf-e381da6123b2:group-D315B41A50F0 changes role from null to FOLLOWER at term 0 for startAsFollower
2019-06-15 15:44:18,824 INFO  impl.RoleInfo (RoleInfo.java:updateAndGet(143)) - 18950eee-44d7-44d9-93cf-e381da6123b2: start FollowerState
2019-06-15 15:44:18,824 INFO  util.JmxRegister (JmxRegister.java:tryRegister(44)) - Successfully registered JMX Bean with object name Ratis:service=RaftServer,group=group-D315B41A50F0,id=18950eee-44d7-44d9-93cf-e381da6123b2
2019-06-15 15:44:18,835 INFO  pipeline.PipelineStateManager (PipelineStateManager.java:addPipeline(56)) - Created pipeline Pipeline[ Id: 2a7c5196-fe34-446d-8968-d315b41a50f0, Nodes: 18950eee-44d7-44d9-93cf-e381da6123b2{ip: 192.168.11.195, host: ozone-unit-076618677d3-jsk2l-1196283018, networkLocation: /default-rack, certSerialId: null}, Type:RATIS, Factor:ONE, State:OPEN]
2019-06-15 15:44:18,854 INFO  node.SCMNodeManager (SCMNodeManager.java:register(269)) - Registered Data node : 53b4337f-ee38-4cb8-b4ea-1ff3b79944bc{ip: 192.168.11.195, host: ozone-unit-076618677d3-jsk2l-1196283018, networkLocation: /default-rack, certSerialId: null}
2019-06-15 15:44:18,862 INFO  impl.RaftServerImpl (RaftServerImpl.java:<init>(91)) - eb93222d-5d3c-4dfd-8236-bea46e9259fe: new RaftServerImpl for group-B27D8D7CDA6A:[b24533e7-86f6-4b86-898d-7192fec445e1:192.168.11.195:35183, dd29cc7b-2d60-4c7f-b04a-a9dc8aebdc23:192.168.11.195:37607, eb93222d-5d3c-4dfd-8236-bea46e9259fe:192.168.11.195:39609] with ContainerStateMachine:uninitialized
2019-06-15 15:44:18,862 INFO  server.RaftServerConfigKeys (ConfUtils.java:logGet(43)) - raft.server.rpc.timeout.min = 1s (custom)
2019-06-15 15:44:18,862 INFO  server.RaftServerConfigKeys (ConfUtils.java:logGet(43)) - raft.server.rpc.timeout.max = 1200ms (custom)
2019-06-15 15:44:18,862 INFO  server.RaftServerConfigKeys (ConfUtils.java:logGet(43)) - raft.server.rpcslowness.timeout = 10s (custom)
2019-06-15 15:44:18,862 INFO  server.RaftServerConfigKeys (ConfUtils.java:logGet(43)) - raft.server.log.appender.install.snapshot.enabled = true (default)
2019-06-15 15:44:18,862 INFO  impl.RaftServerImpl (ServerState.java:<init>(101)) - eb93222d-5d3c-4dfd-8236-bea46e9259fe:group-B27D8D7CDA6A ConfigurationManager, init=-1: [b24533e7-86f6-4b86-898d-7192fec445e1:192.168.11.195:35183, dd29cc7b-2d60-4c7f-b04a-a9dc8aebdc23:192.168.11.195:37607, eb93222d-5d3c-4dfd-8236-bea46e9259fe:192.168.11.195:39609], old=null, confs=<EMPTY_MAP>
2019-06-15 15:44:18,862 INFO  server.RaftServerConfigKeys (ConfUtils.java:logGet(43)) - raft.server.storage.dir = [/opt/src/hadoop-ozone/integration-test/target/test-dir/MiniOzoneClusterImpl-c1232090-6f07-487d-b6cc-f849b5e27630/datanode-0/data/ratis] (custom)
2019-06-15 15:44:18,862 INFO  storage.RaftStorageDirectory (RaftStorageDirectory.java:analyzeStorage(246)) - The storage directory /opt/src/hadoop-ozone/integration-test/target/test-dir/MiniOzoneClusterImpl-c1232090-6f07-487d-b6cc-f849b5e27630/datanode-0/data/ratis/047d6aed-6878-4641-a41d-b27d8d7cda6a does not exist. Creating ...
2019-06-15 15:44:18,863 INFO  impl.RaftServerProxy (RaftServerProxy.java:addNew(89)) - eb93222d-5d3c-4dfd-8236-bea46e9259fe: addNew group-B27D8D7CDA6A:[b24533e7-86f6-4b86-898d-7192fec445e1:192.168.11.195:35183, dd29cc7b-2d60-4c7f-b04a-a9dc8aebdc23:192.168.11.195:37607, eb93222d-5d3c-4dfd-8236-bea46e9259fe:192.168.11.195:39609] returns group-B27D8D7CDA6A:java.util.concurrent.CompletableFuture@2d0321c4[Not completed]
2019-06-15 15:44:18,866 INFO  storage.RaftStorageDirectory (RaftStorageDirectory.java:tryLock(328)) - Lock on /opt/src/hadoop-ozone/integration-test/target/test-dir/MiniOzoneClusterImpl-c1232090-6f07-487d-b6cc-f849b5e27630/datanode-0/data/ratis/047d6aed-6878-4641-a41d-b27d8d7cda6a/in_use.lock acquired by nodename 10080@ozone-unit-076618677d3-jsk2l-1196283018
2019-06-15 15:44:18,866 INFO  impl.RaftServerProxy (RaftServerProxy.java:addNew(89)) - b24533e7-86f6-4b86-898d-7192fec445e1: addNew group-B27D8D7CDA6A:[b24533e7-86f6-4b86-898d-7192fec445e1:192.168.11.195:35183, dd29cc7b-2d60-4c7f-b04a-a9dc8aebdc23:192.168.11.195:37607, eb93222d-5d3c-4dfd-8236-bea46e9259fe:192.168.11.195:39609] returns group-B27D8D7CDA6A:java.util.concurrent.CompletableFuture@4e5ed9a2[Not completed]
2019-06-15 15:44:18,868 INFO  impl.RaftServerImpl (RaftServerImpl.java:<init>(91)) - b24533e7-86f6-4b86-898d-7192fec445e1: new RaftServerImpl for group-B27D8D7CDA6A:[b24533e7-86f6-4b86-898d-7192fec445e1:192.168.11.195:35183, dd29cc7b-2d60-4c7f-b04a-a9dc8aebdc23:192.168.11.195:37607, eb93222d-5d3c-4dfd-8236-bea46e9259fe:192.168.11.195:39609] with ContainerStateMachine:uninitialized
2019-06-15 15:44:18,868 INFO  impl.RaftServerProxy (RaftServerProxy.java:addNew(89)) - dd29cc7b-2d60-4c7f-b04a-a9dc8aebdc23: addNew group-B27D8D7CDA6A:[b24533e7-86f6-4b86-898d-7192fec445e1:192.168.11.195:35183, dd29cc7b-2d60-4c7f-b04a-a9dc8aebdc23:192.168.11.195:37607, eb93222d-5d3c-4dfd-8236-bea46e9259fe:192.168.11.195:39609] returns group-B27D8D7CDA6A:java.util.concurrent.CompletableFuture@1802b7c8[Not completed]
2019-06-15 15:44:18,868 INFO  server.RaftServerConfigKeys (ConfUtils.java:logGet(43)) - raft.server.rpc.timeout.min = 1s (custom)
2019-06-15 15:44:18,868 INFO  server.RaftServerConfigKeys (ConfUtils.java:logGet(43)) - raft.server.rpc.timeout.max = 1200ms (custom)
2019-06-15 15:44:18,868 INFO  server.RaftServerConfigKeys (ConfUtils.java:logGet(43)) - raft.server.rpcslowness.timeout = 10s (custom)
2019-06-15 15:44:18,868 INFO  server.RaftServerConfigKeys (ConfUtils.java:logGet(43)) - raft.server.log.appender.install.snapshot.enabled = true (default)
2019-06-15 15:44:18,868 INFO  impl.RaftServerImpl (RaftServerImpl.java:<init>(91)) - dd29cc7b-2d60-4c7f-b04a-a9dc8aebdc23: new RaftServerImpl for group-B27D8D7CDA6A:[b24533e7-86f6-4b86-898d-7192fec445e1:192.168.11.195:35183, dd29cc7b-2d60-4c7f-b04a-a9dc8aebdc23:192.168.11.195:37607, eb93222d-5d3c-4dfd-8236-bea46e9259fe:192.168.11.195:39609] with ContainerStateMachine:uninitialized
2019-06-15 15:44:18,868 INFO  impl.RaftServerImpl (ServerState.java:<init>(101)) - b24533e7-86f6-4b86-898d-7192fec445e1:group-B27D8D7CDA6A ConfigurationManager, init=-1: [b24533e7-86f6-4b86-898d-7192fec445e1:192.168.11.195:35183, dd29cc7b-2d60-4c7f-b04a-a9dc8aebdc23:192.168.11.195:37607, eb93222d-5d3c-4dfd-8236-bea46e9259fe:192.168.11.195:39609], old=null, confs=<EMPTY_MAP>
2019-06-15 15:44:18,868 INFO  storage.RaftStorage (RaftStorage.java:format(75)) - Storage directory /opt/src/hadoop-ozone/integration-test/target/test-dir/MiniOzoneClusterImpl-c1232090-6f07-487d-b6cc-f849b5e27630/datanode-0/data/ratis/047d6aed-6878-4641-a41d-b27d8d7cda6a has been successfully formatted.
2019-06-15 15:44:18,868 INFO  server.RaftServerConfigKeys (ConfUtils.java:logGet(43)) - raft.server.storage.dir = [/opt/src/hadoop-ozone/integration-test/target/test-dir/MiniOzoneClusterImpl-c1232090-6f07-487d-b6cc-f849b5e27630/datanode-1/data/ratis] (custom)
2019-06-15 15:44:18,869 INFO  ratis.ContainerStateMachine (ContainerStateMachine.java:loadSnapshot(199)) - The snapshot info is null.Setting the last applied index to:(t:0, i:~)
2019-06-15 15:44:18,869 INFO  server.RaftServerConfigKeys (ConfUtils.java:logGet(43)) - raft.server.leader.election.timeout = 10s (custom)
2019-06-15 15:44:18,869 INFO  server.RaftServerConfigKeys (ConfUtils.java:logGet(43)) - raft.server.log.use.memory = false (default)
2019-06-15 15:44:18,869 INFO  server.RaftServerConfigKeys (ConfUtils.java:logGet(43)) - raft.server.log.appender.buffer.byte-limit = 33554432 (custom)
2019-06-15 15:44:18,869 INFO  server.RaftServerConfigKeys (ConfUtils.java:logGet(43)) - raft.server.log.segment.size.max = 16384 (custom)
2019-06-15 15:44:18,869 INFO  server.RaftServerConfigKeys (ConfUtils.java:logGet(43)) - raft.server.log.segment.cache.num.max = 2 (custom)
2019-06-15 15:44:18,869 INFO  storage.RaftLogWorker (RaftLogWorker.java:<init>(123)) - new eb93222d-5d3c-4dfd-8236-bea46e9259fe-RaftLogWorker for Storage Directory /opt/src/hadoop-ozone/integration-test/target/test-dir/MiniOzoneClusterImpl-c1232090-6f07-487d-b6cc-f849b5e27630/datanode-0/data/ratis/047d6aed-6878-4641-a41d-b27d8d7cda6a
2019-06-15 15:44:18,869 INFO  server.RaftServerConfigKeys (ConfUtils.java:logGet(43)) - raft.server.log.queue.byte-limit = 2147483647 (custom)
2019-06-15 15:44:18,869 INFO  server.RaftServerConfigKeys (ConfUtils.java:logGet(43)) - raft.server.log.queue.element-limit = 1024 (custom)
2019-06-15 15:44:18,869 INFO  server.RaftServerConfigKeys (ConfUtils.java:logGet(43)) - raft.server.log.segment.size.max = 16384 (custom)
2019-06-15 15:44:18,869 INFO  server.RaftServerConfigKeys (ConfUtils.java:logGet(43)) - raft.server.log.preallocated.size = 16384 (custom)
2019-06-15 15:44:18,870 INFO  server.RaftServerConfigKeys (ConfUtils.java:logGet(43)) - raft.server.log.write.buffer.size = 33554432 (custom)
2019-06-15 15:44:18,870 INFO  server.RaftServerConfigKeys (ConfUtils.java:logGet(43)) - raft.server.log.force.sync.num = 128 (default)
2019-06-15 15:44:18,870 INFO  server.RaftServerConfigKeys (ConfUtils.java:logGet(43)) - raft.server.log.statemachine.data.sync = true (default)
2019-06-15 15:44:18,870 INFO  server.RaftServerConfigKeys (ConfUtils.java:logGet(43)) - raft.server.log.statemachine.data.sync.timeout = 10s (default)
2019-06-15 15:44:18,870 INFO  server.RaftServerConfigKeys (ConfUtils.java:logGet(43)) - raft.server.log.statemachine.data.sync.timeout.retry = -1 (default)
2019-06-15 15:44:18,870 INFO  server.RaftServerConfigKeys (ConfUtils.java:logGet(43)) - raft.server.log.statemachine.data.caching.enabled = true (custom)
2019-06-15 15:44:18,868 INFO  server.RaftServerConfigKeys (ConfUtils.java:logGet(43)) - raft.server.rpc.timeout.min = 1s (custom)
2019-06-15 15:44:18,871 INFO  server.RaftServerConfigKeys (ConfUtils.java:logGet(43)) - raft.server.snapshot.auto.trigger.enabled = true (custom)
2019-06-15 15:44:18,869 INFO  storage.RaftStorageDirectory (RaftStorageDirectory.java:analyzeStorage(246)) - The storage directory /opt/src/hadoop-ozone/integration-test/target/test-dir/MiniOzoneClusterImpl-c1232090-6f07-487d-b6cc-f849b5e27630/datanode-1/data/ratis/047d6aed-6878-4641-a41d-b27d8d7cda6a does not exist. Creating ...
2019-06-15 15:44:18,871 INFO  server.RaftServerConfigKeys (ConfUtils.java:logGet(43)) - raft.server.rpc.timeout.max = 1200ms (custom)
2019-06-15 15:44:18,871 INFO  server.RaftServerConfigKeys (ConfUtils.java:logGet(43)) - raft.server.rpcslowness.timeout = 10s (custom)
2019-06-15 15:44:18,871 INFO  server.RaftServerConfigKeys (ConfUtils.java:logGet(43)) - raft.server.log.appender.install.snapshot.enabled = true (default)
2019-06-15 15:44:18,871 INFO  server.RaftServerConfigKeys (ConfUtils.java:logGet(43)) - raft.server.snapshot.auto.trigger.threshold = 10000 (custom)
2019-06-15 15:44:18,871 INFO  impl.RaftServerImpl (ServerState.java:<init>(101)) - dd29cc7b-2d60-4c7f-b04a-a9dc8aebdc23:group-B27D8D7CDA6A ConfigurationManager, init=-1: [b24533e7-86f6-4b86-898d-7192fec445e1:192.168.11.195:35183, dd29cc7b-2d60-4c7f-b04a-a9dc8aebdc23:192.168.11.195:37607, eb93222d-5d3c-4dfd-8236-bea46e9259fe:192.168.11.195:39609], old=null, confs=<EMPTY_MAP>
2019-06-15 15:44:18,871 INFO  server.RaftServerConfigKeys (ConfUtils.java:logGet(43)) - raft.server.retrycache.expirytime = 600000ms (custom)
2019-06-15 15:44:18,871 INFO  server.RaftServerConfigKeys (ConfUtils.java:logGet(43)) - raft.server.storage.dir = [/opt/src/hadoop-ozone/integration-test/target/test-dir/MiniOzoneClusterImpl-c1232090-6f07-487d-b6cc-f849b5e27630/datanode-2/data/ratis] (custom)
2019-06-15 15:44:18,872 INFO  impl.RaftServerImpl (RaftServerImpl.java:start(173)) - eb93222d-5d3c-4dfd-8236-bea46e9259fe: start group-B27D8D7CDA6A
2019-06-15 15:44:18,872 INFO  impl.RaftServerImpl (RaftServerImpl.java:setRole(164)) - eb93222d-5d3c-4dfd-8236-bea46e9259fe:group-B27D8D7CDA6A changes role from null to FOLLOWER at term 0 for startAsFollower
2019-06-15 15:44:18,872 INFO  impl.RoleInfo (RoleInfo.java:updateAndGet(143)) - eb93222d-5d3c-4dfd-8236-bea46e9259fe: start FollowerState
2019-06-15 15:44:18,872 INFO  util.JmxRegister (JmxRegister.java:tryRegister(44)) - Successfully registered JMX Bean with object name Ratis:service=RaftServer,group=group-B27D8D7CDA6A,id=eb93222d-5d3c-4dfd-8236-bea46e9259fe
2019-06-15 15:44:18,872 INFO  storage.RaftStorageDirectory (RaftStorageDirectory.java:analyzeStorage(246)) - The storage directory /opt/src/hadoop-ozone/integration-test/target/test-dir/MiniOzoneClusterImpl-c1232090-6f07-487d-b6cc-f849b5e27630/datanode-2/data/ratis/047d6aed-6878-4641-a41d-b27d8d7cda6a does not exist. Creating ...
2019-06-15 15:44:18,873 INFO  storage.RaftStorageDirectory (RaftStorageDirectory.java:tryLock(328)) - Lock on /opt/src/hadoop-ozone/integration-test/target/test-dir/MiniOzoneClusterImpl-c1232090-6f07-487d-b6cc-f849b5e27630/datanode-1/data/ratis/047d6aed-6878-4641-a41d-b27d8d7cda6a/in_use.lock acquired by nodename 10080@ozone-unit-076618677d3-jsk2l-1196283018
2019-06-15 15:44:18,875 INFO  storage.RaftStorageDirectory (RaftStorageDirectory.java:tryLock(328)) - Lock on /opt/src/hadoop-ozone/integration-test/target/test-dir/MiniOzoneClusterImpl-c1232090-6f07-487d-b6cc-f849b5e27630/datanode-2/data/ratis/047d6aed-6878-4641-a41d-b27d8d7cda6a/in_use.lock acquired by nodename 10080@ozone-unit-076618677d3-jsk2l-1196283018
2019-06-15 15:44:18,877 INFO  storage.RaftStorage (RaftStorage.java:format(75)) - Storage directory /opt/src/hadoop-ozone/integration-test/target/test-dir/MiniOzoneClusterImpl-c1232090-6f07-487d-b6cc-f849b5e27630/datanode-1/data/ratis/047d6aed-6878-4641-a41d-b27d8d7cda6a has been successfully formatted.
2019-06-15 15:44:18,877 INFO  storage.RaftStorage (RaftStorage.java:format(75)) - Storage directory /opt/src/hadoop-ozone/integration-test/target/test-dir/MiniOzoneClusterImpl-c1232090-6f07-487d-b6cc-f849b5e27630/datanode-2/data/ratis/047d6aed-6878-4641-a41d-b27d8d7cda6a has been successfully formatted.
2019-06-15 15:44:18,877 INFO  ratis.ContainerStateMachine (ContainerStateMachine.java:loadSnapshot(199)) - The snapshot info is null.Setting the last applied index to:(t:0, i:~)
2019-06-15 15:44:18,877 INFO  ratis.ContainerStateMachine (ContainerStateMachine.java:loadSnapshot(199)) - The snapshot info is null.Setting the last applied index to:(t:0, i:~)
2019-06-15 15:44:18,877 INFO  server.RaftServerConfigKeys (ConfUtils.java:logGet(43)) - raft.server.leader.election.timeout = 10s (custom)
2019-06-15 15:44:18,878 INFO  server.RaftServerConfigKeys (ConfUtils.java:logGet(43)) - raft.server.leader.election.timeout = 10s (custom)
2019-06-15 15:44:18,878 INFO  server.RaftServerConfigKeys (ConfUtils.java:logGet(43)) - raft.server.log.use.memory = false (default)
2019-06-15 15:44:18,879 INFO  server.RaftServerConfigKeys (ConfUtils.java:logGet(43)) - raft.server.log.appender.buffer.byte-limit = 33554432 (custom)
2019-06-15 15:44:18,878 INFO  server.RaftServerConfigKeys (ConfUtils.java:logGet(43)) - raft.server.log.use.memory = false (default)
2019-06-15 15:44:18,880 INFO  server.RaftServerConfigKeys (ConfUtils.java:logGet(43)) - raft.server.log.appender.buffer.byte-limit = 33554432 (custom)
2019-06-15 15:44:18,880 INFO  server.RaftServerConfigKeys (ConfUtils.java:logGet(43)) - raft.server.log.segment.size.max = 16384 (custom)
2019-06-15 15:44:18,880 INFO  server.RaftServerConfigKeys (ConfUtils.java:logGet(43)) - raft.server.log.segment.cache.num.max = 2 (custom)
2019-06-15 15:44:18,880 INFO  storage.RaftLogWorker (RaftLogWorker.java:<init>(123)) - new b24533e7-86f6-4b86-898d-7192fec445e1-RaftLogWorker for Storage Directory /opt/src/hadoop-ozone/integration-test/target/test-dir/MiniOzoneClusterImpl-c1232090-6f07-487d-b6cc-f849b5e27630/datanode-1/data/ratis/047d6aed-6878-4641-a41d-b27d8d7cda6a
2019-06-15 15:44:18,880 INFO  server.RaftServerConfigKeys (ConfUtils.java:logGet(43)) - raft.server.log.queue.byte-limit = 2147483647 (custom)
2019-06-15 15:44:18,880 INFO  server.RaftServerConfigKeys (ConfUtils.java:logGet(43)) - raft.server.log.queue.element-limit = 1024 (custom)
2019-06-15 15:44:18,881 INFO  server.RaftServerConfigKeys (ConfUtils.java:logGet(43)) - raft.server.log.segment.size.max = 16384 (custom)
2019-06-15 15:44:18,881 INFO  server.RaftServerConfigKeys (ConfUtils.java:logGet(43)) - raft.server.log.preallocated.size = 16384 (custom)
2019-06-15 15:44:18,881 INFO  server.RaftServerConfigKeys (ConfUtils.java:logGet(43)) - raft.server.log.write.buffer.size = 33554432 (custom)
2019-06-15 15:44:18,881 INFO  server.RaftServerConfigKeys (ConfUtils.java:logGet(43)) - raft.server.log.force.sync.num = 128 (default)
2019-06-15 15:44:18,881 INFO  server.RaftServerConfigKeys (ConfUtils.java:logGet(43)) - raft.server.log.statemachine.data.sync = true (default)
2019-06-15 15:44:18,881 INFO  server.RaftServerConfigKeys (ConfUtils.java:logGet(43)) - raft.server.log.statemachine.data.sync.timeout = 10s (default)
2019-06-15 15:44:18,881 INFO  server.RaftServerConfigKeys (ConfUtils.java:logGet(43)) - raft.server.log.statemachine.data.sync.timeout.retry = -1 (default)
2019-06-15 15:44:18,881 INFO  server.RaftServerConfigKeys (ConfUtils.java:logGet(43)) - raft.server.log.statemachine.data.caching.enabled = true (custom)
2019-06-15 15:44:18,880 INFO  server.RaftServerConfigKeys (ConfUtils.java:logGet(43)) - raft.server.log.segment.size.max = 16384 (custom)
2019-06-15 15:44:18,881 INFO  server.RaftServerConfigKeys (ConfUtils.java:logGet(43)) - raft.server.log.segment.cache.num.max = 2 (custom)
2019-06-15 15:44:18,881 INFO  storage.RaftLogWorker (RaftLogWorker.java:<init>(123)) - new dd29cc7b-2d60-4c7f-b04a-a9dc8aebdc23-RaftLogWorker for Storage Directory /opt/src/hadoop-ozone/integration-test/target/test-dir/MiniOzoneClusterImpl-c1232090-6f07-487d-b6cc-f849b5e27630/datanode-2/data/ratis/047d6aed-6878-4641-a41d-b27d8d7cda6a
2019-06-15 15:44:18,882 INFO  server.RaftServerConfigKeys (ConfUtils.java:logGet(43)) - raft.server.log.queue.byte-limit = 2147483647 (custom)
2019-06-15 15:44:18,882 INFO  server.RaftServerConfigKeys (ConfUtils.java:logGet(43)) - raft.server.log.queue.element-limit = 1024 (custom)
2019-06-15 15:44:18,882 INFO  server.RaftServerConfigKeys (ConfUtils.java:logGet(43)) - raft.server.log.segment.size.max = 16384 (custom)
2019-06-15 15:44:18,882 INFO  server.RaftServerConfigKeys (ConfUtils.java:logGet(43)) - raft.server.log.preallocated.size = 16384 (custom)
2019-06-15 15:44:18,882 INFO  server.RaftServerConfigKeys (ConfUtils.java:logGet(43)) - raft.server.log.write.buffer.size = 33554432 (custom)
2019-06-15 15:44:18,882 INFO  server.RaftServerConfigKeys (ConfUtils.java:logGet(43)) - raft.server.log.force.sync.num = 128 (default)
2019-06-15 15:44:18,882 INFO  server.RaftServerConfigKeys (ConfUtils.java:logGet(43)) - raft.server.log.statemachine.data.sync = true (default)
2019-06-15 15:44:18,882 INFO  server.RaftServerConfigKeys (ConfUtils.java:logGet(43)) - raft.server.log.statemachine.data.sync.timeout = 10s (default)
2019-06-15 15:44:18,882 INFO  server.RaftServerConfigKeys (ConfUtils.java:logGet(43)) - raft.server.log.statemachine.data.sync.timeout.retry = -1 (default)
2019-06-15 15:44:18,882 INFO  server.RaftServerConfigKeys (ConfUtils.java:logGet(43)) - raft.server.log.statemachine.data.caching.enabled = true (custom)
2019-06-15 15:44:18,882 INFO  server.RaftServerConfigKeys (ConfUtils.java:logGet(43)) - raft.server.snapshot.auto.trigger.enabled = true (custom)
2019-06-15 15:44:18,882 INFO  server.RaftServerConfigKeys (ConfUtils.java:logGet(43)) - raft.server.snapshot.auto.trigger.threshold = 10000 (custom)
2019-06-15 15:44:18,883 INFO  server.RaftServerConfigKeys (ConfUtils.java:logGet(43)) - raft.server.snapshot.auto.trigger.enabled = true (custom)
2019-06-15 15:44:18,883 INFO  server.RaftServerConfigKeys (ConfUtils.java:logGet(43)) - raft.server.retrycache.expirytime = 600000ms (custom)
2019-06-15 15:44:18,883 INFO  server.RaftServerConfigKeys (ConfUtils.java:logGet(43)) - raft.server.snapshot.auto.trigger.threshold = 10000 (custom)
2019-06-15 15:44:18,883 INFO  impl.RaftServerImpl (RaftServerImpl.java:start(173)) - b24533e7-86f6-4b86-898d-7192fec445e1: start group-B27D8D7CDA6A
2019-06-15 15:44:18,883 INFO  server.RaftServerConfigKeys (ConfUtils.java:logGet(43)) - raft.server.retrycache.expirytime = 600000ms (custom)
2019-06-15 15:44:18,883 INFO  impl.RaftServerImpl (RaftServerImpl.java:setRole(164)) - b24533e7-86f6-4b86-898d-7192fec445e1:group-B27D8D7CDA6A changes role from null to FOLLOWER at term 0 for startAsFollower
2019-06-15 15:44:18,883 INFO  impl.RaftServerImpl (RaftServerImpl.java:start(173)) - dd29cc7b-2d60-4c7f-b04a-a9dc8aebdc23: start group-B27D8D7CDA6A
2019-06-15 15:44:18,883 INFO  impl.RoleInfo (RoleInfo.java:updateAndGet(143)) - b24533e7-86f6-4b86-898d-7192fec445e1: start FollowerState
2019-06-15 15:44:18,883 INFO  impl.RaftServerImpl (RaftServerImpl.java:setRole(164)) - dd29cc7b-2d60-4c7f-b04a-a9dc8aebdc23:group-B27D8D7CDA6A changes role from null to FOLLOWER at term 0 for startAsFollower
2019-06-15 15:44:18,883 INFO  impl.RoleInfo (RoleInfo.java:updateAndGet(143)) - dd29cc7b-2d60-4c7f-b04a-a9dc8aebdc23: start FollowerState
2019-06-15 15:44:18,883 INFO  util.JmxRegister (JmxRegister.java:tryRegister(44)) - Successfully registered JMX Bean with object name Ratis:service=RaftServer,group=group-B27D8D7CDA6A,id=b24533e7-86f6-4b86-898d-7192fec445e1
2019-06-15 15:44:18,884 INFO  util.JmxRegister (JmxRegister.java:tryRegister(44)) - Successfully registered JMX Bean with object name Ratis:service=RaftServer,group=group-B27D8D7CDA6A,id=dd29cc7b-2d60-4c7f-b04a-a9dc8aebdc23
2019-06-15 15:44:18,898 INFO  pipeline.PipelineStateManager (PipelineStateManager.java:addPipeline(56)) - Created pipeline Pipeline[ Id: 047d6aed-6878-4641-a41d-b27d8d7cda6a, Nodes: eb93222d-5d3c-4dfd-8236-bea46e9259fe{ip: 192.168.11.195, host: ozone-unit-076618677d3-jsk2l-1196283018, networkLocation: /default-rack, certSerialId: null}dd29cc7b-2d60-4c7f-b04a-a9dc8aebdc23{ip: 192.168.11.195, host: ozone-unit-076618677d3-jsk2l-1196283018, networkLocation: /default-rack, certSerialId: null}b24533e7-86f6-4b86-898d-7192fec445e1{ip: 192.168.11.195, host: ozone-unit-076618677d3-jsk2l-1196283018, networkLocation: /default-rack, certSerialId: null}, Type:RATIS, Factor:THREE, State:OPEN]
2019-06-15 15:44:18,911 INFO  impl.RaftServerProxy (RaftServerProxy.java:addNew(89)) - 53b4337f-ee38-4cb8-b4ea-1ff3b79944bc: addNew group-DD0F8060081B:[53b4337f-ee38-4cb8-b4ea-1ff3b79944bc:192.168.11.195:34079] returns group-DD0F8060081B:java.util.concurrent.CompletableFuture@3e0b393d[Not completed]
2019-06-15 15:44:18,912 INFO  impl.RaftServerImpl (RaftServerImpl.java:<init>(91)) - 53b4337f-ee38-4cb8-b4ea-1ff3b79944bc: new RaftServerImpl for group-DD0F8060081B:[53b4337f-ee38-4cb8-b4ea-1ff3b79944bc:192.168.11.195:34079] with ContainerStateMachine:uninitialized
2019-06-15 15:44:18,913 INFO  server.RaftServerConfigKeys (ConfUtils.java:logGet(43)) - raft.server.rpc.timeout.min = 1s (custom)
2019-06-15 15:44:18,914 INFO  server.RaftServerConfigKeys (ConfUtils.java:logGet(43)) - raft.server.rpc.timeout.max = 1200ms (custom)
2019-06-15 15:44:18,914 INFO  server.RaftServerConfigKeys (ConfUtils.java:logGet(43)) - raft.server.rpcslowness.timeout = 10s (custom)
2019-06-15 15:44:18,914 INFO  server.RaftServerConfigKeys (ConfUtils.java:logGet(43)) - raft.server.log.appender.install.snapshot.enabled = true (default)
2019-06-15 15:44:18,914 INFO  impl.RaftServerImpl (ServerState.java:<init>(101)) - 53b4337f-ee38-4cb8-b4ea-1ff3b79944bc:group-DD0F8060081B ConfigurationManager, init=-1: [53b4337f-ee38-4cb8-b4ea-1ff3b79944bc:192.168.11.195:34079], old=null, confs=<EMPTY_MAP>
2019-06-15 15:44:18,914 INFO  server.RaftServerConfigKeys (ConfUtils.java:logGet(43)) - raft.server.storage.dir = [/opt/src/hadoop-ozone/integration-test/target/test-dir/MiniOzoneClusterImpl-c1232090-6f07-487d-b6cc-f849b5e27630/datanode-4/data/ratis] (custom)
2019-06-15 15:44:18,914 INFO  storage.RaftStorageDirectory (RaftStorageDirectory.java:analyzeStorage(246)) - The storage directory /opt/src/hadoop-ozone/integration-test/target/test-dir/MiniOzoneClusterImpl-c1232090-6f07-487d-b6cc-f849b5e27630/datanode-4/data/ratis/b6907d79-d2f2-468b-89f2-dd0f8060081b does not exist. Creating ...
2019-06-15 15:44:18,916 INFO  storage.RaftStorageDirectory (RaftStorageDirectory.java:tryLock(328)) - Lock on /opt/src/hadoop-ozone/integration-test/target/test-dir/MiniOzoneClusterImpl-c1232090-6f07-487d-b6cc-f849b5e27630/datanode-4/data/ratis/b6907d79-d2f2-468b-89f2-dd0f8060081b/in_use.lock acquired by nodename 10080@ozone-unit-076618677d3-jsk2l-1196283018
2019-06-15 15:44:18,918 INFO  storage.RaftStorage (RaftStorage.java:format(75)) - Storage directory /opt/src/hadoop-ozone/integration-test/target/test-dir/MiniOzoneClusterImpl-c1232090-6f07-487d-b6cc-f849b5e27630/datanode-4/data/ratis/b6907d79-d2f2-468b-89f2-dd0f8060081b has been successfully formatted.
2019-06-15 15:44:18,918 INFO  ratis.ContainerStateMachine (ContainerStateMachine.java:loadSnapshot(199)) - The snapshot info is null.Setting the last applied index to:(t:0, i:~)
2019-06-15 15:44:18,919 INFO  server.RaftServerConfigKeys (ConfUtils.java:logGet(43)) - raft.server.leader.election.timeout = 10s (custom)
2019-06-15 15:44:18,919 INFO  server.RaftServerConfigKeys (ConfUtils.java:logGet(43)) - raft.server.log.use.memory = false (default)
2019-06-15 15:44:18,919 INFO  server.RaftServerConfigKeys (ConfUtils.java:logGet(43)) - raft.server.log.appender.buffer.byte-limit = 33554432 (custom)
2019-06-15 15:44:18,919 INFO  server.RaftServerConfigKeys (ConfUtils.java:logGet(43)) - raft.server.log.segment.size.max = 16384 (custom)
2019-06-15 15:44:18,919 INFO  server.RaftServerConfigKeys (ConfUtils.java:logGet(43)) - raft.server.log.segment.cache.num.max = 2 (custom)
2019-06-15 15:44:18,919 INFO  storage.RaftLogWorker (RaftLogWorker.java:<init>(123)) - new 53b4337f-ee38-4cb8-b4ea-1ff3b79944bc-RaftLogWorker for Storage Directory /opt/src/hadoop-ozone/integration-test/target/test-dir/MiniOzoneClusterImpl-c1232090-6f07-487d-b6cc-f849b5e27630/datanode-4/data/ratis/b6907d79-d2f2-468b-89f2-dd0f8060081b
2019-06-15 15:44:18,919 INFO  server.RaftServerConfigKeys (ConfUtils.java:logGet(43)) - raft.server.log.queue.byte-limit = 2147483647 (custom)
2019-06-15 15:44:18,919 INFO  server.RaftServerConfigKeys (ConfUtils.java:logGet(43)) - raft.server.log.queue.element-limit = 1024 (custom)
2019-06-15 15:44:18,919 INFO  server.RaftServerConfigKeys (ConfUtils.java:logGet(43)) - raft.server.log.segment.size.max = 16384 (custom)
2019-06-15 15:44:18,919 INFO  server.RaftServerConfigKeys (ConfUtils.java:logGet(43)) - raft.server.log.preallocated.size = 16384 (custom)
2019-06-15 15:44:18,920 INFO  server.RaftServerConfigKeys (ConfUtils.java:logGet(43)) - raft.server.log.write.buffer.size = 33554432 (custom)
2019-06-15 15:44:18,920 INFO  server.RaftServerConfigKeys (ConfUtils.java:logGet(43)) - raft.server.log.force.sync.num = 128 (default)
2019-06-15 15:44:18,920 INFO  server.RaftServerConfigKeys (ConfUtils.java:logGet(43)) - raft.server.log.statemachine.data.sync = true (default)
2019-06-15 15:44:18,920 INFO  server.RaftServerConfigKeys (ConfUtils.java:logGet(43)) - raft.server.log.statemachine.data.sync.timeout = 10s (default)
2019-06-15 15:44:18,920 INFO  server.RaftServerConfigKeys (ConfUtils.java:logGet(43)) - raft.server.log.statemachine.data.sync.timeout.retry = -1 (default)
2019-06-15 15:44:18,920 INFO  server.RaftServerConfigKeys (ConfUtils.java:logGet(43)) - raft.server.log.statemachine.data.caching.enabled = true (custom)
2019-06-15 15:44:18,920 INFO  server.RaftServerConfigKeys (ConfUtils.java:logGet(43)) - raft.server.snapshot.auto.trigger.enabled = true (custom)
2019-06-15 15:44:18,920 INFO  server.RaftServerConfigKeys (ConfUtils.java:logGet(43)) - raft.server.snapshot.auto.trigger.threshold = 10000 (custom)
2019-06-15 15:44:18,920 INFO  server.RaftServerConfigKeys (ConfUtils.java:logGet(43)) - raft.server.retrycache.expirytime = 600000ms (custom)
2019-06-15 15:44:18,921 INFO  impl.RaftServerImpl (RaftServerImpl.java:start(173)) - 53b4337f-ee38-4cb8-b4ea-1ff3b79944bc: start group-DD0F8060081B
2019-06-15 15:44:18,921 INFO  impl.RaftServerImpl (RaftServerImpl.java:setRole(164)) - 53b4337f-ee38-4cb8-b4ea-1ff3b79944bc:group-DD0F8060081B changes role from null to FOLLOWER at term 0 for startAsFollower
2019-06-15 15:44:18,921 INFO  impl.RoleInfo (RoleInfo.java:updateAndGet(143)) - 53b4337f-ee38-4cb8-b4ea-1ff3b79944bc: start FollowerState
2019-06-15 15:44:18,921 INFO  util.JmxRegister (JmxRegister.java:tryRegister(44)) - Successfully registered JMX Bean with object name Ratis:service=RaftServer,group=group-DD0F8060081B,id=53b4337f-ee38-4cb8-b4ea-1ff3b79944bc
2019-06-15 15:44:18,930 INFO  pipeline.PipelineStateManager (PipelineStateManager.java:addPipeline(56)) - Created pipeline Pipeline[ Id: b6907d79-d2f2-468b-89f2-dd0f8060081b, Nodes: 53b4337f-ee38-4cb8-b4ea-1ff3b79944bc{ip: 192.168.11.195, host: ozone-unit-076618677d3-jsk2l-1196283018, networkLocation: /default-rack, certSerialId: null}, Type:RATIS, Factor:ONE, State:OPEN]
2019-06-15 15:44:19,039 INFO  ozone.MiniOzoneClusterImpl (MiniOzoneClusterImpl.java:lambda$waitForClusterToBeReady$0(142)) - Waiting for cluster to be ready. Got 5 of 6 DN Heartbeats.
2019-06-15 15:44:19,042 INFO  node.SCMNodeManager (SCMNodeManager.java:register(269)) - Registered Data node : 1fffc812-1d72-4436-b1d2-7938a0bf1b78{ip: 192.168.11.195, host: ozone-unit-076618677d3-jsk2l-1196283018, networkLocation: /default-rack, certSerialId: null}
2019-06-15 15:44:19,052 INFO  impl.RaftServerProxy (RaftServerProxy.java:addNew(89)) - 1fffc812-1d72-4436-b1d2-7938a0bf1b78: addNew group-A6828078CF9F:[1fffc812-1d72-4436-b1d2-7938a0bf1b78:192.168.11.195:33727] returns group-A6828078CF9F:java.util.concurrent.CompletableFuture@5f68d3b9[Not completed]
2019-06-15 15:44:19,053 INFO  impl.RaftServerImpl (RaftServerImpl.java:<init>(91)) - 1fffc812-1d72-4436-b1d2-7938a0bf1b78: new RaftServerImpl for group-A6828078CF9F:[1fffc812-1d72-4436-b1d2-7938a0bf1b78:192.168.11.195:33727] with ContainerStateMachine:uninitialized
2019-06-15 15:44:19,054 INFO  server.RaftServerConfigKeys (ConfUtils.java:logGet(43)) - raft.server.rpc.timeout.min = 1s (custom)
2019-06-15 15:44:19,054 INFO  server.RaftServerConfigKeys (ConfUtils.java:logGet(43)) - raft.server.rpc.timeout.max = 1200ms (custom)
2019-06-15 15:44:19,054 INFO  server.RaftServerConfigKeys (ConfUtils.java:logGet(43)) - raft.server.rpcslowness.timeout = 10s (custom)
2019-06-15 15:44:19,054 INFO  server.RaftServerConfigKeys (ConfUtils.java:logGet(43)) - raft.server.log.appender.install.snapshot.enabled = true (default)
2019-06-15 15:44:19,054 INFO  impl.RaftServerImpl (ServerState.java:<init>(101)) - 1fffc812-1d72-4436-b1d2-7938a0bf1b78:group-A6828078CF9F ConfigurationManager, init=-1: [1fffc812-1d72-4436-b1d2-7938a0bf1b78:192.168.11.195:33727], old=null, confs=<EMPTY_MAP>
2019-06-15 15:44:19,054 INFO  server.RaftServerConfigKeys (ConfUtils.java:logGet(43)) - raft.server.storage.dir = [/opt/src/hadoop-ozone/integration-test/target/test-dir/MiniOzoneClusterImpl-c1232090-6f07-487d-b6cc-f849b5e27630/datanode-5/data/ratis] (custom)
2019-06-15 15:44:19,055 INFO  storage.RaftStorageDirectory (RaftStorageDirectory.java:analyzeStorage(246)) - The storage directory /opt/src/hadoop-ozone/integration-test/target/test-dir/MiniOzoneClusterImpl-c1232090-6f07-487d-b6cc-f849b5e27630/datanode-5/data/ratis/56a1df2c-716d-4834-a7b6-a6828078cf9f does not exist. Creating ...
2019-06-15 15:44:19,057 INFO  storage.RaftStorageDirectory (RaftStorageDirectory.java:tryLock(328)) - Lock on /opt/src/hadoop-ozone/integration-test/target/test-dir/MiniOzoneClusterImpl-c1232090-6f07-487d-b6cc-f849b5e27630/datanode-5/data/ratis/56a1df2c-716d-4834-a7b6-a6828078cf9f/in_use.lock acquired by nodename 10080@ozone-unit-076618677d3-jsk2l-1196283018
2019-06-15 15:44:19,059 INFO  storage.RaftStorage (RaftStorage.java:format(75)) - Storage directory /opt/src/hadoop-ozone/integration-test/target/test-dir/MiniOzoneClusterImpl-c1232090-6f07-487d-b6cc-f849b5e27630/datanode-5/data/ratis/56a1df2c-716d-4834-a7b6-a6828078cf9f has been successfully formatted.
2019-06-15 15:44:19,059 INFO  ratis.ContainerStateMachine (ContainerStateMachine.java:loadSnapshot(199)) - The snapshot info is null.Setting the last applied index to:(t:0, i:~)
2019-06-15 15:44:19,059 INFO  server.RaftServerConfigKeys (ConfUtils.java:logGet(43)) - raft.server.leader.election.timeout = 10s (custom)
2019-06-15 15:44:19,059 INFO  server.RaftServerConfigKeys (ConfUtils.java:logGet(43)) - raft.server.log.use.memory = false (default)
2019-06-15 15:44:19,059 INFO  server.RaftServerConfigKeys (ConfUtils.java:logGet(43)) - raft.server.log.appender.buffer.byte-limit = 33554432 (custom)
2019-06-15 15:44:19,059 INFO  server.RaftServerConfigKeys (ConfUtils.java:logGet(43)) - raft.server.log.segment.size.max = 16384 (custom)
2019-06-15 15:44:19,059 INFO  server.RaftServerConfigKeys (ConfUtils.java:logGet(43)) - raft.server.log.segment.cache.num.max = 2 (custom)
2019-06-15 15:44:19,059 INFO  storage.RaftLogWorker (RaftLogWorker.java:<init>(123)) - new 1fffc812-1d72-4436-b1d2-7938a0bf1b78-RaftLogWorker for Storage Directory /opt/src/hadoop-ozone/integration-test/target/test-dir/MiniOzoneClusterImpl-c1232090-6f07-487d-b6cc-f849b5e27630/datanode-5/data/ratis/56a1df2c-716d-4834-a7b6-a6828078cf9f
2019-06-15 15:44:19,059 INFO  server.RaftServerConfigKeys (ConfUtils.java:logGet(43)) - raft.server.log.queue.byte-limit = 2147483647 (custom)
2019-06-15 15:44:19,059 INFO  server.RaftServerConfigKeys (ConfUtils.java:logGet(43)) - raft.server.log.queue.element-limit = 1024 (custom)
2019-06-15 15:44:19,060 INFO  server.RaftServerConfigKeys (ConfUtils.java:logGet(43)) - raft.server.log.segment.size.max = 16384 (custom)
2019-06-15 15:44:19,060 INFO  server.RaftServerConfigKeys (ConfUtils.java:logGet(43)) - raft.server.log.preallocated.size = 16384 (custom)
2019-06-15 15:44:19,060 INFO  server.RaftServerConfigKeys (ConfUtils.java:logGet(43)) - raft.server.log.write.buffer.size = 33554432 (custom)
2019-06-15 15:44:19,060 INFO  server.RaftServerConfigKeys (ConfUtils.java:logGet(43)) - raft.server.log.force.sync.num = 128 (default)
2019-06-15 15:44:19,060 INFO  server.RaftServerConfigKeys (ConfUtils.java:logGet(43)) - raft.server.log.statemachine.data.sync = true (default)
2019-06-15 15:44:19,060 INFO  server.RaftServerConfigKeys (ConfUtils.java:logGet(43)) - raft.server.log.statemachine.data.sync.timeout = 10s (default)
2019-06-15 15:44:19,060 INFO  server.RaftServerConfigKeys (ConfUtils.java:logGet(43)) - raft.server.log.statemachine.data.sync.timeout.retry = -1 (default)
2019-06-15 15:44:19,060 INFO  server.RaftServerConfigKeys (ConfUtils.java:logGet(43)) - raft.server.log.statemachine.data.caching.enabled = true (custom)
2019-06-15 15:44:19,060 INFO  server.RaftServerConfigKeys (ConfUtils.java:logGet(43)) - raft.server.snapshot.auto.trigger.enabled = true (custom)
2019-06-15 15:44:19,060 INFO  server.RaftServerConfigKeys (ConfUtils.java:logGet(43)) - raft.server.snapshot.auto.trigger.threshold = 10000 (custom)
2019-06-15 15:44:19,061 INFO  server.RaftServerConfigKeys (ConfUtils.java:logGet(43)) - raft.server.retrycache.expirytime = 600000ms (custom)
2019-06-15 15:44:19,061 INFO  impl.RaftServerImpl (RaftServerImpl.java:start(173)) - 1fffc812-1d72-4436-b1d2-7938a0bf1b78: start group-A6828078CF9F
2019-06-15 15:44:19,061 INFO  impl.RaftServerImpl (RaftServerImpl.java:setRole(164)) - 1fffc812-1d72-4436-b1d2-7938a0bf1b78:group-A6828078CF9F changes role from null to FOLLOWER at term 0 for startAsFollower
2019-06-15 15:44:19,061 INFO  impl.RoleInfo (RoleInfo.java:updateAndGet(143)) - 1fffc812-1d72-4436-b1d2-7938a0bf1b78: start FollowerState
2019-06-15 15:44:19,061 INFO  util.JmxRegister (JmxRegister.java:tryRegister(44)) - Successfully registered JMX Bean with object name Ratis:service=RaftServer,group=group-A6828078CF9F,id=1fffc812-1d72-4436-b1d2-7938a0bf1b78
2019-06-15 15:44:19,065 INFO  pipeline.PipelineStateManager (PipelineStateManager.java:addPipeline(56)) - Created pipeline Pipeline[ Id: 56a1df2c-716d-4834-a7b6-a6828078cf9f, Nodes: 1fffc812-1d72-4436-b1d2-7938a0bf1b78{ip: 192.168.11.195, host: ozone-unit-076618677d3-jsk2l-1196283018, networkLocation: /default-rack, certSerialId: null}, Type:RATIS, Factor:ONE, State:OPEN]
2019-06-15 15:44:19,082 INFO  impl.RaftServerProxy (RaftServerProxy.java:addNew(89)) - 1fffc812-1d72-4436-b1d2-7938a0bf1b78: addNew group-DB95EFE153F3:[53b4337f-ee38-4cb8-b4ea-1ff3b79944bc:192.168.11.195:34079, 1fffc812-1d72-4436-b1d2-7938a0bf1b78:192.168.11.195:33727, 18950eee-44d7-44d9-93cf-e381da6123b2:192.168.11.195:35131] returns group-DB95EFE153F3:java.util.concurrent.CompletableFuture@15d2e35e[Not completed]
2019-06-15 15:44:19,083 INFO  impl.RaftServerProxy (RaftServerProxy.java:addNew(89)) - 53b4337f-ee38-4cb8-b4ea-1ff3b79944bc: addNew group-DB95EFE153F3:[53b4337f-ee38-4cb8-b4ea-1ff3b79944bc:192.168.11.195:34079, 1fffc812-1d72-4436-b1d2-7938a0bf1b78:192.168.11.195:33727, 18950eee-44d7-44d9-93cf-e381da6123b2:192.168.11.195:35131] returns group-DB95EFE153F3:java.util.concurrent.CompletableFuture@5839b50f[Not completed]
2019-06-15 15:44:19,084 INFO  impl.RaftServerImpl (RaftServerImpl.java:<init>(91)) - 1fffc812-1d72-4436-b1d2-7938a0bf1b78: new RaftServerImpl for group-DB95EFE153F3:[53b4337f-ee38-4cb8-b4ea-1ff3b79944bc:192.168.11.195:34079, 1fffc812-1d72-4436-b1d2-7938a0bf1b78:192.168.11.195:33727, 18950eee-44d7-44d9-93cf-e381da6123b2:192.168.11.195:35131] with ContainerStateMachine:uninitialized
2019-06-15 15:44:19,084 INFO  server.RaftServerConfigKeys (ConfUtils.java:logGet(43)) - raft.server.rpc.timeout.min = 1s (custom)
2019-06-15 15:44:19,084 INFO  server.RaftServerConfigKeys (ConfUtils.java:logGet(43)) - raft.server.rpc.timeout.max = 1200ms (custom)
2019-06-15 15:44:19,084 INFO  server.RaftServerConfigKeys (ConfUtils.java:logGet(43)) - raft.server.rpcslowness.timeout = 10s (custom)
2019-06-15 15:44:19,084 INFO  server.RaftServerConfigKeys (ConfUtils.java:logGet(43)) - raft.server.log.appender.install.snapshot.enabled = true (default)
2019-06-15 15:44:19,084 INFO  impl.RaftServerImpl (RaftServerImpl.java:<init>(91)) - 53b4337f-ee38-4cb8-b4ea-1ff3b79944bc: new RaftServerImpl for group-DB95EFE153F3:[53b4337f-ee38-4cb8-b4ea-1ff3b79944bc:192.168.11.195:34079, 1fffc812-1d72-4436-b1d2-7938a0bf1b78:192.168.11.195:33727, 18950eee-44d7-44d9-93cf-e381da6123b2:192.168.11.195:35131] with ContainerStateMachine:uninitialized
2019-06-15 15:44:19,084 INFO  server.RaftServerConfigKeys (ConfUtils.java:logGet(43)) - raft.server.rpc.timeout.min = 1s (custom)
2019-06-15 15:44:19,084 INFO  server.RaftServerConfigKeys (ConfUtils.java:logGet(43)) - raft.server.rpc.timeout.max = 1200ms (custom)
2019-06-15 15:44:19,084 INFO  server.RaftServerConfigKeys (ConfUtils.java:logGet(43)) - raft.server.rpcslowness.timeout = 10s (custom)
2019-06-15 15:44:19,084 INFO  impl.RaftServerImpl (ServerState.java:<init>(101)) - 1fffc812-1d72-4436-b1d2-7938a0bf1b78:group-DB95EFE153F3 ConfigurationManager, init=-1: [53b4337f-ee38-4cb8-b4ea-1ff3b79944bc:192.168.11.195:34079, 1fffc812-1d72-4436-b1d2-7938a0bf1b78:192.168.11.195:33727, 18950eee-44d7-44d9-93cf-e381da6123b2:192.168.11.195:35131], old=null, confs=<EMPTY_MAP>
2019-06-15 15:44:19,084 INFO  server.RaftServerConfigKeys (ConfUtils.java:logGet(43)) - raft.server.log.appender.install.snapshot.enabled = true (default)
2019-06-15 15:44:19,084 INFO  impl.RaftServerProxy (RaftServerProxy.java:addNew(89)) - 18950eee-44d7-44d9-93cf-e381da6123b2: addNew group-DB95EFE153F3:[53b4337f-ee38-4cb8-b4ea-1ff3b79944bc:192.168.11.195:34079, 1fffc812-1d72-4436-b1d2-7938a0bf1b78:192.168.11.195:33727, 18950eee-44d7-44d9-93cf-e381da6123b2:192.168.11.195:35131] returns group-DB95EFE153F3:java.util.concurrent.CompletableFuture@7185c93a[Not completed]
2019-06-15 15:44:19,085 INFO  impl.RaftServerImpl (ServerState.java:<init>(101)) - 53b4337f-ee38-4cb8-b4ea-1ff3b79944bc:group-DB95EFE153F3 ConfigurationManager, init=-1: [53b4337f-ee38-4cb8-b4ea-1ff3b79944bc:192.168.11.195:34079, 1fffc812-1d72-4436-b1d2-7938a0bf1b78:192.168.11.195:33727, 18950eee-44d7-44d9-93cf-e381da6123b2:192.168.11.195:35131], old=null, confs=<EMPTY_MAP>
2019-06-15 15:44:19,085 INFO  server.RaftServerConfigKeys (ConfUtils.java:logGet(43)) - raft.server.storage.dir = [/opt/src/hadoop-ozone/integration-test/target/test-dir/MiniOzoneClusterImpl-c1232090-6f07-487d-b6cc-f849b5e27630/datanode-5/data/ratis] (custom)
2019-06-15 15:44:19,085 INFO  server.RaftServerConfigKeys (ConfUtils.java:logGet(43)) - raft.server.storage.dir = [/opt/src/hadoop-ozone/integration-test/target/test-dir/MiniOzoneClusterImpl-c1232090-6f07-487d-b6cc-f849b5e27630/datanode-4/data/ratis] (custom)
2019-06-15 15:44:19,085 INFO  storage.RaftStorageDirectory (RaftStorageDirectory.java:analyzeStorage(246)) - The storage directory /opt/src/hadoop-ozone/integration-test/target/test-dir/MiniOzoneClusterImpl-c1232090-6f07-487d-b6cc-f849b5e27630/datanode-5/data/ratis/259c9c0d-14fc-4eea-8af0-db95efe153f3 does not exist. Creating ...
2019-06-15 15:44:19,085 INFO  storage.RaftStorageDirectory (RaftStorageDirectory.java:analyzeStorage(246)) - The storage directory /opt/src/hadoop-ozone/integration-test/target/test-dir/MiniOzoneClusterImpl-c1232090-6f07-487d-b6cc-f849b5e27630/datanode-4/data/ratis/259c9c0d-14fc-4eea-8af0-db95efe153f3 does not exist. Creating ...
2019-06-15 15:44:19,087 INFO  impl.RaftServerImpl (RaftServerImpl.java:<init>(91)) - 18950eee-44d7-44d9-93cf-e381da6123b2: new RaftServerImpl for group-DB95EFE153F3:[53b4337f-ee38-4cb8-b4ea-1ff3b79944bc:192.168.11.195:34079, 1fffc812-1d72-4436-b1d2-7938a0bf1b78:192.168.11.195:33727, 18950eee-44d7-44d9-93cf-e381da6123b2:192.168.11.195:35131] with ContainerStateMachine:uninitialized
2019-06-15 15:44:19,087 INFO  server.RaftServerConfigKeys (ConfUtils.java:logGet(43)) - raft.server.rpc.timeout.min = 1s (custom)
2019-06-15 15:44:19,087 INFO  storage.RaftStorageDirectory (RaftStorageDirectory.java:tryLock(328)) - Lock on /opt/src/hadoop-ozone/integration-test/target/test-dir/MiniOzoneClusterImpl-c1232090-6f07-487d-b6cc-f849b5e27630/datanode-5/data/ratis/259c9c0d-14fc-4eea-8af0-db95efe153f3/in_use.lock acquired by nodename 10080@ozone-unit-076618677d3-jsk2l-1196283018
2019-06-15 15:44:19,087 INFO  storage.RaftStorageDirectory (RaftStorageDirectory.java:tryLock(328)) - Lock on /opt/src/hadoop-ozone/integration-test/target/test-dir/MiniOzoneClusterImpl-c1232090-6f07-487d-b6cc-f849b5e27630/datanode-4/data/ratis/259c9c0d-14fc-4eea-8af0-db95efe153f3/in_use.lock acquired by nodename 10080@ozone-unit-076618677d3-jsk2l-1196283018
2019-06-15 15:44:19,087 INFO  server.RaftServerConfigKeys (ConfUtils.java:logGet(43)) - raft.server.rpc.timeout.max = 1200ms (custom)
2019-06-15 15:44:19,088 INFO  server.RaftServerConfigKeys (ConfUtils.java:logGet(43)) - raft.server.rpcslowness.timeout = 10s (custom)
2019-06-15 15:44:19,088 INFO  server.RaftServerConfigKeys (ConfUtils.java:logGet(43)) - raft.server.log.appender.install.snapshot.enabled = true (default)
2019-06-15 15:44:19,088 INFO  impl.RaftServerImpl (ServerState.java:<init>(101)) - 18950eee-44d7-44d9-93cf-e381da6123b2:group-DB95EFE153F3 ConfigurationManager, init=-1: [53b4337f-ee38-4cb8-b4ea-1ff3b79944bc:192.168.11.195:34079, 1fffc812-1d72-4436-b1d2-7938a0bf1b78:192.168.11.195:33727, 18950eee-44d7-44d9-93cf-e381da6123b2:192.168.11.195:35131], old=null, confs=<EMPTY_MAP>
2019-06-15 15:44:19,089 INFO  server.RaftServerConfigKeys (ConfUtils.java:logGet(43)) - raft.server.storage.dir = [/opt/src/hadoop-ozone/integration-test/target/test-dir/MiniOzoneClusterImpl-c1232090-6f07-487d-b6cc-f849b5e27630/datanode-3/data/ratis] (custom)
2019-06-15 15:44:19,089 INFO  storage.RaftStorageDirectory (RaftStorageDirectory.java:analyzeStorage(246)) - The storage directory /opt/src/hadoop-ozone/integration-test/target/test-dir/MiniOzoneClusterImpl-c1232090-6f07-487d-b6cc-f849b5e27630/datanode-3/data/ratis/259c9c0d-14fc-4eea-8af0-db95efe153f3 does not exist. Creating ...
2019-06-15 15:44:19,090 INFO  storage.RaftStorage (RaftStorage.java:format(75)) - Storage directory /opt/src/hadoop-ozone/integration-test/target/test-dir/MiniOzoneClusterImpl-c1232090-6f07-487d-b6cc-f849b5e27630/datanode-5/data/ratis/259c9c0d-14fc-4eea-8af0-db95efe153f3 has been successfully formatted.
2019-06-15 15:44:19,090 INFO  storage.RaftStorage (RaftStorage.java:format(75)) - Storage directory /opt/src/hadoop-ozone/integration-test/target/test-dir/MiniOzoneClusterImpl-c1232090-6f07-487d-b6cc-f849b5e27630/datanode-4/data/ratis/259c9c0d-14fc-4eea-8af0-db95efe153f3 has been successfully formatted.
2019-06-15 15:44:19,090 INFO  ratis.ContainerStateMachine (ContainerStateMachine.java:loadSnapshot(199)) - The snapshot info is null.Setting the last applied index to:(t:0, i:~)
2019-06-15 15:44:19,090 INFO  ratis.ContainerStateMachine (ContainerStateMachine.java:loadSnapshot(199)) - The snapshot info is null.Setting the last applied index to:(t:0, i:~)
2019-06-15 15:44:19,090 INFO  server.RaftServerConfigKeys (ConfUtils.java:logGet(43)) - raft.server.leader.election.timeout = 10s (custom)
2019-06-15 15:44:19,090 INFO  server.RaftServerConfigKeys (ConfUtils.java:logGet(43)) - raft.server.leader.election.timeout = 10s (custom)
2019-06-15 15:44:19,091 INFO  server.RaftServerConfigKeys (ConfUtils.java:logGet(43)) - raft.server.log.use.memory = false (default)
2019-06-15 15:44:19,091 INFO  server.RaftServerConfigKeys (ConfUtils.java:logGet(43)) - raft.server.log.use.memory = false (default)
2019-06-15 15:44:19,091 INFO  server.RaftServerConfigKeys (ConfUtils.java:logGet(43)) - raft.server.log.appender.buffer.byte-limit = 33554432 (custom)
2019-06-15 15:44:19,091 INFO  server.RaftServerConfigKeys (ConfUtils.java:logGet(43)) - raft.server.log.appender.buffer.byte-limit = 33554432 (custom)
2019-06-15 15:44:19,091 INFO  server.RaftServerConfigKeys (ConfUtils.java:logGet(43)) - raft.server.log.segment.size.max = 16384 (custom)
2019-06-15 15:44:19,091 INFO  server.RaftServerConfigKeys (ConfUtils.java:logGet(43)) - raft.server.log.segment.size.max = 16384 (custom)
2019-06-15 15:44:19,091 INFO  server.RaftServerConfigKeys (ConfUtils.java:logGet(43)) - raft.server.log.segment.cache.num.max = 2 (custom)
2019-06-15 15:44:19,091 INFO  server.RaftServerConfigKeys (ConfUtils.java:logGet(43)) - raft.server.log.segment.cache.num.max = 2 (custom)
2019-06-15 15:44:19,091 INFO  storage.RaftLogWorker (RaftLogWorker.java:<init>(123)) - new 53b4337f-ee38-4cb8-b4ea-1ff3b79944bc-RaftLogWorker for Storage Directory /opt/src/hadoop-ozone/integration-test/target/test-dir/MiniOzoneClusterImpl-c1232090-6f07-487d-b6cc-f849b5e27630/datanode-4/data/ratis/259c9c0d-14fc-4eea-8af0-db95efe153f3
2019-06-15 15:44:19,091 INFO  storage.RaftLogWorker (RaftLogWorker.java:<init>(123)) - new 1fffc812-1d72-4436-b1d2-7938a0bf1b78-RaftLogWorker for Storage Directory /opt/src/hadoop-ozone/integration-test/target/test-dir/MiniOzoneClusterImpl-c1232090-6f07-487d-b6cc-f849b5e27630/datanode-5/data/ratis/259c9c0d-14fc-4eea-8af0-db95efe153f3
2019-06-15 15:44:19,092 INFO  server.RaftServerConfigKeys (ConfUtils.java:logGet(43)) - raft.server.log.queue.byte-limit = 2147483647 (custom)
2019-06-15 15:44:19,092 INFO  server.RaftServerConfigKeys (ConfUtils.java:logGet(43)) - raft.server.log.queue.byte-limit = 2147483647 (custom)
2019-06-15 15:44:19,092 INFO  storage.RaftStorageDirectory (RaftStorageDirectory.java:tryLock(328)) - Lock on /opt/src/hadoop-ozone/integration-test/target/test-dir/MiniOzoneClusterImpl-c1232090-6f07-487d-b6cc-f849b5e27630/datanode-3/data/ratis/259c9c0d-14fc-4eea-8af0-db95efe153f3/in_use.lock acquired by nodename 10080@ozone-unit-076618677d3-jsk2l-1196283018
2019-06-15 15:44:19,092 INFO  server.RaftServerConfigKeys (ConfUtils.java:logGet(43)) - raft.server.log.queue.element-limit = 1024 (custom)
2019-06-15 15:44:19,092 INFO  server.RaftServerConfigKeys (ConfUtils.java:logGet(43)) - raft.server.log.queue.element-limit = 1024 (custom)
2019-06-15 15:44:19,092 INFO  server.RaftServerConfigKeys (ConfUtils.java:logGet(43)) - raft.server.log.segment.size.max = 16384 (custom)
2019-06-15 15:44:19,092 INFO  server.RaftServerConfigKeys (ConfUtils.java:logGet(43)) - raft.server.log.segment.size.max = 16384 (custom)
2019-06-15 15:44:19,092 INFO  server.RaftServerConfigKeys (ConfUtils.java:logGet(43)) - raft.server.log.preallocated.size = 16384 (custom)
2019-06-15 15:44:19,093 INFO  server.RaftServerConfigKeys (ConfUtils.java:logGet(43)) - raft.server.log.preallocated.size = 16384 (custom)
2019-06-15 15:44:19,093 INFO  server.RaftServerConfigKeys (ConfUtils.java:logGet(43)) - raft.server.log.write.buffer.size = 33554432 (custom)
2019-06-15 15:44:19,093 INFO  server.RaftServerConfigKeys (ConfUtils.java:logGet(43)) - raft.server.log.write.buffer.size = 33554432 (custom)
2019-06-15 15:44:19,093 INFO  server.RaftServerConfigKeys (ConfUtils.java:logGet(43)) - raft.server.log.force.sync.num = 128 (default)
2019-06-15 15:44:19,093 INFO  server.RaftServerConfigKeys (ConfUtils.java:logGet(43)) - raft.server.log.force.sync.num = 128 (default)
2019-06-15 15:44:19,093 INFO  server.RaftServerConfigKeys (ConfUtils.java:logGet(43)) - raft.server.log.statemachine.data.sync = true (default)
2019-06-15 15:44:19,093 INFO  server.RaftServerConfigKeys (ConfUtils.java:logGet(43)) - raft.server.log.statemachine.data.sync = true (default)
2019-06-15 15:44:19,093 INFO  server.RaftServerConfigKeys (ConfUtils.java:logGet(43)) - raft.server.log.statemachine.data.sync.timeout = 10s (default)
2019-06-15 15:44:19,094 INFO  server.RaftServerConfigKeys (ConfUtils.java:logGet(43)) - raft.server.log.statemachine.data.sync.timeout = 10s (default)
2019-06-15 15:44:19,094 INFO  server.RaftServerConfigKeys (ConfUtils.java:logGet(43)) - raft.server.log.statemachine.data.sync.timeout.retry = -1 (default)
2019-06-15 15:44:19,094 INFO  server.RaftServerConfigKeys (ConfUtils.java:logGet(43)) - raft.server.log.statemachine.data.sync.timeout.retry = -1 (default)
2019-06-15 15:44:19,094 INFO  server.RaftServerConfigKeys (ConfUtils.java:logGet(43)) - raft.server.log.statemachine.data.caching.enabled = true (custom)
2019-06-15 15:44:19,094 INFO  server.RaftServerConfigKeys (ConfUtils.java:logGet(43)) - raft.server.log.statemachine.data.caching.enabled = true (custom)
2019-06-15 15:44:19,094 INFO  storage.RaftStorage (RaftStorage.java:format(75)) - Storage directory /opt/src/hadoop-ozone/integration-test/target/test-dir/MiniOzoneClusterImpl-c1232090-6f07-487d-b6cc-f849b5e27630/datanode-3/data/ratis/259c9c0d-14fc-4eea-8af0-db95efe153f3 has been successfully formatted.
2019-06-15 15:44:19,094 INFO  ratis.ContainerStateMachine (ContainerStateMachine.java:loadSnapshot(199)) - The snapshot info is null.Setting the last applied index to:(t:0, i:~)
2019-06-15 15:44:19,094 INFO  server.RaftServerConfigKeys (ConfUtils.java:logGet(43)) - raft.server.leader.election.timeout = 10s (custom)
2019-06-15 15:44:19,094 INFO  server.RaftServerConfigKeys (ConfUtils.java:logGet(43)) - raft.server.log.use.memory = false (default)
2019-06-15 15:44:19,095 INFO  server.RaftServerConfigKeys (ConfUtils.java:logGet(43)) - raft.server.log.appender.buffer.byte-limit = 33554432 (custom)
2019-06-15 15:44:19,095 INFO  server.RaftServerConfigKeys (ConfUtils.java:logGet(43)) - raft.server.log.segment.size.max = 16384 (custom)
2019-06-15 15:44:19,095 INFO  server.RaftServerConfigKeys (ConfUtils.java:logGet(43)) - raft.server.log.segment.cache.num.max = 2 (custom)
2019-06-15 15:44:19,095 INFO  storage.RaftLogWorker (RaftLogWorker.java:<init>(123)) - new 18950eee-44d7-44d9-93cf-e381da6123b2-RaftLogWorker for Storage Directory /opt/src/hadoop-ozone/integration-test/target/test-dir/MiniOzoneClusterImpl-c1232090-6f07-487d-b6cc-f849b5e27630/datanode-3/data/ratis/259c9c0d-14fc-4eea-8af0-db95efe153f3
2019-06-15 15:44:19,095 INFO  server.RaftServerConfigKeys (ConfUtils.java:logGet(43)) - raft.server.log.queue.byte-limit = 2147483647 (custom)
2019-06-15 15:44:19,095 INFO  server.RaftServerConfigKeys (ConfUtils.java:logGet(43)) - raft.server.log.queue.element-limit = 1024 (custom)
2019-06-15 15:44:19,095 INFO  server.RaftServerConfigKeys (ConfUtils.java:logGet(43)) - raft.server.log.segment.size.max = 16384 (custom)
2019-06-15 15:44:19,095 INFO  server.RaftServerConfigKeys (ConfUtils.java:logGet(43)) - raft.server.log.preallocated.size = 16384 (custom)
2019-06-15 15:44:19,095 INFO  server.RaftServerConfigKeys (ConfUtils.java:logGet(43)) - raft.server.log.write.buffer.size = 33554432 (custom)
2019-06-15 15:44:19,095 INFO  server.RaftServerConfigKeys (ConfUtils.java:logGet(43)) - raft.server.log.force.sync.num = 128 (default)
2019-06-15 15:44:19,095 INFO  server.RaftServerConfigKeys (ConfUtils.java:logGet(43)) - raft.server.log.statemachine.data.sync = true (default)
2019-06-15 15:44:19,095 INFO  server.RaftServerConfigKeys (ConfUtils.java:logGet(43)) - raft.server.log.statemachine.data.sync.timeout = 10s (default)
2019-06-15 15:44:19,095 INFO  server.RaftServerConfigKeys (ConfUtils.java:logGet(43)) - raft.server.log.statemachine.data.sync.timeout.retry = -1 (default)
2019-06-15 15:44:19,096 INFO  server.RaftServerConfigKeys (ConfUtils.java:logGet(43)) - raft.server.log.statemachine.data.caching.enabled = true (custom)
2019-06-15 15:44:19,096 INFO  server.RaftServerConfigKeys (ConfUtils.java:logGet(43)) - raft.server.snapshot.auto.trigger.enabled = true (custom)
2019-06-15 15:44:19,096 INFO  server.RaftServerConfigKeys (ConfUtils.java:logGet(43)) - raft.server.snapshot.auto.trigger.enabled = true (custom)
2019-06-15 15:44:19,096 INFO  server.RaftServerConfigKeys (ConfUtils.java:logGet(43)) - raft.server.snapshot.auto.trigger.threshold = 10000 (custom)
2019-06-15 15:44:19,096 INFO  server.RaftServerConfigKeys (ConfUtils.java:logGet(43)) - raft.server.snapshot.auto.trigger.threshold = 10000 (custom)
2019-06-15 15:44:19,096 INFO  server.RaftServerConfigKeys (ConfUtils.java:logGet(43)) - raft.server.snapshot.auto.trigger.enabled = true (custom)
2019-06-15 15:44:19,096 INFO  server.RaftServerConfigKeys (ConfUtils.java:logGet(43)) - raft.server.retrycache.expirytime = 600000ms (custom)
2019-06-15 15:44:19,096 INFO  server.RaftServerConfigKeys (ConfUtils.java:logGet(43)) - raft.server.snapshot.auto.trigger.threshold = 10000 (custom)
2019-06-15 15:44:19,096 INFO  impl.RaftServerImpl (RaftServerImpl.java:start(173)) - 53b4337f-ee38-4cb8-b4ea-1ff3b79944bc: start group-DB95EFE153F3
2019-06-15 15:44:19,096 INFO  server.RaftServerConfigKeys (ConfUtils.java:logGet(43)) - raft.server.retrycache.expirytime = 600000ms (custom)
2019-06-15 15:44:19,097 INFO  impl.RaftServerImpl (RaftServerImpl.java:start(173)) - 18950eee-44d7-44d9-93cf-e381da6123b2: start group-DB95EFE153F3
2019-06-15 15:44:19,097 INFO  impl.RaftServerImpl (RaftServerImpl.java:setRole(164)) - 18950eee-44d7-44d9-93cf-e381da6123b2:group-DB95EFE153F3 changes role from null to FOLLOWER at term 0 for startAsFollower
2019-06-15 15:44:19,097 INFO  impl.RoleInfo (RoleInfo.java:updateAndGet(143)) - 18950eee-44d7-44d9-93cf-e381da6123b2: start FollowerState
2019-06-15 15:44:19,097 INFO  impl.RaftServerImpl (RaftServerImpl.java:setRole(164)) - 53b4337f-ee38-4cb8-b4ea-1ff3b79944bc:group-DB95EFE153F3 changes role from null to FOLLOWER at term 0 for startAsFollower
2019-06-15 15:44:19,097 INFO  impl.RoleInfo (RoleInfo.java:updateAndGet(143)) - 53b4337f-ee38-4cb8-b4ea-1ff3b79944bc: start FollowerState
2019-06-15 15:44:19,097 INFO  util.JmxRegister (JmxRegister.java:tryRegister(44)) - Successfully registered JMX Bean with object name Ratis:service=RaftServer,group=group-DB95EFE153F3,id=18950eee-44d7-44d9-93cf-e381da6123b2
2019-06-15 15:44:19,097 INFO  util.JmxRegister (JmxRegister.java:tryRegister(44)) - Successfully registered JMX Bean with object name Ratis:service=RaftServer,group=group-DB95EFE153F3,id=53b4337f-ee38-4cb8-b4ea-1ff3b79944bc
2019-06-15 15:44:19,097 INFO  server.RaftServerConfigKeys (ConfUtils.java:logGet(43)) - raft.server.retrycache.expirytime = 600000ms (custom)
2019-06-15 15:44:19,098 INFO  impl.RaftServerImpl (RaftServerImpl.java:start(173)) - 1fffc812-1d72-4436-b1d2-7938a0bf1b78: start group-DB95EFE153F3
2019-06-15 15:44:19,098 INFO  impl.RaftServerImpl (RaftServerImpl.java:setRole(164)) - 1fffc812-1d72-4436-b1d2-7938a0bf1b78:group-DB95EFE153F3 changes role from null to FOLLOWER at term 0 for startAsFollower
2019-06-15 15:44:19,098 INFO  impl.RoleInfo (RoleInfo.java:updateAndGet(143)) - 1fffc812-1d72-4436-b1d2-7938a0bf1b78: start FollowerState
2019-06-15 15:44:19,098 INFO  util.JmxRegister (JmxRegister.java:tryRegister(44)) - Successfully registered JMX Bean with object name Ratis:service=RaftServer,group=group-DB95EFE153F3,id=1fffc812-1d72-4436-b1d2-7938a0bf1b78
2019-06-15 15:44:19,112 INFO  pipeline.PipelineStateManager (PipelineStateManager.java:addPipeline(56)) - Created pipeline Pipeline[ Id: 259c9c0d-14fc-4eea-8af0-db95efe153f3, Nodes: 1fffc812-1d72-4436-b1d2-7938a0bf1b78{ip: 192.168.11.195, host: ozone-unit-076618677d3-jsk2l-1196283018, networkLocation: /default-rack, certSerialId: null}53b4337f-ee38-4cb8-b4ea-1ff3b79944bc{ip: 192.168.11.195, host: ozone-unit-076618677d3-jsk2l-1196283018, networkLocation: /default-rack, certSerialId: null}18950eee-44d7-44d9-93cf-e381da6123b2{ip: 192.168.11.195, host: ozone-unit-076618677d3-jsk2l-1196283018, networkLocation: /default-rack, certSerialId: null}, Type:RATIS, Factor:THREE, State:OPEN]
2019-06-15 15:44:19,782 INFO  impl.FollowerState (FollowerState.java:run(101)) - dd29cc7b-2d60-4c7f-b04a-a9dc8aebdc23:group-67889E787117 changes to CANDIDATE, lastRpcTime:1025, electionTimeout:1024ms
2019-06-15 15:44:19,782 INFO  impl.RoleInfo (RoleInfo.java:shutdownFollowerState(121)) - dd29cc7b-2d60-4c7f-b04a-a9dc8aebdc23: shutdown FollowerState
2019-06-15 15:44:19,782 INFO  impl.RaftServerImpl (RaftServerImpl.java:setRole(164)) - dd29cc7b-2d60-4c7f-b04a-a9dc8aebdc23:group-67889E787117 changes role from FOLLOWER to CANDIDATE at term 0 for changeToCandidate
2019-06-15 15:44:19,783 INFO  impl.RoleInfo (RoleInfo.java:updateAndGet(143)) - dd29cc7b-2d60-4c7f-b04a-a9dc8aebdc23: start LeaderElection
2019-06-15 15:44:19,789 INFO  impl.LeaderElection (LeaderElection.java:askForVotes(181)) - dd29cc7b-2d60-4c7f-b04a-a9dc8aebdc23:group-67889E787117:LeaderElection1: begin an election at term 1 for -1: [dd29cc7b-2d60-4c7f-b04a-a9dc8aebdc23:192.168.11.195:37607], old=null
2019-06-15 15:44:19,791 INFO  impl.RoleInfo (RoleInfo.java:shutdownLeaderElection(134)) - dd29cc7b-2d60-4c7f-b04a-a9dc8aebdc23: shutdown LeaderElection
2019-06-15 15:44:19,792 INFO  impl.RaftServerImpl (RaftServerImpl.java:setRole(164)) - dd29cc7b-2d60-4c7f-b04a-a9dc8aebdc23:group-67889E787117 changes role from CANDIDATE to LEADER at term 1 for changeToLeader
2019-06-15 15:44:19,792 INFO  impl.RaftServerImpl (ServerState.java:setLeader(263)) - dd29cc7b-2d60-4c7f-b04a-a9dc8aebdc23:group-67889E787117 change Leader from null to dd29cc7b-2d60-4c7f-b04a-a9dc8aebdc23 at term 1 for becomeLeader, leader elected after 1038ms
2019-06-15 15:44:19,793 INFO  impl.FollowerState (FollowerState.java:run(101)) - eb93222d-5d3c-4dfd-8236-bea46e9259fe:group-D4D02DAB7D3C changes to CANDIDATE, lastRpcTime:1129, electionTimeout:1129ms
2019-06-15 15:44:19,794 INFO  impl.RoleInfo (RoleInfo.java:shutdownFollowerState(121)) - eb93222d-5d3c-4dfd-8236-bea46e9259fe: shutdown FollowerState
2019-06-15 15:44:19,794 INFO  impl.RaftServerImpl (RaftServerImpl.java:setRole(164)) - eb93222d-5d3c-4dfd-8236-bea46e9259fe:group-D4D02DAB7D3C changes role from FOLLOWER to CANDIDATE at term 0 for changeToCandidate
2019-06-15 15:44:19,794 INFO  impl.RoleInfo (RoleInfo.java:updateAndGet(143)) - eb93222d-5d3c-4dfd-8236-bea46e9259fe: start LeaderElection
2019-06-15 15:44:19,798 INFO  server.RaftServerConfigKeys (ConfUtils.java:logGet(43)) - raft.server.staging.catchup.gap = 1000 (default)
2019-06-15 15:44:19,799 INFO  server.RaftServerConfigKeys (ConfUtils.java:logGet(43)) - raft.server.rpc.sleep.time = 25ms (default)
2019-06-15 15:44:19,799 INFO  impl.LeaderElection (LeaderElection.java:askForVotes(181)) - eb93222d-5d3c-4dfd-8236-bea46e9259fe:group-D4D02DAB7D3C:LeaderElection2: begin an election at term 1 for -1: [eb93222d-5d3c-4dfd-8236-bea46e9259fe:192.168.11.195:39609], old=null
2019-06-15 15:44:19,800 INFO  impl.RoleInfo (RoleInfo.java:shutdownLeaderElection(134)) - eb93222d-5d3c-4dfd-8236-bea46e9259fe: shutdown LeaderElection
2019-06-15 15:44:19,800 INFO  impl.RaftServerImpl (RaftServerImpl.java:setRole(164)) - eb93222d-5d3c-4dfd-8236-bea46e9259fe:group-D4D02DAB7D3C changes role from CANDIDATE to LEADER at term 1 for changeToLeader
2019-06-15 15:44:19,800 INFO  impl.RaftServerImpl (ServerState.java:setLeader(263)) - eb93222d-5d3c-4dfd-8236-bea46e9259fe:group-D4D02DAB7D3C change Leader from null to eb93222d-5d3c-4dfd-8236-bea46e9259fe at term 1 for becomeLeader, leader elected after 1197ms
2019-06-15 15:44:19,800 INFO  server.RaftServerConfigKeys (ConfUtils.java:logGet(43)) - raft.server.staging.catchup.gap = 1000 (default)
2019-06-15 15:44:19,800 INFO  server.RaftServerConfigKeys (ConfUtils.java:logGet(43)) - raft.server.rpc.sleep.time = 25ms (default)
2019-06-15 15:44:19,801 INFO  server.RaftServerConfigKeys (ConfUtils.java:logGet(43)) - raft.server.watch.timeout = 10s (default)
2019-06-15 15:44:19,801 INFO  server.RaftServerConfigKeys (ConfUtils.java:logGet(43)) - raft.server.watch.timeout = 10s (default)
2019-06-15 15:44:19,801 INFO  server.RaftServerConfigKeys (ConfUtils.java:logGet(43)) - raft.server.watch.timeout.denomination = 1s (default)
2019-06-15 15:44:19,801 INFO  server.RaftServerConfigKeys (ConfUtils.java:logGet(43)) - raft.server.watch.timeout.denomination = 1s (default)
2019-06-15 15:44:19,808 INFO  impl.RoleInfo (RoleInfo.java:updateAndGet(143)) - eb93222d-5d3c-4dfd-8236-bea46e9259fe: start LeaderState
2019-06-15 15:44:19,808 INFO  impl.RoleInfo (RoleInfo.java:updateAndGet(143)) - dd29cc7b-2d60-4c7f-b04a-a9dc8aebdc23: start LeaderState
2019-06-15 15:44:19,824 INFO  storage.RaftLogWorker (RaftLogWorker.java:startLogSegment(298)) - dd29cc7b-2d60-4c7f-b04a-a9dc8aebdc23-RaftLogWorker: Starting segment from index:0
2019-06-15 15:44:19,824 INFO  storage.RaftLogWorker (RaftLogWorker.java:startLogSegment(298)) - eb93222d-5d3c-4dfd-8236-bea46e9259fe-RaftLogWorker: Starting segment from index:0
2019-06-15 15:44:19,837 INFO  impl.RaftServerImpl (ServerState.java:setRaftConf(361)) - eb93222d-5d3c-4dfd-8236-bea46e9259fe:group-D4D02DAB7D3C set configuration 0: [eb93222d-5d3c-4dfd-8236-bea46e9259fe:192.168.11.195:39609], old=null at 0
2019-06-15 15:44:19,856 INFO  impl.RaftServerImpl (ServerState.java:setRaftConf(361)) - dd29cc7b-2d60-4c7f-b04a-a9dc8aebdc23:group-67889E787117 set configuration 0: [dd29cc7b-2d60-4c7f-b04a-a9dc8aebdc23:192.168.11.195:37607], old=null at 0
2019-06-15 15:44:19,877 INFO  impl.FollowerState (FollowerState.java:run(101)) - b24533e7-86f6-4b86-898d-7192fec445e1:group-7292233933C7 changes to CANDIDATE, lastRpcTime:1085, electionTimeout:1085ms
2019-06-15 15:44:19,878 INFO  impl.RoleInfo (RoleInfo.java:shutdownFollowerState(121)) - b24533e7-86f6-4b86-898d-7192fec445e1: shutdown FollowerState
2019-06-15 15:44:19,878 INFO  impl.RaftServerImpl (RaftServerImpl.java:setRole(164)) - b24533e7-86f6-4b86-898d-7192fec445e1:group-7292233933C7 changes role from FOLLOWER to CANDIDATE at term 0 for changeToCandidate
2019-06-15 15:44:19,878 INFO  impl.RoleInfo (RoleInfo.java:updateAndGet(143)) - b24533e7-86f6-4b86-898d-7192fec445e1: start LeaderElection
2019-06-15 15:44:19,883 INFO  impl.LeaderElection (LeaderElection.java:askForVotes(181)) - b24533e7-86f6-4b86-898d-7192fec445e1:group-7292233933C7:LeaderElection3: begin an election at term 1 for -1: [b24533e7-86f6-4b86-898d-7192fec445e1:192.168.11.195:35183], old=null
2019-06-15 15:44:19,883 INFO  impl.RoleInfo (RoleInfo.java:shutdownLeaderElection(134)) - b24533e7-86f6-4b86-898d-7192fec445e1: shutdown LeaderElection
2019-06-15 15:44:19,883 INFO  impl.RaftServerImpl (RaftServerImpl.java:setRole(164)) - b24533e7-86f6-4b86-898d-7192fec445e1:group-7292233933C7 changes role from CANDIDATE to LEADER at term 1 for changeToLeader
2019-06-15 15:44:19,883 INFO  impl.RaftServerImpl (ServerState.java:setLeader(263)) - b24533e7-86f6-4b86-898d-7192fec445e1:group-7292233933C7 change Leader from null to b24533e7-86f6-4b86-898d-7192fec445e1 at term 1 for becomeLeader, leader elected after 1092ms
2019-06-15 15:44:19,883 INFO  server.RaftServerConfigKeys (ConfUtils.java:logGet(43)) - raft.server.staging.catchup.gap = 1000 (default)
2019-06-15 15:44:19,883 INFO  server.RaftServerConfigKeys (ConfUtils.java:logGet(43)) - raft.server.rpc.sleep.time = 25ms (default)
2019-06-15 15:44:19,883 INFO  server.RaftServerConfigKeys (ConfUtils.java:logGet(43)) - raft.server.watch.timeout = 10s (default)
2019-06-15 15:44:19,883 INFO  server.RaftServerConfigKeys (ConfUtils.java:logGet(43)) - raft.server.watch.timeout.denomination = 1s (default)
2019-06-15 15:44:19,883 INFO  impl.RoleInfo (RoleInfo.java:updateAndGet(143)) - b24533e7-86f6-4b86-898d-7192fec445e1: start LeaderState
2019-06-15 15:44:19,883 INFO  storage.RaftLogWorker (RaftLogWorker.java:startLogSegment(298)) - b24533e7-86f6-4b86-898d-7192fec445e1-RaftLogWorker: Starting segment from index:0
2019-06-15 15:44:19,884 INFO  impl.RaftServerImpl (ServerState.java:setRaftConf(361)) - b24533e7-86f6-4b86-898d-7192fec445e1:group-7292233933C7 set configuration 0: [b24533e7-86f6-4b86-898d-7192fec445e1:192.168.11.195:35183], old=null at 0
2019-06-15 15:44:19,972 INFO  impl.FollowerState (FollowerState.java:run(101)) - 18950eee-44d7-44d9-93cf-e381da6123b2:group-D315B41A50F0 changes to CANDIDATE, lastRpcTime:1148, electionTimeout:1148ms
2019-06-15 15:44:19,973 INFO  impl.RoleInfo (RoleInfo.java:shutdownFollowerState(121)) - 18950eee-44d7-44d9-93cf-e381da6123b2: shutdown FollowerState
2019-06-15 15:44:19,973 INFO  impl.RaftServerImpl (RaftServerImpl.java:setRole(164)) - 18950eee-44d7-44d9-93cf-e381da6123b2:group-D315B41A50F0 changes role from FOLLOWER to CANDIDATE at term 0 for changeToCandidate
2019-06-15 15:44:19,973 INFO  impl.RoleInfo (RoleInfo.java:updateAndGet(143)) - 18950eee-44d7-44d9-93cf-e381da6123b2: start LeaderElection
2019-06-15 15:44:19,995 INFO  impl.FollowerState (FollowerState.java:run(101)) - dd29cc7b-2d60-4c7f-b04a-a9dc8aebdc23:group-B27D8D7CDA6A changes to CANDIDATE, lastRpcTime:1111, electionTimeout:1105ms
2019-06-15 15:44:19,995 INFO  impl.RoleInfo (RoleInfo.java:shutdownFollowerState(121)) - dd29cc7b-2d60-4c7f-b04a-a9dc8aebdc23: shutdown FollowerState
2019-06-15 15:44:19,995 INFO  impl.RaftServerImpl (RaftServerImpl.java:setRole(164)) - dd29cc7b-2d60-4c7f-b04a-a9dc8aebdc23:group-B27D8D7CDA6A changes role from FOLLOWER to CANDIDATE at term 0 for changeToCandidate
2019-06-15 15:44:19,995 INFO  impl.RoleInfo (RoleInfo.java:updateAndGet(143)) - dd29cc7b-2d60-4c7f-b04a-a9dc8aebdc23: start LeaderElection
2019-06-15 15:44:20,001 INFO  impl.FollowerState (FollowerState.java:run(101)) - 53b4337f-ee38-4cb8-b4ea-1ff3b79944bc:group-DD0F8060081B changes to CANDIDATE, lastRpcTime:1079, electionTimeout:1079ms
2019-06-15 15:44:20,003 INFO  impl.RoleInfo (RoleInfo.java:shutdownFollowerState(121)) - 53b4337f-ee38-4cb8-b4ea-1ff3b79944bc: shutdown FollowerState
2019-06-15 15:44:20,003 INFO  impl.RaftServerImpl (RaftServerImpl.java:setRole(164)) - 53b4337f-ee38-4cb8-b4ea-1ff3b79944bc:group-DD0F8060081B changes role from FOLLOWER to CANDIDATE at term 0 for changeToCandidate
2019-06-15 15:44:20,003 INFO  impl.RoleInfo (RoleInfo.java:updateAndGet(143)) - 53b4337f-ee38-4cb8-b4ea-1ff3b79944bc: start LeaderElection
2019-06-15 15:44:20,006 INFO  impl.LeaderElection (LeaderElection.java:askForVotes(181)) - 18950eee-44d7-44d9-93cf-e381da6123b2:group-D315B41A50F0:LeaderElection4: begin an election at term 1 for -1: [18950eee-44d7-44d9-93cf-e381da6123b2:192.168.11.195:35131], old=null
2019-06-15 15:44:20,007 INFO  impl.RoleInfo (RoleInfo.java:shutdownLeaderElection(134)) - 18950eee-44d7-44d9-93cf-e381da6123b2: shutdown LeaderElection
2019-06-15 15:44:20,007 INFO  impl.RaftServerImpl (RaftServerImpl.java:setRole(164)) - 18950eee-44d7-44d9-93cf-e381da6123b2:group-D315B41A50F0 changes role from CANDIDATE to LEADER at term 1 for changeToLeader
2019-06-15 15:44:20,007 INFO  impl.RaftServerImpl (ServerState.java:setLeader(263)) - 18950eee-44d7-44d9-93cf-e381da6123b2:group-D315B41A50F0 change Leader from null to 18950eee-44d7-44d9-93cf-e381da6123b2 at term 1 for becomeLeader, leader elected after 1184ms
2019-06-15 15:44:20,007 INFO  server.RaftServerConfigKeys (ConfUtils.java:logGet(43)) - raft.server.staging.catchup.gap = 1000 (default)
2019-06-15 15:44:20,007 INFO  server.RaftServerConfigKeys (ConfUtils.java:logGet(43)) - raft.server.rpc.sleep.time = 25ms (default)
2019-06-15 15:44:20,007 INFO  server.RaftServerConfigKeys (ConfUtils.java:logGet(43)) - raft.server.watch.timeout = 10s (default)
2019-06-15 15:44:20,007 INFO  server.RaftServerConfigKeys (ConfUtils.java:logGet(43)) - raft.server.watch.timeout.denomination = 1s (default)
2019-06-15 15:44:20,007 INFO  impl.FollowerState (FollowerState.java:run(101)) - eb93222d-5d3c-4dfd-8236-bea46e9259fe:group-B27D8D7CDA6A changes to CANDIDATE, lastRpcTime:1135, electionTimeout:1135ms
2019-06-15 15:44:20,007 INFO  impl.RoleInfo (RoleInfo.java:shutdownFollowerState(121)) - eb93222d-5d3c-4dfd-8236-bea46e9259fe: shutdown FollowerState
2019-06-15 15:44:20,007 INFO  impl.RaftServerImpl (RaftServerImpl.java:setRole(164)) - eb93222d-5d3c-4dfd-8236-bea46e9259fe:group-B27D8D7CDA6A changes role from FOLLOWER to CANDIDATE at term 0 for changeToCandidate
2019-06-15 15:44:20,007 INFO  impl.RoleInfo (RoleInfo.java:updateAndGet(143)) - 18950eee-44d7-44d9-93cf-e381da6123b2: start LeaderState
2019-06-15 15:44:20,007 INFO  impl.RoleInfo (RoleInfo.java:updateAndGet(143)) - eb93222d-5d3c-4dfd-8236-bea46e9259fe: start LeaderElection
2019-06-15 15:44:20,008 INFO  storage.RaftLogWorker (RaftLogWorker.java:startLogSegment(298)) - 18950eee-44d7-44d9-93cf-e381da6123b2-RaftLogWorker: Starting segment from index:0
2019-06-15 15:44:20,008 INFO  storage.RaftLogWorker (RaftLogWorker.java:execute(469)) - eb93222d-5d3c-4dfd-8236-bea46e9259fe-RaftLogWorker: created new log segment /opt/src/hadoop-ozone/integration-test/target/test-dir/MiniOzoneClusterImpl-c1232090-6f07-487d-b6cc-f849b5e27630/datanode-0/data/ratis/95737f00-f7f8-475f-9b13-d4d02dab7d3c/current/log_inprogress_0
2019-06-15 15:44:20,008 INFO  storage.RaftLogWorker (RaftLogWorker.java:execute(469)) - dd29cc7b-2d60-4c7f-b04a-a9dc8aebdc23-RaftLogWorker: created new log segment /opt/src/hadoop-ozone/integration-test/target/test-dir/MiniOzoneClusterImpl-c1232090-6f07-487d-b6cc-f849b5e27630/datanode-2/data/ratis/7dbd10c4-5c67-4710-83bd-67889e787117/current/log_inprogress_0
2019-06-15 15:44:20,010 INFO  impl.LeaderElection (LeaderElection.java:askForVotes(181)) - 53b4337f-ee38-4cb8-b4ea-1ff3b79944bc:group-DD0F8060081B:LeaderElection6: begin an election at term 1 for -1: [53b4337f-ee38-4cb8-b4ea-1ff3b79944bc:192.168.11.195:34079], old=null
2019-06-15 15:44:20,010 INFO  impl.RoleInfo (RoleInfo.java:shutdownLeaderElection(134)) - 53b4337f-ee38-4cb8-b4ea-1ff3b79944bc: shutdown LeaderElection
2019-06-15 15:44:20,010 INFO  impl.RaftServerImpl (RaftServerImpl.java:setRole(164)) - 53b4337f-ee38-4cb8-b4ea-1ff3b79944bc:group-DD0F8060081B changes role from CANDIDATE to LEADER at term 1 for changeToLeader
2019-06-15 15:44:20,010 INFO  impl.RaftServerImpl (ServerState.java:setLeader(263)) - 53b4337f-ee38-4cb8-b4ea-1ff3b79944bc:group-DD0F8060081B change Leader from null to 53b4337f-ee38-4cb8-b4ea-1ff3b79944bc at term 1 for becomeLeader, leader elected after 1091ms
2019-06-15 15:44:20,011 INFO  server.RaftServerConfigKeys (ConfUtils.java:logGet(43)) - raft.server.staging.catchup.gap = 1000 (default)
2019-06-15 15:44:20,011 INFO  server.RaftServerConfigKeys (ConfUtils.java:logGet(43)) - raft.server.rpc.sleep.time = 25ms (default)
2019-06-15 15:44:20,011 INFO  server.RaftServerConfigKeys (ConfUtils.java:logGet(43)) - raft.server.watch.timeout = 10s (default)
2019-06-15 15:44:20,011 INFO  server.RaftServerConfigKeys (ConfUtils.java:logGet(43)) - raft.server.watch.timeout.denomination = 1s (default)
2019-06-15 15:44:20,011 INFO  impl.RoleInfo (RoleInfo.java:updateAndGet(143)) - 53b4337f-ee38-4cb8-b4ea-1ff3b79944bc: start LeaderState
2019-06-15 15:44:20,011 INFO  storage.RaftLogWorker (RaftLogWorker.java:startLogSegment(298)) - 53b4337f-ee38-4cb8-b4ea-1ff3b79944bc-RaftLogWorker: Starting segment from index:0
2019-06-15 15:44:20,012 INFO  impl.RaftServerImpl (ServerState.java:setRaftConf(361)) - 53b4337f-ee38-4cb8-b4ea-1ff3b79944bc:group-DD0F8060081B set configuration 0: [53b4337f-ee38-4cb8-b4ea-1ff3b79944bc:192.168.11.195:34079], old=null at 0
2019-06-15 15:44:20,012 INFO  storage.RaftLogWorker (RaftLogWorker.java:execute(469)) - b24533e7-86f6-4b86-898d-7192fec445e1-RaftLogWorker: created new log segment /opt/src/hadoop-ozone/integration-test/target/test-dir/MiniOzoneClusterImpl-c1232090-6f07-487d-b6cc-f849b5e27630/datanode-1/data/ratis/e3fc1705-0397-4950-b4d7-7292233933c7/current/log_inprogress_0
2019-06-15 15:44:20,029 INFO  impl.FollowerState (FollowerState.java:run(101)) - b24533e7-86f6-4b86-898d-7192fec445e1:group-B27D8D7CDA6A changes to CANDIDATE, lastRpcTime:1146, electionTimeout:1133ms
2019-06-15 15:44:20,029 INFO  impl.RoleInfo (RoleInfo.java:shutdownFollowerState(121)) - b24533e7-86f6-4b86-898d-7192fec445e1: shutdown FollowerState
2019-06-15 15:44:20,029 INFO  impl.RaftServerImpl (RaftServerImpl.java:setRole(164)) - b24533e7-86f6-4b86-898d-7192fec445e1:group-B27D8D7CDA6A changes role from FOLLOWER to CANDIDATE at term 0 for changeToCandidate
2019-06-15 15:44:20,029 INFO  impl.RaftServerImpl (ServerState.java:setRaftConf(361)) - 18950eee-44d7-44d9-93cf-e381da6123b2:group-D315B41A50F0 set configuration 0: [18950eee-44d7-44d9-93cf-e381da6123b2:192.168.11.195:35131], old=null at 0
2019-06-15 15:44:20,029 INFO  impl.RoleInfo (RoleInfo.java:updateAndGet(143)) - b24533e7-86f6-4b86-898d-7192fec445e1: start LeaderElection
2019-06-15 15:44:20,047 INFO  impl.LeaderElection (LeaderElection.java:askForVotes(181)) - dd29cc7b-2d60-4c7f-b04a-a9dc8aebdc23:group-B27D8D7CDA6A:LeaderElection5: begin an election at term 1 for -1: [b24533e7-86f6-4b86-898d-7192fec445e1:192.168.11.195:35183, dd29cc7b-2d60-4c7f-b04a-a9dc8aebdc23:192.168.11.195:37607, eb93222d-5d3c-4dfd-8236-bea46e9259fe:192.168.11.195:39609], old=null
2019-06-15 15:44:20,051 INFO  ozone.MiniOzoneClusterImpl (MiniOzoneClusterImpl.java:lambda$waitForClusterToBeReady$0(142)) - Cluster is ready. Got 6 of 6 DN Heartbeats.
2019-06-15 15:44:20,078 INFO  impl.LeaderElection (LeaderElection.java:askForVotes(181)) - b24533e7-86f6-4b86-898d-7192fec445e1:group-B27D8D7CDA6A:LeaderElection8: begin an election at term 1 for -1: [b24533e7-86f6-4b86-898d-7192fec445e1:192.168.11.195:35183, dd29cc7b-2d60-4c7f-b04a-a9dc8aebdc23:192.168.11.195:37607, eb93222d-5d3c-4dfd-8236-bea46e9259fe:192.168.11.195:39609], old=null
2019-06-15 15:44:20,097 INFO  storage.RaftLogWorker (RaftLogWorker.java:execute(469)) - 18950eee-44d7-44d9-93cf-e381da6123b2-RaftLogWorker: created new log segment /opt/src/hadoop-ozone/integration-test/target/test-dir/MiniOzoneClusterImpl-c1232090-6f07-487d-b6cc-f849b5e27630/datanode-3/data/ratis/2a7c5196-fe34-446d-8968-d315b41a50f0/current/log_inprogress_0
2019-06-15 15:44:20,097 INFO  impl.LeaderElection (LeaderElection.java:askForVotes(181)) - eb93222d-5d3c-4dfd-8236-bea46e9259fe:group-B27D8D7CDA6A:LeaderElection7: begin an election at term 1 for -1: [b24533e7-86f6-4b86-898d-7192fec445e1:192.168.11.195:35183, dd29cc7b-2d60-4c7f-b04a-a9dc8aebdc23:192.168.11.195:37607, eb93222d-5d3c-4dfd-8236-bea46e9259fe:192.168.11.195:39609], old=null
2019-06-15 15:44:20,097 INFO  impl.FollowerState (FollowerState.java:run(101)) - 53b4337f-ee38-4cb8-b4ea-1ff3b79944bc:group-DB95EFE153F3 changes to CANDIDATE, lastRpcTime:1000, electionTimeout:1000ms
2019-06-15 15:44:20,097 INFO  impl.RoleInfo (RoleInfo.java:shutdownFollowerState(121)) - 53b4337f-ee38-4cb8-b4ea-1ff3b79944bc: shutdown FollowerState
2019-06-15 15:44:20,098 INFO  impl.RaftServerImpl (RaftServerImpl.java:setRole(164)) - 53b4337f-ee38-4cb8-b4ea-1ff3b79944bc:group-DB95EFE153F3 changes role from FOLLOWER to CANDIDATE at term 0 for changeToCandidate
]]></system-out>
    <system-err><![CDATA[ERROR StatusLogger No Log4j 2 configuration file found. Using default configuration (logging only errors to the console), or user programmatically provided configurations. Set system property 'log4j2.debug' to show Log4j 2 internal initialization logging. See https://logging.apache.org/log4j/2.x/manual/configuration.html for instructions on how to configure Log4j 2
Jun 15, 2019 3:44:13 PM com.sun.jersey.server.impl.application.WebApplicationImpl _initiate
INFO: Initiating Jersey application, version 'Jersey: 1.19 02/11/2015 03:25 AM'
Jun 15, 2019 3:44:14 PM com.sun.jersey.server.impl.application.WebApplicationImpl _initiate
INFO: Initiating Jersey application, version 'Jersey: 1.19 02/11/2015 03:25 AM'
Jun 15, 2019 3:44:14 PM com.sun.jersey.server.impl.application.WebApplicationImpl _initiate
INFO: Initiating Jersey application, version 'Jersey: 1.19 02/11/2015 03:25 AM'
Jun 15, 2019 3:44:14 PM com.sun.jersey.server.impl.application.WebApplicationImpl _initiate
INFO: Initiating Jersey application, version 'Jersey: 1.19 02/11/2015 03:25 AM'
Jun 15, 2019 3:44:14 PM com.sun.jersey.server.impl.application.WebApplicationImpl _initiate
INFO: Initiating Jersey application, version 'Jersey: 1.19 02/11/2015 03:25 AM'
Jun 15, 2019 3:44:14 PM com.sun.jersey.server.impl.application.WebApplicationImpl _initiate
INFO: Initiating Jersey application, version 'Jersey: 1.19 02/11/2015 03:25 AM'
]]></system-err>
  </testcase>
</testsuite>