<?xml version="1.0" encoding="UTF-8"?>
<testsuite xmlns:xsi="http://www.w3.org/2001/XMLSchema-instance" xsi:noNamespaceSchemaLocation="https://maven.apache.org/surefire/maven-surefire-plugin/xsd/surefire-test-report.xsd" name="org.apache.hadoop.hdds.scm.pipeline.TestNodeFailure" time="10.161" tests="1" errors="0" skipped="1" failures="0">
  <properties>
    <property name="awt.toolkit" value="sun.awt.X11.XToolkit"/>
    <property name="file.encoding.pkg" value="sun.io"/>
    <property name="java.specification.version" value="1.8"/>
    <property name="sun.cpu.isalist" value=""/>
    <property name="sun.jnu.encoding" value="UTF-8"/>
    <property name="java.class.path" value="/opt/src/hadoop-ozone/integration-test/target/test-classes:/opt/src/hadoop-ozone/integration-test/target/classes:/root/.m2/repository/org/apache/hadoop/hadoop-ozone-common/0.5.0-SNAPSHOT/hadoop-ozone-common-0.5.0-SNAPSHOT.jar:/root/.m2/repository/org/apache/commons/commons-compress/1.4.1/commons-compress-1.4.1.jar:/root/.m2/repository/org/tukaani/xz/1.0/xz-1.0.jar:/root/.m2/repository/org/apache/hadoop/hadoop-common/3.2.0/hadoop-common-3.2.0.jar:/root/.m2/repository/org/apache/hadoop/hadoop-hdfs/3.2.0/hadoop-hdfs-3.2.0.jar:/root/.m2/repository/org/apache/hadoop/hadoop-hdfs-client/3.2.0/hadoop-hdfs-client-3.2.0.jar:/root/.m2/repository/com/fasterxml/jackson/core/jackson-annotations/2.9.5/jackson-annotations-2.9.5.jar:/root/.m2/repository/org/apache/hadoop/hadoop-hdds-common/0.5.0-SNAPSHOT/hadoop-hdds-common-0.5.0-SNAPSHOT.jar:/root/.m2/repository/javax/annotation/javax.annotation-api/1.2/javax.annotation-api-1.2.jar:/root/.m2/repository/org/apache/ratis/ratis-server/0.4.0-fe2b15d-SNAPSHOT/ratis-server-0.4.0-fe2b15d-SNAPSHOT.jar:/root/.m2/repository/org/apache/ratis/ratis-thirdparty-misc/0.2.0/ratis-thirdparty-misc-0.2.0.jar:/root/.m2/repository/org/apache/ratis/ratis-proto/0.4.0-fe2b15d-SNAPSHOT/ratis-proto-0.4.0-fe2b15d-SNAPSHOT.jar:/root/.m2/repository/org/apache/ratis/ratis-common/0.4.0-fe2b15d-SNAPSHOT/ratis-common-0.4.0-fe2b15d-SNAPSHOT.jar:/root/.m2/repository/org/apache/ratis/ratis-client/0.4.0-fe2b15d-SNAPSHOT/ratis-client-0.4.0-fe2b15d-SNAPSHOT.jar:/root/.m2/repository/org/apache/ratis/ratis-netty/0.4.0-fe2b15d-SNAPSHOT/ratis-netty-0.4.0-fe2b15d-SNAPSHOT.jar:/root/.m2/repository/org/apache/ratis/ratis-grpc/0.4.0-fe2b15d-SNAPSHOT/ratis-grpc-0.4.0-fe2b15d-SNAPSHOT.jar:/root/.m2/repository/org/rocksdb/rocksdbjni/5.14.2/rocksdbjni-5.14.2.jar:/root/.m2/repository/org/apache/logging/log4j/log4j-api/2.11.0/log4j-api-2.11.0.jar:/root/.m2/repository/org/apache/logging/log4j/log4j-core/2.11.0/log4j-core-2.11.0.jar:/root/.m2/repository/com/lmax/disruptor/3.4.2/disruptor-3.4.2.jar:/root/.m2/repository/org/apache/commons/commons-pool2/2.6.0/commons-pool2-2.6.0.jar:/root/.m2/repository/org/bouncycastle/bcpkix-jdk15on/1.60/bcpkix-jdk15on-1.60.jar:/root/.m2/repository/commons-validator/commons-validator/1.6/commons-validator-1.6.jar:/root/.m2/repository/commons-digester/commons-digester/1.8.1/commons-digester-1.8.1.jar:/root/.m2/repository/io/jaegertracing/jaeger-client/0.33.1/jaeger-client-0.33.1.jar:/root/.m2/repository/io/jaegertracing/jaeger-thrift/0.33.1/jaeger-thrift-0.33.1.jar:/root/.m2/repository/org/apache/thrift/libthrift/0.11.0/libthrift-0.11.0.jar:/root/.m2/repository/com/squareup/okhttp3/okhttp/3.9.0/okhttp-3.9.0.jar:/root/.m2/repository/com/squareup/okio/okio/1.13.0/okio-1.13.0.jar:/root/.m2/repository/io/jaegertracing/jaeger-core/0.33.1/jaeger-core-0.33.1.jar:/root/.m2/repository/io/jaegertracing/jaeger-tracerresolver/0.33.1/jaeger-tracerresolver-0.33.1.jar:/root/.m2/repository/io/opentracing/contrib/opentracing-tracerresolver/0.1.5/opentracing-tracerresolver-0.1.5.jar:/root/.m2/repository/io/opentracing/opentracing-util/0.31.0/opentracing-util-0.31.0.jar:/root/.m2/repository/io/opentracing/opentracing-api/0.31.0/opentracing-api-0.31.0.jar:/root/.m2/repository/io/opentracing/opentracing-noop/0.31.0/opentracing-noop-0.31.0.jar:/root/.m2/repository/org/apache/hadoop/hadoop-hdds-server-framework/0.5.0-SNAPSHOT/hadoop-hdds-server-framework-0.5.0-SNAPSHOT.jar:/root/.m2/repository/org/apache/hadoop/hadoop-hdds-server-scm/0.5.0-SNAPSHOT/hadoop-hdds-server-scm-0.5.0-SNAPSHOT.jar:/root/.m2/repository/org/apache/hadoop/hadoop-hdds-container-service/0.5.0-SNAPSHOT/hadoop-hdds-container-service-0.5.0-SNAPSHOT.jar:/root/.m2/repository/org/apache/hadoop/hadoop-hdds-client/0.5.0-SNAPSHOT/hadoop-hdds-client-0.5.0-SNAPSHOT.jar:/root/.m2/repository/org/apache/hadoop/hadoop-hdds-tools/0.5.0-SNAPSHOT/hadoop-hdds-tools-0.5.0-SNAPSHOT.jar:/root/.m2/repository/org/apache/hadoop/hadoop-ozone-ozone-manager/0.5.0-SNAPSHOT/hadoop-ozone-ozone-manager-0.5.0-SNAPSHOT.jar:/root/.m2/repository/org/apache/hadoop/hadoop-hdds-docs/0.5.0-SNAPSHOT/hadoop-hdds-docs-0.5.0-SNAPSHOT.jar:/root/.m2/repository/org/bouncycastle/bcprov-jdk15on/1.60/bcprov-jdk15on-1.60.jar:/root/.m2/repository/org/apache/hadoop/hadoop-minikdc/3.2.0/hadoop-minikdc-3.2.0.jar:/root/.m2/repository/commons-io/commons-io/2.5/commons-io-2.5.jar:/root/.m2/repository/org/apache/kerby/kerb-simplekdc/1.0.1/kerb-simplekdc-1.0.1.jar:/root/.m2/repository/org/apache/kerby/kerb-client/1.0.1/kerb-client-1.0.1.jar:/root/.m2/repository/org/apache/kerby/kerby-config/1.0.1/kerby-config-1.0.1.jar:/root/.m2/repository/org/apache/kerby/kerb-core/1.0.1/kerb-core-1.0.1.jar:/root/.m2/repository/org/apache/kerby/kerby-pkix/1.0.1/kerby-pkix-1.0.1.jar:/root/.m2/repository/org/apache/kerby/kerby-asn1/1.0.1/kerby-asn1-1.0.1.jar:/root/.m2/repository/org/apache/kerby/kerby-util/1.0.1/kerby-util-1.0.1.jar:/root/.m2/repository/org/apache/kerby/kerb-common/1.0.1/kerb-common-1.0.1.jar:/root/.m2/repository/org/apache/kerby/kerb-crypto/1.0.1/kerb-crypto-1.0.1.jar:/root/.m2/repository/org/apache/kerby/kerb-util/1.0.1/kerb-util-1.0.1.jar:/root/.m2/repository/org/apache/kerby/token-provider/1.0.1/token-provider-1.0.1.jar:/root/.m2/repository/org/apache/kerby/kerb-admin/1.0.1/kerb-admin-1.0.1.jar:/root/.m2/repository/org/apache/kerby/kerb-server/1.0.1/kerb-server-1.0.1.jar:/root/.m2/repository/org/apache/kerby/kerb-identity/1.0.1/kerb-identity-1.0.1.jar:/root/.m2/repository/org/apache/kerby/kerby-xdr/1.0.1/kerby-xdr-1.0.1.jar:/root/.m2/repository/org/slf4j/slf4j-log4j12/1.7.25/slf4j-log4j12-1.7.25.jar:/root/.m2/repository/org/apache/hadoop/hadoop-ozone-objectstore-service/0.5.0-SNAPSHOT/hadoop-ozone-objectstore-service-0.5.0-SNAPSHOT.jar:/root/.m2/repository/org/apache/hadoop/hadoop-ozone-s3gateway/0.5.0-SNAPSHOT/hadoop-ozone-s3gateway-0.5.0-SNAPSHOT.jar:/root/.m2/repository/org/jboss/weld/servlet/weld-servlet/2.4.7.Final/weld-servlet-2.4.7.Final.jar:/root/.m2/repository/org/glassfish/jersey/containers/jersey-container-servlet-core/2.27/jersey-container-servlet-core-2.27.jar:/root/.m2/repository/org/glassfish/hk2/external/javax.inject/2.5.0-b42/javax.inject-2.5.0-b42.jar:/root/.m2/repository/org/glassfish/jersey/core/jersey-common/2.27/jersey-common-2.27.jar:/root/.m2/repository/org/glassfish/hk2/osgi-resource-locator/1.0.1/osgi-resource-locator-1.0.1.jar:/root/.m2/repository/javax/ws/rs/javax.ws.rs-api/2.1/javax.ws.rs-api-2.1.jar:/root/.m2/repository/org/glassfish/jersey/ext/cdi/jersey-cdi1x/2.27/jersey-cdi1x-2.27.jar:/root/.m2/repository/org/glassfish/jersey/inject/jersey-hk2/2.27/jersey-hk2-2.27.jar:/root/.m2/repository/org/glassfish/hk2/hk2-locator/2.5.0-b42/hk2-locator-2.5.0-b42.jar:/root/.m2/repository/org/javassist/javassist/3.22.0-CR2/javassist-3.22.0-CR2.jar:/root/.m2/repository/org/glassfish/hk2/hk2-api/2.5.0/hk2-api-2.5.0.jar:/root/.m2/repository/org/glassfish/hk2/external/jakarta.inject/2.5.0/jakarta.inject-2.5.0.jar:/root/.m2/repository/org/glassfish/hk2/hk2-utils/2.5.0/hk2-utils-2.5.0.jar:/root/.m2/repository/jakarta/annotation/jakarta.annotation-api/1.3.4/jakarta.annotation-api-1.3.4.jar:/root/.m2/repository/org/glassfish/hk2/external/aopalliance-repackaged/2.5.0/aopalliance-repackaged-2.5.0.jar:/root/.m2/repository/com/fasterxml/jackson/dataformat/jackson-dataformat-xml/2.9.0/jackson-dataformat-xml-2.9.0.jar:/root/.m2/repository/com/fasterxml/jackson/core/jackson-core/2.9.5/jackson-core-2.9.5.jar:/root/.m2/repository/com/fasterxml/jackson/module/jackson-module-jaxb-annotations/2.9.5/jackson-module-jaxb-annotations-2.9.5.jar:/root/.m2/repository/javax/enterprise/cdi-api/1.2/cdi-api-1.2.jar:/root/.m2/repository/javax/el/javax.el-api/3.0.0/javax.el-api-3.0.0.jar:/root/.m2/repository/javax/interceptor/javax.interceptor-api/1.2/javax.interceptor-api-1.2.jar:/root/.m2/repository/javax/inject/javax.inject/1/javax.inject-1.jar:/root/.m2/repository/com/sun/xml/bind/jaxb-impl/2.3.0.1/jaxb-impl-2.3.0.1.jar:/root/.m2/repository/com/sun/xml/bind/jaxb-core/2.3.0.1/jaxb-core-2.3.0.1.jar:/root/.m2/repository/javax/xml/bind/jaxb-api/2.3.0/jaxb-api-2.3.0.jar:/root/.m2/repository/javax/activation/activation/1.1.1/activation-1.1.1.jar:/root/.m2/repository/org/apache/hadoop/hadoop-ozone-csi/0.5.0-SNAPSHOT/hadoop-ozone-csi-0.5.0-SNAPSHOT.jar:/root/.m2/repository/com/google/protobuf/protobuf-java-util/3.5.1/protobuf-java-util-3.5.1.jar:/root/.m2/repository/org/apache/hadoop/hadoop-hdds-config/0.5.0-SNAPSHOT/hadoop-hdds-config-0.5.0-SNAPSHOT.jar:/root/.m2/repository/com/google/guava/guava/11.0.2/guava-11.0.2.jar:/root/.m2/repository/com/google/protobuf/protobuf-java/2.5.0/protobuf-java-2.5.0.jar:/root/.m2/repository/io/grpc/grpc-netty/1.17.1/grpc-netty-1.17.1.jar:/root/.m2/repository/io/grpc/grpc-core/1.17.1/grpc-core-1.17.1.jar:/root/.m2/repository/io/grpc/grpc-context/1.17.1/grpc-context-1.17.1.jar:/root/.m2/repository/com/google/errorprone/error_prone_annotations/2.2.0/error_prone_annotations-2.2.0.jar:/root/.m2/repository/org/codehaus/mojo/animal-sniffer-annotations/1.17/animal-sniffer-annotations-1.17.jar:/root/.m2/repository/io/opencensus/opencensus-api/0.17.0/opencensus-api-0.17.0.jar:/root/.m2/repository/io/opencensus/opencensus-contrib-grpc-metrics/0.17.0/opencensus-contrib-grpc-metrics-0.17.0.jar:/root/.m2/repository/io/netty/netty-codec-http2/4.1.30.Final/netty-codec-http2-4.1.30.Final.jar:/root/.m2/repository/io/netty/netty-codec-http/4.1.30.Final/netty-codec-http-4.1.30.Final.jar:/root/.m2/repository/io/netty/netty-codec/4.1.30.Final/netty-codec-4.1.30.Final.jar:/root/.m2/repository/io/netty/netty-handler/4.1.30.Final/netty-handler-4.1.30.Final.jar:/root/.m2/repository/io/netty/netty-handler-proxy/4.1.30.Final/netty-handler-proxy-4.1.30.Final.jar:/root/.m2/repository/io/netty/netty-codec-socks/4.1.30.Final/netty-codec-socks-4.1.30.Final.jar:/root/.m2/repository/io/netty/netty-transport-native-epoll/4.1.30.Final/netty-transport-native-epoll-4.1.30.Final.jar:/root/.m2/repository/io/netty/netty-common/4.1.30.Final/netty-common-4.1.30.Final.jar:/root/.m2/repository/io/netty/netty-buffer/4.1.30.Final/netty-buffer-4.1.30.Final.jar:/root/.m2/repository/io/netty/netty-transport/4.1.30.Final/netty-transport-4.1.30.Final.jar:/root/.m2/repository/io/netty/netty-resolver/4.1.30.Final/netty-resolver-4.1.30.Final.jar:/root/.m2/repository/io/netty/netty-transport-native-unix-common/4.1.30.Final/netty-transport-native-unix-common-4.1.30.Final.jar:/root/.m2/repository/io/grpc/grpc-protobuf/1.17.1/grpc-protobuf-1.17.1.jar:/root/.m2/repository/com/google/api/grpc/proto-google-common-protos/1.0.0/proto-google-common-protos-1.0.0.jar:/root/.m2/repository/io/grpc/grpc-protobuf-lite/1.17.1/grpc-protobuf-lite-1.17.1.jar:/root/.m2/repository/io/grpc/grpc-stub/1.17.1/grpc-stub-1.17.1.jar:/root/.m2/repository/org/apache/hadoop/hadoop-ozone-recon/0.5.0-SNAPSHOT/hadoop-ozone-recon-0.5.0-SNAPSHOT.jar:/root/.m2/repository/org/apache/hadoop/hadoop-ozone-reconcodegen/0.5.0-SNAPSHOT/hadoop-ozone-reconcodegen-0.5.0-SNAPSHOT.jar:/root/.m2/repository/com/google/inject/extensions/guice-multibindings/4.0/guice-multibindings-4.0.jar:/root/.m2/repository/com/google/inject/guice/4.0/guice-4.0.jar:/root/.m2/repository/aopalliance/aopalliance/1.0/aopalliance-1.0.jar:/root/.m2/repository/com/google/inject/extensions/guice-servlet/4.0/guice-servlet-4.0.jar:/root/.m2/repository/org/glassfish/jersey/containers/jersey-container-servlet/2.27/jersey-container-servlet-2.27.jar:/root/.m2/repository/org/glassfish/hk2/guice-bridge/2.5.0/guice-bridge-2.5.0.jar:/root/.m2/repository/org/glassfish/jersey/core/jersey-server/2.27/jersey-server-2.27.jar:/root/.m2/repository/org/glassfish/jersey/core/jersey-client/2.27/jersey-client-2.27.jar:/root/.m2/repository/org/glassfish/jersey/media/jersey-media-jaxb/2.27/jersey-media-jaxb-2.27.jar:/root/.m2/repository/javax/validation/validation-api/1.1.0.Final/validation-api-1.1.0.Final.jar:/root/.m2/repository/org/glassfish/jersey/media/jersey-media-json-jackson/2.27/jersey-media-json-jackson-2.27.jar:/root/.m2/repository/org/glassfish/jersey/ext/jersey-entity-filtering/2.27/jersey-entity-filtering-2.27.jar:/root/.m2/repository/com/google/inject/extensions/guice-assistedinject/4.0/guice-assistedinject-4.0.jar:/root/.m2/repository/org/jooq/jooq/3.11.10/jooq-3.11.10.jar:/root/.m2/repository/org/jooq/jooq-meta/3.11.10/jooq-meta-3.11.10.jar:/root/.m2/repository/org/jooq/jooq-codegen/3.11.10/jooq-codegen-3.11.10.jar:/root/.m2/repository/com/jolbox/bonecp/0.8.0.RELEASE/bonecp-0.8.0.RELEASE.jar:/root/.m2/repository/org/xerial/sqlite-jdbc/3.25.2/sqlite-jdbc-3.25.2.jar:/root/.m2/repository/org/springframework/spring-jdbc/5.1.3.RELEASE/spring-jdbc-5.1.3.RELEASE.jar:/root/.m2/repository/org/springframework/spring-beans/5.1.3.RELEASE/spring-beans-5.1.3.RELEASE.jar:/root/.m2/repository/org/springframework/spring-core/5.1.3.RELEASE/spring-core-5.1.3.RELEASE.jar:/root/.m2/repository/org/springframework/spring-jcl/5.1.3.RELEASE/spring-jcl-5.1.3.RELEASE.jar:/root/.m2/repository/org/springframework/spring-tx/5.1.3.RELEASE/spring-tx-5.1.3.RELEASE.jar:/root/.m2/repository/org/apache/hadoop/hadoop-ozone-client/0.5.0-SNAPSHOT/hadoop-ozone-client-0.5.0-SNAPSHOT.jar:/root/.m2/repository/org/apache/hadoop/hadoop-ozone-ozone-manager/0.5.0-SNAPSHOT/hadoop-ozone-ozone-manager-0.5.0-SNAPSHOT-tests.jar:/root/.m2/repository/junit/junit/4.11/junit-4.11.jar:/root/.m2/repository/org/hamcrest/hamcrest-core/1.3/hamcrest-core-1.3.jar:/root/.m2/repository/org/openjdk/jmh/jmh-core/1.19/jmh-core-1.19.jar:/root/.m2/repository/net/sf/jopt-simple/jopt-simple/4.6/jopt-simple-4.6.jar:/root/.m2/repository/org/apache/commons/commons-math3/3.1.1/commons-math3-3.1.1.jar:/root/.m2/repository/org/openjdk/jmh/jmh-generator-annprocess/1.19/jmh-generator-annprocess-1.19.jar:/root/.m2/repository/org/mockito/mockito-all/1.8.5/mockito-all-1.8.5.jar:/root/.m2/repository/org/apache/hadoop/hadoop-kms/3.2.0/hadoop-kms-3.2.0.jar:/root/.m2/repository/org/apache/hadoop/hadoop-auth/3.2.0/hadoop-auth-3.2.0.jar:/root/.m2/repository/com/nimbusds/nimbus-jose-jwt/4.41.1/nimbus-jose-jwt-4.41.1.jar:/root/.m2/repository/com/github/stephenc/jcip/jcip-annotations/1.0-1/jcip-annotations-1.0-1.jar:/root/.m2/repository/net/minidev/json-smart/2.3/json-smart-2.3.jar:/root/.m2/repository/net/minidev/accessors-smart/1.2/accessors-smart-1.2.jar:/root/.m2/repository/org/ow2/asm/asm/5.0.4/asm-5.0.4.jar:/root/.m2/repository/org/apache/curator/curator-framework/2.12.0/curator-framework-2.12.0.jar:/root/.m2/repository/com/sun/jersey/jersey-core/1.19/jersey-core-1.19.jar:/root/.m2/repository/javax/ws/rs/jsr311-api/1.1.1/jsr311-api-1.1.1.jar:/root/.m2/repository/com/sun/jersey/jersey-server/1.19/jersey-server-1.19.jar:/root/.m2/repository/javax/servlet/javax.servlet-api/3.1.0/javax.servlet-api-3.1.0.jar:/root/.m2/repository/org/eclipse/jetty/jetty-server/9.3.24.v20180605/jetty-server-9.3.24.v20180605.jar:/root/.m2/repository/org/eclipse/jetty/jetty-http/9.3.24.v20180605/jetty-http-9.3.24.v20180605.jar:/root/.m2/repository/org/eclipse/jetty/jetty-io/9.3.24.v20180605/jetty-io-9.3.24.v20180605.jar:/root/.m2/repository/org/eclipse/jetty/jetty-webapp/9.3.24.v20180605/jetty-webapp-9.3.24.v20180605.jar:/root/.m2/repository/org/eclipse/jetty/jetty-xml/9.3.24.v20180605/jetty-xml-9.3.24.v20180605.jar:/root/.m2/repository/log4j/log4j/1.2.17/log4j-1.2.17.jar:/root/.m2/repository/org/slf4j/slf4j-api/1.7.25/slf4j-api-1.7.25.jar:/root/.m2/repository/org/slf4j/jul-to-slf4j/1.7.25/jul-to-slf4j-1.7.25.jar:/root/.m2/repository/org/eclipse/jetty/jetty-util/9.3.24.v20180605/jetty-util-9.3.24.v20180605.jar:/root/.m2/repository/io/dropwizard/metrics/metrics-core/3.2.4/metrics-core-3.2.4.jar:/root/.m2/repository/com/fasterxml/jackson/core/jackson-databind/2.9.5/jackson-databind-2.9.5.jar:/root/.m2/repository/org/apache/hadoop/hadoop-kms/3.2.0/hadoop-kms-3.2.0-tests.jar:/root/.m2/repository/org/apache/hadoop/hadoop-hdds-server-scm/0.5.0-SNAPSHOT/hadoop-hdds-server-scm-0.5.0-SNAPSHOT-tests.jar:/root/.m2/repository/org/hamcrest/hamcrest-all/1.3/hamcrest-all-1.3.jar:/root/.m2/repository/info/picocli/picocli/3.9.6/picocli-3.9.6.jar:/root/.m2/repository/org/apache/hadoop/hadoop-hdds-container-service/0.5.0-SNAPSHOT/hadoop-hdds-container-service-0.5.0-SNAPSHOT-tests.jar:/root/.m2/repository/org/yaml/snakeyaml/1.16/snakeyaml-1.16.jar:/root/.m2/repository/org/apache/hadoop/hadoop-common/3.2.0/hadoop-common-3.2.0-tests.jar:/root/.m2/repository/org/apache/hadoop/hadoop-annotations/3.2.0/hadoop-annotations-3.2.0.jar:/usr/lib/jvm/java-1.8-openjdk/jre/../lib/tools.jar:/root/.m2/repository/commons-cli/commons-cli/1.2/commons-cli-1.2.jar:/root/.m2/repository/org/apache/httpcomponents/httpclient/4.5.2/httpclient-4.5.2.jar:/root/.m2/repository/org/apache/httpcomponents/httpcore/4.4.4/httpcore-4.4.4.jar:/root/.m2/repository/commons-codec/commons-codec/1.11/commons-codec-1.11.jar:/root/.m2/repository/commons-net/commons-net/3.6/commons-net-3.6.jar:/root/.m2/repository/commons-collections/commons-collections/3.2.2/commons-collections-3.2.2.jar:/root/.m2/repository/org/eclipse/jetty/jetty-servlet/9.3.24.v20180605/jetty-servlet-9.3.24.v20180605.jar:/root/.m2/repository/org/eclipse/jetty/jetty-security/9.3.24.v20180605/jetty-security-9.3.24.v20180605.jar:/root/.m2/repository/javax/servlet/jsp/jsp-api/2.1/jsp-api-2.1.jar:/root/.m2/repository/com/sun/jersey/jersey-servlet/1.19/jersey-servlet-1.19.jar:/root/.m2/repository/com/sun/jersey/jersey-json/1.19/jersey-json-1.19.jar:/root/.m2/repository/org/codehaus/jettison/jettison/1.1/jettison-1.1.jar:/root/.m2/repository/org/codehaus/jackson/jackson-core-asl/1.9.13/jackson-core-asl-1.9.13.jar:/root/.m2/repository/org/codehaus/jackson/jackson-mapper-asl/1.9.13/jackson-mapper-asl-1.9.13.jar:/root/.m2/repository/org/codehaus/jackson/jackson-jaxrs/1.9.13/jackson-jaxrs-1.9.13.jar:/root/.m2/repository/org/codehaus/jackson/jackson-xc/1.9.13/jackson-xc-1.9.13.jar:/root/.m2/repository/commons-logging/commons-logging/1.1.3/commons-logging-1.1.3.jar:/root/.m2/repository/commons-beanutils/commons-beanutils/1.9.3/commons-beanutils-1.9.3.jar:/root/.m2/repository/org/apache/commons/commons-configuration2/2.1.1/commons-configuration2-2.1.1.jar:/root/.m2/repository/org/apache/commons/commons-lang3/3.7/commons-lang3-3.7.jar:/root/.m2/repository/org/apache/commons/commons-text/1.4/commons-text-1.4.jar:/root/.m2/repository/org/apache/avro/avro/1.7.7/avro-1.7.7.jar:/root/.m2/repository/com/thoughtworks/paranamer/paranamer/2.3/paranamer-2.3.jar:/root/.m2/repository/org/xerial/snappy/snappy-java/1.0.5/snappy-java-1.0.5.jar:/root/.m2/repository/com/google/re2j/re2j/1.1/re2j-1.1.jar:/root/.m2/repository/com/google/code/gson/gson/2.2.4/gson-2.2.4.jar:/root/.m2/repository/com/jcraft/jsch/0.1.54/jsch-0.1.54.jar:/root/.m2/repository/org/apache/curator/curator-client/2.12.0/curator-client-2.12.0.jar:/root/.m2/repository/org/apache/curator/curator-recipes/2.12.0/curator-recipes-2.12.0.jar:/root/.m2/repository/com/google/code/findbugs/jsr305/3.0.0/jsr305-3.0.0.jar:/root/.m2/repository/org/apache/htrace/htrace-core4/4.1.0-incubating/htrace-core4-4.1.0-incubating.jar:/root/.m2/repository/org/apache/zookeeper/zookeeper/3.4.13/zookeeper-3.4.13.jar:/root/.m2/repository/org/apache/yetus/audience-annotations/0.5.0/audience-annotations-0.5.0.jar:/root/.m2/repository/org/codehaus/woodstox/stax2-api/3.1.4/stax2-api-3.1.4.jar:/root/.m2/repository/com/fasterxml/woodstox/woodstox-core/5.0.3/woodstox-core-5.0.3.jar:/root/.m2/repository/dnsjava/dnsjava/2.1.7/dnsjava-2.1.7.jar:/root/.m2/repository/org/apache/hadoop/hadoop-hdfs/3.2.0/hadoop-hdfs-3.2.0-tests.jar:/root/.m2/repository/org/eclipse/jetty/jetty-util-ajax/9.3.24.v20180605/jetty-util-ajax-9.3.24.v20180605.jar:/root/.m2/repository/commons-daemon/commons-daemon/1.0.13/commons-daemon-1.0.13.jar:/root/.m2/repository/io/netty/netty/3.10.5.Final/netty-3.10.5.Final.jar:/root/.m2/repository/io/netty/netty-all/4.0.52.Final/netty-all-4.0.52.Final.jar:/root/.m2/repository/org/fusesource/leveldbjni/leveldbjni-all/1.8/leveldbjni-all-1.8.jar:"/>
    <property name="java.vm.vendor" value="IcedTea"/>
    <property name="sun.arch.data.model" value="64"/>
    <property name="test.build.dir" value="/opt/src/hadoop-ozone/integration-test/target/test-dir"/>
    <property name="test.cache.data" value=""/>
    <property name="java.vendor.url" value="https://icedtea.classpath.org"/>
    <property name="user.timezone" value=""/>
    <property name="java.vm.specification.version" value="1.8"/>
    <property name="os.name" value="Linux"/>
    <property name="test.build.data" value="/opt/src/hadoop-ozone/integration-test/target/test-dir"/>
    <property name="user.country" value="US"/>
    <property name="sun.java.launcher" value="SUN_STANDARD"/>
    <property name="sun.boot.library.path" value="/usr/lib/jvm/java-1.8-openjdk/jre/lib/amd64"/>
    <property name="sun.java.command" value="/opt/src/hadoop-ozone/integration-test/target/surefire/surefirebooter3475046825401328189.jar /opt/src/hadoop-ozone/integration-test/target/surefire 2019-06-13T14-20-17_216-jvmRun1 surefire5350702060155311569tmp surefire_8941464712428456908tmp"/>
    <property name="surefire.test.class.path" value="/opt/src/hadoop-ozone/integration-test/target/test-classes:/opt/src/hadoop-ozone/integration-test/target/classes:/root/.m2/repository/org/apache/hadoop/hadoop-ozone-common/0.5.0-SNAPSHOT/hadoop-ozone-common-0.5.0-SNAPSHOT.jar:/root/.m2/repository/org/apache/commons/commons-compress/1.4.1/commons-compress-1.4.1.jar:/root/.m2/repository/org/tukaani/xz/1.0/xz-1.0.jar:/root/.m2/repository/org/apache/hadoop/hadoop-common/3.2.0/hadoop-common-3.2.0.jar:/root/.m2/repository/org/apache/hadoop/hadoop-hdfs/3.2.0/hadoop-hdfs-3.2.0.jar:/root/.m2/repository/org/apache/hadoop/hadoop-hdfs-client/3.2.0/hadoop-hdfs-client-3.2.0.jar:/root/.m2/repository/com/fasterxml/jackson/core/jackson-annotations/2.9.5/jackson-annotations-2.9.5.jar:/root/.m2/repository/org/apache/hadoop/hadoop-hdds-common/0.5.0-SNAPSHOT/hadoop-hdds-common-0.5.0-SNAPSHOT.jar:/root/.m2/repository/javax/annotation/javax.annotation-api/1.2/javax.annotation-api-1.2.jar:/root/.m2/repository/org/apache/ratis/ratis-server/0.4.0-fe2b15d-SNAPSHOT/ratis-server-0.4.0-fe2b15d-SNAPSHOT.jar:/root/.m2/repository/org/apache/ratis/ratis-thirdparty-misc/0.2.0/ratis-thirdparty-misc-0.2.0.jar:/root/.m2/repository/org/apache/ratis/ratis-proto/0.4.0-fe2b15d-SNAPSHOT/ratis-proto-0.4.0-fe2b15d-SNAPSHOT.jar:/root/.m2/repository/org/apache/ratis/ratis-common/0.4.0-fe2b15d-SNAPSHOT/ratis-common-0.4.0-fe2b15d-SNAPSHOT.jar:/root/.m2/repository/org/apache/ratis/ratis-client/0.4.0-fe2b15d-SNAPSHOT/ratis-client-0.4.0-fe2b15d-SNAPSHOT.jar:/root/.m2/repository/org/apache/ratis/ratis-netty/0.4.0-fe2b15d-SNAPSHOT/ratis-netty-0.4.0-fe2b15d-SNAPSHOT.jar:/root/.m2/repository/org/apache/ratis/ratis-grpc/0.4.0-fe2b15d-SNAPSHOT/ratis-grpc-0.4.0-fe2b15d-SNAPSHOT.jar:/root/.m2/repository/org/rocksdb/rocksdbjni/5.14.2/rocksdbjni-5.14.2.jar:/root/.m2/repository/org/apache/logging/log4j/log4j-api/2.11.0/log4j-api-2.11.0.jar:/root/.m2/repository/org/apache/logging/log4j/log4j-core/2.11.0/log4j-core-2.11.0.jar:/root/.m2/repository/com/lmax/disruptor/3.4.2/disruptor-3.4.2.jar:/root/.m2/repository/org/apache/commons/commons-pool2/2.6.0/commons-pool2-2.6.0.jar:/root/.m2/repository/org/bouncycastle/bcpkix-jdk15on/1.60/bcpkix-jdk15on-1.60.jar:/root/.m2/repository/commons-validator/commons-validator/1.6/commons-validator-1.6.jar:/root/.m2/repository/commons-digester/commons-digester/1.8.1/commons-digester-1.8.1.jar:/root/.m2/repository/io/jaegertracing/jaeger-client/0.33.1/jaeger-client-0.33.1.jar:/root/.m2/repository/io/jaegertracing/jaeger-thrift/0.33.1/jaeger-thrift-0.33.1.jar:/root/.m2/repository/org/apache/thrift/libthrift/0.11.0/libthrift-0.11.0.jar:/root/.m2/repository/com/squareup/okhttp3/okhttp/3.9.0/okhttp-3.9.0.jar:/root/.m2/repository/com/squareup/okio/okio/1.13.0/okio-1.13.0.jar:/root/.m2/repository/io/jaegertracing/jaeger-core/0.33.1/jaeger-core-0.33.1.jar:/root/.m2/repository/io/jaegertracing/jaeger-tracerresolver/0.33.1/jaeger-tracerresolver-0.33.1.jar:/root/.m2/repository/io/opentracing/contrib/opentracing-tracerresolver/0.1.5/opentracing-tracerresolver-0.1.5.jar:/root/.m2/repository/io/opentracing/opentracing-util/0.31.0/opentracing-util-0.31.0.jar:/root/.m2/repository/io/opentracing/opentracing-api/0.31.0/opentracing-api-0.31.0.jar:/root/.m2/repository/io/opentracing/opentracing-noop/0.31.0/opentracing-noop-0.31.0.jar:/root/.m2/repository/org/apache/hadoop/hadoop-hdds-server-framework/0.5.0-SNAPSHOT/hadoop-hdds-server-framework-0.5.0-SNAPSHOT.jar:/root/.m2/repository/org/apache/hadoop/hadoop-hdds-server-scm/0.5.0-SNAPSHOT/hadoop-hdds-server-scm-0.5.0-SNAPSHOT.jar:/root/.m2/repository/org/apache/hadoop/hadoop-hdds-container-service/0.5.0-SNAPSHOT/hadoop-hdds-container-service-0.5.0-SNAPSHOT.jar:/root/.m2/repository/org/apache/hadoop/hadoop-hdds-client/0.5.0-SNAPSHOT/hadoop-hdds-client-0.5.0-SNAPSHOT.jar:/root/.m2/repository/org/apache/hadoop/hadoop-hdds-tools/0.5.0-SNAPSHOT/hadoop-hdds-tools-0.5.0-SNAPSHOT.jar:/root/.m2/repository/org/apache/hadoop/hadoop-ozone-ozone-manager/0.5.0-SNAPSHOT/hadoop-ozone-ozone-manager-0.5.0-SNAPSHOT.jar:/root/.m2/repository/org/apache/hadoop/hadoop-hdds-docs/0.5.0-SNAPSHOT/hadoop-hdds-docs-0.5.0-SNAPSHOT.jar:/root/.m2/repository/org/bouncycastle/bcprov-jdk15on/1.60/bcprov-jdk15on-1.60.jar:/root/.m2/repository/org/apache/hadoop/hadoop-minikdc/3.2.0/hadoop-minikdc-3.2.0.jar:/root/.m2/repository/commons-io/commons-io/2.5/commons-io-2.5.jar:/root/.m2/repository/org/apache/kerby/kerb-simplekdc/1.0.1/kerb-simplekdc-1.0.1.jar:/root/.m2/repository/org/apache/kerby/kerb-client/1.0.1/kerb-client-1.0.1.jar:/root/.m2/repository/org/apache/kerby/kerby-config/1.0.1/kerby-config-1.0.1.jar:/root/.m2/repository/org/apache/kerby/kerb-core/1.0.1/kerb-core-1.0.1.jar:/root/.m2/repository/org/apache/kerby/kerby-pkix/1.0.1/kerby-pkix-1.0.1.jar:/root/.m2/repository/org/apache/kerby/kerby-asn1/1.0.1/kerby-asn1-1.0.1.jar:/root/.m2/repository/org/apache/kerby/kerby-util/1.0.1/kerby-util-1.0.1.jar:/root/.m2/repository/org/apache/kerby/kerb-common/1.0.1/kerb-common-1.0.1.jar:/root/.m2/repository/org/apache/kerby/kerb-crypto/1.0.1/kerb-crypto-1.0.1.jar:/root/.m2/repository/org/apache/kerby/kerb-util/1.0.1/kerb-util-1.0.1.jar:/root/.m2/repository/org/apache/kerby/token-provider/1.0.1/token-provider-1.0.1.jar:/root/.m2/repository/org/apache/kerby/kerb-admin/1.0.1/kerb-admin-1.0.1.jar:/root/.m2/repository/org/apache/kerby/kerb-server/1.0.1/kerb-server-1.0.1.jar:/root/.m2/repository/org/apache/kerby/kerb-identity/1.0.1/kerb-identity-1.0.1.jar:/root/.m2/repository/org/apache/kerby/kerby-xdr/1.0.1/kerby-xdr-1.0.1.jar:/root/.m2/repository/org/slf4j/slf4j-log4j12/1.7.25/slf4j-log4j12-1.7.25.jar:/root/.m2/repository/org/apache/hadoop/hadoop-ozone-objectstore-service/0.5.0-SNAPSHOT/hadoop-ozone-objectstore-service-0.5.0-SNAPSHOT.jar:/root/.m2/repository/org/apache/hadoop/hadoop-ozone-s3gateway/0.5.0-SNAPSHOT/hadoop-ozone-s3gateway-0.5.0-SNAPSHOT.jar:/root/.m2/repository/org/jboss/weld/servlet/weld-servlet/2.4.7.Final/weld-servlet-2.4.7.Final.jar:/root/.m2/repository/org/glassfish/jersey/containers/jersey-container-servlet-core/2.27/jersey-container-servlet-core-2.27.jar:/root/.m2/repository/org/glassfish/hk2/external/javax.inject/2.5.0-b42/javax.inject-2.5.0-b42.jar:/root/.m2/repository/org/glassfish/jersey/core/jersey-common/2.27/jersey-common-2.27.jar:/root/.m2/repository/org/glassfish/hk2/osgi-resource-locator/1.0.1/osgi-resource-locator-1.0.1.jar:/root/.m2/repository/javax/ws/rs/javax.ws.rs-api/2.1/javax.ws.rs-api-2.1.jar:/root/.m2/repository/org/glassfish/jersey/ext/cdi/jersey-cdi1x/2.27/jersey-cdi1x-2.27.jar:/root/.m2/repository/org/glassfish/jersey/inject/jersey-hk2/2.27/jersey-hk2-2.27.jar:/root/.m2/repository/org/glassfish/hk2/hk2-locator/2.5.0-b42/hk2-locator-2.5.0-b42.jar:/root/.m2/repository/org/javassist/javassist/3.22.0-CR2/javassist-3.22.0-CR2.jar:/root/.m2/repository/org/glassfish/hk2/hk2-api/2.5.0/hk2-api-2.5.0.jar:/root/.m2/repository/org/glassfish/hk2/external/jakarta.inject/2.5.0/jakarta.inject-2.5.0.jar:/root/.m2/repository/org/glassfish/hk2/hk2-utils/2.5.0/hk2-utils-2.5.0.jar:/root/.m2/repository/jakarta/annotation/jakarta.annotation-api/1.3.4/jakarta.annotation-api-1.3.4.jar:/root/.m2/repository/org/glassfish/hk2/external/aopalliance-repackaged/2.5.0/aopalliance-repackaged-2.5.0.jar:/root/.m2/repository/com/fasterxml/jackson/dataformat/jackson-dataformat-xml/2.9.0/jackson-dataformat-xml-2.9.0.jar:/root/.m2/repository/com/fasterxml/jackson/core/jackson-core/2.9.5/jackson-core-2.9.5.jar:/root/.m2/repository/com/fasterxml/jackson/module/jackson-module-jaxb-annotations/2.9.5/jackson-module-jaxb-annotations-2.9.5.jar:/root/.m2/repository/javax/enterprise/cdi-api/1.2/cdi-api-1.2.jar:/root/.m2/repository/javax/el/javax.el-api/3.0.0/javax.el-api-3.0.0.jar:/root/.m2/repository/javax/interceptor/javax.interceptor-api/1.2/javax.interceptor-api-1.2.jar:/root/.m2/repository/javax/inject/javax.inject/1/javax.inject-1.jar:/root/.m2/repository/com/sun/xml/bind/jaxb-impl/2.3.0.1/jaxb-impl-2.3.0.1.jar:/root/.m2/repository/com/sun/xml/bind/jaxb-core/2.3.0.1/jaxb-core-2.3.0.1.jar:/root/.m2/repository/javax/xml/bind/jaxb-api/2.3.0/jaxb-api-2.3.0.jar:/root/.m2/repository/javax/activation/activation/1.1.1/activation-1.1.1.jar:/root/.m2/repository/org/apache/hadoop/hadoop-ozone-csi/0.5.0-SNAPSHOT/hadoop-ozone-csi-0.5.0-SNAPSHOT.jar:/root/.m2/repository/com/google/protobuf/protobuf-java-util/3.5.1/protobuf-java-util-3.5.1.jar:/root/.m2/repository/org/apache/hadoop/hadoop-hdds-config/0.5.0-SNAPSHOT/hadoop-hdds-config-0.5.0-SNAPSHOT.jar:/root/.m2/repository/com/google/guava/guava/11.0.2/guava-11.0.2.jar:/root/.m2/repository/com/google/protobuf/protobuf-java/2.5.0/protobuf-java-2.5.0.jar:/root/.m2/repository/io/grpc/grpc-netty/1.17.1/grpc-netty-1.17.1.jar:/root/.m2/repository/io/grpc/grpc-core/1.17.1/grpc-core-1.17.1.jar:/root/.m2/repository/io/grpc/grpc-context/1.17.1/grpc-context-1.17.1.jar:/root/.m2/repository/com/google/errorprone/error_prone_annotations/2.2.0/error_prone_annotations-2.2.0.jar:/root/.m2/repository/org/codehaus/mojo/animal-sniffer-annotations/1.17/animal-sniffer-annotations-1.17.jar:/root/.m2/repository/io/opencensus/opencensus-api/0.17.0/opencensus-api-0.17.0.jar:/root/.m2/repository/io/opencensus/opencensus-contrib-grpc-metrics/0.17.0/opencensus-contrib-grpc-metrics-0.17.0.jar:/root/.m2/repository/io/netty/netty-codec-http2/4.1.30.Final/netty-codec-http2-4.1.30.Final.jar:/root/.m2/repository/io/netty/netty-codec-http/4.1.30.Final/netty-codec-http-4.1.30.Final.jar:/root/.m2/repository/io/netty/netty-codec/4.1.30.Final/netty-codec-4.1.30.Final.jar:/root/.m2/repository/io/netty/netty-handler/4.1.30.Final/netty-handler-4.1.30.Final.jar:/root/.m2/repository/io/netty/netty-handler-proxy/4.1.30.Final/netty-handler-proxy-4.1.30.Final.jar:/root/.m2/repository/io/netty/netty-codec-socks/4.1.30.Final/netty-codec-socks-4.1.30.Final.jar:/root/.m2/repository/io/netty/netty-transport-native-epoll/4.1.30.Final/netty-transport-native-epoll-4.1.30.Final.jar:/root/.m2/repository/io/netty/netty-common/4.1.30.Final/netty-common-4.1.30.Final.jar:/root/.m2/repository/io/netty/netty-buffer/4.1.30.Final/netty-buffer-4.1.30.Final.jar:/root/.m2/repository/io/netty/netty-transport/4.1.30.Final/netty-transport-4.1.30.Final.jar:/root/.m2/repository/io/netty/netty-resolver/4.1.30.Final/netty-resolver-4.1.30.Final.jar:/root/.m2/repository/io/netty/netty-transport-native-unix-common/4.1.30.Final/netty-transport-native-unix-common-4.1.30.Final.jar:/root/.m2/repository/io/grpc/grpc-protobuf/1.17.1/grpc-protobuf-1.17.1.jar:/root/.m2/repository/com/google/api/grpc/proto-google-common-protos/1.0.0/proto-google-common-protos-1.0.0.jar:/root/.m2/repository/io/grpc/grpc-protobuf-lite/1.17.1/grpc-protobuf-lite-1.17.1.jar:/root/.m2/repository/io/grpc/grpc-stub/1.17.1/grpc-stub-1.17.1.jar:/root/.m2/repository/org/apache/hadoop/hadoop-ozone-recon/0.5.0-SNAPSHOT/hadoop-ozone-recon-0.5.0-SNAPSHOT.jar:/root/.m2/repository/org/apache/hadoop/hadoop-ozone-reconcodegen/0.5.0-SNAPSHOT/hadoop-ozone-reconcodegen-0.5.0-SNAPSHOT.jar:/root/.m2/repository/com/google/inject/extensions/guice-multibindings/4.0/guice-multibindings-4.0.jar:/root/.m2/repository/com/google/inject/guice/4.0/guice-4.0.jar:/root/.m2/repository/aopalliance/aopalliance/1.0/aopalliance-1.0.jar:/root/.m2/repository/com/google/inject/extensions/guice-servlet/4.0/guice-servlet-4.0.jar:/root/.m2/repository/org/glassfish/jersey/containers/jersey-container-servlet/2.27/jersey-container-servlet-2.27.jar:/root/.m2/repository/org/glassfish/hk2/guice-bridge/2.5.0/guice-bridge-2.5.0.jar:/root/.m2/repository/org/glassfish/jersey/core/jersey-server/2.27/jersey-server-2.27.jar:/root/.m2/repository/org/glassfish/jersey/core/jersey-client/2.27/jersey-client-2.27.jar:/root/.m2/repository/org/glassfish/jersey/media/jersey-media-jaxb/2.27/jersey-media-jaxb-2.27.jar:/root/.m2/repository/javax/validation/validation-api/1.1.0.Final/validation-api-1.1.0.Final.jar:/root/.m2/repository/org/glassfish/jersey/media/jersey-media-json-jackson/2.27/jersey-media-json-jackson-2.27.jar:/root/.m2/repository/org/glassfish/jersey/ext/jersey-entity-filtering/2.27/jersey-entity-filtering-2.27.jar:/root/.m2/repository/com/google/inject/extensions/guice-assistedinject/4.0/guice-assistedinject-4.0.jar:/root/.m2/repository/org/jooq/jooq/3.11.10/jooq-3.11.10.jar:/root/.m2/repository/org/jooq/jooq-meta/3.11.10/jooq-meta-3.11.10.jar:/root/.m2/repository/org/jooq/jooq-codegen/3.11.10/jooq-codegen-3.11.10.jar:/root/.m2/repository/com/jolbox/bonecp/0.8.0.RELEASE/bonecp-0.8.0.RELEASE.jar:/root/.m2/repository/org/xerial/sqlite-jdbc/3.25.2/sqlite-jdbc-3.25.2.jar:/root/.m2/repository/org/springframework/spring-jdbc/5.1.3.RELEASE/spring-jdbc-5.1.3.RELEASE.jar:/root/.m2/repository/org/springframework/spring-beans/5.1.3.RELEASE/spring-beans-5.1.3.RELEASE.jar:/root/.m2/repository/org/springframework/spring-core/5.1.3.RELEASE/spring-core-5.1.3.RELEASE.jar:/root/.m2/repository/org/springframework/spring-jcl/5.1.3.RELEASE/spring-jcl-5.1.3.RELEASE.jar:/root/.m2/repository/org/springframework/spring-tx/5.1.3.RELEASE/spring-tx-5.1.3.RELEASE.jar:/root/.m2/repository/org/apache/hadoop/hadoop-ozone-client/0.5.0-SNAPSHOT/hadoop-ozone-client-0.5.0-SNAPSHOT.jar:/root/.m2/repository/org/apache/hadoop/hadoop-ozone-ozone-manager/0.5.0-SNAPSHOT/hadoop-ozone-ozone-manager-0.5.0-SNAPSHOT-tests.jar:/root/.m2/repository/junit/junit/4.11/junit-4.11.jar:/root/.m2/repository/org/hamcrest/hamcrest-core/1.3/hamcrest-core-1.3.jar:/root/.m2/repository/org/openjdk/jmh/jmh-core/1.19/jmh-core-1.19.jar:/root/.m2/repository/net/sf/jopt-simple/jopt-simple/4.6/jopt-simple-4.6.jar:/root/.m2/repository/org/apache/commons/commons-math3/3.1.1/commons-math3-3.1.1.jar:/root/.m2/repository/org/openjdk/jmh/jmh-generator-annprocess/1.19/jmh-generator-annprocess-1.19.jar:/root/.m2/repository/org/mockito/mockito-all/1.8.5/mockito-all-1.8.5.jar:/root/.m2/repository/org/apache/hadoop/hadoop-kms/3.2.0/hadoop-kms-3.2.0.jar:/root/.m2/repository/org/apache/hadoop/hadoop-auth/3.2.0/hadoop-auth-3.2.0.jar:/root/.m2/repository/com/nimbusds/nimbus-jose-jwt/4.41.1/nimbus-jose-jwt-4.41.1.jar:/root/.m2/repository/com/github/stephenc/jcip/jcip-annotations/1.0-1/jcip-annotations-1.0-1.jar:/root/.m2/repository/net/minidev/json-smart/2.3/json-smart-2.3.jar:/root/.m2/repository/net/minidev/accessors-smart/1.2/accessors-smart-1.2.jar:/root/.m2/repository/org/ow2/asm/asm/5.0.4/asm-5.0.4.jar:/root/.m2/repository/org/apache/curator/curator-framework/2.12.0/curator-framework-2.12.0.jar:/root/.m2/repository/com/sun/jersey/jersey-core/1.19/jersey-core-1.19.jar:/root/.m2/repository/javax/ws/rs/jsr311-api/1.1.1/jsr311-api-1.1.1.jar:/root/.m2/repository/com/sun/jersey/jersey-server/1.19/jersey-server-1.19.jar:/root/.m2/repository/javax/servlet/javax.servlet-api/3.1.0/javax.servlet-api-3.1.0.jar:/root/.m2/repository/org/eclipse/jetty/jetty-server/9.3.24.v20180605/jetty-server-9.3.24.v20180605.jar:/root/.m2/repository/org/eclipse/jetty/jetty-http/9.3.24.v20180605/jetty-http-9.3.24.v20180605.jar:/root/.m2/repository/org/eclipse/jetty/jetty-io/9.3.24.v20180605/jetty-io-9.3.24.v20180605.jar:/root/.m2/repository/org/eclipse/jetty/jetty-webapp/9.3.24.v20180605/jetty-webapp-9.3.24.v20180605.jar:/root/.m2/repository/org/eclipse/jetty/jetty-xml/9.3.24.v20180605/jetty-xml-9.3.24.v20180605.jar:/root/.m2/repository/log4j/log4j/1.2.17/log4j-1.2.17.jar:/root/.m2/repository/org/slf4j/slf4j-api/1.7.25/slf4j-api-1.7.25.jar:/root/.m2/repository/org/slf4j/jul-to-slf4j/1.7.25/jul-to-slf4j-1.7.25.jar:/root/.m2/repository/org/eclipse/jetty/jetty-util/9.3.24.v20180605/jetty-util-9.3.24.v20180605.jar:/root/.m2/repository/io/dropwizard/metrics/metrics-core/3.2.4/metrics-core-3.2.4.jar:/root/.m2/repository/com/fasterxml/jackson/core/jackson-databind/2.9.5/jackson-databind-2.9.5.jar:/root/.m2/repository/org/apache/hadoop/hadoop-kms/3.2.0/hadoop-kms-3.2.0-tests.jar:/root/.m2/repository/org/apache/hadoop/hadoop-hdds-server-scm/0.5.0-SNAPSHOT/hadoop-hdds-server-scm-0.5.0-SNAPSHOT-tests.jar:/root/.m2/repository/org/hamcrest/hamcrest-all/1.3/hamcrest-all-1.3.jar:/root/.m2/repository/info/picocli/picocli/3.9.6/picocli-3.9.6.jar:/root/.m2/repository/org/apache/hadoop/hadoop-hdds-container-service/0.5.0-SNAPSHOT/hadoop-hdds-container-service-0.5.0-SNAPSHOT-tests.jar:/root/.m2/repository/org/yaml/snakeyaml/1.16/snakeyaml-1.16.jar:/root/.m2/repository/org/apache/hadoop/hadoop-common/3.2.0/hadoop-common-3.2.0-tests.jar:/root/.m2/repository/org/apache/hadoop/hadoop-annotations/3.2.0/hadoop-annotations-3.2.0.jar:/usr/lib/jvm/java-1.8-openjdk/jre/../lib/tools.jar:/root/.m2/repository/commons-cli/commons-cli/1.2/commons-cli-1.2.jar:/root/.m2/repository/org/apache/httpcomponents/httpclient/4.5.2/httpclient-4.5.2.jar:/root/.m2/repository/org/apache/httpcomponents/httpcore/4.4.4/httpcore-4.4.4.jar:/root/.m2/repository/commons-codec/commons-codec/1.11/commons-codec-1.11.jar:/root/.m2/repository/commons-net/commons-net/3.6/commons-net-3.6.jar:/root/.m2/repository/commons-collections/commons-collections/3.2.2/commons-collections-3.2.2.jar:/root/.m2/repository/org/eclipse/jetty/jetty-servlet/9.3.24.v20180605/jetty-servlet-9.3.24.v20180605.jar:/root/.m2/repository/org/eclipse/jetty/jetty-security/9.3.24.v20180605/jetty-security-9.3.24.v20180605.jar:/root/.m2/repository/javax/servlet/jsp/jsp-api/2.1/jsp-api-2.1.jar:/root/.m2/repository/com/sun/jersey/jersey-servlet/1.19/jersey-servlet-1.19.jar:/root/.m2/repository/com/sun/jersey/jersey-json/1.19/jersey-json-1.19.jar:/root/.m2/repository/org/codehaus/jettison/jettison/1.1/jettison-1.1.jar:/root/.m2/repository/org/codehaus/jackson/jackson-core-asl/1.9.13/jackson-core-asl-1.9.13.jar:/root/.m2/repository/org/codehaus/jackson/jackson-mapper-asl/1.9.13/jackson-mapper-asl-1.9.13.jar:/root/.m2/repository/org/codehaus/jackson/jackson-jaxrs/1.9.13/jackson-jaxrs-1.9.13.jar:/root/.m2/repository/org/codehaus/jackson/jackson-xc/1.9.13/jackson-xc-1.9.13.jar:/root/.m2/repository/commons-logging/commons-logging/1.1.3/commons-logging-1.1.3.jar:/root/.m2/repository/commons-beanutils/commons-beanutils/1.9.3/commons-beanutils-1.9.3.jar:/root/.m2/repository/org/apache/commons/commons-configuration2/2.1.1/commons-configuration2-2.1.1.jar:/root/.m2/repository/org/apache/commons/commons-lang3/3.7/commons-lang3-3.7.jar:/root/.m2/repository/org/apache/commons/commons-text/1.4/commons-text-1.4.jar:/root/.m2/repository/org/apache/avro/avro/1.7.7/avro-1.7.7.jar:/root/.m2/repository/com/thoughtworks/paranamer/paranamer/2.3/paranamer-2.3.jar:/root/.m2/repository/org/xerial/snappy/snappy-java/1.0.5/snappy-java-1.0.5.jar:/root/.m2/repository/com/google/re2j/re2j/1.1/re2j-1.1.jar:/root/.m2/repository/com/google/code/gson/gson/2.2.4/gson-2.2.4.jar:/root/.m2/repository/com/jcraft/jsch/0.1.54/jsch-0.1.54.jar:/root/.m2/repository/org/apache/curator/curator-client/2.12.0/curator-client-2.12.0.jar:/root/.m2/repository/org/apache/curator/curator-recipes/2.12.0/curator-recipes-2.12.0.jar:/root/.m2/repository/com/google/code/findbugs/jsr305/3.0.0/jsr305-3.0.0.jar:/root/.m2/repository/org/apache/htrace/htrace-core4/4.1.0-incubating/htrace-core4-4.1.0-incubating.jar:/root/.m2/repository/org/apache/zookeeper/zookeeper/3.4.13/zookeeper-3.4.13.jar:/root/.m2/repository/org/apache/yetus/audience-annotations/0.5.0/audience-annotations-0.5.0.jar:/root/.m2/repository/org/codehaus/woodstox/stax2-api/3.1.4/stax2-api-3.1.4.jar:/root/.m2/repository/com/fasterxml/woodstox/woodstox-core/5.0.3/woodstox-core-5.0.3.jar:/root/.m2/repository/dnsjava/dnsjava/2.1.7/dnsjava-2.1.7.jar:/root/.m2/repository/org/apache/hadoop/hadoop-hdfs/3.2.0/hadoop-hdfs-3.2.0-tests.jar:/root/.m2/repository/org/eclipse/jetty/jetty-util-ajax/9.3.24.v20180605/jetty-util-ajax-9.3.24.v20180605.jar:/root/.m2/repository/commons-daemon/commons-daemon/1.0.13/commons-daemon-1.0.13.jar:/root/.m2/repository/io/netty/netty/3.10.5.Final/netty-3.10.5.Final.jar:/root/.m2/repository/io/netty/netty-all/4.0.52.Final/netty-all-4.0.52.Final.jar:/root/.m2/repository/org/fusesource/leveldbjni/leveldbjni-all/1.8/leveldbjni-all-1.8.jar:"/>
    <property name="sun.cpu.endian" value="little"/>
    <property name="user.home" value="/root"/>
    <property name="user.language" value="en"/>
    <property name="java.specification.vendor" value="Oracle Corporation"/>
    <property name="java.home" value="/usr/lib/jvm/java-1.8-openjdk/jre"/>
    <property name="java.security.krb5.conf" value="/opt/src/hadoop-ozone/integration-test/target/test-classes/krb5.conf"/>
    <property name="basedir" value="/opt/src/hadoop-ozone/integration-test"/>
    <property name="file.separator" value="/"/>
    <property name="line.separator" value="&#10;"/>
    <property name="java.vm.specification.vendor" value="Oracle Corporation"/>
    <property name="java.specification.name" value="Java Platform API Specification"/>
    <property name="java.awt.graphicsenv" value="sun.awt.X11GraphicsEnvironment"/>
    <property name="surefire.real.class.path" value="/opt/src/hadoop-ozone/integration-test/target/surefire/surefirebooter3475046825401328189.jar"/>
    <property name="hadoop.log.dir" value="/opt/src/hadoop-ozone/integration-test/target/log"/>
    <property name="sun.boot.class.path" value="/usr/lib/jvm/java-1.8-openjdk/jre/lib/resources.jar:/usr/lib/jvm/java-1.8-openjdk/jre/lib/rt.jar:/usr/lib/jvm/java-1.8-openjdk/jre/lib/sunrsasign.jar:/usr/lib/jvm/java-1.8-openjdk/jre/lib/jsse.jar:/usr/lib/jvm/java-1.8-openjdk/jre/lib/jce.jar:/usr/lib/jvm/java-1.8-openjdk/jre/lib/charsets.jar:/usr/lib/jvm/java-1.8-openjdk/jre/lib/jfr.jar:/usr/lib/jvm/java-1.8-openjdk/jre/classes"/>
    <property name="sun.management.compiler" value="HotSpot 64-Bit Tiered Compilers"/>
    <property name="java.runtime.version" value="1.8.0_212-b04"/>
    <property name="java.net.preferIPv4Stack" value="true"/>
    <property name="user.name" value="root"/>
    <property name="path.separator" value=":"/>
    <property name="java.security.egd" value="file:///dev/urandom"/>
    <property name="os.version" value="4.15.0-1021-aws"/>
    <property name="java.endorsed.dirs" value="/usr/lib/jvm/java-1.8-openjdk/jre/lib/endorsed"/>
    <property name="java.runtime.name" value="OpenJDK Runtime Environment"/>
    <property name="file.encoding" value="UTF-8"/>
    <property name="java.vm.name" value="OpenJDK 64-Bit Server VM"/>
    <property name="test.build.webapps" value=""/>
    <property name="localRepository" value="/root/.m2/repository"/>
    <property name="java.vendor.url.bug" value="https://icedtea.classpath.org/bugzilla"/>
    <property name="java.io.tmpdir" value="/tmp"/>
    <property name="require.test.libhadoop" value=""/>
    <property name="java.version" value="1.8.0_212"/>
    <property name="user.dir" value="/opt/src/hadoop-ozone/integration-test"/>
    <property name="os.arch" value="amd64"/>
    <property name="java.vm.specification.name" value="Java Virtual Machine Specification"/>
    <property name="test.build.classes" value="/opt/src/hadoop-ozone/integration-test/target/test-classes"/>
    <property name="java.awt.printerjob" value="sun.print.PSPrinterJob"/>
    <property name="sun.os.patch.level" value="unknown"/>
    <property name="hadoop.tmp.dir" value="/opt/src/hadoop-ozone/integration-test/target/tmp"/>
    <property name="java.library.path" value="/usr/lib/jvm/java-1.8-openjdk/jre/lib/amd64/server:/usr/lib/jvm/java-1.8-openjdk/jre/lib/amd64:/usr/lib/jvm/java-1.8-openjdk/jre/../lib/amd64:/opt/src/hadoop-ozone/integration-test/target/native/target/usr/local/lib:/opt/src/hadoop-ozone/integration-test/../../hadoop-common-project/hadoop-common/target/native/target/usr/local/lib:/usr/java/packages/lib/amd64:/usr/lib64:/lib64:/lib:/usr/lib"/>
    <property name="java.vm.info" value="mixed mode"/>
    <property name="java.vendor" value="IcedTea"/>
    <property name="java.vm.version" value="25.212-b04"/>
    <property name="java.ext.dirs" value="/usr/lib/jvm/java-1.8-openjdk/jre/lib/ext:/usr/java/packages/lib/ext"/>
    <property name="sun.io.unicode.encoding" value="UnicodeLittle"/>
    <property name="java.class.version" value="52.0"/>
  </properties>
  <testcase name="testPipelineFail" classname="org.apache.hadoop.hdds.scm.pipeline.TestNodeFailure" time="0">
    <skipped/>
    <system-out><![CDATA[2019-06-13 14:24:07,763 WARN  server.ServerUtils (ServerUtils.java:getScmDbDir(145)) - ozone.scm.db.dirs is not configured. We recommend adding this setting. Falling back to ozone.metadata.dirs instead.
2019-06-13 14:24:07,827 WARN  server.ServerUtils (ServerUtils.java:getScmDbDir(145)) - ozone.scm.db.dirs is not configured. We recommend adding this setting. Falling back to ozone.metadata.dirs instead.
2019-06-13 14:24:07,830 WARN  server.ServerUtils (ServerUtils.java:getScmDbDir(145)) - ozone.scm.db.dirs is not configured. We recommend adding this setting. Falling back to ozone.metadata.dirs instead.
2019-06-13 14:24:07,843 INFO  util.log (Log.java:initialized(192)) - Logging initialized @629ms
2019-06-13 14:24:07,926 INFO  db.DBStoreBuilder (DBStoreBuilder.java:addTable(110)) - using custom profile for table: deletedBlocks
2019-06-13 14:24:07,926 INFO  db.DBStoreBuilder (DBStoreBuilder.java:processTables(161)) - Using default column profile:DBProfile.DISK for Table:deletedBlocks
2019-06-13 14:24:07,927 INFO  db.DBStoreBuilder (DBStoreBuilder.java:addTable(110)) - using custom profile for table: validCerts
2019-06-13 14:24:07,927 INFO  db.DBStoreBuilder (DBStoreBuilder.java:processTables(161)) - Using default column profile:DBProfile.DISK for Table:validCerts
2019-06-13 14:24:07,927 INFO  db.DBStoreBuilder (DBStoreBuilder.java:addTable(110)) - using custom profile for table: revokedCerts
2019-06-13 14:24:07,927 INFO  db.DBStoreBuilder (DBStoreBuilder.java:processTables(161)) - Using default column profile:DBProfile.DISK for Table:revokedCerts
2019-06-13 14:24:07,937 INFO  db.DBStoreBuilder (DBStoreBuilder.java:addTable(110)) - using custom profile for table: default
2019-06-13 14:24:07,937 INFO  db.DBStoreBuilder (DBStoreBuilder.java:processTables(167)) - Using default column profile:DBProfile.DISK for Table:default
2019-06-13 14:24:07,939 INFO  db.DBStoreBuilder (DBStoreBuilder.java:getDbProfile(198)) - Using default options. DBProfile.DISK
2019-06-13 14:24:08,003 INFO  node.SCMNodeManager (SCMNodeManager.java:<init>(108)) - Entering startup safe mode.
2019-06-13 14:24:08,052 INFO  net.NodeSchemaLoader (NodeSchemaLoader.java:loadSchemaFromFile(125)) - Loading file from sun.misc.CompoundEnumeration@443118b0
2019-06-13 14:24:08,053 INFO  net.NodeSchemaLoader (NodeSchemaLoader.java:loadSchema(171)) - Loading network topology layer schema file
2019-06-13 14:24:08,099 WARN  server.ServerUtils (ServerUtils.java:getScmDbDir(145)) - ozone.scm.db.dirs is not configured. We recommend adding this setting. Falling back to ozone.metadata.dirs instead.
2019-06-13 14:24:08,117 INFO  pipeline.SCMPipelineManager (SCMPipelineManager.java:initializePipelineState(126)) - No pipeline exists in current db
2019-06-13 14:24:08,119 WARN  server.ServerUtils (ServerUtils.java:getScmDbDir(145)) - ozone.scm.db.dirs is not configured. We recommend adding this setting. Falling back to ozone.metadata.dirs instead.
2019-06-13 14:24:08,168 WARN  events.EventQueue (EventQueue.java:fireEvent(175)) - No event handler registered for event TypedEvent{payloadType=SafeModeStatus, name='SafeModeStatus'}
2019-06-13 14:24:08,418 INFO  ipc.CallQueueManager (CallQueueManager.java:<init>(84)) - Using callQueue: class java.util.concurrent.LinkedBlockingQueue, queueCapacity: 2000, scheduler: class org.apache.hadoop.ipc.DefaultRpcScheduler, ipcBackoff: false.
2019-06-13 14:24:08,441 INFO  ipc.Server (Server.java:run(1074)) - Starting Socket Reader #1 for port 46513
2019-06-13 14:24:08,465 INFO  ipc.CallQueueManager (CallQueueManager.java:<init>(84)) - Using callQueue: class java.util.concurrent.LinkedBlockingQueue, queueCapacity: 2000, scheduler: class org.apache.hadoop.ipc.DefaultRpcScheduler, ipcBackoff: false.
2019-06-13 14:24:08,466 INFO  ipc.Server (Server.java:run(1074)) - Starting Socket Reader #1 for port 38867
2019-06-13 14:24:08,474 INFO  ipc.CallQueueManager (CallQueueManager.java:<init>(84)) - Using callQueue: class java.util.concurrent.LinkedBlockingQueue, queueCapacity: 2000, scheduler: class org.apache.hadoop.ipc.DefaultRpcScheduler, ipcBackoff: false.
2019-06-13 14:24:08,499 INFO  ipc.Server (Server.java:run(1074)) - Starting Socket Reader #1 for port 43845
2019-06-13 14:24:08,517 INFO  hdfs.DFSUtil (DFSUtil.java:httpServerTemplateForNNAndJN(1641)) - Starting Web-server for scm at: http://0.0.0.0:0
2019-06-13 14:24:08,641 INFO  server.AuthenticationFilter (AuthenticationFilter.java:constructSecretProvider(240)) - Unable to initialize FileSignerSecretProvider, falling back to use random secrets.
2019-06-13 14:24:08,646 WARN  http.HttpRequestLog (HttpRequestLog.java:getRequestLog(97)) - Jetty request log can only be enabled using Log4j
2019-06-13 14:24:08,652 INFO  http.HttpServer2 (HttpServer2.java:addGlobalFilter(975)) - Added global filter 'safety' (class=org.apache.hadoop.http.HttpServer2$QuotingInputFilter)
2019-06-13 14:24:08,654 INFO  http.HttpServer2 (HttpServer2.java:addFilter(948)) - Added filter static_user_filter (class=org.apache.hadoop.http.lib.StaticUserWebFilter$StaticUserFilter) to context scm
2019-06-13 14:24:08,654 INFO  http.HttpServer2 (HttpServer2.java:addFilter(958)) - Added filter static_user_filter (class=org.apache.hadoop.http.lib.StaticUserWebFilter$StaticUserFilter) to context logs
2019-06-13 14:24:08,654 INFO  http.HttpServer2 (HttpServer2.java:addFilter(958)) - Added filter static_user_filter (class=org.apache.hadoop.http.lib.StaticUserWebFilter$StaticUserFilter) to context static
2019-06-13 14:24:08,673 INFO  server.StorageContainerManager (StorageContainerManager.java:start(752)) - StorageContainerLocationProtocol RPC server is listening at /0.0.0.0:43845
2019-06-13 14:24:08,715 WARN  impl.MetricsConfig (MetricsConfig.java:loadFirst(134)) - Cannot locate configuration: tried hadoop-metrics2-storagecontainermanager.properties,hadoop-metrics2.properties
2019-06-13 14:24:08,724 INFO  impl.MetricsSystemImpl (MetricsSystemImpl.java:startTimer(374)) - Scheduled Metric snapshot period at 10 second(s).
2019-06-13 14:24:08,725 INFO  impl.MetricsSystemImpl (MetricsSystemImpl.java:start(191)) - StorageContainerManager metrics system started
2019-06-13 14:24:08,887 INFO  server.SCMClientProtocolServer (SCMClientProtocolServer.java:start(149)) - RPC server for Client  is listening at /0.0.0.0:43845
2019-06-13 14:24:08,887 INFO  ipc.Server (Server.java:run(1314)) - IPC Server Responder: starting
2019-06-13 14:24:08,888 INFO  ipc.Server (Server.java:run(1153)) - IPC Server listener on 43845: starting
2019-06-13 14:24:08,892 INFO  server.StorageContainerManager (StorageContainerManager.java:start(761)) - ScmBlockLocationProtocol RPC server is listening at /0.0.0.0:38867
2019-06-13 14:24:08,892 INFO  server.SCMBlockProtocolServer (SCMBlockProtocolServer.java:start(137)) - RPC server for Block Protocol is listening at /0.0.0.0:38867
2019-06-13 14:24:08,893 INFO  ipc.Server (Server.java:run(1314)) - IPC Server Responder: starting
2019-06-13 14:24:08,893 INFO  ipc.Server (Server.java:run(1153)) - IPC Server listener on 38867: starting
2019-06-13 14:24:08,894 INFO  server.StorageContainerManager (StorageContainerManager.java:start(765)) - ScmDatanodeProtocl RPC server is listening at /0.0.0.0:46513
2019-06-13 14:24:08,895 INFO  server.SCMDatanodeProtocolServer (SCMDatanodeProtocolServer.java:start(191)) - RPC server for DataNodes is listening at /0.0.0.0:46513
2019-06-13 14:24:08,895 INFO  ipc.Server (Server.java:run(1314)) - IPC Server Responder: starting
2019-06-13 14:24:08,895 INFO  ipc.Server (Server.java:run(1153)) - IPC Server listener on 46513: starting
2019-06-13 14:24:08,898 INFO  http.HttpServer2 (HttpServer2.java:bindListener(1191)) - Jetty bound to port 44103
2019-06-13 14:24:08,900 INFO  server.Server (Server.java:doStart(351)) - jetty-9.3.24.v20180605, build timestamp: 2018-06-05T17:11:56Z, git hash: 84205aa28f11a4f31f2a3b86d1bba2cc8ab69827
2019-06-13 14:24:08,936 INFO  handler.ContextHandler (ContextHandler.java:doStart(781)) - Started o.e.j.s.ServletContextHandler@2df6226d{/logs,file:///opt/src/hadoop-ozone/integration-test/target/log,AVAILABLE}
2019-06-13 14:24:08,938 INFO  handler.ContextHandler (ContextHandler.java:doStart(781)) - Started o.e.j.s.ServletContextHandler@4ff4357f{/static,file:///opt/src/hadoop-ozone/integration-test/target/test-classes/webapps/static,AVAILABLE}
2019-06-13 14:24:08,968 INFO  handler.ContextHandler (ContextHandler.java:doStart(781)) - Started o.e.j.w.WebAppContext@2484f433{/,file:///opt/src/hadoop-ozone/integration-test/target/test-classes/webapps/scm/,AVAILABLE}{/scm}
2019-06-13 14:24:08,974 INFO  server.AbstractConnector (AbstractConnector.java:doStart(278)) - Started ServerConnector@841e575{HTTP/1.1,[http/1.1]}{0.0.0.0:44103}
2019-06-13 14:24:08,974 INFO  server.Server (Server.java:doStart(419)) - Started @1761ms
2019-06-13 14:24:08,981 INFO  server.BaseHttpServer (BaseHttpServer.java:updateConnectorAddress(207)) - HTTP server of SCM is listening at http://0.0.0.0:44103
2019-06-13 14:24:08,987 INFO  util.JvmPauseMonitor (JvmPauseMonitor.java:run(188)) - Starting JVM pause monitor
2019-06-13 14:24:08,989 WARN  scm.ScmUtils (ScmUtils.java:getDBPath(63)) - ozone.om.db.dirs is not configured. We recommend adding this setting. Falling back to ozone.metadata.dirs instead.
2019-06-13 14:24:09,070 WARN  scm.ScmUtils (ScmUtils.java:getDBPath(63)) - ozone.om.db.dirs is not configured. We recommend adding this setting. Falling back to ozone.metadata.dirs instead.
2019-06-13 14:24:09,071 INFO  om.OzoneManager (OzoneManager.java:setOMNodeDetails(519)) - OM Service ID is not set. Setting it to the default ID: omServiceIdDefault
2019-06-13 14:24:09,071 INFO  om.OzoneManager (OzoneManager.java:setOMNodeDetails(525)) - OM Node ID is not set. Setting it to the OmStorage's OmID: 763807f1-2b83-4b71-addf-6cd0d9bf2ffa
2019-06-13 14:24:09,072 WARN  scm.HddsServerUtil (HddsServerUtil.java:getDefaultRatisDirectory(354)) - Storage directory for Ratis is not configured. It is a good idea to map this to an SSD disk. Falling back to ozone.metadata.dirs
2019-06-13 14:24:09,073 WARN  scm.HddsServerUtil (HddsServerUtil.java:getDefaultRatisDirectory(354)) - Storage directory for Ratis is not configured. It is a good idea to map this to an SSD disk. Falling back to ozone.metadata.dirs
2019-06-13 14:24:09,073 INFO  om.OzoneManager (OzoneManager.java:loadOMHAConfigs(476)) - Found matching OM address with OMServiceId: null, OMNodeId: null, RPC Address: localhost:0 and Ratis port: 9872
2019-06-13 14:24:09,225 WARN  scm.ScmUtils (ScmUtils.java:getDBPath(63)) - ozone.om.db.dirs is not configured. We recommend adding this setting. Falling back to ozone.metadata.dirs instead.
2019-06-13 14:24:09,232 INFO  db.DBStoreBuilder (DBStoreBuilder.java:addTable(110)) - using custom profile for table: userTable
2019-06-13 14:24:09,232 INFO  db.DBStoreBuilder (DBStoreBuilder.java:processTables(161)) - Using default column profile:DBProfile.DISK for Table:userTable
2019-06-13 14:24:09,233 INFO  db.DBStoreBuilder (DBStoreBuilder.java:addTable(110)) - using custom profile for table: volumeTable
2019-06-13 14:24:09,233 INFO  db.DBStoreBuilder (DBStoreBuilder.java:processTables(161)) - Using default column profile:DBProfile.DISK for Table:volumeTable
2019-06-13 14:24:09,233 INFO  db.DBStoreBuilder (DBStoreBuilder.java:addTable(110)) - using custom profile for table: bucketTable
2019-06-13 14:24:09,233 INFO  db.DBStoreBuilder (DBStoreBuilder.java:processTables(161)) - Using default column profile:DBProfile.DISK for Table:bucketTable
2019-06-13 14:24:09,234 INFO  db.DBStoreBuilder (DBStoreBuilder.java:addTable(110)) - using custom profile for table: keyTable
2019-06-13 14:24:09,234 INFO  db.DBStoreBuilder (DBStoreBuilder.java:processTables(161)) - Using default column profile:DBProfile.DISK for Table:keyTable
2019-06-13 14:24:09,234 INFO  db.DBStoreBuilder (DBStoreBuilder.java:addTable(110)) - using custom profile for table: deletedTable
2019-06-13 14:24:09,234 INFO  db.DBStoreBuilder (DBStoreBuilder.java:processTables(161)) - Using default column profile:DBProfile.DISK for Table:deletedTable
2019-06-13 14:24:09,235 INFO  db.DBStoreBuilder (DBStoreBuilder.java:addTable(110)) - using custom profile for table: openKeyTable
2019-06-13 14:24:09,235 INFO  db.DBStoreBuilder (DBStoreBuilder.java:processTables(161)) - Using default column profile:DBProfile.DISK for Table:openKeyTable
2019-06-13 14:24:09,235 INFO  db.DBStoreBuilder (DBStoreBuilder.java:addTable(110)) - using custom profile for table: s3Table
2019-06-13 14:24:09,235 INFO  db.DBStoreBuilder (DBStoreBuilder.java:processTables(161)) - Using default column profile:DBProfile.DISK for Table:s3Table
2019-06-13 14:24:09,235 INFO  db.DBStoreBuilder (DBStoreBuilder.java:addTable(110)) - using custom profile for table: multipartInfoTable
2019-06-13 14:24:09,236 INFO  db.DBStoreBuilder (DBStoreBuilder.java:processTables(161)) - Using default column profile:DBProfile.DISK for Table:multipartInfoTable
2019-06-13 14:24:09,236 INFO  db.DBStoreBuilder (DBStoreBuilder.java:addTable(110)) - using custom profile for table: dTokenTable
2019-06-13 14:24:09,236 INFO  db.DBStoreBuilder (DBStoreBuilder.java:processTables(161)) - Using default column profile:DBProfile.DISK for Table:dTokenTable
2019-06-13 14:24:09,236 INFO  db.DBStoreBuilder (DBStoreBuilder.java:addTable(110)) - using custom profile for table: s3SecretTable
2019-06-13 14:24:09,237 INFO  db.DBStoreBuilder (DBStoreBuilder.java:processTables(161)) - Using default column profile:DBProfile.DISK for Table:s3SecretTable
2019-06-13 14:24:09,237 INFO  db.DBStoreBuilder (DBStoreBuilder.java:addTable(110)) - using custom profile for table: prefixTable
2019-06-13 14:24:09,237 INFO  db.DBStoreBuilder (DBStoreBuilder.java:processTables(161)) - Using default column profile:DBProfile.DISK for Table:prefixTable
2019-06-13 14:24:09,237 INFO  db.DBStoreBuilder (DBStoreBuilder.java:addTable(110)) - using custom profile for table: default
2019-06-13 14:24:09,238 INFO  db.DBStoreBuilder (DBStoreBuilder.java:processTables(167)) - Using default column profile:DBProfile.DISK for Table:default
2019-06-13 14:24:09,238 INFO  db.DBStoreBuilder (DBStoreBuilder.java:getDbProfile(198)) - Using default options. DBProfile.DISK
2019-06-13 14:24:09,685 INFO  ipc.CallQueueManager (CallQueueManager.java:<init>(84)) - Using callQueue: class java.util.concurrent.LinkedBlockingQueue, queueCapacity: 2000, scheduler: class org.apache.hadoop.ipc.DefaultRpcScheduler, ipcBackoff: false.
2019-06-13 14:24:09,685 INFO  ipc.Server (Server.java:run(1074)) - Starting Socket Reader #1 for port 45321
2019-06-13 14:24:09,707 WARN  scm.ScmUtils (ScmUtils.java:getDBPath(63)) - ozone.om.db.dirs is not configured. We recommend adding this setting. Falling back to ozone.metadata.dirs instead.
2019-06-13 14:24:09,707 INFO  om.OzoneManager (OzoneManager.java:start(1217)) - OzoneManager RPC server is listening at localhost/127.0.0.1:45321
2019-06-13 14:24:09,707 INFO  impl.MetricsSystemImpl (MetricsSystemImpl.java:init(158)) - OzoneManager metrics system started (again)
2019-06-13 14:24:09,710 INFO  ipc.Server (Server.java:run(1314)) - IPC Server Responder: starting
2019-06-13 14:24:09,710 INFO  ipc.Server (Server.java:run(1153)) - IPC Server listener on 45321: starting
2019-06-13 14:24:09,723 INFO  hdfs.DFSUtil (DFSUtil.java:httpServerTemplateForNNAndJN(1641)) - Starting Web-server for ozoneManager at: http://0.0.0.0:0
2019-06-13 14:24:09,725 INFO  server.AuthenticationFilter (AuthenticationFilter.java:constructSecretProvider(240)) - Unable to initialize FileSignerSecretProvider, falling back to use random secrets.
2019-06-13 14:24:09,725 WARN  http.HttpRequestLog (HttpRequestLog.java:getRequestLog(97)) - Jetty request log can only be enabled using Log4j
2019-06-13 14:24:09,727 INFO  http.HttpServer2 (HttpServer2.java:addGlobalFilter(975)) - Added global filter 'safety' (class=org.apache.hadoop.http.HttpServer2$QuotingInputFilter)
2019-06-13 14:24:09,728 INFO  http.HttpServer2 (HttpServer2.java:addFilter(948)) - Added filter static_user_filter (class=org.apache.hadoop.http.lib.StaticUserWebFilter$StaticUserFilter) to context ozoneManager
2019-06-13 14:24:09,729 INFO  http.HttpServer2 (HttpServer2.java:addFilter(958)) - Added filter static_user_filter (class=org.apache.hadoop.http.lib.StaticUserWebFilter$StaticUserFilter) to context logs
2019-06-13 14:24:09,729 INFO  http.HttpServer2 (HttpServer2.java:addFilter(958)) - Added filter static_user_filter (class=org.apache.hadoop.http.lib.StaticUserWebFilter$StaticUserFilter) to context static
2019-06-13 14:24:09,731 INFO  http.HttpServer2 (HttpServer2.java:bindListener(1191)) - Jetty bound to port 46627
2019-06-13 14:24:09,731 INFO  server.Server (Server.java:doStart(351)) - jetty-9.3.24.v20180605, build timestamp: 2018-06-05T17:11:56Z, git hash: 84205aa28f11a4f31f2a3b86d1bba2cc8ab69827
2019-06-13 14:24:09,732 INFO  handler.ContextHandler (ContextHandler.java:doStart(781)) - Started o.e.j.s.ServletContextHandler@7c2a69b4{/logs,file:///opt/src/hadoop-ozone/integration-test/target/log,AVAILABLE}
2019-06-13 14:24:09,733 INFO  handler.ContextHandler (ContextHandler.java:doStart(781)) - Started o.e.j.s.ServletContextHandler@648ee871{/static,file:///opt/src/hadoop-ozone/integration-test/target/test-classes/webapps/static,AVAILABLE}
2019-06-13 14:24:09,736 INFO  handler.ContextHandler (ContextHandler.java:doStart(781)) - Started o.e.j.w.WebAppContext@6f012914{/,file:///opt/src/hadoop-ozone/integration-test/target/test-classes/webapps/ozoneManager/,AVAILABLE}{/ozoneManager}
2019-06-13 14:24:09,737 INFO  server.AbstractConnector (AbstractConnector.java:doStart(278)) - Started ServerConnector@18fdb6cf{HTTP/1.1,[http/1.1]}{0.0.0.0:46627}
2019-06-13 14:24:09,737 INFO  server.Server (Server.java:doStart(419)) - Started @2523ms
2019-06-13 14:24:09,745 INFO  server.BaseHttpServer (BaseHttpServer.java:updateConnectorAddress(207)) - HTTP server of OZONEMANAGER is listening at http://0.0.0.0:46627
2019-06-13 14:24:09,870 INFO  impl.MetricsSystemImpl (MetricsSystemImpl.java:init(158)) - HddsDatanode metrics system started (again)
2019-06-13 14:24:10,013 INFO  ozone.HddsDatanodeService (HddsDatanodeService.java:start(185)) - HddsDatanodeService host:ozone-dd8dj-3451703863 ip:192.168.134.104
2019-06-13 14:24:10,037 INFO  volume.HddsVolume (HddsVolume.java:<init>(176)) - Creating Volume: /opt/src/hadoop-ozone/integration-test/target/test-dir/MiniOzoneClusterImpl-f2c45e4f-9221-4e81-8651-c91eb14de7a2/datanode-0/data/containers/hdds of  storage type : DISK and capacity : 104021790720
2019-06-13 14:24:10,038 INFO  volume.VolumeSet (VolumeSet.java:initializeVolumeSet(170)) - Added Volume : /opt/src/hadoop-ozone/integration-test/target/test-dir/MiniOzoneClusterImpl-f2c45e4f-9221-4e81-8651-c91eb14de7a2/datanode-0/data/containers/hdds to VolumeSet
2019-06-13 14:24:10,040 INFO  volume.ThrottledAsyncChecker (ThrottledAsyncChecker.java:schedule(140)) - Scheduling a check for org.apache.hadoop.ozone.container.common.volume.HddsVolume@4a6c18ad
2019-06-13 14:24:10,053 INFO  volume.HddsVolumeChecker (HddsVolumeChecker.java:checkAllVolumes(203)) - Scheduled health check for volume org.apache.hadoop.ozone.container.common.volume.HddsVolume@4a6c18ad
2019-06-13 14:24:10,090 INFO  ratis.XceiverServerRatis (XceiverServerRatis.java:newXceiverServerRatis(401)) - Found a free port for the server : 37705
2019-06-13 14:24:10,146 INFO  impl.RaftServerProxy (ConfUtils.java:logGet(43)) - raft.rpc.type = GRPC (default)
2019-06-13 14:24:10,155 INFO  grpc.GrpcConfigKeys$Server (ConfUtils.java:logGet(43)) - raft.grpc.server.port = 37705 (custom)
2019-06-13 14:24:10,156 INFO  server.GrpcService (ConfUtils.java:logGet(43)) - raft.grpc.message.size.max = 33570816 (custom)
2019-06-13 14:24:10,157 INFO  server.RaftServerConfigKeys (ConfUtils.java:logGet(43)) - raft.server.log.appender.buffer.byte-limit = 33554432 (custom)
2019-06-13 14:24:10,158 INFO  server.GrpcService (ConfUtils.java:logGet(43)) - raft.grpc.flow.control.window = 1MB (=1048576) (default)
2019-06-13 14:24:10,158 INFO  server.RaftServerConfigKeys (ConfUtils.java:logGet(43)) - raft.server.rpc.request.timeout = 3000ms (default)
2019-06-13 14:24:10,269 INFO  server.RaftServerConfigKeys (ConfUtils.java:logGet(43)) - raft.server.storage.dir = [/opt/src/hadoop-ozone/integration-test/target/test-dir/MiniOzoneClusterImpl-f2c45e4f-9221-4e81-8651-c91eb14de7a2/datanode-0/data/ratis] (custom)
2019-06-13 14:24:10,275 INFO  server.XceiverServerGrpc (XceiverServerGrpc.java:<init>(97)) - Found a free port for the server : 42053
2019-06-13 14:24:10,298 INFO  replication.SimpleContainerDownloader (SimpleContainerDownloader.java:<init>(72)) - Starting container downloader service to copy containers to replicate.
2019-06-13 14:24:10,307 INFO  hdfs.DFSUtil (DFSUtil.java:httpServerTemplateForNNAndJN(1641)) - Starting Web-server for hddsDatanode at: http://0.0.0.0:0
2019-06-13 14:24:10,308 INFO  server.AuthenticationFilter (AuthenticationFilter.java:constructSecretProvider(240)) - Unable to initialize FileSignerSecretProvider, falling back to use random secrets.
2019-06-13 14:24:10,309 WARN  http.HttpRequestLog (HttpRequestLog.java:getRequestLog(97)) - Jetty request log can only be enabled using Log4j
2019-06-13 14:24:10,310 INFO  http.HttpServer2 (HttpServer2.java:addGlobalFilter(975)) - Added global filter 'safety' (class=org.apache.hadoop.http.HttpServer2$QuotingInputFilter)
2019-06-13 14:24:10,311 INFO  http.HttpServer2 (HttpServer2.java:addFilter(948)) - Added filter static_user_filter (class=org.apache.hadoop.http.lib.StaticUserWebFilter$StaticUserFilter) to context hddsDatanode
2019-06-13 14:24:10,311 INFO  http.HttpServer2 (HttpServer2.java:addFilter(958)) - Added filter static_user_filter (class=org.apache.hadoop.http.lib.StaticUserWebFilter$StaticUserFilter) to context logs
2019-06-13 14:24:10,311 INFO  http.HttpServer2 (HttpServer2.java:addFilter(958)) - Added filter static_user_filter (class=org.apache.hadoop.http.lib.StaticUserWebFilter$StaticUserFilter) to context static
2019-06-13 14:24:10,312 INFO  http.HttpServer2 (HttpServer2.java:bindListener(1191)) - Jetty bound to port 45389
2019-06-13 14:24:10,312 INFO  server.Server (Server.java:doStart(351)) - jetty-9.3.24.v20180605, build timestamp: 2018-06-05T17:11:56Z, git hash: 84205aa28f11a4f31f2a3b86d1bba2cc8ab69827
2019-06-13 14:24:10,314 INFO  handler.ContextHandler (ContextHandler.java:doStart(781)) - Started o.e.j.s.ServletContextHandler@2e51d054{/logs,file:///opt/src/hadoop-ozone/integration-test/target/log,AVAILABLE}
2019-06-13 14:24:10,314 INFO  handler.ContextHandler (ContextHandler.java:doStart(781)) - Started o.e.j.s.ServletContextHandler@615e3f51{/static,jar:file:/root/.m2/repository/org/apache/hadoop/hadoop-hdds-container-service/0.5.0-SNAPSHOT/hadoop-hdds-container-service-0.5.0-SNAPSHOT.jar!/webapps/static,AVAILABLE}
2019-06-13 14:24:10,348 INFO  handler.ContextHandler (ContextHandler.java:doStart(781)) - Started o.e.j.w.WebAppContext@5e1fc2aa{/,file:///tmp/jetty-0.0.0.0-45389-hddsDatanode-_-any-4279816779479130786.dir/webapp/,AVAILABLE}{/hddsDatanode}
2019-06-13 14:24:10,349 INFO  server.AbstractConnector (AbstractConnector.java:doStart(278)) - Started ServerConnector@370eecce{HTTP/1.1,[http/1.1]}{0.0.0.0:45389}
2019-06-13 14:24:10,349 INFO  server.Server (Server.java:doStart(419)) - Started @3135ms
2019-06-13 14:24:10,357 INFO  server.BaseHttpServer (BaseHttpServer.java:updateConnectorAddress(207)) - HTTP server of HDDSDATANODE is listening at http://0.0.0.0:45389
2019-06-13 14:24:11,247 INFO  ozone.HddsDatanodeService (HddsDatanodeService.java:startPlugins(396)) - Started plug-in org.apache.hadoop.ozone.web.OzoneHddsDatanodeService@1f992a3a
2019-06-13 14:24:11,248 INFO  impl.MetricsSystemImpl (MetricsSystemImpl.java:init(158)) - HddsDatanode metrics system started (again)
2019-06-13 14:24:11,248 INFO  ozone.HddsDatanodeService (HddsDatanodeService.java:start(185)) - HddsDatanodeService host:ozone-dd8dj-3451703863 ip:192.168.134.104
2019-06-13 14:24:11,254 INFO  util.JvmPauseMonitor (JvmPauseMonitor.java:run(188)) - Starting JVM pause monitor
2019-06-13 14:24:11,254 INFO  volume.HddsVolume (HddsVolume.java:<init>(176)) - Creating Volume: /opt/src/hadoop-ozone/integration-test/target/test-dir/MiniOzoneClusterImpl-f2c45e4f-9221-4e81-8651-c91eb14de7a2/datanode-1/data/containers/hdds of  storage type : DISK and capacity : 104021790720
2019-06-13 14:24:11,255 INFO  volume.VolumeSet (VolumeSet.java:initializeVolumeSet(170)) - Added Volume : /opt/src/hadoop-ozone/integration-test/target/test-dir/MiniOzoneClusterImpl-f2c45e4f-9221-4e81-8651-c91eb14de7a2/datanode-1/data/containers/hdds to VolumeSet
2019-06-13 14:24:11,255 INFO  volume.ThrottledAsyncChecker (ThrottledAsyncChecker.java:schedule(140)) - Scheduling a check for org.apache.hadoop.ozone.container.common.volume.HddsVolume@78a8978a
2019-06-13 14:24:11,258 INFO  volume.HddsVolumeChecker (HddsVolumeChecker.java:checkAllVolumes(203)) - Scheduled health check for volume org.apache.hadoop.ozone.container.common.volume.HddsVolume@78a8978a
2019-06-13 14:24:11,272 INFO  ratis.XceiverServerRatis (XceiverServerRatis.java:newXceiverServerRatis(401)) - Found a free port for the server : 36611
2019-06-13 14:24:11,273 INFO  impl.RaftServerProxy (ConfUtils.java:logGet(43)) - raft.rpc.type = GRPC (default)
2019-06-13 14:24:11,273 INFO  grpc.GrpcConfigKeys$Server (ConfUtils.java:logGet(43)) - raft.grpc.server.port = 36611 (custom)
2019-06-13 14:24:11,274 INFO  server.GrpcService (ConfUtils.java:logGet(43)) - raft.grpc.message.size.max = 33570816 (custom)
2019-06-13 14:24:11,274 INFO  server.RaftServerConfigKeys (ConfUtils.java:logGet(43)) - raft.server.log.appender.buffer.byte-limit = 33554432 (custom)
2019-06-13 14:24:11,275 INFO  server.GrpcService (ConfUtils.java:logGet(43)) - raft.grpc.flow.control.window = 1MB (=1048576) (default)
2019-06-13 14:24:11,276 INFO  server.RaftServerConfigKeys (ConfUtils.java:logGet(43)) - raft.server.rpc.request.timeout = 3000ms (default)
2019-06-13 14:24:11,276 INFO  server.RaftServerConfigKeys (ConfUtils.java:logGet(43)) - raft.server.storage.dir = [/opt/src/hadoop-ozone/integration-test/target/test-dir/MiniOzoneClusterImpl-f2c45e4f-9221-4e81-8651-c91eb14de7a2/datanode-1/data/ratis] (custom)
2019-06-13 14:24:11,277 INFO  server.XceiverServerGrpc (XceiverServerGrpc.java:<init>(97)) - Found a free port for the server : 38859
2019-06-13 14:24:11,277 INFO  replication.SimpleContainerDownloader (SimpleContainerDownloader.java:<init>(72)) - Starting container downloader service to copy containers to replicate.
2019-06-13 14:24:11,313 INFO  hdfs.DFSUtil (DFSUtil.java:httpServerTemplateForNNAndJN(1641)) - Starting Web-server for hddsDatanode at: http://0.0.0.0:0
2019-06-13 14:24:11,315 INFO  server.AuthenticationFilter (AuthenticationFilter.java:constructSecretProvider(240)) - Unable to initialize FileSignerSecretProvider, falling back to use random secrets.
2019-06-13 14:24:11,315 WARN  http.HttpRequestLog (HttpRequestLog.java:getRequestLog(97)) - Jetty request log can only be enabled using Log4j
2019-06-13 14:24:11,317 INFO  http.HttpServer2 (HttpServer2.java:addGlobalFilter(975)) - Added global filter 'safety' (class=org.apache.hadoop.http.HttpServer2$QuotingInputFilter)
2019-06-13 14:24:11,318 INFO  http.HttpServer2 (HttpServer2.java:addFilter(948)) - Added filter static_user_filter (class=org.apache.hadoop.http.lib.StaticUserWebFilter$StaticUserFilter) to context hddsDatanode
2019-06-13 14:24:11,318 INFO  http.HttpServer2 (HttpServer2.java:addFilter(958)) - Added filter static_user_filter (class=org.apache.hadoop.http.lib.StaticUserWebFilter$StaticUserFilter) to context logs
2019-06-13 14:24:11,318 INFO  http.HttpServer2 (HttpServer2.java:addFilter(958)) - Added filter static_user_filter (class=org.apache.hadoop.http.lib.StaticUserWebFilter$StaticUserFilter) to context static
2019-06-13 14:24:11,319 INFO  http.HttpServer2 (HttpServer2.java:bindListener(1191)) - Jetty bound to port 43975
2019-06-13 14:24:11,319 INFO  server.Server (Server.java:doStart(351)) - jetty-9.3.24.v20180605, build timestamp: 2018-06-05T17:11:56Z, git hash: 84205aa28f11a4f31f2a3b86d1bba2cc8ab69827
2019-06-13 14:24:11,322 INFO  handler.ContextHandler (ContextHandler.java:doStart(781)) - Started o.e.j.s.ServletContextHandler@2574a9e3{/logs,file:///opt/src/hadoop-ozone/integration-test/target/log,AVAILABLE}
2019-06-13 14:24:11,322 INFO  handler.ContextHandler (ContextHandler.java:doStart(781)) - Started o.e.j.s.ServletContextHandler@422ab737{/static,jar:file:/root/.m2/repository/org/apache/hadoop/hadoop-hdds-container-service/0.5.0-SNAPSHOT/hadoop-hdds-container-service-0.5.0-SNAPSHOT.jar!/webapps/static,AVAILABLE}
2019-06-13 14:24:11,341 INFO  datanode.InitDatanodeState (InitDatanodeState.java:persistContainerDatanodeDetails(140)) - DatanodeDetails is persisted to /opt/src/hadoop-ozone/integration-test/target/test-dir/MiniOzoneClusterImpl-f2c45e4f-9221-4e81-8651-c91eb14de7a2/datanode-0/meta/datanode.id
2019-06-13 14:24:11,351 INFO  handler.ContextHandler (ContextHandler.java:doStart(781)) - Started o.e.j.w.WebAppContext@78da899f{/,file:///tmp/jetty-0.0.0.0-43975-hddsDatanode-_-any-8615354549419483449.dir/webapp/,AVAILABLE}{/hddsDatanode}
2019-06-13 14:24:11,354 INFO  server.AbstractConnector (AbstractConnector.java:doStart(278)) - Started ServerConnector@e7b265e{HTTP/1.1,[http/1.1]}{0.0.0.0:43975}
2019-06-13 14:24:11,355 INFO  server.Server (Server.java:doStart(419)) - Started @4141ms
2019-06-13 14:24:11,355 INFO  server.BaseHttpServer (BaseHttpServer.java:updateConnectorAddress(207)) - HTTP server of HDDSDATANODE is listening at http://0.0.0.0:43975
2019-06-13 14:24:11,487 INFO  ozone.HddsDatanodeService (HddsDatanodeService.java:startPlugins(396)) - Started plug-in org.apache.hadoop.ozone.web.OzoneHddsDatanodeService@63fd4dda
2019-06-13 14:24:11,487 INFO  impl.MetricsSystemImpl (MetricsSystemImpl.java:init(158)) - HddsDatanode metrics system started (again)
2019-06-13 14:24:11,488 INFO  ozone.HddsDatanodeService (HddsDatanodeService.java:start(185)) - HddsDatanodeService host:ozone-dd8dj-3451703863 ip:192.168.134.104
2019-06-13 14:24:11,490 INFO  util.JvmPauseMonitor (JvmPauseMonitor.java:run(188)) - Starting JVM pause monitor
2019-06-13 14:24:11,498 INFO  volume.HddsVolume (HddsVolume.java:<init>(176)) - Creating Volume: /opt/src/hadoop-ozone/integration-test/target/test-dir/MiniOzoneClusterImpl-f2c45e4f-9221-4e81-8651-c91eb14de7a2/datanode-2/data/containers/hdds of  storage type : DISK and capacity : 104021790720
2019-06-13 14:24:11,499 INFO  volume.VolumeSet (VolumeSet.java:initializeVolumeSet(170)) - Added Volume : /opt/src/hadoop-ozone/integration-test/target/test-dir/MiniOzoneClusterImpl-f2c45e4f-9221-4e81-8651-c91eb14de7a2/datanode-2/data/containers/hdds to VolumeSet
2019-06-13 14:24:11,499 INFO  volume.ThrottledAsyncChecker (ThrottledAsyncChecker.java:schedule(140)) - Scheduling a check for org.apache.hadoop.ozone.container.common.volume.HddsVolume@4b56b031
2019-06-13 14:24:11,500 INFO  datanode.InitDatanodeState (InitDatanodeState.java:persistContainerDatanodeDetails(140)) - DatanodeDetails is persisted to /opt/src/hadoop-ozone/integration-test/target/test-dir/MiniOzoneClusterImpl-f2c45e4f-9221-4e81-8651-c91eb14de7a2/datanode-1/meta/datanode.id
2019-06-13 14:24:11,502 INFO  volume.HddsVolumeChecker (HddsVolumeChecker.java:checkAllVolumes(203)) - Scheduled health check for volume org.apache.hadoop.ozone.container.common.volume.HddsVolume@4b56b031
2019-06-13 14:24:11,513 INFO  ratis.XceiverServerRatis (XceiverServerRatis.java:newXceiverServerRatis(401)) - Found a free port for the server : 40887
2019-06-13 14:24:11,515 INFO  impl.RaftServerProxy (ConfUtils.java:logGet(43)) - raft.rpc.type = GRPC (default)
2019-06-13 14:24:11,515 INFO  grpc.GrpcConfigKeys$Server (ConfUtils.java:logGet(43)) - raft.grpc.server.port = 40887 (custom)
2019-06-13 14:24:11,515 INFO  server.GrpcService (ConfUtils.java:logGet(43)) - raft.grpc.message.size.max = 33570816 (custom)
2019-06-13 14:24:11,515 INFO  server.RaftServerConfigKeys (ConfUtils.java:logGet(43)) - raft.server.log.appender.buffer.byte-limit = 33554432 (custom)
2019-06-13 14:24:11,516 INFO  server.GrpcService (ConfUtils.java:logGet(43)) - raft.grpc.flow.control.window = 1MB (=1048576) (default)
2019-06-13 14:24:11,516 INFO  server.RaftServerConfigKeys (ConfUtils.java:logGet(43)) - raft.server.rpc.request.timeout = 3000ms (default)
2019-06-13 14:24:11,516 INFO  server.RaftServerConfigKeys (ConfUtils.java:logGet(43)) - raft.server.storage.dir = [/opt/src/hadoop-ozone/integration-test/target/test-dir/MiniOzoneClusterImpl-f2c45e4f-9221-4e81-8651-c91eb14de7a2/datanode-2/data/ratis] (custom)
2019-06-13 14:24:11,517 INFO  server.XceiverServerGrpc (XceiverServerGrpc.java:<init>(97)) - Found a free port for the server : 45323
2019-06-13 14:24:11,517 INFO  replication.SimpleContainerDownloader (SimpleContainerDownloader.java:<init>(72)) - Starting container downloader service to copy containers to replicate.
2019-06-13 14:24:11,521 INFO  hdfs.DFSUtil (DFSUtil.java:httpServerTemplateForNNAndJN(1641)) - Starting Web-server for hddsDatanode at: http://0.0.0.0:0
2019-06-13 14:24:11,522 INFO  server.AuthenticationFilter (AuthenticationFilter.java:constructSecretProvider(240)) - Unable to initialize FileSignerSecretProvider, falling back to use random secrets.
2019-06-13 14:24:11,522 WARN  http.HttpRequestLog (HttpRequestLog.java:getRequestLog(97)) - Jetty request log can only be enabled using Log4j
2019-06-13 14:24:11,524 INFO  http.HttpServer2 (HttpServer2.java:addGlobalFilter(975)) - Added global filter 'safety' (class=org.apache.hadoop.http.HttpServer2$QuotingInputFilter)
2019-06-13 14:24:11,525 INFO  http.HttpServer2 (HttpServer2.java:addFilter(948)) - Added filter static_user_filter (class=org.apache.hadoop.http.lib.StaticUserWebFilter$StaticUserFilter) to context hddsDatanode
2019-06-13 14:24:11,525 INFO  http.HttpServer2 (HttpServer2.java:addFilter(958)) - Added filter static_user_filter (class=org.apache.hadoop.http.lib.StaticUserWebFilter$StaticUserFilter) to context logs
2019-06-13 14:24:11,525 INFO  http.HttpServer2 (HttpServer2.java:addFilter(958)) - Added filter static_user_filter (class=org.apache.hadoop.http.lib.StaticUserWebFilter$StaticUserFilter) to context static
2019-06-13 14:24:11,526 INFO  http.HttpServer2 (HttpServer2.java:bindListener(1191)) - Jetty bound to port 34091
2019-06-13 14:24:11,526 INFO  server.Server (Server.java:doStart(351)) - jetty-9.3.24.v20180605, build timestamp: 2018-06-05T17:11:56Z, git hash: 84205aa28f11a4f31f2a3b86d1bba2cc8ab69827
2019-06-13 14:24:11,528 INFO  handler.ContextHandler (ContextHandler.java:doStart(781)) - Started o.e.j.s.ServletContextHandler@2443abd6{/logs,file:///opt/src/hadoop-ozone/integration-test/target/log,AVAILABLE}
2019-06-13 14:24:11,528 INFO  handler.ContextHandler (ContextHandler.java:doStart(781)) - Started o.e.j.s.ServletContextHandler@bd3eff4{/static,jar:file:/root/.m2/repository/org/apache/hadoop/hadoop-hdds-container-service/0.5.0-SNAPSHOT/hadoop-hdds-container-service-0.5.0-SNAPSHOT.jar!/webapps/static,AVAILABLE}
2019-06-13 14:24:11,551 INFO  handler.ContextHandler (ContextHandler.java:doStart(781)) - Started o.e.j.w.WebAppContext@4e80a001{/,file:///tmp/jetty-0.0.0.0-34091-hddsDatanode-_-any-9012956438535076295.dir/webapp/,AVAILABLE}{/hddsDatanode}
2019-06-13 14:24:11,552 INFO  server.AbstractConnector (AbstractConnector.java:doStart(278)) - Started ServerConnector@624b523{HTTP/1.1,[http/1.1]}{0.0.0.0:34091}
2019-06-13 14:24:11,552 INFO  server.Server (Server.java:doStart(419)) - Started @4338ms
2019-06-13 14:24:11,553 INFO  server.BaseHttpServer (BaseHttpServer.java:updateConnectorAddress(207)) - HTTP server of HDDSDATANODE is listening at http://0.0.0.0:34091
2019-06-13 14:24:11,695 INFO  ozone.HddsDatanodeService (HddsDatanodeService.java:startPlugins(396)) - Started plug-in org.apache.hadoop.ozone.web.OzoneHddsDatanodeService@11c78080
2019-06-13 14:24:11,695 INFO  impl.MetricsSystemImpl (MetricsSystemImpl.java:init(158)) - HddsDatanode metrics system started (again)
2019-06-13 14:24:11,696 INFO  ozone.HddsDatanodeService (HddsDatanodeService.java:start(185)) - HddsDatanodeService host:ozone-dd8dj-3451703863 ip:192.168.134.104
2019-06-13 14:24:11,706 INFO  util.JvmPauseMonitor (JvmPauseMonitor.java:run(188)) - Starting JVM pause monitor
2019-06-13 14:24:11,708 INFO  volume.HddsVolume (HddsVolume.java:<init>(176)) - Creating Volume: /opt/src/hadoop-ozone/integration-test/target/test-dir/MiniOzoneClusterImpl-f2c45e4f-9221-4e81-8651-c91eb14de7a2/datanode-3/data/containers/hdds of  storage type : DISK and capacity : 104021790720
2019-06-13 14:24:11,709 INFO  volume.VolumeSet (VolumeSet.java:initializeVolumeSet(170)) - Added Volume : /opt/src/hadoop-ozone/integration-test/target/test-dir/MiniOzoneClusterImpl-f2c45e4f-9221-4e81-8651-c91eb14de7a2/datanode-3/data/containers/hdds to VolumeSet
2019-06-13 14:24:11,709 INFO  volume.ThrottledAsyncChecker (ThrottledAsyncChecker.java:schedule(140)) - Scheduling a check for org.apache.hadoop.ozone.container.common.volume.HddsVolume@7c11d32
2019-06-13 14:24:11,710 INFO  datanode.InitDatanodeState (InitDatanodeState.java:persistContainerDatanodeDetails(140)) - DatanodeDetails is persisted to /opt/src/hadoop-ozone/integration-test/target/test-dir/MiniOzoneClusterImpl-f2c45e4f-9221-4e81-8651-c91eb14de7a2/datanode-2/meta/datanode.id
2019-06-13 14:24:11,712 INFO  volume.HddsVolumeChecker (HddsVolumeChecker.java:checkAllVolumes(203)) - Scheduled health check for volume org.apache.hadoop.ozone.container.common.volume.HddsVolume@7c11d32
2019-06-13 14:24:11,724 INFO  ratis.XceiverServerRatis (XceiverServerRatis.java:newXceiverServerRatis(401)) - Found a free port for the server : 41523
2019-06-13 14:24:11,726 INFO  impl.RaftServerProxy (ConfUtils.java:logGet(43)) - raft.rpc.type = GRPC (default)
2019-06-13 14:24:11,726 INFO  grpc.GrpcConfigKeys$Server (ConfUtils.java:logGet(43)) - raft.grpc.server.port = 41523 (custom)
2019-06-13 14:24:11,726 INFO  server.GrpcService (ConfUtils.java:logGet(43)) - raft.grpc.message.size.max = 33570816 (custom)
2019-06-13 14:24:11,727 INFO  server.RaftServerConfigKeys (ConfUtils.java:logGet(43)) - raft.server.log.appender.buffer.byte-limit = 33554432 (custom)
2019-06-13 14:24:11,727 INFO  server.GrpcService (ConfUtils.java:logGet(43)) - raft.grpc.flow.control.window = 1MB (=1048576) (default)
2019-06-13 14:24:11,727 INFO  server.RaftServerConfigKeys (ConfUtils.java:logGet(43)) - raft.server.rpc.request.timeout = 3000ms (default)
2019-06-13 14:24:11,728 INFO  server.RaftServerConfigKeys (ConfUtils.java:logGet(43)) - raft.server.storage.dir = [/opt/src/hadoop-ozone/integration-test/target/test-dir/MiniOzoneClusterImpl-f2c45e4f-9221-4e81-8651-c91eb14de7a2/datanode-3/data/ratis] (custom)
2019-06-13 14:24:11,728 INFO  server.XceiverServerGrpc (XceiverServerGrpc.java:<init>(97)) - Found a free port for the server : 44795
2019-06-13 14:24:11,729 INFO  replication.SimpleContainerDownloader (SimpleContainerDownloader.java:<init>(72)) - Starting container downloader service to copy containers to replicate.
2019-06-13 14:24:11,729 INFO  hdfs.DFSUtil (DFSUtil.java:httpServerTemplateForNNAndJN(1641)) - Starting Web-server for hddsDatanode at: http://0.0.0.0:0
2019-06-13 14:24:11,731 INFO  server.AuthenticationFilter (AuthenticationFilter.java:constructSecretProvider(240)) - Unable to initialize FileSignerSecretProvider, falling back to use random secrets.
2019-06-13 14:24:11,731 WARN  http.HttpRequestLog (HttpRequestLog.java:getRequestLog(97)) - Jetty request log can only be enabled using Log4j
2019-06-13 14:24:11,733 INFO  http.HttpServer2 (HttpServer2.java:addGlobalFilter(975)) - Added global filter 'safety' (class=org.apache.hadoop.http.HttpServer2$QuotingInputFilter)
2019-06-13 14:24:11,733 INFO  http.HttpServer2 (HttpServer2.java:addFilter(948)) - Added filter static_user_filter (class=org.apache.hadoop.http.lib.StaticUserWebFilter$StaticUserFilter) to context hddsDatanode
2019-06-13 14:24:11,733 INFO  http.HttpServer2 (HttpServer2.java:addFilter(958)) - Added filter static_user_filter (class=org.apache.hadoop.http.lib.StaticUserWebFilter$StaticUserFilter) to context logs
2019-06-13 14:24:11,734 INFO  http.HttpServer2 (HttpServer2.java:addFilter(958)) - Added filter static_user_filter (class=org.apache.hadoop.http.lib.StaticUserWebFilter$StaticUserFilter) to context static
2019-06-13 14:24:11,734 INFO  http.HttpServer2 (HttpServer2.java:bindListener(1191)) - Jetty bound to port 40413
2019-06-13 14:24:11,734 INFO  server.Server (Server.java:doStart(351)) - jetty-9.3.24.v20180605, build timestamp: 2018-06-05T17:11:56Z, git hash: 84205aa28f11a4f31f2a3b86d1bba2cc8ab69827
2019-06-13 14:24:11,751 INFO  handler.ContextHandler (ContextHandler.java:doStart(781)) - Started o.e.j.s.ServletContextHandler@25974207{/logs,file:///opt/src/hadoop-ozone/integration-test/target/log,AVAILABLE}
2019-06-13 14:24:11,751 INFO  handler.ContextHandler (ContextHandler.java:doStart(781)) - Started o.e.j.s.ServletContextHandler@195113de{/static,jar:file:/root/.m2/repository/org/apache/hadoop/hadoop-hdds-container-service/0.5.0-SNAPSHOT/hadoop-hdds-container-service-0.5.0-SNAPSHOT.jar!/webapps/static,AVAILABLE}
2019-06-13 14:24:11,772 INFO  handler.ContextHandler (ContextHandler.java:doStart(781)) - Started o.e.j.w.WebAppContext@74c9e11{/,file:///tmp/jetty-0.0.0.0-40413-hddsDatanode-_-any-5950074606000565125.dir/webapp/,AVAILABLE}{/hddsDatanode}
2019-06-13 14:24:11,773 INFO  server.AbstractConnector (AbstractConnector.java:doStart(278)) - Started ServerConnector@9fe720a{HTTP/1.1,[http/1.1]}{0.0.0.0:40413}
2019-06-13 14:24:11,774 INFO  server.Server (Server.java:doStart(419)) - Started @4560ms
2019-06-13 14:24:11,776 INFO  server.BaseHttpServer (BaseHttpServer.java:updateConnectorAddress(207)) - HTTP server of HDDSDATANODE is listening at http://0.0.0.0:40413
2019-06-13 14:24:11,889 INFO  ozone.HddsDatanodeService (HddsDatanodeService.java:startPlugins(396)) - Started plug-in org.apache.hadoop.ozone.web.OzoneHddsDatanodeService@76216830
2019-06-13 14:24:11,890 INFO  impl.MetricsSystemImpl (MetricsSystemImpl.java:init(158)) - HddsDatanode metrics system started (again)
2019-06-13 14:24:11,890 INFO  ozone.HddsDatanodeService (HddsDatanodeService.java:start(185)) - HddsDatanodeService host:ozone-dd8dj-3451703863 ip:192.168.134.104
2019-06-13 14:24:11,892 INFO  util.JvmPauseMonitor (JvmPauseMonitor.java:run(188)) - Starting JVM pause monitor
2019-06-13 14:24:11,894 INFO  datanode.InitDatanodeState (InitDatanodeState.java:persistContainerDatanodeDetails(140)) - DatanodeDetails is persisted to /opt/src/hadoop-ozone/integration-test/target/test-dir/MiniOzoneClusterImpl-f2c45e4f-9221-4e81-8651-c91eb14de7a2/datanode-3/meta/datanode.id
2019-06-13 14:24:11,900 INFO  volume.HddsVolume (HddsVolume.java:<init>(176)) - Creating Volume: /opt/src/hadoop-ozone/integration-test/target/test-dir/MiniOzoneClusterImpl-f2c45e4f-9221-4e81-8651-c91eb14de7a2/datanode-4/data/containers/hdds of  storage type : DISK and capacity : 104021790720
2019-06-13 14:24:11,901 INFO  volume.VolumeSet (VolumeSet.java:initializeVolumeSet(170)) - Added Volume : /opt/src/hadoop-ozone/integration-test/target/test-dir/MiniOzoneClusterImpl-f2c45e4f-9221-4e81-8651-c91eb14de7a2/datanode-4/data/containers/hdds to VolumeSet
2019-06-13 14:24:11,901 INFO  volume.ThrottledAsyncChecker (ThrottledAsyncChecker.java:schedule(140)) - Scheduling a check for org.apache.hadoop.ozone.container.common.volume.HddsVolume@391d1e33
2019-06-13 14:24:11,902 INFO  volume.HddsVolumeChecker (HddsVolumeChecker.java:checkAllVolumes(203)) - Scheduled health check for volume org.apache.hadoop.ozone.container.common.volume.HddsVolume@391d1e33
2019-06-13 14:24:11,911 INFO  ratis.XceiverServerRatis (XceiverServerRatis.java:newXceiverServerRatis(401)) - Found a free port for the server : 39593
2019-06-13 14:24:11,912 INFO  impl.RaftServerProxy (ConfUtils.java:logGet(43)) - raft.rpc.type = GRPC (default)
2019-06-13 14:24:11,913 INFO  grpc.GrpcConfigKeys$Server (ConfUtils.java:logGet(43)) - raft.grpc.server.port = 39593 (custom)
2019-06-13 14:24:11,913 INFO  server.GrpcService (ConfUtils.java:logGet(43)) - raft.grpc.message.size.max = 33570816 (custom)
2019-06-13 14:24:11,913 INFO  server.RaftServerConfigKeys (ConfUtils.java:logGet(43)) - raft.server.log.appender.buffer.byte-limit = 33554432 (custom)
2019-06-13 14:24:11,913 INFO  server.GrpcService (ConfUtils.java:logGet(43)) - raft.grpc.flow.control.window = 1MB (=1048576) (default)
2019-06-13 14:24:11,913 INFO  server.RaftServerConfigKeys (ConfUtils.java:logGet(43)) - raft.server.rpc.request.timeout = 3000ms (default)
2019-06-13 14:24:11,914 INFO  server.RaftServerConfigKeys (ConfUtils.java:logGet(43)) - raft.server.storage.dir = [/opt/src/hadoop-ozone/integration-test/target/test-dir/MiniOzoneClusterImpl-f2c45e4f-9221-4e81-8651-c91eb14de7a2/datanode-4/data/ratis] (custom)
2019-06-13 14:24:11,914 INFO  server.XceiverServerGrpc (XceiverServerGrpc.java:<init>(97)) - Found a free port for the server : 41579
2019-06-13 14:24:11,915 INFO  replication.SimpleContainerDownloader (SimpleContainerDownloader.java:<init>(72)) - Starting container downloader service to copy containers to replicate.
2019-06-13 14:24:11,915 INFO  hdfs.DFSUtil (DFSUtil.java:httpServerTemplateForNNAndJN(1641)) - Starting Web-server for hddsDatanode at: http://0.0.0.0:0
2019-06-13 14:24:11,916 INFO  server.AuthenticationFilter (AuthenticationFilter.java:constructSecretProvider(240)) - Unable to initialize FileSignerSecretProvider, falling back to use random secrets.
2019-06-13 14:24:11,918 WARN  http.HttpRequestLog (HttpRequestLog.java:getRequestLog(97)) - Jetty request log can only be enabled using Log4j
2019-06-13 14:24:11,919 INFO  http.HttpServer2 (HttpServer2.java:addGlobalFilter(975)) - Added global filter 'safety' (class=org.apache.hadoop.http.HttpServer2$QuotingInputFilter)
2019-06-13 14:24:11,920 INFO  http.HttpServer2 (HttpServer2.java:addFilter(948)) - Added filter static_user_filter (class=org.apache.hadoop.http.lib.StaticUserWebFilter$StaticUserFilter) to context hddsDatanode
2019-06-13 14:24:11,920 INFO  http.HttpServer2 (HttpServer2.java:addFilter(958)) - Added filter static_user_filter (class=org.apache.hadoop.http.lib.StaticUserWebFilter$StaticUserFilter) to context static
2019-06-13 14:24:11,920 INFO  http.HttpServer2 (HttpServer2.java:addFilter(958)) - Added filter static_user_filter (class=org.apache.hadoop.http.lib.StaticUserWebFilter$StaticUserFilter) to context logs
2019-06-13 14:24:11,921 INFO  http.HttpServer2 (HttpServer2.java:bindListener(1191)) - Jetty bound to port 37941
2019-06-13 14:24:11,921 INFO  server.Server (Server.java:doStart(351)) - jetty-9.3.24.v20180605, build timestamp: 2018-06-05T17:11:56Z, git hash: 84205aa28f11a4f31f2a3b86d1bba2cc8ab69827
2019-06-13 14:24:11,923 INFO  handler.ContextHandler (ContextHandler.java:doStart(781)) - Started o.e.j.s.ServletContextHandler@6f38f084{/logs,file:///opt/src/hadoop-ozone/integration-test/target/log,AVAILABLE}
2019-06-13 14:24:11,923 INFO  handler.ContextHandler (ContextHandler.java:doStart(781)) - Started o.e.j.s.ServletContextHandler@372f0a99{/static,jar:file:/root/.m2/repository/org/apache/hadoop/hadoop-hdds-container-service/0.5.0-SNAPSHOT/hadoop-hdds-container-service-0.5.0-SNAPSHOT.jar!/webapps/static,AVAILABLE}
2019-06-13 14:24:11,951 INFO  handler.ContextHandler (ContextHandler.java:doStart(781)) - Started o.e.j.w.WebAppContext@6b2fdffc{/,file:///tmp/jetty-0.0.0.0-37941-hddsDatanode-_-any-2319780061417411031.dir/webapp/,AVAILABLE}{/hddsDatanode}
2019-06-13 14:24:11,955 INFO  server.AbstractConnector (AbstractConnector.java:doStart(278)) - Started ServerConnector@2ca3d826{HTTP/1.1,[http/1.1]}{0.0.0.0:37941}
2019-06-13 14:24:11,955 INFO  server.Server (Server.java:doStart(419)) - Started @4742ms
2019-06-13 14:24:11,958 INFO  server.BaseHttpServer (BaseHttpServer.java:updateConnectorAddress(207)) - HTTP server of HDDSDATANODE is listening at http://0.0.0.0:37941
2019-06-13 14:24:12,071 INFO  ozone.HddsDatanodeService (HddsDatanodeService.java:startPlugins(396)) - Started plug-in org.apache.hadoop.ozone.web.OzoneHddsDatanodeService@624b3544
2019-06-13 14:24:12,071 INFO  impl.MetricsSystemImpl (MetricsSystemImpl.java:init(158)) - HddsDatanode metrics system started (again)
2019-06-13 14:24:12,071 INFO  ozone.HddsDatanodeService (HddsDatanodeService.java:start(185)) - HddsDatanodeService host:ozone-dd8dj-3451703863 ip:192.168.134.104
2019-06-13 14:24:12,079 INFO  util.JvmPauseMonitor (JvmPauseMonitor.java:run(188)) - Starting JVM pause monitor
2019-06-13 14:24:12,086 INFO  datanode.InitDatanodeState (InitDatanodeState.java:persistContainerDatanodeDetails(140)) - DatanodeDetails is persisted to /opt/src/hadoop-ozone/integration-test/target/test-dir/MiniOzoneClusterImpl-f2c45e4f-9221-4e81-8651-c91eb14de7a2/datanode-4/meta/datanode.id
2019-06-13 14:24:12,090 INFO  volume.HddsVolume (HddsVolume.java:<init>(176)) - Creating Volume: /opt/src/hadoop-ozone/integration-test/target/test-dir/MiniOzoneClusterImpl-f2c45e4f-9221-4e81-8651-c91eb14de7a2/datanode-5/data/containers/hdds of  storage type : DISK and capacity : 104021790720
2019-06-13 14:24:12,090 INFO  volume.VolumeSet (VolumeSet.java:initializeVolumeSet(170)) - Added Volume : /opt/src/hadoop-ozone/integration-test/target/test-dir/MiniOzoneClusterImpl-f2c45e4f-9221-4e81-8651-c91eb14de7a2/datanode-5/data/containers/hdds to VolumeSet
2019-06-13 14:24:12,090 INFO  volume.ThrottledAsyncChecker (ThrottledAsyncChecker.java:schedule(140)) - Scheduling a check for org.apache.hadoop.ozone.container.common.volume.HddsVolume@55a0f011
2019-06-13 14:24:12,094 INFO  volume.HddsVolumeChecker (HddsVolumeChecker.java:checkAllVolumes(203)) - Scheduled health check for volume org.apache.hadoop.ozone.container.common.volume.HddsVolume@55a0f011
2019-06-13 14:24:12,105 INFO  ratis.XceiverServerRatis (XceiverServerRatis.java:newXceiverServerRatis(401)) - Found a free port for the server : 44253
2019-06-13 14:24:12,106 INFO  impl.RaftServerProxy (ConfUtils.java:logGet(43)) - raft.rpc.type = GRPC (default)
2019-06-13 14:24:12,107 INFO  grpc.GrpcConfigKeys$Server (ConfUtils.java:logGet(43)) - raft.grpc.server.port = 44253 (custom)
2019-06-13 14:24:12,107 INFO  server.GrpcService (ConfUtils.java:logGet(43)) - raft.grpc.message.size.max = 33570816 (custom)
2019-06-13 14:24:12,107 INFO  server.RaftServerConfigKeys (ConfUtils.java:logGet(43)) - raft.server.log.appender.buffer.byte-limit = 33554432 (custom)
2019-06-13 14:24:12,107 INFO  server.GrpcService (ConfUtils.java:logGet(43)) - raft.grpc.flow.control.window = 1MB (=1048576) (default)
2019-06-13 14:24:12,107 INFO  server.RaftServerConfigKeys (ConfUtils.java:logGet(43)) - raft.server.rpc.request.timeout = 3000ms (default)
2019-06-13 14:24:12,108 INFO  server.RaftServerConfigKeys (ConfUtils.java:logGet(43)) - raft.server.storage.dir = [/opt/src/hadoop-ozone/integration-test/target/test-dir/MiniOzoneClusterImpl-f2c45e4f-9221-4e81-8651-c91eb14de7a2/datanode-5/data/ratis] (custom)
2019-06-13 14:24:12,108 INFO  server.XceiverServerGrpc (XceiverServerGrpc.java:<init>(97)) - Found a free port for the server : 43867
2019-06-13 14:24:12,108 INFO  replication.SimpleContainerDownloader (SimpleContainerDownloader.java:<init>(72)) - Starting container downloader service to copy containers to replicate.
2019-06-13 14:24:12,117 INFO  hdfs.DFSUtil (DFSUtil.java:httpServerTemplateForNNAndJN(1641)) - Starting Web-server for hddsDatanode at: http://0.0.0.0:0
2019-06-13 14:24:12,118 INFO  server.AuthenticationFilter (AuthenticationFilter.java:constructSecretProvider(240)) - Unable to initialize FileSignerSecretProvider, falling back to use random secrets.
2019-06-13 14:24:12,119 WARN  http.HttpRequestLog (HttpRequestLog.java:getRequestLog(97)) - Jetty request log can only be enabled using Log4j
2019-06-13 14:24:12,120 INFO  http.HttpServer2 (HttpServer2.java:addGlobalFilter(975)) - Added global filter 'safety' (class=org.apache.hadoop.http.HttpServer2$QuotingInputFilter)
2019-06-13 14:24:12,120 INFO  http.HttpServer2 (HttpServer2.java:addFilter(948)) - Added filter static_user_filter (class=org.apache.hadoop.http.lib.StaticUserWebFilter$StaticUserFilter) to context hddsDatanode
2019-06-13 14:24:12,120 INFO  http.HttpServer2 (HttpServer2.java:addFilter(958)) - Added filter static_user_filter (class=org.apache.hadoop.http.lib.StaticUserWebFilter$StaticUserFilter) to context logs
2019-06-13 14:24:12,120 INFO  http.HttpServer2 (HttpServer2.java:addFilter(958)) - Added filter static_user_filter (class=org.apache.hadoop.http.lib.StaticUserWebFilter$StaticUserFilter) to context static
2019-06-13 14:24:12,121 INFO  http.HttpServer2 (HttpServer2.java:bindListener(1191)) - Jetty bound to port 42001
2019-06-13 14:24:12,121 INFO  server.Server (Server.java:doStart(351)) - jetty-9.3.24.v20180605, build timestamp: 2018-06-05T17:11:56Z, git hash: 84205aa28f11a4f31f2a3b86d1bba2cc8ab69827
2019-06-13 14:24:12,124 INFO  handler.ContextHandler (ContextHandler.java:doStart(781)) - Started o.e.j.s.ServletContextHandler@23e61112{/logs,file:///opt/src/hadoop-ozone/integration-test/target/log,AVAILABLE}
2019-06-13 14:24:12,124 INFO  handler.ContextHandler (ContextHandler.java:doStart(781)) - Started o.e.j.s.ServletContextHandler@61b60600{/static,jar:file:/root/.m2/repository/org/apache/hadoop/hadoop-hdds-container-service/0.5.0-SNAPSHOT/hadoop-hdds-container-service-0.5.0-SNAPSHOT.jar!/webapps/static,AVAILABLE}
2019-06-13 14:24:12,150 INFO  handler.ContextHandler (ContextHandler.java:doStart(781)) - Started o.e.j.w.WebAppContext@245cb8df{/,file:///tmp/jetty-0.0.0.0-42001-hddsDatanode-_-any-2889737602749436431.dir/webapp/,AVAILABLE}{/hddsDatanode}
2019-06-13 14:24:12,151 INFO  server.AbstractConnector (AbstractConnector.java:doStart(278)) - Started ServerConnector@26b3c9a2{HTTP/1.1,[http/1.1]}{0.0.0.0:42001}
2019-06-13 14:24:12,151 INFO  server.Server (Server.java:doStart(419)) - Started @4937ms
2019-06-13 14:24:12,153 INFO  server.BaseHttpServer (BaseHttpServer.java:updateConnectorAddress(207)) - HTTP server of HDDSDATANODE is listening at http://0.0.0.0:42001
2019-06-13 14:24:12,296 INFO  ozone.HddsDatanodeService (HddsDatanodeService.java:startPlugins(396)) - Started plug-in org.apache.hadoop.ozone.web.OzoneHddsDatanodeService@4662752a
2019-06-13 14:24:12,297 INFO  ozone.MiniOzoneClusterImpl (MiniOzoneClusterImpl.java:lambda$waitForClusterToBeReady$0(142)) - Waiting for cluster to be ready. Got 0 of 6 DN Heartbeats.
2019-06-13 14:24:12,302 INFO  util.JvmPauseMonitor (JvmPauseMonitor.java:run(188)) - Starting JVM pause monitor
2019-06-13 14:24:12,303 INFO  datanode.InitDatanodeState (InitDatanodeState.java:persistContainerDatanodeDetails(140)) - DatanodeDetails is persisted to /opt/src/hadoop-ozone/integration-test/target/test-dir/MiniOzoneClusterImpl-f2c45e4f-9221-4e81-8651-c91eb14de7a2/datanode-5/meta/datanode.id
2019-06-13 14:24:13,277 INFO  ozoneimpl.OzoneContainer (OzoneContainer.java:start(186)) - Attempting to start container services.
2019-06-13 14:24:13,278 INFO  ozoneimpl.OzoneContainer (OzoneContainer.java:startContainerScrub(160)) - Background container scrubber has been disabled by hdds.containerscrub.enabled
2019-06-13 14:24:13,278 INFO  ratis.XceiverServerRatis (XceiverServerRatis.java:start(418)) - Starting XceiverServerRatis 28e8b96a-b3ef-4bb2-8be6-4c7c70649dfe at port 37705
2019-06-13 14:24:13,295 INFO  impl.RaftServerProxy (RaftServerProxy.java:lambda$start$3(299)) - 28e8b96a-b3ef-4bb2-8be6-4c7c70649dfe: start RPC server
2019-06-13 14:24:13,297 INFO  ozone.MiniOzoneClusterImpl (MiniOzoneClusterImpl.java:lambda$waitForClusterToBeReady$0(142)) - Waiting for cluster to be ready. Got 0 of 6 DN Heartbeats.
2019-06-13 14:24:13,404 INFO  server.GrpcService (GrpcService.java:startImpl(148)) - 28e8b96a-b3ef-4bb2-8be6-4c7c70649dfe: GrpcService started, listening on 0.0.0.0/0.0.0.0:37705
2019-06-13 14:24:13,495 INFO  ozoneimpl.OzoneContainer (OzoneContainer.java:start(186)) - Attempting to start container services.
2019-06-13 14:24:13,495 INFO  ozoneimpl.OzoneContainer (OzoneContainer.java:startContainerScrub(160)) - Background container scrubber has been disabled by hdds.containerscrub.enabled
2019-06-13 14:24:13,495 INFO  ratis.XceiverServerRatis (XceiverServerRatis.java:start(418)) - Starting XceiverServerRatis 032e4ee5-7208-46db-8360-1e5f7c3c506d at port 36611
2019-06-13 14:24:13,504 INFO  impl.RaftServerProxy (RaftServerProxy.java:lambda$start$3(299)) - 032e4ee5-7208-46db-8360-1e5f7c3c506d: start RPC server
2019-06-13 14:24:13,507 INFO  server.GrpcService (GrpcService.java:startImpl(148)) - 032e4ee5-7208-46db-8360-1e5f7c3c506d: GrpcService started, listening on 0.0.0.0/0.0.0.0:36611
2019-06-13 14:24:13,710 INFO  ozoneimpl.OzoneContainer (OzoneContainer.java:start(186)) - Attempting to start container services.
2019-06-13 14:24:13,712 INFO  ozoneimpl.OzoneContainer (OzoneContainer.java:startContainerScrub(160)) - Background container scrubber has been disabled by hdds.containerscrub.enabled
2019-06-13 14:24:13,712 INFO  ratis.XceiverServerRatis (XceiverServerRatis.java:start(418)) - Starting XceiverServerRatis 18ad8fc0-3ac4-4894-abab-2cbe8ac0bd06 at port 40887
2019-06-13 14:24:13,718 INFO  impl.RaftServerProxy (RaftServerProxy.java:lambda$start$3(299)) - 18ad8fc0-3ac4-4894-abab-2cbe8ac0bd06: start RPC server
2019-06-13 14:24:13,720 INFO  server.GrpcService (GrpcService.java:startImpl(148)) - 18ad8fc0-3ac4-4894-abab-2cbe8ac0bd06: GrpcService started, listening on 0.0.0.0/0.0.0.0:40887
2019-06-13 14:24:13,896 INFO  ozoneimpl.OzoneContainer (OzoneContainer.java:start(186)) - Attempting to start container services.
2019-06-13 14:24:13,897 INFO  ozoneimpl.OzoneContainer (OzoneContainer.java:startContainerScrub(160)) - Background container scrubber has been disabled by hdds.containerscrub.enabled
2019-06-13 14:24:13,898 INFO  ratis.XceiverServerRatis (XceiverServerRatis.java:start(418)) - Starting XceiverServerRatis ea6ee9d2-49a0-415f-899b-9c810900fd53 at port 41523
2019-06-13 14:24:13,903 INFO  impl.RaftServerProxy (RaftServerProxy.java:lambda$start$3(299)) - ea6ee9d2-49a0-415f-899b-9c810900fd53: start RPC server
2019-06-13 14:24:13,905 INFO  server.GrpcService (GrpcService.java:startImpl(148)) - ea6ee9d2-49a0-415f-899b-9c810900fd53: GrpcService started, listening on 0.0.0.0/0.0.0.0:41523
2019-06-13 14:24:14,082 INFO  ozoneimpl.OzoneContainer (OzoneContainer.java:start(186)) - Attempting to start container services.
2019-06-13 14:24:14,084 INFO  ozoneimpl.OzoneContainer (OzoneContainer.java:startContainerScrub(160)) - Background container scrubber has been disabled by hdds.containerscrub.enabled
2019-06-13 14:24:14,084 INFO  ratis.XceiverServerRatis (XceiverServerRatis.java:start(418)) - Starting XceiverServerRatis 4074ff25-cac0-4156-8373-7355f9adbcd0 at port 39593
2019-06-13 14:24:14,090 INFO  impl.RaftServerProxy (RaftServerProxy.java:lambda$start$3(299)) - 4074ff25-cac0-4156-8373-7355f9adbcd0: start RPC server
2019-06-13 14:24:14,092 INFO  server.GrpcService (GrpcService.java:startImpl(148)) - 4074ff25-cac0-4156-8373-7355f9adbcd0: GrpcService started, listening on 0.0.0.0/0.0.0.0:39593
2019-06-13 14:24:14,298 INFO  ozone.MiniOzoneClusterImpl (MiniOzoneClusterImpl.java:lambda$waitForClusterToBeReady$0(142)) - Waiting for cluster to be ready. Got 0 of 6 DN Heartbeats.
2019-06-13 14:24:14,307 INFO  ozoneimpl.OzoneContainer (OzoneContainer.java:start(186)) - Attempting to start container services.
2019-06-13 14:24:14,309 INFO  ozoneimpl.OzoneContainer (OzoneContainer.java:startContainerScrub(160)) - Background container scrubber has been disabled by hdds.containerscrub.enabled
2019-06-13 14:24:14,309 INFO  ratis.XceiverServerRatis (XceiverServerRatis.java:start(418)) - Starting XceiverServerRatis 2ab1b528-c73e-4ed1-8ace-b7a2393066c1 at port 44253
2019-06-13 14:24:14,312 INFO  impl.RaftServerProxy (RaftServerProxy.java:lambda$start$3(299)) - 2ab1b528-c73e-4ed1-8ace-b7a2393066c1: start RPC server
2019-06-13 14:24:14,315 INFO  server.GrpcService (GrpcService.java:startImpl(148)) - 2ab1b528-c73e-4ed1-8ace-b7a2393066c1: GrpcService started, listening on 0.0.0.0/0.0.0.0:44253
2019-06-13 14:24:15,276 INFO  node.SCMNodeManager (SCMNodeManager.java:register(234)) - Registered Data node : 28e8b96a-b3ef-4bb2-8be6-4c7c70649dfe{ip: 192.168.134.104, host: ozone-dd8dj-3451703863, networkLocation: /default-rack, certSerialId: null}
2019-06-13 14:24:15,282 INFO  safemode.SCMSafeModeManager (DataNodeSafeModeRule.java:process(71)) - SCM in safe mode. 1 DataNodes registered, 1 required.
2019-06-13 14:24:15,282 INFO  safemode.SCMSafeModeManager (SCMSafeModeManager.java:validateSafeModeExitRules(177)) - ScmSafeModeManager, all rules are successfully validated
2019-06-13 14:24:15,282 INFO  safemode.SCMSafeModeManager (SCMSafeModeManager.java:exitSafeMode(193)) - SCM exiting safe mode.
2019-06-13 14:24:15,298 INFO  ozone.MiniOzoneClusterImpl (MiniOzoneClusterImpl.java:lambda$waitForClusterToBeReady$0(142)) - Waiting for cluster to be ready. Got 1 of 6 DN Heartbeats.
2019-06-13 14:24:15,493 INFO  node.SCMNodeManager (SCMNodeManager.java:register(234)) - Registered Data node : 032e4ee5-7208-46db-8360-1e5f7c3c506d{ip: 192.168.134.104, host: ozone-dd8dj-3451703863, networkLocation: /default-rack, certSerialId: null}
2019-06-13 14:24:15,609 INFO  impl.RaftServerProxy (RaftServerProxy.java:addNew(89)) - 28e8b96a-b3ef-4bb2-8be6-4c7c70649dfe: addNew group-190361C4821E:[28e8b96a-b3ef-4bb2-8be6-4c7c70649dfe:192.168.134.104:37705] returns group-190361C4821E:java.util.concurrent.CompletableFuture@1688d3af[Not completed]
2019-06-13 14:24:15,614 INFO  impl.RaftServerImpl (RaftServerImpl.java:<init>(91)) - 28e8b96a-b3ef-4bb2-8be6-4c7c70649dfe: new RaftServerImpl for group-190361C4821E:[28e8b96a-b3ef-4bb2-8be6-4c7c70649dfe:192.168.134.104:37705] with ContainerStateMachine:uninitialized
2019-06-13 14:24:15,615 INFO  server.RaftServerConfigKeys (ConfUtils.java:logGet(43)) - raft.server.rpc.timeout.min = 1s (custom)
2019-06-13 14:24:15,615 INFO  server.RaftServerConfigKeys (ConfUtils.java:logGet(43)) - raft.server.rpc.timeout.max = 1200ms (custom)
2019-06-13 14:24:15,615 INFO  server.RaftServerConfigKeys (ConfUtils.java:logGet(43)) - raft.server.rpcslowness.timeout = 10s (custom)
2019-06-13 14:24:15,616 INFO  server.RaftServerConfigKeys (ConfUtils.java:logGet(43)) - raft.server.log.appender.install.snapshot.enabled = true (default)
2019-06-13 14:24:15,621 INFO  impl.RaftServerImpl (ServerState.java:<init>(101)) - 28e8b96a-b3ef-4bb2-8be6-4c7c70649dfe:group-190361C4821E ConfigurationManager, init=-1: [28e8b96a-b3ef-4bb2-8be6-4c7c70649dfe:192.168.134.104:37705], old=null, confs=<EMPTY_MAP>
2019-06-13 14:24:15,621 INFO  server.RaftServerConfigKeys (ConfUtils.java:logGet(43)) - raft.server.storage.dir = [/opt/src/hadoop-ozone/integration-test/target/test-dir/MiniOzoneClusterImpl-f2c45e4f-9221-4e81-8651-c91eb14de7a2/datanode-0/data/ratis] (custom)
2019-06-13 14:24:15,625 INFO  storage.RaftStorageDirectory (RaftStorageDirectory.java:analyzeStorage(246)) - The storage directory /opt/src/hadoop-ozone/integration-test/target/test-dir/MiniOzoneClusterImpl-f2c45e4f-9221-4e81-8651-c91eb14de7a2/datanode-0/data/ratis/874afee6-f988-451f-b3b3-190361c4821e does not exist. Creating ...
2019-06-13 14:24:15,630 INFO  storage.RaftStorageDirectory (RaftStorageDirectory.java:tryLock(328)) - Lock on /opt/src/hadoop-ozone/integration-test/target/test-dir/MiniOzoneClusterImpl-f2c45e4f-9221-4e81-8651-c91eb14de7a2/datanode-0/data/ratis/874afee6-f988-451f-b3b3-190361c4821e/in_use.lock acquired by nodename 10166@ozone-dd8dj-3451703863
2019-06-13 14:24:15,633 INFO  storage.RaftStorage (RaftStorage.java:format(75)) - Storage directory /opt/src/hadoop-ozone/integration-test/target/test-dir/MiniOzoneClusterImpl-f2c45e4f-9221-4e81-8651-c91eb14de7a2/datanode-0/data/ratis/874afee6-f988-451f-b3b3-190361c4821e has been successfully formatted.
2019-06-13 14:24:15,635 INFO  ratis.ContainerStateMachine (ContainerStateMachine.java:loadSnapshot(199)) - The snapshot info is null.Setting the last applied index to:(t:0, i:~)
2019-06-13 14:24:15,635 INFO  server.RaftServerConfigKeys (ConfUtils.java:logGet(43)) - raft.server.leader.election.timeout = 10s (custom)
2019-06-13 14:24:15,636 INFO  server.RaftServerConfigKeys (ConfUtils.java:logGet(43)) - raft.server.log.use.memory = false (default)
2019-06-13 14:24:15,755 INFO  server.RaftServerConfigKeys (ConfUtils.java:logGet(43)) - raft.server.log.appender.buffer.byte-limit = 33554432 (custom)
2019-06-13 14:24:15,758 INFO  node.SCMNodeManager (SCMNodeManager.java:register(234)) - Registered Data node : 18ad8fc0-3ac4-4894-abab-2cbe8ac0bd06{ip: 192.168.134.104, host: ozone-dd8dj-3451703863, networkLocation: /default-rack, certSerialId: null}
2019-06-13 14:24:15,760 INFO  server.RaftServerConfigKeys (ConfUtils.java:logGet(43)) - raft.server.log.segment.size.max = 16384 (custom)
2019-06-13 14:24:15,765 INFO  server.RaftServerConfigKeys (ConfUtils.java:logGet(43)) - raft.server.log.segment.cache.num.max = 2 (custom)
2019-06-13 14:24:15,768 INFO  storage.RaftLogWorker (RaftLogWorker.java:<init>(123)) - new 28e8b96a-b3ef-4bb2-8be6-4c7c70649dfe-RaftLogWorker for Storage Directory /opt/src/hadoop-ozone/integration-test/target/test-dir/MiniOzoneClusterImpl-f2c45e4f-9221-4e81-8651-c91eb14de7a2/datanode-0/data/ratis/874afee6-f988-451f-b3b3-190361c4821e
2019-06-13 14:24:15,768 INFO  server.RaftServerConfigKeys (ConfUtils.java:logGet(43)) - raft.server.log.queue.byte-limit = 2147483647 (custom)
2019-06-13 14:24:15,769 INFO  server.RaftServerConfigKeys (ConfUtils.java:logGet(43)) - raft.server.log.queue.element-limit = 1024 (custom)
2019-06-13 14:24:15,771 INFO  server.RaftServerConfigKeys (ConfUtils.java:logGet(43)) - raft.server.log.segment.size.max = 16384 (custom)
2019-06-13 14:24:15,771 INFO  server.RaftServerConfigKeys (ConfUtils.java:logGet(43)) - raft.server.log.preallocated.size = 16384 (custom)
2019-06-13 14:24:15,772 INFO  server.RaftServerConfigKeys (ConfUtils.java:logGet(43)) - raft.server.log.write.buffer.size = 33554432 (custom)
2019-06-13 14:24:15,772 INFO  server.RaftServerConfigKeys (ConfUtils.java:logGet(43)) - raft.server.log.force.sync.num = 128 (default)
2019-06-13 14:24:15,773 INFO  server.RaftServerConfigKeys (ConfUtils.java:logGet(43)) - raft.server.log.statemachine.data.sync = true (default)
2019-06-13 14:24:15,773 INFO  server.RaftServerConfigKeys (ConfUtils.java:logGet(43)) - raft.server.log.statemachine.data.sync.timeout = 10s (default)
2019-06-13 14:24:15,773 INFO  server.RaftServerConfigKeys (ConfUtils.java:logGet(43)) - raft.server.log.statemachine.data.sync.timeout.retry = -1 (default)
2019-06-13 14:24:15,775 INFO  server.RaftServerConfigKeys (ConfUtils.java:logGet(43)) - raft.server.log.statemachine.data.caching.enabled = true (custom)
2019-06-13 14:24:15,780 INFO  server.RaftServerConfigKeys (ConfUtils.java:logGet(43)) - raft.server.snapshot.auto.trigger.enabled = true (custom)
2019-06-13 14:24:15,780 INFO  server.RaftServerConfigKeys (ConfUtils.java:logGet(43)) - raft.server.snapshot.auto.trigger.threshold = 10000 (custom)
2019-06-13 14:24:15,781 INFO  server.RaftServerConfigKeys (ConfUtils.java:logGet(43)) - raft.server.retrycache.expirytime = 600000ms (custom)
2019-06-13 14:24:15,796 INFO  impl.RaftServerImpl (RaftServerImpl.java:start(173)) - 28e8b96a-b3ef-4bb2-8be6-4c7c70649dfe: start group-190361C4821E
2019-06-13 14:24:15,797 INFO  impl.RaftServerImpl (RaftServerImpl.java:setRole(164)) - 28e8b96a-b3ef-4bb2-8be6-4c7c70649dfe:group-190361C4821E changes role from null to FOLLOWER at term 0 for startAsFollower
2019-06-13 14:24:15,797 INFO  impl.RoleInfo (RoleInfo.java:updateAndGet(143)) - 28e8b96a-b3ef-4bb2-8be6-4c7c70649dfe: start FollowerState
2019-06-13 14:24:15,799 INFO  util.JmxRegister (JmxRegister.java:tryRegister(44)) - Successfully registered JMX Bean with object name Ratis:service=RaftServer,group=group-190361C4821E,id=28e8b96a-b3ef-4bb2-8be6-4c7c70649dfe
2019-06-13 14:24:15,834 INFO  pipeline.PipelineStateManager (PipelineStateManager.java:addPipeline(56)) - Created pipeline Pipeline[ Id: 874afee6-f988-451f-b3b3-190361c4821e, Nodes: 28e8b96a-b3ef-4bb2-8be6-4c7c70649dfe{ip: 192.168.134.104, host: ozone-dd8dj-3451703863, networkLocation: /default-rack, certSerialId: null}, Type:RATIS, Factor:ONE, State:OPEN]
2019-06-13 14:24:15,849 INFO  impl.RaftServerProxy (RaftServerProxy.java:addNew(89)) - 032e4ee5-7208-46db-8360-1e5f7c3c506d: addNew group-9C31DAA0E904:[032e4ee5-7208-46db-8360-1e5f7c3c506d:192.168.134.104:36611] returns group-9C31DAA0E904:java.util.concurrent.CompletableFuture@301a16f6[Not completed]
2019-06-13 14:24:15,850 INFO  impl.RaftServerImpl (RaftServerImpl.java:<init>(91)) - 032e4ee5-7208-46db-8360-1e5f7c3c506d: new RaftServerImpl for group-9C31DAA0E904:[032e4ee5-7208-46db-8360-1e5f7c3c506d:192.168.134.104:36611] with ContainerStateMachine:uninitialized
2019-06-13 14:24:15,851 INFO  server.RaftServerConfigKeys (ConfUtils.java:logGet(43)) - raft.server.rpc.timeout.min = 1s (custom)
2019-06-13 14:24:15,851 INFO  server.RaftServerConfigKeys (ConfUtils.java:logGet(43)) - raft.server.rpc.timeout.max = 1200ms (custom)
2019-06-13 14:24:15,851 INFO  server.RaftServerConfigKeys (ConfUtils.java:logGet(43)) - raft.server.rpcslowness.timeout = 10s (custom)
2019-06-13 14:24:15,851 INFO  server.RaftServerConfigKeys (ConfUtils.java:logGet(43)) - raft.server.log.appender.install.snapshot.enabled = true (default)
2019-06-13 14:24:15,851 INFO  impl.RaftServerImpl (ServerState.java:<init>(101)) - 032e4ee5-7208-46db-8360-1e5f7c3c506d:group-9C31DAA0E904 ConfigurationManager, init=-1: [032e4ee5-7208-46db-8360-1e5f7c3c506d:192.168.134.104:36611], old=null, confs=<EMPTY_MAP>
2019-06-13 14:24:15,851 INFO  server.RaftServerConfigKeys (ConfUtils.java:logGet(43)) - raft.server.storage.dir = [/opt/src/hadoop-ozone/integration-test/target/test-dir/MiniOzoneClusterImpl-f2c45e4f-9221-4e81-8651-c91eb14de7a2/datanode-1/data/ratis] (custom)
2019-06-13 14:24:15,852 INFO  storage.RaftStorageDirectory (RaftStorageDirectory.java:analyzeStorage(246)) - The storage directory /opt/src/hadoop-ozone/integration-test/target/test-dir/MiniOzoneClusterImpl-f2c45e4f-9221-4e81-8651-c91eb14de7a2/datanode-1/data/ratis/6df1ff00-64c0-4eba-8c2d-9c31daa0e904 does not exist. Creating ...
2019-06-13 14:24:15,854 INFO  storage.RaftStorageDirectory (RaftStorageDirectory.java:tryLock(328)) - Lock on /opt/src/hadoop-ozone/integration-test/target/test-dir/MiniOzoneClusterImpl-f2c45e4f-9221-4e81-8651-c91eb14de7a2/datanode-1/data/ratis/6df1ff00-64c0-4eba-8c2d-9c31daa0e904/in_use.lock acquired by nodename 10166@ozone-dd8dj-3451703863
2019-06-13 14:24:15,856 INFO  storage.RaftStorage (RaftStorage.java:format(75)) - Storage directory /opt/src/hadoop-ozone/integration-test/target/test-dir/MiniOzoneClusterImpl-f2c45e4f-9221-4e81-8651-c91eb14de7a2/datanode-1/data/ratis/6df1ff00-64c0-4eba-8c2d-9c31daa0e904 has been successfully formatted.
2019-06-13 14:24:15,856 INFO  ratis.ContainerStateMachine (ContainerStateMachine.java:loadSnapshot(199)) - The snapshot info is null.Setting the last applied index to:(t:0, i:~)
2019-06-13 14:24:15,856 INFO  server.RaftServerConfigKeys (ConfUtils.java:logGet(43)) - raft.server.leader.election.timeout = 10s (custom)
2019-06-13 14:24:15,856 INFO  server.RaftServerConfigKeys (ConfUtils.java:logGet(43)) - raft.server.log.use.memory = false (default)
2019-06-13 14:24:15,856 INFO  server.RaftServerConfigKeys (ConfUtils.java:logGet(43)) - raft.server.log.appender.buffer.byte-limit = 33554432 (custom)
2019-06-13 14:24:15,856 INFO  server.RaftServerConfigKeys (ConfUtils.java:logGet(43)) - raft.server.log.segment.size.max = 16384 (custom)
2019-06-13 14:24:15,856 INFO  server.RaftServerConfigKeys (ConfUtils.java:logGet(43)) - raft.server.log.segment.cache.num.max = 2 (custom)
2019-06-13 14:24:15,856 INFO  storage.RaftLogWorker (RaftLogWorker.java:<init>(123)) - new 032e4ee5-7208-46db-8360-1e5f7c3c506d-RaftLogWorker for Storage Directory /opt/src/hadoop-ozone/integration-test/target/test-dir/MiniOzoneClusterImpl-f2c45e4f-9221-4e81-8651-c91eb14de7a2/datanode-1/data/ratis/6df1ff00-64c0-4eba-8c2d-9c31daa0e904
2019-06-13 14:24:15,857 INFO  server.RaftServerConfigKeys (ConfUtils.java:logGet(43)) - raft.server.log.queue.byte-limit = 2147483647 (custom)
2019-06-13 14:24:15,857 INFO  server.RaftServerConfigKeys (ConfUtils.java:logGet(43)) - raft.server.log.queue.element-limit = 1024 (custom)
2019-06-13 14:24:15,857 INFO  server.RaftServerConfigKeys (ConfUtils.java:logGet(43)) - raft.server.log.segment.size.max = 16384 (custom)
2019-06-13 14:24:15,857 INFO  server.RaftServerConfigKeys (ConfUtils.java:logGet(43)) - raft.server.log.preallocated.size = 16384 (custom)
2019-06-13 14:24:15,858 INFO  server.RaftServerConfigKeys (ConfUtils.java:logGet(43)) - raft.server.log.write.buffer.size = 33554432 (custom)
2019-06-13 14:24:15,858 INFO  server.RaftServerConfigKeys (ConfUtils.java:logGet(43)) - raft.server.log.force.sync.num = 128 (default)
2019-06-13 14:24:15,858 INFO  server.RaftServerConfigKeys (ConfUtils.java:logGet(43)) - raft.server.log.statemachine.data.sync = true (default)
2019-06-13 14:24:15,858 INFO  server.RaftServerConfigKeys (ConfUtils.java:logGet(43)) - raft.server.log.statemachine.data.sync.timeout = 10s (default)
2019-06-13 14:24:15,858 INFO  server.RaftServerConfigKeys (ConfUtils.java:logGet(43)) - raft.server.log.statemachine.data.sync.timeout.retry = -1 (default)
2019-06-13 14:24:15,858 INFO  server.RaftServerConfigKeys (ConfUtils.java:logGet(43)) - raft.server.log.statemachine.data.caching.enabled = true (custom)
2019-06-13 14:24:15,858 INFO  server.RaftServerConfigKeys (ConfUtils.java:logGet(43)) - raft.server.snapshot.auto.trigger.enabled = true (custom)
2019-06-13 14:24:15,859 INFO  server.RaftServerConfigKeys (ConfUtils.java:logGet(43)) - raft.server.snapshot.auto.trigger.threshold = 10000 (custom)
2019-06-13 14:24:15,859 INFO  server.RaftServerConfigKeys (ConfUtils.java:logGet(43)) - raft.server.retrycache.expirytime = 600000ms (custom)
2019-06-13 14:24:15,859 INFO  impl.RaftServerImpl (RaftServerImpl.java:start(173)) - 032e4ee5-7208-46db-8360-1e5f7c3c506d: start group-9C31DAA0E904
2019-06-13 14:24:15,859 INFO  impl.RaftServerImpl (RaftServerImpl.java:setRole(164)) - 032e4ee5-7208-46db-8360-1e5f7c3c506d:group-9C31DAA0E904 changes role from null to FOLLOWER at term 0 for startAsFollower
2019-06-13 14:24:15,859 INFO  impl.RoleInfo (RoleInfo.java:updateAndGet(143)) - 032e4ee5-7208-46db-8360-1e5f7c3c506d: start FollowerState
2019-06-13 14:24:15,860 INFO  util.JmxRegister (JmxRegister.java:tryRegister(44)) - Successfully registered JMX Bean with object name Ratis:service=RaftServer,group=group-9C31DAA0E904,id=032e4ee5-7208-46db-8360-1e5f7c3c506d
2019-06-13 14:24:15,868 INFO  pipeline.PipelineStateManager (PipelineStateManager.java:addPipeline(56)) - Created pipeline Pipeline[ Id: 6df1ff00-64c0-4eba-8c2d-9c31daa0e904, Nodes: 032e4ee5-7208-46db-8360-1e5f7c3c506d{ip: 192.168.134.104, host: ozone-dd8dj-3451703863, networkLocation: /default-rack, certSerialId: null}, Type:RATIS, Factor:ONE, State:OPEN]
2019-06-13 14:24:15,883 INFO  impl.RaftServerProxy (RaftServerProxy.java:addNew(89)) - 18ad8fc0-3ac4-4894-abab-2cbe8ac0bd06: addNew group-73B3335B9E85:[18ad8fc0-3ac4-4894-abab-2cbe8ac0bd06:192.168.134.104:40887] returns group-73B3335B9E85:java.util.concurrent.CompletableFuture@a43b448[Not completed]
2019-06-13 14:24:15,903 INFO  node.SCMNodeManager (SCMNodeManager.java:register(234)) - Registered Data node : ea6ee9d2-49a0-415f-899b-9c810900fd53{ip: 192.168.134.104, host: ozone-dd8dj-3451703863, networkLocation: /default-rack, certSerialId: null}
2019-06-13 14:24:15,910 INFO  impl.RaftServerImpl (RaftServerImpl.java:<init>(91)) - 18ad8fc0-3ac4-4894-abab-2cbe8ac0bd06: new RaftServerImpl for group-73B3335B9E85:[18ad8fc0-3ac4-4894-abab-2cbe8ac0bd06:192.168.134.104:40887] with ContainerStateMachine:uninitialized
2019-06-13 14:24:15,910 INFO  server.RaftServerConfigKeys (ConfUtils.java:logGet(43)) - raft.server.rpc.timeout.min = 1s (custom)
2019-06-13 14:24:15,910 INFO  server.RaftServerConfigKeys (ConfUtils.java:logGet(43)) - raft.server.rpc.timeout.max = 1200ms (custom)
2019-06-13 14:24:15,911 INFO  server.RaftServerConfigKeys (ConfUtils.java:logGet(43)) - raft.server.rpcslowness.timeout = 10s (custom)
2019-06-13 14:24:15,911 INFO  server.RaftServerConfigKeys (ConfUtils.java:logGet(43)) - raft.server.log.appender.install.snapshot.enabled = true (default)
2019-06-13 14:24:15,911 INFO  impl.RaftServerImpl (ServerState.java:<init>(101)) - 18ad8fc0-3ac4-4894-abab-2cbe8ac0bd06:group-73B3335B9E85 ConfigurationManager, init=-1: [18ad8fc0-3ac4-4894-abab-2cbe8ac0bd06:192.168.134.104:40887], old=null, confs=<EMPTY_MAP>
2019-06-13 14:24:15,911 INFO  server.RaftServerConfigKeys (ConfUtils.java:logGet(43)) - raft.server.storage.dir = [/opt/src/hadoop-ozone/integration-test/target/test-dir/MiniOzoneClusterImpl-f2c45e4f-9221-4e81-8651-c91eb14de7a2/datanode-2/data/ratis] (custom)
2019-06-13 14:24:15,911 INFO  storage.RaftStorageDirectory (RaftStorageDirectory.java:analyzeStorage(246)) - The storage directory /opt/src/hadoop-ozone/integration-test/target/test-dir/MiniOzoneClusterImpl-f2c45e4f-9221-4e81-8651-c91eb14de7a2/datanode-2/data/ratis/1d4d7d70-a46f-4a3b-bb77-73b3335b9e85 does not exist. Creating ...
2019-06-13 14:24:15,914 INFO  storage.RaftStorageDirectory (RaftStorageDirectory.java:tryLock(328)) - Lock on /opt/src/hadoop-ozone/integration-test/target/test-dir/MiniOzoneClusterImpl-f2c45e4f-9221-4e81-8651-c91eb14de7a2/datanode-2/data/ratis/1d4d7d70-a46f-4a3b-bb77-73b3335b9e85/in_use.lock acquired by nodename 10166@ozone-dd8dj-3451703863
2019-06-13 14:24:15,916 INFO  storage.RaftStorage (RaftStorage.java:format(75)) - Storage directory /opt/src/hadoop-ozone/integration-test/target/test-dir/MiniOzoneClusterImpl-f2c45e4f-9221-4e81-8651-c91eb14de7a2/datanode-2/data/ratis/1d4d7d70-a46f-4a3b-bb77-73b3335b9e85 has been successfully formatted.
2019-06-13 14:24:15,917 INFO  ratis.ContainerStateMachine (ContainerStateMachine.java:loadSnapshot(199)) - The snapshot info is null.Setting the last applied index to:(t:0, i:~)
2019-06-13 14:24:15,917 INFO  server.RaftServerConfigKeys (ConfUtils.java:logGet(43)) - raft.server.leader.election.timeout = 10s (custom)
2019-06-13 14:24:15,917 INFO  server.RaftServerConfigKeys (ConfUtils.java:logGet(43)) - raft.server.log.use.memory = false (default)
2019-06-13 14:24:15,918 INFO  server.RaftServerConfigKeys (ConfUtils.java:logGet(43)) - raft.server.log.appender.buffer.byte-limit = 33554432 (custom)
2019-06-13 14:24:15,918 INFO  server.RaftServerConfigKeys (ConfUtils.java:logGet(43)) - raft.server.log.segment.size.max = 16384 (custom)
2019-06-13 14:24:15,918 INFO  server.RaftServerConfigKeys (ConfUtils.java:logGet(43)) - raft.server.log.segment.cache.num.max = 2 (custom)
2019-06-13 14:24:15,918 INFO  storage.RaftLogWorker (RaftLogWorker.java:<init>(123)) - new 18ad8fc0-3ac4-4894-abab-2cbe8ac0bd06-RaftLogWorker for Storage Directory /opt/src/hadoop-ozone/integration-test/target/test-dir/MiniOzoneClusterImpl-f2c45e4f-9221-4e81-8651-c91eb14de7a2/datanode-2/data/ratis/1d4d7d70-a46f-4a3b-bb77-73b3335b9e85
2019-06-13 14:24:15,918 INFO  server.RaftServerConfigKeys (ConfUtils.java:logGet(43)) - raft.server.log.queue.byte-limit = 2147483647 (custom)
2019-06-13 14:24:15,918 INFO  server.RaftServerConfigKeys (ConfUtils.java:logGet(43)) - raft.server.log.queue.element-limit = 1024 (custom)
2019-06-13 14:24:15,918 INFO  server.RaftServerConfigKeys (ConfUtils.java:logGet(43)) - raft.server.log.segment.size.max = 16384 (custom)
2019-06-13 14:24:15,918 INFO  server.RaftServerConfigKeys (ConfUtils.java:logGet(43)) - raft.server.log.preallocated.size = 16384 (custom)
2019-06-13 14:24:15,918 INFO  server.RaftServerConfigKeys (ConfUtils.java:logGet(43)) - raft.server.log.write.buffer.size = 33554432 (custom)
2019-06-13 14:24:15,918 INFO  server.RaftServerConfigKeys (ConfUtils.java:logGet(43)) - raft.server.log.force.sync.num = 128 (default)
2019-06-13 14:24:15,918 INFO  server.RaftServerConfigKeys (ConfUtils.java:logGet(43)) - raft.server.log.statemachine.data.sync = true (default)
2019-06-13 14:24:15,919 INFO  server.RaftServerConfigKeys (ConfUtils.java:logGet(43)) - raft.server.log.statemachine.data.sync.timeout = 10s (default)
2019-06-13 14:24:15,919 INFO  server.RaftServerConfigKeys (ConfUtils.java:logGet(43)) - raft.server.log.statemachine.data.sync.timeout.retry = -1 (default)
2019-06-13 14:24:15,919 INFO  server.RaftServerConfigKeys (ConfUtils.java:logGet(43)) - raft.server.log.statemachine.data.caching.enabled = true (custom)
2019-06-13 14:24:15,919 INFO  server.RaftServerConfigKeys (ConfUtils.java:logGet(43)) - raft.server.snapshot.auto.trigger.enabled = true (custom)
2019-06-13 14:24:15,919 INFO  server.RaftServerConfigKeys (ConfUtils.java:logGet(43)) - raft.server.snapshot.auto.trigger.threshold = 10000 (custom)
2019-06-13 14:24:15,919 INFO  server.RaftServerConfigKeys (ConfUtils.java:logGet(43)) - raft.server.retrycache.expirytime = 600000ms (custom)
2019-06-13 14:24:15,919 INFO  impl.RaftServerImpl (RaftServerImpl.java:start(173)) - 18ad8fc0-3ac4-4894-abab-2cbe8ac0bd06: start group-73B3335B9E85
2019-06-13 14:24:15,919 INFO  impl.RaftServerImpl (RaftServerImpl.java:setRole(164)) - 18ad8fc0-3ac4-4894-abab-2cbe8ac0bd06:group-73B3335B9E85 changes role from null to FOLLOWER at term 0 for startAsFollower
2019-06-13 14:24:15,920 INFO  impl.RoleInfo (RoleInfo.java:updateAndGet(143)) - 18ad8fc0-3ac4-4894-abab-2cbe8ac0bd06: start FollowerState
2019-06-13 14:24:15,920 INFO  util.JmxRegister (JmxRegister.java:tryRegister(44)) - Successfully registered JMX Bean with object name Ratis:service=RaftServer,group=group-73B3335B9E85,id=18ad8fc0-3ac4-4894-abab-2cbe8ac0bd06
2019-06-13 14:24:15,926 INFO  pipeline.PipelineStateManager (PipelineStateManager.java:addPipeline(56)) - Created pipeline Pipeline[ Id: 1d4d7d70-a46f-4a3b-bb77-73b3335b9e85, Nodes: 18ad8fc0-3ac4-4894-abab-2cbe8ac0bd06{ip: 192.168.134.104, host: ozone-dd8dj-3451703863, networkLocation: /default-rack, certSerialId: null}, Type:RATIS, Factor:ONE, State:OPEN]
2019-06-13 14:24:15,938 INFO  impl.RaftServerProxy (RaftServerProxy.java:addNew(89)) - ea6ee9d2-49a0-415f-899b-9c810900fd53: addNew group-2B1855CD56BD:[ea6ee9d2-49a0-415f-899b-9c810900fd53:192.168.134.104:41523] returns group-2B1855CD56BD:java.util.concurrent.CompletableFuture@60337303[Not completed]
2019-06-13 14:24:15,941 INFO  impl.RaftServerImpl (RaftServerImpl.java:<init>(91)) - ea6ee9d2-49a0-415f-899b-9c810900fd53: new RaftServerImpl for group-2B1855CD56BD:[ea6ee9d2-49a0-415f-899b-9c810900fd53:192.168.134.104:41523] with ContainerStateMachine:uninitialized
2019-06-13 14:24:15,941 INFO  server.RaftServerConfigKeys (ConfUtils.java:logGet(43)) - raft.server.rpc.timeout.min = 1s (custom)
2019-06-13 14:24:15,941 INFO  server.RaftServerConfigKeys (ConfUtils.java:logGet(43)) - raft.server.rpc.timeout.max = 1200ms (custom)
2019-06-13 14:24:15,942 INFO  server.RaftServerConfigKeys (ConfUtils.java:logGet(43)) - raft.server.rpcslowness.timeout = 10s (custom)
2019-06-13 14:24:15,942 INFO  server.RaftServerConfigKeys (ConfUtils.java:logGet(43)) - raft.server.log.appender.install.snapshot.enabled = true (default)
2019-06-13 14:24:15,942 INFO  impl.RaftServerImpl (ServerState.java:<init>(101)) - ea6ee9d2-49a0-415f-899b-9c810900fd53:group-2B1855CD56BD ConfigurationManager, init=-1: [ea6ee9d2-49a0-415f-899b-9c810900fd53:192.168.134.104:41523], old=null, confs=<EMPTY_MAP>
2019-06-13 14:24:15,942 INFO  server.RaftServerConfigKeys (ConfUtils.java:logGet(43)) - raft.server.storage.dir = [/opt/src/hadoop-ozone/integration-test/target/test-dir/MiniOzoneClusterImpl-f2c45e4f-9221-4e81-8651-c91eb14de7a2/datanode-3/data/ratis] (custom)
2019-06-13 14:24:15,942 INFO  storage.RaftStorageDirectory (RaftStorageDirectory.java:analyzeStorage(246)) - The storage directory /opt/src/hadoop-ozone/integration-test/target/test-dir/MiniOzoneClusterImpl-f2c45e4f-9221-4e81-8651-c91eb14de7a2/datanode-3/data/ratis/5b4f81fd-1a78-4cc7-9619-2b1855cd56bd does not exist. Creating ...
2019-06-13 14:24:15,944 INFO  storage.RaftStorageDirectory (RaftStorageDirectory.java:tryLock(328)) - Lock on /opt/src/hadoop-ozone/integration-test/target/test-dir/MiniOzoneClusterImpl-f2c45e4f-9221-4e81-8651-c91eb14de7a2/datanode-3/data/ratis/5b4f81fd-1a78-4cc7-9619-2b1855cd56bd/in_use.lock acquired by nodename 10166@ozone-dd8dj-3451703863
2019-06-13 14:24:15,946 INFO  storage.RaftStorage (RaftStorage.java:format(75)) - Storage directory /opt/src/hadoop-ozone/integration-test/target/test-dir/MiniOzoneClusterImpl-f2c45e4f-9221-4e81-8651-c91eb14de7a2/datanode-3/data/ratis/5b4f81fd-1a78-4cc7-9619-2b1855cd56bd has been successfully formatted.
2019-06-13 14:24:15,946 INFO  ratis.ContainerStateMachine (ContainerStateMachine.java:loadSnapshot(199)) - The snapshot info is null.Setting the last applied index to:(t:0, i:~)
2019-06-13 14:24:15,946 INFO  server.RaftServerConfigKeys (ConfUtils.java:logGet(43)) - raft.server.leader.election.timeout = 10s (custom)
2019-06-13 14:24:15,947 INFO  server.RaftServerConfigKeys (ConfUtils.java:logGet(43)) - raft.server.log.use.memory = false (default)
2019-06-13 14:24:15,947 INFO  server.RaftServerConfigKeys (ConfUtils.java:logGet(43)) - raft.server.log.appender.buffer.byte-limit = 33554432 (custom)
2019-06-13 14:24:15,947 INFO  server.RaftServerConfigKeys (ConfUtils.java:logGet(43)) - raft.server.log.segment.size.max = 16384 (custom)
2019-06-13 14:24:15,947 INFO  server.RaftServerConfigKeys (ConfUtils.java:logGet(43)) - raft.server.log.segment.cache.num.max = 2 (custom)
2019-06-13 14:24:15,947 INFO  storage.RaftLogWorker (RaftLogWorker.java:<init>(123)) - new ea6ee9d2-49a0-415f-899b-9c810900fd53-RaftLogWorker for Storage Directory /opt/src/hadoop-ozone/integration-test/target/test-dir/MiniOzoneClusterImpl-f2c45e4f-9221-4e81-8651-c91eb14de7a2/datanode-3/data/ratis/5b4f81fd-1a78-4cc7-9619-2b1855cd56bd
2019-06-13 14:24:15,947 INFO  server.RaftServerConfigKeys (ConfUtils.java:logGet(43)) - raft.server.log.queue.byte-limit = 2147483647 (custom)
2019-06-13 14:24:15,947 INFO  server.RaftServerConfigKeys (ConfUtils.java:logGet(43)) - raft.server.log.queue.element-limit = 1024 (custom)
2019-06-13 14:24:15,947 INFO  server.RaftServerConfigKeys (ConfUtils.java:logGet(43)) - raft.server.log.segment.size.max = 16384 (custom)
2019-06-13 14:24:15,947 INFO  server.RaftServerConfigKeys (ConfUtils.java:logGet(43)) - raft.server.log.preallocated.size = 16384 (custom)
2019-06-13 14:24:15,947 INFO  server.RaftServerConfigKeys (ConfUtils.java:logGet(43)) - raft.server.log.write.buffer.size = 33554432 (custom)
2019-06-13 14:24:15,947 INFO  server.RaftServerConfigKeys (ConfUtils.java:logGet(43)) - raft.server.log.force.sync.num = 128 (default)
2019-06-13 14:24:15,947 INFO  server.RaftServerConfigKeys (ConfUtils.java:logGet(43)) - raft.server.log.statemachine.data.sync = true (default)
2019-06-13 14:24:15,948 INFO  server.RaftServerConfigKeys (ConfUtils.java:logGet(43)) - raft.server.log.statemachine.data.sync.timeout = 10s (default)
2019-06-13 14:24:15,948 INFO  server.RaftServerConfigKeys (ConfUtils.java:logGet(43)) - raft.server.log.statemachine.data.sync.timeout.retry = -1 (default)
2019-06-13 14:24:15,948 INFO  server.RaftServerConfigKeys (ConfUtils.java:logGet(43)) - raft.server.log.statemachine.data.caching.enabled = true (custom)
2019-06-13 14:24:15,948 INFO  server.RaftServerConfigKeys (ConfUtils.java:logGet(43)) - raft.server.snapshot.auto.trigger.enabled = true (custom)
2019-06-13 14:24:15,948 INFO  server.RaftServerConfigKeys (ConfUtils.java:logGet(43)) - raft.server.snapshot.auto.trigger.threshold = 10000 (custom)
2019-06-13 14:24:15,948 INFO  server.RaftServerConfigKeys (ConfUtils.java:logGet(43)) - raft.server.retrycache.expirytime = 600000ms (custom)
2019-06-13 14:24:15,949 INFO  impl.RaftServerImpl (RaftServerImpl.java:start(173)) - ea6ee9d2-49a0-415f-899b-9c810900fd53: start group-2B1855CD56BD
2019-06-13 14:24:15,949 INFO  impl.RaftServerImpl (RaftServerImpl.java:setRole(164)) - ea6ee9d2-49a0-415f-899b-9c810900fd53:group-2B1855CD56BD changes role from null to FOLLOWER at term 0 for startAsFollower
2019-06-13 14:24:15,949 INFO  impl.RoleInfo (RoleInfo.java:updateAndGet(143)) - ea6ee9d2-49a0-415f-899b-9c810900fd53: start FollowerState
2019-06-13 14:24:15,949 INFO  util.JmxRegister (JmxRegister.java:tryRegister(44)) - Successfully registered JMX Bean with object name Ratis:service=RaftServer,group=group-2B1855CD56BD,id=ea6ee9d2-49a0-415f-899b-9c810900fd53
2019-06-13 14:24:15,958 INFO  pipeline.PipelineStateManager (PipelineStateManager.java:addPipeline(56)) - Created pipeline Pipeline[ Id: 5b4f81fd-1a78-4cc7-9619-2b1855cd56bd, Nodes: ea6ee9d2-49a0-415f-899b-9c810900fd53{ip: 192.168.134.104, host: ozone-dd8dj-3451703863, networkLocation: /default-rack, certSerialId: null}, Type:RATIS, Factor:ONE, State:OPEN]
2019-06-13 14:24:15,986 INFO  impl.RaftServerProxy (RaftServerProxy.java:addNew(89)) - ea6ee9d2-49a0-415f-899b-9c810900fd53: addNew group-898FC49628F6:[18ad8fc0-3ac4-4894-abab-2cbe8ac0bd06:192.168.134.104:40887, 032e4ee5-7208-46db-8360-1e5f7c3c506d:192.168.134.104:36611, ea6ee9d2-49a0-415f-899b-9c810900fd53:192.168.134.104:41523] returns group-898FC49628F6:java.util.concurrent.CompletableFuture@239e0277[Not completed]
2019-06-13 14:24:15,987 INFO  impl.RaftServerImpl (RaftServerImpl.java:<init>(91)) - ea6ee9d2-49a0-415f-899b-9c810900fd53: new RaftServerImpl for group-898FC49628F6:[18ad8fc0-3ac4-4894-abab-2cbe8ac0bd06:192.168.134.104:40887, 032e4ee5-7208-46db-8360-1e5f7c3c506d:192.168.134.104:36611, ea6ee9d2-49a0-415f-899b-9c810900fd53:192.168.134.104:41523] with ContainerStateMachine:uninitialized
2019-06-13 14:24:15,987 INFO  server.RaftServerConfigKeys (ConfUtils.java:logGet(43)) - raft.server.rpc.timeout.min = 1s (custom)
2019-06-13 14:24:15,987 INFO  server.RaftServerConfigKeys (ConfUtils.java:logGet(43)) - raft.server.rpc.timeout.max = 1200ms (custom)
2019-06-13 14:24:15,987 INFO  server.RaftServerConfigKeys (ConfUtils.java:logGet(43)) - raft.server.rpcslowness.timeout = 10s (custom)
2019-06-13 14:24:15,987 INFO  server.RaftServerConfigKeys (ConfUtils.java:logGet(43)) - raft.server.log.appender.install.snapshot.enabled = true (default)
2019-06-13 14:24:15,987 INFO  impl.RaftServerImpl (ServerState.java:<init>(101)) - ea6ee9d2-49a0-415f-899b-9c810900fd53:group-898FC49628F6 ConfigurationManager, init=-1: [18ad8fc0-3ac4-4894-abab-2cbe8ac0bd06:192.168.134.104:40887, 032e4ee5-7208-46db-8360-1e5f7c3c506d:192.168.134.104:36611, ea6ee9d2-49a0-415f-899b-9c810900fd53:192.168.134.104:41523], old=null, confs=<EMPTY_MAP>
2019-06-13 14:24:15,987 INFO  server.RaftServerConfigKeys (ConfUtils.java:logGet(43)) - raft.server.storage.dir = [/opt/src/hadoop-ozone/integration-test/target/test-dir/MiniOzoneClusterImpl-f2c45e4f-9221-4e81-8651-c91eb14de7a2/datanode-3/data/ratis] (custom)
2019-06-13 14:24:15,989 INFO  impl.RaftServerProxy (RaftServerProxy.java:addNew(89)) - 032e4ee5-7208-46db-8360-1e5f7c3c506d: addNew group-898FC49628F6:[18ad8fc0-3ac4-4894-abab-2cbe8ac0bd06:192.168.134.104:40887, 032e4ee5-7208-46db-8360-1e5f7c3c506d:192.168.134.104:36611, ea6ee9d2-49a0-415f-899b-9c810900fd53:192.168.134.104:41523] returns group-898FC49628F6:java.util.concurrent.CompletableFuture@669c9860[Not completed]
2019-06-13 14:24:15,989 INFO  impl.RaftServerProxy (RaftServerProxy.java:addNew(89)) - 18ad8fc0-3ac4-4894-abab-2cbe8ac0bd06: addNew group-898FC49628F6:[18ad8fc0-3ac4-4894-abab-2cbe8ac0bd06:192.168.134.104:40887, 032e4ee5-7208-46db-8360-1e5f7c3c506d:192.168.134.104:36611, ea6ee9d2-49a0-415f-899b-9c810900fd53:192.168.134.104:41523] returns group-898FC49628F6:java.util.concurrent.CompletableFuture@24ed1e59[Not completed]
2019-06-13 14:24:15,989 INFO  impl.RaftServerImpl (RaftServerImpl.java:<init>(91)) - 032e4ee5-7208-46db-8360-1e5f7c3c506d: new RaftServerImpl for group-898FC49628F6:[18ad8fc0-3ac4-4894-abab-2cbe8ac0bd06:192.168.134.104:40887, 032e4ee5-7208-46db-8360-1e5f7c3c506d:192.168.134.104:36611, ea6ee9d2-49a0-415f-899b-9c810900fd53:192.168.134.104:41523] with ContainerStateMachine:uninitialized
2019-06-13 14:24:15,990 INFO  server.RaftServerConfigKeys (ConfUtils.java:logGet(43)) - raft.server.rpc.timeout.min = 1s (custom)
2019-06-13 14:24:15,990 INFO  impl.RaftServerImpl (RaftServerImpl.java:<init>(91)) - 18ad8fc0-3ac4-4894-abab-2cbe8ac0bd06: new RaftServerImpl for group-898FC49628F6:[18ad8fc0-3ac4-4894-abab-2cbe8ac0bd06:192.168.134.104:40887, 032e4ee5-7208-46db-8360-1e5f7c3c506d:192.168.134.104:36611, ea6ee9d2-49a0-415f-899b-9c810900fd53:192.168.134.104:41523] with ContainerStateMachine:uninitialized
2019-06-13 14:24:15,990 INFO  storage.RaftStorageDirectory (RaftStorageDirectory.java:analyzeStorage(246)) - The storage directory /opt/src/hadoop-ozone/integration-test/target/test-dir/MiniOzoneClusterImpl-f2c45e4f-9221-4e81-8651-c91eb14de7a2/datanode-3/data/ratis/0065c78b-9405-49ef-afeb-898fc49628f6 does not exist. Creating ...
2019-06-13 14:24:15,990 INFO  server.RaftServerConfigKeys (ConfUtils.java:logGet(43)) - raft.server.rpc.timeout.max = 1200ms (custom)
2019-06-13 14:24:15,990 INFO  server.RaftServerConfigKeys (ConfUtils.java:logGet(43)) - raft.server.rpc.timeout.min = 1s (custom)
2019-06-13 14:24:15,990 INFO  server.RaftServerConfigKeys (ConfUtils.java:logGet(43)) - raft.server.rpcslowness.timeout = 10s (custom)
2019-06-13 14:24:15,990 INFO  server.RaftServerConfigKeys (ConfUtils.java:logGet(43)) - raft.server.rpc.timeout.max = 1200ms (custom)
2019-06-13 14:24:15,991 INFO  server.RaftServerConfigKeys (ConfUtils.java:logGet(43)) - raft.server.log.appender.install.snapshot.enabled = true (default)
2019-06-13 14:24:15,991 INFO  impl.RaftServerImpl (ServerState.java:<init>(101)) - 032e4ee5-7208-46db-8360-1e5f7c3c506d:group-898FC49628F6 ConfigurationManager, init=-1: [18ad8fc0-3ac4-4894-abab-2cbe8ac0bd06:192.168.134.104:40887, 032e4ee5-7208-46db-8360-1e5f7c3c506d:192.168.134.104:36611, ea6ee9d2-49a0-415f-899b-9c810900fd53:192.168.134.104:41523], old=null, confs=<EMPTY_MAP>
2019-06-13 14:24:15,991 INFO  server.RaftServerConfigKeys (ConfUtils.java:logGet(43)) - raft.server.storage.dir = [/opt/src/hadoop-ozone/integration-test/target/test-dir/MiniOzoneClusterImpl-f2c45e4f-9221-4e81-8651-c91eb14de7a2/datanode-1/data/ratis] (custom)
2019-06-13 14:24:15,991 INFO  storage.RaftStorageDirectory (RaftStorageDirectory.java:analyzeStorage(246)) - The storage directory /opt/src/hadoop-ozone/integration-test/target/test-dir/MiniOzoneClusterImpl-f2c45e4f-9221-4e81-8651-c91eb14de7a2/datanode-1/data/ratis/0065c78b-9405-49ef-afeb-898fc49628f6 does not exist. Creating ...
2019-06-13 14:24:15,991 INFO  server.RaftServerConfigKeys (ConfUtils.java:logGet(43)) - raft.server.rpcslowness.timeout = 10s (custom)
2019-06-13 14:24:15,991 INFO  server.RaftServerConfigKeys (ConfUtils.java:logGet(43)) - raft.server.log.appender.install.snapshot.enabled = true (default)
2019-06-13 14:24:15,992 INFO  impl.RaftServerImpl (ServerState.java:<init>(101)) - 18ad8fc0-3ac4-4894-abab-2cbe8ac0bd06:group-898FC49628F6 ConfigurationManager, init=-1: [18ad8fc0-3ac4-4894-abab-2cbe8ac0bd06:192.168.134.104:40887, 032e4ee5-7208-46db-8360-1e5f7c3c506d:192.168.134.104:36611, ea6ee9d2-49a0-415f-899b-9c810900fd53:192.168.134.104:41523], old=null, confs=<EMPTY_MAP>
2019-06-13 14:24:15,992 INFO  server.RaftServerConfigKeys (ConfUtils.java:logGet(43)) - raft.server.storage.dir = [/opt/src/hadoop-ozone/integration-test/target/test-dir/MiniOzoneClusterImpl-f2c45e4f-9221-4e81-8651-c91eb14de7a2/datanode-2/data/ratis] (custom)
2019-06-13 14:24:15,992 INFO  storage.RaftStorageDirectory (RaftStorageDirectory.java:tryLock(328)) - Lock on /opt/src/hadoop-ozone/integration-test/target/test-dir/MiniOzoneClusterImpl-f2c45e4f-9221-4e81-8651-c91eb14de7a2/datanode-3/data/ratis/0065c78b-9405-49ef-afeb-898fc49628f6/in_use.lock acquired by nodename 10166@ozone-dd8dj-3451703863
2019-06-13 14:24:15,992 INFO  storage.RaftStorageDirectory (RaftStorageDirectory.java:analyzeStorage(246)) - The storage directory /opt/src/hadoop-ozone/integration-test/target/test-dir/MiniOzoneClusterImpl-f2c45e4f-9221-4e81-8651-c91eb14de7a2/datanode-2/data/ratis/0065c78b-9405-49ef-afeb-898fc49628f6 does not exist. Creating ...
2019-06-13 14:24:15,993 INFO  storage.RaftStorageDirectory (RaftStorageDirectory.java:tryLock(328)) - Lock on /opt/src/hadoop-ozone/integration-test/target/test-dir/MiniOzoneClusterImpl-f2c45e4f-9221-4e81-8651-c91eb14de7a2/datanode-1/data/ratis/0065c78b-9405-49ef-afeb-898fc49628f6/in_use.lock acquired by nodename 10166@ozone-dd8dj-3451703863
2019-06-13 14:24:15,995 INFO  storage.RaftStorageDirectory (RaftStorageDirectory.java:tryLock(328)) - Lock on /opt/src/hadoop-ozone/integration-test/target/test-dir/MiniOzoneClusterImpl-f2c45e4f-9221-4e81-8651-c91eb14de7a2/datanode-2/data/ratis/0065c78b-9405-49ef-afeb-898fc49628f6/in_use.lock acquired by nodename 10166@ozone-dd8dj-3451703863
2019-06-13 14:24:15,995 INFO  storage.RaftStorage (RaftStorage.java:format(75)) - Storage directory /opt/src/hadoop-ozone/integration-test/target/test-dir/MiniOzoneClusterImpl-f2c45e4f-9221-4e81-8651-c91eb14de7a2/datanode-3/data/ratis/0065c78b-9405-49ef-afeb-898fc49628f6 has been successfully formatted.
2019-06-13 14:24:15,995 INFO  ratis.ContainerStateMachine (ContainerStateMachine.java:loadSnapshot(199)) - The snapshot info is null.Setting the last applied index to:(t:0, i:~)
2019-06-13 14:24:15,995 INFO  server.RaftServerConfigKeys (ConfUtils.java:logGet(43)) - raft.server.leader.election.timeout = 10s (custom)
2019-06-13 14:24:15,995 INFO  server.RaftServerConfigKeys (ConfUtils.java:logGet(43)) - raft.server.log.use.memory = false (default)
2019-06-13 14:24:15,996 INFO  server.RaftServerConfigKeys (ConfUtils.java:logGet(43)) - raft.server.log.appender.buffer.byte-limit = 33554432 (custom)
2019-06-13 14:24:15,996 INFO  server.RaftServerConfigKeys (ConfUtils.java:logGet(43)) - raft.server.log.segment.size.max = 16384 (custom)
2019-06-13 14:24:15,996 INFO  server.RaftServerConfigKeys (ConfUtils.java:logGet(43)) - raft.server.log.segment.cache.num.max = 2 (custom)
2019-06-13 14:24:15,996 INFO  storage.RaftLogWorker (RaftLogWorker.java:<init>(123)) - new ea6ee9d2-49a0-415f-899b-9c810900fd53-RaftLogWorker for Storage Directory /opt/src/hadoop-ozone/integration-test/target/test-dir/MiniOzoneClusterImpl-f2c45e4f-9221-4e81-8651-c91eb14de7a2/datanode-3/data/ratis/0065c78b-9405-49ef-afeb-898fc49628f6
2019-06-13 14:24:15,996 INFO  server.RaftServerConfigKeys (ConfUtils.java:logGet(43)) - raft.server.log.queue.byte-limit = 2147483647 (custom)
2019-06-13 14:24:15,996 INFO  server.RaftServerConfigKeys (ConfUtils.java:logGet(43)) - raft.server.log.queue.element-limit = 1024 (custom)
2019-06-13 14:24:15,996 INFO  server.RaftServerConfigKeys (ConfUtils.java:logGet(43)) - raft.server.log.segment.size.max = 16384 (custom)
2019-06-13 14:24:15,996 INFO  server.RaftServerConfigKeys (ConfUtils.java:logGet(43)) - raft.server.log.preallocated.size = 16384 (custom)
2019-06-13 14:24:15,996 INFO  server.RaftServerConfigKeys (ConfUtils.java:logGet(43)) - raft.server.log.write.buffer.size = 33554432 (custom)
2019-06-13 14:24:15,996 INFO  server.RaftServerConfigKeys (ConfUtils.java:logGet(43)) - raft.server.log.force.sync.num = 128 (default)
2019-06-13 14:24:15,996 INFO  server.RaftServerConfigKeys (ConfUtils.java:logGet(43)) - raft.server.log.statemachine.data.sync = true (default)
2019-06-13 14:24:15,996 INFO  server.RaftServerConfigKeys (ConfUtils.java:logGet(43)) - raft.server.log.statemachine.data.sync.timeout = 10s (default)
2019-06-13 14:24:15,997 INFO  server.RaftServerConfigKeys (ConfUtils.java:logGet(43)) - raft.server.log.statemachine.data.sync.timeout.retry = -1 (default)
2019-06-13 14:24:15,997 INFO  server.RaftServerConfigKeys (ConfUtils.java:logGet(43)) - raft.server.log.statemachine.data.caching.enabled = true (custom)
2019-06-13 14:24:15,997 INFO  storage.RaftStorage (RaftStorage.java:format(75)) - Storage directory /opt/src/hadoop-ozone/integration-test/target/test-dir/MiniOzoneClusterImpl-f2c45e4f-9221-4e81-8651-c91eb14de7a2/datanode-1/data/ratis/0065c78b-9405-49ef-afeb-898fc49628f6 has been successfully formatted.
2019-06-13 14:24:15,997 INFO  server.RaftServerConfigKeys (ConfUtils.java:logGet(43)) - raft.server.snapshot.auto.trigger.enabled = true (custom)
2019-06-13 14:24:15,997 INFO  ratis.ContainerStateMachine (ContainerStateMachine.java:loadSnapshot(199)) - The snapshot info is null.Setting the last applied index to:(t:0, i:~)
2019-06-13 14:24:15,997 INFO  storage.RaftStorage (RaftStorage.java:format(75)) - Storage directory /opt/src/hadoop-ozone/integration-test/target/test-dir/MiniOzoneClusterImpl-f2c45e4f-9221-4e81-8651-c91eb14de7a2/datanode-2/data/ratis/0065c78b-9405-49ef-afeb-898fc49628f6 has been successfully formatted.
2019-06-13 14:24:15,997 INFO  server.RaftServerConfigKeys (ConfUtils.java:logGet(43)) - raft.server.leader.election.timeout = 10s (custom)
2019-06-13 14:24:15,997 INFO  server.RaftServerConfigKeys (ConfUtils.java:logGet(43)) - raft.server.snapshot.auto.trigger.threshold = 10000 (custom)
2019-06-13 14:24:15,997 INFO  ratis.ContainerStateMachine (ContainerStateMachine.java:loadSnapshot(199)) - The snapshot info is null.Setting the last applied index to:(t:0, i:~)
2019-06-13 14:24:15,997 INFO  server.RaftServerConfigKeys (ConfUtils.java:logGet(43)) - raft.server.log.use.memory = false (default)
2019-06-13 14:24:15,998 INFO  server.RaftServerConfigKeys (ConfUtils.java:logGet(43)) - raft.server.leader.election.timeout = 10s (custom)
2019-06-13 14:24:15,998 INFO  server.RaftServerConfigKeys (ConfUtils.java:logGet(43)) - raft.server.retrycache.expirytime = 600000ms (custom)
2019-06-13 14:24:15,998 INFO  server.RaftServerConfigKeys (ConfUtils.java:logGet(43)) - raft.server.log.use.memory = false (default)
2019-06-13 14:24:15,998 INFO  server.RaftServerConfigKeys (ConfUtils.java:logGet(43)) - raft.server.log.appender.buffer.byte-limit = 33554432 (custom)
2019-06-13 14:24:15,998 INFO  server.RaftServerConfigKeys (ConfUtils.java:logGet(43)) - raft.server.log.appender.buffer.byte-limit = 33554432 (custom)
2019-06-13 14:24:15,998 INFO  impl.RaftServerImpl (RaftServerImpl.java:start(173)) - ea6ee9d2-49a0-415f-899b-9c810900fd53: start group-898FC49628F6
2019-06-13 14:24:15,998 INFO  server.RaftServerConfigKeys (ConfUtils.java:logGet(43)) - raft.server.log.segment.size.max = 16384 (custom)
2019-06-13 14:24:15,998 INFO  server.RaftServerConfigKeys (ConfUtils.java:logGet(43)) - raft.server.log.segment.size.max = 16384 (custom)
2019-06-13 14:24:15,998 INFO  server.RaftServerConfigKeys (ConfUtils.java:logGet(43)) - raft.server.log.segment.cache.num.max = 2 (custom)
2019-06-13 14:24:15,998 INFO  impl.RaftServerImpl (RaftServerImpl.java:setRole(164)) - ea6ee9d2-49a0-415f-899b-9c810900fd53:group-898FC49628F6 changes role from null to FOLLOWER at term 0 for startAsFollower
2019-06-13 14:24:15,999 INFO  storage.RaftLogWorker (RaftLogWorker.java:<init>(123)) - new 18ad8fc0-3ac4-4894-abab-2cbe8ac0bd06-RaftLogWorker for Storage Directory /opt/src/hadoop-ozone/integration-test/target/test-dir/MiniOzoneClusterImpl-f2c45e4f-9221-4e81-8651-c91eb14de7a2/datanode-2/data/ratis/0065c78b-9405-49ef-afeb-898fc49628f6
2019-06-13 14:24:15,999 INFO  server.RaftServerConfigKeys (ConfUtils.java:logGet(43)) - raft.server.log.segment.cache.num.max = 2 (custom)
2019-06-13 14:24:15,999 INFO  server.RaftServerConfigKeys (ConfUtils.java:logGet(43)) - raft.server.log.queue.byte-limit = 2147483647 (custom)
2019-06-13 14:24:15,999 INFO  impl.RoleInfo (RoleInfo.java:updateAndGet(143)) - ea6ee9d2-49a0-415f-899b-9c810900fd53: start FollowerState
2019-06-13 14:24:15,999 INFO  server.RaftServerConfigKeys (ConfUtils.java:logGet(43)) - raft.server.log.queue.element-limit = 1024 (custom)
2019-06-13 14:24:15,999 INFO  server.RaftServerConfigKeys (ConfUtils.java:logGet(43)) - raft.server.log.segment.size.max = 16384 (custom)
2019-06-13 14:24:15,999 INFO  storage.RaftLogWorker (RaftLogWorker.java:<init>(123)) - new 032e4ee5-7208-46db-8360-1e5f7c3c506d-RaftLogWorker for Storage Directory /opt/src/hadoop-ozone/integration-test/target/test-dir/MiniOzoneClusterImpl-f2c45e4f-9221-4e81-8651-c91eb14de7a2/datanode-1/data/ratis/0065c78b-9405-49ef-afeb-898fc49628f6
2019-06-13 14:24:15,999 INFO  server.RaftServerConfigKeys (ConfUtils.java:logGet(43)) - raft.server.log.preallocated.size = 16384 (custom)
2019-06-13 14:24:15,999 INFO  util.JmxRegister (JmxRegister.java:tryRegister(44)) - Successfully registered JMX Bean with object name Ratis:service=RaftServer,group=group-898FC49628F6,id=ea6ee9d2-49a0-415f-899b-9c810900fd53
2019-06-13 14:24:16,000 INFO  server.RaftServerConfigKeys (ConfUtils.java:logGet(43)) - raft.server.log.write.buffer.size = 33554432 (custom)
2019-06-13 14:24:16,000 INFO  server.RaftServerConfigKeys (ConfUtils.java:logGet(43)) - raft.server.log.force.sync.num = 128 (default)
2019-06-13 14:24:15,999 INFO  server.RaftServerConfigKeys (ConfUtils.java:logGet(43)) - raft.server.log.queue.byte-limit = 2147483647 (custom)
2019-06-13 14:24:16,000 INFO  server.RaftServerConfigKeys (ConfUtils.java:logGet(43)) - raft.server.log.statemachine.data.sync = true (default)
2019-06-13 14:24:16,000 INFO  server.RaftServerConfigKeys (ConfUtils.java:logGet(43)) - raft.server.log.queue.element-limit = 1024 (custom)
2019-06-13 14:24:16,000 INFO  server.RaftServerConfigKeys (ConfUtils.java:logGet(43)) - raft.server.log.segment.size.max = 16384 (custom)
2019-06-13 14:24:16,000 INFO  server.RaftServerConfigKeys (ConfUtils.java:logGet(43)) - raft.server.log.preallocated.size = 16384 (custom)
2019-06-13 14:24:16,000 INFO  server.RaftServerConfigKeys (ConfUtils.java:logGet(43)) - raft.server.log.write.buffer.size = 33554432 (custom)
2019-06-13 14:24:16,001 INFO  server.RaftServerConfigKeys (ConfUtils.java:logGet(43)) - raft.server.log.force.sync.num = 128 (default)
2019-06-13 14:24:16,001 INFO  server.RaftServerConfigKeys (ConfUtils.java:logGet(43)) - raft.server.log.statemachine.data.sync = true (default)
2019-06-13 14:24:16,001 INFO  server.RaftServerConfigKeys (ConfUtils.java:logGet(43)) - raft.server.log.statemachine.data.sync.timeout = 10s (default)
2019-06-13 14:24:16,001 INFO  server.RaftServerConfigKeys (ConfUtils.java:logGet(43)) - raft.server.log.statemachine.data.sync.timeout.retry = -1 (default)
2019-06-13 14:24:16,001 INFO  server.RaftServerConfigKeys (ConfUtils.java:logGet(43)) - raft.server.log.statemachine.data.caching.enabled = true (custom)
2019-06-13 14:24:16,000 INFO  server.RaftServerConfigKeys (ConfUtils.java:logGet(43)) - raft.server.log.statemachine.data.sync.timeout = 10s (default)
2019-06-13 14:24:16,001 INFO  server.RaftServerConfigKeys (ConfUtils.java:logGet(43)) - raft.server.log.statemachine.data.sync.timeout.retry = -1 (default)
2019-06-13 14:24:16,001 INFO  server.RaftServerConfigKeys (ConfUtils.java:logGet(43)) - raft.server.log.statemachine.data.caching.enabled = true (custom)
2019-06-13 14:24:16,001 INFO  server.RaftServerConfigKeys (ConfUtils.java:logGet(43)) - raft.server.snapshot.auto.trigger.enabled = true (custom)
2019-06-13 14:24:16,003 INFO  server.RaftServerConfigKeys (ConfUtils.java:logGet(43)) - raft.server.snapshot.auto.trigger.enabled = true (custom)
2019-06-13 14:24:16,003 INFO  server.RaftServerConfigKeys (ConfUtils.java:logGet(43)) - raft.server.snapshot.auto.trigger.threshold = 10000 (custom)
2019-06-13 14:24:16,003 INFO  server.RaftServerConfigKeys (ConfUtils.java:logGet(43)) - raft.server.snapshot.auto.trigger.threshold = 10000 (custom)
2019-06-13 14:24:16,003 INFO  server.RaftServerConfigKeys (ConfUtils.java:logGet(43)) - raft.server.retrycache.expirytime = 600000ms (custom)
2019-06-13 14:24:16,005 INFO  impl.RaftServerImpl (RaftServerImpl.java:start(173)) - 18ad8fc0-3ac4-4894-abab-2cbe8ac0bd06: start group-898FC49628F6
2019-06-13 14:24:16,006 INFO  impl.RaftServerImpl (RaftServerImpl.java:setRole(164)) - 18ad8fc0-3ac4-4894-abab-2cbe8ac0bd06:group-898FC49628F6 changes role from null to FOLLOWER at term 0 for startAsFollower
2019-06-13 14:24:16,007 INFO  impl.RoleInfo (RoleInfo.java:updateAndGet(143)) - 18ad8fc0-3ac4-4894-abab-2cbe8ac0bd06: start FollowerState
2019-06-13 14:24:16,005 INFO  server.RaftServerConfigKeys (ConfUtils.java:logGet(43)) - raft.server.retrycache.expirytime = 600000ms (custom)
2019-06-13 14:24:16,007 INFO  impl.RaftServerImpl (RaftServerImpl.java:start(173)) - 032e4ee5-7208-46db-8360-1e5f7c3c506d: start group-898FC49628F6
2019-06-13 14:24:16,007 INFO  util.JmxRegister (JmxRegister.java:tryRegister(44)) - Successfully registered JMX Bean with object name Ratis:service=RaftServer,group=group-898FC49628F6,id=18ad8fc0-3ac4-4894-abab-2cbe8ac0bd06
2019-06-13 14:24:16,007 INFO  impl.RaftServerImpl (RaftServerImpl.java:setRole(164)) - 032e4ee5-7208-46db-8360-1e5f7c3c506d:group-898FC49628F6 changes role from null to FOLLOWER at term 0 for startAsFollower
2019-06-13 14:24:16,007 INFO  impl.RoleInfo (RoleInfo.java:updateAndGet(143)) - 032e4ee5-7208-46db-8360-1e5f7c3c506d: start FollowerState
2019-06-13 14:24:16,008 INFO  util.JmxRegister (JmxRegister.java:tryRegister(44)) - Successfully registered JMX Bean with object name Ratis:service=RaftServer,group=group-898FC49628F6,id=032e4ee5-7208-46db-8360-1e5f7c3c506d
2019-06-13 14:24:16,019 INFO  pipeline.PipelineStateManager (PipelineStateManager.java:addPipeline(56)) - Created pipeline Pipeline[ Id: 0065c78b-9405-49ef-afeb-898fc49628f6, Nodes: 032e4ee5-7208-46db-8360-1e5f7c3c506d{ip: 192.168.134.104, host: ozone-dd8dj-3451703863, networkLocation: /default-rack, certSerialId: null}ea6ee9d2-49a0-415f-899b-9c810900fd53{ip: 192.168.134.104, host: ozone-dd8dj-3451703863, networkLocation: /default-rack, certSerialId: null}18ad8fc0-3ac4-4894-abab-2cbe8ac0bd06{ip: 192.168.134.104, host: ozone-dd8dj-3451703863, networkLocation: /default-rack, certSerialId: null}, Type:RATIS, Factor:THREE, State:OPEN]
2019-06-13 14:24:16,081 INFO  node.SCMNodeManager (SCMNodeManager.java:register(234)) - Registered Data node : 4074ff25-cac0-4156-8373-7355f9adbcd0{ip: 192.168.134.104, host: ozone-dd8dj-3451703863, networkLocation: /default-rack, certSerialId: null}
2019-06-13 14:24:16,092 INFO  impl.RaftServerProxy (RaftServerProxy.java:addNew(89)) - 4074ff25-cac0-4156-8373-7355f9adbcd0: addNew group-0837AFC21B44:[4074ff25-cac0-4156-8373-7355f9adbcd0:192.168.134.104:39593] returns group-0837AFC21B44:java.util.concurrent.CompletableFuture@18ac0c21[Not completed]
2019-06-13 14:24:16,093 INFO  impl.RaftServerImpl (RaftServerImpl.java:<init>(91)) - 4074ff25-cac0-4156-8373-7355f9adbcd0: new RaftServerImpl for group-0837AFC21B44:[4074ff25-cac0-4156-8373-7355f9adbcd0:192.168.134.104:39593] with ContainerStateMachine:uninitialized
2019-06-13 14:24:16,094 INFO  server.RaftServerConfigKeys (ConfUtils.java:logGet(43)) - raft.server.rpc.timeout.min = 1s (custom)
2019-06-13 14:24:16,094 INFO  server.RaftServerConfigKeys (ConfUtils.java:logGet(43)) - raft.server.rpc.timeout.max = 1200ms (custom)
2019-06-13 14:24:16,094 INFO  server.RaftServerConfigKeys (ConfUtils.java:logGet(43)) - raft.server.rpcslowness.timeout = 10s (custom)
2019-06-13 14:24:16,094 INFO  server.RaftServerConfigKeys (ConfUtils.java:logGet(43)) - raft.server.log.appender.install.snapshot.enabled = true (default)
2019-06-13 14:24:16,094 INFO  impl.RaftServerImpl (ServerState.java:<init>(101)) - 4074ff25-cac0-4156-8373-7355f9adbcd0:group-0837AFC21B44 ConfigurationManager, init=-1: [4074ff25-cac0-4156-8373-7355f9adbcd0:192.168.134.104:39593], old=null, confs=<EMPTY_MAP>
2019-06-13 14:24:16,094 INFO  server.RaftServerConfigKeys (ConfUtils.java:logGet(43)) - raft.server.storage.dir = [/opt/src/hadoop-ozone/integration-test/target/test-dir/MiniOzoneClusterImpl-f2c45e4f-9221-4e81-8651-c91eb14de7a2/datanode-4/data/ratis] (custom)
2019-06-13 14:24:16,095 INFO  storage.RaftStorageDirectory (RaftStorageDirectory.java:analyzeStorage(246)) - The storage directory /opt/src/hadoop-ozone/integration-test/target/test-dir/MiniOzoneClusterImpl-f2c45e4f-9221-4e81-8651-c91eb14de7a2/datanode-4/data/ratis/8df5f79b-290d-4842-9c78-0837afc21b44 does not exist. Creating ...
2019-06-13 14:24:16,097 INFO  storage.RaftStorageDirectory (RaftStorageDirectory.java:tryLock(328)) - Lock on /opt/src/hadoop-ozone/integration-test/target/test-dir/MiniOzoneClusterImpl-f2c45e4f-9221-4e81-8651-c91eb14de7a2/datanode-4/data/ratis/8df5f79b-290d-4842-9c78-0837afc21b44/in_use.lock acquired by nodename 10166@ozone-dd8dj-3451703863
2019-06-13 14:24:16,099 INFO  storage.RaftStorage (RaftStorage.java:format(75)) - Storage directory /opt/src/hadoop-ozone/integration-test/target/test-dir/MiniOzoneClusterImpl-f2c45e4f-9221-4e81-8651-c91eb14de7a2/datanode-4/data/ratis/8df5f79b-290d-4842-9c78-0837afc21b44 has been successfully formatted.
2019-06-13 14:24:16,099 INFO  ratis.ContainerStateMachine (ContainerStateMachine.java:loadSnapshot(199)) - The snapshot info is null.Setting the last applied index to:(t:0, i:~)
2019-06-13 14:24:16,099 INFO  server.RaftServerConfigKeys (ConfUtils.java:logGet(43)) - raft.server.leader.election.timeout = 10s (custom)
2019-06-13 14:24:16,099 INFO  server.RaftServerConfigKeys (ConfUtils.java:logGet(43)) - raft.server.log.use.memory = false (default)
2019-06-13 14:24:16,099 INFO  server.RaftServerConfigKeys (ConfUtils.java:logGet(43)) - raft.server.log.appender.buffer.byte-limit = 33554432 (custom)
2019-06-13 14:24:16,099 INFO  server.RaftServerConfigKeys (ConfUtils.java:logGet(43)) - raft.server.log.segment.size.max = 16384 (custom)
2019-06-13 14:24:16,099 INFO  server.RaftServerConfigKeys (ConfUtils.java:logGet(43)) - raft.server.log.segment.cache.num.max = 2 (custom)
2019-06-13 14:24:16,099 INFO  storage.RaftLogWorker (RaftLogWorker.java:<init>(123)) - new 4074ff25-cac0-4156-8373-7355f9adbcd0-RaftLogWorker for Storage Directory /opt/src/hadoop-ozone/integration-test/target/test-dir/MiniOzoneClusterImpl-f2c45e4f-9221-4e81-8651-c91eb14de7a2/datanode-4/data/ratis/8df5f79b-290d-4842-9c78-0837afc21b44
2019-06-13 14:24:16,100 INFO  server.RaftServerConfigKeys (ConfUtils.java:logGet(43)) - raft.server.log.queue.byte-limit = 2147483647 (custom)
2019-06-13 14:24:16,100 INFO  server.RaftServerConfigKeys (ConfUtils.java:logGet(43)) - raft.server.log.queue.element-limit = 1024 (custom)
2019-06-13 14:24:16,100 INFO  server.RaftServerConfigKeys (ConfUtils.java:logGet(43)) - raft.server.log.segment.size.max = 16384 (custom)
2019-06-13 14:24:16,100 INFO  server.RaftServerConfigKeys (ConfUtils.java:logGet(43)) - raft.server.log.preallocated.size = 16384 (custom)
2019-06-13 14:24:16,100 INFO  server.RaftServerConfigKeys (ConfUtils.java:logGet(43)) - raft.server.log.write.buffer.size = 33554432 (custom)
2019-06-13 14:24:16,100 INFO  server.RaftServerConfigKeys (ConfUtils.java:logGet(43)) - raft.server.log.force.sync.num = 128 (default)
2019-06-13 14:24:16,100 INFO  server.RaftServerConfigKeys (ConfUtils.java:logGet(43)) - raft.server.log.statemachine.data.sync = true (default)
2019-06-13 14:24:16,100 INFO  server.RaftServerConfigKeys (ConfUtils.java:logGet(43)) - raft.server.log.statemachine.data.sync.timeout = 10s (default)
2019-06-13 14:24:16,100 INFO  server.RaftServerConfigKeys (ConfUtils.java:logGet(43)) - raft.server.log.statemachine.data.sync.timeout.retry = -1 (default)
2019-06-13 14:24:16,100 INFO  server.RaftServerConfigKeys (ConfUtils.java:logGet(43)) - raft.server.log.statemachine.data.caching.enabled = true (custom)
2019-06-13 14:24:16,101 INFO  server.RaftServerConfigKeys (ConfUtils.java:logGet(43)) - raft.server.snapshot.auto.trigger.enabled = true (custom)
2019-06-13 14:24:16,101 INFO  server.RaftServerConfigKeys (ConfUtils.java:logGet(43)) - raft.server.snapshot.auto.trigger.threshold = 10000 (custom)
2019-06-13 14:24:16,101 INFO  server.RaftServerConfigKeys (ConfUtils.java:logGet(43)) - raft.server.retrycache.expirytime = 600000ms (custom)
2019-06-13 14:24:16,101 INFO  impl.RaftServerImpl (RaftServerImpl.java:start(173)) - 4074ff25-cac0-4156-8373-7355f9adbcd0: start group-0837AFC21B44
2019-06-13 14:24:16,101 INFO  impl.RaftServerImpl (RaftServerImpl.java:setRole(164)) - 4074ff25-cac0-4156-8373-7355f9adbcd0:group-0837AFC21B44 changes role from null to FOLLOWER at term 0 for startAsFollower
2019-06-13 14:24:16,101 INFO  impl.RoleInfo (RoleInfo.java:updateAndGet(143)) - 4074ff25-cac0-4156-8373-7355f9adbcd0: start FollowerState
2019-06-13 14:24:16,102 INFO  util.JmxRegister (JmxRegister.java:tryRegister(44)) - Successfully registered JMX Bean with object name Ratis:service=RaftServer,group=group-0837AFC21B44,id=4074ff25-cac0-4156-8373-7355f9adbcd0
2019-06-13 14:24:16,108 INFO  pipeline.PipelineStateManager (PipelineStateManager.java:addPipeline(56)) - Created pipeline Pipeline[ Id: 8df5f79b-290d-4842-9c78-0837afc21b44, Nodes: 4074ff25-cac0-4156-8373-7355f9adbcd0{ip: 192.168.134.104, host: ozone-dd8dj-3451703863, networkLocation: /default-rack, certSerialId: null}, Type:RATIS, Factor:ONE, State:OPEN]
2019-06-13 14:24:16,298 INFO  ozone.MiniOzoneClusterImpl (MiniOzoneClusterImpl.java:lambda$waitForClusterToBeReady$0(142)) - Waiting for cluster to be ready. Got 5 of 6 DN Heartbeats.
2019-06-13 14:24:16,305 INFO  node.SCMNodeManager (SCMNodeManager.java:register(234)) - Registered Data node : 2ab1b528-c73e-4ed1-8ace-b7a2393066c1{ip: 192.168.134.104, host: ozone-dd8dj-3451703863, networkLocation: /default-rack, certSerialId: null}
2019-06-13 14:24:16,316 INFO  impl.RaftServerProxy (RaftServerProxy.java:addNew(89)) - 2ab1b528-c73e-4ed1-8ace-b7a2393066c1: addNew group-4C8FE7CA4D2F:[2ab1b528-c73e-4ed1-8ace-b7a2393066c1:192.168.134.104:44253] returns group-4C8FE7CA4D2F:java.util.concurrent.CompletableFuture@5ffeb2d[Not completed]
2019-06-13 14:24:16,316 INFO  impl.RaftServerImpl (RaftServerImpl.java:<init>(91)) - 2ab1b528-c73e-4ed1-8ace-b7a2393066c1: new RaftServerImpl for group-4C8FE7CA4D2F:[2ab1b528-c73e-4ed1-8ace-b7a2393066c1:192.168.134.104:44253] with ContainerStateMachine:uninitialized
2019-06-13 14:24:16,317 INFO  server.RaftServerConfigKeys (ConfUtils.java:logGet(43)) - raft.server.rpc.timeout.min = 1s (custom)
2019-06-13 14:24:16,317 INFO  server.RaftServerConfigKeys (ConfUtils.java:logGet(43)) - raft.server.rpc.timeout.max = 1200ms (custom)
2019-06-13 14:24:16,317 INFO  server.RaftServerConfigKeys (ConfUtils.java:logGet(43)) - raft.server.rpcslowness.timeout = 10s (custom)
2019-06-13 14:24:16,317 INFO  server.RaftServerConfigKeys (ConfUtils.java:logGet(43)) - raft.server.log.appender.install.snapshot.enabled = true (default)
2019-06-13 14:24:16,317 INFO  impl.RaftServerImpl (ServerState.java:<init>(101)) - 2ab1b528-c73e-4ed1-8ace-b7a2393066c1:group-4C8FE7CA4D2F ConfigurationManager, init=-1: [2ab1b528-c73e-4ed1-8ace-b7a2393066c1:192.168.134.104:44253], old=null, confs=<EMPTY_MAP>
2019-06-13 14:24:16,317 INFO  server.RaftServerConfigKeys (ConfUtils.java:logGet(43)) - raft.server.storage.dir = [/opt/src/hadoop-ozone/integration-test/target/test-dir/MiniOzoneClusterImpl-f2c45e4f-9221-4e81-8651-c91eb14de7a2/datanode-5/data/ratis] (custom)
2019-06-13 14:24:16,317 INFO  storage.RaftStorageDirectory (RaftStorageDirectory.java:analyzeStorage(246)) - The storage directory /opt/src/hadoop-ozone/integration-test/target/test-dir/MiniOzoneClusterImpl-f2c45e4f-9221-4e81-8651-c91eb14de7a2/datanode-5/data/ratis/e3bba3a9-1d58-43bd-8519-4c8fe7ca4d2f does not exist. Creating ...
2019-06-13 14:24:16,319 INFO  storage.RaftStorageDirectory (RaftStorageDirectory.java:tryLock(328)) - Lock on /opt/src/hadoop-ozone/integration-test/target/test-dir/MiniOzoneClusterImpl-f2c45e4f-9221-4e81-8651-c91eb14de7a2/datanode-5/data/ratis/e3bba3a9-1d58-43bd-8519-4c8fe7ca4d2f/in_use.lock acquired by nodename 10166@ozone-dd8dj-3451703863
2019-06-13 14:24:16,322 INFO  storage.RaftStorage (RaftStorage.java:format(75)) - Storage directory /opt/src/hadoop-ozone/integration-test/target/test-dir/MiniOzoneClusterImpl-f2c45e4f-9221-4e81-8651-c91eb14de7a2/datanode-5/data/ratis/e3bba3a9-1d58-43bd-8519-4c8fe7ca4d2f has been successfully formatted.
2019-06-13 14:24:16,322 INFO  ratis.ContainerStateMachine (ContainerStateMachine.java:loadSnapshot(199)) - The snapshot info is null.Setting the last applied index to:(t:0, i:~)
2019-06-13 14:24:16,322 INFO  server.RaftServerConfigKeys (ConfUtils.java:logGet(43)) - raft.server.leader.election.timeout = 10s (custom)
2019-06-13 14:24:16,322 INFO  server.RaftServerConfigKeys (ConfUtils.java:logGet(43)) - raft.server.log.use.memory = false (default)
2019-06-13 14:24:16,322 INFO  server.RaftServerConfigKeys (ConfUtils.java:logGet(43)) - raft.server.log.appender.buffer.byte-limit = 33554432 (custom)
2019-06-13 14:24:16,322 INFO  server.RaftServerConfigKeys (ConfUtils.java:logGet(43)) - raft.server.log.segment.size.max = 16384 (custom)
2019-06-13 14:24:16,322 INFO  server.RaftServerConfigKeys (ConfUtils.java:logGet(43)) - raft.server.log.segment.cache.num.max = 2 (custom)
2019-06-13 14:24:16,322 INFO  storage.RaftLogWorker (RaftLogWorker.java:<init>(123)) - new 2ab1b528-c73e-4ed1-8ace-b7a2393066c1-RaftLogWorker for Storage Directory /opt/src/hadoop-ozone/integration-test/target/test-dir/MiniOzoneClusterImpl-f2c45e4f-9221-4e81-8651-c91eb14de7a2/datanode-5/data/ratis/e3bba3a9-1d58-43bd-8519-4c8fe7ca4d2f
2019-06-13 14:24:16,322 INFO  server.RaftServerConfigKeys (ConfUtils.java:logGet(43)) - raft.server.log.queue.byte-limit = 2147483647 (custom)
2019-06-13 14:24:16,322 INFO  server.RaftServerConfigKeys (ConfUtils.java:logGet(43)) - raft.server.log.queue.element-limit = 1024 (custom)
2019-06-13 14:24:16,323 INFO  server.RaftServerConfigKeys (ConfUtils.java:logGet(43)) - raft.server.log.segment.size.max = 16384 (custom)
2019-06-13 14:24:16,323 INFO  server.RaftServerConfigKeys (ConfUtils.java:logGet(43)) - raft.server.log.preallocated.size = 16384 (custom)
2019-06-13 14:24:16,323 INFO  server.RaftServerConfigKeys (ConfUtils.java:logGet(43)) - raft.server.log.write.buffer.size = 33554432 (custom)
2019-06-13 14:24:16,323 INFO  server.RaftServerConfigKeys (ConfUtils.java:logGet(43)) - raft.server.log.force.sync.num = 128 (default)
2019-06-13 14:24:16,323 INFO  server.RaftServerConfigKeys (ConfUtils.java:logGet(43)) - raft.server.log.statemachine.data.sync = true (default)
2019-06-13 14:24:16,323 INFO  server.RaftServerConfigKeys (ConfUtils.java:logGet(43)) - raft.server.log.statemachine.data.sync.timeout = 10s (default)
2019-06-13 14:24:16,323 INFO  server.RaftServerConfigKeys (ConfUtils.java:logGet(43)) - raft.server.log.statemachine.data.sync.timeout.retry = -1 (default)
2019-06-13 14:24:16,323 INFO  server.RaftServerConfigKeys (ConfUtils.java:logGet(43)) - raft.server.log.statemachine.data.caching.enabled = true (custom)
2019-06-13 14:24:16,323 INFO  server.RaftServerConfigKeys (ConfUtils.java:logGet(43)) - raft.server.snapshot.auto.trigger.enabled = true (custom)
2019-06-13 14:24:16,323 INFO  server.RaftServerConfigKeys (ConfUtils.java:logGet(43)) - raft.server.snapshot.auto.trigger.threshold = 10000 (custom)
2019-06-13 14:24:16,324 INFO  server.RaftServerConfigKeys (ConfUtils.java:logGet(43)) - raft.server.retrycache.expirytime = 600000ms (custom)
2019-06-13 14:24:16,324 INFO  impl.RaftServerImpl (RaftServerImpl.java:start(173)) - 2ab1b528-c73e-4ed1-8ace-b7a2393066c1: start group-4C8FE7CA4D2F
2019-06-13 14:24:16,324 INFO  impl.RaftServerImpl (RaftServerImpl.java:setRole(164)) - 2ab1b528-c73e-4ed1-8ace-b7a2393066c1:group-4C8FE7CA4D2F changes role from null to FOLLOWER at term 0 for startAsFollower
2019-06-13 14:24:16,324 INFO  impl.RoleInfo (RoleInfo.java:updateAndGet(143)) - 2ab1b528-c73e-4ed1-8ace-b7a2393066c1: start FollowerState
2019-06-13 14:24:16,324 INFO  util.JmxRegister (JmxRegister.java:tryRegister(44)) - Successfully registered JMX Bean with object name Ratis:service=RaftServer,group=group-4C8FE7CA4D2F,id=2ab1b528-c73e-4ed1-8ace-b7a2393066c1
2019-06-13 14:24:16,330 INFO  pipeline.PipelineStateManager (PipelineStateManager.java:addPipeline(56)) - Created pipeline Pipeline[ Id: e3bba3a9-1d58-43bd-8519-4c8fe7ca4d2f, Nodes: 2ab1b528-c73e-4ed1-8ace-b7a2393066c1{ip: 192.168.134.104, host: ozone-dd8dj-3451703863, networkLocation: /default-rack, certSerialId: null}, Type:RATIS, Factor:ONE, State:OPEN]
2019-06-13 14:24:16,344 INFO  impl.RaftServerProxy (RaftServerProxy.java:addNew(89)) - 2ab1b528-c73e-4ed1-8ace-b7a2393066c1: addNew group-9E49E5CB40FB:[28e8b96a-b3ef-4bb2-8be6-4c7c70649dfe:192.168.134.104:37705, 4074ff25-cac0-4156-8373-7355f9adbcd0:192.168.134.104:39593, 2ab1b528-c73e-4ed1-8ace-b7a2393066c1:192.168.134.104:44253] returns group-9E49E5CB40FB:java.util.concurrent.CompletableFuture@4eea04a[Not completed]
2019-06-13 14:24:16,345 INFO  impl.RaftServerImpl (RaftServerImpl.java:<init>(91)) - 2ab1b528-c73e-4ed1-8ace-b7a2393066c1: new RaftServerImpl for group-9E49E5CB40FB:[28e8b96a-b3ef-4bb2-8be6-4c7c70649dfe:192.168.134.104:37705, 4074ff25-cac0-4156-8373-7355f9adbcd0:192.168.134.104:39593, 2ab1b528-c73e-4ed1-8ace-b7a2393066c1:192.168.134.104:44253] with ContainerStateMachine:uninitialized
2019-06-13 14:24:16,345 INFO  server.RaftServerConfigKeys (ConfUtils.java:logGet(43)) - raft.server.rpc.timeout.min = 1s (custom)
2019-06-13 14:24:16,345 INFO  server.RaftServerConfigKeys (ConfUtils.java:logGet(43)) - raft.server.rpc.timeout.max = 1200ms (custom)
2019-06-13 14:24:16,345 INFO  server.RaftServerConfigKeys (ConfUtils.java:logGet(43)) - raft.server.rpcslowness.timeout = 10s (custom)
2019-06-13 14:24:16,345 INFO  server.RaftServerConfigKeys (ConfUtils.java:logGet(43)) - raft.server.log.appender.install.snapshot.enabled = true (default)
2019-06-13 14:24:16,345 INFO  impl.RaftServerImpl (ServerState.java:<init>(101)) - 2ab1b528-c73e-4ed1-8ace-b7a2393066c1:group-9E49E5CB40FB ConfigurationManager, init=-1: [28e8b96a-b3ef-4bb2-8be6-4c7c70649dfe:192.168.134.104:37705, 4074ff25-cac0-4156-8373-7355f9adbcd0:192.168.134.104:39593, 2ab1b528-c73e-4ed1-8ace-b7a2393066c1:192.168.134.104:44253], old=null, confs=<EMPTY_MAP>
2019-06-13 14:24:16,345 INFO  server.RaftServerConfigKeys (ConfUtils.java:logGet(43)) - raft.server.storage.dir = [/opt/src/hadoop-ozone/integration-test/target/test-dir/MiniOzoneClusterImpl-f2c45e4f-9221-4e81-8651-c91eb14de7a2/datanode-5/data/ratis] (custom)
2019-06-13 14:24:16,346 INFO  storage.RaftStorageDirectory (RaftStorageDirectory.java:analyzeStorage(246)) - The storage directory /opt/src/hadoop-ozone/integration-test/target/test-dir/MiniOzoneClusterImpl-f2c45e4f-9221-4e81-8651-c91eb14de7a2/datanode-5/data/ratis/1fb6e0a0-596c-4a5d-a311-9e49e5cb40fb does not exist. Creating ...
2019-06-13 14:24:16,349 INFO  storage.RaftStorageDirectory (RaftStorageDirectory.java:tryLock(328)) - Lock on /opt/src/hadoop-ozone/integration-test/target/test-dir/MiniOzoneClusterImpl-f2c45e4f-9221-4e81-8651-c91eb14de7a2/datanode-5/data/ratis/1fb6e0a0-596c-4a5d-a311-9e49e5cb40fb/in_use.lock acquired by nodename 10166@ozone-dd8dj-3451703863
2019-06-13 14:24:16,349 INFO  impl.RaftServerProxy (RaftServerProxy.java:addNew(89)) - 28e8b96a-b3ef-4bb2-8be6-4c7c70649dfe: addNew group-9E49E5CB40FB:[28e8b96a-b3ef-4bb2-8be6-4c7c70649dfe:192.168.134.104:37705, 4074ff25-cac0-4156-8373-7355f9adbcd0:192.168.134.104:39593, 2ab1b528-c73e-4ed1-8ace-b7a2393066c1:192.168.134.104:44253] returns group-9E49E5CB40FB:java.util.concurrent.CompletableFuture@6b3672f[Not completed]
2019-06-13 14:24:16,350 INFO  impl.RaftServerImpl (RaftServerImpl.java:<init>(91)) - 28e8b96a-b3ef-4bb2-8be6-4c7c70649dfe: new RaftServerImpl for group-9E49E5CB40FB:[28e8b96a-b3ef-4bb2-8be6-4c7c70649dfe:192.168.134.104:37705, 4074ff25-cac0-4156-8373-7355f9adbcd0:192.168.134.104:39593, 2ab1b528-c73e-4ed1-8ace-b7a2393066c1:192.168.134.104:44253] with ContainerStateMachine:uninitialized
2019-06-13 14:24:16,350 INFO  server.RaftServerConfigKeys (ConfUtils.java:logGet(43)) - raft.server.rpc.timeout.min = 1s (custom)
2019-06-13 14:24:16,350 INFO  server.RaftServerConfigKeys (ConfUtils.java:logGet(43)) - raft.server.rpc.timeout.max = 1200ms (custom)
2019-06-13 14:24:16,350 INFO  server.RaftServerConfigKeys (ConfUtils.java:logGet(43)) - raft.server.rpcslowness.timeout = 10s (custom)
2019-06-13 14:24:16,351 INFO  server.RaftServerConfigKeys (ConfUtils.java:logGet(43)) - raft.server.log.appender.install.snapshot.enabled = true (default)
2019-06-13 14:24:16,351 INFO  impl.RaftServerImpl (ServerState.java:<init>(101)) - 28e8b96a-b3ef-4bb2-8be6-4c7c70649dfe:group-9E49E5CB40FB ConfigurationManager, init=-1: [28e8b96a-b3ef-4bb2-8be6-4c7c70649dfe:192.168.134.104:37705, 4074ff25-cac0-4156-8373-7355f9adbcd0:192.168.134.104:39593, 2ab1b528-c73e-4ed1-8ace-b7a2393066c1:192.168.134.104:44253], old=null, confs=<EMPTY_MAP>
2019-06-13 14:24:16,351 INFO  server.RaftServerConfigKeys (ConfUtils.java:logGet(43)) - raft.server.storage.dir = [/opt/src/hadoop-ozone/integration-test/target/test-dir/MiniOzoneClusterImpl-f2c45e4f-9221-4e81-8651-c91eb14de7a2/datanode-0/data/ratis] (custom)
2019-06-13 14:24:16,351 INFO  storage.RaftStorageDirectory (RaftStorageDirectory.java:analyzeStorage(246)) - The storage directory /opt/src/hadoop-ozone/integration-test/target/test-dir/MiniOzoneClusterImpl-f2c45e4f-9221-4e81-8651-c91eb14de7a2/datanode-0/data/ratis/1fb6e0a0-596c-4a5d-a311-9e49e5cb40fb does not exist. Creating ...
2019-06-13 14:24:16,352 INFO  impl.RaftServerProxy (RaftServerProxy.java:addNew(89)) - 4074ff25-cac0-4156-8373-7355f9adbcd0: addNew group-9E49E5CB40FB:[28e8b96a-b3ef-4bb2-8be6-4c7c70649dfe:192.168.134.104:37705, 4074ff25-cac0-4156-8373-7355f9adbcd0:192.168.134.104:39593, 2ab1b528-c73e-4ed1-8ace-b7a2393066c1:192.168.134.104:44253] returns group-9E49E5CB40FB:java.util.concurrent.CompletableFuture@3d7fc3cf[Not completed]
2019-06-13 14:24:16,352 INFO  storage.RaftStorage (RaftStorage.java:format(75)) - Storage directory /opt/src/hadoop-ozone/integration-test/target/test-dir/MiniOzoneClusterImpl-f2c45e4f-9221-4e81-8651-c91eb14de7a2/datanode-5/data/ratis/1fb6e0a0-596c-4a5d-a311-9e49e5cb40fb has been successfully formatted.
2019-06-13 14:24:16,352 INFO  impl.RaftServerImpl (RaftServerImpl.java:<init>(91)) - 4074ff25-cac0-4156-8373-7355f9adbcd0: new RaftServerImpl for group-9E49E5CB40FB:[28e8b96a-b3ef-4bb2-8be6-4c7c70649dfe:192.168.134.104:37705, 4074ff25-cac0-4156-8373-7355f9adbcd0:192.168.134.104:39593, 2ab1b528-c73e-4ed1-8ace-b7a2393066c1:192.168.134.104:44253] with ContainerStateMachine:uninitialized
2019-06-13 14:24:16,353 INFO  server.RaftServerConfigKeys (ConfUtils.java:logGet(43)) - raft.server.rpc.timeout.min = 1s (custom)
2019-06-13 14:24:16,353 INFO  server.RaftServerConfigKeys (ConfUtils.java:logGet(43)) - raft.server.rpc.timeout.max = 1200ms (custom)
2019-06-13 14:24:16,353 INFO  server.RaftServerConfigKeys (ConfUtils.java:logGet(43)) - raft.server.rpcslowness.timeout = 10s (custom)
2019-06-13 14:24:16,353 INFO  server.RaftServerConfigKeys (ConfUtils.java:logGet(43)) - raft.server.log.appender.install.snapshot.enabled = true (default)
2019-06-13 14:24:16,353 INFO  impl.RaftServerImpl (ServerState.java:<init>(101)) - 4074ff25-cac0-4156-8373-7355f9adbcd0:group-9E49E5CB40FB ConfigurationManager, init=-1: [28e8b96a-b3ef-4bb2-8be6-4c7c70649dfe:192.168.134.104:37705, 4074ff25-cac0-4156-8373-7355f9adbcd0:192.168.134.104:39593, 2ab1b528-c73e-4ed1-8ace-b7a2393066c1:192.168.134.104:44253], old=null, confs=<EMPTY_MAP>
2019-06-13 14:24:16,353 INFO  server.RaftServerConfigKeys (ConfUtils.java:logGet(43)) - raft.server.storage.dir = [/opt/src/hadoop-ozone/integration-test/target/test-dir/MiniOzoneClusterImpl-f2c45e4f-9221-4e81-8651-c91eb14de7a2/datanode-4/data/ratis] (custom)
2019-06-13 14:24:16,353 INFO  storage.RaftStorageDirectory (RaftStorageDirectory.java:analyzeStorage(246)) - The storage directory /opt/src/hadoop-ozone/integration-test/target/test-dir/MiniOzoneClusterImpl-f2c45e4f-9221-4e81-8651-c91eb14de7a2/datanode-4/data/ratis/1fb6e0a0-596c-4a5d-a311-9e49e5cb40fb does not exist. Creating ...
2019-06-13 14:24:16,353 INFO  ratis.ContainerStateMachine (ContainerStateMachine.java:loadSnapshot(199)) - The snapshot info is null.Setting the last applied index to:(t:0, i:~)
2019-06-13 14:24:16,353 INFO  server.RaftServerConfigKeys (ConfUtils.java:logGet(43)) - raft.server.leader.election.timeout = 10s (custom)
2019-06-13 14:24:16,353 INFO  server.RaftServerConfigKeys (ConfUtils.java:logGet(43)) - raft.server.log.use.memory = false (default)
2019-06-13 14:24:16,354 INFO  storage.RaftStorageDirectory (RaftStorageDirectory.java:tryLock(328)) - Lock on /opt/src/hadoop-ozone/integration-test/target/test-dir/MiniOzoneClusterImpl-f2c45e4f-9221-4e81-8651-c91eb14de7a2/datanode-0/data/ratis/1fb6e0a0-596c-4a5d-a311-9e49e5cb40fb/in_use.lock acquired by nodename 10166@ozone-dd8dj-3451703863
2019-06-13 14:24:16,354 INFO  server.RaftServerConfigKeys (ConfUtils.java:logGet(43)) - raft.server.log.appender.buffer.byte-limit = 33554432 (custom)
2019-06-13 14:24:16,354 INFO  server.RaftServerConfigKeys (ConfUtils.java:logGet(43)) - raft.server.log.segment.size.max = 16384 (custom)
2019-06-13 14:24:16,354 INFO  server.RaftServerConfigKeys (ConfUtils.java:logGet(43)) - raft.server.log.segment.cache.num.max = 2 (custom)
2019-06-13 14:24:16,354 INFO  storage.RaftLogWorker (RaftLogWorker.java:<init>(123)) - new 2ab1b528-c73e-4ed1-8ace-b7a2393066c1-RaftLogWorker for Storage Directory /opt/src/hadoop-ozone/integration-test/target/test-dir/MiniOzoneClusterImpl-f2c45e4f-9221-4e81-8651-c91eb14de7a2/datanode-5/data/ratis/1fb6e0a0-596c-4a5d-a311-9e49e5cb40fb
2019-06-13 14:24:16,354 INFO  server.RaftServerConfigKeys (ConfUtils.java:logGet(43)) - raft.server.log.queue.byte-limit = 2147483647 (custom)
2019-06-13 14:24:16,354 INFO  server.RaftServerConfigKeys (ConfUtils.java:logGet(43)) - raft.server.log.queue.element-limit = 1024 (custom)
2019-06-13 14:24:16,354 INFO  server.RaftServerConfigKeys (ConfUtils.java:logGet(43)) - raft.server.log.segment.size.max = 16384 (custom)
2019-06-13 14:24:16,354 INFO  server.RaftServerConfigKeys (ConfUtils.java:logGet(43)) - raft.server.log.preallocated.size = 16384 (custom)
2019-06-13 14:24:16,354 INFO  server.RaftServerConfigKeys (ConfUtils.java:logGet(43)) - raft.server.log.write.buffer.size = 33554432 (custom)
2019-06-13 14:24:16,354 INFO  server.RaftServerConfigKeys (ConfUtils.java:logGet(43)) - raft.server.log.force.sync.num = 128 (default)
2019-06-13 14:24:16,355 INFO  server.RaftServerConfigKeys (ConfUtils.java:logGet(43)) - raft.server.log.statemachine.data.sync = true (default)
2019-06-13 14:24:16,355 INFO  server.RaftServerConfigKeys (ConfUtils.java:logGet(43)) - raft.server.log.statemachine.data.sync.timeout = 10s (default)
2019-06-13 14:24:16,355 INFO  server.RaftServerConfigKeys (ConfUtils.java:logGet(43)) - raft.server.log.statemachine.data.sync.timeout.retry = -1 (default)
2019-06-13 14:24:16,355 INFO  server.RaftServerConfigKeys (ConfUtils.java:logGet(43)) - raft.server.log.statemachine.data.caching.enabled = true (custom)
2019-06-13 14:24:16,355 INFO  storage.RaftStorageDirectory (RaftStorageDirectory.java:tryLock(328)) - Lock on /opt/src/hadoop-ozone/integration-test/target/test-dir/MiniOzoneClusterImpl-f2c45e4f-9221-4e81-8651-c91eb14de7a2/datanode-4/data/ratis/1fb6e0a0-596c-4a5d-a311-9e49e5cb40fb/in_use.lock acquired by nodename 10166@ozone-dd8dj-3451703863
2019-06-13 14:24:16,355 INFO  server.RaftServerConfigKeys (ConfUtils.java:logGet(43)) - raft.server.snapshot.auto.trigger.enabled = true (custom)
2019-06-13 14:24:16,355 INFO  server.RaftServerConfigKeys (ConfUtils.java:logGet(43)) - raft.server.snapshot.auto.trigger.threshold = 10000 (custom)
2019-06-13 14:24:16,355 INFO  server.RaftServerConfigKeys (ConfUtils.java:logGet(43)) - raft.server.retrycache.expirytime = 600000ms (custom)
2019-06-13 14:24:16,356 INFO  impl.RaftServerImpl (RaftServerImpl.java:start(173)) - 2ab1b528-c73e-4ed1-8ace-b7a2393066c1: start group-9E49E5CB40FB
2019-06-13 14:24:16,356 INFO  impl.RaftServerImpl (RaftServerImpl.java:setRole(164)) - 2ab1b528-c73e-4ed1-8ace-b7a2393066c1:group-9E49E5CB40FB changes role from null to FOLLOWER at term 0 for startAsFollower
2019-06-13 14:24:16,356 INFO  impl.RoleInfo (RoleInfo.java:updateAndGet(143)) - 2ab1b528-c73e-4ed1-8ace-b7a2393066c1: start FollowerState
2019-06-13 14:24:16,356 INFO  util.JmxRegister (JmxRegister.java:tryRegister(44)) - Successfully registered JMX Bean with object name Ratis:service=RaftServer,group=group-9E49E5CB40FB,id=2ab1b528-c73e-4ed1-8ace-b7a2393066c1
2019-06-13 14:24:16,356 INFO  storage.RaftStorage (RaftStorage.java:format(75)) - Storage directory /opt/src/hadoop-ozone/integration-test/target/test-dir/MiniOzoneClusterImpl-f2c45e4f-9221-4e81-8651-c91eb14de7a2/datanode-0/data/ratis/1fb6e0a0-596c-4a5d-a311-9e49e5cb40fb has been successfully formatted.
2019-06-13 14:24:16,356 INFO  ratis.ContainerStateMachine (ContainerStateMachine.java:loadSnapshot(199)) - The snapshot info is null.Setting the last applied index to:(t:0, i:~)
2019-06-13 14:24:16,357 INFO  server.RaftServerConfigKeys (ConfUtils.java:logGet(43)) - raft.server.leader.election.timeout = 10s (custom)
2019-06-13 14:24:16,357 INFO  server.RaftServerConfigKeys (ConfUtils.java:logGet(43)) - raft.server.log.use.memory = false (default)
2019-06-13 14:24:16,357 INFO  server.RaftServerConfigKeys (ConfUtils.java:logGet(43)) - raft.server.log.appender.buffer.byte-limit = 33554432 (custom)
2019-06-13 14:24:16,357 INFO  server.RaftServerConfigKeys (ConfUtils.java:logGet(43)) - raft.server.log.segment.size.max = 16384 (custom)
2019-06-13 14:24:16,357 INFO  server.RaftServerConfigKeys (ConfUtils.java:logGet(43)) - raft.server.log.segment.cache.num.max = 2 (custom)
2019-06-13 14:24:16,357 INFO  storage.RaftLogWorker (RaftLogWorker.java:<init>(123)) - new 28e8b96a-b3ef-4bb2-8be6-4c7c70649dfe-RaftLogWorker for Storage Directory /opt/src/hadoop-ozone/integration-test/target/test-dir/MiniOzoneClusterImpl-f2c45e4f-9221-4e81-8651-c91eb14de7a2/datanode-0/data/ratis/1fb6e0a0-596c-4a5d-a311-9e49e5cb40fb
2019-06-13 14:24:16,357 INFO  server.RaftServerConfigKeys (ConfUtils.java:logGet(43)) - raft.server.log.queue.byte-limit = 2147483647 (custom)
2019-06-13 14:24:16,357 INFO  server.RaftServerConfigKeys (ConfUtils.java:logGet(43)) - raft.server.log.queue.element-limit = 1024 (custom)
2019-06-13 14:24:16,357 INFO  server.RaftServerConfigKeys (ConfUtils.java:logGet(43)) - raft.server.log.segment.size.max = 16384 (custom)
2019-06-13 14:24:16,357 INFO  server.RaftServerConfigKeys (ConfUtils.java:logGet(43)) - raft.server.log.preallocated.size = 16384 (custom)
2019-06-13 14:24:16,357 INFO  server.RaftServerConfigKeys (ConfUtils.java:logGet(43)) - raft.server.log.write.buffer.size = 33554432 (custom)
2019-06-13 14:24:16,358 INFO  server.RaftServerConfigKeys (ConfUtils.java:logGet(43)) - raft.server.log.force.sync.num = 128 (default)
2019-06-13 14:24:16,358 INFO  server.RaftServerConfigKeys (ConfUtils.java:logGet(43)) - raft.server.log.statemachine.data.sync = true (default)
2019-06-13 14:24:16,358 INFO  storage.RaftStorage (RaftStorage.java:format(75)) - Storage directory /opt/src/hadoop-ozone/integration-test/target/test-dir/MiniOzoneClusterImpl-f2c45e4f-9221-4e81-8651-c91eb14de7a2/datanode-4/data/ratis/1fb6e0a0-596c-4a5d-a311-9e49e5cb40fb has been successfully formatted.
2019-06-13 14:24:16,358 INFO  server.RaftServerConfigKeys (ConfUtils.java:logGet(43)) - raft.server.log.statemachine.data.sync.timeout = 10s (default)
2019-06-13 14:24:16,358 INFO  ratis.ContainerStateMachine (ContainerStateMachine.java:loadSnapshot(199)) - The snapshot info is null.Setting the last applied index to:(t:0, i:~)
2019-06-13 14:24:16,358 INFO  server.RaftServerConfigKeys (ConfUtils.java:logGet(43)) - raft.server.log.statemachine.data.sync.timeout.retry = -1 (default)
2019-06-13 14:24:16,358 INFO  server.RaftServerConfigKeys (ConfUtils.java:logGet(43)) - raft.server.leader.election.timeout = 10s (custom)
2019-06-13 14:24:16,358 INFO  server.RaftServerConfigKeys (ConfUtils.java:logGet(43)) - raft.server.log.statemachine.data.caching.enabled = true (custom)
2019-06-13 14:24:16,358 INFO  server.RaftServerConfigKeys (ConfUtils.java:logGet(43)) - raft.server.log.use.memory = false (default)
2019-06-13 14:24:16,358 INFO  server.RaftServerConfigKeys (ConfUtils.java:logGet(43)) - raft.server.log.appender.buffer.byte-limit = 33554432 (custom)
2019-06-13 14:24:16,359 INFO  server.RaftServerConfigKeys (ConfUtils.java:logGet(43)) - raft.server.snapshot.auto.trigger.enabled = true (custom)
2019-06-13 14:24:16,359 INFO  server.RaftServerConfigKeys (ConfUtils.java:logGet(43)) - raft.server.log.segment.size.max = 16384 (custom)
2019-06-13 14:24:16,359 INFO  server.RaftServerConfigKeys (ConfUtils.java:logGet(43)) - raft.server.snapshot.auto.trigger.threshold = 10000 (custom)
2019-06-13 14:24:16,360 INFO  server.RaftServerConfigKeys (ConfUtils.java:logGet(43)) - raft.server.log.segment.cache.num.max = 2 (custom)
2019-06-13 14:24:16,360 INFO  server.RaftServerConfigKeys (ConfUtils.java:logGet(43)) - raft.server.retrycache.expirytime = 600000ms (custom)
2019-06-13 14:24:16,361 INFO  impl.RaftServerImpl (RaftServerImpl.java:start(173)) - 28e8b96a-b3ef-4bb2-8be6-4c7c70649dfe: start group-9E49E5CB40FB
2019-06-13 14:24:16,361 INFO  impl.RaftServerImpl (RaftServerImpl.java:setRole(164)) - 28e8b96a-b3ef-4bb2-8be6-4c7c70649dfe:group-9E49E5CB40FB changes role from null to FOLLOWER at term 0 for startAsFollower
2019-06-13 14:24:16,360 INFO  storage.RaftLogWorker (RaftLogWorker.java:<init>(123)) - new 4074ff25-cac0-4156-8373-7355f9adbcd0-RaftLogWorker for Storage Directory /opt/src/hadoop-ozone/integration-test/target/test-dir/MiniOzoneClusterImpl-f2c45e4f-9221-4e81-8651-c91eb14de7a2/datanode-4/data/ratis/1fb6e0a0-596c-4a5d-a311-9e49e5cb40fb
2019-06-13 14:24:16,362 INFO  server.RaftServerConfigKeys (ConfUtils.java:logGet(43)) - raft.server.log.queue.byte-limit = 2147483647 (custom)
2019-06-13 14:24:16,362 INFO  server.RaftServerConfigKeys (ConfUtils.java:logGet(43)) - raft.server.log.queue.element-limit = 1024 (custom)
2019-06-13 14:24:16,362 INFO  server.RaftServerConfigKeys (ConfUtils.java:logGet(43)) - raft.server.log.segment.size.max = 16384 (custom)
2019-06-13 14:24:16,362 INFO  server.RaftServerConfigKeys (ConfUtils.java:logGet(43)) - raft.server.log.preallocated.size = 16384 (custom)
2019-06-13 14:24:16,362 INFO  server.RaftServerConfigKeys (ConfUtils.java:logGet(43)) - raft.server.log.write.buffer.size = 33554432 (custom)
2019-06-13 14:24:16,362 INFO  server.RaftServerConfigKeys (ConfUtils.java:logGet(43)) - raft.server.log.force.sync.num = 128 (default)
2019-06-13 14:24:16,362 INFO  server.RaftServerConfigKeys (ConfUtils.java:logGet(43)) - raft.server.log.statemachine.data.sync = true (default)
2019-06-13 14:24:16,362 INFO  server.RaftServerConfigKeys (ConfUtils.java:logGet(43)) - raft.server.log.statemachine.data.sync.timeout = 10s (default)
2019-06-13 14:24:16,362 INFO  server.RaftServerConfigKeys (ConfUtils.java:logGet(43)) - raft.server.log.statemachine.data.sync.timeout.retry = -1 (default)
2019-06-13 14:24:16,363 INFO  server.RaftServerConfigKeys (ConfUtils.java:logGet(43)) - raft.server.log.statemachine.data.caching.enabled = true (custom)
2019-06-13 14:24:16,362 INFO  impl.RoleInfo (RoleInfo.java:updateAndGet(143)) - 28e8b96a-b3ef-4bb2-8be6-4c7c70649dfe: start FollowerState
2019-06-13 14:24:16,363 INFO  server.RaftServerConfigKeys (ConfUtils.java:logGet(43)) - raft.server.snapshot.auto.trigger.enabled = true (custom)
2019-06-13 14:24:16,363 INFO  server.RaftServerConfigKeys (ConfUtils.java:logGet(43)) - raft.server.snapshot.auto.trigger.threshold = 10000 (custom)
2019-06-13 14:24:16,367 INFO  util.JmxRegister (JmxRegister.java:tryRegister(44)) - Successfully registered JMX Bean with object name Ratis:service=RaftServer,group=group-9E49E5CB40FB,id=28e8b96a-b3ef-4bb2-8be6-4c7c70649dfe
2019-06-13 14:24:16,370 INFO  server.RaftServerConfigKeys (ConfUtils.java:logGet(43)) - raft.server.retrycache.expirytime = 600000ms (custom)
2019-06-13 14:24:16,370 INFO  impl.RaftServerImpl (RaftServerImpl.java:start(173)) - 4074ff25-cac0-4156-8373-7355f9adbcd0: start group-9E49E5CB40FB
2019-06-13 14:24:16,370 INFO  impl.RaftServerImpl (RaftServerImpl.java:setRole(164)) - 4074ff25-cac0-4156-8373-7355f9adbcd0:group-9E49E5CB40FB changes role from null to FOLLOWER at term 0 for startAsFollower
2019-06-13 14:24:16,370 INFO  impl.RoleInfo (RoleInfo.java:updateAndGet(143)) - 4074ff25-cac0-4156-8373-7355f9adbcd0: start FollowerState
2019-06-13 14:24:16,371 INFO  util.JmxRegister (JmxRegister.java:tryRegister(44)) - Successfully registered JMX Bean with object name Ratis:service=RaftServer,group=group-9E49E5CB40FB,id=4074ff25-cac0-4156-8373-7355f9adbcd0
2019-06-13 14:24:16,382 INFO  pipeline.PipelineStateManager (PipelineStateManager.java:addPipeline(56)) - Created pipeline Pipeline[ Id: 1fb6e0a0-596c-4a5d-a311-9e49e5cb40fb, Nodes: 2ab1b528-c73e-4ed1-8ace-b7a2393066c1{ip: 192.168.134.104, host: ozone-dd8dj-3451703863, networkLocation: /default-rack, certSerialId: null}4074ff25-cac0-4156-8373-7355f9adbcd0{ip: 192.168.134.104, host: ozone-dd8dj-3451703863, networkLocation: /default-rack, certSerialId: null}28e8b96a-b3ef-4bb2-8be6-4c7c70649dfe{ip: 192.168.134.104, host: ozone-dd8dj-3451703863, networkLocation: /default-rack, certSerialId: null}, Type:RATIS, Factor:THREE, State:OPEN]
2019-06-13 14:24:16,830 INFO  impl.FollowerState (FollowerState.java:run(101)) - 28e8b96a-b3ef-4bb2-8be6-4c7c70649dfe:group-190361C4821E changes to CANDIDATE, lastRpcTime:1032, electionTimeout:1032ms
2019-06-13 14:24:16,830 INFO  impl.RoleInfo (RoleInfo.java:shutdownFollowerState(121)) - 28e8b96a-b3ef-4bb2-8be6-4c7c70649dfe: shutdown FollowerState
2019-06-13 14:24:16,830 INFO  impl.RaftServerImpl (RaftServerImpl.java:setRole(164)) - 28e8b96a-b3ef-4bb2-8be6-4c7c70649dfe:group-190361C4821E changes role from FOLLOWER to CANDIDATE at term 0 for changeToCandidate
2019-06-13 14:24:16,832 INFO  impl.RoleInfo (RoleInfo.java:updateAndGet(143)) - 28e8b96a-b3ef-4bb2-8be6-4c7c70649dfe: start LeaderElection
2019-06-13 14:24:16,838 INFO  impl.LeaderElection (LeaderElection.java:askForVotes(181)) - 28e8b96a-b3ef-4bb2-8be6-4c7c70649dfe:group-190361C4821E:LeaderElection1: begin an election at term 1 for -1: [28e8b96a-b3ef-4bb2-8be6-4c7c70649dfe:192.168.134.104:37705], old=null
2019-06-13 14:24:16,840 INFO  impl.RoleInfo (RoleInfo.java:shutdownLeaderElection(134)) - 28e8b96a-b3ef-4bb2-8be6-4c7c70649dfe: shutdown LeaderElection
2019-06-13 14:24:16,840 INFO  impl.RaftServerImpl (RaftServerImpl.java:setRole(164)) - 28e8b96a-b3ef-4bb2-8be6-4c7c70649dfe:group-190361C4821E changes role from CANDIDATE to LEADER at term 1 for changeToLeader
2019-06-13 14:24:16,840 INFO  impl.RaftServerImpl (ServerState.java:setLeader(263)) - 28e8b96a-b3ef-4bb2-8be6-4c7c70649dfe:group-190361C4821E change Leader from null to 28e8b96a-b3ef-4bb2-8be6-4c7c70649dfe at term 1 for becomeLeader, leader elected after 1205ms
2019-06-13 14:24:16,844 INFO  server.RaftServerConfigKeys (ConfUtils.java:logGet(43)) - raft.server.staging.catchup.gap = 1000 (default)
2019-06-13 14:24:16,844 INFO  server.RaftServerConfigKeys (ConfUtils.java:logGet(43)) - raft.server.rpc.sleep.time = 25ms (default)
2019-06-13 14:24:16,846 INFO  server.RaftServerConfigKeys (ConfUtils.java:logGet(43)) - raft.server.watch.timeout = 10s (default)
2019-06-13 14:24:16,846 INFO  server.RaftServerConfigKeys (ConfUtils.java:logGet(43)) - raft.server.watch.timeout.denomination = 1s (default)
2019-06-13 14:24:16,851 INFO  impl.RoleInfo (RoleInfo.java:updateAndGet(143)) - 28e8b96a-b3ef-4bb2-8be6-4c7c70649dfe: start LeaderState
2019-06-13 14:24:16,869 INFO  storage.RaftLogWorker (RaftLogWorker.java:startLogSegment(298)) - 28e8b96a-b3ef-4bb2-8be6-4c7c70649dfe-RaftLogWorker: Starting segment from index:0
2019-06-13 14:24:16,877 INFO  impl.RaftServerImpl (ServerState.java:setRaftConf(361)) - 28e8b96a-b3ef-4bb2-8be6-4c7c70649dfe:group-190361C4821E set configuration 0: [28e8b96a-b3ef-4bb2-8be6-4c7c70649dfe:192.168.134.104:37705], old=null at 0
2019-06-13 14:24:16,937 INFO  impl.FollowerState (FollowerState.java:run(101)) - 18ad8fc0-3ac4-4894-abab-2cbe8ac0bd06:group-73B3335B9E85 changes to CANDIDATE, lastRpcTime:1017, electionTimeout:1017ms
2019-06-13 14:24:16,938 INFO  impl.RoleInfo (RoleInfo.java:shutdownFollowerState(121)) - 18ad8fc0-3ac4-4894-abab-2cbe8ac0bd06: shutdown FollowerState
2019-06-13 14:24:16,938 INFO  impl.RaftServerImpl (RaftServerImpl.java:setRole(164)) - 18ad8fc0-3ac4-4894-abab-2cbe8ac0bd06:group-73B3335B9E85 changes role from FOLLOWER to CANDIDATE at term 0 for changeToCandidate
2019-06-13 14:24:16,939 INFO  impl.RoleInfo (RoleInfo.java:updateAndGet(143)) - 18ad8fc0-3ac4-4894-abab-2cbe8ac0bd06: start LeaderElection
2019-06-13 14:24:16,944 INFO  impl.LeaderElection (LeaderElection.java:askForVotes(181)) - 18ad8fc0-3ac4-4894-abab-2cbe8ac0bd06:group-73B3335B9E85:LeaderElection2: begin an election at term 1 for -1: [18ad8fc0-3ac4-4894-abab-2cbe8ac0bd06:192.168.134.104:40887], old=null
2019-06-13 14:24:16,945 INFO  impl.RoleInfo (RoleInfo.java:shutdownLeaderElection(134)) - 18ad8fc0-3ac4-4894-abab-2cbe8ac0bd06: shutdown LeaderElection
2019-06-13 14:24:16,945 INFO  impl.RaftServerImpl (RaftServerImpl.java:setRole(164)) - 18ad8fc0-3ac4-4894-abab-2cbe8ac0bd06:group-73B3335B9E85 changes role from CANDIDATE to LEADER at term 1 for changeToLeader
2019-06-13 14:24:16,945 INFO  impl.RaftServerImpl (ServerState.java:setLeader(263)) - 18ad8fc0-3ac4-4894-abab-2cbe8ac0bd06:group-73B3335B9E85 change Leader from null to 18ad8fc0-3ac4-4894-abab-2cbe8ac0bd06 at term 1 for becomeLeader, leader elected after 1027ms
2019-06-13 14:24:16,945 INFO  server.RaftServerConfigKeys (ConfUtils.java:logGet(43)) - raft.server.staging.catchup.gap = 1000 (default)
2019-06-13 14:24:16,946 INFO  server.RaftServerConfigKeys (ConfUtils.java:logGet(43)) - raft.server.rpc.sleep.time = 25ms (default)
2019-06-13 14:24:16,946 INFO  server.RaftServerConfigKeys (ConfUtils.java:logGet(43)) - raft.server.watch.timeout = 10s (default)
2019-06-13 14:24:16,946 INFO  server.RaftServerConfigKeys (ConfUtils.java:logGet(43)) - raft.server.watch.timeout.denomination = 1s (default)
2019-06-13 14:24:16,946 INFO  impl.RoleInfo (RoleInfo.java:updateAndGet(143)) - 18ad8fc0-3ac4-4894-abab-2cbe8ac0bd06: start LeaderState
2019-06-13 14:24:16,946 INFO  storage.RaftLogWorker (RaftLogWorker.java:startLogSegment(298)) - 18ad8fc0-3ac4-4894-abab-2cbe8ac0bd06-RaftLogWorker: Starting segment from index:0
2019-06-13 14:24:16,947 INFO  impl.RaftServerImpl (ServerState.java:setRaftConf(361)) - 18ad8fc0-3ac4-4894-abab-2cbe8ac0bd06:group-73B3335B9E85 set configuration 0: [18ad8fc0-3ac4-4894-abab-2cbe8ac0bd06:192.168.134.104:40887], old=null at 0
2019-06-13 14:24:16,960 INFO  impl.FollowerState (FollowerState.java:run(101)) - 032e4ee5-7208-46db-8360-1e5f7c3c506d:group-9C31DAA0E904 changes to CANDIDATE, lastRpcTime:1101, electionTimeout:1100ms
2019-06-13 14:24:16,961 INFO  impl.RoleInfo (RoleInfo.java:shutdownFollowerState(121)) - 032e4ee5-7208-46db-8360-1e5f7c3c506d: shutdown FollowerState
2019-06-13 14:24:16,961 INFO  impl.RaftServerImpl (RaftServerImpl.java:setRole(164)) - 032e4ee5-7208-46db-8360-1e5f7c3c506d:group-9C31DAA0E904 changes role from FOLLOWER to CANDIDATE at term 0 for changeToCandidate
2019-06-13 14:24:16,961 INFO  impl.RoleInfo (RoleInfo.java:updateAndGet(143)) - 032e4ee5-7208-46db-8360-1e5f7c3c506d: start LeaderElection
2019-06-13 14:24:16,970 INFO  impl.LeaderElection (LeaderElection.java:askForVotes(181)) - 032e4ee5-7208-46db-8360-1e5f7c3c506d:group-9C31DAA0E904:LeaderElection3: begin an election at term 1 for -1: [032e4ee5-7208-46db-8360-1e5f7c3c506d:192.168.134.104:36611], old=null
2019-06-13 14:24:16,970 INFO  impl.RoleInfo (RoleInfo.java:shutdownLeaderElection(134)) - 032e4ee5-7208-46db-8360-1e5f7c3c506d: shutdown LeaderElection
2019-06-13 14:24:16,971 INFO  impl.RaftServerImpl (RaftServerImpl.java:setRole(164)) - 032e4ee5-7208-46db-8360-1e5f7c3c506d:group-9C31DAA0E904 changes role from CANDIDATE to LEADER at term 1 for changeToLeader
2019-06-13 14:24:16,971 INFO  impl.RaftServerImpl (ServerState.java:setLeader(263)) - 032e4ee5-7208-46db-8360-1e5f7c3c506d:group-9C31DAA0E904 change Leader from null to 032e4ee5-7208-46db-8360-1e5f7c3c506d at term 1 for becomeLeader, leader elected after 1114ms
2019-06-13 14:24:16,971 INFO  server.RaftServerConfigKeys (ConfUtils.java:logGet(43)) - raft.server.staging.catchup.gap = 1000 (default)
2019-06-13 14:24:16,971 INFO  server.RaftServerConfigKeys (ConfUtils.java:logGet(43)) - raft.server.rpc.sleep.time = 25ms (default)
2019-06-13 14:24:16,971 INFO  server.RaftServerConfigKeys (ConfUtils.java:logGet(43)) - raft.server.watch.timeout = 10s (default)
2019-06-13 14:24:16,971 INFO  server.RaftServerConfigKeys (ConfUtils.java:logGet(43)) - raft.server.watch.timeout.denomination = 1s (default)
2019-06-13 14:24:16,971 INFO  impl.RoleInfo (RoleInfo.java:updateAndGet(143)) - 032e4ee5-7208-46db-8360-1e5f7c3c506d: start LeaderState
2019-06-13 14:24:16,971 INFO  storage.RaftLogWorker (RaftLogWorker.java:startLogSegment(298)) - 032e4ee5-7208-46db-8360-1e5f7c3c506d-RaftLogWorker: Starting segment from index:0
2019-06-13 14:24:16,972 INFO  impl.RaftServerImpl (ServerState.java:setRaftConf(361)) - 032e4ee5-7208-46db-8360-1e5f7c3c506d:group-9C31DAA0E904 set configuration 0: [032e4ee5-7208-46db-8360-1e5f7c3c506d:192.168.134.104:36611], old=null at 0
2019-06-13 14:24:17,006 INFO  impl.FollowerState (FollowerState.java:run(101)) - ea6ee9d2-49a0-415f-899b-9c810900fd53:group-898FC49628F6 changes to CANDIDATE, lastRpcTime:1007, electionTimeout:1007ms
2019-06-13 14:24:17,007 INFO  impl.RoleInfo (RoleInfo.java:shutdownFollowerState(121)) - ea6ee9d2-49a0-415f-899b-9c810900fd53: shutdown FollowerState
2019-06-13 14:24:17,007 INFO  impl.RaftServerImpl (RaftServerImpl.java:setRole(164)) - ea6ee9d2-49a0-415f-899b-9c810900fd53:group-898FC49628F6 changes role from FOLLOWER to CANDIDATE at term 0 for changeToCandidate
2019-06-13 14:24:17,007 INFO  impl.RoleInfo (RoleInfo.java:updateAndGet(143)) - ea6ee9d2-49a0-415f-899b-9c810900fd53: start LeaderElection
2019-06-13 14:24:17,047 INFO  impl.LeaderElection (LeaderElection.java:askForVotes(181)) - ea6ee9d2-49a0-415f-899b-9c810900fd53:group-898FC49628F6:LeaderElection4: begin an election at term 1 for -1: [18ad8fc0-3ac4-4894-abab-2cbe8ac0bd06:192.168.134.104:40887, 032e4ee5-7208-46db-8360-1e5f7c3c506d:192.168.134.104:36611, ea6ee9d2-49a0-415f-899b-9c810900fd53:192.168.134.104:41523], old=null
2019-06-13 14:24:17,049 INFO  storage.RaftLogWorker (RaftLogWorker.java:execute(469)) - 18ad8fc0-3ac4-4894-abab-2cbe8ac0bd06-RaftLogWorker: created new log segment /opt/src/hadoop-ozone/integration-test/target/test-dir/MiniOzoneClusterImpl-f2c45e4f-9221-4e81-8651-c91eb14de7a2/datanode-2/data/ratis/1d4d7d70-a46f-4a3b-bb77-73b3335b9e85/current/log_inprogress_0
2019-06-13 14:24:17,057 INFO  storage.RaftLogWorker (RaftLogWorker.java:execute(469)) - 28e8b96a-b3ef-4bb2-8be6-4c7c70649dfe-RaftLogWorker: created new log segment /opt/src/hadoop-ozone/integration-test/target/test-dir/MiniOzoneClusterImpl-f2c45e4f-9221-4e81-8651-c91eb14de7a2/datanode-0/data/ratis/874afee6-f988-451f-b3b3-190361c4821e/current/log_inprogress_0
2019-06-13 14:24:17,057 INFO  storage.RaftLogWorker (RaftLogWorker.java:execute(469)) - 032e4ee5-7208-46db-8360-1e5f7c3c506d-RaftLogWorker: created new log segment /opt/src/hadoop-ozone/integration-test/target/test-dir/MiniOzoneClusterImpl-f2c45e4f-9221-4e81-8651-c91eb14de7a2/datanode-1/data/ratis/6df1ff00-64c0-4eba-8c2d-9c31daa0e904/current/log_inprogress_0
2019-06-13 14:24:17,081 INFO  impl.RaftServerImpl (RaftServerImpl.java:setRole(164)) - 032e4ee5-7208-46db-8360-1e5f7c3c506d:group-898FC49628F6 changes role from FOLLOWER to FOLLOWER at term 1 for recognizeCandidate:ea6ee9d2-49a0-415f-899b-9c810900fd53
2019-06-13 14:24:17,081 INFO  impl.RoleInfo (RoleInfo.java:shutdownFollowerState(121)) - 032e4ee5-7208-46db-8360-1e5f7c3c506d: shutdown FollowerState
2019-06-13 14:24:17,082 INFO  impl.RoleInfo (RoleInfo.java:updateAndGet(143)) - 032e4ee5-7208-46db-8360-1e5f7c3c506d: start FollowerState
2019-06-13 14:24:17,082 INFO  impl.FollowerState (FollowerState.java:run(109)) - 032e4ee5-7208-46db-8360-1e5f7c3c506d: FollowerState was interrupted: java.lang.InterruptedException: sleep interrupted
2019-06-13 14:24:17,083 INFO  impl.FollowerState (FollowerState.java:run(101)) - ea6ee9d2-49a0-415f-899b-9c810900fd53:group-2B1855CD56BD changes to CANDIDATE, lastRpcTime:1134, electionTimeout:1133ms
2019-06-13 14:24:17,083 INFO  impl.RoleInfo (RoleInfo.java:shutdownFollowerState(121)) - ea6ee9d2-49a0-415f-899b-9c810900fd53: shutdown FollowerState
2019-06-13 14:24:17,083 INFO  impl.RaftServerImpl (RaftServerImpl.java:setRole(164)) - ea6ee9d2-49a0-415f-899b-9c810900fd53:group-2B1855CD56BD changes role from FOLLOWER to CANDIDATE at term 0 for changeToCandidate
2019-06-13 14:24:17,083 INFO  impl.RoleInfo (RoleInfo.java:updateAndGet(143)) - ea6ee9d2-49a0-415f-899b-9c810900fd53: start LeaderElection
2019-06-13 14:24:17,085 INFO  impl.RaftServerImpl (RaftServerImpl.java:setRole(164)) - 18ad8fc0-3ac4-4894-abab-2cbe8ac0bd06:group-898FC49628F6 changes role from FOLLOWER to FOLLOWER at term 1 for recognizeCandidate:ea6ee9d2-49a0-415f-899b-9c810900fd53
2019-06-13 14:24:17,085 INFO  impl.RoleInfo (RoleInfo.java:shutdownFollowerState(121)) - 18ad8fc0-3ac4-4894-abab-2cbe8ac0bd06: shutdown FollowerState
2019-06-13 14:24:17,085 INFO  impl.RoleInfo (RoleInfo.java:updateAndGet(143)) - 18ad8fc0-3ac4-4894-abab-2cbe8ac0bd06: start FollowerState
2019-06-13 14:24:17,085 INFO  impl.FollowerState (FollowerState.java:run(109)) - 18ad8fc0-3ac4-4894-abab-2cbe8ac0bd06: FollowerState was interrupted: java.lang.InterruptedException: sleep interrupted
2019-06-13 14:24:17,091 INFO  impl.LeaderElection (LeaderElection.java:askForVotes(181)) - ea6ee9d2-49a0-415f-899b-9c810900fd53:group-2B1855CD56BD:LeaderElection5: begin an election at term 1 for -1: [ea6ee9d2-49a0-415f-899b-9c810900fd53:192.168.134.104:41523], old=null
2019-06-13 14:24:17,092 INFO  impl.RoleInfo (RoleInfo.java:shutdownLeaderElection(134)) - ea6ee9d2-49a0-415f-899b-9c810900fd53: shutdown LeaderElection
2019-06-13 14:24:17,092 INFO  impl.RaftServerImpl (RaftServerImpl.java:setRole(164)) - ea6ee9d2-49a0-415f-899b-9c810900fd53:group-2B1855CD56BD changes role from CANDIDATE to LEADER at term 1 for changeToLeader
2019-06-13 14:24:17,092 INFO  impl.RaftServerImpl (ServerState.java:setLeader(263)) - ea6ee9d2-49a0-415f-899b-9c810900fd53:group-2B1855CD56BD change Leader from null to ea6ee9d2-49a0-415f-899b-9c810900fd53 at term 1 for becomeLeader, leader elected after 1145ms
2019-06-13 14:24:17,095 INFO  server.RaftServerConfigKeys (ConfUtils.java:logGet(43)) - raft.server.staging.catchup.gap = 1000 (default)
2019-06-13 14:24:17,095 INFO  server.RaftServerConfigKeys (ConfUtils.java:logGet(43)) - raft.server.rpc.sleep.time = 25ms (default)
2019-06-13 14:24:17,095 INFO  server.RaftServerConfigKeys (ConfUtils.java:logGet(43)) - raft.server.watch.timeout = 10s (default)
2019-06-13 14:24:17,095 INFO  server.RaftServerConfigKeys (ConfUtils.java:logGet(43)) - raft.server.watch.timeout.denomination = 1s (default)
2019-06-13 14:24:17,099 INFO  impl.RoleInfo (RoleInfo.java:updateAndGet(143)) - ea6ee9d2-49a0-415f-899b-9c810900fd53: start LeaderState
2019-06-13 14:24:17,099 INFO  storage.RaftLogWorker (RaftLogWorker.java:startLogSegment(298)) - ea6ee9d2-49a0-415f-899b-9c810900fd53-RaftLogWorker: Starting segment from index:0
2019-06-13 14:24:17,100 INFO  impl.LeaderElection (LeaderElection.java:logAndReturn(56)) - ea6ee9d2-49a0-415f-899b-9c810900fd53:group-898FC49628F6:LeaderElection4: Election PASSED; received 1 response(s) [ea6ee9d2-49a0-415f-899b-9c810900fd53->18ad8fc0-3ac4-4894-abab-2cbe8ac0bd06,true-t1] and 0 exception(s); ea6ee9d2-49a0-415f-899b-9c810900fd53:t1, leader=null, voted=ea6ee9d2-49a0-415f-899b-9c810900fd53, raftlog=ea6ee9d2-49a0-415f-899b-9c810900fd53-SegmentedRaftLog:OPENED:c-1,f-1,i0, conf=-1: [18ad8fc0-3ac4-4894-abab-2cbe8ac0bd06:192.168.134.104:40887, 032e4ee5-7208-46db-8360-1e5f7c3c506d:192.168.134.104:36611, ea6ee9d2-49a0-415f-899b-9c810900fd53:192.168.134.104:41523], old=null
2019-06-13 14:24:17,102 INFO  impl.RaftServerImpl (ServerState.java:setRaftConf(361)) - ea6ee9d2-49a0-415f-899b-9c810900fd53:group-2B1855CD56BD set configuration 0: [ea6ee9d2-49a0-415f-899b-9c810900fd53:192.168.134.104:41523], old=null at 0
2019-06-13 14:24:17,117 INFO  impl.RoleInfo (RoleInfo.java:shutdownLeaderElection(134)) - ea6ee9d2-49a0-415f-899b-9c810900fd53: shutdown LeaderElection
2019-06-13 14:24:17,135 INFO  impl.RaftServerImpl (RaftServerImpl.java:setRole(164)) - ea6ee9d2-49a0-415f-899b-9c810900fd53:group-898FC49628F6 changes role from CANDIDATE to LEADER at term 1 for changeToLeader
2019-06-13 14:24:17,135 INFO  impl.RaftServerImpl (ServerState.java:setLeader(263)) - ea6ee9d2-49a0-415f-899b-9c810900fd53:group-898FC49628F6 change Leader from null to ea6ee9d2-49a0-415f-899b-9c810900fd53 at term 1 for becomeLeader, leader elected after 1139ms
2019-06-13 14:24:17,135 INFO  server.RaftServerConfigKeys (ConfUtils.java:logGet(43)) - raft.server.staging.catchup.gap = 1000 (default)
2019-06-13 14:24:17,135 INFO  server.RaftServerConfigKeys (ConfUtils.java:logGet(43)) - raft.server.rpc.sleep.time = 25ms (default)
2019-06-13 14:24:17,136 INFO  server.RaftServerConfigKeys (ConfUtils.java:logGet(43)) - raft.server.watch.timeout = 10s (default)
2019-06-13 14:24:17,136 INFO  server.RaftServerConfigKeys (ConfUtils.java:logGet(43)) - raft.server.watch.timeout.denomination = 1s (default)
2019-06-13 14:24:17,141 INFO  storage.RaftLogWorker (RaftLogWorker.java:execute(469)) - ea6ee9d2-49a0-415f-899b-9c810900fd53-RaftLogWorker: created new log segment /opt/src/hadoop-ozone/integration-test/target/test-dir/MiniOzoneClusterImpl-f2c45e4f-9221-4e81-8651-c91eb14de7a2/datanode-3/data/ratis/5b4f81fd-1a78-4cc7-9619-2b1855cd56bd/current/log_inprogress_0
2019-06-13 14:24:17,142 INFO  server.RaftServerConfigKeys (ConfUtils.java:logGet(43)) - raft.server.log.appender.snapshot.chunk.size.max = 16MB (=16777216) (default)
2019-06-13 14:24:17,142 INFO  server.RaftServerConfigKeys (ConfUtils.java:logGet(43)) - raft.server.log.appender.buffer.byte-limit = 33554432 (custom)
2019-06-13 14:24:17,143 INFO  server.RaftServerConfigKeys (ConfUtils.java:logGet(43)) - raft.server.log.appender.buffer.element-limit = 1 (custom)
2019-06-13 14:24:17,147 INFO  grpc.GrpcConfigKeys$Server (ConfUtils.java:logGet(43)) - raft.grpc.server.leader.outstanding.appends.max = 128 (default)
2019-06-13 14:24:17,148 INFO  server.RaftServerConfigKeys (ConfUtils.java:logGet(43)) - raft.server.rpc.request.timeout = 3000ms (default)
2019-06-13 14:24:17,148 INFO  server.RaftServerConfigKeys (ConfUtils.java:logGet(43)) - raft.server.log.appender.install.snapshot.enabled = true (default)
2019-06-13 14:24:17,148 INFO  server.RaftServerConfigKeys (ConfUtils.java:logGet(43)) - raft.server.log.appender.snapshot.chunk.size.max = 16MB (=16777216) (default)
2019-06-13 14:24:17,148 INFO  server.RaftServerConfigKeys (ConfUtils.java:logGet(43)) - raft.server.log.appender.buffer.byte-limit = 33554432 (custom)
2019-06-13 14:24:17,148 INFO  server.RaftServerConfigKeys (ConfUtils.java:logGet(43)) - raft.server.log.appender.buffer.element-limit = 1 (custom)
2019-06-13 14:24:17,148 INFO  grpc.GrpcConfigKeys$Server (ConfUtils.java:logGet(43)) - raft.grpc.server.leader.outstanding.appends.max = 128 (default)
2019-06-13 14:24:17,148 INFO  server.RaftServerConfigKeys (ConfUtils.java:logGet(43)) - raft.server.rpc.request.timeout = 3000ms (default)
2019-06-13 14:24:17,148 INFO  server.RaftServerConfigKeys (ConfUtils.java:logGet(43)) - raft.server.log.appender.install.snapshot.enabled = true (default)
2019-06-13 14:24:17,149 INFO  impl.RoleInfo (RoleInfo.java:updateAndGet(143)) - ea6ee9d2-49a0-415f-899b-9c810900fd53: start LeaderState
2019-06-13 14:24:17,149 INFO  storage.RaftLogWorker (RaftLogWorker.java:startLogSegment(298)) - ea6ee9d2-49a0-415f-899b-9c810900fd53-RaftLogWorker: Starting segment from index:0
2019-06-13 14:24:17,150 INFO  impl.RaftServerImpl (ServerState.java:setRaftConf(361)) - ea6ee9d2-49a0-415f-899b-9c810900fd53:group-898FC49628F6 set configuration 0: [18ad8fc0-3ac4-4894-abab-2cbe8ac0bd06:192.168.134.104:40887, 032e4ee5-7208-46db-8360-1e5f7c3c506d:192.168.134.104:36611, ea6ee9d2-49a0-415f-899b-9c810900fd53:192.168.134.104:41523], old=null at 0
2019-06-13 14:24:17,190 INFO  impl.RaftServerImpl (ServerState.java:setLeader(263)) - 032e4ee5-7208-46db-8360-1e5f7c3c506d:group-898FC49628F6 change Leader from null to ea6ee9d2-49a0-415f-899b-9c810900fd53 at term 1 for appendEntries, leader elected after 1193ms
2019-06-13 14:24:17,192 INFO  impl.RaftServerImpl (ServerState.java:setLeader(263)) - 18ad8fc0-3ac4-4894-abab-2cbe8ac0bd06:group-898FC49628F6 change Leader from null to ea6ee9d2-49a0-415f-899b-9c810900fd53 at term 1 for appendEntries, leader elected after 1194ms
2019-06-13 14:24:17,193 INFO  storage.RaftLogWorker (RaftLogWorker.java:execute(469)) - ea6ee9d2-49a0-415f-899b-9c810900fd53-RaftLogWorker: created new log segment /opt/src/hadoop-ozone/integration-test/target/test-dir/MiniOzoneClusterImpl-f2c45e4f-9221-4e81-8651-c91eb14de7a2/datanode-3/data/ratis/0065c78b-9405-49ef-afeb-898fc49628f6/current/log_inprogress_0
2019-06-13 14:24:17,211 INFO  impl.RaftServerImpl (ServerState.java:setRaftConf(361)) - 032e4ee5-7208-46db-8360-1e5f7c3c506d:group-898FC49628F6 set configuration 0: [18ad8fc0-3ac4-4894-abab-2cbe8ac0bd06:192.168.134.104:40887, 032e4ee5-7208-46db-8360-1e5f7c3c506d:192.168.134.104:36611, ea6ee9d2-49a0-415f-899b-9c810900fd53:192.168.134.104:41523], old=null at 0
2019-06-13 14:24:17,211 INFO  impl.RaftServerImpl (ServerState.java:setRaftConf(361)) - 18ad8fc0-3ac4-4894-abab-2cbe8ac0bd06:group-898FC49628F6 set configuration 0: [18ad8fc0-3ac4-4894-abab-2cbe8ac0bd06:192.168.134.104:40887, 032e4ee5-7208-46db-8360-1e5f7c3c506d:192.168.134.104:36611, ea6ee9d2-49a0-415f-899b-9c810900fd53:192.168.134.104:41523], old=null at 0
2019-06-13 14:24:17,211 INFO  storage.RaftLogWorker (RaftLogWorker.java:startLogSegment(298)) - 18ad8fc0-3ac4-4894-abab-2cbe8ac0bd06-RaftLogWorker: Starting segment from index:0
2019-06-13 14:24:17,211 INFO  storage.RaftLogWorker (RaftLogWorker.java:startLogSegment(298)) - 032e4ee5-7208-46db-8360-1e5f7c3c506d-RaftLogWorker: Starting segment from index:0
2019-06-13 14:24:17,247 INFO  storage.RaftLogWorker (RaftLogWorker.java:execute(469)) - 18ad8fc0-3ac4-4894-abab-2cbe8ac0bd06-RaftLogWorker: created new log segment /opt/src/hadoop-ozone/integration-test/target/test-dir/MiniOzoneClusterImpl-f2c45e4f-9221-4e81-8651-c91eb14de7a2/datanode-2/data/ratis/0065c78b-9405-49ef-afeb-898fc49628f6/current/log_inprogress_0
2019-06-13 14:24:17,252 INFO  storage.RaftLogWorker (RaftLogWorker.java:execute(469)) - 032e4ee5-7208-46db-8360-1e5f7c3c506d-RaftLogWorker: created new log segment /opt/src/hadoop-ozone/integration-test/target/test-dir/MiniOzoneClusterImpl-f2c45e4f-9221-4e81-8651-c91eb14de7a2/datanode-1/data/ratis/0065c78b-9405-49ef-afeb-898fc49628f6/current/log_inprogress_0
2019-06-13 14:24:17,273 INFO  impl.FollowerState (FollowerState.java:run(101)) - 4074ff25-cac0-4156-8373-7355f9adbcd0:group-0837AFC21B44 changes to CANDIDATE, lastRpcTime:1171, electionTimeout:1171ms
2019-06-13 14:24:17,273 INFO  impl.RoleInfo (RoleInfo.java:shutdownFollowerState(121)) - 4074ff25-cac0-4156-8373-7355f9adbcd0: shutdown FollowerState
2019-06-13 14:24:17,273 INFO  impl.RaftServerImpl (RaftServerImpl.java:setRole(164)) - 4074ff25-cac0-4156-8373-7355f9adbcd0:group-0837AFC21B44 changes role from FOLLOWER to CANDIDATE at term 0 for changeToCandidate
2019-06-13 14:24:17,273 INFO  impl.RoleInfo (RoleInfo.java:updateAndGet(143)) - 4074ff25-cac0-4156-8373-7355f9adbcd0: start LeaderElection
2019-06-13 14:24:17,278 INFO  impl.LeaderElection (LeaderElection.java:askForVotes(181)) - 4074ff25-cac0-4156-8373-7355f9adbcd0:group-0837AFC21B44:LeaderElection6: begin an election at term 1 for -1: [4074ff25-cac0-4156-8373-7355f9adbcd0:192.168.134.104:39593], old=null
2019-06-13 14:24:17,278 INFO  impl.RoleInfo (RoleInfo.java:shutdownLeaderElection(134)) - 4074ff25-cac0-4156-8373-7355f9adbcd0: shutdown LeaderElection
2019-06-13 14:24:17,278 INFO  impl.RaftServerImpl (RaftServerImpl.java:setRole(164)) - 4074ff25-cac0-4156-8373-7355f9adbcd0:group-0837AFC21B44 changes role from CANDIDATE to LEADER at term 1 for changeToLeader
2019-06-13 14:24:17,278 INFO  impl.RaftServerImpl (ServerState.java:setLeader(263)) - 4074ff25-cac0-4156-8373-7355f9adbcd0:group-0837AFC21B44 change Leader from null to 4074ff25-cac0-4156-8373-7355f9adbcd0 at term 1 for becomeLeader, leader elected after 1179ms
2019-06-13 14:24:17,279 INFO  server.RaftServerConfigKeys (ConfUtils.java:logGet(43)) - raft.server.staging.catchup.gap = 1000 (default)
2019-06-13 14:24:17,279 INFO  server.RaftServerConfigKeys (ConfUtils.java:logGet(43)) - raft.server.rpc.sleep.time = 25ms (default)
2019-06-13 14:24:17,279 INFO  server.RaftServerConfigKeys (ConfUtils.java:logGet(43)) - raft.server.watch.timeout = 10s (default)
2019-06-13 14:24:17,279 INFO  server.RaftServerConfigKeys (ConfUtils.java:logGet(43)) - raft.server.watch.timeout.denomination = 1s (default)
2019-06-13 14:24:17,279 INFO  impl.RoleInfo (RoleInfo.java:updateAndGet(143)) - 4074ff25-cac0-4156-8373-7355f9adbcd0: start LeaderState
2019-06-13 14:24:17,280 INFO  storage.RaftLogWorker (RaftLogWorker.java:startLogSegment(298)) - 4074ff25-cac0-4156-8373-7355f9adbcd0-RaftLogWorker: Starting segment from index:0
2019-06-13 14:24:17,280 INFO  impl.RaftServerImpl (ServerState.java:setRaftConf(361)) - 4074ff25-cac0-4156-8373-7355f9adbcd0:group-0837AFC21B44 set configuration 0: [4074ff25-cac0-4156-8373-7355f9adbcd0:192.168.134.104:39593], old=null at 0
2019-06-13 14:24:17,299 INFO  ozone.MiniOzoneClusterImpl (MiniOzoneClusterImpl.java:lambda$waitForClusterToBeReady$0(142)) - Cluster is ready. Got 6 of 6 DN Heartbeats.
2019-06-13 14:24:17,316 INFO  storage.RaftLogWorker (RaftLogWorker.java:execute(469)) - 4074ff25-cac0-4156-8373-7355f9adbcd0-RaftLogWorker: created new log segment /opt/src/hadoop-ozone/integration-test/target/test-dir/MiniOzoneClusterImpl-f2c45e4f-9221-4e81-8651-c91eb14de7a2/datanode-4/data/ratis/8df5f79b-290d-4842-9c78-0837afc21b44/current/log_inprogress_0
]]></system-out>
    <system-err><![CDATA[ERROR StatusLogger No Log4j 2 configuration file found. Using default configuration (logging only errors to the console), or user programmatically provided configurations. Set system property 'log4j2.debug' to show Log4j 2 internal initialization logging. See https://logging.apache.org/log4j/2.x/manual/configuration.html for instructions on how to configure Log4j 2
Jun 13, 2019 2:24:10 PM com.sun.jersey.server.impl.application.WebApplicationImpl _initiate
INFO: Initiating Jersey application, version 'Jersey: 1.19 02/11/2015 03:25 AM'
Jun 13, 2019 2:24:11 PM com.sun.jersey.server.impl.application.WebApplicationImpl _initiate
INFO: Initiating Jersey application, version 'Jersey: 1.19 02/11/2015 03:25 AM'
Jun 13, 2019 2:24:11 PM com.sun.jersey.server.impl.application.WebApplicationImpl _initiate
INFO: Initiating Jersey application, version 'Jersey: 1.19 02/11/2015 03:25 AM'
Jun 13, 2019 2:24:11 PM com.sun.jersey.server.impl.application.WebApplicationImpl _initiate
INFO: Initiating Jersey application, version 'Jersey: 1.19 02/11/2015 03:25 AM'
Jun 13, 2019 2:24:11 PM com.sun.jersey.server.impl.application.WebApplicationImpl _initiate
INFO: Initiating Jersey application, version 'Jersey: 1.19 02/11/2015 03:25 AM'
Jun 13, 2019 2:24:12 PM com.sun.jersey.server.impl.application.WebApplicationImpl _initiate
INFO: Initiating Jersey application, version 'Jersey: 1.19 02/11/2015 03:25 AM'
]]></system-err>
  </testcase>
</testsuite>