<?xml version="1.0" encoding="UTF-8"?>
<testsuite xmlns:xsi="http://www.w3.org/2001/XMLSchema-instance" xsi:noNamespaceSchemaLocation="https://maven.apache.org/surefire/maven-surefire-plugin/xsd/surefire-test-report.xsd" name="org.apache.hadoop.hdds.scm.pipeline.TestNodeFailure" time="11.021" tests="1" errors="0" skipped="1" failures="0">
  <properties>
    <property name="awt.toolkit" value="sun.awt.X11.XToolkit"/>
    <property name="file.encoding.pkg" value="sun.io"/>
    <property name="java.specification.version" value="1.8"/>
    <property name="sun.cpu.isalist" value=""/>
    <property name="sun.jnu.encoding" value="UTF-8"/>
    <property name="java.class.path" value="/opt/src/hadoop-ozone/integration-test/target/test-classes:/opt/src/hadoop-ozone/integration-test/target/classes:/root/.m2/repository/org/apache/hadoop/hadoop-ozone-common/0.5.0-SNAPSHOT/hadoop-ozone-common-0.5.0-SNAPSHOT.jar:/root/.m2/repository/org/apache/commons/commons-compress/1.4.1/commons-compress-1.4.1.jar:/root/.m2/repository/org/tukaani/xz/1.0/xz-1.0.jar:/root/.m2/repository/org/apache/hadoop/hadoop-common/3.2.0/hadoop-common-3.2.0.jar:/root/.m2/repository/org/apache/hadoop/hadoop-hdfs/3.2.0/hadoop-hdfs-3.2.0.jar:/root/.m2/repository/org/apache/hadoop/hadoop-hdfs-client/3.2.0/hadoop-hdfs-client-3.2.0.jar:/root/.m2/repository/com/fasterxml/jackson/core/jackson-annotations/2.9.5/jackson-annotations-2.9.5.jar:/root/.m2/repository/org/apache/hadoop/hadoop-hdds-common/0.5.0-SNAPSHOT/hadoop-hdds-common-0.5.0-SNAPSHOT.jar:/root/.m2/repository/javax/annotation/javax.annotation-api/1.2/javax.annotation-api-1.2.jar:/root/.m2/repository/org/apache/ratis/ratis-server/0.4.0-fe2b15d-SNAPSHOT/ratis-server-0.4.0-fe2b15d-SNAPSHOT.jar:/root/.m2/repository/org/apache/ratis/ratis-thirdparty-misc/0.2.0/ratis-thirdparty-misc-0.2.0.jar:/root/.m2/repository/org/apache/ratis/ratis-proto/0.4.0-fe2b15d-SNAPSHOT/ratis-proto-0.4.0-fe2b15d-SNAPSHOT.jar:/root/.m2/repository/org/apache/ratis/ratis-common/0.4.0-fe2b15d-SNAPSHOT/ratis-common-0.4.0-fe2b15d-SNAPSHOT.jar:/root/.m2/repository/org/apache/ratis/ratis-client/0.4.0-fe2b15d-SNAPSHOT/ratis-client-0.4.0-fe2b15d-SNAPSHOT.jar:/root/.m2/repository/org/apache/ratis/ratis-netty/0.4.0-fe2b15d-SNAPSHOT/ratis-netty-0.4.0-fe2b15d-SNAPSHOT.jar:/root/.m2/repository/org/apache/ratis/ratis-grpc/0.4.0-fe2b15d-SNAPSHOT/ratis-grpc-0.4.0-fe2b15d-SNAPSHOT.jar:/root/.m2/repository/org/rocksdb/rocksdbjni/5.14.2/rocksdbjni-5.14.2.jar:/root/.m2/repository/org/apache/logging/log4j/log4j-api/2.11.0/log4j-api-2.11.0.jar:/root/.m2/repository/org/apache/logging/log4j/log4j-core/2.11.0/log4j-core-2.11.0.jar:/root/.m2/repository/com/lmax/disruptor/3.4.2/disruptor-3.4.2.jar:/root/.m2/repository/org/apache/commons/commons-pool2/2.6.0/commons-pool2-2.6.0.jar:/root/.m2/repository/org/bouncycastle/bcpkix-jdk15on/1.60/bcpkix-jdk15on-1.60.jar:/root/.m2/repository/commons-validator/commons-validator/1.6/commons-validator-1.6.jar:/root/.m2/repository/commons-digester/commons-digester/1.8.1/commons-digester-1.8.1.jar:/root/.m2/repository/io/jaegertracing/jaeger-client/0.33.1/jaeger-client-0.33.1.jar:/root/.m2/repository/io/jaegertracing/jaeger-thrift/0.33.1/jaeger-thrift-0.33.1.jar:/root/.m2/repository/org/apache/thrift/libthrift/0.11.0/libthrift-0.11.0.jar:/root/.m2/repository/com/squareup/okhttp3/okhttp/3.9.0/okhttp-3.9.0.jar:/root/.m2/repository/com/squareup/okio/okio/1.13.0/okio-1.13.0.jar:/root/.m2/repository/io/jaegertracing/jaeger-core/0.33.1/jaeger-core-0.33.1.jar:/root/.m2/repository/io/jaegertracing/jaeger-tracerresolver/0.33.1/jaeger-tracerresolver-0.33.1.jar:/root/.m2/repository/io/opentracing/contrib/opentracing-tracerresolver/0.1.5/opentracing-tracerresolver-0.1.5.jar:/root/.m2/repository/io/opentracing/opentracing-util/0.31.0/opentracing-util-0.31.0.jar:/root/.m2/repository/io/opentracing/opentracing-api/0.31.0/opentracing-api-0.31.0.jar:/root/.m2/repository/io/opentracing/opentracing-noop/0.31.0/opentracing-noop-0.31.0.jar:/root/.m2/repository/org/apache/hadoop/hadoop-hdds-server-framework/0.5.0-SNAPSHOT/hadoop-hdds-server-framework-0.5.0-SNAPSHOT.jar:/root/.m2/repository/org/apache/hadoop/hadoop-hdds-server-scm/0.5.0-SNAPSHOT/hadoop-hdds-server-scm-0.5.0-SNAPSHOT.jar:/root/.m2/repository/org/apache/hadoop/hadoop-hdds-container-service/0.5.0-SNAPSHOT/hadoop-hdds-container-service-0.5.0-SNAPSHOT.jar:/root/.m2/repository/org/apache/hadoop/hadoop-hdds-client/0.5.0-SNAPSHOT/hadoop-hdds-client-0.5.0-SNAPSHOT.jar:/root/.m2/repository/org/apache/hadoop/hadoop-hdds-tools/0.5.0-SNAPSHOT/hadoop-hdds-tools-0.5.0-SNAPSHOT.jar:/root/.m2/repository/org/apache/hadoop/hadoop-ozone-ozone-manager/0.5.0-SNAPSHOT/hadoop-ozone-ozone-manager-0.5.0-SNAPSHOT.jar:/root/.m2/repository/org/apache/hadoop/hadoop-hdds-docs/0.5.0-SNAPSHOT/hadoop-hdds-docs-0.5.0-SNAPSHOT.jar:/root/.m2/repository/org/bouncycastle/bcprov-jdk15on/1.60/bcprov-jdk15on-1.60.jar:/root/.m2/repository/org/apache/hadoop/hadoop-minikdc/3.2.0/hadoop-minikdc-3.2.0.jar:/root/.m2/repository/commons-io/commons-io/2.5/commons-io-2.5.jar:/root/.m2/repository/org/apache/kerby/kerb-simplekdc/1.0.1/kerb-simplekdc-1.0.1.jar:/root/.m2/repository/org/apache/kerby/kerb-client/1.0.1/kerb-client-1.0.1.jar:/root/.m2/repository/org/apache/kerby/kerby-config/1.0.1/kerby-config-1.0.1.jar:/root/.m2/repository/org/apache/kerby/kerb-core/1.0.1/kerb-core-1.0.1.jar:/root/.m2/repository/org/apache/kerby/kerby-pkix/1.0.1/kerby-pkix-1.0.1.jar:/root/.m2/repository/org/apache/kerby/kerby-asn1/1.0.1/kerby-asn1-1.0.1.jar:/root/.m2/repository/org/apache/kerby/kerby-util/1.0.1/kerby-util-1.0.1.jar:/root/.m2/repository/org/apache/kerby/kerb-common/1.0.1/kerb-common-1.0.1.jar:/root/.m2/repository/org/apache/kerby/kerb-crypto/1.0.1/kerb-crypto-1.0.1.jar:/root/.m2/repository/org/apache/kerby/kerb-util/1.0.1/kerb-util-1.0.1.jar:/root/.m2/repository/org/apache/kerby/token-provider/1.0.1/token-provider-1.0.1.jar:/root/.m2/repository/org/apache/kerby/kerb-admin/1.0.1/kerb-admin-1.0.1.jar:/root/.m2/repository/org/apache/kerby/kerb-server/1.0.1/kerb-server-1.0.1.jar:/root/.m2/repository/org/apache/kerby/kerb-identity/1.0.1/kerb-identity-1.0.1.jar:/root/.m2/repository/org/apache/kerby/kerby-xdr/1.0.1/kerby-xdr-1.0.1.jar:/root/.m2/repository/org/slf4j/slf4j-log4j12/1.7.25/slf4j-log4j12-1.7.25.jar:/root/.m2/repository/org/apache/hadoop/hadoop-ozone-objectstore-service/0.5.0-SNAPSHOT/hadoop-ozone-objectstore-service-0.5.0-SNAPSHOT.jar:/root/.m2/repository/org/apache/hadoop/hadoop-ozone-s3gateway/0.5.0-SNAPSHOT/hadoop-ozone-s3gateway-0.5.0-SNAPSHOT.jar:/root/.m2/repository/org/jboss/weld/servlet/weld-servlet/2.4.7.Final/weld-servlet-2.4.7.Final.jar:/root/.m2/repository/org/glassfish/jersey/containers/jersey-container-servlet-core/2.27/jersey-container-servlet-core-2.27.jar:/root/.m2/repository/org/glassfish/hk2/external/javax.inject/2.5.0-b42/javax.inject-2.5.0-b42.jar:/root/.m2/repository/org/glassfish/jersey/core/jersey-common/2.27/jersey-common-2.27.jar:/root/.m2/repository/org/glassfish/hk2/osgi-resource-locator/1.0.1/osgi-resource-locator-1.0.1.jar:/root/.m2/repository/javax/ws/rs/javax.ws.rs-api/2.1/javax.ws.rs-api-2.1.jar:/root/.m2/repository/org/glassfish/jersey/ext/cdi/jersey-cdi1x/2.27/jersey-cdi1x-2.27.jar:/root/.m2/repository/org/glassfish/jersey/inject/jersey-hk2/2.27/jersey-hk2-2.27.jar:/root/.m2/repository/org/glassfish/hk2/hk2-locator/2.5.0-b42/hk2-locator-2.5.0-b42.jar:/root/.m2/repository/org/javassist/javassist/3.22.0-CR2/javassist-3.22.0-CR2.jar:/root/.m2/repository/org/glassfish/hk2/hk2-api/2.5.0/hk2-api-2.5.0.jar:/root/.m2/repository/org/glassfish/hk2/external/jakarta.inject/2.5.0/jakarta.inject-2.5.0.jar:/root/.m2/repository/org/glassfish/hk2/hk2-utils/2.5.0/hk2-utils-2.5.0.jar:/root/.m2/repository/jakarta/annotation/jakarta.annotation-api/1.3.4/jakarta.annotation-api-1.3.4.jar:/root/.m2/repository/org/glassfish/hk2/external/aopalliance-repackaged/2.5.0/aopalliance-repackaged-2.5.0.jar:/root/.m2/repository/com/fasterxml/jackson/dataformat/jackson-dataformat-xml/2.9.0/jackson-dataformat-xml-2.9.0.jar:/root/.m2/repository/com/fasterxml/jackson/core/jackson-core/2.9.5/jackson-core-2.9.5.jar:/root/.m2/repository/com/fasterxml/jackson/module/jackson-module-jaxb-annotations/2.9.5/jackson-module-jaxb-annotations-2.9.5.jar:/root/.m2/repository/javax/enterprise/cdi-api/1.2/cdi-api-1.2.jar:/root/.m2/repository/javax/el/javax.el-api/3.0.0/javax.el-api-3.0.0.jar:/root/.m2/repository/javax/interceptor/javax.interceptor-api/1.2/javax.interceptor-api-1.2.jar:/root/.m2/repository/javax/inject/javax.inject/1/javax.inject-1.jar:/root/.m2/repository/com/sun/xml/bind/jaxb-impl/2.3.0.1/jaxb-impl-2.3.0.1.jar:/root/.m2/repository/com/sun/xml/bind/jaxb-core/2.3.0.1/jaxb-core-2.3.0.1.jar:/root/.m2/repository/javax/xml/bind/jaxb-api/2.3.0/jaxb-api-2.3.0.jar:/root/.m2/repository/javax/activation/activation/1.1.1/activation-1.1.1.jar:/root/.m2/repository/org/apache/hadoop/hadoop-ozone-csi/0.5.0-SNAPSHOT/hadoop-ozone-csi-0.5.0-SNAPSHOT.jar:/root/.m2/repository/com/google/protobuf/protobuf-java-util/3.5.1/protobuf-java-util-3.5.1.jar:/root/.m2/repository/org/apache/hadoop/hadoop-hdds-config/0.5.0-SNAPSHOT/hadoop-hdds-config-0.5.0-SNAPSHOT.jar:/root/.m2/repository/com/google/guava/guava/11.0.2/guava-11.0.2.jar:/root/.m2/repository/com/google/protobuf/protobuf-java/2.5.0/protobuf-java-2.5.0.jar:/root/.m2/repository/io/grpc/grpc-netty/1.17.1/grpc-netty-1.17.1.jar:/root/.m2/repository/io/grpc/grpc-core/1.17.1/grpc-core-1.17.1.jar:/root/.m2/repository/io/grpc/grpc-context/1.17.1/grpc-context-1.17.1.jar:/root/.m2/repository/com/google/errorprone/error_prone_annotations/2.2.0/error_prone_annotations-2.2.0.jar:/root/.m2/repository/org/codehaus/mojo/animal-sniffer-annotations/1.17/animal-sniffer-annotations-1.17.jar:/root/.m2/repository/io/opencensus/opencensus-api/0.17.0/opencensus-api-0.17.0.jar:/root/.m2/repository/io/opencensus/opencensus-contrib-grpc-metrics/0.17.0/opencensus-contrib-grpc-metrics-0.17.0.jar:/root/.m2/repository/io/netty/netty-codec-http2/4.1.30.Final/netty-codec-http2-4.1.30.Final.jar:/root/.m2/repository/io/netty/netty-codec-http/4.1.30.Final/netty-codec-http-4.1.30.Final.jar:/root/.m2/repository/io/netty/netty-codec/4.1.30.Final/netty-codec-4.1.30.Final.jar:/root/.m2/repository/io/netty/netty-handler/4.1.30.Final/netty-handler-4.1.30.Final.jar:/root/.m2/repository/io/netty/netty-handler-proxy/4.1.30.Final/netty-handler-proxy-4.1.30.Final.jar:/root/.m2/repository/io/netty/netty-codec-socks/4.1.30.Final/netty-codec-socks-4.1.30.Final.jar:/root/.m2/repository/io/netty/netty-transport-native-epoll/4.1.30.Final/netty-transport-native-epoll-4.1.30.Final.jar:/root/.m2/repository/io/netty/netty-common/4.1.30.Final/netty-common-4.1.30.Final.jar:/root/.m2/repository/io/netty/netty-buffer/4.1.30.Final/netty-buffer-4.1.30.Final.jar:/root/.m2/repository/io/netty/netty-transport/4.1.30.Final/netty-transport-4.1.30.Final.jar:/root/.m2/repository/io/netty/netty-resolver/4.1.30.Final/netty-resolver-4.1.30.Final.jar:/root/.m2/repository/io/netty/netty-transport-native-unix-common/4.1.30.Final/netty-transport-native-unix-common-4.1.30.Final.jar:/root/.m2/repository/io/grpc/grpc-protobuf/1.17.1/grpc-protobuf-1.17.1.jar:/root/.m2/repository/com/google/api/grpc/proto-google-common-protos/1.0.0/proto-google-common-protos-1.0.0.jar:/root/.m2/repository/io/grpc/grpc-protobuf-lite/1.17.1/grpc-protobuf-lite-1.17.1.jar:/root/.m2/repository/io/grpc/grpc-stub/1.17.1/grpc-stub-1.17.1.jar:/root/.m2/repository/org/apache/hadoop/hadoop-ozone-recon/0.5.0-SNAPSHOT/hadoop-ozone-recon-0.5.0-SNAPSHOT.jar:/root/.m2/repository/org/apache/hadoop/hadoop-ozone-reconcodegen/0.5.0-SNAPSHOT/hadoop-ozone-reconcodegen-0.5.0-SNAPSHOT.jar:/root/.m2/repository/com/google/inject/extensions/guice-multibindings/4.0/guice-multibindings-4.0.jar:/root/.m2/repository/com/google/inject/guice/4.0/guice-4.0.jar:/root/.m2/repository/aopalliance/aopalliance/1.0/aopalliance-1.0.jar:/root/.m2/repository/com/google/inject/extensions/guice-servlet/4.0/guice-servlet-4.0.jar:/root/.m2/repository/org/glassfish/jersey/containers/jersey-container-servlet/2.27/jersey-container-servlet-2.27.jar:/root/.m2/repository/org/glassfish/hk2/guice-bridge/2.5.0/guice-bridge-2.5.0.jar:/root/.m2/repository/org/glassfish/jersey/core/jersey-server/2.27/jersey-server-2.27.jar:/root/.m2/repository/org/glassfish/jersey/core/jersey-client/2.27/jersey-client-2.27.jar:/root/.m2/repository/org/glassfish/jersey/media/jersey-media-jaxb/2.27/jersey-media-jaxb-2.27.jar:/root/.m2/repository/javax/validation/validation-api/1.1.0.Final/validation-api-1.1.0.Final.jar:/root/.m2/repository/org/glassfish/jersey/media/jersey-media-json-jackson/2.27/jersey-media-json-jackson-2.27.jar:/root/.m2/repository/org/glassfish/jersey/ext/jersey-entity-filtering/2.27/jersey-entity-filtering-2.27.jar:/root/.m2/repository/com/google/inject/extensions/guice-assistedinject/4.0/guice-assistedinject-4.0.jar:/root/.m2/repository/org/jooq/jooq/3.11.10/jooq-3.11.10.jar:/root/.m2/repository/org/jooq/jooq-meta/3.11.10/jooq-meta-3.11.10.jar:/root/.m2/repository/org/jooq/jooq-codegen/3.11.10/jooq-codegen-3.11.10.jar:/root/.m2/repository/com/jolbox/bonecp/0.8.0.RELEASE/bonecp-0.8.0.RELEASE.jar:/root/.m2/repository/org/xerial/sqlite-jdbc/3.25.2/sqlite-jdbc-3.25.2.jar:/root/.m2/repository/org/springframework/spring-jdbc/5.1.3.RELEASE/spring-jdbc-5.1.3.RELEASE.jar:/root/.m2/repository/org/springframework/spring-beans/5.1.3.RELEASE/spring-beans-5.1.3.RELEASE.jar:/root/.m2/repository/org/springframework/spring-core/5.1.3.RELEASE/spring-core-5.1.3.RELEASE.jar:/root/.m2/repository/org/springframework/spring-jcl/5.1.3.RELEASE/spring-jcl-5.1.3.RELEASE.jar:/root/.m2/repository/org/springframework/spring-tx/5.1.3.RELEASE/spring-tx-5.1.3.RELEASE.jar:/root/.m2/repository/org/apache/hadoop/hadoop-ozone-client/0.5.0-SNAPSHOT/hadoop-ozone-client-0.5.0-SNAPSHOT.jar:/root/.m2/repository/org/apache/hadoop/hadoop-ozone-ozone-manager/0.5.0-SNAPSHOT/hadoop-ozone-ozone-manager-0.5.0-SNAPSHOT-tests.jar:/root/.m2/repository/junit/junit/4.11/junit-4.11.jar:/root/.m2/repository/org/hamcrest/hamcrest-core/1.3/hamcrest-core-1.3.jar:/root/.m2/repository/org/openjdk/jmh/jmh-core/1.19/jmh-core-1.19.jar:/root/.m2/repository/net/sf/jopt-simple/jopt-simple/4.6/jopt-simple-4.6.jar:/root/.m2/repository/org/apache/commons/commons-math3/3.1.1/commons-math3-3.1.1.jar:/root/.m2/repository/org/openjdk/jmh/jmh-generator-annprocess/1.19/jmh-generator-annprocess-1.19.jar:/root/.m2/repository/org/mockito/mockito-all/1.8.5/mockito-all-1.8.5.jar:/root/.m2/repository/org/apache/hadoop/hadoop-kms/3.2.0/hadoop-kms-3.2.0.jar:/root/.m2/repository/org/apache/hadoop/hadoop-auth/3.2.0/hadoop-auth-3.2.0.jar:/root/.m2/repository/com/nimbusds/nimbus-jose-jwt/4.41.1/nimbus-jose-jwt-4.41.1.jar:/root/.m2/repository/com/github/stephenc/jcip/jcip-annotations/1.0-1/jcip-annotations-1.0-1.jar:/root/.m2/repository/net/minidev/json-smart/2.3/json-smart-2.3.jar:/root/.m2/repository/net/minidev/accessors-smart/1.2/accessors-smart-1.2.jar:/root/.m2/repository/org/ow2/asm/asm/5.0.4/asm-5.0.4.jar:/root/.m2/repository/org/apache/curator/curator-framework/2.12.0/curator-framework-2.12.0.jar:/root/.m2/repository/com/sun/jersey/jersey-core/1.19/jersey-core-1.19.jar:/root/.m2/repository/javax/ws/rs/jsr311-api/1.1.1/jsr311-api-1.1.1.jar:/root/.m2/repository/com/sun/jersey/jersey-server/1.19/jersey-server-1.19.jar:/root/.m2/repository/javax/servlet/javax.servlet-api/3.1.0/javax.servlet-api-3.1.0.jar:/root/.m2/repository/org/eclipse/jetty/jetty-server/9.3.24.v20180605/jetty-server-9.3.24.v20180605.jar:/root/.m2/repository/org/eclipse/jetty/jetty-http/9.3.24.v20180605/jetty-http-9.3.24.v20180605.jar:/root/.m2/repository/org/eclipse/jetty/jetty-io/9.3.24.v20180605/jetty-io-9.3.24.v20180605.jar:/root/.m2/repository/org/eclipse/jetty/jetty-webapp/9.3.24.v20180605/jetty-webapp-9.3.24.v20180605.jar:/root/.m2/repository/org/eclipse/jetty/jetty-xml/9.3.24.v20180605/jetty-xml-9.3.24.v20180605.jar:/root/.m2/repository/log4j/log4j/1.2.17/log4j-1.2.17.jar:/root/.m2/repository/org/slf4j/slf4j-api/1.7.25/slf4j-api-1.7.25.jar:/root/.m2/repository/org/slf4j/jul-to-slf4j/1.7.25/jul-to-slf4j-1.7.25.jar:/root/.m2/repository/org/eclipse/jetty/jetty-util/9.3.24.v20180605/jetty-util-9.3.24.v20180605.jar:/root/.m2/repository/io/dropwizard/metrics/metrics-core/3.2.4/metrics-core-3.2.4.jar:/root/.m2/repository/com/fasterxml/jackson/core/jackson-databind/2.9.5/jackson-databind-2.9.5.jar:/root/.m2/repository/org/apache/hadoop/hadoop-kms/3.2.0/hadoop-kms-3.2.0-tests.jar:/root/.m2/repository/org/apache/hadoop/hadoop-hdds-server-scm/0.5.0-SNAPSHOT/hadoop-hdds-server-scm-0.5.0-SNAPSHOT-tests.jar:/root/.m2/repository/org/hamcrest/hamcrest-all/1.3/hamcrest-all-1.3.jar:/root/.m2/repository/info/picocli/picocli/3.9.6/picocli-3.9.6.jar:/root/.m2/repository/org/apache/hadoop/hadoop-hdds-container-service/0.5.0-SNAPSHOT/hadoop-hdds-container-service-0.5.0-SNAPSHOT-tests.jar:/root/.m2/repository/org/yaml/snakeyaml/1.16/snakeyaml-1.16.jar:/root/.m2/repository/org/apache/hadoop/hadoop-common/3.2.0/hadoop-common-3.2.0-tests.jar:/root/.m2/repository/org/apache/hadoop/hadoop-annotations/3.2.0/hadoop-annotations-3.2.0.jar:/usr/lib/jvm/java-1.8-openjdk/jre/../lib/tools.jar:/root/.m2/repository/commons-cli/commons-cli/1.2/commons-cli-1.2.jar:/root/.m2/repository/org/apache/httpcomponents/httpclient/4.5.2/httpclient-4.5.2.jar:/root/.m2/repository/org/apache/httpcomponents/httpcore/4.4.4/httpcore-4.4.4.jar:/root/.m2/repository/commons-codec/commons-codec/1.11/commons-codec-1.11.jar:/root/.m2/repository/commons-net/commons-net/3.6/commons-net-3.6.jar:/root/.m2/repository/commons-collections/commons-collections/3.2.2/commons-collections-3.2.2.jar:/root/.m2/repository/org/eclipse/jetty/jetty-servlet/9.3.24.v20180605/jetty-servlet-9.3.24.v20180605.jar:/root/.m2/repository/org/eclipse/jetty/jetty-security/9.3.24.v20180605/jetty-security-9.3.24.v20180605.jar:/root/.m2/repository/javax/servlet/jsp/jsp-api/2.1/jsp-api-2.1.jar:/root/.m2/repository/com/sun/jersey/jersey-servlet/1.19/jersey-servlet-1.19.jar:/root/.m2/repository/com/sun/jersey/jersey-json/1.19/jersey-json-1.19.jar:/root/.m2/repository/org/codehaus/jettison/jettison/1.1/jettison-1.1.jar:/root/.m2/repository/org/codehaus/jackson/jackson-core-asl/1.9.13/jackson-core-asl-1.9.13.jar:/root/.m2/repository/org/codehaus/jackson/jackson-mapper-asl/1.9.13/jackson-mapper-asl-1.9.13.jar:/root/.m2/repository/org/codehaus/jackson/jackson-jaxrs/1.9.13/jackson-jaxrs-1.9.13.jar:/root/.m2/repository/org/codehaus/jackson/jackson-xc/1.9.13/jackson-xc-1.9.13.jar:/root/.m2/repository/commons-logging/commons-logging/1.1.3/commons-logging-1.1.3.jar:/root/.m2/repository/commons-beanutils/commons-beanutils/1.9.3/commons-beanutils-1.9.3.jar:/root/.m2/repository/org/apache/commons/commons-configuration2/2.1.1/commons-configuration2-2.1.1.jar:/root/.m2/repository/org/apache/commons/commons-lang3/3.7/commons-lang3-3.7.jar:/root/.m2/repository/org/apache/commons/commons-text/1.4/commons-text-1.4.jar:/root/.m2/repository/org/apache/avro/avro/1.7.7/avro-1.7.7.jar:/root/.m2/repository/com/thoughtworks/paranamer/paranamer/2.3/paranamer-2.3.jar:/root/.m2/repository/org/xerial/snappy/snappy-java/1.0.5/snappy-java-1.0.5.jar:/root/.m2/repository/com/google/re2j/re2j/1.1/re2j-1.1.jar:/root/.m2/repository/com/google/code/gson/gson/2.2.4/gson-2.2.4.jar:/root/.m2/repository/com/jcraft/jsch/0.1.54/jsch-0.1.54.jar:/root/.m2/repository/org/apache/curator/curator-client/2.12.0/curator-client-2.12.0.jar:/root/.m2/repository/org/apache/curator/curator-recipes/2.12.0/curator-recipes-2.12.0.jar:/root/.m2/repository/com/google/code/findbugs/jsr305/3.0.0/jsr305-3.0.0.jar:/root/.m2/repository/org/apache/htrace/htrace-core4/4.1.0-incubating/htrace-core4-4.1.0-incubating.jar:/root/.m2/repository/org/apache/zookeeper/zookeeper/3.4.13/zookeeper-3.4.13.jar:/root/.m2/repository/org/apache/yetus/audience-annotations/0.5.0/audience-annotations-0.5.0.jar:/root/.m2/repository/org/codehaus/woodstox/stax2-api/3.1.4/stax2-api-3.1.4.jar:/root/.m2/repository/com/fasterxml/woodstox/woodstox-core/5.0.3/woodstox-core-5.0.3.jar:/root/.m2/repository/dnsjava/dnsjava/2.1.7/dnsjava-2.1.7.jar:/root/.m2/repository/org/apache/hadoop/hadoop-hdfs/3.2.0/hadoop-hdfs-3.2.0-tests.jar:/root/.m2/repository/org/eclipse/jetty/jetty-util-ajax/9.3.24.v20180605/jetty-util-ajax-9.3.24.v20180605.jar:/root/.m2/repository/commons-daemon/commons-daemon/1.0.13/commons-daemon-1.0.13.jar:/root/.m2/repository/io/netty/netty/3.10.5.Final/netty-3.10.5.Final.jar:/root/.m2/repository/io/netty/netty-all/4.0.52.Final/netty-all-4.0.52.Final.jar:/root/.m2/repository/org/fusesource/leveldbjni/leveldbjni-all/1.8/leveldbjni-all-1.8.jar:"/>
    <property name="java.vm.vendor" value="IcedTea"/>
    <property name="sun.arch.data.model" value="64"/>
    <property name="test.build.dir" value="/opt/src/hadoop-ozone/integration-test/target/test-dir"/>
    <property name="test.cache.data" value=""/>
    <property name="java.vendor.url" value="https://icedtea.classpath.org"/>
    <property name="user.timezone" value=""/>
    <property name="java.vm.specification.version" value="1.8"/>
    <property name="os.name" value="Linux"/>
    <property name="test.build.data" value="/opt/src/hadoop-ozone/integration-test/target/test-dir"/>
    <property name="user.country" value="US"/>
    <property name="sun.java.launcher" value="SUN_STANDARD"/>
    <property name="sun.boot.library.path" value="/usr/lib/jvm/java-1.8-openjdk/jre/lib/amd64"/>
    <property name="sun.java.command" value="/opt/src/hadoop-ozone/integration-test/target/surefire/surefirebooter3545191687023933030.jar /opt/src/hadoop-ozone/integration-test/target/surefire 2019-06-14T01-52-36_775-jvmRun1 surefire1723241198950176251tmp surefire_87324853407716728781tmp"/>
    <property name="surefire.test.class.path" value="/opt/src/hadoop-ozone/integration-test/target/test-classes:/opt/src/hadoop-ozone/integration-test/target/classes:/root/.m2/repository/org/apache/hadoop/hadoop-ozone-common/0.5.0-SNAPSHOT/hadoop-ozone-common-0.5.0-SNAPSHOT.jar:/root/.m2/repository/org/apache/commons/commons-compress/1.4.1/commons-compress-1.4.1.jar:/root/.m2/repository/org/tukaani/xz/1.0/xz-1.0.jar:/root/.m2/repository/org/apache/hadoop/hadoop-common/3.2.0/hadoop-common-3.2.0.jar:/root/.m2/repository/org/apache/hadoop/hadoop-hdfs/3.2.0/hadoop-hdfs-3.2.0.jar:/root/.m2/repository/org/apache/hadoop/hadoop-hdfs-client/3.2.0/hadoop-hdfs-client-3.2.0.jar:/root/.m2/repository/com/fasterxml/jackson/core/jackson-annotations/2.9.5/jackson-annotations-2.9.5.jar:/root/.m2/repository/org/apache/hadoop/hadoop-hdds-common/0.5.0-SNAPSHOT/hadoop-hdds-common-0.5.0-SNAPSHOT.jar:/root/.m2/repository/javax/annotation/javax.annotation-api/1.2/javax.annotation-api-1.2.jar:/root/.m2/repository/org/apache/ratis/ratis-server/0.4.0-fe2b15d-SNAPSHOT/ratis-server-0.4.0-fe2b15d-SNAPSHOT.jar:/root/.m2/repository/org/apache/ratis/ratis-thirdparty-misc/0.2.0/ratis-thirdparty-misc-0.2.0.jar:/root/.m2/repository/org/apache/ratis/ratis-proto/0.4.0-fe2b15d-SNAPSHOT/ratis-proto-0.4.0-fe2b15d-SNAPSHOT.jar:/root/.m2/repository/org/apache/ratis/ratis-common/0.4.0-fe2b15d-SNAPSHOT/ratis-common-0.4.0-fe2b15d-SNAPSHOT.jar:/root/.m2/repository/org/apache/ratis/ratis-client/0.4.0-fe2b15d-SNAPSHOT/ratis-client-0.4.0-fe2b15d-SNAPSHOT.jar:/root/.m2/repository/org/apache/ratis/ratis-netty/0.4.0-fe2b15d-SNAPSHOT/ratis-netty-0.4.0-fe2b15d-SNAPSHOT.jar:/root/.m2/repository/org/apache/ratis/ratis-grpc/0.4.0-fe2b15d-SNAPSHOT/ratis-grpc-0.4.0-fe2b15d-SNAPSHOT.jar:/root/.m2/repository/org/rocksdb/rocksdbjni/5.14.2/rocksdbjni-5.14.2.jar:/root/.m2/repository/org/apache/logging/log4j/log4j-api/2.11.0/log4j-api-2.11.0.jar:/root/.m2/repository/org/apache/logging/log4j/log4j-core/2.11.0/log4j-core-2.11.0.jar:/root/.m2/repository/com/lmax/disruptor/3.4.2/disruptor-3.4.2.jar:/root/.m2/repository/org/apache/commons/commons-pool2/2.6.0/commons-pool2-2.6.0.jar:/root/.m2/repository/org/bouncycastle/bcpkix-jdk15on/1.60/bcpkix-jdk15on-1.60.jar:/root/.m2/repository/commons-validator/commons-validator/1.6/commons-validator-1.6.jar:/root/.m2/repository/commons-digester/commons-digester/1.8.1/commons-digester-1.8.1.jar:/root/.m2/repository/io/jaegertracing/jaeger-client/0.33.1/jaeger-client-0.33.1.jar:/root/.m2/repository/io/jaegertracing/jaeger-thrift/0.33.1/jaeger-thrift-0.33.1.jar:/root/.m2/repository/org/apache/thrift/libthrift/0.11.0/libthrift-0.11.0.jar:/root/.m2/repository/com/squareup/okhttp3/okhttp/3.9.0/okhttp-3.9.0.jar:/root/.m2/repository/com/squareup/okio/okio/1.13.0/okio-1.13.0.jar:/root/.m2/repository/io/jaegertracing/jaeger-core/0.33.1/jaeger-core-0.33.1.jar:/root/.m2/repository/io/jaegertracing/jaeger-tracerresolver/0.33.1/jaeger-tracerresolver-0.33.1.jar:/root/.m2/repository/io/opentracing/contrib/opentracing-tracerresolver/0.1.5/opentracing-tracerresolver-0.1.5.jar:/root/.m2/repository/io/opentracing/opentracing-util/0.31.0/opentracing-util-0.31.0.jar:/root/.m2/repository/io/opentracing/opentracing-api/0.31.0/opentracing-api-0.31.0.jar:/root/.m2/repository/io/opentracing/opentracing-noop/0.31.0/opentracing-noop-0.31.0.jar:/root/.m2/repository/org/apache/hadoop/hadoop-hdds-server-framework/0.5.0-SNAPSHOT/hadoop-hdds-server-framework-0.5.0-SNAPSHOT.jar:/root/.m2/repository/org/apache/hadoop/hadoop-hdds-server-scm/0.5.0-SNAPSHOT/hadoop-hdds-server-scm-0.5.0-SNAPSHOT.jar:/root/.m2/repository/org/apache/hadoop/hadoop-hdds-container-service/0.5.0-SNAPSHOT/hadoop-hdds-container-service-0.5.0-SNAPSHOT.jar:/root/.m2/repository/org/apache/hadoop/hadoop-hdds-client/0.5.0-SNAPSHOT/hadoop-hdds-client-0.5.0-SNAPSHOT.jar:/root/.m2/repository/org/apache/hadoop/hadoop-hdds-tools/0.5.0-SNAPSHOT/hadoop-hdds-tools-0.5.0-SNAPSHOT.jar:/root/.m2/repository/org/apache/hadoop/hadoop-ozone-ozone-manager/0.5.0-SNAPSHOT/hadoop-ozone-ozone-manager-0.5.0-SNAPSHOT.jar:/root/.m2/repository/org/apache/hadoop/hadoop-hdds-docs/0.5.0-SNAPSHOT/hadoop-hdds-docs-0.5.0-SNAPSHOT.jar:/root/.m2/repository/org/bouncycastle/bcprov-jdk15on/1.60/bcprov-jdk15on-1.60.jar:/root/.m2/repository/org/apache/hadoop/hadoop-minikdc/3.2.0/hadoop-minikdc-3.2.0.jar:/root/.m2/repository/commons-io/commons-io/2.5/commons-io-2.5.jar:/root/.m2/repository/org/apache/kerby/kerb-simplekdc/1.0.1/kerb-simplekdc-1.0.1.jar:/root/.m2/repository/org/apache/kerby/kerb-client/1.0.1/kerb-client-1.0.1.jar:/root/.m2/repository/org/apache/kerby/kerby-config/1.0.1/kerby-config-1.0.1.jar:/root/.m2/repository/org/apache/kerby/kerb-core/1.0.1/kerb-core-1.0.1.jar:/root/.m2/repository/org/apache/kerby/kerby-pkix/1.0.1/kerby-pkix-1.0.1.jar:/root/.m2/repository/org/apache/kerby/kerby-asn1/1.0.1/kerby-asn1-1.0.1.jar:/root/.m2/repository/org/apache/kerby/kerby-util/1.0.1/kerby-util-1.0.1.jar:/root/.m2/repository/org/apache/kerby/kerb-common/1.0.1/kerb-common-1.0.1.jar:/root/.m2/repository/org/apache/kerby/kerb-crypto/1.0.1/kerb-crypto-1.0.1.jar:/root/.m2/repository/org/apache/kerby/kerb-util/1.0.1/kerb-util-1.0.1.jar:/root/.m2/repository/org/apache/kerby/token-provider/1.0.1/token-provider-1.0.1.jar:/root/.m2/repository/org/apache/kerby/kerb-admin/1.0.1/kerb-admin-1.0.1.jar:/root/.m2/repository/org/apache/kerby/kerb-server/1.0.1/kerb-server-1.0.1.jar:/root/.m2/repository/org/apache/kerby/kerb-identity/1.0.1/kerb-identity-1.0.1.jar:/root/.m2/repository/org/apache/kerby/kerby-xdr/1.0.1/kerby-xdr-1.0.1.jar:/root/.m2/repository/org/slf4j/slf4j-log4j12/1.7.25/slf4j-log4j12-1.7.25.jar:/root/.m2/repository/org/apache/hadoop/hadoop-ozone-objectstore-service/0.5.0-SNAPSHOT/hadoop-ozone-objectstore-service-0.5.0-SNAPSHOT.jar:/root/.m2/repository/org/apache/hadoop/hadoop-ozone-s3gateway/0.5.0-SNAPSHOT/hadoop-ozone-s3gateway-0.5.0-SNAPSHOT.jar:/root/.m2/repository/org/jboss/weld/servlet/weld-servlet/2.4.7.Final/weld-servlet-2.4.7.Final.jar:/root/.m2/repository/org/glassfish/jersey/containers/jersey-container-servlet-core/2.27/jersey-container-servlet-core-2.27.jar:/root/.m2/repository/org/glassfish/hk2/external/javax.inject/2.5.0-b42/javax.inject-2.5.0-b42.jar:/root/.m2/repository/org/glassfish/jersey/core/jersey-common/2.27/jersey-common-2.27.jar:/root/.m2/repository/org/glassfish/hk2/osgi-resource-locator/1.0.1/osgi-resource-locator-1.0.1.jar:/root/.m2/repository/javax/ws/rs/javax.ws.rs-api/2.1/javax.ws.rs-api-2.1.jar:/root/.m2/repository/org/glassfish/jersey/ext/cdi/jersey-cdi1x/2.27/jersey-cdi1x-2.27.jar:/root/.m2/repository/org/glassfish/jersey/inject/jersey-hk2/2.27/jersey-hk2-2.27.jar:/root/.m2/repository/org/glassfish/hk2/hk2-locator/2.5.0-b42/hk2-locator-2.5.0-b42.jar:/root/.m2/repository/org/javassist/javassist/3.22.0-CR2/javassist-3.22.0-CR2.jar:/root/.m2/repository/org/glassfish/hk2/hk2-api/2.5.0/hk2-api-2.5.0.jar:/root/.m2/repository/org/glassfish/hk2/external/jakarta.inject/2.5.0/jakarta.inject-2.5.0.jar:/root/.m2/repository/org/glassfish/hk2/hk2-utils/2.5.0/hk2-utils-2.5.0.jar:/root/.m2/repository/jakarta/annotation/jakarta.annotation-api/1.3.4/jakarta.annotation-api-1.3.4.jar:/root/.m2/repository/org/glassfish/hk2/external/aopalliance-repackaged/2.5.0/aopalliance-repackaged-2.5.0.jar:/root/.m2/repository/com/fasterxml/jackson/dataformat/jackson-dataformat-xml/2.9.0/jackson-dataformat-xml-2.9.0.jar:/root/.m2/repository/com/fasterxml/jackson/core/jackson-core/2.9.5/jackson-core-2.9.5.jar:/root/.m2/repository/com/fasterxml/jackson/module/jackson-module-jaxb-annotations/2.9.5/jackson-module-jaxb-annotations-2.9.5.jar:/root/.m2/repository/javax/enterprise/cdi-api/1.2/cdi-api-1.2.jar:/root/.m2/repository/javax/el/javax.el-api/3.0.0/javax.el-api-3.0.0.jar:/root/.m2/repository/javax/interceptor/javax.interceptor-api/1.2/javax.interceptor-api-1.2.jar:/root/.m2/repository/javax/inject/javax.inject/1/javax.inject-1.jar:/root/.m2/repository/com/sun/xml/bind/jaxb-impl/2.3.0.1/jaxb-impl-2.3.0.1.jar:/root/.m2/repository/com/sun/xml/bind/jaxb-core/2.3.0.1/jaxb-core-2.3.0.1.jar:/root/.m2/repository/javax/xml/bind/jaxb-api/2.3.0/jaxb-api-2.3.0.jar:/root/.m2/repository/javax/activation/activation/1.1.1/activation-1.1.1.jar:/root/.m2/repository/org/apache/hadoop/hadoop-ozone-csi/0.5.0-SNAPSHOT/hadoop-ozone-csi-0.5.0-SNAPSHOT.jar:/root/.m2/repository/com/google/protobuf/protobuf-java-util/3.5.1/protobuf-java-util-3.5.1.jar:/root/.m2/repository/org/apache/hadoop/hadoop-hdds-config/0.5.0-SNAPSHOT/hadoop-hdds-config-0.5.0-SNAPSHOT.jar:/root/.m2/repository/com/google/guava/guava/11.0.2/guava-11.0.2.jar:/root/.m2/repository/com/google/protobuf/protobuf-java/2.5.0/protobuf-java-2.5.0.jar:/root/.m2/repository/io/grpc/grpc-netty/1.17.1/grpc-netty-1.17.1.jar:/root/.m2/repository/io/grpc/grpc-core/1.17.1/grpc-core-1.17.1.jar:/root/.m2/repository/io/grpc/grpc-context/1.17.1/grpc-context-1.17.1.jar:/root/.m2/repository/com/google/errorprone/error_prone_annotations/2.2.0/error_prone_annotations-2.2.0.jar:/root/.m2/repository/org/codehaus/mojo/animal-sniffer-annotations/1.17/animal-sniffer-annotations-1.17.jar:/root/.m2/repository/io/opencensus/opencensus-api/0.17.0/opencensus-api-0.17.0.jar:/root/.m2/repository/io/opencensus/opencensus-contrib-grpc-metrics/0.17.0/opencensus-contrib-grpc-metrics-0.17.0.jar:/root/.m2/repository/io/netty/netty-codec-http2/4.1.30.Final/netty-codec-http2-4.1.30.Final.jar:/root/.m2/repository/io/netty/netty-codec-http/4.1.30.Final/netty-codec-http-4.1.30.Final.jar:/root/.m2/repository/io/netty/netty-codec/4.1.30.Final/netty-codec-4.1.30.Final.jar:/root/.m2/repository/io/netty/netty-handler/4.1.30.Final/netty-handler-4.1.30.Final.jar:/root/.m2/repository/io/netty/netty-handler-proxy/4.1.30.Final/netty-handler-proxy-4.1.30.Final.jar:/root/.m2/repository/io/netty/netty-codec-socks/4.1.30.Final/netty-codec-socks-4.1.30.Final.jar:/root/.m2/repository/io/netty/netty-transport-native-epoll/4.1.30.Final/netty-transport-native-epoll-4.1.30.Final.jar:/root/.m2/repository/io/netty/netty-common/4.1.30.Final/netty-common-4.1.30.Final.jar:/root/.m2/repository/io/netty/netty-buffer/4.1.30.Final/netty-buffer-4.1.30.Final.jar:/root/.m2/repository/io/netty/netty-transport/4.1.30.Final/netty-transport-4.1.30.Final.jar:/root/.m2/repository/io/netty/netty-resolver/4.1.30.Final/netty-resolver-4.1.30.Final.jar:/root/.m2/repository/io/netty/netty-transport-native-unix-common/4.1.30.Final/netty-transport-native-unix-common-4.1.30.Final.jar:/root/.m2/repository/io/grpc/grpc-protobuf/1.17.1/grpc-protobuf-1.17.1.jar:/root/.m2/repository/com/google/api/grpc/proto-google-common-protos/1.0.0/proto-google-common-protos-1.0.0.jar:/root/.m2/repository/io/grpc/grpc-protobuf-lite/1.17.1/grpc-protobuf-lite-1.17.1.jar:/root/.m2/repository/io/grpc/grpc-stub/1.17.1/grpc-stub-1.17.1.jar:/root/.m2/repository/org/apache/hadoop/hadoop-ozone-recon/0.5.0-SNAPSHOT/hadoop-ozone-recon-0.5.0-SNAPSHOT.jar:/root/.m2/repository/org/apache/hadoop/hadoop-ozone-reconcodegen/0.5.0-SNAPSHOT/hadoop-ozone-reconcodegen-0.5.0-SNAPSHOT.jar:/root/.m2/repository/com/google/inject/extensions/guice-multibindings/4.0/guice-multibindings-4.0.jar:/root/.m2/repository/com/google/inject/guice/4.0/guice-4.0.jar:/root/.m2/repository/aopalliance/aopalliance/1.0/aopalliance-1.0.jar:/root/.m2/repository/com/google/inject/extensions/guice-servlet/4.0/guice-servlet-4.0.jar:/root/.m2/repository/org/glassfish/jersey/containers/jersey-container-servlet/2.27/jersey-container-servlet-2.27.jar:/root/.m2/repository/org/glassfish/hk2/guice-bridge/2.5.0/guice-bridge-2.5.0.jar:/root/.m2/repository/org/glassfish/jersey/core/jersey-server/2.27/jersey-server-2.27.jar:/root/.m2/repository/org/glassfish/jersey/core/jersey-client/2.27/jersey-client-2.27.jar:/root/.m2/repository/org/glassfish/jersey/media/jersey-media-jaxb/2.27/jersey-media-jaxb-2.27.jar:/root/.m2/repository/javax/validation/validation-api/1.1.0.Final/validation-api-1.1.0.Final.jar:/root/.m2/repository/org/glassfish/jersey/media/jersey-media-json-jackson/2.27/jersey-media-json-jackson-2.27.jar:/root/.m2/repository/org/glassfish/jersey/ext/jersey-entity-filtering/2.27/jersey-entity-filtering-2.27.jar:/root/.m2/repository/com/google/inject/extensions/guice-assistedinject/4.0/guice-assistedinject-4.0.jar:/root/.m2/repository/org/jooq/jooq/3.11.10/jooq-3.11.10.jar:/root/.m2/repository/org/jooq/jooq-meta/3.11.10/jooq-meta-3.11.10.jar:/root/.m2/repository/org/jooq/jooq-codegen/3.11.10/jooq-codegen-3.11.10.jar:/root/.m2/repository/com/jolbox/bonecp/0.8.0.RELEASE/bonecp-0.8.0.RELEASE.jar:/root/.m2/repository/org/xerial/sqlite-jdbc/3.25.2/sqlite-jdbc-3.25.2.jar:/root/.m2/repository/org/springframework/spring-jdbc/5.1.3.RELEASE/spring-jdbc-5.1.3.RELEASE.jar:/root/.m2/repository/org/springframework/spring-beans/5.1.3.RELEASE/spring-beans-5.1.3.RELEASE.jar:/root/.m2/repository/org/springframework/spring-core/5.1.3.RELEASE/spring-core-5.1.3.RELEASE.jar:/root/.m2/repository/org/springframework/spring-jcl/5.1.3.RELEASE/spring-jcl-5.1.3.RELEASE.jar:/root/.m2/repository/org/springframework/spring-tx/5.1.3.RELEASE/spring-tx-5.1.3.RELEASE.jar:/root/.m2/repository/org/apache/hadoop/hadoop-ozone-client/0.5.0-SNAPSHOT/hadoop-ozone-client-0.5.0-SNAPSHOT.jar:/root/.m2/repository/org/apache/hadoop/hadoop-ozone-ozone-manager/0.5.0-SNAPSHOT/hadoop-ozone-ozone-manager-0.5.0-SNAPSHOT-tests.jar:/root/.m2/repository/junit/junit/4.11/junit-4.11.jar:/root/.m2/repository/org/hamcrest/hamcrest-core/1.3/hamcrest-core-1.3.jar:/root/.m2/repository/org/openjdk/jmh/jmh-core/1.19/jmh-core-1.19.jar:/root/.m2/repository/net/sf/jopt-simple/jopt-simple/4.6/jopt-simple-4.6.jar:/root/.m2/repository/org/apache/commons/commons-math3/3.1.1/commons-math3-3.1.1.jar:/root/.m2/repository/org/openjdk/jmh/jmh-generator-annprocess/1.19/jmh-generator-annprocess-1.19.jar:/root/.m2/repository/org/mockito/mockito-all/1.8.5/mockito-all-1.8.5.jar:/root/.m2/repository/org/apache/hadoop/hadoop-kms/3.2.0/hadoop-kms-3.2.0.jar:/root/.m2/repository/org/apache/hadoop/hadoop-auth/3.2.0/hadoop-auth-3.2.0.jar:/root/.m2/repository/com/nimbusds/nimbus-jose-jwt/4.41.1/nimbus-jose-jwt-4.41.1.jar:/root/.m2/repository/com/github/stephenc/jcip/jcip-annotations/1.0-1/jcip-annotations-1.0-1.jar:/root/.m2/repository/net/minidev/json-smart/2.3/json-smart-2.3.jar:/root/.m2/repository/net/minidev/accessors-smart/1.2/accessors-smart-1.2.jar:/root/.m2/repository/org/ow2/asm/asm/5.0.4/asm-5.0.4.jar:/root/.m2/repository/org/apache/curator/curator-framework/2.12.0/curator-framework-2.12.0.jar:/root/.m2/repository/com/sun/jersey/jersey-core/1.19/jersey-core-1.19.jar:/root/.m2/repository/javax/ws/rs/jsr311-api/1.1.1/jsr311-api-1.1.1.jar:/root/.m2/repository/com/sun/jersey/jersey-server/1.19/jersey-server-1.19.jar:/root/.m2/repository/javax/servlet/javax.servlet-api/3.1.0/javax.servlet-api-3.1.0.jar:/root/.m2/repository/org/eclipse/jetty/jetty-server/9.3.24.v20180605/jetty-server-9.3.24.v20180605.jar:/root/.m2/repository/org/eclipse/jetty/jetty-http/9.3.24.v20180605/jetty-http-9.3.24.v20180605.jar:/root/.m2/repository/org/eclipse/jetty/jetty-io/9.3.24.v20180605/jetty-io-9.3.24.v20180605.jar:/root/.m2/repository/org/eclipse/jetty/jetty-webapp/9.3.24.v20180605/jetty-webapp-9.3.24.v20180605.jar:/root/.m2/repository/org/eclipse/jetty/jetty-xml/9.3.24.v20180605/jetty-xml-9.3.24.v20180605.jar:/root/.m2/repository/log4j/log4j/1.2.17/log4j-1.2.17.jar:/root/.m2/repository/org/slf4j/slf4j-api/1.7.25/slf4j-api-1.7.25.jar:/root/.m2/repository/org/slf4j/jul-to-slf4j/1.7.25/jul-to-slf4j-1.7.25.jar:/root/.m2/repository/org/eclipse/jetty/jetty-util/9.3.24.v20180605/jetty-util-9.3.24.v20180605.jar:/root/.m2/repository/io/dropwizard/metrics/metrics-core/3.2.4/metrics-core-3.2.4.jar:/root/.m2/repository/com/fasterxml/jackson/core/jackson-databind/2.9.5/jackson-databind-2.9.5.jar:/root/.m2/repository/org/apache/hadoop/hadoop-kms/3.2.0/hadoop-kms-3.2.0-tests.jar:/root/.m2/repository/org/apache/hadoop/hadoop-hdds-server-scm/0.5.0-SNAPSHOT/hadoop-hdds-server-scm-0.5.0-SNAPSHOT-tests.jar:/root/.m2/repository/org/hamcrest/hamcrest-all/1.3/hamcrest-all-1.3.jar:/root/.m2/repository/info/picocli/picocli/3.9.6/picocli-3.9.6.jar:/root/.m2/repository/org/apache/hadoop/hadoop-hdds-container-service/0.5.0-SNAPSHOT/hadoop-hdds-container-service-0.5.0-SNAPSHOT-tests.jar:/root/.m2/repository/org/yaml/snakeyaml/1.16/snakeyaml-1.16.jar:/root/.m2/repository/org/apache/hadoop/hadoop-common/3.2.0/hadoop-common-3.2.0-tests.jar:/root/.m2/repository/org/apache/hadoop/hadoop-annotations/3.2.0/hadoop-annotations-3.2.0.jar:/usr/lib/jvm/java-1.8-openjdk/jre/../lib/tools.jar:/root/.m2/repository/commons-cli/commons-cli/1.2/commons-cli-1.2.jar:/root/.m2/repository/org/apache/httpcomponents/httpclient/4.5.2/httpclient-4.5.2.jar:/root/.m2/repository/org/apache/httpcomponents/httpcore/4.4.4/httpcore-4.4.4.jar:/root/.m2/repository/commons-codec/commons-codec/1.11/commons-codec-1.11.jar:/root/.m2/repository/commons-net/commons-net/3.6/commons-net-3.6.jar:/root/.m2/repository/commons-collections/commons-collections/3.2.2/commons-collections-3.2.2.jar:/root/.m2/repository/org/eclipse/jetty/jetty-servlet/9.3.24.v20180605/jetty-servlet-9.3.24.v20180605.jar:/root/.m2/repository/org/eclipse/jetty/jetty-security/9.3.24.v20180605/jetty-security-9.3.24.v20180605.jar:/root/.m2/repository/javax/servlet/jsp/jsp-api/2.1/jsp-api-2.1.jar:/root/.m2/repository/com/sun/jersey/jersey-servlet/1.19/jersey-servlet-1.19.jar:/root/.m2/repository/com/sun/jersey/jersey-json/1.19/jersey-json-1.19.jar:/root/.m2/repository/org/codehaus/jettison/jettison/1.1/jettison-1.1.jar:/root/.m2/repository/org/codehaus/jackson/jackson-core-asl/1.9.13/jackson-core-asl-1.9.13.jar:/root/.m2/repository/org/codehaus/jackson/jackson-mapper-asl/1.9.13/jackson-mapper-asl-1.9.13.jar:/root/.m2/repository/org/codehaus/jackson/jackson-jaxrs/1.9.13/jackson-jaxrs-1.9.13.jar:/root/.m2/repository/org/codehaus/jackson/jackson-xc/1.9.13/jackson-xc-1.9.13.jar:/root/.m2/repository/commons-logging/commons-logging/1.1.3/commons-logging-1.1.3.jar:/root/.m2/repository/commons-beanutils/commons-beanutils/1.9.3/commons-beanutils-1.9.3.jar:/root/.m2/repository/org/apache/commons/commons-configuration2/2.1.1/commons-configuration2-2.1.1.jar:/root/.m2/repository/org/apache/commons/commons-lang3/3.7/commons-lang3-3.7.jar:/root/.m2/repository/org/apache/commons/commons-text/1.4/commons-text-1.4.jar:/root/.m2/repository/org/apache/avro/avro/1.7.7/avro-1.7.7.jar:/root/.m2/repository/com/thoughtworks/paranamer/paranamer/2.3/paranamer-2.3.jar:/root/.m2/repository/org/xerial/snappy/snappy-java/1.0.5/snappy-java-1.0.5.jar:/root/.m2/repository/com/google/re2j/re2j/1.1/re2j-1.1.jar:/root/.m2/repository/com/google/code/gson/gson/2.2.4/gson-2.2.4.jar:/root/.m2/repository/com/jcraft/jsch/0.1.54/jsch-0.1.54.jar:/root/.m2/repository/org/apache/curator/curator-client/2.12.0/curator-client-2.12.0.jar:/root/.m2/repository/org/apache/curator/curator-recipes/2.12.0/curator-recipes-2.12.0.jar:/root/.m2/repository/com/google/code/findbugs/jsr305/3.0.0/jsr305-3.0.0.jar:/root/.m2/repository/org/apache/htrace/htrace-core4/4.1.0-incubating/htrace-core4-4.1.0-incubating.jar:/root/.m2/repository/org/apache/zookeeper/zookeeper/3.4.13/zookeeper-3.4.13.jar:/root/.m2/repository/org/apache/yetus/audience-annotations/0.5.0/audience-annotations-0.5.0.jar:/root/.m2/repository/org/codehaus/woodstox/stax2-api/3.1.4/stax2-api-3.1.4.jar:/root/.m2/repository/com/fasterxml/woodstox/woodstox-core/5.0.3/woodstox-core-5.0.3.jar:/root/.m2/repository/dnsjava/dnsjava/2.1.7/dnsjava-2.1.7.jar:/root/.m2/repository/org/apache/hadoop/hadoop-hdfs/3.2.0/hadoop-hdfs-3.2.0-tests.jar:/root/.m2/repository/org/eclipse/jetty/jetty-util-ajax/9.3.24.v20180605/jetty-util-ajax-9.3.24.v20180605.jar:/root/.m2/repository/commons-daemon/commons-daemon/1.0.13/commons-daemon-1.0.13.jar:/root/.m2/repository/io/netty/netty/3.10.5.Final/netty-3.10.5.Final.jar:/root/.m2/repository/io/netty/netty-all/4.0.52.Final/netty-all-4.0.52.Final.jar:/root/.m2/repository/org/fusesource/leveldbjni/leveldbjni-all/1.8/leveldbjni-all-1.8.jar:"/>
    <property name="sun.cpu.endian" value="little"/>
    <property name="user.home" value="/root"/>
    <property name="user.language" value="en"/>
    <property name="java.specification.vendor" value="Oracle Corporation"/>
    <property name="java.home" value="/usr/lib/jvm/java-1.8-openjdk/jre"/>
    <property name="java.security.krb5.conf" value="/opt/src/hadoop-ozone/integration-test/target/test-classes/krb5.conf"/>
    <property name="basedir" value="/opt/src/hadoop-ozone/integration-test"/>
    <property name="file.separator" value="/"/>
    <property name="line.separator" value="&#10;"/>
    <property name="java.vm.specification.vendor" value="Oracle Corporation"/>
    <property name="java.specification.name" value="Java Platform API Specification"/>
    <property name="java.awt.graphicsenv" value="sun.awt.X11GraphicsEnvironment"/>
    <property name="surefire.real.class.path" value="/opt/src/hadoop-ozone/integration-test/target/surefire/surefirebooter3545191687023933030.jar"/>
    <property name="hadoop.log.dir" value="/opt/src/hadoop-ozone/integration-test/target/log"/>
    <property name="sun.boot.class.path" value="/usr/lib/jvm/java-1.8-openjdk/jre/lib/resources.jar:/usr/lib/jvm/java-1.8-openjdk/jre/lib/rt.jar:/usr/lib/jvm/java-1.8-openjdk/jre/lib/sunrsasign.jar:/usr/lib/jvm/java-1.8-openjdk/jre/lib/jsse.jar:/usr/lib/jvm/java-1.8-openjdk/jre/lib/jce.jar:/usr/lib/jvm/java-1.8-openjdk/jre/lib/charsets.jar:/usr/lib/jvm/java-1.8-openjdk/jre/lib/jfr.jar:/usr/lib/jvm/java-1.8-openjdk/jre/classes"/>
    <property name="sun.management.compiler" value="HotSpot 64-Bit Tiered Compilers"/>
    <property name="java.runtime.version" value="1.8.0_212-b04"/>
    <property name="java.net.preferIPv4Stack" value="true"/>
    <property name="user.name" value="root"/>
    <property name="path.separator" value=":"/>
    <property name="java.security.egd" value="file:///dev/urandom"/>
    <property name="os.version" value="4.15.0-1021-aws"/>
    <property name="java.endorsed.dirs" value="/usr/lib/jvm/java-1.8-openjdk/jre/lib/endorsed"/>
    <property name="java.runtime.name" value="OpenJDK Runtime Environment"/>
    <property name="file.encoding" value="UTF-8"/>
    <property name="java.vm.name" value="OpenJDK 64-Bit Server VM"/>
    <property name="test.build.webapps" value=""/>
    <property name="localRepository" value="/root/.m2/repository"/>
    <property name="java.vendor.url.bug" value="https://icedtea.classpath.org/bugzilla"/>
    <property name="java.io.tmpdir" value="/tmp"/>
    <property name="require.test.libhadoop" value=""/>
    <property name="java.version" value="1.8.0_212"/>
    <property name="user.dir" value="/opt/src/hadoop-ozone/integration-test"/>
    <property name="os.arch" value="amd64"/>
    <property name="java.vm.specification.name" value="Java Virtual Machine Specification"/>
    <property name="test.build.classes" value="/opt/src/hadoop-ozone/integration-test/target/test-classes"/>
    <property name="java.awt.printerjob" value="sun.print.PSPrinterJob"/>
    <property name="sun.os.patch.level" value="unknown"/>
    <property name="hadoop.tmp.dir" value="/opt/src/hadoop-ozone/integration-test/target/tmp"/>
    <property name="java.library.path" value="/usr/lib/jvm/java-1.8-openjdk/jre/lib/amd64/server:/usr/lib/jvm/java-1.8-openjdk/jre/lib/amd64:/usr/lib/jvm/java-1.8-openjdk/jre/../lib/amd64:/opt/src/hadoop-ozone/integration-test/target/native/target/usr/local/lib:/opt/src/hadoop-ozone/integration-test/../../hadoop-common-project/hadoop-common/target/native/target/usr/local/lib:/usr/java/packages/lib/amd64:/usr/lib64:/lib64:/lib:/usr/lib"/>
    <property name="java.vm.info" value="mixed mode"/>
    <property name="java.vendor" value="IcedTea"/>
    <property name="java.vm.version" value="25.212-b04"/>
    <property name="java.ext.dirs" value="/usr/lib/jvm/java-1.8-openjdk/jre/lib/ext:/usr/java/packages/lib/ext"/>
    <property name="sun.io.unicode.encoding" value="UnicodeLittle"/>
    <property name="java.class.version" value="52.0"/>
  </properties>
  <testcase name="testPipelineFail" classname="org.apache.hadoop.hdds.scm.pipeline.TestNodeFailure" time="0">
    <skipped/>
    <system-out><![CDATA[2019-06-14 01:56:24,495 WARN  server.ServerUtils (ServerUtils.java:getScmDbDir(145)) - ozone.scm.db.dirs is not configured. We recommend adding this setting. Falling back to ozone.metadata.dirs instead.
2019-06-14 01:56:24,564 WARN  server.ServerUtils (ServerUtils.java:getScmDbDir(145)) - ozone.scm.db.dirs is not configured. We recommend adding this setting. Falling back to ozone.metadata.dirs instead.
2019-06-14 01:56:24,567 WARN  server.ServerUtils (ServerUtils.java:getScmDbDir(145)) - ozone.scm.db.dirs is not configured. We recommend adding this setting. Falling back to ozone.metadata.dirs instead.
2019-06-14 01:56:24,582 INFO  util.log (Log.java:initialized(192)) - Logging initialized @788ms
2019-06-14 01:56:24,676 INFO  db.DBStoreBuilder (DBStoreBuilder.java:addTable(110)) - using custom profile for table: deletedBlocks
2019-06-14 01:56:24,676 INFO  db.DBStoreBuilder (DBStoreBuilder.java:processTables(161)) - Using default column profile:DBProfile.DISK for Table:deletedBlocks
2019-06-14 01:56:24,676 INFO  db.DBStoreBuilder (DBStoreBuilder.java:addTable(110)) - using custom profile for table: validCerts
2019-06-14 01:56:24,676 INFO  db.DBStoreBuilder (DBStoreBuilder.java:processTables(161)) - Using default column profile:DBProfile.DISK for Table:validCerts
2019-06-14 01:56:24,677 INFO  db.DBStoreBuilder (DBStoreBuilder.java:addTable(110)) - using custom profile for table: revokedCerts
2019-06-14 01:56:24,677 INFO  db.DBStoreBuilder (DBStoreBuilder.java:processTables(161)) - Using default column profile:DBProfile.DISK for Table:revokedCerts
2019-06-14 01:56:24,687 INFO  db.DBStoreBuilder (DBStoreBuilder.java:addTable(110)) - using custom profile for table: default
2019-06-14 01:56:24,687 INFO  db.DBStoreBuilder (DBStoreBuilder.java:processTables(167)) - Using default column profile:DBProfile.DISK for Table:default
2019-06-14 01:56:24,688 INFO  db.DBStoreBuilder (DBStoreBuilder.java:getDbProfile(198)) - Using default options. DBProfile.DISK
2019-06-14 01:56:24,756 INFO  node.SCMNodeManager (SCMNodeManager.java:<init>(108)) - Entering startup safe mode.
2019-06-14 01:56:24,810 INFO  net.NodeSchemaLoader (NodeSchemaLoader.java:loadSchemaFromFile(125)) - Loading file from sun.misc.CompoundEnumeration@443118b0
2019-06-14 01:56:24,811 INFO  net.NodeSchemaLoader (NodeSchemaLoader.java:loadSchema(171)) - Loading network topology layer schema file
2019-06-14 01:56:24,861 WARN  server.ServerUtils (ServerUtils.java:getScmDbDir(145)) - ozone.scm.db.dirs is not configured. We recommend adding this setting. Falling back to ozone.metadata.dirs instead.
2019-06-14 01:56:24,880 INFO  pipeline.SCMPipelineManager (SCMPipelineManager.java:initializePipelineState(126)) - No pipeline exists in current db
2019-06-14 01:56:24,882 WARN  server.ServerUtils (ServerUtils.java:getScmDbDir(145)) - ozone.scm.db.dirs is not configured. We recommend adding this setting. Falling back to ozone.metadata.dirs instead.
2019-06-14 01:56:24,934 WARN  events.EventQueue (EventQueue.java:fireEvent(175)) - No event handler registered for event TypedEvent{payloadType=SafeModeStatus, name='SafeModeStatus'}
2019-06-14 01:56:25,244 INFO  ipc.CallQueueManager (CallQueueManager.java:<init>(84)) - Using callQueue: class java.util.concurrent.LinkedBlockingQueue, queueCapacity: 2000, scheduler: class org.apache.hadoop.ipc.DefaultRpcScheduler, ipcBackoff: false.
2019-06-14 01:56:25,266 INFO  ipc.Server (Server.java:run(1074)) - Starting Socket Reader #1 for port 34687
2019-06-14 01:56:25,285 INFO  ipc.CallQueueManager (CallQueueManager.java:<init>(84)) - Using callQueue: class java.util.concurrent.LinkedBlockingQueue, queueCapacity: 2000, scheduler: class org.apache.hadoop.ipc.DefaultRpcScheduler, ipcBackoff: false.
2019-06-14 01:56:25,286 INFO  ipc.Server (Server.java:run(1074)) - Starting Socket Reader #1 for port 40779
2019-06-14 01:56:25,292 INFO  ipc.CallQueueManager (CallQueueManager.java:<init>(84)) - Using callQueue: class java.util.concurrent.LinkedBlockingQueue, queueCapacity: 2000, scheduler: class org.apache.hadoop.ipc.DefaultRpcScheduler, ipcBackoff: false.
2019-06-14 01:56:25,317 INFO  ipc.Server (Server.java:run(1074)) - Starting Socket Reader #1 for port 33641
2019-06-14 01:56:25,336 INFO  hdfs.DFSUtil (DFSUtil.java:httpServerTemplateForNNAndJN(1641)) - Starting Web-server for scm at: http://0.0.0.0:0
2019-06-14 01:56:25,482 INFO  server.AuthenticationFilter (AuthenticationFilter.java:constructSecretProvider(240)) - Unable to initialize FileSignerSecretProvider, falling back to use random secrets.
2019-06-14 01:56:25,488 WARN  http.HttpRequestLog (HttpRequestLog.java:getRequestLog(97)) - Jetty request log can only be enabled using Log4j
2019-06-14 01:56:25,495 INFO  http.HttpServer2 (HttpServer2.java:addGlobalFilter(975)) - Added global filter 'safety' (class=org.apache.hadoop.http.HttpServer2$QuotingInputFilter)
2019-06-14 01:56:25,497 INFO  http.HttpServer2 (HttpServer2.java:addFilter(948)) - Added filter static_user_filter (class=org.apache.hadoop.http.lib.StaticUserWebFilter$StaticUserFilter) to context scm
2019-06-14 01:56:25,498 INFO  http.HttpServer2 (HttpServer2.java:addFilter(958)) - Added filter static_user_filter (class=org.apache.hadoop.http.lib.StaticUserWebFilter$StaticUserFilter) to context logs
2019-06-14 01:56:25,498 INFO  http.HttpServer2 (HttpServer2.java:addFilter(958)) - Added filter static_user_filter (class=org.apache.hadoop.http.lib.StaticUserWebFilter$StaticUserFilter) to context static
2019-06-14 01:56:25,521 INFO  server.StorageContainerManager (StorageContainerManager.java:start(752)) - StorageContainerLocationProtocol RPC server is listening at /0.0.0.0:33641
2019-06-14 01:56:25,567 WARN  impl.MetricsConfig (MetricsConfig.java:loadFirst(134)) - Cannot locate configuration: tried hadoop-metrics2-storagecontainermanager.properties,hadoop-metrics2.properties
2019-06-14 01:56:25,577 INFO  impl.MetricsSystemImpl (MetricsSystemImpl.java:startTimer(374)) - Scheduled Metric snapshot period at 10 second(s).
2019-06-14 01:56:25,577 INFO  impl.MetricsSystemImpl (MetricsSystemImpl.java:start(191)) - StorageContainerManager metrics system started
2019-06-14 01:56:25,749 INFO  server.SCMClientProtocolServer (SCMClientProtocolServer.java:start(149)) - RPC server for Client  is listening at /0.0.0.0:33641
2019-06-14 01:56:25,750 INFO  ipc.Server (Server.java:run(1314)) - IPC Server Responder: starting
2019-06-14 01:56:25,750 INFO  ipc.Server (Server.java:run(1153)) - IPC Server listener on 33641: starting
2019-06-14 01:56:25,753 INFO  server.StorageContainerManager (StorageContainerManager.java:start(761)) - ScmBlockLocationProtocol RPC server is listening at /0.0.0.0:40779
2019-06-14 01:56:25,753 INFO  server.SCMBlockProtocolServer (SCMBlockProtocolServer.java:start(137)) - RPC server for Block Protocol is listening at /0.0.0.0:40779
2019-06-14 01:56:25,753 INFO  ipc.Server (Server.java:run(1314)) - IPC Server Responder: starting
2019-06-14 01:56:25,753 INFO  ipc.Server (Server.java:run(1153)) - IPC Server listener on 40779: starting
2019-06-14 01:56:25,759 INFO  server.StorageContainerManager (StorageContainerManager.java:start(765)) - ScmDatanodeProtocl RPC server is listening at /0.0.0.0:34687
2019-06-14 01:56:25,759 INFO  server.SCMDatanodeProtocolServer (SCMDatanodeProtocolServer.java:start(191)) - RPC server for DataNodes is listening at /0.0.0.0:34687
2019-06-14 01:56:25,759 INFO  ipc.Server (Server.java:run(1314)) - IPC Server Responder: starting
2019-06-14 01:56:25,759 INFO  ipc.Server (Server.java:run(1153)) - IPC Server listener on 34687: starting
2019-06-14 01:56:25,762 INFO  http.HttpServer2 (HttpServer2.java:bindListener(1191)) - Jetty bound to port 40751
2019-06-14 01:56:25,764 INFO  server.Server (Server.java:doStart(351)) - jetty-9.3.24.v20180605, build timestamp: 2018-06-05T17:11:56Z, git hash: 84205aa28f11a4f31f2a3b86d1bba2cc8ab69827
2019-06-14 01:56:25,797 INFO  handler.ContextHandler (ContextHandler.java:doStart(781)) - Started o.e.j.s.ServletContextHandler@2df6226d{/logs,file:///opt/src/hadoop-ozone/integration-test/target/log,AVAILABLE}
2019-06-14 01:56:25,798 INFO  handler.ContextHandler (ContextHandler.java:doStart(781)) - Started o.e.j.s.ServletContextHandler@4ff4357f{/static,file:///opt/src/hadoop-ozone/integration-test/target/test-classes/webapps/static,AVAILABLE}
2019-06-14 01:56:25,826 INFO  handler.ContextHandler (ContextHandler.java:doStart(781)) - Started o.e.j.w.WebAppContext@2484f433{/,file:///opt/src/hadoop-ozone/integration-test/target/test-classes/webapps/scm/,AVAILABLE}{/scm}
2019-06-14 01:56:25,830 INFO  server.AbstractConnector (AbstractConnector.java:doStart(278)) - Started ServerConnector@841e575{HTTP/1.1,[http/1.1]}{0.0.0.0:40751}
2019-06-14 01:56:25,831 INFO  server.Server (Server.java:doStart(419)) - Started @2037ms
2019-06-14 01:56:25,832 INFO  server.BaseHttpServer (BaseHttpServer.java:updateConnectorAddress(207)) - HTTP server of SCM is listening at http://0.0.0.0:40751
2019-06-14 01:56:25,838 INFO  util.JvmPauseMonitor (JvmPauseMonitor.java:run(188)) - Starting JVM pause monitor
2019-06-14 01:56:25,839 WARN  scm.ScmUtils (ScmUtils.java:getDBPath(63)) - ozone.om.db.dirs is not configured. We recommend adding this setting. Falling back to ozone.metadata.dirs instead.
2019-06-14 01:56:25,923 WARN  scm.ScmUtils (ScmUtils.java:getDBPath(63)) - ozone.om.db.dirs is not configured. We recommend adding this setting. Falling back to ozone.metadata.dirs instead.
2019-06-14 01:56:25,924 INFO  om.OzoneManager (OzoneManager.java:setOMNodeDetails(519)) - OM Service ID is not set. Setting it to the default ID: omServiceIdDefault
2019-06-14 01:56:25,924 INFO  om.OzoneManager (OzoneManager.java:setOMNodeDetails(525)) - OM Node ID is not set. Setting it to the OmStorage's OmID: f556305a-fa58-4a00-8c0d-4029dec809c4
2019-06-14 01:56:25,925 WARN  scm.HddsServerUtil (HddsServerUtil.java:getDefaultRatisDirectory(354)) - Storage directory for Ratis is not configured. It is a good idea to map this to an SSD disk. Falling back to ozone.metadata.dirs
2019-06-14 01:56:25,926 WARN  scm.HddsServerUtil (HddsServerUtil.java:getDefaultRatisDirectory(354)) - Storage directory for Ratis is not configured. It is a good idea to map this to an SSD disk. Falling back to ozone.metadata.dirs
2019-06-14 01:56:25,926 INFO  om.OzoneManager (OzoneManager.java:loadOMHAConfigs(476)) - Found matching OM address with OMServiceId: null, OMNodeId: null, RPC Address: localhost:0 and Ratis port: 9872
2019-06-14 01:56:26,121 WARN  scm.ScmUtils (ScmUtils.java:getDBPath(63)) - ozone.om.db.dirs is not configured. We recommend adding this setting. Falling back to ozone.metadata.dirs instead.
2019-06-14 01:56:26,128 INFO  db.DBStoreBuilder (DBStoreBuilder.java:addTable(110)) - using custom profile for table: userTable
2019-06-14 01:56:26,128 INFO  db.DBStoreBuilder (DBStoreBuilder.java:processTables(161)) - Using default column profile:DBProfile.DISK for Table:userTable
2019-06-14 01:56:26,128 INFO  db.DBStoreBuilder (DBStoreBuilder.java:addTable(110)) - using custom profile for table: volumeTable
2019-06-14 01:56:26,128 INFO  db.DBStoreBuilder (DBStoreBuilder.java:processTables(161)) - Using default column profile:DBProfile.DISK for Table:volumeTable
2019-06-14 01:56:26,129 INFO  db.DBStoreBuilder (DBStoreBuilder.java:addTable(110)) - using custom profile for table: bucketTable
2019-06-14 01:56:26,129 INFO  db.DBStoreBuilder (DBStoreBuilder.java:processTables(161)) - Using default column profile:DBProfile.DISK for Table:bucketTable
2019-06-14 01:56:26,129 INFO  db.DBStoreBuilder (DBStoreBuilder.java:addTable(110)) - using custom profile for table: keyTable
2019-06-14 01:56:26,129 INFO  db.DBStoreBuilder (DBStoreBuilder.java:processTables(161)) - Using default column profile:DBProfile.DISK for Table:keyTable
2019-06-14 01:56:26,130 INFO  db.DBStoreBuilder (DBStoreBuilder.java:addTable(110)) - using custom profile for table: deletedTable
2019-06-14 01:56:26,130 INFO  db.DBStoreBuilder (DBStoreBuilder.java:processTables(161)) - Using default column profile:DBProfile.DISK for Table:deletedTable
2019-06-14 01:56:26,130 INFO  db.DBStoreBuilder (DBStoreBuilder.java:addTable(110)) - using custom profile for table: openKeyTable
2019-06-14 01:56:26,130 INFO  db.DBStoreBuilder (DBStoreBuilder.java:processTables(161)) - Using default column profile:DBProfile.DISK for Table:openKeyTable
2019-06-14 01:56:26,131 INFO  db.DBStoreBuilder (DBStoreBuilder.java:addTable(110)) - using custom profile for table: s3Table
2019-06-14 01:56:26,131 INFO  db.DBStoreBuilder (DBStoreBuilder.java:processTables(161)) - Using default column profile:DBProfile.DISK for Table:s3Table
2019-06-14 01:56:26,131 INFO  db.DBStoreBuilder (DBStoreBuilder.java:addTable(110)) - using custom profile for table: multipartInfoTable
2019-06-14 01:56:26,131 INFO  db.DBStoreBuilder (DBStoreBuilder.java:processTables(161)) - Using default column profile:DBProfile.DISK for Table:multipartInfoTable
2019-06-14 01:56:26,132 INFO  db.DBStoreBuilder (DBStoreBuilder.java:addTable(110)) - using custom profile for table: dTokenTable
2019-06-14 01:56:26,132 INFO  db.DBStoreBuilder (DBStoreBuilder.java:processTables(161)) - Using default column profile:DBProfile.DISK for Table:dTokenTable
2019-06-14 01:56:26,132 INFO  db.DBStoreBuilder (DBStoreBuilder.java:addTable(110)) - using custom profile for table: s3SecretTable
2019-06-14 01:56:26,132 INFO  db.DBStoreBuilder (DBStoreBuilder.java:processTables(161)) - Using default column profile:DBProfile.DISK for Table:s3SecretTable
2019-06-14 01:56:26,133 INFO  db.DBStoreBuilder (DBStoreBuilder.java:addTable(110)) - using custom profile for table: prefixTable
2019-06-14 01:56:26,133 INFO  db.DBStoreBuilder (DBStoreBuilder.java:processTables(161)) - Using default column profile:DBProfile.DISK for Table:prefixTable
2019-06-14 01:56:26,133 INFO  db.DBStoreBuilder (DBStoreBuilder.java:addTable(110)) - using custom profile for table: default
2019-06-14 01:56:26,133 INFO  db.DBStoreBuilder (DBStoreBuilder.java:processTables(167)) - Using default column profile:DBProfile.DISK for Table:default
2019-06-14 01:56:26,134 INFO  db.DBStoreBuilder (DBStoreBuilder.java:getDbProfile(198)) - Using default options. DBProfile.DISK
2019-06-14 01:56:26,685 INFO  ipc.CallQueueManager (CallQueueManager.java:<init>(84)) - Using callQueue: class java.util.concurrent.LinkedBlockingQueue, queueCapacity: 2000, scheduler: class org.apache.hadoop.ipc.DefaultRpcScheduler, ipcBackoff: false.
2019-06-14 01:56:26,686 INFO  ipc.Server (Server.java:run(1074)) - Starting Socket Reader #1 for port 46391
2019-06-14 01:56:26,713 WARN  scm.ScmUtils (ScmUtils.java:getDBPath(63)) - ozone.om.db.dirs is not configured. We recommend adding this setting. Falling back to ozone.metadata.dirs instead.
2019-06-14 01:56:26,714 INFO  om.OzoneManager (OzoneManager.java:start(1217)) - OzoneManager RPC server is listening at localhost/127.0.0.1:46391
2019-06-14 01:56:26,714 INFO  impl.MetricsSystemImpl (MetricsSystemImpl.java:init(158)) - OzoneManager metrics system started (again)
2019-06-14 01:56:26,715 INFO  ipc.Server (Server.java:run(1314)) - IPC Server Responder: starting
2019-06-14 01:56:26,716 INFO  ipc.Server (Server.java:run(1153)) - IPC Server listener on 46391: starting
2019-06-14 01:56:26,760 INFO  hdfs.DFSUtil (DFSUtil.java:httpServerTemplateForNNAndJN(1641)) - Starting Web-server for ozoneManager at: http://0.0.0.0:0
2019-06-14 01:56:26,761 INFO  server.AuthenticationFilter (AuthenticationFilter.java:constructSecretProvider(240)) - Unable to initialize FileSignerSecretProvider, falling back to use random secrets.
2019-06-14 01:56:26,762 WARN  http.HttpRequestLog (HttpRequestLog.java:getRequestLog(97)) - Jetty request log can only be enabled using Log4j
2019-06-14 01:56:26,764 INFO  http.HttpServer2 (HttpServer2.java:addGlobalFilter(975)) - Added global filter 'safety' (class=org.apache.hadoop.http.HttpServer2$QuotingInputFilter)
2019-06-14 01:56:26,764 INFO  http.HttpServer2 (HttpServer2.java:addFilter(948)) - Added filter static_user_filter (class=org.apache.hadoop.http.lib.StaticUserWebFilter$StaticUserFilter) to context ozoneManager
2019-06-14 01:56:26,765 INFO  http.HttpServer2 (HttpServer2.java:addFilter(958)) - Added filter static_user_filter (class=org.apache.hadoop.http.lib.StaticUserWebFilter$StaticUserFilter) to context logs
2019-06-14 01:56:26,765 INFO  http.HttpServer2 (HttpServer2.java:addFilter(958)) - Added filter static_user_filter (class=org.apache.hadoop.http.lib.StaticUserWebFilter$StaticUserFilter) to context static
2019-06-14 01:56:26,767 INFO  http.HttpServer2 (HttpServer2.java:bindListener(1191)) - Jetty bound to port 38847
2019-06-14 01:56:26,767 INFO  server.Server (Server.java:doStart(351)) - jetty-9.3.24.v20180605, build timestamp: 2018-06-05T17:11:56Z, git hash: 84205aa28f11a4f31f2a3b86d1bba2cc8ab69827
2019-06-14 01:56:26,770 INFO  handler.ContextHandler (ContextHandler.java:doStart(781)) - Started o.e.j.s.ServletContextHandler@7c2a69b4{/logs,file:///opt/src/hadoop-ozone/integration-test/target/log,AVAILABLE}
2019-06-14 01:56:26,771 INFO  handler.ContextHandler (ContextHandler.java:doStart(781)) - Started o.e.j.s.ServletContextHandler@648ee871{/static,file:///opt/src/hadoop-ozone/integration-test/target/test-classes/webapps/static,AVAILABLE}
2019-06-14 01:56:26,775 INFO  handler.ContextHandler (ContextHandler.java:doStart(781)) - Started o.e.j.w.WebAppContext@6f012914{/,file:///opt/src/hadoop-ozone/integration-test/target/test-classes/webapps/ozoneManager/,AVAILABLE}{/ozoneManager}
2019-06-14 01:56:26,775 INFO  server.AbstractConnector (AbstractConnector.java:doStart(278)) - Started ServerConnector@18fdb6cf{HTTP/1.1,[http/1.1]}{0.0.0.0:38847}
2019-06-14 01:56:26,775 INFO  server.Server (Server.java:doStart(419)) - Started @2981ms
2019-06-14 01:56:26,803 INFO  server.BaseHttpServer (BaseHttpServer.java:updateConnectorAddress(207)) - HTTP server of OZONEMANAGER is listening at http://0.0.0.0:38847
2019-06-14 01:56:26,923 INFO  impl.MetricsSystemImpl (MetricsSystemImpl.java:init(158)) - HddsDatanode metrics system started (again)
2019-06-14 01:56:27,093 INFO  ozone.HddsDatanodeService (HddsDatanodeService.java:start(185)) - HddsDatanodeService host:ozone-s4hr9-797773889 ip:192.168.46.36
2019-06-14 01:56:27,116 INFO  volume.HddsVolume (HddsVolume.java:<init>(176)) - Creating Volume: /opt/src/hadoop-ozone/integration-test/target/test-dir/MiniOzoneClusterImpl-a714103e-e92c-4fc5-b849-803b59b9aef6/datanode-0/data/containers/hdds of  storage type : DISK and capacity : 104021790720
2019-06-14 01:56:27,117 INFO  volume.VolumeSet (VolumeSet.java:initializeVolumeSet(170)) - Added Volume : /opt/src/hadoop-ozone/integration-test/target/test-dir/MiniOzoneClusterImpl-a714103e-e92c-4fc5-b849-803b59b9aef6/datanode-0/data/containers/hdds to VolumeSet
2019-06-14 01:56:27,120 INFO  volume.ThrottledAsyncChecker (ThrottledAsyncChecker.java:schedule(140)) - Scheduling a check for org.apache.hadoop.ozone.container.common.volume.HddsVolume@4a6c18ad
2019-06-14 01:56:27,137 INFO  volume.HddsVolumeChecker (HddsVolumeChecker.java:checkAllVolumes(203)) - Scheduled health check for volume org.apache.hadoop.ozone.container.common.volume.HddsVolume@4a6c18ad
2019-06-14 01:56:27,182 INFO  ratis.XceiverServerRatis (XceiverServerRatis.java:newXceiverServerRatis(401)) - Found a free port for the server : 39751
2019-06-14 01:56:27,250 INFO  impl.RaftServerProxy (ConfUtils.java:logGet(43)) - raft.rpc.type = GRPC (default)
2019-06-14 01:56:27,260 INFO  grpc.GrpcConfigKeys$Server (ConfUtils.java:logGet(43)) - raft.grpc.server.port = 39751 (custom)
2019-06-14 01:56:27,261 INFO  server.GrpcService (ConfUtils.java:logGet(43)) - raft.grpc.message.size.max = 33570816 (custom)
2019-06-14 01:56:27,262 INFO  server.RaftServerConfigKeys (ConfUtils.java:logGet(43)) - raft.server.log.appender.buffer.byte-limit = 33554432 (custom)
2019-06-14 01:56:27,263 INFO  server.GrpcService (ConfUtils.java:logGet(43)) - raft.grpc.flow.control.window = 1MB (=1048576) (default)
2019-06-14 01:56:27,264 INFO  server.RaftServerConfigKeys (ConfUtils.java:logGet(43)) - raft.server.rpc.request.timeout = 3000ms (default)
2019-06-14 01:56:27,424 INFO  server.RaftServerConfigKeys (ConfUtils.java:logGet(43)) - raft.server.storage.dir = [/opt/src/hadoop-ozone/integration-test/target/test-dir/MiniOzoneClusterImpl-a714103e-e92c-4fc5-b849-803b59b9aef6/datanode-0/data/ratis] (custom)
2019-06-14 01:56:27,431 INFO  server.XceiverServerGrpc (XceiverServerGrpc.java:<init>(97)) - Found a free port for the server : 34725
2019-06-14 01:56:27,461 INFO  replication.SimpleContainerDownloader (SimpleContainerDownloader.java:<init>(72)) - Starting container downloader service to copy containers to replicate.
2019-06-14 01:56:27,473 INFO  hdfs.DFSUtil (DFSUtil.java:httpServerTemplateForNNAndJN(1641)) - Starting Web-server for hddsDatanode at: http://0.0.0.0:0
2019-06-14 01:56:27,474 INFO  server.AuthenticationFilter (AuthenticationFilter.java:constructSecretProvider(240)) - Unable to initialize FileSignerSecretProvider, falling back to use random secrets.
2019-06-14 01:56:27,475 WARN  http.HttpRequestLog (HttpRequestLog.java:getRequestLog(97)) - Jetty request log can only be enabled using Log4j
2019-06-14 01:56:27,477 INFO  http.HttpServer2 (HttpServer2.java:addGlobalFilter(975)) - Added global filter 'safety' (class=org.apache.hadoop.http.HttpServer2$QuotingInputFilter)
2019-06-14 01:56:27,478 INFO  http.HttpServer2 (HttpServer2.java:addFilter(948)) - Added filter static_user_filter (class=org.apache.hadoop.http.lib.StaticUserWebFilter$StaticUserFilter) to context hddsDatanode
2019-06-14 01:56:27,478 INFO  http.HttpServer2 (HttpServer2.java:addFilter(958)) - Added filter static_user_filter (class=org.apache.hadoop.http.lib.StaticUserWebFilter$StaticUserFilter) to context logs
2019-06-14 01:56:27,478 INFO  http.HttpServer2 (HttpServer2.java:addFilter(958)) - Added filter static_user_filter (class=org.apache.hadoop.http.lib.StaticUserWebFilter$StaticUserFilter) to context static
2019-06-14 01:56:27,479 INFO  http.HttpServer2 (HttpServer2.java:bindListener(1191)) - Jetty bound to port 40979
2019-06-14 01:56:27,479 INFO  server.Server (Server.java:doStart(351)) - jetty-9.3.24.v20180605, build timestamp: 2018-06-05T17:11:56Z, git hash: 84205aa28f11a4f31f2a3b86d1bba2cc8ab69827
2019-06-14 01:56:27,481 INFO  handler.ContextHandler (ContextHandler.java:doStart(781)) - Started o.e.j.s.ServletContextHandler@2e51d054{/logs,file:///opt/src/hadoop-ozone/integration-test/target/log,AVAILABLE}
2019-06-14 01:56:27,481 INFO  handler.ContextHandler (ContextHandler.java:doStart(781)) - Started o.e.j.s.ServletContextHandler@615e3f51{/static,jar:file:/root/.m2/repository/org/apache/hadoop/hadoop-hdds-container-service/0.5.0-SNAPSHOT/hadoop-hdds-container-service-0.5.0-SNAPSHOT.jar!/webapps/static,AVAILABLE}
2019-06-14 01:56:27,516 INFO  handler.ContextHandler (ContextHandler.java:doStart(781)) - Started o.e.j.w.WebAppContext@5e1fc2aa{/,file:///tmp/jetty-0.0.0.0-40979-hddsDatanode-_-any-5897095528394580570.dir/webapp/,AVAILABLE}{/hddsDatanode}
2019-06-14 01:56:27,517 INFO  server.AbstractConnector (AbstractConnector.java:doStart(278)) - Started ServerConnector@688d411b{HTTP/1.1,[http/1.1]}{0.0.0.0:40979}
2019-06-14 01:56:27,517 INFO  server.Server (Server.java:doStart(419)) - Started @3723ms
2019-06-14 01:56:27,518 INFO  server.BaseHttpServer (BaseHttpServer.java:updateConnectorAddress(207)) - HTTP server of HDDSDATANODE is listening at http://0.0.0.0:40979
2019-06-14 01:56:28,540 INFO  ozone.HddsDatanodeService (HddsDatanodeService.java:startPlugins(396)) - Started plug-in org.apache.hadoop.ozone.web.OzoneHddsDatanodeService@30bf26df
2019-06-14 01:56:28,542 INFO  impl.MetricsSystemImpl (MetricsSystemImpl.java:init(158)) - HddsDatanode metrics system started (again)
2019-06-14 01:56:28,542 INFO  ozone.HddsDatanodeService (HddsDatanodeService.java:start(185)) - HddsDatanodeService host:ozone-s4hr9-797773889 ip:192.168.46.36
2019-06-14 01:56:28,564 INFO  util.JvmPauseMonitor (JvmPauseMonitor.java:run(188)) - Starting JVM pause monitor
2019-06-14 01:56:28,585 INFO  volume.HddsVolume (HddsVolume.java:<init>(176)) - Creating Volume: /opt/src/hadoop-ozone/integration-test/target/test-dir/MiniOzoneClusterImpl-a714103e-e92c-4fc5-b849-803b59b9aef6/datanode-1/data/containers/hdds of  storage type : DISK and capacity : 104021790720
2019-06-14 01:56:28,586 INFO  volume.VolumeSet (VolumeSet.java:initializeVolumeSet(170)) - Added Volume : /opt/src/hadoop-ozone/integration-test/target/test-dir/MiniOzoneClusterImpl-a714103e-e92c-4fc5-b849-803b59b9aef6/datanode-1/data/containers/hdds to VolumeSet
2019-06-14 01:56:28,586 INFO  volume.ThrottledAsyncChecker (ThrottledAsyncChecker.java:schedule(140)) - Scheduling a check for org.apache.hadoop.ozone.container.common.volume.HddsVolume@f171912
2019-06-14 01:56:28,596 INFO  volume.HddsVolumeChecker (HddsVolumeChecker.java:checkAllVolumes(203)) - Scheduled health check for volume org.apache.hadoop.ozone.container.common.volume.HddsVolume@f171912
2019-06-14 01:56:28,630 INFO  ratis.XceiverServerRatis (XceiverServerRatis.java:newXceiverServerRatis(401)) - Found a free port for the server : 32861
2019-06-14 01:56:28,631 INFO  impl.RaftServerProxy (ConfUtils.java:logGet(43)) - raft.rpc.type = GRPC (default)
2019-06-14 01:56:28,631 INFO  grpc.GrpcConfigKeys$Server (ConfUtils.java:logGet(43)) - raft.grpc.server.port = 32861 (custom)
2019-06-14 01:56:28,631 INFO  server.GrpcService (ConfUtils.java:logGet(43)) - raft.grpc.message.size.max = 33570816 (custom)
2019-06-14 01:56:28,632 INFO  server.RaftServerConfigKeys (ConfUtils.java:logGet(43)) - raft.server.log.appender.buffer.byte-limit = 33554432 (custom)
2019-06-14 01:56:28,632 INFO  server.GrpcService (ConfUtils.java:logGet(43)) - raft.grpc.flow.control.window = 1MB (=1048576) (default)
2019-06-14 01:56:28,632 INFO  server.RaftServerConfigKeys (ConfUtils.java:logGet(43)) - raft.server.rpc.request.timeout = 3000ms (default)
2019-06-14 01:56:28,633 INFO  server.RaftServerConfigKeys (ConfUtils.java:logGet(43)) - raft.server.storage.dir = [/opt/src/hadoop-ozone/integration-test/target/test-dir/MiniOzoneClusterImpl-a714103e-e92c-4fc5-b849-803b59b9aef6/datanode-1/data/ratis] (custom)
2019-06-14 01:56:28,633 INFO  server.XceiverServerGrpc (XceiverServerGrpc.java:<init>(97)) - Found a free port for the server : 36761
2019-06-14 01:56:28,634 INFO  replication.SimpleContainerDownloader (SimpleContainerDownloader.java:<init>(72)) - Starting container downloader service to copy containers to replicate.
2019-06-14 01:56:28,636 INFO  hdfs.DFSUtil (DFSUtil.java:httpServerTemplateForNNAndJN(1641)) - Starting Web-server for hddsDatanode at: http://0.0.0.0:0
2019-06-14 01:56:28,637 INFO  server.AuthenticationFilter (AuthenticationFilter.java:constructSecretProvider(240)) - Unable to initialize FileSignerSecretProvider, falling back to use random secrets.
2019-06-14 01:56:28,649 WARN  http.HttpRequestLog (HttpRequestLog.java:getRequestLog(97)) - Jetty request log can only be enabled using Log4j
2019-06-14 01:56:28,651 INFO  http.HttpServer2 (HttpServer2.java:addGlobalFilter(975)) - Added global filter 'safety' (class=org.apache.hadoop.http.HttpServer2$QuotingInputFilter)
2019-06-14 01:56:28,651 INFO  http.HttpServer2 (HttpServer2.java:addFilter(948)) - Added filter static_user_filter (class=org.apache.hadoop.http.lib.StaticUserWebFilter$StaticUserFilter) to context hddsDatanode
2019-06-14 01:56:28,652 INFO  http.HttpServer2 (HttpServer2.java:addFilter(958)) - Added filter static_user_filter (class=org.apache.hadoop.http.lib.StaticUserWebFilter$StaticUserFilter) to context logs
2019-06-14 01:56:28,652 INFO  http.HttpServer2 (HttpServer2.java:addFilter(958)) - Added filter static_user_filter (class=org.apache.hadoop.http.lib.StaticUserWebFilter$StaticUserFilter) to context static
2019-06-14 01:56:28,652 INFO  http.HttpServer2 (HttpServer2.java:bindListener(1191)) - Jetty bound to port 45665
2019-06-14 01:56:28,653 INFO  server.Server (Server.java:doStart(351)) - jetty-9.3.24.v20180605, build timestamp: 2018-06-05T17:11:56Z, git hash: 84205aa28f11a4f31f2a3b86d1bba2cc8ab69827
2019-06-14 01:56:28,656 INFO  handler.ContextHandler (ContextHandler.java:doStart(781)) - Started o.e.j.s.ServletContextHandler@18b6d3c1{/logs,file:///opt/src/hadoop-ozone/integration-test/target/log,AVAILABLE}
2019-06-14 01:56:28,657 INFO  handler.ContextHandler (ContextHandler.java:doStart(781)) - Started o.e.j.s.ServletContextHandler@3fe512d2{/static,jar:file:/root/.m2/repository/org/apache/hadoop/hadoop-hdds-container-service/0.5.0-SNAPSHOT/hadoop-hdds-container-service-0.5.0-SNAPSHOT.jar!/webapps/static,AVAILABLE}
2019-06-14 01:56:28,691 INFO  datanode.InitDatanodeState (InitDatanodeState.java:persistContainerDatanodeDetails(140)) - DatanodeDetails is persisted to /opt/src/hadoop-ozone/integration-test/target/test-dir/MiniOzoneClusterImpl-a714103e-e92c-4fc5-b849-803b59b9aef6/datanode-0/meta/datanode.id
2019-06-14 01:56:28,699 INFO  handler.ContextHandler (ContextHandler.java:doStart(781)) - Started o.e.j.w.WebAppContext@e7b265e{/,file:///tmp/jetty-0.0.0.0-45665-hddsDatanode-_-any-6985245043696085999.dir/webapp/,AVAILABLE}{/hddsDatanode}
2019-06-14 01:56:28,699 INFO  server.AbstractConnector (AbstractConnector.java:doStart(278)) - Started ServerConnector@51da32e5{HTTP/1.1,[http/1.1]}{0.0.0.0:45665}
2019-06-14 01:56:28,701 INFO  server.Server (Server.java:doStart(419)) - Started @4906ms
2019-06-14 01:56:28,701 INFO  server.BaseHttpServer (BaseHttpServer.java:updateConnectorAddress(207)) - HTTP server of HDDSDATANODE is listening at http://0.0.0.0:45665
2019-06-14 01:56:28,897 INFO  ozone.HddsDatanodeService (HddsDatanodeService.java:startPlugins(396)) - Started plug-in org.apache.hadoop.ozone.web.OzoneHddsDatanodeService@db99785
2019-06-14 01:56:28,897 INFO  impl.MetricsSystemImpl (MetricsSystemImpl.java:init(158)) - HddsDatanode metrics system started (again)
2019-06-14 01:56:28,898 INFO  ozone.HddsDatanodeService (HddsDatanodeService.java:start(185)) - HddsDatanodeService host:ozone-s4hr9-797773889 ip:192.168.46.36
2019-06-14 01:56:28,926 INFO  util.JvmPauseMonitor (JvmPauseMonitor.java:run(188)) - Starting JVM pause monitor
2019-06-14 01:56:28,934 INFO  volume.HddsVolume (HddsVolume.java:<init>(176)) - Creating Volume: /opt/src/hadoop-ozone/integration-test/target/test-dir/MiniOzoneClusterImpl-a714103e-e92c-4fc5-b849-803b59b9aef6/datanode-2/data/containers/hdds of  storage type : DISK and capacity : 104021790720
2019-06-14 01:56:28,934 INFO  volume.VolumeSet (VolumeSet.java:initializeVolumeSet(170)) - Added Volume : /opt/src/hadoop-ozone/integration-test/target/test-dir/MiniOzoneClusterImpl-a714103e-e92c-4fc5-b849-803b59b9aef6/datanode-2/data/containers/hdds to VolumeSet
2019-06-14 01:56:28,935 INFO  volume.ThrottledAsyncChecker (ThrottledAsyncChecker.java:schedule(140)) - Scheduling a check for org.apache.hadoop.ozone.container.common.volume.HddsVolume@6c17c0f8
2019-06-14 01:56:28,935 INFO  datanode.InitDatanodeState (InitDatanodeState.java:persistContainerDatanodeDetails(140)) - DatanodeDetails is persisted to /opt/src/hadoop-ozone/integration-test/target/test-dir/MiniOzoneClusterImpl-a714103e-e92c-4fc5-b849-803b59b9aef6/datanode-1/meta/datanode.id
2019-06-14 01:56:28,956 INFO  volume.HddsVolumeChecker (HddsVolumeChecker.java:checkAllVolumes(203)) - Scheduled health check for volume org.apache.hadoop.ozone.container.common.volume.HddsVolume@6c17c0f8
2019-06-14 01:56:28,974 INFO  ratis.XceiverServerRatis (XceiverServerRatis.java:newXceiverServerRatis(401)) - Found a free port for the server : 44753
2019-06-14 01:56:28,977 INFO  impl.RaftServerProxy (ConfUtils.java:logGet(43)) - raft.rpc.type = GRPC (default)
2019-06-14 01:56:28,978 INFO  grpc.GrpcConfigKeys$Server (ConfUtils.java:logGet(43)) - raft.grpc.server.port = 44753 (custom)
2019-06-14 01:56:28,978 INFO  server.GrpcService (ConfUtils.java:logGet(43)) - raft.grpc.message.size.max = 33570816 (custom)
2019-06-14 01:56:28,978 INFO  server.RaftServerConfigKeys (ConfUtils.java:logGet(43)) - raft.server.log.appender.buffer.byte-limit = 33554432 (custom)
2019-06-14 01:56:28,978 INFO  server.GrpcService (ConfUtils.java:logGet(43)) - raft.grpc.flow.control.window = 1MB (=1048576) (default)
2019-06-14 01:56:28,978 INFO  server.RaftServerConfigKeys (ConfUtils.java:logGet(43)) - raft.server.rpc.request.timeout = 3000ms (default)
2019-06-14 01:56:28,979 INFO  server.RaftServerConfigKeys (ConfUtils.java:logGet(43)) - raft.server.storage.dir = [/opt/src/hadoop-ozone/integration-test/target/test-dir/MiniOzoneClusterImpl-a714103e-e92c-4fc5-b849-803b59b9aef6/datanode-2/data/ratis] (custom)
2019-06-14 01:56:28,979 INFO  server.XceiverServerGrpc (XceiverServerGrpc.java:<init>(97)) - Found a free port for the server : 33093
2019-06-14 01:56:28,980 INFO  replication.SimpleContainerDownloader (SimpleContainerDownloader.java:<init>(72)) - Starting container downloader service to copy containers to replicate.
2019-06-14 01:56:28,981 INFO  hdfs.DFSUtil (DFSUtil.java:httpServerTemplateForNNAndJN(1641)) - Starting Web-server for hddsDatanode at: http://0.0.0.0:0
2019-06-14 01:56:28,983 INFO  server.AuthenticationFilter (AuthenticationFilter.java:constructSecretProvider(240)) - Unable to initialize FileSignerSecretProvider, falling back to use random secrets.
2019-06-14 01:56:28,983 WARN  http.HttpRequestLog (HttpRequestLog.java:getRequestLog(97)) - Jetty request log can only be enabled using Log4j
2019-06-14 01:56:28,985 INFO  http.HttpServer2 (HttpServer2.java:addGlobalFilter(975)) - Added global filter 'safety' (class=org.apache.hadoop.http.HttpServer2$QuotingInputFilter)
2019-06-14 01:56:28,986 INFO  http.HttpServer2 (HttpServer2.java:addFilter(948)) - Added filter static_user_filter (class=org.apache.hadoop.http.lib.StaticUserWebFilter$StaticUserFilter) to context hddsDatanode
2019-06-14 01:56:28,986 INFO  http.HttpServer2 (HttpServer2.java:addFilter(958)) - Added filter static_user_filter (class=org.apache.hadoop.http.lib.StaticUserWebFilter$StaticUserFilter) to context logs
2019-06-14 01:56:28,986 INFO  http.HttpServer2 (HttpServer2.java:addFilter(958)) - Added filter static_user_filter (class=org.apache.hadoop.http.lib.StaticUserWebFilter$StaticUserFilter) to context static
2019-06-14 01:56:28,987 INFO  http.HttpServer2 (HttpServer2.java:bindListener(1191)) - Jetty bound to port 34419
2019-06-14 01:56:28,987 INFO  server.Server (Server.java:doStart(351)) - jetty-9.3.24.v20180605, build timestamp: 2018-06-05T17:11:56Z, git hash: 84205aa28f11a4f31f2a3b86d1bba2cc8ab69827
2019-06-14 01:56:29,002 INFO  handler.ContextHandler (ContextHandler.java:doStart(781)) - Started o.e.j.s.ServletContextHandler@19da993b{/logs,file:///opt/src/hadoop-ozone/integration-test/target/log,AVAILABLE}
2019-06-14 01:56:29,003 INFO  handler.ContextHandler (ContextHandler.java:doStart(781)) - Started o.e.j.s.ServletContextHandler@23310248{/static,jar:file:/root/.m2/repository/org/apache/hadoop/hadoop-hdds-container-service/0.5.0-SNAPSHOT/hadoop-hdds-container-service-0.5.0-SNAPSHOT.jar!/webapps/static,AVAILABLE}
2019-06-14 01:56:29,038 INFO  handler.ContextHandler (ContextHandler.java:doStart(781)) - Started o.e.j.w.WebAppContext@52d0f583{/,file:///tmp/jetty-0.0.0.0-34419-hddsDatanode-_-any-6528868279403793768.dir/webapp/,AVAILABLE}{/hddsDatanode}
2019-06-14 01:56:29,039 INFO  server.AbstractConnector (AbstractConnector.java:doStart(278)) - Started ServerConnector@7fb8bad0{HTTP/1.1,[http/1.1]}{0.0.0.0:34419}
2019-06-14 01:56:29,039 INFO  server.Server (Server.java:doStart(419)) - Started @5245ms
2019-06-14 01:56:29,041 INFO  server.BaseHttpServer (BaseHttpServer.java:updateConnectorAddress(207)) - HTTP server of HDDSDATANODE is listening at http://0.0.0.0:34419
2019-06-14 01:56:29,218 INFO  ozone.HddsDatanodeService (HddsDatanodeService.java:startPlugins(396)) - Started plug-in org.apache.hadoop.ozone.web.OzoneHddsDatanodeService@26d5a317
2019-06-14 01:56:29,224 INFO  impl.MetricsSystemImpl (MetricsSystemImpl.java:init(158)) - HddsDatanode metrics system started (again)
2019-06-14 01:56:29,224 INFO  ozone.HddsDatanodeService (HddsDatanodeService.java:start(185)) - HddsDatanodeService host:ozone-s4hr9-797773889 ip:192.168.46.36
2019-06-14 01:56:29,248 INFO  datanode.InitDatanodeState (InitDatanodeState.java:persistContainerDatanodeDetails(140)) - DatanodeDetails is persisted to /opt/src/hadoop-ozone/integration-test/target/test-dir/MiniOzoneClusterImpl-a714103e-e92c-4fc5-b849-803b59b9aef6/datanode-2/meta/datanode.id
2019-06-14 01:56:29,248 INFO  util.JvmPauseMonitor (JvmPauseMonitor.java:run(188)) - Starting JVM pause monitor
2019-06-14 01:56:29,255 INFO  volume.HddsVolume (HddsVolume.java:<init>(176)) - Creating Volume: /opt/src/hadoop-ozone/integration-test/target/test-dir/MiniOzoneClusterImpl-a714103e-e92c-4fc5-b849-803b59b9aef6/datanode-3/data/containers/hdds of  storage type : DISK and capacity : 104021790720
2019-06-14 01:56:29,256 INFO  volume.VolumeSet (VolumeSet.java:initializeVolumeSet(170)) - Added Volume : /opt/src/hadoop-ozone/integration-test/target/test-dir/MiniOzoneClusterImpl-a714103e-e92c-4fc5-b849-803b59b9aef6/datanode-3/data/containers/hdds to VolumeSet
2019-06-14 01:56:29,256 INFO  volume.ThrottledAsyncChecker (ThrottledAsyncChecker.java:schedule(140)) - Scheduling a check for org.apache.hadoop.ozone.container.common.volume.HddsVolume@a90e2c1
2019-06-14 01:56:29,256 INFO  volume.HddsVolumeChecker (HddsVolumeChecker.java:checkAllVolumes(203)) - Scheduled health check for volume org.apache.hadoop.ozone.container.common.volume.HddsVolume@a90e2c1
2019-06-14 01:56:29,278 INFO  ratis.XceiverServerRatis (XceiverServerRatis.java:newXceiverServerRatis(401)) - Found a free port for the server : 34441
2019-06-14 01:56:29,278 INFO  impl.RaftServerProxy (ConfUtils.java:logGet(43)) - raft.rpc.type = GRPC (default)
2019-06-14 01:56:29,279 INFO  grpc.GrpcConfigKeys$Server (ConfUtils.java:logGet(43)) - raft.grpc.server.port = 34441 (custom)
2019-06-14 01:56:29,279 INFO  server.GrpcService (ConfUtils.java:logGet(43)) - raft.grpc.message.size.max = 33570816 (custom)
2019-06-14 01:56:29,279 INFO  server.RaftServerConfigKeys (ConfUtils.java:logGet(43)) - raft.server.log.appender.buffer.byte-limit = 33554432 (custom)
2019-06-14 01:56:29,279 INFO  server.GrpcService (ConfUtils.java:logGet(43)) - raft.grpc.flow.control.window = 1MB (=1048576) (default)
2019-06-14 01:56:29,280 INFO  server.RaftServerConfigKeys (ConfUtils.java:logGet(43)) - raft.server.rpc.request.timeout = 3000ms (default)
2019-06-14 01:56:29,280 INFO  server.RaftServerConfigKeys (ConfUtils.java:logGet(43)) - raft.server.storage.dir = [/opt/src/hadoop-ozone/integration-test/target/test-dir/MiniOzoneClusterImpl-a714103e-e92c-4fc5-b849-803b59b9aef6/datanode-3/data/ratis] (custom)
2019-06-14 01:56:29,280 INFO  server.XceiverServerGrpc (XceiverServerGrpc.java:<init>(97)) - Found a free port for the server : 39209
2019-06-14 01:56:29,281 INFO  replication.SimpleContainerDownloader (SimpleContainerDownloader.java:<init>(72)) - Starting container downloader service to copy containers to replicate.
2019-06-14 01:56:29,282 INFO  hdfs.DFSUtil (DFSUtil.java:httpServerTemplateForNNAndJN(1641)) - Starting Web-server for hddsDatanode at: http://0.0.0.0:0
2019-06-14 01:56:29,283 INFO  server.AuthenticationFilter (AuthenticationFilter.java:constructSecretProvider(240)) - Unable to initialize FileSignerSecretProvider, falling back to use random secrets.
2019-06-14 01:56:29,283 WARN  http.HttpRequestLog (HttpRequestLog.java:getRequestLog(97)) - Jetty request log can only be enabled using Log4j
2019-06-14 01:56:29,285 INFO  http.HttpServer2 (HttpServer2.java:addGlobalFilter(975)) - Added global filter 'safety' (class=org.apache.hadoop.http.HttpServer2$QuotingInputFilter)
2019-06-14 01:56:29,286 INFO  http.HttpServer2 (HttpServer2.java:addFilter(948)) - Added filter static_user_filter (class=org.apache.hadoop.http.lib.StaticUserWebFilter$StaticUserFilter) to context hddsDatanode
2019-06-14 01:56:29,286 INFO  http.HttpServer2 (HttpServer2.java:addFilter(958)) - Added filter static_user_filter (class=org.apache.hadoop.http.lib.StaticUserWebFilter$StaticUserFilter) to context static
2019-06-14 01:56:29,286 INFO  http.HttpServer2 (HttpServer2.java:addFilter(958)) - Added filter static_user_filter (class=org.apache.hadoop.http.lib.StaticUserWebFilter$StaticUserFilter) to context logs
2019-06-14 01:56:29,287 INFO  http.HttpServer2 (HttpServer2.java:bindListener(1191)) - Jetty bound to port 45407
2019-06-14 01:56:29,287 INFO  server.Server (Server.java:doStart(351)) - jetty-9.3.24.v20180605, build timestamp: 2018-06-05T17:11:56Z, git hash: 84205aa28f11a4f31f2a3b86d1bba2cc8ab69827
2019-06-14 01:56:29,289 INFO  handler.ContextHandler (ContextHandler.java:doStart(781)) - Started o.e.j.s.ServletContextHandler@224c7de4{/logs,file:///opt/src/hadoop-ozone/integration-test/target/log,AVAILABLE}
2019-06-14 01:56:29,290 INFO  handler.ContextHandler (ContextHandler.java:doStart(781)) - Started o.e.j.s.ServletContextHandler@55846997{/static,jar:file:/root/.m2/repository/org/apache/hadoop/hadoop-hdds-container-service/0.5.0-SNAPSHOT/hadoop-hdds-container-service-0.5.0-SNAPSHOT.jar!/webapps/static,AVAILABLE}
2019-06-14 01:56:29,313 INFO  handler.ContextHandler (ContextHandler.java:doStart(781)) - Started o.e.j.w.WebAppContext@31a136a6{/,file:///tmp/jetty-0.0.0.0-45407-hddsDatanode-_-any-536234862106440091.dir/webapp/,AVAILABLE}{/hddsDatanode}
2019-06-14 01:56:29,314 INFO  server.AbstractConnector (AbstractConnector.java:doStart(278)) - Started ServerConnector@30a9e3db{HTTP/1.1,[http/1.1]}{0.0.0.0:45407}
2019-06-14 01:56:29,315 INFO  server.Server (Server.java:doStart(419)) - Started @5521ms
2019-06-14 01:56:29,316 INFO  server.BaseHttpServer (BaseHttpServer.java:updateConnectorAddress(207)) - HTTP server of HDDSDATANODE is listening at http://0.0.0.0:45407
2019-06-14 01:56:29,454 INFO  ozone.HddsDatanodeService (HddsDatanodeService.java:startPlugins(396)) - Started plug-in org.apache.hadoop.ozone.web.OzoneHddsDatanodeService@6de43bc1
2019-06-14 01:56:29,454 INFO  impl.MetricsSystemImpl (MetricsSystemImpl.java:init(158)) - HddsDatanode metrics system started (again)
2019-06-14 01:56:29,455 INFO  ozone.HddsDatanodeService (HddsDatanodeService.java:start(185)) - HddsDatanodeService host:ozone-s4hr9-797773889 ip:192.168.46.36
2019-06-14 01:56:29,457 INFO  util.JvmPauseMonitor (JvmPauseMonitor.java:run(188)) - Starting JVM pause monitor
2019-06-14 01:56:29,460 INFO  datanode.InitDatanodeState (InitDatanodeState.java:persistContainerDatanodeDetails(140)) - DatanodeDetails is persisted to /opt/src/hadoop-ozone/integration-test/target/test-dir/MiniOzoneClusterImpl-a714103e-e92c-4fc5-b849-803b59b9aef6/datanode-3/meta/datanode.id
2019-06-14 01:56:29,469 INFO  volume.HddsVolume (HddsVolume.java:<init>(176)) - Creating Volume: /opt/src/hadoop-ozone/integration-test/target/test-dir/MiniOzoneClusterImpl-a714103e-e92c-4fc5-b849-803b59b9aef6/datanode-4/data/containers/hdds of  storage type : DISK and capacity : 104021790720
2019-06-14 01:56:29,470 INFO  volume.VolumeSet (VolumeSet.java:initializeVolumeSet(170)) - Added Volume : /opt/src/hadoop-ozone/integration-test/target/test-dir/MiniOzoneClusterImpl-a714103e-e92c-4fc5-b849-803b59b9aef6/datanode-4/data/containers/hdds to VolumeSet
2019-06-14 01:56:29,470 INFO  volume.ThrottledAsyncChecker (ThrottledAsyncChecker.java:schedule(140)) - Scheduling a check for org.apache.hadoop.ozone.container.common.volume.HddsVolume@2f2e4bde
2019-06-14 01:56:29,478 INFO  volume.HddsVolumeChecker (HddsVolumeChecker.java:checkAllVolumes(203)) - Scheduled health check for volume org.apache.hadoop.ozone.container.common.volume.HddsVolume@2f2e4bde
2019-06-14 01:56:29,488 INFO  ratis.XceiverServerRatis (XceiverServerRatis.java:newXceiverServerRatis(401)) - Found a free port for the server : 46807
2019-06-14 01:56:29,489 INFO  impl.RaftServerProxy (ConfUtils.java:logGet(43)) - raft.rpc.type = GRPC (default)
2019-06-14 01:56:29,490 INFO  grpc.GrpcConfigKeys$Server (ConfUtils.java:logGet(43)) - raft.grpc.server.port = 46807 (custom)
2019-06-14 01:56:29,490 INFO  server.GrpcService (ConfUtils.java:logGet(43)) - raft.grpc.message.size.max = 33570816 (custom)
2019-06-14 01:56:29,490 INFO  server.RaftServerConfigKeys (ConfUtils.java:logGet(43)) - raft.server.log.appender.buffer.byte-limit = 33554432 (custom)
2019-06-14 01:56:29,490 INFO  server.GrpcService (ConfUtils.java:logGet(43)) - raft.grpc.flow.control.window = 1MB (=1048576) (default)
2019-06-14 01:56:29,490 INFO  server.RaftServerConfigKeys (ConfUtils.java:logGet(43)) - raft.server.rpc.request.timeout = 3000ms (default)
2019-06-14 01:56:29,491 INFO  server.RaftServerConfigKeys (ConfUtils.java:logGet(43)) - raft.server.storage.dir = [/opt/src/hadoop-ozone/integration-test/target/test-dir/MiniOzoneClusterImpl-a714103e-e92c-4fc5-b849-803b59b9aef6/datanode-4/data/ratis] (custom)
2019-06-14 01:56:29,491 INFO  server.XceiverServerGrpc (XceiverServerGrpc.java:<init>(97)) - Found a free port for the server : 41797
2019-06-14 01:56:29,491 INFO  replication.SimpleContainerDownloader (SimpleContainerDownloader.java:<init>(72)) - Starting container downloader service to copy containers to replicate.
2019-06-14 01:56:29,493 INFO  hdfs.DFSUtil (DFSUtil.java:httpServerTemplateForNNAndJN(1641)) - Starting Web-server for hddsDatanode at: http://0.0.0.0:0
2019-06-14 01:56:29,494 INFO  server.AuthenticationFilter (AuthenticationFilter.java:constructSecretProvider(240)) - Unable to initialize FileSignerSecretProvider, falling back to use random secrets.
2019-06-14 01:56:29,494 WARN  http.HttpRequestLog (HttpRequestLog.java:getRequestLog(97)) - Jetty request log can only be enabled using Log4j
2019-06-14 01:56:29,495 INFO  http.HttpServer2 (HttpServer2.java:addGlobalFilter(975)) - Added global filter 'safety' (class=org.apache.hadoop.http.HttpServer2$QuotingInputFilter)
2019-06-14 01:56:29,496 INFO  http.HttpServer2 (HttpServer2.java:addFilter(948)) - Added filter static_user_filter (class=org.apache.hadoop.http.lib.StaticUserWebFilter$StaticUserFilter) to context hddsDatanode
2019-06-14 01:56:29,496 INFO  http.HttpServer2 (HttpServer2.java:addFilter(958)) - Added filter static_user_filter (class=org.apache.hadoop.http.lib.StaticUserWebFilter$StaticUserFilter) to context static
2019-06-14 01:56:29,496 INFO  http.HttpServer2 (HttpServer2.java:addFilter(958)) - Added filter static_user_filter (class=org.apache.hadoop.http.lib.StaticUserWebFilter$StaticUserFilter) to context logs
2019-06-14 01:56:29,496 INFO  http.HttpServer2 (HttpServer2.java:bindListener(1191)) - Jetty bound to port 38147
2019-06-14 01:56:29,496 INFO  server.Server (Server.java:doStart(351)) - jetty-9.3.24.v20180605, build timestamp: 2018-06-05T17:11:56Z, git hash: 84205aa28f11a4f31f2a3b86d1bba2cc8ab69827
2019-06-14 01:56:29,502 INFO  handler.ContextHandler (ContextHandler.java:doStart(781)) - Started o.e.j.s.ServletContextHandler@46f73ffa{/logs,file:///opt/src/hadoop-ozone/integration-test/target/log,AVAILABLE}
2019-06-14 01:56:29,503 INFO  handler.ContextHandler (ContextHandler.java:doStart(781)) - Started o.e.j.s.ServletContextHandler@afde064{/static,jar:file:/root/.m2/repository/org/apache/hadoop/hadoop-hdds-container-service/0.5.0-SNAPSHOT/hadoop-hdds-container-service-0.5.0-SNAPSHOT.jar!/webapps/static,AVAILABLE}
2019-06-14 01:56:29,526 INFO  handler.ContextHandler (ContextHandler.java:doStart(781)) - Started o.e.j.w.WebAppContext@2dd178f3{/,file:///tmp/jetty-0.0.0.0-38147-hddsDatanode-_-any-4553973856269118853.dir/webapp/,AVAILABLE}{/hddsDatanode}
2019-06-14 01:56:29,527 INFO  server.AbstractConnector (AbstractConnector.java:doStart(278)) - Started ServerConnector@64656b9e{HTTP/1.1,[http/1.1]}{0.0.0.0:38147}
2019-06-14 01:56:29,527 INFO  server.Server (Server.java:doStart(419)) - Started @5733ms
2019-06-14 01:56:29,528 INFO  server.BaseHttpServer (BaseHttpServer.java:updateConnectorAddress(207)) - HTTP server of HDDSDATANODE is listening at http://0.0.0.0:38147
2019-06-14 01:56:29,644 INFO  ozone.HddsDatanodeService (HddsDatanodeService.java:startPlugins(396)) - Started plug-in org.apache.hadoop.ozone.web.OzoneHddsDatanodeService@7911cc15
2019-06-14 01:56:29,644 INFO  impl.MetricsSystemImpl (MetricsSystemImpl.java:init(158)) - HddsDatanode metrics system started (again)
2019-06-14 01:56:29,645 INFO  ozone.HddsDatanodeService (HddsDatanodeService.java:start(185)) - HddsDatanodeService host:ozone-s4hr9-797773889 ip:192.168.46.36
2019-06-14 01:56:29,646 INFO  util.JvmPauseMonitor (JvmPauseMonitor.java:run(188)) - Starting JVM pause monitor
2019-06-14 01:56:29,648 INFO  datanode.InitDatanodeState (InitDatanodeState.java:persistContainerDatanodeDetails(140)) - DatanodeDetails is persisted to /opt/src/hadoop-ozone/integration-test/target/test-dir/MiniOzoneClusterImpl-a714103e-e92c-4fc5-b849-803b59b9aef6/datanode-4/meta/datanode.id
2019-06-14 01:56:29,650 INFO  volume.HddsVolume (HddsVolume.java:<init>(176)) - Creating Volume: /opt/src/hadoop-ozone/integration-test/target/test-dir/MiniOzoneClusterImpl-a714103e-e92c-4fc5-b849-803b59b9aef6/datanode-5/data/containers/hdds of  storage type : DISK and capacity : 104021790720
2019-06-14 01:56:29,651 INFO  volume.VolumeSet (VolumeSet.java:initializeVolumeSet(170)) - Added Volume : /opt/src/hadoop-ozone/integration-test/target/test-dir/MiniOzoneClusterImpl-a714103e-e92c-4fc5-b849-803b59b9aef6/datanode-5/data/containers/hdds to VolumeSet
2019-06-14 01:56:29,652 INFO  volume.ThrottledAsyncChecker (ThrottledAsyncChecker.java:schedule(140)) - Scheduling a check for org.apache.hadoop.ozone.container.common.volume.HddsVolume@77324a58
2019-06-14 01:56:29,652 INFO  volume.HddsVolumeChecker (HddsVolumeChecker.java:checkAllVolumes(203)) - Scheduled health check for volume org.apache.hadoop.ozone.container.common.volume.HddsVolume@77324a58
2019-06-14 01:56:29,664 INFO  ratis.XceiverServerRatis (XceiverServerRatis.java:newXceiverServerRatis(401)) - Found a free port for the server : 42725
2019-06-14 01:56:29,665 INFO  impl.RaftServerProxy (ConfUtils.java:logGet(43)) - raft.rpc.type = GRPC (default)
2019-06-14 01:56:29,665 INFO  grpc.GrpcConfigKeys$Server (ConfUtils.java:logGet(43)) - raft.grpc.server.port = 42725 (custom)
2019-06-14 01:56:29,666 INFO  server.GrpcService (ConfUtils.java:logGet(43)) - raft.grpc.message.size.max = 33570816 (custom)
2019-06-14 01:56:29,666 INFO  server.RaftServerConfigKeys (ConfUtils.java:logGet(43)) - raft.server.log.appender.buffer.byte-limit = 33554432 (custom)
2019-06-14 01:56:29,666 INFO  server.GrpcService (ConfUtils.java:logGet(43)) - raft.grpc.flow.control.window = 1MB (=1048576) (default)
2019-06-14 01:56:29,666 INFO  server.RaftServerConfigKeys (ConfUtils.java:logGet(43)) - raft.server.rpc.request.timeout = 3000ms (default)
2019-06-14 01:56:29,667 INFO  server.RaftServerConfigKeys (ConfUtils.java:logGet(43)) - raft.server.storage.dir = [/opt/src/hadoop-ozone/integration-test/target/test-dir/MiniOzoneClusterImpl-a714103e-e92c-4fc5-b849-803b59b9aef6/datanode-5/data/ratis] (custom)
2019-06-14 01:56:29,667 INFO  server.XceiverServerGrpc (XceiverServerGrpc.java:<init>(97)) - Found a free port for the server : 38745
2019-06-14 01:56:29,668 INFO  replication.SimpleContainerDownloader (SimpleContainerDownloader.java:<init>(72)) - Starting container downloader service to copy containers to replicate.
2019-06-14 01:56:29,669 INFO  hdfs.DFSUtil (DFSUtil.java:httpServerTemplateForNNAndJN(1641)) - Starting Web-server for hddsDatanode at: http://0.0.0.0:0
2019-06-14 01:56:29,670 INFO  server.AuthenticationFilter (AuthenticationFilter.java:constructSecretProvider(240)) - Unable to initialize FileSignerSecretProvider, falling back to use random secrets.
2019-06-14 01:56:29,670 WARN  http.HttpRequestLog (HttpRequestLog.java:getRequestLog(97)) - Jetty request log can only be enabled using Log4j
2019-06-14 01:56:29,672 INFO  http.HttpServer2 (HttpServer2.java:addGlobalFilter(975)) - Added global filter 'safety' (class=org.apache.hadoop.http.HttpServer2$QuotingInputFilter)
2019-06-14 01:56:29,672 INFO  http.HttpServer2 (HttpServer2.java:addFilter(948)) - Added filter static_user_filter (class=org.apache.hadoop.http.lib.StaticUserWebFilter$StaticUserFilter) to context hddsDatanode
2019-06-14 01:56:29,672 INFO  http.HttpServer2 (HttpServer2.java:addFilter(958)) - Added filter static_user_filter (class=org.apache.hadoop.http.lib.StaticUserWebFilter$StaticUserFilter) to context logs
2019-06-14 01:56:29,672 INFO  http.HttpServer2 (HttpServer2.java:addFilter(958)) - Added filter static_user_filter (class=org.apache.hadoop.http.lib.StaticUserWebFilter$StaticUserFilter) to context static
2019-06-14 01:56:29,673 INFO  http.HttpServer2 (HttpServer2.java:bindListener(1191)) - Jetty bound to port 42633
2019-06-14 01:56:29,673 INFO  server.Server (Server.java:doStart(351)) - jetty-9.3.24.v20180605, build timestamp: 2018-06-05T17:11:56Z, git hash: 84205aa28f11a4f31f2a3b86d1bba2cc8ab69827
2019-06-14 01:56:29,676 INFO  handler.ContextHandler (ContextHandler.java:doStart(781)) - Started o.e.j.s.ServletContextHandler@6e3dd5ce{/logs,file:///opt/src/hadoop-ozone/integration-test/target/log,AVAILABLE}
2019-06-14 01:56:29,677 INFO  handler.ContextHandler (ContextHandler.java:doStart(781)) - Started o.e.j.s.ServletContextHandler@4ee8051c{/static,jar:file:/root/.m2/repository/org/apache/hadoop/hadoop-hdds-container-service/0.5.0-SNAPSHOT/hadoop-hdds-container-service-0.5.0-SNAPSHOT.jar!/webapps/static,AVAILABLE}
2019-06-14 01:56:29,700 INFO  handler.ContextHandler (ContextHandler.java:doStart(781)) - Started o.e.j.w.WebAppContext@9785903{/,file:///tmp/jetty-0.0.0.0-42633-hddsDatanode-_-any-261493377202650433.dir/webapp/,AVAILABLE}{/hddsDatanode}
2019-06-14 01:56:29,701 INFO  server.AbstractConnector (AbstractConnector.java:doStart(278)) - Started ServerConnector@34009349{HTTP/1.1,[http/1.1]}{0.0.0.0:42633}
2019-06-14 01:56:29,701 INFO  server.Server (Server.java:doStart(419)) - Started @5907ms
2019-06-14 01:56:29,702 INFO  server.BaseHttpServer (BaseHttpServer.java:updateConnectorAddress(207)) - HTTP server of HDDSDATANODE is listening at http://0.0.0.0:42633
2019-06-14 01:56:29,858 INFO  ozone.HddsDatanodeService (HddsDatanodeService.java:startPlugins(396)) - Started plug-in org.apache.hadoop.ozone.web.OzoneHddsDatanodeService@7d66a126
2019-06-14 01:56:29,859 INFO  ozone.MiniOzoneClusterImpl (MiniOzoneClusterImpl.java:lambda$waitForClusterToBeReady$0(142)) - Waiting for cluster to be ready. Got 0 of 6 DN Heartbeats.
2019-06-14 01:56:29,865 INFO  util.JvmPauseMonitor (JvmPauseMonitor.java:run(188)) - Starting JVM pause monitor
2019-06-14 01:56:29,875 INFO  datanode.InitDatanodeState (InitDatanodeState.java:persistContainerDatanodeDetails(140)) - DatanodeDetails is persisted to /opt/src/hadoop-ozone/integration-test/target/test-dir/MiniOzoneClusterImpl-a714103e-e92c-4fc5-b849-803b59b9aef6/datanode-5/meta/datanode.id
2019-06-14 01:56:30,590 INFO  ozoneimpl.OzoneContainer (OzoneContainer.java:start(186)) - Attempting to start container services.
2019-06-14 01:56:30,590 INFO  ozoneimpl.OzoneContainer (OzoneContainer.java:startContainerScrub(160)) - Background container scrubber has been disabled by hdds.containerscrub.enabled
2019-06-14 01:56:30,590 INFO  ratis.XceiverServerRatis (XceiverServerRatis.java:start(418)) - Starting XceiverServerRatis 5db94ac5-a0c6-4609-a837-6c6c8ddbe5ae at port 39751
2019-06-14 01:56:30,604 INFO  impl.RaftServerProxy (RaftServerProxy.java:lambda$start$3(299)) - 5db94ac5-a0c6-4609-a837-6c6c8ddbe5ae: start RPC server
2019-06-14 01:56:30,759 INFO  server.GrpcService (GrpcService.java:startImpl(148)) - 5db94ac5-a0c6-4609-a837-6c6c8ddbe5ae: GrpcService started, listening on 0.0.0.0/0.0.0.0:39751
2019-06-14 01:56:30,860 INFO  ozone.MiniOzoneClusterImpl (MiniOzoneClusterImpl.java:lambda$waitForClusterToBeReady$0(142)) - Waiting for cluster to be ready. Got 0 of 6 DN Heartbeats.
2019-06-14 01:56:30,922 INFO  ozoneimpl.OzoneContainer (OzoneContainer.java:start(186)) - Attempting to start container services.
2019-06-14 01:56:30,923 INFO  ozoneimpl.OzoneContainer (OzoneContainer.java:startContainerScrub(160)) - Background container scrubber has been disabled by hdds.containerscrub.enabled
2019-06-14 01:56:30,923 INFO  ratis.XceiverServerRatis (XceiverServerRatis.java:start(418)) - Starting XceiverServerRatis 07896c88-c7e8-4ff4-9556-6aa373151ab1 at port 32861
2019-06-14 01:56:30,929 INFO  impl.RaftServerProxy (RaftServerProxy.java:lambda$start$3(299)) - 07896c88-c7e8-4ff4-9556-6aa373151ab1: start RPC server
2019-06-14 01:56:30,931 INFO  server.GrpcService (GrpcService.java:startImpl(148)) - 07896c88-c7e8-4ff4-9556-6aa373151ab1: GrpcService started, listening on 0.0.0.0/0.0.0.0:32861
2019-06-14 01:56:31,249 INFO  ozoneimpl.OzoneContainer (OzoneContainer.java:start(186)) - Attempting to start container services.
2019-06-14 01:56:31,250 INFO  ozoneimpl.OzoneContainer (OzoneContainer.java:startContainerScrub(160)) - Background container scrubber has been disabled by hdds.containerscrub.enabled
2019-06-14 01:56:31,251 INFO  ratis.XceiverServerRatis (XceiverServerRatis.java:start(418)) - Starting XceiverServerRatis 783687aa-d5cf-429b-b789-40589342d70e at port 44753
2019-06-14 01:56:31,257 INFO  impl.RaftServerProxy (RaftServerProxy.java:lambda$start$3(299)) - 783687aa-d5cf-429b-b789-40589342d70e: start RPC server
2019-06-14 01:56:31,259 INFO  server.GrpcService (GrpcService.java:startImpl(148)) - 783687aa-d5cf-429b-b789-40589342d70e: GrpcService started, listening on 0.0.0.0/0.0.0.0:44753
2019-06-14 01:56:31,466 INFO  ozoneimpl.OzoneContainer (OzoneContainer.java:start(186)) - Attempting to start container services.
2019-06-14 01:56:31,467 INFO  ozoneimpl.OzoneContainer (OzoneContainer.java:startContainerScrub(160)) - Background container scrubber has been disabled by hdds.containerscrub.enabled
2019-06-14 01:56:31,468 INFO  ratis.XceiverServerRatis (XceiverServerRatis.java:start(418)) - Starting XceiverServerRatis 3a6f6e44-acc5-453b-bf30-df4c0d6f0694 at port 34441
2019-06-14 01:56:31,474 INFO  impl.RaftServerProxy (RaftServerProxy.java:lambda$start$3(299)) - 3a6f6e44-acc5-453b-bf30-df4c0d6f0694: start RPC server
2019-06-14 01:56:31,476 INFO  server.GrpcService (GrpcService.java:startImpl(148)) - 3a6f6e44-acc5-453b-bf30-df4c0d6f0694: GrpcService started, listening on 0.0.0.0/0.0.0.0:34441
2019-06-14 01:56:31,651 INFO  ozoneimpl.OzoneContainer (OzoneContainer.java:start(186)) - Attempting to start container services.
2019-06-14 01:56:31,652 INFO  ozoneimpl.OzoneContainer (OzoneContainer.java:startContainerScrub(160)) - Background container scrubber has been disabled by hdds.containerscrub.enabled
2019-06-14 01:56:31,653 INFO  ratis.XceiverServerRatis (XceiverServerRatis.java:start(418)) - Starting XceiverServerRatis dd0b4966-d2bd-4484-80c6-6c696f6447ed at port 46807
2019-06-14 01:56:31,661 INFO  impl.RaftServerProxy (RaftServerProxy.java:lambda$start$3(299)) - dd0b4966-d2bd-4484-80c6-6c696f6447ed: start RPC server
2019-06-14 01:56:31,663 INFO  server.GrpcService (GrpcService.java:startImpl(148)) - dd0b4966-d2bd-4484-80c6-6c696f6447ed: GrpcService started, listening on 0.0.0.0/0.0.0.0:46807
2019-06-14 01:56:31,860 INFO  ozone.MiniOzoneClusterImpl (MiniOzoneClusterImpl.java:lambda$waitForClusterToBeReady$0(142)) - Waiting for cluster to be ready. Got 0 of 6 DN Heartbeats.
2019-06-14 01:56:31,871 INFO  ozoneimpl.OzoneContainer (OzoneContainer.java:start(186)) - Attempting to start container services.
2019-06-14 01:56:31,873 INFO  ozoneimpl.OzoneContainer (OzoneContainer.java:startContainerScrub(160)) - Background container scrubber has been disabled by hdds.containerscrub.enabled
2019-06-14 01:56:31,873 INFO  ratis.XceiverServerRatis (XceiverServerRatis.java:start(418)) - Starting XceiverServerRatis e7d989a7-7357-4a7f-8deb-405f14ce2b18 at port 42725
2019-06-14 01:56:31,876 INFO  impl.RaftServerProxy (RaftServerProxy.java:lambda$start$3(299)) - e7d989a7-7357-4a7f-8deb-405f14ce2b18: start RPC server
2019-06-14 01:56:31,879 INFO  server.GrpcService (GrpcService.java:startImpl(148)) - e7d989a7-7357-4a7f-8deb-405f14ce2b18: GrpcService started, listening on 0.0.0.0/0.0.0.0:42725
2019-06-14 01:56:32,589 INFO  node.SCMNodeManager (SCMNodeManager.java:register(234)) - Registered Data node : 5db94ac5-a0c6-4609-a837-6c6c8ddbe5ae{ip: 192.168.46.36, host: ozone-s4hr9-797773889, networkLocation: /default-rack, certSerialId: null}
2019-06-14 01:56:32,593 INFO  safemode.SCMSafeModeManager (DataNodeSafeModeRule.java:process(71)) - SCM in safe mode. 1 DataNodes registered, 1 required.
2019-06-14 01:56:32,593 INFO  safemode.SCMSafeModeManager (SCMSafeModeManager.java:validateSafeModeExitRules(177)) - ScmSafeModeManager, all rules are successfully validated
2019-06-14 01:56:32,593 INFO  safemode.SCMSafeModeManager (SCMSafeModeManager.java:exitSafeMode(193)) - SCM exiting safe mode.
2019-06-14 01:56:32,860 INFO  ozone.MiniOzoneClusterImpl (MiniOzoneClusterImpl.java:lambda$waitForClusterToBeReady$0(142)) - Waiting for cluster to be ready. Got 1 of 6 DN Heartbeats.
2019-06-14 01:56:32,921 INFO  node.SCMNodeManager (SCMNodeManager.java:register(234)) - Registered Data node : 07896c88-c7e8-4ff4-9556-6aa373151ab1{ip: 192.168.46.36, host: ozone-s4hr9-797773889, networkLocation: /default-rack, certSerialId: null}
2019-06-14 01:56:32,953 INFO  impl.RaftServerProxy (RaftServerProxy.java:addNew(89)) - 5db94ac5-a0c6-4609-a837-6c6c8ddbe5ae: addNew group-DDF8762FFDBD:[5db94ac5-a0c6-4609-a837-6c6c8ddbe5ae:192.168.46.36:39751] returns group-DDF8762FFDBD:java.util.concurrent.CompletableFuture@3605b54[Not completed]
2019-06-14 01:56:32,958 INFO  impl.RaftServerImpl (RaftServerImpl.java:<init>(91)) - 5db94ac5-a0c6-4609-a837-6c6c8ddbe5ae: new RaftServerImpl for group-DDF8762FFDBD:[5db94ac5-a0c6-4609-a837-6c6c8ddbe5ae:192.168.46.36:39751] with ContainerStateMachine:uninitialized
2019-06-14 01:56:32,959 INFO  server.RaftServerConfigKeys (ConfUtils.java:logGet(43)) - raft.server.rpc.timeout.min = 1s (custom)
2019-06-14 01:56:32,959 INFO  server.RaftServerConfigKeys (ConfUtils.java:logGet(43)) - raft.server.rpc.timeout.max = 1200ms (custom)
2019-06-14 01:56:32,959 INFO  server.RaftServerConfigKeys (ConfUtils.java:logGet(43)) - raft.server.rpcslowness.timeout = 10s (custom)
2019-06-14 01:56:32,960 INFO  server.RaftServerConfigKeys (ConfUtils.java:logGet(43)) - raft.server.log.appender.install.snapshot.enabled = true (default)
2019-06-14 01:56:32,965 INFO  impl.RaftServerImpl (ServerState.java:<init>(101)) - 5db94ac5-a0c6-4609-a837-6c6c8ddbe5ae:group-DDF8762FFDBD ConfigurationManager, init=-1: [5db94ac5-a0c6-4609-a837-6c6c8ddbe5ae:192.168.46.36:39751], old=null, confs=<EMPTY_MAP>
2019-06-14 01:56:32,965 INFO  server.RaftServerConfigKeys (ConfUtils.java:logGet(43)) - raft.server.storage.dir = [/opt/src/hadoop-ozone/integration-test/target/test-dir/MiniOzoneClusterImpl-a714103e-e92c-4fc5-b849-803b59b9aef6/datanode-0/data/ratis] (custom)
2019-06-14 01:56:32,973 INFO  storage.RaftStorageDirectory (RaftStorageDirectory.java:analyzeStorage(246)) - The storage directory /opt/src/hadoop-ozone/integration-test/target/test-dir/MiniOzoneClusterImpl-a714103e-e92c-4fc5-b849-803b59b9aef6/datanode-0/data/ratis/2c405b8a-16c4-411d-a7a0-ddf8762ffdbd does not exist. Creating ...
2019-06-14 01:56:32,979 INFO  storage.RaftStorageDirectory (RaftStorageDirectory.java:tryLock(328)) - Lock on /opt/src/hadoop-ozone/integration-test/target/test-dir/MiniOzoneClusterImpl-a714103e-e92c-4fc5-b849-803b59b9aef6/datanode-0/data/ratis/2c405b8a-16c4-411d-a7a0-ddf8762ffdbd/in_use.lock acquired by nodename 10152@ozone-s4hr9-797773889
2019-06-14 01:56:32,983 INFO  storage.RaftStorage (RaftStorage.java:format(75)) - Storage directory /opt/src/hadoop-ozone/integration-test/target/test-dir/MiniOzoneClusterImpl-a714103e-e92c-4fc5-b849-803b59b9aef6/datanode-0/data/ratis/2c405b8a-16c4-411d-a7a0-ddf8762ffdbd has been successfully formatted.
2019-06-14 01:56:32,984 INFO  ratis.ContainerStateMachine (ContainerStateMachine.java:loadSnapshot(199)) - The snapshot info is null.Setting the last applied index to:(t:0, i:~)
2019-06-14 01:56:32,985 INFO  server.RaftServerConfigKeys (ConfUtils.java:logGet(43)) - raft.server.leader.election.timeout = 10s (custom)
2019-06-14 01:56:33,114 INFO  server.RaftServerConfigKeys (ConfUtils.java:logGet(43)) - raft.server.log.use.memory = false (default)
2019-06-14 01:56:33,117 INFO  server.RaftServerConfigKeys (ConfUtils.java:logGet(43)) - raft.server.log.appender.buffer.byte-limit = 33554432 (custom)
2019-06-14 01:56:33,120 INFO  server.RaftServerConfigKeys (ConfUtils.java:logGet(43)) - raft.server.log.segment.size.max = 16384 (custom)
2019-06-14 01:56:33,124 INFO  server.RaftServerConfigKeys (ConfUtils.java:logGet(43)) - raft.server.log.segment.cache.num.max = 2 (custom)
2019-06-14 01:56:33,128 INFO  storage.RaftLogWorker (RaftLogWorker.java:<init>(123)) - new 5db94ac5-a0c6-4609-a837-6c6c8ddbe5ae-RaftLogWorker for Storage Directory /opt/src/hadoop-ozone/integration-test/target/test-dir/MiniOzoneClusterImpl-a714103e-e92c-4fc5-b849-803b59b9aef6/datanode-0/data/ratis/2c405b8a-16c4-411d-a7a0-ddf8762ffdbd
2019-06-14 01:56:33,128 INFO  server.RaftServerConfigKeys (ConfUtils.java:logGet(43)) - raft.server.log.queue.byte-limit = 2147483647 (custom)
2019-06-14 01:56:33,128 INFO  server.RaftServerConfigKeys (ConfUtils.java:logGet(43)) - raft.server.log.queue.element-limit = 1024 (custom)
2019-06-14 01:56:33,130 INFO  server.RaftServerConfigKeys (ConfUtils.java:logGet(43)) - raft.server.log.segment.size.max = 16384 (custom)
2019-06-14 01:56:33,131 INFO  server.RaftServerConfigKeys (ConfUtils.java:logGet(43)) - raft.server.log.preallocated.size = 16384 (custom)
2019-06-14 01:56:33,131 INFO  server.RaftServerConfigKeys (ConfUtils.java:logGet(43)) - raft.server.log.write.buffer.size = 33554432 (custom)
2019-06-14 01:56:33,132 INFO  server.RaftServerConfigKeys (ConfUtils.java:logGet(43)) - raft.server.log.force.sync.num = 128 (default)
2019-06-14 01:56:33,133 INFO  server.RaftServerConfigKeys (ConfUtils.java:logGet(43)) - raft.server.log.statemachine.data.sync = true (default)
2019-06-14 01:56:33,133 INFO  server.RaftServerConfigKeys (ConfUtils.java:logGet(43)) - raft.server.log.statemachine.data.sync.timeout = 10s (default)
2019-06-14 01:56:33,133 INFO  server.RaftServerConfigKeys (ConfUtils.java:logGet(43)) - raft.server.log.statemachine.data.sync.timeout.retry = -1 (default)
2019-06-14 01:56:33,136 INFO  server.RaftServerConfigKeys (ConfUtils.java:logGet(43)) - raft.server.log.statemachine.data.caching.enabled = true (custom)
2019-06-14 01:56:33,148 INFO  server.RaftServerConfigKeys (ConfUtils.java:logGet(43)) - raft.server.snapshot.auto.trigger.enabled = true (custom)
2019-06-14 01:56:33,149 INFO  server.RaftServerConfigKeys (ConfUtils.java:logGet(43)) - raft.server.snapshot.auto.trigger.threshold = 10000 (custom)
2019-06-14 01:56:33,150 INFO  server.RaftServerConfigKeys (ConfUtils.java:logGet(43)) - raft.server.retrycache.expirytime = 600000ms (custom)
2019-06-14 01:56:33,169 INFO  impl.RaftServerImpl (RaftServerImpl.java:start(173)) - 5db94ac5-a0c6-4609-a837-6c6c8ddbe5ae: start group-DDF8762FFDBD
2019-06-14 01:56:33,170 INFO  impl.RaftServerImpl (RaftServerImpl.java:setRole(164)) - 5db94ac5-a0c6-4609-a837-6c6c8ddbe5ae:group-DDF8762FFDBD changes role from null to FOLLOWER at term 0 for startAsFollower
2019-06-14 01:56:33,171 INFO  impl.RoleInfo (RoleInfo.java:updateAndGet(143)) - 5db94ac5-a0c6-4609-a837-6c6c8ddbe5ae: start FollowerState
2019-06-14 01:56:33,173 INFO  util.JmxRegister (JmxRegister.java:tryRegister(44)) - Successfully registered JMX Bean with object name Ratis:service=RaftServer,group=group-DDF8762FFDBD,id=5db94ac5-a0c6-4609-a837-6c6c8ddbe5ae
2019-06-14 01:56:33,212 INFO  pipeline.PipelineStateManager (PipelineStateManager.java:addPipeline(56)) - Created pipeline Pipeline[ Id: 2c405b8a-16c4-411d-a7a0-ddf8762ffdbd, Nodes: 5db94ac5-a0c6-4609-a837-6c6c8ddbe5ae{ip: 192.168.46.36, host: ozone-s4hr9-797773889, networkLocation: /default-rack, certSerialId: null}, Type:RATIS, Factor:ONE, State:OPEN]
2019-06-14 01:56:33,230 INFO  impl.RaftServerProxy (RaftServerProxy.java:addNew(89)) - 07896c88-c7e8-4ff4-9556-6aa373151ab1: addNew group-DC98FB54BD03:[07896c88-c7e8-4ff4-9556-6aa373151ab1:192.168.46.36:32861] returns group-DC98FB54BD03:java.util.concurrent.CompletableFuture@7137dcb[Not completed]
2019-06-14 01:56:33,231 INFO  impl.RaftServerImpl (RaftServerImpl.java:<init>(91)) - 07896c88-c7e8-4ff4-9556-6aa373151ab1: new RaftServerImpl for group-DC98FB54BD03:[07896c88-c7e8-4ff4-9556-6aa373151ab1:192.168.46.36:32861] with ContainerStateMachine:uninitialized
2019-06-14 01:56:33,232 INFO  server.RaftServerConfigKeys (ConfUtils.java:logGet(43)) - raft.server.rpc.timeout.min = 1s (custom)
2019-06-14 01:56:33,232 INFO  server.RaftServerConfigKeys (ConfUtils.java:logGet(43)) - raft.server.rpc.timeout.max = 1200ms (custom)
2019-06-14 01:56:33,233 INFO  server.RaftServerConfigKeys (ConfUtils.java:logGet(43)) - raft.server.rpcslowness.timeout = 10s (custom)
2019-06-14 01:56:33,233 INFO  server.RaftServerConfigKeys (ConfUtils.java:logGet(43)) - raft.server.log.appender.install.snapshot.enabled = true (default)
2019-06-14 01:56:33,233 INFO  impl.RaftServerImpl (ServerState.java:<init>(101)) - 07896c88-c7e8-4ff4-9556-6aa373151ab1:group-DC98FB54BD03 ConfigurationManager, init=-1: [07896c88-c7e8-4ff4-9556-6aa373151ab1:192.168.46.36:32861], old=null, confs=<EMPTY_MAP>
2019-06-14 01:56:33,233 INFO  server.RaftServerConfigKeys (ConfUtils.java:logGet(43)) - raft.server.storage.dir = [/opt/src/hadoop-ozone/integration-test/target/test-dir/MiniOzoneClusterImpl-a714103e-e92c-4fc5-b849-803b59b9aef6/datanode-1/data/ratis] (custom)
2019-06-14 01:56:33,233 INFO  storage.RaftStorageDirectory (RaftStorageDirectory.java:analyzeStorage(246)) - The storage directory /opt/src/hadoop-ozone/integration-test/target/test-dir/MiniOzoneClusterImpl-a714103e-e92c-4fc5-b849-803b59b9aef6/datanode-1/data/ratis/2b745607-18a9-4129-9f36-dc98fb54bd03 does not exist. Creating ...
2019-06-14 01:56:33,236 INFO  storage.RaftStorageDirectory (RaftStorageDirectory.java:tryLock(328)) - Lock on /opt/src/hadoop-ozone/integration-test/target/test-dir/MiniOzoneClusterImpl-a714103e-e92c-4fc5-b849-803b59b9aef6/datanode-1/data/ratis/2b745607-18a9-4129-9f36-dc98fb54bd03/in_use.lock acquired by nodename 10152@ozone-s4hr9-797773889
2019-06-14 01:56:33,238 INFO  storage.RaftStorage (RaftStorage.java:format(75)) - Storage directory /opt/src/hadoop-ozone/integration-test/target/test-dir/MiniOzoneClusterImpl-a714103e-e92c-4fc5-b849-803b59b9aef6/datanode-1/data/ratis/2b745607-18a9-4129-9f36-dc98fb54bd03 has been successfully formatted.
2019-06-14 01:56:33,238 INFO  ratis.ContainerStateMachine (ContainerStateMachine.java:loadSnapshot(199)) - The snapshot info is null.Setting the last applied index to:(t:0, i:~)
2019-06-14 01:56:33,238 INFO  server.RaftServerConfigKeys (ConfUtils.java:logGet(43)) - raft.server.leader.election.timeout = 10s (custom)
2019-06-14 01:56:33,238 INFO  server.RaftServerConfigKeys (ConfUtils.java:logGet(43)) - raft.server.log.use.memory = false (default)
2019-06-14 01:56:33,238 INFO  server.RaftServerConfigKeys (ConfUtils.java:logGet(43)) - raft.server.log.appender.buffer.byte-limit = 33554432 (custom)
2019-06-14 01:56:33,238 INFO  server.RaftServerConfigKeys (ConfUtils.java:logGet(43)) - raft.server.log.segment.size.max = 16384 (custom)
2019-06-14 01:56:33,238 INFO  server.RaftServerConfigKeys (ConfUtils.java:logGet(43)) - raft.server.log.segment.cache.num.max = 2 (custom)
2019-06-14 01:56:33,238 INFO  storage.RaftLogWorker (RaftLogWorker.java:<init>(123)) - new 07896c88-c7e8-4ff4-9556-6aa373151ab1-RaftLogWorker for Storage Directory /opt/src/hadoop-ozone/integration-test/target/test-dir/MiniOzoneClusterImpl-a714103e-e92c-4fc5-b849-803b59b9aef6/datanode-1/data/ratis/2b745607-18a9-4129-9f36-dc98fb54bd03
2019-06-14 01:56:33,240 INFO  server.RaftServerConfigKeys (ConfUtils.java:logGet(43)) - raft.server.log.queue.byte-limit = 2147483647 (custom)
2019-06-14 01:56:33,240 INFO  server.RaftServerConfigKeys (ConfUtils.java:logGet(43)) - raft.server.log.queue.element-limit = 1024 (custom)
2019-06-14 01:56:33,240 INFO  server.RaftServerConfigKeys (ConfUtils.java:logGet(43)) - raft.server.log.segment.size.max = 16384 (custom)
2019-06-14 01:56:33,240 INFO  server.RaftServerConfigKeys (ConfUtils.java:logGet(43)) - raft.server.log.preallocated.size = 16384 (custom)
2019-06-14 01:56:33,240 INFO  server.RaftServerConfigKeys (ConfUtils.java:logGet(43)) - raft.server.log.write.buffer.size = 33554432 (custom)
2019-06-14 01:56:33,240 INFO  server.RaftServerConfigKeys (ConfUtils.java:logGet(43)) - raft.server.log.force.sync.num = 128 (default)
2019-06-14 01:56:33,240 INFO  server.RaftServerConfigKeys (ConfUtils.java:logGet(43)) - raft.server.log.statemachine.data.sync = true (default)
2019-06-14 01:56:33,241 INFO  server.RaftServerConfigKeys (ConfUtils.java:logGet(43)) - raft.server.log.statemachine.data.sync.timeout = 10s (default)
2019-06-14 01:56:33,241 INFO  server.RaftServerConfigKeys (ConfUtils.java:logGet(43)) - raft.server.log.statemachine.data.sync.timeout.retry = -1 (default)
2019-06-14 01:56:33,241 INFO  server.RaftServerConfigKeys (ConfUtils.java:logGet(43)) - raft.server.log.statemachine.data.caching.enabled = true (custom)
2019-06-14 01:56:33,241 INFO  server.RaftServerConfigKeys (ConfUtils.java:logGet(43)) - raft.server.snapshot.auto.trigger.enabled = true (custom)
2019-06-14 01:56:33,241 INFO  server.RaftServerConfigKeys (ConfUtils.java:logGet(43)) - raft.server.snapshot.auto.trigger.threshold = 10000 (custom)
2019-06-14 01:56:33,242 INFO  server.RaftServerConfigKeys (ConfUtils.java:logGet(43)) - raft.server.retrycache.expirytime = 600000ms (custom)
2019-06-14 01:56:33,242 INFO  impl.RaftServerImpl (RaftServerImpl.java:start(173)) - 07896c88-c7e8-4ff4-9556-6aa373151ab1: start group-DC98FB54BD03
2019-06-14 01:56:33,242 INFO  impl.RaftServerImpl (RaftServerImpl.java:setRole(164)) - 07896c88-c7e8-4ff4-9556-6aa373151ab1:group-DC98FB54BD03 changes role from null to FOLLOWER at term 0 for startAsFollower
2019-06-14 01:56:33,242 INFO  impl.RoleInfo (RoleInfo.java:updateAndGet(143)) - 07896c88-c7e8-4ff4-9556-6aa373151ab1: start FollowerState
2019-06-14 01:56:33,245 INFO  node.SCMNodeManager (SCMNodeManager.java:register(234)) - Registered Data node : 783687aa-d5cf-429b-b789-40589342d70e{ip: 192.168.46.36, host: ozone-s4hr9-797773889, networkLocation: /default-rack, certSerialId: null}
2019-06-14 01:56:33,243 INFO  util.JmxRegister (JmxRegister.java:tryRegister(44)) - Successfully registered JMX Bean with object name Ratis:service=RaftServer,group=group-DC98FB54BD03,id=07896c88-c7e8-4ff4-9556-6aa373151ab1
2019-06-14 01:56:33,254 INFO  pipeline.PipelineStateManager (PipelineStateManager.java:addPipeline(56)) - Created pipeline Pipeline[ Id: 2b745607-18a9-4129-9f36-dc98fb54bd03, Nodes: 07896c88-c7e8-4ff4-9556-6aa373151ab1{ip: 192.168.46.36, host: ozone-s4hr9-797773889, networkLocation: /default-rack, certSerialId: null}, Type:RATIS, Factor:ONE, State:OPEN]
2019-06-14 01:56:33,268 INFO  impl.RaftServerProxy (RaftServerProxy.java:addNew(89)) - 783687aa-d5cf-429b-b789-40589342d70e: addNew group-A10DB0EFEEA6:[783687aa-d5cf-429b-b789-40589342d70e:192.168.46.36:44753] returns group-A10DB0EFEEA6:java.util.concurrent.CompletableFuture@16e00dab[Not completed]
2019-06-14 01:56:33,293 INFO  impl.RaftServerImpl (RaftServerImpl.java:<init>(91)) - 783687aa-d5cf-429b-b789-40589342d70e: new RaftServerImpl for group-A10DB0EFEEA6:[783687aa-d5cf-429b-b789-40589342d70e:192.168.46.36:44753] with ContainerStateMachine:uninitialized
2019-06-14 01:56:33,293 INFO  server.RaftServerConfigKeys (ConfUtils.java:logGet(43)) - raft.server.rpc.timeout.min = 1s (custom)
2019-06-14 01:56:33,293 INFO  server.RaftServerConfigKeys (ConfUtils.java:logGet(43)) - raft.server.rpc.timeout.max = 1200ms (custom)
2019-06-14 01:56:33,293 INFO  server.RaftServerConfigKeys (ConfUtils.java:logGet(43)) - raft.server.rpcslowness.timeout = 10s (custom)
2019-06-14 01:56:33,294 INFO  server.RaftServerConfigKeys (ConfUtils.java:logGet(43)) - raft.server.log.appender.install.snapshot.enabled = true (default)
2019-06-14 01:56:33,294 INFO  impl.RaftServerImpl (ServerState.java:<init>(101)) - 783687aa-d5cf-429b-b789-40589342d70e:group-A10DB0EFEEA6 ConfigurationManager, init=-1: [783687aa-d5cf-429b-b789-40589342d70e:192.168.46.36:44753], old=null, confs=<EMPTY_MAP>
2019-06-14 01:56:33,294 INFO  server.RaftServerConfigKeys (ConfUtils.java:logGet(43)) - raft.server.storage.dir = [/opt/src/hadoop-ozone/integration-test/target/test-dir/MiniOzoneClusterImpl-a714103e-e92c-4fc5-b849-803b59b9aef6/datanode-2/data/ratis] (custom)
2019-06-14 01:56:33,294 INFO  storage.RaftStorageDirectory (RaftStorageDirectory.java:analyzeStorage(246)) - The storage directory /opt/src/hadoop-ozone/integration-test/target/test-dir/MiniOzoneClusterImpl-a714103e-e92c-4fc5-b849-803b59b9aef6/datanode-2/data/ratis/e496e73e-43e2-42bb-9465-a10db0efeea6 does not exist. Creating ...
2019-06-14 01:56:33,297 INFO  storage.RaftStorageDirectory (RaftStorageDirectory.java:tryLock(328)) - Lock on /opt/src/hadoop-ozone/integration-test/target/test-dir/MiniOzoneClusterImpl-a714103e-e92c-4fc5-b849-803b59b9aef6/datanode-2/data/ratis/e496e73e-43e2-42bb-9465-a10db0efeea6/in_use.lock acquired by nodename 10152@ozone-s4hr9-797773889
2019-06-14 01:56:33,299 INFO  storage.RaftStorage (RaftStorage.java:format(75)) - Storage directory /opt/src/hadoop-ozone/integration-test/target/test-dir/MiniOzoneClusterImpl-a714103e-e92c-4fc5-b849-803b59b9aef6/datanode-2/data/ratis/e496e73e-43e2-42bb-9465-a10db0efeea6 has been successfully formatted.
2019-06-14 01:56:33,300 INFO  ratis.ContainerStateMachine (ContainerStateMachine.java:loadSnapshot(199)) - The snapshot info is null.Setting the last applied index to:(t:0, i:~)
2019-06-14 01:56:33,301 INFO  server.RaftServerConfigKeys (ConfUtils.java:logGet(43)) - raft.server.leader.election.timeout = 10s (custom)
2019-06-14 01:56:33,301 INFO  server.RaftServerConfigKeys (ConfUtils.java:logGet(43)) - raft.server.log.use.memory = false (default)
2019-06-14 01:56:33,301 INFO  server.RaftServerConfigKeys (ConfUtils.java:logGet(43)) - raft.server.log.appender.buffer.byte-limit = 33554432 (custom)
2019-06-14 01:56:33,301 INFO  server.RaftServerConfigKeys (ConfUtils.java:logGet(43)) - raft.server.log.segment.size.max = 16384 (custom)
2019-06-14 01:56:33,301 INFO  server.RaftServerConfigKeys (ConfUtils.java:logGet(43)) - raft.server.log.segment.cache.num.max = 2 (custom)
2019-06-14 01:56:33,301 INFO  storage.RaftLogWorker (RaftLogWorker.java:<init>(123)) - new 783687aa-d5cf-429b-b789-40589342d70e-RaftLogWorker for Storage Directory /opt/src/hadoop-ozone/integration-test/target/test-dir/MiniOzoneClusterImpl-a714103e-e92c-4fc5-b849-803b59b9aef6/datanode-2/data/ratis/e496e73e-43e2-42bb-9465-a10db0efeea6
2019-06-14 01:56:33,301 INFO  server.RaftServerConfigKeys (ConfUtils.java:logGet(43)) - raft.server.log.queue.byte-limit = 2147483647 (custom)
2019-06-14 01:56:33,302 INFO  server.RaftServerConfigKeys (ConfUtils.java:logGet(43)) - raft.server.log.queue.element-limit = 1024 (custom)
2019-06-14 01:56:33,302 INFO  server.RaftServerConfigKeys (ConfUtils.java:logGet(43)) - raft.server.log.segment.size.max = 16384 (custom)
2019-06-14 01:56:33,302 INFO  server.RaftServerConfigKeys (ConfUtils.java:logGet(43)) - raft.server.log.preallocated.size = 16384 (custom)
2019-06-14 01:56:33,302 INFO  server.RaftServerConfigKeys (ConfUtils.java:logGet(43)) - raft.server.log.write.buffer.size = 33554432 (custom)
2019-06-14 01:56:33,302 INFO  server.RaftServerConfigKeys (ConfUtils.java:logGet(43)) - raft.server.log.force.sync.num = 128 (default)
2019-06-14 01:56:33,302 INFO  server.RaftServerConfigKeys (ConfUtils.java:logGet(43)) - raft.server.log.statemachine.data.sync = true (default)
2019-06-14 01:56:33,302 INFO  server.RaftServerConfigKeys (ConfUtils.java:logGet(43)) - raft.server.log.statemachine.data.sync.timeout = 10s (default)
2019-06-14 01:56:33,302 INFO  server.RaftServerConfigKeys (ConfUtils.java:logGet(43)) - raft.server.log.statemachine.data.sync.timeout.retry = -1 (default)
2019-06-14 01:56:33,302 INFO  server.RaftServerConfigKeys (ConfUtils.java:logGet(43)) - raft.server.log.statemachine.data.caching.enabled = true (custom)
2019-06-14 01:56:33,303 INFO  server.RaftServerConfigKeys (ConfUtils.java:logGet(43)) - raft.server.snapshot.auto.trigger.enabled = true (custom)
2019-06-14 01:56:33,303 INFO  server.RaftServerConfigKeys (ConfUtils.java:logGet(43)) - raft.server.snapshot.auto.trigger.threshold = 10000 (custom)
2019-06-14 01:56:33,303 INFO  server.RaftServerConfigKeys (ConfUtils.java:logGet(43)) - raft.server.retrycache.expirytime = 600000ms (custom)
2019-06-14 01:56:33,303 INFO  impl.RaftServerImpl (RaftServerImpl.java:start(173)) - 783687aa-d5cf-429b-b789-40589342d70e: start group-A10DB0EFEEA6
2019-06-14 01:56:33,303 INFO  impl.RaftServerImpl (RaftServerImpl.java:setRole(164)) - 783687aa-d5cf-429b-b789-40589342d70e:group-A10DB0EFEEA6 changes role from null to FOLLOWER at term 0 for startAsFollower
2019-06-14 01:56:33,303 INFO  impl.RoleInfo (RoleInfo.java:updateAndGet(143)) - 783687aa-d5cf-429b-b789-40589342d70e: start FollowerState
2019-06-14 01:56:33,303 INFO  util.JmxRegister (JmxRegister.java:tryRegister(44)) - Successfully registered JMX Bean with object name Ratis:service=RaftServer,group=group-A10DB0EFEEA6,id=783687aa-d5cf-429b-b789-40589342d70e
2019-06-14 01:56:33,311 INFO  pipeline.PipelineStateManager (PipelineStateManager.java:addPipeline(56)) - Created pipeline Pipeline[ Id: e496e73e-43e2-42bb-9465-a10db0efeea6, Nodes: 783687aa-d5cf-429b-b789-40589342d70e{ip: 192.168.46.36, host: ozone-s4hr9-797773889, networkLocation: /default-rack, certSerialId: null}, Type:RATIS, Factor:ONE, State:OPEN]
2019-06-14 01:56:33,339 INFO  impl.RaftServerProxy (RaftServerProxy.java:addNew(89)) - 07896c88-c7e8-4ff4-9556-6aa373151ab1: addNew group-18EEDE7433AB:[783687aa-d5cf-429b-b789-40589342d70e:192.168.46.36:44753, 5db94ac5-a0c6-4609-a837-6c6c8ddbe5ae:192.168.46.36:39751, 07896c88-c7e8-4ff4-9556-6aa373151ab1:192.168.46.36:32861] returns group-18EEDE7433AB:java.util.concurrent.CompletableFuture@6d1dd1b[Not completed]
2019-06-14 01:56:33,343 INFO  impl.RaftServerImpl (RaftServerImpl.java:<init>(91)) - 07896c88-c7e8-4ff4-9556-6aa373151ab1: new RaftServerImpl for group-18EEDE7433AB:[783687aa-d5cf-429b-b789-40589342d70e:192.168.46.36:44753, 5db94ac5-a0c6-4609-a837-6c6c8ddbe5ae:192.168.46.36:39751, 07896c88-c7e8-4ff4-9556-6aa373151ab1:192.168.46.36:32861] with ContainerStateMachine:uninitialized
2019-06-14 01:56:33,344 INFO  server.RaftServerConfigKeys (ConfUtils.java:logGet(43)) - raft.server.rpc.timeout.min = 1s (custom)
2019-06-14 01:56:33,345 INFO  server.RaftServerConfigKeys (ConfUtils.java:logGet(43)) - raft.server.rpc.timeout.max = 1200ms (custom)
2019-06-14 01:56:33,345 INFO  server.RaftServerConfigKeys (ConfUtils.java:logGet(43)) - raft.server.rpcslowness.timeout = 10s (custom)
2019-06-14 01:56:33,346 INFO  server.RaftServerConfigKeys (ConfUtils.java:logGet(43)) - raft.server.log.appender.install.snapshot.enabled = true (default)
2019-06-14 01:56:33,346 INFO  impl.RaftServerImpl (ServerState.java:<init>(101)) - 07896c88-c7e8-4ff4-9556-6aa373151ab1:group-18EEDE7433AB ConfigurationManager, init=-1: [783687aa-d5cf-429b-b789-40589342d70e:192.168.46.36:44753, 5db94ac5-a0c6-4609-a837-6c6c8ddbe5ae:192.168.46.36:39751, 07896c88-c7e8-4ff4-9556-6aa373151ab1:192.168.46.36:32861], old=null, confs=<EMPTY_MAP>
2019-06-14 01:56:33,346 INFO  server.RaftServerConfigKeys (ConfUtils.java:logGet(43)) - raft.server.storage.dir = [/opt/src/hadoop-ozone/integration-test/target/test-dir/MiniOzoneClusterImpl-a714103e-e92c-4fc5-b849-803b59b9aef6/datanode-1/data/ratis] (custom)
2019-06-14 01:56:33,347 INFO  impl.RaftServerProxy (RaftServerProxy.java:addNew(89)) - 783687aa-d5cf-429b-b789-40589342d70e: addNew group-18EEDE7433AB:[783687aa-d5cf-429b-b789-40589342d70e:192.168.46.36:44753, 5db94ac5-a0c6-4609-a837-6c6c8ddbe5ae:192.168.46.36:39751, 07896c88-c7e8-4ff4-9556-6aa373151ab1:192.168.46.36:32861] returns group-18EEDE7433AB:java.util.concurrent.CompletableFuture@771498a5[Not completed]
2019-06-14 01:56:33,348 INFO  storage.RaftStorageDirectory (RaftStorageDirectory.java:analyzeStorage(246)) - The storage directory /opt/src/hadoop-ozone/integration-test/target/test-dir/MiniOzoneClusterImpl-a714103e-e92c-4fc5-b849-803b59b9aef6/datanode-1/data/ratis/58af57de-0385-4a42-9bb4-18eede7433ab does not exist. Creating ...
2019-06-14 01:56:33,348 INFO  impl.RaftServerImpl (RaftServerImpl.java:<init>(91)) - 783687aa-d5cf-429b-b789-40589342d70e: new RaftServerImpl for group-18EEDE7433AB:[783687aa-d5cf-429b-b789-40589342d70e:192.168.46.36:44753, 5db94ac5-a0c6-4609-a837-6c6c8ddbe5ae:192.168.46.36:39751, 07896c88-c7e8-4ff4-9556-6aa373151ab1:192.168.46.36:32861] with ContainerStateMachine:uninitialized
2019-06-14 01:56:33,348 INFO  server.RaftServerConfigKeys (ConfUtils.java:logGet(43)) - raft.server.rpc.timeout.min = 1s (custom)
2019-06-14 01:56:33,348 INFO  server.RaftServerConfigKeys (ConfUtils.java:logGet(43)) - raft.server.rpc.timeout.max = 1200ms (custom)
2019-06-14 01:56:33,348 INFO  server.RaftServerConfigKeys (ConfUtils.java:logGet(43)) - raft.server.rpcslowness.timeout = 10s (custom)
2019-06-14 01:56:33,348 INFO  server.RaftServerConfigKeys (ConfUtils.java:logGet(43)) - raft.server.log.appender.install.snapshot.enabled = true (default)
2019-06-14 01:56:33,348 INFO  impl.RaftServerImpl (ServerState.java:<init>(101)) - 783687aa-d5cf-429b-b789-40589342d70e:group-18EEDE7433AB ConfigurationManager, init=-1: [783687aa-d5cf-429b-b789-40589342d70e:192.168.46.36:44753, 5db94ac5-a0c6-4609-a837-6c6c8ddbe5ae:192.168.46.36:39751, 07896c88-c7e8-4ff4-9556-6aa373151ab1:192.168.46.36:32861], old=null, confs=<EMPTY_MAP>
2019-06-14 01:56:33,349 INFO  server.RaftServerConfigKeys (ConfUtils.java:logGet(43)) - raft.server.storage.dir = [/opt/src/hadoop-ozone/integration-test/target/test-dir/MiniOzoneClusterImpl-a714103e-e92c-4fc5-b849-803b59b9aef6/datanode-2/data/ratis] (custom)
2019-06-14 01:56:33,349 INFO  storage.RaftStorageDirectory (RaftStorageDirectory.java:analyzeStorage(246)) - The storage directory /opt/src/hadoop-ozone/integration-test/target/test-dir/MiniOzoneClusterImpl-a714103e-e92c-4fc5-b849-803b59b9aef6/datanode-2/data/ratis/58af57de-0385-4a42-9bb4-18eede7433ab does not exist. Creating ...
2019-06-14 01:56:33,350 INFO  storage.RaftStorageDirectory (RaftStorageDirectory.java:tryLock(328)) - Lock on /opt/src/hadoop-ozone/integration-test/target/test-dir/MiniOzoneClusterImpl-a714103e-e92c-4fc5-b849-803b59b9aef6/datanode-1/data/ratis/58af57de-0385-4a42-9bb4-18eede7433ab/in_use.lock acquired by nodename 10152@ozone-s4hr9-797773889
2019-06-14 01:56:33,350 INFO  impl.RaftServerProxy (RaftServerProxy.java:addNew(89)) - 5db94ac5-a0c6-4609-a837-6c6c8ddbe5ae: addNew group-18EEDE7433AB:[783687aa-d5cf-429b-b789-40589342d70e:192.168.46.36:44753, 5db94ac5-a0c6-4609-a837-6c6c8ddbe5ae:192.168.46.36:39751, 07896c88-c7e8-4ff4-9556-6aa373151ab1:192.168.46.36:32861] returns group-18EEDE7433AB:java.util.concurrent.CompletableFuture@2ee4919[Not completed]
2019-06-14 01:56:33,351 INFO  impl.RaftServerImpl (RaftServerImpl.java:<init>(91)) - 5db94ac5-a0c6-4609-a837-6c6c8ddbe5ae: new RaftServerImpl for group-18EEDE7433AB:[783687aa-d5cf-429b-b789-40589342d70e:192.168.46.36:44753, 5db94ac5-a0c6-4609-a837-6c6c8ddbe5ae:192.168.46.36:39751, 07896c88-c7e8-4ff4-9556-6aa373151ab1:192.168.46.36:32861] with ContainerStateMachine:uninitialized
2019-06-14 01:56:33,351 INFO  server.RaftServerConfigKeys (ConfUtils.java:logGet(43)) - raft.server.rpc.timeout.min = 1s (custom)
2019-06-14 01:56:33,351 INFO  server.RaftServerConfigKeys (ConfUtils.java:logGet(43)) - raft.server.rpc.timeout.max = 1200ms (custom)
2019-06-14 01:56:33,351 INFO  server.RaftServerConfigKeys (ConfUtils.java:logGet(43)) - raft.server.rpcslowness.timeout = 10s (custom)
2019-06-14 01:56:33,351 INFO  server.RaftServerConfigKeys (ConfUtils.java:logGet(43)) - raft.server.log.appender.install.snapshot.enabled = true (default)
2019-06-14 01:56:33,351 INFO  impl.RaftServerImpl (ServerState.java:<init>(101)) - 5db94ac5-a0c6-4609-a837-6c6c8ddbe5ae:group-18EEDE7433AB ConfigurationManager, init=-1: [783687aa-d5cf-429b-b789-40589342d70e:192.168.46.36:44753, 5db94ac5-a0c6-4609-a837-6c6c8ddbe5ae:192.168.46.36:39751, 07896c88-c7e8-4ff4-9556-6aa373151ab1:192.168.46.36:32861], old=null, confs=<EMPTY_MAP>
2019-06-14 01:56:33,351 INFO  server.RaftServerConfigKeys (ConfUtils.java:logGet(43)) - raft.server.storage.dir = [/opt/src/hadoop-ozone/integration-test/target/test-dir/MiniOzoneClusterImpl-a714103e-e92c-4fc5-b849-803b59b9aef6/datanode-0/data/ratis] (custom)
2019-06-14 01:56:33,352 INFO  storage.RaftStorageDirectory (RaftStorageDirectory.java:analyzeStorage(246)) - The storage directory /opt/src/hadoop-ozone/integration-test/target/test-dir/MiniOzoneClusterImpl-a714103e-e92c-4fc5-b849-803b59b9aef6/datanode-0/data/ratis/58af57de-0385-4a42-9bb4-18eede7433ab does not exist. Creating ...
2019-06-14 01:56:33,353 INFO  storage.RaftStorage (RaftStorage.java:format(75)) - Storage directory /opt/src/hadoop-ozone/integration-test/target/test-dir/MiniOzoneClusterImpl-a714103e-e92c-4fc5-b849-803b59b9aef6/datanode-1/data/ratis/58af57de-0385-4a42-9bb4-18eede7433ab has been successfully formatted.
2019-06-14 01:56:33,353 INFO  ratis.ContainerStateMachine (ContainerStateMachine.java:loadSnapshot(199)) - The snapshot info is null.Setting the last applied index to:(t:0, i:~)
2019-06-14 01:56:33,353 INFO  server.RaftServerConfigKeys (ConfUtils.java:logGet(43)) - raft.server.leader.election.timeout = 10s (custom)
2019-06-14 01:56:33,353 INFO  storage.RaftStorageDirectory (RaftStorageDirectory.java:tryLock(328)) - Lock on /opt/src/hadoop-ozone/integration-test/target/test-dir/MiniOzoneClusterImpl-a714103e-e92c-4fc5-b849-803b59b9aef6/datanode-2/data/ratis/58af57de-0385-4a42-9bb4-18eede7433ab/in_use.lock acquired by nodename 10152@ozone-s4hr9-797773889
2019-06-14 01:56:33,353 INFO  server.RaftServerConfigKeys (ConfUtils.java:logGet(43)) - raft.server.log.use.memory = false (default)
2019-06-14 01:56:33,354 INFO  server.RaftServerConfigKeys (ConfUtils.java:logGet(43)) - raft.server.log.appender.buffer.byte-limit = 33554432 (custom)
2019-06-14 01:56:33,354 INFO  server.RaftServerConfigKeys (ConfUtils.java:logGet(43)) - raft.server.log.segment.size.max = 16384 (custom)
2019-06-14 01:56:33,354 INFO  server.RaftServerConfigKeys (ConfUtils.java:logGet(43)) - raft.server.log.segment.cache.num.max = 2 (custom)
2019-06-14 01:56:33,354 INFO  storage.RaftLogWorker (RaftLogWorker.java:<init>(123)) - new 07896c88-c7e8-4ff4-9556-6aa373151ab1-RaftLogWorker for Storage Directory /opt/src/hadoop-ozone/integration-test/target/test-dir/MiniOzoneClusterImpl-a714103e-e92c-4fc5-b849-803b59b9aef6/datanode-1/data/ratis/58af57de-0385-4a42-9bb4-18eede7433ab
2019-06-14 01:56:33,354 INFO  storage.RaftStorageDirectory (RaftStorageDirectory.java:tryLock(328)) - Lock on /opt/src/hadoop-ozone/integration-test/target/test-dir/MiniOzoneClusterImpl-a714103e-e92c-4fc5-b849-803b59b9aef6/datanode-0/data/ratis/58af57de-0385-4a42-9bb4-18eede7433ab/in_use.lock acquired by nodename 10152@ozone-s4hr9-797773889
2019-06-14 01:56:33,354 INFO  server.RaftServerConfigKeys (ConfUtils.java:logGet(43)) - raft.server.log.queue.byte-limit = 2147483647 (custom)
2019-06-14 01:56:33,354 INFO  server.RaftServerConfigKeys (ConfUtils.java:logGet(43)) - raft.server.log.queue.element-limit = 1024 (custom)
2019-06-14 01:56:33,355 INFO  server.RaftServerConfigKeys (ConfUtils.java:logGet(43)) - raft.server.log.segment.size.max = 16384 (custom)
2019-06-14 01:56:33,355 INFO  server.RaftServerConfigKeys (ConfUtils.java:logGet(43)) - raft.server.log.preallocated.size = 16384 (custom)
2019-06-14 01:56:33,355 INFO  server.RaftServerConfigKeys (ConfUtils.java:logGet(43)) - raft.server.log.write.buffer.size = 33554432 (custom)
2019-06-14 01:56:33,355 INFO  server.RaftServerConfigKeys (ConfUtils.java:logGet(43)) - raft.server.log.force.sync.num = 128 (default)
2019-06-14 01:56:33,355 INFO  server.RaftServerConfigKeys (ConfUtils.java:logGet(43)) - raft.server.log.statemachine.data.sync = true (default)
2019-06-14 01:56:33,355 INFO  server.RaftServerConfigKeys (ConfUtils.java:logGet(43)) - raft.server.log.statemachine.data.sync.timeout = 10s (default)
2019-06-14 01:56:33,355 INFO  server.RaftServerConfigKeys (ConfUtils.java:logGet(43)) - raft.server.log.statemachine.data.sync.timeout.retry = -1 (default)
2019-06-14 01:56:33,355 INFO  server.RaftServerConfigKeys (ConfUtils.java:logGet(43)) - raft.server.log.statemachine.data.caching.enabled = true (custom)
2019-06-14 01:56:33,356 INFO  storage.RaftStorage (RaftStorage.java:format(75)) - Storage directory /opt/src/hadoop-ozone/integration-test/target/test-dir/MiniOzoneClusterImpl-a714103e-e92c-4fc5-b849-803b59b9aef6/datanode-2/data/ratis/58af57de-0385-4a42-9bb4-18eede7433ab has been successfully formatted.
2019-06-14 01:56:33,356 INFO  ratis.ContainerStateMachine (ContainerStateMachine.java:loadSnapshot(199)) - The snapshot info is null.Setting the last applied index to:(t:0, i:~)
2019-06-14 01:56:33,356 INFO  server.RaftServerConfigKeys (ConfUtils.java:logGet(43)) - raft.server.leader.election.timeout = 10s (custom)
2019-06-14 01:56:33,356 INFO  server.RaftServerConfigKeys (ConfUtils.java:logGet(43)) - raft.server.log.use.memory = false (default)
2019-06-14 01:56:33,356 INFO  server.RaftServerConfigKeys (ConfUtils.java:logGet(43)) - raft.server.log.appender.buffer.byte-limit = 33554432 (custom)
2019-06-14 01:56:33,356 INFO  server.RaftServerConfigKeys (ConfUtils.java:logGet(43)) - raft.server.log.segment.size.max = 16384 (custom)
2019-06-14 01:56:33,357 INFO  server.RaftServerConfigKeys (ConfUtils.java:logGet(43)) - raft.server.log.segment.cache.num.max = 2 (custom)
2019-06-14 01:56:33,357 INFO  storage.RaftLogWorker (RaftLogWorker.java:<init>(123)) - new 783687aa-d5cf-429b-b789-40589342d70e-RaftLogWorker for Storage Directory /opt/src/hadoop-ozone/integration-test/target/test-dir/MiniOzoneClusterImpl-a714103e-e92c-4fc5-b849-803b59b9aef6/datanode-2/data/ratis/58af57de-0385-4a42-9bb4-18eede7433ab
2019-06-14 01:56:33,357 INFO  server.RaftServerConfigKeys (ConfUtils.java:logGet(43)) - raft.server.log.queue.byte-limit = 2147483647 (custom)
2019-06-14 01:56:33,357 INFO  storage.RaftStorage (RaftStorage.java:format(75)) - Storage directory /opt/src/hadoop-ozone/integration-test/target/test-dir/MiniOzoneClusterImpl-a714103e-e92c-4fc5-b849-803b59b9aef6/datanode-0/data/ratis/58af57de-0385-4a42-9bb4-18eede7433ab has been successfully formatted.
2019-06-14 01:56:33,357 INFO  server.RaftServerConfigKeys (ConfUtils.java:logGet(43)) - raft.server.log.queue.element-limit = 1024 (custom)
2019-06-14 01:56:33,357 INFO  ratis.ContainerStateMachine (ContainerStateMachine.java:loadSnapshot(199)) - The snapshot info is null.Setting the last applied index to:(t:0, i:~)
2019-06-14 01:56:33,358 INFO  server.RaftServerConfigKeys (ConfUtils.java:logGet(43)) - raft.server.leader.election.timeout = 10s (custom)
2019-06-14 01:56:33,358 INFO  server.RaftServerConfigKeys (ConfUtils.java:logGet(43)) - raft.server.log.use.memory = false (default)
2019-06-14 01:56:33,358 INFO  server.RaftServerConfigKeys (ConfUtils.java:logGet(43)) - raft.server.log.appender.buffer.byte-limit = 33554432 (custom)
2019-06-14 01:56:33,358 INFO  server.RaftServerConfigKeys (ConfUtils.java:logGet(43)) - raft.server.log.segment.size.max = 16384 (custom)
2019-06-14 01:56:33,358 INFO  server.RaftServerConfigKeys (ConfUtils.java:logGet(43)) - raft.server.log.segment.cache.num.max = 2 (custom)
2019-06-14 01:56:33,358 INFO  storage.RaftLogWorker (RaftLogWorker.java:<init>(123)) - new 5db94ac5-a0c6-4609-a837-6c6c8ddbe5ae-RaftLogWorker for Storage Directory /opt/src/hadoop-ozone/integration-test/target/test-dir/MiniOzoneClusterImpl-a714103e-e92c-4fc5-b849-803b59b9aef6/datanode-0/data/ratis/58af57de-0385-4a42-9bb4-18eede7433ab
2019-06-14 01:56:33,358 INFO  server.RaftServerConfigKeys (ConfUtils.java:logGet(43)) - raft.server.log.queue.byte-limit = 2147483647 (custom)
2019-06-14 01:56:33,358 INFO  server.RaftServerConfigKeys (ConfUtils.java:logGet(43)) - raft.server.log.queue.element-limit = 1024 (custom)
2019-06-14 01:56:33,359 INFO  server.RaftServerConfigKeys (ConfUtils.java:logGet(43)) - raft.server.log.segment.size.max = 16384 (custom)
2019-06-14 01:56:33,359 INFO  server.RaftServerConfigKeys (ConfUtils.java:logGet(43)) - raft.server.log.preallocated.size = 16384 (custom)
2019-06-14 01:56:33,359 INFO  server.RaftServerConfigKeys (ConfUtils.java:logGet(43)) - raft.server.log.write.buffer.size = 33554432 (custom)
2019-06-14 01:56:33,359 INFO  server.RaftServerConfigKeys (ConfUtils.java:logGet(43)) - raft.server.log.force.sync.num = 128 (default)
2019-06-14 01:56:33,359 INFO  server.RaftServerConfigKeys (ConfUtils.java:logGet(43)) - raft.server.log.statemachine.data.sync = true (default)
2019-06-14 01:56:33,359 INFO  server.RaftServerConfigKeys (ConfUtils.java:logGet(43)) - raft.server.log.statemachine.data.sync.timeout = 10s (default)
2019-06-14 01:56:33,359 INFO  server.RaftServerConfigKeys (ConfUtils.java:logGet(43)) - raft.server.log.statemachine.data.sync.timeout.retry = -1 (default)
2019-06-14 01:56:33,358 INFO  server.RaftServerConfigKeys (ConfUtils.java:logGet(43)) - raft.server.log.segment.size.max = 16384 (custom)
2019-06-14 01:56:33,359 INFO  server.RaftServerConfigKeys (ConfUtils.java:logGet(43)) - raft.server.log.preallocated.size = 16384 (custom)
2019-06-14 01:56:33,360 INFO  server.RaftServerConfigKeys (ConfUtils.java:logGet(43)) - raft.server.log.write.buffer.size = 33554432 (custom)
2019-06-14 01:56:33,360 INFO  server.RaftServerConfigKeys (ConfUtils.java:logGet(43)) - raft.server.log.force.sync.num = 128 (default)
2019-06-14 01:56:33,360 INFO  server.RaftServerConfigKeys (ConfUtils.java:logGet(43)) - raft.server.log.statemachine.data.sync = true (default)
2019-06-14 01:56:33,360 INFO  server.RaftServerConfigKeys (ConfUtils.java:logGet(43)) - raft.server.log.statemachine.data.sync.timeout = 10s (default)
2019-06-14 01:56:33,360 INFO  server.RaftServerConfigKeys (ConfUtils.java:logGet(43)) - raft.server.log.statemachine.data.sync.timeout.retry = -1 (default)
2019-06-14 01:56:33,361 INFO  server.RaftServerConfigKeys (ConfUtils.java:logGet(43)) - raft.server.snapshot.auto.trigger.enabled = true (custom)
2019-06-14 01:56:33,362 INFO  server.RaftServerConfigKeys (ConfUtils.java:logGet(43)) - raft.server.snapshot.auto.trigger.threshold = 10000 (custom)
2019-06-14 01:56:33,362 INFO  server.RaftServerConfigKeys (ConfUtils.java:logGet(43)) - raft.server.retrycache.expirytime = 600000ms (custom)
2019-06-14 01:56:33,362 INFO  impl.RaftServerImpl (RaftServerImpl.java:start(173)) - 07896c88-c7e8-4ff4-9556-6aa373151ab1: start group-18EEDE7433AB
2019-06-14 01:56:33,362 INFO  impl.RaftServerImpl (RaftServerImpl.java:setRole(164)) - 07896c88-c7e8-4ff4-9556-6aa373151ab1:group-18EEDE7433AB changes role from null to FOLLOWER at term 0 for startAsFollower
2019-06-14 01:56:33,362 INFO  impl.RoleInfo (RoleInfo.java:updateAndGet(143)) - 07896c88-c7e8-4ff4-9556-6aa373151ab1: start FollowerState
2019-06-14 01:56:33,363 INFO  util.JmxRegister (JmxRegister.java:tryRegister(44)) - Successfully registered JMX Bean with object name Ratis:service=RaftServer,group=group-18EEDE7433AB,id=07896c88-c7e8-4ff4-9556-6aa373151ab1
2019-06-14 01:56:33,363 INFO  server.RaftServerConfigKeys (ConfUtils.java:logGet(43)) - raft.server.log.statemachine.data.caching.enabled = true (custom)
2019-06-14 01:56:33,363 INFO  server.RaftServerConfigKeys (ConfUtils.java:logGet(43)) - raft.server.log.statemachine.data.caching.enabled = true (custom)
2019-06-14 01:56:33,365 INFO  server.RaftServerConfigKeys (ConfUtils.java:logGet(43)) - raft.server.snapshot.auto.trigger.enabled = true (custom)
2019-06-14 01:56:33,367 INFO  server.RaftServerConfigKeys (ConfUtils.java:logGet(43)) - raft.server.snapshot.auto.trigger.enabled = true (custom)
2019-06-14 01:56:33,367 INFO  server.RaftServerConfigKeys (ConfUtils.java:logGet(43)) - raft.server.snapshot.auto.trigger.threshold = 10000 (custom)
2019-06-14 01:56:33,367 INFO  server.RaftServerConfigKeys (ConfUtils.java:logGet(43)) - raft.server.retrycache.expirytime = 600000ms (custom)
2019-06-14 01:56:33,367 INFO  impl.RaftServerImpl (RaftServerImpl.java:start(173)) - 783687aa-d5cf-429b-b789-40589342d70e: start group-18EEDE7433AB
2019-06-14 01:56:33,367 INFO  impl.RaftServerImpl (RaftServerImpl.java:setRole(164)) - 783687aa-d5cf-429b-b789-40589342d70e:group-18EEDE7433AB changes role from null to FOLLOWER at term 0 for startAsFollower
2019-06-14 01:56:33,371 INFO  impl.RoleInfo (RoleInfo.java:updateAndGet(143)) - 783687aa-d5cf-429b-b789-40589342d70e: start FollowerState
2019-06-14 01:56:33,371 INFO  server.RaftServerConfigKeys (ConfUtils.java:logGet(43)) - raft.server.snapshot.auto.trigger.threshold = 10000 (custom)
2019-06-14 01:56:33,371 INFO  server.RaftServerConfigKeys (ConfUtils.java:logGet(43)) - raft.server.retrycache.expirytime = 600000ms (custom)
2019-06-14 01:56:33,372 INFO  impl.RaftServerImpl (RaftServerImpl.java:start(173)) - 5db94ac5-a0c6-4609-a837-6c6c8ddbe5ae: start group-18EEDE7433AB
2019-06-14 01:56:33,372 INFO  impl.RaftServerImpl (RaftServerImpl.java:setRole(164)) - 5db94ac5-a0c6-4609-a837-6c6c8ddbe5ae:group-18EEDE7433AB changes role from null to FOLLOWER at term 0 for startAsFollower
2019-06-14 01:56:33,372 INFO  impl.RoleInfo (RoleInfo.java:updateAndGet(143)) - 5db94ac5-a0c6-4609-a837-6c6c8ddbe5ae: start FollowerState
2019-06-14 01:56:33,372 INFO  util.JmxRegister (JmxRegister.java:tryRegister(44)) - Successfully registered JMX Bean with object name Ratis:service=RaftServer,group=group-18EEDE7433AB,id=5db94ac5-a0c6-4609-a837-6c6c8ddbe5ae
2019-06-14 01:56:33,373 INFO  util.JmxRegister (JmxRegister.java:tryRegister(44)) - Successfully registered JMX Bean with object name Ratis:service=RaftServer,group=group-18EEDE7433AB,id=783687aa-d5cf-429b-b789-40589342d70e
2019-06-14 01:56:33,393 INFO  pipeline.PipelineStateManager (PipelineStateManager.java:addPipeline(56)) - Created pipeline Pipeline[ Id: 58af57de-0385-4a42-9bb4-18eede7433ab, Nodes: 783687aa-d5cf-429b-b789-40589342d70e{ip: 192.168.46.36, host: ozone-s4hr9-797773889, networkLocation: /default-rack, certSerialId: null}07896c88-c7e8-4ff4-9556-6aa373151ab1{ip: 192.168.46.36, host: ozone-s4hr9-797773889, networkLocation: /default-rack, certSerialId: null}5db94ac5-a0c6-4609-a837-6c6c8ddbe5ae{ip: 192.168.46.36, host: ozone-s4hr9-797773889, networkLocation: /default-rack, certSerialId: null}, Type:RATIS, Factor:THREE, State:OPEN]
2019-06-14 01:56:33,460 INFO  node.SCMNodeManager (SCMNodeManager.java:register(234)) - Registered Data node : 3a6f6e44-acc5-453b-bf30-df4c0d6f0694{ip: 192.168.46.36, host: ozone-s4hr9-797773889, networkLocation: /default-rack, certSerialId: null}
2019-06-14 01:56:33,471 INFO  impl.RaftServerProxy (RaftServerProxy.java:addNew(89)) - 3a6f6e44-acc5-453b-bf30-df4c0d6f0694: addNew group-EF330D2574E4:[3a6f6e44-acc5-453b-bf30-df4c0d6f0694:192.168.46.36:34441] returns group-EF330D2574E4:java.util.concurrent.CompletableFuture@7661930a[Not completed]
2019-06-14 01:56:33,472 INFO  impl.RaftServerImpl (RaftServerImpl.java:<init>(91)) - 3a6f6e44-acc5-453b-bf30-df4c0d6f0694: new RaftServerImpl for group-EF330D2574E4:[3a6f6e44-acc5-453b-bf30-df4c0d6f0694:192.168.46.36:34441] with ContainerStateMachine:uninitialized
2019-06-14 01:56:33,472 INFO  server.RaftServerConfigKeys (ConfUtils.java:logGet(43)) - raft.server.rpc.timeout.min = 1s (custom)
2019-06-14 01:56:33,473 INFO  server.RaftServerConfigKeys (ConfUtils.java:logGet(43)) - raft.server.rpc.timeout.max = 1200ms (custom)
2019-06-14 01:56:33,473 INFO  server.RaftServerConfigKeys (ConfUtils.java:logGet(43)) - raft.server.rpcslowness.timeout = 10s (custom)
2019-06-14 01:56:33,473 INFO  server.RaftServerConfigKeys (ConfUtils.java:logGet(43)) - raft.server.log.appender.install.snapshot.enabled = true (default)
2019-06-14 01:56:33,473 INFO  impl.RaftServerImpl (ServerState.java:<init>(101)) - 3a6f6e44-acc5-453b-bf30-df4c0d6f0694:group-EF330D2574E4 ConfigurationManager, init=-1: [3a6f6e44-acc5-453b-bf30-df4c0d6f0694:192.168.46.36:34441], old=null, confs=<EMPTY_MAP>
2019-06-14 01:56:33,473 INFO  server.RaftServerConfigKeys (ConfUtils.java:logGet(43)) - raft.server.storage.dir = [/opt/src/hadoop-ozone/integration-test/target/test-dir/MiniOzoneClusterImpl-a714103e-e92c-4fc5-b849-803b59b9aef6/datanode-3/data/ratis] (custom)
2019-06-14 01:56:33,473 INFO  storage.RaftStorageDirectory (RaftStorageDirectory.java:analyzeStorage(246)) - The storage directory /opt/src/hadoop-ozone/integration-test/target/test-dir/MiniOzoneClusterImpl-a714103e-e92c-4fc5-b849-803b59b9aef6/datanode-3/data/ratis/ae3289d5-64a4-4637-9105-ef330d2574e4 does not exist. Creating ...
2019-06-14 01:56:33,475 INFO  storage.RaftStorageDirectory (RaftStorageDirectory.java:tryLock(328)) - Lock on /opt/src/hadoop-ozone/integration-test/target/test-dir/MiniOzoneClusterImpl-a714103e-e92c-4fc5-b849-803b59b9aef6/datanode-3/data/ratis/ae3289d5-64a4-4637-9105-ef330d2574e4/in_use.lock acquired by nodename 10152@ozone-s4hr9-797773889
2019-06-14 01:56:33,478 INFO  storage.RaftStorage (RaftStorage.java:format(75)) - Storage directory /opt/src/hadoop-ozone/integration-test/target/test-dir/MiniOzoneClusterImpl-a714103e-e92c-4fc5-b849-803b59b9aef6/datanode-3/data/ratis/ae3289d5-64a4-4637-9105-ef330d2574e4 has been successfully formatted.
2019-06-14 01:56:33,478 INFO  ratis.ContainerStateMachine (ContainerStateMachine.java:loadSnapshot(199)) - The snapshot info is null.Setting the last applied index to:(t:0, i:~)
2019-06-14 01:56:33,478 INFO  server.RaftServerConfigKeys (ConfUtils.java:logGet(43)) - raft.server.leader.election.timeout = 10s (custom)
2019-06-14 01:56:33,478 INFO  server.RaftServerConfigKeys (ConfUtils.java:logGet(43)) - raft.server.log.use.memory = false (default)
2019-06-14 01:56:33,478 INFO  server.RaftServerConfigKeys (ConfUtils.java:logGet(43)) - raft.server.log.appender.buffer.byte-limit = 33554432 (custom)
2019-06-14 01:56:33,478 INFO  server.RaftServerConfigKeys (ConfUtils.java:logGet(43)) - raft.server.log.segment.size.max = 16384 (custom)
2019-06-14 01:56:33,478 INFO  server.RaftServerConfigKeys (ConfUtils.java:logGet(43)) - raft.server.log.segment.cache.num.max = 2 (custom)
2019-06-14 01:56:33,478 INFO  storage.RaftLogWorker (RaftLogWorker.java:<init>(123)) - new 3a6f6e44-acc5-453b-bf30-df4c0d6f0694-RaftLogWorker for Storage Directory /opt/src/hadoop-ozone/integration-test/target/test-dir/MiniOzoneClusterImpl-a714103e-e92c-4fc5-b849-803b59b9aef6/datanode-3/data/ratis/ae3289d5-64a4-4637-9105-ef330d2574e4
2019-06-14 01:56:33,478 INFO  server.RaftServerConfigKeys (ConfUtils.java:logGet(43)) - raft.server.log.queue.byte-limit = 2147483647 (custom)
2019-06-14 01:56:33,478 INFO  server.RaftServerConfigKeys (ConfUtils.java:logGet(43)) - raft.server.log.queue.element-limit = 1024 (custom)
2019-06-14 01:56:33,479 INFO  server.RaftServerConfigKeys (ConfUtils.java:logGet(43)) - raft.server.log.segment.size.max = 16384 (custom)
2019-06-14 01:56:33,479 INFO  server.RaftServerConfigKeys (ConfUtils.java:logGet(43)) - raft.server.log.preallocated.size = 16384 (custom)
2019-06-14 01:56:33,479 INFO  server.RaftServerConfigKeys (ConfUtils.java:logGet(43)) - raft.server.log.write.buffer.size = 33554432 (custom)
2019-06-14 01:56:33,479 INFO  server.RaftServerConfigKeys (ConfUtils.java:logGet(43)) - raft.server.log.force.sync.num = 128 (default)
2019-06-14 01:56:33,479 INFO  server.RaftServerConfigKeys (ConfUtils.java:logGet(43)) - raft.server.log.statemachine.data.sync = true (default)
2019-06-14 01:56:33,479 INFO  server.RaftServerConfigKeys (ConfUtils.java:logGet(43)) - raft.server.log.statemachine.data.sync.timeout = 10s (default)
2019-06-14 01:56:33,479 INFO  server.RaftServerConfigKeys (ConfUtils.java:logGet(43)) - raft.server.log.statemachine.data.sync.timeout.retry = -1 (default)
2019-06-14 01:56:33,479 INFO  server.RaftServerConfigKeys (ConfUtils.java:logGet(43)) - raft.server.log.statemachine.data.caching.enabled = true (custom)
2019-06-14 01:56:33,479 INFO  server.RaftServerConfigKeys (ConfUtils.java:logGet(43)) - raft.server.snapshot.auto.trigger.enabled = true (custom)
2019-06-14 01:56:33,480 INFO  server.RaftServerConfigKeys (ConfUtils.java:logGet(43)) - raft.server.snapshot.auto.trigger.threshold = 10000 (custom)
2019-06-14 01:56:33,480 INFO  server.RaftServerConfigKeys (ConfUtils.java:logGet(43)) - raft.server.retrycache.expirytime = 600000ms (custom)
2019-06-14 01:56:33,480 INFO  impl.RaftServerImpl (RaftServerImpl.java:start(173)) - 3a6f6e44-acc5-453b-bf30-df4c0d6f0694: start group-EF330D2574E4
2019-06-14 01:56:33,480 INFO  impl.RaftServerImpl (RaftServerImpl.java:setRole(164)) - 3a6f6e44-acc5-453b-bf30-df4c0d6f0694:group-EF330D2574E4 changes role from null to FOLLOWER at term 0 for startAsFollower
2019-06-14 01:56:33,480 INFO  impl.RoleInfo (RoleInfo.java:updateAndGet(143)) - 3a6f6e44-acc5-453b-bf30-df4c0d6f0694: start FollowerState
2019-06-14 01:56:33,480 INFO  util.JmxRegister (JmxRegister.java:tryRegister(44)) - Successfully registered JMX Bean with object name Ratis:service=RaftServer,group=group-EF330D2574E4,id=3a6f6e44-acc5-453b-bf30-df4c0d6f0694
2019-06-14 01:56:33,487 INFO  pipeline.PipelineStateManager (PipelineStateManager.java:addPipeline(56)) - Created pipeline Pipeline[ Id: ae3289d5-64a4-4637-9105-ef330d2574e4, Nodes: 3a6f6e44-acc5-453b-bf30-df4c0d6f0694{ip: 192.168.46.36, host: ozone-s4hr9-797773889, networkLocation: /default-rack, certSerialId: null}, Type:RATIS, Factor:ONE, State:OPEN]
2019-06-14 01:56:33,648 INFO  node.SCMNodeManager (SCMNodeManager.java:register(234)) - Registered Data node : dd0b4966-d2bd-4484-80c6-6c696f6447ed{ip: 192.168.46.36, host: ozone-s4hr9-797773889, networkLocation: /default-rack, certSerialId: null}
2019-06-14 01:56:33,661 INFO  impl.RaftServerProxy (RaftServerProxy.java:addNew(89)) - dd0b4966-d2bd-4484-80c6-6c696f6447ed: addNew group-3A46E499625E:[dd0b4966-d2bd-4484-80c6-6c696f6447ed:192.168.46.36:46807] returns group-3A46E499625E:java.util.concurrent.CompletableFuture@5c6e2a19[Not completed]
2019-06-14 01:56:33,662 INFO  impl.RaftServerImpl (RaftServerImpl.java:<init>(91)) - dd0b4966-d2bd-4484-80c6-6c696f6447ed: new RaftServerImpl for group-3A46E499625E:[dd0b4966-d2bd-4484-80c6-6c696f6447ed:192.168.46.36:46807] with ContainerStateMachine:uninitialized
2019-06-14 01:56:33,662 INFO  server.RaftServerConfigKeys (ConfUtils.java:logGet(43)) - raft.server.rpc.timeout.min = 1s (custom)
2019-06-14 01:56:33,662 INFO  server.RaftServerConfigKeys (ConfUtils.java:logGet(43)) - raft.server.rpc.timeout.max = 1200ms (custom)
2019-06-14 01:56:33,663 INFO  server.RaftServerConfigKeys (ConfUtils.java:logGet(43)) - raft.server.rpcslowness.timeout = 10s (custom)
2019-06-14 01:56:33,663 INFO  server.RaftServerConfigKeys (ConfUtils.java:logGet(43)) - raft.server.log.appender.install.snapshot.enabled = true (default)
2019-06-14 01:56:33,663 INFO  impl.RaftServerImpl (ServerState.java:<init>(101)) - dd0b4966-d2bd-4484-80c6-6c696f6447ed:group-3A46E499625E ConfigurationManager, init=-1: [dd0b4966-d2bd-4484-80c6-6c696f6447ed:192.168.46.36:46807], old=null, confs=<EMPTY_MAP>
2019-06-14 01:56:33,663 INFO  server.RaftServerConfigKeys (ConfUtils.java:logGet(43)) - raft.server.storage.dir = [/opt/src/hadoop-ozone/integration-test/target/test-dir/MiniOzoneClusterImpl-a714103e-e92c-4fc5-b849-803b59b9aef6/datanode-4/data/ratis] (custom)
2019-06-14 01:56:33,663 INFO  storage.RaftStorageDirectory (RaftStorageDirectory.java:analyzeStorage(246)) - The storage directory /opt/src/hadoop-ozone/integration-test/target/test-dir/MiniOzoneClusterImpl-a714103e-e92c-4fc5-b849-803b59b9aef6/datanode-4/data/ratis/d768ee02-0e92-47a4-99d6-3a46e499625e does not exist. Creating ...
2019-06-14 01:56:33,665 INFO  storage.RaftStorageDirectory (RaftStorageDirectory.java:tryLock(328)) - Lock on /opt/src/hadoop-ozone/integration-test/target/test-dir/MiniOzoneClusterImpl-a714103e-e92c-4fc5-b849-803b59b9aef6/datanode-4/data/ratis/d768ee02-0e92-47a4-99d6-3a46e499625e/in_use.lock acquired by nodename 10152@ozone-s4hr9-797773889
2019-06-14 01:56:33,667 INFO  storage.RaftStorage (RaftStorage.java:format(75)) - Storage directory /opt/src/hadoop-ozone/integration-test/target/test-dir/MiniOzoneClusterImpl-a714103e-e92c-4fc5-b849-803b59b9aef6/datanode-4/data/ratis/d768ee02-0e92-47a4-99d6-3a46e499625e has been successfully formatted.
2019-06-14 01:56:33,668 INFO  ratis.ContainerStateMachine (ContainerStateMachine.java:loadSnapshot(199)) - The snapshot info is null.Setting the last applied index to:(t:0, i:~)
2019-06-14 01:56:33,668 INFO  server.RaftServerConfigKeys (ConfUtils.java:logGet(43)) - raft.server.leader.election.timeout = 10s (custom)
2019-06-14 01:56:33,668 INFO  server.RaftServerConfigKeys (ConfUtils.java:logGet(43)) - raft.server.log.use.memory = false (default)
2019-06-14 01:56:33,668 INFO  server.RaftServerConfigKeys (ConfUtils.java:logGet(43)) - raft.server.log.appender.buffer.byte-limit = 33554432 (custom)
2019-06-14 01:56:33,668 INFO  server.RaftServerConfigKeys (ConfUtils.java:logGet(43)) - raft.server.log.segment.size.max = 16384 (custom)
2019-06-14 01:56:33,668 INFO  server.RaftServerConfigKeys (ConfUtils.java:logGet(43)) - raft.server.log.segment.cache.num.max = 2 (custom)
2019-06-14 01:56:33,668 INFO  storage.RaftLogWorker (RaftLogWorker.java:<init>(123)) - new dd0b4966-d2bd-4484-80c6-6c696f6447ed-RaftLogWorker for Storage Directory /opt/src/hadoop-ozone/integration-test/target/test-dir/MiniOzoneClusterImpl-a714103e-e92c-4fc5-b849-803b59b9aef6/datanode-4/data/ratis/d768ee02-0e92-47a4-99d6-3a46e499625e
2019-06-14 01:56:33,668 INFO  server.RaftServerConfigKeys (ConfUtils.java:logGet(43)) - raft.server.log.queue.byte-limit = 2147483647 (custom)
2019-06-14 01:56:33,668 INFO  server.RaftServerConfigKeys (ConfUtils.java:logGet(43)) - raft.server.log.queue.element-limit = 1024 (custom)
2019-06-14 01:56:33,668 INFO  server.RaftServerConfigKeys (ConfUtils.java:logGet(43)) - raft.server.log.segment.size.max = 16384 (custom)
2019-06-14 01:56:33,668 INFO  server.RaftServerConfigKeys (ConfUtils.java:logGet(43)) - raft.server.log.preallocated.size = 16384 (custom)
2019-06-14 01:56:33,669 INFO  server.RaftServerConfigKeys (ConfUtils.java:logGet(43)) - raft.server.log.write.buffer.size = 33554432 (custom)
2019-06-14 01:56:33,669 INFO  server.RaftServerConfigKeys (ConfUtils.java:logGet(43)) - raft.server.log.force.sync.num = 128 (default)
2019-06-14 01:56:33,669 INFO  server.RaftServerConfigKeys (ConfUtils.java:logGet(43)) - raft.server.log.statemachine.data.sync = true (default)
2019-06-14 01:56:33,669 INFO  server.RaftServerConfigKeys (ConfUtils.java:logGet(43)) - raft.server.log.statemachine.data.sync.timeout = 10s (default)
2019-06-14 01:56:33,669 INFO  server.RaftServerConfigKeys (ConfUtils.java:logGet(43)) - raft.server.log.statemachine.data.sync.timeout.retry = -1 (default)
2019-06-14 01:56:33,669 INFO  server.RaftServerConfigKeys (ConfUtils.java:logGet(43)) - raft.server.log.statemachine.data.caching.enabled = true (custom)
2019-06-14 01:56:33,669 INFO  server.RaftServerConfigKeys (ConfUtils.java:logGet(43)) - raft.server.snapshot.auto.trigger.enabled = true (custom)
2019-06-14 01:56:33,669 INFO  server.RaftServerConfigKeys (ConfUtils.java:logGet(43)) - raft.server.snapshot.auto.trigger.threshold = 10000 (custom)
2019-06-14 01:56:33,670 INFO  server.RaftServerConfigKeys (ConfUtils.java:logGet(43)) - raft.server.retrycache.expirytime = 600000ms (custom)
2019-06-14 01:56:33,670 INFO  impl.RaftServerImpl (RaftServerImpl.java:start(173)) - dd0b4966-d2bd-4484-80c6-6c696f6447ed: start group-3A46E499625E
2019-06-14 01:56:33,670 INFO  impl.RaftServerImpl (RaftServerImpl.java:setRole(164)) - dd0b4966-d2bd-4484-80c6-6c696f6447ed:group-3A46E499625E changes role from null to FOLLOWER at term 0 for startAsFollower
2019-06-14 01:56:33,670 INFO  impl.RoleInfo (RoleInfo.java:updateAndGet(143)) - dd0b4966-d2bd-4484-80c6-6c696f6447ed: start FollowerState
2019-06-14 01:56:33,670 INFO  util.JmxRegister (JmxRegister.java:tryRegister(44)) - Successfully registered JMX Bean with object name Ratis:service=RaftServer,group=group-3A46E499625E,id=dd0b4966-d2bd-4484-80c6-6c696f6447ed
2019-06-14 01:56:33,675 INFO  pipeline.PipelineStateManager (PipelineStateManager.java:addPipeline(56)) - Created pipeline Pipeline[ Id: d768ee02-0e92-47a4-99d6-3a46e499625e, Nodes: dd0b4966-d2bd-4484-80c6-6c696f6447ed{ip: 192.168.46.36, host: ozone-s4hr9-797773889, networkLocation: /default-rack, certSerialId: null}, Type:RATIS, Factor:ONE, State:OPEN]
2019-06-14 01:56:33,861 INFO  ozone.MiniOzoneClusterImpl (MiniOzoneClusterImpl.java:lambda$waitForClusterToBeReady$0(142)) - Waiting for cluster to be ready. Got 5 of 6 DN Heartbeats.
2019-06-14 01:56:33,868 INFO  node.SCMNodeManager (SCMNodeManager.java:register(234)) - Registered Data node : e7d989a7-7357-4a7f-8deb-405f14ce2b18{ip: 192.168.46.36, host: ozone-s4hr9-797773889, networkLocation: /default-rack, certSerialId: null}
2019-06-14 01:56:33,880 INFO  impl.RaftServerProxy (RaftServerProxy.java:addNew(89)) - e7d989a7-7357-4a7f-8deb-405f14ce2b18: addNew group-4B9CCA0D4A7C:[e7d989a7-7357-4a7f-8deb-405f14ce2b18:192.168.46.36:42725] returns group-4B9CCA0D4A7C:java.util.concurrent.CompletableFuture@238d730d[Not completed]
2019-06-14 01:56:33,883 INFO  impl.RaftServerImpl (RaftServerImpl.java:<init>(91)) - e7d989a7-7357-4a7f-8deb-405f14ce2b18: new RaftServerImpl for group-4B9CCA0D4A7C:[e7d989a7-7357-4a7f-8deb-405f14ce2b18:192.168.46.36:42725] with ContainerStateMachine:uninitialized
2019-06-14 01:56:33,883 INFO  server.RaftServerConfigKeys (ConfUtils.java:logGet(43)) - raft.server.rpc.timeout.min = 1s (custom)
2019-06-14 01:56:33,883 INFO  server.RaftServerConfigKeys (ConfUtils.java:logGet(43)) - raft.server.rpc.timeout.max = 1200ms (custom)
2019-06-14 01:56:33,884 INFO  server.RaftServerConfigKeys (ConfUtils.java:logGet(43)) - raft.server.rpcslowness.timeout = 10s (custom)
2019-06-14 01:56:33,884 INFO  server.RaftServerConfigKeys (ConfUtils.java:logGet(43)) - raft.server.log.appender.install.snapshot.enabled = true (default)
2019-06-14 01:56:33,884 INFO  impl.RaftServerImpl (ServerState.java:<init>(101)) - e7d989a7-7357-4a7f-8deb-405f14ce2b18:group-4B9CCA0D4A7C ConfigurationManager, init=-1: [e7d989a7-7357-4a7f-8deb-405f14ce2b18:192.168.46.36:42725], old=null, confs=<EMPTY_MAP>
2019-06-14 01:56:33,884 INFO  server.RaftServerConfigKeys (ConfUtils.java:logGet(43)) - raft.server.storage.dir = [/opt/src/hadoop-ozone/integration-test/target/test-dir/MiniOzoneClusterImpl-a714103e-e92c-4fc5-b849-803b59b9aef6/datanode-5/data/ratis] (custom)
2019-06-14 01:56:33,884 INFO  storage.RaftStorageDirectory (RaftStorageDirectory.java:analyzeStorage(246)) - The storage directory /opt/src/hadoop-ozone/integration-test/target/test-dir/MiniOzoneClusterImpl-a714103e-e92c-4fc5-b849-803b59b9aef6/datanode-5/data/ratis/1d56bd94-d78c-4982-84c5-4b9cca0d4a7c does not exist. Creating ...
2019-06-14 01:56:33,887 INFO  storage.RaftStorageDirectory (RaftStorageDirectory.java:tryLock(328)) - Lock on /opt/src/hadoop-ozone/integration-test/target/test-dir/MiniOzoneClusterImpl-a714103e-e92c-4fc5-b849-803b59b9aef6/datanode-5/data/ratis/1d56bd94-d78c-4982-84c5-4b9cca0d4a7c/in_use.lock acquired by nodename 10152@ozone-s4hr9-797773889
2019-06-14 01:56:33,889 INFO  storage.RaftStorage (RaftStorage.java:format(75)) - Storage directory /opt/src/hadoop-ozone/integration-test/target/test-dir/MiniOzoneClusterImpl-a714103e-e92c-4fc5-b849-803b59b9aef6/datanode-5/data/ratis/1d56bd94-d78c-4982-84c5-4b9cca0d4a7c has been successfully formatted.
2019-06-14 01:56:33,889 INFO  ratis.ContainerStateMachine (ContainerStateMachine.java:loadSnapshot(199)) - The snapshot info is null.Setting the last applied index to:(t:0, i:~)
2019-06-14 01:56:33,889 INFO  server.RaftServerConfigKeys (ConfUtils.java:logGet(43)) - raft.server.leader.election.timeout = 10s (custom)
2019-06-14 01:56:33,889 INFO  server.RaftServerConfigKeys (ConfUtils.java:logGet(43)) - raft.server.log.use.memory = false (default)
2019-06-14 01:56:33,890 INFO  server.RaftServerConfigKeys (ConfUtils.java:logGet(43)) - raft.server.log.appender.buffer.byte-limit = 33554432 (custom)
2019-06-14 01:56:33,890 INFO  server.RaftServerConfigKeys (ConfUtils.java:logGet(43)) - raft.server.log.segment.size.max = 16384 (custom)
2019-06-14 01:56:33,890 INFO  server.RaftServerConfigKeys (ConfUtils.java:logGet(43)) - raft.server.log.segment.cache.num.max = 2 (custom)
2019-06-14 01:56:33,890 INFO  storage.RaftLogWorker (RaftLogWorker.java:<init>(123)) - new e7d989a7-7357-4a7f-8deb-405f14ce2b18-RaftLogWorker for Storage Directory /opt/src/hadoop-ozone/integration-test/target/test-dir/MiniOzoneClusterImpl-a714103e-e92c-4fc5-b849-803b59b9aef6/datanode-5/data/ratis/1d56bd94-d78c-4982-84c5-4b9cca0d4a7c
2019-06-14 01:56:33,890 INFO  server.RaftServerConfigKeys (ConfUtils.java:logGet(43)) - raft.server.log.queue.byte-limit = 2147483647 (custom)
2019-06-14 01:56:33,890 INFO  server.RaftServerConfigKeys (ConfUtils.java:logGet(43)) - raft.server.log.queue.element-limit = 1024 (custom)
2019-06-14 01:56:33,890 INFO  server.RaftServerConfigKeys (ConfUtils.java:logGet(43)) - raft.server.log.segment.size.max = 16384 (custom)
2019-06-14 01:56:33,890 INFO  server.RaftServerConfigKeys (ConfUtils.java:logGet(43)) - raft.server.log.preallocated.size = 16384 (custom)
2019-06-14 01:56:33,890 INFO  server.RaftServerConfigKeys (ConfUtils.java:logGet(43)) - raft.server.log.write.buffer.size = 33554432 (custom)
2019-06-14 01:56:33,891 INFO  server.RaftServerConfigKeys (ConfUtils.java:logGet(43)) - raft.server.log.force.sync.num = 128 (default)
2019-06-14 01:56:33,891 INFO  server.RaftServerConfigKeys (ConfUtils.java:logGet(43)) - raft.server.log.statemachine.data.sync = true (default)
2019-06-14 01:56:33,891 INFO  server.RaftServerConfigKeys (ConfUtils.java:logGet(43)) - raft.server.log.statemachine.data.sync.timeout = 10s (default)
2019-06-14 01:56:33,891 INFO  server.RaftServerConfigKeys (ConfUtils.java:logGet(43)) - raft.server.log.statemachine.data.sync.timeout.retry = -1 (default)
2019-06-14 01:56:33,891 INFO  server.RaftServerConfigKeys (ConfUtils.java:logGet(43)) - raft.server.log.statemachine.data.caching.enabled = true (custom)
2019-06-14 01:56:33,891 INFO  server.RaftServerConfigKeys (ConfUtils.java:logGet(43)) - raft.server.snapshot.auto.trigger.enabled = true (custom)
2019-06-14 01:56:33,892 INFO  server.RaftServerConfigKeys (ConfUtils.java:logGet(43)) - raft.server.snapshot.auto.trigger.threshold = 10000 (custom)
2019-06-14 01:56:33,892 INFO  server.RaftServerConfigKeys (ConfUtils.java:logGet(43)) - raft.server.retrycache.expirytime = 600000ms (custom)
2019-06-14 01:56:33,892 INFO  impl.RaftServerImpl (RaftServerImpl.java:start(173)) - e7d989a7-7357-4a7f-8deb-405f14ce2b18: start group-4B9CCA0D4A7C
2019-06-14 01:56:33,892 INFO  impl.RaftServerImpl (RaftServerImpl.java:setRole(164)) - e7d989a7-7357-4a7f-8deb-405f14ce2b18:group-4B9CCA0D4A7C changes role from null to FOLLOWER at term 0 for startAsFollower
2019-06-14 01:56:33,892 INFO  impl.RoleInfo (RoleInfo.java:updateAndGet(143)) - e7d989a7-7357-4a7f-8deb-405f14ce2b18: start FollowerState
2019-06-14 01:56:33,894 INFO  util.JmxRegister (JmxRegister.java:tryRegister(44)) - Successfully registered JMX Bean with object name Ratis:service=RaftServer,group=group-4B9CCA0D4A7C,id=e7d989a7-7357-4a7f-8deb-405f14ce2b18
2019-06-14 01:56:33,907 INFO  pipeline.PipelineStateManager (PipelineStateManager.java:addPipeline(56)) - Created pipeline Pipeline[ Id: 1d56bd94-d78c-4982-84c5-4b9cca0d4a7c, Nodes: e7d989a7-7357-4a7f-8deb-405f14ce2b18{ip: 192.168.46.36, host: ozone-s4hr9-797773889, networkLocation: /default-rack, certSerialId: null}, Type:RATIS, Factor:ONE, State:OPEN]
2019-06-14 01:56:33,926 INFO  impl.RaftServerProxy (RaftServerProxy.java:addNew(89)) - 3a6f6e44-acc5-453b-bf30-df4c0d6f0694: addNew group-0C8515FC935B:[3a6f6e44-acc5-453b-bf30-df4c0d6f0694:192.168.46.36:34441, dd0b4966-d2bd-4484-80c6-6c696f6447ed:192.168.46.36:46807, e7d989a7-7357-4a7f-8deb-405f14ce2b18:192.168.46.36:42725] returns group-0C8515FC935B:java.util.concurrent.CompletableFuture@56f8d7d6[Not completed]
2019-06-14 01:56:33,926 INFO  impl.RaftServerProxy (RaftServerProxy.java:addNew(89)) - e7d989a7-7357-4a7f-8deb-405f14ce2b18: addNew group-0C8515FC935B:[3a6f6e44-acc5-453b-bf30-df4c0d6f0694:192.168.46.36:34441, dd0b4966-d2bd-4484-80c6-6c696f6447ed:192.168.46.36:46807, e7d989a7-7357-4a7f-8deb-405f14ce2b18:192.168.46.36:42725] returns group-0C8515FC935B:java.util.concurrent.CompletableFuture@178e8112[Not completed]
2019-06-14 01:56:33,928 INFO  impl.RaftServerProxy (RaftServerProxy.java:addNew(89)) - dd0b4966-d2bd-4484-80c6-6c696f6447ed: addNew group-0C8515FC935B:[3a6f6e44-acc5-453b-bf30-df4c0d6f0694:192.168.46.36:34441, dd0b4966-d2bd-4484-80c6-6c696f6447ed:192.168.46.36:46807, e7d989a7-7357-4a7f-8deb-405f14ce2b18:192.168.46.36:42725] returns group-0C8515FC935B:java.util.concurrent.CompletableFuture@57aac1c[Not completed]
2019-06-14 01:56:33,928 INFO  impl.RaftServerImpl (RaftServerImpl.java:<init>(91)) - 3a6f6e44-acc5-453b-bf30-df4c0d6f0694: new RaftServerImpl for group-0C8515FC935B:[3a6f6e44-acc5-453b-bf30-df4c0d6f0694:192.168.46.36:34441, dd0b4966-d2bd-4484-80c6-6c696f6447ed:192.168.46.36:46807, e7d989a7-7357-4a7f-8deb-405f14ce2b18:192.168.46.36:42725] with ContainerStateMachine:uninitialized
2019-06-14 01:56:33,928 INFO  server.RaftServerConfigKeys (ConfUtils.java:logGet(43)) - raft.server.rpc.timeout.min = 1s (custom)
2019-06-14 01:56:33,928 INFO  server.RaftServerConfigKeys (ConfUtils.java:logGet(43)) - raft.server.rpc.timeout.max = 1200ms (custom)
2019-06-14 01:56:33,928 INFO  server.RaftServerConfigKeys (ConfUtils.java:logGet(43)) - raft.server.rpcslowness.timeout = 10s (custom)
2019-06-14 01:56:33,928 INFO  server.RaftServerConfigKeys (ConfUtils.java:logGet(43)) - raft.server.log.appender.install.snapshot.enabled = true (default)
2019-06-14 01:56:33,928 INFO  impl.RaftServerImpl (ServerState.java:<init>(101)) - 3a6f6e44-acc5-453b-bf30-df4c0d6f0694:group-0C8515FC935B ConfigurationManager, init=-1: [3a6f6e44-acc5-453b-bf30-df4c0d6f0694:192.168.46.36:34441, dd0b4966-d2bd-4484-80c6-6c696f6447ed:192.168.46.36:46807, e7d989a7-7357-4a7f-8deb-405f14ce2b18:192.168.46.36:42725], old=null, confs=<EMPTY_MAP>
2019-06-14 01:56:33,928 INFO  server.RaftServerConfigKeys (ConfUtils.java:logGet(43)) - raft.server.storage.dir = [/opt/src/hadoop-ozone/integration-test/target/test-dir/MiniOzoneClusterImpl-a714103e-e92c-4fc5-b849-803b59b9aef6/datanode-3/data/ratis] (custom)
2019-06-14 01:56:33,929 INFO  storage.RaftStorageDirectory (RaftStorageDirectory.java:analyzeStorage(246)) - The storage directory /opt/src/hadoop-ozone/integration-test/target/test-dir/MiniOzoneClusterImpl-a714103e-e92c-4fc5-b849-803b59b9aef6/datanode-3/data/ratis/609a027d-5c19-41d6-84ff-0c8515fc935b does not exist. Creating ...
2019-06-14 01:56:33,929 INFO  impl.RaftServerImpl (RaftServerImpl.java:<init>(91)) - e7d989a7-7357-4a7f-8deb-405f14ce2b18: new RaftServerImpl for group-0C8515FC935B:[3a6f6e44-acc5-453b-bf30-df4c0d6f0694:192.168.46.36:34441, dd0b4966-d2bd-4484-80c6-6c696f6447ed:192.168.46.36:46807, e7d989a7-7357-4a7f-8deb-405f14ce2b18:192.168.46.36:42725] with ContainerStateMachine:uninitialized
2019-06-14 01:56:33,930 INFO  impl.RaftServerImpl (RaftServerImpl.java:<init>(91)) - dd0b4966-d2bd-4484-80c6-6c696f6447ed: new RaftServerImpl for group-0C8515FC935B:[3a6f6e44-acc5-453b-bf30-df4c0d6f0694:192.168.46.36:34441, dd0b4966-d2bd-4484-80c6-6c696f6447ed:192.168.46.36:46807, e7d989a7-7357-4a7f-8deb-405f14ce2b18:192.168.46.36:42725] with ContainerStateMachine:uninitialized
2019-06-14 01:56:33,930 INFO  server.RaftServerConfigKeys (ConfUtils.java:logGet(43)) - raft.server.rpc.timeout.min = 1s (custom)
2019-06-14 01:56:33,931 INFO  server.RaftServerConfigKeys (ConfUtils.java:logGet(43)) - raft.server.rpc.timeout.max = 1200ms (custom)
2019-06-14 01:56:33,931 INFO  server.RaftServerConfigKeys (ConfUtils.java:logGet(43)) - raft.server.rpcslowness.timeout = 10s (custom)
2019-06-14 01:56:33,931 INFO  server.RaftServerConfigKeys (ConfUtils.java:logGet(43)) - raft.server.log.appender.install.snapshot.enabled = true (default)
2019-06-14 01:56:33,931 INFO  impl.RaftServerImpl (ServerState.java:<init>(101)) - dd0b4966-d2bd-4484-80c6-6c696f6447ed:group-0C8515FC935B ConfigurationManager, init=-1: [3a6f6e44-acc5-453b-bf30-df4c0d6f0694:192.168.46.36:34441, dd0b4966-d2bd-4484-80c6-6c696f6447ed:192.168.46.36:46807, e7d989a7-7357-4a7f-8deb-405f14ce2b18:192.168.46.36:42725], old=null, confs=<EMPTY_MAP>
2019-06-14 01:56:33,931 INFO  server.RaftServerConfigKeys (ConfUtils.java:logGet(43)) - raft.server.storage.dir = [/opt/src/hadoop-ozone/integration-test/target/test-dir/MiniOzoneClusterImpl-a714103e-e92c-4fc5-b849-803b59b9aef6/datanode-4/data/ratis] (custom)
2019-06-14 01:56:33,931 INFO  storage.RaftStorageDirectory (RaftStorageDirectory.java:analyzeStorage(246)) - The storage directory /opt/src/hadoop-ozone/integration-test/target/test-dir/MiniOzoneClusterImpl-a714103e-e92c-4fc5-b849-803b59b9aef6/datanode-4/data/ratis/609a027d-5c19-41d6-84ff-0c8515fc935b does not exist. Creating ...
2019-06-14 01:56:33,932 INFO  server.RaftServerConfigKeys (ConfUtils.java:logGet(43)) - raft.server.rpc.timeout.min = 1s (custom)
2019-06-14 01:56:33,932 INFO  server.RaftServerConfigKeys (ConfUtils.java:logGet(43)) - raft.server.rpc.timeout.max = 1200ms (custom)
2019-06-14 01:56:33,932 INFO  server.RaftServerConfigKeys (ConfUtils.java:logGet(43)) - raft.server.rpcslowness.timeout = 10s (custom)
2019-06-14 01:56:33,932 INFO  server.RaftServerConfigKeys (ConfUtils.java:logGet(43)) - raft.server.log.appender.install.snapshot.enabled = true (default)
2019-06-14 01:56:33,932 INFO  impl.RaftServerImpl (ServerState.java:<init>(101)) - e7d989a7-7357-4a7f-8deb-405f14ce2b18:group-0C8515FC935B ConfigurationManager, init=-1: [3a6f6e44-acc5-453b-bf30-df4c0d6f0694:192.168.46.36:34441, dd0b4966-d2bd-4484-80c6-6c696f6447ed:192.168.46.36:46807, e7d989a7-7357-4a7f-8deb-405f14ce2b18:192.168.46.36:42725], old=null, confs=<EMPTY_MAP>
2019-06-14 01:56:33,932 INFO  server.RaftServerConfigKeys (ConfUtils.java:logGet(43)) - raft.server.storage.dir = [/opt/src/hadoop-ozone/integration-test/target/test-dir/MiniOzoneClusterImpl-a714103e-e92c-4fc5-b849-803b59b9aef6/datanode-5/data/ratis] (custom)
2019-06-14 01:56:33,933 INFO  storage.RaftStorageDirectory (RaftStorageDirectory.java:analyzeStorage(246)) - The storage directory /opt/src/hadoop-ozone/integration-test/target/test-dir/MiniOzoneClusterImpl-a714103e-e92c-4fc5-b849-803b59b9aef6/datanode-5/data/ratis/609a027d-5c19-41d6-84ff-0c8515fc935b does not exist. Creating ...
2019-06-14 01:56:33,934 INFO  storage.RaftStorageDirectory (RaftStorageDirectory.java:tryLock(328)) - Lock on /opt/src/hadoop-ozone/integration-test/target/test-dir/MiniOzoneClusterImpl-a714103e-e92c-4fc5-b849-803b59b9aef6/datanode-4/data/ratis/609a027d-5c19-41d6-84ff-0c8515fc935b/in_use.lock acquired by nodename 10152@ozone-s4hr9-797773889
2019-06-14 01:56:33,935 INFO  storage.RaftStorageDirectory (RaftStorageDirectory.java:tryLock(328)) - Lock on /opt/src/hadoop-ozone/integration-test/target/test-dir/MiniOzoneClusterImpl-a714103e-e92c-4fc5-b849-803b59b9aef6/datanode-3/data/ratis/609a027d-5c19-41d6-84ff-0c8515fc935b/in_use.lock acquired by nodename 10152@ozone-s4hr9-797773889
2019-06-14 01:56:33,936 INFO  storage.RaftStorage (RaftStorage.java:format(75)) - Storage directory /opt/src/hadoop-ozone/integration-test/target/test-dir/MiniOzoneClusterImpl-a714103e-e92c-4fc5-b849-803b59b9aef6/datanode-4/data/ratis/609a027d-5c19-41d6-84ff-0c8515fc935b has been successfully formatted.
2019-06-14 01:56:33,936 INFO  ratis.ContainerStateMachine (ContainerStateMachine.java:loadSnapshot(199)) - The snapshot info is null.Setting the last applied index to:(t:0, i:~)
2019-06-14 01:56:33,936 INFO  server.RaftServerConfigKeys (ConfUtils.java:logGet(43)) - raft.server.leader.election.timeout = 10s (custom)
2019-06-14 01:56:33,937 INFO  server.RaftServerConfigKeys (ConfUtils.java:logGet(43)) - raft.server.log.use.memory = false (default)
2019-06-14 01:56:33,937 INFO  server.RaftServerConfigKeys (ConfUtils.java:logGet(43)) - raft.server.log.appender.buffer.byte-limit = 33554432 (custom)
2019-06-14 01:56:33,937 INFO  server.RaftServerConfigKeys (ConfUtils.java:logGet(43)) - raft.server.log.segment.size.max = 16384 (custom)
2019-06-14 01:56:33,937 INFO  server.RaftServerConfigKeys (ConfUtils.java:logGet(43)) - raft.server.log.segment.cache.num.max = 2 (custom)
2019-06-14 01:56:33,937 INFO  storage.RaftLogWorker (RaftLogWorker.java:<init>(123)) - new dd0b4966-d2bd-4484-80c6-6c696f6447ed-RaftLogWorker for Storage Directory /opt/src/hadoop-ozone/integration-test/target/test-dir/MiniOzoneClusterImpl-a714103e-e92c-4fc5-b849-803b59b9aef6/datanode-4/data/ratis/609a027d-5c19-41d6-84ff-0c8515fc935b
2019-06-14 01:56:33,937 INFO  server.RaftServerConfigKeys (ConfUtils.java:logGet(43)) - raft.server.log.queue.byte-limit = 2147483647 (custom)
2019-06-14 01:56:33,937 INFO  server.RaftServerConfigKeys (ConfUtils.java:logGet(43)) - raft.server.log.queue.element-limit = 1024 (custom)
2019-06-14 01:56:33,937 INFO  server.RaftServerConfigKeys (ConfUtils.java:logGet(43)) - raft.server.log.segment.size.max = 16384 (custom)
2019-06-14 01:56:33,937 INFO  server.RaftServerConfigKeys (ConfUtils.java:logGet(43)) - raft.server.log.preallocated.size = 16384 (custom)
2019-06-14 01:56:33,938 INFO  server.RaftServerConfigKeys (ConfUtils.java:logGet(43)) - raft.server.log.write.buffer.size = 33554432 (custom)
2019-06-14 01:56:33,938 INFO  server.RaftServerConfigKeys (ConfUtils.java:logGet(43)) - raft.server.log.force.sync.num = 128 (default)
2019-06-14 01:56:33,938 INFO  server.RaftServerConfigKeys (ConfUtils.java:logGet(43)) - raft.server.log.statemachine.data.sync = true (default)
2019-06-14 01:56:33,938 INFO  storage.RaftStorage (RaftStorage.java:format(75)) - Storage directory /opt/src/hadoop-ozone/integration-test/target/test-dir/MiniOzoneClusterImpl-a714103e-e92c-4fc5-b849-803b59b9aef6/datanode-3/data/ratis/609a027d-5c19-41d6-84ff-0c8515fc935b has been successfully formatted.
2019-06-14 01:56:33,938 INFO  server.RaftServerConfigKeys (ConfUtils.java:logGet(43)) - raft.server.log.statemachine.data.sync.timeout = 10s (default)
2019-06-14 01:56:33,938 INFO  ratis.ContainerStateMachine (ContainerStateMachine.java:loadSnapshot(199)) - The snapshot info is null.Setting the last applied index to:(t:0, i:~)
2019-06-14 01:56:33,938 INFO  storage.RaftStorageDirectory (RaftStorageDirectory.java:tryLock(328)) - Lock on /opt/src/hadoop-ozone/integration-test/target/test-dir/MiniOzoneClusterImpl-a714103e-e92c-4fc5-b849-803b59b9aef6/datanode-5/data/ratis/609a027d-5c19-41d6-84ff-0c8515fc935b/in_use.lock acquired by nodename 10152@ozone-s4hr9-797773889
2019-06-14 01:56:33,938 INFO  server.RaftServerConfigKeys (ConfUtils.java:logGet(43)) - raft.server.log.statemachine.data.sync.timeout.retry = -1 (default)
2019-06-14 01:56:33,938 INFO  server.RaftServerConfigKeys (ConfUtils.java:logGet(43)) - raft.server.leader.election.timeout = 10s (custom)
2019-06-14 01:56:33,939 INFO  server.RaftServerConfigKeys (ConfUtils.java:logGet(43)) - raft.server.log.statemachine.data.caching.enabled = true (custom)
2019-06-14 01:56:33,939 INFO  server.RaftServerConfigKeys (ConfUtils.java:logGet(43)) - raft.server.log.use.memory = false (default)
2019-06-14 01:56:33,939 INFO  server.RaftServerConfigKeys (ConfUtils.java:logGet(43)) - raft.server.log.appender.buffer.byte-limit = 33554432 (custom)
2019-06-14 01:56:33,939 INFO  server.RaftServerConfigKeys (ConfUtils.java:logGet(43)) - raft.server.log.segment.size.max = 16384 (custom)
2019-06-14 01:56:33,939 INFO  server.RaftServerConfigKeys (ConfUtils.java:logGet(43)) - raft.server.log.segment.cache.num.max = 2 (custom)
2019-06-14 01:56:33,939 INFO  storage.RaftLogWorker (RaftLogWorker.java:<init>(123)) - new 3a6f6e44-acc5-453b-bf30-df4c0d6f0694-RaftLogWorker for Storage Directory /opt/src/hadoop-ozone/integration-test/target/test-dir/MiniOzoneClusterImpl-a714103e-e92c-4fc5-b849-803b59b9aef6/datanode-3/data/ratis/609a027d-5c19-41d6-84ff-0c8515fc935b
2019-06-14 01:56:33,939 INFO  server.RaftServerConfigKeys (ConfUtils.java:logGet(43)) - raft.server.log.queue.byte-limit = 2147483647 (custom)
2019-06-14 01:56:33,939 INFO  server.RaftServerConfigKeys (ConfUtils.java:logGet(43)) - raft.server.log.queue.element-limit = 1024 (custom)
2019-06-14 01:56:33,940 INFO  server.RaftServerConfigKeys (ConfUtils.java:logGet(43)) - raft.server.log.segment.size.max = 16384 (custom)
2019-06-14 01:56:33,940 INFO  server.RaftServerConfigKeys (ConfUtils.java:logGet(43)) - raft.server.snapshot.auto.trigger.enabled = true (custom)
2019-06-14 01:56:33,940 INFO  server.RaftServerConfigKeys (ConfUtils.java:logGet(43)) - raft.server.log.preallocated.size = 16384 (custom)
2019-06-14 01:56:33,940 INFO  server.RaftServerConfigKeys (ConfUtils.java:logGet(43)) - raft.server.snapshot.auto.trigger.threshold = 10000 (custom)
2019-06-14 01:56:33,940 INFO  server.RaftServerConfigKeys (ConfUtils.java:logGet(43)) - raft.server.log.write.buffer.size = 33554432 (custom)
2019-06-14 01:56:33,940 INFO  server.RaftServerConfigKeys (ConfUtils.java:logGet(43)) - raft.server.retrycache.expirytime = 600000ms (custom)
2019-06-14 01:56:33,940 INFO  server.RaftServerConfigKeys (ConfUtils.java:logGet(43)) - raft.server.log.force.sync.num = 128 (default)
2019-06-14 01:56:33,940 INFO  impl.RaftServerImpl (RaftServerImpl.java:start(173)) - dd0b4966-d2bd-4484-80c6-6c696f6447ed: start group-0C8515FC935B
2019-06-14 01:56:33,940 INFO  server.RaftServerConfigKeys (ConfUtils.java:logGet(43)) - raft.server.log.statemachine.data.sync = true (default)
2019-06-14 01:56:33,940 INFO  server.RaftServerConfigKeys (ConfUtils.java:logGet(43)) - raft.server.log.statemachine.data.sync.timeout = 10s (default)
2019-06-14 01:56:33,941 INFO  server.RaftServerConfigKeys (ConfUtils.java:logGet(43)) - raft.server.log.statemachine.data.sync.timeout.retry = -1 (default)
2019-06-14 01:56:33,941 INFO  server.RaftServerConfigKeys (ConfUtils.java:logGet(43)) - raft.server.log.statemachine.data.caching.enabled = true (custom)
2019-06-14 01:56:33,940 INFO  impl.RaftServerImpl (RaftServerImpl.java:setRole(164)) - dd0b4966-d2bd-4484-80c6-6c696f6447ed:group-0C8515FC935B changes role from null to FOLLOWER at term 0 for startAsFollower
2019-06-14 01:56:33,941 INFO  server.RaftServerConfigKeys (ConfUtils.java:logGet(43)) - raft.server.snapshot.auto.trigger.enabled = true (custom)
2019-06-14 01:56:33,941 INFO  server.RaftServerConfigKeys (ConfUtils.java:logGet(43)) - raft.server.snapshot.auto.trigger.threshold = 10000 (custom)
2019-06-14 01:56:33,941 INFO  server.RaftServerConfigKeys (ConfUtils.java:logGet(43)) - raft.server.retrycache.expirytime = 600000ms (custom)
2019-06-14 01:56:33,942 INFO  impl.RaftServerImpl (RaftServerImpl.java:start(173)) - 3a6f6e44-acc5-453b-bf30-df4c0d6f0694: start group-0C8515FC935B
2019-06-14 01:56:33,942 INFO  impl.RaftServerImpl (RaftServerImpl.java:setRole(164)) - 3a6f6e44-acc5-453b-bf30-df4c0d6f0694:group-0C8515FC935B changes role from null to FOLLOWER at term 0 for startAsFollower
2019-06-14 01:56:33,942 INFO  impl.RoleInfo (RoleInfo.java:updateAndGet(143)) - 3a6f6e44-acc5-453b-bf30-df4c0d6f0694: start FollowerState
2019-06-14 01:56:33,942 INFO  storage.RaftStorage (RaftStorage.java:format(75)) - Storage directory /opt/src/hadoop-ozone/integration-test/target/test-dir/MiniOzoneClusterImpl-a714103e-e92c-4fc5-b849-803b59b9aef6/datanode-5/data/ratis/609a027d-5c19-41d6-84ff-0c8515fc935b has been successfully formatted.
2019-06-14 01:56:33,942 INFO  ratis.ContainerStateMachine (ContainerStateMachine.java:loadSnapshot(199)) - The snapshot info is null.Setting the last applied index to:(t:0, i:~)
2019-06-14 01:56:33,942 INFO  server.RaftServerConfigKeys (ConfUtils.java:logGet(43)) - raft.server.leader.election.timeout = 10s (custom)
2019-06-14 01:56:33,942 INFO  server.RaftServerConfigKeys (ConfUtils.java:logGet(43)) - raft.server.log.use.memory = false (default)
2019-06-14 01:56:33,943 INFO  server.RaftServerConfigKeys (ConfUtils.java:logGet(43)) - raft.server.log.appender.buffer.byte-limit = 33554432 (custom)
2019-06-14 01:56:33,943 INFO  server.RaftServerConfigKeys (ConfUtils.java:logGet(43)) - raft.server.log.segment.size.max = 16384 (custom)
2019-06-14 01:56:33,943 INFO  server.RaftServerConfigKeys (ConfUtils.java:logGet(43)) - raft.server.log.segment.cache.num.max = 2 (custom)
2019-06-14 01:56:33,943 INFO  storage.RaftLogWorker (RaftLogWorker.java:<init>(123)) - new e7d989a7-7357-4a7f-8deb-405f14ce2b18-RaftLogWorker for Storage Directory /opt/src/hadoop-ozone/integration-test/target/test-dir/MiniOzoneClusterImpl-a714103e-e92c-4fc5-b849-803b59b9aef6/datanode-5/data/ratis/609a027d-5c19-41d6-84ff-0c8515fc935b
2019-06-14 01:56:33,943 INFO  server.RaftServerConfigKeys (ConfUtils.java:logGet(43)) - raft.server.log.queue.byte-limit = 2147483647 (custom)
2019-06-14 01:56:33,943 INFO  server.RaftServerConfigKeys (ConfUtils.java:logGet(43)) - raft.server.log.queue.element-limit = 1024 (custom)
2019-06-14 01:56:33,943 INFO  server.RaftServerConfigKeys (ConfUtils.java:logGet(43)) - raft.server.log.segment.size.max = 16384 (custom)
2019-06-14 01:56:33,943 INFO  server.RaftServerConfigKeys (ConfUtils.java:logGet(43)) - raft.server.log.preallocated.size = 16384 (custom)
2019-06-14 01:56:33,943 INFO  server.RaftServerConfigKeys (ConfUtils.java:logGet(43)) - raft.server.log.write.buffer.size = 33554432 (custom)
2019-06-14 01:56:33,943 INFO  server.RaftServerConfigKeys (ConfUtils.java:logGet(43)) - raft.server.log.force.sync.num = 128 (default)
2019-06-14 01:56:33,943 INFO  server.RaftServerConfigKeys (ConfUtils.java:logGet(43)) - raft.server.log.statemachine.data.sync = true (default)
2019-06-14 01:56:33,944 INFO  server.RaftServerConfigKeys (ConfUtils.java:logGet(43)) - raft.server.log.statemachine.data.sync.timeout = 10s (default)
2019-06-14 01:56:33,944 INFO  server.RaftServerConfigKeys (ConfUtils.java:logGet(43)) - raft.server.log.statemachine.data.sync.timeout.retry = -1 (default)
2019-06-14 01:56:33,944 INFO  server.RaftServerConfigKeys (ConfUtils.java:logGet(43)) - raft.server.log.statemachine.data.caching.enabled = true (custom)
2019-06-14 01:56:33,945 INFO  server.RaftServerConfigKeys (ConfUtils.java:logGet(43)) - raft.server.snapshot.auto.trigger.enabled = true (custom)
2019-06-14 01:56:33,945 INFO  server.RaftServerConfigKeys (ConfUtils.java:logGet(43)) - raft.server.snapshot.auto.trigger.threshold = 10000 (custom)
2019-06-14 01:56:33,945 INFO  server.RaftServerConfigKeys (ConfUtils.java:logGet(43)) - raft.server.retrycache.expirytime = 600000ms (custom)
2019-06-14 01:56:33,945 INFO  impl.RaftServerImpl (RaftServerImpl.java:start(173)) - e7d989a7-7357-4a7f-8deb-405f14ce2b18: start group-0C8515FC935B
2019-06-14 01:56:33,945 INFO  impl.RaftServerImpl (RaftServerImpl.java:setRole(164)) - e7d989a7-7357-4a7f-8deb-405f14ce2b18:group-0C8515FC935B changes role from null to FOLLOWER at term 0 for startAsFollower
2019-06-14 01:56:33,945 INFO  impl.RoleInfo (RoleInfo.java:updateAndGet(143)) - e7d989a7-7357-4a7f-8deb-405f14ce2b18: start FollowerState
2019-06-14 01:56:33,941 INFO  impl.RoleInfo (RoleInfo.java:updateAndGet(143)) - dd0b4966-d2bd-4484-80c6-6c696f6447ed: start FollowerState
2019-06-14 01:56:33,942 INFO  util.JmxRegister (JmxRegister.java:tryRegister(44)) - Successfully registered JMX Bean with object name Ratis:service=RaftServer,group=group-0C8515FC935B,id=3a6f6e44-acc5-453b-bf30-df4c0d6f0694
2019-06-14 01:56:33,950 INFO  util.JmxRegister (JmxRegister.java:tryRegister(44)) - Successfully registered JMX Bean with object name Ratis:service=RaftServer,group=group-0C8515FC935B,id=e7d989a7-7357-4a7f-8deb-405f14ce2b18
2019-06-14 01:56:33,962 INFO  util.JmxRegister (JmxRegister.java:tryRegister(44)) - Successfully registered JMX Bean with object name Ratis:service=RaftServer,group=group-0C8515FC935B,id=dd0b4966-d2bd-4484-80c6-6c696f6447ed
2019-06-14 01:56:33,995 INFO  pipeline.PipelineStateManager (PipelineStateManager.java:addPipeline(56)) - Created pipeline Pipeline[ Id: 609a027d-5c19-41d6-84ff-0c8515fc935b, Nodes: 3a6f6e44-acc5-453b-bf30-df4c0d6f0694{ip: 192.168.46.36, host: ozone-s4hr9-797773889, networkLocation: /default-rack, certSerialId: null}dd0b4966-d2bd-4484-80c6-6c696f6447ed{ip: 192.168.46.36, host: ozone-s4hr9-797773889, networkLocation: /default-rack, certSerialId: null}e7d989a7-7357-4a7f-8deb-405f14ce2b18{ip: 192.168.46.36, host: ozone-s4hr9-797773889, networkLocation: /default-rack, certSerialId: null}, Type:RATIS, Factor:THREE, State:OPEN]
2019-06-14 01:56:34,320 INFO  impl.FollowerState (FollowerState.java:run(101)) - 5db94ac5-a0c6-4609-a837-6c6c8ddbe5ae:group-DDF8762FFDBD changes to CANDIDATE, lastRpcTime:1148, electionTimeout:1148ms
2019-06-14 01:56:34,320 INFO  impl.RoleInfo (RoleInfo.java:shutdownFollowerState(121)) - 5db94ac5-a0c6-4609-a837-6c6c8ddbe5ae: shutdown FollowerState
2019-06-14 01:56:34,320 INFO  impl.RaftServerImpl (RaftServerImpl.java:setRole(164)) - 5db94ac5-a0c6-4609-a837-6c6c8ddbe5ae:group-DDF8762FFDBD changes role from FOLLOWER to CANDIDATE at term 0 for changeToCandidate
2019-06-14 01:56:34,322 INFO  impl.RoleInfo (RoleInfo.java:updateAndGet(143)) - 5db94ac5-a0c6-4609-a837-6c6c8ddbe5ae: start LeaderElection
2019-06-14 01:56:34,329 INFO  impl.LeaderElection (LeaderElection.java:askForVotes(181)) - 5db94ac5-a0c6-4609-a837-6c6c8ddbe5ae:group-DDF8762FFDBD:LeaderElection1: begin an election at term 1 for -1: [5db94ac5-a0c6-4609-a837-6c6c8ddbe5ae:192.168.46.36:39751], old=null
2019-06-14 01:56:34,330 INFO  impl.RoleInfo (RoleInfo.java:shutdownLeaderElection(134)) - 5db94ac5-a0c6-4609-a837-6c6c8ddbe5ae: shutdown LeaderElection
2019-06-14 01:56:34,331 INFO  impl.RaftServerImpl (RaftServerImpl.java:setRole(164)) - 5db94ac5-a0c6-4609-a837-6c6c8ddbe5ae:group-DDF8762FFDBD changes role from CANDIDATE to LEADER at term 1 for changeToLeader
2019-06-14 01:56:34,331 INFO  impl.RaftServerImpl (ServerState.java:setLeader(263)) - 5db94ac5-a0c6-4609-a837-6c6c8ddbe5ae:group-DDF8762FFDBD change Leader from null to 5db94ac5-a0c6-4609-a837-6c6c8ddbe5ae at term 1 for becomeLeader, leader elected after 1346ms
2019-06-14 01:56:34,335 INFO  server.RaftServerConfigKeys (ConfUtils.java:logGet(43)) - raft.server.staging.catchup.gap = 1000 (default)
2019-06-14 01:56:34,335 INFO  server.RaftServerConfigKeys (ConfUtils.java:logGet(43)) - raft.server.rpc.sleep.time = 25ms (default)
2019-06-14 01:56:34,336 INFO  server.RaftServerConfigKeys (ConfUtils.java:logGet(43)) - raft.server.watch.timeout = 10s (default)
2019-06-14 01:56:34,337 INFO  server.RaftServerConfigKeys (ConfUtils.java:logGet(43)) - raft.server.watch.timeout.denomination = 1s (default)
2019-06-14 01:56:34,342 INFO  impl.RoleInfo (RoleInfo.java:updateAndGet(143)) - 5db94ac5-a0c6-4609-a837-6c6c8ddbe5ae: start LeaderState
2019-06-14 01:56:34,346 INFO  impl.FollowerState (FollowerState.java:run(101)) - 783687aa-d5cf-429b-b789-40589342d70e:group-A10DB0EFEEA6 changes to CANDIDATE, lastRpcTime:1043, electionTimeout:1043ms
2019-06-14 01:56:34,347 INFO  impl.RoleInfo (RoleInfo.java:shutdownFollowerState(121)) - 783687aa-d5cf-429b-b789-40589342d70e: shutdown FollowerState
2019-06-14 01:56:34,348 INFO  impl.RaftServerImpl (RaftServerImpl.java:setRole(164)) - 783687aa-d5cf-429b-b789-40589342d70e:group-A10DB0EFEEA6 changes role from FOLLOWER to CANDIDATE at term 0 for changeToCandidate
2019-06-14 01:56:34,348 INFO  impl.RoleInfo (RoleInfo.java:updateAndGet(143)) - 783687aa-d5cf-429b-b789-40589342d70e: start LeaderElection
2019-06-14 01:56:34,353 INFO  impl.LeaderElection (LeaderElection.java:askForVotes(181)) - 783687aa-d5cf-429b-b789-40589342d70e:group-A10DB0EFEEA6:LeaderElection2: begin an election at term 1 for -1: [783687aa-d5cf-429b-b789-40589342d70e:192.168.46.36:44753], old=null
2019-06-14 01:56:34,354 INFO  impl.RoleInfo (RoleInfo.java:shutdownLeaderElection(134)) - 783687aa-d5cf-429b-b789-40589342d70e: shutdown LeaderElection
2019-06-14 01:56:34,354 INFO  impl.RaftServerImpl (RaftServerImpl.java:setRole(164)) - 783687aa-d5cf-429b-b789-40589342d70e:group-A10DB0EFEEA6 changes role from CANDIDATE to LEADER at term 1 for changeToLeader
2019-06-14 01:56:34,354 INFO  impl.RaftServerImpl (ServerState.java:setLeader(263)) - 783687aa-d5cf-429b-b789-40589342d70e:group-A10DB0EFEEA6 change Leader from null to 783687aa-d5cf-429b-b789-40589342d70e at term 1 for becomeLeader, leader elected after 1053ms
2019-06-14 01:56:34,355 INFO  server.RaftServerConfigKeys (ConfUtils.java:logGet(43)) - raft.server.staging.catchup.gap = 1000 (default)
2019-06-14 01:56:34,355 INFO  server.RaftServerConfigKeys (ConfUtils.java:logGet(43)) - raft.server.rpc.sleep.time = 25ms (default)
2019-06-14 01:56:34,355 INFO  server.RaftServerConfigKeys (ConfUtils.java:logGet(43)) - raft.server.watch.timeout = 10s (default)
2019-06-14 01:56:34,356 INFO  server.RaftServerConfigKeys (ConfUtils.java:logGet(43)) - raft.server.watch.timeout.denomination = 1s (default)
2019-06-14 01:56:34,356 INFO  impl.RoleInfo (RoleInfo.java:updateAndGet(143)) - 783687aa-d5cf-429b-b789-40589342d70e: start LeaderState
2019-06-14 01:56:34,363 INFO  storage.RaftLogWorker (RaftLogWorker.java:startLogSegment(298)) - 5db94ac5-a0c6-4609-a837-6c6c8ddbe5ae-RaftLogWorker: Starting segment from index:0
2019-06-14 01:56:34,363 INFO  storage.RaftLogWorker (RaftLogWorker.java:startLogSegment(298)) - 783687aa-d5cf-429b-b789-40589342d70e-RaftLogWorker: Starting segment from index:0
2019-06-14 01:56:34,374 INFO  impl.RaftServerImpl (ServerState.java:setRaftConf(361)) - 783687aa-d5cf-429b-b789-40589342d70e:group-A10DB0EFEEA6 set configuration 0: [783687aa-d5cf-429b-b789-40589342d70e:192.168.46.36:44753], old=null at 0
2019-06-14 01:56:34,387 INFO  impl.RaftServerImpl (ServerState.java:setRaftConf(361)) - 5db94ac5-a0c6-4609-a837-6c6c8ddbe5ae:group-DDF8762FFDBD set configuration 0: [5db94ac5-a0c6-4609-a837-6c6c8ddbe5ae:192.168.46.36:39751], old=null at 0
2019-06-14 01:56:34,407 INFO  impl.FollowerState (FollowerState.java:run(101)) - 07896c88-c7e8-4ff4-9556-6aa373151ab1:group-DC98FB54BD03 changes to CANDIDATE, lastRpcTime:1164, electionTimeout:1162ms
2019-06-14 01:56:34,407 INFO  impl.RoleInfo (RoleInfo.java:shutdownFollowerState(121)) - 07896c88-c7e8-4ff4-9556-6aa373151ab1: shutdown FollowerState
2019-06-14 01:56:34,407 INFO  impl.RaftServerImpl (RaftServerImpl.java:setRole(164)) - 07896c88-c7e8-4ff4-9556-6aa373151ab1:group-DC98FB54BD03 changes role from FOLLOWER to CANDIDATE at term 0 for changeToCandidate
2019-06-14 01:56:34,407 INFO  impl.RoleInfo (RoleInfo.java:updateAndGet(143)) - 07896c88-c7e8-4ff4-9556-6aa373151ab1: start LeaderElection
2019-06-14 01:56:34,411 INFO  impl.FollowerState (FollowerState.java:run(101)) - 783687aa-d5cf-429b-b789-40589342d70e:group-18EEDE7433AB changes to CANDIDATE, lastRpcTime:1039, electionTimeout:1038ms
2019-06-14 01:56:34,411 INFO  impl.RoleInfo (RoleInfo.java:shutdownFollowerState(121)) - 783687aa-d5cf-429b-b789-40589342d70e: shutdown FollowerState
2019-06-14 01:56:34,411 INFO  impl.RaftServerImpl (RaftServerImpl.java:setRole(164)) - 783687aa-d5cf-429b-b789-40589342d70e:group-18EEDE7433AB changes role from FOLLOWER to CANDIDATE at term 0 for changeToCandidate
2019-06-14 01:56:34,411 INFO  impl.RoleInfo (RoleInfo.java:updateAndGet(143)) - 783687aa-d5cf-429b-b789-40589342d70e: start LeaderElection
2019-06-14 01:56:34,415 INFO  impl.LeaderElection (LeaderElection.java:askForVotes(181)) - 07896c88-c7e8-4ff4-9556-6aa373151ab1:group-DC98FB54BD03:LeaderElection3: begin an election at term 1 for -1: [07896c88-c7e8-4ff4-9556-6aa373151ab1:192.168.46.36:32861], old=null
2019-06-14 01:56:34,415 INFO  impl.RoleInfo (RoleInfo.java:shutdownLeaderElection(134)) - 07896c88-c7e8-4ff4-9556-6aa373151ab1: shutdown LeaderElection
2019-06-14 01:56:34,415 INFO  impl.RaftServerImpl (RaftServerImpl.java:setRole(164)) - 07896c88-c7e8-4ff4-9556-6aa373151ab1:group-DC98FB54BD03 changes role from CANDIDATE to LEADER at term 1 for changeToLeader
2019-06-14 01:56:34,415 INFO  impl.RaftServerImpl (ServerState.java:setLeader(263)) - 07896c88-c7e8-4ff4-9556-6aa373151ab1:group-DC98FB54BD03 change Leader from null to 07896c88-c7e8-4ff4-9556-6aa373151ab1 at term 1 for becomeLeader, leader elected after 1177ms
2019-06-14 01:56:34,417 INFO  server.RaftServerConfigKeys (ConfUtils.java:logGet(43)) - raft.server.staging.catchup.gap = 1000 (default)
2019-06-14 01:56:34,417 INFO  server.RaftServerConfigKeys (ConfUtils.java:logGet(43)) - raft.server.rpc.sleep.time = 25ms (default)
2019-06-14 01:56:34,417 INFO  server.RaftServerConfigKeys (ConfUtils.java:logGet(43)) - raft.server.watch.timeout = 10s (default)
2019-06-14 01:56:34,417 INFO  server.RaftServerConfigKeys (ConfUtils.java:logGet(43)) - raft.server.watch.timeout.denomination = 1s (default)
2019-06-14 01:56:34,417 INFO  impl.RoleInfo (RoleInfo.java:updateAndGet(143)) - 07896c88-c7e8-4ff4-9556-6aa373151ab1: start LeaderState
2019-06-14 01:56:34,417 INFO  storage.RaftLogWorker (RaftLogWorker.java:startLogSegment(298)) - 07896c88-c7e8-4ff4-9556-6aa373151ab1-RaftLogWorker: Starting segment from index:0
2019-06-14 01:56:34,418 INFO  impl.RaftServerImpl (ServerState.java:setRaftConf(361)) - 07896c88-c7e8-4ff4-9556-6aa373151ab1:group-DC98FB54BD03 set configuration 0: [07896c88-c7e8-4ff4-9556-6aa373151ab1:192.168.46.36:32861], old=null at 0
2019-06-14 01:56:34,418 INFO  impl.LeaderElection (LeaderElection.java:askForVotes(181)) - 783687aa-d5cf-429b-b789-40589342d70e:group-18EEDE7433AB:LeaderElection4: begin an election at term 1 for -1: [783687aa-d5cf-429b-b789-40589342d70e:192.168.46.36:44753, 5db94ac5-a0c6-4609-a837-6c6c8ddbe5ae:192.168.46.36:39751, 07896c88-c7e8-4ff4-9556-6aa373151ab1:192.168.46.36:32861], old=null
2019-06-14 01:56:34,449 INFO  impl.RaftServerImpl (RaftServerImpl.java:setRole(164)) - 5db94ac5-a0c6-4609-a837-6c6c8ddbe5ae:group-18EEDE7433AB changes role from FOLLOWER to FOLLOWER at term 1 for recognizeCandidate:783687aa-d5cf-429b-b789-40589342d70e
2019-06-14 01:56:34,449 INFO  impl.RoleInfo (RoleInfo.java:shutdownFollowerState(121)) - 5db94ac5-a0c6-4609-a837-6c6c8ddbe5ae: shutdown FollowerState
2019-06-14 01:56:34,449 INFO  impl.RoleInfo (RoleInfo.java:updateAndGet(143)) - 5db94ac5-a0c6-4609-a837-6c6c8ddbe5ae: start FollowerState
2019-06-14 01:56:34,450 INFO  impl.FollowerState (FollowerState.java:run(109)) - 5db94ac5-a0c6-4609-a837-6c6c8ddbe5ae: FollowerState was interrupted: java.lang.InterruptedException: sleep interrupted
2019-06-14 01:56:34,460 INFO  impl.RaftServerImpl (RaftServerImpl.java:setRole(164)) - 07896c88-c7e8-4ff4-9556-6aa373151ab1:group-18EEDE7433AB changes role from FOLLOWER to FOLLOWER at term 1 for recognizeCandidate:783687aa-d5cf-429b-b789-40589342d70e
2019-06-14 01:56:34,460 INFO  impl.RoleInfo (RoleInfo.java:shutdownFollowerState(121)) - 07896c88-c7e8-4ff4-9556-6aa373151ab1: shutdown FollowerState
2019-06-14 01:56:34,460 INFO  impl.FollowerState (FollowerState.java:run(109)) - 07896c88-c7e8-4ff4-9556-6aa373151ab1: FollowerState was interrupted: java.lang.InterruptedException: sleep interrupted
2019-06-14 01:56:34,460 INFO  impl.RoleInfo (RoleInfo.java:updateAndGet(143)) - 07896c88-c7e8-4ff4-9556-6aa373151ab1: start FollowerState
2019-06-14 01:56:34,468 INFO  impl.LeaderElection (LeaderElection.java:logAndReturn(56)) - 783687aa-d5cf-429b-b789-40589342d70e:group-18EEDE7433AB:LeaderElection4: Election PASSED; received 1 response(s) [783687aa-d5cf-429b-b789-40589342d70e->5db94ac5-a0c6-4609-a837-6c6c8ddbe5ae,true-t1] and 0 exception(s); 783687aa-d5cf-429b-b789-40589342d70e:t1, leader=null, voted=783687aa-d5cf-429b-b789-40589342d70e, raftlog=783687aa-d5cf-429b-b789-40589342d70e-SegmentedRaftLog:OPENED:c-1,f-1,i0, conf=-1: [783687aa-d5cf-429b-b789-40589342d70e:192.168.46.36:44753, 5db94ac5-a0c6-4609-a837-6c6c8ddbe5ae:192.168.46.36:39751, 07896c88-c7e8-4ff4-9556-6aa373151ab1:192.168.46.36:32861], old=null
2019-06-14 01:56:34,469 INFO  impl.RoleInfo (RoleInfo.java:shutdownLeaderElection(134)) - 783687aa-d5cf-429b-b789-40589342d70e: shutdown LeaderElection
2019-06-14 01:56:34,470 INFO  impl.RaftServerImpl (RaftServerImpl.java:setRole(164)) - 783687aa-d5cf-429b-b789-40589342d70e:group-18EEDE7433AB changes role from CANDIDATE to LEADER at term 1 for changeToLeader
2019-06-14 01:56:34,470 INFO  impl.RaftServerImpl (ServerState.java:setLeader(263)) - 783687aa-d5cf-429b-b789-40589342d70e:group-18EEDE7433AB change Leader from null to 783687aa-d5cf-429b-b789-40589342d70e at term 1 for becomeLeader, leader elected after 1113ms
2019-06-14 01:56:34,470 INFO  server.RaftServerConfigKeys (ConfUtils.java:logGet(43)) - raft.server.staging.catchup.gap = 1000 (default)
2019-06-14 01:56:34,470 INFO  server.RaftServerConfigKeys (ConfUtils.java:logGet(43)) - raft.server.rpc.sleep.time = 25ms (default)
2019-06-14 01:56:34,470 INFO  server.RaftServerConfigKeys (ConfUtils.java:logGet(43)) - raft.server.watch.timeout = 10s (default)
2019-06-14 01:56:34,470 INFO  server.RaftServerConfigKeys (ConfUtils.java:logGet(43)) - raft.server.watch.timeout.denomination = 1s (default)
2019-06-14 01:56:34,472 INFO  server.RaftServerConfigKeys (ConfUtils.java:logGet(43)) - raft.server.log.appender.snapshot.chunk.size.max = 16MB (=16777216) (default)
2019-06-14 01:56:34,474 INFO  server.RaftServerConfigKeys (ConfUtils.java:logGet(43)) - raft.server.log.appender.buffer.byte-limit = 33554432 (custom)
2019-06-14 01:56:34,479 INFO  server.RaftServerConfigKeys (ConfUtils.java:logGet(43)) - raft.server.log.appender.buffer.element-limit = 1 (custom)
2019-06-14 01:56:34,481 INFO  grpc.GrpcConfigKeys$Server (ConfUtils.java:logGet(43)) - raft.grpc.server.leader.outstanding.appends.max = 128 (default)
2019-06-14 01:56:34,481 INFO  server.RaftServerConfigKeys (ConfUtils.java:logGet(43)) - raft.server.rpc.request.timeout = 3000ms (default)
2019-06-14 01:56:34,481 INFO  server.RaftServerConfigKeys (ConfUtils.java:logGet(43)) - raft.server.log.appender.install.snapshot.enabled = true (default)
2019-06-14 01:56:34,481 INFO  server.RaftServerConfigKeys (ConfUtils.java:logGet(43)) - raft.server.log.appender.snapshot.chunk.size.max = 16MB (=16777216) (default)
2019-06-14 01:56:34,481 INFO  server.RaftServerConfigKeys (ConfUtils.java:logGet(43)) - raft.server.log.appender.buffer.byte-limit = 33554432 (custom)
2019-06-14 01:56:34,482 INFO  server.RaftServerConfigKeys (ConfUtils.java:logGet(43)) - raft.server.log.appender.buffer.element-limit = 1 (custom)
2019-06-14 01:56:34,482 INFO  grpc.GrpcConfigKeys$Server (ConfUtils.java:logGet(43)) - raft.grpc.server.leader.outstanding.appends.max = 128 (default)
2019-06-14 01:56:34,482 INFO  server.RaftServerConfigKeys (ConfUtils.java:logGet(43)) - raft.server.rpc.request.timeout = 3000ms (default)
2019-06-14 01:56:34,482 INFO  server.RaftServerConfigKeys (ConfUtils.java:logGet(43)) - raft.server.log.appender.install.snapshot.enabled = true (default)
2019-06-14 01:56:34,482 INFO  impl.RoleInfo (RoleInfo.java:updateAndGet(143)) - 783687aa-d5cf-429b-b789-40589342d70e: start LeaderState
2019-06-14 01:56:34,482 INFO  storage.RaftLogWorker (RaftLogWorker.java:startLogSegment(298)) - 783687aa-d5cf-429b-b789-40589342d70e-RaftLogWorker: Starting segment from index:0
2019-06-14 01:56:34,485 INFO  impl.RaftServerImpl (ServerState.java:setRaftConf(361)) - 783687aa-d5cf-429b-b789-40589342d70e:group-18EEDE7433AB set configuration 0: [783687aa-d5cf-429b-b789-40589342d70e:192.168.46.36:44753, 5db94ac5-a0c6-4609-a837-6c6c8ddbe5ae:192.168.46.36:39751, 07896c88-c7e8-4ff4-9556-6aa373151ab1:192.168.46.36:32861], old=null at 0
2019-06-14 01:56:34,513 INFO  impl.RaftServerImpl (ServerState.java:setLeader(263)) - 5db94ac5-a0c6-4609-a837-6c6c8ddbe5ae:group-18EEDE7433AB change Leader from null to 783687aa-d5cf-429b-b789-40589342d70e at term 1 for appendEntries, leader elected after 1154ms
2019-06-14 01:56:34,520 INFO  impl.RaftServerImpl (ServerState.java:setLeader(263)) - 07896c88-c7e8-4ff4-9556-6aa373151ab1:group-18EEDE7433AB change Leader from null to 783687aa-d5cf-429b-b789-40589342d70e at term 1 for appendEntries, leader elected after 1166ms
2019-06-14 01:56:34,548 INFO  impl.RaftServerImpl (ServerState.java:setRaftConf(361)) - 07896c88-c7e8-4ff4-9556-6aa373151ab1:group-18EEDE7433AB set configuration 0: [783687aa-d5cf-429b-b789-40589342d70e:192.168.46.36:44753, 5db94ac5-a0c6-4609-a837-6c6c8ddbe5ae:192.168.46.36:39751, 07896c88-c7e8-4ff4-9556-6aa373151ab1:192.168.46.36:32861], old=null at 0
2019-06-14 01:56:34,548 INFO  storage.RaftLogWorker (RaftLogWorker.java:startLogSegment(298)) - 07896c88-c7e8-4ff4-9556-6aa373151ab1-RaftLogWorker: Starting segment from index:0
2019-06-14 01:56:34,548 INFO  impl.RaftServerImpl (ServerState.java:setRaftConf(361)) - 5db94ac5-a0c6-4609-a837-6c6c8ddbe5ae:group-18EEDE7433AB set configuration 0: [783687aa-d5cf-429b-b789-40589342d70e:192.168.46.36:44753, 5db94ac5-a0c6-4609-a837-6c6c8ddbe5ae:192.168.46.36:39751, 07896c88-c7e8-4ff4-9556-6aa373151ab1:192.168.46.36:32861], old=null at 0
2019-06-14 01:56:34,549 INFO  storage.RaftLogWorker (RaftLogWorker.java:startLogSegment(298)) - 5db94ac5-a0c6-4609-a837-6c6c8ddbe5ae-RaftLogWorker: Starting segment from index:0
2019-06-14 01:56:34,560 INFO  impl.FollowerState (FollowerState.java:run(101)) - 3a6f6e44-acc5-453b-bf30-df4c0d6f0694:group-EF330D2574E4 changes to CANDIDATE, lastRpcTime:1080, electionTimeout:1080ms
2019-06-14 01:56:34,560 INFO  impl.RoleInfo (RoleInfo.java:shutdownFollowerState(121)) - 3a6f6e44-acc5-453b-bf30-df4c0d6f0694: shutdown FollowerState
2019-06-14 01:56:34,561 INFO  impl.RaftServerImpl (RaftServerImpl.java:setRole(164)) - 3a6f6e44-acc5-453b-bf30-df4c0d6f0694:group-EF330D2574E4 changes role from FOLLOWER to CANDIDATE at term 0 for changeToCandidate
2019-06-14 01:56:34,561 INFO  impl.RoleInfo (RoleInfo.java:updateAndGet(143)) - 3a6f6e44-acc5-453b-bf30-df4c0d6f0694: start LeaderElection
2019-06-14 01:56:34,580 INFO  impl.LeaderElection (LeaderElection.java:askForVotes(181)) - 3a6f6e44-acc5-453b-bf30-df4c0d6f0694:group-EF330D2574E4:LeaderElection5: begin an election at term 1 for -1: [3a6f6e44-acc5-453b-bf30-df4c0d6f0694:192.168.46.36:34441], old=null
2019-06-14 01:56:34,581 INFO  impl.RoleInfo (RoleInfo.java:shutdownLeaderElection(134)) - 3a6f6e44-acc5-453b-bf30-df4c0d6f0694: shutdown LeaderElection
2019-06-14 01:56:34,581 INFO  impl.RaftServerImpl (RaftServerImpl.java:setRole(164)) - 3a6f6e44-acc5-453b-bf30-df4c0d6f0694:group-EF330D2574E4 changes role from CANDIDATE to LEADER at term 1 for changeToLeader
2019-06-14 01:56:34,581 INFO  impl.RaftServerImpl (ServerState.java:setLeader(263)) - 3a6f6e44-acc5-453b-bf30-df4c0d6f0694:group-EF330D2574E4 change Leader from null to 3a6f6e44-acc5-453b-bf30-df4c0d6f0694 at term 1 for becomeLeader, leader elected after 1102ms
2019-06-14 01:56:34,582 INFO  server.RaftServerConfigKeys (ConfUtils.java:logGet(43)) - raft.server.staging.catchup.gap = 1000 (default)
2019-06-14 01:56:34,582 INFO  server.RaftServerConfigKeys (ConfUtils.java:logGet(43)) - raft.server.rpc.sleep.time = 25ms (default)
2019-06-14 01:56:34,582 INFO  server.RaftServerConfigKeys (ConfUtils.java:logGet(43)) - raft.server.watch.timeout = 10s (default)
2019-06-14 01:56:34,583 INFO  server.RaftServerConfigKeys (ConfUtils.java:logGet(43)) - raft.server.watch.timeout.denomination = 1s (default)
2019-06-14 01:56:34,583 INFO  impl.RoleInfo (RoleInfo.java:updateAndGet(143)) - 3a6f6e44-acc5-453b-bf30-df4c0d6f0694: start LeaderState
2019-06-14 01:56:34,583 INFO  storage.RaftLogWorker (RaftLogWorker.java:startLogSegment(298)) - 3a6f6e44-acc5-453b-bf30-df4c0d6f0694-RaftLogWorker: Starting segment from index:0
2019-06-14 01:56:34,586 INFO  impl.RaftServerImpl (ServerState.java:setRaftConf(361)) - 3a6f6e44-acc5-453b-bf30-df4c0d6f0694:group-EF330D2574E4 set configuration 0: [3a6f6e44-acc5-453b-bf30-df4c0d6f0694:192.168.46.36:34441], old=null at 0
2019-06-14 01:56:34,691 INFO  storage.RaftLogWorker (RaftLogWorker.java:execute(469)) - 5db94ac5-a0c6-4609-a837-6c6c8ddbe5ae-RaftLogWorker: created new log segment /opt/src/hadoop-ozone/integration-test/target/test-dir/MiniOzoneClusterImpl-a714103e-e92c-4fc5-b849-803b59b9aef6/datanode-0/data/ratis/58af57de-0385-4a42-9bb4-18eede7433ab/current/log_inprogress_0
2019-06-14 01:56:34,696 INFO  storage.RaftLogWorker (RaftLogWorker.java:execute(469)) - 5db94ac5-a0c6-4609-a837-6c6c8ddbe5ae-RaftLogWorker: created new log segment /opt/src/hadoop-ozone/integration-test/target/test-dir/MiniOzoneClusterImpl-a714103e-e92c-4fc5-b849-803b59b9aef6/datanode-0/data/ratis/2c405b8a-16c4-411d-a7a0-ddf8762ffdbd/current/log_inprogress_0
2019-06-14 01:56:34,698 INFO  storage.RaftLogWorker (RaftLogWorker.java:execute(469)) - 783687aa-d5cf-429b-b789-40589342d70e-RaftLogWorker: created new log segment /opt/src/hadoop-ozone/integration-test/target/test-dir/MiniOzoneClusterImpl-a714103e-e92c-4fc5-b849-803b59b9aef6/datanode-2/data/ratis/58af57de-0385-4a42-9bb4-18eede7433ab/current/log_inprogress_0
2019-06-14 01:56:34,722 INFO  storage.RaftLogWorker (RaftLogWorker.java:execute(469)) - 783687aa-d5cf-429b-b789-40589342d70e-RaftLogWorker: created new log segment /opt/src/hadoop-ozone/integration-test/target/test-dir/MiniOzoneClusterImpl-a714103e-e92c-4fc5-b849-803b59b9aef6/datanode-2/data/ratis/e496e73e-43e2-42bb-9465-a10db0efeea6/current/log_inprogress_0
2019-06-14 01:56:34,723 INFO  storage.RaftLogWorker (RaftLogWorker.java:execute(469)) - 3a6f6e44-acc5-453b-bf30-df4c0d6f0694-RaftLogWorker: created new log segment /opt/src/hadoop-ozone/integration-test/target/test-dir/MiniOzoneClusterImpl-a714103e-e92c-4fc5-b849-803b59b9aef6/datanode-3/data/ratis/ae3289d5-64a4-4637-9105-ef330d2574e4/current/log_inprogress_0
2019-06-14 01:56:34,728 INFO  impl.FollowerState (FollowerState.java:run(101)) - dd0b4966-d2bd-4484-80c6-6c696f6447ed:group-3A46E499625E changes to CANDIDATE, lastRpcTime:1057, electionTimeout:1057ms
2019-06-14 01:56:34,728 INFO  impl.RoleInfo (RoleInfo.java:shutdownFollowerState(121)) - dd0b4966-d2bd-4484-80c6-6c696f6447ed: shutdown FollowerState
2019-06-14 01:56:34,728 INFO  impl.RaftServerImpl (RaftServerImpl.java:setRole(164)) - dd0b4966-d2bd-4484-80c6-6c696f6447ed:group-3A46E499625E changes role from FOLLOWER to CANDIDATE at term 0 for changeToCandidate
2019-06-14 01:56:34,728 INFO  impl.RoleInfo (RoleInfo.java:updateAndGet(143)) - dd0b4966-d2bd-4484-80c6-6c696f6447ed: start LeaderElection
2019-06-14 01:56:34,734 INFO  storage.RaftLogWorker (RaftLogWorker.java:execute(469)) - 07896c88-c7e8-4ff4-9556-6aa373151ab1-RaftLogWorker: created new log segment /opt/src/hadoop-ozone/integration-test/target/test-dir/MiniOzoneClusterImpl-a714103e-e92c-4fc5-b849-803b59b9aef6/datanode-1/data/ratis/2b745607-18a9-4129-9f36-dc98fb54bd03/current/log_inprogress_0
2019-06-14 01:56:34,735 INFO  storage.RaftLogWorker (RaftLogWorker.java:execute(469)) - 07896c88-c7e8-4ff4-9556-6aa373151ab1-RaftLogWorker: created new log segment /opt/src/hadoop-ozone/integration-test/target/test-dir/MiniOzoneClusterImpl-a714103e-e92c-4fc5-b849-803b59b9aef6/datanode-1/data/ratis/58af57de-0385-4a42-9bb4-18eede7433ab/current/log_inprogress_0
2019-06-14 01:56:34,736 INFO  impl.LeaderElection (LeaderElection.java:askForVotes(181)) - dd0b4966-d2bd-4484-80c6-6c696f6447ed:group-3A46E499625E:LeaderElection6: begin an election at term 1 for -1: [dd0b4966-d2bd-4484-80c6-6c696f6447ed:192.168.46.36:46807], old=null
2019-06-14 01:56:34,737 INFO  impl.RoleInfo (RoleInfo.java:shutdownLeaderElection(134)) - dd0b4966-d2bd-4484-80c6-6c696f6447ed: shutdown LeaderElection
2019-06-14 01:56:34,737 INFO  impl.RaftServerImpl (RaftServerImpl.java:setRole(164)) - dd0b4966-d2bd-4484-80c6-6c696f6447ed:group-3A46E499625E changes role from CANDIDATE to LEADER at term 1 for changeToLeader
2019-06-14 01:56:34,737 INFO  impl.RaftServerImpl (ServerState.java:setLeader(263)) - dd0b4966-d2bd-4484-80c6-6c696f6447ed:group-3A46E499625E change Leader from null to dd0b4966-d2bd-4484-80c6-6c696f6447ed at term 1 for becomeLeader, leader elected after 1069ms
2019-06-14 01:56:34,738 INFO  server.RaftServerConfigKeys (ConfUtils.java:logGet(43)) - raft.server.staging.catchup.gap = 1000 (default)
2019-06-14 01:56:34,738 INFO  server.RaftServerConfigKeys (ConfUtils.java:logGet(43)) - raft.server.rpc.sleep.time = 25ms (default)
2019-06-14 01:56:34,738 INFO  server.RaftServerConfigKeys (ConfUtils.java:logGet(43)) - raft.server.watch.timeout = 10s (default)
2019-06-14 01:56:34,738 INFO  server.RaftServerConfigKeys (ConfUtils.java:logGet(43)) - raft.server.watch.timeout.denomination = 1s (default)
2019-06-14 01:56:34,738 INFO  impl.RoleInfo (RoleInfo.java:updateAndGet(143)) - dd0b4966-d2bd-4484-80c6-6c696f6447ed: start LeaderState
2019-06-14 01:56:34,738 INFO  storage.RaftLogWorker (RaftLogWorker.java:startLogSegment(298)) - dd0b4966-d2bd-4484-80c6-6c696f6447ed-RaftLogWorker: Starting segment from index:0
2019-06-14 01:56:34,741 INFO  impl.RaftServerImpl (ServerState.java:setRaftConf(361)) - dd0b4966-d2bd-4484-80c6-6c696f6447ed:group-3A46E499625E set configuration 0: [dd0b4966-d2bd-4484-80c6-6c696f6447ed:192.168.46.36:46807], old=null at 0
2019-06-14 01:56:34,776 INFO  storage.RaftLogWorker (RaftLogWorker.java:execute(469)) - dd0b4966-d2bd-4484-80c6-6c696f6447ed-RaftLogWorker: created new log segment /opt/src/hadoop-ozone/integration-test/target/test-dir/MiniOzoneClusterImpl-a714103e-e92c-4fc5-b849-803b59b9aef6/datanode-4/data/ratis/d768ee02-0e92-47a4-99d6-3a46e499625e/current/log_inprogress_0
2019-06-14 01:56:34,861 INFO  ozone.MiniOzoneClusterImpl (MiniOzoneClusterImpl.java:lambda$waitForClusterToBeReady$0(142)) - Cluster is ready. Got 6 of 6 DN Heartbeats.
]]></system-out>
    <system-err><![CDATA[ERROR StatusLogger No Log4j 2 configuration file found. Using default configuration (logging only errors to the console), or user programmatically provided configurations. Set system property 'log4j2.debug' to show Log4j 2 internal initialization logging. See https://logging.apache.org/log4j/2.x/manual/configuration.html for instructions on how to configure Log4j 2
Jun 14, 2019 1:56:27 AM com.sun.jersey.server.impl.application.WebApplicationImpl _initiate
INFO: Initiating Jersey application, version 'Jersey: 1.19 02/11/2015 03:25 AM'
Jun 14, 2019 1:56:28 AM com.sun.jersey.server.impl.application.WebApplicationImpl _initiate
INFO: Initiating Jersey application, version 'Jersey: 1.19 02/11/2015 03:25 AM'
Jun 14, 2019 1:56:29 AM com.sun.jersey.server.impl.application.WebApplicationImpl _initiate
INFO: Initiating Jersey application, version 'Jersey: 1.19 02/11/2015 03:25 AM'
Jun 14, 2019 1:56:29 AM com.sun.jersey.server.impl.application.WebApplicationImpl _initiate
INFO: Initiating Jersey application, version 'Jersey: 1.19 02/11/2015 03:25 AM'
Jun 14, 2019 1:56:29 AM com.sun.jersey.server.impl.application.WebApplicationImpl _initiate
INFO: Initiating Jersey application, version 'Jersey: 1.19 02/11/2015 03:25 AM'
Jun 14, 2019 1:56:29 AM com.sun.jersey.server.impl.application.WebApplicationImpl _initiate
INFO: Initiating Jersey application, version 'Jersey: 1.19 02/11/2015 03:25 AM'
]]></system-err>
  </testcase>
</testsuite>