<?xml version="1.0" encoding="UTF-8"?>
<testsuite xmlns:xsi="http://www.w3.org/2001/XMLSchema-instance" xsi:noNamespaceSchemaLocation="https://maven.apache.org/surefire/maven-surefire-plugin/xsd/surefire-test-report.xsd" name="org.apache.hadoop.ozone.client.rpc.TestFailureHandlingByClient" time="123.111" tests="7" errors="0" skipped="0" failures="1">
  <properties>
    <property name="awt.toolkit" value="sun.awt.X11.XToolkit"/>
    <property name="file.encoding.pkg" value="sun.io"/>
    <property name="java.specification.version" value="1.8"/>
    <property name="sun.cpu.isalist" value=""/>
    <property name="sun.jnu.encoding" value="UTF-8"/>
    <property name="java.class.path" value="/opt/src/hadoop-ozone/integration-test/target/test-classes:/opt/src/hadoop-ozone/integration-test/target/classes:/root/.m2/repository/org/apache/hadoop/hadoop-ozone-common/0.5.0-SNAPSHOT/hadoop-ozone-common-0.5.0-SNAPSHOT.jar:/root/.m2/repository/org/apache/commons/commons-compress/1.4.1/commons-compress-1.4.1.jar:/root/.m2/repository/org/tukaani/xz/1.0/xz-1.0.jar:/root/.m2/repository/org/apache/hadoop/hadoop-common/3.2.0/hadoop-common-3.2.0.jar:/root/.m2/repository/org/apache/hadoop/hadoop-hdfs/3.2.0/hadoop-hdfs-3.2.0.jar:/root/.m2/repository/org/apache/hadoop/hadoop-hdfs-client/3.2.0/hadoop-hdfs-client-3.2.0.jar:/root/.m2/repository/com/fasterxml/jackson/core/jackson-annotations/2.9.5/jackson-annotations-2.9.5.jar:/root/.m2/repository/org/apache/hadoop/hadoop-hdds-common/0.5.0-SNAPSHOT/hadoop-hdds-common-0.5.0-SNAPSHOT.jar:/root/.m2/repository/javax/annotation/javax.annotation-api/1.2/javax.annotation-api-1.2.jar:/root/.m2/repository/org/apache/ratis/ratis-server/0.4.0-fe2b15d-SNAPSHOT/ratis-server-0.4.0-fe2b15d-SNAPSHOT.jar:/root/.m2/repository/org/apache/ratis/ratis-thirdparty-misc/0.2.0/ratis-thirdparty-misc-0.2.0.jar:/root/.m2/repository/org/apache/ratis/ratis-proto/0.4.0-fe2b15d-SNAPSHOT/ratis-proto-0.4.0-fe2b15d-SNAPSHOT.jar:/root/.m2/repository/org/apache/ratis/ratis-common/0.4.0-fe2b15d-SNAPSHOT/ratis-common-0.4.0-fe2b15d-SNAPSHOT.jar:/root/.m2/repository/org/apache/ratis/ratis-client/0.4.0-fe2b15d-SNAPSHOT/ratis-client-0.4.0-fe2b15d-SNAPSHOT.jar:/root/.m2/repository/org/apache/ratis/ratis-netty/0.4.0-fe2b15d-SNAPSHOT/ratis-netty-0.4.0-fe2b15d-SNAPSHOT.jar:/root/.m2/repository/org/apache/ratis/ratis-grpc/0.4.0-fe2b15d-SNAPSHOT/ratis-grpc-0.4.0-fe2b15d-SNAPSHOT.jar:/root/.m2/repository/org/rocksdb/rocksdbjni/5.14.2/rocksdbjni-5.14.2.jar:/root/.m2/repository/org/apache/logging/log4j/log4j-api/2.11.0/log4j-api-2.11.0.jar:/root/.m2/repository/org/apache/logging/log4j/log4j-core/2.11.0/log4j-core-2.11.0.jar:/root/.m2/repository/com/lmax/disruptor/3.4.2/disruptor-3.4.2.jar:/root/.m2/repository/org/apache/commons/commons-pool2/2.6.0/commons-pool2-2.6.0.jar:/root/.m2/repository/org/bouncycastle/bcpkix-jdk15on/1.60/bcpkix-jdk15on-1.60.jar:/root/.m2/repository/commons-validator/commons-validator/1.6/commons-validator-1.6.jar:/root/.m2/repository/commons-digester/commons-digester/1.8.1/commons-digester-1.8.1.jar:/root/.m2/repository/io/jaegertracing/jaeger-client/0.33.1/jaeger-client-0.33.1.jar:/root/.m2/repository/io/jaegertracing/jaeger-thrift/0.33.1/jaeger-thrift-0.33.1.jar:/root/.m2/repository/org/apache/thrift/libthrift/0.11.0/libthrift-0.11.0.jar:/root/.m2/repository/com/squareup/okhttp3/okhttp/3.9.0/okhttp-3.9.0.jar:/root/.m2/repository/com/squareup/okio/okio/1.13.0/okio-1.13.0.jar:/root/.m2/repository/io/jaegertracing/jaeger-core/0.33.1/jaeger-core-0.33.1.jar:/root/.m2/repository/io/jaegertracing/jaeger-tracerresolver/0.33.1/jaeger-tracerresolver-0.33.1.jar:/root/.m2/repository/io/opentracing/contrib/opentracing-tracerresolver/0.1.5/opentracing-tracerresolver-0.1.5.jar:/root/.m2/repository/io/opentracing/opentracing-util/0.31.0/opentracing-util-0.31.0.jar:/root/.m2/repository/io/opentracing/opentracing-api/0.31.0/opentracing-api-0.31.0.jar:/root/.m2/repository/io/opentracing/opentracing-noop/0.31.0/opentracing-noop-0.31.0.jar:/root/.m2/repository/org/apache/hadoop/hadoop-hdds-server-framework/0.5.0-SNAPSHOT/hadoop-hdds-server-framework-0.5.0-SNAPSHOT.jar:/root/.m2/repository/org/apache/hadoop/hadoop-hdds-server-scm/0.5.0-SNAPSHOT/hadoop-hdds-server-scm-0.5.0-SNAPSHOT.jar:/root/.m2/repository/org/apache/hadoop/hadoop-hdds-container-service/0.5.0-SNAPSHOT/hadoop-hdds-container-service-0.5.0-SNAPSHOT.jar:/root/.m2/repository/org/apache/hadoop/hadoop-hdds-client/0.5.0-SNAPSHOT/hadoop-hdds-client-0.5.0-SNAPSHOT.jar:/root/.m2/repository/org/apache/hadoop/hadoop-hdds-tools/0.5.0-SNAPSHOT/hadoop-hdds-tools-0.5.0-SNAPSHOT.jar:/root/.m2/repository/org/apache/hadoop/hadoop-ozone-ozone-manager/0.5.0-SNAPSHOT/hadoop-ozone-ozone-manager-0.5.0-SNAPSHOT.jar:/root/.m2/repository/org/apache/hadoop/hadoop-hdds-docs/0.5.0-SNAPSHOT/hadoop-hdds-docs-0.5.0-SNAPSHOT.jar:/root/.m2/repository/org/bouncycastle/bcprov-jdk15on/1.60/bcprov-jdk15on-1.60.jar:/root/.m2/repository/org/apache/hadoop/hadoop-minikdc/3.2.0/hadoop-minikdc-3.2.0.jar:/root/.m2/repository/commons-io/commons-io/2.5/commons-io-2.5.jar:/root/.m2/repository/org/apache/kerby/kerb-simplekdc/1.0.1/kerb-simplekdc-1.0.1.jar:/root/.m2/repository/org/apache/kerby/kerb-client/1.0.1/kerb-client-1.0.1.jar:/root/.m2/repository/org/apache/kerby/kerby-config/1.0.1/kerby-config-1.0.1.jar:/root/.m2/repository/org/apache/kerby/kerb-core/1.0.1/kerb-core-1.0.1.jar:/root/.m2/repository/org/apache/kerby/kerby-pkix/1.0.1/kerby-pkix-1.0.1.jar:/root/.m2/repository/org/apache/kerby/kerby-asn1/1.0.1/kerby-asn1-1.0.1.jar:/root/.m2/repository/org/apache/kerby/kerby-util/1.0.1/kerby-util-1.0.1.jar:/root/.m2/repository/org/apache/kerby/kerb-common/1.0.1/kerb-common-1.0.1.jar:/root/.m2/repository/org/apache/kerby/kerb-crypto/1.0.1/kerb-crypto-1.0.1.jar:/root/.m2/repository/org/apache/kerby/kerb-util/1.0.1/kerb-util-1.0.1.jar:/root/.m2/repository/org/apache/kerby/token-provider/1.0.1/token-provider-1.0.1.jar:/root/.m2/repository/org/apache/kerby/kerb-admin/1.0.1/kerb-admin-1.0.1.jar:/root/.m2/repository/org/apache/kerby/kerb-server/1.0.1/kerb-server-1.0.1.jar:/root/.m2/repository/org/apache/kerby/kerb-identity/1.0.1/kerb-identity-1.0.1.jar:/root/.m2/repository/org/apache/kerby/kerby-xdr/1.0.1/kerby-xdr-1.0.1.jar:/root/.m2/repository/org/slf4j/slf4j-log4j12/1.7.25/slf4j-log4j12-1.7.25.jar:/root/.m2/repository/org/apache/hadoop/hadoop-ozone-objectstore-service/0.5.0-SNAPSHOT/hadoop-ozone-objectstore-service-0.5.0-SNAPSHOT.jar:/root/.m2/repository/org/apache/hadoop/hadoop-ozone-s3gateway/0.5.0-SNAPSHOT/hadoop-ozone-s3gateway-0.5.0-SNAPSHOT.jar:/root/.m2/repository/org/jboss/weld/servlet/weld-servlet/2.4.7.Final/weld-servlet-2.4.7.Final.jar:/root/.m2/repository/org/glassfish/jersey/containers/jersey-container-servlet-core/2.27/jersey-container-servlet-core-2.27.jar:/root/.m2/repository/org/glassfish/hk2/external/javax.inject/2.5.0-b42/javax.inject-2.5.0-b42.jar:/root/.m2/repository/org/glassfish/jersey/core/jersey-common/2.27/jersey-common-2.27.jar:/root/.m2/repository/org/glassfish/hk2/osgi-resource-locator/1.0.1/osgi-resource-locator-1.0.1.jar:/root/.m2/repository/javax/ws/rs/javax.ws.rs-api/2.1/javax.ws.rs-api-2.1.jar:/root/.m2/repository/org/glassfish/jersey/ext/cdi/jersey-cdi1x/2.27/jersey-cdi1x-2.27.jar:/root/.m2/repository/org/glassfish/jersey/inject/jersey-hk2/2.27/jersey-hk2-2.27.jar:/root/.m2/repository/org/glassfish/hk2/hk2-locator/2.5.0-b42/hk2-locator-2.5.0-b42.jar:/root/.m2/repository/org/javassist/javassist/3.22.0-CR2/javassist-3.22.0-CR2.jar:/root/.m2/repository/org/glassfish/hk2/hk2-api/2.5.0/hk2-api-2.5.0.jar:/root/.m2/repository/org/glassfish/hk2/external/jakarta.inject/2.5.0/jakarta.inject-2.5.0.jar:/root/.m2/repository/org/glassfish/hk2/hk2-utils/2.5.0/hk2-utils-2.5.0.jar:/root/.m2/repository/jakarta/annotation/jakarta.annotation-api/1.3.4/jakarta.annotation-api-1.3.4.jar:/root/.m2/repository/org/glassfish/hk2/external/aopalliance-repackaged/2.5.0/aopalliance-repackaged-2.5.0.jar:/root/.m2/repository/com/fasterxml/jackson/dataformat/jackson-dataformat-xml/2.9.0/jackson-dataformat-xml-2.9.0.jar:/root/.m2/repository/com/fasterxml/jackson/core/jackson-core/2.9.5/jackson-core-2.9.5.jar:/root/.m2/repository/com/fasterxml/jackson/module/jackson-module-jaxb-annotations/2.9.5/jackson-module-jaxb-annotations-2.9.5.jar:/root/.m2/repository/javax/enterprise/cdi-api/1.2/cdi-api-1.2.jar:/root/.m2/repository/javax/el/javax.el-api/3.0.0/javax.el-api-3.0.0.jar:/root/.m2/repository/javax/interceptor/javax.interceptor-api/1.2/javax.interceptor-api-1.2.jar:/root/.m2/repository/javax/inject/javax.inject/1/javax.inject-1.jar:/root/.m2/repository/com/sun/xml/bind/jaxb-impl/2.3.0.1/jaxb-impl-2.3.0.1.jar:/root/.m2/repository/com/sun/xml/bind/jaxb-core/2.3.0.1/jaxb-core-2.3.0.1.jar:/root/.m2/repository/javax/xml/bind/jaxb-api/2.3.0/jaxb-api-2.3.0.jar:/root/.m2/repository/javax/activation/activation/1.1.1/activation-1.1.1.jar:/root/.m2/repository/org/apache/hadoop/hadoop-ozone-csi/0.5.0-SNAPSHOT/hadoop-ozone-csi-0.5.0-SNAPSHOT.jar:/root/.m2/repository/com/google/protobuf/protobuf-java-util/3.5.1/protobuf-java-util-3.5.1.jar:/root/.m2/repository/org/apache/hadoop/hadoop-hdds-config/0.5.0-SNAPSHOT/hadoop-hdds-config-0.5.0-SNAPSHOT.jar:/root/.m2/repository/com/google/guava/guava/11.0.2/guava-11.0.2.jar:/root/.m2/repository/com/google/protobuf/protobuf-java/2.5.0/protobuf-java-2.5.0.jar:/root/.m2/repository/io/grpc/grpc-netty/1.17.1/grpc-netty-1.17.1.jar:/root/.m2/repository/io/grpc/grpc-core/1.17.1/grpc-core-1.17.1.jar:/root/.m2/repository/io/grpc/grpc-context/1.17.1/grpc-context-1.17.1.jar:/root/.m2/repository/com/google/errorprone/error_prone_annotations/2.2.0/error_prone_annotations-2.2.0.jar:/root/.m2/repository/org/codehaus/mojo/animal-sniffer-annotations/1.17/animal-sniffer-annotations-1.17.jar:/root/.m2/repository/io/opencensus/opencensus-api/0.17.0/opencensus-api-0.17.0.jar:/root/.m2/repository/io/opencensus/opencensus-contrib-grpc-metrics/0.17.0/opencensus-contrib-grpc-metrics-0.17.0.jar:/root/.m2/repository/io/netty/netty-codec-http2/4.1.30.Final/netty-codec-http2-4.1.30.Final.jar:/root/.m2/repository/io/netty/netty-codec-http/4.1.30.Final/netty-codec-http-4.1.30.Final.jar:/root/.m2/repository/io/netty/netty-codec/4.1.30.Final/netty-codec-4.1.30.Final.jar:/root/.m2/repository/io/netty/netty-handler/4.1.30.Final/netty-handler-4.1.30.Final.jar:/root/.m2/repository/io/netty/netty-handler-proxy/4.1.30.Final/netty-handler-proxy-4.1.30.Final.jar:/root/.m2/repository/io/netty/netty-codec-socks/4.1.30.Final/netty-codec-socks-4.1.30.Final.jar:/root/.m2/repository/io/netty/netty-transport-native-epoll/4.1.30.Final/netty-transport-native-epoll-4.1.30.Final.jar:/root/.m2/repository/io/netty/netty-common/4.1.30.Final/netty-common-4.1.30.Final.jar:/root/.m2/repository/io/netty/netty-buffer/4.1.30.Final/netty-buffer-4.1.30.Final.jar:/root/.m2/repository/io/netty/netty-transport/4.1.30.Final/netty-transport-4.1.30.Final.jar:/root/.m2/repository/io/netty/netty-resolver/4.1.30.Final/netty-resolver-4.1.30.Final.jar:/root/.m2/repository/io/netty/netty-transport-native-unix-common/4.1.30.Final/netty-transport-native-unix-common-4.1.30.Final.jar:/root/.m2/repository/io/grpc/grpc-protobuf/1.17.1/grpc-protobuf-1.17.1.jar:/root/.m2/repository/com/google/api/grpc/proto-google-common-protos/1.0.0/proto-google-common-protos-1.0.0.jar:/root/.m2/repository/io/grpc/grpc-protobuf-lite/1.17.1/grpc-protobuf-lite-1.17.1.jar:/root/.m2/repository/io/grpc/grpc-stub/1.17.1/grpc-stub-1.17.1.jar:/root/.m2/repository/org/apache/hadoop/hadoop-ozone-recon/0.5.0-SNAPSHOT/hadoop-ozone-recon-0.5.0-SNAPSHOT.jar:/root/.m2/repository/org/apache/hadoop/hadoop-ozone-reconcodegen/0.5.0-SNAPSHOT/hadoop-ozone-reconcodegen-0.5.0-SNAPSHOT.jar:/root/.m2/repository/com/google/inject/extensions/guice-multibindings/4.0/guice-multibindings-4.0.jar:/root/.m2/repository/com/google/inject/guice/4.0/guice-4.0.jar:/root/.m2/repository/aopalliance/aopalliance/1.0/aopalliance-1.0.jar:/root/.m2/repository/com/google/inject/extensions/guice-servlet/4.0/guice-servlet-4.0.jar:/root/.m2/repository/org/glassfish/jersey/containers/jersey-container-servlet/2.27/jersey-container-servlet-2.27.jar:/root/.m2/repository/org/glassfish/hk2/guice-bridge/2.5.0/guice-bridge-2.5.0.jar:/root/.m2/repository/org/glassfish/jersey/core/jersey-server/2.27/jersey-server-2.27.jar:/root/.m2/repository/org/glassfish/jersey/core/jersey-client/2.27/jersey-client-2.27.jar:/root/.m2/repository/org/glassfish/jersey/media/jersey-media-jaxb/2.27/jersey-media-jaxb-2.27.jar:/root/.m2/repository/javax/validation/validation-api/1.1.0.Final/validation-api-1.1.0.Final.jar:/root/.m2/repository/org/glassfish/jersey/media/jersey-media-json-jackson/2.27/jersey-media-json-jackson-2.27.jar:/root/.m2/repository/org/glassfish/jersey/ext/jersey-entity-filtering/2.27/jersey-entity-filtering-2.27.jar:/root/.m2/repository/com/google/inject/extensions/guice-assistedinject/4.0/guice-assistedinject-4.0.jar:/root/.m2/repository/org/jooq/jooq/3.11.10/jooq-3.11.10.jar:/root/.m2/repository/org/jooq/jooq-meta/3.11.10/jooq-meta-3.11.10.jar:/root/.m2/repository/org/jooq/jooq-codegen/3.11.10/jooq-codegen-3.11.10.jar:/root/.m2/repository/com/jolbox/bonecp/0.8.0.RELEASE/bonecp-0.8.0.RELEASE.jar:/root/.m2/repository/org/xerial/sqlite-jdbc/3.25.2/sqlite-jdbc-3.25.2.jar:/root/.m2/repository/org/springframework/spring-jdbc/5.1.3.RELEASE/spring-jdbc-5.1.3.RELEASE.jar:/root/.m2/repository/org/springframework/spring-beans/5.1.3.RELEASE/spring-beans-5.1.3.RELEASE.jar:/root/.m2/repository/org/springframework/spring-core/5.1.3.RELEASE/spring-core-5.1.3.RELEASE.jar:/root/.m2/repository/org/springframework/spring-jcl/5.1.3.RELEASE/spring-jcl-5.1.3.RELEASE.jar:/root/.m2/repository/org/springframework/spring-tx/5.1.3.RELEASE/spring-tx-5.1.3.RELEASE.jar:/root/.m2/repository/org/apache/hadoop/hadoop-ozone-client/0.5.0-SNAPSHOT/hadoop-ozone-client-0.5.0-SNAPSHOT.jar:/root/.m2/repository/org/apache/hadoop/hadoop-ozone-ozone-manager/0.5.0-SNAPSHOT/hadoop-ozone-ozone-manager-0.5.0-SNAPSHOT-tests.jar:/root/.m2/repository/junit/junit/4.11/junit-4.11.jar:/root/.m2/repository/org/hamcrest/hamcrest-core/1.3/hamcrest-core-1.3.jar:/root/.m2/repository/org/openjdk/jmh/jmh-core/1.19/jmh-core-1.19.jar:/root/.m2/repository/net/sf/jopt-simple/jopt-simple/4.6/jopt-simple-4.6.jar:/root/.m2/repository/org/apache/commons/commons-math3/3.1.1/commons-math3-3.1.1.jar:/root/.m2/repository/org/openjdk/jmh/jmh-generator-annprocess/1.19/jmh-generator-annprocess-1.19.jar:/root/.m2/repository/org/mockito/mockito-all/1.8.5/mockito-all-1.8.5.jar:/root/.m2/repository/org/apache/hadoop/hadoop-kms/3.2.0/hadoop-kms-3.2.0.jar:/root/.m2/repository/org/apache/hadoop/hadoop-auth/3.2.0/hadoop-auth-3.2.0.jar:/root/.m2/repository/com/nimbusds/nimbus-jose-jwt/4.41.1/nimbus-jose-jwt-4.41.1.jar:/root/.m2/repository/com/github/stephenc/jcip/jcip-annotations/1.0-1/jcip-annotations-1.0-1.jar:/root/.m2/repository/net/minidev/json-smart/2.3/json-smart-2.3.jar:/root/.m2/repository/net/minidev/accessors-smart/1.2/accessors-smart-1.2.jar:/root/.m2/repository/org/ow2/asm/asm/5.0.4/asm-5.0.4.jar:/root/.m2/repository/org/apache/curator/curator-framework/2.12.0/curator-framework-2.12.0.jar:/root/.m2/repository/com/sun/jersey/jersey-core/1.19/jersey-core-1.19.jar:/root/.m2/repository/javax/ws/rs/jsr311-api/1.1.1/jsr311-api-1.1.1.jar:/root/.m2/repository/com/sun/jersey/jersey-server/1.19/jersey-server-1.19.jar:/root/.m2/repository/javax/servlet/javax.servlet-api/3.1.0/javax.servlet-api-3.1.0.jar:/root/.m2/repository/org/eclipse/jetty/jetty-server/9.3.24.v20180605/jetty-server-9.3.24.v20180605.jar:/root/.m2/repository/org/eclipse/jetty/jetty-http/9.3.24.v20180605/jetty-http-9.3.24.v20180605.jar:/root/.m2/repository/org/eclipse/jetty/jetty-io/9.3.24.v20180605/jetty-io-9.3.24.v20180605.jar:/root/.m2/repository/org/eclipse/jetty/jetty-webapp/9.3.24.v20180605/jetty-webapp-9.3.24.v20180605.jar:/root/.m2/repository/org/eclipse/jetty/jetty-xml/9.3.24.v20180605/jetty-xml-9.3.24.v20180605.jar:/root/.m2/repository/log4j/log4j/1.2.17/log4j-1.2.17.jar:/root/.m2/repository/org/slf4j/slf4j-api/1.7.25/slf4j-api-1.7.25.jar:/root/.m2/repository/org/slf4j/jul-to-slf4j/1.7.25/jul-to-slf4j-1.7.25.jar:/root/.m2/repository/org/eclipse/jetty/jetty-util/9.3.24.v20180605/jetty-util-9.3.24.v20180605.jar:/root/.m2/repository/io/dropwizard/metrics/metrics-core/3.2.4/metrics-core-3.2.4.jar:/root/.m2/repository/com/fasterxml/jackson/core/jackson-databind/2.9.5/jackson-databind-2.9.5.jar:/root/.m2/repository/org/apache/hadoop/hadoop-kms/3.2.0/hadoop-kms-3.2.0-tests.jar:/root/.m2/repository/org/apache/hadoop/hadoop-hdds-server-scm/0.5.0-SNAPSHOT/hadoop-hdds-server-scm-0.5.0-SNAPSHOT-tests.jar:/root/.m2/repository/org/hamcrest/hamcrest-all/1.3/hamcrest-all-1.3.jar:/root/.m2/repository/info/picocli/picocli/3.9.6/picocli-3.9.6.jar:/root/.m2/repository/org/apache/hadoop/hadoop-hdds-container-service/0.5.0-SNAPSHOT/hadoop-hdds-container-service-0.5.0-SNAPSHOT-tests.jar:/root/.m2/repository/org/yaml/snakeyaml/1.16/snakeyaml-1.16.jar:/root/.m2/repository/org/apache/hadoop/hadoop-common/3.2.0/hadoop-common-3.2.0-tests.jar:/root/.m2/repository/org/apache/hadoop/hadoop-annotations/3.2.0/hadoop-annotations-3.2.0.jar:/usr/lib/jvm/java-1.8-openjdk/jre/../lib/tools.jar:/root/.m2/repository/commons-cli/commons-cli/1.2/commons-cli-1.2.jar:/root/.m2/repository/org/apache/httpcomponents/httpclient/4.5.2/httpclient-4.5.2.jar:/root/.m2/repository/org/apache/httpcomponents/httpcore/4.4.4/httpcore-4.4.4.jar:/root/.m2/repository/commons-codec/commons-codec/1.11/commons-codec-1.11.jar:/root/.m2/repository/commons-net/commons-net/3.6/commons-net-3.6.jar:/root/.m2/repository/commons-collections/commons-collections/3.2.2/commons-collections-3.2.2.jar:/root/.m2/repository/org/eclipse/jetty/jetty-servlet/9.3.24.v20180605/jetty-servlet-9.3.24.v20180605.jar:/root/.m2/repository/org/eclipse/jetty/jetty-security/9.3.24.v20180605/jetty-security-9.3.24.v20180605.jar:/root/.m2/repository/javax/servlet/jsp/jsp-api/2.1/jsp-api-2.1.jar:/root/.m2/repository/com/sun/jersey/jersey-servlet/1.19/jersey-servlet-1.19.jar:/root/.m2/repository/com/sun/jersey/jersey-json/1.19/jersey-json-1.19.jar:/root/.m2/repository/org/codehaus/jettison/jettison/1.1/jettison-1.1.jar:/root/.m2/repository/org/codehaus/jackson/jackson-core-asl/1.9.13/jackson-core-asl-1.9.13.jar:/root/.m2/repository/org/codehaus/jackson/jackson-mapper-asl/1.9.13/jackson-mapper-asl-1.9.13.jar:/root/.m2/repository/org/codehaus/jackson/jackson-jaxrs/1.9.13/jackson-jaxrs-1.9.13.jar:/root/.m2/repository/org/codehaus/jackson/jackson-xc/1.9.13/jackson-xc-1.9.13.jar:/root/.m2/repository/commons-logging/commons-logging/1.1.3/commons-logging-1.1.3.jar:/root/.m2/repository/commons-beanutils/commons-beanutils/1.9.3/commons-beanutils-1.9.3.jar:/root/.m2/repository/org/apache/commons/commons-configuration2/2.1.1/commons-configuration2-2.1.1.jar:/root/.m2/repository/org/apache/commons/commons-lang3/3.7/commons-lang3-3.7.jar:/root/.m2/repository/org/apache/commons/commons-text/1.4/commons-text-1.4.jar:/root/.m2/repository/org/apache/avro/avro/1.7.7/avro-1.7.7.jar:/root/.m2/repository/com/thoughtworks/paranamer/paranamer/2.3/paranamer-2.3.jar:/root/.m2/repository/org/xerial/snappy/snappy-java/1.0.5/snappy-java-1.0.5.jar:/root/.m2/repository/com/google/re2j/re2j/1.1/re2j-1.1.jar:/root/.m2/repository/com/google/code/gson/gson/2.2.4/gson-2.2.4.jar:/root/.m2/repository/com/jcraft/jsch/0.1.54/jsch-0.1.54.jar:/root/.m2/repository/org/apache/curator/curator-client/2.12.0/curator-client-2.12.0.jar:/root/.m2/repository/org/apache/curator/curator-recipes/2.12.0/curator-recipes-2.12.0.jar:/root/.m2/repository/com/google/code/findbugs/jsr305/3.0.0/jsr305-3.0.0.jar:/root/.m2/repository/org/apache/htrace/htrace-core4/4.1.0-incubating/htrace-core4-4.1.0-incubating.jar:/root/.m2/repository/org/apache/zookeeper/zookeeper/3.4.13/zookeeper-3.4.13.jar:/root/.m2/repository/org/apache/yetus/audience-annotations/0.5.0/audience-annotations-0.5.0.jar:/root/.m2/repository/org/codehaus/woodstox/stax2-api/3.1.4/stax2-api-3.1.4.jar:/root/.m2/repository/com/fasterxml/woodstox/woodstox-core/5.0.3/woodstox-core-5.0.3.jar:/root/.m2/repository/dnsjava/dnsjava/2.1.7/dnsjava-2.1.7.jar:/root/.m2/repository/org/apache/hadoop/hadoop-hdfs/3.2.0/hadoop-hdfs-3.2.0-tests.jar:/root/.m2/repository/org/eclipse/jetty/jetty-util-ajax/9.3.24.v20180605/jetty-util-ajax-9.3.24.v20180605.jar:/root/.m2/repository/commons-daemon/commons-daemon/1.0.13/commons-daemon-1.0.13.jar:/root/.m2/repository/io/netty/netty/3.10.5.Final/netty-3.10.5.Final.jar:/root/.m2/repository/io/netty/netty-all/4.0.52.Final/netty-all-4.0.52.Final.jar:/root/.m2/repository/org/fusesource/leveldbjni/leveldbjni-all/1.8/leveldbjni-all-1.8.jar:"/>
    <property name="java.vm.vendor" value="IcedTea"/>
    <property name="sun.arch.data.model" value="64"/>
    <property name="test.build.dir" value="/opt/src/hadoop-ozone/integration-test/target/test-dir"/>
    <property name="test.cache.data" value=""/>
    <property name="java.vendor.url" value="https://icedtea.classpath.org"/>
    <property name="user.timezone" value=""/>
    <property name="java.vm.specification.version" value="1.8"/>
    <property name="os.name" value="Linux"/>
    <property name="test.build.data" value="/opt/src/hadoop-ozone/integration-test/target/test-dir"/>
    <property name="user.country" value="US"/>
    <property name="sun.java.launcher" value="SUN_STANDARD"/>
    <property name="sun.boot.library.path" value="/usr/lib/jvm/java-1.8-openjdk/jre/lib/amd64"/>
    <property name="sun.java.command" value="/opt/src/hadoop-ozone/integration-test/target/surefire/surefirebooter7416352197349872474.jar /opt/src/hadoop-ozone/integration-test/target/surefire 2019-06-14T01-52-36_775-jvmRun1 surefire4447624114938539255tmp surefire_127693641938630624048tmp"/>
    <property name="surefire.test.class.path" value="/opt/src/hadoop-ozone/integration-test/target/test-classes:/opt/src/hadoop-ozone/integration-test/target/classes:/root/.m2/repository/org/apache/hadoop/hadoop-ozone-common/0.5.0-SNAPSHOT/hadoop-ozone-common-0.5.0-SNAPSHOT.jar:/root/.m2/repository/org/apache/commons/commons-compress/1.4.1/commons-compress-1.4.1.jar:/root/.m2/repository/org/tukaani/xz/1.0/xz-1.0.jar:/root/.m2/repository/org/apache/hadoop/hadoop-common/3.2.0/hadoop-common-3.2.0.jar:/root/.m2/repository/org/apache/hadoop/hadoop-hdfs/3.2.0/hadoop-hdfs-3.2.0.jar:/root/.m2/repository/org/apache/hadoop/hadoop-hdfs-client/3.2.0/hadoop-hdfs-client-3.2.0.jar:/root/.m2/repository/com/fasterxml/jackson/core/jackson-annotations/2.9.5/jackson-annotations-2.9.5.jar:/root/.m2/repository/org/apache/hadoop/hadoop-hdds-common/0.5.0-SNAPSHOT/hadoop-hdds-common-0.5.0-SNAPSHOT.jar:/root/.m2/repository/javax/annotation/javax.annotation-api/1.2/javax.annotation-api-1.2.jar:/root/.m2/repository/org/apache/ratis/ratis-server/0.4.0-fe2b15d-SNAPSHOT/ratis-server-0.4.0-fe2b15d-SNAPSHOT.jar:/root/.m2/repository/org/apache/ratis/ratis-thirdparty-misc/0.2.0/ratis-thirdparty-misc-0.2.0.jar:/root/.m2/repository/org/apache/ratis/ratis-proto/0.4.0-fe2b15d-SNAPSHOT/ratis-proto-0.4.0-fe2b15d-SNAPSHOT.jar:/root/.m2/repository/org/apache/ratis/ratis-common/0.4.0-fe2b15d-SNAPSHOT/ratis-common-0.4.0-fe2b15d-SNAPSHOT.jar:/root/.m2/repository/org/apache/ratis/ratis-client/0.4.0-fe2b15d-SNAPSHOT/ratis-client-0.4.0-fe2b15d-SNAPSHOT.jar:/root/.m2/repository/org/apache/ratis/ratis-netty/0.4.0-fe2b15d-SNAPSHOT/ratis-netty-0.4.0-fe2b15d-SNAPSHOT.jar:/root/.m2/repository/org/apache/ratis/ratis-grpc/0.4.0-fe2b15d-SNAPSHOT/ratis-grpc-0.4.0-fe2b15d-SNAPSHOT.jar:/root/.m2/repository/org/rocksdb/rocksdbjni/5.14.2/rocksdbjni-5.14.2.jar:/root/.m2/repository/org/apache/logging/log4j/log4j-api/2.11.0/log4j-api-2.11.0.jar:/root/.m2/repository/org/apache/logging/log4j/log4j-core/2.11.0/log4j-core-2.11.0.jar:/root/.m2/repository/com/lmax/disruptor/3.4.2/disruptor-3.4.2.jar:/root/.m2/repository/org/apache/commons/commons-pool2/2.6.0/commons-pool2-2.6.0.jar:/root/.m2/repository/org/bouncycastle/bcpkix-jdk15on/1.60/bcpkix-jdk15on-1.60.jar:/root/.m2/repository/commons-validator/commons-validator/1.6/commons-validator-1.6.jar:/root/.m2/repository/commons-digester/commons-digester/1.8.1/commons-digester-1.8.1.jar:/root/.m2/repository/io/jaegertracing/jaeger-client/0.33.1/jaeger-client-0.33.1.jar:/root/.m2/repository/io/jaegertracing/jaeger-thrift/0.33.1/jaeger-thrift-0.33.1.jar:/root/.m2/repository/org/apache/thrift/libthrift/0.11.0/libthrift-0.11.0.jar:/root/.m2/repository/com/squareup/okhttp3/okhttp/3.9.0/okhttp-3.9.0.jar:/root/.m2/repository/com/squareup/okio/okio/1.13.0/okio-1.13.0.jar:/root/.m2/repository/io/jaegertracing/jaeger-core/0.33.1/jaeger-core-0.33.1.jar:/root/.m2/repository/io/jaegertracing/jaeger-tracerresolver/0.33.1/jaeger-tracerresolver-0.33.1.jar:/root/.m2/repository/io/opentracing/contrib/opentracing-tracerresolver/0.1.5/opentracing-tracerresolver-0.1.5.jar:/root/.m2/repository/io/opentracing/opentracing-util/0.31.0/opentracing-util-0.31.0.jar:/root/.m2/repository/io/opentracing/opentracing-api/0.31.0/opentracing-api-0.31.0.jar:/root/.m2/repository/io/opentracing/opentracing-noop/0.31.0/opentracing-noop-0.31.0.jar:/root/.m2/repository/org/apache/hadoop/hadoop-hdds-server-framework/0.5.0-SNAPSHOT/hadoop-hdds-server-framework-0.5.0-SNAPSHOT.jar:/root/.m2/repository/org/apache/hadoop/hadoop-hdds-server-scm/0.5.0-SNAPSHOT/hadoop-hdds-server-scm-0.5.0-SNAPSHOT.jar:/root/.m2/repository/org/apache/hadoop/hadoop-hdds-container-service/0.5.0-SNAPSHOT/hadoop-hdds-container-service-0.5.0-SNAPSHOT.jar:/root/.m2/repository/org/apache/hadoop/hadoop-hdds-client/0.5.0-SNAPSHOT/hadoop-hdds-client-0.5.0-SNAPSHOT.jar:/root/.m2/repository/org/apache/hadoop/hadoop-hdds-tools/0.5.0-SNAPSHOT/hadoop-hdds-tools-0.5.0-SNAPSHOT.jar:/root/.m2/repository/org/apache/hadoop/hadoop-ozone-ozone-manager/0.5.0-SNAPSHOT/hadoop-ozone-ozone-manager-0.5.0-SNAPSHOT.jar:/root/.m2/repository/org/apache/hadoop/hadoop-hdds-docs/0.5.0-SNAPSHOT/hadoop-hdds-docs-0.5.0-SNAPSHOT.jar:/root/.m2/repository/org/bouncycastle/bcprov-jdk15on/1.60/bcprov-jdk15on-1.60.jar:/root/.m2/repository/org/apache/hadoop/hadoop-minikdc/3.2.0/hadoop-minikdc-3.2.0.jar:/root/.m2/repository/commons-io/commons-io/2.5/commons-io-2.5.jar:/root/.m2/repository/org/apache/kerby/kerb-simplekdc/1.0.1/kerb-simplekdc-1.0.1.jar:/root/.m2/repository/org/apache/kerby/kerb-client/1.0.1/kerb-client-1.0.1.jar:/root/.m2/repository/org/apache/kerby/kerby-config/1.0.1/kerby-config-1.0.1.jar:/root/.m2/repository/org/apache/kerby/kerb-core/1.0.1/kerb-core-1.0.1.jar:/root/.m2/repository/org/apache/kerby/kerby-pkix/1.0.1/kerby-pkix-1.0.1.jar:/root/.m2/repository/org/apache/kerby/kerby-asn1/1.0.1/kerby-asn1-1.0.1.jar:/root/.m2/repository/org/apache/kerby/kerby-util/1.0.1/kerby-util-1.0.1.jar:/root/.m2/repository/org/apache/kerby/kerb-common/1.0.1/kerb-common-1.0.1.jar:/root/.m2/repository/org/apache/kerby/kerb-crypto/1.0.1/kerb-crypto-1.0.1.jar:/root/.m2/repository/org/apache/kerby/kerb-util/1.0.1/kerb-util-1.0.1.jar:/root/.m2/repository/org/apache/kerby/token-provider/1.0.1/token-provider-1.0.1.jar:/root/.m2/repository/org/apache/kerby/kerb-admin/1.0.1/kerb-admin-1.0.1.jar:/root/.m2/repository/org/apache/kerby/kerb-server/1.0.1/kerb-server-1.0.1.jar:/root/.m2/repository/org/apache/kerby/kerb-identity/1.0.1/kerb-identity-1.0.1.jar:/root/.m2/repository/org/apache/kerby/kerby-xdr/1.0.1/kerby-xdr-1.0.1.jar:/root/.m2/repository/org/slf4j/slf4j-log4j12/1.7.25/slf4j-log4j12-1.7.25.jar:/root/.m2/repository/org/apache/hadoop/hadoop-ozone-objectstore-service/0.5.0-SNAPSHOT/hadoop-ozone-objectstore-service-0.5.0-SNAPSHOT.jar:/root/.m2/repository/org/apache/hadoop/hadoop-ozone-s3gateway/0.5.0-SNAPSHOT/hadoop-ozone-s3gateway-0.5.0-SNAPSHOT.jar:/root/.m2/repository/org/jboss/weld/servlet/weld-servlet/2.4.7.Final/weld-servlet-2.4.7.Final.jar:/root/.m2/repository/org/glassfish/jersey/containers/jersey-container-servlet-core/2.27/jersey-container-servlet-core-2.27.jar:/root/.m2/repository/org/glassfish/hk2/external/javax.inject/2.5.0-b42/javax.inject-2.5.0-b42.jar:/root/.m2/repository/org/glassfish/jersey/core/jersey-common/2.27/jersey-common-2.27.jar:/root/.m2/repository/org/glassfish/hk2/osgi-resource-locator/1.0.1/osgi-resource-locator-1.0.1.jar:/root/.m2/repository/javax/ws/rs/javax.ws.rs-api/2.1/javax.ws.rs-api-2.1.jar:/root/.m2/repository/org/glassfish/jersey/ext/cdi/jersey-cdi1x/2.27/jersey-cdi1x-2.27.jar:/root/.m2/repository/org/glassfish/jersey/inject/jersey-hk2/2.27/jersey-hk2-2.27.jar:/root/.m2/repository/org/glassfish/hk2/hk2-locator/2.5.0-b42/hk2-locator-2.5.0-b42.jar:/root/.m2/repository/org/javassist/javassist/3.22.0-CR2/javassist-3.22.0-CR2.jar:/root/.m2/repository/org/glassfish/hk2/hk2-api/2.5.0/hk2-api-2.5.0.jar:/root/.m2/repository/org/glassfish/hk2/external/jakarta.inject/2.5.0/jakarta.inject-2.5.0.jar:/root/.m2/repository/org/glassfish/hk2/hk2-utils/2.5.0/hk2-utils-2.5.0.jar:/root/.m2/repository/jakarta/annotation/jakarta.annotation-api/1.3.4/jakarta.annotation-api-1.3.4.jar:/root/.m2/repository/org/glassfish/hk2/external/aopalliance-repackaged/2.5.0/aopalliance-repackaged-2.5.0.jar:/root/.m2/repository/com/fasterxml/jackson/dataformat/jackson-dataformat-xml/2.9.0/jackson-dataformat-xml-2.9.0.jar:/root/.m2/repository/com/fasterxml/jackson/core/jackson-core/2.9.5/jackson-core-2.9.5.jar:/root/.m2/repository/com/fasterxml/jackson/module/jackson-module-jaxb-annotations/2.9.5/jackson-module-jaxb-annotations-2.9.5.jar:/root/.m2/repository/javax/enterprise/cdi-api/1.2/cdi-api-1.2.jar:/root/.m2/repository/javax/el/javax.el-api/3.0.0/javax.el-api-3.0.0.jar:/root/.m2/repository/javax/interceptor/javax.interceptor-api/1.2/javax.interceptor-api-1.2.jar:/root/.m2/repository/javax/inject/javax.inject/1/javax.inject-1.jar:/root/.m2/repository/com/sun/xml/bind/jaxb-impl/2.3.0.1/jaxb-impl-2.3.0.1.jar:/root/.m2/repository/com/sun/xml/bind/jaxb-core/2.3.0.1/jaxb-core-2.3.0.1.jar:/root/.m2/repository/javax/xml/bind/jaxb-api/2.3.0/jaxb-api-2.3.0.jar:/root/.m2/repository/javax/activation/activation/1.1.1/activation-1.1.1.jar:/root/.m2/repository/org/apache/hadoop/hadoop-ozone-csi/0.5.0-SNAPSHOT/hadoop-ozone-csi-0.5.0-SNAPSHOT.jar:/root/.m2/repository/com/google/protobuf/protobuf-java-util/3.5.1/protobuf-java-util-3.5.1.jar:/root/.m2/repository/org/apache/hadoop/hadoop-hdds-config/0.5.0-SNAPSHOT/hadoop-hdds-config-0.5.0-SNAPSHOT.jar:/root/.m2/repository/com/google/guava/guava/11.0.2/guava-11.0.2.jar:/root/.m2/repository/com/google/protobuf/protobuf-java/2.5.0/protobuf-java-2.5.0.jar:/root/.m2/repository/io/grpc/grpc-netty/1.17.1/grpc-netty-1.17.1.jar:/root/.m2/repository/io/grpc/grpc-core/1.17.1/grpc-core-1.17.1.jar:/root/.m2/repository/io/grpc/grpc-context/1.17.1/grpc-context-1.17.1.jar:/root/.m2/repository/com/google/errorprone/error_prone_annotations/2.2.0/error_prone_annotations-2.2.0.jar:/root/.m2/repository/org/codehaus/mojo/animal-sniffer-annotations/1.17/animal-sniffer-annotations-1.17.jar:/root/.m2/repository/io/opencensus/opencensus-api/0.17.0/opencensus-api-0.17.0.jar:/root/.m2/repository/io/opencensus/opencensus-contrib-grpc-metrics/0.17.0/opencensus-contrib-grpc-metrics-0.17.0.jar:/root/.m2/repository/io/netty/netty-codec-http2/4.1.30.Final/netty-codec-http2-4.1.30.Final.jar:/root/.m2/repository/io/netty/netty-codec-http/4.1.30.Final/netty-codec-http-4.1.30.Final.jar:/root/.m2/repository/io/netty/netty-codec/4.1.30.Final/netty-codec-4.1.30.Final.jar:/root/.m2/repository/io/netty/netty-handler/4.1.30.Final/netty-handler-4.1.30.Final.jar:/root/.m2/repository/io/netty/netty-handler-proxy/4.1.30.Final/netty-handler-proxy-4.1.30.Final.jar:/root/.m2/repository/io/netty/netty-codec-socks/4.1.30.Final/netty-codec-socks-4.1.30.Final.jar:/root/.m2/repository/io/netty/netty-transport-native-epoll/4.1.30.Final/netty-transport-native-epoll-4.1.30.Final.jar:/root/.m2/repository/io/netty/netty-common/4.1.30.Final/netty-common-4.1.30.Final.jar:/root/.m2/repository/io/netty/netty-buffer/4.1.30.Final/netty-buffer-4.1.30.Final.jar:/root/.m2/repository/io/netty/netty-transport/4.1.30.Final/netty-transport-4.1.30.Final.jar:/root/.m2/repository/io/netty/netty-resolver/4.1.30.Final/netty-resolver-4.1.30.Final.jar:/root/.m2/repository/io/netty/netty-transport-native-unix-common/4.1.30.Final/netty-transport-native-unix-common-4.1.30.Final.jar:/root/.m2/repository/io/grpc/grpc-protobuf/1.17.1/grpc-protobuf-1.17.1.jar:/root/.m2/repository/com/google/api/grpc/proto-google-common-protos/1.0.0/proto-google-common-protos-1.0.0.jar:/root/.m2/repository/io/grpc/grpc-protobuf-lite/1.17.1/grpc-protobuf-lite-1.17.1.jar:/root/.m2/repository/io/grpc/grpc-stub/1.17.1/grpc-stub-1.17.1.jar:/root/.m2/repository/org/apache/hadoop/hadoop-ozone-recon/0.5.0-SNAPSHOT/hadoop-ozone-recon-0.5.0-SNAPSHOT.jar:/root/.m2/repository/org/apache/hadoop/hadoop-ozone-reconcodegen/0.5.0-SNAPSHOT/hadoop-ozone-reconcodegen-0.5.0-SNAPSHOT.jar:/root/.m2/repository/com/google/inject/extensions/guice-multibindings/4.0/guice-multibindings-4.0.jar:/root/.m2/repository/com/google/inject/guice/4.0/guice-4.0.jar:/root/.m2/repository/aopalliance/aopalliance/1.0/aopalliance-1.0.jar:/root/.m2/repository/com/google/inject/extensions/guice-servlet/4.0/guice-servlet-4.0.jar:/root/.m2/repository/org/glassfish/jersey/containers/jersey-container-servlet/2.27/jersey-container-servlet-2.27.jar:/root/.m2/repository/org/glassfish/hk2/guice-bridge/2.5.0/guice-bridge-2.5.0.jar:/root/.m2/repository/org/glassfish/jersey/core/jersey-server/2.27/jersey-server-2.27.jar:/root/.m2/repository/org/glassfish/jersey/core/jersey-client/2.27/jersey-client-2.27.jar:/root/.m2/repository/org/glassfish/jersey/media/jersey-media-jaxb/2.27/jersey-media-jaxb-2.27.jar:/root/.m2/repository/javax/validation/validation-api/1.1.0.Final/validation-api-1.1.0.Final.jar:/root/.m2/repository/org/glassfish/jersey/media/jersey-media-json-jackson/2.27/jersey-media-json-jackson-2.27.jar:/root/.m2/repository/org/glassfish/jersey/ext/jersey-entity-filtering/2.27/jersey-entity-filtering-2.27.jar:/root/.m2/repository/com/google/inject/extensions/guice-assistedinject/4.0/guice-assistedinject-4.0.jar:/root/.m2/repository/org/jooq/jooq/3.11.10/jooq-3.11.10.jar:/root/.m2/repository/org/jooq/jooq-meta/3.11.10/jooq-meta-3.11.10.jar:/root/.m2/repository/org/jooq/jooq-codegen/3.11.10/jooq-codegen-3.11.10.jar:/root/.m2/repository/com/jolbox/bonecp/0.8.0.RELEASE/bonecp-0.8.0.RELEASE.jar:/root/.m2/repository/org/xerial/sqlite-jdbc/3.25.2/sqlite-jdbc-3.25.2.jar:/root/.m2/repository/org/springframework/spring-jdbc/5.1.3.RELEASE/spring-jdbc-5.1.3.RELEASE.jar:/root/.m2/repository/org/springframework/spring-beans/5.1.3.RELEASE/spring-beans-5.1.3.RELEASE.jar:/root/.m2/repository/org/springframework/spring-core/5.1.3.RELEASE/spring-core-5.1.3.RELEASE.jar:/root/.m2/repository/org/springframework/spring-jcl/5.1.3.RELEASE/spring-jcl-5.1.3.RELEASE.jar:/root/.m2/repository/org/springframework/spring-tx/5.1.3.RELEASE/spring-tx-5.1.3.RELEASE.jar:/root/.m2/repository/org/apache/hadoop/hadoop-ozone-client/0.5.0-SNAPSHOT/hadoop-ozone-client-0.5.0-SNAPSHOT.jar:/root/.m2/repository/org/apache/hadoop/hadoop-ozone-ozone-manager/0.5.0-SNAPSHOT/hadoop-ozone-ozone-manager-0.5.0-SNAPSHOT-tests.jar:/root/.m2/repository/junit/junit/4.11/junit-4.11.jar:/root/.m2/repository/org/hamcrest/hamcrest-core/1.3/hamcrest-core-1.3.jar:/root/.m2/repository/org/openjdk/jmh/jmh-core/1.19/jmh-core-1.19.jar:/root/.m2/repository/net/sf/jopt-simple/jopt-simple/4.6/jopt-simple-4.6.jar:/root/.m2/repository/org/apache/commons/commons-math3/3.1.1/commons-math3-3.1.1.jar:/root/.m2/repository/org/openjdk/jmh/jmh-generator-annprocess/1.19/jmh-generator-annprocess-1.19.jar:/root/.m2/repository/org/mockito/mockito-all/1.8.5/mockito-all-1.8.5.jar:/root/.m2/repository/org/apache/hadoop/hadoop-kms/3.2.0/hadoop-kms-3.2.0.jar:/root/.m2/repository/org/apache/hadoop/hadoop-auth/3.2.0/hadoop-auth-3.2.0.jar:/root/.m2/repository/com/nimbusds/nimbus-jose-jwt/4.41.1/nimbus-jose-jwt-4.41.1.jar:/root/.m2/repository/com/github/stephenc/jcip/jcip-annotations/1.0-1/jcip-annotations-1.0-1.jar:/root/.m2/repository/net/minidev/json-smart/2.3/json-smart-2.3.jar:/root/.m2/repository/net/minidev/accessors-smart/1.2/accessors-smart-1.2.jar:/root/.m2/repository/org/ow2/asm/asm/5.0.4/asm-5.0.4.jar:/root/.m2/repository/org/apache/curator/curator-framework/2.12.0/curator-framework-2.12.0.jar:/root/.m2/repository/com/sun/jersey/jersey-core/1.19/jersey-core-1.19.jar:/root/.m2/repository/javax/ws/rs/jsr311-api/1.1.1/jsr311-api-1.1.1.jar:/root/.m2/repository/com/sun/jersey/jersey-server/1.19/jersey-server-1.19.jar:/root/.m2/repository/javax/servlet/javax.servlet-api/3.1.0/javax.servlet-api-3.1.0.jar:/root/.m2/repository/org/eclipse/jetty/jetty-server/9.3.24.v20180605/jetty-server-9.3.24.v20180605.jar:/root/.m2/repository/org/eclipse/jetty/jetty-http/9.3.24.v20180605/jetty-http-9.3.24.v20180605.jar:/root/.m2/repository/org/eclipse/jetty/jetty-io/9.3.24.v20180605/jetty-io-9.3.24.v20180605.jar:/root/.m2/repository/org/eclipse/jetty/jetty-webapp/9.3.24.v20180605/jetty-webapp-9.3.24.v20180605.jar:/root/.m2/repository/org/eclipse/jetty/jetty-xml/9.3.24.v20180605/jetty-xml-9.3.24.v20180605.jar:/root/.m2/repository/log4j/log4j/1.2.17/log4j-1.2.17.jar:/root/.m2/repository/org/slf4j/slf4j-api/1.7.25/slf4j-api-1.7.25.jar:/root/.m2/repository/org/slf4j/jul-to-slf4j/1.7.25/jul-to-slf4j-1.7.25.jar:/root/.m2/repository/org/eclipse/jetty/jetty-util/9.3.24.v20180605/jetty-util-9.3.24.v20180605.jar:/root/.m2/repository/io/dropwizard/metrics/metrics-core/3.2.4/metrics-core-3.2.4.jar:/root/.m2/repository/com/fasterxml/jackson/core/jackson-databind/2.9.5/jackson-databind-2.9.5.jar:/root/.m2/repository/org/apache/hadoop/hadoop-kms/3.2.0/hadoop-kms-3.2.0-tests.jar:/root/.m2/repository/org/apache/hadoop/hadoop-hdds-server-scm/0.5.0-SNAPSHOT/hadoop-hdds-server-scm-0.5.0-SNAPSHOT-tests.jar:/root/.m2/repository/org/hamcrest/hamcrest-all/1.3/hamcrest-all-1.3.jar:/root/.m2/repository/info/picocli/picocli/3.9.6/picocli-3.9.6.jar:/root/.m2/repository/org/apache/hadoop/hadoop-hdds-container-service/0.5.0-SNAPSHOT/hadoop-hdds-container-service-0.5.0-SNAPSHOT-tests.jar:/root/.m2/repository/org/yaml/snakeyaml/1.16/snakeyaml-1.16.jar:/root/.m2/repository/org/apache/hadoop/hadoop-common/3.2.0/hadoop-common-3.2.0-tests.jar:/root/.m2/repository/org/apache/hadoop/hadoop-annotations/3.2.0/hadoop-annotations-3.2.0.jar:/usr/lib/jvm/java-1.8-openjdk/jre/../lib/tools.jar:/root/.m2/repository/commons-cli/commons-cli/1.2/commons-cli-1.2.jar:/root/.m2/repository/org/apache/httpcomponents/httpclient/4.5.2/httpclient-4.5.2.jar:/root/.m2/repository/org/apache/httpcomponents/httpcore/4.4.4/httpcore-4.4.4.jar:/root/.m2/repository/commons-codec/commons-codec/1.11/commons-codec-1.11.jar:/root/.m2/repository/commons-net/commons-net/3.6/commons-net-3.6.jar:/root/.m2/repository/commons-collections/commons-collections/3.2.2/commons-collections-3.2.2.jar:/root/.m2/repository/org/eclipse/jetty/jetty-servlet/9.3.24.v20180605/jetty-servlet-9.3.24.v20180605.jar:/root/.m2/repository/org/eclipse/jetty/jetty-security/9.3.24.v20180605/jetty-security-9.3.24.v20180605.jar:/root/.m2/repository/javax/servlet/jsp/jsp-api/2.1/jsp-api-2.1.jar:/root/.m2/repository/com/sun/jersey/jersey-servlet/1.19/jersey-servlet-1.19.jar:/root/.m2/repository/com/sun/jersey/jersey-json/1.19/jersey-json-1.19.jar:/root/.m2/repository/org/codehaus/jettison/jettison/1.1/jettison-1.1.jar:/root/.m2/repository/org/codehaus/jackson/jackson-core-asl/1.9.13/jackson-core-asl-1.9.13.jar:/root/.m2/repository/org/codehaus/jackson/jackson-mapper-asl/1.9.13/jackson-mapper-asl-1.9.13.jar:/root/.m2/repository/org/codehaus/jackson/jackson-jaxrs/1.9.13/jackson-jaxrs-1.9.13.jar:/root/.m2/repository/org/codehaus/jackson/jackson-xc/1.9.13/jackson-xc-1.9.13.jar:/root/.m2/repository/commons-logging/commons-logging/1.1.3/commons-logging-1.1.3.jar:/root/.m2/repository/commons-beanutils/commons-beanutils/1.9.3/commons-beanutils-1.9.3.jar:/root/.m2/repository/org/apache/commons/commons-configuration2/2.1.1/commons-configuration2-2.1.1.jar:/root/.m2/repository/org/apache/commons/commons-lang3/3.7/commons-lang3-3.7.jar:/root/.m2/repository/org/apache/commons/commons-text/1.4/commons-text-1.4.jar:/root/.m2/repository/org/apache/avro/avro/1.7.7/avro-1.7.7.jar:/root/.m2/repository/com/thoughtworks/paranamer/paranamer/2.3/paranamer-2.3.jar:/root/.m2/repository/org/xerial/snappy/snappy-java/1.0.5/snappy-java-1.0.5.jar:/root/.m2/repository/com/google/re2j/re2j/1.1/re2j-1.1.jar:/root/.m2/repository/com/google/code/gson/gson/2.2.4/gson-2.2.4.jar:/root/.m2/repository/com/jcraft/jsch/0.1.54/jsch-0.1.54.jar:/root/.m2/repository/org/apache/curator/curator-client/2.12.0/curator-client-2.12.0.jar:/root/.m2/repository/org/apache/curator/curator-recipes/2.12.0/curator-recipes-2.12.0.jar:/root/.m2/repository/com/google/code/findbugs/jsr305/3.0.0/jsr305-3.0.0.jar:/root/.m2/repository/org/apache/htrace/htrace-core4/4.1.0-incubating/htrace-core4-4.1.0-incubating.jar:/root/.m2/repository/org/apache/zookeeper/zookeeper/3.4.13/zookeeper-3.4.13.jar:/root/.m2/repository/org/apache/yetus/audience-annotations/0.5.0/audience-annotations-0.5.0.jar:/root/.m2/repository/org/codehaus/woodstox/stax2-api/3.1.4/stax2-api-3.1.4.jar:/root/.m2/repository/com/fasterxml/woodstox/woodstox-core/5.0.3/woodstox-core-5.0.3.jar:/root/.m2/repository/dnsjava/dnsjava/2.1.7/dnsjava-2.1.7.jar:/root/.m2/repository/org/apache/hadoop/hadoop-hdfs/3.2.0/hadoop-hdfs-3.2.0-tests.jar:/root/.m2/repository/org/eclipse/jetty/jetty-util-ajax/9.3.24.v20180605/jetty-util-ajax-9.3.24.v20180605.jar:/root/.m2/repository/commons-daemon/commons-daemon/1.0.13/commons-daemon-1.0.13.jar:/root/.m2/repository/io/netty/netty/3.10.5.Final/netty-3.10.5.Final.jar:/root/.m2/repository/io/netty/netty-all/4.0.52.Final/netty-all-4.0.52.Final.jar:/root/.m2/repository/org/fusesource/leveldbjni/leveldbjni-all/1.8/leveldbjni-all-1.8.jar:"/>
    <property name="sun.cpu.endian" value="little"/>
    <property name="user.home" value="/root"/>
    <property name="user.language" value="en"/>
    <property name="java.specification.vendor" value="Oracle Corporation"/>
    <property name="java.home" value="/usr/lib/jvm/java-1.8-openjdk/jre"/>
    <property name="java.security.krb5.conf" value="/opt/src/hadoop-ozone/integration-test/target/test-classes/krb5.conf"/>
    <property name="basedir" value="/opt/src/hadoop-ozone/integration-test"/>
    <property name="file.separator" value="/"/>
    <property name="line.separator" value="&#10;"/>
    <property name="java.vm.specification.vendor" value="Oracle Corporation"/>
    <property name="java.specification.name" value="Java Platform API Specification"/>
    <property name="java.awt.graphicsenv" value="sun.awt.X11GraphicsEnvironment"/>
    <property name="surefire.real.class.path" value="/opt/src/hadoop-ozone/integration-test/target/surefire/surefirebooter7416352197349872474.jar"/>
    <property name="hadoop.log.dir" value="/opt/src/hadoop-ozone/integration-test/target/log"/>
    <property name="sun.boot.class.path" value="/usr/lib/jvm/java-1.8-openjdk/jre/lib/resources.jar:/usr/lib/jvm/java-1.8-openjdk/jre/lib/rt.jar:/usr/lib/jvm/java-1.8-openjdk/jre/lib/sunrsasign.jar:/usr/lib/jvm/java-1.8-openjdk/jre/lib/jsse.jar:/usr/lib/jvm/java-1.8-openjdk/jre/lib/jce.jar:/usr/lib/jvm/java-1.8-openjdk/jre/lib/charsets.jar:/usr/lib/jvm/java-1.8-openjdk/jre/lib/jfr.jar:/usr/lib/jvm/java-1.8-openjdk/jre/classes"/>
    <property name="sun.management.compiler" value="HotSpot 64-Bit Tiered Compilers"/>
    <property name="java.runtime.version" value="1.8.0_212-b04"/>
    <property name="java.net.preferIPv4Stack" value="true"/>
    <property name="user.name" value="root"/>
    <property name="path.separator" value=":"/>
    <property name="java.security.egd" value="file:///dev/urandom"/>
    <property name="os.version" value="4.15.0-1021-aws"/>
    <property name="java.endorsed.dirs" value="/usr/lib/jvm/java-1.8-openjdk/jre/lib/endorsed"/>
    <property name="java.runtime.name" value="OpenJDK Runtime Environment"/>
    <property name="file.encoding" value="UTF-8"/>
    <property name="java.vm.name" value="OpenJDK 64-Bit Server VM"/>
    <property name="test.build.webapps" value=""/>
    <property name="localRepository" value="/root/.m2/repository"/>
    <property name="java.vendor.url.bug" value="https://icedtea.classpath.org/bugzilla"/>
    <property name="java.io.tmpdir" value="/tmp"/>
    <property name="require.test.libhadoop" value=""/>
    <property name="java.version" value="1.8.0_212"/>
    <property name="user.dir" value="/opt/src/hadoop-ozone/integration-test"/>
    <property name="os.arch" value="amd64"/>
    <property name="java.vm.specification.name" value="Java Virtual Machine Specification"/>
    <property name="test.build.classes" value="/opt/src/hadoop-ozone/integration-test/target/test-classes"/>
    <property name="java.awt.printerjob" value="sun.print.PSPrinterJob"/>
    <property name="sun.os.patch.level" value="unknown"/>
    <property name="hadoop.tmp.dir" value="/opt/src/hadoop-ozone/integration-test/target/tmp"/>
    <property name="java.library.path" value="/usr/lib/jvm/java-1.8-openjdk/jre/lib/amd64/server:/usr/lib/jvm/java-1.8-openjdk/jre/lib/amd64:/usr/lib/jvm/java-1.8-openjdk/jre/../lib/amd64:/opt/src/hadoop-ozone/integration-test/target/native/target/usr/local/lib:/opt/src/hadoop-ozone/integration-test/../../hadoop-common-project/hadoop-common/target/native/target/usr/local/lib:/usr/java/packages/lib/amd64:/usr/lib64:/lib64:/lib:/usr/lib"/>
    <property name="java.vm.info" value="mixed mode"/>
    <property name="java.vendor" value="IcedTea"/>
    <property name="java.vm.version" value="25.212-b04"/>
    <property name="java.ext.dirs" value="/usr/lib/jvm/java-1.8-openjdk/jre/lib/ext:/usr/java/packages/lib/ext"/>
    <property name="sun.io.unicode.encoding" value="UnicodeLittle"/>
    <property name="java.class.version" value="52.0"/>
  </properties>
  <testcase name="testPipelineExclusionWithPipelineFailure" classname="org.apache.hadoop.ozone.client.rpc.TestFailureHandlingByClient" time="23.605"/>
  <testcase name="testContainerExclusionWithClosedContainerException" classname="org.apache.hadoop.ozone.client.rpc.TestFailureHandlingByClient" time="10.154"/>
  <testcase name="testWriteSmallFile" classname="org.apache.hadoop.ozone.client.rpc.TestFailureHandlingByClient" time="16.041"/>
  <testcase name="testMultiBlockWritesWithIntermittentDnFailures" classname="org.apache.hadoop.ozone.client.rpc.TestFailureHandlingByClient" time="11.86">
    <failure message="expected:&lt;6&gt; but was:&lt;4&gt;" type="java.lang.AssertionError"><![CDATA[java.lang.AssertionError: expected:<6> but was:<4>
	at org.junit.Assert.fail(Assert.java:88)
	at org.junit.Assert.failNotEquals(Assert.java:743)
	at org.junit.Assert.assertEquals(Assert.java:118)
	at org.junit.Assert.assertEquals(Assert.java:555)
	at org.junit.Assert.assertEquals(Assert.java:542)
	at org.apache.hadoop.ozone.client.rpc.TestFailureHandlingByClient.testMultiBlockWritesWithIntermittentDnFailures(TestFailureHandlingByClient.java:221)
	at sun.reflect.NativeMethodAccessorImpl.invoke0(Native Method)
	at sun.reflect.NativeMethodAccessorImpl.invoke(NativeMethodAccessorImpl.java:62)
	at sun.reflect.DelegatingMethodAccessorImpl.invoke(DelegatingMethodAccessorImpl.java:43)
	at java.lang.reflect.Method.invoke(Method.java:498)
	at org.junit.runners.model.FrameworkMethod$1.runReflectiveCall(FrameworkMethod.java:47)
	at org.junit.internal.runners.model.ReflectiveCallable.run(ReflectiveCallable.java:12)
	at org.junit.runners.model.FrameworkMethod.invokeExplosively(FrameworkMethod.java:44)
	at org.junit.internal.runners.statements.InvokeMethod.evaluate(InvokeMethod.java:17)
	at org.junit.runners.ParentRunner.runLeaf(ParentRunner.java:271)
	at org.junit.runners.BlockJUnit4ClassRunner.runChild(BlockJUnit4ClassRunner.java:70)
	at org.junit.runners.BlockJUnit4ClassRunner.runChild(BlockJUnit4ClassRunner.java:50)
	at org.junit.runners.ParentRunner$3.run(ParentRunner.java:238)
	at org.junit.runners.ParentRunner$1.schedule(ParentRunner.java:63)
	at org.junit.runners.ParentRunner.runChildren(ParentRunner.java:236)
	at org.junit.runners.ParentRunner.access$000(ParentRunner.java:53)
	at org.junit.runners.ParentRunner$2.evaluate(ParentRunner.java:229)
	at org.junit.runners.ParentRunner.run(ParentRunner.java:309)
	at org.apache.maven.surefire.junit4.JUnit4Provider.execute(JUnit4Provider.java:365)
	at org.apache.maven.surefire.junit4.JUnit4Provider.executeWithRerun(JUnit4Provider.java:273)
	at org.apache.maven.surefire.junit4.JUnit4Provider.executeTestSet(JUnit4Provider.java:238)
	at org.apache.maven.surefire.junit4.JUnit4Provider.invoke(JUnit4Provider.java:159)
	at org.apache.maven.surefire.booter.ForkedBooter.invokeProviderInSameClassLoader(ForkedBooter.java:384)
	at org.apache.maven.surefire.booter.ForkedBooter.runSuitesInProcess(ForkedBooter.java:345)
	at org.apache.maven.surefire.booter.ForkedBooter.execute(ForkedBooter.java:126)
	at org.apache.maven.surefire.booter.ForkedBooter.main(ForkedBooter.java:418)
]]></failure>
    <system-out><![CDATA[2019-06-14 01:58:20,475 WARN  server.ServerUtils (ServerUtils.java:getScmDbDir(145)) - ozone.scm.db.dirs is not configured. We recommend adding this setting. Falling back to ozone.metadata.dirs instead.
2019-06-14 01:58:20,479 WARN  server.ServerUtils (ServerUtils.java:getScmDbDir(145)) - ozone.scm.db.dirs is not configured. We recommend adding this setting. Falling back to ozone.metadata.dirs instead.
2019-06-14 01:58:20,479 WARN  server.ServerUtils (ServerUtils.java:getScmDbDir(145)) - ozone.scm.db.dirs is not configured. We recommend adding this setting. Falling back to ozone.metadata.dirs instead.
2019-06-14 01:58:20,479 INFO  db.DBStoreBuilder (DBStoreBuilder.java:addTable(110)) - using custom profile for table: deletedBlocks
2019-06-14 01:58:20,479 INFO  db.DBStoreBuilder (DBStoreBuilder.java:processTables(161)) - Using default column profile:DBProfile.DISK for Table:deletedBlocks
2019-06-14 01:58:20,479 INFO  db.DBStoreBuilder (DBStoreBuilder.java:addTable(110)) - using custom profile for table: validCerts
2019-06-14 01:58:20,480 INFO  db.DBStoreBuilder (DBStoreBuilder.java:processTables(161)) - Using default column profile:DBProfile.DISK for Table:validCerts
2019-06-14 01:58:20,480 INFO  db.DBStoreBuilder (DBStoreBuilder.java:addTable(110)) - using custom profile for table: revokedCerts
2019-06-14 01:58:20,480 INFO  db.DBStoreBuilder (DBStoreBuilder.java:processTables(161)) - Using default column profile:DBProfile.DISK for Table:revokedCerts
2019-06-14 01:58:20,480 INFO  db.DBStoreBuilder (DBStoreBuilder.java:addTable(110)) - using custom profile for table: default
2019-06-14 01:58:20,480 INFO  db.DBStoreBuilder (DBStoreBuilder.java:processTables(167)) - Using default column profile:DBProfile.DISK for Table:default
2019-06-14 01:58:20,480 INFO  db.DBStoreBuilder (DBStoreBuilder.java:getDbProfile(198)) - Using default options. DBProfile.DISK
2019-06-14 01:58:20,517 INFO  node.SCMNodeManager (SCMNodeManager.java:<init>(108)) - Entering startup safe mode.
2019-06-14 01:58:20,518 INFO  net.NodeSchemaLoader (NodeSchemaLoader.java:loadSchemaFromFile(125)) - Loading file from sun.misc.CompoundEnumeration@5b6f3d0b
2019-06-14 01:58:20,518 INFO  net.NodeSchemaLoader (NodeSchemaLoader.java:loadSchema(171)) - Loading network topology layer schema file
2019-06-14 01:58:20,521 WARN  server.ServerUtils (ServerUtils.java:getScmDbDir(145)) - ozone.scm.db.dirs is not configured. We recommend adding this setting. Falling back to ozone.metadata.dirs instead.
2019-06-14 01:58:20,533 INFO  pipeline.SCMPipelineManager (SCMPipelineManager.java:initializePipelineState(126)) - No pipeline exists in current db
2019-06-14 01:58:20,533 WARN  server.ServerUtils (ServerUtils.java:getScmDbDir(145)) - ozone.scm.db.dirs is not configured. We recommend adding this setting. Falling back to ozone.metadata.dirs instead.
2019-06-14 01:58:20,546 WARN  events.EventQueue (EventQueue.java:fireEvent(175)) - No event handler registered for event TypedEvent{payloadType=SafeModeStatus, name='SafeModeStatus'}
2019-06-14 01:58:20,547 INFO  ipc.CallQueueManager (CallQueueManager.java:<init>(84)) - Using callQueue: class java.util.concurrent.LinkedBlockingQueue, queueCapacity: 2000, scheduler: class org.apache.hadoop.ipc.DefaultRpcScheduler, ipcBackoff: false.
2019-06-14 01:58:20,547 INFO  ipc.Server (Server.java:run(1074)) - Starting Socket Reader #1 for port 35421
2019-06-14 01:58:20,548 INFO  ipc.CallQueueManager (CallQueueManager.java:<init>(84)) - Using callQueue: class java.util.concurrent.LinkedBlockingQueue, queueCapacity: 2000, scheduler: class org.apache.hadoop.ipc.DefaultRpcScheduler, ipcBackoff: false.
2019-06-14 01:58:20,550 INFO  ipc.Server (Server.java:run(1074)) - Starting Socket Reader #1 for port 40067
2019-06-14 01:58:20,551 INFO  ipc.CallQueueManager (CallQueueManager.java:<init>(84)) - Using callQueue: class java.util.concurrent.LinkedBlockingQueue, queueCapacity: 2000, scheduler: class org.apache.hadoop.ipc.DefaultRpcScheduler, ipcBackoff: false.
2019-06-14 01:58:20,553 INFO  ipc.Server (Server.java:run(1074)) - Starting Socket Reader #1 for port 41865
2019-06-14 01:58:20,556 INFO  hdfs.DFSUtil (DFSUtil.java:httpServerTemplateForNNAndJN(1641)) - Starting Web-server for scm at: http://0.0.0.0:0
2019-06-14 01:58:20,557 INFO  server.AuthenticationFilter (AuthenticationFilter.java:constructSecretProvider(240)) - Unable to initialize FileSignerSecretProvider, falling back to use random secrets.
2019-06-14 01:58:20,557 WARN  http.HttpRequestLog (HttpRequestLog.java:getRequestLog(97)) - Jetty request log can only be enabled using Log4j
2019-06-14 01:58:20,559 INFO  http.HttpServer2 (HttpServer2.java:addGlobalFilter(975)) - Added global filter 'safety' (class=org.apache.hadoop.http.HttpServer2$QuotingInputFilter)
2019-06-14 01:58:20,559 INFO  http.HttpServer2 (HttpServer2.java:addFilter(948)) - Added filter static_user_filter (class=org.apache.hadoop.http.lib.StaticUserWebFilter$StaticUserFilter) to context scm
2019-06-14 01:58:20,559 INFO  http.HttpServer2 (HttpServer2.java:addFilter(958)) - Added filter static_user_filter (class=org.apache.hadoop.http.lib.StaticUserWebFilter$StaticUserFilter) to context logs
2019-06-14 01:58:20,559 INFO  http.HttpServer2 (HttpServer2.java:addFilter(958)) - Added filter static_user_filter (class=org.apache.hadoop.http.lib.StaticUserWebFilter$StaticUserFilter) to context static
2019-06-14 01:58:20,563 INFO  server.StorageContainerManager (StorageContainerManager.java:start(752)) - StorageContainerLocationProtocol RPC server is listening at /0.0.0.0:41865
2019-06-14 01:58:20,563 INFO  impl.MetricsSystemImpl (MetricsSystemImpl.java:init(158)) - StorageContainerManager metrics system started (again)
2019-06-14 01:58:20,565 INFO  server.SCMClientProtocolServer (SCMClientProtocolServer.java:start(149)) - RPC server for Client  is listening at /0.0.0.0:41865
2019-06-14 01:58:20,566 INFO  ipc.Server (Server.java:run(1314)) - IPC Server Responder: starting
2019-06-14 01:58:20,566 INFO  ipc.Server (Server.java:run(1153)) - IPC Server listener on 41865: starting
2019-06-14 01:58:20,585 INFO  server.StorageContainerManager (StorageContainerManager.java:start(761)) - ScmBlockLocationProtocol RPC server is listening at /0.0.0.0:40067
2019-06-14 01:58:20,585 INFO  server.SCMBlockProtocolServer (SCMBlockProtocolServer.java:start(137)) - RPC server for Block Protocol is listening at /0.0.0.0:40067
2019-06-14 01:58:20,585 INFO  ipc.Server (Server.java:run(1314)) - IPC Server Responder: starting
2019-06-14 01:58:20,586 INFO  ipc.Server (Server.java:run(1153)) - IPC Server listener on 40067: starting
2019-06-14 01:58:20,588 INFO  server.StorageContainerManager (StorageContainerManager.java:start(765)) - ScmDatanodeProtocl RPC server is listening at /0.0.0.0:35421
2019-06-14 01:58:20,588 INFO  server.SCMDatanodeProtocolServer (SCMDatanodeProtocolServer.java:start(191)) - RPC server for DataNodes is listening at /0.0.0.0:35421
2019-06-14 01:58:20,589 INFO  ipc.Server (Server.java:run(1314)) - IPC Server Responder: starting
2019-06-14 01:58:20,589 INFO  ipc.Server (Server.java:run(1153)) - IPC Server listener on 35421: starting
2019-06-14 01:58:20,591 INFO  http.HttpServer2 (HttpServer2.java:bindListener(1191)) - Jetty bound to port 42095
2019-06-14 01:58:20,591 INFO  server.Server (Server.java:doStart(351)) - jetty-9.3.24.v20180605, build timestamp: 2018-06-05T17:11:56Z, git hash: 84205aa28f11a4f31f2a3b86d1bba2cc8ab69827
2019-06-14 01:58:20,592 INFO  handler.ContextHandler (ContextHandler.java:doStart(781)) - Started o.e.j.s.ServletContextHandler@2e847e71{/logs,file:///opt/src/hadoop-ozone/integration-test/target/log,AVAILABLE}
2019-06-14 01:58:20,593 INFO  handler.ContextHandler (ContextHandler.java:doStart(781)) - Started o.e.j.s.ServletContextHandler@6d87253e{/static,file:///opt/src/hadoop-ozone/integration-test/target/test-classes/webapps/static,AVAILABLE}
2019-06-14 01:58:20,596 INFO  handler.ContextHandler (ContextHandler.java:doStart(781)) - Started o.e.j.w.WebAppContext@3fe5ad73{/,file:///opt/src/hadoop-ozone/integration-test/target/test-classes/webapps/scm/,AVAILABLE}{/scm}
2019-06-14 01:58:20,605 INFO  server.AbstractConnector (AbstractConnector.java:doStart(278)) - Started ServerConnector@f83d121{HTTP/1.1,[http/1.1]}{0.0.0.0:42095}
2019-06-14 01:58:20,605 INFO  server.Server (Server.java:doStart(419)) - Started @50269ms
2019-06-14 01:58:20,606 INFO  server.BaseHttpServer (BaseHttpServer.java:updateConnectorAddress(207)) - HTTP server of SCM is listening at http://0.0.0.0:42095
2019-06-14 01:58:20,607 WARN  scm.ScmUtils (ScmUtils.java:getDBPath(63)) - ozone.om.db.dirs is not configured. We recommend adding this setting. Falling back to ozone.metadata.dirs instead.
2019-06-14 01:58:20,607 INFO  util.JvmPauseMonitor (JvmPauseMonitor.java:run(188)) - Starting JVM pause monitor
2019-06-14 01:58:20,609 WARN  scm.ScmUtils (ScmUtils.java:getDBPath(63)) - ozone.om.db.dirs is not configured. We recommend adding this setting. Falling back to ozone.metadata.dirs instead.
2019-06-14 01:58:20,609 INFO  om.OzoneManager (OzoneManager.java:setOMNodeDetails(519)) - OM Service ID is not set. Setting it to the default ID: omServiceIdDefault
2019-06-14 01:58:20,609 INFO  om.OzoneManager (OzoneManager.java:setOMNodeDetails(525)) - OM Node ID is not set. Setting it to the OmStorage's OmID: a1198eaf-8e97-4789-b39f-86c64b663084
2019-06-14 01:58:20,610 WARN  scm.HddsServerUtil (HddsServerUtil.java:getDefaultRatisDirectory(354)) - Storage directory for Ratis is not configured. It is a good idea to map this to an SSD disk. Falling back to ozone.metadata.dirs
2019-06-14 01:58:20,610 WARN  scm.HddsServerUtil (HddsServerUtil.java:getDefaultRatisDirectory(354)) - Storage directory for Ratis is not configured. It is a good idea to map this to an SSD disk. Falling back to ozone.metadata.dirs
2019-06-14 01:58:20,610 INFO  om.OzoneManager (OzoneManager.java:loadOMHAConfigs(476)) - Found matching OM address with OMServiceId: null, OMNodeId: null, RPC Address: localhost:0 and Ratis port: 9872
2019-06-14 01:58:20,615 WARN  scm.ScmUtils (ScmUtils.java:getDBPath(63)) - ozone.om.db.dirs is not configured. We recommend adding this setting. Falling back to ozone.metadata.dirs instead.
2019-06-14 01:58:20,615 INFO  db.DBStoreBuilder (DBStoreBuilder.java:addTable(110)) - using custom profile for table: userTable
2019-06-14 01:58:20,615 INFO  db.DBStoreBuilder (DBStoreBuilder.java:processTables(161)) - Using default column profile:DBProfile.DISK for Table:userTable
2019-06-14 01:58:20,615 INFO  db.DBStoreBuilder (DBStoreBuilder.java:addTable(110)) - using custom profile for table: volumeTable
2019-06-14 01:58:20,615 INFO  db.DBStoreBuilder (DBStoreBuilder.java:processTables(161)) - Using default column profile:DBProfile.DISK for Table:volumeTable
2019-06-14 01:58:20,616 INFO  db.DBStoreBuilder (DBStoreBuilder.java:addTable(110)) - using custom profile for table: bucketTable
2019-06-14 01:58:20,616 INFO  db.DBStoreBuilder (DBStoreBuilder.java:processTables(161)) - Using default column profile:DBProfile.DISK for Table:bucketTable
2019-06-14 01:58:20,616 INFO  db.DBStoreBuilder (DBStoreBuilder.java:addTable(110)) - using custom profile for table: keyTable
2019-06-14 01:58:20,616 INFO  db.DBStoreBuilder (DBStoreBuilder.java:processTables(161)) - Using default column profile:DBProfile.DISK for Table:keyTable
2019-06-14 01:58:20,616 INFO  db.DBStoreBuilder (DBStoreBuilder.java:addTable(110)) - using custom profile for table: deletedTable
2019-06-14 01:58:20,617 INFO  db.DBStoreBuilder (DBStoreBuilder.java:processTables(161)) - Using default column profile:DBProfile.DISK for Table:deletedTable
2019-06-14 01:58:20,617 INFO  db.DBStoreBuilder (DBStoreBuilder.java:addTable(110)) - using custom profile for table: openKeyTable
2019-06-14 01:58:20,617 INFO  db.DBStoreBuilder (DBStoreBuilder.java:processTables(161)) - Using default column profile:DBProfile.DISK for Table:openKeyTable
2019-06-14 01:58:20,617 INFO  db.DBStoreBuilder (DBStoreBuilder.java:addTable(110)) - using custom profile for table: s3Table
2019-06-14 01:58:20,617 INFO  db.DBStoreBuilder (DBStoreBuilder.java:processTables(161)) - Using default column profile:DBProfile.DISK for Table:s3Table
2019-06-14 01:58:20,617 INFO  db.DBStoreBuilder (DBStoreBuilder.java:addTable(110)) - using custom profile for table: multipartInfoTable
2019-06-14 01:58:20,618 INFO  db.DBStoreBuilder (DBStoreBuilder.java:processTables(161)) - Using default column profile:DBProfile.DISK for Table:multipartInfoTable
2019-06-14 01:58:20,618 INFO  db.DBStoreBuilder (DBStoreBuilder.java:addTable(110)) - using custom profile for table: dTokenTable
2019-06-14 01:58:20,618 INFO  db.DBStoreBuilder (DBStoreBuilder.java:processTables(161)) - Using default column profile:DBProfile.DISK for Table:dTokenTable
2019-06-14 01:58:20,618 INFO  db.DBStoreBuilder (DBStoreBuilder.java:addTable(110)) - using custom profile for table: s3SecretTable
2019-06-14 01:58:20,618 INFO  db.DBStoreBuilder (DBStoreBuilder.java:processTables(161)) - Using default column profile:DBProfile.DISK for Table:s3SecretTable
2019-06-14 01:58:20,618 INFO  db.DBStoreBuilder (DBStoreBuilder.java:addTable(110)) - using custom profile for table: prefixTable
2019-06-14 01:58:20,619 INFO  db.DBStoreBuilder (DBStoreBuilder.java:processTables(161)) - Using default column profile:DBProfile.DISK for Table:prefixTable
2019-06-14 01:58:20,619 INFO  db.DBStoreBuilder (DBStoreBuilder.java:addTable(110)) - using custom profile for table: default
2019-06-14 01:58:20,619 INFO  db.DBStoreBuilder (DBStoreBuilder.java:processTables(167)) - Using default column profile:DBProfile.DISK for Table:default
2019-06-14 01:58:20,619 INFO  db.DBStoreBuilder (DBStoreBuilder.java:getDbProfile(198)) - Using default options. DBProfile.DISK
2019-06-14 01:58:20,744 INFO  ipc.CallQueueManager (CallQueueManager.java:<init>(84)) - Using callQueue: class java.util.concurrent.LinkedBlockingQueue, queueCapacity: 2000, scheduler: class org.apache.hadoop.ipc.DefaultRpcScheduler, ipcBackoff: false.
2019-06-14 01:58:20,744 INFO  ipc.Server (Server.java:run(1074)) - Starting Socket Reader #1 for port 39519
2019-06-14 01:58:20,757 WARN  scm.ScmUtils (ScmUtils.java:getDBPath(63)) - ozone.om.db.dirs is not configured. We recommend adding this setting. Falling back to ozone.metadata.dirs instead.
2019-06-14 01:58:20,757 INFO  om.OzoneManager (OzoneManager.java:start(1217)) - OzoneManager RPC server is listening at localhost/127.0.0.1:39519
2019-06-14 01:58:20,757 INFO  impl.MetricsSystemImpl (MetricsSystemImpl.java:init(158)) - OzoneManager metrics system started (again)
2019-06-14 01:58:20,757 INFO  ipc.Server (Server.java:run(1314)) - IPC Server Responder: starting
2019-06-14 01:58:20,757 INFO  ipc.Server (Server.java:run(1153)) - IPC Server listener on 39519: starting
2019-06-14 01:58:20,768 INFO  hdfs.DFSUtil (DFSUtil.java:httpServerTemplateForNNAndJN(1641)) - Starting Web-server for ozoneManager at: http://0.0.0.0:0
2019-06-14 01:58:20,768 INFO  server.AuthenticationFilter (AuthenticationFilter.java:constructSecretProvider(240)) - Unable to initialize FileSignerSecretProvider, falling back to use random secrets.
2019-06-14 01:58:20,769 WARN  http.HttpRequestLog (HttpRequestLog.java:getRequestLog(97)) - Jetty request log can only be enabled using Log4j
2019-06-14 01:58:20,770 INFO  http.HttpServer2 (HttpServer2.java:addGlobalFilter(975)) - Added global filter 'safety' (class=org.apache.hadoop.http.HttpServer2$QuotingInputFilter)
2019-06-14 01:58:20,770 INFO  http.HttpServer2 (HttpServer2.java:addFilter(948)) - Added filter static_user_filter (class=org.apache.hadoop.http.lib.StaticUserWebFilter$StaticUserFilter) to context ozoneManager
2019-06-14 01:58:20,771 INFO  http.HttpServer2 (HttpServer2.java:addFilter(958)) - Added filter static_user_filter (class=org.apache.hadoop.http.lib.StaticUserWebFilter$StaticUserFilter) to context logs
2019-06-14 01:58:20,771 INFO  http.HttpServer2 (HttpServer2.java:addFilter(958)) - Added filter static_user_filter (class=org.apache.hadoop.http.lib.StaticUserWebFilter$StaticUserFilter) to context static
2019-06-14 01:58:20,771 INFO  http.HttpServer2 (HttpServer2.java:bindListener(1191)) - Jetty bound to port 42057
2019-06-14 01:58:20,771 INFO  server.Server (Server.java:doStart(351)) - jetty-9.3.24.v20180605, build timestamp: 2018-06-05T17:11:56Z, git hash: 84205aa28f11a4f31f2a3b86d1bba2cc8ab69827
2019-06-14 01:58:20,773 INFO  handler.ContextHandler (ContextHandler.java:doStart(781)) - Started o.e.j.s.ServletContextHandler@5d04fbb7{/logs,file:///opt/src/hadoop-ozone/integration-test/target/log,AVAILABLE}
2019-06-14 01:58:20,774 INFO  handler.ContextHandler (ContextHandler.java:doStart(781)) - Started o.e.j.s.ServletContextHandler@5c7e55a4{/static,file:///opt/src/hadoop-ozone/integration-test/target/test-classes/webapps/static,AVAILABLE}
2019-06-14 01:58:20,776 INFO  handler.ContextHandler (ContextHandler.java:doStart(781)) - Started o.e.j.w.WebAppContext@4a86be01{/,file:///opt/src/hadoop-ozone/integration-test/target/test-classes/webapps/ozoneManager/,AVAILABLE}{/ozoneManager}
2019-06-14 01:58:20,776 INFO  server.AbstractConnector (AbstractConnector.java:doStart(278)) - Started ServerConnector@3cae4518{HTTP/1.1,[http/1.1]}{0.0.0.0:42057}
2019-06-14 01:58:20,777 INFO  server.Server (Server.java:doStart(419)) - Started @50440ms
2019-06-14 01:58:20,777 INFO  server.BaseHttpServer (BaseHttpServer.java:updateConnectorAddress(207)) - HTTP server of OZONEMANAGER is listening at http://0.0.0.0:42057
2019-06-14 01:58:20,787 INFO  impl.MetricsSystemImpl (MetricsSystemImpl.java:init(158)) - HddsDatanode metrics system started (again)
2019-06-14 01:58:20,787 INFO  ozone.HddsDatanodeService (HddsDatanodeService.java:start(185)) - HddsDatanodeService host:ozone-s4hr9-797773889 ip:192.168.46.36
2019-06-14 01:58:20,793 INFO  volume.HddsVolume (HddsVolume.java:<init>(176)) - Creating Volume: /opt/src/hadoop-ozone/integration-test/target/test-dir/MiniOzoneClusterImpl-5aead1ab-9ab4-494b-8dc0-694975ff814d/datanode-0/data/containers/hdds of  storage type : DISK and capacity : 104021790720
2019-06-14 01:58:20,793 INFO  volume.VolumeSet (VolumeSet.java:initializeVolumeSet(170)) - Added Volume : /opt/src/hadoop-ozone/integration-test/target/test-dir/MiniOzoneClusterImpl-5aead1ab-9ab4-494b-8dc0-694975ff814d/datanode-0/data/containers/hdds to VolumeSet
2019-06-14 01:58:20,793 INFO  volume.ThrottledAsyncChecker (ThrottledAsyncChecker.java:schedule(140)) - Scheduling a check for org.apache.hadoop.ozone.container.common.volume.HddsVolume@61d8a491
2019-06-14 01:58:20,794 INFO  volume.HddsVolumeChecker (HddsVolumeChecker.java:checkAllVolumes(203)) - Scheduled health check for volume org.apache.hadoop.ozone.container.common.volume.HddsVolume@61d8a491
2019-06-14 01:58:20,805 INFO  ratis.XceiverServerRatis (XceiverServerRatis.java:newXceiverServerRatis(401)) - Found a free port for the server : 43321
2019-06-14 01:58:20,806 INFO  impl.RaftServerProxy (ConfUtils.java:logGet(43)) - raft.rpc.type = GRPC (default)
2019-06-14 01:58:20,806 INFO  grpc.GrpcConfigKeys$Server (ConfUtils.java:logGet(43)) - raft.grpc.server.port = 43321 (custom)
2019-06-14 01:58:20,806 INFO  server.GrpcService (ConfUtils.java:logGet(43)) - raft.grpc.message.size.max = 33570816 (custom)
2019-06-14 01:58:20,807 INFO  server.RaftServerConfigKeys (ConfUtils.java:logGet(43)) - raft.server.log.appender.buffer.byte-limit = 33554432 (custom)
2019-06-14 01:58:20,807 INFO  server.GrpcService (ConfUtils.java:logGet(43)) - raft.grpc.flow.control.window = 1MB (=1048576) (default)
2019-06-14 01:58:20,807 INFO  server.RaftServerConfigKeys (ConfUtils.java:logGet(43)) - raft.server.rpc.request.timeout = 3000ms (default)
2019-06-14 01:58:20,807 INFO  server.RaftServerConfigKeys (ConfUtils.java:logGet(43)) - raft.server.storage.dir = [/opt/src/hadoop-ozone/integration-test/target/test-dir/MiniOzoneClusterImpl-5aead1ab-9ab4-494b-8dc0-694975ff814d/datanode-0/data/ratis] (custom)
2019-06-14 01:58:20,808 INFO  server.XceiverServerGrpc (XceiverServerGrpc.java:<init>(97)) - Found a free port for the server : 38597
2019-06-14 01:58:20,808 INFO  replication.SimpleContainerDownloader (SimpleContainerDownloader.java:<init>(72)) - Starting container downloader service to copy containers to replicate.
2019-06-14 01:58:20,809 INFO  hdfs.DFSUtil (DFSUtil.java:httpServerTemplateForNNAndJN(1641)) - Starting Web-server for hddsDatanode at: http://0.0.0.0:0
2019-06-14 01:58:20,810 INFO  server.AuthenticationFilter (AuthenticationFilter.java:constructSecretProvider(240)) - Unable to initialize FileSignerSecretProvider, falling back to use random secrets.
2019-06-14 01:58:20,814 WARN  http.HttpRequestLog (HttpRequestLog.java:getRequestLog(97)) - Jetty request log can only be enabled using Log4j
2019-06-14 01:58:20,815 INFO  http.HttpServer2 (HttpServer2.java:addGlobalFilter(975)) - Added global filter 'safety' (class=org.apache.hadoop.http.HttpServer2$QuotingInputFilter)
2019-06-14 01:58:20,815 INFO  http.HttpServer2 (HttpServer2.java:addFilter(948)) - Added filter static_user_filter (class=org.apache.hadoop.http.lib.StaticUserWebFilter$StaticUserFilter) to context hddsDatanode
2019-06-14 01:58:20,815 INFO  http.HttpServer2 (HttpServer2.java:addFilter(958)) - Added filter static_user_filter (class=org.apache.hadoop.http.lib.StaticUserWebFilter$StaticUserFilter) to context static
2019-06-14 01:58:20,815 INFO  http.HttpServer2 (HttpServer2.java:addFilter(958)) - Added filter static_user_filter (class=org.apache.hadoop.http.lib.StaticUserWebFilter$StaticUserFilter) to context logs
2019-06-14 01:58:20,816 INFO  http.HttpServer2 (HttpServer2.java:bindListener(1191)) - Jetty bound to port 34841
2019-06-14 01:58:20,816 INFO  server.Server (Server.java:doStart(351)) - jetty-9.3.24.v20180605, build timestamp: 2018-06-05T17:11:56Z, git hash: 84205aa28f11a4f31f2a3b86d1bba2cc8ab69827
2019-06-14 01:58:20,838 INFO  handler.ContextHandler (ContextHandler.java:doStart(781)) - Started o.e.j.s.ServletContextHandler@7d7a8d23{/logs,file:///opt/src/hadoop-ozone/integration-test/target/log,AVAILABLE}
2019-06-14 01:58:20,838 INFO  handler.ContextHandler (ContextHandler.java:doStart(781)) - Started o.e.j.s.ServletContextHandler@59ec5a0b{/static,jar:file:/root/.m2/repository/org/apache/hadoop/hadoop-hdds-container-service/0.5.0-SNAPSHOT/hadoop-hdds-container-service-0.5.0-SNAPSHOT.jar!/webapps/static,AVAILABLE}
2019-06-14 01:58:20,859 INFO  handler.ContextHandler (ContextHandler.java:doStart(781)) - Started o.e.j.w.WebAppContext@1322b542{/,file:///tmp/jetty-0.0.0.0-34841-hddsDatanode-_-any-5484485300177030646.dir/webapp/,AVAILABLE}{/hddsDatanode}
2019-06-14 01:58:20,859 INFO  server.AbstractConnector (AbstractConnector.java:doStart(278)) - Started ServerConnector@6a97517{HTTP/1.1,[http/1.1]}{0.0.0.0:34841}
2019-06-14 01:58:20,859 INFO  server.Server (Server.java:doStart(419)) - Started @50523ms
2019-06-14 01:58:20,861 INFO  server.BaseHttpServer (BaseHttpServer.java:updateConnectorAddress(207)) - HTTP server of HDDSDATANODE is listening at http://0.0.0.0:34841
2019-06-14 01:58:21,024 INFO  ozone.HddsDatanodeService (HddsDatanodeService.java:startPlugins(396)) - Started plug-in org.apache.hadoop.ozone.web.OzoneHddsDatanodeService@7348e75e
2019-06-14 01:58:21,024 INFO  impl.MetricsSystemImpl (MetricsSystemImpl.java:init(158)) - HddsDatanode metrics system started (again)
2019-06-14 01:58:21,024 INFO  ozone.HddsDatanodeService (HddsDatanodeService.java:start(185)) - HddsDatanodeService host:ozone-s4hr9-797773889 ip:192.168.46.36
2019-06-14 01:58:21,026 INFO  util.JvmPauseMonitor (JvmPauseMonitor.java:run(188)) - Starting JVM pause monitor
2019-06-14 01:58:21,027 INFO  datanode.InitDatanodeState (InitDatanodeState.java:persistContainerDatanodeDetails(140)) - DatanodeDetails is persisted to /opt/src/hadoop-ozone/integration-test/target/test-dir/MiniOzoneClusterImpl-5aead1ab-9ab4-494b-8dc0-694975ff814d/datanode-0/meta/datanode.id
2019-06-14 01:58:21,032 INFO  volume.HddsVolume (HddsVolume.java:<init>(176)) - Creating Volume: /opt/src/hadoop-ozone/integration-test/target/test-dir/MiniOzoneClusterImpl-5aead1ab-9ab4-494b-8dc0-694975ff814d/datanode-1/data/containers/hdds of  storage type : DISK and capacity : 104021790720
2019-06-14 01:58:21,033 INFO  volume.VolumeSet (VolumeSet.java:initializeVolumeSet(170)) - Added Volume : /opt/src/hadoop-ozone/integration-test/target/test-dir/MiniOzoneClusterImpl-5aead1ab-9ab4-494b-8dc0-694975ff814d/datanode-1/data/containers/hdds to VolumeSet
2019-06-14 01:58:21,033 INFO  volume.ThrottledAsyncChecker (ThrottledAsyncChecker.java:schedule(140)) - Scheduling a check for org.apache.hadoop.ozone.container.common.volume.HddsVolume@6f87a7c7
2019-06-14 01:58:21,033 INFO  volume.HddsVolumeChecker (HddsVolumeChecker.java:checkAllVolumes(203)) - Scheduled health check for volume org.apache.hadoop.ozone.container.common.volume.HddsVolume@6f87a7c7
2019-06-14 01:58:21,044 INFO  ratis.XceiverServerRatis (XceiverServerRatis.java:newXceiverServerRatis(401)) - Found a free port for the server : 35925
2019-06-14 01:58:21,045 INFO  impl.RaftServerProxy (ConfUtils.java:logGet(43)) - raft.rpc.type = GRPC (default)
2019-06-14 01:58:21,046 INFO  grpc.GrpcConfigKeys$Server (ConfUtils.java:logGet(43)) - raft.grpc.server.port = 35925 (custom)
2019-06-14 01:58:21,046 INFO  server.GrpcService (ConfUtils.java:logGet(43)) - raft.grpc.message.size.max = 33570816 (custom)
2019-06-14 01:58:21,046 INFO  server.RaftServerConfigKeys (ConfUtils.java:logGet(43)) - raft.server.log.appender.buffer.byte-limit = 33554432 (custom)
2019-06-14 01:58:21,046 INFO  server.GrpcService (ConfUtils.java:logGet(43)) - raft.grpc.flow.control.window = 1MB (=1048576) (default)
2019-06-14 01:58:21,047 INFO  server.RaftServerConfigKeys (ConfUtils.java:logGet(43)) - raft.server.rpc.request.timeout = 3000ms (default)
2019-06-14 01:58:21,047 INFO  server.RaftServerConfigKeys (ConfUtils.java:logGet(43)) - raft.server.storage.dir = [/opt/src/hadoop-ozone/integration-test/target/test-dir/MiniOzoneClusterImpl-5aead1ab-9ab4-494b-8dc0-694975ff814d/datanode-1/data/ratis] (custom)
2019-06-14 01:58:21,047 INFO  server.XceiverServerGrpc (XceiverServerGrpc.java:<init>(97)) - Found a free port for the server : 35631
2019-06-14 01:58:21,048 INFO  replication.SimpleContainerDownloader (SimpleContainerDownloader.java:<init>(72)) - Starting container downloader service to copy containers to replicate.
2019-06-14 01:58:21,049 INFO  hdfs.DFSUtil (DFSUtil.java:httpServerTemplateForNNAndJN(1641)) - Starting Web-server for hddsDatanode at: http://0.0.0.0:0
2019-06-14 01:58:21,050 INFO  server.AuthenticationFilter (AuthenticationFilter.java:constructSecretProvider(240)) - Unable to initialize FileSignerSecretProvider, falling back to use random secrets.
2019-06-14 01:58:21,057 WARN  http.HttpRequestLog (HttpRequestLog.java:getRequestLog(97)) - Jetty request log can only be enabled using Log4j
2019-06-14 01:58:21,058 INFO  http.HttpServer2 (HttpServer2.java:addGlobalFilter(975)) - Added global filter 'safety' (class=org.apache.hadoop.http.HttpServer2$QuotingInputFilter)
2019-06-14 01:58:21,059 INFO  http.HttpServer2 (HttpServer2.java:addFilter(948)) - Added filter static_user_filter (class=org.apache.hadoop.http.lib.StaticUserWebFilter$StaticUserFilter) to context hddsDatanode
2019-06-14 01:58:21,059 INFO  http.HttpServer2 (HttpServer2.java:addFilter(958)) - Added filter static_user_filter (class=org.apache.hadoop.http.lib.StaticUserWebFilter$StaticUserFilter) to context static
2019-06-14 01:58:21,059 INFO  http.HttpServer2 (HttpServer2.java:addFilter(958)) - Added filter static_user_filter (class=org.apache.hadoop.http.lib.StaticUserWebFilter$StaticUserFilter) to context logs
2019-06-14 01:58:21,059 INFO  http.HttpServer2 (HttpServer2.java:bindListener(1191)) - Jetty bound to port 35327
2019-06-14 01:58:21,059 INFO  server.Server (Server.java:doStart(351)) - jetty-9.3.24.v20180605, build timestamp: 2018-06-05T17:11:56Z, git hash: 84205aa28f11a4f31f2a3b86d1bba2cc8ab69827
2019-06-14 01:58:21,061 INFO  handler.ContextHandler (ContextHandler.java:doStart(781)) - Started o.e.j.s.ServletContextHandler@587f6634{/logs,file:///opt/src/hadoop-ozone/integration-test/target/log,AVAILABLE}
2019-06-14 01:58:21,061 INFO  handler.ContextHandler (ContextHandler.java:doStart(781)) - Started o.e.j.s.ServletContextHandler@4ef28dc4{/static,jar:file:/root/.m2/repository/org/apache/hadoop/hadoop-hdds-container-service/0.5.0-SNAPSHOT/hadoop-hdds-container-service-0.5.0-SNAPSHOT.jar!/webapps/static,AVAILABLE}
2019-06-14 01:58:21,082 INFO  handler.ContextHandler (ContextHandler.java:doStart(781)) - Started o.e.j.w.WebAppContext@46a0ef6f{/,file:///tmp/jetty-0.0.0.0-35327-hddsDatanode-_-any-1062234892284064830.dir/webapp/,AVAILABLE}{/hddsDatanode}
2019-06-14 01:58:21,082 INFO  server.AbstractConnector (AbstractConnector.java:doStart(278)) - Started ServerConnector@6afced93{HTTP/1.1,[http/1.1]}{0.0.0.0:35327}
2019-06-14 01:58:21,083 INFO  server.Server (Server.java:doStart(419)) - Started @50747ms
2019-06-14 01:58:21,084 INFO  server.BaseHttpServer (BaseHttpServer.java:updateConnectorAddress(207)) - HTTP server of HDDSDATANODE is listening at http://0.0.0.0:35327
2019-06-14 01:58:21,173 INFO  ozone.HddsDatanodeService (HddsDatanodeService.java:startPlugins(396)) - Started plug-in org.apache.hadoop.ozone.web.OzoneHddsDatanodeService@332fa6ce
2019-06-14 01:58:21,173 INFO  impl.MetricsSystemImpl (MetricsSystemImpl.java:init(158)) - HddsDatanode metrics system started (again)
2019-06-14 01:58:21,174 INFO  ozone.HddsDatanodeService (HddsDatanodeService.java:start(185)) - HddsDatanodeService host:ozone-s4hr9-797773889 ip:192.168.46.36
2019-06-14 01:58:21,177 INFO  util.JvmPauseMonitor (JvmPauseMonitor.java:run(188)) - Starting JVM pause monitor
2019-06-14 01:58:21,178 INFO  datanode.InitDatanodeState (InitDatanodeState.java:persistContainerDatanodeDetails(140)) - DatanodeDetails is persisted to /opt/src/hadoop-ozone/integration-test/target/test-dir/MiniOzoneClusterImpl-5aead1ab-9ab4-494b-8dc0-694975ff814d/datanode-1/meta/datanode.id
2019-06-14 01:58:21,181 INFO  volume.HddsVolume (HddsVolume.java:<init>(176)) - Creating Volume: /opt/src/hadoop-ozone/integration-test/target/test-dir/MiniOzoneClusterImpl-5aead1ab-9ab4-494b-8dc0-694975ff814d/datanode-2/data/containers/hdds of  storage type : DISK and capacity : 104021790720
2019-06-14 01:58:21,181 INFO  volume.VolumeSet (VolumeSet.java:initializeVolumeSet(170)) - Added Volume : /opt/src/hadoop-ozone/integration-test/target/test-dir/MiniOzoneClusterImpl-5aead1ab-9ab4-494b-8dc0-694975ff814d/datanode-2/data/containers/hdds to VolumeSet
2019-06-14 01:58:21,181 INFO  volume.ThrottledAsyncChecker (ThrottledAsyncChecker.java:schedule(140)) - Scheduling a check for org.apache.hadoop.ozone.container.common.volume.HddsVolume@74a3160d
2019-06-14 01:58:21,182 INFO  volume.HddsVolumeChecker (HddsVolumeChecker.java:checkAllVolumes(203)) - Scheduled health check for volume org.apache.hadoop.ozone.container.common.volume.HddsVolume@74a3160d
2019-06-14 01:58:21,190 INFO  ratis.XceiverServerRatis (XceiverServerRatis.java:newXceiverServerRatis(401)) - Found a free port for the server : 41635
2019-06-14 01:58:21,191 INFO  impl.RaftServerProxy (ConfUtils.java:logGet(43)) - raft.rpc.type = GRPC (default)
2019-06-14 01:58:21,191 INFO  grpc.GrpcConfigKeys$Server (ConfUtils.java:logGet(43)) - raft.grpc.server.port = 41635 (custom)
2019-06-14 01:58:21,191 INFO  server.GrpcService (ConfUtils.java:logGet(43)) - raft.grpc.message.size.max = 33570816 (custom)
2019-06-14 01:58:21,191 INFO  server.RaftServerConfigKeys (ConfUtils.java:logGet(43)) - raft.server.log.appender.buffer.byte-limit = 33554432 (custom)
2019-06-14 01:58:21,192 INFO  server.GrpcService (ConfUtils.java:logGet(43)) - raft.grpc.flow.control.window = 1MB (=1048576) (default)
2019-06-14 01:58:21,192 INFO  server.RaftServerConfigKeys (ConfUtils.java:logGet(43)) - raft.server.rpc.request.timeout = 3000ms (default)
2019-06-14 01:58:21,192 INFO  server.RaftServerConfigKeys (ConfUtils.java:logGet(43)) - raft.server.storage.dir = [/opt/src/hadoop-ozone/integration-test/target/test-dir/MiniOzoneClusterImpl-5aead1ab-9ab4-494b-8dc0-694975ff814d/datanode-2/data/ratis] (custom)
2019-06-14 01:58:21,192 INFO  server.XceiverServerGrpc (XceiverServerGrpc.java:<init>(97)) - Found a free port for the server : 38493
2019-06-14 01:58:21,193 INFO  replication.SimpleContainerDownloader (SimpleContainerDownloader.java:<init>(72)) - Starting container downloader service to copy containers to replicate.
2019-06-14 01:58:21,193 INFO  hdfs.DFSUtil (DFSUtil.java:httpServerTemplateForNNAndJN(1641)) - Starting Web-server for hddsDatanode at: http://0.0.0.0:0
2019-06-14 01:58:21,194 INFO  server.AuthenticationFilter (AuthenticationFilter.java:constructSecretProvider(240)) - Unable to initialize FileSignerSecretProvider, falling back to use random secrets.
2019-06-14 01:58:21,195 WARN  http.HttpRequestLog (HttpRequestLog.java:getRequestLog(97)) - Jetty request log can only be enabled using Log4j
2019-06-14 01:58:21,195 INFO  http.HttpServer2 (HttpServer2.java:addGlobalFilter(975)) - Added global filter 'safety' (class=org.apache.hadoop.http.HttpServer2$QuotingInputFilter)
2019-06-14 01:58:21,196 INFO  http.HttpServer2 (HttpServer2.java:addFilter(948)) - Added filter static_user_filter (class=org.apache.hadoop.http.lib.StaticUserWebFilter$StaticUserFilter) to context hddsDatanode
2019-06-14 01:58:21,196 INFO  http.HttpServer2 (HttpServer2.java:addFilter(958)) - Added filter static_user_filter (class=org.apache.hadoop.http.lib.StaticUserWebFilter$StaticUserFilter) to context logs
2019-06-14 01:58:21,196 INFO  http.HttpServer2 (HttpServer2.java:addFilter(958)) - Added filter static_user_filter (class=org.apache.hadoop.http.lib.StaticUserWebFilter$StaticUserFilter) to context static
2019-06-14 01:58:21,196 INFO  http.HttpServer2 (HttpServer2.java:bindListener(1191)) - Jetty bound to port 43237
2019-06-14 01:58:21,197 INFO  server.Server (Server.java:doStart(351)) - jetty-9.3.24.v20180605, build timestamp: 2018-06-05T17:11:56Z, git hash: 84205aa28f11a4f31f2a3b86d1bba2cc8ab69827
2019-06-14 01:58:21,198 INFO  handler.ContextHandler (ContextHandler.java:doStart(781)) - Started o.e.j.s.ServletContextHandler@716eae1{/logs,file:///opt/src/hadoop-ozone/integration-test/target/log,AVAILABLE}
2019-06-14 01:58:21,198 INFO  handler.ContextHandler (ContextHandler.java:doStart(781)) - Started o.e.j.s.ServletContextHandler@430f0c63{/static,jar:file:/root/.m2/repository/org/apache/hadoop/hadoop-hdds-container-service/0.5.0-SNAPSHOT/hadoop-hdds-container-service-0.5.0-SNAPSHOT.jar!/webapps/static,AVAILABLE}
2019-06-14 01:58:21,218 INFO  handler.ContextHandler (ContextHandler.java:doStart(781)) - Started o.e.j.w.WebAppContext@18bf1bad{/,file:///tmp/jetty-0.0.0.0-43237-hddsDatanode-_-any-624585751072132167.dir/webapp/,AVAILABLE}{/hddsDatanode}
2019-06-14 01:58:21,219 INFO  server.AbstractConnector (AbstractConnector.java:doStart(278)) - Started ServerConnector@1cb929a9{HTTP/1.1,[http/1.1]}{0.0.0.0:43237}
2019-06-14 01:58:21,219 INFO  server.Server (Server.java:doStart(419)) - Started @50883ms
2019-06-14 01:58:21,220 INFO  server.BaseHttpServer (BaseHttpServer.java:updateConnectorAddress(207)) - HTTP server of HDDSDATANODE is listening at http://0.0.0.0:43237
2019-06-14 01:58:21,323 INFO  ozone.HddsDatanodeService (HddsDatanodeService.java:startPlugins(396)) - Started plug-in org.apache.hadoop.ozone.web.OzoneHddsDatanodeService@391e2a
2019-06-14 01:58:21,323 INFO  impl.MetricsSystemImpl (MetricsSystemImpl.java:init(158)) - HddsDatanode metrics system started (again)
2019-06-14 01:58:21,323 INFO  ozone.HddsDatanodeService (HddsDatanodeService.java:start(185)) - HddsDatanodeService host:ozone-s4hr9-797773889 ip:192.168.46.36
2019-06-14 01:58:21,345 INFO  volume.HddsVolume (HddsVolume.java:<init>(176)) - Creating Volume: /opt/src/hadoop-ozone/integration-test/target/test-dir/MiniOzoneClusterImpl-5aead1ab-9ab4-494b-8dc0-694975ff814d/datanode-3/data/containers/hdds of  storage type : DISK and capacity : 104021790720
2019-06-14 01:58:21,345 INFO  volume.VolumeSet (VolumeSet.java:initializeVolumeSet(170)) - Added Volume : /opt/src/hadoop-ozone/integration-test/target/test-dir/MiniOzoneClusterImpl-5aead1ab-9ab4-494b-8dc0-694975ff814d/datanode-3/data/containers/hdds to VolumeSet
2019-06-14 01:58:21,346 INFO  volume.ThrottledAsyncChecker (ThrottledAsyncChecker.java:schedule(140)) - Scheduling a check for org.apache.hadoop.ozone.container.common.volume.HddsVolume@263e512e
2019-06-14 01:58:21,350 INFO  util.JvmPauseMonitor (JvmPauseMonitor.java:run(188)) - Starting JVM pause monitor
2019-06-14 01:58:21,353 INFO  volume.HddsVolumeChecker (HddsVolumeChecker.java:checkAllVolumes(203)) - Scheduled health check for volume org.apache.hadoop.ozone.container.common.volume.HddsVolume@263e512e
2019-06-14 01:58:21,354 INFO  datanode.InitDatanodeState (InitDatanodeState.java:persistContainerDatanodeDetails(140)) - DatanodeDetails is persisted to /opt/src/hadoop-ozone/integration-test/target/test-dir/MiniOzoneClusterImpl-5aead1ab-9ab4-494b-8dc0-694975ff814d/datanode-2/meta/datanode.id
2019-06-14 01:58:21,361 INFO  ratis.XceiverServerRatis (XceiverServerRatis.java:newXceiverServerRatis(401)) - Found a free port for the server : 44177
2019-06-14 01:58:21,363 INFO  impl.RaftServerProxy (ConfUtils.java:logGet(43)) - raft.rpc.type = GRPC (default)
2019-06-14 01:58:21,363 INFO  grpc.GrpcConfigKeys$Server (ConfUtils.java:logGet(43)) - raft.grpc.server.port = 44177 (custom)
2019-06-14 01:58:21,363 INFO  server.GrpcService (ConfUtils.java:logGet(43)) - raft.grpc.message.size.max = 33570816 (custom)
2019-06-14 01:58:21,363 INFO  server.RaftServerConfigKeys (ConfUtils.java:logGet(43)) - raft.server.log.appender.buffer.byte-limit = 33554432 (custom)
2019-06-14 01:58:21,363 INFO  server.GrpcService (ConfUtils.java:logGet(43)) - raft.grpc.flow.control.window = 1MB (=1048576) (default)
2019-06-14 01:58:21,363 INFO  server.RaftServerConfigKeys (ConfUtils.java:logGet(43)) - raft.server.rpc.request.timeout = 3000ms (default)
2019-06-14 01:58:21,364 INFO  server.RaftServerConfigKeys (ConfUtils.java:logGet(43)) - raft.server.storage.dir = [/opt/src/hadoop-ozone/integration-test/target/test-dir/MiniOzoneClusterImpl-5aead1ab-9ab4-494b-8dc0-694975ff814d/datanode-3/data/ratis] (custom)
2019-06-14 01:58:21,364 INFO  server.XceiverServerGrpc (XceiverServerGrpc.java:<init>(97)) - Found a free port for the server : 36721
2019-06-14 01:58:21,364 INFO  replication.SimpleContainerDownloader (SimpleContainerDownloader.java:<init>(72)) - Starting container downloader service to copy containers to replicate.
2019-06-14 01:58:21,366 INFO  hdfs.DFSUtil (DFSUtil.java:httpServerTemplateForNNAndJN(1641)) - Starting Web-server for hddsDatanode at: http://0.0.0.0:0
2019-06-14 01:58:21,366 INFO  server.AuthenticationFilter (AuthenticationFilter.java:constructSecretProvider(240)) - Unable to initialize FileSignerSecretProvider, falling back to use random secrets.
2019-06-14 01:58:21,373 WARN  http.HttpRequestLog (HttpRequestLog.java:getRequestLog(97)) - Jetty request log can only be enabled using Log4j
2019-06-14 01:58:21,376 INFO  http.HttpServer2 (HttpServer2.java:addGlobalFilter(975)) - Added global filter 'safety' (class=org.apache.hadoop.http.HttpServer2$QuotingInputFilter)
2019-06-14 01:58:21,376 INFO  http.HttpServer2 (HttpServer2.java:addFilter(948)) - Added filter static_user_filter (class=org.apache.hadoop.http.lib.StaticUserWebFilter$StaticUserFilter) to context hddsDatanode
2019-06-14 01:58:21,377 INFO  http.HttpServer2 (HttpServer2.java:addFilter(958)) - Added filter static_user_filter (class=org.apache.hadoop.http.lib.StaticUserWebFilter$StaticUserFilter) to context logs
2019-06-14 01:58:21,377 INFO  http.HttpServer2 (HttpServer2.java:addFilter(958)) - Added filter static_user_filter (class=org.apache.hadoop.http.lib.StaticUserWebFilter$StaticUserFilter) to context static
2019-06-14 01:58:21,378 INFO  http.HttpServer2 (HttpServer2.java:bindListener(1191)) - Jetty bound to port 37619
2019-06-14 01:58:21,378 INFO  server.Server (Server.java:doStart(351)) - jetty-9.3.24.v20180605, build timestamp: 2018-06-05T17:11:56Z, git hash: 84205aa28f11a4f31f2a3b86d1bba2cc8ab69827
2019-06-14 01:58:21,390 INFO  handler.ContextHandler (ContextHandler.java:doStart(781)) - Started o.e.j.s.ServletContextHandler@5f81507a{/logs,file:///opt/src/hadoop-ozone/integration-test/target/log,AVAILABLE}
2019-06-14 01:58:21,390 INFO  handler.ContextHandler (ContextHandler.java:doStart(781)) - Started o.e.j.s.ServletContextHandler@7dbbf730{/static,jar:file:/root/.m2/repository/org/apache/hadoop/hadoop-hdds-container-service/0.5.0-SNAPSHOT/hadoop-hdds-container-service-0.5.0-SNAPSHOT.jar!/webapps/static,AVAILABLE}
2019-06-14 01:58:21,410 INFO  handler.ContextHandler (ContextHandler.java:doStart(781)) - Started o.e.j.w.WebAppContext@655f92a1{/,file:///tmp/jetty-0.0.0.0-37619-hddsDatanode-_-any-6616644625434314361.dir/webapp/,AVAILABLE}{/hddsDatanode}
2019-06-14 01:58:21,410 INFO  server.AbstractConnector (AbstractConnector.java:doStart(278)) - Started ServerConnector@1d2d793d{HTTP/1.1,[http/1.1]}{0.0.0.0:37619}
2019-06-14 01:58:21,411 INFO  server.Server (Server.java:doStart(419)) - Started @51075ms
2019-06-14 01:58:21,412 INFO  server.BaseHttpServer (BaseHttpServer.java:updateConnectorAddress(207)) - HTTP server of HDDSDATANODE is listening at http://0.0.0.0:37619
2019-06-14 01:58:21,495 INFO  ozone.HddsDatanodeService (HddsDatanodeService.java:startPlugins(396)) - Started plug-in org.apache.hadoop.ozone.web.OzoneHddsDatanodeService@166d576b
2019-06-14 01:58:21,496 INFO  impl.MetricsSystemImpl (MetricsSystemImpl.java:init(158)) - HddsDatanode metrics system started (again)
2019-06-14 01:58:21,496 INFO  ozone.HddsDatanodeService (HddsDatanodeService.java:start(185)) - HddsDatanodeService host:ozone-s4hr9-797773889 ip:192.168.46.36
2019-06-14 01:58:21,496 INFO  util.JvmPauseMonitor (JvmPauseMonitor.java:run(188)) - Starting JVM pause monitor
2019-06-14 01:58:21,497 INFO  datanode.InitDatanodeState (InitDatanodeState.java:persistContainerDatanodeDetails(140)) - DatanodeDetails is persisted to /opt/src/hadoop-ozone/integration-test/target/test-dir/MiniOzoneClusterImpl-5aead1ab-9ab4-494b-8dc0-694975ff814d/datanode-3/meta/datanode.id
2019-06-14 01:58:21,501 INFO  volume.HddsVolume (HddsVolume.java:<init>(176)) - Creating Volume: /opt/src/hadoop-ozone/integration-test/target/test-dir/MiniOzoneClusterImpl-5aead1ab-9ab4-494b-8dc0-694975ff814d/datanode-4/data/containers/hdds of  storage type : DISK and capacity : 104021790720
2019-06-14 01:58:21,501 INFO  volume.VolumeSet (VolumeSet.java:initializeVolumeSet(170)) - Added Volume : /opt/src/hadoop-ozone/integration-test/target/test-dir/MiniOzoneClusterImpl-5aead1ab-9ab4-494b-8dc0-694975ff814d/datanode-4/data/containers/hdds to VolumeSet
2019-06-14 01:58:21,501 INFO  volume.ThrottledAsyncChecker (ThrottledAsyncChecker.java:schedule(140)) - Scheduling a check for org.apache.hadoop.ozone.container.common.volume.HddsVolume@48a21ea6
2019-06-14 01:58:21,501 INFO  volume.HddsVolumeChecker (HddsVolumeChecker.java:checkAllVolumes(203)) - Scheduled health check for volume org.apache.hadoop.ozone.container.common.volume.HddsVolume@48a21ea6
2019-06-14 01:58:21,509 INFO  ratis.XceiverServerRatis (XceiverServerRatis.java:newXceiverServerRatis(401)) - Found a free port for the server : 40527
2019-06-14 01:58:21,510 INFO  impl.RaftServerProxy (ConfUtils.java:logGet(43)) - raft.rpc.type = GRPC (default)
2019-06-14 01:58:21,511 INFO  grpc.GrpcConfigKeys$Server (ConfUtils.java:logGet(43)) - raft.grpc.server.port = 40527 (custom)
2019-06-14 01:58:21,511 INFO  server.GrpcService (ConfUtils.java:logGet(43)) - raft.grpc.message.size.max = 33570816 (custom)
2019-06-14 01:58:21,511 INFO  server.RaftServerConfigKeys (ConfUtils.java:logGet(43)) - raft.server.log.appender.buffer.byte-limit = 33554432 (custom)
2019-06-14 01:58:21,511 INFO  server.GrpcService (ConfUtils.java:logGet(43)) - raft.grpc.flow.control.window = 1MB (=1048576) (default)
2019-06-14 01:58:21,511 INFO  server.RaftServerConfigKeys (ConfUtils.java:logGet(43)) - raft.server.rpc.request.timeout = 3000ms (default)
2019-06-14 01:58:21,512 INFO  server.RaftServerConfigKeys (ConfUtils.java:logGet(43)) - raft.server.storage.dir = [/opt/src/hadoop-ozone/integration-test/target/test-dir/MiniOzoneClusterImpl-5aead1ab-9ab4-494b-8dc0-694975ff814d/datanode-4/data/ratis] (custom)
2019-06-14 01:58:21,512 INFO  server.XceiverServerGrpc (XceiverServerGrpc.java:<init>(97)) - Found a free port for the server : 40897
2019-06-14 01:58:21,513 INFO  replication.SimpleContainerDownloader (SimpleContainerDownloader.java:<init>(72)) - Starting container downloader service to copy containers to replicate.
2019-06-14 01:58:21,514 INFO  hdfs.DFSUtil (DFSUtil.java:httpServerTemplateForNNAndJN(1641)) - Starting Web-server for hddsDatanode at: http://0.0.0.0:0
2019-06-14 01:58:21,515 INFO  server.AuthenticationFilter (AuthenticationFilter.java:constructSecretProvider(240)) - Unable to initialize FileSignerSecretProvider, falling back to use random secrets.
2019-06-14 01:58:21,515 WARN  http.HttpRequestLog (HttpRequestLog.java:getRequestLog(97)) - Jetty request log can only be enabled using Log4j
2019-06-14 01:58:21,516 INFO  http.HttpServer2 (HttpServer2.java:addGlobalFilter(975)) - Added global filter 'safety' (class=org.apache.hadoop.http.HttpServer2$QuotingInputFilter)
2019-06-14 01:58:21,516 INFO  http.HttpServer2 (HttpServer2.java:addFilter(948)) - Added filter static_user_filter (class=org.apache.hadoop.http.lib.StaticUserWebFilter$StaticUserFilter) to context hddsDatanode
2019-06-14 01:58:21,517 INFO  http.HttpServer2 (HttpServer2.java:addFilter(958)) - Added filter static_user_filter (class=org.apache.hadoop.http.lib.StaticUserWebFilter$StaticUserFilter) to context logs
2019-06-14 01:58:21,517 INFO  http.HttpServer2 (HttpServer2.java:addFilter(958)) - Added filter static_user_filter (class=org.apache.hadoop.http.lib.StaticUserWebFilter$StaticUserFilter) to context static
2019-06-14 01:58:21,517 INFO  http.HttpServer2 (HttpServer2.java:bindListener(1191)) - Jetty bound to port 41867
2019-06-14 01:58:21,517 INFO  server.Server (Server.java:doStart(351)) - jetty-9.3.24.v20180605, build timestamp: 2018-06-05T17:11:56Z, git hash: 84205aa28f11a4f31f2a3b86d1bba2cc8ab69827
2019-06-14 01:58:21,519 INFO  handler.ContextHandler (ContextHandler.java:doStart(781)) - Started o.e.j.s.ServletContextHandler@2148b47e{/logs,file:///opt/src/hadoop-ozone/integration-test/target/log,AVAILABLE}
2019-06-14 01:58:21,519 INFO  handler.ContextHandler (ContextHandler.java:doStart(781)) - Started o.e.j.s.ServletContextHandler@463a1f47{/static,jar:file:/root/.m2/repository/org/apache/hadoop/hadoop-hdds-container-service/0.5.0-SNAPSHOT/hadoop-hdds-container-service-0.5.0-SNAPSHOT.jar!/webapps/static,AVAILABLE}
2019-06-14 01:58:21,539 INFO  handler.ContextHandler (ContextHandler.java:doStart(781)) - Started o.e.j.w.WebAppContext@15d2ea6b{/,file:///tmp/jetty-0.0.0.0-41867-hddsDatanode-_-any-2072028599104907585.dir/webapp/,AVAILABLE}{/hddsDatanode}
2019-06-14 01:58:21,539 INFO  server.AbstractConnector (AbstractConnector.java:doStart(278)) - Started ServerConnector@3fc14dc0{HTTP/1.1,[http/1.1]}{0.0.0.0:41867}
2019-06-14 01:58:21,540 INFO  server.Server (Server.java:doStart(419)) - Started @51204ms
2019-06-14 01:58:21,541 INFO  server.BaseHttpServer (BaseHttpServer.java:updateConnectorAddress(207)) - HTTP server of HDDSDATANODE is listening at http://0.0.0.0:41867
2019-06-14 01:58:21,675 INFO  ozone.HddsDatanodeService (HddsDatanodeService.java:startPlugins(396)) - Started plug-in org.apache.hadoop.ozone.web.OzoneHddsDatanodeService@37a14aa1
2019-06-14 01:58:21,675 INFO  impl.MetricsSystemImpl (MetricsSystemImpl.java:init(158)) - HddsDatanode metrics system started (again)
2019-06-14 01:58:21,676 INFO  ozone.HddsDatanodeService (HddsDatanodeService.java:start(185)) - HddsDatanodeService host:ozone-s4hr9-797773889 ip:192.168.46.36
2019-06-14 01:58:21,681 INFO  util.JvmPauseMonitor (JvmPauseMonitor.java:run(188)) - Starting JVM pause monitor
2019-06-14 01:58:21,686 INFO  datanode.InitDatanodeState (InitDatanodeState.java:persistContainerDatanodeDetails(140)) - DatanodeDetails is persisted to /opt/src/hadoop-ozone/integration-test/target/test-dir/MiniOzoneClusterImpl-5aead1ab-9ab4-494b-8dc0-694975ff814d/datanode-4/meta/datanode.id
2019-06-14 01:58:21,691 INFO  volume.HddsVolume (HddsVolume.java:<init>(176)) - Creating Volume: /opt/src/hadoop-ozone/integration-test/target/test-dir/MiniOzoneClusterImpl-5aead1ab-9ab4-494b-8dc0-694975ff814d/datanode-5/data/containers/hdds of  storage type : DISK and capacity : 104021790720
2019-06-14 01:58:21,691 INFO  volume.VolumeSet (VolumeSet.java:initializeVolumeSet(170)) - Added Volume : /opt/src/hadoop-ozone/integration-test/target/test-dir/MiniOzoneClusterImpl-5aead1ab-9ab4-494b-8dc0-694975ff814d/datanode-5/data/containers/hdds to VolumeSet
2019-06-14 01:58:21,691 INFO  volume.ThrottledAsyncChecker (ThrottledAsyncChecker.java:schedule(140)) - Scheduling a check for org.apache.hadoop.ozone.container.common.volume.HddsVolume@1299c874
2019-06-14 01:58:21,691 INFO  volume.HddsVolumeChecker (HddsVolumeChecker.java:checkAllVolumes(203)) - Scheduled health check for volume org.apache.hadoop.ozone.container.common.volume.HddsVolume@1299c874
2019-06-14 01:58:21,700 INFO  ratis.XceiverServerRatis (XceiverServerRatis.java:newXceiverServerRatis(401)) - Found a free port for the server : 40395
2019-06-14 01:58:21,700 INFO  impl.RaftServerProxy (ConfUtils.java:logGet(43)) - raft.rpc.type = GRPC (default)
2019-06-14 01:58:21,700 INFO  grpc.GrpcConfigKeys$Server (ConfUtils.java:logGet(43)) - raft.grpc.server.port = 40395 (custom)
2019-06-14 01:58:21,700 INFO  server.GrpcService (ConfUtils.java:logGet(43)) - raft.grpc.message.size.max = 33570816 (custom)
2019-06-14 01:58:21,701 INFO  server.RaftServerConfigKeys (ConfUtils.java:logGet(43)) - raft.server.log.appender.buffer.byte-limit = 33554432 (custom)
2019-06-14 01:58:21,701 INFO  server.GrpcService (ConfUtils.java:logGet(43)) - raft.grpc.flow.control.window = 1MB (=1048576) (default)
2019-06-14 01:58:21,701 INFO  server.RaftServerConfigKeys (ConfUtils.java:logGet(43)) - raft.server.rpc.request.timeout = 3000ms (default)
2019-06-14 01:58:21,701 INFO  server.RaftServerConfigKeys (ConfUtils.java:logGet(43)) - raft.server.storage.dir = [/opt/src/hadoop-ozone/integration-test/target/test-dir/MiniOzoneClusterImpl-5aead1ab-9ab4-494b-8dc0-694975ff814d/datanode-5/data/ratis] (custom)
2019-06-14 01:58:21,706 INFO  server.XceiverServerGrpc (XceiverServerGrpc.java:<init>(97)) - Found a free port for the server : 34393
2019-06-14 01:58:21,706 INFO  replication.SimpleContainerDownloader (SimpleContainerDownloader.java:<init>(72)) - Starting container downloader service to copy containers to replicate.
2019-06-14 01:58:21,707 INFO  hdfs.DFSUtil (DFSUtil.java:httpServerTemplateForNNAndJN(1641)) - Starting Web-server for hddsDatanode at: http://0.0.0.0:0
2019-06-14 01:58:21,708 INFO  server.AuthenticationFilter (AuthenticationFilter.java:constructSecretProvider(240)) - Unable to initialize FileSignerSecretProvider, falling back to use random secrets.
2019-06-14 01:58:21,708 WARN  http.HttpRequestLog (HttpRequestLog.java:getRequestLog(97)) - Jetty request log can only be enabled using Log4j
2019-06-14 01:58:21,709 INFO  http.HttpServer2 (HttpServer2.java:addGlobalFilter(975)) - Added global filter 'safety' (class=org.apache.hadoop.http.HttpServer2$QuotingInputFilter)
2019-06-14 01:58:21,709 INFO  http.HttpServer2 (HttpServer2.java:addFilter(948)) - Added filter static_user_filter (class=org.apache.hadoop.http.lib.StaticUserWebFilter$StaticUserFilter) to context hddsDatanode
2019-06-14 01:58:21,710 INFO  http.HttpServer2 (HttpServer2.java:addFilter(958)) - Added filter static_user_filter (class=org.apache.hadoop.http.lib.StaticUserWebFilter$StaticUserFilter) to context logs
2019-06-14 01:58:21,710 INFO  http.HttpServer2 (HttpServer2.java:addFilter(958)) - Added filter static_user_filter (class=org.apache.hadoop.http.lib.StaticUserWebFilter$StaticUserFilter) to context static
2019-06-14 01:58:21,710 INFO  http.HttpServer2 (HttpServer2.java:bindListener(1191)) - Jetty bound to port 46005
2019-06-14 01:58:21,710 INFO  server.Server (Server.java:doStart(351)) - jetty-9.3.24.v20180605, build timestamp: 2018-06-05T17:11:56Z, git hash: 84205aa28f11a4f31f2a3b86d1bba2cc8ab69827
2019-06-14 01:58:21,712 INFO  handler.ContextHandler (ContextHandler.java:doStart(781)) - Started o.e.j.s.ServletContextHandler@c247b02{/logs,file:///opt/src/hadoop-ozone/integration-test/target/log,AVAILABLE}
2019-06-14 01:58:21,712 INFO  handler.ContextHandler (ContextHandler.java:doStart(781)) - Started o.e.j.s.ServletContextHandler@76c85485{/static,jar:file:/root/.m2/repository/org/apache/hadoop/hadoop-hdds-container-service/0.5.0-SNAPSHOT/hadoop-hdds-container-service-0.5.0-SNAPSHOT.jar!/webapps/static,AVAILABLE}
2019-06-14 01:58:21,733 INFO  handler.ContextHandler (ContextHandler.java:doStart(781)) - Started o.e.j.w.WebAppContext@f4c3e9{/,file:///tmp/jetty-0.0.0.0-46005-hddsDatanode-_-any-4954070707591149278.dir/webapp/,AVAILABLE}{/hddsDatanode}
2019-06-14 01:58:21,733 INFO  server.AbstractConnector (AbstractConnector.java:doStart(278)) - Started ServerConnector@25890ce3{HTTP/1.1,[http/1.1]}{0.0.0.0:46005}
2019-06-14 01:58:21,735 INFO  server.Server (Server.java:doStart(419)) - Started @51398ms
2019-06-14 01:58:21,735 INFO  server.BaseHttpServer (BaseHttpServer.java:updateConnectorAddress(207)) - HTTP server of HDDSDATANODE is listening at http://0.0.0.0:46005
2019-06-14 01:58:21,822 INFO  ozone.HddsDatanodeService (HddsDatanodeService.java:startPlugins(396)) - Started plug-in org.apache.hadoop.ozone.web.OzoneHddsDatanodeService@e23af91
2019-06-14 01:58:21,822 INFO  ozone.MiniOzoneClusterImpl (MiniOzoneClusterImpl.java:lambda$waitForClusterToBeReady$0(142)) - Waiting for cluster to be ready. Got 0 of 6 DN Heartbeats.
2019-06-14 01:58:21,823 INFO  util.JvmPauseMonitor (JvmPauseMonitor.java:run(188)) - Starting JVM pause monitor
2019-06-14 01:58:21,824 INFO  datanode.InitDatanodeState (InitDatanodeState.java:persistContainerDatanodeDetails(140)) - DatanodeDetails is persisted to /opt/src/hadoop-ozone/integration-test/target/test-dir/MiniOzoneClusterImpl-5aead1ab-9ab4-494b-8dc0-694975ff814d/datanode-5/meta/datanode.id
2019-06-14 01:58:22,822 INFO  ozone.MiniOzoneClusterImpl (MiniOzoneClusterImpl.java:lambda$waitForClusterToBeReady$0(142)) - Waiting for cluster to be ready. Got 0 of 6 DN Heartbeats.
2019-06-14 01:58:22,947 WARN  events.EventQueue (EventQueue.java:fireEvent(147)) - Processing of TypedEvent{payloadType=DatanodeDetails, name='Stale_Node'} is skipped, EventQueue is not running
2019-06-14 01:58:23,040 INFO  ozoneimpl.OzoneContainer (OzoneContainer.java:start(186)) - Attempting to start container services.
2019-06-14 01:58:23,040 INFO  ozoneimpl.OzoneContainer (OzoneContainer.java:startContainerScrub(160)) - Background container scrubber has been disabled by hdds.containerscrub.enabled
2019-06-14 01:58:23,040 INFO  ratis.XceiverServerRatis (XceiverServerRatis.java:start(418)) - Starting XceiverServerRatis 652a45d3-e813-4e54-81ad-c3724c279492 at port 43321
2019-06-14 01:58:23,044 INFO  impl.RaftServerProxy (RaftServerProxy.java:lambda$start$3(299)) - 652a45d3-e813-4e54-81ad-c3724c279492: start RPC server
2019-06-14 01:58:23,045 INFO  server.GrpcService (GrpcService.java:startImpl(148)) - 652a45d3-e813-4e54-81ad-c3724c279492: GrpcService started, listening on 0.0.0.0/0.0.0.0:43321
2019-06-14 01:58:23,180 INFO  ozoneimpl.OzoneContainer (OzoneContainer.java:start(186)) - Attempting to start container services.
2019-06-14 01:58:23,181 INFO  ozoneimpl.OzoneContainer (OzoneContainer.java:startContainerScrub(160)) - Background container scrubber has been disabled by hdds.containerscrub.enabled
2019-06-14 01:58:23,181 INFO  ratis.XceiverServerRatis (XceiverServerRatis.java:start(418)) - Starting XceiverServerRatis 86022a16-ded7-44a8-892f-f2e7e54c2f7b at port 35925
2019-06-14 01:58:23,184 INFO  impl.RaftServerProxy (RaftServerProxy.java:lambda$start$3(299)) - 86022a16-ded7-44a8-892f-f2e7e54c2f7b: start RPC server
2019-06-14 01:58:23,185 INFO  server.GrpcService (GrpcService.java:startImpl(148)) - 86022a16-ded7-44a8-892f-f2e7e54c2f7b: GrpcService started, listening on 0.0.0.0/0.0.0.0:35925
2019-06-14 01:58:23,247 WARN  events.EventQueue (EventQueue.java:fireEvent(147)) - Processing of TypedEvent{payloadType=DatanodeDetails, name='Stale_Node'} is skipped, EventQueue is not running
2019-06-14 01:58:23,247 WARN  events.EventQueue (EventQueue.java:fireEvent(147)) - Processing of TypedEvent{payloadType=DatanodeDetails, name='Stale_Node'} is skipped, EventQueue is not running
2019-06-14 01:58:23,247 WARN  events.EventQueue (EventQueue.java:fireEvent(147)) - Processing of TypedEvent{payloadType=DatanodeDetails, name='Stale_Node'} is skipped, EventQueue is not running
2019-06-14 01:58:23,352 INFO  ozoneimpl.OzoneContainer (OzoneContainer.java:start(186)) - Attempting to start container services.
2019-06-14 01:58:23,353 INFO  ozoneimpl.OzoneContainer (OzoneContainer.java:startContainerScrub(160)) - Background container scrubber has been disabled by hdds.containerscrub.enabled
2019-06-14 01:58:23,353 INFO  ratis.XceiverServerRatis (XceiverServerRatis.java:start(418)) - Starting XceiverServerRatis 5980913a-c30e-4f4d-804a-ea73b83479e8 at port 41635
2019-06-14 01:58:23,356 INFO  impl.RaftServerProxy (RaftServerProxy.java:lambda$start$3(299)) - 5980913a-c30e-4f4d-804a-ea73b83479e8: start RPC server
2019-06-14 01:58:23,357 INFO  server.GrpcService (GrpcService.java:startImpl(148)) - 5980913a-c30e-4f4d-804a-ea73b83479e8: GrpcService started, listening on 0.0.0.0/0.0.0.0:41635
2019-06-14 01:58:23,499 INFO  ozoneimpl.OzoneContainer (OzoneContainer.java:start(186)) - Attempting to start container services.
2019-06-14 01:58:23,500 INFO  ozoneimpl.OzoneContainer (OzoneContainer.java:startContainerScrub(160)) - Background container scrubber has been disabled by hdds.containerscrub.enabled
2019-06-14 01:58:23,500 INFO  ratis.XceiverServerRatis (XceiverServerRatis.java:start(418)) - Starting XceiverServerRatis 6f1a6200-101c-4311-b973-521fbcec23cd at port 44177
2019-06-14 01:58:23,503 INFO  impl.RaftServerProxy (RaftServerProxy.java:lambda$start$3(299)) - 6f1a6200-101c-4311-b973-521fbcec23cd: start RPC server
2019-06-14 01:58:23,504 INFO  server.GrpcService (GrpcService.java:startImpl(148)) - 6f1a6200-101c-4311-b973-521fbcec23cd: GrpcService started, listening on 0.0.0.0/0.0.0.0:44177
2019-06-14 01:58:23,685 INFO  ozoneimpl.OzoneContainer (OzoneContainer.java:start(186)) - Attempting to start container services.
2019-06-14 01:58:23,685 INFO  ozoneimpl.OzoneContainer (OzoneContainer.java:startContainerScrub(160)) - Background container scrubber has been disabled by hdds.containerscrub.enabled
2019-06-14 01:58:23,685 INFO  ratis.XceiverServerRatis (XceiverServerRatis.java:start(418)) - Starting XceiverServerRatis 378a71c2-9f2d-4ba4-a9f5-46e389df8db6 at port 40527
2019-06-14 01:58:23,688 INFO  impl.RaftServerProxy (RaftServerProxy.java:lambda$start$3(299)) - 378a71c2-9f2d-4ba4-a9f5-46e389df8db6: start RPC server
2019-06-14 01:58:23,689 INFO  server.GrpcService (GrpcService.java:startImpl(148)) - 378a71c2-9f2d-4ba4-a9f5-46e389df8db6: GrpcService started, listening on 0.0.0.0/0.0.0.0:40527
2019-06-14 01:58:23,823 INFO  ozone.MiniOzoneClusterImpl (MiniOzoneClusterImpl.java:lambda$waitForClusterToBeReady$0(142)) - Waiting for cluster to be ready. Got 0 of 6 DN Heartbeats.
2019-06-14 01:58:23,826 INFO  ozoneimpl.OzoneContainer (OzoneContainer.java:start(186)) - Attempting to start container services.
2019-06-14 01:58:23,826 INFO  ozoneimpl.OzoneContainer (OzoneContainer.java:startContainerScrub(160)) - Background container scrubber has been disabled by hdds.containerscrub.enabled
2019-06-14 01:58:23,826 INFO  ratis.XceiverServerRatis (XceiverServerRatis.java:start(418)) - Starting XceiverServerRatis ca4ca3db-ddc6-4212-b45b-29b8e3a7339d at port 40395
2019-06-14 01:58:23,830 INFO  impl.RaftServerProxy (RaftServerProxy.java:lambda$start$3(299)) - ca4ca3db-ddc6-4212-b45b-29b8e3a7339d: start RPC server
2019-06-14 01:58:23,830 INFO  server.GrpcService (GrpcService.java:startImpl(148)) - ca4ca3db-ddc6-4212-b45b-29b8e3a7339d: GrpcService started, listening on 0.0.0.0/0.0.0.0:40395
2019-06-14 01:58:24,823 INFO  ozone.MiniOzoneClusterImpl (MiniOzoneClusterImpl.java:lambda$waitForClusterToBeReady$0(142)) - Waiting for cluster to be ready. Got 0 of 6 DN Heartbeats.
2019-06-14 01:58:25,029 INFO  node.SCMNodeManager (SCMNodeManager.java:register(234)) - Registered Data node : 652a45d3-e813-4e54-81ad-c3724c279492{ip: 192.168.46.36, host: ozone-s4hr9-797773889, networkLocation: /default-rack, certSerialId: null}
2019-06-14 01:58:25,031 INFO  safemode.SCMSafeModeManager (DataNodeSafeModeRule.java:process(71)) - SCM in safe mode. 1 DataNodes registered, 1 required.
2019-06-14 01:58:25,034 INFO  safemode.SCMSafeModeManager (SCMSafeModeManager.java:validateSafeModeExitRules(177)) - ScmSafeModeManager, all rules are successfully validated
2019-06-14 01:58:25,035 INFO  safemode.SCMSafeModeManager (SCMSafeModeManager.java:exitSafeMode(193)) - SCM exiting safe mode.
2019-06-14 01:58:25,039 INFO  impl.RaftServerProxy (RaftServerProxy.java:addNew(89)) - 652a45d3-e813-4e54-81ad-c3724c279492: addNew group-AED5DE5D56E0:[652a45d3-e813-4e54-81ad-c3724c279492:192.168.46.36:43321] returns group-AED5DE5D56E0:java.util.concurrent.CompletableFuture@634ec0ec[Not completed]
2019-06-14 01:58:25,039 INFO  impl.RaftServerImpl (RaftServerImpl.java:<init>(91)) - 652a45d3-e813-4e54-81ad-c3724c279492: new RaftServerImpl for group-AED5DE5D56E0:[652a45d3-e813-4e54-81ad-c3724c279492:192.168.46.36:43321] with ContainerStateMachine:uninitialized
2019-06-14 01:58:25,039 INFO  server.RaftServerConfigKeys (ConfUtils.java:logGet(43)) - raft.server.rpc.timeout.min = 1s (custom)
2019-06-14 01:58:25,040 INFO  server.RaftServerConfigKeys (ConfUtils.java:logGet(43)) - raft.server.rpc.timeout.max = 1200ms (custom)
2019-06-14 01:58:25,040 INFO  server.RaftServerConfigKeys (ConfUtils.java:logGet(43)) - raft.server.rpcslowness.timeout = 120s (custom)
2019-06-14 01:58:25,040 INFO  server.RaftServerConfigKeys (ConfUtils.java:logGet(43)) - raft.server.log.appender.install.snapshot.enabled = true (default)
2019-06-14 01:58:25,040 INFO  impl.RaftServerImpl (ServerState.java:<init>(101)) - 652a45d3-e813-4e54-81ad-c3724c279492:group-AED5DE5D56E0 ConfigurationManager, init=-1: [652a45d3-e813-4e54-81ad-c3724c279492:192.168.46.36:43321], old=null, confs=<EMPTY_MAP>
2019-06-14 01:58:25,040 INFO  server.RaftServerConfigKeys (ConfUtils.java:logGet(43)) - raft.server.storage.dir = [/opt/src/hadoop-ozone/integration-test/target/test-dir/MiniOzoneClusterImpl-5aead1ab-9ab4-494b-8dc0-694975ff814d/datanode-0/data/ratis] (custom)
2019-06-14 01:58:25,040 INFO  storage.RaftStorageDirectory (RaftStorageDirectory.java:analyzeStorage(246)) - The storage directory /opt/src/hadoop-ozone/integration-test/target/test-dir/MiniOzoneClusterImpl-5aead1ab-9ab4-494b-8dc0-694975ff814d/datanode-0/data/ratis/ac75d828-62be-48e8-bde2-aed5de5d56e0 does not exist. Creating ...
2019-06-14 01:58:25,042 INFO  storage.RaftStorageDirectory (RaftStorageDirectory.java:tryLock(328)) - Lock on /opt/src/hadoop-ozone/integration-test/target/test-dir/MiniOzoneClusterImpl-5aead1ab-9ab4-494b-8dc0-694975ff814d/datanode-0/data/ratis/ac75d828-62be-48e8-bde2-aed5de5d56e0/in_use.lock acquired by nodename 14705@ozone-s4hr9-797773889
2019-06-14 01:58:25,044 INFO  storage.RaftStorage (RaftStorage.java:format(75)) - Storage directory /opt/src/hadoop-ozone/integration-test/target/test-dir/MiniOzoneClusterImpl-5aead1ab-9ab4-494b-8dc0-694975ff814d/datanode-0/data/ratis/ac75d828-62be-48e8-bde2-aed5de5d56e0 has been successfully formatted.
2019-06-14 01:58:25,044 INFO  ratis.ContainerStateMachine (ContainerStateMachine.java:loadSnapshot(199)) - The snapshot info is null.Setting the last applied index to:(t:0, i:~)
2019-06-14 01:58:25,044 INFO  server.RaftServerConfigKeys (ConfUtils.java:logGet(43)) - raft.server.leader.election.timeout = 120s (custom)
2019-06-14 01:58:25,044 INFO  server.RaftServerConfigKeys (ConfUtils.java:logGet(43)) - raft.server.log.use.memory = false (default)
2019-06-14 01:58:25,044 INFO  server.RaftServerConfigKeys (ConfUtils.java:logGet(43)) - raft.server.log.appender.buffer.byte-limit = 33554432 (custom)
2019-06-14 01:58:25,044 INFO  server.RaftServerConfigKeys (ConfUtils.java:logGet(43)) - raft.server.log.segment.size.max = 16384 (custom)
2019-06-14 01:58:25,045 INFO  server.RaftServerConfigKeys (ConfUtils.java:logGet(43)) - raft.server.log.segment.cache.num.max = 2 (custom)
2019-06-14 01:58:25,045 INFO  storage.RaftLogWorker (RaftLogWorker.java:<init>(123)) - new 652a45d3-e813-4e54-81ad-c3724c279492-RaftLogWorker for Storage Directory /opt/src/hadoop-ozone/integration-test/target/test-dir/MiniOzoneClusterImpl-5aead1ab-9ab4-494b-8dc0-694975ff814d/datanode-0/data/ratis/ac75d828-62be-48e8-bde2-aed5de5d56e0
2019-06-14 01:58:25,045 INFO  server.RaftServerConfigKeys (ConfUtils.java:logGet(43)) - raft.server.log.queue.byte-limit = 2147483647 (custom)
2019-06-14 01:58:25,045 INFO  server.RaftServerConfigKeys (ConfUtils.java:logGet(43)) - raft.server.log.queue.element-limit = 1024 (custom)
2019-06-14 01:58:25,045 INFO  server.RaftServerConfigKeys (ConfUtils.java:logGet(43)) - raft.server.log.segment.size.max = 16384 (custom)
2019-06-14 01:58:25,045 INFO  server.RaftServerConfigKeys (ConfUtils.java:logGet(43)) - raft.server.log.preallocated.size = 16384 (custom)
2019-06-14 01:58:25,045 INFO  server.RaftServerConfigKeys (ConfUtils.java:logGet(43)) - raft.server.log.write.buffer.size = 33554432 (custom)
2019-06-14 01:58:25,045 INFO  server.RaftServerConfigKeys (ConfUtils.java:logGet(43)) - raft.server.log.force.sync.num = 128 (default)
2019-06-14 01:58:25,045 INFO  server.RaftServerConfigKeys (ConfUtils.java:logGet(43)) - raft.server.log.statemachine.data.sync = true (default)
2019-06-14 01:58:25,045 INFO  server.RaftServerConfigKeys (ConfUtils.java:logGet(43)) - raft.server.log.statemachine.data.sync.timeout = 10s (default)
2019-06-14 01:58:25,045 INFO  server.RaftServerConfigKeys (ConfUtils.java:logGet(43)) - raft.server.log.statemachine.data.sync.timeout.retry = -1 (default)
2019-06-14 01:58:25,045 INFO  server.RaftServerConfigKeys (ConfUtils.java:logGet(43)) - raft.server.log.statemachine.data.caching.enabled = true (custom)
2019-06-14 01:58:25,046 INFO  server.RaftServerConfigKeys (ConfUtils.java:logGet(43)) - raft.server.snapshot.auto.trigger.enabled = true (custom)
2019-06-14 01:58:25,046 INFO  server.RaftServerConfigKeys (ConfUtils.java:logGet(43)) - raft.server.snapshot.auto.trigger.threshold = 10000 (custom)
2019-06-14 01:58:25,046 INFO  server.RaftServerConfigKeys (ConfUtils.java:logGet(43)) - raft.server.retrycache.expirytime = 600000ms (custom)
2019-06-14 01:58:25,046 INFO  impl.RaftServerImpl (RaftServerImpl.java:start(173)) - 652a45d3-e813-4e54-81ad-c3724c279492: start group-AED5DE5D56E0
2019-06-14 01:58:25,046 INFO  impl.RaftServerImpl (RaftServerImpl.java:setRole(164)) - 652a45d3-e813-4e54-81ad-c3724c279492:group-AED5DE5D56E0 changes role from null to FOLLOWER at term 0 for startAsFollower
2019-06-14 01:58:25,046 INFO  impl.RoleInfo (RoleInfo.java:updateAndGet(143)) - 652a45d3-e813-4e54-81ad-c3724c279492: start FollowerState
2019-06-14 01:58:25,046 INFO  util.JmxRegister (JmxRegister.java:tryRegister(44)) - Successfully registered JMX Bean with object name Ratis:service=RaftServer,group=group-AED5DE5D56E0,id=652a45d3-e813-4e54-81ad-c3724c279492
2019-06-14 01:58:25,048 INFO  pipeline.PipelineStateManager (PipelineStateManager.java:addPipeline(56)) - Created pipeline Pipeline[ Id: ac75d828-62be-48e8-bde2-aed5de5d56e0, Nodes: 652a45d3-e813-4e54-81ad-c3724c279492{ip: 192.168.46.36, host: ozone-s4hr9-797773889, networkLocation: /default-rack, certSerialId: null}, Type:RATIS, Factor:ONE, State:OPEN]
2019-06-14 01:58:25,179 INFO  node.SCMNodeManager (SCMNodeManager.java:register(234)) - Registered Data node : 86022a16-ded7-44a8-892f-f2e7e54c2f7b{ip: 192.168.46.36, host: ozone-s4hr9-797773889, networkLocation: /default-rack, certSerialId: null}
2019-06-14 01:58:25,184 INFO  impl.RaftServerProxy (RaftServerProxy.java:addNew(89)) - 86022a16-ded7-44a8-892f-f2e7e54c2f7b: addNew group-CB2839A15CEB:[86022a16-ded7-44a8-892f-f2e7e54c2f7b:192.168.46.36:35925] returns group-CB2839A15CEB:java.util.concurrent.CompletableFuture@57adac19[Not completed]
2019-06-14 01:58:25,184 INFO  impl.RaftServerImpl (RaftServerImpl.java:<init>(91)) - 86022a16-ded7-44a8-892f-f2e7e54c2f7b: new RaftServerImpl for group-CB2839A15CEB:[86022a16-ded7-44a8-892f-f2e7e54c2f7b:192.168.46.36:35925] with ContainerStateMachine:uninitialized
2019-06-14 01:58:25,184 INFO  server.RaftServerConfigKeys (ConfUtils.java:logGet(43)) - raft.server.rpc.timeout.min = 1s (custom)
2019-06-14 01:58:25,185 INFO  server.RaftServerConfigKeys (ConfUtils.java:logGet(43)) - raft.server.rpc.timeout.max = 1200ms (custom)
2019-06-14 01:58:25,185 INFO  server.RaftServerConfigKeys (ConfUtils.java:logGet(43)) - raft.server.rpcslowness.timeout = 120s (custom)
2019-06-14 01:58:25,185 INFO  server.RaftServerConfigKeys (ConfUtils.java:logGet(43)) - raft.server.log.appender.install.snapshot.enabled = true (default)
2019-06-14 01:58:25,185 INFO  impl.RaftServerImpl (ServerState.java:<init>(101)) - 86022a16-ded7-44a8-892f-f2e7e54c2f7b:group-CB2839A15CEB ConfigurationManager, init=-1: [86022a16-ded7-44a8-892f-f2e7e54c2f7b:192.168.46.36:35925], old=null, confs=<EMPTY_MAP>
2019-06-14 01:58:25,185 INFO  server.RaftServerConfigKeys (ConfUtils.java:logGet(43)) - raft.server.storage.dir = [/opt/src/hadoop-ozone/integration-test/target/test-dir/MiniOzoneClusterImpl-5aead1ab-9ab4-494b-8dc0-694975ff814d/datanode-1/data/ratis] (custom)
2019-06-14 01:58:25,185 INFO  storage.RaftStorageDirectory (RaftStorageDirectory.java:analyzeStorage(246)) - The storage directory /opt/src/hadoop-ozone/integration-test/target/test-dir/MiniOzoneClusterImpl-5aead1ab-9ab4-494b-8dc0-694975ff814d/datanode-1/data/ratis/ef5bc838-f531-4fc1-9d04-cb2839a15ceb does not exist. Creating ...
2019-06-14 01:58:25,187 INFO  storage.RaftStorageDirectory (RaftStorageDirectory.java:tryLock(328)) - Lock on /opt/src/hadoop-ozone/integration-test/target/test-dir/MiniOzoneClusterImpl-5aead1ab-9ab4-494b-8dc0-694975ff814d/datanode-1/data/ratis/ef5bc838-f531-4fc1-9d04-cb2839a15ceb/in_use.lock acquired by nodename 14705@ozone-s4hr9-797773889
2019-06-14 01:58:25,190 INFO  storage.RaftStorage (RaftStorage.java:format(75)) - Storage directory /opt/src/hadoop-ozone/integration-test/target/test-dir/MiniOzoneClusterImpl-5aead1ab-9ab4-494b-8dc0-694975ff814d/datanode-1/data/ratis/ef5bc838-f531-4fc1-9d04-cb2839a15ceb has been successfully formatted.
2019-06-14 01:58:25,190 INFO  ratis.ContainerStateMachine (ContainerStateMachine.java:loadSnapshot(199)) - The snapshot info is null.Setting the last applied index to:(t:0, i:~)
2019-06-14 01:58:25,190 INFO  server.RaftServerConfigKeys (ConfUtils.java:logGet(43)) - raft.server.leader.election.timeout = 120s (custom)
2019-06-14 01:58:25,190 INFO  server.RaftServerConfigKeys (ConfUtils.java:logGet(43)) - raft.server.log.use.memory = false (default)
2019-06-14 01:58:25,190 INFO  server.RaftServerConfigKeys (ConfUtils.java:logGet(43)) - raft.server.log.appender.buffer.byte-limit = 33554432 (custom)
2019-06-14 01:58:25,190 INFO  server.RaftServerConfigKeys (ConfUtils.java:logGet(43)) - raft.server.log.segment.size.max = 16384 (custom)
2019-06-14 01:58:25,190 INFO  server.RaftServerConfigKeys (ConfUtils.java:logGet(43)) - raft.server.log.segment.cache.num.max = 2 (custom)
2019-06-14 01:58:25,190 INFO  storage.RaftLogWorker (RaftLogWorker.java:<init>(123)) - new 86022a16-ded7-44a8-892f-f2e7e54c2f7b-RaftLogWorker for Storage Directory /opt/src/hadoop-ozone/integration-test/target/test-dir/MiniOzoneClusterImpl-5aead1ab-9ab4-494b-8dc0-694975ff814d/datanode-1/data/ratis/ef5bc838-f531-4fc1-9d04-cb2839a15ceb
2019-06-14 01:58:25,190 INFO  server.RaftServerConfigKeys (ConfUtils.java:logGet(43)) - raft.server.log.queue.byte-limit = 2147483647 (custom)
2019-06-14 01:58:25,190 INFO  server.RaftServerConfigKeys (ConfUtils.java:logGet(43)) - raft.server.log.queue.element-limit = 1024 (custom)
2019-06-14 01:58:25,190 INFO  server.RaftServerConfigKeys (ConfUtils.java:logGet(43)) - raft.server.log.segment.size.max = 16384 (custom)
2019-06-14 01:58:25,190 INFO  server.RaftServerConfigKeys (ConfUtils.java:logGet(43)) - raft.server.log.preallocated.size = 16384 (custom)
2019-06-14 01:58:25,191 INFO  server.RaftServerConfigKeys (ConfUtils.java:logGet(43)) - raft.server.log.write.buffer.size = 33554432 (custom)
2019-06-14 01:58:25,191 INFO  server.RaftServerConfigKeys (ConfUtils.java:logGet(43)) - raft.server.log.force.sync.num = 128 (default)
2019-06-14 01:58:25,191 INFO  server.RaftServerConfigKeys (ConfUtils.java:logGet(43)) - raft.server.log.statemachine.data.sync = true (default)
2019-06-14 01:58:25,191 INFO  server.RaftServerConfigKeys (ConfUtils.java:logGet(43)) - raft.server.log.statemachine.data.sync.timeout = 10s (default)
2019-06-14 01:58:25,191 INFO  server.RaftServerConfigKeys (ConfUtils.java:logGet(43)) - raft.server.log.statemachine.data.sync.timeout.retry = -1 (default)
2019-06-14 01:58:25,191 INFO  server.RaftServerConfigKeys (ConfUtils.java:logGet(43)) - raft.server.log.statemachine.data.caching.enabled = true (custom)
2019-06-14 01:58:25,191 INFO  server.RaftServerConfigKeys (ConfUtils.java:logGet(43)) - raft.server.snapshot.auto.trigger.enabled = true (custom)
2019-06-14 01:58:25,191 INFO  server.RaftServerConfigKeys (ConfUtils.java:logGet(43)) - raft.server.snapshot.auto.trigger.threshold = 10000 (custom)
2019-06-14 01:58:25,191 INFO  server.RaftServerConfigKeys (ConfUtils.java:logGet(43)) - raft.server.retrycache.expirytime = 600000ms (custom)
2019-06-14 01:58:25,191 INFO  impl.RaftServerImpl (RaftServerImpl.java:start(173)) - 86022a16-ded7-44a8-892f-f2e7e54c2f7b: start group-CB2839A15CEB
2019-06-14 01:58:25,191 INFO  impl.RaftServerImpl (RaftServerImpl.java:setRole(164)) - 86022a16-ded7-44a8-892f-f2e7e54c2f7b:group-CB2839A15CEB changes role from null to FOLLOWER at term 0 for startAsFollower
2019-06-14 01:58:25,192 INFO  impl.RoleInfo (RoleInfo.java:updateAndGet(143)) - 86022a16-ded7-44a8-892f-f2e7e54c2f7b: start FollowerState
2019-06-14 01:58:25,192 INFO  util.JmxRegister (JmxRegister.java:tryRegister(44)) - Successfully registered JMX Bean with object name Ratis:service=RaftServer,group=group-CB2839A15CEB,id=86022a16-ded7-44a8-892f-f2e7e54c2f7b
2019-06-14 01:58:25,193 INFO  pipeline.PipelineStateManager (PipelineStateManager.java:addPipeline(56)) - Created pipeline Pipeline[ Id: ef5bc838-f531-4fc1-9d04-cb2839a15ceb, Nodes: 86022a16-ded7-44a8-892f-f2e7e54c2f7b{ip: 192.168.46.36, host: ozone-s4hr9-797773889, networkLocation: /default-rack, certSerialId: null}, Type:RATIS, Factor:ONE, State:OPEN]
2019-06-14 01:58:25,350 INFO  node.SCMNodeManager (SCMNodeManager.java:register(234)) - Registered Data node : 5980913a-c30e-4f4d-804a-ea73b83479e8{ip: 192.168.46.36, host: ozone-s4hr9-797773889, networkLocation: /default-rack, certSerialId: null}
2019-06-14 01:58:25,360 INFO  impl.RaftServerProxy (RaftServerProxy.java:addNew(89)) - 5980913a-c30e-4f4d-804a-ea73b83479e8: addNew group-8A9A228D82A1:[5980913a-c30e-4f4d-804a-ea73b83479e8:192.168.46.36:41635] returns group-8A9A228D82A1:java.util.concurrent.CompletableFuture@6279939a[Not completed]
2019-06-14 01:58:25,360 INFO  impl.RaftServerImpl (RaftServerImpl.java:<init>(91)) - 5980913a-c30e-4f4d-804a-ea73b83479e8: new RaftServerImpl for group-8A9A228D82A1:[5980913a-c30e-4f4d-804a-ea73b83479e8:192.168.46.36:41635] with ContainerStateMachine:uninitialized
2019-06-14 01:58:25,360 INFO  server.RaftServerConfigKeys (ConfUtils.java:logGet(43)) - raft.server.rpc.timeout.min = 1s (custom)
2019-06-14 01:58:25,360 INFO  server.RaftServerConfigKeys (ConfUtils.java:logGet(43)) - raft.server.rpc.timeout.max = 1200ms (custom)
2019-06-14 01:58:25,360 INFO  server.RaftServerConfigKeys (ConfUtils.java:logGet(43)) - raft.server.rpcslowness.timeout = 120s (custom)
2019-06-14 01:58:25,360 INFO  server.RaftServerConfigKeys (ConfUtils.java:logGet(43)) - raft.server.log.appender.install.snapshot.enabled = true (default)
2019-06-14 01:58:25,360 INFO  impl.RaftServerImpl (ServerState.java:<init>(101)) - 5980913a-c30e-4f4d-804a-ea73b83479e8:group-8A9A228D82A1 ConfigurationManager, init=-1: [5980913a-c30e-4f4d-804a-ea73b83479e8:192.168.46.36:41635], old=null, confs=<EMPTY_MAP>
2019-06-14 01:58:25,361 INFO  server.RaftServerConfigKeys (ConfUtils.java:logGet(43)) - raft.server.storage.dir = [/opt/src/hadoop-ozone/integration-test/target/test-dir/MiniOzoneClusterImpl-5aead1ab-9ab4-494b-8dc0-694975ff814d/datanode-2/data/ratis] (custom)
2019-06-14 01:58:25,361 INFO  storage.RaftStorageDirectory (RaftStorageDirectory.java:analyzeStorage(246)) - The storage directory /opt/src/hadoop-ozone/integration-test/target/test-dir/MiniOzoneClusterImpl-5aead1ab-9ab4-494b-8dc0-694975ff814d/datanode-2/data/ratis/449515cb-7825-4949-9e6d-8a9a228d82a1 does not exist. Creating ...
2019-06-14 01:58:25,363 INFO  storage.RaftStorageDirectory (RaftStorageDirectory.java:tryLock(328)) - Lock on /opt/src/hadoop-ozone/integration-test/target/test-dir/MiniOzoneClusterImpl-5aead1ab-9ab4-494b-8dc0-694975ff814d/datanode-2/data/ratis/449515cb-7825-4949-9e6d-8a9a228d82a1/in_use.lock acquired by nodename 14705@ozone-s4hr9-797773889
2019-06-14 01:58:25,365 INFO  storage.RaftStorage (RaftStorage.java:format(75)) - Storage directory /opt/src/hadoop-ozone/integration-test/target/test-dir/MiniOzoneClusterImpl-5aead1ab-9ab4-494b-8dc0-694975ff814d/datanode-2/data/ratis/449515cb-7825-4949-9e6d-8a9a228d82a1 has been successfully formatted.
2019-06-14 01:58:25,365 INFO  ratis.ContainerStateMachine (ContainerStateMachine.java:loadSnapshot(199)) - The snapshot info is null.Setting the last applied index to:(t:0, i:~)
2019-06-14 01:58:25,365 INFO  server.RaftServerConfigKeys (ConfUtils.java:logGet(43)) - raft.server.leader.election.timeout = 120s (custom)
2019-06-14 01:58:25,365 INFO  server.RaftServerConfigKeys (ConfUtils.java:logGet(43)) - raft.server.log.use.memory = false (default)
2019-06-14 01:58:25,365 INFO  server.RaftServerConfigKeys (ConfUtils.java:logGet(43)) - raft.server.log.appender.buffer.byte-limit = 33554432 (custom)
2019-06-14 01:58:25,365 INFO  server.RaftServerConfigKeys (ConfUtils.java:logGet(43)) - raft.server.log.segment.size.max = 16384 (custom)
2019-06-14 01:58:25,365 INFO  server.RaftServerConfigKeys (ConfUtils.java:logGet(43)) - raft.server.log.segment.cache.num.max = 2 (custom)
2019-06-14 01:58:25,365 INFO  storage.RaftLogWorker (RaftLogWorker.java:<init>(123)) - new 5980913a-c30e-4f4d-804a-ea73b83479e8-RaftLogWorker for Storage Directory /opt/src/hadoop-ozone/integration-test/target/test-dir/MiniOzoneClusterImpl-5aead1ab-9ab4-494b-8dc0-694975ff814d/datanode-2/data/ratis/449515cb-7825-4949-9e6d-8a9a228d82a1
2019-06-14 01:58:25,365 INFO  server.RaftServerConfigKeys (ConfUtils.java:logGet(43)) - raft.server.log.queue.byte-limit = 2147483647 (custom)
2019-06-14 01:58:25,366 INFO  server.RaftServerConfigKeys (ConfUtils.java:logGet(43)) - raft.server.log.queue.element-limit = 1024 (custom)
2019-06-14 01:58:25,366 INFO  server.RaftServerConfigKeys (ConfUtils.java:logGet(43)) - raft.server.log.segment.size.max = 16384 (custom)
2019-06-14 01:58:25,366 INFO  server.RaftServerConfigKeys (ConfUtils.java:logGet(43)) - raft.server.log.preallocated.size = 16384 (custom)
2019-06-14 01:58:25,366 INFO  server.RaftServerConfigKeys (ConfUtils.java:logGet(43)) - raft.server.log.write.buffer.size = 33554432 (custom)
2019-06-14 01:58:25,366 INFO  server.RaftServerConfigKeys (ConfUtils.java:logGet(43)) - raft.server.log.force.sync.num = 128 (default)
2019-06-14 01:58:25,366 INFO  server.RaftServerConfigKeys (ConfUtils.java:logGet(43)) - raft.server.log.statemachine.data.sync = true (default)
2019-06-14 01:58:25,366 INFO  server.RaftServerConfigKeys (ConfUtils.java:logGet(43)) - raft.server.log.statemachine.data.sync.timeout = 10s (default)
2019-06-14 01:58:25,366 INFO  server.RaftServerConfigKeys (ConfUtils.java:logGet(43)) - raft.server.log.statemachine.data.sync.timeout.retry = -1 (default)
2019-06-14 01:58:25,366 INFO  server.RaftServerConfigKeys (ConfUtils.java:logGet(43)) - raft.server.log.statemachine.data.caching.enabled = true (custom)
2019-06-14 01:58:25,366 INFO  server.RaftServerConfigKeys (ConfUtils.java:logGet(43)) - raft.server.snapshot.auto.trigger.enabled = true (custom)
2019-06-14 01:58:25,367 INFO  server.RaftServerConfigKeys (ConfUtils.java:logGet(43)) - raft.server.snapshot.auto.trigger.threshold = 10000 (custom)
2019-06-14 01:58:25,367 INFO  server.RaftServerConfigKeys (ConfUtils.java:logGet(43)) - raft.server.retrycache.expirytime = 600000ms (custom)
2019-06-14 01:58:25,367 INFO  impl.RaftServerImpl (RaftServerImpl.java:start(173)) - 5980913a-c30e-4f4d-804a-ea73b83479e8: start group-8A9A228D82A1
2019-06-14 01:58:25,367 INFO  impl.RaftServerImpl (RaftServerImpl.java:setRole(164)) - 5980913a-c30e-4f4d-804a-ea73b83479e8:group-8A9A228D82A1 changes role from null to FOLLOWER at term 0 for startAsFollower
2019-06-14 01:58:25,367 INFO  impl.RoleInfo (RoleInfo.java:updateAndGet(143)) - 5980913a-c30e-4f4d-804a-ea73b83479e8: start FollowerState
2019-06-14 01:58:25,367 INFO  util.JmxRegister (JmxRegister.java:tryRegister(44)) - Successfully registered JMX Bean with object name Ratis:service=RaftServer,group=group-8A9A228D82A1,id=5980913a-c30e-4f4d-804a-ea73b83479e8
2019-06-14 01:58:25,374 INFO  pipeline.PipelineStateManager (PipelineStateManager.java:addPipeline(56)) - Created pipeline Pipeline[ Id: 449515cb-7825-4949-9e6d-8a9a228d82a1, Nodes: 5980913a-c30e-4f4d-804a-ea73b83479e8{ip: 192.168.46.36, host: ozone-s4hr9-797773889, networkLocation: /default-rack, certSerialId: null}, Type:RATIS, Factor:ONE, State:OPEN]
2019-06-14 01:58:25,383 INFO  impl.RaftServerProxy (RaftServerProxy.java:addNew(89)) - 86022a16-ded7-44a8-892f-f2e7e54c2f7b: addNew group-3EC38C721E28:[652a45d3-e813-4e54-81ad-c3724c279492:192.168.46.36:43321, 5980913a-c30e-4f4d-804a-ea73b83479e8:192.168.46.36:41635, 86022a16-ded7-44a8-892f-f2e7e54c2f7b:192.168.46.36:35925] returns group-3EC38C721E28:java.util.concurrent.CompletableFuture@7048e66c[Not completed]
2019-06-14 01:58:25,384 INFO  impl.RaftServerProxy (RaftServerProxy.java:addNew(89)) - 652a45d3-e813-4e54-81ad-c3724c279492: addNew group-3EC38C721E28:[652a45d3-e813-4e54-81ad-c3724c279492:192.168.46.36:43321, 5980913a-c30e-4f4d-804a-ea73b83479e8:192.168.46.36:41635, 86022a16-ded7-44a8-892f-f2e7e54c2f7b:192.168.46.36:35925] returns group-3EC38C721E28:java.util.concurrent.CompletableFuture@5e035ebc[Not completed]
2019-06-14 01:58:25,384 INFO  impl.RaftServerImpl (RaftServerImpl.java:<init>(91)) - 86022a16-ded7-44a8-892f-f2e7e54c2f7b: new RaftServerImpl for group-3EC38C721E28:[652a45d3-e813-4e54-81ad-c3724c279492:192.168.46.36:43321, 5980913a-c30e-4f4d-804a-ea73b83479e8:192.168.46.36:41635, 86022a16-ded7-44a8-892f-f2e7e54c2f7b:192.168.46.36:35925] with ContainerStateMachine:uninitialized
2019-06-14 01:58:25,384 INFO  server.RaftServerConfigKeys (ConfUtils.java:logGet(43)) - raft.server.rpc.timeout.min = 1s (custom)
2019-06-14 01:58:25,384 INFO  server.RaftServerConfigKeys (ConfUtils.java:logGet(43)) - raft.server.rpc.timeout.max = 1200ms (custom)
2019-06-14 01:58:25,384 INFO  impl.RaftServerImpl (RaftServerImpl.java:<init>(91)) - 652a45d3-e813-4e54-81ad-c3724c279492: new RaftServerImpl for group-3EC38C721E28:[652a45d3-e813-4e54-81ad-c3724c279492:192.168.46.36:43321, 5980913a-c30e-4f4d-804a-ea73b83479e8:192.168.46.36:41635, 86022a16-ded7-44a8-892f-f2e7e54c2f7b:192.168.46.36:35925] with ContainerStateMachine:uninitialized
2019-06-14 01:58:25,384 INFO  server.RaftServerConfigKeys (ConfUtils.java:logGet(43)) - raft.server.rpc.timeout.min = 1s (custom)
2019-06-14 01:58:25,384 INFO  server.RaftServerConfigKeys (ConfUtils.java:logGet(43)) - raft.server.rpcslowness.timeout = 120s (custom)
2019-06-14 01:58:25,384 INFO  server.RaftServerConfigKeys (ConfUtils.java:logGet(43)) - raft.server.rpc.timeout.max = 1200ms (custom)
2019-06-14 01:58:25,385 INFO  server.RaftServerConfigKeys (ConfUtils.java:logGet(43)) - raft.server.log.appender.install.snapshot.enabled = true (default)
2019-06-14 01:58:25,386 INFO  impl.RaftServerImpl (RaftServerImpl.java:<init>(91)) - 5980913a-c30e-4f4d-804a-ea73b83479e8: new RaftServerImpl for group-3EC38C721E28:[652a45d3-e813-4e54-81ad-c3724c279492:192.168.46.36:43321, 5980913a-c30e-4f4d-804a-ea73b83479e8:192.168.46.36:41635, 86022a16-ded7-44a8-892f-f2e7e54c2f7b:192.168.46.36:35925] with ContainerStateMachine:uninitialized
2019-06-14 01:58:25,385 INFO  impl.RaftServerProxy (RaftServerProxy.java:addNew(89)) - 5980913a-c30e-4f4d-804a-ea73b83479e8: addNew group-3EC38C721E28:[652a45d3-e813-4e54-81ad-c3724c279492:192.168.46.36:43321, 5980913a-c30e-4f4d-804a-ea73b83479e8:192.168.46.36:41635, 86022a16-ded7-44a8-892f-f2e7e54c2f7b:192.168.46.36:35925] returns group-3EC38C721E28:java.util.concurrent.CompletableFuture@771198a2[Not completed]
2019-06-14 01:58:25,385 INFO  server.RaftServerConfigKeys (ConfUtils.java:logGet(43)) - raft.server.rpcslowness.timeout = 120s (custom)
2019-06-14 01:58:25,389 INFO  impl.RaftServerImpl (ServerState.java:<init>(101)) - 86022a16-ded7-44a8-892f-f2e7e54c2f7b:group-3EC38C721E28 ConfigurationManager, init=-1: [652a45d3-e813-4e54-81ad-c3724c279492:192.168.46.36:43321, 5980913a-c30e-4f4d-804a-ea73b83479e8:192.168.46.36:41635, 86022a16-ded7-44a8-892f-f2e7e54c2f7b:192.168.46.36:35925], old=null, confs=<EMPTY_MAP>
2019-06-14 01:58:25,390 INFO  server.RaftServerConfigKeys (ConfUtils.java:logGet(43)) - raft.server.rpc.timeout.min = 1s (custom)
2019-06-14 01:58:25,390 INFO  server.RaftServerConfigKeys (ConfUtils.java:logGet(43)) - raft.server.log.appender.install.snapshot.enabled = true (default)
2019-06-14 01:58:25,390 INFO  server.RaftServerConfigKeys (ConfUtils.java:logGet(43)) - raft.server.storage.dir = [/opt/src/hadoop-ozone/integration-test/target/test-dir/MiniOzoneClusterImpl-5aead1ab-9ab4-494b-8dc0-694975ff814d/datanode-1/data/ratis] (custom)
2019-06-14 01:58:25,390 INFO  server.RaftServerConfigKeys (ConfUtils.java:logGet(43)) - raft.server.rpc.timeout.max = 1200ms (custom)
2019-06-14 01:58:25,390 INFO  impl.RaftServerImpl (ServerState.java:<init>(101)) - 652a45d3-e813-4e54-81ad-c3724c279492:group-3EC38C721E28 ConfigurationManager, init=-1: [652a45d3-e813-4e54-81ad-c3724c279492:192.168.46.36:43321, 5980913a-c30e-4f4d-804a-ea73b83479e8:192.168.46.36:41635, 86022a16-ded7-44a8-892f-f2e7e54c2f7b:192.168.46.36:35925], old=null, confs=<EMPTY_MAP>
2019-06-14 01:58:25,390 INFO  storage.RaftStorageDirectory (RaftStorageDirectory.java:analyzeStorage(246)) - The storage directory /opt/src/hadoop-ozone/integration-test/target/test-dir/MiniOzoneClusterImpl-5aead1ab-9ab4-494b-8dc0-694975ff814d/datanode-1/data/ratis/25852a35-0f4b-416e-a483-3ec38c721e28 does not exist. Creating ...
2019-06-14 01:58:25,390 INFO  server.RaftServerConfigKeys (ConfUtils.java:logGet(43)) - raft.server.rpcslowness.timeout = 120s (custom)
2019-06-14 01:58:25,390 INFO  server.RaftServerConfigKeys (ConfUtils.java:logGet(43)) - raft.server.storage.dir = [/opt/src/hadoop-ozone/integration-test/target/test-dir/MiniOzoneClusterImpl-5aead1ab-9ab4-494b-8dc0-694975ff814d/datanode-0/data/ratis] (custom)
2019-06-14 01:58:25,391 INFO  storage.RaftStorageDirectory (RaftStorageDirectory.java:analyzeStorage(246)) - The storage directory /opt/src/hadoop-ozone/integration-test/target/test-dir/MiniOzoneClusterImpl-5aead1ab-9ab4-494b-8dc0-694975ff814d/datanode-0/data/ratis/25852a35-0f4b-416e-a483-3ec38c721e28 does not exist. Creating ...
2019-06-14 01:58:25,391 INFO  server.RaftServerConfigKeys (ConfUtils.java:logGet(43)) - raft.server.log.appender.install.snapshot.enabled = true (default)
2019-06-14 01:58:25,391 INFO  impl.RaftServerImpl (ServerState.java:<init>(101)) - 5980913a-c30e-4f4d-804a-ea73b83479e8:group-3EC38C721E28 ConfigurationManager, init=-1: [652a45d3-e813-4e54-81ad-c3724c279492:192.168.46.36:43321, 5980913a-c30e-4f4d-804a-ea73b83479e8:192.168.46.36:41635, 86022a16-ded7-44a8-892f-f2e7e54c2f7b:192.168.46.36:35925], old=null, confs=<EMPTY_MAP>
2019-06-14 01:58:25,391 INFO  server.RaftServerConfigKeys (ConfUtils.java:logGet(43)) - raft.server.storage.dir = [/opt/src/hadoop-ozone/integration-test/target/test-dir/MiniOzoneClusterImpl-5aead1ab-9ab4-494b-8dc0-694975ff814d/datanode-2/data/ratis] (custom)
2019-06-14 01:58:25,392 INFO  storage.RaftStorageDirectory (RaftStorageDirectory.java:analyzeStorage(246)) - The storage directory /opt/src/hadoop-ozone/integration-test/target/test-dir/MiniOzoneClusterImpl-5aead1ab-9ab4-494b-8dc0-694975ff814d/datanode-2/data/ratis/25852a35-0f4b-416e-a483-3ec38c721e28 does not exist. Creating ...
2019-06-14 01:58:25,392 INFO  storage.RaftStorageDirectory (RaftStorageDirectory.java:tryLock(328)) - Lock on /opt/src/hadoop-ozone/integration-test/target/test-dir/MiniOzoneClusterImpl-5aead1ab-9ab4-494b-8dc0-694975ff814d/datanode-0/data/ratis/25852a35-0f4b-416e-a483-3ec38c721e28/in_use.lock acquired by nodename 14705@ozone-s4hr9-797773889
2019-06-14 01:58:25,392 INFO  storage.RaftStorageDirectory (RaftStorageDirectory.java:tryLock(328)) - Lock on /opt/src/hadoop-ozone/integration-test/target/test-dir/MiniOzoneClusterImpl-5aead1ab-9ab4-494b-8dc0-694975ff814d/datanode-1/data/ratis/25852a35-0f4b-416e-a483-3ec38c721e28/in_use.lock acquired by nodename 14705@ozone-s4hr9-797773889
2019-06-14 01:58:25,394 INFO  storage.RaftStorage (RaftStorage.java:format(75)) - Storage directory /opt/src/hadoop-ozone/integration-test/target/test-dir/MiniOzoneClusterImpl-5aead1ab-9ab4-494b-8dc0-694975ff814d/datanode-1/data/ratis/25852a35-0f4b-416e-a483-3ec38c721e28 has been successfully formatted.
2019-06-14 01:58:25,394 INFO  storage.RaftStorage (RaftStorage.java:format(75)) - Storage directory /opt/src/hadoop-ozone/integration-test/target/test-dir/MiniOzoneClusterImpl-5aead1ab-9ab4-494b-8dc0-694975ff814d/datanode-0/data/ratis/25852a35-0f4b-416e-a483-3ec38c721e28 has been successfully formatted.
2019-06-14 01:58:25,394 INFO  ratis.ContainerStateMachine (ContainerStateMachine.java:loadSnapshot(199)) - The snapshot info is null.Setting the last applied index to:(t:0, i:~)
2019-06-14 01:58:25,395 INFO  ratis.ContainerStateMachine (ContainerStateMachine.java:loadSnapshot(199)) - The snapshot info is null.Setting the last applied index to:(t:0, i:~)
2019-06-14 01:58:25,395 INFO  storage.RaftStorageDirectory (RaftStorageDirectory.java:tryLock(328)) - Lock on /opt/src/hadoop-ozone/integration-test/target/test-dir/MiniOzoneClusterImpl-5aead1ab-9ab4-494b-8dc0-694975ff814d/datanode-2/data/ratis/25852a35-0f4b-416e-a483-3ec38c721e28/in_use.lock acquired by nodename 14705@ozone-s4hr9-797773889
2019-06-14 01:58:25,395 INFO  server.RaftServerConfigKeys (ConfUtils.java:logGet(43)) - raft.server.leader.election.timeout = 120s (custom)
2019-06-14 01:58:25,395 INFO  server.RaftServerConfigKeys (ConfUtils.java:logGet(43)) - raft.server.leader.election.timeout = 120s (custom)
2019-06-14 01:58:25,395 INFO  server.RaftServerConfigKeys (ConfUtils.java:logGet(43)) - raft.server.log.use.memory = false (default)
2019-06-14 01:58:25,395 INFO  server.RaftServerConfigKeys (ConfUtils.java:logGet(43)) - raft.server.log.appender.buffer.byte-limit = 33554432 (custom)
2019-06-14 01:58:25,395 INFO  server.RaftServerConfigKeys (ConfUtils.java:logGet(43)) - raft.server.log.segment.size.max = 16384 (custom)
2019-06-14 01:58:25,395 INFO  server.RaftServerConfigKeys (ConfUtils.java:logGet(43)) - raft.server.log.segment.cache.num.max = 2 (custom)
2019-06-14 01:58:25,395 INFO  storage.RaftLogWorker (RaftLogWorker.java:<init>(123)) - new 652a45d3-e813-4e54-81ad-c3724c279492-RaftLogWorker for Storage Directory /opt/src/hadoop-ozone/integration-test/target/test-dir/MiniOzoneClusterImpl-5aead1ab-9ab4-494b-8dc0-694975ff814d/datanode-0/data/ratis/25852a35-0f4b-416e-a483-3ec38c721e28
2019-06-14 01:58:25,395 INFO  server.RaftServerConfigKeys (ConfUtils.java:logGet(43)) - raft.server.log.queue.byte-limit = 2147483647 (custom)
2019-06-14 01:58:25,395 INFO  server.RaftServerConfigKeys (ConfUtils.java:logGet(43)) - raft.server.log.queue.element-limit = 1024 (custom)
2019-06-14 01:58:25,395 INFO  server.RaftServerConfigKeys (ConfUtils.java:logGet(43)) - raft.server.log.segment.size.max = 16384 (custom)
2019-06-14 01:58:25,396 INFO  server.RaftServerConfigKeys (ConfUtils.java:logGet(43)) - raft.server.log.preallocated.size = 16384 (custom)
2019-06-14 01:58:25,396 INFO  server.RaftServerConfigKeys (ConfUtils.java:logGet(43)) - raft.server.log.write.buffer.size = 33554432 (custom)
2019-06-14 01:58:25,396 INFO  server.RaftServerConfigKeys (ConfUtils.java:logGet(43)) - raft.server.log.force.sync.num = 128 (default)
2019-06-14 01:58:25,396 INFO  server.RaftServerConfigKeys (ConfUtils.java:logGet(43)) - raft.server.log.statemachine.data.sync = true (default)
2019-06-14 01:58:25,396 INFO  server.RaftServerConfigKeys (ConfUtils.java:logGet(43)) - raft.server.log.statemachine.data.sync.timeout = 10s (default)
2019-06-14 01:58:25,396 INFO  server.RaftServerConfigKeys (ConfUtils.java:logGet(43)) - raft.server.log.statemachine.data.sync.timeout.retry = -1 (default)
2019-06-14 01:58:25,396 INFO  server.RaftServerConfigKeys (ConfUtils.java:logGet(43)) - raft.server.log.statemachine.data.caching.enabled = true (custom)
2019-06-14 01:58:25,395 INFO  server.RaftServerConfigKeys (ConfUtils.java:logGet(43)) - raft.server.log.use.memory = false (default)
2019-06-14 01:58:25,396 INFO  server.RaftServerConfigKeys (ConfUtils.java:logGet(43)) - raft.server.log.appender.buffer.byte-limit = 33554432 (custom)
2019-06-14 01:58:25,396 INFO  server.RaftServerConfigKeys (ConfUtils.java:logGet(43)) - raft.server.log.segment.size.max = 16384 (custom)
2019-06-14 01:58:25,396 INFO  server.RaftServerConfigKeys (ConfUtils.java:logGet(43)) - raft.server.log.segment.cache.num.max = 2 (custom)
2019-06-14 01:58:25,396 INFO  storage.RaftLogWorker (RaftLogWorker.java:<init>(123)) - new 86022a16-ded7-44a8-892f-f2e7e54c2f7b-RaftLogWorker for Storage Directory /opt/src/hadoop-ozone/integration-test/target/test-dir/MiniOzoneClusterImpl-5aead1ab-9ab4-494b-8dc0-694975ff814d/datanode-1/data/ratis/25852a35-0f4b-416e-a483-3ec38c721e28
2019-06-14 01:58:25,397 INFO  server.RaftServerConfigKeys (ConfUtils.java:logGet(43)) - raft.server.snapshot.auto.trigger.enabled = true (custom)
2019-06-14 01:58:25,397 INFO  server.RaftServerConfigKeys (ConfUtils.java:logGet(43)) - raft.server.snapshot.auto.trigger.threshold = 10000 (custom)
2019-06-14 01:58:25,397 INFO  storage.RaftStorage (RaftStorage.java:format(75)) - Storage directory /opt/src/hadoop-ozone/integration-test/target/test-dir/MiniOzoneClusterImpl-5aead1ab-9ab4-494b-8dc0-694975ff814d/datanode-2/data/ratis/25852a35-0f4b-416e-a483-3ec38c721e28 has been successfully formatted.
2019-06-14 01:58:25,397 INFO  ratis.ContainerStateMachine (ContainerStateMachine.java:loadSnapshot(199)) - The snapshot info is null.Setting the last applied index to:(t:0, i:~)
2019-06-14 01:58:25,397 INFO  server.RaftServerConfigKeys (ConfUtils.java:logGet(43)) - raft.server.leader.election.timeout = 120s (custom)
2019-06-14 01:58:25,397 INFO  server.RaftServerConfigKeys (ConfUtils.java:logGet(43)) - raft.server.log.use.memory = false (default)
2019-06-14 01:58:25,397 INFO  server.RaftServerConfigKeys (ConfUtils.java:logGet(43)) - raft.server.log.appender.buffer.byte-limit = 33554432 (custom)
2019-06-14 01:58:25,397 INFO  server.RaftServerConfigKeys (ConfUtils.java:logGet(43)) - raft.server.log.queue.byte-limit = 2147483647 (custom)
2019-06-14 01:58:25,397 INFO  server.RaftServerConfigKeys (ConfUtils.java:logGet(43)) - raft.server.log.segment.size.max = 16384 (custom)
2019-06-14 01:58:25,398 INFO  server.RaftServerConfigKeys (ConfUtils.java:logGet(43)) - raft.server.log.segment.cache.num.max = 2 (custom)
2019-06-14 01:58:25,398 INFO  storage.RaftLogWorker (RaftLogWorker.java:<init>(123)) - new 5980913a-c30e-4f4d-804a-ea73b83479e8-RaftLogWorker for Storage Directory /opt/src/hadoop-ozone/integration-test/target/test-dir/MiniOzoneClusterImpl-5aead1ab-9ab4-494b-8dc0-694975ff814d/datanode-2/data/ratis/25852a35-0f4b-416e-a483-3ec38c721e28
2019-06-14 01:58:25,397 INFO  server.RaftServerConfigKeys (ConfUtils.java:logGet(43)) - raft.server.retrycache.expirytime = 600000ms (custom)
2019-06-14 01:58:25,398 INFO  server.RaftServerConfigKeys (ConfUtils.java:logGet(43)) - raft.server.log.queue.byte-limit = 2147483647 (custom)
2019-06-14 01:58:25,398 INFO  impl.RaftServerImpl (RaftServerImpl.java:start(173)) - 652a45d3-e813-4e54-81ad-c3724c279492: start group-3EC38C721E28
2019-06-14 01:58:25,398 INFO  server.RaftServerConfigKeys (ConfUtils.java:logGet(43)) - raft.server.log.queue.element-limit = 1024 (custom)
2019-06-14 01:58:25,398 INFO  impl.RaftServerImpl (RaftServerImpl.java:setRole(164)) - 652a45d3-e813-4e54-81ad-c3724c279492:group-3EC38C721E28 changes role from null to FOLLOWER at term 0 for startAsFollower
2019-06-14 01:58:25,398 INFO  server.RaftServerConfigKeys (ConfUtils.java:logGet(43)) - raft.server.log.queue.element-limit = 1024 (custom)
2019-06-14 01:58:25,398 INFO  impl.RoleInfo (RoleInfo.java:updateAndGet(143)) - 652a45d3-e813-4e54-81ad-c3724c279492: start FollowerState
2019-06-14 01:58:25,398 INFO  server.RaftServerConfigKeys (ConfUtils.java:logGet(43)) - raft.server.log.segment.size.max = 16384 (custom)
2019-06-14 01:58:25,398 INFO  server.RaftServerConfigKeys (ConfUtils.java:logGet(43)) - raft.server.log.preallocated.size = 16384 (custom)
2019-06-14 01:58:25,398 INFO  server.RaftServerConfigKeys (ConfUtils.java:logGet(43)) - raft.server.log.write.buffer.size = 33554432 (custom)
2019-06-14 01:58:25,399 INFO  server.RaftServerConfigKeys (ConfUtils.java:logGet(43)) - raft.server.log.force.sync.num = 128 (default)
2019-06-14 01:58:25,399 INFO  server.RaftServerConfigKeys (ConfUtils.java:logGet(43)) - raft.server.log.statemachine.data.sync = true (default)
2019-06-14 01:58:25,399 INFO  server.RaftServerConfigKeys (ConfUtils.java:logGet(43)) - raft.server.log.statemachine.data.sync.timeout = 10s (default)
2019-06-14 01:58:25,399 INFO  server.RaftServerConfigKeys (ConfUtils.java:logGet(43)) - raft.server.log.statemachine.data.sync.timeout.retry = -1 (default)
2019-06-14 01:58:25,399 INFO  server.RaftServerConfigKeys (ConfUtils.java:logGet(43)) - raft.server.log.statemachine.data.caching.enabled = true (custom)
2019-06-14 01:58:25,398 INFO  server.RaftServerConfigKeys (ConfUtils.java:logGet(43)) - raft.server.log.segment.size.max = 16384 (custom)
2019-06-14 01:58:25,399 INFO  server.RaftServerConfigKeys (ConfUtils.java:logGet(43)) - raft.server.log.preallocated.size = 16384 (custom)
2019-06-14 01:58:25,399 INFO  server.RaftServerConfigKeys (ConfUtils.java:logGet(43)) - raft.server.log.write.buffer.size = 33554432 (custom)
2019-06-14 01:58:25,399 INFO  server.RaftServerConfigKeys (ConfUtils.java:logGet(43)) - raft.server.log.force.sync.num = 128 (default)
2019-06-14 01:58:25,399 INFO  server.RaftServerConfigKeys (ConfUtils.java:logGet(43)) - raft.server.log.statemachine.data.sync = true (default)
2019-06-14 01:58:25,399 INFO  server.RaftServerConfigKeys (ConfUtils.java:logGet(43)) - raft.server.log.statemachine.data.sync.timeout = 10s (default)
2019-06-14 01:58:25,399 INFO  server.RaftServerConfigKeys (ConfUtils.java:logGet(43)) - raft.server.log.statemachine.data.sync.timeout.retry = -1 (default)
2019-06-14 01:58:25,400 INFO  server.RaftServerConfigKeys (ConfUtils.java:logGet(43)) - raft.server.log.statemachine.data.caching.enabled = true (custom)
2019-06-14 01:58:25,399 INFO  util.JmxRegister (JmxRegister.java:tryRegister(44)) - Successfully registered JMX Bean with object name Ratis:service=RaftServer,group=group-3EC38C721E28,id=652a45d3-e813-4e54-81ad-c3724c279492
2019-06-14 01:58:25,400 INFO  server.RaftServerConfigKeys (ConfUtils.java:logGet(43)) - raft.server.snapshot.auto.trigger.enabled = true (custom)
2019-06-14 01:58:25,400 INFO  server.RaftServerConfigKeys (ConfUtils.java:logGet(43)) - raft.server.snapshot.auto.trigger.threshold = 10000 (custom)
2019-06-14 01:58:25,399 INFO  server.RaftServerConfigKeys (ConfUtils.java:logGet(43)) - raft.server.snapshot.auto.trigger.enabled = true (custom)
2019-06-14 01:58:25,400 INFO  server.RaftServerConfigKeys (ConfUtils.java:logGet(43)) - raft.server.snapshot.auto.trigger.threshold = 10000 (custom)
2019-06-14 01:58:25,401 INFO  server.RaftServerConfigKeys (ConfUtils.java:logGet(43)) - raft.server.retrycache.expirytime = 600000ms (custom)
2019-06-14 01:58:25,402 INFO  impl.RaftServerImpl (RaftServerImpl.java:start(173)) - 86022a16-ded7-44a8-892f-f2e7e54c2f7b: start group-3EC38C721E28
2019-06-14 01:58:25,402 INFO  impl.RaftServerImpl (RaftServerImpl.java:setRole(164)) - 86022a16-ded7-44a8-892f-f2e7e54c2f7b:group-3EC38C721E28 changes role from null to FOLLOWER at term 0 for startAsFollower
2019-06-14 01:58:25,409 INFO  impl.RoleInfo (RoleInfo.java:updateAndGet(143)) - 86022a16-ded7-44a8-892f-f2e7e54c2f7b: start FollowerState
2019-06-14 01:58:25,409 INFO  server.RaftServerConfigKeys (ConfUtils.java:logGet(43)) - raft.server.retrycache.expirytime = 600000ms (custom)
2019-06-14 01:58:25,410 INFO  impl.RaftServerImpl (RaftServerImpl.java:start(173)) - 5980913a-c30e-4f4d-804a-ea73b83479e8: start group-3EC38C721E28
2019-06-14 01:58:25,410 INFO  impl.RaftServerImpl (RaftServerImpl.java:setRole(164)) - 5980913a-c30e-4f4d-804a-ea73b83479e8:group-3EC38C721E28 changes role from null to FOLLOWER at term 0 for startAsFollower
2019-06-14 01:58:25,410 INFO  impl.RoleInfo (RoleInfo.java:updateAndGet(143)) - 5980913a-c30e-4f4d-804a-ea73b83479e8: start FollowerState
2019-06-14 01:58:25,410 INFO  util.JmxRegister (JmxRegister.java:tryRegister(44)) - Successfully registered JMX Bean with object name Ratis:service=RaftServer,group=group-3EC38C721E28,id=86022a16-ded7-44a8-892f-f2e7e54c2f7b
2019-06-14 01:58:25,416 INFO  util.JmxRegister (JmxRegister.java:tryRegister(44)) - Successfully registered JMX Bean with object name Ratis:service=RaftServer,group=group-3EC38C721E28,id=5980913a-c30e-4f4d-804a-ea73b83479e8
2019-06-14 01:58:25,418 INFO  pipeline.PipelineStateManager (PipelineStateManager.java:addPipeline(56)) - Created pipeline Pipeline[ Id: 25852a35-0f4b-416e-a483-3ec38c721e28, Nodes: 652a45d3-e813-4e54-81ad-c3724c279492{ip: 192.168.46.36, host: ozone-s4hr9-797773889, networkLocation: /default-rack, certSerialId: null}86022a16-ded7-44a8-892f-f2e7e54c2f7b{ip: 192.168.46.36, host: ozone-s4hr9-797773889, networkLocation: /default-rack, certSerialId: null}5980913a-c30e-4f4d-804a-ea73b83479e8{ip: 192.168.46.36, host: ozone-s4hr9-797773889, networkLocation: /default-rack, certSerialId: null}, Type:RATIS, Factor:THREE, State:OPEN]
2019-06-14 01:58:25,497 INFO  node.SCMNodeManager (SCMNodeManager.java:register(234)) - Registered Data node : 6f1a6200-101c-4311-b973-521fbcec23cd{ip: 192.168.46.36, host: ozone-s4hr9-797773889, networkLocation: /default-rack, certSerialId: null}
2019-06-14 01:58:25,503 INFO  impl.RaftServerProxy (RaftServerProxy.java:addNew(89)) - 6f1a6200-101c-4311-b973-521fbcec23cd: addNew group-B380657F18B4:[6f1a6200-101c-4311-b973-521fbcec23cd:192.168.46.36:44177] returns group-B380657F18B4:java.util.concurrent.CompletableFuture@4390d349[Not completed]
2019-06-14 01:58:25,503 INFO  impl.RaftServerImpl (RaftServerImpl.java:<init>(91)) - 6f1a6200-101c-4311-b973-521fbcec23cd: new RaftServerImpl for group-B380657F18B4:[6f1a6200-101c-4311-b973-521fbcec23cd:192.168.46.36:44177] with ContainerStateMachine:uninitialized
2019-06-14 01:58:25,503 INFO  server.RaftServerConfigKeys (ConfUtils.java:logGet(43)) - raft.server.rpc.timeout.min = 1s (custom)
2019-06-14 01:58:25,503 INFO  server.RaftServerConfigKeys (ConfUtils.java:logGet(43)) - raft.server.rpc.timeout.max = 1200ms (custom)
2019-06-14 01:58:25,503 INFO  server.RaftServerConfigKeys (ConfUtils.java:logGet(43)) - raft.server.rpcslowness.timeout = 120s (custom)
2019-06-14 01:58:25,504 INFO  server.RaftServerConfigKeys (ConfUtils.java:logGet(43)) - raft.server.log.appender.install.snapshot.enabled = true (default)
2019-06-14 01:58:25,504 INFO  impl.RaftServerImpl (ServerState.java:<init>(101)) - 6f1a6200-101c-4311-b973-521fbcec23cd:group-B380657F18B4 ConfigurationManager, init=-1: [6f1a6200-101c-4311-b973-521fbcec23cd:192.168.46.36:44177], old=null, confs=<EMPTY_MAP>
2019-06-14 01:58:25,504 INFO  server.RaftServerConfigKeys (ConfUtils.java:logGet(43)) - raft.server.storage.dir = [/opt/src/hadoop-ozone/integration-test/target/test-dir/MiniOzoneClusterImpl-5aead1ab-9ab4-494b-8dc0-694975ff814d/datanode-3/data/ratis] (custom)
2019-06-14 01:58:25,504 INFO  storage.RaftStorageDirectory (RaftStorageDirectory.java:analyzeStorage(246)) - The storage directory /opt/src/hadoop-ozone/integration-test/target/test-dir/MiniOzoneClusterImpl-5aead1ab-9ab4-494b-8dc0-694975ff814d/datanode-3/data/ratis/beef7427-736e-4c29-85d8-b380657f18b4 does not exist. Creating ...
2019-06-14 01:58:25,506 INFO  storage.RaftStorageDirectory (RaftStorageDirectory.java:tryLock(328)) - Lock on /opt/src/hadoop-ozone/integration-test/target/test-dir/MiniOzoneClusterImpl-5aead1ab-9ab4-494b-8dc0-694975ff814d/datanode-3/data/ratis/beef7427-736e-4c29-85d8-b380657f18b4/in_use.lock acquired by nodename 14705@ozone-s4hr9-797773889
2019-06-14 01:58:25,508 INFO  storage.RaftStorage (RaftStorage.java:format(75)) - Storage directory /opt/src/hadoop-ozone/integration-test/target/test-dir/MiniOzoneClusterImpl-5aead1ab-9ab4-494b-8dc0-694975ff814d/datanode-3/data/ratis/beef7427-736e-4c29-85d8-b380657f18b4 has been successfully formatted.
2019-06-14 01:58:25,509 INFO  ratis.ContainerStateMachine (ContainerStateMachine.java:loadSnapshot(199)) - The snapshot info is null.Setting the last applied index to:(t:0, i:~)
2019-06-14 01:58:25,509 INFO  server.RaftServerConfigKeys (ConfUtils.java:logGet(43)) - raft.server.leader.election.timeout = 120s (custom)
2019-06-14 01:58:25,509 INFO  server.RaftServerConfigKeys (ConfUtils.java:logGet(43)) - raft.server.log.use.memory = false (default)
2019-06-14 01:58:25,509 INFO  server.RaftServerConfigKeys (ConfUtils.java:logGet(43)) - raft.server.log.appender.buffer.byte-limit = 33554432 (custom)
2019-06-14 01:58:25,509 INFO  server.RaftServerConfigKeys (ConfUtils.java:logGet(43)) - raft.server.log.segment.size.max = 16384 (custom)
2019-06-14 01:58:25,509 INFO  server.RaftServerConfigKeys (ConfUtils.java:logGet(43)) - raft.server.log.segment.cache.num.max = 2 (custom)
2019-06-14 01:58:25,509 INFO  storage.RaftLogWorker (RaftLogWorker.java:<init>(123)) - new 6f1a6200-101c-4311-b973-521fbcec23cd-RaftLogWorker for Storage Directory /opt/src/hadoop-ozone/integration-test/target/test-dir/MiniOzoneClusterImpl-5aead1ab-9ab4-494b-8dc0-694975ff814d/datanode-3/data/ratis/beef7427-736e-4c29-85d8-b380657f18b4
2019-06-14 01:58:25,509 INFO  server.RaftServerConfigKeys (ConfUtils.java:logGet(43)) - raft.server.log.queue.byte-limit = 2147483647 (custom)
2019-06-14 01:58:25,510 INFO  server.RaftServerConfigKeys (ConfUtils.java:logGet(43)) - raft.server.log.queue.element-limit = 1024 (custom)
2019-06-14 01:58:25,510 INFO  server.RaftServerConfigKeys (ConfUtils.java:logGet(43)) - raft.server.log.segment.size.max = 16384 (custom)
2019-06-14 01:58:25,510 INFO  server.RaftServerConfigKeys (ConfUtils.java:logGet(43)) - raft.server.log.preallocated.size = 16384 (custom)
2019-06-14 01:58:25,510 INFO  server.RaftServerConfigKeys (ConfUtils.java:logGet(43)) - raft.server.log.write.buffer.size = 33554432 (custom)
2019-06-14 01:58:25,510 INFO  server.RaftServerConfigKeys (ConfUtils.java:logGet(43)) - raft.server.log.force.sync.num = 128 (default)
2019-06-14 01:58:25,510 INFO  server.RaftServerConfigKeys (ConfUtils.java:logGet(43)) - raft.server.log.statemachine.data.sync = true (default)
2019-06-14 01:58:25,510 INFO  server.RaftServerConfigKeys (ConfUtils.java:logGet(43)) - raft.server.log.statemachine.data.sync.timeout = 10s (default)
2019-06-14 01:58:25,510 INFO  server.RaftServerConfigKeys (ConfUtils.java:logGet(43)) - raft.server.log.statemachine.data.sync.timeout.retry = -1 (default)
2019-06-14 01:58:25,510 INFO  server.RaftServerConfigKeys (ConfUtils.java:logGet(43)) - raft.server.log.statemachine.data.caching.enabled = true (custom)
2019-06-14 01:58:25,511 INFO  server.RaftServerConfigKeys (ConfUtils.java:logGet(43)) - raft.server.snapshot.auto.trigger.enabled = true (custom)
2019-06-14 01:58:25,511 INFO  server.RaftServerConfigKeys (ConfUtils.java:logGet(43)) - raft.server.snapshot.auto.trigger.threshold = 10000 (custom)
2019-06-14 01:58:25,511 INFO  server.RaftServerConfigKeys (ConfUtils.java:logGet(43)) - raft.server.retrycache.expirytime = 600000ms (custom)
2019-06-14 01:58:25,511 INFO  impl.RaftServerImpl (RaftServerImpl.java:start(173)) - 6f1a6200-101c-4311-b973-521fbcec23cd: start group-B380657F18B4
2019-06-14 01:58:25,511 INFO  impl.RaftServerImpl (RaftServerImpl.java:setRole(164)) - 6f1a6200-101c-4311-b973-521fbcec23cd:group-B380657F18B4 changes role from null to FOLLOWER at term 0 for startAsFollower
2019-06-14 01:58:25,511 INFO  impl.RoleInfo (RoleInfo.java:updateAndGet(143)) - 6f1a6200-101c-4311-b973-521fbcec23cd: start FollowerState
2019-06-14 01:58:25,511 INFO  util.JmxRegister (JmxRegister.java:tryRegister(44)) - Successfully registered JMX Bean with object name Ratis:service=RaftServer,group=group-B380657F18B4,id=6f1a6200-101c-4311-b973-521fbcec23cd
2019-06-14 01:58:25,513 INFO  pipeline.PipelineStateManager (PipelineStateManager.java:addPipeline(56)) - Created pipeline Pipeline[ Id: beef7427-736e-4c29-85d8-b380657f18b4, Nodes: 6f1a6200-101c-4311-b973-521fbcec23cd{ip: 192.168.46.36, host: ozone-s4hr9-797773889, networkLocation: /default-rack, certSerialId: null}, Type:RATIS, Factor:ONE, State:OPEN]
2019-06-14 01:58:25,683 INFO  node.SCMNodeManager (SCMNodeManager.java:register(234)) - Registered Data node : 378a71c2-9f2d-4ba4-a9f5-46e389df8db6{ip: 192.168.46.36, host: ozone-s4hr9-797773889, networkLocation: /default-rack, certSerialId: null}
2019-06-14 01:58:25,688 INFO  impl.RaftServerProxy (RaftServerProxy.java:addNew(89)) - 378a71c2-9f2d-4ba4-a9f5-46e389df8db6: addNew group-A4398184043E:[378a71c2-9f2d-4ba4-a9f5-46e389df8db6:192.168.46.36:40527] returns group-A4398184043E:java.util.concurrent.CompletableFuture@687c5fc0[Not completed]
2019-06-14 01:58:25,688 INFO  impl.RaftServerImpl (RaftServerImpl.java:<init>(91)) - 378a71c2-9f2d-4ba4-a9f5-46e389df8db6: new RaftServerImpl for group-A4398184043E:[378a71c2-9f2d-4ba4-a9f5-46e389df8db6:192.168.46.36:40527] with ContainerStateMachine:uninitialized
2019-06-14 01:58:25,689 INFO  server.RaftServerConfigKeys (ConfUtils.java:logGet(43)) - raft.server.rpc.timeout.min = 1s (custom)
2019-06-14 01:58:25,689 INFO  server.RaftServerConfigKeys (ConfUtils.java:logGet(43)) - raft.server.rpc.timeout.max = 1200ms (custom)
2019-06-14 01:58:25,689 INFO  server.RaftServerConfigKeys (ConfUtils.java:logGet(43)) - raft.server.rpcslowness.timeout = 120s (custom)
2019-06-14 01:58:25,689 INFO  server.RaftServerConfigKeys (ConfUtils.java:logGet(43)) - raft.server.log.appender.install.snapshot.enabled = true (default)
2019-06-14 01:58:25,689 INFO  impl.RaftServerImpl (ServerState.java:<init>(101)) - 378a71c2-9f2d-4ba4-a9f5-46e389df8db6:group-A4398184043E ConfigurationManager, init=-1: [378a71c2-9f2d-4ba4-a9f5-46e389df8db6:192.168.46.36:40527], old=null, confs=<EMPTY_MAP>
2019-06-14 01:58:25,689 INFO  server.RaftServerConfigKeys (ConfUtils.java:logGet(43)) - raft.server.storage.dir = [/opt/src/hadoop-ozone/integration-test/target/test-dir/MiniOzoneClusterImpl-5aead1ab-9ab4-494b-8dc0-694975ff814d/datanode-4/data/ratis] (custom)
2019-06-14 01:58:25,689 INFO  storage.RaftStorageDirectory (RaftStorageDirectory.java:analyzeStorage(246)) - The storage directory /opt/src/hadoop-ozone/integration-test/target/test-dir/MiniOzoneClusterImpl-5aead1ab-9ab4-494b-8dc0-694975ff814d/datanode-4/data/ratis/385cd34c-7ce0-4760-ba6c-a4398184043e does not exist. Creating ...
2019-06-14 01:58:25,691 INFO  storage.RaftStorageDirectory (RaftStorageDirectory.java:tryLock(328)) - Lock on /opt/src/hadoop-ozone/integration-test/target/test-dir/MiniOzoneClusterImpl-5aead1ab-9ab4-494b-8dc0-694975ff814d/datanode-4/data/ratis/385cd34c-7ce0-4760-ba6c-a4398184043e/in_use.lock acquired by nodename 14705@ozone-s4hr9-797773889
2019-06-14 01:58:25,694 INFO  storage.RaftStorage (RaftStorage.java:format(75)) - Storage directory /opt/src/hadoop-ozone/integration-test/target/test-dir/MiniOzoneClusterImpl-5aead1ab-9ab4-494b-8dc0-694975ff814d/datanode-4/data/ratis/385cd34c-7ce0-4760-ba6c-a4398184043e has been successfully formatted.
2019-06-14 01:58:25,694 INFO  ratis.ContainerStateMachine (ContainerStateMachine.java:loadSnapshot(199)) - The snapshot info is null.Setting the last applied index to:(t:0, i:~)
2019-06-14 01:58:25,694 INFO  server.RaftServerConfigKeys (ConfUtils.java:logGet(43)) - raft.server.leader.election.timeout = 120s (custom)
2019-06-14 01:58:25,694 INFO  server.RaftServerConfigKeys (ConfUtils.java:logGet(43)) - raft.server.log.use.memory = false (default)
2019-06-14 01:58:25,694 INFO  server.RaftServerConfigKeys (ConfUtils.java:logGet(43)) - raft.server.log.appender.buffer.byte-limit = 33554432 (custom)
2019-06-14 01:58:25,694 INFO  server.RaftServerConfigKeys (ConfUtils.java:logGet(43)) - raft.server.log.segment.size.max = 16384 (custom)
2019-06-14 01:58:25,694 INFO  server.RaftServerConfigKeys (ConfUtils.java:logGet(43)) - raft.server.log.segment.cache.num.max = 2 (custom)
2019-06-14 01:58:25,694 INFO  storage.RaftLogWorker (RaftLogWorker.java:<init>(123)) - new 378a71c2-9f2d-4ba4-a9f5-46e389df8db6-RaftLogWorker for Storage Directory /opt/src/hadoop-ozone/integration-test/target/test-dir/MiniOzoneClusterImpl-5aead1ab-9ab4-494b-8dc0-694975ff814d/datanode-4/data/ratis/385cd34c-7ce0-4760-ba6c-a4398184043e
2019-06-14 01:58:25,694 INFO  server.RaftServerConfigKeys (ConfUtils.java:logGet(43)) - raft.server.log.queue.byte-limit = 2147483647 (custom)
2019-06-14 01:58:25,694 INFO  server.RaftServerConfigKeys (ConfUtils.java:logGet(43)) - raft.server.log.queue.element-limit = 1024 (custom)
2019-06-14 01:58:25,694 INFO  server.RaftServerConfigKeys (ConfUtils.java:logGet(43)) - raft.server.log.segment.size.max = 16384 (custom)
2019-06-14 01:58:25,695 INFO  server.RaftServerConfigKeys (ConfUtils.java:logGet(43)) - raft.server.log.preallocated.size = 16384 (custom)
2019-06-14 01:58:25,695 INFO  server.RaftServerConfigKeys (ConfUtils.java:logGet(43)) - raft.server.log.write.buffer.size = 33554432 (custom)
2019-06-14 01:58:25,695 INFO  server.RaftServerConfigKeys (ConfUtils.java:logGet(43)) - raft.server.log.force.sync.num = 128 (default)
2019-06-14 01:58:25,695 INFO  server.RaftServerConfigKeys (ConfUtils.java:logGet(43)) - raft.server.log.statemachine.data.sync = true (default)
2019-06-14 01:58:25,695 INFO  server.RaftServerConfigKeys (ConfUtils.java:logGet(43)) - raft.server.log.statemachine.data.sync.timeout = 10s (default)
2019-06-14 01:58:25,695 INFO  server.RaftServerConfigKeys (ConfUtils.java:logGet(43)) - raft.server.log.statemachine.data.sync.timeout.retry = -1 (default)
2019-06-14 01:58:25,695 INFO  server.RaftServerConfigKeys (ConfUtils.java:logGet(43)) - raft.server.log.statemachine.data.caching.enabled = true (custom)
2019-06-14 01:58:25,695 INFO  server.RaftServerConfigKeys (ConfUtils.java:logGet(43)) - raft.server.snapshot.auto.trigger.enabled = true (custom)
2019-06-14 01:58:25,695 INFO  server.RaftServerConfigKeys (ConfUtils.java:logGet(43)) - raft.server.snapshot.auto.trigger.threshold = 10000 (custom)
2019-06-14 01:58:25,695 INFO  server.RaftServerConfigKeys (ConfUtils.java:logGet(43)) - raft.server.retrycache.expirytime = 600000ms (custom)
2019-06-14 01:58:25,696 INFO  impl.RaftServerImpl (RaftServerImpl.java:start(173)) - 378a71c2-9f2d-4ba4-a9f5-46e389df8db6: start group-A4398184043E
2019-06-14 01:58:25,696 INFO  impl.RaftServerImpl (RaftServerImpl.java:setRole(164)) - 378a71c2-9f2d-4ba4-a9f5-46e389df8db6:group-A4398184043E changes role from null to FOLLOWER at term 0 for startAsFollower
2019-06-14 01:58:25,696 INFO  impl.RoleInfo (RoleInfo.java:updateAndGet(143)) - 378a71c2-9f2d-4ba4-a9f5-46e389df8db6: start FollowerState
2019-06-14 01:58:25,696 INFO  util.JmxRegister (JmxRegister.java:tryRegister(44)) - Successfully registered JMX Bean with object name Ratis:service=RaftServer,group=group-A4398184043E,id=378a71c2-9f2d-4ba4-a9f5-46e389df8db6
2019-06-14 01:58:25,702 INFO  pipeline.PipelineStateManager (PipelineStateManager.java:addPipeline(56)) - Created pipeline Pipeline[ Id: 385cd34c-7ce0-4760-ba6c-a4398184043e, Nodes: 378a71c2-9f2d-4ba4-a9f5-46e389df8db6{ip: 192.168.46.36, host: ozone-s4hr9-797773889, networkLocation: /default-rack, certSerialId: null}, Type:RATIS, Factor:ONE, State:OPEN]
2019-06-14 01:58:25,823 INFO  ozone.MiniOzoneClusterImpl (MiniOzoneClusterImpl.java:lambda$waitForClusterToBeReady$0(142)) - Waiting for cluster to be ready. Got 5 of 6 DN Heartbeats.
2019-06-14 01:58:25,824 INFO  node.SCMNodeManager (SCMNodeManager.java:register(234)) - Registered Data node : ca4ca3db-ddc6-4212-b45b-29b8e3a7339d{ip: 192.168.46.36, host: ozone-s4hr9-797773889, networkLocation: /default-rack, certSerialId: null}
2019-06-14 01:58:25,828 INFO  impl.RaftServerProxy (RaftServerProxy.java:addNew(89)) - ca4ca3db-ddc6-4212-b45b-29b8e3a7339d: addNew group-DE0DD06CA40F:[ca4ca3db-ddc6-4212-b45b-29b8e3a7339d:192.168.46.36:40395] returns group-DE0DD06CA40F:java.util.concurrent.CompletableFuture@107e18c9[Not completed]
2019-06-14 01:58:25,829 INFO  impl.RaftServerImpl (RaftServerImpl.java:<init>(91)) - ca4ca3db-ddc6-4212-b45b-29b8e3a7339d: new RaftServerImpl for group-DE0DD06CA40F:[ca4ca3db-ddc6-4212-b45b-29b8e3a7339d:192.168.46.36:40395] with ContainerStateMachine:uninitialized
2019-06-14 01:58:25,829 INFO  server.RaftServerConfigKeys (ConfUtils.java:logGet(43)) - raft.server.rpc.timeout.min = 1s (custom)
2019-06-14 01:58:25,829 INFO  server.RaftServerConfigKeys (ConfUtils.java:logGet(43)) - raft.server.rpc.timeout.max = 1200ms (custom)
2019-06-14 01:58:25,829 INFO  server.RaftServerConfigKeys (ConfUtils.java:logGet(43)) - raft.server.rpcslowness.timeout = 120s (custom)
2019-06-14 01:58:25,829 INFO  server.RaftServerConfigKeys (ConfUtils.java:logGet(43)) - raft.server.log.appender.install.snapshot.enabled = true (default)
2019-06-14 01:58:25,829 INFO  impl.RaftServerImpl (ServerState.java:<init>(101)) - ca4ca3db-ddc6-4212-b45b-29b8e3a7339d:group-DE0DD06CA40F ConfigurationManager, init=-1: [ca4ca3db-ddc6-4212-b45b-29b8e3a7339d:192.168.46.36:40395], old=null, confs=<EMPTY_MAP>
2019-06-14 01:58:25,829 INFO  server.RaftServerConfigKeys (ConfUtils.java:logGet(43)) - raft.server.storage.dir = [/opt/src/hadoop-ozone/integration-test/target/test-dir/MiniOzoneClusterImpl-5aead1ab-9ab4-494b-8dc0-694975ff814d/datanode-5/data/ratis] (custom)
2019-06-14 01:58:25,830 INFO  storage.RaftStorageDirectory (RaftStorageDirectory.java:analyzeStorage(246)) - The storage directory /opt/src/hadoop-ozone/integration-test/target/test-dir/MiniOzoneClusterImpl-5aead1ab-9ab4-494b-8dc0-694975ff814d/datanode-5/data/ratis/e8476229-83a7-4c63-aba3-de0dd06ca40f does not exist. Creating ...
2019-06-14 01:58:25,831 INFO  storage.RaftStorageDirectory (RaftStorageDirectory.java:tryLock(328)) - Lock on /opt/src/hadoop-ozone/integration-test/target/test-dir/MiniOzoneClusterImpl-5aead1ab-9ab4-494b-8dc0-694975ff814d/datanode-5/data/ratis/e8476229-83a7-4c63-aba3-de0dd06ca40f/in_use.lock acquired by nodename 14705@ozone-s4hr9-797773889
2019-06-14 01:58:25,833 INFO  storage.RaftStorage (RaftStorage.java:format(75)) - Storage directory /opt/src/hadoop-ozone/integration-test/target/test-dir/MiniOzoneClusterImpl-5aead1ab-9ab4-494b-8dc0-694975ff814d/datanode-5/data/ratis/e8476229-83a7-4c63-aba3-de0dd06ca40f has been successfully formatted.
2019-06-14 01:58:25,834 INFO  ratis.ContainerStateMachine (ContainerStateMachine.java:loadSnapshot(199)) - The snapshot info is null.Setting the last applied index to:(t:0, i:~)
2019-06-14 01:58:25,834 INFO  server.RaftServerConfigKeys (ConfUtils.java:logGet(43)) - raft.server.leader.election.timeout = 120s (custom)
2019-06-14 01:58:25,834 INFO  server.RaftServerConfigKeys (ConfUtils.java:logGet(43)) - raft.server.log.use.memory = false (default)
2019-06-14 01:58:25,834 INFO  server.RaftServerConfigKeys (ConfUtils.java:logGet(43)) - raft.server.log.appender.buffer.byte-limit = 33554432 (custom)
2019-06-14 01:58:25,834 INFO  server.RaftServerConfigKeys (ConfUtils.java:logGet(43)) - raft.server.log.segment.size.max = 16384 (custom)
2019-06-14 01:58:25,834 INFO  server.RaftServerConfigKeys (ConfUtils.java:logGet(43)) - raft.server.log.segment.cache.num.max = 2 (custom)
2019-06-14 01:58:25,834 INFO  storage.RaftLogWorker (RaftLogWorker.java:<init>(123)) - new ca4ca3db-ddc6-4212-b45b-29b8e3a7339d-RaftLogWorker for Storage Directory /opt/src/hadoop-ozone/integration-test/target/test-dir/MiniOzoneClusterImpl-5aead1ab-9ab4-494b-8dc0-694975ff814d/datanode-5/data/ratis/e8476229-83a7-4c63-aba3-de0dd06ca40f
2019-06-14 01:58:25,834 INFO  server.RaftServerConfigKeys (ConfUtils.java:logGet(43)) - raft.server.log.queue.byte-limit = 2147483647 (custom)
2019-06-14 01:58:25,834 INFO  server.RaftServerConfigKeys (ConfUtils.java:logGet(43)) - raft.server.log.queue.element-limit = 1024 (custom)
2019-06-14 01:58:25,834 INFO  server.RaftServerConfigKeys (ConfUtils.java:logGet(43)) - raft.server.log.segment.size.max = 16384 (custom)
2019-06-14 01:58:25,834 INFO  server.RaftServerConfigKeys (ConfUtils.java:logGet(43)) - raft.server.log.preallocated.size = 16384 (custom)
2019-06-14 01:58:25,834 INFO  server.RaftServerConfigKeys (ConfUtils.java:logGet(43)) - raft.server.log.write.buffer.size = 33554432 (custom)
2019-06-14 01:58:25,834 INFO  server.RaftServerConfigKeys (ConfUtils.java:logGet(43)) - raft.server.log.force.sync.num = 128 (default)
2019-06-14 01:58:25,835 INFO  server.RaftServerConfigKeys (ConfUtils.java:logGet(43)) - raft.server.log.statemachine.data.sync = true (default)
2019-06-14 01:58:25,835 INFO  server.RaftServerConfigKeys (ConfUtils.java:logGet(43)) - raft.server.log.statemachine.data.sync.timeout = 10s (default)
2019-06-14 01:58:25,835 INFO  server.RaftServerConfigKeys (ConfUtils.java:logGet(43)) - raft.server.log.statemachine.data.sync.timeout.retry = -1 (default)
2019-06-14 01:58:25,835 INFO  server.RaftServerConfigKeys (ConfUtils.java:logGet(43)) - raft.server.log.statemachine.data.caching.enabled = true (custom)
2019-06-14 01:58:25,835 INFO  server.RaftServerConfigKeys (ConfUtils.java:logGet(43)) - raft.server.snapshot.auto.trigger.enabled = true (custom)
2019-06-14 01:58:25,835 INFO  server.RaftServerConfigKeys (ConfUtils.java:logGet(43)) - raft.server.snapshot.auto.trigger.threshold = 10000 (custom)
2019-06-14 01:58:25,835 INFO  server.RaftServerConfigKeys (ConfUtils.java:logGet(43)) - raft.server.retrycache.expirytime = 600000ms (custom)
2019-06-14 01:58:25,835 INFO  impl.RaftServerImpl (RaftServerImpl.java:start(173)) - ca4ca3db-ddc6-4212-b45b-29b8e3a7339d: start group-DE0DD06CA40F
2019-06-14 01:58:25,835 INFO  impl.RaftServerImpl (RaftServerImpl.java:setRole(164)) - ca4ca3db-ddc6-4212-b45b-29b8e3a7339d:group-DE0DD06CA40F changes role from null to FOLLOWER at term 0 for startAsFollower
2019-06-14 01:58:25,835 INFO  impl.RoleInfo (RoleInfo.java:updateAndGet(143)) - ca4ca3db-ddc6-4212-b45b-29b8e3a7339d: start FollowerState
2019-06-14 01:58:25,836 INFO  util.JmxRegister (JmxRegister.java:tryRegister(44)) - Successfully registered JMX Bean with object name Ratis:service=RaftServer,group=group-DE0DD06CA40F,id=ca4ca3db-ddc6-4212-b45b-29b8e3a7339d
2019-06-14 01:58:25,837 INFO  pipeline.PipelineStateManager (PipelineStateManager.java:addPipeline(56)) - Created pipeline Pipeline[ Id: e8476229-83a7-4c63-aba3-de0dd06ca40f, Nodes: ca4ca3db-ddc6-4212-b45b-29b8e3a7339d{ip: 192.168.46.36, host: ozone-s4hr9-797773889, networkLocation: /default-rack, certSerialId: null}, Type:RATIS, Factor:ONE, State:OPEN]
2019-06-14 01:58:25,843 INFO  impl.RaftServerProxy (RaftServerProxy.java:addNew(89)) - ca4ca3db-ddc6-4212-b45b-29b8e3a7339d: addNew group-1987A1275304:[ca4ca3db-ddc6-4212-b45b-29b8e3a7339d:192.168.46.36:40395, 378a71c2-9f2d-4ba4-a9f5-46e389df8db6:192.168.46.36:40527, 6f1a6200-101c-4311-b973-521fbcec23cd:192.168.46.36:44177] returns group-1987A1275304:java.util.concurrent.CompletableFuture@45db42c2[Not completed]
2019-06-14 01:58:25,844 INFO  impl.RaftServerProxy (RaftServerProxy.java:addNew(89)) - 378a71c2-9f2d-4ba4-a9f5-46e389df8db6: addNew group-1987A1275304:[ca4ca3db-ddc6-4212-b45b-29b8e3a7339d:192.168.46.36:40395, 378a71c2-9f2d-4ba4-a9f5-46e389df8db6:192.168.46.36:40527, 6f1a6200-101c-4311-b973-521fbcec23cd:192.168.46.36:44177] returns group-1987A1275304:java.util.concurrent.CompletableFuture@758dd670[Not completed]
2019-06-14 01:58:25,844 INFO  impl.RaftServerProxy (RaftServerProxy.java:addNew(89)) - 6f1a6200-101c-4311-b973-521fbcec23cd: addNew group-1987A1275304:[ca4ca3db-ddc6-4212-b45b-29b8e3a7339d:192.168.46.36:40395, 378a71c2-9f2d-4ba4-a9f5-46e389df8db6:192.168.46.36:40527, 6f1a6200-101c-4311-b973-521fbcec23cd:192.168.46.36:44177] returns group-1987A1275304:java.util.concurrent.CompletableFuture@6affdf43[Not completed]
2019-06-14 01:58:25,844 INFO  impl.RaftServerImpl (RaftServerImpl.java:<init>(91)) - 378a71c2-9f2d-4ba4-a9f5-46e389df8db6: new RaftServerImpl for group-1987A1275304:[ca4ca3db-ddc6-4212-b45b-29b8e3a7339d:192.168.46.36:40395, 378a71c2-9f2d-4ba4-a9f5-46e389df8db6:192.168.46.36:40527, 6f1a6200-101c-4311-b973-521fbcec23cd:192.168.46.36:44177] with ContainerStateMachine:uninitialized
2019-06-14 01:58:25,844 INFO  server.RaftServerConfigKeys (ConfUtils.java:logGet(43)) - raft.server.rpc.timeout.min = 1s (custom)
2019-06-14 01:58:25,844 INFO  server.RaftServerConfigKeys (ConfUtils.java:logGet(43)) - raft.server.rpc.timeout.max = 1200ms (custom)
2019-06-14 01:58:25,844 INFO  server.RaftServerConfigKeys (ConfUtils.java:logGet(43)) - raft.server.rpcslowness.timeout = 120s (custom)
2019-06-14 01:58:25,845 INFO  impl.RaftServerImpl (RaftServerImpl.java:<init>(91)) - 6f1a6200-101c-4311-b973-521fbcec23cd: new RaftServerImpl for group-1987A1275304:[ca4ca3db-ddc6-4212-b45b-29b8e3a7339d:192.168.46.36:40395, 378a71c2-9f2d-4ba4-a9f5-46e389df8db6:192.168.46.36:40527, 6f1a6200-101c-4311-b973-521fbcec23cd:192.168.46.36:44177] with ContainerStateMachine:uninitialized
2019-06-14 01:58:25,845 INFO  server.RaftServerConfigKeys (ConfUtils.java:logGet(43)) - raft.server.log.appender.install.snapshot.enabled = true (default)
2019-06-14 01:58:25,845 INFO  server.RaftServerConfigKeys (ConfUtils.java:logGet(43)) - raft.server.rpc.timeout.min = 1s (custom)
2019-06-14 01:58:25,845 INFO  impl.RaftServerImpl (RaftServerImpl.java:<init>(91)) - ca4ca3db-ddc6-4212-b45b-29b8e3a7339d: new RaftServerImpl for group-1987A1275304:[ca4ca3db-ddc6-4212-b45b-29b8e3a7339d:192.168.46.36:40395, 378a71c2-9f2d-4ba4-a9f5-46e389df8db6:192.168.46.36:40527, 6f1a6200-101c-4311-b973-521fbcec23cd:192.168.46.36:44177] with ContainerStateMachine:uninitialized
2019-06-14 01:58:25,845 INFO  impl.RaftServerImpl (ServerState.java:<init>(101)) - 378a71c2-9f2d-4ba4-a9f5-46e389df8db6:group-1987A1275304 ConfigurationManager, init=-1: [ca4ca3db-ddc6-4212-b45b-29b8e3a7339d:192.168.46.36:40395, 378a71c2-9f2d-4ba4-a9f5-46e389df8db6:192.168.46.36:40527, 6f1a6200-101c-4311-b973-521fbcec23cd:192.168.46.36:44177], old=null, confs=<EMPTY_MAP>
2019-06-14 01:58:25,845 INFO  server.RaftServerConfigKeys (ConfUtils.java:logGet(43)) - raft.server.storage.dir = [/opt/src/hadoop-ozone/integration-test/target/test-dir/MiniOzoneClusterImpl-5aead1ab-9ab4-494b-8dc0-694975ff814d/datanode-4/data/ratis] (custom)
2019-06-14 01:58:25,845 INFO  storage.RaftStorageDirectory (RaftStorageDirectory.java:analyzeStorage(246)) - The storage directory /opt/src/hadoop-ozone/integration-test/target/test-dir/MiniOzoneClusterImpl-5aead1ab-9ab4-494b-8dc0-694975ff814d/datanode-4/data/ratis/778bc8b2-0eb0-4d61-a098-1987a1275304 does not exist. Creating ...
2019-06-14 01:58:25,845 INFO  server.RaftServerConfigKeys (ConfUtils.java:logGet(43)) - raft.server.rpc.timeout.max = 1200ms (custom)
2019-06-14 01:58:25,846 INFO  server.RaftServerConfigKeys (ConfUtils.java:logGet(43)) - raft.server.rpcslowness.timeout = 120s (custom)
2019-06-14 01:58:25,846 INFO  server.RaftServerConfigKeys (ConfUtils.java:logGet(43)) - raft.server.log.appender.install.snapshot.enabled = true (default)
2019-06-14 01:58:25,846 INFO  impl.RaftServerImpl (ServerState.java:<init>(101)) - 6f1a6200-101c-4311-b973-521fbcec23cd:group-1987A1275304 ConfigurationManager, init=-1: [ca4ca3db-ddc6-4212-b45b-29b8e3a7339d:192.168.46.36:40395, 378a71c2-9f2d-4ba4-a9f5-46e389df8db6:192.168.46.36:40527, 6f1a6200-101c-4311-b973-521fbcec23cd:192.168.46.36:44177], old=null, confs=<EMPTY_MAP>
2019-06-14 01:58:25,846 INFO  server.RaftServerConfigKeys (ConfUtils.java:logGet(43)) - raft.server.storage.dir = [/opt/src/hadoop-ozone/integration-test/target/test-dir/MiniOzoneClusterImpl-5aead1ab-9ab4-494b-8dc0-694975ff814d/datanode-3/data/ratis] (custom)
2019-06-14 01:58:25,846 INFO  storage.RaftStorageDirectory (RaftStorageDirectory.java:analyzeStorage(246)) - The storage directory /opt/src/hadoop-ozone/integration-test/target/test-dir/MiniOzoneClusterImpl-5aead1ab-9ab4-494b-8dc0-694975ff814d/datanode-3/data/ratis/778bc8b2-0eb0-4d61-a098-1987a1275304 does not exist. Creating ...
2019-06-14 01:58:25,846 INFO  server.RaftServerConfigKeys (ConfUtils.java:logGet(43)) - raft.server.rpc.timeout.min = 1s (custom)
2019-06-14 01:58:25,846 INFO  server.RaftServerConfigKeys (ConfUtils.java:logGet(43)) - raft.server.rpc.timeout.max = 1200ms (custom)
2019-06-14 01:58:25,846 INFO  server.RaftServerConfigKeys (ConfUtils.java:logGet(43)) - raft.server.rpcslowness.timeout = 120s (custom)
2019-06-14 01:58:25,846 INFO  server.RaftServerConfigKeys (ConfUtils.java:logGet(43)) - raft.server.log.appender.install.snapshot.enabled = true (default)
2019-06-14 01:58:25,847 INFO  impl.RaftServerImpl (ServerState.java:<init>(101)) - ca4ca3db-ddc6-4212-b45b-29b8e3a7339d:group-1987A1275304 ConfigurationManager, init=-1: [ca4ca3db-ddc6-4212-b45b-29b8e3a7339d:192.168.46.36:40395, 378a71c2-9f2d-4ba4-a9f5-46e389df8db6:192.168.46.36:40527, 6f1a6200-101c-4311-b973-521fbcec23cd:192.168.46.36:44177], old=null, confs=<EMPTY_MAP>
2019-06-14 01:58:25,847 INFO  server.RaftServerConfigKeys (ConfUtils.java:logGet(43)) - raft.server.storage.dir = [/opt/src/hadoop-ozone/integration-test/target/test-dir/MiniOzoneClusterImpl-5aead1ab-9ab4-494b-8dc0-694975ff814d/datanode-5/data/ratis] (custom)
2019-06-14 01:58:25,847 INFO  storage.RaftStorageDirectory (RaftStorageDirectory.java:analyzeStorage(246)) - The storage directory /opt/src/hadoop-ozone/integration-test/target/test-dir/MiniOzoneClusterImpl-5aead1ab-9ab4-494b-8dc0-694975ff814d/datanode-5/data/ratis/778bc8b2-0eb0-4d61-a098-1987a1275304 does not exist. Creating ...
2019-06-14 01:58:25,847 INFO  storage.RaftStorageDirectory (RaftStorageDirectory.java:tryLock(328)) - Lock on /opt/src/hadoop-ozone/integration-test/target/test-dir/MiniOzoneClusterImpl-5aead1ab-9ab4-494b-8dc0-694975ff814d/datanode-4/data/ratis/778bc8b2-0eb0-4d61-a098-1987a1275304/in_use.lock acquired by nodename 14705@ozone-s4hr9-797773889
2019-06-14 01:58:25,849 INFO  storage.RaftStorageDirectory (RaftStorageDirectory.java:tryLock(328)) - Lock on /opt/src/hadoop-ozone/integration-test/target/test-dir/MiniOzoneClusterImpl-5aead1ab-9ab4-494b-8dc0-694975ff814d/datanode-5/data/ratis/778bc8b2-0eb0-4d61-a098-1987a1275304/in_use.lock acquired by nodename 14705@ozone-s4hr9-797773889
2019-06-14 01:58:25,849 INFO  storage.RaftStorageDirectory (RaftStorageDirectory.java:tryLock(328)) - Lock on /opt/src/hadoop-ozone/integration-test/target/test-dir/MiniOzoneClusterImpl-5aead1ab-9ab4-494b-8dc0-694975ff814d/datanode-3/data/ratis/778bc8b2-0eb0-4d61-a098-1987a1275304/in_use.lock acquired by nodename 14705@ozone-s4hr9-797773889
2019-06-14 01:58:25,850 INFO  storage.RaftStorage (RaftStorage.java:format(75)) - Storage directory /opt/src/hadoop-ozone/integration-test/target/test-dir/MiniOzoneClusterImpl-5aead1ab-9ab4-494b-8dc0-694975ff814d/datanode-4/data/ratis/778bc8b2-0eb0-4d61-a098-1987a1275304 has been successfully formatted.
2019-06-14 01:58:25,850 INFO  ratis.ContainerStateMachine (ContainerStateMachine.java:loadSnapshot(199)) - The snapshot info is null.Setting the last applied index to:(t:0, i:~)
2019-06-14 01:58:25,850 INFO  server.RaftServerConfigKeys (ConfUtils.java:logGet(43)) - raft.server.leader.election.timeout = 120s (custom)
2019-06-14 01:58:25,851 INFO  server.RaftServerConfigKeys (ConfUtils.java:logGet(43)) - raft.server.log.use.memory = false (default)
2019-06-14 01:58:25,851 INFO  server.RaftServerConfigKeys (ConfUtils.java:logGet(43)) - raft.server.log.appender.buffer.byte-limit = 33554432 (custom)
2019-06-14 01:58:25,851 INFO  server.RaftServerConfigKeys (ConfUtils.java:logGet(43)) - raft.server.log.segment.size.max = 16384 (custom)
2019-06-14 01:58:25,851 INFO  server.RaftServerConfigKeys (ConfUtils.java:logGet(43)) - raft.server.log.segment.cache.num.max = 2 (custom)
2019-06-14 01:58:25,851 INFO  storage.RaftLogWorker (RaftLogWorker.java:<init>(123)) - new 378a71c2-9f2d-4ba4-a9f5-46e389df8db6-RaftLogWorker for Storage Directory /opt/src/hadoop-ozone/integration-test/target/test-dir/MiniOzoneClusterImpl-5aead1ab-9ab4-494b-8dc0-694975ff814d/datanode-4/data/ratis/778bc8b2-0eb0-4d61-a098-1987a1275304
2019-06-14 01:58:25,851 INFO  server.RaftServerConfigKeys (ConfUtils.java:logGet(43)) - raft.server.log.queue.byte-limit = 2147483647 (custom)
2019-06-14 01:58:25,851 INFO  server.RaftServerConfigKeys (ConfUtils.java:logGet(43)) - raft.server.log.queue.element-limit = 1024 (custom)
2019-06-14 01:58:25,851 INFO  server.RaftServerConfigKeys (ConfUtils.java:logGet(43)) - raft.server.log.segment.size.max = 16384 (custom)
2019-06-14 01:58:25,851 INFO  server.RaftServerConfigKeys (ConfUtils.java:logGet(43)) - raft.server.log.preallocated.size = 16384 (custom)
2019-06-14 01:58:25,851 INFO  server.RaftServerConfigKeys (ConfUtils.java:logGet(43)) - raft.server.log.write.buffer.size = 33554432 (custom)
2019-06-14 01:58:25,851 INFO  server.RaftServerConfigKeys (ConfUtils.java:logGet(43)) - raft.server.log.force.sync.num = 128 (default)
2019-06-14 01:58:25,852 INFO  server.RaftServerConfigKeys (ConfUtils.java:logGet(43)) - raft.server.log.statemachine.data.sync = true (default)
2019-06-14 01:58:25,852 INFO  server.RaftServerConfigKeys (ConfUtils.java:logGet(43)) - raft.server.log.statemachine.data.sync.timeout = 10s (default)
2019-06-14 01:58:25,852 INFO  server.RaftServerConfigKeys (ConfUtils.java:logGet(43)) - raft.server.log.statemachine.data.sync.timeout.retry = -1 (default)
2019-06-14 01:58:25,852 INFO  storage.RaftStorage (RaftStorage.java:format(75)) - Storage directory /opt/src/hadoop-ozone/integration-test/target/test-dir/MiniOzoneClusterImpl-5aead1ab-9ab4-494b-8dc0-694975ff814d/datanode-5/data/ratis/778bc8b2-0eb0-4d61-a098-1987a1275304 has been successfully formatted.
2019-06-14 01:58:25,852 INFO  storage.RaftStorage (RaftStorage.java:format(75)) - Storage directory /opt/src/hadoop-ozone/integration-test/target/test-dir/MiniOzoneClusterImpl-5aead1ab-9ab4-494b-8dc0-694975ff814d/datanode-3/data/ratis/778bc8b2-0eb0-4d61-a098-1987a1275304 has been successfully formatted.
2019-06-14 01:58:25,852 INFO  server.RaftServerConfigKeys (ConfUtils.java:logGet(43)) - raft.server.log.statemachine.data.caching.enabled = true (custom)
2019-06-14 01:58:25,852 INFO  ratis.ContainerStateMachine (ContainerStateMachine.java:loadSnapshot(199)) - The snapshot info is null.Setting the last applied index to:(t:0, i:~)
2019-06-14 01:58:25,852 INFO  ratis.ContainerStateMachine (ContainerStateMachine.java:loadSnapshot(199)) - The snapshot info is null.Setting the last applied index to:(t:0, i:~)
2019-06-14 01:58:25,852 INFO  server.RaftServerConfigKeys (ConfUtils.java:logGet(43)) - raft.server.leader.election.timeout = 120s (custom)
2019-06-14 01:58:25,852 INFO  server.RaftServerConfigKeys (ConfUtils.java:logGet(43)) - raft.server.log.use.memory = false (default)
2019-06-14 01:58:25,853 INFO  server.RaftServerConfigKeys (ConfUtils.java:logGet(43)) - raft.server.log.appender.buffer.byte-limit = 33554432 (custom)
2019-06-14 01:58:25,853 INFO  server.RaftServerConfigKeys (ConfUtils.java:logGet(43)) - raft.server.log.segment.size.max = 16384 (custom)
2019-06-14 01:58:25,853 INFO  server.RaftServerConfigKeys (ConfUtils.java:logGet(43)) - raft.server.log.segment.cache.num.max = 2 (custom)
2019-06-14 01:58:25,853 INFO  storage.RaftLogWorker (RaftLogWorker.java:<init>(123)) - new 6f1a6200-101c-4311-b973-521fbcec23cd-RaftLogWorker for Storage Directory /opt/src/hadoop-ozone/integration-test/target/test-dir/MiniOzoneClusterImpl-5aead1ab-9ab4-494b-8dc0-694975ff814d/datanode-3/data/ratis/778bc8b2-0eb0-4d61-a098-1987a1275304
2019-06-14 01:58:25,853 INFO  server.RaftServerConfigKeys (ConfUtils.java:logGet(43)) - raft.server.log.queue.byte-limit = 2147483647 (custom)
2019-06-14 01:58:25,853 INFO  server.RaftServerConfigKeys (ConfUtils.java:logGet(43)) - raft.server.log.queue.element-limit = 1024 (custom)
2019-06-14 01:58:25,853 INFO  server.RaftServerConfigKeys (ConfUtils.java:logGet(43)) - raft.server.log.segment.size.max = 16384 (custom)
2019-06-14 01:58:25,853 INFO  server.RaftServerConfigKeys (ConfUtils.java:logGet(43)) - raft.server.log.preallocated.size = 16384 (custom)
2019-06-14 01:58:25,853 INFO  server.RaftServerConfigKeys (ConfUtils.java:logGet(43)) - raft.server.log.write.buffer.size = 33554432 (custom)
2019-06-14 01:58:25,853 INFO  server.RaftServerConfigKeys (ConfUtils.java:logGet(43)) - raft.server.log.force.sync.num = 128 (default)
2019-06-14 01:58:25,853 INFO  server.RaftServerConfigKeys (ConfUtils.java:logGet(43)) - raft.server.snapshot.auto.trigger.enabled = true (custom)
2019-06-14 01:58:25,854 INFO  server.RaftServerConfigKeys (ConfUtils.java:logGet(43)) - raft.server.leader.election.timeout = 120s (custom)
2019-06-14 01:58:25,853 INFO  server.RaftServerConfigKeys (ConfUtils.java:logGet(43)) - raft.server.log.statemachine.data.sync = true (default)
2019-06-14 01:58:25,854 INFO  server.RaftServerConfigKeys (ConfUtils.java:logGet(43)) - raft.server.log.statemachine.data.sync.timeout = 10s (default)
2019-06-14 01:58:25,854 INFO  server.RaftServerConfigKeys (ConfUtils.java:logGet(43)) - raft.server.log.statemachine.data.sync.timeout.retry = -1 (default)
2019-06-14 01:58:25,854 INFO  server.RaftServerConfigKeys (ConfUtils.java:logGet(43)) - raft.server.log.statemachine.data.caching.enabled = true (custom)
2019-06-14 01:58:25,854 INFO  server.RaftServerConfigKeys (ConfUtils.java:logGet(43)) - raft.server.snapshot.auto.trigger.threshold = 10000 (custom)
2019-06-14 01:58:25,854 INFO  server.RaftServerConfigKeys (ConfUtils.java:logGet(43)) - raft.server.log.use.memory = false (default)
2019-06-14 01:58:25,854 INFO  server.RaftServerConfigKeys (ConfUtils.java:logGet(43)) - raft.server.snapshot.auto.trigger.enabled = true (custom)
2019-06-14 01:58:25,855 INFO  server.RaftServerConfigKeys (ConfUtils.java:logGet(43)) - raft.server.snapshot.auto.trigger.threshold = 10000 (custom)
2019-06-14 01:58:25,854 INFO  server.RaftServerConfigKeys (ConfUtils.java:logGet(43)) - raft.server.retrycache.expirytime = 600000ms (custom)
2019-06-14 01:58:25,854 INFO  server.RaftServerConfigKeys (ConfUtils.java:logGet(43)) - raft.server.log.appender.buffer.byte-limit = 33554432 (custom)
2019-06-14 01:58:25,855 INFO  impl.RaftServerImpl (RaftServerImpl.java:start(173)) - 378a71c2-9f2d-4ba4-a9f5-46e389df8db6: start group-1987A1275304
2019-06-14 01:58:25,855 INFO  server.RaftServerConfigKeys (ConfUtils.java:logGet(43)) - raft.server.retrycache.expirytime = 600000ms (custom)
2019-06-14 01:58:25,855 INFO  server.RaftServerConfigKeys (ConfUtils.java:logGet(43)) - raft.server.log.segment.size.max = 16384 (custom)
2019-06-14 01:58:25,855 INFO  impl.RaftServerImpl (RaftServerImpl.java:setRole(164)) - 378a71c2-9f2d-4ba4-a9f5-46e389df8db6:group-1987A1275304 changes role from null to FOLLOWER at term 0 for startAsFollower
2019-06-14 01:58:25,855 INFO  impl.RaftServerImpl (RaftServerImpl.java:start(173)) - 6f1a6200-101c-4311-b973-521fbcec23cd: start group-1987A1275304
2019-06-14 01:58:25,855 INFO  server.RaftServerConfigKeys (ConfUtils.java:logGet(43)) - raft.server.log.segment.cache.num.max = 2 (custom)
2019-06-14 01:58:25,855 INFO  impl.RoleInfo (RoleInfo.java:updateAndGet(143)) - 378a71c2-9f2d-4ba4-a9f5-46e389df8db6: start FollowerState
2019-06-14 01:58:25,855 INFO  storage.RaftLogWorker (RaftLogWorker.java:<init>(123)) - new ca4ca3db-ddc6-4212-b45b-29b8e3a7339d-RaftLogWorker for Storage Directory /opt/src/hadoop-ozone/integration-test/target/test-dir/MiniOzoneClusterImpl-5aead1ab-9ab4-494b-8dc0-694975ff814d/datanode-5/data/ratis/778bc8b2-0eb0-4d61-a098-1987a1275304
2019-06-14 01:58:25,855 INFO  impl.RaftServerImpl (RaftServerImpl.java:setRole(164)) - 6f1a6200-101c-4311-b973-521fbcec23cd:group-1987A1275304 changes role from null to FOLLOWER at term 0 for startAsFollower
2019-06-14 01:58:25,856 INFO  server.RaftServerConfigKeys (ConfUtils.java:logGet(43)) - raft.server.log.queue.byte-limit = 2147483647 (custom)
2019-06-14 01:58:25,856 INFO  server.RaftServerConfigKeys (ConfUtils.java:logGet(43)) - raft.server.log.queue.element-limit = 1024 (custom)
2019-06-14 01:58:25,856 INFO  server.RaftServerConfigKeys (ConfUtils.java:logGet(43)) - raft.server.log.segment.size.max = 16384 (custom)
2019-06-14 01:58:25,856 INFO  server.RaftServerConfigKeys (ConfUtils.java:logGet(43)) - raft.server.log.preallocated.size = 16384 (custom)
2019-06-14 01:58:25,856 INFO  server.RaftServerConfigKeys (ConfUtils.java:logGet(43)) - raft.server.log.write.buffer.size = 33554432 (custom)
2019-06-14 01:58:25,856 INFO  server.RaftServerConfigKeys (ConfUtils.java:logGet(43)) - raft.server.log.force.sync.num = 128 (default)
2019-06-14 01:58:25,856 INFO  server.RaftServerConfigKeys (ConfUtils.java:logGet(43)) - raft.server.log.statemachine.data.sync = true (default)
2019-06-14 01:58:25,856 INFO  server.RaftServerConfigKeys (ConfUtils.java:logGet(43)) - raft.server.log.statemachine.data.sync.timeout = 10s (default)
2019-06-14 01:58:25,856 INFO  server.RaftServerConfigKeys (ConfUtils.java:logGet(43)) - raft.server.log.statemachine.data.sync.timeout.retry = -1 (default)
2019-06-14 01:58:25,857 INFO  impl.RoleInfo (RoleInfo.java:updateAndGet(143)) - 6f1a6200-101c-4311-b973-521fbcec23cd: start FollowerState
2019-06-14 01:58:25,857 INFO  util.JmxRegister (JmxRegister.java:tryRegister(44)) - Successfully registered JMX Bean with object name Ratis:service=RaftServer,group=group-1987A1275304,id=378a71c2-9f2d-4ba4-a9f5-46e389df8db6
2019-06-14 01:58:25,857 INFO  server.RaftServerConfigKeys (ConfUtils.java:logGet(43)) - raft.server.log.statemachine.data.caching.enabled = true (custom)
2019-06-14 01:58:25,858 INFO  util.JmxRegister (JmxRegister.java:tryRegister(44)) - Successfully registered JMX Bean with object name Ratis:service=RaftServer,group=group-1987A1275304,id=6f1a6200-101c-4311-b973-521fbcec23cd
2019-06-14 01:58:25,860 INFO  server.RaftServerConfigKeys (ConfUtils.java:logGet(43)) - raft.server.snapshot.auto.trigger.enabled = true (custom)
2019-06-14 01:58:25,861 INFO  server.RaftServerConfigKeys (ConfUtils.java:logGet(43)) - raft.server.snapshot.auto.trigger.threshold = 10000 (custom)
2019-06-14 01:58:25,861 INFO  server.RaftServerConfigKeys (ConfUtils.java:logGet(43)) - raft.server.retrycache.expirytime = 600000ms (custom)
2019-06-14 01:58:25,861 INFO  impl.RaftServerImpl (RaftServerImpl.java:start(173)) - ca4ca3db-ddc6-4212-b45b-29b8e3a7339d: start group-1987A1275304
2019-06-14 01:58:25,861 INFO  impl.RaftServerImpl (RaftServerImpl.java:setRole(164)) - ca4ca3db-ddc6-4212-b45b-29b8e3a7339d:group-1987A1275304 changes role from null to FOLLOWER at term 0 for startAsFollower
2019-06-14 01:58:25,861 INFO  impl.RoleInfo (RoleInfo.java:updateAndGet(143)) - ca4ca3db-ddc6-4212-b45b-29b8e3a7339d: start FollowerState
2019-06-14 01:58:25,862 INFO  util.JmxRegister (JmxRegister.java:tryRegister(44)) - Successfully registered JMX Bean with object name Ratis:service=RaftServer,group=group-1987A1275304,id=ca4ca3db-ddc6-4212-b45b-29b8e3a7339d
2019-06-14 01:58:25,863 INFO  pipeline.PipelineStateManager (PipelineStateManager.java:addPipeline(56)) - Created pipeline Pipeline[ Id: 778bc8b2-0eb0-4d61-a098-1987a1275304, Nodes: 6f1a6200-101c-4311-b973-521fbcec23cd{ip: 192.168.46.36, host: ozone-s4hr9-797773889, networkLocation: /default-rack, certSerialId: null}ca4ca3db-ddc6-4212-b45b-29b8e3a7339d{ip: 192.168.46.36, host: ozone-s4hr9-797773889, networkLocation: /default-rack, certSerialId: null}378a71c2-9f2d-4ba4-a9f5-46e389df8db6{ip: 192.168.46.36, host: ozone-s4hr9-797773889, networkLocation: /default-rack, certSerialId: null}, Type:RATIS, Factor:THREE, State:OPEN]
2019-06-14 01:58:26,116 INFO  impl.FollowerState (FollowerState.java:run(101)) - 652a45d3-e813-4e54-81ad-c3724c279492:group-AED5DE5D56E0 changes to CANDIDATE, lastRpcTime:1070, electionTimeout:1070ms
2019-06-14 01:58:26,117 INFO  impl.RoleInfo (RoleInfo.java:shutdownFollowerState(121)) - 652a45d3-e813-4e54-81ad-c3724c279492: shutdown FollowerState
2019-06-14 01:58:26,117 INFO  impl.RaftServerImpl (RaftServerImpl.java:setRole(164)) - 652a45d3-e813-4e54-81ad-c3724c279492:group-AED5DE5D56E0 changes role from FOLLOWER to CANDIDATE at term 0 for changeToCandidate
2019-06-14 01:58:26,117 INFO  impl.RoleInfo (RoleInfo.java:updateAndGet(143)) - 652a45d3-e813-4e54-81ad-c3724c279492: start LeaderElection
2019-06-14 01:58:26,123 INFO  impl.LeaderElection (LeaderElection.java:askForVotes(181)) - 652a45d3-e813-4e54-81ad-c3724c279492:group-AED5DE5D56E0:LeaderElection42: begin an election at term 1 for -1: [652a45d3-e813-4e54-81ad-c3724c279492:192.168.46.36:43321], old=null
2019-06-14 01:58:26,123 INFO  impl.RoleInfo (RoleInfo.java:shutdownLeaderElection(134)) - 652a45d3-e813-4e54-81ad-c3724c279492: shutdown LeaderElection
2019-06-14 01:58:26,123 INFO  impl.RaftServerImpl (RaftServerImpl.java:setRole(164)) - 652a45d3-e813-4e54-81ad-c3724c279492:group-AED5DE5D56E0 changes role from CANDIDATE to LEADER at term 1 for changeToLeader
2019-06-14 01:58:26,123 INFO  impl.RaftServerImpl (ServerState.java:setLeader(263)) - 652a45d3-e813-4e54-81ad-c3724c279492:group-AED5DE5D56E0 change Leader from null to 652a45d3-e813-4e54-81ad-c3724c279492 at term 1 for becomeLeader, leader elected after 1078ms
2019-06-14 01:58:26,123 INFO  server.RaftServerConfigKeys (ConfUtils.java:logGet(43)) - raft.server.staging.catchup.gap = 1000 (default)
2019-06-14 01:58:26,123 INFO  server.RaftServerConfigKeys (ConfUtils.java:logGet(43)) - raft.server.rpc.sleep.time = 25ms (default)
2019-06-14 01:58:26,123 INFO  server.RaftServerConfigKeys (ConfUtils.java:logGet(43)) - raft.server.watch.timeout = 10s (default)
2019-06-14 01:58:26,123 INFO  server.RaftServerConfigKeys (ConfUtils.java:logGet(43)) - raft.server.watch.timeout.denomination = 1s (default)
2019-06-14 01:58:26,123 INFO  impl.RoleInfo (RoleInfo.java:updateAndGet(143)) - 652a45d3-e813-4e54-81ad-c3724c279492: start LeaderState
2019-06-14 01:58:26,124 INFO  storage.RaftLogWorker (RaftLogWorker.java:startLogSegment(298)) - 652a45d3-e813-4e54-81ad-c3724c279492-RaftLogWorker: Starting segment from index:0
2019-06-14 01:58:26,125 INFO  impl.RaftServerImpl (ServerState.java:setRaftConf(361)) - 652a45d3-e813-4e54-81ad-c3724c279492:group-AED5DE5D56E0 set configuration 0: [652a45d3-e813-4e54-81ad-c3724c279492:192.168.46.36:43321], old=null at 0
2019-06-14 01:58:26,159 INFO  storage.RaftLogWorker (RaftLogWorker.java:execute(469)) - 652a45d3-e813-4e54-81ad-c3724c279492-RaftLogWorker: created new log segment /opt/src/hadoop-ozone/integration-test/target/test-dir/MiniOzoneClusterImpl-5aead1ab-9ab4-494b-8dc0-694975ff814d/datanode-0/data/ratis/ac75d828-62be-48e8-bde2-aed5de5d56e0/current/log_inprogress_0
2019-06-14 01:58:26,199 INFO  impl.FollowerState (FollowerState.java:run(101)) - 86022a16-ded7-44a8-892f-f2e7e54c2f7b:group-CB2839A15CEB changes to CANDIDATE, lastRpcTime:1007, electionTimeout:1007ms
2019-06-14 01:58:26,199 INFO  impl.RoleInfo (RoleInfo.java:shutdownFollowerState(121)) - 86022a16-ded7-44a8-892f-f2e7e54c2f7b: shutdown FollowerState
2019-06-14 01:58:26,199 INFO  impl.RaftServerImpl (RaftServerImpl.java:setRole(164)) - 86022a16-ded7-44a8-892f-f2e7e54c2f7b:group-CB2839A15CEB changes role from FOLLOWER to CANDIDATE at term 0 for changeToCandidate
2019-06-14 01:58:26,199 INFO  impl.RoleInfo (RoleInfo.java:updateAndGet(143)) - 86022a16-ded7-44a8-892f-f2e7e54c2f7b: start LeaderElection
2019-06-14 01:58:26,204 INFO  impl.LeaderElection (LeaderElection.java:askForVotes(181)) - 86022a16-ded7-44a8-892f-f2e7e54c2f7b:group-CB2839A15CEB:LeaderElection43: begin an election at term 1 for -1: [86022a16-ded7-44a8-892f-f2e7e54c2f7b:192.168.46.36:35925], old=null
2019-06-14 01:58:26,205 INFO  impl.RoleInfo (RoleInfo.java:shutdownLeaderElection(134)) - 86022a16-ded7-44a8-892f-f2e7e54c2f7b: shutdown LeaderElection
2019-06-14 01:58:26,205 INFO  impl.RaftServerImpl (RaftServerImpl.java:setRole(164)) - 86022a16-ded7-44a8-892f-f2e7e54c2f7b:group-CB2839A15CEB changes role from CANDIDATE to LEADER at term 1 for changeToLeader
2019-06-14 01:58:26,205 INFO  impl.RaftServerImpl (ServerState.java:setLeader(263)) - 86022a16-ded7-44a8-892f-f2e7e54c2f7b:group-CB2839A15CEB change Leader from null to 86022a16-ded7-44a8-892f-f2e7e54c2f7b at term 1 for becomeLeader, leader elected after 1014ms
2019-06-14 01:58:26,205 INFO  server.RaftServerConfigKeys (ConfUtils.java:logGet(43)) - raft.server.staging.catchup.gap = 1000 (default)
2019-06-14 01:58:26,205 INFO  server.RaftServerConfigKeys (ConfUtils.java:logGet(43)) - raft.server.rpc.sleep.time = 25ms (default)
2019-06-14 01:58:26,205 INFO  server.RaftServerConfigKeys (ConfUtils.java:logGet(43)) - raft.server.watch.timeout = 10s (default)
2019-06-14 01:58:26,205 INFO  server.RaftServerConfigKeys (ConfUtils.java:logGet(43)) - raft.server.watch.timeout.denomination = 1s (default)
2019-06-14 01:58:26,205 INFO  impl.RoleInfo (RoleInfo.java:updateAndGet(143)) - 86022a16-ded7-44a8-892f-f2e7e54c2f7b: start LeaderState
2019-06-14 01:58:26,205 INFO  storage.RaftLogWorker (RaftLogWorker.java:startLogSegment(298)) - 86022a16-ded7-44a8-892f-f2e7e54c2f7b-RaftLogWorker: Starting segment from index:0
2019-06-14 01:58:26,205 INFO  impl.RaftServerImpl (ServerState.java:setRaftConf(361)) - 86022a16-ded7-44a8-892f-f2e7e54c2f7b:group-CB2839A15CEB set configuration 0: [86022a16-ded7-44a8-892f-f2e7e54c2f7b:192.168.46.36:35925], old=null at 0
2019-06-14 01:58:26,241 INFO  storage.RaftLogWorker (RaftLogWorker.java:execute(469)) - 86022a16-ded7-44a8-892f-f2e7e54c2f7b-RaftLogWorker: created new log segment /opt/src/hadoop-ozone/integration-test/target/test-dir/MiniOzoneClusterImpl-5aead1ab-9ab4-494b-8dc0-694975ff814d/datanode-1/data/ratis/ef5bc838-f531-4fc1-9d04-cb2839a15ceb/current/log_inprogress_0
2019-06-14 01:58:26,416 INFO  impl.FollowerState (FollowerState.java:run(101)) - 652a45d3-e813-4e54-81ad-c3724c279492:group-3EC38C721E28 changes to CANDIDATE, lastRpcTime:1017, electionTimeout:1017ms
2019-06-14 01:58:26,416 INFO  impl.RoleInfo (RoleInfo.java:shutdownFollowerState(121)) - 652a45d3-e813-4e54-81ad-c3724c279492: shutdown FollowerState
2019-06-14 01:58:26,416 INFO  impl.RaftServerImpl (RaftServerImpl.java:setRole(164)) - 652a45d3-e813-4e54-81ad-c3724c279492:group-3EC38C721E28 changes role from FOLLOWER to CANDIDATE at term 0 for changeToCandidate
2019-06-14 01:58:26,416 INFO  impl.RoleInfo (RoleInfo.java:updateAndGet(143)) - 652a45d3-e813-4e54-81ad-c3724c279492: start LeaderElection
2019-06-14 01:58:26,421 INFO  impl.LeaderElection (LeaderElection.java:askForVotes(181)) - 652a45d3-e813-4e54-81ad-c3724c279492:group-3EC38C721E28:LeaderElection44: begin an election at term 1 for -1: [652a45d3-e813-4e54-81ad-c3724c279492:192.168.46.36:43321, 5980913a-c30e-4f4d-804a-ea73b83479e8:192.168.46.36:41635, 86022a16-ded7-44a8-892f-f2e7e54c2f7b:192.168.46.36:35925], old=null
2019-06-14 01:58:26,426 INFO  impl.RaftServerImpl (RaftServerImpl.java:setRole(164)) - 86022a16-ded7-44a8-892f-f2e7e54c2f7b:group-3EC38C721E28 changes role from FOLLOWER to FOLLOWER at term 1 for recognizeCandidate:652a45d3-e813-4e54-81ad-c3724c279492
2019-06-14 01:58:26,426 INFO  impl.RaftServerImpl (RaftServerImpl.java:setRole(164)) - 5980913a-c30e-4f4d-804a-ea73b83479e8:group-3EC38C721E28 changes role from FOLLOWER to FOLLOWER at term 1 for recognizeCandidate:652a45d3-e813-4e54-81ad-c3724c279492
2019-06-14 01:58:26,427 INFO  impl.RoleInfo (RoleInfo.java:shutdownFollowerState(121)) - 86022a16-ded7-44a8-892f-f2e7e54c2f7b: shutdown FollowerState
2019-06-14 01:58:26,427 INFO  impl.RoleInfo (RoleInfo.java:shutdownFollowerState(121)) - 5980913a-c30e-4f4d-804a-ea73b83479e8: shutdown FollowerState
2019-06-14 01:58:26,427 INFO  impl.RoleInfo (RoleInfo.java:updateAndGet(143)) - 86022a16-ded7-44a8-892f-f2e7e54c2f7b: start FollowerState
2019-06-14 01:58:26,427 INFO  impl.RoleInfo (RoleInfo.java:updateAndGet(143)) - 5980913a-c30e-4f4d-804a-ea73b83479e8: start FollowerState
2019-06-14 01:58:26,427 INFO  impl.FollowerState (FollowerState.java:run(109)) - 5980913a-c30e-4f4d-804a-ea73b83479e8: FollowerState was interrupted: java.lang.InterruptedException: sleep interrupted
2019-06-14 01:58:26,429 INFO  impl.FollowerState (FollowerState.java:run(109)) - 86022a16-ded7-44a8-892f-f2e7e54c2f7b: FollowerState was interrupted: java.lang.InterruptedException: sleep interrupted
2019-06-14 01:58:26,432 INFO  impl.LeaderElection (LeaderElection.java:logAndReturn(56)) - 652a45d3-e813-4e54-81ad-c3724c279492:group-3EC38C721E28:LeaderElection44: Election PASSED; received 1 response(s) [652a45d3-e813-4e54-81ad-c3724c279492->5980913a-c30e-4f4d-804a-ea73b83479e8,true-t1] and 0 exception(s); 652a45d3-e813-4e54-81ad-c3724c279492:t1, leader=null, voted=652a45d3-e813-4e54-81ad-c3724c279492, raftlog=652a45d3-e813-4e54-81ad-c3724c279492-SegmentedRaftLog:OPENED:c-1,f-1,i0, conf=-1: [652a45d3-e813-4e54-81ad-c3724c279492:192.168.46.36:43321, 5980913a-c30e-4f4d-804a-ea73b83479e8:192.168.46.36:41635, 86022a16-ded7-44a8-892f-f2e7e54c2f7b:192.168.46.36:35925], old=null
2019-06-14 01:58:26,432 INFO  impl.RoleInfo (RoleInfo.java:shutdownLeaderElection(134)) - 652a45d3-e813-4e54-81ad-c3724c279492: shutdown LeaderElection
2019-06-14 01:58:26,432 INFO  impl.RaftServerImpl (RaftServerImpl.java:setRole(164)) - 652a45d3-e813-4e54-81ad-c3724c279492:group-3EC38C721E28 changes role from CANDIDATE to LEADER at term 1 for changeToLeader
2019-06-14 01:58:26,432 INFO  impl.RaftServerImpl (ServerState.java:setLeader(263)) - 652a45d3-e813-4e54-81ad-c3724c279492:group-3EC38C721E28 change Leader from null to 652a45d3-e813-4e54-81ad-c3724c279492 at term 1 for becomeLeader, leader elected after 1037ms
2019-06-14 01:58:26,432 INFO  server.RaftServerConfigKeys (ConfUtils.java:logGet(43)) - raft.server.staging.catchup.gap = 1000 (default)
2019-06-14 01:58:26,432 INFO  server.RaftServerConfigKeys (ConfUtils.java:logGet(43)) - raft.server.rpc.sleep.time = 25ms (default)
2019-06-14 01:58:26,432 INFO  server.RaftServerConfigKeys (ConfUtils.java:logGet(43)) - raft.server.watch.timeout = 10s (default)
2019-06-14 01:58:26,432 INFO  server.RaftServerConfigKeys (ConfUtils.java:logGet(43)) - raft.server.watch.timeout.denomination = 1s (default)
2019-06-14 01:58:26,433 INFO  server.RaftServerConfigKeys (ConfUtils.java:logGet(43)) - raft.server.log.appender.snapshot.chunk.size.max = 16MB (=16777216) (default)
2019-06-14 01:58:26,433 INFO  server.RaftServerConfigKeys (ConfUtils.java:logGet(43)) - raft.server.log.appender.buffer.byte-limit = 33554432 (custom)
2019-06-14 01:58:26,433 INFO  server.RaftServerConfigKeys (ConfUtils.java:logGet(43)) - raft.server.log.appender.buffer.element-limit = 1 (custom)
2019-06-14 01:58:26,433 INFO  grpc.GrpcConfigKeys$Server (ConfUtils.java:logGet(43)) - raft.grpc.server.leader.outstanding.appends.max = 128 (default)
2019-06-14 01:58:26,433 INFO  server.RaftServerConfigKeys (ConfUtils.java:logGet(43)) - raft.server.rpc.request.timeout = 3000ms (default)
2019-06-14 01:58:26,433 INFO  server.RaftServerConfigKeys (ConfUtils.java:logGet(43)) - raft.server.log.appender.install.snapshot.enabled = true (default)
2019-06-14 01:58:26,433 INFO  server.RaftServerConfigKeys (ConfUtils.java:logGet(43)) - raft.server.log.appender.snapshot.chunk.size.max = 16MB (=16777216) (default)
2019-06-14 01:58:26,434 INFO  server.RaftServerConfigKeys (ConfUtils.java:logGet(43)) - raft.server.log.appender.buffer.byte-limit = 33554432 (custom)
2019-06-14 01:58:26,434 INFO  server.RaftServerConfigKeys (ConfUtils.java:logGet(43)) - raft.server.log.appender.buffer.element-limit = 1 (custom)
2019-06-14 01:58:26,434 INFO  grpc.GrpcConfigKeys$Server (ConfUtils.java:logGet(43)) - raft.grpc.server.leader.outstanding.appends.max = 128 (default)
2019-06-14 01:58:26,434 INFO  server.RaftServerConfigKeys (ConfUtils.java:logGet(43)) - raft.server.rpc.request.timeout = 3000ms (default)
2019-06-14 01:58:26,434 INFO  server.RaftServerConfigKeys (ConfUtils.java:logGet(43)) - raft.server.log.appender.install.snapshot.enabled = true (default)
2019-06-14 01:58:26,434 INFO  impl.RoleInfo (RoleInfo.java:updateAndGet(143)) - 652a45d3-e813-4e54-81ad-c3724c279492: start LeaderState
2019-06-14 01:58:26,434 INFO  storage.RaftLogWorker (RaftLogWorker.java:startLogSegment(298)) - 652a45d3-e813-4e54-81ad-c3724c279492-RaftLogWorker: Starting segment from index:0
2019-06-14 01:58:26,437 INFO  impl.RaftServerImpl (ServerState.java:setRaftConf(361)) - 652a45d3-e813-4e54-81ad-c3724c279492:group-3EC38C721E28 set configuration 0: [652a45d3-e813-4e54-81ad-c3724c279492:192.168.46.36:43321, 5980913a-c30e-4f4d-804a-ea73b83479e8:192.168.46.36:41635, 86022a16-ded7-44a8-892f-f2e7e54c2f7b:192.168.46.36:35925], old=null at 0
2019-06-14 01:58:26,454 INFO  impl.RaftServerImpl (ServerState.java:setLeader(263)) - 5980913a-c30e-4f4d-804a-ea73b83479e8:group-3EC38C721E28 change Leader from null to 652a45d3-e813-4e54-81ad-c3724c279492 at term 1 for appendEntries, leader elected after 1057ms
2019-06-14 01:58:26,454 INFO  impl.RaftServerImpl (ServerState.java:setLeader(263)) - 86022a16-ded7-44a8-892f-f2e7e54c2f7b:group-3EC38C721E28 change Leader from null to 652a45d3-e813-4e54-81ad-c3724c279492 at term 1 for appendEntries, leader elected after 1059ms
2019-06-14 01:58:26,459 INFO  impl.RaftServerImpl (ServerState.java:setRaftConf(361)) - 5980913a-c30e-4f4d-804a-ea73b83479e8:group-3EC38C721E28 set configuration 0: [652a45d3-e813-4e54-81ad-c3724c279492:192.168.46.36:43321, 5980913a-c30e-4f4d-804a-ea73b83479e8:192.168.46.36:41635, 86022a16-ded7-44a8-892f-f2e7e54c2f7b:192.168.46.36:35925], old=null at 0
2019-06-14 01:58:26,459 INFO  storage.RaftLogWorker (RaftLogWorker.java:startLogSegment(298)) - 5980913a-c30e-4f4d-804a-ea73b83479e8-RaftLogWorker: Starting segment from index:0
2019-06-14 01:58:26,469 INFO  impl.RaftServerImpl (ServerState.java:setRaftConf(361)) - 86022a16-ded7-44a8-892f-f2e7e54c2f7b:group-3EC38C721E28 set configuration 0: [652a45d3-e813-4e54-81ad-c3724c279492:192.168.46.36:43321, 5980913a-c30e-4f4d-804a-ea73b83479e8:192.168.46.36:41635, 86022a16-ded7-44a8-892f-f2e7e54c2f7b:192.168.46.36:35925], old=null at 0
2019-06-14 01:58:26,469 INFO  storage.RaftLogWorker (RaftLogWorker.java:startLogSegment(298)) - 86022a16-ded7-44a8-892f-f2e7e54c2f7b-RaftLogWorker: Starting segment from index:0
2019-06-14 01:58:26,483 INFO  storage.RaftLogWorker (RaftLogWorker.java:execute(469)) - 652a45d3-e813-4e54-81ad-c3724c279492-RaftLogWorker: created new log segment /opt/src/hadoop-ozone/integration-test/target/test-dir/MiniOzoneClusterImpl-5aead1ab-9ab4-494b-8dc0-694975ff814d/datanode-0/data/ratis/25852a35-0f4b-416e-a483-3ec38c721e28/current/log_inprogress_0
2019-06-14 01:58:26,495 INFO  impl.FollowerState (FollowerState.java:run(101)) - 5980913a-c30e-4f4d-804a-ea73b83479e8:group-8A9A228D82A1 changes to CANDIDATE, lastRpcTime:1128, electionTimeout:1128ms
2019-06-14 01:58:26,495 INFO  impl.RoleInfo (RoleInfo.java:shutdownFollowerState(121)) - 5980913a-c30e-4f4d-804a-ea73b83479e8: shutdown FollowerState
2019-06-14 01:58:26,495 INFO  impl.RaftServerImpl (RaftServerImpl.java:setRole(164)) - 5980913a-c30e-4f4d-804a-ea73b83479e8:group-8A9A228D82A1 changes role from FOLLOWER to CANDIDATE at term 0 for changeToCandidate
2019-06-14 01:58:26,495 INFO  impl.RoleInfo (RoleInfo.java:updateAndGet(143)) - 5980913a-c30e-4f4d-804a-ea73b83479e8: start LeaderElection
2019-06-14 01:58:26,514 INFO  storage.RaftLogWorker (RaftLogWorker.java:execute(469)) - 5980913a-c30e-4f4d-804a-ea73b83479e8-RaftLogWorker: created new log segment /opt/src/hadoop-ozone/integration-test/target/test-dir/MiniOzoneClusterImpl-5aead1ab-9ab4-494b-8dc0-694975ff814d/datanode-2/data/ratis/25852a35-0f4b-416e-a483-3ec38c721e28/current/log_inprogress_0
2019-06-14 01:58:26,514 INFO  storage.RaftLogWorker (RaftLogWorker.java:execute(469)) - 86022a16-ded7-44a8-892f-f2e7e54c2f7b-RaftLogWorker: created new log segment /opt/src/hadoop-ozone/integration-test/target/test-dir/MiniOzoneClusterImpl-5aead1ab-9ab4-494b-8dc0-694975ff814d/datanode-1/data/ratis/25852a35-0f4b-416e-a483-3ec38c721e28/current/log_inprogress_0
2019-06-14 01:58:26,516 INFO  impl.LeaderElection (LeaderElection.java:askForVotes(181)) - 5980913a-c30e-4f4d-804a-ea73b83479e8:group-8A9A228D82A1:LeaderElection45: begin an election at term 1 for -1: [5980913a-c30e-4f4d-804a-ea73b83479e8:192.168.46.36:41635], old=null
2019-06-14 01:58:26,516 INFO  impl.RoleInfo (RoleInfo.java:shutdownLeaderElection(134)) - 5980913a-c30e-4f4d-804a-ea73b83479e8: shutdown LeaderElection
2019-06-14 01:58:26,516 INFO  impl.RaftServerImpl (RaftServerImpl.java:setRole(164)) - 5980913a-c30e-4f4d-804a-ea73b83479e8:group-8A9A228D82A1 changes role from CANDIDATE to LEADER at term 1 for changeToLeader
2019-06-14 01:58:26,516 INFO  impl.RaftServerImpl (ServerState.java:setLeader(263)) - 5980913a-c30e-4f4d-804a-ea73b83479e8:group-8A9A228D82A1 change Leader from null to 5980913a-c30e-4f4d-804a-ea73b83479e8 at term 1 for becomeLeader, leader elected after 1151ms
2019-06-14 01:58:26,516 INFO  server.RaftServerConfigKeys (ConfUtils.java:logGet(43)) - raft.server.staging.catchup.gap = 1000 (default)
2019-06-14 01:58:26,516 INFO  server.RaftServerConfigKeys (ConfUtils.java:logGet(43)) - raft.server.rpc.sleep.time = 25ms (default)
2019-06-14 01:58:26,516 INFO  server.RaftServerConfigKeys (ConfUtils.java:logGet(43)) - raft.server.watch.timeout = 10s (default)
2019-06-14 01:58:26,516 INFO  server.RaftServerConfigKeys (ConfUtils.java:logGet(43)) - raft.server.watch.timeout.denomination = 1s (default)
2019-06-14 01:58:26,516 INFO  impl.RoleInfo (RoleInfo.java:updateAndGet(143)) - 5980913a-c30e-4f4d-804a-ea73b83479e8: start LeaderState
2019-06-14 01:58:26,517 INFO  storage.RaftLogWorker (RaftLogWorker.java:startLogSegment(298)) - 5980913a-c30e-4f4d-804a-ea73b83479e8-RaftLogWorker: Starting segment from index:0
2019-06-14 01:58:26,517 INFO  impl.RaftServerImpl (ServerState.java:setRaftConf(361)) - 5980913a-c30e-4f4d-804a-ea73b83479e8:group-8A9A228D82A1 set configuration 0: [5980913a-c30e-4f4d-804a-ea73b83479e8:192.168.46.36:41635], old=null at 0
2019-06-14 01:58:26,551 INFO  storage.RaftLogWorker (RaftLogWorker.java:execute(469)) - 5980913a-c30e-4f4d-804a-ea73b83479e8-RaftLogWorker: created new log segment /opt/src/hadoop-ozone/integration-test/target/test-dir/MiniOzoneClusterImpl-5aead1ab-9ab4-494b-8dc0-694975ff814d/datanode-2/data/ratis/449515cb-7825-4949-9e6d-8a9a228d82a1/current/log_inprogress_0
2019-06-14 01:58:26,571 INFO  impl.FollowerState (FollowerState.java:run(101)) - 6f1a6200-101c-4311-b973-521fbcec23cd:group-B380657F18B4 changes to CANDIDATE, lastRpcTime:1060, electionTimeout:1060ms
2019-06-14 01:58:26,571 INFO  impl.RoleInfo (RoleInfo.java:shutdownFollowerState(121)) - 6f1a6200-101c-4311-b973-521fbcec23cd: shutdown FollowerState
2019-06-14 01:58:26,572 INFO  impl.RaftServerImpl (RaftServerImpl.java:setRole(164)) - 6f1a6200-101c-4311-b973-521fbcec23cd:group-B380657F18B4 changes role from FOLLOWER to CANDIDATE at term 0 for changeToCandidate
2019-06-14 01:58:26,572 INFO  impl.RoleInfo (RoleInfo.java:updateAndGet(143)) - 6f1a6200-101c-4311-b973-521fbcec23cd: start LeaderElection
2019-06-14 01:58:26,577 INFO  impl.LeaderElection (LeaderElection.java:askForVotes(181)) - 6f1a6200-101c-4311-b973-521fbcec23cd:group-B380657F18B4:LeaderElection46: begin an election at term 1 for -1: [6f1a6200-101c-4311-b973-521fbcec23cd:192.168.46.36:44177], old=null
2019-06-14 01:58:26,577 INFO  impl.RoleInfo (RoleInfo.java:shutdownLeaderElection(134)) - 6f1a6200-101c-4311-b973-521fbcec23cd: shutdown LeaderElection
2019-06-14 01:58:26,577 INFO  impl.RaftServerImpl (RaftServerImpl.java:setRole(164)) - 6f1a6200-101c-4311-b973-521fbcec23cd:group-B380657F18B4 changes role from CANDIDATE to LEADER at term 1 for changeToLeader
2019-06-14 01:58:26,577 INFO  impl.RaftServerImpl (ServerState.java:setLeader(263)) - 6f1a6200-101c-4311-b973-521fbcec23cd:group-B380657F18B4 change Leader from null to 6f1a6200-101c-4311-b973-521fbcec23cd at term 1 for becomeLeader, leader elected after 1068ms
2019-06-14 01:58:26,577 INFO  server.RaftServerConfigKeys (ConfUtils.java:logGet(43)) - raft.server.staging.catchup.gap = 1000 (default)
2019-06-14 01:58:26,578 INFO  server.RaftServerConfigKeys (ConfUtils.java:logGet(43)) - raft.server.rpc.sleep.time = 25ms (default)
2019-06-14 01:58:26,578 INFO  server.RaftServerConfigKeys (ConfUtils.java:logGet(43)) - raft.server.watch.timeout = 10s (default)
2019-06-14 01:58:26,578 INFO  server.RaftServerConfigKeys (ConfUtils.java:logGet(43)) - raft.server.watch.timeout.denomination = 1s (default)
2019-06-14 01:58:26,578 INFO  impl.RoleInfo (RoleInfo.java:updateAndGet(143)) - 6f1a6200-101c-4311-b973-521fbcec23cd: start LeaderState
2019-06-14 01:58:26,578 INFO  storage.RaftLogWorker (RaftLogWorker.java:startLogSegment(298)) - 6f1a6200-101c-4311-b973-521fbcec23cd-RaftLogWorker: Starting segment from index:0
2019-06-14 01:58:26,578 INFO  impl.RaftServerImpl (ServerState.java:setRaftConf(361)) - 6f1a6200-101c-4311-b973-521fbcec23cd:group-B380657F18B4 set configuration 0: [6f1a6200-101c-4311-b973-521fbcec23cd:192.168.46.36:44177], old=null at 0
2019-06-14 01:58:26,614 INFO  storage.RaftLogWorker (RaftLogWorker.java:execute(469)) - 6f1a6200-101c-4311-b973-521fbcec23cd-RaftLogWorker: created new log segment /opt/src/hadoop-ozone/integration-test/target/test-dir/MiniOzoneClusterImpl-5aead1ab-9ab4-494b-8dc0-694975ff814d/datanode-3/data/ratis/beef7427-736e-4c29-85d8-b380657f18b4/current/log_inprogress_0
2019-06-14 01:58:26,824 INFO  ozone.MiniOzoneClusterImpl (MiniOzoneClusterImpl.java:lambda$waitForClusterToBeReady$0(142)) - Cluster is ready. Got 6 of 6 DN Heartbeats.
2019-06-14 01:58:26,837 INFO  rpc.RpcClient (RpcClient.java:createVolume(289)) - Creating Volume: datanodefailurehandlingtest, with root as owner.
2019-06-14 01:58:26,844 INFO  rpc.RpcClient (RpcClient.java:createBucket(426)) - Creating Bucket: datanodefailurehandlingtest/datanodefailurehandlingtest, with Versioning false and Storage Type set to DISK and Encryption set to false 
2019-06-14 01:58:26,849 INFO  impl.FollowerState (FollowerState.java:run(101)) - 378a71c2-9f2d-4ba4-a9f5-46e389df8db6:group-A4398184043E changes to CANDIDATE, lastRpcTime:1153, electionTimeout:1153ms
2019-06-14 01:58:26,849 INFO  impl.RoleInfo (RoleInfo.java:shutdownFollowerState(121)) - 378a71c2-9f2d-4ba4-a9f5-46e389df8db6: shutdown FollowerState
2019-06-14 01:58:26,849 INFO  impl.RaftServerImpl (RaftServerImpl.java:setRole(164)) - 378a71c2-9f2d-4ba4-a9f5-46e389df8db6:group-A4398184043E changes role from FOLLOWER to CANDIDATE at term 0 for changeToCandidate
2019-06-14 01:58:26,849 INFO  impl.RoleInfo (RoleInfo.java:updateAndGet(143)) - 378a71c2-9f2d-4ba4-a9f5-46e389df8db6: start LeaderElection
2019-06-14 01:58:26,855 INFO  impl.LeaderElection (LeaderElection.java:askForVotes(181)) - 378a71c2-9f2d-4ba4-a9f5-46e389df8db6:group-A4398184043E:LeaderElection47: begin an election at term 1 for -1: [378a71c2-9f2d-4ba4-a9f5-46e389df8db6:192.168.46.36:40527], old=null
2019-06-14 01:58:26,855 INFO  impl.RoleInfo (RoleInfo.java:shutdownLeaderElection(134)) - 378a71c2-9f2d-4ba4-a9f5-46e389df8db6: shutdown LeaderElection
2019-06-14 01:58:26,855 INFO  impl.RaftServerImpl (RaftServerImpl.java:setRole(164)) - 378a71c2-9f2d-4ba4-a9f5-46e389df8db6:group-A4398184043E changes role from CANDIDATE to LEADER at term 1 for changeToLeader
2019-06-14 01:58:26,855 INFO  impl.RaftServerImpl (ServerState.java:setLeader(263)) - 378a71c2-9f2d-4ba4-a9f5-46e389df8db6:group-A4398184043E change Leader from null to 378a71c2-9f2d-4ba4-a9f5-46e389df8db6 at term 1 for becomeLeader, leader elected after 1161ms
2019-06-14 01:58:26,855 INFO  server.RaftServerConfigKeys (ConfUtils.java:logGet(43)) - raft.server.staging.catchup.gap = 1000 (default)
2019-06-14 01:58:26,855 INFO  server.RaftServerConfigKeys (ConfUtils.java:logGet(43)) - raft.server.rpc.sleep.time = 25ms (default)
2019-06-14 01:58:26,856 INFO  server.RaftServerConfigKeys (ConfUtils.java:logGet(43)) - raft.server.watch.timeout = 10s (default)
2019-06-14 01:58:26,856 INFO  server.RaftServerConfigKeys (ConfUtils.java:logGet(43)) - raft.server.watch.timeout.denomination = 1s (default)
2019-06-14 01:58:26,856 INFO  impl.RoleInfo (RoleInfo.java:updateAndGet(143)) - 378a71c2-9f2d-4ba4-a9f5-46e389df8db6: start LeaderState
2019-06-14 01:58:26,856 INFO  storage.RaftLogWorker (RaftLogWorker.java:startLogSegment(298)) - 378a71c2-9f2d-4ba4-a9f5-46e389df8db6-RaftLogWorker: Starting segment from index:0
2019-06-14 01:58:26,857 INFO  impl.FollowerState (FollowerState.java:run(101)) - ca4ca3db-ddc6-4212-b45b-29b8e3a7339d:group-DE0DD06CA40F changes to CANDIDATE, lastRpcTime:1021, electionTimeout:1021ms
2019-06-14 01:58:26,857 INFO  impl.RoleInfo (RoleInfo.java:shutdownFollowerState(121)) - ca4ca3db-ddc6-4212-b45b-29b8e3a7339d: shutdown FollowerState
2019-06-14 01:58:26,857 INFO  impl.RaftServerImpl (RaftServerImpl.java:setRole(164)) - ca4ca3db-ddc6-4212-b45b-29b8e3a7339d:group-DE0DD06CA40F changes role from FOLLOWER to CANDIDATE at term 0 for changeToCandidate
2019-06-14 01:58:26,878 INFO  impl.RaftServerImpl (ServerState.java:setRaftConf(361)) - 378a71c2-9f2d-4ba4-a9f5-46e389df8db6:group-A4398184043E set configuration 0: [378a71c2-9f2d-4ba4-a9f5-46e389df8db6:192.168.46.36:40527], old=null at 0
2019-06-14 01:58:26,879 INFO  impl.RoleInfo (RoleInfo.java:updateAndGet(143)) - ca4ca3db-ddc6-4212-b45b-29b8e3a7339d: start LeaderElection
2019-06-14 01:58:26,916 INFO  storage.RaftLogWorker (RaftLogWorker.java:execute(469)) - 378a71c2-9f2d-4ba4-a9f5-46e389df8db6-RaftLogWorker: created new log segment /opt/src/hadoop-ozone/integration-test/target/test-dir/MiniOzoneClusterImpl-5aead1ab-9ab4-494b-8dc0-694975ff814d/datanode-4/data/ratis/385cd34c-7ce0-4760-ba6c-a4398184043e/current/log_inprogress_0
2019-06-14 01:58:26,916 INFO  impl.LeaderElection (LeaderElection.java:askForVotes(181)) - ca4ca3db-ddc6-4212-b45b-29b8e3a7339d:group-DE0DD06CA40F:LeaderElection48: begin an election at term 1 for -1: [ca4ca3db-ddc6-4212-b45b-29b8e3a7339d:192.168.46.36:40395], old=null
2019-06-14 01:58:26,916 INFO  impl.RoleInfo (RoleInfo.java:shutdownLeaderElection(134)) - ca4ca3db-ddc6-4212-b45b-29b8e3a7339d: shutdown LeaderElection
2019-06-14 01:58:26,916 INFO  impl.RaftServerImpl (RaftServerImpl.java:setRole(164)) - ca4ca3db-ddc6-4212-b45b-29b8e3a7339d:group-DE0DD06CA40F changes role from CANDIDATE to LEADER at term 1 for changeToLeader
2019-06-14 01:58:26,916 INFO  impl.RaftServerImpl (ServerState.java:setLeader(263)) - ca4ca3db-ddc6-4212-b45b-29b8e3a7339d:group-DE0DD06CA40F change Leader from null to ca4ca3db-ddc6-4212-b45b-29b8e3a7339d at term 1 for becomeLeader, leader elected after 1082ms
2019-06-14 01:58:26,916 INFO  server.RaftServerConfigKeys (ConfUtils.java:logGet(43)) - raft.server.staging.catchup.gap = 1000 (default)
2019-06-14 01:58:26,917 INFO  server.RaftServerConfigKeys (ConfUtils.java:logGet(43)) - raft.server.rpc.sleep.time = 25ms (default)
2019-06-14 01:58:26,917 INFO  server.RaftServerConfigKeys (ConfUtils.java:logGet(43)) - raft.server.watch.timeout = 10s (default)
2019-06-14 01:58:26,917 INFO  server.RaftServerConfigKeys (ConfUtils.java:logGet(43)) - raft.server.watch.timeout.denomination = 1s (default)
2019-06-14 01:58:26,917 INFO  impl.RoleInfo (RoleInfo.java:updateAndGet(143)) - ca4ca3db-ddc6-4212-b45b-29b8e3a7339d: start LeaderState
2019-06-14 01:58:26,917 INFO  storage.RaftLogWorker (RaftLogWorker.java:startLogSegment(298)) - ca4ca3db-ddc6-4212-b45b-29b8e3a7339d-RaftLogWorker: Starting segment from index:0
2019-06-14 01:58:26,967 INFO  impl.FollowerState (FollowerState.java:run(101)) - ca4ca3db-ddc6-4212-b45b-29b8e3a7339d:group-1987A1275304 changes to CANDIDATE, lastRpcTime:1103, electionTimeout:1103ms
2019-06-14 01:58:26,967 INFO  impl.RoleInfo (RoleInfo.java:shutdownFollowerState(121)) - ca4ca3db-ddc6-4212-b45b-29b8e3a7339d: shutdown FollowerState
2019-06-14 01:58:26,967 INFO  impl.RaftServerImpl (RaftServerImpl.java:setRole(164)) - ca4ca3db-ddc6-4212-b45b-29b8e3a7339d:group-1987A1275304 changes role from FOLLOWER to CANDIDATE at term 0 for changeToCandidate
2019-06-14 01:58:26,967 INFO  impl.RoleInfo (RoleInfo.java:updateAndGet(143)) - ca4ca3db-ddc6-4212-b45b-29b8e3a7339d: start LeaderElection
2019-06-14 01:58:26,967 INFO  impl.FollowerState (FollowerState.java:run(101)) - 378a71c2-9f2d-4ba4-a9f5-46e389df8db6:group-1987A1275304 changes to CANDIDATE, lastRpcTime:1110, electionTimeout:1094ms
2019-06-14 01:58:26,967 INFO  impl.RoleInfo (RoleInfo.java:shutdownFollowerState(121)) - 378a71c2-9f2d-4ba4-a9f5-46e389df8db6: shutdown FollowerState
2019-06-14 01:58:26,967 INFO  impl.RaftServerImpl (RaftServerImpl.java:setRole(164)) - 378a71c2-9f2d-4ba4-a9f5-46e389df8db6:group-1987A1275304 changes role from FOLLOWER to CANDIDATE at term 0 for changeToCandidate
2019-06-14 01:58:26,973 INFO  impl.RaftServerImpl (ServerState.java:setRaftConf(361)) - ca4ca3db-ddc6-4212-b45b-29b8e3a7339d:group-DE0DD06CA40F set configuration 0: [ca4ca3db-ddc6-4212-b45b-29b8e3a7339d:192.168.46.36:40395], old=null at 0
2019-06-14 01:58:26,981 INFO  impl.RoleInfo (RoleInfo.java:updateAndGet(143)) - 378a71c2-9f2d-4ba4-a9f5-46e389df8db6: start LeaderElection
2019-06-14 01:58:27,000 INFO  impl.FollowerState (FollowerState.java:run(101)) - 6f1a6200-101c-4311-b973-521fbcec23cd:group-1987A1275304 changes to CANDIDATE, lastRpcTime:1139, electionTimeout:1136ms
2019-06-14 01:58:27,002 INFO  impl.RoleInfo (RoleInfo.java:shutdownFollowerState(121)) - 6f1a6200-101c-4311-b973-521fbcec23cd: shutdown FollowerState
2019-06-14 01:58:27,002 INFO  impl.RaftServerImpl (RaftServerImpl.java:setRole(164)) - 6f1a6200-101c-4311-b973-521fbcec23cd:group-1987A1275304 changes role from FOLLOWER to CANDIDATE at term 0 for changeToCandidate
2019-06-14 01:58:27,002 INFO  impl.RoleInfo (RoleInfo.java:updateAndGet(143)) - 6f1a6200-101c-4311-b973-521fbcec23cd: start LeaderElection
2019-06-14 01:58:27,004 INFO  storage.RaftLogWorker (RaftLogWorker.java:execute(469)) - ca4ca3db-ddc6-4212-b45b-29b8e3a7339d-RaftLogWorker: created new log segment /opt/src/hadoop-ozone/integration-test/target/test-dir/MiniOzoneClusterImpl-5aead1ab-9ab4-494b-8dc0-694975ff814d/datanode-5/data/ratis/e8476229-83a7-4c63-aba3-de0dd06ca40f/current/log_inprogress_0
2019-06-14 01:58:27,004 INFO  impl.LeaderElection (LeaderElection.java:askForVotes(181)) - ca4ca3db-ddc6-4212-b45b-29b8e3a7339d:group-1987A1275304:LeaderElection49: begin an election at term 1 for -1: [ca4ca3db-ddc6-4212-b45b-29b8e3a7339d:192.168.46.36:40395, 378a71c2-9f2d-4ba4-a9f5-46e389df8db6:192.168.46.36:40527, 6f1a6200-101c-4311-b973-521fbcec23cd:192.168.46.36:44177], old=null
2019-06-14 01:58:27,004 INFO  impl.LeaderElection (LeaderElection.java:askForVotes(181)) - 378a71c2-9f2d-4ba4-a9f5-46e389df8db6:group-1987A1275304:LeaderElection50: begin an election at term 1 for -1: [ca4ca3db-ddc6-4212-b45b-29b8e3a7339d:192.168.46.36:40395, 378a71c2-9f2d-4ba4-a9f5-46e389df8db6:192.168.46.36:40527, 6f1a6200-101c-4311-b973-521fbcec23cd:192.168.46.36:44177], old=null
2019-06-14 01:58:27,008 INFO  impl.LeaderElection (LeaderElection.java:askForVotes(181)) - 6f1a6200-101c-4311-b973-521fbcec23cd:group-1987A1275304:LeaderElection51: begin an election at term 1 for -1: [ca4ca3db-ddc6-4212-b45b-29b8e3a7339d:192.168.46.36:40395, 378a71c2-9f2d-4ba4-a9f5-46e389df8db6:192.168.46.36:40527, 6f1a6200-101c-4311-b973-521fbcec23cd:192.168.46.36:44177], old=null
2019-06-14 01:58:27,023 INFO  client.GrpcClientProtocolClient (GrpcClientProtocolClient.java:onNext(254)) - client-4964C4A97DD7->6f1a6200-101c-4311-b973-521fbcec23cd: receive RaftClientReply:client-4964C4A97DD7->6f1a6200-101c-4311-b973-521fbcec23cd@group-1987A1275304, cid=70, FAILED org.apache.ratis.protocol.NotLeaderException: Server 6f1a6200-101c-4311-b973-521fbcec23cd is not the leader (378a71c2-9f2d-4ba4-a9f5-46e389df8db6:192.168.46.36:40527). Request must be sent to leader., logIndex=0, commits[6f1a6200-101c-4311-b973-521fbcec23cd:c-1]
2019-06-14 01:58:27,032 INFO  impl.LeaderElection (LeaderElection.java:logAndReturn(56)) - ca4ca3db-ddc6-4212-b45b-29b8e3a7339d:group-1987A1275304:LeaderElection49: Election REJECTED; received 2 response(s) [ca4ca3db-ddc6-4212-b45b-29b8e3a7339d->378a71c2-9f2d-4ba4-a9f5-46e389df8db6,false-t1, ca4ca3db-ddc6-4212-b45b-29b8e3a7339d->6f1a6200-101c-4311-b973-521fbcec23cd,false-t1] and 0 exception(s); ca4ca3db-ddc6-4212-b45b-29b8e3a7339d:t1, leader=null, voted=ca4ca3db-ddc6-4212-b45b-29b8e3a7339d, raftlog=ca4ca3db-ddc6-4212-b45b-29b8e3a7339d-SegmentedRaftLog:OPENED:c-1,f-1,i0, conf=-1: [ca4ca3db-ddc6-4212-b45b-29b8e3a7339d:192.168.46.36:40395, 378a71c2-9f2d-4ba4-a9f5-46e389df8db6:192.168.46.36:40527, 6f1a6200-101c-4311-b973-521fbcec23cd:192.168.46.36:44177], old=null
2019-06-14 01:58:27,033 INFO  impl.RaftServerImpl (RaftServerImpl.java:setRole(164)) - ca4ca3db-ddc6-4212-b45b-29b8e3a7339d:group-1987A1275304 changes role from CANDIDATE to FOLLOWER at term 1 for DISCOVERED_A_NEW_TERM
2019-06-14 01:58:27,033 INFO  impl.RoleInfo (RoleInfo.java:shutdownLeaderElection(134)) - ca4ca3db-ddc6-4212-b45b-29b8e3a7339d: shutdown LeaderElection
2019-06-14 01:58:27,033 INFO  impl.RoleInfo (RoleInfo.java:updateAndGet(143)) - ca4ca3db-ddc6-4212-b45b-29b8e3a7339d: start FollowerState
2019-06-14 01:58:27,033 INFO  impl.LeaderElection (LeaderElection.java:logAndReturn(56)) - 6f1a6200-101c-4311-b973-521fbcec23cd:group-1987A1275304:LeaderElection51: Election REJECTED; received 2 response(s) [6f1a6200-101c-4311-b973-521fbcec23cd->ca4ca3db-ddc6-4212-b45b-29b8e3a7339d,false-t1, 6f1a6200-101c-4311-b973-521fbcec23cd->378a71c2-9f2d-4ba4-a9f5-46e389df8db6,false-t1] and 0 exception(s); 6f1a6200-101c-4311-b973-521fbcec23cd:t1, leader=null, voted=6f1a6200-101c-4311-b973-521fbcec23cd, raftlog=6f1a6200-101c-4311-b973-521fbcec23cd-SegmentedRaftLog:OPENED:c-1,f-1,i0, conf=-1: [ca4ca3db-ddc6-4212-b45b-29b8e3a7339d:192.168.46.36:40395, 378a71c2-9f2d-4ba4-a9f5-46e389df8db6:192.168.46.36:40527, 6f1a6200-101c-4311-b973-521fbcec23cd:192.168.46.36:44177], old=null
2019-06-14 01:58:27,039 INFO  impl.RaftServerImpl (RaftServerImpl.java:setRole(164)) - 6f1a6200-101c-4311-b973-521fbcec23cd:group-1987A1275304 changes role from CANDIDATE to FOLLOWER at term 1 for DISCOVERED_A_NEW_TERM
2019-06-14 01:58:27,039 INFO  impl.RoleInfo (RoleInfo.java:shutdownLeaderElection(134)) - 6f1a6200-101c-4311-b973-521fbcec23cd: shutdown LeaderElection
2019-06-14 01:58:27,039 INFO  impl.RoleInfo (RoleInfo.java:updateAndGet(143)) - 6f1a6200-101c-4311-b973-521fbcec23cd: start FollowerState
2019-06-14 01:58:27,040 WARN  client.GrpcClientProtocolService (LogUtils.java:warn(134)) - 0-OrderedRequestStreamObserver0: onError: org.apache.ratis.thirdparty.io.grpc.StatusRuntimeException: CANCELLED: cancelled before receiving half close
2019-06-14 01:58:27,040 INFO  impl.LeaderElection (LeaderElection.java:logAndReturn(56)) - 378a71c2-9f2d-4ba4-a9f5-46e389df8db6:group-1987A1275304:LeaderElection50: Election REJECTED; received 2 response(s) [378a71c2-9f2d-4ba4-a9f5-46e389df8db6->ca4ca3db-ddc6-4212-b45b-29b8e3a7339d,false-t1, 378a71c2-9f2d-4ba4-a9f5-46e389df8db6->6f1a6200-101c-4311-b973-521fbcec23cd,false-t1] and 0 exception(s); 378a71c2-9f2d-4ba4-a9f5-46e389df8db6:t1, leader=null, voted=378a71c2-9f2d-4ba4-a9f5-46e389df8db6, raftlog=378a71c2-9f2d-4ba4-a9f5-46e389df8db6-SegmentedRaftLog:OPENED:c-1,f-1,i0, conf=-1: [ca4ca3db-ddc6-4212-b45b-29b8e3a7339d:192.168.46.36:40395, 378a71c2-9f2d-4ba4-a9f5-46e389df8db6:192.168.46.36:40527, 6f1a6200-101c-4311-b973-521fbcec23cd:192.168.46.36:44177], old=null
2019-06-14 01:58:27,040 INFO  impl.RaftServerImpl (RaftServerImpl.java:setRole(164)) - 378a71c2-9f2d-4ba4-a9f5-46e389df8db6:group-1987A1275304 changes role from CANDIDATE to FOLLOWER at term 1 for DISCOVERED_A_NEW_TERM
2019-06-14 01:58:27,040 INFO  impl.RoleInfo (RoleInfo.java:shutdownLeaderElection(134)) - 378a71c2-9f2d-4ba4-a9f5-46e389df8db6: shutdown LeaderElection
2019-06-14 01:58:27,040 INFO  impl.RoleInfo (RoleInfo.java:updateAndGet(143)) - 378a71c2-9f2d-4ba4-a9f5-46e389df8db6: start FollowerState
2019-06-14 01:58:28,047 INFO  client.GrpcClientProtocolClient (GrpcClientProtocolClient.java:onNext(254)) - client-4964C4A97DD7->378a71c2-9f2d-4ba4-a9f5-46e389df8db6: receive RaftClientReply:client-4964C4A97DD7->378a71c2-9f2d-4ba4-a9f5-46e389df8db6@group-1987A1275304, cid=70, FAILED org.apache.ratis.protocol.NotLeaderException: Server 378a71c2-9f2d-4ba4-a9f5-46e389df8db6 is not the leader (ca4ca3db-ddc6-4212-b45b-29b8e3a7339d:192.168.46.36:40395). Request must be sent to leader., logIndex=0, commits[378a71c2-9f2d-4ba4-a9f5-46e389df8db6:c-1]
2019-06-14 01:58:28,051 WARN  client.GrpcClientProtocolService (LogUtils.java:warn(134)) - 0-OrderedRequestStreamObserver0: onError: org.apache.ratis.thirdparty.io.grpc.StatusRuntimeException: CANCELLED: cancelled before receiving half close
2019-06-14 01:58:28,120 INFO  impl.FollowerState (FollowerState.java:run(101)) - ca4ca3db-ddc6-4212-b45b-29b8e3a7339d:group-1987A1275304 changes to CANDIDATE, lastRpcTime:1087, electionTimeout:1081ms
2019-06-14 01:58:28,120 INFO  impl.RoleInfo (RoleInfo.java:shutdownFollowerState(121)) - ca4ca3db-ddc6-4212-b45b-29b8e3a7339d: shutdown FollowerState
2019-06-14 01:58:28,120 INFO  impl.RaftServerImpl (RaftServerImpl.java:setRole(164)) - ca4ca3db-ddc6-4212-b45b-29b8e3a7339d:group-1987A1275304 changes role from FOLLOWER to CANDIDATE at term 1 for changeToCandidate
2019-06-14 01:58:28,121 INFO  impl.RoleInfo (RoleInfo.java:updateAndGet(143)) - ca4ca3db-ddc6-4212-b45b-29b8e3a7339d: start LeaderElection
2019-06-14 01:58:28,123 INFO  impl.LeaderElection (LeaderElection.java:askForVotes(181)) - ca4ca3db-ddc6-4212-b45b-29b8e3a7339d:group-1987A1275304:LeaderElection52: begin an election at term 2 for -1: [ca4ca3db-ddc6-4212-b45b-29b8e3a7339d:192.168.46.36:40395, 378a71c2-9f2d-4ba4-a9f5-46e389df8db6:192.168.46.36:40527, 6f1a6200-101c-4311-b973-521fbcec23cd:192.168.46.36:44177], old=null
2019-06-14 01:58:28,124 INFO  impl.RaftServerImpl (RaftServerImpl.java:setRole(164)) - 6f1a6200-101c-4311-b973-521fbcec23cd:group-1987A1275304 changes role from FOLLOWER to FOLLOWER at term 2 for recognizeCandidate:ca4ca3db-ddc6-4212-b45b-29b8e3a7339d
2019-06-14 01:58:28,124 INFO  impl.RoleInfo (RoleInfo.java:shutdownFollowerState(121)) - 6f1a6200-101c-4311-b973-521fbcec23cd: shutdown FollowerState
2019-06-14 01:58:28,124 INFO  impl.RoleInfo (RoleInfo.java:updateAndGet(143)) - 6f1a6200-101c-4311-b973-521fbcec23cd: start FollowerState
2019-06-14 01:58:28,125 INFO  impl.FollowerState (FollowerState.java:run(109)) - 6f1a6200-101c-4311-b973-521fbcec23cd: FollowerState was interrupted: java.lang.InterruptedException: sleep interrupted
2019-06-14 01:58:28,125 INFO  impl.RaftServerImpl (RaftServerImpl.java:setRole(164)) - 378a71c2-9f2d-4ba4-a9f5-46e389df8db6:group-1987A1275304 changes role from FOLLOWER to FOLLOWER at term 2 for recognizeCandidate:ca4ca3db-ddc6-4212-b45b-29b8e3a7339d
2019-06-14 01:58:28,125 INFO  impl.RoleInfo (RoleInfo.java:shutdownFollowerState(121)) - 378a71c2-9f2d-4ba4-a9f5-46e389df8db6: shutdown FollowerState
2019-06-14 01:58:28,125 INFO  impl.RoleInfo (RoleInfo.java:updateAndGet(143)) - 378a71c2-9f2d-4ba4-a9f5-46e389df8db6: start FollowerState
2019-06-14 01:58:28,125 INFO  impl.FollowerState (FollowerState.java:run(109)) - 378a71c2-9f2d-4ba4-a9f5-46e389df8db6: FollowerState was interrupted: java.lang.InterruptedException: sleep interrupted
2019-06-14 01:58:28,128 INFO  impl.LeaderElection (LeaderElection.java:logAndReturn(56)) - ca4ca3db-ddc6-4212-b45b-29b8e3a7339d:group-1987A1275304:LeaderElection52: Election PASSED; received 1 response(s) [ca4ca3db-ddc6-4212-b45b-29b8e3a7339d->6f1a6200-101c-4311-b973-521fbcec23cd,true-t2] and 0 exception(s); ca4ca3db-ddc6-4212-b45b-29b8e3a7339d:t2, leader=null, voted=ca4ca3db-ddc6-4212-b45b-29b8e3a7339d, raftlog=ca4ca3db-ddc6-4212-b45b-29b8e3a7339d-SegmentedRaftLog:OPENED:c-1,f-1,i0, conf=-1: [ca4ca3db-ddc6-4212-b45b-29b8e3a7339d:192.168.46.36:40395, 378a71c2-9f2d-4ba4-a9f5-46e389df8db6:192.168.46.36:40527, 6f1a6200-101c-4311-b973-521fbcec23cd:192.168.46.36:44177], old=null
2019-06-14 01:58:28,128 INFO  impl.RoleInfo (RoleInfo.java:shutdownLeaderElection(134)) - ca4ca3db-ddc6-4212-b45b-29b8e3a7339d: shutdown LeaderElection
2019-06-14 01:58:28,128 INFO  impl.RaftServerImpl (RaftServerImpl.java:setRole(164)) - ca4ca3db-ddc6-4212-b45b-29b8e3a7339d:group-1987A1275304 changes role from CANDIDATE to LEADER at term 2 for changeToLeader
2019-06-14 01:58:28,128 INFO  impl.RaftServerImpl (ServerState.java:setLeader(263)) - ca4ca3db-ddc6-4212-b45b-29b8e3a7339d:group-1987A1275304 change Leader from null to ca4ca3db-ddc6-4212-b45b-29b8e3a7339d at term 2 for becomeLeader, leader elected after 2274ms
2019-06-14 01:58:28,128 INFO  server.RaftServerConfigKeys (ConfUtils.java:logGet(43)) - raft.server.staging.catchup.gap = 1000 (default)
2019-06-14 01:58:28,128 INFO  server.RaftServerConfigKeys (ConfUtils.java:logGet(43)) - raft.server.rpc.sleep.time = 25ms (default)
2019-06-14 01:58:28,128 INFO  server.RaftServerConfigKeys (ConfUtils.java:logGet(43)) - raft.server.watch.timeout = 10s (default)
2019-06-14 01:58:28,128 INFO  server.RaftServerConfigKeys (ConfUtils.java:logGet(43)) - raft.server.watch.timeout.denomination = 1s (default)
2019-06-14 01:58:28,129 INFO  server.RaftServerConfigKeys (ConfUtils.java:logGet(43)) - raft.server.log.appender.snapshot.chunk.size.max = 16MB (=16777216) (default)
2019-06-14 01:58:28,129 INFO  server.RaftServerConfigKeys (ConfUtils.java:logGet(43)) - raft.server.log.appender.buffer.byte-limit = 33554432 (custom)
2019-06-14 01:58:28,129 INFO  server.RaftServerConfigKeys (ConfUtils.java:logGet(43)) - raft.server.log.appender.buffer.element-limit = 1 (custom)
2019-06-14 01:58:28,129 INFO  grpc.GrpcConfigKeys$Server (ConfUtils.java:logGet(43)) - raft.grpc.server.leader.outstanding.appends.max = 128 (default)
2019-06-14 01:58:28,129 INFO  server.RaftServerConfigKeys (ConfUtils.java:logGet(43)) - raft.server.rpc.request.timeout = 3000ms (default)
2019-06-14 01:58:28,129 INFO  server.RaftServerConfigKeys (ConfUtils.java:logGet(43)) - raft.server.log.appender.install.snapshot.enabled = true (default)
2019-06-14 01:58:28,129 INFO  server.RaftServerConfigKeys (ConfUtils.java:logGet(43)) - raft.server.log.appender.snapshot.chunk.size.max = 16MB (=16777216) (default)
2019-06-14 01:58:28,129 INFO  server.RaftServerConfigKeys (ConfUtils.java:logGet(43)) - raft.server.log.appender.buffer.byte-limit = 33554432 (custom)
2019-06-14 01:58:28,130 INFO  server.RaftServerConfigKeys (ConfUtils.java:logGet(43)) - raft.server.log.appender.buffer.element-limit = 1 (custom)
2019-06-14 01:58:28,130 INFO  grpc.GrpcConfigKeys$Server (ConfUtils.java:logGet(43)) - raft.grpc.server.leader.outstanding.appends.max = 128 (default)
2019-06-14 01:58:28,130 INFO  server.RaftServerConfigKeys (ConfUtils.java:logGet(43)) - raft.server.rpc.request.timeout = 3000ms (default)
2019-06-14 01:58:28,130 INFO  server.RaftServerConfigKeys (ConfUtils.java:logGet(43)) - raft.server.log.appender.install.snapshot.enabled = true (default)
2019-06-14 01:58:28,130 INFO  impl.RoleInfo (RoleInfo.java:updateAndGet(143)) - ca4ca3db-ddc6-4212-b45b-29b8e3a7339d: start LeaderState
2019-06-14 01:58:28,130 INFO  storage.RaftLogWorker (RaftLogWorker.java:startLogSegment(298)) - ca4ca3db-ddc6-4212-b45b-29b8e3a7339d-RaftLogWorker: Starting segment from index:0
2019-06-14 01:58:28,134 INFO  impl.RaftServerImpl (ServerState.java:setRaftConf(361)) - ca4ca3db-ddc6-4212-b45b-29b8e3a7339d:group-1987A1275304 set configuration 0: [ca4ca3db-ddc6-4212-b45b-29b8e3a7339d:192.168.46.36:40395, 378a71c2-9f2d-4ba4-a9f5-46e389df8db6:192.168.46.36:40527, 6f1a6200-101c-4311-b973-521fbcec23cd:192.168.46.36:44177], old=null at 0
2019-06-14 01:58:28,135 INFO  impl.RaftServerImpl (ServerState.java:setLeader(263)) - 378a71c2-9f2d-4ba4-a9f5-46e389df8db6:group-1987A1275304 change Leader from null to ca4ca3db-ddc6-4212-b45b-29b8e3a7339d at term 2 for appendEntries, leader elected after 2284ms
2019-06-14 01:58:28,136 INFO  impl.RaftServerImpl (ServerState.java:setLeader(263)) - 6f1a6200-101c-4311-b973-521fbcec23cd:group-1987A1275304 change Leader from null to ca4ca3db-ddc6-4212-b45b-29b8e3a7339d at term 2 for appendEntries, leader elected after 2283ms
2019-06-14 01:58:28,142 INFO  impl.RaftServerImpl (ServerState.java:setRaftConf(361)) - 6f1a6200-101c-4311-b973-521fbcec23cd:group-1987A1275304 set configuration 0: [ca4ca3db-ddc6-4212-b45b-29b8e3a7339d:192.168.46.36:40395, 378a71c2-9f2d-4ba4-a9f5-46e389df8db6:192.168.46.36:40527, 6f1a6200-101c-4311-b973-521fbcec23cd:192.168.46.36:44177], old=null at 0
2019-06-14 01:58:28,143 INFO  storage.RaftLogWorker (RaftLogWorker.java:startLogSegment(298)) - 6f1a6200-101c-4311-b973-521fbcec23cd-RaftLogWorker: Starting segment from index:0
2019-06-14 01:58:28,153 INFO  impl.RaftServerImpl (ServerState.java:setRaftConf(361)) - 378a71c2-9f2d-4ba4-a9f5-46e389df8db6:group-1987A1275304 set configuration 0: [ca4ca3db-ddc6-4212-b45b-29b8e3a7339d:192.168.46.36:40395, 378a71c2-9f2d-4ba4-a9f5-46e389df8db6:192.168.46.36:40527, 6f1a6200-101c-4311-b973-521fbcec23cd:192.168.46.36:44177], old=null at 0
2019-06-14 01:58:28,153 INFO  storage.RaftLogWorker (RaftLogWorker.java:startLogSegment(298)) - 378a71c2-9f2d-4ba4-a9f5-46e389df8db6-RaftLogWorker: Starting segment from index:0
2019-06-14 01:58:28,180 INFO  storage.RaftLogWorker (RaftLogWorker.java:execute(469)) - ca4ca3db-ddc6-4212-b45b-29b8e3a7339d-RaftLogWorker: created new log segment /opt/src/hadoop-ozone/integration-test/target/test-dir/MiniOzoneClusterImpl-5aead1ab-9ab4-494b-8dc0-694975ff814d/datanode-5/data/ratis/778bc8b2-0eb0-4d61-a098-1987a1275304/current/log_inprogress_0
2019-06-14 01:58:28,193 INFO  storage.RaftLogWorker (RaftLogWorker.java:execute(469)) - 378a71c2-9f2d-4ba4-a9f5-46e389df8db6-RaftLogWorker: created new log segment /opt/src/hadoop-ozone/integration-test/target/test-dir/MiniOzoneClusterImpl-5aead1ab-9ab4-494b-8dc0-694975ff814d/datanode-4/data/ratis/778bc8b2-0eb0-4d61-a098-1987a1275304/current/log_inprogress_0
2019-06-14 01:58:28,198 INFO  storage.RaftLogWorker (RaftLogWorker.java:execute(469)) - 6f1a6200-101c-4311-b973-521fbcec23cd-RaftLogWorker: created new log segment /opt/src/hadoop-ozone/integration-test/target/test-dir/MiniOzoneClusterImpl-5aead1ab-9ab4-494b-8dc0-694975ff814d/datanode-3/data/ratis/778bc8b2-0eb0-4d61-a098-1987a1275304/current/log_inprogress_0
2019-06-14 01:58:29,070 INFO  client.GrpcClientProtocolClient (GrpcClientProtocolClient.java:onNext(254)) - client-4964C4A97DD7->6f1a6200-101c-4311-b973-521fbcec23cd: receive RaftClientReply:client-4964C4A97DD7->6f1a6200-101c-4311-b973-521fbcec23cd@group-1987A1275304, cid=70, FAILED org.apache.ratis.protocol.NotLeaderException: Server 6f1a6200-101c-4311-b973-521fbcec23cd is not the leader (ca4ca3db-ddc6-4212-b45b-29b8e3a7339d:192.168.46.36:40395). Request must be sent to leader., logIndex=0, commits[6f1a6200-101c-4311-b973-521fbcec23cd:c0, ca4ca3db-ddc6-4212-b45b-29b8e3a7339d:c0, 378a71c2-9f2d-4ba4-a9f5-46e389df8db6:c0]
2019-06-14 01:58:29,086 WARN  client.GrpcClientProtocolService (LogUtils.java:warn(134)) - 1-OrderedRequestStreamObserver1: onError: org.apache.ratis.thirdparty.io.grpc.StatusRuntimeException: CANCELLED: cancelled before receiving half close
2019-06-14 01:58:30,093 INFO  client.GrpcClientProtocolClient (GrpcClientProtocolClient.java:onNext(254)) - client-4964C4A97DD7->378a71c2-9f2d-4ba4-a9f5-46e389df8db6: receive RaftClientReply:client-4964C4A97DD7->378a71c2-9f2d-4ba4-a9f5-46e389df8db6@group-1987A1275304, cid=70, FAILED org.apache.ratis.protocol.NotLeaderException: Server 378a71c2-9f2d-4ba4-a9f5-46e389df8db6 is not the leader (ca4ca3db-ddc6-4212-b45b-29b8e3a7339d:192.168.46.36:40395). Request must be sent to leader., logIndex=0, commits[378a71c2-9f2d-4ba4-a9f5-46e389df8db6:c0, ca4ca3db-ddc6-4212-b45b-29b8e3a7339d:c0, 6f1a6200-101c-4311-b973-521fbcec23cd:c0]
2019-06-14 01:58:30,096 WARN  client.GrpcClientProtocolService (LogUtils.java:warn(134)) - 1-OrderedRequestStreamObserver1: onError: org.apache.ratis.thirdparty.io.grpc.StatusRuntimeException: CANCELLED: cancelled before receiving half close
2019-06-14 01:58:31,104 INFO  client.GrpcClientProtocolClient (GrpcClientProtocolClient.java:onNext(254)) - client-4964C4A97DD7->6f1a6200-101c-4311-b973-521fbcec23cd: receive RaftClientReply:client-4964C4A97DD7->6f1a6200-101c-4311-b973-521fbcec23cd@group-1987A1275304, cid=70, FAILED org.apache.ratis.protocol.NotLeaderException: Server 6f1a6200-101c-4311-b973-521fbcec23cd is not the leader (ca4ca3db-ddc6-4212-b45b-29b8e3a7339d:192.168.46.36:40395). Request must be sent to leader., logIndex=0, commits[6f1a6200-101c-4311-b973-521fbcec23cd:c0, ca4ca3db-ddc6-4212-b45b-29b8e3a7339d:c0, 378a71c2-9f2d-4ba4-a9f5-46e389df8db6:c0]
2019-06-14 01:58:31,107 WARN  client.GrpcClientProtocolService (LogUtils.java:warn(134)) - 2-OrderedRequestStreamObserver2: onError: org.apache.ratis.thirdparty.io.grpc.StatusRuntimeException: CANCELLED: cancelled before receiving half close
2019-06-14 01:58:32,122 INFO  client.GrpcClientProtocolClient (GrpcClientProtocolClient.java:onNext(254)) - client-4964C4A97DD7->378a71c2-9f2d-4ba4-a9f5-46e389df8db6: receive RaftClientReply:client-4964C4A97DD7->378a71c2-9f2d-4ba4-a9f5-46e389df8db6@group-1987A1275304, cid=70, FAILED org.apache.ratis.protocol.NotLeaderException: Server 378a71c2-9f2d-4ba4-a9f5-46e389df8db6 is not the leader (ca4ca3db-ddc6-4212-b45b-29b8e3a7339d:192.168.46.36:40395). Request must be sent to leader., logIndex=0, commits[378a71c2-9f2d-4ba4-a9f5-46e389df8db6:c0, ca4ca3db-ddc6-4212-b45b-29b8e3a7339d:c0, 6f1a6200-101c-4311-b973-521fbcec23cd:c0]
2019-06-14 01:58:32,131 WARN  io.KeyOutputStream (KeyOutputStream.java:handleException(276)) - Encountered exception java.io.IOException: Unexpected Storage Container Exception: java.util.concurrent.CompletionException: java.util.concurrent.CompletionException: org.apache.ratis.protocol.RaftRetryFailureException: Failed RaftClientRequest:client-4964C4A97DD7->378a71c2-9f2d-4ba4-a9f5-46e389df8db6@group-1987A1275304, cid=70, seq=1*, RW, org.apache.hadoop.hdds.scm.XceiverClientRatis$$Lambda$433/2191105@4cdbd6a for 5 attempts with RetryLimited(maxAttempts=5, sleepTime=1000ms) on the pipeline Pipeline[ Id: 778bc8b2-0eb0-4d61-a098-1987a1275304, Nodes: 6f1a6200-101c-4311-b973-521fbcec23cd{ip: 192.168.46.36, host: ozone-s4hr9-797773889, networkLocation: /default-rack, certSerialId: null}ca4ca3db-ddc6-4212-b45b-29b8e3a7339d{ip: 192.168.46.36, host: ozone-s4hr9-797773889, networkLocation: /default-rack, certSerialId: null}378a71c2-9f2d-4ba4-a9f5-46e389df8db6{ip: 192.168.46.36, host: ozone-s4hr9-797773889, networkLocation: /default-rack, certSerialId: null}, Type:RATIS, Factor:THREE, State:OPEN]. The last committed block length is 0, uncommitted data length is 2097152 retry count 0
2019-06-14 01:58:32,132 WARN  client.GrpcClientProtocolService (LogUtils.java:warn(134)) - 2-OrderedRequestStreamObserver2: onError: org.apache.ratis.thirdparty.io.grpc.StatusRuntimeException: CANCELLED: cancelled before receiving half close
2019-06-14 01:58:32,187 INFO  client.GrpcClientProtocolClient (GrpcClientProtocolClient.java:onNext(254)) - client-0B56BE1FC5E5->652a45d3-e813-4e54-81ad-c3724c279492: receive RaftClientReply:client-0B56BE1FC5E5->652a45d3-e813-4e54-81ad-c3724c279492@group-3EC38C721E28, cid=74, SUCCESS, logIndex=1, commits[652a45d3-e813-4e54-81ad-c3724c279492:c1, 5980913a-c30e-4f4d-804a-ea73b83479e8:c0, 86022a16-ded7-44a8-892f-f2e7e54c2f7b:c0]
2019-06-14 01:58:32,217 INFO  client.GrpcClientProtocolClient (GrpcClientProtocolClient.java:onNext(254)) - client-0B56BE1FC5E5->652a45d3-e813-4e54-81ad-c3724c279492: receive RaftClientReply:client-0B56BE1FC5E5->652a45d3-e813-4e54-81ad-c3724c279492@group-3EC38C721E28, cid=75, SUCCESS, logIndex=3, commits[652a45d3-e813-4e54-81ad-c3724c279492:c4, 5980913a-c30e-4f4d-804a-ea73b83479e8:c3, 86022a16-ded7-44a8-892f-f2e7e54c2f7b:c3]
2019-06-14 01:58:32,232 INFO  client.GrpcClientProtocolClient (GrpcClientProtocolClient.java:onNext(254)) - client-0B56BE1FC5E5->652a45d3-e813-4e54-81ad-c3724c279492: receive RaftClientReply:client-0B56BE1FC5E5->652a45d3-e813-4e54-81ad-c3724c279492@group-3EC38C721E28, cid=76, SUCCESS, logIndex=5, commits[652a45d3-e813-4e54-81ad-c3724c279492:c5, 5980913a-c30e-4f4d-804a-ea73b83479e8:c3, 86022a16-ded7-44a8-892f-f2e7e54c2f7b:c4]
2019-06-14 01:58:32,237 INFO  client.GrpcClientProtocolClient (GrpcClientProtocolClient.java:onNext(254)) - client-0B56BE1FC5E5->652a45d3-e813-4e54-81ad-c3724c279492: receive RaftClientReply:client-0B56BE1FC5E5->652a45d3-e813-4e54-81ad-c3724c279492@group-3EC38C721E28, cid=77, SUCCESS, logIndex=6, commits[652a45d3-e813-4e54-81ad-c3724c279492:c7, 5980913a-c30e-4f4d-804a-ea73b83479e8:c5, 86022a16-ded7-44a8-892f-f2e7e54c2f7b:c5]
2019-06-14 01:58:32,262 INFO  client.GrpcClientProtocolClient (GrpcClientProtocolClient.java:onNext(254)) - client-0B56BE1FC5E5->652a45d3-e813-4e54-81ad-c3724c279492: receive RaftClientReply:client-0B56BE1FC5E5->652a45d3-e813-4e54-81ad-c3724c279492@group-3EC38C721E28, cid=78, SUCCESS, logIndex=9, commits[652a45d3-e813-4e54-81ad-c3724c279492:c9, 5980913a-c30e-4f4d-804a-ea73b83479e8:c8, 86022a16-ded7-44a8-892f-f2e7e54c2f7b:c7]
2019-06-14 01:58:32,274 INFO  client.GrpcClientProtocolClient (GrpcClientProtocolClient.java:onNext(254)) - client-0B56BE1FC5E5->652a45d3-e813-4e54-81ad-c3724c279492: receive RaftClientReply:client-0B56BE1FC5E5->652a45d3-e813-4e54-81ad-c3724c279492@group-3EC38C721E28, cid=79, SUCCESS, logIndex=11, commits[652a45d3-e813-4e54-81ad-c3724c279492:c11, 5980913a-c30e-4f4d-804a-ea73b83479e8:c10, 86022a16-ded7-44a8-892f-f2e7e54c2f7b:c10]
2019-06-14 01:58:32,291 INFO  client.GrpcClientProtocolClient (GrpcClientProtocolClient.java:onNext(254)) - client-0B56BE1FC5E5->652a45d3-e813-4e54-81ad-c3724c279492: receive RaftClientReply:client-0B56BE1FC5E5->652a45d3-e813-4e54-81ad-c3724c279492@group-3EC38C721E28, cid=80, SUCCESS, logIndex=13, commits[652a45d3-e813-4e54-81ad-c3724c279492:c13, 5980913a-c30e-4f4d-804a-ea73b83479e8:c11, 86022a16-ded7-44a8-892f-f2e7e54c2f7b:c12]
2019-06-14 01:58:32,306 INFO  client.GrpcClientProtocolClient (GrpcClientProtocolClient.java:onNext(254)) - client-0B56BE1FC5E5->652a45d3-e813-4e54-81ad-c3724c279492: receive RaftClientReply:client-0B56BE1FC5E5->652a45d3-e813-4e54-81ad-c3724c279492@group-3EC38C721E28, cid=81, SUCCESS, logIndex=15, commits[652a45d3-e813-4e54-81ad-c3724c279492:c15, 5980913a-c30e-4f4d-804a-ea73b83479e8:c13, 86022a16-ded7-44a8-892f-f2e7e54c2f7b:c13]
2019-06-14 01:58:32,316 INFO  client.GrpcClientProtocolClient (GrpcClientProtocolClient.java:onNext(254)) - client-0B56BE1FC5E5->652a45d3-e813-4e54-81ad-c3724c279492: receive RaftClientReply:client-0B56BE1FC5E5->652a45d3-e813-4e54-81ad-c3724c279492@group-3EC38C721E28, cid=82, SUCCESS, logIndex=0, commits[652a45d3-e813-4e54-81ad-c3724c279492:c16, 5980913a-c30e-4f4d-804a-ea73b83479e8:c15, 86022a16-ded7-44a8-892f-f2e7e54c2f7b:c15]
]]></system-out>
    <system-err><![CDATA[Jun 14, 2019 1:58:20 AM com.sun.jersey.server.impl.application.WebApplicationImpl _initiate
INFO: Initiating Jersey application, version 'Jersey: 1.19 02/11/2015 03:25 AM'
Jun 14, 2019 1:58:21 AM com.sun.jersey.server.impl.application.WebApplicationImpl _initiate
INFO: Initiating Jersey application, version 'Jersey: 1.19 02/11/2015 03:25 AM'
Jun 14, 2019 1:58:21 AM com.sun.jersey.server.impl.application.WebApplicationImpl _initiate
INFO: Initiating Jersey application, version 'Jersey: 1.19 02/11/2015 03:25 AM'
Jun 14, 2019 1:58:21 AM com.sun.jersey.server.impl.application.WebApplicationImpl _initiate
INFO: Initiating Jersey application, version 'Jersey: 1.19 02/11/2015 03:25 AM'
Jun 14, 2019 1:58:21 AM com.sun.jersey.server.impl.application.WebApplicationImpl _initiate
INFO: Initiating Jersey application, version 'Jersey: 1.19 02/11/2015 03:25 AM'
Jun 14, 2019 1:58:21 AM com.sun.jersey.server.impl.application.WebApplicationImpl _initiate
INFO: Initiating Jersey application, version 'Jersey: 1.19 02/11/2015 03:25 AM'
]]></system-err>
  </testcase>
  <testcase name="testBlockWritesWithDnFailures" classname="org.apache.hadoop.ozone.client.rpc.TestFailureHandlingByClient" time="18.104"/>
  <testcase name="testDatanodeExclusionWithMajorityCommit" classname="org.apache.hadoop.ozone.client.rpc.TestFailureHandlingByClient" time="20.034"/>
  <testcase name="testMultiBlockWritesWithDnFailures" classname="org.apache.hadoop.ozone.client.rpc.TestFailureHandlingByClient" time="23.238"/>
</testsuite>