<?xml version="1.0" encoding="UTF-8"?>
<testsuite xmlns:xsi="http://www.w3.org/2001/XMLSchema-instance" xsi:noNamespaceSchemaLocation="https://maven.apache.org/surefire/maven-surefire-plugin/xsd/surefire-test-report.xsd" name="org.apache.hadoop.hdds.scm.pipeline.TestNodeFailure" time="10.409" tests="1" errors="0" skipped="1" failures="0">
  <properties>
    <property name="awt.toolkit" value="sun.awt.X11.XToolkit"/>
    <property name="file.encoding.pkg" value="sun.io"/>
    <property name="java.specification.version" value="1.8"/>
    <property name="sun.cpu.isalist" value=""/>
    <property name="sun.jnu.encoding" value="UTF-8"/>
    <property name="java.class.path" value="/opt/src/hadoop-ozone/integration-test/target/test-classes:/opt/src/hadoop-ozone/integration-test/target/classes:/root/.m2/repository/org/apache/hadoop/hadoop-ozone-common/0.5.0-SNAPSHOT/hadoop-ozone-common-0.5.0-SNAPSHOT.jar:/root/.m2/repository/org/apache/commons/commons-compress/1.4.1/commons-compress-1.4.1.jar:/root/.m2/repository/org/tukaani/xz/1.0/xz-1.0.jar:/root/.m2/repository/org/apache/hadoop/hadoop-common/3.2.0/hadoop-common-3.2.0.jar:/root/.m2/repository/org/apache/hadoop/hadoop-hdfs/3.2.0/hadoop-hdfs-3.2.0.jar:/root/.m2/repository/org/apache/hadoop/hadoop-hdfs-client/3.2.0/hadoop-hdfs-client-3.2.0.jar:/root/.m2/repository/com/fasterxml/jackson/core/jackson-annotations/2.9.5/jackson-annotations-2.9.5.jar:/root/.m2/repository/org/apache/hadoop/hadoop-hdds-common/0.5.0-SNAPSHOT/hadoop-hdds-common-0.5.0-SNAPSHOT.jar:/root/.m2/repository/javax/annotation/javax.annotation-api/1.2/javax.annotation-api-1.2.jar:/root/.m2/repository/org/apache/ratis/ratis-server/0.4.0-fe2b15d-SNAPSHOT/ratis-server-0.4.0-fe2b15d-SNAPSHOT.jar:/root/.m2/repository/org/apache/ratis/ratis-thirdparty-misc/0.2.0/ratis-thirdparty-misc-0.2.0.jar:/root/.m2/repository/org/apache/ratis/ratis-proto/0.4.0-fe2b15d-SNAPSHOT/ratis-proto-0.4.0-fe2b15d-SNAPSHOT.jar:/root/.m2/repository/org/apache/ratis/ratis-common/0.4.0-fe2b15d-SNAPSHOT/ratis-common-0.4.0-fe2b15d-SNAPSHOT.jar:/root/.m2/repository/org/apache/ratis/ratis-client/0.4.0-fe2b15d-SNAPSHOT/ratis-client-0.4.0-fe2b15d-SNAPSHOT.jar:/root/.m2/repository/org/apache/ratis/ratis-netty/0.4.0-fe2b15d-SNAPSHOT/ratis-netty-0.4.0-fe2b15d-SNAPSHOT.jar:/root/.m2/repository/org/apache/ratis/ratis-grpc/0.4.0-fe2b15d-SNAPSHOT/ratis-grpc-0.4.0-fe2b15d-SNAPSHOT.jar:/root/.m2/repository/org/rocksdb/rocksdbjni/5.14.2/rocksdbjni-5.14.2.jar:/root/.m2/repository/org/apache/logging/log4j/log4j-api/2.11.0/log4j-api-2.11.0.jar:/root/.m2/repository/org/apache/logging/log4j/log4j-core/2.11.0/log4j-core-2.11.0.jar:/root/.m2/repository/com/lmax/disruptor/3.4.2/disruptor-3.4.2.jar:/root/.m2/repository/org/apache/commons/commons-pool2/2.6.0/commons-pool2-2.6.0.jar:/root/.m2/repository/org/bouncycastle/bcpkix-jdk15on/1.60/bcpkix-jdk15on-1.60.jar:/root/.m2/repository/commons-validator/commons-validator/1.6/commons-validator-1.6.jar:/root/.m2/repository/commons-digester/commons-digester/1.8.1/commons-digester-1.8.1.jar:/root/.m2/repository/io/jaegertracing/jaeger-client/0.33.1/jaeger-client-0.33.1.jar:/root/.m2/repository/io/jaegertracing/jaeger-thrift/0.33.1/jaeger-thrift-0.33.1.jar:/root/.m2/repository/org/apache/thrift/libthrift/0.11.0/libthrift-0.11.0.jar:/root/.m2/repository/com/squareup/okhttp3/okhttp/3.9.0/okhttp-3.9.0.jar:/root/.m2/repository/com/squareup/okio/okio/1.13.0/okio-1.13.0.jar:/root/.m2/repository/io/jaegertracing/jaeger-core/0.33.1/jaeger-core-0.33.1.jar:/root/.m2/repository/io/jaegertracing/jaeger-tracerresolver/0.33.1/jaeger-tracerresolver-0.33.1.jar:/root/.m2/repository/io/opentracing/contrib/opentracing-tracerresolver/0.1.5/opentracing-tracerresolver-0.1.5.jar:/root/.m2/repository/io/opentracing/opentracing-util/0.31.0/opentracing-util-0.31.0.jar:/root/.m2/repository/io/opentracing/opentracing-api/0.31.0/opentracing-api-0.31.0.jar:/root/.m2/repository/io/opentracing/opentracing-noop/0.31.0/opentracing-noop-0.31.0.jar:/root/.m2/repository/org/apache/hadoop/hadoop-hdds-server-framework/0.5.0-SNAPSHOT/hadoop-hdds-server-framework-0.5.0-SNAPSHOT.jar:/root/.m2/repository/org/apache/hadoop/hadoop-hdds-server-scm/0.5.0-SNAPSHOT/hadoop-hdds-server-scm-0.5.0-SNAPSHOT.jar:/root/.m2/repository/org/apache/hadoop/hadoop-hdds-container-service/0.5.0-SNAPSHOT/hadoop-hdds-container-service-0.5.0-SNAPSHOT.jar:/root/.m2/repository/org/apache/hadoop/hadoop-hdds-client/0.5.0-SNAPSHOT/hadoop-hdds-client-0.5.0-SNAPSHOT.jar:/root/.m2/repository/org/apache/hadoop/hadoop-hdds-tools/0.5.0-SNAPSHOT/hadoop-hdds-tools-0.5.0-SNAPSHOT.jar:/root/.m2/repository/org/apache/hadoop/hadoop-ozone-ozone-manager/0.5.0-SNAPSHOT/hadoop-ozone-ozone-manager-0.5.0-SNAPSHOT.jar:/root/.m2/repository/org/apache/hadoop/hadoop-hdds-docs/0.5.0-SNAPSHOT/hadoop-hdds-docs-0.5.0-SNAPSHOT.jar:/root/.m2/repository/org/bouncycastle/bcprov-jdk15on/1.60/bcprov-jdk15on-1.60.jar:/root/.m2/repository/org/apache/hadoop/hadoop-minikdc/3.2.0/hadoop-minikdc-3.2.0.jar:/root/.m2/repository/commons-io/commons-io/2.5/commons-io-2.5.jar:/root/.m2/repository/org/apache/kerby/kerb-simplekdc/1.0.1/kerb-simplekdc-1.0.1.jar:/root/.m2/repository/org/apache/kerby/kerb-client/1.0.1/kerb-client-1.0.1.jar:/root/.m2/repository/org/apache/kerby/kerby-config/1.0.1/kerby-config-1.0.1.jar:/root/.m2/repository/org/apache/kerby/kerb-core/1.0.1/kerb-core-1.0.1.jar:/root/.m2/repository/org/apache/kerby/kerby-pkix/1.0.1/kerby-pkix-1.0.1.jar:/root/.m2/repository/org/apache/kerby/kerby-asn1/1.0.1/kerby-asn1-1.0.1.jar:/root/.m2/repository/org/apache/kerby/kerby-util/1.0.1/kerby-util-1.0.1.jar:/root/.m2/repository/org/apache/kerby/kerb-common/1.0.1/kerb-common-1.0.1.jar:/root/.m2/repository/org/apache/kerby/kerb-crypto/1.0.1/kerb-crypto-1.0.1.jar:/root/.m2/repository/org/apache/kerby/kerb-util/1.0.1/kerb-util-1.0.1.jar:/root/.m2/repository/org/apache/kerby/token-provider/1.0.1/token-provider-1.0.1.jar:/root/.m2/repository/org/apache/kerby/kerb-admin/1.0.1/kerb-admin-1.0.1.jar:/root/.m2/repository/org/apache/kerby/kerb-server/1.0.1/kerb-server-1.0.1.jar:/root/.m2/repository/org/apache/kerby/kerb-identity/1.0.1/kerb-identity-1.0.1.jar:/root/.m2/repository/org/apache/kerby/kerby-xdr/1.0.1/kerby-xdr-1.0.1.jar:/root/.m2/repository/org/slf4j/slf4j-log4j12/1.7.25/slf4j-log4j12-1.7.25.jar:/root/.m2/repository/org/apache/hadoop/hadoop-ozone-objectstore-service/0.5.0-SNAPSHOT/hadoop-ozone-objectstore-service-0.5.0-SNAPSHOT.jar:/root/.m2/repository/org/apache/hadoop/hadoop-ozone-s3gateway/0.5.0-SNAPSHOT/hadoop-ozone-s3gateway-0.5.0-SNAPSHOT.jar:/root/.m2/repository/org/jboss/weld/servlet/weld-servlet/2.4.7.Final/weld-servlet-2.4.7.Final.jar:/root/.m2/repository/org/glassfish/jersey/containers/jersey-container-servlet-core/2.27/jersey-container-servlet-core-2.27.jar:/root/.m2/repository/org/glassfish/hk2/external/javax.inject/2.5.0-b42/javax.inject-2.5.0-b42.jar:/root/.m2/repository/org/glassfish/jersey/core/jersey-common/2.27/jersey-common-2.27.jar:/root/.m2/repository/org/glassfish/hk2/osgi-resource-locator/1.0.1/osgi-resource-locator-1.0.1.jar:/root/.m2/repository/javax/ws/rs/javax.ws.rs-api/2.1/javax.ws.rs-api-2.1.jar:/root/.m2/repository/org/glassfish/jersey/ext/cdi/jersey-cdi1x/2.27/jersey-cdi1x-2.27.jar:/root/.m2/repository/org/glassfish/jersey/inject/jersey-hk2/2.27/jersey-hk2-2.27.jar:/root/.m2/repository/org/glassfish/hk2/hk2-locator/2.5.0-b42/hk2-locator-2.5.0-b42.jar:/root/.m2/repository/org/javassist/javassist/3.22.0-CR2/javassist-3.22.0-CR2.jar:/root/.m2/repository/org/glassfish/hk2/hk2-api/2.5.0/hk2-api-2.5.0.jar:/root/.m2/repository/org/glassfish/hk2/external/jakarta.inject/2.5.0/jakarta.inject-2.5.0.jar:/root/.m2/repository/org/glassfish/hk2/hk2-utils/2.5.0/hk2-utils-2.5.0.jar:/root/.m2/repository/jakarta/annotation/jakarta.annotation-api/1.3.4/jakarta.annotation-api-1.3.4.jar:/root/.m2/repository/org/glassfish/hk2/external/aopalliance-repackaged/2.5.0/aopalliance-repackaged-2.5.0.jar:/root/.m2/repository/com/fasterxml/jackson/dataformat/jackson-dataformat-xml/2.9.0/jackson-dataformat-xml-2.9.0.jar:/root/.m2/repository/com/fasterxml/jackson/core/jackson-core/2.9.5/jackson-core-2.9.5.jar:/root/.m2/repository/com/fasterxml/jackson/module/jackson-module-jaxb-annotations/2.9.5/jackson-module-jaxb-annotations-2.9.5.jar:/root/.m2/repository/javax/enterprise/cdi-api/1.2/cdi-api-1.2.jar:/root/.m2/repository/javax/el/javax.el-api/3.0.0/javax.el-api-3.0.0.jar:/root/.m2/repository/javax/interceptor/javax.interceptor-api/1.2/javax.interceptor-api-1.2.jar:/root/.m2/repository/javax/inject/javax.inject/1/javax.inject-1.jar:/root/.m2/repository/com/sun/xml/bind/jaxb-impl/2.3.0.1/jaxb-impl-2.3.0.1.jar:/root/.m2/repository/com/sun/xml/bind/jaxb-core/2.3.0.1/jaxb-core-2.3.0.1.jar:/root/.m2/repository/javax/xml/bind/jaxb-api/2.3.0/jaxb-api-2.3.0.jar:/root/.m2/repository/javax/activation/activation/1.1.1/activation-1.1.1.jar:/root/.m2/repository/org/apache/hadoop/hadoop-ozone-csi/0.5.0-SNAPSHOT/hadoop-ozone-csi-0.5.0-SNAPSHOT.jar:/root/.m2/repository/com/google/protobuf/protobuf-java-util/3.5.1/protobuf-java-util-3.5.1.jar:/root/.m2/repository/org/apache/hadoop/hadoop-hdds-config/0.5.0-SNAPSHOT/hadoop-hdds-config-0.5.0-SNAPSHOT.jar:/root/.m2/repository/com/google/guava/guava/11.0.2/guava-11.0.2.jar:/root/.m2/repository/com/google/protobuf/protobuf-java/2.5.0/protobuf-java-2.5.0.jar:/root/.m2/repository/io/grpc/grpc-netty/1.17.1/grpc-netty-1.17.1.jar:/root/.m2/repository/io/grpc/grpc-core/1.17.1/grpc-core-1.17.1.jar:/root/.m2/repository/io/grpc/grpc-context/1.17.1/grpc-context-1.17.1.jar:/root/.m2/repository/com/google/errorprone/error_prone_annotations/2.2.0/error_prone_annotations-2.2.0.jar:/root/.m2/repository/org/codehaus/mojo/animal-sniffer-annotations/1.17/animal-sniffer-annotations-1.17.jar:/root/.m2/repository/io/opencensus/opencensus-api/0.17.0/opencensus-api-0.17.0.jar:/root/.m2/repository/io/opencensus/opencensus-contrib-grpc-metrics/0.17.0/opencensus-contrib-grpc-metrics-0.17.0.jar:/root/.m2/repository/io/netty/netty-codec-http2/4.1.30.Final/netty-codec-http2-4.1.30.Final.jar:/root/.m2/repository/io/netty/netty-codec-http/4.1.30.Final/netty-codec-http-4.1.30.Final.jar:/root/.m2/repository/io/netty/netty-codec/4.1.30.Final/netty-codec-4.1.30.Final.jar:/root/.m2/repository/io/netty/netty-handler/4.1.30.Final/netty-handler-4.1.30.Final.jar:/root/.m2/repository/io/netty/netty-handler-proxy/4.1.30.Final/netty-handler-proxy-4.1.30.Final.jar:/root/.m2/repository/io/netty/netty-codec-socks/4.1.30.Final/netty-codec-socks-4.1.30.Final.jar:/root/.m2/repository/io/netty/netty-transport-native-epoll/4.1.30.Final/netty-transport-native-epoll-4.1.30.Final.jar:/root/.m2/repository/io/netty/netty-common/4.1.30.Final/netty-common-4.1.30.Final.jar:/root/.m2/repository/io/netty/netty-buffer/4.1.30.Final/netty-buffer-4.1.30.Final.jar:/root/.m2/repository/io/netty/netty-transport/4.1.30.Final/netty-transport-4.1.30.Final.jar:/root/.m2/repository/io/netty/netty-resolver/4.1.30.Final/netty-resolver-4.1.30.Final.jar:/root/.m2/repository/io/netty/netty-transport-native-unix-common/4.1.30.Final/netty-transport-native-unix-common-4.1.30.Final.jar:/root/.m2/repository/io/grpc/grpc-protobuf/1.17.1/grpc-protobuf-1.17.1.jar:/root/.m2/repository/com/google/api/grpc/proto-google-common-protos/1.0.0/proto-google-common-protos-1.0.0.jar:/root/.m2/repository/io/grpc/grpc-protobuf-lite/1.17.1/grpc-protobuf-lite-1.17.1.jar:/root/.m2/repository/io/grpc/grpc-stub/1.17.1/grpc-stub-1.17.1.jar:/root/.m2/repository/org/apache/hadoop/hadoop-ozone-recon/0.5.0-SNAPSHOT/hadoop-ozone-recon-0.5.0-SNAPSHOT.jar:/root/.m2/repository/org/apache/hadoop/hadoop-ozone-reconcodegen/0.5.0-SNAPSHOT/hadoop-ozone-reconcodegen-0.5.0-SNAPSHOT.jar:/root/.m2/repository/com/google/inject/extensions/guice-multibindings/4.0/guice-multibindings-4.0.jar:/root/.m2/repository/com/google/inject/guice/4.0/guice-4.0.jar:/root/.m2/repository/aopalliance/aopalliance/1.0/aopalliance-1.0.jar:/root/.m2/repository/com/google/inject/extensions/guice-servlet/4.0/guice-servlet-4.0.jar:/root/.m2/repository/org/glassfish/jersey/containers/jersey-container-servlet/2.27/jersey-container-servlet-2.27.jar:/root/.m2/repository/org/glassfish/hk2/guice-bridge/2.5.0/guice-bridge-2.5.0.jar:/root/.m2/repository/org/glassfish/jersey/core/jersey-server/2.27/jersey-server-2.27.jar:/root/.m2/repository/org/glassfish/jersey/core/jersey-client/2.27/jersey-client-2.27.jar:/root/.m2/repository/org/glassfish/jersey/media/jersey-media-jaxb/2.27/jersey-media-jaxb-2.27.jar:/root/.m2/repository/javax/validation/validation-api/1.1.0.Final/validation-api-1.1.0.Final.jar:/root/.m2/repository/org/glassfish/jersey/media/jersey-media-json-jackson/2.27/jersey-media-json-jackson-2.27.jar:/root/.m2/repository/org/glassfish/jersey/ext/jersey-entity-filtering/2.27/jersey-entity-filtering-2.27.jar:/root/.m2/repository/com/google/inject/extensions/guice-assistedinject/4.0/guice-assistedinject-4.0.jar:/root/.m2/repository/org/jooq/jooq/3.11.10/jooq-3.11.10.jar:/root/.m2/repository/org/jooq/jooq-meta/3.11.10/jooq-meta-3.11.10.jar:/root/.m2/repository/org/jooq/jooq-codegen/3.11.10/jooq-codegen-3.11.10.jar:/root/.m2/repository/com/jolbox/bonecp/0.8.0.RELEASE/bonecp-0.8.0.RELEASE.jar:/root/.m2/repository/org/xerial/sqlite-jdbc/3.25.2/sqlite-jdbc-3.25.2.jar:/root/.m2/repository/org/springframework/spring-jdbc/5.1.3.RELEASE/spring-jdbc-5.1.3.RELEASE.jar:/root/.m2/repository/org/springframework/spring-beans/5.1.3.RELEASE/spring-beans-5.1.3.RELEASE.jar:/root/.m2/repository/org/springframework/spring-core/5.1.3.RELEASE/spring-core-5.1.3.RELEASE.jar:/root/.m2/repository/org/springframework/spring-jcl/5.1.3.RELEASE/spring-jcl-5.1.3.RELEASE.jar:/root/.m2/repository/org/springframework/spring-tx/5.1.3.RELEASE/spring-tx-5.1.3.RELEASE.jar:/root/.m2/repository/org/apache/hadoop/hadoop-ozone-client/0.5.0-SNAPSHOT/hadoop-ozone-client-0.5.0-SNAPSHOT.jar:/root/.m2/repository/org/apache/hadoop/hadoop-ozone-ozone-manager/0.5.0-SNAPSHOT/hadoop-ozone-ozone-manager-0.5.0-SNAPSHOT-tests.jar:/root/.m2/repository/junit/junit/4.11/junit-4.11.jar:/root/.m2/repository/org/hamcrest/hamcrest-core/1.3/hamcrest-core-1.3.jar:/root/.m2/repository/org/openjdk/jmh/jmh-core/1.19/jmh-core-1.19.jar:/root/.m2/repository/net/sf/jopt-simple/jopt-simple/4.6/jopt-simple-4.6.jar:/root/.m2/repository/org/apache/commons/commons-math3/3.1.1/commons-math3-3.1.1.jar:/root/.m2/repository/org/openjdk/jmh/jmh-generator-annprocess/1.19/jmh-generator-annprocess-1.19.jar:/root/.m2/repository/org/mockito/mockito-all/1.8.5/mockito-all-1.8.5.jar:/root/.m2/repository/org/apache/hadoop/hadoop-kms/3.2.0/hadoop-kms-3.2.0.jar:/root/.m2/repository/org/apache/hadoop/hadoop-auth/3.2.0/hadoop-auth-3.2.0.jar:/root/.m2/repository/com/nimbusds/nimbus-jose-jwt/4.41.1/nimbus-jose-jwt-4.41.1.jar:/root/.m2/repository/com/github/stephenc/jcip/jcip-annotations/1.0-1/jcip-annotations-1.0-1.jar:/root/.m2/repository/net/minidev/json-smart/2.3/json-smart-2.3.jar:/root/.m2/repository/net/minidev/accessors-smart/1.2/accessors-smart-1.2.jar:/root/.m2/repository/org/ow2/asm/asm/5.0.4/asm-5.0.4.jar:/root/.m2/repository/org/apache/curator/curator-framework/2.12.0/curator-framework-2.12.0.jar:/root/.m2/repository/com/sun/jersey/jersey-core/1.19/jersey-core-1.19.jar:/root/.m2/repository/javax/ws/rs/jsr311-api/1.1.1/jsr311-api-1.1.1.jar:/root/.m2/repository/com/sun/jersey/jersey-server/1.19/jersey-server-1.19.jar:/root/.m2/repository/javax/servlet/javax.servlet-api/3.1.0/javax.servlet-api-3.1.0.jar:/root/.m2/repository/org/eclipse/jetty/jetty-server/9.3.24.v20180605/jetty-server-9.3.24.v20180605.jar:/root/.m2/repository/org/eclipse/jetty/jetty-http/9.3.24.v20180605/jetty-http-9.3.24.v20180605.jar:/root/.m2/repository/org/eclipse/jetty/jetty-io/9.3.24.v20180605/jetty-io-9.3.24.v20180605.jar:/root/.m2/repository/org/eclipse/jetty/jetty-webapp/9.3.24.v20180605/jetty-webapp-9.3.24.v20180605.jar:/root/.m2/repository/org/eclipse/jetty/jetty-xml/9.3.24.v20180605/jetty-xml-9.3.24.v20180605.jar:/root/.m2/repository/log4j/log4j/1.2.17/log4j-1.2.17.jar:/root/.m2/repository/org/slf4j/slf4j-api/1.7.25/slf4j-api-1.7.25.jar:/root/.m2/repository/org/slf4j/jul-to-slf4j/1.7.25/jul-to-slf4j-1.7.25.jar:/root/.m2/repository/org/eclipse/jetty/jetty-util/9.3.24.v20180605/jetty-util-9.3.24.v20180605.jar:/root/.m2/repository/io/dropwizard/metrics/metrics-core/3.2.4/metrics-core-3.2.4.jar:/root/.m2/repository/com/fasterxml/jackson/core/jackson-databind/2.9.5/jackson-databind-2.9.5.jar:/root/.m2/repository/org/apache/hadoop/hadoop-kms/3.2.0/hadoop-kms-3.2.0-tests.jar:/root/.m2/repository/org/apache/hadoop/hadoop-hdds-server-scm/0.5.0-SNAPSHOT/hadoop-hdds-server-scm-0.5.0-SNAPSHOT-tests.jar:/root/.m2/repository/org/hamcrest/hamcrest-all/1.3/hamcrest-all-1.3.jar:/root/.m2/repository/info/picocli/picocli/3.9.6/picocli-3.9.6.jar:/root/.m2/repository/org/apache/hadoop/hadoop-hdds-container-service/0.5.0-SNAPSHOT/hadoop-hdds-container-service-0.5.0-SNAPSHOT-tests.jar:/root/.m2/repository/org/yaml/snakeyaml/1.16/snakeyaml-1.16.jar:/root/.m2/repository/org/apache/hadoop/hadoop-common/3.2.0/hadoop-common-3.2.0-tests.jar:/root/.m2/repository/org/apache/hadoop/hadoop-annotations/3.2.0/hadoop-annotations-3.2.0.jar:/usr/lib/jvm/java-1.8-openjdk/jre/../lib/tools.jar:/root/.m2/repository/commons-cli/commons-cli/1.2/commons-cli-1.2.jar:/root/.m2/repository/org/apache/httpcomponents/httpclient/4.5.2/httpclient-4.5.2.jar:/root/.m2/repository/org/apache/httpcomponents/httpcore/4.4.4/httpcore-4.4.4.jar:/root/.m2/repository/commons-codec/commons-codec/1.11/commons-codec-1.11.jar:/root/.m2/repository/commons-net/commons-net/3.6/commons-net-3.6.jar:/root/.m2/repository/commons-collections/commons-collections/3.2.2/commons-collections-3.2.2.jar:/root/.m2/repository/org/eclipse/jetty/jetty-servlet/9.3.24.v20180605/jetty-servlet-9.3.24.v20180605.jar:/root/.m2/repository/org/eclipse/jetty/jetty-security/9.3.24.v20180605/jetty-security-9.3.24.v20180605.jar:/root/.m2/repository/javax/servlet/jsp/jsp-api/2.1/jsp-api-2.1.jar:/root/.m2/repository/com/sun/jersey/jersey-servlet/1.19/jersey-servlet-1.19.jar:/root/.m2/repository/com/sun/jersey/jersey-json/1.19/jersey-json-1.19.jar:/root/.m2/repository/org/codehaus/jettison/jettison/1.1/jettison-1.1.jar:/root/.m2/repository/org/codehaus/jackson/jackson-core-asl/1.9.13/jackson-core-asl-1.9.13.jar:/root/.m2/repository/org/codehaus/jackson/jackson-mapper-asl/1.9.13/jackson-mapper-asl-1.9.13.jar:/root/.m2/repository/org/codehaus/jackson/jackson-jaxrs/1.9.13/jackson-jaxrs-1.9.13.jar:/root/.m2/repository/org/codehaus/jackson/jackson-xc/1.9.13/jackson-xc-1.9.13.jar:/root/.m2/repository/commons-logging/commons-logging/1.1.3/commons-logging-1.1.3.jar:/root/.m2/repository/commons-beanutils/commons-beanutils/1.9.3/commons-beanutils-1.9.3.jar:/root/.m2/repository/org/apache/commons/commons-configuration2/2.1.1/commons-configuration2-2.1.1.jar:/root/.m2/repository/org/apache/commons/commons-lang3/3.7/commons-lang3-3.7.jar:/root/.m2/repository/org/apache/commons/commons-text/1.4/commons-text-1.4.jar:/root/.m2/repository/org/apache/avro/avro/1.7.7/avro-1.7.7.jar:/root/.m2/repository/com/thoughtworks/paranamer/paranamer/2.3/paranamer-2.3.jar:/root/.m2/repository/org/xerial/snappy/snappy-java/1.0.5/snappy-java-1.0.5.jar:/root/.m2/repository/com/google/re2j/re2j/1.1/re2j-1.1.jar:/root/.m2/repository/com/google/code/gson/gson/2.2.4/gson-2.2.4.jar:/root/.m2/repository/com/jcraft/jsch/0.1.54/jsch-0.1.54.jar:/root/.m2/repository/org/apache/curator/curator-client/2.12.0/curator-client-2.12.0.jar:/root/.m2/repository/org/apache/curator/curator-recipes/2.12.0/curator-recipes-2.12.0.jar:/root/.m2/repository/com/google/code/findbugs/jsr305/3.0.0/jsr305-3.0.0.jar:/root/.m2/repository/org/apache/htrace/htrace-core4/4.1.0-incubating/htrace-core4-4.1.0-incubating.jar:/root/.m2/repository/org/apache/zookeeper/zookeeper/3.4.13/zookeeper-3.4.13.jar:/root/.m2/repository/org/apache/yetus/audience-annotations/0.5.0/audience-annotations-0.5.0.jar:/root/.m2/repository/org/codehaus/woodstox/stax2-api/3.1.4/stax2-api-3.1.4.jar:/root/.m2/repository/com/fasterxml/woodstox/woodstox-core/5.0.3/woodstox-core-5.0.3.jar:/root/.m2/repository/dnsjava/dnsjava/2.1.7/dnsjava-2.1.7.jar:/root/.m2/repository/org/apache/hadoop/hadoop-hdfs/3.2.0/hadoop-hdfs-3.2.0-tests.jar:/root/.m2/repository/org/eclipse/jetty/jetty-util-ajax/9.3.24.v20180605/jetty-util-ajax-9.3.24.v20180605.jar:/root/.m2/repository/commons-daemon/commons-daemon/1.0.13/commons-daemon-1.0.13.jar:/root/.m2/repository/io/netty/netty/3.10.5.Final/netty-3.10.5.Final.jar:/root/.m2/repository/io/netty/netty-all/4.0.52.Final/netty-all-4.0.52.Final.jar:/root/.m2/repository/org/fusesource/leveldbjni/leveldbjni-all/1.8/leveldbjni-all-1.8.jar:"/>
    <property name="java.vm.vendor" value="IcedTea"/>
    <property name="sun.arch.data.model" value="64"/>
    <property name="test.build.dir" value="/opt/src/hadoop-ozone/integration-test/target/test-dir"/>
    <property name="test.cache.data" value=""/>
    <property name="java.vendor.url" value="https://icedtea.classpath.org"/>
    <property name="user.timezone" value=""/>
    <property name="java.vm.specification.version" value="1.8"/>
    <property name="os.name" value="Linux"/>
    <property name="test.build.data" value="/opt/src/hadoop-ozone/integration-test/target/test-dir"/>
    <property name="user.country" value="US"/>
    <property name="sun.java.launcher" value="SUN_STANDARD"/>
    <property name="sun.boot.library.path" value="/usr/lib/jvm/java-1.8-openjdk/jre/lib/amd64"/>
    <property name="sun.java.command" value="/opt/src/hadoop-ozone/integration-test/target/surefire/surefirebooter2993164351927741558.jar /opt/src/hadoop-ozone/integration-test/target/surefire 2019-06-13T00-53-08_679-jvmRun1 surefire5187119116833580199tmp surefire_82120166457289784206tmp"/>
    <property name="surefire.test.class.path" value="/opt/src/hadoop-ozone/integration-test/target/test-classes:/opt/src/hadoop-ozone/integration-test/target/classes:/root/.m2/repository/org/apache/hadoop/hadoop-ozone-common/0.5.0-SNAPSHOT/hadoop-ozone-common-0.5.0-SNAPSHOT.jar:/root/.m2/repository/org/apache/commons/commons-compress/1.4.1/commons-compress-1.4.1.jar:/root/.m2/repository/org/tukaani/xz/1.0/xz-1.0.jar:/root/.m2/repository/org/apache/hadoop/hadoop-common/3.2.0/hadoop-common-3.2.0.jar:/root/.m2/repository/org/apache/hadoop/hadoop-hdfs/3.2.0/hadoop-hdfs-3.2.0.jar:/root/.m2/repository/org/apache/hadoop/hadoop-hdfs-client/3.2.0/hadoop-hdfs-client-3.2.0.jar:/root/.m2/repository/com/fasterxml/jackson/core/jackson-annotations/2.9.5/jackson-annotations-2.9.5.jar:/root/.m2/repository/org/apache/hadoop/hadoop-hdds-common/0.5.0-SNAPSHOT/hadoop-hdds-common-0.5.0-SNAPSHOT.jar:/root/.m2/repository/javax/annotation/javax.annotation-api/1.2/javax.annotation-api-1.2.jar:/root/.m2/repository/org/apache/ratis/ratis-server/0.4.0-fe2b15d-SNAPSHOT/ratis-server-0.4.0-fe2b15d-SNAPSHOT.jar:/root/.m2/repository/org/apache/ratis/ratis-thirdparty-misc/0.2.0/ratis-thirdparty-misc-0.2.0.jar:/root/.m2/repository/org/apache/ratis/ratis-proto/0.4.0-fe2b15d-SNAPSHOT/ratis-proto-0.4.0-fe2b15d-SNAPSHOT.jar:/root/.m2/repository/org/apache/ratis/ratis-common/0.4.0-fe2b15d-SNAPSHOT/ratis-common-0.4.0-fe2b15d-SNAPSHOT.jar:/root/.m2/repository/org/apache/ratis/ratis-client/0.4.0-fe2b15d-SNAPSHOT/ratis-client-0.4.0-fe2b15d-SNAPSHOT.jar:/root/.m2/repository/org/apache/ratis/ratis-netty/0.4.0-fe2b15d-SNAPSHOT/ratis-netty-0.4.0-fe2b15d-SNAPSHOT.jar:/root/.m2/repository/org/apache/ratis/ratis-grpc/0.4.0-fe2b15d-SNAPSHOT/ratis-grpc-0.4.0-fe2b15d-SNAPSHOT.jar:/root/.m2/repository/org/rocksdb/rocksdbjni/5.14.2/rocksdbjni-5.14.2.jar:/root/.m2/repository/org/apache/logging/log4j/log4j-api/2.11.0/log4j-api-2.11.0.jar:/root/.m2/repository/org/apache/logging/log4j/log4j-core/2.11.0/log4j-core-2.11.0.jar:/root/.m2/repository/com/lmax/disruptor/3.4.2/disruptor-3.4.2.jar:/root/.m2/repository/org/apache/commons/commons-pool2/2.6.0/commons-pool2-2.6.0.jar:/root/.m2/repository/org/bouncycastle/bcpkix-jdk15on/1.60/bcpkix-jdk15on-1.60.jar:/root/.m2/repository/commons-validator/commons-validator/1.6/commons-validator-1.6.jar:/root/.m2/repository/commons-digester/commons-digester/1.8.1/commons-digester-1.8.1.jar:/root/.m2/repository/io/jaegertracing/jaeger-client/0.33.1/jaeger-client-0.33.1.jar:/root/.m2/repository/io/jaegertracing/jaeger-thrift/0.33.1/jaeger-thrift-0.33.1.jar:/root/.m2/repository/org/apache/thrift/libthrift/0.11.0/libthrift-0.11.0.jar:/root/.m2/repository/com/squareup/okhttp3/okhttp/3.9.0/okhttp-3.9.0.jar:/root/.m2/repository/com/squareup/okio/okio/1.13.0/okio-1.13.0.jar:/root/.m2/repository/io/jaegertracing/jaeger-core/0.33.1/jaeger-core-0.33.1.jar:/root/.m2/repository/io/jaegertracing/jaeger-tracerresolver/0.33.1/jaeger-tracerresolver-0.33.1.jar:/root/.m2/repository/io/opentracing/contrib/opentracing-tracerresolver/0.1.5/opentracing-tracerresolver-0.1.5.jar:/root/.m2/repository/io/opentracing/opentracing-util/0.31.0/opentracing-util-0.31.0.jar:/root/.m2/repository/io/opentracing/opentracing-api/0.31.0/opentracing-api-0.31.0.jar:/root/.m2/repository/io/opentracing/opentracing-noop/0.31.0/opentracing-noop-0.31.0.jar:/root/.m2/repository/org/apache/hadoop/hadoop-hdds-server-framework/0.5.0-SNAPSHOT/hadoop-hdds-server-framework-0.5.0-SNAPSHOT.jar:/root/.m2/repository/org/apache/hadoop/hadoop-hdds-server-scm/0.5.0-SNAPSHOT/hadoop-hdds-server-scm-0.5.0-SNAPSHOT.jar:/root/.m2/repository/org/apache/hadoop/hadoop-hdds-container-service/0.5.0-SNAPSHOT/hadoop-hdds-container-service-0.5.0-SNAPSHOT.jar:/root/.m2/repository/org/apache/hadoop/hadoop-hdds-client/0.5.0-SNAPSHOT/hadoop-hdds-client-0.5.0-SNAPSHOT.jar:/root/.m2/repository/org/apache/hadoop/hadoop-hdds-tools/0.5.0-SNAPSHOT/hadoop-hdds-tools-0.5.0-SNAPSHOT.jar:/root/.m2/repository/org/apache/hadoop/hadoop-ozone-ozone-manager/0.5.0-SNAPSHOT/hadoop-ozone-ozone-manager-0.5.0-SNAPSHOT.jar:/root/.m2/repository/org/apache/hadoop/hadoop-hdds-docs/0.5.0-SNAPSHOT/hadoop-hdds-docs-0.5.0-SNAPSHOT.jar:/root/.m2/repository/org/bouncycastle/bcprov-jdk15on/1.60/bcprov-jdk15on-1.60.jar:/root/.m2/repository/org/apache/hadoop/hadoop-minikdc/3.2.0/hadoop-minikdc-3.2.0.jar:/root/.m2/repository/commons-io/commons-io/2.5/commons-io-2.5.jar:/root/.m2/repository/org/apache/kerby/kerb-simplekdc/1.0.1/kerb-simplekdc-1.0.1.jar:/root/.m2/repository/org/apache/kerby/kerb-client/1.0.1/kerb-client-1.0.1.jar:/root/.m2/repository/org/apache/kerby/kerby-config/1.0.1/kerby-config-1.0.1.jar:/root/.m2/repository/org/apache/kerby/kerb-core/1.0.1/kerb-core-1.0.1.jar:/root/.m2/repository/org/apache/kerby/kerby-pkix/1.0.1/kerby-pkix-1.0.1.jar:/root/.m2/repository/org/apache/kerby/kerby-asn1/1.0.1/kerby-asn1-1.0.1.jar:/root/.m2/repository/org/apache/kerby/kerby-util/1.0.1/kerby-util-1.0.1.jar:/root/.m2/repository/org/apache/kerby/kerb-common/1.0.1/kerb-common-1.0.1.jar:/root/.m2/repository/org/apache/kerby/kerb-crypto/1.0.1/kerb-crypto-1.0.1.jar:/root/.m2/repository/org/apache/kerby/kerb-util/1.0.1/kerb-util-1.0.1.jar:/root/.m2/repository/org/apache/kerby/token-provider/1.0.1/token-provider-1.0.1.jar:/root/.m2/repository/org/apache/kerby/kerb-admin/1.0.1/kerb-admin-1.0.1.jar:/root/.m2/repository/org/apache/kerby/kerb-server/1.0.1/kerb-server-1.0.1.jar:/root/.m2/repository/org/apache/kerby/kerb-identity/1.0.1/kerb-identity-1.0.1.jar:/root/.m2/repository/org/apache/kerby/kerby-xdr/1.0.1/kerby-xdr-1.0.1.jar:/root/.m2/repository/org/slf4j/slf4j-log4j12/1.7.25/slf4j-log4j12-1.7.25.jar:/root/.m2/repository/org/apache/hadoop/hadoop-ozone-objectstore-service/0.5.0-SNAPSHOT/hadoop-ozone-objectstore-service-0.5.0-SNAPSHOT.jar:/root/.m2/repository/org/apache/hadoop/hadoop-ozone-s3gateway/0.5.0-SNAPSHOT/hadoop-ozone-s3gateway-0.5.0-SNAPSHOT.jar:/root/.m2/repository/org/jboss/weld/servlet/weld-servlet/2.4.7.Final/weld-servlet-2.4.7.Final.jar:/root/.m2/repository/org/glassfish/jersey/containers/jersey-container-servlet-core/2.27/jersey-container-servlet-core-2.27.jar:/root/.m2/repository/org/glassfish/hk2/external/javax.inject/2.5.0-b42/javax.inject-2.5.0-b42.jar:/root/.m2/repository/org/glassfish/jersey/core/jersey-common/2.27/jersey-common-2.27.jar:/root/.m2/repository/org/glassfish/hk2/osgi-resource-locator/1.0.1/osgi-resource-locator-1.0.1.jar:/root/.m2/repository/javax/ws/rs/javax.ws.rs-api/2.1/javax.ws.rs-api-2.1.jar:/root/.m2/repository/org/glassfish/jersey/ext/cdi/jersey-cdi1x/2.27/jersey-cdi1x-2.27.jar:/root/.m2/repository/org/glassfish/jersey/inject/jersey-hk2/2.27/jersey-hk2-2.27.jar:/root/.m2/repository/org/glassfish/hk2/hk2-locator/2.5.0-b42/hk2-locator-2.5.0-b42.jar:/root/.m2/repository/org/javassist/javassist/3.22.0-CR2/javassist-3.22.0-CR2.jar:/root/.m2/repository/org/glassfish/hk2/hk2-api/2.5.0/hk2-api-2.5.0.jar:/root/.m2/repository/org/glassfish/hk2/external/jakarta.inject/2.5.0/jakarta.inject-2.5.0.jar:/root/.m2/repository/org/glassfish/hk2/hk2-utils/2.5.0/hk2-utils-2.5.0.jar:/root/.m2/repository/jakarta/annotation/jakarta.annotation-api/1.3.4/jakarta.annotation-api-1.3.4.jar:/root/.m2/repository/org/glassfish/hk2/external/aopalliance-repackaged/2.5.0/aopalliance-repackaged-2.5.0.jar:/root/.m2/repository/com/fasterxml/jackson/dataformat/jackson-dataformat-xml/2.9.0/jackson-dataformat-xml-2.9.0.jar:/root/.m2/repository/com/fasterxml/jackson/core/jackson-core/2.9.5/jackson-core-2.9.5.jar:/root/.m2/repository/com/fasterxml/jackson/module/jackson-module-jaxb-annotations/2.9.5/jackson-module-jaxb-annotations-2.9.5.jar:/root/.m2/repository/javax/enterprise/cdi-api/1.2/cdi-api-1.2.jar:/root/.m2/repository/javax/el/javax.el-api/3.0.0/javax.el-api-3.0.0.jar:/root/.m2/repository/javax/interceptor/javax.interceptor-api/1.2/javax.interceptor-api-1.2.jar:/root/.m2/repository/javax/inject/javax.inject/1/javax.inject-1.jar:/root/.m2/repository/com/sun/xml/bind/jaxb-impl/2.3.0.1/jaxb-impl-2.3.0.1.jar:/root/.m2/repository/com/sun/xml/bind/jaxb-core/2.3.0.1/jaxb-core-2.3.0.1.jar:/root/.m2/repository/javax/xml/bind/jaxb-api/2.3.0/jaxb-api-2.3.0.jar:/root/.m2/repository/javax/activation/activation/1.1.1/activation-1.1.1.jar:/root/.m2/repository/org/apache/hadoop/hadoop-ozone-csi/0.5.0-SNAPSHOT/hadoop-ozone-csi-0.5.0-SNAPSHOT.jar:/root/.m2/repository/com/google/protobuf/protobuf-java-util/3.5.1/protobuf-java-util-3.5.1.jar:/root/.m2/repository/org/apache/hadoop/hadoop-hdds-config/0.5.0-SNAPSHOT/hadoop-hdds-config-0.5.0-SNAPSHOT.jar:/root/.m2/repository/com/google/guava/guava/11.0.2/guava-11.0.2.jar:/root/.m2/repository/com/google/protobuf/protobuf-java/2.5.0/protobuf-java-2.5.0.jar:/root/.m2/repository/io/grpc/grpc-netty/1.17.1/grpc-netty-1.17.1.jar:/root/.m2/repository/io/grpc/grpc-core/1.17.1/grpc-core-1.17.1.jar:/root/.m2/repository/io/grpc/grpc-context/1.17.1/grpc-context-1.17.1.jar:/root/.m2/repository/com/google/errorprone/error_prone_annotations/2.2.0/error_prone_annotations-2.2.0.jar:/root/.m2/repository/org/codehaus/mojo/animal-sniffer-annotations/1.17/animal-sniffer-annotations-1.17.jar:/root/.m2/repository/io/opencensus/opencensus-api/0.17.0/opencensus-api-0.17.0.jar:/root/.m2/repository/io/opencensus/opencensus-contrib-grpc-metrics/0.17.0/opencensus-contrib-grpc-metrics-0.17.0.jar:/root/.m2/repository/io/netty/netty-codec-http2/4.1.30.Final/netty-codec-http2-4.1.30.Final.jar:/root/.m2/repository/io/netty/netty-codec-http/4.1.30.Final/netty-codec-http-4.1.30.Final.jar:/root/.m2/repository/io/netty/netty-codec/4.1.30.Final/netty-codec-4.1.30.Final.jar:/root/.m2/repository/io/netty/netty-handler/4.1.30.Final/netty-handler-4.1.30.Final.jar:/root/.m2/repository/io/netty/netty-handler-proxy/4.1.30.Final/netty-handler-proxy-4.1.30.Final.jar:/root/.m2/repository/io/netty/netty-codec-socks/4.1.30.Final/netty-codec-socks-4.1.30.Final.jar:/root/.m2/repository/io/netty/netty-transport-native-epoll/4.1.30.Final/netty-transport-native-epoll-4.1.30.Final.jar:/root/.m2/repository/io/netty/netty-common/4.1.30.Final/netty-common-4.1.30.Final.jar:/root/.m2/repository/io/netty/netty-buffer/4.1.30.Final/netty-buffer-4.1.30.Final.jar:/root/.m2/repository/io/netty/netty-transport/4.1.30.Final/netty-transport-4.1.30.Final.jar:/root/.m2/repository/io/netty/netty-resolver/4.1.30.Final/netty-resolver-4.1.30.Final.jar:/root/.m2/repository/io/netty/netty-transport-native-unix-common/4.1.30.Final/netty-transport-native-unix-common-4.1.30.Final.jar:/root/.m2/repository/io/grpc/grpc-protobuf/1.17.1/grpc-protobuf-1.17.1.jar:/root/.m2/repository/com/google/api/grpc/proto-google-common-protos/1.0.0/proto-google-common-protos-1.0.0.jar:/root/.m2/repository/io/grpc/grpc-protobuf-lite/1.17.1/grpc-protobuf-lite-1.17.1.jar:/root/.m2/repository/io/grpc/grpc-stub/1.17.1/grpc-stub-1.17.1.jar:/root/.m2/repository/org/apache/hadoop/hadoop-ozone-recon/0.5.0-SNAPSHOT/hadoop-ozone-recon-0.5.0-SNAPSHOT.jar:/root/.m2/repository/org/apache/hadoop/hadoop-ozone-reconcodegen/0.5.0-SNAPSHOT/hadoop-ozone-reconcodegen-0.5.0-SNAPSHOT.jar:/root/.m2/repository/com/google/inject/extensions/guice-multibindings/4.0/guice-multibindings-4.0.jar:/root/.m2/repository/com/google/inject/guice/4.0/guice-4.0.jar:/root/.m2/repository/aopalliance/aopalliance/1.0/aopalliance-1.0.jar:/root/.m2/repository/com/google/inject/extensions/guice-servlet/4.0/guice-servlet-4.0.jar:/root/.m2/repository/org/glassfish/jersey/containers/jersey-container-servlet/2.27/jersey-container-servlet-2.27.jar:/root/.m2/repository/org/glassfish/hk2/guice-bridge/2.5.0/guice-bridge-2.5.0.jar:/root/.m2/repository/org/glassfish/jersey/core/jersey-server/2.27/jersey-server-2.27.jar:/root/.m2/repository/org/glassfish/jersey/core/jersey-client/2.27/jersey-client-2.27.jar:/root/.m2/repository/org/glassfish/jersey/media/jersey-media-jaxb/2.27/jersey-media-jaxb-2.27.jar:/root/.m2/repository/javax/validation/validation-api/1.1.0.Final/validation-api-1.1.0.Final.jar:/root/.m2/repository/org/glassfish/jersey/media/jersey-media-json-jackson/2.27/jersey-media-json-jackson-2.27.jar:/root/.m2/repository/org/glassfish/jersey/ext/jersey-entity-filtering/2.27/jersey-entity-filtering-2.27.jar:/root/.m2/repository/com/google/inject/extensions/guice-assistedinject/4.0/guice-assistedinject-4.0.jar:/root/.m2/repository/org/jooq/jooq/3.11.10/jooq-3.11.10.jar:/root/.m2/repository/org/jooq/jooq-meta/3.11.10/jooq-meta-3.11.10.jar:/root/.m2/repository/org/jooq/jooq-codegen/3.11.10/jooq-codegen-3.11.10.jar:/root/.m2/repository/com/jolbox/bonecp/0.8.0.RELEASE/bonecp-0.8.0.RELEASE.jar:/root/.m2/repository/org/xerial/sqlite-jdbc/3.25.2/sqlite-jdbc-3.25.2.jar:/root/.m2/repository/org/springframework/spring-jdbc/5.1.3.RELEASE/spring-jdbc-5.1.3.RELEASE.jar:/root/.m2/repository/org/springframework/spring-beans/5.1.3.RELEASE/spring-beans-5.1.3.RELEASE.jar:/root/.m2/repository/org/springframework/spring-core/5.1.3.RELEASE/spring-core-5.1.3.RELEASE.jar:/root/.m2/repository/org/springframework/spring-jcl/5.1.3.RELEASE/spring-jcl-5.1.3.RELEASE.jar:/root/.m2/repository/org/springframework/spring-tx/5.1.3.RELEASE/spring-tx-5.1.3.RELEASE.jar:/root/.m2/repository/org/apache/hadoop/hadoop-ozone-client/0.5.0-SNAPSHOT/hadoop-ozone-client-0.5.0-SNAPSHOT.jar:/root/.m2/repository/org/apache/hadoop/hadoop-ozone-ozone-manager/0.5.0-SNAPSHOT/hadoop-ozone-ozone-manager-0.5.0-SNAPSHOT-tests.jar:/root/.m2/repository/junit/junit/4.11/junit-4.11.jar:/root/.m2/repository/org/hamcrest/hamcrest-core/1.3/hamcrest-core-1.3.jar:/root/.m2/repository/org/openjdk/jmh/jmh-core/1.19/jmh-core-1.19.jar:/root/.m2/repository/net/sf/jopt-simple/jopt-simple/4.6/jopt-simple-4.6.jar:/root/.m2/repository/org/apache/commons/commons-math3/3.1.1/commons-math3-3.1.1.jar:/root/.m2/repository/org/openjdk/jmh/jmh-generator-annprocess/1.19/jmh-generator-annprocess-1.19.jar:/root/.m2/repository/org/mockito/mockito-all/1.8.5/mockito-all-1.8.5.jar:/root/.m2/repository/org/apache/hadoop/hadoop-kms/3.2.0/hadoop-kms-3.2.0.jar:/root/.m2/repository/org/apache/hadoop/hadoop-auth/3.2.0/hadoop-auth-3.2.0.jar:/root/.m2/repository/com/nimbusds/nimbus-jose-jwt/4.41.1/nimbus-jose-jwt-4.41.1.jar:/root/.m2/repository/com/github/stephenc/jcip/jcip-annotations/1.0-1/jcip-annotations-1.0-1.jar:/root/.m2/repository/net/minidev/json-smart/2.3/json-smart-2.3.jar:/root/.m2/repository/net/minidev/accessors-smart/1.2/accessors-smart-1.2.jar:/root/.m2/repository/org/ow2/asm/asm/5.0.4/asm-5.0.4.jar:/root/.m2/repository/org/apache/curator/curator-framework/2.12.0/curator-framework-2.12.0.jar:/root/.m2/repository/com/sun/jersey/jersey-core/1.19/jersey-core-1.19.jar:/root/.m2/repository/javax/ws/rs/jsr311-api/1.1.1/jsr311-api-1.1.1.jar:/root/.m2/repository/com/sun/jersey/jersey-server/1.19/jersey-server-1.19.jar:/root/.m2/repository/javax/servlet/javax.servlet-api/3.1.0/javax.servlet-api-3.1.0.jar:/root/.m2/repository/org/eclipse/jetty/jetty-server/9.3.24.v20180605/jetty-server-9.3.24.v20180605.jar:/root/.m2/repository/org/eclipse/jetty/jetty-http/9.3.24.v20180605/jetty-http-9.3.24.v20180605.jar:/root/.m2/repository/org/eclipse/jetty/jetty-io/9.3.24.v20180605/jetty-io-9.3.24.v20180605.jar:/root/.m2/repository/org/eclipse/jetty/jetty-webapp/9.3.24.v20180605/jetty-webapp-9.3.24.v20180605.jar:/root/.m2/repository/org/eclipse/jetty/jetty-xml/9.3.24.v20180605/jetty-xml-9.3.24.v20180605.jar:/root/.m2/repository/log4j/log4j/1.2.17/log4j-1.2.17.jar:/root/.m2/repository/org/slf4j/slf4j-api/1.7.25/slf4j-api-1.7.25.jar:/root/.m2/repository/org/slf4j/jul-to-slf4j/1.7.25/jul-to-slf4j-1.7.25.jar:/root/.m2/repository/org/eclipse/jetty/jetty-util/9.3.24.v20180605/jetty-util-9.3.24.v20180605.jar:/root/.m2/repository/io/dropwizard/metrics/metrics-core/3.2.4/metrics-core-3.2.4.jar:/root/.m2/repository/com/fasterxml/jackson/core/jackson-databind/2.9.5/jackson-databind-2.9.5.jar:/root/.m2/repository/org/apache/hadoop/hadoop-kms/3.2.0/hadoop-kms-3.2.0-tests.jar:/root/.m2/repository/org/apache/hadoop/hadoop-hdds-server-scm/0.5.0-SNAPSHOT/hadoop-hdds-server-scm-0.5.0-SNAPSHOT-tests.jar:/root/.m2/repository/org/hamcrest/hamcrest-all/1.3/hamcrest-all-1.3.jar:/root/.m2/repository/info/picocli/picocli/3.9.6/picocli-3.9.6.jar:/root/.m2/repository/org/apache/hadoop/hadoop-hdds-container-service/0.5.0-SNAPSHOT/hadoop-hdds-container-service-0.5.0-SNAPSHOT-tests.jar:/root/.m2/repository/org/yaml/snakeyaml/1.16/snakeyaml-1.16.jar:/root/.m2/repository/org/apache/hadoop/hadoop-common/3.2.0/hadoop-common-3.2.0-tests.jar:/root/.m2/repository/org/apache/hadoop/hadoop-annotations/3.2.0/hadoop-annotations-3.2.0.jar:/usr/lib/jvm/java-1.8-openjdk/jre/../lib/tools.jar:/root/.m2/repository/commons-cli/commons-cli/1.2/commons-cli-1.2.jar:/root/.m2/repository/org/apache/httpcomponents/httpclient/4.5.2/httpclient-4.5.2.jar:/root/.m2/repository/org/apache/httpcomponents/httpcore/4.4.4/httpcore-4.4.4.jar:/root/.m2/repository/commons-codec/commons-codec/1.11/commons-codec-1.11.jar:/root/.m2/repository/commons-net/commons-net/3.6/commons-net-3.6.jar:/root/.m2/repository/commons-collections/commons-collections/3.2.2/commons-collections-3.2.2.jar:/root/.m2/repository/org/eclipse/jetty/jetty-servlet/9.3.24.v20180605/jetty-servlet-9.3.24.v20180605.jar:/root/.m2/repository/org/eclipse/jetty/jetty-security/9.3.24.v20180605/jetty-security-9.3.24.v20180605.jar:/root/.m2/repository/javax/servlet/jsp/jsp-api/2.1/jsp-api-2.1.jar:/root/.m2/repository/com/sun/jersey/jersey-servlet/1.19/jersey-servlet-1.19.jar:/root/.m2/repository/com/sun/jersey/jersey-json/1.19/jersey-json-1.19.jar:/root/.m2/repository/org/codehaus/jettison/jettison/1.1/jettison-1.1.jar:/root/.m2/repository/org/codehaus/jackson/jackson-core-asl/1.9.13/jackson-core-asl-1.9.13.jar:/root/.m2/repository/org/codehaus/jackson/jackson-mapper-asl/1.9.13/jackson-mapper-asl-1.9.13.jar:/root/.m2/repository/org/codehaus/jackson/jackson-jaxrs/1.9.13/jackson-jaxrs-1.9.13.jar:/root/.m2/repository/org/codehaus/jackson/jackson-xc/1.9.13/jackson-xc-1.9.13.jar:/root/.m2/repository/commons-logging/commons-logging/1.1.3/commons-logging-1.1.3.jar:/root/.m2/repository/commons-beanutils/commons-beanutils/1.9.3/commons-beanutils-1.9.3.jar:/root/.m2/repository/org/apache/commons/commons-configuration2/2.1.1/commons-configuration2-2.1.1.jar:/root/.m2/repository/org/apache/commons/commons-lang3/3.7/commons-lang3-3.7.jar:/root/.m2/repository/org/apache/commons/commons-text/1.4/commons-text-1.4.jar:/root/.m2/repository/org/apache/avro/avro/1.7.7/avro-1.7.7.jar:/root/.m2/repository/com/thoughtworks/paranamer/paranamer/2.3/paranamer-2.3.jar:/root/.m2/repository/org/xerial/snappy/snappy-java/1.0.5/snappy-java-1.0.5.jar:/root/.m2/repository/com/google/re2j/re2j/1.1/re2j-1.1.jar:/root/.m2/repository/com/google/code/gson/gson/2.2.4/gson-2.2.4.jar:/root/.m2/repository/com/jcraft/jsch/0.1.54/jsch-0.1.54.jar:/root/.m2/repository/org/apache/curator/curator-client/2.12.0/curator-client-2.12.0.jar:/root/.m2/repository/org/apache/curator/curator-recipes/2.12.0/curator-recipes-2.12.0.jar:/root/.m2/repository/com/google/code/findbugs/jsr305/3.0.0/jsr305-3.0.0.jar:/root/.m2/repository/org/apache/htrace/htrace-core4/4.1.0-incubating/htrace-core4-4.1.0-incubating.jar:/root/.m2/repository/org/apache/zookeeper/zookeeper/3.4.13/zookeeper-3.4.13.jar:/root/.m2/repository/org/apache/yetus/audience-annotations/0.5.0/audience-annotations-0.5.0.jar:/root/.m2/repository/org/codehaus/woodstox/stax2-api/3.1.4/stax2-api-3.1.4.jar:/root/.m2/repository/com/fasterxml/woodstox/woodstox-core/5.0.3/woodstox-core-5.0.3.jar:/root/.m2/repository/dnsjava/dnsjava/2.1.7/dnsjava-2.1.7.jar:/root/.m2/repository/org/apache/hadoop/hadoop-hdfs/3.2.0/hadoop-hdfs-3.2.0-tests.jar:/root/.m2/repository/org/eclipse/jetty/jetty-util-ajax/9.3.24.v20180605/jetty-util-ajax-9.3.24.v20180605.jar:/root/.m2/repository/commons-daemon/commons-daemon/1.0.13/commons-daemon-1.0.13.jar:/root/.m2/repository/io/netty/netty/3.10.5.Final/netty-3.10.5.Final.jar:/root/.m2/repository/io/netty/netty-all/4.0.52.Final/netty-all-4.0.52.Final.jar:/root/.m2/repository/org/fusesource/leveldbjni/leveldbjni-all/1.8/leveldbjni-all-1.8.jar:"/>
    <property name="sun.cpu.endian" value="little"/>
    <property name="user.home" value="/root"/>
    <property name="user.language" value="en"/>
    <property name="java.specification.vendor" value="Oracle Corporation"/>
    <property name="java.home" value="/usr/lib/jvm/java-1.8-openjdk/jre"/>
    <property name="java.security.krb5.conf" value="/opt/src/hadoop-ozone/integration-test/target/test-classes/krb5.conf"/>
    <property name="basedir" value="/opt/src/hadoop-ozone/integration-test"/>
    <property name="file.separator" value="/"/>
    <property name="line.separator" value="&#10;"/>
    <property name="java.vm.specification.vendor" value="Oracle Corporation"/>
    <property name="java.specification.name" value="Java Platform API Specification"/>
    <property name="java.awt.graphicsenv" value="sun.awt.X11GraphicsEnvironment"/>
    <property name="surefire.real.class.path" value="/opt/src/hadoop-ozone/integration-test/target/surefire/surefirebooter2993164351927741558.jar"/>
    <property name="hadoop.log.dir" value="/opt/src/hadoop-ozone/integration-test/target/log"/>
    <property name="sun.boot.class.path" value="/usr/lib/jvm/java-1.8-openjdk/jre/lib/resources.jar:/usr/lib/jvm/java-1.8-openjdk/jre/lib/rt.jar:/usr/lib/jvm/java-1.8-openjdk/jre/lib/sunrsasign.jar:/usr/lib/jvm/java-1.8-openjdk/jre/lib/jsse.jar:/usr/lib/jvm/java-1.8-openjdk/jre/lib/jce.jar:/usr/lib/jvm/java-1.8-openjdk/jre/lib/charsets.jar:/usr/lib/jvm/java-1.8-openjdk/jre/lib/jfr.jar:/usr/lib/jvm/java-1.8-openjdk/jre/classes"/>
    <property name="sun.management.compiler" value="HotSpot 64-Bit Tiered Compilers"/>
    <property name="java.runtime.version" value="1.8.0_212-b04"/>
    <property name="java.net.preferIPv4Stack" value="true"/>
    <property name="user.name" value="root"/>
    <property name="path.separator" value=":"/>
    <property name="java.security.egd" value="file:///dev/urandom"/>
    <property name="os.version" value="4.15.0-1021-aws"/>
    <property name="java.endorsed.dirs" value="/usr/lib/jvm/java-1.8-openjdk/jre/lib/endorsed"/>
    <property name="java.runtime.name" value="OpenJDK Runtime Environment"/>
    <property name="file.encoding" value="UTF-8"/>
    <property name="java.vm.name" value="OpenJDK 64-Bit Server VM"/>
    <property name="test.build.webapps" value=""/>
    <property name="localRepository" value="/root/.m2/repository"/>
    <property name="java.vendor.url.bug" value="https://icedtea.classpath.org/bugzilla"/>
    <property name="java.io.tmpdir" value="/tmp"/>
    <property name="require.test.libhadoop" value=""/>
    <property name="java.version" value="1.8.0_212"/>
    <property name="user.dir" value="/opt/src/hadoop-ozone/integration-test"/>
    <property name="os.arch" value="amd64"/>
    <property name="java.vm.specification.name" value="Java Virtual Machine Specification"/>
    <property name="test.build.classes" value="/opt/src/hadoop-ozone/integration-test/target/test-classes"/>
    <property name="java.awt.printerjob" value="sun.print.PSPrinterJob"/>
    <property name="sun.os.patch.level" value="unknown"/>
    <property name="hadoop.tmp.dir" value="/opt/src/hadoop-ozone/integration-test/target/tmp"/>
    <property name="java.library.path" value="/usr/lib/jvm/java-1.8-openjdk/jre/lib/amd64/server:/usr/lib/jvm/java-1.8-openjdk/jre/lib/amd64:/usr/lib/jvm/java-1.8-openjdk/jre/../lib/amd64:/opt/src/hadoop-ozone/integration-test/target/native/target/usr/local/lib:/opt/src/hadoop-ozone/integration-test/../../hadoop-common-project/hadoop-common/target/native/target/usr/local/lib:/usr/java/packages/lib/amd64:/usr/lib64:/lib64:/lib:/usr/lib"/>
    <property name="java.vm.info" value="mixed mode"/>
    <property name="java.vendor" value="IcedTea"/>
    <property name="java.vm.version" value="25.212-b04"/>
    <property name="java.ext.dirs" value="/usr/lib/jvm/java-1.8-openjdk/jre/lib/ext:/usr/java/packages/lib/ext"/>
    <property name="sun.io.unicode.encoding" value="UnicodeLittle"/>
    <property name="java.class.version" value="52.0"/>
  </properties>
  <testcase name="testPipelineFail" classname="org.apache.hadoop.hdds.scm.pipeline.TestNodeFailure" time="0">
    <skipped/>
    <system-out><![CDATA[2019-06-13 00:57:05,503 WARN  server.ServerUtils (ServerUtils.java:getScmDbDir(145)) - ozone.scm.db.dirs is not configured. We recommend adding this setting. Falling back to ozone.metadata.dirs instead.
2019-06-13 00:57:05,569 WARN  server.ServerUtils (ServerUtils.java:getScmDbDir(145)) - ozone.scm.db.dirs is not configured. We recommend adding this setting. Falling back to ozone.metadata.dirs instead.
2019-06-13 00:57:05,571 WARN  server.ServerUtils (ServerUtils.java:getScmDbDir(145)) - ozone.scm.db.dirs is not configured. We recommend adding this setting. Falling back to ozone.metadata.dirs instead.
2019-06-13 00:57:05,586 INFO  util.log (Log.java:initialized(192)) - Logging initialized @681ms
2019-06-13 00:57:05,667 INFO  db.DBStoreBuilder (DBStoreBuilder.java:addTable(110)) - using custom profile for table: deletedBlocks
2019-06-13 00:57:05,667 INFO  db.DBStoreBuilder (DBStoreBuilder.java:processTables(161)) - Using default column profile:DBProfile.DISK for Table:deletedBlocks
2019-06-13 00:57:05,668 INFO  db.DBStoreBuilder (DBStoreBuilder.java:addTable(110)) - using custom profile for table: validCerts
2019-06-13 00:57:05,668 INFO  db.DBStoreBuilder (DBStoreBuilder.java:processTables(161)) - Using default column profile:DBProfile.DISK for Table:validCerts
2019-06-13 00:57:05,668 INFO  db.DBStoreBuilder (DBStoreBuilder.java:addTable(110)) - using custom profile for table: revokedCerts
2019-06-13 00:57:05,668 INFO  db.DBStoreBuilder (DBStoreBuilder.java:processTables(161)) - Using default column profile:DBProfile.DISK for Table:revokedCerts
2019-06-13 00:57:05,678 INFO  db.DBStoreBuilder (DBStoreBuilder.java:addTable(110)) - using custom profile for table: default
2019-06-13 00:57:05,679 INFO  db.DBStoreBuilder (DBStoreBuilder.java:processTables(167)) - Using default column profile:DBProfile.DISK for Table:default
2019-06-13 00:57:05,680 INFO  db.DBStoreBuilder (DBStoreBuilder.java:getDbProfile(198)) - Using default options. DBProfile.DISK
2019-06-13 00:57:05,747 INFO  node.SCMNodeManager (SCMNodeManager.java:<init>(108)) - Entering startup safe mode.
2019-06-13 00:57:05,807 INFO  net.NodeSchemaLoader (NodeSchemaLoader.java:loadSchemaFromFile(125)) - Loading file from sun.misc.CompoundEnumeration@443118b0
2019-06-13 00:57:05,808 INFO  net.NodeSchemaLoader (NodeSchemaLoader.java:loadSchema(171)) - Loading network topology layer schema file
2019-06-13 00:57:05,860 WARN  server.ServerUtils (ServerUtils.java:getScmDbDir(145)) - ozone.scm.db.dirs is not configured. We recommend adding this setting. Falling back to ozone.metadata.dirs instead.
2019-06-13 00:57:05,880 INFO  pipeline.SCMPipelineManager (SCMPipelineManager.java:initializePipelineState(126)) - No pipeline exists in current db
2019-06-13 00:57:05,882 WARN  server.ServerUtils (ServerUtils.java:getScmDbDir(145)) - ozone.scm.db.dirs is not configured. We recommend adding this setting. Falling back to ozone.metadata.dirs instead.
2019-06-13 00:57:05,933 WARN  events.EventQueue (EventQueue.java:fireEvent(175)) - No event handler registered for event TypedEvent{payloadType=SafeModeStatus, name='SafeModeStatus'}
2019-06-13 00:57:06,215 INFO  ipc.CallQueueManager (CallQueueManager.java:<init>(84)) - Using callQueue: class java.util.concurrent.LinkedBlockingQueue, queueCapacity: 2000, scheduler: class org.apache.hadoop.ipc.DefaultRpcScheduler, ipcBackoff: false.
2019-06-13 00:57:06,237 INFO  ipc.Server (Server.java:run(1074)) - Starting Socket Reader #1 for port 36327
2019-06-13 00:57:06,257 INFO  ipc.CallQueueManager (CallQueueManager.java:<init>(84)) - Using callQueue: class java.util.concurrent.LinkedBlockingQueue, queueCapacity: 2000, scheduler: class org.apache.hadoop.ipc.DefaultRpcScheduler, ipcBackoff: false.
2019-06-13 00:57:06,258 INFO  ipc.Server (Server.java:run(1074)) - Starting Socket Reader #1 for port 41831
2019-06-13 00:57:06,265 INFO  ipc.CallQueueManager (CallQueueManager.java:<init>(84)) - Using callQueue: class java.util.concurrent.LinkedBlockingQueue, queueCapacity: 2000, scheduler: class org.apache.hadoop.ipc.DefaultRpcScheduler, ipcBackoff: false.
2019-06-13 00:57:06,294 INFO  ipc.Server (Server.java:run(1074)) - Starting Socket Reader #1 for port 39093
2019-06-13 00:57:06,316 INFO  hdfs.DFSUtil (DFSUtil.java:httpServerTemplateForNNAndJN(1641)) - Starting Web-server for scm at: http://0.0.0.0:0
2019-06-13 00:57:06,451 INFO  server.AuthenticationFilter (AuthenticationFilter.java:constructSecretProvider(240)) - Unable to initialize FileSignerSecretProvider, falling back to use random secrets.
2019-06-13 00:57:06,457 WARN  http.HttpRequestLog (HttpRequestLog.java:getRequestLog(97)) - Jetty request log can only be enabled using Log4j
2019-06-13 00:57:06,465 INFO  http.HttpServer2 (HttpServer2.java:addGlobalFilter(975)) - Added global filter 'safety' (class=org.apache.hadoop.http.HttpServer2$QuotingInputFilter)
2019-06-13 00:57:06,467 INFO  http.HttpServer2 (HttpServer2.java:addFilter(948)) - Added filter static_user_filter (class=org.apache.hadoop.http.lib.StaticUserWebFilter$StaticUserFilter) to context scm
2019-06-13 00:57:06,467 INFO  http.HttpServer2 (HttpServer2.java:addFilter(958)) - Added filter static_user_filter (class=org.apache.hadoop.http.lib.StaticUserWebFilter$StaticUserFilter) to context logs
2019-06-13 00:57:06,468 INFO  http.HttpServer2 (HttpServer2.java:addFilter(958)) - Added filter static_user_filter (class=org.apache.hadoop.http.lib.StaticUserWebFilter$StaticUserFilter) to context static
2019-06-13 00:57:06,490 INFO  server.StorageContainerManager (StorageContainerManager.java:start(752)) - StorageContainerLocationProtocol RPC server is listening at /0.0.0.0:39093
2019-06-13 00:57:06,534 WARN  impl.MetricsConfig (MetricsConfig.java:loadFirst(134)) - Cannot locate configuration: tried hadoop-metrics2-storagecontainermanager.properties,hadoop-metrics2.properties
2019-06-13 00:57:06,543 INFO  impl.MetricsSystemImpl (MetricsSystemImpl.java:startTimer(374)) - Scheduled Metric snapshot period at 10 second(s).
2019-06-13 00:57:06,543 INFO  impl.MetricsSystemImpl (MetricsSystemImpl.java:start(191)) - StorageContainerManager metrics system started
2019-06-13 00:57:06,715 INFO  server.SCMClientProtocolServer (SCMClientProtocolServer.java:start(149)) - RPC server for Client  is listening at /0.0.0.0:39093
2019-06-13 00:57:06,715 INFO  ipc.Server (Server.java:run(1314)) - IPC Server Responder: starting
2019-06-13 00:57:06,716 INFO  ipc.Server (Server.java:run(1153)) - IPC Server listener on 39093: starting
2019-06-13 00:57:06,720 INFO  server.StorageContainerManager (StorageContainerManager.java:start(761)) - ScmBlockLocationProtocol RPC server is listening at /0.0.0.0:41831
2019-06-13 00:57:06,720 INFO  server.SCMBlockProtocolServer (SCMBlockProtocolServer.java:start(137)) - RPC server for Block Protocol is listening at /0.0.0.0:41831
2019-06-13 00:57:06,720 INFO  ipc.Server (Server.java:run(1314)) - IPC Server Responder: starting
2019-06-13 00:57:06,720 INFO  ipc.Server (Server.java:run(1153)) - IPC Server listener on 41831: starting
2019-06-13 00:57:06,722 INFO  server.StorageContainerManager (StorageContainerManager.java:start(765)) - ScmDatanodeProtocl RPC server is listening at /0.0.0.0:36327
2019-06-13 00:57:06,722 INFO  server.SCMDatanodeProtocolServer (SCMDatanodeProtocolServer.java:start(191)) - RPC server for DataNodes is listening at /0.0.0.0:36327
2019-06-13 00:57:06,723 INFO  ipc.Server (Server.java:run(1314)) - IPC Server Responder: starting
2019-06-13 00:57:06,723 INFO  ipc.Server (Server.java:run(1153)) - IPC Server listener on 36327: starting
2019-06-13 00:57:06,726 INFO  http.HttpServer2 (HttpServer2.java:bindListener(1191)) - Jetty bound to port 36759
2019-06-13 00:57:06,727 INFO  server.Server (Server.java:doStart(351)) - jetty-9.3.24.v20180605, build timestamp: 2018-06-05T17:11:56Z, git hash: 84205aa28f11a4f31f2a3b86d1bba2cc8ab69827
2019-06-13 00:57:06,756 INFO  handler.ContextHandler (ContextHandler.java:doStart(781)) - Started o.e.j.s.ServletContextHandler@2df6226d{/logs,file:///opt/src/hadoop-ozone/integration-test/target/log,AVAILABLE}
2019-06-13 00:57:06,757 INFO  handler.ContextHandler (ContextHandler.java:doStart(781)) - Started o.e.j.s.ServletContextHandler@4ff4357f{/static,file:///opt/src/hadoop-ozone/integration-test/target/test-classes/webapps/static,AVAILABLE}
2019-06-13 00:57:06,781 INFO  handler.ContextHandler (ContextHandler.java:doStart(781)) - Started o.e.j.w.WebAppContext@2484f433{/,file:///opt/src/hadoop-ozone/integration-test/target/test-classes/webapps/scm/,AVAILABLE}{/scm}
2019-06-13 00:57:06,786 INFO  server.AbstractConnector (AbstractConnector.java:doStart(278)) - Started ServerConnector@841e575{HTTP/1.1,[http/1.1]}{0.0.0.0:36759}
2019-06-13 00:57:06,786 INFO  server.Server (Server.java:doStart(419)) - Started @1881ms
2019-06-13 00:57:06,787 INFO  server.BaseHttpServer (BaseHttpServer.java:updateConnectorAddress(207)) - HTTP server of SCM is listening at http://0.0.0.0:36759
2019-06-13 00:57:06,794 INFO  util.JvmPauseMonitor (JvmPauseMonitor.java:run(188)) - Starting JVM pause monitor
2019-06-13 00:57:06,798 WARN  scm.ScmUtils (ScmUtils.java:getDBPath(63)) - ozone.om.db.dirs is not configured. We recommend adding this setting. Falling back to ozone.metadata.dirs instead.
2019-06-13 00:57:06,874 WARN  scm.ScmUtils (ScmUtils.java:getDBPath(63)) - ozone.om.db.dirs is not configured. We recommend adding this setting. Falling back to ozone.metadata.dirs instead.
2019-06-13 00:57:06,875 INFO  om.OzoneManager (OzoneManager.java:setOMNodeDetails(519)) - OM Service ID is not set. Setting it to the default ID: omServiceIdDefault
2019-06-13 00:57:06,876 INFO  om.OzoneManager (OzoneManager.java:setOMNodeDetails(525)) - OM Node ID is not set. Setting it to the OmStorage's OmID: e554c0b7-5e0d-4456-a549-9d94d5306b61
2019-06-13 00:57:06,877 WARN  scm.HddsServerUtil (HddsServerUtil.java:getDefaultRatisDirectory(354)) - Storage directory for Ratis is not configured. It is a good idea to map this to an SSD disk. Falling back to ozone.metadata.dirs
2019-06-13 00:57:06,877 WARN  scm.HddsServerUtil (HddsServerUtil.java:getDefaultRatisDirectory(354)) - Storage directory for Ratis is not configured. It is a good idea to map this to an SSD disk. Falling back to ozone.metadata.dirs
2019-06-13 00:57:06,878 INFO  om.OzoneManager (OzoneManager.java:loadOMHAConfigs(476)) - Found matching OM address with OMServiceId: null, OMNodeId: null, RPC Address: localhost:0 and Ratis port: 9872
2019-06-13 00:57:07,052 WARN  scm.ScmUtils (ScmUtils.java:getDBPath(63)) - ozone.om.db.dirs is not configured. We recommend adding this setting. Falling back to ozone.metadata.dirs instead.
2019-06-13 00:57:07,059 INFO  db.DBStoreBuilder (DBStoreBuilder.java:addTable(110)) - using custom profile for table: userTable
2019-06-13 00:57:07,059 INFO  db.DBStoreBuilder (DBStoreBuilder.java:processTables(161)) - Using default column profile:DBProfile.DISK for Table:userTable
2019-06-13 00:57:07,060 INFO  db.DBStoreBuilder (DBStoreBuilder.java:addTable(110)) - using custom profile for table: volumeTable
2019-06-13 00:57:07,060 INFO  db.DBStoreBuilder (DBStoreBuilder.java:processTables(161)) - Using default column profile:DBProfile.DISK for Table:volumeTable
2019-06-13 00:57:07,060 INFO  db.DBStoreBuilder (DBStoreBuilder.java:addTable(110)) - using custom profile for table: bucketTable
2019-06-13 00:57:07,061 INFO  db.DBStoreBuilder (DBStoreBuilder.java:processTables(161)) - Using default column profile:DBProfile.DISK for Table:bucketTable
2019-06-13 00:57:07,061 INFO  db.DBStoreBuilder (DBStoreBuilder.java:addTable(110)) - using custom profile for table: keyTable
2019-06-13 00:57:07,061 INFO  db.DBStoreBuilder (DBStoreBuilder.java:processTables(161)) - Using default column profile:DBProfile.DISK for Table:keyTable
2019-06-13 00:57:07,061 INFO  db.DBStoreBuilder (DBStoreBuilder.java:addTable(110)) - using custom profile for table: deletedTable
2019-06-13 00:57:07,062 INFO  db.DBStoreBuilder (DBStoreBuilder.java:processTables(161)) - Using default column profile:DBProfile.DISK for Table:deletedTable
2019-06-13 00:57:07,062 INFO  db.DBStoreBuilder (DBStoreBuilder.java:addTable(110)) - using custom profile for table: openKeyTable
2019-06-13 00:57:07,062 INFO  db.DBStoreBuilder (DBStoreBuilder.java:processTables(161)) - Using default column profile:DBProfile.DISK for Table:openKeyTable
2019-06-13 00:57:07,062 INFO  db.DBStoreBuilder (DBStoreBuilder.java:addTable(110)) - using custom profile for table: s3Table
2019-06-13 00:57:07,063 INFO  db.DBStoreBuilder (DBStoreBuilder.java:processTables(161)) - Using default column profile:DBProfile.DISK for Table:s3Table
2019-06-13 00:57:07,063 INFO  db.DBStoreBuilder (DBStoreBuilder.java:addTable(110)) - using custom profile for table: multipartInfoTable
2019-06-13 00:57:07,063 INFO  db.DBStoreBuilder (DBStoreBuilder.java:processTables(161)) - Using default column profile:DBProfile.DISK for Table:multipartInfoTable
2019-06-13 00:57:07,063 INFO  db.DBStoreBuilder (DBStoreBuilder.java:addTable(110)) - using custom profile for table: dTokenTable
2019-06-13 00:57:07,064 INFO  db.DBStoreBuilder (DBStoreBuilder.java:processTables(161)) - Using default column profile:DBProfile.DISK for Table:dTokenTable
2019-06-13 00:57:07,064 INFO  db.DBStoreBuilder (DBStoreBuilder.java:addTable(110)) - using custom profile for table: s3SecretTable
2019-06-13 00:57:07,064 INFO  db.DBStoreBuilder (DBStoreBuilder.java:processTables(161)) - Using default column profile:DBProfile.DISK for Table:s3SecretTable
2019-06-13 00:57:07,064 INFO  db.DBStoreBuilder (DBStoreBuilder.java:addTable(110)) - using custom profile for table: prefixTable
2019-06-13 00:57:07,065 INFO  db.DBStoreBuilder (DBStoreBuilder.java:processTables(161)) - Using default column profile:DBProfile.DISK for Table:prefixTable
2019-06-13 00:57:07,065 INFO  db.DBStoreBuilder (DBStoreBuilder.java:addTable(110)) - using custom profile for table: default
2019-06-13 00:57:07,065 INFO  db.DBStoreBuilder (DBStoreBuilder.java:processTables(167)) - Using default column profile:DBProfile.DISK for Table:default
2019-06-13 00:57:07,065 INFO  db.DBStoreBuilder (DBStoreBuilder.java:getDbProfile(198)) - Using default options. DBProfile.DISK
2019-06-13 00:57:07,532 INFO  ipc.CallQueueManager (CallQueueManager.java:<init>(84)) - Using callQueue: class java.util.concurrent.LinkedBlockingQueue, queueCapacity: 2000, scheduler: class org.apache.hadoop.ipc.DefaultRpcScheduler, ipcBackoff: false.
2019-06-13 00:57:07,532 INFO  ipc.Server (Server.java:run(1074)) - Starting Socket Reader #1 for port 39933
2019-06-13 00:57:07,552 WARN  scm.ScmUtils (ScmUtils.java:getDBPath(63)) - ozone.om.db.dirs is not configured. We recommend adding this setting. Falling back to ozone.metadata.dirs instead.
2019-06-13 00:57:07,553 INFO  om.OzoneManager (OzoneManager.java:start(1217)) - OzoneManager RPC server is listening at localhost/127.0.0.1:39933
2019-06-13 00:57:07,553 INFO  impl.MetricsSystemImpl (MetricsSystemImpl.java:init(158)) - OzoneManager metrics system started (again)
2019-06-13 00:57:07,557 INFO  ipc.Server (Server.java:run(1314)) - IPC Server Responder: starting
2019-06-13 00:57:07,558 INFO  ipc.Server (Server.java:run(1153)) - IPC Server listener on 39933: starting
2019-06-13 00:57:07,579 INFO  hdfs.DFSUtil (DFSUtil.java:httpServerTemplateForNNAndJN(1641)) - Starting Web-server for ozoneManager at: http://0.0.0.0:0
2019-06-13 00:57:07,580 INFO  server.AuthenticationFilter (AuthenticationFilter.java:constructSecretProvider(240)) - Unable to initialize FileSignerSecretProvider, falling back to use random secrets.
2019-06-13 00:57:07,581 WARN  http.HttpRequestLog (HttpRequestLog.java:getRequestLog(97)) - Jetty request log can only be enabled using Log4j
2019-06-13 00:57:07,583 INFO  http.HttpServer2 (HttpServer2.java:addGlobalFilter(975)) - Added global filter 'safety' (class=org.apache.hadoop.http.HttpServer2$QuotingInputFilter)
2019-06-13 00:57:07,583 INFO  http.HttpServer2 (HttpServer2.java:addFilter(948)) - Added filter static_user_filter (class=org.apache.hadoop.http.lib.StaticUserWebFilter$StaticUserFilter) to context ozoneManager
2019-06-13 00:57:07,584 INFO  http.HttpServer2 (HttpServer2.java:addFilter(958)) - Added filter static_user_filter (class=org.apache.hadoop.http.lib.StaticUserWebFilter$StaticUserFilter) to context logs
2019-06-13 00:57:07,584 INFO  http.HttpServer2 (HttpServer2.java:addFilter(958)) - Added filter static_user_filter (class=org.apache.hadoop.http.lib.StaticUserWebFilter$StaticUserFilter) to context static
2019-06-13 00:57:07,585 INFO  http.HttpServer2 (HttpServer2.java:bindListener(1191)) - Jetty bound to port 43169
2019-06-13 00:57:07,585 INFO  server.Server (Server.java:doStart(351)) - jetty-9.3.24.v20180605, build timestamp: 2018-06-05T17:11:56Z, git hash: 84205aa28f11a4f31f2a3b86d1bba2cc8ab69827
2019-06-13 00:57:07,588 INFO  handler.ContextHandler (ContextHandler.java:doStart(781)) - Started o.e.j.s.ServletContextHandler@7c2a69b4{/logs,file:///opt/src/hadoop-ozone/integration-test/target/log,AVAILABLE}
2019-06-13 00:57:07,589 INFO  handler.ContextHandler (ContextHandler.java:doStart(781)) - Started o.e.j.s.ServletContextHandler@648ee871{/static,file:///opt/src/hadoop-ozone/integration-test/target/test-classes/webapps/static,AVAILABLE}
2019-06-13 00:57:07,593 INFO  handler.ContextHandler (ContextHandler.java:doStart(781)) - Started o.e.j.w.WebAppContext@6f012914{/,file:///opt/src/hadoop-ozone/integration-test/target/test-classes/webapps/ozoneManager/,AVAILABLE}{/ozoneManager}
2019-06-13 00:57:07,594 INFO  server.AbstractConnector (AbstractConnector.java:doStart(278)) - Started ServerConnector@6bc6628c{HTTP/1.1,[http/1.1]}{0.0.0.0:43169}
2019-06-13 00:57:07,594 INFO  server.Server (Server.java:doStart(419)) - Started @2689ms
2019-06-13 00:57:07,595 INFO  server.BaseHttpServer (BaseHttpServer.java:updateConnectorAddress(207)) - HTTP server of OZONEMANAGER is listening at http://0.0.0.0:43169
2019-06-13 00:57:07,719 INFO  impl.MetricsSystemImpl (MetricsSystemImpl.java:init(158)) - HddsDatanode metrics system started (again)
2019-06-13 00:57:07,866 INFO  ozone.HddsDatanodeService (HddsDatanodeService.java:start(185)) - HddsDatanodeService host:ozone-jwdrj-3193829804 ip:192.168.19.49
2019-06-13 00:57:07,889 INFO  volume.HddsVolume (HddsVolume.java:<init>(176)) - Creating Volume: /opt/src/hadoop-ozone/integration-test/target/test-dir/MiniOzoneClusterImpl-1a3a19ff-9f44-4757-9416-887d24d100c6/datanode-0/data/containers/hdds of  storage type : DISK and capacity : 104021790720
2019-06-13 00:57:07,890 INFO  volume.VolumeSet (VolumeSet.java:initializeVolumeSet(170)) - Added Volume : /opt/src/hadoop-ozone/integration-test/target/test-dir/MiniOzoneClusterImpl-1a3a19ff-9f44-4757-9416-887d24d100c6/datanode-0/data/containers/hdds to VolumeSet
2019-06-13 00:57:07,892 INFO  volume.ThrottledAsyncChecker (ThrottledAsyncChecker.java:schedule(140)) - Scheduling a check for org.apache.hadoop.ozone.container.common.volume.HddsVolume@6fd1660
2019-06-13 00:57:07,906 INFO  volume.HddsVolumeChecker (HddsVolumeChecker.java:checkAllVolumes(203)) - Scheduled health check for volume org.apache.hadoop.ozone.container.common.volume.HddsVolume@6fd1660
2019-06-13 00:57:07,941 INFO  ratis.XceiverServerRatis (XceiverServerRatis.java:newXceiverServerRatis(401)) - Found a free port for the server : 39055
2019-06-13 00:57:07,992 INFO  impl.RaftServerProxy (ConfUtils.java:logGet(43)) - raft.rpc.type = GRPC (default)
2019-06-13 00:57:08,000 INFO  grpc.GrpcConfigKeys$Server (ConfUtils.java:logGet(43)) - raft.grpc.server.port = 39055 (custom)
2019-06-13 00:57:08,001 INFO  server.GrpcService (ConfUtils.java:logGet(43)) - raft.grpc.message.size.max = 33570816 (custom)
2019-06-13 00:57:08,002 INFO  server.RaftServerConfigKeys (ConfUtils.java:logGet(43)) - raft.server.log.appender.buffer.byte-limit = 33554432 (custom)
2019-06-13 00:57:08,003 INFO  server.GrpcService (ConfUtils.java:logGet(43)) - raft.grpc.flow.control.window = 1MB (=1048576) (default)
2019-06-13 00:57:08,003 INFO  server.RaftServerConfigKeys (ConfUtils.java:logGet(43)) - raft.server.rpc.request.timeout = 3000ms (default)
2019-06-13 00:57:08,127 INFO  server.RaftServerConfigKeys (ConfUtils.java:logGet(43)) - raft.server.storage.dir = [/opt/src/hadoop-ozone/integration-test/target/test-dir/MiniOzoneClusterImpl-1a3a19ff-9f44-4757-9416-887d24d100c6/datanode-0/data/ratis] (custom)
2019-06-13 00:57:08,133 INFO  server.XceiverServerGrpc (XceiverServerGrpc.java:<init>(97)) - Found a free port for the server : 34501
2019-06-13 00:57:08,154 INFO  replication.SimpleContainerDownloader (SimpleContainerDownloader.java:<init>(72)) - Starting container downloader service to copy containers to replicate.
2019-06-13 00:57:08,165 INFO  hdfs.DFSUtil (DFSUtil.java:httpServerTemplateForNNAndJN(1641)) - Starting Web-server for hddsDatanode at: http://0.0.0.0:0
2019-06-13 00:57:08,167 INFO  server.AuthenticationFilter (AuthenticationFilter.java:constructSecretProvider(240)) - Unable to initialize FileSignerSecretProvider, falling back to use random secrets.
2019-06-13 00:57:08,167 WARN  http.HttpRequestLog (HttpRequestLog.java:getRequestLog(97)) - Jetty request log can only be enabled using Log4j
2019-06-13 00:57:08,169 INFO  http.HttpServer2 (HttpServer2.java:addGlobalFilter(975)) - Added global filter 'safety' (class=org.apache.hadoop.http.HttpServer2$QuotingInputFilter)
2019-06-13 00:57:08,170 INFO  http.HttpServer2 (HttpServer2.java:addFilter(948)) - Added filter static_user_filter (class=org.apache.hadoop.http.lib.StaticUserWebFilter$StaticUserFilter) to context hddsDatanode
2019-06-13 00:57:08,170 INFO  http.HttpServer2 (HttpServer2.java:addFilter(958)) - Added filter static_user_filter (class=org.apache.hadoop.http.lib.StaticUserWebFilter$StaticUserFilter) to context logs
2019-06-13 00:57:08,170 INFO  http.HttpServer2 (HttpServer2.java:addFilter(958)) - Added filter static_user_filter (class=org.apache.hadoop.http.lib.StaticUserWebFilter$StaticUserFilter) to context static
2019-06-13 00:57:08,171 INFO  http.HttpServer2 (HttpServer2.java:bindListener(1191)) - Jetty bound to port 42955
2019-06-13 00:57:08,171 INFO  server.Server (Server.java:doStart(351)) - jetty-9.3.24.v20180605, build timestamp: 2018-06-05T17:11:56Z, git hash: 84205aa28f11a4f31f2a3b86d1bba2cc8ab69827
2019-06-13 00:57:08,173 INFO  handler.ContextHandler (ContextHandler.java:doStart(781)) - Started o.e.j.s.ServletContextHandler@6438a7fe{/logs,file:///opt/src/hadoop-ozone/integration-test/target/log,AVAILABLE}
2019-06-13 00:57:08,174 INFO  handler.ContextHandler (ContextHandler.java:doStart(781)) - Started o.e.j.s.ServletContextHandler@4f5f6e45{/static,jar:file:/root/.m2/repository/org/apache/hadoop/hadoop-hdds-container-service/0.5.0-SNAPSHOT/hadoop-hdds-container-service-0.5.0-SNAPSHOT.jar!/webapps/static,AVAILABLE}
2019-06-13 00:57:08,209 INFO  handler.ContextHandler (ContextHandler.java:doStart(781)) - Started o.e.j.w.WebAppContext@36c0d0bd{/,file:///tmp/jetty-0.0.0.0-42955-hddsDatanode-_-any-3699861586814378866.dir/webapp/,AVAILABLE}{/hddsDatanode}
2019-06-13 00:57:08,210 INFO  server.AbstractConnector (AbstractConnector.java:doStart(278)) - Started ServerConnector@5e1fc2aa{HTTP/1.1,[http/1.1]}{0.0.0.0:42955}
2019-06-13 00:57:08,211 INFO  server.Server (Server.java:doStart(419)) - Started @3306ms
2019-06-13 00:57:08,211 INFO  server.BaseHttpServer (BaseHttpServer.java:updateConnectorAddress(207)) - HTTP server of HDDSDATANODE is listening at http://0.0.0.0:42955
2019-06-13 00:57:09,068 INFO  ozone.HddsDatanodeService (HddsDatanodeService.java:startPlugins(396)) - Started plug-in org.apache.hadoop.ozone.web.OzoneHddsDatanodeService@1f992a3a
2019-06-13 00:57:09,069 INFO  impl.MetricsSystemImpl (MetricsSystemImpl.java:init(158)) - HddsDatanode metrics system started (again)
2019-06-13 00:57:09,069 INFO  ozone.HddsDatanodeService (HddsDatanodeService.java:start(185)) - HddsDatanodeService host:ozone-jwdrj-3193829804 ip:192.168.19.49
2019-06-13 00:57:09,094 INFO  util.JvmPauseMonitor (JvmPauseMonitor.java:run(188)) - Starting JVM pause monitor
2019-06-13 00:57:09,100 INFO  volume.HddsVolume (HddsVolume.java:<init>(176)) - Creating Volume: /opt/src/hadoop-ozone/integration-test/target/test-dir/MiniOzoneClusterImpl-1a3a19ff-9f44-4757-9416-887d24d100c6/datanode-1/data/containers/hdds of  storage type : DISK and capacity : 104021790720
2019-06-13 00:57:09,100 INFO  volume.VolumeSet (VolumeSet.java:initializeVolumeSet(170)) - Added Volume : /opt/src/hadoop-ozone/integration-test/target/test-dir/MiniOzoneClusterImpl-1a3a19ff-9f44-4757-9416-887d24d100c6/datanode-1/data/containers/hdds to VolumeSet
2019-06-13 00:57:09,100 INFO  volume.ThrottledAsyncChecker (ThrottledAsyncChecker.java:schedule(140)) - Scheduling a check for org.apache.hadoop.ozone.container.common.volume.HddsVolume@78a8978a
2019-06-13 00:57:09,104 INFO  volume.HddsVolumeChecker (HddsVolumeChecker.java:checkAllVolumes(203)) - Scheduled health check for volume org.apache.hadoop.ozone.container.common.volume.HddsVolume@78a8978a
2019-06-13 00:57:09,121 INFO  ratis.XceiverServerRatis (XceiverServerRatis.java:newXceiverServerRatis(401)) - Found a free port for the server : 43717
2019-06-13 00:57:09,122 INFO  impl.RaftServerProxy (ConfUtils.java:logGet(43)) - raft.rpc.type = GRPC (default)
2019-06-13 00:57:09,123 INFO  grpc.GrpcConfigKeys$Server (ConfUtils.java:logGet(43)) - raft.grpc.server.port = 43717 (custom)
2019-06-13 00:57:09,123 INFO  server.GrpcService (ConfUtils.java:logGet(43)) - raft.grpc.message.size.max = 33570816 (custom)
2019-06-13 00:57:09,123 INFO  server.RaftServerConfigKeys (ConfUtils.java:logGet(43)) - raft.server.log.appender.buffer.byte-limit = 33554432 (custom)
2019-06-13 00:57:09,124 INFO  server.GrpcService (ConfUtils.java:logGet(43)) - raft.grpc.flow.control.window = 1MB (=1048576) (default)
2019-06-13 00:57:09,124 INFO  server.RaftServerConfigKeys (ConfUtils.java:logGet(43)) - raft.server.rpc.request.timeout = 3000ms (default)
2019-06-13 00:57:09,125 INFO  server.RaftServerConfigKeys (ConfUtils.java:logGet(43)) - raft.server.storage.dir = [/opt/src/hadoop-ozone/integration-test/target/test-dir/MiniOzoneClusterImpl-1a3a19ff-9f44-4757-9416-887d24d100c6/datanode-1/data/ratis] (custom)
2019-06-13 00:57:09,125 INFO  server.XceiverServerGrpc (XceiverServerGrpc.java:<init>(97)) - Found a free port for the server : 39787
2019-06-13 00:57:09,126 INFO  replication.SimpleContainerDownloader (SimpleContainerDownloader.java:<init>(72)) - Starting container downloader service to copy containers to replicate.
2019-06-13 00:57:09,127 INFO  hdfs.DFSUtil (DFSUtil.java:httpServerTemplateForNNAndJN(1641)) - Starting Web-server for hddsDatanode at: http://0.0.0.0:0
2019-06-13 00:57:09,128 INFO  server.AuthenticationFilter (AuthenticationFilter.java:constructSecretProvider(240)) - Unable to initialize FileSignerSecretProvider, falling back to use random secrets.
2019-06-13 00:57:09,137 WARN  http.HttpRequestLog (HttpRequestLog.java:getRequestLog(97)) - Jetty request log can only be enabled using Log4j
2019-06-13 00:57:09,139 INFO  http.HttpServer2 (HttpServer2.java:addGlobalFilter(975)) - Added global filter 'safety' (class=org.apache.hadoop.http.HttpServer2$QuotingInputFilter)
2019-06-13 00:57:09,139 INFO  http.HttpServer2 (HttpServer2.java:addFilter(948)) - Added filter static_user_filter (class=org.apache.hadoop.http.lib.StaticUserWebFilter$StaticUserFilter) to context hddsDatanode
2019-06-13 00:57:09,140 INFO  http.HttpServer2 (HttpServer2.java:addFilter(958)) - Added filter static_user_filter (class=org.apache.hadoop.http.lib.StaticUserWebFilter$StaticUserFilter) to context logs
2019-06-13 00:57:09,140 INFO  http.HttpServer2 (HttpServer2.java:addFilter(958)) - Added filter static_user_filter (class=org.apache.hadoop.http.lib.StaticUserWebFilter$StaticUserFilter) to context static
2019-06-13 00:57:09,141 INFO  http.HttpServer2 (HttpServer2.java:bindListener(1191)) - Jetty bound to port 45487
2019-06-13 00:57:09,141 INFO  server.Server (Server.java:doStart(351)) - jetty-9.3.24.v20180605, build timestamp: 2018-06-05T17:11:56Z, git hash: 84205aa28f11a4f31f2a3b86d1bba2cc8ab69827
2019-06-13 00:57:09,150 INFO  handler.ContextHandler (ContextHandler.java:doStart(781)) - Started o.e.j.s.ServletContextHandler@2574a9e3{/logs,file:///opt/src/hadoop-ozone/integration-test/target/log,AVAILABLE}
2019-06-13 00:57:09,152 INFO  handler.ContextHandler (ContextHandler.java:doStart(781)) - Started o.e.j.s.ServletContextHandler@422ab737{/static,jar:file:/root/.m2/repository/org/apache/hadoop/hadoop-hdds-container-service/0.5.0-SNAPSHOT/hadoop-hdds-container-service-0.5.0-SNAPSHOT.jar!/webapps/static,AVAILABLE}
2019-06-13 00:57:09,186 INFO  handler.ContextHandler (ContextHandler.java:doStart(781)) - Started o.e.j.w.WebAppContext@78da899f{/,file:///tmp/jetty-0.0.0.0-45487-hddsDatanode-_-any-283387132654471339.dir/webapp/,AVAILABLE}{/hddsDatanode}
2019-06-13 00:57:09,191 INFO  server.AbstractConnector (AbstractConnector.java:doStart(278)) - Started ServerConnector@e7b265e{HTTP/1.1,[http/1.1]}{0.0.0.0:45487}
2019-06-13 00:57:09,191 INFO  server.Server (Server.java:doStart(419)) - Started @4286ms
2019-06-13 00:57:09,192 INFO  server.BaseHttpServer (BaseHttpServer.java:updateConnectorAddress(207)) - HTTP server of HDDSDATANODE is listening at http://0.0.0.0:45487
2019-06-13 00:57:09,207 INFO  datanode.InitDatanodeState (InitDatanodeState.java:persistContainerDatanodeDetails(140)) - DatanodeDetails is persisted to /opt/src/hadoop-ozone/integration-test/target/test-dir/MiniOzoneClusterImpl-1a3a19ff-9f44-4757-9416-887d24d100c6/datanode-0/meta/datanode.id
2019-06-13 00:57:09,315 INFO  ozone.HddsDatanodeService (HddsDatanodeService.java:startPlugins(396)) - Started plug-in org.apache.hadoop.ozone.web.OzoneHddsDatanodeService@63fd4dda
2019-06-13 00:57:09,316 INFO  impl.MetricsSystemImpl (MetricsSystemImpl.java:init(158)) - HddsDatanode metrics system started (again)
2019-06-13 00:57:09,316 INFO  ozone.HddsDatanodeService (HddsDatanodeService.java:start(185)) - HddsDatanodeService host:ozone-jwdrj-3193829804 ip:192.168.19.49
2019-06-13 00:57:09,325 INFO  util.JvmPauseMonitor (JvmPauseMonitor.java:run(188)) - Starting JVM pause monitor
2019-06-13 00:57:09,330 INFO  volume.HddsVolume (HddsVolume.java:<init>(176)) - Creating Volume: /opt/src/hadoop-ozone/integration-test/target/test-dir/MiniOzoneClusterImpl-1a3a19ff-9f44-4757-9416-887d24d100c6/datanode-2/data/containers/hdds of  storage type : DISK and capacity : 104021790720
2019-06-13 00:57:09,330 INFO  volume.VolumeSet (VolumeSet.java:initializeVolumeSet(170)) - Added Volume : /opt/src/hadoop-ozone/integration-test/target/test-dir/MiniOzoneClusterImpl-1a3a19ff-9f44-4757-9416-887d24d100c6/datanode-2/data/containers/hdds to VolumeSet
2019-06-13 00:57:09,330 INFO  volume.ThrottledAsyncChecker (ThrottledAsyncChecker.java:schedule(140)) - Scheduling a check for org.apache.hadoop.ozone.container.common.volume.HddsVolume@4b56b031
2019-06-13 00:57:09,334 INFO  volume.HddsVolumeChecker (HddsVolumeChecker.java:checkAllVolumes(203)) - Scheduled health check for volume org.apache.hadoop.ozone.container.common.volume.HddsVolume@4b56b031
2019-06-13 00:57:09,341 INFO  datanode.InitDatanodeState (InitDatanodeState.java:persistContainerDatanodeDetails(140)) - DatanodeDetails is persisted to /opt/src/hadoop-ozone/integration-test/target/test-dir/MiniOzoneClusterImpl-1a3a19ff-9f44-4757-9416-887d24d100c6/datanode-1/meta/datanode.id
2019-06-13 00:57:09,350 INFO  ratis.XceiverServerRatis (XceiverServerRatis.java:newXceiverServerRatis(401)) - Found a free port for the server : 34811
2019-06-13 00:57:09,351 INFO  impl.RaftServerProxy (ConfUtils.java:logGet(43)) - raft.rpc.type = GRPC (default)
2019-06-13 00:57:09,351 INFO  grpc.GrpcConfigKeys$Server (ConfUtils.java:logGet(43)) - raft.grpc.server.port = 34811 (custom)
2019-06-13 00:57:09,352 INFO  server.GrpcService (ConfUtils.java:logGet(43)) - raft.grpc.message.size.max = 33570816 (custom)
2019-06-13 00:57:09,352 INFO  server.RaftServerConfigKeys (ConfUtils.java:logGet(43)) - raft.server.log.appender.buffer.byte-limit = 33554432 (custom)
2019-06-13 00:57:09,352 INFO  server.GrpcService (ConfUtils.java:logGet(43)) - raft.grpc.flow.control.window = 1MB (=1048576) (default)
2019-06-13 00:57:09,352 INFO  server.RaftServerConfigKeys (ConfUtils.java:logGet(43)) - raft.server.rpc.request.timeout = 3000ms (default)
2019-06-13 00:57:09,353 INFO  server.RaftServerConfigKeys (ConfUtils.java:logGet(43)) - raft.server.storage.dir = [/opt/src/hadoop-ozone/integration-test/target/test-dir/MiniOzoneClusterImpl-1a3a19ff-9f44-4757-9416-887d24d100c6/datanode-2/data/ratis] (custom)
2019-06-13 00:57:09,353 INFO  server.XceiverServerGrpc (XceiverServerGrpc.java:<init>(97)) - Found a free port for the server : 44729
2019-06-13 00:57:09,354 INFO  replication.SimpleContainerDownloader (SimpleContainerDownloader.java:<init>(72)) - Starting container downloader service to copy containers to replicate.
2019-06-13 00:57:09,355 INFO  hdfs.DFSUtil (DFSUtil.java:httpServerTemplateForNNAndJN(1641)) - Starting Web-server for hddsDatanode at: http://0.0.0.0:0
2019-06-13 00:57:09,357 INFO  server.AuthenticationFilter (AuthenticationFilter.java:constructSecretProvider(240)) - Unable to initialize FileSignerSecretProvider, falling back to use random secrets.
2019-06-13 00:57:09,357 WARN  http.HttpRequestLog (HttpRequestLog.java:getRequestLog(97)) - Jetty request log can only be enabled using Log4j
2019-06-13 00:57:09,359 INFO  http.HttpServer2 (HttpServer2.java:addGlobalFilter(975)) - Added global filter 'safety' (class=org.apache.hadoop.http.HttpServer2$QuotingInputFilter)
2019-06-13 00:57:09,360 INFO  http.HttpServer2 (HttpServer2.java:addFilter(948)) - Added filter static_user_filter (class=org.apache.hadoop.http.lib.StaticUserWebFilter$StaticUserFilter) to context hddsDatanode
2019-06-13 00:57:09,360 INFO  http.HttpServer2 (HttpServer2.java:addFilter(958)) - Added filter static_user_filter (class=org.apache.hadoop.http.lib.StaticUserWebFilter$StaticUserFilter) to context logs
2019-06-13 00:57:09,360 INFO  http.HttpServer2 (HttpServer2.java:addFilter(958)) - Added filter static_user_filter (class=org.apache.hadoop.http.lib.StaticUserWebFilter$StaticUserFilter) to context static
2019-06-13 00:57:09,361 INFO  http.HttpServer2 (HttpServer2.java:bindListener(1191)) - Jetty bound to port 39855
2019-06-13 00:57:09,361 INFO  server.Server (Server.java:doStart(351)) - jetty-9.3.24.v20180605, build timestamp: 2018-06-05T17:11:56Z, git hash: 84205aa28f11a4f31f2a3b86d1bba2cc8ab69827
2019-06-13 00:57:09,363 INFO  handler.ContextHandler (ContextHandler.java:doStart(781)) - Started o.e.j.s.ServletContextHandler@2443abd6{/logs,file:///opt/src/hadoop-ozone/integration-test/target/log,AVAILABLE}
2019-06-13 00:57:09,363 INFO  handler.ContextHandler (ContextHandler.java:doStart(781)) - Started o.e.j.s.ServletContextHandler@bd3eff4{/static,jar:file:/root/.m2/repository/org/apache/hadoop/hadoop-hdds-container-service/0.5.0-SNAPSHOT/hadoop-hdds-container-service-0.5.0-SNAPSHOT.jar!/webapps/static,AVAILABLE}
2019-06-13 00:57:09,384 INFO  handler.ContextHandler (ContextHandler.java:doStart(781)) - Started o.e.j.w.WebAppContext@4e80a001{/,file:///tmp/jetty-0.0.0.0-39855-hddsDatanode-_-any-6113276439428261617.dir/webapp/,AVAILABLE}{/hddsDatanode}
2019-06-13 00:57:09,386 INFO  server.AbstractConnector (AbstractConnector.java:doStart(278)) - Started ServerConnector@624b523{HTTP/1.1,[http/1.1]}{0.0.0.0:39855}
2019-06-13 00:57:09,387 INFO  server.Server (Server.java:doStart(419)) - Started @4482ms
2019-06-13 00:57:09,388 INFO  server.BaseHttpServer (BaseHttpServer.java:updateConnectorAddress(207)) - HTTP server of HDDSDATANODE is listening at http://0.0.0.0:39855
2019-06-13 00:57:09,546 INFO  ozone.HddsDatanodeService (HddsDatanodeService.java:startPlugins(396)) - Started plug-in org.apache.hadoop.ozone.web.OzoneHddsDatanodeService@11c78080
2019-06-13 00:57:09,547 INFO  impl.MetricsSystemImpl (MetricsSystemImpl.java:init(158)) - HddsDatanode metrics system started (again)
2019-06-13 00:57:09,548 INFO  ozone.HddsDatanodeService (HddsDatanodeService.java:start(185)) - HddsDatanodeService host:ozone-jwdrj-3193829804 ip:192.168.19.49
2019-06-13 00:57:09,551 INFO  util.JvmPauseMonitor (JvmPauseMonitor.java:run(188)) - Starting JVM pause monitor
2019-06-13 00:57:09,557 INFO  datanode.InitDatanodeState (InitDatanodeState.java:persistContainerDatanodeDetails(140)) - DatanodeDetails is persisted to /opt/src/hadoop-ozone/integration-test/target/test-dir/MiniOzoneClusterImpl-1a3a19ff-9f44-4757-9416-887d24d100c6/datanode-2/meta/datanode.id
2019-06-13 00:57:09,557 INFO  volume.HddsVolume (HddsVolume.java:<init>(176)) - Creating Volume: /opt/src/hadoop-ozone/integration-test/target/test-dir/MiniOzoneClusterImpl-1a3a19ff-9f44-4757-9416-887d24d100c6/datanode-3/data/containers/hdds of  storage type : DISK and capacity : 104021790720
2019-06-13 00:57:09,557 INFO  volume.VolumeSet (VolumeSet.java:initializeVolumeSet(170)) - Added Volume : /opt/src/hadoop-ozone/integration-test/target/test-dir/MiniOzoneClusterImpl-1a3a19ff-9f44-4757-9416-887d24d100c6/datanode-3/data/containers/hdds to VolumeSet
2019-06-13 00:57:09,557 INFO  volume.ThrottledAsyncChecker (ThrottledAsyncChecker.java:schedule(140)) - Scheduling a check for org.apache.hadoop.ozone.container.common.volume.HddsVolume@7c11d32
2019-06-13 00:57:09,558 INFO  volume.HddsVolumeChecker (HddsVolumeChecker.java:checkAllVolumes(203)) - Scheduled health check for volume org.apache.hadoop.ozone.container.common.volume.HddsVolume@7c11d32
2019-06-13 00:57:09,574 INFO  ratis.XceiverServerRatis (XceiverServerRatis.java:newXceiverServerRatis(401)) - Found a free port for the server : 46453
2019-06-13 00:57:09,575 INFO  impl.RaftServerProxy (ConfUtils.java:logGet(43)) - raft.rpc.type = GRPC (default)
2019-06-13 00:57:09,575 INFO  grpc.GrpcConfigKeys$Server (ConfUtils.java:logGet(43)) - raft.grpc.server.port = 46453 (custom)
2019-06-13 00:57:09,576 INFO  server.GrpcService (ConfUtils.java:logGet(43)) - raft.grpc.message.size.max = 33570816 (custom)
2019-06-13 00:57:09,576 INFO  server.RaftServerConfigKeys (ConfUtils.java:logGet(43)) - raft.server.log.appender.buffer.byte-limit = 33554432 (custom)
2019-06-13 00:57:09,576 INFO  server.GrpcService (ConfUtils.java:logGet(43)) - raft.grpc.flow.control.window = 1MB (=1048576) (default)
2019-06-13 00:57:09,576 INFO  server.RaftServerConfigKeys (ConfUtils.java:logGet(43)) - raft.server.rpc.request.timeout = 3000ms (default)
2019-06-13 00:57:09,577 INFO  server.RaftServerConfigKeys (ConfUtils.java:logGet(43)) - raft.server.storage.dir = [/opt/src/hadoop-ozone/integration-test/target/test-dir/MiniOzoneClusterImpl-1a3a19ff-9f44-4757-9416-887d24d100c6/datanode-3/data/ratis] (custom)
2019-06-13 00:57:09,577 INFO  server.XceiverServerGrpc (XceiverServerGrpc.java:<init>(97)) - Found a free port for the server : 44771
2019-06-13 00:57:09,578 INFO  replication.SimpleContainerDownloader (SimpleContainerDownloader.java:<init>(72)) - Starting container downloader service to copy containers to replicate.
2019-06-13 00:57:09,579 INFO  hdfs.DFSUtil (DFSUtil.java:httpServerTemplateForNNAndJN(1641)) - Starting Web-server for hddsDatanode at: http://0.0.0.0:0
2019-06-13 00:57:09,580 INFO  server.AuthenticationFilter (AuthenticationFilter.java:constructSecretProvider(240)) - Unable to initialize FileSignerSecretProvider, falling back to use random secrets.
2019-06-13 00:57:09,581 WARN  http.HttpRequestLog (HttpRequestLog.java:getRequestLog(97)) - Jetty request log can only be enabled using Log4j
2019-06-13 00:57:09,582 INFO  http.HttpServer2 (HttpServer2.java:addGlobalFilter(975)) - Added global filter 'safety' (class=org.apache.hadoop.http.HttpServer2$QuotingInputFilter)
2019-06-13 00:57:09,583 INFO  http.HttpServer2 (HttpServer2.java:addFilter(948)) - Added filter static_user_filter (class=org.apache.hadoop.http.lib.StaticUserWebFilter$StaticUserFilter) to context hddsDatanode
2019-06-13 00:57:09,583 INFO  http.HttpServer2 (HttpServer2.java:addFilter(958)) - Added filter static_user_filter (class=org.apache.hadoop.http.lib.StaticUserWebFilter$StaticUserFilter) to context logs
2019-06-13 00:57:09,583 INFO  http.HttpServer2 (HttpServer2.java:addFilter(958)) - Added filter static_user_filter (class=org.apache.hadoop.http.lib.StaticUserWebFilter$StaticUserFilter) to context static
2019-06-13 00:57:09,583 INFO  http.HttpServer2 (HttpServer2.java:bindListener(1191)) - Jetty bound to port 39313
2019-06-13 00:57:09,583 INFO  server.Server (Server.java:doStart(351)) - jetty-9.3.24.v20180605, build timestamp: 2018-06-05T17:11:56Z, git hash: 84205aa28f11a4f31f2a3b86d1bba2cc8ab69827
2019-06-13 00:57:09,587 INFO  handler.ContextHandler (ContextHandler.java:doStart(781)) - Started o.e.j.s.ServletContextHandler@25974207{/logs,file:///opt/src/hadoop-ozone/integration-test/target/log,AVAILABLE}
2019-06-13 00:57:09,587 INFO  handler.ContextHandler (ContextHandler.java:doStart(781)) - Started o.e.j.s.ServletContextHandler@195113de{/static,jar:file:/root/.m2/repository/org/apache/hadoop/hadoop-hdds-container-service/0.5.0-SNAPSHOT/hadoop-hdds-container-service-0.5.0-SNAPSHOT.jar!/webapps/static,AVAILABLE}
2019-06-13 00:57:09,611 INFO  handler.ContextHandler (ContextHandler.java:doStart(781)) - Started o.e.j.w.WebAppContext@74c9e11{/,file:///tmp/jetty-0.0.0.0-39313-hddsDatanode-_-any-8195261169704899777.dir/webapp/,AVAILABLE}{/hddsDatanode}
2019-06-13 00:57:09,615 INFO  server.AbstractConnector (AbstractConnector.java:doStart(278)) - Started ServerConnector@9fe720a{HTTP/1.1,[http/1.1]}{0.0.0.0:39313}
2019-06-13 00:57:09,616 INFO  server.Server (Server.java:doStart(419)) - Started @4711ms
2019-06-13 00:57:09,617 INFO  server.BaseHttpServer (BaseHttpServer.java:updateConnectorAddress(207)) - HTTP server of HDDSDATANODE is listening at http://0.0.0.0:39313
2019-06-13 00:57:09,742 INFO  ozone.HddsDatanodeService (HddsDatanodeService.java:startPlugins(396)) - Started plug-in org.apache.hadoop.ozone.web.OzoneHddsDatanodeService@76216830
2019-06-13 00:57:09,743 INFO  impl.MetricsSystemImpl (MetricsSystemImpl.java:init(158)) - HddsDatanode metrics system started (again)
2019-06-13 00:57:09,743 INFO  ozone.HddsDatanodeService (HddsDatanodeService.java:start(185)) - HddsDatanodeService host:ozone-jwdrj-3193829804 ip:192.168.19.49
2019-06-13 00:57:09,750 INFO  util.JvmPauseMonitor (JvmPauseMonitor.java:run(188)) - Starting JVM pause monitor
2019-06-13 00:57:09,755 INFO  datanode.InitDatanodeState (InitDatanodeState.java:persistContainerDatanodeDetails(140)) - DatanodeDetails is persisted to /opt/src/hadoop-ozone/integration-test/target/test-dir/MiniOzoneClusterImpl-1a3a19ff-9f44-4757-9416-887d24d100c6/datanode-3/meta/datanode.id
2019-06-13 00:57:09,765 INFO  volume.HddsVolume (HddsVolume.java:<init>(176)) - Creating Volume: /opt/src/hadoop-ozone/integration-test/target/test-dir/MiniOzoneClusterImpl-1a3a19ff-9f44-4757-9416-887d24d100c6/datanode-4/data/containers/hdds of  storage type : DISK and capacity : 104021790720
2019-06-13 00:57:09,766 INFO  volume.VolumeSet (VolumeSet.java:initializeVolumeSet(170)) - Added Volume : /opt/src/hadoop-ozone/integration-test/target/test-dir/MiniOzoneClusterImpl-1a3a19ff-9f44-4757-9416-887d24d100c6/datanode-4/data/containers/hdds to VolumeSet
2019-06-13 00:57:09,766 INFO  volume.ThrottledAsyncChecker (ThrottledAsyncChecker.java:schedule(140)) - Scheduling a check for org.apache.hadoop.ozone.container.common.volume.HddsVolume@391d1e33
2019-06-13 00:57:09,772 INFO  volume.HddsVolumeChecker (HddsVolumeChecker.java:checkAllVolumes(203)) - Scheduled health check for volume org.apache.hadoop.ozone.container.common.volume.HddsVolume@391d1e33
2019-06-13 00:57:09,785 INFO  ratis.XceiverServerRatis (XceiverServerRatis.java:newXceiverServerRatis(401)) - Found a free port for the server : 39471
2019-06-13 00:57:09,787 INFO  impl.RaftServerProxy (ConfUtils.java:logGet(43)) - raft.rpc.type = GRPC (default)
2019-06-13 00:57:09,787 INFO  grpc.GrpcConfigKeys$Server (ConfUtils.java:logGet(43)) - raft.grpc.server.port = 39471 (custom)
2019-06-13 00:57:09,787 INFO  server.GrpcService (ConfUtils.java:logGet(43)) - raft.grpc.message.size.max = 33570816 (custom)
2019-06-13 00:57:09,787 INFO  server.RaftServerConfigKeys (ConfUtils.java:logGet(43)) - raft.server.log.appender.buffer.byte-limit = 33554432 (custom)
2019-06-13 00:57:09,787 INFO  server.GrpcService (ConfUtils.java:logGet(43)) - raft.grpc.flow.control.window = 1MB (=1048576) (default)
2019-06-13 00:57:09,787 INFO  server.RaftServerConfigKeys (ConfUtils.java:logGet(43)) - raft.server.rpc.request.timeout = 3000ms (default)
2019-06-13 00:57:09,788 INFO  server.RaftServerConfigKeys (ConfUtils.java:logGet(43)) - raft.server.storage.dir = [/opt/src/hadoop-ozone/integration-test/target/test-dir/MiniOzoneClusterImpl-1a3a19ff-9f44-4757-9416-887d24d100c6/datanode-4/data/ratis] (custom)
2019-06-13 00:57:09,788 INFO  server.XceiverServerGrpc (XceiverServerGrpc.java:<init>(97)) - Found a free port for the server : 44495
2019-06-13 00:57:09,788 INFO  replication.SimpleContainerDownloader (SimpleContainerDownloader.java:<init>(72)) - Starting container downloader service to copy containers to replicate.
2019-06-13 00:57:09,789 INFO  hdfs.DFSUtil (DFSUtil.java:httpServerTemplateForNNAndJN(1641)) - Starting Web-server for hddsDatanode at: http://0.0.0.0:0
2019-06-13 00:57:09,790 INFO  server.AuthenticationFilter (AuthenticationFilter.java:constructSecretProvider(240)) - Unable to initialize FileSignerSecretProvider, falling back to use random secrets.
2019-06-13 00:57:09,791 WARN  http.HttpRequestLog (HttpRequestLog.java:getRequestLog(97)) - Jetty request log can only be enabled using Log4j
2019-06-13 00:57:09,792 INFO  http.HttpServer2 (HttpServer2.java:addGlobalFilter(975)) - Added global filter 'safety' (class=org.apache.hadoop.http.HttpServer2$QuotingInputFilter)
2019-06-13 00:57:09,792 INFO  http.HttpServer2 (HttpServer2.java:addFilter(948)) - Added filter static_user_filter (class=org.apache.hadoop.http.lib.StaticUserWebFilter$StaticUserFilter) to context hddsDatanode
2019-06-13 00:57:09,793 INFO  http.HttpServer2 (HttpServer2.java:addFilter(958)) - Added filter static_user_filter (class=org.apache.hadoop.http.lib.StaticUserWebFilter$StaticUserFilter) to context static
2019-06-13 00:57:09,793 INFO  http.HttpServer2 (HttpServer2.java:addFilter(958)) - Added filter static_user_filter (class=org.apache.hadoop.http.lib.StaticUserWebFilter$StaticUserFilter) to context logs
2019-06-13 00:57:09,793 INFO  http.HttpServer2 (HttpServer2.java:bindListener(1191)) - Jetty bound to port 44485
2019-06-13 00:57:09,793 INFO  server.Server (Server.java:doStart(351)) - jetty-9.3.24.v20180605, build timestamp: 2018-06-05T17:11:56Z, git hash: 84205aa28f11a4f31f2a3b86d1bba2cc8ab69827
2019-06-13 00:57:09,796 INFO  handler.ContextHandler (ContextHandler.java:doStart(781)) - Started o.e.j.s.ServletContextHandler@6f38f084{/logs,file:///opt/src/hadoop-ozone/integration-test/target/log,AVAILABLE}
2019-06-13 00:57:09,797 INFO  handler.ContextHandler (ContextHandler.java:doStart(781)) - Started o.e.j.s.ServletContextHandler@372f0a99{/static,jar:file:/root/.m2/repository/org/apache/hadoop/hadoop-hdds-container-service/0.5.0-SNAPSHOT/hadoop-hdds-container-service-0.5.0-SNAPSHOT.jar!/webapps/static,AVAILABLE}
2019-06-13 00:57:09,830 INFO  handler.ContextHandler (ContextHandler.java:doStart(781)) - Started o.e.j.w.WebAppContext@6b2fdffc{/,file:///tmp/jetty-0.0.0.0-44485-hddsDatanode-_-any-2960809632325108721.dir/webapp/,AVAILABLE}{/hddsDatanode}
2019-06-13 00:57:09,832 INFO  server.AbstractConnector (AbstractConnector.java:doStart(278)) - Started ServerConnector@2ca3d826{HTTP/1.1,[http/1.1]}{0.0.0.0:44485}
2019-06-13 00:57:09,833 INFO  server.Server (Server.java:doStart(419)) - Started @4928ms
2019-06-13 00:57:09,834 INFO  server.BaseHttpServer (BaseHttpServer.java:updateConnectorAddress(207)) - HTTP server of HDDSDATANODE is listening at http://0.0.0.0:44485
2019-06-13 00:57:09,968 INFO  ozone.HddsDatanodeService (HddsDatanodeService.java:startPlugins(396)) - Started plug-in org.apache.hadoop.ozone.web.OzoneHddsDatanodeService@624b3544
2019-06-13 00:57:09,969 INFO  impl.MetricsSystemImpl (MetricsSystemImpl.java:init(158)) - HddsDatanode metrics system started (again)
2019-06-13 00:57:09,969 INFO  ozone.HddsDatanodeService (HddsDatanodeService.java:start(185)) - HddsDatanodeService host:ozone-jwdrj-3193829804 ip:192.168.19.49
2019-06-13 00:57:09,976 INFO  util.JvmPauseMonitor (JvmPauseMonitor.java:run(188)) - Starting JVM pause monitor
2019-06-13 00:57:09,979 INFO  datanode.InitDatanodeState (InitDatanodeState.java:persistContainerDatanodeDetails(140)) - DatanodeDetails is persisted to /opt/src/hadoop-ozone/integration-test/target/test-dir/MiniOzoneClusterImpl-1a3a19ff-9f44-4757-9416-887d24d100c6/datanode-4/meta/datanode.id
2019-06-13 00:57:09,988 INFO  volume.HddsVolume (HddsVolume.java:<init>(176)) - Creating Volume: /opt/src/hadoop-ozone/integration-test/target/test-dir/MiniOzoneClusterImpl-1a3a19ff-9f44-4757-9416-887d24d100c6/datanode-5/data/containers/hdds of  storage type : DISK and capacity : 104021790720
2019-06-13 00:57:09,989 INFO  volume.VolumeSet (VolumeSet.java:initializeVolumeSet(170)) - Added Volume : /opt/src/hadoop-ozone/integration-test/target/test-dir/MiniOzoneClusterImpl-1a3a19ff-9f44-4757-9416-887d24d100c6/datanode-5/data/containers/hdds to VolumeSet
2019-06-13 00:57:09,989 INFO  volume.ThrottledAsyncChecker (ThrottledAsyncChecker.java:schedule(140)) - Scheduling a check for org.apache.hadoop.ozone.container.common.volume.HddsVolume@55a0f011
2019-06-13 00:57:09,989 INFO  volume.HddsVolumeChecker (HddsVolumeChecker.java:checkAllVolumes(203)) - Scheduled health check for volume org.apache.hadoop.ozone.container.common.volume.HddsVolume@55a0f011
2019-06-13 00:57:10,005 INFO  ratis.XceiverServerRatis (XceiverServerRatis.java:newXceiverServerRatis(401)) - Found a free port for the server : 36289
2019-06-13 00:57:10,007 INFO  impl.RaftServerProxy (ConfUtils.java:logGet(43)) - raft.rpc.type = GRPC (default)
2019-06-13 00:57:10,007 INFO  grpc.GrpcConfigKeys$Server (ConfUtils.java:logGet(43)) - raft.grpc.server.port = 36289 (custom)
2019-06-13 00:57:10,008 INFO  server.GrpcService (ConfUtils.java:logGet(43)) - raft.grpc.message.size.max = 33570816 (custom)
2019-06-13 00:57:10,008 INFO  server.RaftServerConfigKeys (ConfUtils.java:logGet(43)) - raft.server.log.appender.buffer.byte-limit = 33554432 (custom)
2019-06-13 00:57:10,008 INFO  server.GrpcService (ConfUtils.java:logGet(43)) - raft.grpc.flow.control.window = 1MB (=1048576) (default)
2019-06-13 00:57:10,008 INFO  server.RaftServerConfigKeys (ConfUtils.java:logGet(43)) - raft.server.rpc.request.timeout = 3000ms (default)
2019-06-13 00:57:10,009 INFO  server.RaftServerConfigKeys (ConfUtils.java:logGet(43)) - raft.server.storage.dir = [/opt/src/hadoop-ozone/integration-test/target/test-dir/MiniOzoneClusterImpl-1a3a19ff-9f44-4757-9416-887d24d100c6/datanode-5/data/ratis] (custom)
2019-06-13 00:57:10,009 INFO  server.XceiverServerGrpc (XceiverServerGrpc.java:<init>(97)) - Found a free port for the server : 36721
2019-06-13 00:57:10,010 INFO  replication.SimpleContainerDownloader (SimpleContainerDownloader.java:<init>(72)) - Starting container downloader service to copy containers to replicate.
2019-06-13 00:57:10,011 INFO  hdfs.DFSUtil (DFSUtil.java:httpServerTemplateForNNAndJN(1641)) - Starting Web-server for hddsDatanode at: http://0.0.0.0:0
2019-06-13 00:57:10,012 INFO  server.AuthenticationFilter (AuthenticationFilter.java:constructSecretProvider(240)) - Unable to initialize FileSignerSecretProvider, falling back to use random secrets.
2019-06-13 00:57:10,022 WARN  http.HttpRequestLog (HttpRequestLog.java:getRequestLog(97)) - Jetty request log can only be enabled using Log4j
2019-06-13 00:57:10,024 INFO  http.HttpServer2 (HttpServer2.java:addGlobalFilter(975)) - Added global filter 'safety' (class=org.apache.hadoop.http.HttpServer2$QuotingInputFilter)
2019-06-13 00:57:10,024 INFO  http.HttpServer2 (HttpServer2.java:addFilter(948)) - Added filter static_user_filter (class=org.apache.hadoop.http.lib.StaticUserWebFilter$StaticUserFilter) to context hddsDatanode
2019-06-13 00:57:10,025 INFO  http.HttpServer2 (HttpServer2.java:addFilter(958)) - Added filter static_user_filter (class=org.apache.hadoop.http.lib.StaticUserWebFilter$StaticUserFilter) to context logs
2019-06-13 00:57:10,025 INFO  http.HttpServer2 (HttpServer2.java:addFilter(958)) - Added filter static_user_filter (class=org.apache.hadoop.http.lib.StaticUserWebFilter$StaticUserFilter) to context static
2019-06-13 00:57:10,025 INFO  http.HttpServer2 (HttpServer2.java:bindListener(1191)) - Jetty bound to port 38049
2019-06-13 00:57:10,026 INFO  server.Server (Server.java:doStart(351)) - jetty-9.3.24.v20180605, build timestamp: 2018-06-05T17:11:56Z, git hash: 84205aa28f11a4f31f2a3b86d1bba2cc8ab69827
2019-06-13 00:57:10,050 INFO  handler.ContextHandler (ContextHandler.java:doStart(781)) - Started o.e.j.s.ServletContextHandler@23e61112{/logs,file:///opt/src/hadoop-ozone/integration-test/target/log,AVAILABLE}
2019-06-13 00:57:10,051 INFO  handler.ContextHandler (ContextHandler.java:doStart(781)) - Started o.e.j.s.ServletContextHandler@61b60600{/static,jar:file:/root/.m2/repository/org/apache/hadoop/hadoop-hdds-container-service/0.5.0-SNAPSHOT/hadoop-hdds-container-service-0.5.0-SNAPSHOT.jar!/webapps/static,AVAILABLE}
2019-06-13 00:57:10,079 INFO  handler.ContextHandler (ContextHandler.java:doStart(781)) - Started o.e.j.w.WebAppContext@245cb8df{/,file:///tmp/jetty-0.0.0.0-38049-hddsDatanode-_-any-9044368956673754822.dir/webapp/,AVAILABLE}{/hddsDatanode}
2019-06-13 00:57:10,081 INFO  server.AbstractConnector (AbstractConnector.java:doStart(278)) - Started ServerConnector@26b3c9a2{HTTP/1.1,[http/1.1]}{0.0.0.0:38049}
2019-06-13 00:57:10,081 INFO  server.Server (Server.java:doStart(419)) - Started @5176ms
2019-06-13 00:57:10,082 INFO  server.BaseHttpServer (BaseHttpServer.java:updateConnectorAddress(207)) - HTTP server of HDDSDATANODE is listening at http://0.0.0.0:38049
2019-06-13 00:57:10,267 INFO  ozone.HddsDatanodeService (HddsDatanodeService.java:startPlugins(396)) - Started plug-in org.apache.hadoop.ozone.web.OzoneHddsDatanodeService@4662752a
2019-06-13 00:57:10,268 INFO  ozone.MiniOzoneClusterImpl (MiniOzoneClusterImpl.java:lambda$waitForClusterToBeReady$0(142)) - Waiting for cluster to be ready. Got 0 of 6 DN Heartbeats.
2019-06-13 00:57:10,273 INFO  util.JvmPauseMonitor (JvmPauseMonitor.java:run(188)) - Starting JVM pause monitor
2019-06-13 00:57:10,274 INFO  datanode.InitDatanodeState (InitDatanodeState.java:persistContainerDatanodeDetails(140)) - DatanodeDetails is persisted to /opt/src/hadoop-ozone/integration-test/target/test-dir/MiniOzoneClusterImpl-1a3a19ff-9f44-4757-9416-887d24d100c6/datanode-5/meta/datanode.id
2019-06-13 00:57:11,120 INFO  ozoneimpl.OzoneContainer (OzoneContainer.java:start(186)) - Attempting to start container services.
2019-06-13 00:57:11,120 INFO  ozoneimpl.OzoneContainer (OzoneContainer.java:startContainerScrub(160)) - Background container scrubber has been disabled by hdds.containerscrub.enabled
2019-06-13 00:57:11,120 INFO  ratis.XceiverServerRatis (XceiverServerRatis.java:start(418)) - Starting XceiverServerRatis 53782a24-a1e2-433d-af7f-908d2ceac53b at port 39055
2019-06-13 00:57:11,133 INFO  impl.RaftServerProxy (RaftServerProxy.java:lambda$start$3(299)) - 53782a24-a1e2-433d-af7f-908d2ceac53b: start RPC server
2019-06-13 00:57:11,268 INFO  ozone.MiniOzoneClusterImpl (MiniOzoneClusterImpl.java:lambda$waitForClusterToBeReady$0(142)) - Waiting for cluster to be ready. Got 0 of 6 DN Heartbeats.
2019-06-13 00:57:11,280 INFO  server.GrpcService (GrpcService.java:startImpl(148)) - 53782a24-a1e2-433d-af7f-908d2ceac53b: GrpcService started, listening on 0.0.0.0/0.0.0.0:39055
2019-06-13 00:57:11,329 INFO  ozoneimpl.OzoneContainer (OzoneContainer.java:start(186)) - Attempting to start container services.
2019-06-13 00:57:11,330 INFO  ozoneimpl.OzoneContainer (OzoneContainer.java:startContainerScrub(160)) - Background container scrubber has been disabled by hdds.containerscrub.enabled
2019-06-13 00:57:11,330 INFO  ratis.XceiverServerRatis (XceiverServerRatis.java:start(418)) - Starting XceiverServerRatis 4392569d-cfa4-4a49-8240-d3d74a525666 at port 43717
2019-06-13 00:57:11,335 INFO  impl.RaftServerProxy (RaftServerProxy.java:lambda$start$3(299)) - 4392569d-cfa4-4a49-8240-d3d74a525666: start RPC server
2019-06-13 00:57:11,338 INFO  server.GrpcService (GrpcService.java:startImpl(148)) - 4392569d-cfa4-4a49-8240-d3d74a525666: GrpcService started, listening on 0.0.0.0/0.0.0.0:43717
2019-06-13 00:57:11,555 INFO  ozoneimpl.OzoneContainer (OzoneContainer.java:start(186)) - Attempting to start container services.
2019-06-13 00:57:11,556 INFO  ozoneimpl.OzoneContainer (OzoneContainer.java:startContainerScrub(160)) - Background container scrubber has been disabled by hdds.containerscrub.enabled
2019-06-13 00:57:11,556 INFO  ratis.XceiverServerRatis (XceiverServerRatis.java:start(418)) - Starting XceiverServerRatis 5695095b-d5f3-4bca-bbee-857da2572b2c at port 34811
2019-06-13 00:57:11,562 INFO  impl.RaftServerProxy (RaftServerProxy.java:lambda$start$3(299)) - 5695095b-d5f3-4bca-bbee-857da2572b2c: start RPC server
2019-06-13 00:57:11,564 INFO  server.GrpcService (GrpcService.java:startImpl(148)) - 5695095b-d5f3-4bca-bbee-857da2572b2c: GrpcService started, listening on 0.0.0.0/0.0.0.0:34811
2019-06-13 00:57:11,755 INFO  ozoneimpl.OzoneContainer (OzoneContainer.java:start(186)) - Attempting to start container services.
2019-06-13 00:57:11,756 INFO  ozoneimpl.OzoneContainer (OzoneContainer.java:startContainerScrub(160)) - Background container scrubber has been disabled by hdds.containerscrub.enabled
2019-06-13 00:57:11,756 INFO  ratis.XceiverServerRatis (XceiverServerRatis.java:start(418)) - Starting XceiverServerRatis f0cddabc-ae27-4e27-be84-189564718ab1 at port 46453
2019-06-13 00:57:11,761 INFO  impl.RaftServerProxy (RaftServerProxy.java:lambda$start$3(299)) - f0cddabc-ae27-4e27-be84-189564718ab1: start RPC server
2019-06-13 00:57:11,763 INFO  server.GrpcService (GrpcService.java:startImpl(148)) - f0cddabc-ae27-4e27-be84-189564718ab1: GrpcService started, listening on 0.0.0.0/0.0.0.0:46453
2019-06-13 00:57:11,981 INFO  ozoneimpl.OzoneContainer (OzoneContainer.java:start(186)) - Attempting to start container services.
2019-06-13 00:57:11,982 INFO  ozoneimpl.OzoneContainer (OzoneContainer.java:startContainerScrub(160)) - Background container scrubber has been disabled by hdds.containerscrub.enabled
2019-06-13 00:57:11,982 INFO  ratis.XceiverServerRatis (XceiverServerRatis.java:start(418)) - Starting XceiverServerRatis c2150b6a-3632-4de2-b214-9f85a899c915 at port 39471
2019-06-13 00:57:11,989 INFO  impl.RaftServerProxy (RaftServerProxy.java:lambda$start$3(299)) - c2150b6a-3632-4de2-b214-9f85a899c915: start RPC server
2019-06-13 00:57:11,991 INFO  server.GrpcService (GrpcService.java:startImpl(148)) - c2150b6a-3632-4de2-b214-9f85a899c915: GrpcService started, listening on 0.0.0.0/0.0.0.0:39471
2019-06-13 00:57:12,268 INFO  ozone.MiniOzoneClusterImpl (MiniOzoneClusterImpl.java:lambda$waitForClusterToBeReady$0(142)) - Waiting for cluster to be ready. Got 0 of 6 DN Heartbeats.
2019-06-13 00:57:12,277 INFO  ozoneimpl.OzoneContainer (OzoneContainer.java:start(186)) - Attempting to start container services.
2019-06-13 00:57:12,279 INFO  ozoneimpl.OzoneContainer (OzoneContainer.java:startContainerScrub(160)) - Background container scrubber has been disabled by hdds.containerscrub.enabled
2019-06-13 00:57:12,279 INFO  ratis.XceiverServerRatis (XceiverServerRatis.java:start(418)) - Starting XceiverServerRatis ba40e966-99a1-4cd0-917c-771339210f94 at port 36289
2019-06-13 00:57:12,283 INFO  impl.RaftServerProxy (RaftServerProxy.java:lambda$start$3(299)) - ba40e966-99a1-4cd0-917c-771339210f94: start RPC server
2019-06-13 00:57:12,285 INFO  server.GrpcService (GrpcService.java:startImpl(148)) - ba40e966-99a1-4cd0-917c-771339210f94: GrpcService started, listening on 0.0.0.0/0.0.0.0:36289
2019-06-13 00:57:13,118 INFO  node.SCMNodeManager (SCMNodeManager.java:register(234)) - Registered Data node : 53782a24-a1e2-433d-af7f-908d2ceac53b{ip: 192.168.19.49, host: ozone-jwdrj-3193829804, networkLocation: /default-rack, certSerialId: null}
2019-06-13 00:57:13,127 INFO  safemode.SCMSafeModeManager (DataNodeSafeModeRule.java:process(71)) - SCM in safe mode. 1 DataNodes registered, 1 required.
2019-06-13 00:57:13,127 INFO  safemode.SCMSafeModeManager (SCMSafeModeManager.java:validateSafeModeExitRules(177)) - ScmSafeModeManager, all rules are successfully validated
2019-06-13 00:57:13,128 INFO  safemode.SCMSafeModeManager (SCMSafeModeManager.java:exitSafeMode(193)) - SCM exiting safe mode.
2019-06-13 00:57:13,269 INFO  ozone.MiniOzoneClusterImpl (MiniOzoneClusterImpl.java:lambda$waitForClusterToBeReady$0(142)) - Waiting for cluster to be ready. Got 1 of 6 DN Heartbeats.
2019-06-13 00:57:13,327 INFO  node.SCMNodeManager (SCMNodeManager.java:register(234)) - Registered Data node : 4392569d-cfa4-4a49-8240-d3d74a525666{ip: 192.168.19.49, host: ozone-jwdrj-3193829804, networkLocation: /default-rack, certSerialId: null}
2019-06-13 00:57:13,491 INFO  impl.RaftServerProxy (RaftServerProxy.java:addNew(89)) - 53782a24-a1e2-433d-af7f-908d2ceac53b: addNew group-87EF3FBF2D40:[53782a24-a1e2-433d-af7f-908d2ceac53b:192.168.19.49:39055] returns group-87EF3FBF2D40:java.util.concurrent.CompletableFuture@6bbfffec[Not completed]
2019-06-13 00:57:13,496 INFO  impl.RaftServerImpl (RaftServerImpl.java:<init>(91)) - 53782a24-a1e2-433d-af7f-908d2ceac53b: new RaftServerImpl for group-87EF3FBF2D40:[53782a24-a1e2-433d-af7f-908d2ceac53b:192.168.19.49:39055] with ContainerStateMachine:uninitialized
2019-06-13 00:57:13,497 INFO  server.RaftServerConfigKeys (ConfUtils.java:logGet(43)) - raft.server.rpc.timeout.min = 1s (custom)
2019-06-13 00:57:13,497 INFO  server.RaftServerConfigKeys (ConfUtils.java:logGet(43)) - raft.server.rpc.timeout.max = 1200ms (custom)
2019-06-13 00:57:13,497 INFO  server.RaftServerConfigKeys (ConfUtils.java:logGet(43)) - raft.server.rpcslowness.timeout = 10s (custom)
2019-06-13 00:57:13,498 INFO  server.RaftServerConfigKeys (ConfUtils.java:logGet(43)) - raft.server.log.appender.install.snapshot.enabled = true (default)
2019-06-13 00:57:13,503 INFO  impl.RaftServerImpl (ServerState.java:<init>(101)) - 53782a24-a1e2-433d-af7f-908d2ceac53b:group-87EF3FBF2D40 ConfigurationManager, init=-1: [53782a24-a1e2-433d-af7f-908d2ceac53b:192.168.19.49:39055], old=null, confs=<EMPTY_MAP>
2019-06-13 00:57:13,503 INFO  server.RaftServerConfigKeys (ConfUtils.java:logGet(43)) - raft.server.storage.dir = [/opt/src/hadoop-ozone/integration-test/target/test-dir/MiniOzoneClusterImpl-1a3a19ff-9f44-4757-9416-887d24d100c6/datanode-0/data/ratis] (custom)
2019-06-13 00:57:13,508 INFO  storage.RaftStorageDirectory (RaftStorageDirectory.java:analyzeStorage(246)) - The storage directory /opt/src/hadoop-ozone/integration-test/target/test-dir/MiniOzoneClusterImpl-1a3a19ff-9f44-4757-9416-887d24d100c6/datanode-0/data/ratis/d1432add-92c2-4fed-9bb4-87ef3fbf2d40 does not exist. Creating ...
2019-06-13 00:57:13,513 INFO  storage.RaftStorageDirectory (RaftStorageDirectory.java:tryLock(328)) - Lock on /opt/src/hadoop-ozone/integration-test/target/test-dir/MiniOzoneClusterImpl-1a3a19ff-9f44-4757-9416-887d24d100c6/datanode-0/data/ratis/d1432add-92c2-4fed-9bb4-87ef3fbf2d40/in_use.lock acquired by nodename 9947@ozone-jwdrj-3193829804
2019-06-13 00:57:13,516 INFO  storage.RaftStorage (RaftStorage.java:format(75)) - Storage directory /opt/src/hadoop-ozone/integration-test/target/test-dir/MiniOzoneClusterImpl-1a3a19ff-9f44-4757-9416-887d24d100c6/datanode-0/data/ratis/d1432add-92c2-4fed-9bb4-87ef3fbf2d40 has been successfully formatted.
2019-06-13 00:57:13,518 INFO  ratis.ContainerStateMachine (ContainerStateMachine.java:loadSnapshot(199)) - The snapshot info is null.Setting the last applied index to:(t:0, i:~)
2019-06-13 00:57:13,518 INFO  server.RaftServerConfigKeys (ConfUtils.java:logGet(43)) - raft.server.leader.election.timeout = 10s (custom)
2019-06-13 00:57:13,644 INFO  server.RaftServerConfigKeys (ConfUtils.java:logGet(43)) - raft.server.log.use.memory = false (default)
2019-06-13 00:57:13,647 INFO  server.RaftServerConfigKeys (ConfUtils.java:logGet(43)) - raft.server.log.appender.buffer.byte-limit = 33554432 (custom)
2019-06-13 00:57:13,648 INFO  node.SCMNodeManager (SCMNodeManager.java:register(234)) - Registered Data node : 5695095b-d5f3-4bca-bbee-857da2572b2c{ip: 192.168.19.49, host: ozone-jwdrj-3193829804, networkLocation: /default-rack, certSerialId: null}
2019-06-13 00:57:13,651 INFO  server.RaftServerConfigKeys (ConfUtils.java:logGet(43)) - raft.server.log.segment.size.max = 16384 (custom)
2019-06-13 00:57:13,656 INFO  server.RaftServerConfigKeys (ConfUtils.java:logGet(43)) - raft.server.log.segment.cache.num.max = 2 (custom)
2019-06-13 00:57:13,659 INFO  storage.RaftLogWorker (RaftLogWorker.java:<init>(123)) - new 53782a24-a1e2-433d-af7f-908d2ceac53b-RaftLogWorker for Storage Directory /opt/src/hadoop-ozone/integration-test/target/test-dir/MiniOzoneClusterImpl-1a3a19ff-9f44-4757-9416-887d24d100c6/datanode-0/data/ratis/d1432add-92c2-4fed-9bb4-87ef3fbf2d40
2019-06-13 00:57:13,659 INFO  server.RaftServerConfigKeys (ConfUtils.java:logGet(43)) - raft.server.log.queue.byte-limit = 2147483647 (custom)
2019-06-13 00:57:13,660 INFO  server.RaftServerConfigKeys (ConfUtils.java:logGet(43)) - raft.server.log.queue.element-limit = 1024 (custom)
2019-06-13 00:57:13,662 INFO  server.RaftServerConfigKeys (ConfUtils.java:logGet(43)) - raft.server.log.segment.size.max = 16384 (custom)
2019-06-13 00:57:13,662 INFO  server.RaftServerConfigKeys (ConfUtils.java:logGet(43)) - raft.server.log.preallocated.size = 16384 (custom)
2019-06-13 00:57:13,662 INFO  server.RaftServerConfigKeys (ConfUtils.java:logGet(43)) - raft.server.log.write.buffer.size = 33554432 (custom)
2019-06-13 00:57:13,663 INFO  server.RaftServerConfigKeys (ConfUtils.java:logGet(43)) - raft.server.log.force.sync.num = 128 (default)
2019-06-13 00:57:13,664 INFO  server.RaftServerConfigKeys (ConfUtils.java:logGet(43)) - raft.server.log.statemachine.data.sync = true (default)
2019-06-13 00:57:13,664 INFO  server.RaftServerConfigKeys (ConfUtils.java:logGet(43)) - raft.server.log.statemachine.data.sync.timeout = 10s (default)
2019-06-13 00:57:13,664 INFO  server.RaftServerConfigKeys (ConfUtils.java:logGet(43)) - raft.server.log.statemachine.data.sync.timeout.retry = -1 (default)
2019-06-13 00:57:13,666 INFO  server.RaftServerConfigKeys (ConfUtils.java:logGet(43)) - raft.server.log.statemachine.data.caching.enabled = true (custom)
2019-06-13 00:57:13,671 INFO  server.RaftServerConfigKeys (ConfUtils.java:logGet(43)) - raft.server.snapshot.auto.trigger.enabled = true (custom)
2019-06-13 00:57:13,671 INFO  server.RaftServerConfigKeys (ConfUtils.java:logGet(43)) - raft.server.snapshot.auto.trigger.threshold = 10000 (custom)
2019-06-13 00:57:13,672 INFO  server.RaftServerConfigKeys (ConfUtils.java:logGet(43)) - raft.server.retrycache.expirytime = 600000ms (custom)
2019-06-13 00:57:13,686 INFO  impl.RaftServerImpl (RaftServerImpl.java:start(173)) - 53782a24-a1e2-433d-af7f-908d2ceac53b: start group-87EF3FBF2D40
2019-06-13 00:57:13,687 INFO  impl.RaftServerImpl (RaftServerImpl.java:setRole(164)) - 53782a24-a1e2-433d-af7f-908d2ceac53b:group-87EF3FBF2D40 changes role from null to FOLLOWER at term 0 for startAsFollower
2019-06-13 00:57:13,688 INFO  impl.RoleInfo (RoleInfo.java:updateAndGet(143)) - 53782a24-a1e2-433d-af7f-908d2ceac53b: start FollowerState
2019-06-13 00:57:13,690 INFO  util.JmxRegister (JmxRegister.java:tryRegister(44)) - Successfully registered JMX Bean with object name Ratis:service=RaftServer,group=group-87EF3FBF2D40,id=53782a24-a1e2-433d-af7f-908d2ceac53b
2019-06-13 00:57:13,731 INFO  pipeline.PipelineStateManager (PipelineStateManager.java:addPipeline(56)) - Created pipeline Pipeline[ Id: d1432add-92c2-4fed-9bb4-87ef3fbf2d40, Nodes: 53782a24-a1e2-433d-af7f-908d2ceac53b{ip: 192.168.19.49, host: ozone-jwdrj-3193829804, networkLocation: /default-rack, certSerialId: null}, Type:RATIS, Factor:ONE, State:OPEN]
2019-06-13 00:57:13,746 INFO  impl.RaftServerProxy (RaftServerProxy.java:addNew(89)) - 4392569d-cfa4-4a49-8240-d3d74a525666: addNew group-ADE9C9BEF30B:[4392569d-cfa4-4a49-8240-d3d74a525666:192.168.19.49:43717] returns group-ADE9C9BEF30B:java.util.concurrent.CompletableFuture@3cbaa218[Not completed]
2019-06-13 00:57:13,746 INFO  impl.RaftServerImpl (RaftServerImpl.java:<init>(91)) - 4392569d-cfa4-4a49-8240-d3d74a525666: new RaftServerImpl for group-ADE9C9BEF30B:[4392569d-cfa4-4a49-8240-d3d74a525666:192.168.19.49:43717] with ContainerStateMachine:uninitialized
2019-06-13 00:57:13,747 INFO  server.RaftServerConfigKeys (ConfUtils.java:logGet(43)) - raft.server.rpc.timeout.min = 1s (custom)
2019-06-13 00:57:13,748 INFO  server.RaftServerConfigKeys (ConfUtils.java:logGet(43)) - raft.server.rpc.timeout.max = 1200ms (custom)
2019-06-13 00:57:13,748 INFO  server.RaftServerConfigKeys (ConfUtils.java:logGet(43)) - raft.server.rpcslowness.timeout = 10s (custom)
2019-06-13 00:57:13,748 INFO  server.RaftServerConfigKeys (ConfUtils.java:logGet(43)) - raft.server.log.appender.install.snapshot.enabled = true (default)
2019-06-13 00:57:13,748 INFO  impl.RaftServerImpl (ServerState.java:<init>(101)) - 4392569d-cfa4-4a49-8240-d3d74a525666:group-ADE9C9BEF30B ConfigurationManager, init=-1: [4392569d-cfa4-4a49-8240-d3d74a525666:192.168.19.49:43717], old=null, confs=<EMPTY_MAP>
2019-06-13 00:57:13,748 INFO  server.RaftServerConfigKeys (ConfUtils.java:logGet(43)) - raft.server.storage.dir = [/opt/src/hadoop-ozone/integration-test/target/test-dir/MiniOzoneClusterImpl-1a3a19ff-9f44-4757-9416-887d24d100c6/datanode-1/data/ratis] (custom)
2019-06-13 00:57:13,748 INFO  storage.RaftStorageDirectory (RaftStorageDirectory.java:analyzeStorage(246)) - The storage directory /opt/src/hadoop-ozone/integration-test/target/test-dir/MiniOzoneClusterImpl-1a3a19ff-9f44-4757-9416-887d24d100c6/datanode-1/data/ratis/795603c9-06c9-4ecc-97cf-ade9c9bef30b does not exist. Creating ...
2019-06-13 00:57:13,751 INFO  storage.RaftStorageDirectory (RaftStorageDirectory.java:tryLock(328)) - Lock on /opt/src/hadoop-ozone/integration-test/target/test-dir/MiniOzoneClusterImpl-1a3a19ff-9f44-4757-9416-887d24d100c6/datanode-1/data/ratis/795603c9-06c9-4ecc-97cf-ade9c9bef30b/in_use.lock acquired by nodename 9947@ozone-jwdrj-3193829804
2019-06-13 00:57:13,753 INFO  node.SCMNodeManager (SCMNodeManager.java:register(234)) - Registered Data node : f0cddabc-ae27-4e27-be84-189564718ab1{ip: 192.168.19.49, host: ozone-jwdrj-3193829804, networkLocation: /default-rack, certSerialId: null}
2019-06-13 00:57:13,754 INFO  storage.RaftStorage (RaftStorage.java:format(75)) - Storage directory /opt/src/hadoop-ozone/integration-test/target/test-dir/MiniOzoneClusterImpl-1a3a19ff-9f44-4757-9416-887d24d100c6/datanode-1/data/ratis/795603c9-06c9-4ecc-97cf-ade9c9bef30b has been successfully formatted.
2019-06-13 00:57:13,754 INFO  ratis.ContainerStateMachine (ContainerStateMachine.java:loadSnapshot(199)) - The snapshot info is null.Setting the last applied index to:(t:0, i:~)
2019-06-13 00:57:13,754 INFO  server.RaftServerConfigKeys (ConfUtils.java:logGet(43)) - raft.server.leader.election.timeout = 10s (custom)
2019-06-13 00:57:13,754 INFO  server.RaftServerConfigKeys (ConfUtils.java:logGet(43)) - raft.server.log.use.memory = false (default)
2019-06-13 00:57:13,754 INFO  server.RaftServerConfigKeys (ConfUtils.java:logGet(43)) - raft.server.log.appender.buffer.byte-limit = 33554432 (custom)
2019-06-13 00:57:13,755 INFO  server.RaftServerConfigKeys (ConfUtils.java:logGet(43)) - raft.server.log.segment.size.max = 16384 (custom)
2019-06-13 00:57:13,755 INFO  server.RaftServerConfigKeys (ConfUtils.java:logGet(43)) - raft.server.log.segment.cache.num.max = 2 (custom)
2019-06-13 00:57:13,755 INFO  storage.RaftLogWorker (RaftLogWorker.java:<init>(123)) - new 4392569d-cfa4-4a49-8240-d3d74a525666-RaftLogWorker for Storage Directory /opt/src/hadoop-ozone/integration-test/target/test-dir/MiniOzoneClusterImpl-1a3a19ff-9f44-4757-9416-887d24d100c6/datanode-1/data/ratis/795603c9-06c9-4ecc-97cf-ade9c9bef30b
2019-06-13 00:57:13,756 INFO  server.RaftServerConfigKeys (ConfUtils.java:logGet(43)) - raft.server.log.queue.byte-limit = 2147483647 (custom)
2019-06-13 00:57:13,756 INFO  server.RaftServerConfigKeys (ConfUtils.java:logGet(43)) - raft.server.log.queue.element-limit = 1024 (custom)
2019-06-13 00:57:13,756 INFO  server.RaftServerConfigKeys (ConfUtils.java:logGet(43)) - raft.server.log.segment.size.max = 16384 (custom)
2019-06-13 00:57:13,756 INFO  server.RaftServerConfigKeys (ConfUtils.java:logGet(43)) - raft.server.log.preallocated.size = 16384 (custom)
2019-06-13 00:57:13,756 INFO  server.RaftServerConfigKeys (ConfUtils.java:logGet(43)) - raft.server.log.write.buffer.size = 33554432 (custom)
2019-06-13 00:57:13,756 INFO  server.RaftServerConfigKeys (ConfUtils.java:logGet(43)) - raft.server.log.force.sync.num = 128 (default)
2019-06-13 00:57:13,756 INFO  server.RaftServerConfigKeys (ConfUtils.java:logGet(43)) - raft.server.log.statemachine.data.sync = true (default)
2019-06-13 00:57:13,756 INFO  server.RaftServerConfigKeys (ConfUtils.java:logGet(43)) - raft.server.log.statemachine.data.sync.timeout = 10s (default)
2019-06-13 00:57:13,757 INFO  server.RaftServerConfigKeys (ConfUtils.java:logGet(43)) - raft.server.log.statemachine.data.sync.timeout.retry = -1 (default)
2019-06-13 00:57:13,757 INFO  server.RaftServerConfigKeys (ConfUtils.java:logGet(43)) - raft.server.log.statemachine.data.caching.enabled = true (custom)
2019-06-13 00:57:13,757 INFO  server.RaftServerConfigKeys (ConfUtils.java:logGet(43)) - raft.server.snapshot.auto.trigger.enabled = true (custom)
2019-06-13 00:57:13,757 INFO  server.RaftServerConfigKeys (ConfUtils.java:logGet(43)) - raft.server.snapshot.auto.trigger.threshold = 10000 (custom)
2019-06-13 00:57:13,758 INFO  server.RaftServerConfigKeys (ConfUtils.java:logGet(43)) - raft.server.retrycache.expirytime = 600000ms (custom)
2019-06-13 00:57:13,758 INFO  impl.RaftServerImpl (RaftServerImpl.java:start(173)) - 4392569d-cfa4-4a49-8240-d3d74a525666: start group-ADE9C9BEF30B
2019-06-13 00:57:13,758 INFO  impl.RaftServerImpl (RaftServerImpl.java:setRole(164)) - 4392569d-cfa4-4a49-8240-d3d74a525666:group-ADE9C9BEF30B changes role from null to FOLLOWER at term 0 for startAsFollower
2019-06-13 00:57:13,758 INFO  impl.RoleInfo (RoleInfo.java:updateAndGet(143)) - 4392569d-cfa4-4a49-8240-d3d74a525666: start FollowerState
2019-06-13 00:57:13,759 INFO  util.JmxRegister (JmxRegister.java:tryRegister(44)) - Successfully registered JMX Bean with object name Ratis:service=RaftServer,group=group-ADE9C9BEF30B,id=4392569d-cfa4-4a49-8240-d3d74a525666
2019-06-13 00:57:13,769 INFO  pipeline.PipelineStateManager (PipelineStateManager.java:addPipeline(56)) - Created pipeline Pipeline[ Id: 795603c9-06c9-4ecc-97cf-ade9c9bef30b, Nodes: 4392569d-cfa4-4a49-8240-d3d74a525666{ip: 192.168.19.49, host: ozone-jwdrj-3193829804, networkLocation: /default-rack, certSerialId: null}, Type:RATIS, Factor:ONE, State:OPEN]
2019-06-13 00:57:13,784 INFO  impl.RaftServerProxy (RaftServerProxy.java:addNew(89)) - f0cddabc-ae27-4e27-be84-189564718ab1: addNew group-8294CAC2BEBB:[f0cddabc-ae27-4e27-be84-189564718ab1:192.168.19.49:46453] returns group-8294CAC2BEBB:java.util.concurrent.CompletableFuture@52a7b28c[Not completed]
2019-06-13 00:57:13,808 INFO  impl.RaftServerImpl (RaftServerImpl.java:<init>(91)) - f0cddabc-ae27-4e27-be84-189564718ab1: new RaftServerImpl for group-8294CAC2BEBB:[f0cddabc-ae27-4e27-be84-189564718ab1:192.168.19.49:46453] with ContainerStateMachine:uninitialized
2019-06-13 00:57:13,808 INFO  server.RaftServerConfigKeys (ConfUtils.java:logGet(43)) - raft.server.rpc.timeout.min = 1s (custom)
2019-06-13 00:57:13,808 INFO  server.RaftServerConfigKeys (ConfUtils.java:logGet(43)) - raft.server.rpc.timeout.max = 1200ms (custom)
2019-06-13 00:57:13,809 INFO  server.RaftServerConfigKeys (ConfUtils.java:logGet(43)) - raft.server.rpcslowness.timeout = 10s (custom)
2019-06-13 00:57:13,809 INFO  server.RaftServerConfigKeys (ConfUtils.java:logGet(43)) - raft.server.log.appender.install.snapshot.enabled = true (default)
2019-06-13 00:57:13,809 INFO  impl.RaftServerImpl (ServerState.java:<init>(101)) - f0cddabc-ae27-4e27-be84-189564718ab1:group-8294CAC2BEBB ConfigurationManager, init=-1: [f0cddabc-ae27-4e27-be84-189564718ab1:192.168.19.49:46453], old=null, confs=<EMPTY_MAP>
2019-06-13 00:57:13,809 INFO  server.RaftServerConfigKeys (ConfUtils.java:logGet(43)) - raft.server.storage.dir = [/opt/src/hadoop-ozone/integration-test/target/test-dir/MiniOzoneClusterImpl-1a3a19ff-9f44-4757-9416-887d24d100c6/datanode-3/data/ratis] (custom)
2019-06-13 00:57:13,809 INFO  storage.RaftStorageDirectory (RaftStorageDirectory.java:analyzeStorage(246)) - The storage directory /opt/src/hadoop-ozone/integration-test/target/test-dir/MiniOzoneClusterImpl-1a3a19ff-9f44-4757-9416-887d24d100c6/datanode-3/data/ratis/a6384cc3-8c46-47c6-a697-8294cac2bebb does not exist. Creating ...
2019-06-13 00:57:13,812 INFO  storage.RaftStorageDirectory (RaftStorageDirectory.java:tryLock(328)) - Lock on /opt/src/hadoop-ozone/integration-test/target/test-dir/MiniOzoneClusterImpl-1a3a19ff-9f44-4757-9416-887d24d100c6/datanode-3/data/ratis/a6384cc3-8c46-47c6-a697-8294cac2bebb/in_use.lock acquired by nodename 9947@ozone-jwdrj-3193829804
2019-06-13 00:57:13,814 INFO  storage.RaftStorage (RaftStorage.java:format(75)) - Storage directory /opt/src/hadoop-ozone/integration-test/target/test-dir/MiniOzoneClusterImpl-1a3a19ff-9f44-4757-9416-887d24d100c6/datanode-3/data/ratis/a6384cc3-8c46-47c6-a697-8294cac2bebb has been successfully formatted.
2019-06-13 00:57:13,815 INFO  ratis.ContainerStateMachine (ContainerStateMachine.java:loadSnapshot(199)) - The snapshot info is null.Setting the last applied index to:(t:0, i:~)
2019-06-13 00:57:13,816 INFO  server.RaftServerConfigKeys (ConfUtils.java:logGet(43)) - raft.server.leader.election.timeout = 10s (custom)
2019-06-13 00:57:13,816 INFO  server.RaftServerConfigKeys (ConfUtils.java:logGet(43)) - raft.server.log.use.memory = false (default)
2019-06-13 00:57:13,816 INFO  server.RaftServerConfigKeys (ConfUtils.java:logGet(43)) - raft.server.log.appender.buffer.byte-limit = 33554432 (custom)
2019-06-13 00:57:13,816 INFO  server.RaftServerConfigKeys (ConfUtils.java:logGet(43)) - raft.server.log.segment.size.max = 16384 (custom)
2019-06-13 00:57:13,816 INFO  server.RaftServerConfigKeys (ConfUtils.java:logGet(43)) - raft.server.log.segment.cache.num.max = 2 (custom)
2019-06-13 00:57:13,816 INFO  storage.RaftLogWorker (RaftLogWorker.java:<init>(123)) - new f0cddabc-ae27-4e27-be84-189564718ab1-RaftLogWorker for Storage Directory /opt/src/hadoop-ozone/integration-test/target/test-dir/MiniOzoneClusterImpl-1a3a19ff-9f44-4757-9416-887d24d100c6/datanode-3/data/ratis/a6384cc3-8c46-47c6-a697-8294cac2bebb
2019-06-13 00:57:13,816 INFO  server.RaftServerConfigKeys (ConfUtils.java:logGet(43)) - raft.server.log.queue.byte-limit = 2147483647 (custom)
2019-06-13 00:57:13,817 INFO  server.RaftServerConfigKeys (ConfUtils.java:logGet(43)) - raft.server.log.queue.element-limit = 1024 (custom)
2019-06-13 00:57:13,817 INFO  server.RaftServerConfigKeys (ConfUtils.java:logGet(43)) - raft.server.log.segment.size.max = 16384 (custom)
2019-06-13 00:57:13,817 INFO  server.RaftServerConfigKeys (ConfUtils.java:logGet(43)) - raft.server.log.preallocated.size = 16384 (custom)
2019-06-13 00:57:13,817 INFO  server.RaftServerConfigKeys (ConfUtils.java:logGet(43)) - raft.server.log.write.buffer.size = 33554432 (custom)
2019-06-13 00:57:13,817 INFO  server.RaftServerConfigKeys (ConfUtils.java:logGet(43)) - raft.server.log.force.sync.num = 128 (default)
2019-06-13 00:57:13,817 INFO  server.RaftServerConfigKeys (ConfUtils.java:logGet(43)) - raft.server.log.statemachine.data.sync = true (default)
2019-06-13 00:57:13,817 INFO  server.RaftServerConfigKeys (ConfUtils.java:logGet(43)) - raft.server.log.statemachine.data.sync.timeout = 10s (default)
2019-06-13 00:57:13,817 INFO  server.RaftServerConfigKeys (ConfUtils.java:logGet(43)) - raft.server.log.statemachine.data.sync.timeout.retry = -1 (default)
2019-06-13 00:57:13,817 INFO  server.RaftServerConfigKeys (ConfUtils.java:logGet(43)) - raft.server.log.statemachine.data.caching.enabled = true (custom)
2019-06-13 00:57:13,818 INFO  server.RaftServerConfigKeys (ConfUtils.java:logGet(43)) - raft.server.snapshot.auto.trigger.enabled = true (custom)
2019-06-13 00:57:13,818 INFO  server.RaftServerConfigKeys (ConfUtils.java:logGet(43)) - raft.server.snapshot.auto.trigger.threshold = 10000 (custom)
2019-06-13 00:57:13,818 INFO  server.RaftServerConfigKeys (ConfUtils.java:logGet(43)) - raft.server.retrycache.expirytime = 600000ms (custom)
2019-06-13 00:57:13,818 INFO  impl.RaftServerImpl (RaftServerImpl.java:start(173)) - f0cddabc-ae27-4e27-be84-189564718ab1: start group-8294CAC2BEBB
2019-06-13 00:57:13,818 INFO  impl.RaftServerImpl (RaftServerImpl.java:setRole(164)) - f0cddabc-ae27-4e27-be84-189564718ab1:group-8294CAC2BEBB changes role from null to FOLLOWER at term 0 for startAsFollower
2019-06-13 00:57:13,818 INFO  impl.RoleInfo (RoleInfo.java:updateAndGet(143)) - f0cddabc-ae27-4e27-be84-189564718ab1: start FollowerState
2019-06-13 00:57:13,819 INFO  util.JmxRegister (JmxRegister.java:tryRegister(44)) - Successfully registered JMX Bean with object name Ratis:service=RaftServer,group=group-8294CAC2BEBB,id=f0cddabc-ae27-4e27-be84-189564718ab1
2019-06-13 00:57:13,825 INFO  pipeline.PipelineStateManager (PipelineStateManager.java:addPipeline(56)) - Created pipeline Pipeline[ Id: a6384cc3-8c46-47c6-a697-8294cac2bebb, Nodes: f0cddabc-ae27-4e27-be84-189564718ab1{ip: 192.168.19.49, host: ozone-jwdrj-3193829804, networkLocation: /default-rack, certSerialId: null}, Type:RATIS, Factor:ONE, State:OPEN]
2019-06-13 00:57:13,838 INFO  impl.RaftServerProxy (RaftServerProxy.java:addNew(89)) - 5695095b-d5f3-4bca-bbee-857da2572b2c: addNew group-ED9F9961AAF0:[5695095b-d5f3-4bca-bbee-857da2572b2c:192.168.19.49:34811] returns group-ED9F9961AAF0:java.util.concurrent.CompletableFuture@19bbb734[Not completed]
2019-06-13 00:57:13,844 INFO  impl.RaftServerImpl (RaftServerImpl.java:<init>(91)) - 5695095b-d5f3-4bca-bbee-857da2572b2c: new RaftServerImpl for group-ED9F9961AAF0:[5695095b-d5f3-4bca-bbee-857da2572b2c:192.168.19.49:34811] with ContainerStateMachine:uninitialized
2019-06-13 00:57:13,844 INFO  server.RaftServerConfigKeys (ConfUtils.java:logGet(43)) - raft.server.rpc.timeout.min = 1s (custom)
2019-06-13 00:57:13,844 INFO  server.RaftServerConfigKeys (ConfUtils.java:logGet(43)) - raft.server.rpc.timeout.max = 1200ms (custom)
2019-06-13 00:57:13,845 INFO  server.RaftServerConfigKeys (ConfUtils.java:logGet(43)) - raft.server.rpcslowness.timeout = 10s (custom)
2019-06-13 00:57:13,845 INFO  server.RaftServerConfigKeys (ConfUtils.java:logGet(43)) - raft.server.log.appender.install.snapshot.enabled = true (default)
2019-06-13 00:57:13,845 INFO  impl.RaftServerImpl (ServerState.java:<init>(101)) - 5695095b-d5f3-4bca-bbee-857da2572b2c:group-ED9F9961AAF0 ConfigurationManager, init=-1: [5695095b-d5f3-4bca-bbee-857da2572b2c:192.168.19.49:34811], old=null, confs=<EMPTY_MAP>
2019-06-13 00:57:13,845 INFO  server.RaftServerConfigKeys (ConfUtils.java:logGet(43)) - raft.server.storage.dir = [/opt/src/hadoop-ozone/integration-test/target/test-dir/MiniOzoneClusterImpl-1a3a19ff-9f44-4757-9416-887d24d100c6/datanode-2/data/ratis] (custom)
2019-06-13 00:57:13,845 INFO  storage.RaftStorageDirectory (RaftStorageDirectory.java:analyzeStorage(246)) - The storage directory /opt/src/hadoop-ozone/integration-test/target/test-dir/MiniOzoneClusterImpl-1a3a19ff-9f44-4757-9416-887d24d100c6/datanode-2/data/ratis/74760214-c04d-41ca-bf10-ed9f9961aaf0 does not exist. Creating ...
2019-06-13 00:57:13,847 INFO  storage.RaftStorageDirectory (RaftStorageDirectory.java:tryLock(328)) - Lock on /opt/src/hadoop-ozone/integration-test/target/test-dir/MiniOzoneClusterImpl-1a3a19ff-9f44-4757-9416-887d24d100c6/datanode-2/data/ratis/74760214-c04d-41ca-bf10-ed9f9961aaf0/in_use.lock acquired by nodename 9947@ozone-jwdrj-3193829804
2019-06-13 00:57:13,849 INFO  storage.RaftStorage (RaftStorage.java:format(75)) - Storage directory /opt/src/hadoop-ozone/integration-test/target/test-dir/MiniOzoneClusterImpl-1a3a19ff-9f44-4757-9416-887d24d100c6/datanode-2/data/ratis/74760214-c04d-41ca-bf10-ed9f9961aaf0 has been successfully formatted.
2019-06-13 00:57:13,849 INFO  ratis.ContainerStateMachine (ContainerStateMachine.java:loadSnapshot(199)) - The snapshot info is null.Setting the last applied index to:(t:0, i:~)
2019-06-13 00:57:13,849 INFO  server.RaftServerConfigKeys (ConfUtils.java:logGet(43)) - raft.server.leader.election.timeout = 10s (custom)
2019-06-13 00:57:13,850 INFO  server.RaftServerConfigKeys (ConfUtils.java:logGet(43)) - raft.server.log.use.memory = false (default)
2019-06-13 00:57:13,850 INFO  server.RaftServerConfigKeys (ConfUtils.java:logGet(43)) - raft.server.log.appender.buffer.byte-limit = 33554432 (custom)
2019-06-13 00:57:13,850 INFO  server.RaftServerConfigKeys (ConfUtils.java:logGet(43)) - raft.server.log.segment.size.max = 16384 (custom)
2019-06-13 00:57:13,850 INFO  server.RaftServerConfigKeys (ConfUtils.java:logGet(43)) - raft.server.log.segment.cache.num.max = 2 (custom)
2019-06-13 00:57:13,850 INFO  storage.RaftLogWorker (RaftLogWorker.java:<init>(123)) - new 5695095b-d5f3-4bca-bbee-857da2572b2c-RaftLogWorker for Storage Directory /opt/src/hadoop-ozone/integration-test/target/test-dir/MiniOzoneClusterImpl-1a3a19ff-9f44-4757-9416-887d24d100c6/datanode-2/data/ratis/74760214-c04d-41ca-bf10-ed9f9961aaf0
2019-06-13 00:57:13,850 INFO  server.RaftServerConfigKeys (ConfUtils.java:logGet(43)) - raft.server.log.queue.byte-limit = 2147483647 (custom)
2019-06-13 00:57:13,850 INFO  server.RaftServerConfigKeys (ConfUtils.java:logGet(43)) - raft.server.log.queue.element-limit = 1024 (custom)
2019-06-13 00:57:13,850 INFO  server.RaftServerConfigKeys (ConfUtils.java:logGet(43)) - raft.server.log.segment.size.max = 16384 (custom)
2019-06-13 00:57:13,850 INFO  server.RaftServerConfigKeys (ConfUtils.java:logGet(43)) - raft.server.log.preallocated.size = 16384 (custom)
2019-06-13 00:57:13,850 INFO  server.RaftServerConfigKeys (ConfUtils.java:logGet(43)) - raft.server.log.write.buffer.size = 33554432 (custom)
2019-06-13 00:57:13,850 INFO  server.RaftServerConfigKeys (ConfUtils.java:logGet(43)) - raft.server.log.force.sync.num = 128 (default)
2019-06-13 00:57:13,850 INFO  server.RaftServerConfigKeys (ConfUtils.java:logGet(43)) - raft.server.log.statemachine.data.sync = true (default)
2019-06-13 00:57:13,850 INFO  server.RaftServerConfigKeys (ConfUtils.java:logGet(43)) - raft.server.log.statemachine.data.sync.timeout = 10s (default)
2019-06-13 00:57:13,850 INFO  server.RaftServerConfigKeys (ConfUtils.java:logGet(43)) - raft.server.log.statemachine.data.sync.timeout.retry = -1 (default)
2019-06-13 00:57:13,851 INFO  server.RaftServerConfigKeys (ConfUtils.java:logGet(43)) - raft.server.log.statemachine.data.caching.enabled = true (custom)
2019-06-13 00:57:13,851 INFO  server.RaftServerConfigKeys (ConfUtils.java:logGet(43)) - raft.server.snapshot.auto.trigger.enabled = true (custom)
2019-06-13 00:57:13,851 INFO  server.RaftServerConfigKeys (ConfUtils.java:logGet(43)) - raft.server.snapshot.auto.trigger.threshold = 10000 (custom)
2019-06-13 00:57:13,851 INFO  server.RaftServerConfigKeys (ConfUtils.java:logGet(43)) - raft.server.retrycache.expirytime = 600000ms (custom)
2019-06-13 00:57:13,851 INFO  impl.RaftServerImpl (RaftServerImpl.java:start(173)) - 5695095b-d5f3-4bca-bbee-857da2572b2c: start group-ED9F9961AAF0
2019-06-13 00:57:13,851 INFO  impl.RaftServerImpl (RaftServerImpl.java:setRole(164)) - 5695095b-d5f3-4bca-bbee-857da2572b2c:group-ED9F9961AAF0 changes role from null to FOLLOWER at term 0 for startAsFollower
2019-06-13 00:57:13,851 INFO  impl.RoleInfo (RoleInfo.java:updateAndGet(143)) - 5695095b-d5f3-4bca-bbee-857da2572b2c: start FollowerState
2019-06-13 00:57:13,852 INFO  util.JmxRegister (JmxRegister.java:tryRegister(44)) - Successfully registered JMX Bean with object name Ratis:service=RaftServer,group=group-ED9F9961AAF0,id=5695095b-d5f3-4bca-bbee-857da2572b2c
2019-06-13 00:57:13,859 INFO  pipeline.PipelineStateManager (PipelineStateManager.java:addPipeline(56)) - Created pipeline Pipeline[ Id: 74760214-c04d-41ca-bf10-ed9f9961aaf0, Nodes: 5695095b-d5f3-4bca-bbee-857da2572b2c{ip: 192.168.19.49, host: ozone-jwdrj-3193829804, networkLocation: /default-rack, certSerialId: null}, Type:RATIS, Factor:ONE, State:OPEN]
2019-06-13 00:57:13,898 INFO  impl.RaftServerProxy (RaftServerProxy.java:addNew(89)) - 53782a24-a1e2-433d-af7f-908d2ceac53b: addNew group-BE9E1FF2565B:[4392569d-cfa4-4a49-8240-d3d74a525666:192.168.19.49:43717, 53782a24-a1e2-433d-af7f-908d2ceac53b:192.168.19.49:39055, f0cddabc-ae27-4e27-be84-189564718ab1:192.168.19.49:46453] returns group-BE9E1FF2565B:java.util.concurrent.CompletableFuture@393cc36a[Not completed]
2019-06-13 00:57:13,899 INFO  impl.RaftServerProxy (RaftServerProxy.java:addNew(89)) - 4392569d-cfa4-4a49-8240-d3d74a525666: addNew group-BE9E1FF2565B:[4392569d-cfa4-4a49-8240-d3d74a525666:192.168.19.49:43717, 53782a24-a1e2-433d-af7f-908d2ceac53b:192.168.19.49:39055, f0cddabc-ae27-4e27-be84-189564718ab1:192.168.19.49:46453] returns group-BE9E1FF2565B:java.util.concurrent.CompletableFuture@168a1bbe[Not completed]
2019-06-13 00:57:13,900 INFO  impl.RaftServerImpl (RaftServerImpl.java:<init>(91)) - 53782a24-a1e2-433d-af7f-908d2ceac53b: new RaftServerImpl for group-BE9E1FF2565B:[4392569d-cfa4-4a49-8240-d3d74a525666:192.168.19.49:43717, 53782a24-a1e2-433d-af7f-908d2ceac53b:192.168.19.49:39055, f0cddabc-ae27-4e27-be84-189564718ab1:192.168.19.49:46453] with ContainerStateMachine:uninitialized
2019-06-13 00:57:13,901 INFO  server.RaftServerConfigKeys (ConfUtils.java:logGet(43)) - raft.server.rpc.timeout.min = 1s (custom)
2019-06-13 00:57:13,901 INFO  server.RaftServerConfigKeys (ConfUtils.java:logGet(43)) - raft.server.rpc.timeout.max = 1200ms (custom)
2019-06-13 00:57:13,901 INFO  server.RaftServerConfigKeys (ConfUtils.java:logGet(43)) - raft.server.rpcslowness.timeout = 10s (custom)
2019-06-13 00:57:13,901 INFO  impl.RaftServerImpl (RaftServerImpl.java:<init>(91)) - 4392569d-cfa4-4a49-8240-d3d74a525666: new RaftServerImpl for group-BE9E1FF2565B:[4392569d-cfa4-4a49-8240-d3d74a525666:192.168.19.49:43717, 53782a24-a1e2-433d-af7f-908d2ceac53b:192.168.19.49:39055, f0cddabc-ae27-4e27-be84-189564718ab1:192.168.19.49:46453] with ContainerStateMachine:uninitialized
2019-06-13 00:57:13,901 INFO  server.RaftServerConfigKeys (ConfUtils.java:logGet(43)) - raft.server.log.appender.install.snapshot.enabled = true (default)
2019-06-13 00:57:13,901 INFO  server.RaftServerConfigKeys (ConfUtils.java:logGet(43)) - raft.server.rpc.timeout.min = 1s (custom)
2019-06-13 00:57:13,901 INFO  impl.RaftServerImpl (ServerState.java:<init>(101)) - 53782a24-a1e2-433d-af7f-908d2ceac53b:group-BE9E1FF2565B ConfigurationManager, init=-1: [4392569d-cfa4-4a49-8240-d3d74a525666:192.168.19.49:43717, 53782a24-a1e2-433d-af7f-908d2ceac53b:192.168.19.49:39055, f0cddabc-ae27-4e27-be84-189564718ab1:192.168.19.49:46453], old=null, confs=<EMPTY_MAP>
2019-06-13 00:57:13,901 INFO  server.RaftServerConfigKeys (ConfUtils.java:logGet(43)) - raft.server.rpc.timeout.max = 1200ms (custom)
2019-06-13 00:57:13,902 INFO  server.RaftServerConfigKeys (ConfUtils.java:logGet(43)) - raft.server.storage.dir = [/opt/src/hadoop-ozone/integration-test/target/test-dir/MiniOzoneClusterImpl-1a3a19ff-9f44-4757-9416-887d24d100c6/datanode-0/data/ratis] (custom)
2019-06-13 00:57:13,902 INFO  server.RaftServerConfigKeys (ConfUtils.java:logGet(43)) - raft.server.rpcslowness.timeout = 10s (custom)
2019-06-13 00:57:13,902 INFO  server.RaftServerConfigKeys (ConfUtils.java:logGet(43)) - raft.server.log.appender.install.snapshot.enabled = true (default)
2019-06-13 00:57:13,902 INFO  storage.RaftStorageDirectory (RaftStorageDirectory.java:analyzeStorage(246)) - The storage directory /opt/src/hadoop-ozone/integration-test/target/test-dir/MiniOzoneClusterImpl-1a3a19ff-9f44-4757-9416-887d24d100c6/datanode-0/data/ratis/51a79e87-20bf-4570-8e00-be9e1ff2565b does not exist. Creating ...
2019-06-13 00:57:13,902 INFO  impl.RaftServerImpl (ServerState.java:<init>(101)) - 4392569d-cfa4-4a49-8240-d3d74a525666:group-BE9E1FF2565B ConfigurationManager, init=-1: [4392569d-cfa4-4a49-8240-d3d74a525666:192.168.19.49:43717, 53782a24-a1e2-433d-af7f-908d2ceac53b:192.168.19.49:39055, f0cddabc-ae27-4e27-be84-189564718ab1:192.168.19.49:46453], old=null, confs=<EMPTY_MAP>
2019-06-13 00:57:13,902 INFO  server.RaftServerConfigKeys (ConfUtils.java:logGet(43)) - raft.server.storage.dir = [/opt/src/hadoop-ozone/integration-test/target/test-dir/MiniOzoneClusterImpl-1a3a19ff-9f44-4757-9416-887d24d100c6/datanode-1/data/ratis] (custom)
2019-06-13 00:57:13,902 INFO  storage.RaftStorageDirectory (RaftStorageDirectory.java:analyzeStorage(246)) - The storage directory /opt/src/hadoop-ozone/integration-test/target/test-dir/MiniOzoneClusterImpl-1a3a19ff-9f44-4757-9416-887d24d100c6/datanode-1/data/ratis/51a79e87-20bf-4570-8e00-be9e1ff2565b does not exist. Creating ...
2019-06-13 00:57:13,903 INFO  impl.RaftServerProxy (RaftServerProxy.java:addNew(89)) - f0cddabc-ae27-4e27-be84-189564718ab1: addNew group-BE9E1FF2565B:[4392569d-cfa4-4a49-8240-d3d74a525666:192.168.19.49:43717, 53782a24-a1e2-433d-af7f-908d2ceac53b:192.168.19.49:39055, f0cddabc-ae27-4e27-be84-189564718ab1:192.168.19.49:46453] returns group-BE9E1FF2565B:java.util.concurrent.CompletableFuture@12b59db7[Not completed]
2019-06-13 00:57:13,904 INFO  impl.RaftServerImpl (RaftServerImpl.java:<init>(91)) - f0cddabc-ae27-4e27-be84-189564718ab1: new RaftServerImpl for group-BE9E1FF2565B:[4392569d-cfa4-4a49-8240-d3d74a525666:192.168.19.49:43717, 53782a24-a1e2-433d-af7f-908d2ceac53b:192.168.19.49:39055, f0cddabc-ae27-4e27-be84-189564718ab1:192.168.19.49:46453] with ContainerStateMachine:uninitialized
2019-06-13 00:57:13,904 INFO  server.RaftServerConfigKeys (ConfUtils.java:logGet(43)) - raft.server.rpc.timeout.min = 1s (custom)
2019-06-13 00:57:13,904 INFO  server.RaftServerConfigKeys (ConfUtils.java:logGet(43)) - raft.server.rpc.timeout.max = 1200ms (custom)
2019-06-13 00:57:13,904 INFO  server.RaftServerConfigKeys (ConfUtils.java:logGet(43)) - raft.server.rpcslowness.timeout = 10s (custom)
2019-06-13 00:57:13,904 INFO  server.RaftServerConfigKeys (ConfUtils.java:logGet(43)) - raft.server.log.appender.install.snapshot.enabled = true (default)
2019-06-13 00:57:13,904 INFO  impl.RaftServerImpl (ServerState.java:<init>(101)) - f0cddabc-ae27-4e27-be84-189564718ab1:group-BE9E1FF2565B ConfigurationManager, init=-1: [4392569d-cfa4-4a49-8240-d3d74a525666:192.168.19.49:43717, 53782a24-a1e2-433d-af7f-908d2ceac53b:192.168.19.49:39055, f0cddabc-ae27-4e27-be84-189564718ab1:192.168.19.49:46453], old=null, confs=<EMPTY_MAP>
2019-06-13 00:57:13,904 INFO  storage.RaftStorageDirectory (RaftStorageDirectory.java:tryLock(328)) - Lock on /opt/src/hadoop-ozone/integration-test/target/test-dir/MiniOzoneClusterImpl-1a3a19ff-9f44-4757-9416-887d24d100c6/datanode-0/data/ratis/51a79e87-20bf-4570-8e00-be9e1ff2565b/in_use.lock acquired by nodename 9947@ozone-jwdrj-3193829804
2019-06-13 00:57:13,904 INFO  server.RaftServerConfigKeys (ConfUtils.java:logGet(43)) - raft.server.storage.dir = [/opt/src/hadoop-ozone/integration-test/target/test-dir/MiniOzoneClusterImpl-1a3a19ff-9f44-4757-9416-887d24d100c6/datanode-3/data/ratis] (custom)
2019-06-13 00:57:13,905 INFO  storage.RaftStorageDirectory (RaftStorageDirectory.java:analyzeStorage(246)) - The storage directory /opt/src/hadoop-ozone/integration-test/target/test-dir/MiniOzoneClusterImpl-1a3a19ff-9f44-4757-9416-887d24d100c6/datanode-3/data/ratis/51a79e87-20bf-4570-8e00-be9e1ff2565b does not exist. Creating ...
2019-06-13 00:57:13,905 INFO  storage.RaftStorageDirectory (RaftStorageDirectory.java:tryLock(328)) - Lock on /opt/src/hadoop-ozone/integration-test/target/test-dir/MiniOzoneClusterImpl-1a3a19ff-9f44-4757-9416-887d24d100c6/datanode-1/data/ratis/51a79e87-20bf-4570-8e00-be9e1ff2565b/in_use.lock acquired by nodename 9947@ozone-jwdrj-3193829804
2019-06-13 00:57:13,907 INFO  storage.RaftStorageDirectory (RaftStorageDirectory.java:tryLock(328)) - Lock on /opt/src/hadoop-ozone/integration-test/target/test-dir/MiniOzoneClusterImpl-1a3a19ff-9f44-4757-9416-887d24d100c6/datanode-3/data/ratis/51a79e87-20bf-4570-8e00-be9e1ff2565b/in_use.lock acquired by nodename 9947@ozone-jwdrj-3193829804
2019-06-13 00:57:13,907 INFO  storage.RaftStorage (RaftStorage.java:format(75)) - Storage directory /opt/src/hadoop-ozone/integration-test/target/test-dir/MiniOzoneClusterImpl-1a3a19ff-9f44-4757-9416-887d24d100c6/datanode-0/data/ratis/51a79e87-20bf-4570-8e00-be9e1ff2565b has been successfully formatted.
2019-06-13 00:57:13,907 INFO  ratis.ContainerStateMachine (ContainerStateMachine.java:loadSnapshot(199)) - The snapshot info is null.Setting the last applied index to:(t:0, i:~)
2019-06-13 00:57:13,907 INFO  server.RaftServerConfigKeys (ConfUtils.java:logGet(43)) - raft.server.leader.election.timeout = 10s (custom)
2019-06-13 00:57:13,907 INFO  server.RaftServerConfigKeys (ConfUtils.java:logGet(43)) - raft.server.log.use.memory = false (default)
2019-06-13 00:57:13,907 INFO  server.RaftServerConfigKeys (ConfUtils.java:logGet(43)) - raft.server.log.appender.buffer.byte-limit = 33554432 (custom)
2019-06-13 00:57:13,908 INFO  server.RaftServerConfigKeys (ConfUtils.java:logGet(43)) - raft.server.log.segment.size.max = 16384 (custom)
2019-06-13 00:57:13,908 INFO  server.RaftServerConfigKeys (ConfUtils.java:logGet(43)) - raft.server.log.segment.cache.num.max = 2 (custom)
2019-06-13 00:57:13,908 INFO  storage.RaftLogWorker (RaftLogWorker.java:<init>(123)) - new 53782a24-a1e2-433d-af7f-908d2ceac53b-RaftLogWorker for Storage Directory /opt/src/hadoop-ozone/integration-test/target/test-dir/MiniOzoneClusterImpl-1a3a19ff-9f44-4757-9416-887d24d100c6/datanode-0/data/ratis/51a79e87-20bf-4570-8e00-be9e1ff2565b
2019-06-13 00:57:13,908 INFO  server.RaftServerConfigKeys (ConfUtils.java:logGet(43)) - raft.server.log.queue.byte-limit = 2147483647 (custom)
2019-06-13 00:57:13,908 INFO  server.RaftServerConfigKeys (ConfUtils.java:logGet(43)) - raft.server.log.queue.element-limit = 1024 (custom)
2019-06-13 00:57:13,908 INFO  server.RaftServerConfigKeys (ConfUtils.java:logGet(43)) - raft.server.log.segment.size.max = 16384 (custom)
2019-06-13 00:57:13,908 INFO  server.RaftServerConfigKeys (ConfUtils.java:logGet(43)) - raft.server.log.preallocated.size = 16384 (custom)
2019-06-13 00:57:13,908 INFO  server.RaftServerConfigKeys (ConfUtils.java:logGet(43)) - raft.server.log.write.buffer.size = 33554432 (custom)
2019-06-13 00:57:13,908 INFO  server.RaftServerConfigKeys (ConfUtils.java:logGet(43)) - raft.server.log.force.sync.num = 128 (default)
2019-06-13 00:57:13,908 INFO  server.RaftServerConfigKeys (ConfUtils.java:logGet(43)) - raft.server.log.statemachine.data.sync = true (default)
2019-06-13 00:57:13,909 INFO  server.RaftServerConfigKeys (ConfUtils.java:logGet(43)) - raft.server.log.statemachine.data.sync.timeout = 10s (default)
2019-06-13 00:57:13,909 INFO  server.RaftServerConfigKeys (ConfUtils.java:logGet(43)) - raft.server.log.statemachine.data.sync.timeout.retry = -1 (default)
2019-06-13 00:57:13,909 INFO  server.RaftServerConfigKeys (ConfUtils.java:logGet(43)) - raft.server.log.statemachine.data.caching.enabled = true (custom)
2019-06-13 00:57:13,909 INFO  storage.RaftStorage (RaftStorage.java:format(75)) - Storage directory /opt/src/hadoop-ozone/integration-test/target/test-dir/MiniOzoneClusterImpl-1a3a19ff-9f44-4757-9416-887d24d100c6/datanode-3/data/ratis/51a79e87-20bf-4570-8e00-be9e1ff2565b has been successfully formatted.
2019-06-13 00:57:13,909 INFO  ratis.ContainerStateMachine (ContainerStateMachine.java:loadSnapshot(199)) - The snapshot info is null.Setting the last applied index to:(t:0, i:~)
2019-06-13 00:57:13,909 INFO  storage.RaftStorage (RaftStorage.java:format(75)) - Storage directory /opt/src/hadoop-ozone/integration-test/target/test-dir/MiniOzoneClusterImpl-1a3a19ff-9f44-4757-9416-887d24d100c6/datanode-1/data/ratis/51a79e87-20bf-4570-8e00-be9e1ff2565b has been successfully formatted.
2019-06-13 00:57:13,909 INFO  server.RaftServerConfigKeys (ConfUtils.java:logGet(43)) - raft.server.leader.election.timeout = 10s (custom)
2019-06-13 00:57:13,910 INFO  server.RaftServerConfigKeys (ConfUtils.java:logGet(43)) - raft.server.log.use.memory = false (default)
2019-06-13 00:57:13,910 INFO  ratis.ContainerStateMachine (ContainerStateMachine.java:loadSnapshot(199)) - The snapshot info is null.Setting the last applied index to:(t:0, i:~)
2019-06-13 00:57:13,910 INFO  server.RaftServerConfigKeys (ConfUtils.java:logGet(43)) - raft.server.log.appender.buffer.byte-limit = 33554432 (custom)
2019-06-13 00:57:13,910 INFO  server.RaftServerConfigKeys (ConfUtils.java:logGet(43)) - raft.server.log.segment.size.max = 16384 (custom)
2019-06-13 00:57:13,910 INFO  server.RaftServerConfigKeys (ConfUtils.java:logGet(43)) - raft.server.log.segment.cache.num.max = 2 (custom)
2019-06-13 00:57:13,910 INFO  storage.RaftLogWorker (RaftLogWorker.java:<init>(123)) - new f0cddabc-ae27-4e27-be84-189564718ab1-RaftLogWorker for Storage Directory /opt/src/hadoop-ozone/integration-test/target/test-dir/MiniOzoneClusterImpl-1a3a19ff-9f44-4757-9416-887d24d100c6/datanode-3/data/ratis/51a79e87-20bf-4570-8e00-be9e1ff2565b
2019-06-13 00:57:13,910 INFO  server.RaftServerConfigKeys (ConfUtils.java:logGet(43)) - raft.server.log.queue.byte-limit = 2147483647 (custom)
2019-06-13 00:57:13,910 INFO  server.RaftServerConfigKeys (ConfUtils.java:logGet(43)) - raft.server.log.queue.element-limit = 1024 (custom)
2019-06-13 00:57:13,911 INFO  server.RaftServerConfigKeys (ConfUtils.java:logGet(43)) - raft.server.log.segment.size.max = 16384 (custom)
2019-06-13 00:57:13,911 INFO  server.RaftServerConfigKeys (ConfUtils.java:logGet(43)) - raft.server.log.preallocated.size = 16384 (custom)
2019-06-13 00:57:13,911 INFO  server.RaftServerConfigKeys (ConfUtils.java:logGet(43)) - raft.server.log.write.buffer.size = 33554432 (custom)
2019-06-13 00:57:13,911 INFO  server.RaftServerConfigKeys (ConfUtils.java:logGet(43)) - raft.server.log.force.sync.num = 128 (default)
2019-06-13 00:57:13,911 INFO  server.RaftServerConfigKeys (ConfUtils.java:logGet(43)) - raft.server.log.statemachine.data.sync = true (default)
2019-06-13 00:57:13,911 INFO  server.RaftServerConfigKeys (ConfUtils.java:logGet(43)) - raft.server.log.statemachine.data.sync.timeout = 10s (default)
2019-06-13 00:57:13,911 INFO  server.RaftServerConfigKeys (ConfUtils.java:logGet(43)) - raft.server.log.statemachine.data.sync.timeout.retry = -1 (default)
2019-06-13 00:57:13,911 INFO  server.RaftServerConfigKeys (ConfUtils.java:logGet(43)) - raft.server.log.statemachine.data.caching.enabled = true (custom)
2019-06-13 00:57:13,910 INFO  server.RaftServerConfigKeys (ConfUtils.java:logGet(43)) - raft.server.snapshot.auto.trigger.enabled = true (custom)
2019-06-13 00:57:13,910 INFO  server.RaftServerConfigKeys (ConfUtils.java:logGet(43)) - raft.server.leader.election.timeout = 10s (custom)
2019-06-13 00:57:13,912 INFO  server.RaftServerConfigKeys (ConfUtils.java:logGet(43)) - raft.server.snapshot.auto.trigger.threshold = 10000 (custom)
2019-06-13 00:57:13,912 INFO  server.RaftServerConfigKeys (ConfUtils.java:logGet(43)) - raft.server.snapshot.auto.trigger.enabled = true (custom)
2019-06-13 00:57:13,912 INFO  server.RaftServerConfigKeys (ConfUtils.java:logGet(43)) - raft.server.snapshot.auto.trigger.threshold = 10000 (custom)
2019-06-13 00:57:13,912 INFO  server.RaftServerConfigKeys (ConfUtils.java:logGet(43)) - raft.server.retrycache.expirytime = 600000ms (custom)
2019-06-13 00:57:13,912 INFO  impl.RaftServerImpl (RaftServerImpl.java:start(173)) - f0cddabc-ae27-4e27-be84-189564718ab1: start group-BE9E1FF2565B
2019-06-13 00:57:13,912 INFO  impl.RaftServerImpl (RaftServerImpl.java:setRole(164)) - f0cddabc-ae27-4e27-be84-189564718ab1:group-BE9E1FF2565B changes role from null to FOLLOWER at term 0 for startAsFollower
2019-06-13 00:57:13,912 INFO  impl.RoleInfo (RoleInfo.java:updateAndGet(143)) - f0cddabc-ae27-4e27-be84-189564718ab1: start FollowerState
2019-06-13 00:57:13,912 INFO  server.RaftServerConfigKeys (ConfUtils.java:logGet(43)) - raft.server.log.use.memory = false (default)
2019-06-13 00:57:13,912 INFO  server.RaftServerConfigKeys (ConfUtils.java:logGet(43)) - raft.server.retrycache.expirytime = 600000ms (custom)
2019-06-13 00:57:13,913 INFO  util.JmxRegister (JmxRegister.java:tryRegister(44)) - Successfully registered JMX Bean with object name Ratis:service=RaftServer,group=group-BE9E1FF2565B,id=f0cddabc-ae27-4e27-be84-189564718ab1
2019-06-13 00:57:13,913 INFO  server.RaftServerConfigKeys (ConfUtils.java:logGet(43)) - raft.server.log.appender.buffer.byte-limit = 33554432 (custom)
2019-06-13 00:57:13,913 INFO  impl.RaftServerImpl (RaftServerImpl.java:start(173)) - 53782a24-a1e2-433d-af7f-908d2ceac53b: start group-BE9E1FF2565B
2019-06-13 00:57:13,913 INFO  server.RaftServerConfigKeys (ConfUtils.java:logGet(43)) - raft.server.log.segment.size.max = 16384 (custom)
2019-06-13 00:57:13,913 INFO  impl.RaftServerImpl (RaftServerImpl.java:setRole(164)) - 53782a24-a1e2-433d-af7f-908d2ceac53b:group-BE9E1FF2565B changes role from null to FOLLOWER at term 0 for startAsFollower
2019-06-13 00:57:13,913 INFO  server.RaftServerConfigKeys (ConfUtils.java:logGet(43)) - raft.server.log.segment.cache.num.max = 2 (custom)
2019-06-13 00:57:13,913 INFO  storage.RaftLogWorker (RaftLogWorker.java:<init>(123)) - new 4392569d-cfa4-4a49-8240-d3d74a525666-RaftLogWorker for Storage Directory /opt/src/hadoop-ozone/integration-test/target/test-dir/MiniOzoneClusterImpl-1a3a19ff-9f44-4757-9416-887d24d100c6/datanode-1/data/ratis/51a79e87-20bf-4570-8e00-be9e1ff2565b
2019-06-13 00:57:13,913 INFO  server.RaftServerConfigKeys (ConfUtils.java:logGet(43)) - raft.server.log.queue.byte-limit = 2147483647 (custom)
2019-06-13 00:57:13,913 INFO  server.RaftServerConfigKeys (ConfUtils.java:logGet(43)) - raft.server.log.queue.element-limit = 1024 (custom)
2019-06-13 00:57:13,914 INFO  server.RaftServerConfigKeys (ConfUtils.java:logGet(43)) - raft.server.log.segment.size.max = 16384 (custom)
2019-06-13 00:57:13,914 INFO  server.RaftServerConfigKeys (ConfUtils.java:logGet(43)) - raft.server.log.preallocated.size = 16384 (custom)
2019-06-13 00:57:13,914 INFO  server.RaftServerConfigKeys (ConfUtils.java:logGet(43)) - raft.server.log.write.buffer.size = 33554432 (custom)
2019-06-13 00:57:13,914 INFO  server.RaftServerConfigKeys (ConfUtils.java:logGet(43)) - raft.server.log.force.sync.num = 128 (default)
2019-06-13 00:57:13,914 INFO  server.RaftServerConfigKeys (ConfUtils.java:logGet(43)) - raft.server.log.statemachine.data.sync = true (default)
2019-06-13 00:57:13,914 INFO  server.RaftServerConfigKeys (ConfUtils.java:logGet(43)) - raft.server.log.statemachine.data.sync.timeout = 10s (default)
2019-06-13 00:57:13,914 INFO  server.RaftServerConfigKeys (ConfUtils.java:logGet(43)) - raft.server.log.statemachine.data.sync.timeout.retry = -1 (default)
2019-06-13 00:57:13,917 INFO  impl.RoleInfo (RoleInfo.java:updateAndGet(143)) - 53782a24-a1e2-433d-af7f-908d2ceac53b: start FollowerState
2019-06-13 00:57:13,917 INFO  server.RaftServerConfigKeys (ConfUtils.java:logGet(43)) - raft.server.log.statemachine.data.caching.enabled = true (custom)
2019-06-13 00:57:13,918 INFO  util.JmxRegister (JmxRegister.java:tryRegister(44)) - Successfully registered JMX Bean with object name Ratis:service=RaftServer,group=group-BE9E1FF2565B,id=53782a24-a1e2-433d-af7f-908d2ceac53b
2019-06-13 00:57:13,918 INFO  server.RaftServerConfigKeys (ConfUtils.java:logGet(43)) - raft.server.snapshot.auto.trigger.enabled = true (custom)
2019-06-13 00:57:13,918 INFO  server.RaftServerConfigKeys (ConfUtils.java:logGet(43)) - raft.server.snapshot.auto.trigger.threshold = 10000 (custom)
2019-06-13 00:57:13,919 INFO  server.RaftServerConfigKeys (ConfUtils.java:logGet(43)) - raft.server.retrycache.expirytime = 600000ms (custom)
2019-06-13 00:57:13,919 INFO  impl.RaftServerImpl (RaftServerImpl.java:start(173)) - 4392569d-cfa4-4a49-8240-d3d74a525666: start group-BE9E1FF2565B
2019-06-13 00:57:13,919 INFO  impl.RaftServerImpl (RaftServerImpl.java:setRole(164)) - 4392569d-cfa4-4a49-8240-d3d74a525666:group-BE9E1FF2565B changes role from null to FOLLOWER at term 0 for startAsFollower
2019-06-13 00:57:13,919 INFO  impl.RoleInfo (RoleInfo.java:updateAndGet(143)) - 4392569d-cfa4-4a49-8240-d3d74a525666: start FollowerState
2019-06-13 00:57:13,919 INFO  util.JmxRegister (JmxRegister.java:tryRegister(44)) - Successfully registered JMX Bean with object name Ratis:service=RaftServer,group=group-BE9E1FF2565B,id=4392569d-cfa4-4a49-8240-d3d74a525666
2019-06-13 00:57:13,933 INFO  pipeline.PipelineStateManager (PipelineStateManager.java:addPipeline(56)) - Created pipeline Pipeline[ Id: 51a79e87-20bf-4570-8e00-be9e1ff2565b, Nodes: 53782a24-a1e2-433d-af7f-908d2ceac53b{ip: 192.168.19.49, host: ozone-jwdrj-3193829804, networkLocation: /default-rack, certSerialId: null}f0cddabc-ae27-4e27-be84-189564718ab1{ip: 192.168.19.49, host: ozone-jwdrj-3193829804, networkLocation: /default-rack, certSerialId: null}4392569d-cfa4-4a49-8240-d3d74a525666{ip: 192.168.19.49, host: ozone-jwdrj-3193829804, networkLocation: /default-rack, certSerialId: null}, Type:RATIS, Factor:THREE, State:OPEN]
2019-06-13 00:57:13,978 INFO  node.SCMNodeManager (SCMNodeManager.java:register(234)) - Registered Data node : c2150b6a-3632-4de2-b214-9f85a899c915{ip: 192.168.19.49, host: ozone-jwdrj-3193829804, networkLocation: /default-rack, certSerialId: null}
2019-06-13 00:57:13,988 INFO  impl.RaftServerProxy (RaftServerProxy.java:addNew(89)) - c2150b6a-3632-4de2-b214-9f85a899c915: addNew group-698DB33D507A:[c2150b6a-3632-4de2-b214-9f85a899c915:192.168.19.49:39471] returns group-698DB33D507A:java.util.concurrent.CompletableFuture@66aa8638[Not completed]
2019-06-13 00:57:13,989 INFO  impl.RaftServerImpl (RaftServerImpl.java:<init>(91)) - c2150b6a-3632-4de2-b214-9f85a899c915: new RaftServerImpl for group-698DB33D507A:[c2150b6a-3632-4de2-b214-9f85a899c915:192.168.19.49:39471] with ContainerStateMachine:uninitialized
2019-06-13 00:57:13,989 INFO  server.RaftServerConfigKeys (ConfUtils.java:logGet(43)) - raft.server.rpc.timeout.min = 1s (custom)
2019-06-13 00:57:13,989 INFO  server.RaftServerConfigKeys (ConfUtils.java:logGet(43)) - raft.server.rpc.timeout.max = 1200ms (custom)
2019-06-13 00:57:13,989 INFO  server.RaftServerConfigKeys (ConfUtils.java:logGet(43)) - raft.server.rpcslowness.timeout = 10s (custom)
2019-06-13 00:57:13,989 INFO  server.RaftServerConfigKeys (ConfUtils.java:logGet(43)) - raft.server.log.appender.install.snapshot.enabled = true (default)
2019-06-13 00:57:13,990 INFO  impl.RaftServerImpl (ServerState.java:<init>(101)) - c2150b6a-3632-4de2-b214-9f85a899c915:group-698DB33D507A ConfigurationManager, init=-1: [c2150b6a-3632-4de2-b214-9f85a899c915:192.168.19.49:39471], old=null, confs=<EMPTY_MAP>
2019-06-13 00:57:13,990 INFO  server.RaftServerConfigKeys (ConfUtils.java:logGet(43)) - raft.server.storage.dir = [/opt/src/hadoop-ozone/integration-test/target/test-dir/MiniOzoneClusterImpl-1a3a19ff-9f44-4757-9416-887d24d100c6/datanode-4/data/ratis] (custom)
2019-06-13 00:57:13,990 INFO  storage.RaftStorageDirectory (RaftStorageDirectory.java:analyzeStorage(246)) - The storage directory /opt/src/hadoop-ozone/integration-test/target/test-dir/MiniOzoneClusterImpl-1a3a19ff-9f44-4757-9416-887d24d100c6/datanode-4/data/ratis/d4641cde-3834-4b7d-88cd-698db33d507a does not exist. Creating ...
2019-06-13 00:57:13,992 INFO  storage.RaftStorageDirectory (RaftStorageDirectory.java:tryLock(328)) - Lock on /opt/src/hadoop-ozone/integration-test/target/test-dir/MiniOzoneClusterImpl-1a3a19ff-9f44-4757-9416-887d24d100c6/datanode-4/data/ratis/d4641cde-3834-4b7d-88cd-698db33d507a/in_use.lock acquired by nodename 9947@ozone-jwdrj-3193829804
2019-06-13 00:57:13,994 INFO  storage.RaftStorage (RaftStorage.java:format(75)) - Storage directory /opt/src/hadoop-ozone/integration-test/target/test-dir/MiniOzoneClusterImpl-1a3a19ff-9f44-4757-9416-887d24d100c6/datanode-4/data/ratis/d4641cde-3834-4b7d-88cd-698db33d507a has been successfully formatted.
2019-06-13 00:57:13,994 INFO  ratis.ContainerStateMachine (ContainerStateMachine.java:loadSnapshot(199)) - The snapshot info is null.Setting the last applied index to:(t:0, i:~)
2019-06-13 00:57:13,994 INFO  server.RaftServerConfigKeys (ConfUtils.java:logGet(43)) - raft.server.leader.election.timeout = 10s (custom)
2019-06-13 00:57:13,995 INFO  server.RaftServerConfigKeys (ConfUtils.java:logGet(43)) - raft.server.log.use.memory = false (default)
2019-06-13 00:57:13,995 INFO  server.RaftServerConfigKeys (ConfUtils.java:logGet(43)) - raft.server.log.appender.buffer.byte-limit = 33554432 (custom)
2019-06-13 00:57:13,995 INFO  server.RaftServerConfigKeys (ConfUtils.java:logGet(43)) - raft.server.log.segment.size.max = 16384 (custom)
2019-06-13 00:57:13,995 INFO  server.RaftServerConfigKeys (ConfUtils.java:logGet(43)) - raft.server.log.segment.cache.num.max = 2 (custom)
2019-06-13 00:57:13,995 INFO  storage.RaftLogWorker (RaftLogWorker.java:<init>(123)) - new c2150b6a-3632-4de2-b214-9f85a899c915-RaftLogWorker for Storage Directory /opt/src/hadoop-ozone/integration-test/target/test-dir/MiniOzoneClusterImpl-1a3a19ff-9f44-4757-9416-887d24d100c6/datanode-4/data/ratis/d4641cde-3834-4b7d-88cd-698db33d507a
2019-06-13 00:57:13,995 INFO  server.RaftServerConfigKeys (ConfUtils.java:logGet(43)) - raft.server.log.queue.byte-limit = 2147483647 (custom)
2019-06-13 00:57:13,995 INFO  server.RaftServerConfigKeys (ConfUtils.java:logGet(43)) - raft.server.log.queue.element-limit = 1024 (custom)
2019-06-13 00:57:13,995 INFO  server.RaftServerConfigKeys (ConfUtils.java:logGet(43)) - raft.server.log.segment.size.max = 16384 (custom)
2019-06-13 00:57:13,995 INFO  server.RaftServerConfigKeys (ConfUtils.java:logGet(43)) - raft.server.log.preallocated.size = 16384 (custom)
2019-06-13 00:57:13,995 INFO  server.RaftServerConfigKeys (ConfUtils.java:logGet(43)) - raft.server.log.write.buffer.size = 33554432 (custom)
2019-06-13 00:57:13,995 INFO  server.RaftServerConfigKeys (ConfUtils.java:logGet(43)) - raft.server.log.force.sync.num = 128 (default)
2019-06-13 00:57:13,995 INFO  server.RaftServerConfigKeys (ConfUtils.java:logGet(43)) - raft.server.log.statemachine.data.sync = true (default)
2019-06-13 00:57:13,996 INFO  server.RaftServerConfigKeys (ConfUtils.java:logGet(43)) - raft.server.log.statemachine.data.sync.timeout = 10s (default)
2019-06-13 00:57:13,996 INFO  server.RaftServerConfigKeys (ConfUtils.java:logGet(43)) - raft.server.log.statemachine.data.sync.timeout.retry = -1 (default)
2019-06-13 00:57:13,996 INFO  server.RaftServerConfigKeys (ConfUtils.java:logGet(43)) - raft.server.log.statemachine.data.caching.enabled = true (custom)
2019-06-13 00:57:13,996 INFO  server.RaftServerConfigKeys (ConfUtils.java:logGet(43)) - raft.server.snapshot.auto.trigger.enabled = true (custom)
2019-06-13 00:57:13,996 INFO  server.RaftServerConfigKeys (ConfUtils.java:logGet(43)) - raft.server.snapshot.auto.trigger.threshold = 10000 (custom)
2019-06-13 00:57:13,997 INFO  server.RaftServerConfigKeys (ConfUtils.java:logGet(43)) - raft.server.retrycache.expirytime = 600000ms (custom)
2019-06-13 00:57:13,997 INFO  impl.RaftServerImpl (RaftServerImpl.java:start(173)) - c2150b6a-3632-4de2-b214-9f85a899c915: start group-698DB33D507A
2019-06-13 00:57:13,997 INFO  impl.RaftServerImpl (RaftServerImpl.java:setRole(164)) - c2150b6a-3632-4de2-b214-9f85a899c915:group-698DB33D507A changes role from null to FOLLOWER at term 0 for startAsFollower
2019-06-13 00:57:13,997 INFO  impl.RoleInfo (RoleInfo.java:updateAndGet(143)) - c2150b6a-3632-4de2-b214-9f85a899c915: start FollowerState
2019-06-13 00:57:13,997 INFO  util.JmxRegister (JmxRegister.java:tryRegister(44)) - Successfully registered JMX Bean with object name Ratis:service=RaftServer,group=group-698DB33D507A,id=c2150b6a-3632-4de2-b214-9f85a899c915
2019-06-13 00:57:14,003 INFO  pipeline.PipelineStateManager (PipelineStateManager.java:addPipeline(56)) - Created pipeline Pipeline[ Id: d4641cde-3834-4b7d-88cd-698db33d507a, Nodes: c2150b6a-3632-4de2-b214-9f85a899c915{ip: 192.168.19.49, host: ozone-jwdrj-3193829804, networkLocation: /default-rack, certSerialId: null}, Type:RATIS, Factor:ONE, State:OPEN]
2019-06-13 00:57:14,269 INFO  ozone.MiniOzoneClusterImpl (MiniOzoneClusterImpl.java:lambda$waitForClusterToBeReady$0(142)) - Waiting for cluster to be ready. Got 5 of 6 DN Heartbeats.
2019-06-13 00:57:14,276 INFO  node.SCMNodeManager (SCMNodeManager.java:register(234)) - Registered Data node : ba40e966-99a1-4cd0-917c-771339210f94{ip: 192.168.19.49, host: ozone-jwdrj-3193829804, networkLocation: /default-rack, certSerialId: null}
2019-06-13 00:57:14,289 INFO  impl.RaftServerProxy (RaftServerProxy.java:addNew(89)) - ba40e966-99a1-4cd0-917c-771339210f94: addNew group-6560E892C1CB:[ba40e966-99a1-4cd0-917c-771339210f94:192.168.19.49:36289] returns group-6560E892C1CB:java.util.concurrent.CompletableFuture@4e29cebd[Not completed]
2019-06-13 00:57:14,290 INFO  impl.RaftServerImpl (RaftServerImpl.java:<init>(91)) - ba40e966-99a1-4cd0-917c-771339210f94: new RaftServerImpl for group-6560E892C1CB:[ba40e966-99a1-4cd0-917c-771339210f94:192.168.19.49:36289] with ContainerStateMachine:uninitialized
2019-06-13 00:57:14,290 INFO  server.RaftServerConfigKeys (ConfUtils.java:logGet(43)) - raft.server.rpc.timeout.min = 1s (custom)
2019-06-13 00:57:14,290 INFO  server.RaftServerConfigKeys (ConfUtils.java:logGet(43)) - raft.server.rpc.timeout.max = 1200ms (custom)
2019-06-13 00:57:14,290 INFO  server.RaftServerConfigKeys (ConfUtils.java:logGet(43)) - raft.server.rpcslowness.timeout = 10s (custom)
2019-06-13 00:57:14,290 INFO  server.RaftServerConfigKeys (ConfUtils.java:logGet(43)) - raft.server.log.appender.install.snapshot.enabled = true (default)
2019-06-13 00:57:14,290 INFO  impl.RaftServerImpl (ServerState.java:<init>(101)) - ba40e966-99a1-4cd0-917c-771339210f94:group-6560E892C1CB ConfigurationManager, init=-1: [ba40e966-99a1-4cd0-917c-771339210f94:192.168.19.49:36289], old=null, confs=<EMPTY_MAP>
2019-06-13 00:57:14,290 INFO  server.RaftServerConfigKeys (ConfUtils.java:logGet(43)) - raft.server.storage.dir = [/opt/src/hadoop-ozone/integration-test/target/test-dir/MiniOzoneClusterImpl-1a3a19ff-9f44-4757-9416-887d24d100c6/datanode-5/data/ratis] (custom)
2019-06-13 00:57:14,291 INFO  storage.RaftStorageDirectory (RaftStorageDirectory.java:analyzeStorage(246)) - The storage directory /opt/src/hadoop-ozone/integration-test/target/test-dir/MiniOzoneClusterImpl-1a3a19ff-9f44-4757-9416-887d24d100c6/datanode-5/data/ratis/dd3ac999-6072-4345-8399-6560e892c1cb does not exist. Creating ...
2019-06-13 00:57:14,293 INFO  storage.RaftStorageDirectory (RaftStorageDirectory.java:tryLock(328)) - Lock on /opt/src/hadoop-ozone/integration-test/target/test-dir/MiniOzoneClusterImpl-1a3a19ff-9f44-4757-9416-887d24d100c6/datanode-5/data/ratis/dd3ac999-6072-4345-8399-6560e892c1cb/in_use.lock acquired by nodename 9947@ozone-jwdrj-3193829804
2019-06-13 00:57:14,295 INFO  storage.RaftStorage (RaftStorage.java:format(75)) - Storage directory /opt/src/hadoop-ozone/integration-test/target/test-dir/MiniOzoneClusterImpl-1a3a19ff-9f44-4757-9416-887d24d100c6/datanode-5/data/ratis/dd3ac999-6072-4345-8399-6560e892c1cb has been successfully formatted.
2019-06-13 00:57:14,295 INFO  ratis.ContainerStateMachine (ContainerStateMachine.java:loadSnapshot(199)) - The snapshot info is null.Setting the last applied index to:(t:0, i:~)
2019-06-13 00:57:14,295 INFO  server.RaftServerConfigKeys (ConfUtils.java:logGet(43)) - raft.server.leader.election.timeout = 10s (custom)
2019-06-13 00:57:14,295 INFO  server.RaftServerConfigKeys (ConfUtils.java:logGet(43)) - raft.server.log.use.memory = false (default)
2019-06-13 00:57:14,295 INFO  server.RaftServerConfigKeys (ConfUtils.java:logGet(43)) - raft.server.log.appender.buffer.byte-limit = 33554432 (custom)
2019-06-13 00:57:14,295 INFO  server.RaftServerConfigKeys (ConfUtils.java:logGet(43)) - raft.server.log.segment.size.max = 16384 (custom)
2019-06-13 00:57:14,296 INFO  server.RaftServerConfigKeys (ConfUtils.java:logGet(43)) - raft.server.log.segment.cache.num.max = 2 (custom)
2019-06-13 00:57:14,296 INFO  storage.RaftLogWorker (RaftLogWorker.java:<init>(123)) - new ba40e966-99a1-4cd0-917c-771339210f94-RaftLogWorker for Storage Directory /opt/src/hadoop-ozone/integration-test/target/test-dir/MiniOzoneClusterImpl-1a3a19ff-9f44-4757-9416-887d24d100c6/datanode-5/data/ratis/dd3ac999-6072-4345-8399-6560e892c1cb
2019-06-13 00:57:14,296 INFO  server.RaftServerConfigKeys (ConfUtils.java:logGet(43)) - raft.server.log.queue.byte-limit = 2147483647 (custom)
2019-06-13 00:57:14,296 INFO  server.RaftServerConfigKeys (ConfUtils.java:logGet(43)) - raft.server.log.queue.element-limit = 1024 (custom)
2019-06-13 00:57:14,296 INFO  server.RaftServerConfigKeys (ConfUtils.java:logGet(43)) - raft.server.log.segment.size.max = 16384 (custom)
2019-06-13 00:57:14,296 INFO  server.RaftServerConfigKeys (ConfUtils.java:logGet(43)) - raft.server.log.preallocated.size = 16384 (custom)
2019-06-13 00:57:14,296 INFO  server.RaftServerConfigKeys (ConfUtils.java:logGet(43)) - raft.server.log.write.buffer.size = 33554432 (custom)
2019-06-13 00:57:14,296 INFO  server.RaftServerConfigKeys (ConfUtils.java:logGet(43)) - raft.server.log.force.sync.num = 128 (default)
2019-06-13 00:57:14,296 INFO  server.RaftServerConfigKeys (ConfUtils.java:logGet(43)) - raft.server.log.statemachine.data.sync = true (default)
2019-06-13 00:57:14,296 INFO  server.RaftServerConfigKeys (ConfUtils.java:logGet(43)) - raft.server.log.statemachine.data.sync.timeout = 10s (default)
2019-06-13 00:57:14,296 INFO  server.RaftServerConfigKeys (ConfUtils.java:logGet(43)) - raft.server.log.statemachine.data.sync.timeout.retry = -1 (default)
2019-06-13 00:57:14,297 INFO  server.RaftServerConfigKeys (ConfUtils.java:logGet(43)) - raft.server.log.statemachine.data.caching.enabled = true (custom)
2019-06-13 00:57:14,297 INFO  server.RaftServerConfigKeys (ConfUtils.java:logGet(43)) - raft.server.snapshot.auto.trigger.enabled = true (custom)
2019-06-13 00:57:14,297 INFO  server.RaftServerConfigKeys (ConfUtils.java:logGet(43)) - raft.server.snapshot.auto.trigger.threshold = 10000 (custom)
2019-06-13 00:57:14,298 INFO  server.RaftServerConfigKeys (ConfUtils.java:logGet(43)) - raft.server.retrycache.expirytime = 600000ms (custom)
2019-06-13 00:57:14,298 INFO  impl.RaftServerImpl (RaftServerImpl.java:start(173)) - ba40e966-99a1-4cd0-917c-771339210f94: start group-6560E892C1CB
2019-06-13 00:57:14,298 INFO  impl.RaftServerImpl (RaftServerImpl.java:setRole(164)) - ba40e966-99a1-4cd0-917c-771339210f94:group-6560E892C1CB changes role from null to FOLLOWER at term 0 for startAsFollower
2019-06-13 00:57:14,298 INFO  impl.RoleInfo (RoleInfo.java:updateAndGet(143)) - ba40e966-99a1-4cd0-917c-771339210f94: start FollowerState
2019-06-13 00:57:14,298 INFO  util.JmxRegister (JmxRegister.java:tryRegister(44)) - Successfully registered JMX Bean with object name Ratis:service=RaftServer,group=group-6560E892C1CB,id=ba40e966-99a1-4cd0-917c-771339210f94
2019-06-13 00:57:14,311 INFO  pipeline.PipelineStateManager (PipelineStateManager.java:addPipeline(56)) - Created pipeline Pipeline[ Id: dd3ac999-6072-4345-8399-6560e892c1cb, Nodes: ba40e966-99a1-4cd0-917c-771339210f94{ip: 192.168.19.49, host: ozone-jwdrj-3193829804, networkLocation: /default-rack, certSerialId: null}, Type:RATIS, Factor:ONE, State:OPEN]
2019-06-13 00:57:14,331 INFO  impl.RaftServerProxy (RaftServerProxy.java:addNew(89)) - c2150b6a-3632-4de2-b214-9f85a899c915: addNew group-D91DB659A561:[c2150b6a-3632-4de2-b214-9f85a899c915:192.168.19.49:39471, 5695095b-d5f3-4bca-bbee-857da2572b2c:192.168.19.49:34811, ba40e966-99a1-4cd0-917c-771339210f94:192.168.19.49:36289] returns group-D91DB659A561:java.util.concurrent.CompletableFuture@33d635fb[Not completed]
2019-06-13 00:57:14,332 INFO  impl.RaftServerImpl (RaftServerImpl.java:<init>(91)) - c2150b6a-3632-4de2-b214-9f85a899c915: new RaftServerImpl for group-D91DB659A561:[c2150b6a-3632-4de2-b214-9f85a899c915:192.168.19.49:39471, 5695095b-d5f3-4bca-bbee-857da2572b2c:192.168.19.49:34811, ba40e966-99a1-4cd0-917c-771339210f94:192.168.19.49:36289] with ContainerStateMachine:uninitialized
2019-06-13 00:57:14,332 INFO  server.RaftServerConfigKeys (ConfUtils.java:logGet(43)) - raft.server.rpc.timeout.min = 1s (custom)
2019-06-13 00:57:14,332 INFO  server.RaftServerConfigKeys (ConfUtils.java:logGet(43)) - raft.server.rpc.timeout.max = 1200ms (custom)
2019-06-13 00:57:14,332 INFO  server.RaftServerConfigKeys (ConfUtils.java:logGet(43)) - raft.server.rpcslowness.timeout = 10s (custom)
2019-06-13 00:57:14,332 INFO  server.RaftServerConfigKeys (ConfUtils.java:logGet(43)) - raft.server.log.appender.install.snapshot.enabled = true (default)
2019-06-13 00:57:14,332 INFO  impl.RaftServerImpl (ServerState.java:<init>(101)) - c2150b6a-3632-4de2-b214-9f85a899c915:group-D91DB659A561 ConfigurationManager, init=-1: [c2150b6a-3632-4de2-b214-9f85a899c915:192.168.19.49:39471, 5695095b-d5f3-4bca-bbee-857da2572b2c:192.168.19.49:34811, ba40e966-99a1-4cd0-917c-771339210f94:192.168.19.49:36289], old=null, confs=<EMPTY_MAP>
2019-06-13 00:57:14,332 INFO  server.RaftServerConfigKeys (ConfUtils.java:logGet(43)) - raft.server.storage.dir = [/opt/src/hadoop-ozone/integration-test/target/test-dir/MiniOzoneClusterImpl-1a3a19ff-9f44-4757-9416-887d24d100c6/datanode-4/data/ratis] (custom)
2019-06-13 00:57:14,332 INFO  storage.RaftStorageDirectory (RaftStorageDirectory.java:analyzeStorage(246)) - The storage directory /opt/src/hadoop-ozone/integration-test/target/test-dir/MiniOzoneClusterImpl-1a3a19ff-9f44-4757-9416-887d24d100c6/datanode-4/data/ratis/d671de6b-60cf-4c0d-8174-d91db659a561 does not exist. Creating ...
2019-06-13 00:57:14,334 INFO  storage.RaftStorageDirectory (RaftStorageDirectory.java:tryLock(328)) - Lock on /opt/src/hadoop-ozone/integration-test/target/test-dir/MiniOzoneClusterImpl-1a3a19ff-9f44-4757-9416-887d24d100c6/datanode-4/data/ratis/d671de6b-60cf-4c0d-8174-d91db659a561/in_use.lock acquired by nodename 9947@ozone-jwdrj-3193829804
2019-06-13 00:57:14,335 INFO  impl.RaftServerProxy (RaftServerProxy.java:addNew(89)) - 5695095b-d5f3-4bca-bbee-857da2572b2c: addNew group-D91DB659A561:[c2150b6a-3632-4de2-b214-9f85a899c915:192.168.19.49:39471, 5695095b-d5f3-4bca-bbee-857da2572b2c:192.168.19.49:34811, ba40e966-99a1-4cd0-917c-771339210f94:192.168.19.49:36289] returns group-D91DB659A561:java.util.concurrent.CompletableFuture@330a491a[Not completed]
2019-06-13 00:57:14,336 INFO  impl.RaftServerProxy (RaftServerProxy.java:addNew(89)) - ba40e966-99a1-4cd0-917c-771339210f94: addNew group-D91DB659A561:[c2150b6a-3632-4de2-b214-9f85a899c915:192.168.19.49:39471, 5695095b-d5f3-4bca-bbee-857da2572b2c:192.168.19.49:34811, ba40e966-99a1-4cd0-917c-771339210f94:192.168.19.49:36289] returns group-D91DB659A561:java.util.concurrent.CompletableFuture@4f263547[Not completed]
2019-06-13 00:57:14,336 INFO  impl.RaftServerImpl (RaftServerImpl.java:<init>(91)) - 5695095b-d5f3-4bca-bbee-857da2572b2c: new RaftServerImpl for group-D91DB659A561:[c2150b6a-3632-4de2-b214-9f85a899c915:192.168.19.49:39471, 5695095b-d5f3-4bca-bbee-857da2572b2c:192.168.19.49:34811, ba40e966-99a1-4cd0-917c-771339210f94:192.168.19.49:36289] with ContainerStateMachine:uninitialized
2019-06-13 00:57:14,336 INFO  server.RaftServerConfigKeys (ConfUtils.java:logGet(43)) - raft.server.rpc.timeout.min = 1s (custom)
2019-06-13 00:57:14,337 INFO  server.RaftServerConfigKeys (ConfUtils.java:logGet(43)) - raft.server.rpc.timeout.max = 1200ms (custom)
2019-06-13 00:57:14,337 INFO  impl.RaftServerImpl (RaftServerImpl.java:<init>(91)) - ba40e966-99a1-4cd0-917c-771339210f94: new RaftServerImpl for group-D91DB659A561:[c2150b6a-3632-4de2-b214-9f85a899c915:192.168.19.49:39471, 5695095b-d5f3-4bca-bbee-857da2572b2c:192.168.19.49:34811, ba40e966-99a1-4cd0-917c-771339210f94:192.168.19.49:36289] with ContainerStateMachine:uninitialized
2019-06-13 00:57:14,337 INFO  server.RaftServerConfigKeys (ConfUtils.java:logGet(43)) - raft.server.rpcslowness.timeout = 10s (custom)
2019-06-13 00:57:14,337 INFO  server.RaftServerConfigKeys (ConfUtils.java:logGet(43)) - raft.server.rpc.timeout.min = 1s (custom)
2019-06-13 00:57:14,337 INFO  server.RaftServerConfigKeys (ConfUtils.java:logGet(43)) - raft.server.log.appender.install.snapshot.enabled = true (default)
2019-06-13 00:57:14,337 INFO  impl.RaftServerImpl (ServerState.java:<init>(101)) - 5695095b-d5f3-4bca-bbee-857da2572b2c:group-D91DB659A561 ConfigurationManager, init=-1: [c2150b6a-3632-4de2-b214-9f85a899c915:192.168.19.49:39471, 5695095b-d5f3-4bca-bbee-857da2572b2c:192.168.19.49:34811, ba40e966-99a1-4cd0-917c-771339210f94:192.168.19.49:36289], old=null, confs=<EMPTY_MAP>
2019-06-13 00:57:14,337 INFO  server.RaftServerConfigKeys (ConfUtils.java:logGet(43)) - raft.server.storage.dir = [/opt/src/hadoop-ozone/integration-test/target/test-dir/MiniOzoneClusterImpl-1a3a19ff-9f44-4757-9416-887d24d100c6/datanode-2/data/ratis] (custom)
2019-06-13 00:57:14,337 INFO  storage.RaftStorageDirectory (RaftStorageDirectory.java:analyzeStorage(246)) - The storage directory /opt/src/hadoop-ozone/integration-test/target/test-dir/MiniOzoneClusterImpl-1a3a19ff-9f44-4757-9416-887d24d100c6/datanode-2/data/ratis/d671de6b-60cf-4c0d-8174-d91db659a561 does not exist. Creating ...
2019-06-13 00:57:14,337 INFO  server.RaftServerConfigKeys (ConfUtils.java:logGet(43)) - raft.server.rpc.timeout.max = 1200ms (custom)
2019-06-13 00:57:14,338 INFO  server.RaftServerConfigKeys (ConfUtils.java:logGet(43)) - raft.server.rpcslowness.timeout = 10s (custom)
2019-06-13 00:57:14,338 INFO  server.RaftServerConfigKeys (ConfUtils.java:logGet(43)) - raft.server.log.appender.install.snapshot.enabled = true (default)
2019-06-13 00:57:14,338 INFO  impl.RaftServerImpl (ServerState.java:<init>(101)) - ba40e966-99a1-4cd0-917c-771339210f94:group-D91DB659A561 ConfigurationManager, init=-1: [c2150b6a-3632-4de2-b214-9f85a899c915:192.168.19.49:39471, 5695095b-d5f3-4bca-bbee-857da2572b2c:192.168.19.49:34811, ba40e966-99a1-4cd0-917c-771339210f94:192.168.19.49:36289], old=null, confs=<EMPTY_MAP>
2019-06-13 00:57:14,338 INFO  server.RaftServerConfigKeys (ConfUtils.java:logGet(43)) - raft.server.storage.dir = [/opt/src/hadoop-ozone/integration-test/target/test-dir/MiniOzoneClusterImpl-1a3a19ff-9f44-4757-9416-887d24d100c6/datanode-5/data/ratis] (custom)
2019-06-13 00:57:14,338 INFO  storage.RaftStorageDirectory (RaftStorageDirectory.java:analyzeStorage(246)) - The storage directory /opt/src/hadoop-ozone/integration-test/target/test-dir/MiniOzoneClusterImpl-1a3a19ff-9f44-4757-9416-887d24d100c6/datanode-5/data/ratis/d671de6b-60cf-4c0d-8174-d91db659a561 does not exist. Creating ...
2019-06-13 00:57:14,339 INFO  storage.RaftStorage (RaftStorage.java:format(75)) - Storage directory /opt/src/hadoop-ozone/integration-test/target/test-dir/MiniOzoneClusterImpl-1a3a19ff-9f44-4757-9416-887d24d100c6/datanode-4/data/ratis/d671de6b-60cf-4c0d-8174-d91db659a561 has been successfully formatted.
2019-06-13 00:57:14,339 INFO  ratis.ContainerStateMachine (ContainerStateMachine.java:loadSnapshot(199)) - The snapshot info is null.Setting the last applied index to:(t:0, i:~)
2019-06-13 00:57:14,339 INFO  server.RaftServerConfigKeys (ConfUtils.java:logGet(43)) - raft.server.leader.election.timeout = 10s (custom)
2019-06-13 00:57:14,339 INFO  server.RaftServerConfigKeys (ConfUtils.java:logGet(43)) - raft.server.log.use.memory = false (default)
2019-06-13 00:57:14,339 INFO  server.RaftServerConfigKeys (ConfUtils.java:logGet(43)) - raft.server.log.appender.buffer.byte-limit = 33554432 (custom)
2019-06-13 00:57:14,339 INFO  server.RaftServerConfigKeys (ConfUtils.java:logGet(43)) - raft.server.log.segment.size.max = 16384 (custom)
2019-06-13 00:57:14,339 INFO  server.RaftServerConfigKeys (ConfUtils.java:logGet(43)) - raft.server.log.segment.cache.num.max = 2 (custom)
2019-06-13 00:57:14,339 INFO  storage.RaftLogWorker (RaftLogWorker.java:<init>(123)) - new c2150b6a-3632-4de2-b214-9f85a899c915-RaftLogWorker for Storage Directory /opt/src/hadoop-ozone/integration-test/target/test-dir/MiniOzoneClusterImpl-1a3a19ff-9f44-4757-9416-887d24d100c6/datanode-4/data/ratis/d671de6b-60cf-4c0d-8174-d91db659a561
2019-06-13 00:57:14,339 INFO  server.RaftServerConfigKeys (ConfUtils.java:logGet(43)) - raft.server.log.queue.byte-limit = 2147483647 (custom)
2019-06-13 00:57:14,339 INFO  server.RaftServerConfigKeys (ConfUtils.java:logGet(43)) - raft.server.log.queue.element-limit = 1024 (custom)
2019-06-13 00:57:14,339 INFO  server.RaftServerConfigKeys (ConfUtils.java:logGet(43)) - raft.server.log.segment.size.max = 16384 (custom)
2019-06-13 00:57:14,340 INFO  server.RaftServerConfigKeys (ConfUtils.java:logGet(43)) - raft.server.log.preallocated.size = 16384 (custom)
2019-06-13 00:57:14,340 INFO  server.RaftServerConfigKeys (ConfUtils.java:logGet(43)) - raft.server.log.write.buffer.size = 33554432 (custom)
2019-06-13 00:57:14,340 INFO  server.RaftServerConfigKeys (ConfUtils.java:logGet(43)) - raft.server.log.force.sync.num = 128 (default)
2019-06-13 00:57:14,340 INFO  server.RaftServerConfigKeys (ConfUtils.java:logGet(43)) - raft.server.log.statemachine.data.sync = true (default)
2019-06-13 00:57:14,340 INFO  server.RaftServerConfigKeys (ConfUtils.java:logGet(43)) - raft.server.log.statemachine.data.sync.timeout = 10s (default)
2019-06-13 00:57:14,340 INFO  server.RaftServerConfigKeys (ConfUtils.java:logGet(43)) - raft.server.log.statemachine.data.sync.timeout.retry = -1 (default)
2019-06-13 00:57:14,340 INFO  server.RaftServerConfigKeys (ConfUtils.java:logGet(43)) - raft.server.log.statemachine.data.caching.enabled = true (custom)
2019-06-13 00:57:14,340 INFO  server.RaftServerConfigKeys (ConfUtils.java:logGet(43)) - raft.server.snapshot.auto.trigger.enabled = true (custom)
2019-06-13 00:57:14,341 INFO  server.RaftServerConfigKeys (ConfUtils.java:logGet(43)) - raft.server.snapshot.auto.trigger.threshold = 10000 (custom)
2019-06-13 00:57:14,341 INFO  server.RaftServerConfigKeys (ConfUtils.java:logGet(43)) - raft.server.retrycache.expirytime = 600000ms (custom)
2019-06-13 00:57:14,341 INFO  impl.RaftServerImpl (RaftServerImpl.java:start(173)) - c2150b6a-3632-4de2-b214-9f85a899c915: start group-D91DB659A561
2019-06-13 00:57:14,341 INFO  impl.RaftServerImpl (RaftServerImpl.java:setRole(164)) - c2150b6a-3632-4de2-b214-9f85a899c915:group-D91DB659A561 changes role from null to FOLLOWER at term 0 for startAsFollower
2019-06-13 00:57:14,341 INFO  impl.RoleInfo (RoleInfo.java:updateAndGet(143)) - c2150b6a-3632-4de2-b214-9f85a899c915: start FollowerState
2019-06-13 00:57:14,342 INFO  storage.RaftStorageDirectory (RaftStorageDirectory.java:tryLock(328)) - Lock on /opt/src/hadoop-ozone/integration-test/target/test-dir/MiniOzoneClusterImpl-1a3a19ff-9f44-4757-9416-887d24d100c6/datanode-2/data/ratis/d671de6b-60cf-4c0d-8174-d91db659a561/in_use.lock acquired by nodename 9947@ozone-jwdrj-3193829804
2019-06-13 00:57:14,342 INFO  util.JmxRegister (JmxRegister.java:tryRegister(44)) - Successfully registered JMX Bean with object name Ratis:service=RaftServer,group=group-D91DB659A561,id=c2150b6a-3632-4de2-b214-9f85a899c915
2019-06-13 00:57:14,345 INFO  storage.RaftStorageDirectory (RaftStorageDirectory.java:tryLock(328)) - Lock on /opt/src/hadoop-ozone/integration-test/target/test-dir/MiniOzoneClusterImpl-1a3a19ff-9f44-4757-9416-887d24d100c6/datanode-5/data/ratis/d671de6b-60cf-4c0d-8174-d91db659a561/in_use.lock acquired by nodename 9947@ozone-jwdrj-3193829804
2019-06-13 00:57:14,345 INFO  storage.RaftStorage (RaftStorage.java:format(75)) - Storage directory /opt/src/hadoop-ozone/integration-test/target/test-dir/MiniOzoneClusterImpl-1a3a19ff-9f44-4757-9416-887d24d100c6/datanode-2/data/ratis/d671de6b-60cf-4c0d-8174-d91db659a561 has been successfully formatted.
2019-06-13 00:57:14,345 INFO  ratis.ContainerStateMachine (ContainerStateMachine.java:loadSnapshot(199)) - The snapshot info is null.Setting the last applied index to:(t:0, i:~)
2019-06-13 00:57:14,346 INFO  server.RaftServerConfigKeys (ConfUtils.java:logGet(43)) - raft.server.leader.election.timeout = 10s (custom)
2019-06-13 00:57:14,346 INFO  server.RaftServerConfigKeys (ConfUtils.java:logGet(43)) - raft.server.log.use.memory = false (default)
2019-06-13 00:57:14,346 INFO  server.RaftServerConfigKeys (ConfUtils.java:logGet(43)) - raft.server.log.appender.buffer.byte-limit = 33554432 (custom)
2019-06-13 00:57:14,346 INFO  server.RaftServerConfigKeys (ConfUtils.java:logGet(43)) - raft.server.log.segment.size.max = 16384 (custom)
2019-06-13 00:57:14,346 INFO  server.RaftServerConfigKeys (ConfUtils.java:logGet(43)) - raft.server.log.segment.cache.num.max = 2 (custom)
2019-06-13 00:57:14,346 INFO  storage.RaftLogWorker (RaftLogWorker.java:<init>(123)) - new 5695095b-d5f3-4bca-bbee-857da2572b2c-RaftLogWorker for Storage Directory /opt/src/hadoop-ozone/integration-test/target/test-dir/MiniOzoneClusterImpl-1a3a19ff-9f44-4757-9416-887d24d100c6/datanode-2/data/ratis/d671de6b-60cf-4c0d-8174-d91db659a561
2019-06-13 00:57:14,346 INFO  server.RaftServerConfigKeys (ConfUtils.java:logGet(43)) - raft.server.log.queue.byte-limit = 2147483647 (custom)
2019-06-13 00:57:14,346 INFO  server.RaftServerConfigKeys (ConfUtils.java:logGet(43)) - raft.server.log.queue.element-limit = 1024 (custom)
2019-06-13 00:57:14,346 INFO  server.RaftServerConfigKeys (ConfUtils.java:logGet(43)) - raft.server.log.segment.size.max = 16384 (custom)
2019-06-13 00:57:14,346 INFO  server.RaftServerConfigKeys (ConfUtils.java:logGet(43)) - raft.server.log.preallocated.size = 16384 (custom)
2019-06-13 00:57:14,346 INFO  server.RaftServerConfigKeys (ConfUtils.java:logGet(43)) - raft.server.log.write.buffer.size = 33554432 (custom)
2019-06-13 00:57:14,346 INFO  server.RaftServerConfigKeys (ConfUtils.java:logGet(43)) - raft.server.log.force.sync.num = 128 (default)
2019-06-13 00:57:14,346 INFO  server.RaftServerConfigKeys (ConfUtils.java:logGet(43)) - raft.server.log.statemachine.data.sync = true (default)
2019-06-13 00:57:14,347 INFO  server.RaftServerConfigKeys (ConfUtils.java:logGet(43)) - raft.server.log.statemachine.data.sync.timeout = 10s (default)
2019-06-13 00:57:14,348 INFO  server.RaftServerConfigKeys (ConfUtils.java:logGet(43)) - raft.server.log.statemachine.data.sync.timeout.retry = -1 (default)
2019-06-13 00:57:14,348 INFO  server.RaftServerConfigKeys (ConfUtils.java:logGet(43)) - raft.server.log.statemachine.data.caching.enabled = true (custom)
2019-06-13 00:57:14,348 INFO  storage.RaftStorage (RaftStorage.java:format(75)) - Storage directory /opt/src/hadoop-ozone/integration-test/target/test-dir/MiniOzoneClusterImpl-1a3a19ff-9f44-4757-9416-887d24d100c6/datanode-5/data/ratis/d671de6b-60cf-4c0d-8174-d91db659a561 has been successfully formatted.
2019-06-13 00:57:14,349 INFO  ratis.ContainerStateMachine (ContainerStateMachine.java:loadSnapshot(199)) - The snapshot info is null.Setting the last applied index to:(t:0, i:~)
2019-06-13 00:57:14,350 INFO  server.RaftServerConfigKeys (ConfUtils.java:logGet(43)) - raft.server.leader.election.timeout = 10s (custom)
2019-06-13 00:57:14,350 INFO  server.RaftServerConfigKeys (ConfUtils.java:logGet(43)) - raft.server.log.use.memory = false (default)
2019-06-13 00:57:14,350 INFO  server.RaftServerConfigKeys (ConfUtils.java:logGet(43)) - raft.server.log.appender.buffer.byte-limit = 33554432 (custom)
2019-06-13 00:57:14,350 INFO  server.RaftServerConfigKeys (ConfUtils.java:logGet(43)) - raft.server.log.segment.size.max = 16384 (custom)
2019-06-13 00:57:14,350 INFO  server.RaftServerConfigKeys (ConfUtils.java:logGet(43)) - raft.server.log.segment.cache.num.max = 2 (custom)
2019-06-13 00:57:14,350 INFO  storage.RaftLogWorker (RaftLogWorker.java:<init>(123)) - new ba40e966-99a1-4cd0-917c-771339210f94-RaftLogWorker for Storage Directory /opt/src/hadoop-ozone/integration-test/target/test-dir/MiniOzoneClusterImpl-1a3a19ff-9f44-4757-9416-887d24d100c6/datanode-5/data/ratis/d671de6b-60cf-4c0d-8174-d91db659a561
2019-06-13 00:57:14,350 INFO  server.RaftServerConfigKeys (ConfUtils.java:logGet(43)) - raft.server.log.queue.byte-limit = 2147483647 (custom)
2019-06-13 00:57:14,350 INFO  server.RaftServerConfigKeys (ConfUtils.java:logGet(43)) - raft.server.log.queue.element-limit = 1024 (custom)
2019-06-13 00:57:14,350 INFO  server.RaftServerConfigKeys (ConfUtils.java:logGet(43)) - raft.server.log.segment.size.max = 16384 (custom)
2019-06-13 00:57:14,350 INFO  server.RaftServerConfigKeys (ConfUtils.java:logGet(43)) - raft.server.log.preallocated.size = 16384 (custom)
2019-06-13 00:57:14,351 INFO  server.RaftServerConfigKeys (ConfUtils.java:logGet(43)) - raft.server.log.write.buffer.size = 33554432 (custom)
2019-06-13 00:57:14,351 INFO  server.RaftServerConfigKeys (ConfUtils.java:logGet(43)) - raft.server.log.force.sync.num = 128 (default)
2019-06-13 00:57:14,351 INFO  server.RaftServerConfigKeys (ConfUtils.java:logGet(43)) - raft.server.log.statemachine.data.sync = true (default)
2019-06-13 00:57:14,351 INFO  server.RaftServerConfigKeys (ConfUtils.java:logGet(43)) - raft.server.log.statemachine.data.sync.timeout = 10s (default)
2019-06-13 00:57:14,351 INFO  server.RaftServerConfigKeys (ConfUtils.java:logGet(43)) - raft.server.log.statemachine.data.sync.timeout.retry = -1 (default)
2019-06-13 00:57:14,354 INFO  server.RaftServerConfigKeys (ConfUtils.java:logGet(43)) - raft.server.snapshot.auto.trigger.enabled = true (custom)
2019-06-13 00:57:14,356 INFO  server.RaftServerConfigKeys (ConfUtils.java:logGet(43)) - raft.server.log.statemachine.data.caching.enabled = true (custom)
2019-06-13 00:57:14,356 INFO  server.RaftServerConfigKeys (ConfUtils.java:logGet(43)) - raft.server.snapshot.auto.trigger.threshold = 10000 (custom)
2019-06-13 00:57:14,357 INFO  server.RaftServerConfigKeys (ConfUtils.java:logGet(43)) - raft.server.snapshot.auto.trigger.enabled = true (custom)
2019-06-13 00:57:14,357 INFO  server.RaftServerConfigKeys (ConfUtils.java:logGet(43)) - raft.server.retrycache.expirytime = 600000ms (custom)
2019-06-13 00:57:14,357 INFO  server.RaftServerConfigKeys (ConfUtils.java:logGet(43)) - raft.server.snapshot.auto.trigger.threshold = 10000 (custom)
2019-06-13 00:57:14,358 INFO  impl.RaftServerImpl (RaftServerImpl.java:start(173)) - 5695095b-d5f3-4bca-bbee-857da2572b2c: start group-D91DB659A561
2019-06-13 00:57:14,358 INFO  server.RaftServerConfigKeys (ConfUtils.java:logGet(43)) - raft.server.retrycache.expirytime = 600000ms (custom)
2019-06-13 00:57:14,358 INFO  impl.RaftServerImpl (RaftServerImpl.java:setRole(164)) - 5695095b-d5f3-4bca-bbee-857da2572b2c:group-D91DB659A561 changes role from null to FOLLOWER at term 0 for startAsFollower
2019-06-13 00:57:14,358 INFO  impl.RaftServerImpl (RaftServerImpl.java:start(173)) - ba40e966-99a1-4cd0-917c-771339210f94: start group-D91DB659A561
2019-06-13 00:57:14,358 INFO  impl.RoleInfo (RoleInfo.java:updateAndGet(143)) - 5695095b-d5f3-4bca-bbee-857da2572b2c: start FollowerState
2019-06-13 00:57:14,358 INFO  impl.RaftServerImpl (RaftServerImpl.java:setRole(164)) - ba40e966-99a1-4cd0-917c-771339210f94:group-D91DB659A561 changes role from null to FOLLOWER at term 0 for startAsFollower
2019-06-13 00:57:14,361 INFO  impl.RoleInfo (RoleInfo.java:updateAndGet(143)) - ba40e966-99a1-4cd0-917c-771339210f94: start FollowerState
2019-06-13 00:57:14,361 INFO  util.JmxRegister (JmxRegister.java:tryRegister(44)) - Successfully registered JMX Bean with object name Ratis:service=RaftServer,group=group-D91DB659A561,id=5695095b-d5f3-4bca-bbee-857da2572b2c
2019-06-13 00:57:14,362 INFO  util.JmxRegister (JmxRegister.java:tryRegister(44)) - Successfully registered JMX Bean with object name Ratis:service=RaftServer,group=group-D91DB659A561,id=ba40e966-99a1-4cd0-917c-771339210f94
2019-06-13 00:57:14,376 INFO  pipeline.PipelineStateManager (PipelineStateManager.java:addPipeline(56)) - Created pipeline Pipeline[ Id: d671de6b-60cf-4c0d-8174-d91db659a561, Nodes: c2150b6a-3632-4de2-b214-9f85a899c915{ip: 192.168.19.49, host: ozone-jwdrj-3193829804, networkLocation: /default-rack, certSerialId: null}ba40e966-99a1-4cd0-917c-771339210f94{ip: 192.168.19.49, host: ozone-jwdrj-3193829804, networkLocation: /default-rack, certSerialId: null}5695095b-d5f3-4bca-bbee-857da2572b2c{ip: 192.168.19.49, host: ozone-jwdrj-3193829804, networkLocation: /default-rack, certSerialId: null}, Type:RATIS, Factor:THREE, State:OPEN]
2019-06-13 00:57:14,795 INFO  impl.FollowerState (FollowerState.java:run(101)) - 53782a24-a1e2-433d-af7f-908d2ceac53b:group-87EF3FBF2D40 changes to CANDIDATE, lastRpcTime:1108, electionTimeout:1106ms
2019-06-13 00:57:14,796 INFO  impl.RoleInfo (RoleInfo.java:shutdownFollowerState(121)) - 53782a24-a1e2-433d-af7f-908d2ceac53b: shutdown FollowerState
2019-06-13 00:57:14,796 INFO  impl.RaftServerImpl (RaftServerImpl.java:setRole(164)) - 53782a24-a1e2-433d-af7f-908d2ceac53b:group-87EF3FBF2D40 changes role from FOLLOWER to CANDIDATE at term 0 for changeToCandidate
2019-06-13 00:57:14,797 INFO  impl.RoleInfo (RoleInfo.java:updateAndGet(143)) - 53782a24-a1e2-433d-af7f-908d2ceac53b: start LeaderElection
2019-06-13 00:57:14,803 INFO  impl.LeaderElection (LeaderElection.java:askForVotes(181)) - 53782a24-a1e2-433d-af7f-908d2ceac53b:group-87EF3FBF2D40:LeaderElection1: begin an election at term 1 for -1: [53782a24-a1e2-433d-af7f-908d2ceac53b:192.168.19.49:39055], old=null
2019-06-13 00:57:14,805 INFO  impl.RoleInfo (RoleInfo.java:shutdownLeaderElection(134)) - 53782a24-a1e2-433d-af7f-908d2ceac53b: shutdown LeaderElection
2019-06-13 00:57:14,806 INFO  impl.RaftServerImpl (RaftServerImpl.java:setRole(164)) - 53782a24-a1e2-433d-af7f-908d2ceac53b:group-87EF3FBF2D40 changes role from CANDIDATE to LEADER at term 1 for changeToLeader
2019-06-13 00:57:14,806 INFO  impl.RaftServerImpl (ServerState.java:setLeader(263)) - 53782a24-a1e2-433d-af7f-908d2ceac53b:group-87EF3FBF2D40 change Leader from null to 53782a24-a1e2-433d-af7f-908d2ceac53b at term 1 for becomeLeader, leader elected after 1287ms
2019-06-13 00:57:14,810 INFO  server.RaftServerConfigKeys (ConfUtils.java:logGet(43)) - raft.server.staging.catchup.gap = 1000 (default)
2019-06-13 00:57:14,810 INFO  server.RaftServerConfigKeys (ConfUtils.java:logGet(43)) - raft.server.rpc.sleep.time = 25ms (default)
2019-06-13 00:57:14,813 INFO  server.RaftServerConfigKeys (ConfUtils.java:logGet(43)) - raft.server.watch.timeout = 10s (default)
2019-06-13 00:57:14,813 INFO  server.RaftServerConfigKeys (ConfUtils.java:logGet(43)) - raft.server.watch.timeout.denomination = 1s (default)
2019-06-13 00:57:14,818 INFO  impl.RoleInfo (RoleInfo.java:updateAndGet(143)) - 53782a24-a1e2-433d-af7f-908d2ceac53b: start LeaderState
2019-06-13 00:57:14,826 INFO  impl.FollowerState (FollowerState.java:run(101)) - 4392569d-cfa4-4a49-8240-d3d74a525666:group-ADE9C9BEF30B changes to CANDIDATE, lastRpcTime:1068, electionTimeout:1067ms
2019-06-13 00:57:14,828 INFO  impl.RoleInfo (RoleInfo.java:shutdownFollowerState(121)) - 4392569d-cfa4-4a49-8240-d3d74a525666: shutdown FollowerState
2019-06-13 00:57:14,828 INFO  impl.RaftServerImpl (RaftServerImpl.java:setRole(164)) - 4392569d-cfa4-4a49-8240-d3d74a525666:group-ADE9C9BEF30B changes role from FOLLOWER to CANDIDATE at term 0 for changeToCandidate
2019-06-13 00:57:14,828 INFO  impl.RoleInfo (RoleInfo.java:updateAndGet(143)) - 4392569d-cfa4-4a49-8240-d3d74a525666: start LeaderElection
2019-06-13 00:57:14,833 INFO  impl.LeaderElection (LeaderElection.java:askForVotes(181)) - 4392569d-cfa4-4a49-8240-d3d74a525666:group-ADE9C9BEF30B:LeaderElection2: begin an election at term 1 for -1: [4392569d-cfa4-4a49-8240-d3d74a525666:192.168.19.49:43717], old=null
2019-06-13 00:57:14,834 INFO  impl.RoleInfo (RoleInfo.java:shutdownLeaderElection(134)) - 4392569d-cfa4-4a49-8240-d3d74a525666: shutdown LeaderElection
2019-06-13 00:57:14,834 INFO  impl.RaftServerImpl (RaftServerImpl.java:setRole(164)) - 4392569d-cfa4-4a49-8240-d3d74a525666:group-ADE9C9BEF30B changes role from CANDIDATE to LEADER at term 1 for changeToLeader
2019-06-13 00:57:14,834 INFO  impl.RaftServerImpl (ServerState.java:setLeader(263)) - 4392569d-cfa4-4a49-8240-d3d74a525666:group-ADE9C9BEF30B change Leader from null to 4392569d-cfa4-4a49-8240-d3d74a525666 at term 1 for becomeLeader, leader elected after 1080ms
2019-06-13 00:57:14,836 INFO  server.RaftServerConfigKeys (ConfUtils.java:logGet(43)) - raft.server.staging.catchup.gap = 1000 (default)
2019-06-13 00:57:14,836 INFO  server.RaftServerConfigKeys (ConfUtils.java:logGet(43)) - raft.server.rpc.sleep.time = 25ms (default)
2019-06-13 00:57:14,837 INFO  server.RaftServerConfigKeys (ConfUtils.java:logGet(43)) - raft.server.watch.timeout = 10s (default)
2019-06-13 00:57:14,837 INFO  server.RaftServerConfigKeys (ConfUtils.java:logGet(43)) - raft.server.watch.timeout.denomination = 1s (default)
2019-06-13 00:57:14,837 INFO  impl.RoleInfo (RoleInfo.java:updateAndGet(143)) - 4392569d-cfa4-4a49-8240-d3d74a525666: start LeaderState
2019-06-13 00:57:14,842 INFO  storage.RaftLogWorker (RaftLogWorker.java:startLogSegment(298)) - 4392569d-cfa4-4a49-8240-d3d74a525666-RaftLogWorker: Starting segment from index:0
2019-06-13 00:57:14,842 INFO  storage.RaftLogWorker (RaftLogWorker.java:startLogSegment(298)) - 53782a24-a1e2-433d-af7f-908d2ceac53b-RaftLogWorker: Starting segment from index:0
2019-06-13 00:57:14,859 INFO  impl.FollowerState (FollowerState.java:run(101)) - f0cddabc-ae27-4e27-be84-189564718ab1:group-8294CAC2BEBB changes to CANDIDATE, lastRpcTime:1040, electionTimeout:1040ms
2019-06-13 00:57:14,859 INFO  impl.RaftServerImpl (ServerState.java:setRaftConf(361)) - 53782a24-a1e2-433d-af7f-908d2ceac53b:group-87EF3FBF2D40 set configuration 0: [53782a24-a1e2-433d-af7f-908d2ceac53b:192.168.19.49:39055], old=null at 0
2019-06-13 00:57:14,859 INFO  impl.RoleInfo (RoleInfo.java:shutdownFollowerState(121)) - f0cddabc-ae27-4e27-be84-189564718ab1: shutdown FollowerState
2019-06-13 00:57:14,859 INFO  impl.RaftServerImpl (ServerState.java:setRaftConf(361)) - 4392569d-cfa4-4a49-8240-d3d74a525666:group-ADE9C9BEF30B set configuration 0: [4392569d-cfa4-4a49-8240-d3d74a525666:192.168.19.49:43717], old=null at 0
2019-06-13 00:57:14,859 INFO  impl.RaftServerImpl (RaftServerImpl.java:setRole(164)) - f0cddabc-ae27-4e27-be84-189564718ab1:group-8294CAC2BEBB changes role from FOLLOWER to CANDIDATE at term 0 for changeToCandidate
2019-06-13 00:57:14,863 INFO  impl.RoleInfo (RoleInfo.java:updateAndGet(143)) - f0cddabc-ae27-4e27-be84-189564718ab1: start LeaderElection
2019-06-13 00:57:14,869 INFO  impl.LeaderElection (LeaderElection.java:askForVotes(181)) - f0cddabc-ae27-4e27-be84-189564718ab1:group-8294CAC2BEBB:LeaderElection3: begin an election at term 1 for -1: [f0cddabc-ae27-4e27-be84-189564718ab1:192.168.19.49:46453], old=null
2019-06-13 00:57:14,869 INFO  impl.RoleInfo (RoleInfo.java:shutdownLeaderElection(134)) - f0cddabc-ae27-4e27-be84-189564718ab1: shutdown LeaderElection
2019-06-13 00:57:14,870 INFO  impl.RaftServerImpl (RaftServerImpl.java:setRole(164)) - f0cddabc-ae27-4e27-be84-189564718ab1:group-8294CAC2BEBB changes role from CANDIDATE to LEADER at term 1 for changeToLeader
2019-06-13 00:57:14,870 INFO  impl.RaftServerImpl (ServerState.java:setLeader(263)) - f0cddabc-ae27-4e27-be84-189564718ab1:group-8294CAC2BEBB change Leader from null to f0cddabc-ae27-4e27-be84-189564718ab1 at term 1 for becomeLeader, leader elected after 1053ms
2019-06-13 00:57:14,871 INFO  server.RaftServerConfigKeys (ConfUtils.java:logGet(43)) - raft.server.staging.catchup.gap = 1000 (default)
2019-06-13 00:57:14,871 INFO  server.RaftServerConfigKeys (ConfUtils.java:logGet(43)) - raft.server.rpc.sleep.time = 25ms (default)
2019-06-13 00:57:14,871 INFO  server.RaftServerConfigKeys (ConfUtils.java:logGet(43)) - raft.server.watch.timeout = 10s (default)
2019-06-13 00:57:14,871 INFO  server.RaftServerConfigKeys (ConfUtils.java:logGet(43)) - raft.server.watch.timeout.denomination = 1s (default)
2019-06-13 00:57:14,871 INFO  impl.RoleInfo (RoleInfo.java:updateAndGet(143)) - f0cddabc-ae27-4e27-be84-189564718ab1: start LeaderState
2019-06-13 00:57:14,872 INFO  storage.RaftLogWorker (RaftLogWorker.java:startLogSegment(298)) - f0cddabc-ae27-4e27-be84-189564718ab1-RaftLogWorker: Starting segment from index:0
2019-06-13 00:57:14,872 INFO  impl.RaftServerImpl (ServerState.java:setRaftConf(361)) - f0cddabc-ae27-4e27-be84-189564718ab1:group-8294CAC2BEBB set configuration 0: [f0cddabc-ae27-4e27-be84-189564718ab1:192.168.19.49:46453], old=null at 0
2019-06-13 00:57:14,958 INFO  impl.FollowerState (FollowerState.java:run(101)) - 5695095b-d5f3-4bca-bbee-857da2572b2c:group-ED9F9961AAF0 changes to CANDIDATE, lastRpcTime:1106, electionTimeout:1106ms
2019-06-13 00:57:14,958 INFO  impl.RoleInfo (RoleInfo.java:shutdownFollowerState(121)) - 5695095b-d5f3-4bca-bbee-857da2572b2c: shutdown FollowerState
2019-06-13 00:57:14,958 INFO  impl.RaftServerImpl (RaftServerImpl.java:setRole(164)) - 5695095b-d5f3-4bca-bbee-857da2572b2c:group-ED9F9961AAF0 changes role from FOLLOWER to CANDIDATE at term 0 for changeToCandidate
2019-06-13 00:57:14,958 INFO  impl.RoleInfo (RoleInfo.java:updateAndGet(143)) - 5695095b-d5f3-4bca-bbee-857da2572b2c: start LeaderElection
2019-06-13 00:57:14,964 INFO  impl.FollowerState (FollowerState.java:run(101)) - 4392569d-cfa4-4a49-8240-d3d74a525666:group-BE9E1FF2565B changes to CANDIDATE, lastRpcTime:1044, electionTimeout:1044ms
2019-06-13 00:57:14,964 INFO  impl.RoleInfo (RoleInfo.java:shutdownFollowerState(121)) - 4392569d-cfa4-4a49-8240-d3d74a525666: shutdown FollowerState
2019-06-13 00:57:14,964 INFO  impl.RaftServerImpl (RaftServerImpl.java:setRole(164)) - 4392569d-cfa4-4a49-8240-d3d74a525666:group-BE9E1FF2565B changes role from FOLLOWER to CANDIDATE at term 0 for changeToCandidate
2019-06-13 00:57:14,964 INFO  impl.LeaderElection (LeaderElection.java:askForVotes(181)) - 5695095b-d5f3-4bca-bbee-857da2572b2c:group-ED9F9961AAF0:LeaderElection4: begin an election at term 1 for -1: [5695095b-d5f3-4bca-bbee-857da2572b2c:192.168.19.49:34811], old=null
2019-06-13 00:57:14,964 INFO  impl.RoleInfo (RoleInfo.java:updateAndGet(143)) - 4392569d-cfa4-4a49-8240-d3d74a525666: start LeaderElection
2019-06-13 00:57:14,964 INFO  impl.RoleInfo (RoleInfo.java:shutdownLeaderElection(134)) - 5695095b-d5f3-4bca-bbee-857da2572b2c: shutdown LeaderElection
2019-06-13 00:57:14,972 INFO  impl.RaftServerImpl (RaftServerImpl.java:setRole(164)) - 5695095b-d5f3-4bca-bbee-857da2572b2c:group-ED9F9961AAF0 changes role from CANDIDATE to LEADER at term 1 for changeToLeader
2019-06-13 00:57:14,972 INFO  impl.RaftServerImpl (ServerState.java:setLeader(263)) - 5695095b-d5f3-4bca-bbee-857da2572b2c:group-ED9F9961AAF0 change Leader from null to 5695095b-d5f3-4bca-bbee-857da2572b2c at term 1 for becomeLeader, leader elected after 1122ms
2019-06-13 00:57:14,976 INFO  server.RaftServerConfigKeys (ConfUtils.java:logGet(43)) - raft.server.staging.catchup.gap = 1000 (default)
2019-06-13 00:57:14,976 INFO  server.RaftServerConfigKeys (ConfUtils.java:logGet(43)) - raft.server.rpc.sleep.time = 25ms (default)
2019-06-13 00:57:14,976 INFO  server.RaftServerConfigKeys (ConfUtils.java:logGet(43)) - raft.server.watch.timeout = 10s (default)
2019-06-13 00:57:14,976 INFO  server.RaftServerConfigKeys (ConfUtils.java:logGet(43)) - raft.server.watch.timeout.denomination = 1s (default)
2019-06-13 00:57:14,976 INFO  impl.RoleInfo (RoleInfo.java:updateAndGet(143)) - 5695095b-d5f3-4bca-bbee-857da2572b2c: start LeaderState
2019-06-13 00:57:14,977 INFO  storage.RaftLogWorker (RaftLogWorker.java:startLogSegment(298)) - 5695095b-d5f3-4bca-bbee-857da2572b2c-RaftLogWorker: Starting segment from index:0
2019-06-13 00:57:14,978 INFO  impl.LeaderElection (LeaderElection.java:askForVotes(181)) - 4392569d-cfa4-4a49-8240-d3d74a525666:group-BE9E1FF2565B:LeaderElection5: begin an election at term 1 for -1: [4392569d-cfa4-4a49-8240-d3d74a525666:192.168.19.49:43717, 53782a24-a1e2-433d-af7f-908d2ceac53b:192.168.19.49:39055, f0cddabc-ae27-4e27-be84-189564718ab1:192.168.19.49:46453], old=null
2019-06-13 00:57:14,988 INFO  impl.RaftServerImpl (ServerState.java:setRaftConf(361)) - 5695095b-d5f3-4bca-bbee-857da2572b2c:group-ED9F9961AAF0 set configuration 0: [5695095b-d5f3-4bca-bbee-857da2572b2c:192.168.19.49:34811], old=null at 0
2019-06-13 00:57:15,060 INFO  impl.FollowerState (FollowerState.java:run(101)) - f0cddabc-ae27-4e27-be84-189564718ab1:group-BE9E1FF2565B changes to CANDIDATE, lastRpcTime:1147, electionTimeout:1097ms
2019-06-13 00:57:15,060 INFO  impl.RoleInfo (RoleInfo.java:shutdownFollowerState(121)) - f0cddabc-ae27-4e27-be84-189564718ab1: shutdown FollowerState
2019-06-13 00:57:15,060 INFO  impl.RaftServerImpl (RaftServerImpl.java:setRole(164)) - f0cddabc-ae27-4e27-be84-189564718ab1:group-BE9E1FF2565B changes role from FOLLOWER to CANDIDATE at term 0 for changeToCandidate
2019-06-13 00:57:15,060 INFO  impl.RoleInfo (RoleInfo.java:updateAndGet(143)) - f0cddabc-ae27-4e27-be84-189564718ab1: start LeaderElection
2019-06-13 00:57:15,080 INFO  impl.FollowerState (FollowerState.java:run(101)) - 53782a24-a1e2-433d-af7f-908d2ceac53b:group-BE9E1FF2565B changes to CANDIDATE, lastRpcTime:1162, electionTimeout:1153ms
2019-06-13 00:57:15,080 INFO  impl.RoleInfo (RoleInfo.java:shutdownFollowerState(121)) - 53782a24-a1e2-433d-af7f-908d2ceac53b: shutdown FollowerState
2019-06-13 00:57:15,080 INFO  impl.RaftServerImpl (RaftServerImpl.java:setRole(164)) - 53782a24-a1e2-433d-af7f-908d2ceac53b:group-BE9E1FF2565B changes role from FOLLOWER to CANDIDATE at term 0 for changeToCandidate
2019-06-13 00:57:15,080 INFO  impl.RoleInfo (RoleInfo.java:updateAndGet(143)) - 53782a24-a1e2-433d-af7f-908d2ceac53b: start LeaderElection
2019-06-13 00:57:15,111 INFO  impl.LeaderElection (LeaderElection.java:askForVotes(181)) - f0cddabc-ae27-4e27-be84-189564718ab1:group-BE9E1FF2565B:LeaderElection6: begin an election at term 1 for -1: [4392569d-cfa4-4a49-8240-d3d74a525666:192.168.19.49:43717, 53782a24-a1e2-433d-af7f-908d2ceac53b:192.168.19.49:39055, f0cddabc-ae27-4e27-be84-189564718ab1:192.168.19.49:46453], old=null
2019-06-13 00:57:15,113 INFO  storage.RaftLogWorker (RaftLogWorker.java:execute(469)) - 5695095b-d5f3-4bca-bbee-857da2572b2c-RaftLogWorker: created new log segment /opt/src/hadoop-ozone/integration-test/target/test-dir/MiniOzoneClusterImpl-1a3a19ff-9f44-4757-9416-887d24d100c6/datanode-2/data/ratis/74760214-c04d-41ca-bf10-ed9f9961aaf0/current/log_inprogress_0
2019-06-13 00:57:15,113 INFO  impl.LeaderElection (LeaderElection.java:askForVotes(181)) - 53782a24-a1e2-433d-af7f-908d2ceac53b:group-BE9E1FF2565B:LeaderElection7: begin an election at term 1 for -1: [4392569d-cfa4-4a49-8240-d3d74a525666:192.168.19.49:43717, 53782a24-a1e2-433d-af7f-908d2ceac53b:192.168.19.49:39055, f0cddabc-ae27-4e27-be84-189564718ab1:192.168.19.49:46453], old=null
2019-06-13 00:57:15,116 INFO  storage.RaftLogWorker (RaftLogWorker.java:execute(469)) - f0cddabc-ae27-4e27-be84-189564718ab1-RaftLogWorker: created new log segment /opt/src/hadoop-ozone/integration-test/target/test-dir/MiniOzoneClusterImpl-1a3a19ff-9f44-4757-9416-887d24d100c6/datanode-3/data/ratis/a6384cc3-8c46-47c6-a697-8294cac2bebb/current/log_inprogress_0
2019-06-13 00:57:15,116 INFO  storage.RaftLogWorker (RaftLogWorker.java:execute(469)) - 4392569d-cfa4-4a49-8240-d3d74a525666-RaftLogWorker: created new log segment /opt/src/hadoop-ozone/integration-test/target/test-dir/MiniOzoneClusterImpl-1a3a19ff-9f44-4757-9416-887d24d100c6/datanode-1/data/ratis/795603c9-06c9-4ecc-97cf-ade9c9bef30b/current/log_inprogress_0
2019-06-13 00:57:15,116 INFO  storage.RaftLogWorker (RaftLogWorker.java:execute(469)) - 53782a24-a1e2-433d-af7f-908d2ceac53b-RaftLogWorker: created new log segment /opt/src/hadoop-ozone/integration-test/target/test-dir/MiniOzoneClusterImpl-1a3a19ff-9f44-4757-9416-887d24d100c6/datanode-0/data/ratis/d1432add-92c2-4fed-9bb4-87ef3fbf2d40/current/log_inprogress_0
2019-06-13 00:57:15,146 INFO  impl.LeaderElection (LeaderElection.java:logAndReturn(56)) - 4392569d-cfa4-4a49-8240-d3d74a525666:group-BE9E1FF2565B:LeaderElection5: Election REJECTED; received 2 response(s) [4392569d-cfa4-4a49-8240-d3d74a525666->53782a24-a1e2-433d-af7f-908d2ceac53b,false-t1, 4392569d-cfa4-4a49-8240-d3d74a525666->f0cddabc-ae27-4e27-be84-189564718ab1,false-t1] and 0 exception(s); 4392569d-cfa4-4a49-8240-d3d74a525666:t1, leader=null, voted=4392569d-cfa4-4a49-8240-d3d74a525666, raftlog=4392569d-cfa4-4a49-8240-d3d74a525666-SegmentedRaftLog:OPENED:c-1,f-1,i0, conf=-1: [4392569d-cfa4-4a49-8240-d3d74a525666:192.168.19.49:43717, 53782a24-a1e2-433d-af7f-908d2ceac53b:192.168.19.49:39055, f0cddabc-ae27-4e27-be84-189564718ab1:192.168.19.49:46453], old=null
2019-06-13 00:57:15,147 INFO  impl.RaftServerImpl (RaftServerImpl.java:setRole(164)) - 4392569d-cfa4-4a49-8240-d3d74a525666:group-BE9E1FF2565B changes role from CANDIDATE to FOLLOWER at term 1 for DISCOVERED_A_NEW_TERM
2019-06-13 00:57:15,147 INFO  impl.RoleInfo (RoleInfo.java:shutdownLeaderElection(134)) - 4392569d-cfa4-4a49-8240-d3d74a525666: shutdown LeaderElection
2019-06-13 00:57:15,147 INFO  impl.RoleInfo (RoleInfo.java:updateAndGet(143)) - 4392569d-cfa4-4a49-8240-d3d74a525666: start FollowerState
2019-06-13 00:57:15,162 INFO  impl.FollowerState (FollowerState.java:run(101)) - c2150b6a-3632-4de2-b214-9f85a899c915:group-698DB33D507A changes to CANDIDATE, lastRpcTime:1165, electionTimeout:1164ms
2019-06-13 00:57:15,163 INFO  impl.RoleInfo (RoleInfo.java:shutdownFollowerState(121)) - c2150b6a-3632-4de2-b214-9f85a899c915: shutdown FollowerState
2019-06-13 00:57:15,164 INFO  impl.RaftServerImpl (RaftServerImpl.java:setRole(164)) - c2150b6a-3632-4de2-b214-9f85a899c915:group-698DB33D507A changes role from FOLLOWER to CANDIDATE at term 0 for changeToCandidate
2019-06-13 00:57:15,164 INFO  impl.RoleInfo (RoleInfo.java:updateAndGet(143)) - c2150b6a-3632-4de2-b214-9f85a899c915: start LeaderElection
2019-06-13 00:57:15,185 INFO  impl.LeaderElection (LeaderElection.java:askForVotes(181)) - c2150b6a-3632-4de2-b214-9f85a899c915:group-698DB33D507A:LeaderElection8: begin an election at term 1 for -1: [c2150b6a-3632-4de2-b214-9f85a899c915:192.168.19.49:39471], old=null
2019-06-13 00:57:15,185 INFO  impl.RoleInfo (RoleInfo.java:shutdownLeaderElection(134)) - c2150b6a-3632-4de2-b214-9f85a899c915: shutdown LeaderElection
2019-06-13 00:57:15,185 INFO  impl.RaftServerImpl (RaftServerImpl.java:setRole(164)) - c2150b6a-3632-4de2-b214-9f85a899c915:group-698DB33D507A changes role from CANDIDATE to LEADER at term 1 for changeToLeader
2019-06-13 00:57:15,185 INFO  impl.RaftServerImpl (ServerState.java:setLeader(263)) - c2150b6a-3632-4de2-b214-9f85a899c915:group-698DB33D507A change Leader from null to c2150b6a-3632-4de2-b214-9f85a899c915 at term 1 for becomeLeader, leader elected after 1190ms
2019-06-13 00:57:15,186 INFO  server.RaftServerConfigKeys (ConfUtils.java:logGet(43)) - raft.server.staging.catchup.gap = 1000 (default)
2019-06-13 00:57:15,187 INFO  server.RaftServerConfigKeys (ConfUtils.java:logGet(43)) - raft.server.rpc.sleep.time = 25ms (default)
2019-06-13 00:57:15,187 INFO  server.RaftServerConfigKeys (ConfUtils.java:logGet(43)) - raft.server.watch.timeout = 10s (default)
2019-06-13 00:57:15,187 INFO  impl.LeaderElection (LeaderElection.java:logAndReturn(56)) - 53782a24-a1e2-433d-af7f-908d2ceac53b:group-BE9E1FF2565B:LeaderElection7: Election REJECTED; received 2 response(s) [53782a24-a1e2-433d-af7f-908d2ceac53b->4392569d-cfa4-4a49-8240-d3d74a525666,false-t1, 53782a24-a1e2-433d-af7f-908d2ceac53b->f0cddabc-ae27-4e27-be84-189564718ab1,false-t1] and 0 exception(s); 53782a24-a1e2-433d-af7f-908d2ceac53b:t1, leader=null, voted=53782a24-a1e2-433d-af7f-908d2ceac53b, raftlog=53782a24-a1e2-433d-af7f-908d2ceac53b-SegmentedRaftLog:OPENED:c-1,f-1,i0, conf=-1: [4392569d-cfa4-4a49-8240-d3d74a525666:192.168.19.49:43717, 53782a24-a1e2-433d-af7f-908d2ceac53b:192.168.19.49:39055, f0cddabc-ae27-4e27-be84-189564718ab1:192.168.19.49:46453], old=null
2019-06-13 00:57:15,187 INFO  server.RaftServerConfigKeys (ConfUtils.java:logGet(43)) - raft.server.watch.timeout.denomination = 1s (default)
2019-06-13 00:57:15,187 INFO  impl.RaftServerImpl (RaftServerImpl.java:setRole(164)) - 53782a24-a1e2-433d-af7f-908d2ceac53b:group-BE9E1FF2565B changes role from CANDIDATE to FOLLOWER at term 1 for DISCOVERED_A_NEW_TERM
2019-06-13 00:57:15,189 INFO  impl.LeaderElection (LeaderElection.java:logAndReturn(56)) - f0cddabc-ae27-4e27-be84-189564718ab1:group-BE9E1FF2565B:LeaderElection6: Election REJECTED; received 2 response(s) [f0cddabc-ae27-4e27-be84-189564718ab1->4392569d-cfa4-4a49-8240-d3d74a525666,false-t1, f0cddabc-ae27-4e27-be84-189564718ab1->53782a24-a1e2-433d-af7f-908d2ceac53b,false-t1] and 0 exception(s); f0cddabc-ae27-4e27-be84-189564718ab1:t1, leader=null, voted=f0cddabc-ae27-4e27-be84-189564718ab1, raftlog=f0cddabc-ae27-4e27-be84-189564718ab1-SegmentedRaftLog:OPENED:c-1,f-1,i0, conf=-1: [4392569d-cfa4-4a49-8240-d3d74a525666:192.168.19.49:43717, 53782a24-a1e2-433d-af7f-908d2ceac53b:192.168.19.49:39055, f0cddabc-ae27-4e27-be84-189564718ab1:192.168.19.49:46453], old=null
2019-06-13 00:57:15,188 INFO  impl.RoleInfo (RoleInfo.java:updateAndGet(143)) - c2150b6a-3632-4de2-b214-9f85a899c915: start LeaderState
2019-06-13 00:57:15,189 INFO  impl.RaftServerImpl (RaftServerImpl.java:setRole(164)) - f0cddabc-ae27-4e27-be84-189564718ab1:group-BE9E1FF2565B changes role from CANDIDATE to FOLLOWER at term 1 for DISCOVERED_A_NEW_TERM
2019-06-13 00:57:15,191 INFO  impl.RoleInfo (RoleInfo.java:shutdownLeaderElection(134)) - f0cddabc-ae27-4e27-be84-189564718ab1: shutdown LeaderElection
2019-06-13 00:57:15,191 INFO  impl.RoleInfo (RoleInfo.java:updateAndGet(143)) - f0cddabc-ae27-4e27-be84-189564718ab1: start FollowerState
2019-06-13 00:57:15,189 INFO  impl.RoleInfo (RoleInfo.java:shutdownLeaderElection(134)) - 53782a24-a1e2-433d-af7f-908d2ceac53b: shutdown LeaderElection
2019-06-13 00:57:15,192 INFO  impl.RoleInfo (RoleInfo.java:updateAndGet(143)) - 53782a24-a1e2-433d-af7f-908d2ceac53b: start FollowerState
2019-06-13 00:57:15,190 INFO  storage.RaftLogWorker (RaftLogWorker.java:startLogSegment(298)) - c2150b6a-3632-4de2-b214-9f85a899c915-RaftLogWorker: Starting segment from index:0
2019-06-13 00:57:15,211 INFO  impl.RaftServerImpl (ServerState.java:setRaftConf(361)) - c2150b6a-3632-4de2-b214-9f85a899c915:group-698DB33D507A set configuration 0: [c2150b6a-3632-4de2-b214-9f85a899c915:192.168.19.49:39471], old=null at 0
2019-06-13 00:57:15,231 INFO  storage.RaftLogWorker (RaftLogWorker.java:execute(469)) - c2150b6a-3632-4de2-b214-9f85a899c915-RaftLogWorker: created new log segment /opt/src/hadoop-ozone/integration-test/target/test-dir/MiniOzoneClusterImpl-1a3a19ff-9f44-4757-9416-887d24d100c6/datanode-4/data/ratis/d4641cde-3834-4b7d-88cd-698db33d507a/current/log_inprogress_0
2019-06-13 00:57:15,269 INFO  ozone.MiniOzoneClusterImpl (MiniOzoneClusterImpl.java:lambda$waitForClusterToBeReady$0(142)) - Cluster is ready. Got 6 of 6 DN Heartbeats.
]]></system-out>
    <system-err><![CDATA[ERROR StatusLogger No Log4j 2 configuration file found. Using default configuration (logging only errors to the console), or user programmatically provided configurations. Set system property 'log4j2.debug' to show Log4j 2 internal initialization logging. See https://logging.apache.org/log4j/2.x/manual/configuration.html for instructions on how to configure Log4j 2
Jun 13, 2019 12:57:08 AM com.sun.jersey.server.impl.application.WebApplicationImpl _initiate
INFO: Initiating Jersey application, version 'Jersey: 1.19 02/11/2015 03:25 AM'
Jun 13, 2019 12:57:09 AM com.sun.jersey.server.impl.application.WebApplicationImpl _initiate
INFO: Initiating Jersey application, version 'Jersey: 1.19 02/11/2015 03:25 AM'
Jun 13, 2019 12:57:09 AM com.sun.jersey.server.impl.application.WebApplicationImpl _initiate
INFO: Initiating Jersey application, version 'Jersey: 1.19 02/11/2015 03:25 AM'
Jun 13, 2019 12:57:09 AM com.sun.jersey.server.impl.application.WebApplicationImpl _initiate
INFO: Initiating Jersey application, version 'Jersey: 1.19 02/11/2015 03:25 AM'
Jun 13, 2019 12:57:09 AM com.sun.jersey.server.impl.application.WebApplicationImpl _initiate
INFO: Initiating Jersey application, version 'Jersey: 1.19 02/11/2015 03:25 AM'
Jun 13, 2019 12:57:10 AM com.sun.jersey.server.impl.application.WebApplicationImpl _initiate
INFO: Initiating Jersey application, version 'Jersey: 1.19 02/11/2015 03:25 AM'
]]></system-err>
  </testcase>
</testsuite>