<?xml version="1.0" encoding="UTF-8"?>
<testsuite xmlns:xsi="http://www.w3.org/2001/XMLSchema-instance" xsi:noNamespaceSchemaLocation="https://maven.apache.org/surefire/maven-surefire-plugin/xsd/surefire-test-report.xsd" name="org.apache.hadoop.ozone.client.rpc.TestFailureHandlingByClient" time="122.529" tests="7" errors="1" skipped="0" failures="0">
  <properties>
    <property name="awt.toolkit" value="sun.awt.X11.XToolkit"/>
    <property name="file.encoding.pkg" value="sun.io"/>
    <property name="java.specification.version" value="1.8"/>
    <property name="sun.cpu.isalist" value=""/>
    <property name="sun.jnu.encoding" value="UTF-8"/>
    <property name="java.class.path" value="/opt/src/hadoop-ozone/integration-test/target/test-classes:/opt/src/hadoop-ozone/integration-test/target/classes:/root/.m2/repository/org/apache/hadoop/hadoop-ozone-common/0.5.0-SNAPSHOT/hadoop-ozone-common-0.5.0-SNAPSHOT.jar:/root/.m2/repository/org/apache/commons/commons-compress/1.4.1/commons-compress-1.4.1.jar:/root/.m2/repository/org/tukaani/xz/1.0/xz-1.0.jar:/root/.m2/repository/org/apache/hadoop/hadoop-common/3.2.0/hadoop-common-3.2.0.jar:/root/.m2/repository/org/apache/hadoop/hadoop-hdfs/3.2.0/hadoop-hdfs-3.2.0.jar:/root/.m2/repository/org/apache/hadoop/hadoop-hdfs-client/3.2.0/hadoop-hdfs-client-3.2.0.jar:/root/.m2/repository/com/fasterxml/jackson/core/jackson-annotations/2.9.5/jackson-annotations-2.9.5.jar:/root/.m2/repository/org/apache/hadoop/hadoop-hdds-common/0.5.0-SNAPSHOT/hadoop-hdds-common-0.5.0-SNAPSHOT.jar:/root/.m2/repository/javax/annotation/javax.annotation-api/1.2/javax.annotation-api-1.2.jar:/root/.m2/repository/org/apache/ratis/ratis-server/0.4.0-fe2b15d-SNAPSHOT/ratis-server-0.4.0-fe2b15d-SNAPSHOT.jar:/root/.m2/repository/org/apache/ratis/ratis-thirdparty-misc/0.2.0/ratis-thirdparty-misc-0.2.0.jar:/root/.m2/repository/org/apache/ratis/ratis-proto/0.4.0-fe2b15d-SNAPSHOT/ratis-proto-0.4.0-fe2b15d-SNAPSHOT.jar:/root/.m2/repository/org/apache/ratis/ratis-common/0.4.0-fe2b15d-SNAPSHOT/ratis-common-0.4.0-fe2b15d-SNAPSHOT.jar:/root/.m2/repository/org/apache/ratis/ratis-client/0.4.0-fe2b15d-SNAPSHOT/ratis-client-0.4.0-fe2b15d-SNAPSHOT.jar:/root/.m2/repository/org/apache/ratis/ratis-netty/0.4.0-fe2b15d-SNAPSHOT/ratis-netty-0.4.0-fe2b15d-SNAPSHOT.jar:/root/.m2/repository/org/apache/ratis/ratis-grpc/0.4.0-fe2b15d-SNAPSHOT/ratis-grpc-0.4.0-fe2b15d-SNAPSHOT.jar:/root/.m2/repository/org/rocksdb/rocksdbjni/5.14.2/rocksdbjni-5.14.2.jar:/root/.m2/repository/org/apache/logging/log4j/log4j-api/2.11.0/log4j-api-2.11.0.jar:/root/.m2/repository/org/apache/logging/log4j/log4j-core/2.11.0/log4j-core-2.11.0.jar:/root/.m2/repository/com/lmax/disruptor/3.4.2/disruptor-3.4.2.jar:/root/.m2/repository/org/apache/commons/commons-pool2/2.6.0/commons-pool2-2.6.0.jar:/root/.m2/repository/org/bouncycastle/bcpkix-jdk15on/1.60/bcpkix-jdk15on-1.60.jar:/root/.m2/repository/commons-validator/commons-validator/1.6/commons-validator-1.6.jar:/root/.m2/repository/commons-digester/commons-digester/1.8.1/commons-digester-1.8.1.jar:/root/.m2/repository/io/jaegertracing/jaeger-client/0.33.1/jaeger-client-0.33.1.jar:/root/.m2/repository/io/jaegertracing/jaeger-thrift/0.33.1/jaeger-thrift-0.33.1.jar:/root/.m2/repository/org/apache/thrift/libthrift/0.11.0/libthrift-0.11.0.jar:/root/.m2/repository/com/squareup/okhttp3/okhttp/3.9.0/okhttp-3.9.0.jar:/root/.m2/repository/com/squareup/okio/okio/1.13.0/okio-1.13.0.jar:/root/.m2/repository/io/jaegertracing/jaeger-core/0.33.1/jaeger-core-0.33.1.jar:/root/.m2/repository/io/jaegertracing/jaeger-tracerresolver/0.33.1/jaeger-tracerresolver-0.33.1.jar:/root/.m2/repository/io/opentracing/contrib/opentracing-tracerresolver/0.1.5/opentracing-tracerresolver-0.1.5.jar:/root/.m2/repository/io/opentracing/opentracing-util/0.31.0/opentracing-util-0.31.0.jar:/root/.m2/repository/io/opentracing/opentracing-api/0.31.0/opentracing-api-0.31.0.jar:/root/.m2/repository/io/opentracing/opentracing-noop/0.31.0/opentracing-noop-0.31.0.jar:/root/.m2/repository/org/apache/hadoop/hadoop-hdds-server-framework/0.5.0-SNAPSHOT/hadoop-hdds-server-framework-0.5.0-SNAPSHOT.jar:/root/.m2/repository/org/apache/hadoop/hadoop-hdds-server-scm/0.5.0-SNAPSHOT/hadoop-hdds-server-scm-0.5.0-SNAPSHOT.jar:/root/.m2/repository/org/apache/hadoop/hadoop-hdds-container-service/0.5.0-SNAPSHOT/hadoop-hdds-container-service-0.5.0-SNAPSHOT.jar:/root/.m2/repository/org/apache/hadoop/hadoop-hdds-client/0.5.0-SNAPSHOT/hadoop-hdds-client-0.5.0-SNAPSHOT.jar:/root/.m2/repository/org/apache/hadoop/hadoop-hdds-tools/0.5.0-SNAPSHOT/hadoop-hdds-tools-0.5.0-SNAPSHOT.jar:/root/.m2/repository/org/apache/hadoop/hadoop-ozone-ozone-manager/0.5.0-SNAPSHOT/hadoop-ozone-ozone-manager-0.5.0-SNAPSHOT.jar:/root/.m2/repository/org/apache/hadoop/hadoop-hdds-docs/0.5.0-SNAPSHOT/hadoop-hdds-docs-0.5.0-SNAPSHOT.jar:/root/.m2/repository/org/bouncycastle/bcprov-jdk15on/1.60/bcprov-jdk15on-1.60.jar:/root/.m2/repository/org/apache/hadoop/hadoop-minikdc/3.2.0/hadoop-minikdc-3.2.0.jar:/root/.m2/repository/commons-io/commons-io/2.5/commons-io-2.5.jar:/root/.m2/repository/org/apache/kerby/kerb-simplekdc/1.0.1/kerb-simplekdc-1.0.1.jar:/root/.m2/repository/org/apache/kerby/kerb-client/1.0.1/kerb-client-1.0.1.jar:/root/.m2/repository/org/apache/kerby/kerby-config/1.0.1/kerby-config-1.0.1.jar:/root/.m2/repository/org/apache/kerby/kerb-core/1.0.1/kerb-core-1.0.1.jar:/root/.m2/repository/org/apache/kerby/kerby-pkix/1.0.1/kerby-pkix-1.0.1.jar:/root/.m2/repository/org/apache/kerby/kerby-asn1/1.0.1/kerby-asn1-1.0.1.jar:/root/.m2/repository/org/apache/kerby/kerby-util/1.0.1/kerby-util-1.0.1.jar:/root/.m2/repository/org/apache/kerby/kerb-common/1.0.1/kerb-common-1.0.1.jar:/root/.m2/repository/org/apache/kerby/kerb-crypto/1.0.1/kerb-crypto-1.0.1.jar:/root/.m2/repository/org/apache/kerby/kerb-util/1.0.1/kerb-util-1.0.1.jar:/root/.m2/repository/org/apache/kerby/token-provider/1.0.1/token-provider-1.0.1.jar:/root/.m2/repository/org/apache/kerby/kerb-admin/1.0.1/kerb-admin-1.0.1.jar:/root/.m2/repository/org/apache/kerby/kerb-server/1.0.1/kerb-server-1.0.1.jar:/root/.m2/repository/org/apache/kerby/kerb-identity/1.0.1/kerb-identity-1.0.1.jar:/root/.m2/repository/org/apache/kerby/kerby-xdr/1.0.1/kerby-xdr-1.0.1.jar:/root/.m2/repository/org/slf4j/slf4j-log4j12/1.7.25/slf4j-log4j12-1.7.25.jar:/root/.m2/repository/org/apache/hadoop/hadoop-ozone-objectstore-service/0.5.0-SNAPSHOT/hadoop-ozone-objectstore-service-0.5.0-SNAPSHOT.jar:/root/.m2/repository/org/apache/hadoop/hadoop-ozone-s3gateway/0.5.0-SNAPSHOT/hadoop-ozone-s3gateway-0.5.0-SNAPSHOT.jar:/root/.m2/repository/org/jboss/weld/servlet/weld-servlet/2.4.7.Final/weld-servlet-2.4.7.Final.jar:/root/.m2/repository/org/glassfish/jersey/containers/jersey-container-servlet-core/2.27/jersey-container-servlet-core-2.27.jar:/root/.m2/repository/org/glassfish/hk2/external/javax.inject/2.5.0-b42/javax.inject-2.5.0-b42.jar:/root/.m2/repository/org/glassfish/jersey/core/jersey-common/2.27/jersey-common-2.27.jar:/root/.m2/repository/org/glassfish/hk2/osgi-resource-locator/1.0.1/osgi-resource-locator-1.0.1.jar:/root/.m2/repository/javax/ws/rs/javax.ws.rs-api/2.1/javax.ws.rs-api-2.1.jar:/root/.m2/repository/org/glassfish/jersey/ext/cdi/jersey-cdi1x/2.27/jersey-cdi1x-2.27.jar:/root/.m2/repository/org/glassfish/jersey/inject/jersey-hk2/2.27/jersey-hk2-2.27.jar:/root/.m2/repository/org/glassfish/hk2/hk2-locator/2.5.0-b42/hk2-locator-2.5.0-b42.jar:/root/.m2/repository/org/javassist/javassist/3.22.0-CR2/javassist-3.22.0-CR2.jar:/root/.m2/repository/org/glassfish/hk2/hk2-api/2.5.0/hk2-api-2.5.0.jar:/root/.m2/repository/org/glassfish/hk2/external/jakarta.inject/2.5.0/jakarta.inject-2.5.0.jar:/root/.m2/repository/org/glassfish/hk2/hk2-utils/2.5.0/hk2-utils-2.5.0.jar:/root/.m2/repository/jakarta/annotation/jakarta.annotation-api/1.3.4/jakarta.annotation-api-1.3.4.jar:/root/.m2/repository/org/glassfish/hk2/external/aopalliance-repackaged/2.5.0/aopalliance-repackaged-2.5.0.jar:/root/.m2/repository/com/fasterxml/jackson/dataformat/jackson-dataformat-xml/2.9.0/jackson-dataformat-xml-2.9.0.jar:/root/.m2/repository/com/fasterxml/jackson/core/jackson-core/2.9.5/jackson-core-2.9.5.jar:/root/.m2/repository/com/fasterxml/jackson/module/jackson-module-jaxb-annotations/2.9.5/jackson-module-jaxb-annotations-2.9.5.jar:/root/.m2/repository/javax/enterprise/cdi-api/1.2/cdi-api-1.2.jar:/root/.m2/repository/javax/el/javax.el-api/3.0.0/javax.el-api-3.0.0.jar:/root/.m2/repository/javax/interceptor/javax.interceptor-api/1.2/javax.interceptor-api-1.2.jar:/root/.m2/repository/javax/inject/javax.inject/1/javax.inject-1.jar:/root/.m2/repository/com/sun/xml/bind/jaxb-impl/2.3.0.1/jaxb-impl-2.3.0.1.jar:/root/.m2/repository/com/sun/xml/bind/jaxb-core/2.3.0.1/jaxb-core-2.3.0.1.jar:/root/.m2/repository/javax/xml/bind/jaxb-api/2.3.0/jaxb-api-2.3.0.jar:/root/.m2/repository/javax/activation/activation/1.1.1/activation-1.1.1.jar:/root/.m2/repository/org/apache/hadoop/hadoop-ozone-csi/0.5.0-SNAPSHOT/hadoop-ozone-csi-0.5.0-SNAPSHOT.jar:/root/.m2/repository/com/google/protobuf/protobuf-java-util/3.5.1/protobuf-java-util-3.5.1.jar:/root/.m2/repository/org/apache/hadoop/hadoop-hdds-config/0.5.0-SNAPSHOT/hadoop-hdds-config-0.5.0-SNAPSHOT.jar:/root/.m2/repository/com/google/guava/guava/11.0.2/guava-11.0.2.jar:/root/.m2/repository/com/google/protobuf/protobuf-java/2.5.0/protobuf-java-2.5.0.jar:/root/.m2/repository/io/grpc/grpc-netty/1.17.1/grpc-netty-1.17.1.jar:/root/.m2/repository/io/grpc/grpc-core/1.17.1/grpc-core-1.17.1.jar:/root/.m2/repository/io/grpc/grpc-context/1.17.1/grpc-context-1.17.1.jar:/root/.m2/repository/com/google/errorprone/error_prone_annotations/2.2.0/error_prone_annotations-2.2.0.jar:/root/.m2/repository/org/codehaus/mojo/animal-sniffer-annotations/1.17/animal-sniffer-annotations-1.17.jar:/root/.m2/repository/io/opencensus/opencensus-api/0.17.0/opencensus-api-0.17.0.jar:/root/.m2/repository/io/opencensus/opencensus-contrib-grpc-metrics/0.17.0/opencensus-contrib-grpc-metrics-0.17.0.jar:/root/.m2/repository/io/netty/netty-codec-http2/4.1.30.Final/netty-codec-http2-4.1.30.Final.jar:/root/.m2/repository/io/netty/netty-codec-http/4.1.30.Final/netty-codec-http-4.1.30.Final.jar:/root/.m2/repository/io/netty/netty-codec/4.1.30.Final/netty-codec-4.1.30.Final.jar:/root/.m2/repository/io/netty/netty-handler/4.1.30.Final/netty-handler-4.1.30.Final.jar:/root/.m2/repository/io/netty/netty-handler-proxy/4.1.30.Final/netty-handler-proxy-4.1.30.Final.jar:/root/.m2/repository/io/netty/netty-codec-socks/4.1.30.Final/netty-codec-socks-4.1.30.Final.jar:/root/.m2/repository/io/netty/netty-transport-native-epoll/4.1.30.Final/netty-transport-native-epoll-4.1.30.Final.jar:/root/.m2/repository/io/netty/netty-common/4.1.30.Final/netty-common-4.1.30.Final.jar:/root/.m2/repository/io/netty/netty-buffer/4.1.30.Final/netty-buffer-4.1.30.Final.jar:/root/.m2/repository/io/netty/netty-transport/4.1.30.Final/netty-transport-4.1.30.Final.jar:/root/.m2/repository/io/netty/netty-resolver/4.1.30.Final/netty-resolver-4.1.30.Final.jar:/root/.m2/repository/io/netty/netty-transport-native-unix-common/4.1.30.Final/netty-transport-native-unix-common-4.1.30.Final.jar:/root/.m2/repository/io/grpc/grpc-protobuf/1.17.1/grpc-protobuf-1.17.1.jar:/root/.m2/repository/com/google/api/grpc/proto-google-common-protos/1.0.0/proto-google-common-protos-1.0.0.jar:/root/.m2/repository/io/grpc/grpc-protobuf-lite/1.17.1/grpc-protobuf-lite-1.17.1.jar:/root/.m2/repository/io/grpc/grpc-stub/1.17.1/grpc-stub-1.17.1.jar:/root/.m2/repository/org/apache/hadoop/hadoop-ozone-recon/0.5.0-SNAPSHOT/hadoop-ozone-recon-0.5.0-SNAPSHOT.jar:/root/.m2/repository/org/apache/hadoop/hadoop-ozone-reconcodegen/0.5.0-SNAPSHOT/hadoop-ozone-reconcodegen-0.5.0-SNAPSHOT.jar:/root/.m2/repository/com/google/inject/extensions/guice-multibindings/4.0/guice-multibindings-4.0.jar:/root/.m2/repository/com/google/inject/guice/4.0/guice-4.0.jar:/root/.m2/repository/aopalliance/aopalliance/1.0/aopalliance-1.0.jar:/root/.m2/repository/com/google/inject/extensions/guice-servlet/4.0/guice-servlet-4.0.jar:/root/.m2/repository/org/glassfish/jersey/containers/jersey-container-servlet/2.27/jersey-container-servlet-2.27.jar:/root/.m2/repository/org/glassfish/hk2/guice-bridge/2.5.0/guice-bridge-2.5.0.jar:/root/.m2/repository/org/glassfish/jersey/core/jersey-server/2.27/jersey-server-2.27.jar:/root/.m2/repository/org/glassfish/jersey/core/jersey-client/2.27/jersey-client-2.27.jar:/root/.m2/repository/org/glassfish/jersey/media/jersey-media-jaxb/2.27/jersey-media-jaxb-2.27.jar:/root/.m2/repository/javax/validation/validation-api/1.1.0.Final/validation-api-1.1.0.Final.jar:/root/.m2/repository/org/glassfish/jersey/media/jersey-media-json-jackson/2.27/jersey-media-json-jackson-2.27.jar:/root/.m2/repository/org/glassfish/jersey/ext/jersey-entity-filtering/2.27/jersey-entity-filtering-2.27.jar:/root/.m2/repository/com/google/inject/extensions/guice-assistedinject/4.0/guice-assistedinject-4.0.jar:/root/.m2/repository/org/jooq/jooq/3.11.10/jooq-3.11.10.jar:/root/.m2/repository/org/jooq/jooq-meta/3.11.10/jooq-meta-3.11.10.jar:/root/.m2/repository/org/jooq/jooq-codegen/3.11.10/jooq-codegen-3.11.10.jar:/root/.m2/repository/com/jolbox/bonecp/0.8.0.RELEASE/bonecp-0.8.0.RELEASE.jar:/root/.m2/repository/org/xerial/sqlite-jdbc/3.25.2/sqlite-jdbc-3.25.2.jar:/root/.m2/repository/org/springframework/spring-jdbc/5.1.3.RELEASE/spring-jdbc-5.1.3.RELEASE.jar:/root/.m2/repository/org/springframework/spring-beans/5.1.3.RELEASE/spring-beans-5.1.3.RELEASE.jar:/root/.m2/repository/org/springframework/spring-core/5.1.3.RELEASE/spring-core-5.1.3.RELEASE.jar:/root/.m2/repository/org/springframework/spring-jcl/5.1.3.RELEASE/spring-jcl-5.1.3.RELEASE.jar:/root/.m2/repository/org/springframework/spring-tx/5.1.3.RELEASE/spring-tx-5.1.3.RELEASE.jar:/root/.m2/repository/org/apache/hadoop/hadoop-ozone-client/0.5.0-SNAPSHOT/hadoop-ozone-client-0.5.0-SNAPSHOT.jar:/root/.m2/repository/org/apache/hadoop/hadoop-ozone-ozone-manager/0.5.0-SNAPSHOT/hadoop-ozone-ozone-manager-0.5.0-SNAPSHOT-tests.jar:/root/.m2/repository/junit/junit/4.11/junit-4.11.jar:/root/.m2/repository/org/hamcrest/hamcrest-core/1.3/hamcrest-core-1.3.jar:/root/.m2/repository/org/openjdk/jmh/jmh-core/1.19/jmh-core-1.19.jar:/root/.m2/repository/net/sf/jopt-simple/jopt-simple/4.6/jopt-simple-4.6.jar:/root/.m2/repository/org/apache/commons/commons-math3/3.1.1/commons-math3-3.1.1.jar:/root/.m2/repository/org/openjdk/jmh/jmh-generator-annprocess/1.19/jmh-generator-annprocess-1.19.jar:/root/.m2/repository/org/mockito/mockito-all/1.8.5/mockito-all-1.8.5.jar:/root/.m2/repository/org/apache/hadoop/hadoop-kms/3.2.0/hadoop-kms-3.2.0.jar:/root/.m2/repository/org/apache/hadoop/hadoop-auth/3.2.0/hadoop-auth-3.2.0.jar:/root/.m2/repository/com/nimbusds/nimbus-jose-jwt/4.41.1/nimbus-jose-jwt-4.41.1.jar:/root/.m2/repository/com/github/stephenc/jcip/jcip-annotations/1.0-1/jcip-annotations-1.0-1.jar:/root/.m2/repository/net/minidev/json-smart/2.3/json-smart-2.3.jar:/root/.m2/repository/net/minidev/accessors-smart/1.2/accessors-smart-1.2.jar:/root/.m2/repository/org/ow2/asm/asm/5.0.4/asm-5.0.4.jar:/root/.m2/repository/org/apache/curator/curator-framework/2.12.0/curator-framework-2.12.0.jar:/root/.m2/repository/com/sun/jersey/jersey-core/1.19/jersey-core-1.19.jar:/root/.m2/repository/javax/ws/rs/jsr311-api/1.1.1/jsr311-api-1.1.1.jar:/root/.m2/repository/com/sun/jersey/jersey-server/1.19/jersey-server-1.19.jar:/root/.m2/repository/javax/servlet/javax.servlet-api/3.1.0/javax.servlet-api-3.1.0.jar:/root/.m2/repository/org/eclipse/jetty/jetty-server/9.3.24.v20180605/jetty-server-9.3.24.v20180605.jar:/root/.m2/repository/org/eclipse/jetty/jetty-http/9.3.24.v20180605/jetty-http-9.3.24.v20180605.jar:/root/.m2/repository/org/eclipse/jetty/jetty-io/9.3.24.v20180605/jetty-io-9.3.24.v20180605.jar:/root/.m2/repository/org/eclipse/jetty/jetty-webapp/9.3.24.v20180605/jetty-webapp-9.3.24.v20180605.jar:/root/.m2/repository/org/eclipse/jetty/jetty-xml/9.3.24.v20180605/jetty-xml-9.3.24.v20180605.jar:/root/.m2/repository/log4j/log4j/1.2.17/log4j-1.2.17.jar:/root/.m2/repository/org/slf4j/slf4j-api/1.7.25/slf4j-api-1.7.25.jar:/root/.m2/repository/org/slf4j/jul-to-slf4j/1.7.25/jul-to-slf4j-1.7.25.jar:/root/.m2/repository/org/eclipse/jetty/jetty-util/9.3.24.v20180605/jetty-util-9.3.24.v20180605.jar:/root/.m2/repository/io/dropwizard/metrics/metrics-core/3.2.4/metrics-core-3.2.4.jar:/root/.m2/repository/com/fasterxml/jackson/core/jackson-databind/2.9.5/jackson-databind-2.9.5.jar:/root/.m2/repository/org/apache/hadoop/hadoop-kms/3.2.0/hadoop-kms-3.2.0-tests.jar:/root/.m2/repository/org/apache/hadoop/hadoop-hdds-server-scm/0.5.0-SNAPSHOT/hadoop-hdds-server-scm-0.5.0-SNAPSHOT-tests.jar:/root/.m2/repository/org/hamcrest/hamcrest-all/1.3/hamcrest-all-1.3.jar:/root/.m2/repository/info/picocli/picocli/3.9.6/picocli-3.9.6.jar:/root/.m2/repository/org/apache/hadoop/hadoop-hdds-container-service/0.5.0-SNAPSHOT/hadoop-hdds-container-service-0.5.0-SNAPSHOT-tests.jar:/root/.m2/repository/org/yaml/snakeyaml/1.16/snakeyaml-1.16.jar:/root/.m2/repository/org/apache/hadoop/hadoop-common/3.2.0/hadoop-common-3.2.0-tests.jar:/root/.m2/repository/org/apache/hadoop/hadoop-annotations/3.2.0/hadoop-annotations-3.2.0.jar:/usr/lib/jvm/java-1.8-openjdk/jre/../lib/tools.jar:/root/.m2/repository/commons-cli/commons-cli/1.2/commons-cli-1.2.jar:/root/.m2/repository/org/apache/httpcomponents/httpclient/4.5.2/httpclient-4.5.2.jar:/root/.m2/repository/org/apache/httpcomponents/httpcore/4.4.4/httpcore-4.4.4.jar:/root/.m2/repository/commons-codec/commons-codec/1.11/commons-codec-1.11.jar:/root/.m2/repository/commons-net/commons-net/3.6/commons-net-3.6.jar:/root/.m2/repository/commons-collections/commons-collections/3.2.2/commons-collections-3.2.2.jar:/root/.m2/repository/org/eclipse/jetty/jetty-servlet/9.3.24.v20180605/jetty-servlet-9.3.24.v20180605.jar:/root/.m2/repository/org/eclipse/jetty/jetty-security/9.3.24.v20180605/jetty-security-9.3.24.v20180605.jar:/root/.m2/repository/javax/servlet/jsp/jsp-api/2.1/jsp-api-2.1.jar:/root/.m2/repository/com/sun/jersey/jersey-servlet/1.19/jersey-servlet-1.19.jar:/root/.m2/repository/com/sun/jersey/jersey-json/1.19/jersey-json-1.19.jar:/root/.m2/repository/org/codehaus/jettison/jettison/1.1/jettison-1.1.jar:/root/.m2/repository/org/codehaus/jackson/jackson-core-asl/1.9.13/jackson-core-asl-1.9.13.jar:/root/.m2/repository/org/codehaus/jackson/jackson-mapper-asl/1.9.13/jackson-mapper-asl-1.9.13.jar:/root/.m2/repository/org/codehaus/jackson/jackson-jaxrs/1.9.13/jackson-jaxrs-1.9.13.jar:/root/.m2/repository/org/codehaus/jackson/jackson-xc/1.9.13/jackson-xc-1.9.13.jar:/root/.m2/repository/commons-logging/commons-logging/1.1.3/commons-logging-1.1.3.jar:/root/.m2/repository/commons-beanutils/commons-beanutils/1.9.3/commons-beanutils-1.9.3.jar:/root/.m2/repository/org/apache/commons/commons-configuration2/2.1.1/commons-configuration2-2.1.1.jar:/root/.m2/repository/org/apache/commons/commons-lang3/3.7/commons-lang3-3.7.jar:/root/.m2/repository/org/apache/commons/commons-text/1.4/commons-text-1.4.jar:/root/.m2/repository/org/apache/avro/avro/1.7.7/avro-1.7.7.jar:/root/.m2/repository/com/thoughtworks/paranamer/paranamer/2.3/paranamer-2.3.jar:/root/.m2/repository/org/xerial/snappy/snappy-java/1.0.5/snappy-java-1.0.5.jar:/root/.m2/repository/com/google/re2j/re2j/1.1/re2j-1.1.jar:/root/.m2/repository/com/google/code/gson/gson/2.2.4/gson-2.2.4.jar:/root/.m2/repository/com/jcraft/jsch/0.1.54/jsch-0.1.54.jar:/root/.m2/repository/org/apache/curator/curator-client/2.12.0/curator-client-2.12.0.jar:/root/.m2/repository/org/apache/curator/curator-recipes/2.12.0/curator-recipes-2.12.0.jar:/root/.m2/repository/com/google/code/findbugs/jsr305/3.0.0/jsr305-3.0.0.jar:/root/.m2/repository/org/apache/htrace/htrace-core4/4.1.0-incubating/htrace-core4-4.1.0-incubating.jar:/root/.m2/repository/org/apache/zookeeper/zookeeper/3.4.13/zookeeper-3.4.13.jar:/root/.m2/repository/org/apache/yetus/audience-annotations/0.5.0/audience-annotations-0.5.0.jar:/root/.m2/repository/org/codehaus/woodstox/stax2-api/3.1.4/stax2-api-3.1.4.jar:/root/.m2/repository/com/fasterxml/woodstox/woodstox-core/5.0.3/woodstox-core-5.0.3.jar:/root/.m2/repository/dnsjava/dnsjava/2.1.7/dnsjava-2.1.7.jar:/root/.m2/repository/org/apache/hadoop/hadoop-hdfs/3.2.0/hadoop-hdfs-3.2.0-tests.jar:/root/.m2/repository/org/eclipse/jetty/jetty-util-ajax/9.3.24.v20180605/jetty-util-ajax-9.3.24.v20180605.jar:/root/.m2/repository/commons-daemon/commons-daemon/1.0.13/commons-daemon-1.0.13.jar:/root/.m2/repository/io/netty/netty/3.10.5.Final/netty-3.10.5.Final.jar:/root/.m2/repository/io/netty/netty-all/4.0.52.Final/netty-all-4.0.52.Final.jar:/root/.m2/repository/org/fusesource/leveldbjni/leveldbjni-all/1.8/leveldbjni-all-1.8.jar:"/>
    <property name="java.vm.vendor" value="IcedTea"/>
    <property name="sun.arch.data.model" value="64"/>
    <property name="test.build.dir" value="/opt/src/hadoop-ozone/integration-test/target/test-dir"/>
    <property name="test.cache.data" value=""/>
    <property name="java.vendor.url" value="https://icedtea.classpath.org"/>
    <property name="user.timezone" value=""/>
    <property name="java.vm.specification.version" value="1.8"/>
    <property name="os.name" value="Linux"/>
    <property name="test.build.data" value="/opt/src/hadoop-ozone/integration-test/target/test-dir"/>
    <property name="user.country" value="US"/>
    <property name="sun.java.launcher" value="SUN_STANDARD"/>
    <property name="sun.boot.library.path" value="/usr/lib/jvm/java-1.8-openjdk/jre/lib/amd64"/>
    <property name="sun.java.command" value="/opt/src/hadoop-ozone/integration-test/target/surefire/surefirebooter275799173842746341.jar /opt/src/hadoop-ozone/integration-test/target/surefire 2019-06-13T00-53-08_679-jvmRun1 surefire3576864728292676311tmp surefire_122477515806240131067tmp"/>
    <property name="surefire.test.class.path" value="/opt/src/hadoop-ozone/integration-test/target/test-classes:/opt/src/hadoop-ozone/integration-test/target/classes:/root/.m2/repository/org/apache/hadoop/hadoop-ozone-common/0.5.0-SNAPSHOT/hadoop-ozone-common-0.5.0-SNAPSHOT.jar:/root/.m2/repository/org/apache/commons/commons-compress/1.4.1/commons-compress-1.4.1.jar:/root/.m2/repository/org/tukaani/xz/1.0/xz-1.0.jar:/root/.m2/repository/org/apache/hadoop/hadoop-common/3.2.0/hadoop-common-3.2.0.jar:/root/.m2/repository/org/apache/hadoop/hadoop-hdfs/3.2.0/hadoop-hdfs-3.2.0.jar:/root/.m2/repository/org/apache/hadoop/hadoop-hdfs-client/3.2.0/hadoop-hdfs-client-3.2.0.jar:/root/.m2/repository/com/fasterxml/jackson/core/jackson-annotations/2.9.5/jackson-annotations-2.9.5.jar:/root/.m2/repository/org/apache/hadoop/hadoop-hdds-common/0.5.0-SNAPSHOT/hadoop-hdds-common-0.5.0-SNAPSHOT.jar:/root/.m2/repository/javax/annotation/javax.annotation-api/1.2/javax.annotation-api-1.2.jar:/root/.m2/repository/org/apache/ratis/ratis-server/0.4.0-fe2b15d-SNAPSHOT/ratis-server-0.4.0-fe2b15d-SNAPSHOT.jar:/root/.m2/repository/org/apache/ratis/ratis-thirdparty-misc/0.2.0/ratis-thirdparty-misc-0.2.0.jar:/root/.m2/repository/org/apache/ratis/ratis-proto/0.4.0-fe2b15d-SNAPSHOT/ratis-proto-0.4.0-fe2b15d-SNAPSHOT.jar:/root/.m2/repository/org/apache/ratis/ratis-common/0.4.0-fe2b15d-SNAPSHOT/ratis-common-0.4.0-fe2b15d-SNAPSHOT.jar:/root/.m2/repository/org/apache/ratis/ratis-client/0.4.0-fe2b15d-SNAPSHOT/ratis-client-0.4.0-fe2b15d-SNAPSHOT.jar:/root/.m2/repository/org/apache/ratis/ratis-netty/0.4.0-fe2b15d-SNAPSHOT/ratis-netty-0.4.0-fe2b15d-SNAPSHOT.jar:/root/.m2/repository/org/apache/ratis/ratis-grpc/0.4.0-fe2b15d-SNAPSHOT/ratis-grpc-0.4.0-fe2b15d-SNAPSHOT.jar:/root/.m2/repository/org/rocksdb/rocksdbjni/5.14.2/rocksdbjni-5.14.2.jar:/root/.m2/repository/org/apache/logging/log4j/log4j-api/2.11.0/log4j-api-2.11.0.jar:/root/.m2/repository/org/apache/logging/log4j/log4j-core/2.11.0/log4j-core-2.11.0.jar:/root/.m2/repository/com/lmax/disruptor/3.4.2/disruptor-3.4.2.jar:/root/.m2/repository/org/apache/commons/commons-pool2/2.6.0/commons-pool2-2.6.0.jar:/root/.m2/repository/org/bouncycastle/bcpkix-jdk15on/1.60/bcpkix-jdk15on-1.60.jar:/root/.m2/repository/commons-validator/commons-validator/1.6/commons-validator-1.6.jar:/root/.m2/repository/commons-digester/commons-digester/1.8.1/commons-digester-1.8.1.jar:/root/.m2/repository/io/jaegertracing/jaeger-client/0.33.1/jaeger-client-0.33.1.jar:/root/.m2/repository/io/jaegertracing/jaeger-thrift/0.33.1/jaeger-thrift-0.33.1.jar:/root/.m2/repository/org/apache/thrift/libthrift/0.11.0/libthrift-0.11.0.jar:/root/.m2/repository/com/squareup/okhttp3/okhttp/3.9.0/okhttp-3.9.0.jar:/root/.m2/repository/com/squareup/okio/okio/1.13.0/okio-1.13.0.jar:/root/.m2/repository/io/jaegertracing/jaeger-core/0.33.1/jaeger-core-0.33.1.jar:/root/.m2/repository/io/jaegertracing/jaeger-tracerresolver/0.33.1/jaeger-tracerresolver-0.33.1.jar:/root/.m2/repository/io/opentracing/contrib/opentracing-tracerresolver/0.1.5/opentracing-tracerresolver-0.1.5.jar:/root/.m2/repository/io/opentracing/opentracing-util/0.31.0/opentracing-util-0.31.0.jar:/root/.m2/repository/io/opentracing/opentracing-api/0.31.0/opentracing-api-0.31.0.jar:/root/.m2/repository/io/opentracing/opentracing-noop/0.31.0/opentracing-noop-0.31.0.jar:/root/.m2/repository/org/apache/hadoop/hadoop-hdds-server-framework/0.5.0-SNAPSHOT/hadoop-hdds-server-framework-0.5.0-SNAPSHOT.jar:/root/.m2/repository/org/apache/hadoop/hadoop-hdds-server-scm/0.5.0-SNAPSHOT/hadoop-hdds-server-scm-0.5.0-SNAPSHOT.jar:/root/.m2/repository/org/apache/hadoop/hadoop-hdds-container-service/0.5.0-SNAPSHOT/hadoop-hdds-container-service-0.5.0-SNAPSHOT.jar:/root/.m2/repository/org/apache/hadoop/hadoop-hdds-client/0.5.0-SNAPSHOT/hadoop-hdds-client-0.5.0-SNAPSHOT.jar:/root/.m2/repository/org/apache/hadoop/hadoop-hdds-tools/0.5.0-SNAPSHOT/hadoop-hdds-tools-0.5.0-SNAPSHOT.jar:/root/.m2/repository/org/apache/hadoop/hadoop-ozone-ozone-manager/0.5.0-SNAPSHOT/hadoop-ozone-ozone-manager-0.5.0-SNAPSHOT.jar:/root/.m2/repository/org/apache/hadoop/hadoop-hdds-docs/0.5.0-SNAPSHOT/hadoop-hdds-docs-0.5.0-SNAPSHOT.jar:/root/.m2/repository/org/bouncycastle/bcprov-jdk15on/1.60/bcprov-jdk15on-1.60.jar:/root/.m2/repository/org/apache/hadoop/hadoop-minikdc/3.2.0/hadoop-minikdc-3.2.0.jar:/root/.m2/repository/commons-io/commons-io/2.5/commons-io-2.5.jar:/root/.m2/repository/org/apache/kerby/kerb-simplekdc/1.0.1/kerb-simplekdc-1.0.1.jar:/root/.m2/repository/org/apache/kerby/kerb-client/1.0.1/kerb-client-1.0.1.jar:/root/.m2/repository/org/apache/kerby/kerby-config/1.0.1/kerby-config-1.0.1.jar:/root/.m2/repository/org/apache/kerby/kerb-core/1.0.1/kerb-core-1.0.1.jar:/root/.m2/repository/org/apache/kerby/kerby-pkix/1.0.1/kerby-pkix-1.0.1.jar:/root/.m2/repository/org/apache/kerby/kerby-asn1/1.0.1/kerby-asn1-1.0.1.jar:/root/.m2/repository/org/apache/kerby/kerby-util/1.0.1/kerby-util-1.0.1.jar:/root/.m2/repository/org/apache/kerby/kerb-common/1.0.1/kerb-common-1.0.1.jar:/root/.m2/repository/org/apache/kerby/kerb-crypto/1.0.1/kerb-crypto-1.0.1.jar:/root/.m2/repository/org/apache/kerby/kerb-util/1.0.1/kerb-util-1.0.1.jar:/root/.m2/repository/org/apache/kerby/token-provider/1.0.1/token-provider-1.0.1.jar:/root/.m2/repository/org/apache/kerby/kerb-admin/1.0.1/kerb-admin-1.0.1.jar:/root/.m2/repository/org/apache/kerby/kerb-server/1.0.1/kerb-server-1.0.1.jar:/root/.m2/repository/org/apache/kerby/kerb-identity/1.0.1/kerb-identity-1.0.1.jar:/root/.m2/repository/org/apache/kerby/kerby-xdr/1.0.1/kerby-xdr-1.0.1.jar:/root/.m2/repository/org/slf4j/slf4j-log4j12/1.7.25/slf4j-log4j12-1.7.25.jar:/root/.m2/repository/org/apache/hadoop/hadoop-ozone-objectstore-service/0.5.0-SNAPSHOT/hadoop-ozone-objectstore-service-0.5.0-SNAPSHOT.jar:/root/.m2/repository/org/apache/hadoop/hadoop-ozone-s3gateway/0.5.0-SNAPSHOT/hadoop-ozone-s3gateway-0.5.0-SNAPSHOT.jar:/root/.m2/repository/org/jboss/weld/servlet/weld-servlet/2.4.7.Final/weld-servlet-2.4.7.Final.jar:/root/.m2/repository/org/glassfish/jersey/containers/jersey-container-servlet-core/2.27/jersey-container-servlet-core-2.27.jar:/root/.m2/repository/org/glassfish/hk2/external/javax.inject/2.5.0-b42/javax.inject-2.5.0-b42.jar:/root/.m2/repository/org/glassfish/jersey/core/jersey-common/2.27/jersey-common-2.27.jar:/root/.m2/repository/org/glassfish/hk2/osgi-resource-locator/1.0.1/osgi-resource-locator-1.0.1.jar:/root/.m2/repository/javax/ws/rs/javax.ws.rs-api/2.1/javax.ws.rs-api-2.1.jar:/root/.m2/repository/org/glassfish/jersey/ext/cdi/jersey-cdi1x/2.27/jersey-cdi1x-2.27.jar:/root/.m2/repository/org/glassfish/jersey/inject/jersey-hk2/2.27/jersey-hk2-2.27.jar:/root/.m2/repository/org/glassfish/hk2/hk2-locator/2.5.0-b42/hk2-locator-2.5.0-b42.jar:/root/.m2/repository/org/javassist/javassist/3.22.0-CR2/javassist-3.22.0-CR2.jar:/root/.m2/repository/org/glassfish/hk2/hk2-api/2.5.0/hk2-api-2.5.0.jar:/root/.m2/repository/org/glassfish/hk2/external/jakarta.inject/2.5.0/jakarta.inject-2.5.0.jar:/root/.m2/repository/org/glassfish/hk2/hk2-utils/2.5.0/hk2-utils-2.5.0.jar:/root/.m2/repository/jakarta/annotation/jakarta.annotation-api/1.3.4/jakarta.annotation-api-1.3.4.jar:/root/.m2/repository/org/glassfish/hk2/external/aopalliance-repackaged/2.5.0/aopalliance-repackaged-2.5.0.jar:/root/.m2/repository/com/fasterxml/jackson/dataformat/jackson-dataformat-xml/2.9.0/jackson-dataformat-xml-2.9.0.jar:/root/.m2/repository/com/fasterxml/jackson/core/jackson-core/2.9.5/jackson-core-2.9.5.jar:/root/.m2/repository/com/fasterxml/jackson/module/jackson-module-jaxb-annotations/2.9.5/jackson-module-jaxb-annotations-2.9.5.jar:/root/.m2/repository/javax/enterprise/cdi-api/1.2/cdi-api-1.2.jar:/root/.m2/repository/javax/el/javax.el-api/3.0.0/javax.el-api-3.0.0.jar:/root/.m2/repository/javax/interceptor/javax.interceptor-api/1.2/javax.interceptor-api-1.2.jar:/root/.m2/repository/javax/inject/javax.inject/1/javax.inject-1.jar:/root/.m2/repository/com/sun/xml/bind/jaxb-impl/2.3.0.1/jaxb-impl-2.3.0.1.jar:/root/.m2/repository/com/sun/xml/bind/jaxb-core/2.3.0.1/jaxb-core-2.3.0.1.jar:/root/.m2/repository/javax/xml/bind/jaxb-api/2.3.0/jaxb-api-2.3.0.jar:/root/.m2/repository/javax/activation/activation/1.1.1/activation-1.1.1.jar:/root/.m2/repository/org/apache/hadoop/hadoop-ozone-csi/0.5.0-SNAPSHOT/hadoop-ozone-csi-0.5.0-SNAPSHOT.jar:/root/.m2/repository/com/google/protobuf/protobuf-java-util/3.5.1/protobuf-java-util-3.5.1.jar:/root/.m2/repository/org/apache/hadoop/hadoop-hdds-config/0.5.0-SNAPSHOT/hadoop-hdds-config-0.5.0-SNAPSHOT.jar:/root/.m2/repository/com/google/guava/guava/11.0.2/guava-11.0.2.jar:/root/.m2/repository/com/google/protobuf/protobuf-java/2.5.0/protobuf-java-2.5.0.jar:/root/.m2/repository/io/grpc/grpc-netty/1.17.1/grpc-netty-1.17.1.jar:/root/.m2/repository/io/grpc/grpc-core/1.17.1/grpc-core-1.17.1.jar:/root/.m2/repository/io/grpc/grpc-context/1.17.1/grpc-context-1.17.1.jar:/root/.m2/repository/com/google/errorprone/error_prone_annotations/2.2.0/error_prone_annotations-2.2.0.jar:/root/.m2/repository/org/codehaus/mojo/animal-sniffer-annotations/1.17/animal-sniffer-annotations-1.17.jar:/root/.m2/repository/io/opencensus/opencensus-api/0.17.0/opencensus-api-0.17.0.jar:/root/.m2/repository/io/opencensus/opencensus-contrib-grpc-metrics/0.17.0/opencensus-contrib-grpc-metrics-0.17.0.jar:/root/.m2/repository/io/netty/netty-codec-http2/4.1.30.Final/netty-codec-http2-4.1.30.Final.jar:/root/.m2/repository/io/netty/netty-codec-http/4.1.30.Final/netty-codec-http-4.1.30.Final.jar:/root/.m2/repository/io/netty/netty-codec/4.1.30.Final/netty-codec-4.1.30.Final.jar:/root/.m2/repository/io/netty/netty-handler/4.1.30.Final/netty-handler-4.1.30.Final.jar:/root/.m2/repository/io/netty/netty-handler-proxy/4.1.30.Final/netty-handler-proxy-4.1.30.Final.jar:/root/.m2/repository/io/netty/netty-codec-socks/4.1.30.Final/netty-codec-socks-4.1.30.Final.jar:/root/.m2/repository/io/netty/netty-transport-native-epoll/4.1.30.Final/netty-transport-native-epoll-4.1.30.Final.jar:/root/.m2/repository/io/netty/netty-common/4.1.30.Final/netty-common-4.1.30.Final.jar:/root/.m2/repository/io/netty/netty-buffer/4.1.30.Final/netty-buffer-4.1.30.Final.jar:/root/.m2/repository/io/netty/netty-transport/4.1.30.Final/netty-transport-4.1.30.Final.jar:/root/.m2/repository/io/netty/netty-resolver/4.1.30.Final/netty-resolver-4.1.30.Final.jar:/root/.m2/repository/io/netty/netty-transport-native-unix-common/4.1.30.Final/netty-transport-native-unix-common-4.1.30.Final.jar:/root/.m2/repository/io/grpc/grpc-protobuf/1.17.1/grpc-protobuf-1.17.1.jar:/root/.m2/repository/com/google/api/grpc/proto-google-common-protos/1.0.0/proto-google-common-protos-1.0.0.jar:/root/.m2/repository/io/grpc/grpc-protobuf-lite/1.17.1/grpc-protobuf-lite-1.17.1.jar:/root/.m2/repository/io/grpc/grpc-stub/1.17.1/grpc-stub-1.17.1.jar:/root/.m2/repository/org/apache/hadoop/hadoop-ozone-recon/0.5.0-SNAPSHOT/hadoop-ozone-recon-0.5.0-SNAPSHOT.jar:/root/.m2/repository/org/apache/hadoop/hadoop-ozone-reconcodegen/0.5.0-SNAPSHOT/hadoop-ozone-reconcodegen-0.5.0-SNAPSHOT.jar:/root/.m2/repository/com/google/inject/extensions/guice-multibindings/4.0/guice-multibindings-4.0.jar:/root/.m2/repository/com/google/inject/guice/4.0/guice-4.0.jar:/root/.m2/repository/aopalliance/aopalliance/1.0/aopalliance-1.0.jar:/root/.m2/repository/com/google/inject/extensions/guice-servlet/4.0/guice-servlet-4.0.jar:/root/.m2/repository/org/glassfish/jersey/containers/jersey-container-servlet/2.27/jersey-container-servlet-2.27.jar:/root/.m2/repository/org/glassfish/hk2/guice-bridge/2.5.0/guice-bridge-2.5.0.jar:/root/.m2/repository/org/glassfish/jersey/core/jersey-server/2.27/jersey-server-2.27.jar:/root/.m2/repository/org/glassfish/jersey/core/jersey-client/2.27/jersey-client-2.27.jar:/root/.m2/repository/org/glassfish/jersey/media/jersey-media-jaxb/2.27/jersey-media-jaxb-2.27.jar:/root/.m2/repository/javax/validation/validation-api/1.1.0.Final/validation-api-1.1.0.Final.jar:/root/.m2/repository/org/glassfish/jersey/media/jersey-media-json-jackson/2.27/jersey-media-json-jackson-2.27.jar:/root/.m2/repository/org/glassfish/jersey/ext/jersey-entity-filtering/2.27/jersey-entity-filtering-2.27.jar:/root/.m2/repository/com/google/inject/extensions/guice-assistedinject/4.0/guice-assistedinject-4.0.jar:/root/.m2/repository/org/jooq/jooq/3.11.10/jooq-3.11.10.jar:/root/.m2/repository/org/jooq/jooq-meta/3.11.10/jooq-meta-3.11.10.jar:/root/.m2/repository/org/jooq/jooq-codegen/3.11.10/jooq-codegen-3.11.10.jar:/root/.m2/repository/com/jolbox/bonecp/0.8.0.RELEASE/bonecp-0.8.0.RELEASE.jar:/root/.m2/repository/org/xerial/sqlite-jdbc/3.25.2/sqlite-jdbc-3.25.2.jar:/root/.m2/repository/org/springframework/spring-jdbc/5.1.3.RELEASE/spring-jdbc-5.1.3.RELEASE.jar:/root/.m2/repository/org/springframework/spring-beans/5.1.3.RELEASE/spring-beans-5.1.3.RELEASE.jar:/root/.m2/repository/org/springframework/spring-core/5.1.3.RELEASE/spring-core-5.1.3.RELEASE.jar:/root/.m2/repository/org/springframework/spring-jcl/5.1.3.RELEASE/spring-jcl-5.1.3.RELEASE.jar:/root/.m2/repository/org/springframework/spring-tx/5.1.3.RELEASE/spring-tx-5.1.3.RELEASE.jar:/root/.m2/repository/org/apache/hadoop/hadoop-ozone-client/0.5.0-SNAPSHOT/hadoop-ozone-client-0.5.0-SNAPSHOT.jar:/root/.m2/repository/org/apache/hadoop/hadoop-ozone-ozone-manager/0.5.0-SNAPSHOT/hadoop-ozone-ozone-manager-0.5.0-SNAPSHOT-tests.jar:/root/.m2/repository/junit/junit/4.11/junit-4.11.jar:/root/.m2/repository/org/hamcrest/hamcrest-core/1.3/hamcrest-core-1.3.jar:/root/.m2/repository/org/openjdk/jmh/jmh-core/1.19/jmh-core-1.19.jar:/root/.m2/repository/net/sf/jopt-simple/jopt-simple/4.6/jopt-simple-4.6.jar:/root/.m2/repository/org/apache/commons/commons-math3/3.1.1/commons-math3-3.1.1.jar:/root/.m2/repository/org/openjdk/jmh/jmh-generator-annprocess/1.19/jmh-generator-annprocess-1.19.jar:/root/.m2/repository/org/mockito/mockito-all/1.8.5/mockito-all-1.8.5.jar:/root/.m2/repository/org/apache/hadoop/hadoop-kms/3.2.0/hadoop-kms-3.2.0.jar:/root/.m2/repository/org/apache/hadoop/hadoop-auth/3.2.0/hadoop-auth-3.2.0.jar:/root/.m2/repository/com/nimbusds/nimbus-jose-jwt/4.41.1/nimbus-jose-jwt-4.41.1.jar:/root/.m2/repository/com/github/stephenc/jcip/jcip-annotations/1.0-1/jcip-annotations-1.0-1.jar:/root/.m2/repository/net/minidev/json-smart/2.3/json-smart-2.3.jar:/root/.m2/repository/net/minidev/accessors-smart/1.2/accessors-smart-1.2.jar:/root/.m2/repository/org/ow2/asm/asm/5.0.4/asm-5.0.4.jar:/root/.m2/repository/org/apache/curator/curator-framework/2.12.0/curator-framework-2.12.0.jar:/root/.m2/repository/com/sun/jersey/jersey-core/1.19/jersey-core-1.19.jar:/root/.m2/repository/javax/ws/rs/jsr311-api/1.1.1/jsr311-api-1.1.1.jar:/root/.m2/repository/com/sun/jersey/jersey-server/1.19/jersey-server-1.19.jar:/root/.m2/repository/javax/servlet/javax.servlet-api/3.1.0/javax.servlet-api-3.1.0.jar:/root/.m2/repository/org/eclipse/jetty/jetty-server/9.3.24.v20180605/jetty-server-9.3.24.v20180605.jar:/root/.m2/repository/org/eclipse/jetty/jetty-http/9.3.24.v20180605/jetty-http-9.3.24.v20180605.jar:/root/.m2/repository/org/eclipse/jetty/jetty-io/9.3.24.v20180605/jetty-io-9.3.24.v20180605.jar:/root/.m2/repository/org/eclipse/jetty/jetty-webapp/9.3.24.v20180605/jetty-webapp-9.3.24.v20180605.jar:/root/.m2/repository/org/eclipse/jetty/jetty-xml/9.3.24.v20180605/jetty-xml-9.3.24.v20180605.jar:/root/.m2/repository/log4j/log4j/1.2.17/log4j-1.2.17.jar:/root/.m2/repository/org/slf4j/slf4j-api/1.7.25/slf4j-api-1.7.25.jar:/root/.m2/repository/org/slf4j/jul-to-slf4j/1.7.25/jul-to-slf4j-1.7.25.jar:/root/.m2/repository/org/eclipse/jetty/jetty-util/9.3.24.v20180605/jetty-util-9.3.24.v20180605.jar:/root/.m2/repository/io/dropwizard/metrics/metrics-core/3.2.4/metrics-core-3.2.4.jar:/root/.m2/repository/com/fasterxml/jackson/core/jackson-databind/2.9.5/jackson-databind-2.9.5.jar:/root/.m2/repository/org/apache/hadoop/hadoop-kms/3.2.0/hadoop-kms-3.2.0-tests.jar:/root/.m2/repository/org/apache/hadoop/hadoop-hdds-server-scm/0.5.0-SNAPSHOT/hadoop-hdds-server-scm-0.5.0-SNAPSHOT-tests.jar:/root/.m2/repository/org/hamcrest/hamcrest-all/1.3/hamcrest-all-1.3.jar:/root/.m2/repository/info/picocli/picocli/3.9.6/picocli-3.9.6.jar:/root/.m2/repository/org/apache/hadoop/hadoop-hdds-container-service/0.5.0-SNAPSHOT/hadoop-hdds-container-service-0.5.0-SNAPSHOT-tests.jar:/root/.m2/repository/org/yaml/snakeyaml/1.16/snakeyaml-1.16.jar:/root/.m2/repository/org/apache/hadoop/hadoop-common/3.2.0/hadoop-common-3.2.0-tests.jar:/root/.m2/repository/org/apache/hadoop/hadoop-annotations/3.2.0/hadoop-annotations-3.2.0.jar:/usr/lib/jvm/java-1.8-openjdk/jre/../lib/tools.jar:/root/.m2/repository/commons-cli/commons-cli/1.2/commons-cli-1.2.jar:/root/.m2/repository/org/apache/httpcomponents/httpclient/4.5.2/httpclient-4.5.2.jar:/root/.m2/repository/org/apache/httpcomponents/httpcore/4.4.4/httpcore-4.4.4.jar:/root/.m2/repository/commons-codec/commons-codec/1.11/commons-codec-1.11.jar:/root/.m2/repository/commons-net/commons-net/3.6/commons-net-3.6.jar:/root/.m2/repository/commons-collections/commons-collections/3.2.2/commons-collections-3.2.2.jar:/root/.m2/repository/org/eclipse/jetty/jetty-servlet/9.3.24.v20180605/jetty-servlet-9.3.24.v20180605.jar:/root/.m2/repository/org/eclipse/jetty/jetty-security/9.3.24.v20180605/jetty-security-9.3.24.v20180605.jar:/root/.m2/repository/javax/servlet/jsp/jsp-api/2.1/jsp-api-2.1.jar:/root/.m2/repository/com/sun/jersey/jersey-servlet/1.19/jersey-servlet-1.19.jar:/root/.m2/repository/com/sun/jersey/jersey-json/1.19/jersey-json-1.19.jar:/root/.m2/repository/org/codehaus/jettison/jettison/1.1/jettison-1.1.jar:/root/.m2/repository/org/codehaus/jackson/jackson-core-asl/1.9.13/jackson-core-asl-1.9.13.jar:/root/.m2/repository/org/codehaus/jackson/jackson-mapper-asl/1.9.13/jackson-mapper-asl-1.9.13.jar:/root/.m2/repository/org/codehaus/jackson/jackson-jaxrs/1.9.13/jackson-jaxrs-1.9.13.jar:/root/.m2/repository/org/codehaus/jackson/jackson-xc/1.9.13/jackson-xc-1.9.13.jar:/root/.m2/repository/commons-logging/commons-logging/1.1.3/commons-logging-1.1.3.jar:/root/.m2/repository/commons-beanutils/commons-beanutils/1.9.3/commons-beanutils-1.9.3.jar:/root/.m2/repository/org/apache/commons/commons-configuration2/2.1.1/commons-configuration2-2.1.1.jar:/root/.m2/repository/org/apache/commons/commons-lang3/3.7/commons-lang3-3.7.jar:/root/.m2/repository/org/apache/commons/commons-text/1.4/commons-text-1.4.jar:/root/.m2/repository/org/apache/avro/avro/1.7.7/avro-1.7.7.jar:/root/.m2/repository/com/thoughtworks/paranamer/paranamer/2.3/paranamer-2.3.jar:/root/.m2/repository/org/xerial/snappy/snappy-java/1.0.5/snappy-java-1.0.5.jar:/root/.m2/repository/com/google/re2j/re2j/1.1/re2j-1.1.jar:/root/.m2/repository/com/google/code/gson/gson/2.2.4/gson-2.2.4.jar:/root/.m2/repository/com/jcraft/jsch/0.1.54/jsch-0.1.54.jar:/root/.m2/repository/org/apache/curator/curator-client/2.12.0/curator-client-2.12.0.jar:/root/.m2/repository/org/apache/curator/curator-recipes/2.12.0/curator-recipes-2.12.0.jar:/root/.m2/repository/com/google/code/findbugs/jsr305/3.0.0/jsr305-3.0.0.jar:/root/.m2/repository/org/apache/htrace/htrace-core4/4.1.0-incubating/htrace-core4-4.1.0-incubating.jar:/root/.m2/repository/org/apache/zookeeper/zookeeper/3.4.13/zookeeper-3.4.13.jar:/root/.m2/repository/org/apache/yetus/audience-annotations/0.5.0/audience-annotations-0.5.0.jar:/root/.m2/repository/org/codehaus/woodstox/stax2-api/3.1.4/stax2-api-3.1.4.jar:/root/.m2/repository/com/fasterxml/woodstox/woodstox-core/5.0.3/woodstox-core-5.0.3.jar:/root/.m2/repository/dnsjava/dnsjava/2.1.7/dnsjava-2.1.7.jar:/root/.m2/repository/org/apache/hadoop/hadoop-hdfs/3.2.0/hadoop-hdfs-3.2.0-tests.jar:/root/.m2/repository/org/eclipse/jetty/jetty-util-ajax/9.3.24.v20180605/jetty-util-ajax-9.3.24.v20180605.jar:/root/.m2/repository/commons-daemon/commons-daemon/1.0.13/commons-daemon-1.0.13.jar:/root/.m2/repository/io/netty/netty/3.10.5.Final/netty-3.10.5.Final.jar:/root/.m2/repository/io/netty/netty-all/4.0.52.Final/netty-all-4.0.52.Final.jar:/root/.m2/repository/org/fusesource/leveldbjni/leveldbjni-all/1.8/leveldbjni-all-1.8.jar:"/>
    <property name="sun.cpu.endian" value="little"/>
    <property name="user.home" value="/root"/>
    <property name="user.language" value="en"/>
    <property name="java.specification.vendor" value="Oracle Corporation"/>
    <property name="java.home" value="/usr/lib/jvm/java-1.8-openjdk/jre"/>
    <property name="java.security.krb5.conf" value="/opt/src/hadoop-ozone/integration-test/target/test-classes/krb5.conf"/>
    <property name="basedir" value="/opt/src/hadoop-ozone/integration-test"/>
    <property name="file.separator" value="/"/>
    <property name="line.separator" value="&#10;"/>
    <property name="java.vm.specification.vendor" value="Oracle Corporation"/>
    <property name="java.specification.name" value="Java Platform API Specification"/>
    <property name="java.awt.graphicsenv" value="sun.awt.X11GraphicsEnvironment"/>
    <property name="surefire.real.class.path" value="/opt/src/hadoop-ozone/integration-test/target/surefire/surefirebooter275799173842746341.jar"/>
    <property name="hadoop.log.dir" value="/opt/src/hadoop-ozone/integration-test/target/log"/>
    <property name="sun.boot.class.path" value="/usr/lib/jvm/java-1.8-openjdk/jre/lib/resources.jar:/usr/lib/jvm/java-1.8-openjdk/jre/lib/rt.jar:/usr/lib/jvm/java-1.8-openjdk/jre/lib/sunrsasign.jar:/usr/lib/jvm/java-1.8-openjdk/jre/lib/jsse.jar:/usr/lib/jvm/java-1.8-openjdk/jre/lib/jce.jar:/usr/lib/jvm/java-1.8-openjdk/jre/lib/charsets.jar:/usr/lib/jvm/java-1.8-openjdk/jre/lib/jfr.jar:/usr/lib/jvm/java-1.8-openjdk/jre/classes"/>
    <property name="sun.management.compiler" value="HotSpot 64-Bit Tiered Compilers"/>
    <property name="java.runtime.version" value="1.8.0_212-b04"/>
    <property name="java.net.preferIPv4Stack" value="true"/>
    <property name="user.name" value="root"/>
    <property name="path.separator" value=":"/>
    <property name="java.security.egd" value="file:///dev/urandom"/>
    <property name="os.version" value="4.15.0-1021-aws"/>
    <property name="java.endorsed.dirs" value="/usr/lib/jvm/java-1.8-openjdk/jre/lib/endorsed"/>
    <property name="java.runtime.name" value="OpenJDK Runtime Environment"/>
    <property name="file.encoding" value="UTF-8"/>
    <property name="java.vm.name" value="OpenJDK 64-Bit Server VM"/>
    <property name="test.build.webapps" value=""/>
    <property name="localRepository" value="/root/.m2/repository"/>
    <property name="java.vendor.url.bug" value="https://icedtea.classpath.org/bugzilla"/>
    <property name="java.io.tmpdir" value="/tmp"/>
    <property name="require.test.libhadoop" value=""/>
    <property name="java.version" value="1.8.0_212"/>
    <property name="user.dir" value="/opt/src/hadoop-ozone/integration-test"/>
    <property name="os.arch" value="amd64"/>
    <property name="java.vm.specification.name" value="Java Virtual Machine Specification"/>
    <property name="test.build.classes" value="/opt/src/hadoop-ozone/integration-test/target/test-classes"/>
    <property name="java.awt.printerjob" value="sun.print.PSPrinterJob"/>
    <property name="sun.os.patch.level" value="unknown"/>
    <property name="hadoop.tmp.dir" value="/opt/src/hadoop-ozone/integration-test/target/tmp"/>
    <property name="java.library.path" value="/usr/lib/jvm/java-1.8-openjdk/jre/lib/amd64/server:/usr/lib/jvm/java-1.8-openjdk/jre/lib/amd64:/usr/lib/jvm/java-1.8-openjdk/jre/../lib/amd64:/opt/src/hadoop-ozone/integration-test/target/native/target/usr/local/lib:/opt/src/hadoop-ozone/integration-test/../../hadoop-common-project/hadoop-common/target/native/target/usr/local/lib:/usr/java/packages/lib/amd64:/usr/lib64:/lib64:/lib:/usr/lib"/>
    <property name="java.vm.info" value="mixed mode"/>
    <property name="java.vendor" value="IcedTea"/>
    <property name="java.vm.version" value="25.212-b04"/>
    <property name="java.ext.dirs" value="/usr/lib/jvm/java-1.8-openjdk/jre/lib/ext:/usr/java/packages/lib/ext"/>
    <property name="sun.io.unicode.encoding" value="UnicodeLittle"/>
    <property name="java.class.version" value="52.0"/>
  </properties>
  <testcase name="testPipelineExclusionWithPipelineFailure" classname="org.apache.hadoop.ozone.client.rpc.TestFailureHandlingByClient" time="18.883"/>
  <testcase name="testContainerExclusionWithClosedContainerException" classname="org.apache.hadoop.ozone.client.rpc.TestFailureHandlingByClient" time="10.124"/>
  <testcase name="testWriteSmallFile" classname="org.apache.hadoop.ozone.client.rpc.TestFailureHandlingByClient" time="14.842"/>
  <testcase name="testMultiBlockWritesWithIntermittentDnFailures" classname="org.apache.hadoop.ozone.client.rpc.TestFailureHandlingByClient" time="24.165">
    <error message="Allocate block failed." type="INTERNAL_ERROR org.apache.hadoop.ozone.om.exceptions.OMException">INTERNAL_ERROR org.apache.hadoop.ozone.om.exceptions.OMException: Allocate block failed.
	at org.apache.hadoop.ozone.om.protocolPB.OzoneManagerProtocolClientSideTranslatorPB.handleError(OzoneManagerProtocolClientSideTranslatorPB.java:720)
	at org.apache.hadoop.ozone.om.protocolPB.OzoneManagerProtocolClientSideTranslatorPB.allocateBlock(OzoneManagerProtocolClientSideTranslatorPB.java:743)
	at org.apache.hadoop.ozone.client.io.BlockOutputStreamEntryPool.allocateNewBlock(BlockOutputStreamEntryPool.java:248)
	at org.apache.hadoop.ozone.client.io.BlockOutputStreamEntryPool.allocateBlockIfNeeded(BlockOutputStreamEntryPool.java:296)
	at org.apache.hadoop.ozone.client.io.KeyOutputStream.handleWrite(KeyOutputStream.java:201)
	at org.apache.hadoop.ozone.client.io.KeyOutputStream.write(KeyOutputStream.java:193)
	at org.apache.hadoop.ozone.client.io.OzoneOutputStream.write(OzoneOutputStream.java:49)
	at java.io.OutputStream.write(OutputStream.java:75)
	at org.apache.hadoop.ozone.client.rpc.TestFailureHandlingByClient.testMultiBlockWritesWithIntermittentDnFailures(TestFailureHandlingByClient.java:237)
	at sun.reflect.NativeMethodAccessorImpl.invoke0(Native Method)
	at sun.reflect.NativeMethodAccessorImpl.invoke(NativeMethodAccessorImpl.java:62)
	at sun.reflect.DelegatingMethodAccessorImpl.invoke(DelegatingMethodAccessorImpl.java:43)
	at java.lang.reflect.Method.invoke(Method.java:498)
	at org.junit.runners.model.FrameworkMethod$1.runReflectiveCall(FrameworkMethod.java:47)
	at org.junit.internal.runners.model.ReflectiveCallable.run(ReflectiveCallable.java:12)
	at org.junit.runners.model.FrameworkMethod.invokeExplosively(FrameworkMethod.java:44)
	at org.junit.internal.runners.statements.InvokeMethod.evaluate(InvokeMethod.java:17)
	at org.junit.runners.ParentRunner.runLeaf(ParentRunner.java:271)
	at org.junit.runners.BlockJUnit4ClassRunner.runChild(BlockJUnit4ClassRunner.java:70)
	at org.junit.runners.BlockJUnit4ClassRunner.runChild(BlockJUnit4ClassRunner.java:50)
	at org.junit.runners.ParentRunner$3.run(ParentRunner.java:238)
	at org.junit.runners.ParentRunner$1.schedule(ParentRunner.java:63)
	at org.junit.runners.ParentRunner.runChildren(ParentRunner.java:236)
	at org.junit.runners.ParentRunner.access$000(ParentRunner.java:53)
	at org.junit.runners.ParentRunner$2.evaluate(ParentRunner.java:229)
	at org.junit.runners.ParentRunner.run(ParentRunner.java:309)
	at org.apache.maven.surefire.junit4.JUnit4Provider.execute(JUnit4Provider.java:365)
	at org.apache.maven.surefire.junit4.JUnit4Provider.executeWithRerun(JUnit4Provider.java:273)
	at org.apache.maven.surefire.junit4.JUnit4Provider.executeTestSet(JUnit4Provider.java:238)
	at org.apache.maven.surefire.junit4.JUnit4Provider.invoke(JUnit4Provider.java:159)
	at org.apache.maven.surefire.booter.ForkedBooter.invokeProviderInSameClassLoader(ForkedBooter.java:384)
	at org.apache.maven.surefire.booter.ForkedBooter.runSuitesInProcess(ForkedBooter.java:345)
	at org.apache.maven.surefire.booter.ForkedBooter.execute(ForkedBooter.java:126)
	at org.apache.maven.surefire.booter.ForkedBooter.main(ForkedBooter.java:418)
</error>
    <system-out><![CDATA[2019-06-13 00:58:38,019 WARN  server.ServerUtils (ServerUtils.java:getScmDbDir(145)) - ozone.scm.db.dirs is not configured. We recommend adding this setting. Falling back to ozone.metadata.dirs instead.
2019-06-13 00:58:38,023 WARN  server.ServerUtils (ServerUtils.java:getScmDbDir(145)) - ozone.scm.db.dirs is not configured. We recommend adding this setting. Falling back to ozone.metadata.dirs instead.
2019-06-13 00:58:38,024 WARN  server.ServerUtils (ServerUtils.java:getScmDbDir(145)) - ozone.scm.db.dirs is not configured. We recommend adding this setting. Falling back to ozone.metadata.dirs instead.
2019-06-13 00:58:38,024 INFO  db.DBStoreBuilder (DBStoreBuilder.java:addTable(110)) - using custom profile for table: deletedBlocks
2019-06-13 00:58:38,024 INFO  db.DBStoreBuilder (DBStoreBuilder.java:processTables(161)) - Using default column profile:DBProfile.DISK for Table:deletedBlocks
2019-06-13 00:58:38,024 INFO  db.DBStoreBuilder (DBStoreBuilder.java:addTable(110)) - using custom profile for table: validCerts
2019-06-13 00:58:38,024 INFO  db.DBStoreBuilder (DBStoreBuilder.java:processTables(161)) - Using default column profile:DBProfile.DISK for Table:validCerts
2019-06-13 00:58:38,024 INFO  db.DBStoreBuilder (DBStoreBuilder.java:addTable(110)) - using custom profile for table: revokedCerts
2019-06-13 00:58:38,024 INFO  db.DBStoreBuilder (DBStoreBuilder.java:processTables(161)) - Using default column profile:DBProfile.DISK for Table:revokedCerts
2019-06-13 00:58:38,025 INFO  db.DBStoreBuilder (DBStoreBuilder.java:addTable(110)) - using custom profile for table: default
2019-06-13 00:58:38,025 INFO  db.DBStoreBuilder (DBStoreBuilder.java:processTables(167)) - Using default column profile:DBProfile.DISK for Table:default
2019-06-13 00:58:38,025 INFO  db.DBStoreBuilder (DBStoreBuilder.java:getDbProfile(198)) - Using default options. DBProfile.DISK
2019-06-13 00:58:38,064 INFO  node.SCMNodeManager (SCMNodeManager.java:<init>(108)) - Entering startup safe mode.
2019-06-13 00:58:38,065 INFO  net.NodeSchemaLoader (NodeSchemaLoader.java:loadSchemaFromFile(125)) - Loading file from sun.misc.CompoundEnumeration@42172065
2019-06-13 00:58:38,065 INFO  net.NodeSchemaLoader (NodeSchemaLoader.java:loadSchema(171)) - Loading network topology layer schema file
2019-06-13 00:58:38,067 WARN  server.ServerUtils (ServerUtils.java:getScmDbDir(145)) - ozone.scm.db.dirs is not configured. We recommend adding this setting. Falling back to ozone.metadata.dirs instead.
2019-06-13 00:58:38,081 INFO  pipeline.SCMPipelineManager (SCMPipelineManager.java:initializePipelineState(126)) - No pipeline exists in current db
2019-06-13 00:58:38,081 WARN  server.ServerUtils (ServerUtils.java:getScmDbDir(145)) - ozone.scm.db.dirs is not configured. We recommend adding this setting. Falling back to ozone.metadata.dirs instead.
2019-06-13 00:58:38,096 WARN  events.EventQueue (EventQueue.java:fireEvent(175)) - No event handler registered for event TypedEvent{payloadType=SafeModeStatus, name='SafeModeStatus'}
2019-06-13 00:58:38,097 INFO  ipc.CallQueueManager (CallQueueManager.java:<init>(84)) - Using callQueue: class java.util.concurrent.LinkedBlockingQueue, queueCapacity: 2000, scheduler: class org.apache.hadoop.ipc.DefaultRpcScheduler, ipcBackoff: false.
2019-06-13 00:58:38,099 INFO  ipc.Server (Server.java:run(1074)) - Starting Socket Reader #1 for port 33927
2019-06-13 00:58:38,101 INFO  ipc.CallQueueManager (CallQueueManager.java:<init>(84)) - Using callQueue: class java.util.concurrent.LinkedBlockingQueue, queueCapacity: 2000, scheduler: class org.apache.hadoop.ipc.DefaultRpcScheduler, ipcBackoff: false.
2019-06-13 00:58:38,102 INFO  ipc.Server (Server.java:run(1074)) - Starting Socket Reader #1 for port 46513
2019-06-13 00:58:38,104 INFO  ipc.CallQueueManager (CallQueueManager.java:<init>(84)) - Using callQueue: class java.util.concurrent.LinkedBlockingQueue, queueCapacity: 2000, scheduler: class org.apache.hadoop.ipc.DefaultRpcScheduler, ipcBackoff: false.
2019-06-13 00:58:38,105 INFO  ipc.Server (Server.java:run(1074)) - Starting Socket Reader #1 for port 44939
2019-06-13 00:58:38,111 INFO  hdfs.DFSUtil (DFSUtil.java:httpServerTemplateForNNAndJN(1641)) - Starting Web-server for scm at: http://0.0.0.0:0
2019-06-13 00:58:38,112 INFO  server.AuthenticationFilter (AuthenticationFilter.java:constructSecretProvider(240)) - Unable to initialize FileSignerSecretProvider, falling back to use random secrets.
2019-06-13 00:58:38,113 WARN  http.HttpRequestLog (HttpRequestLog.java:getRequestLog(97)) - Jetty request log can only be enabled using Log4j
2019-06-13 00:58:38,114 INFO  http.HttpServer2 (HttpServer2.java:addGlobalFilter(975)) - Added global filter 'safety' (class=org.apache.hadoop.http.HttpServer2$QuotingInputFilter)
2019-06-13 00:58:38,114 INFO  http.HttpServer2 (HttpServer2.java:addFilter(948)) - Added filter static_user_filter (class=org.apache.hadoop.http.lib.StaticUserWebFilter$StaticUserFilter) to context scm
2019-06-13 00:58:38,114 INFO  http.HttpServer2 (HttpServer2.java:addFilter(958)) - Added filter static_user_filter (class=org.apache.hadoop.http.lib.StaticUserWebFilter$StaticUserFilter) to context logs
2019-06-13 00:58:38,114 INFO  http.HttpServer2 (HttpServer2.java:addFilter(958)) - Added filter static_user_filter (class=org.apache.hadoop.http.lib.StaticUserWebFilter$StaticUserFilter) to context static
2019-06-13 00:58:38,117 INFO  server.StorageContainerManager (StorageContainerManager.java:start(752)) - StorageContainerLocationProtocol RPC server is listening at /0.0.0.0:44939
2019-06-13 00:58:38,118 INFO  impl.MetricsSystemImpl (MetricsSystemImpl.java:init(158)) - StorageContainerManager metrics system started (again)
2019-06-13 00:58:38,118 INFO  server.SCMClientProtocolServer (SCMClientProtocolServer.java:start(149)) - RPC server for Client  is listening at /0.0.0.0:44939
2019-06-13 00:58:38,118 INFO  ipc.Server (Server.java:run(1314)) - IPC Server Responder: starting
2019-06-13 00:58:38,119 INFO  ipc.Server (Server.java:run(1153)) - IPC Server listener on 44939: starting
2019-06-13 00:58:38,157 INFO  server.StorageContainerManager (StorageContainerManager.java:start(761)) - ScmBlockLocationProtocol RPC server is listening at /0.0.0.0:46513
2019-06-13 00:58:38,158 INFO  server.SCMBlockProtocolServer (SCMBlockProtocolServer.java:start(137)) - RPC server for Block Protocol is listening at /0.0.0.0:46513
2019-06-13 00:58:38,158 INFO  ipc.Server (Server.java:run(1314)) - IPC Server Responder: starting
2019-06-13 00:58:38,162 INFO  ipc.Server (Server.java:run(1153)) - IPC Server listener on 46513: starting
2019-06-13 00:58:38,171 INFO  server.StorageContainerManager (StorageContainerManager.java:start(765)) - ScmDatanodeProtocl RPC server is listening at /0.0.0.0:33927
2019-06-13 00:58:38,171 INFO  server.SCMDatanodeProtocolServer (SCMDatanodeProtocolServer.java:start(191)) - RPC server for DataNodes is listening at /0.0.0.0:33927
2019-06-13 00:58:38,172 INFO  ipc.Server (Server.java:run(1314)) - IPC Server Responder: starting
2019-06-13 00:58:38,172 INFO  ipc.Server (Server.java:run(1153)) - IPC Server listener on 33927: starting
2019-06-13 00:58:38,184 INFO  http.HttpServer2 (HttpServer2.java:bindListener(1191)) - Jetty bound to port 45181
2019-06-13 00:58:38,184 INFO  server.Server (Server.java:doStart(351)) - jetty-9.3.24.v20180605, build timestamp: 2018-06-05T17:11:56Z, git hash: 84205aa28f11a4f31f2a3b86d1bba2cc8ab69827
2019-06-13 00:58:38,185 INFO  handler.ContextHandler (ContextHandler.java:doStart(781)) - Started o.e.j.s.ServletContextHandler@7d4bdbd8{/logs,file:///opt/src/hadoop-ozone/integration-test/target/log,AVAILABLE}
2019-06-13 00:58:38,186 INFO  handler.ContextHandler (ContextHandler.java:doStart(781)) - Started o.e.j.s.ServletContextHandler@79636080{/static,file:///opt/src/hadoop-ozone/integration-test/target/test-classes/webapps/static,AVAILABLE}
2019-06-13 00:58:38,189 INFO  handler.ContextHandler (ContextHandler.java:doStart(781)) - Started o.e.j.w.WebAppContext@3b50f432{/,file:///opt/src/hadoop-ozone/integration-test/target/test-classes/webapps/scm/,AVAILABLE}{/scm}
2019-06-13 00:58:38,189 INFO  server.AbstractConnector (AbstractConnector.java:doStart(278)) - Started ServerConnector@3fe5ad73{HTTP/1.1,[http/1.1]}{0.0.0.0:45181}
2019-06-13 00:58:38,189 INFO  server.Server (Server.java:doStart(419)) - Started @44341ms
2019-06-13 00:58:38,190 INFO  server.BaseHttpServer (BaseHttpServer.java:updateConnectorAddress(207)) - HTTP server of SCM is listening at http://0.0.0.0:45181
2019-06-13 00:58:38,197 WARN  scm.ScmUtils (ScmUtils.java:getDBPath(63)) - ozone.om.db.dirs is not configured. We recommend adding this setting. Falling back to ozone.metadata.dirs instead.
2019-06-13 00:58:38,197 INFO  util.JvmPauseMonitor (JvmPauseMonitor.java:run(188)) - Starting JVM pause monitor
2019-06-13 00:58:38,200 WARN  scm.ScmUtils (ScmUtils.java:getDBPath(63)) - ozone.om.db.dirs is not configured. We recommend adding this setting. Falling back to ozone.metadata.dirs instead.
2019-06-13 00:58:38,200 INFO  om.OzoneManager (OzoneManager.java:setOMNodeDetails(519)) - OM Service ID is not set. Setting it to the default ID: omServiceIdDefault
2019-06-13 00:58:38,200 INFO  om.OzoneManager (OzoneManager.java:setOMNodeDetails(525)) - OM Node ID is not set. Setting it to the OmStorage's OmID: 33b9b4c1-167d-4741-953e-d854c4dcc8ee
2019-06-13 00:58:38,200 WARN  scm.HddsServerUtil (HddsServerUtil.java:getDefaultRatisDirectory(354)) - Storage directory for Ratis is not configured. It is a good idea to map this to an SSD disk. Falling back to ozone.metadata.dirs
2019-06-13 00:58:38,200 WARN  scm.HddsServerUtil (HddsServerUtil.java:getDefaultRatisDirectory(354)) - Storage directory for Ratis is not configured. It is a good idea to map this to an SSD disk. Falling back to ozone.metadata.dirs
2019-06-13 00:58:38,201 INFO  om.OzoneManager (OzoneManager.java:loadOMHAConfigs(476)) - Found matching OM address with OMServiceId: null, OMNodeId: null, RPC Address: localhost:0 and Ratis port: 9872
2019-06-13 00:58:38,204 WARN  scm.ScmUtils (ScmUtils.java:getDBPath(63)) - ozone.om.db.dirs is not configured. We recommend adding this setting. Falling back to ozone.metadata.dirs instead.
2019-06-13 00:58:38,204 INFO  db.DBStoreBuilder (DBStoreBuilder.java:addTable(110)) - using custom profile for table: userTable
2019-06-13 00:58:38,204 INFO  db.DBStoreBuilder (DBStoreBuilder.java:processTables(161)) - Using default column profile:DBProfile.DISK for Table:userTable
2019-06-13 00:58:38,205 INFO  db.DBStoreBuilder (DBStoreBuilder.java:addTable(110)) - using custom profile for table: volumeTable
2019-06-13 00:58:38,205 INFO  db.DBStoreBuilder (DBStoreBuilder.java:processTables(161)) - Using default column profile:DBProfile.DISK for Table:volumeTable
2019-06-13 00:58:38,205 INFO  db.DBStoreBuilder (DBStoreBuilder.java:addTable(110)) - using custom profile for table: bucketTable
2019-06-13 00:58:38,205 INFO  db.DBStoreBuilder (DBStoreBuilder.java:processTables(161)) - Using default column profile:DBProfile.DISK for Table:bucketTable
2019-06-13 00:58:38,205 INFO  db.DBStoreBuilder (DBStoreBuilder.java:addTable(110)) - using custom profile for table: keyTable
2019-06-13 00:58:38,205 INFO  db.DBStoreBuilder (DBStoreBuilder.java:processTables(161)) - Using default column profile:DBProfile.DISK for Table:keyTable
2019-06-13 00:58:38,205 INFO  db.DBStoreBuilder (DBStoreBuilder.java:addTable(110)) - using custom profile for table: deletedTable
2019-06-13 00:58:38,205 INFO  db.DBStoreBuilder (DBStoreBuilder.java:processTables(161)) - Using default column profile:DBProfile.DISK for Table:deletedTable
2019-06-13 00:58:38,206 INFO  db.DBStoreBuilder (DBStoreBuilder.java:addTable(110)) - using custom profile for table: openKeyTable
2019-06-13 00:58:38,206 INFO  db.DBStoreBuilder (DBStoreBuilder.java:processTables(161)) - Using default column profile:DBProfile.DISK for Table:openKeyTable
2019-06-13 00:58:38,206 INFO  db.DBStoreBuilder (DBStoreBuilder.java:addTable(110)) - using custom profile for table: s3Table
2019-06-13 00:58:38,206 INFO  db.DBStoreBuilder (DBStoreBuilder.java:processTables(161)) - Using default column profile:DBProfile.DISK for Table:s3Table
2019-06-13 00:58:38,206 INFO  db.DBStoreBuilder (DBStoreBuilder.java:addTable(110)) - using custom profile for table: multipartInfoTable
2019-06-13 00:58:38,206 INFO  db.DBStoreBuilder (DBStoreBuilder.java:processTables(161)) - Using default column profile:DBProfile.DISK for Table:multipartInfoTable
2019-06-13 00:58:38,206 INFO  db.DBStoreBuilder (DBStoreBuilder.java:addTable(110)) - using custom profile for table: dTokenTable
2019-06-13 00:58:38,206 INFO  db.DBStoreBuilder (DBStoreBuilder.java:processTables(161)) - Using default column profile:DBProfile.DISK for Table:dTokenTable
2019-06-13 00:58:38,207 INFO  db.DBStoreBuilder (DBStoreBuilder.java:addTable(110)) - using custom profile for table: s3SecretTable
2019-06-13 00:58:38,207 INFO  db.DBStoreBuilder (DBStoreBuilder.java:processTables(161)) - Using default column profile:DBProfile.DISK for Table:s3SecretTable
2019-06-13 00:58:38,207 INFO  db.DBStoreBuilder (DBStoreBuilder.java:addTable(110)) - using custom profile for table: prefixTable
2019-06-13 00:58:38,207 INFO  db.DBStoreBuilder (DBStoreBuilder.java:processTables(161)) - Using default column profile:DBProfile.DISK for Table:prefixTable
2019-06-13 00:58:38,207 INFO  db.DBStoreBuilder (DBStoreBuilder.java:addTable(110)) - using custom profile for table: default
2019-06-13 00:58:38,207 INFO  db.DBStoreBuilder (DBStoreBuilder.java:processTables(167)) - Using default column profile:DBProfile.DISK for Table:default
2019-06-13 00:58:38,207 INFO  db.DBStoreBuilder (DBStoreBuilder.java:getDbProfile(198)) - Using default options. DBProfile.DISK
2019-06-13 00:58:38,338 INFO  ipc.CallQueueManager (CallQueueManager.java:<init>(84)) - Using callQueue: class java.util.concurrent.LinkedBlockingQueue, queueCapacity: 2000, scheduler: class org.apache.hadoop.ipc.DefaultRpcScheduler, ipcBackoff: false.
2019-06-13 00:58:38,338 INFO  ipc.Server (Server.java:run(1074)) - Starting Socket Reader #1 for port 38713
2019-06-13 00:58:38,351 WARN  scm.ScmUtils (ScmUtils.java:getDBPath(63)) - ozone.om.db.dirs is not configured. We recommend adding this setting. Falling back to ozone.metadata.dirs instead.
2019-06-13 00:58:38,351 INFO  om.OzoneManager (OzoneManager.java:start(1217)) - OzoneManager RPC server is listening at localhost/127.0.0.1:38713
2019-06-13 00:58:38,352 INFO  impl.MetricsSystemImpl (MetricsSystemImpl.java:init(158)) - OzoneManager metrics system started (again)
2019-06-13 00:58:38,352 INFO  ipc.Server (Server.java:run(1314)) - IPC Server Responder: starting
2019-06-13 00:58:38,352 INFO  ipc.Server (Server.java:run(1153)) - IPC Server listener on 38713: starting
2019-06-13 00:58:38,360 INFO  hdfs.DFSUtil (DFSUtil.java:httpServerTemplateForNNAndJN(1641)) - Starting Web-server for ozoneManager at: http://0.0.0.0:0
2019-06-13 00:58:38,361 INFO  server.AuthenticationFilter (AuthenticationFilter.java:constructSecretProvider(240)) - Unable to initialize FileSignerSecretProvider, falling back to use random secrets.
2019-06-13 00:58:38,361 WARN  http.HttpRequestLog (HttpRequestLog.java:getRequestLog(97)) - Jetty request log can only be enabled using Log4j
2019-06-13 00:58:38,362 INFO  http.HttpServer2 (HttpServer2.java:addGlobalFilter(975)) - Added global filter 'safety' (class=org.apache.hadoop.http.HttpServer2$QuotingInputFilter)
2019-06-13 00:58:38,363 INFO  http.HttpServer2 (HttpServer2.java:addFilter(948)) - Added filter static_user_filter (class=org.apache.hadoop.http.lib.StaticUserWebFilter$StaticUserFilter) to context ozoneManager
2019-06-13 00:58:38,363 INFO  http.HttpServer2 (HttpServer2.java:addFilter(958)) - Added filter static_user_filter (class=org.apache.hadoop.http.lib.StaticUserWebFilter$StaticUserFilter) to context static
2019-06-13 00:58:38,363 INFO  http.HttpServer2 (HttpServer2.java:addFilter(958)) - Added filter static_user_filter (class=org.apache.hadoop.http.lib.StaticUserWebFilter$StaticUserFilter) to context logs
2019-06-13 00:58:38,364 INFO  http.HttpServer2 (HttpServer2.java:bindListener(1191)) - Jetty bound to port 40701
2019-06-13 00:58:38,364 INFO  server.Server (Server.java:doStart(351)) - jetty-9.3.24.v20180605, build timestamp: 2018-06-05T17:11:56Z, git hash: 84205aa28f11a4f31f2a3b86d1bba2cc8ab69827
2019-06-13 00:58:38,366 INFO  handler.ContextHandler (ContextHandler.java:doStart(781)) - Started o.e.j.s.ServletContextHandler@a6a2c20{/logs,file:///opt/src/hadoop-ozone/integration-test/target/log,AVAILABLE}
2019-06-13 00:58:38,367 INFO  handler.ContextHandler (ContextHandler.java:doStart(781)) - Started o.e.j.s.ServletContextHandler@da67c46{/static,file:///opt/src/hadoop-ozone/integration-test/target/test-classes/webapps/static,AVAILABLE}
2019-06-13 00:58:38,371 INFO  handler.ContextHandler (ContextHandler.java:doStart(781)) - Started o.e.j.w.WebAppContext@2c7c898a{/,file:///opt/src/hadoop-ozone/integration-test/target/test-classes/webapps/ozoneManager/,AVAILABLE}{/ozoneManager}
2019-06-13 00:58:38,372 INFO  server.AbstractConnector (AbstractConnector.java:doStart(278)) - Started ServerConnector@404f5139{HTTP/1.1,[http/1.1]}{0.0.0.0:40701}
2019-06-13 00:58:38,372 INFO  server.Server (Server.java:doStart(419)) - Started @44524ms
2019-06-13 00:58:38,373 INFO  server.BaseHttpServer (BaseHttpServer.java:updateConnectorAddress(207)) - HTTP server of OZONEMANAGER is listening at http://0.0.0.0:40701
2019-06-13 00:58:38,381 INFO  impl.MetricsSystemImpl (MetricsSystemImpl.java:init(158)) - HddsDatanode metrics system started (again)
2019-06-13 00:58:38,382 INFO  ozone.HddsDatanodeService (HddsDatanodeService.java:start(185)) - HddsDatanodeService host:ozone-jwdrj-3193829804 ip:192.168.19.49
2019-06-13 00:58:38,394 INFO  volume.HddsVolume (HddsVolume.java:<init>(176)) - Creating Volume: /opt/src/hadoop-ozone/integration-test/target/test-dir/MiniOzoneClusterImpl-424a1eef-e4d4-4629-b856-a9b8651d64b3/datanode-0/data/containers/hdds of  storage type : DISK and capacity : 104021790720
2019-06-13 00:58:38,395 INFO  volume.VolumeSet (VolumeSet.java:initializeVolumeSet(170)) - Added Volume : /opt/src/hadoop-ozone/integration-test/target/test-dir/MiniOzoneClusterImpl-424a1eef-e4d4-4629-b856-a9b8651d64b3/datanode-0/data/containers/hdds to VolumeSet
2019-06-13 00:58:38,395 INFO  volume.ThrottledAsyncChecker (ThrottledAsyncChecker.java:schedule(140)) - Scheduling a check for org.apache.hadoop.ozone.container.common.volume.HddsVolume@18df26a1
2019-06-13 00:58:38,395 INFO  volume.HddsVolumeChecker (HddsVolumeChecker.java:checkAllVolumes(203)) - Scheduled health check for volume org.apache.hadoop.ozone.container.common.volume.HddsVolume@18df26a1
2019-06-13 00:58:38,404 INFO  ratis.XceiverServerRatis (XceiverServerRatis.java:newXceiverServerRatis(401)) - Found a free port for the server : 45463
2019-06-13 00:58:38,406 INFO  impl.RaftServerProxy (ConfUtils.java:logGet(43)) - raft.rpc.type = GRPC (default)
2019-06-13 00:58:38,406 INFO  grpc.GrpcConfigKeys$Server (ConfUtils.java:logGet(43)) - raft.grpc.server.port = 45463 (custom)
2019-06-13 00:58:38,406 INFO  server.GrpcService (ConfUtils.java:logGet(43)) - raft.grpc.message.size.max = 33570816 (custom)
2019-06-13 00:58:38,406 INFO  server.RaftServerConfigKeys (ConfUtils.java:logGet(43)) - raft.server.log.appender.buffer.byte-limit = 33554432 (custom)
2019-06-13 00:58:38,406 INFO  server.GrpcService (ConfUtils.java:logGet(43)) - raft.grpc.flow.control.window = 1MB (=1048576) (default)
2019-06-13 00:58:38,407 INFO  server.RaftServerConfigKeys (ConfUtils.java:logGet(43)) - raft.server.rpc.request.timeout = 3000ms (default)
2019-06-13 00:58:38,407 INFO  server.RaftServerConfigKeys (ConfUtils.java:logGet(43)) - raft.server.storage.dir = [/opt/src/hadoop-ozone/integration-test/target/test-dir/MiniOzoneClusterImpl-424a1eef-e4d4-4629-b856-a9b8651d64b3/datanode-0/data/ratis] (custom)
2019-06-13 00:58:38,407 INFO  server.XceiverServerGrpc (XceiverServerGrpc.java:<init>(97)) - Found a free port for the server : 46445
2019-06-13 00:58:38,408 INFO  replication.SimpleContainerDownloader (SimpleContainerDownloader.java:<init>(72)) - Starting container downloader service to copy containers to replicate.
2019-06-13 00:58:38,409 INFO  hdfs.DFSUtil (DFSUtil.java:httpServerTemplateForNNAndJN(1641)) - Starting Web-server for hddsDatanode at: http://0.0.0.0:0
2019-06-13 00:58:38,410 INFO  server.AuthenticationFilter (AuthenticationFilter.java:constructSecretProvider(240)) - Unable to initialize FileSignerSecretProvider, falling back to use random secrets.
2019-06-13 00:58:38,411 WARN  http.HttpRequestLog (HttpRequestLog.java:getRequestLog(97)) - Jetty request log can only be enabled using Log4j
2019-06-13 00:58:38,412 INFO  http.HttpServer2 (HttpServer2.java:addGlobalFilter(975)) - Added global filter 'safety' (class=org.apache.hadoop.http.HttpServer2$QuotingInputFilter)
2019-06-13 00:58:38,413 INFO  http.HttpServer2 (HttpServer2.java:addFilter(948)) - Added filter static_user_filter (class=org.apache.hadoop.http.lib.StaticUserWebFilter$StaticUserFilter) to context hddsDatanode
2019-06-13 00:58:38,413 INFO  http.HttpServer2 (HttpServer2.java:addFilter(958)) - Added filter static_user_filter (class=org.apache.hadoop.http.lib.StaticUserWebFilter$StaticUserFilter) to context logs
2019-06-13 00:58:38,413 INFO  http.HttpServer2 (HttpServer2.java:addFilter(958)) - Added filter static_user_filter (class=org.apache.hadoop.http.lib.StaticUserWebFilter$StaticUserFilter) to context static
2019-06-13 00:58:38,414 INFO  http.HttpServer2 (HttpServer2.java:bindListener(1191)) - Jetty bound to port 44589
2019-06-13 00:58:38,414 INFO  server.Server (Server.java:doStart(351)) - jetty-9.3.24.v20180605, build timestamp: 2018-06-05T17:11:56Z, git hash: 84205aa28f11a4f31f2a3b86d1bba2cc8ab69827
2019-06-13 00:58:38,416 INFO  handler.ContextHandler (ContextHandler.java:doStart(781)) - Started o.e.j.s.ServletContextHandler@a5d23c9{/logs,file:///opt/src/hadoop-ozone/integration-test/target/log,AVAILABLE}
2019-06-13 00:58:38,416 INFO  handler.ContextHandler (ContextHandler.java:doStart(781)) - Started o.e.j.s.ServletContextHandler@7d7a8d23{/static,jar:file:/root/.m2/repository/org/apache/hadoop/hadoop-hdds-container-service/0.5.0-SNAPSHOT/hadoop-hdds-container-service-0.5.0-SNAPSHOT.jar!/webapps/static,AVAILABLE}
2019-06-13 00:58:38,436 INFO  handler.ContextHandler (ContextHandler.java:doStart(781)) - Started o.e.j.w.WebAppContext@3ec211cc{/,file:///tmp/jetty-0.0.0.0-44589-hddsDatanode-_-any-8495896341184553674.dir/webapp/,AVAILABLE}{/hddsDatanode}
2019-06-13 00:58:38,436 INFO  server.AbstractConnector (AbstractConnector.java:doStart(278)) - Started ServerConnector@6b94c200{HTTP/1.1,[http/1.1]}{0.0.0.0:44589}
2019-06-13 00:58:38,437 INFO  server.Server (Server.java:doStart(419)) - Started @44589ms
2019-06-13 00:58:38,438 INFO  server.BaseHttpServer (BaseHttpServer.java:updateConnectorAddress(207)) - HTTP server of HDDSDATANODE is listening at http://0.0.0.0:44589
2019-06-13 00:58:38,511 INFO  ozone.HddsDatanodeService (HddsDatanodeService.java:startPlugins(396)) - Started plug-in org.apache.hadoop.ozone.web.OzoneHddsDatanodeService@4d84688f
2019-06-13 00:58:38,512 INFO  impl.MetricsSystemImpl (MetricsSystemImpl.java:init(158)) - HddsDatanode metrics system started (again)
2019-06-13 00:58:38,512 INFO  ozone.HddsDatanodeService (HddsDatanodeService.java:start(185)) - HddsDatanodeService host:ozone-jwdrj-3193829804 ip:192.168.19.49
2019-06-13 00:58:38,517 INFO  util.JvmPauseMonitor (JvmPauseMonitor.java:run(188)) - Starting JVM pause monitor
2019-06-13 00:58:38,517 INFO  datanode.InitDatanodeState (InitDatanodeState.java:persistContainerDatanodeDetails(140)) - DatanodeDetails is persisted to /opt/src/hadoop-ozone/integration-test/target/test-dir/MiniOzoneClusterImpl-424a1eef-e4d4-4629-b856-a9b8651d64b3/datanode-0/meta/datanode.id
2019-06-13 00:58:38,522 INFO  volume.HddsVolume (HddsVolume.java:<init>(176)) - Creating Volume: /opt/src/hadoop-ozone/integration-test/target/test-dir/MiniOzoneClusterImpl-424a1eef-e4d4-4629-b856-a9b8651d64b3/datanode-1/data/containers/hdds of  storage type : DISK and capacity : 104021790720
2019-06-13 00:58:38,522 INFO  volume.VolumeSet (VolumeSet.java:initializeVolumeSet(170)) - Added Volume : /opt/src/hadoop-ozone/integration-test/target/test-dir/MiniOzoneClusterImpl-424a1eef-e4d4-4629-b856-a9b8651d64b3/datanode-1/data/containers/hdds to VolumeSet
2019-06-13 00:58:38,522 INFO  volume.ThrottledAsyncChecker (ThrottledAsyncChecker.java:schedule(140)) - Scheduling a check for org.apache.hadoop.ozone.container.common.volume.HddsVolume@7792e14f
2019-06-13 00:58:38,523 INFO  volume.HddsVolumeChecker (HddsVolumeChecker.java:checkAllVolumes(203)) - Scheduled health check for volume org.apache.hadoop.ozone.container.common.volume.HddsVolume@7792e14f
2019-06-13 00:58:38,531 INFO  ratis.XceiverServerRatis (XceiverServerRatis.java:newXceiverServerRatis(401)) - Found a free port for the server : 39445
2019-06-13 00:58:38,532 INFO  impl.RaftServerProxy (ConfUtils.java:logGet(43)) - raft.rpc.type = GRPC (default)
2019-06-13 00:58:38,532 INFO  grpc.GrpcConfigKeys$Server (ConfUtils.java:logGet(43)) - raft.grpc.server.port = 39445 (custom)
2019-06-13 00:58:38,533 INFO  server.GrpcService (ConfUtils.java:logGet(43)) - raft.grpc.message.size.max = 33570816 (custom)
2019-06-13 00:58:38,533 INFO  server.RaftServerConfigKeys (ConfUtils.java:logGet(43)) - raft.server.log.appender.buffer.byte-limit = 33554432 (custom)
2019-06-13 00:58:38,533 INFO  server.GrpcService (ConfUtils.java:logGet(43)) - raft.grpc.flow.control.window = 1MB (=1048576) (default)
2019-06-13 00:58:38,533 INFO  server.RaftServerConfigKeys (ConfUtils.java:logGet(43)) - raft.server.rpc.request.timeout = 3000ms (default)
2019-06-13 00:58:38,534 INFO  server.RaftServerConfigKeys (ConfUtils.java:logGet(43)) - raft.server.storage.dir = [/opt/src/hadoop-ozone/integration-test/target/test-dir/MiniOzoneClusterImpl-424a1eef-e4d4-4629-b856-a9b8651d64b3/datanode-1/data/ratis] (custom)
2019-06-13 00:58:38,534 INFO  server.XceiverServerGrpc (XceiverServerGrpc.java:<init>(97)) - Found a free port for the server : 32993
2019-06-13 00:58:38,534 INFO  replication.SimpleContainerDownloader (SimpleContainerDownloader.java:<init>(72)) - Starting container downloader service to copy containers to replicate.
2019-06-13 00:58:38,563 INFO  hdfs.DFSUtil (DFSUtil.java:httpServerTemplateForNNAndJN(1641)) - Starting Web-server for hddsDatanode at: http://0.0.0.0:0
2019-06-13 00:58:38,564 INFO  server.AuthenticationFilter (AuthenticationFilter.java:constructSecretProvider(240)) - Unable to initialize FileSignerSecretProvider, falling back to use random secrets.
2019-06-13 00:58:38,564 WARN  http.HttpRequestLog (HttpRequestLog.java:getRequestLog(97)) - Jetty request log can only be enabled using Log4j
2019-06-13 00:58:38,565 INFO  http.HttpServer2 (HttpServer2.java:addGlobalFilter(975)) - Added global filter 'safety' (class=org.apache.hadoop.http.HttpServer2$QuotingInputFilter)
2019-06-13 00:58:38,565 INFO  http.HttpServer2 (HttpServer2.java:addFilter(948)) - Added filter static_user_filter (class=org.apache.hadoop.http.lib.StaticUserWebFilter$StaticUserFilter) to context hddsDatanode
2019-06-13 00:58:38,566 INFO  http.HttpServer2 (HttpServer2.java:addFilter(958)) - Added filter static_user_filter (class=org.apache.hadoop.http.lib.StaticUserWebFilter$StaticUserFilter) to context logs
2019-06-13 00:58:38,566 INFO  http.HttpServer2 (HttpServer2.java:addFilter(958)) - Added filter static_user_filter (class=org.apache.hadoop.http.lib.StaticUserWebFilter$StaticUserFilter) to context static
2019-06-13 00:58:38,566 INFO  http.HttpServer2 (HttpServer2.java:bindListener(1191)) - Jetty bound to port 46363
2019-06-13 00:58:38,566 INFO  server.Server (Server.java:doStart(351)) - jetty-9.3.24.v20180605, build timestamp: 2018-06-05T17:11:56Z, git hash: 84205aa28f11a4f31f2a3b86d1bba2cc8ab69827
2019-06-13 00:58:38,567 INFO  handler.ContextHandler (ContextHandler.java:doStart(781)) - Started o.e.j.s.ServletContextHandler@41d84abb{/logs,file:///opt/src/hadoop-ozone/integration-test/target/log,AVAILABLE}
2019-06-13 00:58:38,568 INFO  handler.ContextHandler (ContextHandler.java:doStart(781)) - Started o.e.j.s.ServletContextHandler@587f6634{/static,jar:file:/root/.m2/repository/org/apache/hadoop/hadoop-hdds-container-service/0.5.0-SNAPSHOT/hadoop-hdds-container-service-0.5.0-SNAPSHOT.jar!/webapps/static,AVAILABLE}
2019-06-13 00:58:38,626 INFO  handler.ContextHandler (ContextHandler.java:doStart(781)) - Started o.e.j.w.WebAppContext@54a033b8{/,file:///tmp/jetty-0.0.0.0-46363-hddsDatanode-_-any-9004134679781199391.dir/webapp/,AVAILABLE}{/hddsDatanode}
2019-06-13 00:58:38,626 INFO  server.AbstractConnector (AbstractConnector.java:doStart(278)) - Started ServerConnector@62dfe152{HTTP/1.1,[http/1.1]}{0.0.0.0:46363}
2019-06-13 00:58:38,626 INFO  server.Server (Server.java:doStart(419)) - Started @44778ms
2019-06-13 00:58:38,627 INFO  server.BaseHttpServer (BaseHttpServer.java:updateConnectorAddress(207)) - HTTP server of HDDSDATANODE is listening at http://0.0.0.0:46363
2019-06-13 00:58:38,718 INFO  ozone.HddsDatanodeService (HddsDatanodeService.java:startPlugins(396)) - Started plug-in org.apache.hadoop.ozone.web.OzoneHddsDatanodeService@2b3d03b2
2019-06-13 00:58:38,718 INFO  impl.MetricsSystemImpl (MetricsSystemImpl.java:init(158)) - HddsDatanode metrics system started (again)
2019-06-13 00:58:38,719 INFO  ozone.HddsDatanodeService (HddsDatanodeService.java:start(185)) - HddsDatanodeService host:ozone-jwdrj-3193829804 ip:192.168.19.49
2019-06-13 00:58:38,726 INFO  util.JvmPauseMonitor (JvmPauseMonitor.java:run(188)) - Starting JVM pause monitor
2019-06-13 00:58:38,727 INFO  volume.HddsVolume (HddsVolume.java:<init>(176)) - Creating Volume: /opt/src/hadoop-ozone/integration-test/target/test-dir/MiniOzoneClusterImpl-424a1eef-e4d4-4629-b856-a9b8651d64b3/datanode-2/data/containers/hdds of  storage type : DISK and capacity : 104021790720
2019-06-13 00:58:38,727 INFO  volume.VolumeSet (VolumeSet.java:initializeVolumeSet(170)) - Added Volume : /opt/src/hadoop-ozone/integration-test/target/test-dir/MiniOzoneClusterImpl-424a1eef-e4d4-4629-b856-a9b8651d64b3/datanode-2/data/containers/hdds to VolumeSet
2019-06-13 00:58:38,727 INFO  volume.ThrottledAsyncChecker (ThrottledAsyncChecker.java:schedule(140)) - Scheduling a check for org.apache.hadoop.ozone.container.common.volume.HddsVolume@2a2b3aff
2019-06-13 00:58:38,727 INFO  datanode.InitDatanodeState (InitDatanodeState.java:persistContainerDatanodeDetails(140)) - DatanodeDetails is persisted to /opt/src/hadoop-ozone/integration-test/target/test-dir/MiniOzoneClusterImpl-424a1eef-e4d4-4629-b856-a9b8651d64b3/datanode-1/meta/datanode.id
2019-06-13 00:58:38,727 INFO  volume.HddsVolumeChecker (HddsVolumeChecker.java:checkAllVolumes(203)) - Scheduled health check for volume org.apache.hadoop.ozone.container.common.volume.HddsVolume@2a2b3aff
2019-06-13 00:58:38,736 INFO  ratis.XceiverServerRatis (XceiverServerRatis.java:newXceiverServerRatis(401)) - Found a free port for the server : 36573
2019-06-13 00:58:38,737 INFO  impl.RaftServerProxy (ConfUtils.java:logGet(43)) - raft.rpc.type = GRPC (default)
2019-06-13 00:58:38,737 INFO  grpc.GrpcConfigKeys$Server (ConfUtils.java:logGet(43)) - raft.grpc.server.port = 36573 (custom)
2019-06-13 00:58:38,737 INFO  server.GrpcService (ConfUtils.java:logGet(43)) - raft.grpc.message.size.max = 33570816 (custom)
2019-06-13 00:58:38,738 INFO  server.RaftServerConfigKeys (ConfUtils.java:logGet(43)) - raft.server.log.appender.buffer.byte-limit = 33554432 (custom)
2019-06-13 00:58:38,738 INFO  server.GrpcService (ConfUtils.java:logGet(43)) - raft.grpc.flow.control.window = 1MB (=1048576) (default)
2019-06-13 00:58:38,738 INFO  server.RaftServerConfigKeys (ConfUtils.java:logGet(43)) - raft.server.rpc.request.timeout = 3000ms (default)
2019-06-13 00:58:38,738 INFO  server.RaftServerConfigKeys (ConfUtils.java:logGet(43)) - raft.server.storage.dir = [/opt/src/hadoop-ozone/integration-test/target/test-dir/MiniOzoneClusterImpl-424a1eef-e4d4-4629-b856-a9b8651d64b3/datanode-2/data/ratis] (custom)
2019-06-13 00:58:38,739 INFO  server.XceiverServerGrpc (XceiverServerGrpc.java:<init>(97)) - Found a free port for the server : 41679
2019-06-13 00:58:38,739 INFO  replication.SimpleContainerDownloader (SimpleContainerDownloader.java:<init>(72)) - Starting container downloader service to copy containers to replicate.
2019-06-13 00:58:38,740 INFO  hdfs.DFSUtil (DFSUtil.java:httpServerTemplateForNNAndJN(1641)) - Starting Web-server for hddsDatanode at: http://0.0.0.0:0
2019-06-13 00:58:38,740 INFO  server.AuthenticationFilter (AuthenticationFilter.java:constructSecretProvider(240)) - Unable to initialize FileSignerSecretProvider, falling back to use random secrets.
2019-06-13 00:58:38,741 WARN  http.HttpRequestLog (HttpRequestLog.java:getRequestLog(97)) - Jetty request log can only be enabled using Log4j
2019-06-13 00:58:38,742 INFO  http.HttpServer2 (HttpServer2.java:addGlobalFilter(975)) - Added global filter 'safety' (class=org.apache.hadoop.http.HttpServer2$QuotingInputFilter)
2019-06-13 00:58:38,743 INFO  http.HttpServer2 (HttpServer2.java:addFilter(948)) - Added filter static_user_filter (class=org.apache.hadoop.http.lib.StaticUserWebFilter$StaticUserFilter) to context hddsDatanode
2019-06-13 00:58:38,743 INFO  http.HttpServer2 (HttpServer2.java:addFilter(958)) - Added filter static_user_filter (class=org.apache.hadoop.http.lib.StaticUserWebFilter$StaticUserFilter) to context logs
2019-06-13 00:58:38,743 INFO  http.HttpServer2 (HttpServer2.java:addFilter(958)) - Added filter static_user_filter (class=org.apache.hadoop.http.lib.StaticUserWebFilter$StaticUserFilter) to context static
2019-06-13 00:58:38,744 INFO  http.HttpServer2 (HttpServer2.java:bindListener(1191)) - Jetty bound to port 45159
2019-06-13 00:58:38,744 INFO  server.Server (Server.java:doStart(351)) - jetty-9.3.24.v20180605, build timestamp: 2018-06-05T17:11:56Z, git hash: 84205aa28f11a4f31f2a3b86d1bba2cc8ab69827
2019-06-13 00:58:38,745 INFO  handler.ContextHandler (ContextHandler.java:doStart(781)) - Started o.e.j.s.ServletContextHandler@64eb14da{/logs,file:///opt/src/hadoop-ozone/integration-test/target/log,AVAILABLE}
2019-06-13 00:58:38,746 INFO  handler.ContextHandler (ContextHandler.java:doStart(781)) - Started o.e.j.s.ServletContextHandler@716eae1{/static,jar:file:/root/.m2/repository/org/apache/hadoop/hadoop-hdds-container-service/0.5.0-SNAPSHOT/hadoop-hdds-container-service-0.5.0-SNAPSHOT.jar!/webapps/static,AVAILABLE}
2019-06-13 00:58:38,774 INFO  handler.ContextHandler (ContextHandler.java:doStart(781)) - Started o.e.j.w.WebAppContext@14b4ce6f{/,file:///tmp/jetty-0.0.0.0-45159-hddsDatanode-_-any-8621435669616905109.dir/webapp/,AVAILABLE}{/hddsDatanode}
2019-06-13 00:58:38,775 INFO  server.AbstractConnector (AbstractConnector.java:doStart(278)) - Started ServerConnector@7c5c2b17{HTTP/1.1,[http/1.1]}{0.0.0.0:45159}
2019-06-13 00:58:38,778 INFO  server.Server (Server.java:doStart(419)) - Started @44929ms
2019-06-13 00:58:38,779 INFO  server.BaseHttpServer (BaseHttpServer.java:updateConnectorAddress(207)) - HTTP server of HDDSDATANODE is listening at http://0.0.0.0:45159
2019-06-13 00:58:38,863 INFO  ozone.HddsDatanodeService (HddsDatanodeService.java:startPlugins(396)) - Started plug-in org.apache.hadoop.ozone.web.OzoneHddsDatanodeService@3293030b
2019-06-13 00:58:38,864 INFO  impl.MetricsSystemImpl (MetricsSystemImpl.java:init(158)) - HddsDatanode metrics system started (again)
2019-06-13 00:58:38,864 INFO  ozone.HddsDatanodeService (HddsDatanodeService.java:start(185)) - HddsDatanodeService host:ozone-jwdrj-3193829804 ip:192.168.19.49
2019-06-13 00:58:38,874 INFO  util.JvmPauseMonitor (JvmPauseMonitor.java:run(188)) - Starting JVM pause monitor
2019-06-13 00:58:38,874 INFO  volume.HddsVolume (HddsVolume.java:<init>(176)) - Creating Volume: /opt/src/hadoop-ozone/integration-test/target/test-dir/MiniOzoneClusterImpl-424a1eef-e4d4-4629-b856-a9b8651d64b3/datanode-3/data/containers/hdds of  storage type : DISK and capacity : 104021790720
2019-06-13 00:58:38,875 INFO  volume.VolumeSet (VolumeSet.java:initializeVolumeSet(170)) - Added Volume : /opt/src/hadoop-ozone/integration-test/target/test-dir/MiniOzoneClusterImpl-424a1eef-e4d4-4629-b856-a9b8651d64b3/datanode-3/data/containers/hdds to VolumeSet
2019-06-13 00:58:38,875 INFO  volume.ThrottledAsyncChecker (ThrottledAsyncChecker.java:schedule(140)) - Scheduling a check for org.apache.hadoop.ozone.container.common.volume.HddsVolume@25dc2c0
2019-06-13 00:58:38,875 INFO  datanode.InitDatanodeState (InitDatanodeState.java:persistContainerDatanodeDetails(140)) - DatanodeDetails is persisted to /opt/src/hadoop-ozone/integration-test/target/test-dir/MiniOzoneClusterImpl-424a1eef-e4d4-4629-b856-a9b8651d64b3/datanode-2/meta/datanode.id
2019-06-13 00:58:38,875 INFO  volume.HddsVolumeChecker (HddsVolumeChecker.java:checkAllVolumes(203)) - Scheduled health check for volume org.apache.hadoop.ozone.container.common.volume.HddsVolume@25dc2c0
2019-06-13 00:58:38,884 INFO  ratis.XceiverServerRatis (XceiverServerRatis.java:newXceiverServerRatis(401)) - Found a free port for the server : 45049
2019-06-13 00:58:38,886 INFO  impl.RaftServerProxy (ConfUtils.java:logGet(43)) - raft.rpc.type = GRPC (default)
2019-06-13 00:58:38,886 INFO  grpc.GrpcConfigKeys$Server (ConfUtils.java:logGet(43)) - raft.grpc.server.port = 45049 (custom)
2019-06-13 00:58:38,886 INFO  server.GrpcService (ConfUtils.java:logGet(43)) - raft.grpc.message.size.max = 33570816 (custom)
2019-06-13 00:58:38,886 INFO  server.RaftServerConfigKeys (ConfUtils.java:logGet(43)) - raft.server.log.appender.buffer.byte-limit = 33554432 (custom)
2019-06-13 00:58:38,886 INFO  server.GrpcService (ConfUtils.java:logGet(43)) - raft.grpc.flow.control.window = 1MB (=1048576) (default)
2019-06-13 00:58:38,886 INFO  server.RaftServerConfigKeys (ConfUtils.java:logGet(43)) - raft.server.rpc.request.timeout = 3000ms (default)
2019-06-13 00:58:38,887 INFO  server.RaftServerConfigKeys (ConfUtils.java:logGet(43)) - raft.server.storage.dir = [/opt/src/hadoop-ozone/integration-test/target/test-dir/MiniOzoneClusterImpl-424a1eef-e4d4-4629-b856-a9b8651d64b3/datanode-3/data/ratis] (custom)
2019-06-13 00:58:38,887 INFO  server.XceiverServerGrpc (XceiverServerGrpc.java:<init>(97)) - Found a free port for the server : 45785
2019-06-13 00:58:38,888 INFO  replication.SimpleContainerDownloader (SimpleContainerDownloader.java:<init>(72)) - Starting container downloader service to copy containers to replicate.
2019-06-13 00:58:38,889 INFO  hdfs.DFSUtil (DFSUtil.java:httpServerTemplateForNNAndJN(1641)) - Starting Web-server for hddsDatanode at: http://0.0.0.0:0
2019-06-13 00:58:38,890 INFO  server.AuthenticationFilter (AuthenticationFilter.java:constructSecretProvider(240)) - Unable to initialize FileSignerSecretProvider, falling back to use random secrets.
2019-06-13 00:58:38,891 WARN  http.HttpRequestLog (HttpRequestLog.java:getRequestLog(97)) - Jetty request log can only be enabled using Log4j
2019-06-13 00:58:38,891 INFO  http.HttpServer2 (HttpServer2.java:addGlobalFilter(975)) - Added global filter 'safety' (class=org.apache.hadoop.http.HttpServer2$QuotingInputFilter)
2019-06-13 00:58:38,892 INFO  http.HttpServer2 (HttpServer2.java:addFilter(948)) - Added filter static_user_filter (class=org.apache.hadoop.http.lib.StaticUserWebFilter$StaticUserFilter) to context hddsDatanode
2019-06-13 00:58:38,892 INFO  http.HttpServer2 (HttpServer2.java:addFilter(958)) - Added filter static_user_filter (class=org.apache.hadoop.http.lib.StaticUserWebFilter$StaticUserFilter) to context static
2019-06-13 00:58:38,892 INFO  http.HttpServer2 (HttpServer2.java:addFilter(958)) - Added filter static_user_filter (class=org.apache.hadoop.http.lib.StaticUserWebFilter$StaticUserFilter) to context logs
2019-06-13 00:58:38,892 INFO  http.HttpServer2 (HttpServer2.java:bindListener(1191)) - Jetty bound to port 45001
2019-06-13 00:58:38,892 INFO  server.Server (Server.java:doStart(351)) - jetty-9.3.24.v20180605, build timestamp: 2018-06-05T17:11:56Z, git hash: 84205aa28f11a4f31f2a3b86d1bba2cc8ab69827
2019-06-13 00:58:38,894 INFO  handler.ContextHandler (ContextHandler.java:doStart(781)) - Started o.e.j.s.ServletContextHandler@ed1d2cf{/logs,file:///opt/src/hadoop-ozone/integration-test/target/log,AVAILABLE}
2019-06-13 00:58:38,894 INFO  handler.ContextHandler (ContextHandler.java:doStart(781)) - Started o.e.j.s.ServletContextHandler@5f81507a{/static,jar:file:/root/.m2/repository/org/apache/hadoop/hadoop-hdds-container-service/0.5.0-SNAPSHOT/hadoop-hdds-container-service-0.5.0-SNAPSHOT.jar!/webapps/static,AVAILABLE}
2019-06-13 00:58:38,914 INFO  handler.ContextHandler (ContextHandler.java:doStart(781)) - Started o.e.j.w.WebAppContext@43312512{/,file:///tmp/jetty-0.0.0.0-45001-hddsDatanode-_-any-2871445542480441488.dir/webapp/,AVAILABLE}{/hddsDatanode}
2019-06-13 00:58:38,914 INFO  server.AbstractConnector (AbstractConnector.java:doStart(278)) - Started ServerConnector@13f7c165{HTTP/1.1,[http/1.1]}{0.0.0.0:45001}
2019-06-13 00:58:38,915 INFO  server.Server (Server.java:doStart(419)) - Started @45067ms
2019-06-13 00:58:38,916 INFO  server.BaseHttpServer (BaseHttpServer.java:updateConnectorAddress(207)) - HTTP server of HDDSDATANODE is listening at http://0.0.0.0:45001
2019-06-13 00:58:39,008 INFO  ozone.HddsDatanodeService (HddsDatanodeService.java:startPlugins(396)) - Started plug-in org.apache.hadoop.ozone.web.OzoneHddsDatanodeService@24558113
2019-06-13 00:58:39,008 INFO  impl.MetricsSystemImpl (MetricsSystemImpl.java:init(158)) - HddsDatanode metrics system started (again)
2019-06-13 00:58:39,009 INFO  ozone.HddsDatanodeService (HddsDatanodeService.java:start(185)) - HddsDatanodeService host:ozone-jwdrj-3193829804 ip:192.168.19.49
2019-06-13 00:58:39,012 INFO  util.JvmPauseMonitor (JvmPauseMonitor.java:run(188)) - Starting JVM pause monitor
2019-06-13 00:58:39,013 INFO  datanode.InitDatanodeState (InitDatanodeState.java:persistContainerDatanodeDetails(140)) - DatanodeDetails is persisted to /opt/src/hadoop-ozone/integration-test/target/test-dir/MiniOzoneClusterImpl-424a1eef-e4d4-4629-b856-a9b8651d64b3/datanode-3/meta/datanode.id
2019-06-13 00:58:39,016 INFO  volume.HddsVolume (HddsVolume.java:<init>(176)) - Creating Volume: /opt/src/hadoop-ozone/integration-test/target/test-dir/MiniOzoneClusterImpl-424a1eef-e4d4-4629-b856-a9b8651d64b3/datanode-4/data/containers/hdds of  storage type : DISK and capacity : 104021790720
2019-06-13 00:58:39,017 INFO  volume.VolumeSet (VolumeSet.java:initializeVolumeSet(170)) - Added Volume : /opt/src/hadoop-ozone/integration-test/target/test-dir/MiniOzoneClusterImpl-424a1eef-e4d4-4629-b856-a9b8651d64b3/datanode-4/data/containers/hdds to VolumeSet
2019-06-13 00:58:39,017 INFO  volume.ThrottledAsyncChecker (ThrottledAsyncChecker.java:schedule(140)) - Scheduling a check for org.apache.hadoop.ozone.container.common.volume.HddsVolume@6a262980
2019-06-13 00:58:39,017 INFO  volume.HddsVolumeChecker (HddsVolumeChecker.java:checkAllVolumes(203)) - Scheduled health check for volume org.apache.hadoop.ozone.container.common.volume.HddsVolume@6a262980
2019-06-13 00:58:39,027 INFO  ratis.XceiverServerRatis (XceiverServerRatis.java:newXceiverServerRatis(401)) - Found a free port for the server : 46787
2019-06-13 00:58:39,029 INFO  impl.RaftServerProxy (ConfUtils.java:logGet(43)) - raft.rpc.type = GRPC (default)
2019-06-13 00:58:39,029 INFO  grpc.GrpcConfigKeys$Server (ConfUtils.java:logGet(43)) - raft.grpc.server.port = 46787 (custom)
2019-06-13 00:58:39,029 INFO  server.GrpcService (ConfUtils.java:logGet(43)) - raft.grpc.message.size.max = 33570816 (custom)
2019-06-13 00:58:39,029 INFO  server.RaftServerConfigKeys (ConfUtils.java:logGet(43)) - raft.server.log.appender.buffer.byte-limit = 33554432 (custom)
2019-06-13 00:58:39,029 INFO  server.GrpcService (ConfUtils.java:logGet(43)) - raft.grpc.flow.control.window = 1MB (=1048576) (default)
2019-06-13 00:58:39,029 INFO  server.RaftServerConfigKeys (ConfUtils.java:logGet(43)) - raft.server.rpc.request.timeout = 3000ms (default)
2019-06-13 00:58:39,030 INFO  server.RaftServerConfigKeys (ConfUtils.java:logGet(43)) - raft.server.storage.dir = [/opt/src/hadoop-ozone/integration-test/target/test-dir/MiniOzoneClusterImpl-424a1eef-e4d4-4629-b856-a9b8651d64b3/datanode-4/data/ratis] (custom)
2019-06-13 00:58:39,030 INFO  server.XceiverServerGrpc (XceiverServerGrpc.java:<init>(97)) - Found a free port for the server : 35999
2019-06-13 00:58:39,030 INFO  replication.SimpleContainerDownloader (SimpleContainerDownloader.java:<init>(72)) - Starting container downloader service to copy containers to replicate.
2019-06-13 00:58:39,031 INFO  hdfs.DFSUtil (DFSUtil.java:httpServerTemplateForNNAndJN(1641)) - Starting Web-server for hddsDatanode at: http://0.0.0.0:0
2019-06-13 00:58:39,032 INFO  server.AuthenticationFilter (AuthenticationFilter.java:constructSecretProvider(240)) - Unable to initialize FileSignerSecretProvider, falling back to use random secrets.
2019-06-13 00:58:39,032 WARN  http.HttpRequestLog (HttpRequestLog.java:getRequestLog(97)) - Jetty request log can only be enabled using Log4j
2019-06-13 00:58:39,033 INFO  http.HttpServer2 (HttpServer2.java:addGlobalFilter(975)) - Added global filter 'safety' (class=org.apache.hadoop.http.HttpServer2$QuotingInputFilter)
2019-06-13 00:58:39,033 INFO  http.HttpServer2 (HttpServer2.java:addFilter(948)) - Added filter static_user_filter (class=org.apache.hadoop.http.lib.StaticUserWebFilter$StaticUserFilter) to context hddsDatanode
2019-06-13 00:58:39,034 INFO  http.HttpServer2 (HttpServer2.java:addFilter(958)) - Added filter static_user_filter (class=org.apache.hadoop.http.lib.StaticUserWebFilter$StaticUserFilter) to context static
2019-06-13 00:58:39,034 INFO  http.HttpServer2 (HttpServer2.java:addFilter(958)) - Added filter static_user_filter (class=org.apache.hadoop.http.lib.StaticUserWebFilter$StaticUserFilter) to context logs
2019-06-13 00:58:39,034 INFO  http.HttpServer2 (HttpServer2.java:bindListener(1191)) - Jetty bound to port 35213
2019-06-13 00:58:39,034 INFO  server.Server (Server.java:doStart(351)) - jetty-9.3.24.v20180605, build timestamp: 2018-06-05T17:11:56Z, git hash: 84205aa28f11a4f31f2a3b86d1bba2cc8ab69827
2019-06-13 00:58:39,035 INFO  handler.ContextHandler (ContextHandler.java:doStart(781)) - Started o.e.j.s.ServletContextHandler@537a8915{/logs,file:///opt/src/hadoop-ozone/integration-test/target/log,AVAILABLE}
2019-06-13 00:58:39,036 INFO  handler.ContextHandler (ContextHandler.java:doStart(781)) - Started o.e.j.s.ServletContextHandler@2148b47e{/static,jar:file:/root/.m2/repository/org/apache/hadoop/hadoop-hdds-container-service/0.5.0-SNAPSHOT/hadoop-hdds-container-service-0.5.0-SNAPSHOT.jar!/webapps/static,AVAILABLE}
2019-06-13 00:58:39,055 INFO  handler.ContextHandler (ContextHandler.java:doStart(781)) - Started o.e.j.w.WebAppContext@790f4933{/,file:///tmp/jetty-0.0.0.0-35213-hddsDatanode-_-any-7542647793189797649.dir/webapp/,AVAILABLE}{/hddsDatanode}
2019-06-13 00:58:39,056 INFO  server.AbstractConnector (AbstractConnector.java:doStart(278)) - Started ServerConnector@6a95c2f6{HTTP/1.1,[http/1.1]}{0.0.0.0:35213}
2019-06-13 00:58:39,057 INFO  server.Server (Server.java:doStart(419)) - Started @45209ms
2019-06-13 00:58:39,057 INFO  server.BaseHttpServer (BaseHttpServer.java:updateConnectorAddress(207)) - HTTP server of HDDSDATANODE is listening at http://0.0.0.0:35213
2019-06-13 00:58:39,140 INFO  ozone.HddsDatanodeService (HddsDatanodeService.java:startPlugins(396)) - Started plug-in org.apache.hadoop.ozone.web.OzoneHddsDatanodeService@84e43fb
2019-06-13 00:58:39,140 INFO  impl.MetricsSystemImpl (MetricsSystemImpl.java:init(158)) - HddsDatanode metrics system started (again)
2019-06-13 00:58:39,140 INFO  ozone.HddsDatanodeService (HddsDatanodeService.java:start(185)) - HddsDatanodeService host:ozone-jwdrj-3193829804 ip:192.168.19.49
2019-06-13 00:58:39,142 INFO  util.JvmPauseMonitor (JvmPauseMonitor.java:run(188)) - Starting JVM pause monitor
2019-06-13 00:58:39,143 INFO  datanode.InitDatanodeState (InitDatanodeState.java:persistContainerDatanodeDetails(140)) - DatanodeDetails is persisted to /opt/src/hadoop-ozone/integration-test/target/test-dir/MiniOzoneClusterImpl-424a1eef-e4d4-4629-b856-a9b8651d64b3/datanode-4/meta/datanode.id
2019-06-13 00:58:39,149 INFO  volume.HddsVolume (HddsVolume.java:<init>(176)) - Creating Volume: /opt/src/hadoop-ozone/integration-test/target/test-dir/MiniOzoneClusterImpl-424a1eef-e4d4-4629-b856-a9b8651d64b3/datanode-5/data/containers/hdds of  storage type : DISK and capacity : 104021790720
2019-06-13 00:58:39,150 INFO  volume.VolumeSet (VolumeSet.java:initializeVolumeSet(170)) - Added Volume : /opt/src/hadoop-ozone/integration-test/target/test-dir/MiniOzoneClusterImpl-424a1eef-e4d4-4629-b856-a9b8651d64b3/datanode-5/data/containers/hdds to VolumeSet
2019-06-13 00:58:39,150 INFO  volume.ThrottledAsyncChecker (ThrottledAsyncChecker.java:schedule(140)) - Scheduling a check for org.apache.hadoop.ozone.container.common.volume.HddsVolume@362fd4e9
2019-06-13 00:58:39,153 INFO  volume.HddsVolumeChecker (HddsVolumeChecker.java:checkAllVolumes(203)) - Scheduled health check for volume org.apache.hadoop.ozone.container.common.volume.HddsVolume@362fd4e9
2019-06-13 00:58:39,163 INFO  ratis.XceiverServerRatis (XceiverServerRatis.java:newXceiverServerRatis(401)) - Found a free port for the server : 39325
2019-06-13 00:58:39,164 INFO  impl.RaftServerProxy (ConfUtils.java:logGet(43)) - raft.rpc.type = GRPC (default)
2019-06-13 00:58:39,164 INFO  grpc.GrpcConfigKeys$Server (ConfUtils.java:logGet(43)) - raft.grpc.server.port = 39325 (custom)
2019-06-13 00:58:39,165 INFO  server.GrpcService (ConfUtils.java:logGet(43)) - raft.grpc.message.size.max = 33570816 (custom)
2019-06-13 00:58:39,165 INFO  server.RaftServerConfigKeys (ConfUtils.java:logGet(43)) - raft.server.log.appender.buffer.byte-limit = 33554432 (custom)
2019-06-13 00:58:39,165 INFO  server.GrpcService (ConfUtils.java:logGet(43)) - raft.grpc.flow.control.window = 1MB (=1048576) (default)
2019-06-13 00:58:39,165 INFO  server.RaftServerConfigKeys (ConfUtils.java:logGet(43)) - raft.server.rpc.request.timeout = 3000ms (default)
2019-06-13 00:58:39,165 INFO  server.RaftServerConfigKeys (ConfUtils.java:logGet(43)) - raft.server.storage.dir = [/opt/src/hadoop-ozone/integration-test/target/test-dir/MiniOzoneClusterImpl-424a1eef-e4d4-4629-b856-a9b8651d64b3/datanode-5/data/ratis] (custom)
2019-06-13 00:58:39,174 INFO  server.XceiverServerGrpc (XceiverServerGrpc.java:<init>(97)) - Found a free port for the server : 45491
2019-06-13 00:58:39,174 INFO  replication.SimpleContainerDownloader (SimpleContainerDownloader.java:<init>(72)) - Starting container downloader service to copy containers to replicate.
2019-06-13 00:58:39,175 INFO  hdfs.DFSUtil (DFSUtil.java:httpServerTemplateForNNAndJN(1641)) - Starting Web-server for hddsDatanode at: http://0.0.0.0:0
2019-06-13 00:58:39,177 INFO  server.AuthenticationFilter (AuthenticationFilter.java:constructSecretProvider(240)) - Unable to initialize FileSignerSecretProvider, falling back to use random secrets.
2019-06-13 00:58:39,177 WARN  http.HttpRequestLog (HttpRequestLog.java:getRequestLog(97)) - Jetty request log can only be enabled using Log4j
2019-06-13 00:58:39,178 INFO  http.HttpServer2 (HttpServer2.java:addGlobalFilter(975)) - Added global filter 'safety' (class=org.apache.hadoop.http.HttpServer2$QuotingInputFilter)
2019-06-13 00:58:39,179 INFO  http.HttpServer2 (HttpServer2.java:addFilter(948)) - Added filter static_user_filter (class=org.apache.hadoop.http.lib.StaticUserWebFilter$StaticUserFilter) to context hddsDatanode
2019-06-13 00:58:39,179 INFO  http.HttpServer2 (HttpServer2.java:addFilter(958)) - Added filter static_user_filter (class=org.apache.hadoop.http.lib.StaticUserWebFilter$StaticUserFilter) to context static
2019-06-13 00:58:39,179 INFO  http.HttpServer2 (HttpServer2.java:addFilter(958)) - Added filter static_user_filter (class=org.apache.hadoop.http.lib.StaticUserWebFilter$StaticUserFilter) to context logs
2019-06-13 00:58:39,180 INFO  http.HttpServer2 (HttpServer2.java:bindListener(1191)) - Jetty bound to port 38567
2019-06-13 00:58:39,180 INFO  server.Server (Server.java:doStart(351)) - jetty-9.3.24.v20180605, build timestamp: 2018-06-05T17:11:56Z, git hash: 84205aa28f11a4f31f2a3b86d1bba2cc8ab69827
2019-06-13 00:58:39,220 INFO  handler.ContextHandler (ContextHandler.java:doStart(781)) - Started o.e.j.s.ServletContextHandler@ecfff32{/logs,file:///opt/src/hadoop-ozone/integration-test/target/log,AVAILABLE}
2019-06-13 00:58:39,221 INFO  handler.ContextHandler (ContextHandler.java:doStart(781)) - Started o.e.j.s.ServletContextHandler@c247b02{/static,jar:file:/root/.m2/repository/org/apache/hadoop/hadoop-hdds-container-service/0.5.0-SNAPSHOT/hadoop-hdds-container-service-0.5.0-SNAPSHOT.jar!/webapps/static,AVAILABLE}
2019-06-13 00:58:39,242 INFO  handler.ContextHandler (ContextHandler.java:doStart(781)) - Started o.e.j.w.WebAppContext@5c28009f{/,file:///tmp/jetty-0.0.0.0-38567-hddsDatanode-_-any-8380105640055048872.dir/webapp/,AVAILABLE}{/hddsDatanode}
2019-06-13 00:58:39,243 INFO  server.AbstractConnector (AbstractConnector.java:doStart(278)) - Started ServerConnector@7f8a7f5b{HTTP/1.1,[http/1.1]}{0.0.0.0:38567}
2019-06-13 00:58:39,244 INFO  server.Server (Server.java:doStart(419)) - Started @45396ms
2019-06-13 00:58:39,245 INFO  server.BaseHttpServer (BaseHttpServer.java:updateConnectorAddress(207)) - HTTP server of HDDSDATANODE is listening at http://0.0.0.0:38567
2019-06-13 00:58:39,335 INFO  ozone.HddsDatanodeService (HddsDatanodeService.java:startPlugins(396)) - Started plug-in org.apache.hadoop.ozone.web.OzoneHddsDatanodeService@1f251bf1
2019-06-13 00:58:39,336 INFO  ozone.MiniOzoneClusterImpl (MiniOzoneClusterImpl.java:lambda$waitForClusterToBeReady$0(142)) - Waiting for cluster to be ready. Got 0 of 6 DN Heartbeats.
2019-06-13 00:58:39,336 INFO  util.JvmPauseMonitor (JvmPauseMonitor.java:run(188)) - Starting JVM pause monitor
2019-06-13 00:58:39,337 INFO  datanode.InitDatanodeState (InitDatanodeState.java:persistContainerDatanodeDetails(140)) - DatanodeDetails is persisted to /opt/src/hadoop-ozone/integration-test/target/test-dir/MiniOzoneClusterImpl-424a1eef-e4d4-4629-b856-a9b8651d64b3/datanode-5/meta/datanode.id
2019-06-13 00:58:40,336 INFO  ozone.MiniOzoneClusterImpl (MiniOzoneClusterImpl.java:lambda$waitForClusterToBeReady$0(142)) - Waiting for cluster to be ready. Got 0 of 6 DN Heartbeats.
2019-06-13 00:58:40,524 INFO  ozoneimpl.OzoneContainer (OzoneContainer.java:start(186)) - Attempting to start container services.
2019-06-13 00:58:40,524 INFO  ozoneimpl.OzoneContainer (OzoneContainer.java:startContainerScrub(160)) - Background container scrubber has been disabled by hdds.containerscrub.enabled
2019-06-13 00:58:40,524 INFO  ratis.XceiverServerRatis (XceiverServerRatis.java:start(418)) - Starting XceiverServerRatis f500ea28-b252-40d7-b1da-99aaf8ce9fe3 at port 45463
2019-06-13 00:58:40,527 INFO  impl.RaftServerProxy (RaftServerProxy.java:lambda$start$3(299)) - f500ea28-b252-40d7-b1da-99aaf8ce9fe3: start RPC server
2019-06-13 00:58:40,528 INFO  server.GrpcService (GrpcService.java:startImpl(148)) - f500ea28-b252-40d7-b1da-99aaf8ce9fe3: GrpcService started, listening on 0.0.0.0/0.0.0.0:45463
2019-06-13 00:58:40,729 INFO  ozoneimpl.OzoneContainer (OzoneContainer.java:start(186)) - Attempting to start container services.
2019-06-13 00:58:40,729 INFO  ozoneimpl.OzoneContainer (OzoneContainer.java:startContainerScrub(160)) - Background container scrubber has been disabled by hdds.containerscrub.enabled
2019-06-13 00:58:40,729 INFO  ratis.XceiverServerRatis (XceiverServerRatis.java:start(418)) - Starting XceiverServerRatis cc78ddfc-449d-4121-b3c8-637ca6640cdd at port 39445
2019-06-13 00:58:40,734 INFO  impl.RaftServerProxy (RaftServerProxy.java:lambda$start$3(299)) - cc78ddfc-449d-4121-b3c8-637ca6640cdd: start RPC server
2019-06-13 00:58:40,734 INFO  server.GrpcService (GrpcService.java:startImpl(148)) - cc78ddfc-449d-4121-b3c8-637ca6640cdd: GrpcService started, listening on 0.0.0.0/0.0.0.0:39445
2019-06-13 00:58:40,820 WARN  events.EventQueue (EventQueue.java:fireEvent(147)) - Processing of TypedEvent{payloadType=DatanodeDetails, name='Stale_Node'} is skipped, EventQueue is not running
2019-06-13 00:58:40,820 WARN  events.EventQueue (EventQueue.java:fireEvent(147)) - Processing of TypedEvent{payloadType=DatanodeDetails, name='Stale_Node'} is skipped, EventQueue is not running
2019-06-13 00:58:40,820 WARN  events.EventQueue (EventQueue.java:fireEvent(147)) - Processing of TypedEvent{payloadType=DatanodeDetails, name='Stale_Node'} is skipped, EventQueue is not running
2019-06-13 00:58:40,820 WARN  events.EventQueue (EventQueue.java:fireEvent(147)) - Processing of TypedEvent{payloadType=DatanodeDetails, name='Stale_Node'} is skipped, EventQueue is not running
2019-06-13 00:58:40,878 INFO  ozoneimpl.OzoneContainer (OzoneContainer.java:start(186)) - Attempting to start container services.
2019-06-13 00:58:40,878 INFO  ozoneimpl.OzoneContainer (OzoneContainer.java:startContainerScrub(160)) - Background container scrubber has been disabled by hdds.containerscrub.enabled
2019-06-13 00:58:40,878 INFO  ratis.XceiverServerRatis (XceiverServerRatis.java:start(418)) - Starting XceiverServerRatis 67445237-aa73-492a-bf57-f58886d01799 at port 36573
2019-06-13 00:58:40,881 INFO  impl.RaftServerProxy (RaftServerProxy.java:lambda$start$3(299)) - 67445237-aa73-492a-bf57-f58886d01799: start RPC server
2019-06-13 00:58:40,882 INFO  server.GrpcService (GrpcService.java:startImpl(148)) - 67445237-aa73-492a-bf57-f58886d01799: GrpcService started, listening on 0.0.0.0/0.0.0.0:36573
2019-06-13 00:58:41,016 INFO  ozoneimpl.OzoneContainer (OzoneContainer.java:start(186)) - Attempting to start container services.
2019-06-13 00:58:41,016 INFO  ozoneimpl.OzoneContainer (OzoneContainer.java:startContainerScrub(160)) - Background container scrubber has been disabled by hdds.containerscrub.enabled
2019-06-13 00:58:41,016 INFO  ratis.XceiverServerRatis (XceiverServerRatis.java:start(418)) - Starting XceiverServerRatis bda9e874-81f7-4471-8850-42eff5c27286 at port 45049
2019-06-13 00:58:41,025 INFO  impl.RaftServerProxy (RaftServerProxy.java:lambda$start$3(299)) - bda9e874-81f7-4471-8850-42eff5c27286: start RPC server
2019-06-13 00:58:41,025 INFO  server.GrpcService (GrpcService.java:startImpl(148)) - bda9e874-81f7-4471-8850-42eff5c27286: GrpcService started, listening on 0.0.0.0/0.0.0.0:45049
2019-06-13 00:58:41,145 INFO  ozoneimpl.OzoneContainer (OzoneContainer.java:start(186)) - Attempting to start container services.
2019-06-13 00:58:41,145 INFO  ozoneimpl.OzoneContainer (OzoneContainer.java:startContainerScrub(160)) - Background container scrubber has been disabled by hdds.containerscrub.enabled
2019-06-13 00:58:41,145 INFO  ratis.XceiverServerRatis (XceiverServerRatis.java:start(418)) - Starting XceiverServerRatis a5e77bbe-3b5c-49be-8e46-88ea55042e08 at port 46787
2019-06-13 00:58:41,149 INFO  impl.RaftServerProxy (RaftServerProxy.java:lambda$start$3(299)) - a5e77bbe-3b5c-49be-8e46-88ea55042e08: start RPC server
2019-06-13 00:58:41,149 INFO  server.GrpcService (GrpcService.java:startImpl(148)) - a5e77bbe-3b5c-49be-8e46-88ea55042e08: GrpcService started, listening on 0.0.0.0/0.0.0.0:46787
2019-06-13 00:58:41,336 INFO  ozone.MiniOzoneClusterImpl (MiniOzoneClusterImpl.java:lambda$waitForClusterToBeReady$0(142)) - Waiting for cluster to be ready. Got 0 of 6 DN Heartbeats.
2019-06-13 00:58:41,339 INFO  ozoneimpl.OzoneContainer (OzoneContainer.java:start(186)) - Attempting to start container services.
2019-06-13 00:58:41,339 INFO  ozoneimpl.OzoneContainer (OzoneContainer.java:startContainerScrub(160)) - Background container scrubber has been disabled by hdds.containerscrub.enabled
2019-06-13 00:58:41,340 INFO  ratis.XceiverServerRatis (XceiverServerRatis.java:start(418)) - Starting XceiverServerRatis 295ad9ad-27d5-44d4-8ba2-eb94921948f9 at port 39325
2019-06-13 00:58:41,343 INFO  impl.RaftServerProxy (RaftServerProxy.java:lambda$start$3(299)) - 295ad9ad-27d5-44d4-8ba2-eb94921948f9: start RPC server
2019-06-13 00:58:41,343 INFO  server.GrpcService (GrpcService.java:startImpl(148)) - 295ad9ad-27d5-44d4-8ba2-eb94921948f9: GrpcService started, listening on 0.0.0.0/0.0.0.0:39325
2019-06-13 00:58:42,336 INFO  ozone.MiniOzoneClusterImpl (MiniOzoneClusterImpl.java:lambda$waitForClusterToBeReady$0(142)) - Waiting for cluster to be ready. Got 0 of 6 DN Heartbeats.
2019-06-13 00:58:42,520 INFO  node.SCMNodeManager (SCMNodeManager.java:register(234)) - Registered Data node : f500ea28-b252-40d7-b1da-99aaf8ce9fe3{ip: 192.168.19.49, host: ozone-jwdrj-3193829804, networkLocation: /default-rack, certSerialId: null}
2019-06-13 00:58:42,525 INFO  safemode.SCMSafeModeManager (DataNodeSafeModeRule.java:process(71)) - SCM in safe mode. 1 DataNodes registered, 1 required.
2019-06-13 00:58:42,528 INFO  safemode.SCMSafeModeManager (SCMSafeModeManager.java:validateSafeModeExitRules(177)) - ScmSafeModeManager, all rules are successfully validated
2019-06-13 00:58:42,528 INFO  safemode.SCMSafeModeManager (SCMSafeModeManager.java:exitSafeMode(193)) - SCM exiting safe mode.
2019-06-13 00:58:42,546 INFO  impl.RaftServerProxy (RaftServerProxy.java:addNew(89)) - f500ea28-b252-40d7-b1da-99aaf8ce9fe3: addNew group-13155F7CFFC4:[f500ea28-b252-40d7-b1da-99aaf8ce9fe3:192.168.19.49:45463] returns group-13155F7CFFC4:java.util.concurrent.CompletableFuture@14922490[Not completed]
2019-06-13 00:58:42,548 INFO  impl.RaftServerImpl (RaftServerImpl.java:<init>(91)) - f500ea28-b252-40d7-b1da-99aaf8ce9fe3: new RaftServerImpl for group-13155F7CFFC4:[f500ea28-b252-40d7-b1da-99aaf8ce9fe3:192.168.19.49:45463] with ContainerStateMachine:uninitialized
2019-06-13 00:58:42,548 INFO  server.RaftServerConfigKeys (ConfUtils.java:logGet(43)) - raft.server.rpc.timeout.min = 1s (custom)
2019-06-13 00:58:42,548 INFO  server.RaftServerConfigKeys (ConfUtils.java:logGet(43)) - raft.server.rpc.timeout.max = 1200ms (custom)
2019-06-13 00:58:42,548 INFO  server.RaftServerConfigKeys (ConfUtils.java:logGet(43)) - raft.server.rpcslowness.timeout = 120s (custom)
2019-06-13 00:58:42,548 INFO  server.RaftServerConfigKeys (ConfUtils.java:logGet(43)) - raft.server.log.appender.install.snapshot.enabled = true (default)
2019-06-13 00:58:42,548 INFO  impl.RaftServerImpl (ServerState.java:<init>(101)) - f500ea28-b252-40d7-b1da-99aaf8ce9fe3:group-13155F7CFFC4 ConfigurationManager, init=-1: [f500ea28-b252-40d7-b1da-99aaf8ce9fe3:192.168.19.49:45463], old=null, confs=<EMPTY_MAP>
2019-06-13 00:58:42,549 INFO  server.RaftServerConfigKeys (ConfUtils.java:logGet(43)) - raft.server.storage.dir = [/opt/src/hadoop-ozone/integration-test/target/test-dir/MiniOzoneClusterImpl-424a1eef-e4d4-4629-b856-a9b8651d64b3/datanode-0/data/ratis] (custom)
2019-06-13 00:58:42,549 INFO  storage.RaftStorageDirectory (RaftStorageDirectory.java:analyzeStorage(246)) - The storage directory /opt/src/hadoop-ozone/integration-test/target/test-dir/MiniOzoneClusterImpl-424a1eef-e4d4-4629-b856-a9b8651d64b3/datanode-0/data/ratis/4337f098-6f1a-4d1b-8f81-13155f7cffc4 does not exist. Creating ...
2019-06-13 00:58:42,551 INFO  storage.RaftStorageDirectory (RaftStorageDirectory.java:tryLock(328)) - Lock on /opt/src/hadoop-ozone/integration-test/target/test-dir/MiniOzoneClusterImpl-424a1eef-e4d4-4629-b856-a9b8651d64b3/datanode-0/data/ratis/4337f098-6f1a-4d1b-8f81-13155f7cffc4/in_use.lock acquired by nodename 14362@ozone-jwdrj-3193829804
2019-06-13 00:58:42,553 INFO  storage.RaftStorage (RaftStorage.java:format(75)) - Storage directory /opt/src/hadoop-ozone/integration-test/target/test-dir/MiniOzoneClusterImpl-424a1eef-e4d4-4629-b856-a9b8651d64b3/datanode-0/data/ratis/4337f098-6f1a-4d1b-8f81-13155f7cffc4 has been successfully formatted.
2019-06-13 00:58:42,554 INFO  ratis.ContainerStateMachine (ContainerStateMachine.java:loadSnapshot(199)) - The snapshot info is null.Setting the last applied index to:(t:0, i:~)
2019-06-13 00:58:42,554 INFO  server.RaftServerConfigKeys (ConfUtils.java:logGet(43)) - raft.server.leader.election.timeout = 120s (custom)
2019-06-13 00:58:42,554 INFO  server.RaftServerConfigKeys (ConfUtils.java:logGet(43)) - raft.server.log.use.memory = false (default)
2019-06-13 00:58:42,554 INFO  server.RaftServerConfigKeys (ConfUtils.java:logGet(43)) - raft.server.log.appender.buffer.byte-limit = 33554432 (custom)
2019-06-13 00:58:42,554 INFO  server.RaftServerConfigKeys (ConfUtils.java:logGet(43)) - raft.server.log.segment.size.max = 16384 (custom)
2019-06-13 00:58:42,554 INFO  server.RaftServerConfigKeys (ConfUtils.java:logGet(43)) - raft.server.log.segment.cache.num.max = 2 (custom)
2019-06-13 00:58:42,554 INFO  storage.RaftLogWorker (RaftLogWorker.java:<init>(123)) - new f500ea28-b252-40d7-b1da-99aaf8ce9fe3-RaftLogWorker for Storage Directory /opt/src/hadoop-ozone/integration-test/target/test-dir/MiniOzoneClusterImpl-424a1eef-e4d4-4629-b856-a9b8651d64b3/datanode-0/data/ratis/4337f098-6f1a-4d1b-8f81-13155f7cffc4
2019-06-13 00:58:42,555 INFO  server.RaftServerConfigKeys (ConfUtils.java:logGet(43)) - raft.server.log.queue.byte-limit = 2147483647 (custom)
2019-06-13 00:58:42,555 INFO  server.RaftServerConfigKeys (ConfUtils.java:logGet(43)) - raft.server.log.queue.element-limit = 1024 (custom)
2019-06-13 00:58:42,555 INFO  server.RaftServerConfigKeys (ConfUtils.java:logGet(43)) - raft.server.log.segment.size.max = 16384 (custom)
2019-06-13 00:58:42,555 INFO  server.RaftServerConfigKeys (ConfUtils.java:logGet(43)) - raft.server.log.preallocated.size = 16384 (custom)
2019-06-13 00:58:42,555 INFO  server.RaftServerConfigKeys (ConfUtils.java:logGet(43)) - raft.server.log.write.buffer.size = 33554432 (custom)
2019-06-13 00:58:42,555 INFO  server.RaftServerConfigKeys (ConfUtils.java:logGet(43)) - raft.server.log.force.sync.num = 128 (default)
2019-06-13 00:58:42,555 INFO  server.RaftServerConfigKeys (ConfUtils.java:logGet(43)) - raft.server.log.statemachine.data.sync = true (default)
2019-06-13 00:58:42,555 INFO  server.RaftServerConfigKeys (ConfUtils.java:logGet(43)) - raft.server.log.statemachine.data.sync.timeout = 10s (default)
2019-06-13 00:58:42,555 INFO  server.RaftServerConfigKeys (ConfUtils.java:logGet(43)) - raft.server.log.statemachine.data.sync.timeout.retry = -1 (default)
2019-06-13 00:58:42,555 INFO  server.RaftServerConfigKeys (ConfUtils.java:logGet(43)) - raft.server.log.statemachine.data.caching.enabled = true (custom)
2019-06-13 00:58:42,556 INFO  server.RaftServerConfigKeys (ConfUtils.java:logGet(43)) - raft.server.snapshot.auto.trigger.enabled = true (custom)
2019-06-13 00:58:42,557 INFO  server.RaftServerConfigKeys (ConfUtils.java:logGet(43)) - raft.server.snapshot.auto.trigger.threshold = 10000 (custom)
2019-06-13 00:58:42,557 INFO  server.RaftServerConfigKeys (ConfUtils.java:logGet(43)) - raft.server.retrycache.expirytime = 600000ms (custom)
2019-06-13 00:58:42,557 INFO  impl.RaftServerImpl (RaftServerImpl.java:start(173)) - f500ea28-b252-40d7-b1da-99aaf8ce9fe3: start group-13155F7CFFC4
2019-06-13 00:58:42,557 INFO  impl.RaftServerImpl (RaftServerImpl.java:setRole(164)) - f500ea28-b252-40d7-b1da-99aaf8ce9fe3:group-13155F7CFFC4 changes role from null to FOLLOWER at term 0 for startAsFollower
2019-06-13 00:58:42,557 INFO  impl.RoleInfo (RoleInfo.java:updateAndGet(143)) - f500ea28-b252-40d7-b1da-99aaf8ce9fe3: start FollowerState
2019-06-13 00:58:42,557 INFO  util.JmxRegister (JmxRegister.java:tryRegister(44)) - Successfully registered JMX Bean with object name Ratis:service=RaftServer,group=group-13155F7CFFC4,id=f500ea28-b252-40d7-b1da-99aaf8ce9fe3
2019-06-13 00:58:42,566 INFO  pipeline.PipelineStateManager (PipelineStateManager.java:addPipeline(56)) - Created pipeline Pipeline[ Id: 4337f098-6f1a-4d1b-8f81-13155f7cffc4, Nodes: f500ea28-b252-40d7-b1da-99aaf8ce9fe3{ip: 192.168.19.49, host: ozone-jwdrj-3193829804, networkLocation: /default-rack, certSerialId: null}, Type:RATIS, Factor:ONE, State:OPEN]
2019-06-13 00:58:42,727 INFO  node.SCMNodeManager (SCMNodeManager.java:register(234)) - Registered Data node : cc78ddfc-449d-4121-b3c8-637ca6640cdd{ip: 192.168.19.49, host: ozone-jwdrj-3193829804, networkLocation: /default-rack, certSerialId: null}
2019-06-13 00:58:42,736 INFO  impl.RaftServerProxy (RaftServerProxy.java:addNew(89)) - cc78ddfc-449d-4121-b3c8-637ca6640cdd: addNew group-35DCD3C85437:[cc78ddfc-449d-4121-b3c8-637ca6640cdd:192.168.19.49:39445] returns group-35DCD3C85437:java.util.concurrent.CompletableFuture@5c42275[Not completed]
2019-06-13 00:58:42,738 INFO  impl.RaftServerImpl (RaftServerImpl.java:<init>(91)) - cc78ddfc-449d-4121-b3c8-637ca6640cdd: new RaftServerImpl for group-35DCD3C85437:[cc78ddfc-449d-4121-b3c8-637ca6640cdd:192.168.19.49:39445] with ContainerStateMachine:uninitialized
2019-06-13 00:58:42,738 INFO  server.RaftServerConfigKeys (ConfUtils.java:logGet(43)) - raft.server.rpc.timeout.min = 1s (custom)
2019-06-13 00:58:42,738 INFO  server.RaftServerConfigKeys (ConfUtils.java:logGet(43)) - raft.server.rpc.timeout.max = 1200ms (custom)
2019-06-13 00:58:42,738 INFO  server.RaftServerConfigKeys (ConfUtils.java:logGet(43)) - raft.server.rpcslowness.timeout = 120s (custom)
2019-06-13 00:58:42,738 INFO  server.RaftServerConfigKeys (ConfUtils.java:logGet(43)) - raft.server.log.appender.install.snapshot.enabled = true (default)
2019-06-13 00:58:42,738 INFO  impl.RaftServerImpl (ServerState.java:<init>(101)) - cc78ddfc-449d-4121-b3c8-637ca6640cdd:group-35DCD3C85437 ConfigurationManager, init=-1: [cc78ddfc-449d-4121-b3c8-637ca6640cdd:192.168.19.49:39445], old=null, confs=<EMPTY_MAP>
2019-06-13 00:58:42,738 INFO  server.RaftServerConfigKeys (ConfUtils.java:logGet(43)) - raft.server.storage.dir = [/opt/src/hadoop-ozone/integration-test/target/test-dir/MiniOzoneClusterImpl-424a1eef-e4d4-4629-b856-a9b8651d64b3/datanode-1/data/ratis] (custom)
2019-06-13 00:58:42,739 INFO  storage.RaftStorageDirectory (RaftStorageDirectory.java:analyzeStorage(246)) - The storage directory /opt/src/hadoop-ozone/integration-test/target/test-dir/MiniOzoneClusterImpl-424a1eef-e4d4-4629-b856-a9b8651d64b3/datanode-1/data/ratis/4b1eb83a-2548-4895-ab6b-35dcd3c85437 does not exist. Creating ...
2019-06-13 00:58:42,741 INFO  storage.RaftStorageDirectory (RaftStorageDirectory.java:tryLock(328)) - Lock on /opt/src/hadoop-ozone/integration-test/target/test-dir/MiniOzoneClusterImpl-424a1eef-e4d4-4629-b856-a9b8651d64b3/datanode-1/data/ratis/4b1eb83a-2548-4895-ab6b-35dcd3c85437/in_use.lock acquired by nodename 14362@ozone-jwdrj-3193829804
2019-06-13 00:58:42,744 INFO  storage.RaftStorage (RaftStorage.java:format(75)) - Storage directory /opt/src/hadoop-ozone/integration-test/target/test-dir/MiniOzoneClusterImpl-424a1eef-e4d4-4629-b856-a9b8651d64b3/datanode-1/data/ratis/4b1eb83a-2548-4895-ab6b-35dcd3c85437 has been successfully formatted.
2019-06-13 00:58:42,744 INFO  ratis.ContainerStateMachine (ContainerStateMachine.java:loadSnapshot(199)) - The snapshot info is null.Setting the last applied index to:(t:0, i:~)
2019-06-13 00:58:42,744 INFO  server.RaftServerConfigKeys (ConfUtils.java:logGet(43)) - raft.server.leader.election.timeout = 120s (custom)
2019-06-13 00:58:42,744 INFO  server.RaftServerConfigKeys (ConfUtils.java:logGet(43)) - raft.server.log.use.memory = false (default)
2019-06-13 00:58:42,744 INFO  server.RaftServerConfigKeys (ConfUtils.java:logGet(43)) - raft.server.log.appender.buffer.byte-limit = 33554432 (custom)
2019-06-13 00:58:42,744 INFO  server.RaftServerConfigKeys (ConfUtils.java:logGet(43)) - raft.server.log.segment.size.max = 16384 (custom)
2019-06-13 00:58:42,745 INFO  server.RaftServerConfigKeys (ConfUtils.java:logGet(43)) - raft.server.log.segment.cache.num.max = 2 (custom)
2019-06-13 00:58:42,745 INFO  storage.RaftLogWorker (RaftLogWorker.java:<init>(123)) - new cc78ddfc-449d-4121-b3c8-637ca6640cdd-RaftLogWorker for Storage Directory /opt/src/hadoop-ozone/integration-test/target/test-dir/MiniOzoneClusterImpl-424a1eef-e4d4-4629-b856-a9b8651d64b3/datanode-1/data/ratis/4b1eb83a-2548-4895-ab6b-35dcd3c85437
2019-06-13 00:58:42,745 INFO  server.RaftServerConfigKeys (ConfUtils.java:logGet(43)) - raft.server.log.queue.byte-limit = 2147483647 (custom)
2019-06-13 00:58:42,745 INFO  server.RaftServerConfigKeys (ConfUtils.java:logGet(43)) - raft.server.log.queue.element-limit = 1024 (custom)
2019-06-13 00:58:42,745 INFO  server.RaftServerConfigKeys (ConfUtils.java:logGet(43)) - raft.server.log.segment.size.max = 16384 (custom)
2019-06-13 00:58:42,745 INFO  server.RaftServerConfigKeys (ConfUtils.java:logGet(43)) - raft.server.log.preallocated.size = 16384 (custom)
2019-06-13 00:58:42,745 INFO  server.RaftServerConfigKeys (ConfUtils.java:logGet(43)) - raft.server.log.write.buffer.size = 33554432 (custom)
2019-06-13 00:58:42,745 INFO  server.RaftServerConfigKeys (ConfUtils.java:logGet(43)) - raft.server.log.force.sync.num = 128 (default)
2019-06-13 00:58:42,745 INFO  server.RaftServerConfigKeys (ConfUtils.java:logGet(43)) - raft.server.log.statemachine.data.sync = true (default)
2019-06-13 00:58:42,745 INFO  server.RaftServerConfigKeys (ConfUtils.java:logGet(43)) - raft.server.log.statemachine.data.sync.timeout = 10s (default)
2019-06-13 00:58:42,745 INFO  server.RaftServerConfigKeys (ConfUtils.java:logGet(43)) - raft.server.log.statemachine.data.sync.timeout.retry = -1 (default)
2019-06-13 00:58:42,746 INFO  server.RaftServerConfigKeys (ConfUtils.java:logGet(43)) - raft.server.log.statemachine.data.caching.enabled = true (custom)
2019-06-13 00:58:42,746 INFO  server.RaftServerConfigKeys (ConfUtils.java:logGet(43)) - raft.server.snapshot.auto.trigger.enabled = true (custom)
2019-06-13 00:58:42,746 INFO  server.RaftServerConfigKeys (ConfUtils.java:logGet(43)) - raft.server.snapshot.auto.trigger.threshold = 10000 (custom)
2019-06-13 00:58:42,746 INFO  server.RaftServerConfigKeys (ConfUtils.java:logGet(43)) - raft.server.retrycache.expirytime = 600000ms (custom)
2019-06-13 00:58:42,746 INFO  impl.RaftServerImpl (RaftServerImpl.java:start(173)) - cc78ddfc-449d-4121-b3c8-637ca6640cdd: start group-35DCD3C85437
2019-06-13 00:58:42,746 INFO  impl.RaftServerImpl (RaftServerImpl.java:setRole(164)) - cc78ddfc-449d-4121-b3c8-637ca6640cdd:group-35DCD3C85437 changes role from null to FOLLOWER at term 0 for startAsFollower
2019-06-13 00:58:42,746 INFO  impl.RoleInfo (RoleInfo.java:updateAndGet(143)) - cc78ddfc-449d-4121-b3c8-637ca6640cdd: start FollowerState
2019-06-13 00:58:42,749 INFO  util.JmxRegister (JmxRegister.java:tryRegister(44)) - Successfully registered JMX Bean with object name Ratis:service=RaftServer,group=group-35DCD3C85437,id=cc78ddfc-449d-4121-b3c8-637ca6640cdd
2019-06-13 00:58:42,754 INFO  pipeline.PipelineStateManager (PipelineStateManager.java:addPipeline(56)) - Created pipeline Pipeline[ Id: 4b1eb83a-2548-4895-ab6b-35dcd3c85437, Nodes: cc78ddfc-449d-4121-b3c8-637ca6640cdd{ip: 192.168.19.49, host: ozone-jwdrj-3193829804, networkLocation: /default-rack, certSerialId: null}, Type:RATIS, Factor:ONE, State:OPEN]
2019-06-13 00:58:42,876 INFO  node.SCMNodeManager (SCMNodeManager.java:register(234)) - Registered Data node : 67445237-aa73-492a-bf57-f58886d01799{ip: 192.168.19.49, host: ozone-jwdrj-3193829804, networkLocation: /default-rack, certSerialId: null}
2019-06-13 00:58:42,891 INFO  impl.RaftServerProxy (RaftServerProxy.java:addNew(89)) - 67445237-aa73-492a-bf57-f58886d01799: addNew group-1CB0CDC94361:[67445237-aa73-492a-bf57-f58886d01799:192.168.19.49:36573] returns group-1CB0CDC94361:java.util.concurrent.CompletableFuture@2f7d15b1[Not completed]
2019-06-13 00:58:42,891 INFO  impl.RaftServerImpl (RaftServerImpl.java:<init>(91)) - 67445237-aa73-492a-bf57-f58886d01799: new RaftServerImpl for group-1CB0CDC94361:[67445237-aa73-492a-bf57-f58886d01799:192.168.19.49:36573] with ContainerStateMachine:uninitialized
2019-06-13 00:58:42,891 INFO  server.RaftServerConfigKeys (ConfUtils.java:logGet(43)) - raft.server.rpc.timeout.min = 1s (custom)
2019-06-13 00:58:42,892 INFO  server.RaftServerConfigKeys (ConfUtils.java:logGet(43)) - raft.server.rpc.timeout.max = 1200ms (custom)
2019-06-13 00:58:42,892 INFO  server.RaftServerConfigKeys (ConfUtils.java:logGet(43)) - raft.server.rpcslowness.timeout = 120s (custom)
2019-06-13 00:58:42,892 INFO  server.RaftServerConfigKeys (ConfUtils.java:logGet(43)) - raft.server.log.appender.install.snapshot.enabled = true (default)
2019-06-13 00:58:42,892 INFO  impl.RaftServerImpl (ServerState.java:<init>(101)) - 67445237-aa73-492a-bf57-f58886d01799:group-1CB0CDC94361 ConfigurationManager, init=-1: [67445237-aa73-492a-bf57-f58886d01799:192.168.19.49:36573], old=null, confs=<EMPTY_MAP>
2019-06-13 00:58:42,892 INFO  server.RaftServerConfigKeys (ConfUtils.java:logGet(43)) - raft.server.storage.dir = [/opt/src/hadoop-ozone/integration-test/target/test-dir/MiniOzoneClusterImpl-424a1eef-e4d4-4629-b856-a9b8651d64b3/datanode-2/data/ratis] (custom)
2019-06-13 00:58:42,892 INFO  storage.RaftStorageDirectory (RaftStorageDirectory.java:analyzeStorage(246)) - The storage directory /opt/src/hadoop-ozone/integration-test/target/test-dir/MiniOzoneClusterImpl-424a1eef-e4d4-4629-b856-a9b8651d64b3/datanode-2/data/ratis/edbd76f3-6fae-42fa-b6a7-1cb0cdc94361 does not exist. Creating ...
2019-06-13 00:58:42,895 INFO  storage.RaftStorageDirectory (RaftStorageDirectory.java:tryLock(328)) - Lock on /opt/src/hadoop-ozone/integration-test/target/test-dir/MiniOzoneClusterImpl-424a1eef-e4d4-4629-b856-a9b8651d64b3/datanode-2/data/ratis/edbd76f3-6fae-42fa-b6a7-1cb0cdc94361/in_use.lock acquired by nodename 14362@ozone-jwdrj-3193829804
2019-06-13 00:58:42,899 INFO  storage.RaftStorage (RaftStorage.java:format(75)) - Storage directory /opt/src/hadoop-ozone/integration-test/target/test-dir/MiniOzoneClusterImpl-424a1eef-e4d4-4629-b856-a9b8651d64b3/datanode-2/data/ratis/edbd76f3-6fae-42fa-b6a7-1cb0cdc94361 has been successfully formatted.
2019-06-13 00:58:42,900 INFO  ratis.ContainerStateMachine (ContainerStateMachine.java:loadSnapshot(199)) - The snapshot info is null.Setting the last applied index to:(t:0, i:~)
2019-06-13 00:58:42,900 INFO  server.RaftServerConfigKeys (ConfUtils.java:logGet(43)) - raft.server.leader.election.timeout = 120s (custom)
2019-06-13 00:58:42,900 INFO  server.RaftServerConfigKeys (ConfUtils.java:logGet(43)) - raft.server.log.use.memory = false (default)
2019-06-13 00:58:42,900 INFO  server.RaftServerConfigKeys (ConfUtils.java:logGet(43)) - raft.server.log.appender.buffer.byte-limit = 33554432 (custom)
2019-06-13 00:58:42,900 INFO  server.RaftServerConfigKeys (ConfUtils.java:logGet(43)) - raft.server.log.segment.size.max = 16384 (custom)
2019-06-13 00:58:42,900 INFO  server.RaftServerConfigKeys (ConfUtils.java:logGet(43)) - raft.server.log.segment.cache.num.max = 2 (custom)
2019-06-13 00:58:42,900 INFO  storage.RaftLogWorker (RaftLogWorker.java:<init>(123)) - new 67445237-aa73-492a-bf57-f58886d01799-RaftLogWorker for Storage Directory /opt/src/hadoop-ozone/integration-test/target/test-dir/MiniOzoneClusterImpl-424a1eef-e4d4-4629-b856-a9b8651d64b3/datanode-2/data/ratis/edbd76f3-6fae-42fa-b6a7-1cb0cdc94361
2019-06-13 00:58:42,900 INFO  server.RaftServerConfigKeys (ConfUtils.java:logGet(43)) - raft.server.log.queue.byte-limit = 2147483647 (custom)
2019-06-13 00:58:42,901 INFO  server.RaftServerConfigKeys (ConfUtils.java:logGet(43)) - raft.server.log.queue.element-limit = 1024 (custom)
2019-06-13 00:58:42,901 INFO  server.RaftServerConfigKeys (ConfUtils.java:logGet(43)) - raft.server.log.segment.size.max = 16384 (custom)
2019-06-13 00:58:42,901 INFO  server.RaftServerConfigKeys (ConfUtils.java:logGet(43)) - raft.server.log.preallocated.size = 16384 (custom)
2019-06-13 00:58:42,901 INFO  server.RaftServerConfigKeys (ConfUtils.java:logGet(43)) - raft.server.log.write.buffer.size = 33554432 (custom)
2019-06-13 00:58:42,901 INFO  server.RaftServerConfigKeys (ConfUtils.java:logGet(43)) - raft.server.log.force.sync.num = 128 (default)
2019-06-13 00:58:42,901 INFO  server.RaftServerConfigKeys (ConfUtils.java:logGet(43)) - raft.server.log.statemachine.data.sync = true (default)
2019-06-13 00:58:42,901 INFO  server.RaftServerConfigKeys (ConfUtils.java:logGet(43)) - raft.server.log.statemachine.data.sync.timeout = 10s (default)
2019-06-13 00:58:42,901 INFO  server.RaftServerConfigKeys (ConfUtils.java:logGet(43)) - raft.server.log.statemachine.data.sync.timeout.retry = -1 (default)
2019-06-13 00:58:42,901 INFO  server.RaftServerConfigKeys (ConfUtils.java:logGet(43)) - raft.server.log.statemachine.data.caching.enabled = true (custom)
2019-06-13 00:58:42,902 INFO  server.RaftServerConfigKeys (ConfUtils.java:logGet(43)) - raft.server.snapshot.auto.trigger.enabled = true (custom)
2019-06-13 00:58:42,902 INFO  server.RaftServerConfigKeys (ConfUtils.java:logGet(43)) - raft.server.snapshot.auto.trigger.threshold = 10000 (custom)
2019-06-13 00:58:42,902 INFO  server.RaftServerConfigKeys (ConfUtils.java:logGet(43)) - raft.server.retrycache.expirytime = 600000ms (custom)
2019-06-13 00:58:42,902 INFO  impl.RaftServerImpl (RaftServerImpl.java:start(173)) - 67445237-aa73-492a-bf57-f58886d01799: start group-1CB0CDC94361
2019-06-13 00:58:42,902 INFO  impl.RaftServerImpl (RaftServerImpl.java:setRole(164)) - 67445237-aa73-492a-bf57-f58886d01799:group-1CB0CDC94361 changes role from null to FOLLOWER at term 0 for startAsFollower
2019-06-13 00:58:42,903 INFO  impl.RoleInfo (RoleInfo.java:updateAndGet(143)) - 67445237-aa73-492a-bf57-f58886d01799: start FollowerState
2019-06-13 00:58:42,904 INFO  util.JmxRegister (JmxRegister.java:tryRegister(44)) - Successfully registered JMX Bean with object name Ratis:service=RaftServer,group=group-1CB0CDC94361,id=67445237-aa73-492a-bf57-f58886d01799
2019-06-13 00:58:42,906 INFO  pipeline.PipelineStateManager (PipelineStateManager.java:addPipeline(56)) - Created pipeline Pipeline[ Id: edbd76f3-6fae-42fa-b6a7-1cb0cdc94361, Nodes: 67445237-aa73-492a-bf57-f58886d01799{ip: 192.168.19.49, host: ozone-jwdrj-3193829804, networkLocation: /default-rack, certSerialId: null}, Type:RATIS, Factor:ONE, State:OPEN]
2019-06-13 00:58:42,942 INFO  impl.RaftServerProxy (RaftServerProxy.java:addNew(89)) - cc78ddfc-449d-4121-b3c8-637ca6640cdd: addNew group-A6A87EF3D500:[cc78ddfc-449d-4121-b3c8-637ca6640cdd:192.168.19.49:39445, f500ea28-b252-40d7-b1da-99aaf8ce9fe3:192.168.19.49:45463, 67445237-aa73-492a-bf57-f58886d01799:192.168.19.49:36573] returns group-A6A87EF3D500:java.util.concurrent.CompletableFuture@3247c4d1[Not completed]
2019-06-13 00:58:42,943 INFO  impl.RaftServerImpl (RaftServerImpl.java:<init>(91)) - cc78ddfc-449d-4121-b3c8-637ca6640cdd: new RaftServerImpl for group-A6A87EF3D500:[cc78ddfc-449d-4121-b3c8-637ca6640cdd:192.168.19.49:39445, f500ea28-b252-40d7-b1da-99aaf8ce9fe3:192.168.19.49:45463, 67445237-aa73-492a-bf57-f58886d01799:192.168.19.49:36573] with ContainerStateMachine:uninitialized
2019-06-13 00:58:42,943 INFO  server.RaftServerConfigKeys (ConfUtils.java:logGet(43)) - raft.server.rpc.timeout.min = 1s (custom)
2019-06-13 00:58:42,944 INFO  server.RaftServerConfigKeys (ConfUtils.java:logGet(43)) - raft.server.rpc.timeout.max = 1200ms (custom)
2019-06-13 00:58:42,944 INFO  server.RaftServerConfigKeys (ConfUtils.java:logGet(43)) - raft.server.rpcslowness.timeout = 120s (custom)
2019-06-13 00:58:42,944 INFO  server.RaftServerConfigKeys (ConfUtils.java:logGet(43)) - raft.server.log.appender.install.snapshot.enabled = true (default)
2019-06-13 00:58:42,944 INFO  impl.RaftServerImpl (ServerState.java:<init>(101)) - cc78ddfc-449d-4121-b3c8-637ca6640cdd:group-A6A87EF3D500 ConfigurationManager, init=-1: [cc78ddfc-449d-4121-b3c8-637ca6640cdd:192.168.19.49:39445, f500ea28-b252-40d7-b1da-99aaf8ce9fe3:192.168.19.49:45463, 67445237-aa73-492a-bf57-f58886d01799:192.168.19.49:36573], old=null, confs=<EMPTY_MAP>
2019-06-13 00:58:42,944 INFO  server.RaftServerConfigKeys (ConfUtils.java:logGet(43)) - raft.server.storage.dir = [/opt/src/hadoop-ozone/integration-test/target/test-dir/MiniOzoneClusterImpl-424a1eef-e4d4-4629-b856-a9b8651d64b3/datanode-1/data/ratis] (custom)
2019-06-13 00:58:42,945 INFO  storage.RaftStorageDirectory (RaftStorageDirectory.java:analyzeStorage(246)) - The storage directory /opt/src/hadoop-ozone/integration-test/target/test-dir/MiniOzoneClusterImpl-424a1eef-e4d4-4629-b856-a9b8651d64b3/datanode-1/data/ratis/0ed1df3f-df90-4ff0-9cff-a6a87ef3d500 does not exist. Creating ...
2019-06-13 00:58:42,946 INFO  impl.RaftServerProxy (RaftServerProxy.java:addNew(89)) - 67445237-aa73-492a-bf57-f58886d01799: addNew group-A6A87EF3D500:[cc78ddfc-449d-4121-b3c8-637ca6640cdd:192.168.19.49:39445, f500ea28-b252-40d7-b1da-99aaf8ce9fe3:192.168.19.49:45463, 67445237-aa73-492a-bf57-f58886d01799:192.168.19.49:36573] returns group-A6A87EF3D500:java.util.concurrent.CompletableFuture@49f50ea5[Not completed]
2019-06-13 00:58:42,947 INFO  impl.RaftServerImpl (RaftServerImpl.java:<init>(91)) - 67445237-aa73-492a-bf57-f58886d01799: new RaftServerImpl for group-A6A87EF3D500:[cc78ddfc-449d-4121-b3c8-637ca6640cdd:192.168.19.49:39445, f500ea28-b252-40d7-b1da-99aaf8ce9fe3:192.168.19.49:45463, 67445237-aa73-492a-bf57-f58886d01799:192.168.19.49:36573] with ContainerStateMachine:uninitialized
2019-06-13 00:58:42,947 INFO  storage.RaftStorageDirectory (RaftStorageDirectory.java:tryLock(328)) - Lock on /opt/src/hadoop-ozone/integration-test/target/test-dir/MiniOzoneClusterImpl-424a1eef-e4d4-4629-b856-a9b8651d64b3/datanode-1/data/ratis/0ed1df3f-df90-4ff0-9cff-a6a87ef3d500/in_use.lock acquired by nodename 14362@ozone-jwdrj-3193829804
2019-06-13 00:58:42,947 INFO  server.RaftServerConfigKeys (ConfUtils.java:logGet(43)) - raft.server.rpc.timeout.min = 1s (custom)
2019-06-13 00:58:42,947 INFO  server.RaftServerConfigKeys (ConfUtils.java:logGet(43)) - raft.server.rpc.timeout.max = 1200ms (custom)
2019-06-13 00:58:42,947 INFO  server.RaftServerConfigKeys (ConfUtils.java:logGet(43)) - raft.server.rpcslowness.timeout = 120s (custom)
2019-06-13 00:58:42,947 INFO  server.RaftServerConfigKeys (ConfUtils.java:logGet(43)) - raft.server.log.appender.install.snapshot.enabled = true (default)
2019-06-13 00:58:42,947 INFO  impl.RaftServerImpl (ServerState.java:<init>(101)) - 67445237-aa73-492a-bf57-f58886d01799:group-A6A87EF3D500 ConfigurationManager, init=-1: [cc78ddfc-449d-4121-b3c8-637ca6640cdd:192.168.19.49:39445, f500ea28-b252-40d7-b1da-99aaf8ce9fe3:192.168.19.49:45463, 67445237-aa73-492a-bf57-f58886d01799:192.168.19.49:36573], old=null, confs=<EMPTY_MAP>
2019-06-13 00:58:42,947 INFO  server.RaftServerConfigKeys (ConfUtils.java:logGet(43)) - raft.server.storage.dir = [/opt/src/hadoop-ozone/integration-test/target/test-dir/MiniOzoneClusterImpl-424a1eef-e4d4-4629-b856-a9b8651d64b3/datanode-2/data/ratis] (custom)
2019-06-13 00:58:42,948 INFO  storage.RaftStorageDirectory (RaftStorageDirectory.java:analyzeStorage(246)) - The storage directory /opt/src/hadoop-ozone/integration-test/target/test-dir/MiniOzoneClusterImpl-424a1eef-e4d4-4629-b856-a9b8651d64b3/datanode-2/data/ratis/0ed1df3f-df90-4ff0-9cff-a6a87ef3d500 does not exist. Creating ...
2019-06-13 00:58:42,949 INFO  storage.RaftStorage (RaftStorage.java:format(75)) - Storage directory /opt/src/hadoop-ozone/integration-test/target/test-dir/MiniOzoneClusterImpl-424a1eef-e4d4-4629-b856-a9b8651d64b3/datanode-1/data/ratis/0ed1df3f-df90-4ff0-9cff-a6a87ef3d500 has been successfully formatted.
2019-06-13 00:58:42,949 INFO  ratis.ContainerStateMachine (ContainerStateMachine.java:loadSnapshot(199)) - The snapshot info is null.Setting the last applied index to:(t:0, i:~)
2019-06-13 00:58:42,949 INFO  server.RaftServerConfigKeys (ConfUtils.java:logGet(43)) - raft.server.leader.election.timeout = 120s (custom)
2019-06-13 00:58:42,950 INFO  server.RaftServerConfigKeys (ConfUtils.java:logGet(43)) - raft.server.log.use.memory = false (default)
2019-06-13 00:58:42,950 INFO  server.RaftServerConfigKeys (ConfUtils.java:logGet(43)) - raft.server.log.appender.buffer.byte-limit = 33554432 (custom)
2019-06-13 00:58:42,950 INFO  server.RaftServerConfigKeys (ConfUtils.java:logGet(43)) - raft.server.log.segment.size.max = 16384 (custom)
2019-06-13 00:58:42,950 INFO  server.RaftServerConfigKeys (ConfUtils.java:logGet(43)) - raft.server.log.segment.cache.num.max = 2 (custom)
2019-06-13 00:58:42,950 INFO  storage.RaftLogWorker (RaftLogWorker.java:<init>(123)) - new cc78ddfc-449d-4121-b3c8-637ca6640cdd-RaftLogWorker for Storage Directory /opt/src/hadoop-ozone/integration-test/target/test-dir/MiniOzoneClusterImpl-424a1eef-e4d4-4629-b856-a9b8651d64b3/datanode-1/data/ratis/0ed1df3f-df90-4ff0-9cff-a6a87ef3d500
2019-06-13 00:58:42,950 INFO  server.RaftServerConfigKeys (ConfUtils.java:logGet(43)) - raft.server.log.queue.byte-limit = 2147483647 (custom)
2019-06-13 00:58:42,950 INFO  server.RaftServerConfigKeys (ConfUtils.java:logGet(43)) - raft.server.log.queue.element-limit = 1024 (custom)
2019-06-13 00:58:42,950 INFO  server.RaftServerConfigKeys (ConfUtils.java:logGet(43)) - raft.server.log.segment.size.max = 16384 (custom)
2019-06-13 00:58:42,950 INFO  server.RaftServerConfigKeys (ConfUtils.java:logGet(43)) - raft.server.log.preallocated.size = 16384 (custom)
2019-06-13 00:58:42,950 INFO  server.RaftServerConfigKeys (ConfUtils.java:logGet(43)) - raft.server.log.write.buffer.size = 33554432 (custom)
2019-06-13 00:58:42,951 INFO  server.RaftServerConfigKeys (ConfUtils.java:logGet(43)) - raft.server.log.force.sync.num = 128 (default)
2019-06-13 00:58:42,951 INFO  server.RaftServerConfigKeys (ConfUtils.java:logGet(43)) - raft.server.log.statemachine.data.sync = true (default)
2019-06-13 00:58:42,951 INFO  server.RaftServerConfigKeys (ConfUtils.java:logGet(43)) - raft.server.log.statemachine.data.sync.timeout = 10s (default)
2019-06-13 00:58:42,951 INFO  server.RaftServerConfigKeys (ConfUtils.java:logGet(43)) - raft.server.log.statemachine.data.sync.timeout.retry = -1 (default)
2019-06-13 00:58:42,951 INFO  server.RaftServerConfigKeys (ConfUtils.java:logGet(43)) - raft.server.log.statemachine.data.caching.enabled = true (custom)
2019-06-13 00:58:42,951 INFO  storage.RaftStorageDirectory (RaftStorageDirectory.java:tryLock(328)) - Lock on /opt/src/hadoop-ozone/integration-test/target/test-dir/MiniOzoneClusterImpl-424a1eef-e4d4-4629-b856-a9b8651d64b3/datanode-2/data/ratis/0ed1df3f-df90-4ff0-9cff-a6a87ef3d500/in_use.lock acquired by nodename 14362@ozone-jwdrj-3193829804
2019-06-13 00:58:42,952 INFO  server.RaftServerConfigKeys (ConfUtils.java:logGet(43)) - raft.server.snapshot.auto.trigger.enabled = true (custom)
2019-06-13 00:58:42,952 INFO  server.RaftServerConfigKeys (ConfUtils.java:logGet(43)) - raft.server.snapshot.auto.trigger.threshold = 10000 (custom)
2019-06-13 00:58:42,952 INFO  server.RaftServerConfigKeys (ConfUtils.java:logGet(43)) - raft.server.retrycache.expirytime = 600000ms (custom)
2019-06-13 00:58:42,952 INFO  impl.RaftServerImpl (RaftServerImpl.java:start(173)) - cc78ddfc-449d-4121-b3c8-637ca6640cdd: start group-A6A87EF3D500
2019-06-13 00:58:42,953 INFO  impl.RaftServerImpl (RaftServerImpl.java:setRole(164)) - cc78ddfc-449d-4121-b3c8-637ca6640cdd:group-A6A87EF3D500 changes role from null to FOLLOWER at term 0 for startAsFollower
2019-06-13 00:58:42,953 INFO  impl.RoleInfo (RoleInfo.java:updateAndGet(143)) - cc78ddfc-449d-4121-b3c8-637ca6640cdd: start FollowerState
2019-06-13 00:58:42,961 INFO  storage.RaftStorage (RaftStorage.java:format(75)) - Storage directory /opt/src/hadoop-ozone/integration-test/target/test-dir/MiniOzoneClusterImpl-424a1eef-e4d4-4629-b856-a9b8651d64b3/datanode-2/data/ratis/0ed1df3f-df90-4ff0-9cff-a6a87ef3d500 has been successfully formatted.
2019-06-13 00:58:42,961 INFO  ratis.ContainerStateMachine (ContainerStateMachine.java:loadSnapshot(199)) - The snapshot info is null.Setting the last applied index to:(t:0, i:~)
2019-06-13 00:58:42,961 INFO  server.RaftServerConfigKeys (ConfUtils.java:logGet(43)) - raft.server.leader.election.timeout = 120s (custom)
2019-06-13 00:58:42,962 INFO  server.RaftServerConfigKeys (ConfUtils.java:logGet(43)) - raft.server.log.use.memory = false (default)
2019-06-13 00:58:42,962 INFO  server.RaftServerConfigKeys (ConfUtils.java:logGet(43)) - raft.server.log.appender.buffer.byte-limit = 33554432 (custom)
2019-06-13 00:58:42,962 INFO  server.RaftServerConfigKeys (ConfUtils.java:logGet(43)) - raft.server.log.segment.size.max = 16384 (custom)
2019-06-13 00:58:42,962 INFO  server.RaftServerConfigKeys (ConfUtils.java:logGet(43)) - raft.server.log.segment.cache.num.max = 2 (custom)
2019-06-13 00:58:42,962 INFO  storage.RaftLogWorker (RaftLogWorker.java:<init>(123)) - new 67445237-aa73-492a-bf57-f58886d01799-RaftLogWorker for Storage Directory /opt/src/hadoop-ozone/integration-test/target/test-dir/MiniOzoneClusterImpl-424a1eef-e4d4-4629-b856-a9b8651d64b3/datanode-2/data/ratis/0ed1df3f-df90-4ff0-9cff-a6a87ef3d500
2019-06-13 00:58:42,962 INFO  server.RaftServerConfigKeys (ConfUtils.java:logGet(43)) - raft.server.log.queue.byte-limit = 2147483647 (custom)
2019-06-13 00:58:42,962 INFO  server.RaftServerConfigKeys (ConfUtils.java:logGet(43)) - raft.server.log.queue.element-limit = 1024 (custom)
2019-06-13 00:58:42,962 INFO  server.RaftServerConfigKeys (ConfUtils.java:logGet(43)) - raft.server.log.segment.size.max = 16384 (custom)
2019-06-13 00:58:42,962 INFO  server.RaftServerConfigKeys (ConfUtils.java:logGet(43)) - raft.server.log.preallocated.size = 16384 (custom)
2019-06-13 00:58:42,962 INFO  server.RaftServerConfigKeys (ConfUtils.java:logGet(43)) - raft.server.log.write.buffer.size = 33554432 (custom)
2019-06-13 00:58:42,963 INFO  server.RaftServerConfigKeys (ConfUtils.java:logGet(43)) - raft.server.log.force.sync.num = 128 (default)
2019-06-13 00:58:42,963 INFO  server.RaftServerConfigKeys (ConfUtils.java:logGet(43)) - raft.server.log.statemachine.data.sync = true (default)
2019-06-13 00:58:42,963 INFO  server.RaftServerConfigKeys (ConfUtils.java:logGet(43)) - raft.server.log.statemachine.data.sync.timeout = 10s (default)
2019-06-13 00:58:42,963 INFO  server.RaftServerConfigKeys (ConfUtils.java:logGet(43)) - raft.server.log.statemachine.data.sync.timeout.retry = -1 (default)
2019-06-13 00:58:42,963 INFO  server.RaftServerConfigKeys (ConfUtils.java:logGet(43)) - raft.server.log.statemachine.data.caching.enabled = true (custom)
2019-06-13 00:58:42,964 INFO  server.RaftServerConfigKeys (ConfUtils.java:logGet(43)) - raft.server.snapshot.auto.trigger.enabled = true (custom)
2019-06-13 00:58:42,964 INFO  server.RaftServerConfigKeys (ConfUtils.java:logGet(43)) - raft.server.snapshot.auto.trigger.threshold = 10000 (custom)
2019-06-13 00:58:42,964 INFO  server.RaftServerConfigKeys (ConfUtils.java:logGet(43)) - raft.server.retrycache.expirytime = 600000ms (custom)
2019-06-13 00:58:42,964 INFO  impl.RaftServerImpl (RaftServerImpl.java:start(173)) - 67445237-aa73-492a-bf57-f58886d01799: start group-A6A87EF3D500
2019-06-13 00:58:42,964 INFO  impl.RaftServerImpl (RaftServerImpl.java:setRole(164)) - 67445237-aa73-492a-bf57-f58886d01799:group-A6A87EF3D500 changes role from null to FOLLOWER at term 0 for startAsFollower
2019-06-13 00:58:42,964 INFO  impl.RoleInfo (RoleInfo.java:updateAndGet(143)) - 67445237-aa73-492a-bf57-f58886d01799: start FollowerState
2019-06-13 00:58:42,965 INFO  impl.RaftServerProxy (RaftServerProxy.java:addNew(89)) - f500ea28-b252-40d7-b1da-99aaf8ce9fe3: addNew group-A6A87EF3D500:[cc78ddfc-449d-4121-b3c8-637ca6640cdd:192.168.19.49:39445, f500ea28-b252-40d7-b1da-99aaf8ce9fe3:192.168.19.49:45463, 67445237-aa73-492a-bf57-f58886d01799:192.168.19.49:36573] returns group-A6A87EF3D500:java.util.concurrent.CompletableFuture@e625ab7[Not completed]
2019-06-13 00:58:42,966 INFO  impl.RaftServerImpl (RaftServerImpl.java:<init>(91)) - f500ea28-b252-40d7-b1da-99aaf8ce9fe3: new RaftServerImpl for group-A6A87EF3D500:[cc78ddfc-449d-4121-b3c8-637ca6640cdd:192.168.19.49:39445, f500ea28-b252-40d7-b1da-99aaf8ce9fe3:192.168.19.49:45463, 67445237-aa73-492a-bf57-f58886d01799:192.168.19.49:36573] with ContainerStateMachine:uninitialized
2019-06-13 00:58:42,966 INFO  server.RaftServerConfigKeys (ConfUtils.java:logGet(43)) - raft.server.rpc.timeout.min = 1s (custom)
2019-06-13 00:58:42,966 INFO  server.RaftServerConfigKeys (ConfUtils.java:logGet(43)) - raft.server.rpc.timeout.max = 1200ms (custom)
2019-06-13 00:58:42,966 INFO  server.RaftServerConfigKeys (ConfUtils.java:logGet(43)) - raft.server.rpcslowness.timeout = 120s (custom)
2019-06-13 00:58:42,966 INFO  server.RaftServerConfigKeys (ConfUtils.java:logGet(43)) - raft.server.log.appender.install.snapshot.enabled = true (default)
2019-06-13 00:58:42,966 INFO  impl.RaftServerImpl (ServerState.java:<init>(101)) - f500ea28-b252-40d7-b1da-99aaf8ce9fe3:group-A6A87EF3D500 ConfigurationManager, init=-1: [cc78ddfc-449d-4121-b3c8-637ca6640cdd:192.168.19.49:39445, f500ea28-b252-40d7-b1da-99aaf8ce9fe3:192.168.19.49:45463, 67445237-aa73-492a-bf57-f58886d01799:192.168.19.49:36573], old=null, confs=<EMPTY_MAP>
2019-06-13 00:58:42,966 INFO  server.RaftServerConfigKeys (ConfUtils.java:logGet(43)) - raft.server.storage.dir = [/opt/src/hadoop-ozone/integration-test/target/test-dir/MiniOzoneClusterImpl-424a1eef-e4d4-4629-b856-a9b8651d64b3/datanode-0/data/ratis] (custom)
2019-06-13 00:58:42,967 INFO  storage.RaftStorageDirectory (RaftStorageDirectory.java:analyzeStorage(246)) - The storage directory /opt/src/hadoop-ozone/integration-test/target/test-dir/MiniOzoneClusterImpl-424a1eef-e4d4-4629-b856-a9b8651d64b3/datanode-0/data/ratis/0ed1df3f-df90-4ff0-9cff-a6a87ef3d500 does not exist. Creating ...
2019-06-13 00:58:42,967 INFO  util.JmxRegister (JmxRegister.java:tryRegister(44)) - Successfully registered JMX Bean with object name Ratis:service=RaftServer,group=group-A6A87EF3D500,id=67445237-aa73-492a-bf57-f58886d01799
2019-06-13 00:58:42,967 INFO  util.JmxRegister (JmxRegister.java:tryRegister(44)) - Successfully registered JMX Bean with object name Ratis:service=RaftServer,group=group-A6A87EF3D500,id=cc78ddfc-449d-4121-b3c8-637ca6640cdd
2019-06-13 00:58:42,971 INFO  storage.RaftStorageDirectory (RaftStorageDirectory.java:tryLock(328)) - Lock on /opt/src/hadoop-ozone/integration-test/target/test-dir/MiniOzoneClusterImpl-424a1eef-e4d4-4629-b856-a9b8651d64b3/datanode-0/data/ratis/0ed1df3f-df90-4ff0-9cff-a6a87ef3d500/in_use.lock acquired by nodename 14362@ozone-jwdrj-3193829804
2019-06-13 00:58:42,981 INFO  storage.RaftStorage (RaftStorage.java:format(75)) - Storage directory /opt/src/hadoop-ozone/integration-test/target/test-dir/MiniOzoneClusterImpl-424a1eef-e4d4-4629-b856-a9b8651d64b3/datanode-0/data/ratis/0ed1df3f-df90-4ff0-9cff-a6a87ef3d500 has been successfully formatted.
2019-06-13 00:58:42,981 INFO  ratis.ContainerStateMachine (ContainerStateMachine.java:loadSnapshot(199)) - The snapshot info is null.Setting the last applied index to:(t:0, i:~)
2019-06-13 00:58:42,981 INFO  server.RaftServerConfigKeys (ConfUtils.java:logGet(43)) - raft.server.leader.election.timeout = 120s (custom)
2019-06-13 00:58:42,981 INFO  server.RaftServerConfigKeys (ConfUtils.java:logGet(43)) - raft.server.log.use.memory = false (default)
2019-06-13 00:58:42,982 INFO  server.RaftServerConfigKeys (ConfUtils.java:logGet(43)) - raft.server.log.appender.buffer.byte-limit = 33554432 (custom)
2019-06-13 00:58:42,982 INFO  server.RaftServerConfigKeys (ConfUtils.java:logGet(43)) - raft.server.log.segment.size.max = 16384 (custom)
2019-06-13 00:58:42,982 INFO  server.RaftServerConfigKeys (ConfUtils.java:logGet(43)) - raft.server.log.segment.cache.num.max = 2 (custom)
2019-06-13 00:58:42,982 INFO  storage.RaftLogWorker (RaftLogWorker.java:<init>(123)) - new f500ea28-b252-40d7-b1da-99aaf8ce9fe3-RaftLogWorker for Storage Directory /opt/src/hadoop-ozone/integration-test/target/test-dir/MiniOzoneClusterImpl-424a1eef-e4d4-4629-b856-a9b8651d64b3/datanode-0/data/ratis/0ed1df3f-df90-4ff0-9cff-a6a87ef3d500
2019-06-13 00:58:42,982 INFO  server.RaftServerConfigKeys (ConfUtils.java:logGet(43)) - raft.server.log.queue.byte-limit = 2147483647 (custom)
2019-06-13 00:58:42,983 INFO  server.RaftServerConfigKeys (ConfUtils.java:logGet(43)) - raft.server.log.queue.element-limit = 1024 (custom)
2019-06-13 00:58:42,983 INFO  server.RaftServerConfigKeys (ConfUtils.java:logGet(43)) - raft.server.log.segment.size.max = 16384 (custom)
2019-06-13 00:58:42,983 INFO  server.RaftServerConfigKeys (ConfUtils.java:logGet(43)) - raft.server.log.preallocated.size = 16384 (custom)
2019-06-13 00:58:42,983 INFO  server.RaftServerConfigKeys (ConfUtils.java:logGet(43)) - raft.server.log.write.buffer.size = 33554432 (custom)
2019-06-13 00:58:42,983 INFO  server.RaftServerConfigKeys (ConfUtils.java:logGet(43)) - raft.server.log.force.sync.num = 128 (default)
2019-06-13 00:58:42,983 INFO  server.RaftServerConfigKeys (ConfUtils.java:logGet(43)) - raft.server.log.statemachine.data.sync = true (default)
2019-06-13 00:58:42,983 INFO  server.RaftServerConfigKeys (ConfUtils.java:logGet(43)) - raft.server.log.statemachine.data.sync.timeout = 10s (default)
2019-06-13 00:58:42,983 INFO  server.RaftServerConfigKeys (ConfUtils.java:logGet(43)) - raft.server.log.statemachine.data.sync.timeout.retry = -1 (default)
2019-06-13 00:58:42,984 INFO  server.RaftServerConfigKeys (ConfUtils.java:logGet(43)) - raft.server.log.statemachine.data.caching.enabled = true (custom)
2019-06-13 00:58:42,984 INFO  server.RaftServerConfigKeys (ConfUtils.java:logGet(43)) - raft.server.snapshot.auto.trigger.enabled = true (custom)
2019-06-13 00:58:42,984 INFO  server.RaftServerConfigKeys (ConfUtils.java:logGet(43)) - raft.server.snapshot.auto.trigger.threshold = 10000 (custom)
2019-06-13 00:58:42,984 INFO  server.RaftServerConfigKeys (ConfUtils.java:logGet(43)) - raft.server.retrycache.expirytime = 600000ms (custom)
2019-06-13 00:58:42,984 INFO  impl.RaftServerImpl (RaftServerImpl.java:start(173)) - f500ea28-b252-40d7-b1da-99aaf8ce9fe3: start group-A6A87EF3D500
2019-06-13 00:58:42,984 INFO  impl.RaftServerImpl (RaftServerImpl.java:setRole(164)) - f500ea28-b252-40d7-b1da-99aaf8ce9fe3:group-A6A87EF3D500 changes role from null to FOLLOWER at term 0 for startAsFollower
2019-06-13 00:58:42,985 INFO  impl.RoleInfo (RoleInfo.java:updateAndGet(143)) - f500ea28-b252-40d7-b1da-99aaf8ce9fe3: start FollowerState
2019-06-13 00:58:42,985 INFO  util.JmxRegister (JmxRegister.java:tryRegister(44)) - Successfully registered JMX Bean with object name Ratis:service=RaftServer,group=group-A6A87EF3D500,id=f500ea28-b252-40d7-b1da-99aaf8ce9fe3
2019-06-13 00:58:42,987 INFO  pipeline.PipelineStateManager (PipelineStateManager.java:addPipeline(56)) - Created pipeline Pipeline[ Id: 0ed1df3f-df90-4ff0-9cff-a6a87ef3d500, Nodes: f500ea28-b252-40d7-b1da-99aaf8ce9fe3{ip: 192.168.19.49, host: ozone-jwdrj-3193829804, networkLocation: /default-rack, certSerialId: null}cc78ddfc-449d-4121-b3c8-637ca6640cdd{ip: 192.168.19.49, host: ozone-jwdrj-3193829804, networkLocation: /default-rack, certSerialId: null}67445237-aa73-492a-bf57-f58886d01799{ip: 192.168.19.49, host: ozone-jwdrj-3193829804, networkLocation: /default-rack, certSerialId: null}, Type:RATIS, Factor:THREE, State:OPEN]
2019-06-13 00:58:43,014 INFO  node.SCMNodeManager (SCMNodeManager.java:register(234)) - Registered Data node : bda9e874-81f7-4471-8850-42eff5c27286{ip: 192.168.19.49, host: ozone-jwdrj-3193829804, networkLocation: /default-rack, certSerialId: null}
2019-06-13 00:58:43,021 INFO  impl.RaftServerProxy (RaftServerProxy.java:addNew(89)) - bda9e874-81f7-4471-8850-42eff5c27286: addNew group-DD3C5B1C0869:[bda9e874-81f7-4471-8850-42eff5c27286:192.168.19.49:45049] returns group-DD3C5B1C0869:java.util.concurrent.CompletableFuture@1a74771c[Not completed]
2019-06-13 00:58:43,028 INFO  impl.RaftServerImpl (RaftServerImpl.java:<init>(91)) - bda9e874-81f7-4471-8850-42eff5c27286: new RaftServerImpl for group-DD3C5B1C0869:[bda9e874-81f7-4471-8850-42eff5c27286:192.168.19.49:45049] with ContainerStateMachine:uninitialized
2019-06-13 00:58:43,029 INFO  server.RaftServerConfigKeys (ConfUtils.java:logGet(43)) - raft.server.rpc.timeout.min = 1s (custom)
2019-06-13 00:58:43,029 INFO  server.RaftServerConfigKeys (ConfUtils.java:logGet(43)) - raft.server.rpc.timeout.max = 1200ms (custom)
2019-06-13 00:58:43,029 INFO  server.RaftServerConfigKeys (ConfUtils.java:logGet(43)) - raft.server.rpcslowness.timeout = 120s (custom)
2019-06-13 00:58:43,029 INFO  server.RaftServerConfigKeys (ConfUtils.java:logGet(43)) - raft.server.log.appender.install.snapshot.enabled = true (default)
2019-06-13 00:58:43,029 INFO  impl.RaftServerImpl (ServerState.java:<init>(101)) - bda9e874-81f7-4471-8850-42eff5c27286:group-DD3C5B1C0869 ConfigurationManager, init=-1: [bda9e874-81f7-4471-8850-42eff5c27286:192.168.19.49:45049], old=null, confs=<EMPTY_MAP>
2019-06-13 00:58:43,029 INFO  server.RaftServerConfigKeys (ConfUtils.java:logGet(43)) - raft.server.storage.dir = [/opt/src/hadoop-ozone/integration-test/target/test-dir/MiniOzoneClusterImpl-424a1eef-e4d4-4629-b856-a9b8651d64b3/datanode-3/data/ratis] (custom)
2019-06-13 00:58:43,030 INFO  storage.RaftStorageDirectory (RaftStorageDirectory.java:analyzeStorage(246)) - The storage directory /opt/src/hadoop-ozone/integration-test/target/test-dir/MiniOzoneClusterImpl-424a1eef-e4d4-4629-b856-a9b8651d64b3/datanode-3/data/ratis/aa4591d4-13eb-4c6a-8e8b-dd3c5b1c0869 does not exist. Creating ...
2019-06-13 00:58:43,032 INFO  storage.RaftStorageDirectory (RaftStorageDirectory.java:tryLock(328)) - Lock on /opt/src/hadoop-ozone/integration-test/target/test-dir/MiniOzoneClusterImpl-424a1eef-e4d4-4629-b856-a9b8651d64b3/datanode-3/data/ratis/aa4591d4-13eb-4c6a-8e8b-dd3c5b1c0869/in_use.lock acquired by nodename 14362@ozone-jwdrj-3193829804
2019-06-13 00:58:43,035 INFO  storage.RaftStorage (RaftStorage.java:format(75)) - Storage directory /opt/src/hadoop-ozone/integration-test/target/test-dir/MiniOzoneClusterImpl-424a1eef-e4d4-4629-b856-a9b8651d64b3/datanode-3/data/ratis/aa4591d4-13eb-4c6a-8e8b-dd3c5b1c0869 has been successfully formatted.
2019-06-13 00:58:43,035 INFO  ratis.ContainerStateMachine (ContainerStateMachine.java:loadSnapshot(199)) - The snapshot info is null.Setting the last applied index to:(t:0, i:~)
2019-06-13 00:58:43,035 INFO  server.RaftServerConfigKeys (ConfUtils.java:logGet(43)) - raft.server.leader.election.timeout = 120s (custom)
2019-06-13 00:58:43,035 INFO  server.RaftServerConfigKeys (ConfUtils.java:logGet(43)) - raft.server.log.use.memory = false (default)
2019-06-13 00:58:43,035 INFO  server.RaftServerConfigKeys (ConfUtils.java:logGet(43)) - raft.server.log.appender.buffer.byte-limit = 33554432 (custom)
2019-06-13 00:58:43,035 INFO  server.RaftServerConfigKeys (ConfUtils.java:logGet(43)) - raft.server.log.segment.size.max = 16384 (custom)
2019-06-13 00:58:43,035 INFO  server.RaftServerConfigKeys (ConfUtils.java:logGet(43)) - raft.server.log.segment.cache.num.max = 2 (custom)
2019-06-13 00:58:43,035 INFO  storage.RaftLogWorker (RaftLogWorker.java:<init>(123)) - new bda9e874-81f7-4471-8850-42eff5c27286-RaftLogWorker for Storage Directory /opt/src/hadoop-ozone/integration-test/target/test-dir/MiniOzoneClusterImpl-424a1eef-e4d4-4629-b856-a9b8651d64b3/datanode-3/data/ratis/aa4591d4-13eb-4c6a-8e8b-dd3c5b1c0869
2019-06-13 00:58:43,036 INFO  server.RaftServerConfigKeys (ConfUtils.java:logGet(43)) - raft.server.log.queue.byte-limit = 2147483647 (custom)
2019-06-13 00:58:43,036 INFO  server.RaftServerConfigKeys (ConfUtils.java:logGet(43)) - raft.server.log.queue.element-limit = 1024 (custom)
2019-06-13 00:58:43,036 INFO  server.RaftServerConfigKeys (ConfUtils.java:logGet(43)) - raft.server.log.segment.size.max = 16384 (custom)
2019-06-13 00:58:43,036 INFO  server.RaftServerConfigKeys (ConfUtils.java:logGet(43)) - raft.server.log.preallocated.size = 16384 (custom)
2019-06-13 00:58:43,036 INFO  server.RaftServerConfigKeys (ConfUtils.java:logGet(43)) - raft.server.log.write.buffer.size = 33554432 (custom)
2019-06-13 00:58:43,036 INFO  server.RaftServerConfigKeys (ConfUtils.java:logGet(43)) - raft.server.log.force.sync.num = 128 (default)
2019-06-13 00:58:43,036 INFO  server.RaftServerConfigKeys (ConfUtils.java:logGet(43)) - raft.server.log.statemachine.data.sync = true (default)
2019-06-13 00:58:43,036 INFO  server.RaftServerConfigKeys (ConfUtils.java:logGet(43)) - raft.server.log.statemachine.data.sync.timeout = 10s (default)
2019-06-13 00:58:43,036 INFO  server.RaftServerConfigKeys (ConfUtils.java:logGet(43)) - raft.server.log.statemachine.data.sync.timeout.retry = -1 (default)
2019-06-13 00:58:43,036 INFO  server.RaftServerConfigKeys (ConfUtils.java:logGet(43)) - raft.server.log.statemachine.data.caching.enabled = true (custom)
2019-06-13 00:58:43,037 INFO  server.RaftServerConfigKeys (ConfUtils.java:logGet(43)) - raft.server.snapshot.auto.trigger.enabled = true (custom)
2019-06-13 00:58:43,037 INFO  server.RaftServerConfigKeys (ConfUtils.java:logGet(43)) - raft.server.snapshot.auto.trigger.threshold = 10000 (custom)
2019-06-13 00:58:43,037 INFO  server.RaftServerConfigKeys (ConfUtils.java:logGet(43)) - raft.server.retrycache.expirytime = 600000ms (custom)
2019-06-13 00:58:43,037 INFO  impl.RaftServerImpl (RaftServerImpl.java:start(173)) - bda9e874-81f7-4471-8850-42eff5c27286: start group-DD3C5B1C0869
2019-06-13 00:58:43,037 INFO  impl.RaftServerImpl (RaftServerImpl.java:setRole(164)) - bda9e874-81f7-4471-8850-42eff5c27286:group-DD3C5B1C0869 changes role from null to FOLLOWER at term 0 for startAsFollower
2019-06-13 00:58:43,037 INFO  impl.RoleInfo (RoleInfo.java:updateAndGet(143)) - bda9e874-81f7-4471-8850-42eff5c27286: start FollowerState
2019-06-13 00:58:43,038 INFO  util.JmxRegister (JmxRegister.java:tryRegister(44)) - Successfully registered JMX Bean with object name Ratis:service=RaftServer,group=group-DD3C5B1C0869,id=bda9e874-81f7-4471-8850-42eff5c27286
2019-06-13 00:58:43,040 INFO  pipeline.PipelineStateManager (PipelineStateManager.java:addPipeline(56)) - Created pipeline Pipeline[ Id: aa4591d4-13eb-4c6a-8e8b-dd3c5b1c0869, Nodes: bda9e874-81f7-4471-8850-42eff5c27286{ip: 192.168.19.49, host: ozone-jwdrj-3193829804, networkLocation: /default-rack, certSerialId: null}, Type:RATIS, Factor:ONE, State:OPEN]
2019-06-13 00:58:43,143 INFO  node.SCMNodeManager (SCMNodeManager.java:register(234)) - Registered Data node : a5e77bbe-3b5c-49be-8e46-88ea55042e08{ip: 192.168.19.49, host: ozone-jwdrj-3193829804, networkLocation: /default-rack, certSerialId: null}
2019-06-13 00:58:43,150 INFO  impl.RaftServerProxy (RaftServerProxy.java:addNew(89)) - a5e77bbe-3b5c-49be-8e46-88ea55042e08: addNew group-1FE7444DA937:[a5e77bbe-3b5c-49be-8e46-88ea55042e08:192.168.19.49:46787] returns group-1FE7444DA937:java.util.concurrent.CompletableFuture@63cce242[Not completed]
2019-06-13 00:58:43,151 INFO  impl.RaftServerImpl (RaftServerImpl.java:<init>(91)) - a5e77bbe-3b5c-49be-8e46-88ea55042e08: new RaftServerImpl for group-1FE7444DA937:[a5e77bbe-3b5c-49be-8e46-88ea55042e08:192.168.19.49:46787] with ContainerStateMachine:uninitialized
2019-06-13 00:58:43,151 INFO  server.RaftServerConfigKeys (ConfUtils.java:logGet(43)) - raft.server.rpc.timeout.min = 1s (custom)
2019-06-13 00:58:43,151 INFO  server.RaftServerConfigKeys (ConfUtils.java:logGet(43)) - raft.server.rpc.timeout.max = 1200ms (custom)
2019-06-13 00:58:43,151 INFO  server.RaftServerConfigKeys (ConfUtils.java:logGet(43)) - raft.server.rpcslowness.timeout = 120s (custom)
2019-06-13 00:58:43,151 INFO  server.RaftServerConfigKeys (ConfUtils.java:logGet(43)) - raft.server.log.appender.install.snapshot.enabled = true (default)
2019-06-13 00:58:43,151 INFO  impl.RaftServerImpl (ServerState.java:<init>(101)) - a5e77bbe-3b5c-49be-8e46-88ea55042e08:group-1FE7444DA937 ConfigurationManager, init=-1: [a5e77bbe-3b5c-49be-8e46-88ea55042e08:192.168.19.49:46787], old=null, confs=<EMPTY_MAP>
2019-06-13 00:58:43,151 INFO  server.RaftServerConfigKeys (ConfUtils.java:logGet(43)) - raft.server.storage.dir = [/opt/src/hadoop-ozone/integration-test/target/test-dir/MiniOzoneClusterImpl-424a1eef-e4d4-4629-b856-a9b8651d64b3/datanode-4/data/ratis] (custom)
2019-06-13 00:58:43,152 INFO  storage.RaftStorageDirectory (RaftStorageDirectory.java:analyzeStorage(246)) - The storage directory /opt/src/hadoop-ozone/integration-test/target/test-dir/MiniOzoneClusterImpl-424a1eef-e4d4-4629-b856-a9b8651d64b3/datanode-4/data/ratis/ed83d806-10e4-46c7-a455-1fe7444da937 does not exist. Creating ...
2019-06-13 00:58:43,154 INFO  storage.RaftStorageDirectory (RaftStorageDirectory.java:tryLock(328)) - Lock on /opt/src/hadoop-ozone/integration-test/target/test-dir/MiniOzoneClusterImpl-424a1eef-e4d4-4629-b856-a9b8651d64b3/datanode-4/data/ratis/ed83d806-10e4-46c7-a455-1fe7444da937/in_use.lock acquired by nodename 14362@ozone-jwdrj-3193829804
2019-06-13 00:58:43,156 INFO  storage.RaftStorage (RaftStorage.java:format(75)) - Storage directory /opt/src/hadoop-ozone/integration-test/target/test-dir/MiniOzoneClusterImpl-424a1eef-e4d4-4629-b856-a9b8651d64b3/datanode-4/data/ratis/ed83d806-10e4-46c7-a455-1fe7444da937 has been successfully formatted.
2019-06-13 00:58:43,156 INFO  ratis.ContainerStateMachine (ContainerStateMachine.java:loadSnapshot(199)) - The snapshot info is null.Setting the last applied index to:(t:0, i:~)
2019-06-13 00:58:43,157 INFO  server.RaftServerConfigKeys (ConfUtils.java:logGet(43)) - raft.server.leader.election.timeout = 120s (custom)
2019-06-13 00:58:43,157 INFO  server.RaftServerConfigKeys (ConfUtils.java:logGet(43)) - raft.server.log.use.memory = false (default)
2019-06-13 00:58:43,157 INFO  server.RaftServerConfigKeys (ConfUtils.java:logGet(43)) - raft.server.log.appender.buffer.byte-limit = 33554432 (custom)
2019-06-13 00:58:43,157 INFO  server.RaftServerConfigKeys (ConfUtils.java:logGet(43)) - raft.server.log.segment.size.max = 16384 (custom)
2019-06-13 00:58:43,157 INFO  server.RaftServerConfigKeys (ConfUtils.java:logGet(43)) - raft.server.log.segment.cache.num.max = 2 (custom)
2019-06-13 00:58:43,157 INFO  storage.RaftLogWorker (RaftLogWorker.java:<init>(123)) - new a5e77bbe-3b5c-49be-8e46-88ea55042e08-RaftLogWorker for Storage Directory /opt/src/hadoop-ozone/integration-test/target/test-dir/MiniOzoneClusterImpl-424a1eef-e4d4-4629-b856-a9b8651d64b3/datanode-4/data/ratis/ed83d806-10e4-46c7-a455-1fe7444da937
2019-06-13 00:58:43,157 INFO  server.RaftServerConfigKeys (ConfUtils.java:logGet(43)) - raft.server.log.queue.byte-limit = 2147483647 (custom)
2019-06-13 00:58:43,157 INFO  server.RaftServerConfigKeys (ConfUtils.java:logGet(43)) - raft.server.log.queue.element-limit = 1024 (custom)
2019-06-13 00:58:43,158 INFO  server.RaftServerConfigKeys (ConfUtils.java:logGet(43)) - raft.server.log.segment.size.max = 16384 (custom)
2019-06-13 00:58:43,158 INFO  server.RaftServerConfigKeys (ConfUtils.java:logGet(43)) - raft.server.log.preallocated.size = 16384 (custom)
2019-06-13 00:58:43,158 INFO  server.RaftServerConfigKeys (ConfUtils.java:logGet(43)) - raft.server.log.write.buffer.size = 33554432 (custom)
2019-06-13 00:58:43,158 INFO  server.RaftServerConfigKeys (ConfUtils.java:logGet(43)) - raft.server.log.force.sync.num = 128 (default)
2019-06-13 00:58:43,158 INFO  server.RaftServerConfigKeys (ConfUtils.java:logGet(43)) - raft.server.log.statemachine.data.sync = true (default)
2019-06-13 00:58:43,158 INFO  server.RaftServerConfigKeys (ConfUtils.java:logGet(43)) - raft.server.log.statemachine.data.sync.timeout = 10s (default)
2019-06-13 00:58:43,158 INFO  server.RaftServerConfigKeys (ConfUtils.java:logGet(43)) - raft.server.log.statemachine.data.sync.timeout.retry = -1 (default)
2019-06-13 00:58:43,158 INFO  server.RaftServerConfigKeys (ConfUtils.java:logGet(43)) - raft.server.log.statemachine.data.caching.enabled = true (custom)
2019-06-13 00:58:43,159 INFO  server.RaftServerConfigKeys (ConfUtils.java:logGet(43)) - raft.server.snapshot.auto.trigger.enabled = true (custom)
2019-06-13 00:58:43,159 INFO  server.RaftServerConfigKeys (ConfUtils.java:logGet(43)) - raft.server.snapshot.auto.trigger.threshold = 10000 (custom)
2019-06-13 00:58:43,159 INFO  server.RaftServerConfigKeys (ConfUtils.java:logGet(43)) - raft.server.retrycache.expirytime = 600000ms (custom)
2019-06-13 00:58:43,159 INFO  impl.RaftServerImpl (RaftServerImpl.java:start(173)) - a5e77bbe-3b5c-49be-8e46-88ea55042e08: start group-1FE7444DA937
2019-06-13 00:58:43,159 INFO  impl.RaftServerImpl (RaftServerImpl.java:setRole(164)) - a5e77bbe-3b5c-49be-8e46-88ea55042e08:group-1FE7444DA937 changes role from null to FOLLOWER at term 0 for startAsFollower
2019-06-13 00:58:43,159 INFO  impl.RoleInfo (RoleInfo.java:updateAndGet(143)) - a5e77bbe-3b5c-49be-8e46-88ea55042e08: start FollowerState
2019-06-13 00:58:43,160 INFO  util.JmxRegister (JmxRegister.java:tryRegister(44)) - Successfully registered JMX Bean with object name Ratis:service=RaftServer,group=group-1FE7444DA937,id=a5e77bbe-3b5c-49be-8e46-88ea55042e08
2019-06-13 00:58:43,166 INFO  pipeline.PipelineStateManager (PipelineStateManager.java:addPipeline(56)) - Created pipeline Pipeline[ Id: ed83d806-10e4-46c7-a455-1fe7444da937, Nodes: a5e77bbe-3b5c-49be-8e46-88ea55042e08{ip: 192.168.19.49, host: ozone-jwdrj-3193829804, networkLocation: /default-rack, certSerialId: null}, Type:RATIS, Factor:ONE, State:OPEN]
2019-06-13 00:58:43,337 INFO  ozone.MiniOzoneClusterImpl (MiniOzoneClusterImpl.java:lambda$waitForClusterToBeReady$0(142)) - Waiting for cluster to be ready. Got 5 of 6 DN Heartbeats.
2019-06-13 00:58:43,338 INFO  node.SCMNodeManager (SCMNodeManager.java:register(234)) - Registered Data node : 295ad9ad-27d5-44d4-8ba2-eb94921948f9{ip: 192.168.19.49, host: ozone-jwdrj-3193829804, networkLocation: /default-rack, certSerialId: null}
2019-06-13 00:58:43,347 INFO  impl.RaftServerProxy (RaftServerProxy.java:addNew(89)) - 295ad9ad-27d5-44d4-8ba2-eb94921948f9: addNew group-2F7BEABC173B:[295ad9ad-27d5-44d4-8ba2-eb94921948f9:192.168.19.49:39325] returns group-2F7BEABC173B:java.util.concurrent.CompletableFuture@4e87990d[Not completed]
2019-06-13 00:58:43,348 INFO  impl.RaftServerImpl (RaftServerImpl.java:<init>(91)) - 295ad9ad-27d5-44d4-8ba2-eb94921948f9: new RaftServerImpl for group-2F7BEABC173B:[295ad9ad-27d5-44d4-8ba2-eb94921948f9:192.168.19.49:39325] with ContainerStateMachine:uninitialized
2019-06-13 00:58:43,348 INFO  server.RaftServerConfigKeys (ConfUtils.java:logGet(43)) - raft.server.rpc.timeout.min = 1s (custom)
2019-06-13 00:58:43,348 INFO  server.RaftServerConfigKeys (ConfUtils.java:logGet(43)) - raft.server.rpc.timeout.max = 1200ms (custom)
2019-06-13 00:58:43,348 INFO  server.RaftServerConfigKeys (ConfUtils.java:logGet(43)) - raft.server.rpcslowness.timeout = 120s (custom)
2019-06-13 00:58:43,348 INFO  server.RaftServerConfigKeys (ConfUtils.java:logGet(43)) - raft.server.log.appender.install.snapshot.enabled = true (default)
2019-06-13 00:58:43,348 INFO  impl.RaftServerImpl (ServerState.java:<init>(101)) - 295ad9ad-27d5-44d4-8ba2-eb94921948f9:group-2F7BEABC173B ConfigurationManager, init=-1: [295ad9ad-27d5-44d4-8ba2-eb94921948f9:192.168.19.49:39325], old=null, confs=<EMPTY_MAP>
2019-06-13 00:58:43,349 INFO  server.RaftServerConfigKeys (ConfUtils.java:logGet(43)) - raft.server.storage.dir = [/opt/src/hadoop-ozone/integration-test/target/test-dir/MiniOzoneClusterImpl-424a1eef-e4d4-4629-b856-a9b8651d64b3/datanode-5/data/ratis] (custom)
2019-06-13 00:58:43,349 INFO  storage.RaftStorageDirectory (RaftStorageDirectory.java:analyzeStorage(246)) - The storage directory /opt/src/hadoop-ozone/integration-test/target/test-dir/MiniOzoneClusterImpl-424a1eef-e4d4-4629-b856-a9b8651d64b3/datanode-5/data/ratis/cb15d250-4f6b-4851-9079-2f7beabc173b does not exist. Creating ...
2019-06-13 00:58:43,351 INFO  storage.RaftStorageDirectory (RaftStorageDirectory.java:tryLock(328)) - Lock on /opt/src/hadoop-ozone/integration-test/target/test-dir/MiniOzoneClusterImpl-424a1eef-e4d4-4629-b856-a9b8651d64b3/datanode-5/data/ratis/cb15d250-4f6b-4851-9079-2f7beabc173b/in_use.lock acquired by nodename 14362@ozone-jwdrj-3193829804
2019-06-13 00:58:43,353 INFO  storage.RaftStorage (RaftStorage.java:format(75)) - Storage directory /opt/src/hadoop-ozone/integration-test/target/test-dir/MiniOzoneClusterImpl-424a1eef-e4d4-4629-b856-a9b8651d64b3/datanode-5/data/ratis/cb15d250-4f6b-4851-9079-2f7beabc173b has been successfully formatted.
2019-06-13 00:58:43,354 INFO  ratis.ContainerStateMachine (ContainerStateMachine.java:loadSnapshot(199)) - The snapshot info is null.Setting the last applied index to:(t:0, i:~)
2019-06-13 00:58:43,354 INFO  server.RaftServerConfigKeys (ConfUtils.java:logGet(43)) - raft.server.leader.election.timeout = 120s (custom)
2019-06-13 00:58:43,354 INFO  server.RaftServerConfigKeys (ConfUtils.java:logGet(43)) - raft.server.log.use.memory = false (default)
2019-06-13 00:58:43,354 INFO  server.RaftServerConfigKeys (ConfUtils.java:logGet(43)) - raft.server.log.appender.buffer.byte-limit = 33554432 (custom)
2019-06-13 00:58:43,354 INFO  server.RaftServerConfigKeys (ConfUtils.java:logGet(43)) - raft.server.log.segment.size.max = 16384 (custom)
2019-06-13 00:58:43,354 INFO  server.RaftServerConfigKeys (ConfUtils.java:logGet(43)) - raft.server.log.segment.cache.num.max = 2 (custom)
2019-06-13 00:58:43,354 INFO  storage.RaftLogWorker (RaftLogWorker.java:<init>(123)) - new 295ad9ad-27d5-44d4-8ba2-eb94921948f9-RaftLogWorker for Storage Directory /opt/src/hadoop-ozone/integration-test/target/test-dir/MiniOzoneClusterImpl-424a1eef-e4d4-4629-b856-a9b8651d64b3/datanode-5/data/ratis/cb15d250-4f6b-4851-9079-2f7beabc173b
2019-06-13 00:58:43,354 INFO  server.RaftServerConfigKeys (ConfUtils.java:logGet(43)) - raft.server.log.queue.byte-limit = 2147483647 (custom)
2019-06-13 00:58:43,355 INFO  server.RaftServerConfigKeys (ConfUtils.java:logGet(43)) - raft.server.log.queue.element-limit = 1024 (custom)
2019-06-13 00:58:43,355 INFO  server.RaftServerConfigKeys (ConfUtils.java:logGet(43)) - raft.server.log.segment.size.max = 16384 (custom)
2019-06-13 00:58:43,355 INFO  server.RaftServerConfigKeys (ConfUtils.java:logGet(43)) - raft.server.log.preallocated.size = 16384 (custom)
2019-06-13 00:58:43,355 INFO  server.RaftServerConfigKeys (ConfUtils.java:logGet(43)) - raft.server.log.write.buffer.size = 33554432 (custom)
2019-06-13 00:58:43,355 INFO  server.RaftServerConfigKeys (ConfUtils.java:logGet(43)) - raft.server.log.force.sync.num = 128 (default)
2019-06-13 00:58:43,355 INFO  server.RaftServerConfigKeys (ConfUtils.java:logGet(43)) - raft.server.log.statemachine.data.sync = true (default)
2019-06-13 00:58:43,355 INFO  server.RaftServerConfigKeys (ConfUtils.java:logGet(43)) - raft.server.log.statemachine.data.sync.timeout = 10s (default)
2019-06-13 00:58:43,355 INFO  server.RaftServerConfigKeys (ConfUtils.java:logGet(43)) - raft.server.log.statemachine.data.sync.timeout.retry = -1 (default)
2019-06-13 00:58:43,355 INFO  server.RaftServerConfigKeys (ConfUtils.java:logGet(43)) - raft.server.log.statemachine.data.caching.enabled = true (custom)
2019-06-13 00:58:43,356 INFO  server.RaftServerConfigKeys (ConfUtils.java:logGet(43)) - raft.server.snapshot.auto.trigger.enabled = true (custom)
2019-06-13 00:58:43,356 INFO  server.RaftServerConfigKeys (ConfUtils.java:logGet(43)) - raft.server.snapshot.auto.trigger.threshold = 10000 (custom)
2019-06-13 00:58:43,356 INFO  server.RaftServerConfigKeys (ConfUtils.java:logGet(43)) - raft.server.retrycache.expirytime = 600000ms (custom)
2019-06-13 00:58:43,356 INFO  impl.RaftServerImpl (RaftServerImpl.java:start(173)) - 295ad9ad-27d5-44d4-8ba2-eb94921948f9: start group-2F7BEABC173B
2019-06-13 00:58:43,356 INFO  impl.RaftServerImpl (RaftServerImpl.java:setRole(164)) - 295ad9ad-27d5-44d4-8ba2-eb94921948f9:group-2F7BEABC173B changes role from null to FOLLOWER at term 0 for startAsFollower
2019-06-13 00:58:43,356 INFO  impl.RoleInfo (RoleInfo.java:updateAndGet(143)) - 295ad9ad-27d5-44d4-8ba2-eb94921948f9: start FollowerState
2019-06-13 00:58:43,357 INFO  util.JmxRegister (JmxRegister.java:tryRegister(44)) - Successfully registered JMX Bean with object name Ratis:service=RaftServer,group=group-2F7BEABC173B,id=295ad9ad-27d5-44d4-8ba2-eb94921948f9
2019-06-13 00:58:43,359 INFO  pipeline.PipelineStateManager (PipelineStateManager.java:addPipeline(56)) - Created pipeline Pipeline[ Id: cb15d250-4f6b-4851-9079-2f7beabc173b, Nodes: 295ad9ad-27d5-44d4-8ba2-eb94921948f9{ip: 192.168.19.49, host: ozone-jwdrj-3193829804, networkLocation: /default-rack, certSerialId: null}, Type:RATIS, Factor:ONE, State:OPEN]
2019-06-13 00:58:43,375 INFO  impl.RaftServerProxy (RaftServerProxy.java:addNew(89)) - bda9e874-81f7-4471-8850-42eff5c27286: addNew group-D26D98D66A53:[a5e77bbe-3b5c-49be-8e46-88ea55042e08:192.168.19.49:46787, bda9e874-81f7-4471-8850-42eff5c27286:192.168.19.49:45049, 295ad9ad-27d5-44d4-8ba2-eb94921948f9:192.168.19.49:39325] returns group-D26D98D66A53:java.util.concurrent.CompletableFuture@6edf9495[Not completed]
2019-06-13 00:58:43,375 INFO  impl.RaftServerImpl (RaftServerImpl.java:<init>(91)) - bda9e874-81f7-4471-8850-42eff5c27286: new RaftServerImpl for group-D26D98D66A53:[a5e77bbe-3b5c-49be-8e46-88ea55042e08:192.168.19.49:46787, bda9e874-81f7-4471-8850-42eff5c27286:192.168.19.49:45049, 295ad9ad-27d5-44d4-8ba2-eb94921948f9:192.168.19.49:39325] with ContainerStateMachine:uninitialized
2019-06-13 00:58:43,375 INFO  server.RaftServerConfigKeys (ConfUtils.java:logGet(43)) - raft.server.rpc.timeout.min = 1s (custom)
2019-06-13 00:58:43,375 INFO  server.RaftServerConfigKeys (ConfUtils.java:logGet(43)) - raft.server.rpc.timeout.max = 1200ms (custom)
2019-06-13 00:58:43,375 INFO  server.RaftServerConfigKeys (ConfUtils.java:logGet(43)) - raft.server.rpcslowness.timeout = 120s (custom)
2019-06-13 00:58:43,376 INFO  server.RaftServerConfigKeys (ConfUtils.java:logGet(43)) - raft.server.log.appender.install.snapshot.enabled = true (default)
2019-06-13 00:58:43,376 INFO  impl.RaftServerImpl (ServerState.java:<init>(101)) - bda9e874-81f7-4471-8850-42eff5c27286:group-D26D98D66A53 ConfigurationManager, init=-1: [a5e77bbe-3b5c-49be-8e46-88ea55042e08:192.168.19.49:46787, bda9e874-81f7-4471-8850-42eff5c27286:192.168.19.49:45049, 295ad9ad-27d5-44d4-8ba2-eb94921948f9:192.168.19.49:39325], old=null, confs=<EMPTY_MAP>
2019-06-13 00:58:43,376 INFO  server.RaftServerConfigKeys (ConfUtils.java:logGet(43)) - raft.server.storage.dir = [/opt/src/hadoop-ozone/integration-test/target/test-dir/MiniOzoneClusterImpl-424a1eef-e4d4-4629-b856-a9b8651d64b3/datanode-3/data/ratis] (custom)
2019-06-13 00:58:43,376 INFO  impl.RaftServerProxy (RaftServerProxy.java:addNew(89)) - a5e77bbe-3b5c-49be-8e46-88ea55042e08: addNew group-D26D98D66A53:[a5e77bbe-3b5c-49be-8e46-88ea55042e08:192.168.19.49:46787, bda9e874-81f7-4471-8850-42eff5c27286:192.168.19.49:45049, 295ad9ad-27d5-44d4-8ba2-eb94921948f9:192.168.19.49:39325] returns group-D26D98D66A53:java.util.concurrent.CompletableFuture@549ca233[Not completed]
2019-06-13 00:58:43,376 INFO  storage.RaftStorageDirectory (RaftStorageDirectory.java:analyzeStorage(246)) - The storage directory /opt/src/hadoop-ozone/integration-test/target/test-dir/MiniOzoneClusterImpl-424a1eef-e4d4-4629-b856-a9b8651d64b3/datanode-3/data/ratis/8f495a50-02c8-4fc1-8d54-d26d98d66a53 does not exist. Creating ...
2019-06-13 00:58:43,376 INFO  impl.RaftServerImpl (RaftServerImpl.java:<init>(91)) - a5e77bbe-3b5c-49be-8e46-88ea55042e08: new RaftServerImpl for group-D26D98D66A53:[a5e77bbe-3b5c-49be-8e46-88ea55042e08:192.168.19.49:46787, bda9e874-81f7-4471-8850-42eff5c27286:192.168.19.49:45049, 295ad9ad-27d5-44d4-8ba2-eb94921948f9:192.168.19.49:39325] with ContainerStateMachine:uninitialized
2019-06-13 00:58:43,376 INFO  server.RaftServerConfigKeys (ConfUtils.java:logGet(43)) - raft.server.rpc.timeout.min = 1s (custom)
2019-06-13 00:58:43,377 INFO  server.RaftServerConfigKeys (ConfUtils.java:logGet(43)) - raft.server.rpc.timeout.max = 1200ms (custom)
2019-06-13 00:58:43,377 INFO  server.RaftServerConfigKeys (ConfUtils.java:logGet(43)) - raft.server.rpcslowness.timeout = 120s (custom)
2019-06-13 00:58:43,377 INFO  server.RaftServerConfigKeys (ConfUtils.java:logGet(43)) - raft.server.log.appender.install.snapshot.enabled = true (default)
2019-06-13 00:58:43,377 INFO  impl.RaftServerImpl (ServerState.java:<init>(101)) - a5e77bbe-3b5c-49be-8e46-88ea55042e08:group-D26D98D66A53 ConfigurationManager, init=-1: [a5e77bbe-3b5c-49be-8e46-88ea55042e08:192.168.19.49:46787, bda9e874-81f7-4471-8850-42eff5c27286:192.168.19.49:45049, 295ad9ad-27d5-44d4-8ba2-eb94921948f9:192.168.19.49:39325], old=null, confs=<EMPTY_MAP>
2019-06-13 00:58:43,377 INFO  server.RaftServerConfigKeys (ConfUtils.java:logGet(43)) - raft.server.storage.dir = [/opt/src/hadoop-ozone/integration-test/target/test-dir/MiniOzoneClusterImpl-424a1eef-e4d4-4629-b856-a9b8651d64b3/datanode-4/data/ratis] (custom)
2019-06-13 00:58:43,377 INFO  impl.RaftServerProxy (RaftServerProxy.java:addNew(89)) - 295ad9ad-27d5-44d4-8ba2-eb94921948f9: addNew group-D26D98D66A53:[a5e77bbe-3b5c-49be-8e46-88ea55042e08:192.168.19.49:46787, bda9e874-81f7-4471-8850-42eff5c27286:192.168.19.49:45049, 295ad9ad-27d5-44d4-8ba2-eb94921948f9:192.168.19.49:39325] returns group-D26D98D66A53:java.util.concurrent.CompletableFuture@3a9df15d[Not completed]
2019-06-13 00:58:43,378 INFO  storage.RaftStorageDirectory (RaftStorageDirectory.java:analyzeStorage(246)) - The storage directory /opt/src/hadoop-ozone/integration-test/target/test-dir/MiniOzoneClusterImpl-424a1eef-e4d4-4629-b856-a9b8651d64b3/datanode-4/data/ratis/8f495a50-02c8-4fc1-8d54-d26d98d66a53 does not exist. Creating ...
2019-06-13 00:58:43,378 INFO  impl.RaftServerImpl (RaftServerImpl.java:<init>(91)) - 295ad9ad-27d5-44d4-8ba2-eb94921948f9: new RaftServerImpl for group-D26D98D66A53:[a5e77bbe-3b5c-49be-8e46-88ea55042e08:192.168.19.49:46787, bda9e874-81f7-4471-8850-42eff5c27286:192.168.19.49:45049, 295ad9ad-27d5-44d4-8ba2-eb94921948f9:192.168.19.49:39325] with ContainerStateMachine:uninitialized
2019-06-13 00:58:43,378 INFO  storage.RaftStorageDirectory (RaftStorageDirectory.java:tryLock(328)) - Lock on /opt/src/hadoop-ozone/integration-test/target/test-dir/MiniOzoneClusterImpl-424a1eef-e4d4-4629-b856-a9b8651d64b3/datanode-3/data/ratis/8f495a50-02c8-4fc1-8d54-d26d98d66a53/in_use.lock acquired by nodename 14362@ozone-jwdrj-3193829804
2019-06-13 00:58:43,378 INFO  server.RaftServerConfigKeys (ConfUtils.java:logGet(43)) - raft.server.rpc.timeout.min = 1s (custom)
2019-06-13 00:58:43,379 INFO  server.RaftServerConfigKeys (ConfUtils.java:logGet(43)) - raft.server.rpc.timeout.max = 1200ms (custom)
2019-06-13 00:58:43,379 INFO  server.RaftServerConfigKeys (ConfUtils.java:logGet(43)) - raft.server.rpcslowness.timeout = 120s (custom)
2019-06-13 00:58:43,379 INFO  server.RaftServerConfigKeys (ConfUtils.java:logGet(43)) - raft.server.log.appender.install.snapshot.enabled = true (default)
2019-06-13 00:58:43,379 INFO  impl.RaftServerImpl (ServerState.java:<init>(101)) - 295ad9ad-27d5-44d4-8ba2-eb94921948f9:group-D26D98D66A53 ConfigurationManager, init=-1: [a5e77bbe-3b5c-49be-8e46-88ea55042e08:192.168.19.49:46787, bda9e874-81f7-4471-8850-42eff5c27286:192.168.19.49:45049, 295ad9ad-27d5-44d4-8ba2-eb94921948f9:192.168.19.49:39325], old=null, confs=<EMPTY_MAP>
2019-06-13 00:58:43,379 INFO  server.RaftServerConfigKeys (ConfUtils.java:logGet(43)) - raft.server.storage.dir = [/opt/src/hadoop-ozone/integration-test/target/test-dir/MiniOzoneClusterImpl-424a1eef-e4d4-4629-b856-a9b8651d64b3/datanode-5/data/ratis] (custom)
2019-06-13 00:58:43,380 INFO  storage.RaftStorageDirectory (RaftStorageDirectory.java:analyzeStorage(246)) - The storage directory /opt/src/hadoop-ozone/integration-test/target/test-dir/MiniOzoneClusterImpl-424a1eef-e4d4-4629-b856-a9b8651d64b3/datanode-5/data/ratis/8f495a50-02c8-4fc1-8d54-d26d98d66a53 does not exist. Creating ...
2019-06-13 00:58:43,381 INFO  storage.RaftStorageDirectory (RaftStorageDirectory.java:tryLock(328)) - Lock on /opt/src/hadoop-ozone/integration-test/target/test-dir/MiniOzoneClusterImpl-424a1eef-e4d4-4629-b856-a9b8651d64b3/datanode-4/data/ratis/8f495a50-02c8-4fc1-8d54-d26d98d66a53/in_use.lock acquired by nodename 14362@ozone-jwdrj-3193829804
2019-06-13 00:58:43,382 INFO  storage.RaftStorage (RaftStorage.java:format(75)) - Storage directory /opt/src/hadoop-ozone/integration-test/target/test-dir/MiniOzoneClusterImpl-424a1eef-e4d4-4629-b856-a9b8651d64b3/datanode-4/data/ratis/8f495a50-02c8-4fc1-8d54-d26d98d66a53 has been successfully formatted.
2019-06-13 00:58:43,383 INFO  storage.RaftStorage (RaftStorage.java:format(75)) - Storage directory /opt/src/hadoop-ozone/integration-test/target/test-dir/MiniOzoneClusterImpl-424a1eef-e4d4-4629-b856-a9b8651d64b3/datanode-3/data/ratis/8f495a50-02c8-4fc1-8d54-d26d98d66a53 has been successfully formatted.
2019-06-13 00:58:43,383 INFO  ratis.ContainerStateMachine (ContainerStateMachine.java:loadSnapshot(199)) - The snapshot info is null.Setting the last applied index to:(t:0, i:~)
2019-06-13 00:58:43,383 INFO  ratis.ContainerStateMachine (ContainerStateMachine.java:loadSnapshot(199)) - The snapshot info is null.Setting the last applied index to:(t:0, i:~)
2019-06-13 00:58:43,383 INFO  server.RaftServerConfigKeys (ConfUtils.java:logGet(43)) - raft.server.leader.election.timeout = 120s (custom)
2019-06-13 00:58:43,383 INFO  server.RaftServerConfigKeys (ConfUtils.java:logGet(43)) - raft.server.log.use.memory = false (default)
2019-06-13 00:58:43,383 INFO  server.RaftServerConfigKeys (ConfUtils.java:logGet(43)) - raft.server.log.appender.buffer.byte-limit = 33554432 (custom)
2019-06-13 00:58:43,383 INFO  server.RaftServerConfigKeys (ConfUtils.java:logGet(43)) - raft.server.log.segment.size.max = 16384 (custom)
2019-06-13 00:58:43,383 INFO  server.RaftServerConfigKeys (ConfUtils.java:logGet(43)) - raft.server.log.segment.cache.num.max = 2 (custom)
2019-06-13 00:58:43,383 INFO  storage.RaftLogWorker (RaftLogWorker.java:<init>(123)) - new bda9e874-81f7-4471-8850-42eff5c27286-RaftLogWorker for Storage Directory /opt/src/hadoop-ozone/integration-test/target/test-dir/MiniOzoneClusterImpl-424a1eef-e4d4-4629-b856-a9b8651d64b3/datanode-3/data/ratis/8f495a50-02c8-4fc1-8d54-d26d98d66a53
2019-06-13 00:58:43,383 INFO  server.RaftServerConfigKeys (ConfUtils.java:logGet(43)) - raft.server.log.queue.byte-limit = 2147483647 (custom)
2019-06-13 00:58:43,384 INFO  server.RaftServerConfigKeys (ConfUtils.java:logGet(43)) - raft.server.log.queue.element-limit = 1024 (custom)
2019-06-13 00:58:43,384 INFO  server.RaftServerConfigKeys (ConfUtils.java:logGet(43)) - raft.server.log.segment.size.max = 16384 (custom)
2019-06-13 00:58:43,384 INFO  server.RaftServerConfigKeys (ConfUtils.java:logGet(43)) - raft.server.log.preallocated.size = 16384 (custom)
2019-06-13 00:58:43,384 INFO  server.RaftServerConfigKeys (ConfUtils.java:logGet(43)) - raft.server.log.write.buffer.size = 33554432 (custom)
2019-06-13 00:58:43,384 INFO  server.RaftServerConfigKeys (ConfUtils.java:logGet(43)) - raft.server.log.force.sync.num = 128 (default)
2019-06-13 00:58:43,384 INFO  server.RaftServerConfigKeys (ConfUtils.java:logGet(43)) - raft.server.log.statemachine.data.sync = true (default)
2019-06-13 00:58:43,383 INFO  server.RaftServerConfigKeys (ConfUtils.java:logGet(43)) - raft.server.leader.election.timeout = 120s (custom)
2019-06-13 00:58:43,384 INFO  server.RaftServerConfigKeys (ConfUtils.java:logGet(43)) - raft.server.log.use.memory = false (default)
2019-06-13 00:58:43,384 INFO  server.RaftServerConfigKeys (ConfUtils.java:logGet(43)) - raft.server.log.appender.buffer.byte-limit = 33554432 (custom)
2019-06-13 00:58:43,385 INFO  server.RaftServerConfigKeys (ConfUtils.java:logGet(43)) - raft.server.log.segment.size.max = 16384 (custom)
2019-06-13 00:58:43,385 INFO  server.RaftServerConfigKeys (ConfUtils.java:logGet(43)) - raft.server.log.segment.cache.num.max = 2 (custom)
2019-06-13 00:58:43,385 INFO  storage.RaftLogWorker (RaftLogWorker.java:<init>(123)) - new a5e77bbe-3b5c-49be-8e46-88ea55042e08-RaftLogWorker for Storage Directory /opt/src/hadoop-ozone/integration-test/target/test-dir/MiniOzoneClusterImpl-424a1eef-e4d4-4629-b856-a9b8651d64b3/datanode-4/data/ratis/8f495a50-02c8-4fc1-8d54-d26d98d66a53
2019-06-13 00:58:43,385 INFO  server.RaftServerConfigKeys (ConfUtils.java:logGet(43)) - raft.server.log.queue.byte-limit = 2147483647 (custom)
2019-06-13 00:58:43,385 INFO  server.RaftServerConfigKeys (ConfUtils.java:logGet(43)) - raft.server.log.queue.element-limit = 1024 (custom)
2019-06-13 00:58:43,385 INFO  server.RaftServerConfigKeys (ConfUtils.java:logGet(43)) - raft.server.log.segment.size.max = 16384 (custom)
2019-06-13 00:58:43,385 INFO  server.RaftServerConfigKeys (ConfUtils.java:logGet(43)) - raft.server.log.preallocated.size = 16384 (custom)
2019-06-13 00:58:43,383 INFO  storage.RaftStorageDirectory (RaftStorageDirectory.java:tryLock(328)) - Lock on /opt/src/hadoop-ozone/integration-test/target/test-dir/MiniOzoneClusterImpl-424a1eef-e4d4-4629-b856-a9b8651d64b3/datanode-5/data/ratis/8f495a50-02c8-4fc1-8d54-d26d98d66a53/in_use.lock acquired by nodename 14362@ozone-jwdrj-3193829804
2019-06-13 00:58:43,385 INFO  server.RaftServerConfigKeys (ConfUtils.java:logGet(43)) - raft.server.log.statemachine.data.sync.timeout = 10s (default)
2019-06-13 00:58:43,385 INFO  server.RaftServerConfigKeys (ConfUtils.java:logGet(43)) - raft.server.log.statemachine.data.sync.timeout.retry = -1 (default)
2019-06-13 00:58:43,386 INFO  server.RaftServerConfigKeys (ConfUtils.java:logGet(43)) - raft.server.log.statemachine.data.caching.enabled = true (custom)
2019-06-13 00:58:43,385 INFO  server.RaftServerConfigKeys (ConfUtils.java:logGet(43)) - raft.server.log.write.buffer.size = 33554432 (custom)
2019-06-13 00:58:43,386 INFO  server.RaftServerConfigKeys (ConfUtils.java:logGet(43)) - raft.server.log.force.sync.num = 128 (default)
2019-06-13 00:58:43,386 INFO  server.RaftServerConfigKeys (ConfUtils.java:logGet(43)) - raft.server.log.statemachine.data.sync = true (default)
2019-06-13 00:58:43,386 INFO  server.RaftServerConfigKeys (ConfUtils.java:logGet(43)) - raft.server.log.statemachine.data.sync.timeout = 10s (default)
2019-06-13 00:58:43,386 INFO  server.RaftServerConfigKeys (ConfUtils.java:logGet(43)) - raft.server.log.statemachine.data.sync.timeout.retry = -1 (default)
2019-06-13 00:58:43,387 INFO  server.RaftServerConfigKeys (ConfUtils.java:logGet(43)) - raft.server.snapshot.auto.trigger.enabled = true (custom)
2019-06-13 00:58:43,387 INFO  server.RaftServerConfigKeys (ConfUtils.java:logGet(43)) - raft.server.snapshot.auto.trigger.threshold = 10000 (custom)
2019-06-13 00:58:43,387 INFO  server.RaftServerConfigKeys (ConfUtils.java:logGet(43)) - raft.server.retrycache.expirytime = 600000ms (custom)
2019-06-13 00:58:43,387 INFO  impl.RaftServerImpl (RaftServerImpl.java:start(173)) - bda9e874-81f7-4471-8850-42eff5c27286: start group-D26D98D66A53
2019-06-13 00:58:43,387 INFO  impl.RaftServerImpl (RaftServerImpl.java:setRole(164)) - bda9e874-81f7-4471-8850-42eff5c27286:group-D26D98D66A53 changes role from null to FOLLOWER at term 0 for startAsFollower
2019-06-13 00:58:43,388 INFO  impl.RoleInfo (RoleInfo.java:updateAndGet(143)) - bda9e874-81f7-4471-8850-42eff5c27286: start FollowerState
2019-06-13 00:58:43,387 INFO  server.RaftServerConfigKeys (ConfUtils.java:logGet(43)) - raft.server.log.statemachine.data.caching.enabled = true (custom)
2019-06-13 00:58:43,388 INFO  storage.RaftStorage (RaftStorage.java:format(75)) - Storage directory /opt/src/hadoop-ozone/integration-test/target/test-dir/MiniOzoneClusterImpl-424a1eef-e4d4-4629-b856-a9b8651d64b3/datanode-5/data/ratis/8f495a50-02c8-4fc1-8d54-d26d98d66a53 has been successfully formatted.
2019-06-13 00:58:43,388 INFO  ratis.ContainerStateMachine (ContainerStateMachine.java:loadSnapshot(199)) - The snapshot info is null.Setting the last applied index to:(t:0, i:~)
2019-06-13 00:58:43,388 INFO  server.RaftServerConfigKeys (ConfUtils.java:logGet(43)) - raft.server.leader.election.timeout = 120s (custom)
2019-06-13 00:58:43,388 INFO  server.RaftServerConfigKeys (ConfUtils.java:logGet(43)) - raft.server.log.use.memory = false (default)
2019-06-13 00:58:43,388 INFO  util.JmxRegister (JmxRegister.java:tryRegister(44)) - Successfully registered JMX Bean with object name Ratis:service=RaftServer,group=group-D26D98D66A53,id=bda9e874-81f7-4471-8850-42eff5c27286
2019-06-13 00:58:43,388 INFO  server.RaftServerConfigKeys (ConfUtils.java:logGet(43)) - raft.server.log.appender.buffer.byte-limit = 33554432 (custom)
2019-06-13 00:58:43,388 INFO  server.RaftServerConfigKeys (ConfUtils.java:logGet(43)) - raft.server.log.segment.size.max = 16384 (custom)
2019-06-13 00:58:43,389 INFO  server.RaftServerConfigKeys (ConfUtils.java:logGet(43)) - raft.server.log.segment.cache.num.max = 2 (custom)
2019-06-13 00:58:43,389 INFO  storage.RaftLogWorker (RaftLogWorker.java:<init>(123)) - new 295ad9ad-27d5-44d4-8ba2-eb94921948f9-RaftLogWorker for Storage Directory /opt/src/hadoop-ozone/integration-test/target/test-dir/MiniOzoneClusterImpl-424a1eef-e4d4-4629-b856-a9b8651d64b3/datanode-5/data/ratis/8f495a50-02c8-4fc1-8d54-d26d98d66a53
2019-06-13 00:58:43,389 INFO  server.RaftServerConfigKeys (ConfUtils.java:logGet(43)) - raft.server.log.queue.byte-limit = 2147483647 (custom)
2019-06-13 00:58:43,389 INFO  server.RaftServerConfigKeys (ConfUtils.java:logGet(43)) - raft.server.log.queue.element-limit = 1024 (custom)
2019-06-13 00:58:43,389 INFO  server.RaftServerConfigKeys (ConfUtils.java:logGet(43)) - raft.server.log.segment.size.max = 16384 (custom)
2019-06-13 00:58:43,389 INFO  server.RaftServerConfigKeys (ConfUtils.java:logGet(43)) - raft.server.log.preallocated.size = 16384 (custom)
2019-06-13 00:58:43,389 INFO  server.RaftServerConfigKeys (ConfUtils.java:logGet(43)) - raft.server.log.write.buffer.size = 33554432 (custom)
2019-06-13 00:58:43,389 INFO  server.RaftServerConfigKeys (ConfUtils.java:logGet(43)) - raft.server.log.force.sync.num = 128 (default)
2019-06-13 00:58:43,389 INFO  server.RaftServerConfigKeys (ConfUtils.java:logGet(43)) - raft.server.log.statemachine.data.sync = true (default)
2019-06-13 00:58:43,389 INFO  server.RaftServerConfigKeys (ConfUtils.java:logGet(43)) - raft.server.snapshot.auto.trigger.enabled = true (custom)
2019-06-13 00:58:43,389 INFO  server.RaftServerConfigKeys (ConfUtils.java:logGet(43)) - raft.server.log.statemachine.data.sync.timeout = 10s (default)
2019-06-13 00:58:43,390 INFO  server.RaftServerConfigKeys (ConfUtils.java:logGet(43)) - raft.server.log.statemachine.data.sync.timeout.retry = -1 (default)
2019-06-13 00:58:43,389 INFO  server.RaftServerConfigKeys (ConfUtils.java:logGet(43)) - raft.server.snapshot.auto.trigger.threshold = 10000 (custom)
2019-06-13 00:58:43,394 INFO  server.RaftServerConfigKeys (ConfUtils.java:logGet(43)) - raft.server.retrycache.expirytime = 600000ms (custom)
2019-06-13 00:58:43,394 INFO  impl.RaftServerImpl (RaftServerImpl.java:start(173)) - a5e77bbe-3b5c-49be-8e46-88ea55042e08: start group-D26D98D66A53
2019-06-13 00:58:43,394 INFO  impl.RaftServerImpl (RaftServerImpl.java:setRole(164)) - a5e77bbe-3b5c-49be-8e46-88ea55042e08:group-D26D98D66A53 changes role from null to FOLLOWER at term 0 for startAsFollower
2019-06-13 00:58:43,394 INFO  server.RaftServerConfigKeys (ConfUtils.java:logGet(43)) - raft.server.log.statemachine.data.caching.enabled = true (custom)
2019-06-13 00:58:43,394 INFO  impl.RoleInfo (RoleInfo.java:updateAndGet(143)) - a5e77bbe-3b5c-49be-8e46-88ea55042e08: start FollowerState
2019-06-13 00:58:43,395 INFO  server.RaftServerConfigKeys (ConfUtils.java:logGet(43)) - raft.server.snapshot.auto.trigger.enabled = true (custom)
2019-06-13 00:58:43,395 INFO  server.RaftServerConfigKeys (ConfUtils.java:logGet(43)) - raft.server.snapshot.auto.trigger.threshold = 10000 (custom)
2019-06-13 00:58:43,395 INFO  server.RaftServerConfigKeys (ConfUtils.java:logGet(43)) - raft.server.retrycache.expirytime = 600000ms (custom)
2019-06-13 00:58:43,395 INFO  impl.RaftServerImpl (RaftServerImpl.java:start(173)) - 295ad9ad-27d5-44d4-8ba2-eb94921948f9: start group-D26D98D66A53
2019-06-13 00:58:43,395 INFO  impl.RaftServerImpl (RaftServerImpl.java:setRole(164)) - 295ad9ad-27d5-44d4-8ba2-eb94921948f9:group-D26D98D66A53 changes role from null to FOLLOWER at term 0 for startAsFollower
2019-06-13 00:58:43,395 INFO  impl.RoleInfo (RoleInfo.java:updateAndGet(143)) - 295ad9ad-27d5-44d4-8ba2-eb94921948f9: start FollowerState
2019-06-13 00:58:43,396 INFO  util.JmxRegister (JmxRegister.java:tryRegister(44)) - Successfully registered JMX Bean with object name Ratis:service=RaftServer,group=group-D26D98D66A53,id=a5e77bbe-3b5c-49be-8e46-88ea55042e08
2019-06-13 00:58:43,396 INFO  util.JmxRegister (JmxRegister.java:tryRegister(44)) - Successfully registered JMX Bean with object name Ratis:service=RaftServer,group=group-D26D98D66A53,id=295ad9ad-27d5-44d4-8ba2-eb94921948f9
2019-06-13 00:58:43,399 INFO  pipeline.PipelineStateManager (PipelineStateManager.java:addPipeline(56)) - Created pipeline Pipeline[ Id: 8f495a50-02c8-4fc1-8d54-d26d98d66a53, Nodes: bda9e874-81f7-4471-8850-42eff5c27286{ip: 192.168.19.49, host: ozone-jwdrj-3193829804, networkLocation: /default-rack, certSerialId: null}295ad9ad-27d5-44d4-8ba2-eb94921948f9{ip: 192.168.19.49, host: ozone-jwdrj-3193829804, networkLocation: /default-rack, certSerialId: null}a5e77bbe-3b5c-49be-8e46-88ea55042e08{ip: 192.168.19.49, host: ozone-jwdrj-3193829804, networkLocation: /default-rack, certSerialId: null}, Type:RATIS, Factor:THREE, State:OPEN]
2019-06-13 00:58:43,580 INFO  impl.FollowerState (FollowerState.java:run(101)) - f500ea28-b252-40d7-b1da-99aaf8ce9fe3:group-13155F7CFFC4 changes to CANDIDATE, lastRpcTime:1023, electionTimeout:1023ms
2019-06-13 00:58:43,581 INFO  impl.RoleInfo (RoleInfo.java:shutdownFollowerState(121)) - f500ea28-b252-40d7-b1da-99aaf8ce9fe3: shutdown FollowerState
2019-06-13 00:58:43,581 INFO  impl.RaftServerImpl (RaftServerImpl.java:setRole(164)) - f500ea28-b252-40d7-b1da-99aaf8ce9fe3:group-13155F7CFFC4 changes role from FOLLOWER to CANDIDATE at term 0 for changeToCandidate
2019-06-13 00:58:43,581 INFO  impl.RoleInfo (RoleInfo.java:updateAndGet(143)) - f500ea28-b252-40d7-b1da-99aaf8ce9fe3: start LeaderElection
2019-06-13 00:58:43,587 INFO  impl.LeaderElection (LeaderElection.java:askForVotes(181)) - f500ea28-b252-40d7-b1da-99aaf8ce9fe3:group-13155F7CFFC4:LeaderElection31: begin an election at term 1 for -1: [f500ea28-b252-40d7-b1da-99aaf8ce9fe3:192.168.19.49:45463], old=null
2019-06-13 00:58:43,588 INFO  impl.RoleInfo (RoleInfo.java:shutdownLeaderElection(134)) - f500ea28-b252-40d7-b1da-99aaf8ce9fe3: shutdown LeaderElection
2019-06-13 00:58:43,588 INFO  impl.RaftServerImpl (RaftServerImpl.java:setRole(164)) - f500ea28-b252-40d7-b1da-99aaf8ce9fe3:group-13155F7CFFC4 changes role from CANDIDATE to LEADER at term 1 for changeToLeader
2019-06-13 00:58:43,589 INFO  impl.RaftServerImpl (ServerState.java:setLeader(263)) - f500ea28-b252-40d7-b1da-99aaf8ce9fe3:group-13155F7CFFC4 change Leader from null to f500ea28-b252-40d7-b1da-99aaf8ce9fe3 at term 1 for becomeLeader, leader elected after 1034ms
2019-06-13 00:58:43,589 INFO  server.RaftServerConfigKeys (ConfUtils.java:logGet(43)) - raft.server.staging.catchup.gap = 1000 (default)
2019-06-13 00:58:43,589 INFO  server.RaftServerConfigKeys (ConfUtils.java:logGet(43)) - raft.server.rpc.sleep.time = 25ms (default)
2019-06-13 00:58:43,589 INFO  server.RaftServerConfigKeys (ConfUtils.java:logGet(43)) - raft.server.watch.timeout = 10s (default)
2019-06-13 00:58:43,589 INFO  server.RaftServerConfigKeys (ConfUtils.java:logGet(43)) - raft.server.watch.timeout.denomination = 1s (default)
2019-06-13 00:58:43,589 INFO  impl.RoleInfo (RoleInfo.java:updateAndGet(143)) - f500ea28-b252-40d7-b1da-99aaf8ce9fe3: start LeaderState
2019-06-13 00:58:43,589 INFO  storage.RaftLogWorker (RaftLogWorker.java:startLogSegment(298)) - f500ea28-b252-40d7-b1da-99aaf8ce9fe3-RaftLogWorker: Starting segment from index:0
2019-06-13 00:58:43,589 INFO  impl.RaftServerImpl (ServerState.java:setRaftConf(361)) - f500ea28-b252-40d7-b1da-99aaf8ce9fe3:group-13155F7CFFC4 set configuration 0: [f500ea28-b252-40d7-b1da-99aaf8ce9fe3:192.168.19.49:45463], old=null at 0
2019-06-13 00:58:43,625 INFO  storage.RaftLogWorker (RaftLogWorker.java:execute(469)) - f500ea28-b252-40d7-b1da-99aaf8ce9fe3-RaftLogWorker: created new log segment /opt/src/hadoop-ozone/integration-test/target/test-dir/MiniOzoneClusterImpl-424a1eef-e4d4-4629-b856-a9b8651d64b3/datanode-0/data/ratis/4337f098-6f1a-4d1b-8f81-13155f7cffc4/current/log_inprogress_0
2019-06-13 00:58:43,791 INFO  impl.FollowerState (FollowerState.java:run(101)) - cc78ddfc-449d-4121-b3c8-637ca6640cdd:group-35DCD3C85437 changes to CANDIDATE, lastRpcTime:1045, electionTimeout:1042ms
2019-06-13 00:58:43,792 INFO  impl.RoleInfo (RoleInfo.java:shutdownFollowerState(121)) - cc78ddfc-449d-4121-b3c8-637ca6640cdd: shutdown FollowerState
2019-06-13 00:58:43,792 INFO  impl.RaftServerImpl (RaftServerImpl.java:setRole(164)) - cc78ddfc-449d-4121-b3c8-637ca6640cdd:group-35DCD3C85437 changes role from FOLLOWER to CANDIDATE at term 0 for changeToCandidate
2019-06-13 00:58:43,792 INFO  impl.RoleInfo (RoleInfo.java:updateAndGet(143)) - cc78ddfc-449d-4121-b3c8-637ca6640cdd: start LeaderElection
2019-06-13 00:58:43,801 INFO  impl.LeaderElection (LeaderElection.java:askForVotes(181)) - cc78ddfc-449d-4121-b3c8-637ca6640cdd:group-35DCD3C85437:LeaderElection32: begin an election at term 1 for -1: [cc78ddfc-449d-4121-b3c8-637ca6640cdd:192.168.19.49:39445], old=null
2019-06-13 00:58:43,802 INFO  impl.RoleInfo (RoleInfo.java:shutdownLeaderElection(134)) - cc78ddfc-449d-4121-b3c8-637ca6640cdd: shutdown LeaderElection
2019-06-13 00:58:43,802 INFO  impl.RaftServerImpl (RaftServerImpl.java:setRole(164)) - cc78ddfc-449d-4121-b3c8-637ca6640cdd:group-35DCD3C85437 changes role from CANDIDATE to LEADER at term 1 for changeToLeader
2019-06-13 00:58:43,802 INFO  impl.RaftServerImpl (ServerState.java:setLeader(263)) - cc78ddfc-449d-4121-b3c8-637ca6640cdd:group-35DCD3C85437 change Leader from null to cc78ddfc-449d-4121-b3c8-637ca6640cdd at term 1 for becomeLeader, leader elected after 1057ms
2019-06-13 00:58:43,802 INFO  server.RaftServerConfigKeys (ConfUtils.java:logGet(43)) - raft.server.staging.catchup.gap = 1000 (default)
2019-06-13 00:58:43,802 INFO  server.RaftServerConfigKeys (ConfUtils.java:logGet(43)) - raft.server.rpc.sleep.time = 25ms (default)
2019-06-13 00:58:43,802 INFO  server.RaftServerConfigKeys (ConfUtils.java:logGet(43)) - raft.server.watch.timeout = 10s (default)
2019-06-13 00:58:43,802 INFO  server.RaftServerConfigKeys (ConfUtils.java:logGet(43)) - raft.server.watch.timeout.denomination = 1s (default)
2019-06-13 00:58:43,802 INFO  impl.RoleInfo (RoleInfo.java:updateAndGet(143)) - cc78ddfc-449d-4121-b3c8-637ca6640cdd: start LeaderState
2019-06-13 00:58:43,802 INFO  storage.RaftLogWorker (RaftLogWorker.java:startLogSegment(298)) - cc78ddfc-449d-4121-b3c8-637ca6640cdd-RaftLogWorker: Starting segment from index:0
2019-06-13 00:58:43,803 INFO  impl.RaftServerImpl (ServerState.java:setRaftConf(361)) - cc78ddfc-449d-4121-b3c8-637ca6640cdd:group-35DCD3C85437 set configuration 0: [cc78ddfc-449d-4121-b3c8-637ca6640cdd:192.168.19.49:39445], old=null at 0
2019-06-13 00:58:43,841 INFO  storage.RaftLogWorker (RaftLogWorker.java:execute(469)) - cc78ddfc-449d-4121-b3c8-637ca6640cdd-RaftLogWorker: created new log segment /opt/src/hadoop-ozone/integration-test/target/test-dir/MiniOzoneClusterImpl-424a1eef-e4d4-4629-b856-a9b8651d64b3/datanode-1/data/ratis/4b1eb83a-2548-4895-ab6b-35dcd3c85437/current/log_inprogress_0
2019-06-13 00:58:44,010 INFO  impl.FollowerState (FollowerState.java:run(101)) - cc78ddfc-449d-4121-b3c8-637ca6640cdd:group-A6A87EF3D500 changes to CANDIDATE, lastRpcTime:1057, electionTimeout:1057ms
2019-06-13 00:58:44,011 INFO  impl.RoleInfo (RoleInfo.java:shutdownFollowerState(121)) - cc78ddfc-449d-4121-b3c8-637ca6640cdd: shutdown FollowerState
2019-06-13 00:58:44,011 INFO  impl.RaftServerImpl (RaftServerImpl.java:setRole(164)) - cc78ddfc-449d-4121-b3c8-637ca6640cdd:group-A6A87EF3D500 changes role from FOLLOWER to CANDIDATE at term 0 for changeToCandidate
2019-06-13 00:58:44,011 INFO  impl.RoleInfo (RoleInfo.java:updateAndGet(143)) - cc78ddfc-449d-4121-b3c8-637ca6640cdd: start LeaderElection
2019-06-13 00:58:44,020 INFO  impl.LeaderElection (LeaderElection.java:askForVotes(181)) - cc78ddfc-449d-4121-b3c8-637ca6640cdd:group-A6A87EF3D500:LeaderElection33: begin an election at term 1 for -1: [cc78ddfc-449d-4121-b3c8-637ca6640cdd:192.168.19.49:39445, f500ea28-b252-40d7-b1da-99aaf8ce9fe3:192.168.19.49:45463, 67445237-aa73-492a-bf57-f58886d01799:192.168.19.49:36573], old=null
2019-06-13 00:58:44,026 INFO  impl.RaftServerImpl (RaftServerImpl.java:setRole(164)) - 67445237-aa73-492a-bf57-f58886d01799:group-A6A87EF3D500 changes role from FOLLOWER to FOLLOWER at term 1 for recognizeCandidate:cc78ddfc-449d-4121-b3c8-637ca6640cdd
2019-06-13 00:58:44,026 INFO  impl.RaftServerImpl (RaftServerImpl.java:setRole(164)) - f500ea28-b252-40d7-b1da-99aaf8ce9fe3:group-A6A87EF3D500 changes role from FOLLOWER to FOLLOWER at term 1 for recognizeCandidate:cc78ddfc-449d-4121-b3c8-637ca6640cdd
2019-06-13 00:58:44,026 INFO  impl.RoleInfo (RoleInfo.java:shutdownFollowerState(121)) - f500ea28-b252-40d7-b1da-99aaf8ce9fe3: shutdown FollowerState
2019-06-13 00:58:44,026 INFO  impl.RoleInfo (RoleInfo.java:shutdownFollowerState(121)) - 67445237-aa73-492a-bf57-f58886d01799: shutdown FollowerState
2019-06-13 00:58:44,026 INFO  impl.FollowerState (FollowerState.java:run(109)) - f500ea28-b252-40d7-b1da-99aaf8ce9fe3: FollowerState was interrupted: java.lang.InterruptedException: sleep interrupted
2019-06-13 00:58:44,026 INFO  impl.RoleInfo (RoleInfo.java:updateAndGet(143)) - f500ea28-b252-40d7-b1da-99aaf8ce9fe3: start FollowerState
2019-06-13 00:58:44,026 INFO  impl.RoleInfo (RoleInfo.java:updateAndGet(143)) - 67445237-aa73-492a-bf57-f58886d01799: start FollowerState
2019-06-13 00:58:44,029 INFO  impl.FollowerState (FollowerState.java:run(109)) - 67445237-aa73-492a-bf57-f58886d01799: FollowerState was interrupted: java.lang.InterruptedException: sleep interrupted
2019-06-13 00:58:44,030 INFO  impl.LeaderElection (LeaderElection.java:logAndReturn(56)) - cc78ddfc-449d-4121-b3c8-637ca6640cdd:group-A6A87EF3D500:LeaderElection33: Election PASSED; received 1 response(s) [cc78ddfc-449d-4121-b3c8-637ca6640cdd->67445237-aa73-492a-bf57-f58886d01799,true-t1] and 0 exception(s); cc78ddfc-449d-4121-b3c8-637ca6640cdd:t1, leader=null, voted=cc78ddfc-449d-4121-b3c8-637ca6640cdd, raftlog=cc78ddfc-449d-4121-b3c8-637ca6640cdd-SegmentedRaftLog:OPENED:c-1,f-1,i0, conf=-1: [cc78ddfc-449d-4121-b3c8-637ca6640cdd:192.168.19.49:39445, f500ea28-b252-40d7-b1da-99aaf8ce9fe3:192.168.19.49:45463, 67445237-aa73-492a-bf57-f58886d01799:192.168.19.49:36573], old=null
2019-06-13 00:58:44,030 INFO  impl.RoleInfo (RoleInfo.java:shutdownLeaderElection(134)) - cc78ddfc-449d-4121-b3c8-637ca6640cdd: shutdown LeaderElection
2019-06-13 00:58:44,030 INFO  impl.RaftServerImpl (RaftServerImpl.java:setRole(164)) - cc78ddfc-449d-4121-b3c8-637ca6640cdd:group-A6A87EF3D500 changes role from CANDIDATE to LEADER at term 1 for changeToLeader
2019-06-13 00:58:44,030 INFO  impl.RaftServerImpl (ServerState.java:setLeader(263)) - cc78ddfc-449d-4121-b3c8-637ca6640cdd:group-A6A87EF3D500 change Leader from null to cc78ddfc-449d-4121-b3c8-637ca6640cdd at term 1 for becomeLeader, leader elected after 1080ms
2019-06-13 00:58:44,030 INFO  server.RaftServerConfigKeys (ConfUtils.java:logGet(43)) - raft.server.staging.catchup.gap = 1000 (default)
2019-06-13 00:58:44,030 INFO  server.RaftServerConfigKeys (ConfUtils.java:logGet(43)) - raft.server.rpc.sleep.time = 25ms (default)
2019-06-13 00:58:44,030 INFO  server.RaftServerConfigKeys (ConfUtils.java:logGet(43)) - raft.server.watch.timeout = 10s (default)
2019-06-13 00:58:44,030 INFO  server.RaftServerConfigKeys (ConfUtils.java:logGet(43)) - raft.server.watch.timeout.denomination = 1s (default)
2019-06-13 00:58:44,030 INFO  server.RaftServerConfigKeys (ConfUtils.java:logGet(43)) - raft.server.log.appender.snapshot.chunk.size.max = 16MB (=16777216) (default)
2019-06-13 00:58:44,031 INFO  server.RaftServerConfigKeys (ConfUtils.java:logGet(43)) - raft.server.log.appender.buffer.byte-limit = 33554432 (custom)
2019-06-13 00:58:44,031 INFO  server.RaftServerConfigKeys (ConfUtils.java:logGet(43)) - raft.server.log.appender.buffer.element-limit = 1 (custom)
2019-06-13 00:58:44,031 INFO  grpc.GrpcConfigKeys$Server (ConfUtils.java:logGet(43)) - raft.grpc.server.leader.outstanding.appends.max = 128 (default)
2019-06-13 00:58:44,031 INFO  server.RaftServerConfigKeys (ConfUtils.java:logGet(43)) - raft.server.rpc.request.timeout = 3000ms (default)
2019-06-13 00:58:44,031 INFO  server.RaftServerConfigKeys (ConfUtils.java:logGet(43)) - raft.server.log.appender.install.snapshot.enabled = true (default)
2019-06-13 00:58:44,031 INFO  server.RaftServerConfigKeys (ConfUtils.java:logGet(43)) - raft.server.log.appender.snapshot.chunk.size.max = 16MB (=16777216) (default)
2019-06-13 00:58:44,031 INFO  server.RaftServerConfigKeys (ConfUtils.java:logGet(43)) - raft.server.log.appender.buffer.byte-limit = 33554432 (custom)
2019-06-13 00:58:44,031 INFO  server.RaftServerConfigKeys (ConfUtils.java:logGet(43)) - raft.server.log.appender.buffer.element-limit = 1 (custom)
2019-06-13 00:58:44,031 INFO  grpc.GrpcConfigKeys$Server (ConfUtils.java:logGet(43)) - raft.grpc.server.leader.outstanding.appends.max = 128 (default)
2019-06-13 00:58:44,031 INFO  server.RaftServerConfigKeys (ConfUtils.java:logGet(43)) - raft.server.rpc.request.timeout = 3000ms (default)
2019-06-13 00:58:44,031 INFO  server.RaftServerConfigKeys (ConfUtils.java:logGet(43)) - raft.server.log.appender.install.snapshot.enabled = true (default)
2019-06-13 00:58:44,031 INFO  impl.RoleInfo (RoleInfo.java:updateAndGet(143)) - cc78ddfc-449d-4121-b3c8-637ca6640cdd: start LeaderState
2019-06-13 00:58:44,032 INFO  storage.RaftLogWorker (RaftLogWorker.java:startLogSegment(298)) - cc78ddfc-449d-4121-b3c8-637ca6640cdd-RaftLogWorker: Starting segment from index:0
2019-06-13 00:58:44,032 INFO  impl.RaftServerImpl (ServerState.java:setRaftConf(361)) - cc78ddfc-449d-4121-b3c8-637ca6640cdd:group-A6A87EF3D500 set configuration 0: [cc78ddfc-449d-4121-b3c8-637ca6640cdd:192.168.19.49:39445, f500ea28-b252-40d7-b1da-99aaf8ce9fe3:192.168.19.49:45463, 67445237-aa73-492a-bf57-f58886d01799:192.168.19.49:36573], old=null at 0
2019-06-13 00:58:44,033 INFO  impl.RaftServerImpl (ServerState.java:setLeader(263)) - 67445237-aa73-492a-bf57-f58886d01799:group-A6A87EF3D500 change Leader from null to cc78ddfc-449d-4121-b3c8-637ca6640cdd at term 1 for appendEntries, leader elected after 1071ms
2019-06-13 00:58:44,053 INFO  impl.RaftServerImpl (ServerState.java:setLeader(263)) - f500ea28-b252-40d7-b1da-99aaf8ce9fe3:group-A6A87EF3D500 change Leader from null to cc78ddfc-449d-4121-b3c8-637ca6640cdd at term 1 for appendEntries, leader elected after 1071ms
2019-06-13 00:58:44,051 INFO  impl.FollowerState (FollowerState.java:run(101)) - bda9e874-81f7-4471-8850-42eff5c27286:group-DD3C5B1C0869 changes to CANDIDATE, lastRpcTime:1013, electionTimeout:1001ms
2019-06-13 00:58:44,053 INFO  impl.RoleInfo (RoleInfo.java:shutdownFollowerState(121)) - bda9e874-81f7-4471-8850-42eff5c27286: shutdown FollowerState
2019-06-13 00:58:44,053 INFO  impl.RaftServerImpl (RaftServerImpl.java:setRole(164)) - bda9e874-81f7-4471-8850-42eff5c27286:group-DD3C5B1C0869 changes role from FOLLOWER to CANDIDATE at term 0 for changeToCandidate
2019-06-13 00:58:44,054 INFO  impl.RoleInfo (RoleInfo.java:updateAndGet(143)) - bda9e874-81f7-4471-8850-42eff5c27286: start LeaderElection
2019-06-13 00:58:44,054 INFO  impl.RaftServerImpl (ServerState.java:setRaftConf(361)) - 67445237-aa73-492a-bf57-f58886d01799:group-A6A87EF3D500 set configuration 0: [cc78ddfc-449d-4121-b3c8-637ca6640cdd:192.168.19.49:39445, f500ea28-b252-40d7-b1da-99aaf8ce9fe3:192.168.19.49:45463, 67445237-aa73-492a-bf57-f58886d01799:192.168.19.49:36573], old=null at 0
2019-06-13 00:58:44,055 INFO  storage.RaftLogWorker (RaftLogWorker.java:startLogSegment(298)) - 67445237-aa73-492a-bf57-f58886d01799-RaftLogWorker: Starting segment from index:0
2019-06-13 00:58:44,059 INFO  impl.LeaderElection (LeaderElection.java:askForVotes(181)) - bda9e874-81f7-4471-8850-42eff5c27286:group-DD3C5B1C0869:LeaderElection34: begin an election at term 1 for -1: [bda9e874-81f7-4471-8850-42eff5c27286:192.168.19.49:45049], old=null
2019-06-13 00:58:44,059 INFO  impl.RoleInfo (RoleInfo.java:shutdownLeaderElection(134)) - bda9e874-81f7-4471-8850-42eff5c27286: shutdown LeaderElection
2019-06-13 00:58:44,059 INFO  impl.RaftServerImpl (RaftServerImpl.java:setRole(164)) - bda9e874-81f7-4471-8850-42eff5c27286:group-DD3C5B1C0869 changes role from CANDIDATE to LEADER at term 1 for changeToLeader
2019-06-13 00:58:44,059 INFO  impl.RaftServerImpl (ServerState.java:setLeader(263)) - bda9e874-81f7-4471-8850-42eff5c27286:group-DD3C5B1C0869 change Leader from null to bda9e874-81f7-4471-8850-42eff5c27286 at term 1 for becomeLeader, leader elected after 1023ms
2019-06-13 00:58:44,059 INFO  server.RaftServerConfigKeys (ConfUtils.java:logGet(43)) - raft.server.staging.catchup.gap = 1000 (default)
2019-06-13 00:58:44,059 INFO  server.RaftServerConfigKeys (ConfUtils.java:logGet(43)) - raft.server.rpc.sleep.time = 25ms (default)
2019-06-13 00:58:44,059 INFO  server.RaftServerConfigKeys (ConfUtils.java:logGet(43)) - raft.server.watch.timeout = 10s (default)
2019-06-13 00:58:44,059 INFO  server.RaftServerConfigKeys (ConfUtils.java:logGet(43)) - raft.server.watch.timeout.denomination = 1s (default)
2019-06-13 00:58:44,060 INFO  impl.RoleInfo (RoleInfo.java:updateAndGet(143)) - bda9e874-81f7-4471-8850-42eff5c27286: start LeaderState
2019-06-13 00:58:44,060 INFO  storage.RaftLogWorker (RaftLogWorker.java:startLogSegment(298)) - bda9e874-81f7-4471-8850-42eff5c27286-RaftLogWorker: Starting segment from index:0
2019-06-13 00:58:44,060 INFO  impl.RaftServerImpl (ServerState.java:setRaftConf(361)) - f500ea28-b252-40d7-b1da-99aaf8ce9fe3:group-A6A87EF3D500 set configuration 0: [cc78ddfc-449d-4121-b3c8-637ca6640cdd:192.168.19.49:39445, f500ea28-b252-40d7-b1da-99aaf8ce9fe3:192.168.19.49:45463, 67445237-aa73-492a-bf57-f58886d01799:192.168.19.49:36573], old=null at 0
2019-06-13 00:58:44,061 INFO  storage.RaftLogWorker (RaftLogWorker.java:startLogSegment(298)) - f500ea28-b252-40d7-b1da-99aaf8ce9fe3-RaftLogWorker: Starting segment from index:0
2019-06-13 00:58:44,081 INFO  impl.RaftServerImpl (ServerState.java:setRaftConf(361)) - bda9e874-81f7-4471-8850-42eff5c27286:group-DD3C5B1C0869 set configuration 0: [bda9e874-81f7-4471-8850-42eff5c27286:192.168.19.49:45049], old=null at 0
2019-06-13 00:58:44,090 INFO  impl.FollowerState (FollowerState.java:run(101)) - 67445237-aa73-492a-bf57-f58886d01799:group-1CB0CDC94361 changes to CANDIDATE, lastRpcTime:1187, electionTimeout:1185ms
2019-06-13 00:58:44,091 INFO  impl.RoleInfo (RoleInfo.java:shutdownFollowerState(121)) - 67445237-aa73-492a-bf57-f58886d01799: shutdown FollowerState
2019-06-13 00:58:44,091 INFO  impl.RaftServerImpl (RaftServerImpl.java:setRole(164)) - 67445237-aa73-492a-bf57-f58886d01799:group-1CB0CDC94361 changes role from FOLLOWER to CANDIDATE at term 0 for changeToCandidate
2019-06-13 00:58:44,091 INFO  impl.RoleInfo (RoleInfo.java:updateAndGet(143)) - 67445237-aa73-492a-bf57-f58886d01799: start LeaderElection
2019-06-13 00:58:44,092 INFO  storage.RaftLogWorker (RaftLogWorker.java:execute(469)) - cc78ddfc-449d-4121-b3c8-637ca6640cdd-RaftLogWorker: created new log segment /opt/src/hadoop-ozone/integration-test/target/test-dir/MiniOzoneClusterImpl-424a1eef-e4d4-4629-b856-a9b8651d64b3/datanode-1/data/ratis/0ed1df3f-df90-4ff0-9cff-a6a87ef3d500/current/log_inprogress_0
2019-06-13 00:58:44,102 INFO  impl.LeaderElection (LeaderElection.java:askForVotes(181)) - 67445237-aa73-492a-bf57-f58886d01799:group-1CB0CDC94361:LeaderElection35: begin an election at term 1 for -1: [67445237-aa73-492a-bf57-f58886d01799:192.168.19.49:36573], old=null
2019-06-13 00:58:44,102 INFO  impl.RoleInfo (RoleInfo.java:shutdownLeaderElection(134)) - 67445237-aa73-492a-bf57-f58886d01799: shutdown LeaderElection
2019-06-13 00:58:44,102 INFO  impl.RaftServerImpl (RaftServerImpl.java:setRole(164)) - 67445237-aa73-492a-bf57-f58886d01799:group-1CB0CDC94361 changes role from CANDIDATE to LEADER at term 1 for changeToLeader
2019-06-13 00:58:44,103 INFO  impl.RaftServerImpl (ServerState.java:setLeader(263)) - 67445237-aa73-492a-bf57-f58886d01799:group-1CB0CDC94361 change Leader from null to 67445237-aa73-492a-bf57-f58886d01799 at term 1 for becomeLeader, leader elected after 1202ms
2019-06-13 00:58:44,103 INFO  server.RaftServerConfigKeys (ConfUtils.java:logGet(43)) - raft.server.staging.catchup.gap = 1000 (default)
2019-06-13 00:58:44,103 INFO  server.RaftServerConfigKeys (ConfUtils.java:logGet(43)) - raft.server.rpc.sleep.time = 25ms (default)
2019-06-13 00:58:44,103 INFO  server.RaftServerConfigKeys (ConfUtils.java:logGet(43)) - raft.server.watch.timeout = 10s (default)
2019-06-13 00:58:44,103 INFO  server.RaftServerConfigKeys (ConfUtils.java:logGet(43)) - raft.server.watch.timeout.denomination = 1s (default)
2019-06-13 00:58:44,103 INFO  impl.RoleInfo (RoleInfo.java:updateAndGet(143)) - 67445237-aa73-492a-bf57-f58886d01799: start LeaderState
2019-06-13 00:58:44,103 INFO  storage.RaftLogWorker (RaftLogWorker.java:startLogSegment(298)) - 67445237-aa73-492a-bf57-f58886d01799-RaftLogWorker: Starting segment from index:0
2019-06-13 00:58:44,107 INFO  storage.RaftLogWorker (RaftLogWorker.java:execute(469)) - f500ea28-b252-40d7-b1da-99aaf8ce9fe3-RaftLogWorker: created new log segment /opt/src/hadoop-ozone/integration-test/target/test-dir/MiniOzoneClusterImpl-424a1eef-e4d4-4629-b856-a9b8651d64b3/datanode-0/data/ratis/0ed1df3f-df90-4ff0-9cff-a6a87ef3d500/current/log_inprogress_0
2019-06-13 00:58:44,113 INFO  impl.RaftServerImpl (ServerState.java:setRaftConf(361)) - 67445237-aa73-492a-bf57-f58886d01799:group-1CB0CDC94361 set configuration 0: [67445237-aa73-492a-bf57-f58886d01799:192.168.19.49:36573], old=null at 0
2019-06-13 00:58:44,117 INFO  storage.RaftLogWorker (RaftLogWorker.java:execute(469)) - bda9e874-81f7-4471-8850-42eff5c27286-RaftLogWorker: created new log segment /opt/src/hadoop-ozone/integration-test/target/test-dir/MiniOzoneClusterImpl-424a1eef-e4d4-4629-b856-a9b8651d64b3/datanode-3/data/ratis/aa4591d4-13eb-4c6a-8e8b-dd3c5b1c0869/current/log_inprogress_0
2019-06-13 00:58:44,123 INFO  storage.RaftLogWorker (RaftLogWorker.java:execute(469)) - 67445237-aa73-492a-bf57-f58886d01799-RaftLogWorker: created new log segment /opt/src/hadoop-ozone/integration-test/target/test-dir/MiniOzoneClusterImpl-424a1eef-e4d4-4629-b856-a9b8651d64b3/datanode-2/data/ratis/0ed1df3f-df90-4ff0-9cff-a6a87ef3d500/current/log_inprogress_0
2019-06-13 00:58:44,144 INFO  storage.RaftLogWorker (RaftLogWorker.java:execute(469)) - 67445237-aa73-492a-bf57-f58886d01799-RaftLogWorker: created new log segment /opt/src/hadoop-ozone/integration-test/target/test-dir/MiniOzoneClusterImpl-424a1eef-e4d4-4629-b856-a9b8651d64b3/datanode-2/data/ratis/edbd76f3-6fae-42fa-b6a7-1cb0cdc94361/current/log_inprogress_0
2019-06-13 00:58:44,291 INFO  impl.FollowerState (FollowerState.java:run(101)) - a5e77bbe-3b5c-49be-8e46-88ea55042e08:group-1FE7444DA937 changes to CANDIDATE, lastRpcTime:1131, electionTimeout:1131ms
2019-06-13 00:58:44,291 INFO  impl.RoleInfo (RoleInfo.java:shutdownFollowerState(121)) - a5e77bbe-3b5c-49be-8e46-88ea55042e08: shutdown FollowerState
2019-06-13 00:58:44,291 INFO  impl.RaftServerImpl (RaftServerImpl.java:setRole(164)) - a5e77bbe-3b5c-49be-8e46-88ea55042e08:group-1FE7444DA937 changes role from FOLLOWER to CANDIDATE at term 0 for changeToCandidate
2019-06-13 00:58:44,291 INFO  impl.RoleInfo (RoleInfo.java:updateAndGet(143)) - a5e77bbe-3b5c-49be-8e46-88ea55042e08: start LeaderElection
2019-06-13 00:58:44,293 INFO  impl.LeaderElection (LeaderElection.java:askForVotes(181)) - a5e77bbe-3b5c-49be-8e46-88ea55042e08:group-1FE7444DA937:LeaderElection36: begin an election at term 1 for -1: [a5e77bbe-3b5c-49be-8e46-88ea55042e08:192.168.19.49:46787], old=null
2019-06-13 00:58:44,293 INFO  impl.RoleInfo (RoleInfo.java:shutdownLeaderElection(134)) - a5e77bbe-3b5c-49be-8e46-88ea55042e08: shutdown LeaderElection
2019-06-13 00:58:44,294 INFO  impl.RaftServerImpl (RaftServerImpl.java:setRole(164)) - a5e77bbe-3b5c-49be-8e46-88ea55042e08:group-1FE7444DA937 changes role from CANDIDATE to LEADER at term 1 for changeToLeader
2019-06-13 00:58:44,294 INFO  impl.RaftServerImpl (ServerState.java:setLeader(263)) - a5e77bbe-3b5c-49be-8e46-88ea55042e08:group-1FE7444DA937 change Leader from null to a5e77bbe-3b5c-49be-8e46-88ea55042e08 at term 1 for becomeLeader, leader elected after 1136ms
2019-06-13 00:58:44,294 INFO  server.RaftServerConfigKeys (ConfUtils.java:logGet(43)) - raft.server.staging.catchup.gap = 1000 (default)
2019-06-13 00:58:44,294 INFO  server.RaftServerConfigKeys (ConfUtils.java:logGet(43)) - raft.server.rpc.sleep.time = 25ms (default)
2019-06-13 00:58:44,294 INFO  server.RaftServerConfigKeys (ConfUtils.java:logGet(43)) - raft.server.watch.timeout = 10s (default)
2019-06-13 00:58:44,294 INFO  server.RaftServerConfigKeys (ConfUtils.java:logGet(43)) - raft.server.watch.timeout.denomination = 1s (default)
2019-06-13 00:58:44,294 INFO  impl.RoleInfo (RoleInfo.java:updateAndGet(143)) - a5e77bbe-3b5c-49be-8e46-88ea55042e08: start LeaderState
2019-06-13 00:58:44,294 INFO  storage.RaftLogWorker (RaftLogWorker.java:startLogSegment(298)) - a5e77bbe-3b5c-49be-8e46-88ea55042e08-RaftLogWorker: Starting segment from index:0
2019-06-13 00:58:44,295 INFO  impl.RaftServerImpl (ServerState.java:setRaftConf(361)) - a5e77bbe-3b5c-49be-8e46-88ea55042e08:group-1FE7444DA937 set configuration 0: [a5e77bbe-3b5c-49be-8e46-88ea55042e08:192.168.19.49:46787], old=null at 0
2019-06-13 00:58:44,333 INFO  storage.RaftLogWorker (RaftLogWorker.java:execute(469)) - a5e77bbe-3b5c-49be-8e46-88ea55042e08-RaftLogWorker: created new log segment /opt/src/hadoop-ozone/integration-test/target/test-dir/MiniOzoneClusterImpl-424a1eef-e4d4-4629-b856-a9b8651d64b3/datanode-4/data/ratis/ed83d806-10e4-46c7-a455-1fe7444da937/current/log_inprogress_0
2019-06-13 00:58:44,337 INFO  ozone.MiniOzoneClusterImpl (MiniOzoneClusterImpl.java:lambda$waitForClusterToBeReady$0(142)) - Cluster is ready. Got 6 of 6 DN Heartbeats.
2019-06-13 00:58:44,359 INFO  rpc.RpcClient (RpcClient.java:createVolume(289)) - Creating Volume: datanodefailurehandlingtest, with root as owner.
2019-06-13 00:58:44,369 INFO  rpc.RpcClient (RpcClient.java:createBucket(426)) - Creating Bucket: datanodefailurehandlingtest/datanodefailurehandlingtest, with Versioning false and Storage Type set to DISK and Encryption set to false 
2019-06-13 00:58:44,470 INFO  client.GrpcClientProtocolClient (GrpcClientProtocolClient.java:onNext(254)) - client-2262D57A3140->bda9e874-81f7-4471-8850-42eff5c27286: receive RaftClientReply:client-2262D57A3140->bda9e874-81f7-4471-8850-42eff5c27286@group-D26D98D66A53, cid=69, FAILED org.apache.ratis.protocol.NotLeaderException: Server bda9e874-81f7-4471-8850-42eff5c27286 is not the leader (a5e77bbe-3b5c-49be-8e46-88ea55042e08:192.168.19.49:46787). Request must be sent to leader., logIndex=0, commits[bda9e874-81f7-4471-8850-42eff5c27286:c-1]
2019-06-13 00:58:44,474 WARN  client.GrpcClientProtocolService (LogUtils.java:warn(134)) - 0-OrderedRequestStreamObserver0: onError: org.apache.ratis.thirdparty.io.grpc.StatusRuntimeException: CANCELLED: cancelled before receiving half close
2019-06-13 00:58:44,496 INFO  impl.FollowerState (FollowerState.java:run(101)) - 295ad9ad-27d5-44d4-8ba2-eb94921948f9:group-2F7BEABC173B changes to CANDIDATE, lastRpcTime:1139, electionTimeout:1139ms
2019-06-13 00:58:44,498 INFO  impl.RoleInfo (RoleInfo.java:shutdownFollowerState(121)) - 295ad9ad-27d5-44d4-8ba2-eb94921948f9: shutdown FollowerState
2019-06-13 00:58:44,498 INFO  impl.RaftServerImpl (RaftServerImpl.java:setRole(164)) - 295ad9ad-27d5-44d4-8ba2-eb94921948f9:group-2F7BEABC173B changes role from FOLLOWER to CANDIDATE at term 0 for changeToCandidate
2019-06-13 00:58:44,498 INFO  impl.RoleInfo (RoleInfo.java:updateAndGet(143)) - 295ad9ad-27d5-44d4-8ba2-eb94921948f9: start LeaderElection
2019-06-13 00:58:44,501 INFO  impl.LeaderElection (LeaderElection.java:askForVotes(181)) - 295ad9ad-27d5-44d4-8ba2-eb94921948f9:group-2F7BEABC173B:LeaderElection37: begin an election at term 1 for -1: [295ad9ad-27d5-44d4-8ba2-eb94921948f9:192.168.19.49:39325], old=null
2019-06-13 00:58:44,501 INFO  impl.RoleInfo (RoleInfo.java:shutdownLeaderElection(134)) - 295ad9ad-27d5-44d4-8ba2-eb94921948f9: shutdown LeaderElection
2019-06-13 00:58:44,501 INFO  impl.RaftServerImpl (RaftServerImpl.java:setRole(164)) - 295ad9ad-27d5-44d4-8ba2-eb94921948f9:group-2F7BEABC173B changes role from CANDIDATE to LEADER at term 1 for changeToLeader
2019-06-13 00:58:44,501 INFO  impl.RaftServerImpl (ServerState.java:setLeader(263)) - 295ad9ad-27d5-44d4-8ba2-eb94921948f9:group-2F7BEABC173B change Leader from null to 295ad9ad-27d5-44d4-8ba2-eb94921948f9 at term 1 for becomeLeader, leader elected after 1147ms
2019-06-13 00:58:44,501 INFO  server.RaftServerConfigKeys (ConfUtils.java:logGet(43)) - raft.server.staging.catchup.gap = 1000 (default)
2019-06-13 00:58:44,501 INFO  server.RaftServerConfigKeys (ConfUtils.java:logGet(43)) - raft.server.rpc.sleep.time = 25ms (default)
2019-06-13 00:58:44,501 INFO  server.RaftServerConfigKeys (ConfUtils.java:logGet(43)) - raft.server.watch.timeout = 10s (default)
2019-06-13 00:58:44,501 INFO  server.RaftServerConfigKeys (ConfUtils.java:logGet(43)) - raft.server.watch.timeout.denomination = 1s (default)
2019-06-13 00:58:44,501 INFO  impl.RoleInfo (RoleInfo.java:updateAndGet(143)) - 295ad9ad-27d5-44d4-8ba2-eb94921948f9: start LeaderState
2019-06-13 00:58:44,502 INFO  storage.RaftLogWorker (RaftLogWorker.java:startLogSegment(298)) - 295ad9ad-27d5-44d4-8ba2-eb94921948f9-RaftLogWorker: Starting segment from index:0
2019-06-13 00:58:44,502 INFO  impl.RaftServerImpl (ServerState.java:setRaftConf(361)) - 295ad9ad-27d5-44d4-8ba2-eb94921948f9:group-2F7BEABC173B set configuration 0: [295ad9ad-27d5-44d4-8ba2-eb94921948f9:192.168.19.49:39325], old=null at 0
2019-06-13 00:58:44,537 INFO  storage.RaftLogWorker (RaftLogWorker.java:execute(469)) - 295ad9ad-27d5-44d4-8ba2-eb94921948f9-RaftLogWorker: created new log segment /opt/src/hadoop-ozone/integration-test/target/test-dir/MiniOzoneClusterImpl-424a1eef-e4d4-4629-b856-a9b8651d64b3/datanode-5/data/ratis/cb15d250-4f6b-4851-9079-2f7beabc173b/current/log_inprogress_0
2019-06-13 00:58:44,546 INFO  impl.FollowerState (FollowerState.java:run(101)) - 295ad9ad-27d5-44d4-8ba2-eb94921948f9:group-D26D98D66A53 changes to CANDIDATE, lastRpcTime:1150, electionTimeout:1149ms
2019-06-13 00:58:44,546 INFO  impl.RoleInfo (RoleInfo.java:shutdownFollowerState(121)) - 295ad9ad-27d5-44d4-8ba2-eb94921948f9: shutdown FollowerState
2019-06-13 00:58:44,546 INFO  impl.RaftServerImpl (RaftServerImpl.java:setRole(164)) - 295ad9ad-27d5-44d4-8ba2-eb94921948f9:group-D26D98D66A53 changes role from FOLLOWER to CANDIDATE at term 0 for changeToCandidate
2019-06-13 00:58:44,546 INFO  impl.RoleInfo (RoleInfo.java:updateAndGet(143)) - 295ad9ad-27d5-44d4-8ba2-eb94921948f9: start LeaderElection
2019-06-13 00:58:44,548 INFO  impl.LeaderElection (LeaderElection.java:askForVotes(181)) - 295ad9ad-27d5-44d4-8ba2-eb94921948f9:group-D26D98D66A53:LeaderElection38: begin an election at term 1 for -1: [a5e77bbe-3b5c-49be-8e46-88ea55042e08:192.168.19.49:46787, bda9e874-81f7-4471-8850-42eff5c27286:192.168.19.49:45049, 295ad9ad-27d5-44d4-8ba2-eb94921948f9:192.168.19.49:39325], old=null
2019-06-13 00:58:44,554 INFO  impl.RaftServerImpl (RaftServerImpl.java:setRole(164)) - a5e77bbe-3b5c-49be-8e46-88ea55042e08:group-D26D98D66A53 changes role from FOLLOWER to FOLLOWER at term 1 for recognizeCandidate:295ad9ad-27d5-44d4-8ba2-eb94921948f9
2019-06-13 00:58:44,554 INFO  impl.RoleInfo (RoleInfo.java:shutdownFollowerState(121)) - a5e77bbe-3b5c-49be-8e46-88ea55042e08: shutdown FollowerState
2019-06-13 00:58:44,554 INFO  impl.RoleInfo (RoleInfo.java:updateAndGet(143)) - a5e77bbe-3b5c-49be-8e46-88ea55042e08: start FollowerState
2019-06-13 00:58:44,554 INFO  impl.RaftServerImpl (RaftServerImpl.java:setRole(164)) - bda9e874-81f7-4471-8850-42eff5c27286:group-D26D98D66A53 changes role from FOLLOWER to FOLLOWER at term 1 for recognizeCandidate:295ad9ad-27d5-44d4-8ba2-eb94921948f9
2019-06-13 00:58:44,555 INFO  impl.RoleInfo (RoleInfo.java:shutdownFollowerState(121)) - bda9e874-81f7-4471-8850-42eff5c27286: shutdown FollowerState
2019-06-13 00:58:44,554 INFO  impl.FollowerState (FollowerState.java:run(109)) - a5e77bbe-3b5c-49be-8e46-88ea55042e08: FollowerState was interrupted: java.lang.InterruptedException: sleep interrupted
2019-06-13 00:58:44,555 INFO  impl.RoleInfo (RoleInfo.java:updateAndGet(143)) - bda9e874-81f7-4471-8850-42eff5c27286: start FollowerState
2019-06-13 00:58:44,555 INFO  impl.FollowerState (FollowerState.java:run(109)) - bda9e874-81f7-4471-8850-42eff5c27286: FollowerState was interrupted: java.lang.InterruptedException: sleep interrupted
2019-06-13 00:58:44,558 INFO  impl.LeaderElection (LeaderElection.java:logAndReturn(56)) - 295ad9ad-27d5-44d4-8ba2-eb94921948f9:group-D26D98D66A53:LeaderElection38: Election PASSED; received 1 response(s) [295ad9ad-27d5-44d4-8ba2-eb94921948f9->a5e77bbe-3b5c-49be-8e46-88ea55042e08,true-t1] and 0 exception(s); 295ad9ad-27d5-44d4-8ba2-eb94921948f9:t1, leader=null, voted=295ad9ad-27d5-44d4-8ba2-eb94921948f9, raftlog=295ad9ad-27d5-44d4-8ba2-eb94921948f9-SegmentedRaftLog:OPENED:c-1,f-1,i0, conf=-1: [a5e77bbe-3b5c-49be-8e46-88ea55042e08:192.168.19.49:46787, bda9e874-81f7-4471-8850-42eff5c27286:192.168.19.49:45049, 295ad9ad-27d5-44d4-8ba2-eb94921948f9:192.168.19.49:39325], old=null
2019-06-13 00:58:44,558 INFO  impl.RoleInfo (RoleInfo.java:shutdownLeaderElection(134)) - 295ad9ad-27d5-44d4-8ba2-eb94921948f9: shutdown LeaderElection
2019-06-13 00:58:44,558 INFO  impl.RaftServerImpl (RaftServerImpl.java:setRole(164)) - 295ad9ad-27d5-44d4-8ba2-eb94921948f9:group-D26D98D66A53 changes role from CANDIDATE to LEADER at term 1 for changeToLeader
2019-06-13 00:58:44,558 INFO  impl.RaftServerImpl (ServerState.java:setLeader(263)) - 295ad9ad-27d5-44d4-8ba2-eb94921948f9:group-D26D98D66A53 change Leader from null to 295ad9ad-27d5-44d4-8ba2-eb94921948f9 at term 1 for becomeLeader, leader elected after 1170ms
2019-06-13 00:58:44,558 INFO  server.RaftServerConfigKeys (ConfUtils.java:logGet(43)) - raft.server.staging.catchup.gap = 1000 (default)
2019-06-13 00:58:44,558 INFO  server.RaftServerConfigKeys (ConfUtils.java:logGet(43)) - raft.server.rpc.sleep.time = 25ms (default)
2019-06-13 00:58:44,558 INFO  server.RaftServerConfigKeys (ConfUtils.java:logGet(43)) - raft.server.watch.timeout = 10s (default)
2019-06-13 00:58:44,559 INFO  server.RaftServerConfigKeys (ConfUtils.java:logGet(43)) - raft.server.watch.timeout.denomination = 1s (default)
2019-06-13 00:58:44,559 INFO  server.RaftServerConfigKeys (ConfUtils.java:logGet(43)) - raft.server.log.appender.snapshot.chunk.size.max = 16MB (=16777216) (default)
2019-06-13 00:58:44,559 INFO  server.RaftServerConfigKeys (ConfUtils.java:logGet(43)) - raft.server.log.appender.buffer.byte-limit = 33554432 (custom)
2019-06-13 00:58:44,559 INFO  server.RaftServerConfigKeys (ConfUtils.java:logGet(43)) - raft.server.log.appender.buffer.element-limit = 1 (custom)
2019-06-13 00:58:44,559 INFO  grpc.GrpcConfigKeys$Server (ConfUtils.java:logGet(43)) - raft.grpc.server.leader.outstanding.appends.max = 128 (default)
2019-06-13 00:58:44,559 INFO  server.RaftServerConfigKeys (ConfUtils.java:logGet(43)) - raft.server.rpc.request.timeout = 3000ms (default)
2019-06-13 00:58:44,559 INFO  server.RaftServerConfigKeys (ConfUtils.java:logGet(43)) - raft.server.log.appender.install.snapshot.enabled = true (default)
2019-06-13 00:58:44,559 INFO  server.RaftServerConfigKeys (ConfUtils.java:logGet(43)) - raft.server.log.appender.snapshot.chunk.size.max = 16MB (=16777216) (default)
2019-06-13 00:58:44,559 INFO  server.RaftServerConfigKeys (ConfUtils.java:logGet(43)) - raft.server.log.appender.buffer.byte-limit = 33554432 (custom)
2019-06-13 00:58:44,559 INFO  server.RaftServerConfigKeys (ConfUtils.java:logGet(43)) - raft.server.log.appender.buffer.element-limit = 1 (custom)
2019-06-13 00:58:44,560 INFO  grpc.GrpcConfigKeys$Server (ConfUtils.java:logGet(43)) - raft.grpc.server.leader.outstanding.appends.max = 128 (default)
2019-06-13 00:58:44,560 INFO  server.RaftServerConfigKeys (ConfUtils.java:logGet(43)) - raft.server.rpc.request.timeout = 3000ms (default)
2019-06-13 00:58:44,560 INFO  server.RaftServerConfigKeys (ConfUtils.java:logGet(43)) - raft.server.log.appender.install.snapshot.enabled = true (default)
2019-06-13 00:58:44,560 INFO  impl.RoleInfo (RoleInfo.java:updateAndGet(143)) - 295ad9ad-27d5-44d4-8ba2-eb94921948f9: start LeaderState
2019-06-13 00:58:44,560 INFO  storage.RaftLogWorker (RaftLogWorker.java:startLogSegment(298)) - 295ad9ad-27d5-44d4-8ba2-eb94921948f9-RaftLogWorker: Starting segment from index:0
2019-06-13 00:58:44,562 INFO  impl.RaftServerImpl (ServerState.java:setLeader(263)) - a5e77bbe-3b5c-49be-8e46-88ea55042e08:group-D26D98D66A53 change Leader from null to 295ad9ad-27d5-44d4-8ba2-eb94921948f9 at term 1 for appendEntries, leader elected after 1179ms
2019-06-13 00:58:44,579 INFO  impl.RaftServerImpl (ServerState.java:setRaftConf(361)) - 295ad9ad-27d5-44d4-8ba2-eb94921948f9:group-D26D98D66A53 set configuration 0: [a5e77bbe-3b5c-49be-8e46-88ea55042e08:192.168.19.49:46787, bda9e874-81f7-4471-8850-42eff5c27286:192.168.19.49:45049, 295ad9ad-27d5-44d4-8ba2-eb94921948f9:192.168.19.49:39325], old=null at 0
2019-06-13 00:58:44,581 INFO  impl.RaftServerImpl (ServerState.java:setLeader(263)) - bda9e874-81f7-4471-8850-42eff5c27286:group-D26D98D66A53 change Leader from null to 295ad9ad-27d5-44d4-8ba2-eb94921948f9 at term 1 for appendEntries, leader elected after 1197ms
2019-06-13 00:58:44,582 INFO  impl.RaftServerImpl (ServerState.java:setRaftConf(361)) - a5e77bbe-3b5c-49be-8e46-88ea55042e08:group-D26D98D66A53 set configuration 0: [a5e77bbe-3b5c-49be-8e46-88ea55042e08:192.168.19.49:46787, bda9e874-81f7-4471-8850-42eff5c27286:192.168.19.49:45049, 295ad9ad-27d5-44d4-8ba2-eb94921948f9:192.168.19.49:39325], old=null at 0
2019-06-13 00:58:44,582 INFO  storage.RaftLogWorker (RaftLogWorker.java:startLogSegment(298)) - a5e77bbe-3b5c-49be-8e46-88ea55042e08-RaftLogWorker: Starting segment from index:0
2019-06-13 00:58:44,582 INFO  impl.RaftServerImpl (ServerState.java:setRaftConf(361)) - bda9e874-81f7-4471-8850-42eff5c27286:group-D26D98D66A53 set configuration 0: [a5e77bbe-3b5c-49be-8e46-88ea55042e08:192.168.19.49:46787, bda9e874-81f7-4471-8850-42eff5c27286:192.168.19.49:45049, 295ad9ad-27d5-44d4-8ba2-eb94921948f9:192.168.19.49:39325], old=null at 0
2019-06-13 00:58:44,583 INFO  storage.RaftLogWorker (RaftLogWorker.java:startLogSegment(298)) - bda9e874-81f7-4471-8850-42eff5c27286-RaftLogWorker: Starting segment from index:0
2019-06-13 00:58:44,601 INFO  storage.RaftLogWorker (RaftLogWorker.java:execute(469)) - 295ad9ad-27d5-44d4-8ba2-eb94921948f9-RaftLogWorker: created new log segment /opt/src/hadoop-ozone/integration-test/target/test-dir/MiniOzoneClusterImpl-424a1eef-e4d4-4629-b856-a9b8651d64b3/datanode-5/data/ratis/8f495a50-02c8-4fc1-8d54-d26d98d66a53/current/log_inprogress_0
2019-06-13 00:58:44,625 INFO  storage.RaftLogWorker (RaftLogWorker.java:execute(469)) - bda9e874-81f7-4471-8850-42eff5c27286-RaftLogWorker: created new log segment /opt/src/hadoop-ozone/integration-test/target/test-dir/MiniOzoneClusterImpl-424a1eef-e4d4-4629-b856-a9b8651d64b3/datanode-3/data/ratis/8f495a50-02c8-4fc1-8d54-d26d98d66a53/current/log_inprogress_0
2019-06-13 00:58:44,625 INFO  storage.RaftLogWorker (RaftLogWorker.java:execute(469)) - a5e77bbe-3b5c-49be-8e46-88ea55042e08-RaftLogWorker: created new log segment /opt/src/hadoop-ozone/integration-test/target/test-dir/MiniOzoneClusterImpl-424a1eef-e4d4-4629-b856-a9b8651d64b3/datanode-4/data/ratis/8f495a50-02c8-4fc1-8d54-d26d98d66a53/current/log_inprogress_0
2019-06-13 00:58:45,519 INFO  client.GrpcClientProtocolClient (GrpcClientProtocolClient.java:onNext(254)) - client-2262D57A3140->295ad9ad-27d5-44d4-8ba2-eb94921948f9: receive RaftClientReply:client-2262D57A3140->295ad9ad-27d5-44d4-8ba2-eb94921948f9@group-D26D98D66A53, cid=69, SUCCESS, logIndex=1, commits[295ad9ad-27d5-44d4-8ba2-eb94921948f9:c1, a5e77bbe-3b5c-49be-8e46-88ea55042e08:c0, bda9e874-81f7-4471-8850-42eff5c27286:c0]
2019-06-13 00:58:45,544 INFO  client.GrpcClientProtocolClient (GrpcClientProtocolClient.java:onNext(254)) - client-2262D57A3140->295ad9ad-27d5-44d4-8ba2-eb94921948f9: receive RaftClientReply:client-2262D57A3140->295ad9ad-27d5-44d4-8ba2-eb94921948f9@group-D26D98D66A53, cid=70, SUCCESS, logIndex=3, commits[295ad9ad-27d5-44d4-8ba2-eb94921948f9:c4, a5e77bbe-3b5c-49be-8e46-88ea55042e08:c3, bda9e874-81f7-4471-8850-42eff5c27286:c3]
2019-06-13 00:58:45,561 INFO  client.GrpcClientProtocolClient (GrpcClientProtocolClient.java:onNext(254)) - client-2262D57A3140->295ad9ad-27d5-44d4-8ba2-eb94921948f9: receive RaftClientReply:client-2262D57A3140->295ad9ad-27d5-44d4-8ba2-eb94921948f9@group-D26D98D66A53, cid=71, SUCCESS, logIndex=5, commits[295ad9ad-27d5-44d4-8ba2-eb94921948f9:c5, a5e77bbe-3b5c-49be-8e46-88ea55042e08:c3, bda9e874-81f7-4471-8850-42eff5c27286:c4]
2019-06-13 00:58:45,573 INFO  client.GrpcClientProtocolClient (GrpcClientProtocolClient.java:onNext(254)) - client-2262D57A3140->295ad9ad-27d5-44d4-8ba2-eb94921948f9: receive RaftClientReply:client-2262D57A3140->295ad9ad-27d5-44d4-8ba2-eb94921948f9@group-D26D98D66A53, cid=72, SUCCESS, logIndex=6, commits[295ad9ad-27d5-44d4-8ba2-eb94921948f9:c8, a5e77bbe-3b5c-49be-8e46-88ea55042e08:c6, bda9e874-81f7-4471-8850-42eff5c27286:c6]
2019-06-13 00:58:45,593 INFO  client.GrpcClientProtocolClient (GrpcClientProtocolClient.java:onNext(254)) - client-2262D57A3140->295ad9ad-27d5-44d4-8ba2-eb94921948f9: receive RaftClientReply:client-2262D57A3140->295ad9ad-27d5-44d4-8ba2-eb94921948f9@group-D26D98D66A53, cid=73, SUCCESS, logIndex=9, commits[295ad9ad-27d5-44d4-8ba2-eb94921948f9:c9, a5e77bbe-3b5c-49be-8e46-88ea55042e08:c8, bda9e874-81f7-4471-8850-42eff5c27286:c6]
2019-06-13 00:58:45,602 INFO  client.GrpcClientProtocolClient (GrpcClientProtocolClient.java:onNext(254)) - client-2262D57A3140->295ad9ad-27d5-44d4-8ba2-eb94921948f9: receive RaftClientReply:client-2262D57A3140->295ad9ad-27d5-44d4-8ba2-eb94921948f9@group-D26D98D66A53, cid=74, SUCCESS, logIndex=11, commits[295ad9ad-27d5-44d4-8ba2-eb94921948f9:c11, a5e77bbe-3b5c-49be-8e46-88ea55042e08:c10, bda9e874-81f7-4471-8850-42eff5c27286:c10]
2019-06-13 00:58:45,610 INFO  client.GrpcClientProtocolClient (GrpcClientProtocolClient.java:onNext(254)) - client-2262D57A3140->295ad9ad-27d5-44d4-8ba2-eb94921948f9: receive RaftClientReply:client-2262D57A3140->295ad9ad-27d5-44d4-8ba2-eb94921948f9@group-D26D98D66A53, cid=75, SUCCESS, logIndex=12, commits[295ad9ad-27d5-44d4-8ba2-eb94921948f9:c12, a5e77bbe-3b5c-49be-8e46-88ea55042e08:c10, bda9e874-81f7-4471-8850-42eff5c27286:c10]
2019-06-13 00:58:45,611 INFO  client.GrpcClientProtocolClient (GrpcClientProtocolClient.java:onNext(254)) - client-2262D57A3140->295ad9ad-27d5-44d4-8ba2-eb94921948f9: receive RaftClientReply:client-2262D57A3140->295ad9ad-27d5-44d4-8ba2-eb94921948f9@group-D26D98D66A53, cid=76, SUCCESS, logIndex=13, commits[295ad9ad-27d5-44d4-8ba2-eb94921948f9:c14, a5e77bbe-3b5c-49be-8e46-88ea55042e08:c11, bda9e874-81f7-4471-8850-42eff5c27286:c11]
2019-06-13 00:58:46,117 INFO  client.GrpcClientProtocolClient (GrpcClientProtocolClient.java:onNext(254)) - client-2262D57A3140->295ad9ad-27d5-44d4-8ba2-eb94921948f9: receive RaftClientReply:client-2262D57A3140->295ad9ad-27d5-44d4-8ba2-eb94921948f9@group-D26D98D66A53, cid=77, SUCCESS, logIndex=0, commits[295ad9ad-27d5-44d4-8ba2-eb94921948f9:c15, a5e77bbe-3b5c-49be-8e46-88ea55042e08:c15, bda9e874-81f7-4471-8850-42eff5c27286:c15]
2019-06-13 00:58:46,130 INFO  client.GrpcClientProtocolClient (GrpcClientProtocolClient.java:onNext(254)) - client-601C2F59F7FE->f500ea28-b252-40d7-b1da-99aaf8ce9fe3: receive RaftClientReply:client-601C2F59F7FE->f500ea28-b252-40d7-b1da-99aaf8ce9fe3@group-A6A87EF3D500, cid=78, FAILED org.apache.ratis.protocol.NotLeaderException: Server f500ea28-b252-40d7-b1da-99aaf8ce9fe3 is not the leader (cc78ddfc-449d-4121-b3c8-637ca6640cdd:192.168.19.49:39445). Request must be sent to leader., logIndex=0, commits[f500ea28-b252-40d7-b1da-99aaf8ce9fe3:c0, cc78ddfc-449d-4121-b3c8-637ca6640cdd:c0, 67445237-aa73-492a-bf57-f58886d01799:c0]
2019-06-13 00:58:46,140 WARN  client.GrpcClientProtocolService (LogUtils.java:warn(134)) - 0-OrderedRequestStreamObserver0: onError: org.apache.ratis.thirdparty.io.grpc.StatusRuntimeException: CANCELLED: cancelled before receiving half close
2019-06-13 00:58:47,156 INFO  client.GrpcClientProtocolClient (GrpcClientProtocolClient.java:onNext(254)) - client-601C2F59F7FE->67445237-aa73-492a-bf57-f58886d01799: receive RaftClientReply:client-601C2F59F7FE->67445237-aa73-492a-bf57-f58886d01799@group-A6A87EF3D500, cid=78, FAILED org.apache.ratis.protocol.NotLeaderException: Server 67445237-aa73-492a-bf57-f58886d01799 is not the leader (cc78ddfc-449d-4121-b3c8-637ca6640cdd:192.168.19.49:39445). Request must be sent to leader., logIndex=0, commits[67445237-aa73-492a-bf57-f58886d01799:c0, cc78ddfc-449d-4121-b3c8-637ca6640cdd:c0, f500ea28-b252-40d7-b1da-99aaf8ce9fe3:c0]
2019-06-13 00:58:47,159 WARN  client.GrpcClientProtocolService (LogUtils.java:warn(134)) - 0-OrderedRequestStreamObserver0: onError: org.apache.ratis.thirdparty.io.grpc.StatusRuntimeException: CANCELLED: cancelled before receiving half close
2019-06-13 00:58:48,166 INFO  client.GrpcClientProtocolClient (GrpcClientProtocolClient.java:onNext(254)) - client-601C2F59F7FE->f500ea28-b252-40d7-b1da-99aaf8ce9fe3: receive RaftClientReply:client-601C2F59F7FE->f500ea28-b252-40d7-b1da-99aaf8ce9fe3@group-A6A87EF3D500, cid=78, FAILED org.apache.ratis.protocol.NotLeaderException: Server f500ea28-b252-40d7-b1da-99aaf8ce9fe3 is not the leader (cc78ddfc-449d-4121-b3c8-637ca6640cdd:192.168.19.49:39445). Request must be sent to leader., logIndex=0, commits[f500ea28-b252-40d7-b1da-99aaf8ce9fe3:c0, cc78ddfc-449d-4121-b3c8-637ca6640cdd:c0, 67445237-aa73-492a-bf57-f58886d01799:c0]
2019-06-13 00:58:48,169 WARN  client.GrpcClientProtocolService (LogUtils.java:warn(134)) - 1-OrderedRequestStreamObserver1: onError: org.apache.ratis.thirdparty.io.grpc.StatusRuntimeException: CANCELLED: cancelled before receiving half close
2019-06-13 00:58:49,177 INFO  client.GrpcClientProtocolClient (GrpcClientProtocolClient.java:onNext(254)) - client-601C2F59F7FE->67445237-aa73-492a-bf57-f58886d01799: receive RaftClientReply:client-601C2F59F7FE->67445237-aa73-492a-bf57-f58886d01799@group-A6A87EF3D500, cid=78, FAILED org.apache.ratis.protocol.NotLeaderException: Server 67445237-aa73-492a-bf57-f58886d01799 is not the leader (cc78ddfc-449d-4121-b3c8-637ca6640cdd:192.168.19.49:39445). Request must be sent to leader., logIndex=0, commits[67445237-aa73-492a-bf57-f58886d01799:c0, cc78ddfc-449d-4121-b3c8-637ca6640cdd:c0, f500ea28-b252-40d7-b1da-99aaf8ce9fe3:c0]
2019-06-13 00:58:49,182 WARN  client.GrpcClientProtocolService (LogUtils.java:warn(134)) - 1-OrderedRequestStreamObserver1: onError: org.apache.ratis.thirdparty.io.grpc.StatusRuntimeException: CANCELLED: cancelled before receiving half close
2019-06-13 00:58:50,189 INFO  client.GrpcClientProtocolClient (GrpcClientProtocolClient.java:onNext(254)) - client-601C2F59F7FE->f500ea28-b252-40d7-b1da-99aaf8ce9fe3: receive RaftClientReply:client-601C2F59F7FE->f500ea28-b252-40d7-b1da-99aaf8ce9fe3@group-A6A87EF3D500, cid=78, FAILED org.apache.ratis.protocol.NotLeaderException: Server f500ea28-b252-40d7-b1da-99aaf8ce9fe3 is not the leader (cc78ddfc-449d-4121-b3c8-637ca6640cdd:192.168.19.49:39445). Request must be sent to leader., logIndex=0, commits[f500ea28-b252-40d7-b1da-99aaf8ce9fe3:c0, cc78ddfc-449d-4121-b3c8-637ca6640cdd:c0, 67445237-aa73-492a-bf57-f58886d01799:c0]
2019-06-13 00:58:50,192 WARN  client.GrpcClientProtocolService (LogUtils.java:warn(134)) - 2-OrderedRequestStreamObserver2: onError: org.apache.ratis.thirdparty.io.grpc.StatusRuntimeException: CANCELLED: cancelled before receiving half close
2019-06-13 00:58:51,208 INFO  client.GrpcClientProtocolClient (GrpcClientProtocolClient.java:onNext(254)) - client-601C2F59F7FE->67445237-aa73-492a-bf57-f58886d01799: receive RaftClientReply:client-601C2F59F7FE->67445237-aa73-492a-bf57-f58886d01799@group-A6A87EF3D500, cid=78, FAILED org.apache.ratis.protocol.NotLeaderException: Server 67445237-aa73-492a-bf57-f58886d01799 is not the leader (cc78ddfc-449d-4121-b3c8-637ca6640cdd:192.168.19.49:39445). Request must be sent to leader., logIndex=0, commits[67445237-aa73-492a-bf57-f58886d01799:c0, cc78ddfc-449d-4121-b3c8-637ca6640cdd:c0, f500ea28-b252-40d7-b1da-99aaf8ce9fe3:c0]
2019-06-13 00:58:51,217 WARN  io.KeyOutputStream (KeyOutputStream.java:handleException(276)) - Encountered exception java.io.IOException: Unexpected Storage Container Exception: java.util.concurrent.CompletionException: java.util.concurrent.CompletionException: org.apache.ratis.protocol.RaftRetryFailureException: Failed RaftClientRequest:client-601C2F59F7FE->67445237-aa73-492a-bf57-f58886d01799@group-A6A87EF3D500, cid=78, seq=1*, RW, org.apache.hadoop.hdds.scm.XceiverClientRatis$$Lambda$429/2089816579@42018a5b for 5 attempts with RetryLimited(maxAttempts=5, sleepTime=1000ms) on the pipeline Pipeline[ Id: 0ed1df3f-df90-4ff0-9cff-a6a87ef3d500, Nodes: f500ea28-b252-40d7-b1da-99aaf8ce9fe3{ip: 192.168.19.49, host: ozone-jwdrj-3193829804, networkLocation: /default-rack, certSerialId: null}cc78ddfc-449d-4121-b3c8-637ca6640cdd{ip: 192.168.19.49, host: ozone-jwdrj-3193829804, networkLocation: /default-rack, certSerialId: null}67445237-aa73-492a-bf57-f58886d01799{ip: 192.168.19.49, host: ozone-jwdrj-3193829804, networkLocation: /default-rack, certSerialId: null}, Type:RATIS, Factor:THREE, State:OPEN]. The last committed block length is 0, uncommitted data length is 2097152 retry count 0
2019-06-13 00:58:51,219 WARN  client.GrpcClientProtocolService (LogUtils.java:warn(134)) - 2-OrderedRequestStreamObserver2: onError: org.apache.ratis.thirdparty.io.grpc.StatusRuntimeException: CANCELLED: cancelled before receiving half close
2019-06-13 00:58:51,263 INFO  client.GrpcClientProtocolClient (GrpcClientProtocolClient.java:onNext(254)) - client-2262D57A3140->295ad9ad-27d5-44d4-8ba2-eb94921948f9: receive RaftClientReply:client-2262D57A3140->295ad9ad-27d5-44d4-8ba2-eb94921948f9@group-D26D98D66A53, cid=82, SUCCESS, logIndex=16, commits[295ad9ad-27d5-44d4-8ba2-eb94921948f9:c17, a5e77bbe-3b5c-49be-8e46-88ea55042e08:c15, bda9e874-81f7-4471-8850-42eff5c27286:c16]
2019-06-13 00:58:51,298 INFO  client.GrpcClientProtocolClient (GrpcClientProtocolClient.java:onNext(254)) - client-2262D57A3140->295ad9ad-27d5-44d4-8ba2-eb94921948f9: receive RaftClientReply:client-2262D57A3140->295ad9ad-27d5-44d4-8ba2-eb94921948f9@group-D26D98D66A53, cid=83, SUCCESS, logIndex=18, commits[295ad9ad-27d5-44d4-8ba2-eb94921948f9:c23, a5e77bbe-3b5c-49be-8e46-88ea55042e08:c20, bda9e874-81f7-4471-8850-42eff5c27286:c19]
2019-06-13 00:58:51,300 INFO  client.GrpcClientProtocolClient (GrpcClientProtocolClient.java:onNext(254)) - client-2262D57A3140->295ad9ad-27d5-44d4-8ba2-eb94921948f9: receive RaftClientReply:client-2262D57A3140->295ad9ad-27d5-44d4-8ba2-eb94921948f9@group-D26D98D66A53, cid=84, SUCCESS, logIndex=19, commits[295ad9ad-27d5-44d4-8ba2-eb94921948f9:c23, a5e77bbe-3b5c-49be-8e46-88ea55042e08:c20, bda9e874-81f7-4471-8850-42eff5c27286:c21]
2019-06-13 00:58:51,317 INFO  client.GrpcClientProtocolClient (GrpcClientProtocolClient.java:onNext(254)) - client-2262D57A3140->295ad9ad-27d5-44d4-8ba2-eb94921948f9: receive RaftClientReply:client-2262D57A3140->295ad9ad-27d5-44d4-8ba2-eb94921948f9@group-D26D98D66A53, cid=85, SUCCESS, logIndex=20, commits[295ad9ad-27d5-44d4-8ba2-eb94921948f9:c23, a5e77bbe-3b5c-49be-8e46-88ea55042e08:c20, bda9e874-81f7-4471-8850-42eff5c27286:c21]
2019-06-13 00:58:51,331 INFO  client.GrpcClientProtocolClient (GrpcClientProtocolClient.java:onNext(254)) - client-2262D57A3140->295ad9ad-27d5-44d4-8ba2-eb94921948f9: receive RaftClientReply:client-2262D57A3140->295ad9ad-27d5-44d4-8ba2-eb94921948f9@group-D26D98D66A53, cid=86, SUCCESS, logIndex=24, commits[295ad9ad-27d5-44d4-8ba2-eb94921948f9:c24, a5e77bbe-3b5c-49be-8e46-88ea55042e08:c23, bda9e874-81f7-4471-8850-42eff5c27286:c21]
2019-06-13 00:58:51,354 INFO  client.GrpcClientProtocolClient (GrpcClientProtocolClient.java:onNext(254)) - client-2262D57A3140->295ad9ad-27d5-44d4-8ba2-eb94921948f9: receive RaftClientReply:client-2262D57A3140->295ad9ad-27d5-44d4-8ba2-eb94921948f9@group-D26D98D66A53, cid=87, SUCCESS, logIndex=26, commits[295ad9ad-27d5-44d4-8ba2-eb94921948f9:c26, a5e77bbe-3b5c-49be-8e46-88ea55042e08:c24, bda9e874-81f7-4471-8850-42eff5c27286:c24]
2019-06-13 00:58:51,369 INFO  client.GrpcClientProtocolClient (GrpcClientProtocolClient.java:onNext(254)) - client-2262D57A3140->295ad9ad-27d5-44d4-8ba2-eb94921948f9: receive RaftClientReply:client-2262D57A3140->295ad9ad-27d5-44d4-8ba2-eb94921948f9@group-D26D98D66A53, cid=88, SUCCESS, logIndex=27, commits[295ad9ad-27d5-44d4-8ba2-eb94921948f9:c27, a5e77bbe-3b5c-49be-8e46-88ea55042e08:c24, bda9e874-81f7-4471-8850-42eff5c27286:c24]
2019-06-13 00:58:51,382 INFO  client.GrpcClientProtocolClient (GrpcClientProtocolClient.java:onNext(254)) - client-2262D57A3140->295ad9ad-27d5-44d4-8ba2-eb94921948f9: receive RaftClientReply:client-2262D57A3140->295ad9ad-27d5-44d4-8ba2-eb94921948f9@group-D26D98D66A53, cid=89, SUCCESS, logIndex=28, commits[295ad9ad-27d5-44d4-8ba2-eb94921948f9:c29, a5e77bbe-3b5c-49be-8e46-88ea55042e08:c24, bda9e874-81f7-4471-8850-42eff5c27286:c26]
2019-06-13 00:58:51,383 INFO  client.GrpcClientProtocolClient (GrpcClientProtocolClient.java:onNext(254)) - client-2262D57A3140->295ad9ad-27d5-44d4-8ba2-eb94921948f9: receive RaftClientReply:client-2262D57A3140->295ad9ad-27d5-44d4-8ba2-eb94921948f9@group-D26D98D66A53, cid=90, SUCCESS, logIndex=0, commits[295ad9ad-27d5-44d4-8ba2-eb94921948f9:c30, a5e77bbe-3b5c-49be-8e46-88ea55042e08:c27, bda9e874-81f7-4471-8850-42eff5c27286:c27]
2019-06-13 00:58:51,879 INFO  client.GrpcClientProtocolClient (GrpcClientProtocolClient.java:onNext(254)) - client-2262D57A3140->295ad9ad-27d5-44d4-8ba2-eb94921948f9: receive RaftClientReply:client-2262D57A3140->295ad9ad-27d5-44d4-8ba2-eb94921948f9@group-D26D98D66A53, cid=91, SUCCESS, logIndex=0, commits[295ad9ad-27d5-44d4-8ba2-eb94921948f9:c30, a5e77bbe-3b5c-49be-8e46-88ea55042e08:c30, bda9e874-81f7-4471-8850-42eff5c27286:c30]
2019-06-13 00:58:52,002 INFO  client.GrpcClientProtocolClient (GrpcClientProtocolClient.java:onNext(254)) - client-2262D57A3140->295ad9ad-27d5-44d4-8ba2-eb94921948f9: receive RaftClientReply:client-2262D57A3140->295ad9ad-27d5-44d4-8ba2-eb94921948f9@group-D26D98D66A53, cid=92, SUCCESS, logIndex=31, commits[295ad9ad-27d5-44d4-8ba2-eb94921948f9:c31, a5e77bbe-3b5c-49be-8e46-88ea55042e08:c30, bda9e874-81f7-4471-8850-42eff5c27286:c30]
2019-06-13 00:58:52,032 INFO  client.GrpcClientProtocolClient (GrpcClientProtocolClient.java:onNext(254)) - client-2262D57A3140->295ad9ad-27d5-44d4-8ba2-eb94921948f9: receive RaftClientReply:client-2262D57A3140->295ad9ad-27d5-44d4-8ba2-eb94921948f9@group-D26D98D66A53, cid=93, SUCCESS, logIndex=33, commits[295ad9ad-27d5-44d4-8ba2-eb94921948f9:c38, a5e77bbe-3b5c-49be-8e46-88ea55042e08:c35, bda9e874-81f7-4471-8850-42eff5c27286:c35]
2019-06-13 00:58:52,034 INFO  client.GrpcClientProtocolClient (GrpcClientProtocolClient.java:onNext(254)) - client-2262D57A3140->295ad9ad-27d5-44d4-8ba2-eb94921948f9: receive RaftClientReply:client-2262D57A3140->295ad9ad-27d5-44d4-8ba2-eb94921948f9@group-D26D98D66A53, cid=94, SUCCESS, logIndex=34, commits[295ad9ad-27d5-44d4-8ba2-eb94921948f9:c38, a5e77bbe-3b5c-49be-8e46-88ea55042e08:c35, bda9e874-81f7-4471-8850-42eff5c27286:c35]
2019-06-13 00:58:52,056 INFO  client.GrpcClientProtocolClient (GrpcClientProtocolClient.java:onNext(254)) - client-2262D57A3140->295ad9ad-27d5-44d4-8ba2-eb94921948f9: receive RaftClientReply:client-2262D57A3140->295ad9ad-27d5-44d4-8ba2-eb94921948f9@group-D26D98D66A53, cid=95, SUCCESS, logIndex=35, commits[295ad9ad-27d5-44d4-8ba2-eb94921948f9:c38, a5e77bbe-3b5c-49be-8e46-88ea55042e08:c35, bda9e874-81f7-4471-8850-42eff5c27286:c35]
2019-06-13 00:58:52,056 INFO  datanode.ObjectStoreHandler (ObjectStoreHandler.java:close(155)) - Closing ObjectStoreHandler.
2019-06-13 00:58:52,057 INFO  ozone.HddsDatanodeService (HddsDatanodeService.java:stop(452)) - Stopped plug-in org.apache.hadoop.ozone.web.OzoneHddsDatanodeService@24558113
2019-06-13 00:58:52,057 INFO  statemachine.DatanodeStateMachine (DatanodeStateMachine.java:lambda$startDaemon$0(350)) - Ozone container server started.
2019-06-13 00:58:52,057 INFO  ozoneimpl.OzoneContainer (OzoneContainer.java:stop(199)) - Attempting to stop container services.
2019-06-13 00:58:52,057 INFO  impl.RaftServerProxy (RaftServerProxy.java:lambda$close$4(314)) - bda9e874-81f7-4471-8850-42eff5c27286: close
2019-06-13 00:58:52,058 INFO  impl.RaftServerImpl (RaftServerImpl.java:lambda$shutdown$3(238)) - bda9e874-81f7-4471-8850-42eff5c27286: shutdown group-DD3C5B1C0869
2019-06-13 00:58:52,058 INFO  impl.RaftServerImpl (RaftServerImpl.java:lambda$shutdown$3(238)) - bda9e874-81f7-4471-8850-42eff5c27286: shutdown group-D26D98D66A53
2019-06-13 00:58:52,058 INFO  util.JmxRegister (JmxRegister.java:unregister(73)) - Successfully un-registered JMX Bean with object name Ratis:service=RaftServer,group=group-DD3C5B1C0869,id=bda9e874-81f7-4471-8850-42eff5c27286
2019-06-13 00:58:52,058 INFO  util.JmxRegister (JmxRegister.java:unregister(73)) - Successfully un-registered JMX Bean with object name Ratis:service=RaftServer,group=group-D26D98D66A53,id=bda9e874-81f7-4471-8850-42eff5c27286
2019-06-13 00:58:52,058 INFO  impl.RoleInfo (RoleInfo.java:shutdownLeaderState(104)) - bda9e874-81f7-4471-8850-42eff5c27286: shutdown LeaderState
2019-06-13 00:58:52,058 INFO  impl.RoleInfo (RoleInfo.java:shutdownFollowerState(121)) - bda9e874-81f7-4471-8850-42eff5c27286: shutdown FollowerState
2019-06-13 00:58:52,058 INFO  impl.PendingRequests (PendingRequests.java:sendNotLeaderResponses(140)) - bda9e874-81f7-4471-8850-42eff5c27286-PendingRequests: sendNotLeaderResponses
2019-06-13 00:58:52,058 INFO  ratis.ContainerStateMachine (ContainerStateMachine.java:takeSnapshot(245)) - Taking snapshot at termIndex:(t:1, i:35)
2019-06-13 00:58:52,058 INFO  impl.FollowerState (FollowerState.java:run(109)) - bda9e874-81f7-4471-8850-42eff5c27286: FollowerState was interrupted: java.lang.InterruptedException: sleep interrupted
2019-06-13 00:58:52,058 INFO  impl.StateMachineUpdater (StateMachineUpdater.java:stopAndJoin(109)) - StateMachineUpdater-bda9e874-81f7-4471-8850-42eff5c27286-group-D26D98D66A53: set stopIndex = 35
2019-06-13 00:58:52,060 INFO  ratis.ContainerStateMachine (ContainerStateMachine.java:takeSnapshot(249)) - Taking a snapshot to file /opt/src/hadoop-ozone/integration-test/target/test-dir/MiniOzoneClusterImpl-424a1eef-e4d4-4629-b856-a9b8651d64b3/datanode-3/data/ratis/8f495a50-02c8-4fc1-8d54-d26d98d66a53/sm/snapshot.1_35
2019-06-13 00:58:52,063 INFO  impl.StateMachineUpdater (StateMachineUpdater.java:stopAndJoin(109)) - StateMachineUpdater-bda9e874-81f7-4471-8850-42eff5c27286-group-DD3C5B1C0869: set stopIndex = 0
2019-06-13 00:58:52,063 INFO  impl.RaftServerImpl (ServerState.java:close(394)) - bda9e874-81f7-4471-8850-42eff5c27286:group-D26D98D66A53 closes. The last applied log index is 35
2019-06-13 00:58:52,063 INFO  ratis.ContainerStateMachine (ContainerStateMachine.java:takeSnapshot(245)) - Taking snapshot at termIndex:(t:0, i:~)
2019-06-13 00:58:52,063 INFO  storage.RaftLogWorker (RaftLogWorker.java:run(236)) - bda9e874-81f7-4471-8850-42eff5c27286-RaftLogWorker was interrupted, exiting. There are 0 tasks remaining in the queue.
2019-06-13 00:58:52,063 INFO  impl.RaftServerImpl (ServerState.java:close(394)) - bda9e874-81f7-4471-8850-42eff5c27286:group-DD3C5B1C0869 closes. The last applied log index is 0
2019-06-13 00:58:52,065 INFO  storage.RaftLogWorker (RaftLogWorker.java:close(168)) - bda9e874-81f7-4471-8850-42eff5c27286-RaftLogWorker close()
2019-06-13 00:58:52,065 INFO  storage.RaftLogWorker (RaftLogWorker.java:run(236)) - bda9e874-81f7-4471-8850-42eff5c27286-RaftLogWorker was interrupted, exiting. There are 0 tasks remaining in the queue.
2019-06-13 00:58:52,068 INFO  storage.RaftLogWorker (RaftLogWorker.java:close(168)) - bda9e874-81f7-4471-8850-42eff5c27286-RaftLogWorker close()
2019-06-13 00:58:52,069 INFO  server.GrpcService (GrpcService.java:closeImpl(154)) - bda9e874-81f7-4471-8850-42eff5c27286: shutdown server with port 45049 now
2019-06-13 00:58:52,070 WARN  server.GrpcServerProtocolService (LogUtils.java:warn(134)) - bda9e874-81f7-4471-8850-42eff5c27286: appendEntries onError: org.apache.ratis.thirdparty.io.grpc.StatusRuntimeException: CANCELLED: cancelled before receiving half close
2019-06-13 00:58:52,070 WARN  server.GrpcLogAppender (LogUtils.java:warn(134)) - 295ad9ad-27d5-44d4-8ba2-eb94921948f9: Failed appendEntries to bda9e874-81f7-4471-8850-42eff5c27286:192.168.19.49:45049: org.apache.ratis.thirdparty.io.grpc.StatusRuntimeException: CANCELLED: HTTP/2 error code: CANCEL
Received Rst Stream
2019-06-13 00:58:52,071 INFO  impl.FollowerInfo (FollowerInfo.java:lambda$new$0(50)) - 295ad9ad-27d5-44d4-8ba2-eb94921948f9->bda9e874-81f7-4471-8850-42eff5c27286: nextIndex: updateUnconditionally 39 -> 0
2019-06-13 00:58:52,071 INFO  server.GrpcService (GrpcService.java:closeImpl(162)) - bda9e874-81f7-4471-8850-42eff5c27286: shutdown server with port 45049 successfully
2019-06-13 00:58:52,072 WARN  fs.CachingGetSpaceUsed (CachingGetSpaceUsed.java:run(183)) - Thread Interrupted waiting to refresh disk information: sleep interrupted
2019-06-13 00:58:52,088 INFO  statemachine.DatanodeStateMachine (DatanodeStateMachine.java:stopDaemon(395)) - Ozone container server stopped.
2019-06-13 00:58:52,088 INFO  handler.ContextHandler (ContextHandler.java:doStop(910)) - Stopped o.e.j.w.WebAppContext@43312512{/,null,UNAVAILABLE}{/hddsDatanode}
2019-06-13 00:58:52,089 INFO  server.AbstractConnector (AbstractConnector.java:doStop(318)) - Stopped ServerConnector@13f7c165{HTTP/1.1,[http/1.1]}{0.0.0.0:0}
2019-06-13 00:58:52,089 INFO  handler.ContextHandler (ContextHandler.java:doStop(910)) - Stopped o.e.j.s.ServletContextHandler@5f81507a{/static,jar:file:/root/.m2/repository/org/apache/hadoop/hadoop-hdds-container-service/0.5.0-SNAPSHOT/hadoop-hdds-container-service-0.5.0-SNAPSHOT.jar!/webapps/static,UNAVAILABLE}
2019-06-13 00:58:52,089 INFO  handler.ContextHandler (ContextHandler.java:doStop(910)) - Stopped o.e.j.s.ServletContextHandler@ed1d2cf{/logs,file:///opt/src/hadoop-ozone/integration-test/target/log,UNAVAILABLE}
2019-06-13 00:58:52,101 WARN  server.GrpcLogAppender (LogUtils.java:warn(134)) - 295ad9ad-27d5-44d4-8ba2-eb94921948f9: Failed appendEntries to bda9e874-81f7-4471-8850-42eff5c27286:192.168.19.49:45049: org.apache.ratis.thirdparty.io.grpc.StatusRuntimeException: UNAVAILABLE: io exception
2019-06-13 00:58:52,101 INFO  impl.FollowerInfo (FollowerInfo.java:lambda$new$0(50)) - 295ad9ad-27d5-44d4-8ba2-eb94921948f9->bda9e874-81f7-4471-8850-42eff5c27286: nextIndex: updateUnconditionally 1 -> 0
2019-06-13 00:58:52,111 WARN  server.GrpcLogAppender (LogUtils.java:warn(134)) - 295ad9ad-27d5-44d4-8ba2-eb94921948f9: Failed appendEntries to bda9e874-81f7-4471-8850-42eff5c27286:192.168.19.49:45049: org.apache.ratis.thirdparty.io.grpc.StatusRuntimeException: UNAVAILABLE: io exception
2019-06-13 00:58:52,112 INFO  impl.FollowerInfo (FollowerInfo.java:lambda$new$0(50)) - 295ad9ad-27d5-44d4-8ba2-eb94921948f9->bda9e874-81f7-4471-8850-42eff5c27286: nextIndex: updateUnconditionally 1 -> 0
2019-06-13 00:58:52,113 INFO  client.GrpcClientProtocolClient (GrpcClientProtocolClient.java:onNext(254)) - client-2262D57A3140->295ad9ad-27d5-44d4-8ba2-eb94921948f9: receive RaftClientReply:client-2262D57A3140->295ad9ad-27d5-44d4-8ba2-eb94921948f9@group-D26D98D66A53, cid=96, SUCCESS, logIndex=39, commits[295ad9ad-27d5-44d4-8ba2-eb94921948f9:c39, a5e77bbe-3b5c-49be-8e46-88ea55042e08:c38, bda9e874-81f7-4471-8850-42eff5c27286:c35]
2019-06-13 00:58:52,116 WARN  server.GrpcLogAppender (LogUtils.java:warn(134)) - 295ad9ad-27d5-44d4-8ba2-eb94921948f9: Failed appendEntries to bda9e874-81f7-4471-8850-42eff5c27286:192.168.19.49:45049: org.apache.ratis.thirdparty.io.grpc.StatusRuntimeException: UNAVAILABLE: io exception
2019-06-13 00:58:52,116 INFO  impl.FollowerInfo (FollowerInfo.java:lambda$new$0(50)) - 295ad9ad-27d5-44d4-8ba2-eb94921948f9->bda9e874-81f7-4471-8850-42eff5c27286: nextIndex: updateUnconditionally 1 -> 0
2019-06-13 00:58:52,118 WARN  server.GrpcLogAppender (LogUtils.java:warn(134)) - 295ad9ad-27d5-44d4-8ba2-eb94921948f9: Failed appendEntries to bda9e874-81f7-4471-8850-42eff5c27286:192.168.19.49:45049: org.apache.ratis.thirdparty.io.grpc.StatusRuntimeException: UNAVAILABLE: io exception
2019-06-13 00:58:52,118 INFO  impl.FollowerInfo (FollowerInfo.java:lambda$new$0(50)) - 295ad9ad-27d5-44d4-8ba2-eb94921948f9->bda9e874-81f7-4471-8850-42eff5c27286: nextIndex: updateUnconditionally 1 -> 0
2019-06-13 00:58:52,122 INFO  client.GrpcClientProtocolClient (GrpcClientProtocolClient.java:onNext(254)) - client-2262D57A3140->295ad9ad-27d5-44d4-8ba2-eb94921948f9: receive RaftClientReply:client-2262D57A3140->295ad9ad-27d5-44d4-8ba2-eb94921948f9@group-D26D98D66A53, cid=97, SUCCESS, logIndex=41, commits[295ad9ad-27d5-44d4-8ba2-eb94921948f9:c41, a5e77bbe-3b5c-49be-8e46-88ea55042e08:c39, bda9e874-81f7-4471-8850-42eff5c27286:c35]
2019-06-13 00:58:52,123 WARN  server.GrpcLogAppender (LogUtils.java:warn(134)) - 295ad9ad-27d5-44d4-8ba2-eb94921948f9: Failed appendEntries to bda9e874-81f7-4471-8850-42eff5c27286:192.168.19.49:45049: org.apache.ratis.thirdparty.io.grpc.StatusRuntimeException: UNAVAILABLE: io exception
2019-06-13 00:58:52,123 INFO  impl.FollowerInfo (FollowerInfo.java:lambda$new$0(50)) - 295ad9ad-27d5-44d4-8ba2-eb94921948f9->bda9e874-81f7-4471-8850-42eff5c27286: nextIndex: updateUnconditionally 1 -> 0
2019-06-13 00:58:52,128 WARN  server.GrpcLogAppender (LogUtils.java:warn(134)) - 295ad9ad-27d5-44d4-8ba2-eb94921948f9: Failed appendEntries to bda9e874-81f7-4471-8850-42eff5c27286:192.168.19.49:45049: org.apache.ratis.thirdparty.io.grpc.StatusRuntimeException: UNAVAILABLE: io exception
2019-06-13 00:58:52,128 INFO  impl.FollowerInfo (FollowerInfo.java:lambda$new$0(50)) - 295ad9ad-27d5-44d4-8ba2-eb94921948f9->bda9e874-81f7-4471-8850-42eff5c27286: nextIndex: updateUnconditionally 1 -> 0
2019-06-13 00:58:52,129 INFO  client.GrpcClientProtocolClient (GrpcClientProtocolClient.java:onNext(254)) - client-2262D57A3140->295ad9ad-27d5-44d4-8ba2-eb94921948f9: receive RaftClientReply:client-2262D57A3140->295ad9ad-27d5-44d4-8ba2-eb94921948f9@group-D26D98D66A53, cid=98, SUCCESS, logIndex=42, commits[295ad9ad-27d5-44d4-8ba2-eb94921948f9:c43, a5e77bbe-3b5c-49be-8e46-88ea55042e08:c39, bda9e874-81f7-4471-8850-42eff5c27286:c35]
2019-06-13 00:58:52,130 INFO  client.GrpcClientProtocolClient (GrpcClientProtocolClient.java:onNext(254)) - client-2262D57A3140->295ad9ad-27d5-44d4-8ba2-eb94921948f9: receive RaftClientReply:client-2262D57A3140->295ad9ad-27d5-44d4-8ba2-eb94921948f9@group-D26D98D66A53, cid=99, SUCCESS, logIndex=43, commits[295ad9ad-27d5-44d4-8ba2-eb94921948f9:c45, a5e77bbe-3b5c-49be-8e46-88ea55042e08:c42, bda9e874-81f7-4471-8850-42eff5c27286:c35]
2019-06-13 00:58:52,132 WARN  server.GrpcLogAppender (LogUtils.java:warn(134)) - 295ad9ad-27d5-44d4-8ba2-eb94921948f9: Failed appendEntries to bda9e874-81f7-4471-8850-42eff5c27286:192.168.19.49:45049: org.apache.ratis.thirdparty.io.grpc.StatusRuntimeException: UNAVAILABLE: io exception
2019-06-13 00:58:52,132 INFO  impl.FollowerInfo (FollowerInfo.java:lambda$new$0(50)) - 295ad9ad-27d5-44d4-8ba2-eb94921948f9->bda9e874-81f7-4471-8850-42eff5c27286: nextIndex: updateUnconditionally 1 -> 0
2019-06-13 00:58:52,633 WARN  server.GrpcLogAppender (LogUtils.java:warn(134)) - 295ad9ad-27d5-44d4-8ba2-eb94921948f9: Failed appendEntries to bda9e874-81f7-4471-8850-42eff5c27286:192.168.19.49:45049: org.apache.ratis.thirdparty.io.grpc.StatusRuntimeException: UNAVAILABLE: io exception
2019-06-13 00:58:52,633 INFO  impl.FollowerInfo (FollowerInfo.java:lambda$new$0(50)) - 295ad9ad-27d5-44d4-8ba2-eb94921948f9->bda9e874-81f7-4471-8850-42eff5c27286: nextIndex: updateUnconditionally 0 -> 0
2019-06-13 00:58:53,133 WARN  server.GrpcLogAppender (LogUtils.java:warn(134)) - 295ad9ad-27d5-44d4-8ba2-eb94921948f9: Failed appendEntries to bda9e874-81f7-4471-8850-42eff5c27286:192.168.19.49:45049: org.apache.ratis.thirdparty.io.grpc.StatusRuntimeException: UNAVAILABLE: io exception
2019-06-13 00:58:53,134 INFO  impl.FollowerInfo (FollowerInfo.java:lambda$new$0(50)) - 295ad9ad-27d5-44d4-8ba2-eb94921948f9->bda9e874-81f7-4471-8850-42eff5c27286: nextIndex: updateUnconditionally 0 -> 0
2019-06-13 00:58:53,634 WARN  server.GrpcLogAppender (LogUtils.java:warn(134)) - 295ad9ad-27d5-44d4-8ba2-eb94921948f9: Failed appendEntries to bda9e874-81f7-4471-8850-42eff5c27286:192.168.19.49:45049: org.apache.ratis.thirdparty.io.grpc.StatusRuntimeException: UNAVAILABLE: io exception
2019-06-13 00:58:53,634 INFO  impl.FollowerInfo (FollowerInfo.java:lambda$new$0(50)) - 295ad9ad-27d5-44d4-8ba2-eb94921948f9->bda9e874-81f7-4471-8850-42eff5c27286: nextIndex: updateUnconditionally 0 -> 0
2019-06-13 00:58:54,135 WARN  server.GrpcLogAppender (LogUtils.java:warn(134)) - 295ad9ad-27d5-44d4-8ba2-eb94921948f9: Failed appendEntries to bda9e874-81f7-4471-8850-42eff5c27286:192.168.19.49:45049: org.apache.ratis.thirdparty.io.grpc.StatusRuntimeException: UNAVAILABLE: io exception
2019-06-13 00:58:54,135 INFO  impl.FollowerInfo (FollowerInfo.java:lambda$new$0(50)) - 295ad9ad-27d5-44d4-8ba2-eb94921948f9->bda9e874-81f7-4471-8850-42eff5c27286: nextIndex: updateUnconditionally 0 -> 0
2019-06-13 00:58:54,635 WARN  server.GrpcLogAppender (LogUtils.java:warn(134)) - 295ad9ad-27d5-44d4-8ba2-eb94921948f9: Failed appendEntries to bda9e874-81f7-4471-8850-42eff5c27286:192.168.19.49:45049: org.apache.ratis.thirdparty.io.grpc.StatusRuntimeException: UNAVAILABLE: io exception
2019-06-13 00:58:54,636 INFO  impl.FollowerInfo (FollowerInfo.java:lambda$new$0(50)) - 295ad9ad-27d5-44d4-8ba2-eb94921948f9->bda9e874-81f7-4471-8850-42eff5c27286: nextIndex: updateUnconditionally 0 -> 0
2019-06-13 00:58:55,001 INFO  node.StaleNodeHandler (StaleNodeHandler.java:onMessage(58)) - Datanode bda9e874-81f7-4471-8850-42eff5c27286{ip: 192.168.19.49, host: ozone-jwdrj-3193829804, networkLocation: /default-rack, certSerialId: null} moved to stale state. Finalizing its pipelines [PipelineID=aa4591d4-13eb-4c6a-8e8b-dd3c5b1c0869, PipelineID=8f495a50-02c8-4fc1-8d54-d26d98d66a53]
2019-06-13 00:58:55,001 INFO  pipeline.SCMPipelineManager (SCMPipelineManager.java:finalizeAndDestroyPipeline(307)) - destroying pipeline:Pipeline[ Id: aa4591d4-13eb-4c6a-8e8b-dd3c5b1c0869, Nodes: bda9e874-81f7-4471-8850-42eff5c27286{ip: 192.168.19.49, host: ozone-jwdrj-3193829804, networkLocation: /default-rack, certSerialId: null}, Type:RATIS, Factor:ONE, State:OPEN]
2019-06-13 00:58:55,001 INFO  pipeline.PipelineStateManager (PipelineStateManager.java:finalizePipeline(123)) - Pipeline Pipeline[ Id: aa4591d4-13eb-4c6a-8e8b-dd3c5b1c0869, Nodes: bda9e874-81f7-4471-8850-42eff5c27286{ip: 192.168.19.49, host: ozone-jwdrj-3193829804, networkLocation: /default-rack, certSerialId: null}, Type:RATIS, Factor:ONE, State:CLOSED] moved to CLOSED state
2019-06-13 00:58:55,001 INFO  pipeline.SCMPipelineManager (SCMPipelineManager.java:finalizeAndDestroyPipeline(307)) - destroying pipeline:Pipeline[ Id: 8f495a50-02c8-4fc1-8d54-d26d98d66a53, Nodes: bda9e874-81f7-4471-8850-42eff5c27286{ip: 192.168.19.49, host: ozone-jwdrj-3193829804, networkLocation: /default-rack, certSerialId: null}295ad9ad-27d5-44d4-8ba2-eb94921948f9{ip: 192.168.19.49, host: ozone-jwdrj-3193829804, networkLocation: /default-rack, certSerialId: null}a5e77bbe-3b5c-49be-8e46-88ea55042e08{ip: 192.168.19.49, host: ozone-jwdrj-3193829804, networkLocation: /default-rack, certSerialId: null}, Type:RATIS, Factor:THREE, State:OPEN]
2019-06-13 00:58:55,001 INFO  pipeline.PipelineStateManager (PipelineStateManager.java:finalizePipeline(123)) - Pipeline Pipeline[ Id: 8f495a50-02c8-4fc1-8d54-d26d98d66a53, Nodes: bda9e874-81f7-4471-8850-42eff5c27286{ip: 192.168.19.49, host: ozone-jwdrj-3193829804, networkLocation: /default-rack, certSerialId: null}295ad9ad-27d5-44d4-8ba2-eb94921948f9{ip: 192.168.19.49, host: ozone-jwdrj-3193829804, networkLocation: /default-rack, certSerialId: null}a5e77bbe-3b5c-49be-8e46-88ea55042e08{ip: 192.168.19.49, host: ozone-jwdrj-3193829804, networkLocation: /default-rack, certSerialId: null}, Type:RATIS, Factor:THREE, State:CLOSED] moved to CLOSED state
2019-06-13 00:58:55,001 INFO  container.CloseContainerEventHandler (CloseContainerEventHandler.java:onMessage(61)) - Close container Event triggered for container : #1
2019-06-13 00:58:55,004 INFO  container.CloseContainerEventHandler (CloseContainerEventHandler.java:onMessage(61)) - Close container Event triggered for container : #5
2019-06-13 00:58:55,004 INFO  container.CloseContainerEventHandler (CloseContainerEventHandler.java:onMessage(61)) - Close container Event triggered for container : #6
2019-06-13 00:58:55,140 WARN  server.GrpcLogAppender (LogUtils.java:warn(134)) - 295ad9ad-27d5-44d4-8ba2-eb94921948f9: Failed appendEntries to bda9e874-81f7-4471-8850-42eff5c27286:192.168.19.49:45049: org.apache.ratis.thirdparty.io.grpc.StatusRuntimeException: UNAVAILABLE: io exception
2019-06-13 00:58:55,140 WARN  client.GrpcClientProtocolService (LogUtils.java:warn(134)) - 1-UnorderedRequestStreamObserver1: onError: org.apache.ratis.thirdparty.io.grpc.StatusRuntimeException: CANCELLED: cancelled before receiving half close
2019-06-13 00:58:55,143 INFO  impl.FollowerInfo (FollowerInfo.java:lambda$new$0(50)) - 295ad9ad-27d5-44d4-8ba2-eb94921948f9->bda9e874-81f7-4471-8850-42eff5c27286: nextIndex: updateUnconditionally 0 -> 0
2019-06-13 00:58:55,637 WARN  server.GrpcLogAppender (LogUtils.java:warn(134)) - 295ad9ad-27d5-44d4-8ba2-eb94921948f9: Failed appendEntries to bda9e874-81f7-4471-8850-42eff5c27286:192.168.19.49:45049: org.apache.ratis.thirdparty.io.grpc.StatusRuntimeException: UNAVAILABLE: io exception
2019-06-13 00:58:55,637 INFO  impl.FollowerInfo (FollowerInfo.java:lambda$new$0(50)) - 295ad9ad-27d5-44d4-8ba2-eb94921948f9->bda9e874-81f7-4471-8850-42eff5c27286: nextIndex: updateUnconditionally 0 -> 0
2019-06-13 00:58:56,138 WARN  server.GrpcLogAppender (LogUtils.java:warn(134)) - 295ad9ad-27d5-44d4-8ba2-eb94921948f9: Failed appendEntries to bda9e874-81f7-4471-8850-42eff5c27286:192.168.19.49:45049: org.apache.ratis.thirdparty.io.grpc.StatusRuntimeException: UNAVAILABLE: io exception
2019-06-13 00:58:56,138 INFO  impl.FollowerInfo (FollowerInfo.java:lambda$new$0(50)) - 295ad9ad-27d5-44d4-8ba2-eb94921948f9->bda9e874-81f7-4471-8850-42eff5c27286: nextIndex: updateUnconditionally 0 -> 0
2019-06-13 00:58:56,141 INFO  client.GrpcClientProtocolService (GrpcClientProtocolService.java:lambda$processClientRequest$0(264)) - Failed RaftClientRequest:client-2262D57A3140->a5e77bbe-3b5c-49be-8e46-88ea55042e08@group-D26D98D66A53, cid=100, seq=0, Watch-ALL_COMMITTED(41), Message:<EMPTY>, reply=RaftClientReply:client-2262D57A3140->a5e77bbe-3b5c-49be-8e46-88ea55042e08@group-D26D98D66A53, cid=100, FAILED org.apache.ratis.protocol.NotLeaderException: Server a5e77bbe-3b5c-49be-8e46-88ea55042e08 is not the leader (295ad9ad-27d5-44d4-8ba2-eb94921948f9:192.168.19.49:39325). Request must be sent to leader., logIndex=0, commits[a5e77bbe-3b5c-49be-8e46-88ea55042e08:c46, bda9e874-81f7-4471-8850-42eff5c27286:c35, 295ad9ad-27d5-44d4-8ba2-eb94921948f9:c46]
2019-06-13 00:58:56,144 INFO  client.GrpcClientProtocolClient (GrpcClientProtocolClient.java:onNext(254)) - client-2262D57A3140->a5e77bbe-3b5c-49be-8e46-88ea55042e08: receive RaftClientReply:client-2262D57A3140->a5e77bbe-3b5c-49be-8e46-88ea55042e08@group-D26D98D66A53, cid=100, FAILED org.apache.ratis.protocol.NotLeaderException: Server a5e77bbe-3b5c-49be-8e46-88ea55042e08 is not the leader (295ad9ad-27d5-44d4-8ba2-eb94921948f9:192.168.19.49:39325). Request must be sent to leader., logIndex=0, commits[a5e77bbe-3b5c-49be-8e46-88ea55042e08:c46, bda9e874-81f7-4471-8850-42eff5c27286:c35, 295ad9ad-27d5-44d4-8ba2-eb94921948f9:c46]
2019-06-13 00:58:56,155 WARN  client.GrpcClientProtocolService (LogUtils.java:warn(134)) - 0-UnorderedRequestStreamObserver0: onError: org.apache.ratis.thirdparty.io.grpc.StatusRuntimeException: CANCELLED: cancelled before receiving half close
2019-06-13 00:58:56,638 WARN  server.GrpcLogAppender (LogUtils.java:warn(134)) - 295ad9ad-27d5-44d4-8ba2-eb94921948f9: Failed appendEntries to bda9e874-81f7-4471-8850-42eff5c27286:192.168.19.49:45049: org.apache.ratis.thirdparty.io.grpc.StatusRuntimeException: UNAVAILABLE: io exception
2019-06-13 00:58:56,639 INFO  impl.FollowerInfo (FollowerInfo.java:lambda$new$0(50)) - 295ad9ad-27d5-44d4-8ba2-eb94921948f9->bda9e874-81f7-4471-8850-42eff5c27286: nextIndex: updateUnconditionally 0 -> 0
2019-06-13 00:58:56,936 WARN  server.GrpcLogAppender (LogUtils.java:warn(134)) - 295ad9ad-27d5-44d4-8ba2-eb94921948f9: Failed appendEntries to bda9e874-81f7-4471-8850-42eff5c27286:192.168.19.49:45049: org.apache.ratis.thirdparty.io.grpc.StatusRuntimeException: UNAVAILABLE: io exception
2019-06-13 00:58:56,939 INFO  impl.FollowerInfo (FollowerInfo.java:lambda$new$0(50)) - 295ad9ad-27d5-44d4-8ba2-eb94921948f9->bda9e874-81f7-4471-8850-42eff5c27286: nextIndex: updateUnconditionally 1 -> 0
2019-06-13 00:58:56,944 WARN  server.GrpcLogAppender (LogUtils.java:warn(134)) - 295ad9ad-27d5-44d4-8ba2-eb94921948f9: Failed appendEntries to bda9e874-81f7-4471-8850-42eff5c27286:192.168.19.49:45049: org.apache.ratis.thirdparty.io.grpc.StatusRuntimeException: UNAVAILABLE: io exception
2019-06-13 00:58:56,944 INFO  impl.FollowerInfo (FollowerInfo.java:lambda$new$0(50)) - 295ad9ad-27d5-44d4-8ba2-eb94921948f9->bda9e874-81f7-4471-8850-42eff5c27286: nextIndex: updateUnconditionally 1 -> 0
2019-06-13 00:58:56,948 WARN  server.GrpcLogAppender (LogUtils.java:warn(134)) - 295ad9ad-27d5-44d4-8ba2-eb94921948f9: Failed appendEntries to bda9e874-81f7-4471-8850-42eff5c27286:192.168.19.49:45049: org.apache.ratis.thirdparty.io.grpc.StatusRuntimeException: UNAVAILABLE: io exception
2019-06-13 00:58:56,948 INFO  impl.FollowerInfo (FollowerInfo.java:lambda$new$0(50)) - 295ad9ad-27d5-44d4-8ba2-eb94921948f9->bda9e874-81f7-4471-8850-42eff5c27286: nextIndex: updateUnconditionally 1 -> 0
2019-06-13 00:58:56,955 INFO  interfaces.Container (KeyValueContainer.java:compactDB(356)) - Container 1 is closed with bcsId 13.
2019-06-13 00:58:56,958 INFO  interfaces.Container (KeyValueContainer.java:compactDB(356)) - Container 1 is closed with bcsId 13.
2019-06-13 00:58:56,960 WARN  server.GrpcLogAppender (LogUtils.java:warn(134)) - 295ad9ad-27d5-44d4-8ba2-eb94921948f9: Failed appendEntries to bda9e874-81f7-4471-8850-42eff5c27286:192.168.19.49:45049: org.apache.ratis.thirdparty.io.grpc.StatusRuntimeException: UNAVAILABLE: io exception
2019-06-13 00:58:56,960 INFO  impl.FollowerInfo (FollowerInfo.java:lambda$new$0(50)) - 295ad9ad-27d5-44d4-8ba2-eb94921948f9->bda9e874-81f7-4471-8850-42eff5c27286: nextIndex: updateUnconditionally 1 -> 0
2019-06-13 00:58:56,962 WARN  server.GrpcLogAppender (LogUtils.java:warn(134)) - 295ad9ad-27d5-44d4-8ba2-eb94921948f9: Failed appendEntries to bda9e874-81f7-4471-8850-42eff5c27286:192.168.19.49:45049: org.apache.ratis.thirdparty.io.grpc.StatusRuntimeException: UNAVAILABLE: io exception
2019-06-13 00:58:56,963 INFO  impl.FollowerInfo (FollowerInfo.java:lambda$new$0(50)) - 295ad9ad-27d5-44d4-8ba2-eb94921948f9->bda9e874-81f7-4471-8850-42eff5c27286: nextIndex: updateUnconditionally 1 -> 0
2019-06-13 00:58:56,965 WARN  server.GrpcLogAppender (LogUtils.java:warn(134)) - 295ad9ad-27d5-44d4-8ba2-eb94921948f9: Failed appendEntries to bda9e874-81f7-4471-8850-42eff5c27286:192.168.19.49:45049: org.apache.ratis.thirdparty.io.grpc.StatusRuntimeException: UNAVAILABLE: io exception
2019-06-13 00:58:56,966 INFO  impl.FollowerInfo (FollowerInfo.java:lambda$new$0(50)) - 295ad9ad-27d5-44d4-8ba2-eb94921948f9->bda9e874-81f7-4471-8850-42eff5c27286: nextIndex: updateUnconditionally 1 -> 0
2019-06-13 00:58:56,972 INFO  interfaces.Container (KeyValueContainer.java:compactDB(356)) - Container 5 is closed with bcsId 28.
2019-06-13 00:58:56,974 INFO  interfaces.Container (KeyValueContainer.java:compactDB(356)) - Container 5 is closed with bcsId 28.
2019-06-13 00:58:56,977 WARN  server.GrpcLogAppender (LogUtils.java:warn(134)) - 295ad9ad-27d5-44d4-8ba2-eb94921948f9: Failed appendEntries to bda9e874-81f7-4471-8850-42eff5c27286:192.168.19.49:45049: org.apache.ratis.thirdparty.io.grpc.StatusRuntimeException: UNAVAILABLE: io exception
2019-06-13 00:58:56,977 INFO  impl.FollowerInfo (FollowerInfo.java:lambda$new$0(50)) - 295ad9ad-27d5-44d4-8ba2-eb94921948f9->bda9e874-81f7-4471-8850-42eff5c27286: nextIndex: updateUnconditionally 1 -> 0
2019-06-13 00:58:56,982 WARN  server.GrpcLogAppender (LogUtils.java:warn(134)) - 295ad9ad-27d5-44d4-8ba2-eb94921948f9: Failed appendEntries to bda9e874-81f7-4471-8850-42eff5c27286:192.168.19.49:45049: org.apache.ratis.thirdparty.io.grpc.StatusRuntimeException: UNAVAILABLE: io exception
2019-06-13 00:58:56,982 INFO  impl.FollowerInfo (FollowerInfo.java:lambda$new$0(50)) - 295ad9ad-27d5-44d4-8ba2-eb94921948f9->bda9e874-81f7-4471-8850-42eff5c27286: nextIndex: updateUnconditionally 1 -> 0
2019-06-13 00:58:56,985 WARN  server.GrpcLogAppender (LogUtils.java:warn(134)) - 295ad9ad-27d5-44d4-8ba2-eb94921948f9: Failed appendEntries to bda9e874-81f7-4471-8850-42eff5c27286:192.168.19.49:45049: org.apache.ratis.thirdparty.io.grpc.StatusRuntimeException: UNAVAILABLE: io exception
2019-06-13 00:58:56,985 INFO  impl.FollowerInfo (FollowerInfo.java:lambda$new$0(50)) - 295ad9ad-27d5-44d4-8ba2-eb94921948f9->bda9e874-81f7-4471-8850-42eff5c27286: nextIndex: updateUnconditionally 1 -> 0
2019-06-13 00:58:56,991 INFO  interfaces.Container (KeyValueContainer.java:compactDB(356)) - Container 6 is closed with bcsId 43.
2019-06-13 00:58:56,993 INFO  interfaces.Container (KeyValueContainer.java:compactDB(356)) - Container 6 is closed with bcsId 43.
2019-06-13 00:58:57,131 WARN  scm.XceiverClientRatis (XceiverClientRatis.java:watchForCommit(260)) - 3 way commit failed 
java.util.concurrent.TimeoutException
	at java.util.concurrent.CompletableFuture.timedGet(CompletableFuture.java:1771)
	at java.util.concurrent.CompletableFuture.get(CompletableFuture.java:1915)
	at org.apache.hadoop.hdds.scm.XceiverClientRatis.watchForCommit(XceiverClientRatis.java:257)
	at org.apache.hadoop.hdds.scm.storage.CommitWatcher.watchForCommit(CommitWatcher.java:194)
	at org.apache.hadoop.hdds.scm.storage.CommitWatcher.watchOnFirstIndex(CommitWatcher.java:135)
	at org.apache.hadoop.hdds.scm.storage.BlockOutputStream.watchForCommit(BlockOutputStream.java:355)
	at org.apache.hadoop.hdds.scm.storage.BlockOutputStream.handleFullBuffer(BlockOutputStream.java:332)
	at org.apache.hadoop.hdds.scm.storage.BlockOutputStream.write(BlockOutputStream.java:259)
	at org.apache.hadoop.ozone.client.io.BlockOutputStreamEntry.write(BlockOutputStreamEntry.java:129)
	at org.apache.hadoop.ozone.client.io.KeyOutputStream.handleWrite(KeyOutputStream.java:211)
	at org.apache.hadoop.ozone.client.io.KeyOutputStream.write(KeyOutputStream.java:193)
	at org.apache.hadoop.ozone.client.io.OzoneOutputStream.write(OzoneOutputStream.java:49)
	at java.io.OutputStream.write(OutputStream.java:75)
	at org.apache.hadoop.ozone.client.rpc.TestFailureHandlingByClient.testMultiBlockWritesWithIntermittentDnFailures(TestFailureHandlingByClient.java:237)
	at sun.reflect.NativeMethodAccessorImpl.invoke0(Native Method)
	at sun.reflect.NativeMethodAccessorImpl.invoke(NativeMethodAccessorImpl.java:62)
	at sun.reflect.DelegatingMethodAccessorImpl.invoke(DelegatingMethodAccessorImpl.java:43)
	at java.lang.reflect.Method.invoke(Method.java:498)
	at org.junit.runners.model.FrameworkMethod$1.runReflectiveCall(FrameworkMethod.java:47)
	at org.junit.internal.runners.model.ReflectiveCallable.run(ReflectiveCallable.java:12)
	at org.junit.runners.model.FrameworkMethod.invokeExplosively(FrameworkMethod.java:44)
	at org.junit.internal.runners.statements.InvokeMethod.evaluate(InvokeMethod.java:17)
	at org.junit.runners.ParentRunner.runLeaf(ParentRunner.java:271)
	at org.junit.runners.BlockJUnit4ClassRunner.runChild(BlockJUnit4ClassRunner.java:70)
	at org.junit.runners.BlockJUnit4ClassRunner.runChild(BlockJUnit4ClassRunner.java:50)
	at org.junit.runners.ParentRunner$3.run(ParentRunner.java:238)
	at org.junit.runners.ParentRunner$1.schedule(ParentRunner.java:63)
	at org.junit.runners.ParentRunner.runChildren(ParentRunner.java:236)
	at org.junit.runners.ParentRunner.access$000(ParentRunner.java:53)
	at org.junit.runners.ParentRunner$2.evaluate(ParentRunner.java:229)
	at org.junit.runners.ParentRunner.run(ParentRunner.java:309)
	at org.apache.maven.surefire.junit4.JUnit4Provider.execute(JUnit4Provider.java:365)
	at org.apache.maven.surefire.junit4.JUnit4Provider.executeWithRerun(JUnit4Provider.java:273)
	at org.apache.maven.surefire.junit4.JUnit4Provider.executeTestSet(JUnit4Provider.java:238)
	at org.apache.maven.surefire.junit4.JUnit4Provider.invoke(JUnit4Provider.java:159)
	at org.apache.maven.surefire.booter.ForkedBooter.invokeProviderInSameClassLoader(ForkedBooter.java:384)
	at org.apache.maven.surefire.booter.ForkedBooter.runSuitesInProcess(ForkedBooter.java:345)
	at org.apache.maven.surefire.booter.ForkedBooter.execute(ForkedBooter.java:126)
	at org.apache.maven.surefire.booter.ForkedBooter.main(ForkedBooter.java:418)
2019-06-13 00:58:57,139 INFO  client.GrpcClientProtocolClient (GrpcClientProtocolClient.java:onNext(254)) - client-2262D57A3140->295ad9ad-27d5-44d4-8ba2-eb94921948f9: receive RaftClientReply:client-2262D57A3140->295ad9ad-27d5-44d4-8ba2-eb94921948f9@group-D26D98D66A53, cid=101, SUCCESS, logIndex=0, commits[295ad9ad-27d5-44d4-8ba2-eb94921948f9:c52, a5e77bbe-3b5c-49be-8e46-88ea55042e08:c51, bda9e874-81f7-4471-8850-42eff5c27286:c35]
2019-06-13 00:58:57,140 INFO  scm.XceiverClientRatis (XceiverClientRatis.java:lambda$watchForCommit$7(278)) - Could not commit 41 to all the nodes. Server bda9e874-81f7-4471-8850-42eff5c27286 has failed. Committed by majority.
2019-06-13 00:58:57,485 WARN  server.GrpcLogAppender (LogUtils.java:warn(134)) - 295ad9ad-27d5-44d4-8ba2-eb94921948f9: Failed appendEntries to bda9e874-81f7-4471-8850-42eff5c27286:192.168.19.49:45049: org.apache.ratis.thirdparty.io.grpc.StatusRuntimeException: UNAVAILABLE: io exception
2019-06-13 00:58:57,485 INFO  impl.FollowerInfo (FollowerInfo.java:lambda$new$0(50)) - 295ad9ad-27d5-44d4-8ba2-eb94921948f9->bda9e874-81f7-4471-8850-42eff5c27286: nextIndex: updateUnconditionally 0 -> 0
2019-06-13 00:58:57,986 WARN  server.GrpcLogAppender (LogUtils.java:warn(134)) - 295ad9ad-27d5-44d4-8ba2-eb94921948f9: Failed appendEntries to bda9e874-81f7-4471-8850-42eff5c27286:192.168.19.49:45049: org.apache.ratis.thirdparty.io.grpc.StatusRuntimeException: UNAVAILABLE: io exception
2019-06-13 00:58:57,986 INFO  impl.FollowerInfo (FollowerInfo.java:lambda$new$0(50)) - 295ad9ad-27d5-44d4-8ba2-eb94921948f9->bda9e874-81f7-4471-8850-42eff5c27286: nextIndex: updateUnconditionally 0 -> 0
2019-06-13 00:58:58,486 WARN  server.GrpcLogAppender (LogUtils.java:warn(134)) - 295ad9ad-27d5-44d4-8ba2-eb94921948f9: Failed appendEntries to bda9e874-81f7-4471-8850-42eff5c27286:192.168.19.49:45049: org.apache.ratis.thirdparty.io.grpc.StatusRuntimeException: UNAVAILABLE: io exception
2019-06-13 00:58:58,486 INFO  impl.FollowerInfo (FollowerInfo.java:lambda$new$0(50)) - 295ad9ad-27d5-44d4-8ba2-eb94921948f9->bda9e874-81f7-4471-8850-42eff5c27286: nextIndex: updateUnconditionally 0 -> 0
2019-06-13 00:58:58,987 WARN  server.GrpcLogAppender (LogUtils.java:warn(134)) - 295ad9ad-27d5-44d4-8ba2-eb94921948f9: Failed appendEntries to bda9e874-81f7-4471-8850-42eff5c27286:192.168.19.49:45049: org.apache.ratis.thirdparty.io.grpc.StatusRuntimeException: UNAVAILABLE: io exception
2019-06-13 00:58:58,987 INFO  impl.FollowerInfo (FollowerInfo.java:lambda$new$0(50)) - 295ad9ad-27d5-44d4-8ba2-eb94921948f9->bda9e874-81f7-4471-8850-42eff5c27286: nextIndex: updateUnconditionally 0 -> 0
2019-06-13 00:58:59,487 WARN  server.GrpcLogAppender (LogUtils.java:warn(134)) - 295ad9ad-27d5-44d4-8ba2-eb94921948f9: Failed appendEntries to bda9e874-81f7-4471-8850-42eff5c27286:192.168.19.49:45049: org.apache.ratis.thirdparty.io.grpc.StatusRuntimeException: UNAVAILABLE: io exception
2019-06-13 00:58:59,487 INFO  impl.FollowerInfo (FollowerInfo.java:lambda$new$0(50)) - 295ad9ad-27d5-44d4-8ba2-eb94921948f9->bda9e874-81f7-4471-8850-42eff5c27286: nextIndex: updateUnconditionally 0 -> 0
2019-06-13 00:58:59,988 WARN  server.GrpcLogAppender (LogUtils.java:warn(134)) - 295ad9ad-27d5-44d4-8ba2-eb94921948f9: Failed appendEntries to bda9e874-81f7-4471-8850-42eff5c27286:192.168.19.49:45049: org.apache.ratis.thirdparty.io.grpc.StatusRuntimeException: UNAVAILABLE: io exception
2019-06-13 00:58:59,988 INFO  impl.FollowerInfo (FollowerInfo.java:lambda$new$0(50)) - 295ad9ad-27d5-44d4-8ba2-eb94921948f9->bda9e874-81f7-4471-8850-42eff5c27286: nextIndex: updateUnconditionally 0 -> 0
2019-06-13 00:59:00,488 WARN  server.GrpcLogAppender (LogUtils.java:warn(134)) - 295ad9ad-27d5-44d4-8ba2-eb94921948f9: Failed appendEntries to bda9e874-81f7-4471-8850-42eff5c27286:192.168.19.49:45049: org.apache.ratis.thirdparty.io.grpc.StatusRuntimeException: UNAVAILABLE: io exception
2019-06-13 00:59:00,489 INFO  impl.FollowerInfo (FollowerInfo.java:lambda$new$0(50)) - 295ad9ad-27d5-44d4-8ba2-eb94921948f9->bda9e874-81f7-4471-8850-42eff5c27286: nextIndex: updateUnconditionally 0 -> 0
2019-06-13 00:59:00,989 WARN  server.GrpcLogAppender (LogUtils.java:warn(134)) - 295ad9ad-27d5-44d4-8ba2-eb94921948f9: Failed appendEntries to bda9e874-81f7-4471-8850-42eff5c27286:192.168.19.49:45049: org.apache.ratis.thirdparty.io.grpc.StatusRuntimeException: UNAVAILABLE: io exception
2019-06-13 00:59:00,989 INFO  impl.FollowerInfo (FollowerInfo.java:lambda$new$0(50)) - 295ad9ad-27d5-44d4-8ba2-eb94921948f9->bda9e874-81f7-4471-8850-42eff5c27286: nextIndex: updateUnconditionally 0 -> 0
2019-06-13 00:59:01,152 INFO  client.GrpcClientProtocolService (GrpcClientProtocolService.java:lambda$processClientRequest$0(264)) - Failed RaftClientRequest:client-2262D57A3140->a5e77bbe-3b5c-49be-8e46-88ea55042e08@group-D26D98D66A53, cid=102, seq=0, Watch-ALL_COMMITTED(43), Message:<EMPTY>, reply=RaftClientReply:client-2262D57A3140->a5e77bbe-3b5c-49be-8e46-88ea55042e08@group-D26D98D66A53, cid=102, FAILED org.apache.ratis.protocol.NotLeaderException: Server a5e77bbe-3b5c-49be-8e46-88ea55042e08 is not the leader (295ad9ad-27d5-44d4-8ba2-eb94921948f9:192.168.19.49:39325). Request must be sent to leader., logIndex=0, commits[a5e77bbe-3b5c-49be-8e46-88ea55042e08:c52, bda9e874-81f7-4471-8850-42eff5c27286:c35, 295ad9ad-27d5-44d4-8ba2-eb94921948f9:c52]
2019-06-13 00:59:01,156 INFO  client.GrpcClientProtocolService (GrpcClientProtocolService.java:lambda$processClientRequest$0(264)) - Failed RaftClientRequest:client-2262D57A3140->a5e77bbe-3b5c-49be-8e46-88ea55042e08@group-D26D98D66A53, cid=100, seq=0, Watch-ALL_COMMITTED(41), Message:<EMPTY>, reply=RaftClientReply:client-2262D57A3140->a5e77bbe-3b5c-49be-8e46-88ea55042e08@group-D26D98D66A53, cid=100, FAILED org.apache.ratis.protocol.NotLeaderException: Server a5e77bbe-3b5c-49be-8e46-88ea55042e08 is not the leader (295ad9ad-27d5-44d4-8ba2-eb94921948f9:192.168.19.49:39325). Request must be sent to leader., logIndex=0, commits[a5e77bbe-3b5c-49be-8e46-88ea55042e08:c52, bda9e874-81f7-4471-8850-42eff5c27286:c35, 295ad9ad-27d5-44d4-8ba2-eb94921948f9:c52]
2019-06-13 00:59:01,156 INFO  client.GrpcClientProtocolClient (GrpcClientProtocolClient.java:onNext(254)) - client-2262D57A3140->a5e77bbe-3b5c-49be-8e46-88ea55042e08: receive RaftClientReply:client-2262D57A3140->a5e77bbe-3b5c-49be-8e46-88ea55042e08@group-D26D98D66A53, cid=102, FAILED org.apache.ratis.protocol.NotLeaderException: Server a5e77bbe-3b5c-49be-8e46-88ea55042e08 is not the leader (295ad9ad-27d5-44d4-8ba2-eb94921948f9:192.168.19.49:39325). Request must be sent to leader., logIndex=0, commits[a5e77bbe-3b5c-49be-8e46-88ea55042e08:c52, bda9e874-81f7-4471-8850-42eff5c27286:c35, 295ad9ad-27d5-44d4-8ba2-eb94921948f9:c52]
2019-06-13 00:59:01,169 INFO  client.GrpcClientProtocolClient (GrpcClientProtocolClient.java:onNext(254)) - client-2262D57A3140->a5e77bbe-3b5c-49be-8e46-88ea55042e08: receive RaftClientReply:client-2262D57A3140->a5e77bbe-3b5c-49be-8e46-88ea55042e08@group-D26D98D66A53, cid=100, FAILED org.apache.ratis.protocol.NotLeaderException: Server a5e77bbe-3b5c-49be-8e46-88ea55042e08 is not the leader (295ad9ad-27d5-44d4-8ba2-eb94921948f9:192.168.19.49:39325). Request must be sent to leader., logIndex=0, commits[a5e77bbe-3b5c-49be-8e46-88ea55042e08:c52, bda9e874-81f7-4471-8850-42eff5c27286:c35, 295ad9ad-27d5-44d4-8ba2-eb94921948f9:c52]
2019-06-13 00:59:01,170 WARN  client.GrpcClientProtocolService (LogUtils.java:warn(134)) - 1-UnorderedRequestStreamObserver1: onError: org.apache.ratis.thirdparty.io.grpc.StatusRuntimeException: CANCELLED: cancelled before receiving half close
2019-06-13 00:59:01,489 WARN  server.GrpcLogAppender (LogUtils.java:warn(134)) - 295ad9ad-27d5-44d4-8ba2-eb94921948f9: Failed appendEntries to bda9e874-81f7-4471-8850-42eff5c27286:192.168.19.49:45049: org.apache.ratis.thirdparty.io.grpc.StatusRuntimeException: UNAVAILABLE: io exception
2019-06-13 00:59:01,490 INFO  impl.FollowerInfo (FollowerInfo.java:lambda$new$0(50)) - 295ad9ad-27d5-44d4-8ba2-eb94921948f9->bda9e874-81f7-4471-8850-42eff5c27286: nextIndex: updateUnconditionally 0 -> 0
2019-06-13 00:59:01,990 WARN  server.GrpcLogAppender (LogUtils.java:warn(134)) - 295ad9ad-27d5-44d4-8ba2-eb94921948f9: Failed appendEntries to bda9e874-81f7-4471-8850-42eff5c27286:192.168.19.49:45049: org.apache.ratis.thirdparty.io.grpc.StatusRuntimeException: UNAVAILABLE: io exception
2019-06-13 00:59:01,992 INFO  impl.FollowerInfo (FollowerInfo.java:lambda$new$0(50)) - 295ad9ad-27d5-44d4-8ba2-eb94921948f9->bda9e874-81f7-4471-8850-42eff5c27286: nextIndex: updateUnconditionally 0 -> 0
2019-06-13 00:59:02,141 WARN  scm.XceiverClientRatis (XceiverClientRatis.java:watchForCommit(260)) - 3 way commit failed 
java.util.concurrent.TimeoutException
	at java.util.concurrent.CompletableFuture.timedGet(CompletableFuture.java:1771)
	at java.util.concurrent.CompletableFuture.get(CompletableFuture.java:1915)
	at org.apache.hadoop.hdds.scm.XceiverClientRatis.watchForCommit(XceiverClientRatis.java:257)
	at org.apache.hadoop.hdds.scm.storage.CommitWatcher.watchForCommit(CommitWatcher.java:194)
	at org.apache.hadoop.hdds.scm.storage.CommitWatcher.watchOnLastIndex(CommitWatcher.java:157)
	at org.apache.hadoop.hdds.scm.storage.BlockOutputStream.watchForCommit(BlockOutputStream.java:355)
	at org.apache.hadoop.hdds.scm.storage.BlockOutputStream.handleFlush(BlockOutputStream.java:486)
	at org.apache.hadoop.hdds.scm.storage.BlockOutputStream.close(BlockOutputStream.java:500)
	at org.apache.hadoop.ozone.client.io.BlockOutputStreamEntry.close(BlockOutputStreamEntry.java:143)
	at org.apache.hadoop.ozone.client.io.KeyOutputStream.handleFlushOrClose(KeyOutputStream.java:438)
	at org.apache.hadoop.ozone.client.io.KeyOutputStream.handleWrite(KeyOutputStream.java:235)
	at org.apache.hadoop.ozone.client.io.KeyOutputStream.write(KeyOutputStream.java:193)
	at org.apache.hadoop.ozone.client.io.OzoneOutputStream.write(OzoneOutputStream.java:49)
	at java.io.OutputStream.write(OutputStream.java:75)
	at org.apache.hadoop.ozone.client.rpc.TestFailureHandlingByClient.testMultiBlockWritesWithIntermittentDnFailures(TestFailureHandlingByClient.java:237)
	at sun.reflect.NativeMethodAccessorImpl.invoke0(Native Method)
	at sun.reflect.NativeMethodAccessorImpl.invoke(NativeMethodAccessorImpl.java:62)
	at sun.reflect.DelegatingMethodAccessorImpl.invoke(DelegatingMethodAccessorImpl.java:43)
	at java.lang.reflect.Method.invoke(Method.java:498)
	at org.junit.runners.model.FrameworkMethod$1.runReflectiveCall(FrameworkMethod.java:47)
	at org.junit.internal.runners.model.ReflectiveCallable.run(ReflectiveCallable.java:12)
	at org.junit.runners.model.FrameworkMethod.invokeExplosively(FrameworkMethod.java:44)
	at org.junit.internal.runners.statements.InvokeMethod.evaluate(InvokeMethod.java:17)
	at org.junit.runners.ParentRunner.runLeaf(ParentRunner.java:271)
	at org.junit.runners.BlockJUnit4ClassRunner.runChild(BlockJUnit4ClassRunner.java:70)
	at org.junit.runners.BlockJUnit4ClassRunner.runChild(BlockJUnit4ClassRunner.java:50)
	at org.junit.runners.ParentRunner$3.run(ParentRunner.java:238)
	at org.junit.runners.ParentRunner$1.schedule(ParentRunner.java:63)
	at org.junit.runners.ParentRunner.runChildren(ParentRunner.java:236)
	at org.junit.runners.ParentRunner.access$000(ParentRunner.java:53)
	at org.junit.runners.ParentRunner$2.evaluate(ParentRunner.java:229)
	at org.junit.runners.ParentRunner.run(ParentRunner.java:309)
	at org.apache.maven.surefire.junit4.JUnit4Provider.execute(JUnit4Provider.java:365)
	at org.apache.maven.surefire.junit4.JUnit4Provider.executeWithRerun(JUnit4Provider.java:273)
	at org.apache.maven.surefire.junit4.JUnit4Provider.executeTestSet(JUnit4Provider.java:238)
	at org.apache.maven.surefire.junit4.JUnit4Provider.invoke(JUnit4Provider.java:159)
	at org.apache.maven.surefire.booter.ForkedBooter.invokeProviderInSameClassLoader(ForkedBooter.java:384)
	at org.apache.maven.surefire.booter.ForkedBooter.runSuitesInProcess(ForkedBooter.java:345)
	at org.apache.maven.surefire.booter.ForkedBooter.execute(ForkedBooter.java:126)
	at org.apache.maven.surefire.booter.ForkedBooter.main(ForkedBooter.java:418)
2019-06-13 00:59:02,147 INFO  client.GrpcClientProtocolClient (GrpcClientProtocolClient.java:onNext(254)) - client-2262D57A3140->295ad9ad-27d5-44d4-8ba2-eb94921948f9: receive RaftClientReply:client-2262D57A3140->295ad9ad-27d5-44d4-8ba2-eb94921948f9@group-D26D98D66A53, cid=103, SUCCESS, logIndex=0, commits[295ad9ad-27d5-44d4-8ba2-eb94921948f9:c52, a5e77bbe-3b5c-49be-8e46-88ea55042e08:c52, bda9e874-81f7-4471-8850-42eff5c27286:c35]
2019-06-13 00:59:02,147 INFO  scm.XceiverClientRatis (XceiverClientRatis.java:lambda$watchForCommit$7(278)) - Could not commit 43 to all the nodes. Server bda9e874-81f7-4471-8850-42eff5c27286 has failed. Committed by majority.
2019-06-13 00:59:02,165 WARN  block.BlockManagerImpl (BlockManagerImpl.java:allocateBlock(192)) - Pipeline creation failed for type:RATIS factor:THREE. Retrying get pipelines call once.
org.apache.hadoop.hdds.scm.pipeline.InsufficientDatanodesException: Cannot create pipeline of factor 3 using 2 nodes.
	at org.apache.hadoop.hdds.scm.pipeline.RatisPipelineProvider.create(RatisPipelineProvider.java:151)
	at org.apache.hadoop.hdds.scm.pipeline.PipelineFactory.create(PipelineFactory.java:57)
	at org.apache.hadoop.hdds.scm.pipeline.SCMPipelineManager.createPipeline(SCMPipelineManager.java:149)
	at org.apache.hadoop.hdds.scm.block.BlockManagerImpl.allocateBlock(BlockManagerImpl.java:190)
	at org.apache.hadoop.hdds.scm.server.SCMBlockProtocolServer.allocateBlock(SCMBlockProtocolServer.java:172)
	at org.apache.hadoop.ozone.protocolPB.ScmBlockLocationProtocolServerSideTranslatorPB.allocateScmBlock(ScmBlockLocationProtocolServerSideTranslatorPB.java:82)
	at org.apache.hadoop.hdds.protocol.proto.ScmBlockLocationProtocolProtos$ScmBlockLocationProtocolService$2.callBlockingMethod(ScmBlockLocationProtocolProtos.java:7533)
	at org.apache.hadoop.ipc.ProtobufRpcEngine$Server$ProtoBufRpcInvoker.call(ProtobufRpcEngine.java:524)
	at org.apache.hadoop.ipc.RPC$Server.call(RPC.java:1025)
	at org.apache.hadoop.ipc.Server$RpcCall.run(Server.java:876)
	at org.apache.hadoop.ipc.Server$RpcCall.run(Server.java:822)
	at java.security.AccessController.doPrivileged(Native Method)
	at javax.security.auth.Subject.doAs(Subject.java:422)
	at org.apache.hadoop.security.UserGroupInformation.doAs(UserGroupInformation.java:1730)
	at org.apache.hadoop.ipc.Server$Handler.run(Server.java:2682)
2019-06-13 00:59:02,166 INFO  block.BlockManagerImpl (BlockManagerImpl.java:allocateBlock(198)) - Could not find available pipeline of type:RATIS and factor:THREE even after retrying
2019-06-13 00:59:02,166 ERROR block.BlockManagerImpl (BlockManagerImpl.java:allocateBlock(222)) - Unable to allocate a block for the size: 4194304, type: RATIS, factor: THREE
00:59:02.167 [IPC Server handler 14 on 38713] ERROR OMAudit - user=root | ip=127.0.0.1 | op=ALLOCATE_BLOCK {volume=datanodefailurehandlingtest, bucket=datanodefailurehandlingtest, key=f106a638-9529-4a03-bce6-b7e1c9954803, dataSize=0, replicationType=null, replicationFactor=null, keyLocationInfo=null, clientID=102261556797440009} | ret=FAILURE
java.io.IOException: Allocate block failed.
	at org.apache.hadoop.hdds.scm.protocolPB.ScmBlockLocationProtocolClientSideTranslatorPB.allocateBlock(ScmBlockLocationProtocolClientSideTranslatorPB.java:111) ~[hadoop-hdds-common-0.5.0-SNAPSHOT.jar:?]
	at sun.reflect.NativeMethodAccessorImpl.invoke0(Native Method) ~[?:1.8.0_212]
	at sun.reflect.NativeMethodAccessorImpl.invoke(NativeMethodAccessorImpl.java:62) ~[?:1.8.0_212]
	at sun.reflect.DelegatingMethodAccessorImpl.invoke(DelegatingMethodAccessorImpl.java:43) ~[?:1.8.0_212]
	at java.lang.reflect.Method.invoke(Method.java:498) ~[?:1.8.0_212]
	at org.apache.hadoop.hdds.tracing.TraceAllMethod.invoke(TraceAllMethod.java:66) ~[hadoop-hdds-common-0.5.0-SNAPSHOT.jar:?]
	at com.sun.proxy.$Proxy25.allocateBlock(Unknown Source) ~[?:?]
	at org.apache.hadoop.ozone.om.KeyManagerImpl.allocateBlock(KeyManagerImpl.java:347) ~[hadoop-ozone-ozone-manager-0.5.0-SNAPSHOT.jar:?]
	at org.apache.hadoop.ozone.om.KeyManagerImpl.allocateBlock(KeyManagerImpl.java:315) ~[hadoop-ozone-ozone-manager-0.5.0-SNAPSHOT.jar:?]
	at org.apache.hadoop.ozone.om.OzoneManager.allocateBlock(OzoneManager.java:2301) [hadoop-ozone-ozone-manager-0.5.0-SNAPSHOT.jar:?]
	at org.apache.hadoop.ozone.protocolPB.OzoneManagerRequestHandler.allocateBlock(OzoneManagerRequestHandler.java:755) [hadoop-ozone-ozone-manager-0.5.0-SNAPSHOT.jar:?]
	at org.apache.hadoop.ozone.protocolPB.OzoneManagerRequestHandler.handle(OzoneManagerRequestHandler.java:249) [hadoop-ozone-ozone-manager-0.5.0-SNAPSHOT.jar:?]
	at org.apache.hadoop.ozone.protocolPB.OzoneManagerProtocolServerSideTranslatorPB.submitRequestDirectlyToOM(OzoneManagerProtocolServerSideTranslatorPB.java:180) [hadoop-ozone-ozone-manager-0.5.0-SNAPSHOT.jar:?]
	at org.apache.hadoop.ozone.protocolPB.OzoneManagerProtocolServerSideTranslatorPB.submitRequest(OzoneManagerProtocolServerSideTranslatorPB.java:102) [hadoop-ozone-ozone-manager-0.5.0-SNAPSHOT.jar:?]
	at org.apache.hadoop.ozone.protocol.proto.OzoneManagerProtocolProtos$OzoneManagerService$2.callBlockingMethod(OzoneManagerProtocolProtos.java) [hadoop-ozone-common-0.5.0-SNAPSHOT.jar:?]
	at org.apache.hadoop.ipc.ProtobufRpcEngine$Server$ProtoBufRpcInvoker.call(ProtobufRpcEngine.java:524) [hadoop-common-3.2.0.jar:?]
	at org.apache.hadoop.ipc.RPC$Server.call(RPC.java:1025) [hadoop-common-3.2.0.jar:?]
	at org.apache.hadoop.ipc.Server$RpcCall.run(Server.java:876) [hadoop-common-3.2.0.jar:?]
	at org.apache.hadoop.ipc.Server$RpcCall.run(Server.java:822) [hadoop-common-3.2.0.jar:?]
	at java.security.AccessController.doPrivileged(Native Method) [?:1.8.0_212]
	at javax.security.auth.Subject.doAs(Subject.java:422) [?:1.8.0_212]
	at org.apache.hadoop.security.UserGroupInformation.doAs(UserGroupInformation.java:1730) [hadoop-common-3.2.0.jar:?]
	at org.apache.hadoop.ipc.Server$Handler.run(Server.java:2682) [hadoop-common-3.2.0.jar:?]
2019-06-13 00:59:02,169 ERROR io.BlockOutputStreamEntryPool (BlockOutputStreamEntryPool.java:allocateBlockIfNeeded(299)) - Try to allocate more blocks for write failed, already allocated 0 blocks for this write.
INTERNAL_ERROR org.apache.hadoop.ozone.om.exceptions.OMException: Allocate block failed.
	at org.apache.hadoop.ozone.om.protocolPB.OzoneManagerProtocolClientSideTranslatorPB.handleError(OzoneManagerProtocolClientSideTranslatorPB.java:720)
	at org.apache.hadoop.ozone.om.protocolPB.OzoneManagerProtocolClientSideTranslatorPB.allocateBlock(OzoneManagerProtocolClientSideTranslatorPB.java:743)
	at org.apache.hadoop.ozone.client.io.BlockOutputStreamEntryPool.allocateNewBlock(BlockOutputStreamEntryPool.java:248)
	at org.apache.hadoop.ozone.client.io.BlockOutputStreamEntryPool.allocateBlockIfNeeded(BlockOutputStreamEntryPool.java:296)
	at org.apache.hadoop.ozone.client.io.KeyOutputStream.handleWrite(KeyOutputStream.java:201)
	at org.apache.hadoop.ozone.client.io.KeyOutputStream.write(KeyOutputStream.java:193)
	at org.apache.hadoop.ozone.client.io.OzoneOutputStream.write(OzoneOutputStream.java:49)
	at java.io.OutputStream.write(OutputStream.java:75)
	at org.apache.hadoop.ozone.client.rpc.TestFailureHandlingByClient.testMultiBlockWritesWithIntermittentDnFailures(TestFailureHandlingByClient.java:237)
	at sun.reflect.NativeMethodAccessorImpl.invoke0(Native Method)
	at sun.reflect.NativeMethodAccessorImpl.invoke(NativeMethodAccessorImpl.java:62)
	at sun.reflect.DelegatingMethodAccessorImpl.invoke(DelegatingMethodAccessorImpl.java:43)
	at java.lang.reflect.Method.invoke(Method.java:498)
	at org.junit.runners.model.FrameworkMethod$1.runReflectiveCall(FrameworkMethod.java:47)
	at org.junit.internal.runners.model.ReflectiveCallable.run(ReflectiveCallable.java:12)
	at org.junit.runners.model.FrameworkMethod.invokeExplosively(FrameworkMethod.java:44)
	at org.junit.internal.runners.statements.InvokeMethod.evaluate(InvokeMethod.java:17)
	at org.junit.runners.ParentRunner.runLeaf(ParentRunner.java:271)
	at org.junit.runners.BlockJUnit4ClassRunner.runChild(BlockJUnit4ClassRunner.java:70)
	at org.junit.runners.BlockJUnit4ClassRunner.runChild(BlockJUnit4ClassRunner.java:50)
	at org.junit.runners.ParentRunner$3.run(ParentRunner.java:238)
	at org.junit.runners.ParentRunner$1.schedule(ParentRunner.java:63)
	at org.junit.runners.ParentRunner.runChildren(ParentRunner.java:236)
	at org.junit.runners.ParentRunner.access$000(ParentRunner.java:53)
	at org.junit.runners.ParentRunner$2.evaluate(ParentRunner.java:229)
	at org.junit.runners.ParentRunner.run(ParentRunner.java:309)
	at org.apache.maven.surefire.junit4.JUnit4Provider.execute(JUnit4Provider.java:365)
	at org.apache.maven.surefire.junit4.JUnit4Provider.executeWithRerun(JUnit4Provider.java:273)
	at org.apache.maven.surefire.junit4.JUnit4Provider.executeTestSet(JUnit4Provider.java:238)
	at org.apache.maven.surefire.junit4.JUnit4Provider.invoke(JUnit4Provider.java:159)
	at org.apache.maven.surefire.booter.ForkedBooter.invokeProviderInSameClassLoader(ForkedBooter.java:384)
	at org.apache.maven.surefire.booter.ForkedBooter.runSuitesInProcess(ForkedBooter.java:345)
	at org.apache.maven.surefire.booter.ForkedBooter.execute(ForkedBooter.java:126)
	at org.apache.maven.surefire.booter.ForkedBooter.main(ForkedBooter.java:418)
]]></system-out>
    <system-err><![CDATA[Jun 13, 2019 12:58:38 AM com.sun.jersey.server.impl.application.WebApplicationImpl _initiate
INFO: Initiating Jersey application, version 'Jersey: 1.19 02/11/2015 03:25 AM'
Jun 13, 2019 12:58:38 AM com.sun.jersey.server.impl.application.WebApplicationImpl _initiate
INFO: Initiating Jersey application, version 'Jersey: 1.19 02/11/2015 03:25 AM'
Jun 13, 2019 12:58:38 AM com.sun.jersey.server.impl.application.WebApplicationImpl _initiate
INFO: Initiating Jersey application, version 'Jersey: 1.19 02/11/2015 03:25 AM'
Jun 13, 2019 12:58:38 AM com.sun.jersey.server.impl.application.WebApplicationImpl _initiate
INFO: Initiating Jersey application, version 'Jersey: 1.19 02/11/2015 03:25 AM'
Jun 13, 2019 12:58:39 AM com.sun.jersey.server.impl.application.WebApplicationImpl _initiate
INFO: Initiating Jersey application, version 'Jersey: 1.19 02/11/2015 03:25 AM'
Jun 13, 2019 12:58:39 AM com.sun.jersey.server.impl.application.WebApplicationImpl _initiate
INFO: Initiating Jersey application, version 'Jersey: 1.19 02/11/2015 03:25 AM'
]]></system-err>
  </testcase>
  <testcase name="testBlockWritesWithDnFailures" classname="org.apache.hadoop.ozone.client.rpc.TestFailureHandlingByClient" time="12.01"/>
  <testcase name="testDatanodeExclusionWithMajorityCommit" classname="org.apache.hadoop.ozone.client.rpc.TestFailureHandlingByClient" time="19.667"/>
  <testcase name="testMultiBlockWritesWithDnFailures" classname="org.apache.hadoop.ozone.client.rpc.TestFailureHandlingByClient" time="22.777"/>
</testsuite>