<?xml version="1.0" encoding="UTF-8"?>
<testsuite xmlns:xsi="http://www.w3.org/2001/XMLSchema-instance" xsi:noNamespaceSchemaLocation="https://maven.apache.org/surefire/maven-surefire-plugin/xsd/surefire-test-report.xsd" name="org.apache.hadoop.hdds.scm.pipeline.TestNodeFailure" time="12.361" tests="1" errors="0" skipped="1" failures="0">
  <properties>
    <property name="awt.toolkit" value="sun.awt.X11.XToolkit"/>
    <property name="file.encoding.pkg" value="sun.io"/>
    <property name="java.specification.version" value="1.8"/>
    <property name="sun.cpu.isalist" value=""/>
    <property name="sun.jnu.encoding" value="UTF-8"/>
    <property name="java.class.path" value="/opt/src/hadoop-ozone/integration-test/target/test-classes:/opt/src/hadoop-ozone/integration-test/target/classes:/root/.m2/repository/org/apache/hadoop/hadoop-ozone-common/0.5.0-SNAPSHOT/hadoop-ozone-common-0.5.0-SNAPSHOT.jar:/root/.m2/repository/org/apache/commons/commons-compress/1.4.1/commons-compress-1.4.1.jar:/root/.m2/repository/org/tukaani/xz/1.0/xz-1.0.jar:/root/.m2/repository/org/apache/hadoop/hadoop-common/3.2.0/hadoop-common-3.2.0.jar:/root/.m2/repository/org/apache/hadoop/hadoop-hdfs/3.2.0/hadoop-hdfs-3.2.0.jar:/root/.m2/repository/org/apache/hadoop/hadoop-hdfs-client/3.2.0/hadoop-hdfs-client-3.2.0.jar:/root/.m2/repository/com/fasterxml/jackson/core/jackson-annotations/2.9.5/jackson-annotations-2.9.5.jar:/root/.m2/repository/org/apache/hadoop/hadoop-hdds-common/0.5.0-SNAPSHOT/hadoop-hdds-common-0.5.0-SNAPSHOT.jar:/root/.m2/repository/javax/annotation/javax.annotation-api/1.2/javax.annotation-api-1.2.jar:/root/.m2/repository/org/apache/ratis/ratis-server/0.4.0-fe2b15d-SNAPSHOT/ratis-server-0.4.0-fe2b15d-SNAPSHOT.jar:/root/.m2/repository/org/apache/ratis/ratis-thirdparty-misc/0.2.0/ratis-thirdparty-misc-0.2.0.jar:/root/.m2/repository/org/apache/ratis/ratis-proto/0.4.0-fe2b15d-SNAPSHOT/ratis-proto-0.4.0-fe2b15d-SNAPSHOT.jar:/root/.m2/repository/org/apache/ratis/ratis-common/0.4.0-fe2b15d-SNAPSHOT/ratis-common-0.4.0-fe2b15d-SNAPSHOT.jar:/root/.m2/repository/org/apache/ratis/ratis-client/0.4.0-fe2b15d-SNAPSHOT/ratis-client-0.4.0-fe2b15d-SNAPSHOT.jar:/root/.m2/repository/org/apache/ratis/ratis-netty/0.4.0-fe2b15d-SNAPSHOT/ratis-netty-0.4.0-fe2b15d-SNAPSHOT.jar:/root/.m2/repository/org/apache/ratis/ratis-grpc/0.4.0-fe2b15d-SNAPSHOT/ratis-grpc-0.4.0-fe2b15d-SNAPSHOT.jar:/root/.m2/repository/org/rocksdb/rocksdbjni/5.14.2/rocksdbjni-5.14.2.jar:/root/.m2/repository/org/apache/logging/log4j/log4j-api/2.11.0/log4j-api-2.11.0.jar:/root/.m2/repository/org/apache/logging/log4j/log4j-core/2.11.0/log4j-core-2.11.0.jar:/root/.m2/repository/com/lmax/disruptor/3.4.2/disruptor-3.4.2.jar:/root/.m2/repository/org/apache/commons/commons-pool2/2.6.0/commons-pool2-2.6.0.jar:/root/.m2/repository/org/bouncycastle/bcpkix-jdk15on/1.60/bcpkix-jdk15on-1.60.jar:/root/.m2/repository/commons-validator/commons-validator/1.6/commons-validator-1.6.jar:/root/.m2/repository/commons-digester/commons-digester/1.8.1/commons-digester-1.8.1.jar:/root/.m2/repository/io/jaegertracing/jaeger-client/0.33.1/jaeger-client-0.33.1.jar:/root/.m2/repository/io/jaegertracing/jaeger-thrift/0.33.1/jaeger-thrift-0.33.1.jar:/root/.m2/repository/org/apache/thrift/libthrift/0.11.0/libthrift-0.11.0.jar:/root/.m2/repository/com/squareup/okhttp3/okhttp/3.9.0/okhttp-3.9.0.jar:/root/.m2/repository/com/squareup/okio/okio/1.13.0/okio-1.13.0.jar:/root/.m2/repository/io/jaegertracing/jaeger-core/0.33.1/jaeger-core-0.33.1.jar:/root/.m2/repository/io/jaegertracing/jaeger-tracerresolver/0.33.1/jaeger-tracerresolver-0.33.1.jar:/root/.m2/repository/io/opentracing/contrib/opentracing-tracerresolver/0.1.5/opentracing-tracerresolver-0.1.5.jar:/root/.m2/repository/io/opentracing/opentracing-util/0.31.0/opentracing-util-0.31.0.jar:/root/.m2/repository/io/opentracing/opentracing-api/0.31.0/opentracing-api-0.31.0.jar:/root/.m2/repository/io/opentracing/opentracing-noop/0.31.0/opentracing-noop-0.31.0.jar:/root/.m2/repository/org/apache/hadoop/hadoop-hdds-server-framework/0.5.0-SNAPSHOT/hadoop-hdds-server-framework-0.5.0-SNAPSHOT.jar:/root/.m2/repository/org/apache/hadoop/hadoop-hdds-server-scm/0.5.0-SNAPSHOT/hadoop-hdds-server-scm-0.5.0-SNAPSHOT.jar:/root/.m2/repository/org/apache/hadoop/hadoop-hdds-container-service/0.5.0-SNAPSHOT/hadoop-hdds-container-service-0.5.0-SNAPSHOT.jar:/root/.m2/repository/org/apache/hadoop/hadoop-hdds-client/0.5.0-SNAPSHOT/hadoop-hdds-client-0.5.0-SNAPSHOT.jar:/root/.m2/repository/org/apache/hadoop/hadoop-hdds-tools/0.5.0-SNAPSHOT/hadoop-hdds-tools-0.5.0-SNAPSHOT.jar:/root/.m2/repository/org/apache/hadoop/hadoop-ozone-ozone-manager/0.5.0-SNAPSHOT/hadoop-ozone-ozone-manager-0.5.0-SNAPSHOT.jar:/root/.m2/repository/org/apache/hadoop/hadoop-hdds-docs/0.5.0-SNAPSHOT/hadoop-hdds-docs-0.5.0-SNAPSHOT.jar:/root/.m2/repository/org/bouncycastle/bcprov-jdk15on/1.60/bcprov-jdk15on-1.60.jar:/root/.m2/repository/org/apache/hadoop/hadoop-minikdc/3.2.0/hadoop-minikdc-3.2.0.jar:/root/.m2/repository/commons-io/commons-io/2.5/commons-io-2.5.jar:/root/.m2/repository/org/apache/kerby/kerb-simplekdc/1.0.1/kerb-simplekdc-1.0.1.jar:/root/.m2/repository/org/apache/kerby/kerb-client/1.0.1/kerb-client-1.0.1.jar:/root/.m2/repository/org/apache/kerby/kerby-config/1.0.1/kerby-config-1.0.1.jar:/root/.m2/repository/org/apache/kerby/kerb-core/1.0.1/kerb-core-1.0.1.jar:/root/.m2/repository/org/apache/kerby/kerby-pkix/1.0.1/kerby-pkix-1.0.1.jar:/root/.m2/repository/org/apache/kerby/kerby-asn1/1.0.1/kerby-asn1-1.0.1.jar:/root/.m2/repository/org/apache/kerby/kerby-util/1.0.1/kerby-util-1.0.1.jar:/root/.m2/repository/org/apache/kerby/kerb-common/1.0.1/kerb-common-1.0.1.jar:/root/.m2/repository/org/apache/kerby/kerb-crypto/1.0.1/kerb-crypto-1.0.1.jar:/root/.m2/repository/org/apache/kerby/kerb-util/1.0.1/kerb-util-1.0.1.jar:/root/.m2/repository/org/apache/kerby/token-provider/1.0.1/token-provider-1.0.1.jar:/root/.m2/repository/org/apache/kerby/kerb-admin/1.0.1/kerb-admin-1.0.1.jar:/root/.m2/repository/org/apache/kerby/kerb-server/1.0.1/kerb-server-1.0.1.jar:/root/.m2/repository/org/apache/kerby/kerb-identity/1.0.1/kerb-identity-1.0.1.jar:/root/.m2/repository/org/apache/kerby/kerby-xdr/1.0.1/kerby-xdr-1.0.1.jar:/root/.m2/repository/org/slf4j/slf4j-log4j12/1.7.25/slf4j-log4j12-1.7.25.jar:/root/.m2/repository/org/apache/hadoop/hadoop-ozone-objectstore-service/0.5.0-SNAPSHOT/hadoop-ozone-objectstore-service-0.5.0-SNAPSHOT.jar:/root/.m2/repository/org/apache/hadoop/hadoop-ozone-s3gateway/0.5.0-SNAPSHOT/hadoop-ozone-s3gateway-0.5.0-SNAPSHOT.jar:/root/.m2/repository/org/jboss/weld/servlet/weld-servlet/2.4.7.Final/weld-servlet-2.4.7.Final.jar:/root/.m2/repository/org/glassfish/jersey/containers/jersey-container-servlet-core/2.27/jersey-container-servlet-core-2.27.jar:/root/.m2/repository/org/glassfish/hk2/external/javax.inject/2.5.0-b42/javax.inject-2.5.0-b42.jar:/root/.m2/repository/org/glassfish/jersey/core/jersey-common/2.27/jersey-common-2.27.jar:/root/.m2/repository/org/glassfish/hk2/osgi-resource-locator/1.0.1/osgi-resource-locator-1.0.1.jar:/root/.m2/repository/javax/ws/rs/javax.ws.rs-api/2.1/javax.ws.rs-api-2.1.jar:/root/.m2/repository/org/glassfish/jersey/ext/cdi/jersey-cdi1x/2.27/jersey-cdi1x-2.27.jar:/root/.m2/repository/org/glassfish/jersey/inject/jersey-hk2/2.27/jersey-hk2-2.27.jar:/root/.m2/repository/org/glassfish/hk2/hk2-locator/2.5.0-b42/hk2-locator-2.5.0-b42.jar:/root/.m2/repository/org/javassist/javassist/3.22.0-CR2/javassist-3.22.0-CR2.jar:/root/.m2/repository/org/glassfish/hk2/hk2-api/2.5.0/hk2-api-2.5.0.jar:/root/.m2/repository/org/glassfish/hk2/external/jakarta.inject/2.5.0/jakarta.inject-2.5.0.jar:/root/.m2/repository/org/glassfish/hk2/hk2-utils/2.5.0/hk2-utils-2.5.0.jar:/root/.m2/repository/jakarta/annotation/jakarta.annotation-api/1.3.4/jakarta.annotation-api-1.3.4.jar:/root/.m2/repository/org/glassfish/hk2/external/aopalliance-repackaged/2.5.0/aopalliance-repackaged-2.5.0.jar:/root/.m2/repository/com/fasterxml/jackson/dataformat/jackson-dataformat-xml/2.9.0/jackson-dataformat-xml-2.9.0.jar:/root/.m2/repository/com/fasterxml/jackson/core/jackson-core/2.9.5/jackson-core-2.9.5.jar:/root/.m2/repository/com/fasterxml/jackson/module/jackson-module-jaxb-annotations/2.9.5/jackson-module-jaxb-annotations-2.9.5.jar:/root/.m2/repository/javax/enterprise/cdi-api/1.2/cdi-api-1.2.jar:/root/.m2/repository/javax/el/javax.el-api/3.0.0/javax.el-api-3.0.0.jar:/root/.m2/repository/javax/interceptor/javax.interceptor-api/1.2/javax.interceptor-api-1.2.jar:/root/.m2/repository/javax/inject/javax.inject/1/javax.inject-1.jar:/root/.m2/repository/com/sun/xml/bind/jaxb-impl/2.3.0.1/jaxb-impl-2.3.0.1.jar:/root/.m2/repository/com/sun/xml/bind/jaxb-core/2.3.0.1/jaxb-core-2.3.0.1.jar:/root/.m2/repository/javax/xml/bind/jaxb-api/2.3.0/jaxb-api-2.3.0.jar:/root/.m2/repository/javax/activation/activation/1.1.1/activation-1.1.1.jar:/root/.m2/repository/org/apache/hadoop/hadoop-ozone-csi/0.5.0-SNAPSHOT/hadoop-ozone-csi-0.5.0-SNAPSHOT.jar:/root/.m2/repository/com/google/protobuf/protobuf-java-util/3.5.1/protobuf-java-util-3.5.1.jar:/root/.m2/repository/org/apache/hadoop/hadoop-hdds-config/0.5.0-SNAPSHOT/hadoop-hdds-config-0.5.0-SNAPSHOT.jar:/root/.m2/repository/com/google/guava/guava/11.0.2/guava-11.0.2.jar:/root/.m2/repository/com/google/protobuf/protobuf-java/2.5.0/protobuf-java-2.5.0.jar:/root/.m2/repository/io/grpc/grpc-netty/1.17.1/grpc-netty-1.17.1.jar:/root/.m2/repository/io/grpc/grpc-core/1.17.1/grpc-core-1.17.1.jar:/root/.m2/repository/io/grpc/grpc-context/1.17.1/grpc-context-1.17.1.jar:/root/.m2/repository/com/google/errorprone/error_prone_annotations/2.2.0/error_prone_annotations-2.2.0.jar:/root/.m2/repository/org/codehaus/mojo/animal-sniffer-annotations/1.17/animal-sniffer-annotations-1.17.jar:/root/.m2/repository/io/opencensus/opencensus-api/0.17.0/opencensus-api-0.17.0.jar:/root/.m2/repository/io/opencensus/opencensus-contrib-grpc-metrics/0.17.0/opencensus-contrib-grpc-metrics-0.17.0.jar:/root/.m2/repository/io/netty/netty-codec-http2/4.1.30.Final/netty-codec-http2-4.1.30.Final.jar:/root/.m2/repository/io/netty/netty-codec-http/4.1.30.Final/netty-codec-http-4.1.30.Final.jar:/root/.m2/repository/io/netty/netty-codec/4.1.30.Final/netty-codec-4.1.30.Final.jar:/root/.m2/repository/io/netty/netty-handler/4.1.30.Final/netty-handler-4.1.30.Final.jar:/root/.m2/repository/io/netty/netty-handler-proxy/4.1.30.Final/netty-handler-proxy-4.1.30.Final.jar:/root/.m2/repository/io/netty/netty-codec-socks/4.1.30.Final/netty-codec-socks-4.1.30.Final.jar:/root/.m2/repository/io/netty/netty-transport-native-epoll/4.1.30.Final/netty-transport-native-epoll-4.1.30.Final.jar:/root/.m2/repository/io/netty/netty-common/4.1.30.Final/netty-common-4.1.30.Final.jar:/root/.m2/repository/io/netty/netty-buffer/4.1.30.Final/netty-buffer-4.1.30.Final.jar:/root/.m2/repository/io/netty/netty-transport/4.1.30.Final/netty-transport-4.1.30.Final.jar:/root/.m2/repository/io/netty/netty-resolver/4.1.30.Final/netty-resolver-4.1.30.Final.jar:/root/.m2/repository/io/netty/netty-transport-native-unix-common/4.1.30.Final/netty-transport-native-unix-common-4.1.30.Final.jar:/root/.m2/repository/io/grpc/grpc-protobuf/1.17.1/grpc-protobuf-1.17.1.jar:/root/.m2/repository/com/google/api/grpc/proto-google-common-protos/1.0.0/proto-google-common-protos-1.0.0.jar:/root/.m2/repository/io/grpc/grpc-protobuf-lite/1.17.1/grpc-protobuf-lite-1.17.1.jar:/root/.m2/repository/io/grpc/grpc-stub/1.17.1/grpc-stub-1.17.1.jar:/root/.m2/repository/org/apache/hadoop/hadoop-ozone-recon/0.5.0-SNAPSHOT/hadoop-ozone-recon-0.5.0-SNAPSHOT.jar:/root/.m2/repository/org/apache/hadoop/hadoop-ozone-reconcodegen/0.5.0-SNAPSHOT/hadoop-ozone-reconcodegen-0.5.0-SNAPSHOT.jar:/root/.m2/repository/com/google/inject/extensions/guice-multibindings/4.0/guice-multibindings-4.0.jar:/root/.m2/repository/com/google/inject/guice/4.0/guice-4.0.jar:/root/.m2/repository/aopalliance/aopalliance/1.0/aopalliance-1.0.jar:/root/.m2/repository/com/google/inject/extensions/guice-servlet/4.0/guice-servlet-4.0.jar:/root/.m2/repository/org/glassfish/jersey/containers/jersey-container-servlet/2.27/jersey-container-servlet-2.27.jar:/root/.m2/repository/org/glassfish/hk2/guice-bridge/2.5.0/guice-bridge-2.5.0.jar:/root/.m2/repository/org/glassfish/jersey/core/jersey-server/2.27/jersey-server-2.27.jar:/root/.m2/repository/org/glassfish/jersey/core/jersey-client/2.27/jersey-client-2.27.jar:/root/.m2/repository/org/glassfish/jersey/media/jersey-media-jaxb/2.27/jersey-media-jaxb-2.27.jar:/root/.m2/repository/javax/validation/validation-api/1.1.0.Final/validation-api-1.1.0.Final.jar:/root/.m2/repository/org/glassfish/jersey/media/jersey-media-json-jackson/2.27/jersey-media-json-jackson-2.27.jar:/root/.m2/repository/org/glassfish/jersey/ext/jersey-entity-filtering/2.27/jersey-entity-filtering-2.27.jar:/root/.m2/repository/com/google/inject/extensions/guice-assistedinject/4.0/guice-assistedinject-4.0.jar:/root/.m2/repository/org/jooq/jooq/3.11.10/jooq-3.11.10.jar:/root/.m2/repository/org/jooq/jooq-meta/3.11.10/jooq-meta-3.11.10.jar:/root/.m2/repository/org/jooq/jooq-codegen/3.11.10/jooq-codegen-3.11.10.jar:/root/.m2/repository/com/jolbox/bonecp/0.8.0.RELEASE/bonecp-0.8.0.RELEASE.jar:/root/.m2/repository/org/xerial/sqlite-jdbc/3.25.2/sqlite-jdbc-3.25.2.jar:/root/.m2/repository/org/springframework/spring-jdbc/5.1.3.RELEASE/spring-jdbc-5.1.3.RELEASE.jar:/root/.m2/repository/org/springframework/spring-beans/5.1.3.RELEASE/spring-beans-5.1.3.RELEASE.jar:/root/.m2/repository/org/springframework/spring-core/5.1.3.RELEASE/spring-core-5.1.3.RELEASE.jar:/root/.m2/repository/org/springframework/spring-jcl/5.1.3.RELEASE/spring-jcl-5.1.3.RELEASE.jar:/root/.m2/repository/org/springframework/spring-tx/5.1.3.RELEASE/spring-tx-5.1.3.RELEASE.jar:/root/.m2/repository/org/apache/hadoop/hadoop-ozone-client/0.5.0-SNAPSHOT/hadoop-ozone-client-0.5.0-SNAPSHOT.jar:/root/.m2/repository/org/apache/hadoop/hadoop-ozone-ozone-manager/0.5.0-SNAPSHOT/hadoop-ozone-ozone-manager-0.5.0-SNAPSHOT-tests.jar:/root/.m2/repository/junit/junit/4.11/junit-4.11.jar:/root/.m2/repository/org/hamcrest/hamcrest-core/1.3/hamcrest-core-1.3.jar:/root/.m2/repository/org/openjdk/jmh/jmh-core/1.19/jmh-core-1.19.jar:/root/.m2/repository/net/sf/jopt-simple/jopt-simple/4.6/jopt-simple-4.6.jar:/root/.m2/repository/org/apache/commons/commons-math3/3.1.1/commons-math3-3.1.1.jar:/root/.m2/repository/org/openjdk/jmh/jmh-generator-annprocess/1.19/jmh-generator-annprocess-1.19.jar:/root/.m2/repository/org/mockito/mockito-all/1.8.5/mockito-all-1.8.5.jar:/root/.m2/repository/org/apache/hadoop/hadoop-kms/3.2.0/hadoop-kms-3.2.0.jar:/root/.m2/repository/org/apache/hadoop/hadoop-auth/3.2.0/hadoop-auth-3.2.0.jar:/root/.m2/repository/com/nimbusds/nimbus-jose-jwt/4.41.1/nimbus-jose-jwt-4.41.1.jar:/root/.m2/repository/com/github/stephenc/jcip/jcip-annotations/1.0-1/jcip-annotations-1.0-1.jar:/root/.m2/repository/net/minidev/json-smart/2.3/json-smart-2.3.jar:/root/.m2/repository/net/minidev/accessors-smart/1.2/accessors-smart-1.2.jar:/root/.m2/repository/org/ow2/asm/asm/5.0.4/asm-5.0.4.jar:/root/.m2/repository/org/apache/curator/curator-framework/2.12.0/curator-framework-2.12.0.jar:/root/.m2/repository/com/sun/jersey/jersey-core/1.19/jersey-core-1.19.jar:/root/.m2/repository/javax/ws/rs/jsr311-api/1.1.1/jsr311-api-1.1.1.jar:/root/.m2/repository/com/sun/jersey/jersey-server/1.19/jersey-server-1.19.jar:/root/.m2/repository/javax/servlet/javax.servlet-api/3.1.0/javax.servlet-api-3.1.0.jar:/root/.m2/repository/org/eclipse/jetty/jetty-server/9.3.24.v20180605/jetty-server-9.3.24.v20180605.jar:/root/.m2/repository/org/eclipse/jetty/jetty-http/9.3.24.v20180605/jetty-http-9.3.24.v20180605.jar:/root/.m2/repository/org/eclipse/jetty/jetty-io/9.3.24.v20180605/jetty-io-9.3.24.v20180605.jar:/root/.m2/repository/org/eclipse/jetty/jetty-webapp/9.3.24.v20180605/jetty-webapp-9.3.24.v20180605.jar:/root/.m2/repository/org/eclipse/jetty/jetty-xml/9.3.24.v20180605/jetty-xml-9.3.24.v20180605.jar:/root/.m2/repository/log4j/log4j/1.2.17/log4j-1.2.17.jar:/root/.m2/repository/org/slf4j/slf4j-api/1.7.25/slf4j-api-1.7.25.jar:/root/.m2/repository/org/slf4j/jul-to-slf4j/1.7.25/jul-to-slf4j-1.7.25.jar:/root/.m2/repository/org/eclipse/jetty/jetty-util/9.3.24.v20180605/jetty-util-9.3.24.v20180605.jar:/root/.m2/repository/io/dropwizard/metrics/metrics-core/3.2.4/metrics-core-3.2.4.jar:/root/.m2/repository/com/fasterxml/jackson/core/jackson-databind/2.9.5/jackson-databind-2.9.5.jar:/root/.m2/repository/org/apache/hadoop/hadoop-kms/3.2.0/hadoop-kms-3.2.0-tests.jar:/root/.m2/repository/org/apache/hadoop/hadoop-hdds-server-scm/0.5.0-SNAPSHOT/hadoop-hdds-server-scm-0.5.0-SNAPSHOT-tests.jar:/root/.m2/repository/org/hamcrest/hamcrest-all/1.3/hamcrest-all-1.3.jar:/root/.m2/repository/info/picocli/picocli/3.9.6/picocli-3.9.6.jar:/root/.m2/repository/org/apache/hadoop/hadoop-hdds-container-service/0.5.0-SNAPSHOT/hadoop-hdds-container-service-0.5.0-SNAPSHOT-tests.jar:/root/.m2/repository/org/yaml/snakeyaml/1.16/snakeyaml-1.16.jar:/root/.m2/repository/org/apache/hadoop/hadoop-common/3.2.0/hadoop-common-3.2.0-tests.jar:/root/.m2/repository/org/apache/hadoop/hadoop-annotations/3.2.0/hadoop-annotations-3.2.0.jar:/usr/lib/jvm/java-1.8-openjdk/jre/../lib/tools.jar:/root/.m2/repository/commons-cli/commons-cli/1.2/commons-cli-1.2.jar:/root/.m2/repository/org/apache/httpcomponents/httpclient/4.5.2/httpclient-4.5.2.jar:/root/.m2/repository/org/apache/httpcomponents/httpcore/4.4.4/httpcore-4.4.4.jar:/root/.m2/repository/commons-codec/commons-codec/1.11/commons-codec-1.11.jar:/root/.m2/repository/commons-net/commons-net/3.6/commons-net-3.6.jar:/root/.m2/repository/commons-collections/commons-collections/3.2.2/commons-collections-3.2.2.jar:/root/.m2/repository/org/eclipse/jetty/jetty-servlet/9.3.24.v20180605/jetty-servlet-9.3.24.v20180605.jar:/root/.m2/repository/org/eclipse/jetty/jetty-security/9.3.24.v20180605/jetty-security-9.3.24.v20180605.jar:/root/.m2/repository/javax/servlet/jsp/jsp-api/2.1/jsp-api-2.1.jar:/root/.m2/repository/com/sun/jersey/jersey-servlet/1.19/jersey-servlet-1.19.jar:/root/.m2/repository/com/sun/jersey/jersey-json/1.19/jersey-json-1.19.jar:/root/.m2/repository/org/codehaus/jettison/jettison/1.1/jettison-1.1.jar:/root/.m2/repository/org/codehaus/jackson/jackson-core-asl/1.9.13/jackson-core-asl-1.9.13.jar:/root/.m2/repository/org/codehaus/jackson/jackson-mapper-asl/1.9.13/jackson-mapper-asl-1.9.13.jar:/root/.m2/repository/org/codehaus/jackson/jackson-jaxrs/1.9.13/jackson-jaxrs-1.9.13.jar:/root/.m2/repository/org/codehaus/jackson/jackson-xc/1.9.13/jackson-xc-1.9.13.jar:/root/.m2/repository/commons-logging/commons-logging/1.1.3/commons-logging-1.1.3.jar:/root/.m2/repository/commons-beanutils/commons-beanutils/1.9.3/commons-beanutils-1.9.3.jar:/root/.m2/repository/org/apache/commons/commons-configuration2/2.1.1/commons-configuration2-2.1.1.jar:/root/.m2/repository/org/apache/commons/commons-lang3/3.7/commons-lang3-3.7.jar:/root/.m2/repository/org/apache/commons/commons-text/1.4/commons-text-1.4.jar:/root/.m2/repository/org/apache/avro/avro/1.7.7/avro-1.7.7.jar:/root/.m2/repository/com/thoughtworks/paranamer/paranamer/2.3/paranamer-2.3.jar:/root/.m2/repository/org/xerial/snappy/snappy-java/1.0.5/snappy-java-1.0.5.jar:/root/.m2/repository/com/google/re2j/re2j/1.1/re2j-1.1.jar:/root/.m2/repository/com/google/code/gson/gson/2.2.4/gson-2.2.4.jar:/root/.m2/repository/com/jcraft/jsch/0.1.54/jsch-0.1.54.jar:/root/.m2/repository/org/apache/curator/curator-client/2.12.0/curator-client-2.12.0.jar:/root/.m2/repository/org/apache/curator/curator-recipes/2.12.0/curator-recipes-2.12.0.jar:/root/.m2/repository/com/google/code/findbugs/jsr305/3.0.0/jsr305-3.0.0.jar:/root/.m2/repository/org/apache/htrace/htrace-core4/4.1.0-incubating/htrace-core4-4.1.0-incubating.jar:/root/.m2/repository/org/apache/zookeeper/zookeeper/3.4.13/zookeeper-3.4.13.jar:/root/.m2/repository/org/apache/yetus/audience-annotations/0.5.0/audience-annotations-0.5.0.jar:/root/.m2/repository/org/codehaus/woodstox/stax2-api/3.1.4/stax2-api-3.1.4.jar:/root/.m2/repository/com/fasterxml/woodstox/woodstox-core/5.0.3/woodstox-core-5.0.3.jar:/root/.m2/repository/dnsjava/dnsjava/2.1.7/dnsjava-2.1.7.jar:/root/.m2/repository/org/apache/hadoop/hadoop-hdfs/3.2.0/hadoop-hdfs-3.2.0-tests.jar:/root/.m2/repository/org/eclipse/jetty/jetty-util-ajax/9.3.24.v20180605/jetty-util-ajax-9.3.24.v20180605.jar:/root/.m2/repository/commons-daemon/commons-daemon/1.0.13/commons-daemon-1.0.13.jar:/root/.m2/repository/io/netty/netty/3.10.5.Final/netty-3.10.5.Final.jar:/root/.m2/repository/io/netty/netty-all/4.0.52.Final/netty-all-4.0.52.Final.jar:/root/.m2/repository/org/fusesource/leveldbjni/leveldbjni-all/1.8/leveldbjni-all-1.8.jar:"/>
    <property name="java.vm.vendor" value="IcedTea"/>
    <property name="sun.arch.data.model" value="64"/>
    <property name="test.build.dir" value="/opt/src/hadoop-ozone/integration-test/target/test-dir"/>
    <property name="test.cache.data" value=""/>
    <property name="java.vendor.url" value="https://icedtea.classpath.org"/>
    <property name="user.timezone" value=""/>
    <property name="java.vm.specification.version" value="1.8"/>
    <property name="os.name" value="Linux"/>
    <property name="test.build.data" value="/opt/src/hadoop-ozone/integration-test/target/test-dir"/>
    <property name="user.country" value="US"/>
    <property name="sun.java.launcher" value="SUN_STANDARD"/>
    <property name="sun.boot.library.path" value="/usr/lib/jvm/java-1.8-openjdk/jre/lib/amd64"/>
    <property name="sun.java.command" value="/opt/src/hadoop-ozone/integration-test/target/surefire/surefirebooter4656831185253245413.jar /opt/src/hadoop-ozone/integration-test/target/surefire 2019-06-14T07-33-01_796-jvmRun1 surefire7181698224163944116tmp surefire_85697392171043160557tmp"/>
    <property name="surefire.test.class.path" value="/opt/src/hadoop-ozone/integration-test/target/test-classes:/opt/src/hadoop-ozone/integration-test/target/classes:/root/.m2/repository/org/apache/hadoop/hadoop-ozone-common/0.5.0-SNAPSHOT/hadoop-ozone-common-0.5.0-SNAPSHOT.jar:/root/.m2/repository/org/apache/commons/commons-compress/1.4.1/commons-compress-1.4.1.jar:/root/.m2/repository/org/tukaani/xz/1.0/xz-1.0.jar:/root/.m2/repository/org/apache/hadoop/hadoop-common/3.2.0/hadoop-common-3.2.0.jar:/root/.m2/repository/org/apache/hadoop/hadoop-hdfs/3.2.0/hadoop-hdfs-3.2.0.jar:/root/.m2/repository/org/apache/hadoop/hadoop-hdfs-client/3.2.0/hadoop-hdfs-client-3.2.0.jar:/root/.m2/repository/com/fasterxml/jackson/core/jackson-annotations/2.9.5/jackson-annotations-2.9.5.jar:/root/.m2/repository/org/apache/hadoop/hadoop-hdds-common/0.5.0-SNAPSHOT/hadoop-hdds-common-0.5.0-SNAPSHOT.jar:/root/.m2/repository/javax/annotation/javax.annotation-api/1.2/javax.annotation-api-1.2.jar:/root/.m2/repository/org/apache/ratis/ratis-server/0.4.0-fe2b15d-SNAPSHOT/ratis-server-0.4.0-fe2b15d-SNAPSHOT.jar:/root/.m2/repository/org/apache/ratis/ratis-thirdparty-misc/0.2.0/ratis-thirdparty-misc-0.2.0.jar:/root/.m2/repository/org/apache/ratis/ratis-proto/0.4.0-fe2b15d-SNAPSHOT/ratis-proto-0.4.0-fe2b15d-SNAPSHOT.jar:/root/.m2/repository/org/apache/ratis/ratis-common/0.4.0-fe2b15d-SNAPSHOT/ratis-common-0.4.0-fe2b15d-SNAPSHOT.jar:/root/.m2/repository/org/apache/ratis/ratis-client/0.4.0-fe2b15d-SNAPSHOT/ratis-client-0.4.0-fe2b15d-SNAPSHOT.jar:/root/.m2/repository/org/apache/ratis/ratis-netty/0.4.0-fe2b15d-SNAPSHOT/ratis-netty-0.4.0-fe2b15d-SNAPSHOT.jar:/root/.m2/repository/org/apache/ratis/ratis-grpc/0.4.0-fe2b15d-SNAPSHOT/ratis-grpc-0.4.0-fe2b15d-SNAPSHOT.jar:/root/.m2/repository/org/rocksdb/rocksdbjni/5.14.2/rocksdbjni-5.14.2.jar:/root/.m2/repository/org/apache/logging/log4j/log4j-api/2.11.0/log4j-api-2.11.0.jar:/root/.m2/repository/org/apache/logging/log4j/log4j-core/2.11.0/log4j-core-2.11.0.jar:/root/.m2/repository/com/lmax/disruptor/3.4.2/disruptor-3.4.2.jar:/root/.m2/repository/org/apache/commons/commons-pool2/2.6.0/commons-pool2-2.6.0.jar:/root/.m2/repository/org/bouncycastle/bcpkix-jdk15on/1.60/bcpkix-jdk15on-1.60.jar:/root/.m2/repository/commons-validator/commons-validator/1.6/commons-validator-1.6.jar:/root/.m2/repository/commons-digester/commons-digester/1.8.1/commons-digester-1.8.1.jar:/root/.m2/repository/io/jaegertracing/jaeger-client/0.33.1/jaeger-client-0.33.1.jar:/root/.m2/repository/io/jaegertracing/jaeger-thrift/0.33.1/jaeger-thrift-0.33.1.jar:/root/.m2/repository/org/apache/thrift/libthrift/0.11.0/libthrift-0.11.0.jar:/root/.m2/repository/com/squareup/okhttp3/okhttp/3.9.0/okhttp-3.9.0.jar:/root/.m2/repository/com/squareup/okio/okio/1.13.0/okio-1.13.0.jar:/root/.m2/repository/io/jaegertracing/jaeger-core/0.33.1/jaeger-core-0.33.1.jar:/root/.m2/repository/io/jaegertracing/jaeger-tracerresolver/0.33.1/jaeger-tracerresolver-0.33.1.jar:/root/.m2/repository/io/opentracing/contrib/opentracing-tracerresolver/0.1.5/opentracing-tracerresolver-0.1.5.jar:/root/.m2/repository/io/opentracing/opentracing-util/0.31.0/opentracing-util-0.31.0.jar:/root/.m2/repository/io/opentracing/opentracing-api/0.31.0/opentracing-api-0.31.0.jar:/root/.m2/repository/io/opentracing/opentracing-noop/0.31.0/opentracing-noop-0.31.0.jar:/root/.m2/repository/org/apache/hadoop/hadoop-hdds-server-framework/0.5.0-SNAPSHOT/hadoop-hdds-server-framework-0.5.0-SNAPSHOT.jar:/root/.m2/repository/org/apache/hadoop/hadoop-hdds-server-scm/0.5.0-SNAPSHOT/hadoop-hdds-server-scm-0.5.0-SNAPSHOT.jar:/root/.m2/repository/org/apache/hadoop/hadoop-hdds-container-service/0.5.0-SNAPSHOT/hadoop-hdds-container-service-0.5.0-SNAPSHOT.jar:/root/.m2/repository/org/apache/hadoop/hadoop-hdds-client/0.5.0-SNAPSHOT/hadoop-hdds-client-0.5.0-SNAPSHOT.jar:/root/.m2/repository/org/apache/hadoop/hadoop-hdds-tools/0.5.0-SNAPSHOT/hadoop-hdds-tools-0.5.0-SNAPSHOT.jar:/root/.m2/repository/org/apache/hadoop/hadoop-ozone-ozone-manager/0.5.0-SNAPSHOT/hadoop-ozone-ozone-manager-0.5.0-SNAPSHOT.jar:/root/.m2/repository/org/apache/hadoop/hadoop-hdds-docs/0.5.0-SNAPSHOT/hadoop-hdds-docs-0.5.0-SNAPSHOT.jar:/root/.m2/repository/org/bouncycastle/bcprov-jdk15on/1.60/bcprov-jdk15on-1.60.jar:/root/.m2/repository/org/apache/hadoop/hadoop-minikdc/3.2.0/hadoop-minikdc-3.2.0.jar:/root/.m2/repository/commons-io/commons-io/2.5/commons-io-2.5.jar:/root/.m2/repository/org/apache/kerby/kerb-simplekdc/1.0.1/kerb-simplekdc-1.0.1.jar:/root/.m2/repository/org/apache/kerby/kerb-client/1.0.1/kerb-client-1.0.1.jar:/root/.m2/repository/org/apache/kerby/kerby-config/1.0.1/kerby-config-1.0.1.jar:/root/.m2/repository/org/apache/kerby/kerb-core/1.0.1/kerb-core-1.0.1.jar:/root/.m2/repository/org/apache/kerby/kerby-pkix/1.0.1/kerby-pkix-1.0.1.jar:/root/.m2/repository/org/apache/kerby/kerby-asn1/1.0.1/kerby-asn1-1.0.1.jar:/root/.m2/repository/org/apache/kerby/kerby-util/1.0.1/kerby-util-1.0.1.jar:/root/.m2/repository/org/apache/kerby/kerb-common/1.0.1/kerb-common-1.0.1.jar:/root/.m2/repository/org/apache/kerby/kerb-crypto/1.0.1/kerb-crypto-1.0.1.jar:/root/.m2/repository/org/apache/kerby/kerb-util/1.0.1/kerb-util-1.0.1.jar:/root/.m2/repository/org/apache/kerby/token-provider/1.0.1/token-provider-1.0.1.jar:/root/.m2/repository/org/apache/kerby/kerb-admin/1.0.1/kerb-admin-1.0.1.jar:/root/.m2/repository/org/apache/kerby/kerb-server/1.0.1/kerb-server-1.0.1.jar:/root/.m2/repository/org/apache/kerby/kerb-identity/1.0.1/kerb-identity-1.0.1.jar:/root/.m2/repository/org/apache/kerby/kerby-xdr/1.0.1/kerby-xdr-1.0.1.jar:/root/.m2/repository/org/slf4j/slf4j-log4j12/1.7.25/slf4j-log4j12-1.7.25.jar:/root/.m2/repository/org/apache/hadoop/hadoop-ozone-objectstore-service/0.5.0-SNAPSHOT/hadoop-ozone-objectstore-service-0.5.0-SNAPSHOT.jar:/root/.m2/repository/org/apache/hadoop/hadoop-ozone-s3gateway/0.5.0-SNAPSHOT/hadoop-ozone-s3gateway-0.5.0-SNAPSHOT.jar:/root/.m2/repository/org/jboss/weld/servlet/weld-servlet/2.4.7.Final/weld-servlet-2.4.7.Final.jar:/root/.m2/repository/org/glassfish/jersey/containers/jersey-container-servlet-core/2.27/jersey-container-servlet-core-2.27.jar:/root/.m2/repository/org/glassfish/hk2/external/javax.inject/2.5.0-b42/javax.inject-2.5.0-b42.jar:/root/.m2/repository/org/glassfish/jersey/core/jersey-common/2.27/jersey-common-2.27.jar:/root/.m2/repository/org/glassfish/hk2/osgi-resource-locator/1.0.1/osgi-resource-locator-1.0.1.jar:/root/.m2/repository/javax/ws/rs/javax.ws.rs-api/2.1/javax.ws.rs-api-2.1.jar:/root/.m2/repository/org/glassfish/jersey/ext/cdi/jersey-cdi1x/2.27/jersey-cdi1x-2.27.jar:/root/.m2/repository/org/glassfish/jersey/inject/jersey-hk2/2.27/jersey-hk2-2.27.jar:/root/.m2/repository/org/glassfish/hk2/hk2-locator/2.5.0-b42/hk2-locator-2.5.0-b42.jar:/root/.m2/repository/org/javassist/javassist/3.22.0-CR2/javassist-3.22.0-CR2.jar:/root/.m2/repository/org/glassfish/hk2/hk2-api/2.5.0/hk2-api-2.5.0.jar:/root/.m2/repository/org/glassfish/hk2/external/jakarta.inject/2.5.0/jakarta.inject-2.5.0.jar:/root/.m2/repository/org/glassfish/hk2/hk2-utils/2.5.0/hk2-utils-2.5.0.jar:/root/.m2/repository/jakarta/annotation/jakarta.annotation-api/1.3.4/jakarta.annotation-api-1.3.4.jar:/root/.m2/repository/org/glassfish/hk2/external/aopalliance-repackaged/2.5.0/aopalliance-repackaged-2.5.0.jar:/root/.m2/repository/com/fasterxml/jackson/dataformat/jackson-dataformat-xml/2.9.0/jackson-dataformat-xml-2.9.0.jar:/root/.m2/repository/com/fasterxml/jackson/core/jackson-core/2.9.5/jackson-core-2.9.5.jar:/root/.m2/repository/com/fasterxml/jackson/module/jackson-module-jaxb-annotations/2.9.5/jackson-module-jaxb-annotations-2.9.5.jar:/root/.m2/repository/javax/enterprise/cdi-api/1.2/cdi-api-1.2.jar:/root/.m2/repository/javax/el/javax.el-api/3.0.0/javax.el-api-3.0.0.jar:/root/.m2/repository/javax/interceptor/javax.interceptor-api/1.2/javax.interceptor-api-1.2.jar:/root/.m2/repository/javax/inject/javax.inject/1/javax.inject-1.jar:/root/.m2/repository/com/sun/xml/bind/jaxb-impl/2.3.0.1/jaxb-impl-2.3.0.1.jar:/root/.m2/repository/com/sun/xml/bind/jaxb-core/2.3.0.1/jaxb-core-2.3.0.1.jar:/root/.m2/repository/javax/xml/bind/jaxb-api/2.3.0/jaxb-api-2.3.0.jar:/root/.m2/repository/javax/activation/activation/1.1.1/activation-1.1.1.jar:/root/.m2/repository/org/apache/hadoop/hadoop-ozone-csi/0.5.0-SNAPSHOT/hadoop-ozone-csi-0.5.0-SNAPSHOT.jar:/root/.m2/repository/com/google/protobuf/protobuf-java-util/3.5.1/protobuf-java-util-3.5.1.jar:/root/.m2/repository/org/apache/hadoop/hadoop-hdds-config/0.5.0-SNAPSHOT/hadoop-hdds-config-0.5.0-SNAPSHOT.jar:/root/.m2/repository/com/google/guava/guava/11.0.2/guava-11.0.2.jar:/root/.m2/repository/com/google/protobuf/protobuf-java/2.5.0/protobuf-java-2.5.0.jar:/root/.m2/repository/io/grpc/grpc-netty/1.17.1/grpc-netty-1.17.1.jar:/root/.m2/repository/io/grpc/grpc-core/1.17.1/grpc-core-1.17.1.jar:/root/.m2/repository/io/grpc/grpc-context/1.17.1/grpc-context-1.17.1.jar:/root/.m2/repository/com/google/errorprone/error_prone_annotations/2.2.0/error_prone_annotations-2.2.0.jar:/root/.m2/repository/org/codehaus/mojo/animal-sniffer-annotations/1.17/animal-sniffer-annotations-1.17.jar:/root/.m2/repository/io/opencensus/opencensus-api/0.17.0/opencensus-api-0.17.0.jar:/root/.m2/repository/io/opencensus/opencensus-contrib-grpc-metrics/0.17.0/opencensus-contrib-grpc-metrics-0.17.0.jar:/root/.m2/repository/io/netty/netty-codec-http2/4.1.30.Final/netty-codec-http2-4.1.30.Final.jar:/root/.m2/repository/io/netty/netty-codec-http/4.1.30.Final/netty-codec-http-4.1.30.Final.jar:/root/.m2/repository/io/netty/netty-codec/4.1.30.Final/netty-codec-4.1.30.Final.jar:/root/.m2/repository/io/netty/netty-handler/4.1.30.Final/netty-handler-4.1.30.Final.jar:/root/.m2/repository/io/netty/netty-handler-proxy/4.1.30.Final/netty-handler-proxy-4.1.30.Final.jar:/root/.m2/repository/io/netty/netty-codec-socks/4.1.30.Final/netty-codec-socks-4.1.30.Final.jar:/root/.m2/repository/io/netty/netty-transport-native-epoll/4.1.30.Final/netty-transport-native-epoll-4.1.30.Final.jar:/root/.m2/repository/io/netty/netty-common/4.1.30.Final/netty-common-4.1.30.Final.jar:/root/.m2/repository/io/netty/netty-buffer/4.1.30.Final/netty-buffer-4.1.30.Final.jar:/root/.m2/repository/io/netty/netty-transport/4.1.30.Final/netty-transport-4.1.30.Final.jar:/root/.m2/repository/io/netty/netty-resolver/4.1.30.Final/netty-resolver-4.1.30.Final.jar:/root/.m2/repository/io/netty/netty-transport-native-unix-common/4.1.30.Final/netty-transport-native-unix-common-4.1.30.Final.jar:/root/.m2/repository/io/grpc/grpc-protobuf/1.17.1/grpc-protobuf-1.17.1.jar:/root/.m2/repository/com/google/api/grpc/proto-google-common-protos/1.0.0/proto-google-common-protos-1.0.0.jar:/root/.m2/repository/io/grpc/grpc-protobuf-lite/1.17.1/grpc-protobuf-lite-1.17.1.jar:/root/.m2/repository/io/grpc/grpc-stub/1.17.1/grpc-stub-1.17.1.jar:/root/.m2/repository/org/apache/hadoop/hadoop-ozone-recon/0.5.0-SNAPSHOT/hadoop-ozone-recon-0.5.0-SNAPSHOT.jar:/root/.m2/repository/org/apache/hadoop/hadoop-ozone-reconcodegen/0.5.0-SNAPSHOT/hadoop-ozone-reconcodegen-0.5.0-SNAPSHOT.jar:/root/.m2/repository/com/google/inject/extensions/guice-multibindings/4.0/guice-multibindings-4.0.jar:/root/.m2/repository/com/google/inject/guice/4.0/guice-4.0.jar:/root/.m2/repository/aopalliance/aopalliance/1.0/aopalliance-1.0.jar:/root/.m2/repository/com/google/inject/extensions/guice-servlet/4.0/guice-servlet-4.0.jar:/root/.m2/repository/org/glassfish/jersey/containers/jersey-container-servlet/2.27/jersey-container-servlet-2.27.jar:/root/.m2/repository/org/glassfish/hk2/guice-bridge/2.5.0/guice-bridge-2.5.0.jar:/root/.m2/repository/org/glassfish/jersey/core/jersey-server/2.27/jersey-server-2.27.jar:/root/.m2/repository/org/glassfish/jersey/core/jersey-client/2.27/jersey-client-2.27.jar:/root/.m2/repository/org/glassfish/jersey/media/jersey-media-jaxb/2.27/jersey-media-jaxb-2.27.jar:/root/.m2/repository/javax/validation/validation-api/1.1.0.Final/validation-api-1.1.0.Final.jar:/root/.m2/repository/org/glassfish/jersey/media/jersey-media-json-jackson/2.27/jersey-media-json-jackson-2.27.jar:/root/.m2/repository/org/glassfish/jersey/ext/jersey-entity-filtering/2.27/jersey-entity-filtering-2.27.jar:/root/.m2/repository/com/google/inject/extensions/guice-assistedinject/4.0/guice-assistedinject-4.0.jar:/root/.m2/repository/org/jooq/jooq/3.11.10/jooq-3.11.10.jar:/root/.m2/repository/org/jooq/jooq-meta/3.11.10/jooq-meta-3.11.10.jar:/root/.m2/repository/org/jooq/jooq-codegen/3.11.10/jooq-codegen-3.11.10.jar:/root/.m2/repository/com/jolbox/bonecp/0.8.0.RELEASE/bonecp-0.8.0.RELEASE.jar:/root/.m2/repository/org/xerial/sqlite-jdbc/3.25.2/sqlite-jdbc-3.25.2.jar:/root/.m2/repository/org/springframework/spring-jdbc/5.1.3.RELEASE/spring-jdbc-5.1.3.RELEASE.jar:/root/.m2/repository/org/springframework/spring-beans/5.1.3.RELEASE/spring-beans-5.1.3.RELEASE.jar:/root/.m2/repository/org/springframework/spring-core/5.1.3.RELEASE/spring-core-5.1.3.RELEASE.jar:/root/.m2/repository/org/springframework/spring-jcl/5.1.3.RELEASE/spring-jcl-5.1.3.RELEASE.jar:/root/.m2/repository/org/springframework/spring-tx/5.1.3.RELEASE/spring-tx-5.1.3.RELEASE.jar:/root/.m2/repository/org/apache/hadoop/hadoop-ozone-client/0.5.0-SNAPSHOT/hadoop-ozone-client-0.5.0-SNAPSHOT.jar:/root/.m2/repository/org/apache/hadoop/hadoop-ozone-ozone-manager/0.5.0-SNAPSHOT/hadoop-ozone-ozone-manager-0.5.0-SNAPSHOT-tests.jar:/root/.m2/repository/junit/junit/4.11/junit-4.11.jar:/root/.m2/repository/org/hamcrest/hamcrest-core/1.3/hamcrest-core-1.3.jar:/root/.m2/repository/org/openjdk/jmh/jmh-core/1.19/jmh-core-1.19.jar:/root/.m2/repository/net/sf/jopt-simple/jopt-simple/4.6/jopt-simple-4.6.jar:/root/.m2/repository/org/apache/commons/commons-math3/3.1.1/commons-math3-3.1.1.jar:/root/.m2/repository/org/openjdk/jmh/jmh-generator-annprocess/1.19/jmh-generator-annprocess-1.19.jar:/root/.m2/repository/org/mockito/mockito-all/1.8.5/mockito-all-1.8.5.jar:/root/.m2/repository/org/apache/hadoop/hadoop-kms/3.2.0/hadoop-kms-3.2.0.jar:/root/.m2/repository/org/apache/hadoop/hadoop-auth/3.2.0/hadoop-auth-3.2.0.jar:/root/.m2/repository/com/nimbusds/nimbus-jose-jwt/4.41.1/nimbus-jose-jwt-4.41.1.jar:/root/.m2/repository/com/github/stephenc/jcip/jcip-annotations/1.0-1/jcip-annotations-1.0-1.jar:/root/.m2/repository/net/minidev/json-smart/2.3/json-smart-2.3.jar:/root/.m2/repository/net/minidev/accessors-smart/1.2/accessors-smart-1.2.jar:/root/.m2/repository/org/ow2/asm/asm/5.0.4/asm-5.0.4.jar:/root/.m2/repository/org/apache/curator/curator-framework/2.12.0/curator-framework-2.12.0.jar:/root/.m2/repository/com/sun/jersey/jersey-core/1.19/jersey-core-1.19.jar:/root/.m2/repository/javax/ws/rs/jsr311-api/1.1.1/jsr311-api-1.1.1.jar:/root/.m2/repository/com/sun/jersey/jersey-server/1.19/jersey-server-1.19.jar:/root/.m2/repository/javax/servlet/javax.servlet-api/3.1.0/javax.servlet-api-3.1.0.jar:/root/.m2/repository/org/eclipse/jetty/jetty-server/9.3.24.v20180605/jetty-server-9.3.24.v20180605.jar:/root/.m2/repository/org/eclipse/jetty/jetty-http/9.3.24.v20180605/jetty-http-9.3.24.v20180605.jar:/root/.m2/repository/org/eclipse/jetty/jetty-io/9.3.24.v20180605/jetty-io-9.3.24.v20180605.jar:/root/.m2/repository/org/eclipse/jetty/jetty-webapp/9.3.24.v20180605/jetty-webapp-9.3.24.v20180605.jar:/root/.m2/repository/org/eclipse/jetty/jetty-xml/9.3.24.v20180605/jetty-xml-9.3.24.v20180605.jar:/root/.m2/repository/log4j/log4j/1.2.17/log4j-1.2.17.jar:/root/.m2/repository/org/slf4j/slf4j-api/1.7.25/slf4j-api-1.7.25.jar:/root/.m2/repository/org/slf4j/jul-to-slf4j/1.7.25/jul-to-slf4j-1.7.25.jar:/root/.m2/repository/org/eclipse/jetty/jetty-util/9.3.24.v20180605/jetty-util-9.3.24.v20180605.jar:/root/.m2/repository/io/dropwizard/metrics/metrics-core/3.2.4/metrics-core-3.2.4.jar:/root/.m2/repository/com/fasterxml/jackson/core/jackson-databind/2.9.5/jackson-databind-2.9.5.jar:/root/.m2/repository/org/apache/hadoop/hadoop-kms/3.2.0/hadoop-kms-3.2.0-tests.jar:/root/.m2/repository/org/apache/hadoop/hadoop-hdds-server-scm/0.5.0-SNAPSHOT/hadoop-hdds-server-scm-0.5.0-SNAPSHOT-tests.jar:/root/.m2/repository/org/hamcrest/hamcrest-all/1.3/hamcrest-all-1.3.jar:/root/.m2/repository/info/picocli/picocli/3.9.6/picocli-3.9.6.jar:/root/.m2/repository/org/apache/hadoop/hadoop-hdds-container-service/0.5.0-SNAPSHOT/hadoop-hdds-container-service-0.5.0-SNAPSHOT-tests.jar:/root/.m2/repository/org/yaml/snakeyaml/1.16/snakeyaml-1.16.jar:/root/.m2/repository/org/apache/hadoop/hadoop-common/3.2.0/hadoop-common-3.2.0-tests.jar:/root/.m2/repository/org/apache/hadoop/hadoop-annotations/3.2.0/hadoop-annotations-3.2.0.jar:/usr/lib/jvm/java-1.8-openjdk/jre/../lib/tools.jar:/root/.m2/repository/commons-cli/commons-cli/1.2/commons-cli-1.2.jar:/root/.m2/repository/org/apache/httpcomponents/httpclient/4.5.2/httpclient-4.5.2.jar:/root/.m2/repository/org/apache/httpcomponents/httpcore/4.4.4/httpcore-4.4.4.jar:/root/.m2/repository/commons-codec/commons-codec/1.11/commons-codec-1.11.jar:/root/.m2/repository/commons-net/commons-net/3.6/commons-net-3.6.jar:/root/.m2/repository/commons-collections/commons-collections/3.2.2/commons-collections-3.2.2.jar:/root/.m2/repository/org/eclipse/jetty/jetty-servlet/9.3.24.v20180605/jetty-servlet-9.3.24.v20180605.jar:/root/.m2/repository/org/eclipse/jetty/jetty-security/9.3.24.v20180605/jetty-security-9.3.24.v20180605.jar:/root/.m2/repository/javax/servlet/jsp/jsp-api/2.1/jsp-api-2.1.jar:/root/.m2/repository/com/sun/jersey/jersey-servlet/1.19/jersey-servlet-1.19.jar:/root/.m2/repository/com/sun/jersey/jersey-json/1.19/jersey-json-1.19.jar:/root/.m2/repository/org/codehaus/jettison/jettison/1.1/jettison-1.1.jar:/root/.m2/repository/org/codehaus/jackson/jackson-core-asl/1.9.13/jackson-core-asl-1.9.13.jar:/root/.m2/repository/org/codehaus/jackson/jackson-mapper-asl/1.9.13/jackson-mapper-asl-1.9.13.jar:/root/.m2/repository/org/codehaus/jackson/jackson-jaxrs/1.9.13/jackson-jaxrs-1.9.13.jar:/root/.m2/repository/org/codehaus/jackson/jackson-xc/1.9.13/jackson-xc-1.9.13.jar:/root/.m2/repository/commons-logging/commons-logging/1.1.3/commons-logging-1.1.3.jar:/root/.m2/repository/commons-beanutils/commons-beanutils/1.9.3/commons-beanutils-1.9.3.jar:/root/.m2/repository/org/apache/commons/commons-configuration2/2.1.1/commons-configuration2-2.1.1.jar:/root/.m2/repository/org/apache/commons/commons-lang3/3.7/commons-lang3-3.7.jar:/root/.m2/repository/org/apache/commons/commons-text/1.4/commons-text-1.4.jar:/root/.m2/repository/org/apache/avro/avro/1.7.7/avro-1.7.7.jar:/root/.m2/repository/com/thoughtworks/paranamer/paranamer/2.3/paranamer-2.3.jar:/root/.m2/repository/org/xerial/snappy/snappy-java/1.0.5/snappy-java-1.0.5.jar:/root/.m2/repository/com/google/re2j/re2j/1.1/re2j-1.1.jar:/root/.m2/repository/com/google/code/gson/gson/2.2.4/gson-2.2.4.jar:/root/.m2/repository/com/jcraft/jsch/0.1.54/jsch-0.1.54.jar:/root/.m2/repository/org/apache/curator/curator-client/2.12.0/curator-client-2.12.0.jar:/root/.m2/repository/org/apache/curator/curator-recipes/2.12.0/curator-recipes-2.12.0.jar:/root/.m2/repository/com/google/code/findbugs/jsr305/3.0.0/jsr305-3.0.0.jar:/root/.m2/repository/org/apache/htrace/htrace-core4/4.1.0-incubating/htrace-core4-4.1.0-incubating.jar:/root/.m2/repository/org/apache/zookeeper/zookeeper/3.4.13/zookeeper-3.4.13.jar:/root/.m2/repository/org/apache/yetus/audience-annotations/0.5.0/audience-annotations-0.5.0.jar:/root/.m2/repository/org/codehaus/woodstox/stax2-api/3.1.4/stax2-api-3.1.4.jar:/root/.m2/repository/com/fasterxml/woodstox/woodstox-core/5.0.3/woodstox-core-5.0.3.jar:/root/.m2/repository/dnsjava/dnsjava/2.1.7/dnsjava-2.1.7.jar:/root/.m2/repository/org/apache/hadoop/hadoop-hdfs/3.2.0/hadoop-hdfs-3.2.0-tests.jar:/root/.m2/repository/org/eclipse/jetty/jetty-util-ajax/9.3.24.v20180605/jetty-util-ajax-9.3.24.v20180605.jar:/root/.m2/repository/commons-daemon/commons-daemon/1.0.13/commons-daemon-1.0.13.jar:/root/.m2/repository/io/netty/netty/3.10.5.Final/netty-3.10.5.Final.jar:/root/.m2/repository/io/netty/netty-all/4.0.52.Final/netty-all-4.0.52.Final.jar:/root/.m2/repository/org/fusesource/leveldbjni/leveldbjni-all/1.8/leveldbjni-all-1.8.jar:"/>
    <property name="sun.cpu.endian" value="little"/>
    <property name="user.home" value="/root"/>
    <property name="user.language" value="en"/>
    <property name="java.specification.vendor" value="Oracle Corporation"/>
    <property name="java.home" value="/usr/lib/jvm/java-1.8-openjdk/jre"/>
    <property name="java.security.krb5.conf" value="/opt/src/hadoop-ozone/integration-test/target/test-classes/krb5.conf"/>
    <property name="basedir" value="/opt/src/hadoop-ozone/integration-test"/>
    <property name="file.separator" value="/"/>
    <property name="line.separator" value="&#10;"/>
    <property name="java.vm.specification.vendor" value="Oracle Corporation"/>
    <property name="java.specification.name" value="Java Platform API Specification"/>
    <property name="java.awt.graphicsenv" value="sun.awt.X11GraphicsEnvironment"/>
    <property name="surefire.real.class.path" value="/opt/src/hadoop-ozone/integration-test/target/surefire/surefirebooter4656831185253245413.jar"/>
    <property name="hadoop.log.dir" value="/opt/src/hadoop-ozone/integration-test/target/log"/>
    <property name="sun.boot.class.path" value="/usr/lib/jvm/java-1.8-openjdk/jre/lib/resources.jar:/usr/lib/jvm/java-1.8-openjdk/jre/lib/rt.jar:/usr/lib/jvm/java-1.8-openjdk/jre/lib/sunrsasign.jar:/usr/lib/jvm/java-1.8-openjdk/jre/lib/jsse.jar:/usr/lib/jvm/java-1.8-openjdk/jre/lib/jce.jar:/usr/lib/jvm/java-1.8-openjdk/jre/lib/charsets.jar:/usr/lib/jvm/java-1.8-openjdk/jre/lib/jfr.jar:/usr/lib/jvm/java-1.8-openjdk/jre/classes"/>
    <property name="sun.management.compiler" value="HotSpot 64-Bit Tiered Compilers"/>
    <property name="java.runtime.version" value="1.8.0_212-b04"/>
    <property name="java.net.preferIPv4Stack" value="true"/>
    <property name="user.name" value="root"/>
    <property name="path.separator" value=":"/>
    <property name="java.security.egd" value="file:///dev/urandom"/>
    <property name="os.version" value="4.15.0-1021-aws"/>
    <property name="java.endorsed.dirs" value="/usr/lib/jvm/java-1.8-openjdk/jre/lib/endorsed"/>
    <property name="java.runtime.name" value="OpenJDK Runtime Environment"/>
    <property name="file.encoding" value="UTF-8"/>
    <property name="java.vm.name" value="OpenJDK 64-Bit Server VM"/>
    <property name="test.build.webapps" value=""/>
    <property name="localRepository" value="/root/.m2/repository"/>
    <property name="java.vendor.url.bug" value="https://icedtea.classpath.org/bugzilla"/>
    <property name="java.io.tmpdir" value="/tmp"/>
    <property name="require.test.libhadoop" value=""/>
    <property name="java.version" value="1.8.0_212"/>
    <property name="user.dir" value="/opt/src/hadoop-ozone/integration-test"/>
    <property name="os.arch" value="amd64"/>
    <property name="java.vm.specification.name" value="Java Virtual Machine Specification"/>
    <property name="test.build.classes" value="/opt/src/hadoop-ozone/integration-test/target/test-classes"/>
    <property name="java.awt.printerjob" value="sun.print.PSPrinterJob"/>
    <property name="sun.os.patch.level" value="unknown"/>
    <property name="hadoop.tmp.dir" value="/opt/src/hadoop-ozone/integration-test/target/tmp"/>
    <property name="java.library.path" value="/usr/lib/jvm/java-1.8-openjdk/jre/lib/amd64/server:/usr/lib/jvm/java-1.8-openjdk/jre/lib/amd64:/usr/lib/jvm/java-1.8-openjdk/jre/../lib/amd64:/opt/src/hadoop-ozone/integration-test/target/native/target/usr/local/lib:/opt/src/hadoop-ozone/integration-test/../../hadoop-common-project/hadoop-common/target/native/target/usr/local/lib:/usr/java/packages/lib/amd64:/usr/lib64:/lib64:/lib:/usr/lib"/>
    <property name="java.vm.info" value="mixed mode"/>
    <property name="java.vendor" value="IcedTea"/>
    <property name="java.vm.version" value="25.212-b04"/>
    <property name="java.ext.dirs" value="/usr/lib/jvm/java-1.8-openjdk/jre/lib/ext:/usr/java/packages/lib/ext"/>
    <property name="sun.io.unicode.encoding" value="UnicodeLittle"/>
    <property name="java.class.version" value="52.0"/>
  </properties>
  <testcase name="testPipelineFail" classname="org.apache.hadoop.hdds.scm.pipeline.TestNodeFailure" time="0">
    <skipped/>
    <system-out><![CDATA[2019-06-14 07:37:27,026 WARN  server.ServerUtils (ServerUtils.java:getScmDbDir(145)) - ozone.scm.db.dirs is not configured. We recommend adding this setting. Falling back to ozone.metadata.dirs instead.
2019-06-14 07:37:27,111 WARN  server.ServerUtils (ServerUtils.java:getScmDbDir(145)) - ozone.scm.db.dirs is not configured. We recommend adding this setting. Falling back to ozone.metadata.dirs instead.
2019-06-14 07:37:27,115 WARN  server.ServerUtils (ServerUtils.java:getScmDbDir(145)) - ozone.scm.db.dirs is not configured. We recommend adding this setting. Falling back to ozone.metadata.dirs instead.
2019-06-14 07:37:27,133 INFO  util.log (Log.java:initialized(192)) - Logging initialized @851ms
2019-06-14 07:37:27,234 INFO  db.DBStoreBuilder (DBStoreBuilder.java:addTable(110)) - using custom profile for table: deletedBlocks
2019-06-14 07:37:27,234 INFO  db.DBStoreBuilder (DBStoreBuilder.java:processTables(161)) - Using default column profile:DBProfile.DISK for Table:deletedBlocks
2019-06-14 07:37:27,235 INFO  db.DBStoreBuilder (DBStoreBuilder.java:addTable(110)) - using custom profile for table: validCerts
2019-06-14 07:37:27,235 INFO  db.DBStoreBuilder (DBStoreBuilder.java:processTables(161)) - Using default column profile:DBProfile.DISK for Table:validCerts
2019-06-14 07:37:27,235 INFO  db.DBStoreBuilder (DBStoreBuilder.java:addTable(110)) - using custom profile for table: revokedCerts
2019-06-14 07:37:27,235 INFO  db.DBStoreBuilder (DBStoreBuilder.java:processTables(161)) - Using default column profile:DBProfile.DISK for Table:revokedCerts
2019-06-14 07:37:27,247 INFO  db.DBStoreBuilder (DBStoreBuilder.java:addTable(110)) - using custom profile for table: default
2019-06-14 07:37:27,247 INFO  db.DBStoreBuilder (DBStoreBuilder.java:processTables(167)) - Using default column profile:DBProfile.DISK for Table:default
2019-06-14 07:37:27,249 INFO  db.DBStoreBuilder (DBStoreBuilder.java:getDbProfile(198)) - Using default options. DBProfile.DISK
2019-06-14 07:37:27,337 INFO  node.SCMNodeManager (SCMNodeManager.java:<init>(108)) - Entering startup safe mode.
2019-06-14 07:37:27,407 INFO  net.NodeSchemaLoader (NodeSchemaLoader.java:loadSchemaFromFile(125)) - Loading file from sun.misc.CompoundEnumeration@443118b0
2019-06-14 07:37:27,408 INFO  net.NodeSchemaLoader (NodeSchemaLoader.java:loadSchema(171)) - Loading network topology layer schema file
2019-06-14 07:37:27,471 WARN  server.ServerUtils (ServerUtils.java:getScmDbDir(145)) - ozone.scm.db.dirs is not configured. We recommend adding this setting. Falling back to ozone.metadata.dirs instead.
2019-06-14 07:37:27,496 INFO  pipeline.SCMPipelineManager (SCMPipelineManager.java:initializePipelineState(126)) - No pipeline exists in current db
2019-06-14 07:37:27,499 WARN  server.ServerUtils (ServerUtils.java:getScmDbDir(145)) - ozone.scm.db.dirs is not configured. We recommend adding this setting. Falling back to ozone.metadata.dirs instead.
2019-06-14 07:37:27,565 WARN  events.EventQueue (EventQueue.java:fireEvent(175)) - No event handler registered for event TypedEvent{payloadType=SafeModeStatus, name='SafeModeStatus'}
2019-06-14 07:37:27,927 INFO  ipc.CallQueueManager (CallQueueManager.java:<init>(84)) - Using callQueue: class java.util.concurrent.LinkedBlockingQueue, queueCapacity: 2000, scheduler: class org.apache.hadoop.ipc.DefaultRpcScheduler, ipcBackoff: false.
2019-06-14 07:37:27,959 INFO  ipc.Server (Server.java:run(1074)) - Starting Socket Reader #1 for port 41075
2019-06-14 07:37:27,987 INFO  ipc.CallQueueManager (CallQueueManager.java:<init>(84)) - Using callQueue: class java.util.concurrent.LinkedBlockingQueue, queueCapacity: 2000, scheduler: class org.apache.hadoop.ipc.DefaultRpcScheduler, ipcBackoff: false.
2019-06-14 07:37:27,989 INFO  ipc.Server (Server.java:run(1074)) - Starting Socket Reader #1 for port 42279
2019-06-14 07:37:27,999 INFO  ipc.CallQueueManager (CallQueueManager.java:<init>(84)) - Using callQueue: class java.util.concurrent.LinkedBlockingQueue, queueCapacity: 2000, scheduler: class org.apache.hadoop.ipc.DefaultRpcScheduler, ipcBackoff: false.
2019-06-14 07:37:28,057 INFO  ipc.Server (Server.java:run(1074)) - Starting Socket Reader #1 for port 37601
2019-06-14 07:37:28,067 INFO  hdfs.DFSUtil (DFSUtil.java:httpServerTemplateForNNAndJN(1641)) - Starting Web-server for scm at: http://0.0.0.0:0
2019-06-14 07:37:28,243 INFO  server.AuthenticationFilter (AuthenticationFilter.java:constructSecretProvider(240)) - Unable to initialize FileSignerSecretProvider, falling back to use random secrets.
2019-06-14 07:37:28,250 WARN  http.HttpRequestLog (HttpRequestLog.java:getRequestLog(97)) - Jetty request log can only be enabled using Log4j
2019-06-14 07:37:28,265 INFO  http.HttpServer2 (HttpServer2.java:addGlobalFilter(975)) - Added global filter 'safety' (class=org.apache.hadoop.http.HttpServer2$QuotingInputFilter)
2019-06-14 07:37:28,271 INFO  http.HttpServer2 (HttpServer2.java:addFilter(948)) - Added filter static_user_filter (class=org.apache.hadoop.http.lib.StaticUserWebFilter$StaticUserFilter) to context scm
2019-06-14 07:37:28,271 INFO  http.HttpServer2 (HttpServer2.java:addFilter(958)) - Added filter static_user_filter (class=org.apache.hadoop.http.lib.StaticUserWebFilter$StaticUserFilter) to context logs
2019-06-14 07:37:28,271 INFO  http.HttpServer2 (HttpServer2.java:addFilter(958)) - Added filter static_user_filter (class=org.apache.hadoop.http.lib.StaticUserWebFilter$StaticUserFilter) to context static
2019-06-14 07:37:28,302 INFO  server.StorageContainerManager (StorageContainerManager.java:start(752)) - StorageContainerLocationProtocol RPC server is listening at /0.0.0.0:37601
2019-06-14 07:37:28,363 WARN  impl.MetricsConfig (MetricsConfig.java:loadFirst(134)) - Cannot locate configuration: tried hadoop-metrics2-storagecontainermanager.properties,hadoop-metrics2.properties
2019-06-14 07:37:28,380 INFO  impl.MetricsSystemImpl (MetricsSystemImpl.java:startTimer(374)) - Scheduled Metric snapshot period at 10 second(s).
2019-06-14 07:37:28,380 INFO  impl.MetricsSystemImpl (MetricsSystemImpl.java:start(191)) - StorageContainerManager metrics system started
2019-06-14 07:37:28,633 INFO  server.SCMClientProtocolServer (SCMClientProtocolServer.java:start(149)) - RPC server for Client  is listening at /0.0.0.0:37601
2019-06-14 07:37:28,634 INFO  ipc.Server (Server.java:run(1314)) - IPC Server Responder: starting
2019-06-14 07:37:28,635 INFO  ipc.Server (Server.java:run(1153)) - IPC Server listener on 37601: starting
2019-06-14 07:37:28,676 INFO  server.StorageContainerManager (StorageContainerManager.java:start(761)) - ScmBlockLocationProtocol RPC server is listening at /0.0.0.0:42279
2019-06-14 07:37:28,676 INFO  server.SCMBlockProtocolServer (SCMBlockProtocolServer.java:start(137)) - RPC server for Block Protocol is listening at /0.0.0.0:42279
2019-06-14 07:37:28,676 INFO  ipc.Server (Server.java:run(1314)) - IPC Server Responder: starting
2019-06-14 07:37:28,677 INFO  ipc.Server (Server.java:run(1153)) - IPC Server listener on 42279: starting
2019-06-14 07:37:28,715 INFO  server.StorageContainerManager (StorageContainerManager.java:start(765)) - ScmDatanodeProtocl RPC server is listening at /0.0.0.0:41075
2019-06-14 07:37:28,716 INFO  server.SCMDatanodeProtocolServer (SCMDatanodeProtocolServer.java:start(191)) - RPC server for DataNodes is listening at /0.0.0.0:41075
2019-06-14 07:37:28,716 INFO  ipc.Server (Server.java:run(1314)) - IPC Server Responder: starting
2019-06-14 07:37:28,716 INFO  ipc.Server (Server.java:run(1153)) - IPC Server listener on 41075: starting
2019-06-14 07:37:28,720 INFO  http.HttpServer2 (HttpServer2.java:bindListener(1191)) - Jetty bound to port 38987
2019-06-14 07:37:28,721 INFO  server.Server (Server.java:doStart(351)) - jetty-9.3.24.v20180605, build timestamp: 2018-06-05T17:11:56Z, git hash: 84205aa28f11a4f31f2a3b86d1bba2cc8ab69827
2019-06-14 07:37:28,786 INFO  handler.ContextHandler (ContextHandler.java:doStart(781)) - Started o.e.j.s.ServletContextHandler@2df6226d{/logs,file:///opt/src/hadoop-ozone/integration-test/target/log,AVAILABLE}
2019-06-14 07:37:28,787 INFO  handler.ContextHandler (ContextHandler.java:doStart(781)) - Started o.e.j.s.ServletContextHandler@4ff4357f{/static,file:///opt/src/hadoop-ozone/integration-test/target/test-classes/webapps/static,AVAILABLE}
2019-06-14 07:37:28,832 INFO  handler.ContextHandler (ContextHandler.java:doStart(781)) - Started o.e.j.w.WebAppContext@34645867{/,file:///opt/src/hadoop-ozone/integration-test/target/test-classes/webapps/scm/,AVAILABLE}{/scm}
2019-06-14 07:37:28,837 INFO  server.AbstractConnector (AbstractConnector.java:doStart(278)) - Started ServerConnector@66629f63{HTTP/1.1,[http/1.1]}{0.0.0.0:38987}
2019-06-14 07:37:28,837 INFO  server.Server (Server.java:doStart(419)) - Started @2555ms
2019-06-14 07:37:28,839 INFO  server.BaseHttpServer (BaseHttpServer.java:updateConnectorAddress(207)) - HTTP server of SCM is listening at http://0.0.0.0:38987
2019-06-14 07:37:28,865 WARN  scm.ScmUtils (ScmUtils.java:getDBPath(63)) - ozone.om.db.dirs is not configured. We recommend adding this setting. Falling back to ozone.metadata.dirs instead.
2019-06-14 07:37:28,866 INFO  util.JvmPauseMonitor (JvmPauseMonitor.java:run(188)) - Starting JVM pause monitor
2019-06-14 07:37:28,951 WARN  scm.ScmUtils (ScmUtils.java:getDBPath(63)) - ozone.om.db.dirs is not configured. We recommend adding this setting. Falling back to ozone.metadata.dirs instead.
2019-06-14 07:37:28,952 INFO  om.OzoneManager (OzoneManager.java:setOMNodeDetails(519)) - OM Service ID is not set. Setting it to the default ID: omServiceIdDefault
2019-06-14 07:37:28,952 INFO  om.OzoneManager (OzoneManager.java:setOMNodeDetails(525)) - OM Node ID is not set. Setting it to the OmStorage's OmID: c642c9cf-47c6-4aac-a690-6e495752255d
2019-06-14 07:37:28,954 WARN  scm.HddsServerUtil (HddsServerUtil.java:getDefaultRatisDirectory(354)) - Storage directory for Ratis is not configured. It is a good idea to map this to an SSD disk. Falling back to ozone.metadata.dirs
2019-06-14 07:37:28,955 WARN  scm.HddsServerUtil (HddsServerUtil.java:getDefaultRatisDirectory(354)) - Storage directory for Ratis is not configured. It is a good idea to map this to an SSD disk. Falling back to ozone.metadata.dirs
2019-06-14 07:37:28,955 INFO  om.OzoneManager (OzoneManager.java:loadOMHAConfigs(476)) - Found matching OM address with OMServiceId: null, OMNodeId: null, RPC Address: localhost:0 and Ratis port: 9872
2019-06-14 07:37:29,150 WARN  scm.ScmUtils (ScmUtils.java:getDBPath(63)) - ozone.om.db.dirs is not configured. We recommend adding this setting. Falling back to ozone.metadata.dirs instead.
2019-06-14 07:37:29,156 INFO  db.DBStoreBuilder (DBStoreBuilder.java:addTable(110)) - using custom profile for table: userTable
2019-06-14 07:37:29,156 INFO  db.DBStoreBuilder (DBStoreBuilder.java:processTables(161)) - Using default column profile:DBProfile.DISK for Table:userTable
2019-06-14 07:37:29,157 INFO  db.DBStoreBuilder (DBStoreBuilder.java:addTable(110)) - using custom profile for table: volumeTable
2019-06-14 07:37:29,157 INFO  db.DBStoreBuilder (DBStoreBuilder.java:processTables(161)) - Using default column profile:DBProfile.DISK for Table:volumeTable
2019-06-14 07:37:29,157 INFO  db.DBStoreBuilder (DBStoreBuilder.java:addTable(110)) - using custom profile for table: bucketTable
2019-06-14 07:37:29,161 INFO  db.DBStoreBuilder (DBStoreBuilder.java:processTables(161)) - Using default column profile:DBProfile.DISK for Table:bucketTable
2019-06-14 07:37:29,162 INFO  db.DBStoreBuilder (DBStoreBuilder.java:addTable(110)) - using custom profile for table: keyTable
2019-06-14 07:37:29,162 INFO  db.DBStoreBuilder (DBStoreBuilder.java:processTables(161)) - Using default column profile:DBProfile.DISK for Table:keyTable
2019-06-14 07:37:29,162 INFO  db.DBStoreBuilder (DBStoreBuilder.java:addTable(110)) - using custom profile for table: deletedTable
2019-06-14 07:37:29,162 INFO  db.DBStoreBuilder (DBStoreBuilder.java:processTables(161)) - Using default column profile:DBProfile.DISK for Table:deletedTable
2019-06-14 07:37:29,162 INFO  db.DBStoreBuilder (DBStoreBuilder.java:addTable(110)) - using custom profile for table: openKeyTable
2019-06-14 07:37:29,163 INFO  db.DBStoreBuilder (DBStoreBuilder.java:processTables(161)) - Using default column profile:DBProfile.DISK for Table:openKeyTable
2019-06-14 07:37:29,163 INFO  db.DBStoreBuilder (DBStoreBuilder.java:addTable(110)) - using custom profile for table: s3Table
2019-06-14 07:37:29,163 INFO  db.DBStoreBuilder (DBStoreBuilder.java:processTables(161)) - Using default column profile:DBProfile.DISK for Table:s3Table
2019-06-14 07:37:29,163 INFO  db.DBStoreBuilder (DBStoreBuilder.java:addTable(110)) - using custom profile for table: multipartInfoTable
2019-06-14 07:37:29,163 INFO  db.DBStoreBuilder (DBStoreBuilder.java:processTables(161)) - Using default column profile:DBProfile.DISK for Table:multipartInfoTable
2019-06-14 07:37:29,164 INFO  db.DBStoreBuilder (DBStoreBuilder.java:addTable(110)) - using custom profile for table: dTokenTable
2019-06-14 07:37:29,164 INFO  db.DBStoreBuilder (DBStoreBuilder.java:processTables(161)) - Using default column profile:DBProfile.DISK for Table:dTokenTable
2019-06-14 07:37:29,164 INFO  db.DBStoreBuilder (DBStoreBuilder.java:addTable(110)) - using custom profile for table: s3SecretTable
2019-06-14 07:37:29,164 INFO  db.DBStoreBuilder (DBStoreBuilder.java:processTables(161)) - Using default column profile:DBProfile.DISK for Table:s3SecretTable
2019-06-14 07:37:29,165 INFO  db.DBStoreBuilder (DBStoreBuilder.java:addTable(110)) - using custom profile for table: prefixTable
2019-06-14 07:37:29,165 INFO  db.DBStoreBuilder (DBStoreBuilder.java:processTables(161)) - Using default column profile:DBProfile.DISK for Table:prefixTable
2019-06-14 07:37:29,165 INFO  db.DBStoreBuilder (DBStoreBuilder.java:addTable(110)) - using custom profile for table: default
2019-06-14 07:37:29,165 INFO  db.DBStoreBuilder (DBStoreBuilder.java:processTables(167)) - Using default column profile:DBProfile.DISK for Table:default
2019-06-14 07:37:29,166 INFO  db.DBStoreBuilder (DBStoreBuilder.java:getDbProfile(198)) - Using default options. DBProfile.DISK
2019-06-14 07:37:29,734 INFO  ipc.CallQueueManager (CallQueueManager.java:<init>(84)) - Using callQueue: class java.util.concurrent.LinkedBlockingQueue, queueCapacity: 2000, scheduler: class org.apache.hadoop.ipc.DefaultRpcScheduler, ipcBackoff: false.
2019-06-14 07:37:29,735 INFO  ipc.Server (Server.java:run(1074)) - Starting Socket Reader #1 for port 39215
2019-06-14 07:37:29,776 WARN  scm.ScmUtils (ScmUtils.java:getDBPath(63)) - ozone.om.db.dirs is not configured. We recommend adding this setting. Falling back to ozone.metadata.dirs instead.
2019-06-14 07:37:29,776 INFO  om.OzoneManager (OzoneManager.java:start(1217)) - OzoneManager RPC server is listening at localhost/127.0.0.1:39215
2019-06-14 07:37:29,776 INFO  impl.MetricsSystemImpl (MetricsSystemImpl.java:init(158)) - OzoneManager metrics system started (again)
2019-06-14 07:37:29,789 INFO  ipc.Server (Server.java:run(1314)) - IPC Server Responder: starting
2019-06-14 07:37:29,793 INFO  ipc.Server (Server.java:run(1153)) - IPC Server listener on 39215: starting
2019-06-14 07:37:29,831 INFO  hdfs.DFSUtil (DFSUtil.java:httpServerTemplateForNNAndJN(1641)) - Starting Web-server for ozoneManager at: http://0.0.0.0:0
2019-06-14 07:37:29,833 INFO  server.AuthenticationFilter (AuthenticationFilter.java:constructSecretProvider(240)) - Unable to initialize FileSignerSecretProvider, falling back to use random secrets.
2019-06-14 07:37:29,833 WARN  http.HttpRequestLog (HttpRequestLog.java:getRequestLog(97)) - Jetty request log can only be enabled using Log4j
2019-06-14 07:37:29,835 INFO  http.HttpServer2 (HttpServer2.java:addGlobalFilter(975)) - Added global filter 'safety' (class=org.apache.hadoop.http.HttpServer2$QuotingInputFilter)
2019-06-14 07:37:29,836 INFO  http.HttpServer2 (HttpServer2.java:addFilter(948)) - Added filter static_user_filter (class=org.apache.hadoop.http.lib.StaticUserWebFilter$StaticUserFilter) to context ozoneManager
2019-06-14 07:37:29,836 INFO  http.HttpServer2 (HttpServer2.java:addFilter(958)) - Added filter static_user_filter (class=org.apache.hadoop.http.lib.StaticUserWebFilter$StaticUserFilter) to context static
2019-06-14 07:37:29,836 INFO  http.HttpServer2 (HttpServer2.java:addFilter(958)) - Added filter static_user_filter (class=org.apache.hadoop.http.lib.StaticUserWebFilter$StaticUserFilter) to context logs
2019-06-14 07:37:29,838 INFO  http.HttpServer2 (HttpServer2.java:bindListener(1191)) - Jetty bound to port 46593
2019-06-14 07:37:29,838 INFO  server.Server (Server.java:doStart(351)) - jetty-9.3.24.v20180605, build timestamp: 2018-06-05T17:11:56Z, git hash: 84205aa28f11a4f31f2a3b86d1bba2cc8ab69827
2019-06-14 07:37:29,846 INFO  handler.ContextHandler (ContextHandler.java:doStart(781)) - Started o.e.j.s.ServletContextHandler@bcb09a6{/logs,file:///opt/src/hadoop-ozone/integration-test/target/log,AVAILABLE}
2019-06-14 07:37:29,846 INFO  handler.ContextHandler (ContextHandler.java:doStart(781)) - Started o.e.j.s.ServletContextHandler@a619c2{/static,file:///opt/src/hadoop-ozone/integration-test/target/test-classes/webapps/static,AVAILABLE}
2019-06-14 07:37:29,850 INFO  handler.ContextHandler (ContextHandler.java:doStart(781)) - Started o.e.j.w.WebAppContext@c9d82f9{/,file:///opt/src/hadoop-ozone/integration-test/target/test-classes/webapps/ozoneManager/,AVAILABLE}{/ozoneManager}
2019-06-14 07:37:29,851 INFO  server.AbstractConnector (AbstractConnector.java:doStart(278)) - Started ServerConnector@23b18aec{HTTP/1.1,[http/1.1]}{0.0.0.0:46593}
2019-06-14 07:37:29,851 INFO  server.Server (Server.java:doStart(419)) - Started @3569ms
2019-06-14 07:37:29,852 INFO  server.BaseHttpServer (BaseHttpServer.java:updateConnectorAddress(207)) - HTTP server of OZONEMANAGER is listening at http://0.0.0.0:46593
2019-06-14 07:37:30,011 INFO  impl.MetricsSystemImpl (MetricsSystemImpl.java:init(158)) - HddsDatanode metrics system started (again)
2019-06-14 07:37:30,190 INFO  ozone.HddsDatanodeService (HddsDatanodeService.java:start(185)) - HddsDatanodeService host:ozone-jvflj-165345997 ip:192.168.105.182
2019-06-14 07:37:30,236 INFO  volume.HddsVolume (HddsVolume.java:<init>(176)) - Creating Volume: /opt/src/hadoop-ozone/integration-test/target/test-dir/MiniOzoneClusterImpl-ce0bcbbf-3c34-41f5-959b-dbc1bf4e8c10/datanode-0/data/containers/hdds of  storage type : DISK and capacity : 104021790720
2019-06-14 07:37:30,238 INFO  volume.VolumeSet (VolumeSet.java:initializeVolumeSet(170)) - Added Volume : /opt/src/hadoop-ozone/integration-test/target/test-dir/MiniOzoneClusterImpl-ce0bcbbf-3c34-41f5-959b-dbc1bf4e8c10/datanode-0/data/containers/hdds to VolumeSet
2019-06-14 07:37:30,241 INFO  volume.ThrottledAsyncChecker (ThrottledAsyncChecker.java:schedule(140)) - Scheduling a check for org.apache.hadoop.ozone.container.common.volume.HddsVolume@6892cc6f
2019-06-14 07:37:30,265 INFO  volume.HddsVolumeChecker (HddsVolumeChecker.java:checkAllVolumes(203)) - Scheduled health check for volume org.apache.hadoop.ozone.container.common.volume.HddsVolume@6892cc6f
2019-06-14 07:37:30,330 INFO  ratis.XceiverServerRatis (XceiverServerRatis.java:newXceiverServerRatis(401)) - Found a free port for the server : 43459
2019-06-14 07:37:30,407 INFO  impl.RaftServerProxy (ConfUtils.java:logGet(43)) - raft.rpc.type = GRPC (default)
2019-06-14 07:37:30,417 INFO  grpc.GrpcConfigKeys$Server (ConfUtils.java:logGet(43)) - raft.grpc.server.port = 43459 (custom)
2019-06-14 07:37:30,418 INFO  server.GrpcService (ConfUtils.java:logGet(43)) - raft.grpc.message.size.max = 33570816 (custom)
2019-06-14 07:37:30,420 INFO  server.RaftServerConfigKeys (ConfUtils.java:logGet(43)) - raft.server.log.appender.buffer.byte-limit = 33554432 (custom)
2019-06-14 07:37:30,420 INFO  server.GrpcService (ConfUtils.java:logGet(43)) - raft.grpc.flow.control.window = 1MB (=1048576) (default)
2019-06-14 07:37:30,421 INFO  server.RaftServerConfigKeys (ConfUtils.java:logGet(43)) - raft.server.rpc.request.timeout = 3000ms (default)
2019-06-14 07:37:30,576 INFO  server.RaftServerConfigKeys (ConfUtils.java:logGet(43)) - raft.server.storage.dir = [/opt/src/hadoop-ozone/integration-test/target/test-dir/MiniOzoneClusterImpl-ce0bcbbf-3c34-41f5-959b-dbc1bf4e8c10/datanode-0/data/ratis] (custom)
2019-06-14 07:37:30,591 INFO  server.XceiverServerGrpc (XceiverServerGrpc.java:<init>(97)) - Found a free port for the server : 43941
2019-06-14 07:37:30,625 INFO  replication.SimpleContainerDownloader (SimpleContainerDownloader.java:<init>(72)) - Starting container downloader service to copy containers to replicate.
2019-06-14 07:37:30,641 INFO  hdfs.DFSUtil (DFSUtil.java:httpServerTemplateForNNAndJN(1641)) - Starting Web-server for hddsDatanode at: http://0.0.0.0:0
2019-06-14 07:37:30,643 INFO  server.AuthenticationFilter (AuthenticationFilter.java:constructSecretProvider(240)) - Unable to initialize FileSignerSecretProvider, falling back to use random secrets.
2019-06-14 07:37:30,644 WARN  http.HttpRequestLog (HttpRequestLog.java:getRequestLog(97)) - Jetty request log can only be enabled using Log4j
2019-06-14 07:37:30,645 INFO  http.HttpServer2 (HttpServer2.java:addGlobalFilter(975)) - Added global filter 'safety' (class=org.apache.hadoop.http.HttpServer2$QuotingInputFilter)
2019-06-14 07:37:30,646 INFO  http.HttpServer2 (HttpServer2.java:addFilter(948)) - Added filter static_user_filter (class=org.apache.hadoop.http.lib.StaticUserWebFilter$StaticUserFilter) to context hddsDatanode
2019-06-14 07:37:30,646 INFO  http.HttpServer2 (HttpServer2.java:addFilter(958)) - Added filter static_user_filter (class=org.apache.hadoop.http.lib.StaticUserWebFilter$StaticUserFilter) to context static
2019-06-14 07:37:30,647 INFO  http.HttpServer2 (HttpServer2.java:addFilter(958)) - Added filter static_user_filter (class=org.apache.hadoop.http.lib.StaticUserWebFilter$StaticUserFilter) to context logs
2019-06-14 07:37:30,650 INFO  http.HttpServer2 (HttpServer2.java:bindListener(1191)) - Jetty bound to port 40459
2019-06-14 07:37:30,650 INFO  server.Server (Server.java:doStart(351)) - jetty-9.3.24.v20180605, build timestamp: 2018-06-05T17:11:56Z, git hash: 84205aa28f11a4f31f2a3b86d1bba2cc8ab69827
2019-06-14 07:37:30,662 INFO  handler.ContextHandler (ContextHandler.java:doStart(781)) - Started o.e.j.s.ServletContextHandler@1317b708{/logs,file:///opt/src/hadoop-ozone/integration-test/target/log,AVAILABLE}
2019-06-14 07:37:30,663 INFO  handler.ContextHandler (ContextHandler.java:doStart(781)) - Started o.e.j.s.ServletContextHandler@2e51d054{/static,jar:file:/root/.m2/repository/org/apache/hadoop/hadoop-hdds-container-service/0.5.0-SNAPSHOT/hadoop-hdds-container-service-0.5.0-SNAPSHOT.jar!/webapps/static,AVAILABLE}
2019-06-14 07:37:30,726 INFO  handler.ContextHandler (ContextHandler.java:doStart(781)) - Started o.e.j.w.WebAppContext@20de05e5{/,file:///tmp/jetty-0.0.0.0-40459-hddsDatanode-_-any-5275997944887251460.dir/webapp/,AVAILABLE}{/hddsDatanode}
2019-06-14 07:37:30,727 INFO  server.AbstractConnector (AbstractConnector.java:doStart(278)) - Started ServerConnector@36c0d0bd{HTTP/1.1,[http/1.1]}{0.0.0.0:40459}
2019-06-14 07:37:30,727 INFO  server.Server (Server.java:doStart(419)) - Started @4445ms
2019-06-14 07:37:30,730 INFO  server.BaseHttpServer (BaseHttpServer.java:updateConnectorAddress(207)) - HTTP server of HDDSDATANODE is listening at http://0.0.0.0:40459
2019-06-14 07:37:31,723 INFO  ozone.HddsDatanodeService (HddsDatanodeService.java:startPlugins(396)) - Started plug-in org.apache.hadoop.ozone.web.OzoneHddsDatanodeService@2da81754
2019-06-14 07:37:31,729 INFO  impl.MetricsSystemImpl (MetricsSystemImpl.java:init(158)) - HddsDatanode metrics system started (again)
2019-06-14 07:37:31,730 INFO  ozone.HddsDatanodeService (HddsDatanodeService.java:start(185)) - HddsDatanodeService host:ozone-jvflj-165345997 ip:192.168.105.182
2019-06-14 07:37:31,754 INFO  util.JvmPauseMonitor (JvmPauseMonitor.java:run(188)) - Starting JVM pause monitor
2019-06-14 07:37:31,762 INFO  volume.HddsVolume (HddsVolume.java:<init>(176)) - Creating Volume: /opt/src/hadoop-ozone/integration-test/target/test-dir/MiniOzoneClusterImpl-ce0bcbbf-3c34-41f5-959b-dbc1bf4e8c10/datanode-1/data/containers/hdds of  storage type : DISK and capacity : 104021790720
2019-06-14 07:37:31,762 INFO  volume.VolumeSet (VolumeSet.java:initializeVolumeSet(170)) - Added Volume : /opt/src/hadoop-ozone/integration-test/target/test-dir/MiniOzoneClusterImpl-ce0bcbbf-3c34-41f5-959b-dbc1bf4e8c10/datanode-1/data/containers/hdds to VolumeSet
2019-06-14 07:37:31,763 INFO  volume.ThrottledAsyncChecker (ThrottledAsyncChecker.java:schedule(140)) - Scheduling a check for org.apache.hadoop.ozone.container.common.volume.HddsVolume@2b08772d
2019-06-14 07:37:31,769 INFO  volume.HddsVolumeChecker (HddsVolumeChecker.java:checkAllVolumes(203)) - Scheduled health check for volume org.apache.hadoop.ozone.container.common.volume.HddsVolume@2b08772d
2019-06-14 07:37:31,793 INFO  ratis.XceiverServerRatis (XceiverServerRatis.java:newXceiverServerRatis(401)) - Found a free port for the server : 35827
2019-06-14 07:37:31,794 INFO  impl.RaftServerProxy (ConfUtils.java:logGet(43)) - raft.rpc.type = GRPC (default)
2019-06-14 07:37:31,795 INFO  grpc.GrpcConfigKeys$Server (ConfUtils.java:logGet(43)) - raft.grpc.server.port = 35827 (custom)
2019-06-14 07:37:31,795 INFO  server.GrpcService (ConfUtils.java:logGet(43)) - raft.grpc.message.size.max = 33570816 (custom)
2019-06-14 07:37:31,795 INFO  server.RaftServerConfigKeys (ConfUtils.java:logGet(43)) - raft.server.log.appender.buffer.byte-limit = 33554432 (custom)
2019-06-14 07:37:31,795 INFO  server.GrpcService (ConfUtils.java:logGet(43)) - raft.grpc.flow.control.window = 1MB (=1048576) (default)
2019-06-14 07:37:31,796 INFO  server.RaftServerConfigKeys (ConfUtils.java:logGet(43)) - raft.server.rpc.request.timeout = 3000ms (default)
2019-06-14 07:37:31,798 INFO  server.RaftServerConfigKeys (ConfUtils.java:logGet(43)) - raft.server.storage.dir = [/opt/src/hadoop-ozone/integration-test/target/test-dir/MiniOzoneClusterImpl-ce0bcbbf-3c34-41f5-959b-dbc1bf4e8c10/datanode-1/data/ratis] (custom)
2019-06-14 07:37:31,798 INFO  server.XceiverServerGrpc (XceiverServerGrpc.java:<init>(97)) - Found a free port for the server : 40249
2019-06-14 07:37:31,799 INFO  replication.SimpleContainerDownloader (SimpleContainerDownloader.java:<init>(72)) - Starting container downloader service to copy containers to replicate.
2019-06-14 07:37:31,801 INFO  hdfs.DFSUtil (DFSUtil.java:httpServerTemplateForNNAndJN(1641)) - Starting Web-server for hddsDatanode at: http://0.0.0.0:0
2019-06-14 07:37:31,802 INFO  server.AuthenticationFilter (AuthenticationFilter.java:constructSecretProvider(240)) - Unable to initialize FileSignerSecretProvider, falling back to use random secrets.
2019-06-14 07:37:31,803 WARN  http.HttpRequestLog (HttpRequestLog.java:getRequestLog(97)) - Jetty request log can only be enabled using Log4j
2019-06-14 07:37:31,804 INFO  http.HttpServer2 (HttpServer2.java:addGlobalFilter(975)) - Added global filter 'safety' (class=org.apache.hadoop.http.HttpServer2$QuotingInputFilter)
2019-06-14 07:37:31,805 INFO  http.HttpServer2 (HttpServer2.java:addFilter(948)) - Added filter static_user_filter (class=org.apache.hadoop.http.lib.StaticUserWebFilter$StaticUserFilter) to context hddsDatanode
2019-06-14 07:37:31,805 INFO  http.HttpServer2 (HttpServer2.java:addFilter(958)) - Added filter static_user_filter (class=org.apache.hadoop.http.lib.StaticUserWebFilter$StaticUserFilter) to context logs
2019-06-14 07:37:31,806 INFO  http.HttpServer2 (HttpServer2.java:addFilter(958)) - Added filter static_user_filter (class=org.apache.hadoop.http.lib.StaticUserWebFilter$StaticUserFilter) to context static
2019-06-14 07:37:31,807 INFO  http.HttpServer2 (HttpServer2.java:bindListener(1191)) - Jetty bound to port 44131
2019-06-14 07:37:31,807 INFO  server.Server (Server.java:doStart(351)) - jetty-9.3.24.v20180605, build timestamp: 2018-06-05T17:11:56Z, git hash: 84205aa28f11a4f31f2a3b86d1bba2cc8ab69827
2019-06-14 07:37:31,861 INFO  handler.ContextHandler (ContextHandler.java:doStart(781)) - Started o.e.j.s.ServletContextHandler@60f77af{/logs,file:///opt/src/hadoop-ozone/integration-test/target/log,AVAILABLE}
2019-06-14 07:37:31,865 INFO  handler.ContextHandler (ContextHandler.java:doStart(781)) - Started o.e.j.s.ServletContextHandler@18b6d3c1{/static,jar:file:/root/.m2/repository/org/apache/hadoop/hadoop-hdds-container-service/0.5.0-SNAPSHOT/hadoop-hdds-container-service-0.5.0-SNAPSHOT.jar!/webapps/static,AVAILABLE}
2019-06-14 07:37:31,915 INFO  datanode.InitDatanodeState (InitDatanodeState.java:persistContainerDatanodeDetails(140)) - DatanodeDetails is persisted to /opt/src/hadoop-ozone/integration-test/target/test-dir/MiniOzoneClusterImpl-ce0bcbbf-3c34-41f5-959b-dbc1bf4e8c10/datanode-0/meta/datanode.id
2019-06-14 07:37:31,916 INFO  handler.ContextHandler (ContextHandler.java:doStart(781)) - Started o.e.j.w.WebAppContext@6b4125ed{/,file:///tmp/jetty-0.0.0.0-44131-hddsDatanode-_-any-7685771493720468055.dir/webapp/,AVAILABLE}{/hddsDatanode}
2019-06-14 07:37:31,922 INFO  server.AbstractConnector (AbstractConnector.java:doStart(278)) - Started ServerConnector@610d4b5e{HTTP/1.1,[http/1.1]}{0.0.0.0:44131}
2019-06-14 07:37:31,922 INFO  server.Server (Server.java:doStart(419)) - Started @5640ms
2019-06-14 07:37:31,924 INFO  server.BaseHttpServer (BaseHttpServer.java:updateConnectorAddress(207)) - HTTP server of HDDSDATANODE is listening at http://0.0.0.0:44131
2019-06-14 07:37:32,109 INFO  ozone.HddsDatanodeService (HddsDatanodeService.java:startPlugins(396)) - Started plug-in org.apache.hadoop.ozone.web.OzoneHddsDatanodeService@22825e1e
2019-06-14 07:37:32,113 INFO  impl.MetricsSystemImpl (MetricsSystemImpl.java:init(158)) - HddsDatanode metrics system started (again)
2019-06-14 07:37:32,114 INFO  ozone.HddsDatanodeService (HddsDatanodeService.java:start(185)) - HddsDatanodeService host:ozone-jvflj-165345997 ip:192.168.105.182
2019-06-14 07:37:32,125 INFO  util.JvmPauseMonitor (JvmPauseMonitor.java:run(188)) - Starting JVM pause monitor
2019-06-14 07:37:32,146 INFO  volume.HddsVolume (HddsVolume.java:<init>(176)) - Creating Volume: /opt/src/hadoop-ozone/integration-test/target/test-dir/MiniOzoneClusterImpl-ce0bcbbf-3c34-41f5-959b-dbc1bf4e8c10/datanode-2/data/containers/hdds of  storage type : DISK and capacity : 104021790720
2019-06-14 07:37:32,146 INFO  volume.VolumeSet (VolumeSet.java:initializeVolumeSet(170)) - Added Volume : /opt/src/hadoop-ozone/integration-test/target/test-dir/MiniOzoneClusterImpl-ce0bcbbf-3c34-41f5-959b-dbc1bf4e8c10/datanode-2/data/containers/hdds to VolumeSet
2019-06-14 07:37:32,146 INFO  volume.ThrottledAsyncChecker (ThrottledAsyncChecker.java:schedule(140)) - Scheduling a check for org.apache.hadoop.ozone.container.common.volume.HddsVolume@6dca31eb
2019-06-14 07:37:32,160 INFO  volume.HddsVolumeChecker (HddsVolumeChecker.java:checkAllVolumes(203)) - Scheduled health check for volume org.apache.hadoop.ozone.container.common.volume.HddsVolume@6dca31eb
2019-06-14 07:37:32,159 INFO  datanode.InitDatanodeState (InitDatanodeState.java:persistContainerDatanodeDetails(140)) - DatanodeDetails is persisted to /opt/src/hadoop-ozone/integration-test/target/test-dir/MiniOzoneClusterImpl-ce0bcbbf-3c34-41f5-959b-dbc1bf4e8c10/datanode-1/meta/datanode.id
2019-06-14 07:37:32,176 INFO  ratis.XceiverServerRatis (XceiverServerRatis.java:newXceiverServerRatis(401)) - Found a free port for the server : 39453
2019-06-14 07:37:32,177 INFO  impl.RaftServerProxy (ConfUtils.java:logGet(43)) - raft.rpc.type = GRPC (default)
2019-06-14 07:37:32,178 INFO  grpc.GrpcConfigKeys$Server (ConfUtils.java:logGet(43)) - raft.grpc.server.port = 39453 (custom)
2019-06-14 07:37:32,178 INFO  server.GrpcService (ConfUtils.java:logGet(43)) - raft.grpc.message.size.max = 33570816 (custom)
2019-06-14 07:37:32,178 INFO  server.RaftServerConfigKeys (ConfUtils.java:logGet(43)) - raft.server.log.appender.buffer.byte-limit = 33554432 (custom)
2019-06-14 07:37:32,179 INFO  server.GrpcService (ConfUtils.java:logGet(43)) - raft.grpc.flow.control.window = 1MB (=1048576) (default)
2019-06-14 07:37:32,179 INFO  server.RaftServerConfigKeys (ConfUtils.java:logGet(43)) - raft.server.rpc.request.timeout = 3000ms (default)
2019-06-14 07:37:32,179 INFO  server.RaftServerConfigKeys (ConfUtils.java:logGet(43)) - raft.server.storage.dir = [/opt/src/hadoop-ozone/integration-test/target/test-dir/MiniOzoneClusterImpl-ce0bcbbf-3c34-41f5-959b-dbc1bf4e8c10/datanode-2/data/ratis] (custom)
2019-06-14 07:37:32,180 INFO  server.XceiverServerGrpc (XceiverServerGrpc.java:<init>(97)) - Found a free port for the server : 39943
2019-06-14 07:37:32,181 INFO  replication.SimpleContainerDownloader (SimpleContainerDownloader.java:<init>(72)) - Starting container downloader service to copy containers to replicate.
2019-06-14 07:37:32,181 INFO  hdfs.DFSUtil (DFSUtil.java:httpServerTemplateForNNAndJN(1641)) - Starting Web-server for hddsDatanode at: http://0.0.0.0:0
2019-06-14 07:37:32,183 INFO  server.AuthenticationFilter (AuthenticationFilter.java:constructSecretProvider(240)) - Unable to initialize FileSignerSecretProvider, falling back to use random secrets.
2019-06-14 07:37:32,183 WARN  http.HttpRequestLog (HttpRequestLog.java:getRequestLog(97)) - Jetty request log can only be enabled using Log4j
2019-06-14 07:37:32,185 INFO  http.HttpServer2 (HttpServer2.java:addGlobalFilter(975)) - Added global filter 'safety' (class=org.apache.hadoop.http.HttpServer2$QuotingInputFilter)
2019-06-14 07:37:32,185 INFO  http.HttpServer2 (HttpServer2.java:addFilter(948)) - Added filter static_user_filter (class=org.apache.hadoop.http.lib.StaticUserWebFilter$StaticUserFilter) to context hddsDatanode
2019-06-14 07:37:32,186 INFO  http.HttpServer2 (HttpServer2.java:addFilter(958)) - Added filter static_user_filter (class=org.apache.hadoop.http.lib.StaticUserWebFilter$StaticUserFilter) to context logs
2019-06-14 07:37:32,186 INFO  http.HttpServer2 (HttpServer2.java:addFilter(958)) - Added filter static_user_filter (class=org.apache.hadoop.http.lib.StaticUserWebFilter$StaticUserFilter) to context static
2019-06-14 07:37:32,186 INFO  http.HttpServer2 (HttpServer2.java:bindListener(1191)) - Jetty bound to port 40631
2019-06-14 07:37:32,186 INFO  server.Server (Server.java:doStart(351)) - jetty-9.3.24.v20180605, build timestamp: 2018-06-05T17:11:56Z, git hash: 84205aa28f11a4f31f2a3b86d1bba2cc8ab69827
2019-06-14 07:37:32,200 INFO  handler.ContextHandler (ContextHandler.java:doStart(781)) - Started o.e.j.s.ServletContextHandler@4d4436d0{/logs,file:///opt/src/hadoop-ozone/integration-test/target/log,AVAILABLE}
2019-06-14 07:37:32,201 INFO  handler.ContextHandler (ContextHandler.java:doStart(781)) - Started o.e.j.s.ServletContextHandler@2443abd6{/static,jar:file:/root/.m2/repository/org/apache/hadoop/hadoop-hdds-container-service/0.5.0-SNAPSHOT/hadoop-hdds-container-service-0.5.0-SNAPSHOT.jar!/webapps/static,AVAILABLE}
2019-06-14 07:37:32,238 INFO  handler.ContextHandler (ContextHandler.java:doStart(781)) - Started o.e.j.w.WebAppContext@31acfd4e{/,file:///tmp/jetty-0.0.0.0-40631-hddsDatanode-_-any-2928527825445315981.dir/webapp/,AVAILABLE}{/hddsDatanode}
2019-06-14 07:37:32,244 INFO  server.AbstractConnector (AbstractConnector.java:doStart(278)) - Started ServerConnector@5f726750{HTTP/1.1,[http/1.1]}{0.0.0.0:40631}
2019-06-14 07:37:32,244 INFO  server.Server (Server.java:doStart(419)) - Started @5962ms
2019-06-14 07:37:32,246 INFO  server.BaseHttpServer (BaseHttpServer.java:updateConnectorAddress(207)) - HTTP server of HDDSDATANODE is listening at http://0.0.0.0:40631
2019-06-14 07:37:32,446 INFO  ozone.HddsDatanodeService (HddsDatanodeService.java:startPlugins(396)) - Started plug-in org.apache.hadoop.ozone.web.OzoneHddsDatanodeService@781aff8b
2019-06-14 07:37:32,448 INFO  impl.MetricsSystemImpl (MetricsSystemImpl.java:init(158)) - HddsDatanode metrics system started (again)
2019-06-14 07:37:32,449 INFO  ozone.HddsDatanodeService (HddsDatanodeService.java:start(185)) - HddsDatanodeService host:ozone-jvflj-165345997 ip:192.168.105.182
2019-06-14 07:37:32,463 INFO  util.JvmPauseMonitor (JvmPauseMonitor.java:run(188)) - Starting JVM pause monitor
2019-06-14 07:37:32,465 INFO  datanode.InitDatanodeState (InitDatanodeState.java:persistContainerDatanodeDetails(140)) - DatanodeDetails is persisted to /opt/src/hadoop-ozone/integration-test/target/test-dir/MiniOzoneClusterImpl-ce0bcbbf-3c34-41f5-959b-dbc1bf4e8c10/datanode-2/meta/datanode.id
2019-06-14 07:37:32,475 INFO  volume.HddsVolume (HddsVolume.java:<init>(176)) - Creating Volume: /opt/src/hadoop-ozone/integration-test/target/test-dir/MiniOzoneClusterImpl-ce0bcbbf-3c34-41f5-959b-dbc1bf4e8c10/datanode-3/data/containers/hdds of  storage type : DISK and capacity : 104021790720
2019-06-14 07:37:32,475 INFO  volume.VolumeSet (VolumeSet.java:initializeVolumeSet(170)) - Added Volume : /opt/src/hadoop-ozone/integration-test/target/test-dir/MiniOzoneClusterImpl-ce0bcbbf-3c34-41f5-959b-dbc1bf4e8c10/datanode-3/data/containers/hdds to VolumeSet
2019-06-14 07:37:32,475 INFO  volume.ThrottledAsyncChecker (ThrottledAsyncChecker.java:schedule(140)) - Scheduling a check for org.apache.hadoop.ozone.container.common.volume.HddsVolume@6282b9f5
2019-06-14 07:37:32,482 INFO  volume.HddsVolumeChecker (HddsVolumeChecker.java:checkAllVolumes(203)) - Scheduled health check for volume org.apache.hadoop.ozone.container.common.volume.HddsVolume@6282b9f5
2019-06-14 07:37:32,497 INFO  ratis.XceiverServerRatis (XceiverServerRatis.java:newXceiverServerRatis(401)) - Found a free port for the server : 36355
2019-06-14 07:37:32,498 INFO  impl.RaftServerProxy (ConfUtils.java:logGet(43)) - raft.rpc.type = GRPC (default)
2019-06-14 07:37:32,499 INFO  grpc.GrpcConfigKeys$Server (ConfUtils.java:logGet(43)) - raft.grpc.server.port = 36355 (custom)
2019-06-14 07:37:32,499 INFO  server.GrpcService (ConfUtils.java:logGet(43)) - raft.grpc.message.size.max = 33570816 (custom)
2019-06-14 07:37:32,499 INFO  server.RaftServerConfigKeys (ConfUtils.java:logGet(43)) - raft.server.log.appender.buffer.byte-limit = 33554432 (custom)
2019-06-14 07:37:32,499 INFO  server.GrpcService (ConfUtils.java:logGet(43)) - raft.grpc.flow.control.window = 1MB (=1048576) (default)
2019-06-14 07:37:32,500 INFO  server.RaftServerConfigKeys (ConfUtils.java:logGet(43)) - raft.server.rpc.request.timeout = 3000ms (default)
2019-06-14 07:37:32,500 INFO  server.RaftServerConfigKeys (ConfUtils.java:logGet(43)) - raft.server.storage.dir = [/opt/src/hadoop-ozone/integration-test/target/test-dir/MiniOzoneClusterImpl-ce0bcbbf-3c34-41f5-959b-dbc1bf4e8c10/datanode-3/data/ratis] (custom)
2019-06-14 07:37:32,501 INFO  server.XceiverServerGrpc (XceiverServerGrpc.java:<init>(97)) - Found a free port for the server : 37355
2019-06-14 07:37:32,501 INFO  replication.SimpleContainerDownloader (SimpleContainerDownloader.java:<init>(72)) - Starting container downloader service to copy containers to replicate.
2019-06-14 07:37:32,506 INFO  hdfs.DFSUtil (DFSUtil.java:httpServerTemplateForNNAndJN(1641)) - Starting Web-server for hddsDatanode at: http://0.0.0.0:0
2019-06-14 07:37:32,507 INFO  server.AuthenticationFilter (AuthenticationFilter.java:constructSecretProvider(240)) - Unable to initialize FileSignerSecretProvider, falling back to use random secrets.
2019-06-14 07:37:32,513 WARN  http.HttpRequestLog (HttpRequestLog.java:getRequestLog(97)) - Jetty request log can only be enabled using Log4j
2019-06-14 07:37:32,515 INFO  http.HttpServer2 (HttpServer2.java:addGlobalFilter(975)) - Added global filter 'safety' (class=org.apache.hadoop.http.HttpServer2$QuotingInputFilter)
2019-06-14 07:37:32,515 INFO  http.HttpServer2 (HttpServer2.java:addFilter(948)) - Added filter static_user_filter (class=org.apache.hadoop.http.lib.StaticUserWebFilter$StaticUserFilter) to context hddsDatanode
2019-06-14 07:37:32,515 INFO  http.HttpServer2 (HttpServer2.java:addFilter(958)) - Added filter static_user_filter (class=org.apache.hadoop.http.lib.StaticUserWebFilter$StaticUserFilter) to context static
2019-06-14 07:37:32,515 INFO  http.HttpServer2 (HttpServer2.java:addFilter(958)) - Added filter static_user_filter (class=org.apache.hadoop.http.lib.StaticUserWebFilter$StaticUserFilter) to context logs
2019-06-14 07:37:32,516 INFO  http.HttpServer2 (HttpServer2.java:bindListener(1191)) - Jetty bound to port 37445
2019-06-14 07:37:32,516 INFO  server.Server (Server.java:doStart(351)) - jetty-9.3.24.v20180605, build timestamp: 2018-06-05T17:11:56Z, git hash: 84205aa28f11a4f31f2a3b86d1bba2cc8ab69827
2019-06-14 07:37:32,522 INFO  handler.ContextHandler (ContextHandler.java:doStart(781)) - Started o.e.j.s.ServletContextHandler@17222c11{/logs,file:///opt/src/hadoop-ozone/integration-test/target/log,AVAILABLE}
2019-06-14 07:37:32,522 INFO  handler.ContextHandler (ContextHandler.java:doStart(781)) - Started o.e.j.s.ServletContextHandler@25974207{/static,jar:file:/root/.m2/repository/org/apache/hadoop/hadoop-hdds-container-service/0.5.0-SNAPSHOT/hadoop-hdds-container-service-0.5.0-SNAPSHOT.jar!/webapps/static,AVAILABLE}
2019-06-14 07:37:32,546 INFO  handler.ContextHandler (ContextHandler.java:doStart(781)) - Started o.e.j.w.WebAppContext@34c53688{/,file:///tmp/jetty-0.0.0.0-37445-hddsDatanode-_-any-3015294630315197127.dir/webapp/,AVAILABLE}{/hddsDatanode}
2019-06-14 07:37:32,548 INFO  server.AbstractConnector (AbstractConnector.java:doStart(278)) - Started ServerConnector@92abee{HTTP/1.1,[http/1.1]}{0.0.0.0:37445}
2019-06-14 07:37:32,548 INFO  server.Server (Server.java:doStart(419)) - Started @6265ms
2019-06-14 07:37:32,549 INFO  server.BaseHttpServer (BaseHttpServer.java:updateConnectorAddress(207)) - HTTP server of HDDSDATANODE is listening at http://0.0.0.0:37445
2019-06-14 07:37:32,710 INFO  ozone.HddsDatanodeService (HddsDatanodeService.java:startPlugins(396)) - Started plug-in org.apache.hadoop.ozone.web.OzoneHddsDatanodeService@1cd2143b
2019-06-14 07:37:32,711 INFO  impl.MetricsSystemImpl (MetricsSystemImpl.java:init(158)) - HddsDatanode metrics system started (again)
2019-06-14 07:37:32,711 INFO  ozone.HddsDatanodeService (HddsDatanodeService.java:start(185)) - HddsDatanodeService host:ozone-jvflj-165345997 ip:192.168.105.182
2019-06-14 07:37:32,751 INFO  util.JvmPauseMonitor (JvmPauseMonitor.java:run(188)) - Starting JVM pause monitor
2019-06-14 07:37:32,764 INFO  datanode.InitDatanodeState (InitDatanodeState.java:persistContainerDatanodeDetails(140)) - DatanodeDetails is persisted to /opt/src/hadoop-ozone/integration-test/target/test-dir/MiniOzoneClusterImpl-ce0bcbbf-3c34-41f5-959b-dbc1bf4e8c10/datanode-3/meta/datanode.id
2019-06-14 07:37:32,764 INFO  volume.HddsVolume (HddsVolume.java:<init>(176)) - Creating Volume: /opt/src/hadoop-ozone/integration-test/target/test-dir/MiniOzoneClusterImpl-ce0bcbbf-3c34-41f5-959b-dbc1bf4e8c10/datanode-4/data/containers/hdds of  storage type : DISK and capacity : 104021790720
2019-06-14 07:37:32,765 INFO  volume.VolumeSet (VolumeSet.java:initializeVolumeSet(170)) - Added Volume : /opt/src/hadoop-ozone/integration-test/target/test-dir/MiniOzoneClusterImpl-ce0bcbbf-3c34-41f5-959b-dbc1bf4e8c10/datanode-4/data/containers/hdds to VolumeSet
2019-06-14 07:37:32,765 INFO  volume.ThrottledAsyncChecker (ThrottledAsyncChecker.java:schedule(140)) - Scheduling a check for org.apache.hadoop.ozone.container.common.volume.HddsVolume@261f359f
2019-06-14 07:37:32,776 INFO  volume.HddsVolumeChecker (HddsVolumeChecker.java:checkAllVolumes(203)) - Scheduled health check for volume org.apache.hadoop.ozone.container.common.volume.HddsVolume@261f359f
2019-06-14 07:37:32,789 INFO  ratis.XceiverServerRatis (XceiverServerRatis.java:newXceiverServerRatis(401)) - Found a free port for the server : 35749
2019-06-14 07:37:32,791 INFO  impl.RaftServerProxy (ConfUtils.java:logGet(43)) - raft.rpc.type = GRPC (default)
2019-06-14 07:37:32,791 INFO  grpc.GrpcConfigKeys$Server (ConfUtils.java:logGet(43)) - raft.grpc.server.port = 35749 (custom)
2019-06-14 07:37:32,791 INFO  server.GrpcService (ConfUtils.java:logGet(43)) - raft.grpc.message.size.max = 33570816 (custom)
2019-06-14 07:37:32,792 INFO  server.RaftServerConfigKeys (ConfUtils.java:logGet(43)) - raft.server.log.appender.buffer.byte-limit = 33554432 (custom)
2019-06-14 07:37:32,792 INFO  server.GrpcService (ConfUtils.java:logGet(43)) - raft.grpc.flow.control.window = 1MB (=1048576) (default)
2019-06-14 07:37:32,792 INFO  server.RaftServerConfigKeys (ConfUtils.java:logGet(43)) - raft.server.rpc.request.timeout = 3000ms (default)
2019-06-14 07:37:32,793 INFO  server.RaftServerConfigKeys (ConfUtils.java:logGet(43)) - raft.server.storage.dir = [/opt/src/hadoop-ozone/integration-test/target/test-dir/MiniOzoneClusterImpl-ce0bcbbf-3c34-41f5-959b-dbc1bf4e8c10/datanode-4/data/ratis] (custom)
2019-06-14 07:37:32,793 INFO  server.XceiverServerGrpc (XceiverServerGrpc.java:<init>(97)) - Found a free port for the server : 33701
2019-06-14 07:37:32,794 INFO  replication.SimpleContainerDownloader (SimpleContainerDownloader.java:<init>(72)) - Starting container downloader service to copy containers to replicate.
2019-06-14 07:37:32,795 INFO  hdfs.DFSUtil (DFSUtil.java:httpServerTemplateForNNAndJN(1641)) - Starting Web-server for hddsDatanode at: http://0.0.0.0:0
2019-06-14 07:37:32,796 INFO  server.AuthenticationFilter (AuthenticationFilter.java:constructSecretProvider(240)) - Unable to initialize FileSignerSecretProvider, falling back to use random secrets.
2019-06-14 07:37:32,809 WARN  http.HttpRequestLog (HttpRequestLog.java:getRequestLog(97)) - Jetty request log can only be enabled using Log4j
2019-06-14 07:37:32,811 INFO  http.HttpServer2 (HttpServer2.java:addGlobalFilter(975)) - Added global filter 'safety' (class=org.apache.hadoop.http.HttpServer2$QuotingInputFilter)
2019-06-14 07:37:32,814 INFO  http.HttpServer2 (HttpServer2.java:addFilter(948)) - Added filter static_user_filter (class=org.apache.hadoop.http.lib.StaticUserWebFilter$StaticUserFilter) to context hddsDatanode
2019-06-14 07:37:32,814 INFO  http.HttpServer2 (HttpServer2.java:addFilter(958)) - Added filter static_user_filter (class=org.apache.hadoop.http.lib.StaticUserWebFilter$StaticUserFilter) to context static
2019-06-14 07:37:32,814 INFO  http.HttpServer2 (HttpServer2.java:addFilter(958)) - Added filter static_user_filter (class=org.apache.hadoop.http.lib.StaticUserWebFilter$StaticUserFilter) to context logs
2019-06-14 07:37:32,815 INFO  http.HttpServer2 (HttpServer2.java:bindListener(1191)) - Jetty bound to port 37341
2019-06-14 07:37:32,816 INFO  server.Server (Server.java:doStart(351)) - jetty-9.3.24.v20180605, build timestamp: 2018-06-05T17:11:56Z, git hash: 84205aa28f11a4f31f2a3b86d1bba2cc8ab69827
2019-06-14 07:37:32,858 INFO  handler.ContextHandler (ContextHandler.java:doStart(781)) - Started o.e.j.s.ServletContextHandler@38732364{/logs,file:///opt/src/hadoop-ozone/integration-test/target/log,AVAILABLE}
2019-06-14 07:37:32,858 INFO  handler.ContextHandler (ContextHandler.java:doStart(781)) - Started o.e.j.s.ServletContextHandler@48cd319d{/static,jar:file:/root/.m2/repository/org/apache/hadoop/hadoop-hdds-container-service/0.5.0-SNAPSHOT/hadoop-hdds-container-service-0.5.0-SNAPSHOT.jar!/webapps/static,AVAILABLE}
2019-06-14 07:37:32,915 INFO  handler.ContextHandler (ContextHandler.java:doStart(781)) - Started o.e.j.w.WebAppContext@42c0a16e{/,file:///tmp/jetty-0.0.0.0-37341-hddsDatanode-_-any-4962666987147332646.dir/webapp/,AVAILABLE}{/hddsDatanode}
2019-06-14 07:37:32,915 INFO  server.AbstractConnector (AbstractConnector.java:doStart(278)) - Started ServerConnector@77a0dd63{HTTP/1.1,[http/1.1]}{0.0.0.0:37341}
2019-06-14 07:37:32,916 INFO  server.Server (Server.java:doStart(419)) - Started @6634ms
2019-06-14 07:37:32,923 INFO  server.BaseHttpServer (BaseHttpServer.java:updateConnectorAddress(207)) - HTTP server of HDDSDATANODE is listening at http://0.0.0.0:37341
2019-06-14 07:37:33,097 INFO  ozone.HddsDatanodeService (HddsDatanodeService.java:startPlugins(396)) - Started plug-in org.apache.hadoop.ozone.web.OzoneHddsDatanodeService@404ced67
2019-06-14 07:37:33,098 INFO  impl.MetricsSystemImpl (MetricsSystemImpl.java:init(158)) - HddsDatanode metrics system started (again)
2019-06-14 07:37:33,098 INFO  ozone.HddsDatanodeService (HddsDatanodeService.java:start(185)) - HddsDatanodeService host:ozone-jvflj-165345997 ip:192.168.105.182
2019-06-14 07:37:33,103 INFO  util.JvmPauseMonitor (JvmPauseMonitor.java:run(188)) - Starting JVM pause monitor
2019-06-14 07:37:33,105 INFO  datanode.InitDatanodeState (InitDatanodeState.java:persistContainerDatanodeDetails(140)) - DatanodeDetails is persisted to /opt/src/hadoop-ozone/integration-test/target/test-dir/MiniOzoneClusterImpl-ce0bcbbf-3c34-41f5-959b-dbc1bf4e8c10/datanode-4/meta/datanode.id
2019-06-14 07:37:33,139 INFO  volume.HddsVolume (HddsVolume.java:<init>(176)) - Creating Volume: /opt/src/hadoop-ozone/integration-test/target/test-dir/MiniOzoneClusterImpl-ce0bcbbf-3c34-41f5-959b-dbc1bf4e8c10/datanode-5/data/containers/hdds of  storage type : DISK and capacity : 104021790720
2019-06-14 07:37:33,139 INFO  volume.VolumeSet (VolumeSet.java:initializeVolumeSet(170)) - Added Volume : /opt/src/hadoop-ozone/integration-test/target/test-dir/MiniOzoneClusterImpl-ce0bcbbf-3c34-41f5-959b-dbc1bf4e8c10/datanode-5/data/containers/hdds to VolumeSet
2019-06-14 07:37:33,140 INFO  volume.ThrottledAsyncChecker (ThrottledAsyncChecker.java:schedule(140)) - Scheduling a check for org.apache.hadoop.ozone.container.common.volume.HddsVolume@27e199ce
2019-06-14 07:37:33,140 INFO  volume.HddsVolumeChecker (HddsVolumeChecker.java:checkAllVolumes(203)) - Scheduled health check for volume org.apache.hadoop.ozone.container.common.volume.HddsVolume@27e199ce
2019-06-14 07:37:33,163 INFO  ratis.XceiverServerRatis (XceiverServerRatis.java:newXceiverServerRatis(401)) - Found a free port for the server : 44631
2019-06-14 07:37:33,164 INFO  impl.RaftServerProxy (ConfUtils.java:logGet(43)) - raft.rpc.type = GRPC (default)
2019-06-14 07:37:33,164 INFO  grpc.GrpcConfigKeys$Server (ConfUtils.java:logGet(43)) - raft.grpc.server.port = 44631 (custom)
2019-06-14 07:37:33,165 INFO  server.GrpcService (ConfUtils.java:logGet(43)) - raft.grpc.message.size.max = 33570816 (custom)
2019-06-14 07:37:33,175 INFO  server.RaftServerConfigKeys (ConfUtils.java:logGet(43)) - raft.server.log.appender.buffer.byte-limit = 33554432 (custom)
2019-06-14 07:37:33,177 INFO  server.GrpcService (ConfUtils.java:logGet(43)) - raft.grpc.flow.control.window = 1MB (=1048576) (default)
2019-06-14 07:37:33,177 INFO  server.RaftServerConfigKeys (ConfUtils.java:logGet(43)) - raft.server.rpc.request.timeout = 3000ms (default)
2019-06-14 07:37:33,178 INFO  server.RaftServerConfigKeys (ConfUtils.java:logGet(43)) - raft.server.storage.dir = [/opt/src/hadoop-ozone/integration-test/target/test-dir/MiniOzoneClusterImpl-ce0bcbbf-3c34-41f5-959b-dbc1bf4e8c10/datanode-5/data/ratis] (custom)
2019-06-14 07:37:33,178 INFO  server.XceiverServerGrpc (XceiverServerGrpc.java:<init>(97)) - Found a free port for the server : 44289
2019-06-14 07:37:33,178 INFO  replication.SimpleContainerDownloader (SimpleContainerDownloader.java:<init>(72)) - Starting container downloader service to copy containers to replicate.
2019-06-14 07:37:33,181 INFO  hdfs.DFSUtil (DFSUtil.java:httpServerTemplateForNNAndJN(1641)) - Starting Web-server for hddsDatanode at: http://0.0.0.0:0
2019-06-14 07:37:33,183 INFO  server.AuthenticationFilter (AuthenticationFilter.java:constructSecretProvider(240)) - Unable to initialize FileSignerSecretProvider, falling back to use random secrets.
2019-06-14 07:37:33,184 WARN  http.HttpRequestLog (HttpRequestLog.java:getRequestLog(97)) - Jetty request log can only be enabled using Log4j
2019-06-14 07:37:33,185 INFO  http.HttpServer2 (HttpServer2.java:addGlobalFilter(975)) - Added global filter 'safety' (class=org.apache.hadoop.http.HttpServer2$QuotingInputFilter)
2019-06-14 07:37:33,187 INFO  http.HttpServer2 (HttpServer2.java:addFilter(948)) - Added filter static_user_filter (class=org.apache.hadoop.http.lib.StaticUserWebFilter$StaticUserFilter) to context hddsDatanode
2019-06-14 07:37:33,187 INFO  http.HttpServer2 (HttpServer2.java:addFilter(958)) - Added filter static_user_filter (class=org.apache.hadoop.http.lib.StaticUserWebFilter$StaticUserFilter) to context logs
2019-06-14 07:37:33,187 INFO  http.HttpServer2 (HttpServer2.java:addFilter(958)) - Added filter static_user_filter (class=org.apache.hadoop.http.lib.StaticUserWebFilter$StaticUserFilter) to context static
2019-06-14 07:37:33,188 INFO  http.HttpServer2 (HttpServer2.java:bindListener(1191)) - Jetty bound to port 37207
2019-06-14 07:37:33,188 INFO  server.Server (Server.java:doStart(351)) - jetty-9.3.24.v20180605, build timestamp: 2018-06-05T17:11:56Z, git hash: 84205aa28f11a4f31f2a3b86d1bba2cc8ab69827
2019-06-14 07:37:33,215 INFO  handler.ContextHandler (ContextHandler.java:doStart(781)) - Started o.e.j.s.ServletContextHandler@755a7218{/logs,file:///opt/src/hadoop-ozone/integration-test/target/log,AVAILABLE}
2019-06-14 07:37:33,216 INFO  handler.ContextHandler (ContextHandler.java:doStart(781)) - Started o.e.j.s.ServletContextHandler@5122e4bf{/static,jar:file:/root/.m2/repository/org/apache/hadoop/hadoop-hdds-container-service/0.5.0-SNAPSHOT/hadoop-hdds-container-service-0.5.0-SNAPSHOT.jar!/webapps/static,AVAILABLE}
2019-06-14 07:37:33,259 INFO  handler.ContextHandler (ContextHandler.java:doStart(781)) - Started o.e.j.w.WebAppContext@712e787e{/,file:///tmp/jetty-0.0.0.0-37207-hddsDatanode-_-any-3944973545920069093.dir/webapp/,AVAILABLE}{/hddsDatanode}
2019-06-14 07:37:33,261 INFO  server.AbstractConnector (AbstractConnector.java:doStart(278)) - Started ServerConnector@53ea380b{HTTP/1.1,[http/1.1]}{0.0.0.0:37207}
2019-06-14 07:37:33,261 INFO  server.Server (Server.java:doStart(419)) - Started @6979ms
2019-06-14 07:37:33,262 INFO  server.BaseHttpServer (BaseHttpServer.java:updateConnectorAddress(207)) - HTTP server of HDDSDATANODE is listening at http://0.0.0.0:37207
2019-06-14 07:37:33,495 INFO  ozone.HddsDatanodeService (HddsDatanodeService.java:startPlugins(396)) - Started plug-in org.apache.hadoop.ozone.web.OzoneHddsDatanodeService@6818fd48
2019-06-14 07:37:33,496 INFO  ozone.MiniOzoneClusterImpl (MiniOzoneClusterImpl.java:lambda$waitForClusterToBeReady$0(142)) - Waiting for cluster to be ready. Got 0 of 6 DN Heartbeats.
2019-06-14 07:37:33,505 INFO  util.JvmPauseMonitor (JvmPauseMonitor.java:run(188)) - Starting JVM pause monitor
2019-06-14 07:37:33,507 INFO  datanode.InitDatanodeState (InitDatanodeState.java:persistContainerDatanodeDetails(140)) - DatanodeDetails is persisted to /opt/src/hadoop-ozone/integration-test/target/test-dir/MiniOzoneClusterImpl-ce0bcbbf-3c34-41f5-959b-dbc1bf4e8c10/datanode-5/meta/datanode.id
2019-06-14 07:37:33,776 INFO  ozoneimpl.OzoneContainer (OzoneContainer.java:start(186)) - Attempting to start container services.
2019-06-14 07:37:33,776 INFO  ozoneimpl.OzoneContainer (OzoneContainer.java:startContainerScrub(160)) - Background container scrubber has been disabled by hdds.containerscrub.enabled
2019-06-14 07:37:33,776 INFO  ratis.XceiverServerRatis (XceiverServerRatis.java:start(418)) - Starting XceiverServerRatis 8116b8f3-8837-4500-86e2-059629570348 at port 43459
2019-06-14 07:37:33,800 INFO  impl.RaftServerProxy (RaftServerProxy.java:lambda$start$3(299)) - 8116b8f3-8837-4500-86e2-059629570348: start RPC server
2019-06-14 07:37:33,936 INFO  server.GrpcService (GrpcService.java:startImpl(148)) - 8116b8f3-8837-4500-86e2-059629570348: GrpcService started, listening on 0.0.0.0/0.0.0.0:43459
2019-06-14 07:37:34,133 INFO  ozoneimpl.OzoneContainer (OzoneContainer.java:start(186)) - Attempting to start container services.
2019-06-14 07:37:34,134 INFO  ozoneimpl.OzoneContainer (OzoneContainer.java:startContainerScrub(160)) - Background container scrubber has been disabled by hdds.containerscrub.enabled
2019-06-14 07:37:34,135 INFO  ratis.XceiverServerRatis (XceiverServerRatis.java:start(418)) - Starting XceiverServerRatis de306114-1c7c-4041-bebf-19374cefd088 at port 35827
2019-06-14 07:37:34,144 INFO  impl.RaftServerProxy (RaftServerProxy.java:lambda$start$3(299)) - de306114-1c7c-4041-bebf-19374cefd088: start RPC server
2019-06-14 07:37:34,146 INFO  server.GrpcService (GrpcService.java:startImpl(148)) - de306114-1c7c-4041-bebf-19374cefd088: GrpcService started, listening on 0.0.0.0/0.0.0.0:35827
2019-06-14 07:37:34,467 INFO  ozoneimpl.OzoneContainer (OzoneContainer.java:start(186)) - Attempting to start container services.
2019-06-14 07:37:34,468 INFO  ozoneimpl.OzoneContainer (OzoneContainer.java:startContainerScrub(160)) - Background container scrubber has been disabled by hdds.containerscrub.enabled
2019-06-14 07:37:34,469 INFO  ratis.XceiverServerRatis (XceiverServerRatis.java:start(418)) - Starting XceiverServerRatis 24801b01-9959-4b98-a346-205476f64662 at port 39453
2019-06-14 07:37:34,476 INFO  impl.RaftServerProxy (RaftServerProxy.java:lambda$start$3(299)) - 24801b01-9959-4b98-a346-205476f64662: start RPC server
2019-06-14 07:37:34,481 INFO  server.GrpcService (GrpcService.java:startImpl(148)) - 24801b01-9959-4b98-a346-205476f64662: GrpcService started, listening on 0.0.0.0/0.0.0.0:39453
2019-06-14 07:37:34,496 INFO  ozone.MiniOzoneClusterImpl (MiniOzoneClusterImpl.java:lambda$waitForClusterToBeReady$0(142)) - Waiting for cluster to be ready. Got 0 of 6 DN Heartbeats.
2019-06-14 07:37:34,756 INFO  ozoneimpl.OzoneContainer (OzoneContainer.java:start(186)) - Attempting to start container services.
2019-06-14 07:37:34,758 INFO  ozoneimpl.OzoneContainer (OzoneContainer.java:startContainerScrub(160)) - Background container scrubber has been disabled by hdds.containerscrub.enabled
2019-06-14 07:37:34,758 INFO  ratis.XceiverServerRatis (XceiverServerRatis.java:start(418)) - Starting XceiverServerRatis 3fee9989-773c-4ec0-8501-93f0a9f2fda0 at port 36355
2019-06-14 07:37:34,763 INFO  impl.RaftServerProxy (RaftServerProxy.java:lambda$start$3(299)) - 3fee9989-773c-4ec0-8501-93f0a9f2fda0: start RPC server
2019-06-14 07:37:34,765 INFO  server.GrpcService (GrpcService.java:startImpl(148)) - 3fee9989-773c-4ec0-8501-93f0a9f2fda0: GrpcService started, listening on 0.0.0.0/0.0.0.0:36355
2019-06-14 07:37:35,109 INFO  ozoneimpl.OzoneContainer (OzoneContainer.java:start(186)) - Attempting to start container services.
2019-06-14 07:37:35,111 INFO  ozoneimpl.OzoneContainer (OzoneContainer.java:startContainerScrub(160)) - Background container scrubber has been disabled by hdds.containerscrub.enabled
2019-06-14 07:37:35,112 INFO  ratis.XceiverServerRatis (XceiverServerRatis.java:start(418)) - Starting XceiverServerRatis 681d238c-2b60-4234-ab27-92ad0f9edec2 at port 35749
2019-06-14 07:37:35,119 INFO  impl.RaftServerProxy (RaftServerProxy.java:lambda$start$3(299)) - 681d238c-2b60-4234-ab27-92ad0f9edec2: start RPC server
2019-06-14 07:37:35,122 INFO  server.GrpcService (GrpcService.java:startImpl(148)) - 681d238c-2b60-4234-ab27-92ad0f9edec2: GrpcService started, listening on 0.0.0.0/0.0.0.0:35749
2019-06-14 07:37:35,497 INFO  ozone.MiniOzoneClusterImpl (MiniOzoneClusterImpl.java:lambda$waitForClusterToBeReady$0(142)) - Waiting for cluster to be ready. Got 0 of 6 DN Heartbeats.
2019-06-14 07:37:35,509 INFO  ozoneimpl.OzoneContainer (OzoneContainer.java:start(186)) - Attempting to start container services.
2019-06-14 07:37:35,511 INFO  ozoneimpl.OzoneContainer (OzoneContainer.java:startContainerScrub(160)) - Background container scrubber has been disabled by hdds.containerscrub.enabled
2019-06-14 07:37:35,511 INFO  ratis.XceiverServerRatis (XceiverServerRatis.java:start(418)) - Starting XceiverServerRatis f96c4e14-cb14-433a-8f24-2953e7717712 at port 44631
2019-06-14 07:37:35,515 INFO  impl.RaftServerProxy (RaftServerProxy.java:lambda$start$3(299)) - f96c4e14-cb14-433a-8f24-2953e7717712: start RPC server
2019-06-14 07:37:35,517 INFO  server.GrpcService (GrpcService.java:startImpl(148)) - f96c4e14-cb14-433a-8f24-2953e7717712: GrpcService started, listening on 0.0.0.0/0.0.0.0:44631
2019-06-14 07:37:35,768 INFO  node.SCMNodeManager (SCMNodeManager.java:register(234)) - Registered Data node : 8116b8f3-8837-4500-86e2-059629570348{ip: 192.168.105.182, host: ozone-jvflj-165345997, networkLocation: /default-rack, certSerialId: null}
2019-06-14 07:37:35,772 INFO  safemode.SCMSafeModeManager (DataNodeSafeModeRule.java:process(71)) - SCM in safe mode. 1 DataNodes registered, 1 required.
2019-06-14 07:37:35,773 INFO  safemode.SCMSafeModeManager (SCMSafeModeManager.java:validateSafeModeExitRules(177)) - ScmSafeModeManager, all rules are successfully validated
2019-06-14 07:37:35,773 INFO  safemode.SCMSafeModeManager (SCMSafeModeManager.java:exitSafeMode(193)) - SCM exiting safe mode.
2019-06-14 07:37:36,129 INFO  node.SCMNodeManager (SCMNodeManager.java:register(234)) - Registered Data node : de306114-1c7c-4041-bebf-19374cefd088{ip: 192.168.105.182, host: ozone-jvflj-165345997, networkLocation: /default-rack, certSerialId: null}
2019-06-14 07:37:36,154 INFO  impl.RaftServerProxy (RaftServerProxy.java:addNew(89)) - 8116b8f3-8837-4500-86e2-059629570348: addNew group-8D0216BE286C:[8116b8f3-8837-4500-86e2-059629570348:192.168.105.182:43459] returns group-8D0216BE286C:java.util.concurrent.CompletableFuture@24ee4fc2[Not completed]
2019-06-14 07:37:36,161 INFO  impl.RaftServerImpl (RaftServerImpl.java:<init>(91)) - 8116b8f3-8837-4500-86e2-059629570348: new RaftServerImpl for group-8D0216BE286C:[8116b8f3-8837-4500-86e2-059629570348:192.168.105.182:43459] with ContainerStateMachine:uninitialized
2019-06-14 07:37:36,162 INFO  server.RaftServerConfigKeys (ConfUtils.java:logGet(43)) - raft.server.rpc.timeout.min = 1s (custom)
2019-06-14 07:37:36,163 INFO  server.RaftServerConfigKeys (ConfUtils.java:logGet(43)) - raft.server.rpc.timeout.max = 1200ms (custom)
2019-06-14 07:37:36,163 INFO  server.RaftServerConfigKeys (ConfUtils.java:logGet(43)) - raft.server.rpcslowness.timeout = 10s (custom)
2019-06-14 07:37:36,164 INFO  server.RaftServerConfigKeys (ConfUtils.java:logGet(43)) - raft.server.log.appender.install.snapshot.enabled = true (default)
2019-06-14 07:37:36,170 INFO  impl.RaftServerImpl (ServerState.java:<init>(101)) - 8116b8f3-8837-4500-86e2-059629570348:group-8D0216BE286C ConfigurationManager, init=-1: [8116b8f3-8837-4500-86e2-059629570348:192.168.105.182:43459], old=null, confs=<EMPTY_MAP>
2019-06-14 07:37:36,170 INFO  server.RaftServerConfigKeys (ConfUtils.java:logGet(43)) - raft.server.storage.dir = [/opt/src/hadoop-ozone/integration-test/target/test-dir/MiniOzoneClusterImpl-ce0bcbbf-3c34-41f5-959b-dbc1bf4e8c10/datanode-0/data/ratis] (custom)
2019-06-14 07:37:36,175 INFO  storage.RaftStorageDirectory (RaftStorageDirectory.java:analyzeStorage(246)) - The storage directory /opt/src/hadoop-ozone/integration-test/target/test-dir/MiniOzoneClusterImpl-ce0bcbbf-3c34-41f5-959b-dbc1bf4e8c10/datanode-0/data/ratis/9330de4a-3739-4aee-8324-8d0216be286c does not exist. Creating ...
2019-06-14 07:37:36,181 INFO  storage.RaftStorageDirectory (RaftStorageDirectory.java:tryLock(328)) - Lock on /opt/src/hadoop-ozone/integration-test/target/test-dir/MiniOzoneClusterImpl-ce0bcbbf-3c34-41f5-959b-dbc1bf4e8c10/datanode-0/data/ratis/9330de4a-3739-4aee-8324-8d0216be286c/in_use.lock acquired by nodename 10270@ozone-jvflj-165345997
2019-06-14 07:37:36,186 INFO  storage.RaftStorage (RaftStorage.java:format(75)) - Storage directory /opt/src/hadoop-ozone/integration-test/target/test-dir/MiniOzoneClusterImpl-ce0bcbbf-3c34-41f5-959b-dbc1bf4e8c10/datanode-0/data/ratis/9330de4a-3739-4aee-8324-8d0216be286c has been successfully formatted.
2019-06-14 07:37:36,187 INFO  ratis.ContainerStateMachine (ContainerStateMachine.java:loadSnapshot(199)) - The snapshot info is null.Setting the last applied index to:(t:0, i:~)
2019-06-14 07:37:36,188 INFO  server.RaftServerConfigKeys (ConfUtils.java:logGet(43)) - raft.server.leader.election.timeout = 10s (custom)
2019-06-14 07:37:36,314 INFO  server.RaftServerConfigKeys (ConfUtils.java:logGet(43)) - raft.server.log.use.memory = false (default)
2019-06-14 07:37:36,316 INFO  server.RaftServerConfigKeys (ConfUtils.java:logGet(43)) - raft.server.log.appender.buffer.byte-limit = 33554432 (custom)
2019-06-14 07:37:36,320 INFO  server.RaftServerConfigKeys (ConfUtils.java:logGet(43)) - raft.server.log.segment.size.max = 16384 (custom)
2019-06-14 07:37:36,323 INFO  server.RaftServerConfigKeys (ConfUtils.java:logGet(43)) - raft.server.log.segment.cache.num.max = 2 (custom)
2019-06-14 07:37:36,326 INFO  storage.RaftLogWorker (RaftLogWorker.java:<init>(123)) - new 8116b8f3-8837-4500-86e2-059629570348-RaftLogWorker for Storage Directory /opt/src/hadoop-ozone/integration-test/target/test-dir/MiniOzoneClusterImpl-ce0bcbbf-3c34-41f5-959b-dbc1bf4e8c10/datanode-0/data/ratis/9330de4a-3739-4aee-8324-8d0216be286c
2019-06-14 07:37:36,326 INFO  server.RaftServerConfigKeys (ConfUtils.java:logGet(43)) - raft.server.log.queue.byte-limit = 2147483647 (custom)
2019-06-14 07:37:36,326 INFO  server.RaftServerConfigKeys (ConfUtils.java:logGet(43)) - raft.server.log.queue.element-limit = 1024 (custom)
2019-06-14 07:37:36,328 INFO  server.RaftServerConfigKeys (ConfUtils.java:logGet(43)) - raft.server.log.segment.size.max = 16384 (custom)
2019-06-14 07:37:36,328 INFO  server.RaftServerConfigKeys (ConfUtils.java:logGet(43)) - raft.server.log.preallocated.size = 16384 (custom)
2019-06-14 07:37:36,328 INFO  server.RaftServerConfigKeys (ConfUtils.java:logGet(43)) - raft.server.log.write.buffer.size = 33554432 (custom)
2019-06-14 07:37:36,329 INFO  server.RaftServerConfigKeys (ConfUtils.java:logGet(43)) - raft.server.log.force.sync.num = 128 (default)
2019-06-14 07:37:36,330 INFO  server.RaftServerConfigKeys (ConfUtils.java:logGet(43)) - raft.server.log.statemachine.data.sync = true (default)
2019-06-14 07:37:36,330 INFO  server.RaftServerConfigKeys (ConfUtils.java:logGet(43)) - raft.server.log.statemachine.data.sync.timeout = 10s (default)
2019-06-14 07:37:36,331 INFO  server.RaftServerConfigKeys (ConfUtils.java:logGet(43)) - raft.server.log.statemachine.data.sync.timeout.retry = -1 (default)
2019-06-14 07:37:36,333 INFO  server.RaftServerConfigKeys (ConfUtils.java:logGet(43)) - raft.server.log.statemachine.data.caching.enabled = true (custom)
2019-06-14 07:37:36,338 INFO  server.RaftServerConfigKeys (ConfUtils.java:logGet(43)) - raft.server.snapshot.auto.trigger.enabled = true (custom)
2019-06-14 07:37:36,339 INFO  server.RaftServerConfigKeys (ConfUtils.java:logGet(43)) - raft.server.snapshot.auto.trigger.threshold = 10000 (custom)
2019-06-14 07:37:36,340 INFO  server.RaftServerConfigKeys (ConfUtils.java:logGet(43)) - raft.server.retrycache.expirytime = 600000ms (custom)
2019-06-14 07:37:36,357 INFO  impl.RaftServerImpl (RaftServerImpl.java:start(173)) - 8116b8f3-8837-4500-86e2-059629570348: start group-8D0216BE286C
2019-06-14 07:37:36,358 INFO  impl.RaftServerImpl (RaftServerImpl.java:setRole(164)) - 8116b8f3-8837-4500-86e2-059629570348:group-8D0216BE286C changes role from null to FOLLOWER at term 0 for startAsFollower
2019-06-14 07:37:36,359 INFO  impl.RoleInfo (RoleInfo.java:updateAndGet(143)) - 8116b8f3-8837-4500-86e2-059629570348: start FollowerState
2019-06-14 07:37:36,360 INFO  util.JmxRegister (JmxRegister.java:tryRegister(44)) - Successfully registered JMX Bean with object name Ratis:service=RaftServer,group=group-8D0216BE286C,id=8116b8f3-8837-4500-86e2-059629570348
2019-06-14 07:37:36,400 INFO  pipeline.PipelineStateManager (PipelineStateManager.java:addPipeline(56)) - Created pipeline Pipeline[ Id: 9330de4a-3739-4aee-8324-8d0216be286c, Nodes: 8116b8f3-8837-4500-86e2-059629570348{ip: 192.168.105.182, host: ozone-jvflj-165345997, networkLocation: /default-rack, certSerialId: null}, Type:RATIS, Factor:ONE, State:OPEN]
2019-06-14 07:37:36,421 INFO  impl.RaftServerProxy (RaftServerProxy.java:addNew(89)) - de306114-1c7c-4041-bebf-19374cefd088: addNew group-8D203E8C8640:[de306114-1c7c-4041-bebf-19374cefd088:192.168.105.182:35827] returns group-8D203E8C8640:java.util.concurrent.CompletableFuture@26ebc634[Not completed]
2019-06-14 07:37:36,423 INFO  impl.RaftServerImpl (RaftServerImpl.java:<init>(91)) - de306114-1c7c-4041-bebf-19374cefd088: new RaftServerImpl for group-8D203E8C8640:[de306114-1c7c-4041-bebf-19374cefd088:192.168.105.182:35827] with ContainerStateMachine:uninitialized
2019-06-14 07:37:36,424 INFO  server.RaftServerConfigKeys (ConfUtils.java:logGet(43)) - raft.server.rpc.timeout.min = 1s (custom)
2019-06-14 07:37:36,424 INFO  server.RaftServerConfigKeys (ConfUtils.java:logGet(43)) - raft.server.rpc.timeout.max = 1200ms (custom)
2019-06-14 07:37:36,424 INFO  server.RaftServerConfigKeys (ConfUtils.java:logGet(43)) - raft.server.rpcslowness.timeout = 10s (custom)
2019-06-14 07:37:36,424 INFO  server.RaftServerConfigKeys (ConfUtils.java:logGet(43)) - raft.server.log.appender.install.snapshot.enabled = true (default)
2019-06-14 07:37:36,424 INFO  impl.RaftServerImpl (ServerState.java:<init>(101)) - de306114-1c7c-4041-bebf-19374cefd088:group-8D203E8C8640 ConfigurationManager, init=-1: [de306114-1c7c-4041-bebf-19374cefd088:192.168.105.182:35827], old=null, confs=<EMPTY_MAP>
2019-06-14 07:37:36,424 INFO  server.RaftServerConfigKeys (ConfUtils.java:logGet(43)) - raft.server.storage.dir = [/opt/src/hadoop-ozone/integration-test/target/test-dir/MiniOzoneClusterImpl-ce0bcbbf-3c34-41f5-959b-dbc1bf4e8c10/datanode-1/data/ratis] (custom)
2019-06-14 07:37:36,424 INFO  storage.RaftStorageDirectory (RaftStorageDirectory.java:analyzeStorage(246)) - The storage directory /opt/src/hadoop-ozone/integration-test/target/test-dir/MiniOzoneClusterImpl-ce0bcbbf-3c34-41f5-959b-dbc1bf4e8c10/datanode-1/data/ratis/b6577973-d29b-480b-b59a-8d203e8c8640 does not exist. Creating ...
2019-06-14 07:37:36,427 INFO  storage.RaftStorageDirectory (RaftStorageDirectory.java:tryLock(328)) - Lock on /opt/src/hadoop-ozone/integration-test/target/test-dir/MiniOzoneClusterImpl-ce0bcbbf-3c34-41f5-959b-dbc1bf4e8c10/datanode-1/data/ratis/b6577973-d29b-480b-b59a-8d203e8c8640/in_use.lock acquired by nodename 10270@ozone-jvflj-165345997
2019-06-14 07:37:36,431 INFO  storage.RaftStorage (RaftStorage.java:format(75)) - Storage directory /opt/src/hadoop-ozone/integration-test/target/test-dir/MiniOzoneClusterImpl-ce0bcbbf-3c34-41f5-959b-dbc1bf4e8c10/datanode-1/data/ratis/b6577973-d29b-480b-b59a-8d203e8c8640 has been successfully formatted.
2019-06-14 07:37:36,431 INFO  ratis.ContainerStateMachine (ContainerStateMachine.java:loadSnapshot(199)) - The snapshot info is null.Setting the last applied index to:(t:0, i:~)
2019-06-14 07:37:36,431 INFO  server.RaftServerConfigKeys (ConfUtils.java:logGet(43)) - raft.server.leader.election.timeout = 10s (custom)
2019-06-14 07:37:36,431 INFO  server.RaftServerConfigKeys (ConfUtils.java:logGet(43)) - raft.server.log.use.memory = false (default)
2019-06-14 07:37:36,431 INFO  server.RaftServerConfigKeys (ConfUtils.java:logGet(43)) - raft.server.log.appender.buffer.byte-limit = 33554432 (custom)
2019-06-14 07:37:36,431 INFO  server.RaftServerConfigKeys (ConfUtils.java:logGet(43)) - raft.server.log.segment.size.max = 16384 (custom)
2019-06-14 07:37:36,431 INFO  server.RaftServerConfigKeys (ConfUtils.java:logGet(43)) - raft.server.log.segment.cache.num.max = 2 (custom)
2019-06-14 07:37:36,432 INFO  storage.RaftLogWorker (RaftLogWorker.java:<init>(123)) - new de306114-1c7c-4041-bebf-19374cefd088-RaftLogWorker for Storage Directory /opt/src/hadoop-ozone/integration-test/target/test-dir/MiniOzoneClusterImpl-ce0bcbbf-3c34-41f5-959b-dbc1bf4e8c10/datanode-1/data/ratis/b6577973-d29b-480b-b59a-8d203e8c8640
2019-06-14 07:37:36,433 INFO  server.RaftServerConfigKeys (ConfUtils.java:logGet(43)) - raft.server.log.queue.byte-limit = 2147483647 (custom)
2019-06-14 07:37:36,433 INFO  server.RaftServerConfigKeys (ConfUtils.java:logGet(43)) - raft.server.log.queue.element-limit = 1024 (custom)
2019-06-14 07:37:36,433 INFO  server.RaftServerConfigKeys (ConfUtils.java:logGet(43)) - raft.server.log.segment.size.max = 16384 (custom)
2019-06-14 07:37:36,433 INFO  server.RaftServerConfigKeys (ConfUtils.java:logGet(43)) - raft.server.log.preallocated.size = 16384 (custom)
2019-06-14 07:37:36,433 INFO  server.RaftServerConfigKeys (ConfUtils.java:logGet(43)) - raft.server.log.write.buffer.size = 33554432 (custom)
2019-06-14 07:37:36,433 INFO  server.RaftServerConfigKeys (ConfUtils.java:logGet(43)) - raft.server.log.force.sync.num = 128 (default)
2019-06-14 07:37:36,434 INFO  server.RaftServerConfigKeys (ConfUtils.java:logGet(43)) - raft.server.log.statemachine.data.sync = true (default)
2019-06-14 07:37:36,434 INFO  server.RaftServerConfigKeys (ConfUtils.java:logGet(43)) - raft.server.log.statemachine.data.sync.timeout = 10s (default)
2019-06-14 07:37:36,434 INFO  server.RaftServerConfigKeys (ConfUtils.java:logGet(43)) - raft.server.log.statemachine.data.sync.timeout.retry = -1 (default)
2019-06-14 07:37:36,434 INFO  server.RaftServerConfigKeys (ConfUtils.java:logGet(43)) - raft.server.log.statemachine.data.caching.enabled = true (custom)
2019-06-14 07:37:36,435 INFO  server.RaftServerConfigKeys (ConfUtils.java:logGet(43)) - raft.server.snapshot.auto.trigger.enabled = true (custom)
2019-06-14 07:37:36,435 INFO  server.RaftServerConfigKeys (ConfUtils.java:logGet(43)) - raft.server.snapshot.auto.trigger.threshold = 10000 (custom)
2019-06-14 07:37:36,435 INFO  server.RaftServerConfigKeys (ConfUtils.java:logGet(43)) - raft.server.retrycache.expirytime = 600000ms (custom)
2019-06-14 07:37:36,435 INFO  impl.RaftServerImpl (RaftServerImpl.java:start(173)) - de306114-1c7c-4041-bebf-19374cefd088: start group-8D203E8C8640
2019-06-14 07:37:36,435 INFO  impl.RaftServerImpl (RaftServerImpl.java:setRole(164)) - de306114-1c7c-4041-bebf-19374cefd088:group-8D203E8C8640 changes role from null to FOLLOWER at term 0 for startAsFollower
2019-06-14 07:37:36,435 INFO  impl.RoleInfo (RoleInfo.java:updateAndGet(143)) - de306114-1c7c-4041-bebf-19374cefd088: start FollowerState
2019-06-14 07:37:36,436 INFO  util.JmxRegister (JmxRegister.java:tryRegister(44)) - Successfully registered JMX Bean with object name Ratis:service=RaftServer,group=group-8D203E8C8640,id=de306114-1c7c-4041-bebf-19374cefd088
2019-06-14 07:37:36,443 INFO  pipeline.PipelineStateManager (PipelineStateManager.java:addPipeline(56)) - Created pipeline Pipeline[ Id: b6577973-d29b-480b-b59a-8d203e8c8640, Nodes: de306114-1c7c-4041-bebf-19374cefd088{ip: 192.168.105.182, host: ozone-jvflj-165345997, networkLocation: /default-rack, certSerialId: null}, Type:RATIS, Factor:ONE, State:OPEN]
2019-06-14 07:37:36,466 INFO  node.SCMNodeManager (SCMNodeManager.java:register(234)) - Registered Data node : 24801b01-9959-4b98-a346-205476f64662{ip: 192.168.105.182, host: ozone-jvflj-165345997, networkLocation: /default-rack, certSerialId: null}
2019-06-14 07:37:36,481 INFO  impl.RaftServerProxy (RaftServerProxy.java:addNew(89)) - 24801b01-9959-4b98-a346-205476f64662: addNew group-2F8AA850CF55:[24801b01-9959-4b98-a346-205476f64662:192.168.105.182:39453] returns group-2F8AA850CF55:java.util.concurrent.CompletableFuture@26981b0a[Not completed]
2019-06-14 07:37:36,498 INFO  ozone.MiniOzoneClusterImpl (MiniOzoneClusterImpl.java:lambda$waitForClusterToBeReady$0(142)) - Waiting for cluster to be ready. Got 3 of 6 DN Heartbeats.
2019-06-14 07:37:36,512 INFO  impl.RaftServerImpl (RaftServerImpl.java:<init>(91)) - 24801b01-9959-4b98-a346-205476f64662: new RaftServerImpl for group-2F8AA850CF55:[24801b01-9959-4b98-a346-205476f64662:192.168.105.182:39453] with ContainerStateMachine:uninitialized
2019-06-14 07:37:36,512 INFO  server.RaftServerConfigKeys (ConfUtils.java:logGet(43)) - raft.server.rpc.timeout.min = 1s (custom)
2019-06-14 07:37:36,512 INFO  server.RaftServerConfigKeys (ConfUtils.java:logGet(43)) - raft.server.rpc.timeout.max = 1200ms (custom)
2019-06-14 07:37:36,512 INFO  server.RaftServerConfigKeys (ConfUtils.java:logGet(43)) - raft.server.rpcslowness.timeout = 10s (custom)
2019-06-14 07:37:36,512 INFO  server.RaftServerConfigKeys (ConfUtils.java:logGet(43)) - raft.server.log.appender.install.snapshot.enabled = true (default)
2019-06-14 07:37:36,512 INFO  impl.RaftServerImpl (ServerState.java:<init>(101)) - 24801b01-9959-4b98-a346-205476f64662:group-2F8AA850CF55 ConfigurationManager, init=-1: [24801b01-9959-4b98-a346-205476f64662:192.168.105.182:39453], old=null, confs=<EMPTY_MAP>
2019-06-14 07:37:36,513 INFO  server.RaftServerConfigKeys (ConfUtils.java:logGet(43)) - raft.server.storage.dir = [/opt/src/hadoop-ozone/integration-test/target/test-dir/MiniOzoneClusterImpl-ce0bcbbf-3c34-41f5-959b-dbc1bf4e8c10/datanode-2/data/ratis] (custom)
2019-06-14 07:37:36,513 INFO  storage.RaftStorageDirectory (RaftStorageDirectory.java:analyzeStorage(246)) - The storage directory /opt/src/hadoop-ozone/integration-test/target/test-dir/MiniOzoneClusterImpl-ce0bcbbf-3c34-41f5-959b-dbc1bf4e8c10/datanode-2/data/ratis/cec3f768-4a8c-4334-aaff-2f8aa850cf55 does not exist. Creating ...
2019-06-14 07:37:36,516 INFO  storage.RaftStorageDirectory (RaftStorageDirectory.java:tryLock(328)) - Lock on /opt/src/hadoop-ozone/integration-test/target/test-dir/MiniOzoneClusterImpl-ce0bcbbf-3c34-41f5-959b-dbc1bf4e8c10/datanode-2/data/ratis/cec3f768-4a8c-4334-aaff-2f8aa850cf55/in_use.lock acquired by nodename 10270@ozone-jvflj-165345997
2019-06-14 07:37:36,520 INFO  storage.RaftStorage (RaftStorage.java:format(75)) - Storage directory /opt/src/hadoop-ozone/integration-test/target/test-dir/MiniOzoneClusterImpl-ce0bcbbf-3c34-41f5-959b-dbc1bf4e8c10/datanode-2/data/ratis/cec3f768-4a8c-4334-aaff-2f8aa850cf55 has been successfully formatted.
2019-06-14 07:37:36,521 INFO  ratis.ContainerStateMachine (ContainerStateMachine.java:loadSnapshot(199)) - The snapshot info is null.Setting the last applied index to:(t:0, i:~)
2019-06-14 07:37:36,522 INFO  server.RaftServerConfigKeys (ConfUtils.java:logGet(43)) - raft.server.leader.election.timeout = 10s (custom)
2019-06-14 07:37:36,522 INFO  server.RaftServerConfigKeys (ConfUtils.java:logGet(43)) - raft.server.log.use.memory = false (default)
2019-06-14 07:37:36,522 INFO  server.RaftServerConfigKeys (ConfUtils.java:logGet(43)) - raft.server.log.appender.buffer.byte-limit = 33554432 (custom)
2019-06-14 07:37:36,522 INFO  server.RaftServerConfigKeys (ConfUtils.java:logGet(43)) - raft.server.log.segment.size.max = 16384 (custom)
2019-06-14 07:37:36,522 INFO  server.RaftServerConfigKeys (ConfUtils.java:logGet(43)) - raft.server.log.segment.cache.num.max = 2 (custom)
2019-06-14 07:37:36,522 INFO  storage.RaftLogWorker (RaftLogWorker.java:<init>(123)) - new 24801b01-9959-4b98-a346-205476f64662-RaftLogWorker for Storage Directory /opt/src/hadoop-ozone/integration-test/target/test-dir/MiniOzoneClusterImpl-ce0bcbbf-3c34-41f5-959b-dbc1bf4e8c10/datanode-2/data/ratis/cec3f768-4a8c-4334-aaff-2f8aa850cf55
2019-06-14 07:37:36,522 INFO  server.RaftServerConfigKeys (ConfUtils.java:logGet(43)) - raft.server.log.queue.byte-limit = 2147483647 (custom)
2019-06-14 07:37:36,523 INFO  server.RaftServerConfigKeys (ConfUtils.java:logGet(43)) - raft.server.log.queue.element-limit = 1024 (custom)
2019-06-14 07:37:36,523 INFO  server.RaftServerConfigKeys (ConfUtils.java:logGet(43)) - raft.server.log.segment.size.max = 16384 (custom)
2019-06-14 07:37:36,523 INFO  server.RaftServerConfigKeys (ConfUtils.java:logGet(43)) - raft.server.log.preallocated.size = 16384 (custom)
2019-06-14 07:37:36,523 INFO  server.RaftServerConfigKeys (ConfUtils.java:logGet(43)) - raft.server.log.write.buffer.size = 33554432 (custom)
2019-06-14 07:37:36,523 INFO  server.RaftServerConfigKeys (ConfUtils.java:logGet(43)) - raft.server.log.force.sync.num = 128 (default)
2019-06-14 07:37:36,523 INFO  server.RaftServerConfigKeys (ConfUtils.java:logGet(43)) - raft.server.log.statemachine.data.sync = true (default)
2019-06-14 07:37:36,523 INFO  server.RaftServerConfigKeys (ConfUtils.java:logGet(43)) - raft.server.log.statemachine.data.sync.timeout = 10s (default)
2019-06-14 07:37:36,523 INFO  server.RaftServerConfigKeys (ConfUtils.java:logGet(43)) - raft.server.log.statemachine.data.sync.timeout.retry = -1 (default)
2019-06-14 07:37:36,524 INFO  server.RaftServerConfigKeys (ConfUtils.java:logGet(43)) - raft.server.log.statemachine.data.caching.enabled = true (custom)
2019-06-14 07:37:36,525 INFO  server.RaftServerConfigKeys (ConfUtils.java:logGet(43)) - raft.server.snapshot.auto.trigger.enabled = true (custom)
2019-06-14 07:37:36,525 INFO  server.RaftServerConfigKeys (ConfUtils.java:logGet(43)) - raft.server.snapshot.auto.trigger.threshold = 10000 (custom)
2019-06-14 07:37:36,526 INFO  server.RaftServerConfigKeys (ConfUtils.java:logGet(43)) - raft.server.retrycache.expirytime = 600000ms (custom)
2019-06-14 07:37:36,526 INFO  impl.RaftServerImpl (RaftServerImpl.java:start(173)) - 24801b01-9959-4b98-a346-205476f64662: start group-2F8AA850CF55
2019-06-14 07:37:36,526 INFO  impl.RaftServerImpl (RaftServerImpl.java:setRole(164)) - 24801b01-9959-4b98-a346-205476f64662:group-2F8AA850CF55 changes role from null to FOLLOWER at term 0 for startAsFollower
2019-06-14 07:37:36,526 INFO  impl.RoleInfo (RoleInfo.java:updateAndGet(143)) - 24801b01-9959-4b98-a346-205476f64662: start FollowerState
2019-06-14 07:37:36,526 INFO  util.JmxRegister (JmxRegister.java:tryRegister(44)) - Successfully registered JMX Bean with object name Ratis:service=RaftServer,group=group-2F8AA850CF55,id=24801b01-9959-4b98-a346-205476f64662
2019-06-14 07:37:36,535 INFO  pipeline.PipelineStateManager (PipelineStateManager.java:addPipeline(56)) - Created pipeline Pipeline[ Id: cec3f768-4a8c-4334-aaff-2f8aa850cf55, Nodes: 24801b01-9959-4b98-a346-205476f64662{ip: 192.168.105.182, host: ozone-jvflj-165345997, networkLocation: /default-rack, certSerialId: null}, Type:RATIS, Factor:ONE, State:OPEN]
2019-06-14 07:37:36,570 INFO  impl.RaftServerProxy (RaftServerProxy.java:addNew(89)) - 24801b01-9959-4b98-a346-205476f64662: addNew group-F628EAF0B861:[de306114-1c7c-4041-bebf-19374cefd088:192.168.105.182:35827, 8116b8f3-8837-4500-86e2-059629570348:192.168.105.182:43459, 24801b01-9959-4b98-a346-205476f64662:192.168.105.182:39453] returns group-F628EAF0B861:java.util.concurrent.CompletableFuture@3a225f62[Not completed]
2019-06-14 07:37:36,571 INFO  impl.RaftServerImpl (RaftServerImpl.java:<init>(91)) - 24801b01-9959-4b98-a346-205476f64662: new RaftServerImpl for group-F628EAF0B861:[de306114-1c7c-4041-bebf-19374cefd088:192.168.105.182:35827, 8116b8f3-8837-4500-86e2-059629570348:192.168.105.182:43459, 24801b01-9959-4b98-a346-205476f64662:192.168.105.182:39453] with ContainerStateMachine:uninitialized
2019-06-14 07:37:36,571 INFO  server.RaftServerConfigKeys (ConfUtils.java:logGet(43)) - raft.server.rpc.timeout.min = 1s (custom)
2019-06-14 07:37:36,571 INFO  server.RaftServerConfigKeys (ConfUtils.java:logGet(43)) - raft.server.rpc.timeout.max = 1200ms (custom)
2019-06-14 07:37:36,571 INFO  server.RaftServerConfigKeys (ConfUtils.java:logGet(43)) - raft.server.rpcslowness.timeout = 10s (custom)
2019-06-14 07:37:36,571 INFO  server.RaftServerConfigKeys (ConfUtils.java:logGet(43)) - raft.server.log.appender.install.snapshot.enabled = true (default)
2019-06-14 07:37:36,571 INFO  impl.RaftServerImpl (ServerState.java:<init>(101)) - 24801b01-9959-4b98-a346-205476f64662:group-F628EAF0B861 ConfigurationManager, init=-1: [de306114-1c7c-4041-bebf-19374cefd088:192.168.105.182:35827, 8116b8f3-8837-4500-86e2-059629570348:192.168.105.182:43459, 24801b01-9959-4b98-a346-205476f64662:192.168.105.182:39453], old=null, confs=<EMPTY_MAP>
2019-06-14 07:37:36,572 INFO  server.RaftServerConfigKeys (ConfUtils.java:logGet(43)) - raft.server.storage.dir = [/opt/src/hadoop-ozone/integration-test/target/test-dir/MiniOzoneClusterImpl-ce0bcbbf-3c34-41f5-959b-dbc1bf4e8c10/datanode-2/data/ratis] (custom)
2019-06-14 07:37:36,572 INFO  storage.RaftStorageDirectory (RaftStorageDirectory.java:analyzeStorage(246)) - The storage directory /opt/src/hadoop-ozone/integration-test/target/test-dir/MiniOzoneClusterImpl-ce0bcbbf-3c34-41f5-959b-dbc1bf4e8c10/datanode-2/data/ratis/f5759a88-7900-48f2-87e0-f628eaf0b861 does not exist. Creating ...
2019-06-14 07:37:36,575 INFO  storage.RaftStorageDirectory (RaftStorageDirectory.java:tryLock(328)) - Lock on /opt/src/hadoop-ozone/integration-test/target/test-dir/MiniOzoneClusterImpl-ce0bcbbf-3c34-41f5-959b-dbc1bf4e8c10/datanode-2/data/ratis/f5759a88-7900-48f2-87e0-f628eaf0b861/in_use.lock acquired by nodename 10270@ozone-jvflj-165345997
2019-06-14 07:37:36,579 INFO  storage.RaftStorage (RaftStorage.java:format(75)) - Storage directory /opt/src/hadoop-ozone/integration-test/target/test-dir/MiniOzoneClusterImpl-ce0bcbbf-3c34-41f5-959b-dbc1bf4e8c10/datanode-2/data/ratis/f5759a88-7900-48f2-87e0-f628eaf0b861 has been successfully formatted.
2019-06-14 07:37:36,579 INFO  ratis.ContainerStateMachine (ContainerStateMachine.java:loadSnapshot(199)) - The snapshot info is null.Setting the last applied index to:(t:0, i:~)
2019-06-14 07:37:36,580 INFO  server.RaftServerConfigKeys (ConfUtils.java:logGet(43)) - raft.server.leader.election.timeout = 10s (custom)
2019-06-14 07:37:36,580 INFO  server.RaftServerConfigKeys (ConfUtils.java:logGet(43)) - raft.server.log.use.memory = false (default)
2019-06-14 07:37:36,580 INFO  server.RaftServerConfigKeys (ConfUtils.java:logGet(43)) - raft.server.log.appender.buffer.byte-limit = 33554432 (custom)
2019-06-14 07:37:36,580 INFO  impl.RaftServerProxy (RaftServerProxy.java:addNew(89)) - 8116b8f3-8837-4500-86e2-059629570348: addNew group-F628EAF0B861:[de306114-1c7c-4041-bebf-19374cefd088:192.168.105.182:35827, 8116b8f3-8837-4500-86e2-059629570348:192.168.105.182:43459, 24801b01-9959-4b98-a346-205476f64662:192.168.105.182:39453] returns group-F628EAF0B861:java.util.concurrent.CompletableFuture@652a2b63[Not completed]
2019-06-14 07:37:36,581 INFO  impl.RaftServerProxy (RaftServerProxy.java:addNew(89)) - de306114-1c7c-4041-bebf-19374cefd088: addNew group-F628EAF0B861:[de306114-1c7c-4041-bebf-19374cefd088:192.168.105.182:35827, 8116b8f3-8837-4500-86e2-059629570348:192.168.105.182:43459, 24801b01-9959-4b98-a346-205476f64662:192.168.105.182:39453] returns group-F628EAF0B861:java.util.concurrent.CompletableFuture@1452ea43[Not completed]
2019-06-14 07:37:36,580 INFO  server.RaftServerConfigKeys (ConfUtils.java:logGet(43)) - raft.server.log.segment.size.max = 16384 (custom)
2019-06-14 07:37:36,585 INFO  impl.RaftServerImpl (RaftServerImpl.java:<init>(91)) - 8116b8f3-8837-4500-86e2-059629570348: new RaftServerImpl for group-F628EAF0B861:[de306114-1c7c-4041-bebf-19374cefd088:192.168.105.182:35827, 8116b8f3-8837-4500-86e2-059629570348:192.168.105.182:43459, 24801b01-9959-4b98-a346-205476f64662:192.168.105.182:39453] with ContainerStateMachine:uninitialized
2019-06-14 07:37:36,587 INFO  server.RaftServerConfigKeys (ConfUtils.java:logGet(43)) - raft.server.rpc.timeout.min = 1s (custom)
2019-06-14 07:37:36,587 INFO  server.RaftServerConfigKeys (ConfUtils.java:logGet(43)) - raft.server.rpc.timeout.max = 1200ms (custom)
2019-06-14 07:37:36,587 INFO  server.RaftServerConfigKeys (ConfUtils.java:logGet(43)) - raft.server.rpcslowness.timeout = 10s (custom)
2019-06-14 07:37:36,587 INFO  server.RaftServerConfigKeys (ConfUtils.java:logGet(43)) - raft.server.log.appender.install.snapshot.enabled = true (default)
2019-06-14 07:37:36,587 INFO  impl.RaftServerImpl (ServerState.java:<init>(101)) - 8116b8f3-8837-4500-86e2-059629570348:group-F628EAF0B861 ConfigurationManager, init=-1: [de306114-1c7c-4041-bebf-19374cefd088:192.168.105.182:35827, 8116b8f3-8837-4500-86e2-059629570348:192.168.105.182:43459, 24801b01-9959-4b98-a346-205476f64662:192.168.105.182:39453], old=null, confs=<EMPTY_MAP>
2019-06-14 07:37:36,587 INFO  server.RaftServerConfigKeys (ConfUtils.java:logGet(43)) - raft.server.storage.dir = [/opt/src/hadoop-ozone/integration-test/target/test-dir/MiniOzoneClusterImpl-ce0bcbbf-3c34-41f5-959b-dbc1bf4e8c10/datanode-0/data/ratis] (custom)
2019-06-14 07:37:36,587 INFO  storage.RaftStorageDirectory (RaftStorageDirectory.java:analyzeStorage(246)) - The storage directory /opt/src/hadoop-ozone/integration-test/target/test-dir/MiniOzoneClusterImpl-ce0bcbbf-3c34-41f5-959b-dbc1bf4e8c10/datanode-0/data/ratis/f5759a88-7900-48f2-87e0-f628eaf0b861 does not exist. Creating ...
2019-06-14 07:37:36,588 INFO  server.RaftServerConfigKeys (ConfUtils.java:logGet(43)) - raft.server.log.segment.cache.num.max = 2 (custom)
2019-06-14 07:37:36,588 INFO  storage.RaftLogWorker (RaftLogWorker.java:<init>(123)) - new 24801b01-9959-4b98-a346-205476f64662-RaftLogWorker for Storage Directory /opt/src/hadoop-ozone/integration-test/target/test-dir/MiniOzoneClusterImpl-ce0bcbbf-3c34-41f5-959b-dbc1bf4e8c10/datanode-2/data/ratis/f5759a88-7900-48f2-87e0-f628eaf0b861
2019-06-14 07:37:36,588 INFO  server.RaftServerConfigKeys (ConfUtils.java:logGet(43)) - raft.server.log.queue.byte-limit = 2147483647 (custom)
2019-06-14 07:37:36,588 INFO  server.RaftServerConfigKeys (ConfUtils.java:logGet(43)) - raft.server.log.queue.element-limit = 1024 (custom)
2019-06-14 07:37:36,588 INFO  server.RaftServerConfigKeys (ConfUtils.java:logGet(43)) - raft.server.log.segment.size.max = 16384 (custom)
2019-06-14 07:37:36,588 INFO  server.RaftServerConfigKeys (ConfUtils.java:logGet(43)) - raft.server.log.preallocated.size = 16384 (custom)
2019-06-14 07:37:36,589 INFO  server.RaftServerConfigKeys (ConfUtils.java:logGet(43)) - raft.server.log.write.buffer.size = 33554432 (custom)
2019-06-14 07:37:36,589 INFO  server.RaftServerConfigKeys (ConfUtils.java:logGet(43)) - raft.server.log.force.sync.num = 128 (default)
2019-06-14 07:37:36,589 INFO  server.RaftServerConfigKeys (ConfUtils.java:logGet(43)) - raft.server.log.statemachine.data.sync = true (default)
2019-06-14 07:37:36,589 INFO  server.RaftServerConfigKeys (ConfUtils.java:logGet(43)) - raft.server.log.statemachine.data.sync.timeout = 10s (default)
2019-06-14 07:37:36,589 INFO  server.RaftServerConfigKeys (ConfUtils.java:logGet(43)) - raft.server.log.statemachine.data.sync.timeout.retry = -1 (default)
2019-06-14 07:37:36,589 INFO  server.RaftServerConfigKeys (ConfUtils.java:logGet(43)) - raft.server.log.statemachine.data.caching.enabled = true (custom)
2019-06-14 07:37:36,589 INFO  impl.RaftServerImpl (RaftServerImpl.java:<init>(91)) - de306114-1c7c-4041-bebf-19374cefd088: new RaftServerImpl for group-F628EAF0B861:[de306114-1c7c-4041-bebf-19374cefd088:192.168.105.182:35827, 8116b8f3-8837-4500-86e2-059629570348:192.168.105.182:43459, 24801b01-9959-4b98-a346-205476f64662:192.168.105.182:39453] with ContainerStateMachine:uninitialized
2019-06-14 07:37:36,590 INFO  server.RaftServerConfigKeys (ConfUtils.java:logGet(43)) - raft.server.rpc.timeout.min = 1s (custom)
2019-06-14 07:37:36,590 INFO  server.RaftServerConfigKeys (ConfUtils.java:logGet(43)) - raft.server.snapshot.auto.trigger.enabled = true (custom)
2019-06-14 07:37:36,590 INFO  server.RaftServerConfigKeys (ConfUtils.java:logGet(43)) - raft.server.snapshot.auto.trigger.threshold = 10000 (custom)
2019-06-14 07:37:36,590 INFO  server.RaftServerConfigKeys (ConfUtils.java:logGet(43)) - raft.server.retrycache.expirytime = 600000ms (custom)
2019-06-14 07:37:36,590 INFO  impl.RaftServerImpl (RaftServerImpl.java:start(173)) - 24801b01-9959-4b98-a346-205476f64662: start group-F628EAF0B861
2019-06-14 07:37:36,590 INFO  impl.RaftServerImpl (RaftServerImpl.java:setRole(164)) - 24801b01-9959-4b98-a346-205476f64662:group-F628EAF0B861 changes role from null to FOLLOWER at term 0 for startAsFollower
2019-06-14 07:37:36,590 INFO  impl.RoleInfo (RoleInfo.java:updateAndGet(143)) - 24801b01-9959-4b98-a346-205476f64662: start FollowerState
2019-06-14 07:37:36,589 INFO  storage.RaftStorageDirectory (RaftStorageDirectory.java:tryLock(328)) - Lock on /opt/src/hadoop-ozone/integration-test/target/test-dir/MiniOzoneClusterImpl-ce0bcbbf-3c34-41f5-959b-dbc1bf4e8c10/datanode-0/data/ratis/f5759a88-7900-48f2-87e0-f628eaf0b861/in_use.lock acquired by nodename 10270@ozone-jvflj-165345997
2019-06-14 07:37:36,590 INFO  server.RaftServerConfigKeys (ConfUtils.java:logGet(43)) - raft.server.rpc.timeout.max = 1200ms (custom)
2019-06-14 07:37:36,594 INFO  server.RaftServerConfigKeys (ConfUtils.java:logGet(43)) - raft.server.rpcslowness.timeout = 10s (custom)
2019-06-14 07:37:36,594 INFO  server.RaftServerConfigKeys (ConfUtils.java:logGet(43)) - raft.server.log.appender.install.snapshot.enabled = true (default)
2019-06-14 07:37:36,594 INFO  impl.RaftServerImpl (ServerState.java:<init>(101)) - de306114-1c7c-4041-bebf-19374cefd088:group-F628EAF0B861 ConfigurationManager, init=-1: [de306114-1c7c-4041-bebf-19374cefd088:192.168.105.182:35827, 8116b8f3-8837-4500-86e2-059629570348:192.168.105.182:43459, 24801b01-9959-4b98-a346-205476f64662:192.168.105.182:39453], old=null, confs=<EMPTY_MAP>
2019-06-14 07:37:36,594 INFO  server.RaftServerConfigKeys (ConfUtils.java:logGet(43)) - raft.server.storage.dir = [/opt/src/hadoop-ozone/integration-test/target/test-dir/MiniOzoneClusterImpl-ce0bcbbf-3c34-41f5-959b-dbc1bf4e8c10/datanode-1/data/ratis] (custom)
2019-06-14 07:37:36,594 INFO  util.JmxRegister (JmxRegister.java:tryRegister(44)) - Successfully registered JMX Bean with object name Ratis:service=RaftServer,group=group-F628EAF0B861,id=24801b01-9959-4b98-a346-205476f64662
2019-06-14 07:37:36,594 INFO  storage.RaftStorageDirectory (RaftStorageDirectory.java:analyzeStorage(246)) - The storage directory /opt/src/hadoop-ozone/integration-test/target/test-dir/MiniOzoneClusterImpl-ce0bcbbf-3c34-41f5-959b-dbc1bf4e8c10/datanode-1/data/ratis/f5759a88-7900-48f2-87e0-f628eaf0b861 does not exist. Creating ...
2019-06-14 07:37:36,596 INFO  storage.RaftStorage (RaftStorage.java:format(75)) - Storage directory /opt/src/hadoop-ozone/integration-test/target/test-dir/MiniOzoneClusterImpl-ce0bcbbf-3c34-41f5-959b-dbc1bf4e8c10/datanode-0/data/ratis/f5759a88-7900-48f2-87e0-f628eaf0b861 has been successfully formatted.
2019-06-14 07:37:36,596 INFO  ratis.ContainerStateMachine (ContainerStateMachine.java:loadSnapshot(199)) - The snapshot info is null.Setting the last applied index to:(t:0, i:~)
2019-06-14 07:37:36,596 INFO  server.RaftServerConfigKeys (ConfUtils.java:logGet(43)) - raft.server.leader.election.timeout = 10s (custom)
2019-06-14 07:37:36,596 INFO  server.RaftServerConfigKeys (ConfUtils.java:logGet(43)) - raft.server.log.use.memory = false (default)
2019-06-14 07:37:36,596 INFO  server.RaftServerConfigKeys (ConfUtils.java:logGet(43)) - raft.server.log.appender.buffer.byte-limit = 33554432 (custom)
2019-06-14 07:37:36,596 INFO  server.RaftServerConfigKeys (ConfUtils.java:logGet(43)) - raft.server.log.segment.size.max = 16384 (custom)
2019-06-14 07:37:36,596 INFO  server.RaftServerConfigKeys (ConfUtils.java:logGet(43)) - raft.server.log.segment.cache.num.max = 2 (custom)
2019-06-14 07:37:36,596 INFO  storage.RaftLogWorker (RaftLogWorker.java:<init>(123)) - new 8116b8f3-8837-4500-86e2-059629570348-RaftLogWorker for Storage Directory /opt/src/hadoop-ozone/integration-test/target/test-dir/MiniOzoneClusterImpl-ce0bcbbf-3c34-41f5-959b-dbc1bf4e8c10/datanode-0/data/ratis/f5759a88-7900-48f2-87e0-f628eaf0b861
2019-06-14 07:37:36,597 INFO  server.RaftServerConfigKeys (ConfUtils.java:logGet(43)) - raft.server.log.queue.byte-limit = 2147483647 (custom)
2019-06-14 07:37:36,597 INFO  server.RaftServerConfigKeys (ConfUtils.java:logGet(43)) - raft.server.log.queue.element-limit = 1024 (custom)
2019-06-14 07:37:36,597 INFO  server.RaftServerConfigKeys (ConfUtils.java:logGet(43)) - raft.server.log.segment.size.max = 16384 (custom)
2019-06-14 07:37:36,597 INFO  server.RaftServerConfigKeys (ConfUtils.java:logGet(43)) - raft.server.log.preallocated.size = 16384 (custom)
2019-06-14 07:37:36,597 INFO  server.RaftServerConfigKeys (ConfUtils.java:logGet(43)) - raft.server.log.write.buffer.size = 33554432 (custom)
2019-06-14 07:37:36,597 INFO  server.RaftServerConfigKeys (ConfUtils.java:logGet(43)) - raft.server.log.force.sync.num = 128 (default)
2019-06-14 07:37:36,597 INFO  server.RaftServerConfigKeys (ConfUtils.java:logGet(43)) - raft.server.log.statemachine.data.sync = true (default)
2019-06-14 07:37:36,597 INFO  server.RaftServerConfigKeys (ConfUtils.java:logGet(43)) - raft.server.log.statemachine.data.sync.timeout = 10s (default)
2019-06-14 07:37:36,597 INFO  server.RaftServerConfigKeys (ConfUtils.java:logGet(43)) - raft.server.log.statemachine.data.sync.timeout.retry = -1 (default)
2019-06-14 07:37:36,599 INFO  storage.RaftStorageDirectory (RaftStorageDirectory.java:tryLock(328)) - Lock on /opt/src/hadoop-ozone/integration-test/target/test-dir/MiniOzoneClusterImpl-ce0bcbbf-3c34-41f5-959b-dbc1bf4e8c10/datanode-1/data/ratis/f5759a88-7900-48f2-87e0-f628eaf0b861/in_use.lock acquired by nodename 10270@ozone-jvflj-165345997
2019-06-14 07:37:36,601 INFO  storage.RaftStorage (RaftStorage.java:format(75)) - Storage directory /opt/src/hadoop-ozone/integration-test/target/test-dir/MiniOzoneClusterImpl-ce0bcbbf-3c34-41f5-959b-dbc1bf4e8c10/datanode-1/data/ratis/f5759a88-7900-48f2-87e0-f628eaf0b861 has been successfully formatted.
2019-06-14 07:37:36,601 INFO  ratis.ContainerStateMachine (ContainerStateMachine.java:loadSnapshot(199)) - The snapshot info is null.Setting the last applied index to:(t:0, i:~)
2019-06-14 07:37:36,602 INFO  server.RaftServerConfigKeys (ConfUtils.java:logGet(43)) - raft.server.leader.election.timeout = 10s (custom)
2019-06-14 07:37:36,602 INFO  server.RaftServerConfigKeys (ConfUtils.java:logGet(43)) - raft.server.log.use.memory = false (default)
2019-06-14 07:37:36,602 INFO  server.RaftServerConfigKeys (ConfUtils.java:logGet(43)) - raft.server.log.appender.buffer.byte-limit = 33554432 (custom)
2019-06-14 07:37:36,602 INFO  server.RaftServerConfigKeys (ConfUtils.java:logGet(43)) - raft.server.log.segment.size.max = 16384 (custom)
2019-06-14 07:37:36,602 INFO  server.RaftServerConfigKeys (ConfUtils.java:logGet(43)) - raft.server.log.segment.cache.num.max = 2 (custom)
2019-06-14 07:37:36,602 INFO  storage.RaftLogWorker (RaftLogWorker.java:<init>(123)) - new de306114-1c7c-4041-bebf-19374cefd088-RaftLogWorker for Storage Directory /opt/src/hadoop-ozone/integration-test/target/test-dir/MiniOzoneClusterImpl-ce0bcbbf-3c34-41f5-959b-dbc1bf4e8c10/datanode-1/data/ratis/f5759a88-7900-48f2-87e0-f628eaf0b861
2019-06-14 07:37:36,602 INFO  server.RaftServerConfigKeys (ConfUtils.java:logGet(43)) - raft.server.log.queue.byte-limit = 2147483647 (custom)
2019-06-14 07:37:36,602 INFO  server.RaftServerConfigKeys (ConfUtils.java:logGet(43)) - raft.server.log.queue.element-limit = 1024 (custom)
2019-06-14 07:37:36,602 INFO  server.RaftServerConfigKeys (ConfUtils.java:logGet(43)) - raft.server.log.segment.size.max = 16384 (custom)
2019-06-14 07:37:36,602 INFO  server.RaftServerConfigKeys (ConfUtils.java:logGet(43)) - raft.server.log.preallocated.size = 16384 (custom)
2019-06-14 07:37:36,603 INFO  server.RaftServerConfigKeys (ConfUtils.java:logGet(43)) - raft.server.log.write.buffer.size = 33554432 (custom)
2019-06-14 07:37:36,603 INFO  server.RaftServerConfigKeys (ConfUtils.java:logGet(43)) - raft.server.log.force.sync.num = 128 (default)
2019-06-14 07:37:36,603 INFO  server.RaftServerConfigKeys (ConfUtils.java:logGet(43)) - raft.server.log.statemachine.data.sync = true (default)
2019-06-14 07:37:36,603 INFO  server.RaftServerConfigKeys (ConfUtils.java:logGet(43)) - raft.server.log.statemachine.data.sync.timeout = 10s (default)
2019-06-14 07:37:36,603 INFO  server.RaftServerConfigKeys (ConfUtils.java:logGet(43)) - raft.server.log.statemachine.data.sync.timeout.retry = -1 (default)
2019-06-14 07:37:36,603 INFO  server.RaftServerConfigKeys (ConfUtils.java:logGet(43)) - raft.server.log.statemachine.data.caching.enabled = true (custom)
2019-06-14 07:37:36,601 INFO  server.RaftServerConfigKeys (ConfUtils.java:logGet(43)) - raft.server.log.statemachine.data.caching.enabled = true (custom)
2019-06-14 07:37:36,605 INFO  server.RaftServerConfigKeys (ConfUtils.java:logGet(43)) - raft.server.snapshot.auto.trigger.enabled = true (custom)
2019-06-14 07:37:36,605 INFO  server.RaftServerConfigKeys (ConfUtils.java:logGet(43)) - raft.server.snapshot.auto.trigger.threshold = 10000 (custom)
2019-06-14 07:37:36,605 INFO  server.RaftServerConfigKeys (ConfUtils.java:logGet(43)) - raft.server.retrycache.expirytime = 600000ms (custom)
2019-06-14 07:37:36,606 INFO  impl.RaftServerImpl (RaftServerImpl.java:start(173)) - de306114-1c7c-4041-bebf-19374cefd088: start group-F628EAF0B861
2019-06-14 07:37:36,606 INFO  impl.RaftServerImpl (RaftServerImpl.java:setRole(164)) - de306114-1c7c-4041-bebf-19374cefd088:group-F628EAF0B861 changes role from null to FOLLOWER at term 0 for startAsFollower
2019-06-14 07:37:36,606 INFO  impl.RoleInfo (RoleInfo.java:updateAndGet(143)) - de306114-1c7c-4041-bebf-19374cefd088: start FollowerState
2019-06-14 07:37:36,606 INFO  util.JmxRegister (JmxRegister.java:tryRegister(44)) - Successfully registered JMX Bean with object name Ratis:service=RaftServer,group=group-F628EAF0B861,id=de306114-1c7c-4041-bebf-19374cefd088
2019-06-14 07:37:36,606 INFO  server.RaftServerConfigKeys (ConfUtils.java:logGet(43)) - raft.server.snapshot.auto.trigger.enabled = true (custom)
2019-06-14 07:37:36,607 INFO  server.RaftServerConfigKeys (ConfUtils.java:logGet(43)) - raft.server.snapshot.auto.trigger.threshold = 10000 (custom)
2019-06-14 07:37:36,611 INFO  server.RaftServerConfigKeys (ConfUtils.java:logGet(43)) - raft.server.retrycache.expirytime = 600000ms (custom)
2019-06-14 07:37:36,611 INFO  impl.RaftServerImpl (RaftServerImpl.java:start(173)) - 8116b8f3-8837-4500-86e2-059629570348: start group-F628EAF0B861
2019-06-14 07:37:36,611 INFO  impl.RaftServerImpl (RaftServerImpl.java:setRole(164)) - 8116b8f3-8837-4500-86e2-059629570348:group-F628EAF0B861 changes role from null to FOLLOWER at term 0 for startAsFollower
2019-06-14 07:37:36,611 INFO  impl.RoleInfo (RoleInfo.java:updateAndGet(143)) - 8116b8f3-8837-4500-86e2-059629570348: start FollowerState
2019-06-14 07:37:36,612 INFO  util.JmxRegister (JmxRegister.java:tryRegister(44)) - Successfully registered JMX Bean with object name Ratis:service=RaftServer,group=group-F628EAF0B861,id=8116b8f3-8837-4500-86e2-059629570348
2019-06-14 07:37:36,629 INFO  pipeline.PipelineStateManager (PipelineStateManager.java:addPipeline(56)) - Created pipeline Pipeline[ Id: f5759a88-7900-48f2-87e0-f628eaf0b861, Nodes: de306114-1c7c-4041-bebf-19374cefd088{ip: 192.168.105.182, host: ozone-jvflj-165345997, networkLocation: /default-rack, certSerialId: null}24801b01-9959-4b98-a346-205476f64662{ip: 192.168.105.182, host: ozone-jvflj-165345997, networkLocation: /default-rack, certSerialId: null}8116b8f3-8837-4500-86e2-059629570348{ip: 192.168.105.182, host: ozone-jvflj-165345997, networkLocation: /default-rack, certSerialId: null}, Type:RATIS, Factor:THREE, State:OPEN]
2019-06-14 07:37:36,753 INFO  node.SCMNodeManager (SCMNodeManager.java:register(234)) - Registered Data node : 3fee9989-773c-4ec0-8501-93f0a9f2fda0{ip: 192.168.105.182, host: ozone-jvflj-165345997, networkLocation: /default-rack, certSerialId: null}
2019-06-14 07:37:36,768 INFO  impl.RaftServerProxy (RaftServerProxy.java:addNew(89)) - 3fee9989-773c-4ec0-8501-93f0a9f2fda0: addNew group-01211293EE06:[3fee9989-773c-4ec0-8501-93f0a9f2fda0:192.168.105.182:36355] returns group-01211293EE06:java.util.concurrent.CompletableFuture@5ba80c82[Not completed]
2019-06-14 07:37:36,769 INFO  impl.RaftServerImpl (RaftServerImpl.java:<init>(91)) - 3fee9989-773c-4ec0-8501-93f0a9f2fda0: new RaftServerImpl for group-01211293EE06:[3fee9989-773c-4ec0-8501-93f0a9f2fda0:192.168.105.182:36355] with ContainerStateMachine:uninitialized
2019-06-14 07:37:36,770 INFO  server.RaftServerConfigKeys (ConfUtils.java:logGet(43)) - raft.server.rpc.timeout.min = 1s (custom)
2019-06-14 07:37:36,770 INFO  server.RaftServerConfigKeys (ConfUtils.java:logGet(43)) - raft.server.rpc.timeout.max = 1200ms (custom)
2019-06-14 07:37:36,770 INFO  server.RaftServerConfigKeys (ConfUtils.java:logGet(43)) - raft.server.rpcslowness.timeout = 10s (custom)
2019-06-14 07:37:36,770 INFO  server.RaftServerConfigKeys (ConfUtils.java:logGet(43)) - raft.server.log.appender.install.snapshot.enabled = true (default)
2019-06-14 07:37:36,770 INFO  impl.RaftServerImpl (ServerState.java:<init>(101)) - 3fee9989-773c-4ec0-8501-93f0a9f2fda0:group-01211293EE06 ConfigurationManager, init=-1: [3fee9989-773c-4ec0-8501-93f0a9f2fda0:192.168.105.182:36355], old=null, confs=<EMPTY_MAP>
2019-06-14 07:37:36,770 INFO  server.RaftServerConfigKeys (ConfUtils.java:logGet(43)) - raft.server.storage.dir = [/opt/src/hadoop-ozone/integration-test/target/test-dir/MiniOzoneClusterImpl-ce0bcbbf-3c34-41f5-959b-dbc1bf4e8c10/datanode-3/data/ratis] (custom)
2019-06-14 07:37:36,771 INFO  storage.RaftStorageDirectory (RaftStorageDirectory.java:analyzeStorage(246)) - The storage directory /opt/src/hadoop-ozone/integration-test/target/test-dir/MiniOzoneClusterImpl-ce0bcbbf-3c34-41f5-959b-dbc1bf4e8c10/datanode-3/data/ratis/a77a5911-a1b6-455d-8981-01211293ee06 does not exist. Creating ...
2019-06-14 07:37:36,773 INFO  storage.RaftStorageDirectory (RaftStorageDirectory.java:tryLock(328)) - Lock on /opt/src/hadoop-ozone/integration-test/target/test-dir/MiniOzoneClusterImpl-ce0bcbbf-3c34-41f5-959b-dbc1bf4e8c10/datanode-3/data/ratis/a77a5911-a1b6-455d-8981-01211293ee06/in_use.lock acquired by nodename 10270@ozone-jvflj-165345997
2019-06-14 07:37:36,776 INFO  storage.RaftStorage (RaftStorage.java:format(75)) - Storage directory /opt/src/hadoop-ozone/integration-test/target/test-dir/MiniOzoneClusterImpl-ce0bcbbf-3c34-41f5-959b-dbc1bf4e8c10/datanode-3/data/ratis/a77a5911-a1b6-455d-8981-01211293ee06 has been successfully formatted.
2019-06-14 07:37:36,776 INFO  ratis.ContainerStateMachine (ContainerStateMachine.java:loadSnapshot(199)) - The snapshot info is null.Setting the last applied index to:(t:0, i:~)
2019-06-14 07:37:36,777 INFO  server.RaftServerConfigKeys (ConfUtils.java:logGet(43)) - raft.server.leader.election.timeout = 10s (custom)
2019-06-14 07:37:36,777 INFO  server.RaftServerConfigKeys (ConfUtils.java:logGet(43)) - raft.server.log.use.memory = false (default)
2019-06-14 07:37:36,777 INFO  server.RaftServerConfigKeys (ConfUtils.java:logGet(43)) - raft.server.log.appender.buffer.byte-limit = 33554432 (custom)
2019-06-14 07:37:36,777 INFO  server.RaftServerConfigKeys (ConfUtils.java:logGet(43)) - raft.server.log.segment.size.max = 16384 (custom)
2019-06-14 07:37:36,777 INFO  server.RaftServerConfigKeys (ConfUtils.java:logGet(43)) - raft.server.log.segment.cache.num.max = 2 (custom)
2019-06-14 07:37:36,777 INFO  storage.RaftLogWorker (RaftLogWorker.java:<init>(123)) - new 3fee9989-773c-4ec0-8501-93f0a9f2fda0-RaftLogWorker for Storage Directory /opt/src/hadoop-ozone/integration-test/target/test-dir/MiniOzoneClusterImpl-ce0bcbbf-3c34-41f5-959b-dbc1bf4e8c10/datanode-3/data/ratis/a77a5911-a1b6-455d-8981-01211293ee06
2019-06-14 07:37:36,777 INFO  server.RaftServerConfigKeys (ConfUtils.java:logGet(43)) - raft.server.log.queue.byte-limit = 2147483647 (custom)
2019-06-14 07:37:36,777 INFO  server.RaftServerConfigKeys (ConfUtils.java:logGet(43)) - raft.server.log.queue.element-limit = 1024 (custom)
2019-06-14 07:37:36,778 INFO  server.RaftServerConfigKeys (ConfUtils.java:logGet(43)) - raft.server.log.segment.size.max = 16384 (custom)
2019-06-14 07:37:36,778 INFO  server.RaftServerConfigKeys (ConfUtils.java:logGet(43)) - raft.server.log.preallocated.size = 16384 (custom)
2019-06-14 07:37:36,778 INFO  server.RaftServerConfigKeys (ConfUtils.java:logGet(43)) - raft.server.log.write.buffer.size = 33554432 (custom)
2019-06-14 07:37:36,778 INFO  server.RaftServerConfigKeys (ConfUtils.java:logGet(43)) - raft.server.log.force.sync.num = 128 (default)
2019-06-14 07:37:36,778 INFO  server.RaftServerConfigKeys (ConfUtils.java:logGet(43)) - raft.server.log.statemachine.data.sync = true (default)
2019-06-14 07:37:36,778 INFO  server.RaftServerConfigKeys (ConfUtils.java:logGet(43)) - raft.server.log.statemachine.data.sync.timeout = 10s (default)
2019-06-14 07:37:36,778 INFO  server.RaftServerConfigKeys (ConfUtils.java:logGet(43)) - raft.server.log.statemachine.data.sync.timeout.retry = -1 (default)
2019-06-14 07:37:36,778 INFO  server.RaftServerConfigKeys (ConfUtils.java:logGet(43)) - raft.server.log.statemachine.data.caching.enabled = true (custom)
2019-06-14 07:37:36,779 INFO  server.RaftServerConfigKeys (ConfUtils.java:logGet(43)) - raft.server.snapshot.auto.trigger.enabled = true (custom)
2019-06-14 07:37:36,779 INFO  server.RaftServerConfigKeys (ConfUtils.java:logGet(43)) - raft.server.snapshot.auto.trigger.threshold = 10000 (custom)
2019-06-14 07:37:36,779 INFO  server.RaftServerConfigKeys (ConfUtils.java:logGet(43)) - raft.server.retrycache.expirytime = 600000ms (custom)
2019-06-14 07:37:36,779 INFO  impl.RaftServerImpl (RaftServerImpl.java:start(173)) - 3fee9989-773c-4ec0-8501-93f0a9f2fda0: start group-01211293EE06
2019-06-14 07:37:36,779 INFO  impl.RaftServerImpl (RaftServerImpl.java:setRole(164)) - 3fee9989-773c-4ec0-8501-93f0a9f2fda0:group-01211293EE06 changes role from null to FOLLOWER at term 0 for startAsFollower
2019-06-14 07:37:36,779 INFO  impl.RoleInfo (RoleInfo.java:updateAndGet(143)) - 3fee9989-773c-4ec0-8501-93f0a9f2fda0: start FollowerState
2019-06-14 07:37:36,780 INFO  util.JmxRegister (JmxRegister.java:tryRegister(44)) - Successfully registered JMX Bean with object name Ratis:service=RaftServer,group=group-01211293EE06,id=3fee9989-773c-4ec0-8501-93f0a9f2fda0
2019-06-14 07:37:36,789 INFO  pipeline.PipelineStateManager (PipelineStateManager.java:addPipeline(56)) - Created pipeline Pipeline[ Id: a77a5911-a1b6-455d-8981-01211293ee06, Nodes: 3fee9989-773c-4ec0-8501-93f0a9f2fda0{ip: 192.168.105.182, host: ozone-jvflj-165345997, networkLocation: /default-rack, certSerialId: null}, Type:RATIS, Factor:ONE, State:OPEN]
2019-06-14 07:37:37,106 INFO  node.SCMNodeManager (SCMNodeManager.java:register(234)) - Registered Data node : 681d238c-2b60-4234-ab27-92ad0f9edec2{ip: 192.168.105.182, host: ozone-jvflj-165345997, networkLocation: /default-rack, certSerialId: null}
2019-06-14 07:37:37,118 INFO  impl.RaftServerProxy (RaftServerProxy.java:addNew(89)) - 681d238c-2b60-4234-ab27-92ad0f9edec2: addNew group-47F38EA2C575:[681d238c-2b60-4234-ab27-92ad0f9edec2:192.168.105.182:35749] returns group-47F38EA2C575:java.util.concurrent.CompletableFuture@20503759[Not completed]
2019-06-14 07:37:37,119 INFO  impl.RaftServerImpl (RaftServerImpl.java:<init>(91)) - 681d238c-2b60-4234-ab27-92ad0f9edec2: new RaftServerImpl for group-47F38EA2C575:[681d238c-2b60-4234-ab27-92ad0f9edec2:192.168.105.182:35749] with ContainerStateMachine:uninitialized
2019-06-14 07:37:37,119 INFO  server.RaftServerConfigKeys (ConfUtils.java:logGet(43)) - raft.server.rpc.timeout.min = 1s (custom)
2019-06-14 07:37:37,119 INFO  server.RaftServerConfigKeys (ConfUtils.java:logGet(43)) - raft.server.rpc.timeout.max = 1200ms (custom)
2019-06-14 07:37:37,119 INFO  server.RaftServerConfigKeys (ConfUtils.java:logGet(43)) - raft.server.rpcslowness.timeout = 10s (custom)
2019-06-14 07:37:37,119 INFO  server.RaftServerConfigKeys (ConfUtils.java:logGet(43)) - raft.server.log.appender.install.snapshot.enabled = true (default)
2019-06-14 07:37:37,120 INFO  impl.RaftServerImpl (ServerState.java:<init>(101)) - 681d238c-2b60-4234-ab27-92ad0f9edec2:group-47F38EA2C575 ConfigurationManager, init=-1: [681d238c-2b60-4234-ab27-92ad0f9edec2:192.168.105.182:35749], old=null, confs=<EMPTY_MAP>
2019-06-14 07:37:37,120 INFO  server.RaftServerConfigKeys (ConfUtils.java:logGet(43)) - raft.server.storage.dir = [/opt/src/hadoop-ozone/integration-test/target/test-dir/MiniOzoneClusterImpl-ce0bcbbf-3c34-41f5-959b-dbc1bf4e8c10/datanode-4/data/ratis] (custom)
2019-06-14 07:37:37,120 INFO  storage.RaftStorageDirectory (RaftStorageDirectory.java:analyzeStorage(246)) - The storage directory /opt/src/hadoop-ozone/integration-test/target/test-dir/MiniOzoneClusterImpl-ce0bcbbf-3c34-41f5-959b-dbc1bf4e8c10/datanode-4/data/ratis/3f9ea1e8-bdec-4958-9a20-47f38ea2c575 does not exist. Creating ...
2019-06-14 07:37:37,123 INFO  storage.RaftStorageDirectory (RaftStorageDirectory.java:tryLock(328)) - Lock on /opt/src/hadoop-ozone/integration-test/target/test-dir/MiniOzoneClusterImpl-ce0bcbbf-3c34-41f5-959b-dbc1bf4e8c10/datanode-4/data/ratis/3f9ea1e8-bdec-4958-9a20-47f38ea2c575/in_use.lock acquired by nodename 10270@ozone-jvflj-165345997
2019-06-14 07:37:37,125 INFO  storage.RaftStorage (RaftStorage.java:format(75)) - Storage directory /opt/src/hadoop-ozone/integration-test/target/test-dir/MiniOzoneClusterImpl-ce0bcbbf-3c34-41f5-959b-dbc1bf4e8c10/datanode-4/data/ratis/3f9ea1e8-bdec-4958-9a20-47f38ea2c575 has been successfully formatted.
2019-06-14 07:37:37,125 INFO  ratis.ContainerStateMachine (ContainerStateMachine.java:loadSnapshot(199)) - The snapshot info is null.Setting the last applied index to:(t:0, i:~)
2019-06-14 07:37:37,125 INFO  server.RaftServerConfigKeys (ConfUtils.java:logGet(43)) - raft.server.leader.election.timeout = 10s (custom)
2019-06-14 07:37:37,125 INFO  server.RaftServerConfigKeys (ConfUtils.java:logGet(43)) - raft.server.log.use.memory = false (default)
2019-06-14 07:37:37,125 INFO  server.RaftServerConfigKeys (ConfUtils.java:logGet(43)) - raft.server.log.appender.buffer.byte-limit = 33554432 (custom)
2019-06-14 07:37:37,125 INFO  server.RaftServerConfigKeys (ConfUtils.java:logGet(43)) - raft.server.log.segment.size.max = 16384 (custom)
2019-06-14 07:37:37,125 INFO  server.RaftServerConfigKeys (ConfUtils.java:logGet(43)) - raft.server.log.segment.cache.num.max = 2 (custom)
2019-06-14 07:37:37,126 INFO  storage.RaftLogWorker (RaftLogWorker.java:<init>(123)) - new 681d238c-2b60-4234-ab27-92ad0f9edec2-RaftLogWorker for Storage Directory /opt/src/hadoop-ozone/integration-test/target/test-dir/MiniOzoneClusterImpl-ce0bcbbf-3c34-41f5-959b-dbc1bf4e8c10/datanode-4/data/ratis/3f9ea1e8-bdec-4958-9a20-47f38ea2c575
2019-06-14 07:37:37,126 INFO  server.RaftServerConfigKeys (ConfUtils.java:logGet(43)) - raft.server.log.queue.byte-limit = 2147483647 (custom)
2019-06-14 07:37:37,126 INFO  server.RaftServerConfigKeys (ConfUtils.java:logGet(43)) - raft.server.log.queue.element-limit = 1024 (custom)
2019-06-14 07:37:37,126 INFO  server.RaftServerConfigKeys (ConfUtils.java:logGet(43)) - raft.server.log.segment.size.max = 16384 (custom)
2019-06-14 07:37:37,126 INFO  server.RaftServerConfigKeys (ConfUtils.java:logGet(43)) - raft.server.log.preallocated.size = 16384 (custom)
2019-06-14 07:37:37,126 INFO  server.RaftServerConfigKeys (ConfUtils.java:logGet(43)) - raft.server.log.write.buffer.size = 33554432 (custom)
2019-06-14 07:37:37,126 INFO  server.RaftServerConfigKeys (ConfUtils.java:logGet(43)) - raft.server.log.force.sync.num = 128 (default)
2019-06-14 07:37:37,126 INFO  server.RaftServerConfigKeys (ConfUtils.java:logGet(43)) - raft.server.log.statemachine.data.sync = true (default)
2019-06-14 07:37:37,126 INFO  server.RaftServerConfigKeys (ConfUtils.java:logGet(43)) - raft.server.log.statemachine.data.sync.timeout = 10s (default)
2019-06-14 07:37:37,126 INFO  server.RaftServerConfigKeys (ConfUtils.java:logGet(43)) - raft.server.log.statemachine.data.sync.timeout.retry = -1 (default)
2019-06-14 07:37:37,126 INFO  server.RaftServerConfigKeys (ConfUtils.java:logGet(43)) - raft.server.log.statemachine.data.caching.enabled = true (custom)
2019-06-14 07:37:37,127 INFO  server.RaftServerConfigKeys (ConfUtils.java:logGet(43)) - raft.server.snapshot.auto.trigger.enabled = true (custom)
2019-06-14 07:37:37,127 INFO  server.RaftServerConfigKeys (ConfUtils.java:logGet(43)) - raft.server.snapshot.auto.trigger.threshold = 10000 (custom)
2019-06-14 07:37:37,127 INFO  server.RaftServerConfigKeys (ConfUtils.java:logGet(43)) - raft.server.retrycache.expirytime = 600000ms (custom)
2019-06-14 07:37:37,127 INFO  impl.RaftServerImpl (RaftServerImpl.java:start(173)) - 681d238c-2b60-4234-ab27-92ad0f9edec2: start group-47F38EA2C575
2019-06-14 07:37:37,127 INFO  impl.RaftServerImpl (RaftServerImpl.java:setRole(164)) - 681d238c-2b60-4234-ab27-92ad0f9edec2:group-47F38EA2C575 changes role from null to FOLLOWER at term 0 for startAsFollower
2019-06-14 07:37:37,128 INFO  impl.RoleInfo (RoleInfo.java:updateAndGet(143)) - 681d238c-2b60-4234-ab27-92ad0f9edec2: start FollowerState
2019-06-14 07:37:37,128 INFO  util.JmxRegister (JmxRegister.java:tryRegister(44)) - Successfully registered JMX Bean with object name Ratis:service=RaftServer,group=group-47F38EA2C575,id=681d238c-2b60-4234-ab27-92ad0f9edec2
2019-06-14 07:37:37,140 INFO  pipeline.PipelineStateManager (PipelineStateManager.java:addPipeline(56)) - Created pipeline Pipeline[ Id: 3f9ea1e8-bdec-4958-9a20-47f38ea2c575, Nodes: 681d238c-2b60-4234-ab27-92ad0f9edec2{ip: 192.168.105.182, host: ozone-jvflj-165345997, networkLocation: /default-rack, certSerialId: null}, Type:RATIS, Factor:ONE, State:OPEN]
2019-06-14 07:37:37,417 INFO  impl.FollowerState (FollowerState.java:run(101)) - 8116b8f3-8837-4500-86e2-059629570348:group-8D0216BE286C changes to CANDIDATE, lastRpcTime:1058, electionTimeout:1058ms
2019-06-14 07:37:37,417 INFO  impl.RoleInfo (RoleInfo.java:shutdownFollowerState(121)) - 8116b8f3-8837-4500-86e2-059629570348: shutdown FollowerState
2019-06-14 07:37:37,417 INFO  impl.RaftServerImpl (RaftServerImpl.java:setRole(164)) - 8116b8f3-8837-4500-86e2-059629570348:group-8D0216BE286C changes role from FOLLOWER to CANDIDATE at term 0 for changeToCandidate
2019-06-14 07:37:37,419 INFO  impl.RoleInfo (RoleInfo.java:updateAndGet(143)) - 8116b8f3-8837-4500-86e2-059629570348: start LeaderElection
2019-06-14 07:37:37,428 INFO  impl.LeaderElection (LeaderElection.java:askForVotes(181)) - 8116b8f3-8837-4500-86e2-059629570348:group-8D0216BE286C:LeaderElection1: begin an election at term 1 for -1: [8116b8f3-8837-4500-86e2-059629570348:192.168.105.182:43459], old=null
2019-06-14 07:37:37,429 INFO  impl.RoleInfo (RoleInfo.java:shutdownLeaderElection(134)) - 8116b8f3-8837-4500-86e2-059629570348: shutdown LeaderElection
2019-06-14 07:37:37,430 INFO  impl.RaftServerImpl (RaftServerImpl.java:setRole(164)) - 8116b8f3-8837-4500-86e2-059629570348:group-8D0216BE286C changes role from CANDIDATE to LEADER at term 1 for changeToLeader
2019-06-14 07:37:37,430 INFO  impl.RaftServerImpl (ServerState.java:setLeader(263)) - 8116b8f3-8837-4500-86e2-059629570348:group-8D0216BE286C change Leader from null to 8116b8f3-8837-4500-86e2-059629570348 at term 1 for becomeLeader, leader elected after 1242ms
2019-06-14 07:37:37,433 INFO  server.RaftServerConfigKeys (ConfUtils.java:logGet(43)) - raft.server.staging.catchup.gap = 1000 (default)
2019-06-14 07:37:37,433 INFO  server.RaftServerConfigKeys (ConfUtils.java:logGet(43)) - raft.server.rpc.sleep.time = 25ms (default)
2019-06-14 07:37:37,436 INFO  server.RaftServerConfigKeys (ConfUtils.java:logGet(43)) - raft.server.watch.timeout = 10s (default)
2019-06-14 07:37:37,436 INFO  server.RaftServerConfigKeys (ConfUtils.java:logGet(43)) - raft.server.watch.timeout.denomination = 1s (default)
2019-06-14 07:37:37,441 INFO  impl.RoleInfo (RoleInfo.java:updateAndGet(143)) - 8116b8f3-8837-4500-86e2-059629570348: start LeaderState
2019-06-14 07:37:37,456 INFO  storage.RaftLogWorker (RaftLogWorker.java:startLogSegment(298)) - 8116b8f3-8837-4500-86e2-059629570348-RaftLogWorker: Starting segment from index:0
2019-06-14 07:37:37,462 INFO  impl.RaftServerImpl (ServerState.java:setRaftConf(361)) - 8116b8f3-8837-4500-86e2-059629570348:group-8D0216BE286C set configuration 0: [8116b8f3-8837-4500-86e2-059629570348:192.168.105.182:43459], old=null at 0
2019-06-14 07:37:37,499 INFO  ozone.MiniOzoneClusterImpl (MiniOzoneClusterImpl.java:lambda$waitForClusterToBeReady$0(142)) - Waiting for cluster to be ready. Got 5 of 6 DN Heartbeats.
2019-06-14 07:37:37,505 INFO  node.SCMNodeManager (SCMNodeManager.java:register(234)) - Registered Data node : f96c4e14-cb14-433a-8f24-2953e7717712{ip: 192.168.105.182, host: ozone-jvflj-165345997, networkLocation: /default-rack, certSerialId: null}
2019-06-14 07:37:37,518 INFO  impl.RaftServerProxy (RaftServerProxy.java:addNew(89)) - f96c4e14-cb14-433a-8f24-2953e7717712: addNew group-46B6182F6F36:[f96c4e14-cb14-433a-8f24-2953e7717712:192.168.105.182:44631] returns group-46B6182F6F36:java.util.concurrent.CompletableFuture@1a9fbf3a[Not completed]
2019-06-14 07:37:37,519 INFO  impl.RaftServerImpl (RaftServerImpl.java:<init>(91)) - f96c4e14-cb14-433a-8f24-2953e7717712: new RaftServerImpl for group-46B6182F6F36:[f96c4e14-cb14-433a-8f24-2953e7717712:192.168.105.182:44631] with ContainerStateMachine:uninitialized
2019-06-14 07:37:37,519 INFO  server.RaftServerConfigKeys (ConfUtils.java:logGet(43)) - raft.server.rpc.timeout.min = 1s (custom)
2019-06-14 07:37:37,519 INFO  server.RaftServerConfigKeys (ConfUtils.java:logGet(43)) - raft.server.rpc.timeout.max = 1200ms (custom)
2019-06-14 07:37:37,519 INFO  server.RaftServerConfigKeys (ConfUtils.java:logGet(43)) - raft.server.rpcslowness.timeout = 10s (custom)
2019-06-14 07:37:37,519 INFO  server.RaftServerConfigKeys (ConfUtils.java:logGet(43)) - raft.server.log.appender.install.snapshot.enabled = true (default)
2019-06-14 07:37:37,519 INFO  impl.RaftServerImpl (ServerState.java:<init>(101)) - f96c4e14-cb14-433a-8f24-2953e7717712:group-46B6182F6F36 ConfigurationManager, init=-1: [f96c4e14-cb14-433a-8f24-2953e7717712:192.168.105.182:44631], old=null, confs=<EMPTY_MAP>
2019-06-14 07:37:37,520 INFO  server.RaftServerConfigKeys (ConfUtils.java:logGet(43)) - raft.server.storage.dir = [/opt/src/hadoop-ozone/integration-test/target/test-dir/MiniOzoneClusterImpl-ce0bcbbf-3c34-41f5-959b-dbc1bf4e8c10/datanode-5/data/ratis] (custom)
2019-06-14 07:37:37,520 INFO  storage.RaftStorageDirectory (RaftStorageDirectory.java:analyzeStorage(246)) - The storage directory /opt/src/hadoop-ozone/integration-test/target/test-dir/MiniOzoneClusterImpl-ce0bcbbf-3c34-41f5-959b-dbc1bf4e8c10/datanode-5/data/ratis/96ba43cf-8a61-40be-bb02-46b6182f6f36 does not exist. Creating ...
2019-06-14 07:37:37,522 INFO  storage.RaftStorageDirectory (RaftStorageDirectory.java:tryLock(328)) - Lock on /opt/src/hadoop-ozone/integration-test/target/test-dir/MiniOzoneClusterImpl-ce0bcbbf-3c34-41f5-959b-dbc1bf4e8c10/datanode-5/data/ratis/96ba43cf-8a61-40be-bb02-46b6182f6f36/in_use.lock acquired by nodename 10270@ozone-jvflj-165345997
2019-06-14 07:37:37,525 INFO  storage.RaftStorage (RaftStorage.java:format(75)) - Storage directory /opt/src/hadoop-ozone/integration-test/target/test-dir/MiniOzoneClusterImpl-ce0bcbbf-3c34-41f5-959b-dbc1bf4e8c10/datanode-5/data/ratis/96ba43cf-8a61-40be-bb02-46b6182f6f36 has been successfully formatted.
2019-06-14 07:37:37,525 INFO  ratis.ContainerStateMachine (ContainerStateMachine.java:loadSnapshot(199)) - The snapshot info is null.Setting the last applied index to:(t:0, i:~)
2019-06-14 07:37:37,526 INFO  server.RaftServerConfigKeys (ConfUtils.java:logGet(43)) - raft.server.leader.election.timeout = 10s (custom)
2019-06-14 07:37:37,526 INFO  server.RaftServerConfigKeys (ConfUtils.java:logGet(43)) - raft.server.log.use.memory = false (default)
2019-06-14 07:37:37,526 INFO  server.RaftServerConfigKeys (ConfUtils.java:logGet(43)) - raft.server.log.appender.buffer.byte-limit = 33554432 (custom)
2019-06-14 07:37:37,526 INFO  server.RaftServerConfigKeys (ConfUtils.java:logGet(43)) - raft.server.log.segment.size.max = 16384 (custom)
2019-06-14 07:37:37,526 INFO  server.RaftServerConfigKeys (ConfUtils.java:logGet(43)) - raft.server.log.segment.cache.num.max = 2 (custom)
2019-06-14 07:37:37,526 INFO  storage.RaftLogWorker (RaftLogWorker.java:<init>(123)) - new f96c4e14-cb14-433a-8f24-2953e7717712-RaftLogWorker for Storage Directory /opt/src/hadoop-ozone/integration-test/target/test-dir/MiniOzoneClusterImpl-ce0bcbbf-3c34-41f5-959b-dbc1bf4e8c10/datanode-5/data/ratis/96ba43cf-8a61-40be-bb02-46b6182f6f36
2019-06-14 07:37:37,526 INFO  server.RaftServerConfigKeys (ConfUtils.java:logGet(43)) - raft.server.log.queue.byte-limit = 2147483647 (custom)
2019-06-14 07:37:37,526 INFO  server.RaftServerConfigKeys (ConfUtils.java:logGet(43)) - raft.server.log.queue.element-limit = 1024 (custom)
2019-06-14 07:37:37,526 INFO  server.RaftServerConfigKeys (ConfUtils.java:logGet(43)) - raft.server.log.segment.size.max = 16384 (custom)
2019-06-14 07:37:37,526 INFO  server.RaftServerConfigKeys (ConfUtils.java:logGet(43)) - raft.server.log.preallocated.size = 16384 (custom)
2019-06-14 07:37:37,527 INFO  server.RaftServerConfigKeys (ConfUtils.java:logGet(43)) - raft.server.log.write.buffer.size = 33554432 (custom)
2019-06-14 07:37:37,527 INFO  server.RaftServerConfigKeys (ConfUtils.java:logGet(43)) - raft.server.log.force.sync.num = 128 (default)
2019-06-14 07:37:37,527 INFO  server.RaftServerConfigKeys (ConfUtils.java:logGet(43)) - raft.server.log.statemachine.data.sync = true (default)
2019-06-14 07:37:37,527 INFO  server.RaftServerConfigKeys (ConfUtils.java:logGet(43)) - raft.server.log.statemachine.data.sync.timeout = 10s (default)
2019-06-14 07:37:37,527 INFO  server.RaftServerConfigKeys (ConfUtils.java:logGet(43)) - raft.server.log.statemachine.data.sync.timeout.retry = -1 (default)
2019-06-14 07:37:37,527 INFO  server.RaftServerConfigKeys (ConfUtils.java:logGet(43)) - raft.server.log.statemachine.data.caching.enabled = true (custom)
2019-06-14 07:37:37,527 INFO  server.RaftServerConfigKeys (ConfUtils.java:logGet(43)) - raft.server.snapshot.auto.trigger.enabled = true (custom)
2019-06-14 07:37:37,527 INFO  server.RaftServerConfigKeys (ConfUtils.java:logGet(43)) - raft.server.snapshot.auto.trigger.threshold = 10000 (custom)
2019-06-14 07:37:37,528 INFO  server.RaftServerConfigKeys (ConfUtils.java:logGet(43)) - raft.server.retrycache.expirytime = 600000ms (custom)
2019-06-14 07:37:37,528 INFO  impl.RaftServerImpl (RaftServerImpl.java:start(173)) - f96c4e14-cb14-433a-8f24-2953e7717712: start group-46B6182F6F36
2019-06-14 07:37:37,528 INFO  impl.RaftServerImpl (RaftServerImpl.java:setRole(164)) - f96c4e14-cb14-433a-8f24-2953e7717712:group-46B6182F6F36 changes role from null to FOLLOWER at term 0 for startAsFollower
2019-06-14 07:37:37,528 INFO  impl.RoleInfo (RoleInfo.java:updateAndGet(143)) - f96c4e14-cb14-433a-8f24-2953e7717712: start FollowerState
2019-06-14 07:37:37,528 INFO  util.JmxRegister (JmxRegister.java:tryRegister(44)) - Successfully registered JMX Bean with object name Ratis:service=RaftServer,group=group-46B6182F6F36,id=f96c4e14-cb14-433a-8f24-2953e7717712
2019-06-14 07:37:37,533 INFO  pipeline.PipelineStateManager (PipelineStateManager.java:addPipeline(56)) - Created pipeline Pipeline[ Id: 96ba43cf-8a61-40be-bb02-46b6182f6f36, Nodes: f96c4e14-cb14-433a-8f24-2953e7717712{ip: 192.168.105.182, host: ozone-jvflj-165345997, networkLocation: /default-rack, certSerialId: null}, Type:RATIS, Factor:ONE, State:OPEN]
2019-06-14 07:37:37,546 INFO  impl.FollowerState (FollowerState.java:run(101)) - de306114-1c7c-4041-bebf-19374cefd088:group-8D203E8C8640 changes to CANDIDATE, lastRpcTime:1111, electionTimeout:1110ms
2019-06-14 07:37:37,551 INFO  impl.RoleInfo (RoleInfo.java:shutdownFollowerState(121)) - de306114-1c7c-4041-bebf-19374cefd088: shutdown FollowerState
2019-06-14 07:37:37,551 INFO  impl.RaftServerImpl (RaftServerImpl.java:setRole(164)) - de306114-1c7c-4041-bebf-19374cefd088:group-8D203E8C8640 changes role from FOLLOWER to CANDIDATE at term 0 for changeToCandidate
2019-06-14 07:37:37,551 INFO  impl.RoleInfo (RoleInfo.java:updateAndGet(143)) - de306114-1c7c-4041-bebf-19374cefd088: start LeaderElection
2019-06-14 07:37:37,553 INFO  impl.RaftServerProxy (RaftServerProxy.java:addNew(89)) - 681d238c-2b60-4234-ab27-92ad0f9edec2: addNew group-DFA342DF42A7:[3fee9989-773c-4ec0-8501-93f0a9f2fda0:192.168.105.182:36355, 681d238c-2b60-4234-ab27-92ad0f9edec2:192.168.105.182:35749, f96c4e14-cb14-433a-8f24-2953e7717712:192.168.105.182:44631] returns group-DFA342DF42A7:java.util.concurrent.CompletableFuture@1793cd38[Not completed]
2019-06-14 07:37:37,554 INFO  impl.RaftServerImpl (RaftServerImpl.java:<init>(91)) - 681d238c-2b60-4234-ab27-92ad0f9edec2: new RaftServerImpl for group-DFA342DF42A7:[3fee9989-773c-4ec0-8501-93f0a9f2fda0:192.168.105.182:36355, 681d238c-2b60-4234-ab27-92ad0f9edec2:192.168.105.182:35749, f96c4e14-cb14-433a-8f24-2953e7717712:192.168.105.182:44631] with ContainerStateMachine:uninitialized
2019-06-14 07:37:37,554 INFO  server.RaftServerConfigKeys (ConfUtils.java:logGet(43)) - raft.server.rpc.timeout.min = 1s (custom)
2019-06-14 07:37:37,554 INFO  server.RaftServerConfigKeys (ConfUtils.java:logGet(43)) - raft.server.rpc.timeout.max = 1200ms (custom)
2019-06-14 07:37:37,554 INFO  server.RaftServerConfigKeys (ConfUtils.java:logGet(43)) - raft.server.rpcslowness.timeout = 10s (custom)
2019-06-14 07:37:37,554 INFO  server.RaftServerConfigKeys (ConfUtils.java:logGet(43)) - raft.server.log.appender.install.snapshot.enabled = true (default)
2019-06-14 07:37:37,554 INFO  impl.RaftServerImpl (ServerState.java:<init>(101)) - 681d238c-2b60-4234-ab27-92ad0f9edec2:group-DFA342DF42A7 ConfigurationManager, init=-1: [3fee9989-773c-4ec0-8501-93f0a9f2fda0:192.168.105.182:36355, 681d238c-2b60-4234-ab27-92ad0f9edec2:192.168.105.182:35749, f96c4e14-cb14-433a-8f24-2953e7717712:192.168.105.182:44631], old=null, confs=<EMPTY_MAP>
2019-06-14 07:37:37,554 INFO  server.RaftServerConfigKeys (ConfUtils.java:logGet(43)) - raft.server.storage.dir = [/opt/src/hadoop-ozone/integration-test/target/test-dir/MiniOzoneClusterImpl-ce0bcbbf-3c34-41f5-959b-dbc1bf4e8c10/datanode-4/data/ratis] (custom)
2019-06-14 07:37:37,555 INFO  storage.RaftStorageDirectory (RaftStorageDirectory.java:analyzeStorage(246)) - The storage directory /opt/src/hadoop-ozone/integration-test/target/test-dir/MiniOzoneClusterImpl-ce0bcbbf-3c34-41f5-959b-dbc1bf4e8c10/datanode-4/data/ratis/4a8248f1-55e8-40fd-98c1-dfa342df42a7 does not exist. Creating ...
2019-06-14 07:37:37,559 INFO  impl.RaftServerProxy (RaftServerProxy.java:addNew(89)) - f96c4e14-cb14-433a-8f24-2953e7717712: addNew group-DFA342DF42A7:[3fee9989-773c-4ec0-8501-93f0a9f2fda0:192.168.105.182:36355, 681d238c-2b60-4234-ab27-92ad0f9edec2:192.168.105.182:35749, f96c4e14-cb14-433a-8f24-2953e7717712:192.168.105.182:44631] returns group-DFA342DF42A7:java.util.concurrent.CompletableFuture@6994e1ae[Not completed]
2019-06-14 07:37:37,560 INFO  impl.RaftServerImpl (RaftServerImpl.java:<init>(91)) - f96c4e14-cb14-433a-8f24-2953e7717712: new RaftServerImpl for group-DFA342DF42A7:[3fee9989-773c-4ec0-8501-93f0a9f2fda0:192.168.105.182:36355, 681d238c-2b60-4234-ab27-92ad0f9edec2:192.168.105.182:35749, f96c4e14-cb14-433a-8f24-2953e7717712:192.168.105.182:44631] with ContainerStateMachine:uninitialized
2019-06-14 07:37:37,560 INFO  server.RaftServerConfigKeys (ConfUtils.java:logGet(43)) - raft.server.rpc.timeout.min = 1s (custom)
2019-06-14 07:37:37,560 INFO  server.RaftServerConfigKeys (ConfUtils.java:logGet(43)) - raft.server.rpc.timeout.max = 1200ms (custom)
2019-06-14 07:37:37,561 INFO  server.RaftServerConfigKeys (ConfUtils.java:logGet(43)) - raft.server.rpcslowness.timeout = 10s (custom)
2019-06-14 07:37:37,561 INFO  server.RaftServerConfigKeys (ConfUtils.java:logGet(43)) - raft.server.log.appender.install.snapshot.enabled = true (default)
2019-06-14 07:37:37,561 INFO  impl.RaftServerImpl (ServerState.java:<init>(101)) - f96c4e14-cb14-433a-8f24-2953e7717712:group-DFA342DF42A7 ConfigurationManager, init=-1: [3fee9989-773c-4ec0-8501-93f0a9f2fda0:192.168.105.182:36355, 681d238c-2b60-4234-ab27-92ad0f9edec2:192.168.105.182:35749, f96c4e14-cb14-433a-8f24-2953e7717712:192.168.105.182:44631], old=null, confs=<EMPTY_MAP>
2019-06-14 07:37:37,561 INFO  server.RaftServerConfigKeys (ConfUtils.java:logGet(43)) - raft.server.storage.dir = [/opt/src/hadoop-ozone/integration-test/target/test-dir/MiniOzoneClusterImpl-ce0bcbbf-3c34-41f5-959b-dbc1bf4e8c10/datanode-5/data/ratis] (custom)
2019-06-14 07:37:37,561 INFO  storage.RaftStorageDirectory (RaftStorageDirectory.java:analyzeStorage(246)) - The storage directory /opt/src/hadoop-ozone/integration-test/target/test-dir/MiniOzoneClusterImpl-ce0bcbbf-3c34-41f5-959b-dbc1bf4e8c10/datanode-5/data/ratis/4a8248f1-55e8-40fd-98c1-dfa342df42a7 does not exist. Creating ...
2019-06-14 07:37:37,561 INFO  storage.RaftStorageDirectory (RaftStorageDirectory.java:tryLock(328)) - Lock on /opt/src/hadoop-ozone/integration-test/target/test-dir/MiniOzoneClusterImpl-ce0bcbbf-3c34-41f5-959b-dbc1bf4e8c10/datanode-4/data/ratis/4a8248f1-55e8-40fd-98c1-dfa342df42a7/in_use.lock acquired by nodename 10270@ozone-jvflj-165345997
2019-06-14 07:37:37,563 INFO  impl.RaftServerProxy (RaftServerProxy.java:addNew(89)) - 3fee9989-773c-4ec0-8501-93f0a9f2fda0: addNew group-DFA342DF42A7:[3fee9989-773c-4ec0-8501-93f0a9f2fda0:192.168.105.182:36355, 681d238c-2b60-4234-ab27-92ad0f9edec2:192.168.105.182:35749, f96c4e14-cb14-433a-8f24-2953e7717712:192.168.105.182:44631] returns group-DFA342DF42A7:java.util.concurrent.CompletableFuture@6fd24013[Not completed]
2019-06-14 07:37:37,564 INFO  storage.RaftStorageDirectory (RaftStorageDirectory.java:tryLock(328)) - Lock on /opt/src/hadoop-ozone/integration-test/target/test-dir/MiniOzoneClusterImpl-ce0bcbbf-3c34-41f5-959b-dbc1bf4e8c10/datanode-5/data/ratis/4a8248f1-55e8-40fd-98c1-dfa342df42a7/in_use.lock acquired by nodename 10270@ozone-jvflj-165345997
2019-06-14 07:37:37,564 INFO  impl.RaftServerImpl (RaftServerImpl.java:<init>(91)) - 3fee9989-773c-4ec0-8501-93f0a9f2fda0: new RaftServerImpl for group-DFA342DF42A7:[3fee9989-773c-4ec0-8501-93f0a9f2fda0:192.168.105.182:36355, 681d238c-2b60-4234-ab27-92ad0f9edec2:192.168.105.182:35749, f96c4e14-cb14-433a-8f24-2953e7717712:192.168.105.182:44631] with ContainerStateMachine:uninitialized
2019-06-14 07:37:37,564 INFO  server.RaftServerConfigKeys (ConfUtils.java:logGet(43)) - raft.server.rpc.timeout.min = 1s (custom)
2019-06-14 07:37:37,564 INFO  server.RaftServerConfigKeys (ConfUtils.java:logGet(43)) - raft.server.rpc.timeout.max = 1200ms (custom)
2019-06-14 07:37:37,564 INFO  server.RaftServerConfigKeys (ConfUtils.java:logGet(43)) - raft.server.rpcslowness.timeout = 10s (custom)
2019-06-14 07:37:37,564 INFO  server.RaftServerConfigKeys (ConfUtils.java:logGet(43)) - raft.server.log.appender.install.snapshot.enabled = true (default)
2019-06-14 07:37:37,564 INFO  impl.RaftServerImpl (ServerState.java:<init>(101)) - 3fee9989-773c-4ec0-8501-93f0a9f2fda0:group-DFA342DF42A7 ConfigurationManager, init=-1: [3fee9989-773c-4ec0-8501-93f0a9f2fda0:192.168.105.182:36355, 681d238c-2b60-4234-ab27-92ad0f9edec2:192.168.105.182:35749, f96c4e14-cb14-433a-8f24-2953e7717712:192.168.105.182:44631], old=null, confs=<EMPTY_MAP>
2019-06-14 07:37:37,565 INFO  server.RaftServerConfigKeys (ConfUtils.java:logGet(43)) - raft.server.storage.dir = [/opt/src/hadoop-ozone/integration-test/target/test-dir/MiniOzoneClusterImpl-ce0bcbbf-3c34-41f5-959b-dbc1bf4e8c10/datanode-3/data/ratis] (custom)
2019-06-14 07:37:37,565 INFO  storage.RaftStorageDirectory (RaftStorageDirectory.java:analyzeStorage(246)) - The storage directory /opt/src/hadoop-ozone/integration-test/target/test-dir/MiniOzoneClusterImpl-ce0bcbbf-3c34-41f5-959b-dbc1bf4e8c10/datanode-3/data/ratis/4a8248f1-55e8-40fd-98c1-dfa342df42a7 does not exist. Creating ...
2019-06-14 07:37:37,565 INFO  storage.RaftStorage (RaftStorage.java:format(75)) - Storage directory /opt/src/hadoop-ozone/integration-test/target/test-dir/MiniOzoneClusterImpl-ce0bcbbf-3c34-41f5-959b-dbc1bf4e8c10/datanode-4/data/ratis/4a8248f1-55e8-40fd-98c1-dfa342df42a7 has been successfully formatted.
2019-06-14 07:37:37,566 INFO  ratis.ContainerStateMachine (ContainerStateMachine.java:loadSnapshot(199)) - The snapshot info is null.Setting the last applied index to:(t:0, i:~)
2019-06-14 07:37:37,566 INFO  server.RaftServerConfigKeys (ConfUtils.java:logGet(43)) - raft.server.leader.election.timeout = 10s (custom)
2019-06-14 07:37:37,566 INFO  server.RaftServerConfigKeys (ConfUtils.java:logGet(43)) - raft.server.log.use.memory = false (default)
2019-06-14 07:37:37,566 INFO  server.RaftServerConfigKeys (ConfUtils.java:logGet(43)) - raft.server.log.appender.buffer.byte-limit = 33554432 (custom)
2019-06-14 07:37:37,566 INFO  storage.RaftStorage (RaftStorage.java:format(75)) - Storage directory /opt/src/hadoop-ozone/integration-test/target/test-dir/MiniOzoneClusterImpl-ce0bcbbf-3c34-41f5-959b-dbc1bf4e8c10/datanode-5/data/ratis/4a8248f1-55e8-40fd-98c1-dfa342df42a7 has been successfully formatted.
2019-06-14 07:37:37,566 INFO  server.RaftServerConfigKeys (ConfUtils.java:logGet(43)) - raft.server.log.segment.size.max = 16384 (custom)
2019-06-14 07:37:37,566 INFO  server.RaftServerConfigKeys (ConfUtils.java:logGet(43)) - raft.server.log.segment.cache.num.max = 2 (custom)
2019-06-14 07:37:37,566 INFO  storage.RaftLogWorker (RaftLogWorker.java:<init>(123)) - new 681d238c-2b60-4234-ab27-92ad0f9edec2-RaftLogWorker for Storage Directory /opt/src/hadoop-ozone/integration-test/target/test-dir/MiniOzoneClusterImpl-ce0bcbbf-3c34-41f5-959b-dbc1bf4e8c10/datanode-4/data/ratis/4a8248f1-55e8-40fd-98c1-dfa342df42a7
2019-06-14 07:37:37,566 INFO  server.RaftServerConfigKeys (ConfUtils.java:logGet(43)) - raft.server.log.queue.byte-limit = 2147483647 (custom)
2019-06-14 07:37:37,567 INFO  server.RaftServerConfigKeys (ConfUtils.java:logGet(43)) - raft.server.log.queue.element-limit = 1024 (custom)
2019-06-14 07:37:37,567 INFO  server.RaftServerConfigKeys (ConfUtils.java:logGet(43)) - raft.server.log.segment.size.max = 16384 (custom)
2019-06-14 07:37:37,567 INFO  server.RaftServerConfigKeys (ConfUtils.java:logGet(43)) - raft.server.log.preallocated.size = 16384 (custom)
2019-06-14 07:37:37,567 INFO  server.RaftServerConfigKeys (ConfUtils.java:logGet(43)) - raft.server.log.write.buffer.size = 33554432 (custom)
2019-06-14 07:37:37,567 INFO  server.RaftServerConfigKeys (ConfUtils.java:logGet(43)) - raft.server.log.force.sync.num = 128 (default)
2019-06-14 07:37:37,567 INFO  ratis.ContainerStateMachine (ContainerStateMachine.java:loadSnapshot(199)) - The snapshot info is null.Setting the last applied index to:(t:0, i:~)
2019-06-14 07:37:37,567 INFO  server.RaftServerConfigKeys (ConfUtils.java:logGet(43)) - raft.server.log.statemachine.data.sync = true (default)
2019-06-14 07:37:37,567 INFO  server.RaftServerConfigKeys (ConfUtils.java:logGet(43)) - raft.server.log.statemachine.data.sync.timeout = 10s (default)
2019-06-14 07:37:37,568 INFO  server.RaftServerConfigKeys (ConfUtils.java:logGet(43)) - raft.server.log.statemachine.data.sync.timeout.retry = -1 (default)
2019-06-14 07:37:37,568 INFO  server.RaftServerConfigKeys (ConfUtils.java:logGet(43)) - raft.server.log.statemachine.data.caching.enabled = true (custom)
2019-06-14 07:37:37,567 INFO  server.RaftServerConfigKeys (ConfUtils.java:logGet(43)) - raft.server.leader.election.timeout = 10s (custom)
2019-06-14 07:37:37,568 INFO  server.RaftServerConfigKeys (ConfUtils.java:logGet(43)) - raft.server.log.use.memory = false (default)
2019-06-14 07:37:37,568 INFO  server.RaftServerConfigKeys (ConfUtils.java:logGet(43)) - raft.server.log.appender.buffer.byte-limit = 33554432 (custom)
2019-06-14 07:37:37,568 INFO  server.RaftServerConfigKeys (ConfUtils.java:logGet(43)) - raft.server.log.segment.size.max = 16384 (custom)
2019-06-14 07:37:37,568 INFO  server.RaftServerConfigKeys (ConfUtils.java:logGet(43)) - raft.server.log.segment.cache.num.max = 2 (custom)
2019-06-14 07:37:37,568 INFO  storage.RaftLogWorker (RaftLogWorker.java:<init>(123)) - new f96c4e14-cb14-433a-8f24-2953e7717712-RaftLogWorker for Storage Directory /opt/src/hadoop-ozone/integration-test/target/test-dir/MiniOzoneClusterImpl-ce0bcbbf-3c34-41f5-959b-dbc1bf4e8c10/datanode-5/data/ratis/4a8248f1-55e8-40fd-98c1-dfa342df42a7
2019-06-14 07:37:37,568 INFO  server.RaftServerConfigKeys (ConfUtils.java:logGet(43)) - raft.server.log.queue.byte-limit = 2147483647 (custom)
2019-06-14 07:37:37,568 INFO  server.RaftServerConfigKeys (ConfUtils.java:logGet(43)) - raft.server.log.queue.element-limit = 1024 (custom)
2019-06-14 07:37:37,569 INFO  server.RaftServerConfigKeys (ConfUtils.java:logGet(43)) - raft.server.log.segment.size.max = 16384 (custom)
2019-06-14 07:37:37,569 INFO  server.RaftServerConfigKeys (ConfUtils.java:logGet(43)) - raft.server.log.preallocated.size = 16384 (custom)
2019-06-14 07:37:37,569 INFO  server.RaftServerConfigKeys (ConfUtils.java:logGet(43)) - raft.server.log.write.buffer.size = 33554432 (custom)
2019-06-14 07:37:37,569 INFO  server.RaftServerConfigKeys (ConfUtils.java:logGet(43)) - raft.server.log.force.sync.num = 128 (default)
2019-06-14 07:37:37,569 INFO  server.RaftServerConfigKeys (ConfUtils.java:logGet(43)) - raft.server.log.statemachine.data.sync = true (default)
2019-06-14 07:37:37,569 INFO  server.RaftServerConfigKeys (ConfUtils.java:logGet(43)) - raft.server.log.statemachine.data.sync.timeout = 10s (default)
2019-06-14 07:37:37,569 INFO  server.RaftServerConfigKeys (ConfUtils.java:logGet(43)) - raft.server.log.statemachine.data.sync.timeout.retry = -1 (default)
2019-06-14 07:37:37,568 INFO  storage.RaftStorageDirectory (RaftStorageDirectory.java:tryLock(328)) - Lock on /opt/src/hadoop-ozone/integration-test/target/test-dir/MiniOzoneClusterImpl-ce0bcbbf-3c34-41f5-959b-dbc1bf4e8c10/datanode-3/data/ratis/4a8248f1-55e8-40fd-98c1-dfa342df42a7/in_use.lock acquired by nodename 10270@ozone-jvflj-165345997
2019-06-14 07:37:37,569 INFO  server.RaftServerConfigKeys (ConfUtils.java:logGet(43)) - raft.server.snapshot.auto.trigger.enabled = true (custom)
2019-06-14 07:37:37,569 INFO  server.RaftServerConfigKeys (ConfUtils.java:logGet(43)) - raft.server.snapshot.auto.trigger.threshold = 10000 (custom)
2019-06-14 07:37:37,570 INFO  server.RaftServerConfigKeys (ConfUtils.java:logGet(43)) - raft.server.retrycache.expirytime = 600000ms (custom)
2019-06-14 07:37:37,570 INFO  impl.RaftServerImpl (RaftServerImpl.java:start(173)) - 681d238c-2b60-4234-ab27-92ad0f9edec2: start group-DFA342DF42A7
2019-06-14 07:37:37,570 INFO  impl.RaftServerImpl (RaftServerImpl.java:setRole(164)) - 681d238c-2b60-4234-ab27-92ad0f9edec2:group-DFA342DF42A7 changes role from null to FOLLOWER at term 0 for startAsFollower
2019-06-14 07:37:37,570 INFO  impl.RoleInfo (RoleInfo.java:updateAndGet(143)) - 681d238c-2b60-4234-ab27-92ad0f9edec2: start FollowerState
2019-06-14 07:37:37,575 INFO  storage.RaftStorage (RaftStorage.java:format(75)) - Storage directory /opt/src/hadoop-ozone/integration-test/target/test-dir/MiniOzoneClusterImpl-ce0bcbbf-3c34-41f5-959b-dbc1bf4e8c10/datanode-3/data/ratis/4a8248f1-55e8-40fd-98c1-dfa342df42a7 has been successfully formatted.
2019-06-14 07:37:37,575 INFO  server.RaftServerConfigKeys (ConfUtils.java:logGet(43)) - raft.server.log.statemachine.data.caching.enabled = true (custom)
2019-06-14 07:37:37,575 INFO  ratis.ContainerStateMachine (ContainerStateMachine.java:loadSnapshot(199)) - The snapshot info is null.Setting the last applied index to:(t:0, i:~)
2019-06-14 07:37:37,575 INFO  server.RaftServerConfigKeys (ConfUtils.java:logGet(43)) - raft.server.leader.election.timeout = 10s (custom)
2019-06-14 07:37:37,576 INFO  server.RaftServerConfigKeys (ConfUtils.java:logGet(43)) - raft.server.log.use.memory = false (default)
2019-06-14 07:37:37,576 INFO  server.RaftServerConfigKeys (ConfUtils.java:logGet(43)) - raft.server.log.appender.buffer.byte-limit = 33554432 (custom)
2019-06-14 07:37:37,576 INFO  server.RaftServerConfigKeys (ConfUtils.java:logGet(43)) - raft.server.log.segment.size.max = 16384 (custom)
2019-06-14 07:37:37,576 INFO  server.RaftServerConfigKeys (ConfUtils.java:logGet(43)) - raft.server.log.segment.cache.num.max = 2 (custom)
2019-06-14 07:37:37,576 INFO  storage.RaftLogWorker (RaftLogWorker.java:<init>(123)) - new 3fee9989-773c-4ec0-8501-93f0a9f2fda0-RaftLogWorker for Storage Directory /opt/src/hadoop-ozone/integration-test/target/test-dir/MiniOzoneClusterImpl-ce0bcbbf-3c34-41f5-959b-dbc1bf4e8c10/datanode-3/data/ratis/4a8248f1-55e8-40fd-98c1-dfa342df42a7
2019-06-14 07:37:37,576 INFO  server.RaftServerConfigKeys (ConfUtils.java:logGet(43)) - raft.server.log.queue.byte-limit = 2147483647 (custom)
2019-06-14 07:37:37,576 INFO  server.RaftServerConfigKeys (ConfUtils.java:logGet(43)) - raft.server.log.queue.element-limit = 1024 (custom)
2019-06-14 07:37:37,576 INFO  server.RaftServerConfigKeys (ConfUtils.java:logGet(43)) - raft.server.log.segment.size.max = 16384 (custom)
2019-06-14 07:37:37,576 INFO  server.RaftServerConfigKeys (ConfUtils.java:logGet(43)) - raft.server.log.preallocated.size = 16384 (custom)
2019-06-14 07:37:37,577 INFO  server.RaftServerConfigKeys (ConfUtils.java:logGet(43)) - raft.server.log.write.buffer.size = 33554432 (custom)
2019-06-14 07:37:37,577 INFO  server.RaftServerConfigKeys (ConfUtils.java:logGet(43)) - raft.server.log.force.sync.num = 128 (default)
2019-06-14 07:37:37,577 INFO  server.RaftServerConfigKeys (ConfUtils.java:logGet(43)) - raft.server.log.statemachine.data.sync = true (default)
2019-06-14 07:37:37,577 INFO  server.RaftServerConfigKeys (ConfUtils.java:logGet(43)) - raft.server.log.statemachine.data.sync.timeout = 10s (default)
2019-06-14 07:37:37,577 INFO  server.RaftServerConfigKeys (ConfUtils.java:logGet(43)) - raft.server.log.statemachine.data.sync.timeout.retry = -1 (default)
2019-06-14 07:37:37,579 INFO  util.JmxRegister (JmxRegister.java:tryRegister(44)) - Successfully registered JMX Bean with object name Ratis:service=RaftServer,group=group-DFA342DF42A7,id=681d238c-2b60-4234-ab27-92ad0f9edec2
2019-06-14 07:37:37,570 INFO  impl.LeaderElection (LeaderElection.java:askForVotes(181)) - de306114-1c7c-4041-bebf-19374cefd088:group-8D203E8C8640:LeaderElection2: begin an election at term 1 for -1: [de306114-1c7c-4041-bebf-19374cefd088:192.168.105.182:35827], old=null
2019-06-14 07:37:37,579 INFO  server.RaftServerConfigKeys (ConfUtils.java:logGet(43)) - raft.server.log.statemachine.data.caching.enabled = true (custom)
2019-06-14 07:37:37,580 INFO  impl.RoleInfo (RoleInfo.java:shutdownLeaderElection(134)) - de306114-1c7c-4041-bebf-19374cefd088: shutdown LeaderElection
2019-06-14 07:37:37,580 INFO  impl.RaftServerImpl (RaftServerImpl.java:setRole(164)) - de306114-1c7c-4041-bebf-19374cefd088:group-8D203E8C8640 changes role from CANDIDATE to LEADER at term 1 for changeToLeader
2019-06-14 07:37:37,580 INFO  impl.RaftServerImpl (ServerState.java:setLeader(263)) - de306114-1c7c-4041-bebf-19374cefd088:group-8D203E8C8640 change Leader from null to de306114-1c7c-4041-bebf-19374cefd088 at term 1 for becomeLeader, leader elected after 1149ms
2019-06-14 07:37:37,580 INFO  server.RaftServerConfigKeys (ConfUtils.java:logGet(43)) - raft.server.snapshot.auto.trigger.enabled = true (custom)
2019-06-14 07:37:37,580 INFO  server.RaftServerConfigKeys (ConfUtils.java:logGet(43)) - raft.server.snapshot.auto.trigger.threshold = 10000 (custom)
2019-06-14 07:37:37,580 INFO  server.RaftServerConfigKeys (ConfUtils.java:logGet(43)) - raft.server.retrycache.expirytime = 600000ms (custom)
2019-06-14 07:37:37,581 INFO  impl.RaftServerImpl (RaftServerImpl.java:start(173)) - f96c4e14-cb14-433a-8f24-2953e7717712: start group-DFA342DF42A7
2019-06-14 07:37:37,581 INFO  impl.RaftServerImpl (RaftServerImpl.java:setRole(164)) - f96c4e14-cb14-433a-8f24-2953e7717712:group-DFA342DF42A7 changes role from null to FOLLOWER at term 0 for startAsFollower
2019-06-14 07:37:37,581 INFO  impl.RoleInfo (RoleInfo.java:updateAndGet(143)) - f96c4e14-cb14-433a-8f24-2953e7717712: start FollowerState
2019-06-14 07:37:37,581 INFO  util.JmxRegister (JmxRegister.java:tryRegister(44)) - Successfully registered JMX Bean with object name Ratis:service=RaftServer,group=group-DFA342DF42A7,id=f96c4e14-cb14-433a-8f24-2953e7717712
2019-06-14 07:37:37,590 INFO  server.RaftServerConfigKeys (ConfUtils.java:logGet(43)) - raft.server.staging.catchup.gap = 1000 (default)
2019-06-14 07:37:37,591 INFO  server.RaftServerConfigKeys (ConfUtils.java:logGet(43)) - raft.server.snapshot.auto.trigger.enabled = true (custom)
2019-06-14 07:37:37,591 INFO  server.RaftServerConfigKeys (ConfUtils.java:logGet(43)) - raft.server.rpc.sleep.time = 25ms (default)
2019-06-14 07:37:37,591 INFO  server.RaftServerConfigKeys (ConfUtils.java:logGet(43)) - raft.server.snapshot.auto.trigger.threshold = 10000 (custom)
2019-06-14 07:37:37,591 INFO  server.RaftServerConfigKeys (ConfUtils.java:logGet(43)) - raft.server.retrycache.expirytime = 600000ms (custom)
2019-06-14 07:37:37,591 INFO  impl.RaftServerImpl (RaftServerImpl.java:start(173)) - 3fee9989-773c-4ec0-8501-93f0a9f2fda0: start group-DFA342DF42A7
2019-06-14 07:37:37,591 INFO  impl.RaftServerImpl (RaftServerImpl.java:setRole(164)) - 3fee9989-773c-4ec0-8501-93f0a9f2fda0:group-DFA342DF42A7 changes role from null to FOLLOWER at term 0 for startAsFollower
2019-06-14 07:37:37,591 INFO  impl.RoleInfo (RoleInfo.java:updateAndGet(143)) - 3fee9989-773c-4ec0-8501-93f0a9f2fda0: start FollowerState
2019-06-14 07:37:37,612 INFO  server.RaftServerConfigKeys (ConfUtils.java:logGet(43)) - raft.server.watch.timeout = 10s (default)
2019-06-14 07:37:37,612 INFO  server.RaftServerConfigKeys (ConfUtils.java:logGet(43)) - raft.server.watch.timeout.denomination = 1s (default)
2019-06-14 07:37:37,615 INFO  impl.RoleInfo (RoleInfo.java:updateAndGet(143)) - de306114-1c7c-4041-bebf-19374cefd088: start LeaderState
2019-06-14 07:37:37,615 INFO  storage.RaftLogWorker (RaftLogWorker.java:startLogSegment(298)) - de306114-1c7c-4041-bebf-19374cefd088-RaftLogWorker: Starting segment from index:0
2019-06-14 07:37:37,614 INFO  util.JmxRegister (JmxRegister.java:tryRegister(44)) - Successfully registered JMX Bean with object name Ratis:service=RaftServer,group=group-DFA342DF42A7,id=3fee9989-773c-4ec0-8501-93f0a9f2fda0
2019-06-14 07:37:37,618 INFO  impl.RaftServerImpl (ServerState.java:setRaftConf(361)) - de306114-1c7c-4041-bebf-19374cefd088:group-8D203E8C8640 set configuration 0: [de306114-1c7c-4041-bebf-19374cefd088:192.168.105.182:35827], old=null at 0
2019-06-14 07:37:37,644 INFO  impl.FollowerState (FollowerState.java:run(101)) - 24801b01-9959-4b98-a346-205476f64662:group-F628EAF0B861 changes to CANDIDATE, lastRpcTime:1053, electionTimeout:1044ms
2019-06-14 07:37:37,644 INFO  impl.RoleInfo (RoleInfo.java:shutdownFollowerState(121)) - 24801b01-9959-4b98-a346-205476f64662: shutdown FollowerState
2019-06-14 07:37:37,644 INFO  impl.RaftServerImpl (RaftServerImpl.java:setRole(164)) - 24801b01-9959-4b98-a346-205476f64662:group-F628EAF0B861 changes role from FOLLOWER to CANDIDATE at term 0 for changeToCandidate
2019-06-14 07:37:37,645 INFO  impl.RoleInfo (RoleInfo.java:updateAndGet(143)) - 24801b01-9959-4b98-a346-205476f64662: start LeaderElection
2019-06-14 07:37:37,663 INFO  impl.FollowerState (FollowerState.java:run(101)) - 24801b01-9959-4b98-a346-205476f64662:group-2F8AA850CF55 changes to CANDIDATE, lastRpcTime:1136, electionTimeout:1104ms
2019-06-14 07:37:37,663 INFO  impl.RoleInfo (RoleInfo.java:shutdownFollowerState(121)) - 24801b01-9959-4b98-a346-205476f64662: shutdown FollowerState
2019-06-14 07:37:37,663 INFO  impl.RaftServerImpl (RaftServerImpl.java:setRole(164)) - 24801b01-9959-4b98-a346-205476f64662:group-2F8AA850CF55 changes role from FOLLOWER to CANDIDATE at term 0 for changeToCandidate
2019-06-14 07:37:37,664 INFO  impl.RoleInfo (RoleInfo.java:updateAndGet(143)) - 24801b01-9959-4b98-a346-205476f64662: start LeaderElection
2019-06-14 07:37:37,692 INFO  impl.LeaderElection (LeaderElection.java:askForVotes(181)) - 24801b01-9959-4b98-a346-205476f64662:group-2F8AA850CF55:LeaderElection4: begin an election at term 1 for -1: [24801b01-9959-4b98-a346-205476f64662:192.168.105.182:39453], old=null
2019-06-14 07:37:37,692 INFO  impl.RoleInfo (RoleInfo.java:shutdownLeaderElection(134)) - 24801b01-9959-4b98-a346-205476f64662: shutdown LeaderElection
2019-06-14 07:37:37,692 INFO  impl.RaftServerImpl (RaftServerImpl.java:setRole(164)) - 24801b01-9959-4b98-a346-205476f64662:group-2F8AA850CF55 changes role from CANDIDATE to LEADER at term 1 for changeToLeader
2019-06-14 07:37:37,692 INFO  impl.RaftServerImpl (ServerState.java:setLeader(263)) - 24801b01-9959-4b98-a346-205476f64662:group-2F8AA850CF55 change Leader from null to 24801b01-9959-4b98-a346-205476f64662 at term 1 for becomeLeader, leader elected after 1170ms
2019-06-14 07:37:37,693 INFO  pipeline.PipelineStateManager (PipelineStateManager.java:addPipeline(56)) - Created pipeline Pipeline[ Id: 4a8248f1-55e8-40fd-98c1-dfa342df42a7, Nodes: f96c4e14-cb14-433a-8f24-2953e7717712{ip: 192.168.105.182, host: ozone-jvflj-165345997, networkLocation: /default-rack, certSerialId: null}681d238c-2b60-4234-ab27-92ad0f9edec2{ip: 192.168.105.182, host: ozone-jvflj-165345997, networkLocation: /default-rack, certSerialId: null}3fee9989-773c-4ec0-8501-93f0a9f2fda0{ip: 192.168.105.182, host: ozone-jvflj-165345997, networkLocation: /default-rack, certSerialId: null}, Type:RATIS, Factor:THREE, State:OPEN]
2019-06-14 07:37:37,694 INFO  server.RaftServerConfigKeys (ConfUtils.java:logGet(43)) - raft.server.staging.catchup.gap = 1000 (default)
2019-06-14 07:37:37,695 INFO  server.RaftServerConfigKeys (ConfUtils.java:logGet(43)) - raft.server.rpc.sleep.time = 25ms (default)
2019-06-14 07:37:37,696 INFO  server.RaftServerConfigKeys (ConfUtils.java:logGet(43)) - raft.server.watch.timeout = 10s (default)
2019-06-14 07:37:37,696 INFO  server.RaftServerConfigKeys (ConfUtils.java:logGet(43)) - raft.server.watch.timeout.denomination = 1s (default)
2019-06-14 07:37:37,696 INFO  impl.RoleInfo (RoleInfo.java:updateAndGet(143)) - 24801b01-9959-4b98-a346-205476f64662: start LeaderState
2019-06-14 07:37:37,696 INFO  storage.RaftLogWorker (RaftLogWorker.java:startLogSegment(298)) - 24801b01-9959-4b98-a346-205476f64662-RaftLogWorker: Starting segment from index:0
2019-06-14 07:37:37,700 INFO  impl.RaftServerImpl (ServerState.java:setRaftConf(361)) - 24801b01-9959-4b98-a346-205476f64662:group-2F8AA850CF55 set configuration 0: [24801b01-9959-4b98-a346-205476f64662:192.168.105.182:39453], old=null at 0
2019-06-14 07:37:37,718 INFO  impl.FollowerState (FollowerState.java:run(101)) - 8116b8f3-8837-4500-86e2-059629570348:group-F628EAF0B861 changes to CANDIDATE, lastRpcTime:1106, electionTimeout:1105ms
2019-06-14 07:37:37,741 INFO  impl.RoleInfo (RoleInfo.java:shutdownFollowerState(121)) - 8116b8f3-8837-4500-86e2-059629570348: shutdown FollowerState
2019-06-14 07:37:37,741 INFO  impl.RaftServerImpl (RaftServerImpl.java:setRole(164)) - 8116b8f3-8837-4500-86e2-059629570348:group-F628EAF0B861 changes role from FOLLOWER to CANDIDATE at term 0 for changeToCandidate
2019-06-14 07:37:37,741 INFO  storage.RaftLogWorker (RaftLogWorker.java:execute(469)) - de306114-1c7c-4041-bebf-19374cefd088-RaftLogWorker: created new log segment /opt/src/hadoop-ozone/integration-test/target/test-dir/MiniOzoneClusterImpl-ce0bcbbf-3c34-41f5-959b-dbc1bf4e8c10/datanode-1/data/ratis/b6577973-d29b-480b-b59a-8d203e8c8640/current/log_inprogress_0
2019-06-14 07:37:37,741 INFO  impl.RoleInfo (RoleInfo.java:updateAndGet(143)) - 8116b8f3-8837-4500-86e2-059629570348: start LeaderElection
2019-06-14 07:37:37,743 INFO  impl.LeaderElection (LeaderElection.java:askForVotes(181)) - 24801b01-9959-4b98-a346-205476f64662:group-F628EAF0B861:LeaderElection3: begin an election at term 1 for -1: [de306114-1c7c-4041-bebf-19374cefd088:192.168.105.182:35827, 8116b8f3-8837-4500-86e2-059629570348:192.168.105.182:43459, 24801b01-9959-4b98-a346-205476f64662:192.168.105.182:39453], old=null
2019-06-14 07:37:37,744 INFO  storage.RaftLogWorker (RaftLogWorker.java:execute(469)) - 24801b01-9959-4b98-a346-205476f64662-RaftLogWorker: created new log segment /opt/src/hadoop-ozone/integration-test/target/test-dir/MiniOzoneClusterImpl-ce0bcbbf-3c34-41f5-959b-dbc1bf4e8c10/datanode-2/data/ratis/cec3f768-4a8c-4334-aaff-2f8aa850cf55/current/log_inprogress_0
2019-06-14 07:37:37,748 INFO  storage.RaftLogWorker (RaftLogWorker.java:execute(469)) - 8116b8f3-8837-4500-86e2-059629570348-RaftLogWorker: created new log segment /opt/src/hadoop-ozone/integration-test/target/test-dir/MiniOzoneClusterImpl-ce0bcbbf-3c34-41f5-959b-dbc1bf4e8c10/datanode-0/data/ratis/9330de4a-3739-4aee-8324-8d0216be286c/current/log_inprogress_0
2019-06-14 07:37:37,763 INFO  impl.LeaderElection (LeaderElection.java:askForVotes(181)) - 8116b8f3-8837-4500-86e2-059629570348:group-F628EAF0B861:LeaderElection5: begin an election at term 1 for -1: [de306114-1c7c-4041-bebf-19374cefd088:192.168.105.182:35827, 8116b8f3-8837-4500-86e2-059629570348:192.168.105.182:43459, 24801b01-9959-4b98-a346-205476f64662:192.168.105.182:39453], old=null
2019-06-14 07:37:37,776 INFO  impl.FollowerState (FollowerState.java:run(101)) - de306114-1c7c-4041-bebf-19374cefd088:group-F628EAF0B861 changes to CANDIDATE, lastRpcTime:1170, electionTimeout:1169ms
2019-06-14 07:37:37,776 INFO  impl.RoleInfo (RoleInfo.java:shutdownFollowerState(121)) - de306114-1c7c-4041-bebf-19374cefd088: shutdown FollowerState
2019-06-14 07:37:37,777 INFO  impl.RaftServerImpl (RaftServerImpl.java:setRole(164)) - de306114-1c7c-4041-bebf-19374cefd088:group-F628EAF0B861 changes role from FOLLOWER to CANDIDATE at term 0 for changeToCandidate
2019-06-14 07:37:37,777 INFO  impl.RoleInfo (RoleInfo.java:updateAndGet(143)) - de306114-1c7c-4041-bebf-19374cefd088: start LeaderElection
2019-06-14 07:37:37,820 INFO  impl.LeaderElection (LeaderElection.java:askForVotes(181)) - de306114-1c7c-4041-bebf-19374cefd088:group-F628EAF0B861:LeaderElection6: begin an election at term 1 for -1: [de306114-1c7c-4041-bebf-19374cefd088:192.168.105.182:35827, 8116b8f3-8837-4500-86e2-059629570348:192.168.105.182:43459, 24801b01-9959-4b98-a346-205476f64662:192.168.105.182:39453], old=null
2019-06-14 07:37:37,862 INFO  impl.LeaderElection (LeaderElection.java:logAndReturn(56)) - 24801b01-9959-4b98-a346-205476f64662:group-F628EAF0B861:LeaderElection3: Election REJECTED; received 2 response(s) [24801b01-9959-4b98-a346-205476f64662->de306114-1c7c-4041-bebf-19374cefd088,false-t1, 24801b01-9959-4b98-a346-205476f64662->8116b8f3-8837-4500-86e2-059629570348,false-t1] and 0 exception(s); 24801b01-9959-4b98-a346-205476f64662:t1, leader=null, voted=24801b01-9959-4b98-a346-205476f64662, raftlog=24801b01-9959-4b98-a346-205476f64662-SegmentedRaftLog:OPENED:c-1,f-1,i0, conf=-1: [de306114-1c7c-4041-bebf-19374cefd088:192.168.105.182:35827, 8116b8f3-8837-4500-86e2-059629570348:192.168.105.182:43459, 24801b01-9959-4b98-a346-205476f64662:192.168.105.182:39453], old=null
2019-06-14 07:37:37,867 INFO  impl.RaftServerImpl (RaftServerImpl.java:setRole(164)) - 24801b01-9959-4b98-a346-205476f64662:group-F628EAF0B861 changes role from CANDIDATE to FOLLOWER at term 1 for DISCOVERED_A_NEW_TERM
2019-06-14 07:37:37,867 INFO  impl.RoleInfo (RoleInfo.java:shutdownLeaderElection(134)) - 24801b01-9959-4b98-a346-205476f64662: shutdown LeaderElection
2019-06-14 07:37:37,867 INFO  impl.RoleInfo (RoleInfo.java:updateAndGet(143)) - 24801b01-9959-4b98-a346-205476f64662: start FollowerState
2019-06-14 07:37:37,877 INFO  impl.LeaderElection (LeaderElection.java:logAndReturn(56)) - 8116b8f3-8837-4500-86e2-059629570348:group-F628EAF0B861:LeaderElection5: Election REJECTED; received 2 response(s) [8116b8f3-8837-4500-86e2-059629570348->de306114-1c7c-4041-bebf-19374cefd088,false-t1, 8116b8f3-8837-4500-86e2-059629570348->24801b01-9959-4b98-a346-205476f64662,false-t1] and 0 exception(s); 8116b8f3-8837-4500-86e2-059629570348:t1, leader=null, voted=8116b8f3-8837-4500-86e2-059629570348, raftlog=8116b8f3-8837-4500-86e2-059629570348-SegmentedRaftLog:OPENED:c-1,f-1,i0, conf=-1: [de306114-1c7c-4041-bebf-19374cefd088:192.168.105.182:35827, 8116b8f3-8837-4500-86e2-059629570348:192.168.105.182:43459, 24801b01-9959-4b98-a346-205476f64662:192.168.105.182:39453], old=null
2019-06-14 07:37:37,880 INFO  impl.RaftServerImpl (RaftServerImpl.java:setRole(164)) - 8116b8f3-8837-4500-86e2-059629570348:group-F628EAF0B861 changes role from CANDIDATE to FOLLOWER at term 1 for DISCOVERED_A_NEW_TERM
2019-06-14 07:37:37,880 INFO  impl.RoleInfo (RoleInfo.java:shutdownLeaderElection(134)) - 8116b8f3-8837-4500-86e2-059629570348: shutdown LeaderElection
2019-06-14 07:37:37,880 INFO  impl.RoleInfo (RoleInfo.java:updateAndGet(143)) - 8116b8f3-8837-4500-86e2-059629570348: start FollowerState
2019-06-14 07:37:37,892 INFO  impl.LeaderElection (LeaderElection.java:logAndReturn(56)) - de306114-1c7c-4041-bebf-19374cefd088:group-F628EAF0B861:LeaderElection6: Election REJECTED; received 2 response(s) [de306114-1c7c-4041-bebf-19374cefd088->8116b8f3-8837-4500-86e2-059629570348,false-t1, de306114-1c7c-4041-bebf-19374cefd088->24801b01-9959-4b98-a346-205476f64662,false-t1] and 0 exception(s); de306114-1c7c-4041-bebf-19374cefd088:t1, leader=null, voted=de306114-1c7c-4041-bebf-19374cefd088, raftlog=de306114-1c7c-4041-bebf-19374cefd088-SegmentedRaftLog:OPENED:c-1,f-1,i0, conf=-1: [de306114-1c7c-4041-bebf-19374cefd088:192.168.105.182:35827, 8116b8f3-8837-4500-86e2-059629570348:192.168.105.182:43459, 24801b01-9959-4b98-a346-205476f64662:192.168.105.182:39453], old=null
2019-06-14 07:37:37,893 INFO  impl.RaftServerImpl (RaftServerImpl.java:setRole(164)) - de306114-1c7c-4041-bebf-19374cefd088:group-F628EAF0B861 changes role from CANDIDATE to FOLLOWER at term 1 for DISCOVERED_A_NEW_TERM
2019-06-14 07:37:37,894 INFO  impl.RoleInfo (RoleInfo.java:shutdownLeaderElection(134)) - de306114-1c7c-4041-bebf-19374cefd088: shutdown LeaderElection
2019-06-14 07:37:37,895 INFO  impl.RoleInfo (RoleInfo.java:updateAndGet(143)) - de306114-1c7c-4041-bebf-19374cefd088: start FollowerState
2019-06-14 07:37:37,906 INFO  impl.FollowerState (FollowerState.java:run(101)) - 3fee9989-773c-4ec0-8501-93f0a9f2fda0:group-01211293EE06 changes to CANDIDATE, lastRpcTime:1126, electionTimeout:1126ms
2019-06-14 07:37:37,907 INFO  impl.RoleInfo (RoleInfo.java:shutdownFollowerState(121)) - 3fee9989-773c-4ec0-8501-93f0a9f2fda0: shutdown FollowerState
2019-06-14 07:37:37,907 INFO  impl.RaftServerImpl (RaftServerImpl.java:setRole(164)) - 3fee9989-773c-4ec0-8501-93f0a9f2fda0:group-01211293EE06 changes role from FOLLOWER to CANDIDATE at term 0 for changeToCandidate
2019-06-14 07:37:37,907 INFO  impl.RoleInfo (RoleInfo.java:updateAndGet(143)) - 3fee9989-773c-4ec0-8501-93f0a9f2fda0: start LeaderElection
2019-06-14 07:37:37,918 INFO  impl.LeaderElection (LeaderElection.java:askForVotes(181)) - 3fee9989-773c-4ec0-8501-93f0a9f2fda0:group-01211293EE06:LeaderElection7: begin an election at term 1 for -1: [3fee9989-773c-4ec0-8501-93f0a9f2fda0:192.168.105.182:36355], old=null
2019-06-14 07:37:37,918 INFO  impl.RoleInfo (RoleInfo.java:shutdownLeaderElection(134)) - 3fee9989-773c-4ec0-8501-93f0a9f2fda0: shutdown LeaderElection
2019-06-14 07:37:37,918 INFO  impl.RaftServerImpl (RaftServerImpl.java:setRole(164)) - 3fee9989-773c-4ec0-8501-93f0a9f2fda0:group-01211293EE06 changes role from CANDIDATE to LEADER at term 1 for changeToLeader
2019-06-14 07:37:37,918 INFO  impl.RaftServerImpl (ServerState.java:setLeader(263)) - 3fee9989-773c-4ec0-8501-93f0a9f2fda0:group-01211293EE06 change Leader from null to 3fee9989-773c-4ec0-8501-93f0a9f2fda0 at term 1 for becomeLeader, leader elected after 1141ms
2019-06-14 07:37:37,919 INFO  server.RaftServerConfigKeys (ConfUtils.java:logGet(43)) - raft.server.staging.catchup.gap = 1000 (default)
2019-06-14 07:37:37,919 INFO  server.RaftServerConfigKeys (ConfUtils.java:logGet(43)) - raft.server.rpc.sleep.time = 25ms (default)
2019-06-14 07:37:37,919 INFO  server.RaftServerConfigKeys (ConfUtils.java:logGet(43)) - raft.server.watch.timeout = 10s (default)
2019-06-14 07:37:37,919 INFO  server.RaftServerConfigKeys (ConfUtils.java:logGet(43)) - raft.server.watch.timeout.denomination = 1s (default)
2019-06-14 07:37:37,919 INFO  impl.RoleInfo (RoleInfo.java:updateAndGet(143)) - 3fee9989-773c-4ec0-8501-93f0a9f2fda0: start LeaderState
2019-06-14 07:37:37,920 INFO  storage.RaftLogWorker (RaftLogWorker.java:startLogSegment(298)) - 3fee9989-773c-4ec0-8501-93f0a9f2fda0-RaftLogWorker: Starting segment from index:0
2019-06-14 07:37:37,920 INFO  impl.RaftServerImpl (ServerState.java:setRaftConf(361)) - 3fee9989-773c-4ec0-8501-93f0a9f2fda0:group-01211293EE06 set configuration 0: [3fee9989-773c-4ec0-8501-93f0a9f2fda0:192.168.105.182:36355], old=null at 0
2019-06-14 07:37:37,958 INFO  storage.RaftLogWorker (RaftLogWorker.java:execute(469)) - 3fee9989-773c-4ec0-8501-93f0a9f2fda0-RaftLogWorker: created new log segment /opt/src/hadoop-ozone/integration-test/target/test-dir/MiniOzoneClusterImpl-ce0bcbbf-3c34-41f5-959b-dbc1bf4e8c10/datanode-3/data/ratis/a77a5911-a1b6-455d-8981-01211293ee06/current/log_inprogress_0
2019-06-14 07:37:38,325 INFO  impl.FollowerState (FollowerState.java:run(101)) - 681d238c-2b60-4234-ab27-92ad0f9edec2:group-47F38EA2C575 changes to CANDIDATE, lastRpcTime:1197, electionTimeout:1197ms
2019-06-14 07:37:38,325 INFO  impl.RoleInfo (RoleInfo.java:shutdownFollowerState(121)) - 681d238c-2b60-4234-ab27-92ad0f9edec2: shutdown FollowerState
2019-06-14 07:37:38,325 INFO  impl.RaftServerImpl (RaftServerImpl.java:setRole(164)) - 681d238c-2b60-4234-ab27-92ad0f9edec2:group-47F38EA2C575 changes role from FOLLOWER to CANDIDATE at term 0 for changeToCandidate
2019-06-14 07:37:38,325 INFO  impl.RoleInfo (RoleInfo.java:updateAndGet(143)) - 681d238c-2b60-4234-ab27-92ad0f9edec2: start LeaderElection
2019-06-14 07:37:38,331 INFO  impl.LeaderElection (LeaderElection.java:askForVotes(181)) - 681d238c-2b60-4234-ab27-92ad0f9edec2:group-47F38EA2C575:LeaderElection8: begin an election at term 1 for -1: [681d238c-2b60-4234-ab27-92ad0f9edec2:192.168.105.182:35749], old=null
2019-06-14 07:37:38,332 INFO  impl.RoleInfo (RoleInfo.java:shutdownLeaderElection(134)) - 681d238c-2b60-4234-ab27-92ad0f9edec2: shutdown LeaderElection
2019-06-14 07:37:38,332 INFO  impl.RaftServerImpl (RaftServerImpl.java:setRole(164)) - 681d238c-2b60-4234-ab27-92ad0f9edec2:group-47F38EA2C575 changes role from CANDIDATE to LEADER at term 1 for changeToLeader
2019-06-14 07:37:38,332 INFO  impl.RaftServerImpl (ServerState.java:setLeader(263)) - 681d238c-2b60-4234-ab27-92ad0f9edec2:group-47F38EA2C575 change Leader from null to 681d238c-2b60-4234-ab27-92ad0f9edec2 at term 1 for becomeLeader, leader elected after 1206ms
2019-06-14 07:37:38,333 INFO  server.RaftServerConfigKeys (ConfUtils.java:logGet(43)) - raft.server.staging.catchup.gap = 1000 (default)
2019-06-14 07:37:38,333 INFO  server.RaftServerConfigKeys (ConfUtils.java:logGet(43)) - raft.server.rpc.sleep.time = 25ms (default)
2019-06-14 07:37:38,333 INFO  server.RaftServerConfigKeys (ConfUtils.java:logGet(43)) - raft.server.watch.timeout = 10s (default)
2019-06-14 07:37:38,333 INFO  server.RaftServerConfigKeys (ConfUtils.java:logGet(43)) - raft.server.watch.timeout.denomination = 1s (default)
2019-06-14 07:37:38,333 INFO  impl.RoleInfo (RoleInfo.java:updateAndGet(143)) - 681d238c-2b60-4234-ab27-92ad0f9edec2: start LeaderState
2019-06-14 07:37:38,333 INFO  storage.RaftLogWorker (RaftLogWorker.java:startLogSegment(298)) - 681d238c-2b60-4234-ab27-92ad0f9edec2-RaftLogWorker: Starting segment from index:0
2019-06-14 07:37:38,338 INFO  impl.RaftServerImpl (ServerState.java:setRaftConf(361)) - 681d238c-2b60-4234-ab27-92ad0f9edec2:group-47F38EA2C575 set configuration 0: [681d238c-2b60-4234-ab27-92ad0f9edec2:192.168.105.182:35749], old=null at 0
2019-06-14 07:37:38,382 INFO  storage.RaftLogWorker (RaftLogWorker.java:execute(469)) - 681d238c-2b60-4234-ab27-92ad0f9edec2-RaftLogWorker: created new log segment /opt/src/hadoop-ozone/integration-test/target/test-dir/MiniOzoneClusterImpl-ce0bcbbf-3c34-41f5-959b-dbc1bf4e8c10/datanode-4/data/ratis/3f9ea1e8-bdec-4958-9a20-47f38ea2c575/current/log_inprogress_0
2019-06-14 07:37:38,499 INFO  ozone.MiniOzoneClusterImpl (MiniOzoneClusterImpl.java:lambda$waitForClusterToBeReady$0(142)) - Cluster is ready. Got 6 of 6 DN Heartbeats.
]]></system-out>
    <system-err><![CDATA[ERROR StatusLogger No Log4j 2 configuration file found. Using default configuration (logging only errors to the console), or user programmatically provided configurations. Set system property 'log4j2.debug' to show Log4j 2 internal initialization logging. See https://logging.apache.org/log4j/2.x/manual/configuration.html for instructions on how to configure Log4j 2
Jun 14, 2019 7:37:30 AM com.sun.jersey.server.impl.application.WebApplicationImpl _initiate
INFO: Initiating Jersey application, version 'Jersey: 1.19 02/11/2015 03:25 AM'
Jun 14, 2019 7:37:31 AM com.sun.jersey.server.impl.application.WebApplicationImpl _initiate
INFO: Initiating Jersey application, version 'Jersey: 1.19 02/11/2015 03:25 AM'
Jun 14, 2019 7:37:32 AM com.sun.jersey.server.impl.application.WebApplicationImpl _initiate
INFO: Initiating Jersey application, version 'Jersey: 1.19 02/11/2015 03:25 AM'
Jun 14, 2019 7:37:32 AM com.sun.jersey.server.impl.application.WebApplicationImpl _initiate
INFO: Initiating Jersey application, version 'Jersey: 1.19 02/11/2015 03:25 AM'
Jun 14, 2019 7:37:32 AM com.sun.jersey.server.impl.application.WebApplicationImpl _initiate
INFO: Initiating Jersey application, version 'Jersey: 1.19 02/11/2015 03:25 AM'
Jun 14, 2019 7:37:33 AM com.sun.jersey.server.impl.application.WebApplicationImpl _initiate
INFO: Initiating Jersey application, version 'Jersey: 1.19 02/11/2015 03:25 AM'
]]></system-err>
  </testcase>
</testsuite>