<?xml version="1.0" encoding="UTF-8"?>
<testsuite xmlns:xsi="http://www.w3.org/2001/XMLSchema-instance" xsi:noNamespaceSchemaLocation="https://maven.apache.org/surefire/maven-surefire-plugin/xsd/surefire-test-report.xsd" name="org.apache.hadoop.hdds.scm.pipeline.TestNodeFailure" time="10.354" tests="1" errors="0" skipped="1" failures="0">
  <properties>
    <property name="awt.toolkit" value="sun.awt.X11.XToolkit"/>
    <property name="file.encoding.pkg" value="sun.io"/>
    <property name="java.specification.version" value="1.8"/>
    <property name="sun.cpu.isalist" value=""/>
    <property name="sun.jnu.encoding" value="UTF-8"/>
    <property name="java.class.path" value="/opt/src/hadoop-ozone/integration-test/target/test-classes:/opt/src/hadoop-ozone/integration-test/target/classes:/root/.m2/repository/org/apache/hadoop/hadoop-ozone-common/0.5.0-SNAPSHOT/hadoop-ozone-common-0.5.0-SNAPSHOT.jar:/root/.m2/repository/org/apache/commons/commons-compress/1.4.1/commons-compress-1.4.1.jar:/root/.m2/repository/org/tukaani/xz/1.0/xz-1.0.jar:/root/.m2/repository/org/apache/hadoop/hadoop-common/3.2.0/hadoop-common-3.2.0.jar:/root/.m2/repository/org/apache/hadoop/hadoop-hdfs/3.2.0/hadoop-hdfs-3.2.0.jar:/root/.m2/repository/org/apache/hadoop/hadoop-hdfs-client/3.2.0/hadoop-hdfs-client-3.2.0.jar:/root/.m2/repository/com/fasterxml/jackson/core/jackson-annotations/2.9.5/jackson-annotations-2.9.5.jar:/root/.m2/repository/org/apache/hadoop/hadoop-hdds-common/0.5.0-SNAPSHOT/hadoop-hdds-common-0.5.0-SNAPSHOT.jar:/root/.m2/repository/javax/annotation/javax.annotation-api/1.2/javax.annotation-api-1.2.jar:/root/.m2/repository/org/apache/ratis/ratis-server/0.4.0-fe2b15d-SNAPSHOT/ratis-server-0.4.0-fe2b15d-SNAPSHOT.jar:/root/.m2/repository/org/apache/ratis/ratis-thirdparty-misc/0.2.0/ratis-thirdparty-misc-0.2.0.jar:/root/.m2/repository/org/apache/ratis/ratis-proto/0.4.0-fe2b15d-SNAPSHOT/ratis-proto-0.4.0-fe2b15d-SNAPSHOT.jar:/root/.m2/repository/org/apache/ratis/ratis-common/0.4.0-fe2b15d-SNAPSHOT/ratis-common-0.4.0-fe2b15d-SNAPSHOT.jar:/root/.m2/repository/org/apache/ratis/ratis-client/0.4.0-fe2b15d-SNAPSHOT/ratis-client-0.4.0-fe2b15d-SNAPSHOT.jar:/root/.m2/repository/org/apache/ratis/ratis-netty/0.4.0-fe2b15d-SNAPSHOT/ratis-netty-0.4.0-fe2b15d-SNAPSHOT.jar:/root/.m2/repository/org/apache/ratis/ratis-grpc/0.4.0-fe2b15d-SNAPSHOT/ratis-grpc-0.4.0-fe2b15d-SNAPSHOT.jar:/root/.m2/repository/org/rocksdb/rocksdbjni/5.14.2/rocksdbjni-5.14.2.jar:/root/.m2/repository/org/apache/logging/log4j/log4j-api/2.11.0/log4j-api-2.11.0.jar:/root/.m2/repository/org/apache/logging/log4j/log4j-core/2.11.0/log4j-core-2.11.0.jar:/root/.m2/repository/com/lmax/disruptor/3.4.2/disruptor-3.4.2.jar:/root/.m2/repository/org/apache/commons/commons-pool2/2.6.0/commons-pool2-2.6.0.jar:/root/.m2/repository/org/bouncycastle/bcpkix-jdk15on/1.60/bcpkix-jdk15on-1.60.jar:/root/.m2/repository/commons-validator/commons-validator/1.6/commons-validator-1.6.jar:/root/.m2/repository/commons-digester/commons-digester/1.8.1/commons-digester-1.8.1.jar:/root/.m2/repository/io/jaegertracing/jaeger-client/0.33.1/jaeger-client-0.33.1.jar:/root/.m2/repository/io/jaegertracing/jaeger-thrift/0.33.1/jaeger-thrift-0.33.1.jar:/root/.m2/repository/org/apache/thrift/libthrift/0.11.0/libthrift-0.11.0.jar:/root/.m2/repository/com/squareup/okhttp3/okhttp/3.9.0/okhttp-3.9.0.jar:/root/.m2/repository/com/squareup/okio/okio/1.13.0/okio-1.13.0.jar:/root/.m2/repository/io/jaegertracing/jaeger-core/0.33.1/jaeger-core-0.33.1.jar:/root/.m2/repository/io/jaegertracing/jaeger-tracerresolver/0.33.1/jaeger-tracerresolver-0.33.1.jar:/root/.m2/repository/io/opentracing/contrib/opentracing-tracerresolver/0.1.5/opentracing-tracerresolver-0.1.5.jar:/root/.m2/repository/io/opentracing/opentracing-util/0.31.0/opentracing-util-0.31.0.jar:/root/.m2/repository/io/opentracing/opentracing-api/0.31.0/opentracing-api-0.31.0.jar:/root/.m2/repository/io/opentracing/opentracing-noop/0.31.0/opentracing-noop-0.31.0.jar:/root/.m2/repository/org/apache/hadoop/hadoop-hdds-server-framework/0.5.0-SNAPSHOT/hadoop-hdds-server-framework-0.5.0-SNAPSHOT.jar:/root/.m2/repository/org/apache/hadoop/hadoop-hdds-server-scm/0.5.0-SNAPSHOT/hadoop-hdds-server-scm-0.5.0-SNAPSHOT.jar:/root/.m2/repository/org/apache/hadoop/hadoop-hdds-container-service/0.5.0-SNAPSHOT/hadoop-hdds-container-service-0.5.0-SNAPSHOT.jar:/root/.m2/repository/org/apache/hadoop/hadoop-hdds-client/0.5.0-SNAPSHOT/hadoop-hdds-client-0.5.0-SNAPSHOT.jar:/root/.m2/repository/org/apache/hadoop/hadoop-hdds-tools/0.5.0-SNAPSHOT/hadoop-hdds-tools-0.5.0-SNAPSHOT.jar:/root/.m2/repository/org/apache/hadoop/hadoop-ozone-ozone-manager/0.5.0-SNAPSHOT/hadoop-ozone-ozone-manager-0.5.0-SNAPSHOT.jar:/root/.m2/repository/org/apache/hadoop/hadoop-hdds-docs/0.5.0-SNAPSHOT/hadoop-hdds-docs-0.5.0-SNAPSHOT.jar:/root/.m2/repository/org/bouncycastle/bcprov-jdk15on/1.60/bcprov-jdk15on-1.60.jar:/root/.m2/repository/org/apache/hadoop/hadoop-minikdc/3.2.0/hadoop-minikdc-3.2.0.jar:/root/.m2/repository/commons-io/commons-io/2.5/commons-io-2.5.jar:/root/.m2/repository/org/apache/kerby/kerb-simplekdc/1.0.1/kerb-simplekdc-1.0.1.jar:/root/.m2/repository/org/apache/kerby/kerb-client/1.0.1/kerb-client-1.0.1.jar:/root/.m2/repository/org/apache/kerby/kerby-config/1.0.1/kerby-config-1.0.1.jar:/root/.m2/repository/org/apache/kerby/kerb-core/1.0.1/kerb-core-1.0.1.jar:/root/.m2/repository/org/apache/kerby/kerby-pkix/1.0.1/kerby-pkix-1.0.1.jar:/root/.m2/repository/org/apache/kerby/kerby-asn1/1.0.1/kerby-asn1-1.0.1.jar:/root/.m2/repository/org/apache/kerby/kerby-util/1.0.1/kerby-util-1.0.1.jar:/root/.m2/repository/org/apache/kerby/kerb-common/1.0.1/kerb-common-1.0.1.jar:/root/.m2/repository/org/apache/kerby/kerb-crypto/1.0.1/kerb-crypto-1.0.1.jar:/root/.m2/repository/org/apache/kerby/kerb-util/1.0.1/kerb-util-1.0.1.jar:/root/.m2/repository/org/apache/kerby/token-provider/1.0.1/token-provider-1.0.1.jar:/root/.m2/repository/org/apache/kerby/kerb-admin/1.0.1/kerb-admin-1.0.1.jar:/root/.m2/repository/org/apache/kerby/kerb-server/1.0.1/kerb-server-1.0.1.jar:/root/.m2/repository/org/apache/kerby/kerb-identity/1.0.1/kerb-identity-1.0.1.jar:/root/.m2/repository/org/apache/kerby/kerby-xdr/1.0.1/kerby-xdr-1.0.1.jar:/root/.m2/repository/org/slf4j/slf4j-log4j12/1.7.25/slf4j-log4j12-1.7.25.jar:/root/.m2/repository/org/apache/hadoop/hadoop-ozone-objectstore-service/0.5.0-SNAPSHOT/hadoop-ozone-objectstore-service-0.5.0-SNAPSHOT.jar:/root/.m2/repository/org/apache/hadoop/hadoop-ozone-s3gateway/0.5.0-SNAPSHOT/hadoop-ozone-s3gateway-0.5.0-SNAPSHOT.jar:/root/.m2/repository/org/jboss/weld/servlet/weld-servlet/2.4.7.Final/weld-servlet-2.4.7.Final.jar:/root/.m2/repository/org/glassfish/jersey/containers/jersey-container-servlet-core/2.27/jersey-container-servlet-core-2.27.jar:/root/.m2/repository/org/glassfish/hk2/external/javax.inject/2.5.0-b42/javax.inject-2.5.0-b42.jar:/root/.m2/repository/org/glassfish/jersey/core/jersey-common/2.27/jersey-common-2.27.jar:/root/.m2/repository/org/glassfish/hk2/osgi-resource-locator/1.0.1/osgi-resource-locator-1.0.1.jar:/root/.m2/repository/javax/ws/rs/javax.ws.rs-api/2.1/javax.ws.rs-api-2.1.jar:/root/.m2/repository/org/glassfish/jersey/ext/cdi/jersey-cdi1x/2.27/jersey-cdi1x-2.27.jar:/root/.m2/repository/org/glassfish/jersey/inject/jersey-hk2/2.27/jersey-hk2-2.27.jar:/root/.m2/repository/org/glassfish/hk2/hk2-locator/2.5.0-b42/hk2-locator-2.5.0-b42.jar:/root/.m2/repository/org/javassist/javassist/3.22.0-CR2/javassist-3.22.0-CR2.jar:/root/.m2/repository/org/glassfish/hk2/hk2-api/2.5.0/hk2-api-2.5.0.jar:/root/.m2/repository/org/glassfish/hk2/external/jakarta.inject/2.5.0/jakarta.inject-2.5.0.jar:/root/.m2/repository/org/glassfish/hk2/hk2-utils/2.5.0/hk2-utils-2.5.0.jar:/root/.m2/repository/jakarta/annotation/jakarta.annotation-api/1.3.4/jakarta.annotation-api-1.3.4.jar:/root/.m2/repository/org/glassfish/hk2/external/aopalliance-repackaged/2.5.0/aopalliance-repackaged-2.5.0.jar:/root/.m2/repository/com/fasterxml/jackson/dataformat/jackson-dataformat-xml/2.9.0/jackson-dataformat-xml-2.9.0.jar:/root/.m2/repository/com/fasterxml/jackson/core/jackson-core/2.9.5/jackson-core-2.9.5.jar:/root/.m2/repository/com/fasterxml/jackson/module/jackson-module-jaxb-annotations/2.9.5/jackson-module-jaxb-annotations-2.9.5.jar:/root/.m2/repository/javax/enterprise/cdi-api/1.2/cdi-api-1.2.jar:/root/.m2/repository/javax/el/javax.el-api/3.0.0/javax.el-api-3.0.0.jar:/root/.m2/repository/javax/interceptor/javax.interceptor-api/1.2/javax.interceptor-api-1.2.jar:/root/.m2/repository/javax/inject/javax.inject/1/javax.inject-1.jar:/root/.m2/repository/com/sun/xml/bind/jaxb-impl/2.3.0.1/jaxb-impl-2.3.0.1.jar:/root/.m2/repository/com/sun/xml/bind/jaxb-core/2.3.0.1/jaxb-core-2.3.0.1.jar:/root/.m2/repository/javax/xml/bind/jaxb-api/2.3.0/jaxb-api-2.3.0.jar:/root/.m2/repository/javax/activation/activation/1.1.1/activation-1.1.1.jar:/root/.m2/repository/org/apache/hadoop/hadoop-ozone-csi/0.5.0-SNAPSHOT/hadoop-ozone-csi-0.5.0-SNAPSHOT.jar:/root/.m2/repository/com/google/protobuf/protobuf-java-util/3.5.1/protobuf-java-util-3.5.1.jar:/root/.m2/repository/org/apache/hadoop/hadoop-hdds-config/0.5.0-SNAPSHOT/hadoop-hdds-config-0.5.0-SNAPSHOT.jar:/root/.m2/repository/com/google/guava/guava/11.0.2/guava-11.0.2.jar:/root/.m2/repository/com/google/protobuf/protobuf-java/2.5.0/protobuf-java-2.5.0.jar:/root/.m2/repository/io/grpc/grpc-netty/1.17.1/grpc-netty-1.17.1.jar:/root/.m2/repository/io/grpc/grpc-core/1.17.1/grpc-core-1.17.1.jar:/root/.m2/repository/io/grpc/grpc-context/1.17.1/grpc-context-1.17.1.jar:/root/.m2/repository/com/google/errorprone/error_prone_annotations/2.2.0/error_prone_annotations-2.2.0.jar:/root/.m2/repository/org/codehaus/mojo/animal-sniffer-annotations/1.17/animal-sniffer-annotations-1.17.jar:/root/.m2/repository/io/opencensus/opencensus-api/0.17.0/opencensus-api-0.17.0.jar:/root/.m2/repository/io/opencensus/opencensus-contrib-grpc-metrics/0.17.0/opencensus-contrib-grpc-metrics-0.17.0.jar:/root/.m2/repository/io/netty/netty-codec-http2/4.1.30.Final/netty-codec-http2-4.1.30.Final.jar:/root/.m2/repository/io/netty/netty-codec-http/4.1.30.Final/netty-codec-http-4.1.30.Final.jar:/root/.m2/repository/io/netty/netty-codec/4.1.30.Final/netty-codec-4.1.30.Final.jar:/root/.m2/repository/io/netty/netty-handler/4.1.30.Final/netty-handler-4.1.30.Final.jar:/root/.m2/repository/io/netty/netty-handler-proxy/4.1.30.Final/netty-handler-proxy-4.1.30.Final.jar:/root/.m2/repository/io/netty/netty-codec-socks/4.1.30.Final/netty-codec-socks-4.1.30.Final.jar:/root/.m2/repository/io/netty/netty-transport-native-epoll/4.1.30.Final/netty-transport-native-epoll-4.1.30.Final.jar:/root/.m2/repository/io/netty/netty-common/4.1.30.Final/netty-common-4.1.30.Final.jar:/root/.m2/repository/io/netty/netty-buffer/4.1.30.Final/netty-buffer-4.1.30.Final.jar:/root/.m2/repository/io/netty/netty-transport/4.1.30.Final/netty-transport-4.1.30.Final.jar:/root/.m2/repository/io/netty/netty-resolver/4.1.30.Final/netty-resolver-4.1.30.Final.jar:/root/.m2/repository/io/netty/netty-transport-native-unix-common/4.1.30.Final/netty-transport-native-unix-common-4.1.30.Final.jar:/root/.m2/repository/io/grpc/grpc-protobuf/1.17.1/grpc-protobuf-1.17.1.jar:/root/.m2/repository/com/google/api/grpc/proto-google-common-protos/1.0.0/proto-google-common-protos-1.0.0.jar:/root/.m2/repository/io/grpc/grpc-protobuf-lite/1.17.1/grpc-protobuf-lite-1.17.1.jar:/root/.m2/repository/io/grpc/grpc-stub/1.17.1/grpc-stub-1.17.1.jar:/root/.m2/repository/org/apache/hadoop/hadoop-ozone-recon/0.5.0-SNAPSHOT/hadoop-ozone-recon-0.5.0-SNAPSHOT.jar:/root/.m2/repository/org/apache/hadoop/hadoop-ozone-reconcodegen/0.5.0-SNAPSHOT/hadoop-ozone-reconcodegen-0.5.0-SNAPSHOT.jar:/root/.m2/repository/com/google/inject/extensions/guice-multibindings/4.0/guice-multibindings-4.0.jar:/root/.m2/repository/com/google/inject/guice/4.0/guice-4.0.jar:/root/.m2/repository/aopalliance/aopalliance/1.0/aopalliance-1.0.jar:/root/.m2/repository/com/google/inject/extensions/guice-servlet/4.0/guice-servlet-4.0.jar:/root/.m2/repository/org/glassfish/jersey/containers/jersey-container-servlet/2.27/jersey-container-servlet-2.27.jar:/root/.m2/repository/org/glassfish/hk2/guice-bridge/2.5.0/guice-bridge-2.5.0.jar:/root/.m2/repository/org/glassfish/jersey/core/jersey-server/2.27/jersey-server-2.27.jar:/root/.m2/repository/org/glassfish/jersey/core/jersey-client/2.27/jersey-client-2.27.jar:/root/.m2/repository/org/glassfish/jersey/media/jersey-media-jaxb/2.27/jersey-media-jaxb-2.27.jar:/root/.m2/repository/javax/validation/validation-api/1.1.0.Final/validation-api-1.1.0.Final.jar:/root/.m2/repository/org/glassfish/jersey/media/jersey-media-json-jackson/2.27/jersey-media-json-jackson-2.27.jar:/root/.m2/repository/org/glassfish/jersey/ext/jersey-entity-filtering/2.27/jersey-entity-filtering-2.27.jar:/root/.m2/repository/com/google/inject/extensions/guice-assistedinject/4.0/guice-assistedinject-4.0.jar:/root/.m2/repository/org/jooq/jooq/3.11.10/jooq-3.11.10.jar:/root/.m2/repository/org/jooq/jooq-meta/3.11.10/jooq-meta-3.11.10.jar:/root/.m2/repository/org/jooq/jooq-codegen/3.11.10/jooq-codegen-3.11.10.jar:/root/.m2/repository/com/jolbox/bonecp/0.8.0.RELEASE/bonecp-0.8.0.RELEASE.jar:/root/.m2/repository/org/xerial/sqlite-jdbc/3.25.2/sqlite-jdbc-3.25.2.jar:/root/.m2/repository/org/springframework/spring-jdbc/5.1.3.RELEASE/spring-jdbc-5.1.3.RELEASE.jar:/root/.m2/repository/org/springframework/spring-beans/5.1.3.RELEASE/spring-beans-5.1.3.RELEASE.jar:/root/.m2/repository/org/springframework/spring-core/5.1.3.RELEASE/spring-core-5.1.3.RELEASE.jar:/root/.m2/repository/org/springframework/spring-jcl/5.1.3.RELEASE/spring-jcl-5.1.3.RELEASE.jar:/root/.m2/repository/org/springframework/spring-tx/5.1.3.RELEASE/spring-tx-5.1.3.RELEASE.jar:/root/.m2/repository/org/apache/hadoop/hadoop-ozone-client/0.5.0-SNAPSHOT/hadoop-ozone-client-0.5.0-SNAPSHOT.jar:/root/.m2/repository/org/apache/hadoop/hadoop-ozone-ozone-manager/0.5.0-SNAPSHOT/hadoop-ozone-ozone-manager-0.5.0-SNAPSHOT-tests.jar:/root/.m2/repository/junit/junit/4.11/junit-4.11.jar:/root/.m2/repository/org/hamcrest/hamcrest-core/1.3/hamcrest-core-1.3.jar:/root/.m2/repository/org/openjdk/jmh/jmh-core/1.19/jmh-core-1.19.jar:/root/.m2/repository/net/sf/jopt-simple/jopt-simple/4.6/jopt-simple-4.6.jar:/root/.m2/repository/org/apache/commons/commons-math3/3.1.1/commons-math3-3.1.1.jar:/root/.m2/repository/org/openjdk/jmh/jmh-generator-annprocess/1.19/jmh-generator-annprocess-1.19.jar:/root/.m2/repository/org/mockito/mockito-all/1.8.5/mockito-all-1.8.5.jar:/root/.m2/repository/org/apache/hadoop/hadoop-kms/3.2.0/hadoop-kms-3.2.0.jar:/root/.m2/repository/org/apache/hadoop/hadoop-auth/3.2.0/hadoop-auth-3.2.0.jar:/root/.m2/repository/com/nimbusds/nimbus-jose-jwt/4.41.1/nimbus-jose-jwt-4.41.1.jar:/root/.m2/repository/com/github/stephenc/jcip/jcip-annotations/1.0-1/jcip-annotations-1.0-1.jar:/root/.m2/repository/net/minidev/json-smart/2.3/json-smart-2.3.jar:/root/.m2/repository/net/minidev/accessors-smart/1.2/accessors-smart-1.2.jar:/root/.m2/repository/org/ow2/asm/asm/5.0.4/asm-5.0.4.jar:/root/.m2/repository/org/apache/curator/curator-framework/2.12.0/curator-framework-2.12.0.jar:/root/.m2/repository/com/sun/jersey/jersey-core/1.19/jersey-core-1.19.jar:/root/.m2/repository/javax/ws/rs/jsr311-api/1.1.1/jsr311-api-1.1.1.jar:/root/.m2/repository/com/sun/jersey/jersey-server/1.19/jersey-server-1.19.jar:/root/.m2/repository/javax/servlet/javax.servlet-api/3.1.0/javax.servlet-api-3.1.0.jar:/root/.m2/repository/org/eclipse/jetty/jetty-server/9.3.24.v20180605/jetty-server-9.3.24.v20180605.jar:/root/.m2/repository/org/eclipse/jetty/jetty-http/9.3.24.v20180605/jetty-http-9.3.24.v20180605.jar:/root/.m2/repository/org/eclipse/jetty/jetty-io/9.3.24.v20180605/jetty-io-9.3.24.v20180605.jar:/root/.m2/repository/org/eclipse/jetty/jetty-webapp/9.3.24.v20180605/jetty-webapp-9.3.24.v20180605.jar:/root/.m2/repository/org/eclipse/jetty/jetty-xml/9.3.24.v20180605/jetty-xml-9.3.24.v20180605.jar:/root/.m2/repository/log4j/log4j/1.2.17/log4j-1.2.17.jar:/root/.m2/repository/org/slf4j/slf4j-api/1.7.25/slf4j-api-1.7.25.jar:/root/.m2/repository/org/slf4j/jul-to-slf4j/1.7.25/jul-to-slf4j-1.7.25.jar:/root/.m2/repository/org/eclipse/jetty/jetty-util/9.3.24.v20180605/jetty-util-9.3.24.v20180605.jar:/root/.m2/repository/io/dropwizard/metrics/metrics-core/3.2.4/metrics-core-3.2.4.jar:/root/.m2/repository/com/fasterxml/jackson/core/jackson-databind/2.9.5/jackson-databind-2.9.5.jar:/root/.m2/repository/org/apache/hadoop/hadoop-kms/3.2.0/hadoop-kms-3.2.0-tests.jar:/root/.m2/repository/org/apache/hadoop/hadoop-hdds-server-scm/0.5.0-SNAPSHOT/hadoop-hdds-server-scm-0.5.0-SNAPSHOT-tests.jar:/root/.m2/repository/org/hamcrest/hamcrest-all/1.3/hamcrest-all-1.3.jar:/root/.m2/repository/info/picocli/picocli/3.9.6/picocli-3.9.6.jar:/root/.m2/repository/org/apache/hadoop/hadoop-hdds-container-service/0.5.0-SNAPSHOT/hadoop-hdds-container-service-0.5.0-SNAPSHOT-tests.jar:/root/.m2/repository/org/yaml/snakeyaml/1.16/snakeyaml-1.16.jar:/root/.m2/repository/org/apache/hadoop/hadoop-common/3.2.0/hadoop-common-3.2.0-tests.jar:/root/.m2/repository/org/apache/hadoop/hadoop-annotations/3.2.0/hadoop-annotations-3.2.0.jar:/usr/lib/jvm/java-1.8-openjdk/jre/../lib/tools.jar:/root/.m2/repository/commons-cli/commons-cli/1.2/commons-cli-1.2.jar:/root/.m2/repository/org/apache/httpcomponents/httpclient/4.5.2/httpclient-4.5.2.jar:/root/.m2/repository/org/apache/httpcomponents/httpcore/4.4.4/httpcore-4.4.4.jar:/root/.m2/repository/commons-codec/commons-codec/1.11/commons-codec-1.11.jar:/root/.m2/repository/commons-net/commons-net/3.6/commons-net-3.6.jar:/root/.m2/repository/commons-collections/commons-collections/3.2.2/commons-collections-3.2.2.jar:/root/.m2/repository/org/eclipse/jetty/jetty-servlet/9.3.24.v20180605/jetty-servlet-9.3.24.v20180605.jar:/root/.m2/repository/org/eclipse/jetty/jetty-security/9.3.24.v20180605/jetty-security-9.3.24.v20180605.jar:/root/.m2/repository/javax/servlet/jsp/jsp-api/2.1/jsp-api-2.1.jar:/root/.m2/repository/com/sun/jersey/jersey-servlet/1.19/jersey-servlet-1.19.jar:/root/.m2/repository/com/sun/jersey/jersey-json/1.19/jersey-json-1.19.jar:/root/.m2/repository/org/codehaus/jettison/jettison/1.1/jettison-1.1.jar:/root/.m2/repository/org/codehaus/jackson/jackson-core-asl/1.9.13/jackson-core-asl-1.9.13.jar:/root/.m2/repository/org/codehaus/jackson/jackson-mapper-asl/1.9.13/jackson-mapper-asl-1.9.13.jar:/root/.m2/repository/org/codehaus/jackson/jackson-jaxrs/1.9.13/jackson-jaxrs-1.9.13.jar:/root/.m2/repository/org/codehaus/jackson/jackson-xc/1.9.13/jackson-xc-1.9.13.jar:/root/.m2/repository/commons-logging/commons-logging/1.1.3/commons-logging-1.1.3.jar:/root/.m2/repository/commons-beanutils/commons-beanutils/1.9.3/commons-beanutils-1.9.3.jar:/root/.m2/repository/org/apache/commons/commons-configuration2/2.1.1/commons-configuration2-2.1.1.jar:/root/.m2/repository/org/apache/commons/commons-lang3/3.7/commons-lang3-3.7.jar:/root/.m2/repository/org/apache/commons/commons-text/1.4/commons-text-1.4.jar:/root/.m2/repository/org/apache/avro/avro/1.7.7/avro-1.7.7.jar:/root/.m2/repository/com/thoughtworks/paranamer/paranamer/2.3/paranamer-2.3.jar:/root/.m2/repository/org/xerial/snappy/snappy-java/1.0.5/snappy-java-1.0.5.jar:/root/.m2/repository/com/google/re2j/re2j/1.1/re2j-1.1.jar:/root/.m2/repository/com/google/code/gson/gson/2.2.4/gson-2.2.4.jar:/root/.m2/repository/com/jcraft/jsch/0.1.54/jsch-0.1.54.jar:/root/.m2/repository/org/apache/curator/curator-client/2.12.0/curator-client-2.12.0.jar:/root/.m2/repository/org/apache/curator/curator-recipes/2.12.0/curator-recipes-2.12.0.jar:/root/.m2/repository/com/google/code/findbugs/jsr305/3.0.0/jsr305-3.0.0.jar:/root/.m2/repository/org/apache/htrace/htrace-core4/4.1.0-incubating/htrace-core4-4.1.0-incubating.jar:/root/.m2/repository/org/apache/zookeeper/zookeeper/3.4.13/zookeeper-3.4.13.jar:/root/.m2/repository/org/apache/yetus/audience-annotations/0.5.0/audience-annotations-0.5.0.jar:/root/.m2/repository/org/codehaus/woodstox/stax2-api/3.1.4/stax2-api-3.1.4.jar:/root/.m2/repository/com/fasterxml/woodstox/woodstox-core/5.0.3/woodstox-core-5.0.3.jar:/root/.m2/repository/dnsjava/dnsjava/2.1.7/dnsjava-2.1.7.jar:/root/.m2/repository/org/apache/hadoop/hadoop-hdfs/3.2.0/hadoop-hdfs-3.2.0-tests.jar:/root/.m2/repository/org/eclipse/jetty/jetty-util-ajax/9.3.24.v20180605/jetty-util-ajax-9.3.24.v20180605.jar:/root/.m2/repository/commons-daemon/commons-daemon/1.0.13/commons-daemon-1.0.13.jar:/root/.m2/repository/io/netty/netty/3.10.5.Final/netty-3.10.5.Final.jar:/root/.m2/repository/io/netty/netty-all/4.0.52.Final/netty-all-4.0.52.Final.jar:/root/.m2/repository/org/fusesource/leveldbjni/leveldbjni-all/1.8/leveldbjni-all-1.8.jar:"/>
    <property name="java.vm.vendor" value="IcedTea"/>
    <property name="sun.arch.data.model" value="64"/>
    <property name="test.build.dir" value="/opt/src/hadoop-ozone/integration-test/target/test-dir"/>
    <property name="test.cache.data" value=""/>
    <property name="java.vendor.url" value="https://icedtea.classpath.org"/>
    <property name="user.timezone" value=""/>
    <property name="java.vm.specification.version" value="1.8"/>
    <property name="os.name" value="Linux"/>
    <property name="test.build.data" value="/opt/src/hadoop-ozone/integration-test/target/test-dir"/>
    <property name="user.country" value="US"/>
    <property name="sun.java.launcher" value="SUN_STANDARD"/>
    <property name="sun.boot.library.path" value="/usr/lib/jvm/java-1.8-openjdk/jre/lib/amd64"/>
    <property name="sun.java.command" value="/opt/src/hadoop-ozone/integration-test/target/surefire/surefirebooter2404270872382586943.jar /opt/src/hadoop-ozone/integration-test/target/surefire 2019-06-14T09-22-41_684-jvmRun1 surefire7835640530969510099tmp surefire_84887967462750299561tmp"/>
    <property name="surefire.test.class.path" value="/opt/src/hadoop-ozone/integration-test/target/test-classes:/opt/src/hadoop-ozone/integration-test/target/classes:/root/.m2/repository/org/apache/hadoop/hadoop-ozone-common/0.5.0-SNAPSHOT/hadoop-ozone-common-0.5.0-SNAPSHOT.jar:/root/.m2/repository/org/apache/commons/commons-compress/1.4.1/commons-compress-1.4.1.jar:/root/.m2/repository/org/tukaani/xz/1.0/xz-1.0.jar:/root/.m2/repository/org/apache/hadoop/hadoop-common/3.2.0/hadoop-common-3.2.0.jar:/root/.m2/repository/org/apache/hadoop/hadoop-hdfs/3.2.0/hadoop-hdfs-3.2.0.jar:/root/.m2/repository/org/apache/hadoop/hadoop-hdfs-client/3.2.0/hadoop-hdfs-client-3.2.0.jar:/root/.m2/repository/com/fasterxml/jackson/core/jackson-annotations/2.9.5/jackson-annotations-2.9.5.jar:/root/.m2/repository/org/apache/hadoop/hadoop-hdds-common/0.5.0-SNAPSHOT/hadoop-hdds-common-0.5.0-SNAPSHOT.jar:/root/.m2/repository/javax/annotation/javax.annotation-api/1.2/javax.annotation-api-1.2.jar:/root/.m2/repository/org/apache/ratis/ratis-server/0.4.0-fe2b15d-SNAPSHOT/ratis-server-0.4.0-fe2b15d-SNAPSHOT.jar:/root/.m2/repository/org/apache/ratis/ratis-thirdparty-misc/0.2.0/ratis-thirdparty-misc-0.2.0.jar:/root/.m2/repository/org/apache/ratis/ratis-proto/0.4.0-fe2b15d-SNAPSHOT/ratis-proto-0.4.0-fe2b15d-SNAPSHOT.jar:/root/.m2/repository/org/apache/ratis/ratis-common/0.4.0-fe2b15d-SNAPSHOT/ratis-common-0.4.0-fe2b15d-SNAPSHOT.jar:/root/.m2/repository/org/apache/ratis/ratis-client/0.4.0-fe2b15d-SNAPSHOT/ratis-client-0.4.0-fe2b15d-SNAPSHOT.jar:/root/.m2/repository/org/apache/ratis/ratis-netty/0.4.0-fe2b15d-SNAPSHOT/ratis-netty-0.4.0-fe2b15d-SNAPSHOT.jar:/root/.m2/repository/org/apache/ratis/ratis-grpc/0.4.0-fe2b15d-SNAPSHOT/ratis-grpc-0.4.0-fe2b15d-SNAPSHOT.jar:/root/.m2/repository/org/rocksdb/rocksdbjni/5.14.2/rocksdbjni-5.14.2.jar:/root/.m2/repository/org/apache/logging/log4j/log4j-api/2.11.0/log4j-api-2.11.0.jar:/root/.m2/repository/org/apache/logging/log4j/log4j-core/2.11.0/log4j-core-2.11.0.jar:/root/.m2/repository/com/lmax/disruptor/3.4.2/disruptor-3.4.2.jar:/root/.m2/repository/org/apache/commons/commons-pool2/2.6.0/commons-pool2-2.6.0.jar:/root/.m2/repository/org/bouncycastle/bcpkix-jdk15on/1.60/bcpkix-jdk15on-1.60.jar:/root/.m2/repository/commons-validator/commons-validator/1.6/commons-validator-1.6.jar:/root/.m2/repository/commons-digester/commons-digester/1.8.1/commons-digester-1.8.1.jar:/root/.m2/repository/io/jaegertracing/jaeger-client/0.33.1/jaeger-client-0.33.1.jar:/root/.m2/repository/io/jaegertracing/jaeger-thrift/0.33.1/jaeger-thrift-0.33.1.jar:/root/.m2/repository/org/apache/thrift/libthrift/0.11.0/libthrift-0.11.0.jar:/root/.m2/repository/com/squareup/okhttp3/okhttp/3.9.0/okhttp-3.9.0.jar:/root/.m2/repository/com/squareup/okio/okio/1.13.0/okio-1.13.0.jar:/root/.m2/repository/io/jaegertracing/jaeger-core/0.33.1/jaeger-core-0.33.1.jar:/root/.m2/repository/io/jaegertracing/jaeger-tracerresolver/0.33.1/jaeger-tracerresolver-0.33.1.jar:/root/.m2/repository/io/opentracing/contrib/opentracing-tracerresolver/0.1.5/opentracing-tracerresolver-0.1.5.jar:/root/.m2/repository/io/opentracing/opentracing-util/0.31.0/opentracing-util-0.31.0.jar:/root/.m2/repository/io/opentracing/opentracing-api/0.31.0/opentracing-api-0.31.0.jar:/root/.m2/repository/io/opentracing/opentracing-noop/0.31.0/opentracing-noop-0.31.0.jar:/root/.m2/repository/org/apache/hadoop/hadoop-hdds-server-framework/0.5.0-SNAPSHOT/hadoop-hdds-server-framework-0.5.0-SNAPSHOT.jar:/root/.m2/repository/org/apache/hadoop/hadoop-hdds-server-scm/0.5.0-SNAPSHOT/hadoop-hdds-server-scm-0.5.0-SNAPSHOT.jar:/root/.m2/repository/org/apache/hadoop/hadoop-hdds-container-service/0.5.0-SNAPSHOT/hadoop-hdds-container-service-0.5.0-SNAPSHOT.jar:/root/.m2/repository/org/apache/hadoop/hadoop-hdds-client/0.5.0-SNAPSHOT/hadoop-hdds-client-0.5.0-SNAPSHOT.jar:/root/.m2/repository/org/apache/hadoop/hadoop-hdds-tools/0.5.0-SNAPSHOT/hadoop-hdds-tools-0.5.0-SNAPSHOT.jar:/root/.m2/repository/org/apache/hadoop/hadoop-ozone-ozone-manager/0.5.0-SNAPSHOT/hadoop-ozone-ozone-manager-0.5.0-SNAPSHOT.jar:/root/.m2/repository/org/apache/hadoop/hadoop-hdds-docs/0.5.0-SNAPSHOT/hadoop-hdds-docs-0.5.0-SNAPSHOT.jar:/root/.m2/repository/org/bouncycastle/bcprov-jdk15on/1.60/bcprov-jdk15on-1.60.jar:/root/.m2/repository/org/apache/hadoop/hadoop-minikdc/3.2.0/hadoop-minikdc-3.2.0.jar:/root/.m2/repository/commons-io/commons-io/2.5/commons-io-2.5.jar:/root/.m2/repository/org/apache/kerby/kerb-simplekdc/1.0.1/kerb-simplekdc-1.0.1.jar:/root/.m2/repository/org/apache/kerby/kerb-client/1.0.1/kerb-client-1.0.1.jar:/root/.m2/repository/org/apache/kerby/kerby-config/1.0.1/kerby-config-1.0.1.jar:/root/.m2/repository/org/apache/kerby/kerb-core/1.0.1/kerb-core-1.0.1.jar:/root/.m2/repository/org/apache/kerby/kerby-pkix/1.0.1/kerby-pkix-1.0.1.jar:/root/.m2/repository/org/apache/kerby/kerby-asn1/1.0.1/kerby-asn1-1.0.1.jar:/root/.m2/repository/org/apache/kerby/kerby-util/1.0.1/kerby-util-1.0.1.jar:/root/.m2/repository/org/apache/kerby/kerb-common/1.0.1/kerb-common-1.0.1.jar:/root/.m2/repository/org/apache/kerby/kerb-crypto/1.0.1/kerb-crypto-1.0.1.jar:/root/.m2/repository/org/apache/kerby/kerb-util/1.0.1/kerb-util-1.0.1.jar:/root/.m2/repository/org/apache/kerby/token-provider/1.0.1/token-provider-1.0.1.jar:/root/.m2/repository/org/apache/kerby/kerb-admin/1.0.1/kerb-admin-1.0.1.jar:/root/.m2/repository/org/apache/kerby/kerb-server/1.0.1/kerb-server-1.0.1.jar:/root/.m2/repository/org/apache/kerby/kerb-identity/1.0.1/kerb-identity-1.0.1.jar:/root/.m2/repository/org/apache/kerby/kerby-xdr/1.0.1/kerby-xdr-1.0.1.jar:/root/.m2/repository/org/slf4j/slf4j-log4j12/1.7.25/slf4j-log4j12-1.7.25.jar:/root/.m2/repository/org/apache/hadoop/hadoop-ozone-objectstore-service/0.5.0-SNAPSHOT/hadoop-ozone-objectstore-service-0.5.0-SNAPSHOT.jar:/root/.m2/repository/org/apache/hadoop/hadoop-ozone-s3gateway/0.5.0-SNAPSHOT/hadoop-ozone-s3gateway-0.5.0-SNAPSHOT.jar:/root/.m2/repository/org/jboss/weld/servlet/weld-servlet/2.4.7.Final/weld-servlet-2.4.7.Final.jar:/root/.m2/repository/org/glassfish/jersey/containers/jersey-container-servlet-core/2.27/jersey-container-servlet-core-2.27.jar:/root/.m2/repository/org/glassfish/hk2/external/javax.inject/2.5.0-b42/javax.inject-2.5.0-b42.jar:/root/.m2/repository/org/glassfish/jersey/core/jersey-common/2.27/jersey-common-2.27.jar:/root/.m2/repository/org/glassfish/hk2/osgi-resource-locator/1.0.1/osgi-resource-locator-1.0.1.jar:/root/.m2/repository/javax/ws/rs/javax.ws.rs-api/2.1/javax.ws.rs-api-2.1.jar:/root/.m2/repository/org/glassfish/jersey/ext/cdi/jersey-cdi1x/2.27/jersey-cdi1x-2.27.jar:/root/.m2/repository/org/glassfish/jersey/inject/jersey-hk2/2.27/jersey-hk2-2.27.jar:/root/.m2/repository/org/glassfish/hk2/hk2-locator/2.5.0-b42/hk2-locator-2.5.0-b42.jar:/root/.m2/repository/org/javassist/javassist/3.22.0-CR2/javassist-3.22.0-CR2.jar:/root/.m2/repository/org/glassfish/hk2/hk2-api/2.5.0/hk2-api-2.5.0.jar:/root/.m2/repository/org/glassfish/hk2/external/jakarta.inject/2.5.0/jakarta.inject-2.5.0.jar:/root/.m2/repository/org/glassfish/hk2/hk2-utils/2.5.0/hk2-utils-2.5.0.jar:/root/.m2/repository/jakarta/annotation/jakarta.annotation-api/1.3.4/jakarta.annotation-api-1.3.4.jar:/root/.m2/repository/org/glassfish/hk2/external/aopalliance-repackaged/2.5.0/aopalliance-repackaged-2.5.0.jar:/root/.m2/repository/com/fasterxml/jackson/dataformat/jackson-dataformat-xml/2.9.0/jackson-dataformat-xml-2.9.0.jar:/root/.m2/repository/com/fasterxml/jackson/core/jackson-core/2.9.5/jackson-core-2.9.5.jar:/root/.m2/repository/com/fasterxml/jackson/module/jackson-module-jaxb-annotations/2.9.5/jackson-module-jaxb-annotations-2.9.5.jar:/root/.m2/repository/javax/enterprise/cdi-api/1.2/cdi-api-1.2.jar:/root/.m2/repository/javax/el/javax.el-api/3.0.0/javax.el-api-3.0.0.jar:/root/.m2/repository/javax/interceptor/javax.interceptor-api/1.2/javax.interceptor-api-1.2.jar:/root/.m2/repository/javax/inject/javax.inject/1/javax.inject-1.jar:/root/.m2/repository/com/sun/xml/bind/jaxb-impl/2.3.0.1/jaxb-impl-2.3.0.1.jar:/root/.m2/repository/com/sun/xml/bind/jaxb-core/2.3.0.1/jaxb-core-2.3.0.1.jar:/root/.m2/repository/javax/xml/bind/jaxb-api/2.3.0/jaxb-api-2.3.0.jar:/root/.m2/repository/javax/activation/activation/1.1.1/activation-1.1.1.jar:/root/.m2/repository/org/apache/hadoop/hadoop-ozone-csi/0.5.0-SNAPSHOT/hadoop-ozone-csi-0.5.0-SNAPSHOT.jar:/root/.m2/repository/com/google/protobuf/protobuf-java-util/3.5.1/protobuf-java-util-3.5.1.jar:/root/.m2/repository/org/apache/hadoop/hadoop-hdds-config/0.5.0-SNAPSHOT/hadoop-hdds-config-0.5.0-SNAPSHOT.jar:/root/.m2/repository/com/google/guava/guava/11.0.2/guava-11.0.2.jar:/root/.m2/repository/com/google/protobuf/protobuf-java/2.5.0/protobuf-java-2.5.0.jar:/root/.m2/repository/io/grpc/grpc-netty/1.17.1/grpc-netty-1.17.1.jar:/root/.m2/repository/io/grpc/grpc-core/1.17.1/grpc-core-1.17.1.jar:/root/.m2/repository/io/grpc/grpc-context/1.17.1/grpc-context-1.17.1.jar:/root/.m2/repository/com/google/errorprone/error_prone_annotations/2.2.0/error_prone_annotations-2.2.0.jar:/root/.m2/repository/org/codehaus/mojo/animal-sniffer-annotations/1.17/animal-sniffer-annotations-1.17.jar:/root/.m2/repository/io/opencensus/opencensus-api/0.17.0/opencensus-api-0.17.0.jar:/root/.m2/repository/io/opencensus/opencensus-contrib-grpc-metrics/0.17.0/opencensus-contrib-grpc-metrics-0.17.0.jar:/root/.m2/repository/io/netty/netty-codec-http2/4.1.30.Final/netty-codec-http2-4.1.30.Final.jar:/root/.m2/repository/io/netty/netty-codec-http/4.1.30.Final/netty-codec-http-4.1.30.Final.jar:/root/.m2/repository/io/netty/netty-codec/4.1.30.Final/netty-codec-4.1.30.Final.jar:/root/.m2/repository/io/netty/netty-handler/4.1.30.Final/netty-handler-4.1.30.Final.jar:/root/.m2/repository/io/netty/netty-handler-proxy/4.1.30.Final/netty-handler-proxy-4.1.30.Final.jar:/root/.m2/repository/io/netty/netty-codec-socks/4.1.30.Final/netty-codec-socks-4.1.30.Final.jar:/root/.m2/repository/io/netty/netty-transport-native-epoll/4.1.30.Final/netty-transport-native-epoll-4.1.30.Final.jar:/root/.m2/repository/io/netty/netty-common/4.1.30.Final/netty-common-4.1.30.Final.jar:/root/.m2/repository/io/netty/netty-buffer/4.1.30.Final/netty-buffer-4.1.30.Final.jar:/root/.m2/repository/io/netty/netty-transport/4.1.30.Final/netty-transport-4.1.30.Final.jar:/root/.m2/repository/io/netty/netty-resolver/4.1.30.Final/netty-resolver-4.1.30.Final.jar:/root/.m2/repository/io/netty/netty-transport-native-unix-common/4.1.30.Final/netty-transport-native-unix-common-4.1.30.Final.jar:/root/.m2/repository/io/grpc/grpc-protobuf/1.17.1/grpc-protobuf-1.17.1.jar:/root/.m2/repository/com/google/api/grpc/proto-google-common-protos/1.0.0/proto-google-common-protos-1.0.0.jar:/root/.m2/repository/io/grpc/grpc-protobuf-lite/1.17.1/grpc-protobuf-lite-1.17.1.jar:/root/.m2/repository/io/grpc/grpc-stub/1.17.1/grpc-stub-1.17.1.jar:/root/.m2/repository/org/apache/hadoop/hadoop-ozone-recon/0.5.0-SNAPSHOT/hadoop-ozone-recon-0.5.0-SNAPSHOT.jar:/root/.m2/repository/org/apache/hadoop/hadoop-ozone-reconcodegen/0.5.0-SNAPSHOT/hadoop-ozone-reconcodegen-0.5.0-SNAPSHOT.jar:/root/.m2/repository/com/google/inject/extensions/guice-multibindings/4.0/guice-multibindings-4.0.jar:/root/.m2/repository/com/google/inject/guice/4.0/guice-4.0.jar:/root/.m2/repository/aopalliance/aopalliance/1.0/aopalliance-1.0.jar:/root/.m2/repository/com/google/inject/extensions/guice-servlet/4.0/guice-servlet-4.0.jar:/root/.m2/repository/org/glassfish/jersey/containers/jersey-container-servlet/2.27/jersey-container-servlet-2.27.jar:/root/.m2/repository/org/glassfish/hk2/guice-bridge/2.5.0/guice-bridge-2.5.0.jar:/root/.m2/repository/org/glassfish/jersey/core/jersey-server/2.27/jersey-server-2.27.jar:/root/.m2/repository/org/glassfish/jersey/core/jersey-client/2.27/jersey-client-2.27.jar:/root/.m2/repository/org/glassfish/jersey/media/jersey-media-jaxb/2.27/jersey-media-jaxb-2.27.jar:/root/.m2/repository/javax/validation/validation-api/1.1.0.Final/validation-api-1.1.0.Final.jar:/root/.m2/repository/org/glassfish/jersey/media/jersey-media-json-jackson/2.27/jersey-media-json-jackson-2.27.jar:/root/.m2/repository/org/glassfish/jersey/ext/jersey-entity-filtering/2.27/jersey-entity-filtering-2.27.jar:/root/.m2/repository/com/google/inject/extensions/guice-assistedinject/4.0/guice-assistedinject-4.0.jar:/root/.m2/repository/org/jooq/jooq/3.11.10/jooq-3.11.10.jar:/root/.m2/repository/org/jooq/jooq-meta/3.11.10/jooq-meta-3.11.10.jar:/root/.m2/repository/org/jooq/jooq-codegen/3.11.10/jooq-codegen-3.11.10.jar:/root/.m2/repository/com/jolbox/bonecp/0.8.0.RELEASE/bonecp-0.8.0.RELEASE.jar:/root/.m2/repository/org/xerial/sqlite-jdbc/3.25.2/sqlite-jdbc-3.25.2.jar:/root/.m2/repository/org/springframework/spring-jdbc/5.1.3.RELEASE/spring-jdbc-5.1.3.RELEASE.jar:/root/.m2/repository/org/springframework/spring-beans/5.1.3.RELEASE/spring-beans-5.1.3.RELEASE.jar:/root/.m2/repository/org/springframework/spring-core/5.1.3.RELEASE/spring-core-5.1.3.RELEASE.jar:/root/.m2/repository/org/springframework/spring-jcl/5.1.3.RELEASE/spring-jcl-5.1.3.RELEASE.jar:/root/.m2/repository/org/springframework/spring-tx/5.1.3.RELEASE/spring-tx-5.1.3.RELEASE.jar:/root/.m2/repository/org/apache/hadoop/hadoop-ozone-client/0.5.0-SNAPSHOT/hadoop-ozone-client-0.5.0-SNAPSHOT.jar:/root/.m2/repository/org/apache/hadoop/hadoop-ozone-ozone-manager/0.5.0-SNAPSHOT/hadoop-ozone-ozone-manager-0.5.0-SNAPSHOT-tests.jar:/root/.m2/repository/junit/junit/4.11/junit-4.11.jar:/root/.m2/repository/org/hamcrest/hamcrest-core/1.3/hamcrest-core-1.3.jar:/root/.m2/repository/org/openjdk/jmh/jmh-core/1.19/jmh-core-1.19.jar:/root/.m2/repository/net/sf/jopt-simple/jopt-simple/4.6/jopt-simple-4.6.jar:/root/.m2/repository/org/apache/commons/commons-math3/3.1.1/commons-math3-3.1.1.jar:/root/.m2/repository/org/openjdk/jmh/jmh-generator-annprocess/1.19/jmh-generator-annprocess-1.19.jar:/root/.m2/repository/org/mockito/mockito-all/1.8.5/mockito-all-1.8.5.jar:/root/.m2/repository/org/apache/hadoop/hadoop-kms/3.2.0/hadoop-kms-3.2.0.jar:/root/.m2/repository/org/apache/hadoop/hadoop-auth/3.2.0/hadoop-auth-3.2.0.jar:/root/.m2/repository/com/nimbusds/nimbus-jose-jwt/4.41.1/nimbus-jose-jwt-4.41.1.jar:/root/.m2/repository/com/github/stephenc/jcip/jcip-annotations/1.0-1/jcip-annotations-1.0-1.jar:/root/.m2/repository/net/minidev/json-smart/2.3/json-smart-2.3.jar:/root/.m2/repository/net/minidev/accessors-smart/1.2/accessors-smart-1.2.jar:/root/.m2/repository/org/ow2/asm/asm/5.0.4/asm-5.0.4.jar:/root/.m2/repository/org/apache/curator/curator-framework/2.12.0/curator-framework-2.12.0.jar:/root/.m2/repository/com/sun/jersey/jersey-core/1.19/jersey-core-1.19.jar:/root/.m2/repository/javax/ws/rs/jsr311-api/1.1.1/jsr311-api-1.1.1.jar:/root/.m2/repository/com/sun/jersey/jersey-server/1.19/jersey-server-1.19.jar:/root/.m2/repository/javax/servlet/javax.servlet-api/3.1.0/javax.servlet-api-3.1.0.jar:/root/.m2/repository/org/eclipse/jetty/jetty-server/9.3.24.v20180605/jetty-server-9.3.24.v20180605.jar:/root/.m2/repository/org/eclipse/jetty/jetty-http/9.3.24.v20180605/jetty-http-9.3.24.v20180605.jar:/root/.m2/repository/org/eclipse/jetty/jetty-io/9.3.24.v20180605/jetty-io-9.3.24.v20180605.jar:/root/.m2/repository/org/eclipse/jetty/jetty-webapp/9.3.24.v20180605/jetty-webapp-9.3.24.v20180605.jar:/root/.m2/repository/org/eclipse/jetty/jetty-xml/9.3.24.v20180605/jetty-xml-9.3.24.v20180605.jar:/root/.m2/repository/log4j/log4j/1.2.17/log4j-1.2.17.jar:/root/.m2/repository/org/slf4j/slf4j-api/1.7.25/slf4j-api-1.7.25.jar:/root/.m2/repository/org/slf4j/jul-to-slf4j/1.7.25/jul-to-slf4j-1.7.25.jar:/root/.m2/repository/org/eclipse/jetty/jetty-util/9.3.24.v20180605/jetty-util-9.3.24.v20180605.jar:/root/.m2/repository/io/dropwizard/metrics/metrics-core/3.2.4/metrics-core-3.2.4.jar:/root/.m2/repository/com/fasterxml/jackson/core/jackson-databind/2.9.5/jackson-databind-2.9.5.jar:/root/.m2/repository/org/apache/hadoop/hadoop-kms/3.2.0/hadoop-kms-3.2.0-tests.jar:/root/.m2/repository/org/apache/hadoop/hadoop-hdds-server-scm/0.5.0-SNAPSHOT/hadoop-hdds-server-scm-0.5.0-SNAPSHOT-tests.jar:/root/.m2/repository/org/hamcrest/hamcrest-all/1.3/hamcrest-all-1.3.jar:/root/.m2/repository/info/picocli/picocli/3.9.6/picocli-3.9.6.jar:/root/.m2/repository/org/apache/hadoop/hadoop-hdds-container-service/0.5.0-SNAPSHOT/hadoop-hdds-container-service-0.5.0-SNAPSHOT-tests.jar:/root/.m2/repository/org/yaml/snakeyaml/1.16/snakeyaml-1.16.jar:/root/.m2/repository/org/apache/hadoop/hadoop-common/3.2.0/hadoop-common-3.2.0-tests.jar:/root/.m2/repository/org/apache/hadoop/hadoop-annotations/3.2.0/hadoop-annotations-3.2.0.jar:/usr/lib/jvm/java-1.8-openjdk/jre/../lib/tools.jar:/root/.m2/repository/commons-cli/commons-cli/1.2/commons-cli-1.2.jar:/root/.m2/repository/org/apache/httpcomponents/httpclient/4.5.2/httpclient-4.5.2.jar:/root/.m2/repository/org/apache/httpcomponents/httpcore/4.4.4/httpcore-4.4.4.jar:/root/.m2/repository/commons-codec/commons-codec/1.11/commons-codec-1.11.jar:/root/.m2/repository/commons-net/commons-net/3.6/commons-net-3.6.jar:/root/.m2/repository/commons-collections/commons-collections/3.2.2/commons-collections-3.2.2.jar:/root/.m2/repository/org/eclipse/jetty/jetty-servlet/9.3.24.v20180605/jetty-servlet-9.3.24.v20180605.jar:/root/.m2/repository/org/eclipse/jetty/jetty-security/9.3.24.v20180605/jetty-security-9.3.24.v20180605.jar:/root/.m2/repository/javax/servlet/jsp/jsp-api/2.1/jsp-api-2.1.jar:/root/.m2/repository/com/sun/jersey/jersey-servlet/1.19/jersey-servlet-1.19.jar:/root/.m2/repository/com/sun/jersey/jersey-json/1.19/jersey-json-1.19.jar:/root/.m2/repository/org/codehaus/jettison/jettison/1.1/jettison-1.1.jar:/root/.m2/repository/org/codehaus/jackson/jackson-core-asl/1.9.13/jackson-core-asl-1.9.13.jar:/root/.m2/repository/org/codehaus/jackson/jackson-mapper-asl/1.9.13/jackson-mapper-asl-1.9.13.jar:/root/.m2/repository/org/codehaus/jackson/jackson-jaxrs/1.9.13/jackson-jaxrs-1.9.13.jar:/root/.m2/repository/org/codehaus/jackson/jackson-xc/1.9.13/jackson-xc-1.9.13.jar:/root/.m2/repository/commons-logging/commons-logging/1.1.3/commons-logging-1.1.3.jar:/root/.m2/repository/commons-beanutils/commons-beanutils/1.9.3/commons-beanutils-1.9.3.jar:/root/.m2/repository/org/apache/commons/commons-configuration2/2.1.1/commons-configuration2-2.1.1.jar:/root/.m2/repository/org/apache/commons/commons-lang3/3.7/commons-lang3-3.7.jar:/root/.m2/repository/org/apache/commons/commons-text/1.4/commons-text-1.4.jar:/root/.m2/repository/org/apache/avro/avro/1.7.7/avro-1.7.7.jar:/root/.m2/repository/com/thoughtworks/paranamer/paranamer/2.3/paranamer-2.3.jar:/root/.m2/repository/org/xerial/snappy/snappy-java/1.0.5/snappy-java-1.0.5.jar:/root/.m2/repository/com/google/re2j/re2j/1.1/re2j-1.1.jar:/root/.m2/repository/com/google/code/gson/gson/2.2.4/gson-2.2.4.jar:/root/.m2/repository/com/jcraft/jsch/0.1.54/jsch-0.1.54.jar:/root/.m2/repository/org/apache/curator/curator-client/2.12.0/curator-client-2.12.0.jar:/root/.m2/repository/org/apache/curator/curator-recipes/2.12.0/curator-recipes-2.12.0.jar:/root/.m2/repository/com/google/code/findbugs/jsr305/3.0.0/jsr305-3.0.0.jar:/root/.m2/repository/org/apache/htrace/htrace-core4/4.1.0-incubating/htrace-core4-4.1.0-incubating.jar:/root/.m2/repository/org/apache/zookeeper/zookeeper/3.4.13/zookeeper-3.4.13.jar:/root/.m2/repository/org/apache/yetus/audience-annotations/0.5.0/audience-annotations-0.5.0.jar:/root/.m2/repository/org/codehaus/woodstox/stax2-api/3.1.4/stax2-api-3.1.4.jar:/root/.m2/repository/com/fasterxml/woodstox/woodstox-core/5.0.3/woodstox-core-5.0.3.jar:/root/.m2/repository/dnsjava/dnsjava/2.1.7/dnsjava-2.1.7.jar:/root/.m2/repository/org/apache/hadoop/hadoop-hdfs/3.2.0/hadoop-hdfs-3.2.0-tests.jar:/root/.m2/repository/org/eclipse/jetty/jetty-util-ajax/9.3.24.v20180605/jetty-util-ajax-9.3.24.v20180605.jar:/root/.m2/repository/commons-daemon/commons-daemon/1.0.13/commons-daemon-1.0.13.jar:/root/.m2/repository/io/netty/netty/3.10.5.Final/netty-3.10.5.Final.jar:/root/.m2/repository/io/netty/netty-all/4.0.52.Final/netty-all-4.0.52.Final.jar:/root/.m2/repository/org/fusesource/leveldbjni/leveldbjni-all/1.8/leveldbjni-all-1.8.jar:"/>
    <property name="sun.cpu.endian" value="little"/>
    <property name="user.home" value="/root"/>
    <property name="user.language" value="en"/>
    <property name="java.specification.vendor" value="Oracle Corporation"/>
    <property name="java.home" value="/usr/lib/jvm/java-1.8-openjdk/jre"/>
    <property name="java.security.krb5.conf" value="/opt/src/hadoop-ozone/integration-test/target/test-classes/krb5.conf"/>
    <property name="basedir" value="/opt/src/hadoop-ozone/integration-test"/>
    <property name="file.separator" value="/"/>
    <property name="line.separator" value="&#10;"/>
    <property name="java.vm.specification.vendor" value="Oracle Corporation"/>
    <property name="java.specification.name" value="Java Platform API Specification"/>
    <property name="java.awt.graphicsenv" value="sun.awt.X11GraphicsEnvironment"/>
    <property name="surefire.real.class.path" value="/opt/src/hadoop-ozone/integration-test/target/surefire/surefirebooter2404270872382586943.jar"/>
    <property name="hadoop.log.dir" value="/opt/src/hadoop-ozone/integration-test/target/log"/>
    <property name="sun.boot.class.path" value="/usr/lib/jvm/java-1.8-openjdk/jre/lib/resources.jar:/usr/lib/jvm/java-1.8-openjdk/jre/lib/rt.jar:/usr/lib/jvm/java-1.8-openjdk/jre/lib/sunrsasign.jar:/usr/lib/jvm/java-1.8-openjdk/jre/lib/jsse.jar:/usr/lib/jvm/java-1.8-openjdk/jre/lib/jce.jar:/usr/lib/jvm/java-1.8-openjdk/jre/lib/charsets.jar:/usr/lib/jvm/java-1.8-openjdk/jre/lib/jfr.jar:/usr/lib/jvm/java-1.8-openjdk/jre/classes"/>
    <property name="sun.management.compiler" value="HotSpot 64-Bit Tiered Compilers"/>
    <property name="java.runtime.version" value="1.8.0_212-b04"/>
    <property name="java.net.preferIPv4Stack" value="true"/>
    <property name="user.name" value="root"/>
    <property name="path.separator" value=":"/>
    <property name="java.security.egd" value="file:///dev/urandom"/>
    <property name="os.version" value="4.15.0-1021-aws"/>
    <property name="java.endorsed.dirs" value="/usr/lib/jvm/java-1.8-openjdk/jre/lib/endorsed"/>
    <property name="java.runtime.name" value="OpenJDK Runtime Environment"/>
    <property name="file.encoding" value="UTF-8"/>
    <property name="java.vm.name" value="OpenJDK 64-Bit Server VM"/>
    <property name="test.build.webapps" value=""/>
    <property name="localRepository" value="/root/.m2/repository"/>
    <property name="java.vendor.url.bug" value="https://icedtea.classpath.org/bugzilla"/>
    <property name="java.io.tmpdir" value="/tmp"/>
    <property name="require.test.libhadoop" value=""/>
    <property name="java.version" value="1.8.0_212"/>
    <property name="user.dir" value="/opt/src/hadoop-ozone/integration-test"/>
    <property name="os.arch" value="amd64"/>
    <property name="java.vm.specification.name" value="Java Virtual Machine Specification"/>
    <property name="test.build.classes" value="/opt/src/hadoop-ozone/integration-test/target/test-classes"/>
    <property name="java.awt.printerjob" value="sun.print.PSPrinterJob"/>
    <property name="sun.os.patch.level" value="unknown"/>
    <property name="hadoop.tmp.dir" value="/opt/src/hadoop-ozone/integration-test/target/tmp"/>
    <property name="java.library.path" value="/usr/lib/jvm/java-1.8-openjdk/jre/lib/amd64/server:/usr/lib/jvm/java-1.8-openjdk/jre/lib/amd64:/usr/lib/jvm/java-1.8-openjdk/jre/../lib/amd64:/opt/src/hadoop-ozone/integration-test/target/native/target/usr/local/lib:/opt/src/hadoop-ozone/integration-test/../../hadoop-common-project/hadoop-common/target/native/target/usr/local/lib:/usr/java/packages/lib/amd64:/usr/lib64:/lib64:/lib:/usr/lib"/>
    <property name="java.vm.info" value="mixed mode"/>
    <property name="java.vendor" value="IcedTea"/>
    <property name="java.vm.version" value="25.212-b04"/>
    <property name="java.ext.dirs" value="/usr/lib/jvm/java-1.8-openjdk/jre/lib/ext:/usr/java/packages/lib/ext"/>
    <property name="sun.io.unicode.encoding" value="UnicodeLittle"/>
    <property name="java.class.version" value="52.0"/>
  </properties>
  <testcase name="testPipelineFail" classname="org.apache.hadoop.hdds.scm.pipeline.TestNodeFailure" time="0">
    <skipped/>
    <system-out><![CDATA[2019-06-14 09:26:32,148 WARN  server.ServerUtils (ServerUtils.java:getScmDbDir(145)) - ozone.scm.db.dirs is not configured. We recommend adding this setting. Falling back to ozone.metadata.dirs instead.
2019-06-14 09:26:32,224 WARN  server.ServerUtils (ServerUtils.java:getScmDbDir(145)) - ozone.scm.db.dirs is not configured. We recommend adding this setting. Falling back to ozone.metadata.dirs instead.
2019-06-14 09:26:32,228 WARN  server.ServerUtils (ServerUtils.java:getScmDbDir(145)) - ozone.scm.db.dirs is not configured. We recommend adding this setting. Falling back to ozone.metadata.dirs instead.
2019-06-14 09:26:32,245 INFO  util.log (Log.java:initialized(192)) - Logging initialized @657ms
2019-06-14 09:26:32,326 INFO  db.DBStoreBuilder (DBStoreBuilder.java:addTable(110)) - using custom profile for table: deletedBlocks
2019-06-14 09:26:32,326 INFO  db.DBStoreBuilder (DBStoreBuilder.java:processTables(161)) - Using default column profile:DBProfile.DISK for Table:deletedBlocks
2019-06-14 09:26:32,327 INFO  db.DBStoreBuilder (DBStoreBuilder.java:addTable(110)) - using custom profile for table: validCerts
2019-06-14 09:26:32,327 INFO  db.DBStoreBuilder (DBStoreBuilder.java:processTables(161)) - Using default column profile:DBProfile.DISK for Table:validCerts
2019-06-14 09:26:32,327 INFO  db.DBStoreBuilder (DBStoreBuilder.java:addTable(110)) - using custom profile for table: revokedCerts
2019-06-14 09:26:32,327 INFO  db.DBStoreBuilder (DBStoreBuilder.java:processTables(161)) - Using default column profile:DBProfile.DISK for Table:revokedCerts
2019-06-14 09:26:32,336 INFO  db.DBStoreBuilder (DBStoreBuilder.java:addTable(110)) - using custom profile for table: default
2019-06-14 09:26:32,336 INFO  db.DBStoreBuilder (DBStoreBuilder.java:processTables(167)) - Using default column profile:DBProfile.DISK for Table:default
2019-06-14 09:26:32,338 INFO  db.DBStoreBuilder (DBStoreBuilder.java:getDbProfile(198)) - Using default options. DBProfile.DISK
2019-06-14 09:26:32,402 INFO  node.SCMNodeManager (SCMNodeManager.java:<init>(108)) - Entering startup safe mode.
2019-06-14 09:26:32,453 INFO  net.NodeSchemaLoader (NodeSchemaLoader.java:loadSchemaFromFile(125)) - Loading file from sun.misc.CompoundEnumeration@443118b0
2019-06-14 09:26:32,454 INFO  net.NodeSchemaLoader (NodeSchemaLoader.java:loadSchema(171)) - Loading network topology layer schema file
2019-06-14 09:26:32,501 WARN  server.ServerUtils (ServerUtils.java:getScmDbDir(145)) - ozone.scm.db.dirs is not configured. We recommend adding this setting. Falling back to ozone.metadata.dirs instead.
2019-06-14 09:26:32,519 INFO  pipeline.SCMPipelineManager (SCMPipelineManager.java:initializePipelineState(126)) - No pipeline exists in current db
2019-06-14 09:26:32,521 WARN  server.ServerUtils (ServerUtils.java:getScmDbDir(145)) - ozone.scm.db.dirs is not configured. We recommend adding this setting. Falling back to ozone.metadata.dirs instead.
2019-06-14 09:26:32,573 WARN  events.EventQueue (EventQueue.java:fireEvent(175)) - No event handler registered for event TypedEvent{payloadType=SafeModeStatus, name='SafeModeStatus'}
2019-06-14 09:26:32,891 INFO  ipc.CallQueueManager (CallQueueManager.java:<init>(84)) - Using callQueue: class java.util.concurrent.LinkedBlockingQueue, queueCapacity: 2000, scheduler: class org.apache.hadoop.ipc.DefaultRpcScheduler, ipcBackoff: false.
2019-06-14 09:26:32,913 INFO  ipc.Server (Server.java:run(1074)) - Starting Socket Reader #1 for port 36603
2019-06-14 09:26:32,933 INFO  ipc.CallQueueManager (CallQueueManager.java:<init>(84)) - Using callQueue: class java.util.concurrent.LinkedBlockingQueue, queueCapacity: 2000, scheduler: class org.apache.hadoop.ipc.DefaultRpcScheduler, ipcBackoff: false.
2019-06-14 09:26:32,933 INFO  ipc.Server (Server.java:run(1074)) - Starting Socket Reader #1 for port 41649
2019-06-14 09:26:32,940 INFO  ipc.CallQueueManager (CallQueueManager.java:<init>(84)) - Using callQueue: class java.util.concurrent.LinkedBlockingQueue, queueCapacity: 2000, scheduler: class org.apache.hadoop.ipc.DefaultRpcScheduler, ipcBackoff: false.
2019-06-14 09:26:32,967 INFO  ipc.Server (Server.java:run(1074)) - Starting Socket Reader #1 for port 39747
2019-06-14 09:26:32,990 INFO  hdfs.DFSUtil (DFSUtil.java:httpServerTemplateForNNAndJN(1641)) - Starting Web-server for scm at: http://0.0.0.0:0
2019-06-14 09:26:33,179 INFO  server.AuthenticationFilter (AuthenticationFilter.java:constructSecretProvider(240)) - Unable to initialize FileSignerSecretProvider, falling back to use random secrets.
2019-06-14 09:26:33,187 WARN  http.HttpRequestLog (HttpRequestLog.java:getRequestLog(97)) - Jetty request log can only be enabled using Log4j
2019-06-14 09:26:33,193 INFO  http.HttpServer2 (HttpServer2.java:addGlobalFilter(975)) - Added global filter 'safety' (class=org.apache.hadoop.http.HttpServer2$QuotingInputFilter)
2019-06-14 09:26:33,195 INFO  http.HttpServer2 (HttpServer2.java:addFilter(948)) - Added filter static_user_filter (class=org.apache.hadoop.http.lib.StaticUserWebFilter$StaticUserFilter) to context scm
2019-06-14 09:26:33,195 INFO  http.HttpServer2 (HttpServer2.java:addFilter(958)) - Added filter static_user_filter (class=org.apache.hadoop.http.lib.StaticUserWebFilter$StaticUserFilter) to context logs
2019-06-14 09:26:33,196 INFO  http.HttpServer2 (HttpServer2.java:addFilter(958)) - Added filter static_user_filter (class=org.apache.hadoop.http.lib.StaticUserWebFilter$StaticUserFilter) to context static
2019-06-14 09:26:33,219 INFO  server.StorageContainerManager (StorageContainerManager.java:start(752)) - StorageContainerLocationProtocol RPC server is listening at /0.0.0.0:39747
2019-06-14 09:26:33,260 WARN  impl.MetricsConfig (MetricsConfig.java:loadFirst(134)) - Cannot locate configuration: tried hadoop-metrics2-storagecontainermanager.properties,hadoop-metrics2.properties
2019-06-14 09:26:33,269 INFO  impl.MetricsSystemImpl (MetricsSystemImpl.java:startTimer(374)) - Scheduled Metric snapshot period at 10 second(s).
2019-06-14 09:26:33,269 INFO  impl.MetricsSystemImpl (MetricsSystemImpl.java:start(191)) - StorageContainerManager metrics system started
2019-06-14 09:26:33,445 INFO  server.SCMClientProtocolServer (SCMClientProtocolServer.java:start(149)) - RPC server for Client  is listening at /0.0.0.0:39747
2019-06-14 09:26:33,446 INFO  ipc.Server (Server.java:run(1153)) - IPC Server listener on 39747: starting
2019-06-14 09:26:33,446 INFO  ipc.Server (Server.java:run(1314)) - IPC Server Responder: starting
2019-06-14 09:26:33,448 INFO  server.StorageContainerManager (StorageContainerManager.java:start(761)) - ScmBlockLocationProtocol RPC server is listening at /0.0.0.0:41649
2019-06-14 09:26:33,448 INFO  server.SCMBlockProtocolServer (SCMBlockProtocolServer.java:start(137)) - RPC server for Block Protocol is listening at /0.0.0.0:41649
2019-06-14 09:26:33,449 INFO  ipc.Server (Server.java:run(1314)) - IPC Server Responder: starting
2019-06-14 09:26:33,449 INFO  ipc.Server (Server.java:run(1153)) - IPC Server listener on 41649: starting
2019-06-14 09:26:33,451 INFO  server.StorageContainerManager (StorageContainerManager.java:start(765)) - ScmDatanodeProtocl RPC server is listening at /0.0.0.0:36603
2019-06-14 09:26:33,451 INFO  server.SCMDatanodeProtocolServer (SCMDatanodeProtocolServer.java:start(191)) - RPC server for DataNodes is listening at /0.0.0.0:36603
2019-06-14 09:26:33,451 INFO  ipc.Server (Server.java:run(1314)) - IPC Server Responder: starting
2019-06-14 09:26:33,451 INFO  ipc.Server (Server.java:run(1153)) - IPC Server listener on 36603: starting
2019-06-14 09:26:33,454 INFO  http.HttpServer2 (HttpServer2.java:bindListener(1191)) - Jetty bound to port 46371
2019-06-14 09:26:33,455 INFO  server.Server (Server.java:doStart(351)) - jetty-9.3.24.v20180605, build timestamp: 2018-06-05T17:11:56Z, git hash: 84205aa28f11a4f31f2a3b86d1bba2cc8ab69827
2019-06-14 09:26:33,485 INFO  handler.ContextHandler (ContextHandler.java:doStart(781)) - Started o.e.j.s.ServletContextHandler@2df6226d{/logs,file:///opt/src/hadoop-ozone/integration-test/target/log,AVAILABLE}
2019-06-14 09:26:33,486 INFO  handler.ContextHandler (ContextHandler.java:doStart(781)) - Started o.e.j.s.ServletContextHandler@4ff4357f{/static,file:///opt/src/hadoop-ozone/integration-test/target/test-classes/webapps/static,AVAILABLE}
2019-06-14 09:26:33,515 INFO  handler.ContextHandler (ContextHandler.java:doStart(781)) - Started o.e.j.w.WebAppContext@2484f433{/,file:///opt/src/hadoop-ozone/integration-test/target/test-classes/webapps/scm/,AVAILABLE}{/scm}
2019-06-14 09:26:33,519 INFO  server.AbstractConnector (AbstractConnector.java:doStart(278)) - Started ServerConnector@841e575{HTTP/1.1,[http/1.1]}{0.0.0.0:46371}
2019-06-14 09:26:33,519 INFO  server.Server (Server.java:doStart(419)) - Started @1931ms
2019-06-14 09:26:33,520 INFO  server.BaseHttpServer (BaseHttpServer.java:updateConnectorAddress(207)) - HTTP server of SCM is listening at http://0.0.0.0:46371
2019-06-14 09:26:33,525 INFO  util.JvmPauseMonitor (JvmPauseMonitor.java:run(188)) - Starting JVM pause monitor
2019-06-14 09:26:33,528 WARN  scm.ScmUtils (ScmUtils.java:getDBPath(63)) - ozone.om.db.dirs is not configured. We recommend adding this setting. Falling back to ozone.metadata.dirs instead.
2019-06-14 09:26:33,600 WARN  scm.ScmUtils (ScmUtils.java:getDBPath(63)) - ozone.om.db.dirs is not configured. We recommend adding this setting. Falling back to ozone.metadata.dirs instead.
2019-06-14 09:26:33,601 INFO  om.OzoneManager (OzoneManager.java:setOMNodeDetails(519)) - OM Service ID is not set. Setting it to the default ID: omServiceIdDefault
2019-06-14 09:26:33,601 INFO  om.OzoneManager (OzoneManager.java:setOMNodeDetails(525)) - OM Node ID is not set. Setting it to the OmStorage's OmID: 2b307868-adba-465c-9668-8aec51994418
2019-06-14 09:26:33,603 WARN  scm.HddsServerUtil (HddsServerUtil.java:getDefaultRatisDirectory(354)) - Storage directory for Ratis is not configured. It is a good idea to map this to an SSD disk. Falling back to ozone.metadata.dirs
2019-06-14 09:26:33,603 WARN  scm.HddsServerUtil (HddsServerUtil.java:getDefaultRatisDirectory(354)) - Storage directory for Ratis is not configured. It is a good idea to map this to an SSD disk. Falling back to ozone.metadata.dirs
2019-06-14 09:26:33,603 INFO  om.OzoneManager (OzoneManager.java:loadOMHAConfigs(476)) - Found matching OM address with OMServiceId: null, OMNodeId: null, RPC Address: localhost:0 and Ratis port: 9872
2019-06-14 09:26:33,761 WARN  scm.ScmUtils (ScmUtils.java:getDBPath(63)) - ozone.om.db.dirs is not configured. We recommend adding this setting. Falling back to ozone.metadata.dirs instead.
2019-06-14 09:26:33,768 INFO  db.DBStoreBuilder (DBStoreBuilder.java:addTable(110)) - using custom profile for table: userTable
2019-06-14 09:26:33,769 INFO  db.DBStoreBuilder (DBStoreBuilder.java:processTables(161)) - Using default column profile:DBProfile.DISK for Table:userTable
2019-06-14 09:26:33,769 INFO  db.DBStoreBuilder (DBStoreBuilder.java:addTable(110)) - using custom profile for table: volumeTable
2019-06-14 09:26:33,769 INFO  db.DBStoreBuilder (DBStoreBuilder.java:processTables(161)) - Using default column profile:DBProfile.DISK for Table:volumeTable
2019-06-14 09:26:33,769 INFO  db.DBStoreBuilder (DBStoreBuilder.java:addTable(110)) - using custom profile for table: bucketTable
2019-06-14 09:26:33,770 INFO  db.DBStoreBuilder (DBStoreBuilder.java:processTables(161)) - Using default column profile:DBProfile.DISK for Table:bucketTable
2019-06-14 09:26:33,770 INFO  db.DBStoreBuilder (DBStoreBuilder.java:addTable(110)) - using custom profile for table: keyTable
2019-06-14 09:26:33,770 INFO  db.DBStoreBuilder (DBStoreBuilder.java:processTables(161)) - Using default column profile:DBProfile.DISK for Table:keyTable
2019-06-14 09:26:33,770 INFO  db.DBStoreBuilder (DBStoreBuilder.java:addTable(110)) - using custom profile for table: deletedTable
2019-06-14 09:26:33,771 INFO  db.DBStoreBuilder (DBStoreBuilder.java:processTables(161)) - Using default column profile:DBProfile.DISK for Table:deletedTable
2019-06-14 09:26:33,771 INFO  db.DBStoreBuilder (DBStoreBuilder.java:addTable(110)) - using custom profile for table: openKeyTable
2019-06-14 09:26:33,771 INFO  db.DBStoreBuilder (DBStoreBuilder.java:processTables(161)) - Using default column profile:DBProfile.DISK for Table:openKeyTable
2019-06-14 09:26:33,771 INFO  db.DBStoreBuilder (DBStoreBuilder.java:addTable(110)) - using custom profile for table: s3Table
2019-06-14 09:26:33,772 INFO  db.DBStoreBuilder (DBStoreBuilder.java:processTables(161)) - Using default column profile:DBProfile.DISK for Table:s3Table
2019-06-14 09:26:33,772 INFO  db.DBStoreBuilder (DBStoreBuilder.java:addTable(110)) - using custom profile for table: multipartInfoTable
2019-06-14 09:26:33,772 INFO  db.DBStoreBuilder (DBStoreBuilder.java:processTables(161)) - Using default column profile:DBProfile.DISK for Table:multipartInfoTable
2019-06-14 09:26:33,772 INFO  db.DBStoreBuilder (DBStoreBuilder.java:addTable(110)) - using custom profile for table: dTokenTable
2019-06-14 09:26:33,773 INFO  db.DBStoreBuilder (DBStoreBuilder.java:processTables(161)) - Using default column profile:DBProfile.DISK for Table:dTokenTable
2019-06-14 09:26:33,773 INFO  db.DBStoreBuilder (DBStoreBuilder.java:addTable(110)) - using custom profile for table: s3SecretTable
2019-06-14 09:26:33,773 INFO  db.DBStoreBuilder (DBStoreBuilder.java:processTables(161)) - Using default column profile:DBProfile.DISK for Table:s3SecretTable
2019-06-14 09:26:33,773 INFO  db.DBStoreBuilder (DBStoreBuilder.java:addTable(110)) - using custom profile for table: prefixTable
2019-06-14 09:26:33,774 INFO  db.DBStoreBuilder (DBStoreBuilder.java:processTables(161)) - Using default column profile:DBProfile.DISK for Table:prefixTable
2019-06-14 09:26:33,774 INFO  db.DBStoreBuilder (DBStoreBuilder.java:addTable(110)) - using custom profile for table: default
2019-06-14 09:26:33,774 INFO  db.DBStoreBuilder (DBStoreBuilder.java:processTables(167)) - Using default column profile:DBProfile.DISK for Table:default
2019-06-14 09:26:33,774 INFO  db.DBStoreBuilder (DBStoreBuilder.java:getDbProfile(198)) - Using default options. DBProfile.DISK
2019-06-14 09:26:34,204 INFO  ipc.CallQueueManager (CallQueueManager.java:<init>(84)) - Using callQueue: class java.util.concurrent.LinkedBlockingQueue, queueCapacity: 2000, scheduler: class org.apache.hadoop.ipc.DefaultRpcScheduler, ipcBackoff: false.
2019-06-14 09:26:34,205 INFO  ipc.Server (Server.java:run(1074)) - Starting Socket Reader #1 for port 32965
2019-06-14 09:26:34,225 WARN  scm.ScmUtils (ScmUtils.java:getDBPath(63)) - ozone.om.db.dirs is not configured. We recommend adding this setting. Falling back to ozone.metadata.dirs instead.
2019-06-14 09:26:34,226 INFO  om.OzoneManager (OzoneManager.java:start(1217)) - OzoneManager RPC server is listening at localhost/127.0.0.1:32965
2019-06-14 09:26:34,226 INFO  impl.MetricsSystemImpl (MetricsSystemImpl.java:init(158)) - OzoneManager metrics system started (again)
2019-06-14 09:26:34,226 INFO  ipc.Server (Server.java:run(1314)) - IPC Server Responder: starting
2019-06-14 09:26:34,226 INFO  ipc.Server (Server.java:run(1153)) - IPC Server listener on 32965: starting
2019-06-14 09:26:34,245 INFO  hdfs.DFSUtil (DFSUtil.java:httpServerTemplateForNNAndJN(1641)) - Starting Web-server for ozoneManager at: http://0.0.0.0:0
2019-06-14 09:26:34,246 INFO  server.AuthenticationFilter (AuthenticationFilter.java:constructSecretProvider(240)) - Unable to initialize FileSignerSecretProvider, falling back to use random secrets.
2019-06-14 09:26:34,246 WARN  http.HttpRequestLog (HttpRequestLog.java:getRequestLog(97)) - Jetty request log can only be enabled using Log4j
2019-06-14 09:26:34,248 INFO  http.HttpServer2 (HttpServer2.java:addGlobalFilter(975)) - Added global filter 'safety' (class=org.apache.hadoop.http.HttpServer2$QuotingInputFilter)
2019-06-14 09:26:34,248 INFO  http.HttpServer2 (HttpServer2.java:addFilter(948)) - Added filter static_user_filter (class=org.apache.hadoop.http.lib.StaticUserWebFilter$StaticUserFilter) to context ozoneManager
2019-06-14 09:26:34,249 INFO  http.HttpServer2 (HttpServer2.java:addFilter(958)) - Added filter static_user_filter (class=org.apache.hadoop.http.lib.StaticUserWebFilter$StaticUserFilter) to context logs
2019-06-14 09:26:34,249 INFO  http.HttpServer2 (HttpServer2.java:addFilter(958)) - Added filter static_user_filter (class=org.apache.hadoop.http.lib.StaticUserWebFilter$StaticUserFilter) to context static
2019-06-14 09:26:34,250 INFO  http.HttpServer2 (HttpServer2.java:bindListener(1191)) - Jetty bound to port 46111
2019-06-14 09:26:34,250 INFO  server.Server (Server.java:doStart(351)) - jetty-9.3.24.v20180605, build timestamp: 2018-06-05T17:11:56Z, git hash: 84205aa28f11a4f31f2a3b86d1bba2cc8ab69827
2019-06-14 09:26:34,252 INFO  handler.ContextHandler (ContextHandler.java:doStart(781)) - Started o.e.j.s.ServletContextHandler@7c2a69b4{/logs,file:///opt/src/hadoop-ozone/integration-test/target/log,AVAILABLE}
2019-06-14 09:26:34,252 INFO  handler.ContextHandler (ContextHandler.java:doStart(781)) - Started o.e.j.s.ServletContextHandler@648ee871{/static,file:///opt/src/hadoop-ozone/integration-test/target/test-classes/webapps/static,AVAILABLE}
2019-06-14 09:26:34,258 INFO  handler.ContextHandler (ContextHandler.java:doStart(781)) - Started o.e.j.w.WebAppContext@6f012914{/,file:///opt/src/hadoop-ozone/integration-test/target/test-classes/webapps/ozoneManager/,AVAILABLE}{/ozoneManager}
2019-06-14 09:26:34,258 INFO  server.AbstractConnector (AbstractConnector.java:doStart(278)) - Started ServerConnector@18fdb6cf{HTTP/1.1,[http/1.1]}{0.0.0.0:46111}
2019-06-14 09:26:34,258 INFO  server.Server (Server.java:doStart(419)) - Started @2670ms
2019-06-14 09:26:34,259 INFO  server.BaseHttpServer (BaseHttpServer.java:updateConnectorAddress(207)) - HTTP server of OZONEMANAGER is listening at http://0.0.0.0:46111
2019-06-14 09:26:34,378 INFO  impl.MetricsSystemImpl (MetricsSystemImpl.java:init(158)) - HddsDatanode metrics system started (again)
2019-06-14 09:26:34,522 INFO  ozone.HddsDatanodeService (HddsDatanodeService.java:start(185)) - HddsDatanodeService host:ozone-j9z4j-712025750 ip:192.168.134.103
2019-06-14 09:26:34,549 INFO  volume.HddsVolume (HddsVolume.java:<init>(176)) - Creating Volume: /opt/src/hadoop-ozone/integration-test/target/test-dir/MiniOzoneClusterImpl-80abfd4d-faac-4cca-ada4-9fafc84234d6/datanode-0/data/containers/hdds of  storage type : DISK and capacity : 104021790720
2019-06-14 09:26:34,550 INFO  volume.VolumeSet (VolumeSet.java:initializeVolumeSet(170)) - Added Volume : /opt/src/hadoop-ozone/integration-test/target/test-dir/MiniOzoneClusterImpl-80abfd4d-faac-4cca-ada4-9fafc84234d6/datanode-0/data/containers/hdds to VolumeSet
2019-06-14 09:26:34,552 INFO  volume.ThrottledAsyncChecker (ThrottledAsyncChecker.java:schedule(140)) - Scheduling a check for org.apache.hadoop.ozone.container.common.volume.HddsVolume@4a6c18ad
2019-06-14 09:26:34,565 INFO  volume.HddsVolumeChecker (HddsVolumeChecker.java:checkAllVolumes(203)) - Scheduled health check for volume org.apache.hadoop.ozone.container.common.volume.HddsVolume@4a6c18ad
2019-06-14 09:26:34,602 INFO  ratis.XceiverServerRatis (XceiverServerRatis.java:newXceiverServerRatis(401)) - Found a free port for the server : 33187
2019-06-14 09:26:34,659 INFO  impl.RaftServerProxy (ConfUtils.java:logGet(43)) - raft.rpc.type = GRPC (default)
2019-06-14 09:26:34,668 INFO  grpc.GrpcConfigKeys$Server (ConfUtils.java:logGet(43)) - raft.grpc.server.port = 33187 (custom)
2019-06-14 09:26:34,669 INFO  server.GrpcService (ConfUtils.java:logGet(43)) - raft.grpc.message.size.max = 33570816 (custom)
2019-06-14 09:26:34,670 INFO  server.RaftServerConfigKeys (ConfUtils.java:logGet(43)) - raft.server.log.appender.buffer.byte-limit = 33554432 (custom)
2019-06-14 09:26:34,670 INFO  server.GrpcService (ConfUtils.java:logGet(43)) - raft.grpc.flow.control.window = 1MB (=1048576) (default)
2019-06-14 09:26:34,671 INFO  server.RaftServerConfigKeys (ConfUtils.java:logGet(43)) - raft.server.rpc.request.timeout = 3000ms (default)
2019-06-14 09:26:34,790 INFO  server.RaftServerConfigKeys (ConfUtils.java:logGet(43)) - raft.server.storage.dir = [/opt/src/hadoop-ozone/integration-test/target/test-dir/MiniOzoneClusterImpl-80abfd4d-faac-4cca-ada4-9fafc84234d6/datanode-0/data/ratis] (custom)
2019-06-14 09:26:34,796 INFO  server.XceiverServerGrpc (XceiverServerGrpc.java:<init>(97)) - Found a free port for the server : 36419
2019-06-14 09:26:34,818 INFO  replication.SimpleContainerDownloader (SimpleContainerDownloader.java:<init>(72)) - Starting container downloader service to copy containers to replicate.
2019-06-14 09:26:34,827 INFO  hdfs.DFSUtil (DFSUtil.java:httpServerTemplateForNNAndJN(1641)) - Starting Web-server for hddsDatanode at: http://0.0.0.0:0
2019-06-14 09:26:34,829 INFO  server.AuthenticationFilter (AuthenticationFilter.java:constructSecretProvider(240)) - Unable to initialize FileSignerSecretProvider, falling back to use random secrets.
2019-06-14 09:26:34,829 WARN  http.HttpRequestLog (HttpRequestLog.java:getRequestLog(97)) - Jetty request log can only be enabled using Log4j
2019-06-14 09:26:34,830 INFO  http.HttpServer2 (HttpServer2.java:addGlobalFilter(975)) - Added global filter 'safety' (class=org.apache.hadoop.http.HttpServer2$QuotingInputFilter)
2019-06-14 09:26:34,831 INFO  http.HttpServer2 (HttpServer2.java:addFilter(948)) - Added filter static_user_filter (class=org.apache.hadoop.http.lib.StaticUserWebFilter$StaticUserFilter) to context hddsDatanode
2019-06-14 09:26:34,831 INFO  http.HttpServer2 (HttpServer2.java:addFilter(958)) - Added filter static_user_filter (class=org.apache.hadoop.http.lib.StaticUserWebFilter$StaticUserFilter) to context logs
2019-06-14 09:26:34,831 INFO  http.HttpServer2 (HttpServer2.java:addFilter(958)) - Added filter static_user_filter (class=org.apache.hadoop.http.lib.StaticUserWebFilter$StaticUserFilter) to context static
2019-06-14 09:26:34,832 INFO  http.HttpServer2 (HttpServer2.java:bindListener(1191)) - Jetty bound to port 37717
2019-06-14 09:26:34,832 INFO  server.Server (Server.java:doStart(351)) - jetty-9.3.24.v20180605, build timestamp: 2018-06-05T17:11:56Z, git hash: 84205aa28f11a4f31f2a3b86d1bba2cc8ab69827
2019-06-14 09:26:34,834 INFO  handler.ContextHandler (ContextHandler.java:doStart(781)) - Started o.e.j.s.ServletContextHandler@2e51d054{/logs,file:///opt/src/hadoop-ozone/integration-test/target/log,AVAILABLE}
2019-06-14 09:26:34,834 INFO  handler.ContextHandler (ContextHandler.java:doStart(781)) - Started o.e.j.s.ServletContextHandler@615e3f51{/static,jar:file:/root/.m2/repository/org/apache/hadoop/hadoop-hdds-container-service/0.5.0-SNAPSHOT/hadoop-hdds-container-service-0.5.0-SNAPSHOT.jar!/webapps/static,AVAILABLE}
2019-06-14 09:26:34,867 INFO  handler.ContextHandler (ContextHandler.java:doStart(781)) - Started o.e.j.w.WebAppContext@5e1fc2aa{/,file:///tmp/jetty-0.0.0.0-37717-hddsDatanode-_-any-4436359035919151535.dir/webapp/,AVAILABLE}{/hddsDatanode}
2019-06-14 09:26:34,868 INFO  server.AbstractConnector (AbstractConnector.java:doStart(278)) - Started ServerConnector@688d411b{HTTP/1.1,[http/1.1]}{0.0.0.0:37717}
2019-06-14 09:26:34,868 INFO  server.Server (Server.java:doStart(419)) - Started @3279ms
2019-06-14 09:26:34,869 INFO  server.BaseHttpServer (BaseHttpServer.java:updateConnectorAddress(207)) - HTTP server of HDDSDATANODE is listening at http://0.0.0.0:37717
2019-06-14 09:26:35,704 INFO  ozone.HddsDatanodeService (HddsDatanodeService.java:startPlugins(396)) - Started plug-in org.apache.hadoop.ozone.web.OzoneHddsDatanodeService@30bf26df
2019-06-14 09:26:35,705 INFO  impl.MetricsSystemImpl (MetricsSystemImpl.java:init(158)) - HddsDatanode metrics system started (again)
2019-06-14 09:26:35,705 INFO  ozone.HddsDatanodeService (HddsDatanodeService.java:start(185)) - HddsDatanodeService host:ozone-j9z4j-712025750 ip:192.168.134.103
2019-06-14 09:26:35,709 INFO  util.JvmPauseMonitor (JvmPauseMonitor.java:run(188)) - Starting JVM pause monitor
2019-06-14 09:26:35,715 INFO  volume.HddsVolume (HddsVolume.java:<init>(176)) - Creating Volume: /opt/src/hadoop-ozone/integration-test/target/test-dir/MiniOzoneClusterImpl-80abfd4d-faac-4cca-ada4-9fafc84234d6/datanode-1/data/containers/hdds of  storage type : DISK and capacity : 104021790720
2019-06-14 09:26:35,715 INFO  volume.VolumeSet (VolumeSet.java:initializeVolumeSet(170)) - Added Volume : /opt/src/hadoop-ozone/integration-test/target/test-dir/MiniOzoneClusterImpl-80abfd4d-faac-4cca-ada4-9fafc84234d6/datanode-1/data/containers/hdds to VolumeSet
2019-06-14 09:26:35,715 INFO  volume.ThrottledAsyncChecker (ThrottledAsyncChecker.java:schedule(140)) - Scheduling a check for org.apache.hadoop.ozone.container.common.volume.HddsVolume@f171912
2019-06-14 09:26:35,716 INFO  volume.HddsVolumeChecker (HddsVolumeChecker.java:checkAllVolumes(203)) - Scheduled health check for volume org.apache.hadoop.ozone.container.common.volume.HddsVolume@f171912
2019-06-14 09:26:35,734 INFO  ratis.XceiverServerRatis (XceiverServerRatis.java:newXceiverServerRatis(401)) - Found a free port for the server : 34507
2019-06-14 09:26:35,735 INFO  impl.RaftServerProxy (ConfUtils.java:logGet(43)) - raft.rpc.type = GRPC (default)
2019-06-14 09:26:35,736 INFO  grpc.GrpcConfigKeys$Server (ConfUtils.java:logGet(43)) - raft.grpc.server.port = 34507 (custom)
2019-06-14 09:26:35,736 INFO  server.GrpcService (ConfUtils.java:logGet(43)) - raft.grpc.message.size.max = 33570816 (custom)
2019-06-14 09:26:35,736 INFO  server.RaftServerConfigKeys (ConfUtils.java:logGet(43)) - raft.server.log.appender.buffer.byte-limit = 33554432 (custom)
2019-06-14 09:26:35,736 INFO  server.GrpcService (ConfUtils.java:logGet(43)) - raft.grpc.flow.control.window = 1MB (=1048576) (default)
2019-06-14 09:26:35,737 INFO  server.RaftServerConfigKeys (ConfUtils.java:logGet(43)) - raft.server.rpc.request.timeout = 3000ms (default)
2019-06-14 09:26:35,737 INFO  server.RaftServerConfigKeys (ConfUtils.java:logGet(43)) - raft.server.storage.dir = [/opt/src/hadoop-ozone/integration-test/target/test-dir/MiniOzoneClusterImpl-80abfd4d-faac-4cca-ada4-9fafc84234d6/datanode-1/data/ratis] (custom)
2019-06-14 09:26:35,737 INFO  server.XceiverServerGrpc (XceiverServerGrpc.java:<init>(97)) - Found a free port for the server : 44489
2019-06-14 09:26:35,738 INFO  replication.SimpleContainerDownloader (SimpleContainerDownloader.java:<init>(72)) - Starting container downloader service to copy containers to replicate.
2019-06-14 09:26:35,739 INFO  hdfs.DFSUtil (DFSUtil.java:httpServerTemplateForNNAndJN(1641)) - Starting Web-server for hddsDatanode at: http://0.0.0.0:0
2019-06-14 09:26:35,740 INFO  server.AuthenticationFilter (AuthenticationFilter.java:constructSecretProvider(240)) - Unable to initialize FileSignerSecretProvider, falling back to use random secrets.
2019-06-14 09:26:35,750 WARN  http.HttpRequestLog (HttpRequestLog.java:getRequestLog(97)) - Jetty request log can only be enabled using Log4j
2019-06-14 09:26:35,751 INFO  http.HttpServer2 (HttpServer2.java:addGlobalFilter(975)) - Added global filter 'safety' (class=org.apache.hadoop.http.HttpServer2$QuotingInputFilter)
2019-06-14 09:26:35,752 INFO  http.HttpServer2 (HttpServer2.java:addFilter(948)) - Added filter static_user_filter (class=org.apache.hadoop.http.lib.StaticUserWebFilter$StaticUserFilter) to context hddsDatanode
2019-06-14 09:26:35,752 INFO  http.HttpServer2 (HttpServer2.java:addFilter(958)) - Added filter static_user_filter (class=org.apache.hadoop.http.lib.StaticUserWebFilter$StaticUserFilter) to context logs
2019-06-14 09:26:35,752 INFO  http.HttpServer2 (HttpServer2.java:addFilter(958)) - Added filter static_user_filter (class=org.apache.hadoop.http.lib.StaticUserWebFilter$StaticUserFilter) to context static
2019-06-14 09:26:35,753 INFO  http.HttpServer2 (HttpServer2.java:bindListener(1191)) - Jetty bound to port 39917
2019-06-14 09:26:35,753 INFO  server.Server (Server.java:doStart(351)) - jetty-9.3.24.v20180605, build timestamp: 2018-06-05T17:11:56Z, git hash: 84205aa28f11a4f31f2a3b86d1bba2cc8ab69827
2019-06-14 09:26:35,758 INFO  handler.ContextHandler (ContextHandler.java:doStart(781)) - Started o.e.j.s.ServletContextHandler@18b6d3c1{/logs,file:///opt/src/hadoop-ozone/integration-test/target/log,AVAILABLE}
2019-06-14 09:26:35,759 INFO  handler.ContextHandler (ContextHandler.java:doStart(781)) - Started o.e.j.s.ServletContextHandler@3fe512d2{/static,jar:file:/root/.m2/repository/org/apache/hadoop/hadoop-hdds-container-service/0.5.0-SNAPSHOT/hadoop-hdds-container-service-0.5.0-SNAPSHOT.jar!/webapps/static,AVAILABLE}
2019-06-14 09:26:35,780 INFO  handler.ContextHandler (ContextHandler.java:doStart(781)) - Started o.e.j.w.WebAppContext@e7b265e{/,file:///tmp/jetty-0.0.0.0-39917-hddsDatanode-_-any-3409694109496337550.dir/webapp/,AVAILABLE}{/hddsDatanode}
2019-06-14 09:26:35,780 INFO  server.AbstractConnector (AbstractConnector.java:doStart(278)) - Started ServerConnector@51da32e5{HTTP/1.1,[http/1.1]}{0.0.0.0:39917}
2019-06-14 09:26:35,783 INFO  server.Server (Server.java:doStart(419)) - Started @4194ms
2019-06-14 09:26:35,783 INFO  server.BaseHttpServer (BaseHttpServer.java:updateConnectorAddress(207)) - HTTP server of HDDSDATANODE is listening at http://0.0.0.0:39917
2019-06-14 09:26:35,802 INFO  datanode.InitDatanodeState (InitDatanodeState.java:persistContainerDatanodeDetails(140)) - DatanodeDetails is persisted to /opt/src/hadoop-ozone/integration-test/target/test-dir/MiniOzoneClusterImpl-80abfd4d-faac-4cca-ada4-9fafc84234d6/datanode-0/meta/datanode.id
2019-06-14 09:26:35,910 INFO  ozone.HddsDatanodeService (HddsDatanodeService.java:startPlugins(396)) - Started plug-in org.apache.hadoop.ozone.web.OzoneHddsDatanodeService@1d6751e3
2019-06-14 09:26:35,910 INFO  impl.MetricsSystemImpl (MetricsSystemImpl.java:init(158)) - HddsDatanode metrics system started (again)
2019-06-14 09:26:35,911 INFO  ozone.HddsDatanodeService (HddsDatanodeService.java:start(185)) - HddsDatanodeService host:ozone-j9z4j-712025750 ip:192.168.134.103
2019-06-14 09:26:35,919 INFO  util.JvmPauseMonitor (JvmPauseMonitor.java:run(188)) - Starting JVM pause monitor
2019-06-14 09:26:35,922 INFO  volume.HddsVolume (HddsVolume.java:<init>(176)) - Creating Volume: /opt/src/hadoop-ozone/integration-test/target/test-dir/MiniOzoneClusterImpl-80abfd4d-faac-4cca-ada4-9fafc84234d6/datanode-2/data/containers/hdds of  storage type : DISK and capacity : 104021790720
2019-06-14 09:26:35,923 INFO  volume.VolumeSet (VolumeSet.java:initializeVolumeSet(170)) - Added Volume : /opt/src/hadoop-ozone/integration-test/target/test-dir/MiniOzoneClusterImpl-80abfd4d-faac-4cca-ada4-9fafc84234d6/datanode-2/data/containers/hdds to VolumeSet
2019-06-14 09:26:35,923 INFO  volume.ThrottledAsyncChecker (ThrottledAsyncChecker.java:schedule(140)) - Scheduling a check for org.apache.hadoop.ozone.container.common.volume.HddsVolume@2e7af36e
2019-06-14 09:26:35,924 INFO  volume.HddsVolumeChecker (HddsVolumeChecker.java:checkAllVolumes(203)) - Scheduled health check for volume org.apache.hadoop.ozone.container.common.volume.HddsVolume@2e7af36e
2019-06-14 09:26:35,932 INFO  datanode.InitDatanodeState (InitDatanodeState.java:persistContainerDatanodeDetails(140)) - DatanodeDetails is persisted to /opt/src/hadoop-ozone/integration-test/target/test-dir/MiniOzoneClusterImpl-80abfd4d-faac-4cca-ada4-9fafc84234d6/datanode-1/meta/datanode.id
2019-06-14 09:26:35,942 INFO  ratis.XceiverServerRatis (XceiverServerRatis.java:newXceiverServerRatis(401)) - Found a free port for the server : 43697
2019-06-14 09:26:35,943 INFO  impl.RaftServerProxy (ConfUtils.java:logGet(43)) - raft.rpc.type = GRPC (default)
2019-06-14 09:26:35,943 INFO  grpc.GrpcConfigKeys$Server (ConfUtils.java:logGet(43)) - raft.grpc.server.port = 43697 (custom)
2019-06-14 09:26:35,944 INFO  server.GrpcService (ConfUtils.java:logGet(43)) - raft.grpc.message.size.max = 33570816 (custom)
2019-06-14 09:26:35,944 INFO  server.RaftServerConfigKeys (ConfUtils.java:logGet(43)) - raft.server.log.appender.buffer.byte-limit = 33554432 (custom)
2019-06-14 09:26:35,944 INFO  server.GrpcService (ConfUtils.java:logGet(43)) - raft.grpc.flow.control.window = 1MB (=1048576) (default)
2019-06-14 09:26:35,944 INFO  server.RaftServerConfigKeys (ConfUtils.java:logGet(43)) - raft.server.rpc.request.timeout = 3000ms (default)
2019-06-14 09:26:35,945 INFO  server.RaftServerConfigKeys (ConfUtils.java:logGet(43)) - raft.server.storage.dir = [/opt/src/hadoop-ozone/integration-test/target/test-dir/MiniOzoneClusterImpl-80abfd4d-faac-4cca-ada4-9fafc84234d6/datanode-2/data/ratis] (custom)
2019-06-14 09:26:35,945 INFO  server.XceiverServerGrpc (XceiverServerGrpc.java:<init>(97)) - Found a free port for the server : 41527
2019-06-14 09:26:35,945 INFO  replication.SimpleContainerDownloader (SimpleContainerDownloader.java:<init>(72)) - Starting container downloader service to copy containers to replicate.
2019-06-14 09:26:35,946 INFO  hdfs.DFSUtil (DFSUtil.java:httpServerTemplateForNNAndJN(1641)) - Starting Web-server for hddsDatanode at: http://0.0.0.0:0
2019-06-14 09:26:35,947 INFO  server.AuthenticationFilter (AuthenticationFilter.java:constructSecretProvider(240)) - Unable to initialize FileSignerSecretProvider, falling back to use random secrets.
2019-06-14 09:26:35,948 WARN  http.HttpRequestLog (HttpRequestLog.java:getRequestLog(97)) - Jetty request log can only be enabled using Log4j
2019-06-14 09:26:35,949 INFO  http.HttpServer2 (HttpServer2.java:addGlobalFilter(975)) - Added global filter 'safety' (class=org.apache.hadoop.http.HttpServer2$QuotingInputFilter)
2019-06-14 09:26:35,949 INFO  http.HttpServer2 (HttpServer2.java:addFilter(948)) - Added filter static_user_filter (class=org.apache.hadoop.http.lib.StaticUserWebFilter$StaticUserFilter) to context hddsDatanode
2019-06-14 09:26:35,949 INFO  http.HttpServer2 (HttpServer2.java:addFilter(958)) - Added filter static_user_filter (class=org.apache.hadoop.http.lib.StaticUserWebFilter$StaticUserFilter) to context static
2019-06-14 09:26:35,949 INFO  http.HttpServer2 (HttpServer2.java:addFilter(958)) - Added filter static_user_filter (class=org.apache.hadoop.http.lib.StaticUserWebFilter$StaticUserFilter) to context logs
2019-06-14 09:26:35,950 INFO  http.HttpServer2 (HttpServer2.java:bindListener(1191)) - Jetty bound to port 41161
2019-06-14 09:26:35,950 INFO  server.Server (Server.java:doStart(351)) - jetty-9.3.24.v20180605, build timestamp: 2018-06-05T17:11:56Z, git hash: 84205aa28f11a4f31f2a3b86d1bba2cc8ab69827
2019-06-14 09:26:35,952 INFO  handler.ContextHandler (ContextHandler.java:doStart(781)) - Started o.e.j.s.ServletContextHandler@674da77b{/logs,file:///opt/src/hadoop-ozone/integration-test/target/log,AVAILABLE}
2019-06-14 09:26:35,952 INFO  handler.ContextHandler (ContextHandler.java:doStart(781)) - Started o.e.j.s.ServletContextHandler@6010d0d1{/static,jar:file:/root/.m2/repository/org/apache/hadoop/hadoop-hdds-container-service/0.5.0-SNAPSHOT/hadoop-hdds-container-service-0.5.0-SNAPSHOT.jar!/webapps/static,AVAILABLE}
2019-06-14 09:26:35,973 INFO  handler.ContextHandler (ContextHandler.java:doStart(781)) - Started o.e.j.w.WebAppContext@624b523{/,file:///tmp/jetty-0.0.0.0-41161-hddsDatanode-_-any-7511118278286634779.dir/webapp/,AVAILABLE}{/hddsDatanode}
2019-06-14 09:26:35,973 INFO  server.AbstractConnector (AbstractConnector.java:doStart(278)) - Started ServerConnector@50b46e24{HTTP/1.1,[http/1.1]}{0.0.0.0:41161}
2019-06-14 09:26:35,974 INFO  server.Server (Server.java:doStart(419)) - Started @4385ms
2019-06-14 09:26:35,974 INFO  server.BaseHttpServer (BaseHttpServer.java:updateConnectorAddress(207)) - HTTP server of HDDSDATANODE is listening at http://0.0.0.0:41161
2019-06-14 09:26:36,123 INFO  ozone.HddsDatanodeService (HddsDatanodeService.java:startPlugins(396)) - Started plug-in org.apache.hadoop.ozone.web.OzoneHddsDatanodeService@662be9f7
2019-06-14 09:26:36,123 INFO  impl.MetricsSystemImpl (MetricsSystemImpl.java:init(158)) - HddsDatanode metrics system started (again)
2019-06-14 09:26:36,124 INFO  ozone.HddsDatanodeService (HddsDatanodeService.java:start(185)) - HddsDatanodeService host:ozone-j9z4j-712025750 ip:192.168.134.103
2019-06-14 09:26:36,128 INFO  util.JvmPauseMonitor (JvmPauseMonitor.java:run(188)) - Starting JVM pause monitor
2019-06-14 09:26:36,131 INFO  datanode.InitDatanodeState (InitDatanodeState.java:persistContainerDatanodeDetails(140)) - DatanodeDetails is persisted to /opt/src/hadoop-ozone/integration-test/target/test-dir/MiniOzoneClusterImpl-80abfd4d-faac-4cca-ada4-9fafc84234d6/datanode-2/meta/datanode.id
2019-06-14 09:26:36,134 INFO  volume.HddsVolume (HddsVolume.java:<init>(176)) - Creating Volume: /opt/src/hadoop-ozone/integration-test/target/test-dir/MiniOzoneClusterImpl-80abfd4d-faac-4cca-ada4-9fafc84234d6/datanode-3/data/containers/hdds of  storage type : DISK and capacity : 104021790720
2019-06-14 09:26:36,135 INFO  volume.VolumeSet (VolumeSet.java:initializeVolumeSet(170)) - Added Volume : /opt/src/hadoop-ozone/integration-test/target/test-dir/MiniOzoneClusterImpl-80abfd4d-faac-4cca-ada4-9fafc84234d6/datanode-3/data/containers/hdds to VolumeSet
2019-06-14 09:26:36,135 INFO  volume.ThrottledAsyncChecker (ThrottledAsyncChecker.java:schedule(140)) - Scheduling a check for org.apache.hadoop.ozone.container.common.volume.HddsVolume@2f9dda71
2019-06-14 09:26:36,138 INFO  volume.HddsVolumeChecker (HddsVolumeChecker.java:checkAllVolumes(203)) - Scheduled health check for volume org.apache.hadoop.ozone.container.common.volume.HddsVolume@2f9dda71
2019-06-14 09:26:36,149 INFO  ratis.XceiverServerRatis (XceiverServerRatis.java:newXceiverServerRatis(401)) - Found a free port for the server : 37461
2019-06-14 09:26:36,150 INFO  impl.RaftServerProxy (ConfUtils.java:logGet(43)) - raft.rpc.type = GRPC (default)
2019-06-14 09:26:36,151 INFO  grpc.GrpcConfigKeys$Server (ConfUtils.java:logGet(43)) - raft.grpc.server.port = 37461 (custom)
2019-06-14 09:26:36,151 INFO  server.GrpcService (ConfUtils.java:logGet(43)) - raft.grpc.message.size.max = 33570816 (custom)
2019-06-14 09:26:36,151 INFO  server.RaftServerConfigKeys (ConfUtils.java:logGet(43)) - raft.server.log.appender.buffer.byte-limit = 33554432 (custom)
2019-06-14 09:26:36,151 INFO  server.GrpcService (ConfUtils.java:logGet(43)) - raft.grpc.flow.control.window = 1MB (=1048576) (default)
2019-06-14 09:26:36,151 INFO  server.RaftServerConfigKeys (ConfUtils.java:logGet(43)) - raft.server.rpc.request.timeout = 3000ms (default)
2019-06-14 09:26:36,152 INFO  server.RaftServerConfigKeys (ConfUtils.java:logGet(43)) - raft.server.storage.dir = [/opt/src/hadoop-ozone/integration-test/target/test-dir/MiniOzoneClusterImpl-80abfd4d-faac-4cca-ada4-9fafc84234d6/datanode-3/data/ratis] (custom)
2019-06-14 09:26:36,152 INFO  server.XceiverServerGrpc (XceiverServerGrpc.java:<init>(97)) - Found a free port for the server : 32879
2019-06-14 09:26:36,153 INFO  replication.SimpleContainerDownloader (SimpleContainerDownloader.java:<init>(72)) - Starting container downloader service to copy containers to replicate.
2019-06-14 09:26:36,154 INFO  hdfs.DFSUtil (DFSUtil.java:httpServerTemplateForNNAndJN(1641)) - Starting Web-server for hddsDatanode at: http://0.0.0.0:0
2019-06-14 09:26:36,155 INFO  server.AuthenticationFilter (AuthenticationFilter.java:constructSecretProvider(240)) - Unable to initialize FileSignerSecretProvider, falling back to use random secrets.
2019-06-14 09:26:36,155 WARN  http.HttpRequestLog (HttpRequestLog.java:getRequestLog(97)) - Jetty request log can only be enabled using Log4j
2019-06-14 09:26:36,157 INFO  http.HttpServer2 (HttpServer2.java:addGlobalFilter(975)) - Added global filter 'safety' (class=org.apache.hadoop.http.HttpServer2$QuotingInputFilter)
2019-06-14 09:26:36,157 INFO  http.HttpServer2 (HttpServer2.java:addFilter(948)) - Added filter static_user_filter (class=org.apache.hadoop.http.lib.StaticUserWebFilter$StaticUserFilter) to context hddsDatanode
2019-06-14 09:26:36,158 INFO  http.HttpServer2 (HttpServer2.java:addFilter(958)) - Added filter static_user_filter (class=org.apache.hadoop.http.lib.StaticUserWebFilter$StaticUserFilter) to context static
2019-06-14 09:26:36,158 INFO  http.HttpServer2 (HttpServer2.java:addFilter(958)) - Added filter static_user_filter (class=org.apache.hadoop.http.lib.StaticUserWebFilter$StaticUserFilter) to context logs
2019-06-14 09:26:36,158 INFO  http.HttpServer2 (HttpServer2.java:bindListener(1191)) - Jetty bound to port 38333
2019-06-14 09:26:36,158 INFO  server.Server (Server.java:doStart(351)) - jetty-9.3.24.v20180605, build timestamp: 2018-06-05T17:11:56Z, git hash: 84205aa28f11a4f31f2a3b86d1bba2cc8ab69827
2019-06-14 09:26:36,166 INFO  handler.ContextHandler (ContextHandler.java:doStart(781)) - Started o.e.j.s.ServletContextHandler@1f15e689{/logs,file:///opt/src/hadoop-ozone/integration-test/target/log,AVAILABLE}
2019-06-14 09:26:36,167 INFO  handler.ContextHandler (ContextHandler.java:doStart(781)) - Started o.e.j.s.ServletContextHandler@3ebc955b{/static,jar:file:/root/.m2/repository/org/apache/hadoop/hadoop-hdds-container-service/0.5.0-SNAPSHOT/hadoop-hdds-container-service-0.5.0-SNAPSHOT.jar!/webapps/static,AVAILABLE}
2019-06-14 09:26:36,187 INFO  handler.ContextHandler (ContextHandler.java:doStart(781)) - Started o.e.j.w.WebAppContext@9fe720a{/,file:///tmp/jetty-0.0.0.0-38333-hddsDatanode-_-any-6382865119368499881.dir/webapp/,AVAILABLE}{/hddsDatanode}
2019-06-14 09:26:36,187 INFO  server.AbstractConnector (AbstractConnector.java:doStart(278)) - Started ServerConnector@149274cb{HTTP/1.1,[http/1.1]}{0.0.0.0:38333}
2019-06-14 09:26:36,188 INFO  server.Server (Server.java:doStart(419)) - Started @4600ms
2019-06-14 09:26:36,189 INFO  server.BaseHttpServer (BaseHttpServer.java:updateConnectorAddress(207)) - HTTP server of HDDSDATANODE is listening at http://0.0.0.0:38333
2019-06-14 09:26:36,286 INFO  ozone.HddsDatanodeService (HddsDatanodeService.java:startPlugins(396)) - Started plug-in org.apache.hadoop.ozone.web.OzoneHddsDatanodeService@7aded903
2019-06-14 09:26:36,287 INFO  impl.MetricsSystemImpl (MetricsSystemImpl.java:init(158)) - HddsDatanode metrics system started (again)
2019-06-14 09:26:36,287 INFO  ozone.HddsDatanodeService (HddsDatanodeService.java:start(185)) - HddsDatanodeService host:ozone-j9z4j-712025750 ip:192.168.134.103
2019-06-14 09:26:36,303 INFO  util.JvmPauseMonitor (JvmPauseMonitor.java:run(188)) - Starting JVM pause monitor
2019-06-14 09:26:36,308 INFO  datanode.InitDatanodeState (InitDatanodeState.java:persistContainerDatanodeDetails(140)) - DatanodeDetails is persisted to /opt/src/hadoop-ozone/integration-test/target/test-dir/MiniOzoneClusterImpl-80abfd4d-faac-4cca-ada4-9fafc84234d6/datanode-3/meta/datanode.id
2019-06-14 09:26:36,308 INFO  volume.HddsVolume (HddsVolume.java:<init>(176)) - Creating Volume: /opt/src/hadoop-ozone/integration-test/target/test-dir/MiniOzoneClusterImpl-80abfd4d-faac-4cca-ada4-9fafc84234d6/datanode-4/data/containers/hdds of  storage type : DISK and capacity : 104021790720
2019-06-14 09:26:36,308 INFO  volume.VolumeSet (VolumeSet.java:initializeVolumeSet(170)) - Added Volume : /opt/src/hadoop-ozone/integration-test/target/test-dir/MiniOzoneClusterImpl-80abfd4d-faac-4cca-ada4-9fafc84234d6/datanode-4/data/containers/hdds to VolumeSet
2019-06-14 09:26:36,309 INFO  volume.ThrottledAsyncChecker (ThrottledAsyncChecker.java:schedule(140)) - Scheduling a check for org.apache.hadoop.ozone.container.common.volume.HddsVolume@66f16742
2019-06-14 09:26:36,309 INFO  volume.HddsVolumeChecker (HddsVolumeChecker.java:checkAllVolumes(203)) - Scheduled health check for volume org.apache.hadoop.ozone.container.common.volume.HddsVolume@66f16742
2019-06-14 09:26:36,318 INFO  ratis.XceiverServerRatis (XceiverServerRatis.java:newXceiverServerRatis(401)) - Found a free port for the server : 42357
2019-06-14 09:26:36,319 INFO  impl.RaftServerProxy (ConfUtils.java:logGet(43)) - raft.rpc.type = GRPC (default)
2019-06-14 09:26:36,319 INFO  grpc.GrpcConfigKeys$Server (ConfUtils.java:logGet(43)) - raft.grpc.server.port = 42357 (custom)
2019-06-14 09:26:36,319 INFO  server.GrpcService (ConfUtils.java:logGet(43)) - raft.grpc.message.size.max = 33570816 (custom)
2019-06-14 09:26:36,319 INFO  server.RaftServerConfigKeys (ConfUtils.java:logGet(43)) - raft.server.log.appender.buffer.byte-limit = 33554432 (custom)
2019-06-14 09:26:36,320 INFO  server.GrpcService (ConfUtils.java:logGet(43)) - raft.grpc.flow.control.window = 1MB (=1048576) (default)
2019-06-14 09:26:36,320 INFO  server.RaftServerConfigKeys (ConfUtils.java:logGet(43)) - raft.server.rpc.request.timeout = 3000ms (default)
2019-06-14 09:26:36,320 INFO  server.RaftServerConfigKeys (ConfUtils.java:logGet(43)) - raft.server.storage.dir = [/opt/src/hadoop-ozone/integration-test/target/test-dir/MiniOzoneClusterImpl-80abfd4d-faac-4cca-ada4-9fafc84234d6/datanode-4/data/ratis] (custom)
2019-06-14 09:26:36,320 INFO  server.XceiverServerGrpc (XceiverServerGrpc.java:<init>(97)) - Found a free port for the server : 36135
2019-06-14 09:26:36,321 INFO  replication.SimpleContainerDownloader (SimpleContainerDownloader.java:<init>(72)) - Starting container downloader service to copy containers to replicate.
2019-06-14 09:26:36,321 INFO  hdfs.DFSUtil (DFSUtil.java:httpServerTemplateForNNAndJN(1641)) - Starting Web-server for hddsDatanode at: http://0.0.0.0:0
2019-06-14 09:26:36,322 INFO  server.AuthenticationFilter (AuthenticationFilter.java:constructSecretProvider(240)) - Unable to initialize FileSignerSecretProvider, falling back to use random secrets.
2019-06-14 09:26:36,323 WARN  http.HttpRequestLog (HttpRequestLog.java:getRequestLog(97)) - Jetty request log can only be enabled using Log4j
2019-06-14 09:26:36,324 INFO  http.HttpServer2 (HttpServer2.java:addGlobalFilter(975)) - Added global filter 'safety' (class=org.apache.hadoop.http.HttpServer2$QuotingInputFilter)
2019-06-14 09:26:36,324 INFO  http.HttpServer2 (HttpServer2.java:addFilter(948)) - Added filter static_user_filter (class=org.apache.hadoop.http.lib.StaticUserWebFilter$StaticUserFilter) to context hddsDatanode
2019-06-14 09:26:36,324 INFO  http.HttpServer2 (HttpServer2.java:addFilter(958)) - Added filter static_user_filter (class=org.apache.hadoop.http.lib.StaticUserWebFilter$StaticUserFilter) to context logs
2019-06-14 09:26:36,324 INFO  http.HttpServer2 (HttpServer2.java:addFilter(958)) - Added filter static_user_filter (class=org.apache.hadoop.http.lib.StaticUserWebFilter$StaticUserFilter) to context static
2019-06-14 09:26:36,325 INFO  http.HttpServer2 (HttpServer2.java:bindListener(1191)) - Jetty bound to port 45003
2019-06-14 09:26:36,325 INFO  server.Server (Server.java:doStart(351)) - jetty-9.3.24.v20180605, build timestamp: 2018-06-05T17:11:56Z, git hash: 84205aa28f11a4f31f2a3b86d1bba2cc8ab69827
2019-06-14 09:26:36,336 INFO  handler.ContextHandler (ContextHandler.java:doStart(781)) - Started o.e.j.s.ServletContextHandler@4ef18604{/logs,file:///opt/src/hadoop-ozone/integration-test/target/log,AVAILABLE}
2019-06-14 09:26:36,337 INFO  handler.ContextHandler (ContextHandler.java:doStart(781)) - Started o.e.j.s.ServletContextHandler@16cf8438{/static,jar:file:/root/.m2/repository/org/apache/hadoop/hadoop-hdds-container-service/0.5.0-SNAPSHOT/hadoop-hdds-container-service-0.5.0-SNAPSHOT.jar!/webapps/static,AVAILABLE}
2019-06-14 09:26:36,365 INFO  handler.ContextHandler (ContextHandler.java:doStart(781)) - Started o.e.j.w.WebAppContext@2ca3d826{/,file:///tmp/jetty-0.0.0.0-45003-hddsDatanode-_-any-8269000414507769007.dir/webapp/,AVAILABLE}{/hddsDatanode}
2019-06-14 09:26:36,366 INFO  server.AbstractConnector (AbstractConnector.java:doStart(278)) - Started ServerConnector@5d194314{HTTP/1.1,[http/1.1]}{0.0.0.0:45003}
2019-06-14 09:26:36,367 INFO  server.Server (Server.java:doStart(419)) - Started @4779ms
2019-06-14 09:26:36,368 INFO  server.BaseHttpServer (BaseHttpServer.java:updateConnectorAddress(207)) - HTTP server of HDDSDATANODE is listening at http://0.0.0.0:45003
2019-06-14 09:26:36,479 INFO  ozone.HddsDatanodeService (HddsDatanodeService.java:startPlugins(396)) - Started plug-in org.apache.hadoop.ozone.web.OzoneHddsDatanodeService@454bcbbf
2019-06-14 09:26:36,479 INFO  impl.MetricsSystemImpl (MetricsSystemImpl.java:init(158)) - HddsDatanode metrics system started (again)
2019-06-14 09:26:36,480 INFO  ozone.HddsDatanodeService (HddsDatanodeService.java:start(185)) - HddsDatanodeService host:ozone-j9z4j-712025750 ip:192.168.134.103
2019-06-14 09:26:36,490 INFO  util.JvmPauseMonitor (JvmPauseMonitor.java:run(188)) - Starting JVM pause monitor
2019-06-14 09:26:36,494 INFO  volume.HddsVolume (HddsVolume.java:<init>(176)) - Creating Volume: /opt/src/hadoop-ozone/integration-test/target/test-dir/MiniOzoneClusterImpl-80abfd4d-faac-4cca-ada4-9fafc84234d6/datanode-5/data/containers/hdds of  storage type : DISK and capacity : 104021790720
2019-06-14 09:26:36,494 INFO  volume.VolumeSet (VolumeSet.java:initializeVolumeSet(170)) - Added Volume : /opt/src/hadoop-ozone/integration-test/target/test-dir/MiniOzoneClusterImpl-80abfd4d-faac-4cca-ada4-9fafc84234d6/datanode-5/data/containers/hdds to VolumeSet
2019-06-14 09:26:36,494 INFO  volume.ThrottledAsyncChecker (ThrottledAsyncChecker.java:schedule(140)) - Scheduling a check for org.apache.hadoop.ozone.container.common.volume.HddsVolume@7ea42c82
2019-06-14 09:26:36,495 INFO  datanode.InitDatanodeState (InitDatanodeState.java:persistContainerDatanodeDetails(140)) - DatanodeDetails is persisted to /opt/src/hadoop-ozone/integration-test/target/test-dir/MiniOzoneClusterImpl-80abfd4d-faac-4cca-ada4-9fafc84234d6/datanode-4/meta/datanode.id
2019-06-14 09:26:36,498 INFO  volume.HddsVolumeChecker (HddsVolumeChecker.java:checkAllVolumes(203)) - Scheduled health check for volume org.apache.hadoop.ozone.container.common.volume.HddsVolume@7ea42c82
2019-06-14 09:26:36,509 INFO  ratis.XceiverServerRatis (XceiverServerRatis.java:newXceiverServerRatis(401)) - Found a free port for the server : 32987
2019-06-14 09:26:36,510 INFO  impl.RaftServerProxy (ConfUtils.java:logGet(43)) - raft.rpc.type = GRPC (default)
2019-06-14 09:26:36,510 INFO  grpc.GrpcConfigKeys$Server (ConfUtils.java:logGet(43)) - raft.grpc.server.port = 32987 (custom)
2019-06-14 09:26:36,510 INFO  server.GrpcService (ConfUtils.java:logGet(43)) - raft.grpc.message.size.max = 33570816 (custom)
2019-06-14 09:26:36,510 INFO  server.RaftServerConfigKeys (ConfUtils.java:logGet(43)) - raft.server.log.appender.buffer.byte-limit = 33554432 (custom)
2019-06-14 09:26:36,511 INFO  server.GrpcService (ConfUtils.java:logGet(43)) - raft.grpc.flow.control.window = 1MB (=1048576) (default)
2019-06-14 09:26:36,511 INFO  server.RaftServerConfigKeys (ConfUtils.java:logGet(43)) - raft.server.rpc.request.timeout = 3000ms (default)
2019-06-14 09:26:36,511 INFO  server.RaftServerConfigKeys (ConfUtils.java:logGet(43)) - raft.server.storage.dir = [/opt/src/hadoop-ozone/integration-test/target/test-dir/MiniOzoneClusterImpl-80abfd4d-faac-4cca-ada4-9fafc84234d6/datanode-5/data/ratis] (custom)
2019-06-14 09:26:36,511 INFO  server.XceiverServerGrpc (XceiverServerGrpc.java:<init>(97)) - Found a free port for the server : 34915
2019-06-14 09:26:36,512 INFO  replication.SimpleContainerDownloader (SimpleContainerDownloader.java:<init>(72)) - Starting container downloader service to copy containers to replicate.
2019-06-14 09:26:36,513 INFO  hdfs.DFSUtil (DFSUtil.java:httpServerTemplateForNNAndJN(1641)) - Starting Web-server for hddsDatanode at: http://0.0.0.0:0
2019-06-14 09:26:36,513 INFO  server.AuthenticationFilter (AuthenticationFilter.java:constructSecretProvider(240)) - Unable to initialize FileSignerSecretProvider, falling back to use random secrets.
2019-06-14 09:26:36,514 WARN  http.HttpRequestLog (HttpRequestLog.java:getRequestLog(97)) - Jetty request log can only be enabled using Log4j
2019-06-14 09:26:36,515 INFO  http.HttpServer2 (HttpServer2.java:addGlobalFilter(975)) - Added global filter 'safety' (class=org.apache.hadoop.http.HttpServer2$QuotingInputFilter)
2019-06-14 09:26:36,515 INFO  http.HttpServer2 (HttpServer2.java:addFilter(948)) - Added filter static_user_filter (class=org.apache.hadoop.http.lib.StaticUserWebFilter$StaticUserFilter) to context hddsDatanode
2019-06-14 09:26:36,515 INFO  http.HttpServer2 (HttpServer2.java:addFilter(958)) - Added filter static_user_filter (class=org.apache.hadoop.http.lib.StaticUserWebFilter$StaticUserFilter) to context static
2019-06-14 09:26:36,516 INFO  http.HttpServer2 (HttpServer2.java:addFilter(958)) - Added filter static_user_filter (class=org.apache.hadoop.http.lib.StaticUserWebFilter$StaticUserFilter) to context logs
2019-06-14 09:26:36,516 INFO  http.HttpServer2 (HttpServer2.java:bindListener(1191)) - Jetty bound to port 41903
2019-06-14 09:26:36,516 INFO  server.Server (Server.java:doStart(351)) - jetty-9.3.24.v20180605, build timestamp: 2018-06-05T17:11:56Z, git hash: 84205aa28f11a4f31f2a3b86d1bba2cc8ab69827
2019-06-14 09:26:36,519 INFO  handler.ContextHandler (ContextHandler.java:doStart(781)) - Started o.e.j.s.ServletContextHandler@58a7dc4{/logs,file:///opt/src/hadoop-ozone/integration-test/target/log,AVAILABLE}
2019-06-14 09:26:36,519 INFO  handler.ContextHandler (ContextHandler.java:doStart(781)) - Started o.e.j.s.ServletContextHandler@27f71195{/static,jar:file:/root/.m2/repository/org/apache/hadoop/hadoop-hdds-container-service/0.5.0-SNAPSHOT/hadoop-hdds-container-service-0.5.0-SNAPSHOT.jar!/webapps/static,AVAILABLE}
2019-06-14 09:26:36,539 INFO  handler.ContextHandler (ContextHandler.java:doStart(781)) - Started o.e.j.w.WebAppContext@26b3c9a2{/,file:///tmp/jetty-0.0.0.0-41903-hddsDatanode-_-any-5969851971942579476.dir/webapp/,AVAILABLE}{/hddsDatanode}
2019-06-14 09:26:36,539 INFO  server.AbstractConnector (AbstractConnector.java:doStart(278)) - Started ServerConnector@241b971f{HTTP/1.1,[http/1.1]}{0.0.0.0:41903}
2019-06-14 09:26:36,540 INFO  server.Server (Server.java:doStart(419)) - Started @4951ms
2019-06-14 09:26:36,541 INFO  server.BaseHttpServer (BaseHttpServer.java:updateConnectorAddress(207)) - HTTP server of HDDSDATANODE is listening at http://0.0.0.0:41903
2019-06-14 09:26:36,649 INFO  ozone.HddsDatanodeService (HddsDatanodeService.java:startPlugins(396)) - Started plug-in org.apache.hadoop.ozone.web.OzoneHddsDatanodeService@693f2213
2019-06-14 09:26:36,659 INFO  ozone.MiniOzoneClusterImpl (MiniOzoneClusterImpl.java:lambda$waitForClusterToBeReady$0(142)) - Waiting for cluster to be ready. Got 0 of 6 DN Heartbeats.
2019-06-14 09:26:36,660 INFO  util.JvmPauseMonitor (JvmPauseMonitor.java:run(188)) - Starting JVM pause monitor
2019-06-14 09:26:36,661 INFO  datanode.InitDatanodeState (InitDatanodeState.java:persistContainerDatanodeDetails(140)) - DatanodeDetails is persisted to /opt/src/hadoop-ozone/integration-test/target/test-dir/MiniOzoneClusterImpl-80abfd4d-faac-4cca-ada4-9fafc84234d6/datanode-5/meta/datanode.id
2019-06-14 09:26:37,659 INFO  ozone.MiniOzoneClusterImpl (MiniOzoneClusterImpl.java:lambda$waitForClusterToBeReady$0(142)) - Waiting for cluster to be ready. Got 0 of 6 DN Heartbeats.
2019-06-14 09:26:37,734 INFO  ozoneimpl.OzoneContainer (OzoneContainer.java:start(186)) - Attempting to start container services.
2019-06-14 09:26:37,734 INFO  ozoneimpl.OzoneContainer (OzoneContainer.java:startContainerScrub(160)) - Background container scrubber has been disabled by hdds.containerscrub.enabled
2019-06-14 09:26:37,734 INFO  ratis.XceiverServerRatis (XceiverServerRatis.java:start(418)) - Starting XceiverServerRatis 137a3d69-75fe-4559-9cd3-eefeec23dc9c at port 33187
2019-06-14 09:26:37,846 INFO  impl.RaftServerProxy (RaftServerProxy.java:lambda$start$3(299)) - 137a3d69-75fe-4559-9cd3-eefeec23dc9c: start RPC server
2019-06-14 09:26:37,931 INFO  ozoneimpl.OzoneContainer (OzoneContainer.java:start(186)) - Attempting to start container services.
2019-06-14 09:26:37,935 INFO  ozoneimpl.OzoneContainer (OzoneContainer.java:startContainerScrub(160)) - Background container scrubber has been disabled by hdds.containerscrub.enabled
2019-06-14 09:26:37,935 INFO  ratis.XceiverServerRatis (XceiverServerRatis.java:start(418)) - Starting XceiverServerRatis 4ebab438-e752-420d-bd3d-a089bab95497 at port 34507
2019-06-14 09:26:37,991 INFO  impl.RaftServerProxy (RaftServerProxy.java:lambda$start$3(299)) - 4ebab438-e752-420d-bd3d-a089bab95497: start RPC server
2019-06-14 09:26:38,013 INFO  server.GrpcService (GrpcService.java:startImpl(148)) - 4ebab438-e752-420d-bd3d-a089bab95497: GrpcService started, listening on 0.0.0.0/0.0.0.0:34507
2019-06-14 09:26:38,013 INFO  server.GrpcService (GrpcService.java:startImpl(148)) - 137a3d69-75fe-4559-9cd3-eefeec23dc9c: GrpcService started, listening on 0.0.0.0/0.0.0.0:33187
2019-06-14 09:26:38,133 INFO  ozoneimpl.OzoneContainer (OzoneContainer.java:start(186)) - Attempting to start container services.
2019-06-14 09:26:38,134 INFO  ozoneimpl.OzoneContainer (OzoneContainer.java:startContainerScrub(160)) - Background container scrubber has been disabled by hdds.containerscrub.enabled
2019-06-14 09:26:38,134 INFO  ratis.XceiverServerRatis (XceiverServerRatis.java:start(418)) - Starting XceiverServerRatis 6a374a49-46bc-4cb8-948f-dd9cee960a77 at port 43697
2019-06-14 09:26:38,139 INFO  impl.RaftServerProxy (RaftServerProxy.java:lambda$start$3(299)) - 6a374a49-46bc-4cb8-948f-dd9cee960a77: start RPC server
2019-06-14 09:26:38,141 INFO  server.GrpcService (GrpcService.java:startImpl(148)) - 6a374a49-46bc-4cb8-948f-dd9cee960a77: GrpcService started, listening on 0.0.0.0/0.0.0.0:43697
2019-06-14 09:26:38,305 INFO  ozoneimpl.OzoneContainer (OzoneContainer.java:start(186)) - Attempting to start container services.
2019-06-14 09:26:38,307 INFO  ozoneimpl.OzoneContainer (OzoneContainer.java:startContainerScrub(160)) - Background container scrubber has been disabled by hdds.containerscrub.enabled
2019-06-14 09:26:38,307 INFO  ratis.XceiverServerRatis (XceiverServerRatis.java:start(418)) - Starting XceiverServerRatis 105ac101-2f2e-49c6-aa53-34202b6ce7c2 at port 37461
2019-06-14 09:26:38,312 INFO  impl.RaftServerProxy (RaftServerProxy.java:lambda$start$3(299)) - 105ac101-2f2e-49c6-aa53-34202b6ce7c2: start RPC server
2019-06-14 09:26:38,313 INFO  server.GrpcService (GrpcService.java:startImpl(148)) - 105ac101-2f2e-49c6-aa53-34202b6ce7c2: GrpcService started, listening on 0.0.0.0/0.0.0.0:37461
2019-06-14 09:26:38,493 INFO  ozoneimpl.OzoneContainer (OzoneContainer.java:start(186)) - Attempting to start container services.
2019-06-14 09:26:38,495 INFO  ozoneimpl.OzoneContainer (OzoneContainer.java:startContainerScrub(160)) - Background container scrubber has been disabled by hdds.containerscrub.enabled
2019-06-14 09:26:38,495 INFO  ratis.XceiverServerRatis (XceiverServerRatis.java:start(418)) - Starting XceiverServerRatis ebdb340b-c8ae-4a67-9184-619ea52d881e at port 42357
2019-06-14 09:26:38,499 INFO  impl.RaftServerProxy (RaftServerProxy.java:lambda$start$3(299)) - ebdb340b-c8ae-4a67-9184-619ea52d881e: start RPC server
2019-06-14 09:26:38,501 INFO  server.GrpcService (GrpcService.java:startImpl(148)) - ebdb340b-c8ae-4a67-9184-619ea52d881e: GrpcService started, listening on 0.0.0.0/0.0.0.0:42357
2019-06-14 09:26:38,659 INFO  ozone.MiniOzoneClusterImpl (MiniOzoneClusterImpl.java:lambda$waitForClusterToBeReady$0(142)) - Waiting for cluster to be ready. Got 0 of 6 DN Heartbeats.
2019-06-14 09:26:38,664 INFO  ozoneimpl.OzoneContainer (OzoneContainer.java:start(186)) - Attempting to start container services.
2019-06-14 09:26:38,666 INFO  ozoneimpl.OzoneContainer (OzoneContainer.java:startContainerScrub(160)) - Background container scrubber has been disabled by hdds.containerscrub.enabled
2019-06-14 09:26:38,666 INFO  ratis.XceiverServerRatis (XceiverServerRatis.java:start(418)) - Starting XceiverServerRatis 32f225e7-4f2f-4d89-8c5b-d077f8dd08c3 at port 32987
2019-06-14 09:26:38,669 INFO  impl.RaftServerProxy (RaftServerProxy.java:lambda$start$3(299)) - 32f225e7-4f2f-4d89-8c5b-d077f8dd08c3: start RPC server
2019-06-14 09:26:38,671 INFO  server.GrpcService (GrpcService.java:startImpl(148)) - 32f225e7-4f2f-4d89-8c5b-d077f8dd08c3: GrpcService started, listening on 0.0.0.0/0.0.0.0:32987
2019-06-14 09:26:39,660 INFO  ozone.MiniOzoneClusterImpl (MiniOzoneClusterImpl.java:lambda$waitForClusterToBeReady$0(142)) - Waiting for cluster to be ready. Got 0 of 6 DN Heartbeats.
2019-06-14 09:26:39,729 INFO  node.SCMNodeManager (SCMNodeManager.java:register(234)) - Registered Data node : 137a3d69-75fe-4559-9cd3-eefeec23dc9c{ip: 192.168.134.103, host: ozone-j9z4j-712025750, networkLocation: /default-rack, certSerialId: null}
2019-06-14 09:26:39,733 INFO  safemode.SCMSafeModeManager (DataNodeSafeModeRule.java:process(71)) - SCM in safe mode. 1 DataNodes registered, 1 required.
2019-06-14 09:26:39,733 INFO  safemode.SCMSafeModeManager (SCMSafeModeManager.java:validateSafeModeExitRules(177)) - ScmSafeModeManager, all rules are successfully validated
2019-06-14 09:26:39,733 INFO  safemode.SCMSafeModeManager (SCMSafeModeManager.java:exitSafeMode(193)) - SCM exiting safe mode.
2019-06-14 09:26:39,922 INFO  node.SCMNodeManager (SCMNodeManager.java:register(234)) - Registered Data node : 4ebab438-e752-420d-bd3d-a089bab95497{ip: 192.168.134.103, host: ozone-j9z4j-712025750, networkLocation: /default-rack, certSerialId: null}
2019-06-14 09:26:40,084 INFO  impl.RaftServerProxy (RaftServerProxy.java:addNew(89)) - 137a3d69-75fe-4559-9cd3-eefeec23dc9c: addNew group-E0794B5D7AE8:[137a3d69-75fe-4559-9cd3-eefeec23dc9c:192.168.134.103:33187] returns group-E0794B5D7AE8:java.util.concurrent.CompletableFuture@1664ea96[Not completed]
2019-06-14 09:26:40,089 INFO  impl.RaftServerImpl (RaftServerImpl.java:<init>(91)) - 137a3d69-75fe-4559-9cd3-eefeec23dc9c: new RaftServerImpl for group-E0794B5D7AE8:[137a3d69-75fe-4559-9cd3-eefeec23dc9c:192.168.134.103:33187] with ContainerStateMachine:uninitialized
2019-06-14 09:26:40,090 INFO  server.RaftServerConfigKeys (ConfUtils.java:logGet(43)) - raft.server.rpc.timeout.min = 1s (custom)
2019-06-14 09:26:40,091 INFO  server.RaftServerConfigKeys (ConfUtils.java:logGet(43)) - raft.server.rpc.timeout.max = 1200ms (custom)
2019-06-14 09:26:40,091 INFO  server.RaftServerConfigKeys (ConfUtils.java:logGet(43)) - raft.server.rpcslowness.timeout = 10s (custom)
2019-06-14 09:26:40,092 INFO  server.RaftServerConfigKeys (ConfUtils.java:logGet(43)) - raft.server.log.appender.install.snapshot.enabled = true (default)
2019-06-14 09:26:40,098 INFO  impl.RaftServerImpl (ServerState.java:<init>(101)) - 137a3d69-75fe-4559-9cd3-eefeec23dc9c:group-E0794B5D7AE8 ConfigurationManager, init=-1: [137a3d69-75fe-4559-9cd3-eefeec23dc9c:192.168.134.103:33187], old=null, confs=<EMPTY_MAP>
2019-06-14 09:26:40,098 INFO  server.RaftServerConfigKeys (ConfUtils.java:logGet(43)) - raft.server.storage.dir = [/opt/src/hadoop-ozone/integration-test/target/test-dir/MiniOzoneClusterImpl-80abfd4d-faac-4cca-ada4-9fafc84234d6/datanode-0/data/ratis] (custom)
2019-06-14 09:26:40,104 INFO  storage.RaftStorageDirectory (RaftStorageDirectory.java:analyzeStorage(246)) - The storage directory /opt/src/hadoop-ozone/integration-test/target/test-dir/MiniOzoneClusterImpl-80abfd4d-faac-4cca-ada4-9fafc84234d6/datanode-0/data/ratis/c2cb348b-411c-4edf-a372-e0794b5d7ae8 does not exist. Creating ...
2019-06-14 09:26:40,109 INFO  storage.RaftStorageDirectory (RaftStorageDirectory.java:tryLock(328)) - Lock on /opt/src/hadoop-ozone/integration-test/target/test-dir/MiniOzoneClusterImpl-80abfd4d-faac-4cca-ada4-9fafc84234d6/datanode-0/data/ratis/c2cb348b-411c-4edf-a372-e0794b5d7ae8/in_use.lock acquired by nodename 10169@ozone-j9z4j-712025750
2019-06-14 09:26:40,112 INFO  storage.RaftStorage (RaftStorage.java:format(75)) - Storage directory /opt/src/hadoop-ozone/integration-test/target/test-dir/MiniOzoneClusterImpl-80abfd4d-faac-4cca-ada4-9fafc84234d6/datanode-0/data/ratis/c2cb348b-411c-4edf-a372-e0794b5d7ae8 has been successfully formatted.
2019-06-14 09:26:40,113 INFO  ratis.ContainerStateMachine (ContainerStateMachine.java:loadSnapshot(199)) - The snapshot info is null.Setting the last applied index to:(t:0, i:~)
2019-06-14 09:26:40,113 INFO  server.RaftServerConfigKeys (ConfUtils.java:logGet(43)) - raft.server.leader.election.timeout = 10s (custom)
2019-06-14 09:26:40,115 INFO  server.RaftServerConfigKeys (ConfUtils.java:logGet(43)) - raft.server.log.use.memory = false (default)
2019-06-14 09:26:40,116 INFO  server.RaftServerConfigKeys (ConfUtils.java:logGet(43)) - raft.server.log.appender.buffer.byte-limit = 33554432 (custom)
2019-06-14 09:26:40,119 INFO  server.RaftServerConfigKeys (ConfUtils.java:logGet(43)) - raft.server.log.segment.size.max = 16384 (custom)
2019-06-14 09:26:40,233 INFO  node.SCMNodeManager (SCMNodeManager.java:register(234)) - Registered Data node : 6a374a49-46bc-4cb8-948f-dd9cee960a77{ip: 192.168.134.103, host: ozone-j9z4j-712025750, networkLocation: /default-rack, certSerialId: null}
2019-06-14 09:26:40,234 INFO  server.RaftServerConfigKeys (ConfUtils.java:logGet(43)) - raft.server.log.segment.cache.num.max = 2 (custom)
2019-06-14 09:26:40,237 INFO  storage.RaftLogWorker (RaftLogWorker.java:<init>(123)) - new 137a3d69-75fe-4559-9cd3-eefeec23dc9c-RaftLogWorker for Storage Directory /opt/src/hadoop-ozone/integration-test/target/test-dir/MiniOzoneClusterImpl-80abfd4d-faac-4cca-ada4-9fafc84234d6/datanode-0/data/ratis/c2cb348b-411c-4edf-a372-e0794b5d7ae8
2019-06-14 09:26:40,237 INFO  server.RaftServerConfigKeys (ConfUtils.java:logGet(43)) - raft.server.log.queue.byte-limit = 2147483647 (custom)
2019-06-14 09:26:40,238 INFO  server.RaftServerConfigKeys (ConfUtils.java:logGet(43)) - raft.server.log.queue.element-limit = 1024 (custom)
2019-06-14 09:26:40,239 INFO  server.RaftServerConfigKeys (ConfUtils.java:logGet(43)) - raft.server.log.segment.size.max = 16384 (custom)
2019-06-14 09:26:40,240 INFO  server.RaftServerConfigKeys (ConfUtils.java:logGet(43)) - raft.server.log.preallocated.size = 16384 (custom)
2019-06-14 09:26:40,240 INFO  server.RaftServerConfigKeys (ConfUtils.java:logGet(43)) - raft.server.log.write.buffer.size = 33554432 (custom)
2019-06-14 09:26:40,240 INFO  server.RaftServerConfigKeys (ConfUtils.java:logGet(43)) - raft.server.log.force.sync.num = 128 (default)
2019-06-14 09:26:40,241 INFO  server.RaftServerConfigKeys (ConfUtils.java:logGet(43)) - raft.server.log.statemachine.data.sync = true (default)
2019-06-14 09:26:40,241 INFO  server.RaftServerConfigKeys (ConfUtils.java:logGet(43)) - raft.server.log.statemachine.data.sync.timeout = 10s (default)
2019-06-14 09:26:40,242 INFO  server.RaftServerConfigKeys (ConfUtils.java:logGet(43)) - raft.server.log.statemachine.data.sync.timeout.retry = -1 (default)
2019-06-14 09:26:40,244 INFO  server.RaftServerConfigKeys (ConfUtils.java:logGet(43)) - raft.server.log.statemachine.data.caching.enabled = true (custom)
2019-06-14 09:26:40,250 INFO  server.RaftServerConfigKeys (ConfUtils.java:logGet(43)) - raft.server.snapshot.auto.trigger.enabled = true (custom)
2019-06-14 09:26:40,251 INFO  server.RaftServerConfigKeys (ConfUtils.java:logGet(43)) - raft.server.snapshot.auto.trigger.threshold = 10000 (custom)
2019-06-14 09:26:40,251 INFO  server.RaftServerConfigKeys (ConfUtils.java:logGet(43)) - raft.server.retrycache.expirytime = 600000ms (custom)
2019-06-14 09:26:40,265 INFO  impl.RaftServerImpl (RaftServerImpl.java:start(173)) - 137a3d69-75fe-4559-9cd3-eefeec23dc9c: start group-E0794B5D7AE8
2019-06-14 09:26:40,266 INFO  impl.RaftServerImpl (RaftServerImpl.java:setRole(164)) - 137a3d69-75fe-4559-9cd3-eefeec23dc9c:group-E0794B5D7AE8 changes role from null to FOLLOWER at term 0 for startAsFollower
2019-06-14 09:26:40,267 INFO  impl.RoleInfo (RoleInfo.java:updateAndGet(143)) - 137a3d69-75fe-4559-9cd3-eefeec23dc9c: start FollowerState
2019-06-14 09:26:40,268 INFO  util.JmxRegister (JmxRegister.java:tryRegister(44)) - Successfully registered JMX Bean with object name Ratis:service=RaftServer,group=group-E0794B5D7AE8,id=137a3d69-75fe-4559-9cd3-eefeec23dc9c
2019-06-14 09:26:40,304 INFO  node.SCMNodeManager (SCMNodeManager.java:register(234)) - Registered Data node : 105ac101-2f2e-49c6-aa53-34202b6ce7c2{ip: 192.168.134.103, host: ozone-j9z4j-712025750, networkLocation: /default-rack, certSerialId: null}
2019-06-14 09:26:40,312 INFO  pipeline.PipelineStateManager (PipelineStateManager.java:addPipeline(56)) - Created pipeline Pipeline[ Id: c2cb348b-411c-4edf-a372-e0794b5d7ae8, Nodes: 137a3d69-75fe-4559-9cd3-eefeec23dc9c{ip: 192.168.134.103, host: ozone-j9z4j-712025750, networkLocation: /default-rack, certSerialId: null}, Type:RATIS, Factor:ONE, State:OPEN]
2019-06-14 09:26:40,331 INFO  impl.RaftServerProxy (RaftServerProxy.java:addNew(89)) - 4ebab438-e752-420d-bd3d-a089bab95497: addNew group-FA23A3CC534C:[4ebab438-e752-420d-bd3d-a089bab95497:192.168.134.103:34507] returns group-FA23A3CC534C:java.util.concurrent.CompletableFuture@2ab8bfe2[Not completed]
2019-06-14 09:26:40,331 INFO  impl.RaftServerImpl (RaftServerImpl.java:<init>(91)) - 4ebab438-e752-420d-bd3d-a089bab95497: new RaftServerImpl for group-FA23A3CC534C:[4ebab438-e752-420d-bd3d-a089bab95497:192.168.134.103:34507] with ContainerStateMachine:uninitialized
2019-06-14 09:26:40,332 INFO  server.RaftServerConfigKeys (ConfUtils.java:logGet(43)) - raft.server.rpc.timeout.min = 1s (custom)
2019-06-14 09:26:40,332 INFO  server.RaftServerConfigKeys (ConfUtils.java:logGet(43)) - raft.server.rpc.timeout.max = 1200ms (custom)
2019-06-14 09:26:40,333 INFO  server.RaftServerConfigKeys (ConfUtils.java:logGet(43)) - raft.server.rpcslowness.timeout = 10s (custom)
2019-06-14 09:26:40,333 INFO  server.RaftServerConfigKeys (ConfUtils.java:logGet(43)) - raft.server.log.appender.install.snapshot.enabled = true (default)
2019-06-14 09:26:40,333 INFO  impl.RaftServerImpl (ServerState.java:<init>(101)) - 4ebab438-e752-420d-bd3d-a089bab95497:group-FA23A3CC534C ConfigurationManager, init=-1: [4ebab438-e752-420d-bd3d-a089bab95497:192.168.134.103:34507], old=null, confs=<EMPTY_MAP>
2019-06-14 09:26:40,333 INFO  server.RaftServerConfigKeys (ConfUtils.java:logGet(43)) - raft.server.storage.dir = [/opt/src/hadoop-ozone/integration-test/target/test-dir/MiniOzoneClusterImpl-80abfd4d-faac-4cca-ada4-9fafc84234d6/datanode-1/data/ratis] (custom)
2019-06-14 09:26:40,333 INFO  storage.RaftStorageDirectory (RaftStorageDirectory.java:analyzeStorage(246)) - The storage directory /opt/src/hadoop-ozone/integration-test/target/test-dir/MiniOzoneClusterImpl-80abfd4d-faac-4cca-ada4-9fafc84234d6/datanode-1/data/ratis/02a6e269-2178-44ae-aec9-fa23a3cc534c does not exist. Creating ...
2019-06-14 09:26:40,335 INFO  storage.RaftStorageDirectory (RaftStorageDirectory.java:tryLock(328)) - Lock on /opt/src/hadoop-ozone/integration-test/target/test-dir/MiniOzoneClusterImpl-80abfd4d-faac-4cca-ada4-9fafc84234d6/datanode-1/data/ratis/02a6e269-2178-44ae-aec9-fa23a3cc534c/in_use.lock acquired by nodename 10169@ozone-j9z4j-712025750
2019-06-14 09:26:40,338 INFO  storage.RaftStorage (RaftStorage.java:format(75)) - Storage directory /opt/src/hadoop-ozone/integration-test/target/test-dir/MiniOzoneClusterImpl-80abfd4d-faac-4cca-ada4-9fafc84234d6/datanode-1/data/ratis/02a6e269-2178-44ae-aec9-fa23a3cc534c has been successfully formatted.
2019-06-14 09:26:40,338 INFO  ratis.ContainerStateMachine (ContainerStateMachine.java:loadSnapshot(199)) - The snapshot info is null.Setting the last applied index to:(t:0, i:~)
2019-06-14 09:26:40,338 INFO  server.RaftServerConfigKeys (ConfUtils.java:logGet(43)) - raft.server.leader.election.timeout = 10s (custom)
2019-06-14 09:26:40,338 INFO  server.RaftServerConfigKeys (ConfUtils.java:logGet(43)) - raft.server.log.use.memory = false (default)
2019-06-14 09:26:40,338 INFO  server.RaftServerConfigKeys (ConfUtils.java:logGet(43)) - raft.server.log.appender.buffer.byte-limit = 33554432 (custom)
2019-06-14 09:26:40,338 INFO  server.RaftServerConfigKeys (ConfUtils.java:logGet(43)) - raft.server.log.segment.size.max = 16384 (custom)
2019-06-14 09:26:40,339 INFO  server.RaftServerConfigKeys (ConfUtils.java:logGet(43)) - raft.server.log.segment.cache.num.max = 2 (custom)
2019-06-14 09:26:40,339 INFO  storage.RaftLogWorker (RaftLogWorker.java:<init>(123)) - new 4ebab438-e752-420d-bd3d-a089bab95497-RaftLogWorker for Storage Directory /opt/src/hadoop-ozone/integration-test/target/test-dir/MiniOzoneClusterImpl-80abfd4d-faac-4cca-ada4-9fafc84234d6/datanode-1/data/ratis/02a6e269-2178-44ae-aec9-fa23a3cc534c
2019-06-14 09:26:40,340 INFO  server.RaftServerConfigKeys (ConfUtils.java:logGet(43)) - raft.server.log.queue.byte-limit = 2147483647 (custom)
2019-06-14 09:26:40,340 INFO  server.RaftServerConfigKeys (ConfUtils.java:logGet(43)) - raft.server.log.queue.element-limit = 1024 (custom)
2019-06-14 09:26:40,340 INFO  server.RaftServerConfigKeys (ConfUtils.java:logGet(43)) - raft.server.log.segment.size.max = 16384 (custom)
2019-06-14 09:26:40,340 INFO  server.RaftServerConfigKeys (ConfUtils.java:logGet(43)) - raft.server.log.preallocated.size = 16384 (custom)
2019-06-14 09:26:40,340 INFO  server.RaftServerConfigKeys (ConfUtils.java:logGet(43)) - raft.server.log.write.buffer.size = 33554432 (custom)
2019-06-14 09:26:40,340 INFO  server.RaftServerConfigKeys (ConfUtils.java:logGet(43)) - raft.server.log.force.sync.num = 128 (default)
2019-06-14 09:26:40,340 INFO  server.RaftServerConfigKeys (ConfUtils.java:logGet(43)) - raft.server.log.statemachine.data.sync = true (default)
2019-06-14 09:26:40,340 INFO  server.RaftServerConfigKeys (ConfUtils.java:logGet(43)) - raft.server.log.statemachine.data.sync.timeout = 10s (default)
2019-06-14 09:26:40,340 INFO  server.RaftServerConfigKeys (ConfUtils.java:logGet(43)) - raft.server.log.statemachine.data.sync.timeout.retry = -1 (default)
2019-06-14 09:26:40,341 INFO  server.RaftServerConfigKeys (ConfUtils.java:logGet(43)) - raft.server.log.statemachine.data.caching.enabled = true (custom)
2019-06-14 09:26:40,341 INFO  server.RaftServerConfigKeys (ConfUtils.java:logGet(43)) - raft.server.snapshot.auto.trigger.enabled = true (custom)
2019-06-14 09:26:40,341 INFO  server.RaftServerConfigKeys (ConfUtils.java:logGet(43)) - raft.server.snapshot.auto.trigger.threshold = 10000 (custom)
2019-06-14 09:26:40,341 INFO  server.RaftServerConfigKeys (ConfUtils.java:logGet(43)) - raft.server.retrycache.expirytime = 600000ms (custom)
2019-06-14 09:26:40,341 INFO  impl.RaftServerImpl (RaftServerImpl.java:start(173)) - 4ebab438-e752-420d-bd3d-a089bab95497: start group-FA23A3CC534C
2019-06-14 09:26:40,341 INFO  impl.RaftServerImpl (RaftServerImpl.java:setRole(164)) - 4ebab438-e752-420d-bd3d-a089bab95497:group-FA23A3CC534C changes role from null to FOLLOWER at term 0 for startAsFollower
2019-06-14 09:26:40,342 INFO  impl.RoleInfo (RoleInfo.java:updateAndGet(143)) - 4ebab438-e752-420d-bd3d-a089bab95497: start FollowerState
2019-06-14 09:26:40,343 INFO  util.JmxRegister (JmxRegister.java:tryRegister(44)) - Successfully registered JMX Bean with object name Ratis:service=RaftServer,group=group-FA23A3CC534C,id=4ebab438-e752-420d-bd3d-a089bab95497
2019-06-14 09:26:40,351 INFO  pipeline.PipelineStateManager (PipelineStateManager.java:addPipeline(56)) - Created pipeline Pipeline[ Id: 02a6e269-2178-44ae-aec9-fa23a3cc534c, Nodes: 4ebab438-e752-420d-bd3d-a089bab95497{ip: 192.168.134.103, host: ozone-j9z4j-712025750, networkLocation: /default-rack, certSerialId: null}, Type:RATIS, Factor:ONE, State:OPEN]
2019-06-14 09:26:40,366 INFO  impl.RaftServerProxy (RaftServerProxy.java:addNew(89)) - 6a374a49-46bc-4cb8-948f-dd9cee960a77: addNew group-1747E126A364:[6a374a49-46bc-4cb8-948f-dd9cee960a77:192.168.134.103:43697] returns group-1747E126A364:java.util.concurrent.CompletableFuture@6972ac6c[Not completed]
2019-06-14 09:26:40,401 INFO  impl.RaftServerImpl (RaftServerImpl.java:<init>(91)) - 6a374a49-46bc-4cb8-948f-dd9cee960a77: new RaftServerImpl for group-1747E126A364:[6a374a49-46bc-4cb8-948f-dd9cee960a77:192.168.134.103:43697] with ContainerStateMachine:uninitialized
2019-06-14 09:26:40,402 INFO  server.RaftServerConfigKeys (ConfUtils.java:logGet(43)) - raft.server.rpc.timeout.min = 1s (custom)
2019-06-14 09:26:40,402 INFO  server.RaftServerConfigKeys (ConfUtils.java:logGet(43)) - raft.server.rpc.timeout.max = 1200ms (custom)
2019-06-14 09:26:40,402 INFO  server.RaftServerConfigKeys (ConfUtils.java:logGet(43)) - raft.server.rpcslowness.timeout = 10s (custom)
2019-06-14 09:26:40,402 INFO  server.RaftServerConfigKeys (ConfUtils.java:logGet(43)) - raft.server.log.appender.install.snapshot.enabled = true (default)
2019-06-14 09:26:40,402 INFO  impl.RaftServerImpl (ServerState.java:<init>(101)) - 6a374a49-46bc-4cb8-948f-dd9cee960a77:group-1747E126A364 ConfigurationManager, init=-1: [6a374a49-46bc-4cb8-948f-dd9cee960a77:192.168.134.103:43697], old=null, confs=<EMPTY_MAP>
2019-06-14 09:26:40,402 INFO  server.RaftServerConfigKeys (ConfUtils.java:logGet(43)) - raft.server.storage.dir = [/opt/src/hadoop-ozone/integration-test/target/test-dir/MiniOzoneClusterImpl-80abfd4d-faac-4cca-ada4-9fafc84234d6/datanode-2/data/ratis] (custom)
2019-06-14 09:26:40,402 INFO  storage.RaftStorageDirectory (RaftStorageDirectory.java:analyzeStorage(246)) - The storage directory /opt/src/hadoop-ozone/integration-test/target/test-dir/MiniOzoneClusterImpl-80abfd4d-faac-4cca-ada4-9fafc84234d6/datanode-2/data/ratis/b26c0efa-a427-4b82-9c40-1747e126a364 does not exist. Creating ...
2019-06-14 09:26:40,405 INFO  storage.RaftStorageDirectory (RaftStorageDirectory.java:tryLock(328)) - Lock on /opt/src/hadoop-ozone/integration-test/target/test-dir/MiniOzoneClusterImpl-80abfd4d-faac-4cca-ada4-9fafc84234d6/datanode-2/data/ratis/b26c0efa-a427-4b82-9c40-1747e126a364/in_use.lock acquired by nodename 10169@ozone-j9z4j-712025750
2019-06-14 09:26:40,408 INFO  storage.RaftStorage (RaftStorage.java:format(75)) - Storage directory /opt/src/hadoop-ozone/integration-test/target/test-dir/MiniOzoneClusterImpl-80abfd4d-faac-4cca-ada4-9fafc84234d6/datanode-2/data/ratis/b26c0efa-a427-4b82-9c40-1747e126a364 has been successfully formatted.
2019-06-14 09:26:40,409 INFO  ratis.ContainerStateMachine (ContainerStateMachine.java:loadSnapshot(199)) - The snapshot info is null.Setting the last applied index to:(t:0, i:~)
2019-06-14 09:26:40,410 INFO  server.RaftServerConfigKeys (ConfUtils.java:logGet(43)) - raft.server.leader.election.timeout = 10s (custom)
2019-06-14 09:26:40,410 INFO  server.RaftServerConfigKeys (ConfUtils.java:logGet(43)) - raft.server.log.use.memory = false (default)
2019-06-14 09:26:40,410 INFO  server.RaftServerConfigKeys (ConfUtils.java:logGet(43)) - raft.server.log.appender.buffer.byte-limit = 33554432 (custom)
2019-06-14 09:26:40,410 INFO  server.RaftServerConfigKeys (ConfUtils.java:logGet(43)) - raft.server.log.segment.size.max = 16384 (custom)
2019-06-14 09:26:40,410 INFO  server.RaftServerConfigKeys (ConfUtils.java:logGet(43)) - raft.server.log.segment.cache.num.max = 2 (custom)
2019-06-14 09:26:40,410 INFO  storage.RaftLogWorker (RaftLogWorker.java:<init>(123)) - new 6a374a49-46bc-4cb8-948f-dd9cee960a77-RaftLogWorker for Storage Directory /opt/src/hadoop-ozone/integration-test/target/test-dir/MiniOzoneClusterImpl-80abfd4d-faac-4cca-ada4-9fafc84234d6/datanode-2/data/ratis/b26c0efa-a427-4b82-9c40-1747e126a364
2019-06-14 09:26:40,410 INFO  server.RaftServerConfigKeys (ConfUtils.java:logGet(43)) - raft.server.log.queue.byte-limit = 2147483647 (custom)
2019-06-14 09:26:40,410 INFO  server.RaftServerConfigKeys (ConfUtils.java:logGet(43)) - raft.server.log.queue.element-limit = 1024 (custom)
2019-06-14 09:26:40,410 INFO  server.RaftServerConfigKeys (ConfUtils.java:logGet(43)) - raft.server.log.segment.size.max = 16384 (custom)
2019-06-14 09:26:40,411 INFO  server.RaftServerConfigKeys (ConfUtils.java:logGet(43)) - raft.server.log.preallocated.size = 16384 (custom)
2019-06-14 09:26:40,411 INFO  server.RaftServerConfigKeys (ConfUtils.java:logGet(43)) - raft.server.log.write.buffer.size = 33554432 (custom)
2019-06-14 09:26:40,411 INFO  server.RaftServerConfigKeys (ConfUtils.java:logGet(43)) - raft.server.log.force.sync.num = 128 (default)
2019-06-14 09:26:40,411 INFO  server.RaftServerConfigKeys (ConfUtils.java:logGet(43)) - raft.server.log.statemachine.data.sync = true (default)
2019-06-14 09:26:40,411 INFO  server.RaftServerConfigKeys (ConfUtils.java:logGet(43)) - raft.server.log.statemachine.data.sync.timeout = 10s (default)
2019-06-14 09:26:40,411 INFO  server.RaftServerConfigKeys (ConfUtils.java:logGet(43)) - raft.server.log.statemachine.data.sync.timeout.retry = -1 (default)
2019-06-14 09:26:40,411 INFO  server.RaftServerConfigKeys (ConfUtils.java:logGet(43)) - raft.server.log.statemachine.data.caching.enabled = true (custom)
2019-06-14 09:26:40,414 INFO  server.RaftServerConfigKeys (ConfUtils.java:logGet(43)) - raft.server.snapshot.auto.trigger.enabled = true (custom)
2019-06-14 09:26:40,414 INFO  server.RaftServerConfigKeys (ConfUtils.java:logGet(43)) - raft.server.snapshot.auto.trigger.threshold = 10000 (custom)
2019-06-14 09:26:40,414 INFO  server.RaftServerConfigKeys (ConfUtils.java:logGet(43)) - raft.server.retrycache.expirytime = 600000ms (custom)
2019-06-14 09:26:40,414 INFO  impl.RaftServerImpl (RaftServerImpl.java:start(173)) - 6a374a49-46bc-4cb8-948f-dd9cee960a77: start group-1747E126A364
2019-06-14 09:26:40,414 INFO  impl.RaftServerImpl (RaftServerImpl.java:setRole(164)) - 6a374a49-46bc-4cb8-948f-dd9cee960a77:group-1747E126A364 changes role from null to FOLLOWER at term 0 for startAsFollower
2019-06-14 09:26:40,414 INFO  impl.RoleInfo (RoleInfo.java:updateAndGet(143)) - 6a374a49-46bc-4cb8-948f-dd9cee960a77: start FollowerState
2019-06-14 09:26:40,415 INFO  util.JmxRegister (JmxRegister.java:tryRegister(44)) - Successfully registered JMX Bean with object name Ratis:service=RaftServer,group=group-1747E126A364,id=6a374a49-46bc-4cb8-948f-dd9cee960a77
2019-06-14 09:26:40,423 INFO  pipeline.PipelineStateManager (PipelineStateManager.java:addPipeline(56)) - Created pipeline Pipeline[ Id: b26c0efa-a427-4b82-9c40-1747e126a364, Nodes: 6a374a49-46bc-4cb8-948f-dd9cee960a77{ip: 192.168.134.103, host: ozone-j9z4j-712025750, networkLocation: /default-rack, certSerialId: null}, Type:RATIS, Factor:ONE, State:OPEN]
2019-06-14 09:26:40,439 INFO  impl.RaftServerProxy (RaftServerProxy.java:addNew(89)) - 105ac101-2f2e-49c6-aa53-34202b6ce7c2: addNew group-A03666DDBF47:[105ac101-2f2e-49c6-aa53-34202b6ce7c2:192.168.134.103:37461] returns group-A03666DDBF47:java.util.concurrent.CompletableFuture@4257a1f0[Not completed]
2019-06-14 09:26:40,442 INFO  impl.RaftServerImpl (RaftServerImpl.java:<init>(91)) - 105ac101-2f2e-49c6-aa53-34202b6ce7c2: new RaftServerImpl for group-A03666DDBF47:[105ac101-2f2e-49c6-aa53-34202b6ce7c2:192.168.134.103:37461] with ContainerStateMachine:uninitialized
2019-06-14 09:26:40,442 INFO  server.RaftServerConfigKeys (ConfUtils.java:logGet(43)) - raft.server.rpc.timeout.min = 1s (custom)
2019-06-14 09:26:40,442 INFO  server.RaftServerConfigKeys (ConfUtils.java:logGet(43)) - raft.server.rpc.timeout.max = 1200ms (custom)
2019-06-14 09:26:40,442 INFO  server.RaftServerConfigKeys (ConfUtils.java:logGet(43)) - raft.server.rpcslowness.timeout = 10s (custom)
2019-06-14 09:26:40,442 INFO  server.RaftServerConfigKeys (ConfUtils.java:logGet(43)) - raft.server.log.appender.install.snapshot.enabled = true (default)
2019-06-14 09:26:40,442 INFO  impl.RaftServerImpl (ServerState.java:<init>(101)) - 105ac101-2f2e-49c6-aa53-34202b6ce7c2:group-A03666DDBF47 ConfigurationManager, init=-1: [105ac101-2f2e-49c6-aa53-34202b6ce7c2:192.168.134.103:37461], old=null, confs=<EMPTY_MAP>
2019-06-14 09:26:40,442 INFO  server.RaftServerConfigKeys (ConfUtils.java:logGet(43)) - raft.server.storage.dir = [/opt/src/hadoop-ozone/integration-test/target/test-dir/MiniOzoneClusterImpl-80abfd4d-faac-4cca-ada4-9fafc84234d6/datanode-3/data/ratis] (custom)
2019-06-14 09:26:40,443 INFO  storage.RaftStorageDirectory (RaftStorageDirectory.java:analyzeStorage(246)) - The storage directory /opt/src/hadoop-ozone/integration-test/target/test-dir/MiniOzoneClusterImpl-80abfd4d-faac-4cca-ada4-9fafc84234d6/datanode-3/data/ratis/b050fcd4-9964-4fc9-92f8-a03666ddbf47 does not exist. Creating ...
2019-06-14 09:26:40,445 INFO  storage.RaftStorageDirectory (RaftStorageDirectory.java:tryLock(328)) - Lock on /opt/src/hadoop-ozone/integration-test/target/test-dir/MiniOzoneClusterImpl-80abfd4d-faac-4cca-ada4-9fafc84234d6/datanode-3/data/ratis/b050fcd4-9964-4fc9-92f8-a03666ddbf47/in_use.lock acquired by nodename 10169@ozone-j9z4j-712025750
2019-06-14 09:26:40,447 INFO  storage.RaftStorage (RaftStorage.java:format(75)) - Storage directory /opt/src/hadoop-ozone/integration-test/target/test-dir/MiniOzoneClusterImpl-80abfd4d-faac-4cca-ada4-9fafc84234d6/datanode-3/data/ratis/b050fcd4-9964-4fc9-92f8-a03666ddbf47 has been successfully formatted.
2019-06-14 09:26:40,447 INFO  ratis.ContainerStateMachine (ContainerStateMachine.java:loadSnapshot(199)) - The snapshot info is null.Setting the last applied index to:(t:0, i:~)
2019-06-14 09:26:40,447 INFO  server.RaftServerConfigKeys (ConfUtils.java:logGet(43)) - raft.server.leader.election.timeout = 10s (custom)
2019-06-14 09:26:40,447 INFO  server.RaftServerConfigKeys (ConfUtils.java:logGet(43)) - raft.server.log.use.memory = false (default)
2019-06-14 09:26:40,447 INFO  server.RaftServerConfigKeys (ConfUtils.java:logGet(43)) - raft.server.log.appender.buffer.byte-limit = 33554432 (custom)
2019-06-14 09:26:40,447 INFO  server.RaftServerConfigKeys (ConfUtils.java:logGet(43)) - raft.server.log.segment.size.max = 16384 (custom)
2019-06-14 09:26:40,447 INFO  server.RaftServerConfigKeys (ConfUtils.java:logGet(43)) - raft.server.log.segment.cache.num.max = 2 (custom)
2019-06-14 09:26:40,447 INFO  storage.RaftLogWorker (RaftLogWorker.java:<init>(123)) - new 105ac101-2f2e-49c6-aa53-34202b6ce7c2-RaftLogWorker for Storage Directory /opt/src/hadoop-ozone/integration-test/target/test-dir/MiniOzoneClusterImpl-80abfd4d-faac-4cca-ada4-9fafc84234d6/datanode-3/data/ratis/b050fcd4-9964-4fc9-92f8-a03666ddbf47
2019-06-14 09:26:40,447 INFO  server.RaftServerConfigKeys (ConfUtils.java:logGet(43)) - raft.server.log.queue.byte-limit = 2147483647 (custom)
2019-06-14 09:26:40,448 INFO  server.RaftServerConfigKeys (ConfUtils.java:logGet(43)) - raft.server.log.queue.element-limit = 1024 (custom)
2019-06-14 09:26:40,448 INFO  server.RaftServerConfigKeys (ConfUtils.java:logGet(43)) - raft.server.log.segment.size.max = 16384 (custom)
2019-06-14 09:26:40,448 INFO  server.RaftServerConfigKeys (ConfUtils.java:logGet(43)) - raft.server.log.preallocated.size = 16384 (custom)
2019-06-14 09:26:40,448 INFO  server.RaftServerConfigKeys (ConfUtils.java:logGet(43)) - raft.server.log.write.buffer.size = 33554432 (custom)
2019-06-14 09:26:40,448 INFO  server.RaftServerConfigKeys (ConfUtils.java:logGet(43)) - raft.server.log.force.sync.num = 128 (default)
2019-06-14 09:26:40,448 INFO  server.RaftServerConfigKeys (ConfUtils.java:logGet(43)) - raft.server.log.statemachine.data.sync = true (default)
2019-06-14 09:26:40,448 INFO  server.RaftServerConfigKeys (ConfUtils.java:logGet(43)) - raft.server.log.statemachine.data.sync.timeout = 10s (default)
2019-06-14 09:26:40,448 INFO  server.RaftServerConfigKeys (ConfUtils.java:logGet(43)) - raft.server.log.statemachine.data.sync.timeout.retry = -1 (default)
2019-06-14 09:26:40,448 INFO  server.RaftServerConfigKeys (ConfUtils.java:logGet(43)) - raft.server.log.statemachine.data.caching.enabled = true (custom)
2019-06-14 09:26:40,448 INFO  server.RaftServerConfigKeys (ConfUtils.java:logGet(43)) - raft.server.snapshot.auto.trigger.enabled = true (custom)
2019-06-14 09:26:40,448 INFO  server.RaftServerConfigKeys (ConfUtils.java:logGet(43)) - raft.server.snapshot.auto.trigger.threshold = 10000 (custom)
2019-06-14 09:26:40,449 INFO  server.RaftServerConfigKeys (ConfUtils.java:logGet(43)) - raft.server.retrycache.expirytime = 600000ms (custom)
2019-06-14 09:26:40,449 INFO  impl.RaftServerImpl (RaftServerImpl.java:start(173)) - 105ac101-2f2e-49c6-aa53-34202b6ce7c2: start group-A03666DDBF47
2019-06-14 09:26:40,449 INFO  impl.RaftServerImpl (RaftServerImpl.java:setRole(164)) - 105ac101-2f2e-49c6-aa53-34202b6ce7c2:group-A03666DDBF47 changes role from null to FOLLOWER at term 0 for startAsFollower
2019-06-14 09:26:40,449 INFO  impl.RoleInfo (RoleInfo.java:updateAndGet(143)) - 105ac101-2f2e-49c6-aa53-34202b6ce7c2: start FollowerState
2019-06-14 09:26:40,449 INFO  util.JmxRegister (JmxRegister.java:tryRegister(44)) - Successfully registered JMX Bean with object name Ratis:service=RaftServer,group=group-A03666DDBF47,id=105ac101-2f2e-49c6-aa53-34202b6ce7c2
2019-06-14 09:26:40,455 INFO  pipeline.PipelineStateManager (PipelineStateManager.java:addPipeline(56)) - Created pipeline Pipeline[ Id: b050fcd4-9964-4fc9-92f8-a03666ddbf47, Nodes: 105ac101-2f2e-49c6-aa53-34202b6ce7c2{ip: 192.168.134.103, host: ozone-j9z4j-712025750, networkLocation: /default-rack, certSerialId: null}, Type:RATIS, Factor:ONE, State:OPEN]
2019-06-14 09:26:40,489 INFO  impl.RaftServerProxy (RaftServerProxy.java:addNew(89)) - 4ebab438-e752-420d-bd3d-a089bab95497: addNew group-BE40097412C1:[6a374a49-46bc-4cb8-948f-dd9cee960a77:192.168.134.103:43697, 4ebab438-e752-420d-bd3d-a089bab95497:192.168.134.103:34507, 137a3d69-75fe-4559-9cd3-eefeec23dc9c:192.168.134.103:33187] returns group-BE40097412C1:java.util.concurrent.CompletableFuture@729a66d9[Not completed]
2019-06-14 09:26:40,490 INFO  impl.RaftServerImpl (RaftServerImpl.java:<init>(91)) - 4ebab438-e752-420d-bd3d-a089bab95497: new RaftServerImpl for group-BE40097412C1:[6a374a49-46bc-4cb8-948f-dd9cee960a77:192.168.134.103:43697, 4ebab438-e752-420d-bd3d-a089bab95497:192.168.134.103:34507, 137a3d69-75fe-4559-9cd3-eefeec23dc9c:192.168.134.103:33187] with ContainerStateMachine:uninitialized
2019-06-14 09:26:40,491 INFO  server.RaftServerConfigKeys (ConfUtils.java:logGet(43)) - raft.server.rpc.timeout.min = 1s (custom)
2019-06-14 09:26:40,492 INFO  server.RaftServerConfigKeys (ConfUtils.java:logGet(43)) - raft.server.rpc.timeout.max = 1200ms (custom)
2019-06-14 09:26:40,492 INFO  server.RaftServerConfigKeys (ConfUtils.java:logGet(43)) - raft.server.rpcslowness.timeout = 10s (custom)
2019-06-14 09:26:40,492 INFO  impl.RaftServerProxy (RaftServerProxy.java:addNew(89)) - 137a3d69-75fe-4559-9cd3-eefeec23dc9c: addNew group-BE40097412C1:[6a374a49-46bc-4cb8-948f-dd9cee960a77:192.168.134.103:43697, 4ebab438-e752-420d-bd3d-a089bab95497:192.168.134.103:34507, 137a3d69-75fe-4559-9cd3-eefeec23dc9c:192.168.134.103:33187] returns group-BE40097412C1:java.util.concurrent.CompletableFuture@10628c8d[Not completed]
2019-06-14 09:26:40,492 INFO  server.RaftServerConfigKeys (ConfUtils.java:logGet(43)) - raft.server.log.appender.install.snapshot.enabled = true (default)
2019-06-14 09:26:40,492 INFO  impl.RaftServerImpl (ServerState.java:<init>(101)) - 4ebab438-e752-420d-bd3d-a089bab95497:group-BE40097412C1 ConfigurationManager, init=-1: [6a374a49-46bc-4cb8-948f-dd9cee960a77:192.168.134.103:43697, 4ebab438-e752-420d-bd3d-a089bab95497:192.168.134.103:34507, 137a3d69-75fe-4559-9cd3-eefeec23dc9c:192.168.134.103:33187], old=null, confs=<EMPTY_MAP>
2019-06-14 09:26:40,492 INFO  server.RaftServerConfigKeys (ConfUtils.java:logGet(43)) - raft.server.storage.dir = [/opt/src/hadoop-ozone/integration-test/target/test-dir/MiniOzoneClusterImpl-80abfd4d-faac-4cca-ada4-9fafc84234d6/datanode-1/data/ratis] (custom)
2019-06-14 09:26:40,492 INFO  impl.RaftServerImpl (RaftServerImpl.java:<init>(91)) - 137a3d69-75fe-4559-9cd3-eefeec23dc9c: new RaftServerImpl for group-BE40097412C1:[6a374a49-46bc-4cb8-948f-dd9cee960a77:192.168.134.103:43697, 4ebab438-e752-420d-bd3d-a089bab95497:192.168.134.103:34507, 137a3d69-75fe-4559-9cd3-eefeec23dc9c:192.168.134.103:33187] with ContainerStateMachine:uninitialized
2019-06-14 09:26:40,492 INFO  storage.RaftStorageDirectory (RaftStorageDirectory.java:analyzeStorage(246)) - The storage directory /opt/src/hadoop-ozone/integration-test/target/test-dir/MiniOzoneClusterImpl-80abfd4d-faac-4cca-ada4-9fafc84234d6/datanode-1/data/ratis/aca5c058-70e3-4d48-b4a4-be40097412c1 does not exist. Creating ...
2019-06-14 09:26:40,492 INFO  server.RaftServerConfigKeys (ConfUtils.java:logGet(43)) - raft.server.rpc.timeout.min = 1s (custom)
2019-06-14 09:26:40,493 INFO  server.RaftServerConfigKeys (ConfUtils.java:logGet(43)) - raft.server.rpc.timeout.max = 1200ms (custom)
2019-06-14 09:26:40,493 INFO  server.RaftServerConfigKeys (ConfUtils.java:logGet(43)) - raft.server.rpcslowness.timeout = 10s (custom)
2019-06-14 09:26:40,493 INFO  server.RaftServerConfigKeys (ConfUtils.java:logGet(43)) - raft.server.log.appender.install.snapshot.enabled = true (default)
2019-06-14 09:26:40,493 INFO  impl.RaftServerImpl (ServerState.java:<init>(101)) - 137a3d69-75fe-4559-9cd3-eefeec23dc9c:group-BE40097412C1 ConfigurationManager, init=-1: [6a374a49-46bc-4cb8-948f-dd9cee960a77:192.168.134.103:43697, 4ebab438-e752-420d-bd3d-a089bab95497:192.168.134.103:34507, 137a3d69-75fe-4559-9cd3-eefeec23dc9c:192.168.134.103:33187], old=null, confs=<EMPTY_MAP>
2019-06-14 09:26:40,493 INFO  server.RaftServerConfigKeys (ConfUtils.java:logGet(43)) - raft.server.storage.dir = [/opt/src/hadoop-ozone/integration-test/target/test-dir/MiniOzoneClusterImpl-80abfd4d-faac-4cca-ada4-9fafc84234d6/datanode-0/data/ratis] (custom)
2019-06-14 09:26:40,493 INFO  node.SCMNodeManager (SCMNodeManager.java:register(234)) - Registered Data node : ebdb340b-c8ae-4a67-9184-619ea52d881e{ip: 192.168.134.103, host: ozone-j9z4j-712025750, networkLocation: /default-rack, certSerialId: null}
2019-06-14 09:26:40,493 INFO  storage.RaftStorageDirectory (RaftStorageDirectory.java:analyzeStorage(246)) - The storage directory /opt/src/hadoop-ozone/integration-test/target/test-dir/MiniOzoneClusterImpl-80abfd4d-faac-4cca-ada4-9fafc84234d6/datanode-0/data/ratis/aca5c058-70e3-4d48-b4a4-be40097412c1 does not exist. Creating ...
2019-06-14 09:26:40,495 INFO  impl.RaftServerProxy (RaftServerProxy.java:addNew(89)) - 6a374a49-46bc-4cb8-948f-dd9cee960a77: addNew group-BE40097412C1:[6a374a49-46bc-4cb8-948f-dd9cee960a77:192.168.134.103:43697, 4ebab438-e752-420d-bd3d-a089bab95497:192.168.134.103:34507, 137a3d69-75fe-4559-9cd3-eefeec23dc9c:192.168.134.103:33187] returns group-BE40097412C1:java.util.concurrent.CompletableFuture@145d0a59[Not completed]
2019-06-14 09:26:40,495 INFO  storage.RaftStorageDirectory (RaftStorageDirectory.java:tryLock(328)) - Lock on /opt/src/hadoop-ozone/integration-test/target/test-dir/MiniOzoneClusterImpl-80abfd4d-faac-4cca-ada4-9fafc84234d6/datanode-0/data/ratis/aca5c058-70e3-4d48-b4a4-be40097412c1/in_use.lock acquired by nodename 10169@ozone-j9z4j-712025750
2019-06-14 09:26:40,495 INFO  impl.RaftServerImpl (RaftServerImpl.java:<init>(91)) - 6a374a49-46bc-4cb8-948f-dd9cee960a77: new RaftServerImpl for group-BE40097412C1:[6a374a49-46bc-4cb8-948f-dd9cee960a77:192.168.134.103:43697, 4ebab438-e752-420d-bd3d-a089bab95497:192.168.134.103:34507, 137a3d69-75fe-4559-9cd3-eefeec23dc9c:192.168.134.103:33187] with ContainerStateMachine:uninitialized
2019-06-14 09:26:40,496 INFO  server.RaftServerConfigKeys (ConfUtils.java:logGet(43)) - raft.server.rpc.timeout.min = 1s (custom)
2019-06-14 09:26:40,496 INFO  storage.RaftStorageDirectory (RaftStorageDirectory.java:tryLock(328)) - Lock on /opt/src/hadoop-ozone/integration-test/target/test-dir/MiniOzoneClusterImpl-80abfd4d-faac-4cca-ada4-9fafc84234d6/datanode-1/data/ratis/aca5c058-70e3-4d48-b4a4-be40097412c1/in_use.lock acquired by nodename 10169@ozone-j9z4j-712025750
2019-06-14 09:26:40,496 INFO  server.RaftServerConfigKeys (ConfUtils.java:logGet(43)) - raft.server.rpc.timeout.max = 1200ms (custom)
2019-06-14 09:26:40,496 INFO  server.RaftServerConfigKeys (ConfUtils.java:logGet(43)) - raft.server.rpcslowness.timeout = 10s (custom)
2019-06-14 09:26:40,496 INFO  server.RaftServerConfigKeys (ConfUtils.java:logGet(43)) - raft.server.log.appender.install.snapshot.enabled = true (default)
2019-06-14 09:26:40,496 INFO  impl.RaftServerImpl (ServerState.java:<init>(101)) - 6a374a49-46bc-4cb8-948f-dd9cee960a77:group-BE40097412C1 ConfigurationManager, init=-1: [6a374a49-46bc-4cb8-948f-dd9cee960a77:192.168.134.103:43697, 4ebab438-e752-420d-bd3d-a089bab95497:192.168.134.103:34507, 137a3d69-75fe-4559-9cd3-eefeec23dc9c:192.168.134.103:33187], old=null, confs=<EMPTY_MAP>
2019-06-14 09:26:40,496 INFO  server.RaftServerConfigKeys (ConfUtils.java:logGet(43)) - raft.server.storage.dir = [/opt/src/hadoop-ozone/integration-test/target/test-dir/MiniOzoneClusterImpl-80abfd4d-faac-4cca-ada4-9fafc84234d6/datanode-2/data/ratis] (custom)
2019-06-14 09:26:40,497 INFO  storage.RaftStorageDirectory (RaftStorageDirectory.java:analyzeStorage(246)) - The storage directory /opt/src/hadoop-ozone/integration-test/target/test-dir/MiniOzoneClusterImpl-80abfd4d-faac-4cca-ada4-9fafc84234d6/datanode-2/data/ratis/aca5c058-70e3-4d48-b4a4-be40097412c1 does not exist. Creating ...
2019-06-14 09:26:40,498 INFO  storage.RaftStorage (RaftStorage.java:format(75)) - Storage directory /opt/src/hadoop-ozone/integration-test/target/test-dir/MiniOzoneClusterImpl-80abfd4d-faac-4cca-ada4-9fafc84234d6/datanode-0/data/ratis/aca5c058-70e3-4d48-b4a4-be40097412c1 has been successfully formatted.
2019-06-14 09:26:40,498 INFO  ratis.ContainerStateMachine (ContainerStateMachine.java:loadSnapshot(199)) - The snapshot info is null.Setting the last applied index to:(t:0, i:~)
2019-06-14 09:26:40,498 INFO  server.RaftServerConfigKeys (ConfUtils.java:logGet(43)) - raft.server.leader.election.timeout = 10s (custom)
2019-06-14 09:26:40,498 INFO  server.RaftServerConfigKeys (ConfUtils.java:logGet(43)) - raft.server.log.use.memory = false (default)
2019-06-14 09:26:40,498 INFO  server.RaftServerConfigKeys (ConfUtils.java:logGet(43)) - raft.server.log.appender.buffer.byte-limit = 33554432 (custom)
2019-06-14 09:26:40,498 INFO  server.RaftServerConfigKeys (ConfUtils.java:logGet(43)) - raft.server.log.segment.size.max = 16384 (custom)
2019-06-14 09:26:40,498 INFO  server.RaftServerConfigKeys (ConfUtils.java:logGet(43)) - raft.server.log.segment.cache.num.max = 2 (custom)
2019-06-14 09:26:40,499 INFO  storage.RaftLogWorker (RaftLogWorker.java:<init>(123)) - new 137a3d69-75fe-4559-9cd3-eefeec23dc9c-RaftLogWorker for Storage Directory /opt/src/hadoop-ozone/integration-test/target/test-dir/MiniOzoneClusterImpl-80abfd4d-faac-4cca-ada4-9fafc84234d6/datanode-0/data/ratis/aca5c058-70e3-4d48-b4a4-be40097412c1
2019-06-14 09:26:40,499 INFO  server.RaftServerConfigKeys (ConfUtils.java:logGet(43)) - raft.server.log.queue.byte-limit = 2147483647 (custom)
2019-06-14 09:26:40,499 INFO  server.RaftServerConfigKeys (ConfUtils.java:logGet(43)) - raft.server.log.queue.element-limit = 1024 (custom)
2019-06-14 09:26:40,499 INFO  storage.RaftStorageDirectory (RaftStorageDirectory.java:tryLock(328)) - Lock on /opt/src/hadoop-ozone/integration-test/target/test-dir/MiniOzoneClusterImpl-80abfd4d-faac-4cca-ada4-9fafc84234d6/datanode-2/data/ratis/aca5c058-70e3-4d48-b4a4-be40097412c1/in_use.lock acquired by nodename 10169@ozone-j9z4j-712025750
2019-06-14 09:26:40,499 INFO  server.RaftServerConfigKeys (ConfUtils.java:logGet(43)) - raft.server.log.segment.size.max = 16384 (custom)
2019-06-14 09:26:40,499 INFO  server.RaftServerConfigKeys (ConfUtils.java:logGet(43)) - raft.server.log.preallocated.size = 16384 (custom)
2019-06-14 09:26:40,499 INFO  server.RaftServerConfigKeys (ConfUtils.java:logGet(43)) - raft.server.log.write.buffer.size = 33554432 (custom)
2019-06-14 09:26:40,499 INFO  server.RaftServerConfigKeys (ConfUtils.java:logGet(43)) - raft.server.log.force.sync.num = 128 (default)
2019-06-14 09:26:40,499 INFO  server.RaftServerConfigKeys (ConfUtils.java:logGet(43)) - raft.server.log.statemachine.data.sync = true (default)
2019-06-14 09:26:40,499 INFO  server.RaftServerConfigKeys (ConfUtils.java:logGet(43)) - raft.server.log.statemachine.data.sync.timeout = 10s (default)
2019-06-14 09:26:40,500 INFO  server.RaftServerConfigKeys (ConfUtils.java:logGet(43)) - raft.server.log.statemachine.data.sync.timeout.retry = -1 (default)
2019-06-14 09:26:40,500 INFO  server.RaftServerConfigKeys (ConfUtils.java:logGet(43)) - raft.server.log.statemachine.data.caching.enabled = true (custom)
2019-06-14 09:26:40,499 INFO  storage.RaftStorage (RaftStorage.java:format(75)) - Storage directory /opt/src/hadoop-ozone/integration-test/target/test-dir/MiniOzoneClusterImpl-80abfd4d-faac-4cca-ada4-9fafc84234d6/datanode-1/data/ratis/aca5c058-70e3-4d48-b4a4-be40097412c1 has been successfully formatted.
2019-06-14 09:26:40,500 INFO  ratis.ContainerStateMachine (ContainerStateMachine.java:loadSnapshot(199)) - The snapshot info is null.Setting the last applied index to:(t:0, i:~)
2019-06-14 09:26:40,501 INFO  server.RaftServerConfigKeys (ConfUtils.java:logGet(43)) - raft.server.leader.election.timeout = 10s (custom)
2019-06-14 09:26:40,501 INFO  server.RaftServerConfigKeys (ConfUtils.java:logGet(43)) - raft.server.snapshot.auto.trigger.enabled = true (custom)
2019-06-14 09:26:40,501 INFO  server.RaftServerConfigKeys (ConfUtils.java:logGet(43)) - raft.server.log.use.memory = false (default)
2019-06-14 09:26:40,501 INFO  server.RaftServerConfigKeys (ConfUtils.java:logGet(43)) - raft.server.snapshot.auto.trigger.threshold = 10000 (custom)
2019-06-14 09:26:40,501 INFO  server.RaftServerConfigKeys (ConfUtils.java:logGet(43)) - raft.server.log.appender.buffer.byte-limit = 33554432 (custom)
2019-06-14 09:26:40,501 INFO  server.RaftServerConfigKeys (ConfUtils.java:logGet(43)) - raft.server.retrycache.expirytime = 600000ms (custom)
2019-06-14 09:26:40,501 INFO  storage.RaftStorage (RaftStorage.java:format(75)) - Storage directory /opt/src/hadoop-ozone/integration-test/target/test-dir/MiniOzoneClusterImpl-80abfd4d-faac-4cca-ada4-9fafc84234d6/datanode-2/data/ratis/aca5c058-70e3-4d48-b4a4-be40097412c1 has been successfully formatted.
2019-06-14 09:26:40,501 INFO  impl.RaftServerImpl (RaftServerImpl.java:start(173)) - 137a3d69-75fe-4559-9cd3-eefeec23dc9c: start group-BE40097412C1
2019-06-14 09:26:40,501 INFO  server.RaftServerConfigKeys (ConfUtils.java:logGet(43)) - raft.server.log.segment.size.max = 16384 (custom)
2019-06-14 09:26:40,501 INFO  impl.RaftServerImpl (RaftServerImpl.java:setRole(164)) - 137a3d69-75fe-4559-9cd3-eefeec23dc9c:group-BE40097412C1 changes role from null to FOLLOWER at term 0 for startAsFollower
2019-06-14 09:26:40,501 INFO  ratis.ContainerStateMachine (ContainerStateMachine.java:loadSnapshot(199)) - The snapshot info is null.Setting the last applied index to:(t:0, i:~)
2019-06-14 09:26:40,502 INFO  impl.RoleInfo (RoleInfo.java:updateAndGet(143)) - 137a3d69-75fe-4559-9cd3-eefeec23dc9c: start FollowerState
2019-06-14 09:26:40,501 INFO  server.RaftServerConfigKeys (ConfUtils.java:logGet(43)) - raft.server.log.segment.cache.num.max = 2 (custom)
2019-06-14 09:26:40,502 INFO  storage.RaftLogWorker (RaftLogWorker.java:<init>(123)) - new 4ebab438-e752-420d-bd3d-a089bab95497-RaftLogWorker for Storage Directory /opt/src/hadoop-ozone/integration-test/target/test-dir/MiniOzoneClusterImpl-80abfd4d-faac-4cca-ada4-9fafc84234d6/datanode-1/data/ratis/aca5c058-70e3-4d48-b4a4-be40097412c1
2019-06-14 09:26:40,502 INFO  util.JmxRegister (JmxRegister.java:tryRegister(44)) - Successfully registered JMX Bean with object name Ratis:service=RaftServer,group=group-BE40097412C1,id=137a3d69-75fe-4559-9cd3-eefeec23dc9c
2019-06-14 09:26:40,502 INFO  server.RaftServerConfigKeys (ConfUtils.java:logGet(43)) - raft.server.leader.election.timeout = 10s (custom)
2019-06-14 09:26:40,502 INFO  server.RaftServerConfigKeys (ConfUtils.java:logGet(43)) - raft.server.log.use.memory = false (default)
2019-06-14 09:26:40,502 INFO  server.RaftServerConfigKeys (ConfUtils.java:logGet(43)) - raft.server.log.appender.buffer.byte-limit = 33554432 (custom)
2019-06-14 09:26:40,502 INFO  server.RaftServerConfigKeys (ConfUtils.java:logGet(43)) - raft.server.log.segment.size.max = 16384 (custom)
2019-06-14 09:26:40,502 INFO  server.RaftServerConfigKeys (ConfUtils.java:logGet(43)) - raft.server.log.segment.cache.num.max = 2 (custom)
2019-06-14 09:26:40,503 INFO  storage.RaftLogWorker (RaftLogWorker.java:<init>(123)) - new 6a374a49-46bc-4cb8-948f-dd9cee960a77-RaftLogWorker for Storage Directory /opt/src/hadoop-ozone/integration-test/target/test-dir/MiniOzoneClusterImpl-80abfd4d-faac-4cca-ada4-9fafc84234d6/datanode-2/data/ratis/aca5c058-70e3-4d48-b4a4-be40097412c1
2019-06-14 09:26:40,503 INFO  server.RaftServerConfigKeys (ConfUtils.java:logGet(43)) - raft.server.log.queue.byte-limit = 2147483647 (custom)
2019-06-14 09:26:40,503 INFO  server.RaftServerConfigKeys (ConfUtils.java:logGet(43)) - raft.server.log.queue.element-limit = 1024 (custom)
2019-06-14 09:26:40,503 INFO  server.RaftServerConfigKeys (ConfUtils.java:logGet(43)) - raft.server.log.segment.size.max = 16384 (custom)
2019-06-14 09:26:40,503 INFO  server.RaftServerConfigKeys (ConfUtils.java:logGet(43)) - raft.server.log.preallocated.size = 16384 (custom)
2019-06-14 09:26:40,503 INFO  server.RaftServerConfigKeys (ConfUtils.java:logGet(43)) - raft.server.log.write.buffer.size = 33554432 (custom)
2019-06-14 09:26:40,502 INFO  server.RaftServerConfigKeys (ConfUtils.java:logGet(43)) - raft.server.log.queue.byte-limit = 2147483647 (custom)
2019-06-14 09:26:40,509 INFO  server.RaftServerConfigKeys (ConfUtils.java:logGet(43)) - raft.server.log.queue.element-limit = 1024 (custom)
2019-06-14 09:26:40,509 INFO  server.RaftServerConfigKeys (ConfUtils.java:logGet(43)) - raft.server.log.segment.size.max = 16384 (custom)
2019-06-14 09:26:40,509 INFO  server.RaftServerConfigKeys (ConfUtils.java:logGet(43)) - raft.server.log.preallocated.size = 16384 (custom)
2019-06-14 09:26:40,509 INFO  server.RaftServerConfigKeys (ConfUtils.java:logGet(43)) - raft.server.log.write.buffer.size = 33554432 (custom)
2019-06-14 09:26:40,509 INFO  server.RaftServerConfigKeys (ConfUtils.java:logGet(43)) - raft.server.log.force.sync.num = 128 (default)
2019-06-14 09:26:40,509 INFO  server.RaftServerConfigKeys (ConfUtils.java:logGet(43)) - raft.server.log.statemachine.data.sync = true (default)
2019-06-14 09:26:40,507 INFO  server.RaftServerConfigKeys (ConfUtils.java:logGet(43)) - raft.server.log.force.sync.num = 128 (default)
2019-06-14 09:26:40,511 INFO  server.RaftServerConfigKeys (ConfUtils.java:logGet(43)) - raft.server.log.statemachine.data.sync.timeout = 10s (default)
2019-06-14 09:26:40,511 INFO  server.RaftServerConfigKeys (ConfUtils.java:logGet(43)) - raft.server.log.statemachine.data.sync = true (default)
2019-06-14 09:26:40,511 INFO  server.RaftServerConfigKeys (ConfUtils.java:logGet(43)) - raft.server.log.statemachine.data.sync.timeout.retry = -1 (default)
2019-06-14 09:26:40,511 INFO  server.RaftServerConfigKeys (ConfUtils.java:logGet(43)) - raft.server.log.statemachine.data.caching.enabled = true (custom)
2019-06-14 09:26:40,514 INFO  server.RaftServerConfigKeys (ConfUtils.java:logGet(43)) - raft.server.snapshot.auto.trigger.enabled = true (custom)
2019-06-14 09:26:40,512 INFO  server.RaftServerConfigKeys (ConfUtils.java:logGet(43)) - raft.server.log.statemachine.data.sync.timeout = 10s (default)
2019-06-14 09:26:40,514 INFO  server.RaftServerConfigKeys (ConfUtils.java:logGet(43)) - raft.server.snapshot.auto.trigger.threshold = 10000 (custom)
2019-06-14 09:26:40,514 INFO  server.RaftServerConfigKeys (ConfUtils.java:logGet(43)) - raft.server.log.statemachine.data.sync.timeout.retry = -1 (default)
2019-06-14 09:26:40,514 INFO  server.RaftServerConfigKeys (ConfUtils.java:logGet(43)) - raft.server.retrycache.expirytime = 600000ms (custom)
2019-06-14 09:26:40,514 INFO  server.RaftServerConfigKeys (ConfUtils.java:logGet(43)) - raft.server.log.statemachine.data.caching.enabled = true (custom)
2019-06-14 09:26:40,514 INFO  impl.RaftServerImpl (RaftServerImpl.java:start(173)) - 4ebab438-e752-420d-bd3d-a089bab95497: start group-BE40097412C1
2019-06-14 09:26:40,514 INFO  impl.RaftServerImpl (RaftServerImpl.java:setRole(164)) - 4ebab438-e752-420d-bd3d-a089bab95497:group-BE40097412C1 changes role from null to FOLLOWER at term 0 for startAsFollower
2019-06-14 09:26:40,514 INFO  server.RaftServerConfigKeys (ConfUtils.java:logGet(43)) - raft.server.snapshot.auto.trigger.enabled = true (custom)
2019-06-14 09:26:40,515 INFO  server.RaftServerConfigKeys (ConfUtils.java:logGet(43)) - raft.server.snapshot.auto.trigger.threshold = 10000 (custom)
2019-06-14 09:26:40,514 INFO  impl.RoleInfo (RoleInfo.java:updateAndGet(143)) - 4ebab438-e752-420d-bd3d-a089bab95497: start FollowerState
2019-06-14 09:26:40,515 INFO  server.RaftServerConfigKeys (ConfUtils.java:logGet(43)) - raft.server.retrycache.expirytime = 600000ms (custom)
2019-06-14 09:26:40,515 INFO  impl.RaftServerImpl (RaftServerImpl.java:start(173)) - 6a374a49-46bc-4cb8-948f-dd9cee960a77: start group-BE40097412C1
2019-06-14 09:26:40,515 INFO  util.JmxRegister (JmxRegister.java:tryRegister(44)) - Successfully registered JMX Bean with object name Ratis:service=RaftServer,group=group-BE40097412C1,id=4ebab438-e752-420d-bd3d-a089bab95497
2019-06-14 09:26:40,515 INFO  impl.RaftServerImpl (RaftServerImpl.java:setRole(164)) - 6a374a49-46bc-4cb8-948f-dd9cee960a77:group-BE40097412C1 changes role from null to FOLLOWER at term 0 for startAsFollower
2019-06-14 09:26:40,515 INFO  impl.RoleInfo (RoleInfo.java:updateAndGet(143)) - 6a374a49-46bc-4cb8-948f-dd9cee960a77: start FollowerState
2019-06-14 09:26:40,516 INFO  util.JmxRegister (JmxRegister.java:tryRegister(44)) - Successfully registered JMX Bean with object name Ratis:service=RaftServer,group=group-BE40097412C1,id=6a374a49-46bc-4cb8-948f-dd9cee960a77
2019-06-14 09:26:40,529 INFO  pipeline.PipelineStateManager (PipelineStateManager.java:addPipeline(56)) - Created pipeline Pipeline[ Id: aca5c058-70e3-4d48-b4a4-be40097412c1, Nodes: 137a3d69-75fe-4559-9cd3-eefeec23dc9c{ip: 192.168.134.103, host: ozone-j9z4j-712025750, networkLocation: /default-rack, certSerialId: null}4ebab438-e752-420d-bd3d-a089bab95497{ip: 192.168.134.103, host: ozone-j9z4j-712025750, networkLocation: /default-rack, certSerialId: null}6a374a49-46bc-4cb8-948f-dd9cee960a77{ip: 192.168.134.103, host: ozone-j9z4j-712025750, networkLocation: /default-rack, certSerialId: null}, Type:RATIS, Factor:THREE, State:OPEN]
2019-06-14 09:26:40,542 INFO  impl.RaftServerProxy (RaftServerProxy.java:addNew(89)) - ebdb340b-c8ae-4a67-9184-619ea52d881e: addNew group-026F1637B39F:[ebdb340b-c8ae-4a67-9184-619ea52d881e:192.168.134.103:42357] returns group-026F1637B39F:java.util.concurrent.CompletableFuture@6044f77c[Not completed]
2019-06-14 09:26:40,543 INFO  impl.RaftServerImpl (RaftServerImpl.java:<init>(91)) - ebdb340b-c8ae-4a67-9184-619ea52d881e: new RaftServerImpl for group-026F1637B39F:[ebdb340b-c8ae-4a67-9184-619ea52d881e:192.168.134.103:42357] with ContainerStateMachine:uninitialized
2019-06-14 09:26:40,546 INFO  server.RaftServerConfigKeys (ConfUtils.java:logGet(43)) - raft.server.rpc.timeout.min = 1s (custom)
2019-06-14 09:26:40,546 INFO  server.RaftServerConfigKeys (ConfUtils.java:logGet(43)) - raft.server.rpc.timeout.max = 1200ms (custom)
2019-06-14 09:26:40,546 INFO  server.RaftServerConfigKeys (ConfUtils.java:logGet(43)) - raft.server.rpcslowness.timeout = 10s (custom)
2019-06-14 09:26:40,546 INFO  server.RaftServerConfigKeys (ConfUtils.java:logGet(43)) - raft.server.log.appender.install.snapshot.enabled = true (default)
2019-06-14 09:26:40,546 INFO  impl.RaftServerImpl (ServerState.java:<init>(101)) - ebdb340b-c8ae-4a67-9184-619ea52d881e:group-026F1637B39F ConfigurationManager, init=-1: [ebdb340b-c8ae-4a67-9184-619ea52d881e:192.168.134.103:42357], old=null, confs=<EMPTY_MAP>
2019-06-14 09:26:40,546 INFO  server.RaftServerConfigKeys (ConfUtils.java:logGet(43)) - raft.server.storage.dir = [/opt/src/hadoop-ozone/integration-test/target/test-dir/MiniOzoneClusterImpl-80abfd4d-faac-4cca-ada4-9fafc84234d6/datanode-4/data/ratis] (custom)
2019-06-14 09:26:40,547 INFO  storage.RaftStorageDirectory (RaftStorageDirectory.java:analyzeStorage(246)) - The storage directory /opt/src/hadoop-ozone/integration-test/target/test-dir/MiniOzoneClusterImpl-80abfd4d-faac-4cca-ada4-9fafc84234d6/datanode-4/data/ratis/365306f8-5292-4939-a626-026f1637b39f does not exist. Creating ...
2019-06-14 09:26:40,549 INFO  storage.RaftStorageDirectory (RaftStorageDirectory.java:tryLock(328)) - Lock on /opt/src/hadoop-ozone/integration-test/target/test-dir/MiniOzoneClusterImpl-80abfd4d-faac-4cca-ada4-9fafc84234d6/datanode-4/data/ratis/365306f8-5292-4939-a626-026f1637b39f/in_use.lock acquired by nodename 10169@ozone-j9z4j-712025750
2019-06-14 09:26:40,551 INFO  storage.RaftStorage (RaftStorage.java:format(75)) - Storage directory /opt/src/hadoop-ozone/integration-test/target/test-dir/MiniOzoneClusterImpl-80abfd4d-faac-4cca-ada4-9fafc84234d6/datanode-4/data/ratis/365306f8-5292-4939-a626-026f1637b39f has been successfully formatted.
2019-06-14 09:26:40,551 INFO  ratis.ContainerStateMachine (ContainerStateMachine.java:loadSnapshot(199)) - The snapshot info is null.Setting the last applied index to:(t:0, i:~)
2019-06-14 09:26:40,551 INFO  server.RaftServerConfigKeys (ConfUtils.java:logGet(43)) - raft.server.leader.election.timeout = 10s (custom)
2019-06-14 09:26:40,551 INFO  server.RaftServerConfigKeys (ConfUtils.java:logGet(43)) - raft.server.log.use.memory = false (default)
2019-06-14 09:26:40,551 INFO  server.RaftServerConfigKeys (ConfUtils.java:logGet(43)) - raft.server.log.appender.buffer.byte-limit = 33554432 (custom)
2019-06-14 09:26:40,551 INFO  server.RaftServerConfigKeys (ConfUtils.java:logGet(43)) - raft.server.log.segment.size.max = 16384 (custom)
2019-06-14 09:26:40,551 INFO  server.RaftServerConfigKeys (ConfUtils.java:logGet(43)) - raft.server.log.segment.cache.num.max = 2 (custom)
2019-06-14 09:26:40,551 INFO  storage.RaftLogWorker (RaftLogWorker.java:<init>(123)) - new ebdb340b-c8ae-4a67-9184-619ea52d881e-RaftLogWorker for Storage Directory /opt/src/hadoop-ozone/integration-test/target/test-dir/MiniOzoneClusterImpl-80abfd4d-faac-4cca-ada4-9fafc84234d6/datanode-4/data/ratis/365306f8-5292-4939-a626-026f1637b39f
2019-06-14 09:26:40,551 INFO  server.RaftServerConfigKeys (ConfUtils.java:logGet(43)) - raft.server.log.queue.byte-limit = 2147483647 (custom)
2019-06-14 09:26:40,551 INFO  server.RaftServerConfigKeys (ConfUtils.java:logGet(43)) - raft.server.log.queue.element-limit = 1024 (custom)
2019-06-14 09:26:40,552 INFO  server.RaftServerConfigKeys (ConfUtils.java:logGet(43)) - raft.server.log.segment.size.max = 16384 (custom)
2019-06-14 09:26:40,552 INFO  server.RaftServerConfigKeys (ConfUtils.java:logGet(43)) - raft.server.log.preallocated.size = 16384 (custom)
2019-06-14 09:26:40,552 INFO  server.RaftServerConfigKeys (ConfUtils.java:logGet(43)) - raft.server.log.write.buffer.size = 33554432 (custom)
2019-06-14 09:26:40,552 INFO  server.RaftServerConfigKeys (ConfUtils.java:logGet(43)) - raft.server.log.force.sync.num = 128 (default)
2019-06-14 09:26:40,552 INFO  server.RaftServerConfigKeys (ConfUtils.java:logGet(43)) - raft.server.log.statemachine.data.sync = true (default)
2019-06-14 09:26:40,552 INFO  server.RaftServerConfigKeys (ConfUtils.java:logGet(43)) - raft.server.log.statemachine.data.sync.timeout = 10s (default)
2019-06-14 09:26:40,552 INFO  server.RaftServerConfigKeys (ConfUtils.java:logGet(43)) - raft.server.log.statemachine.data.sync.timeout.retry = -1 (default)
2019-06-14 09:26:40,552 INFO  server.RaftServerConfigKeys (ConfUtils.java:logGet(43)) - raft.server.log.statemachine.data.caching.enabled = true (custom)
2019-06-14 09:26:40,554 INFO  server.RaftServerConfigKeys (ConfUtils.java:logGet(43)) - raft.server.snapshot.auto.trigger.enabled = true (custom)
2019-06-14 09:26:40,554 INFO  server.RaftServerConfigKeys (ConfUtils.java:logGet(43)) - raft.server.snapshot.auto.trigger.threshold = 10000 (custom)
2019-06-14 09:26:40,554 INFO  server.RaftServerConfigKeys (ConfUtils.java:logGet(43)) - raft.server.retrycache.expirytime = 600000ms (custom)
2019-06-14 09:26:40,554 INFO  impl.RaftServerImpl (RaftServerImpl.java:start(173)) - ebdb340b-c8ae-4a67-9184-619ea52d881e: start group-026F1637B39F
2019-06-14 09:26:40,554 INFO  impl.RaftServerImpl (RaftServerImpl.java:setRole(164)) - ebdb340b-c8ae-4a67-9184-619ea52d881e:group-026F1637B39F changes role from null to FOLLOWER at term 0 for startAsFollower
2019-06-14 09:26:40,554 INFO  impl.RoleInfo (RoleInfo.java:updateAndGet(143)) - ebdb340b-c8ae-4a67-9184-619ea52d881e: start FollowerState
2019-06-14 09:26:40,555 INFO  util.JmxRegister (JmxRegister.java:tryRegister(44)) - Successfully registered JMX Bean with object name Ratis:service=RaftServer,group=group-026F1637B39F,id=ebdb340b-c8ae-4a67-9184-619ea52d881e
2019-06-14 09:26:40,560 INFO  pipeline.PipelineStateManager (PipelineStateManager.java:addPipeline(56)) - Created pipeline Pipeline[ Id: 365306f8-5292-4939-a626-026f1637b39f, Nodes: ebdb340b-c8ae-4a67-9184-619ea52d881e{ip: 192.168.134.103, host: ozone-j9z4j-712025750, networkLocation: /default-rack, certSerialId: null}, Type:RATIS, Factor:ONE, State:OPEN]
2019-06-14 09:26:40,660 INFO  ozone.MiniOzoneClusterImpl (MiniOzoneClusterImpl.java:lambda$waitForClusterToBeReady$0(142)) - Waiting for cluster to be ready. Got 5 of 6 DN Heartbeats.
2019-06-14 09:26:40,673 INFO  node.SCMNodeManager (SCMNodeManager.java:register(234)) - Registered Data node : 32f225e7-4f2f-4d89-8c5b-d077f8dd08c3{ip: 192.168.134.103, host: ozone-j9z4j-712025750, networkLocation: /default-rack, certSerialId: null}
2019-06-14 09:26:40,686 INFO  impl.RaftServerProxy (RaftServerProxy.java:addNew(89)) - 32f225e7-4f2f-4d89-8c5b-d077f8dd08c3: addNew group-B0F9E536F651:[32f225e7-4f2f-4d89-8c5b-d077f8dd08c3:192.168.134.103:32987] returns group-B0F9E536F651:java.util.concurrent.CompletableFuture@65ae84ab[Not completed]
2019-06-14 09:26:40,687 INFO  impl.RaftServerImpl (RaftServerImpl.java:<init>(91)) - 32f225e7-4f2f-4d89-8c5b-d077f8dd08c3: new RaftServerImpl for group-B0F9E536F651:[32f225e7-4f2f-4d89-8c5b-d077f8dd08c3:192.168.134.103:32987] with ContainerStateMachine:uninitialized
2019-06-14 09:26:40,687 INFO  server.RaftServerConfigKeys (ConfUtils.java:logGet(43)) - raft.server.rpc.timeout.min = 1s (custom)
2019-06-14 09:26:40,687 INFO  server.RaftServerConfigKeys (ConfUtils.java:logGet(43)) - raft.server.rpc.timeout.max = 1200ms (custom)
2019-06-14 09:26:40,687 INFO  server.RaftServerConfigKeys (ConfUtils.java:logGet(43)) - raft.server.rpcslowness.timeout = 10s (custom)
2019-06-14 09:26:40,687 INFO  server.RaftServerConfigKeys (ConfUtils.java:logGet(43)) - raft.server.log.appender.install.snapshot.enabled = true (default)
2019-06-14 09:26:40,687 INFO  impl.RaftServerImpl (ServerState.java:<init>(101)) - 32f225e7-4f2f-4d89-8c5b-d077f8dd08c3:group-B0F9E536F651 ConfigurationManager, init=-1: [32f225e7-4f2f-4d89-8c5b-d077f8dd08c3:192.168.134.103:32987], old=null, confs=<EMPTY_MAP>
2019-06-14 09:26:40,688 INFO  server.RaftServerConfigKeys (ConfUtils.java:logGet(43)) - raft.server.storage.dir = [/opt/src/hadoop-ozone/integration-test/target/test-dir/MiniOzoneClusterImpl-80abfd4d-faac-4cca-ada4-9fafc84234d6/datanode-5/data/ratis] (custom)
2019-06-14 09:26:40,688 INFO  storage.RaftStorageDirectory (RaftStorageDirectory.java:analyzeStorage(246)) - The storage directory /opt/src/hadoop-ozone/integration-test/target/test-dir/MiniOzoneClusterImpl-80abfd4d-faac-4cca-ada4-9fafc84234d6/datanode-5/data/ratis/b1904bd4-9fb0-416f-9f18-b0f9e536f651 does not exist. Creating ...
2019-06-14 09:26:40,690 INFO  storage.RaftStorageDirectory (RaftStorageDirectory.java:tryLock(328)) - Lock on /opt/src/hadoop-ozone/integration-test/target/test-dir/MiniOzoneClusterImpl-80abfd4d-faac-4cca-ada4-9fafc84234d6/datanode-5/data/ratis/b1904bd4-9fb0-416f-9f18-b0f9e536f651/in_use.lock acquired by nodename 10169@ozone-j9z4j-712025750
2019-06-14 09:26:40,692 INFO  storage.RaftStorage (RaftStorage.java:format(75)) - Storage directory /opt/src/hadoop-ozone/integration-test/target/test-dir/MiniOzoneClusterImpl-80abfd4d-faac-4cca-ada4-9fafc84234d6/datanode-5/data/ratis/b1904bd4-9fb0-416f-9f18-b0f9e536f651 has been successfully formatted.
2019-06-14 09:26:40,692 INFO  ratis.ContainerStateMachine (ContainerStateMachine.java:loadSnapshot(199)) - The snapshot info is null.Setting the last applied index to:(t:0, i:~)
2019-06-14 09:26:40,692 INFO  server.RaftServerConfigKeys (ConfUtils.java:logGet(43)) - raft.server.leader.election.timeout = 10s (custom)
2019-06-14 09:26:40,692 INFO  server.RaftServerConfigKeys (ConfUtils.java:logGet(43)) - raft.server.log.use.memory = false (default)
2019-06-14 09:26:40,692 INFO  server.RaftServerConfigKeys (ConfUtils.java:logGet(43)) - raft.server.log.appender.buffer.byte-limit = 33554432 (custom)
2019-06-14 09:26:40,692 INFO  server.RaftServerConfigKeys (ConfUtils.java:logGet(43)) - raft.server.log.segment.size.max = 16384 (custom)
2019-06-14 09:26:40,692 INFO  server.RaftServerConfigKeys (ConfUtils.java:logGet(43)) - raft.server.log.segment.cache.num.max = 2 (custom)
2019-06-14 09:26:40,693 INFO  storage.RaftLogWorker (RaftLogWorker.java:<init>(123)) - new 32f225e7-4f2f-4d89-8c5b-d077f8dd08c3-RaftLogWorker for Storage Directory /opt/src/hadoop-ozone/integration-test/target/test-dir/MiniOzoneClusterImpl-80abfd4d-faac-4cca-ada4-9fafc84234d6/datanode-5/data/ratis/b1904bd4-9fb0-416f-9f18-b0f9e536f651
2019-06-14 09:26:40,693 INFO  server.RaftServerConfigKeys (ConfUtils.java:logGet(43)) - raft.server.log.queue.byte-limit = 2147483647 (custom)
2019-06-14 09:26:40,693 INFO  server.RaftServerConfigKeys (ConfUtils.java:logGet(43)) - raft.server.log.queue.element-limit = 1024 (custom)
2019-06-14 09:26:40,693 INFO  server.RaftServerConfigKeys (ConfUtils.java:logGet(43)) - raft.server.log.segment.size.max = 16384 (custom)
2019-06-14 09:26:40,693 INFO  server.RaftServerConfigKeys (ConfUtils.java:logGet(43)) - raft.server.log.preallocated.size = 16384 (custom)
2019-06-14 09:26:40,693 INFO  server.RaftServerConfigKeys (ConfUtils.java:logGet(43)) - raft.server.log.write.buffer.size = 33554432 (custom)
2019-06-14 09:26:40,693 INFO  server.RaftServerConfigKeys (ConfUtils.java:logGet(43)) - raft.server.log.force.sync.num = 128 (default)
2019-06-14 09:26:40,693 INFO  server.RaftServerConfigKeys (ConfUtils.java:logGet(43)) - raft.server.log.statemachine.data.sync = true (default)
2019-06-14 09:26:40,693 INFO  server.RaftServerConfigKeys (ConfUtils.java:logGet(43)) - raft.server.log.statemachine.data.sync.timeout = 10s (default)
2019-06-14 09:26:40,693 INFO  server.RaftServerConfigKeys (ConfUtils.java:logGet(43)) - raft.server.log.statemachine.data.sync.timeout.retry = -1 (default)
2019-06-14 09:26:40,693 INFO  server.RaftServerConfigKeys (ConfUtils.java:logGet(43)) - raft.server.log.statemachine.data.caching.enabled = true (custom)
2019-06-14 09:26:40,694 INFO  server.RaftServerConfigKeys (ConfUtils.java:logGet(43)) - raft.server.snapshot.auto.trigger.enabled = true (custom)
2019-06-14 09:26:40,694 INFO  server.RaftServerConfigKeys (ConfUtils.java:logGet(43)) - raft.server.snapshot.auto.trigger.threshold = 10000 (custom)
2019-06-14 09:26:40,694 INFO  server.RaftServerConfigKeys (ConfUtils.java:logGet(43)) - raft.server.retrycache.expirytime = 600000ms (custom)
2019-06-14 09:26:40,694 INFO  impl.RaftServerImpl (RaftServerImpl.java:start(173)) - 32f225e7-4f2f-4d89-8c5b-d077f8dd08c3: start group-B0F9E536F651
2019-06-14 09:26:40,694 INFO  impl.RaftServerImpl (RaftServerImpl.java:setRole(164)) - 32f225e7-4f2f-4d89-8c5b-d077f8dd08c3:group-B0F9E536F651 changes role from null to FOLLOWER at term 0 for startAsFollower
2019-06-14 09:26:40,694 INFO  impl.RoleInfo (RoleInfo.java:updateAndGet(143)) - 32f225e7-4f2f-4d89-8c5b-d077f8dd08c3: start FollowerState
2019-06-14 09:26:40,694 INFO  util.JmxRegister (JmxRegister.java:tryRegister(44)) - Successfully registered JMX Bean with object name Ratis:service=RaftServer,group=group-B0F9E536F651,id=32f225e7-4f2f-4d89-8c5b-d077f8dd08c3
2019-06-14 09:26:40,698 INFO  pipeline.PipelineStateManager (PipelineStateManager.java:addPipeline(56)) - Created pipeline Pipeline[ Id: b1904bd4-9fb0-416f-9f18-b0f9e536f651, Nodes: 32f225e7-4f2f-4d89-8c5b-d077f8dd08c3{ip: 192.168.134.103, host: ozone-j9z4j-712025750, networkLocation: /default-rack, certSerialId: null}, Type:RATIS, Factor:ONE, State:OPEN]
2019-06-14 09:26:40,719 INFO  impl.RaftServerProxy (RaftServerProxy.java:addNew(89)) - 105ac101-2f2e-49c6-aa53-34202b6ce7c2: addNew group-729AE7D877FD:[32f225e7-4f2f-4d89-8c5b-d077f8dd08c3:192.168.134.103:32987, ebdb340b-c8ae-4a67-9184-619ea52d881e:192.168.134.103:42357, 105ac101-2f2e-49c6-aa53-34202b6ce7c2:192.168.134.103:37461] returns group-729AE7D877FD:java.util.concurrent.CompletableFuture@60ca3e42[Not completed]
2019-06-14 09:26:40,719 INFO  impl.RaftServerImpl (RaftServerImpl.java:<init>(91)) - 105ac101-2f2e-49c6-aa53-34202b6ce7c2: new RaftServerImpl for group-729AE7D877FD:[32f225e7-4f2f-4d89-8c5b-d077f8dd08c3:192.168.134.103:32987, ebdb340b-c8ae-4a67-9184-619ea52d881e:192.168.134.103:42357, 105ac101-2f2e-49c6-aa53-34202b6ce7c2:192.168.134.103:37461] with ContainerStateMachine:uninitialized
2019-06-14 09:26:40,719 INFO  server.RaftServerConfigKeys (ConfUtils.java:logGet(43)) - raft.server.rpc.timeout.min = 1s (custom)
2019-06-14 09:26:40,719 INFO  server.RaftServerConfigKeys (ConfUtils.java:logGet(43)) - raft.server.rpc.timeout.max = 1200ms (custom)
2019-06-14 09:26:40,720 INFO  server.RaftServerConfigKeys (ConfUtils.java:logGet(43)) - raft.server.rpcslowness.timeout = 10s (custom)
2019-06-14 09:26:40,720 INFO  server.RaftServerConfigKeys (ConfUtils.java:logGet(43)) - raft.server.log.appender.install.snapshot.enabled = true (default)
2019-06-14 09:26:40,720 INFO  impl.RaftServerImpl (ServerState.java:<init>(101)) - 105ac101-2f2e-49c6-aa53-34202b6ce7c2:group-729AE7D877FD ConfigurationManager, init=-1: [32f225e7-4f2f-4d89-8c5b-d077f8dd08c3:192.168.134.103:32987, ebdb340b-c8ae-4a67-9184-619ea52d881e:192.168.134.103:42357, 105ac101-2f2e-49c6-aa53-34202b6ce7c2:192.168.134.103:37461], old=null, confs=<EMPTY_MAP>
2019-06-14 09:26:40,720 INFO  server.RaftServerConfigKeys (ConfUtils.java:logGet(43)) - raft.server.storage.dir = [/opt/src/hadoop-ozone/integration-test/target/test-dir/MiniOzoneClusterImpl-80abfd4d-faac-4cca-ada4-9fafc84234d6/datanode-3/data/ratis] (custom)
2019-06-14 09:26:40,720 INFO  storage.RaftStorageDirectory (RaftStorageDirectory.java:analyzeStorage(246)) - The storage directory /opt/src/hadoop-ozone/integration-test/target/test-dir/MiniOzoneClusterImpl-80abfd4d-faac-4cca-ada4-9fafc84234d6/datanode-3/data/ratis/fc411eea-8c33-4f05-8814-729ae7d877fd does not exist. Creating ...
2019-06-14 09:26:40,721 INFO  impl.RaftServerProxy (RaftServerProxy.java:addNew(89)) - ebdb340b-c8ae-4a67-9184-619ea52d881e: addNew group-729AE7D877FD:[32f225e7-4f2f-4d89-8c5b-d077f8dd08c3:192.168.134.103:32987, ebdb340b-c8ae-4a67-9184-619ea52d881e:192.168.134.103:42357, 105ac101-2f2e-49c6-aa53-34202b6ce7c2:192.168.134.103:37461] returns group-729AE7D877FD:java.util.concurrent.CompletableFuture@68b99170[Not completed]
2019-06-14 09:26:40,722 INFO  impl.RaftServerImpl (RaftServerImpl.java:<init>(91)) - ebdb340b-c8ae-4a67-9184-619ea52d881e: new RaftServerImpl for group-729AE7D877FD:[32f225e7-4f2f-4d89-8c5b-d077f8dd08c3:192.168.134.103:32987, ebdb340b-c8ae-4a67-9184-619ea52d881e:192.168.134.103:42357, 105ac101-2f2e-49c6-aa53-34202b6ce7c2:192.168.134.103:37461] with ContainerStateMachine:uninitialized
2019-06-14 09:26:40,722 INFO  server.RaftServerConfigKeys (ConfUtils.java:logGet(43)) - raft.server.rpc.timeout.min = 1s (custom)
2019-06-14 09:26:40,722 INFO  server.RaftServerConfigKeys (ConfUtils.java:logGet(43)) - raft.server.rpc.timeout.max = 1200ms (custom)
2019-06-14 09:26:40,722 INFO  server.RaftServerConfigKeys (ConfUtils.java:logGet(43)) - raft.server.rpcslowness.timeout = 10s (custom)
2019-06-14 09:26:40,722 INFO  server.RaftServerConfigKeys (ConfUtils.java:logGet(43)) - raft.server.log.appender.install.snapshot.enabled = true (default)
2019-06-14 09:26:40,722 INFO  impl.RaftServerImpl (ServerState.java:<init>(101)) - ebdb340b-c8ae-4a67-9184-619ea52d881e:group-729AE7D877FD ConfigurationManager, init=-1: [32f225e7-4f2f-4d89-8c5b-d077f8dd08c3:192.168.134.103:32987, ebdb340b-c8ae-4a67-9184-619ea52d881e:192.168.134.103:42357, 105ac101-2f2e-49c6-aa53-34202b6ce7c2:192.168.134.103:37461], old=null, confs=<EMPTY_MAP>
2019-06-14 09:26:40,722 INFO  storage.RaftStorageDirectory (RaftStorageDirectory.java:tryLock(328)) - Lock on /opt/src/hadoop-ozone/integration-test/target/test-dir/MiniOzoneClusterImpl-80abfd4d-faac-4cca-ada4-9fafc84234d6/datanode-3/data/ratis/fc411eea-8c33-4f05-8814-729ae7d877fd/in_use.lock acquired by nodename 10169@ozone-j9z4j-712025750
2019-06-14 09:26:40,722 INFO  server.RaftServerConfigKeys (ConfUtils.java:logGet(43)) - raft.server.storage.dir = [/opt/src/hadoop-ozone/integration-test/target/test-dir/MiniOzoneClusterImpl-80abfd4d-faac-4cca-ada4-9fafc84234d6/datanode-4/data/ratis] (custom)
2019-06-14 09:26:40,723 INFO  storage.RaftStorageDirectory (RaftStorageDirectory.java:analyzeStorage(246)) - The storage directory /opt/src/hadoop-ozone/integration-test/target/test-dir/MiniOzoneClusterImpl-80abfd4d-faac-4cca-ada4-9fafc84234d6/datanode-4/data/ratis/fc411eea-8c33-4f05-8814-729ae7d877fd does not exist. Creating ...
2019-06-14 09:26:40,724 INFO  impl.RaftServerProxy (RaftServerProxy.java:addNew(89)) - 32f225e7-4f2f-4d89-8c5b-d077f8dd08c3: addNew group-729AE7D877FD:[32f225e7-4f2f-4d89-8c5b-d077f8dd08c3:192.168.134.103:32987, ebdb340b-c8ae-4a67-9184-619ea52d881e:192.168.134.103:42357, 105ac101-2f2e-49c6-aa53-34202b6ce7c2:192.168.134.103:37461] returns group-729AE7D877FD:java.util.concurrent.CompletableFuture@49349e10[Not completed]
2019-06-14 09:26:40,724 INFO  storage.RaftStorageDirectory (RaftStorageDirectory.java:tryLock(328)) - Lock on /opt/src/hadoop-ozone/integration-test/target/test-dir/MiniOzoneClusterImpl-80abfd4d-faac-4cca-ada4-9fafc84234d6/datanode-4/data/ratis/fc411eea-8c33-4f05-8814-729ae7d877fd/in_use.lock acquired by nodename 10169@ozone-j9z4j-712025750
2019-06-14 09:26:40,725 INFO  storage.RaftStorage (RaftStorage.java:format(75)) - Storage directory /opt/src/hadoop-ozone/integration-test/target/test-dir/MiniOzoneClusterImpl-80abfd4d-faac-4cca-ada4-9fafc84234d6/datanode-3/data/ratis/fc411eea-8c33-4f05-8814-729ae7d877fd has been successfully formatted.
2019-06-14 09:26:40,725 INFO  ratis.ContainerStateMachine (ContainerStateMachine.java:loadSnapshot(199)) - The snapshot info is null.Setting the last applied index to:(t:0, i:~)
2019-06-14 09:26:40,725 INFO  server.RaftServerConfigKeys (ConfUtils.java:logGet(43)) - raft.server.leader.election.timeout = 10s (custom)
2019-06-14 09:26:40,725 INFO  server.RaftServerConfigKeys (ConfUtils.java:logGet(43)) - raft.server.log.use.memory = false (default)
2019-06-14 09:26:40,725 INFO  server.RaftServerConfigKeys (ConfUtils.java:logGet(43)) - raft.server.log.appender.buffer.byte-limit = 33554432 (custom)
2019-06-14 09:26:40,725 INFO  server.RaftServerConfigKeys (ConfUtils.java:logGet(43)) - raft.server.log.segment.size.max = 16384 (custom)
2019-06-14 09:26:40,725 INFO  server.RaftServerConfigKeys (ConfUtils.java:logGet(43)) - raft.server.log.segment.cache.num.max = 2 (custom)
2019-06-14 09:26:40,726 INFO  storage.RaftLogWorker (RaftLogWorker.java:<init>(123)) - new 105ac101-2f2e-49c6-aa53-34202b6ce7c2-RaftLogWorker for Storage Directory /opt/src/hadoop-ozone/integration-test/target/test-dir/MiniOzoneClusterImpl-80abfd4d-faac-4cca-ada4-9fafc84234d6/datanode-3/data/ratis/fc411eea-8c33-4f05-8814-729ae7d877fd
2019-06-14 09:26:40,726 INFO  server.RaftServerConfigKeys (ConfUtils.java:logGet(43)) - raft.server.log.queue.byte-limit = 2147483647 (custom)
2019-06-14 09:26:40,726 INFO  server.RaftServerConfigKeys (ConfUtils.java:logGet(43)) - raft.server.log.queue.element-limit = 1024 (custom)
2019-06-14 09:26:40,726 INFO  server.RaftServerConfigKeys (ConfUtils.java:logGet(43)) - raft.server.log.segment.size.max = 16384 (custom)
2019-06-14 09:26:40,726 INFO  server.RaftServerConfigKeys (ConfUtils.java:logGet(43)) - raft.server.log.preallocated.size = 16384 (custom)
2019-06-14 09:26:40,726 INFO  impl.RaftServerImpl (RaftServerImpl.java:<init>(91)) - 32f225e7-4f2f-4d89-8c5b-d077f8dd08c3: new RaftServerImpl for group-729AE7D877FD:[32f225e7-4f2f-4d89-8c5b-d077f8dd08c3:192.168.134.103:32987, ebdb340b-c8ae-4a67-9184-619ea52d881e:192.168.134.103:42357, 105ac101-2f2e-49c6-aa53-34202b6ce7c2:192.168.134.103:37461] with ContainerStateMachine:uninitialized
2019-06-14 09:26:40,726 INFO  server.RaftServerConfigKeys (ConfUtils.java:logGet(43)) - raft.server.log.write.buffer.size = 33554432 (custom)
2019-06-14 09:26:40,726 INFO  server.RaftServerConfigKeys (ConfUtils.java:logGet(43)) - raft.server.log.force.sync.num = 128 (default)
2019-06-14 09:26:40,726 INFO  server.RaftServerConfigKeys (ConfUtils.java:logGet(43)) - raft.server.log.statemachine.data.sync = true (default)
2019-06-14 09:26:40,726 INFO  server.RaftServerConfigKeys (ConfUtils.java:logGet(43)) - raft.server.log.statemachine.data.sync.timeout = 10s (default)
2019-06-14 09:26:40,726 INFO  server.RaftServerConfigKeys (ConfUtils.java:logGet(43)) - raft.server.log.statemachine.data.sync.timeout.retry = -1 (default)
2019-06-14 09:26:40,727 INFO  server.RaftServerConfigKeys (ConfUtils.java:logGet(43)) - raft.server.log.statemachine.data.caching.enabled = true (custom)
2019-06-14 09:26:40,727 INFO  storage.RaftStorage (RaftStorage.java:format(75)) - Storage directory /opt/src/hadoop-ozone/integration-test/target/test-dir/MiniOzoneClusterImpl-80abfd4d-faac-4cca-ada4-9fafc84234d6/datanode-4/data/ratis/fc411eea-8c33-4f05-8814-729ae7d877fd has been successfully formatted.
2019-06-14 09:26:40,727 INFO  ratis.ContainerStateMachine (ContainerStateMachine.java:loadSnapshot(199)) - The snapshot info is null.Setting the last applied index to:(t:0, i:~)
2019-06-14 09:26:40,727 INFO  server.RaftServerConfigKeys (ConfUtils.java:logGet(43)) - raft.server.leader.election.timeout = 10s (custom)
2019-06-14 09:26:40,727 INFO  server.RaftServerConfigKeys (ConfUtils.java:logGet(43)) - raft.server.snapshot.auto.trigger.enabled = true (custom)
2019-06-14 09:26:40,727 INFO  server.RaftServerConfigKeys (ConfUtils.java:logGet(43)) - raft.server.rpc.timeout.min = 1s (custom)
2019-06-14 09:26:40,727 INFO  server.RaftServerConfigKeys (ConfUtils.java:logGet(43)) - raft.server.rpc.timeout.max = 1200ms (custom)
2019-06-14 09:26:40,727 INFO  server.RaftServerConfigKeys (ConfUtils.java:logGet(43)) - raft.server.rpcslowness.timeout = 10s (custom)
2019-06-14 09:26:40,727 INFO  server.RaftServerConfigKeys (ConfUtils.java:logGet(43)) - raft.server.log.appender.install.snapshot.enabled = true (default)
2019-06-14 09:26:40,728 INFO  impl.RaftServerImpl (ServerState.java:<init>(101)) - 32f225e7-4f2f-4d89-8c5b-d077f8dd08c3:group-729AE7D877FD ConfigurationManager, init=-1: [32f225e7-4f2f-4d89-8c5b-d077f8dd08c3:192.168.134.103:32987, ebdb340b-c8ae-4a67-9184-619ea52d881e:192.168.134.103:42357, 105ac101-2f2e-49c6-aa53-34202b6ce7c2:192.168.134.103:37461], old=null, confs=<EMPTY_MAP>
2019-06-14 09:26:40,728 INFO  server.RaftServerConfigKeys (ConfUtils.java:logGet(43)) - raft.server.storage.dir = [/opt/src/hadoop-ozone/integration-test/target/test-dir/MiniOzoneClusterImpl-80abfd4d-faac-4cca-ada4-9fafc84234d6/datanode-5/data/ratis] (custom)
2019-06-14 09:26:40,728 INFO  storage.RaftStorageDirectory (RaftStorageDirectory.java:analyzeStorage(246)) - The storage directory /opt/src/hadoop-ozone/integration-test/target/test-dir/MiniOzoneClusterImpl-80abfd4d-faac-4cca-ada4-9fafc84234d6/datanode-5/data/ratis/fc411eea-8c33-4f05-8814-729ae7d877fd does not exist. Creating ...
2019-06-14 09:26:40,727 INFO  server.RaftServerConfigKeys (ConfUtils.java:logGet(43)) - raft.server.log.use.memory = false (default)
2019-06-14 09:26:40,727 INFO  server.RaftServerConfigKeys (ConfUtils.java:logGet(43)) - raft.server.snapshot.auto.trigger.threshold = 10000 (custom)
2019-06-14 09:26:40,728 INFO  server.RaftServerConfigKeys (ConfUtils.java:logGet(43)) - raft.server.log.appender.buffer.byte-limit = 33554432 (custom)
2019-06-14 09:26:40,728 INFO  server.RaftServerConfigKeys (ConfUtils.java:logGet(43)) - raft.server.retrycache.expirytime = 600000ms (custom)
2019-06-14 09:26:40,728 INFO  server.RaftServerConfigKeys (ConfUtils.java:logGet(43)) - raft.server.log.segment.size.max = 16384 (custom)
2019-06-14 09:26:40,729 INFO  impl.RaftServerImpl (RaftServerImpl.java:start(173)) - 105ac101-2f2e-49c6-aa53-34202b6ce7c2: start group-729AE7D877FD
2019-06-14 09:26:40,729 INFO  server.RaftServerConfigKeys (ConfUtils.java:logGet(43)) - raft.server.log.segment.cache.num.max = 2 (custom)
2019-06-14 09:26:40,729 INFO  impl.RaftServerImpl (RaftServerImpl.java:setRole(164)) - 105ac101-2f2e-49c6-aa53-34202b6ce7c2:group-729AE7D877FD changes role from null to FOLLOWER at term 0 for startAsFollower
2019-06-14 09:26:40,729 INFO  storage.RaftLogWorker (RaftLogWorker.java:<init>(123)) - new ebdb340b-c8ae-4a67-9184-619ea52d881e-RaftLogWorker for Storage Directory /opt/src/hadoop-ozone/integration-test/target/test-dir/MiniOzoneClusterImpl-80abfd4d-faac-4cca-ada4-9fafc84234d6/datanode-4/data/ratis/fc411eea-8c33-4f05-8814-729ae7d877fd
2019-06-14 09:26:40,729 INFO  impl.RoleInfo (RoleInfo.java:updateAndGet(143)) - 105ac101-2f2e-49c6-aa53-34202b6ce7c2: start FollowerState
2019-06-14 09:26:40,729 INFO  server.RaftServerConfigKeys (ConfUtils.java:logGet(43)) - raft.server.log.queue.byte-limit = 2147483647 (custom)
2019-06-14 09:26:40,729 INFO  server.RaftServerConfigKeys (ConfUtils.java:logGet(43)) - raft.server.log.queue.element-limit = 1024 (custom)
2019-06-14 09:26:40,729 INFO  server.RaftServerConfigKeys (ConfUtils.java:logGet(43)) - raft.server.log.segment.size.max = 16384 (custom)
2019-06-14 09:26:40,729 INFO  util.JmxRegister (JmxRegister.java:tryRegister(44)) - Successfully registered JMX Bean with object name Ratis:service=RaftServer,group=group-729AE7D877FD,id=105ac101-2f2e-49c6-aa53-34202b6ce7c2
2019-06-14 09:26:40,729 INFO  server.RaftServerConfigKeys (ConfUtils.java:logGet(43)) - raft.server.log.preallocated.size = 16384 (custom)
2019-06-14 09:26:40,730 INFO  server.RaftServerConfigKeys (ConfUtils.java:logGet(43)) - raft.server.log.write.buffer.size = 33554432 (custom)
2019-06-14 09:26:40,730 INFO  server.RaftServerConfigKeys (ConfUtils.java:logGet(43)) - raft.server.log.force.sync.num = 128 (default)
2019-06-14 09:26:40,730 INFO  storage.RaftStorageDirectory (RaftStorageDirectory.java:tryLock(328)) - Lock on /opt/src/hadoop-ozone/integration-test/target/test-dir/MiniOzoneClusterImpl-80abfd4d-faac-4cca-ada4-9fafc84234d6/datanode-5/data/ratis/fc411eea-8c33-4f05-8814-729ae7d877fd/in_use.lock acquired by nodename 10169@ozone-j9z4j-712025750
2019-06-14 09:26:40,730 INFO  server.RaftServerConfigKeys (ConfUtils.java:logGet(43)) - raft.server.log.statemachine.data.sync = true (default)
2019-06-14 09:26:40,730 INFO  server.RaftServerConfigKeys (ConfUtils.java:logGet(43)) - raft.server.log.statemachine.data.sync.timeout = 10s (default)
2019-06-14 09:26:40,730 INFO  server.RaftServerConfigKeys (ConfUtils.java:logGet(43)) - raft.server.log.statemachine.data.sync.timeout.retry = -1 (default)
2019-06-14 09:26:40,730 INFO  server.RaftServerConfigKeys (ConfUtils.java:logGet(43)) - raft.server.log.statemachine.data.caching.enabled = true (custom)
2019-06-14 09:26:40,732 INFO  storage.RaftStorage (RaftStorage.java:format(75)) - Storage directory /opt/src/hadoop-ozone/integration-test/target/test-dir/MiniOzoneClusterImpl-80abfd4d-faac-4cca-ada4-9fafc84234d6/datanode-5/data/ratis/fc411eea-8c33-4f05-8814-729ae7d877fd has been successfully formatted.
2019-06-14 09:26:40,732 INFO  server.RaftServerConfigKeys (ConfUtils.java:logGet(43)) - raft.server.snapshot.auto.trigger.enabled = true (custom)
2019-06-14 09:26:40,732 INFO  ratis.ContainerStateMachine (ContainerStateMachine.java:loadSnapshot(199)) - The snapshot info is null.Setting the last applied index to:(t:0, i:~)
2019-06-14 09:26:40,732 INFO  server.RaftServerConfigKeys (ConfUtils.java:logGet(43)) - raft.server.leader.election.timeout = 10s (custom)
2019-06-14 09:26:40,732 INFO  server.RaftServerConfigKeys (ConfUtils.java:logGet(43)) - raft.server.log.use.memory = false (default)
2019-06-14 09:26:40,733 INFO  server.RaftServerConfigKeys (ConfUtils.java:logGet(43)) - raft.server.log.appender.buffer.byte-limit = 33554432 (custom)
2019-06-14 09:26:40,733 INFO  server.RaftServerConfigKeys (ConfUtils.java:logGet(43)) - raft.server.log.segment.size.max = 16384 (custom)
2019-06-14 09:26:40,733 INFO  server.RaftServerConfigKeys (ConfUtils.java:logGet(43)) - raft.server.log.segment.cache.num.max = 2 (custom)
2019-06-14 09:26:40,732 INFO  server.RaftServerConfigKeys (ConfUtils.java:logGet(43)) - raft.server.snapshot.auto.trigger.threshold = 10000 (custom)
2019-06-14 09:26:40,735 INFO  server.RaftServerConfigKeys (ConfUtils.java:logGet(43)) - raft.server.retrycache.expirytime = 600000ms (custom)
2019-06-14 09:26:40,735 INFO  storage.RaftLogWorker (RaftLogWorker.java:<init>(123)) - new 32f225e7-4f2f-4d89-8c5b-d077f8dd08c3-RaftLogWorker for Storage Directory /opt/src/hadoop-ozone/integration-test/target/test-dir/MiniOzoneClusterImpl-80abfd4d-faac-4cca-ada4-9fafc84234d6/datanode-5/data/ratis/fc411eea-8c33-4f05-8814-729ae7d877fd
2019-06-14 09:26:40,736 INFO  impl.RaftServerImpl (RaftServerImpl.java:start(173)) - ebdb340b-c8ae-4a67-9184-619ea52d881e: start group-729AE7D877FD
2019-06-14 09:26:40,736 INFO  server.RaftServerConfigKeys (ConfUtils.java:logGet(43)) - raft.server.log.queue.byte-limit = 2147483647 (custom)
2019-06-14 09:26:40,736 INFO  impl.RaftServerImpl (RaftServerImpl.java:setRole(164)) - ebdb340b-c8ae-4a67-9184-619ea52d881e:group-729AE7D877FD changes role from null to FOLLOWER at term 0 for startAsFollower
2019-06-14 09:26:40,736 INFO  server.RaftServerConfigKeys (ConfUtils.java:logGet(43)) - raft.server.log.queue.element-limit = 1024 (custom)
2019-06-14 09:26:40,736 INFO  impl.RoleInfo (RoleInfo.java:updateAndGet(143)) - ebdb340b-c8ae-4a67-9184-619ea52d881e: start FollowerState
2019-06-14 09:26:40,736 INFO  server.RaftServerConfigKeys (ConfUtils.java:logGet(43)) - raft.server.log.segment.size.max = 16384 (custom)
2019-06-14 09:26:40,736 INFO  server.RaftServerConfigKeys (ConfUtils.java:logGet(43)) - raft.server.log.preallocated.size = 16384 (custom)
2019-06-14 09:26:40,736 INFO  server.RaftServerConfigKeys (ConfUtils.java:logGet(43)) - raft.server.log.write.buffer.size = 33554432 (custom)
2019-06-14 09:26:40,736 INFO  server.RaftServerConfigKeys (ConfUtils.java:logGet(43)) - raft.server.log.force.sync.num = 128 (default)
2019-06-14 09:26:40,736 INFO  server.RaftServerConfigKeys (ConfUtils.java:logGet(43)) - raft.server.log.statemachine.data.sync = true (default)
2019-06-14 09:26:40,736 INFO  server.RaftServerConfigKeys (ConfUtils.java:logGet(43)) - raft.server.log.statemachine.data.sync.timeout = 10s (default)
2019-06-14 09:26:40,736 INFO  server.RaftServerConfigKeys (ConfUtils.java:logGet(43)) - raft.server.log.statemachine.data.sync.timeout.retry = -1 (default)
2019-06-14 09:26:40,736 INFO  server.RaftServerConfigKeys (ConfUtils.java:logGet(43)) - raft.server.log.statemachine.data.caching.enabled = true (custom)
2019-06-14 09:26:40,737 INFO  util.JmxRegister (JmxRegister.java:tryRegister(44)) - Successfully registered JMX Bean with object name Ratis:service=RaftServer,group=group-729AE7D877FD,id=ebdb340b-c8ae-4a67-9184-619ea52d881e
2019-06-14 09:26:40,737 INFO  server.RaftServerConfigKeys (ConfUtils.java:logGet(43)) - raft.server.snapshot.auto.trigger.enabled = true (custom)
2019-06-14 09:26:40,737 INFO  server.RaftServerConfigKeys (ConfUtils.java:logGet(43)) - raft.server.snapshot.auto.trigger.threshold = 10000 (custom)
2019-06-14 09:26:40,737 INFO  server.RaftServerConfigKeys (ConfUtils.java:logGet(43)) - raft.server.retrycache.expirytime = 600000ms (custom)
2019-06-14 09:26:40,737 INFO  impl.RaftServerImpl (RaftServerImpl.java:start(173)) - 32f225e7-4f2f-4d89-8c5b-d077f8dd08c3: start group-729AE7D877FD
2019-06-14 09:26:40,737 INFO  impl.RaftServerImpl (RaftServerImpl.java:setRole(164)) - 32f225e7-4f2f-4d89-8c5b-d077f8dd08c3:group-729AE7D877FD changes role from null to FOLLOWER at term 0 for startAsFollower
2019-06-14 09:26:40,737 INFO  impl.RoleInfo (RoleInfo.java:updateAndGet(143)) - 32f225e7-4f2f-4d89-8c5b-d077f8dd08c3: start FollowerState
2019-06-14 09:26:40,739 INFO  util.JmxRegister (JmxRegister.java:tryRegister(44)) - Successfully registered JMX Bean with object name Ratis:service=RaftServer,group=group-729AE7D877FD,id=32f225e7-4f2f-4d89-8c5b-d077f8dd08c3
2019-06-14 09:26:40,747 INFO  pipeline.PipelineStateManager (PipelineStateManager.java:addPipeline(56)) - Created pipeline Pipeline[ Id: fc411eea-8c33-4f05-8814-729ae7d877fd, Nodes: ebdb340b-c8ae-4a67-9184-619ea52d881e{ip: 192.168.134.103, host: ozone-j9z4j-712025750, networkLocation: /default-rack, certSerialId: null}32f225e7-4f2f-4d89-8c5b-d077f8dd08c3{ip: 192.168.134.103, host: ozone-j9z4j-712025750, networkLocation: /default-rack, certSerialId: null}105ac101-2f2e-49c6-aa53-34202b6ce7c2{ip: 192.168.134.103, host: ozone-j9z4j-712025750, networkLocation: /default-rack, certSerialId: null}, Type:RATIS, Factor:THREE, State:OPEN]
2019-06-14 09:26:41,382 INFO  impl.FollowerState (FollowerState.java:run(101)) - 4ebab438-e752-420d-bd3d-a089bab95497:group-FA23A3CC534C changes to CANDIDATE, lastRpcTime:1040, electionTimeout:1039ms
2019-06-14 09:26:41,382 INFO  impl.RoleInfo (RoleInfo.java:shutdownFollowerState(121)) - 4ebab438-e752-420d-bd3d-a089bab95497: shutdown FollowerState
2019-06-14 09:26:41,382 INFO  impl.RaftServerImpl (RaftServerImpl.java:setRole(164)) - 4ebab438-e752-420d-bd3d-a089bab95497:group-FA23A3CC534C changes role from FOLLOWER to CANDIDATE at term 0 for changeToCandidate
2019-06-14 09:26:41,384 INFO  impl.RoleInfo (RoleInfo.java:updateAndGet(143)) - 4ebab438-e752-420d-bd3d-a089bab95497: start LeaderElection
2019-06-14 09:26:41,390 INFO  impl.LeaderElection (LeaderElection.java:askForVotes(181)) - 4ebab438-e752-420d-bd3d-a089bab95497:group-FA23A3CC534C:LeaderElection1: begin an election at term 1 for -1: [4ebab438-e752-420d-bd3d-a089bab95497:192.168.134.103:34507], old=null
2019-06-14 09:26:41,392 INFO  impl.RoleInfo (RoleInfo.java:shutdownLeaderElection(134)) - 4ebab438-e752-420d-bd3d-a089bab95497: shutdown LeaderElection
2019-06-14 09:26:41,392 INFO  impl.RaftServerImpl (RaftServerImpl.java:setRole(164)) - 4ebab438-e752-420d-bd3d-a089bab95497:group-FA23A3CC534C changes role from CANDIDATE to LEADER at term 1 for changeToLeader
2019-06-14 09:26:41,392 INFO  impl.RaftServerImpl (ServerState.java:setLeader(263)) - 4ebab438-e752-420d-bd3d-a089bab95497:group-FA23A3CC534C change Leader from null to 4ebab438-e752-420d-bd3d-a089bab95497 at term 1 for becomeLeader, leader elected after 1054ms
2019-06-14 09:26:41,400 INFO  server.RaftServerConfigKeys (ConfUtils.java:logGet(43)) - raft.server.staging.catchup.gap = 1000 (default)
2019-06-14 09:26:41,400 INFO  server.RaftServerConfigKeys (ConfUtils.java:logGet(43)) - raft.server.rpc.sleep.time = 25ms (default)
2019-06-14 09:26:41,403 INFO  server.RaftServerConfigKeys (ConfUtils.java:logGet(43)) - raft.server.watch.timeout = 10s (default)
2019-06-14 09:26:41,403 INFO  server.RaftServerConfigKeys (ConfUtils.java:logGet(43)) - raft.server.watch.timeout.denomination = 1s (default)
2019-06-14 09:26:41,409 INFO  impl.RoleInfo (RoleInfo.java:updateAndGet(143)) - 4ebab438-e752-420d-bd3d-a089bab95497: start LeaderState
2019-06-14 09:26:41,423 INFO  storage.RaftLogWorker (RaftLogWorker.java:startLogSegment(298)) - 4ebab438-e752-420d-bd3d-a089bab95497-RaftLogWorker: Starting segment from index:0
2019-06-14 09:26:41,430 INFO  impl.RaftServerImpl (ServerState.java:setRaftConf(361)) - 4ebab438-e752-420d-bd3d-a089bab95497:group-FA23A3CC534C set configuration 0: [4ebab438-e752-420d-bd3d-a089bab95497:192.168.134.103:34507], old=null at 0
2019-06-14 09:26:41,462 INFO  impl.FollowerState (FollowerState.java:run(101)) - 137a3d69-75fe-4559-9cd3-eefeec23dc9c:group-E0794B5D7AE8 changes to CANDIDATE, lastRpcTime:1195, electionTimeout:1194ms
2019-06-14 09:26:41,463 INFO  impl.RoleInfo (RoleInfo.java:shutdownFollowerState(121)) - 137a3d69-75fe-4559-9cd3-eefeec23dc9c: shutdown FollowerState
2019-06-14 09:26:41,463 INFO  impl.RaftServerImpl (RaftServerImpl.java:setRole(164)) - 137a3d69-75fe-4559-9cd3-eefeec23dc9c:group-E0794B5D7AE8 changes role from FOLLOWER to CANDIDATE at term 0 for changeToCandidate
2019-06-14 09:26:41,463 INFO  impl.RoleInfo (RoleInfo.java:updateAndGet(143)) - 137a3d69-75fe-4559-9cd3-eefeec23dc9c: start LeaderElection
2019-06-14 09:26:41,469 INFO  impl.LeaderElection (LeaderElection.java:askForVotes(181)) - 137a3d69-75fe-4559-9cd3-eefeec23dc9c:group-E0794B5D7AE8:LeaderElection2: begin an election at term 1 for -1: [137a3d69-75fe-4559-9cd3-eefeec23dc9c:192.168.134.103:33187], old=null
2019-06-14 09:26:41,470 INFO  impl.RoleInfo (RoleInfo.java:shutdownLeaderElection(134)) - 137a3d69-75fe-4559-9cd3-eefeec23dc9c: shutdown LeaderElection
2019-06-14 09:26:41,470 INFO  impl.RaftServerImpl (RaftServerImpl.java:setRole(164)) - 137a3d69-75fe-4559-9cd3-eefeec23dc9c:group-E0794B5D7AE8 changes role from CANDIDATE to LEADER at term 1 for changeToLeader
2019-06-14 09:26:41,474 INFO  impl.RaftServerImpl (ServerState.java:setLeader(263)) - 137a3d69-75fe-4559-9cd3-eefeec23dc9c:group-E0794B5D7AE8 change Leader from null to 137a3d69-75fe-4559-9cd3-eefeec23dc9c at term 1 for becomeLeader, leader elected after 1360ms
2019-06-14 09:26:41,474 INFO  server.RaftServerConfigKeys (ConfUtils.java:logGet(43)) - raft.server.staging.catchup.gap = 1000 (default)
2019-06-14 09:26:41,474 INFO  server.RaftServerConfigKeys (ConfUtils.java:logGet(43)) - raft.server.rpc.sleep.time = 25ms (default)
2019-06-14 09:26:41,474 INFO  server.RaftServerConfigKeys (ConfUtils.java:logGet(43)) - raft.server.watch.timeout = 10s (default)
2019-06-14 09:26:41,474 INFO  server.RaftServerConfigKeys (ConfUtils.java:logGet(43)) - raft.server.watch.timeout.denomination = 1s (default)
2019-06-14 09:26:41,475 INFO  impl.RoleInfo (RoleInfo.java:updateAndGet(143)) - 137a3d69-75fe-4559-9cd3-eefeec23dc9c: start LeaderState
2019-06-14 09:26:41,475 INFO  storage.RaftLogWorker (RaftLogWorker.java:startLogSegment(298)) - 137a3d69-75fe-4559-9cd3-eefeec23dc9c-RaftLogWorker: Starting segment from index:0
2019-06-14 09:26:41,475 INFO  impl.RaftServerImpl (ServerState.java:setRaftConf(361)) - 137a3d69-75fe-4559-9cd3-eefeec23dc9c:group-E0794B5D7AE8 set configuration 0: [137a3d69-75fe-4559-9cd3-eefeec23dc9c:192.168.134.103:33187], old=null at 0
2019-06-14 09:26:41,515 INFO  impl.FollowerState (FollowerState.java:run(101)) - 105ac101-2f2e-49c6-aa53-34202b6ce7c2:group-A03666DDBF47 changes to CANDIDATE, lastRpcTime:1066, electionTimeout:1066ms
2019-06-14 09:26:41,515 INFO  impl.RoleInfo (RoleInfo.java:shutdownFollowerState(121)) - 105ac101-2f2e-49c6-aa53-34202b6ce7c2: shutdown FollowerState
2019-06-14 09:26:41,515 INFO  impl.RaftServerImpl (RaftServerImpl.java:setRole(164)) - 105ac101-2f2e-49c6-aa53-34202b6ce7c2:group-A03666DDBF47 changes role from FOLLOWER to CANDIDATE at term 0 for changeToCandidate
2019-06-14 09:26:41,516 INFO  impl.RoleInfo (RoleInfo.java:updateAndGet(143)) - 105ac101-2f2e-49c6-aa53-34202b6ce7c2: start LeaderElection
2019-06-14 09:26:41,525 INFO  impl.LeaderElection (LeaderElection.java:askForVotes(181)) - 105ac101-2f2e-49c6-aa53-34202b6ce7c2:group-A03666DDBF47:LeaderElection3: begin an election at term 1 for -1: [105ac101-2f2e-49c6-aa53-34202b6ce7c2:192.168.134.103:37461], old=null
2019-06-14 09:26:41,526 INFO  impl.RoleInfo (RoleInfo.java:shutdownLeaderElection(134)) - 105ac101-2f2e-49c6-aa53-34202b6ce7c2: shutdown LeaderElection
2019-06-14 09:26:41,526 INFO  impl.RaftServerImpl (RaftServerImpl.java:setRole(164)) - 105ac101-2f2e-49c6-aa53-34202b6ce7c2:group-A03666DDBF47 changes role from CANDIDATE to LEADER at term 1 for changeToLeader
2019-06-14 09:26:41,526 INFO  impl.RaftServerImpl (ServerState.java:setLeader(263)) - 105ac101-2f2e-49c6-aa53-34202b6ce7c2:group-A03666DDBF47 change Leader from null to 105ac101-2f2e-49c6-aa53-34202b6ce7c2 at term 1 for becomeLeader, leader elected after 1078ms
2019-06-14 09:26:41,527 INFO  server.RaftServerConfigKeys (ConfUtils.java:logGet(43)) - raft.server.staging.catchup.gap = 1000 (default)
2019-06-14 09:26:41,527 INFO  server.RaftServerConfigKeys (ConfUtils.java:logGet(43)) - raft.server.rpc.sleep.time = 25ms (default)
2019-06-14 09:26:41,527 INFO  server.RaftServerConfigKeys (ConfUtils.java:logGet(43)) - raft.server.watch.timeout = 10s (default)
2019-06-14 09:26:41,527 INFO  server.RaftServerConfigKeys (ConfUtils.java:logGet(43)) - raft.server.watch.timeout.denomination = 1s (default)
2019-06-14 09:26:41,527 INFO  impl.RoleInfo (RoleInfo.java:updateAndGet(143)) - 105ac101-2f2e-49c6-aa53-34202b6ce7c2: start LeaderState
2019-06-14 09:26:41,528 INFO  storage.RaftLogWorker (RaftLogWorker.java:startLogSegment(298)) - 105ac101-2f2e-49c6-aa53-34202b6ce7c2-RaftLogWorker: Starting segment from index:0
2019-06-14 09:26:41,529 INFO  impl.RaftServerImpl (ServerState.java:setRaftConf(361)) - 105ac101-2f2e-49c6-aa53-34202b6ce7c2:group-A03666DDBF47 set configuration 0: [105ac101-2f2e-49c6-aa53-34202b6ce7c2:192.168.134.103:37461], old=null at 0
2019-06-14 09:26:41,588 INFO  impl.FollowerState (FollowerState.java:run(101)) - ebdb340b-c8ae-4a67-9184-619ea52d881e:group-026F1637B39F changes to CANDIDATE, lastRpcTime:1033, electionTimeout:1033ms
2019-06-14 09:26:41,588 INFO  impl.RoleInfo (RoleInfo.java:shutdownFollowerState(121)) - ebdb340b-c8ae-4a67-9184-619ea52d881e: shutdown FollowerState
2019-06-14 09:26:41,588 INFO  impl.RaftServerImpl (RaftServerImpl.java:setRole(164)) - ebdb340b-c8ae-4a67-9184-619ea52d881e:group-026F1637B39F changes role from FOLLOWER to CANDIDATE at term 0 for changeToCandidate
2019-06-14 09:26:41,588 INFO  impl.RoleInfo (RoleInfo.java:updateAndGet(143)) - ebdb340b-c8ae-4a67-9184-619ea52d881e: start LeaderElection
2019-06-14 09:26:41,603 INFO  impl.FollowerState (FollowerState.java:run(101)) - 6a374a49-46bc-4cb8-948f-dd9cee960a77:group-1747E126A364 changes to CANDIDATE, lastRpcTime:1188, electionTimeout:1178ms
2019-06-14 09:26:41,604 INFO  impl.RoleInfo (RoleInfo.java:shutdownFollowerState(121)) - 6a374a49-46bc-4cb8-948f-dd9cee960a77: shutdown FollowerState
2019-06-14 09:26:41,604 INFO  impl.RaftServerImpl (RaftServerImpl.java:setRole(164)) - 6a374a49-46bc-4cb8-948f-dd9cee960a77:group-1747E126A364 changes role from FOLLOWER to CANDIDATE at term 0 for changeToCandidate
2019-06-14 09:26:41,604 INFO  impl.RoleInfo (RoleInfo.java:updateAndGet(143)) - 6a374a49-46bc-4cb8-948f-dd9cee960a77: start LeaderElection
2019-06-14 09:26:41,611 INFO  impl.LeaderElection (LeaderElection.java:askForVotes(181)) - ebdb340b-c8ae-4a67-9184-619ea52d881e:group-026F1637B39F:LeaderElection4: begin an election at term 1 for -1: [ebdb340b-c8ae-4a67-9184-619ea52d881e:192.168.134.103:42357], old=null
2019-06-14 09:26:41,617 INFO  impl.RoleInfo (RoleInfo.java:shutdownLeaderElection(134)) - ebdb340b-c8ae-4a67-9184-619ea52d881e: shutdown LeaderElection
2019-06-14 09:26:41,617 INFO  impl.RaftServerImpl (RaftServerImpl.java:setRole(164)) - ebdb340b-c8ae-4a67-9184-619ea52d881e:group-026F1637B39F changes role from CANDIDATE to LEADER at term 1 for changeToLeader
2019-06-14 09:26:41,617 INFO  impl.RaftServerImpl (ServerState.java:setLeader(263)) - ebdb340b-c8ae-4a67-9184-619ea52d881e:group-026F1637B39F change Leader from null to ebdb340b-c8ae-4a67-9184-619ea52d881e at term 1 for becomeLeader, leader elected after 1066ms
2019-06-14 09:26:41,619 INFO  server.RaftServerConfigKeys (ConfUtils.java:logGet(43)) - raft.server.staging.catchup.gap = 1000 (default)
2019-06-14 09:26:41,619 INFO  server.RaftServerConfigKeys (ConfUtils.java:logGet(43)) - raft.server.rpc.sleep.time = 25ms (default)
2019-06-14 09:26:41,619 INFO  server.RaftServerConfigKeys (ConfUtils.java:logGet(43)) - raft.server.watch.timeout = 10s (default)
2019-06-14 09:26:41,619 INFO  server.RaftServerConfigKeys (ConfUtils.java:logGet(43)) - raft.server.watch.timeout.denomination = 1s (default)
2019-06-14 09:26:41,619 INFO  impl.RoleInfo (RoleInfo.java:updateAndGet(143)) - ebdb340b-c8ae-4a67-9184-619ea52d881e: start LeaderState
2019-06-14 09:26:41,619 INFO  storage.RaftLogWorker (RaftLogWorker.java:startLogSegment(298)) - ebdb340b-c8ae-4a67-9184-619ea52d881e-RaftLogWorker: Starting segment from index:0
2019-06-14 09:26:41,620 INFO  storage.RaftLogWorker (RaftLogWorker.java:execute(469)) - 4ebab438-e752-420d-bd3d-a089bab95497-RaftLogWorker: created new log segment /opt/src/hadoop-ozone/integration-test/target/test-dir/MiniOzoneClusterImpl-80abfd4d-faac-4cca-ada4-9fafc84234d6/datanode-1/data/ratis/02a6e269-2178-44ae-aec9-fa23a3cc534c/current/log_inprogress_0
2019-06-14 09:26:41,621 INFO  storage.RaftLogWorker (RaftLogWorker.java:execute(469)) - 137a3d69-75fe-4559-9cd3-eefeec23dc9c-RaftLogWorker: created new log segment /opt/src/hadoop-ozone/integration-test/target/test-dir/MiniOzoneClusterImpl-80abfd4d-faac-4cca-ada4-9fafc84234d6/datanode-0/data/ratis/c2cb348b-411c-4edf-a372-e0794b5d7ae8/current/log_inprogress_0
2019-06-14 09:26:41,621 INFO  impl.LeaderElection (LeaderElection.java:askForVotes(181)) - 6a374a49-46bc-4cb8-948f-dd9cee960a77:group-1747E126A364:LeaderElection5: begin an election at term 1 for -1: [6a374a49-46bc-4cb8-948f-dd9cee960a77:192.168.134.103:43697], old=null
2019-06-14 09:26:41,621 INFO  impl.RoleInfo (RoleInfo.java:shutdownLeaderElection(134)) - 6a374a49-46bc-4cb8-948f-dd9cee960a77: shutdown LeaderElection
2019-06-14 09:26:41,621 INFO  impl.RaftServerImpl (RaftServerImpl.java:setRole(164)) - 6a374a49-46bc-4cb8-948f-dd9cee960a77:group-1747E126A364 changes role from CANDIDATE to LEADER at term 1 for changeToLeader
2019-06-14 09:26:41,621 INFO  impl.RaftServerImpl (ServerState.java:setLeader(263)) - 6a374a49-46bc-4cb8-948f-dd9cee960a77:group-1747E126A364 change Leader from null to 6a374a49-46bc-4cb8-948f-dd9cee960a77 at term 1 for becomeLeader, leader elected after 1211ms
2019-06-14 09:26:41,637 INFO  server.RaftServerConfigKeys (ConfUtils.java:logGet(43)) - raft.server.staging.catchup.gap = 1000 (default)
2019-06-14 09:26:41,637 INFO  impl.RaftServerImpl (ServerState.java:setRaftConf(361)) - ebdb340b-c8ae-4a67-9184-619ea52d881e:group-026F1637B39F set configuration 0: [ebdb340b-c8ae-4a67-9184-619ea52d881e:192.168.134.103:42357], old=null at 0
2019-06-14 09:26:41,638 INFO  server.RaftServerConfigKeys (ConfUtils.java:logGet(43)) - raft.server.rpc.sleep.time = 25ms (default)
2019-06-14 09:26:41,655 INFO  impl.FollowerState (FollowerState.java:run(101)) - 137a3d69-75fe-4559-9cd3-eefeec23dc9c:group-BE40097412C1 changes to CANDIDATE, lastRpcTime:1153, electionTimeout:1150ms
2019-06-14 09:26:41,655 INFO  impl.RoleInfo (RoleInfo.java:shutdownFollowerState(121)) - 137a3d69-75fe-4559-9cd3-eefeec23dc9c: shutdown FollowerState
2019-06-14 09:26:41,655 INFO  storage.RaftLogWorker (RaftLogWorker.java:execute(469)) - 105ac101-2f2e-49c6-aa53-34202b6ce7c2-RaftLogWorker: created new log segment /opt/src/hadoop-ozone/integration-test/target/test-dir/MiniOzoneClusterImpl-80abfd4d-faac-4cca-ada4-9fafc84234d6/datanode-3/data/ratis/b050fcd4-9964-4fc9-92f8-a03666ddbf47/current/log_inprogress_0
2019-06-14 09:26:41,655 INFO  impl.FollowerState (FollowerState.java:run(101)) - 4ebab438-e752-420d-bd3d-a089bab95497:group-BE40097412C1 changes to CANDIDATE, lastRpcTime:1140, electionTimeout:1125ms
2019-06-14 09:26:41,655 INFO  impl.RaftServerImpl (RaftServerImpl.java:setRole(164)) - 137a3d69-75fe-4559-9cd3-eefeec23dc9c:group-BE40097412C1 changes role from FOLLOWER to CANDIDATE at term 0 for changeToCandidate
2019-06-14 09:26:41,655 INFO  server.RaftServerConfigKeys (ConfUtils.java:logGet(43)) - raft.server.watch.timeout = 10s (default)
2019-06-14 09:26:41,655 INFO  impl.RoleInfo (RoleInfo.java:updateAndGet(143)) - 137a3d69-75fe-4559-9cd3-eefeec23dc9c: start LeaderElection
2019-06-14 09:26:41,655 INFO  impl.RoleInfo (RoleInfo.java:shutdownFollowerState(121)) - 4ebab438-e752-420d-bd3d-a089bab95497: shutdown FollowerState
2019-06-14 09:26:41,656 INFO  impl.RaftServerImpl (RaftServerImpl.java:setRole(164)) - 4ebab438-e752-420d-bd3d-a089bab95497:group-BE40097412C1 changes role from FOLLOWER to CANDIDATE at term 0 for changeToCandidate
2019-06-14 09:26:41,656 INFO  impl.RoleInfo (RoleInfo.java:updateAndGet(143)) - 4ebab438-e752-420d-bd3d-a089bab95497: start LeaderElection
2019-06-14 09:26:41,655 INFO  server.RaftServerConfigKeys (ConfUtils.java:logGet(43)) - raft.server.watch.timeout.denomination = 1s (default)
2019-06-14 09:26:41,656 INFO  impl.RoleInfo (RoleInfo.java:updateAndGet(143)) - 6a374a49-46bc-4cb8-948f-dd9cee960a77: start LeaderState
2019-06-14 09:26:41,656 INFO  storage.RaftLogWorker (RaftLogWorker.java:startLogSegment(298)) - 6a374a49-46bc-4cb8-948f-dd9cee960a77-RaftLogWorker: Starting segment from index:0
2019-06-14 09:26:41,657 INFO  storage.RaftLogWorker (RaftLogWorker.java:execute(469)) - ebdb340b-c8ae-4a67-9184-619ea52d881e-RaftLogWorker: created new log segment /opt/src/hadoop-ozone/integration-test/target/test-dir/MiniOzoneClusterImpl-80abfd4d-faac-4cca-ada4-9fafc84234d6/datanode-4/data/ratis/365306f8-5292-4939-a626-026f1637b39f/current/log_inprogress_0
2019-06-14 09:26:41,661 INFO  ozone.MiniOzoneClusterImpl (MiniOzoneClusterImpl.java:lambda$waitForClusterToBeReady$0(142)) - Cluster is ready. Got 6 of 6 DN Heartbeats.
2019-06-14 09:26:41,676 INFO  impl.RaftServerImpl (ServerState.java:setRaftConf(361)) - 6a374a49-46bc-4cb8-948f-dd9cee960a77:group-1747E126A364 set configuration 0: [6a374a49-46bc-4cb8-948f-dd9cee960a77:192.168.134.103:43697], old=null at 0
2019-06-14 09:26:41,681 INFO  impl.LeaderElection (LeaderElection.java:askForVotes(181)) - 137a3d69-75fe-4559-9cd3-eefeec23dc9c:group-BE40097412C1:LeaderElection6: begin an election at term 1 for -1: [6a374a49-46bc-4cb8-948f-dd9cee960a77:192.168.134.103:43697, 4ebab438-e752-420d-bd3d-a089bab95497:192.168.134.103:34507, 137a3d69-75fe-4559-9cd3-eefeec23dc9c:192.168.134.103:33187], old=null
2019-06-14 09:26:41,699 INFO  impl.FollowerState (FollowerState.java:run(101)) - 6a374a49-46bc-4cb8-948f-dd9cee960a77:group-BE40097412C1 changes to CANDIDATE, lastRpcTime:1183, electionTimeout:1179ms
2019-06-14 09:26:41,699 INFO  impl.RoleInfo (RoleInfo.java:shutdownFollowerState(121)) - 6a374a49-46bc-4cb8-948f-dd9cee960a77: shutdown FollowerState
2019-06-14 09:26:41,699 INFO  impl.RaftServerImpl (RaftServerImpl.java:setRole(164)) - 6a374a49-46bc-4cb8-948f-dd9cee960a77:group-BE40097412C1 changes role from FOLLOWER to CANDIDATE at term 0 for changeToCandidate
2019-06-14 09:26:41,699 INFO  impl.RoleInfo (RoleInfo.java:updateAndGet(143)) - 6a374a49-46bc-4cb8-948f-dd9cee960a77: start LeaderElection
2019-06-14 09:26:41,700 INFO  impl.LeaderElection (LeaderElection.java:askForVotes(181)) - 4ebab438-e752-420d-bd3d-a089bab95497:group-BE40097412C1:LeaderElection7: begin an election at term 1 for -1: [6a374a49-46bc-4cb8-948f-dd9cee960a77:192.168.134.103:43697, 4ebab438-e752-420d-bd3d-a089bab95497:192.168.134.103:34507, 137a3d69-75fe-4559-9cd3-eefeec23dc9c:192.168.134.103:33187], old=null
2019-06-14 09:26:41,701 INFO  storage.RaftLogWorker (RaftLogWorker.java:execute(469)) - 6a374a49-46bc-4cb8-948f-dd9cee960a77-RaftLogWorker: created new log segment /opt/src/hadoop-ozone/integration-test/target/test-dir/MiniOzoneClusterImpl-80abfd4d-faac-4cca-ada4-9fafc84234d6/datanode-2/data/ratis/b26c0efa-a427-4b82-9c40-1747e126a364/current/log_inprogress_0
2019-06-14 09:26:41,715 INFO  impl.LeaderElection (LeaderElection.java:askForVotes(181)) - 6a374a49-46bc-4cb8-948f-dd9cee960a77:group-BE40097412C1:LeaderElection8: begin an election at term 1 for -1: [6a374a49-46bc-4cb8-948f-dd9cee960a77:192.168.134.103:43697, 4ebab438-e752-420d-bd3d-a089bab95497:192.168.134.103:34507, 137a3d69-75fe-4559-9cd3-eefeec23dc9c:192.168.134.103:33187], old=null
]]></system-out>
    <system-err><![CDATA[ERROR StatusLogger No Log4j 2 configuration file found. Using default configuration (logging only errors to the console), or user programmatically provided configurations. Set system property 'log4j2.debug' to show Log4j 2 internal initialization logging. See https://logging.apache.org/log4j/2.x/manual/configuration.html for instructions on how to configure Log4j 2
Jun 14, 2019 9:26:35 AM com.sun.jersey.server.impl.application.WebApplicationImpl _initiate
INFO: Initiating Jersey application, version 'Jersey: 1.19 02/11/2015 03:25 AM'
Jun 14, 2019 9:26:35 AM com.sun.jersey.server.impl.application.WebApplicationImpl _initiate
INFO: Initiating Jersey application, version 'Jersey: 1.19 02/11/2015 03:25 AM'
Jun 14, 2019 9:26:35 AM com.sun.jersey.server.impl.application.WebApplicationImpl _initiate
INFO: Initiating Jersey application, version 'Jersey: 1.19 02/11/2015 03:25 AM'
Jun 14, 2019 9:26:36 AM com.sun.jersey.server.impl.application.WebApplicationImpl _initiate
INFO: Initiating Jersey application, version 'Jersey: 1.19 02/11/2015 03:25 AM'
Jun 14, 2019 9:26:36 AM com.sun.jersey.server.impl.application.WebApplicationImpl _initiate
INFO: Initiating Jersey application, version 'Jersey: 1.19 02/11/2015 03:25 AM'
Jun 14, 2019 9:26:36 AM com.sun.jersey.server.impl.application.WebApplicationImpl _initiate
INFO: Initiating Jersey application, version 'Jersey: 1.19 02/11/2015 03:25 AM'
]]></system-err>
  </testcase>
</testsuite>