<?xml version="1.0" encoding="UTF-8"?>
<testsuite xmlns:xsi="http://www.w3.org/2001/XMLSchema-instance" xsi:noNamespaceSchemaLocation="https://maven.apache.org/surefire/maven-surefire-plugin/xsd/surefire-test-report.xsd" name="org.apache.hadoop.ozone.freon.TestFreonWithPipelineDestroy" time="19.027" tests="1" errors="1" skipped="0" failures="0">
  <properties>
    <property name="awt.toolkit" value="sun.awt.X11.XToolkit"/>
    <property name="file.encoding.pkg" value="sun.io"/>
    <property name="java.specification.version" value="1.8"/>
    <property name="sun.cpu.isalist" value=""/>
    <property name="sun.jnu.encoding" value="UTF-8"/>
    <property name="java.class.path" value="/opt/src/hadoop-ozone/tools/target/test-classes:/opt/src/hadoop-ozone/tools/target/classes:/opt/src/hadoop-ozone/ozone-manager/target/classes:/opt/src/hadoop-hdds/docs/target/classes:/home/user/.m2/repository/org/bouncycastle/bcprov-jdk15on/1.60/bcprov-jdk15on-1.60.jar:/opt/src/hadoop-ozone/common/target/classes:/home/user/.m2/repository/org/apache/commons/commons-compress/1.4.1/commons-compress-1.4.1.jar:/home/user/.m2/repository/org/tukaani/xz/1.0/xz-1.0.jar:/home/user/.m2/repository/org/apache/hadoop/hadoop-hdfs-client/3.2.0/hadoop-hdfs-client-3.2.0.jar:/home/user/.m2/repository/com/fasterxml/jackson/core/jackson-annotations/2.9.5/jackson-annotations-2.9.5.jar:/opt/src/hadoop-hdds/common/target/classes:/opt/src/hadoop-hdds/config/target/classes:/home/user/.m2/repository/javax/annotation/javax.annotation-api/1.2/javax.annotation-api-1.2.jar:/home/user/.m2/repository/org/apache/ratis/ratis-server/0.4.0-fe2b15d-SNAPSHOT/ratis-server-0.4.0-fe2b15d-SNAPSHOT.jar:/home/user/.m2/repository/org/apache/ratis/ratis-thirdparty-misc/0.2.0/ratis-thirdparty-misc-0.2.0.jar:/home/user/.m2/repository/org/apache/ratis/ratis-proto/0.4.0-fe2b15d-SNAPSHOT/ratis-proto-0.4.0-fe2b15d-SNAPSHOT.jar:/home/user/.m2/repository/org/apache/ratis/ratis-common/0.4.0-fe2b15d-SNAPSHOT/ratis-common-0.4.0-fe2b15d-SNAPSHOT.jar:/home/user/.m2/repository/org/apache/ratis/ratis-client/0.4.0-fe2b15d-SNAPSHOT/ratis-client-0.4.0-fe2b15d-SNAPSHOT.jar:/home/user/.m2/repository/org/apache/ratis/ratis-netty/0.4.0-fe2b15d-SNAPSHOT/ratis-netty-0.4.0-fe2b15d-SNAPSHOT.jar:/home/user/.m2/repository/org/apache/ratis/ratis-grpc/0.4.0-fe2b15d-SNAPSHOT/ratis-grpc-0.4.0-fe2b15d-SNAPSHOT.jar:/home/user/.m2/repository/org/rocksdb/rocksdbjni/5.14.2/rocksdbjni-5.14.2.jar:/home/user/.m2/repository/org/apache/logging/log4j/log4j-api/2.11.0/log4j-api-2.11.0.jar:/home/user/.m2/repository/org/apache/logging/log4j/log4j-core/2.11.0/log4j-core-2.11.0.jar:/home/user/.m2/repository/com/lmax/disruptor/3.4.2/disruptor-3.4.2.jar:/home/user/.m2/repository/org/apache/commons/commons-pool2/2.6.0/commons-pool2-2.6.0.jar:/home/user/.m2/repository/org/bouncycastle/bcpkix-jdk15on/1.60/bcpkix-jdk15on-1.60.jar:/home/user/.m2/repository/commons-validator/commons-validator/1.6/commons-validator-1.6.jar:/home/user/.m2/repository/commons-digester/commons-digester/1.8.1/commons-digester-1.8.1.jar:/home/user/.m2/repository/io/jaegertracing/jaeger-client/0.33.1/jaeger-client-0.33.1.jar:/home/user/.m2/repository/io/jaegertracing/jaeger-thrift/0.33.1/jaeger-thrift-0.33.1.jar:/home/user/.m2/repository/org/apache/thrift/libthrift/0.11.0/libthrift-0.11.0.jar:/home/user/.m2/repository/com/squareup/okhttp3/okhttp/3.9.0/okhttp-3.9.0.jar:/home/user/.m2/repository/com/squareup/okio/okio/1.13.0/okio-1.13.0.jar:/home/user/.m2/repository/io/jaegertracing/jaeger-core/0.33.1/jaeger-core-0.33.1.jar:/home/user/.m2/repository/io/jaegertracing/jaeger-tracerresolver/0.33.1/jaeger-tracerresolver-0.33.1.jar:/home/user/.m2/repository/io/opentracing/contrib/opentracing-tracerresolver/0.1.5/opentracing-tracerresolver-0.1.5.jar:/home/user/.m2/repository/io/opentracing/opentracing-util/0.31.0/opentracing-util-0.31.0.jar:/home/user/.m2/repository/io/opentracing/opentracing-api/0.31.0/opentracing-api-0.31.0.jar:/home/user/.m2/repository/io/opentracing/opentracing-noop/0.31.0/opentracing-noop-0.31.0.jar:/home/user/.m2/repository/org/yaml/snakeyaml/1.16/snakeyaml-1.16.jar:/opt/src/hadoop-hdds/server-scm/target/classes:/home/user/.m2/repository/org/hamcrest/hamcrest-all/1.3/hamcrest-all-1.3.jar:/opt/src/hadoop-hdds/container-service/target/classes:/opt/src/hadoop-hdds/client/target/classes:/opt/src/hadoop-hdds/tools/target/classes:/home/user/.m2/repository/org/xerial/sqlite-jdbc/3.25.2/sqlite-jdbc-3.25.2.jar:/opt/src/hadoop-ozone/client/target/classes:/home/user/.m2/repository/org/apache/hadoop/hadoop-ozone-filesystem/0.5.0-SNAPSHOT/hadoop-ozone-filesystem-0.5.0-SNAPSHOT.jar:/opt/src/hadoop-hdds/framework/target/classes:/home/user/.m2/repository/info/picocli/picocli/3.9.6/picocli-3.9.6.jar:/home/user/.m2/repository/com/google/protobuf/protobuf-java/2.5.0/protobuf-java-2.5.0.jar:/home/user/.m2/repository/com/google/guava/guava/11.0.2/guava-11.0.2.jar:/home/user/.m2/repository/org/apache/hadoop/hadoop-common/3.2.0/hadoop-common-3.2.0.jar:/home/user/.m2/repository/org/apache/hadoop/hadoop-annotations/3.2.0/hadoop-annotations-3.2.0.jar:/usr/lib/jvm/java-1.8-openjdk/jre/../lib/tools.jar:/home/user/.m2/repository/commons-cli/commons-cli/1.2/commons-cli-1.2.jar:/home/user/.m2/repository/org/apache/commons/commons-math3/3.1.1/commons-math3-3.1.1.jar:/home/user/.m2/repository/org/apache/httpcomponents/httpclient/4.5.2/httpclient-4.5.2.jar:/home/user/.m2/repository/org/apache/httpcomponents/httpcore/4.4.4/httpcore-4.4.4.jar:/home/user/.m2/repository/commons-codec/commons-codec/1.11/commons-codec-1.11.jar:/home/user/.m2/repository/commons-io/commons-io/2.5/commons-io-2.5.jar:/home/user/.m2/repository/commons-net/commons-net/3.6/commons-net-3.6.jar:/home/user/.m2/repository/commons-collections/commons-collections/3.2.2/commons-collections-3.2.2.jar:/home/user/.m2/repository/javax/servlet/javax.servlet-api/3.1.0/javax.servlet-api-3.1.0.jar:/home/user/.m2/repository/org/eclipse/jetty/jetty-server/9.3.24.v20180605/jetty-server-9.3.24.v20180605.jar:/home/user/.m2/repository/org/eclipse/jetty/jetty-http/9.3.24.v20180605/jetty-http-9.3.24.v20180605.jar:/home/user/.m2/repository/org/eclipse/jetty/jetty-io/9.3.24.v20180605/jetty-io-9.3.24.v20180605.jar:/home/user/.m2/repository/org/eclipse/jetty/jetty-util/9.3.24.v20180605/jetty-util-9.3.24.v20180605.jar:/home/user/.m2/repository/org/eclipse/jetty/jetty-servlet/9.3.24.v20180605/jetty-servlet-9.3.24.v20180605.jar:/home/user/.m2/repository/org/eclipse/jetty/jetty-security/9.3.24.v20180605/jetty-security-9.3.24.v20180605.jar:/home/user/.m2/repository/org/eclipse/jetty/jetty-webapp/9.3.24.v20180605/jetty-webapp-9.3.24.v20180605.jar:/home/user/.m2/repository/org/eclipse/jetty/jetty-xml/9.3.24.v20180605/jetty-xml-9.3.24.v20180605.jar:/home/user/.m2/repository/javax/servlet/jsp/jsp-api/2.1/jsp-api-2.1.jar:/home/user/.m2/repository/com/sun/jersey/jersey-core/1.19/jersey-core-1.19.jar:/home/user/.m2/repository/javax/ws/rs/jsr311-api/1.1.1/jsr311-api-1.1.1.jar:/home/user/.m2/repository/com/sun/jersey/jersey-servlet/1.19/jersey-servlet-1.19.jar:/home/user/.m2/repository/com/sun/jersey/jersey-json/1.19/jersey-json-1.19.jar:/home/user/.m2/repository/org/codehaus/jettison/jettison/1.1/jettison-1.1.jar:/home/user/.m2/repository/com/sun/xml/bind/jaxb-impl/2.3.0.1/jaxb-impl-2.3.0.1.jar:/home/user/.m2/repository/org/codehaus/jackson/jackson-core-asl/1.9.13/jackson-core-asl-1.9.13.jar:/home/user/.m2/repository/org/codehaus/jackson/jackson-mapper-asl/1.9.13/jackson-mapper-asl-1.9.13.jar:/home/user/.m2/repository/org/codehaus/jackson/jackson-jaxrs/1.9.13/jackson-jaxrs-1.9.13.jar:/home/user/.m2/repository/org/codehaus/jackson/jackson-xc/1.9.13/jackson-xc-1.9.13.jar:/home/user/.m2/repository/com/sun/jersey/jersey-server/1.19/jersey-server-1.19.jar:/home/user/.m2/repository/commons-logging/commons-logging/1.1.3/commons-logging-1.1.3.jar:/home/user/.m2/repository/log4j/log4j/1.2.17/log4j-1.2.17.jar:/home/user/.m2/repository/commons-beanutils/commons-beanutils/1.9.3/commons-beanutils-1.9.3.jar:/home/user/.m2/repository/org/apache/commons/commons-configuration2/2.1.1/commons-configuration2-2.1.1.jar:/home/user/.m2/repository/org/apache/commons/commons-lang3/3.7/commons-lang3-3.7.jar:/home/user/.m2/repository/org/apache/commons/commons-text/1.4/commons-text-1.4.jar:/home/user/.m2/repository/org/slf4j/slf4j-api/1.7.25/slf4j-api-1.7.25.jar:/home/user/.m2/repository/org/slf4j/slf4j-log4j12/1.7.25/slf4j-log4j12-1.7.25.jar:/home/user/.m2/repository/org/apache/avro/avro/1.7.7/avro-1.7.7.jar:/home/user/.m2/repository/com/thoughtworks/paranamer/paranamer/2.3/paranamer-2.3.jar:/home/user/.m2/repository/org/xerial/snappy/snappy-java/1.0.5/snappy-java-1.0.5.jar:/home/user/.m2/repository/com/google/re2j/re2j/1.1/re2j-1.1.jar:/home/user/.m2/repository/com/google/code/gson/gson/2.2.4/gson-2.2.4.jar:/home/user/.m2/repository/org/apache/hadoop/hadoop-auth/3.2.0/hadoop-auth-3.2.0.jar:/home/user/.m2/repository/com/nimbusds/nimbus-jose-jwt/4.41.1/nimbus-jose-jwt-4.41.1.jar:/home/user/.m2/repository/com/github/stephenc/jcip/jcip-annotations/1.0-1/jcip-annotations-1.0-1.jar:/home/user/.m2/repository/net/minidev/json-smart/2.3/json-smart-2.3.jar:/home/user/.m2/repository/net/minidev/accessors-smart/1.2/accessors-smart-1.2.jar:/home/user/.m2/repository/org/apache/curator/curator-framework/2.12.0/curator-framework-2.12.0.jar:/home/user/.m2/repository/com/jcraft/jsch/0.1.54/jsch-0.1.54.jar:/home/user/.m2/repository/org/apache/curator/curator-client/2.12.0/curator-client-2.12.0.jar:/home/user/.m2/repository/org/apache/curator/curator-recipes/2.12.0/curator-recipes-2.12.0.jar:/home/user/.m2/repository/com/google/code/findbugs/jsr305/3.0.0/jsr305-3.0.0.jar:/home/user/.m2/repository/org/apache/htrace/htrace-core4/4.1.0-incubating/htrace-core4-4.1.0-incubating.jar:/home/user/.m2/repository/org/apache/zookeeper/zookeeper/3.4.13/zookeeper-3.4.13.jar:/home/user/.m2/repository/org/apache/yetus/audience-annotations/0.5.0/audience-annotations-0.5.0.jar:/home/user/.m2/repository/org/apache/kerby/kerb-simplekdc/1.0.1/kerb-simplekdc-1.0.1.jar:/home/user/.m2/repository/org/apache/kerby/kerb-client/1.0.1/kerb-client-1.0.1.jar:/home/user/.m2/repository/org/apache/kerby/kerby-config/1.0.1/kerby-config-1.0.1.jar:/home/user/.m2/repository/org/apache/kerby/kerb-core/1.0.1/kerb-core-1.0.1.jar:/home/user/.m2/repository/org/apache/kerby/kerby-pkix/1.0.1/kerby-pkix-1.0.1.jar:/home/user/.m2/repository/org/apache/kerby/kerby-asn1/1.0.1/kerby-asn1-1.0.1.jar:/home/user/.m2/repository/org/apache/kerby/kerby-util/1.0.1/kerby-util-1.0.1.jar:/home/user/.m2/repository/org/apache/kerby/kerb-common/1.0.1/kerb-common-1.0.1.jar:/home/user/.m2/repository/org/apache/kerby/kerb-crypto/1.0.1/kerb-crypto-1.0.1.jar:/home/user/.m2/repository/org/apache/kerby/kerb-util/1.0.1/kerb-util-1.0.1.jar:/home/user/.m2/repository/org/apache/kerby/token-provider/1.0.1/token-provider-1.0.1.jar:/home/user/.m2/repository/org/apache/kerby/kerb-admin/1.0.1/kerb-admin-1.0.1.jar:/home/user/.m2/repository/org/apache/kerby/kerb-server/1.0.1/kerb-server-1.0.1.jar:/home/user/.m2/repository/org/apache/kerby/kerb-identity/1.0.1/kerb-identity-1.0.1.jar:/home/user/.m2/repository/org/apache/kerby/kerby-xdr/1.0.1/kerby-xdr-1.0.1.jar:/home/user/.m2/repository/com/fasterxml/jackson/core/jackson-databind/2.9.5/jackson-databind-2.9.5.jar:/home/user/.m2/repository/com/fasterxml/jackson/core/jackson-core/2.9.5/jackson-core-2.9.5.jar:/home/user/.m2/repository/org/codehaus/woodstox/stax2-api/3.1.4/stax2-api-3.1.4.jar:/home/user/.m2/repository/com/fasterxml/woodstox/woodstox-core/5.0.3/woodstox-core-5.0.3.jar:/home/user/.m2/repository/dnsjava/dnsjava/2.1.7/dnsjava-2.1.7.jar:/home/user/.m2/repository/org/apache/hadoop/hadoop-hdfs/3.2.0/hadoop-hdfs-3.2.0.jar:/home/user/.m2/repository/org/eclipse/jetty/jetty-util-ajax/9.3.24.v20180605/jetty-util-ajax-9.3.24.v20180605.jar:/home/user/.m2/repository/commons-daemon/commons-daemon/1.0.13/commons-daemon-1.0.13.jar:/home/user/.m2/repository/io/netty/netty/3.10.5.Final/netty-3.10.5.Final.jar:/home/user/.m2/repository/io/netty/netty-all/4.0.52.Final/netty-all-4.0.52.Final.jar:/home/user/.m2/repository/org/fusesource/leveldbjni/leveldbjni-all/1.8/leveldbjni-all-1.8.jar:/home/user/.m2/repository/com/sun/xml/bind/jaxb-core/2.3.0.1/jaxb-core-2.3.0.1.jar:/home/user/.m2/repository/javax/xml/bind/jaxb-api/2.3.0/jaxb-api-2.3.0.jar:/home/user/.m2/repository/javax/activation/activation/1.1.1/activation-1.1.1.jar:/home/user/.m2/repository/io/dropwizard/metrics/metrics-core/3.2.4/metrics-core-3.2.4.jar:/home/user/.m2/repository/org/openjdk/jmh/jmh-core/1.19/jmh-core-1.19.jar:/home/user/.m2/repository/net/sf/jopt-simple/jopt-simple/4.6/jopt-simple-4.6.jar:/home/user/.m2/repository/org/openjdk/jmh/jmh-generator-annprocess/1.19/jmh-generator-annprocess-1.19.jar:/home/user/.m2/repository/com/google/code/findbugs/findbugs/3.0.1/findbugs-3.0.1.jar:/home/user/.m2/repository/net/jcip/jcip-annotations/1.0/jcip-annotations-1.0.jar:/home/user/.m2/repository/com/google/code/findbugs/bcel-findbugs/6.0/bcel-findbugs-6.0.jar:/home/user/.m2/repository/com/google/code/findbugs/jFormatString/2.0.1/jFormatString-2.0.1.jar:/home/user/.m2/repository/dom4j/dom4j/1.6.1/dom4j-1.6.1.jar:/home/user/.m2/repository/xml-apis/xml-apis/1.0.b2/xml-apis-1.0.b2.jar:/home/user/.m2/repository/org/ow2/asm/asm-debug-all/5.0.2/asm-debug-all-5.0.2.jar:/home/user/.m2/repository/org/ow2/asm/asm-commons/5.0.2/asm-commons-5.0.2.jar:/home/user/.m2/repository/org/ow2/asm/asm-tree/5.0.2/asm-tree-5.0.2.jar:/home/user/.m2/repository/org/ow2/asm/asm/5.0.4/asm-5.0.4.jar:/home/user/.m2/repository/commons-lang/commons-lang/2.6/commons-lang-2.6.jar:/home/user/.m2/repository/com/apple/AppleJavaExtensions/1.4/AppleJavaExtensions-1.4.jar:/home/user/.m2/repository/jaxen/jaxen/1.1.6/jaxen-1.1.6.jar:/home/user/.m2/repository/junit/junit/4.11/junit-4.11.jar:/home/user/.m2/repository/org/hamcrest/hamcrest-core/1.3/hamcrest-core-1.3.jar:/home/user/.m2/repository/org/apache/hadoop/hadoop-common/3.2.0/hadoop-common-3.2.0-tests.jar:/home/user/.m2/repository/org/apache/hadoop/hadoop-ozone-integration-test/0.5.0-SNAPSHOT/hadoop-ozone-integration-test-0.5.0-SNAPSHOT-tests.jar:/opt/src/hadoop-ozone/objectstore-service/target/classes:/opt/src/hadoop-ozone/s3gateway/target/classes:/home/user/.m2/repository/org/jboss/weld/servlet/weld-servlet/2.4.7.Final/weld-servlet-2.4.7.Final.jar:/home/user/.m2/repository/org/glassfish/jersey/containers/jersey-container-servlet-core/2.27/jersey-container-servlet-core-2.27.jar:/home/user/.m2/repository/org/glassfish/hk2/external/javax.inject/2.5.0-b42/javax.inject-2.5.0-b42.jar:/home/user/.m2/repository/org/glassfish/jersey/core/jersey-common/2.27/jersey-common-2.27.jar:/home/user/.m2/repository/org/glassfish/hk2/osgi-resource-locator/1.0.1/osgi-resource-locator-1.0.1.jar:/home/user/.m2/repository/javax/ws/rs/javax.ws.rs-api/2.1/javax.ws.rs-api-2.1.jar:/home/user/.m2/repository/org/glassfish/jersey/ext/cdi/jersey-cdi1x/2.27/jersey-cdi1x-2.27.jar:/home/user/.m2/repository/org/glassfish/jersey/inject/jersey-hk2/2.27/jersey-hk2-2.27.jar:/home/user/.m2/repository/org/glassfish/hk2/hk2-locator/2.5.0-b42/hk2-locator-2.5.0-b42.jar:/home/user/.m2/repository/org/javassist/javassist/3.22.0-CR2/javassist-3.22.0-CR2.jar:/home/user/.m2/repository/org/glassfish/hk2/hk2-api/2.5.0/hk2-api-2.5.0.jar:/home/user/.m2/repository/org/glassfish/hk2/external/jakarta.inject/2.5.0/jakarta.inject-2.5.0.jar:/home/user/.m2/repository/org/glassfish/hk2/hk2-utils/2.5.0/hk2-utils-2.5.0.jar:/home/user/.m2/repository/jakarta/annotation/jakarta.annotation-api/1.3.4/jakarta.annotation-api-1.3.4.jar:/home/user/.m2/repository/org/glassfish/hk2/external/aopalliance-repackaged/2.5.0/aopalliance-repackaged-2.5.0.jar:/home/user/.m2/repository/com/fasterxml/jackson/dataformat/jackson-dataformat-xml/2.9.0/jackson-dataformat-xml-2.9.0.jar:/home/user/.m2/repository/com/fasterxml/jackson/module/jackson-module-jaxb-annotations/2.9.5/jackson-module-jaxb-annotations-2.9.5.jar:/home/user/.m2/repository/javax/enterprise/cdi-api/1.2/cdi-api-1.2.jar:/home/user/.m2/repository/javax/el/javax.el-api/3.0.0/javax.el-api-3.0.0.jar:/home/user/.m2/repository/javax/interceptor/javax.interceptor-api/1.2/javax.interceptor-api-1.2.jar:/home/user/.m2/repository/javax/inject/javax.inject/1/javax.inject-1.jar:/opt/src/hadoop-ozone/csi/target/classes:/home/user/.m2/repository/com/google/protobuf/protobuf-java-util/3.5.1/protobuf-java-util-3.5.1.jar:/home/user/.m2/repository/io/grpc/grpc-netty/1.17.1/grpc-netty-1.17.1.jar:/home/user/.m2/repository/io/grpc/grpc-core/1.17.1/grpc-core-1.17.1.jar:/home/user/.m2/repository/io/grpc/grpc-context/1.17.1/grpc-context-1.17.1.jar:/home/user/.m2/repository/com/google/errorprone/error_prone_annotations/2.2.0/error_prone_annotations-2.2.0.jar:/home/user/.m2/repository/org/codehaus/mojo/animal-sniffer-annotations/1.17/animal-sniffer-annotations-1.17.jar:/home/user/.m2/repository/io/opencensus/opencensus-api/0.17.0/opencensus-api-0.17.0.jar:/home/user/.m2/repository/io/opencensus/opencensus-contrib-grpc-metrics/0.17.0/opencensus-contrib-grpc-metrics-0.17.0.jar:/home/user/.m2/repository/io/netty/netty-codec-http2/4.1.30.Final/netty-codec-http2-4.1.30.Final.jar:/home/user/.m2/repository/io/netty/netty-codec-http/4.1.30.Final/netty-codec-http-4.1.30.Final.jar:/home/user/.m2/repository/io/netty/netty-codec/4.1.30.Final/netty-codec-4.1.30.Final.jar:/home/user/.m2/repository/io/netty/netty-handler/4.1.30.Final/netty-handler-4.1.30.Final.jar:/home/user/.m2/repository/io/netty/netty-handler-proxy/4.1.30.Final/netty-handler-proxy-4.1.30.Final.jar:/home/user/.m2/repository/io/netty/netty-codec-socks/4.1.30.Final/netty-codec-socks-4.1.30.Final.jar:/home/user/.m2/repository/io/netty/netty-transport-native-epoll/4.1.30.Final/netty-transport-native-epoll-4.1.30.Final.jar:/home/user/.m2/repository/io/netty/netty-common/4.1.30.Final/netty-common-4.1.30.Final.jar:/home/user/.m2/repository/io/netty/netty-buffer/4.1.30.Final/netty-buffer-4.1.30.Final.jar:/home/user/.m2/repository/io/netty/netty-transport/4.1.30.Final/netty-transport-4.1.30.Final.jar:/home/user/.m2/repository/io/netty/netty-resolver/4.1.30.Final/netty-resolver-4.1.30.Final.jar:/home/user/.m2/repository/io/netty/netty-transport-native-unix-common/4.1.30.Final/netty-transport-native-unix-common-4.1.30.Final.jar:/home/user/.m2/repository/io/grpc/grpc-protobuf/1.17.1/grpc-protobuf-1.17.1.jar:/home/user/.m2/repository/com/google/api/grpc/proto-google-common-protos/1.0.0/proto-google-common-protos-1.0.0.jar:/home/user/.m2/repository/io/grpc/grpc-protobuf-lite/1.17.1/grpc-protobuf-lite-1.17.1.jar:/home/user/.m2/repository/io/grpc/grpc-stub/1.17.1/grpc-stub-1.17.1.jar:/opt/src/hadoop-ozone/ozone-recon/target/classes:/opt/src/hadoop-ozone/ozone-recon-codegen/target/classes:/home/user/.m2/repository/com/google/inject/extensions/guice-multibindings/4.0/guice-multibindings-4.0.jar:/home/user/.m2/repository/com/google/inject/guice/4.0/guice-4.0.jar:/home/user/.m2/repository/aopalliance/aopalliance/1.0/aopalliance-1.0.jar:/home/user/.m2/repository/com/google/inject/extensions/guice-servlet/4.0/guice-servlet-4.0.jar:/home/user/.m2/repository/org/glassfish/jersey/containers/jersey-container-servlet/2.27/jersey-container-servlet-2.27.jar:/home/user/.m2/repository/org/glassfish/hk2/guice-bridge/2.5.0/guice-bridge-2.5.0.jar:/home/user/.m2/repository/org/glassfish/jersey/core/jersey-server/2.27/jersey-server-2.27.jar:/home/user/.m2/repository/org/glassfish/jersey/core/jersey-client/2.27/jersey-client-2.27.jar:/home/user/.m2/repository/org/glassfish/jersey/media/jersey-media-jaxb/2.27/jersey-media-jaxb-2.27.jar:/home/user/.m2/repository/javax/validation/validation-api/1.1.0.Final/validation-api-1.1.0.Final.jar:/home/user/.m2/repository/org/glassfish/jersey/media/jersey-media-json-jackson/2.27/jersey-media-json-jackson-2.27.jar:/home/user/.m2/repository/org/glassfish/jersey/ext/jersey-entity-filtering/2.27/jersey-entity-filtering-2.27.jar:/home/user/.m2/repository/com/google/inject/extensions/guice-assistedinject/4.0/guice-assistedinject-4.0.jar:/home/user/.m2/repository/org/jooq/jooq/3.11.10/jooq-3.11.10.jar:/home/user/.m2/repository/org/jooq/jooq-meta/3.11.10/jooq-meta-3.11.10.jar:/home/user/.m2/repository/org/jooq/jooq-codegen/3.11.10/jooq-codegen-3.11.10.jar:/home/user/.m2/repository/com/jolbox/bonecp/0.8.0.RELEASE/bonecp-0.8.0.RELEASE.jar:/home/user/.m2/repository/org/springframework/spring-jdbc/5.1.3.RELEASE/spring-jdbc-5.1.3.RELEASE.jar:/home/user/.m2/repository/org/springframework/spring-beans/5.1.3.RELEASE/spring-beans-5.1.3.RELEASE.jar:/home/user/.m2/repository/org/springframework/spring-core/5.1.3.RELEASE/spring-core-5.1.3.RELEASE.jar:/home/user/.m2/repository/org/springframework/spring-jcl/5.1.3.RELEASE/spring-jcl-5.1.3.RELEASE.jar:/home/user/.m2/repository/org/springframework/spring-tx/5.1.3.RELEASE/spring-tx-5.1.3.RELEASE.jar:/home/user/.m2/repository/org/mockito/mockito-core/2.15.0/mockito-core-2.15.0.jar:/home/user/.m2/repository/net/bytebuddy/byte-buddy/1.7.9/byte-buddy-1.7.9.jar:/home/user/.m2/repository/net/bytebuddy/byte-buddy-agent/1.7.9/byte-buddy-agent-1.7.9.jar:/home/user/.m2/repository/org/objenesis/objenesis/1.0/objenesis-1.0.jar:"/>
    <property name="java.vm.vendor" value="IcedTea"/>
    <property name="sun.arch.data.model" value="64"/>
    <property name="test.build.dir" value="/opt/src/hadoop-ozone/tools/target/test-dir"/>
    <property name="test.cache.data" value=""/>
    <property name="java.vendor.url" value="https://icedtea.classpath.org"/>
    <property name="user.timezone" value=""/>
    <property name="java.vm.specification.version" value="1.8"/>
    <property name="os.name" value="Linux"/>
    <property name="test.build.data" value="/opt/src/hadoop-ozone/tools/target/test-dir"/>
    <property name="user.country" value="US"/>
    <property name="sun.java.launcher" value="SUN_STANDARD"/>
    <property name="sun.boot.library.path" value="/usr/lib/jvm/java-1.8-openjdk/jre/lib/amd64"/>
    <property name="sun.java.command" value="/opt/src/hadoop-ozone/tools/target/surefire/surefirebooter6821084407451886751.jar /opt/src/hadoop-ozone/tools/target/surefire 2019-06-17T13-39-05_484-jvmRun1 surefire5560198963522311597tmp surefire_897532324762475917783tmp"/>
    <property name="surefire.test.class.path" value="/opt/src/hadoop-ozone/tools/target/test-classes:/opt/src/hadoop-ozone/tools/target/classes:/opt/src/hadoop-ozone/ozone-manager/target/classes:/opt/src/hadoop-hdds/docs/target/classes:/home/user/.m2/repository/org/bouncycastle/bcprov-jdk15on/1.60/bcprov-jdk15on-1.60.jar:/opt/src/hadoop-ozone/common/target/classes:/home/user/.m2/repository/org/apache/commons/commons-compress/1.4.1/commons-compress-1.4.1.jar:/home/user/.m2/repository/org/tukaani/xz/1.0/xz-1.0.jar:/home/user/.m2/repository/org/apache/hadoop/hadoop-hdfs-client/3.2.0/hadoop-hdfs-client-3.2.0.jar:/home/user/.m2/repository/com/fasterxml/jackson/core/jackson-annotations/2.9.5/jackson-annotations-2.9.5.jar:/opt/src/hadoop-hdds/common/target/classes:/opt/src/hadoop-hdds/config/target/classes:/home/user/.m2/repository/javax/annotation/javax.annotation-api/1.2/javax.annotation-api-1.2.jar:/home/user/.m2/repository/org/apache/ratis/ratis-server/0.4.0-fe2b15d-SNAPSHOT/ratis-server-0.4.0-fe2b15d-SNAPSHOT.jar:/home/user/.m2/repository/org/apache/ratis/ratis-thirdparty-misc/0.2.0/ratis-thirdparty-misc-0.2.0.jar:/home/user/.m2/repository/org/apache/ratis/ratis-proto/0.4.0-fe2b15d-SNAPSHOT/ratis-proto-0.4.0-fe2b15d-SNAPSHOT.jar:/home/user/.m2/repository/org/apache/ratis/ratis-common/0.4.0-fe2b15d-SNAPSHOT/ratis-common-0.4.0-fe2b15d-SNAPSHOT.jar:/home/user/.m2/repository/org/apache/ratis/ratis-client/0.4.0-fe2b15d-SNAPSHOT/ratis-client-0.4.0-fe2b15d-SNAPSHOT.jar:/home/user/.m2/repository/org/apache/ratis/ratis-netty/0.4.0-fe2b15d-SNAPSHOT/ratis-netty-0.4.0-fe2b15d-SNAPSHOT.jar:/home/user/.m2/repository/org/apache/ratis/ratis-grpc/0.4.0-fe2b15d-SNAPSHOT/ratis-grpc-0.4.0-fe2b15d-SNAPSHOT.jar:/home/user/.m2/repository/org/rocksdb/rocksdbjni/5.14.2/rocksdbjni-5.14.2.jar:/home/user/.m2/repository/org/apache/logging/log4j/log4j-api/2.11.0/log4j-api-2.11.0.jar:/home/user/.m2/repository/org/apache/logging/log4j/log4j-core/2.11.0/log4j-core-2.11.0.jar:/home/user/.m2/repository/com/lmax/disruptor/3.4.2/disruptor-3.4.2.jar:/home/user/.m2/repository/org/apache/commons/commons-pool2/2.6.0/commons-pool2-2.6.0.jar:/home/user/.m2/repository/org/bouncycastle/bcpkix-jdk15on/1.60/bcpkix-jdk15on-1.60.jar:/home/user/.m2/repository/commons-validator/commons-validator/1.6/commons-validator-1.6.jar:/home/user/.m2/repository/commons-digester/commons-digester/1.8.1/commons-digester-1.8.1.jar:/home/user/.m2/repository/io/jaegertracing/jaeger-client/0.33.1/jaeger-client-0.33.1.jar:/home/user/.m2/repository/io/jaegertracing/jaeger-thrift/0.33.1/jaeger-thrift-0.33.1.jar:/home/user/.m2/repository/org/apache/thrift/libthrift/0.11.0/libthrift-0.11.0.jar:/home/user/.m2/repository/com/squareup/okhttp3/okhttp/3.9.0/okhttp-3.9.0.jar:/home/user/.m2/repository/com/squareup/okio/okio/1.13.0/okio-1.13.0.jar:/home/user/.m2/repository/io/jaegertracing/jaeger-core/0.33.1/jaeger-core-0.33.1.jar:/home/user/.m2/repository/io/jaegertracing/jaeger-tracerresolver/0.33.1/jaeger-tracerresolver-0.33.1.jar:/home/user/.m2/repository/io/opentracing/contrib/opentracing-tracerresolver/0.1.5/opentracing-tracerresolver-0.1.5.jar:/home/user/.m2/repository/io/opentracing/opentracing-util/0.31.0/opentracing-util-0.31.0.jar:/home/user/.m2/repository/io/opentracing/opentracing-api/0.31.0/opentracing-api-0.31.0.jar:/home/user/.m2/repository/io/opentracing/opentracing-noop/0.31.0/opentracing-noop-0.31.0.jar:/home/user/.m2/repository/org/yaml/snakeyaml/1.16/snakeyaml-1.16.jar:/opt/src/hadoop-hdds/server-scm/target/classes:/home/user/.m2/repository/org/hamcrest/hamcrest-all/1.3/hamcrest-all-1.3.jar:/opt/src/hadoop-hdds/container-service/target/classes:/opt/src/hadoop-hdds/client/target/classes:/opt/src/hadoop-hdds/tools/target/classes:/home/user/.m2/repository/org/xerial/sqlite-jdbc/3.25.2/sqlite-jdbc-3.25.2.jar:/opt/src/hadoop-ozone/client/target/classes:/home/user/.m2/repository/org/apache/hadoop/hadoop-ozone-filesystem/0.5.0-SNAPSHOT/hadoop-ozone-filesystem-0.5.0-SNAPSHOT.jar:/opt/src/hadoop-hdds/framework/target/classes:/home/user/.m2/repository/info/picocli/picocli/3.9.6/picocli-3.9.6.jar:/home/user/.m2/repository/com/google/protobuf/protobuf-java/2.5.0/protobuf-java-2.5.0.jar:/home/user/.m2/repository/com/google/guava/guava/11.0.2/guava-11.0.2.jar:/home/user/.m2/repository/org/apache/hadoop/hadoop-common/3.2.0/hadoop-common-3.2.0.jar:/home/user/.m2/repository/org/apache/hadoop/hadoop-annotations/3.2.0/hadoop-annotations-3.2.0.jar:/usr/lib/jvm/java-1.8-openjdk/jre/../lib/tools.jar:/home/user/.m2/repository/commons-cli/commons-cli/1.2/commons-cli-1.2.jar:/home/user/.m2/repository/org/apache/commons/commons-math3/3.1.1/commons-math3-3.1.1.jar:/home/user/.m2/repository/org/apache/httpcomponents/httpclient/4.5.2/httpclient-4.5.2.jar:/home/user/.m2/repository/org/apache/httpcomponents/httpcore/4.4.4/httpcore-4.4.4.jar:/home/user/.m2/repository/commons-codec/commons-codec/1.11/commons-codec-1.11.jar:/home/user/.m2/repository/commons-io/commons-io/2.5/commons-io-2.5.jar:/home/user/.m2/repository/commons-net/commons-net/3.6/commons-net-3.6.jar:/home/user/.m2/repository/commons-collections/commons-collections/3.2.2/commons-collections-3.2.2.jar:/home/user/.m2/repository/javax/servlet/javax.servlet-api/3.1.0/javax.servlet-api-3.1.0.jar:/home/user/.m2/repository/org/eclipse/jetty/jetty-server/9.3.24.v20180605/jetty-server-9.3.24.v20180605.jar:/home/user/.m2/repository/org/eclipse/jetty/jetty-http/9.3.24.v20180605/jetty-http-9.3.24.v20180605.jar:/home/user/.m2/repository/org/eclipse/jetty/jetty-io/9.3.24.v20180605/jetty-io-9.3.24.v20180605.jar:/home/user/.m2/repository/org/eclipse/jetty/jetty-util/9.3.24.v20180605/jetty-util-9.3.24.v20180605.jar:/home/user/.m2/repository/org/eclipse/jetty/jetty-servlet/9.3.24.v20180605/jetty-servlet-9.3.24.v20180605.jar:/home/user/.m2/repository/org/eclipse/jetty/jetty-security/9.3.24.v20180605/jetty-security-9.3.24.v20180605.jar:/home/user/.m2/repository/org/eclipse/jetty/jetty-webapp/9.3.24.v20180605/jetty-webapp-9.3.24.v20180605.jar:/home/user/.m2/repository/org/eclipse/jetty/jetty-xml/9.3.24.v20180605/jetty-xml-9.3.24.v20180605.jar:/home/user/.m2/repository/javax/servlet/jsp/jsp-api/2.1/jsp-api-2.1.jar:/home/user/.m2/repository/com/sun/jersey/jersey-core/1.19/jersey-core-1.19.jar:/home/user/.m2/repository/javax/ws/rs/jsr311-api/1.1.1/jsr311-api-1.1.1.jar:/home/user/.m2/repository/com/sun/jersey/jersey-servlet/1.19/jersey-servlet-1.19.jar:/home/user/.m2/repository/com/sun/jersey/jersey-json/1.19/jersey-json-1.19.jar:/home/user/.m2/repository/org/codehaus/jettison/jettison/1.1/jettison-1.1.jar:/home/user/.m2/repository/com/sun/xml/bind/jaxb-impl/2.3.0.1/jaxb-impl-2.3.0.1.jar:/home/user/.m2/repository/org/codehaus/jackson/jackson-core-asl/1.9.13/jackson-core-asl-1.9.13.jar:/home/user/.m2/repository/org/codehaus/jackson/jackson-mapper-asl/1.9.13/jackson-mapper-asl-1.9.13.jar:/home/user/.m2/repository/org/codehaus/jackson/jackson-jaxrs/1.9.13/jackson-jaxrs-1.9.13.jar:/home/user/.m2/repository/org/codehaus/jackson/jackson-xc/1.9.13/jackson-xc-1.9.13.jar:/home/user/.m2/repository/com/sun/jersey/jersey-server/1.19/jersey-server-1.19.jar:/home/user/.m2/repository/commons-logging/commons-logging/1.1.3/commons-logging-1.1.3.jar:/home/user/.m2/repository/log4j/log4j/1.2.17/log4j-1.2.17.jar:/home/user/.m2/repository/commons-beanutils/commons-beanutils/1.9.3/commons-beanutils-1.9.3.jar:/home/user/.m2/repository/org/apache/commons/commons-configuration2/2.1.1/commons-configuration2-2.1.1.jar:/home/user/.m2/repository/org/apache/commons/commons-lang3/3.7/commons-lang3-3.7.jar:/home/user/.m2/repository/org/apache/commons/commons-text/1.4/commons-text-1.4.jar:/home/user/.m2/repository/org/slf4j/slf4j-api/1.7.25/slf4j-api-1.7.25.jar:/home/user/.m2/repository/org/slf4j/slf4j-log4j12/1.7.25/slf4j-log4j12-1.7.25.jar:/home/user/.m2/repository/org/apache/avro/avro/1.7.7/avro-1.7.7.jar:/home/user/.m2/repository/com/thoughtworks/paranamer/paranamer/2.3/paranamer-2.3.jar:/home/user/.m2/repository/org/xerial/snappy/snappy-java/1.0.5/snappy-java-1.0.5.jar:/home/user/.m2/repository/com/google/re2j/re2j/1.1/re2j-1.1.jar:/home/user/.m2/repository/com/google/code/gson/gson/2.2.4/gson-2.2.4.jar:/home/user/.m2/repository/org/apache/hadoop/hadoop-auth/3.2.0/hadoop-auth-3.2.0.jar:/home/user/.m2/repository/com/nimbusds/nimbus-jose-jwt/4.41.1/nimbus-jose-jwt-4.41.1.jar:/home/user/.m2/repository/com/github/stephenc/jcip/jcip-annotations/1.0-1/jcip-annotations-1.0-1.jar:/home/user/.m2/repository/net/minidev/json-smart/2.3/json-smart-2.3.jar:/home/user/.m2/repository/net/minidev/accessors-smart/1.2/accessors-smart-1.2.jar:/home/user/.m2/repository/org/apache/curator/curator-framework/2.12.0/curator-framework-2.12.0.jar:/home/user/.m2/repository/com/jcraft/jsch/0.1.54/jsch-0.1.54.jar:/home/user/.m2/repository/org/apache/curator/curator-client/2.12.0/curator-client-2.12.0.jar:/home/user/.m2/repository/org/apache/curator/curator-recipes/2.12.0/curator-recipes-2.12.0.jar:/home/user/.m2/repository/com/google/code/findbugs/jsr305/3.0.0/jsr305-3.0.0.jar:/home/user/.m2/repository/org/apache/htrace/htrace-core4/4.1.0-incubating/htrace-core4-4.1.0-incubating.jar:/home/user/.m2/repository/org/apache/zookeeper/zookeeper/3.4.13/zookeeper-3.4.13.jar:/home/user/.m2/repository/org/apache/yetus/audience-annotations/0.5.0/audience-annotations-0.5.0.jar:/home/user/.m2/repository/org/apache/kerby/kerb-simplekdc/1.0.1/kerb-simplekdc-1.0.1.jar:/home/user/.m2/repository/org/apache/kerby/kerb-client/1.0.1/kerb-client-1.0.1.jar:/home/user/.m2/repository/org/apache/kerby/kerby-config/1.0.1/kerby-config-1.0.1.jar:/home/user/.m2/repository/org/apache/kerby/kerb-core/1.0.1/kerb-core-1.0.1.jar:/home/user/.m2/repository/org/apache/kerby/kerby-pkix/1.0.1/kerby-pkix-1.0.1.jar:/home/user/.m2/repository/org/apache/kerby/kerby-asn1/1.0.1/kerby-asn1-1.0.1.jar:/home/user/.m2/repository/org/apache/kerby/kerby-util/1.0.1/kerby-util-1.0.1.jar:/home/user/.m2/repository/org/apache/kerby/kerb-common/1.0.1/kerb-common-1.0.1.jar:/home/user/.m2/repository/org/apache/kerby/kerb-crypto/1.0.1/kerb-crypto-1.0.1.jar:/home/user/.m2/repository/org/apache/kerby/kerb-util/1.0.1/kerb-util-1.0.1.jar:/home/user/.m2/repository/org/apache/kerby/token-provider/1.0.1/token-provider-1.0.1.jar:/home/user/.m2/repository/org/apache/kerby/kerb-admin/1.0.1/kerb-admin-1.0.1.jar:/home/user/.m2/repository/org/apache/kerby/kerb-server/1.0.1/kerb-server-1.0.1.jar:/home/user/.m2/repository/org/apache/kerby/kerb-identity/1.0.1/kerb-identity-1.0.1.jar:/home/user/.m2/repository/org/apache/kerby/kerby-xdr/1.0.1/kerby-xdr-1.0.1.jar:/home/user/.m2/repository/com/fasterxml/jackson/core/jackson-databind/2.9.5/jackson-databind-2.9.5.jar:/home/user/.m2/repository/com/fasterxml/jackson/core/jackson-core/2.9.5/jackson-core-2.9.5.jar:/home/user/.m2/repository/org/codehaus/woodstox/stax2-api/3.1.4/stax2-api-3.1.4.jar:/home/user/.m2/repository/com/fasterxml/woodstox/woodstox-core/5.0.3/woodstox-core-5.0.3.jar:/home/user/.m2/repository/dnsjava/dnsjava/2.1.7/dnsjava-2.1.7.jar:/home/user/.m2/repository/org/apache/hadoop/hadoop-hdfs/3.2.0/hadoop-hdfs-3.2.0.jar:/home/user/.m2/repository/org/eclipse/jetty/jetty-util-ajax/9.3.24.v20180605/jetty-util-ajax-9.3.24.v20180605.jar:/home/user/.m2/repository/commons-daemon/commons-daemon/1.0.13/commons-daemon-1.0.13.jar:/home/user/.m2/repository/io/netty/netty/3.10.5.Final/netty-3.10.5.Final.jar:/home/user/.m2/repository/io/netty/netty-all/4.0.52.Final/netty-all-4.0.52.Final.jar:/home/user/.m2/repository/org/fusesource/leveldbjni/leveldbjni-all/1.8/leveldbjni-all-1.8.jar:/home/user/.m2/repository/com/sun/xml/bind/jaxb-core/2.3.0.1/jaxb-core-2.3.0.1.jar:/home/user/.m2/repository/javax/xml/bind/jaxb-api/2.3.0/jaxb-api-2.3.0.jar:/home/user/.m2/repository/javax/activation/activation/1.1.1/activation-1.1.1.jar:/home/user/.m2/repository/io/dropwizard/metrics/metrics-core/3.2.4/metrics-core-3.2.4.jar:/home/user/.m2/repository/org/openjdk/jmh/jmh-core/1.19/jmh-core-1.19.jar:/home/user/.m2/repository/net/sf/jopt-simple/jopt-simple/4.6/jopt-simple-4.6.jar:/home/user/.m2/repository/org/openjdk/jmh/jmh-generator-annprocess/1.19/jmh-generator-annprocess-1.19.jar:/home/user/.m2/repository/com/google/code/findbugs/findbugs/3.0.1/findbugs-3.0.1.jar:/home/user/.m2/repository/net/jcip/jcip-annotations/1.0/jcip-annotations-1.0.jar:/home/user/.m2/repository/com/google/code/findbugs/bcel-findbugs/6.0/bcel-findbugs-6.0.jar:/home/user/.m2/repository/com/google/code/findbugs/jFormatString/2.0.1/jFormatString-2.0.1.jar:/home/user/.m2/repository/dom4j/dom4j/1.6.1/dom4j-1.6.1.jar:/home/user/.m2/repository/xml-apis/xml-apis/1.0.b2/xml-apis-1.0.b2.jar:/home/user/.m2/repository/org/ow2/asm/asm-debug-all/5.0.2/asm-debug-all-5.0.2.jar:/home/user/.m2/repository/org/ow2/asm/asm-commons/5.0.2/asm-commons-5.0.2.jar:/home/user/.m2/repository/org/ow2/asm/asm-tree/5.0.2/asm-tree-5.0.2.jar:/home/user/.m2/repository/org/ow2/asm/asm/5.0.4/asm-5.0.4.jar:/home/user/.m2/repository/commons-lang/commons-lang/2.6/commons-lang-2.6.jar:/home/user/.m2/repository/com/apple/AppleJavaExtensions/1.4/AppleJavaExtensions-1.4.jar:/home/user/.m2/repository/jaxen/jaxen/1.1.6/jaxen-1.1.6.jar:/home/user/.m2/repository/junit/junit/4.11/junit-4.11.jar:/home/user/.m2/repository/org/hamcrest/hamcrest-core/1.3/hamcrest-core-1.3.jar:/home/user/.m2/repository/org/apache/hadoop/hadoop-common/3.2.0/hadoop-common-3.2.0-tests.jar:/home/user/.m2/repository/org/apache/hadoop/hadoop-ozone-integration-test/0.5.0-SNAPSHOT/hadoop-ozone-integration-test-0.5.0-SNAPSHOT-tests.jar:/opt/src/hadoop-ozone/objectstore-service/target/classes:/opt/src/hadoop-ozone/s3gateway/target/classes:/home/user/.m2/repository/org/jboss/weld/servlet/weld-servlet/2.4.7.Final/weld-servlet-2.4.7.Final.jar:/home/user/.m2/repository/org/glassfish/jersey/containers/jersey-container-servlet-core/2.27/jersey-container-servlet-core-2.27.jar:/home/user/.m2/repository/org/glassfish/hk2/external/javax.inject/2.5.0-b42/javax.inject-2.5.0-b42.jar:/home/user/.m2/repository/org/glassfish/jersey/core/jersey-common/2.27/jersey-common-2.27.jar:/home/user/.m2/repository/org/glassfish/hk2/osgi-resource-locator/1.0.1/osgi-resource-locator-1.0.1.jar:/home/user/.m2/repository/javax/ws/rs/javax.ws.rs-api/2.1/javax.ws.rs-api-2.1.jar:/home/user/.m2/repository/org/glassfish/jersey/ext/cdi/jersey-cdi1x/2.27/jersey-cdi1x-2.27.jar:/home/user/.m2/repository/org/glassfish/jersey/inject/jersey-hk2/2.27/jersey-hk2-2.27.jar:/home/user/.m2/repository/org/glassfish/hk2/hk2-locator/2.5.0-b42/hk2-locator-2.5.0-b42.jar:/home/user/.m2/repository/org/javassist/javassist/3.22.0-CR2/javassist-3.22.0-CR2.jar:/home/user/.m2/repository/org/glassfish/hk2/hk2-api/2.5.0/hk2-api-2.5.0.jar:/home/user/.m2/repository/org/glassfish/hk2/external/jakarta.inject/2.5.0/jakarta.inject-2.5.0.jar:/home/user/.m2/repository/org/glassfish/hk2/hk2-utils/2.5.0/hk2-utils-2.5.0.jar:/home/user/.m2/repository/jakarta/annotation/jakarta.annotation-api/1.3.4/jakarta.annotation-api-1.3.4.jar:/home/user/.m2/repository/org/glassfish/hk2/external/aopalliance-repackaged/2.5.0/aopalliance-repackaged-2.5.0.jar:/home/user/.m2/repository/com/fasterxml/jackson/dataformat/jackson-dataformat-xml/2.9.0/jackson-dataformat-xml-2.9.0.jar:/home/user/.m2/repository/com/fasterxml/jackson/module/jackson-module-jaxb-annotations/2.9.5/jackson-module-jaxb-annotations-2.9.5.jar:/home/user/.m2/repository/javax/enterprise/cdi-api/1.2/cdi-api-1.2.jar:/home/user/.m2/repository/javax/el/javax.el-api/3.0.0/javax.el-api-3.0.0.jar:/home/user/.m2/repository/javax/interceptor/javax.interceptor-api/1.2/javax.interceptor-api-1.2.jar:/home/user/.m2/repository/javax/inject/javax.inject/1/javax.inject-1.jar:/opt/src/hadoop-ozone/csi/target/classes:/home/user/.m2/repository/com/google/protobuf/protobuf-java-util/3.5.1/protobuf-java-util-3.5.1.jar:/home/user/.m2/repository/io/grpc/grpc-netty/1.17.1/grpc-netty-1.17.1.jar:/home/user/.m2/repository/io/grpc/grpc-core/1.17.1/grpc-core-1.17.1.jar:/home/user/.m2/repository/io/grpc/grpc-context/1.17.1/grpc-context-1.17.1.jar:/home/user/.m2/repository/com/google/errorprone/error_prone_annotations/2.2.0/error_prone_annotations-2.2.0.jar:/home/user/.m2/repository/org/codehaus/mojo/animal-sniffer-annotations/1.17/animal-sniffer-annotations-1.17.jar:/home/user/.m2/repository/io/opencensus/opencensus-api/0.17.0/opencensus-api-0.17.0.jar:/home/user/.m2/repository/io/opencensus/opencensus-contrib-grpc-metrics/0.17.0/opencensus-contrib-grpc-metrics-0.17.0.jar:/home/user/.m2/repository/io/netty/netty-codec-http2/4.1.30.Final/netty-codec-http2-4.1.30.Final.jar:/home/user/.m2/repository/io/netty/netty-codec-http/4.1.30.Final/netty-codec-http-4.1.30.Final.jar:/home/user/.m2/repository/io/netty/netty-codec/4.1.30.Final/netty-codec-4.1.30.Final.jar:/home/user/.m2/repository/io/netty/netty-handler/4.1.30.Final/netty-handler-4.1.30.Final.jar:/home/user/.m2/repository/io/netty/netty-handler-proxy/4.1.30.Final/netty-handler-proxy-4.1.30.Final.jar:/home/user/.m2/repository/io/netty/netty-codec-socks/4.1.30.Final/netty-codec-socks-4.1.30.Final.jar:/home/user/.m2/repository/io/netty/netty-transport-native-epoll/4.1.30.Final/netty-transport-native-epoll-4.1.30.Final.jar:/home/user/.m2/repository/io/netty/netty-common/4.1.30.Final/netty-common-4.1.30.Final.jar:/home/user/.m2/repository/io/netty/netty-buffer/4.1.30.Final/netty-buffer-4.1.30.Final.jar:/home/user/.m2/repository/io/netty/netty-transport/4.1.30.Final/netty-transport-4.1.30.Final.jar:/home/user/.m2/repository/io/netty/netty-resolver/4.1.30.Final/netty-resolver-4.1.30.Final.jar:/home/user/.m2/repository/io/netty/netty-transport-native-unix-common/4.1.30.Final/netty-transport-native-unix-common-4.1.30.Final.jar:/home/user/.m2/repository/io/grpc/grpc-protobuf/1.17.1/grpc-protobuf-1.17.1.jar:/home/user/.m2/repository/com/google/api/grpc/proto-google-common-protos/1.0.0/proto-google-common-protos-1.0.0.jar:/home/user/.m2/repository/io/grpc/grpc-protobuf-lite/1.17.1/grpc-protobuf-lite-1.17.1.jar:/home/user/.m2/repository/io/grpc/grpc-stub/1.17.1/grpc-stub-1.17.1.jar:/opt/src/hadoop-ozone/ozone-recon/target/classes:/opt/src/hadoop-ozone/ozone-recon-codegen/target/classes:/home/user/.m2/repository/com/google/inject/extensions/guice-multibindings/4.0/guice-multibindings-4.0.jar:/home/user/.m2/repository/com/google/inject/guice/4.0/guice-4.0.jar:/home/user/.m2/repository/aopalliance/aopalliance/1.0/aopalliance-1.0.jar:/home/user/.m2/repository/com/google/inject/extensions/guice-servlet/4.0/guice-servlet-4.0.jar:/home/user/.m2/repository/org/glassfish/jersey/containers/jersey-container-servlet/2.27/jersey-container-servlet-2.27.jar:/home/user/.m2/repository/org/glassfish/hk2/guice-bridge/2.5.0/guice-bridge-2.5.0.jar:/home/user/.m2/repository/org/glassfish/jersey/core/jersey-server/2.27/jersey-server-2.27.jar:/home/user/.m2/repository/org/glassfish/jersey/core/jersey-client/2.27/jersey-client-2.27.jar:/home/user/.m2/repository/org/glassfish/jersey/media/jersey-media-jaxb/2.27/jersey-media-jaxb-2.27.jar:/home/user/.m2/repository/javax/validation/validation-api/1.1.0.Final/validation-api-1.1.0.Final.jar:/home/user/.m2/repository/org/glassfish/jersey/media/jersey-media-json-jackson/2.27/jersey-media-json-jackson-2.27.jar:/home/user/.m2/repository/org/glassfish/jersey/ext/jersey-entity-filtering/2.27/jersey-entity-filtering-2.27.jar:/home/user/.m2/repository/com/google/inject/extensions/guice-assistedinject/4.0/guice-assistedinject-4.0.jar:/home/user/.m2/repository/org/jooq/jooq/3.11.10/jooq-3.11.10.jar:/home/user/.m2/repository/org/jooq/jooq-meta/3.11.10/jooq-meta-3.11.10.jar:/home/user/.m2/repository/org/jooq/jooq-codegen/3.11.10/jooq-codegen-3.11.10.jar:/home/user/.m2/repository/com/jolbox/bonecp/0.8.0.RELEASE/bonecp-0.8.0.RELEASE.jar:/home/user/.m2/repository/org/springframework/spring-jdbc/5.1.3.RELEASE/spring-jdbc-5.1.3.RELEASE.jar:/home/user/.m2/repository/org/springframework/spring-beans/5.1.3.RELEASE/spring-beans-5.1.3.RELEASE.jar:/home/user/.m2/repository/org/springframework/spring-core/5.1.3.RELEASE/spring-core-5.1.3.RELEASE.jar:/home/user/.m2/repository/org/springframework/spring-jcl/5.1.3.RELEASE/spring-jcl-5.1.3.RELEASE.jar:/home/user/.m2/repository/org/springframework/spring-tx/5.1.3.RELEASE/spring-tx-5.1.3.RELEASE.jar:/home/user/.m2/repository/org/mockito/mockito-core/2.15.0/mockito-core-2.15.0.jar:/home/user/.m2/repository/net/bytebuddy/byte-buddy/1.7.9/byte-buddy-1.7.9.jar:/home/user/.m2/repository/net/bytebuddy/byte-buddy-agent/1.7.9/byte-buddy-agent-1.7.9.jar:/home/user/.m2/repository/org/objenesis/objenesis/1.0/objenesis-1.0.jar:"/>
    <property name="sun.cpu.endian" value="little"/>
    <property name="user.home" value="/home/user"/>
    <property name="user.language" value="en"/>
    <property name="java.specification.vendor" value="Oracle Corporation"/>
    <property name="java.home" value="/usr/lib/jvm/java-1.8-openjdk/jre"/>
    <property name="java.security.krb5.conf" value="/opt/src/hadoop-ozone/tools/target/test-classes/krb5.conf"/>
    <property name="basedir" value="/opt/src/hadoop-ozone/tools"/>
    <property name="file.separator" value="/"/>
    <property name="line.separator" value="&#10;"/>
    <property name="java.vm.specification.vendor" value="Oracle Corporation"/>
    <property name="java.specification.name" value="Java Platform API Specification"/>
    <property name="java.awt.graphicsenv" value="sun.awt.X11GraphicsEnvironment"/>
    <property name="surefire.real.class.path" value="/opt/src/hadoop-ozone/tools/target/surefire/surefirebooter6821084407451886751.jar"/>
    <property name="hadoop.log.dir" value="/opt/src/hadoop-ozone/tools/target/log"/>
    <property name="sun.boot.class.path" value="/usr/lib/jvm/java-1.8-openjdk/jre/lib/resources.jar:/usr/lib/jvm/java-1.8-openjdk/jre/lib/rt.jar:/usr/lib/jvm/java-1.8-openjdk/jre/lib/sunrsasign.jar:/usr/lib/jvm/java-1.8-openjdk/jre/lib/jsse.jar:/usr/lib/jvm/java-1.8-openjdk/jre/lib/jce.jar:/usr/lib/jvm/java-1.8-openjdk/jre/lib/charsets.jar:/usr/lib/jvm/java-1.8-openjdk/jre/lib/jfr.jar:/usr/lib/jvm/java-1.8-openjdk/jre/classes"/>
    <property name="sun.management.compiler" value="HotSpot 64-Bit Tiered Compilers"/>
    <property name="java.runtime.version" value="1.8.0_212-b04"/>
    <property name="java.net.preferIPv4Stack" value="true"/>
    <property name="user.name" value="jenkins1000"/>
    <property name="path.separator" value=":"/>
    <property name="java.security.egd" value="file:///dev/urandom"/>
    <property name="os.version" value="4.15.0-1021-aws"/>
    <property name="java.endorsed.dirs" value="/usr/lib/jvm/java-1.8-openjdk/jre/lib/endorsed"/>
    <property name="java.runtime.name" value="OpenJDK Runtime Environment"/>
    <property name="file.encoding" value="UTF-8"/>
    <property name="java.vm.name" value="OpenJDK 64-Bit Server VM"/>
    <property name="test.build.webapps" value=""/>
    <property name="localRepository" value="/home/user/.m2/repository"/>
    <property name="java.vendor.url.bug" value="https://icedtea.classpath.org/bugzilla"/>
    <property name="java.io.tmpdir" value="/tmp"/>
    <property name="require.test.libhadoop" value=""/>
    <property name="java.version" value="1.8.0_212"/>
    <property name="user.dir" value="/opt/src/hadoop-ozone/tools"/>
    <property name="os.arch" value="amd64"/>
    <property name="java.vm.specification.name" value="Java Virtual Machine Specification"/>
    <property name="test.build.classes" value="/opt/src/hadoop-ozone/tools/target/test-classes"/>
    <property name="java.awt.printerjob" value="sun.print.PSPrinterJob"/>
    <property name="sun.os.patch.level" value="unknown"/>
    <property name="hadoop.tmp.dir" value="/opt/src/hadoop-ozone/tools/target/tmp"/>
    <property name="java.library.path" value="/usr/lib/jvm/java-1.8-openjdk/jre/lib/amd64/server:/usr/lib/jvm/java-1.8-openjdk/jre/lib/amd64:/usr/lib/jvm/java-1.8-openjdk/jre/../lib/amd64:/opt/src/hadoop-ozone/tools/target/native/target/usr/local/lib:/opt/src/hadoop-ozone/tools/../../hadoop-common-project/hadoop-common/target/native/target/usr/local/lib:/usr/java/packages/lib/amd64:/usr/lib64:/lib64:/lib:/usr/lib"/>
    <property name="java.vm.info" value="mixed mode"/>
    <property name="java.vendor" value="IcedTea"/>
    <property name="java.vm.version" value="25.212-b04"/>
    <property name="java.ext.dirs" value="/usr/lib/jvm/java-1.8-openjdk/jre/lib/ext:/usr/java/packages/lib/ext"/>
    <property name="sun.io.unicode.encoding" value="UnicodeLittle"/>
    <property name="java.class.version" value="52.0"/>
  </properties>
  <testcase name="testRestart" classname="org.apache.hadoop.ozone.freon.TestFreonWithPipelineDestroy" time="9.424">
    <error message="Unexpected Storage Container Exception: org.apache.hadoop.hdds.scm.container.common.helpers.StorageContainerException: ContainerID 5 does not exist" type="java.io.IOException">java.io.IOException: Unexpected Storage Container Exception: org.apache.hadoop.hdds.scm.container.common.helpers.StorageContainerException: ContainerID 5 does not exist
	at org.apache.hadoop.hdds.scm.storage.BlockOutputStream.setIoException(BlockOutputStream.java:548)
	at org.apache.hadoop.hdds.scm.storage.BlockOutputStream.validateResponse(BlockOutputStream.java:539)
	at org.apache.hadoop.hdds.scm.storage.BlockOutputStream.lambda$writeChunkToContainer$2(BlockOutputStream.java:614)
	at java.util.concurrent.CompletableFuture.uniApply(CompletableFuture.java:602)
	at java.util.concurrent.CompletableFuture$UniApply.tryFire(CompletableFuture.java:577)
	at java.util.concurrent.CompletableFuture$Completion.run(CompletableFuture.java:442)
	at java.util.concurrent.ThreadPoolExecutor.runWorker(ThreadPoolExecutor.java:1149)
	at java.util.concurrent.ThreadPoolExecutor$Worker.run(ThreadPoolExecutor.java:624)
	at java.lang.Thread.run(Thread.java:748)
Caused by: org.apache.hadoop.hdds.scm.container.common.helpers.StorageContainerException: ContainerID 5 does not exist
	at org.apache.hadoop.hdds.scm.storage.ContainerProtocolCalls.validateContainerResponse(ContainerProtocolCalls.java:536)
	at org.apache.hadoop.hdds.scm.storage.BlockOutputStream.validateResponse(BlockOutputStream.java:536)
	... 7 more
</error>
    <system-out><![CDATA[2019-06-17 13:42:32,468 WARN  server.ServerUtils (ServerUtils.java:getScmDbDir(145)) - ozone.scm.db.dirs is not configured. We recommend adding this setting. Falling back to ozone.metadata.dirs instead.
2019-06-17 13:42:32,536 WARN  server.ServerUtils (ServerUtils.java:getScmDbDir(145)) - ozone.scm.db.dirs is not configured. We recommend adding this setting. Falling back to ozone.metadata.dirs instead.
2019-06-17 13:42:32,538 WARN  server.ServerUtils (ServerUtils.java:getScmDbDir(145)) - ozone.scm.db.dirs is not configured. We recommend adding this setting. Falling back to ozone.metadata.dirs instead.
2019-06-17 13:42:32,554 INFO  util.log (Log.java:initialized(192)) - Logging initialized @683ms
2019-06-17 13:42:32,636 INFO  db.DBStoreBuilder (DBStoreBuilder.java:addTable(110)) - using custom profile for table: deletedBlocks
2019-06-17 13:42:32,637 INFO  db.DBStoreBuilder (DBStoreBuilder.java:processTables(161)) - Using default column profile:DBProfile.DISK for Table:deletedBlocks
2019-06-17 13:42:32,637 INFO  db.DBStoreBuilder (DBStoreBuilder.java:addTable(110)) - using custom profile for table: validCerts
2019-06-17 13:42:32,637 INFO  db.DBStoreBuilder (DBStoreBuilder.java:processTables(161)) - Using default column profile:DBProfile.DISK for Table:validCerts
2019-06-17 13:42:32,637 INFO  db.DBStoreBuilder (DBStoreBuilder.java:addTable(110)) - using custom profile for table: revokedCerts
2019-06-17 13:42:32,638 INFO  db.DBStoreBuilder (DBStoreBuilder.java:processTables(161)) - Using default column profile:DBProfile.DISK for Table:revokedCerts
2019-06-17 13:42:32,647 INFO  db.DBStoreBuilder (DBStoreBuilder.java:addTable(110)) - using custom profile for table: default
2019-06-17 13:42:32,648 INFO  db.DBStoreBuilder (DBStoreBuilder.java:processTables(167)) - Using default column profile:DBProfile.DISK for Table:default
2019-06-17 13:42:32,649 INFO  db.DBStoreBuilder (DBStoreBuilder.java:getDbProfile(198)) - Using default options. DBProfile.DISK
2019-06-17 13:42:32,702 INFO  net.NodeSchemaLoader (NodeSchemaLoader.java:loadSchemaFromFile(125)) - Loading file from sun.misc.CompoundEnumeration@2f112965
2019-06-17 13:42:32,704 INFO  net.NodeSchemaLoader (NodeSchemaLoader.java:loadSchema(171)) - Loading network topology layer schema file
2019-06-17 13:42:32,756 INFO  node.SCMNodeManager (SCMNodeManager.java:<init>(119)) - Entering startup safe mode.
2019-06-17 13:42:32,827 WARN  server.ServerUtils (ServerUtils.java:getScmDbDir(145)) - ozone.scm.db.dirs is not configured. We recommend adding this setting. Falling back to ozone.metadata.dirs instead.
2019-06-17 13:42:32,846 INFO  pipeline.SCMPipelineManager (SCMPipelineManager.java:initializePipelineState(126)) - No pipeline exists in current db
2019-06-17 13:42:32,848 WARN  server.ServerUtils (ServerUtils.java:getScmDbDir(145)) - ozone.scm.db.dirs is not configured. We recommend adding this setting. Falling back to ozone.metadata.dirs instead.
2019-06-17 13:42:32,898 WARN  events.EventQueue (EventQueue.java:fireEvent(175)) - No event handler registered for event TypedEvent{payloadType=SafeModeStatus, name='SafeModeStatus'}
2019-06-17 13:42:33,212 INFO  ipc.CallQueueManager (CallQueueManager.java:<init>(84)) - Using callQueue: class java.util.concurrent.LinkedBlockingQueue, queueCapacity: 2000, scheduler: class org.apache.hadoop.ipc.DefaultRpcScheduler, ipcBackoff: false.
2019-06-17 13:42:33,237 INFO  ipc.Server (Server.java:run(1074)) - Starting Socket Reader #1 for port 37663
2019-06-17 13:42:33,261 INFO  ipc.CallQueueManager (CallQueueManager.java:<init>(84)) - Using callQueue: class java.util.concurrent.LinkedBlockingQueue, queueCapacity: 2000, scheduler: class org.apache.hadoop.ipc.DefaultRpcScheduler, ipcBackoff: false.
2019-06-17 13:42:33,261 INFO  ipc.Server (Server.java:run(1074)) - Starting Socket Reader #1 for port 40627
2019-06-17 13:42:33,267 INFO  ipc.CallQueueManager (CallQueueManager.java:<init>(84)) - Using callQueue: class java.util.concurrent.LinkedBlockingQueue, queueCapacity: 2000, scheduler: class org.apache.hadoop.ipc.DefaultRpcScheduler, ipcBackoff: false.
2019-06-17 13:42:33,268 INFO  ipc.Server (Server.java:run(1074)) - Starting Socket Reader #1 for port 33763
2019-06-17 13:42:33,287 INFO  hdfs.DFSUtil (DFSUtil.java:httpServerTemplateForNNAndJN(1641)) - Starting Web-server for scm at: http://0.0.0.0:0
2019-06-17 13:42:33,435 INFO  server.AuthenticationFilter (AuthenticationFilter.java:constructSecretProvider(240)) - Unable to initialize FileSignerSecretProvider, falling back to use random secrets.
2019-06-17 13:42:33,449 WARN  http.HttpRequestLog (HttpRequestLog.java:getRequestLog(97)) - Jetty request log can only be enabled using Log4j
2019-06-17 13:42:33,457 INFO  http.HttpServer2 (HttpServer2.java:addGlobalFilter(975)) - Added global filter 'safety' (class=org.apache.hadoop.http.HttpServer2$QuotingInputFilter)
2019-06-17 13:42:33,460 INFO  http.HttpServer2 (HttpServer2.java:addFilter(948)) - Added filter static_user_filter (class=org.apache.hadoop.http.lib.StaticUserWebFilter$StaticUserFilter) to context scm
2019-06-17 13:42:33,460 INFO  http.HttpServer2 (HttpServer2.java:addFilter(958)) - Added filter static_user_filter (class=org.apache.hadoop.http.lib.StaticUserWebFilter$StaticUserFilter) to context logs
2019-06-17 13:42:33,461 INFO  http.HttpServer2 (HttpServer2.java:addFilter(958)) - Added filter static_user_filter (class=org.apache.hadoop.http.lib.StaticUserWebFilter$StaticUserFilter) to context static
2019-06-17 13:42:33,486 INFO  server.StorageContainerManager (StorageContainerManager.java:start(753)) - StorageContainerLocationProtocol RPC server is listening at /0.0.0.0:33763
2019-06-17 13:42:33,531 WARN  impl.MetricsConfig (MetricsConfig.java:loadFirst(134)) - Cannot locate configuration: tried hadoop-metrics2-storagecontainermanager.properties,hadoop-metrics2.properties
2019-06-17 13:42:33,553 INFO  impl.MetricsSystemImpl (MetricsSystemImpl.java:startTimer(374)) - Scheduled Metric snapshot period at 10 second(s).
2019-06-17 13:42:33,553 INFO  impl.MetricsSystemImpl (MetricsSystemImpl.java:start(191)) - StorageContainerManager metrics system started
2019-06-17 13:42:33,742 INFO  server.SCMClientProtocolServer (SCMClientProtocolServer.java:start(149)) - RPC server for Client  is listening at /0.0.0.0:33763
2019-06-17 13:42:33,743 INFO  ipc.Server (Server.java:run(1314)) - IPC Server Responder: starting
2019-06-17 13:42:33,743 INFO  ipc.Server (Server.java:run(1153)) - IPC Server listener on 33763: starting
2019-06-17 13:42:33,745 INFO  server.StorageContainerManager (StorageContainerManager.java:start(762)) - ScmBlockLocationProtocol RPC server is listening at /0.0.0.0:40627
2019-06-17 13:42:33,746 INFO  server.SCMBlockProtocolServer (SCMBlockProtocolServer.java:start(137)) - RPC server for Block Protocol is listening at /0.0.0.0:40627
2019-06-17 13:42:33,746 INFO  ipc.Server (Server.java:run(1314)) - IPC Server Responder: starting
2019-06-17 13:42:33,746 INFO  ipc.Server (Server.java:run(1153)) - IPC Server listener on 40627: starting
2019-06-17 13:42:33,748 INFO  server.StorageContainerManager (StorageContainerManager.java:start(766)) - ScmDatanodeProtocl RPC server is listening at /0.0.0.0:37663
2019-06-17 13:42:33,748 INFO  server.SCMDatanodeProtocolServer (SCMDatanodeProtocolServer.java:start(191)) - RPC server for DataNodes is listening at /0.0.0.0:37663
2019-06-17 13:42:33,748 INFO  ipc.Server (Server.java:run(1314)) - IPC Server Responder: starting
2019-06-17 13:42:33,748 INFO  ipc.Server (Server.java:run(1153)) - IPC Server listener on 37663: starting
2019-06-17 13:42:33,751 INFO  http.HttpServer2 (HttpServer2.java:bindListener(1191)) - Jetty bound to port 43691
2019-06-17 13:42:33,753 INFO  server.Server (Server.java:doStart(351)) - jetty-9.3.24.v20180605, build timestamp: 2018-06-05T17:11:56Z, git hash: 84205aa28f11a4f31f2a3b86d1bba2cc8ab69827
2019-06-17 13:42:33,782 INFO  handler.ContextHandler (ContextHandler.java:doStart(781)) - Started o.e.j.s.ServletContextHandler@481ba2cf{/logs,file:///opt/src/hadoop-ozone/tools/target/log,AVAILABLE}
2019-06-17 13:42:33,783 INFO  handler.ContextHandler (ContextHandler.java:doStart(781)) - Started o.e.j.s.ServletContextHandler@2e48362c{/static,file:///opt/src/hadoop-hdds/server-scm/target/classes/webapps/static/,AVAILABLE}
2019-06-17 13:42:33,807 INFO  handler.ContextHandler (ContextHandler.java:doStart(781)) - Started o.e.j.w.WebAppContext@13c3c1e1{/,file:///opt/src/hadoop-hdds/server-scm/target/classes/webapps/scm/,AVAILABLE}{/scm}
2019-06-17 13:42:33,812 INFO  server.AbstractConnector (AbstractConnector.java:doStart(278)) - Started ServerConnector@3d484181{HTTP/1.1,[http/1.1]}{0.0.0.0:43691}
2019-06-17 13:42:33,813 INFO  server.Server (Server.java:doStart(419)) - Started @1941ms
2019-06-17 13:42:33,814 INFO  server.BaseHttpServer (BaseHttpServer.java:updateConnectorAddress(207)) - HTTP server of SCM is listening at http://0.0.0.0:43691
2019-06-17 13:42:33,822 INFO  util.JvmPauseMonitor (JvmPauseMonitor.java:run(188)) - Starting JVM pause monitor
2019-06-17 13:42:33,824 WARN  scm.ScmUtils (ScmUtils.java:getDBPath(63)) - ozone.om.db.dirs is not configured. We recommend adding this setting. Falling back to ozone.metadata.dirs instead.
2019-06-17 13:42:33,895 WARN  scm.ScmUtils (ScmUtils.java:getDBPath(63)) - ozone.om.db.dirs is not configured. We recommend adding this setting. Falling back to ozone.metadata.dirs instead.
2019-06-17 13:42:33,896 INFO  om.OzoneManager (OzoneManager.java:setOMNodeDetails(532)) - OM Service ID is not set. Setting it to the default ID: omServiceIdDefault
2019-06-17 13:42:33,896 INFO  om.OzoneManager (OzoneManager.java:setOMNodeDetails(538)) - OM Node ID is not set. Setting it to the OmStorage's OmID: 5dcdffba-fa4e-4ae5-b2f8-96c3be5b08ca
2019-06-17 13:42:33,897 WARN  scm.HddsServerUtil (HddsServerUtil.java:getDefaultRatisDirectory(354)) - Storage directory for Ratis is not configured. It is a good idea to map this to an SSD disk. Falling back to ozone.metadata.dirs
2019-06-17 13:42:33,898 WARN  scm.HddsServerUtil (HddsServerUtil.java:getDefaultRatisDirectory(354)) - Storage directory for Ratis is not configured. It is a good idea to map this to an SSD disk. Falling back to ozone.metadata.dirs
2019-06-17 13:42:33,898 INFO  om.OzoneManager (OzoneManager.java:loadOMHAConfigs(489)) - Found matching OM address with OMServiceId: null, OMNodeId: null, RPC Address: localhost:0 and Ratis port: 9872
2019-06-17 13:42:34,071 WARN  scm.ScmUtils (ScmUtils.java:getDBPath(63)) - ozone.om.db.dirs is not configured. We recommend adding this setting. Falling back to ozone.metadata.dirs instead.
2019-06-17 13:42:34,076 INFO  db.DBStoreBuilder (DBStoreBuilder.java:addTable(110)) - using custom profile for table: userTable
2019-06-17 13:42:34,076 INFO  db.DBStoreBuilder (DBStoreBuilder.java:processTables(161)) - Using default column profile:DBProfile.DISK for Table:userTable
2019-06-17 13:42:34,076 INFO  db.DBStoreBuilder (DBStoreBuilder.java:addTable(110)) - using custom profile for table: volumeTable
2019-06-17 13:42:34,076 INFO  db.DBStoreBuilder (DBStoreBuilder.java:processTables(161)) - Using default column profile:DBProfile.DISK for Table:volumeTable
2019-06-17 13:42:34,076 INFO  db.DBStoreBuilder (DBStoreBuilder.java:addTable(110)) - using custom profile for table: bucketTable
2019-06-17 13:42:34,076 INFO  db.DBStoreBuilder (DBStoreBuilder.java:processTables(161)) - Using default column profile:DBProfile.DISK for Table:bucketTable
2019-06-17 13:42:34,077 INFO  db.DBStoreBuilder (DBStoreBuilder.java:addTable(110)) - using custom profile for table: keyTable
2019-06-17 13:42:34,077 INFO  db.DBStoreBuilder (DBStoreBuilder.java:processTables(161)) - Using default column profile:DBProfile.DISK for Table:keyTable
2019-06-17 13:42:34,077 INFO  db.DBStoreBuilder (DBStoreBuilder.java:addTable(110)) - using custom profile for table: deletedTable
2019-06-17 13:42:34,077 INFO  db.DBStoreBuilder (DBStoreBuilder.java:processTables(161)) - Using default column profile:DBProfile.DISK for Table:deletedTable
2019-06-17 13:42:34,077 INFO  db.DBStoreBuilder (DBStoreBuilder.java:addTable(110)) - using custom profile for table: openKeyTable
2019-06-17 13:42:34,077 INFO  db.DBStoreBuilder (DBStoreBuilder.java:processTables(161)) - Using default column profile:DBProfile.DISK for Table:openKeyTable
2019-06-17 13:42:34,078 INFO  db.DBStoreBuilder (DBStoreBuilder.java:addTable(110)) - using custom profile for table: s3Table
2019-06-17 13:42:34,078 INFO  db.DBStoreBuilder (DBStoreBuilder.java:processTables(161)) - Using default column profile:DBProfile.DISK for Table:s3Table
2019-06-17 13:42:34,078 INFO  db.DBStoreBuilder (DBStoreBuilder.java:addTable(110)) - using custom profile for table: multipartInfoTable
2019-06-17 13:42:34,078 INFO  db.DBStoreBuilder (DBStoreBuilder.java:processTables(161)) - Using default column profile:DBProfile.DISK for Table:multipartInfoTable
2019-06-17 13:42:34,078 INFO  db.DBStoreBuilder (DBStoreBuilder.java:addTable(110)) - using custom profile for table: dTokenTable
2019-06-17 13:42:34,078 INFO  db.DBStoreBuilder (DBStoreBuilder.java:processTables(161)) - Using default column profile:DBProfile.DISK for Table:dTokenTable
2019-06-17 13:42:34,079 INFO  db.DBStoreBuilder (DBStoreBuilder.java:addTable(110)) - using custom profile for table: s3SecretTable
2019-06-17 13:42:34,079 INFO  db.DBStoreBuilder (DBStoreBuilder.java:processTables(161)) - Using default column profile:DBProfile.DISK for Table:s3SecretTable
2019-06-17 13:42:34,079 INFO  db.DBStoreBuilder (DBStoreBuilder.java:addTable(110)) - using custom profile for table: prefixTable
2019-06-17 13:42:34,079 INFO  db.DBStoreBuilder (DBStoreBuilder.java:processTables(161)) - Using default column profile:DBProfile.DISK for Table:prefixTable
2019-06-17 13:42:34,079 INFO  db.DBStoreBuilder (DBStoreBuilder.java:addTable(110)) - using custom profile for table: default
2019-06-17 13:42:34,079 INFO  db.DBStoreBuilder (DBStoreBuilder.java:processTables(167)) - Using default column profile:DBProfile.DISK for Table:default
2019-06-17 13:42:34,080 INFO  db.DBStoreBuilder (DBStoreBuilder.java:getDbProfile(198)) - Using default options. DBProfile.DISK
2019-06-17 13:42:34,546 INFO  ipc.CallQueueManager (CallQueueManager.java:<init>(84)) - Using callQueue: class java.util.concurrent.LinkedBlockingQueue, queueCapacity: 2000, scheduler: class org.apache.hadoop.ipc.DefaultRpcScheduler, ipcBackoff: false.
2019-06-17 13:42:34,546 INFO  ipc.Server (Server.java:run(1074)) - Starting Socket Reader #1 for port 34921
2019-06-17 13:42:34,572 WARN  scm.ScmUtils (ScmUtils.java:getDBPath(63)) - ozone.om.db.dirs is not configured. We recommend adding this setting. Falling back to ozone.metadata.dirs instead.
2019-06-17 13:42:34,572 INFO  om.OzoneManager (OzoneManager.java:start(1230)) - OzoneManager RPC server is listening at localhost/127.0.0.1:34921
2019-06-17 13:42:34,572 INFO  impl.MetricsSystemImpl (MetricsSystemImpl.java:init(158)) - OzoneManager metrics system started (again)
2019-06-17 13:42:34,573 INFO  ipc.Server (Server.java:run(1314)) - IPC Server Responder: starting
2019-06-17 13:42:34,573 INFO  ipc.Server (Server.java:run(1153)) - IPC Server listener on 34921: starting
2019-06-17 13:42:34,599 INFO  hdfs.DFSUtil (DFSUtil.java:httpServerTemplateForNNAndJN(1641)) - Starting Web-server for ozoneManager at: http://0.0.0.0:0
2019-06-17 13:42:34,600 INFO  server.AuthenticationFilter (AuthenticationFilter.java:constructSecretProvider(240)) - Unable to initialize FileSignerSecretProvider, falling back to use random secrets.
2019-06-17 13:42:34,601 WARN  http.HttpRequestLog (HttpRequestLog.java:getRequestLog(97)) - Jetty request log can only be enabled using Log4j
2019-06-17 13:42:34,603 INFO  http.HttpServer2 (HttpServer2.java:addGlobalFilter(975)) - Added global filter 'safety' (class=org.apache.hadoop.http.HttpServer2$QuotingInputFilter)
2019-06-17 13:42:34,604 INFO  http.HttpServer2 (HttpServer2.java:addFilter(948)) - Added filter static_user_filter (class=org.apache.hadoop.http.lib.StaticUserWebFilter$StaticUserFilter) to context ozoneManager
2019-06-17 13:42:34,604 INFO  http.HttpServer2 (HttpServer2.java:addFilter(958)) - Added filter static_user_filter (class=org.apache.hadoop.http.lib.StaticUserWebFilter$StaticUserFilter) to context static
2019-06-17 13:42:34,604 INFO  http.HttpServer2 (HttpServer2.java:addFilter(958)) - Added filter static_user_filter (class=org.apache.hadoop.http.lib.StaticUserWebFilter$StaticUserFilter) to context logs
2019-06-17 13:42:34,606 INFO  http.HttpServer2 (HttpServer2.java:bindListener(1191)) - Jetty bound to port 44969
2019-06-17 13:42:34,606 INFO  server.Server (Server.java:doStart(351)) - jetty-9.3.24.v20180605, build timestamp: 2018-06-05T17:11:56Z, git hash: 84205aa28f11a4f31f2a3b86d1bba2cc8ab69827
2019-06-17 13:42:34,611 INFO  handler.ContextHandler (ContextHandler.java:doStart(781)) - Started o.e.j.s.ServletContextHandler@7a34b7b8{/logs,file:///opt/src/hadoop-ozone/tools/target/log,AVAILABLE}
2019-06-17 13:42:34,612 INFO  handler.ContextHandler (ContextHandler.java:doStart(781)) - Started o.e.j.s.ServletContextHandler@3be8821f{/static,file:///opt/src/hadoop-ozone/ozone-manager/target/classes/webapps/static/,AVAILABLE}
2019-06-17 13:42:34,616 INFO  handler.ContextHandler (ContextHandler.java:doStart(781)) - Started o.e.j.w.WebAppContext@60b85ba1{/,file:///opt/src/hadoop-ozone/ozone-manager/target/classes/webapps/ozoneManager/,AVAILABLE}{/ozoneManager}
2019-06-17 13:42:34,616 INFO  server.AbstractConnector (AbstractConnector.java:doStart(278)) - Started ServerConnector@492fc69e{HTTP/1.1,[http/1.1]}{0.0.0.0:44969}
2019-06-17 13:42:34,616 INFO  server.Server (Server.java:doStart(419)) - Started @2745ms
2019-06-17 13:42:34,617 INFO  server.BaseHttpServer (BaseHttpServer.java:updateConnectorAddress(207)) - HTTP server of OZONEMANAGER is listening at http://0.0.0.0:44969
2019-06-17 13:42:34,733 INFO  impl.MetricsSystemImpl (MetricsSystemImpl.java:init(158)) - HddsDatanode metrics system started (again)
2019-06-17 13:42:34,892 INFO  ozone.HddsDatanodeService (HddsDatanodeService.java:start(185)) - HddsDatanodeService host:ozone-unit-076618677d3448r5-3884791914 ip:192.168.11.196
2019-06-17 13:42:34,915 INFO  volume.HddsVolume (HddsVolume.java:<init>(176)) - Creating Volume: /opt/src/hadoop-ozone/tools/target/test-dir/MiniOzoneClusterImpl-a0a800a7-ac61-4331-a0ae-496f42b3a347/datanode-0/data/containers/hdds of  storage type : DISK and capacity : 104021790720
2019-06-17 13:42:34,916 INFO  volume.VolumeSet (VolumeSet.java:initializeVolumeSet(170)) - Added Volume : /opt/src/hadoop-ozone/tools/target/test-dir/MiniOzoneClusterImpl-a0a800a7-ac61-4331-a0ae-496f42b3a347/datanode-0/data/containers/hdds to VolumeSet
2019-06-17 13:42:34,919 INFO  volume.ThrottledAsyncChecker (ThrottledAsyncChecker.java:schedule(140)) - Scheduling a check for org.apache.hadoop.ozone.container.common.volume.HddsVolume@5c089b2f
2019-06-17 13:42:34,933 INFO  volume.HddsVolumeChecker (HddsVolumeChecker.java:checkAllVolumes(203)) - Scheduled health check for volume org.apache.hadoop.ozone.container.common.volume.HddsVolume@5c089b2f
2019-06-17 13:42:34,968 INFO  ratis.XceiverServerRatis (XceiverServerRatis.java:newXceiverServerRatis(401)) - Found a free port for the server : 46755
2019-06-17 13:42:35,020 INFO  impl.RaftServerProxy (ConfUtils.java:logGet(43)) - raft.rpc.type = GRPC (default)
2019-06-17 13:42:35,027 INFO  grpc.GrpcConfigKeys$Server (ConfUtils.java:logGet(43)) - raft.grpc.server.port = 46755 (custom)
2019-06-17 13:42:35,028 INFO  server.GrpcService (ConfUtils.java:logGet(43)) - raft.grpc.message.size.max = 33570816 (custom)
2019-06-17 13:42:35,029 INFO  server.RaftServerConfigKeys (ConfUtils.java:logGet(43)) - raft.server.log.appender.buffer.byte-limit = 33554432 (custom)
2019-06-17 13:42:35,030 INFO  server.GrpcService (ConfUtils.java:logGet(43)) - raft.grpc.flow.control.window = 1MB (=1048576) (default)
2019-06-17 13:42:35,030 INFO  server.RaftServerConfigKeys (ConfUtils.java:logGet(43)) - raft.server.rpc.request.timeout = 3000ms (default)
2019-06-17 13:42:35,150 INFO  server.RaftServerConfigKeys (ConfUtils.java:logGet(43)) - raft.server.storage.dir = [/opt/src/hadoop-ozone/tools/target/test-dir/MiniOzoneClusterImpl-a0a800a7-ac61-4331-a0ae-496f42b3a347/datanode-0/data/ratis] (custom)
2019-06-17 13:42:35,155 INFO  server.XceiverServerGrpc (XceiverServerGrpc.java:<init>(97)) - Found a free port for the server : 43567
2019-06-17 13:42:35,177 INFO  replication.SimpleContainerDownloader (SimpleContainerDownloader.java:<init>(72)) - Starting container downloader service to copy containers to replicate.
2019-06-17 13:42:35,186 INFO  hdfs.DFSUtil (DFSUtil.java:httpServerTemplateForNNAndJN(1641)) - Starting Web-server for hddsDatanode at: http://0.0.0.0:0
2019-06-17 13:42:35,187 INFO  server.AuthenticationFilter (AuthenticationFilter.java:constructSecretProvider(240)) - Unable to initialize FileSignerSecretProvider, falling back to use random secrets.
2019-06-17 13:42:35,188 WARN  http.HttpRequestLog (HttpRequestLog.java:getRequestLog(97)) - Jetty request log can only be enabled using Log4j
2019-06-17 13:42:35,190 INFO  http.HttpServer2 (HttpServer2.java:addGlobalFilter(975)) - Added global filter 'safety' (class=org.apache.hadoop.http.HttpServer2$QuotingInputFilter)
2019-06-17 13:42:35,191 INFO  http.HttpServer2 (HttpServer2.java:addFilter(948)) - Added filter static_user_filter (class=org.apache.hadoop.http.lib.StaticUserWebFilter$StaticUserFilter) to context hddsDatanode
2019-06-17 13:42:35,191 INFO  http.HttpServer2 (HttpServer2.java:addFilter(958)) - Added filter static_user_filter (class=org.apache.hadoop.http.lib.StaticUserWebFilter$StaticUserFilter) to context static
2019-06-17 13:42:35,191 INFO  http.HttpServer2 (HttpServer2.java:addFilter(958)) - Added filter static_user_filter (class=org.apache.hadoop.http.lib.StaticUserWebFilter$StaticUserFilter) to context logs
2019-06-17 13:42:35,192 INFO  http.HttpServer2 (HttpServer2.java:bindListener(1191)) - Jetty bound to port 43981
2019-06-17 13:42:35,192 INFO  server.Server (Server.java:doStart(351)) - jetty-9.3.24.v20180605, build timestamp: 2018-06-05T17:11:56Z, git hash: 84205aa28f11a4f31f2a3b86d1bba2cc8ab69827
2019-06-17 13:42:35,194 INFO  handler.ContextHandler (ContextHandler.java:doStart(781)) - Started o.e.j.s.ServletContextHandler@61fafb74{/logs,file:///opt/src/hadoop-ozone/tools/target/log,AVAILABLE}
2019-06-17 13:42:35,195 INFO  handler.ContextHandler (ContextHandler.java:doStart(781)) - Started o.e.j.s.ServletContextHandler@58496dc{/static,file:///opt/src/hadoop-hdds/container-service/target/classes/webapps/static,AVAILABLE}
2019-06-17 13:42:35,199 INFO  handler.ContextHandler (ContextHandler.java:doStart(781)) - Started o.e.j.w.WebAppContext@36f1046f{/,file:///opt/src/hadoop-hdds/container-service/target/classes/webapps/hddsDatanode/,AVAILABLE}{/hddsDatanode}
2019-06-17 13:42:35,200 INFO  server.AbstractConnector (AbstractConnector.java:doStart(278)) - Started ServerConnector@8ecaf3d{HTTP/1.1,[http/1.1]}{0.0.0.0:43981}
2019-06-17 13:42:35,200 INFO  server.Server (Server.java:doStart(419)) - Started @3329ms
2019-06-17 13:42:35,201 INFO  server.BaseHttpServer (BaseHttpServer.java:updateConnectorAddress(207)) - HTTP server of HDDSDATANODE is listening at http://0.0.0.0:43981
2019-06-17 13:42:36,010 INFO  ozone.HddsDatanodeService (HddsDatanodeService.java:startPlugins(396)) - Started plug-in org.apache.hadoop.ozone.web.OzoneHddsDatanodeService@13dbed9e
2019-06-17 13:42:36,012 INFO  impl.MetricsSystemImpl (MetricsSystemImpl.java:init(158)) - HddsDatanode metrics system started (again)
2019-06-17 13:42:36,012 INFO  ozone.HddsDatanodeService (HddsDatanodeService.java:start(185)) - HddsDatanodeService host:ozone-unit-076618677d3448r5-3884791914 ip:192.168.11.196
2019-06-17 13:42:36,018 INFO  util.JvmPauseMonitor (JvmPauseMonitor.java:run(188)) - Starting JVM pause monitor
2019-06-17 13:42:36,027 INFO  volume.HddsVolume (HddsVolume.java:<init>(176)) - Creating Volume: /opt/src/hadoop-ozone/tools/target/test-dir/MiniOzoneClusterImpl-a0a800a7-ac61-4331-a0ae-496f42b3a347/datanode-1/data/containers/hdds of  storage type : DISK and capacity : 104021790720
2019-06-17 13:42:36,027 INFO  volume.VolumeSet (VolumeSet.java:initializeVolumeSet(170)) - Added Volume : /opt/src/hadoop-ozone/tools/target/test-dir/MiniOzoneClusterImpl-a0a800a7-ac61-4331-a0ae-496f42b3a347/datanode-1/data/containers/hdds to VolumeSet
2019-06-17 13:42:36,027 INFO  volume.ThrottledAsyncChecker (ThrottledAsyncChecker.java:schedule(140)) - Scheduling a check for org.apache.hadoop.ozone.container.common.volume.HddsVolume@138aa3cc
2019-06-17 13:42:36,029 INFO  volume.HddsVolumeChecker (HddsVolumeChecker.java:checkAllVolumes(203)) - Scheduled health check for volume org.apache.hadoop.ozone.container.common.volume.HddsVolume@138aa3cc
2019-06-17 13:42:36,047 INFO  ratis.XceiverServerRatis (XceiverServerRatis.java:newXceiverServerRatis(401)) - Found a free port for the server : 40833
2019-06-17 13:42:36,048 INFO  impl.RaftServerProxy (ConfUtils.java:logGet(43)) - raft.rpc.type = GRPC (default)
2019-06-17 13:42:36,048 INFO  grpc.GrpcConfigKeys$Server (ConfUtils.java:logGet(43)) - raft.grpc.server.port = 40833 (custom)
2019-06-17 13:42:36,049 INFO  server.GrpcService (ConfUtils.java:logGet(43)) - raft.grpc.message.size.max = 33570816 (custom)
2019-06-17 13:42:36,049 INFO  server.RaftServerConfigKeys (ConfUtils.java:logGet(43)) - raft.server.log.appender.buffer.byte-limit = 33554432 (custom)
2019-06-17 13:42:36,049 INFO  server.GrpcService (ConfUtils.java:logGet(43)) - raft.grpc.flow.control.window = 1MB (=1048576) (default)
2019-06-17 13:42:36,049 INFO  server.RaftServerConfigKeys (ConfUtils.java:logGet(43)) - raft.server.rpc.request.timeout = 3000ms (default)
2019-06-17 13:42:36,050 INFO  server.RaftServerConfigKeys (ConfUtils.java:logGet(43)) - raft.server.storage.dir = [/opt/src/hadoop-ozone/tools/target/test-dir/MiniOzoneClusterImpl-a0a800a7-ac61-4331-a0ae-496f42b3a347/datanode-1/data/ratis] (custom)
2019-06-17 13:42:36,050 INFO  server.XceiverServerGrpc (XceiverServerGrpc.java:<init>(97)) - Found a free port for the server : 36717
2019-06-17 13:42:36,051 INFO  replication.SimpleContainerDownloader (SimpleContainerDownloader.java:<init>(72)) - Starting container downloader service to copy containers to replicate.
2019-06-17 13:42:36,052 INFO  hdfs.DFSUtil (DFSUtil.java:httpServerTemplateForNNAndJN(1641)) - Starting Web-server for hddsDatanode at: http://0.0.0.0:0
2019-06-17 13:42:36,053 INFO  server.AuthenticationFilter (AuthenticationFilter.java:constructSecretProvider(240)) - Unable to initialize FileSignerSecretProvider, falling back to use random secrets.
2019-06-17 13:42:36,055 WARN  http.HttpRequestLog (HttpRequestLog.java:getRequestLog(97)) - Jetty request log can only be enabled using Log4j
2019-06-17 13:42:36,056 INFO  http.HttpServer2 (HttpServer2.java:addGlobalFilter(975)) - Added global filter 'safety' (class=org.apache.hadoop.http.HttpServer2$QuotingInputFilter)
2019-06-17 13:42:36,057 INFO  http.HttpServer2 (HttpServer2.java:addFilter(948)) - Added filter static_user_filter (class=org.apache.hadoop.http.lib.StaticUserWebFilter$StaticUserFilter) to context hddsDatanode
2019-06-17 13:42:36,057 INFO  http.HttpServer2 (HttpServer2.java:addFilter(958)) - Added filter static_user_filter (class=org.apache.hadoop.http.lib.StaticUserWebFilter$StaticUserFilter) to context static
2019-06-17 13:42:36,057 INFO  http.HttpServer2 (HttpServer2.java:addFilter(958)) - Added filter static_user_filter (class=org.apache.hadoop.http.lib.StaticUserWebFilter$StaticUserFilter) to context logs
2019-06-17 13:42:36,058 INFO  http.HttpServer2 (HttpServer2.java:bindListener(1191)) - Jetty bound to port 45809
2019-06-17 13:42:36,058 INFO  server.Server (Server.java:doStart(351)) - jetty-9.3.24.v20180605, build timestamp: 2018-06-05T17:11:56Z, git hash: 84205aa28f11a4f31f2a3b86d1bba2cc8ab69827
2019-06-17 13:42:36,071 INFO  handler.ContextHandler (ContextHandler.java:doStart(781)) - Started o.e.j.s.ServletContextHandler@608b1fd2{/logs,file:///opt/src/hadoop-ozone/tools/target/log,AVAILABLE}
2019-06-17 13:42:36,072 INFO  handler.ContextHandler (ContextHandler.java:doStart(781)) - Started o.e.j.s.ServletContextHandler@591a4f8e{/static,file:///opt/src/hadoop-hdds/container-service/target/classes/webapps/static,AVAILABLE}
2019-06-17 13:42:36,077 INFO  handler.ContextHandler (ContextHandler.java:doStart(781)) - Started o.e.j.w.WebAppContext@717d7587{/,file:///opt/src/hadoop-hdds/container-service/target/classes/webapps/hddsDatanode/,AVAILABLE}{/hddsDatanode}
2019-06-17 13:42:36,078 INFO  server.AbstractConnector (AbstractConnector.java:doStart(278)) - Started ServerConnector@2d1e411{HTTP/1.1,[http/1.1]}{0.0.0.0:45809}
2019-06-17 13:42:36,079 INFO  server.Server (Server.java:doStart(419)) - Started @4207ms
2019-06-17 13:42:36,079 INFO  server.BaseHttpServer (BaseHttpServer.java:updateConnectorAddress(207)) - HTTP server of HDDSDATANODE is listening at http://0.0.0.0:45809
2019-06-17 13:42:36,101 INFO  datanode.InitDatanodeState (InitDatanodeState.java:persistContainerDatanodeDetails(140)) - DatanodeDetails is persisted to /opt/src/hadoop-ozone/tools/target/test-dir/MiniOzoneClusterImpl-a0a800a7-ac61-4331-a0ae-496f42b3a347/datanode-0/meta/datanode.id
2019-06-17 13:42:36,203 INFO  ozone.HddsDatanodeService (HddsDatanodeService.java:startPlugins(396)) - Started plug-in org.apache.hadoop.ozone.web.OzoneHddsDatanodeService@2f14b0f6
2019-06-17 13:42:36,203 INFO  impl.MetricsSystemImpl (MetricsSystemImpl.java:init(158)) - HddsDatanode metrics system started (again)
2019-06-17 13:42:36,203 INFO  ozone.HddsDatanodeService (HddsDatanodeService.java:start(185)) - HddsDatanodeService host:ozone-unit-076618677d3448r5-3884791914 ip:192.168.11.196
2019-06-17 13:42:36,211 INFO  util.JvmPauseMonitor (JvmPauseMonitor.java:run(188)) - Starting JVM pause monitor
2019-06-17 13:42:36,225 INFO  volume.HddsVolume (HddsVolume.java:<init>(176)) - Creating Volume: /opt/src/hadoop-ozone/tools/target/test-dir/MiniOzoneClusterImpl-a0a800a7-ac61-4331-a0ae-496f42b3a347/datanode-2/data/containers/hdds of  storage type : DISK and capacity : 104021790720
2019-06-17 13:42:36,225 INFO  volume.VolumeSet (VolumeSet.java:initializeVolumeSet(170)) - Added Volume : /opt/src/hadoop-ozone/tools/target/test-dir/MiniOzoneClusterImpl-a0a800a7-ac61-4331-a0ae-496f42b3a347/datanode-2/data/containers/hdds to VolumeSet
2019-06-17 13:42:36,225 INFO  volume.ThrottledAsyncChecker (ThrottledAsyncChecker.java:schedule(140)) - Scheduling a check for org.apache.hadoop.ozone.container.common.volume.HddsVolume@19b206ee
2019-06-17 13:42:36,226 INFO  datanode.InitDatanodeState (InitDatanodeState.java:persistContainerDatanodeDetails(140)) - DatanodeDetails is persisted to /opt/src/hadoop-ozone/tools/target/test-dir/MiniOzoneClusterImpl-a0a800a7-ac61-4331-a0ae-496f42b3a347/datanode-1/meta/datanode.id
2019-06-17 13:42:36,231 INFO  volume.HddsVolumeChecker (HddsVolumeChecker.java:checkAllVolumes(203)) - Scheduled health check for volume org.apache.hadoop.ozone.container.common.volume.HddsVolume@19b206ee
2019-06-17 13:42:36,243 INFO  ratis.XceiverServerRatis (XceiverServerRatis.java:newXceiverServerRatis(401)) - Found a free port for the server : 34629
2019-06-17 13:42:36,245 INFO  impl.RaftServerProxy (ConfUtils.java:logGet(43)) - raft.rpc.type = GRPC (default)
2019-06-17 13:42:36,245 INFO  grpc.GrpcConfigKeys$Server (ConfUtils.java:logGet(43)) - raft.grpc.server.port = 34629 (custom)
2019-06-17 13:42:36,245 INFO  server.GrpcService (ConfUtils.java:logGet(43)) - raft.grpc.message.size.max = 33570816 (custom)
2019-06-17 13:42:36,245 INFO  server.RaftServerConfigKeys (ConfUtils.java:logGet(43)) - raft.server.log.appender.buffer.byte-limit = 33554432 (custom)
2019-06-17 13:42:36,246 INFO  server.GrpcService (ConfUtils.java:logGet(43)) - raft.grpc.flow.control.window = 1MB (=1048576) (default)
2019-06-17 13:42:36,246 INFO  server.RaftServerConfigKeys (ConfUtils.java:logGet(43)) - raft.server.rpc.request.timeout = 3000ms (default)
2019-06-17 13:42:36,247 INFO  server.RaftServerConfigKeys (ConfUtils.java:logGet(43)) - raft.server.storage.dir = [/opt/src/hadoop-ozone/tools/target/test-dir/MiniOzoneClusterImpl-a0a800a7-ac61-4331-a0ae-496f42b3a347/datanode-2/data/ratis] (custom)
2019-06-17 13:42:36,247 INFO  server.XceiverServerGrpc (XceiverServerGrpc.java:<init>(97)) - Found a free port for the server : 39379
2019-06-17 13:42:36,248 INFO  replication.SimpleContainerDownloader (SimpleContainerDownloader.java:<init>(72)) - Starting container downloader service to copy containers to replicate.
2019-06-17 13:42:36,249 INFO  hdfs.DFSUtil (DFSUtil.java:httpServerTemplateForNNAndJN(1641)) - Starting Web-server for hddsDatanode at: http://0.0.0.0:0
2019-06-17 13:42:36,250 INFO  server.AuthenticationFilter (AuthenticationFilter.java:constructSecretProvider(240)) - Unable to initialize FileSignerSecretProvider, falling back to use random secrets.
2019-06-17 13:42:36,251 WARN  http.HttpRequestLog (HttpRequestLog.java:getRequestLog(97)) - Jetty request log can only be enabled using Log4j
2019-06-17 13:42:36,252 INFO  http.HttpServer2 (HttpServer2.java:addGlobalFilter(975)) - Added global filter 'safety' (class=org.apache.hadoop.http.HttpServer2$QuotingInputFilter)
2019-06-17 13:42:36,252 INFO  http.HttpServer2 (HttpServer2.java:addFilter(948)) - Added filter static_user_filter (class=org.apache.hadoop.http.lib.StaticUserWebFilter$StaticUserFilter) to context hddsDatanode
2019-06-17 13:42:36,253 INFO  http.HttpServer2 (HttpServer2.java:addFilter(958)) - Added filter static_user_filter (class=org.apache.hadoop.http.lib.StaticUserWebFilter$StaticUserFilter) to context logs
2019-06-17 13:42:36,253 INFO  http.HttpServer2 (HttpServer2.java:addFilter(958)) - Added filter static_user_filter (class=org.apache.hadoop.http.lib.StaticUserWebFilter$StaticUserFilter) to context static
2019-06-17 13:42:36,253 INFO  http.HttpServer2 (HttpServer2.java:bindListener(1191)) - Jetty bound to port 35593
2019-06-17 13:42:36,253 INFO  server.Server (Server.java:doStart(351)) - jetty-9.3.24.v20180605, build timestamp: 2018-06-05T17:11:56Z, git hash: 84205aa28f11a4f31f2a3b86d1bba2cc8ab69827
2019-06-17 13:42:36,255 INFO  handler.ContextHandler (ContextHandler.java:doStart(781)) - Started o.e.j.s.ServletContextHandler@7f4701b1{/logs,file:///opt/src/hadoop-ozone/tools/target/log,AVAILABLE}
2019-06-17 13:42:36,256 INFO  handler.ContextHandler (ContextHandler.java:doStart(781)) - Started o.e.j.s.ServletContextHandler@fb49fdf{/static,file:///opt/src/hadoop-hdds/container-service/target/classes/webapps/static,AVAILABLE}
2019-06-17 13:42:36,259 INFO  handler.ContextHandler (ContextHandler.java:doStart(781)) - Started o.e.j.w.WebAppContext@6a9344f5{/,file:///opt/src/hadoop-hdds/container-service/target/classes/webapps/hddsDatanode/,AVAILABLE}{/hddsDatanode}
2019-06-17 13:42:36,260 INFO  server.AbstractConnector (AbstractConnector.java:doStart(278)) - Started ServerConnector@5584d9c6{HTTP/1.1,[http/1.1]}{0.0.0.0:35593}
2019-06-17 13:42:36,260 INFO  server.Server (Server.java:doStart(419)) - Started @4389ms
2019-06-17 13:42:36,261 INFO  server.BaseHttpServer (BaseHttpServer.java:updateConnectorAddress(207)) - HTTP server of HDDSDATANODE is listening at http://0.0.0.0:35593
2019-06-17 13:42:36,380 INFO  ozone.HddsDatanodeService (HddsDatanodeService.java:startPlugins(396)) - Started plug-in org.apache.hadoop.ozone.web.OzoneHddsDatanodeService@4a8ffd75
2019-06-17 13:42:36,381 INFO  ozone.MiniOzoneClusterImpl (MiniOzoneClusterImpl.java:lambda$waitForClusterToBeReady$0(142)) - Waiting for cluster to be ready. Got 0 of 3 DN Heartbeats.
2019-06-17 13:42:36,382 INFO  util.JvmPauseMonitor (JvmPauseMonitor.java:run(188)) - Starting JVM pause monitor
2019-06-17 13:42:36,383 INFO  datanode.InitDatanodeState (InitDatanodeState.java:persistContainerDatanodeDetails(140)) - DatanodeDetails is persisted to /opt/src/hadoop-ozone/tools/target/test-dir/MiniOzoneClusterImpl-a0a800a7-ac61-4331-a0ae-496f42b3a347/datanode-2/meta/datanode.id
2019-06-17 13:42:37,381 INFO  ozone.MiniOzoneClusterImpl (MiniOzoneClusterImpl.java:lambda$waitForClusterToBeReady$0(142)) - Waiting for cluster to be ready. Got 0 of 3 DN Heartbeats.
2019-06-17 13:42:38,040 INFO  ozoneimpl.OzoneContainer (OzoneContainer.java:start(186)) - Attempting to start container services.
2019-06-17 13:42:38,040 INFO  ozoneimpl.OzoneContainer (OzoneContainer.java:startContainerScrub(160)) - Background container scrubber has been disabled by hdds.containerscrub.enabled
2019-06-17 13:42:38,040 INFO  ratis.XceiverServerRatis (XceiverServerRatis.java:start(418)) - Starting XceiverServerRatis 62261920-1f74-40fd-96c9-4799b8625e12 at port 46755
2019-06-17 13:42:38,055 INFO  impl.RaftServerProxy (RaftServerProxy.java:lambda$start$3(299)) - 62261920-1f74-40fd-96c9-4799b8625e12: start RPC server
2019-06-17 13:42:38,191 INFO  server.GrpcService (GrpcService.java:startImpl(148)) - 62261920-1f74-40fd-96c9-4799b8625e12: GrpcService started, listening on 0.0.0.0/0.0.0.0:46755
2019-06-17 13:42:38,215 INFO  ozoneimpl.OzoneContainer (OzoneContainer.java:start(186)) - Attempting to start container services.
2019-06-17 13:42:38,216 INFO  ozoneimpl.OzoneContainer (OzoneContainer.java:startContainerScrub(160)) - Background container scrubber has been disabled by hdds.containerscrub.enabled
2019-06-17 13:42:38,216 INFO  ratis.XceiverServerRatis (XceiverServerRatis.java:start(418)) - Starting XceiverServerRatis ac9f728e-9d5d-48cf-ba40-b6e3f4054752 at port 40833
2019-06-17 13:42:38,221 INFO  impl.RaftServerProxy (RaftServerProxy.java:lambda$start$3(299)) - ac9f728e-9d5d-48cf-ba40-b6e3f4054752: start RPC server
2019-06-17 13:42:38,224 INFO  server.GrpcService (GrpcService.java:startImpl(148)) - ac9f728e-9d5d-48cf-ba40-b6e3f4054752: GrpcService started, listening on 0.0.0.0/0.0.0.0:40833
2019-06-17 13:42:38,382 INFO  ozone.MiniOzoneClusterImpl (MiniOzoneClusterImpl.java:lambda$waitForClusterToBeReady$0(142)) - Waiting for cluster to be ready. Got 0 of 3 DN Heartbeats.
2019-06-17 13:42:38,386 INFO  ozoneimpl.OzoneContainer (OzoneContainer.java:start(186)) - Attempting to start container services.
2019-06-17 13:42:38,387 INFO  ozoneimpl.OzoneContainer (OzoneContainer.java:startContainerScrub(160)) - Background container scrubber has been disabled by hdds.containerscrub.enabled
2019-06-17 13:42:38,387 INFO  ratis.XceiverServerRatis (XceiverServerRatis.java:start(418)) - Starting XceiverServerRatis 88fea403-d5e8-4d51-b101-da5614d25495 at port 34629
2019-06-17 13:42:38,395 INFO  impl.RaftServerProxy (RaftServerProxy.java:lambda$start$3(299)) - 88fea403-d5e8-4d51-b101-da5614d25495: start RPC server
2019-06-17 13:42:38,396 INFO  server.GrpcService (GrpcService.java:startImpl(148)) - 88fea403-d5e8-4d51-b101-da5614d25495: GrpcService started, listening on 0.0.0.0/0.0.0.0:34629
2019-06-17 13:42:39,382 INFO  ozone.MiniOzoneClusterImpl (MiniOzoneClusterImpl.java:lambda$waitForClusterToBeReady$0(142)) - Waiting for cluster to be ready. Got 0 of 3 DN Heartbeats.
2019-06-17 13:42:40,038 INFO  net.NetworkTopology (NetworkTopologyImpl.java:add(109)) - Added a new node: /default-rack/192.168.11.196
2019-06-17 13:42:40,038 INFO  node.SCMNodeManager (SCMNodeManager.java:register(269)) - Registered Data node : 62261920-1f74-40fd-96c9-4799b8625e12{ip: 192.168.11.196, host: ozone-unit-076618677d3448r5-3884791914, networkLocation: /default-rack, certSerialId: null}
2019-06-17 13:42:40,042 INFO  safemode.SCMSafeModeManager (DataNodeSafeModeRule.java:process(71)) - SCM in safe mode. 1 DataNodes registered, 1 required.
2019-06-17 13:42:40,044 INFO  safemode.SCMSafeModeManager (SCMSafeModeManager.java:validateSafeModeExitRules(177)) - ScmSafeModeManager, all rules are successfully validated
2019-06-17 13:42:40,044 INFO  safemode.SCMSafeModeManager (SCMSafeModeManager.java:exitSafeMode(193)) - SCM exiting safe mode.
2019-06-17 13:42:40,213 INFO  node.SCMNodeManager (SCMNodeManager.java:register(269)) - Registered Data node : ac9f728e-9d5d-48cf-ba40-b6e3f4054752{ip: 192.168.11.196, host: ozone-unit-076618677d3448r5-3884791914, networkLocation: /default-rack, certSerialId: null}
2019-06-17 13:42:40,358 INFO  impl.RaftServerProxy (RaftServerProxy.java:addNew(89)) - 62261920-1f74-40fd-96c9-4799b8625e12: addNew group-D115F49CC1F8:[62261920-1f74-40fd-96c9-4799b8625e12:192.168.11.196:46755] returns group-D115F49CC1F8:java.util.concurrent.CompletableFuture@63095d9[Not completed]
2019-06-17 13:42:40,362 INFO  impl.RaftServerImpl (RaftServerImpl.java:<init>(91)) - 62261920-1f74-40fd-96c9-4799b8625e12: new RaftServerImpl for group-D115F49CC1F8:[62261920-1f74-40fd-96c9-4799b8625e12:192.168.11.196:46755] with ContainerStateMachine:uninitialized
2019-06-17 13:42:40,364 INFO  server.RaftServerConfigKeys (ConfUtils.java:logGet(43)) - raft.server.rpc.timeout.min = 1s (custom)
2019-06-17 13:42:40,364 INFO  server.RaftServerConfigKeys (ConfUtils.java:logGet(43)) - raft.server.rpc.timeout.max = 1200ms (custom)
2019-06-17 13:42:40,364 INFO  server.RaftServerConfigKeys (ConfUtils.java:logGet(43)) - raft.server.rpcslowness.timeout = 120s (custom)
2019-06-17 13:42:40,365 INFO  server.RaftServerConfigKeys (ConfUtils.java:logGet(43)) - raft.server.log.appender.install.snapshot.enabled = true (default)
2019-06-17 13:42:40,371 INFO  impl.RaftServerImpl (ServerState.java:<init>(101)) - 62261920-1f74-40fd-96c9-4799b8625e12:group-D115F49CC1F8 ConfigurationManager, init=-1: [62261920-1f74-40fd-96c9-4799b8625e12:192.168.11.196:46755], old=null, confs=<EMPTY_MAP>
2019-06-17 13:42:40,371 INFO  server.RaftServerConfigKeys (ConfUtils.java:logGet(43)) - raft.server.storage.dir = [/opt/src/hadoop-ozone/tools/target/test-dir/MiniOzoneClusterImpl-a0a800a7-ac61-4331-a0ae-496f42b3a347/datanode-0/data/ratis] (custom)
2019-06-17 13:42:40,376 INFO  storage.RaftStorageDirectory (RaftStorageDirectory.java:analyzeStorage(246)) - The storage directory /opt/src/hadoop-ozone/tools/target/test-dir/MiniOzoneClusterImpl-a0a800a7-ac61-4331-a0ae-496f42b3a347/datanode-0/data/ratis/69723905-fe48-48c1-8660-d115f49cc1f8 does not exist. Creating ...
2019-06-17 13:42:40,381 INFO  storage.RaftStorageDirectory (RaftStorageDirectory.java:tryLock(328)) - Lock on /opt/src/hadoop-ozone/tools/target/test-dir/MiniOzoneClusterImpl-a0a800a7-ac61-4331-a0ae-496f42b3a347/datanode-0/data/ratis/69723905-fe48-48c1-8660-d115f49cc1f8/in_use.lock acquired by nodename 18135@ozone-unit-076618677d3448r5-3884791914
2019-06-17 13:42:40,382 INFO  ozone.MiniOzoneClusterImpl (MiniOzoneClusterImpl.java:lambda$waitForClusterToBeReady$0(142)) - Waiting for cluster to be ready. Got 2 of 3 DN Heartbeats.
2019-06-17 13:42:40,384 INFO  storage.RaftStorage (RaftStorage.java:format(75)) - Storage directory /opt/src/hadoop-ozone/tools/target/test-dir/MiniOzoneClusterImpl-a0a800a7-ac61-4331-a0ae-496f42b3a347/datanode-0/data/ratis/69723905-fe48-48c1-8660-d115f49cc1f8 has been successfully formatted.
2019-06-17 13:42:40,385 INFO  node.SCMNodeManager (SCMNodeManager.java:register(269)) - Registered Data node : 88fea403-d5e8-4d51-b101-da5614d25495{ip: 192.168.11.196, host: ozone-unit-076618677d3448r5-3884791914, networkLocation: /default-rack, certSerialId: null}
2019-06-17 13:42:40,386 INFO  ratis.ContainerStateMachine (ContainerStateMachine.java:loadSnapshot(199)) - The snapshot info is null.Setting the last applied index to:(t:0, i:~)
2019-06-17 13:42:40,386 INFO  server.RaftServerConfigKeys (ConfUtils.java:logGet(43)) - raft.server.leader.election.timeout = 120s (custom)
2019-06-17 13:42:40,387 INFO  server.RaftServerConfigKeys (ConfUtils.java:logGet(43)) - raft.server.log.use.memory = false (default)
2019-06-17 13:42:40,389 INFO  server.RaftServerConfigKeys (ConfUtils.java:logGet(43)) - raft.server.log.appender.buffer.byte-limit = 33554432 (custom)
2019-06-17 13:42:40,392 INFO  server.RaftServerConfigKeys (ConfUtils.java:logGet(43)) - raft.server.log.segment.size.max = 16384 (custom)
2019-06-17 13:42:40,396 INFO  server.RaftServerConfigKeys (ConfUtils.java:logGet(43)) - raft.server.log.segment.cache.num.max = 2 (custom)
2019-06-17 13:42:40,399 INFO  storage.RaftLogWorker (RaftLogWorker.java:<init>(123)) - new 62261920-1f74-40fd-96c9-4799b8625e12-RaftLogWorker for Storage Directory /opt/src/hadoop-ozone/tools/target/test-dir/MiniOzoneClusterImpl-a0a800a7-ac61-4331-a0ae-496f42b3a347/datanode-0/data/ratis/69723905-fe48-48c1-8660-d115f49cc1f8
2019-06-17 13:42:40,399 INFO  server.RaftServerConfigKeys (ConfUtils.java:logGet(43)) - raft.server.log.queue.byte-limit = 2147483647 (custom)
2019-06-17 13:42:40,399 INFO  server.RaftServerConfigKeys (ConfUtils.java:logGet(43)) - raft.server.log.queue.element-limit = 1024 (custom)
2019-06-17 13:42:40,401 INFO  server.RaftServerConfigKeys (ConfUtils.java:logGet(43)) - raft.server.log.segment.size.max = 16384 (custom)
2019-06-17 13:42:40,401 INFO  server.RaftServerConfigKeys (ConfUtils.java:logGet(43)) - raft.server.log.preallocated.size = 16384 (custom)
2019-06-17 13:42:40,401 INFO  server.RaftServerConfigKeys (ConfUtils.java:logGet(43)) - raft.server.log.write.buffer.size = 33554432 (custom)
2019-06-17 13:42:40,401 INFO  server.RaftServerConfigKeys (ConfUtils.java:logGet(43)) - raft.server.log.force.sync.num = 128 (default)
2019-06-17 13:42:40,402 INFO  server.RaftServerConfigKeys (ConfUtils.java:logGet(43)) - raft.server.log.statemachine.data.sync = true (default)
2019-06-17 13:42:40,403 INFO  server.RaftServerConfigKeys (ConfUtils.java:logGet(43)) - raft.server.log.statemachine.data.sync.timeout = 10s (default)
2019-06-17 13:42:40,403 INFO  server.RaftServerConfigKeys (ConfUtils.java:logGet(43)) - raft.server.log.statemachine.data.sync.timeout.retry = -1 (default)
2019-06-17 13:42:40,405 INFO  server.RaftServerConfigKeys (ConfUtils.java:logGet(43)) - raft.server.log.statemachine.data.caching.enabled = true (custom)
2019-06-17 13:42:40,410 INFO  server.RaftServerConfigKeys (ConfUtils.java:logGet(43)) - raft.server.snapshot.auto.trigger.enabled = true (custom)
2019-06-17 13:42:40,411 INFO  server.RaftServerConfigKeys (ConfUtils.java:logGet(43)) - raft.server.snapshot.auto.trigger.threshold = 10000 (custom)
2019-06-17 13:42:40,411 INFO  server.RaftServerConfigKeys (ConfUtils.java:logGet(43)) - raft.server.retrycache.expirytime = 600000ms (custom)
2019-06-17 13:42:40,426 INFO  impl.RaftServerImpl (RaftServerImpl.java:start(173)) - 62261920-1f74-40fd-96c9-4799b8625e12: start group-D115F49CC1F8
2019-06-17 13:42:40,426 INFO  impl.RaftServerImpl (RaftServerImpl.java:setRole(164)) - 62261920-1f74-40fd-96c9-4799b8625e12:group-D115F49CC1F8 changes role from null to FOLLOWER at term 0 for startAsFollower
2019-06-17 13:42:40,427 INFO  impl.RoleInfo (RoleInfo.java:updateAndGet(143)) - 62261920-1f74-40fd-96c9-4799b8625e12: start FollowerState
2019-06-17 13:42:40,429 INFO  util.JmxRegister (JmxRegister.java:tryRegister(44)) - Successfully registered JMX Bean with object name Ratis:service=RaftServer,group=group-D115F49CC1F8,id=62261920-1f74-40fd-96c9-4799b8625e12
2019-06-17 13:42:40,636 INFO  pipeline.PipelineStateManager (PipelineStateManager.java:addPipeline(56)) - Created pipeline Pipeline[ Id: 69723905-fe48-48c1-8660-d115f49cc1f8, Nodes: 62261920-1f74-40fd-96c9-4799b8625e12{ip: 192.168.11.196, host: ozone-unit-076618677d3448r5-3884791914, networkLocation: /default-rack, certSerialId: null}, Type:RATIS, Factor:ONE, State:OPEN]
2019-06-17 13:42:40,648 INFO  impl.RaftServerProxy (RaftServerProxy.java:addNew(89)) - 88fea403-d5e8-4d51-b101-da5614d25495: addNew group-CCB6C1BC612F:[88fea403-d5e8-4d51-b101-da5614d25495:192.168.11.196:34629] returns group-CCB6C1BC612F:java.util.concurrent.CompletableFuture@297ec2f2[Not completed]
2019-06-17 13:42:40,662 INFO  impl.RaftServerImpl (RaftServerImpl.java:<init>(91)) - 88fea403-d5e8-4d51-b101-da5614d25495: new RaftServerImpl for group-CCB6C1BC612F:[88fea403-d5e8-4d51-b101-da5614d25495:192.168.11.196:34629] with ContainerStateMachine:uninitialized
2019-06-17 13:42:40,663 INFO  server.RaftServerConfigKeys (ConfUtils.java:logGet(43)) - raft.server.rpc.timeout.min = 1s (custom)
2019-06-17 13:42:40,664 INFO  server.RaftServerConfigKeys (ConfUtils.java:logGet(43)) - raft.server.rpc.timeout.max = 1200ms (custom)
2019-06-17 13:42:40,664 INFO  server.RaftServerConfigKeys (ConfUtils.java:logGet(43)) - raft.server.rpcslowness.timeout = 120s (custom)
2019-06-17 13:42:40,664 INFO  server.RaftServerConfigKeys (ConfUtils.java:logGet(43)) - raft.server.log.appender.install.snapshot.enabled = true (default)
2019-06-17 13:42:40,664 INFO  impl.RaftServerImpl (ServerState.java:<init>(101)) - 88fea403-d5e8-4d51-b101-da5614d25495:group-CCB6C1BC612F ConfigurationManager, init=-1: [88fea403-d5e8-4d51-b101-da5614d25495:192.168.11.196:34629], old=null, confs=<EMPTY_MAP>
2019-06-17 13:42:40,664 INFO  server.RaftServerConfigKeys (ConfUtils.java:logGet(43)) - raft.server.storage.dir = [/opt/src/hadoop-ozone/tools/target/test-dir/MiniOzoneClusterImpl-a0a800a7-ac61-4331-a0ae-496f42b3a347/datanode-2/data/ratis] (custom)
2019-06-17 13:42:40,665 INFO  storage.RaftStorageDirectory (RaftStorageDirectory.java:analyzeStorage(246)) - The storage directory /opt/src/hadoop-ozone/tools/target/test-dir/MiniOzoneClusterImpl-a0a800a7-ac61-4331-a0ae-496f42b3a347/datanode-2/data/ratis/467fe74a-c22d-4a0b-8fe2-ccb6c1bc612f does not exist. Creating ...
2019-06-17 13:42:40,667 INFO  storage.RaftStorageDirectory (RaftStorageDirectory.java:tryLock(328)) - Lock on /opt/src/hadoop-ozone/tools/target/test-dir/MiniOzoneClusterImpl-a0a800a7-ac61-4331-a0ae-496f42b3a347/datanode-2/data/ratis/467fe74a-c22d-4a0b-8fe2-ccb6c1bc612f/in_use.lock acquired by nodename 18135@ozone-unit-076618677d3448r5-3884791914
2019-06-17 13:42:40,669 INFO  storage.RaftStorage (RaftStorage.java:format(75)) - Storage directory /opt/src/hadoop-ozone/tools/target/test-dir/MiniOzoneClusterImpl-a0a800a7-ac61-4331-a0ae-496f42b3a347/datanode-2/data/ratis/467fe74a-c22d-4a0b-8fe2-ccb6c1bc612f has been successfully formatted.
2019-06-17 13:42:40,670 INFO  ratis.ContainerStateMachine (ContainerStateMachine.java:loadSnapshot(199)) - The snapshot info is null.Setting the last applied index to:(t:0, i:~)
2019-06-17 13:42:40,671 INFO  server.RaftServerConfigKeys (ConfUtils.java:logGet(43)) - raft.server.leader.election.timeout = 120s (custom)
2019-06-17 13:42:40,671 INFO  server.RaftServerConfigKeys (ConfUtils.java:logGet(43)) - raft.server.log.use.memory = false (default)
2019-06-17 13:42:40,671 INFO  server.RaftServerConfigKeys (ConfUtils.java:logGet(43)) - raft.server.log.appender.buffer.byte-limit = 33554432 (custom)
2019-06-17 13:42:40,671 INFO  server.RaftServerConfigKeys (ConfUtils.java:logGet(43)) - raft.server.log.segment.size.max = 16384 (custom)
2019-06-17 13:42:40,671 INFO  server.RaftServerConfigKeys (ConfUtils.java:logGet(43)) - raft.server.log.segment.cache.num.max = 2 (custom)
2019-06-17 13:42:40,671 INFO  storage.RaftLogWorker (RaftLogWorker.java:<init>(123)) - new 88fea403-d5e8-4d51-b101-da5614d25495-RaftLogWorker for Storage Directory /opt/src/hadoop-ozone/tools/target/test-dir/MiniOzoneClusterImpl-a0a800a7-ac61-4331-a0ae-496f42b3a347/datanode-2/data/ratis/467fe74a-c22d-4a0b-8fe2-ccb6c1bc612f
2019-06-17 13:42:40,671 INFO  server.RaftServerConfigKeys (ConfUtils.java:logGet(43)) - raft.server.log.queue.byte-limit = 2147483647 (custom)
2019-06-17 13:42:40,672 INFO  server.RaftServerConfigKeys (ConfUtils.java:logGet(43)) - raft.server.log.queue.element-limit = 1024 (custom)
2019-06-17 13:42:40,672 INFO  server.RaftServerConfigKeys (ConfUtils.java:logGet(43)) - raft.server.log.segment.size.max = 16384 (custom)
2019-06-17 13:42:40,672 INFO  server.RaftServerConfigKeys (ConfUtils.java:logGet(43)) - raft.server.log.preallocated.size = 16384 (custom)
2019-06-17 13:42:40,672 INFO  server.RaftServerConfigKeys (ConfUtils.java:logGet(43)) - raft.server.log.write.buffer.size = 33554432 (custom)
2019-06-17 13:42:40,672 INFO  server.RaftServerConfigKeys (ConfUtils.java:logGet(43)) - raft.server.log.force.sync.num = 128 (default)
2019-06-17 13:42:40,672 INFO  server.RaftServerConfigKeys (ConfUtils.java:logGet(43)) - raft.server.log.statemachine.data.sync = true (default)
2019-06-17 13:42:40,672 INFO  server.RaftServerConfigKeys (ConfUtils.java:logGet(43)) - raft.server.log.statemachine.data.sync.timeout = 10s (default)
2019-06-17 13:42:40,672 INFO  server.RaftServerConfigKeys (ConfUtils.java:logGet(43)) - raft.server.log.statemachine.data.sync.timeout.retry = -1 (default)
2019-06-17 13:42:40,672 INFO  server.RaftServerConfigKeys (ConfUtils.java:logGet(43)) - raft.server.log.statemachine.data.caching.enabled = true (custom)
2019-06-17 13:42:40,673 INFO  server.RaftServerConfigKeys (ConfUtils.java:logGet(43)) - raft.server.snapshot.auto.trigger.enabled = true (custom)
2019-06-17 13:42:40,673 INFO  server.RaftServerConfigKeys (ConfUtils.java:logGet(43)) - raft.server.snapshot.auto.trigger.threshold = 10000 (custom)
2019-06-17 13:42:40,673 INFO  server.RaftServerConfigKeys (ConfUtils.java:logGet(43)) - raft.server.retrycache.expirytime = 600000ms (custom)
2019-06-17 13:42:40,673 INFO  impl.RaftServerImpl (RaftServerImpl.java:start(173)) - 88fea403-d5e8-4d51-b101-da5614d25495: start group-CCB6C1BC612F
2019-06-17 13:42:40,673 INFO  impl.RaftServerImpl (RaftServerImpl.java:setRole(164)) - 88fea403-d5e8-4d51-b101-da5614d25495:group-CCB6C1BC612F changes role from null to FOLLOWER at term 0 for startAsFollower
2019-06-17 13:42:40,673 INFO  impl.RoleInfo (RoleInfo.java:updateAndGet(143)) - 88fea403-d5e8-4d51-b101-da5614d25495: start FollowerState
2019-06-17 13:42:40,674 INFO  util.JmxRegister (JmxRegister.java:tryRegister(44)) - Successfully registered JMX Bean with object name Ratis:service=RaftServer,group=group-CCB6C1BC612F,id=88fea403-d5e8-4d51-b101-da5614d25495
2019-06-17 13:42:40,684 INFO  pipeline.PipelineStateManager (PipelineStateManager.java:addPipeline(56)) - Created pipeline Pipeline[ Id: 467fe74a-c22d-4a0b-8fe2-ccb6c1bc612f, Nodes: 88fea403-d5e8-4d51-b101-da5614d25495{ip: 192.168.11.196, host: ozone-unit-076618677d3448r5-3884791914, networkLocation: /default-rack, certSerialId: null}, Type:RATIS, Factor:ONE, State:OPEN]
2019-06-17 13:42:40,695 INFO  impl.RaftServerProxy (RaftServerProxy.java:addNew(89)) - ac9f728e-9d5d-48cf-ba40-b6e3f4054752: addNew group-CC91982B2954:[ac9f728e-9d5d-48cf-ba40-b6e3f4054752:192.168.11.196:40833] returns group-CC91982B2954:java.util.concurrent.CompletableFuture@605a428e[Not completed]
2019-06-17 13:42:40,698 INFO  impl.RaftServerImpl (RaftServerImpl.java:<init>(91)) - ac9f728e-9d5d-48cf-ba40-b6e3f4054752: new RaftServerImpl for group-CC91982B2954:[ac9f728e-9d5d-48cf-ba40-b6e3f4054752:192.168.11.196:40833] with ContainerStateMachine:uninitialized
2019-06-17 13:42:40,698 INFO  server.RaftServerConfigKeys (ConfUtils.java:logGet(43)) - raft.server.rpc.timeout.min = 1s (custom)
2019-06-17 13:42:40,698 INFO  server.RaftServerConfigKeys (ConfUtils.java:logGet(43)) - raft.server.rpc.timeout.max = 1200ms (custom)
2019-06-17 13:42:40,698 INFO  server.RaftServerConfigKeys (ConfUtils.java:logGet(43)) - raft.server.rpcslowness.timeout = 120s (custom)
2019-06-17 13:42:40,699 INFO  server.RaftServerConfigKeys (ConfUtils.java:logGet(43)) - raft.server.log.appender.install.snapshot.enabled = true (default)
2019-06-17 13:42:40,699 INFO  impl.RaftServerImpl (ServerState.java:<init>(101)) - ac9f728e-9d5d-48cf-ba40-b6e3f4054752:group-CC91982B2954 ConfigurationManager, init=-1: [ac9f728e-9d5d-48cf-ba40-b6e3f4054752:192.168.11.196:40833], old=null, confs=<EMPTY_MAP>
2019-06-17 13:42:40,699 INFO  server.RaftServerConfigKeys (ConfUtils.java:logGet(43)) - raft.server.storage.dir = [/opt/src/hadoop-ozone/tools/target/test-dir/MiniOzoneClusterImpl-a0a800a7-ac61-4331-a0ae-496f42b3a347/datanode-1/data/ratis] (custom)
2019-06-17 13:42:40,699 INFO  storage.RaftStorageDirectory (RaftStorageDirectory.java:analyzeStorage(246)) - The storage directory /opt/src/hadoop-ozone/tools/target/test-dir/MiniOzoneClusterImpl-a0a800a7-ac61-4331-a0ae-496f42b3a347/datanode-1/data/ratis/31ce80c2-b9fb-46ff-bba4-cc91982b2954 does not exist. Creating ...
2019-06-17 13:42:40,701 INFO  storage.RaftStorageDirectory (RaftStorageDirectory.java:tryLock(328)) - Lock on /opt/src/hadoop-ozone/tools/target/test-dir/MiniOzoneClusterImpl-a0a800a7-ac61-4331-a0ae-496f42b3a347/datanode-1/data/ratis/31ce80c2-b9fb-46ff-bba4-cc91982b2954/in_use.lock acquired by nodename 18135@ozone-unit-076618677d3448r5-3884791914
2019-06-17 13:42:40,704 INFO  storage.RaftStorage (RaftStorage.java:format(75)) - Storage directory /opt/src/hadoop-ozone/tools/target/test-dir/MiniOzoneClusterImpl-a0a800a7-ac61-4331-a0ae-496f42b3a347/datanode-1/data/ratis/31ce80c2-b9fb-46ff-bba4-cc91982b2954 has been successfully formatted.
2019-06-17 13:42:40,704 INFO  ratis.ContainerStateMachine (ContainerStateMachine.java:loadSnapshot(199)) - The snapshot info is null.Setting the last applied index to:(t:0, i:~)
2019-06-17 13:42:40,704 INFO  server.RaftServerConfigKeys (ConfUtils.java:logGet(43)) - raft.server.leader.election.timeout = 120s (custom)
2019-06-17 13:42:40,704 INFO  server.RaftServerConfigKeys (ConfUtils.java:logGet(43)) - raft.server.log.use.memory = false (default)
2019-06-17 13:42:40,704 INFO  server.RaftServerConfigKeys (ConfUtils.java:logGet(43)) - raft.server.log.appender.buffer.byte-limit = 33554432 (custom)
2019-06-17 13:42:40,705 INFO  server.RaftServerConfigKeys (ConfUtils.java:logGet(43)) - raft.server.log.segment.size.max = 16384 (custom)
2019-06-17 13:42:40,705 INFO  server.RaftServerConfigKeys (ConfUtils.java:logGet(43)) - raft.server.log.segment.cache.num.max = 2 (custom)
2019-06-17 13:42:40,705 INFO  storage.RaftLogWorker (RaftLogWorker.java:<init>(123)) - new ac9f728e-9d5d-48cf-ba40-b6e3f4054752-RaftLogWorker for Storage Directory /opt/src/hadoop-ozone/tools/target/test-dir/MiniOzoneClusterImpl-a0a800a7-ac61-4331-a0ae-496f42b3a347/datanode-1/data/ratis/31ce80c2-b9fb-46ff-bba4-cc91982b2954
2019-06-17 13:42:40,705 INFO  server.RaftServerConfigKeys (ConfUtils.java:logGet(43)) - raft.server.log.queue.byte-limit = 2147483647 (custom)
2019-06-17 13:42:40,705 INFO  server.RaftServerConfigKeys (ConfUtils.java:logGet(43)) - raft.server.log.queue.element-limit = 1024 (custom)
2019-06-17 13:42:40,705 INFO  server.RaftServerConfigKeys (ConfUtils.java:logGet(43)) - raft.server.log.segment.size.max = 16384 (custom)
2019-06-17 13:42:40,705 INFO  server.RaftServerConfigKeys (ConfUtils.java:logGet(43)) - raft.server.log.preallocated.size = 16384 (custom)
2019-06-17 13:42:40,705 INFO  server.RaftServerConfigKeys (ConfUtils.java:logGet(43)) - raft.server.log.write.buffer.size = 33554432 (custom)
2019-06-17 13:42:40,705 INFO  server.RaftServerConfigKeys (ConfUtils.java:logGet(43)) - raft.server.log.force.sync.num = 128 (default)
2019-06-17 13:42:40,705 INFO  server.RaftServerConfigKeys (ConfUtils.java:logGet(43)) - raft.server.log.statemachine.data.sync = true (default)
2019-06-17 13:42:40,705 INFO  server.RaftServerConfigKeys (ConfUtils.java:logGet(43)) - raft.server.log.statemachine.data.sync.timeout = 10s (default)
2019-06-17 13:42:40,705 INFO  server.RaftServerConfigKeys (ConfUtils.java:logGet(43)) - raft.server.log.statemachine.data.sync.timeout.retry = -1 (default)
2019-06-17 13:42:40,706 INFO  server.RaftServerConfigKeys (ConfUtils.java:logGet(43)) - raft.server.log.statemachine.data.caching.enabled = true (custom)
2019-06-17 13:42:40,706 INFO  server.RaftServerConfigKeys (ConfUtils.java:logGet(43)) - raft.server.snapshot.auto.trigger.enabled = true (custom)
2019-06-17 13:42:40,706 INFO  server.RaftServerConfigKeys (ConfUtils.java:logGet(43)) - raft.server.snapshot.auto.trigger.threshold = 10000 (custom)
2019-06-17 13:42:40,706 INFO  server.RaftServerConfigKeys (ConfUtils.java:logGet(43)) - raft.server.retrycache.expirytime = 600000ms (custom)
2019-06-17 13:42:40,706 INFO  impl.RaftServerImpl (RaftServerImpl.java:start(173)) - ac9f728e-9d5d-48cf-ba40-b6e3f4054752: start group-CC91982B2954
2019-06-17 13:42:40,706 INFO  impl.RaftServerImpl (RaftServerImpl.java:setRole(164)) - ac9f728e-9d5d-48cf-ba40-b6e3f4054752:group-CC91982B2954 changes role from null to FOLLOWER at term 0 for startAsFollower
2019-06-17 13:42:40,707 INFO  impl.RoleInfo (RoleInfo.java:updateAndGet(143)) - ac9f728e-9d5d-48cf-ba40-b6e3f4054752: start FollowerState
2019-06-17 13:42:40,707 INFO  util.JmxRegister (JmxRegister.java:tryRegister(44)) - Successfully registered JMX Bean with object name Ratis:service=RaftServer,group=group-CC91982B2954,id=ac9f728e-9d5d-48cf-ba40-b6e3f4054752
2019-06-17 13:42:40,715 INFO  pipeline.PipelineStateManager (PipelineStateManager.java:addPipeline(56)) - Created pipeline Pipeline[ Id: 31ce80c2-b9fb-46ff-bba4-cc91982b2954, Nodes: ac9f728e-9d5d-48cf-ba40-b6e3f4054752{ip: 192.168.11.196, host: ozone-unit-076618677d3448r5-3884791914, networkLocation: /default-rack, certSerialId: null}, Type:RATIS, Factor:ONE, State:OPEN]
2019-06-17 13:42:40,731 INFO  impl.RaftServerProxy (RaftServerProxy.java:addNew(89)) - 88fea403-d5e8-4d51-b101-da5614d25495: addNew group-F639F1D96FC0:[ac9f728e-9d5d-48cf-ba40-b6e3f4054752:192.168.11.196:40833, 88fea403-d5e8-4d51-b101-da5614d25495:192.168.11.196:34629, 62261920-1f74-40fd-96c9-4799b8625e12:192.168.11.196:46755] returns group-F639F1D96FC0:java.util.concurrent.CompletableFuture@12b36487[Not completed]
2019-06-17 13:42:40,733 INFO  impl.RaftServerImpl (RaftServerImpl.java:<init>(91)) - 88fea403-d5e8-4d51-b101-da5614d25495: new RaftServerImpl for group-F639F1D96FC0:[ac9f728e-9d5d-48cf-ba40-b6e3f4054752:192.168.11.196:40833, 88fea403-d5e8-4d51-b101-da5614d25495:192.168.11.196:34629, 62261920-1f74-40fd-96c9-4799b8625e12:192.168.11.196:46755] with ContainerStateMachine:uninitialized
2019-06-17 13:42:40,733 INFO  server.RaftServerConfigKeys (ConfUtils.java:logGet(43)) - raft.server.rpc.timeout.min = 1s (custom)
2019-06-17 13:42:40,733 INFO  server.RaftServerConfigKeys (ConfUtils.java:logGet(43)) - raft.server.rpc.timeout.max = 1200ms (custom)
2019-06-17 13:42:40,733 INFO  server.RaftServerConfigKeys (ConfUtils.java:logGet(43)) - raft.server.rpcslowness.timeout = 120s (custom)
2019-06-17 13:42:40,733 INFO  server.RaftServerConfigKeys (ConfUtils.java:logGet(43)) - raft.server.log.appender.install.snapshot.enabled = true (default)
2019-06-17 13:42:40,733 INFO  impl.RaftServerImpl (ServerState.java:<init>(101)) - 88fea403-d5e8-4d51-b101-da5614d25495:group-F639F1D96FC0 ConfigurationManager, init=-1: [ac9f728e-9d5d-48cf-ba40-b6e3f4054752:192.168.11.196:40833, 88fea403-d5e8-4d51-b101-da5614d25495:192.168.11.196:34629, 62261920-1f74-40fd-96c9-4799b8625e12:192.168.11.196:46755], old=null, confs=<EMPTY_MAP>
2019-06-17 13:42:40,734 INFO  server.RaftServerConfigKeys (ConfUtils.java:logGet(43)) - raft.server.storage.dir = [/opt/src/hadoop-ozone/tools/target/test-dir/MiniOzoneClusterImpl-a0a800a7-ac61-4331-a0ae-496f42b3a347/datanode-2/data/ratis] (custom)
2019-06-17 13:42:40,734 INFO  impl.RaftServerProxy (RaftServerProxy.java:addNew(89)) - 62261920-1f74-40fd-96c9-4799b8625e12: addNew group-F639F1D96FC0:[ac9f728e-9d5d-48cf-ba40-b6e3f4054752:192.168.11.196:40833, 88fea403-d5e8-4d51-b101-da5614d25495:192.168.11.196:34629, 62261920-1f74-40fd-96c9-4799b8625e12:192.168.11.196:46755] returns group-F639F1D96FC0:java.util.concurrent.CompletableFuture@5e122ee0[Not completed]
2019-06-17 13:42:40,735 INFO  storage.RaftStorageDirectory (RaftStorageDirectory.java:analyzeStorage(246)) - The storage directory /opt/src/hadoop-ozone/tools/target/test-dir/MiniOzoneClusterImpl-a0a800a7-ac61-4331-a0ae-496f42b3a347/datanode-2/data/ratis/1d65ad9e-47e4-435f-b8b8-f639f1d96fc0 does not exist. Creating ...
2019-06-17 13:42:40,735 INFO  impl.RaftServerImpl (RaftServerImpl.java:<init>(91)) - 62261920-1f74-40fd-96c9-4799b8625e12: new RaftServerImpl for group-F639F1D96FC0:[ac9f728e-9d5d-48cf-ba40-b6e3f4054752:192.168.11.196:40833, 88fea403-d5e8-4d51-b101-da5614d25495:192.168.11.196:34629, 62261920-1f74-40fd-96c9-4799b8625e12:192.168.11.196:46755] with ContainerStateMachine:uninitialized
2019-06-17 13:42:40,736 INFO  server.RaftServerConfigKeys (ConfUtils.java:logGet(43)) - raft.server.rpc.timeout.min = 1s (custom)
2019-06-17 13:42:40,736 INFO  server.RaftServerConfigKeys (ConfUtils.java:logGet(43)) - raft.server.rpc.timeout.max = 1200ms (custom)
2019-06-17 13:42:40,736 INFO  server.RaftServerConfigKeys (ConfUtils.java:logGet(43)) - raft.server.rpcslowness.timeout = 120s (custom)
2019-06-17 13:42:40,736 INFO  server.RaftServerConfigKeys (ConfUtils.java:logGet(43)) - raft.server.log.appender.install.snapshot.enabled = true (default)
2019-06-17 13:42:40,736 INFO  impl.RaftServerImpl (ServerState.java:<init>(101)) - 62261920-1f74-40fd-96c9-4799b8625e12:group-F639F1D96FC0 ConfigurationManager, init=-1: [ac9f728e-9d5d-48cf-ba40-b6e3f4054752:192.168.11.196:40833, 88fea403-d5e8-4d51-b101-da5614d25495:192.168.11.196:34629, 62261920-1f74-40fd-96c9-4799b8625e12:192.168.11.196:46755], old=null, confs=<EMPTY_MAP>
2019-06-17 13:42:40,736 INFO  server.RaftServerConfigKeys (ConfUtils.java:logGet(43)) - raft.server.storage.dir = [/opt/src/hadoop-ozone/tools/target/test-dir/MiniOzoneClusterImpl-a0a800a7-ac61-4331-a0ae-496f42b3a347/datanode-0/data/ratis] (custom)
2019-06-17 13:42:40,737 INFO  storage.RaftStorageDirectory (RaftStorageDirectory.java:analyzeStorage(246)) - The storage directory /opt/src/hadoop-ozone/tools/target/test-dir/MiniOzoneClusterImpl-a0a800a7-ac61-4331-a0ae-496f42b3a347/datanode-0/data/ratis/1d65ad9e-47e4-435f-b8b8-f639f1d96fc0 does not exist. Creating ...
2019-06-17 13:42:40,737 INFO  impl.RaftServerProxy (RaftServerProxy.java:addNew(89)) - ac9f728e-9d5d-48cf-ba40-b6e3f4054752: addNew group-F639F1D96FC0:[ac9f728e-9d5d-48cf-ba40-b6e3f4054752:192.168.11.196:40833, 88fea403-d5e8-4d51-b101-da5614d25495:192.168.11.196:34629, 62261920-1f74-40fd-96c9-4799b8625e12:192.168.11.196:46755] returns group-F639F1D96FC0:java.util.concurrent.CompletableFuture@5a2db1fa[Not completed]
2019-06-17 13:42:40,737 INFO  impl.RaftServerImpl (RaftServerImpl.java:<init>(91)) - ac9f728e-9d5d-48cf-ba40-b6e3f4054752: new RaftServerImpl for group-F639F1D96FC0:[ac9f728e-9d5d-48cf-ba40-b6e3f4054752:192.168.11.196:40833, 88fea403-d5e8-4d51-b101-da5614d25495:192.168.11.196:34629, 62261920-1f74-40fd-96c9-4799b8625e12:192.168.11.196:46755] with ContainerStateMachine:uninitialized
2019-06-17 13:42:40,737 INFO  storage.RaftStorageDirectory (RaftStorageDirectory.java:tryLock(328)) - Lock on /opt/src/hadoop-ozone/tools/target/test-dir/MiniOzoneClusterImpl-a0a800a7-ac61-4331-a0ae-496f42b3a347/datanode-2/data/ratis/1d65ad9e-47e4-435f-b8b8-f639f1d96fc0/in_use.lock acquired by nodename 18135@ozone-unit-076618677d3448r5-3884791914
2019-06-17 13:42:40,737 INFO  server.RaftServerConfigKeys (ConfUtils.java:logGet(43)) - raft.server.rpc.timeout.min = 1s (custom)
2019-06-17 13:42:40,737 INFO  server.RaftServerConfigKeys (ConfUtils.java:logGet(43)) - raft.server.rpc.timeout.max = 1200ms (custom)
2019-06-17 13:42:40,737 INFO  server.RaftServerConfigKeys (ConfUtils.java:logGet(43)) - raft.server.rpcslowness.timeout = 120s (custom)
2019-06-17 13:42:40,738 INFO  server.RaftServerConfigKeys (ConfUtils.java:logGet(43)) - raft.server.log.appender.install.snapshot.enabled = true (default)
2019-06-17 13:42:40,738 INFO  impl.RaftServerImpl (ServerState.java:<init>(101)) - ac9f728e-9d5d-48cf-ba40-b6e3f4054752:group-F639F1D96FC0 ConfigurationManager, init=-1: [ac9f728e-9d5d-48cf-ba40-b6e3f4054752:192.168.11.196:40833, 88fea403-d5e8-4d51-b101-da5614d25495:192.168.11.196:34629, 62261920-1f74-40fd-96c9-4799b8625e12:192.168.11.196:46755], old=null, confs=<EMPTY_MAP>
2019-06-17 13:42:40,738 INFO  server.RaftServerConfigKeys (ConfUtils.java:logGet(43)) - raft.server.storage.dir = [/opt/src/hadoop-ozone/tools/target/test-dir/MiniOzoneClusterImpl-a0a800a7-ac61-4331-a0ae-496f42b3a347/datanode-1/data/ratis] (custom)
2019-06-17 13:42:40,738 INFO  storage.RaftStorageDirectory (RaftStorageDirectory.java:analyzeStorage(246)) - The storage directory /opt/src/hadoop-ozone/tools/target/test-dir/MiniOzoneClusterImpl-a0a800a7-ac61-4331-a0ae-496f42b3a347/datanode-1/data/ratis/1d65ad9e-47e4-435f-b8b8-f639f1d96fc0 does not exist. Creating ...
2019-06-17 13:42:40,739 INFO  storage.RaftStorageDirectory (RaftStorageDirectory.java:tryLock(328)) - Lock on /opt/src/hadoop-ozone/tools/target/test-dir/MiniOzoneClusterImpl-a0a800a7-ac61-4331-a0ae-496f42b3a347/datanode-0/data/ratis/1d65ad9e-47e4-435f-b8b8-f639f1d96fc0/in_use.lock acquired by nodename 18135@ozone-unit-076618677d3448r5-3884791914
2019-06-17 13:42:40,740 INFO  storage.RaftStorageDirectory (RaftStorageDirectory.java:tryLock(328)) - Lock on /opt/src/hadoop-ozone/tools/target/test-dir/MiniOzoneClusterImpl-a0a800a7-ac61-4331-a0ae-496f42b3a347/datanode-1/data/ratis/1d65ad9e-47e4-435f-b8b8-f639f1d96fc0/in_use.lock acquired by nodename 18135@ozone-unit-076618677d3448r5-3884791914
2019-06-17 13:42:40,740 INFO  storage.RaftStorage (RaftStorage.java:format(75)) - Storage directory /opt/src/hadoop-ozone/tools/target/test-dir/MiniOzoneClusterImpl-a0a800a7-ac61-4331-a0ae-496f42b3a347/datanode-2/data/ratis/1d65ad9e-47e4-435f-b8b8-f639f1d96fc0 has been successfully formatted.
2019-06-17 13:42:40,741 INFO  ratis.ContainerStateMachine (ContainerStateMachine.java:loadSnapshot(199)) - The snapshot info is null.Setting the last applied index to:(t:0, i:~)
2019-06-17 13:42:40,741 INFO  server.RaftServerConfigKeys (ConfUtils.java:logGet(43)) - raft.server.leader.election.timeout = 120s (custom)
2019-06-17 13:42:40,741 INFO  server.RaftServerConfigKeys (ConfUtils.java:logGet(43)) - raft.server.log.use.memory = false (default)
2019-06-17 13:42:40,741 INFO  server.RaftServerConfigKeys (ConfUtils.java:logGet(43)) - raft.server.log.appender.buffer.byte-limit = 33554432 (custom)
2019-06-17 13:42:40,741 INFO  server.RaftServerConfigKeys (ConfUtils.java:logGet(43)) - raft.server.log.segment.size.max = 16384 (custom)
2019-06-17 13:42:40,741 INFO  server.RaftServerConfigKeys (ConfUtils.java:logGet(43)) - raft.server.log.segment.cache.num.max = 2 (custom)
2019-06-17 13:42:40,742 INFO  storage.RaftLogWorker (RaftLogWorker.java:<init>(123)) - new 88fea403-d5e8-4d51-b101-da5614d25495-RaftLogWorker for Storage Directory /opt/src/hadoop-ozone/tools/target/test-dir/MiniOzoneClusterImpl-a0a800a7-ac61-4331-a0ae-496f42b3a347/datanode-2/data/ratis/1d65ad9e-47e4-435f-b8b8-f639f1d96fc0
2019-06-17 13:42:40,742 INFO  server.RaftServerConfigKeys (ConfUtils.java:logGet(43)) - raft.server.log.queue.byte-limit = 2147483647 (custom)
2019-06-17 13:42:40,742 INFO  server.RaftServerConfigKeys (ConfUtils.java:logGet(43)) - raft.server.log.queue.element-limit = 1024 (custom)
2019-06-17 13:42:40,742 INFO  server.RaftServerConfigKeys (ConfUtils.java:logGet(43)) - raft.server.log.segment.size.max = 16384 (custom)
2019-06-17 13:42:40,742 INFO  server.RaftServerConfigKeys (ConfUtils.java:logGet(43)) - raft.server.log.preallocated.size = 16384 (custom)
2019-06-17 13:42:40,742 INFO  server.RaftServerConfigKeys (ConfUtils.java:logGet(43)) - raft.server.log.write.buffer.size = 33554432 (custom)
2019-06-17 13:42:40,742 INFO  server.RaftServerConfigKeys (ConfUtils.java:logGet(43)) - raft.server.log.force.sync.num = 128 (default)
2019-06-17 13:42:40,742 INFO  server.RaftServerConfigKeys (ConfUtils.java:logGet(43)) - raft.server.log.statemachine.data.sync = true (default)
2019-06-17 13:42:40,742 INFO  server.RaftServerConfigKeys (ConfUtils.java:logGet(43)) - raft.server.log.statemachine.data.sync.timeout = 10s (default)
2019-06-17 13:42:40,742 INFO  server.RaftServerConfigKeys (ConfUtils.java:logGet(43)) - raft.server.log.statemachine.data.sync.timeout.retry = -1 (default)
2019-06-17 13:42:40,743 INFO  server.RaftServerConfigKeys (ConfUtils.java:logGet(43)) - raft.server.log.statemachine.data.caching.enabled = true (custom)
2019-06-17 13:42:40,743 INFO  server.RaftServerConfigKeys (ConfUtils.java:logGet(43)) - raft.server.snapshot.auto.trigger.enabled = true (custom)
2019-06-17 13:42:40,743 INFO  storage.RaftStorage (RaftStorage.java:format(75)) - Storage directory /opt/src/hadoop-ozone/tools/target/test-dir/MiniOzoneClusterImpl-a0a800a7-ac61-4331-a0ae-496f42b3a347/datanode-1/data/ratis/1d65ad9e-47e4-435f-b8b8-f639f1d96fc0 has been successfully formatted.
2019-06-17 13:42:40,743 INFO  storage.RaftStorage (RaftStorage.java:format(75)) - Storage directory /opt/src/hadoop-ozone/tools/target/test-dir/MiniOzoneClusterImpl-a0a800a7-ac61-4331-a0ae-496f42b3a347/datanode-0/data/ratis/1d65ad9e-47e4-435f-b8b8-f639f1d96fc0 has been successfully formatted.
2019-06-17 13:42:40,743 INFO  ratis.ContainerStateMachine (ContainerStateMachine.java:loadSnapshot(199)) - The snapshot info is null.Setting the last applied index to:(t:0, i:~)
2019-06-17 13:42:40,743 INFO  server.RaftServerConfigKeys (ConfUtils.java:logGet(43)) - raft.server.leader.election.timeout = 120s (custom)
2019-06-17 13:42:40,744 INFO  server.RaftServerConfigKeys (ConfUtils.java:logGet(43)) - raft.server.log.use.memory = false (default)
2019-06-17 13:42:40,744 INFO  server.RaftServerConfigKeys (ConfUtils.java:logGet(43)) - raft.server.log.appender.buffer.byte-limit = 33554432 (custom)
2019-06-17 13:42:40,744 INFO  server.RaftServerConfigKeys (ConfUtils.java:logGet(43)) - raft.server.log.segment.size.max = 16384 (custom)
2019-06-17 13:42:40,744 INFO  server.RaftServerConfigKeys (ConfUtils.java:logGet(43)) - raft.server.log.segment.cache.num.max = 2 (custom)
2019-06-17 13:42:40,744 INFO  storage.RaftLogWorker (RaftLogWorker.java:<init>(123)) - new 62261920-1f74-40fd-96c9-4799b8625e12-RaftLogWorker for Storage Directory /opt/src/hadoop-ozone/tools/target/test-dir/MiniOzoneClusterImpl-a0a800a7-ac61-4331-a0ae-496f42b3a347/datanode-0/data/ratis/1d65ad9e-47e4-435f-b8b8-f639f1d96fc0
2019-06-17 13:42:40,744 INFO  server.RaftServerConfigKeys (ConfUtils.java:logGet(43)) - raft.server.log.queue.byte-limit = 2147483647 (custom)
2019-06-17 13:42:40,744 INFO  server.RaftServerConfigKeys (ConfUtils.java:logGet(43)) - raft.server.log.queue.element-limit = 1024 (custom)
2019-06-17 13:42:40,744 INFO  server.RaftServerConfigKeys (ConfUtils.java:logGet(43)) - raft.server.log.segment.size.max = 16384 (custom)
2019-06-17 13:42:40,744 INFO  server.RaftServerConfigKeys (ConfUtils.java:logGet(43)) - raft.server.log.preallocated.size = 16384 (custom)
2019-06-17 13:42:40,744 INFO  server.RaftServerConfigKeys (ConfUtils.java:logGet(43)) - raft.server.log.write.buffer.size = 33554432 (custom)
2019-06-17 13:42:40,744 INFO  server.RaftServerConfigKeys (ConfUtils.java:logGet(43)) - raft.server.log.force.sync.num = 128 (default)
2019-06-17 13:42:40,744 INFO  server.RaftServerConfigKeys (ConfUtils.java:logGet(43)) - raft.server.log.statemachine.data.sync = true (default)
2019-06-17 13:42:40,744 INFO  server.RaftServerConfigKeys (ConfUtils.java:logGet(43)) - raft.server.log.statemachine.data.sync.timeout = 10s (default)
2019-06-17 13:42:40,744 INFO  server.RaftServerConfigKeys (ConfUtils.java:logGet(43)) - raft.server.log.statemachine.data.sync.timeout.retry = -1 (default)
2019-06-17 13:42:40,745 INFO  server.RaftServerConfigKeys (ConfUtils.java:logGet(43)) - raft.server.log.statemachine.data.caching.enabled = true (custom)
2019-06-17 13:42:40,743 INFO  server.RaftServerConfigKeys (ConfUtils.java:logGet(43)) - raft.server.snapshot.auto.trigger.threshold = 10000 (custom)
2019-06-17 13:42:40,745 INFO  server.RaftServerConfigKeys (ConfUtils.java:logGet(43)) - raft.server.snapshot.auto.trigger.enabled = true (custom)
2019-06-17 13:42:40,743 INFO  ratis.ContainerStateMachine (ContainerStateMachine.java:loadSnapshot(199)) - The snapshot info is null.Setting the last applied index to:(t:0, i:~)
2019-06-17 13:42:40,745 INFO  server.RaftServerConfigKeys (ConfUtils.java:logGet(43)) - raft.server.snapshot.auto.trigger.threshold = 10000 (custom)
2019-06-17 13:42:40,745 INFO  server.RaftServerConfigKeys (ConfUtils.java:logGet(43)) - raft.server.retrycache.expirytime = 600000ms (custom)
2019-06-17 13:42:40,745 INFO  server.RaftServerConfigKeys (ConfUtils.java:logGet(43)) - raft.server.retrycache.expirytime = 600000ms (custom)
2019-06-17 13:42:40,746 INFO  impl.RaftServerImpl (RaftServerImpl.java:start(173)) - 88fea403-d5e8-4d51-b101-da5614d25495: start group-F639F1D96FC0
2019-06-17 13:42:40,746 INFO  impl.RaftServerImpl (RaftServerImpl.java:setRole(164)) - 88fea403-d5e8-4d51-b101-da5614d25495:group-F639F1D96FC0 changes role from null to FOLLOWER at term 0 for startAsFollower
2019-06-17 13:42:40,746 INFO  impl.RoleInfo (RoleInfo.java:updateAndGet(143)) - 88fea403-d5e8-4d51-b101-da5614d25495: start FollowerState
2019-06-17 13:42:40,745 INFO  server.RaftServerConfigKeys (ConfUtils.java:logGet(43)) - raft.server.leader.election.timeout = 120s (custom)
2019-06-17 13:42:40,746 INFO  impl.RaftServerImpl (RaftServerImpl.java:start(173)) - 62261920-1f74-40fd-96c9-4799b8625e12: start group-F639F1D96FC0
2019-06-17 13:42:40,746 INFO  impl.RaftServerImpl (RaftServerImpl.java:setRole(164)) - 62261920-1f74-40fd-96c9-4799b8625e12:group-F639F1D96FC0 changes role from null to FOLLOWER at term 0 for startAsFollower
2019-06-17 13:42:40,747 INFO  util.JmxRegister (JmxRegister.java:tryRegister(44)) - Successfully registered JMX Bean with object name Ratis:service=RaftServer,group=group-F639F1D96FC0,id=88fea403-d5e8-4d51-b101-da5614d25495
2019-06-17 13:42:40,746 INFO  server.RaftServerConfigKeys (ConfUtils.java:logGet(43)) - raft.server.log.use.memory = false (default)
2019-06-17 13:42:40,747 INFO  impl.RoleInfo (RoleInfo.java:updateAndGet(143)) - 62261920-1f74-40fd-96c9-4799b8625e12: start FollowerState
2019-06-17 13:42:40,747 INFO  server.RaftServerConfigKeys (ConfUtils.java:logGet(43)) - raft.server.log.appender.buffer.byte-limit = 33554432 (custom)
2019-06-17 13:42:40,747 INFO  server.RaftServerConfigKeys (ConfUtils.java:logGet(43)) - raft.server.log.segment.size.max = 16384 (custom)
2019-06-17 13:42:40,747 INFO  server.RaftServerConfigKeys (ConfUtils.java:logGet(43)) - raft.server.log.segment.cache.num.max = 2 (custom)
2019-06-17 13:42:40,747 INFO  storage.RaftLogWorker (RaftLogWorker.java:<init>(123)) - new ac9f728e-9d5d-48cf-ba40-b6e3f4054752-RaftLogWorker for Storage Directory /opt/src/hadoop-ozone/tools/target/test-dir/MiniOzoneClusterImpl-a0a800a7-ac61-4331-a0ae-496f42b3a347/datanode-1/data/ratis/1d65ad9e-47e4-435f-b8b8-f639f1d96fc0
2019-06-17 13:42:40,747 INFO  server.RaftServerConfigKeys (ConfUtils.java:logGet(43)) - raft.server.log.queue.byte-limit = 2147483647 (custom)
2019-06-17 13:42:40,748 INFO  server.RaftServerConfigKeys (ConfUtils.java:logGet(43)) - raft.server.log.queue.element-limit = 1024 (custom)
2019-06-17 13:42:40,748 INFO  server.RaftServerConfigKeys (ConfUtils.java:logGet(43)) - raft.server.log.segment.size.max = 16384 (custom)
2019-06-17 13:42:40,748 INFO  server.RaftServerConfigKeys (ConfUtils.java:logGet(43)) - raft.server.log.preallocated.size = 16384 (custom)
2019-06-17 13:42:40,748 INFO  server.RaftServerConfigKeys (ConfUtils.java:logGet(43)) - raft.server.log.write.buffer.size = 33554432 (custom)
2019-06-17 13:42:40,748 INFO  server.RaftServerConfigKeys (ConfUtils.java:logGet(43)) - raft.server.log.force.sync.num = 128 (default)
2019-06-17 13:42:40,748 INFO  server.RaftServerConfigKeys (ConfUtils.java:logGet(43)) - raft.server.log.statemachine.data.sync = true (default)
2019-06-17 13:42:40,748 INFO  server.RaftServerConfigKeys (ConfUtils.java:logGet(43)) - raft.server.log.statemachine.data.sync.timeout = 10s (default)
2019-06-17 13:42:40,748 INFO  server.RaftServerConfigKeys (ConfUtils.java:logGet(43)) - raft.server.log.statemachine.data.sync.timeout.retry = -1 (default)
2019-06-17 13:42:40,749 INFO  server.RaftServerConfigKeys (ConfUtils.java:logGet(43)) - raft.server.log.statemachine.data.caching.enabled = true (custom)
2019-06-17 13:42:40,749 INFO  util.JmxRegister (JmxRegister.java:tryRegister(44)) - Successfully registered JMX Bean with object name Ratis:service=RaftServer,group=group-F639F1D96FC0,id=62261920-1f74-40fd-96c9-4799b8625e12
2019-06-17 13:42:40,755 INFO  server.RaftServerConfigKeys (ConfUtils.java:logGet(43)) - raft.server.snapshot.auto.trigger.enabled = true (custom)
2019-06-17 13:42:40,755 INFO  server.RaftServerConfigKeys (ConfUtils.java:logGet(43)) - raft.server.snapshot.auto.trigger.threshold = 10000 (custom)
2019-06-17 13:42:40,755 INFO  server.RaftServerConfigKeys (ConfUtils.java:logGet(43)) - raft.server.retrycache.expirytime = 600000ms (custom)
2019-06-17 13:42:40,756 INFO  impl.RaftServerImpl (RaftServerImpl.java:start(173)) - ac9f728e-9d5d-48cf-ba40-b6e3f4054752: start group-F639F1D96FC0
2019-06-17 13:42:40,756 INFO  impl.RaftServerImpl (RaftServerImpl.java:setRole(164)) - ac9f728e-9d5d-48cf-ba40-b6e3f4054752:group-F639F1D96FC0 changes role from null to FOLLOWER at term 0 for startAsFollower
2019-06-17 13:42:40,757 INFO  impl.RoleInfo (RoleInfo.java:updateAndGet(143)) - ac9f728e-9d5d-48cf-ba40-b6e3f4054752: start FollowerState
2019-06-17 13:42:40,757 INFO  util.JmxRegister (JmxRegister.java:tryRegister(44)) - Successfully registered JMX Bean with object name Ratis:service=RaftServer,group=group-F639F1D96FC0,id=ac9f728e-9d5d-48cf-ba40-b6e3f4054752
2019-06-17 13:42:40,765 INFO  pipeline.PipelineStateManager (PipelineStateManager.java:addPipeline(56)) - Created pipeline Pipeline[ Id: 1d65ad9e-47e4-435f-b8b8-f639f1d96fc0, Nodes: 88fea403-d5e8-4d51-b101-da5614d25495{ip: 192.168.11.196, host: ozone-unit-076618677d3448r5-3884791914, networkLocation: /default-rack, certSerialId: null}ac9f728e-9d5d-48cf-ba40-b6e3f4054752{ip: 192.168.11.196, host: ozone-unit-076618677d3448r5-3884791914, networkLocation: /default-rack, certSerialId: null}62261920-1f74-40fd-96c9-4799b8625e12{ip: 192.168.11.196, host: ozone-unit-076618677d3448r5-3884791914, networkLocation: /default-rack, certSerialId: null}, Type:RATIS, Factor:THREE, State:OPEN]
2019-06-17 13:42:41,383 INFO  ozone.MiniOzoneClusterImpl (MiniOzoneClusterImpl.java:lambda$waitForClusterToBeReady$0(142)) - Cluster is ready. Got 3 of 3 DN Heartbeats.
2019-06-17 13:42:41,499 INFO  impl.FollowerState (FollowerState.java:run(101)) - 62261920-1f74-40fd-96c9-4799b8625e12:group-D115F49CC1F8 changes to CANDIDATE, lastRpcTime:1071, electionTimeout:1071ms
2019-06-17 13:42:41,500 INFO  impl.RoleInfo (RoleInfo.java:shutdownFollowerState(121)) - 62261920-1f74-40fd-96c9-4799b8625e12: shutdown FollowerState
2019-06-17 13:42:41,500 INFO  impl.RaftServerImpl (RaftServerImpl.java:setRole(164)) - 62261920-1f74-40fd-96c9-4799b8625e12:group-D115F49CC1F8 changes role from FOLLOWER to CANDIDATE at term 0 for changeToCandidate
2019-06-17 13:42:41,502 INFO  impl.RoleInfo (RoleInfo.java:updateAndGet(143)) - 62261920-1f74-40fd-96c9-4799b8625e12: start LeaderElection
2019-06-17 13:42:41,507 INFO  impl.LeaderElection (LeaderElection.java:askForVotes(181)) - 62261920-1f74-40fd-96c9-4799b8625e12:group-D115F49CC1F8:LeaderElection1: begin an election at term 1 for -1: [62261920-1f74-40fd-96c9-4799b8625e12:192.168.11.196:46755], old=null
2019-06-17 13:42:41,508 INFO  impl.RoleInfo (RoleInfo.java:shutdownLeaderElection(134)) - 62261920-1f74-40fd-96c9-4799b8625e12: shutdown LeaderElection
2019-06-17 13:42:41,509 INFO  impl.RaftServerImpl (RaftServerImpl.java:setRole(164)) - 62261920-1f74-40fd-96c9-4799b8625e12:group-D115F49CC1F8 changes role from CANDIDATE to LEADER at term 1 for changeToLeader
2019-06-17 13:42:41,509 INFO  impl.RaftServerImpl (ServerState.java:setLeader(263)) - 62261920-1f74-40fd-96c9-4799b8625e12:group-D115F49CC1F8 change Leader from null to 62261920-1f74-40fd-96c9-4799b8625e12 at term 1 for becomeLeader, leader elected after 1122ms
2019-06-17 13:42:41,513 INFO  server.RaftServerConfigKeys (ConfUtils.java:logGet(43)) - raft.server.staging.catchup.gap = 1000 (default)
2019-06-17 13:42:41,513 INFO  server.RaftServerConfigKeys (ConfUtils.java:logGet(43)) - raft.server.rpc.sleep.time = 25ms (default)
2019-06-17 13:42:41,516 INFO  server.RaftServerConfigKeys (ConfUtils.java:logGet(43)) - raft.server.watch.timeout = 10s (default)
2019-06-17 13:42:41,516 INFO  server.RaftServerConfigKeys (ConfUtils.java:logGet(43)) - raft.server.watch.timeout.denomination = 1s (default)
2019-06-17 13:42:41,525 INFO  impl.RoleInfo (RoleInfo.java:updateAndGet(143)) - 62261920-1f74-40fd-96c9-4799b8625e12: start LeaderState
2019-06-17 13:42:41,551 INFO  storage.RaftLogWorker (RaftLogWorker.java:startLogSegment(298)) - 62261920-1f74-40fd-96c9-4799b8625e12-RaftLogWorker: Starting segment from index:0
2019-06-17 13:42:41,568 INFO  impl.RaftServerImpl (ServerState.java:setRaftConf(361)) - 62261920-1f74-40fd-96c9-4799b8625e12:group-D115F49CC1F8 set configuration 0: [62261920-1f74-40fd-96c9-4799b8625e12:192.168.11.196:46755], old=null at 0
2019-06-17 13:42:41,641 INFO  freon.RandomKeyGenerator (RandomKeyGenerator.java:call(261)) - Number of Threads: 10
2019-06-17 13:42:41,641 INFO  freon.RandomKeyGenerator (RandomKeyGenerator.java:call(267)) - Number of Volumes: 1.
2019-06-17 13:42:41,642 INFO  freon.RandomKeyGenerator (RandomKeyGenerator.java:call(268)) - Number of Buckets per Volume: 1.
2019-06-17 13:42:41,642 INFO  freon.RandomKeyGenerator (RandomKeyGenerator.java:call(269)) - Number of Keys per Bucket: 1.
2019-06-17 13:42:41,642 INFO  freon.RandomKeyGenerator (RandomKeyGenerator.java:call(270)) - Key size: 20971520 bytes
2019-06-17 13:42:41,642 INFO  freon.RandomKeyGenerator (RandomKeyGenerator.java:call(271)) - Buffer size: 4096 bytes
2019-06-17 13:42:41,644 INFO  freon.RandomKeyGenerator (RandomKeyGenerator.java:call(287)) - Data validation is enabled.
2019-06-17 13:42:41,645 INFO  freon.RandomKeyGenerator (RandomKeyGenerator.java:call(300)) - Starting progress bar Thread.

 0.00% |█                                                                                                    |  0/1 Time: 0:00:002019-06-17 13:42:41,676 INFO  rpc.RpcClient (RpcClient.java:createVolume(289)) - Creating Volume: vol-0-50300, with jenkins1000 as owner.
2019-06-17 13:42:41,699 INFO  rpc.RpcClient (RpcClient.java:createBucket(426)) - Creating Bucket: vol-0-50300/bucket-0-94014, with Versioning false and Storage Type set to DISK and Encryption set to false 
2019-06-17 13:42:41,737 INFO  storage.RaftLogWorker (RaftLogWorker.java:execute(469)) - 62261920-1f74-40fd-96c9-4799b8625e12-RaftLogWorker: created new log segment /opt/src/hadoop-ozone/tools/target/test-dir/MiniOzoneClusterImpl-a0a800a7-ac61-4331-a0ae-496f42b3a347/datanode-0/data/ratis/69723905-fe48-48c1-8660-d115f49cc1f8/current/log_inprogress_0
2019-06-17 13:42:41,830 INFO  impl.FollowerState (FollowerState.java:run(101)) - ac9f728e-9d5d-48cf-ba40-b6e3f4054752:group-F639F1D96FC0 changes to CANDIDATE, lastRpcTime:1073, electionTimeout:1073ms
2019-06-17 13:42:41,831 INFO  impl.RoleInfo (RoleInfo.java:shutdownFollowerState(121)) - ac9f728e-9d5d-48cf-ba40-b6e3f4054752: shutdown FollowerState
2019-06-17 13:42:41,831 INFO  impl.RaftServerImpl (RaftServerImpl.java:setRole(164)) - ac9f728e-9d5d-48cf-ba40-b6e3f4054752:group-F639F1D96FC0 changes role from FOLLOWER to CANDIDATE at term 0 for changeToCandidate
2019-06-17 13:42:41,831 INFO  impl.RoleInfo (RoleInfo.java:updateAndGet(143)) - ac9f728e-9d5d-48cf-ba40-b6e3f4054752: start LeaderElection
2019-06-17 13:42:41,836 INFO  impl.LeaderElection (LeaderElection.java:askForVotes(181)) - ac9f728e-9d5d-48cf-ba40-b6e3f4054752:group-F639F1D96FC0:LeaderElection2: begin an election at term 1 for -1: [ac9f728e-9d5d-48cf-ba40-b6e3f4054752:192.168.11.196:40833, 88fea403-d5e8-4d51-b101-da5614d25495:192.168.11.196:34629, 62261920-1f74-40fd-96c9-4799b8625e12:192.168.11.196:46755], old=null
2019-06-17 13:42:41,846 INFO  impl.FollowerState (FollowerState.java:run(101)) - 88fea403-d5e8-4d51-b101-da5614d25495:group-CCB6C1BC612F changes to CANDIDATE, lastRpcTime:1172, electionTimeout:1172ms
2019-06-17 13:42:41,846 INFO  impl.RoleInfo (RoleInfo.java:shutdownFollowerState(121)) - 88fea403-d5e8-4d51-b101-da5614d25495: shutdown FollowerState
2019-06-17 13:42:41,846 INFO  impl.RaftServerImpl (RaftServerImpl.java:setRole(164)) - 88fea403-d5e8-4d51-b101-da5614d25495:group-CCB6C1BC612F changes role from FOLLOWER to CANDIDATE at term 0 for changeToCandidate
2019-06-17 13:42:41,846 INFO  impl.RoleInfo (RoleInfo.java:updateAndGet(143)) - 88fea403-d5e8-4d51-b101-da5614d25495: start LeaderElection
2019-06-17 13:42:41,856 INFO  impl.LeaderElection (LeaderElection.java:askForVotes(181)) - 88fea403-d5e8-4d51-b101-da5614d25495:group-CCB6C1BC612F:LeaderElection3: begin an election at term 1 for -1: [88fea403-d5e8-4d51-b101-da5614d25495:192.168.11.196:34629], old=null
2019-06-17 13:42:41,856 INFO  impl.RoleInfo (RoleInfo.java:shutdownLeaderElection(134)) - 88fea403-d5e8-4d51-b101-da5614d25495: shutdown LeaderElection
2019-06-17 13:42:41,856 INFO  impl.RaftServerImpl (RaftServerImpl.java:setRole(164)) - 88fea403-d5e8-4d51-b101-da5614d25495:group-CCB6C1BC612F changes role from CANDIDATE to LEADER at term 1 for changeToLeader
2019-06-17 13:42:41,856 INFO  impl.RaftServerImpl (ServerState.java:setLeader(263)) - 88fea403-d5e8-4d51-b101-da5614d25495:group-CCB6C1BC612F change Leader from null to 88fea403-d5e8-4d51-b101-da5614d25495 at term 1 for becomeLeader, leader elected after 1185ms
2019-06-17 13:42:41,856 INFO  server.RaftServerConfigKeys (ConfUtils.java:logGet(43)) - raft.server.staging.catchup.gap = 1000 (default)
2019-06-17 13:42:41,856 INFO  server.RaftServerConfigKeys (ConfUtils.java:logGet(43)) - raft.server.rpc.sleep.time = 25ms (default)
2019-06-17 13:42:41,857 INFO  server.RaftServerConfigKeys (ConfUtils.java:logGet(43)) - raft.server.watch.timeout = 10s (default)
2019-06-17 13:42:41,857 INFO  server.RaftServerConfigKeys (ConfUtils.java:logGet(43)) - raft.server.watch.timeout.denomination = 1s (default)
2019-06-17 13:42:41,857 INFO  impl.RoleInfo (RoleInfo.java:updateAndGet(143)) - 88fea403-d5e8-4d51-b101-da5614d25495: start LeaderState
2019-06-17 13:42:41,857 INFO  storage.RaftLogWorker (RaftLogWorker.java:startLogSegment(298)) - 88fea403-d5e8-4d51-b101-da5614d25495-RaftLogWorker: Starting segment from index:0
2019-06-17 13:42:41,863 INFO  impl.RaftServerImpl (ServerState.java:setRaftConf(361)) - 88fea403-d5e8-4d51-b101-da5614d25495:group-CCB6C1BC612F set configuration 0: [88fea403-d5e8-4d51-b101-da5614d25495:192.168.11.196:34629], old=null at 0
2019-06-17 13:42:41,865 INFO  impl.FollowerState (FollowerState.java:run(101)) - 88fea403-d5e8-4d51-b101-da5614d25495:group-F639F1D96FC0 changes to CANDIDATE, lastRpcTime:1118, electionTimeout:1118ms
2019-06-17 13:42:41,865 INFO  impl.RoleInfo (RoleInfo.java:shutdownFollowerState(121)) - 88fea403-d5e8-4d51-b101-da5614d25495: shutdown FollowerState
2019-06-17 13:42:41,865 INFO  impl.RaftServerImpl (RaftServerImpl.java:setRole(164)) - 88fea403-d5e8-4d51-b101-da5614d25495:group-F639F1D96FC0 changes role from FOLLOWER to CANDIDATE at term 0 for changeToCandidate
2019-06-17 13:42:41,865 INFO  impl.RoleInfo (RoleInfo.java:updateAndGet(143)) - 88fea403-d5e8-4d51-b101-da5614d25495: start LeaderElection
2019-06-17 13:42:41,897 INFO  impl.FollowerState (FollowerState.java:run(101)) - ac9f728e-9d5d-48cf-ba40-b6e3f4054752:group-CC91982B2954 changes to CANDIDATE, lastRpcTime:1190, electionTimeout:1190ms
2019-06-17 13:42:41,898 INFO  impl.RoleInfo (RoleInfo.java:shutdownFollowerState(121)) - ac9f728e-9d5d-48cf-ba40-b6e3f4054752: shutdown FollowerState
2019-06-17 13:42:41,898 INFO  impl.RaftServerImpl (RaftServerImpl.java:setRole(164)) - ac9f728e-9d5d-48cf-ba40-b6e3f4054752:group-CC91982B2954 changes role from FOLLOWER to CANDIDATE at term 0 for changeToCandidate
2019-06-17 13:42:41,898 INFO  impl.RaftServerImpl (RaftServerImpl.java:setRole(164)) - 62261920-1f74-40fd-96c9-4799b8625e12:group-F639F1D96FC0 changes role from FOLLOWER to FOLLOWER at term 1 for recognizeCandidate:ac9f728e-9d5d-48cf-ba40-b6e3f4054752
2019-06-17 13:42:41,898 INFO  storage.RaftLogWorker (RaftLogWorker.java:execute(469)) - 88fea403-d5e8-4d51-b101-da5614d25495-RaftLogWorker: created new log segment /opt/src/hadoop-ozone/tools/target/test-dir/MiniOzoneClusterImpl-a0a800a7-ac61-4331-a0ae-496f42b3a347/datanode-2/data/ratis/467fe74a-c22d-4a0b-8fe2-ccb6c1bc612f/current/log_inprogress_0
2019-06-17 13:42:41,898 INFO  impl.LeaderElection (LeaderElection.java:askForVotes(181)) - 88fea403-d5e8-4d51-b101-da5614d25495:group-F639F1D96FC0:LeaderElection4: begin an election at term 1 for -1: [ac9f728e-9d5d-48cf-ba40-b6e3f4054752:192.168.11.196:40833, 88fea403-d5e8-4d51-b101-da5614d25495:192.168.11.196:34629, 62261920-1f74-40fd-96c9-4799b8625e12:192.168.11.196:46755], old=null
2019-06-17 13:42:41,898 INFO  impl.RoleInfo (RoleInfo.java:updateAndGet(143)) - ac9f728e-9d5d-48cf-ba40-b6e3f4054752: start LeaderElection
2019-06-17 13:42:41,898 INFO  impl.RoleInfo (RoleInfo.java:shutdownFollowerState(121)) - 62261920-1f74-40fd-96c9-4799b8625e12: shutdown FollowerState
2019-06-17 13:42:41,903 INFO  impl.RoleInfo (RoleInfo.java:updateAndGet(143)) - 62261920-1f74-40fd-96c9-4799b8625e12: start FollowerState
2019-06-17 13:42:41,931 INFO  impl.LeaderElection (LeaderElection.java:logAndReturn(56)) - ac9f728e-9d5d-48cf-ba40-b6e3f4054752:group-F639F1D96FC0:LeaderElection2: Election PASSED; received 2 response(s) [ac9f728e-9d5d-48cf-ba40-b6e3f4054752->88fea403-d5e8-4d51-b101-da5614d25495,false-t1, ac9f728e-9d5d-48cf-ba40-b6e3f4054752->62261920-1f74-40fd-96c9-4799b8625e12,true-t1] and 0 exception(s); ac9f728e-9d5d-48cf-ba40-b6e3f4054752:t1, leader=null, voted=ac9f728e-9d5d-48cf-ba40-b6e3f4054752, raftlog=ac9f728e-9d5d-48cf-ba40-b6e3f4054752-SegmentedRaftLog:OPENED:c-1,f-1,i0, conf=-1: [ac9f728e-9d5d-48cf-ba40-b6e3f4054752:192.168.11.196:40833, 88fea403-d5e8-4d51-b101-da5614d25495:192.168.11.196:34629, 62261920-1f74-40fd-96c9-4799b8625e12:192.168.11.196:46755], old=null
2019-06-17 13:42:41,932 INFO  impl.RoleInfo (RoleInfo.java:shutdownLeaderElection(134)) - ac9f728e-9d5d-48cf-ba40-b6e3f4054752: shutdown LeaderElection
2019-06-17 13:42:41,932 INFO  impl.RaftServerImpl (RaftServerImpl.java:setRole(164)) - ac9f728e-9d5d-48cf-ba40-b6e3f4054752:group-F639F1D96FC0 changes role from CANDIDATE to LEADER at term 1 for changeToLeader
2019-06-17 13:42:41,932 INFO  impl.RaftServerImpl (ServerState.java:setLeader(263)) - ac9f728e-9d5d-48cf-ba40-b6e3f4054752:group-F639F1D96FC0 change Leader from null to ac9f728e-9d5d-48cf-ba40-b6e3f4054752 at term 1 for becomeLeader, leader elected after 1186ms
2019-06-17 13:42:41,932 INFO  server.RaftServerConfigKeys (ConfUtils.java:logGet(43)) - raft.server.staging.catchup.gap = 1000 (default)
2019-06-17 13:42:41,932 INFO  server.RaftServerConfigKeys (ConfUtils.java:logGet(43)) - raft.server.rpc.sleep.time = 25ms (default)
2019-06-17 13:42:41,932 INFO  server.RaftServerConfigKeys (ConfUtils.java:logGet(43)) - raft.server.watch.timeout = 10s (default)
2019-06-17 13:42:41,932 INFO  server.RaftServerConfigKeys (ConfUtils.java:logGet(43)) - raft.server.watch.timeout.denomination = 1s (default)
2019-06-17 13:42:41,934 INFO  server.RaftServerConfigKeys (ConfUtils.java:logGet(43)) - raft.server.log.appender.snapshot.chunk.size.max = 16MB (=16777216) (default)
2019-06-17 13:42:41,934 INFO  server.RaftServerConfigKeys (ConfUtils.java:logGet(43)) - raft.server.log.appender.buffer.byte-limit = 33554432 (custom)
2019-06-17 13:42:41,935 INFO  server.RaftServerConfigKeys (ConfUtils.java:logGet(43)) - raft.server.log.appender.buffer.element-limit = 1 (custom)
2019-06-17 13:42:41,940 INFO  grpc.GrpcConfigKeys$Server (ConfUtils.java:logGet(43)) - raft.grpc.server.leader.outstanding.appends.max = 128 (default)
2019-06-17 13:42:41,947 INFO  server.RaftServerConfigKeys (ConfUtils.java:logGet(43)) - raft.server.rpc.request.timeout = 3000ms (default)
2019-06-17 13:42:41,947 INFO  server.RaftServerConfigKeys (ConfUtils.java:logGet(43)) - raft.server.log.appender.install.snapshot.enabled = true (default)
2019-06-17 13:42:41,948 INFO  impl.LeaderElection (LeaderElection.java:askForVotes(181)) - ac9f728e-9d5d-48cf-ba40-b6e3f4054752:group-CC91982B2954:LeaderElection5: begin an election at term 1 for -1: [ac9f728e-9d5d-48cf-ba40-b6e3f4054752:192.168.11.196:40833], old=null
2019-06-17 13:42:41,949 INFO  impl.RoleInfo (RoleInfo.java:shutdownLeaderElection(134)) - ac9f728e-9d5d-48cf-ba40-b6e3f4054752: shutdown LeaderElection
2019-06-17 13:42:41,949 INFO  impl.RaftServerImpl (RaftServerImpl.java:setRole(164)) - ac9f728e-9d5d-48cf-ba40-b6e3f4054752:group-CC91982B2954 changes role from CANDIDATE to LEADER at term 1 for changeToLeader
2019-06-17 13:42:41,949 INFO  impl.RaftServerImpl (ServerState.java:setLeader(263)) - ac9f728e-9d5d-48cf-ba40-b6e3f4054752:group-CC91982B2954 change Leader from null to ac9f728e-9d5d-48cf-ba40-b6e3f4054752 at term 1 for becomeLeader, leader elected after 1244ms
2019-06-17 13:42:41,949 INFO  server.RaftServerConfigKeys (ConfUtils.java:logGet(43)) - raft.server.staging.catchup.gap = 1000 (default)
2019-06-17 13:42:41,949 INFO  server.RaftServerConfigKeys (ConfUtils.java:logGet(43)) - raft.server.rpc.sleep.time = 25ms (default)
2019-06-17 13:42:41,949 INFO  server.RaftServerConfigKeys (ConfUtils.java:logGet(43)) - raft.server.watch.timeout = 10s (default)
2019-06-17 13:42:41,950 INFO  server.RaftServerConfigKeys (ConfUtils.java:logGet(43)) - raft.server.watch.timeout.denomination = 1s (default)
2019-06-17 13:42:41,950 INFO  impl.RoleInfo (RoleInfo.java:updateAndGet(143)) - ac9f728e-9d5d-48cf-ba40-b6e3f4054752: start LeaderState
2019-06-17 13:42:41,950 INFO  storage.RaftLogWorker (RaftLogWorker.java:startLogSegment(298)) - ac9f728e-9d5d-48cf-ba40-b6e3f4054752-RaftLogWorker: Starting segment from index:0
2019-06-17 13:42:41,949 INFO  server.RaftServerConfigKeys (ConfUtils.java:logGet(43)) - raft.server.log.appender.snapshot.chunk.size.max = 16MB (=16777216) (default)
2019-06-17 13:42:41,950 INFO  server.RaftServerConfigKeys (ConfUtils.java:logGet(43)) - raft.server.log.appender.buffer.byte-limit = 33554432 (custom)
2019-06-17 13:42:41,951 INFO  server.RaftServerConfigKeys (ConfUtils.java:logGet(43)) - raft.server.log.appender.buffer.element-limit = 1 (custom)
2019-06-17 13:42:41,951 INFO  grpc.GrpcConfigKeys$Server (ConfUtils.java:logGet(43)) - raft.grpc.server.leader.outstanding.appends.max = 128 (default)
2019-06-17 13:42:41,951 INFO  server.RaftServerConfigKeys (ConfUtils.java:logGet(43)) - raft.server.rpc.request.timeout = 3000ms (default)
2019-06-17 13:42:41,951 INFO  server.RaftServerConfigKeys (ConfUtils.java:logGet(43)) - raft.server.log.appender.install.snapshot.enabled = true (default)
2019-06-17 13:42:41,951 INFO  impl.RoleInfo (RoleInfo.java:updateAndGet(143)) - ac9f728e-9d5d-48cf-ba40-b6e3f4054752: start LeaderState
2019-06-17 13:42:41,951 INFO  storage.RaftLogWorker (RaftLogWorker.java:startLogSegment(298)) - ac9f728e-9d5d-48cf-ba40-b6e3f4054752-RaftLogWorker: Starting segment from index:0
2019-06-17 13:42:41,955 INFO  impl.RaftServerImpl (ServerState.java:setRaftConf(361)) - ac9f728e-9d5d-48cf-ba40-b6e3f4054752:group-CC91982B2954 set configuration 0: [ac9f728e-9d5d-48cf-ba40-b6e3f4054752:192.168.11.196:40833], old=null at 0
2019-06-17 13:42:41,979 INFO  impl.RaftServerImpl (ServerState.java:setRaftConf(361)) - ac9f728e-9d5d-48cf-ba40-b6e3f4054752:group-F639F1D96FC0 set configuration 0: [ac9f728e-9d5d-48cf-ba40-b6e3f4054752:192.168.11.196:40833, 88fea403-d5e8-4d51-b101-da5614d25495:192.168.11.196:34629, 62261920-1f74-40fd-96c9-4799b8625e12:192.168.11.196:46755], old=null at 0
2019-06-17 13:42:41,979 INFO  impl.RaftServerImpl (RaftServerImpl.java:requestVote(738)) - ac9f728e-9d5d-48cf-ba40-b6e3f4054752-LEADER: Withhold vote from candidate 88fea403-d5e8-4d51-b101-da5614d25495 with term 1. State: leader=ac9f728e-9d5d-48cf-ba40-b6e3f4054752, term=1, lastRpcElapsed=null
2019-06-17 13:42:42,011 INFO  storage.RaftLogWorker (RaftLogWorker.java:execute(469)) - ac9f728e-9d5d-48cf-ba40-b6e3f4054752-RaftLogWorker: created new log segment /opt/src/hadoop-ozone/tools/target/test-dir/MiniOzoneClusterImpl-a0a800a7-ac61-4331-a0ae-496f42b3a347/datanode-1/data/ratis/31ce80c2-b9fb-46ff-bba4-cc91982b2954/current/log_inprogress_0
2019-06-17 13:42:42,012 INFO  impl.LeaderElection (LeaderElection.java:logAndReturn(56)) - 88fea403-d5e8-4d51-b101-da5614d25495:group-F639F1D96FC0:LeaderElection4: Election REJECTED; received 2 response(s) [88fea403-d5e8-4d51-b101-da5614d25495->ac9f728e-9d5d-48cf-ba40-b6e3f4054752,false-t1, 88fea403-d5e8-4d51-b101-da5614d25495->62261920-1f74-40fd-96c9-4799b8625e12,false-t1] and 0 exception(s); 88fea403-d5e8-4d51-b101-da5614d25495:t1, leader=null, voted=88fea403-d5e8-4d51-b101-da5614d25495, raftlog=88fea403-d5e8-4d51-b101-da5614d25495-SegmentedRaftLog:OPENED:c-1,f-1,i0, conf=-1: [ac9f728e-9d5d-48cf-ba40-b6e3f4054752:192.168.11.196:40833, 88fea403-d5e8-4d51-b101-da5614d25495:192.168.11.196:34629, 62261920-1f74-40fd-96c9-4799b8625e12:192.168.11.196:46755], old=null
2019-06-17 13:42:42,012 INFO  impl.RaftServerImpl (RaftServerImpl.java:setRole(164)) - 88fea403-d5e8-4d51-b101-da5614d25495:group-F639F1D96FC0 changes role from CANDIDATE to FOLLOWER at term 1 for DISCOVERED_A_NEW_TERM
2019-06-17 13:42:42,012 INFO  impl.RoleInfo (RoleInfo.java:shutdownLeaderElection(134)) - 88fea403-d5e8-4d51-b101-da5614d25495: shutdown LeaderElection
2019-06-17 13:42:42,012 INFO  impl.RoleInfo (RoleInfo.java:updateAndGet(143)) - 88fea403-d5e8-4d51-b101-da5614d25495: start FollowerState
2019-06-17 13:42:42,015 INFO  storage.RaftLogWorker (RaftLogWorker.java:execute(469)) - ac9f728e-9d5d-48cf-ba40-b6e3f4054752-RaftLogWorker: created new log segment /opt/src/hadoop-ozone/tools/target/test-dir/MiniOzoneClusterImpl-a0a800a7-ac61-4331-a0ae-496f42b3a347/datanode-1/data/ratis/1d65ad9e-47e4-435f-b8b8-f639f1d96fc0/current/log_inprogress_0
2019-06-17 13:42:42,020 INFO  impl.RaftServerImpl (ServerState.java:setLeader(263)) - 62261920-1f74-40fd-96c9-4799b8625e12:group-F639F1D96FC0 change Leader from null to ac9f728e-9d5d-48cf-ba40-b6e3f4054752 at term 1 for appendEntries, leader elected after 1276ms
2019-06-17 13:42:42,022 INFO  client.GrpcClientProtocolClient (GrpcClientProtocolClient.java:onNext(254)) - client-F922EFE97DBD->88fea403-d5e8-4d51-b101-da5614d25495: receive RaftClientReply:client-F922EFE97DBD->88fea403-d5e8-4d51-b101-da5614d25495@group-F639F1D96FC0, cid=6, FAILED org.apache.ratis.protocol.NotLeaderException: Server 88fea403-d5e8-4d51-b101-da5614d25495 is not the leader (62261920-1f74-40fd-96c9-4799b8625e12:192.168.11.196:46755). Request must be sent to leader., logIndex=0, commits[88fea403-d5e8-4d51-b101-da5614d25495:c-1]
2019-06-17 13:42:42,031 INFO  impl.RaftServerImpl (ServerState.java:setLeader(263)) - 88fea403-d5e8-4d51-b101-da5614d25495:group-F639F1D96FC0 change Leader from null to ac9f728e-9d5d-48cf-ba40-b6e3f4054752 at term 1 for appendEntries, leader elected after 1290ms
2019-06-17 13:42:42,042 WARN  client.GrpcClientProtocolService (LogUtils.java:warn(134)) - 0-OrderedRequestStreamObserver0: onError: org.apache.ratis.thirdparty.io.grpc.StatusRuntimeException: CANCELLED: cancelled before receiving half close
2019-06-17 13:42:42,050 INFO  impl.RaftServerImpl (ServerState.java:setRaftConf(361)) - 62261920-1f74-40fd-96c9-4799b8625e12:group-F639F1D96FC0 set configuration 0: [ac9f728e-9d5d-48cf-ba40-b6e3f4054752:192.168.11.196:40833, 88fea403-d5e8-4d51-b101-da5614d25495:192.168.11.196:34629, 62261920-1f74-40fd-96c9-4799b8625e12:192.168.11.196:46755], old=null at 0
2019-06-17 13:42:42,050 INFO  impl.RaftServerImpl (ServerState.java:setRaftConf(361)) - 88fea403-d5e8-4d51-b101-da5614d25495:group-F639F1D96FC0 set configuration 0: [ac9f728e-9d5d-48cf-ba40-b6e3f4054752:192.168.11.196:40833, 88fea403-d5e8-4d51-b101-da5614d25495:192.168.11.196:34629, 62261920-1f74-40fd-96c9-4799b8625e12:192.168.11.196:46755], old=null at 0
2019-06-17 13:42:42,051 INFO  storage.RaftLogWorker (RaftLogWorker.java:startLogSegment(298)) - 62261920-1f74-40fd-96c9-4799b8625e12-RaftLogWorker: Starting segment from index:0
2019-06-17 13:42:42,051 INFO  storage.RaftLogWorker (RaftLogWorker.java:startLogSegment(298)) - 88fea403-d5e8-4d51-b101-da5614d25495-RaftLogWorker: Starting segment from index:0
2019-06-17 13:42:42,095 INFO  storage.RaftLogWorker (RaftLogWorker.java:execute(469)) - 62261920-1f74-40fd-96c9-4799b8625e12-RaftLogWorker: created new log segment /opt/src/hadoop-ozone/tools/target/test-dir/MiniOzoneClusterImpl-a0a800a7-ac61-4331-a0ae-496f42b3a347/datanode-0/data/ratis/1d65ad9e-47e4-435f-b8b8-f639f1d96fc0/current/log_inprogress_0
2019-06-17 13:42:42,095 INFO  storage.RaftLogWorker (RaftLogWorker.java:execute(469)) - 88fea403-d5e8-4d51-b101-da5614d25495-RaftLogWorker: created new log segment /opt/src/hadoop-ozone/tools/target/test-dir/MiniOzoneClusterImpl-a0a800a7-ac61-4331-a0ae-496f42b3a347/datanode-2/data/ratis/1d65ad9e-47e4-435f-b8b8-f639f1d96fc0/current/log_inprogress_0
 0.00% |█                                                                                                    |  0/1 Time: 0:00:012019-06-17 13:42:43,057 INFO  client.GrpcClientProtocolClient (GrpcClientProtocolClient.java:onNext(254)) - client-F922EFE97DBD->62261920-1f74-40fd-96c9-4799b8625e12: receive RaftClientReply:client-F922EFE97DBD->62261920-1f74-40fd-96c9-4799b8625e12@group-F639F1D96FC0, cid=6, FAILED org.apache.ratis.protocol.NotLeaderException: Server 62261920-1f74-40fd-96c9-4799b8625e12 is not the leader (ac9f728e-9d5d-48cf-ba40-b6e3f4054752:192.168.11.196:40833). Request must be sent to leader., logIndex=0, commits[62261920-1f74-40fd-96c9-4799b8625e12:c0, ac9f728e-9d5d-48cf-ba40-b6e3f4054752:c0, 88fea403-d5e8-4d51-b101-da5614d25495:c0]
2019-06-17 13:42:43,060 WARN  client.GrpcClientProtocolService (LogUtils.java:warn(134)) - 0-OrderedRequestStreamObserver0: onError: org.apache.ratis.thirdparty.io.grpc.StatusRuntimeException: CANCELLED: cancelled before receiving half close
 0.00% |█                                                                                                    |  0/1 Time: 0:00:022019-06-17 13:42:44,224 INFO  client.GrpcClientProtocolClient (GrpcClientProtocolClient.java:onNext(254)) - client-F922EFE97DBD->ac9f728e-9d5d-48cf-ba40-b6e3f4054752: receive RaftClientReply:client-F922EFE97DBD->ac9f728e-9d5d-48cf-ba40-b6e3f4054752@group-F639F1D96FC0, cid=6, SUCCESS, logIndex=1, commits[ac9f728e-9d5d-48cf-ba40-b6e3f4054752:c2, 88fea403-d5e8-4d51-b101-da5614d25495:c1, 62261920-1f74-40fd-96c9-4799b8625e12:c1]
2019-06-17 13:42:44,263 INFO  client.GrpcClientProtocolClient (GrpcClientProtocolClient.java:onNext(254)) - client-F922EFE97DBD->ac9f728e-9d5d-48cf-ba40-b6e3f4054752: receive RaftClientReply:client-F922EFE97DBD->ac9f728e-9d5d-48cf-ba40-b6e3f4054752@group-F639F1D96FC0, cid=7, SUCCESS, logIndex=3, commits[ac9f728e-9d5d-48cf-ba40-b6e3f4054752:c4, 88fea403-d5e8-4d51-b101-da5614d25495:c3, 62261920-1f74-40fd-96c9-4799b8625e12:c3]
2019-06-17 13:42:44,284 INFO  client.GrpcClientProtocolClient (GrpcClientProtocolClient.java:onNext(254)) - client-F922EFE97DBD->ac9f728e-9d5d-48cf-ba40-b6e3f4054752: receive RaftClientReply:client-F922EFE97DBD->ac9f728e-9d5d-48cf-ba40-b6e3f4054752@group-F639F1D96FC0, cid=8, SUCCESS, logIndex=5, commits[ac9f728e-9d5d-48cf-ba40-b6e3f4054752:c5, 88fea403-d5e8-4d51-b101-da5614d25495:c3, 62261920-1f74-40fd-96c9-4799b8625e12:c4]
2019-06-17 13:42:44,296 INFO  client.GrpcClientProtocolClient (GrpcClientProtocolClient.java:onNext(254)) - client-F922EFE97DBD->ac9f728e-9d5d-48cf-ba40-b6e3f4054752: receive RaftClientReply:client-F922EFE97DBD->ac9f728e-9d5d-48cf-ba40-b6e3f4054752@group-F639F1D96FC0, cid=9, SUCCESS, logIndex=6, commits[ac9f728e-9d5d-48cf-ba40-b6e3f4054752:c6, 88fea403-d5e8-4d51-b101-da5614d25495:c4, 62261920-1f74-40fd-96c9-4799b8625e12:c4]
2019-06-17 13:42:44,325 INFO  client.GrpcClientProtocolClient (GrpcClientProtocolClient.java:onNext(254)) - client-F922EFE97DBD->ac9f728e-9d5d-48cf-ba40-b6e3f4054752: receive RaftClientReply:client-F922EFE97DBD->ac9f728e-9d5d-48cf-ba40-b6e3f4054752@group-F639F1D96FC0, cid=10, SUCCESS, logIndex=9, commits[ac9f728e-9d5d-48cf-ba40-b6e3f4054752:c9, 88fea403-d5e8-4d51-b101-da5614d25495:c6, 62261920-1f74-40fd-96c9-4799b8625e12:c8]
2019-06-17 13:42:44,336 INFO  client.GrpcClientProtocolClient (GrpcClientProtocolClient.java:onNext(254)) - client-F922EFE97DBD->ac9f728e-9d5d-48cf-ba40-b6e3f4054752: receive RaftClientReply:client-F922EFE97DBD->ac9f728e-9d5d-48cf-ba40-b6e3f4054752@group-F639F1D96FC0, cid=11, SUCCESS, logIndex=11, commits[ac9f728e-9d5d-48cf-ba40-b6e3f4054752:c11, 88fea403-d5e8-4d51-b101-da5614d25495:c9, 62261920-1f74-40fd-96c9-4799b8625e12:c9]
2019-06-17 13:42:44,362 INFO  client.GrpcClientProtocolClient (GrpcClientProtocolClient.java:onNext(254)) - client-F922EFE97DBD->ac9f728e-9d5d-48cf-ba40-b6e3f4054752: receive RaftClientReply:client-F922EFE97DBD->ac9f728e-9d5d-48cf-ba40-b6e3f4054752@group-F639F1D96FC0, cid=12, SUCCESS, logIndex=13, commits[ac9f728e-9d5d-48cf-ba40-b6e3f4054752:c13, 88fea403-d5e8-4d51-b101-da5614d25495:c12, 62261920-1f74-40fd-96c9-4799b8625e12:c11]
2019-06-17 13:42:44,375 INFO  client.GrpcClientProtocolClient (GrpcClientProtocolClient.java:onNext(254)) - client-F922EFE97DBD->ac9f728e-9d5d-48cf-ba40-b6e3f4054752: receive RaftClientReply:client-F922EFE97DBD->ac9f728e-9d5d-48cf-ba40-b6e3f4054752@group-F639F1D96FC0, cid=13, SUCCESS, logIndex=15, commits[ac9f728e-9d5d-48cf-ba40-b6e3f4054752:c15, 88fea403-d5e8-4d51-b101-da5614d25495:c13, 62261920-1f74-40fd-96c9-4799b8625e12:c13]
2019-06-17 13:42:44,392 INFO  client.GrpcClientProtocolClient (GrpcClientProtocolClient.java:onNext(254)) - client-F922EFE97DBD->ac9f728e-9d5d-48cf-ba40-b6e3f4054752: receive RaftClientReply:client-F922EFE97DBD->ac9f728e-9d5d-48cf-ba40-b6e3f4054752@group-F639F1D96FC0, cid=14, SUCCESS, logIndex=0, commits[ac9f728e-9d5d-48cf-ba40-b6e3f4054752:c16, 88fea403-d5e8-4d51-b101-da5614d25495:c15, 62261920-1f74-40fd-96c9-4799b8625e12:c15]
2019-06-17 13:42:44,467 INFO  client.GrpcClientProtocolClient (GrpcClientProtocolClient.java:onNext(254)) - client-F922EFE97DBD->ac9f728e-9d5d-48cf-ba40-b6e3f4054752: receive RaftClientReply:client-F922EFE97DBD->ac9f728e-9d5d-48cf-ba40-b6e3f4054752@group-F639F1D96FC0, cid=15, SUCCESS, logIndex=17, commits[ac9f728e-9d5d-48cf-ba40-b6e3f4054752:c17, 88fea403-d5e8-4d51-b101-da5614d25495:c15, 62261920-1f74-40fd-96c9-4799b8625e12:c16]
2019-06-17 13:42:44,506 INFO  client.GrpcClientProtocolClient (GrpcClientProtocolClient.java:onNext(254)) - client-F922EFE97DBD->ac9f728e-9d5d-48cf-ba40-b6e3f4054752: receive RaftClientReply:client-F922EFE97DBD->ac9f728e-9d5d-48cf-ba40-b6e3f4054752@group-F639F1D96FC0, cid=16, SUCCESS, logIndex=19, commits[ac9f728e-9d5d-48cf-ba40-b6e3f4054752:c24, 88fea403-d5e8-4d51-b101-da5614d25495:c22, 62261920-1f74-40fd-96c9-4799b8625e12:c21]
2019-06-17 13:42:44,507 INFO  client.GrpcClientProtocolClient (GrpcClientProtocolClient.java:onNext(254)) - client-F922EFE97DBD->ac9f728e-9d5d-48cf-ba40-b6e3f4054752: receive RaftClientReply:client-F922EFE97DBD->ac9f728e-9d5d-48cf-ba40-b6e3f4054752@group-F639F1D96FC0, cid=17, SUCCESS, logIndex=20, commits[ac9f728e-9d5d-48cf-ba40-b6e3f4054752:c24, 88fea403-d5e8-4d51-b101-da5614d25495:c22, 62261920-1f74-40fd-96c9-4799b8625e12:c21]
2019-06-17 13:42:44,526 INFO  client.GrpcClientProtocolClient (GrpcClientProtocolClient.java:onNext(254)) - client-F922EFE97DBD->ac9f728e-9d5d-48cf-ba40-b6e3f4054752: receive RaftClientReply:client-F922EFE97DBD->ac9f728e-9d5d-48cf-ba40-b6e3f4054752@group-F639F1D96FC0, cid=18, SUCCESS, logIndex=21, commits[ac9f728e-9d5d-48cf-ba40-b6e3f4054752:c24, 88fea403-d5e8-4d51-b101-da5614d25495:c22, 62261920-1f74-40fd-96c9-4799b8625e12:c21]
2019-06-17 13:42:44,549 INFO  client.GrpcClientProtocolClient (GrpcClientProtocolClient.java:onNext(254)) - client-F922EFE97DBD->ac9f728e-9d5d-48cf-ba40-b6e3f4054752: receive RaftClientReply:client-F922EFE97DBD->ac9f728e-9d5d-48cf-ba40-b6e3f4054752@group-F639F1D96FC0, cid=19, SUCCESS, logIndex=25, commits[ac9f728e-9d5d-48cf-ba40-b6e3f4054752:c25, 88fea403-d5e8-4d51-b101-da5614d25495:c22, 62261920-1f74-40fd-96c9-4799b8625e12:c24]
2019-06-17 13:42:44,567 INFO  client.GrpcClientProtocolClient (GrpcClientProtocolClient.java:onNext(254)) - client-F922EFE97DBD->ac9f728e-9d5d-48cf-ba40-b6e3f4054752: receive RaftClientReply:client-F922EFE97DBD->ac9f728e-9d5d-48cf-ba40-b6e3f4054752@group-F639F1D96FC0, cid=20, SUCCESS, logIndex=27, commits[ac9f728e-9d5d-48cf-ba40-b6e3f4054752:c27, 88fea403-d5e8-4d51-b101-da5614d25495:c25, 62261920-1f74-40fd-96c9-4799b8625e12:c25]
2019-06-17 13:42:44,568 INFO  client.GrpcClientProtocolClient (GrpcClientProtocolClient.java:onNext(254)) - client-F922EFE97DBD->ac9f728e-9d5d-48cf-ba40-b6e3f4054752: receive RaftClientReply:client-F922EFE97DBD->ac9f728e-9d5d-48cf-ba40-b6e3f4054752@group-F639F1D96FC0, cid=21, SUCCESS, logIndex=28, commits[ac9f728e-9d5d-48cf-ba40-b6e3f4054752:c28, 88fea403-d5e8-4d51-b101-da5614d25495:c25, 62261920-1f74-40fd-96c9-4799b8625e12:c25]
2019-06-17 13:42:44,574 INFO  client.GrpcClientProtocolClient (GrpcClientProtocolClient.java:onNext(254)) - client-F922EFE97DBD->ac9f728e-9d5d-48cf-ba40-b6e3f4054752: receive RaftClientReply:client-F922EFE97DBD->ac9f728e-9d5d-48cf-ba40-b6e3f4054752@group-F639F1D96FC0, cid=22, SUCCESS, logIndex=30, commits[ac9f728e-9d5d-48cf-ba40-b6e3f4054752:c30, 88fea403-d5e8-4d51-b101-da5614d25495:c27, 62261920-1f74-40fd-96c9-4799b8625e12:c27]
2019-06-17 13:42:44,581 INFO  client.GrpcClientProtocolClient (GrpcClientProtocolClient.java:onNext(254)) - client-F922EFE97DBD->ac9f728e-9d5d-48cf-ba40-b6e3f4054752: receive RaftClientReply:client-F922EFE97DBD->ac9f728e-9d5d-48cf-ba40-b6e3f4054752@group-F639F1D96FC0, cid=23, SUCCESS, logIndex=0, commits[ac9f728e-9d5d-48cf-ba40-b6e3f4054752:c32, 88fea403-d5e8-4d51-b101-da5614d25495:c30, 62261920-1f74-40fd-96c9-4799b8625e12:c30]
2019-06-17 13:42:44,631 INFO  client.GrpcClientProtocolClient (GrpcClientProtocolClient.java:onNext(254)) - client-F922EFE97DBD->ac9f728e-9d5d-48cf-ba40-b6e3f4054752: receive RaftClientReply:client-F922EFE97DBD->ac9f728e-9d5d-48cf-ba40-b6e3f4054752@group-F639F1D96FC0, cid=24, SUCCESS, logIndex=33, commits[ac9f728e-9d5d-48cf-ba40-b6e3f4054752:c34, 88fea403-d5e8-4d51-b101-da5614d25495:c33, 62261920-1f74-40fd-96c9-4799b8625e12:c30]
 0.00% |█                                                                                                    |  0/1 Time: 0:00:032019-06-17 13:42:44,668 INFO  client.GrpcClientProtocolClient (GrpcClientProtocolClient.java:onNext(254)) - client-F922EFE97DBD->ac9f728e-9d5d-48cf-ba40-b6e3f4054752: receive RaftClientReply:client-F922EFE97DBD->ac9f728e-9d5d-48cf-ba40-b6e3f4054752@group-F639F1D96FC0, cid=25, SUCCESS, logIndex=35, commits[ac9f728e-9d5d-48cf-ba40-b6e3f4054752:c39, 88fea403-d5e8-4d51-b101-da5614d25495:c36, 62261920-1f74-40fd-96c9-4799b8625e12:c36]
2019-06-17 13:42:44,669 INFO  client.GrpcClientProtocolClient (GrpcClientProtocolClient.java:onNext(254)) - client-F922EFE97DBD->ac9f728e-9d5d-48cf-ba40-b6e3f4054752: receive RaftClientReply:client-F922EFE97DBD->ac9f728e-9d5d-48cf-ba40-b6e3f4054752@group-F639F1D96FC0, cid=26, SUCCESS, logIndex=36, commits[ac9f728e-9d5d-48cf-ba40-b6e3f4054752:c39, 88fea403-d5e8-4d51-b101-da5614d25495:c36, 62261920-1f74-40fd-96c9-4799b8625e12:c36]
2019-06-17 13:42:44,684 INFO  client.GrpcClientProtocolClient (GrpcClientProtocolClient.java:onNext(254)) - client-F922EFE97DBD->ac9f728e-9d5d-48cf-ba40-b6e3f4054752: receive RaftClientReply:client-F922EFE97DBD->ac9f728e-9d5d-48cf-ba40-b6e3f4054752@group-F639F1D96FC0, cid=27, SUCCESS, logIndex=38, commits[ac9f728e-9d5d-48cf-ba40-b6e3f4054752:c40, 88fea403-d5e8-4d51-b101-da5614d25495:c38, 62261920-1f74-40fd-96c9-4799b8625e12:c38]
2019-06-17 13:42:44,708 INFO  client.GrpcClientProtocolClient (GrpcClientProtocolClient.java:onNext(254)) - client-F922EFE97DBD->ac9f728e-9d5d-48cf-ba40-b6e3f4054752: receive RaftClientReply:client-F922EFE97DBD->ac9f728e-9d5d-48cf-ba40-b6e3f4054752@group-F639F1D96FC0, cid=28, SUCCESS, logIndex=41, commits[ac9f728e-9d5d-48cf-ba40-b6e3f4054752:c41, 88fea403-d5e8-4d51-b101-da5614d25495:c40, 62261920-1f74-40fd-96c9-4799b8625e12:c38]
2019-06-17 13:42:44,723 INFO  client.GrpcClientProtocolClient (GrpcClientProtocolClient.java:onNext(254)) - client-F922EFE97DBD->ac9f728e-9d5d-48cf-ba40-b6e3f4054752: receive RaftClientReply:client-F922EFE97DBD->ac9f728e-9d5d-48cf-ba40-b6e3f4054752@group-F639F1D96FC0, cid=29, SUCCESS, logIndex=43, commits[ac9f728e-9d5d-48cf-ba40-b6e3f4054752:c43, 88fea403-d5e8-4d51-b101-da5614d25495:c41, 62261920-1f74-40fd-96c9-4799b8625e12:c41]
2019-06-17 13:42:44,731 INFO  client.GrpcClientProtocolClient (GrpcClientProtocolClient.java:onNext(254)) - client-F922EFE97DBD->ac9f728e-9d5d-48cf-ba40-b6e3f4054752: receive RaftClientReply:client-F922EFE97DBD->ac9f728e-9d5d-48cf-ba40-b6e3f4054752@group-F639F1D96FC0, cid=30, SUCCESS, logIndex=44, commits[ac9f728e-9d5d-48cf-ba40-b6e3f4054752:c44, 88fea403-d5e8-4d51-b101-da5614d25495:c41, 62261920-1f74-40fd-96c9-4799b8625e12:c42]
2019-06-17 13:42:44,733 INFO  client.GrpcClientProtocolClient (GrpcClientProtocolClient.java:onNext(254)) - client-F922EFE97DBD->ac9f728e-9d5d-48cf-ba40-b6e3f4054752: receive RaftClientReply:client-F922EFE97DBD->ac9f728e-9d5d-48cf-ba40-b6e3f4054752@group-F639F1D96FC0, cid=31, SUCCESS, logIndex=45, commits[ac9f728e-9d5d-48cf-ba40-b6e3f4054752:c45, 88fea403-d5e8-4d51-b101-da5614d25495:c41, 62261920-1f74-40fd-96c9-4799b8625e12:c42]
2019-06-17 13:42:44,746 INFO  client.GrpcClientProtocolClient (GrpcClientProtocolClient.java:onNext(254)) - client-F922EFE97DBD->ac9f728e-9d5d-48cf-ba40-b6e3f4054752: receive RaftClientReply:client-F922EFE97DBD->ac9f728e-9d5d-48cf-ba40-b6e3f4054752@group-F639F1D96FC0, cid=32, SUCCESS, logIndex=0, commits[ac9f728e-9d5d-48cf-ba40-b6e3f4054752:c46, 88fea403-d5e8-4d51-b101-da5614d25495:c43, 62261920-1f74-40fd-96c9-4799b8625e12:c43]
2019-06-17 13:42:44,757 INFO  client.GrpcClientProtocolClient (GrpcClientProtocolClient.java:onNext(254)) - client-F922EFE97DBD->ac9f728e-9d5d-48cf-ba40-b6e3f4054752: receive RaftClientReply:client-F922EFE97DBD->ac9f728e-9d5d-48cf-ba40-b6e3f4054752@group-F639F1D96FC0, cid=33, SUCCESS, logIndex=0, commits[ac9f728e-9d5d-48cf-ba40-b6e3f4054752:c48, 88fea403-d5e8-4d51-b101-da5614d25495:c45, 62261920-1f74-40fd-96c9-4799b8625e12:c45]
2019-06-17 13:42:44,780 INFO  client.GrpcClientProtocolClient (GrpcClientProtocolClient.java:onNext(254)) - client-F922EFE97DBD->ac9f728e-9d5d-48cf-ba40-b6e3f4054752: receive RaftClientReply:client-F922EFE97DBD->ac9f728e-9d5d-48cf-ba40-b6e3f4054752@group-F639F1D96FC0, cid=34, SUCCESS, logIndex=49, commits[ac9f728e-9d5d-48cf-ba40-b6e3f4054752:c49, 88fea403-d5e8-4d51-b101-da5614d25495:c48, 62261920-1f74-40fd-96c9-4799b8625e12:c48]
2019-06-17 13:42:44,798 INFO  client.GrpcClientProtocolClient (GrpcClientProtocolClient.java:onNext(254)) - client-F922EFE97DBD->ac9f728e-9d5d-48cf-ba40-b6e3f4054752: receive RaftClientReply:client-F922EFE97DBD->ac9f728e-9d5d-48cf-ba40-b6e3f4054752@group-F639F1D96FC0, cid=35, SUCCESS, logIndex=51, commits[ac9f728e-9d5d-48cf-ba40-b6e3f4054752:c51, 88fea403-d5e8-4d51-b101-da5614d25495:c49, 62261920-1f74-40fd-96c9-4799b8625e12:c49]
2019-06-17 13:42:44,799 INFO  client.GrpcClientProtocolClient (GrpcClientProtocolClient.java:onNext(254)) - client-F922EFE97DBD->ac9f728e-9d5d-48cf-ba40-b6e3f4054752: receive RaftClientReply:client-F922EFE97DBD->ac9f728e-9d5d-48cf-ba40-b6e3f4054752@group-F639F1D96FC0, cid=36, SUCCESS, logIndex=52, commits[ac9f728e-9d5d-48cf-ba40-b6e3f4054752:c52, 88fea403-d5e8-4d51-b101-da5614d25495:c49, 62261920-1f74-40fd-96c9-4799b8625e12:c50]
2019-06-17 13:42:44,811 INFO  client.GrpcClientProtocolClient (GrpcClientProtocolClient.java:onNext(254)) - client-F922EFE97DBD->ac9f728e-9d5d-48cf-ba40-b6e3f4054752: receive RaftClientReply:client-F922EFE97DBD->ac9f728e-9d5d-48cf-ba40-b6e3f4054752@group-F639F1D96FC0, cid=37, SUCCESS, logIndex=53, commits[ac9f728e-9d5d-48cf-ba40-b6e3f4054752:c53, 88fea403-d5e8-4d51-b101-da5614d25495:c49, 62261920-1f74-40fd-96c9-4799b8625e12:c50]
2019-06-17 13:42:44,817 INFO  client.GrpcClientProtocolClient (GrpcClientProtocolClient.java:onNext(254)) - client-F922EFE97DBD->ac9f728e-9d5d-48cf-ba40-b6e3f4054752: receive RaftClientReply:client-F922EFE97DBD->ac9f728e-9d5d-48cf-ba40-b6e3f4054752@group-F639F1D96FC0, cid=38, SUCCESS, logIndex=0, commits[ac9f728e-9d5d-48cf-ba40-b6e3f4054752:c55, 88fea403-d5e8-4d51-b101-da5614d25495:c52, 62261920-1f74-40fd-96c9-4799b8625e12:c52]
2019-06-17 13:42:44,833 INFO  client.GrpcClientProtocolClient (GrpcClientProtocolClient.java:onNext(254)) - client-F922EFE97DBD->ac9f728e-9d5d-48cf-ba40-b6e3f4054752: receive RaftClientReply:client-F922EFE97DBD->ac9f728e-9d5d-48cf-ba40-b6e3f4054752@group-F639F1D96FC0, cid=39, SUCCESS, logIndex=57, commits[ac9f728e-9d5d-48cf-ba40-b6e3f4054752:c57, 88fea403-d5e8-4d51-b101-da5614d25495:c53, 62261920-1f74-40fd-96c9-4799b8625e12:c56]
2019-06-17 13:42:44,838 INFO  client.GrpcClientProtocolClient (GrpcClientProtocolClient.java:onNext(254)) - client-F922EFE97DBD->ac9f728e-9d5d-48cf-ba40-b6e3f4054752: receive RaftClientReply:client-F922EFE97DBD->ac9f728e-9d5d-48cf-ba40-b6e3f4054752@group-F639F1D96FC0, cid=40, SUCCESS, logIndex=59, commits[ac9f728e-9d5d-48cf-ba40-b6e3f4054752:c59, 88fea403-d5e8-4d51-b101-da5614d25495:c57, 62261920-1f74-40fd-96c9-4799b8625e12:c57]
2019-06-17 13:42:44,859 INFO  client.GrpcClientProtocolClient (GrpcClientProtocolClient.java:onNext(254)) - client-F922EFE97DBD->ac9f728e-9d5d-48cf-ba40-b6e3f4054752: receive RaftClientReply:client-F922EFE97DBD->ac9f728e-9d5d-48cf-ba40-b6e3f4054752@group-F639F1D96FC0, cid=41, SUCCESS, logIndex=61, commits[ac9f728e-9d5d-48cf-ba40-b6e3f4054752:c61, 88fea403-d5e8-4d51-b101-da5614d25495:c59, 62261920-1f74-40fd-96c9-4799b8625e12:c60]
2019-06-17 13:42:44,869 INFO  client.GrpcClientProtocolClient (GrpcClientProtocolClient.java:onNext(254)) - client-F922EFE97DBD->ac9f728e-9d5d-48cf-ba40-b6e3f4054752: receive RaftClientReply:client-F922EFE97DBD->ac9f728e-9d5d-48cf-ba40-b6e3f4054752@group-F639F1D96FC0, cid=42, SUCCESS, logIndex=63, commits[ac9f728e-9d5d-48cf-ba40-b6e3f4054752:c63, 88fea403-d5e8-4d51-b101-da5614d25495:c61, 62261920-1f74-40fd-96c9-4799b8625e12:c61]
2019-06-17 13:42:44,873 INFO  client.GrpcClientProtocolClient (GrpcClientProtocolClient.java:onNext(254)) - client-F922EFE97DBD->ac9f728e-9d5d-48cf-ba40-b6e3f4054752: receive RaftClientReply:client-F922EFE97DBD->ac9f728e-9d5d-48cf-ba40-b6e3f4054752@group-F639F1D96FC0, cid=43, SUCCESS, logIndex=0, commits[ac9f728e-9d5d-48cf-ba40-b6e3f4054752:c64, 88fea403-d5e8-4d51-b101-da5614d25495:c63, 62261920-1f74-40fd-96c9-4799b8625e12:c63]
2019-06-17 13:42:44,896 INFO  client.GrpcClientProtocolClient (GrpcClientProtocolClient.java:onNext(254)) - client-F922EFE97DBD->ac9f728e-9d5d-48cf-ba40-b6e3f4054752: receive RaftClientReply:client-F922EFE97DBD->ac9f728e-9d5d-48cf-ba40-b6e3f4054752@group-F639F1D96FC0, cid=44, SUCCESS, logIndex=65, commits[ac9f728e-9d5d-48cf-ba40-b6e3f4054752:c65, 88fea403-d5e8-4d51-b101-da5614d25495:c63, 62261920-1f74-40fd-96c9-4799b8625e12:c64]
2019-06-17 13:42:44,910 INFO  client.GrpcClientProtocolClient (GrpcClientProtocolClient.java:onNext(254)) - client-F922EFE97DBD->ac9f728e-9d5d-48cf-ba40-b6e3f4054752: receive RaftClientReply:client-F922EFE97DBD->ac9f728e-9d5d-48cf-ba40-b6e3f4054752@group-F639F1D96FC0, cid=45, SUCCESS, logIndex=67, commits[ac9f728e-9d5d-48cf-ba40-b6e3f4054752:c67, 88fea403-d5e8-4d51-b101-da5614d25495:c66, 62261920-1f74-40fd-96c9-4799b8625e12:c66]
2019-06-17 13:42:44,915 INFO  client.GrpcClientProtocolClient (GrpcClientProtocolClient.java:onNext(254)) - client-F922EFE97DBD->ac9f728e-9d5d-48cf-ba40-b6e3f4054752: receive RaftClientReply:client-F922EFE97DBD->ac9f728e-9d5d-48cf-ba40-b6e3f4054752@group-F639F1D96FC0, cid=46, SUCCESS, logIndex=68, commits[ac9f728e-9d5d-48cf-ba40-b6e3f4054752:c68, 88fea403-d5e8-4d51-b101-da5614d25495:c66, 62261920-1f74-40fd-96c9-4799b8625e12:c66]
2019-06-17 13:42:44,918 INFO  client.GrpcClientProtocolClient (GrpcClientProtocolClient.java:onNext(254)) - client-F922EFE97DBD->ac9f728e-9d5d-48cf-ba40-b6e3f4054752: receive RaftClientReply:client-F922EFE97DBD->ac9f728e-9d5d-48cf-ba40-b6e3f4054752@group-F639F1D96FC0, cid=47, SUCCESS, logIndex=69, commits[ac9f728e-9d5d-48cf-ba40-b6e3f4054752:c69, 88fea403-d5e8-4d51-b101-da5614d25495:c66, 62261920-1f74-40fd-96c9-4799b8625e12:c67]
2019-06-17 13:42:44,922 INFO  client.GrpcClientProtocolClient (GrpcClientProtocolClient.java:onNext(254)) - client-F922EFE97DBD->ac9f728e-9d5d-48cf-ba40-b6e3f4054752: receive RaftClientReply:client-F922EFE97DBD->ac9f728e-9d5d-48cf-ba40-b6e3f4054752@group-F639F1D96FC0, cid=48, SUCCESS, logIndex=0, commits[ac9f728e-9d5d-48cf-ba40-b6e3f4054752:c72, 88fea403-d5e8-4d51-b101-da5614d25495:c67, 62261920-1f74-40fd-96c9-4799b8625e12:c69]
2019-06-17 13:42:44,939 INFO  client.GrpcClientProtocolClient (GrpcClientProtocolClient.java:onNext(254)) - client-F922EFE97DBD->ac9f728e-9d5d-48cf-ba40-b6e3f4054752: receive RaftClientReply:client-F922EFE97DBD->ac9f728e-9d5d-48cf-ba40-b6e3f4054752@group-F639F1D96FC0, cid=49, SUCCESS, logIndex=73, commits[ac9f728e-9d5d-48cf-ba40-b6e3f4054752:c73, 88fea403-d5e8-4d51-b101-da5614d25495:c72, 62261920-1f74-40fd-96c9-4799b8625e12:c69]
2019-06-17 13:42:44,950 INFO  client.GrpcClientProtocolClient (GrpcClientProtocolClient.java:onNext(254)) - client-F922EFE97DBD->ac9f728e-9d5d-48cf-ba40-b6e3f4054752: receive RaftClientReply:client-F922EFE97DBD->ac9f728e-9d5d-48cf-ba40-b6e3f4054752@group-F639F1D96FC0, cid=50, SUCCESS, logIndex=75, commits[ac9f728e-9d5d-48cf-ba40-b6e3f4054752:c75, 88fea403-d5e8-4d51-b101-da5614d25495:c73, 62261920-1f74-40fd-96c9-4799b8625e12:c73]
2019-06-17 13:42:44,979 INFO  client.GrpcClientProtocolClient (GrpcClientProtocolClient.java:onNext(254)) - client-F922EFE97DBD->ac9f728e-9d5d-48cf-ba40-b6e3f4054752: receive RaftClientReply:client-F922EFE97DBD->ac9f728e-9d5d-48cf-ba40-b6e3f4054752@group-F639F1D96FC0, cid=51, SUCCESS, logIndex=77, commits[ac9f728e-9d5d-48cf-ba40-b6e3f4054752:c77, 88fea403-d5e8-4d51-b101-da5614d25495:c76, 62261920-1f74-40fd-96c9-4799b8625e12:c76]
2019-06-17 13:42:44,990 INFO  client.GrpcClientProtocolClient (GrpcClientProtocolClient.java:onNext(254)) - client-F922EFE97DBD->ac9f728e-9d5d-48cf-ba40-b6e3f4054752: receive RaftClientReply:client-F922EFE97DBD->ac9f728e-9d5d-48cf-ba40-b6e3f4054752@group-F639F1D96FC0, cid=52, SUCCESS, logIndex=79, commits[ac9f728e-9d5d-48cf-ba40-b6e3f4054752:c79, 88fea403-d5e8-4d51-b101-da5614d25495:c77, 62261920-1f74-40fd-96c9-4799b8625e12:c77]
2019-06-17 13:42:44,993 INFO  client.GrpcClientProtocolClient (GrpcClientProtocolClient.java:onNext(254)) - client-F922EFE97DBD->ac9f728e-9d5d-48cf-ba40-b6e3f4054752: receive RaftClientReply:client-F922EFE97DBD->ac9f728e-9d5d-48cf-ba40-b6e3f4054752@group-F639F1D96FC0, cid=53, SUCCESS, logIndex=0, commits[ac9f728e-9d5d-48cf-ba40-b6e3f4054752:c80, 88fea403-d5e8-4d51-b101-da5614d25495:c79, 62261920-1f74-40fd-96c9-4799b8625e12:c79]
 100.00% |█████████████████████████████████████████████████████████████████████████████████████████████████████|  1/1 Time: 0:00:04
2019-06-17 13:42:45,656 INFO  pipeline.SCMPipelineManager (SCMPipelineManager.java:finalizeAndDestroyPipeline(307)) - destroying pipeline:Pipeline[ Id: 1d65ad9e-47e4-435f-b8b8-f639f1d96fc0, Nodes: 88fea403-d5e8-4d51-b101-da5614d25495{ip: 192.168.11.196, host: ozone-unit-076618677d3448r5-3884791914, networkLocation: /default-rack, certSerialId: null}ac9f728e-9d5d-48cf-ba40-b6e3f4054752{ip: 192.168.11.196, host: ozone-unit-076618677d3448r5-3884791914, networkLocation: /default-rack, certSerialId: null}62261920-1f74-40fd-96c9-4799b8625e12{ip: 192.168.11.196, host: ozone-unit-076618677d3448r5-3884791914, networkLocation: /default-rack, certSerialId: null}, Type:RATIS, Factor:THREE, State:OPEN]
2019-06-17 13:42:45,657 INFO  pipeline.PipelineStateManager (PipelineStateManager.java:finalizePipeline(123)) - Pipeline Pipeline[ Id: 1d65ad9e-47e4-435f-b8b8-f639f1d96fc0, Nodes: 88fea403-d5e8-4d51-b101-da5614d25495{ip: 192.168.11.196, host: ozone-unit-076618677d3448r5-3884791914, networkLocation: /default-rack, certSerialId: null}ac9f728e-9d5d-48cf-ba40-b6e3f4054752{ip: 192.168.11.196, host: ozone-unit-076618677d3448r5-3884791914, networkLocation: /default-rack, certSerialId: null}62261920-1f74-40fd-96c9-4799b8625e12{ip: 192.168.11.196, host: ozone-unit-076618677d3448r5-3884791914, networkLocation: /default-rack, certSerialId: null}, Type:RATIS, Factor:THREE, State:CLOSED] moved to CLOSED state
2019-06-17 13:42:45,657 INFO  container.CloseContainerEventHandler (CloseContainerEventHandler.java:onMessage(61)) - Close container Event triggered for container : #1
2019-06-17 13:42:45,664 INFO  container.CloseContainerEventHandler (CloseContainerEventHandler.java:onMessage(61)) - Close container Event triggered for container : #2
2019-06-17 13:42:45,664 INFO  container.CloseContainerEventHandler (CloseContainerEventHandler.java:onMessage(61)) - Close container Event triggered for container : #3
2019-06-17 13:42:45,670 INFO  impl.RaftServerProxy (RaftServerProxy.java:remove(95)) - 88fea403-d5e8-4d51-b101-da5614d25495: remove FOLLOWER group-F639F1D96FC0 88fea403-d5e8-4d51-b101-da5614d25495:t1, leader=ac9f728e-9d5d-48cf-ba40-b6e3f4054752, voted=88fea403-d5e8-4d51-b101-da5614d25495, raftlog=88fea403-d5e8-4d51-b101-da5614d25495-SegmentedRaftLog:OPENED:c80,f80,i80, conf=0: [ac9f728e-9d5d-48cf-ba40-b6e3f4054752:192.168.11.196:40833, 88fea403-d5e8-4d51-b101-da5614d25495:192.168.11.196:34629, 62261920-1f74-40fd-96c9-4799b8625e12:192.168.11.196:46755], old=null RUNNING
2019-06-17 13:42:45,672 INFO  impl.RaftServerImpl (RaftServerImpl.java:lambda$shutdown$3(238)) - 88fea403-d5e8-4d51-b101-da5614d25495: shutdown group-F639F1D96FC0
2019-06-17 13:42:45,672 INFO  util.JmxRegister (JmxRegister.java:unregister(73)) - Successfully un-registered JMX Bean with object name Ratis:service=RaftServer,group=group-F639F1D96FC0,id=88fea403-d5e8-4d51-b101-da5614d25495
2019-06-17 13:42:45,672 INFO  impl.RoleInfo (RoleInfo.java:shutdownFollowerState(121)) - 88fea403-d5e8-4d51-b101-da5614d25495: shutdown FollowerState
2019-06-17 13:42:45,673 INFO  impl.StateMachineUpdater (StateMachineUpdater.java:stopAndJoin(109)) - StateMachineUpdater-88fea403-d5e8-4d51-b101-da5614d25495-group-F639F1D96FC0: set stopIndex = 80
2019-06-17 13:42:45,673 INFO  ratis.ContainerStateMachine (ContainerStateMachine.java:takeSnapshot(245)) - Taking snapshot at termIndex:(t:1, i:79)
2019-06-17 13:42:45,673 INFO  impl.FollowerState (FollowerState.java:run(109)) - 88fea403-d5e8-4d51-b101-da5614d25495: FollowerState was interrupted: java.lang.InterruptedException: sleep interrupted
2019-06-17 13:42:45,673 INFO  ratis.ContainerStateMachine (ContainerStateMachine.java:takeSnapshot(249)) - Taking a snapshot to file /opt/src/hadoop-ozone/tools/target/test-dir/MiniOzoneClusterImpl-a0a800a7-ac61-4331-a0ae-496f42b3a347/datanode-2/data/ratis/1d65ad9e-47e4-435f-b8b8-f639f1d96fc0/sm/snapshot.1_79
2019-06-17 13:42:45,680 INFO  impl.RaftServerImpl (ServerState.java:close(394)) - 88fea403-d5e8-4d51-b101-da5614d25495:group-F639F1D96FC0 closes. The last applied log index is 80
2019-06-17 13:42:45,681 INFO  storage.RaftLogWorker (RaftLogWorker.java:run(236)) - 88fea403-d5e8-4d51-b101-da5614d25495-RaftLogWorker was interrupted, exiting. There are 0 tasks remaining in the queue.
2019-06-17 13:42:45,682 INFO  storage.RaftLogWorker (RaftLogWorker.java:close(168)) - 88fea403-d5e8-4d51-b101-da5614d25495-RaftLogWorker close()
2019-06-17 13:42:45,696 INFO  impl.RaftServerProxy (RaftServerProxy.java:remove(95)) - ac9f728e-9d5d-48cf-ba40-b6e3f4054752: remove   LEADER group-F639F1D96FC0 ac9f728e-9d5d-48cf-ba40-b6e3f4054752:t1, leader=ac9f728e-9d5d-48cf-ba40-b6e3f4054752, voted=ac9f728e-9d5d-48cf-ba40-b6e3f4054752, raftlog=ac9f728e-9d5d-48cf-ba40-b6e3f4054752-SegmentedRaftLog:OPENED:c80,f80,i80, conf=0: [ac9f728e-9d5d-48cf-ba40-b6e3f4054752:192.168.11.196:40833, 88fea403-d5e8-4d51-b101-da5614d25495:192.168.11.196:34629, 62261920-1f74-40fd-96c9-4799b8625e12:192.168.11.196:46755], old=null RUNNING
2019-06-17 13:42:45,696 INFO  impl.RaftServerImpl (RaftServerImpl.java:lambda$shutdown$3(238)) - ac9f728e-9d5d-48cf-ba40-b6e3f4054752: shutdown group-F639F1D96FC0
2019-06-17 13:42:45,696 INFO  util.JmxRegister (JmxRegister.java:unregister(73)) - Successfully un-registered JMX Bean with object name Ratis:service=RaftServer,group=group-F639F1D96FC0,id=ac9f728e-9d5d-48cf-ba40-b6e3f4054752
2019-06-17 13:42:45,696 INFO  impl.RoleInfo (RoleInfo.java:shutdownLeaderState(104)) - ac9f728e-9d5d-48cf-ba40-b6e3f4054752: shutdown LeaderState
2019-06-17 13:42:45,697 INFO  impl.PendingRequests (PendingRequests.java:sendNotLeaderResponses(140)) - ac9f728e-9d5d-48cf-ba40-b6e3f4054752-PendingRequests: sendNotLeaderResponses
2019-06-17 13:42:45,697 WARN  server.GrpcLogAppender (GrpcLogAppender.java:mayWait(142)) - GrpcLogAppender(ac9f728e-9d5d-48cf-ba40-b6e3f4054752 -> 62261920-1f74-40fd-96c9-4799b8625e12): Wait interrupted by java.lang.InterruptedException
2019-06-17 13:42:45,697 WARN  server.GrpcLogAppender (GrpcLogAppender.java:mayWait(142)) - GrpcLogAppender(ac9f728e-9d5d-48cf-ba40-b6e3f4054752 -> 88fea403-d5e8-4d51-b101-da5614d25495): Wait interrupted by java.lang.InterruptedException
2019-06-17 13:42:45,700 INFO  server.GrpcServerProtocolService (GrpcServerProtocolService.java:onCompleted(104)) - 62261920-1f74-40fd-96c9-4799b8625e12: appendEntries completed
2019-06-17 13:42:45,700 INFO  server.GrpcServerProtocolService (GrpcServerProtocolService.java:onCompleted(104)) - 88fea403-d5e8-4d51-b101-da5614d25495: appendEntries completed
2019-06-17 13:42:45,700 INFO  server.GrpcLogAppender (GrpcLogAppender.java:onCompleted(277)) - ac9f728e-9d5d-48cf-ba40-b6e3f4054752: follower ac9f728e-9d5d-48cf-ba40-b6e3f4054752->62261920-1f74-40fd-96c9-4799b8625e12(c80,m80,n81, attendVote=true, lastRpcSendTime=207, lastRpcResponseTime=206) response Completed
2019-06-17 13:42:45,700 INFO  server.GrpcLogAppender (GrpcLogAppender.java:onCompleted(277)) - ac9f728e-9d5d-48cf-ba40-b6e3f4054752: follower ac9f728e-9d5d-48cf-ba40-b6e3f4054752->88fea403-d5e8-4d51-b101-da5614d25495(c80,m80,n81, attendVote=true, lastRpcSendTime=208, lastRpcResponseTime=207) response Completed
2019-06-17 13:42:45,702 INFO  impl.StateMachineUpdater (StateMachineUpdater.java:stopAndJoin(109)) - StateMachineUpdater-ac9f728e-9d5d-48cf-ba40-b6e3f4054752-group-F639F1D96FC0: set stopIndex = 80
2019-06-17 13:42:45,703 INFO  impl.FollowerInfo (FollowerInfo.java:lambda$new$0(50)) - ac9f728e-9d5d-48cf-ba40-b6e3f4054752->62261920-1f74-40fd-96c9-4799b8625e12: nextIndex: updateUnconditionally 81 -> 0
2019-06-17 13:42:45,704 INFO  ratis.ContainerStateMachine (ContainerStateMachine.java:takeSnapshot(245)) - Taking snapshot at termIndex:(t:1, i:79)
2019-06-17 13:42:45,703 INFO  impl.FollowerInfo (FollowerInfo.java:lambda$new$0(50)) - ac9f728e-9d5d-48cf-ba40-b6e3f4054752->88fea403-d5e8-4d51-b101-da5614d25495: nextIndex: updateUnconditionally 81 -> 0
2019-06-17 13:42:45,704 INFO  ratis.ContainerStateMachine (ContainerStateMachine.java:takeSnapshot(249)) - Taking a snapshot to file /opt/src/hadoop-ozone/tools/target/test-dir/MiniOzoneClusterImpl-a0a800a7-ac61-4331-a0ae-496f42b3a347/datanode-1/data/ratis/1d65ad9e-47e4-435f-b8b8-f639f1d96fc0/sm/snapshot.1_79
2019-06-17 13:42:45,705 INFO  impl.RaftServerImpl (ServerState.java:close(394)) - ac9f728e-9d5d-48cf-ba40-b6e3f4054752:group-F639F1D96FC0 closes. The last applied log index is 80
2019-06-17 13:42:45,705 INFO  storage.RaftLogWorker (RaftLogWorker.java:run(236)) - ac9f728e-9d5d-48cf-ba40-b6e3f4054752-RaftLogWorker was interrupted, exiting. There are 0 tasks remaining in the queue.
2019-06-17 13:42:45,706 INFO  storage.RaftLogWorker (RaftLogWorker.java:close(168)) - ac9f728e-9d5d-48cf-ba40-b6e3f4054752-RaftLogWorker close()
2019-06-17 13:42:45,715 INFO  impl.RaftServerProxy (RaftServerProxy.java:remove(95)) - 62261920-1f74-40fd-96c9-4799b8625e12: remove FOLLOWER group-F639F1D96FC0 62261920-1f74-40fd-96c9-4799b8625e12:t1, leader=ac9f728e-9d5d-48cf-ba40-b6e3f4054752, voted=ac9f728e-9d5d-48cf-ba40-b6e3f4054752, raftlog=62261920-1f74-40fd-96c9-4799b8625e12-SegmentedRaftLog:OPENED:c80,f80,i80, conf=0: [ac9f728e-9d5d-48cf-ba40-b6e3f4054752:192.168.11.196:40833, 88fea403-d5e8-4d51-b101-da5614d25495:192.168.11.196:34629, 62261920-1f74-40fd-96c9-4799b8625e12:192.168.11.196:46755], old=null RUNNING
2019-06-17 13:42:45,715 INFO  impl.RaftServerImpl (RaftServerImpl.java:lambda$shutdown$3(238)) - 62261920-1f74-40fd-96c9-4799b8625e12: shutdown group-F639F1D96FC0
2019-06-17 13:42:45,715 INFO  util.JmxRegister (JmxRegister.java:unregister(73)) - Successfully un-registered JMX Bean with object name Ratis:service=RaftServer,group=group-F639F1D96FC0,id=62261920-1f74-40fd-96c9-4799b8625e12
2019-06-17 13:42:45,715 INFO  impl.RoleInfo (RoleInfo.java:shutdownFollowerState(121)) - 62261920-1f74-40fd-96c9-4799b8625e12: shutdown FollowerState
2019-06-17 13:42:45,715 INFO  impl.StateMachineUpdater (StateMachineUpdater.java:stopAndJoin(109)) - StateMachineUpdater-62261920-1f74-40fd-96c9-4799b8625e12-group-F639F1D96FC0: set stopIndex = 80
2019-06-17 13:42:45,715 INFO  ratis.ContainerStateMachine (ContainerStateMachine.java:takeSnapshot(245)) - Taking snapshot at termIndex:(t:1, i:79)
2019-06-17 13:42:45,716 INFO  ratis.ContainerStateMachine (ContainerStateMachine.java:takeSnapshot(249)) - Taking a snapshot to file /opt/src/hadoop-ozone/tools/target/test-dir/MiniOzoneClusterImpl-a0a800a7-ac61-4331-a0ae-496f42b3a347/datanode-0/data/ratis/1d65ad9e-47e4-435f-b8b8-f639f1d96fc0/sm/snapshot.1_79
2019-06-17 13:42:45,716 INFO  impl.RaftServerImpl (ServerState.java:close(394)) - 62261920-1f74-40fd-96c9-4799b8625e12:group-F639F1D96FC0 closes. The last applied log index is 80
2019-06-17 13:42:45,715 INFO  impl.FollowerState (FollowerState.java:run(109)) - 62261920-1f74-40fd-96c9-4799b8625e12: FollowerState was interrupted: java.lang.InterruptedException: sleep interrupted
2019-06-17 13:42:45,717 INFO  storage.RaftLogWorker (RaftLogWorker.java:run(236)) - 62261920-1f74-40fd-96c9-4799b8625e12-RaftLogWorker was interrupted, exiting. There are 0 tasks remaining in the queue.
2019-06-17 13:42:45,718 INFO  storage.RaftLogWorker (RaftLogWorker.java:close(168)) - 62261920-1f74-40fd-96c9-4799b8625e12-RaftLogWorker close()
2019-06-17 13:42:45,721 INFO  pipeline.PipelineStateManager (PipelineStateManager.java:removePipeline(108)) - Pipeline Pipeline[ Id: 1d65ad9e-47e4-435f-b8b8-f639f1d96fc0, Nodes: 88fea403-d5e8-4d51-b101-da5614d25495{ip: 192.168.11.196, host: ozone-unit-076618677d3448r5-3884791914, networkLocation: /default-rack, certSerialId: null}ac9f728e-9d5d-48cf-ba40-b6e3f4054752{ip: 192.168.11.196, host: ozone-unit-076618677d3448r5-3884791914, networkLocation: /default-rack, certSerialId: null}62261920-1f74-40fd-96c9-4799b8625e12{ip: 192.168.11.196, host: ozone-unit-076618677d3448r5-3884791914, networkLocation: /default-rack, certSerialId: null}, Type:RATIS, Factor:THREE, State:CLOSED] removed from db
2019-06-17 13:42:45,736 INFO  impl.RaftServerProxy (RaftServerProxy.java:addNew(89)) - 62261920-1f74-40fd-96c9-4799b8625e12: addNew group-0CB5CEB499C6:[ac9f728e-9d5d-48cf-ba40-b6e3f4054752:192.168.11.196:40833, 88fea403-d5e8-4d51-b101-da5614d25495:192.168.11.196:34629, 62261920-1f74-40fd-96c9-4799b8625e12:192.168.11.196:46755] returns group-0CB5CEB499C6:java.util.concurrent.CompletableFuture@2abe1b3f[Not completed]
2019-06-17 13:42:45,737 INFO  impl.RaftServerImpl (RaftServerImpl.java:<init>(91)) - 88fea403-d5e8-4d51-b101-da5614d25495: new RaftServerImpl for group-0CB5CEB499C6:[ac9f728e-9d5d-48cf-ba40-b6e3f4054752:192.168.11.196:40833, 88fea403-d5e8-4d51-b101-da5614d25495:192.168.11.196:34629, 62261920-1f74-40fd-96c9-4799b8625e12:192.168.11.196:46755] with ContainerStateMachine:uninitialized
2019-06-17 13:42:45,739 INFO  impl.RaftServerProxy (RaftServerProxy.java:addNew(89)) - ac9f728e-9d5d-48cf-ba40-b6e3f4054752: addNew group-0CB5CEB499C6:[ac9f728e-9d5d-48cf-ba40-b6e3f4054752:192.168.11.196:40833, 88fea403-d5e8-4d51-b101-da5614d25495:192.168.11.196:34629, 62261920-1f74-40fd-96c9-4799b8625e12:192.168.11.196:46755] returns group-0CB5CEB499C6:java.util.concurrent.CompletableFuture@396b843[Not completed]
2019-06-17 13:42:45,737 INFO  impl.RaftServerProxy (RaftServerProxy.java:addNew(89)) - 88fea403-d5e8-4d51-b101-da5614d25495: addNew group-0CB5CEB499C6:[ac9f728e-9d5d-48cf-ba40-b6e3f4054752:192.168.11.196:40833, 88fea403-d5e8-4d51-b101-da5614d25495:192.168.11.196:34629, 62261920-1f74-40fd-96c9-4799b8625e12:192.168.11.196:46755] returns group-0CB5CEB499C6:java.util.concurrent.CompletableFuture@42cd8821[Not completed]
2019-06-17 13:42:45,739 INFO  server.RaftServerConfigKeys (ConfUtils.java:logGet(43)) - raft.server.rpc.timeout.min = 1s (custom)
2019-06-17 13:42:45,740 INFO  server.RaftServerConfigKeys (ConfUtils.java:logGet(43)) - raft.server.rpc.timeout.max = 1200ms (custom)
2019-06-17 13:42:45,740 INFO  server.RaftServerConfigKeys (ConfUtils.java:logGet(43)) - raft.server.rpcslowness.timeout = 120s (custom)
2019-06-17 13:42:45,740 INFO  server.RaftServerConfigKeys (ConfUtils.java:logGet(43)) - raft.server.log.appender.install.snapshot.enabled = true (default)
2019-06-17 13:42:45,740 INFO  impl.RaftServerImpl (ServerState.java:<init>(101)) - 88fea403-d5e8-4d51-b101-da5614d25495:group-0CB5CEB499C6 ConfigurationManager, init=-1: [ac9f728e-9d5d-48cf-ba40-b6e3f4054752:192.168.11.196:40833, 88fea403-d5e8-4d51-b101-da5614d25495:192.168.11.196:34629, 62261920-1f74-40fd-96c9-4799b8625e12:192.168.11.196:46755], old=null, confs=<EMPTY_MAP>
2019-06-17 13:42:45,740 INFO  server.RaftServerConfigKeys (ConfUtils.java:logGet(43)) - raft.server.storage.dir = [/opt/src/hadoop-ozone/tools/target/test-dir/MiniOzoneClusterImpl-a0a800a7-ac61-4331-a0ae-496f42b3a347/datanode-2/data/ratis] (custom)
2019-06-17 13:42:45,740 INFO  storage.RaftStorageDirectory (RaftStorageDirectory.java:analyzeStorage(246)) - The storage directory /opt/src/hadoop-ozone/tools/target/test-dir/MiniOzoneClusterImpl-a0a800a7-ac61-4331-a0ae-496f42b3a347/datanode-2/data/ratis/85d0940f-54e6-494d-9a33-0cb5ceb499c6 does not exist. Creating ...
2019-06-17 13:42:45,738 INFO  impl.RaftServerImpl (RaftServerImpl.java:<init>(91)) - 62261920-1f74-40fd-96c9-4799b8625e12: new RaftServerImpl for group-0CB5CEB499C6:[ac9f728e-9d5d-48cf-ba40-b6e3f4054752:192.168.11.196:40833, 88fea403-d5e8-4d51-b101-da5614d25495:192.168.11.196:34629, 62261920-1f74-40fd-96c9-4799b8625e12:192.168.11.196:46755] with ContainerStateMachine:uninitialized
2019-06-17 13:42:45,740 INFO  impl.RaftServerImpl (RaftServerImpl.java:<init>(91)) - ac9f728e-9d5d-48cf-ba40-b6e3f4054752: new RaftServerImpl for group-0CB5CEB499C6:[ac9f728e-9d5d-48cf-ba40-b6e3f4054752:192.168.11.196:40833, 88fea403-d5e8-4d51-b101-da5614d25495:192.168.11.196:34629, 62261920-1f74-40fd-96c9-4799b8625e12:192.168.11.196:46755] with ContainerStateMachine:uninitialized
2019-06-17 13:42:45,741 INFO  server.RaftServerConfigKeys (ConfUtils.java:logGet(43)) - raft.server.rpc.timeout.min = 1s (custom)
2019-06-17 13:42:45,741 INFO  server.RaftServerConfigKeys (ConfUtils.java:logGet(43)) - raft.server.rpc.timeout.max = 1200ms (custom)
2019-06-17 13:42:45,741 INFO  server.RaftServerConfigKeys (ConfUtils.java:logGet(43)) - raft.server.rpcslowness.timeout = 120s (custom)
2019-06-17 13:42:45,741 INFO  server.RaftServerConfigKeys (ConfUtils.java:logGet(43)) - raft.server.log.appender.install.snapshot.enabled = true (default)
2019-06-17 13:42:45,741 INFO  impl.RaftServerImpl (ServerState.java:<init>(101)) - 62261920-1f74-40fd-96c9-4799b8625e12:group-0CB5CEB499C6 ConfigurationManager, init=-1: [ac9f728e-9d5d-48cf-ba40-b6e3f4054752:192.168.11.196:40833, 88fea403-d5e8-4d51-b101-da5614d25495:192.168.11.196:34629, 62261920-1f74-40fd-96c9-4799b8625e12:192.168.11.196:46755], old=null, confs=<EMPTY_MAP>
2019-06-17 13:42:45,741 INFO  server.RaftServerConfigKeys (ConfUtils.java:logGet(43)) - raft.server.storage.dir = [/opt/src/hadoop-ozone/tools/target/test-dir/MiniOzoneClusterImpl-a0a800a7-ac61-4331-a0ae-496f42b3a347/datanode-0/data/ratis] (custom)
2019-06-17 13:42:45,741 INFO  server.RaftServerConfigKeys (ConfUtils.java:logGet(43)) - raft.server.rpc.timeout.min = 1s (custom)
2019-06-17 13:42:45,742 INFO  server.RaftServerConfigKeys (ConfUtils.java:logGet(43)) - raft.server.rpc.timeout.max = 1200ms (custom)
2019-06-17 13:42:45,742 INFO  server.RaftServerConfigKeys (ConfUtils.java:logGet(43)) - raft.server.rpcslowness.timeout = 120s (custom)
2019-06-17 13:42:45,742 INFO  server.RaftServerConfigKeys (ConfUtils.java:logGet(43)) - raft.server.log.appender.install.snapshot.enabled = true (default)
2019-06-17 13:42:45,742 INFO  impl.RaftServerImpl (ServerState.java:<init>(101)) - ac9f728e-9d5d-48cf-ba40-b6e3f4054752:group-0CB5CEB499C6 ConfigurationManager, init=-1: [ac9f728e-9d5d-48cf-ba40-b6e3f4054752:192.168.11.196:40833, 88fea403-d5e8-4d51-b101-da5614d25495:192.168.11.196:34629, 62261920-1f74-40fd-96c9-4799b8625e12:192.168.11.196:46755], old=null, confs=<EMPTY_MAP>
2019-06-17 13:42:45,742 INFO  server.RaftServerConfigKeys (ConfUtils.java:logGet(43)) - raft.server.storage.dir = [/opt/src/hadoop-ozone/tools/target/test-dir/MiniOzoneClusterImpl-a0a800a7-ac61-4331-a0ae-496f42b3a347/datanode-1/data/ratis] (custom)
2019-06-17 13:42:45,743 INFO  storage.RaftStorageDirectory (RaftStorageDirectory.java:analyzeStorage(246)) - The storage directory /opt/src/hadoop-ozone/tools/target/test-dir/MiniOzoneClusterImpl-a0a800a7-ac61-4331-a0ae-496f42b3a347/datanode-0/data/ratis/85d0940f-54e6-494d-9a33-0cb5ceb499c6 does not exist. Creating ...
2019-06-17 13:42:45,743 INFO  storage.RaftStorageDirectory (RaftStorageDirectory.java:tryLock(328)) - Lock on /opt/src/hadoop-ozone/tools/target/test-dir/MiniOzoneClusterImpl-a0a800a7-ac61-4331-a0ae-496f42b3a347/datanode-2/data/ratis/85d0940f-54e6-494d-9a33-0cb5ceb499c6/in_use.lock acquired by nodename 18135@ozone-unit-076618677d3448r5-3884791914
2019-06-17 13:42:45,743 INFO  storage.RaftStorageDirectory (RaftStorageDirectory.java:analyzeStorage(246)) - The storage directory /opt/src/hadoop-ozone/tools/target/test-dir/MiniOzoneClusterImpl-a0a800a7-ac61-4331-a0ae-496f42b3a347/datanode-1/data/ratis/85d0940f-54e6-494d-9a33-0cb5ceb499c6 does not exist. Creating ...
2019-06-17 13:42:45,745 INFO  storage.RaftStorageDirectory (RaftStorageDirectory.java:tryLock(328)) - Lock on /opt/src/hadoop-ozone/tools/target/test-dir/MiniOzoneClusterImpl-a0a800a7-ac61-4331-a0ae-496f42b3a347/datanode-0/data/ratis/85d0940f-54e6-494d-9a33-0cb5ceb499c6/in_use.lock acquired by nodename 18135@ozone-unit-076618677d3448r5-3884791914
2019-06-17 13:42:45,745 INFO  storage.RaftStorageDirectory (RaftStorageDirectory.java:tryLock(328)) - Lock on /opt/src/hadoop-ozone/tools/target/test-dir/MiniOzoneClusterImpl-a0a800a7-ac61-4331-a0ae-496f42b3a347/datanode-1/data/ratis/85d0940f-54e6-494d-9a33-0cb5ceb499c6/in_use.lock acquired by nodename 18135@ozone-unit-076618677d3448r5-3884791914
2019-06-17 13:42:45,746 INFO  storage.RaftStorage (RaftStorage.java:format(75)) - Storage directory /opt/src/hadoop-ozone/tools/target/test-dir/MiniOzoneClusterImpl-a0a800a7-ac61-4331-a0ae-496f42b3a347/datanode-2/data/ratis/85d0940f-54e6-494d-9a33-0cb5ceb499c6 has been successfully formatted.
2019-06-17 13:42:45,746 INFO  ratis.ContainerStateMachine (ContainerStateMachine.java:loadSnapshot(199)) - The snapshot info is null.Setting the last applied index to:(t:0, i:~)
2019-06-17 13:42:45,746 INFO  server.RaftServerConfigKeys (ConfUtils.java:logGet(43)) - raft.server.leader.election.timeout = 120s (custom)
2019-06-17 13:42:45,747 INFO  server.RaftServerConfigKeys (ConfUtils.java:logGet(43)) - raft.server.log.use.memory = false (default)
2019-06-17 13:42:45,747 INFO  server.RaftServerConfigKeys (ConfUtils.java:logGet(43)) - raft.server.log.appender.buffer.byte-limit = 33554432 (custom)
2019-06-17 13:42:45,747 INFO  server.RaftServerConfigKeys (ConfUtils.java:logGet(43)) - raft.server.log.segment.size.max = 16384 (custom)
2019-06-17 13:42:45,747 INFO  server.RaftServerConfigKeys (ConfUtils.java:logGet(43)) - raft.server.log.segment.cache.num.max = 2 (custom)
2019-06-17 13:42:45,747 INFO  storage.RaftLogWorker (RaftLogWorker.java:<init>(123)) - new 88fea403-d5e8-4d51-b101-da5614d25495-RaftLogWorker for Storage Directory /opt/src/hadoop-ozone/tools/target/test-dir/MiniOzoneClusterImpl-a0a800a7-ac61-4331-a0ae-496f42b3a347/datanode-2/data/ratis/85d0940f-54e6-494d-9a33-0cb5ceb499c6
2019-06-17 13:42:45,747 INFO  server.RaftServerConfigKeys (ConfUtils.java:logGet(43)) - raft.server.log.queue.byte-limit = 2147483647 (custom)
2019-06-17 13:42:45,747 INFO  server.RaftServerConfigKeys (ConfUtils.java:logGet(43)) - raft.server.log.queue.element-limit = 1024 (custom)
2019-06-17 13:42:45,748 INFO  server.RaftServerConfigKeys (ConfUtils.java:logGet(43)) - raft.server.log.segment.size.max = 16384 (custom)
2019-06-17 13:42:45,748 INFO  storage.RaftStorage (RaftStorage.java:format(75)) - Storage directory /opt/src/hadoop-ozone/tools/target/test-dir/MiniOzoneClusterImpl-a0a800a7-ac61-4331-a0ae-496f42b3a347/datanode-0/data/ratis/85d0940f-54e6-494d-9a33-0cb5ceb499c6 has been successfully formatted.
2019-06-17 13:42:45,748 INFO  ratis.ContainerStateMachine (ContainerStateMachine.java:loadSnapshot(199)) - The snapshot info is null.Setting the last applied index to:(t:0, i:~)
2019-06-17 13:42:45,748 INFO  server.RaftServerConfigKeys (ConfUtils.java:logGet(43)) - raft.server.leader.election.timeout = 120s (custom)
2019-06-17 13:42:45,748 INFO  server.RaftServerConfigKeys (ConfUtils.java:logGet(43)) - raft.server.log.use.memory = false (default)
2019-06-17 13:42:45,748 INFO  server.RaftServerConfigKeys (ConfUtils.java:logGet(43)) - raft.server.log.appender.buffer.byte-limit = 33554432 (custom)
2019-06-17 13:42:45,748 INFO  server.RaftServerConfigKeys (ConfUtils.java:logGet(43)) - raft.server.log.segment.size.max = 16384 (custom)
2019-06-17 13:42:45,748 INFO  server.RaftServerConfigKeys (ConfUtils.java:logGet(43)) - raft.server.log.segment.cache.num.max = 2 (custom)
2019-06-17 13:42:45,749 INFO  storage.RaftLogWorker (RaftLogWorker.java:<init>(123)) - new 62261920-1f74-40fd-96c9-4799b8625e12-RaftLogWorker for Storage Directory /opt/src/hadoop-ozone/tools/target/test-dir/MiniOzoneClusterImpl-a0a800a7-ac61-4331-a0ae-496f42b3a347/datanode-0/data/ratis/85d0940f-54e6-494d-9a33-0cb5ceb499c6
2019-06-17 13:42:45,749 INFO  server.RaftServerConfigKeys (ConfUtils.java:logGet(43)) - raft.server.log.queue.byte-limit = 2147483647 (custom)
2019-06-17 13:42:45,749 INFO  server.RaftServerConfigKeys (ConfUtils.java:logGet(43)) - raft.server.log.queue.element-limit = 1024 (custom)
2019-06-17 13:42:45,749 INFO  server.RaftServerConfigKeys (ConfUtils.java:logGet(43)) - raft.server.log.segment.size.max = 16384 (custom)
2019-06-17 13:42:45,749 INFO  server.RaftServerConfigKeys (ConfUtils.java:logGet(43)) - raft.server.log.preallocated.size = 16384 (custom)
2019-06-17 13:42:45,749 INFO  server.RaftServerConfigKeys (ConfUtils.java:logGet(43)) - raft.server.log.write.buffer.size = 33554432 (custom)
2019-06-17 13:42:45,749 INFO  server.RaftServerConfigKeys (ConfUtils.java:logGet(43)) - raft.server.log.force.sync.num = 128 (default)
2019-06-17 13:42:45,749 INFO  server.RaftServerConfigKeys (ConfUtils.java:logGet(43)) - raft.server.log.statemachine.data.sync = true (default)
2019-06-17 13:42:45,749 INFO  server.RaftServerConfigKeys (ConfUtils.java:logGet(43)) - raft.server.log.statemachine.data.sync.timeout = 10s (default)
2019-06-17 13:42:45,749 INFO  server.RaftServerConfigKeys (ConfUtils.java:logGet(43)) - raft.server.log.statemachine.data.sync.timeout.retry = -1 (default)
2019-06-17 13:42:45,750 INFO  server.RaftServerConfigKeys (ConfUtils.java:logGet(43)) - raft.server.log.statemachine.data.caching.enabled = true (custom)
2019-06-17 13:42:45,748 INFO  storage.RaftStorage (RaftStorage.java:format(75)) - Storage directory /opt/src/hadoop-ozone/tools/target/test-dir/MiniOzoneClusterImpl-a0a800a7-ac61-4331-a0ae-496f42b3a347/datanode-1/data/ratis/85d0940f-54e6-494d-9a33-0cb5ceb499c6 has been successfully formatted.
2019-06-17 13:42:45,750 INFO  ratis.ContainerStateMachine (ContainerStateMachine.java:loadSnapshot(199)) - The snapshot info is null.Setting the last applied index to:(t:0, i:~)
2019-06-17 13:42:45,750 INFO  server.RaftServerConfigKeys (ConfUtils.java:logGet(43)) - raft.server.leader.election.timeout = 120s (custom)
2019-06-17 13:42:45,750 INFO  server.RaftServerConfigKeys (ConfUtils.java:logGet(43)) - raft.server.log.use.memory = false (default)
2019-06-17 13:42:45,750 INFO  server.RaftServerConfigKeys (ConfUtils.java:logGet(43)) - raft.server.log.appender.buffer.byte-limit = 33554432 (custom)
2019-06-17 13:42:45,750 INFO  server.RaftServerConfigKeys (ConfUtils.java:logGet(43)) - raft.server.log.segment.size.max = 16384 (custom)
2019-06-17 13:42:45,751 INFO  server.RaftServerConfigKeys (ConfUtils.java:logGet(43)) - raft.server.log.segment.cache.num.max = 2 (custom)
2019-06-17 13:42:45,751 INFO  storage.RaftLogWorker (RaftLogWorker.java:<init>(123)) - new ac9f728e-9d5d-48cf-ba40-b6e3f4054752-RaftLogWorker for Storage Directory /opt/src/hadoop-ozone/tools/target/test-dir/MiniOzoneClusterImpl-a0a800a7-ac61-4331-a0ae-496f42b3a347/datanode-1/data/ratis/85d0940f-54e6-494d-9a33-0cb5ceb499c6
2019-06-17 13:42:45,751 INFO  server.RaftServerConfigKeys (ConfUtils.java:logGet(43)) - raft.server.log.queue.byte-limit = 2147483647 (custom)
2019-06-17 13:42:45,751 INFO  server.RaftServerConfigKeys (ConfUtils.java:logGet(43)) - raft.server.log.queue.element-limit = 1024 (custom)
2019-06-17 13:42:45,751 INFO  server.RaftServerConfigKeys (ConfUtils.java:logGet(43)) - raft.server.log.segment.size.max = 16384 (custom)
2019-06-17 13:42:45,751 INFO  server.RaftServerConfigKeys (ConfUtils.java:logGet(43)) - raft.server.log.preallocated.size = 16384 (custom)
2019-06-17 13:42:45,751 INFO  server.RaftServerConfigKeys (ConfUtils.java:logGet(43)) - raft.server.log.write.buffer.size = 33554432 (custom)
2019-06-17 13:42:45,751 INFO  server.RaftServerConfigKeys (ConfUtils.java:logGet(43)) - raft.server.log.force.sync.num = 128 (default)
2019-06-17 13:42:45,751 INFO  server.RaftServerConfigKeys (ConfUtils.java:logGet(43)) - raft.server.log.statemachine.data.sync = true (default)
2019-06-17 13:42:45,752 INFO  server.RaftServerConfigKeys (ConfUtils.java:logGet(43)) - raft.server.log.statemachine.data.sync.timeout = 10s (default)
2019-06-17 13:42:45,752 INFO  server.RaftServerConfigKeys (ConfUtils.java:logGet(43)) - raft.server.log.statemachine.data.sync.timeout.retry = -1 (default)
2019-06-17 13:42:45,752 INFO  server.RaftServerConfigKeys (ConfUtils.java:logGet(43)) - raft.server.log.preallocated.size = 16384 (custom)
2019-06-17 13:42:45,752 INFO  server.RaftServerConfigKeys (ConfUtils.java:logGet(43)) - raft.server.log.write.buffer.size = 33554432 (custom)
2019-06-17 13:42:45,752 INFO  server.RaftServerConfigKeys (ConfUtils.java:logGet(43)) - raft.server.log.force.sync.num = 128 (default)
2019-06-17 13:42:45,752 INFO  server.RaftServerConfigKeys (ConfUtils.java:logGet(43)) - raft.server.log.statemachine.data.sync = true (default)
2019-06-17 13:42:45,752 INFO  server.RaftServerConfigKeys (ConfUtils.java:logGet(43)) - raft.server.log.statemachine.data.sync.timeout = 10s (default)
2019-06-17 13:42:45,752 INFO  server.RaftServerConfigKeys (ConfUtils.java:logGet(43)) - raft.server.log.statemachine.data.sync.timeout.retry = -1 (default)
2019-06-17 13:42:45,755 INFO  server.RaftServerConfigKeys (ConfUtils.java:logGet(43)) - raft.server.log.statemachine.data.caching.enabled = true (custom)
2019-06-17 13:42:45,755 INFO  server.RaftServerConfigKeys (ConfUtils.java:logGet(43)) - raft.server.snapshot.auto.trigger.enabled = true (custom)
2019-06-17 13:42:45,755 INFO  server.RaftServerConfigKeys (ConfUtils.java:logGet(43)) - raft.server.snapshot.auto.trigger.threshold = 10000 (custom)
2019-06-17 13:42:45,755 INFO  server.RaftServerConfigKeys (ConfUtils.java:logGet(43)) - raft.server.log.statemachine.data.caching.enabled = true (custom)
2019-06-17 13:42:45,759 INFO  server.RaftServerConfigKeys (ConfUtils.java:logGet(43)) - raft.server.snapshot.auto.trigger.enabled = true (custom)
2019-06-17 13:42:45,759 INFO  server.RaftServerConfigKeys (ConfUtils.java:logGet(43)) - raft.server.snapshot.auto.trigger.threshold = 10000 (custom)
2019-06-17 13:42:45,763 INFO  server.RaftServerConfigKeys (ConfUtils.java:logGet(43)) - raft.server.snapshot.auto.trigger.enabled = true (custom)
2019-06-17 13:42:45,763 INFO  server.RaftServerConfigKeys (ConfUtils.java:logGet(43)) - raft.server.retrycache.expirytime = 600000ms (custom)
2019-06-17 13:42:45,763 INFO  impl.RaftServerImpl (RaftServerImpl.java:start(173)) - 88fea403-d5e8-4d51-b101-da5614d25495: start group-0CB5CEB499C6
2019-06-17 13:42:45,763 INFO  impl.RaftServerImpl (RaftServerImpl.java:setRole(164)) - 88fea403-d5e8-4d51-b101-da5614d25495:group-0CB5CEB499C6 changes role from null to FOLLOWER at term 0 for startAsFollower
2019-06-17 13:42:45,763 INFO  impl.RoleInfo (RoleInfo.java:updateAndGet(143)) - 88fea403-d5e8-4d51-b101-da5614d25495: start FollowerState
2019-06-17 13:42:45,763 INFO  server.RaftServerConfigKeys (ConfUtils.java:logGet(43)) - raft.server.retrycache.expirytime = 600000ms (custom)
2019-06-17 13:42:45,763 INFO  server.RaftServerConfigKeys (ConfUtils.java:logGet(43)) - raft.server.snapshot.auto.trigger.threshold = 10000 (custom)
2019-06-17 13:42:45,763 INFO  impl.RaftServerImpl (RaftServerImpl.java:start(173)) - 62261920-1f74-40fd-96c9-4799b8625e12: start group-0CB5CEB499C6
2019-06-17 13:42:45,764 INFO  server.RaftServerConfigKeys (ConfUtils.java:logGet(43)) - raft.server.retrycache.expirytime = 600000ms (custom)
2019-06-17 13:42:45,764 INFO  impl.RaftServerImpl (RaftServerImpl.java:setRole(164)) - 62261920-1f74-40fd-96c9-4799b8625e12:group-0CB5CEB499C6 changes role from null to FOLLOWER at term 0 for startAsFollower
2019-06-17 13:42:45,764 INFO  impl.RaftServerImpl (RaftServerImpl.java:start(173)) - ac9f728e-9d5d-48cf-ba40-b6e3f4054752: start group-0CB5CEB499C6
2019-06-17 13:42:45,764 INFO  impl.RoleInfo (RoleInfo.java:updateAndGet(143)) - 62261920-1f74-40fd-96c9-4799b8625e12: start FollowerState
2019-06-17 13:42:45,764 INFO  impl.RaftServerImpl (RaftServerImpl.java:setRole(164)) - ac9f728e-9d5d-48cf-ba40-b6e3f4054752:group-0CB5CEB499C6 changes role from null to FOLLOWER at term 0 for startAsFollower
2019-06-17 13:42:45,764 INFO  util.JmxRegister (JmxRegister.java:tryRegister(44)) - Successfully registered JMX Bean with object name Ratis:service=RaftServer,group=group-0CB5CEB499C6,id=88fea403-d5e8-4d51-b101-da5614d25495
2019-06-17 13:42:45,767 INFO  util.JmxRegister (JmxRegister.java:tryRegister(44)) - Successfully registered JMX Bean with object name Ratis:service=RaftServer,group=group-0CB5CEB499C6,id=62261920-1f74-40fd-96c9-4799b8625e12
2019-06-17 13:42:45,770 INFO  impl.RoleInfo (RoleInfo.java:updateAndGet(143)) - ac9f728e-9d5d-48cf-ba40-b6e3f4054752: start FollowerState
2019-06-17 13:42:45,771 INFO  util.JmxRegister (JmxRegister.java:tryRegister(44)) - Successfully registered JMX Bean with object name Ratis:service=RaftServer,group=group-0CB5CEB499C6,id=ac9f728e-9d5d-48cf-ba40-b6e3f4054752
2019-06-17 13:42:45,786 INFO  pipeline.PipelineStateManager (PipelineStateManager.java:addPipeline(56)) - Created pipeline Pipeline[ Id: 85d0940f-54e6-494d-9a33-0cb5ceb499c6, Nodes: 88fea403-d5e8-4d51-b101-da5614d25495{ip: 192.168.11.196, host: ozone-unit-076618677d3448r5-3884791914, networkLocation: /default-rack, certSerialId: null}ac9f728e-9d5d-48cf-ba40-b6e3f4054752{ip: 192.168.11.196, host: ozone-unit-076618677d3448r5-3884791914, networkLocation: /default-rack, certSerialId: null}62261920-1f74-40fd-96c9-4799b8625e12{ip: 192.168.11.196, host: ozone-unit-076618677d3448r5-3884791914, networkLocation: /default-rack, certSerialId: null}, Type:RATIS, Factor:THREE, State:OPEN]
2019-06-17 13:42:45,799 INFO  freon.RandomKeyGenerator (RandomKeyGenerator.java:call(261)) - Number of Threads: 10
2019-06-17 13:42:45,799 INFO  freon.RandomKeyGenerator (RandomKeyGenerator.java:call(267)) - Number of Volumes: 1.
2019-06-17 13:42:45,799 INFO  freon.RandomKeyGenerator (RandomKeyGenerator.java:call(268)) - Number of Buckets per Volume: 1.
2019-06-17 13:42:45,799 INFO  freon.RandomKeyGenerator (RandomKeyGenerator.java:call(269)) - Number of Keys per Bucket: 1.
2019-06-17 13:42:45,799 INFO  freon.RandomKeyGenerator (RandomKeyGenerator.java:call(270)) - Key size: 20971520 bytes
2019-06-17 13:42:45,799 INFO  freon.RandomKeyGenerator (RandomKeyGenerator.java:call(271)) - Buffer size: 4096 bytes
2019-06-17 13:42:45,799 INFO  freon.RandomKeyGenerator (RandomKeyGenerator.java:call(287)) - Data validation is enabled.
2019-06-17 13:42:45,800 INFO  freon.RandomKeyGenerator (RandomKeyGenerator.java:call(300)) - Starting progress bar Thread.

 0.00% |█                                                                                                    |  0/1 Time: 0:00:002019-06-17 13:42:45,800 INFO  rpc.RpcClient (RpcClient.java:createVolume(289)) - Creating Volume: vol-0-01200, with jenkins1000 as owner.
2019-06-17 13:42:45,805 INFO  rpc.RpcClient (RpcClient.java:createBucket(426)) - Creating Bucket: vol-0-01200/bucket-0-75966, with Versioning false and Storage Type set to DISK and Encryption set to false 
2019-06-17 13:42:45,830 INFO  client.GrpcClientProtocolClient (GrpcClientProtocolClient.java:onNext(254)) - client-E7D76148B89F->88fea403-d5e8-4d51-b101-da5614d25495: receive RaftClientReply:client-E7D76148B89F->88fea403-d5e8-4d51-b101-da5614d25495@group-0CB5CEB499C6, cid=60, FAILED org.apache.ratis.protocol.NotLeaderException: Server 88fea403-d5e8-4d51-b101-da5614d25495 is not the leader (ac9f728e-9d5d-48cf-ba40-b6e3f4054752:192.168.11.196:40833). Request must be sent to leader., logIndex=0, commits[88fea403-d5e8-4d51-b101-da5614d25495:c-1]
2019-06-17 13:42:45,833 WARN  client.GrpcClientProtocolService (LogUtils.java:warn(134)) - 1-OrderedRequestStreamObserver1: onError: org.apache.ratis.thirdparty.io.grpc.StatusRuntimeException: CANCELLED: cancelled before receiving half close
2019-06-17 13:42:46,797 INFO  impl.FollowerState (FollowerState.java:run(101)) - 88fea403-d5e8-4d51-b101-da5614d25495:group-0CB5CEB499C6 changes to CANDIDATE, lastRpcTime:1034, electionTimeout:1033ms
2019-06-17 13:42:46,799 INFO  impl.RoleInfo (RoleInfo.java:shutdownFollowerState(121)) - 88fea403-d5e8-4d51-b101-da5614d25495: shutdown FollowerState
2019-06-17 13:42:46,799 INFO  impl.RaftServerImpl (RaftServerImpl.java:setRole(164)) - 88fea403-d5e8-4d51-b101-da5614d25495:group-0CB5CEB499C6 changes role from FOLLOWER to CANDIDATE at term 0 for changeToCandidate
2019-06-17 13:42:46,799 INFO  impl.RoleInfo (RoleInfo.java:updateAndGet(143)) - 88fea403-d5e8-4d51-b101-da5614d25495: start LeaderElection
 0.00% |█                                                                                                    |  0/1 Time: 0:00:012019-06-17 13:42:46,802 INFO  impl.LeaderElection (LeaderElection.java:askForVotes(181)) - 88fea403-d5e8-4d51-b101-da5614d25495:group-0CB5CEB499C6:LeaderElection6: begin an election at term 1 for -1: [ac9f728e-9d5d-48cf-ba40-b6e3f4054752:192.168.11.196:40833, 88fea403-d5e8-4d51-b101-da5614d25495:192.168.11.196:34629, 62261920-1f74-40fd-96c9-4799b8625e12:192.168.11.196:46755], old=null
2019-06-17 13:42:46,805 INFO  impl.RaftServerImpl (RaftServerImpl.java:setRole(164)) - 62261920-1f74-40fd-96c9-4799b8625e12:group-0CB5CEB499C6 changes role from FOLLOWER to FOLLOWER at term 1 for recognizeCandidate:88fea403-d5e8-4d51-b101-da5614d25495
2019-06-17 13:42:46,806 INFO  impl.RaftServerImpl (RaftServerImpl.java:setRole(164)) - ac9f728e-9d5d-48cf-ba40-b6e3f4054752:group-0CB5CEB499C6 changes role from FOLLOWER to FOLLOWER at term 1 for recognizeCandidate:88fea403-d5e8-4d51-b101-da5614d25495
2019-06-17 13:42:46,806 INFO  impl.RoleInfo (RoleInfo.java:shutdownFollowerState(121)) - ac9f728e-9d5d-48cf-ba40-b6e3f4054752: shutdown FollowerState
2019-06-17 13:42:46,806 INFO  impl.RoleInfo (RoleInfo.java:updateAndGet(143)) - ac9f728e-9d5d-48cf-ba40-b6e3f4054752: start FollowerState
2019-06-17 13:42:46,806 INFO  impl.RoleInfo (RoleInfo.java:shutdownFollowerState(121)) - 62261920-1f74-40fd-96c9-4799b8625e12: shutdown FollowerState
2019-06-17 13:42:46,806 INFO  impl.FollowerState (FollowerState.java:run(109)) - ac9f728e-9d5d-48cf-ba40-b6e3f4054752: FollowerState was interrupted: java.lang.InterruptedException: sleep interrupted
2019-06-17 13:42:46,811 INFO  impl.RoleInfo (RoleInfo.java:updateAndGet(143)) - 62261920-1f74-40fd-96c9-4799b8625e12: start FollowerState
2019-06-17 13:42:46,811 INFO  impl.FollowerState (FollowerState.java:run(109)) - 62261920-1f74-40fd-96c9-4799b8625e12: FollowerState was interrupted: java.lang.InterruptedException: sleep interrupted
2019-06-17 13:42:46,814 INFO  impl.LeaderElection (LeaderElection.java:logAndReturn(56)) - 88fea403-d5e8-4d51-b101-da5614d25495:group-0CB5CEB499C6:LeaderElection6: Election PASSED; received 1 response(s) [88fea403-d5e8-4d51-b101-da5614d25495->ac9f728e-9d5d-48cf-ba40-b6e3f4054752,true-t1] and 0 exception(s); 88fea403-d5e8-4d51-b101-da5614d25495:t1, leader=null, voted=88fea403-d5e8-4d51-b101-da5614d25495, raftlog=88fea403-d5e8-4d51-b101-da5614d25495-SegmentedRaftLog:OPENED:c-1,f-1,i0, conf=-1: [ac9f728e-9d5d-48cf-ba40-b6e3f4054752:192.168.11.196:40833, 88fea403-d5e8-4d51-b101-da5614d25495:192.168.11.196:34629, 62261920-1f74-40fd-96c9-4799b8625e12:192.168.11.196:46755], old=null
2019-06-17 13:42:46,814 INFO  impl.RoleInfo (RoleInfo.java:shutdownLeaderElection(134)) - 88fea403-d5e8-4d51-b101-da5614d25495: shutdown LeaderElection
2019-06-17 13:42:46,815 INFO  impl.RaftServerImpl (RaftServerImpl.java:setRole(164)) - 88fea403-d5e8-4d51-b101-da5614d25495:group-0CB5CEB499C6 changes role from CANDIDATE to LEADER at term 1 for changeToLeader
2019-06-17 13:42:46,815 INFO  impl.RaftServerImpl (ServerState.java:setLeader(263)) - 88fea403-d5e8-4d51-b101-da5614d25495:group-0CB5CEB499C6 change Leader from null to 88fea403-d5e8-4d51-b101-da5614d25495 at term 1 for becomeLeader, leader elected after 1068ms
2019-06-17 13:42:46,815 INFO  server.RaftServerConfigKeys (ConfUtils.java:logGet(43)) - raft.server.staging.catchup.gap = 1000 (default)
2019-06-17 13:42:46,815 INFO  server.RaftServerConfigKeys (ConfUtils.java:logGet(43)) - raft.server.rpc.sleep.time = 25ms (default)
2019-06-17 13:42:46,815 INFO  server.RaftServerConfigKeys (ConfUtils.java:logGet(43)) - raft.server.watch.timeout = 10s (default)
2019-06-17 13:42:46,815 INFO  server.RaftServerConfigKeys (ConfUtils.java:logGet(43)) - raft.server.watch.timeout.denomination = 1s (default)
2019-06-17 13:42:46,816 INFO  server.RaftServerConfigKeys (ConfUtils.java:logGet(43)) - raft.server.log.appender.snapshot.chunk.size.max = 16MB (=16777216) (default)
2019-06-17 13:42:46,816 INFO  server.RaftServerConfigKeys (ConfUtils.java:logGet(43)) - raft.server.log.appender.buffer.byte-limit = 33554432 (custom)
2019-06-17 13:42:46,816 INFO  server.RaftServerConfigKeys (ConfUtils.java:logGet(43)) - raft.server.log.appender.buffer.element-limit = 1 (custom)
2019-06-17 13:42:46,816 INFO  grpc.GrpcConfigKeys$Server (ConfUtils.java:logGet(43)) - raft.grpc.server.leader.outstanding.appends.max = 128 (default)
2019-06-17 13:42:46,816 INFO  server.RaftServerConfigKeys (ConfUtils.java:logGet(43)) - raft.server.rpc.request.timeout = 3000ms (default)
2019-06-17 13:42:46,816 INFO  server.RaftServerConfigKeys (ConfUtils.java:logGet(43)) - raft.server.log.appender.install.snapshot.enabled = true (default)
2019-06-17 13:42:46,817 INFO  server.RaftServerConfigKeys (ConfUtils.java:logGet(43)) - raft.server.log.appender.snapshot.chunk.size.max = 16MB (=16777216) (default)
2019-06-17 13:42:46,817 INFO  server.RaftServerConfigKeys (ConfUtils.java:logGet(43)) - raft.server.log.appender.buffer.byte-limit = 33554432 (custom)
2019-06-17 13:42:46,817 INFO  server.RaftServerConfigKeys (ConfUtils.java:logGet(43)) - raft.server.log.appender.buffer.element-limit = 1 (custom)
2019-06-17 13:42:46,817 INFO  grpc.GrpcConfigKeys$Server (ConfUtils.java:logGet(43)) - raft.grpc.server.leader.outstanding.appends.max = 128 (default)
2019-06-17 13:42:46,817 INFO  server.RaftServerConfigKeys (ConfUtils.java:logGet(43)) - raft.server.rpc.request.timeout = 3000ms (default)
2019-06-17 13:42:46,817 INFO  server.RaftServerConfigKeys (ConfUtils.java:logGet(43)) - raft.server.log.appender.install.snapshot.enabled = true (default)
2019-06-17 13:42:46,817 INFO  impl.RoleInfo (RoleInfo.java:updateAndGet(143)) - 88fea403-d5e8-4d51-b101-da5614d25495: start LeaderState
2019-06-17 13:42:46,817 INFO  storage.RaftLogWorker (RaftLogWorker.java:startLogSegment(298)) - 88fea403-d5e8-4d51-b101-da5614d25495-RaftLogWorker: Starting segment from index:0
2019-06-17 13:42:46,854 INFO  impl.RaftServerImpl (ServerState.java:setRaftConf(361)) - 88fea403-d5e8-4d51-b101-da5614d25495:group-0CB5CEB499C6 set configuration 0: [ac9f728e-9d5d-48cf-ba40-b6e3f4054752:192.168.11.196:40833, 88fea403-d5e8-4d51-b101-da5614d25495:192.168.11.196:34629, 62261920-1f74-40fd-96c9-4799b8625e12:192.168.11.196:46755], old=null at 0
2019-06-17 13:42:46,856 INFO  storage.RaftLogWorker (RaftLogWorker.java:execute(469)) - 88fea403-d5e8-4d51-b101-da5614d25495-RaftLogWorker: created new log segment /opt/src/hadoop-ozone/tools/target/test-dir/MiniOzoneClusterImpl-a0a800a7-ac61-4331-a0ae-496f42b3a347/datanode-2/data/ratis/85d0940f-54e6-494d-9a33-0cb5ceb499c6/current/log_inprogress_0
2019-06-17 13:42:46,859 INFO  impl.RaftServerImpl (ServerState.java:setLeader(263)) - 62261920-1f74-40fd-96c9-4799b8625e12:group-0CB5CEB499C6 change Leader from null to 88fea403-d5e8-4d51-b101-da5614d25495 at term 1 for appendEntries, leader elected after 1111ms
2019-06-17 13:42:46,862 INFO  impl.RaftServerImpl (ServerState.java:setLeader(263)) - ac9f728e-9d5d-48cf-ba40-b6e3f4054752:group-0CB5CEB499C6 change Leader from null to 88fea403-d5e8-4d51-b101-da5614d25495 at term 1 for appendEntries, leader elected after 1111ms
2019-06-17 13:42:46,868 INFO  client.GrpcClientProtocolClient (GrpcClientProtocolClient.java:onNext(254)) - client-E7D76148B89F->ac9f728e-9d5d-48cf-ba40-b6e3f4054752: receive RaftClientReply:client-E7D76148B89F->ac9f728e-9d5d-48cf-ba40-b6e3f4054752@group-0CB5CEB499C6, cid=60, FAILED org.apache.ratis.protocol.NotLeaderException: Server ac9f728e-9d5d-48cf-ba40-b6e3f4054752 is not the leader (88fea403-d5e8-4d51-b101-da5614d25495:192.168.11.196:34629). Request must be sent to leader., logIndex=0, commits[ac9f728e-9d5d-48cf-ba40-b6e3f4054752:c-1, 88fea403-d5e8-4d51-b101-da5614d25495:c-1, 62261920-1f74-40fd-96c9-4799b8625e12:c-1]
2019-06-17 13:42:46,869 INFO  impl.RaftServerImpl (ServerState.java:setRaftConf(361)) - 62261920-1f74-40fd-96c9-4799b8625e12:group-0CB5CEB499C6 set configuration 0: [ac9f728e-9d5d-48cf-ba40-b6e3f4054752:192.168.11.196:40833, 88fea403-d5e8-4d51-b101-da5614d25495:192.168.11.196:34629, 62261920-1f74-40fd-96c9-4799b8625e12:192.168.11.196:46755], old=null at 0
2019-06-17 13:42:46,870 INFO  storage.RaftLogWorker (RaftLogWorker.java:startLogSegment(298)) - 62261920-1f74-40fd-96c9-4799b8625e12-RaftLogWorker: Starting segment from index:0
2019-06-17 13:42:46,870 INFO  impl.RaftServerImpl (ServerState.java:setRaftConf(361)) - ac9f728e-9d5d-48cf-ba40-b6e3f4054752:group-0CB5CEB499C6 set configuration 0: [ac9f728e-9d5d-48cf-ba40-b6e3f4054752:192.168.11.196:40833, 88fea403-d5e8-4d51-b101-da5614d25495:192.168.11.196:34629, 62261920-1f74-40fd-96c9-4799b8625e12:192.168.11.196:46755], old=null at 0
2019-06-17 13:42:46,871 INFO  storage.RaftLogWorker (RaftLogWorker.java:startLogSegment(298)) - ac9f728e-9d5d-48cf-ba40-b6e3f4054752-RaftLogWorker: Starting segment from index:0
2019-06-17 13:42:46,871 WARN  client.GrpcClientProtocolService (LogUtils.java:warn(134)) - 2-OrderedRequestStreamObserver2: onError: org.apache.ratis.thirdparty.io.grpc.StatusRuntimeException: CANCELLED: cancelled before receiving half close
2019-06-17 13:42:46,912 INFO  storage.RaftLogWorker (RaftLogWorker.java:execute(469)) - 62261920-1f74-40fd-96c9-4799b8625e12-RaftLogWorker: created new log segment /opt/src/hadoop-ozone/tools/target/test-dir/MiniOzoneClusterImpl-a0a800a7-ac61-4331-a0ae-496f42b3a347/datanode-0/data/ratis/85d0940f-54e6-494d-9a33-0cb5ceb499c6/current/log_inprogress_0
2019-06-17 13:42:46,919 INFO  storage.RaftLogWorker (RaftLogWorker.java:execute(469)) - ac9f728e-9d5d-48cf-ba40-b6e3f4054752-RaftLogWorker: created new log segment /opt/src/hadoop-ozone/tools/target/test-dir/MiniOzoneClusterImpl-a0a800a7-ac61-4331-a0ae-496f42b3a347/datanode-1/data/ratis/85d0940f-54e6-494d-9a33-0cb5ceb499c6/current/log_inprogress_0
 0.00% |█                                                                                                    |  0/1 Time: 0:00:022019-06-17 13:42:47,923 INFO  client.GrpcClientProtocolClient (GrpcClientProtocolClient.java:onNext(254)) - client-E7D76148B89F->88fea403-d5e8-4d51-b101-da5614d25495: receive RaftClientReply:client-E7D76148B89F->88fea403-d5e8-4d51-b101-da5614d25495@group-0CB5CEB499C6, cid=60, SUCCESS, logIndex=1, commits[88fea403-d5e8-4d51-b101-da5614d25495:c2, ac9f728e-9d5d-48cf-ba40-b6e3f4054752:c1, 62261920-1f74-40fd-96c9-4799b8625e12:c0]
2019-06-17 13:42:47,961 INFO  client.GrpcClientProtocolClient (GrpcClientProtocolClient.java:onNext(254)) - client-E7D76148B89F->88fea403-d5e8-4d51-b101-da5614d25495: receive RaftClientReply:client-E7D76148B89F->88fea403-d5e8-4d51-b101-da5614d25495@group-0CB5CEB499C6, cid=61, SUCCESS, logIndex=3, commits[88fea403-d5e8-4d51-b101-da5614d25495:c4, ac9f728e-9d5d-48cf-ba40-b6e3f4054752:c3, 62261920-1f74-40fd-96c9-4799b8625e12:c3]
2019-06-17 13:42:47,979 INFO  client.GrpcClientProtocolClient (GrpcClientProtocolClient.java:onNext(254)) - client-E7D76148B89F->88fea403-d5e8-4d51-b101-da5614d25495: receive RaftClientReply:client-E7D76148B89F->88fea403-d5e8-4d51-b101-da5614d25495@group-0CB5CEB499C6, cid=62, SUCCESS, logIndex=5, commits[88fea403-d5e8-4d51-b101-da5614d25495:c6, ac9f728e-9d5d-48cf-ba40-b6e3f4054752:c3, 62261920-1f74-40fd-96c9-4799b8625e12:c4]
2019-06-17 13:42:47,995 INFO  client.GrpcClientProtocolClient (GrpcClientProtocolClient.java:onNext(254)) - client-E7D76148B89F->88fea403-d5e8-4d51-b101-da5614d25495: receive RaftClientReply:client-E7D76148B89F->88fea403-d5e8-4d51-b101-da5614d25495@group-0CB5CEB499C6, cid=63, SUCCESS, logIndex=6, commits[88fea403-d5e8-4d51-b101-da5614d25495:c6, ac9f728e-9d5d-48cf-ba40-b6e3f4054752:c3, 62261920-1f74-40fd-96c9-4799b8625e12:c4]
2019-06-17 13:42:48,019 INFO  client.GrpcClientProtocolClient (GrpcClientProtocolClient.java:onNext(254)) - client-E7D76148B89F->88fea403-d5e8-4d51-b101-da5614d25495: receive RaftClientReply:client-E7D76148B89F->88fea403-d5e8-4d51-b101-da5614d25495@group-0CB5CEB499C6, cid=64, SUCCESS, logIndex=9, commits[88fea403-d5e8-4d51-b101-da5614d25495:c9, ac9f728e-9d5d-48cf-ba40-b6e3f4054752:c8, 62261920-1f74-40fd-96c9-4799b8625e12:c8]
2019-06-17 13:42:48,026 INFO  client.GrpcClientProtocolClient (GrpcClientProtocolClient.java:onNext(254)) - client-E7D76148B89F->88fea403-d5e8-4d51-b101-da5614d25495: receive RaftClientReply:client-E7D76148B89F->88fea403-d5e8-4d51-b101-da5614d25495@group-0CB5CEB499C6, cid=65, SUCCESS, logIndex=11, commits[88fea403-d5e8-4d51-b101-da5614d25495:c11, ac9f728e-9d5d-48cf-ba40-b6e3f4054752:c9, 62261920-1f74-40fd-96c9-4799b8625e12:c9]
2019-06-17 13:42:48,046 INFO  client.GrpcClientProtocolClient (GrpcClientProtocolClient.java:onNext(254)) - client-E7D76148B89F->88fea403-d5e8-4d51-b101-da5614d25495: receive RaftClientReply:client-E7D76148B89F->88fea403-d5e8-4d51-b101-da5614d25495@group-0CB5CEB499C6, cid=66, SUCCESS, logIndex=13, commits[88fea403-d5e8-4d51-b101-da5614d25495:c13, ac9f728e-9d5d-48cf-ba40-b6e3f4054752:c12, 62261920-1f74-40fd-96c9-4799b8625e12:c11]
2019-06-17 13:42:48,051 INFO  client.GrpcClientProtocolClient (GrpcClientProtocolClient.java:onNext(254)) - client-E7D76148B89F->88fea403-d5e8-4d51-b101-da5614d25495: receive RaftClientReply:client-E7D76148B89F->88fea403-d5e8-4d51-b101-da5614d25495@group-0CB5CEB499C6, cid=67, SUCCESS, logIndex=15, commits[88fea403-d5e8-4d51-b101-da5614d25495:c15, ac9f728e-9d5d-48cf-ba40-b6e3f4054752:c13, 62261920-1f74-40fd-96c9-4799b8625e12:c14]
2019-06-17 13:42:48,059 INFO  client.GrpcClientProtocolClient (GrpcClientProtocolClient.java:onNext(254)) - client-E7D76148B89F->88fea403-d5e8-4d51-b101-da5614d25495: receive RaftClientReply:client-E7D76148B89F->88fea403-d5e8-4d51-b101-da5614d25495@group-0CB5CEB499C6, cid=68, SUCCESS, logIndex=0, commits[88fea403-d5e8-4d51-b101-da5614d25495:c16, ac9f728e-9d5d-48cf-ba40-b6e3f4054752:c15, 62261920-1f74-40fd-96c9-4799b8625e12:c15]
2019-06-17 13:42:48,066 INFO  keyvalue.KeyValueHandler (ContainerUtils.java:logAndReturnError(146)) - Operation: CreateContainer : Trace ID: b0174c2c213c4746:ff4a6d0a47cbffe9:774c50b1efcb313:0 : Message: Container creation failed, due to disk out of space : Result: DISK_OUT_OF_SPACE
2019-06-17 13:42:48,072 INFO  keyvalue.KeyValueHandler (ContainerUtils.java:logAndReturnError(146)) - Operation: CreateContainer : Trace ID: b0174c2c213c4746:ff4a6d0a47cbffe9:774c50b1efcb313:0 : Message: Container creation failed, due to disk out of space : Result: DISK_OUT_OF_SPACE
13:42:48.068 [pool-68-thread-33] ERROR DNAudit - user=null | ip=null | op=WRITE_CHUNK {blockData=conID: 5 locID: 102287210303258632 bcsId: 0} | ret=FAILURE
org.apache.hadoop.hdds.scm.container.common.helpers.StorageContainerException: ContainerID 5 creation failed
	at org.apache.hadoop.ozone.container.common.impl.HddsDispatcher.dispatchRequest(HddsDispatcher.java:227) ~[classes/:?]
	at org.apache.hadoop.ozone.container.common.impl.HddsDispatcher.dispatch(HddsDispatcher.java:148) ~[classes/:?]
	at org.apache.hadoop.ozone.container.common.transport.server.ratis.ContainerStateMachine.dispatchCommand(ContainerStateMachine.java:347) ~[classes/:?]
	at org.apache.hadoop.ozone.container.common.transport.server.ratis.ContainerStateMachine.runCommand(ContainerStateMachine.java:354) ~[classes/:?]
	at org.apache.hadoop.ozone.container.common.transport.server.ratis.ContainerStateMachine.lambda$handleWriteChunk$0(ContainerStateMachine.java:385) ~[classes/:?]
	at java.util.concurrent.CompletableFuture$AsyncSupply.run(CompletableFuture.java:1590) [?:1.8.0_212]
	at java.util.concurrent.ThreadPoolExecutor.runWorker(ThreadPoolExecutor.java:1149) [?:1.8.0_212]
	at java.util.concurrent.ThreadPoolExecutor$Worker.run(ThreadPoolExecutor.java:624) [?:1.8.0_212]
	at java.lang.Thread.run(Thread.java:748) [?:1.8.0_212]
13:42:48.072 [pool-26-thread-25] ERROR DNAudit - user=null | ip=null | op=WRITE_CHUNK {blockData=conID: 5 locID: 102287210303258632 bcsId: 0} | ret=FAILURE
org.apache.hadoop.hdds.scm.container.common.helpers.StorageContainerException: ContainerID 5 creation failed
	at org.apache.hadoop.ozone.container.common.impl.HddsDispatcher.dispatchRequest(HddsDispatcher.java:227) ~[classes/:?]
	at org.apache.hadoop.ozone.container.common.impl.HddsDispatcher.dispatch(HddsDispatcher.java:148) ~[classes/:?]
	at org.apache.hadoop.ozone.container.common.transport.server.ratis.ContainerStateMachine.dispatchCommand(ContainerStateMachine.java:347) ~[classes/:?]
	at org.apache.hadoop.ozone.container.common.transport.server.ratis.ContainerStateMachine.runCommand(ContainerStateMachine.java:354) ~[classes/:?]
	at org.apache.hadoop.ozone.container.common.transport.server.ratis.ContainerStateMachine.lambda$handleWriteChunk$0(ContainerStateMachine.java:385) ~[classes/:?]
	at java.util.concurrent.CompletableFuture$AsyncSupply.run(CompletableFuture.java:1590) [?:1.8.0_212]
	at java.util.concurrent.ThreadPoolExecutor.runWorker(ThreadPoolExecutor.java:1149) [?:1.8.0_212]
	at java.util.concurrent.ThreadPoolExecutor$Worker.run(ThreadPoolExecutor.java:624) [?:1.8.0_212]
	at java.lang.Thread.run(Thread.java:748) [?:1.8.0_212]
2019-06-17 13:42:48,078 INFO  impl.HddsDispatcher (ContainerUtils.java:logAndReturnError(146)) - Operation: WriteChunk : Trace ID: b0174c2c213c4746:ff4a6d0a47cbffe9:774c50b1efcb313:0 : Message: ContainerID 5 creation failed : Result: DISK_OUT_OF_SPACE
2019-06-17 13:42:48,078 INFO  impl.HddsDispatcher (ContainerUtils.java:logAndReturnError(146)) - Operation: WriteChunk : Trace ID: b0174c2c213c4746:ff4a6d0a47cbffe9:774c50b1efcb313:0 : Message: ContainerID 5 creation failed : Result: DISK_OUT_OF_SPACE
13:42:48.084 [pool-74-thread-1] ERROR DNAudit - user=null | ip=null | op=WRITE_CHUNK {blockData=conID: 5 locID: 102287210303258632 bcsId: 0} | ret=FAILURE
org.apache.hadoop.hdds.scm.container.common.helpers.StorageContainerException: ContainerID 5 does not exist
	at org.apache.hadoop.ozone.container.common.impl.HddsDispatcher.dispatchRequest(HddsDispatcher.java:242) ~[classes/:?]
	at org.apache.hadoop.ozone.container.common.impl.HddsDispatcher.dispatch(HddsDispatcher.java:148) ~[classes/:?]
	at org.apache.hadoop.ozone.container.common.transport.server.ratis.ContainerStateMachine.dispatchCommand(ContainerStateMachine.java:347) ~[classes/:?]
	at org.apache.hadoop.ozone.container.common.transport.server.ratis.ContainerStateMachine.runCommand(ContainerStateMachine.java:354) ~[classes/:?]
	at org.apache.hadoop.ozone.container.common.transport.server.ratis.ContainerStateMachine.lambda$applyTransaction$5(ContainerStateMachine.java:621) ~[classes/:?]
	at java.util.concurrent.CompletableFuture$AsyncSupply.run(CompletableFuture.java:1590) [?:1.8.0_212]
	at java.util.concurrent.ThreadPoolExecutor.runWorker(ThreadPoolExecutor.java:1149) [?:1.8.0_212]
	at java.util.concurrent.ThreadPoolExecutor$Worker.run(ThreadPoolExecutor.java:624) [?:1.8.0_212]
	at java.lang.Thread.run(Thread.java:748) [?:1.8.0_212]
2019-06-17 13:42:48,085 INFO  impl.HddsDispatcher (ContainerUtils.java:logAndReturnError(146)) - Operation: WriteChunk : Trace ID: b0174c2c213c4746:ff4a6d0a47cbffe9:774c50b1efcb313:0 : Message: ContainerID 5 does not exist : Result: CONTAINER_NOT_FOUND
2019-06-17 13:42:48,086 INFO  client.GrpcClientProtocolClient (GrpcClientProtocolClient.java:onNext(254)) - client-E7D76148B89F->88fea403-d5e8-4d51-b101-da5614d25495: receive RaftClientReply:client-E7D76148B89F->88fea403-d5e8-4d51-b101-da5614d25495@group-0CB5CEB499C6, cid=69, SUCCESS, logIndex=17, commits[88fea403-d5e8-4d51-b101-da5614d25495:c17, ac9f728e-9d5d-48cf-ba40-b6e3f4054752:c15, 62261920-1f74-40fd-96c9-4799b8625e12:c16]
2019-06-17 13:42:48,087 INFO  keyvalue.KeyValueHandler (ContainerUtils.java:logAndReturnError(146)) - Operation: CreateContainer : Trace ID: b0174c2c213c4746:f8f13a2efab93db3:774c50b1efcb313:0 : Message: Container creation failed, due to disk out of space : Result: DISK_OUT_OF_SPACE
13:42:48.088 [pool-68-thread-36] ERROR DNAudit - user=null | ip=null | op=WRITE_CHUNK {blockData=conID: 5 locID: 102287210303258632 bcsId: 0} | ret=FAILURE
org.apache.hadoop.hdds.scm.container.common.helpers.StorageContainerException: ContainerID 5 creation failed
	at org.apache.hadoop.ozone.container.common.impl.HddsDispatcher.dispatchRequest(HddsDispatcher.java:227) ~[classes/:?]
	at org.apache.hadoop.ozone.container.common.impl.HddsDispatcher.dispatch(HddsDispatcher.java:148) ~[classes/:?]
	at org.apache.hadoop.ozone.container.common.transport.server.ratis.ContainerStateMachine.dispatchCommand(ContainerStateMachine.java:347) ~[classes/:?]
	at org.apache.hadoop.ozone.container.common.transport.server.ratis.ContainerStateMachine.runCommand(ContainerStateMachine.java:354) ~[classes/:?]
	at org.apache.hadoop.ozone.container.common.transport.server.ratis.ContainerStateMachine.lambda$handleWriteChunk$0(ContainerStateMachine.java:385) ~[classes/:?]
	at java.util.concurrent.CompletableFuture$AsyncSupply.run(CompletableFuture.java:1590) [?:1.8.0_212]
	at java.util.concurrent.ThreadPoolExecutor.runWorker(ThreadPoolExecutor.java:1149) [?:1.8.0_212]
	at java.util.concurrent.ThreadPoolExecutor$Worker.run(ThreadPoolExecutor.java:624) [?:1.8.0_212]
	at java.lang.Thread.run(Thread.java:748) [?:1.8.0_212]
2019-06-17 13:42:48,090 INFO  impl.HddsDispatcher (ContainerUtils.java:logAndReturnError(146)) - Operation: WriteChunk : Trace ID: b0174c2c213c4746:f8f13a2efab93db3:774c50b1efcb313:0 : Message: ContainerID 5 creation failed : Result: DISK_OUT_OF_SPACE
2019-06-17 13:42:48,091 ERROR storage.BlockOutputStream (BlockOutputStream.java:validateResponse(538)) - Unexpected Storage Container Exception: 
org.apache.hadoop.hdds.scm.container.common.helpers.StorageContainerException: ContainerID 5 does not exist
	at org.apache.hadoop.hdds.scm.storage.ContainerProtocolCalls.validateContainerResponse(ContainerProtocolCalls.java:536)
	at org.apache.hadoop.hdds.scm.storage.BlockOutputStream.validateResponse(BlockOutputStream.java:536)
	at org.apache.hadoop.hdds.scm.storage.BlockOutputStream.lambda$writeChunkToContainer$2(BlockOutputStream.java:614)
	at java.util.concurrent.CompletableFuture.uniApply(CompletableFuture.java:602)
	at java.util.concurrent.CompletableFuture$UniApply.tryFire(CompletableFuture.java:577)
	at java.util.concurrent.CompletableFuture$Completion.run(CompletableFuture.java:442)
	at java.util.concurrent.ThreadPoolExecutor.runWorker(ThreadPoolExecutor.java:1149)
	at java.util.concurrent.ThreadPoolExecutor$Worker.run(ThreadPoolExecutor.java:624)
	at java.lang.Thread.run(Thread.java:748)
13:42:48.097 [pool-32-thread-1] ERROR DNAudit - user=null | ip=null | op=WRITE_CHUNK {blockData=conID: 5 locID: 102287210303258632 bcsId: 0} | ret=FAILURE
org.apache.hadoop.hdds.scm.container.common.helpers.StorageContainerException: ContainerID 5 does not exist
	at org.apache.hadoop.ozone.container.common.impl.HddsDispatcher.dispatchRequest(HddsDispatcher.java:242) ~[classes/:?]
	at org.apache.hadoop.ozone.container.common.impl.HddsDispatcher.dispatch(HddsDispatcher.java:148) ~[classes/:?]
	at org.apache.hadoop.ozone.container.common.transport.server.ratis.ContainerStateMachine.dispatchCommand(ContainerStateMachine.java:347) ~[classes/:?]
	at org.apache.hadoop.ozone.container.common.transport.server.ratis.ContainerStateMachine.runCommand(ContainerStateMachine.java:354) ~[classes/:?]
	at org.apache.hadoop.ozone.container.common.transport.server.ratis.ContainerStateMachine.lambda$applyTransaction$5(ContainerStateMachine.java:621) ~[classes/:?]
	at java.util.concurrent.CompletableFuture$AsyncSupply.run(CompletableFuture.java:1590) [?:1.8.0_212]
	at java.util.concurrent.ThreadPoolExecutor.runWorker(ThreadPoolExecutor.java:1149) [?:1.8.0_212]
	at java.util.concurrent.ThreadPoolExecutor$Worker.run(ThreadPoolExecutor.java:624) [?:1.8.0_212]
	at java.lang.Thread.run(Thread.java:748) [?:1.8.0_212]
2019-06-17 13:42:48,099 INFO  impl.HddsDispatcher (ContainerUtils.java:logAndReturnError(146)) - Operation: WriteChunk : Trace ID: b0174c2c213c4746:ff4a6d0a47cbffe9:774c50b1efcb313:0 : Message: ContainerID 5 does not exist : Result: CONTAINER_NOT_FOUND
13:42:48.097 [pool-74-thread-1] ERROR DNAudit - user=null | ip=null | op=PUT_BLOCK {blockData=[blockId=conID: 5 locID: 102287210303258632 bcsId: 0,size=1048576]} | ret=FAILURE
org.apache.hadoop.hdds.scm.container.common.helpers.StorageContainerException: ContainerID 5 does not exist
	at org.apache.hadoop.ozone.container.common.impl.HddsDispatcher.dispatchRequest(HddsDispatcher.java:242) ~[classes/:?]
	at org.apache.hadoop.ozone.container.common.impl.HddsDispatcher.dispatch(HddsDispatcher.java:148) ~[classes/:?]
	at org.apache.hadoop.ozone.container.common.transport.server.ratis.ContainerStateMachine.dispatchCommand(ContainerStateMachine.java:347) ~[classes/:?]
	at org.apache.hadoop.ozone.container.common.transport.server.ratis.ContainerStateMachine.runCommand(ContainerStateMachine.java:354) ~[classes/:?]
	at org.apache.hadoop.ozone.container.common.transport.server.ratis.ContainerStateMachine.lambda$applyTransaction$5(ContainerStateMachine.java:621) ~[classes/:?]
	at java.util.concurrent.CompletableFuture$AsyncSupply.run(CompletableFuture.java:1590) [?:1.8.0_212]
	at java.util.concurrent.ThreadPoolExecutor.runWorker(ThreadPoolExecutor.java:1149) [?:1.8.0_212]
	at java.util.concurrent.ThreadPoolExecutor$Worker.run(ThreadPoolExecutor.java:624) [?:1.8.0_212]
	at java.lang.Thread.run(Thread.java:748) [?:1.8.0_212]
2019-06-17 13:42:48,099 INFO  impl.HddsDispatcher (ContainerUtils.java:logAndReturnError(146)) - Operation: PutBlock : Trace ID: b0174c2c213c4746:b2643b5477305b27:774c50b1efcb313:0 : Message: ContainerID 5 does not exist : Result: CONTAINER_NOT_FOUND
2019-06-17 13:42:48,099 INFO  keyvalue.KeyValueHandler (ContainerUtils.java:logAndReturnError(146)) - Operation: CreateContainer : Trace ID: b0174c2c213c4746:f8f13a2efab93db3:774c50b1efcb313:0 : Message: Container creation failed, due to disk out of space : Result: DISK_OUT_OF_SPACE
13:42:48.100 [pool-26-thread-26] ERROR DNAudit - user=null | ip=null | op=WRITE_CHUNK {blockData=conID: 5 locID: 102287210303258632 bcsId: 0} | ret=FAILURE
org.apache.hadoop.hdds.scm.container.common.helpers.StorageContainerException: ContainerID 5 creation failed
	at org.apache.hadoop.ozone.container.common.impl.HddsDispatcher.dispatchRequest(HddsDispatcher.java:227) ~[classes/:?]
	at org.apache.hadoop.ozone.container.common.impl.HddsDispatcher.dispatch(HddsDispatcher.java:148) ~[classes/:?]
	at org.apache.hadoop.ozone.container.common.transport.server.ratis.ContainerStateMachine.dispatchCommand(ContainerStateMachine.java:347) ~[classes/:?]
	at org.apache.hadoop.ozone.container.common.transport.server.ratis.ContainerStateMachine.runCommand(ContainerStateMachine.java:354) ~[classes/:?]
	at org.apache.hadoop.ozone.container.common.transport.server.ratis.ContainerStateMachine.lambda$handleWriteChunk$0(ContainerStateMachine.java:385) ~[classes/:?]
	at java.util.concurrent.CompletableFuture$AsyncSupply.run(CompletableFuture.java:1590) [?:1.8.0_212]
	at java.util.concurrent.ThreadPoolExecutor.runWorker(ThreadPoolExecutor.java:1149) [?:1.8.0_212]
	at java.util.concurrent.ThreadPoolExecutor$Worker.run(ThreadPoolExecutor.java:624) [?:1.8.0_212]
	at java.lang.Thread.run(Thread.java:748) [?:1.8.0_212]
2019-06-17 13:42:48,100 INFO  impl.HddsDispatcher (ContainerUtils.java:logAndReturnError(146)) - Operation: WriteChunk : Trace ID: b0174c2c213c4746:f8f13a2efab93db3:774c50b1efcb313:0 : Message: ContainerID 5 creation failed : Result: DISK_OUT_OF_SPACE
2019-06-17 13:42:48,101 INFO  client.GrpcClientProtocolClient (GrpcClientProtocolClient.java:onNext(254)) - client-E7D76148B89F->88fea403-d5e8-4d51-b101-da5614d25495: receive RaftClientReply:client-E7D76148B89F->88fea403-d5e8-4d51-b101-da5614d25495@group-0CB5CEB499C6, cid=70, SUCCESS, logIndex=19, commits[88fea403-d5e8-4d51-b101-da5614d25495:c19, ac9f728e-9d5d-48cf-ba40-b6e3f4054752:c16, 62261920-1f74-40fd-96c9-4799b8625e12:c17]
13:42:48.104 [pool-74-thread-1] ERROR DNAudit - user=null | ip=null | op=WRITE_CHUNK {blockData=conID: 5 locID: 102287210303258632 bcsId: 0} | ret=FAILURE
org.apache.hadoop.hdds.scm.container.common.helpers.StorageContainerException: ContainerID 5 does not exist
	at org.apache.hadoop.ozone.container.common.impl.HddsDispatcher.dispatchRequest(HddsDispatcher.java:242) ~[classes/:?]
	at org.apache.hadoop.ozone.container.common.impl.HddsDispatcher.dispatch(HddsDispatcher.java:148) ~[classes/:?]
	at org.apache.hadoop.ozone.container.common.transport.server.ratis.ContainerStateMachine.dispatchCommand(ContainerStateMachine.java:347) ~[classes/:?]
	at org.apache.hadoop.ozone.container.common.transport.server.ratis.ContainerStateMachine.runCommand(ContainerStateMachine.java:354) ~[classes/:?]
	at org.apache.hadoop.ozone.container.common.transport.server.ratis.ContainerStateMachine.lambda$applyTransaction$5(ContainerStateMachine.java:621) ~[classes/:?]
	at java.util.concurrent.CompletableFuture$AsyncSupply.run(CompletableFuture.java:1590) [?:1.8.0_212]
	at java.util.concurrent.ThreadPoolExecutor.runWorker(ThreadPoolExecutor.java:1149) [?:1.8.0_212]
	at java.util.concurrent.ThreadPoolExecutor$Worker.run(ThreadPoolExecutor.java:624) [?:1.8.0_212]
	at java.lang.Thread.run(Thread.java:748) [?:1.8.0_212]
2019-06-17 13:42:48,104 INFO  impl.HddsDispatcher (ContainerUtils.java:logAndReturnError(146)) - Operation: WriteChunk : Trace ID: b0174c2c213c4746:f8f13a2efab93db3:774c50b1efcb313:0 : Message: ContainerID 5 does not exist : Result: CONTAINER_NOT_FOUND
13:42:48.108 [pool-74-thread-1] ERROR DNAudit - user=null | ip=null | op=PUT_BLOCK {blockData=[blockId=conID: 5 locID: 102287210303258632 bcsId: 0,size=2097152]} | ret=FAILURE
org.apache.hadoop.hdds.scm.container.common.helpers.StorageContainerException: ContainerID 5 does not exist
	at org.apache.hadoop.ozone.container.common.impl.HddsDispatcher.dispatchRequest(HddsDispatcher.java:242) ~[classes/:?]
	at org.apache.hadoop.ozone.container.common.impl.HddsDispatcher.dispatch(HddsDispatcher.java:148) ~[classes/:?]
	at org.apache.hadoop.ozone.container.common.transport.server.ratis.ContainerStateMachine.dispatchCommand(ContainerStateMachine.java:347) ~[classes/:?]
	at org.apache.hadoop.ozone.container.common.transport.server.ratis.ContainerStateMachine.runCommand(ContainerStateMachine.java:354) ~[classes/:?]
	at org.apache.hadoop.ozone.container.common.transport.server.ratis.ContainerStateMachine.lambda$applyTransaction$5(ContainerStateMachine.java:621) ~[classes/:?]
	at java.util.concurrent.CompletableFuture$AsyncSupply.run(CompletableFuture.java:1590) [?:1.8.0_212]
	at java.util.concurrent.ThreadPoolExecutor.runWorker(ThreadPoolExecutor.java:1149) [?:1.8.0_212]
	at java.util.concurrent.ThreadPoolExecutor$Worker.run(ThreadPoolExecutor.java:624) [?:1.8.0_212]
	at java.lang.Thread.run(Thread.java:748) [?:1.8.0_212]
2019-06-17 13:42:48,109 INFO  impl.HddsDispatcher (ContainerUtils.java:logAndReturnError(146)) - Operation: PutBlock : Trace ID: b0174c2c213c4746:cbc3a82ef70b45c0:774c50b1efcb313:0 : Message: ContainerID 5 does not exist : Result: CONTAINER_NOT_FOUND
2019-06-17 13:42:48,111 INFO  client.GrpcClientProtocolClient (GrpcClientProtocolClient.java:onNext(254)) - client-E7D76148B89F->88fea403-d5e8-4d51-b101-da5614d25495: receive RaftClientReply:client-E7D76148B89F->88fea403-d5e8-4d51-b101-da5614d25495@group-0CB5CEB499C6, cid=71, SUCCESS, logIndex=20, commits[88fea403-d5e8-4d51-b101-da5614d25495:c21, ac9f728e-9d5d-48cf-ba40-b6e3f4054752:c17, 62261920-1f74-40fd-96c9-4799b8625e12:c17]
13:42:48.112 [pool-32-thread-1] ERROR DNAudit - user=null | ip=null | op=PUT_BLOCK {blockData=[blockId=conID: 5 locID: 102287210303258632 bcsId: 0,size=1048576]} | ret=FAILURE
org.apache.hadoop.hdds.scm.container.common.helpers.StorageContainerException: ContainerID 5 does not exist
	at org.apache.hadoop.ozone.container.common.impl.HddsDispatcher.dispatchRequest(HddsDispatcher.java:242) ~[classes/:?]
	at org.apache.hadoop.ozone.container.common.impl.HddsDispatcher.dispatch(HddsDispatcher.java:148) ~[classes/:?]
	at org.apache.hadoop.ozone.container.common.transport.server.ratis.ContainerStateMachine.dispatchCommand(ContainerStateMachine.java:347) ~[classes/:?]
	at org.apache.hadoop.ozone.container.common.transport.server.ratis.ContainerStateMachine.runCommand(ContainerStateMachine.java:354) ~[classes/:?]
	at org.apache.hadoop.ozone.container.common.transport.server.ratis.ContainerStateMachine.lambda$applyTransaction$5(ContainerStateMachine.java:621) ~[classes/:?]
	at java.util.concurrent.CompletableFuture$AsyncSupply.run(CompletableFuture.java:1590) [?:1.8.0_212]
	at java.util.concurrent.ThreadPoolExecutor.runWorker(ThreadPoolExecutor.java:1149) [?:1.8.0_212]
	at java.util.concurrent.ThreadPoolExecutor$Worker.run(ThreadPoolExecutor.java:624) [?:1.8.0_212]
	at java.lang.Thread.run(Thread.java:748) [?:1.8.0_212]
2019-06-17 13:42:48,112 INFO  impl.HddsDispatcher (ContainerUtils.java:logAndReturnError(146)) - Operation: PutBlock : Trace ID: b0174c2c213c4746:b2643b5477305b27:774c50b1efcb313:0 : Message: ContainerID 5 does not exist : Result: CONTAINER_NOT_FOUND
13:42:48.112 [pool-32-thread-1] ERROR DNAudit - user=null | ip=null | op=WRITE_CHUNK {blockData=conID: 5 locID: 102287210303258632 bcsId: 0} | ret=FAILURE
org.apache.hadoop.hdds.scm.container.common.helpers.StorageContainerException: ContainerID 5 does not exist
	at org.apache.hadoop.ozone.container.common.impl.HddsDispatcher.dispatchRequest(HddsDispatcher.java:242) ~[classes/:?]
	at org.apache.hadoop.ozone.container.common.impl.HddsDispatcher.dispatch(HddsDispatcher.java:148) ~[classes/:?]
	at org.apache.hadoop.ozone.container.common.transport.server.ratis.ContainerStateMachine.dispatchCommand(ContainerStateMachine.java:347) ~[classes/:?]
	at org.apache.hadoop.ozone.container.common.transport.server.ratis.ContainerStateMachine.runCommand(ContainerStateMachine.java:354) ~[classes/:?]
	at org.apache.hadoop.ozone.container.common.transport.server.ratis.ContainerStateMachine.lambda$applyTransaction$5(ContainerStateMachine.java:621) ~[classes/:?]
	at java.util.concurrent.CompletableFuture$AsyncSupply.run(CompletableFuture.java:1590) [?:1.8.0_212]
	at java.util.concurrent.ThreadPoolExecutor.runWorker(ThreadPoolExecutor.java:1149) [?:1.8.0_212]
	at java.util.concurrent.ThreadPoolExecutor$Worker.run(ThreadPoolExecutor.java:624) [?:1.8.0_212]
	at java.lang.Thread.run(Thread.java:748) [?:1.8.0_212]
2019-06-17 13:42:48,113 INFO  impl.HddsDispatcher (ContainerUtils.java:logAndReturnError(146)) - Operation: WriteChunk : Trace ID: b0174c2c213c4746:f8f13a2efab93db3:774c50b1efcb313:0 : Message: ContainerID 5 does not exist : Result: CONTAINER_NOT_FOUND
13:42:48.113 [pool-32-thread-1] ERROR DNAudit - user=null | ip=null | op=PUT_BLOCK {blockData=[blockId=conID: 5 locID: 102287210303258632 bcsId: 0,size=2097152]} | ret=FAILURE
org.apache.hadoop.hdds.scm.container.common.helpers.StorageContainerException: ContainerID 5 does not exist
	at org.apache.hadoop.ozone.container.common.impl.HddsDispatcher.dispatchRequest(HddsDispatcher.java:242) ~[classes/:?]
	at org.apache.hadoop.ozone.container.common.impl.HddsDispatcher.dispatch(HddsDispatcher.java:148) ~[classes/:?]
	at org.apache.hadoop.ozone.container.common.transport.server.ratis.ContainerStateMachine.dispatchCommand(ContainerStateMachine.java:347) ~[classes/:?]
	at org.apache.hadoop.ozone.container.common.transport.server.ratis.ContainerStateMachine.runCommand(ContainerStateMachine.java:354) ~[classes/:?]
	at org.apache.hadoop.ozone.container.common.transport.server.ratis.ContainerStateMachine.lambda$applyTransaction$5(ContainerStateMachine.java:621) ~[classes/:?]
	at java.util.concurrent.CompletableFuture$AsyncSupply.run(CompletableFuture.java:1590) [?:1.8.0_212]
	at java.util.concurrent.ThreadPoolExecutor.runWorker(ThreadPoolExecutor.java:1149) [?:1.8.0_212]
	at java.util.concurrent.ThreadPoolExecutor$Worker.run(ThreadPoolExecutor.java:624) [?:1.8.0_212]
	at java.lang.Thread.run(Thread.java:748) [?:1.8.0_212]
2019-06-17 13:42:48,113 INFO  impl.HddsDispatcher (ContainerUtils.java:logAndReturnError(146)) - Operation: PutBlock : Trace ID: b0174c2c213c4746:cbc3a82ef70b45c0:774c50b1efcb313:0 : Message: ContainerID 5 does not exist : Result: CONTAINER_NOT_FOUND
2019-06-17 13:42:48,114 INFO  client.GrpcClientProtocolClient (GrpcClientProtocolClient.java:onNext(254)) - client-E7D76148B89F->88fea403-d5e8-4d51-b101-da5614d25495: receive RaftClientReply:client-E7D76148B89F->88fea403-d5e8-4d51-b101-da5614d25495@group-0CB5CEB499C6, cid=72, SUCCESS, logIndex=21, commits[88fea403-d5e8-4d51-b101-da5614d25495:c23, ac9f728e-9d5d-48cf-ba40-b6e3f4054752:c20, 62261920-1f74-40fd-96c9-4799b8625e12:c19]
2019-06-17 13:42:48,118 ERROR freon.RandomKeyGenerator (RandomKeyGenerator.java:run(675)) - Exception while adding key: key-0-24824 in bucket: org.apache.hadoop.ozone.client.OzoneBucket@5c2a5d28 of volume: org.apache.hadoop.ozone.client.OzoneVolume@67635c21.
java.io.IOException: Unexpected Storage Container Exception: org.apache.hadoop.hdds.scm.container.common.helpers.StorageContainerException: ContainerID 5 does not exist
	at org.apache.hadoop.hdds.scm.storage.BlockOutputStream.setIoException(BlockOutputStream.java:548)
	at org.apache.hadoop.hdds.scm.storage.BlockOutputStream.validateResponse(BlockOutputStream.java:539)
	at org.apache.hadoop.hdds.scm.storage.BlockOutputStream.lambda$writeChunkToContainer$2(BlockOutputStream.java:614)
	at java.util.concurrent.CompletableFuture.uniApply(CompletableFuture.java:602)
	at java.util.concurrent.CompletableFuture$UniApply.tryFire(CompletableFuture.java:577)
	at java.util.concurrent.CompletableFuture$Completion.run(CompletableFuture.java:442)
	at java.util.concurrent.ThreadPoolExecutor.runWorker(ThreadPoolExecutor.java:1149)
	at java.util.concurrent.ThreadPoolExecutor$Worker.run(ThreadPoolExecutor.java:624)
	at java.lang.Thread.run(Thread.java:748)
Caused by: org.apache.hadoop.hdds.scm.container.common.helpers.StorageContainerException: ContainerID 5 does not exist
	at org.apache.hadoop.hdds.scm.storage.ContainerProtocolCalls.validateContainerResponse(ContainerProtocolCalls.java:536)
	at org.apache.hadoop.hdds.scm.storage.BlockOutputStream.validateResponse(BlockOutputStream.java:536)
	... 7 more
 100.00% |█████████████████████████████████████████████████████████████████████████████████████████████████████|  1/1 Time: 0:00:03
]]></system-out>
    <system-err><![CDATA[ERROR StatusLogger No Log4j 2 configuration file found. Using default configuration (logging only errors to the console), or user programmatically provided configurations. Set system property 'log4j2.debug' to show Log4j 2 internal initialization logging. See https://logging.apache.org/log4j/2.x/manual/configuration.html for instructions on how to configure Log4j 2
Jun 17, 2019 1:42:35 PM com.sun.jersey.server.impl.application.WebApplicationImpl _initiate
INFO: Initiating Jersey application, version 'Jersey: 1.19 02/11/2015 03:25 AM'
Jun 17, 2019 1:42:36 PM com.sun.jersey.server.impl.application.WebApplicationImpl _initiate
INFO: Initiating Jersey application, version 'Jersey: 1.19 02/11/2015 03:25 AM'
Jun 17, 2019 1:42:36 PM com.sun.jersey.server.impl.application.WebApplicationImpl _initiate
INFO: Initiating Jersey application, version 'Jersey: 1.19 02/11/2015 03:25 AM'
]]></system-err>
  </testcase>
</testsuite>