<?xml version="1.0" encoding="UTF-8"?>
<testsuite xmlns:xsi="http://www.w3.org/2001/XMLSchema-instance" xsi:noNamespaceSchemaLocation="https://maven.apache.org/surefire/maven-surefire-plugin/xsd/surefire-test-report.xsd" name="org.apache.hadoop.hdds.scm.pipeline.TestNodeFailure" time="12.428" tests="1" errors="0" skipped="1" failures="0">
  <properties>
    <property name="awt.toolkit" value="sun.awt.X11.XToolkit"/>
    <property name="file.encoding.pkg" value="sun.io"/>
    <property name="java.specification.version" value="1.8"/>
    <property name="sun.cpu.isalist" value=""/>
    <property name="sun.jnu.encoding" value="UTF-8"/>
    <property name="java.class.path" value="/opt/src/hadoop-ozone/integration-test/target/test-classes:/opt/src/hadoop-ozone/integration-test/target/classes:/home/user/.m2/repository/org/apache/hadoop/hadoop-ozone-common/0.5.0-SNAPSHOT/hadoop-ozone-common-0.5.0-SNAPSHOT.jar:/home/user/.m2/repository/org/apache/commons/commons-compress/1.4.1/commons-compress-1.4.1.jar:/home/user/.m2/repository/org/tukaani/xz/1.0/xz-1.0.jar:/home/user/.m2/repository/org/apache/hadoop/hadoop-common/3.2.0/hadoop-common-3.2.0.jar:/home/user/.m2/repository/org/apache/hadoop/hadoop-hdfs/3.2.0/hadoop-hdfs-3.2.0.jar:/home/user/.m2/repository/org/apache/hadoop/hadoop-hdfs-client/3.2.0/hadoop-hdfs-client-3.2.0.jar:/home/user/.m2/repository/com/fasterxml/jackson/core/jackson-annotations/2.9.5/jackson-annotations-2.9.5.jar:/home/user/.m2/repository/org/apache/hadoop/hadoop-hdds-common/0.5.0-SNAPSHOT/hadoop-hdds-common-0.5.0-SNAPSHOT.jar:/home/user/.m2/repository/javax/annotation/javax.annotation-api/1.2/javax.annotation-api-1.2.jar:/home/user/.m2/repository/org/apache/ratis/ratis-server/0.4.0-2337318-SNAPSHOT/ratis-server-0.4.0-2337318-SNAPSHOT.jar:/home/user/.m2/repository/org/apache/ratis/ratis-thirdparty-misc/0.2.0/ratis-thirdparty-misc-0.2.0.jar:/home/user/.m2/repository/org/apache/ratis/ratis-proto/0.4.0-2337318-SNAPSHOT/ratis-proto-0.4.0-2337318-SNAPSHOT.jar:/home/user/.m2/repository/org/apache/ratis/ratis-common/0.4.0-2337318-SNAPSHOT/ratis-common-0.4.0-2337318-SNAPSHOT.jar:/home/user/.m2/repository/org/apache/ratis/ratis-client/0.4.0-2337318-SNAPSHOT/ratis-client-0.4.0-2337318-SNAPSHOT.jar:/home/user/.m2/repository/org/apache/ratis/ratis-metrics/0.4.0-2337318-SNAPSHOT/ratis-metrics-0.4.0-2337318-SNAPSHOT.jar:/home/user/.m2/repository/org/apache/ratis/ratis-netty/0.4.0-2337318-SNAPSHOT/ratis-netty-0.4.0-2337318-SNAPSHOT.jar:/home/user/.m2/repository/org/apache/ratis/ratis-grpc/0.4.0-2337318-SNAPSHOT/ratis-grpc-0.4.0-2337318-SNAPSHOT.jar:/home/user/.m2/repository/org/rocksdb/rocksdbjni/6.0.1/rocksdbjni-6.0.1.jar:/home/user/.m2/repository/org/apache/logging/log4j/log4j-api/2.11.0/log4j-api-2.11.0.jar:/home/user/.m2/repository/org/apache/logging/log4j/log4j-core/2.11.0/log4j-core-2.11.0.jar:/home/user/.m2/repository/com/lmax/disruptor/3.4.2/disruptor-3.4.2.jar:/home/user/.m2/repository/org/apache/commons/commons-pool2/2.6.0/commons-pool2-2.6.0.jar:/home/user/.m2/repository/org/bouncycastle/bcpkix-jdk15on/1.60/bcpkix-jdk15on-1.60.jar:/home/user/.m2/repository/commons-validator/commons-validator/1.6/commons-validator-1.6.jar:/home/user/.m2/repository/commons-digester/commons-digester/1.8.1/commons-digester-1.8.1.jar:/home/user/.m2/repository/io/jaegertracing/jaeger-client/0.33.1/jaeger-client-0.33.1.jar:/home/user/.m2/repository/io/jaegertracing/jaeger-thrift/0.33.1/jaeger-thrift-0.33.1.jar:/home/user/.m2/repository/org/apache/thrift/libthrift/0.11.0/libthrift-0.11.0.jar:/home/user/.m2/repository/com/squareup/okhttp3/okhttp/3.9.0/okhttp-3.9.0.jar:/home/user/.m2/repository/com/squareup/okio/okio/1.13.0/okio-1.13.0.jar:/home/user/.m2/repository/io/jaegertracing/jaeger-core/0.33.1/jaeger-core-0.33.1.jar:/home/user/.m2/repository/io/jaegertracing/jaeger-tracerresolver/0.33.1/jaeger-tracerresolver-0.33.1.jar:/home/user/.m2/repository/io/opentracing/contrib/opentracing-tracerresolver/0.1.5/opentracing-tracerresolver-0.1.5.jar:/home/user/.m2/repository/io/opentracing/opentracing-util/0.31.0/opentracing-util-0.31.0.jar:/home/user/.m2/repository/io/opentracing/opentracing-api/0.31.0/opentracing-api-0.31.0.jar:/home/user/.m2/repository/io/opentracing/opentracing-noop/0.31.0/opentracing-noop-0.31.0.jar:/home/user/.m2/repository/org/apache/hadoop/hadoop-hdds-server-framework/0.5.0-SNAPSHOT/hadoop-hdds-server-framework-0.5.0-SNAPSHOT.jar:/home/user/.m2/repository/org/apache/hadoop/hadoop-hdds-container-service/0.5.0-SNAPSHOT/hadoop-hdds-container-service-0.5.0-SNAPSHOT.jar:/home/user/.m2/repository/org/apache/hadoop/hadoop-hdds-client/0.5.0-SNAPSHOT/hadoop-hdds-client-0.5.0-SNAPSHOT.jar:/home/user/.m2/repository/org/apache/hadoop/hadoop-hdds-tools/0.5.0-SNAPSHOT/hadoop-hdds-tools-0.5.0-SNAPSHOT.jar:/home/user/.m2/repository/org/apache/hadoop/hadoop-hdds-server-scm/0.5.0-SNAPSHOT/hadoop-hdds-server-scm-0.5.0-SNAPSHOT.jar:/home/user/.m2/repository/org/apache/hadoop/hadoop-hdds-docs/0.5.0-SNAPSHOT/hadoop-hdds-docs-0.5.0-SNAPSHOT.jar:/home/user/.m2/repository/io/dropwizard/metrics/metrics-core/3.2.4/metrics-core-3.2.4.jar:/home/user/.m2/repository/org/hamcrest/hamcrest-all/1.3/hamcrest-all-1.3.jar:/home/user/.m2/repository/org/bouncycastle/bcprov-jdk15on/1.60/bcprov-jdk15on-1.60.jar:/home/user/.m2/repository/info/picocli/picocli/3.9.6/picocli-3.9.6.jar:/home/user/.m2/repository/com/google/protobuf/protobuf-java/2.5.0/protobuf-java-2.5.0.jar:/home/user/.m2/repository/com/google/guava/guava/11.0.2/guava-11.0.2.jar:/home/user/.m2/repository/org/apache/hadoop/hadoop-ozone-ozone-manager/0.5.0-SNAPSHOT/hadoop-ozone-ozone-manager-0.5.0-SNAPSHOT.jar:/home/user/.m2/repository/org/apache/hadoop/hadoop-minikdc/3.2.0/hadoop-minikdc-3.2.0.jar:/home/user/.m2/repository/commons-io/commons-io/2.5/commons-io-2.5.jar:/home/user/.m2/repository/org/apache/kerby/kerb-simplekdc/1.0.1/kerb-simplekdc-1.0.1.jar:/home/user/.m2/repository/org/apache/kerby/kerb-client/1.0.1/kerb-client-1.0.1.jar:/home/user/.m2/repository/org/apache/kerby/kerby-config/1.0.1/kerby-config-1.0.1.jar:/home/user/.m2/repository/org/apache/kerby/kerb-core/1.0.1/kerb-core-1.0.1.jar:/home/user/.m2/repository/org/apache/kerby/kerby-pkix/1.0.1/kerby-pkix-1.0.1.jar:/home/user/.m2/repository/org/apache/kerby/kerby-asn1/1.0.1/kerby-asn1-1.0.1.jar:/home/user/.m2/repository/org/apache/kerby/kerby-util/1.0.1/kerby-util-1.0.1.jar:/home/user/.m2/repository/org/apache/kerby/kerb-common/1.0.1/kerb-common-1.0.1.jar:/home/user/.m2/repository/org/apache/kerby/kerb-crypto/1.0.1/kerb-crypto-1.0.1.jar:/home/user/.m2/repository/org/apache/kerby/kerb-util/1.0.1/kerb-util-1.0.1.jar:/home/user/.m2/repository/org/apache/kerby/token-provider/1.0.1/token-provider-1.0.1.jar:/home/user/.m2/repository/org/apache/kerby/kerb-admin/1.0.1/kerb-admin-1.0.1.jar:/home/user/.m2/repository/org/apache/kerby/kerb-server/1.0.1/kerb-server-1.0.1.jar:/home/user/.m2/repository/org/apache/kerby/kerb-identity/1.0.1/kerb-identity-1.0.1.jar:/home/user/.m2/repository/org/apache/kerby/kerby-xdr/1.0.1/kerby-xdr-1.0.1.jar:/home/user/.m2/repository/org/slf4j/slf4j-log4j12/1.7.25/slf4j-log4j12-1.7.25.jar:/home/user/.m2/repository/org/apache/hadoop/hadoop-ozone-objectstore-service/0.5.0-SNAPSHOT/hadoop-ozone-objectstore-service-0.5.0-SNAPSHOT.jar:/home/user/.m2/repository/org/apache/hadoop/hadoop-ozone-s3gateway/0.5.0-SNAPSHOT/hadoop-ozone-s3gateway-0.5.0-SNAPSHOT.jar:/home/user/.m2/repository/org/jboss/weld/servlet/weld-servlet/2.4.7.Final/weld-servlet-2.4.7.Final.jar:/home/user/.m2/repository/org/glassfish/jersey/containers/jersey-container-servlet-core/2.27/jersey-container-servlet-core-2.27.jar:/home/user/.m2/repository/org/glassfish/hk2/external/javax.inject/2.5.0-b42/javax.inject-2.5.0-b42.jar:/home/user/.m2/repository/org/glassfish/jersey/core/jersey-common/2.27/jersey-common-2.27.jar:/home/user/.m2/repository/org/glassfish/hk2/osgi-resource-locator/1.0.1/osgi-resource-locator-1.0.1.jar:/home/user/.m2/repository/javax/ws/rs/javax.ws.rs-api/2.1/javax.ws.rs-api-2.1.jar:/home/user/.m2/repository/org/glassfish/jersey/ext/cdi/jersey-cdi1x/2.27/jersey-cdi1x-2.27.jar:/home/user/.m2/repository/org/glassfish/jersey/inject/jersey-hk2/2.27/jersey-hk2-2.27.jar:/home/user/.m2/repository/org/glassfish/hk2/hk2-locator/2.5.0-b42/hk2-locator-2.5.0-b42.jar:/home/user/.m2/repository/org/javassist/javassist/3.22.0-CR2/javassist-3.22.0-CR2.jar:/home/user/.m2/repository/org/glassfish/hk2/hk2-api/2.5.0/hk2-api-2.5.0.jar:/home/user/.m2/repository/org/glassfish/hk2/external/jakarta.inject/2.5.0/jakarta.inject-2.5.0.jar:/home/user/.m2/repository/org/glassfish/hk2/hk2-utils/2.5.0/hk2-utils-2.5.0.jar:/home/user/.m2/repository/jakarta/annotation/jakarta.annotation-api/1.3.4/jakarta.annotation-api-1.3.4.jar:/home/user/.m2/repository/org/glassfish/hk2/external/aopalliance-repackaged/2.5.0/aopalliance-repackaged-2.5.0.jar:/home/user/.m2/repository/com/fasterxml/jackson/dataformat/jackson-dataformat-xml/2.9.0/jackson-dataformat-xml-2.9.0.jar:/home/user/.m2/repository/com/fasterxml/jackson/core/jackson-core/2.9.5/jackson-core-2.9.5.jar:/home/user/.m2/repository/com/fasterxml/jackson/module/jackson-module-jaxb-annotations/2.9.5/jackson-module-jaxb-annotations-2.9.5.jar:/home/user/.m2/repository/javax/enterprise/cdi-api/1.2/cdi-api-1.2.jar:/home/user/.m2/repository/javax/el/javax.el-api/3.0.0/javax.el-api-3.0.0.jar:/home/user/.m2/repository/javax/interceptor/javax.interceptor-api/1.2/javax.interceptor-api-1.2.jar:/home/user/.m2/repository/javax/inject/javax.inject/1/javax.inject-1.jar:/home/user/.m2/repository/com/sun/xml/bind/jaxb-impl/2.3.0.1/jaxb-impl-2.3.0.1.jar:/home/user/.m2/repository/com/sun/xml/bind/jaxb-core/2.3.0.1/jaxb-core-2.3.0.1.jar:/home/user/.m2/repository/javax/xml/bind/jaxb-api/2.3.0/jaxb-api-2.3.0.jar:/home/user/.m2/repository/javax/activation/activation/1.1.1/activation-1.1.1.jar:/home/user/.m2/repository/org/apache/hadoop/hadoop-ozone-csi/0.5.0-SNAPSHOT/hadoop-ozone-csi-0.5.0-SNAPSHOT.jar:/home/user/.m2/repository/com/google/protobuf/protobuf-java-util/3.5.1/protobuf-java-util-3.5.1.jar:/home/user/.m2/repository/org/apache/hadoop/hadoop-hdds-config/0.5.0-SNAPSHOT/hadoop-hdds-config-0.5.0-SNAPSHOT.jar:/home/user/.m2/repository/io/grpc/grpc-netty/1.17.1/grpc-netty-1.17.1.jar:/home/user/.m2/repository/io/grpc/grpc-core/1.17.1/grpc-core-1.17.1.jar:/home/user/.m2/repository/io/grpc/grpc-context/1.17.1/grpc-context-1.17.1.jar:/home/user/.m2/repository/com/google/errorprone/error_prone_annotations/2.2.0/error_prone_annotations-2.2.0.jar:/home/user/.m2/repository/org/codehaus/mojo/animal-sniffer-annotations/1.17/animal-sniffer-annotations-1.17.jar:/home/user/.m2/repository/io/opencensus/opencensus-api/0.17.0/opencensus-api-0.17.0.jar:/home/user/.m2/repository/io/opencensus/opencensus-contrib-grpc-metrics/0.17.0/opencensus-contrib-grpc-metrics-0.17.0.jar:/home/user/.m2/repository/io/netty/netty-codec-http2/4.1.30.Final/netty-codec-http2-4.1.30.Final.jar:/home/user/.m2/repository/io/netty/netty-codec-http/4.1.30.Final/netty-codec-http-4.1.30.Final.jar:/home/user/.m2/repository/io/netty/netty-codec/4.1.30.Final/netty-codec-4.1.30.Final.jar:/home/user/.m2/repository/io/netty/netty-handler/4.1.30.Final/netty-handler-4.1.30.Final.jar:/home/user/.m2/repository/io/netty/netty-handler-proxy/4.1.30.Final/netty-handler-proxy-4.1.30.Final.jar:/home/user/.m2/repository/io/netty/netty-codec-socks/4.1.30.Final/netty-codec-socks-4.1.30.Final.jar:/home/user/.m2/repository/io/netty/netty-transport-native-epoll/4.1.30.Final/netty-transport-native-epoll-4.1.30.Final.jar:/home/user/.m2/repository/io/netty/netty-common/4.1.30.Final/netty-common-4.1.30.Final.jar:/home/user/.m2/repository/io/netty/netty-buffer/4.1.30.Final/netty-buffer-4.1.30.Final.jar:/home/user/.m2/repository/io/netty/netty-transport/4.1.30.Final/netty-transport-4.1.30.Final.jar:/home/user/.m2/repository/io/netty/netty-resolver/4.1.30.Final/netty-resolver-4.1.30.Final.jar:/home/user/.m2/repository/io/netty/netty-transport-native-unix-common/4.1.30.Final/netty-transport-native-unix-common-4.1.30.Final.jar:/home/user/.m2/repository/io/grpc/grpc-protobuf/1.17.1/grpc-protobuf-1.17.1.jar:/home/user/.m2/repository/com/google/api/grpc/proto-google-common-protos/1.0.0/proto-google-common-protos-1.0.0.jar:/home/user/.m2/repository/io/grpc/grpc-protobuf-lite/1.17.1/grpc-protobuf-lite-1.17.1.jar:/home/user/.m2/repository/io/grpc/grpc-stub/1.17.1/grpc-stub-1.17.1.jar:/home/user/.m2/repository/org/apache/hadoop/hadoop-ozone-recon/0.5.0-SNAPSHOT/hadoop-ozone-recon-0.5.0-SNAPSHOT.jar:/home/user/.m2/repository/org/apache/hadoop/hadoop-ozone-reconcodegen/0.5.0-SNAPSHOT/hadoop-ozone-reconcodegen-0.5.0-SNAPSHOT.jar:/home/user/.m2/repository/com/google/inject/extensions/guice-multibindings/4.0/guice-multibindings-4.0.jar:/home/user/.m2/repository/com/google/inject/guice/4.0/guice-4.0.jar:/home/user/.m2/repository/aopalliance/aopalliance/1.0/aopalliance-1.0.jar:/home/user/.m2/repository/com/google/inject/extensions/guice-servlet/4.0/guice-servlet-4.0.jar:/home/user/.m2/repository/org/glassfish/jersey/containers/jersey-container-servlet/2.27/jersey-container-servlet-2.27.jar:/home/user/.m2/repository/org/glassfish/hk2/guice-bridge/2.5.0/guice-bridge-2.5.0.jar:/home/user/.m2/repository/org/glassfish/jersey/core/jersey-server/2.27/jersey-server-2.27.jar:/home/user/.m2/repository/org/glassfish/jersey/core/jersey-client/2.27/jersey-client-2.27.jar:/home/user/.m2/repository/org/glassfish/jersey/media/jersey-media-jaxb/2.27/jersey-media-jaxb-2.27.jar:/home/user/.m2/repository/javax/validation/validation-api/1.1.0.Final/validation-api-1.1.0.Final.jar:/home/user/.m2/repository/org/glassfish/jersey/media/jersey-media-json-jackson/2.27/jersey-media-json-jackson-2.27.jar:/home/user/.m2/repository/org/glassfish/jersey/ext/jersey-entity-filtering/2.27/jersey-entity-filtering-2.27.jar:/home/user/.m2/repository/com/google/inject/extensions/guice-assistedinject/4.0/guice-assistedinject-4.0.jar:/home/user/.m2/repository/org/jooq/jooq/3.11.10/jooq-3.11.10.jar:/home/user/.m2/repository/org/jooq/jooq-meta/3.11.10/jooq-meta-3.11.10.jar:/home/user/.m2/repository/org/jooq/jooq-codegen/3.11.10/jooq-codegen-3.11.10.jar:/home/user/.m2/repository/com/jolbox/bonecp/0.8.0.RELEASE/bonecp-0.8.0.RELEASE.jar:/home/user/.m2/repository/org/xerial/sqlite-jdbc/3.25.2/sqlite-jdbc-3.25.2.jar:/home/user/.m2/repository/org/springframework/spring-jdbc/5.1.3.RELEASE/spring-jdbc-5.1.3.RELEASE.jar:/home/user/.m2/repository/org/springframework/spring-beans/5.1.3.RELEASE/spring-beans-5.1.3.RELEASE.jar:/home/user/.m2/repository/org/springframework/spring-core/5.1.3.RELEASE/spring-core-5.1.3.RELEASE.jar:/home/user/.m2/repository/org/springframework/spring-jcl/5.1.3.RELEASE/spring-jcl-5.1.3.RELEASE.jar:/home/user/.m2/repository/org/springframework/spring-tx/5.1.3.RELEASE/spring-tx-5.1.3.RELEASE.jar:/home/user/.m2/repository/org/apache/hadoop/hadoop-ozone-client/0.5.0-SNAPSHOT/hadoop-ozone-client-0.5.0-SNAPSHOT.jar:/home/user/.m2/repository/commons-lang/commons-lang/2.6/commons-lang-2.6.jar:/home/user/.m2/repository/org/apache/hadoop/hadoop-ozone-ozone-manager/0.5.0-SNAPSHOT/hadoop-ozone-ozone-manager-0.5.0-SNAPSHOT-tests.jar:/home/user/.m2/repository/junit/junit/4.11/junit-4.11.jar:/home/user/.m2/repository/org/hamcrest/hamcrest-core/1.3/hamcrest-core-1.3.jar:/home/user/.m2/repository/org/openjdk/jmh/jmh-core/1.19/jmh-core-1.19.jar:/home/user/.m2/repository/net/sf/jopt-simple/jopt-simple/4.6/jopt-simple-4.6.jar:/home/user/.m2/repository/org/apache/commons/commons-math3/3.1.1/commons-math3-3.1.1.jar:/home/user/.m2/repository/org/openjdk/jmh/jmh-generator-annprocess/1.19/jmh-generator-annprocess-1.19.jar:/home/user/.m2/repository/org/mockito/mockito-all/1.8.5/mockito-all-1.8.5.jar:/home/user/.m2/repository/org/apache/hadoop/hadoop-kms/3.2.0/hadoop-kms-3.2.0.jar:/home/user/.m2/repository/org/apache/hadoop/hadoop-auth/3.2.0/hadoop-auth-3.2.0.jar:/home/user/.m2/repository/com/nimbusds/nimbus-jose-jwt/4.41.1/nimbus-jose-jwt-4.41.1.jar:/home/user/.m2/repository/com/github/stephenc/jcip/jcip-annotations/1.0-1/jcip-annotations-1.0-1.jar:/home/user/.m2/repository/net/minidev/json-smart/2.3/json-smart-2.3.jar:/home/user/.m2/repository/net/minidev/accessors-smart/1.2/accessors-smart-1.2.jar:/home/user/.m2/repository/org/ow2/asm/asm/5.0.4/asm-5.0.4.jar:/home/user/.m2/repository/org/apache/curator/curator-framework/2.12.0/curator-framework-2.12.0.jar:/home/user/.m2/repository/com/sun/jersey/jersey-core/1.19/jersey-core-1.19.jar:/home/user/.m2/repository/javax/ws/rs/jsr311-api/1.1.1/jsr311-api-1.1.1.jar:/home/user/.m2/repository/com/sun/jersey/jersey-server/1.19/jersey-server-1.19.jar:/home/user/.m2/repository/javax/servlet/javax.servlet-api/3.1.0/javax.servlet-api-3.1.0.jar:/home/user/.m2/repository/org/eclipse/jetty/jetty-server/9.3.24.v20180605/jetty-server-9.3.24.v20180605.jar:/home/user/.m2/repository/org/eclipse/jetty/jetty-http/9.3.24.v20180605/jetty-http-9.3.24.v20180605.jar:/home/user/.m2/repository/org/eclipse/jetty/jetty-io/9.3.24.v20180605/jetty-io-9.3.24.v20180605.jar:/home/user/.m2/repository/org/eclipse/jetty/jetty-webapp/9.3.24.v20180605/jetty-webapp-9.3.24.v20180605.jar:/home/user/.m2/repository/org/eclipse/jetty/jetty-xml/9.3.24.v20180605/jetty-xml-9.3.24.v20180605.jar:/home/user/.m2/repository/log4j/log4j/1.2.17/log4j-1.2.17.jar:/home/user/.m2/repository/org/slf4j/slf4j-api/1.7.25/slf4j-api-1.7.25.jar:/home/user/.m2/repository/org/slf4j/jul-to-slf4j/1.7.25/jul-to-slf4j-1.7.25.jar:/home/user/.m2/repository/org/eclipse/jetty/jetty-util/9.3.24.v20180605/jetty-util-9.3.24.v20180605.jar:/home/user/.m2/repository/com/fasterxml/jackson/core/jackson-databind/2.9.5/jackson-databind-2.9.5.jar:/home/user/.m2/repository/org/apache/hadoop/hadoop-kms/3.2.0/hadoop-kms-3.2.0-tests.jar:/home/user/.m2/repository/org/apache/hadoop/hadoop-hdds-server-scm/0.5.0-SNAPSHOT/hadoop-hdds-server-scm-0.5.0-SNAPSHOT-tests.jar:/home/user/.m2/repository/org/apache/hadoop/hadoop-hdds-container-service/0.5.0-SNAPSHOT/hadoop-hdds-container-service-0.5.0-SNAPSHOT-tests.jar:/home/user/.m2/repository/org/yaml/snakeyaml/1.16/snakeyaml-1.16.jar:/home/user/.m2/repository/org/apache/hadoop/hadoop-common/3.2.0/hadoop-common-3.2.0-tests.jar:/home/user/.m2/repository/org/apache/hadoop/hadoop-annotations/3.2.0/hadoop-annotations-3.2.0.jar:/usr/lib/jvm/java-1.8-openjdk/jre/../lib/tools.jar:/home/user/.m2/repository/commons-cli/commons-cli/1.2/commons-cli-1.2.jar:/home/user/.m2/repository/org/apache/httpcomponents/httpclient/4.5.2/httpclient-4.5.2.jar:/home/user/.m2/repository/org/apache/httpcomponents/httpcore/4.4.4/httpcore-4.4.4.jar:/home/user/.m2/repository/commons-codec/commons-codec/1.11/commons-codec-1.11.jar:/home/user/.m2/repository/commons-net/commons-net/3.6/commons-net-3.6.jar:/home/user/.m2/repository/commons-collections/commons-collections/3.2.2/commons-collections-3.2.2.jar:/home/user/.m2/repository/org/eclipse/jetty/jetty-servlet/9.3.24.v20180605/jetty-servlet-9.3.24.v20180605.jar:/home/user/.m2/repository/org/eclipse/jetty/jetty-security/9.3.24.v20180605/jetty-security-9.3.24.v20180605.jar:/home/user/.m2/repository/javax/servlet/jsp/jsp-api/2.1/jsp-api-2.1.jar:/home/user/.m2/repository/com/sun/jersey/jersey-servlet/1.19/jersey-servlet-1.19.jar:/home/user/.m2/repository/com/sun/jersey/jersey-json/1.19/jersey-json-1.19.jar:/home/user/.m2/repository/org/codehaus/jettison/jettison/1.1/jettison-1.1.jar:/home/user/.m2/repository/org/codehaus/jackson/jackson-core-asl/1.9.13/jackson-core-asl-1.9.13.jar:/home/user/.m2/repository/org/codehaus/jackson/jackson-mapper-asl/1.9.13/jackson-mapper-asl-1.9.13.jar:/home/user/.m2/repository/org/codehaus/jackson/jackson-jaxrs/1.9.13/jackson-jaxrs-1.9.13.jar:/home/user/.m2/repository/org/codehaus/jackson/jackson-xc/1.9.13/jackson-xc-1.9.13.jar:/home/user/.m2/repository/commons-logging/commons-logging/1.1.3/commons-logging-1.1.3.jar:/home/user/.m2/repository/commons-beanutils/commons-beanutils/1.9.3/commons-beanutils-1.9.3.jar:/home/user/.m2/repository/org/apache/commons/commons-configuration2/2.1.1/commons-configuration2-2.1.1.jar:/home/user/.m2/repository/org/apache/commons/commons-lang3/3.7/commons-lang3-3.7.jar:/home/user/.m2/repository/org/apache/commons/commons-text/1.4/commons-text-1.4.jar:/home/user/.m2/repository/org/apache/avro/avro/1.7.7/avro-1.7.7.jar:/home/user/.m2/repository/com/thoughtworks/paranamer/paranamer/2.3/paranamer-2.3.jar:/home/user/.m2/repository/org/xerial/snappy/snappy-java/1.0.5/snappy-java-1.0.5.jar:/home/user/.m2/repository/com/google/re2j/re2j/1.1/re2j-1.1.jar:/home/user/.m2/repository/com/google/code/gson/gson/2.2.4/gson-2.2.4.jar:/home/user/.m2/repository/com/jcraft/jsch/0.1.54/jsch-0.1.54.jar:/home/user/.m2/repository/org/apache/curator/curator-client/2.12.0/curator-client-2.12.0.jar:/home/user/.m2/repository/org/apache/curator/curator-recipes/2.12.0/curator-recipes-2.12.0.jar:/home/user/.m2/repository/com/google/code/findbugs/jsr305/3.0.0/jsr305-3.0.0.jar:/home/user/.m2/repository/org/apache/htrace/htrace-core4/4.1.0-incubating/htrace-core4-4.1.0-incubating.jar:/home/user/.m2/repository/org/apache/zookeeper/zookeeper/3.4.13/zookeeper-3.4.13.jar:/home/user/.m2/repository/org/apache/yetus/audience-annotations/0.5.0/audience-annotations-0.5.0.jar:/home/user/.m2/repository/org/codehaus/woodstox/stax2-api/3.1.4/stax2-api-3.1.4.jar:/home/user/.m2/repository/com/fasterxml/woodstox/woodstox-core/5.0.3/woodstox-core-5.0.3.jar:/home/user/.m2/repository/dnsjava/dnsjava/2.1.7/dnsjava-2.1.7.jar:/home/user/.m2/repository/org/apache/hadoop/hadoop-hdfs/3.2.0/hadoop-hdfs-3.2.0-tests.jar:/home/user/.m2/repository/org/eclipse/jetty/jetty-util-ajax/9.3.24.v20180605/jetty-util-ajax-9.3.24.v20180605.jar:/home/user/.m2/repository/commons-daemon/commons-daemon/1.0.13/commons-daemon-1.0.13.jar:/home/user/.m2/repository/io/netty/netty/3.10.5.Final/netty-3.10.5.Final.jar:/home/user/.m2/repository/io/netty/netty-all/4.0.52.Final/netty-all-4.0.52.Final.jar:/home/user/.m2/repository/org/fusesource/leveldbjni/leveldbjni-all/1.8/leveldbjni-all-1.8.jar:"/>
    <property name="java.vm.vendor" value="IcedTea"/>
    <property name="sun.arch.data.model" value="64"/>
    <property name="test.build.dir" value="/opt/src/hadoop-ozone/integration-test/target/test-dir"/>
    <property name="test.cache.data" value=""/>
    <property name="java.vendor.url" value="https://icedtea.classpath.org"/>
    <property name="user.timezone" value=""/>
    <property name="java.vm.specification.version" value="1.8"/>
    <property name="os.name" value="Linux"/>
    <property name="test.build.data" value="/opt/src/hadoop-ozone/integration-test/target/test-dir"/>
    <property name="user.country" value="US"/>
    <property name="sun.java.launcher" value="SUN_STANDARD"/>
    <property name="sun.boot.library.path" value="/usr/lib/jvm/java-1.8-openjdk/jre/lib/amd64"/>
    <property name="sun.java.command" value="/opt/src/hadoop-ozone/integration-test/target/surefire/surefirebooter2304632046556369188.jar /opt/src/hadoop-ozone/integration-test/target/surefire 2019-07-04T15-13-13_736-jvmRun1 surefire714404617213723816tmp surefire_37731494453403349952tmp"/>
    <property name="surefire.test.class.path" value="/opt/src/hadoop-ozone/integration-test/target/test-classes:/opt/src/hadoop-ozone/integration-test/target/classes:/home/user/.m2/repository/org/apache/hadoop/hadoop-ozone-common/0.5.0-SNAPSHOT/hadoop-ozone-common-0.5.0-SNAPSHOT.jar:/home/user/.m2/repository/org/apache/commons/commons-compress/1.4.1/commons-compress-1.4.1.jar:/home/user/.m2/repository/org/tukaani/xz/1.0/xz-1.0.jar:/home/user/.m2/repository/org/apache/hadoop/hadoop-common/3.2.0/hadoop-common-3.2.0.jar:/home/user/.m2/repository/org/apache/hadoop/hadoop-hdfs/3.2.0/hadoop-hdfs-3.2.0.jar:/home/user/.m2/repository/org/apache/hadoop/hadoop-hdfs-client/3.2.0/hadoop-hdfs-client-3.2.0.jar:/home/user/.m2/repository/com/fasterxml/jackson/core/jackson-annotations/2.9.5/jackson-annotations-2.9.5.jar:/home/user/.m2/repository/org/apache/hadoop/hadoop-hdds-common/0.5.0-SNAPSHOT/hadoop-hdds-common-0.5.0-SNAPSHOT.jar:/home/user/.m2/repository/javax/annotation/javax.annotation-api/1.2/javax.annotation-api-1.2.jar:/home/user/.m2/repository/org/apache/ratis/ratis-server/0.4.0-2337318-SNAPSHOT/ratis-server-0.4.0-2337318-SNAPSHOT.jar:/home/user/.m2/repository/org/apache/ratis/ratis-thirdparty-misc/0.2.0/ratis-thirdparty-misc-0.2.0.jar:/home/user/.m2/repository/org/apache/ratis/ratis-proto/0.4.0-2337318-SNAPSHOT/ratis-proto-0.4.0-2337318-SNAPSHOT.jar:/home/user/.m2/repository/org/apache/ratis/ratis-common/0.4.0-2337318-SNAPSHOT/ratis-common-0.4.0-2337318-SNAPSHOT.jar:/home/user/.m2/repository/org/apache/ratis/ratis-client/0.4.0-2337318-SNAPSHOT/ratis-client-0.4.0-2337318-SNAPSHOT.jar:/home/user/.m2/repository/org/apache/ratis/ratis-metrics/0.4.0-2337318-SNAPSHOT/ratis-metrics-0.4.0-2337318-SNAPSHOT.jar:/home/user/.m2/repository/org/apache/ratis/ratis-netty/0.4.0-2337318-SNAPSHOT/ratis-netty-0.4.0-2337318-SNAPSHOT.jar:/home/user/.m2/repository/org/apache/ratis/ratis-grpc/0.4.0-2337318-SNAPSHOT/ratis-grpc-0.4.0-2337318-SNAPSHOT.jar:/home/user/.m2/repository/org/rocksdb/rocksdbjni/6.0.1/rocksdbjni-6.0.1.jar:/home/user/.m2/repository/org/apache/logging/log4j/log4j-api/2.11.0/log4j-api-2.11.0.jar:/home/user/.m2/repository/org/apache/logging/log4j/log4j-core/2.11.0/log4j-core-2.11.0.jar:/home/user/.m2/repository/com/lmax/disruptor/3.4.2/disruptor-3.4.2.jar:/home/user/.m2/repository/org/apache/commons/commons-pool2/2.6.0/commons-pool2-2.6.0.jar:/home/user/.m2/repository/org/bouncycastle/bcpkix-jdk15on/1.60/bcpkix-jdk15on-1.60.jar:/home/user/.m2/repository/commons-validator/commons-validator/1.6/commons-validator-1.6.jar:/home/user/.m2/repository/commons-digester/commons-digester/1.8.1/commons-digester-1.8.1.jar:/home/user/.m2/repository/io/jaegertracing/jaeger-client/0.33.1/jaeger-client-0.33.1.jar:/home/user/.m2/repository/io/jaegertracing/jaeger-thrift/0.33.1/jaeger-thrift-0.33.1.jar:/home/user/.m2/repository/org/apache/thrift/libthrift/0.11.0/libthrift-0.11.0.jar:/home/user/.m2/repository/com/squareup/okhttp3/okhttp/3.9.0/okhttp-3.9.0.jar:/home/user/.m2/repository/com/squareup/okio/okio/1.13.0/okio-1.13.0.jar:/home/user/.m2/repository/io/jaegertracing/jaeger-core/0.33.1/jaeger-core-0.33.1.jar:/home/user/.m2/repository/io/jaegertracing/jaeger-tracerresolver/0.33.1/jaeger-tracerresolver-0.33.1.jar:/home/user/.m2/repository/io/opentracing/contrib/opentracing-tracerresolver/0.1.5/opentracing-tracerresolver-0.1.5.jar:/home/user/.m2/repository/io/opentracing/opentracing-util/0.31.0/opentracing-util-0.31.0.jar:/home/user/.m2/repository/io/opentracing/opentracing-api/0.31.0/opentracing-api-0.31.0.jar:/home/user/.m2/repository/io/opentracing/opentracing-noop/0.31.0/opentracing-noop-0.31.0.jar:/home/user/.m2/repository/org/apache/hadoop/hadoop-hdds-server-framework/0.5.0-SNAPSHOT/hadoop-hdds-server-framework-0.5.0-SNAPSHOT.jar:/home/user/.m2/repository/org/apache/hadoop/hadoop-hdds-container-service/0.5.0-SNAPSHOT/hadoop-hdds-container-service-0.5.0-SNAPSHOT.jar:/home/user/.m2/repository/org/apache/hadoop/hadoop-hdds-client/0.5.0-SNAPSHOT/hadoop-hdds-client-0.5.0-SNAPSHOT.jar:/home/user/.m2/repository/org/apache/hadoop/hadoop-hdds-tools/0.5.0-SNAPSHOT/hadoop-hdds-tools-0.5.0-SNAPSHOT.jar:/home/user/.m2/repository/org/apache/hadoop/hadoop-hdds-server-scm/0.5.0-SNAPSHOT/hadoop-hdds-server-scm-0.5.0-SNAPSHOT.jar:/home/user/.m2/repository/org/apache/hadoop/hadoop-hdds-docs/0.5.0-SNAPSHOT/hadoop-hdds-docs-0.5.0-SNAPSHOT.jar:/home/user/.m2/repository/io/dropwizard/metrics/metrics-core/3.2.4/metrics-core-3.2.4.jar:/home/user/.m2/repository/org/hamcrest/hamcrest-all/1.3/hamcrest-all-1.3.jar:/home/user/.m2/repository/org/bouncycastle/bcprov-jdk15on/1.60/bcprov-jdk15on-1.60.jar:/home/user/.m2/repository/info/picocli/picocli/3.9.6/picocli-3.9.6.jar:/home/user/.m2/repository/com/google/protobuf/protobuf-java/2.5.0/protobuf-java-2.5.0.jar:/home/user/.m2/repository/com/google/guava/guava/11.0.2/guava-11.0.2.jar:/home/user/.m2/repository/org/apache/hadoop/hadoop-ozone-ozone-manager/0.5.0-SNAPSHOT/hadoop-ozone-ozone-manager-0.5.0-SNAPSHOT.jar:/home/user/.m2/repository/org/apache/hadoop/hadoop-minikdc/3.2.0/hadoop-minikdc-3.2.0.jar:/home/user/.m2/repository/commons-io/commons-io/2.5/commons-io-2.5.jar:/home/user/.m2/repository/org/apache/kerby/kerb-simplekdc/1.0.1/kerb-simplekdc-1.0.1.jar:/home/user/.m2/repository/org/apache/kerby/kerb-client/1.0.1/kerb-client-1.0.1.jar:/home/user/.m2/repository/org/apache/kerby/kerby-config/1.0.1/kerby-config-1.0.1.jar:/home/user/.m2/repository/org/apache/kerby/kerb-core/1.0.1/kerb-core-1.0.1.jar:/home/user/.m2/repository/org/apache/kerby/kerby-pkix/1.0.1/kerby-pkix-1.0.1.jar:/home/user/.m2/repository/org/apache/kerby/kerby-asn1/1.0.1/kerby-asn1-1.0.1.jar:/home/user/.m2/repository/org/apache/kerby/kerby-util/1.0.1/kerby-util-1.0.1.jar:/home/user/.m2/repository/org/apache/kerby/kerb-common/1.0.1/kerb-common-1.0.1.jar:/home/user/.m2/repository/org/apache/kerby/kerb-crypto/1.0.1/kerb-crypto-1.0.1.jar:/home/user/.m2/repository/org/apache/kerby/kerb-util/1.0.1/kerb-util-1.0.1.jar:/home/user/.m2/repository/org/apache/kerby/token-provider/1.0.1/token-provider-1.0.1.jar:/home/user/.m2/repository/org/apache/kerby/kerb-admin/1.0.1/kerb-admin-1.0.1.jar:/home/user/.m2/repository/org/apache/kerby/kerb-server/1.0.1/kerb-server-1.0.1.jar:/home/user/.m2/repository/org/apache/kerby/kerb-identity/1.0.1/kerb-identity-1.0.1.jar:/home/user/.m2/repository/org/apache/kerby/kerby-xdr/1.0.1/kerby-xdr-1.0.1.jar:/home/user/.m2/repository/org/slf4j/slf4j-log4j12/1.7.25/slf4j-log4j12-1.7.25.jar:/home/user/.m2/repository/org/apache/hadoop/hadoop-ozone-objectstore-service/0.5.0-SNAPSHOT/hadoop-ozone-objectstore-service-0.5.0-SNAPSHOT.jar:/home/user/.m2/repository/org/apache/hadoop/hadoop-ozone-s3gateway/0.5.0-SNAPSHOT/hadoop-ozone-s3gateway-0.5.0-SNAPSHOT.jar:/home/user/.m2/repository/org/jboss/weld/servlet/weld-servlet/2.4.7.Final/weld-servlet-2.4.7.Final.jar:/home/user/.m2/repository/org/glassfish/jersey/containers/jersey-container-servlet-core/2.27/jersey-container-servlet-core-2.27.jar:/home/user/.m2/repository/org/glassfish/hk2/external/javax.inject/2.5.0-b42/javax.inject-2.5.0-b42.jar:/home/user/.m2/repository/org/glassfish/jersey/core/jersey-common/2.27/jersey-common-2.27.jar:/home/user/.m2/repository/org/glassfish/hk2/osgi-resource-locator/1.0.1/osgi-resource-locator-1.0.1.jar:/home/user/.m2/repository/javax/ws/rs/javax.ws.rs-api/2.1/javax.ws.rs-api-2.1.jar:/home/user/.m2/repository/org/glassfish/jersey/ext/cdi/jersey-cdi1x/2.27/jersey-cdi1x-2.27.jar:/home/user/.m2/repository/org/glassfish/jersey/inject/jersey-hk2/2.27/jersey-hk2-2.27.jar:/home/user/.m2/repository/org/glassfish/hk2/hk2-locator/2.5.0-b42/hk2-locator-2.5.0-b42.jar:/home/user/.m2/repository/org/javassist/javassist/3.22.0-CR2/javassist-3.22.0-CR2.jar:/home/user/.m2/repository/org/glassfish/hk2/hk2-api/2.5.0/hk2-api-2.5.0.jar:/home/user/.m2/repository/org/glassfish/hk2/external/jakarta.inject/2.5.0/jakarta.inject-2.5.0.jar:/home/user/.m2/repository/org/glassfish/hk2/hk2-utils/2.5.0/hk2-utils-2.5.0.jar:/home/user/.m2/repository/jakarta/annotation/jakarta.annotation-api/1.3.4/jakarta.annotation-api-1.3.4.jar:/home/user/.m2/repository/org/glassfish/hk2/external/aopalliance-repackaged/2.5.0/aopalliance-repackaged-2.5.0.jar:/home/user/.m2/repository/com/fasterxml/jackson/dataformat/jackson-dataformat-xml/2.9.0/jackson-dataformat-xml-2.9.0.jar:/home/user/.m2/repository/com/fasterxml/jackson/core/jackson-core/2.9.5/jackson-core-2.9.5.jar:/home/user/.m2/repository/com/fasterxml/jackson/module/jackson-module-jaxb-annotations/2.9.5/jackson-module-jaxb-annotations-2.9.5.jar:/home/user/.m2/repository/javax/enterprise/cdi-api/1.2/cdi-api-1.2.jar:/home/user/.m2/repository/javax/el/javax.el-api/3.0.0/javax.el-api-3.0.0.jar:/home/user/.m2/repository/javax/interceptor/javax.interceptor-api/1.2/javax.interceptor-api-1.2.jar:/home/user/.m2/repository/javax/inject/javax.inject/1/javax.inject-1.jar:/home/user/.m2/repository/com/sun/xml/bind/jaxb-impl/2.3.0.1/jaxb-impl-2.3.0.1.jar:/home/user/.m2/repository/com/sun/xml/bind/jaxb-core/2.3.0.1/jaxb-core-2.3.0.1.jar:/home/user/.m2/repository/javax/xml/bind/jaxb-api/2.3.0/jaxb-api-2.3.0.jar:/home/user/.m2/repository/javax/activation/activation/1.1.1/activation-1.1.1.jar:/home/user/.m2/repository/org/apache/hadoop/hadoop-ozone-csi/0.5.0-SNAPSHOT/hadoop-ozone-csi-0.5.0-SNAPSHOT.jar:/home/user/.m2/repository/com/google/protobuf/protobuf-java-util/3.5.1/protobuf-java-util-3.5.1.jar:/home/user/.m2/repository/org/apache/hadoop/hadoop-hdds-config/0.5.0-SNAPSHOT/hadoop-hdds-config-0.5.0-SNAPSHOT.jar:/home/user/.m2/repository/io/grpc/grpc-netty/1.17.1/grpc-netty-1.17.1.jar:/home/user/.m2/repository/io/grpc/grpc-core/1.17.1/grpc-core-1.17.1.jar:/home/user/.m2/repository/io/grpc/grpc-context/1.17.1/grpc-context-1.17.1.jar:/home/user/.m2/repository/com/google/errorprone/error_prone_annotations/2.2.0/error_prone_annotations-2.2.0.jar:/home/user/.m2/repository/org/codehaus/mojo/animal-sniffer-annotations/1.17/animal-sniffer-annotations-1.17.jar:/home/user/.m2/repository/io/opencensus/opencensus-api/0.17.0/opencensus-api-0.17.0.jar:/home/user/.m2/repository/io/opencensus/opencensus-contrib-grpc-metrics/0.17.0/opencensus-contrib-grpc-metrics-0.17.0.jar:/home/user/.m2/repository/io/netty/netty-codec-http2/4.1.30.Final/netty-codec-http2-4.1.30.Final.jar:/home/user/.m2/repository/io/netty/netty-codec-http/4.1.30.Final/netty-codec-http-4.1.30.Final.jar:/home/user/.m2/repository/io/netty/netty-codec/4.1.30.Final/netty-codec-4.1.30.Final.jar:/home/user/.m2/repository/io/netty/netty-handler/4.1.30.Final/netty-handler-4.1.30.Final.jar:/home/user/.m2/repository/io/netty/netty-handler-proxy/4.1.30.Final/netty-handler-proxy-4.1.30.Final.jar:/home/user/.m2/repository/io/netty/netty-codec-socks/4.1.30.Final/netty-codec-socks-4.1.30.Final.jar:/home/user/.m2/repository/io/netty/netty-transport-native-epoll/4.1.30.Final/netty-transport-native-epoll-4.1.30.Final.jar:/home/user/.m2/repository/io/netty/netty-common/4.1.30.Final/netty-common-4.1.30.Final.jar:/home/user/.m2/repository/io/netty/netty-buffer/4.1.30.Final/netty-buffer-4.1.30.Final.jar:/home/user/.m2/repository/io/netty/netty-transport/4.1.30.Final/netty-transport-4.1.30.Final.jar:/home/user/.m2/repository/io/netty/netty-resolver/4.1.30.Final/netty-resolver-4.1.30.Final.jar:/home/user/.m2/repository/io/netty/netty-transport-native-unix-common/4.1.30.Final/netty-transport-native-unix-common-4.1.30.Final.jar:/home/user/.m2/repository/io/grpc/grpc-protobuf/1.17.1/grpc-protobuf-1.17.1.jar:/home/user/.m2/repository/com/google/api/grpc/proto-google-common-protos/1.0.0/proto-google-common-protos-1.0.0.jar:/home/user/.m2/repository/io/grpc/grpc-protobuf-lite/1.17.1/grpc-protobuf-lite-1.17.1.jar:/home/user/.m2/repository/io/grpc/grpc-stub/1.17.1/grpc-stub-1.17.1.jar:/home/user/.m2/repository/org/apache/hadoop/hadoop-ozone-recon/0.5.0-SNAPSHOT/hadoop-ozone-recon-0.5.0-SNAPSHOT.jar:/home/user/.m2/repository/org/apache/hadoop/hadoop-ozone-reconcodegen/0.5.0-SNAPSHOT/hadoop-ozone-reconcodegen-0.5.0-SNAPSHOT.jar:/home/user/.m2/repository/com/google/inject/extensions/guice-multibindings/4.0/guice-multibindings-4.0.jar:/home/user/.m2/repository/com/google/inject/guice/4.0/guice-4.0.jar:/home/user/.m2/repository/aopalliance/aopalliance/1.0/aopalliance-1.0.jar:/home/user/.m2/repository/com/google/inject/extensions/guice-servlet/4.0/guice-servlet-4.0.jar:/home/user/.m2/repository/org/glassfish/jersey/containers/jersey-container-servlet/2.27/jersey-container-servlet-2.27.jar:/home/user/.m2/repository/org/glassfish/hk2/guice-bridge/2.5.0/guice-bridge-2.5.0.jar:/home/user/.m2/repository/org/glassfish/jersey/core/jersey-server/2.27/jersey-server-2.27.jar:/home/user/.m2/repository/org/glassfish/jersey/core/jersey-client/2.27/jersey-client-2.27.jar:/home/user/.m2/repository/org/glassfish/jersey/media/jersey-media-jaxb/2.27/jersey-media-jaxb-2.27.jar:/home/user/.m2/repository/javax/validation/validation-api/1.1.0.Final/validation-api-1.1.0.Final.jar:/home/user/.m2/repository/org/glassfish/jersey/media/jersey-media-json-jackson/2.27/jersey-media-json-jackson-2.27.jar:/home/user/.m2/repository/org/glassfish/jersey/ext/jersey-entity-filtering/2.27/jersey-entity-filtering-2.27.jar:/home/user/.m2/repository/com/google/inject/extensions/guice-assistedinject/4.0/guice-assistedinject-4.0.jar:/home/user/.m2/repository/org/jooq/jooq/3.11.10/jooq-3.11.10.jar:/home/user/.m2/repository/org/jooq/jooq-meta/3.11.10/jooq-meta-3.11.10.jar:/home/user/.m2/repository/org/jooq/jooq-codegen/3.11.10/jooq-codegen-3.11.10.jar:/home/user/.m2/repository/com/jolbox/bonecp/0.8.0.RELEASE/bonecp-0.8.0.RELEASE.jar:/home/user/.m2/repository/org/xerial/sqlite-jdbc/3.25.2/sqlite-jdbc-3.25.2.jar:/home/user/.m2/repository/org/springframework/spring-jdbc/5.1.3.RELEASE/spring-jdbc-5.1.3.RELEASE.jar:/home/user/.m2/repository/org/springframework/spring-beans/5.1.3.RELEASE/spring-beans-5.1.3.RELEASE.jar:/home/user/.m2/repository/org/springframework/spring-core/5.1.3.RELEASE/spring-core-5.1.3.RELEASE.jar:/home/user/.m2/repository/org/springframework/spring-jcl/5.1.3.RELEASE/spring-jcl-5.1.3.RELEASE.jar:/home/user/.m2/repository/org/springframework/spring-tx/5.1.3.RELEASE/spring-tx-5.1.3.RELEASE.jar:/home/user/.m2/repository/org/apache/hadoop/hadoop-ozone-client/0.5.0-SNAPSHOT/hadoop-ozone-client-0.5.0-SNAPSHOT.jar:/home/user/.m2/repository/commons-lang/commons-lang/2.6/commons-lang-2.6.jar:/home/user/.m2/repository/org/apache/hadoop/hadoop-ozone-ozone-manager/0.5.0-SNAPSHOT/hadoop-ozone-ozone-manager-0.5.0-SNAPSHOT-tests.jar:/home/user/.m2/repository/junit/junit/4.11/junit-4.11.jar:/home/user/.m2/repository/org/hamcrest/hamcrest-core/1.3/hamcrest-core-1.3.jar:/home/user/.m2/repository/org/openjdk/jmh/jmh-core/1.19/jmh-core-1.19.jar:/home/user/.m2/repository/net/sf/jopt-simple/jopt-simple/4.6/jopt-simple-4.6.jar:/home/user/.m2/repository/org/apache/commons/commons-math3/3.1.1/commons-math3-3.1.1.jar:/home/user/.m2/repository/org/openjdk/jmh/jmh-generator-annprocess/1.19/jmh-generator-annprocess-1.19.jar:/home/user/.m2/repository/org/mockito/mockito-all/1.8.5/mockito-all-1.8.5.jar:/home/user/.m2/repository/org/apache/hadoop/hadoop-kms/3.2.0/hadoop-kms-3.2.0.jar:/home/user/.m2/repository/org/apache/hadoop/hadoop-auth/3.2.0/hadoop-auth-3.2.0.jar:/home/user/.m2/repository/com/nimbusds/nimbus-jose-jwt/4.41.1/nimbus-jose-jwt-4.41.1.jar:/home/user/.m2/repository/com/github/stephenc/jcip/jcip-annotations/1.0-1/jcip-annotations-1.0-1.jar:/home/user/.m2/repository/net/minidev/json-smart/2.3/json-smart-2.3.jar:/home/user/.m2/repository/net/minidev/accessors-smart/1.2/accessors-smart-1.2.jar:/home/user/.m2/repository/org/ow2/asm/asm/5.0.4/asm-5.0.4.jar:/home/user/.m2/repository/org/apache/curator/curator-framework/2.12.0/curator-framework-2.12.0.jar:/home/user/.m2/repository/com/sun/jersey/jersey-core/1.19/jersey-core-1.19.jar:/home/user/.m2/repository/javax/ws/rs/jsr311-api/1.1.1/jsr311-api-1.1.1.jar:/home/user/.m2/repository/com/sun/jersey/jersey-server/1.19/jersey-server-1.19.jar:/home/user/.m2/repository/javax/servlet/javax.servlet-api/3.1.0/javax.servlet-api-3.1.0.jar:/home/user/.m2/repository/org/eclipse/jetty/jetty-server/9.3.24.v20180605/jetty-server-9.3.24.v20180605.jar:/home/user/.m2/repository/org/eclipse/jetty/jetty-http/9.3.24.v20180605/jetty-http-9.3.24.v20180605.jar:/home/user/.m2/repository/org/eclipse/jetty/jetty-io/9.3.24.v20180605/jetty-io-9.3.24.v20180605.jar:/home/user/.m2/repository/org/eclipse/jetty/jetty-webapp/9.3.24.v20180605/jetty-webapp-9.3.24.v20180605.jar:/home/user/.m2/repository/org/eclipse/jetty/jetty-xml/9.3.24.v20180605/jetty-xml-9.3.24.v20180605.jar:/home/user/.m2/repository/log4j/log4j/1.2.17/log4j-1.2.17.jar:/home/user/.m2/repository/org/slf4j/slf4j-api/1.7.25/slf4j-api-1.7.25.jar:/home/user/.m2/repository/org/slf4j/jul-to-slf4j/1.7.25/jul-to-slf4j-1.7.25.jar:/home/user/.m2/repository/org/eclipse/jetty/jetty-util/9.3.24.v20180605/jetty-util-9.3.24.v20180605.jar:/home/user/.m2/repository/com/fasterxml/jackson/core/jackson-databind/2.9.5/jackson-databind-2.9.5.jar:/home/user/.m2/repository/org/apache/hadoop/hadoop-kms/3.2.0/hadoop-kms-3.2.0-tests.jar:/home/user/.m2/repository/org/apache/hadoop/hadoop-hdds-server-scm/0.5.0-SNAPSHOT/hadoop-hdds-server-scm-0.5.0-SNAPSHOT-tests.jar:/home/user/.m2/repository/org/apache/hadoop/hadoop-hdds-container-service/0.5.0-SNAPSHOT/hadoop-hdds-container-service-0.5.0-SNAPSHOT-tests.jar:/home/user/.m2/repository/org/yaml/snakeyaml/1.16/snakeyaml-1.16.jar:/home/user/.m2/repository/org/apache/hadoop/hadoop-common/3.2.0/hadoop-common-3.2.0-tests.jar:/home/user/.m2/repository/org/apache/hadoop/hadoop-annotations/3.2.0/hadoop-annotations-3.2.0.jar:/usr/lib/jvm/java-1.8-openjdk/jre/../lib/tools.jar:/home/user/.m2/repository/commons-cli/commons-cli/1.2/commons-cli-1.2.jar:/home/user/.m2/repository/org/apache/httpcomponents/httpclient/4.5.2/httpclient-4.5.2.jar:/home/user/.m2/repository/org/apache/httpcomponents/httpcore/4.4.4/httpcore-4.4.4.jar:/home/user/.m2/repository/commons-codec/commons-codec/1.11/commons-codec-1.11.jar:/home/user/.m2/repository/commons-net/commons-net/3.6/commons-net-3.6.jar:/home/user/.m2/repository/commons-collections/commons-collections/3.2.2/commons-collections-3.2.2.jar:/home/user/.m2/repository/org/eclipse/jetty/jetty-servlet/9.3.24.v20180605/jetty-servlet-9.3.24.v20180605.jar:/home/user/.m2/repository/org/eclipse/jetty/jetty-security/9.3.24.v20180605/jetty-security-9.3.24.v20180605.jar:/home/user/.m2/repository/javax/servlet/jsp/jsp-api/2.1/jsp-api-2.1.jar:/home/user/.m2/repository/com/sun/jersey/jersey-servlet/1.19/jersey-servlet-1.19.jar:/home/user/.m2/repository/com/sun/jersey/jersey-json/1.19/jersey-json-1.19.jar:/home/user/.m2/repository/org/codehaus/jettison/jettison/1.1/jettison-1.1.jar:/home/user/.m2/repository/org/codehaus/jackson/jackson-core-asl/1.9.13/jackson-core-asl-1.9.13.jar:/home/user/.m2/repository/org/codehaus/jackson/jackson-mapper-asl/1.9.13/jackson-mapper-asl-1.9.13.jar:/home/user/.m2/repository/org/codehaus/jackson/jackson-jaxrs/1.9.13/jackson-jaxrs-1.9.13.jar:/home/user/.m2/repository/org/codehaus/jackson/jackson-xc/1.9.13/jackson-xc-1.9.13.jar:/home/user/.m2/repository/commons-logging/commons-logging/1.1.3/commons-logging-1.1.3.jar:/home/user/.m2/repository/commons-beanutils/commons-beanutils/1.9.3/commons-beanutils-1.9.3.jar:/home/user/.m2/repository/org/apache/commons/commons-configuration2/2.1.1/commons-configuration2-2.1.1.jar:/home/user/.m2/repository/org/apache/commons/commons-lang3/3.7/commons-lang3-3.7.jar:/home/user/.m2/repository/org/apache/commons/commons-text/1.4/commons-text-1.4.jar:/home/user/.m2/repository/org/apache/avro/avro/1.7.7/avro-1.7.7.jar:/home/user/.m2/repository/com/thoughtworks/paranamer/paranamer/2.3/paranamer-2.3.jar:/home/user/.m2/repository/org/xerial/snappy/snappy-java/1.0.5/snappy-java-1.0.5.jar:/home/user/.m2/repository/com/google/re2j/re2j/1.1/re2j-1.1.jar:/home/user/.m2/repository/com/google/code/gson/gson/2.2.4/gson-2.2.4.jar:/home/user/.m2/repository/com/jcraft/jsch/0.1.54/jsch-0.1.54.jar:/home/user/.m2/repository/org/apache/curator/curator-client/2.12.0/curator-client-2.12.0.jar:/home/user/.m2/repository/org/apache/curator/curator-recipes/2.12.0/curator-recipes-2.12.0.jar:/home/user/.m2/repository/com/google/code/findbugs/jsr305/3.0.0/jsr305-3.0.0.jar:/home/user/.m2/repository/org/apache/htrace/htrace-core4/4.1.0-incubating/htrace-core4-4.1.0-incubating.jar:/home/user/.m2/repository/org/apache/zookeeper/zookeeper/3.4.13/zookeeper-3.4.13.jar:/home/user/.m2/repository/org/apache/yetus/audience-annotations/0.5.0/audience-annotations-0.5.0.jar:/home/user/.m2/repository/org/codehaus/woodstox/stax2-api/3.1.4/stax2-api-3.1.4.jar:/home/user/.m2/repository/com/fasterxml/woodstox/woodstox-core/5.0.3/woodstox-core-5.0.3.jar:/home/user/.m2/repository/dnsjava/dnsjava/2.1.7/dnsjava-2.1.7.jar:/home/user/.m2/repository/org/apache/hadoop/hadoop-hdfs/3.2.0/hadoop-hdfs-3.2.0-tests.jar:/home/user/.m2/repository/org/eclipse/jetty/jetty-util-ajax/9.3.24.v20180605/jetty-util-ajax-9.3.24.v20180605.jar:/home/user/.m2/repository/commons-daemon/commons-daemon/1.0.13/commons-daemon-1.0.13.jar:/home/user/.m2/repository/io/netty/netty/3.10.5.Final/netty-3.10.5.Final.jar:/home/user/.m2/repository/io/netty/netty-all/4.0.52.Final/netty-all-4.0.52.Final.jar:/home/user/.m2/repository/org/fusesource/leveldbjni/leveldbjni-all/1.8/leveldbjni-all-1.8.jar:"/>
    <property name="sun.cpu.endian" value="little"/>
    <property name="user.home" value="/home/user"/>
    <property name="user.language" value="en"/>
    <property name="java.specification.vendor" value="Oracle Corporation"/>
    <property name="java.home" value="/usr/lib/jvm/java-1.8-openjdk/jre"/>
    <property name="java.security.krb5.conf" value="/opt/src/hadoop-ozone/integration-test/target/test-classes/krb5.conf"/>
    <property name="basedir" value="/opt/src/hadoop-ozone/integration-test"/>
    <property name="file.separator" value="/"/>
    <property name="line.separator" value="&#10;"/>
    <property name="java.vm.specification.vendor" value="Oracle Corporation"/>
    <property name="java.specification.name" value="Java Platform API Specification"/>
    <property name="java.awt.graphicsenv" value="sun.awt.X11GraphicsEnvironment"/>
    <property name="surefire.real.class.path" value="/opt/src/hadoop-ozone/integration-test/target/surefire/surefirebooter2304632046556369188.jar"/>
    <property name="hadoop.log.dir" value="/opt/src/hadoop-ozone/integration-test/target/log"/>
    <property name="sun.boot.class.path" value="/usr/lib/jvm/java-1.8-openjdk/jre/lib/resources.jar:/usr/lib/jvm/java-1.8-openjdk/jre/lib/rt.jar:/usr/lib/jvm/java-1.8-openjdk/jre/lib/sunrsasign.jar:/usr/lib/jvm/java-1.8-openjdk/jre/lib/jsse.jar:/usr/lib/jvm/java-1.8-openjdk/jre/lib/jce.jar:/usr/lib/jvm/java-1.8-openjdk/jre/lib/charsets.jar:/usr/lib/jvm/java-1.8-openjdk/jre/lib/jfr.jar:/usr/lib/jvm/java-1.8-openjdk/jre/classes"/>
    <property name="sun.management.compiler" value="HotSpot 64-Bit Tiered Compilers"/>
    <property name="java.runtime.version" value="1.8.0_212-b04"/>
    <property name="java.net.preferIPv4Stack" value="true"/>
    <property name="user.name" value="jenkins1000"/>
    <property name="path.separator" value=":"/>
    <property name="java.security.egd" value="file:///dev/urandom"/>
    <property name="os.version" value="3.10.0-957.12.2.el7.x86_64"/>
    <property name="java.endorsed.dirs" value="/usr/lib/jvm/java-1.8-openjdk/jre/lib/endorsed"/>
    <property name="java.runtime.name" value="OpenJDK Runtime Environment"/>
    <property name="file.encoding" value="UTF-8"/>
    <property name="java.vm.name" value="OpenJDK 64-Bit Server VM"/>
    <property name="test.build.webapps" value=""/>
    <property name="localRepository" value="/home/user/.m2/repository"/>
    <property name="java.vendor.url.bug" value="https://icedtea.classpath.org/bugzilla"/>
    <property name="java.io.tmpdir" value="/tmp"/>
    <property name="require.test.libhadoop" value=""/>
    <property name="java.version" value="1.8.0_212"/>
    <property name="user.dir" value="/opt/src/hadoop-ozone/integration-test"/>
    <property name="os.arch" value="amd64"/>
    <property name="java.vm.specification.name" value="Java Virtual Machine Specification"/>
    <property name="test.build.classes" value="/opt/src/hadoop-ozone/integration-test/target/test-classes"/>
    <property name="java.awt.printerjob" value="sun.print.PSPrinterJob"/>
    <property name="sun.os.patch.level" value="unknown"/>
    <property name="hadoop.tmp.dir" value="/opt/src/hadoop-ozone/integration-test/target/tmp"/>
    <property name="java.library.path" value="/usr/lib/jvm/java-1.8-openjdk/jre/lib/amd64/server:/usr/lib/jvm/java-1.8-openjdk/jre/lib/amd64:/usr/lib/jvm/java-1.8-openjdk/jre/../lib/amd64:/opt/src/hadoop-ozone/integration-test/target/native/target/usr/local/lib:/opt/src/hadoop-ozone/integration-test/../../hadoop-common-project/hadoop-common/target/native/target/usr/local/lib:/usr/java/packages/lib/amd64:/usr/lib64:/lib64:/lib:/usr/lib"/>
    <property name="java.vm.info" value="mixed mode"/>
    <property name="java.vendor" value="IcedTea"/>
    <property name="java.vm.version" value="25.212-b04"/>
    <property name="java.ext.dirs" value="/usr/lib/jvm/java-1.8-openjdk/jre/lib/ext:/usr/java/packages/lib/ext"/>
    <property name="sun.io.unicode.encoding" value="UnicodeLittle"/>
    <property name="java.class.version" value="52.0"/>
  </properties>
  <testcase name="testPipelineFail" classname="org.apache.hadoop.hdds.scm.pipeline.TestNodeFailure" time="0">
    <skipped/>
    <system-out><![CDATA[2019-07-04 15:14:29,731 WARN  server.ServerUtils (ServerUtils.java:getScmDbDir(145)) - ozone.scm.db.dirs is not configured. We recommend adding this setting. Falling back to ozone.metadata.dirs instead.
2019-07-04 15:14:29,875 WARN  server.ServerUtils (ServerUtils.java:getScmDbDir(145)) - ozone.scm.db.dirs is not configured. We recommend adding this setting. Falling back to ozone.metadata.dirs instead.
2019-07-04 15:14:29,880 WARN  server.ServerUtils (ServerUtils.java:getScmDbDir(145)) - ozone.scm.db.dirs is not configured. We recommend adding this setting. Falling back to ozone.metadata.dirs instead.
2019-07-04 15:14:29,900 INFO  util.log (Log.java:initialized(192)) - Logging initialized @919ms
2019-07-04 15:14:30,000 INFO  db.DBStoreBuilder (DBStoreBuilder.java:addTable(110)) - using custom profile for table: deletedBlocks
2019-07-04 15:14:30,000 INFO  db.DBStoreBuilder (DBStoreBuilder.java:processTables(161)) - Using default column profile:DBProfile.DISK for Table:deletedBlocks
2019-07-04 15:14:30,001 INFO  db.DBStoreBuilder (DBStoreBuilder.java:addTable(110)) - using custom profile for table: validCerts
2019-07-04 15:14:30,001 INFO  db.DBStoreBuilder (DBStoreBuilder.java:processTables(161)) - Using default column profile:DBProfile.DISK for Table:validCerts
2019-07-04 15:14:30,001 INFO  db.DBStoreBuilder (DBStoreBuilder.java:addTable(110)) - using custom profile for table: revokedCerts
2019-07-04 15:14:30,002 INFO  db.DBStoreBuilder (DBStoreBuilder.java:processTables(161)) - Using default column profile:DBProfile.DISK for Table:revokedCerts
2019-07-04 15:14:30,013 INFO  db.DBStoreBuilder (DBStoreBuilder.java:addTable(110)) - using custom profile for table: default
2019-07-04 15:14:30,014 INFO  db.DBStoreBuilder (DBStoreBuilder.java:processTables(167)) - Using default column profile:DBProfile.DISK for Table:default
2019-07-04 15:14:30,015 INFO  db.DBStoreBuilder (DBStoreBuilder.java:getDbProfile(198)) - Using default options. DBProfile.DISK
2019-07-04 15:14:30,208 INFO  net.NodeSchemaLoader (NodeSchemaLoader.java:loadSchemaFromFile(125)) - Loading file from sun.misc.CompoundEnumeration@c33b74f
2019-07-04 15:14:30,211 INFO  net.NodeSchemaLoader (NodeSchemaLoader.java:loadSchema(171)) - Loading network topology layer schema file
2019-07-04 15:14:30,302 INFO  node.SCMNodeManager (SCMNodeManager.java:<init>(119)) - Entering startup safe mode.
2019-07-04 15:14:30,387 WARN  server.ServerUtils (ServerUtils.java:getScmDbDir(145)) - ozone.scm.db.dirs is not configured. We recommend adding this setting. Falling back to ozone.metadata.dirs instead.
2019-07-04 15:14:30,447 INFO  pipeline.SCMPipelineManager (SCMPipelineManager.java:initializePipelineState(126)) - No pipeline exists in current db
2019-07-04 15:14:30,450 WARN  server.ServerUtils (ServerUtils.java:getScmDbDir(145)) - ozone.scm.db.dirs is not configured. We recommend adding this setting. Falling back to ozone.metadata.dirs instead.
2019-07-04 15:14:30,569 WARN  events.EventQueue (EventQueue.java:fireEvent(175)) - No event handler registered for event TypedEvent{payloadType=SafeModeStatus, name='SafeModeStatus'}
2019-07-04 15:14:30,910 INFO  ipc.CallQueueManager (CallQueueManager.java:<init>(84)) - Using callQueue: class java.util.concurrent.LinkedBlockingQueue, queueCapacity: 2000, scheduler: class org.apache.hadoop.ipc.DefaultRpcScheduler, ipcBackoff: false.
2019-07-04 15:14:30,938 INFO  ipc.Server (Server.java:run(1074)) - Starting Socket Reader #1 for port 32963
2019-07-04 15:14:30,960 INFO  ipc.CallQueueManager (CallQueueManager.java:<init>(84)) - Using callQueue: class java.util.concurrent.LinkedBlockingQueue, queueCapacity: 2000, scheduler: class org.apache.hadoop.ipc.DefaultRpcScheduler, ipcBackoff: false.
2019-07-04 15:14:30,961 INFO  ipc.Server (Server.java:run(1074)) - Starting Socket Reader #1 for port 36875
2019-07-04 15:14:30,968 INFO  ipc.CallQueueManager (CallQueueManager.java:<init>(84)) - Using callQueue: class java.util.concurrent.LinkedBlockingQueue, queueCapacity: 2000, scheduler: class org.apache.hadoop.ipc.DefaultRpcScheduler, ipcBackoff: false.
2019-07-04 15:14:30,969 INFO  ipc.Server (Server.java:run(1074)) - Starting Socket Reader #1 for port 33801
2019-07-04 15:14:31,103 INFO  hdfs.DFSUtil (DFSUtil.java:httpServerTemplateForNNAndJN(1641)) - Starting Web-server for scm at: http://0.0.0.0:0
2019-07-04 15:14:31,265 INFO  server.AuthenticationFilter (AuthenticationFilter.java:constructSecretProvider(240)) - Unable to initialize FileSignerSecretProvider, falling back to use random secrets.
2019-07-04 15:14:31,272 WARN  http.HttpRequestLog (HttpRequestLog.java:getRequestLog(97)) - Jetty request log can only be enabled using Log4j
2019-07-04 15:14:31,280 INFO  http.HttpServer2 (HttpServer2.java:addGlobalFilter(975)) - Added global filter 'safety' (class=org.apache.hadoop.http.HttpServer2$QuotingInputFilter)
2019-07-04 15:14:31,282 INFO  http.HttpServer2 (HttpServer2.java:addFilter(948)) - Added filter static_user_filter (class=org.apache.hadoop.http.lib.StaticUserWebFilter$StaticUserFilter) to context scm
2019-07-04 15:14:31,282 INFO  http.HttpServer2 (HttpServer2.java:addFilter(958)) - Added filter static_user_filter (class=org.apache.hadoop.http.lib.StaticUserWebFilter$StaticUserFilter) to context static
2019-07-04 15:14:31,283 INFO  http.HttpServer2 (HttpServer2.java:addFilter(958)) - Added filter static_user_filter (class=org.apache.hadoop.http.lib.StaticUserWebFilter$StaticUserFilter) to context logs
2019-07-04 15:14:31,309 INFO  server.StorageContainerManager (StorageContainerManager.java:start(753)) - StorageContainerLocationProtocol RPC server is listening at /0.0.0.0:33801
2019-07-04 15:14:31,366 WARN  impl.MetricsConfig (MetricsConfig.java:loadFirst(134)) - Cannot locate configuration: tried hadoop-metrics2-storagecontainermanager.properties,hadoop-metrics2.properties
2019-07-04 15:14:31,378 INFO  impl.MetricsSystemImpl (MetricsSystemImpl.java:startTimer(374)) - Scheduled Metric snapshot period at 10 second(s).
2019-07-04 15:14:31,378 INFO  impl.MetricsSystemImpl (MetricsSystemImpl.java:start(191)) - StorageContainerManager metrics system started
2019-07-04 15:14:31,591 INFO  server.SCMClientProtocolServer (SCMClientProtocolServer.java:start(149)) - RPC server for Client  is listening at /0.0.0.0:33801
2019-07-04 15:14:31,592 INFO  ipc.Server (Server.java:run(1314)) - IPC Server Responder: starting
2019-07-04 15:14:31,592 INFO  ipc.Server (Server.java:run(1153)) - IPC Server listener on 33801: starting
2019-07-04 15:14:31,595 INFO  server.StorageContainerManager (StorageContainerManager.java:start(762)) - ScmBlockLocationProtocol RPC server is listening at /0.0.0.0:36875
2019-07-04 15:14:31,595 INFO  server.SCMBlockProtocolServer (SCMBlockProtocolServer.java:start(137)) - RPC server for Block Protocol is listening at /0.0.0.0:36875
2019-07-04 15:14:31,597 INFO  ipc.Server (Server.java:run(1314)) - IPC Server Responder: starting
2019-07-04 15:14:31,597 INFO  ipc.Server (Server.java:run(1153)) - IPC Server listener on 36875: starting
2019-07-04 15:14:31,608 INFO  server.StorageContainerManager (StorageContainerManager.java:start(766)) - ScmDatanodeProtocl RPC server is listening at /0.0.0.0:32963
2019-07-04 15:14:31,608 INFO  server.SCMDatanodeProtocolServer (SCMDatanodeProtocolServer.java:start(191)) - RPC server for DataNodes is listening at /0.0.0.0:32963
2019-07-04 15:14:31,610 INFO  ipc.Server (Server.java:run(1314)) - IPC Server Responder: starting
2019-07-04 15:14:31,610 INFO  ipc.Server (Server.java:run(1153)) - IPC Server listener on 32963: starting
2019-07-04 15:14:31,624 INFO  http.HttpServer2 (HttpServer2.java:bindListener(1191)) - Jetty bound to port 34431
2019-07-04 15:14:31,626 INFO  server.Server (Server.java:doStart(351)) - jetty-9.3.24.v20180605, build timestamp: 2018-06-05T17:11:56Z, git hash: 84205aa28f11a4f31f2a3b86d1bba2cc8ab69827
2019-07-04 15:14:31,666 INFO  handler.ContextHandler (ContextHandler.java:doStart(781)) - Started o.e.j.s.ServletContextHandler@2da59753{/logs,file:///opt/src/hadoop-ozone/integration-test/target/log,AVAILABLE}
2019-07-04 15:14:31,667 INFO  handler.ContextHandler (ContextHandler.java:doStart(781)) - Started o.e.j.s.ServletContextHandler@4df5bcb4{/static,file:///opt/src/hadoop-ozone/integration-test/target/test-classes/webapps/static,AVAILABLE}
2019-07-04 15:14:31,698 INFO  handler.ContextHandler (ContextHandler.java:doStart(781)) - Started o.e.j.w.WebAppContext@4fcee388{/,file:///opt/src/hadoop-ozone/integration-test/target/test-classes/webapps/scm/,AVAILABLE}{/scm}
2019-07-04 15:14:31,703 INFO  server.AbstractConnector (AbstractConnector.java:doStart(278)) - Started ServerConnector@674c583e{HTTP/1.1,[http/1.1]}{0.0.0.0:34431}
2019-07-04 15:14:31,703 INFO  server.Server (Server.java:doStart(419)) - Started @2723ms
2019-07-04 15:14:31,704 INFO  server.BaseHttpServer (BaseHttpServer.java:updateConnectorAddress(207)) - HTTP server of SCM is listening at http://0.0.0.0:34431
2019-07-04 15:14:31,712 INFO  util.JvmPauseMonitor (JvmPauseMonitor.java:run(188)) - Starting JVM pause monitor
2019-07-04 15:14:31,713 WARN  server.ServerUtils (ServerUtils.java:getDBPath(222)) - ozone.om.db.dirs is not configured. We recommend adding this setting. Falling back to ozone.metadata.dirs instead.
2019-07-04 15:14:31,809 WARN  server.ServerUtils (ServerUtils.java:getDBPath(222)) - ozone.om.db.dirs is not configured. We recommend adding this setting. Falling back to ozone.metadata.dirs instead.
2019-07-04 15:14:31,810 INFO  om.OzoneManager (OzoneManager.java:setOMNodeDetails(621)) - OM Service ID is not set. Setting it to the default ID: omServiceIdDefault
2019-07-04 15:14:31,810 INFO  om.OzoneManager (OzoneManager.java:setOMNodeDetails(627)) - OM Node ID is not set. Setting it to the OmStorage's OmID: 4595a09e-63b8-4086-a190-fb64aa8b51fd
2019-07-04 15:14:31,811 INFO  om.OzoneManager (OzoneManager.java:loadOMHAConfigs(578)) - Found matching OM address with OMServiceId: null, OMNodeId: null, RPC Address: localhost:0 and Ratis port: 9872
2019-07-04 15:14:32,073 WARN  server.ServerUtils (ServerUtils.java:getDBPath(222)) - ozone.om.db.dirs is not configured. We recommend adding this setting. Falling back to ozone.metadata.dirs instead.
2019-07-04 15:14:32,086 INFO  db.DBStoreBuilder (DBStoreBuilder.java:addTable(110)) - using custom profile for table: userTable
2019-07-04 15:14:32,086 INFO  db.DBStoreBuilder (DBStoreBuilder.java:processTables(161)) - Using default column profile:DBProfile.DISK for Table:userTable
2019-07-04 15:14:32,087 INFO  db.DBStoreBuilder (DBStoreBuilder.java:addTable(110)) - using custom profile for table: volumeTable
2019-07-04 15:14:32,087 INFO  db.DBStoreBuilder (DBStoreBuilder.java:processTables(161)) - Using default column profile:DBProfile.DISK for Table:volumeTable
2019-07-04 15:14:32,087 INFO  db.DBStoreBuilder (DBStoreBuilder.java:addTable(110)) - using custom profile for table: bucketTable
2019-07-04 15:14:32,088 INFO  db.DBStoreBuilder (DBStoreBuilder.java:processTables(161)) - Using default column profile:DBProfile.DISK for Table:bucketTable
2019-07-04 15:14:32,088 INFO  db.DBStoreBuilder (DBStoreBuilder.java:addTable(110)) - using custom profile for table: keyTable
2019-07-04 15:14:32,088 INFO  db.DBStoreBuilder (DBStoreBuilder.java:processTables(161)) - Using default column profile:DBProfile.DISK for Table:keyTable
2019-07-04 15:14:32,089 INFO  db.DBStoreBuilder (DBStoreBuilder.java:addTable(110)) - using custom profile for table: deletedTable
2019-07-04 15:14:32,089 INFO  db.DBStoreBuilder (DBStoreBuilder.java:processTables(161)) - Using default column profile:DBProfile.DISK for Table:deletedTable
2019-07-04 15:14:32,090 INFO  db.DBStoreBuilder (DBStoreBuilder.java:addTable(110)) - using custom profile for table: openKeyTable
2019-07-04 15:14:32,090 INFO  db.DBStoreBuilder (DBStoreBuilder.java:processTables(161)) - Using default column profile:DBProfile.DISK for Table:openKeyTable
2019-07-04 15:14:32,090 INFO  db.DBStoreBuilder (DBStoreBuilder.java:addTable(110)) - using custom profile for table: s3Table
2019-07-04 15:14:32,091 INFO  db.DBStoreBuilder (DBStoreBuilder.java:processTables(161)) - Using default column profile:DBProfile.DISK for Table:s3Table
2019-07-04 15:14:32,091 INFO  db.DBStoreBuilder (DBStoreBuilder.java:addTable(110)) - using custom profile for table: multipartInfoTable
2019-07-04 15:14:32,091 INFO  db.DBStoreBuilder (DBStoreBuilder.java:processTables(161)) - Using default column profile:DBProfile.DISK for Table:multipartInfoTable
2019-07-04 15:14:32,092 INFO  db.DBStoreBuilder (DBStoreBuilder.java:addTable(110)) - using custom profile for table: dTokenTable
2019-07-04 15:14:32,092 INFO  db.DBStoreBuilder (DBStoreBuilder.java:processTables(161)) - Using default column profile:DBProfile.DISK for Table:dTokenTable
2019-07-04 15:14:32,093 INFO  db.DBStoreBuilder (DBStoreBuilder.java:addTable(110)) - using custom profile for table: s3SecretTable
2019-07-04 15:14:32,093 INFO  db.DBStoreBuilder (DBStoreBuilder.java:processTables(161)) - Using default column profile:DBProfile.DISK for Table:s3SecretTable
2019-07-04 15:14:32,094 INFO  db.DBStoreBuilder (DBStoreBuilder.java:addTable(110)) - using custom profile for table: prefixTable
2019-07-04 15:14:32,094 INFO  db.DBStoreBuilder (DBStoreBuilder.java:processTables(161)) - Using default column profile:DBProfile.DISK for Table:prefixTable
2019-07-04 15:14:32,094 INFO  db.DBStoreBuilder (DBStoreBuilder.java:addTable(110)) - using custom profile for table: default
2019-07-04 15:14:32,095 INFO  db.DBStoreBuilder (DBStoreBuilder.java:processTables(167)) - Using default column profile:DBProfile.DISK for Table:default
2019-07-04 15:14:32,095 INFO  db.DBStoreBuilder (DBStoreBuilder.java:getDbProfile(198)) - Using default options. DBProfile.DISK
2019-07-04 15:14:33,007 INFO  ipc.CallQueueManager (CallQueueManager.java:<init>(84)) - Using callQueue: class java.util.concurrent.LinkedBlockingQueue, queueCapacity: 2000, scheduler: class org.apache.hadoop.ipc.DefaultRpcScheduler, ipcBackoff: false.
2019-07-04 15:14:33,009 INFO  ipc.Server (Server.java:run(1074)) - Starting Socket Reader #1 for port 37688
2019-07-04 15:14:33,037 WARN  server.ServerUtils (ServerUtils.java:getDBPath(222)) - ozone.om.db.dirs is not configured. We recommend adding this setting. Falling back to ozone.metadata.dirs instead.
2019-07-04 15:14:33,037 INFO  om.OzoneManager (OzoneManager.java:start(1219)) - OzoneManager RPC server is listening at localhost/127.0.0.1:37688
2019-07-04 15:14:33,037 INFO  impl.MetricsSystemImpl (MetricsSystemImpl.java:init(158)) - OzoneManager metrics system started (again)
2019-07-04 15:14:33,039 INFO  ipc.Server (Server.java:run(1314)) - IPC Server Responder: starting
2019-07-04 15:14:33,040 INFO  ipc.Server (Server.java:run(1153)) - IPC Server listener on 37688: starting
2019-07-04 15:14:33,055 INFO  hdfs.DFSUtil (DFSUtil.java:httpServerTemplateForNNAndJN(1641)) - Starting Web-server for ozoneManager at: http://0.0.0.0:0
2019-07-04 15:14:33,057 INFO  server.AuthenticationFilter (AuthenticationFilter.java:constructSecretProvider(240)) - Unable to initialize FileSignerSecretProvider, falling back to use random secrets.
2019-07-04 15:14:33,058 WARN  http.HttpRequestLog (HttpRequestLog.java:getRequestLog(97)) - Jetty request log can only be enabled using Log4j
2019-07-04 15:14:33,062 INFO  http.HttpServer2 (HttpServer2.java:addGlobalFilter(975)) - Added global filter 'safety' (class=org.apache.hadoop.http.HttpServer2$QuotingInputFilter)
2019-07-04 15:14:33,064 INFO  http.HttpServer2 (HttpServer2.java:addFilter(948)) - Added filter static_user_filter (class=org.apache.hadoop.http.lib.StaticUserWebFilter$StaticUserFilter) to context ozoneManager
2019-07-04 15:14:33,064 INFO  http.HttpServer2 (HttpServer2.java:addFilter(958)) - Added filter static_user_filter (class=org.apache.hadoop.http.lib.StaticUserWebFilter$StaticUserFilter) to context static
2019-07-04 15:14:33,064 INFO  http.HttpServer2 (HttpServer2.java:addFilter(958)) - Added filter static_user_filter (class=org.apache.hadoop.http.lib.StaticUserWebFilter$StaticUserFilter) to context logs
2019-07-04 15:14:33,068 INFO  http.HttpServer2 (HttpServer2.java:bindListener(1191)) - Jetty bound to port 35039
2019-07-04 15:14:33,068 INFO  server.Server (Server.java:doStart(351)) - jetty-9.3.24.v20180605, build timestamp: 2018-06-05T17:11:56Z, git hash: 84205aa28f11a4f31f2a3b86d1bba2cc8ab69827
2019-07-04 15:14:33,070 INFO  handler.ContextHandler (ContextHandler.java:doStart(781)) - Started o.e.j.s.ServletContextHandler@69ce2f62{/logs,file:///opt/src/hadoop-ozone/integration-test/target/log,AVAILABLE}
2019-07-04 15:14:33,071 INFO  handler.ContextHandler (ContextHandler.java:doStart(781)) - Started o.e.j.s.ServletContextHandler@6f012914{/static,file:///opt/src/hadoop-ozone/integration-test/target/test-classes/webapps/static,AVAILABLE}
2019-07-04 15:14:33,079 INFO  handler.ContextHandler (ContextHandler.java:doStart(781)) - Started o.e.j.w.WebAppContext@349d0836{/,file:///opt/src/hadoop-ozone/integration-test/target/test-classes/webapps/ozoneManager/,AVAILABLE}{/ozoneManager}
2019-07-04 15:14:33,079 INFO  server.AbstractConnector (AbstractConnector.java:doStart(278)) - Started ServerConnector@6a714237{HTTP/1.1,[http/1.1]}{0.0.0.0:35039}
2019-07-04 15:14:33,080 INFO  server.Server (Server.java:doStart(419)) - Started @4099ms
2019-07-04 15:14:33,081 INFO  server.BaseHttpServer (BaseHttpServer.java:updateConnectorAddress(207)) - HTTP server of OZONEMANAGER is listening at http://0.0.0.0:35039
2019-07-04 15:14:33,427 INFO  impl.MetricsSystemImpl (MetricsSystemImpl.java:init(158)) - HddsDatanode metrics system started (again)
2019-07-04 15:14:33,544 INFO  ozone.HddsDatanodeService (HddsDatanodeService.java:start(185)) - HddsDatanodeService host:ozone-hdds-1735-wr477-3457940041 ip:192.168.157.209
2019-07-04 15:14:33,576 INFO  volume.HddsVolume (HddsVolume.java:<init>(176)) - Creating Volume: /opt/src/hadoop-ozone/integration-test/target/test-dir/MiniOzoneClusterImpl-606e9c43-2fb3-4e47-8e65-f7604d863f19/datanode-0/data/containers/hdds of  storage type : DISK and capacity : 52710309888
2019-07-04 15:14:33,578 INFO  volume.VolumeSet (VolumeSet.java:initializeVolumeSet(170)) - Added Volume : /opt/src/hadoop-ozone/integration-test/target/test-dir/MiniOzoneClusterImpl-606e9c43-2fb3-4e47-8e65-f7604d863f19/datanode-0/data/containers/hdds to VolumeSet
2019-07-04 15:14:33,581 INFO  volume.ThrottledAsyncChecker (ThrottledAsyncChecker.java:schedule(140)) - Scheduling a check for org.apache.hadoop.ozone.container.common.volume.HddsVolume@32b9bd12
2019-07-04 15:14:33,598 INFO  volume.HddsVolumeChecker (HddsVolumeChecker.java:checkAllVolumes(203)) - Scheduled health check for volume org.apache.hadoop.ozone.container.common.volume.HddsVolume@32b9bd12
2019-07-04 15:14:33,667 INFO  ratis.XceiverServerRatis (XceiverServerRatis.java:newXceiverServerRatis(411)) - Found a free port for the server : 34006
2019-07-04 15:14:33,773 INFO  impl.RaftServerProxy (ConfUtils.java:logGet(43)) - raft.rpc.type = GRPC (default)
2019-07-04 15:14:33,840 INFO  grpc.GrpcFactory (GrpcFactory.java:checkPooledByteBufAllocatorUseCacheForAllThreads(45)) - PERFORMANCE WARNING: useCacheForAllThreads is true that may cause Netty to create a lot garbage objects and, as a result, trigger GC.
	It is recommended to disable useCacheForAllThreads by setting -Dorg.apache.ratis.thirdparty.io.netty.allocator.useCacheForAllThreads=false in command line.
2019-07-04 15:14:33,845 INFO  grpc.GrpcConfigKeys$Server (ConfUtils.java:logGet(43)) - raft.grpc.server.port = 34006 (custom)
2019-07-04 15:14:33,846 INFO  server.GrpcService (ConfUtils.java:logGet(43)) - raft.grpc.message.size.max = 33570816 (custom)
2019-07-04 15:14:33,847 INFO  server.RaftServerConfigKeys (ConfUtils.java:logGet(43)) - raft.server.log.appender.buffer.byte-limit = 33554432 (custom)
2019-07-04 15:14:33,848 INFO  server.GrpcService (ConfUtils.java:logGet(43)) - raft.grpc.flow.control.window = 1MB (=1048576) (default)
2019-07-04 15:14:33,849 INFO  server.RaftServerConfigKeys (ConfUtils.java:logGet(43)) - raft.server.rpc.request.timeout = 3000ms (default)
2019-07-04 15:14:34,009 INFO  server.RaftServerConfigKeys (ConfUtils.java:logGet(43)) - raft.server.storage.dir = [/opt/src/hadoop-ozone/integration-test/target/test-dir/MiniOzoneClusterImpl-606e9c43-2fb3-4e47-8e65-f7604d863f19/datanode-0/data/ratis] (custom)
2019-07-04 15:14:34,016 INFO  server.XceiverServerGrpc (XceiverServerGrpc.java:<init>(97)) - Found a free port for the server : 44054
2019-07-04 15:14:34,045 INFO  replication.SimpleContainerDownloader (SimpleContainerDownloader.java:<init>(72)) - Starting container downloader service to copy containers to replicate.
2019-07-04 15:14:34,059 INFO  hdfs.DFSUtil (DFSUtil.java:httpServerTemplateForNNAndJN(1641)) - Starting Web-server for hddsDatanode at: http://0.0.0.0:0
2019-07-04 15:14:34,063 INFO  server.AuthenticationFilter (AuthenticationFilter.java:constructSecretProvider(240)) - Unable to initialize FileSignerSecretProvider, falling back to use random secrets.
2019-07-04 15:14:34,064 WARN  http.HttpRequestLog (HttpRequestLog.java:getRequestLog(97)) - Jetty request log can only be enabled using Log4j
2019-07-04 15:14:34,067 INFO  http.HttpServer2 (HttpServer2.java:addGlobalFilter(975)) - Added global filter 'safety' (class=org.apache.hadoop.http.HttpServer2$QuotingInputFilter)
2019-07-04 15:14:34,068 INFO  http.HttpServer2 (HttpServer2.java:addFilter(948)) - Added filter static_user_filter (class=org.apache.hadoop.http.lib.StaticUserWebFilter$StaticUserFilter) to context hddsDatanode
2019-07-04 15:14:34,069 INFO  http.HttpServer2 (HttpServer2.java:addFilter(958)) - Added filter static_user_filter (class=org.apache.hadoop.http.lib.StaticUserWebFilter$StaticUserFilter) to context static
2019-07-04 15:14:34,069 INFO  http.HttpServer2 (HttpServer2.java:addFilter(958)) - Added filter static_user_filter (class=org.apache.hadoop.http.lib.StaticUserWebFilter$StaticUserFilter) to context logs
2019-07-04 15:14:34,071 INFO  http.HttpServer2 (HttpServer2.java:bindListener(1191)) - Jetty bound to port 37310
2019-07-04 15:14:34,071 INFO  server.Server (Server.java:doStart(351)) - jetty-9.3.24.v20180605, build timestamp: 2018-06-05T17:11:56Z, git hash: 84205aa28f11a4f31f2a3b86d1bba2cc8ab69827
2019-07-04 15:14:34,074 INFO  handler.ContextHandler (ContextHandler.java:doStart(781)) - Started o.e.j.s.ServletContextHandler@5b22d8a1{/logs,file:///opt/src/hadoop-ozone/integration-test/target/log,AVAILABLE}
2019-07-04 15:14:34,075 INFO  handler.ContextHandler (ContextHandler.java:doStart(781)) - Started o.e.j.s.ServletContextHandler@59ed3e6c{/static,jar:file:/home/user/.m2/repository/org/apache/hadoop/hadoop-hdds-container-service/0.5.0-SNAPSHOT/hadoop-hdds-container-service-0.5.0-SNAPSHOT.jar!/webapps/static,AVAILABLE}
2019-07-04 15:14:34,123 INFO  handler.ContextHandler (ContextHandler.java:doStart(781)) - Started o.e.j.w.WebAppContext@2241f05b{/,file:///tmp/jetty-0.0.0.0-37310-hddsDatanode-_-any-4558552794953054140.dir/webapp/,AVAILABLE}{/hddsDatanode}
2019-07-04 15:14:34,124 INFO  server.AbstractConnector (AbstractConnector.java:doStart(278)) - Started ServerConnector@761956ac{HTTP/1.1,[http/1.1]}{0.0.0.0:37310}
2019-07-04 15:14:34,125 INFO  server.Server (Server.java:doStart(419)) - Started @5144ms
2019-07-04 15:14:34,127 INFO  server.BaseHttpServer (BaseHttpServer.java:updateConnectorAddress(207)) - HTTP server of HDDSDATANODE is listening at http://0.0.0.0:37310
2019-07-04 15:14:35,315 INFO  ozone.HddsDatanodeService (HddsDatanodeService.java:startPlugins(396)) - Started plug-in org.apache.hadoop.ozone.web.OzoneHddsDatanodeService@dd3f8aa
2019-07-04 15:14:35,318 INFO  impl.MetricsSystemImpl (MetricsSystemImpl.java:init(158)) - HddsDatanode metrics system started (again)
2019-07-04 15:14:35,319 INFO  ozone.HddsDatanodeService (HddsDatanodeService.java:start(185)) - HddsDatanodeService host:ozone-hdds-1735-wr477-3457940041 ip:192.168.157.209
2019-07-04 15:14:35,325 INFO  util.JvmPauseMonitor (JvmPauseMonitor.java:run(188)) - Starting JVM pause monitor
2019-07-04 15:14:35,331 INFO  volume.HddsVolume (HddsVolume.java:<init>(176)) - Creating Volume: /opt/src/hadoop-ozone/integration-test/target/test-dir/MiniOzoneClusterImpl-606e9c43-2fb3-4e47-8e65-f7604d863f19/datanode-1/data/containers/hdds of  storage type : DISK and capacity : 52710309888
2019-07-04 15:14:35,332 INFO  volume.VolumeSet (VolumeSet.java:initializeVolumeSet(170)) - Added Volume : /opt/src/hadoop-ozone/integration-test/target/test-dir/MiniOzoneClusterImpl-606e9c43-2fb3-4e47-8e65-f7604d863f19/datanode-1/data/containers/hdds to VolumeSet
2019-07-04 15:14:35,332 INFO  volume.ThrottledAsyncChecker (ThrottledAsyncChecker.java:schedule(140)) - Scheduling a check for org.apache.hadoop.ozone.container.common.volume.HddsVolume@149b4d20
2019-07-04 15:14:35,334 INFO  volume.HddsVolumeChecker (HddsVolumeChecker.java:checkAllVolumes(203)) - Scheduled health check for volume org.apache.hadoop.ozone.container.common.volume.HddsVolume@149b4d20
2019-07-04 15:14:35,357 INFO  ratis.XceiverServerRatis (XceiverServerRatis.java:newXceiverServerRatis(411)) - Found a free port for the server : 43079
2019-07-04 15:14:35,359 INFO  impl.RaftServerProxy (ConfUtils.java:logGet(43)) - raft.rpc.type = GRPC (default)
2019-07-04 15:14:35,359 INFO  grpc.GrpcFactory (GrpcFactory.java:checkPooledByteBufAllocatorUseCacheForAllThreads(45)) - PERFORMANCE WARNING: useCacheForAllThreads is true that may cause Netty to create a lot garbage objects and, as a result, trigger GC.
	It is recommended to disable useCacheForAllThreads by setting -Dorg.apache.ratis.thirdparty.io.netty.allocator.useCacheForAllThreads=false in command line.
2019-07-04 15:14:35,359 INFO  grpc.GrpcConfigKeys$Server (ConfUtils.java:logGet(43)) - raft.grpc.server.port = 43079 (custom)
2019-07-04 15:14:35,360 INFO  server.GrpcService (ConfUtils.java:logGet(43)) - raft.grpc.message.size.max = 33570816 (custom)
2019-07-04 15:14:35,360 INFO  server.RaftServerConfigKeys (ConfUtils.java:logGet(43)) - raft.server.log.appender.buffer.byte-limit = 33554432 (custom)
2019-07-04 15:14:35,360 INFO  server.GrpcService (ConfUtils.java:logGet(43)) - raft.grpc.flow.control.window = 1MB (=1048576) (default)
2019-07-04 15:14:35,360 INFO  server.RaftServerConfigKeys (ConfUtils.java:logGet(43)) - raft.server.rpc.request.timeout = 3000ms (default)
2019-07-04 15:14:35,361 INFO  server.RaftServerConfigKeys (ConfUtils.java:logGet(43)) - raft.server.storage.dir = [/opt/src/hadoop-ozone/integration-test/target/test-dir/MiniOzoneClusterImpl-606e9c43-2fb3-4e47-8e65-f7604d863f19/datanode-1/data/ratis] (custom)
2019-07-04 15:14:35,363 INFO  server.XceiverServerGrpc (XceiverServerGrpc.java:<init>(97)) - Found a free port for the server : 40171
2019-07-04 15:14:35,363 INFO  replication.SimpleContainerDownloader (SimpleContainerDownloader.java:<init>(72)) - Starting container downloader service to copy containers to replicate.
2019-07-04 15:14:35,365 INFO  hdfs.DFSUtil (DFSUtil.java:httpServerTemplateForNNAndJN(1641)) - Starting Web-server for hddsDatanode at: http://0.0.0.0:0
2019-07-04 15:14:35,367 INFO  server.AuthenticationFilter (AuthenticationFilter.java:constructSecretProvider(240)) - Unable to initialize FileSignerSecretProvider, falling back to use random secrets.
2019-07-04 15:14:35,369 WARN  http.HttpRequestLog (HttpRequestLog.java:getRequestLog(97)) - Jetty request log can only be enabled using Log4j
2019-07-04 15:14:35,372 INFO  http.HttpServer2 (HttpServer2.java:addGlobalFilter(975)) - Added global filter 'safety' (class=org.apache.hadoop.http.HttpServer2$QuotingInputFilter)
2019-07-04 15:14:35,373 INFO  http.HttpServer2 (HttpServer2.java:addFilter(948)) - Added filter static_user_filter (class=org.apache.hadoop.http.lib.StaticUserWebFilter$StaticUserFilter) to context hddsDatanode
2019-07-04 15:14:35,373 INFO  http.HttpServer2 (HttpServer2.java:addFilter(958)) - Added filter static_user_filter (class=org.apache.hadoop.http.lib.StaticUserWebFilter$StaticUserFilter) to context logs
2019-07-04 15:14:35,373 INFO  http.HttpServer2 (HttpServer2.java:addFilter(958)) - Added filter static_user_filter (class=org.apache.hadoop.http.lib.StaticUserWebFilter$StaticUserFilter) to context static
2019-07-04 15:14:35,375 INFO  http.HttpServer2 (HttpServer2.java:bindListener(1191)) - Jetty bound to port 41452
2019-07-04 15:14:35,375 INFO  server.Server (Server.java:doStart(351)) - jetty-9.3.24.v20180605, build timestamp: 2018-06-05T17:11:56Z, git hash: 84205aa28f11a4f31f2a3b86d1bba2cc8ab69827
2019-07-04 15:14:35,378 INFO  handler.ContextHandler (ContextHandler.java:doStart(781)) - Started o.e.j.s.ServletContextHandler@69f2cb04{/logs,file:///opt/src/hadoop-ozone/integration-test/target/log,AVAILABLE}
2019-07-04 15:14:35,379 INFO  handler.ContextHandler (ContextHandler.java:doStart(781)) - Started o.e.j.s.ServletContextHandler@b4732dc{/static,jar:file:/home/user/.m2/repository/org/apache/hadoop/hadoop-hdds-container-service/0.5.0-SNAPSHOT/hadoop-hdds-container-service-0.5.0-SNAPSHOT.jar!/webapps/static,AVAILABLE}
2019-07-04 15:14:35,423 INFO  handler.ContextHandler (ContextHandler.java:doStart(781)) - Started o.e.j.w.WebAppContext@6c977dcf{/,file:///tmp/jetty-0.0.0.0-41452-hddsDatanode-_-any-6485093098770936099.dir/webapp/,AVAILABLE}{/hddsDatanode}
2019-07-04 15:14:35,424 INFO  server.AbstractConnector (AbstractConnector.java:doStart(278)) - Started ServerConnector@661d6bb6{HTTP/1.1,[http/1.1]}{0.0.0.0:41452}
2019-07-04 15:14:35,425 INFO  server.Server (Server.java:doStart(419)) - Started @6444ms
2019-07-04 15:14:35,427 INFO  server.BaseHttpServer (BaseHttpServer.java:updateConnectorAddress(207)) - HTTP server of HDDSDATANODE is listening at http://0.0.0.0:41452
2019-07-04 15:14:35,458 INFO  datanode.InitDatanodeState (InitDatanodeState.java:persistContainerDatanodeDetails(140)) - DatanodeDetails is persisted to /opt/src/hadoop-ozone/integration-test/target/test-dir/MiniOzoneClusterImpl-606e9c43-2fb3-4e47-8e65-f7604d863f19/datanode-0/meta/datanode.id
2019-07-04 15:14:35,573 INFO  ozone.HddsDatanodeService (HddsDatanodeService.java:startPlugins(396)) - Started plug-in org.apache.hadoop.ozone.web.OzoneHddsDatanodeService@7135ce0a
2019-07-04 15:14:35,573 INFO  impl.MetricsSystemImpl (MetricsSystemImpl.java:init(158)) - HddsDatanode metrics system started (again)
2019-07-04 15:14:35,575 INFO  ozone.HddsDatanodeService (HddsDatanodeService.java:start(185)) - HddsDatanodeService host:ozone-hdds-1735-wr477-3457940041 ip:192.168.157.209
2019-07-04 15:14:35,577 INFO  util.JvmPauseMonitor (JvmPauseMonitor.java:run(188)) - Starting JVM pause monitor
2019-07-04 15:14:35,585 INFO  volume.HddsVolume (HddsVolume.java:<init>(176)) - Creating Volume: /opt/src/hadoop-ozone/integration-test/target/test-dir/MiniOzoneClusterImpl-606e9c43-2fb3-4e47-8e65-f7604d863f19/datanode-2/data/containers/hdds of  storage type : DISK and capacity : 52710309888
2019-07-04 15:14:35,585 INFO  volume.VolumeSet (VolumeSet.java:initializeVolumeSet(170)) - Added Volume : /opt/src/hadoop-ozone/integration-test/target/test-dir/MiniOzoneClusterImpl-606e9c43-2fb3-4e47-8e65-f7604d863f19/datanode-2/data/containers/hdds to VolumeSet
2019-07-04 15:14:35,586 INFO  volume.ThrottledAsyncChecker (ThrottledAsyncChecker.java:schedule(140)) - Scheduling a check for org.apache.hadoop.ozone.container.common.volume.HddsVolume@2c18a3ea
2019-07-04 15:14:35,586 INFO  volume.HddsVolumeChecker (HddsVolumeChecker.java:checkAllVolumes(203)) - Scheduled health check for volume org.apache.hadoop.ozone.container.common.volume.HddsVolume@2c18a3ea
2019-07-04 15:14:35,587 INFO  datanode.InitDatanodeState (InitDatanodeState.java:persistContainerDatanodeDetails(140)) - DatanodeDetails is persisted to /opt/src/hadoop-ozone/integration-test/target/test-dir/MiniOzoneClusterImpl-606e9c43-2fb3-4e47-8e65-f7604d863f19/datanode-1/meta/datanode.id
2019-07-04 15:14:35,600 INFO  ratis.XceiverServerRatis (XceiverServerRatis.java:newXceiverServerRatis(411)) - Found a free port for the server : 38980
2019-07-04 15:14:35,602 INFO  impl.RaftServerProxy (ConfUtils.java:logGet(43)) - raft.rpc.type = GRPC (default)
2019-07-04 15:14:35,602 INFO  grpc.GrpcFactory (GrpcFactory.java:checkPooledByteBufAllocatorUseCacheForAllThreads(45)) - PERFORMANCE WARNING: useCacheForAllThreads is true that may cause Netty to create a lot garbage objects and, as a result, trigger GC.
	It is recommended to disable useCacheForAllThreads by setting -Dorg.apache.ratis.thirdparty.io.netty.allocator.useCacheForAllThreads=false in command line.
2019-07-04 15:14:35,602 INFO  grpc.GrpcConfigKeys$Server (ConfUtils.java:logGet(43)) - raft.grpc.server.port = 38980 (custom)
2019-07-04 15:14:35,602 INFO  server.GrpcService (ConfUtils.java:logGet(43)) - raft.grpc.message.size.max = 33570816 (custom)
2019-07-04 15:14:35,603 INFO  server.RaftServerConfigKeys (ConfUtils.java:logGet(43)) - raft.server.log.appender.buffer.byte-limit = 33554432 (custom)
2019-07-04 15:14:35,603 INFO  server.GrpcService (ConfUtils.java:logGet(43)) - raft.grpc.flow.control.window = 1MB (=1048576) (default)
2019-07-04 15:14:35,603 INFO  server.RaftServerConfigKeys (ConfUtils.java:logGet(43)) - raft.server.rpc.request.timeout = 3000ms (default)
2019-07-04 15:14:35,604 INFO  server.RaftServerConfigKeys (ConfUtils.java:logGet(43)) - raft.server.storage.dir = [/opt/src/hadoop-ozone/integration-test/target/test-dir/MiniOzoneClusterImpl-606e9c43-2fb3-4e47-8e65-f7604d863f19/datanode-2/data/ratis] (custom)
2019-07-04 15:14:35,604 INFO  server.XceiverServerGrpc (XceiverServerGrpc.java:<init>(97)) - Found a free port for the server : 34111
2019-07-04 15:14:35,605 INFO  replication.SimpleContainerDownloader (SimpleContainerDownloader.java:<init>(72)) - Starting container downloader service to copy containers to replicate.
2019-07-04 15:14:35,606 INFO  hdfs.DFSUtil (DFSUtil.java:httpServerTemplateForNNAndJN(1641)) - Starting Web-server for hddsDatanode at: http://0.0.0.0:0
2019-07-04 15:14:35,607 INFO  server.AuthenticationFilter (AuthenticationFilter.java:constructSecretProvider(240)) - Unable to initialize FileSignerSecretProvider, falling back to use random secrets.
2019-07-04 15:14:35,608 WARN  http.HttpRequestLog (HttpRequestLog.java:getRequestLog(97)) - Jetty request log can only be enabled using Log4j
2019-07-04 15:14:35,609 INFO  http.HttpServer2 (HttpServer2.java:addGlobalFilter(975)) - Added global filter 'safety' (class=org.apache.hadoop.http.HttpServer2$QuotingInputFilter)
2019-07-04 15:14:35,610 INFO  http.HttpServer2 (HttpServer2.java:addFilter(948)) - Added filter static_user_filter (class=org.apache.hadoop.http.lib.StaticUserWebFilter$StaticUserFilter) to context hddsDatanode
2019-07-04 15:14:35,610 INFO  http.HttpServer2 (HttpServer2.java:addFilter(958)) - Added filter static_user_filter (class=org.apache.hadoop.http.lib.StaticUserWebFilter$StaticUserFilter) to context static
2019-07-04 15:14:35,610 INFO  http.HttpServer2 (HttpServer2.java:addFilter(958)) - Added filter static_user_filter (class=org.apache.hadoop.http.lib.StaticUserWebFilter$StaticUserFilter) to context logs
2019-07-04 15:14:35,611 INFO  http.HttpServer2 (HttpServer2.java:bindListener(1191)) - Jetty bound to port 38745
2019-07-04 15:14:35,611 INFO  server.Server (Server.java:doStart(351)) - jetty-9.3.24.v20180605, build timestamp: 2018-06-05T17:11:56Z, git hash: 84205aa28f11a4f31f2a3b86d1bba2cc8ab69827
2019-07-04 15:14:35,615 INFO  handler.ContextHandler (ContextHandler.java:doStart(781)) - Started o.e.j.s.ServletContextHandler@37c5284a{/logs,file:///opt/src/hadoop-ozone/integration-test/target/log,AVAILABLE}
2019-07-04 15:14:35,615 INFO  handler.ContextHandler (ContextHandler.java:doStart(781)) - Started o.e.j.s.ServletContextHandler@7aaad0{/static,jar:file:/home/user/.m2/repository/org/apache/hadoop/hadoop-hdds-container-service/0.5.0-SNAPSHOT/hadoop-hdds-container-service-0.5.0-SNAPSHOT.jar!/webapps/static,AVAILABLE}
2019-07-04 15:14:35,643 INFO  handler.ContextHandler (ContextHandler.java:doStart(781)) - Started o.e.j.w.WebAppContext@38fb50f8{/,file:///tmp/jetty-0.0.0.0-38745-hddsDatanode-_-any-5590352476174375067.dir/webapp/,AVAILABLE}{/hddsDatanode}
2019-07-04 15:14:35,644 INFO  server.AbstractConnector (AbstractConnector.java:doStart(278)) - Started ServerConnector@7ab802f4{HTTP/1.1,[http/1.1]}{0.0.0.0:38745}
2019-07-04 15:14:35,644 INFO  server.Server (Server.java:doStart(419)) - Started @6664ms
2019-07-04 15:14:35,646 INFO  server.BaseHttpServer (BaseHttpServer.java:updateConnectorAddress(207)) - HTTP server of HDDSDATANODE is listening at http://0.0.0.0:38745
2019-07-04 15:14:35,773 INFO  ozone.HddsDatanodeService (HddsDatanodeService.java:startPlugins(396)) - Started plug-in org.apache.hadoop.ozone.web.OzoneHddsDatanodeService@268c030f
2019-07-04 15:14:35,774 INFO  impl.MetricsSystemImpl (MetricsSystemImpl.java:init(158)) - HddsDatanode metrics system started (again)
2019-07-04 15:14:35,775 INFO  ozone.HddsDatanodeService (HddsDatanodeService.java:start(185)) - HddsDatanodeService host:ozone-hdds-1735-wr477-3457940041 ip:192.168.157.209
2019-07-04 15:14:35,777 INFO  util.JvmPauseMonitor (JvmPauseMonitor.java:run(188)) - Starting JVM pause monitor
2019-07-04 15:14:35,781 INFO  datanode.InitDatanodeState (InitDatanodeState.java:persistContainerDatanodeDetails(140)) - DatanodeDetails is persisted to /opt/src/hadoop-ozone/integration-test/target/test-dir/MiniOzoneClusterImpl-606e9c43-2fb3-4e47-8e65-f7604d863f19/datanode-2/meta/datanode.id
2019-07-04 15:14:35,785 INFO  volume.HddsVolume (HddsVolume.java:<init>(176)) - Creating Volume: /opt/src/hadoop-ozone/integration-test/target/test-dir/MiniOzoneClusterImpl-606e9c43-2fb3-4e47-8e65-f7604d863f19/datanode-3/data/containers/hdds of  storage type : DISK and capacity : 52710309888
2019-07-04 15:14:35,785 INFO  volume.VolumeSet (VolumeSet.java:initializeVolumeSet(170)) - Added Volume : /opt/src/hadoop-ozone/integration-test/target/test-dir/MiniOzoneClusterImpl-606e9c43-2fb3-4e47-8e65-f7604d863f19/datanode-3/data/containers/hdds to VolumeSet
2019-07-04 15:14:35,785 INFO  volume.ThrottledAsyncChecker (ThrottledAsyncChecker.java:schedule(140)) - Scheduling a check for org.apache.hadoop.ozone.container.common.volume.HddsVolume@2df65a56
2019-07-04 15:14:35,786 INFO  volume.HddsVolumeChecker (HddsVolumeChecker.java:checkAllVolumes(203)) - Scheduled health check for volume org.apache.hadoop.ozone.container.common.volume.HddsVolume@2df65a56
2019-07-04 15:14:35,798 INFO  ratis.XceiverServerRatis (XceiverServerRatis.java:newXceiverServerRatis(411)) - Found a free port for the server : 45835
2019-07-04 15:14:35,800 INFO  impl.RaftServerProxy (ConfUtils.java:logGet(43)) - raft.rpc.type = GRPC (default)
2019-07-04 15:14:35,800 INFO  grpc.GrpcFactory (GrpcFactory.java:checkPooledByteBufAllocatorUseCacheForAllThreads(45)) - PERFORMANCE WARNING: useCacheForAllThreads is true that may cause Netty to create a lot garbage objects and, as a result, trigger GC.
	It is recommended to disable useCacheForAllThreads by setting -Dorg.apache.ratis.thirdparty.io.netty.allocator.useCacheForAllThreads=false in command line.
2019-07-04 15:14:35,800 INFO  grpc.GrpcConfigKeys$Server (ConfUtils.java:logGet(43)) - raft.grpc.server.port = 45835 (custom)
2019-07-04 15:14:35,800 INFO  server.GrpcService (ConfUtils.java:logGet(43)) - raft.grpc.message.size.max = 33570816 (custom)
2019-07-04 15:14:35,800 INFO  server.RaftServerConfigKeys (ConfUtils.java:logGet(43)) - raft.server.log.appender.buffer.byte-limit = 33554432 (custom)
2019-07-04 15:14:35,801 INFO  server.GrpcService (ConfUtils.java:logGet(43)) - raft.grpc.flow.control.window = 1MB (=1048576) (default)
2019-07-04 15:14:35,801 INFO  server.RaftServerConfigKeys (ConfUtils.java:logGet(43)) - raft.server.rpc.request.timeout = 3000ms (default)
2019-07-04 15:14:35,801 INFO  server.RaftServerConfigKeys (ConfUtils.java:logGet(43)) - raft.server.storage.dir = [/opt/src/hadoop-ozone/integration-test/target/test-dir/MiniOzoneClusterImpl-606e9c43-2fb3-4e47-8e65-f7604d863f19/datanode-3/data/ratis] (custom)
2019-07-04 15:14:35,802 INFO  server.XceiverServerGrpc (XceiverServerGrpc.java:<init>(97)) - Found a free port for the server : 43553
2019-07-04 15:14:35,802 INFO  replication.SimpleContainerDownloader (SimpleContainerDownloader.java:<init>(72)) - Starting container downloader service to copy containers to replicate.
2019-07-04 15:14:35,803 INFO  hdfs.DFSUtil (DFSUtil.java:httpServerTemplateForNNAndJN(1641)) - Starting Web-server for hddsDatanode at: http://0.0.0.0:0
2019-07-04 15:14:35,805 INFO  server.AuthenticationFilter (AuthenticationFilter.java:constructSecretProvider(240)) - Unable to initialize FileSignerSecretProvider, falling back to use random secrets.
2019-07-04 15:14:35,805 WARN  http.HttpRequestLog (HttpRequestLog.java:getRequestLog(97)) - Jetty request log can only be enabled using Log4j
2019-07-04 15:14:35,806 INFO  http.HttpServer2 (HttpServer2.java:addGlobalFilter(975)) - Added global filter 'safety' (class=org.apache.hadoop.http.HttpServer2$QuotingInputFilter)
2019-07-04 15:14:35,807 INFO  http.HttpServer2 (HttpServer2.java:addFilter(948)) - Added filter static_user_filter (class=org.apache.hadoop.http.lib.StaticUserWebFilter$StaticUserFilter) to context hddsDatanode
2019-07-04 15:14:35,807 INFO  http.HttpServer2 (HttpServer2.java:addFilter(958)) - Added filter static_user_filter (class=org.apache.hadoop.http.lib.StaticUserWebFilter$StaticUserFilter) to context static
2019-07-04 15:14:35,807 INFO  http.HttpServer2 (HttpServer2.java:addFilter(958)) - Added filter static_user_filter (class=org.apache.hadoop.http.lib.StaticUserWebFilter$StaticUserFilter) to context logs
2019-07-04 15:14:35,808 INFO  http.HttpServer2 (HttpServer2.java:bindListener(1191)) - Jetty bound to port 44411
2019-07-04 15:14:35,808 INFO  server.Server (Server.java:doStart(351)) - jetty-9.3.24.v20180605, build timestamp: 2018-06-05T17:11:56Z, git hash: 84205aa28f11a4f31f2a3b86d1bba2cc8ab69827
2019-07-04 15:14:35,810 INFO  handler.ContextHandler (ContextHandler.java:doStart(781)) - Started o.e.j.s.ServletContextHandler@30922f8d{/logs,file:///opt/src/hadoop-ozone/integration-test/target/log,AVAILABLE}
2019-07-04 15:14:35,810 INFO  handler.ContextHandler (ContextHandler.java:doStart(781)) - Started o.e.j.s.ServletContextHandler@51ff3c4b{/static,jar:file:/home/user/.m2/repository/org/apache/hadoop/hadoop-hdds-container-service/0.5.0-SNAPSHOT/hadoop-hdds-container-service-0.5.0-SNAPSHOT.jar!/webapps/static,AVAILABLE}
2019-07-04 15:14:35,838 INFO  handler.ContextHandler (ContextHandler.java:doStart(781)) - Started o.e.j.w.WebAppContext@29013ef2{/,file:///tmp/jetty-0.0.0.0-44411-hddsDatanode-_-any-7308197814577212497.dir/webapp/,AVAILABLE}{/hddsDatanode}
2019-07-04 15:14:35,838 INFO  server.AbstractConnector (AbstractConnector.java:doStart(278)) - Started ServerConnector@265c1a7c{HTTP/1.1,[http/1.1]}{0.0.0.0:44411}
2019-07-04 15:14:35,839 INFO  server.Server (Server.java:doStart(419)) - Started @6858ms
2019-07-04 15:14:35,840 INFO  server.BaseHttpServer (BaseHttpServer.java:updateConnectorAddress(207)) - HTTP server of HDDSDATANODE is listening at http://0.0.0.0:44411
2019-07-04 15:14:35,963 INFO  ozone.HddsDatanodeService (HddsDatanodeService.java:startPlugins(396)) - Started plug-in org.apache.hadoop.ozone.web.OzoneHddsDatanodeService@67acfde9
2019-07-04 15:14:35,963 INFO  impl.MetricsSystemImpl (MetricsSystemImpl.java:init(158)) - HddsDatanode metrics system started (again)
2019-07-04 15:14:35,963 INFO  ozone.HddsDatanodeService (HddsDatanodeService.java:start(185)) - HddsDatanodeService host:ozone-hdds-1735-wr477-3457940041 ip:192.168.157.209
2019-07-04 15:14:35,967 INFO  util.JvmPauseMonitor (JvmPauseMonitor.java:run(188)) - Starting JVM pause monitor
2019-07-04 15:14:35,973 INFO  volume.HddsVolume (HddsVolume.java:<init>(176)) - Creating Volume: /opt/src/hadoop-ozone/integration-test/target/test-dir/MiniOzoneClusterImpl-606e9c43-2fb3-4e47-8e65-f7604d863f19/datanode-4/data/containers/hdds of  storage type : DISK and capacity : 52710309888
2019-07-04 15:14:35,973 INFO  datanode.InitDatanodeState (InitDatanodeState.java:persistContainerDatanodeDetails(140)) - DatanodeDetails is persisted to /opt/src/hadoop-ozone/integration-test/target/test-dir/MiniOzoneClusterImpl-606e9c43-2fb3-4e47-8e65-f7604d863f19/datanode-3/meta/datanode.id
2019-07-04 15:14:35,973 INFO  volume.VolumeSet (VolumeSet.java:initializeVolumeSet(170)) - Added Volume : /opt/src/hadoop-ozone/integration-test/target/test-dir/MiniOzoneClusterImpl-606e9c43-2fb3-4e47-8e65-f7604d863f19/datanode-4/data/containers/hdds to VolumeSet
2019-07-04 15:14:35,974 INFO  volume.ThrottledAsyncChecker (ThrottledAsyncChecker.java:schedule(140)) - Scheduling a check for org.apache.hadoop.ozone.container.common.volume.HddsVolume@2a8dd942
2019-07-04 15:14:35,974 INFO  volume.HddsVolumeChecker (HddsVolumeChecker.java:checkAllVolumes(203)) - Scheduled health check for volume org.apache.hadoop.ozone.container.common.volume.HddsVolume@2a8dd942
2019-07-04 15:14:35,988 INFO  ratis.XceiverServerRatis (XceiverServerRatis.java:newXceiverServerRatis(411)) - Found a free port for the server : 41451
2019-07-04 15:14:35,989 INFO  impl.RaftServerProxy (ConfUtils.java:logGet(43)) - raft.rpc.type = GRPC (default)
2019-07-04 15:14:35,990 INFO  grpc.GrpcFactory (GrpcFactory.java:checkPooledByteBufAllocatorUseCacheForAllThreads(45)) - PERFORMANCE WARNING: useCacheForAllThreads is true that may cause Netty to create a lot garbage objects and, as a result, trigger GC.
	It is recommended to disable useCacheForAllThreads by setting -Dorg.apache.ratis.thirdparty.io.netty.allocator.useCacheForAllThreads=false in command line.
2019-07-04 15:14:35,990 INFO  grpc.GrpcConfigKeys$Server (ConfUtils.java:logGet(43)) - raft.grpc.server.port = 41451 (custom)
2019-07-04 15:14:35,990 INFO  server.GrpcService (ConfUtils.java:logGet(43)) - raft.grpc.message.size.max = 33570816 (custom)
2019-07-04 15:14:35,990 INFO  server.RaftServerConfigKeys (ConfUtils.java:logGet(43)) - raft.server.log.appender.buffer.byte-limit = 33554432 (custom)
2019-07-04 15:14:35,991 INFO  server.GrpcService (ConfUtils.java:logGet(43)) - raft.grpc.flow.control.window = 1MB (=1048576) (default)
2019-07-04 15:14:35,991 INFO  server.RaftServerConfigKeys (ConfUtils.java:logGet(43)) - raft.server.rpc.request.timeout = 3000ms (default)
2019-07-04 15:14:35,991 INFO  server.RaftServerConfigKeys (ConfUtils.java:logGet(43)) - raft.server.storage.dir = [/opt/src/hadoop-ozone/integration-test/target/test-dir/MiniOzoneClusterImpl-606e9c43-2fb3-4e47-8e65-f7604d863f19/datanode-4/data/ratis] (custom)
2019-07-04 15:14:35,992 INFO  server.XceiverServerGrpc (XceiverServerGrpc.java:<init>(97)) - Found a free port for the server : 45759
2019-07-04 15:14:35,992 INFO  replication.SimpleContainerDownloader (SimpleContainerDownloader.java:<init>(72)) - Starting container downloader service to copy containers to replicate.
2019-07-04 15:14:35,993 INFO  hdfs.DFSUtil (DFSUtil.java:httpServerTemplateForNNAndJN(1641)) - Starting Web-server for hddsDatanode at: http://0.0.0.0:0
2019-07-04 15:14:35,995 INFO  server.AuthenticationFilter (AuthenticationFilter.java:constructSecretProvider(240)) - Unable to initialize FileSignerSecretProvider, falling back to use random secrets.
2019-07-04 15:14:35,995 WARN  http.HttpRequestLog (HttpRequestLog.java:getRequestLog(97)) - Jetty request log can only be enabled using Log4j
2019-07-04 15:14:35,996 INFO  http.HttpServer2 (HttpServer2.java:addGlobalFilter(975)) - Added global filter 'safety' (class=org.apache.hadoop.http.HttpServer2$QuotingInputFilter)
2019-07-04 15:14:35,997 INFO  http.HttpServer2 (HttpServer2.java:addFilter(948)) - Added filter static_user_filter (class=org.apache.hadoop.http.lib.StaticUserWebFilter$StaticUserFilter) to context hddsDatanode
2019-07-04 15:14:35,997 INFO  http.HttpServer2 (HttpServer2.java:addFilter(958)) - Added filter static_user_filter (class=org.apache.hadoop.http.lib.StaticUserWebFilter$StaticUserFilter) to context static
2019-07-04 15:14:35,997 INFO  http.HttpServer2 (HttpServer2.java:addFilter(958)) - Added filter static_user_filter (class=org.apache.hadoop.http.lib.StaticUserWebFilter$StaticUserFilter) to context logs
2019-07-04 15:14:35,998 INFO  http.HttpServer2 (HttpServer2.java:bindListener(1191)) - Jetty bound to port 42569
2019-07-04 15:14:35,998 INFO  server.Server (Server.java:doStart(351)) - jetty-9.3.24.v20180605, build timestamp: 2018-06-05T17:11:56Z, git hash: 84205aa28f11a4f31f2a3b86d1bba2cc8ab69827
2019-07-04 15:14:36,003 INFO  handler.ContextHandler (ContextHandler.java:doStart(781)) - Started o.e.j.s.ServletContextHandler@752b69e3{/logs,file:///opt/src/hadoop-ozone/integration-test/target/log,AVAILABLE}
2019-07-04 15:14:36,003 INFO  handler.ContextHandler (ContextHandler.java:doStart(781)) - Started o.e.j.s.ServletContextHandler@1fb2eec{/static,jar:file:/home/user/.m2/repository/org/apache/hadoop/hadoop-hdds-container-service/0.5.0-SNAPSHOT/hadoop-hdds-container-service-0.5.0-SNAPSHOT.jar!/webapps/static,AVAILABLE}
2019-07-04 15:14:36,031 INFO  handler.ContextHandler (ContextHandler.java:doStart(781)) - Started o.e.j.w.WebAppContext@512abf25{/,file:///tmp/jetty-0.0.0.0-42569-hddsDatanode-_-any-2126595395652220558.dir/webapp/,AVAILABLE}{/hddsDatanode}
2019-07-04 15:14:36,031 INFO  server.AbstractConnector (AbstractConnector.java:doStart(278)) - Started ServerConnector@515ab3f2{HTTP/1.1,[http/1.1]}{0.0.0.0:42569}
2019-07-04 15:14:36,032 INFO  server.Server (Server.java:doStart(419)) - Started @7051ms
2019-07-04 15:14:36,033 INFO  server.BaseHttpServer (BaseHttpServer.java:updateConnectorAddress(207)) - HTTP server of HDDSDATANODE is listening at http://0.0.0.0:42569
2019-07-04 15:14:36,151 INFO  ozone.HddsDatanodeService (HddsDatanodeService.java:startPlugins(396)) - Started plug-in org.apache.hadoop.ozone.web.OzoneHddsDatanodeService@5a30722c
2019-07-04 15:14:36,152 INFO  impl.MetricsSystemImpl (MetricsSystemImpl.java:init(158)) - HddsDatanode metrics system started (again)
2019-07-04 15:14:36,153 INFO  ozone.HddsDatanodeService (HddsDatanodeService.java:start(185)) - HddsDatanodeService host:ozone-hdds-1735-wr477-3457940041 ip:192.168.157.209
2019-07-04 15:14:36,156 INFO  util.JvmPauseMonitor (JvmPauseMonitor.java:run(188)) - Starting JVM pause monitor
2019-07-04 15:14:36,159 INFO  datanode.InitDatanodeState (InitDatanodeState.java:persistContainerDatanodeDetails(140)) - DatanodeDetails is persisted to /opt/src/hadoop-ozone/integration-test/target/test-dir/MiniOzoneClusterImpl-606e9c43-2fb3-4e47-8e65-f7604d863f19/datanode-4/meta/datanode.id
2019-07-04 15:14:36,162 INFO  volume.HddsVolume (HddsVolume.java:<init>(176)) - Creating Volume: /opt/src/hadoop-ozone/integration-test/target/test-dir/MiniOzoneClusterImpl-606e9c43-2fb3-4e47-8e65-f7604d863f19/datanode-5/data/containers/hdds of  storage type : DISK and capacity : 52710309888
2019-07-04 15:14:36,162 INFO  volume.VolumeSet (VolumeSet.java:initializeVolumeSet(170)) - Added Volume : /opt/src/hadoop-ozone/integration-test/target/test-dir/MiniOzoneClusterImpl-606e9c43-2fb3-4e47-8e65-f7604d863f19/datanode-5/data/containers/hdds to VolumeSet
2019-07-04 15:14:36,163 INFO  volume.ThrottledAsyncChecker (ThrottledAsyncChecker.java:schedule(140)) - Scheduling a check for org.apache.hadoop.ozone.container.common.volume.HddsVolume@5333f08f
2019-07-04 15:14:36,163 INFO  volume.HddsVolumeChecker (HddsVolumeChecker.java:checkAllVolumes(203)) - Scheduled health check for volume org.apache.hadoop.ozone.container.common.volume.HddsVolume@5333f08f
2019-07-04 15:14:36,177 INFO  ratis.XceiverServerRatis (XceiverServerRatis.java:newXceiverServerRatis(411)) - Found a free port for the server : 35264
2019-07-04 15:14:36,179 INFO  impl.RaftServerProxy (ConfUtils.java:logGet(43)) - raft.rpc.type = GRPC (default)
2019-07-04 15:14:36,179 INFO  grpc.GrpcFactory (GrpcFactory.java:checkPooledByteBufAllocatorUseCacheForAllThreads(45)) - PERFORMANCE WARNING: useCacheForAllThreads is true that may cause Netty to create a lot garbage objects and, as a result, trigger GC.
	It is recommended to disable useCacheForAllThreads by setting -Dorg.apache.ratis.thirdparty.io.netty.allocator.useCacheForAllThreads=false in command line.
2019-07-04 15:14:36,179 INFO  grpc.GrpcConfigKeys$Server (ConfUtils.java:logGet(43)) - raft.grpc.server.port = 35264 (custom)
2019-07-04 15:14:36,179 INFO  server.GrpcService (ConfUtils.java:logGet(43)) - raft.grpc.message.size.max = 33570816 (custom)
2019-07-04 15:14:36,180 INFO  server.RaftServerConfigKeys (ConfUtils.java:logGet(43)) - raft.server.log.appender.buffer.byte-limit = 33554432 (custom)
2019-07-04 15:14:36,180 INFO  server.GrpcService (ConfUtils.java:logGet(43)) - raft.grpc.flow.control.window = 1MB (=1048576) (default)
2019-07-04 15:14:36,180 INFO  server.RaftServerConfigKeys (ConfUtils.java:logGet(43)) - raft.server.rpc.request.timeout = 3000ms (default)
2019-07-04 15:14:36,181 INFO  server.RaftServerConfigKeys (ConfUtils.java:logGet(43)) - raft.server.storage.dir = [/opt/src/hadoop-ozone/integration-test/target/test-dir/MiniOzoneClusterImpl-606e9c43-2fb3-4e47-8e65-f7604d863f19/datanode-5/data/ratis] (custom)
2019-07-04 15:14:36,181 INFO  server.XceiverServerGrpc (XceiverServerGrpc.java:<init>(97)) - Found a free port for the server : 41816
2019-07-04 15:14:36,181 INFO  replication.SimpleContainerDownloader (SimpleContainerDownloader.java:<init>(72)) - Starting container downloader service to copy containers to replicate.
2019-07-04 15:14:36,182 INFO  hdfs.DFSUtil (DFSUtil.java:httpServerTemplateForNNAndJN(1641)) - Starting Web-server for hddsDatanode at: http://0.0.0.0:0
2019-07-04 15:14:36,184 INFO  server.AuthenticationFilter (AuthenticationFilter.java:constructSecretProvider(240)) - Unable to initialize FileSignerSecretProvider, falling back to use random secrets.
2019-07-04 15:14:36,184 WARN  http.HttpRequestLog (HttpRequestLog.java:getRequestLog(97)) - Jetty request log can only be enabled using Log4j
2019-07-04 15:14:36,185 INFO  http.HttpServer2 (HttpServer2.java:addGlobalFilter(975)) - Added global filter 'safety' (class=org.apache.hadoop.http.HttpServer2$QuotingInputFilter)
2019-07-04 15:14:36,186 INFO  http.HttpServer2 (HttpServer2.java:addFilter(948)) - Added filter static_user_filter (class=org.apache.hadoop.http.lib.StaticUserWebFilter$StaticUserFilter) to context hddsDatanode
2019-07-04 15:14:36,186 INFO  http.HttpServer2 (HttpServer2.java:addFilter(958)) - Added filter static_user_filter (class=org.apache.hadoop.http.lib.StaticUserWebFilter$StaticUserFilter) to context logs
2019-07-04 15:14:36,187 INFO  http.HttpServer2 (HttpServer2.java:addFilter(958)) - Added filter static_user_filter (class=org.apache.hadoop.http.lib.StaticUserWebFilter$StaticUserFilter) to context static
2019-07-04 15:14:36,187 INFO  http.HttpServer2 (HttpServer2.java:bindListener(1191)) - Jetty bound to port 44583
2019-07-04 15:14:36,187 INFO  server.Server (Server.java:doStart(351)) - jetty-9.3.24.v20180605, build timestamp: 2018-06-05T17:11:56Z, git hash: 84205aa28f11a4f31f2a3b86d1bba2cc8ab69827
2019-07-04 15:14:36,190 INFO  handler.ContextHandler (ContextHandler.java:doStart(781)) - Started o.e.j.s.ServletContextHandler@4a31ed12{/logs,file:///opt/src/hadoop-ozone/integration-test/target/log,AVAILABLE}
2019-07-04 15:14:36,190 INFO  handler.ContextHandler (ContextHandler.java:doStart(781)) - Started o.e.j.s.ServletContextHandler@2365ea38{/static,jar:file:/home/user/.m2/repository/org/apache/hadoop/hadoop-hdds-container-service/0.5.0-SNAPSHOT/hadoop-hdds-container-service-0.5.0-SNAPSHOT.jar!/webapps/static,AVAILABLE}
2019-07-04 15:14:36,218 INFO  handler.ContextHandler (ContextHandler.java:doStart(781)) - Started o.e.j.w.WebAppContext@5c448ef{/,file:///tmp/jetty-0.0.0.0-44583-hddsDatanode-_-any-1612567683921264653.dir/webapp/,AVAILABLE}{/hddsDatanode}
2019-07-04 15:14:36,218 INFO  server.AbstractConnector (AbstractConnector.java:doStart(278)) - Started ServerConnector@703e8050{HTTP/1.1,[http/1.1]}{0.0.0.0:44583}
2019-07-04 15:14:36,219 INFO  server.Server (Server.java:doStart(419)) - Started @7238ms
2019-07-04 15:14:36,220 INFO  server.BaseHttpServer (BaseHttpServer.java:updateConnectorAddress(207)) - HTTP server of HDDSDATANODE is listening at http://0.0.0.0:44583
2019-07-04 15:14:36,396 INFO  ozone.HddsDatanodeService (HddsDatanodeService.java:startPlugins(396)) - Started plug-in org.apache.hadoop.ozone.web.OzoneHddsDatanodeService@68bd8ca7
2019-07-04 15:14:36,402 INFO  ozone.MiniOzoneClusterImpl (MiniOzoneClusterImpl.java:lambda$waitForClusterToBeReady$0(142)) - Waiting for cluster to be ready. Got 0 of 6 DN Heartbeats.
2019-07-04 15:14:36,403 INFO  util.JvmPauseMonitor (JvmPauseMonitor.java:run(188)) - Starting JVM pause monitor
2019-07-04 15:14:36,414 INFO  datanode.InitDatanodeState (InitDatanodeState.java:persistContainerDatanodeDetails(140)) - DatanodeDetails is persisted to /opt/src/hadoop-ozone/integration-test/target/test-dir/MiniOzoneClusterImpl-606e9c43-2fb3-4e47-8e65-f7604d863f19/datanode-5/meta/datanode.id
2019-07-04 15:14:37,381 INFO  ozoneimpl.OzoneContainer (OzoneContainer.java:start(186)) - Attempting to start container services.
2019-07-04 15:14:37,383 INFO  ozoneimpl.OzoneContainer (OzoneContainer.java:startContainerScrub(160)) - Background container scrubber has been disabled by hdds.containerscrub.enabled
2019-07-04 15:14:37,383 INFO  ratis.XceiverServerRatis (XceiverServerRatis.java:start(428)) - Starting XceiverServerRatis 7f641bdc-4bdc-4fc2-bbbe-65bbccec3751 at port 34006
2019-07-04 15:14:37,403 INFO  ozone.MiniOzoneClusterImpl (MiniOzoneClusterImpl.java:lambda$waitForClusterToBeReady$0(142)) - Waiting for cluster to be ready. Got 0 of 6 DN Heartbeats.
2019-07-04 15:14:37,407 INFO  impl.RaftServerProxy (RaftServerProxy.java:lambda$start$3(299)) - 7f641bdc-4bdc-4fc2-bbbe-65bbccec3751: start RPC server
2019-07-04 15:14:37,533 INFO  server.GrpcService (GrpcService.java:startImpl(149)) - 7f641bdc-4bdc-4fc2-bbbe-65bbccec3751: GrpcService started, listening on 0.0.0.0/0.0.0.0:34006
2019-07-04 15:14:37,594 INFO  ozoneimpl.OzoneContainer (OzoneContainer.java:start(186)) - Attempting to start container services.
2019-07-04 15:14:37,597 INFO  ozoneimpl.OzoneContainer (OzoneContainer.java:startContainerScrub(160)) - Background container scrubber has been disabled by hdds.containerscrub.enabled
2019-07-04 15:14:37,597 INFO  ratis.XceiverServerRatis (XceiverServerRatis.java:start(428)) - Starting XceiverServerRatis 1e544da4-fd62-4dd9-9533-51452861563d at port 43079
2019-07-04 15:14:37,606 INFO  impl.RaftServerProxy (RaftServerProxy.java:lambda$start$3(299)) - 1e544da4-fd62-4dd9-9533-51452861563d: start RPC server
2019-07-04 15:14:37,610 INFO  server.GrpcService (GrpcService.java:startImpl(149)) - 1e544da4-fd62-4dd9-9533-51452861563d: GrpcService started, listening on 0.0.0.0/0.0.0.0:43079
2019-07-04 15:14:37,793 INFO  ozoneimpl.OzoneContainer (OzoneContainer.java:start(186)) - Attempting to start container services.
2019-07-04 15:14:37,795 INFO  ozoneimpl.OzoneContainer (OzoneContainer.java:startContainerScrub(160)) - Background container scrubber has been disabled by hdds.containerscrub.enabled
2019-07-04 15:14:37,796 INFO  ratis.XceiverServerRatis (XceiverServerRatis.java:start(428)) - Starting XceiverServerRatis 69ab023f-6334-42f7-84b3-7a3e0c9400cb at port 38980
2019-07-04 15:14:37,805 INFO  impl.RaftServerProxy (RaftServerProxy.java:lambda$start$3(299)) - 69ab023f-6334-42f7-84b3-7a3e0c9400cb: start RPC server
2019-07-04 15:14:37,808 INFO  server.GrpcService (GrpcService.java:startImpl(149)) - 69ab023f-6334-42f7-84b3-7a3e0c9400cb: GrpcService started, listening on 0.0.0.0/0.0.0.0:38980
2019-07-04 15:14:37,984 INFO  ozoneimpl.OzoneContainer (OzoneContainer.java:start(186)) - Attempting to start container services.
2019-07-04 15:14:37,987 INFO  ozoneimpl.OzoneContainer (OzoneContainer.java:startContainerScrub(160)) - Background container scrubber has been disabled by hdds.containerscrub.enabled
2019-07-04 15:14:37,987 INFO  ratis.XceiverServerRatis (XceiverServerRatis.java:start(428)) - Starting XceiverServerRatis 000a90a0-da83-4fcd-b495-6f6220279f4d at port 45835
2019-07-04 15:14:37,997 INFO  impl.RaftServerProxy (RaftServerProxy.java:lambda$start$3(299)) - 000a90a0-da83-4fcd-b495-6f6220279f4d: start RPC server
2019-07-04 15:14:38,001 INFO  server.GrpcService (GrpcService.java:startImpl(149)) - 000a90a0-da83-4fcd-b495-6f6220279f4d: GrpcService started, listening on 0.0.0.0/0.0.0.0:45835
2019-07-04 15:14:38,173 INFO  ozoneimpl.OzoneContainer (OzoneContainer.java:start(186)) - Attempting to start container services.
2019-07-04 15:14:38,179 INFO  ozoneimpl.OzoneContainer (OzoneContainer.java:startContainerScrub(160)) - Background container scrubber has been disabled by hdds.containerscrub.enabled
2019-07-04 15:14:38,179 INFO  ratis.XceiverServerRatis (XceiverServerRatis.java:start(428)) - Starting XceiverServerRatis dd503a5e-120c-4cea-a433-1d53960de6da at port 41451
2019-07-04 15:14:38,190 INFO  impl.RaftServerProxy (RaftServerProxy.java:lambda$start$3(299)) - dd503a5e-120c-4cea-a433-1d53960de6da: start RPC server
2019-07-04 15:14:38,194 INFO  server.GrpcService (GrpcService.java:startImpl(149)) - dd503a5e-120c-4cea-a433-1d53960de6da: GrpcService started, listening on 0.0.0.0/0.0.0.0:41451
2019-07-04 15:14:38,403 INFO  ozone.MiniOzoneClusterImpl (MiniOzoneClusterImpl.java:lambda$waitForClusterToBeReady$0(142)) - Waiting for cluster to be ready. Got 0 of 6 DN Heartbeats.
2019-07-04 15:14:38,421 INFO  ozoneimpl.OzoneContainer (OzoneContainer.java:start(186)) - Attempting to start container services.
2019-07-04 15:14:38,421 INFO  ozoneimpl.OzoneContainer (OzoneContainer.java:startContainerScrub(160)) - Background container scrubber has been disabled by hdds.containerscrub.enabled
2019-07-04 15:14:38,421 INFO  ratis.XceiverServerRatis (XceiverServerRatis.java:start(428)) - Starting XceiverServerRatis 1cd92339-8c4f-4333-b245-a179f67fc9cf at port 35264
2019-07-04 15:14:38,430 INFO  impl.RaftServerProxy (RaftServerProxy.java:lambda$start$3(299)) - 1cd92339-8c4f-4333-b245-a179f67fc9cf: start RPC server
2019-07-04 15:14:38,434 INFO  server.GrpcService (GrpcService.java:startImpl(149)) - 1cd92339-8c4f-4333-b245-a179f67fc9cf: GrpcService started, listening on 0.0.0.0/0.0.0.0:35264
2019-07-04 15:14:39,374 INFO  net.NetworkTopology (NetworkTopologyImpl.java:add(109)) - Added a new node: /default-rack/192.168.157.209
2019-07-04 15:14:39,375 INFO  node.SCMNodeManager (SCMNodeManager.java:register(268)) - Registered Data node : 7f641bdc-4bdc-4fc2-bbbe-65bbccec3751{ip: 192.168.157.209, host: ozone-hdds-1735-wr477-3457940041, networkLocation: /default-rack, certSerialId: null}
2019-07-04 15:14:39,381 INFO  safemode.SCMSafeModeManager (DataNodeSafeModeRule.java:process(71)) - SCM in safe mode. 1 DataNodes registered, 1 required.
2019-07-04 15:14:39,381 INFO  safemode.SCMSafeModeManager (SCMSafeModeManager.java:validateSafeModeExitRules(177)) - ScmSafeModeManager, all rules are successfully validated
2019-07-04 15:14:39,382 INFO  safemode.SCMSafeModeManager (SCMSafeModeManager.java:exitSafeMode(193)) - SCM exiting safe mode.
2019-07-04 15:14:39,405 INFO  ozone.MiniOzoneClusterImpl (MiniOzoneClusterImpl.java:lambda$waitForClusterToBeReady$0(142)) - Waiting for cluster to be ready. Got 1 of 6 DN Heartbeats.
2019-07-04 15:14:39,581 INFO  node.SCMNodeManager (SCMNodeManager.java:register(268)) - Registered Data node : 1e544da4-fd62-4dd9-9533-51452861563d{ip: 192.168.157.209, host: ozone-hdds-1735-wr477-3457940041, networkLocation: /default-rack, certSerialId: null}
2019-07-04 15:14:39,781 INFO  node.SCMNodeManager (SCMNodeManager.java:register(268)) - Registered Data node : 69ab023f-6334-42f7-84b3-7a3e0c9400cb{ip: 192.168.157.209, host: ozone-hdds-1735-wr477-3457940041, networkLocation: /default-rack, certSerialId: null}
2019-07-04 15:14:39,966 INFO  impl.RaftServerProxy (RaftServerProxy.java:addNew(89)) - 7f641bdc-4bdc-4fc2-bbbe-65bbccec3751: addNew group-1C8746AFE8E0:[7f641bdc-4bdc-4fc2-bbbe-65bbccec3751:192.168.157.209:34006] returns group-1C8746AFE8E0:java.util.concurrent.CompletableFuture@2480733[Not completed]
2019-07-04 15:14:39,978 INFO  node.SCMNodeManager (SCMNodeManager.java:register(268)) - Registered Data node : 000a90a0-da83-4fcd-b495-6f6220279f4d{ip: 192.168.157.209, host: ozone-hdds-1735-wr477-3457940041, networkLocation: /default-rack, certSerialId: null}
2019-07-04 15:14:39,987 INFO  impl.RaftServerImpl (RaftServerImpl.java:<init>(93)) - 7f641bdc-4bdc-4fc2-bbbe-65bbccec3751: new RaftServerImpl for group-1C8746AFE8E0:[7f641bdc-4bdc-4fc2-bbbe-65bbccec3751:192.168.157.209:34006] with ContainerStateMachine:uninitialized
2019-07-04 15:14:39,989 INFO  server.RaftServerConfigKeys (ConfUtils.java:logGet(43)) - raft.server.rpc.timeout.min = 1s (custom)
2019-07-04 15:14:39,990 INFO  server.RaftServerConfigKeys (ConfUtils.java:logGet(43)) - raft.server.rpc.timeout.max = 1200ms (custom)
2019-07-04 15:14:39,990 INFO  server.RaftServerConfigKeys (ConfUtils.java:logGet(43)) - raft.server.rpcslowness.timeout = 10s (custom)
2019-07-04 15:14:39,992 INFO  server.RaftServerConfigKeys (ConfUtils.java:logGet(43)) - raft.server.sleep.deviation.threshold = 300 (default)
2019-07-04 15:14:39,993 INFO  server.RaftServerConfigKeys (ConfUtils.java:logGet(43)) - raft.server.log.appender.install.snapshot.enabled = false (custom)
2019-07-04 15:14:40,289 INFO  node.SCMNodeManager (SCMNodeManager.java:register(268)) - Registered Data node : dd503a5e-120c-4cea-a433-1d53960de6da{ip: 192.168.157.209, host: ozone-hdds-1735-wr477-3457940041, networkLocation: /default-rack, certSerialId: null}
2019-07-04 15:14:40,294 INFO  impl.RaftServerImpl (ServerState.java:<init>(105)) - 7f641bdc-4bdc-4fc2-bbbe-65bbccec3751:group-1C8746AFE8E0 ConfigurationManager, init=-1: [7f641bdc-4bdc-4fc2-bbbe-65bbccec3751:192.168.157.209:34006], old=null, confs=<EMPTY_MAP>
2019-07-04 15:14:40,294 INFO  server.RaftServerConfigKeys (ConfUtils.java:logGet(43)) - raft.server.storage.dir = [/opt/src/hadoop-ozone/integration-test/target/test-dir/MiniOzoneClusterImpl-606e9c43-2fb3-4e47-8e65-f7604d863f19/datanode-0/data/ratis] (custom)
2019-07-04 15:14:40,304 INFO  storage.RaftStorageDirectory (RaftStorageDirectory.java:analyzeStorage(246)) - The storage directory /opt/src/hadoop-ozone/integration-test/target/test-dir/MiniOzoneClusterImpl-606e9c43-2fb3-4e47-8e65-f7604d863f19/datanode-0/data/ratis/0108dcaa-bc43-43ca-9c31-1c8746afe8e0 does not exist. Creating ...
2019-07-04 15:14:40,323 INFO  storage.RaftStorageDirectory (RaftStorageDirectory.java:tryLock(328)) - Lock on /opt/src/hadoop-ozone/integration-test/target/test-dir/MiniOzoneClusterImpl-606e9c43-2fb3-4e47-8e65-f7604d863f19/datanode-0/data/ratis/0108dcaa-bc43-43ca-9c31-1c8746afe8e0/in_use.lock acquired by nodename 4343@ozone-hdds-1735-wr477-3457940041
2019-07-04 15:14:40,338 INFO  storage.RaftStorage (RaftStorage.java:format(72)) - Storage directory /opt/src/hadoop-ozone/integration-test/target/test-dir/MiniOzoneClusterImpl-606e9c43-2fb3-4e47-8e65-f7604d863f19/datanode-0/data/ratis/0108dcaa-bc43-43ca-9c31-1c8746afe8e0 has been successfully formatted.
2019-07-04 15:14:40,341 INFO  ratis.ContainerStateMachine (ContainerStateMachine.java:loadSnapshot(198)) - The snapshot info is null.Setting the last applied index to:(t:0, i:~)
2019-07-04 15:14:40,341 INFO  server.RaftServerConfigKeys (ConfUtils.java:logGet(43)) - raft.server.leader.election.timeout = 10s (custom)
2019-07-04 15:14:40,344 INFO  server.RaftServerConfigKeys (ConfUtils.java:logGet(43)) - raft.server.log.use.memory = false (default)
2019-07-04 15:14:40,351 INFO  server.RaftServerConfigKeys (ConfUtils.java:logGet(43)) - raft.server.log.purge.gap = 1000000000 (custom)
2019-07-04 15:14:40,351 INFO  server.RaftServerConfigKeys (ConfUtils.java:logGet(43)) - raft.server.log.appender.buffer.byte-limit = 33554432 (custom)
2019-07-04 15:14:40,353 INFO  server.RaftServerConfigKeys (ConfUtils.java:logGet(43)) - raft.server.log.segment.size.max = 1048576 (custom)
2019-07-04 15:14:40,359 INFO  server.RaftServerConfigKeys (ConfUtils.java:logGet(43)) - raft.server.log.segment.cache.num.max = 2 (custom)
2019-07-04 15:14:40,366 INFO  segmented.SegmentedRaftLogWorker (SegmentedRaftLogWorker.java:<init>(172)) - new 7f641bdc-4bdc-4fc2-bbbe-65bbccec3751-SegmentedRaftLogWorker:Storage Directory /opt/src/hadoop-ozone/integration-test/target/test-dir/MiniOzoneClusterImpl-606e9c43-2fb3-4e47-8e65-f7604d863f19/datanode-0/data/ratis/0108dcaa-bc43-43ca-9c31-1c8746afe8e0 for RaftStorage:Storage Directory /opt/src/hadoop-ozone/integration-test/target/test-dir/MiniOzoneClusterImpl-606e9c43-2fb3-4e47-8e65-f7604d863f19/datanode-0/data/ratis/0108dcaa-bc43-43ca-9c31-1c8746afe8e0
2019-07-04 15:14:40,379 INFO  server.RaftServerConfigKeys (ConfUtils.java:logGet(43)) - raft.server.log.queue.byte-limit = 2147483647 (custom)
2019-07-04 15:14:40,380 INFO  server.RaftServerConfigKeys (ConfUtils.java:logGet(43)) - raft.server.log.queue.element-limit = 1024 (custom)
2019-07-04 15:14:40,385 INFO  server.RaftServerConfigKeys (ConfUtils.java:logGet(43)) - raft.server.log.segment.size.max = 1048576 (custom)
2019-07-04 15:14:40,386 INFO  server.RaftServerConfigKeys (ConfUtils.java:logGet(43)) - raft.server.log.preallocated.size = 16384 (custom)
2019-07-04 15:14:40,386 INFO  server.RaftServerConfigKeys (ConfUtils.java:logGet(43)) - raft.server.log.write.buffer.size = 33554432 (custom)
2019-07-04 15:14:40,387 INFO  server.RaftServerConfigKeys (ConfUtils.java:logGet(43)) - raft.server.log.force.sync.num = 128 (default)
2019-07-04 15:14:40,388 INFO  server.RaftServerConfigKeys (ConfUtils.java:logGet(43)) - raft.server.log.statemachine.data.sync = true (default)
2019-07-04 15:14:40,388 INFO  server.RaftServerConfigKeys (ConfUtils.java:logGet(43)) - raft.server.log.statemachine.data.sync.timeout = 10s (default)
2019-07-04 15:14:40,389 INFO  server.RaftServerConfigKeys (ConfUtils.java:logGet(43)) - raft.server.log.statemachine.data.sync.timeout.retry = -1 (default)
2019-07-04 15:14:40,398 INFO  server.RaftServerConfigKeys (ConfUtils.java:logGet(43)) - raft.server.log.statemachine.data.caching.enabled = true (custom)
2019-07-04 15:14:40,403 INFO  segmented.SegmentedRaftLogWorker (SegmentedRaftLogWorker.java:lambda$new$0(132)) - 7f641bdc-4bdc-4fc2-bbbe-65bbccec3751-SegmentedRaftLogWorker:Storage Directory /opt/src/hadoop-ozone/integration-test/target/test-dir/MiniOzoneClusterImpl-606e9c43-2fb3-4e47-8e65-f7604d863f19/datanode-0/data/ratis/0108dcaa-bc43-43ca-9c31-1c8746afe8e0: flushIndex: setUnconditionally 0 -> -1
2019-07-04 15:14:40,407 INFO  ozone.MiniOzoneClusterImpl (MiniOzoneClusterImpl.java:lambda$waitForClusterToBeReady$0(142)) - Waiting for cluster to be ready. Got 5 of 6 DN Heartbeats.
2019-07-04 15:14:40,409 INFO  node.SCMNodeManager (SCMNodeManager.java:register(268)) - Registered Data node : 1cd92339-8c4f-4333-b245-a179f67fc9cf{ip: 192.168.157.209, host: ozone-hdds-1735-wr477-3457940041, networkLocation: /default-rack, certSerialId: null}
2019-07-04 15:14:40,410 INFO  server.RaftServerConfigKeys (ConfUtils.java:logGet(43)) - raft.server.snapshot.auto.trigger.enabled = true (custom)
2019-07-04 15:14:40,411 INFO  server.RaftServerConfigKeys (ConfUtils.java:logGet(43)) - raft.server.snapshot.auto.trigger.threshold = 10000 (custom)
2019-07-04 15:14:40,411 INFO  server.RaftServerConfigKeys (ConfUtils.java:logGet(43)) - raft.server.retrycache.expirytime = 600000ms (custom)
2019-07-04 15:14:40,432 INFO  impl.RaftServerImpl (RaftServerImpl.java:start(180)) - 7f641bdc-4bdc-4fc2-bbbe-65bbccec3751: start group-1C8746AFE8E0
2019-07-04 15:14:40,433 INFO  impl.RaftServerImpl (RaftServerImpl.java:setRole(171)) - 7f641bdc-4bdc-4fc2-bbbe-65bbccec3751:group-1C8746AFE8E0 changes role from null to FOLLOWER at term 0 for startAsFollower
2019-07-04 15:14:40,434 INFO  impl.RoleInfo (RoleInfo.java:updateAndGet(143)) - 7f641bdc-4bdc-4fc2-bbbe-65bbccec3751: start FollowerState
2019-07-04 15:14:40,436 INFO  util.JmxRegister (JmxRegister.java:tryRegister(44)) - Successfully registered JMX Bean with object name Ratis:service=RaftServer,group=group-1C8746AFE8E0,id=7f641bdc-4bdc-4fc2-bbbe-65bbccec3751
2019-07-04 15:14:40,502 INFO  pipeline.PipelineStateManager (PipelineStateManager.java:addPipeline(56)) - Created pipeline Pipeline[ Id: 0108dcaa-bc43-43ca-9c31-1c8746afe8e0, Nodes: 7f641bdc-4bdc-4fc2-bbbe-65bbccec3751{ip: 192.168.157.209, host: ozone-hdds-1735-wr477-3457940041, networkLocation: /default-rack, certSerialId: null}, Type:RATIS, Factor:ONE, State:OPEN]
2019-07-04 15:14:40,540 INFO  impl.RaftServerProxy (RaftServerProxy.java:addNew(89)) - 1cd92339-8c4f-4333-b245-a179f67fc9cf: addNew group-8DDDA291FE65:[1cd92339-8c4f-4333-b245-a179f67fc9cf:192.168.157.209:35264] returns group-8DDDA291FE65:java.util.concurrent.CompletableFuture@3490e232[Not completed]
2019-07-04 15:14:40,582 INFO  impl.RaftServerImpl (RaftServerImpl.java:<init>(93)) - 1cd92339-8c4f-4333-b245-a179f67fc9cf: new RaftServerImpl for group-8DDDA291FE65:[1cd92339-8c4f-4333-b245-a179f67fc9cf:192.168.157.209:35264] with ContainerStateMachine:uninitialized
2019-07-04 15:14:40,583 INFO  server.RaftServerConfigKeys (ConfUtils.java:logGet(43)) - raft.server.rpc.timeout.min = 1s (custom)
2019-07-04 15:14:40,583 INFO  server.RaftServerConfigKeys (ConfUtils.java:logGet(43)) - raft.server.rpc.timeout.max = 1200ms (custom)
2019-07-04 15:14:40,583 INFO  server.RaftServerConfigKeys (ConfUtils.java:logGet(43)) - raft.server.rpcslowness.timeout = 10s (custom)
2019-07-04 15:14:40,584 INFO  server.RaftServerConfigKeys (ConfUtils.java:logGet(43)) - raft.server.sleep.deviation.threshold = 300 (default)
2019-07-04 15:14:40,584 INFO  server.RaftServerConfigKeys (ConfUtils.java:logGet(43)) - raft.server.log.appender.install.snapshot.enabled = false (custom)
2019-07-04 15:14:40,584 INFO  impl.RaftServerImpl (ServerState.java:<init>(105)) - 1cd92339-8c4f-4333-b245-a179f67fc9cf:group-8DDDA291FE65 ConfigurationManager, init=-1: [1cd92339-8c4f-4333-b245-a179f67fc9cf:192.168.157.209:35264], old=null, confs=<EMPTY_MAP>
2019-07-04 15:14:40,584 INFO  server.RaftServerConfigKeys (ConfUtils.java:logGet(43)) - raft.server.storage.dir = [/opt/src/hadoop-ozone/integration-test/target/test-dir/MiniOzoneClusterImpl-606e9c43-2fb3-4e47-8e65-f7604d863f19/datanode-5/data/ratis] (custom)
2019-07-04 15:14:40,585 INFO  storage.RaftStorageDirectory (RaftStorageDirectory.java:analyzeStorage(246)) - The storage directory /opt/src/hadoop-ozone/integration-test/target/test-dir/MiniOzoneClusterImpl-606e9c43-2fb3-4e47-8e65-f7604d863f19/datanode-5/data/ratis/39b68361-a23a-4376-ac8c-8ddda291fe65 does not exist. Creating ...
2019-07-04 15:14:40,599 INFO  storage.RaftStorageDirectory (RaftStorageDirectory.java:tryLock(328)) - Lock on /opt/src/hadoop-ozone/integration-test/target/test-dir/MiniOzoneClusterImpl-606e9c43-2fb3-4e47-8e65-f7604d863f19/datanode-5/data/ratis/39b68361-a23a-4376-ac8c-8ddda291fe65/in_use.lock acquired by nodename 4343@ozone-hdds-1735-wr477-3457940041
2019-07-04 15:14:40,620 INFO  storage.RaftStorage (RaftStorage.java:format(72)) - Storage directory /opt/src/hadoop-ozone/integration-test/target/test-dir/MiniOzoneClusterImpl-606e9c43-2fb3-4e47-8e65-f7604d863f19/datanode-5/data/ratis/39b68361-a23a-4376-ac8c-8ddda291fe65 has been successfully formatted.
2019-07-04 15:14:40,622 INFO  ratis.ContainerStateMachine (ContainerStateMachine.java:loadSnapshot(198)) - The snapshot info is null.Setting the last applied index to:(t:0, i:~)
2019-07-04 15:14:40,624 INFO  server.RaftServerConfigKeys (ConfUtils.java:logGet(43)) - raft.server.leader.election.timeout = 10s (custom)
2019-07-04 15:14:40,624 INFO  server.RaftServerConfigKeys (ConfUtils.java:logGet(43)) - raft.server.log.use.memory = false (default)
2019-07-04 15:14:40,624 INFO  server.RaftServerConfigKeys (ConfUtils.java:logGet(43)) - raft.server.log.purge.gap = 1000000000 (custom)
2019-07-04 15:14:40,624 INFO  server.RaftServerConfigKeys (ConfUtils.java:logGet(43)) - raft.server.log.appender.buffer.byte-limit = 33554432 (custom)
2019-07-04 15:14:40,625 INFO  server.RaftServerConfigKeys (ConfUtils.java:logGet(43)) - raft.server.log.segment.size.max = 1048576 (custom)
2019-07-04 15:14:40,625 INFO  server.RaftServerConfigKeys (ConfUtils.java:logGet(43)) - raft.server.log.segment.cache.num.max = 2 (custom)
2019-07-04 15:14:40,625 INFO  segmented.SegmentedRaftLogWorker (SegmentedRaftLogWorker.java:<init>(172)) - new 1cd92339-8c4f-4333-b245-a179f67fc9cf-SegmentedRaftLogWorker:Storage Directory /opt/src/hadoop-ozone/integration-test/target/test-dir/MiniOzoneClusterImpl-606e9c43-2fb3-4e47-8e65-f7604d863f19/datanode-5/data/ratis/39b68361-a23a-4376-ac8c-8ddda291fe65 for RaftStorage:Storage Directory /opt/src/hadoop-ozone/integration-test/target/test-dir/MiniOzoneClusterImpl-606e9c43-2fb3-4e47-8e65-f7604d863f19/datanode-5/data/ratis/39b68361-a23a-4376-ac8c-8ddda291fe65
2019-07-04 15:14:40,627 INFO  server.RaftServerConfigKeys (ConfUtils.java:logGet(43)) - raft.server.log.queue.byte-limit = 2147483647 (custom)
2019-07-04 15:14:40,627 INFO  server.RaftServerConfigKeys (ConfUtils.java:logGet(43)) - raft.server.log.queue.element-limit = 1024 (custom)
2019-07-04 15:14:40,628 INFO  server.RaftServerConfigKeys (ConfUtils.java:logGet(43)) - raft.server.log.segment.size.max = 1048576 (custom)
2019-07-04 15:14:40,628 INFO  server.RaftServerConfigKeys (ConfUtils.java:logGet(43)) - raft.server.log.preallocated.size = 16384 (custom)
2019-07-04 15:14:40,628 INFO  server.RaftServerConfigKeys (ConfUtils.java:logGet(43)) - raft.server.log.write.buffer.size = 33554432 (custom)
2019-07-04 15:14:40,628 INFO  server.RaftServerConfigKeys (ConfUtils.java:logGet(43)) - raft.server.log.force.sync.num = 128 (default)
2019-07-04 15:14:40,628 INFO  server.RaftServerConfigKeys (ConfUtils.java:logGet(43)) - raft.server.log.statemachine.data.sync = true (default)
2019-07-04 15:14:40,629 INFO  server.RaftServerConfigKeys (ConfUtils.java:logGet(43)) - raft.server.log.statemachine.data.sync.timeout = 10s (default)
2019-07-04 15:14:40,629 INFO  server.RaftServerConfigKeys (ConfUtils.java:logGet(43)) - raft.server.log.statemachine.data.sync.timeout.retry = -1 (default)
2019-07-04 15:14:40,629 INFO  server.RaftServerConfigKeys (ConfUtils.java:logGet(43)) - raft.server.log.statemachine.data.caching.enabled = true (custom)
2019-07-04 15:14:40,630 INFO  segmented.SegmentedRaftLogWorker (SegmentedRaftLogWorker.java:lambda$new$0(132)) - 1cd92339-8c4f-4333-b245-a179f67fc9cf-SegmentedRaftLogWorker:Storage Directory /opt/src/hadoop-ozone/integration-test/target/test-dir/MiniOzoneClusterImpl-606e9c43-2fb3-4e47-8e65-f7604d863f19/datanode-5/data/ratis/39b68361-a23a-4376-ac8c-8ddda291fe65: flushIndex: setUnconditionally 0 -> -1
2019-07-04 15:14:40,630 INFO  server.RaftServerConfigKeys (ConfUtils.java:logGet(43)) - raft.server.snapshot.auto.trigger.enabled = true (custom)
2019-07-04 15:14:40,630 INFO  server.RaftServerConfigKeys (ConfUtils.java:logGet(43)) - raft.server.snapshot.auto.trigger.threshold = 10000 (custom)
2019-07-04 15:14:40,631 INFO  server.RaftServerConfigKeys (ConfUtils.java:logGet(43)) - raft.server.retrycache.expirytime = 600000ms (custom)
2019-07-04 15:14:40,631 INFO  impl.RaftServerImpl (RaftServerImpl.java:start(180)) - 1cd92339-8c4f-4333-b245-a179f67fc9cf: start group-8DDDA291FE65
2019-07-04 15:14:40,631 INFO  impl.RaftServerImpl (RaftServerImpl.java:setRole(171)) - 1cd92339-8c4f-4333-b245-a179f67fc9cf:group-8DDDA291FE65 changes role from null to FOLLOWER at term 0 for startAsFollower
2019-07-04 15:14:40,631 INFO  impl.RoleInfo (RoleInfo.java:updateAndGet(143)) - 1cd92339-8c4f-4333-b245-a179f67fc9cf: start FollowerState
2019-07-04 15:14:40,633 INFO  util.JmxRegister (JmxRegister.java:tryRegister(44)) - Successfully registered JMX Bean with object name Ratis:service=RaftServer,group=group-8DDDA291FE65,id=1cd92339-8c4f-4333-b245-a179f67fc9cf
2019-07-04 15:14:40,652 INFO  pipeline.PipelineStateManager (PipelineStateManager.java:addPipeline(56)) - Created pipeline Pipeline[ Id: 39b68361-a23a-4376-ac8c-8ddda291fe65, Nodes: 1cd92339-8c4f-4333-b245-a179f67fc9cf{ip: 192.168.157.209, host: ozone-hdds-1735-wr477-3457940041, networkLocation: /default-rack, certSerialId: null}, Type:RATIS, Factor:ONE, State:OPEN]
2019-07-04 15:14:40,673 INFO  impl.RaftServerProxy (RaftServerProxy.java:addNew(89)) - 1e544da4-fd62-4dd9-9533-51452861563d: addNew group-83C195C888D1:[1e544da4-fd62-4dd9-9533-51452861563d:192.168.157.209:43079] returns group-83C195C888D1:java.util.concurrent.CompletableFuture@591960dd[Not completed]
2019-07-04 15:14:40,683 INFO  impl.RaftServerImpl (RaftServerImpl.java:<init>(93)) - 1e544da4-fd62-4dd9-9533-51452861563d: new RaftServerImpl for group-83C195C888D1:[1e544da4-fd62-4dd9-9533-51452861563d:192.168.157.209:43079] with ContainerStateMachine:uninitialized
2019-07-04 15:14:40,684 INFO  server.RaftServerConfigKeys (ConfUtils.java:logGet(43)) - raft.server.rpc.timeout.min = 1s (custom)
2019-07-04 15:14:40,684 INFO  server.RaftServerConfigKeys (ConfUtils.java:logGet(43)) - raft.server.rpc.timeout.max = 1200ms (custom)
2019-07-04 15:14:40,684 INFO  server.RaftServerConfigKeys (ConfUtils.java:logGet(43)) - raft.server.rpcslowness.timeout = 10s (custom)
2019-07-04 15:14:40,684 INFO  server.RaftServerConfigKeys (ConfUtils.java:logGet(43)) - raft.server.sleep.deviation.threshold = 300 (default)
2019-07-04 15:14:40,685 INFO  server.RaftServerConfigKeys (ConfUtils.java:logGet(43)) - raft.server.log.appender.install.snapshot.enabled = false (custom)
2019-07-04 15:14:40,685 INFO  impl.RaftServerImpl (ServerState.java:<init>(105)) - 1e544da4-fd62-4dd9-9533-51452861563d:group-83C195C888D1 ConfigurationManager, init=-1: [1e544da4-fd62-4dd9-9533-51452861563d:192.168.157.209:43079], old=null, confs=<EMPTY_MAP>
2019-07-04 15:14:40,685 INFO  server.RaftServerConfigKeys (ConfUtils.java:logGet(43)) - raft.server.storage.dir = [/opt/src/hadoop-ozone/integration-test/target/test-dir/MiniOzoneClusterImpl-606e9c43-2fb3-4e47-8e65-f7604d863f19/datanode-1/data/ratis] (custom)
2019-07-04 15:14:40,686 INFO  storage.RaftStorageDirectory (RaftStorageDirectory.java:analyzeStorage(246)) - The storage directory /opt/src/hadoop-ozone/integration-test/target/test-dir/MiniOzoneClusterImpl-606e9c43-2fb3-4e47-8e65-f7604d863f19/datanode-1/data/ratis/d6207112-aa9f-497c-929e-83c195c888d1 does not exist. Creating ...
2019-07-04 15:14:40,700 INFO  storage.RaftStorageDirectory (RaftStorageDirectory.java:tryLock(328)) - Lock on /opt/src/hadoop-ozone/integration-test/target/test-dir/MiniOzoneClusterImpl-606e9c43-2fb3-4e47-8e65-f7604d863f19/datanode-1/data/ratis/d6207112-aa9f-497c-929e-83c195c888d1/in_use.lock acquired by nodename 4343@ozone-hdds-1735-wr477-3457940041
2019-07-04 15:14:40,714 INFO  storage.RaftStorage (RaftStorage.java:format(72)) - Storage directory /opt/src/hadoop-ozone/integration-test/target/test-dir/MiniOzoneClusterImpl-606e9c43-2fb3-4e47-8e65-f7604d863f19/datanode-1/data/ratis/d6207112-aa9f-497c-929e-83c195c888d1 has been successfully formatted.
2019-07-04 15:14:40,714 INFO  ratis.ContainerStateMachine (ContainerStateMachine.java:loadSnapshot(198)) - The snapshot info is null.Setting the last applied index to:(t:0, i:~)
2019-07-04 15:14:40,714 INFO  server.RaftServerConfigKeys (ConfUtils.java:logGet(43)) - raft.server.leader.election.timeout = 10s (custom)
2019-07-04 15:14:40,714 INFO  server.RaftServerConfigKeys (ConfUtils.java:logGet(43)) - raft.server.log.use.memory = false (default)
2019-07-04 15:14:40,715 INFO  server.RaftServerConfigKeys (ConfUtils.java:logGet(43)) - raft.server.log.purge.gap = 1000000000 (custom)
2019-07-04 15:14:40,715 INFO  server.RaftServerConfigKeys (ConfUtils.java:logGet(43)) - raft.server.log.appender.buffer.byte-limit = 33554432 (custom)
2019-07-04 15:14:40,715 INFO  server.RaftServerConfigKeys (ConfUtils.java:logGet(43)) - raft.server.log.segment.size.max = 1048576 (custom)
2019-07-04 15:14:40,716 INFO  server.RaftServerConfigKeys (ConfUtils.java:logGet(43)) - raft.server.log.segment.cache.num.max = 2 (custom)
2019-07-04 15:14:40,716 INFO  segmented.SegmentedRaftLogWorker (SegmentedRaftLogWorker.java:<init>(172)) - new 1e544da4-fd62-4dd9-9533-51452861563d-SegmentedRaftLogWorker:Storage Directory /opt/src/hadoop-ozone/integration-test/target/test-dir/MiniOzoneClusterImpl-606e9c43-2fb3-4e47-8e65-f7604d863f19/datanode-1/data/ratis/d6207112-aa9f-497c-929e-83c195c888d1 for RaftStorage:Storage Directory /opt/src/hadoop-ozone/integration-test/target/test-dir/MiniOzoneClusterImpl-606e9c43-2fb3-4e47-8e65-f7604d863f19/datanode-1/data/ratis/d6207112-aa9f-497c-929e-83c195c888d1
2019-07-04 15:14:40,716 INFO  server.RaftServerConfigKeys (ConfUtils.java:logGet(43)) - raft.server.log.queue.byte-limit = 2147483647 (custom)
2019-07-04 15:14:40,716 INFO  server.RaftServerConfigKeys (ConfUtils.java:logGet(43)) - raft.server.log.queue.element-limit = 1024 (custom)
2019-07-04 15:14:40,717 INFO  server.RaftServerConfigKeys (ConfUtils.java:logGet(43)) - raft.server.log.segment.size.max = 1048576 (custom)
2019-07-04 15:14:40,717 INFO  server.RaftServerConfigKeys (ConfUtils.java:logGet(43)) - raft.server.log.preallocated.size = 16384 (custom)
2019-07-04 15:14:40,717 INFO  server.RaftServerConfigKeys (ConfUtils.java:logGet(43)) - raft.server.log.write.buffer.size = 33554432 (custom)
2019-07-04 15:14:40,718 INFO  server.RaftServerConfigKeys (ConfUtils.java:logGet(43)) - raft.server.log.force.sync.num = 128 (default)
2019-07-04 15:14:40,718 INFO  server.RaftServerConfigKeys (ConfUtils.java:logGet(43)) - raft.server.log.statemachine.data.sync = true (default)
2019-07-04 15:14:40,718 INFO  server.RaftServerConfigKeys (ConfUtils.java:logGet(43)) - raft.server.log.statemachine.data.sync.timeout = 10s (default)
2019-07-04 15:14:40,718 INFO  server.RaftServerConfigKeys (ConfUtils.java:logGet(43)) - raft.server.log.statemachine.data.sync.timeout.retry = -1 (default)
2019-07-04 15:14:40,719 INFO  server.RaftServerConfigKeys (ConfUtils.java:logGet(43)) - raft.server.log.statemachine.data.caching.enabled = true (custom)
2019-07-04 15:14:40,720 INFO  segmented.SegmentedRaftLogWorker (SegmentedRaftLogWorker.java:lambda$new$0(132)) - 1e544da4-fd62-4dd9-9533-51452861563d-SegmentedRaftLogWorker:Storage Directory /opt/src/hadoop-ozone/integration-test/target/test-dir/MiniOzoneClusterImpl-606e9c43-2fb3-4e47-8e65-f7604d863f19/datanode-1/data/ratis/d6207112-aa9f-497c-929e-83c195c888d1: flushIndex: setUnconditionally 0 -> -1
2019-07-04 15:14:40,720 INFO  server.RaftServerConfigKeys (ConfUtils.java:logGet(43)) - raft.server.snapshot.auto.trigger.enabled = true (custom)
2019-07-04 15:14:40,720 INFO  server.RaftServerConfigKeys (ConfUtils.java:logGet(43)) - raft.server.snapshot.auto.trigger.threshold = 10000 (custom)
2019-07-04 15:14:40,721 INFO  server.RaftServerConfigKeys (ConfUtils.java:logGet(43)) - raft.server.retrycache.expirytime = 600000ms (custom)
2019-07-04 15:14:40,721 INFO  impl.RaftServerImpl (RaftServerImpl.java:start(180)) - 1e544da4-fd62-4dd9-9533-51452861563d: start group-83C195C888D1
2019-07-04 15:14:40,721 INFO  impl.RaftServerImpl (RaftServerImpl.java:setRole(171)) - 1e544da4-fd62-4dd9-9533-51452861563d:group-83C195C888D1 changes role from null to FOLLOWER at term 0 for startAsFollower
2019-07-04 15:14:40,722 INFO  impl.RoleInfo (RoleInfo.java:updateAndGet(143)) - 1e544da4-fd62-4dd9-9533-51452861563d: start FollowerState
2019-07-04 15:14:40,723 INFO  util.JmxRegister (JmxRegister.java:tryRegister(44)) - Successfully registered JMX Bean with object name Ratis:service=RaftServer,group=group-83C195C888D1,id=1e544da4-fd62-4dd9-9533-51452861563d
2019-07-04 15:14:40,744 INFO  pipeline.PipelineStateManager (PipelineStateManager.java:addPipeline(56)) - Created pipeline Pipeline[ Id: d6207112-aa9f-497c-929e-83c195c888d1, Nodes: 1e544da4-fd62-4dd9-9533-51452861563d{ip: 192.168.157.209, host: ozone-hdds-1735-wr477-3457940041, networkLocation: /default-rack, certSerialId: null}, Type:RATIS, Factor:ONE, State:OPEN]
2019-07-04 15:14:40,780 INFO  impl.RaftServerProxy (RaftServerProxy.java:addNew(89)) - 69ab023f-6334-42f7-84b3-7a3e0c9400cb: addNew group-1D6ED78827D7:[69ab023f-6334-42f7-84b3-7a3e0c9400cb:192.168.157.209:38980] returns group-1D6ED78827D7:java.util.concurrent.CompletableFuture@7366b237[Not completed]
2019-07-04 15:14:40,781 INFO  impl.RaftServerImpl (RaftServerImpl.java:<init>(93)) - 69ab023f-6334-42f7-84b3-7a3e0c9400cb: new RaftServerImpl for group-1D6ED78827D7:[69ab023f-6334-42f7-84b3-7a3e0c9400cb:192.168.157.209:38980] with ContainerStateMachine:uninitialized
2019-07-04 15:14:40,781 INFO  server.RaftServerConfigKeys (ConfUtils.java:logGet(43)) - raft.server.rpc.timeout.min = 1s (custom)
2019-07-04 15:14:40,781 INFO  server.RaftServerConfigKeys (ConfUtils.java:logGet(43)) - raft.server.rpc.timeout.max = 1200ms (custom)
2019-07-04 15:14:40,782 INFO  server.RaftServerConfigKeys (ConfUtils.java:logGet(43)) - raft.server.rpcslowness.timeout = 10s (custom)
2019-07-04 15:14:40,782 INFO  server.RaftServerConfigKeys (ConfUtils.java:logGet(43)) - raft.server.sleep.deviation.threshold = 300 (default)
2019-07-04 15:14:40,782 INFO  server.RaftServerConfigKeys (ConfUtils.java:logGet(43)) - raft.server.log.appender.install.snapshot.enabled = false (custom)
2019-07-04 15:14:40,782 INFO  impl.RaftServerImpl (ServerState.java:<init>(105)) - 69ab023f-6334-42f7-84b3-7a3e0c9400cb:group-1D6ED78827D7 ConfigurationManager, init=-1: [69ab023f-6334-42f7-84b3-7a3e0c9400cb:192.168.157.209:38980], old=null, confs=<EMPTY_MAP>
2019-07-04 15:14:40,783 INFO  server.RaftServerConfigKeys (ConfUtils.java:logGet(43)) - raft.server.storage.dir = [/opt/src/hadoop-ozone/integration-test/target/test-dir/MiniOzoneClusterImpl-606e9c43-2fb3-4e47-8e65-f7604d863f19/datanode-2/data/ratis] (custom)
2019-07-04 15:14:40,783 INFO  storage.RaftStorageDirectory (RaftStorageDirectory.java:analyzeStorage(246)) - The storage directory /opt/src/hadoop-ozone/integration-test/target/test-dir/MiniOzoneClusterImpl-606e9c43-2fb3-4e47-8e65-f7604d863f19/datanode-2/data/ratis/0d9166d2-34f4-4685-a63e-1d6ed78827d7 does not exist. Creating ...
2019-07-04 15:14:40,796 INFO  storage.RaftStorageDirectory (RaftStorageDirectory.java:tryLock(328)) - Lock on /opt/src/hadoop-ozone/integration-test/target/test-dir/MiniOzoneClusterImpl-606e9c43-2fb3-4e47-8e65-f7604d863f19/datanode-2/data/ratis/0d9166d2-34f4-4685-a63e-1d6ed78827d7/in_use.lock acquired by nodename 4343@ozone-hdds-1735-wr477-3457940041
2019-07-04 15:14:40,810 INFO  storage.RaftStorage (RaftStorage.java:format(72)) - Storage directory /opt/src/hadoop-ozone/integration-test/target/test-dir/MiniOzoneClusterImpl-606e9c43-2fb3-4e47-8e65-f7604d863f19/datanode-2/data/ratis/0d9166d2-34f4-4685-a63e-1d6ed78827d7 has been successfully formatted.
2019-07-04 15:14:40,810 INFO  ratis.ContainerStateMachine (ContainerStateMachine.java:loadSnapshot(198)) - The snapshot info is null.Setting the last applied index to:(t:0, i:~)
2019-07-04 15:14:40,810 INFO  server.RaftServerConfigKeys (ConfUtils.java:logGet(43)) - raft.server.leader.election.timeout = 10s (custom)
2019-07-04 15:14:40,811 INFO  server.RaftServerConfigKeys (ConfUtils.java:logGet(43)) - raft.server.log.use.memory = false (default)
2019-07-04 15:14:40,811 INFO  server.RaftServerConfigKeys (ConfUtils.java:logGet(43)) - raft.server.log.purge.gap = 1000000000 (custom)
2019-07-04 15:14:40,811 INFO  server.RaftServerConfigKeys (ConfUtils.java:logGet(43)) - raft.server.log.appender.buffer.byte-limit = 33554432 (custom)
2019-07-04 15:14:40,811 INFO  server.RaftServerConfigKeys (ConfUtils.java:logGet(43)) - raft.server.log.segment.size.max = 1048576 (custom)
2019-07-04 15:14:40,811 INFO  server.RaftServerConfigKeys (ConfUtils.java:logGet(43)) - raft.server.log.segment.cache.num.max = 2 (custom)
2019-07-04 15:14:40,811 INFO  segmented.SegmentedRaftLogWorker (SegmentedRaftLogWorker.java:<init>(172)) - new 69ab023f-6334-42f7-84b3-7a3e0c9400cb-SegmentedRaftLogWorker:Storage Directory /opt/src/hadoop-ozone/integration-test/target/test-dir/MiniOzoneClusterImpl-606e9c43-2fb3-4e47-8e65-f7604d863f19/datanode-2/data/ratis/0d9166d2-34f4-4685-a63e-1d6ed78827d7 for RaftStorage:Storage Directory /opt/src/hadoop-ozone/integration-test/target/test-dir/MiniOzoneClusterImpl-606e9c43-2fb3-4e47-8e65-f7604d863f19/datanode-2/data/ratis/0d9166d2-34f4-4685-a63e-1d6ed78827d7
2019-07-04 15:14:40,812 INFO  server.RaftServerConfigKeys (ConfUtils.java:logGet(43)) - raft.server.log.queue.byte-limit = 2147483647 (custom)
2019-07-04 15:14:40,812 INFO  server.RaftServerConfigKeys (ConfUtils.java:logGet(43)) - raft.server.log.queue.element-limit = 1024 (custom)
2019-07-04 15:14:40,812 INFO  server.RaftServerConfigKeys (ConfUtils.java:logGet(43)) - raft.server.log.segment.size.max = 1048576 (custom)
2019-07-04 15:14:40,812 INFO  server.RaftServerConfigKeys (ConfUtils.java:logGet(43)) - raft.server.log.preallocated.size = 16384 (custom)
2019-07-04 15:14:40,812 INFO  server.RaftServerConfigKeys (ConfUtils.java:logGet(43)) - raft.server.log.write.buffer.size = 33554432 (custom)
2019-07-04 15:14:40,812 INFO  server.RaftServerConfigKeys (ConfUtils.java:logGet(43)) - raft.server.log.force.sync.num = 128 (default)
2019-07-04 15:14:40,812 INFO  server.RaftServerConfigKeys (ConfUtils.java:logGet(43)) - raft.server.log.statemachine.data.sync = true (default)
2019-07-04 15:14:40,813 INFO  server.RaftServerConfigKeys (ConfUtils.java:logGet(43)) - raft.server.log.statemachine.data.sync.timeout = 10s (default)
2019-07-04 15:14:40,813 INFO  server.RaftServerConfigKeys (ConfUtils.java:logGet(43)) - raft.server.log.statemachine.data.sync.timeout.retry = -1 (default)
2019-07-04 15:14:40,813 INFO  server.RaftServerConfigKeys (ConfUtils.java:logGet(43)) - raft.server.log.statemachine.data.caching.enabled = true (custom)
2019-07-04 15:14:40,813 INFO  segmented.SegmentedRaftLogWorker (SegmentedRaftLogWorker.java:lambda$new$0(132)) - 69ab023f-6334-42f7-84b3-7a3e0c9400cb-SegmentedRaftLogWorker:Storage Directory /opt/src/hadoop-ozone/integration-test/target/test-dir/MiniOzoneClusterImpl-606e9c43-2fb3-4e47-8e65-f7604d863f19/datanode-2/data/ratis/0d9166d2-34f4-4685-a63e-1d6ed78827d7: flushIndex: setUnconditionally 0 -> -1
2019-07-04 15:14:40,814 INFO  server.RaftServerConfigKeys (ConfUtils.java:logGet(43)) - raft.server.snapshot.auto.trigger.enabled = true (custom)
2019-07-04 15:14:40,814 INFO  server.RaftServerConfigKeys (ConfUtils.java:logGet(43)) - raft.server.snapshot.auto.trigger.threshold = 10000 (custom)
2019-07-04 15:14:40,814 INFO  server.RaftServerConfigKeys (ConfUtils.java:logGet(43)) - raft.server.retrycache.expirytime = 600000ms (custom)
2019-07-04 15:14:40,814 INFO  impl.RaftServerImpl (RaftServerImpl.java:start(180)) - 69ab023f-6334-42f7-84b3-7a3e0c9400cb: start group-1D6ED78827D7
2019-07-04 15:14:40,814 INFO  impl.RaftServerImpl (RaftServerImpl.java:setRole(171)) - 69ab023f-6334-42f7-84b3-7a3e0c9400cb:group-1D6ED78827D7 changes role from null to FOLLOWER at term 0 for startAsFollower
2019-07-04 15:14:40,815 INFO  impl.RoleInfo (RoleInfo.java:updateAndGet(143)) - 69ab023f-6334-42f7-84b3-7a3e0c9400cb: start FollowerState
2019-07-04 15:14:40,815 INFO  util.JmxRegister (JmxRegister.java:tryRegister(44)) - Successfully registered JMX Bean with object name Ratis:service=RaftServer,group=group-1D6ED78827D7,id=69ab023f-6334-42f7-84b3-7a3e0c9400cb
2019-07-04 15:14:40,829 INFO  pipeline.PipelineStateManager (PipelineStateManager.java:addPipeline(56)) - Created pipeline Pipeline[ Id: 0d9166d2-34f4-4685-a63e-1d6ed78827d7, Nodes: 69ab023f-6334-42f7-84b3-7a3e0c9400cb{ip: 192.168.157.209, host: ozone-hdds-1735-wr477-3457940041, networkLocation: /default-rack, certSerialId: null}, Type:RATIS, Factor:ONE, State:OPEN]
2019-07-04 15:14:40,852 INFO  impl.RaftServerProxy (RaftServerProxy.java:addNew(89)) - 000a90a0-da83-4fcd-b495-6f6220279f4d: addNew group-936FA5B45522:[000a90a0-da83-4fcd-b495-6f6220279f4d:192.168.157.209:45835] returns group-936FA5B45522:java.util.concurrent.CompletableFuture@628b759[Not completed]
2019-07-04 15:14:40,852 INFO  impl.RaftServerImpl (RaftServerImpl.java:<init>(93)) - 000a90a0-da83-4fcd-b495-6f6220279f4d: new RaftServerImpl for group-936FA5B45522:[000a90a0-da83-4fcd-b495-6f6220279f4d:192.168.157.209:45835] with ContainerStateMachine:uninitialized
2019-07-04 15:14:40,852 INFO  server.RaftServerConfigKeys (ConfUtils.java:logGet(43)) - raft.server.rpc.timeout.min = 1s (custom)
2019-07-04 15:14:40,853 INFO  server.RaftServerConfigKeys (ConfUtils.java:logGet(43)) - raft.server.rpc.timeout.max = 1200ms (custom)
2019-07-04 15:14:40,853 INFO  server.RaftServerConfigKeys (ConfUtils.java:logGet(43)) - raft.server.rpcslowness.timeout = 10s (custom)
2019-07-04 15:14:40,853 INFO  server.RaftServerConfigKeys (ConfUtils.java:logGet(43)) - raft.server.sleep.deviation.threshold = 300 (default)
2019-07-04 15:14:40,853 INFO  server.RaftServerConfigKeys (ConfUtils.java:logGet(43)) - raft.server.log.appender.install.snapshot.enabled = false (custom)
2019-07-04 15:14:40,853 INFO  impl.RaftServerImpl (ServerState.java:<init>(105)) - 000a90a0-da83-4fcd-b495-6f6220279f4d:group-936FA5B45522 ConfigurationManager, init=-1: [000a90a0-da83-4fcd-b495-6f6220279f4d:192.168.157.209:45835], old=null, confs=<EMPTY_MAP>
2019-07-04 15:14:40,853 INFO  server.RaftServerConfigKeys (ConfUtils.java:logGet(43)) - raft.server.storage.dir = [/opt/src/hadoop-ozone/integration-test/target/test-dir/MiniOzoneClusterImpl-606e9c43-2fb3-4e47-8e65-f7604d863f19/datanode-3/data/ratis] (custom)
2019-07-04 15:14:40,854 INFO  storage.RaftStorageDirectory (RaftStorageDirectory.java:analyzeStorage(246)) - The storage directory /opt/src/hadoop-ozone/integration-test/target/test-dir/MiniOzoneClusterImpl-606e9c43-2fb3-4e47-8e65-f7604d863f19/datanode-3/data/ratis/a7fae8ad-5c5a-4eaa-90a3-936fa5b45522 does not exist. Creating ...
2019-07-04 15:14:40,867 INFO  storage.RaftStorageDirectory (RaftStorageDirectory.java:tryLock(328)) - Lock on /opt/src/hadoop-ozone/integration-test/target/test-dir/MiniOzoneClusterImpl-606e9c43-2fb3-4e47-8e65-f7604d863f19/datanode-3/data/ratis/a7fae8ad-5c5a-4eaa-90a3-936fa5b45522/in_use.lock acquired by nodename 4343@ozone-hdds-1735-wr477-3457940041
2019-07-04 15:14:40,880 INFO  storage.RaftStorage (RaftStorage.java:format(72)) - Storage directory /opt/src/hadoop-ozone/integration-test/target/test-dir/MiniOzoneClusterImpl-606e9c43-2fb3-4e47-8e65-f7604d863f19/datanode-3/data/ratis/a7fae8ad-5c5a-4eaa-90a3-936fa5b45522 has been successfully formatted.
2019-07-04 15:14:40,880 INFO  ratis.ContainerStateMachine (ContainerStateMachine.java:loadSnapshot(198)) - The snapshot info is null.Setting the last applied index to:(t:0, i:~)
2019-07-04 15:14:40,881 INFO  server.RaftServerConfigKeys (ConfUtils.java:logGet(43)) - raft.server.leader.election.timeout = 10s (custom)
2019-07-04 15:14:40,881 INFO  server.RaftServerConfigKeys (ConfUtils.java:logGet(43)) - raft.server.log.use.memory = false (default)
2019-07-04 15:14:40,881 INFO  server.RaftServerConfigKeys (ConfUtils.java:logGet(43)) - raft.server.log.purge.gap = 1000000000 (custom)
2019-07-04 15:14:40,881 INFO  server.RaftServerConfigKeys (ConfUtils.java:logGet(43)) - raft.server.log.appender.buffer.byte-limit = 33554432 (custom)
2019-07-04 15:14:40,881 INFO  server.RaftServerConfigKeys (ConfUtils.java:logGet(43)) - raft.server.log.segment.size.max = 1048576 (custom)
2019-07-04 15:14:40,881 INFO  server.RaftServerConfigKeys (ConfUtils.java:logGet(43)) - raft.server.log.segment.cache.num.max = 2 (custom)
2019-07-04 15:14:40,881 INFO  segmented.SegmentedRaftLogWorker (SegmentedRaftLogWorker.java:<init>(172)) - new 000a90a0-da83-4fcd-b495-6f6220279f4d-SegmentedRaftLogWorker:Storage Directory /opt/src/hadoop-ozone/integration-test/target/test-dir/MiniOzoneClusterImpl-606e9c43-2fb3-4e47-8e65-f7604d863f19/datanode-3/data/ratis/a7fae8ad-5c5a-4eaa-90a3-936fa5b45522 for RaftStorage:Storage Directory /opt/src/hadoop-ozone/integration-test/target/test-dir/MiniOzoneClusterImpl-606e9c43-2fb3-4e47-8e65-f7604d863f19/datanode-3/data/ratis/a7fae8ad-5c5a-4eaa-90a3-936fa5b45522
2019-07-04 15:14:40,881 INFO  server.RaftServerConfigKeys (ConfUtils.java:logGet(43)) - raft.server.log.queue.byte-limit = 2147483647 (custom)
2019-07-04 15:14:40,882 INFO  server.RaftServerConfigKeys (ConfUtils.java:logGet(43)) - raft.server.log.queue.element-limit = 1024 (custom)
2019-07-04 15:14:40,882 INFO  server.RaftServerConfigKeys (ConfUtils.java:logGet(43)) - raft.server.log.segment.size.max = 1048576 (custom)
2019-07-04 15:14:40,882 INFO  server.RaftServerConfigKeys (ConfUtils.java:logGet(43)) - raft.server.log.preallocated.size = 16384 (custom)
2019-07-04 15:14:40,882 INFO  server.RaftServerConfigKeys (ConfUtils.java:logGet(43)) - raft.server.log.write.buffer.size = 33554432 (custom)
2019-07-04 15:14:40,882 INFO  server.RaftServerConfigKeys (ConfUtils.java:logGet(43)) - raft.server.log.force.sync.num = 128 (default)
2019-07-04 15:14:40,882 INFO  server.RaftServerConfigKeys (ConfUtils.java:logGet(43)) - raft.server.log.statemachine.data.sync = true (default)
2019-07-04 15:14:40,883 INFO  server.RaftServerConfigKeys (ConfUtils.java:logGet(43)) - raft.server.log.statemachine.data.sync.timeout = 10s (default)
2019-07-04 15:14:40,883 INFO  server.RaftServerConfigKeys (ConfUtils.java:logGet(43)) - raft.server.log.statemachine.data.sync.timeout.retry = -1 (default)
2019-07-04 15:14:40,883 INFO  server.RaftServerConfigKeys (ConfUtils.java:logGet(43)) - raft.server.log.statemachine.data.caching.enabled = true (custom)
2019-07-04 15:14:40,883 INFO  segmented.SegmentedRaftLogWorker (SegmentedRaftLogWorker.java:lambda$new$0(132)) - 000a90a0-da83-4fcd-b495-6f6220279f4d-SegmentedRaftLogWorker:Storage Directory /opt/src/hadoop-ozone/integration-test/target/test-dir/MiniOzoneClusterImpl-606e9c43-2fb3-4e47-8e65-f7604d863f19/datanode-3/data/ratis/a7fae8ad-5c5a-4eaa-90a3-936fa5b45522: flushIndex: setUnconditionally 0 -> -1
2019-07-04 15:14:40,884 INFO  server.RaftServerConfigKeys (ConfUtils.java:logGet(43)) - raft.server.snapshot.auto.trigger.enabled = true (custom)
2019-07-04 15:14:40,884 INFO  server.RaftServerConfigKeys (ConfUtils.java:logGet(43)) - raft.server.snapshot.auto.trigger.threshold = 10000 (custom)
2019-07-04 15:14:40,884 INFO  server.RaftServerConfigKeys (ConfUtils.java:logGet(43)) - raft.server.retrycache.expirytime = 600000ms (custom)
2019-07-04 15:14:40,884 INFO  impl.RaftServerImpl (RaftServerImpl.java:start(180)) - 000a90a0-da83-4fcd-b495-6f6220279f4d: start group-936FA5B45522
2019-07-04 15:14:40,884 INFO  impl.RaftServerImpl (RaftServerImpl.java:setRole(171)) - 000a90a0-da83-4fcd-b495-6f6220279f4d:group-936FA5B45522 changes role from null to FOLLOWER at term 0 for startAsFollower
2019-07-04 15:14:40,884 INFO  impl.RoleInfo (RoleInfo.java:updateAndGet(143)) - 000a90a0-da83-4fcd-b495-6f6220279f4d: start FollowerState
2019-07-04 15:14:40,885 INFO  util.JmxRegister (JmxRegister.java:tryRegister(44)) - Successfully registered JMX Bean with object name Ratis:service=RaftServer,group=group-936FA5B45522,id=000a90a0-da83-4fcd-b495-6f6220279f4d
2019-07-04 15:14:40,897 INFO  pipeline.PipelineStateManager (PipelineStateManager.java:addPipeline(56)) - Created pipeline Pipeline[ Id: a7fae8ad-5c5a-4eaa-90a3-936fa5b45522, Nodes: 000a90a0-da83-4fcd-b495-6f6220279f4d{ip: 192.168.157.209, host: ozone-hdds-1735-wr477-3457940041, networkLocation: /default-rack, certSerialId: null}, Type:RATIS, Factor:ONE, State:OPEN]
2019-07-04 15:14:40,924 INFO  impl.RaftServerProxy (RaftServerProxy.java:addNew(89)) - dd503a5e-120c-4cea-a433-1d53960de6da: addNew group-FDC19BE32595:[dd503a5e-120c-4cea-a433-1d53960de6da:192.168.157.209:41451] returns group-FDC19BE32595:java.util.concurrent.CompletableFuture@3ccc27aa[Not completed]
2019-07-04 15:14:40,925 INFO  impl.RaftServerImpl (RaftServerImpl.java:<init>(93)) - dd503a5e-120c-4cea-a433-1d53960de6da: new RaftServerImpl for group-FDC19BE32595:[dd503a5e-120c-4cea-a433-1d53960de6da:192.168.157.209:41451] with ContainerStateMachine:uninitialized
2019-07-04 15:14:40,925 INFO  server.RaftServerConfigKeys (ConfUtils.java:logGet(43)) - raft.server.rpc.timeout.min = 1s (custom)
2019-07-04 15:14:40,926 INFO  server.RaftServerConfigKeys (ConfUtils.java:logGet(43)) - raft.server.rpc.timeout.max = 1200ms (custom)
2019-07-04 15:14:40,926 INFO  server.RaftServerConfigKeys (ConfUtils.java:logGet(43)) - raft.server.rpcslowness.timeout = 10s (custom)
2019-07-04 15:14:40,926 INFO  server.RaftServerConfigKeys (ConfUtils.java:logGet(43)) - raft.server.sleep.deviation.threshold = 300 (default)
2019-07-04 15:14:40,926 INFO  server.RaftServerConfigKeys (ConfUtils.java:logGet(43)) - raft.server.log.appender.install.snapshot.enabled = false (custom)
2019-07-04 15:14:40,926 INFO  impl.RaftServerImpl (ServerState.java:<init>(105)) - dd503a5e-120c-4cea-a433-1d53960de6da:group-FDC19BE32595 ConfigurationManager, init=-1: [dd503a5e-120c-4cea-a433-1d53960de6da:192.168.157.209:41451], old=null, confs=<EMPTY_MAP>
2019-07-04 15:14:40,927 INFO  server.RaftServerConfigKeys (ConfUtils.java:logGet(43)) - raft.server.storage.dir = [/opt/src/hadoop-ozone/integration-test/target/test-dir/MiniOzoneClusterImpl-606e9c43-2fb3-4e47-8e65-f7604d863f19/datanode-4/data/ratis] (custom)
2019-07-04 15:14:40,927 INFO  storage.RaftStorageDirectory (RaftStorageDirectory.java:analyzeStorage(246)) - The storage directory /opt/src/hadoop-ozone/integration-test/target/test-dir/MiniOzoneClusterImpl-606e9c43-2fb3-4e47-8e65-f7604d863f19/datanode-4/data/ratis/76db011c-d246-4b4d-8745-fdc19be32595 does not exist. Creating ...
2019-07-04 15:14:40,941 INFO  storage.RaftStorageDirectory (RaftStorageDirectory.java:tryLock(328)) - Lock on /opt/src/hadoop-ozone/integration-test/target/test-dir/MiniOzoneClusterImpl-606e9c43-2fb3-4e47-8e65-f7604d863f19/datanode-4/data/ratis/76db011c-d246-4b4d-8745-fdc19be32595/in_use.lock acquired by nodename 4343@ozone-hdds-1735-wr477-3457940041
2019-07-04 15:14:40,954 INFO  storage.RaftStorage (RaftStorage.java:format(72)) - Storage directory /opt/src/hadoop-ozone/integration-test/target/test-dir/MiniOzoneClusterImpl-606e9c43-2fb3-4e47-8e65-f7604d863f19/datanode-4/data/ratis/76db011c-d246-4b4d-8745-fdc19be32595 has been successfully formatted.
2019-07-04 15:14:40,955 INFO  ratis.ContainerStateMachine (ContainerStateMachine.java:loadSnapshot(198)) - The snapshot info is null.Setting the last applied index to:(t:0, i:~)
2019-07-04 15:14:40,955 INFO  server.RaftServerConfigKeys (ConfUtils.java:logGet(43)) - raft.server.leader.election.timeout = 10s (custom)
2019-07-04 15:14:40,955 INFO  server.RaftServerConfigKeys (ConfUtils.java:logGet(43)) - raft.server.log.use.memory = false (default)
2019-07-04 15:14:40,956 INFO  server.RaftServerConfigKeys (ConfUtils.java:logGet(43)) - raft.server.log.purge.gap = 1000000000 (custom)
2019-07-04 15:14:40,956 INFO  server.RaftServerConfigKeys (ConfUtils.java:logGet(43)) - raft.server.log.appender.buffer.byte-limit = 33554432 (custom)
2019-07-04 15:14:40,956 INFO  server.RaftServerConfigKeys (ConfUtils.java:logGet(43)) - raft.server.log.segment.size.max = 1048576 (custom)
2019-07-04 15:14:40,956 INFO  server.RaftServerConfigKeys (ConfUtils.java:logGet(43)) - raft.server.log.segment.cache.num.max = 2 (custom)
2019-07-04 15:14:40,957 INFO  segmented.SegmentedRaftLogWorker (SegmentedRaftLogWorker.java:<init>(172)) - new dd503a5e-120c-4cea-a433-1d53960de6da-SegmentedRaftLogWorker:Storage Directory /opt/src/hadoop-ozone/integration-test/target/test-dir/MiniOzoneClusterImpl-606e9c43-2fb3-4e47-8e65-f7604d863f19/datanode-4/data/ratis/76db011c-d246-4b4d-8745-fdc19be32595 for RaftStorage:Storage Directory /opt/src/hadoop-ozone/integration-test/target/test-dir/MiniOzoneClusterImpl-606e9c43-2fb3-4e47-8e65-f7604d863f19/datanode-4/data/ratis/76db011c-d246-4b4d-8745-fdc19be32595
2019-07-04 15:14:40,957 INFO  server.RaftServerConfigKeys (ConfUtils.java:logGet(43)) - raft.server.log.queue.byte-limit = 2147483647 (custom)
2019-07-04 15:14:40,957 INFO  server.RaftServerConfigKeys (ConfUtils.java:logGet(43)) - raft.server.log.queue.element-limit = 1024 (custom)
2019-07-04 15:14:40,958 INFO  server.RaftServerConfigKeys (ConfUtils.java:logGet(43)) - raft.server.log.segment.size.max = 1048576 (custom)
2019-07-04 15:14:40,958 INFO  server.RaftServerConfigKeys (ConfUtils.java:logGet(43)) - raft.server.log.preallocated.size = 16384 (custom)
2019-07-04 15:14:40,958 INFO  server.RaftServerConfigKeys (ConfUtils.java:logGet(43)) - raft.server.log.write.buffer.size = 33554432 (custom)
2019-07-04 15:14:40,959 INFO  server.RaftServerConfigKeys (ConfUtils.java:logGet(43)) - raft.server.log.force.sync.num = 128 (default)
2019-07-04 15:14:40,959 INFO  server.RaftServerConfigKeys (ConfUtils.java:logGet(43)) - raft.server.log.statemachine.data.sync = true (default)
2019-07-04 15:14:40,959 INFO  server.RaftServerConfigKeys (ConfUtils.java:logGet(43)) - raft.server.log.statemachine.data.sync.timeout = 10s (default)
2019-07-04 15:14:40,959 INFO  server.RaftServerConfigKeys (ConfUtils.java:logGet(43)) - raft.server.log.statemachine.data.sync.timeout.retry = -1 (default)
2019-07-04 15:14:40,960 INFO  server.RaftServerConfigKeys (ConfUtils.java:logGet(43)) - raft.server.log.statemachine.data.caching.enabled = true (custom)
2019-07-04 15:14:40,960 INFO  segmented.SegmentedRaftLogWorker (SegmentedRaftLogWorker.java:lambda$new$0(132)) - dd503a5e-120c-4cea-a433-1d53960de6da-SegmentedRaftLogWorker:Storage Directory /opt/src/hadoop-ozone/integration-test/target/test-dir/MiniOzoneClusterImpl-606e9c43-2fb3-4e47-8e65-f7604d863f19/datanode-4/data/ratis/76db011c-d246-4b4d-8745-fdc19be32595: flushIndex: setUnconditionally 0 -> -1
2019-07-04 15:14:40,961 INFO  server.RaftServerConfigKeys (ConfUtils.java:logGet(43)) - raft.server.snapshot.auto.trigger.enabled = true (custom)
2019-07-04 15:14:40,961 INFO  server.RaftServerConfigKeys (ConfUtils.java:logGet(43)) - raft.server.snapshot.auto.trigger.threshold = 10000 (custom)
2019-07-04 15:14:40,962 INFO  server.RaftServerConfigKeys (ConfUtils.java:logGet(43)) - raft.server.retrycache.expirytime = 600000ms (custom)
2019-07-04 15:14:40,962 INFO  impl.RaftServerImpl (RaftServerImpl.java:start(180)) - dd503a5e-120c-4cea-a433-1d53960de6da: start group-FDC19BE32595
2019-07-04 15:14:40,962 INFO  impl.RaftServerImpl (RaftServerImpl.java:setRole(171)) - dd503a5e-120c-4cea-a433-1d53960de6da:group-FDC19BE32595 changes role from null to FOLLOWER at term 0 for startAsFollower
2019-07-04 15:14:40,962 INFO  impl.RoleInfo (RoleInfo.java:updateAndGet(143)) - dd503a5e-120c-4cea-a433-1d53960de6da: start FollowerState
2019-07-04 15:14:40,963 INFO  util.JmxRegister (JmxRegister.java:tryRegister(44)) - Successfully registered JMX Bean with object name Ratis:service=RaftServer,group=group-FDC19BE32595,id=dd503a5e-120c-4cea-a433-1d53960de6da
2019-07-04 15:14:40,976 INFO  pipeline.PipelineStateManager (PipelineStateManager.java:addPipeline(56)) - Created pipeline Pipeline[ Id: 76db011c-d246-4b4d-8745-fdc19be32595, Nodes: dd503a5e-120c-4cea-a433-1d53960de6da{ip: 192.168.157.209, host: ozone-hdds-1735-wr477-3457940041, networkLocation: /default-rack, certSerialId: null}, Type:RATIS, Factor:ONE, State:OPEN]
2019-07-04 15:14:41,017 INFO  impl.RaftServerProxy (RaftServerProxy.java:addNew(89)) - 69ab023f-6334-42f7-84b3-7a3e0c9400cb: addNew group-E997EFC8300D:[1cd92339-8c4f-4333-b245-a179f67fc9cf:192.168.157.209:35264, 1e544da4-fd62-4dd9-9533-51452861563d:192.168.157.209:43079, 69ab023f-6334-42f7-84b3-7a3e0c9400cb:192.168.157.209:38980] returns group-E997EFC8300D:java.util.concurrent.CompletableFuture@7df12d91[Not completed]
2019-07-04 15:14:41,019 INFO  impl.RaftServerProxy (RaftServerProxy.java:addNew(89)) - 1cd92339-8c4f-4333-b245-a179f67fc9cf: addNew group-E997EFC8300D:[1cd92339-8c4f-4333-b245-a179f67fc9cf:192.168.157.209:35264, 1e544da4-fd62-4dd9-9533-51452861563d:192.168.157.209:43079, 69ab023f-6334-42f7-84b3-7a3e0c9400cb:192.168.157.209:38980] returns group-E997EFC8300D:java.util.concurrent.CompletableFuture@3a3a74f6[Not completed]
2019-07-04 15:14:41,020 INFO  impl.RaftServerProxy (RaftServerProxy.java:addNew(89)) - 1e544da4-fd62-4dd9-9533-51452861563d: addNew group-E997EFC8300D:[1cd92339-8c4f-4333-b245-a179f67fc9cf:192.168.157.209:35264, 1e544da4-fd62-4dd9-9533-51452861563d:192.168.157.209:43079, 69ab023f-6334-42f7-84b3-7a3e0c9400cb:192.168.157.209:38980] returns group-E997EFC8300D:java.util.concurrent.CompletableFuture@75316bf3[Not completed]
2019-07-04 15:14:41,020 INFO  impl.RaftServerImpl (RaftServerImpl.java:<init>(93)) - 69ab023f-6334-42f7-84b3-7a3e0c9400cb: new RaftServerImpl for group-E997EFC8300D:[1cd92339-8c4f-4333-b245-a179f67fc9cf:192.168.157.209:35264, 1e544da4-fd62-4dd9-9533-51452861563d:192.168.157.209:43079, 69ab023f-6334-42f7-84b3-7a3e0c9400cb:192.168.157.209:38980] with ContainerStateMachine:uninitialized
2019-07-04 15:14:41,020 INFO  server.RaftServerConfigKeys (ConfUtils.java:logGet(43)) - raft.server.rpc.timeout.min = 1s (custom)
2019-07-04 15:14:41,020 INFO  server.RaftServerConfigKeys (ConfUtils.java:logGet(43)) - raft.server.rpc.timeout.max = 1200ms (custom)
2019-07-04 15:14:41,021 INFO  impl.RaftServerImpl (RaftServerImpl.java:<init>(93)) - 1e544da4-fd62-4dd9-9533-51452861563d: new RaftServerImpl for group-E997EFC8300D:[1cd92339-8c4f-4333-b245-a179f67fc9cf:192.168.157.209:35264, 1e544da4-fd62-4dd9-9533-51452861563d:192.168.157.209:43079, 69ab023f-6334-42f7-84b3-7a3e0c9400cb:192.168.157.209:38980] with ContainerStateMachine:uninitialized
2019-07-04 15:14:41,021 INFO  server.RaftServerConfigKeys (ConfUtils.java:logGet(43)) - raft.server.rpcslowness.timeout = 10s (custom)
2019-07-04 15:14:41,021 INFO  server.RaftServerConfigKeys (ConfUtils.java:logGet(43)) - raft.server.rpc.timeout.min = 1s (custom)
2019-07-04 15:14:41,021 INFO  server.RaftServerConfigKeys (ConfUtils.java:logGet(43)) - raft.server.sleep.deviation.threshold = 300 (default)
2019-07-04 15:14:41,021 INFO  server.RaftServerConfigKeys (ConfUtils.java:logGet(43)) - raft.server.rpc.timeout.max = 1200ms (custom)
2019-07-04 15:14:41,021 INFO  impl.RaftServerImpl (RaftServerImpl.java:<init>(93)) - 1cd92339-8c4f-4333-b245-a179f67fc9cf: new RaftServerImpl for group-E997EFC8300D:[1cd92339-8c4f-4333-b245-a179f67fc9cf:192.168.157.209:35264, 1e544da4-fd62-4dd9-9533-51452861563d:192.168.157.209:43079, 69ab023f-6334-42f7-84b3-7a3e0c9400cb:192.168.157.209:38980] with ContainerStateMachine:uninitialized
2019-07-04 15:14:41,021 INFO  server.RaftServerConfigKeys (ConfUtils.java:logGet(43)) - raft.server.log.appender.install.snapshot.enabled = false (custom)
2019-07-04 15:14:41,022 INFO  server.RaftServerConfigKeys (ConfUtils.java:logGet(43)) - raft.server.rpc.timeout.min = 1s (custom)
2019-07-04 15:14:41,021 INFO  server.RaftServerConfigKeys (ConfUtils.java:logGet(43)) - raft.server.rpcslowness.timeout = 10s (custom)
2019-07-04 15:14:41,022 INFO  server.RaftServerConfigKeys (ConfUtils.java:logGet(43)) - raft.server.rpc.timeout.max = 1200ms (custom)
2019-07-04 15:14:41,022 INFO  impl.RaftServerImpl (ServerState.java:<init>(105)) - 69ab023f-6334-42f7-84b3-7a3e0c9400cb:group-E997EFC8300D ConfigurationManager, init=-1: [1cd92339-8c4f-4333-b245-a179f67fc9cf:192.168.157.209:35264, 1e544da4-fd62-4dd9-9533-51452861563d:192.168.157.209:43079, 69ab023f-6334-42f7-84b3-7a3e0c9400cb:192.168.157.209:38980], old=null, confs=<EMPTY_MAP>
2019-07-04 15:14:41,022 INFO  server.RaftServerConfigKeys (ConfUtils.java:logGet(43)) - raft.server.rpcslowness.timeout = 10s (custom)
2019-07-04 15:14:41,022 INFO  server.RaftServerConfigKeys (ConfUtils.java:logGet(43)) - raft.server.sleep.deviation.threshold = 300 (default)
2019-07-04 15:14:41,022 INFO  server.RaftServerConfigKeys (ConfUtils.java:logGet(43)) - raft.server.storage.dir = [/opt/src/hadoop-ozone/integration-test/target/test-dir/MiniOzoneClusterImpl-606e9c43-2fb3-4e47-8e65-f7604d863f19/datanode-2/data/ratis] (custom)
2019-07-04 15:14:41,022 INFO  server.RaftServerConfigKeys (ConfUtils.java:logGet(43)) - raft.server.sleep.deviation.threshold = 300 (default)
2019-07-04 15:14:41,023 INFO  server.RaftServerConfigKeys (ConfUtils.java:logGet(43)) - raft.server.log.appender.install.snapshot.enabled = false (custom)
2019-07-04 15:14:41,023 INFO  server.RaftServerConfigKeys (ConfUtils.java:logGet(43)) - raft.server.log.appender.install.snapshot.enabled = false (custom)
2019-07-04 15:14:41,023 INFO  impl.RaftServerImpl (ServerState.java:<init>(105)) - 1e544da4-fd62-4dd9-9533-51452861563d:group-E997EFC8300D ConfigurationManager, init=-1: [1cd92339-8c4f-4333-b245-a179f67fc9cf:192.168.157.209:35264, 1e544da4-fd62-4dd9-9533-51452861563d:192.168.157.209:43079, 69ab023f-6334-42f7-84b3-7a3e0c9400cb:192.168.157.209:38980], old=null, confs=<EMPTY_MAP>
2019-07-04 15:14:41,023 INFO  storage.RaftStorageDirectory (RaftStorageDirectory.java:analyzeStorage(246)) - The storage directory /opt/src/hadoop-ozone/integration-test/target/test-dir/MiniOzoneClusterImpl-606e9c43-2fb3-4e47-8e65-f7604d863f19/datanode-2/data/ratis/b57586a3-6724-4ab9-aa7e-e997efc8300d does not exist. Creating ...
2019-07-04 15:14:41,023 INFO  impl.RaftServerImpl (ServerState.java:<init>(105)) - 1cd92339-8c4f-4333-b245-a179f67fc9cf:group-E997EFC8300D ConfigurationManager, init=-1: [1cd92339-8c4f-4333-b245-a179f67fc9cf:192.168.157.209:35264, 1e544da4-fd62-4dd9-9533-51452861563d:192.168.157.209:43079, 69ab023f-6334-42f7-84b3-7a3e0c9400cb:192.168.157.209:38980], old=null, confs=<EMPTY_MAP>
2019-07-04 15:14:41,023 INFO  server.RaftServerConfigKeys (ConfUtils.java:logGet(43)) - raft.server.storage.dir = [/opt/src/hadoop-ozone/integration-test/target/test-dir/MiniOzoneClusterImpl-606e9c43-2fb3-4e47-8e65-f7604d863f19/datanode-1/data/ratis] (custom)
2019-07-04 15:14:41,024 INFO  server.RaftServerConfigKeys (ConfUtils.java:logGet(43)) - raft.server.storage.dir = [/opt/src/hadoop-ozone/integration-test/target/test-dir/MiniOzoneClusterImpl-606e9c43-2fb3-4e47-8e65-f7604d863f19/datanode-5/data/ratis] (custom)
2019-07-04 15:14:41,024 INFO  storage.RaftStorageDirectory (RaftStorageDirectory.java:analyzeStorage(246)) - The storage directory /opt/src/hadoop-ozone/integration-test/target/test-dir/MiniOzoneClusterImpl-606e9c43-2fb3-4e47-8e65-f7604d863f19/datanode-1/data/ratis/b57586a3-6724-4ab9-aa7e-e997efc8300d does not exist. Creating ...
2019-07-04 15:14:41,024 INFO  storage.RaftStorageDirectory (RaftStorageDirectory.java:analyzeStorage(246)) - The storage directory /opt/src/hadoop-ozone/integration-test/target/test-dir/MiniOzoneClusterImpl-606e9c43-2fb3-4e47-8e65-f7604d863f19/datanode-5/data/ratis/b57586a3-6724-4ab9-aa7e-e997efc8300d does not exist. Creating ...
2019-07-04 15:14:41,037 INFO  storage.RaftStorageDirectory (RaftStorageDirectory.java:tryLock(328)) - Lock on /opt/src/hadoop-ozone/integration-test/target/test-dir/MiniOzoneClusterImpl-606e9c43-2fb3-4e47-8e65-f7604d863f19/datanode-1/data/ratis/b57586a3-6724-4ab9-aa7e-e997efc8300d/in_use.lock acquired by nodename 4343@ozone-hdds-1735-wr477-3457940041
2019-07-04 15:14:41,037 INFO  storage.RaftStorageDirectory (RaftStorageDirectory.java:tryLock(328)) - Lock on /opt/src/hadoop-ozone/integration-test/target/test-dir/MiniOzoneClusterImpl-606e9c43-2fb3-4e47-8e65-f7604d863f19/datanode-5/data/ratis/b57586a3-6724-4ab9-aa7e-e997efc8300d/in_use.lock acquired by nodename 4343@ozone-hdds-1735-wr477-3457940041
2019-07-04 15:14:41,037 INFO  storage.RaftStorageDirectory (RaftStorageDirectory.java:tryLock(328)) - Lock on /opt/src/hadoop-ozone/integration-test/target/test-dir/MiniOzoneClusterImpl-606e9c43-2fb3-4e47-8e65-f7604d863f19/datanode-2/data/ratis/b57586a3-6724-4ab9-aa7e-e997efc8300d/in_use.lock acquired by nodename 4343@ozone-hdds-1735-wr477-3457940041
2019-07-04 15:14:41,051 INFO  storage.RaftStorage (RaftStorage.java:format(72)) - Storage directory /opt/src/hadoop-ozone/integration-test/target/test-dir/MiniOzoneClusterImpl-606e9c43-2fb3-4e47-8e65-f7604d863f19/datanode-2/data/ratis/b57586a3-6724-4ab9-aa7e-e997efc8300d has been successfully formatted.
2019-07-04 15:14:41,051 INFO  storage.RaftStorage (RaftStorage.java:format(72)) - Storage directory /opt/src/hadoop-ozone/integration-test/target/test-dir/MiniOzoneClusterImpl-606e9c43-2fb3-4e47-8e65-f7604d863f19/datanode-1/data/ratis/b57586a3-6724-4ab9-aa7e-e997efc8300d has been successfully formatted.
2019-07-04 15:14:41,051 INFO  storage.RaftStorage (RaftStorage.java:format(72)) - Storage directory /opt/src/hadoop-ozone/integration-test/target/test-dir/MiniOzoneClusterImpl-606e9c43-2fb3-4e47-8e65-f7604d863f19/datanode-5/data/ratis/b57586a3-6724-4ab9-aa7e-e997efc8300d has been successfully formatted.
2019-07-04 15:14:41,052 INFO  ratis.ContainerStateMachine (ContainerStateMachine.java:loadSnapshot(198)) - The snapshot info is null.Setting the last applied index to:(t:0, i:~)
2019-07-04 15:14:41,051 INFO  ratis.ContainerStateMachine (ContainerStateMachine.java:loadSnapshot(198)) - The snapshot info is null.Setting the last applied index to:(t:0, i:~)
2019-07-04 15:14:41,052 INFO  server.RaftServerConfigKeys (ConfUtils.java:logGet(43)) - raft.server.leader.election.timeout = 10s (custom)
2019-07-04 15:14:41,052 INFO  ratis.ContainerStateMachine (ContainerStateMachine.java:loadSnapshot(198)) - The snapshot info is null.Setting the last applied index to:(t:0, i:~)
2019-07-04 15:14:41,052 INFO  server.RaftServerConfigKeys (ConfUtils.java:logGet(43)) - raft.server.log.use.memory = false (default)
2019-07-04 15:14:41,052 INFO  server.RaftServerConfigKeys (ConfUtils.java:logGet(43)) - raft.server.leader.election.timeout = 10s (custom)
2019-07-04 15:14:41,053 INFO  server.RaftServerConfigKeys (ConfUtils.java:logGet(43)) - raft.server.log.purge.gap = 1000000000 (custom)
2019-07-04 15:14:41,052 INFO  server.RaftServerConfigKeys (ConfUtils.java:logGet(43)) - raft.server.leader.election.timeout = 10s (custom)
2019-07-04 15:14:41,053 INFO  server.RaftServerConfigKeys (ConfUtils.java:logGet(43)) - raft.server.log.appender.buffer.byte-limit = 33554432 (custom)
2019-07-04 15:14:41,053 INFO  server.RaftServerConfigKeys (ConfUtils.java:logGet(43)) - raft.server.log.use.memory = false (default)
2019-07-04 15:14:41,053 INFO  server.RaftServerConfigKeys (ConfUtils.java:logGet(43)) - raft.server.log.segment.size.max = 1048576 (custom)
2019-07-04 15:14:41,053 INFO  server.RaftServerConfigKeys (ConfUtils.java:logGet(43)) - raft.server.log.use.memory = false (default)
2019-07-04 15:14:41,054 INFO  server.RaftServerConfigKeys (ConfUtils.java:logGet(43)) - raft.server.log.segment.cache.num.max = 2 (custom)
2019-07-04 15:14:41,054 INFO  server.RaftServerConfigKeys (ConfUtils.java:logGet(43)) - raft.server.log.purge.gap = 1000000000 (custom)
2019-07-04 15:14:41,054 INFO  segmented.SegmentedRaftLogWorker (SegmentedRaftLogWorker.java:<init>(172)) - new 1e544da4-fd62-4dd9-9533-51452861563d-SegmentedRaftLogWorker:Storage Directory /opt/src/hadoop-ozone/integration-test/target/test-dir/MiniOzoneClusterImpl-606e9c43-2fb3-4e47-8e65-f7604d863f19/datanode-1/data/ratis/b57586a3-6724-4ab9-aa7e-e997efc8300d for RaftStorage:Storage Directory /opt/src/hadoop-ozone/integration-test/target/test-dir/MiniOzoneClusterImpl-606e9c43-2fb3-4e47-8e65-f7604d863f19/datanode-1/data/ratis/b57586a3-6724-4ab9-aa7e-e997efc8300d
2019-07-04 15:14:41,054 INFO  server.RaftServerConfigKeys (ConfUtils.java:logGet(43)) - raft.server.log.purge.gap = 1000000000 (custom)
2019-07-04 15:14:41,054 INFO  server.RaftServerConfigKeys (ConfUtils.java:logGet(43)) - raft.server.log.queue.byte-limit = 2147483647 (custom)
2019-07-04 15:14:41,054 INFO  server.RaftServerConfigKeys (ConfUtils.java:logGet(43)) - raft.server.log.appender.buffer.byte-limit = 33554432 (custom)
2019-07-04 15:14:41,057 INFO  server.RaftServerConfigKeys (ConfUtils.java:logGet(43)) - raft.server.log.queue.element-limit = 1024 (custom)
2019-07-04 15:14:41,055 INFO  server.RaftServerConfigKeys (ConfUtils.java:logGet(43)) - raft.server.log.appender.buffer.byte-limit = 33554432 (custom)
2019-07-04 15:14:41,057 INFO  server.RaftServerConfigKeys (ConfUtils.java:logGet(43)) - raft.server.log.segment.size.max = 1048576 (custom)
2019-07-04 15:14:41,057 INFO  server.RaftServerConfigKeys (ConfUtils.java:logGet(43)) - raft.server.log.segment.size.max = 1048576 (custom)
2019-07-04 15:14:41,057 INFO  server.RaftServerConfigKeys (ConfUtils.java:logGet(43)) - raft.server.log.preallocated.size = 16384 (custom)
2019-07-04 15:14:41,057 INFO  server.RaftServerConfigKeys (ConfUtils.java:logGet(43)) - raft.server.log.segment.size.max = 1048576 (custom)
2019-07-04 15:14:41,058 INFO  server.RaftServerConfigKeys (ConfUtils.java:logGet(43)) - raft.server.log.write.buffer.size = 33554432 (custom)
2019-07-04 15:14:41,057 INFO  server.RaftServerConfigKeys (ConfUtils.java:logGet(43)) - raft.server.log.segment.cache.num.max = 2 (custom)
2019-07-04 15:14:41,058 INFO  server.RaftServerConfigKeys (ConfUtils.java:logGet(43)) - raft.server.log.force.sync.num = 128 (default)
2019-07-04 15:14:41,058 INFO  server.RaftServerConfigKeys (ConfUtils.java:logGet(43)) - raft.server.log.segment.cache.num.max = 2 (custom)
2019-07-04 15:14:41,058 INFO  server.RaftServerConfigKeys (ConfUtils.java:logGet(43)) - raft.server.log.statemachine.data.sync = true (default)
2019-07-04 15:14:41,058 INFO  segmented.SegmentedRaftLogWorker (SegmentedRaftLogWorker.java:<init>(172)) - new 69ab023f-6334-42f7-84b3-7a3e0c9400cb-SegmentedRaftLogWorker:Storage Directory /opt/src/hadoop-ozone/integration-test/target/test-dir/MiniOzoneClusterImpl-606e9c43-2fb3-4e47-8e65-f7604d863f19/datanode-2/data/ratis/b57586a3-6724-4ab9-aa7e-e997efc8300d for RaftStorage:Storage Directory /opt/src/hadoop-ozone/integration-test/target/test-dir/MiniOzoneClusterImpl-606e9c43-2fb3-4e47-8e65-f7604d863f19/datanode-2/data/ratis/b57586a3-6724-4ab9-aa7e-e997efc8300d
2019-07-04 15:14:41,059 INFO  server.RaftServerConfigKeys (ConfUtils.java:logGet(43)) - raft.server.log.statemachine.data.sync.timeout = 10s (default)
2019-07-04 15:14:41,058 INFO  segmented.SegmentedRaftLogWorker (SegmentedRaftLogWorker.java:<init>(172)) - new 1cd92339-8c4f-4333-b245-a179f67fc9cf-SegmentedRaftLogWorker:Storage Directory /opt/src/hadoop-ozone/integration-test/target/test-dir/MiniOzoneClusterImpl-606e9c43-2fb3-4e47-8e65-f7604d863f19/datanode-5/data/ratis/b57586a3-6724-4ab9-aa7e-e997efc8300d for RaftStorage:Storage Directory /opt/src/hadoop-ozone/integration-test/target/test-dir/MiniOzoneClusterImpl-606e9c43-2fb3-4e47-8e65-f7604d863f19/datanode-5/data/ratis/b57586a3-6724-4ab9-aa7e-e997efc8300d
2019-07-04 15:14:41,059 INFO  server.RaftServerConfigKeys (ConfUtils.java:logGet(43)) - raft.server.log.statemachine.data.sync.timeout.retry = -1 (default)
2019-07-04 15:14:41,059 INFO  server.RaftServerConfigKeys (ConfUtils.java:logGet(43)) - raft.server.log.queue.byte-limit = 2147483647 (custom)
2019-07-04 15:14:41,063 INFO  server.RaftServerConfigKeys (ConfUtils.java:logGet(43)) - raft.server.log.statemachine.data.caching.enabled = true (custom)
2019-07-04 15:14:41,061 INFO  server.RaftServerConfigKeys (ConfUtils.java:logGet(43)) - raft.server.log.queue.byte-limit = 2147483647 (custom)
2019-07-04 15:14:41,063 INFO  server.RaftServerConfigKeys (ConfUtils.java:logGet(43)) - raft.server.log.queue.element-limit = 1024 (custom)
2019-07-04 15:14:41,063 INFO  segmented.SegmentedRaftLogWorker (SegmentedRaftLogWorker.java:lambda$new$0(132)) - 1e544da4-fd62-4dd9-9533-51452861563d-SegmentedRaftLogWorker:Storage Directory /opt/src/hadoop-ozone/integration-test/target/test-dir/MiniOzoneClusterImpl-606e9c43-2fb3-4e47-8e65-f7604d863f19/datanode-1/data/ratis/b57586a3-6724-4ab9-aa7e-e997efc8300d: flushIndex: setUnconditionally 0 -> -1
2019-07-04 15:14:41,063 INFO  server.RaftServerConfigKeys (ConfUtils.java:logGet(43)) - raft.server.log.queue.element-limit = 1024 (custom)
2019-07-04 15:14:41,063 INFO  server.RaftServerConfigKeys (ConfUtils.java:logGet(43)) - raft.server.log.segment.size.max = 1048576 (custom)
2019-07-04 15:14:41,064 INFO  server.RaftServerConfigKeys (ConfUtils.java:logGet(43)) - raft.server.log.segment.size.max = 1048576 (custom)
2019-07-04 15:14:41,064 INFO  server.RaftServerConfigKeys (ConfUtils.java:logGet(43)) - raft.server.snapshot.auto.trigger.enabled = true (custom)
2019-07-04 15:14:41,064 INFO  server.RaftServerConfigKeys (ConfUtils.java:logGet(43)) - raft.server.log.preallocated.size = 16384 (custom)
2019-07-04 15:14:41,064 INFO  server.RaftServerConfigKeys (ConfUtils.java:logGet(43)) - raft.server.log.preallocated.size = 16384 (custom)
2019-07-04 15:14:41,064 INFO  server.RaftServerConfigKeys (ConfUtils.java:logGet(43)) - raft.server.log.write.buffer.size = 33554432 (custom)
2019-07-04 15:14:41,064 INFO  server.RaftServerConfigKeys (ConfUtils.java:logGet(43)) - raft.server.snapshot.auto.trigger.threshold = 10000 (custom)
2019-07-04 15:14:41,065 INFO  server.RaftServerConfigKeys (ConfUtils.java:logGet(43)) - raft.server.log.force.sync.num = 128 (default)
2019-07-04 15:14:41,064 INFO  server.RaftServerConfigKeys (ConfUtils.java:logGet(43)) - raft.server.log.write.buffer.size = 33554432 (custom)
2019-07-04 15:14:41,065 INFO  server.RaftServerConfigKeys (ConfUtils.java:logGet(43)) - raft.server.log.statemachine.data.sync = true (default)
2019-07-04 15:14:41,065 INFO  server.RaftServerConfigKeys (ConfUtils.java:logGet(43)) - raft.server.retrycache.expirytime = 600000ms (custom)
2019-07-04 15:14:41,065 INFO  server.RaftServerConfigKeys (ConfUtils.java:logGet(43)) - raft.server.log.statemachine.data.sync.timeout = 10s (default)
2019-07-04 15:14:41,065 INFO  impl.RaftServerImpl (RaftServerImpl.java:start(180)) - 1e544da4-fd62-4dd9-9533-51452861563d: start group-E997EFC8300D
2019-07-04 15:14:41,065 INFO  server.RaftServerConfigKeys (ConfUtils.java:logGet(43)) - raft.server.log.force.sync.num = 128 (default)
2019-07-04 15:14:41,066 INFO  impl.RaftServerImpl (RaftServerImpl.java:setRole(171)) - 1e544da4-fd62-4dd9-9533-51452861563d:group-E997EFC8300D changes role from null to FOLLOWER at term 0 for startAsFollower
2019-07-04 15:14:41,066 INFO  server.RaftServerConfigKeys (ConfUtils.java:logGet(43)) - raft.server.log.statemachine.data.sync.timeout.retry = -1 (default)
2019-07-04 15:14:41,066 INFO  impl.RoleInfo (RoleInfo.java:updateAndGet(143)) - 1e544da4-fd62-4dd9-9533-51452861563d: start FollowerState
2019-07-04 15:14:41,066 INFO  server.RaftServerConfigKeys (ConfUtils.java:logGet(43)) - raft.server.log.statemachine.data.sync = true (default)
2019-07-04 15:14:41,066 INFO  server.RaftServerConfigKeys (ConfUtils.java:logGet(43)) - raft.server.log.statemachine.data.caching.enabled = true (custom)
2019-07-04 15:14:41,066 INFO  server.RaftServerConfigKeys (ConfUtils.java:logGet(43)) - raft.server.log.statemachine.data.sync.timeout = 10s (default)
2019-07-04 15:14:41,067 INFO  util.JmxRegister (JmxRegister.java:tryRegister(44)) - Successfully registered JMX Bean with object name Ratis:service=RaftServer,group=group-E997EFC8300D,id=1e544da4-fd62-4dd9-9533-51452861563d
2019-07-04 15:14:41,067 INFO  segmented.SegmentedRaftLogWorker (SegmentedRaftLogWorker.java:lambda$new$0(132)) - 1cd92339-8c4f-4333-b245-a179f67fc9cf-SegmentedRaftLogWorker:Storage Directory /opt/src/hadoop-ozone/integration-test/target/test-dir/MiniOzoneClusterImpl-606e9c43-2fb3-4e47-8e65-f7604d863f19/datanode-5/data/ratis/b57586a3-6724-4ab9-aa7e-e997efc8300d: flushIndex: setUnconditionally 0 -> -1
2019-07-04 15:14:41,067 INFO  server.RaftServerConfigKeys (ConfUtils.java:logGet(43)) - raft.server.log.statemachine.data.sync.timeout.retry = -1 (default)
2019-07-04 15:14:41,067 INFO  server.RaftServerConfigKeys (ConfUtils.java:logGet(43)) - raft.server.snapshot.auto.trigger.enabled = true (custom)
2019-07-04 15:14:41,067 INFO  server.RaftServerConfigKeys (ConfUtils.java:logGet(43)) - raft.server.log.statemachine.data.caching.enabled = true (custom)
2019-07-04 15:14:41,067 INFO  server.RaftServerConfigKeys (ConfUtils.java:logGet(43)) - raft.server.snapshot.auto.trigger.threshold = 10000 (custom)
2019-07-04 15:14:41,068 INFO  segmented.SegmentedRaftLogWorker (SegmentedRaftLogWorker.java:lambda$new$0(132)) - 69ab023f-6334-42f7-84b3-7a3e0c9400cb-SegmentedRaftLogWorker:Storage Directory /opt/src/hadoop-ozone/integration-test/target/test-dir/MiniOzoneClusterImpl-606e9c43-2fb3-4e47-8e65-f7604d863f19/datanode-2/data/ratis/b57586a3-6724-4ab9-aa7e-e997efc8300d: flushIndex: setUnconditionally 0 -> -1
2019-07-04 15:14:41,068 INFO  server.RaftServerConfigKeys (ConfUtils.java:logGet(43)) - raft.server.retrycache.expirytime = 600000ms (custom)
2019-07-04 15:14:41,070 INFO  impl.RaftServerImpl (RaftServerImpl.java:start(180)) - 1cd92339-8c4f-4333-b245-a179f67fc9cf: start group-E997EFC8300D
2019-07-04 15:14:41,070 INFO  server.RaftServerConfigKeys (ConfUtils.java:logGet(43)) - raft.server.snapshot.auto.trigger.enabled = true (custom)
2019-07-04 15:14:41,070 INFO  impl.RaftServerImpl (RaftServerImpl.java:setRole(171)) - 1cd92339-8c4f-4333-b245-a179f67fc9cf:group-E997EFC8300D changes role from null to FOLLOWER at term 0 for startAsFollower
2019-07-04 15:14:41,070 INFO  server.RaftServerConfigKeys (ConfUtils.java:logGet(43)) - raft.server.snapshot.auto.trigger.threshold = 10000 (custom)
2019-07-04 15:14:41,070 INFO  impl.RoleInfo (RoleInfo.java:updateAndGet(143)) - 1cd92339-8c4f-4333-b245-a179f67fc9cf: start FollowerState
2019-07-04 15:14:41,070 INFO  server.RaftServerConfigKeys (ConfUtils.java:logGet(43)) - raft.server.retrycache.expirytime = 600000ms (custom)
2019-07-04 15:14:41,071 INFO  impl.RaftServerImpl (RaftServerImpl.java:start(180)) - 69ab023f-6334-42f7-84b3-7a3e0c9400cb: start group-E997EFC8300D
2019-07-04 15:14:41,072 INFO  util.JmxRegister (JmxRegister.java:tryRegister(44)) - Successfully registered JMX Bean with object name Ratis:service=RaftServer,group=group-E997EFC8300D,id=1cd92339-8c4f-4333-b245-a179f67fc9cf
2019-07-04 15:14:41,072 INFO  impl.RaftServerImpl (RaftServerImpl.java:setRole(171)) - 69ab023f-6334-42f7-84b3-7a3e0c9400cb:group-E997EFC8300D changes role from null to FOLLOWER at term 0 for startAsFollower
2019-07-04 15:14:41,075 INFO  impl.RoleInfo (RoleInfo.java:updateAndGet(143)) - 69ab023f-6334-42f7-84b3-7a3e0c9400cb: start FollowerState
2019-07-04 15:14:41,075 INFO  util.JmxRegister (JmxRegister.java:tryRegister(44)) - Successfully registered JMX Bean with object name Ratis:service=RaftServer,group=group-E997EFC8300D,id=69ab023f-6334-42f7-84b3-7a3e0c9400cb
2019-07-04 15:14:41,097 INFO  pipeline.PipelineStateManager (PipelineStateManager.java:addPipeline(56)) - Created pipeline Pipeline[ Id: b57586a3-6724-4ab9-aa7e-e997efc8300d, Nodes: 1cd92339-8c4f-4333-b245-a179f67fc9cf{ip: 192.168.157.209, host: ozone-hdds-1735-wr477-3457940041, networkLocation: /default-rack, certSerialId: null}1e544da4-fd62-4dd9-9533-51452861563d{ip: 192.168.157.209, host: ozone-hdds-1735-wr477-3457940041, networkLocation: /default-rack, certSerialId: null}69ab023f-6334-42f7-84b3-7a3e0c9400cb{ip: 192.168.157.209, host: ozone-hdds-1735-wr477-3457940041, networkLocation: /default-rack, certSerialId: null}, Type:RATIS, Factor:THREE, State:OPEN]
2019-07-04 15:14:41,125 INFO  impl.RaftServerProxy (RaftServerProxy.java:addNew(89)) - dd503a5e-120c-4cea-a433-1d53960de6da: addNew group-8E8A596008D9:[dd503a5e-120c-4cea-a433-1d53960de6da:192.168.157.209:41451, 7f641bdc-4bdc-4fc2-bbbe-65bbccec3751:192.168.157.209:34006, 000a90a0-da83-4fcd-b495-6f6220279f4d:192.168.157.209:45835] returns group-8E8A596008D9:java.util.concurrent.CompletableFuture@4cc6d653[Not completed]
2019-07-04 15:14:41,125 INFO  impl.RaftServerProxy (RaftServerProxy.java:addNew(89)) - 7f641bdc-4bdc-4fc2-bbbe-65bbccec3751: addNew group-8E8A596008D9:[dd503a5e-120c-4cea-a433-1d53960de6da:192.168.157.209:41451, 7f641bdc-4bdc-4fc2-bbbe-65bbccec3751:192.168.157.209:34006, 000a90a0-da83-4fcd-b495-6f6220279f4d:192.168.157.209:45835] returns group-8E8A596008D9:java.util.concurrent.CompletableFuture@5f26e39b[Not completed]
2019-07-04 15:14:41,127 INFO  impl.RaftServerProxy (RaftServerProxy.java:addNew(89)) - 000a90a0-da83-4fcd-b495-6f6220279f4d: addNew group-8E8A596008D9:[dd503a5e-120c-4cea-a433-1d53960de6da:192.168.157.209:41451, 7f641bdc-4bdc-4fc2-bbbe-65bbccec3751:192.168.157.209:34006, 000a90a0-da83-4fcd-b495-6f6220279f4d:192.168.157.209:45835] returns group-8E8A596008D9:java.util.concurrent.CompletableFuture@12dfa32d[Not completed]
2019-07-04 15:14:41,128 INFO  impl.RaftServerImpl (RaftServerImpl.java:<init>(93)) - dd503a5e-120c-4cea-a433-1d53960de6da: new RaftServerImpl for group-8E8A596008D9:[dd503a5e-120c-4cea-a433-1d53960de6da:192.168.157.209:41451, 7f641bdc-4bdc-4fc2-bbbe-65bbccec3751:192.168.157.209:34006, 000a90a0-da83-4fcd-b495-6f6220279f4d:192.168.157.209:45835] with ContainerStateMachine:uninitialized
2019-07-04 15:14:41,128 INFO  server.RaftServerConfigKeys (ConfUtils.java:logGet(43)) - raft.server.rpc.timeout.min = 1s (custom)
2019-07-04 15:14:41,128 INFO  server.RaftServerConfigKeys (ConfUtils.java:logGet(43)) - raft.server.rpc.timeout.max = 1200ms (custom)
2019-07-04 15:14:41,128 INFO  server.RaftServerConfigKeys (ConfUtils.java:logGet(43)) - raft.server.rpcslowness.timeout = 10s (custom)
2019-07-04 15:14:41,128 INFO  impl.RaftServerImpl (RaftServerImpl.java:<init>(93)) - 000a90a0-da83-4fcd-b495-6f6220279f4d: new RaftServerImpl for group-8E8A596008D9:[dd503a5e-120c-4cea-a433-1d53960de6da:192.168.157.209:41451, 7f641bdc-4bdc-4fc2-bbbe-65bbccec3751:192.168.157.209:34006, 000a90a0-da83-4fcd-b495-6f6220279f4d:192.168.157.209:45835] with ContainerStateMachine:uninitialized
2019-07-04 15:14:41,129 INFO  server.RaftServerConfigKeys (ConfUtils.java:logGet(43)) - raft.server.sleep.deviation.threshold = 300 (default)
2019-07-04 15:14:41,129 INFO  server.RaftServerConfigKeys (ConfUtils.java:logGet(43)) - raft.server.rpc.timeout.min = 1s (custom)
2019-07-04 15:14:41,129 INFO  server.RaftServerConfigKeys (ConfUtils.java:logGet(43)) - raft.server.log.appender.install.snapshot.enabled = false (custom)
2019-07-04 15:14:41,129 INFO  server.RaftServerConfigKeys (ConfUtils.java:logGet(43)) - raft.server.rpc.timeout.max = 1200ms (custom)
2019-07-04 15:14:41,129 INFO  impl.RaftServerImpl (RaftServerImpl.java:<init>(93)) - 7f641bdc-4bdc-4fc2-bbbe-65bbccec3751: new RaftServerImpl for group-8E8A596008D9:[dd503a5e-120c-4cea-a433-1d53960de6da:192.168.157.209:41451, 7f641bdc-4bdc-4fc2-bbbe-65bbccec3751:192.168.157.209:34006, 000a90a0-da83-4fcd-b495-6f6220279f4d:192.168.157.209:45835] with ContainerStateMachine:uninitialized
2019-07-04 15:14:41,129 INFO  impl.RaftServerImpl (ServerState.java:<init>(105)) - dd503a5e-120c-4cea-a433-1d53960de6da:group-8E8A596008D9 ConfigurationManager, init=-1: [dd503a5e-120c-4cea-a433-1d53960de6da:192.168.157.209:41451, 7f641bdc-4bdc-4fc2-bbbe-65bbccec3751:192.168.157.209:34006, 000a90a0-da83-4fcd-b495-6f6220279f4d:192.168.157.209:45835], old=null, confs=<EMPTY_MAP>
2019-07-04 15:14:41,129 INFO  server.RaftServerConfigKeys (ConfUtils.java:logGet(43)) - raft.server.rpc.timeout.min = 1s (custom)
2019-07-04 15:14:41,129 INFO  server.RaftServerConfigKeys (ConfUtils.java:logGet(43)) - raft.server.rpcslowness.timeout = 10s (custom)
2019-07-04 15:14:41,130 INFO  server.RaftServerConfigKeys (ConfUtils.java:logGet(43)) - raft.server.rpc.timeout.max = 1200ms (custom)
2019-07-04 15:14:41,130 INFO  server.RaftServerConfigKeys (ConfUtils.java:logGet(43)) - raft.server.storage.dir = [/opt/src/hadoop-ozone/integration-test/target/test-dir/MiniOzoneClusterImpl-606e9c43-2fb3-4e47-8e65-f7604d863f19/datanode-4/data/ratis] (custom)
2019-07-04 15:14:41,130 INFO  server.RaftServerConfigKeys (ConfUtils.java:logGet(43)) - raft.server.rpcslowness.timeout = 10s (custom)
2019-07-04 15:14:41,130 INFO  server.RaftServerConfigKeys (ConfUtils.java:logGet(43)) - raft.server.sleep.deviation.threshold = 300 (default)
2019-07-04 15:14:41,130 INFO  server.RaftServerConfigKeys (ConfUtils.java:logGet(43)) - raft.server.sleep.deviation.threshold = 300 (default)
2019-07-04 15:14:41,130 INFO  storage.RaftStorageDirectory (RaftStorageDirectory.java:analyzeStorage(246)) - The storage directory /opt/src/hadoop-ozone/integration-test/target/test-dir/MiniOzoneClusterImpl-606e9c43-2fb3-4e47-8e65-f7604d863f19/datanode-4/data/ratis/264cfe5e-e98e-4a6f-a363-8e8a596008d9 does not exist. Creating ...
2019-07-04 15:14:41,130 INFO  server.RaftServerConfigKeys (ConfUtils.java:logGet(43)) - raft.server.log.appender.install.snapshot.enabled = false (custom)
2019-07-04 15:14:41,131 INFO  server.RaftServerConfigKeys (ConfUtils.java:logGet(43)) - raft.server.log.appender.install.snapshot.enabled = false (custom)
2019-07-04 15:14:41,131 INFO  impl.RaftServerImpl (ServerState.java:<init>(105)) - 000a90a0-da83-4fcd-b495-6f6220279f4d:group-8E8A596008D9 ConfigurationManager, init=-1: [dd503a5e-120c-4cea-a433-1d53960de6da:192.168.157.209:41451, 7f641bdc-4bdc-4fc2-bbbe-65bbccec3751:192.168.157.209:34006, 000a90a0-da83-4fcd-b495-6f6220279f4d:192.168.157.209:45835], old=null, confs=<EMPTY_MAP>
2019-07-04 15:14:41,131 INFO  impl.RaftServerImpl (ServerState.java:<init>(105)) - 7f641bdc-4bdc-4fc2-bbbe-65bbccec3751:group-8E8A596008D9 ConfigurationManager, init=-1: [dd503a5e-120c-4cea-a433-1d53960de6da:192.168.157.209:41451, 7f641bdc-4bdc-4fc2-bbbe-65bbccec3751:192.168.157.209:34006, 000a90a0-da83-4fcd-b495-6f6220279f4d:192.168.157.209:45835], old=null, confs=<EMPTY_MAP>
2019-07-04 15:14:41,131 INFO  server.RaftServerConfigKeys (ConfUtils.java:logGet(43)) - raft.server.storage.dir = [/opt/src/hadoop-ozone/integration-test/target/test-dir/MiniOzoneClusterImpl-606e9c43-2fb3-4e47-8e65-f7604d863f19/datanode-3/data/ratis] (custom)
2019-07-04 15:14:41,131 INFO  server.RaftServerConfigKeys (ConfUtils.java:logGet(43)) - raft.server.storage.dir = [/opt/src/hadoop-ozone/integration-test/target/test-dir/MiniOzoneClusterImpl-606e9c43-2fb3-4e47-8e65-f7604d863f19/datanode-0/data/ratis] (custom)
2019-07-04 15:14:41,132 INFO  storage.RaftStorageDirectory (RaftStorageDirectory.java:analyzeStorage(246)) - The storage directory /opt/src/hadoop-ozone/integration-test/target/test-dir/MiniOzoneClusterImpl-606e9c43-2fb3-4e47-8e65-f7604d863f19/datanode-3/data/ratis/264cfe5e-e98e-4a6f-a363-8e8a596008d9 does not exist. Creating ...
2019-07-04 15:14:41,132 INFO  storage.RaftStorageDirectory (RaftStorageDirectory.java:analyzeStorage(246)) - The storage directory /opt/src/hadoop-ozone/integration-test/target/test-dir/MiniOzoneClusterImpl-606e9c43-2fb3-4e47-8e65-f7604d863f19/datanode-0/data/ratis/264cfe5e-e98e-4a6f-a363-8e8a596008d9 does not exist. Creating ...
2019-07-04 15:14:41,139 INFO  storage.RaftStorageDirectory (RaftStorageDirectory.java:tryLock(328)) - Lock on /opt/src/hadoop-ozone/integration-test/target/test-dir/MiniOzoneClusterImpl-606e9c43-2fb3-4e47-8e65-f7604d863f19/datanode-3/data/ratis/264cfe5e-e98e-4a6f-a363-8e8a596008d9/in_use.lock acquired by nodename 4343@ozone-hdds-1735-wr477-3457940041
2019-07-04 15:14:41,139 INFO  storage.RaftStorageDirectory (RaftStorageDirectory.java:tryLock(328)) - Lock on /opt/src/hadoop-ozone/integration-test/target/test-dir/MiniOzoneClusterImpl-606e9c43-2fb3-4e47-8e65-f7604d863f19/datanode-4/data/ratis/264cfe5e-e98e-4a6f-a363-8e8a596008d9/in_use.lock acquired by nodename 4343@ozone-hdds-1735-wr477-3457940041
2019-07-04 15:14:41,139 INFO  storage.RaftStorageDirectory (RaftStorageDirectory.java:tryLock(328)) - Lock on /opt/src/hadoop-ozone/integration-test/target/test-dir/MiniOzoneClusterImpl-606e9c43-2fb3-4e47-8e65-f7604d863f19/datanode-0/data/ratis/264cfe5e-e98e-4a6f-a363-8e8a596008d9/in_use.lock acquired by nodename 4343@ozone-hdds-1735-wr477-3457940041
2019-07-04 15:14:41,153 INFO  storage.RaftStorage (RaftStorage.java:format(72)) - Storage directory /opt/src/hadoop-ozone/integration-test/target/test-dir/MiniOzoneClusterImpl-606e9c43-2fb3-4e47-8e65-f7604d863f19/datanode-3/data/ratis/264cfe5e-e98e-4a6f-a363-8e8a596008d9 has been successfully formatted.
2019-07-04 15:14:41,153 INFO  storage.RaftStorage (RaftStorage.java:format(72)) - Storage directory /opt/src/hadoop-ozone/integration-test/target/test-dir/MiniOzoneClusterImpl-606e9c43-2fb3-4e47-8e65-f7604d863f19/datanode-0/data/ratis/264cfe5e-e98e-4a6f-a363-8e8a596008d9 has been successfully formatted.
2019-07-04 15:14:41,153 INFO  storage.RaftStorage (RaftStorage.java:format(72)) - Storage directory /opt/src/hadoop-ozone/integration-test/target/test-dir/MiniOzoneClusterImpl-606e9c43-2fb3-4e47-8e65-f7604d863f19/datanode-4/data/ratis/264cfe5e-e98e-4a6f-a363-8e8a596008d9 has been successfully formatted.
2019-07-04 15:14:41,154 INFO  ratis.ContainerStateMachine (ContainerStateMachine.java:loadSnapshot(198)) - The snapshot info is null.Setting the last applied index to:(t:0, i:~)
2019-07-04 15:14:41,154 INFO  ratis.ContainerStateMachine (ContainerStateMachine.java:loadSnapshot(198)) - The snapshot info is null.Setting the last applied index to:(t:0, i:~)
2019-07-04 15:14:41,154 INFO  ratis.ContainerStateMachine (ContainerStateMachine.java:loadSnapshot(198)) - The snapshot info is null.Setting the last applied index to:(t:0, i:~)
2019-07-04 15:14:41,154 INFO  server.RaftServerConfigKeys (ConfUtils.java:logGet(43)) - raft.server.leader.election.timeout = 10s (custom)
2019-07-04 15:14:41,154 INFO  server.RaftServerConfigKeys (ConfUtils.java:logGet(43)) - raft.server.leader.election.timeout = 10s (custom)
2019-07-04 15:14:41,155 INFO  server.RaftServerConfigKeys (ConfUtils.java:logGet(43)) - raft.server.log.use.memory = false (default)
2019-07-04 15:14:41,155 INFO  server.RaftServerConfigKeys (ConfUtils.java:logGet(43)) - raft.server.leader.election.timeout = 10s (custom)
2019-07-04 15:14:41,155 INFO  server.RaftServerConfigKeys (ConfUtils.java:logGet(43)) - raft.server.log.purge.gap = 1000000000 (custom)
2019-07-04 15:14:41,155 INFO  server.RaftServerConfigKeys (ConfUtils.java:logGet(43)) - raft.server.log.appender.buffer.byte-limit = 33554432 (custom)
2019-07-04 15:14:41,155 INFO  server.RaftServerConfigKeys (ConfUtils.java:logGet(43)) - raft.server.log.use.memory = false (default)
2019-07-04 15:14:41,155 INFO  server.RaftServerConfigKeys (ConfUtils.java:logGet(43)) - raft.server.log.segment.size.max = 1048576 (custom)
2019-07-04 15:14:41,155 INFO  server.RaftServerConfigKeys (ConfUtils.java:logGet(43)) - raft.server.log.use.memory = false (default)
2019-07-04 15:14:41,156 INFO  server.RaftServerConfigKeys (ConfUtils.java:logGet(43)) - raft.server.log.segment.cache.num.max = 2 (custom)
2019-07-04 15:14:41,156 INFO  server.RaftServerConfigKeys (ConfUtils.java:logGet(43)) - raft.server.log.purge.gap = 1000000000 (custom)
2019-07-04 15:14:41,156 INFO  segmented.SegmentedRaftLogWorker (SegmentedRaftLogWorker.java:<init>(172)) - new dd503a5e-120c-4cea-a433-1d53960de6da-SegmentedRaftLogWorker:Storage Directory /opt/src/hadoop-ozone/integration-test/target/test-dir/MiniOzoneClusterImpl-606e9c43-2fb3-4e47-8e65-f7604d863f19/datanode-4/data/ratis/264cfe5e-e98e-4a6f-a363-8e8a596008d9 for RaftStorage:Storage Directory /opt/src/hadoop-ozone/integration-test/target/test-dir/MiniOzoneClusterImpl-606e9c43-2fb3-4e47-8e65-f7604d863f19/datanode-4/data/ratis/264cfe5e-e98e-4a6f-a363-8e8a596008d9
2019-07-04 15:14:41,156 INFO  server.RaftServerConfigKeys (ConfUtils.java:logGet(43)) - raft.server.log.purge.gap = 1000000000 (custom)
2019-07-04 15:14:41,156 INFO  server.RaftServerConfigKeys (ConfUtils.java:logGet(43)) - raft.server.log.queue.byte-limit = 2147483647 (custom)
2019-07-04 15:14:41,156 INFO  server.RaftServerConfigKeys (ConfUtils.java:logGet(43)) - raft.server.log.appender.buffer.byte-limit = 33554432 (custom)
2019-07-04 15:14:41,158 INFO  server.RaftServerConfigKeys (ConfUtils.java:logGet(43)) - raft.server.log.queue.element-limit = 1024 (custom)
2019-07-04 15:14:41,156 INFO  server.RaftServerConfigKeys (ConfUtils.java:logGet(43)) - raft.server.log.appender.buffer.byte-limit = 33554432 (custom)
2019-07-04 15:14:41,158 INFO  server.RaftServerConfigKeys (ConfUtils.java:logGet(43)) - raft.server.log.segment.size.max = 1048576 (custom)
2019-07-04 15:14:41,158 INFO  server.RaftServerConfigKeys (ConfUtils.java:logGet(43)) - raft.server.log.segment.size.max = 1048576 (custom)
2019-07-04 15:14:41,159 INFO  server.RaftServerConfigKeys (ConfUtils.java:logGet(43)) - raft.server.log.preallocated.size = 16384 (custom)
2019-07-04 15:14:41,159 INFO  server.RaftServerConfigKeys (ConfUtils.java:logGet(43)) - raft.server.log.segment.size.max = 1048576 (custom)
2019-07-04 15:14:41,159 INFO  server.RaftServerConfigKeys (ConfUtils.java:logGet(43)) - raft.server.log.write.buffer.size = 33554432 (custom)
2019-07-04 15:14:41,159 INFO  server.RaftServerConfigKeys (ConfUtils.java:logGet(43)) - raft.server.log.segment.cache.num.max = 2 (custom)
2019-07-04 15:14:41,159 INFO  server.RaftServerConfigKeys (ConfUtils.java:logGet(43)) - raft.server.log.force.sync.num = 128 (default)
2019-07-04 15:14:41,159 INFO  server.RaftServerConfigKeys (ConfUtils.java:logGet(43)) - raft.server.log.segment.cache.num.max = 2 (custom)
2019-07-04 15:14:41,160 INFO  server.RaftServerConfigKeys (ConfUtils.java:logGet(43)) - raft.server.log.statemachine.data.sync = true (default)
2019-07-04 15:14:41,160 INFO  segmented.SegmentedRaftLogWorker (SegmentedRaftLogWorker.java:<init>(172)) - new 7f641bdc-4bdc-4fc2-bbbe-65bbccec3751-SegmentedRaftLogWorker:Storage Directory /opt/src/hadoop-ozone/integration-test/target/test-dir/MiniOzoneClusterImpl-606e9c43-2fb3-4e47-8e65-f7604d863f19/datanode-0/data/ratis/264cfe5e-e98e-4a6f-a363-8e8a596008d9 for RaftStorage:Storage Directory /opt/src/hadoop-ozone/integration-test/target/test-dir/MiniOzoneClusterImpl-606e9c43-2fb3-4e47-8e65-f7604d863f19/datanode-0/data/ratis/264cfe5e-e98e-4a6f-a363-8e8a596008d9
2019-07-04 15:14:41,160 INFO  server.RaftServerConfigKeys (ConfUtils.java:logGet(43)) - raft.server.log.statemachine.data.sync.timeout = 10s (default)
2019-07-04 15:14:41,160 INFO  segmented.SegmentedRaftLogWorker (SegmentedRaftLogWorker.java:<init>(172)) - new 000a90a0-da83-4fcd-b495-6f6220279f4d-SegmentedRaftLogWorker:Storage Directory /opt/src/hadoop-ozone/integration-test/target/test-dir/MiniOzoneClusterImpl-606e9c43-2fb3-4e47-8e65-f7604d863f19/datanode-3/data/ratis/264cfe5e-e98e-4a6f-a363-8e8a596008d9 for RaftStorage:Storage Directory /opt/src/hadoop-ozone/integration-test/target/test-dir/MiniOzoneClusterImpl-606e9c43-2fb3-4e47-8e65-f7604d863f19/datanode-3/data/ratis/264cfe5e-e98e-4a6f-a363-8e8a596008d9
2019-07-04 15:14:41,160 INFO  server.RaftServerConfigKeys (ConfUtils.java:logGet(43)) - raft.server.log.statemachine.data.sync.timeout.retry = -1 (default)
2019-07-04 15:14:41,160 INFO  server.RaftServerConfigKeys (ConfUtils.java:logGet(43)) - raft.server.log.queue.byte-limit = 2147483647 (custom)
2019-07-04 15:14:41,162 INFO  server.RaftServerConfigKeys (ConfUtils.java:logGet(43)) - raft.server.log.statemachine.data.caching.enabled = true (custom)
2019-07-04 15:14:41,162 INFO  server.RaftServerConfigKeys (ConfUtils.java:logGet(43)) - raft.server.log.queue.byte-limit = 2147483647 (custom)
2019-07-04 15:14:41,164 INFO  server.RaftServerConfigKeys (ConfUtils.java:logGet(43)) - raft.server.log.queue.element-limit = 1024 (custom)
2019-07-04 15:14:41,165 INFO  segmented.SegmentedRaftLogWorker (SegmentedRaftLogWorker.java:lambda$new$0(132)) - dd503a5e-120c-4cea-a433-1d53960de6da-SegmentedRaftLogWorker:Storage Directory /opt/src/hadoop-ozone/integration-test/target/test-dir/MiniOzoneClusterImpl-606e9c43-2fb3-4e47-8e65-f7604d863f19/datanode-4/data/ratis/264cfe5e-e98e-4a6f-a363-8e8a596008d9: flushIndex: setUnconditionally 0 -> -1
2019-07-04 15:14:41,165 INFO  server.RaftServerConfigKeys (ConfUtils.java:logGet(43)) - raft.server.log.queue.element-limit = 1024 (custom)
2019-07-04 15:14:41,165 INFO  server.RaftServerConfigKeys (ConfUtils.java:logGet(43)) - raft.server.log.segment.size.max = 1048576 (custom)
2019-07-04 15:14:41,165 INFO  server.RaftServerConfigKeys (ConfUtils.java:logGet(43)) - raft.server.snapshot.auto.trigger.enabled = true (custom)
2019-07-04 15:14:41,165 INFO  server.RaftServerConfigKeys (ConfUtils.java:logGet(43)) - raft.server.log.segment.size.max = 1048576 (custom)
2019-07-04 15:14:41,166 INFO  server.RaftServerConfigKeys (ConfUtils.java:logGet(43)) - raft.server.snapshot.auto.trigger.threshold = 10000 (custom)
2019-07-04 15:14:41,165 INFO  server.RaftServerConfigKeys (ConfUtils.java:logGet(43)) - raft.server.log.preallocated.size = 16384 (custom)
2019-07-04 15:14:41,166 INFO  server.RaftServerConfigKeys (ConfUtils.java:logGet(43)) - raft.server.retrycache.expirytime = 600000ms (custom)
2019-07-04 15:14:41,166 INFO  server.RaftServerConfigKeys (ConfUtils.java:logGet(43)) - raft.server.log.write.buffer.size = 33554432 (custom)
2019-07-04 15:14:41,166 INFO  server.RaftServerConfigKeys (ConfUtils.java:logGet(43)) - raft.server.log.preallocated.size = 16384 (custom)
2019-07-04 15:14:41,166 INFO  server.RaftServerConfigKeys (ConfUtils.java:logGet(43)) - raft.server.log.force.sync.num = 128 (default)
2019-07-04 15:14:41,166 INFO  impl.RaftServerImpl (RaftServerImpl.java:start(180)) - dd503a5e-120c-4cea-a433-1d53960de6da: start group-8E8A596008D9
2019-07-04 15:14:41,167 INFO  server.RaftServerConfigKeys (ConfUtils.java:logGet(43)) - raft.server.log.statemachine.data.sync = true (default)
2019-07-04 15:14:41,166 INFO  server.RaftServerConfigKeys (ConfUtils.java:logGet(43)) - raft.server.log.write.buffer.size = 33554432 (custom)
2019-07-04 15:14:41,167 INFO  server.RaftServerConfigKeys (ConfUtils.java:logGet(43)) - raft.server.log.statemachine.data.sync.timeout = 10s (default)
2019-07-04 15:14:41,167 INFO  impl.RaftServerImpl (RaftServerImpl.java:setRole(171)) - dd503a5e-120c-4cea-a433-1d53960de6da:group-8E8A596008D9 changes role from null to FOLLOWER at term 0 for startAsFollower
2019-07-04 15:14:41,167 INFO  server.RaftServerConfigKeys (ConfUtils.java:logGet(43)) - raft.server.log.statemachine.data.sync.timeout.retry = -1 (default)
2019-07-04 15:14:41,167 INFO  server.RaftServerConfigKeys (ConfUtils.java:logGet(43)) - raft.server.log.force.sync.num = 128 (default)
2019-07-04 15:14:41,168 INFO  server.RaftServerConfigKeys (ConfUtils.java:logGet(43)) - raft.server.log.statemachine.data.caching.enabled = true (custom)
2019-07-04 15:14:41,167 INFO  impl.RoleInfo (RoleInfo.java:updateAndGet(143)) - dd503a5e-120c-4cea-a433-1d53960de6da: start FollowerState
2019-07-04 15:14:41,168 INFO  server.RaftServerConfigKeys (ConfUtils.java:logGet(43)) - raft.server.log.statemachine.data.sync = true (default)
2019-07-04 15:14:41,168 INFO  segmented.SegmentedRaftLogWorker (SegmentedRaftLogWorker.java:lambda$new$0(132)) - 7f641bdc-4bdc-4fc2-bbbe-65bbccec3751-SegmentedRaftLogWorker:Storage Directory /opt/src/hadoop-ozone/integration-test/target/test-dir/MiniOzoneClusterImpl-606e9c43-2fb3-4e47-8e65-f7604d863f19/datanode-0/data/ratis/264cfe5e-e98e-4a6f-a363-8e8a596008d9: flushIndex: setUnconditionally 0 -> -1
2019-07-04 15:14:41,168 INFO  server.RaftServerConfigKeys (ConfUtils.java:logGet(43)) - raft.server.log.statemachine.data.sync.timeout = 10s (default)
2019-07-04 15:14:41,168 INFO  util.JmxRegister (JmxRegister.java:tryRegister(44)) - Successfully registered JMX Bean with object name Ratis:service=RaftServer,group=group-8E8A596008D9,id=dd503a5e-120c-4cea-a433-1d53960de6da
2019-07-04 15:14:41,168 INFO  server.RaftServerConfigKeys (ConfUtils.java:logGet(43)) - raft.server.snapshot.auto.trigger.enabled = true (custom)
2019-07-04 15:14:41,168 INFO  server.RaftServerConfigKeys (ConfUtils.java:logGet(43)) - raft.server.log.statemachine.data.sync.timeout.retry = -1 (default)
2019-07-04 15:14:41,169 INFO  server.RaftServerConfigKeys (ConfUtils.java:logGet(43)) - raft.server.snapshot.auto.trigger.threshold = 10000 (custom)
2019-07-04 15:14:41,169 INFO  server.RaftServerConfigKeys (ConfUtils.java:logGet(43)) - raft.server.log.statemachine.data.caching.enabled = true (custom)
2019-07-04 15:14:41,169 INFO  server.RaftServerConfigKeys (ConfUtils.java:logGet(43)) - raft.server.retrycache.expirytime = 600000ms (custom)
2019-07-04 15:14:41,169 INFO  segmented.SegmentedRaftLogWorker (SegmentedRaftLogWorker.java:lambda$new$0(132)) - 000a90a0-da83-4fcd-b495-6f6220279f4d-SegmentedRaftLogWorker:Storage Directory /opt/src/hadoop-ozone/integration-test/target/test-dir/MiniOzoneClusterImpl-606e9c43-2fb3-4e47-8e65-f7604d863f19/datanode-3/data/ratis/264cfe5e-e98e-4a6f-a363-8e8a596008d9: flushIndex: setUnconditionally 0 -> -1
2019-07-04 15:14:41,169 INFO  impl.RaftServerImpl (RaftServerImpl.java:start(180)) - 7f641bdc-4bdc-4fc2-bbbe-65bbccec3751: start group-8E8A596008D9
2019-07-04 15:14:41,170 INFO  impl.RaftServerImpl (RaftServerImpl.java:setRole(171)) - 7f641bdc-4bdc-4fc2-bbbe-65bbccec3751:group-8E8A596008D9 changes role from null to FOLLOWER at term 0 for startAsFollower
2019-07-04 15:14:41,170 INFO  server.RaftServerConfigKeys (ConfUtils.java:logGet(43)) - raft.server.snapshot.auto.trigger.enabled = true (custom)
2019-07-04 15:14:41,170 INFO  impl.RoleInfo (RoleInfo.java:updateAndGet(143)) - 7f641bdc-4bdc-4fc2-bbbe-65bbccec3751: start FollowerState
2019-07-04 15:14:41,170 INFO  server.RaftServerConfigKeys (ConfUtils.java:logGet(43)) - raft.server.snapshot.auto.trigger.threshold = 10000 (custom)
2019-07-04 15:14:41,170 INFO  server.RaftServerConfigKeys (ConfUtils.java:logGet(43)) - raft.server.retrycache.expirytime = 600000ms (custom)
2019-07-04 15:14:41,170 INFO  util.JmxRegister (JmxRegister.java:tryRegister(44)) - Successfully registered JMX Bean with object name Ratis:service=RaftServer,group=group-8E8A596008D9,id=7f641bdc-4bdc-4fc2-bbbe-65bbccec3751
2019-07-04 15:14:41,171 INFO  impl.RaftServerImpl (RaftServerImpl.java:start(180)) - 000a90a0-da83-4fcd-b495-6f6220279f4d: start group-8E8A596008D9
2019-07-04 15:14:41,176 INFO  impl.RaftServerImpl (RaftServerImpl.java:setRole(171)) - 000a90a0-da83-4fcd-b495-6f6220279f4d:group-8E8A596008D9 changes role from null to FOLLOWER at term 0 for startAsFollower
2019-07-04 15:14:41,176 INFO  impl.RoleInfo (RoleInfo.java:updateAndGet(143)) - 000a90a0-da83-4fcd-b495-6f6220279f4d: start FollowerState
2019-07-04 15:14:41,177 INFO  util.JmxRegister (JmxRegister.java:tryRegister(44)) - Successfully registered JMX Bean with object name Ratis:service=RaftServer,group=group-8E8A596008D9,id=000a90a0-da83-4fcd-b495-6f6220279f4d
2019-07-04 15:14:41,197 INFO  pipeline.PipelineStateManager (PipelineStateManager.java:addPipeline(56)) - Created pipeline Pipeline[ Id: 264cfe5e-e98e-4a6f-a363-8e8a596008d9, Nodes: 000a90a0-da83-4fcd-b495-6f6220279f4d{ip: 192.168.157.209, host: ozone-hdds-1735-wr477-3457940041, networkLocation: /default-rack, certSerialId: null}7f641bdc-4bdc-4fc2-bbbe-65bbccec3751{ip: 192.168.157.209, host: ozone-hdds-1735-wr477-3457940041, networkLocation: /default-rack, certSerialId: null}dd503a5e-120c-4cea-a433-1d53960de6da{ip: 192.168.157.209, host: ozone-hdds-1735-wr477-3457940041, networkLocation: /default-rack, certSerialId: null}, Type:RATIS, Factor:THREE, State:OPEN]
2019-07-04 15:14:41,409 INFO  ozone.MiniOzoneClusterImpl (MiniOzoneClusterImpl.java:lambda$waitForClusterToBeReady$0(142)) - Cluster is ready. Got 6 of 6 DN Heartbeats.
]]></system-out>
    <system-err><![CDATA[ERROR StatusLogger No Log4j 2 configuration file found. Using default configuration (logging only errors to the console), or user programmatically provided configurations. Set system property 'log4j2.debug' to show Log4j 2 internal initialization logging. See https://logging.apache.org/log4j/2.x/manual/configuration.html for instructions on how to configure Log4j 2
Jul 04, 2019 3:14:34 PM com.sun.jersey.server.impl.application.WebApplicationImpl _initiate
INFO: Initiating Jersey application, version 'Jersey: 1.19 02/11/2015 03:25 AM'
Jul 04, 2019 3:14:35 PM com.sun.jersey.server.impl.application.WebApplicationImpl _initiate
INFO: Initiating Jersey application, version 'Jersey: 1.19 02/11/2015 03:25 AM'
Jul 04, 2019 3:14:35 PM com.sun.jersey.server.impl.application.WebApplicationImpl _initiate
INFO: Initiating Jersey application, version 'Jersey: 1.19 02/11/2015 03:25 AM'
Jul 04, 2019 3:14:35 PM com.sun.jersey.server.impl.application.WebApplicationImpl _initiate
INFO: Initiating Jersey application, version 'Jersey: 1.19 02/11/2015 03:25 AM'
Jul 04, 2019 3:14:36 PM com.sun.jersey.server.impl.application.WebApplicationImpl _initiate
INFO: Initiating Jersey application, version 'Jersey: 1.19 02/11/2015 03:25 AM'
Jul 04, 2019 3:14:36 PM com.sun.jersey.server.impl.application.WebApplicationImpl _initiate
INFO: Initiating Jersey application, version 'Jersey: 1.19 02/11/2015 03:25 AM'
]]></system-err>
  </testcase>
</testsuite>