<?xml version="1.0" encoding="UTF-8"?>
<testsuite xmlns:xsi="http://www.w3.org/2001/XMLSchema-instance" xsi:noNamespaceSchemaLocation="https://maven.apache.org/surefire/maven-surefire-plugin/xsd/surefire-test-report.xsd" name="org.apache.hadoop.ozone.container.common.statemachine.commandhandler.TestBlockDeletion" time="58.161" tests="1" errors="0" skipped="0" failures="1">
  <properties>
    <property name="awt.toolkit" value="sun.awt.X11.XToolkit"/>
    <property name="file.encoding.pkg" value="sun.io"/>
    <property name="java.specification.version" value="1.8"/>
    <property name="sun.cpu.isalist" value=""/>
    <property name="sun.jnu.encoding" value="UTF-8"/>
    <property name="java.class.path" value="/opt/src/hadoop-ozone/integration-test/target/test-classes:/opt/src/hadoop-ozone/integration-test/target/classes:/home/user/.m2/repository/org/apache/hadoop/hadoop-ozone-common/0.5.0-SNAPSHOT/hadoop-ozone-common-0.5.0-SNAPSHOT.jar:/home/user/.m2/repository/org/apache/commons/commons-compress/1.4.1/commons-compress-1.4.1.jar:/home/user/.m2/repository/org/tukaani/xz/1.0/xz-1.0.jar:/home/user/.m2/repository/org/apache/hadoop/hadoop-common/3.2.0/hadoop-common-3.2.0.jar:/home/user/.m2/repository/org/apache/hadoop/hadoop-hdfs/3.2.0/hadoop-hdfs-3.2.0.jar:/home/user/.m2/repository/org/apache/hadoop/hadoop-hdfs-client/3.2.0/hadoop-hdfs-client-3.2.0.jar:/home/user/.m2/repository/com/fasterxml/jackson/core/jackson-annotations/2.9.5/jackson-annotations-2.9.5.jar:/home/user/.m2/repository/org/apache/hadoop/hadoop-hdds-common/0.5.0-SNAPSHOT/hadoop-hdds-common-0.5.0-SNAPSHOT.jar:/home/user/.m2/repository/javax/annotation/javax.annotation-api/1.2/javax.annotation-api-1.2.jar:/home/user/.m2/repository/org/apache/ratis/ratis-server/0.4.0-fe2b15d-SNAPSHOT/ratis-server-0.4.0-fe2b15d-SNAPSHOT.jar:/home/user/.m2/repository/org/apache/ratis/ratis-thirdparty-misc/0.2.0/ratis-thirdparty-misc-0.2.0.jar:/home/user/.m2/repository/org/apache/ratis/ratis-proto/0.4.0-fe2b15d-SNAPSHOT/ratis-proto-0.4.0-fe2b15d-SNAPSHOT.jar:/home/user/.m2/repository/org/apache/ratis/ratis-common/0.4.0-fe2b15d-SNAPSHOT/ratis-common-0.4.0-fe2b15d-SNAPSHOT.jar:/home/user/.m2/repository/org/apache/ratis/ratis-client/0.4.0-fe2b15d-SNAPSHOT/ratis-client-0.4.0-fe2b15d-SNAPSHOT.jar:/home/user/.m2/repository/org/apache/ratis/ratis-netty/0.4.0-fe2b15d-SNAPSHOT/ratis-netty-0.4.0-fe2b15d-SNAPSHOT.jar:/home/user/.m2/repository/org/apache/ratis/ratis-grpc/0.4.0-fe2b15d-SNAPSHOT/ratis-grpc-0.4.0-fe2b15d-SNAPSHOT.jar:/home/user/.m2/repository/org/rocksdb/rocksdbjni/5.14.2/rocksdbjni-5.14.2.jar:/home/user/.m2/repository/org/apache/logging/log4j/log4j-api/2.11.0/log4j-api-2.11.0.jar:/home/user/.m2/repository/org/apache/logging/log4j/log4j-core/2.11.0/log4j-core-2.11.0.jar:/home/user/.m2/repository/com/lmax/disruptor/3.4.2/disruptor-3.4.2.jar:/home/user/.m2/repository/org/apache/commons/commons-pool2/2.6.0/commons-pool2-2.6.0.jar:/home/user/.m2/repository/org/bouncycastle/bcpkix-jdk15on/1.60/bcpkix-jdk15on-1.60.jar:/home/user/.m2/repository/commons-validator/commons-validator/1.6/commons-validator-1.6.jar:/home/user/.m2/repository/commons-digester/commons-digester/1.8.1/commons-digester-1.8.1.jar:/home/user/.m2/repository/io/jaegertracing/jaeger-client/0.33.1/jaeger-client-0.33.1.jar:/home/user/.m2/repository/io/jaegertracing/jaeger-thrift/0.33.1/jaeger-thrift-0.33.1.jar:/home/user/.m2/repository/org/apache/thrift/libthrift/0.11.0/libthrift-0.11.0.jar:/home/user/.m2/repository/com/squareup/okhttp3/okhttp/3.9.0/okhttp-3.9.0.jar:/home/user/.m2/repository/com/squareup/okio/okio/1.13.0/okio-1.13.0.jar:/home/user/.m2/repository/io/jaegertracing/jaeger-core/0.33.1/jaeger-core-0.33.1.jar:/home/user/.m2/repository/io/jaegertracing/jaeger-tracerresolver/0.33.1/jaeger-tracerresolver-0.33.1.jar:/home/user/.m2/repository/io/opentracing/contrib/opentracing-tracerresolver/0.1.5/opentracing-tracerresolver-0.1.5.jar:/home/user/.m2/repository/io/opentracing/opentracing-util/0.31.0/opentracing-util-0.31.0.jar:/home/user/.m2/repository/io/opentracing/opentracing-api/0.31.0/opentracing-api-0.31.0.jar:/home/user/.m2/repository/io/opentracing/opentracing-noop/0.31.0/opentracing-noop-0.31.0.jar:/home/user/.m2/repository/org/apache/hadoop/hadoop-hdds-server-framework/0.5.0-SNAPSHOT/hadoop-hdds-server-framework-0.5.0-SNAPSHOT.jar:/home/user/.m2/repository/org/apache/hadoop/hadoop-hdds-server-scm/0.5.0-SNAPSHOT/hadoop-hdds-server-scm-0.5.0-SNAPSHOT.jar:/home/user/.m2/repository/org/apache/hadoop/hadoop-hdds-container-service/0.5.0-SNAPSHOT/hadoop-hdds-container-service-0.5.0-SNAPSHOT.jar:/home/user/.m2/repository/org/apache/hadoop/hadoop-hdds-client/0.5.0-SNAPSHOT/hadoop-hdds-client-0.5.0-SNAPSHOT.jar:/home/user/.m2/repository/org/apache/hadoop/hadoop-hdds-tools/0.5.0-SNAPSHOT/hadoop-hdds-tools-0.5.0-SNAPSHOT.jar:/home/user/.m2/repository/org/apache/hadoop/hadoop-ozone-ozone-manager/0.5.0-SNAPSHOT/hadoop-ozone-ozone-manager-0.5.0-SNAPSHOT.jar:/home/user/.m2/repository/org/apache/hadoop/hadoop-hdds-docs/0.5.0-SNAPSHOT/hadoop-hdds-docs-0.5.0-SNAPSHOT.jar:/home/user/.m2/repository/org/bouncycastle/bcprov-jdk15on/1.60/bcprov-jdk15on-1.60.jar:/home/user/.m2/repository/org/apache/hadoop/hadoop-minikdc/3.2.0/hadoop-minikdc-3.2.0.jar:/home/user/.m2/repository/commons-io/commons-io/2.5/commons-io-2.5.jar:/home/user/.m2/repository/org/apache/kerby/kerb-simplekdc/1.0.1/kerb-simplekdc-1.0.1.jar:/home/user/.m2/repository/org/apache/kerby/kerb-client/1.0.1/kerb-client-1.0.1.jar:/home/user/.m2/repository/org/apache/kerby/kerby-config/1.0.1/kerby-config-1.0.1.jar:/home/user/.m2/repository/org/apache/kerby/kerb-core/1.0.1/kerb-core-1.0.1.jar:/home/user/.m2/repository/org/apache/kerby/kerby-pkix/1.0.1/kerby-pkix-1.0.1.jar:/home/user/.m2/repository/org/apache/kerby/kerby-asn1/1.0.1/kerby-asn1-1.0.1.jar:/home/user/.m2/repository/org/apache/kerby/kerby-util/1.0.1/kerby-util-1.0.1.jar:/home/user/.m2/repository/org/apache/kerby/kerb-common/1.0.1/kerb-common-1.0.1.jar:/home/user/.m2/repository/org/apache/kerby/kerb-crypto/1.0.1/kerb-crypto-1.0.1.jar:/home/user/.m2/repository/org/apache/kerby/kerb-util/1.0.1/kerb-util-1.0.1.jar:/home/user/.m2/repository/org/apache/kerby/token-provider/1.0.1/token-provider-1.0.1.jar:/home/user/.m2/repository/org/apache/kerby/kerb-admin/1.0.1/kerb-admin-1.0.1.jar:/home/user/.m2/repository/org/apache/kerby/kerb-server/1.0.1/kerb-server-1.0.1.jar:/home/user/.m2/repository/org/apache/kerby/kerb-identity/1.0.1/kerb-identity-1.0.1.jar:/home/user/.m2/repository/org/apache/kerby/kerby-xdr/1.0.1/kerby-xdr-1.0.1.jar:/home/user/.m2/repository/org/slf4j/slf4j-log4j12/1.7.25/slf4j-log4j12-1.7.25.jar:/home/user/.m2/repository/org/apache/hadoop/hadoop-ozone-objectstore-service/0.5.0-SNAPSHOT/hadoop-ozone-objectstore-service-0.5.0-SNAPSHOT.jar:/home/user/.m2/repository/org/apache/hadoop/hadoop-ozone-s3gateway/0.5.0-SNAPSHOT/hadoop-ozone-s3gateway-0.5.0-SNAPSHOT.jar:/home/user/.m2/repository/org/jboss/weld/servlet/weld-servlet/2.4.7.Final/weld-servlet-2.4.7.Final.jar:/home/user/.m2/repository/org/glassfish/jersey/containers/jersey-container-servlet-core/2.27/jersey-container-servlet-core-2.27.jar:/home/user/.m2/repository/org/glassfish/hk2/external/javax.inject/2.5.0-b42/javax.inject-2.5.0-b42.jar:/home/user/.m2/repository/org/glassfish/jersey/core/jersey-common/2.27/jersey-common-2.27.jar:/home/user/.m2/repository/org/glassfish/hk2/osgi-resource-locator/1.0.1/osgi-resource-locator-1.0.1.jar:/home/user/.m2/repository/javax/ws/rs/javax.ws.rs-api/2.1/javax.ws.rs-api-2.1.jar:/home/user/.m2/repository/org/glassfish/jersey/ext/cdi/jersey-cdi1x/2.27/jersey-cdi1x-2.27.jar:/home/user/.m2/repository/org/glassfish/jersey/inject/jersey-hk2/2.27/jersey-hk2-2.27.jar:/home/user/.m2/repository/org/glassfish/hk2/hk2-locator/2.5.0-b42/hk2-locator-2.5.0-b42.jar:/home/user/.m2/repository/org/javassist/javassist/3.22.0-CR2/javassist-3.22.0-CR2.jar:/home/user/.m2/repository/org/glassfish/hk2/hk2-api/2.5.0/hk2-api-2.5.0.jar:/home/user/.m2/repository/org/glassfish/hk2/external/jakarta.inject/2.5.0/jakarta.inject-2.5.0.jar:/home/user/.m2/repository/org/glassfish/hk2/hk2-utils/2.5.0/hk2-utils-2.5.0.jar:/home/user/.m2/repository/jakarta/annotation/jakarta.annotation-api/1.3.4/jakarta.annotation-api-1.3.4.jar:/home/user/.m2/repository/org/glassfish/hk2/external/aopalliance-repackaged/2.5.0/aopalliance-repackaged-2.5.0.jar:/home/user/.m2/repository/com/fasterxml/jackson/dataformat/jackson-dataformat-xml/2.9.0/jackson-dataformat-xml-2.9.0.jar:/home/user/.m2/repository/com/fasterxml/jackson/core/jackson-core/2.9.5/jackson-core-2.9.5.jar:/home/user/.m2/repository/com/fasterxml/jackson/module/jackson-module-jaxb-annotations/2.9.5/jackson-module-jaxb-annotations-2.9.5.jar:/home/user/.m2/repository/javax/enterprise/cdi-api/1.2/cdi-api-1.2.jar:/home/user/.m2/repository/javax/el/javax.el-api/3.0.0/javax.el-api-3.0.0.jar:/home/user/.m2/repository/javax/interceptor/javax.interceptor-api/1.2/javax.interceptor-api-1.2.jar:/home/user/.m2/repository/javax/inject/javax.inject/1/javax.inject-1.jar:/home/user/.m2/repository/com/sun/xml/bind/jaxb-impl/2.3.0.1/jaxb-impl-2.3.0.1.jar:/home/user/.m2/repository/com/sun/xml/bind/jaxb-core/2.3.0.1/jaxb-core-2.3.0.1.jar:/home/user/.m2/repository/javax/xml/bind/jaxb-api/2.3.0/jaxb-api-2.3.0.jar:/home/user/.m2/repository/javax/activation/activation/1.1.1/activation-1.1.1.jar:/home/user/.m2/repository/org/apache/hadoop/hadoop-ozone-csi/0.5.0-SNAPSHOT/hadoop-ozone-csi-0.5.0-SNAPSHOT.jar:/home/user/.m2/repository/com/google/protobuf/protobuf-java-util/3.5.1/protobuf-java-util-3.5.1.jar:/home/user/.m2/repository/org/apache/hadoop/hadoop-hdds-config/0.5.0-SNAPSHOT/hadoop-hdds-config-0.5.0-SNAPSHOT.jar:/home/user/.m2/repository/com/google/guava/guava/11.0.2/guava-11.0.2.jar:/home/user/.m2/repository/com/google/protobuf/protobuf-java/2.5.0/protobuf-java-2.5.0.jar:/home/user/.m2/repository/io/grpc/grpc-netty/1.17.1/grpc-netty-1.17.1.jar:/home/user/.m2/repository/io/grpc/grpc-core/1.17.1/grpc-core-1.17.1.jar:/home/user/.m2/repository/io/grpc/grpc-context/1.17.1/grpc-context-1.17.1.jar:/home/user/.m2/repository/com/google/errorprone/error_prone_annotations/2.2.0/error_prone_annotations-2.2.0.jar:/home/user/.m2/repository/org/codehaus/mojo/animal-sniffer-annotations/1.17/animal-sniffer-annotations-1.17.jar:/home/user/.m2/repository/io/opencensus/opencensus-api/0.17.0/opencensus-api-0.17.0.jar:/home/user/.m2/repository/io/opencensus/opencensus-contrib-grpc-metrics/0.17.0/opencensus-contrib-grpc-metrics-0.17.0.jar:/home/user/.m2/repository/io/netty/netty-codec-http2/4.1.30.Final/netty-codec-http2-4.1.30.Final.jar:/home/user/.m2/repository/io/netty/netty-codec-http/4.1.30.Final/netty-codec-http-4.1.30.Final.jar:/home/user/.m2/repository/io/netty/netty-codec/4.1.30.Final/netty-codec-4.1.30.Final.jar:/home/user/.m2/repository/io/netty/netty-handler/4.1.30.Final/netty-handler-4.1.30.Final.jar:/home/user/.m2/repository/io/netty/netty-handler-proxy/4.1.30.Final/netty-handler-proxy-4.1.30.Final.jar:/home/user/.m2/repository/io/netty/netty-codec-socks/4.1.30.Final/netty-codec-socks-4.1.30.Final.jar:/home/user/.m2/repository/io/netty/netty-transport-native-epoll/4.1.30.Final/netty-transport-native-epoll-4.1.30.Final.jar:/home/user/.m2/repository/io/netty/netty-common/4.1.30.Final/netty-common-4.1.30.Final.jar:/home/user/.m2/repository/io/netty/netty-buffer/4.1.30.Final/netty-buffer-4.1.30.Final.jar:/home/user/.m2/repository/io/netty/netty-transport/4.1.30.Final/netty-transport-4.1.30.Final.jar:/home/user/.m2/repository/io/netty/netty-resolver/4.1.30.Final/netty-resolver-4.1.30.Final.jar:/home/user/.m2/repository/io/netty/netty-transport-native-unix-common/4.1.30.Final/netty-transport-native-unix-common-4.1.30.Final.jar:/home/user/.m2/repository/io/grpc/grpc-protobuf/1.17.1/grpc-protobuf-1.17.1.jar:/home/user/.m2/repository/com/google/api/grpc/proto-google-common-protos/1.0.0/proto-google-common-protos-1.0.0.jar:/home/user/.m2/repository/io/grpc/grpc-protobuf-lite/1.17.1/grpc-protobuf-lite-1.17.1.jar:/home/user/.m2/repository/io/grpc/grpc-stub/1.17.1/grpc-stub-1.17.1.jar:/home/user/.m2/repository/org/apache/hadoop/hadoop-ozone-recon/0.5.0-SNAPSHOT/hadoop-ozone-recon-0.5.0-SNAPSHOT.jar:/home/user/.m2/repository/org/apache/hadoop/hadoop-ozone-reconcodegen/0.5.0-SNAPSHOT/hadoop-ozone-reconcodegen-0.5.0-SNAPSHOT.jar:/home/user/.m2/repository/com/google/inject/extensions/guice-multibindings/4.0/guice-multibindings-4.0.jar:/home/user/.m2/repository/com/google/inject/guice/4.0/guice-4.0.jar:/home/user/.m2/repository/aopalliance/aopalliance/1.0/aopalliance-1.0.jar:/home/user/.m2/repository/com/google/inject/extensions/guice-servlet/4.0/guice-servlet-4.0.jar:/home/user/.m2/repository/org/glassfish/jersey/containers/jersey-container-servlet/2.27/jersey-container-servlet-2.27.jar:/home/user/.m2/repository/org/glassfish/hk2/guice-bridge/2.5.0/guice-bridge-2.5.0.jar:/home/user/.m2/repository/org/glassfish/jersey/core/jersey-server/2.27/jersey-server-2.27.jar:/home/user/.m2/repository/org/glassfish/jersey/core/jersey-client/2.27/jersey-client-2.27.jar:/home/user/.m2/repository/org/glassfish/jersey/media/jersey-media-jaxb/2.27/jersey-media-jaxb-2.27.jar:/home/user/.m2/repository/javax/validation/validation-api/1.1.0.Final/validation-api-1.1.0.Final.jar:/home/user/.m2/repository/org/glassfish/jersey/media/jersey-media-json-jackson/2.27/jersey-media-json-jackson-2.27.jar:/home/user/.m2/repository/org/glassfish/jersey/ext/jersey-entity-filtering/2.27/jersey-entity-filtering-2.27.jar:/home/user/.m2/repository/com/google/inject/extensions/guice-assistedinject/4.0/guice-assistedinject-4.0.jar:/home/user/.m2/repository/org/jooq/jooq/3.11.10/jooq-3.11.10.jar:/home/user/.m2/repository/org/jooq/jooq-meta/3.11.10/jooq-meta-3.11.10.jar:/home/user/.m2/repository/org/jooq/jooq-codegen/3.11.10/jooq-codegen-3.11.10.jar:/home/user/.m2/repository/com/jolbox/bonecp/0.8.0.RELEASE/bonecp-0.8.0.RELEASE.jar:/home/user/.m2/repository/org/xerial/sqlite-jdbc/3.25.2/sqlite-jdbc-3.25.2.jar:/home/user/.m2/repository/org/springframework/spring-jdbc/5.1.3.RELEASE/spring-jdbc-5.1.3.RELEASE.jar:/home/user/.m2/repository/org/springframework/spring-beans/5.1.3.RELEASE/spring-beans-5.1.3.RELEASE.jar:/home/user/.m2/repository/org/springframework/spring-core/5.1.3.RELEASE/spring-core-5.1.3.RELEASE.jar:/home/user/.m2/repository/org/springframework/spring-jcl/5.1.3.RELEASE/spring-jcl-5.1.3.RELEASE.jar:/home/user/.m2/repository/org/springframework/spring-tx/5.1.3.RELEASE/spring-tx-5.1.3.RELEASE.jar:/home/user/.m2/repository/org/apache/hadoop/hadoop-ozone-client/0.5.0-SNAPSHOT/hadoop-ozone-client-0.5.0-SNAPSHOT.jar:/home/user/.m2/repository/org/apache/hadoop/hadoop-ozone-ozone-manager/0.5.0-SNAPSHOT/hadoop-ozone-ozone-manager-0.5.0-SNAPSHOT-tests.jar:/home/user/.m2/repository/junit/junit/4.11/junit-4.11.jar:/home/user/.m2/repository/org/hamcrest/hamcrest-core/1.3/hamcrest-core-1.3.jar:/home/user/.m2/repository/org/openjdk/jmh/jmh-core/1.19/jmh-core-1.19.jar:/home/user/.m2/repository/net/sf/jopt-simple/jopt-simple/4.6/jopt-simple-4.6.jar:/home/user/.m2/repository/org/apache/commons/commons-math3/3.1.1/commons-math3-3.1.1.jar:/home/user/.m2/repository/org/openjdk/jmh/jmh-generator-annprocess/1.19/jmh-generator-annprocess-1.19.jar:/home/user/.m2/repository/org/mockito/mockito-all/1.8.5/mockito-all-1.8.5.jar:/home/user/.m2/repository/org/apache/hadoop/hadoop-kms/3.2.0/hadoop-kms-3.2.0.jar:/home/user/.m2/repository/org/apache/hadoop/hadoop-auth/3.2.0/hadoop-auth-3.2.0.jar:/home/user/.m2/repository/com/nimbusds/nimbus-jose-jwt/4.41.1/nimbus-jose-jwt-4.41.1.jar:/home/user/.m2/repository/com/github/stephenc/jcip/jcip-annotations/1.0-1/jcip-annotations-1.0-1.jar:/home/user/.m2/repository/net/minidev/json-smart/2.3/json-smart-2.3.jar:/home/user/.m2/repository/net/minidev/accessors-smart/1.2/accessors-smart-1.2.jar:/home/user/.m2/repository/org/ow2/asm/asm/5.0.4/asm-5.0.4.jar:/home/user/.m2/repository/org/apache/curator/curator-framework/2.12.0/curator-framework-2.12.0.jar:/home/user/.m2/repository/com/sun/jersey/jersey-core/1.19/jersey-core-1.19.jar:/home/user/.m2/repository/javax/ws/rs/jsr311-api/1.1.1/jsr311-api-1.1.1.jar:/home/user/.m2/repository/com/sun/jersey/jersey-server/1.19/jersey-server-1.19.jar:/home/user/.m2/repository/javax/servlet/javax.servlet-api/3.1.0/javax.servlet-api-3.1.0.jar:/home/user/.m2/repository/org/eclipse/jetty/jetty-server/9.3.24.v20180605/jetty-server-9.3.24.v20180605.jar:/home/user/.m2/repository/org/eclipse/jetty/jetty-http/9.3.24.v20180605/jetty-http-9.3.24.v20180605.jar:/home/user/.m2/repository/org/eclipse/jetty/jetty-io/9.3.24.v20180605/jetty-io-9.3.24.v20180605.jar:/home/user/.m2/repository/org/eclipse/jetty/jetty-webapp/9.3.24.v20180605/jetty-webapp-9.3.24.v20180605.jar:/home/user/.m2/repository/org/eclipse/jetty/jetty-xml/9.3.24.v20180605/jetty-xml-9.3.24.v20180605.jar:/home/user/.m2/repository/log4j/log4j/1.2.17/log4j-1.2.17.jar:/home/user/.m2/repository/org/slf4j/slf4j-api/1.7.25/slf4j-api-1.7.25.jar:/home/user/.m2/repository/org/slf4j/jul-to-slf4j/1.7.25/jul-to-slf4j-1.7.25.jar:/home/user/.m2/repository/org/eclipse/jetty/jetty-util/9.3.24.v20180605/jetty-util-9.3.24.v20180605.jar:/home/user/.m2/repository/io/dropwizard/metrics/metrics-core/3.2.4/metrics-core-3.2.4.jar:/home/user/.m2/repository/com/fasterxml/jackson/core/jackson-databind/2.9.5/jackson-databind-2.9.5.jar:/home/user/.m2/repository/org/apache/hadoop/hadoop-kms/3.2.0/hadoop-kms-3.2.0-tests.jar:/home/user/.m2/repository/org/apache/hadoop/hadoop-hdds-server-scm/0.5.0-SNAPSHOT/hadoop-hdds-server-scm-0.5.0-SNAPSHOT-tests.jar:/home/user/.m2/repository/org/hamcrest/hamcrest-all/1.3/hamcrest-all-1.3.jar:/home/user/.m2/repository/info/picocli/picocli/3.9.6/picocli-3.9.6.jar:/home/user/.m2/repository/org/apache/hadoop/hadoop-hdds-container-service/0.5.0-SNAPSHOT/hadoop-hdds-container-service-0.5.0-SNAPSHOT-tests.jar:/home/user/.m2/repository/org/yaml/snakeyaml/1.16/snakeyaml-1.16.jar:/home/user/.m2/repository/org/apache/hadoop/hadoop-common/3.2.0/hadoop-common-3.2.0-tests.jar:/home/user/.m2/repository/org/apache/hadoop/hadoop-annotations/3.2.0/hadoop-annotations-3.2.0.jar:/usr/lib/jvm/java-1.8-openjdk/jre/../lib/tools.jar:/home/user/.m2/repository/commons-cli/commons-cli/1.2/commons-cli-1.2.jar:/home/user/.m2/repository/org/apache/httpcomponents/httpclient/4.5.2/httpclient-4.5.2.jar:/home/user/.m2/repository/org/apache/httpcomponents/httpcore/4.4.4/httpcore-4.4.4.jar:/home/user/.m2/repository/commons-codec/commons-codec/1.11/commons-codec-1.11.jar:/home/user/.m2/repository/commons-net/commons-net/3.6/commons-net-3.6.jar:/home/user/.m2/repository/commons-collections/commons-collections/3.2.2/commons-collections-3.2.2.jar:/home/user/.m2/repository/org/eclipse/jetty/jetty-servlet/9.3.24.v20180605/jetty-servlet-9.3.24.v20180605.jar:/home/user/.m2/repository/org/eclipse/jetty/jetty-security/9.3.24.v20180605/jetty-security-9.3.24.v20180605.jar:/home/user/.m2/repository/javax/servlet/jsp/jsp-api/2.1/jsp-api-2.1.jar:/home/user/.m2/repository/com/sun/jersey/jersey-servlet/1.19/jersey-servlet-1.19.jar:/home/user/.m2/repository/com/sun/jersey/jersey-json/1.19/jersey-json-1.19.jar:/home/user/.m2/repository/org/codehaus/jettison/jettison/1.1/jettison-1.1.jar:/home/user/.m2/repository/org/codehaus/jackson/jackson-core-asl/1.9.13/jackson-core-asl-1.9.13.jar:/home/user/.m2/repository/org/codehaus/jackson/jackson-mapper-asl/1.9.13/jackson-mapper-asl-1.9.13.jar:/home/user/.m2/repository/org/codehaus/jackson/jackson-jaxrs/1.9.13/jackson-jaxrs-1.9.13.jar:/home/user/.m2/repository/org/codehaus/jackson/jackson-xc/1.9.13/jackson-xc-1.9.13.jar:/home/user/.m2/repository/commons-logging/commons-logging/1.1.3/commons-logging-1.1.3.jar:/home/user/.m2/repository/commons-beanutils/commons-beanutils/1.9.3/commons-beanutils-1.9.3.jar:/home/user/.m2/repository/org/apache/commons/commons-configuration2/2.1.1/commons-configuration2-2.1.1.jar:/home/user/.m2/repository/org/apache/commons/commons-lang3/3.7/commons-lang3-3.7.jar:/home/user/.m2/repository/org/apache/commons/commons-text/1.4/commons-text-1.4.jar:/home/user/.m2/repository/org/apache/avro/avro/1.7.7/avro-1.7.7.jar:/home/user/.m2/repository/com/thoughtworks/paranamer/paranamer/2.3/paranamer-2.3.jar:/home/user/.m2/repository/org/xerial/snappy/snappy-java/1.0.5/snappy-java-1.0.5.jar:/home/user/.m2/repository/com/google/re2j/re2j/1.1/re2j-1.1.jar:/home/user/.m2/repository/com/google/code/gson/gson/2.2.4/gson-2.2.4.jar:/home/user/.m2/repository/com/jcraft/jsch/0.1.54/jsch-0.1.54.jar:/home/user/.m2/repository/org/apache/curator/curator-client/2.12.0/curator-client-2.12.0.jar:/home/user/.m2/repository/org/apache/curator/curator-recipes/2.12.0/curator-recipes-2.12.0.jar:/home/user/.m2/repository/com/google/code/findbugs/jsr305/3.0.0/jsr305-3.0.0.jar:/home/user/.m2/repository/org/apache/htrace/htrace-core4/4.1.0-incubating/htrace-core4-4.1.0-incubating.jar:/home/user/.m2/repository/org/apache/zookeeper/zookeeper/3.4.13/zookeeper-3.4.13.jar:/home/user/.m2/repository/org/apache/yetus/audience-annotations/0.5.0/audience-annotations-0.5.0.jar:/home/user/.m2/repository/org/codehaus/woodstox/stax2-api/3.1.4/stax2-api-3.1.4.jar:/home/user/.m2/repository/com/fasterxml/woodstox/woodstox-core/5.0.3/woodstox-core-5.0.3.jar:/home/user/.m2/repository/dnsjava/dnsjava/2.1.7/dnsjava-2.1.7.jar:/home/user/.m2/repository/org/apache/hadoop/hadoop-hdfs/3.2.0/hadoop-hdfs-3.2.0-tests.jar:/home/user/.m2/repository/org/eclipse/jetty/jetty-util-ajax/9.3.24.v20180605/jetty-util-ajax-9.3.24.v20180605.jar:/home/user/.m2/repository/commons-daemon/commons-daemon/1.0.13/commons-daemon-1.0.13.jar:/home/user/.m2/repository/io/netty/netty/3.10.5.Final/netty-3.10.5.Final.jar:/home/user/.m2/repository/io/netty/netty-all/4.0.52.Final/netty-all-4.0.52.Final.jar:/home/user/.m2/repository/org/fusesource/leveldbjni/leveldbjni-all/1.8/leveldbjni-all-1.8.jar:"/>
    <property name="java.vm.vendor" value="IcedTea"/>
    <property name="sun.arch.data.model" value="64"/>
    <property name="test.build.dir" value="/opt/src/hadoop-ozone/integration-test/target/test-dir"/>
    <property name="test.cache.data" value=""/>
    <property name="java.vendor.url" value="https://icedtea.classpath.org"/>
    <property name="user.timezone" value=""/>
    <property name="java.vm.specification.version" value="1.8"/>
    <property name="os.name" value="Linux"/>
    <property name="test.build.data" value="/opt/src/hadoop-ozone/integration-test/target/test-dir"/>
    <property name="user.country" value="US"/>
    <property name="sun.java.launcher" value="SUN_STANDARD"/>
    <property name="sun.boot.library.path" value="/usr/lib/jvm/java-1.8-openjdk/jre/lib/amd64"/>
    <property name="sun.java.command" value="/opt/src/hadoop-ozone/integration-test/target/surefire/surefirebooter8105434133208293893.jar /opt/src/hadoop-ozone/integration-test/target/surefire 2019-06-15T10-26-56_783-jvmRun1 surefire6186572668904236164tmp surefire_381610612465164998303tmp"/>
    <property name="surefire.test.class.path" value="/opt/src/hadoop-ozone/integration-test/target/test-classes:/opt/src/hadoop-ozone/integration-test/target/classes:/home/user/.m2/repository/org/apache/hadoop/hadoop-ozone-common/0.5.0-SNAPSHOT/hadoop-ozone-common-0.5.0-SNAPSHOT.jar:/home/user/.m2/repository/org/apache/commons/commons-compress/1.4.1/commons-compress-1.4.1.jar:/home/user/.m2/repository/org/tukaani/xz/1.0/xz-1.0.jar:/home/user/.m2/repository/org/apache/hadoop/hadoop-common/3.2.0/hadoop-common-3.2.0.jar:/home/user/.m2/repository/org/apache/hadoop/hadoop-hdfs/3.2.0/hadoop-hdfs-3.2.0.jar:/home/user/.m2/repository/org/apache/hadoop/hadoop-hdfs-client/3.2.0/hadoop-hdfs-client-3.2.0.jar:/home/user/.m2/repository/com/fasterxml/jackson/core/jackson-annotations/2.9.5/jackson-annotations-2.9.5.jar:/home/user/.m2/repository/org/apache/hadoop/hadoop-hdds-common/0.5.0-SNAPSHOT/hadoop-hdds-common-0.5.0-SNAPSHOT.jar:/home/user/.m2/repository/javax/annotation/javax.annotation-api/1.2/javax.annotation-api-1.2.jar:/home/user/.m2/repository/org/apache/ratis/ratis-server/0.4.0-fe2b15d-SNAPSHOT/ratis-server-0.4.0-fe2b15d-SNAPSHOT.jar:/home/user/.m2/repository/org/apache/ratis/ratis-thirdparty-misc/0.2.0/ratis-thirdparty-misc-0.2.0.jar:/home/user/.m2/repository/org/apache/ratis/ratis-proto/0.4.0-fe2b15d-SNAPSHOT/ratis-proto-0.4.0-fe2b15d-SNAPSHOT.jar:/home/user/.m2/repository/org/apache/ratis/ratis-common/0.4.0-fe2b15d-SNAPSHOT/ratis-common-0.4.0-fe2b15d-SNAPSHOT.jar:/home/user/.m2/repository/org/apache/ratis/ratis-client/0.4.0-fe2b15d-SNAPSHOT/ratis-client-0.4.0-fe2b15d-SNAPSHOT.jar:/home/user/.m2/repository/org/apache/ratis/ratis-netty/0.4.0-fe2b15d-SNAPSHOT/ratis-netty-0.4.0-fe2b15d-SNAPSHOT.jar:/home/user/.m2/repository/org/apache/ratis/ratis-grpc/0.4.0-fe2b15d-SNAPSHOT/ratis-grpc-0.4.0-fe2b15d-SNAPSHOT.jar:/home/user/.m2/repository/org/rocksdb/rocksdbjni/5.14.2/rocksdbjni-5.14.2.jar:/home/user/.m2/repository/org/apache/logging/log4j/log4j-api/2.11.0/log4j-api-2.11.0.jar:/home/user/.m2/repository/org/apache/logging/log4j/log4j-core/2.11.0/log4j-core-2.11.0.jar:/home/user/.m2/repository/com/lmax/disruptor/3.4.2/disruptor-3.4.2.jar:/home/user/.m2/repository/org/apache/commons/commons-pool2/2.6.0/commons-pool2-2.6.0.jar:/home/user/.m2/repository/org/bouncycastle/bcpkix-jdk15on/1.60/bcpkix-jdk15on-1.60.jar:/home/user/.m2/repository/commons-validator/commons-validator/1.6/commons-validator-1.6.jar:/home/user/.m2/repository/commons-digester/commons-digester/1.8.1/commons-digester-1.8.1.jar:/home/user/.m2/repository/io/jaegertracing/jaeger-client/0.33.1/jaeger-client-0.33.1.jar:/home/user/.m2/repository/io/jaegertracing/jaeger-thrift/0.33.1/jaeger-thrift-0.33.1.jar:/home/user/.m2/repository/org/apache/thrift/libthrift/0.11.0/libthrift-0.11.0.jar:/home/user/.m2/repository/com/squareup/okhttp3/okhttp/3.9.0/okhttp-3.9.0.jar:/home/user/.m2/repository/com/squareup/okio/okio/1.13.0/okio-1.13.0.jar:/home/user/.m2/repository/io/jaegertracing/jaeger-core/0.33.1/jaeger-core-0.33.1.jar:/home/user/.m2/repository/io/jaegertracing/jaeger-tracerresolver/0.33.1/jaeger-tracerresolver-0.33.1.jar:/home/user/.m2/repository/io/opentracing/contrib/opentracing-tracerresolver/0.1.5/opentracing-tracerresolver-0.1.5.jar:/home/user/.m2/repository/io/opentracing/opentracing-util/0.31.0/opentracing-util-0.31.0.jar:/home/user/.m2/repository/io/opentracing/opentracing-api/0.31.0/opentracing-api-0.31.0.jar:/home/user/.m2/repository/io/opentracing/opentracing-noop/0.31.0/opentracing-noop-0.31.0.jar:/home/user/.m2/repository/org/apache/hadoop/hadoop-hdds-server-framework/0.5.0-SNAPSHOT/hadoop-hdds-server-framework-0.5.0-SNAPSHOT.jar:/home/user/.m2/repository/org/apache/hadoop/hadoop-hdds-server-scm/0.5.0-SNAPSHOT/hadoop-hdds-server-scm-0.5.0-SNAPSHOT.jar:/home/user/.m2/repository/org/apache/hadoop/hadoop-hdds-container-service/0.5.0-SNAPSHOT/hadoop-hdds-container-service-0.5.0-SNAPSHOT.jar:/home/user/.m2/repository/org/apache/hadoop/hadoop-hdds-client/0.5.0-SNAPSHOT/hadoop-hdds-client-0.5.0-SNAPSHOT.jar:/home/user/.m2/repository/org/apache/hadoop/hadoop-hdds-tools/0.5.0-SNAPSHOT/hadoop-hdds-tools-0.5.0-SNAPSHOT.jar:/home/user/.m2/repository/org/apache/hadoop/hadoop-ozone-ozone-manager/0.5.0-SNAPSHOT/hadoop-ozone-ozone-manager-0.5.0-SNAPSHOT.jar:/home/user/.m2/repository/org/apache/hadoop/hadoop-hdds-docs/0.5.0-SNAPSHOT/hadoop-hdds-docs-0.5.0-SNAPSHOT.jar:/home/user/.m2/repository/org/bouncycastle/bcprov-jdk15on/1.60/bcprov-jdk15on-1.60.jar:/home/user/.m2/repository/org/apache/hadoop/hadoop-minikdc/3.2.0/hadoop-minikdc-3.2.0.jar:/home/user/.m2/repository/commons-io/commons-io/2.5/commons-io-2.5.jar:/home/user/.m2/repository/org/apache/kerby/kerb-simplekdc/1.0.1/kerb-simplekdc-1.0.1.jar:/home/user/.m2/repository/org/apache/kerby/kerb-client/1.0.1/kerb-client-1.0.1.jar:/home/user/.m2/repository/org/apache/kerby/kerby-config/1.0.1/kerby-config-1.0.1.jar:/home/user/.m2/repository/org/apache/kerby/kerb-core/1.0.1/kerb-core-1.0.1.jar:/home/user/.m2/repository/org/apache/kerby/kerby-pkix/1.0.1/kerby-pkix-1.0.1.jar:/home/user/.m2/repository/org/apache/kerby/kerby-asn1/1.0.1/kerby-asn1-1.0.1.jar:/home/user/.m2/repository/org/apache/kerby/kerby-util/1.0.1/kerby-util-1.0.1.jar:/home/user/.m2/repository/org/apache/kerby/kerb-common/1.0.1/kerb-common-1.0.1.jar:/home/user/.m2/repository/org/apache/kerby/kerb-crypto/1.0.1/kerb-crypto-1.0.1.jar:/home/user/.m2/repository/org/apache/kerby/kerb-util/1.0.1/kerb-util-1.0.1.jar:/home/user/.m2/repository/org/apache/kerby/token-provider/1.0.1/token-provider-1.0.1.jar:/home/user/.m2/repository/org/apache/kerby/kerb-admin/1.0.1/kerb-admin-1.0.1.jar:/home/user/.m2/repository/org/apache/kerby/kerb-server/1.0.1/kerb-server-1.0.1.jar:/home/user/.m2/repository/org/apache/kerby/kerb-identity/1.0.1/kerb-identity-1.0.1.jar:/home/user/.m2/repository/org/apache/kerby/kerby-xdr/1.0.1/kerby-xdr-1.0.1.jar:/home/user/.m2/repository/org/slf4j/slf4j-log4j12/1.7.25/slf4j-log4j12-1.7.25.jar:/home/user/.m2/repository/org/apache/hadoop/hadoop-ozone-objectstore-service/0.5.0-SNAPSHOT/hadoop-ozone-objectstore-service-0.5.0-SNAPSHOT.jar:/home/user/.m2/repository/org/apache/hadoop/hadoop-ozone-s3gateway/0.5.0-SNAPSHOT/hadoop-ozone-s3gateway-0.5.0-SNAPSHOT.jar:/home/user/.m2/repository/org/jboss/weld/servlet/weld-servlet/2.4.7.Final/weld-servlet-2.4.7.Final.jar:/home/user/.m2/repository/org/glassfish/jersey/containers/jersey-container-servlet-core/2.27/jersey-container-servlet-core-2.27.jar:/home/user/.m2/repository/org/glassfish/hk2/external/javax.inject/2.5.0-b42/javax.inject-2.5.0-b42.jar:/home/user/.m2/repository/org/glassfish/jersey/core/jersey-common/2.27/jersey-common-2.27.jar:/home/user/.m2/repository/org/glassfish/hk2/osgi-resource-locator/1.0.1/osgi-resource-locator-1.0.1.jar:/home/user/.m2/repository/javax/ws/rs/javax.ws.rs-api/2.1/javax.ws.rs-api-2.1.jar:/home/user/.m2/repository/org/glassfish/jersey/ext/cdi/jersey-cdi1x/2.27/jersey-cdi1x-2.27.jar:/home/user/.m2/repository/org/glassfish/jersey/inject/jersey-hk2/2.27/jersey-hk2-2.27.jar:/home/user/.m2/repository/org/glassfish/hk2/hk2-locator/2.5.0-b42/hk2-locator-2.5.0-b42.jar:/home/user/.m2/repository/org/javassist/javassist/3.22.0-CR2/javassist-3.22.0-CR2.jar:/home/user/.m2/repository/org/glassfish/hk2/hk2-api/2.5.0/hk2-api-2.5.0.jar:/home/user/.m2/repository/org/glassfish/hk2/external/jakarta.inject/2.5.0/jakarta.inject-2.5.0.jar:/home/user/.m2/repository/org/glassfish/hk2/hk2-utils/2.5.0/hk2-utils-2.5.0.jar:/home/user/.m2/repository/jakarta/annotation/jakarta.annotation-api/1.3.4/jakarta.annotation-api-1.3.4.jar:/home/user/.m2/repository/org/glassfish/hk2/external/aopalliance-repackaged/2.5.0/aopalliance-repackaged-2.5.0.jar:/home/user/.m2/repository/com/fasterxml/jackson/dataformat/jackson-dataformat-xml/2.9.0/jackson-dataformat-xml-2.9.0.jar:/home/user/.m2/repository/com/fasterxml/jackson/core/jackson-core/2.9.5/jackson-core-2.9.5.jar:/home/user/.m2/repository/com/fasterxml/jackson/module/jackson-module-jaxb-annotations/2.9.5/jackson-module-jaxb-annotations-2.9.5.jar:/home/user/.m2/repository/javax/enterprise/cdi-api/1.2/cdi-api-1.2.jar:/home/user/.m2/repository/javax/el/javax.el-api/3.0.0/javax.el-api-3.0.0.jar:/home/user/.m2/repository/javax/interceptor/javax.interceptor-api/1.2/javax.interceptor-api-1.2.jar:/home/user/.m2/repository/javax/inject/javax.inject/1/javax.inject-1.jar:/home/user/.m2/repository/com/sun/xml/bind/jaxb-impl/2.3.0.1/jaxb-impl-2.3.0.1.jar:/home/user/.m2/repository/com/sun/xml/bind/jaxb-core/2.3.0.1/jaxb-core-2.3.0.1.jar:/home/user/.m2/repository/javax/xml/bind/jaxb-api/2.3.0/jaxb-api-2.3.0.jar:/home/user/.m2/repository/javax/activation/activation/1.1.1/activation-1.1.1.jar:/home/user/.m2/repository/org/apache/hadoop/hadoop-ozone-csi/0.5.0-SNAPSHOT/hadoop-ozone-csi-0.5.0-SNAPSHOT.jar:/home/user/.m2/repository/com/google/protobuf/protobuf-java-util/3.5.1/protobuf-java-util-3.5.1.jar:/home/user/.m2/repository/org/apache/hadoop/hadoop-hdds-config/0.5.0-SNAPSHOT/hadoop-hdds-config-0.5.0-SNAPSHOT.jar:/home/user/.m2/repository/com/google/guava/guava/11.0.2/guava-11.0.2.jar:/home/user/.m2/repository/com/google/protobuf/protobuf-java/2.5.0/protobuf-java-2.5.0.jar:/home/user/.m2/repository/io/grpc/grpc-netty/1.17.1/grpc-netty-1.17.1.jar:/home/user/.m2/repository/io/grpc/grpc-core/1.17.1/grpc-core-1.17.1.jar:/home/user/.m2/repository/io/grpc/grpc-context/1.17.1/grpc-context-1.17.1.jar:/home/user/.m2/repository/com/google/errorprone/error_prone_annotations/2.2.0/error_prone_annotations-2.2.0.jar:/home/user/.m2/repository/org/codehaus/mojo/animal-sniffer-annotations/1.17/animal-sniffer-annotations-1.17.jar:/home/user/.m2/repository/io/opencensus/opencensus-api/0.17.0/opencensus-api-0.17.0.jar:/home/user/.m2/repository/io/opencensus/opencensus-contrib-grpc-metrics/0.17.0/opencensus-contrib-grpc-metrics-0.17.0.jar:/home/user/.m2/repository/io/netty/netty-codec-http2/4.1.30.Final/netty-codec-http2-4.1.30.Final.jar:/home/user/.m2/repository/io/netty/netty-codec-http/4.1.30.Final/netty-codec-http-4.1.30.Final.jar:/home/user/.m2/repository/io/netty/netty-codec/4.1.30.Final/netty-codec-4.1.30.Final.jar:/home/user/.m2/repository/io/netty/netty-handler/4.1.30.Final/netty-handler-4.1.30.Final.jar:/home/user/.m2/repository/io/netty/netty-handler-proxy/4.1.30.Final/netty-handler-proxy-4.1.30.Final.jar:/home/user/.m2/repository/io/netty/netty-codec-socks/4.1.30.Final/netty-codec-socks-4.1.30.Final.jar:/home/user/.m2/repository/io/netty/netty-transport-native-epoll/4.1.30.Final/netty-transport-native-epoll-4.1.30.Final.jar:/home/user/.m2/repository/io/netty/netty-common/4.1.30.Final/netty-common-4.1.30.Final.jar:/home/user/.m2/repository/io/netty/netty-buffer/4.1.30.Final/netty-buffer-4.1.30.Final.jar:/home/user/.m2/repository/io/netty/netty-transport/4.1.30.Final/netty-transport-4.1.30.Final.jar:/home/user/.m2/repository/io/netty/netty-resolver/4.1.30.Final/netty-resolver-4.1.30.Final.jar:/home/user/.m2/repository/io/netty/netty-transport-native-unix-common/4.1.30.Final/netty-transport-native-unix-common-4.1.30.Final.jar:/home/user/.m2/repository/io/grpc/grpc-protobuf/1.17.1/grpc-protobuf-1.17.1.jar:/home/user/.m2/repository/com/google/api/grpc/proto-google-common-protos/1.0.0/proto-google-common-protos-1.0.0.jar:/home/user/.m2/repository/io/grpc/grpc-protobuf-lite/1.17.1/grpc-protobuf-lite-1.17.1.jar:/home/user/.m2/repository/io/grpc/grpc-stub/1.17.1/grpc-stub-1.17.1.jar:/home/user/.m2/repository/org/apache/hadoop/hadoop-ozone-recon/0.5.0-SNAPSHOT/hadoop-ozone-recon-0.5.0-SNAPSHOT.jar:/home/user/.m2/repository/org/apache/hadoop/hadoop-ozone-reconcodegen/0.5.0-SNAPSHOT/hadoop-ozone-reconcodegen-0.5.0-SNAPSHOT.jar:/home/user/.m2/repository/com/google/inject/extensions/guice-multibindings/4.0/guice-multibindings-4.0.jar:/home/user/.m2/repository/com/google/inject/guice/4.0/guice-4.0.jar:/home/user/.m2/repository/aopalliance/aopalliance/1.0/aopalliance-1.0.jar:/home/user/.m2/repository/com/google/inject/extensions/guice-servlet/4.0/guice-servlet-4.0.jar:/home/user/.m2/repository/org/glassfish/jersey/containers/jersey-container-servlet/2.27/jersey-container-servlet-2.27.jar:/home/user/.m2/repository/org/glassfish/hk2/guice-bridge/2.5.0/guice-bridge-2.5.0.jar:/home/user/.m2/repository/org/glassfish/jersey/core/jersey-server/2.27/jersey-server-2.27.jar:/home/user/.m2/repository/org/glassfish/jersey/core/jersey-client/2.27/jersey-client-2.27.jar:/home/user/.m2/repository/org/glassfish/jersey/media/jersey-media-jaxb/2.27/jersey-media-jaxb-2.27.jar:/home/user/.m2/repository/javax/validation/validation-api/1.1.0.Final/validation-api-1.1.0.Final.jar:/home/user/.m2/repository/org/glassfish/jersey/media/jersey-media-json-jackson/2.27/jersey-media-json-jackson-2.27.jar:/home/user/.m2/repository/org/glassfish/jersey/ext/jersey-entity-filtering/2.27/jersey-entity-filtering-2.27.jar:/home/user/.m2/repository/com/google/inject/extensions/guice-assistedinject/4.0/guice-assistedinject-4.0.jar:/home/user/.m2/repository/org/jooq/jooq/3.11.10/jooq-3.11.10.jar:/home/user/.m2/repository/org/jooq/jooq-meta/3.11.10/jooq-meta-3.11.10.jar:/home/user/.m2/repository/org/jooq/jooq-codegen/3.11.10/jooq-codegen-3.11.10.jar:/home/user/.m2/repository/com/jolbox/bonecp/0.8.0.RELEASE/bonecp-0.8.0.RELEASE.jar:/home/user/.m2/repository/org/xerial/sqlite-jdbc/3.25.2/sqlite-jdbc-3.25.2.jar:/home/user/.m2/repository/org/springframework/spring-jdbc/5.1.3.RELEASE/spring-jdbc-5.1.3.RELEASE.jar:/home/user/.m2/repository/org/springframework/spring-beans/5.1.3.RELEASE/spring-beans-5.1.3.RELEASE.jar:/home/user/.m2/repository/org/springframework/spring-core/5.1.3.RELEASE/spring-core-5.1.3.RELEASE.jar:/home/user/.m2/repository/org/springframework/spring-jcl/5.1.3.RELEASE/spring-jcl-5.1.3.RELEASE.jar:/home/user/.m2/repository/org/springframework/spring-tx/5.1.3.RELEASE/spring-tx-5.1.3.RELEASE.jar:/home/user/.m2/repository/org/apache/hadoop/hadoop-ozone-client/0.5.0-SNAPSHOT/hadoop-ozone-client-0.5.0-SNAPSHOT.jar:/home/user/.m2/repository/org/apache/hadoop/hadoop-ozone-ozone-manager/0.5.0-SNAPSHOT/hadoop-ozone-ozone-manager-0.5.0-SNAPSHOT-tests.jar:/home/user/.m2/repository/junit/junit/4.11/junit-4.11.jar:/home/user/.m2/repository/org/hamcrest/hamcrest-core/1.3/hamcrest-core-1.3.jar:/home/user/.m2/repository/org/openjdk/jmh/jmh-core/1.19/jmh-core-1.19.jar:/home/user/.m2/repository/net/sf/jopt-simple/jopt-simple/4.6/jopt-simple-4.6.jar:/home/user/.m2/repository/org/apache/commons/commons-math3/3.1.1/commons-math3-3.1.1.jar:/home/user/.m2/repository/org/openjdk/jmh/jmh-generator-annprocess/1.19/jmh-generator-annprocess-1.19.jar:/home/user/.m2/repository/org/mockito/mockito-all/1.8.5/mockito-all-1.8.5.jar:/home/user/.m2/repository/org/apache/hadoop/hadoop-kms/3.2.0/hadoop-kms-3.2.0.jar:/home/user/.m2/repository/org/apache/hadoop/hadoop-auth/3.2.0/hadoop-auth-3.2.0.jar:/home/user/.m2/repository/com/nimbusds/nimbus-jose-jwt/4.41.1/nimbus-jose-jwt-4.41.1.jar:/home/user/.m2/repository/com/github/stephenc/jcip/jcip-annotations/1.0-1/jcip-annotations-1.0-1.jar:/home/user/.m2/repository/net/minidev/json-smart/2.3/json-smart-2.3.jar:/home/user/.m2/repository/net/minidev/accessors-smart/1.2/accessors-smart-1.2.jar:/home/user/.m2/repository/org/ow2/asm/asm/5.0.4/asm-5.0.4.jar:/home/user/.m2/repository/org/apache/curator/curator-framework/2.12.0/curator-framework-2.12.0.jar:/home/user/.m2/repository/com/sun/jersey/jersey-core/1.19/jersey-core-1.19.jar:/home/user/.m2/repository/javax/ws/rs/jsr311-api/1.1.1/jsr311-api-1.1.1.jar:/home/user/.m2/repository/com/sun/jersey/jersey-server/1.19/jersey-server-1.19.jar:/home/user/.m2/repository/javax/servlet/javax.servlet-api/3.1.0/javax.servlet-api-3.1.0.jar:/home/user/.m2/repository/org/eclipse/jetty/jetty-server/9.3.24.v20180605/jetty-server-9.3.24.v20180605.jar:/home/user/.m2/repository/org/eclipse/jetty/jetty-http/9.3.24.v20180605/jetty-http-9.3.24.v20180605.jar:/home/user/.m2/repository/org/eclipse/jetty/jetty-io/9.3.24.v20180605/jetty-io-9.3.24.v20180605.jar:/home/user/.m2/repository/org/eclipse/jetty/jetty-webapp/9.3.24.v20180605/jetty-webapp-9.3.24.v20180605.jar:/home/user/.m2/repository/org/eclipse/jetty/jetty-xml/9.3.24.v20180605/jetty-xml-9.3.24.v20180605.jar:/home/user/.m2/repository/log4j/log4j/1.2.17/log4j-1.2.17.jar:/home/user/.m2/repository/org/slf4j/slf4j-api/1.7.25/slf4j-api-1.7.25.jar:/home/user/.m2/repository/org/slf4j/jul-to-slf4j/1.7.25/jul-to-slf4j-1.7.25.jar:/home/user/.m2/repository/org/eclipse/jetty/jetty-util/9.3.24.v20180605/jetty-util-9.3.24.v20180605.jar:/home/user/.m2/repository/io/dropwizard/metrics/metrics-core/3.2.4/metrics-core-3.2.4.jar:/home/user/.m2/repository/com/fasterxml/jackson/core/jackson-databind/2.9.5/jackson-databind-2.9.5.jar:/home/user/.m2/repository/org/apache/hadoop/hadoop-kms/3.2.0/hadoop-kms-3.2.0-tests.jar:/home/user/.m2/repository/org/apache/hadoop/hadoop-hdds-server-scm/0.5.0-SNAPSHOT/hadoop-hdds-server-scm-0.5.0-SNAPSHOT-tests.jar:/home/user/.m2/repository/org/hamcrest/hamcrest-all/1.3/hamcrest-all-1.3.jar:/home/user/.m2/repository/info/picocli/picocli/3.9.6/picocli-3.9.6.jar:/home/user/.m2/repository/org/apache/hadoop/hadoop-hdds-container-service/0.5.0-SNAPSHOT/hadoop-hdds-container-service-0.5.0-SNAPSHOT-tests.jar:/home/user/.m2/repository/org/yaml/snakeyaml/1.16/snakeyaml-1.16.jar:/home/user/.m2/repository/org/apache/hadoop/hadoop-common/3.2.0/hadoop-common-3.2.0-tests.jar:/home/user/.m2/repository/org/apache/hadoop/hadoop-annotations/3.2.0/hadoop-annotations-3.2.0.jar:/usr/lib/jvm/java-1.8-openjdk/jre/../lib/tools.jar:/home/user/.m2/repository/commons-cli/commons-cli/1.2/commons-cli-1.2.jar:/home/user/.m2/repository/org/apache/httpcomponents/httpclient/4.5.2/httpclient-4.5.2.jar:/home/user/.m2/repository/org/apache/httpcomponents/httpcore/4.4.4/httpcore-4.4.4.jar:/home/user/.m2/repository/commons-codec/commons-codec/1.11/commons-codec-1.11.jar:/home/user/.m2/repository/commons-net/commons-net/3.6/commons-net-3.6.jar:/home/user/.m2/repository/commons-collections/commons-collections/3.2.2/commons-collections-3.2.2.jar:/home/user/.m2/repository/org/eclipse/jetty/jetty-servlet/9.3.24.v20180605/jetty-servlet-9.3.24.v20180605.jar:/home/user/.m2/repository/org/eclipse/jetty/jetty-security/9.3.24.v20180605/jetty-security-9.3.24.v20180605.jar:/home/user/.m2/repository/javax/servlet/jsp/jsp-api/2.1/jsp-api-2.1.jar:/home/user/.m2/repository/com/sun/jersey/jersey-servlet/1.19/jersey-servlet-1.19.jar:/home/user/.m2/repository/com/sun/jersey/jersey-json/1.19/jersey-json-1.19.jar:/home/user/.m2/repository/org/codehaus/jettison/jettison/1.1/jettison-1.1.jar:/home/user/.m2/repository/org/codehaus/jackson/jackson-core-asl/1.9.13/jackson-core-asl-1.9.13.jar:/home/user/.m2/repository/org/codehaus/jackson/jackson-mapper-asl/1.9.13/jackson-mapper-asl-1.9.13.jar:/home/user/.m2/repository/org/codehaus/jackson/jackson-jaxrs/1.9.13/jackson-jaxrs-1.9.13.jar:/home/user/.m2/repository/org/codehaus/jackson/jackson-xc/1.9.13/jackson-xc-1.9.13.jar:/home/user/.m2/repository/commons-logging/commons-logging/1.1.3/commons-logging-1.1.3.jar:/home/user/.m2/repository/commons-beanutils/commons-beanutils/1.9.3/commons-beanutils-1.9.3.jar:/home/user/.m2/repository/org/apache/commons/commons-configuration2/2.1.1/commons-configuration2-2.1.1.jar:/home/user/.m2/repository/org/apache/commons/commons-lang3/3.7/commons-lang3-3.7.jar:/home/user/.m2/repository/org/apache/commons/commons-text/1.4/commons-text-1.4.jar:/home/user/.m2/repository/org/apache/avro/avro/1.7.7/avro-1.7.7.jar:/home/user/.m2/repository/com/thoughtworks/paranamer/paranamer/2.3/paranamer-2.3.jar:/home/user/.m2/repository/org/xerial/snappy/snappy-java/1.0.5/snappy-java-1.0.5.jar:/home/user/.m2/repository/com/google/re2j/re2j/1.1/re2j-1.1.jar:/home/user/.m2/repository/com/google/code/gson/gson/2.2.4/gson-2.2.4.jar:/home/user/.m2/repository/com/jcraft/jsch/0.1.54/jsch-0.1.54.jar:/home/user/.m2/repository/org/apache/curator/curator-client/2.12.0/curator-client-2.12.0.jar:/home/user/.m2/repository/org/apache/curator/curator-recipes/2.12.0/curator-recipes-2.12.0.jar:/home/user/.m2/repository/com/google/code/findbugs/jsr305/3.0.0/jsr305-3.0.0.jar:/home/user/.m2/repository/org/apache/htrace/htrace-core4/4.1.0-incubating/htrace-core4-4.1.0-incubating.jar:/home/user/.m2/repository/org/apache/zookeeper/zookeeper/3.4.13/zookeeper-3.4.13.jar:/home/user/.m2/repository/org/apache/yetus/audience-annotations/0.5.0/audience-annotations-0.5.0.jar:/home/user/.m2/repository/org/codehaus/woodstox/stax2-api/3.1.4/stax2-api-3.1.4.jar:/home/user/.m2/repository/com/fasterxml/woodstox/woodstox-core/5.0.3/woodstox-core-5.0.3.jar:/home/user/.m2/repository/dnsjava/dnsjava/2.1.7/dnsjava-2.1.7.jar:/home/user/.m2/repository/org/apache/hadoop/hadoop-hdfs/3.2.0/hadoop-hdfs-3.2.0-tests.jar:/home/user/.m2/repository/org/eclipse/jetty/jetty-util-ajax/9.3.24.v20180605/jetty-util-ajax-9.3.24.v20180605.jar:/home/user/.m2/repository/commons-daemon/commons-daemon/1.0.13/commons-daemon-1.0.13.jar:/home/user/.m2/repository/io/netty/netty/3.10.5.Final/netty-3.10.5.Final.jar:/home/user/.m2/repository/io/netty/netty-all/4.0.52.Final/netty-all-4.0.52.Final.jar:/home/user/.m2/repository/org/fusesource/leveldbjni/leveldbjni-all/1.8/leveldbjni-all-1.8.jar:"/>
    <property name="sun.cpu.endian" value="little"/>
    <property name="user.home" value="/home/user"/>
    <property name="user.language" value="en"/>
    <property name="java.specification.vendor" value="Oracle Corporation"/>
    <property name="java.home" value="/usr/lib/jvm/java-1.8-openjdk/jre"/>
    <property name="java.security.krb5.conf" value="/opt/src/hadoop-ozone/integration-test/target/test-classes/krb5.conf"/>
    <property name="basedir" value="/opt/src/hadoop-ozone/integration-test"/>
    <property name="file.separator" value="/"/>
    <property name="line.separator" value="&#10;"/>
    <property name="java.vm.specification.vendor" value="Oracle Corporation"/>
    <property name="java.specification.name" value="Java Platform API Specification"/>
    <property name="java.awt.graphicsenv" value="sun.awt.X11GraphicsEnvironment"/>
    <property name="surefire.real.class.path" value="/opt/src/hadoop-ozone/integration-test/target/surefire/surefirebooter8105434133208293893.jar"/>
    <property name="hadoop.log.dir" value="/opt/src/hadoop-ozone/integration-test/target/log"/>
    <property name="sun.boot.class.path" value="/usr/lib/jvm/java-1.8-openjdk/jre/lib/resources.jar:/usr/lib/jvm/java-1.8-openjdk/jre/lib/rt.jar:/usr/lib/jvm/java-1.8-openjdk/jre/lib/sunrsasign.jar:/usr/lib/jvm/java-1.8-openjdk/jre/lib/jsse.jar:/usr/lib/jvm/java-1.8-openjdk/jre/lib/jce.jar:/usr/lib/jvm/java-1.8-openjdk/jre/lib/charsets.jar:/usr/lib/jvm/java-1.8-openjdk/jre/lib/jfr.jar:/usr/lib/jvm/java-1.8-openjdk/jre/classes"/>
    <property name="sun.management.compiler" value="HotSpot 64-Bit Tiered Compilers"/>
    <property name="java.runtime.version" value="1.8.0_212-b04"/>
    <property name="java.net.preferIPv4Stack" value="true"/>
    <property name="user.name" value="jenkins1000"/>
    <property name="path.separator" value=":"/>
    <property name="java.security.egd" value="file:///dev/urandom"/>
    <property name="os.version" value="4.15.0-1021-aws"/>
    <property name="java.endorsed.dirs" value="/usr/lib/jvm/java-1.8-openjdk/jre/lib/endorsed"/>
    <property name="java.runtime.name" value="OpenJDK Runtime Environment"/>
    <property name="file.encoding" value="UTF-8"/>
    <property name="java.vm.name" value="OpenJDK 64-Bit Server VM"/>
    <property name="test.build.webapps" value=""/>
    <property name="localRepository" value="/home/user/.m2/repository"/>
    <property name="java.vendor.url.bug" value="https://icedtea.classpath.org/bugzilla"/>
    <property name="java.io.tmpdir" value="/tmp"/>
    <property name="require.test.libhadoop" value=""/>
    <property name="java.version" value="1.8.0_212"/>
    <property name="user.dir" value="/opt/src/hadoop-ozone/integration-test"/>
    <property name="os.arch" value="amd64"/>
    <property name="java.vm.specification.name" value="Java Virtual Machine Specification"/>
    <property name="test.build.classes" value="/opt/src/hadoop-ozone/integration-test/target/test-classes"/>
    <property name="java.awt.printerjob" value="sun.print.PSPrinterJob"/>
    <property name="sun.os.patch.level" value="unknown"/>
    <property name="hadoop.tmp.dir" value="/opt/src/hadoop-ozone/integration-test/target/tmp"/>
    <property name="java.library.path" value="/usr/lib/jvm/java-1.8-openjdk/jre/lib/amd64/server:/usr/lib/jvm/java-1.8-openjdk/jre/lib/amd64:/usr/lib/jvm/java-1.8-openjdk/jre/../lib/amd64:/opt/src/hadoop-ozone/integration-test/target/native/target/usr/local/lib:/opt/src/hadoop-ozone/integration-test/../../hadoop-common-project/hadoop-common/target/native/target/usr/local/lib:/usr/java/packages/lib/amd64:/usr/lib64:/lib64:/lib:/usr/lib"/>
    <property name="java.vm.info" value="mixed mode"/>
    <property name="java.vendor" value="IcedTea"/>
    <property name="java.vm.version" value="25.212-b04"/>
    <property name="java.ext.dirs" value="/usr/lib/jvm/java-1.8-openjdk/jre/lib/ext:/usr/java/packages/lib/ext"/>
    <property name="sun.io.unicode.encoding" value="UnicodeLittle"/>
    <property name="java.class.version" value="52.0"/>
  </properties>
  <testcase name="testBlockDeletion" classname="org.apache.hadoop.ozone.container.common.statemachine.commandhandler.TestBlockDeletion" time="49.25">
    <failure message="expected null, but was:&lt;[B@58b311ba&gt;" type="java.lang.AssertionError"><![CDATA[java.lang.AssertionError: expected null, but was:<[B@58b311ba>
	at org.junit.Assert.fail(Assert.java:88)
	at org.junit.Assert.failNotNull(Assert.java:664)
	at org.junit.Assert.assertNull(Assert.java:646)
	at org.junit.Assert.assertNull(Assert.java:656)
	at org.apache.hadoop.ozone.container.common.statemachine.commandhandler.TestBlockDeletion.lambda$verifyBlocksDeleted$3(TestBlockDeletion.java:323)
	at org.apache.hadoop.ozone.OzoneTestUtils.performOperationOnKeyContainers(OzoneTestUtils.java:96)
	at org.apache.hadoop.ozone.container.common.statemachine.commandhandler.TestBlockDeletion.verifyBlocksDeleted(TestBlockDeletion.java:317)
	at org.apache.hadoop.ozone.container.common.statemachine.commandhandler.TestBlockDeletion.testBlockDeletion(TestBlockDeletion.java:177)
	at sun.reflect.NativeMethodAccessorImpl.invoke0(Native Method)
	at sun.reflect.NativeMethodAccessorImpl.invoke(NativeMethodAccessorImpl.java:62)
	at sun.reflect.DelegatingMethodAccessorImpl.invoke(DelegatingMethodAccessorImpl.java:43)
	at java.lang.reflect.Method.invoke(Method.java:498)
	at org.junit.runners.model.FrameworkMethod$1.runReflectiveCall(FrameworkMethod.java:47)
	at org.junit.internal.runners.model.ReflectiveCallable.run(ReflectiveCallable.java:12)
	at org.junit.runners.model.FrameworkMethod.invokeExplosively(FrameworkMethod.java:44)
	at org.junit.internal.runners.statements.InvokeMethod.evaluate(InvokeMethod.java:17)
	at org.junit.runners.ParentRunner.runLeaf(ParentRunner.java:271)
	at org.junit.runners.BlockJUnit4ClassRunner.runChild(BlockJUnit4ClassRunner.java:70)
	at org.junit.runners.BlockJUnit4ClassRunner.runChild(BlockJUnit4ClassRunner.java:50)
	at org.junit.runners.ParentRunner$3.run(ParentRunner.java:238)
	at org.junit.runners.ParentRunner$1.schedule(ParentRunner.java:63)
	at org.junit.runners.ParentRunner.runChildren(ParentRunner.java:236)
	at org.junit.runners.ParentRunner.access$000(ParentRunner.java:53)
	at org.junit.runners.ParentRunner$2.evaluate(ParentRunner.java:229)
	at org.junit.internal.runners.statements.RunBefores.evaluate(RunBefores.java:26)
	at org.junit.runners.ParentRunner.run(ParentRunner.java:309)
	at org.apache.maven.surefire.junit4.JUnit4Provider.execute(JUnit4Provider.java:365)
	at org.apache.maven.surefire.junit4.JUnit4Provider.executeWithRerun(JUnit4Provider.java:273)
	at org.apache.maven.surefire.junit4.JUnit4Provider.executeTestSet(JUnit4Provider.java:238)
	at org.apache.maven.surefire.junit4.JUnit4Provider.invoke(JUnit4Provider.java:159)
	at org.apache.maven.surefire.booter.ForkedBooter.invokeProviderInSameClassLoader(ForkedBooter.java:384)
	at org.apache.maven.surefire.booter.ForkedBooter.runSuitesInProcess(ForkedBooter.java:345)
	at org.apache.maven.surefire.booter.ForkedBooter.execute(ForkedBooter.java:126)
	at org.apache.maven.surefire.booter.ForkedBooter.main(ForkedBooter.java:418)
]]></failure>
    <system-out><![CDATA[2019-06-15 10:52:43,368 WARN  server.ServerUtils (ServerUtils.java:getScmDbDir(145)) - ozone.scm.db.dirs is not configured. We recommend adding this setting. Falling back to ozone.metadata.dirs instead.
2019-06-15 10:52:43,427 WARN  server.ServerUtils (ServerUtils.java:getScmDbDir(145)) - ozone.scm.db.dirs is not configured. We recommend adding this setting. Falling back to ozone.metadata.dirs instead.
2019-06-15 10:52:43,430 WARN  server.ServerUtils (ServerUtils.java:getScmDbDir(145)) - ozone.scm.db.dirs is not configured. We recommend adding this setting. Falling back to ozone.metadata.dirs instead.
2019-06-15 10:52:43,441 INFO  util.log (Log.java:initialized(192)) - Logging initialized @655ms
2019-06-15 10:52:43,518 INFO  db.DBStoreBuilder (DBStoreBuilder.java:addTable(110)) - using custom profile for table: deletedBlocks
2019-06-15 10:52:43,519 INFO  db.DBStoreBuilder (DBStoreBuilder.java:processTables(161)) - Using default column profile:DBProfile.DISK for Table:deletedBlocks
2019-06-15 10:52:43,519 INFO  db.DBStoreBuilder (DBStoreBuilder.java:addTable(110)) - using custom profile for table: validCerts
2019-06-15 10:52:43,519 INFO  db.DBStoreBuilder (DBStoreBuilder.java:processTables(161)) - Using default column profile:DBProfile.DISK for Table:validCerts
2019-06-15 10:52:43,519 INFO  db.DBStoreBuilder (DBStoreBuilder.java:addTable(110)) - using custom profile for table: revokedCerts
2019-06-15 10:52:43,519 INFO  db.DBStoreBuilder (DBStoreBuilder.java:processTables(161)) - Using default column profile:DBProfile.DISK for Table:revokedCerts
2019-06-15 10:52:43,528 INFO  db.DBStoreBuilder (DBStoreBuilder.java:addTable(110)) - using custom profile for table: default
2019-06-15 10:52:43,528 INFO  db.DBStoreBuilder (DBStoreBuilder.java:processTables(167)) - Using default column profile:DBProfile.DISK for Table:default
2019-06-15 10:52:43,530 INFO  db.DBStoreBuilder (DBStoreBuilder.java:getDbProfile(198)) - Using default options. DBProfile.DISK
2019-06-15 10:52:43,580 INFO  net.NodeSchemaLoader (NodeSchemaLoader.java:loadSchemaFromFile(125)) - Loading file from sun.misc.CompoundEnumeration@72057ecf
2019-06-15 10:52:43,581 INFO  net.NodeSchemaLoader (NodeSchemaLoader.java:loadSchema(171)) - Loading network topology layer schema file
2019-06-15 10:52:43,630 INFO  node.SCMNodeManager (SCMNodeManager.java:<init>(119)) - Entering startup safe mode.
2019-06-15 10:52:43,697 WARN  server.ServerUtils (ServerUtils.java:getScmDbDir(145)) - ozone.scm.db.dirs is not configured. We recommend adding this setting. Falling back to ozone.metadata.dirs instead.
2019-06-15 10:52:43,716 INFO  pipeline.SCMPipelineManager (SCMPipelineManager.java:initializePipelineState(126)) - No pipeline exists in current db
2019-06-15 10:52:43,718 WARN  server.ServerUtils (ServerUtils.java:getScmDbDir(145)) - ozone.scm.db.dirs is not configured. We recommend adding this setting. Falling back to ozone.metadata.dirs instead.
2019-06-15 10:52:43,767 WARN  events.EventQueue (EventQueue.java:fireEvent(175)) - No event handler registered for event TypedEvent{payloadType=SafeModeStatus, name='SafeModeStatus'}
2019-06-15 10:52:44,016 INFO  ipc.CallQueueManager (CallQueueManager.java:<init>(84)) - Using callQueue: class java.util.concurrent.LinkedBlockingQueue, queueCapacity: 2000, scheduler: class org.apache.hadoop.ipc.DefaultRpcScheduler, ipcBackoff: false.
2019-06-15 10:52:44,037 INFO  ipc.Server (Server.java:run(1074)) - Starting Socket Reader #1 for port 35335
2019-06-15 10:52:44,080 INFO  ipc.CallQueueManager (CallQueueManager.java:<init>(84)) - Using callQueue: class java.util.concurrent.LinkedBlockingQueue, queueCapacity: 2000, scheduler: class org.apache.hadoop.ipc.DefaultRpcScheduler, ipcBackoff: false.
2019-06-15 10:52:44,080 INFO  ipc.Server (Server.java:run(1074)) - Starting Socket Reader #1 for port 43669
2019-06-15 10:52:44,086 INFO  ipc.CallQueueManager (CallQueueManager.java:<init>(84)) - Using callQueue: class java.util.concurrent.LinkedBlockingQueue, queueCapacity: 2000, scheduler: class org.apache.hadoop.ipc.DefaultRpcScheduler, ipcBackoff: false.
2019-06-15 10:52:44,086 INFO  ipc.Server (Server.java:run(1074)) - Starting Socket Reader #1 for port 35485
2019-06-15 10:52:44,151 INFO  hdfs.DFSUtil (DFSUtil.java:httpServerTemplateForNNAndJN(1641)) - Starting Web-server for scm at: http://0.0.0.0:0
2019-06-15 10:52:44,256 INFO  server.AuthenticationFilter (AuthenticationFilter.java:constructSecretProvider(240)) - Unable to initialize FileSignerSecretProvider, falling back to use random secrets.
2019-06-15 10:52:44,261 WARN  http.HttpRequestLog (HttpRequestLog.java:getRequestLog(97)) - Jetty request log can only be enabled using Log4j
2019-06-15 10:52:44,268 INFO  http.HttpServer2 (HttpServer2.java:addGlobalFilter(975)) - Added global filter 'safety' (class=org.apache.hadoop.http.HttpServer2$QuotingInputFilter)
2019-06-15 10:52:44,271 INFO  http.HttpServer2 (HttpServer2.java:addFilter(948)) - Added filter static_user_filter (class=org.apache.hadoop.http.lib.StaticUserWebFilter$StaticUserFilter) to context scm
2019-06-15 10:52:44,271 INFO  http.HttpServer2 (HttpServer2.java:addFilter(958)) - Added filter static_user_filter (class=org.apache.hadoop.http.lib.StaticUserWebFilter$StaticUserFilter) to context logs
2019-06-15 10:52:44,271 INFO  http.HttpServer2 (HttpServer2.java:addFilter(958)) - Added filter static_user_filter (class=org.apache.hadoop.http.lib.StaticUserWebFilter$StaticUserFilter) to context static
2019-06-15 10:52:44,295 INFO  server.StorageContainerManager (StorageContainerManager.java:start(753)) - StorageContainerLocationProtocol RPC server is listening at /0.0.0.0:35485
2019-06-15 10:52:44,341 WARN  impl.MetricsConfig (MetricsConfig.java:loadFirst(134)) - Cannot locate configuration: tried hadoop-metrics2-storagecontainermanager.properties,hadoop-metrics2.properties
2019-06-15 10:52:44,354 INFO  impl.MetricsSystemImpl (MetricsSystemImpl.java:startTimer(374)) - Scheduled Metric snapshot period at 10 second(s).
2019-06-15 10:52:44,354 INFO  impl.MetricsSystemImpl (MetricsSystemImpl.java:start(191)) - StorageContainerManager metrics system started
2019-06-15 10:52:44,526 INFO  server.SCMClientProtocolServer (SCMClientProtocolServer.java:start(149)) - RPC server for Client  is listening at /0.0.0.0:35485
2019-06-15 10:52:44,526 INFO  ipc.Server (Server.java:run(1314)) - IPC Server Responder: starting
2019-06-15 10:52:44,527 INFO  ipc.Server (Server.java:run(1153)) - IPC Server listener on 35485: starting
2019-06-15 10:52:44,530 INFO  server.StorageContainerManager (StorageContainerManager.java:start(762)) - ScmBlockLocationProtocol RPC server is listening at /0.0.0.0:43669
2019-06-15 10:52:44,530 INFO  server.SCMBlockProtocolServer (SCMBlockProtocolServer.java:start(137)) - RPC server for Block Protocol is listening at /0.0.0.0:43669
2019-06-15 10:52:44,530 INFO  ipc.Server (Server.java:run(1314)) - IPC Server Responder: starting
2019-06-15 10:52:44,530 INFO  ipc.Server (Server.java:run(1153)) - IPC Server listener on 43669: starting
2019-06-15 10:52:44,532 INFO  server.StorageContainerManager (StorageContainerManager.java:start(766)) - ScmDatanodeProtocl RPC server is listening at /0.0.0.0:35335
2019-06-15 10:52:44,532 INFO  server.SCMDatanodeProtocolServer (SCMDatanodeProtocolServer.java:start(191)) - RPC server for DataNodes is listening at /0.0.0.0:35335
2019-06-15 10:52:44,533 INFO  ipc.Server (Server.java:run(1314)) - IPC Server Responder: starting
2019-06-15 10:52:44,533 INFO  ipc.Server (Server.java:run(1153)) - IPC Server listener on 35335: starting
2019-06-15 10:52:44,536 INFO  http.HttpServer2 (HttpServer2.java:bindListener(1191)) - Jetty bound to port 43829
2019-06-15 10:52:44,538 INFO  server.Server (Server.java:doStart(351)) - jetty-9.3.24.v20180605, build timestamp: 2018-06-05T17:11:56Z, git hash: 84205aa28f11a4f31f2a3b86d1bba2cc8ab69827
2019-06-15 10:52:44,567 INFO  handler.ContextHandler (ContextHandler.java:doStart(781)) - Started o.e.j.s.ServletContextHandler@736caf7a{/logs,file:///opt/src/hadoop-ozone/integration-test/target/log,AVAILABLE}
2019-06-15 10:52:44,567 INFO  handler.ContextHandler (ContextHandler.java:doStart(781)) - Started o.e.j.s.ServletContextHandler@497486b3{/static,file:///opt/src/hadoop-ozone/integration-test/target/test-classes/webapps/static,AVAILABLE}
2019-06-15 10:52:44,592 INFO  handler.ContextHandler (ContextHandler.java:doStart(781)) - Started o.e.j.w.WebAppContext@3f23a3a0{/,file:///opt/src/hadoop-ozone/integration-test/target/test-classes/webapps/scm/,AVAILABLE}{/scm}
2019-06-15 10:52:44,596 INFO  server.AbstractConnector (AbstractConnector.java:doStart(278)) - Started ServerConnector@6c6357f9{HTTP/1.1,[http/1.1]}{0.0.0.0:43829}
2019-06-15 10:52:44,597 INFO  server.Server (Server.java:doStart(419)) - Started @1810ms
2019-06-15 10:52:44,597 INFO  server.BaseHttpServer (BaseHttpServer.java:updateConnectorAddress(207)) - HTTP server of SCM is listening at http://0.0.0.0:43829
2019-06-15 10:52:44,601 DEBUG block.SCMBlockDeletingService (SCMBlockDeletingService.java:call(138)) - Running DeletedBlockTransactionScanner
2019-06-15 10:52:44,605 WARN  scm.ScmUtils (ScmUtils.java:getDBPath(63)) - ozone.om.db.dirs is not configured. We recommend adding this setting. Falling back to ozone.metadata.dirs instead.
2019-06-15 10:52:44,606 INFO  util.JvmPauseMonitor (JvmPauseMonitor.java:run(188)) - Starting JVM pause monitor
2019-06-15 10:52:44,609 DEBUG block.SCMBlockDeletingService (SCMBlockDeletingService.java:call(155)) - Scanned deleted blocks log and got 0 delTX to process.
2019-06-15 10:52:44,679 WARN  scm.ScmUtils (ScmUtils.java:getDBPath(63)) - ozone.om.db.dirs is not configured. We recommend adding this setting. Falling back to ozone.metadata.dirs instead.
2019-06-15 10:52:44,680 INFO  om.OzoneManager (OzoneManager.java:setOMNodeDetails(532)) - OM Service ID is not set. Setting it to the default ID: omServiceIdDefault
2019-06-15 10:52:44,680 INFO  om.OzoneManager (OzoneManager.java:setOMNodeDetails(538)) - OM Node ID is not set. Setting it to the OmStorage's OmID: ed9f7a38-d57c-4ad0-b144-1ab1f6f9cb27
2019-06-15 10:52:44,682 WARN  scm.HddsServerUtil (HddsServerUtil.java:getDefaultRatisDirectory(354)) - Storage directory for Ratis is not configured. It is a good idea to map this to an SSD disk. Falling back to ozone.metadata.dirs
2019-06-15 10:52:44,682 WARN  scm.HddsServerUtil (HddsServerUtil.java:getDefaultRatisDirectory(354)) - Storage directory for Ratis is not configured. It is a good idea to map this to an SSD disk. Falling back to ozone.metadata.dirs
2019-06-15 10:52:44,683 INFO  om.OzoneManager (OzoneManager.java:loadOMHAConfigs(489)) - Found matching OM address with OMServiceId: null, OMNodeId: null, RPC Address: localhost:0 and Ratis port: 9872
2019-06-15 10:52:44,711 DEBUG block.SCMBlockDeletingService (SCMBlockDeletingService.java:call(138)) - Running DeletedBlockTransactionScanner
2019-06-15 10:52:44,711 DEBUG block.SCMBlockDeletingService (SCMBlockDeletingService.java:call(155)) - Scanned deleted blocks log and got 0 delTX to process.
2019-06-15 10:52:44,812 DEBUG block.SCMBlockDeletingService (SCMBlockDeletingService.java:call(138)) - Running DeletedBlockTransactionScanner
2019-06-15 10:52:44,812 DEBUG block.SCMBlockDeletingService (SCMBlockDeletingService.java:call(155)) - Scanned deleted blocks log and got 0 delTX to process.
2019-06-15 10:52:44,854 WARN  scm.ScmUtils (ScmUtils.java:getDBPath(63)) - ozone.om.db.dirs is not configured. We recommend adding this setting. Falling back to ozone.metadata.dirs instead.
2019-06-15 10:52:44,860 INFO  db.DBStoreBuilder (DBStoreBuilder.java:addTable(110)) - using custom profile for table: userTable
2019-06-15 10:52:44,860 INFO  db.DBStoreBuilder (DBStoreBuilder.java:processTables(161)) - Using default column profile:DBProfile.DISK for Table:userTable
2019-06-15 10:52:44,860 INFO  db.DBStoreBuilder (DBStoreBuilder.java:addTable(110)) - using custom profile for table: volumeTable
2019-06-15 10:52:44,860 INFO  db.DBStoreBuilder (DBStoreBuilder.java:processTables(161)) - Using default column profile:DBProfile.DISK for Table:volumeTable
2019-06-15 10:52:44,861 INFO  db.DBStoreBuilder (DBStoreBuilder.java:addTable(110)) - using custom profile for table: bucketTable
2019-06-15 10:52:44,861 INFO  db.DBStoreBuilder (DBStoreBuilder.java:processTables(161)) - Using default column profile:DBProfile.DISK for Table:bucketTable
2019-06-15 10:52:44,861 INFO  db.DBStoreBuilder (DBStoreBuilder.java:addTable(110)) - using custom profile for table: keyTable
2019-06-15 10:52:44,861 INFO  db.DBStoreBuilder (DBStoreBuilder.java:processTables(161)) - Using default column profile:DBProfile.DISK for Table:keyTable
2019-06-15 10:52:44,861 INFO  db.DBStoreBuilder (DBStoreBuilder.java:addTable(110)) - using custom profile for table: deletedTable
2019-06-15 10:52:44,862 INFO  db.DBStoreBuilder (DBStoreBuilder.java:processTables(161)) - Using default column profile:DBProfile.DISK for Table:deletedTable
2019-06-15 10:52:44,862 INFO  db.DBStoreBuilder (DBStoreBuilder.java:addTable(110)) - using custom profile for table: openKeyTable
2019-06-15 10:52:44,862 INFO  db.DBStoreBuilder (DBStoreBuilder.java:processTables(161)) - Using default column profile:DBProfile.DISK for Table:openKeyTable
2019-06-15 10:52:44,862 INFO  db.DBStoreBuilder (DBStoreBuilder.java:addTable(110)) - using custom profile for table: s3Table
2019-06-15 10:52:44,862 INFO  db.DBStoreBuilder (DBStoreBuilder.java:processTables(161)) - Using default column profile:DBProfile.DISK for Table:s3Table
2019-06-15 10:52:44,862 INFO  db.DBStoreBuilder (DBStoreBuilder.java:addTable(110)) - using custom profile for table: multipartInfoTable
2019-06-15 10:52:44,863 INFO  db.DBStoreBuilder (DBStoreBuilder.java:processTables(161)) - Using default column profile:DBProfile.DISK for Table:multipartInfoTable
2019-06-15 10:52:44,863 INFO  db.DBStoreBuilder (DBStoreBuilder.java:addTable(110)) - using custom profile for table: dTokenTable
2019-06-15 10:52:44,863 INFO  db.DBStoreBuilder (DBStoreBuilder.java:processTables(161)) - Using default column profile:DBProfile.DISK for Table:dTokenTable
2019-06-15 10:52:44,864 INFO  db.DBStoreBuilder (DBStoreBuilder.java:addTable(110)) - using custom profile for table: s3SecretTable
2019-06-15 10:52:44,864 INFO  db.DBStoreBuilder (DBStoreBuilder.java:processTables(161)) - Using default column profile:DBProfile.DISK for Table:s3SecretTable
2019-06-15 10:52:44,864 INFO  db.DBStoreBuilder (DBStoreBuilder.java:addTable(110)) - using custom profile for table: prefixTable
2019-06-15 10:52:44,864 INFO  db.DBStoreBuilder (DBStoreBuilder.java:processTables(161)) - Using default column profile:DBProfile.DISK for Table:prefixTable
2019-06-15 10:52:44,865 INFO  db.DBStoreBuilder (DBStoreBuilder.java:addTable(110)) - using custom profile for table: default
2019-06-15 10:52:44,865 INFO  db.DBStoreBuilder (DBStoreBuilder.java:processTables(167)) - Using default column profile:DBProfile.DISK for Table:default
2019-06-15 10:52:44,865 INFO  db.DBStoreBuilder (DBStoreBuilder.java:getDbProfile(198)) - Using default options. DBProfile.DISK
2019-06-15 10:52:44,912 DEBUG block.SCMBlockDeletingService (SCMBlockDeletingService.java:call(138)) - Running DeletedBlockTransactionScanner
2019-06-15 10:52:44,913 DEBUG block.SCMBlockDeletingService (SCMBlockDeletingService.java:call(155)) - Scanned deleted blocks log and got 0 delTX to process.
2019-06-15 10:52:45,013 DEBUG block.SCMBlockDeletingService (SCMBlockDeletingService.java:call(138)) - Running DeletedBlockTransactionScanner
2019-06-15 10:52:45,013 DEBUG block.SCMBlockDeletingService (SCMBlockDeletingService.java:call(155)) - Scanned deleted blocks log and got 0 delTX to process.
2019-06-15 10:52:45,114 DEBUG block.SCMBlockDeletingService (SCMBlockDeletingService.java:call(138)) - Running DeletedBlockTransactionScanner
2019-06-15 10:52:45,114 DEBUG block.SCMBlockDeletingService (SCMBlockDeletingService.java:call(155)) - Scanned deleted blocks log and got 0 delTX to process.
2019-06-15 10:52:45,215 DEBUG block.SCMBlockDeletingService (SCMBlockDeletingService.java:call(138)) - Running DeletedBlockTransactionScanner
2019-06-15 10:52:45,215 DEBUG block.SCMBlockDeletingService (SCMBlockDeletingService.java:call(155)) - Scanned deleted blocks log and got 0 delTX to process.
2019-06-15 10:52:45,316 DEBUG block.SCMBlockDeletingService (SCMBlockDeletingService.java:call(138)) - Running DeletedBlockTransactionScanner
2019-06-15 10:52:45,316 DEBUG block.SCMBlockDeletingService (SCMBlockDeletingService.java:call(155)) - Scanned deleted blocks log and got 0 delTX to process.
2019-06-15 10:52:45,339 INFO  ipc.CallQueueManager (CallQueueManager.java:<init>(84)) - Using callQueue: class java.util.concurrent.LinkedBlockingQueue, queueCapacity: 2000, scheduler: class org.apache.hadoop.ipc.DefaultRpcScheduler, ipcBackoff: false.
2019-06-15 10:52:45,339 INFO  ipc.Server (Server.java:run(1074)) - Starting Socket Reader #1 for port 40575
2019-06-15 10:52:45,362 WARN  scm.ScmUtils (ScmUtils.java:getDBPath(63)) - ozone.om.db.dirs is not configured. We recommend adding this setting. Falling back to ozone.metadata.dirs instead.
2019-06-15 10:52:45,362 INFO  om.OzoneManager (OzoneManager.java:start(1230)) - OzoneManager RPC server is listening at localhost/127.0.0.1:40575
2019-06-15 10:52:45,362 INFO  impl.MetricsSystemImpl (MetricsSystemImpl.java:init(158)) - OzoneManager metrics system started (again)
2019-06-15 10:52:45,363 INFO  ipc.Server (Server.java:run(1314)) - IPC Server Responder: starting
2019-06-15 10:52:45,364 INFO  ipc.Server (Server.java:run(1153)) - IPC Server listener on 40575: starting
2019-06-15 10:52:45,415 INFO  hdfs.DFSUtil (DFSUtil.java:httpServerTemplateForNNAndJN(1641)) - Starting Web-server for ozoneManager at: http://0.0.0.0:0
2019-06-15 10:52:45,416 INFO  server.AuthenticationFilter (AuthenticationFilter.java:constructSecretProvider(240)) - Unable to initialize FileSignerSecretProvider, falling back to use random secrets.
2019-06-15 10:52:45,416 WARN  http.HttpRequestLog (HttpRequestLog.java:getRequestLog(97)) - Jetty request log can only be enabled using Log4j
2019-06-15 10:52:45,416 DEBUG block.SCMBlockDeletingService (SCMBlockDeletingService.java:call(138)) - Running DeletedBlockTransactionScanner
2019-06-15 10:52:45,417 DEBUG block.SCMBlockDeletingService (SCMBlockDeletingService.java:call(155)) - Scanned deleted blocks log and got 0 delTX to process.
2019-06-15 10:52:45,418 INFO  http.HttpServer2 (HttpServer2.java:addGlobalFilter(975)) - Added global filter 'safety' (class=org.apache.hadoop.http.HttpServer2$QuotingInputFilter)
2019-06-15 10:52:45,418 INFO  http.HttpServer2 (HttpServer2.java:addFilter(948)) - Added filter static_user_filter (class=org.apache.hadoop.http.lib.StaticUserWebFilter$StaticUserFilter) to context ozoneManager
2019-06-15 10:52:45,418 INFO  http.HttpServer2 (HttpServer2.java:addFilter(958)) - Added filter static_user_filter (class=org.apache.hadoop.http.lib.StaticUserWebFilter$StaticUserFilter) to context static
2019-06-15 10:52:45,419 INFO  http.HttpServer2 (HttpServer2.java:addFilter(958)) - Added filter static_user_filter (class=org.apache.hadoop.http.lib.StaticUserWebFilter$StaticUserFilter) to context logs
2019-06-15 10:52:45,420 INFO  http.HttpServer2 (HttpServer2.java:bindListener(1191)) - Jetty bound to port 40981
2019-06-15 10:52:45,420 INFO  server.Server (Server.java:doStart(351)) - jetty-9.3.24.v20180605, build timestamp: 2018-06-05T17:11:56Z, git hash: 84205aa28f11a4f31f2a3b86d1bba2cc8ab69827
2019-06-15 10:52:45,421 INFO  handler.ContextHandler (ContextHandler.java:doStart(781)) - Started o.e.j.s.ServletContextHandler@7c8326a4{/logs,file:///opt/src/hadoop-ozone/integration-test/target/log,AVAILABLE}
2019-06-15 10:52:45,422 INFO  handler.ContextHandler (ContextHandler.java:doStart(781)) - Started o.e.j.s.ServletContextHandler@63429932{/static,file:///opt/src/hadoop-ozone/integration-test/target/test-classes/webapps/static,AVAILABLE}
2019-06-15 10:52:45,425 INFO  handler.ContextHandler (ContextHandler.java:doStart(781)) - Started o.e.j.w.WebAppContext@72458efc{/,file:///opt/src/hadoop-ozone/integration-test/target/test-classes/webapps/ozoneManager/,AVAILABLE}{/ozoneManager}
2019-06-15 10:52:45,426 INFO  server.AbstractConnector (AbstractConnector.java:doStart(278)) - Started ServerConnector@36bc415e{HTTP/1.1,[http/1.1]}{0.0.0.0:40981}
2019-06-15 10:52:45,426 INFO  server.Server (Server.java:doStart(419)) - Started @2640ms
2019-06-15 10:52:45,427 INFO  server.BaseHttpServer (BaseHttpServer.java:updateConnectorAddress(207)) - HTTP server of OZONEMANAGER is listening at http://0.0.0.0:40981
2019-06-15 10:52:45,517 DEBUG block.SCMBlockDeletingService (SCMBlockDeletingService.java:call(138)) - Running DeletedBlockTransactionScanner
2019-06-15 10:52:45,517 DEBUG block.SCMBlockDeletingService (SCMBlockDeletingService.java:call(155)) - Scanned deleted blocks log and got 0 delTX to process.
2019-06-15 10:52:45,539 INFO  impl.MetricsSystemImpl (MetricsSystemImpl.java:init(158)) - HddsDatanode metrics system started (again)
2019-06-15 10:52:45,618 DEBUG block.SCMBlockDeletingService (SCMBlockDeletingService.java:call(138)) - Running DeletedBlockTransactionScanner
2019-06-15 10:52:45,618 DEBUG block.SCMBlockDeletingService (SCMBlockDeletingService.java:call(155)) - Scanned deleted blocks log and got 0 delTX to process.
2019-06-15 10:52:45,669 INFO  ozone.HddsDatanodeService (HddsDatanodeService.java:start(185)) - HddsDatanodeService host:ozone-unit-076618677d3-vlkcl-536080588 ip:192.168.134.89
2019-06-15 10:52:45,691 INFO  volume.HddsVolume (HddsVolume.java:<init>(176)) - Creating Volume: /opt/src/hadoop-ozone/integration-test/target/test-dir/MiniOzoneClusterImpl-dd99cefe-9779-4043-9d74-181b69d2a827/datanode-0/data/containers/hdds of  storage type : DISK and capacity : 104021790720
2019-06-15 10:52:45,693 INFO  volume.VolumeSet (VolumeSet.java:initializeVolumeSet(170)) - Added Volume : /opt/src/hadoop-ozone/integration-test/target/test-dir/MiniOzoneClusterImpl-dd99cefe-9779-4043-9d74-181b69d2a827/datanode-0/data/containers/hdds to VolumeSet
2019-06-15 10:52:45,695 INFO  volume.ThrottledAsyncChecker (ThrottledAsyncChecker.java:schedule(140)) - Scheduling a check for org.apache.hadoop.ozone.container.common.volume.HddsVolume@65bcf7c2
2019-06-15 10:52:45,709 INFO  volume.HddsVolumeChecker (HddsVolumeChecker.java:checkAllVolumes(203)) - Scheduled health check for volume org.apache.hadoop.ozone.container.common.volume.HddsVolume@65bcf7c2
2019-06-15 10:52:45,718 DEBUG block.SCMBlockDeletingService (SCMBlockDeletingService.java:call(138)) - Running DeletedBlockTransactionScanner
2019-06-15 10:52:45,719 DEBUG block.SCMBlockDeletingService (SCMBlockDeletingService.java:call(155)) - Scanned deleted blocks log and got 0 delTX to process.
2019-06-15 10:52:45,745 INFO  ratis.XceiverServerRatis (XceiverServerRatis.java:newXceiverServerRatis(401)) - Found a free port for the server : 37167
2019-06-15 10:52:45,800 INFO  impl.RaftServerProxy (ConfUtils.java:logGet(43)) - raft.rpc.type = GRPC (default)
2019-06-15 10:52:45,809 INFO  grpc.GrpcConfigKeys$Server (ConfUtils.java:logGet(43)) - raft.grpc.server.port = 37167 (custom)
2019-06-15 10:52:45,810 INFO  server.GrpcService (ConfUtils.java:logGet(43)) - raft.grpc.message.size.max = 33570816 (custom)
2019-06-15 10:52:45,811 INFO  server.RaftServerConfigKeys (ConfUtils.java:logGet(43)) - raft.server.log.appender.buffer.byte-limit = 33554432 (custom)
2019-06-15 10:52:45,812 INFO  server.GrpcService (ConfUtils.java:logGet(43)) - raft.grpc.flow.control.window = 1MB (=1048576) (default)
2019-06-15 10:52:45,812 INFO  server.RaftServerConfigKeys (ConfUtils.java:logGet(43)) - raft.server.rpc.request.timeout = 3000ms (default)
2019-06-15 10:52:45,819 DEBUG block.SCMBlockDeletingService (SCMBlockDeletingService.java:call(138)) - Running DeletedBlockTransactionScanner
2019-06-15 10:52:45,819 DEBUG block.SCMBlockDeletingService (SCMBlockDeletingService.java:call(155)) - Scanned deleted blocks log and got 0 delTX to process.
2019-06-15 10:52:45,920 DEBUG block.SCMBlockDeletingService (SCMBlockDeletingService.java:call(138)) - Running DeletedBlockTransactionScanner
2019-06-15 10:52:45,920 DEBUG block.SCMBlockDeletingService (SCMBlockDeletingService.java:call(155)) - Scanned deleted blocks log and got 0 delTX to process.
2019-06-15 10:52:45,925 INFO  server.RaftServerConfigKeys (ConfUtils.java:logGet(43)) - raft.server.storage.dir = [/opt/src/hadoop-ozone/integration-test/target/test-dir/MiniOzoneClusterImpl-dd99cefe-9779-4043-9d74-181b69d2a827/datanode-0/data/ratis] (custom)
2019-06-15 10:52:45,929 INFO  server.XceiverServerGrpc (XceiverServerGrpc.java:<init>(97)) - Found a free port for the server : 43677
2019-06-15 10:52:45,950 INFO  replication.SimpleContainerDownloader (SimpleContainerDownloader.java:<init>(72)) - Starting container downloader service to copy containers to replicate.
2019-06-15 10:52:45,958 INFO  hdfs.DFSUtil (DFSUtil.java:httpServerTemplateForNNAndJN(1641)) - Starting Web-server for hddsDatanode at: http://0.0.0.0:0
2019-06-15 10:52:45,959 INFO  server.AuthenticationFilter (AuthenticationFilter.java:constructSecretProvider(240)) - Unable to initialize FileSignerSecretProvider, falling back to use random secrets.
2019-06-15 10:52:45,959 WARN  http.HttpRequestLog (HttpRequestLog.java:getRequestLog(97)) - Jetty request log can only be enabled using Log4j
2019-06-15 10:52:45,961 INFO  http.HttpServer2 (HttpServer2.java:addGlobalFilter(975)) - Added global filter 'safety' (class=org.apache.hadoop.http.HttpServer2$QuotingInputFilter)
2019-06-15 10:52:45,961 INFO  http.HttpServer2 (HttpServer2.java:addFilter(948)) - Added filter static_user_filter (class=org.apache.hadoop.http.lib.StaticUserWebFilter$StaticUserFilter) to context hddsDatanode
2019-06-15 10:52:45,961 INFO  http.HttpServer2 (HttpServer2.java:addFilter(958)) - Added filter static_user_filter (class=org.apache.hadoop.http.lib.StaticUserWebFilter$StaticUserFilter) to context static
2019-06-15 10:52:45,961 INFO  http.HttpServer2 (HttpServer2.java:addFilter(958)) - Added filter static_user_filter (class=org.apache.hadoop.http.lib.StaticUserWebFilter$StaticUserFilter) to context logs
2019-06-15 10:52:45,962 INFO  http.HttpServer2 (HttpServer2.java:bindListener(1191)) - Jetty bound to port 33949
2019-06-15 10:52:45,962 INFO  server.Server (Server.java:doStart(351)) - jetty-9.3.24.v20180605, build timestamp: 2018-06-05T17:11:56Z, git hash: 84205aa28f11a4f31f2a3b86d1bba2cc8ab69827
2019-06-15 10:52:45,965 INFO  handler.ContextHandler (ContextHandler.java:doStart(781)) - Started o.e.j.s.ServletContextHandler@16c587de{/logs,file:///opt/src/hadoop-ozone/integration-test/target/log,AVAILABLE}
2019-06-15 10:52:45,966 INFO  handler.ContextHandler (ContextHandler.java:doStart(781)) - Started o.e.j.s.ServletContextHandler@76db540e{/static,jar:file:/home/user/.m2/repository/org/apache/hadoop/hadoop-hdds-container-service/0.5.0-SNAPSHOT/hadoop-hdds-container-service-0.5.0-SNAPSHOT.jar!/webapps/static,AVAILABLE}
2019-06-15 10:52:45,993 INFO  handler.ContextHandler (ContextHandler.java:doStart(781)) - Started o.e.j.w.WebAppContext@3a08078c{/,file:///tmp/jetty-0.0.0.0-33949-hddsDatanode-_-any-6457815217284660495.dir/webapp/,AVAILABLE}{/hddsDatanode}
2019-06-15 10:52:45,993 INFO  server.AbstractConnector (AbstractConnector.java:doStart(278)) - Started ServerConnector@53830483{HTTP/1.1,[http/1.1]}{0.0.0.0:33949}
2019-06-15 10:52:45,994 INFO  server.Server (Server.java:doStart(419)) - Started @3207ms
2019-06-15 10:52:45,994 INFO  server.BaseHttpServer (BaseHttpServer.java:updateConnectorAddress(207)) - HTTP server of HDDSDATANODE is listening at http://0.0.0.0:33949
2019-06-15 10:52:46,020 DEBUG block.SCMBlockDeletingService (SCMBlockDeletingService.java:call(138)) - Running DeletedBlockTransactionScanner
2019-06-15 10:52:46,021 DEBUG block.SCMBlockDeletingService (SCMBlockDeletingService.java:call(155)) - Scanned deleted blocks log and got 0 delTX to process.
2019-06-15 10:52:46,121 DEBUG block.SCMBlockDeletingService (SCMBlockDeletingService.java:call(138)) - Running DeletedBlockTransactionScanner
2019-06-15 10:52:46,121 DEBUG block.SCMBlockDeletingService (SCMBlockDeletingService.java:call(155)) - Scanned deleted blocks log and got 0 delTX to process.
2019-06-15 10:52:46,222 DEBUG block.SCMBlockDeletingService (SCMBlockDeletingService.java:call(138)) - Running DeletedBlockTransactionScanner
2019-06-15 10:52:46,222 DEBUG block.SCMBlockDeletingService (SCMBlockDeletingService.java:call(155)) - Scanned deleted blocks log and got 0 delTX to process.
2019-06-15 10:52:46,322 DEBUG block.SCMBlockDeletingService (SCMBlockDeletingService.java:call(138)) - Running DeletedBlockTransactionScanner
2019-06-15 10:52:46,323 DEBUG block.SCMBlockDeletingService (SCMBlockDeletingService.java:call(155)) - Scanned deleted blocks log and got 0 delTX to process.
2019-06-15 10:52:46,423 DEBUG block.SCMBlockDeletingService (SCMBlockDeletingService.java:call(138)) - Running DeletedBlockTransactionScanner
2019-06-15 10:52:46,423 DEBUG block.SCMBlockDeletingService (SCMBlockDeletingService.java:call(155)) - Scanned deleted blocks log and got 0 delTX to process.
2019-06-15 10:52:46,525 DEBUG block.SCMBlockDeletingService (SCMBlockDeletingService.java:call(138)) - Running DeletedBlockTransactionScanner
2019-06-15 10:52:46,525 DEBUG block.SCMBlockDeletingService (SCMBlockDeletingService.java:call(155)) - Scanned deleted blocks log and got 0 delTX to process.
2019-06-15 10:52:46,625 DEBUG block.SCMBlockDeletingService (SCMBlockDeletingService.java:call(138)) - Running DeletedBlockTransactionScanner
2019-06-15 10:52:46,626 DEBUG block.SCMBlockDeletingService (SCMBlockDeletingService.java:call(155)) - Scanned deleted blocks log and got 0 delTX to process.
2019-06-15 10:52:46,726 DEBUG block.SCMBlockDeletingService (SCMBlockDeletingService.java:call(138)) - Running DeletedBlockTransactionScanner
2019-06-15 10:52:46,726 DEBUG block.SCMBlockDeletingService (SCMBlockDeletingService.java:call(155)) - Scanned deleted blocks log and got 0 delTX to process.
2019-06-15 10:52:46,777 INFO  ozone.HddsDatanodeService (HddsDatanodeService.java:startPlugins(396)) - Started plug-in org.apache.hadoop.ozone.web.OzoneHddsDatanodeService@75fe1619
2019-06-15 10:52:46,778 INFO  ozone.MiniOzoneClusterImpl (MiniOzoneClusterImpl.java:lambda$waitForClusterToBeReady$0(142)) - Waiting for cluster to be ready. Got 0 of 1 DN Heartbeats.
2019-06-15 10:52:46,782 INFO  util.JvmPauseMonitor (JvmPauseMonitor.java:run(188)) - Starting JVM pause monitor
2019-06-15 10:52:46,827 DEBUG block.SCMBlockDeletingService (SCMBlockDeletingService.java:call(138)) - Running DeletedBlockTransactionScanner
2019-06-15 10:52:46,827 DEBUG block.SCMBlockDeletingService (SCMBlockDeletingService.java:call(155)) - Scanned deleted blocks log and got 0 delTX to process.
2019-06-15 10:52:46,854 INFO  datanode.InitDatanodeState (InitDatanodeState.java:persistContainerDatanodeDetails(140)) - DatanodeDetails is persisted to /opt/src/hadoop-ozone/integration-test/target/test-dir/MiniOzoneClusterImpl-dd99cefe-9779-4043-9d74-181b69d2a827/datanode-0/meta/datanode.id
2019-06-15 10:52:46,927 DEBUG block.SCMBlockDeletingService (SCMBlockDeletingService.java:call(138)) - Running DeletedBlockTransactionScanner
2019-06-15 10:52:46,927 DEBUG block.SCMBlockDeletingService (SCMBlockDeletingService.java:call(155)) - Scanned deleted blocks log and got 0 delTX to process.
2019-06-15 10:52:47,028 DEBUG block.SCMBlockDeletingService (SCMBlockDeletingService.java:call(138)) - Running DeletedBlockTransactionScanner
2019-06-15 10:52:47,028 DEBUG block.SCMBlockDeletingService (SCMBlockDeletingService.java:call(155)) - Scanned deleted blocks log and got 0 delTX to process.
2019-06-15 10:52:47,128 DEBUG block.SCMBlockDeletingService (SCMBlockDeletingService.java:call(138)) - Running DeletedBlockTransactionScanner
2019-06-15 10:52:47,128 DEBUG block.SCMBlockDeletingService (SCMBlockDeletingService.java:call(155)) - Scanned deleted blocks log and got 0 delTX to process.
2019-06-15 10:52:47,229 DEBUG block.SCMBlockDeletingService (SCMBlockDeletingService.java:call(138)) - Running DeletedBlockTransactionScanner
2019-06-15 10:52:47,229 DEBUG block.SCMBlockDeletingService (SCMBlockDeletingService.java:call(155)) - Scanned deleted blocks log and got 0 delTX to process.
2019-06-15 10:52:47,329 DEBUG block.SCMBlockDeletingService (SCMBlockDeletingService.java:call(138)) - Running DeletedBlockTransactionScanner
2019-06-15 10:52:47,329 DEBUG block.SCMBlockDeletingService (SCMBlockDeletingService.java:call(155)) - Scanned deleted blocks log and got 0 delTX to process.
2019-06-15 10:52:47,430 DEBUG block.SCMBlockDeletingService (SCMBlockDeletingService.java:call(138)) - Running DeletedBlockTransactionScanner
2019-06-15 10:52:47,430 DEBUG block.SCMBlockDeletingService (SCMBlockDeletingService.java:call(155)) - Scanned deleted blocks log and got 0 delTX to process.
2019-06-15 10:52:47,530 DEBUG block.SCMBlockDeletingService (SCMBlockDeletingService.java:call(138)) - Running DeletedBlockTransactionScanner
2019-06-15 10:52:47,530 DEBUG block.SCMBlockDeletingService (SCMBlockDeletingService.java:call(155)) - Scanned deleted blocks log and got 0 delTX to process.
2019-06-15 10:52:47,631 DEBUG block.SCMBlockDeletingService (SCMBlockDeletingService.java:call(138)) - Running DeletedBlockTransactionScanner
2019-06-15 10:52:47,631 DEBUG block.SCMBlockDeletingService (SCMBlockDeletingService.java:call(155)) - Scanned deleted blocks log and got 0 delTX to process.
2019-06-15 10:52:47,731 DEBUG block.SCMBlockDeletingService (SCMBlockDeletingService.java:call(138)) - Running DeletedBlockTransactionScanner
2019-06-15 10:52:47,732 DEBUG block.SCMBlockDeletingService (SCMBlockDeletingService.java:call(155)) - Scanned deleted blocks log and got 0 delTX to process.
2019-06-15 10:52:47,779 INFO  ozone.MiniOzoneClusterImpl (MiniOzoneClusterImpl.java:lambda$waitForClusterToBeReady$0(142)) - Waiting for cluster to be ready. Got 0 of 1 DN Heartbeats.
2019-06-15 10:52:47,832 DEBUG block.SCMBlockDeletingService (SCMBlockDeletingService.java:call(138)) - Running DeletedBlockTransactionScanner
2019-06-15 10:52:47,832 DEBUG block.SCMBlockDeletingService (SCMBlockDeletingService.java:call(155)) - Scanned deleted blocks log and got 0 delTX to process.
2019-06-15 10:52:47,932 DEBUG block.SCMBlockDeletingService (SCMBlockDeletingService.java:call(138)) - Running DeletedBlockTransactionScanner
2019-06-15 10:52:47,933 DEBUG block.SCMBlockDeletingService (SCMBlockDeletingService.java:call(155)) - Scanned deleted blocks log and got 0 delTX to process.
2019-06-15 10:52:48,033 DEBUG block.SCMBlockDeletingService (SCMBlockDeletingService.java:call(138)) - Running DeletedBlockTransactionScanner
2019-06-15 10:52:48,033 DEBUG block.SCMBlockDeletingService (SCMBlockDeletingService.java:call(155)) - Scanned deleted blocks log and got 0 delTX to process.
2019-06-15 10:52:48,133 DEBUG block.SCMBlockDeletingService (SCMBlockDeletingService.java:call(138)) - Running DeletedBlockTransactionScanner
2019-06-15 10:52:48,134 DEBUG block.SCMBlockDeletingService (SCMBlockDeletingService.java:call(155)) - Scanned deleted blocks log and got 0 delTX to process.
2019-06-15 10:52:48,234 DEBUG block.SCMBlockDeletingService (SCMBlockDeletingService.java:call(138)) - Running DeletedBlockTransactionScanner
2019-06-15 10:52:48,234 DEBUG block.SCMBlockDeletingService (SCMBlockDeletingService.java:call(155)) - Scanned deleted blocks log and got 0 delTX to process.
2019-06-15 10:52:48,335 DEBUG block.SCMBlockDeletingService (SCMBlockDeletingService.java:call(138)) - Running DeletedBlockTransactionScanner
2019-06-15 10:52:48,335 DEBUG block.SCMBlockDeletingService (SCMBlockDeletingService.java:call(155)) - Scanned deleted blocks log and got 0 delTX to process.
2019-06-15 10:52:48,435 DEBUG block.SCMBlockDeletingService (SCMBlockDeletingService.java:call(138)) - Running DeletedBlockTransactionScanner
2019-06-15 10:52:48,435 DEBUG block.SCMBlockDeletingService (SCMBlockDeletingService.java:call(155)) - Scanned deleted blocks log and got 0 delTX to process.
2019-06-15 10:52:48,535 DEBUG block.SCMBlockDeletingService (SCMBlockDeletingService.java:call(138)) - Running DeletedBlockTransactionScanner
2019-06-15 10:52:48,536 DEBUG block.SCMBlockDeletingService (SCMBlockDeletingService.java:call(155)) - Scanned deleted blocks log and got 0 delTX to process.
2019-06-15 10:52:48,636 DEBUG block.SCMBlockDeletingService (SCMBlockDeletingService.java:call(138)) - Running DeletedBlockTransactionScanner
2019-06-15 10:52:48,636 DEBUG block.SCMBlockDeletingService (SCMBlockDeletingService.java:call(155)) - Scanned deleted blocks log and got 0 delTX to process.
2019-06-15 10:52:48,736 DEBUG block.SCMBlockDeletingService (SCMBlockDeletingService.java:call(138)) - Running DeletedBlockTransactionScanner
2019-06-15 10:52:48,737 DEBUG block.SCMBlockDeletingService (SCMBlockDeletingService.java:call(155)) - Scanned deleted blocks log and got 0 delTX to process.
2019-06-15 10:52:48,779 INFO  ozone.MiniOzoneClusterImpl (MiniOzoneClusterImpl.java:lambda$waitForClusterToBeReady$0(142)) - Waiting for cluster to be ready. Got 0 of 1 DN Heartbeats.
2019-06-15 10:52:48,802 INFO  ozoneimpl.OzoneContainer (OzoneContainer.java:start(186)) - Attempting to start container services.
2019-06-15 10:52:48,802 INFO  ozoneimpl.OzoneContainer (OzoneContainer.java:startContainerScrub(160)) - Background container scrubber has been disabled by hdds.containerscrub.enabled
2019-06-15 10:52:48,802 INFO  ratis.XceiverServerRatis (XceiverServerRatis.java:start(418)) - Starting XceiverServerRatis 325d518f-bf0d-428a-814f-266b27e759e4 at port 37167
2019-06-15 10:52:48,814 INFO  impl.RaftServerProxy (RaftServerProxy.java:lambda$start$3(299)) - 325d518f-bf0d-428a-814f-266b27e759e4: start RPC server
2019-06-15 10:52:48,837 DEBUG block.SCMBlockDeletingService (SCMBlockDeletingService.java:call(138)) - Running DeletedBlockTransactionScanner
2019-06-15 10:52:48,837 DEBUG block.SCMBlockDeletingService (SCMBlockDeletingService.java:call(155)) - Scanned deleted blocks log and got 0 delTX to process.
2019-06-15 10:52:48,929 INFO  server.GrpcService (GrpcService.java:startImpl(148)) - 325d518f-bf0d-428a-814f-266b27e759e4: GrpcService started, listening on 0.0.0.0/0.0.0.0:37167
2019-06-15 10:52:48,938 DEBUG block.SCMBlockDeletingService (SCMBlockDeletingService.java:call(138)) - Running DeletedBlockTransactionScanner
2019-06-15 10:52:48,938 DEBUG block.SCMBlockDeletingService (SCMBlockDeletingService.java:call(155)) - Scanned deleted blocks log and got 0 delTX to process.
2019-06-15 10:52:49,038 DEBUG block.SCMBlockDeletingService (SCMBlockDeletingService.java:call(138)) - Running DeletedBlockTransactionScanner
2019-06-15 10:52:49,038 DEBUG block.SCMBlockDeletingService (SCMBlockDeletingService.java:call(155)) - Scanned deleted blocks log and got 0 delTX to process.
2019-06-15 10:52:49,139 DEBUG block.SCMBlockDeletingService (SCMBlockDeletingService.java:call(138)) - Running DeletedBlockTransactionScanner
2019-06-15 10:52:49,139 DEBUG block.SCMBlockDeletingService (SCMBlockDeletingService.java:call(155)) - Scanned deleted blocks log and got 0 delTX to process.
2019-06-15 10:52:49,239 DEBUG block.SCMBlockDeletingService (SCMBlockDeletingService.java:call(138)) - Running DeletedBlockTransactionScanner
2019-06-15 10:52:49,240 DEBUG block.SCMBlockDeletingService (SCMBlockDeletingService.java:call(155)) - Scanned deleted blocks log and got 0 delTX to process.
2019-06-15 10:52:49,340 DEBUG block.SCMBlockDeletingService (SCMBlockDeletingService.java:call(138)) - Running DeletedBlockTransactionScanner
2019-06-15 10:52:49,340 DEBUG block.SCMBlockDeletingService (SCMBlockDeletingService.java:call(155)) - Scanned deleted blocks log and got 0 delTX to process.
2019-06-15 10:52:49,440 DEBUG block.SCMBlockDeletingService (SCMBlockDeletingService.java:call(138)) - Running DeletedBlockTransactionScanner
2019-06-15 10:52:49,441 DEBUG block.SCMBlockDeletingService (SCMBlockDeletingService.java:call(155)) - Scanned deleted blocks log and got 0 delTX to process.
2019-06-15 10:52:49,541 DEBUG block.SCMBlockDeletingService (SCMBlockDeletingService.java:call(138)) - Running DeletedBlockTransactionScanner
2019-06-15 10:52:49,541 DEBUG block.SCMBlockDeletingService (SCMBlockDeletingService.java:call(155)) - Scanned deleted blocks log and got 0 delTX to process.
2019-06-15 10:52:49,641 DEBUG block.SCMBlockDeletingService (SCMBlockDeletingService.java:call(138)) - Running DeletedBlockTransactionScanner
2019-06-15 10:52:49,642 DEBUG block.SCMBlockDeletingService (SCMBlockDeletingService.java:call(155)) - Scanned deleted blocks log and got 0 delTX to process.
2019-06-15 10:52:49,742 DEBUG block.SCMBlockDeletingService (SCMBlockDeletingService.java:call(138)) - Running DeletedBlockTransactionScanner
2019-06-15 10:52:49,742 DEBUG block.SCMBlockDeletingService (SCMBlockDeletingService.java:call(155)) - Scanned deleted blocks log and got 0 delTX to process.
2019-06-15 10:52:49,779 INFO  ozone.MiniOzoneClusterImpl (MiniOzoneClusterImpl.java:lambda$waitForClusterToBeReady$0(142)) - Waiting for cluster to be ready. Got 0 of 1 DN Heartbeats.
2019-06-15 10:52:49,842 DEBUG block.SCMBlockDeletingService (SCMBlockDeletingService.java:call(138)) - Running DeletedBlockTransactionScanner
2019-06-15 10:52:49,843 DEBUG block.SCMBlockDeletingService (SCMBlockDeletingService.java:call(155)) - Scanned deleted blocks log and got 0 delTX to process.
2019-06-15 10:52:49,943 DEBUG block.SCMBlockDeletingService (SCMBlockDeletingService.java:call(138)) - Running DeletedBlockTransactionScanner
2019-06-15 10:52:49,943 DEBUG block.SCMBlockDeletingService (SCMBlockDeletingService.java:call(155)) - Scanned deleted blocks log and got 0 delTX to process.
2019-06-15 10:52:50,044 DEBUG block.SCMBlockDeletingService (SCMBlockDeletingService.java:call(138)) - Running DeletedBlockTransactionScanner
2019-06-15 10:52:50,044 DEBUG block.SCMBlockDeletingService (SCMBlockDeletingService.java:call(155)) - Scanned deleted blocks log and got 0 delTX to process.
2019-06-15 10:52:50,144 DEBUG block.SCMBlockDeletingService (SCMBlockDeletingService.java:call(138)) - Running DeletedBlockTransactionScanner
2019-06-15 10:52:50,144 DEBUG block.SCMBlockDeletingService (SCMBlockDeletingService.java:call(155)) - Scanned deleted blocks log and got 0 delTX to process.
2019-06-15 10:52:50,244 DEBUG block.SCMBlockDeletingService (SCMBlockDeletingService.java:call(138)) - Running DeletedBlockTransactionScanner
2019-06-15 10:52:50,245 DEBUG block.SCMBlockDeletingService (SCMBlockDeletingService.java:call(155)) - Scanned deleted blocks log and got 0 delTX to process.
2019-06-15 10:52:50,345 DEBUG block.SCMBlockDeletingService (SCMBlockDeletingService.java:call(138)) - Running DeletedBlockTransactionScanner
2019-06-15 10:52:50,345 DEBUG block.SCMBlockDeletingService (SCMBlockDeletingService.java:call(155)) - Scanned deleted blocks log and got 0 delTX to process.
2019-06-15 10:52:50,445 DEBUG block.SCMBlockDeletingService (SCMBlockDeletingService.java:call(138)) - Running DeletedBlockTransactionScanner
2019-06-15 10:52:50,446 DEBUG block.SCMBlockDeletingService (SCMBlockDeletingService.java:call(155)) - Scanned deleted blocks log and got 0 delTX to process.
2019-06-15 10:52:50,546 DEBUG block.SCMBlockDeletingService (SCMBlockDeletingService.java:call(138)) - Running DeletedBlockTransactionScanner
2019-06-15 10:52:50,546 DEBUG block.SCMBlockDeletingService (SCMBlockDeletingService.java:call(155)) - Scanned deleted blocks log and got 0 delTX to process.
2019-06-15 10:52:50,646 DEBUG block.SCMBlockDeletingService (SCMBlockDeletingService.java:call(138)) - Running DeletedBlockTransactionScanner
2019-06-15 10:52:50,647 DEBUG block.SCMBlockDeletingService (SCMBlockDeletingService.java:call(155)) - Scanned deleted blocks log and got 0 delTX to process.
2019-06-15 10:52:50,747 DEBUG block.SCMBlockDeletingService (SCMBlockDeletingService.java:call(138)) - Running DeletedBlockTransactionScanner
2019-06-15 10:52:50,747 DEBUG block.SCMBlockDeletingService (SCMBlockDeletingService.java:call(155)) - Scanned deleted blocks log and got 0 delTX to process.
2019-06-15 10:52:50,780 INFO  ozone.MiniOzoneClusterImpl (MiniOzoneClusterImpl.java:lambda$waitForClusterToBeReady$0(142)) - Waiting for cluster to be ready. Got 0 of 1 DN Heartbeats.
2019-06-15 10:52:50,800 INFO  net.NetworkTopology (NetworkTopologyImpl.java:add(109)) - Added a new node: /default-rack/192.168.134.89
2019-06-15 10:52:50,800 INFO  node.SCMNodeManager (SCMNodeManager.java:register(269)) - Registered Data node : 325d518f-bf0d-428a-814f-266b27e759e4{ip: 192.168.134.89, host: ozone-unit-076618677d3-vlkcl-536080588, networkLocation: /default-rack, certSerialId: null}
2019-06-15 10:52:50,803 INFO  safemode.SCMSafeModeManager (DataNodeSafeModeRule.java:process(71)) - SCM in safe mode. 1 DataNodes registered, 1 required.
2019-06-15 10:52:50,803 INFO  safemode.SCMSafeModeManager (SCMSafeModeManager.java:validateSafeModeExitRules(177)) - ScmSafeModeManager, all rules are successfully validated
2019-06-15 10:52:50,803 INFO  safemode.SCMSafeModeManager (SCMSafeModeManager.java:exitSafeMode(193)) - SCM exiting safe mode.
2019-06-15 10:52:50,847 DEBUG block.SCMBlockDeletingService (SCMBlockDeletingService.java:call(138)) - Running DeletedBlockTransactionScanner
2019-06-15 10:52:50,847 DEBUG block.SCMBlockDeletingService (SCMBlockDeletingService.java:call(155)) - Scanned deleted blocks log and got 0 delTX to process.
2019-06-15 10:52:50,948 DEBUG block.SCMBlockDeletingService (SCMBlockDeletingService.java:call(138)) - Running DeletedBlockTransactionScanner
2019-06-15 10:52:50,948 DEBUG block.SCMBlockDeletingService (SCMBlockDeletingService.java:call(155)) - Scanned deleted blocks log and got 0 delTX to process.
2019-06-15 10:52:51,048 DEBUG block.SCMBlockDeletingService (SCMBlockDeletingService.java:call(138)) - Running DeletedBlockTransactionScanner
2019-06-15 10:52:51,049 DEBUG block.SCMBlockDeletingService (SCMBlockDeletingService.java:call(155)) - Scanned deleted blocks log and got 0 delTX to process.
2019-06-15 10:52:51,141 INFO  impl.RaftServerProxy (RaftServerProxy.java:addNew(89)) - 325d518f-bf0d-428a-814f-266b27e759e4: addNew group-9696F0872FC0:[325d518f-bf0d-428a-814f-266b27e759e4:192.168.134.89:37167] returns group-9696F0872FC0:java.util.concurrent.CompletableFuture@2149703f[Not completed]
2019-06-15 10:52:51,145 INFO  impl.RaftServerImpl (RaftServerImpl.java:<init>(91)) - 325d518f-bf0d-428a-814f-266b27e759e4: new RaftServerImpl for group-9696F0872FC0:[325d518f-bf0d-428a-814f-266b27e759e4:192.168.134.89:37167] with ContainerStateMachine:uninitialized
2019-06-15 10:52:51,147 INFO  server.RaftServerConfigKeys (ConfUtils.java:logGet(43)) - raft.server.rpc.timeout.min = 1s (custom)
2019-06-15 10:52:51,147 INFO  server.RaftServerConfigKeys (ConfUtils.java:logGet(43)) - raft.server.rpc.timeout.max = 1200ms (custom)
2019-06-15 10:52:51,147 INFO  server.RaftServerConfigKeys (ConfUtils.java:logGet(43)) - raft.server.rpcslowness.timeout = 120s (custom)
2019-06-15 10:52:51,148 INFO  server.RaftServerConfigKeys (ConfUtils.java:logGet(43)) - raft.server.log.appender.install.snapshot.enabled = true (default)
2019-06-15 10:52:51,149 DEBUG block.SCMBlockDeletingService (SCMBlockDeletingService.java:call(138)) - Running DeletedBlockTransactionScanner
2019-06-15 10:52:51,149 DEBUG block.SCMBlockDeletingService (SCMBlockDeletingService.java:call(155)) - Scanned deleted blocks log and got 0 delTX to process.
2019-06-15 10:52:51,154 INFO  impl.RaftServerImpl (ServerState.java:<init>(101)) - 325d518f-bf0d-428a-814f-266b27e759e4:group-9696F0872FC0 ConfigurationManager, init=-1: [325d518f-bf0d-428a-814f-266b27e759e4:192.168.134.89:37167], old=null, confs=<EMPTY_MAP>
2019-06-15 10:52:51,154 INFO  server.RaftServerConfigKeys (ConfUtils.java:logGet(43)) - raft.server.storage.dir = [/opt/src/hadoop-ozone/integration-test/target/test-dir/MiniOzoneClusterImpl-dd99cefe-9779-4043-9d74-181b69d2a827/datanode-0/data/ratis] (custom)
2019-06-15 10:52:51,159 INFO  storage.RaftStorageDirectory (RaftStorageDirectory.java:analyzeStorage(246)) - The storage directory /opt/src/hadoop-ozone/integration-test/target/test-dir/MiniOzoneClusterImpl-dd99cefe-9779-4043-9d74-181b69d2a827/datanode-0/data/ratis/e0f1d9ef-e225-4b24-a786-9696f0872fc0 does not exist. Creating ...
2019-06-15 10:52:51,163 INFO  storage.RaftStorageDirectory (RaftStorageDirectory.java:tryLock(328)) - Lock on /opt/src/hadoop-ozone/integration-test/target/test-dir/MiniOzoneClusterImpl-dd99cefe-9779-4043-9d74-181b69d2a827/datanode-0/data/ratis/e0f1d9ef-e225-4b24-a786-9696f0872fc0/in_use.lock acquired by nodename 9848@ozone-unit-076618677d3-vlkcl-536080588
2019-06-15 10:52:51,166 INFO  storage.RaftStorage (RaftStorage.java:format(75)) - Storage directory /opt/src/hadoop-ozone/integration-test/target/test-dir/MiniOzoneClusterImpl-dd99cefe-9779-4043-9d74-181b69d2a827/datanode-0/data/ratis/e0f1d9ef-e225-4b24-a786-9696f0872fc0 has been successfully formatted.
2019-06-15 10:52:51,167 INFO  ratis.ContainerStateMachine (ContainerStateMachine.java:loadSnapshot(199)) - The snapshot info is null.Setting the last applied index to:(t:0, i:~)
2019-06-15 10:52:51,168 INFO  server.RaftServerConfigKeys (ConfUtils.java:logGet(43)) - raft.server.leader.election.timeout = 120s (custom)
2019-06-15 10:52:51,169 INFO  server.RaftServerConfigKeys (ConfUtils.java:logGet(43)) - raft.server.log.use.memory = false (default)
2019-06-15 10:52:51,171 INFO  server.RaftServerConfigKeys (ConfUtils.java:logGet(43)) - raft.server.log.appender.buffer.byte-limit = 33554432 (custom)
2019-06-15 10:52:51,173 INFO  server.RaftServerConfigKeys (ConfUtils.java:logGet(43)) - raft.server.log.segment.size.max = 16384 (custom)
2019-06-15 10:52:51,176 INFO  server.RaftServerConfigKeys (ConfUtils.java:logGet(43)) - raft.server.log.segment.cache.num.max = 2 (custom)
2019-06-15 10:52:51,178 INFO  storage.RaftLogWorker (RaftLogWorker.java:<init>(123)) - new 325d518f-bf0d-428a-814f-266b27e759e4-RaftLogWorker for Storage Directory /opt/src/hadoop-ozone/integration-test/target/test-dir/MiniOzoneClusterImpl-dd99cefe-9779-4043-9d74-181b69d2a827/datanode-0/data/ratis/e0f1d9ef-e225-4b24-a786-9696f0872fc0
2019-06-15 10:52:51,179 INFO  server.RaftServerConfigKeys (ConfUtils.java:logGet(43)) - raft.server.log.queue.byte-limit = 2147483647 (custom)
2019-06-15 10:52:51,179 INFO  server.RaftServerConfigKeys (ConfUtils.java:logGet(43)) - raft.server.log.queue.element-limit = 1024 (custom)
2019-06-15 10:52:51,180 INFO  server.RaftServerConfigKeys (ConfUtils.java:logGet(43)) - raft.server.log.segment.size.max = 16384 (custom)
2019-06-15 10:52:51,181 INFO  server.RaftServerConfigKeys (ConfUtils.java:logGet(43)) - raft.server.log.preallocated.size = 16384 (custom)
2019-06-15 10:52:51,181 INFO  server.RaftServerConfigKeys (ConfUtils.java:logGet(43)) - raft.server.log.write.buffer.size = 33554432 (custom)
2019-06-15 10:52:51,181 INFO  server.RaftServerConfigKeys (ConfUtils.java:logGet(43)) - raft.server.log.force.sync.num = 128 (default)
2019-06-15 10:52:51,182 INFO  server.RaftServerConfigKeys (ConfUtils.java:logGet(43)) - raft.server.log.statemachine.data.sync = true (default)
2019-06-15 10:52:51,182 INFO  server.RaftServerConfigKeys (ConfUtils.java:logGet(43)) - raft.server.log.statemachine.data.sync.timeout = 10s (default)
2019-06-15 10:52:51,183 INFO  server.RaftServerConfigKeys (ConfUtils.java:logGet(43)) - raft.server.log.statemachine.data.sync.timeout.retry = -1 (default)
2019-06-15 10:52:51,185 INFO  server.RaftServerConfigKeys (ConfUtils.java:logGet(43)) - raft.server.log.statemachine.data.caching.enabled = true (custom)
2019-06-15 10:52:51,190 INFO  server.RaftServerConfigKeys (ConfUtils.java:logGet(43)) - raft.server.snapshot.auto.trigger.enabled = true (custom)
2019-06-15 10:52:51,191 INFO  server.RaftServerConfigKeys (ConfUtils.java:logGet(43)) - raft.server.snapshot.auto.trigger.threshold = 10000 (custom)
2019-06-15 10:52:51,192 INFO  server.RaftServerConfigKeys (ConfUtils.java:logGet(43)) - raft.server.retrycache.expirytime = 600000ms (custom)
2019-06-15 10:52:51,279 DEBUG block.SCMBlockDeletingService (SCMBlockDeletingService.java:call(138)) - Running DeletedBlockTransactionScanner
2019-06-15 10:52:51,279 DEBUG block.SCMBlockDeletingService (SCMBlockDeletingService.java:call(155)) - Scanned deleted blocks log and got 0 delTX to process.
2019-06-15 10:52:51,288 INFO  impl.RaftServerImpl (RaftServerImpl.java:start(173)) - 325d518f-bf0d-428a-814f-266b27e759e4: start group-9696F0872FC0
2019-06-15 10:52:51,289 INFO  impl.RaftServerImpl (RaftServerImpl.java:setRole(164)) - 325d518f-bf0d-428a-814f-266b27e759e4:group-9696F0872FC0 changes role from null to FOLLOWER at term 0 for startAsFollower
2019-06-15 10:52:51,290 INFO  impl.RoleInfo (RoleInfo.java:updateAndGet(143)) - 325d518f-bf0d-428a-814f-266b27e759e4: start FollowerState
2019-06-15 10:52:51,291 INFO  util.JmxRegister (JmxRegister.java:tryRegister(44)) - Successfully registered JMX Bean with object name Ratis:service=RaftServer,group=group-9696F0872FC0,id=325d518f-bf0d-428a-814f-266b27e759e4
2019-06-15 10:52:51,326 INFO  pipeline.PipelineStateManager (PipelineStateManager.java:addPipeline(56)) - Created pipeline Pipeline[ Id: e0f1d9ef-e225-4b24-a786-9696f0872fc0, Nodes: 325d518f-bf0d-428a-814f-266b27e759e4{ip: 192.168.134.89, host: ozone-unit-076618677d3-vlkcl-536080588, networkLocation: /default-rack, certSerialId: null}, Type:RATIS, Factor:ONE, State:OPEN]
2019-06-15 10:52:51,379 DEBUG block.SCMBlockDeletingService (SCMBlockDeletingService.java:call(138)) - Running DeletedBlockTransactionScanner
2019-06-15 10:52:51,380 DEBUG block.SCMBlockDeletingService (SCMBlockDeletingService.java:call(155)) - Scanned deleted blocks log and got 0 delTX to process.
2019-06-15 10:52:51,480 DEBUG block.SCMBlockDeletingService (SCMBlockDeletingService.java:call(138)) - Running DeletedBlockTransactionScanner
2019-06-15 10:52:51,480 DEBUG block.SCMBlockDeletingService (SCMBlockDeletingService.java:call(155)) - Scanned deleted blocks log and got 0 delTX to process.
2019-06-15 10:52:51,580 DEBUG block.SCMBlockDeletingService (SCMBlockDeletingService.java:call(138)) - Running DeletedBlockTransactionScanner
2019-06-15 10:52:51,580 DEBUG block.SCMBlockDeletingService (SCMBlockDeletingService.java:call(155)) - Scanned deleted blocks log and got 0 delTX to process.
2019-06-15 10:52:51,681 DEBUG block.SCMBlockDeletingService (SCMBlockDeletingService.java:call(138)) - Running DeletedBlockTransactionScanner
2019-06-15 10:52:51,681 DEBUG block.SCMBlockDeletingService (SCMBlockDeletingService.java:call(155)) - Scanned deleted blocks log and got 0 delTX to process.
2019-06-15 10:52:51,780 INFO  ozone.MiniOzoneClusterImpl (MiniOzoneClusterImpl.java:lambda$waitForClusterToBeReady$0(142)) - Cluster is ready. Got 1 of 1 DN Heartbeats.
2019-06-15 10:52:51,781 DEBUG block.SCMBlockDeletingService (SCMBlockDeletingService.java:call(138)) - Running DeletedBlockTransactionScanner
2019-06-15 10:52:51,781 DEBUG block.SCMBlockDeletingService (SCMBlockDeletingService.java:call(155)) - Scanned deleted blocks log and got 0 delTX to process.
2019-06-15 10:52:51,882 DEBUG block.SCMBlockDeletingService (SCMBlockDeletingService.java:call(138)) - Running DeletedBlockTransactionScanner
2019-06-15 10:52:51,882 DEBUG block.SCMBlockDeletingService (SCMBlockDeletingService.java:call(155)) - Scanned deleted blocks log and got 0 delTX to process.
2019-06-15 10:52:51,982 DEBUG block.SCMBlockDeletingService (SCMBlockDeletingService.java:call(138)) - Running DeletedBlockTransactionScanner
2019-06-15 10:52:51,982 DEBUG block.SCMBlockDeletingService (SCMBlockDeletingService.java:call(155)) - Scanned deleted blocks log and got 0 delTX to process.
2019-06-15 10:52:52,083 DEBUG block.SCMBlockDeletingService (SCMBlockDeletingService.java:call(138)) - Running DeletedBlockTransactionScanner
2019-06-15 10:52:52,083 DEBUG block.SCMBlockDeletingService (SCMBlockDeletingService.java:call(155)) - Scanned deleted blocks log and got 0 delTX to process.
2019-06-15 10:52:52,183 DEBUG block.SCMBlockDeletingService (SCMBlockDeletingService.java:call(138)) - Running DeletedBlockTransactionScanner
2019-06-15 10:52:52,183 DEBUG block.SCMBlockDeletingService (SCMBlockDeletingService.java:call(155)) - Scanned deleted blocks log and got 0 delTX to process.
2019-06-15 10:52:52,284 DEBUG block.SCMBlockDeletingService (SCMBlockDeletingService.java:call(138)) - Running DeletedBlockTransactionScanner
2019-06-15 10:52:52,284 DEBUG block.SCMBlockDeletingService (SCMBlockDeletingService.java:call(155)) - Scanned deleted blocks log and got 0 delTX to process.
2019-06-15 10:52:52,296 INFO  impl.FollowerState (FollowerState.java:run(101)) - 325d518f-bf0d-428a-814f-266b27e759e4:group-9696F0872FC0 changes to CANDIDATE, lastRpcTime:1006, electionTimeout:1006ms
2019-06-15 10:52:52,296 INFO  impl.RoleInfo (RoleInfo.java:shutdownFollowerState(121)) - 325d518f-bf0d-428a-814f-266b27e759e4: shutdown FollowerState
2019-06-15 10:52:52,297 INFO  impl.RaftServerImpl (RaftServerImpl.java:setRole(164)) - 325d518f-bf0d-428a-814f-266b27e759e4:group-9696F0872FC0 changes role from FOLLOWER to CANDIDATE at term 0 for changeToCandidate
2019-06-15 10:52:52,299 INFO  impl.RoleInfo (RoleInfo.java:updateAndGet(143)) - 325d518f-bf0d-428a-814f-266b27e759e4: start LeaderElection
2019-06-15 10:52:52,303 INFO  impl.LeaderElection (LeaderElection.java:askForVotes(181)) - 325d518f-bf0d-428a-814f-266b27e759e4:group-9696F0872FC0:LeaderElection1: begin an election at term 1 for -1: [325d518f-bf0d-428a-814f-266b27e759e4:192.168.134.89:37167], old=null
2019-06-15 10:52:52,304 INFO  impl.RoleInfo (RoleInfo.java:shutdownLeaderElection(134)) - 325d518f-bf0d-428a-814f-266b27e759e4: shutdown LeaderElection
2019-06-15 10:52:52,304 INFO  impl.RaftServerImpl (RaftServerImpl.java:setRole(164)) - 325d518f-bf0d-428a-814f-266b27e759e4:group-9696F0872FC0 changes role from CANDIDATE to LEADER at term 1 for changeToLeader
2019-06-15 10:52:52,305 INFO  impl.RaftServerImpl (ServerState.java:setLeader(263)) - 325d518f-bf0d-428a-814f-266b27e759e4:group-9696F0872FC0 change Leader from null to 325d518f-bf0d-428a-814f-266b27e759e4 at term 1 for becomeLeader, leader elected after 1136ms
2019-06-15 10:52:52,308 INFO  server.RaftServerConfigKeys (ConfUtils.java:logGet(43)) - raft.server.staging.catchup.gap = 1000 (default)
2019-06-15 10:52:52,308 INFO  server.RaftServerConfigKeys (ConfUtils.java:logGet(43)) - raft.server.rpc.sleep.time = 25ms (default)
2019-06-15 10:52:52,310 INFO  server.RaftServerConfigKeys (ConfUtils.java:logGet(43)) - raft.server.watch.timeout = 10s (default)
2019-06-15 10:52:52,310 INFO  server.RaftServerConfigKeys (ConfUtils.java:logGet(43)) - raft.server.watch.timeout.denomination = 1s (default)
2019-06-15 10:52:52,315 INFO  impl.RoleInfo (RoleInfo.java:updateAndGet(143)) - 325d518f-bf0d-428a-814f-266b27e759e4: start LeaderState
2019-06-15 10:52:52,328 INFO  storage.RaftLogWorker (RaftLogWorker.java:startLogSegment(298)) - 325d518f-bf0d-428a-814f-266b27e759e4-RaftLogWorker: Starting segment from index:0
2019-06-15 10:52:52,337 INFO  impl.RaftServerImpl (ServerState.java:setRaftConf(361)) - 325d518f-bf0d-428a-814f-266b27e759e4:group-9696F0872FC0 set configuration 0: [325d518f-bf0d-428a-814f-266b27e759e4:192.168.134.89:37167], old=null at 0
2019-06-15 10:52:52,384 DEBUG block.SCMBlockDeletingService (SCMBlockDeletingService.java:call(138)) - Running DeletedBlockTransactionScanner
2019-06-15 10:52:52,384 DEBUG block.SCMBlockDeletingService (SCMBlockDeletingService.java:call(155)) - Scanned deleted blocks log and got 0 delTX to process.
2019-06-15 10:52:52,460 INFO  storage.RaftLogWorker (RaftLogWorker.java:execute(469)) - 325d518f-bf0d-428a-814f-266b27e759e4-RaftLogWorker: created new log segment /opt/src/hadoop-ozone/integration-test/target/test-dir/MiniOzoneClusterImpl-dd99cefe-9779-4043-9d74-181b69d2a827/datanode-0/data/ratis/e0f1d9ef-e225-4b24-a786-9696f0872fc0/current/log_inprogress_0
2019-06-15 10:52:52,485 DEBUG block.SCMBlockDeletingService (SCMBlockDeletingService.java:call(138)) - Running DeletedBlockTransactionScanner
2019-06-15 10:52:52,485 DEBUG block.SCMBlockDeletingService (SCMBlockDeletingService.java:call(155)) - Scanned deleted blocks log and got 0 delTX to process.
2019-06-15 10:52:52,585 DEBUG block.SCMBlockDeletingService (SCMBlockDeletingService.java:call(138)) - Running DeletedBlockTransactionScanner
2019-06-15 10:52:52,585 DEBUG block.SCMBlockDeletingService (SCMBlockDeletingService.java:call(155)) - Scanned deleted blocks log and got 0 delTX to process.
2019-06-15 10:52:52,685 DEBUG block.SCMBlockDeletingService (SCMBlockDeletingService.java:call(138)) - Running DeletedBlockTransactionScanner
2019-06-15 10:52:52,686 DEBUG block.SCMBlockDeletingService (SCMBlockDeletingService.java:call(155)) - Scanned deleted blocks log and got 0 delTX to process.
2019-06-15 10:52:52,786 DEBUG block.SCMBlockDeletingService (SCMBlockDeletingService.java:call(138)) - Running DeletedBlockTransactionScanner
2019-06-15 10:52:52,786 DEBUG block.SCMBlockDeletingService (SCMBlockDeletingService.java:call(155)) - Scanned deleted blocks log and got 0 delTX to process.
2019-06-15 10:52:52,887 DEBUG block.SCMBlockDeletingService (SCMBlockDeletingService.java:call(138)) - Running DeletedBlockTransactionScanner
2019-06-15 10:52:52,887 DEBUG block.SCMBlockDeletingService (SCMBlockDeletingService.java:call(155)) - Scanned deleted blocks log and got 0 delTX to process.
2019-06-15 10:52:52,987 DEBUG block.SCMBlockDeletingService (SCMBlockDeletingService.java:call(138)) - Running DeletedBlockTransactionScanner
2019-06-15 10:52:52,987 DEBUG block.SCMBlockDeletingService (SCMBlockDeletingService.java:call(155)) - Scanned deleted blocks log and got 0 delTX to process.
2019-06-15 10:52:53,087 DEBUG block.SCMBlockDeletingService (SCMBlockDeletingService.java:call(138)) - Running DeletedBlockTransactionScanner
2019-06-15 10:52:53,088 DEBUG block.SCMBlockDeletingService (SCMBlockDeletingService.java:call(155)) - Scanned deleted blocks log and got 0 delTX to process.
2019-06-15 10:52:53,188 DEBUG block.SCMBlockDeletingService (SCMBlockDeletingService.java:call(138)) - Running DeletedBlockTransactionScanner
2019-06-15 10:52:53,188 DEBUG block.SCMBlockDeletingService (SCMBlockDeletingService.java:call(155)) - Scanned deleted blocks log and got 0 delTX to process.
2019-06-15 10:52:53,288 DEBUG block.SCMBlockDeletingService (SCMBlockDeletingService.java:call(138)) - Running DeletedBlockTransactionScanner
2019-06-15 10:52:53,289 DEBUG block.SCMBlockDeletingService (SCMBlockDeletingService.java:call(155)) - Scanned deleted blocks log and got 0 delTX to process.
2019-06-15 10:52:53,389 DEBUG block.SCMBlockDeletingService (SCMBlockDeletingService.java:call(138)) - Running DeletedBlockTransactionScanner
2019-06-15 10:52:53,389 DEBUG block.SCMBlockDeletingService (SCMBlockDeletingService.java:call(155)) - Scanned deleted blocks log and got 0 delTX to process.
2019-06-15 10:52:53,489 DEBUG block.SCMBlockDeletingService (SCMBlockDeletingService.java:call(138)) - Running DeletedBlockTransactionScanner
2019-06-15 10:52:53,490 DEBUG block.SCMBlockDeletingService (SCMBlockDeletingService.java:call(155)) - Scanned deleted blocks log and got 0 delTX to process.
2019-06-15 10:52:53,496 INFO  rpc.RpcClient (RpcClient.java:createVolume(289)) - Creating Volume: c038f614-961b-44eb-a694-ab366c71cb4a, with jenkins1000 as owner.
2019-06-15 10:52:53,514 INFO  rpc.RpcClient (RpcClient.java:createBucket(426)) - Creating Bucket: c038f614-961b-44eb-a694-ab366c71cb4a/1f59e137-c914-47bc-aceb-691f77850198, with Versioning false and Storage Type set to DISK and Encryption set to false 
2019-06-15 10:52:53,590 DEBUG block.SCMBlockDeletingService (SCMBlockDeletingService.java:call(138)) - Running DeletedBlockTransactionScanner
2019-06-15 10:52:53,590 DEBUG block.SCMBlockDeletingService (SCMBlockDeletingService.java:call(155)) - Scanned deleted blocks log and got 0 delTX to process.
2019-06-15 10:52:53,690 DEBUG block.SCMBlockDeletingService (SCMBlockDeletingService.java:call(138)) - Running DeletedBlockTransactionScanner
2019-06-15 10:52:53,691 DEBUG block.SCMBlockDeletingService (SCMBlockDeletingService.java:call(155)) - Scanned deleted blocks log and got 0 delTX to process.
2019-06-15 10:52:53,791 DEBUG block.SCMBlockDeletingService (SCMBlockDeletingService.java:call(138)) - Running DeletedBlockTransactionScanner
2019-06-15 10:52:53,791 DEBUG block.SCMBlockDeletingService (SCMBlockDeletingService.java:call(155)) - Scanned deleted blocks log and got 0 delTX to process.
2019-06-15 10:52:53,891 DEBUG block.SCMBlockDeletingService (SCMBlockDeletingService.java:call(138)) - Running DeletedBlockTransactionScanner
2019-06-15 10:52:53,892 DEBUG block.SCMBlockDeletingService (SCMBlockDeletingService.java:call(155)) - Scanned deleted blocks log and got 0 delTX to process.
2019-06-15 10:52:53,969 INFO  client.GrpcClientProtocolClient (GrpcClientProtocolClient.java:onNext(254)) - client-09EBABE1B9AF->325d518f-bf0d-428a-814f-266b27e759e4: receive RaftClientReply:client-09EBABE1B9AF->325d518f-bf0d-428a-814f-266b27e759e4@group-9696F0872FC0, cid=1, SUCCESS, logIndex=1, commits[325d518f-bf0d-428a-814f-266b27e759e4:c2]
2019-06-15 10:52:53,992 DEBUG block.SCMBlockDeletingService (SCMBlockDeletingService.java:call(138)) - Running DeletedBlockTransactionScanner
2019-06-15 10:52:53,993 DEBUG block.SCMBlockDeletingService (SCMBlockDeletingService.java:call(155)) - Scanned deleted blocks log and got 0 delTX to process.
2019-06-15 10:52:54,019 INFO  client.GrpcClientProtocolClient (GrpcClientProtocolClient.java:onNext(254)) - client-09EBABE1B9AF->325d518f-bf0d-428a-814f-266b27e759e4: receive RaftClientReply:client-09EBABE1B9AF->325d518f-bf0d-428a-814f-266b27e759e4@group-9696F0872FC0, cid=2, SUCCESS, logIndex=3, commits[325d518f-bf0d-428a-814f-266b27e759e4:c4]
2019-06-15 10:52:54,026 INFO  client.GrpcClientProtocolClient (GrpcClientProtocolClient.java:onNext(254)) - client-09EBABE1B9AF->325d518f-bf0d-428a-814f-266b27e759e4: receive RaftClientReply:client-09EBABE1B9AF->325d518f-bf0d-428a-814f-266b27e759e4@group-9696F0872FC0, cid=3, SUCCESS, logIndex=5, commits[325d518f-bf0d-428a-814f-266b27e759e4:c6]
2019-06-15 10:52:54,044 INFO  client.GrpcClientProtocolClient (GrpcClientProtocolClient.java:onNext(254)) - client-09EBABE1B9AF->325d518f-bf0d-428a-814f-266b27e759e4: receive RaftClientReply:client-09EBABE1B9AF->325d518f-bf0d-428a-814f-266b27e759e4@group-9696F0872FC0, cid=4, SUCCESS, logIndex=6, commits[325d518f-bf0d-428a-814f-266b27e759e4:c7]
2019-06-15 10:52:54,069 INFO  client.GrpcClientProtocolClient (GrpcClientProtocolClient.java:onNext(254)) - client-09EBABE1B9AF->325d518f-bf0d-428a-814f-266b27e759e4: receive RaftClientReply:client-09EBABE1B9AF->325d518f-bf0d-428a-814f-266b27e759e4@group-9696F0872FC0, cid=5, SUCCESS, logIndex=9, commits[325d518f-bf0d-428a-814f-266b27e759e4:c9]
2019-06-15 10:52:54,073 INFO  client.GrpcClientProtocolClient (GrpcClientProtocolClient.java:onNext(254)) - client-09EBABE1B9AF->325d518f-bf0d-428a-814f-266b27e759e4: receive RaftClientReply:client-09EBABE1B9AF->325d518f-bf0d-428a-814f-266b27e759e4@group-9696F0872FC0, cid=6, SUCCESS, logIndex=11, commits[325d518f-bf0d-428a-814f-266b27e759e4:c12]
2019-06-15 10:52:54,079 INFO  client.GrpcClientProtocolClient (GrpcClientProtocolClient.java:onNext(254)) - client-09EBABE1B9AF->325d518f-bf0d-428a-814f-266b27e759e4: receive RaftClientReply:client-09EBABE1B9AF->325d518f-bf0d-428a-814f-266b27e759e4@group-9696F0872FC0, cid=7, SUCCESS, logIndex=13, commits[325d518f-bf0d-428a-814f-266b27e759e4:c13]
2019-06-15 10:52:54,082 INFO  client.GrpcClientProtocolClient (GrpcClientProtocolClient.java:onNext(254)) - client-09EBABE1B9AF->325d518f-bf0d-428a-814f-266b27e759e4: receive RaftClientReply:client-09EBABE1B9AF->325d518f-bf0d-428a-814f-266b27e759e4@group-9696F0872FC0, cid=8, SUCCESS, logIndex=15, commits[325d518f-bf0d-428a-814f-266b27e759e4:c16]
2019-06-15 10:52:54,093 DEBUG block.SCMBlockDeletingService (SCMBlockDeletingService.java:call(138)) - Running DeletedBlockTransactionScanner
2019-06-15 10:52:54,094 DEBUG block.SCMBlockDeletingService (SCMBlockDeletingService.java:call(155)) - Scanned deleted blocks log and got 0 delTX to process.
2019-06-15 10:52:54,119 INFO  client.GrpcClientProtocolClient (GrpcClientProtocolClient.java:onNext(254)) - client-09EBABE1B9AF->325d518f-bf0d-428a-814f-266b27e759e4: receive RaftClientReply:client-09EBABE1B9AF->325d518f-bf0d-428a-814f-266b27e759e4@group-9696F0872FC0, cid=9, SUCCESS, logIndex=17, commits[325d518f-bf0d-428a-814f-266b27e759e4:c17]
2019-06-15 10:52:54,137 INFO  client.GrpcClientProtocolClient (GrpcClientProtocolClient.java:onNext(254)) - client-09EBABE1B9AF->325d518f-bf0d-428a-814f-266b27e759e4: receive RaftClientReply:client-09EBABE1B9AF->325d518f-bf0d-428a-814f-266b27e759e4@group-9696F0872FC0, cid=10, SUCCESS, logIndex=19, commits[325d518f-bf0d-428a-814f-266b27e759e4:c23]
2019-06-15 10:52:54,139 INFO  client.GrpcClientProtocolClient (GrpcClientProtocolClient.java:onNext(254)) - client-09EBABE1B9AF->325d518f-bf0d-428a-814f-266b27e759e4: receive RaftClientReply:client-09EBABE1B9AF->325d518f-bf0d-428a-814f-266b27e759e4@group-9696F0872FC0, cid=11, SUCCESS, logIndex=20, commits[325d518f-bf0d-428a-814f-266b27e759e4:c23]
2019-06-15 10:52:54,140 INFO  client.GrpcClientProtocolClient (GrpcClientProtocolClient.java:onNext(254)) - client-09EBABE1B9AF->325d518f-bf0d-428a-814f-266b27e759e4: receive RaftClientReply:client-09EBABE1B9AF->325d518f-bf0d-428a-814f-266b27e759e4@group-9696F0872FC0, cid=12, SUCCESS, logIndex=22, commits[325d518f-bf0d-428a-814f-266b27e759e4:c23]
2019-06-15 10:52:54,197 DEBUG block.SCMBlockDeletingService (SCMBlockDeletingService.java:call(138)) - Running DeletedBlockTransactionScanner
2019-06-15 10:52:54,198 DEBUG block.SCMBlockDeletingService (SCMBlockDeletingService.java:call(155)) - Scanned deleted blocks log and got 0 delTX to process.
2019-06-15 10:52:54,198 INFO  client.GrpcClientProtocolClient (GrpcClientProtocolClient.java:onNext(254)) - client-09EBABE1B9AF->325d518f-bf0d-428a-814f-266b27e759e4: receive RaftClientReply:client-09EBABE1B9AF->325d518f-bf0d-428a-814f-266b27e759e4@group-9696F0872FC0, cid=13, SUCCESS, logIndex=24, commits[325d518f-bf0d-428a-814f-266b27e759e4:c24]
2019-06-15 10:52:54,202 INFO  client.GrpcClientProtocolClient (GrpcClientProtocolClient.java:onNext(254)) - client-09EBABE1B9AF->325d518f-bf0d-428a-814f-266b27e759e4: receive RaftClientReply:client-09EBABE1B9AF->325d518f-bf0d-428a-814f-266b27e759e4@group-9696F0872FC0, cid=14, SUCCESS, logIndex=26, commits[325d518f-bf0d-428a-814f-266b27e759e4:c26]
2019-06-15 10:52:54,211 INFO  client.GrpcClientProtocolClient (GrpcClientProtocolClient.java:onNext(254)) - client-09EBABE1B9AF->325d518f-bf0d-428a-814f-266b27e759e4: receive RaftClientReply:client-09EBABE1B9AF->325d518f-bf0d-428a-814f-266b27e759e4@group-9696F0872FC0, cid=15, SUCCESS, logIndex=28, commits[325d518f-bf0d-428a-814f-266b27e759e4:c29]
2019-06-15 10:52:54,215 INFO  client.GrpcClientProtocolClient (GrpcClientProtocolClient.java:onNext(254)) - client-09EBABE1B9AF->325d518f-bf0d-428a-814f-266b27e759e4: receive RaftClientReply:client-09EBABE1B9AF->325d518f-bf0d-428a-814f-266b27e759e4@group-9696F0872FC0, cid=16, SUCCESS, logIndex=29, commits[325d518f-bf0d-428a-814f-266b27e759e4:c30]
2019-06-15 10:52:54,245 INFO  client.GrpcClientProtocolClient (GrpcClientProtocolClient.java:onNext(254)) - client-09EBABE1B9AF->325d518f-bf0d-428a-814f-266b27e759e4: receive RaftClientReply:client-09EBABE1B9AF->325d518f-bf0d-428a-814f-266b27e759e4@group-9696F0872FC0, cid=17, SUCCESS, logIndex=31, commits[325d518f-bf0d-428a-814f-266b27e759e4:c32]
2019-06-15 10:52:54,266 INFO  client.GrpcClientProtocolClient (GrpcClientProtocolClient.java:onNext(254)) - client-09EBABE1B9AF->325d518f-bf0d-428a-814f-266b27e759e4: receive RaftClientReply:client-09EBABE1B9AF->325d518f-bf0d-428a-814f-266b27e759e4@group-9696F0872FC0, cid=18, SUCCESS, logIndex=33, commits[325d518f-bf0d-428a-814f-266b27e759e4:c37]
2019-06-15 10:52:54,268 INFO  client.GrpcClientProtocolClient (GrpcClientProtocolClient.java:onNext(254)) - client-09EBABE1B9AF->325d518f-bf0d-428a-814f-266b27e759e4: receive RaftClientReply:client-09EBABE1B9AF->325d518f-bf0d-428a-814f-266b27e759e4@group-9696F0872FC0, cid=19, SUCCESS, logIndex=34, commits[325d518f-bf0d-428a-814f-266b27e759e4:c37]
2019-06-15 10:52:54,269 INFO  client.GrpcClientProtocolClient (GrpcClientProtocolClient.java:onNext(254)) - client-09EBABE1B9AF->325d518f-bf0d-428a-814f-266b27e759e4: receive RaftClientReply:client-09EBABE1B9AF->325d518f-bf0d-428a-814f-266b27e759e4@group-9696F0872FC0, cid=20, SUCCESS, logIndex=36, commits[325d518f-bf0d-428a-814f-266b27e759e4:c37]
2019-06-15 10:52:54,282 INFO  client.GrpcClientProtocolClient (GrpcClientProtocolClient.java:onNext(254)) - client-09EBABE1B9AF->325d518f-bf0d-428a-814f-266b27e759e4: receive RaftClientReply:client-09EBABE1B9AF->325d518f-bf0d-428a-814f-266b27e759e4@group-9696F0872FC0, cid=21, SUCCESS, logIndex=38, commits[325d518f-bf0d-428a-814f-266b27e759e4:c38]
2019-06-15 10:52:54,285 INFO  client.GrpcClientProtocolClient (GrpcClientProtocolClient.java:onNext(254)) - client-09EBABE1B9AF->325d518f-bf0d-428a-814f-266b27e759e4: receive RaftClientReply:client-09EBABE1B9AF->325d518f-bf0d-428a-814f-266b27e759e4@group-9696F0872FC0, cid=22, SUCCESS, logIndex=40, commits[325d518f-bf0d-428a-814f-266b27e759e4:c40]
2019-06-15 10:52:54,295 INFO  client.GrpcClientProtocolClient (GrpcClientProtocolClient.java:onNext(254)) - client-09EBABE1B9AF->325d518f-bf0d-428a-814f-266b27e759e4: receive RaftClientReply:client-09EBABE1B9AF->325d518f-bf0d-428a-814f-266b27e759e4@group-9696F0872FC0, cid=23, SUCCESS, logIndex=42, commits[325d518f-bf0d-428a-814f-266b27e759e4:c43]
2019-06-15 10:52:54,298 DEBUG block.SCMBlockDeletingService (SCMBlockDeletingService.java:call(138)) - Running DeletedBlockTransactionScanner
2019-06-15 10:52:54,298 DEBUG block.SCMBlockDeletingService (SCMBlockDeletingService.java:call(155)) - Scanned deleted blocks log and got 0 delTX to process.
2019-06-15 10:52:54,299 INFO  client.GrpcClientProtocolClient (GrpcClientProtocolClient.java:onNext(254)) - client-09EBABE1B9AF->325d518f-bf0d-428a-814f-266b27e759e4: receive RaftClientReply:client-09EBABE1B9AF->325d518f-bf0d-428a-814f-266b27e759e4@group-9696F0872FC0, cid=24, SUCCESS, logIndex=43, commits[325d518f-bf0d-428a-814f-266b27e759e4:c44]
2019-06-15 10:52:54,315 INFO  client.GrpcClientProtocolClient (GrpcClientProtocolClient.java:onNext(254)) - client-09EBABE1B9AF->325d518f-bf0d-428a-814f-266b27e759e4: receive RaftClientReply:client-09EBABE1B9AF->325d518f-bf0d-428a-814f-266b27e759e4@group-9696F0872FC0, cid=25, SUCCESS, logIndex=45, commits[325d518f-bf0d-428a-814f-266b27e759e4:c45]
2019-06-15 10:52:54,318 INFO  client.GrpcClientProtocolClient (GrpcClientProtocolClient.java:onNext(254)) - client-09EBABE1B9AF->325d518f-bf0d-428a-814f-266b27e759e4: receive RaftClientReply:client-09EBABE1B9AF->325d518f-bf0d-428a-814f-266b27e759e4@group-9696F0872FC0, cid=26, SUCCESS, logIndex=47, commits[325d518f-bf0d-428a-814f-266b27e759e4:c47]
2019-06-15 10:52:54,323 INFO  client.GrpcClientProtocolClient (GrpcClientProtocolClient.java:onNext(254)) - client-09EBABE1B9AF->325d518f-bf0d-428a-814f-266b27e759e4: receive RaftClientReply:client-09EBABE1B9AF->325d518f-bf0d-428a-814f-266b27e759e4@group-9696F0872FC0, cid=27, SUCCESS, logIndex=49, commits[325d518f-bf0d-428a-814f-266b27e759e4:c50]
2019-06-15 10:52:54,324 INFO  client.GrpcClientProtocolClient (GrpcClientProtocolClient.java:onNext(254)) - client-09EBABE1B9AF->325d518f-bf0d-428a-814f-266b27e759e4: receive RaftClientReply:client-09EBABE1B9AF->325d518f-bf0d-428a-814f-266b27e759e4@group-9696F0872FC0, cid=28, SUCCESS, logIndex=50, commits[325d518f-bf0d-428a-814f-266b27e759e4:c51]
2019-06-15 10:52:54,338 INFO  client.GrpcClientProtocolClient (GrpcClientProtocolClient.java:onNext(254)) - client-09EBABE1B9AF->325d518f-bf0d-428a-814f-266b27e759e4: receive RaftClientReply:client-09EBABE1B9AF->325d518f-bf0d-428a-814f-266b27e759e4@group-9696F0872FC0, cid=29, SUCCESS, logIndex=52, commits[325d518f-bf0d-428a-814f-266b27e759e4:c52]
2019-06-15 10:52:54,340 INFO  client.GrpcClientProtocolClient (GrpcClientProtocolClient.java:onNext(254)) - client-09EBABE1B9AF->325d518f-bf0d-428a-814f-266b27e759e4: receive RaftClientReply:client-09EBABE1B9AF->325d518f-bf0d-428a-814f-266b27e759e4@group-9696F0872FC0, cid=30, SUCCESS, logIndex=54, commits[325d518f-bf0d-428a-814f-266b27e759e4:c54]
2019-06-15 10:52:54,345 INFO  client.GrpcClientProtocolClient (GrpcClientProtocolClient.java:onNext(254)) - client-09EBABE1B9AF->325d518f-bf0d-428a-814f-266b27e759e4: receive RaftClientReply:client-09EBABE1B9AF->325d518f-bf0d-428a-814f-266b27e759e4@group-9696F0872FC0, cid=31, SUCCESS, logIndex=56, commits[325d518f-bf0d-428a-814f-266b27e759e4:c56]
2019-06-15 10:52:54,346 INFO  client.GrpcClientProtocolClient (GrpcClientProtocolClient.java:onNext(254)) - client-09EBABE1B9AF->325d518f-bf0d-428a-814f-266b27e759e4: receive RaftClientReply:client-09EBABE1B9AF->325d518f-bf0d-428a-814f-266b27e759e4@group-9696F0872FC0, cid=32, SUCCESS, logIndex=57, commits[325d518f-bf0d-428a-814f-266b27e759e4:c58]
2019-06-15 10:52:54,360 INFO  client.GrpcClientProtocolClient (GrpcClientProtocolClient.java:onNext(254)) - client-09EBABE1B9AF->325d518f-bf0d-428a-814f-266b27e759e4: receive RaftClientReply:client-09EBABE1B9AF->325d518f-bf0d-428a-814f-266b27e759e4@group-9696F0872FC0, cid=33, SUCCESS, logIndex=60, commits[325d518f-bf0d-428a-814f-266b27e759e4:c60]
2019-06-15 10:52:54,367 INFO  client.GrpcClientProtocolClient (GrpcClientProtocolClient.java:onNext(254)) - client-09EBABE1B9AF->325d518f-bf0d-428a-814f-266b27e759e4: receive RaftClientReply:client-09EBABE1B9AF->325d518f-bf0d-428a-814f-266b27e759e4@group-9696F0872FC0, cid=34, SUCCESS, logIndex=62, commits[325d518f-bf0d-428a-814f-266b27e759e4:c62]
2019-06-15 10:52:54,373 INFO  client.GrpcClientProtocolClient (GrpcClientProtocolClient.java:onNext(254)) - client-09EBABE1B9AF->325d518f-bf0d-428a-814f-266b27e759e4: receive RaftClientReply:client-09EBABE1B9AF->325d518f-bf0d-428a-814f-266b27e759e4@group-9696F0872FC0, cid=35, SUCCESS, logIndex=64, commits[325d518f-bf0d-428a-814f-266b27e759e4:c65]
2019-06-15 10:52:54,380 INFO  client.GrpcClientProtocolClient (GrpcClientProtocolClient.java:onNext(254)) - client-09EBABE1B9AF->325d518f-bf0d-428a-814f-266b27e759e4: receive RaftClientReply:client-09EBABE1B9AF->325d518f-bf0d-428a-814f-266b27e759e4@group-9696F0872FC0, cid=36, SUCCESS, logIndex=65, commits[325d518f-bf0d-428a-814f-266b27e759e4:c65]
2019-06-15 10:52:54,394 INFO  client.GrpcClientProtocolClient (GrpcClientProtocolClient.java:onNext(254)) - client-09EBABE1B9AF->325d518f-bf0d-428a-814f-266b27e759e4: receive RaftClientReply:client-09EBABE1B9AF->325d518f-bf0d-428a-814f-266b27e759e4@group-9696F0872FC0, cid=37, SUCCESS, logIndex=67, commits[325d518f-bf0d-428a-814f-266b27e759e4:c67]
2019-06-15 10:52:54,398 INFO  client.GrpcClientProtocolClient (GrpcClientProtocolClient.java:onNext(254)) - client-09EBABE1B9AF->325d518f-bf0d-428a-814f-266b27e759e4: receive RaftClientReply:client-09EBABE1B9AF->325d518f-bf0d-428a-814f-266b27e759e4@group-9696F0872FC0, cid=38, SUCCESS, logIndex=69, commits[325d518f-bf0d-428a-814f-266b27e759e4:c69]
2019-06-15 10:52:54,398 DEBUG block.SCMBlockDeletingService (SCMBlockDeletingService.java:call(138)) - Running DeletedBlockTransactionScanner
2019-06-15 10:52:54,398 DEBUG block.SCMBlockDeletingService (SCMBlockDeletingService.java:call(155)) - Scanned deleted blocks log and got 0 delTX to process.
2019-06-15 10:52:54,400 INFO  client.GrpcClientProtocolClient (GrpcClientProtocolClient.java:onNext(254)) - client-09EBABE1B9AF->325d518f-bf0d-428a-814f-266b27e759e4: receive RaftClientReply:client-09EBABE1B9AF->325d518f-bf0d-428a-814f-266b27e759e4@group-9696F0872FC0, cid=39, SUCCESS, logIndex=70, commits[325d518f-bf0d-428a-814f-266b27e759e4:c72]
2019-06-15 10:52:54,400 INFO  client.GrpcClientProtocolClient (GrpcClientProtocolClient.java:onNext(254)) - client-09EBABE1B9AF->325d518f-bf0d-428a-814f-266b27e759e4: receive RaftClientReply:client-09EBABE1B9AF->325d518f-bf0d-428a-814f-266b27e759e4@group-9696F0872FC0, cid=40, SUCCESS, logIndex=72, commits[325d518f-bf0d-428a-814f-266b27e759e4:c73]
2019-06-15 10:52:54,414 INFO  client.GrpcClientProtocolClient (GrpcClientProtocolClient.java:onNext(254)) - client-09EBABE1B9AF->325d518f-bf0d-428a-814f-266b27e759e4: receive RaftClientReply:client-09EBABE1B9AF->325d518f-bf0d-428a-814f-266b27e759e4@group-9696F0872FC0, cid=41, SUCCESS, logIndex=74, commits[325d518f-bf0d-428a-814f-266b27e759e4:c74]
2019-06-15 10:52:54,417 INFO  client.GrpcClientProtocolClient (GrpcClientProtocolClient.java:onNext(254)) - client-09EBABE1B9AF->325d518f-bf0d-428a-814f-266b27e759e4: receive RaftClientReply:client-09EBABE1B9AF->325d518f-bf0d-428a-814f-266b27e759e4@group-9696F0872FC0, cid=42, SUCCESS, logIndex=76, commits[325d518f-bf0d-428a-814f-266b27e759e4:c76]
2019-06-15 10:52:54,420 INFO  client.GrpcClientProtocolClient (GrpcClientProtocolClient.java:onNext(254)) - client-09EBABE1B9AF->325d518f-bf0d-428a-814f-266b27e759e4: receive RaftClientReply:client-09EBABE1B9AF->325d518f-bf0d-428a-814f-266b27e759e4@group-9696F0872FC0, cid=43, SUCCESS, logIndex=77, commits[325d518f-bf0d-428a-814f-266b27e759e4:c79]
2019-06-15 10:52:54,420 INFO  client.GrpcClientProtocolClient (GrpcClientProtocolClient.java:onNext(254)) - client-09EBABE1B9AF->325d518f-bf0d-428a-814f-266b27e759e4: receive RaftClientReply:client-09EBABE1B9AF->325d518f-bf0d-428a-814f-266b27e759e4@group-9696F0872FC0, cid=44, SUCCESS, logIndex=79, commits[325d518f-bf0d-428a-814f-266b27e759e4:c80]
2019-06-15 10:52:54,499 INFO  storage.RaftLogWorker (RaftLogWorker.java:rollLogSegment(303)) - 325d518f-bf0d-428a-814f-266b27e759e4-RaftLogWorker: Rolling segment log-0_80 to index:80
2019-06-15 10:52:54,499 DEBUG block.SCMBlockDeletingService (SCMBlockDeletingService.java:call(138)) - Running DeletedBlockTransactionScanner
2019-06-15 10:52:54,499 DEBUG block.SCMBlockDeletingService (SCMBlockDeletingService.java:call(155)) - Scanned deleted blocks log and got 0 delTX to process.
2019-06-15 10:52:54,501 INFO  storage.RaftLogWorker (RaftLogWorker.java:execute(433)) - 325d518f-bf0d-428a-814f-266b27e759e4-RaftLogWorker: Rolled log segment from /opt/src/hadoop-ozone/integration-test/target/test-dir/MiniOzoneClusterImpl-dd99cefe-9779-4043-9d74-181b69d2a827/datanode-0/data/ratis/e0f1d9ef-e225-4b24-a786-9696f0872fc0/current/log_inprogress_0 to /opt/src/hadoop-ozone/integration-test/target/test-dir/MiniOzoneClusterImpl-dd99cefe-9779-4043-9d74-181b69d2a827/datanode-0/data/ratis/e0f1d9ef-e225-4b24-a786-9696f0872fc0/current/log_0-80
2019-06-15 10:52:54,537 INFO  storage.RaftLogWorker (RaftLogWorker.java:execute(469)) - 325d518f-bf0d-428a-814f-266b27e759e4-RaftLogWorker: created new log segment /opt/src/hadoop-ozone/integration-test/target/test-dir/MiniOzoneClusterImpl-dd99cefe-9779-4043-9d74-181b69d2a827/datanode-0/data/ratis/e0f1d9ef-e225-4b24-a786-9696f0872fc0/current/log_inprogress_81
2019-06-15 10:52:54,540 INFO  client.GrpcClientProtocolClient (GrpcClientProtocolClient.java:onNext(254)) - client-09EBABE1B9AF->325d518f-bf0d-428a-814f-266b27e759e4: receive RaftClientReply:client-09EBABE1B9AF->325d518f-bf0d-428a-814f-266b27e759e4@group-9696F0872FC0, cid=45, SUCCESS, logIndex=81, commits[325d518f-bf0d-428a-814f-266b27e759e4:c81]
2019-06-15 10:52:54,544 INFO  client.GrpcClientProtocolClient (GrpcClientProtocolClient.java:onNext(254)) - client-09EBABE1B9AF->325d518f-bf0d-428a-814f-266b27e759e4: receive RaftClientReply:client-09EBABE1B9AF->325d518f-bf0d-428a-814f-266b27e759e4@group-9696F0872FC0, cid=46, SUCCESS, logIndex=83, commits[325d518f-bf0d-428a-814f-266b27e759e4:c83]
2019-06-15 10:52:54,547 INFO  client.GrpcClientProtocolClient (GrpcClientProtocolClient.java:onNext(254)) - client-09EBABE1B9AF->325d518f-bf0d-428a-814f-266b27e759e4: receive RaftClientReply:client-09EBABE1B9AF->325d518f-bf0d-428a-814f-266b27e759e4@group-9696F0872FC0, cid=47, SUCCESS, logIndex=85, commits[325d518f-bf0d-428a-814f-266b27e759e4:c86]
2019-06-15 10:52:54,547 INFO  client.GrpcClientProtocolClient (GrpcClientProtocolClient.java:onNext(254)) - client-09EBABE1B9AF->325d518f-bf0d-428a-814f-266b27e759e4: receive RaftClientReply:client-09EBABE1B9AF->325d518f-bf0d-428a-814f-266b27e759e4@group-9696F0872FC0, cid=48, SUCCESS, logIndex=86, commits[325d518f-bf0d-428a-814f-266b27e759e4:c87]
2019-06-15 10:52:54,567 INFO  client.GrpcClientProtocolClient (GrpcClientProtocolClient.java:onNext(254)) - client-09EBABE1B9AF->325d518f-bf0d-428a-814f-266b27e759e4: receive RaftClientReply:client-09EBABE1B9AF->325d518f-bf0d-428a-814f-266b27e759e4@group-9696F0872FC0, cid=49, SUCCESS, logIndex=88, commits[325d518f-bf0d-428a-814f-266b27e759e4:c88]
2019-06-15 10:52:54,570 INFO  client.GrpcClientProtocolClient (GrpcClientProtocolClient.java:onNext(254)) - client-09EBABE1B9AF->325d518f-bf0d-428a-814f-266b27e759e4: receive RaftClientReply:client-09EBABE1B9AF->325d518f-bf0d-428a-814f-266b27e759e4@group-9696F0872FC0, cid=50, SUCCESS, logIndex=90, commits[325d518f-bf0d-428a-814f-266b27e759e4:c90]
2019-06-15 10:52:54,574 INFO  client.GrpcClientProtocolClient (GrpcClientProtocolClient.java:onNext(254)) - client-09EBABE1B9AF->325d518f-bf0d-428a-814f-266b27e759e4: receive RaftClientReply:client-09EBABE1B9AF->325d518f-bf0d-428a-814f-266b27e759e4@group-9696F0872FC0, cid=51, SUCCESS, logIndex=92, commits[325d518f-bf0d-428a-814f-266b27e759e4:c93]
2019-06-15 10:52:54,575 INFO  client.GrpcClientProtocolClient (GrpcClientProtocolClient.java:onNext(254)) - client-09EBABE1B9AF->325d518f-bf0d-428a-814f-266b27e759e4: receive RaftClientReply:client-09EBABE1B9AF->325d518f-bf0d-428a-814f-266b27e759e4@group-9696F0872FC0, cid=52, SUCCESS, logIndex=93, commits[325d518f-bf0d-428a-814f-266b27e759e4:c94]
2019-06-15 10:52:54,638 DEBUG block.SCMBlockDeletingService (SCMBlockDeletingService.java:call(138)) - Running DeletedBlockTransactionScanner
2019-06-15 10:52:54,638 DEBUG block.SCMBlockDeletingService (SCMBlockDeletingService.java:call(155)) - Scanned deleted blocks log and got 0 delTX to process.
2019-06-15 10:52:54,648 INFO  client.GrpcClientProtocolClient (GrpcClientProtocolClient.java:onNext(254)) - client-09EBABE1B9AF->325d518f-bf0d-428a-814f-266b27e759e4: receive RaftClientReply:client-09EBABE1B9AF->325d518f-bf0d-428a-814f-266b27e759e4@group-9696F0872FC0, cid=53, SUCCESS, logIndex=95, commits[325d518f-bf0d-428a-814f-266b27e759e4:c95]
2019-06-15 10:52:54,652 INFO  client.GrpcClientProtocolClient (GrpcClientProtocolClient.java:onNext(254)) - client-09EBABE1B9AF->325d518f-bf0d-428a-814f-266b27e759e4: receive RaftClientReply:client-09EBABE1B9AF->325d518f-bf0d-428a-814f-266b27e759e4@group-9696F0872FC0, cid=54, SUCCESS, logIndex=97, commits[325d518f-bf0d-428a-814f-266b27e759e4:c97]
2019-06-15 10:52:54,653 INFO  client.GrpcClientProtocolClient (GrpcClientProtocolClient.java:onNext(254)) - client-09EBABE1B9AF->325d518f-bf0d-428a-814f-266b27e759e4: receive RaftClientReply:client-09EBABE1B9AF->325d518f-bf0d-428a-814f-266b27e759e4@group-9696F0872FC0, cid=55, SUCCESS, logIndex=98, commits[325d518f-bf0d-428a-814f-266b27e759e4:c100]
2019-06-15 10:52:54,654 INFO  client.GrpcClientProtocolClient (GrpcClientProtocolClient.java:onNext(254)) - client-09EBABE1B9AF->325d518f-bf0d-428a-814f-266b27e759e4: receive RaftClientReply:client-09EBABE1B9AF->325d518f-bf0d-428a-814f-266b27e759e4@group-9696F0872FC0, cid=56, SUCCESS, logIndex=100, commits[325d518f-bf0d-428a-814f-266b27e759e4:c101]
2019-06-15 10:52:54,670 INFO  client.GrpcClientProtocolClient (GrpcClientProtocolClient.java:onNext(254)) - client-09EBABE1B9AF->325d518f-bf0d-428a-814f-266b27e759e4: receive RaftClientReply:client-09EBABE1B9AF->325d518f-bf0d-428a-814f-266b27e759e4@group-9696F0872FC0, cid=57, SUCCESS, logIndex=102, commits[325d518f-bf0d-428a-814f-266b27e759e4:c102]
2019-06-15 10:52:54,673 INFO  client.GrpcClientProtocolClient (GrpcClientProtocolClient.java:onNext(254)) - client-09EBABE1B9AF->325d518f-bf0d-428a-814f-266b27e759e4: receive RaftClientReply:client-09EBABE1B9AF->325d518f-bf0d-428a-814f-266b27e759e4@group-9696F0872FC0, cid=58, SUCCESS, logIndex=104, commits[325d518f-bf0d-428a-814f-266b27e759e4:c104]
2019-06-15 10:52:54,678 INFO  client.GrpcClientProtocolClient (GrpcClientProtocolClient.java:onNext(254)) - client-09EBABE1B9AF->325d518f-bf0d-428a-814f-266b27e759e4: receive RaftClientReply:client-09EBABE1B9AF->325d518f-bf0d-428a-814f-266b27e759e4@group-9696F0872FC0, cid=59, SUCCESS, logIndex=106, commits[325d518f-bf0d-428a-814f-266b27e759e4:c107]
2019-06-15 10:52:54,679 INFO  client.GrpcClientProtocolClient (GrpcClientProtocolClient.java:onNext(254)) - client-09EBABE1B9AF->325d518f-bf0d-428a-814f-266b27e759e4: receive RaftClientReply:client-09EBABE1B9AF->325d518f-bf0d-428a-814f-266b27e759e4@group-9696F0872FC0, cid=60, SUCCESS, logIndex=107, commits[325d518f-bf0d-428a-814f-266b27e759e4:c108]
2019-06-15 10:52:54,688 INFO  client.GrpcClientProtocolClient (GrpcClientProtocolClient.java:onNext(254)) - client-09EBABE1B9AF->325d518f-bf0d-428a-814f-266b27e759e4: receive RaftClientReply:client-09EBABE1B9AF->325d518f-bf0d-428a-814f-266b27e759e4@group-9696F0872FC0, cid=61, SUCCESS, logIndex=109, commits[325d518f-bf0d-428a-814f-266b27e759e4:c109]
2019-06-15 10:52:54,691 INFO  client.GrpcClientProtocolClient (GrpcClientProtocolClient.java:onNext(254)) - client-09EBABE1B9AF->325d518f-bf0d-428a-814f-266b27e759e4: receive RaftClientReply:client-09EBABE1B9AF->325d518f-bf0d-428a-814f-266b27e759e4@group-9696F0872FC0, cid=62, SUCCESS, logIndex=111, commits[325d518f-bf0d-428a-814f-266b27e759e4:c111]
2019-06-15 10:52:54,694 INFO  client.GrpcClientProtocolClient (GrpcClientProtocolClient.java:onNext(254)) - client-09EBABE1B9AF->325d518f-bf0d-428a-814f-266b27e759e4: receive RaftClientReply:client-09EBABE1B9AF->325d518f-bf0d-428a-814f-266b27e759e4@group-9696F0872FC0, cid=63, SUCCESS, logIndex=112, commits[325d518f-bf0d-428a-814f-266b27e759e4:c114]
2019-06-15 10:52:54,694 INFO  client.GrpcClientProtocolClient (GrpcClientProtocolClient.java:onNext(254)) - client-09EBABE1B9AF->325d518f-bf0d-428a-814f-266b27e759e4: receive RaftClientReply:client-09EBABE1B9AF->325d518f-bf0d-428a-814f-266b27e759e4@group-9696F0872FC0, cid=64, SUCCESS, logIndex=114, commits[325d518f-bf0d-428a-814f-266b27e759e4:c115]
2019-06-15 10:52:54,710 INFO  client.GrpcClientProtocolClient (GrpcClientProtocolClient.java:onNext(254)) - client-09EBABE1B9AF->325d518f-bf0d-428a-814f-266b27e759e4: receive RaftClientReply:client-09EBABE1B9AF->325d518f-bf0d-428a-814f-266b27e759e4@group-9696F0872FC0, cid=65, SUCCESS, logIndex=116, commits[325d518f-bf0d-428a-814f-266b27e759e4:c116]
2019-06-15 10:52:54,713 INFO  client.GrpcClientProtocolClient (GrpcClientProtocolClient.java:onNext(254)) - client-09EBABE1B9AF->325d518f-bf0d-428a-814f-266b27e759e4: receive RaftClientReply:client-09EBABE1B9AF->325d518f-bf0d-428a-814f-266b27e759e4@group-9696F0872FC0, cid=66, SUCCESS, logIndex=118, commits[325d518f-bf0d-428a-814f-266b27e759e4:c118]
2019-06-15 10:52:54,715 INFO  client.GrpcClientProtocolClient (GrpcClientProtocolClient.java:onNext(254)) - client-09EBABE1B9AF->325d518f-bf0d-428a-814f-266b27e759e4: receive RaftClientReply:client-09EBABE1B9AF->325d518f-bf0d-428a-814f-266b27e759e4@group-9696F0872FC0, cid=67, SUCCESS, logIndex=119, commits[325d518f-bf0d-428a-814f-266b27e759e4:c121]
2019-06-15 10:52:54,716 INFO  client.GrpcClientProtocolClient (GrpcClientProtocolClient.java:onNext(254)) - client-09EBABE1B9AF->325d518f-bf0d-428a-814f-266b27e759e4: receive RaftClientReply:client-09EBABE1B9AF->325d518f-bf0d-428a-814f-266b27e759e4@group-9696F0872FC0, cid=68, SUCCESS, logIndex=121, commits[325d518f-bf0d-428a-814f-266b27e759e4:c122]
2019-06-15 10:52:54,728 INFO  client.GrpcClientProtocolClient (GrpcClientProtocolClient.java:onNext(254)) - client-09EBABE1B9AF->325d518f-bf0d-428a-814f-266b27e759e4: receive RaftClientReply:client-09EBABE1B9AF->325d518f-bf0d-428a-814f-266b27e759e4@group-9696F0872FC0, cid=69, SUCCESS, logIndex=123, commits[325d518f-bf0d-428a-814f-266b27e759e4:c123]
2019-06-15 10:52:54,731 INFO  client.GrpcClientProtocolClient (GrpcClientProtocolClient.java:onNext(254)) - client-09EBABE1B9AF->325d518f-bf0d-428a-814f-266b27e759e4: receive RaftClientReply:client-09EBABE1B9AF->325d518f-bf0d-428a-814f-266b27e759e4@group-9696F0872FC0, cid=70, SUCCESS, logIndex=125, commits[325d518f-bf0d-428a-814f-266b27e759e4:c125]
2019-06-15 10:52:54,733 INFO  client.GrpcClientProtocolClient (GrpcClientProtocolClient.java:onNext(254)) - client-09EBABE1B9AF->325d518f-bf0d-428a-814f-266b27e759e4: receive RaftClientReply:client-09EBABE1B9AF->325d518f-bf0d-428a-814f-266b27e759e4@group-9696F0872FC0, cid=71, SUCCESS, logIndex=126, commits[325d518f-bf0d-428a-814f-266b27e759e4:c128]
2019-06-15 10:52:54,733 INFO  client.GrpcClientProtocolClient (GrpcClientProtocolClient.java:onNext(254)) - client-09EBABE1B9AF->325d518f-bf0d-428a-814f-266b27e759e4: receive RaftClientReply:client-09EBABE1B9AF->325d518f-bf0d-428a-814f-266b27e759e4@group-9696F0872FC0, cid=72, SUCCESS, logIndex=128, commits[325d518f-bf0d-428a-814f-266b27e759e4:c129]
2019-06-15 10:52:54,739 DEBUG block.SCMBlockDeletingService (SCMBlockDeletingService.java:call(138)) - Running DeletedBlockTransactionScanner
2019-06-15 10:52:54,739 DEBUG block.SCMBlockDeletingService (SCMBlockDeletingService.java:call(155)) - Scanned deleted blocks log and got 0 delTX to process.
2019-06-15 10:52:54,751 INFO  client.GrpcClientProtocolClient (GrpcClientProtocolClient.java:onNext(254)) - client-09EBABE1B9AF->325d518f-bf0d-428a-814f-266b27e759e4: receive RaftClientReply:client-09EBABE1B9AF->325d518f-bf0d-428a-814f-266b27e759e4@group-9696F0872FC0, cid=73, SUCCESS, logIndex=130, commits[325d518f-bf0d-428a-814f-266b27e759e4:c130]
2019-06-15 10:52:54,754 INFO  client.GrpcClientProtocolClient (GrpcClientProtocolClient.java:onNext(254)) - client-09EBABE1B9AF->325d518f-bf0d-428a-814f-266b27e759e4: receive RaftClientReply:client-09EBABE1B9AF->325d518f-bf0d-428a-814f-266b27e759e4@group-9696F0872FC0, cid=74, SUCCESS, logIndex=132, commits[325d518f-bf0d-428a-814f-266b27e759e4:c132]
2019-06-15 10:52:54,759 INFO  client.GrpcClientProtocolClient (GrpcClientProtocolClient.java:onNext(254)) - client-09EBABE1B9AF->325d518f-bf0d-428a-814f-266b27e759e4: receive RaftClientReply:client-09EBABE1B9AF->325d518f-bf0d-428a-814f-266b27e759e4@group-9696F0872FC0, cid=75, SUCCESS, logIndex=133, commits[325d518f-bf0d-428a-814f-266b27e759e4:c135]
2019-06-15 10:52:54,759 INFO  client.GrpcClientProtocolClient (GrpcClientProtocolClient.java:onNext(254)) - client-09EBABE1B9AF->325d518f-bf0d-428a-814f-266b27e759e4: receive RaftClientReply:client-09EBABE1B9AF->325d518f-bf0d-428a-814f-266b27e759e4@group-9696F0872FC0, cid=76, SUCCESS, logIndex=135, commits[325d518f-bf0d-428a-814f-266b27e759e4:c136]
2019-06-15 10:52:54,769 INFO  client.GrpcClientProtocolClient (GrpcClientProtocolClient.java:onNext(254)) - client-09EBABE1B9AF->325d518f-bf0d-428a-814f-266b27e759e4: receive RaftClientReply:client-09EBABE1B9AF->325d518f-bf0d-428a-814f-266b27e759e4@group-9696F0872FC0, cid=77, SUCCESS, logIndex=137, commits[325d518f-bf0d-428a-814f-266b27e759e4:c137]
2019-06-15 10:52:54,773 INFO  client.GrpcClientProtocolClient (GrpcClientProtocolClient.java:onNext(254)) - client-09EBABE1B9AF->325d518f-bf0d-428a-814f-266b27e759e4: receive RaftClientReply:client-09EBABE1B9AF->325d518f-bf0d-428a-814f-266b27e759e4@group-9696F0872FC0, cid=78, SUCCESS, logIndex=139, commits[325d518f-bf0d-428a-814f-266b27e759e4:c139]
2019-06-15 10:52:54,775 INFO  client.GrpcClientProtocolClient (GrpcClientProtocolClient.java:onNext(254)) - client-09EBABE1B9AF->325d518f-bf0d-428a-814f-266b27e759e4: receive RaftClientReply:client-09EBABE1B9AF->325d518f-bf0d-428a-814f-266b27e759e4@group-9696F0872FC0, cid=79, SUCCESS, logIndex=140, commits[325d518f-bf0d-428a-814f-266b27e759e4:c142]
2019-06-15 10:52:54,779 INFO  client.GrpcClientProtocolClient (GrpcClientProtocolClient.java:onNext(254)) - client-09EBABE1B9AF->325d518f-bf0d-428a-814f-266b27e759e4: receive RaftClientReply:client-09EBABE1B9AF->325d518f-bf0d-428a-814f-266b27e759e4@group-9696F0872FC0, cid=80, SUCCESS, logIndex=141, commits[325d518f-bf0d-428a-814f-266b27e759e4:c142]
2019-06-15 10:52:54,794 INFO  client.GrpcClientProtocolClient (GrpcClientProtocolClient.java:onNext(254)) - client-09EBABE1B9AF->325d518f-bf0d-428a-814f-266b27e759e4: receive RaftClientReply:client-09EBABE1B9AF->325d518f-bf0d-428a-814f-266b27e759e4@group-9696F0872FC0, cid=81, SUCCESS, logIndex=143, commits[325d518f-bf0d-428a-814f-266b27e759e4:c143]
2019-06-15 10:52:54,798 INFO  client.GrpcClientProtocolClient (GrpcClientProtocolClient.java:onNext(254)) - client-09EBABE1B9AF->325d518f-bf0d-428a-814f-266b27e759e4: receive RaftClientReply:client-09EBABE1B9AF->325d518f-bf0d-428a-814f-266b27e759e4@group-9696F0872FC0, cid=82, SUCCESS, logIndex=145, commits[325d518f-bf0d-428a-814f-266b27e759e4:c145]
2019-06-15 10:52:54,799 INFO  client.GrpcClientProtocolClient (GrpcClientProtocolClient.java:onNext(254)) - client-09EBABE1B9AF->325d518f-bf0d-428a-814f-266b27e759e4: receive RaftClientReply:client-09EBABE1B9AF->325d518f-bf0d-428a-814f-266b27e759e4@group-9696F0872FC0, cid=83, SUCCESS, logIndex=146, commits[325d518f-bf0d-428a-814f-266b27e759e4:c148]
2019-06-15 10:52:54,800 INFO  client.GrpcClientProtocolClient (GrpcClientProtocolClient.java:onNext(254)) - client-09EBABE1B9AF->325d518f-bf0d-428a-814f-266b27e759e4: receive RaftClientReply:client-09EBABE1B9AF->325d518f-bf0d-428a-814f-266b27e759e4@group-9696F0872FC0, cid=84, SUCCESS, logIndex=147, commits[325d518f-bf0d-428a-814f-266b27e759e4:c148]
2019-06-15 10:52:54,809 INFO  client.GrpcClientProtocolClient (GrpcClientProtocolClient.java:onNext(254)) - client-09EBABE1B9AF->325d518f-bf0d-428a-814f-266b27e759e4: receive RaftClientReply:client-09EBABE1B9AF->325d518f-bf0d-428a-814f-266b27e759e4@group-9696F0872FC0, cid=85, SUCCESS, logIndex=149, commits[325d518f-bf0d-428a-814f-266b27e759e4:c149]
2019-06-15 10:52:54,811 INFO  storage.RaftLogWorker (RaftLogWorker.java:rollLogSegment(303)) - 325d518f-bf0d-428a-814f-266b27e759e4-RaftLogWorker: Rolling segment log-81_153 to index:153
2019-06-15 10:52:54,812 INFO  storage.RaftLogWorker (RaftLogWorker.java:execute(433)) - 325d518f-bf0d-428a-814f-266b27e759e4-RaftLogWorker: Rolled log segment from /opt/src/hadoop-ozone/integration-test/target/test-dir/MiniOzoneClusterImpl-dd99cefe-9779-4043-9d74-181b69d2a827/datanode-0/data/ratis/e0f1d9ef-e225-4b24-a786-9696f0872fc0/current/log_inprogress_81 to /opt/src/hadoop-ozone/integration-test/target/test-dir/MiniOzoneClusterImpl-dd99cefe-9779-4043-9d74-181b69d2a827/datanode-0/data/ratis/e0f1d9ef-e225-4b24-a786-9696f0872fc0/current/log_81-153
2019-06-15 10:52:54,814 INFO  client.GrpcClientProtocolClient (GrpcClientProtocolClient.java:onNext(254)) - client-09EBABE1B9AF->325d518f-bf0d-428a-814f-266b27e759e4: receive RaftClientReply:client-09EBABE1B9AF->325d518f-bf0d-428a-814f-266b27e759e4@group-9696F0872FC0, cid=86, SUCCESS, logIndex=151, commits[325d518f-bf0d-428a-814f-266b27e759e4:c151]
2019-06-15 10:52:54,815 INFO  client.GrpcClientProtocolClient (GrpcClientProtocolClient.java:onNext(254)) - client-09EBABE1B9AF->325d518f-bf0d-428a-814f-266b27e759e4: receive RaftClientReply:client-09EBABE1B9AF->325d518f-bf0d-428a-814f-266b27e759e4@group-9696F0872FC0, cid=87, SUCCESS, logIndex=152, commits[325d518f-bf0d-428a-814f-266b27e759e4:c153]
2019-06-15 10:52:54,839 DEBUG block.SCMBlockDeletingService (SCMBlockDeletingService.java:call(138)) - Running DeletedBlockTransactionScanner
2019-06-15 10:52:54,849 DEBUG block.SCMBlockDeletingService (SCMBlockDeletingService.java:call(155)) - Scanned deleted blocks log and got 0 delTX to process.
2019-06-15 10:52:54,854 INFO  storage.RaftLogWorker (RaftLogWorker.java:execute(469)) - 325d518f-bf0d-428a-814f-266b27e759e4-RaftLogWorker: created new log segment /opt/src/hadoop-ozone/integration-test/target/test-dir/MiniOzoneClusterImpl-dd99cefe-9779-4043-9d74-181b69d2a827/datanode-0/data/ratis/e0f1d9ef-e225-4b24-a786-9696f0872fc0/current/log_inprogress_154
2019-06-15 10:52:54,857 INFO  client.GrpcClientProtocolClient (GrpcClientProtocolClient.java:onNext(254)) - client-09EBABE1B9AF->325d518f-bf0d-428a-814f-266b27e759e4: receive RaftClientReply:client-09EBABE1B9AF->325d518f-bf0d-428a-814f-266b27e759e4@group-9696F0872FC0, cid=88, SUCCESS, logIndex=154, commits[325d518f-bf0d-428a-814f-266b27e759e4:c154]
2019-06-15 10:52:54,938 INFO  client.GrpcClientProtocolClient (GrpcClientProtocolClient.java:onNext(254)) - client-09EBABE1B9AF->325d518f-bf0d-428a-814f-266b27e759e4: receive RaftClientReply:client-09EBABE1B9AF->325d518f-bf0d-428a-814f-266b27e759e4@group-9696F0872FC0, cid=89, SUCCESS, logIndex=156, commits[325d518f-bf0d-428a-814f-266b27e759e4:c156]
2019-06-15 10:52:54,943 INFO  client.GrpcClientProtocolClient (GrpcClientProtocolClient.java:onNext(254)) - client-09EBABE1B9AF->325d518f-bf0d-428a-814f-266b27e759e4: receive RaftClientReply:client-09EBABE1B9AF->325d518f-bf0d-428a-814f-266b27e759e4@group-9696F0872FC0, cid=90, SUCCESS, logIndex=158, commits[325d518f-bf0d-428a-814f-266b27e759e4:c158]
2019-06-15 10:52:54,946 INFO  client.GrpcClientProtocolClient (GrpcClientProtocolClient.java:onNext(254)) - client-09EBABE1B9AF->325d518f-bf0d-428a-814f-266b27e759e4: receive RaftClientReply:client-09EBABE1B9AF->325d518f-bf0d-428a-814f-266b27e759e4@group-9696F0872FC0, cid=91, SUCCESS, logIndex=159, commits[325d518f-bf0d-428a-814f-266b27e759e4:c161]
2019-06-15 10:52:54,946 INFO  client.GrpcClientProtocolClient (GrpcClientProtocolClient.java:onNext(254)) - client-09EBABE1B9AF->325d518f-bf0d-428a-814f-266b27e759e4: receive RaftClientReply:client-09EBABE1B9AF->325d518f-bf0d-428a-814f-266b27e759e4@group-9696F0872FC0, cid=92, SUCCESS, logIndex=161, commits[325d518f-bf0d-428a-814f-266b27e759e4:c162]
2019-06-15 10:52:54,951 DEBUG block.SCMBlockDeletingService (SCMBlockDeletingService.java:call(138)) - Running DeletedBlockTransactionScanner
2019-06-15 10:52:54,952 DEBUG block.SCMBlockDeletingService (SCMBlockDeletingService.java:call(155)) - Scanned deleted blocks log and got 0 delTX to process.
2019-06-15 10:52:55,022 INFO  client.GrpcClientProtocolClient (GrpcClientProtocolClient.java:onNext(254)) - client-09EBABE1B9AF->325d518f-bf0d-428a-814f-266b27e759e4: receive RaftClientReply:client-09EBABE1B9AF->325d518f-bf0d-428a-814f-266b27e759e4@group-9696F0872FC0, cid=93, SUCCESS, logIndex=163, commits[325d518f-bf0d-428a-814f-266b27e759e4:c163]
2019-06-15 10:52:55,027 INFO  client.GrpcClientProtocolClient (GrpcClientProtocolClient.java:onNext(254)) - client-09EBABE1B9AF->325d518f-bf0d-428a-814f-266b27e759e4: receive RaftClientReply:client-09EBABE1B9AF->325d518f-bf0d-428a-814f-266b27e759e4@group-9696F0872FC0, cid=94, SUCCESS, logIndex=165, commits[325d518f-bf0d-428a-814f-266b27e759e4:c165]
2019-06-15 10:52:55,028 INFO  client.GrpcClientProtocolClient (GrpcClientProtocolClient.java:onNext(254)) - client-09EBABE1B9AF->325d518f-bf0d-428a-814f-266b27e759e4: receive RaftClientReply:client-09EBABE1B9AF->325d518f-bf0d-428a-814f-266b27e759e4@group-9696F0872FC0, cid=95, SUCCESS, logIndex=167, commits[325d518f-bf0d-428a-814f-266b27e759e4:c167]
2019-06-15 10:52:55,029 INFO  client.GrpcClientProtocolClient (GrpcClientProtocolClient.java:onNext(254)) - client-09EBABE1B9AF->325d518f-bf0d-428a-814f-266b27e759e4: receive RaftClientReply:client-09EBABE1B9AF->325d518f-bf0d-428a-814f-266b27e759e4@group-9696F0872FC0, cid=96, SUCCESS, logIndex=168, commits[325d518f-bf0d-428a-814f-266b27e759e4:c168]
2019-06-15 10:52:55,044 INFO  client.GrpcClientProtocolClient (GrpcClientProtocolClient.java:onNext(254)) - client-09EBABE1B9AF->325d518f-bf0d-428a-814f-266b27e759e4: receive RaftClientReply:client-09EBABE1B9AF->325d518f-bf0d-428a-814f-266b27e759e4@group-9696F0872FC0, cid=97, SUCCESS, logIndex=171, commits[325d518f-bf0d-428a-814f-266b27e759e4:c171]
2019-06-15 10:52:55,049 INFO  client.GrpcClientProtocolClient (GrpcClientProtocolClient.java:onNext(254)) - client-09EBABE1B9AF->325d518f-bf0d-428a-814f-266b27e759e4: receive RaftClientReply:client-09EBABE1B9AF->325d518f-bf0d-428a-814f-266b27e759e4@group-9696F0872FC0, cid=98, SUCCESS, logIndex=173, commits[325d518f-bf0d-428a-814f-266b27e759e4:c174]
2019-06-15 10:52:55,054 DEBUG block.SCMBlockDeletingService (SCMBlockDeletingService.java:call(138)) - Running DeletedBlockTransactionScanner
2019-06-15 10:52:55,055 DEBUG block.SCMBlockDeletingService (SCMBlockDeletingService.java:call(155)) - Scanned deleted blocks log and got 0 delTX to process.
2019-06-15 10:52:55,056 INFO  client.GrpcClientProtocolClient (GrpcClientProtocolClient.java:onNext(254)) - client-09EBABE1B9AF->325d518f-bf0d-428a-814f-266b27e759e4: receive RaftClientReply:client-09EBABE1B9AF->325d518f-bf0d-428a-814f-266b27e759e4@group-9696F0872FC0, cid=99, SUCCESS, logIndex=174, commits[325d518f-bf0d-428a-814f-266b27e759e4:c176]
2019-06-15 10:52:55,056 INFO  client.GrpcClientProtocolClient (GrpcClientProtocolClient.java:onNext(254)) - client-09EBABE1B9AF->325d518f-bf0d-428a-814f-266b27e759e4: receive RaftClientReply:client-09EBABE1B9AF->325d518f-bf0d-428a-814f-266b27e759e4@group-9696F0872FC0, cid=100, SUCCESS, logIndex=176, commits[325d518f-bf0d-428a-814f-266b27e759e4:c176]
2019-06-15 10:52:55,070 INFO  client.GrpcClientProtocolClient (GrpcClientProtocolClient.java:onNext(254)) - client-09EBABE1B9AF->325d518f-bf0d-428a-814f-266b27e759e4: receive RaftClientReply:client-09EBABE1B9AF->325d518f-bf0d-428a-814f-266b27e759e4@group-9696F0872FC0, cid=101, SUCCESS, logIndex=179, commits[325d518f-bf0d-428a-814f-266b27e759e4:c179]
2019-06-15 10:52:55,078 INFO  client.GrpcClientProtocolClient (GrpcClientProtocolClient.java:onNext(254)) - client-09EBABE1B9AF->325d518f-bf0d-428a-814f-266b27e759e4: receive RaftClientReply:client-09EBABE1B9AF->325d518f-bf0d-428a-814f-266b27e759e4@group-9696F0872FC0, cid=102, SUCCESS, logIndex=181, commits[325d518f-bf0d-428a-814f-266b27e759e4:c181]
2019-06-15 10:52:55,083 INFO  client.GrpcClientProtocolClient (GrpcClientProtocolClient.java:onNext(254)) - client-09EBABE1B9AF->325d518f-bf0d-428a-814f-266b27e759e4: receive RaftClientReply:client-09EBABE1B9AF->325d518f-bf0d-428a-814f-266b27e759e4@group-9696F0872FC0, cid=103, SUCCESS, logIndex=182, commits[325d518f-bf0d-428a-814f-266b27e759e4:c184]
2019-06-15 10:52:55,083 INFO  client.GrpcClientProtocolClient (GrpcClientProtocolClient.java:onNext(254)) - client-09EBABE1B9AF->325d518f-bf0d-428a-814f-266b27e759e4: receive RaftClientReply:client-09EBABE1B9AF->325d518f-bf0d-428a-814f-266b27e759e4@group-9696F0872FC0, cid=104, SUCCESS, logIndex=184, commits[325d518f-bf0d-428a-814f-266b27e759e4:c185]
2019-06-15 10:52:55,099 INFO  client.GrpcClientProtocolClient (GrpcClientProtocolClient.java:onNext(254)) - client-09EBABE1B9AF->325d518f-bf0d-428a-814f-266b27e759e4: receive RaftClientReply:client-09EBABE1B9AF->325d518f-bf0d-428a-814f-266b27e759e4@group-9696F0872FC0, cid=105, SUCCESS, logIndex=186, commits[325d518f-bf0d-428a-814f-266b27e759e4:c186]
2019-06-15 10:52:55,102 INFO  client.GrpcClientProtocolClient (GrpcClientProtocolClient.java:onNext(254)) - client-09EBABE1B9AF->325d518f-bf0d-428a-814f-266b27e759e4: receive RaftClientReply:client-09EBABE1B9AF->325d518f-bf0d-428a-814f-266b27e759e4@group-9696F0872FC0, cid=106, SUCCESS, logIndex=188, commits[325d518f-bf0d-428a-814f-266b27e759e4:c188]
2019-06-15 10:52:55,104 INFO  client.GrpcClientProtocolClient (GrpcClientProtocolClient.java:onNext(254)) - client-09EBABE1B9AF->325d518f-bf0d-428a-814f-266b27e759e4: receive RaftClientReply:client-09EBABE1B9AF->325d518f-bf0d-428a-814f-266b27e759e4@group-9696F0872FC0, cid=107, SUCCESS, logIndex=189, commits[325d518f-bf0d-428a-814f-266b27e759e4:c191]
2019-06-15 10:52:55,104 INFO  client.GrpcClientProtocolClient (GrpcClientProtocolClient.java:onNext(254)) - client-09EBABE1B9AF->325d518f-bf0d-428a-814f-266b27e759e4: receive RaftClientReply:client-09EBABE1B9AF->325d518f-bf0d-428a-814f-266b27e759e4@group-9696F0872FC0, cid=108, SUCCESS, logIndex=190, commits[325d518f-bf0d-428a-814f-266b27e759e4:c191]
2019-06-15 10:52:55,116 INFO  client.GrpcClientProtocolClient (GrpcClientProtocolClient.java:onNext(254)) - client-09EBABE1B9AF->325d518f-bf0d-428a-814f-266b27e759e4: receive RaftClientReply:client-09EBABE1B9AF->325d518f-bf0d-428a-814f-266b27e759e4@group-9696F0872FC0, cid=109, SUCCESS, logIndex=192, commits[325d518f-bf0d-428a-814f-266b27e759e4:c192]
2019-06-15 10:52:55,122 INFO  client.GrpcClientProtocolClient (GrpcClientProtocolClient.java:onNext(254)) - client-09EBABE1B9AF->325d518f-bf0d-428a-814f-266b27e759e4: receive RaftClientReply:client-09EBABE1B9AF->325d518f-bf0d-428a-814f-266b27e759e4@group-9696F0872FC0, cid=110, SUCCESS, logIndex=194, commits[325d518f-bf0d-428a-814f-266b27e759e4:c194]
2019-06-15 10:52:55,123 INFO  client.GrpcClientProtocolClient (GrpcClientProtocolClient.java:onNext(254)) - client-09EBABE1B9AF->325d518f-bf0d-428a-814f-266b27e759e4: receive RaftClientReply:client-09EBABE1B9AF->325d518f-bf0d-428a-814f-266b27e759e4@group-9696F0872FC0, cid=111, SUCCESS, logIndex=195, commits[325d518f-bf0d-428a-814f-266b27e759e4:c197]
2019-06-15 10:52:55,126 INFO  client.GrpcClientProtocolClient (GrpcClientProtocolClient.java:onNext(254)) - client-09EBABE1B9AF->325d518f-bf0d-428a-814f-266b27e759e4: receive RaftClientReply:client-09EBABE1B9AF->325d518f-bf0d-428a-814f-266b27e759e4@group-9696F0872FC0, cid=112, SUCCESS, logIndex=196, commits[325d518f-bf0d-428a-814f-266b27e759e4:c197]
2019-06-15 10:52:55,143 INFO  client.GrpcClientProtocolClient (GrpcClientProtocolClient.java:onNext(254)) - client-09EBABE1B9AF->325d518f-bf0d-428a-814f-266b27e759e4: receive RaftClientReply:client-09EBABE1B9AF->325d518f-bf0d-428a-814f-266b27e759e4@group-9696F0872FC0, cid=113, SUCCESS, logIndex=198, commits[325d518f-bf0d-428a-814f-266b27e759e4:c198]
2019-06-15 10:52:55,152 INFO  client.GrpcClientProtocolClient (GrpcClientProtocolClient.java:onNext(254)) - client-09EBABE1B9AF->325d518f-bf0d-428a-814f-266b27e759e4: receive RaftClientReply:client-09EBABE1B9AF->325d518f-bf0d-428a-814f-266b27e759e4@group-9696F0872FC0, cid=114, SUCCESS, logIndex=200, commits[325d518f-bf0d-428a-814f-266b27e759e4:c200]
2019-06-15 10:52:55,154 INFO  client.GrpcClientProtocolClient (GrpcClientProtocolClient.java:onNext(254)) - client-09EBABE1B9AF->325d518f-bf0d-428a-814f-266b27e759e4: receive RaftClientReply:client-09EBABE1B9AF->325d518f-bf0d-428a-814f-266b27e759e4@group-9696F0872FC0, cid=115, SUCCESS, logIndex=201, commits[325d518f-bf0d-428a-814f-266b27e759e4:c204]
2019-06-15 10:52:55,154 INFO  client.GrpcClientProtocolClient (GrpcClientProtocolClient.java:onNext(254)) - client-09EBABE1B9AF->325d518f-bf0d-428a-814f-266b27e759e4: receive RaftClientReply:client-09EBABE1B9AF->325d518f-bf0d-428a-814f-266b27e759e4@group-9696F0872FC0, cid=116, SUCCESS, logIndex=203, commits[325d518f-bf0d-428a-814f-266b27e759e4:c204]
2019-06-15 10:52:55,158 DEBUG block.SCMBlockDeletingService (SCMBlockDeletingService.java:call(138)) - Running DeletedBlockTransactionScanner
2019-06-15 10:52:55,158 DEBUG block.SCMBlockDeletingService (SCMBlockDeletingService.java:call(155)) - Scanned deleted blocks log and got 0 delTX to process.
2019-06-15 10:52:55,166 INFO  client.GrpcClientProtocolClient (GrpcClientProtocolClient.java:onNext(254)) - client-09EBABE1B9AF->325d518f-bf0d-428a-814f-266b27e759e4: receive RaftClientReply:client-09EBABE1B9AF->325d518f-bf0d-428a-814f-266b27e759e4@group-9696F0872FC0, cid=117, SUCCESS, logIndex=205, commits[325d518f-bf0d-428a-814f-266b27e759e4:c205]
2019-06-15 10:52:55,169 INFO  client.GrpcClientProtocolClient (GrpcClientProtocolClient.java:onNext(254)) - client-09EBABE1B9AF->325d518f-bf0d-428a-814f-266b27e759e4: receive RaftClientReply:client-09EBABE1B9AF->325d518f-bf0d-428a-814f-266b27e759e4@group-9696F0872FC0, cid=118, SUCCESS, logIndex=207, commits[325d518f-bf0d-428a-814f-266b27e759e4:c207]
2019-06-15 10:52:55,171 INFO  client.GrpcClientProtocolClient (GrpcClientProtocolClient.java:onNext(254)) - client-09EBABE1B9AF->325d518f-bf0d-428a-814f-266b27e759e4: receive RaftClientReply:client-09EBABE1B9AF->325d518f-bf0d-428a-814f-266b27e759e4@group-9696F0872FC0, cid=119, SUCCESS, logIndex=209, commits[325d518f-bf0d-428a-814f-266b27e759e4:c210]
2019-06-15 10:52:55,171 INFO  client.GrpcClientProtocolClient (GrpcClientProtocolClient.java:onNext(254)) - client-09EBABE1B9AF->325d518f-bf0d-428a-814f-266b27e759e4: receive RaftClientReply:client-09EBABE1B9AF->325d518f-bf0d-428a-814f-266b27e759e4@group-9696F0872FC0, cid=120, SUCCESS, logIndex=210, commits[325d518f-bf0d-428a-814f-266b27e759e4:c211]
2019-06-15 10:52:55,184 INFO  client.GrpcClientProtocolClient (GrpcClientProtocolClient.java:onNext(254)) - client-09EBABE1B9AF->325d518f-bf0d-428a-814f-266b27e759e4: receive RaftClientReply:client-09EBABE1B9AF->325d518f-bf0d-428a-814f-266b27e759e4@group-9696F0872FC0, cid=121, SUCCESS, logIndex=212, commits[325d518f-bf0d-428a-814f-266b27e759e4:c212]
2019-06-15 10:52:55,187 INFO  client.GrpcClientProtocolClient (GrpcClientProtocolClient.java:onNext(254)) - client-09EBABE1B9AF->325d518f-bf0d-428a-814f-266b27e759e4: receive RaftClientReply:client-09EBABE1B9AF->325d518f-bf0d-428a-814f-266b27e759e4@group-9696F0872FC0, cid=122, SUCCESS, logIndex=214, commits[325d518f-bf0d-428a-814f-266b27e759e4:c214]
2019-06-15 10:52:55,188 INFO  client.GrpcClientProtocolClient (GrpcClientProtocolClient.java:onNext(254)) - client-09EBABE1B9AF->325d518f-bf0d-428a-814f-266b27e759e4: receive RaftClientReply:client-09EBABE1B9AF->325d518f-bf0d-428a-814f-266b27e759e4@group-9696F0872FC0, cid=123, SUCCESS, logIndex=215, commits[325d518f-bf0d-428a-814f-266b27e759e4:c216]
2019-06-15 10:52:55,190 INFO  client.GrpcClientProtocolClient (GrpcClientProtocolClient.java:onNext(254)) - client-09EBABE1B9AF->325d518f-bf0d-428a-814f-266b27e759e4: receive RaftClientReply:client-09EBABE1B9AF->325d518f-bf0d-428a-814f-266b27e759e4@group-9696F0872FC0, cid=124, SUCCESS, logIndex=217, commits[325d518f-bf0d-428a-814f-266b27e759e4:c217]
2019-06-15 10:52:55,200 INFO  client.GrpcClientProtocolClient (GrpcClientProtocolClient.java:onNext(254)) - client-09EBABE1B9AF->325d518f-bf0d-428a-814f-266b27e759e4: receive RaftClientReply:client-09EBABE1B9AF->325d518f-bf0d-428a-814f-266b27e759e4@group-9696F0872FC0, cid=125, SUCCESS, logIndex=219, commits[325d518f-bf0d-428a-814f-266b27e759e4:c219]
2019-06-15 10:52:55,204 INFO  client.GrpcClientProtocolClient (GrpcClientProtocolClient.java:onNext(254)) - client-09EBABE1B9AF->325d518f-bf0d-428a-814f-266b27e759e4: receive RaftClientReply:client-09EBABE1B9AF->325d518f-bf0d-428a-814f-266b27e759e4@group-9696F0872FC0, cid=126, SUCCESS, logIndex=221, commits[325d518f-bf0d-428a-814f-266b27e759e4:c221]
2019-06-15 10:52:55,205 INFO  client.GrpcClientProtocolClient (GrpcClientProtocolClient.java:onNext(254)) - client-09EBABE1B9AF->325d518f-bf0d-428a-814f-266b27e759e4: receive RaftClientReply:client-09EBABE1B9AF->325d518f-bf0d-428a-814f-266b27e759e4@group-9696F0872FC0, cid=127, SUCCESS, logIndex=222, commits[325d518f-bf0d-428a-814f-266b27e759e4:c223]
2019-06-15 10:52:55,206 INFO  client.GrpcClientProtocolClient (GrpcClientProtocolClient.java:onNext(254)) - client-09EBABE1B9AF->325d518f-bf0d-428a-814f-266b27e759e4: receive RaftClientReply:client-09EBABE1B9AF->325d518f-bf0d-428a-814f-266b27e759e4@group-9696F0872FC0, cid=128, SUCCESS, logIndex=223, commits[325d518f-bf0d-428a-814f-266b27e759e4:c223]
2019-06-15 10:52:55,218 INFO  client.GrpcClientProtocolClient (GrpcClientProtocolClient.java:onNext(254)) - client-09EBABE1B9AF->325d518f-bf0d-428a-814f-266b27e759e4: receive RaftClientReply:client-09EBABE1B9AF->325d518f-bf0d-428a-814f-266b27e759e4@group-9696F0872FC0, cid=129, SUCCESS, logIndex=226, commits[325d518f-bf0d-428a-814f-266b27e759e4:c226]
2019-06-15 10:52:55,218 INFO  storage.RaftLogWorker (RaftLogWorker.java:rollLogSegment(303)) - 325d518f-bf0d-428a-814f-266b27e759e4-RaftLogWorker: Rolling segment log-154_228 to index:228
2019-06-15 10:52:55,219 INFO  storage.RaftLogWorker (RaftLogWorker.java:execute(433)) - 325d518f-bf0d-428a-814f-266b27e759e4-RaftLogWorker: Rolled log segment from /opt/src/hadoop-ozone/integration-test/target/test-dir/MiniOzoneClusterImpl-dd99cefe-9779-4043-9d74-181b69d2a827/datanode-0/data/ratis/e0f1d9ef-e225-4b24-a786-9696f0872fc0/current/log_inprogress_154 to /opt/src/hadoop-ozone/integration-test/target/test-dir/MiniOzoneClusterImpl-dd99cefe-9779-4043-9d74-181b69d2a827/datanode-0/data/ratis/e0f1d9ef-e225-4b24-a786-9696f0872fc0/current/log_154-228
2019-06-15 10:52:55,223 INFO  client.GrpcClientProtocolClient (GrpcClientProtocolClient.java:onNext(254)) - client-09EBABE1B9AF->325d518f-bf0d-428a-814f-266b27e759e4: receive RaftClientReply:client-09EBABE1B9AF->325d518f-bf0d-428a-814f-266b27e759e4@group-9696F0872FC0, cid=130, SUCCESS, logIndex=228, commits[325d518f-bf0d-428a-814f-266b27e759e4:c228]
2019-06-15 10:52:55,257 INFO  storage.RaftLogWorker (RaftLogWorker.java:execute(469)) - 325d518f-bf0d-428a-814f-266b27e759e4-RaftLogWorker: created new log segment /opt/src/hadoop-ozone/integration-test/target/test-dir/MiniOzoneClusterImpl-dd99cefe-9779-4043-9d74-181b69d2a827/datanode-0/data/ratis/e0f1d9ef-e225-4b24-a786-9696f0872fc0/current/log_inprogress_229
2019-06-15 10:52:55,259 DEBUG block.SCMBlockDeletingService (SCMBlockDeletingService.java:call(138)) - Running DeletedBlockTransactionScanner
2019-06-15 10:52:55,259 DEBUG block.SCMBlockDeletingService (SCMBlockDeletingService.java:call(155)) - Scanned deleted blocks log and got 0 delTX to process.
2019-06-15 10:52:55,260 INFO  client.GrpcClientProtocolClient (GrpcClientProtocolClient.java:onNext(254)) - client-09EBABE1B9AF->325d518f-bf0d-428a-814f-266b27e759e4: receive RaftClientReply:client-09EBABE1B9AF->325d518f-bf0d-428a-814f-266b27e759e4@group-9696F0872FC0, cid=131, SUCCESS, logIndex=229, commits[325d518f-bf0d-428a-814f-266b27e759e4:c231]
2019-06-15 10:52:55,261 INFO  client.GrpcClientProtocolClient (GrpcClientProtocolClient.java:onNext(254)) - client-09EBABE1B9AF->325d518f-bf0d-428a-814f-266b27e759e4: receive RaftClientReply:client-09EBABE1B9AF->325d518f-bf0d-428a-814f-266b27e759e4@group-9696F0872FC0, cid=132, SUCCESS, logIndex=231, commits[325d518f-bf0d-428a-814f-266b27e759e4:c231]
2019-06-15 10:52:55,387 DEBUG block.SCMBlockDeletingService (SCMBlockDeletingService.java:call(138)) - Running DeletedBlockTransactionScanner
2019-06-15 10:52:55,387 DEBUG block.SCMBlockDeletingService (SCMBlockDeletingService.java:call(155)) - Scanned deleted blocks log and got 0 delTX to process.
2019-06-15 10:52:55,392 INFO  client.GrpcClientProtocolClient (GrpcClientProtocolClient.java:onNext(254)) - client-09EBABE1B9AF->325d518f-bf0d-428a-814f-266b27e759e4: receive RaftClientReply:client-09EBABE1B9AF->325d518f-bf0d-428a-814f-266b27e759e4@group-9696F0872FC0, cid=133, SUCCESS, logIndex=233, commits[325d518f-bf0d-428a-814f-266b27e759e4:c233]
2019-06-15 10:52:55,395 INFO  client.GrpcClientProtocolClient (GrpcClientProtocolClient.java:onNext(254)) - client-09EBABE1B9AF->325d518f-bf0d-428a-814f-266b27e759e4: receive RaftClientReply:client-09EBABE1B9AF->325d518f-bf0d-428a-814f-266b27e759e4@group-9696F0872FC0, cid=134, SUCCESS, logIndex=235, commits[325d518f-bf0d-428a-814f-266b27e759e4:c235]
2019-06-15 10:52:55,397 INFO  client.GrpcClientProtocolClient (GrpcClientProtocolClient.java:onNext(254)) - client-09EBABE1B9AF->325d518f-bf0d-428a-814f-266b27e759e4: receive RaftClientReply:client-09EBABE1B9AF->325d518f-bf0d-428a-814f-266b27e759e4@group-9696F0872FC0, cid=135, SUCCESS, logIndex=236, commits[325d518f-bf0d-428a-814f-266b27e759e4:c238]
2019-06-15 10:52:55,397 INFO  client.GrpcClientProtocolClient (GrpcClientProtocolClient.java:onNext(254)) - client-09EBABE1B9AF->325d518f-bf0d-428a-814f-266b27e759e4: receive RaftClientReply:client-09EBABE1B9AF->325d518f-bf0d-428a-814f-266b27e759e4@group-9696F0872FC0, cid=136, SUCCESS, logIndex=237, commits[325d518f-bf0d-428a-814f-266b27e759e4:c238]
2019-06-15 10:52:55,409 INFO  client.GrpcClientProtocolClient (GrpcClientProtocolClient.java:onNext(254)) - client-09EBABE1B9AF->325d518f-bf0d-428a-814f-266b27e759e4: receive RaftClientReply:client-09EBABE1B9AF->325d518f-bf0d-428a-814f-266b27e759e4@group-9696F0872FC0, cid=137, SUCCESS, logIndex=239, commits[325d518f-bf0d-428a-814f-266b27e759e4:c239]
2019-06-15 10:52:55,411 INFO  client.GrpcClientProtocolClient (GrpcClientProtocolClient.java:onNext(254)) - client-09EBABE1B9AF->325d518f-bf0d-428a-814f-266b27e759e4: receive RaftClientReply:client-09EBABE1B9AF->325d518f-bf0d-428a-814f-266b27e759e4@group-9696F0872FC0, cid=138, SUCCESS, logIndex=241, commits[325d518f-bf0d-428a-814f-266b27e759e4:c241]
2019-06-15 10:52:55,413 INFO  client.GrpcClientProtocolClient (GrpcClientProtocolClient.java:onNext(254)) - client-09EBABE1B9AF->325d518f-bf0d-428a-814f-266b27e759e4: receive RaftClientReply:client-09EBABE1B9AF->325d518f-bf0d-428a-814f-266b27e759e4@group-9696F0872FC0, cid=139, SUCCESS, logIndex=242, commits[325d518f-bf0d-428a-814f-266b27e759e4:c244]
2019-06-15 10:52:55,414 INFO  client.GrpcClientProtocolClient (GrpcClientProtocolClient.java:onNext(254)) - client-09EBABE1B9AF->325d518f-bf0d-428a-814f-266b27e759e4: receive RaftClientReply:client-09EBABE1B9AF->325d518f-bf0d-428a-814f-266b27e759e4@group-9696F0872FC0, cid=140, SUCCESS, logIndex=244, commits[325d518f-bf0d-428a-814f-266b27e759e4:c244]
2019-06-15 10:52:55,425 INFO  client.GrpcClientProtocolClient (GrpcClientProtocolClient.java:onNext(254)) - client-09EBABE1B9AF->325d518f-bf0d-428a-814f-266b27e759e4: receive RaftClientReply:client-09EBABE1B9AF->325d518f-bf0d-428a-814f-266b27e759e4@group-9696F0872FC0, cid=141, SUCCESS, logIndex=246, commits[325d518f-bf0d-428a-814f-266b27e759e4:c246]
2019-06-15 10:52:55,429 INFO  client.GrpcClientProtocolClient (GrpcClientProtocolClient.java:onNext(254)) - client-09EBABE1B9AF->325d518f-bf0d-428a-814f-266b27e759e4: receive RaftClientReply:client-09EBABE1B9AF->325d518f-bf0d-428a-814f-266b27e759e4@group-9696F0872FC0, cid=142, SUCCESS, logIndex=248, commits[325d518f-bf0d-428a-814f-266b27e759e4:c248]
2019-06-15 10:52:55,430 INFO  client.GrpcClientProtocolClient (GrpcClientProtocolClient.java:onNext(254)) - client-09EBABE1B9AF->325d518f-bf0d-428a-814f-266b27e759e4: receive RaftClientReply:client-09EBABE1B9AF->325d518f-bf0d-428a-814f-266b27e759e4@group-9696F0872FC0, cid=143, SUCCESS, logIndex=249, commits[325d518f-bf0d-428a-814f-266b27e759e4:c251]
2019-06-15 10:52:55,430 INFO  client.GrpcClientProtocolClient (GrpcClientProtocolClient.java:onNext(254)) - client-09EBABE1B9AF->325d518f-bf0d-428a-814f-266b27e759e4: receive RaftClientReply:client-09EBABE1B9AF->325d518f-bf0d-428a-814f-266b27e759e4@group-9696F0872FC0, cid=144, SUCCESS, logIndex=251, commits[325d518f-bf0d-428a-814f-266b27e759e4:c252]
2019-06-15 10:52:55,444 INFO  client.GrpcClientProtocolClient (GrpcClientProtocolClient.java:onNext(254)) - client-09EBABE1B9AF->325d518f-bf0d-428a-814f-266b27e759e4: receive RaftClientReply:client-09EBABE1B9AF->325d518f-bf0d-428a-814f-266b27e759e4@group-9696F0872FC0, cid=145, SUCCESS, logIndex=253, commits[325d518f-bf0d-428a-814f-266b27e759e4:c253]
2019-06-15 10:52:55,448 INFO  client.GrpcClientProtocolClient (GrpcClientProtocolClient.java:onNext(254)) - client-09EBABE1B9AF->325d518f-bf0d-428a-814f-266b27e759e4: receive RaftClientReply:client-09EBABE1B9AF->325d518f-bf0d-428a-814f-266b27e759e4@group-9696F0872FC0, cid=146, SUCCESS, logIndex=255, commits[325d518f-bf0d-428a-814f-266b27e759e4:c256]
2019-06-15 10:52:55,449 INFO  client.GrpcClientProtocolClient (GrpcClientProtocolClient.java:onNext(254)) - client-09EBABE1B9AF->325d518f-bf0d-428a-814f-266b27e759e4: receive RaftClientReply:client-09EBABE1B9AF->325d518f-bf0d-428a-814f-266b27e759e4@group-9696F0872FC0, cid=147, SUCCESS, logIndex=256, commits[325d518f-bf0d-428a-814f-266b27e759e4:c257]
2019-06-15 10:52:55,451 INFO  client.GrpcClientProtocolClient (GrpcClientProtocolClient.java:onNext(254)) - client-09EBABE1B9AF->325d518f-bf0d-428a-814f-266b27e759e4: receive RaftClientReply:client-09EBABE1B9AF->325d518f-bf0d-428a-814f-266b27e759e4@group-9696F0872FC0, cid=148, SUCCESS, logIndex=259, commits[325d518f-bf0d-428a-814f-266b27e759e4:c259]
2019-06-15 10:52:55,461 INFO  client.GrpcClientProtocolClient (GrpcClientProtocolClient.java:onNext(254)) - client-09EBABE1B9AF->325d518f-bf0d-428a-814f-266b27e759e4: receive RaftClientReply:client-09EBABE1B9AF->325d518f-bf0d-428a-814f-266b27e759e4@group-9696F0872FC0, cid=149, SUCCESS, logIndex=261, commits[325d518f-bf0d-428a-814f-266b27e759e4:c261]
2019-06-15 10:52:55,466 INFO  client.GrpcClientProtocolClient (GrpcClientProtocolClient.java:onNext(254)) - client-09EBABE1B9AF->325d518f-bf0d-428a-814f-266b27e759e4: receive RaftClientReply:client-09EBABE1B9AF->325d518f-bf0d-428a-814f-266b27e759e4@group-9696F0872FC0, cid=150, SUCCESS, logIndex=263, commits[325d518f-bf0d-428a-814f-266b27e759e4:c263]
2019-06-15 10:52:55,467 INFO  client.GrpcClientProtocolClient (GrpcClientProtocolClient.java:onNext(254)) - client-09EBABE1B9AF->325d518f-bf0d-428a-814f-266b27e759e4: receive RaftClientReply:client-09EBABE1B9AF->325d518f-bf0d-428a-814f-266b27e759e4@group-9696F0872FC0, cid=151, SUCCESS, logIndex=264, commits[325d518f-bf0d-428a-814f-266b27e759e4:c266]
2019-06-15 10:52:55,471 INFO  client.GrpcClientProtocolClient (GrpcClientProtocolClient.java:onNext(254)) - client-09EBABE1B9AF->325d518f-bf0d-428a-814f-266b27e759e4: receive RaftClientReply:client-09EBABE1B9AF->325d518f-bf0d-428a-814f-266b27e759e4@group-9696F0872FC0, cid=152, SUCCESS, logIndex=266, commits[325d518f-bf0d-428a-814f-266b27e759e4:c267]
2019-06-15 10:52:55,483 INFO  client.GrpcClientProtocolClient (GrpcClientProtocolClient.java:onNext(254)) - client-09EBABE1B9AF->325d518f-bf0d-428a-814f-266b27e759e4: receive RaftClientReply:client-09EBABE1B9AF->325d518f-bf0d-428a-814f-266b27e759e4@group-9696F0872FC0, cid=153, SUCCESS, logIndex=268, commits[325d518f-bf0d-428a-814f-266b27e759e4:c268]
2019-06-15 10:52:55,487 INFO  client.GrpcClientProtocolClient (GrpcClientProtocolClient.java:onNext(254)) - client-09EBABE1B9AF->325d518f-bf0d-428a-814f-266b27e759e4: receive RaftClientReply:client-09EBABE1B9AF->325d518f-bf0d-428a-814f-266b27e759e4@group-9696F0872FC0, cid=154, SUCCESS, logIndex=270, commits[325d518f-bf0d-428a-814f-266b27e759e4:c270]
2019-06-15 10:52:55,488 DEBUG block.SCMBlockDeletingService (SCMBlockDeletingService.java:call(138)) - Running DeletedBlockTransactionScanner
2019-06-15 10:52:55,488 DEBUG block.SCMBlockDeletingService (SCMBlockDeletingService.java:call(155)) - Scanned deleted blocks log and got 0 delTX to process.
2019-06-15 10:52:55,489 INFO  client.GrpcClientProtocolClient (GrpcClientProtocolClient.java:onNext(254)) - client-09EBABE1B9AF->325d518f-bf0d-428a-814f-266b27e759e4: receive RaftClientReply:client-09EBABE1B9AF->325d518f-bf0d-428a-814f-266b27e759e4@group-9696F0872FC0, cid=155, SUCCESS, logIndex=271, commits[325d518f-bf0d-428a-814f-266b27e759e4:c273]
2019-06-15 10:52:55,490 INFO  client.GrpcClientProtocolClient (GrpcClientProtocolClient.java:onNext(254)) - client-09EBABE1B9AF->325d518f-bf0d-428a-814f-266b27e759e4: receive RaftClientReply:client-09EBABE1B9AF->325d518f-bf0d-428a-814f-266b27e759e4@group-9696F0872FC0, cid=156, SUCCESS, logIndex=272, commits[325d518f-bf0d-428a-814f-266b27e759e4:c273]
2019-06-15 10:52:55,498 INFO  client.GrpcClientProtocolClient (GrpcClientProtocolClient.java:onNext(254)) - client-09EBABE1B9AF->325d518f-bf0d-428a-814f-266b27e759e4: receive RaftClientReply:client-09EBABE1B9AF->325d518f-bf0d-428a-814f-266b27e759e4@group-9696F0872FC0, cid=157, SUCCESS, logIndex=274, commits[325d518f-bf0d-428a-814f-266b27e759e4:c274]
2019-06-15 10:52:55,505 INFO  client.GrpcClientProtocolClient (GrpcClientProtocolClient.java:onNext(254)) - client-09EBABE1B9AF->325d518f-bf0d-428a-814f-266b27e759e4: receive RaftClientReply:client-09EBABE1B9AF->325d518f-bf0d-428a-814f-266b27e759e4@group-9696F0872FC0, cid=158, SUCCESS, logIndex=276, commits[325d518f-bf0d-428a-814f-266b27e759e4:c277]
2019-06-15 10:52:55,506 INFO  client.GrpcClientProtocolClient (GrpcClientProtocolClient.java:onNext(254)) - client-09EBABE1B9AF->325d518f-bf0d-428a-814f-266b27e759e4: receive RaftClientReply:client-09EBABE1B9AF->325d518f-bf0d-428a-814f-266b27e759e4@group-9696F0872FC0, cid=159, SUCCESS, logIndex=277, commits[325d518f-bf0d-428a-814f-266b27e759e4:c280]
2019-06-15 10:52:55,507 INFO  client.GrpcClientProtocolClient (GrpcClientProtocolClient.java:onNext(254)) - client-09EBABE1B9AF->325d518f-bf0d-428a-814f-266b27e759e4: receive RaftClientReply:client-09EBABE1B9AF->325d518f-bf0d-428a-814f-266b27e759e4@group-9696F0872FC0, cid=160, SUCCESS, logIndex=279, commits[325d518f-bf0d-428a-814f-266b27e759e4:c280]
2019-06-15 10:52:55,519 INFO  client.GrpcClientProtocolClient (GrpcClientProtocolClient.java:onNext(254)) - client-09EBABE1B9AF->325d518f-bf0d-428a-814f-266b27e759e4: receive RaftClientReply:client-09EBABE1B9AF->325d518f-bf0d-428a-814f-266b27e759e4@group-9696F0872FC0, cid=161, SUCCESS, logIndex=281, commits[325d518f-bf0d-428a-814f-266b27e759e4:c281]
2019-06-15 10:52:55,522 INFO  client.GrpcClientProtocolClient (GrpcClientProtocolClient.java:onNext(254)) - client-09EBABE1B9AF->325d518f-bf0d-428a-814f-266b27e759e4: receive RaftClientReply:client-09EBABE1B9AF->325d518f-bf0d-428a-814f-266b27e759e4@group-9696F0872FC0, cid=162, SUCCESS, logIndex=283, commits[325d518f-bf0d-428a-814f-266b27e759e4:c283]
2019-06-15 10:52:55,523 INFO  client.GrpcClientProtocolClient (GrpcClientProtocolClient.java:onNext(254)) - client-09EBABE1B9AF->325d518f-bf0d-428a-814f-266b27e759e4: receive RaftClientReply:client-09EBABE1B9AF->325d518f-bf0d-428a-814f-266b27e759e4@group-9696F0872FC0, cid=163, SUCCESS, logIndex=284, commits[325d518f-bf0d-428a-814f-266b27e759e4:c286]
2019-06-15 10:52:55,524 INFO  client.GrpcClientProtocolClient (GrpcClientProtocolClient.java:onNext(254)) - client-09EBABE1B9AF->325d518f-bf0d-428a-814f-266b27e759e4: receive RaftClientReply:client-09EBABE1B9AF->325d518f-bf0d-428a-814f-266b27e759e4@group-9696F0872FC0, cid=164, SUCCESS, logIndex=286, commits[325d518f-bf0d-428a-814f-266b27e759e4:c287]
2019-06-15 10:52:55,531 INFO  client.GrpcClientProtocolClient (GrpcClientProtocolClient.java:onNext(254)) - client-09EBABE1B9AF->325d518f-bf0d-428a-814f-266b27e759e4: receive RaftClientReply:client-09EBABE1B9AF->325d518f-bf0d-428a-814f-266b27e759e4@group-9696F0872FC0, cid=165, SUCCESS, logIndex=288, commits[325d518f-bf0d-428a-814f-266b27e759e4:c288]
2019-06-15 10:52:55,533 INFO  client.GrpcClientProtocolClient (GrpcClientProtocolClient.java:onNext(254)) - client-09EBABE1B9AF->325d518f-bf0d-428a-814f-266b27e759e4: receive RaftClientReply:client-09EBABE1B9AF->325d518f-bf0d-428a-814f-266b27e759e4@group-9696F0872FC0, cid=166, SUCCESS, logIndex=290, commits[325d518f-bf0d-428a-814f-266b27e759e4:c290]
2019-06-15 10:52:55,536 INFO  client.GrpcClientProtocolClient (GrpcClientProtocolClient.java:onNext(254)) - client-09EBABE1B9AF->325d518f-bf0d-428a-814f-266b27e759e4: receive RaftClientReply:client-09EBABE1B9AF->325d518f-bf0d-428a-814f-266b27e759e4@group-9696F0872FC0, cid=167, SUCCESS, logIndex=292, commits[325d518f-bf0d-428a-814f-266b27e759e4:c293]
2019-06-15 10:52:55,537 INFO  client.GrpcClientProtocolClient (GrpcClientProtocolClient.java:onNext(254)) - client-09EBABE1B9AF->325d518f-bf0d-428a-814f-266b27e759e4: receive RaftClientReply:client-09EBABE1B9AF->325d518f-bf0d-428a-814f-266b27e759e4@group-9696F0872FC0, cid=168, SUCCESS, logIndex=293, commits[325d518f-bf0d-428a-814f-266b27e759e4:c294]
2019-06-15 10:52:55,549 INFO  client.GrpcClientProtocolClient (GrpcClientProtocolClient.java:onNext(254)) - client-09EBABE1B9AF->325d518f-bf0d-428a-814f-266b27e759e4: receive RaftClientReply:client-09EBABE1B9AF->325d518f-bf0d-428a-814f-266b27e759e4@group-9696F0872FC0, cid=169, SUCCESS, logIndex=295, commits[325d518f-bf0d-428a-814f-266b27e759e4:c295]
2019-06-15 10:52:55,553 INFO  client.GrpcClientProtocolClient (GrpcClientProtocolClient.java:onNext(254)) - client-09EBABE1B9AF->325d518f-bf0d-428a-814f-266b27e759e4: receive RaftClientReply:client-09EBABE1B9AF->325d518f-bf0d-428a-814f-266b27e759e4@group-9696F0872FC0, cid=170, SUCCESS, logIndex=297, commits[325d518f-bf0d-428a-814f-266b27e759e4:c297]
2019-06-15 10:52:55,555 INFO  client.GrpcClientProtocolClient (GrpcClientProtocolClient.java:onNext(254)) - client-09EBABE1B9AF->325d518f-bf0d-428a-814f-266b27e759e4: receive RaftClientReply:client-09EBABE1B9AF->325d518f-bf0d-428a-814f-266b27e759e4@group-9696F0872FC0, cid=171, SUCCESS, logIndex=298, commits[325d518f-bf0d-428a-814f-266b27e759e4:c299]
2019-06-15 10:52:55,557 INFO  client.GrpcClientProtocolClient (GrpcClientProtocolClient.java:onNext(254)) - client-09EBABE1B9AF->325d518f-bf0d-428a-814f-266b27e759e4: receive RaftClientReply:client-09EBABE1B9AF->325d518f-bf0d-428a-814f-266b27e759e4@group-9696F0872FC0, cid=172, SUCCESS, logIndex=300, commits[325d518f-bf0d-428a-814f-266b27e759e4:c300]
2019-06-15 10:52:55,565 INFO  client.GrpcClientProtocolClient (GrpcClientProtocolClient.java:onNext(254)) - client-09EBABE1B9AF->325d518f-bf0d-428a-814f-266b27e759e4: receive RaftClientReply:client-09EBABE1B9AF->325d518f-bf0d-428a-814f-266b27e759e4@group-9696F0872FC0, cid=173, SUCCESS, logIndex=302, commits[325d518f-bf0d-428a-814f-266b27e759e4:c302]
2019-06-15 10:52:55,565 INFO  storage.RaftLogWorker (RaftLogWorker.java:rollLogSegment(303)) - 325d518f-bf0d-428a-814f-266b27e759e4-RaftLogWorker: Rolling segment log-229_303 to index:303
2019-06-15 10:52:55,565 INFO  storage.RaftLogWorker (RaftLogWorker.java:execute(433)) - 325d518f-bf0d-428a-814f-266b27e759e4-RaftLogWorker: Rolled log segment from /opt/src/hadoop-ozone/integration-test/target/test-dir/MiniOzoneClusterImpl-dd99cefe-9779-4043-9d74-181b69d2a827/datanode-0/data/ratis/e0f1d9ef-e225-4b24-a786-9696f0872fc0/current/log_inprogress_229 to /opt/src/hadoop-ozone/integration-test/target/test-dir/MiniOzoneClusterImpl-dd99cefe-9779-4043-9d74-181b69d2a827/datanode-0/data/ratis/e0f1d9ef-e225-4b24-a786-9696f0872fc0/current/log_229-303
2019-06-15 10:52:55,588 DEBUG block.SCMBlockDeletingService (SCMBlockDeletingService.java:call(138)) - Running DeletedBlockTransactionScanner
2019-06-15 10:52:55,588 DEBUG block.SCMBlockDeletingService (SCMBlockDeletingService.java:call(155)) - Scanned deleted blocks log and got 0 delTX to process.
2019-06-15 10:52:55,601 INFO  storage.RaftLogWorker (RaftLogWorker.java:execute(469)) - 325d518f-bf0d-428a-814f-266b27e759e4-RaftLogWorker: created new log segment /opt/src/hadoop-ozone/integration-test/target/test-dir/MiniOzoneClusterImpl-dd99cefe-9779-4043-9d74-181b69d2a827/datanode-0/data/ratis/e0f1d9ef-e225-4b24-a786-9696f0872fc0/current/log_inprogress_304
2019-06-15 10:52:55,604 INFO  client.GrpcClientProtocolClient (GrpcClientProtocolClient.java:onNext(254)) - client-09EBABE1B9AF->325d518f-bf0d-428a-814f-266b27e759e4: receive RaftClientReply:client-09EBABE1B9AF->325d518f-bf0d-428a-814f-266b27e759e4@group-9696F0872FC0, cid=174, SUCCESS, logIndex=304, commits[325d518f-bf0d-428a-814f-266b27e759e4:c305]
2019-06-15 10:52:55,610 INFO  client.GrpcClientProtocolClient (GrpcClientProtocolClient.java:onNext(254)) - client-09EBABE1B9AF->325d518f-bf0d-428a-814f-266b27e759e4: receive RaftClientReply:client-09EBABE1B9AF->325d518f-bf0d-428a-814f-266b27e759e4@group-9696F0872FC0, cid=175, SUCCESS, logIndex=306, commits[325d518f-bf0d-428a-814f-266b27e759e4:c306]
2019-06-15 10:52:55,611 INFO  client.GrpcClientProtocolClient (GrpcClientProtocolClient.java:onNext(254)) - client-09EBABE1B9AF->325d518f-bf0d-428a-814f-266b27e759e4: receive RaftClientReply:client-09EBABE1B9AF->325d518f-bf0d-428a-814f-266b27e759e4@group-9696F0872FC0, cid=176, SUCCESS, logIndex=307, commits[325d518f-bf0d-428a-814f-266b27e759e4:c309]
2019-06-15 10:52:55,902 DEBUG block.SCMBlockDeletingService (SCMBlockDeletingService.java:call(138)) - Running DeletedBlockTransactionScanner
2019-06-15 10:52:55,902 DEBUG block.SCMBlockDeletingService (SCMBlockDeletingService.java:call(155)) - Scanned deleted blocks log and got 0 delTX to process.
2019-06-15 10:52:55,916 INFO  client.GrpcClientProtocolClient (GrpcClientProtocolClient.java:onNext(254)) - client-09EBABE1B9AF->325d518f-bf0d-428a-814f-266b27e759e4: receive RaftClientReply:client-09EBABE1B9AF->325d518f-bf0d-428a-814f-266b27e759e4@group-9696F0872FC0, cid=177, SUCCESS, logIndex=310, commits[325d518f-bf0d-428a-814f-266b27e759e4:c310]
2019-06-15 10:52:55,920 INFO  client.GrpcClientProtocolClient (GrpcClientProtocolClient.java:onNext(254)) - client-09EBABE1B9AF->325d518f-bf0d-428a-814f-266b27e759e4: receive RaftClientReply:client-09EBABE1B9AF->325d518f-bf0d-428a-814f-266b27e759e4@group-9696F0872FC0, cid=178, SUCCESS, logIndex=312, commits[325d518f-bf0d-428a-814f-266b27e759e4:c312]
2019-06-15 10:52:55,921 INFO  client.GrpcClientProtocolClient (GrpcClientProtocolClient.java:onNext(254)) - client-09EBABE1B9AF->325d518f-bf0d-428a-814f-266b27e759e4: receive RaftClientReply:client-09EBABE1B9AF->325d518f-bf0d-428a-814f-266b27e759e4@group-9696F0872FC0, cid=179, SUCCESS, logIndex=313, commits[325d518f-bf0d-428a-814f-266b27e759e4:c314]
2019-06-15 10:52:55,922 INFO  client.GrpcClientProtocolClient (GrpcClientProtocolClient.java:onNext(254)) - client-09EBABE1B9AF->325d518f-bf0d-428a-814f-266b27e759e4: receive RaftClientReply:client-09EBABE1B9AF->325d518f-bf0d-428a-814f-266b27e759e4@group-9696F0872FC0, cid=180, SUCCESS, logIndex=315, commits[325d518f-bf0d-428a-814f-266b27e759e4:c315]
2019-06-15 10:52:55,931 INFO  client.GrpcClientProtocolClient (GrpcClientProtocolClient.java:onNext(254)) - client-09EBABE1B9AF->325d518f-bf0d-428a-814f-266b27e759e4: receive RaftClientReply:client-09EBABE1B9AF->325d518f-bf0d-428a-814f-266b27e759e4@group-9696F0872FC0, cid=181, SUCCESS, logIndex=317, commits[325d518f-bf0d-428a-814f-266b27e759e4:c317]
2019-06-15 10:52:55,935 INFO  client.GrpcClientProtocolClient (GrpcClientProtocolClient.java:onNext(254)) - client-09EBABE1B9AF->325d518f-bf0d-428a-814f-266b27e759e4: receive RaftClientReply:client-09EBABE1B9AF->325d518f-bf0d-428a-814f-266b27e759e4@group-9696F0872FC0, cid=182, SUCCESS, logIndex=319, commits[325d518f-bf0d-428a-814f-266b27e759e4:c319]
2019-06-15 10:52:55,936 INFO  client.GrpcClientProtocolClient (GrpcClientProtocolClient.java:onNext(254)) - client-09EBABE1B9AF->325d518f-bf0d-428a-814f-266b27e759e4: receive RaftClientReply:client-09EBABE1B9AF->325d518f-bf0d-428a-814f-266b27e759e4@group-9696F0872FC0, cid=183, SUCCESS, logIndex=320, commits[325d518f-bf0d-428a-814f-266b27e759e4:c321]
2019-06-15 10:52:55,936 INFO  client.GrpcClientProtocolClient (GrpcClientProtocolClient.java:onNext(254)) - client-09EBABE1B9AF->325d518f-bf0d-428a-814f-266b27e759e4: receive RaftClientReply:client-09EBABE1B9AF->325d518f-bf0d-428a-814f-266b27e759e4@group-9696F0872FC0, cid=184, SUCCESS, logIndex=321, commits[325d518f-bf0d-428a-814f-266b27e759e4:c322]
2019-06-15 10:52:55,949 INFO  client.GrpcClientProtocolClient (GrpcClientProtocolClient.java:onNext(254)) - client-09EBABE1B9AF->325d518f-bf0d-428a-814f-266b27e759e4: receive RaftClientReply:client-09EBABE1B9AF->325d518f-bf0d-428a-814f-266b27e759e4@group-9696F0872FC0, cid=185, SUCCESS, logIndex=324, commits[325d518f-bf0d-428a-814f-266b27e759e4:c324]
2019-06-15 10:52:55,952 INFO  client.GrpcClientProtocolClient (GrpcClientProtocolClient.java:onNext(254)) - client-09EBABE1B9AF->325d518f-bf0d-428a-814f-266b27e759e4: receive RaftClientReply:client-09EBABE1B9AF->325d518f-bf0d-428a-814f-266b27e759e4@group-9696F0872FC0, cid=186, SUCCESS, logIndex=326, commits[325d518f-bf0d-428a-814f-266b27e759e4:c326]
2019-06-15 10:52:55,954 INFO  client.GrpcClientProtocolClient (GrpcClientProtocolClient.java:onNext(254)) - client-09EBABE1B9AF->325d518f-bf0d-428a-814f-266b27e759e4: receive RaftClientReply:client-09EBABE1B9AF->325d518f-bf0d-428a-814f-266b27e759e4@group-9696F0872FC0, cid=187, SUCCESS, logIndex=327, commits[325d518f-bf0d-428a-814f-266b27e759e4:c329]
2019-06-15 10:52:55,954 INFO  client.GrpcClientProtocolClient (GrpcClientProtocolClient.java:onNext(254)) - client-09EBABE1B9AF->325d518f-bf0d-428a-814f-266b27e759e4: receive RaftClientReply:client-09EBABE1B9AF->325d518f-bf0d-428a-814f-266b27e759e4@group-9696F0872FC0, cid=188, SUCCESS, logIndex=329, commits[325d518f-bf0d-428a-814f-266b27e759e4:c330]
2019-06-15 10:52:55,962 INFO  client.GrpcClientProtocolClient (GrpcClientProtocolClient.java:onNext(254)) - client-09EBABE1B9AF->325d518f-bf0d-428a-814f-266b27e759e4: receive RaftClientReply:client-09EBABE1B9AF->325d518f-bf0d-428a-814f-266b27e759e4@group-9696F0872FC0, cid=189, SUCCESS, logIndex=331, commits[325d518f-bf0d-428a-814f-266b27e759e4:c331]
2019-06-15 10:52:55,966 INFO  client.GrpcClientProtocolClient (GrpcClientProtocolClient.java:onNext(254)) - client-09EBABE1B9AF->325d518f-bf0d-428a-814f-266b27e759e4: receive RaftClientReply:client-09EBABE1B9AF->325d518f-bf0d-428a-814f-266b27e759e4@group-9696F0872FC0, cid=190, SUCCESS, logIndex=333, commits[325d518f-bf0d-428a-814f-266b27e759e4:c333]
2019-06-15 10:52:55,967 INFO  client.GrpcClientProtocolClient (GrpcClientProtocolClient.java:onNext(254)) - client-09EBABE1B9AF->325d518f-bf0d-428a-814f-266b27e759e4: receive RaftClientReply:client-09EBABE1B9AF->325d518f-bf0d-428a-814f-266b27e759e4@group-9696F0872FC0, cid=191, SUCCESS, logIndex=334, commits[325d518f-bf0d-428a-814f-266b27e759e4:c335]
2019-06-15 10:52:55,969 INFO  client.GrpcClientProtocolClient (GrpcClientProtocolClient.java:onNext(254)) - client-09EBABE1B9AF->325d518f-bf0d-428a-814f-266b27e759e4: receive RaftClientReply:client-09EBABE1B9AF->325d518f-bf0d-428a-814f-266b27e759e4@group-9696F0872FC0, cid=192, SUCCESS, logIndex=335, commits[325d518f-bf0d-428a-814f-266b27e759e4:c335]
2019-06-15 10:52:55,980 INFO  client.GrpcClientProtocolClient (GrpcClientProtocolClient.java:onNext(254)) - client-09EBABE1B9AF->325d518f-bf0d-428a-814f-266b27e759e4: receive RaftClientReply:client-09EBABE1B9AF->325d518f-bf0d-428a-814f-266b27e759e4@group-9696F0872FC0, cid=193, SUCCESS, logIndex=338, commits[325d518f-bf0d-428a-814f-266b27e759e4:c338]
2019-06-15 10:52:55,984 INFO  client.GrpcClientProtocolClient (GrpcClientProtocolClient.java:onNext(254)) - client-09EBABE1B9AF->325d518f-bf0d-428a-814f-266b27e759e4: receive RaftClientReply:client-09EBABE1B9AF->325d518f-bf0d-428a-814f-266b27e759e4@group-9696F0872FC0, cid=194, SUCCESS, logIndex=340, commits[325d518f-bf0d-428a-814f-266b27e759e4:c340]
2019-06-15 10:52:55,985 INFO  client.GrpcClientProtocolClient (GrpcClientProtocolClient.java:onNext(254)) - client-09EBABE1B9AF->325d518f-bf0d-428a-814f-266b27e759e4: receive RaftClientReply:client-09EBABE1B9AF->325d518f-bf0d-428a-814f-266b27e759e4@group-9696F0872FC0, cid=195, SUCCESS, logIndex=342, commits[325d518f-bf0d-428a-814f-266b27e759e4:c343]
2019-06-15 10:52:55,985 INFO  client.GrpcClientProtocolClient (GrpcClientProtocolClient.java:onNext(254)) - client-09EBABE1B9AF->325d518f-bf0d-428a-814f-266b27e759e4: receive RaftClientReply:client-09EBABE1B9AF->325d518f-bf0d-428a-814f-266b27e759e4@group-9696F0872FC0, cid=196, SUCCESS, logIndex=343, commits[325d518f-bf0d-428a-814f-266b27e759e4:c345]
2019-06-15 10:52:55,995 INFO  client.GrpcClientProtocolClient (GrpcClientProtocolClient.java:onNext(254)) - client-09EBABE1B9AF->325d518f-bf0d-428a-814f-266b27e759e4: receive RaftClientReply:client-09EBABE1B9AF->325d518f-bf0d-428a-814f-266b27e759e4@group-9696F0872FC0, cid=197, SUCCESS, logIndex=346, commits[325d518f-bf0d-428a-814f-266b27e759e4:c346]
2019-06-15 10:52:55,998 INFO  client.GrpcClientProtocolClient (GrpcClientProtocolClient.java:onNext(254)) - client-09EBABE1B9AF->325d518f-bf0d-428a-814f-266b27e759e4: receive RaftClientReply:client-09EBABE1B9AF->325d518f-bf0d-428a-814f-266b27e759e4@group-9696F0872FC0, cid=198, SUCCESS, logIndex=348, commits[325d518f-bf0d-428a-814f-266b27e759e4:c348]
2019-06-15 10:52:55,999 INFO  client.GrpcClientProtocolClient (GrpcClientProtocolClient.java:onNext(254)) - client-09EBABE1B9AF->325d518f-bf0d-428a-814f-266b27e759e4: receive RaftClientReply:client-09EBABE1B9AF->325d518f-bf0d-428a-814f-266b27e759e4@group-9696F0872FC0, cid=199, SUCCESS, logIndex=349, commits[325d518f-bf0d-428a-814f-266b27e759e4:c351]
2019-06-15 10:52:55,999 INFO  client.GrpcClientProtocolClient (GrpcClientProtocolClient.java:onNext(254)) - client-09EBABE1B9AF->325d518f-bf0d-428a-814f-266b27e759e4: receive RaftClientReply:client-09EBABE1B9AF->325d518f-bf0d-428a-814f-266b27e759e4@group-9696F0872FC0, cid=200, SUCCESS, logIndex=351, commits[325d518f-bf0d-428a-814f-266b27e759e4:c351]
2019-06-15 10:52:56,002 DEBUG block.SCMBlockDeletingService (SCMBlockDeletingService.java:call(138)) - Running DeletedBlockTransactionScanner
2019-06-15 10:52:56,002 DEBUG block.SCMBlockDeletingService (SCMBlockDeletingService.java:call(155)) - Scanned deleted blocks log and got 0 delTX to process.
2019-06-15 10:52:56,012 INFO  client.GrpcClientProtocolClient (GrpcClientProtocolClient.java:onNext(254)) - client-09EBABE1B9AF->325d518f-bf0d-428a-814f-266b27e759e4: receive RaftClientReply:client-09EBABE1B9AF->325d518f-bf0d-428a-814f-266b27e759e4@group-9696F0872FC0, cid=201, SUCCESS, logIndex=353, commits[325d518f-bf0d-428a-814f-266b27e759e4:c353]
2019-06-15 10:52:56,014 INFO  client.GrpcClientProtocolClient (GrpcClientProtocolClient.java:onNext(254)) - client-09EBABE1B9AF->325d518f-bf0d-428a-814f-266b27e759e4: receive RaftClientReply:client-09EBABE1B9AF->325d518f-bf0d-428a-814f-266b27e759e4@group-9696F0872FC0, cid=202, SUCCESS, logIndex=355, commits[325d518f-bf0d-428a-814f-266b27e759e4:c355]
2019-06-15 10:52:56,018 INFO  client.GrpcClientProtocolClient (GrpcClientProtocolClient.java:onNext(254)) - client-09EBABE1B9AF->325d518f-bf0d-428a-814f-266b27e759e4: receive RaftClientReply:client-09EBABE1B9AF->325d518f-bf0d-428a-814f-266b27e759e4@group-9696F0872FC0, cid=203, SUCCESS, logIndex=357, commits[325d518f-bf0d-428a-814f-266b27e759e4:c357]
2019-06-15 10:52:56,018 INFO  client.GrpcClientProtocolClient (GrpcClientProtocolClient.java:onNext(254)) - client-09EBABE1B9AF->325d518f-bf0d-428a-814f-266b27e759e4: receive RaftClientReply:client-09EBABE1B9AF->325d518f-bf0d-428a-814f-266b27e759e4@group-9696F0872FC0, cid=204, SUCCESS, logIndex=358, commits[325d518f-bf0d-428a-814f-266b27e759e4:c358]
2019-06-15 10:52:56,027 INFO  client.GrpcClientProtocolClient (GrpcClientProtocolClient.java:onNext(254)) - client-09EBABE1B9AF->325d518f-bf0d-428a-814f-266b27e759e4: receive RaftClientReply:client-09EBABE1B9AF->325d518f-bf0d-428a-814f-266b27e759e4@group-9696F0872FC0, cid=205, SUCCESS, logIndex=361, commits[325d518f-bf0d-428a-814f-266b27e759e4:c361]
2019-06-15 10:52:56,029 INFO  client.GrpcClientProtocolClient (GrpcClientProtocolClient.java:onNext(254)) - client-09EBABE1B9AF->325d518f-bf0d-428a-814f-266b27e759e4: receive RaftClientReply:client-09EBABE1B9AF->325d518f-bf0d-428a-814f-266b27e759e4@group-9696F0872FC0, cid=206, SUCCESS, logIndex=363, commits[325d518f-bf0d-428a-814f-266b27e759e4:c363]
2019-06-15 10:52:56,035 INFO  client.GrpcClientProtocolClient (GrpcClientProtocolClient.java:onNext(254)) - client-09EBABE1B9AF->325d518f-bf0d-428a-814f-266b27e759e4: receive RaftClientReply:client-09EBABE1B9AF->325d518f-bf0d-428a-814f-266b27e759e4@group-9696F0872FC0, cid=207, SUCCESS, logIndex=365, commits[325d518f-bf0d-428a-814f-266b27e759e4:c366]
2019-06-15 10:52:56,035 INFO  client.GrpcClientProtocolClient (GrpcClientProtocolClient.java:onNext(254)) - client-09EBABE1B9AF->325d518f-bf0d-428a-814f-266b27e759e4: receive RaftClientReply:client-09EBABE1B9AF->325d518f-bf0d-428a-814f-266b27e759e4@group-9696F0872FC0, cid=208, SUCCESS, logIndex=366, commits[325d518f-bf0d-428a-814f-266b27e759e4:c367]
2019-06-15 10:52:56,047 INFO  client.GrpcClientProtocolClient (GrpcClientProtocolClient.java:onNext(254)) - client-09EBABE1B9AF->325d518f-bf0d-428a-814f-266b27e759e4: receive RaftClientReply:client-09EBABE1B9AF->325d518f-bf0d-428a-814f-266b27e759e4@group-9696F0872FC0, cid=209, SUCCESS, logIndex=368, commits[325d518f-bf0d-428a-814f-266b27e759e4:c368]
2019-06-15 10:52:56,051 INFO  client.GrpcClientProtocolClient (GrpcClientProtocolClient.java:onNext(254)) - client-09EBABE1B9AF->325d518f-bf0d-428a-814f-266b27e759e4: receive RaftClientReply:client-09EBABE1B9AF->325d518f-bf0d-428a-814f-266b27e759e4@group-9696F0872FC0, cid=210, SUCCESS, logIndex=370, commits[325d518f-bf0d-428a-814f-266b27e759e4:c370]
2019-06-15 10:52:56,051 INFO  client.GrpcClientProtocolClient (GrpcClientProtocolClient.java:onNext(254)) - client-09EBABE1B9AF->325d518f-bf0d-428a-814f-266b27e759e4: receive RaftClientReply:client-09EBABE1B9AF->325d518f-bf0d-428a-814f-266b27e759e4@group-9696F0872FC0, cid=211, SUCCESS, logIndex=371, commits[325d518f-bf0d-428a-814f-266b27e759e4:c371]
2019-06-15 10:52:56,054 INFO  client.GrpcClientProtocolClient (GrpcClientProtocolClient.java:onNext(254)) - client-09EBABE1B9AF->325d518f-bf0d-428a-814f-266b27e759e4: receive RaftClientReply:client-09EBABE1B9AF->325d518f-bf0d-428a-814f-266b27e759e4@group-9696F0872FC0, cid=212, SUCCESS, logIndex=374, commits[325d518f-bf0d-428a-814f-266b27e759e4:c374]
2019-06-15 10:52:56,063 INFO  client.GrpcClientProtocolClient (GrpcClientProtocolClient.java:onNext(254)) - client-09EBABE1B9AF->325d518f-bf0d-428a-814f-266b27e759e4: receive RaftClientReply:client-09EBABE1B9AF->325d518f-bf0d-428a-814f-266b27e759e4@group-9696F0872FC0, cid=213, SUCCESS, logIndex=376, commits[325d518f-bf0d-428a-814f-266b27e759e4:c376]
2019-06-15 10:52:56,065 INFO  client.GrpcClientProtocolClient (GrpcClientProtocolClient.java:onNext(254)) - client-09EBABE1B9AF->325d518f-bf0d-428a-814f-266b27e759e4: receive RaftClientReply:client-09EBABE1B9AF->325d518f-bf0d-428a-814f-266b27e759e4@group-9696F0872FC0, cid=214, SUCCESS, logIndex=378, commits[325d518f-bf0d-428a-814f-266b27e759e4:c378]
2019-06-15 10:52:56,067 INFO  client.GrpcClientProtocolClient (GrpcClientProtocolClient.java:onNext(254)) - client-09EBABE1B9AF->325d518f-bf0d-428a-814f-266b27e759e4: receive RaftClientReply:client-09EBABE1B9AF->325d518f-bf0d-428a-814f-266b27e759e4@group-9696F0872FC0, cid=215, SUCCESS, logIndex=379, commits[325d518f-bf0d-428a-814f-266b27e759e4:c380]
2019-06-15 10:52:56,067 INFO  storage.RaftLogWorker (RaftLogWorker.java:rollLogSegment(303)) - 325d518f-bf0d-428a-814f-266b27e759e4-RaftLogWorker: Rolling segment log-304_380 to index:380
2019-06-15 10:52:56,067 INFO  storage.RaftLogWorker (RaftLogWorker.java:execute(433)) - 325d518f-bf0d-428a-814f-266b27e759e4-RaftLogWorker: Rolled log segment from /opt/src/hadoop-ozone/integration-test/target/test-dir/MiniOzoneClusterImpl-dd99cefe-9779-4043-9d74-181b69d2a827/datanode-0/data/ratis/e0f1d9ef-e225-4b24-a786-9696f0872fc0/current/log_inprogress_304 to /opt/src/hadoop-ozone/integration-test/target/test-dir/MiniOzoneClusterImpl-dd99cefe-9779-4043-9d74-181b69d2a827/datanode-0/data/ratis/e0f1d9ef-e225-4b24-a786-9696f0872fc0/current/log_304-380
2019-06-15 10:52:56,103 DEBUG block.SCMBlockDeletingService (SCMBlockDeletingService.java:call(138)) - Running DeletedBlockTransactionScanner
2019-06-15 10:52:56,103 DEBUG block.SCMBlockDeletingService (SCMBlockDeletingService.java:call(155)) - Scanned deleted blocks log and got 0 delTX to process.
2019-06-15 10:52:56,103 INFO  storage.RaftLogWorker (RaftLogWorker.java:execute(469)) - 325d518f-bf0d-428a-814f-266b27e759e4-RaftLogWorker: created new log segment /opt/src/hadoop-ozone/integration-test/target/test-dir/MiniOzoneClusterImpl-dd99cefe-9779-4043-9d74-181b69d2a827/datanode-0/data/ratis/e0f1d9ef-e225-4b24-a786-9696f0872fc0/current/log_inprogress_381
2019-06-15 10:52:56,106 INFO  client.GrpcClientProtocolClient (GrpcClientProtocolClient.java:onNext(254)) - client-09EBABE1B9AF->325d518f-bf0d-428a-814f-266b27e759e4: receive RaftClientReply:client-09EBABE1B9AF->325d518f-bf0d-428a-814f-266b27e759e4@group-9696F0872FC0, cid=216, SUCCESS, logIndex=381, commits[325d518f-bf0d-428a-814f-266b27e759e4:c381]
2019-06-15 10:52:56,119 INFO  client.GrpcClientProtocolClient (GrpcClientProtocolClient.java:onNext(254)) - client-09EBABE1B9AF->325d518f-bf0d-428a-814f-266b27e759e4: receive RaftClientReply:client-09EBABE1B9AF->325d518f-bf0d-428a-814f-266b27e759e4@group-9696F0872FC0, cid=217, SUCCESS, logIndex=383, commits[325d518f-bf0d-428a-814f-266b27e759e4:c383]
2019-06-15 10:52:56,124 INFO  client.GrpcClientProtocolClient (GrpcClientProtocolClient.java:onNext(254)) - client-09EBABE1B9AF->325d518f-bf0d-428a-814f-266b27e759e4: receive RaftClientReply:client-09EBABE1B9AF->325d518f-bf0d-428a-814f-266b27e759e4@group-9696F0872FC0, cid=218, SUCCESS, logIndex=385, commits[325d518f-bf0d-428a-814f-266b27e759e4:c385]
2019-06-15 10:52:56,126 INFO  client.GrpcClientProtocolClient (GrpcClientProtocolClient.java:onNext(254)) - client-09EBABE1B9AF->325d518f-bf0d-428a-814f-266b27e759e4: receive RaftClientReply:client-09EBABE1B9AF->325d518f-bf0d-428a-814f-266b27e759e4@group-9696F0872FC0, cid=219, SUCCESS, logIndex=387, commits[325d518f-bf0d-428a-814f-266b27e759e4:c387]
2019-06-15 10:52:56,128 INFO  client.GrpcClientProtocolClient (GrpcClientProtocolClient.java:onNext(254)) - client-09EBABE1B9AF->325d518f-bf0d-428a-814f-266b27e759e4: receive RaftClientReply:client-09EBABE1B9AF->325d518f-bf0d-428a-814f-266b27e759e4@group-9696F0872FC0, cid=220, SUCCESS, logIndex=389, commits[325d518f-bf0d-428a-814f-266b27e759e4:c389]
2019-06-15 10:52:56,224 DEBUG block.SCMBlockDeletingService (SCMBlockDeletingService.java:call(138)) - Running DeletedBlockTransactionScanner
2019-06-15 10:52:56,224 DEBUG block.SCMBlockDeletingService (SCMBlockDeletingService.java:call(155)) - Scanned deleted blocks log and got 0 delTX to process.
2019-06-15 10:52:56,238 INFO  client.GrpcClientProtocolClient (GrpcClientProtocolClient.java:onNext(254)) - client-09EBABE1B9AF->325d518f-bf0d-428a-814f-266b27e759e4: receive RaftClientReply:client-09EBABE1B9AF->325d518f-bf0d-428a-814f-266b27e759e4@group-9696F0872FC0, cid=221, SUCCESS, logIndex=391, commits[325d518f-bf0d-428a-814f-266b27e759e4:c391]
2019-06-15 10:52:56,241 INFO  client.GrpcClientProtocolClient (GrpcClientProtocolClient.java:onNext(254)) - client-09EBABE1B9AF->325d518f-bf0d-428a-814f-266b27e759e4: receive RaftClientReply:client-09EBABE1B9AF->325d518f-bf0d-428a-814f-266b27e759e4@group-9696F0872FC0, cid=222, SUCCESS, logIndex=393, commits[325d518f-bf0d-428a-814f-266b27e759e4:c393]
2019-06-15 10:52:56,242 INFO  client.GrpcClientProtocolClient (GrpcClientProtocolClient.java:onNext(254)) - client-09EBABE1B9AF->325d518f-bf0d-428a-814f-266b27e759e4: receive RaftClientReply:client-09EBABE1B9AF->325d518f-bf0d-428a-814f-266b27e759e4@group-9696F0872FC0, cid=223, SUCCESS, logIndex=394, commits[325d518f-bf0d-428a-814f-266b27e759e4:c396]
2019-06-15 10:52:56,242 INFO  client.GrpcClientProtocolClient (GrpcClientProtocolClient.java:onNext(254)) - client-09EBABE1B9AF->325d518f-bf0d-428a-814f-266b27e759e4: receive RaftClientReply:client-09EBABE1B9AF->325d518f-bf0d-428a-814f-266b27e759e4@group-9696F0872FC0, cid=224, SUCCESS, logIndex=396, commits[325d518f-bf0d-428a-814f-266b27e759e4:c396]
2019-06-15 10:52:56,254 INFO  client.GrpcClientProtocolClient (GrpcClientProtocolClient.java:onNext(254)) - client-09EBABE1B9AF->325d518f-bf0d-428a-814f-266b27e759e4: receive RaftClientReply:client-09EBABE1B9AF->325d518f-bf0d-428a-814f-266b27e759e4@group-9696F0872FC0, cid=225, SUCCESS, logIndex=398, commits[325d518f-bf0d-428a-814f-266b27e759e4:c398]
2019-06-15 10:52:56,257 INFO  client.GrpcClientProtocolClient (GrpcClientProtocolClient.java:onNext(254)) - client-09EBABE1B9AF->325d518f-bf0d-428a-814f-266b27e759e4: receive RaftClientReply:client-09EBABE1B9AF->325d518f-bf0d-428a-814f-266b27e759e4@group-9696F0872FC0, cid=226, SUCCESS, logIndex=400, commits[325d518f-bf0d-428a-814f-266b27e759e4:c400]
2019-06-15 10:52:56,257 INFO  client.GrpcClientProtocolClient (GrpcClientProtocolClient.java:onNext(254)) - client-09EBABE1B9AF->325d518f-bf0d-428a-814f-266b27e759e4: receive RaftClientReply:client-09EBABE1B9AF->325d518f-bf0d-428a-814f-266b27e759e4@group-9696F0872FC0, cid=227, SUCCESS, logIndex=401, commits[325d518f-bf0d-428a-814f-266b27e759e4:c402]
2019-06-15 10:52:56,259 INFO  client.GrpcClientProtocolClient (GrpcClientProtocolClient.java:onNext(254)) - client-09EBABE1B9AF->325d518f-bf0d-428a-814f-266b27e759e4: receive RaftClientReply:client-09EBABE1B9AF->325d518f-bf0d-428a-814f-266b27e759e4@group-9696F0872FC0, cid=228, SUCCESS, logIndex=403, commits[325d518f-bf0d-428a-814f-266b27e759e4:c403]
2019-06-15 10:52:56,268 INFO  client.GrpcClientProtocolClient (GrpcClientProtocolClient.java:onNext(254)) - client-09EBABE1B9AF->325d518f-bf0d-428a-814f-266b27e759e4: receive RaftClientReply:client-09EBABE1B9AF->325d518f-bf0d-428a-814f-266b27e759e4@group-9696F0872FC0, cid=229, SUCCESS, logIndex=405, commits[325d518f-bf0d-428a-814f-266b27e759e4:c405]
2019-06-15 10:52:56,271 INFO  client.GrpcClientProtocolClient (GrpcClientProtocolClient.java:onNext(254)) - client-09EBABE1B9AF->325d518f-bf0d-428a-814f-266b27e759e4: receive RaftClientReply:client-09EBABE1B9AF->325d518f-bf0d-428a-814f-266b27e759e4@group-9696F0872FC0, cid=230, SUCCESS, logIndex=407, commits[325d518f-bf0d-428a-814f-266b27e759e4:c409]
2019-06-15 10:52:56,272 INFO  client.GrpcClientProtocolClient (GrpcClientProtocolClient.java:onNext(254)) - client-09EBABE1B9AF->325d518f-bf0d-428a-814f-266b27e759e4: receive RaftClientReply:client-09EBABE1B9AF->325d518f-bf0d-428a-814f-266b27e759e4@group-9696F0872FC0, cid=231, SUCCESS, logIndex=408, commits[325d518f-bf0d-428a-814f-266b27e759e4:c409]
2019-06-15 10:52:56,272 INFO  client.GrpcClientProtocolClient (GrpcClientProtocolClient.java:onNext(254)) - client-09EBABE1B9AF->325d518f-bf0d-428a-814f-266b27e759e4: receive RaftClientReply:client-09EBABE1B9AF->325d518f-bf0d-428a-814f-266b27e759e4@group-9696F0872FC0, cid=232, SUCCESS, logIndex=409, commits[325d518f-bf0d-428a-814f-266b27e759e4:c410]
2019-06-15 10:52:56,282 INFO  client.GrpcClientProtocolClient (GrpcClientProtocolClient.java:onNext(254)) - client-09EBABE1B9AF->325d518f-bf0d-428a-814f-266b27e759e4: receive RaftClientReply:client-09EBABE1B9AF->325d518f-bf0d-428a-814f-266b27e759e4@group-9696F0872FC0, cid=233, SUCCESS, logIndex=412, commits[325d518f-bf0d-428a-814f-266b27e759e4:c412]
2019-06-15 10:52:56,284 INFO  client.GrpcClientProtocolClient (GrpcClientProtocolClient.java:onNext(254)) - client-09EBABE1B9AF->325d518f-bf0d-428a-814f-266b27e759e4: receive RaftClientReply:client-09EBABE1B9AF->325d518f-bf0d-428a-814f-266b27e759e4@group-9696F0872FC0, cid=234, SUCCESS, logIndex=414, commits[325d518f-bf0d-428a-814f-266b27e759e4:c414]
2019-06-15 10:52:56,287 INFO  client.GrpcClientProtocolClient (GrpcClientProtocolClient.java:onNext(254)) - client-09EBABE1B9AF->325d518f-bf0d-428a-814f-266b27e759e4: receive RaftClientReply:client-09EBABE1B9AF->325d518f-bf0d-428a-814f-266b27e759e4@group-9696F0872FC0, cid=235, SUCCESS, logIndex=416, commits[325d518f-bf0d-428a-814f-266b27e759e4:c416]
2019-06-15 10:52:56,288 INFO  client.GrpcClientProtocolClient (GrpcClientProtocolClient.java:onNext(254)) - client-09EBABE1B9AF->325d518f-bf0d-428a-814f-266b27e759e4: receive RaftClientReply:client-09EBABE1B9AF->325d518f-bf0d-428a-814f-266b27e759e4@group-9696F0872FC0, cid=236, SUCCESS, logIndex=417, commits[325d518f-bf0d-428a-814f-266b27e759e4:c417]
2019-06-15 10:52:56,295 INFO  client.GrpcClientProtocolClient (GrpcClientProtocolClient.java:onNext(254)) - client-09EBABE1B9AF->325d518f-bf0d-428a-814f-266b27e759e4: receive RaftClientReply:client-09EBABE1B9AF->325d518f-bf0d-428a-814f-266b27e759e4@group-9696F0872FC0, cid=237, SUCCESS, logIndex=420, commits[325d518f-bf0d-428a-814f-266b27e759e4:c420]
2019-06-15 10:52:56,299 INFO  client.GrpcClientProtocolClient (GrpcClientProtocolClient.java:onNext(254)) - client-09EBABE1B9AF->325d518f-bf0d-428a-814f-266b27e759e4: receive RaftClientReply:client-09EBABE1B9AF->325d518f-bf0d-428a-814f-266b27e759e4@group-9696F0872FC0, cid=238, SUCCESS, logIndex=422, commits[325d518f-bf0d-428a-814f-266b27e759e4:c423]
2019-06-15 10:52:56,300 INFO  client.GrpcClientProtocolClient (GrpcClientProtocolClient.java:onNext(254)) - client-09EBABE1B9AF->325d518f-bf0d-428a-814f-266b27e759e4: receive RaftClientReply:client-09EBABE1B9AF->325d518f-bf0d-428a-814f-266b27e759e4@group-9696F0872FC0, cid=239, SUCCESS, logIndex=423, commits[325d518f-bf0d-428a-814f-266b27e759e4:c423]
2019-06-15 10:52:56,301 INFO  client.GrpcClientProtocolClient (GrpcClientProtocolClient.java:onNext(254)) - client-09EBABE1B9AF->325d518f-bf0d-428a-814f-266b27e759e4: receive RaftClientReply:client-09EBABE1B9AF->325d518f-bf0d-428a-814f-266b27e759e4@group-9696F0872FC0, cid=240, SUCCESS, logIndex=425, commits[325d518f-bf0d-428a-814f-266b27e759e4:c425]
2019-06-15 10:52:56,313 INFO  client.GrpcClientProtocolClient (GrpcClientProtocolClient.java:onNext(254)) - client-09EBABE1B9AF->325d518f-bf0d-428a-814f-266b27e759e4: receive RaftClientReply:client-09EBABE1B9AF->325d518f-bf0d-428a-814f-266b27e759e4@group-9696F0872FC0, cid=241, SUCCESS, logIndex=428, commits[325d518f-bf0d-428a-814f-266b27e759e4:c428]
2019-06-15 10:52:56,315 INFO  client.GrpcClientProtocolClient (GrpcClientProtocolClient.java:onNext(254)) - client-09EBABE1B9AF->325d518f-bf0d-428a-814f-266b27e759e4: receive RaftClientReply:client-09EBABE1B9AF->325d518f-bf0d-428a-814f-266b27e759e4@group-9696F0872FC0, cid=242, SUCCESS, logIndex=430, commits[325d518f-bf0d-428a-814f-266b27e759e4:c430]
2019-06-15 10:52:56,318 INFO  client.GrpcClientProtocolClient (GrpcClientProtocolClient.java:onNext(254)) - client-09EBABE1B9AF->325d518f-bf0d-428a-814f-266b27e759e4: receive RaftClientReply:client-09EBABE1B9AF->325d518f-bf0d-428a-814f-266b27e759e4@group-9696F0872FC0, cid=243, SUCCESS, logIndex=432, commits[325d518f-bf0d-428a-814f-266b27e759e4:c433]
2019-06-15 10:52:56,318 INFO  client.GrpcClientProtocolClient (GrpcClientProtocolClient.java:onNext(254)) - client-09EBABE1B9AF->325d518f-bf0d-428a-814f-266b27e759e4: receive RaftClientReply:client-09EBABE1B9AF->325d518f-bf0d-428a-814f-266b27e759e4@group-9696F0872FC0, cid=244, SUCCESS, logIndex=433, commits[325d518f-bf0d-428a-814f-266b27e759e4:c434]
2019-06-15 10:52:56,324 DEBUG block.SCMBlockDeletingService (SCMBlockDeletingService.java:call(138)) - Running DeletedBlockTransactionScanner
2019-06-15 10:52:56,325 DEBUG block.SCMBlockDeletingService (SCMBlockDeletingService.java:call(155)) - Scanned deleted blocks log and got 0 delTX to process.
2019-06-15 10:52:56,326 INFO  client.GrpcClientProtocolClient (GrpcClientProtocolClient.java:onNext(254)) - client-09EBABE1B9AF->325d518f-bf0d-428a-814f-266b27e759e4: receive RaftClientReply:client-09EBABE1B9AF->325d518f-bf0d-428a-814f-266b27e759e4@group-9696F0872FC0, cid=245, SUCCESS, logIndex=435, commits[325d518f-bf0d-428a-814f-266b27e759e4:c435]
2019-06-15 10:52:56,328 INFO  client.GrpcClientProtocolClient (GrpcClientProtocolClient.java:onNext(254)) - client-09EBABE1B9AF->325d518f-bf0d-428a-814f-266b27e759e4: receive RaftClientReply:client-09EBABE1B9AF->325d518f-bf0d-428a-814f-266b27e759e4@group-9696F0872FC0, cid=246, SUCCESS, logIndex=437, commits[325d518f-bf0d-428a-814f-266b27e759e4:c437]
2019-06-15 10:52:56,333 INFO  client.GrpcClientProtocolClient (GrpcClientProtocolClient.java:onNext(254)) - client-09EBABE1B9AF->325d518f-bf0d-428a-814f-266b27e759e4: receive RaftClientReply:client-09EBABE1B9AF->325d518f-bf0d-428a-814f-266b27e759e4@group-9696F0872FC0, cid=247, SUCCESS, logIndex=438, commits[325d518f-bf0d-428a-814f-266b27e759e4:c440]
2019-06-15 10:52:56,334 INFO  client.GrpcClientProtocolClient (GrpcClientProtocolClient.java:onNext(254)) - client-09EBABE1B9AF->325d518f-bf0d-428a-814f-266b27e759e4: receive RaftClientReply:client-09EBABE1B9AF->325d518f-bf0d-428a-814f-266b27e759e4@group-9696F0872FC0, cid=248, SUCCESS, logIndex=440, commits[325d518f-bf0d-428a-814f-266b27e759e4:c441]
2019-06-15 10:52:56,348 INFO  client.GrpcClientProtocolClient (GrpcClientProtocolClient.java:onNext(254)) - client-09EBABE1B9AF->325d518f-bf0d-428a-814f-266b27e759e4: receive RaftClientReply:client-09EBABE1B9AF->325d518f-bf0d-428a-814f-266b27e759e4@group-9696F0872FC0, cid=249, SUCCESS, logIndex=442, commits[325d518f-bf0d-428a-814f-266b27e759e4:c442]
2019-06-15 10:52:56,352 INFO  client.GrpcClientProtocolClient (GrpcClientProtocolClient.java:onNext(254)) - client-09EBABE1B9AF->325d518f-bf0d-428a-814f-266b27e759e4: receive RaftClientReply:client-09EBABE1B9AF->325d518f-bf0d-428a-814f-266b27e759e4@group-9696F0872FC0, cid=250, SUCCESS, logIndex=444, commits[325d518f-bf0d-428a-814f-266b27e759e4:c444]
2019-06-15 10:52:56,352 INFO  client.GrpcClientProtocolClient (GrpcClientProtocolClient.java:onNext(254)) - client-09EBABE1B9AF->325d518f-bf0d-428a-814f-266b27e759e4: receive RaftClientReply:client-09EBABE1B9AF->325d518f-bf0d-428a-814f-266b27e759e4@group-9696F0872FC0, cid=251, SUCCESS, logIndex=445, commits[325d518f-bf0d-428a-814f-266b27e759e4:c446]
2019-06-15 10:52:56,353 INFO  client.GrpcClientProtocolClient (GrpcClientProtocolClient.java:onNext(254)) - client-09EBABE1B9AF->325d518f-bf0d-428a-814f-266b27e759e4: receive RaftClientReply:client-09EBABE1B9AF->325d518f-bf0d-428a-814f-266b27e759e4@group-9696F0872FC0, cid=252, SUCCESS, logIndex=446, commits[325d518f-bf0d-428a-814f-266b27e759e4:c447]
2019-06-15 10:52:56,361 INFO  client.GrpcClientProtocolClient (GrpcClientProtocolClient.java:onNext(254)) - client-09EBABE1B9AF->325d518f-bf0d-428a-814f-266b27e759e4: receive RaftClientReply:client-09EBABE1B9AF->325d518f-bf0d-428a-814f-266b27e759e4@group-9696F0872FC0, cid=253, SUCCESS, logIndex=449, commits[325d518f-bf0d-428a-814f-266b27e759e4:c449]
2019-06-15 10:52:56,366 INFO  client.GrpcClientProtocolClient (GrpcClientProtocolClient.java:onNext(254)) - client-09EBABE1B9AF->325d518f-bf0d-428a-814f-266b27e759e4: receive RaftClientReply:client-09EBABE1B9AF->325d518f-bf0d-428a-814f-266b27e759e4@group-9696F0872FC0, cid=254, SUCCESS, logIndex=451, commits[325d518f-bf0d-428a-814f-266b27e759e4:c451]
2019-06-15 10:52:56,367 INFO  client.GrpcClientProtocolClient (GrpcClientProtocolClient.java:onNext(254)) - client-09EBABE1B9AF->325d518f-bf0d-428a-814f-266b27e759e4: receive RaftClientReply:client-09EBABE1B9AF->325d518f-bf0d-428a-814f-266b27e759e4@group-9696F0872FC0, cid=255, SUCCESS, logIndex=452, commits[325d518f-bf0d-428a-814f-266b27e759e4:c453]
2019-06-15 10:52:56,369 INFO  client.GrpcClientProtocolClient (GrpcClientProtocolClient.java:onNext(254)) - client-09EBABE1B9AF->325d518f-bf0d-428a-814f-266b27e759e4: receive RaftClientReply:client-09EBABE1B9AF->325d518f-bf0d-428a-814f-266b27e759e4@group-9696F0872FC0, cid=256, SUCCESS, logIndex=454, commits[325d518f-bf0d-428a-814f-266b27e759e4:c455]
2019-06-15 10:52:56,381 INFO  client.GrpcClientProtocolClient (GrpcClientProtocolClient.java:onNext(254)) - client-09EBABE1B9AF->325d518f-bf0d-428a-814f-266b27e759e4: receive RaftClientReply:client-09EBABE1B9AF->325d518f-bf0d-428a-814f-266b27e759e4@group-9696F0872FC0, cid=257, SUCCESS, logIndex=456, commits[325d518f-bf0d-428a-814f-266b27e759e4:c456]
2019-06-15 10:52:56,382 INFO  storage.RaftLogWorker (RaftLogWorker.java:rollLogSegment(303)) - 325d518f-bf0d-428a-814f-266b27e759e4-RaftLogWorker: Rolling segment log-381_458 to index:458
2019-06-15 10:52:56,382 INFO  storage.RaftLogWorker (RaftLogWorker.java:execute(433)) - 325d518f-bf0d-428a-814f-266b27e759e4-RaftLogWorker: Rolled log segment from /opt/src/hadoop-ozone/integration-test/target/test-dir/MiniOzoneClusterImpl-dd99cefe-9779-4043-9d74-181b69d2a827/datanode-0/data/ratis/e0f1d9ef-e225-4b24-a786-9696f0872fc0/current/log_inprogress_381 to /opt/src/hadoop-ozone/integration-test/target/test-dir/MiniOzoneClusterImpl-dd99cefe-9779-4043-9d74-181b69d2a827/datanode-0/data/ratis/e0f1d9ef-e225-4b24-a786-9696f0872fc0/current/log_381-458
2019-06-15 10:52:56,386 INFO  client.GrpcClientProtocolClient (GrpcClientProtocolClient.java:onNext(254)) - client-09EBABE1B9AF->325d518f-bf0d-428a-814f-266b27e759e4: receive RaftClientReply:client-09EBABE1B9AF->325d518f-bf0d-428a-814f-266b27e759e4@group-9696F0872FC0, cid=258, SUCCESS, logIndex=458, commits[325d518f-bf0d-428a-814f-266b27e759e4:c458]
2019-06-15 10:52:56,419 INFO  storage.RaftLogWorker (RaftLogWorker.java:execute(469)) - 325d518f-bf0d-428a-814f-266b27e759e4-RaftLogWorker: created new log segment /opt/src/hadoop-ozone/integration-test/target/test-dir/MiniOzoneClusterImpl-dd99cefe-9779-4043-9d74-181b69d2a827/datanode-0/data/ratis/e0f1d9ef-e225-4b24-a786-9696f0872fc0/current/log_inprogress_459
2019-06-15 10:52:56,421 INFO  client.GrpcClientProtocolClient (GrpcClientProtocolClient.java:onNext(254)) - client-09EBABE1B9AF->325d518f-bf0d-428a-814f-266b27e759e4: receive RaftClientReply:client-09EBABE1B9AF->325d518f-bf0d-428a-814f-266b27e759e4@group-9696F0872FC0, cid=259, SUCCESS, logIndex=459, commits[325d518f-bf0d-428a-814f-266b27e759e4:c461]
2019-06-15 10:52:56,422 INFO  client.GrpcClientProtocolClient (GrpcClientProtocolClient.java:onNext(254)) - client-09EBABE1B9AF->325d518f-bf0d-428a-814f-266b27e759e4: receive RaftClientReply:client-09EBABE1B9AF->325d518f-bf0d-428a-814f-266b27e759e4@group-9696F0872FC0, cid=260, SUCCESS, logIndex=460, commits[325d518f-bf0d-428a-814f-266b27e759e4:c461]
2019-06-15 10:52:56,425 DEBUG block.SCMBlockDeletingService (SCMBlockDeletingService.java:call(138)) - Running DeletedBlockTransactionScanner
2019-06-15 10:52:56,425 DEBUG block.SCMBlockDeletingService (SCMBlockDeletingService.java:call(155)) - Scanned deleted blocks log and got 0 delTX to process.
2019-06-15 10:52:56,431 INFO  client.GrpcClientProtocolClient (GrpcClientProtocolClient.java:onNext(254)) - client-09EBABE1B9AF->325d518f-bf0d-428a-814f-266b27e759e4: receive RaftClientReply:client-09EBABE1B9AF->325d518f-bf0d-428a-814f-266b27e759e4@group-9696F0872FC0, cid=261, SUCCESS, logIndex=462, commits[325d518f-bf0d-428a-814f-266b27e759e4:c462]
2019-06-15 10:52:56,435 INFO  client.GrpcClientProtocolClient (GrpcClientProtocolClient.java:onNext(254)) - client-09EBABE1B9AF->325d518f-bf0d-428a-814f-266b27e759e4: receive RaftClientReply:client-09EBABE1B9AF->325d518f-bf0d-428a-814f-266b27e759e4@group-9696F0872FC0, cid=262, SUCCESS, logIndex=464, commits[325d518f-bf0d-428a-814f-266b27e759e4:c464]
2019-06-15 10:52:56,436 INFO  client.GrpcClientProtocolClient (GrpcClientProtocolClient.java:onNext(254)) - client-09EBABE1B9AF->325d518f-bf0d-428a-814f-266b27e759e4: receive RaftClientReply:client-09EBABE1B9AF->325d518f-bf0d-428a-814f-266b27e759e4@group-9696F0872FC0, cid=263, SUCCESS, logIndex=465, commits[325d518f-bf0d-428a-814f-266b27e759e4:c465]
2019-06-15 10:52:56,436 INFO  client.GrpcClientProtocolClient (GrpcClientProtocolClient.java:onNext(254)) - client-09EBABE1B9AF->325d518f-bf0d-428a-814f-266b27e759e4: receive RaftClientReply:client-09EBABE1B9AF->325d518f-bf0d-428a-814f-266b27e759e4@group-9696F0872FC0, cid=264, SUCCESS, logIndex=467, commits[325d518f-bf0d-428a-814f-266b27e759e4:c467]
2019-06-15 10:52:56,535 DEBUG block.SCMBlockDeletingService (SCMBlockDeletingService.java:call(138)) - Running DeletedBlockTransactionScanner
2019-06-15 10:52:56,535 DEBUG block.SCMBlockDeletingService (SCMBlockDeletingService.java:call(155)) - Scanned deleted blocks log and got 0 delTX to process.
2019-06-15 10:52:56,547 INFO  client.GrpcClientProtocolClient (GrpcClientProtocolClient.java:onNext(254)) - client-09EBABE1B9AF->325d518f-bf0d-428a-814f-266b27e759e4: receive RaftClientReply:client-09EBABE1B9AF->325d518f-bf0d-428a-814f-266b27e759e4@group-9696F0872FC0, cid=265, SUCCESS, logIndex=470, commits[325d518f-bf0d-428a-814f-266b27e759e4:c470]
2019-06-15 10:52:56,549 INFO  client.GrpcClientProtocolClient (GrpcClientProtocolClient.java:onNext(254)) - client-09EBABE1B9AF->325d518f-bf0d-428a-814f-266b27e759e4: receive RaftClientReply:client-09EBABE1B9AF->325d518f-bf0d-428a-814f-266b27e759e4@group-9696F0872FC0, cid=266, SUCCESS, logIndex=472, commits[325d518f-bf0d-428a-814f-266b27e759e4:c472]
2019-06-15 10:52:56,552 INFO  client.GrpcClientProtocolClient (GrpcClientProtocolClient.java:onNext(254)) - client-09EBABE1B9AF->325d518f-bf0d-428a-814f-266b27e759e4: receive RaftClientReply:client-09EBABE1B9AF->325d518f-bf0d-428a-814f-266b27e759e4@group-9696F0872FC0, cid=267, SUCCESS, logIndex=474, commits[325d518f-bf0d-428a-814f-266b27e759e4:c474]
2019-06-15 10:52:56,553 INFO  client.GrpcClientProtocolClient (GrpcClientProtocolClient.java:onNext(254)) - client-09EBABE1B9AF->325d518f-bf0d-428a-814f-266b27e759e4: receive RaftClientReply:client-09EBABE1B9AF->325d518f-bf0d-428a-814f-266b27e759e4@group-9696F0872FC0, cid=268, SUCCESS, logIndex=475, commits[325d518f-bf0d-428a-814f-266b27e759e4:c475]
2019-06-15 10:52:56,561 INFO  client.GrpcClientProtocolClient (GrpcClientProtocolClient.java:onNext(254)) - client-09EBABE1B9AF->325d518f-bf0d-428a-814f-266b27e759e4: receive RaftClientReply:client-09EBABE1B9AF->325d518f-bf0d-428a-814f-266b27e759e4@group-9696F0872FC0, cid=269, SUCCESS, logIndex=478, commits[325d518f-bf0d-428a-814f-266b27e759e4:c478]
2019-06-15 10:52:56,563 INFO  client.GrpcClientProtocolClient (GrpcClientProtocolClient.java:onNext(254)) - client-09EBABE1B9AF->325d518f-bf0d-428a-814f-266b27e759e4: receive RaftClientReply:client-09EBABE1B9AF->325d518f-bf0d-428a-814f-266b27e759e4@group-9696F0872FC0, cid=270, SUCCESS, logIndex=480, commits[325d518f-bf0d-428a-814f-266b27e759e4:c480]
2019-06-15 10:52:56,564 INFO  client.GrpcClientProtocolClient (GrpcClientProtocolClient.java:onNext(254)) - client-09EBABE1B9AF->325d518f-bf0d-428a-814f-266b27e759e4: receive RaftClientReply:client-09EBABE1B9AF->325d518f-bf0d-428a-814f-266b27e759e4@group-9696F0872FC0, cid=271, SUCCESS, logIndex=481, commits[325d518f-bf0d-428a-814f-266b27e759e4:c482]
2019-06-15 10:52:56,566 INFO  client.GrpcClientProtocolClient (GrpcClientProtocolClient.java:onNext(254)) - client-09EBABE1B9AF->325d518f-bf0d-428a-814f-266b27e759e4: receive RaftClientReply:client-09EBABE1B9AF->325d518f-bf0d-428a-814f-266b27e759e4@group-9696F0872FC0, cid=272, SUCCESS, logIndex=483, commits[325d518f-bf0d-428a-814f-266b27e759e4:c483]
2019-06-15 10:52:56,578 INFO  client.GrpcClientProtocolClient (GrpcClientProtocolClient.java:onNext(254)) - client-09EBABE1B9AF->325d518f-bf0d-428a-814f-266b27e759e4: receive RaftClientReply:client-09EBABE1B9AF->325d518f-bf0d-428a-814f-266b27e759e4@group-9696F0872FC0, cid=273, SUCCESS, logIndex=485, commits[325d518f-bf0d-428a-814f-266b27e759e4:c485]
2019-06-15 10:52:56,583 INFO  client.GrpcClientProtocolClient (GrpcClientProtocolClient.java:onNext(254)) - client-09EBABE1B9AF->325d518f-bf0d-428a-814f-266b27e759e4: receive RaftClientReply:client-09EBABE1B9AF->325d518f-bf0d-428a-814f-266b27e759e4@group-9696F0872FC0, cid=274, SUCCESS, logIndex=487, commits[325d518f-bf0d-428a-814f-266b27e759e4:c487]
2019-06-15 10:52:56,583 INFO  client.GrpcClientProtocolClient (GrpcClientProtocolClient.java:onNext(254)) - client-09EBABE1B9AF->325d518f-bf0d-428a-814f-266b27e759e4: receive RaftClientReply:client-09EBABE1B9AF->325d518f-bf0d-428a-814f-266b27e759e4@group-9696F0872FC0, cid=275, SUCCESS, logIndex=488, commits[325d518f-bf0d-428a-814f-266b27e759e4:c489]
2019-06-15 10:52:56,584 INFO  client.GrpcClientProtocolClient (GrpcClientProtocolClient.java:onNext(254)) - client-09EBABE1B9AF->325d518f-bf0d-428a-814f-266b27e759e4: receive RaftClientReply:client-09EBABE1B9AF->325d518f-bf0d-428a-814f-266b27e759e4@group-9696F0872FC0, cid=276, SUCCESS, logIndex=490, commits[325d518f-bf0d-428a-814f-266b27e759e4:c490]
2019-06-15 10:52:56,591 INFO  client.GrpcClientProtocolClient (GrpcClientProtocolClient.java:onNext(254)) - client-09EBABE1B9AF->325d518f-bf0d-428a-814f-266b27e759e4: receive RaftClientReply:client-09EBABE1B9AF->325d518f-bf0d-428a-814f-266b27e759e4@group-9696F0872FC0, cid=277, SUCCESS, logIndex=492, commits[325d518f-bf0d-428a-814f-266b27e759e4:c492]
2019-06-15 10:52:56,593 INFO  client.GrpcClientProtocolClient (GrpcClientProtocolClient.java:onNext(254)) - client-09EBABE1B9AF->325d518f-bf0d-428a-814f-266b27e759e4: receive RaftClientReply:client-09EBABE1B9AF->325d518f-bf0d-428a-814f-266b27e759e4@group-9696F0872FC0, cid=278, SUCCESS, logIndex=494, commits[325d518f-bf0d-428a-814f-266b27e759e4:c494]
2019-06-15 10:52:56,596 INFO  client.GrpcClientProtocolClient (GrpcClientProtocolClient.java:onNext(254)) - client-09EBABE1B9AF->325d518f-bf0d-428a-814f-266b27e759e4: receive RaftClientReply:client-09EBABE1B9AF->325d518f-bf0d-428a-814f-266b27e759e4@group-9696F0872FC0, cid=279, SUCCESS, logIndex=496, commits[325d518f-bf0d-428a-814f-266b27e759e4:c497]
2019-06-15 10:52:56,597 INFO  client.GrpcClientProtocolClient (GrpcClientProtocolClient.java:onNext(254)) - client-09EBABE1B9AF->325d518f-bf0d-428a-814f-266b27e759e4: receive RaftClientReply:client-09EBABE1B9AF->325d518f-bf0d-428a-814f-266b27e759e4@group-9696F0872FC0, cid=280, SUCCESS, logIndex=497, commits[325d518f-bf0d-428a-814f-266b27e759e4:c498]
2019-06-15 10:52:56,611 INFO  client.GrpcClientProtocolClient (GrpcClientProtocolClient.java:onNext(254)) - client-09EBABE1B9AF->325d518f-bf0d-428a-814f-266b27e759e4: receive RaftClientReply:client-09EBABE1B9AF->325d518f-bf0d-428a-814f-266b27e759e4@group-9696F0872FC0, cid=281, SUCCESS, logIndex=499, commits[325d518f-bf0d-428a-814f-266b27e759e4:c499]
2019-06-15 10:52:56,615 INFO  client.GrpcClientProtocolClient (GrpcClientProtocolClient.java:onNext(254)) - client-09EBABE1B9AF->325d518f-bf0d-428a-814f-266b27e759e4: receive RaftClientReply:client-09EBABE1B9AF->325d518f-bf0d-428a-814f-266b27e759e4@group-9696F0872FC0, cid=282, SUCCESS, logIndex=501, commits[325d518f-bf0d-428a-814f-266b27e759e4:c501]
2019-06-15 10:52:56,616 INFO  client.GrpcClientProtocolClient (GrpcClientProtocolClient.java:onNext(254)) - client-09EBABE1B9AF->325d518f-bf0d-428a-814f-266b27e759e4: receive RaftClientReply:client-09EBABE1B9AF->325d518f-bf0d-428a-814f-266b27e759e4@group-9696F0872FC0, cid=283, SUCCESS, logIndex=502, commits[325d518f-bf0d-428a-814f-266b27e759e4:c504]
2019-06-15 10:52:56,617 INFO  client.GrpcClientProtocolClient (GrpcClientProtocolClient.java:onNext(254)) - client-09EBABE1B9AF->325d518f-bf0d-428a-814f-266b27e759e4: receive RaftClientReply:client-09EBABE1B9AF->325d518f-bf0d-428a-814f-266b27e759e4@group-9696F0872FC0, cid=284, SUCCESS, logIndex=503, commits[325d518f-bf0d-428a-814f-266b27e759e4:c504]
2019-06-15 10:52:56,624 INFO  client.GrpcClientProtocolClient (GrpcClientProtocolClient.java:onNext(254)) - client-09EBABE1B9AF->325d518f-bf0d-428a-814f-266b27e759e4: receive RaftClientReply:client-09EBABE1B9AF->325d518f-bf0d-428a-814f-266b27e759e4@group-9696F0872FC0, cid=285, SUCCESS, logIndex=505, commits[325d518f-bf0d-428a-814f-266b27e759e4:c505]
2019-06-15 10:52:56,625 INFO  client.GrpcClientProtocolClient (GrpcClientProtocolClient.java:onNext(254)) - client-09EBABE1B9AF->325d518f-bf0d-428a-814f-266b27e759e4: receive RaftClientReply:client-09EBABE1B9AF->325d518f-bf0d-428a-814f-266b27e759e4@group-9696F0872FC0, cid=286, SUCCESS, logIndex=507, commits[325d518f-bf0d-428a-814f-266b27e759e4:c507]
2019-06-15 10:52:56,628 INFO  client.GrpcClientProtocolClient (GrpcClientProtocolClient.java:onNext(254)) - client-09EBABE1B9AF->325d518f-bf0d-428a-814f-266b27e759e4: receive RaftClientReply:client-09EBABE1B9AF->325d518f-bf0d-428a-814f-266b27e759e4@group-9696F0872FC0, cid=287, SUCCESS, logIndex=509, commits[325d518f-bf0d-428a-814f-266b27e759e4:c510]
2019-06-15 10:52:56,629 INFO  client.GrpcClientProtocolClient (GrpcClientProtocolClient.java:onNext(254)) - client-09EBABE1B9AF->325d518f-bf0d-428a-814f-266b27e759e4: receive RaftClientReply:client-09EBABE1B9AF->325d518f-bf0d-428a-814f-266b27e759e4@group-9696F0872FC0, cid=288, SUCCESS, logIndex=510, commits[325d518f-bf0d-428a-814f-266b27e759e4:c510]
2019-06-15 10:52:56,636 DEBUG block.SCMBlockDeletingService (SCMBlockDeletingService.java:call(138)) - Running DeletedBlockTransactionScanner
2019-06-15 10:52:56,636 DEBUG block.SCMBlockDeletingService (SCMBlockDeletingService.java:call(155)) - Scanned deleted blocks log and got 0 delTX to process.
2019-06-15 10:52:56,640 INFO  client.GrpcClientProtocolClient (GrpcClientProtocolClient.java:onNext(254)) - client-09EBABE1B9AF->325d518f-bf0d-428a-814f-266b27e759e4: receive RaftClientReply:client-09EBABE1B9AF->325d518f-bf0d-428a-814f-266b27e759e4@group-9696F0872FC0, cid=289, SUCCESS, logIndex=512, commits[325d518f-bf0d-428a-814f-266b27e759e4:c512]
2019-06-15 10:52:56,648 INFO  client.GrpcClientProtocolClient (GrpcClientProtocolClient.java:onNext(254)) - client-09EBABE1B9AF->325d518f-bf0d-428a-814f-266b27e759e4: receive RaftClientReply:client-09EBABE1B9AF->325d518f-bf0d-428a-814f-266b27e759e4@group-9696F0872FC0, cid=290, SUCCESS, logIndex=514, commits[325d518f-bf0d-428a-814f-266b27e759e4:c514]
2019-06-15 10:52:56,650 INFO  client.GrpcClientProtocolClient (GrpcClientProtocolClient.java:onNext(254)) - client-09EBABE1B9AF->325d518f-bf0d-428a-814f-266b27e759e4: receive RaftClientReply:client-09EBABE1B9AF->325d518f-bf0d-428a-814f-266b27e759e4@group-9696F0872FC0, cid=291, SUCCESS, logIndex=515, commits[325d518f-bf0d-428a-814f-266b27e759e4:c517]
2019-06-15 10:52:56,651 INFO  client.GrpcClientProtocolClient (GrpcClientProtocolClient.java:onNext(254)) - client-09EBABE1B9AF->325d518f-bf0d-428a-814f-266b27e759e4: receive RaftClientReply:client-09EBABE1B9AF->325d518f-bf0d-428a-814f-266b27e759e4@group-9696F0872FC0, cid=292, SUCCESS, logIndex=516, commits[325d518f-bf0d-428a-814f-266b27e759e4:c517]
2019-06-15 10:52:56,658 INFO  client.GrpcClientProtocolClient (GrpcClientProtocolClient.java:onNext(254)) - client-09EBABE1B9AF->325d518f-bf0d-428a-814f-266b27e759e4: receive RaftClientReply:client-09EBABE1B9AF->325d518f-bf0d-428a-814f-266b27e759e4@group-9696F0872FC0, cid=293, SUCCESS, logIndex=518, commits[325d518f-bf0d-428a-814f-266b27e759e4:c518]
2019-06-15 10:52:56,661 INFO  client.GrpcClientProtocolClient (GrpcClientProtocolClient.java:onNext(254)) - client-09EBABE1B9AF->325d518f-bf0d-428a-814f-266b27e759e4: receive RaftClientReply:client-09EBABE1B9AF->325d518f-bf0d-428a-814f-266b27e759e4@group-9696F0872FC0, cid=294, SUCCESS, logIndex=520, commits[325d518f-bf0d-428a-814f-266b27e759e4:c522]
2019-06-15 10:52:56,662 INFO  client.GrpcClientProtocolClient (GrpcClientProtocolClient.java:onNext(254)) - client-09EBABE1B9AF->325d518f-bf0d-428a-814f-266b27e759e4: receive RaftClientReply:client-09EBABE1B9AF->325d518f-bf0d-428a-814f-266b27e759e4@group-9696F0872FC0, cid=295, SUCCESS, logIndex=521, commits[325d518f-bf0d-428a-814f-266b27e759e4:c522]
2019-06-15 10:52:56,662 INFO  client.GrpcClientProtocolClient (GrpcClientProtocolClient.java:onNext(254)) - client-09EBABE1B9AF->325d518f-bf0d-428a-814f-266b27e759e4: receive RaftClientReply:client-09EBABE1B9AF->325d518f-bf0d-428a-814f-266b27e759e4@group-9696F0872FC0, cid=296, SUCCESS, logIndex=522, commits[325d518f-bf0d-428a-814f-266b27e759e4:c524]
2019-06-15 10:52:56,674 INFO  client.GrpcClientProtocolClient (GrpcClientProtocolClient.java:onNext(254)) - client-09EBABE1B9AF->325d518f-bf0d-428a-814f-266b27e759e4: receive RaftClientReply:client-09EBABE1B9AF->325d518f-bf0d-428a-814f-266b27e759e4@group-9696F0872FC0, cid=297, SUCCESS, logIndex=525, commits[325d518f-bf0d-428a-814f-266b27e759e4:c525]
2019-06-15 10:52:56,676 INFO  client.GrpcClientProtocolClient (GrpcClientProtocolClient.java:onNext(254)) - client-09EBABE1B9AF->325d518f-bf0d-428a-814f-266b27e759e4: receive RaftClientReply:client-09EBABE1B9AF->325d518f-bf0d-428a-814f-266b27e759e4@group-9696F0872FC0, cid=298, SUCCESS, logIndex=527, commits[325d518f-bf0d-428a-814f-266b27e759e4:c527]
2019-06-15 10:52:56,678 INFO  client.GrpcClientProtocolClient (GrpcClientProtocolClient.java:onNext(254)) - client-09EBABE1B9AF->325d518f-bf0d-428a-814f-266b27e759e4: receive RaftClientReply:client-09EBABE1B9AF->325d518f-bf0d-428a-814f-266b27e759e4@group-9696F0872FC0, cid=299, SUCCESS, logIndex=528, commits[325d518f-bf0d-428a-814f-266b27e759e4:c528]
2019-06-15 10:52:56,678 INFO  client.GrpcClientProtocolClient (GrpcClientProtocolClient.java:onNext(254)) - client-09EBABE1B9AF->325d518f-bf0d-428a-814f-266b27e759e4: receive RaftClientReply:client-09EBABE1B9AF->325d518f-bf0d-428a-814f-266b27e759e4@group-9696F0872FC0, cid=300, SUCCESS, logIndex=530, commits[325d518f-bf0d-428a-814f-266b27e759e4:c531]
2019-06-15 10:52:56,686 INFO  storage.RaftLogWorker (RaftLogWorker.java:rollLogSegment(303)) - 325d518f-bf0d-428a-814f-266b27e759e4-RaftLogWorker: Rolling segment log-459_534 to index:534
2019-06-15 10:52:56,686 INFO  client.GrpcClientProtocolClient (GrpcClientProtocolClient.java:onNext(254)) - client-09EBABE1B9AF->325d518f-bf0d-428a-814f-266b27e759e4: receive RaftClientReply:client-09EBABE1B9AF->325d518f-bf0d-428a-814f-266b27e759e4@group-9696F0872FC0, cid=301, SUCCESS, logIndex=533, commits[325d518f-bf0d-428a-814f-266b27e759e4:c533]
2019-06-15 10:52:56,686 INFO  storage.RaftLogWorker (RaftLogWorker.java:execute(433)) - 325d518f-bf0d-428a-814f-266b27e759e4-RaftLogWorker: Rolled log segment from /opt/src/hadoop-ozone/integration-test/target/test-dir/MiniOzoneClusterImpl-dd99cefe-9779-4043-9d74-181b69d2a827/datanode-0/data/ratis/e0f1d9ef-e225-4b24-a786-9696f0872fc0/current/log_inprogress_459 to /opt/src/hadoop-ozone/integration-test/target/test-dir/MiniOzoneClusterImpl-dd99cefe-9779-4043-9d74-181b69d2a827/datanode-0/data/ratis/e0f1d9ef-e225-4b24-a786-9696f0872fc0/current/log_459-534
2019-06-15 10:52:56,729 INFO  storage.RaftLogWorker (RaftLogWorker.java:execute(469)) - 325d518f-bf0d-428a-814f-266b27e759e4-RaftLogWorker: created new log segment /opt/src/hadoop-ozone/integration-test/target/test-dir/MiniOzoneClusterImpl-dd99cefe-9779-4043-9d74-181b69d2a827/datanode-0/data/ratis/e0f1d9ef-e225-4b24-a786-9696f0872fc0/current/log_inprogress_535
2019-06-15 10:52:56,732 INFO  client.GrpcClientProtocolClient (GrpcClientProtocolClient.java:onNext(254)) - client-09EBABE1B9AF->325d518f-bf0d-428a-814f-266b27e759e4: receive RaftClientReply:client-09EBABE1B9AF->325d518f-bf0d-428a-814f-266b27e759e4@group-9696F0872FC0, cid=302, SUCCESS, logIndex=535, commits[325d518f-bf0d-428a-814f-266b27e759e4:c535]
2019-06-15 10:52:56,736 DEBUG block.SCMBlockDeletingService (SCMBlockDeletingService.java:call(138)) - Running DeletedBlockTransactionScanner
2019-06-15 10:52:56,736 INFO  client.GrpcClientProtocolClient (GrpcClientProtocolClient.java:onNext(254)) - client-09EBABE1B9AF->325d518f-bf0d-428a-814f-266b27e759e4: receive RaftClientReply:client-09EBABE1B9AF->325d518f-bf0d-428a-814f-266b27e759e4@group-9696F0872FC0, cid=303, SUCCESS, logIndex=537, commits[325d518f-bf0d-428a-814f-266b27e759e4:c538]
2019-06-15 10:52:56,736 DEBUG block.SCMBlockDeletingService (SCMBlockDeletingService.java:call(155)) - Scanned deleted blocks log and got 0 delTX to process.
2019-06-15 10:52:56,737 INFO  client.GrpcClientProtocolClient (GrpcClientProtocolClient.java:onNext(254)) - client-09EBABE1B9AF->325d518f-bf0d-428a-814f-266b27e759e4: receive RaftClientReply:client-09EBABE1B9AF->325d518f-bf0d-428a-814f-266b27e759e4@group-9696F0872FC0, cid=304, SUCCESS, logIndex=538, commits[325d518f-bf0d-428a-814f-266b27e759e4:c538]
2019-06-15 10:52:56,749 INFO  client.GrpcClientProtocolClient (GrpcClientProtocolClient.java:onNext(254)) - client-09EBABE1B9AF->325d518f-bf0d-428a-814f-266b27e759e4: receive RaftClientReply:client-09EBABE1B9AF->325d518f-bf0d-428a-814f-266b27e759e4@group-9696F0872FC0, cid=305, SUCCESS, logIndex=540, commits[325d518f-bf0d-428a-814f-266b27e759e4:c540]
2019-06-15 10:52:56,752 INFO  client.GrpcClientProtocolClient (GrpcClientProtocolClient.java:onNext(254)) - client-09EBABE1B9AF->325d518f-bf0d-428a-814f-266b27e759e4: receive RaftClientReply:client-09EBABE1B9AF->325d518f-bf0d-428a-814f-266b27e759e4@group-9696F0872FC0, cid=306, SUCCESS, logIndex=542, commits[325d518f-bf0d-428a-814f-266b27e759e4:c542]
2019-06-15 10:52:56,753 INFO  client.GrpcClientProtocolClient (GrpcClientProtocolClient.java:onNext(254)) - client-09EBABE1B9AF->325d518f-bf0d-428a-814f-266b27e759e4: receive RaftClientReply:client-09EBABE1B9AF->325d518f-bf0d-428a-814f-266b27e759e4@group-9696F0872FC0, cid=307, SUCCESS, logIndex=543, commits[325d518f-bf0d-428a-814f-266b27e759e4:c545]
2019-06-15 10:52:56,754 INFO  client.GrpcClientProtocolClient (GrpcClientProtocolClient.java:onNext(254)) - client-09EBABE1B9AF->325d518f-bf0d-428a-814f-266b27e759e4: receive RaftClientReply:client-09EBABE1B9AF->325d518f-bf0d-428a-814f-266b27e759e4@group-9696F0872FC0, cid=308, SUCCESS, logIndex=545, commits[325d518f-bf0d-428a-814f-266b27e759e4:c545]
2019-06-15 10:52:57,008 DEBUG block.SCMBlockDeletingService (SCMBlockDeletingService.java:call(138)) - Running DeletedBlockTransactionScanner
2019-06-15 10:52:57,009 DEBUG block.SCMBlockDeletingService (SCMBlockDeletingService.java:call(155)) - Scanned deleted blocks log and got 0 delTX to process.
2019-06-15 10:52:57,018 INFO  client.GrpcClientProtocolClient (GrpcClientProtocolClient.java:onNext(254)) - client-09EBABE1B9AF->325d518f-bf0d-428a-814f-266b27e759e4: receive RaftClientReply:client-09EBABE1B9AF->325d518f-bf0d-428a-814f-266b27e759e4@group-9696F0872FC0, cid=309, SUCCESS, logIndex=547, commits[325d518f-bf0d-428a-814f-266b27e759e4:c547]
2019-06-15 10:52:57,021 INFO  client.GrpcClientProtocolClient (GrpcClientProtocolClient.java:onNext(254)) - client-09EBABE1B9AF->325d518f-bf0d-428a-814f-266b27e759e4: receive RaftClientReply:client-09EBABE1B9AF->325d518f-bf0d-428a-814f-266b27e759e4@group-9696F0872FC0, cid=310, SUCCESS, logIndex=549, commits[325d518f-bf0d-428a-814f-266b27e759e4:c549]
2019-06-15 10:52:57,022 INFO  client.GrpcClientProtocolClient (GrpcClientProtocolClient.java:onNext(254)) - client-09EBABE1B9AF->325d518f-bf0d-428a-814f-266b27e759e4: receive RaftClientReply:client-09EBABE1B9AF->325d518f-bf0d-428a-814f-266b27e759e4@group-9696F0872FC0, cid=311, SUCCESS, logIndex=550, commits[325d518f-bf0d-428a-814f-266b27e759e4:c552]
2019-06-15 10:52:57,022 INFO  client.GrpcClientProtocolClient (GrpcClientProtocolClient.java:onNext(254)) - client-09EBABE1B9AF->325d518f-bf0d-428a-814f-266b27e759e4: receive RaftClientReply:client-09EBABE1B9AF->325d518f-bf0d-428a-814f-266b27e759e4@group-9696F0872FC0, cid=312, SUCCESS, logIndex=551, commits[325d518f-bf0d-428a-814f-266b27e759e4:c552]
2019-06-15 10:52:57,033 INFO  client.GrpcClientProtocolClient (GrpcClientProtocolClient.java:onNext(254)) - client-09EBABE1B9AF->325d518f-bf0d-428a-814f-266b27e759e4: receive RaftClientReply:client-09EBABE1B9AF->325d518f-bf0d-428a-814f-266b27e759e4@group-9696F0872FC0, cid=313, SUCCESS, logIndex=553, commits[325d518f-bf0d-428a-814f-266b27e759e4:c553]
2019-06-15 10:52:57,036 INFO  client.GrpcClientProtocolClient (GrpcClientProtocolClient.java:onNext(254)) - client-09EBABE1B9AF->325d518f-bf0d-428a-814f-266b27e759e4: receive RaftClientReply:client-09EBABE1B9AF->325d518f-bf0d-428a-814f-266b27e759e4@group-9696F0872FC0, cid=314, SUCCESS, logIndex=555, commits[325d518f-bf0d-428a-814f-266b27e759e4:c555]
2019-06-15 10:52:57,037 INFO  client.GrpcClientProtocolClient (GrpcClientProtocolClient.java:onNext(254)) - client-09EBABE1B9AF->325d518f-bf0d-428a-814f-266b27e759e4: receive RaftClientReply:client-09EBABE1B9AF->325d518f-bf0d-428a-814f-266b27e759e4@group-9696F0872FC0, cid=315, SUCCESS, logIndex=556, commits[325d518f-bf0d-428a-814f-266b27e759e4:c558]
2019-06-15 10:52:57,037 INFO  client.GrpcClientProtocolClient (GrpcClientProtocolClient.java:onNext(254)) - client-09EBABE1B9AF->325d518f-bf0d-428a-814f-266b27e759e4: receive RaftClientReply:client-09EBABE1B9AF->325d518f-bf0d-428a-814f-266b27e759e4@group-9696F0872FC0, cid=316, SUCCESS, logIndex=557, commits[325d518f-bf0d-428a-814f-266b27e759e4:c558]
2019-06-15 10:52:57,045 INFO  client.GrpcClientProtocolClient (GrpcClientProtocolClient.java:onNext(254)) - client-09EBABE1B9AF->325d518f-bf0d-428a-814f-266b27e759e4: receive RaftClientReply:client-09EBABE1B9AF->325d518f-bf0d-428a-814f-266b27e759e4@group-9696F0872FC0, cid=317, SUCCESS, logIndex=559, commits[325d518f-bf0d-428a-814f-266b27e759e4:c559]
2019-06-15 10:52:57,050 INFO  client.GrpcClientProtocolClient (GrpcClientProtocolClient.java:onNext(254)) - client-09EBABE1B9AF->325d518f-bf0d-428a-814f-266b27e759e4: receive RaftClientReply:client-09EBABE1B9AF->325d518f-bf0d-428a-814f-266b27e759e4@group-9696F0872FC0, cid=318, SUCCESS, logIndex=561, commits[325d518f-bf0d-428a-814f-266b27e759e4:c565]
2019-06-15 10:52:57,051 INFO  client.GrpcClientProtocolClient (GrpcClientProtocolClient.java:onNext(254)) - client-09EBABE1B9AF->325d518f-bf0d-428a-814f-266b27e759e4: receive RaftClientReply:client-09EBABE1B9AF->325d518f-bf0d-428a-814f-266b27e759e4@group-9696F0872FC0, cid=319, SUCCESS, logIndex=562, commits[325d518f-bf0d-428a-814f-266b27e759e4:c565]
2019-06-15 10:52:57,053 INFO  client.GrpcClientProtocolClient (GrpcClientProtocolClient.java:onNext(254)) - client-09EBABE1B9AF->325d518f-bf0d-428a-814f-266b27e759e4: receive RaftClientReply:client-09EBABE1B9AF->325d518f-bf0d-428a-814f-266b27e759e4@group-9696F0872FC0, cid=320, SUCCESS, logIndex=564, commits[325d518f-bf0d-428a-814f-266b27e759e4:c565]
2019-06-15 10:52:57,064 INFO  client.GrpcClientProtocolClient (GrpcClientProtocolClient.java:onNext(254)) - client-09EBABE1B9AF->325d518f-bf0d-428a-814f-266b27e759e4: receive RaftClientReply:client-09EBABE1B9AF->325d518f-bf0d-428a-814f-266b27e759e4@group-9696F0872FC0, cid=321, SUCCESS, logIndex=566, commits[325d518f-bf0d-428a-814f-266b27e759e4:c566]
2019-06-15 10:52:57,068 INFO  client.GrpcClientProtocolClient (GrpcClientProtocolClient.java:onNext(254)) - client-09EBABE1B9AF->325d518f-bf0d-428a-814f-266b27e759e4: receive RaftClientReply:client-09EBABE1B9AF->325d518f-bf0d-428a-814f-266b27e759e4@group-9696F0872FC0, cid=322, SUCCESS, logIndex=568, commits[325d518f-bf0d-428a-814f-266b27e759e4:c568]
2019-06-15 10:52:57,068 INFO  client.GrpcClientProtocolClient (GrpcClientProtocolClient.java:onNext(254)) - client-09EBABE1B9AF->325d518f-bf0d-428a-814f-266b27e759e4: receive RaftClientReply:client-09EBABE1B9AF->325d518f-bf0d-428a-814f-266b27e759e4@group-9696F0872FC0, cid=323, SUCCESS, logIndex=569, commits[325d518f-bf0d-428a-814f-266b27e759e4:c569]
2019-06-15 10:52:57,070 INFO  client.GrpcClientProtocolClient (GrpcClientProtocolClient.java:onNext(254)) - client-09EBABE1B9AF->325d518f-bf0d-428a-814f-266b27e759e4: receive RaftClientReply:client-09EBABE1B9AF->325d518f-bf0d-428a-814f-266b27e759e4@group-9696F0872FC0, cid=324, SUCCESS, logIndex=572, commits[325d518f-bf0d-428a-814f-266b27e759e4:c572]
2019-06-15 10:52:57,078 INFO  client.GrpcClientProtocolClient (GrpcClientProtocolClient.java:onNext(254)) - client-09EBABE1B9AF->325d518f-bf0d-428a-814f-266b27e759e4: receive RaftClientReply:client-09EBABE1B9AF->325d518f-bf0d-428a-814f-266b27e759e4@group-9696F0872FC0, cid=325, SUCCESS, logIndex=574, commits[325d518f-bf0d-428a-814f-266b27e759e4:c574]
2019-06-15 10:52:57,081 INFO  client.GrpcClientProtocolClient (GrpcClientProtocolClient.java:onNext(254)) - client-09EBABE1B9AF->325d518f-bf0d-428a-814f-266b27e759e4: receive RaftClientReply:client-09EBABE1B9AF->325d518f-bf0d-428a-814f-266b27e759e4@group-9696F0872FC0, cid=326, SUCCESS, logIndex=576, commits[325d518f-bf0d-428a-814f-266b27e759e4:c576]
2019-06-15 10:52:57,082 INFO  client.GrpcClientProtocolClient (GrpcClientProtocolClient.java:onNext(254)) - client-09EBABE1B9AF->325d518f-bf0d-428a-814f-266b27e759e4: receive RaftClientReply:client-09EBABE1B9AF->325d518f-bf0d-428a-814f-266b27e759e4@group-9696F0872FC0, cid=327, SUCCESS, logIndex=577, commits[325d518f-bf0d-428a-814f-266b27e759e4:c577]
2019-06-15 10:52:57,083 INFO  client.GrpcClientProtocolClient (GrpcClientProtocolClient.java:onNext(254)) - client-09EBABE1B9AF->325d518f-bf0d-428a-814f-266b27e759e4: receive RaftClientReply:client-09EBABE1B9AF->325d518f-bf0d-428a-814f-266b27e759e4@group-9696F0872FC0, cid=328, SUCCESS, logIndex=579, commits[325d518f-bf0d-428a-814f-266b27e759e4:c579]
2019-06-15 10:52:57,093 INFO  client.GrpcClientProtocolClient (GrpcClientProtocolClient.java:onNext(254)) - client-09EBABE1B9AF->325d518f-bf0d-428a-814f-266b27e759e4: receive RaftClientReply:client-09EBABE1B9AF->325d518f-bf0d-428a-814f-266b27e759e4@group-9696F0872FC0, cid=329, SUCCESS, logIndex=582, commits[325d518f-bf0d-428a-814f-266b27e759e4:c582]
2019-06-15 10:52:57,096 INFO  client.GrpcClientProtocolClient (GrpcClientProtocolClient.java:onNext(254)) - client-09EBABE1B9AF->325d518f-bf0d-428a-814f-266b27e759e4: receive RaftClientReply:client-09EBABE1B9AF->325d518f-bf0d-428a-814f-266b27e759e4@group-9696F0872FC0, cid=330, SUCCESS, logIndex=584, commits[325d518f-bf0d-428a-814f-266b27e759e4:c584]
2019-06-15 10:52:57,098 INFO  client.GrpcClientProtocolClient (GrpcClientProtocolClient.java:onNext(254)) - client-09EBABE1B9AF->325d518f-bf0d-428a-814f-266b27e759e4: receive RaftClientReply:client-09EBABE1B9AF->325d518f-bf0d-428a-814f-266b27e759e4@group-9696F0872FC0, cid=331, SUCCESS, logIndex=585, commits[325d518f-bf0d-428a-814f-266b27e759e4:c586]
2019-06-15 10:52:57,099 INFO  client.GrpcClientProtocolClient (GrpcClientProtocolClient.java:onNext(254)) - client-09EBABE1B9AF->325d518f-bf0d-428a-814f-266b27e759e4: receive RaftClientReply:client-09EBABE1B9AF->325d518f-bf0d-428a-814f-266b27e759e4@group-9696F0872FC0, cid=332, SUCCESS, logIndex=587, commits[325d518f-bf0d-428a-814f-266b27e759e4:c588]
2019-06-15 10:52:57,109 INFO  client.GrpcClientProtocolClient (GrpcClientProtocolClient.java:onNext(254)) - client-09EBABE1B9AF->325d518f-bf0d-428a-814f-266b27e759e4: receive RaftClientReply:client-09EBABE1B9AF->325d518f-bf0d-428a-814f-266b27e759e4@group-9696F0872FC0, cid=333, SUCCESS, logIndex=589, commits[325d518f-bf0d-428a-814f-266b27e759e4:c589]
2019-06-15 10:52:57,109 DEBUG block.SCMBlockDeletingService (SCMBlockDeletingService.java:call(138)) - Running DeletedBlockTransactionScanner
2019-06-15 10:52:57,109 DEBUG block.SCMBlockDeletingService (SCMBlockDeletingService.java:call(155)) - Scanned deleted blocks log and got 0 delTX to process.
2019-06-15 10:52:57,111 INFO  client.GrpcClientProtocolClient (GrpcClientProtocolClient.java:onNext(254)) - client-09EBABE1B9AF->325d518f-bf0d-428a-814f-266b27e759e4: receive RaftClientReply:client-09EBABE1B9AF->325d518f-bf0d-428a-814f-266b27e759e4@group-9696F0872FC0, cid=334, SUCCESS, logIndex=591, commits[325d518f-bf0d-428a-814f-266b27e759e4:c591]
2019-06-15 10:52:57,114 INFO  client.GrpcClientProtocolClient (GrpcClientProtocolClient.java:onNext(254)) - client-09EBABE1B9AF->325d518f-bf0d-428a-814f-266b27e759e4: receive RaftClientReply:client-09EBABE1B9AF->325d518f-bf0d-428a-814f-266b27e759e4@group-9696F0872FC0, cid=335, SUCCESS, logIndex=593, commits[325d518f-bf0d-428a-814f-266b27e759e4:c594]
2019-06-15 10:52:57,114 INFO  client.GrpcClientProtocolClient (GrpcClientProtocolClient.java:onNext(254)) - client-09EBABE1B9AF->325d518f-bf0d-428a-814f-266b27e759e4: receive RaftClientReply:client-09EBABE1B9AF->325d518f-bf0d-428a-814f-266b27e759e4@group-9696F0872FC0, cid=336, SUCCESS, logIndex=594, commits[325d518f-bf0d-428a-814f-266b27e759e4:c595]
2019-06-15 10:52:57,126 INFO  client.GrpcClientProtocolClient (GrpcClientProtocolClient.java:onNext(254)) - client-09EBABE1B9AF->325d518f-bf0d-428a-814f-266b27e759e4: receive RaftClientReply:client-09EBABE1B9AF->325d518f-bf0d-428a-814f-266b27e759e4@group-9696F0872FC0, cid=337, SUCCESS, logIndex=596, commits[325d518f-bf0d-428a-814f-266b27e759e4:c596]
2019-06-15 10:52:57,131 INFO  client.GrpcClientProtocolClient (GrpcClientProtocolClient.java:onNext(254)) - client-09EBABE1B9AF->325d518f-bf0d-428a-814f-266b27e759e4: receive RaftClientReply:client-09EBABE1B9AF->325d518f-bf0d-428a-814f-266b27e759e4@group-9696F0872FC0, cid=338, SUCCESS, logIndex=598, commits[325d518f-bf0d-428a-814f-266b27e759e4:c598]
2019-06-15 10:52:57,132 INFO  client.GrpcClientProtocolClient (GrpcClientProtocolClient.java:onNext(254)) - client-09EBABE1B9AF->325d518f-bf0d-428a-814f-266b27e759e4: receive RaftClientReply:client-09EBABE1B9AF->325d518f-bf0d-428a-814f-266b27e759e4@group-9696F0872FC0, cid=339, SUCCESS, logIndex=599, commits[325d518f-bf0d-428a-814f-266b27e759e4:c602]
2019-06-15 10:52:57,132 INFO  client.GrpcClientProtocolClient (GrpcClientProtocolClient.java:onNext(254)) - client-09EBABE1B9AF->325d518f-bf0d-428a-814f-266b27e759e4: receive RaftClientReply:client-09EBABE1B9AF->325d518f-bf0d-428a-814f-266b27e759e4@group-9696F0872FC0, cid=340, SUCCESS, logIndex=601, commits[325d518f-bf0d-428a-814f-266b27e759e4:c602]
2019-06-15 10:52:57,141 INFO  client.GrpcClientProtocolClient (GrpcClientProtocolClient.java:onNext(254)) - client-09EBABE1B9AF->325d518f-bf0d-428a-814f-266b27e759e4: receive RaftClientReply:client-09EBABE1B9AF->325d518f-bf0d-428a-814f-266b27e759e4@group-9696F0872FC0, cid=341, SUCCESS, logIndex=603, commits[325d518f-bf0d-428a-814f-266b27e759e4:c603]
2019-06-15 10:52:57,142 INFO  storage.RaftLogWorker (RaftLogWorker.java:rollLogSegment(303)) - 325d518f-bf0d-428a-814f-266b27e759e4-RaftLogWorker: Rolling segment log-535_606 to index:606
2019-06-15 10:52:57,143 INFO  storage.RaftLogWorker (RaftLogWorker.java:execute(433)) - 325d518f-bf0d-428a-814f-266b27e759e4-RaftLogWorker: Rolled log segment from /opt/src/hadoop-ozone/integration-test/target/test-dir/MiniOzoneClusterImpl-dd99cefe-9779-4043-9d74-181b69d2a827/datanode-0/data/ratis/e0f1d9ef-e225-4b24-a786-9696f0872fc0/current/log_inprogress_535 to /opt/src/hadoop-ozone/integration-test/target/test-dir/MiniOzoneClusterImpl-dd99cefe-9779-4043-9d74-181b69d2a827/datanode-0/data/ratis/e0f1d9ef-e225-4b24-a786-9696f0872fc0/current/log_535-606
2019-06-15 10:52:57,147 INFO  client.GrpcClientProtocolClient (GrpcClientProtocolClient.java:onNext(254)) - client-09EBABE1B9AF->325d518f-bf0d-428a-814f-266b27e759e4: receive RaftClientReply:client-09EBABE1B9AF->325d518f-bf0d-428a-814f-266b27e759e4@group-9696F0872FC0, cid=342, SUCCESS, logIndex=605, commits[325d518f-bf0d-428a-814f-266b27e759e4:c605]
2019-06-15 10:52:57,153 INFO  client.GrpcClientProtocolClient (GrpcClientProtocolClient.java:onNext(254)) - client-09EBABE1B9AF->325d518f-bf0d-428a-814f-266b27e759e4: receive RaftClientReply:client-09EBABE1B9AF->325d518f-bf0d-428a-814f-266b27e759e4@group-9696F0872FC0, cid=343, SUCCESS, logIndex=606, commits[325d518f-bf0d-428a-814f-266b27e759e4:c606]
2019-06-15 10:52:57,179 INFO  storage.RaftLogWorker (RaftLogWorker.java:execute(469)) - 325d518f-bf0d-428a-814f-266b27e759e4-RaftLogWorker: created new log segment /opt/src/hadoop-ozone/integration-test/target/test-dir/MiniOzoneClusterImpl-dd99cefe-9779-4043-9d74-181b69d2a827/datanode-0/data/ratis/e0f1d9ef-e225-4b24-a786-9696f0872fc0/current/log_inprogress_607
2019-06-15 10:52:57,182 INFO  client.GrpcClientProtocolClient (GrpcClientProtocolClient.java:onNext(254)) - client-09EBABE1B9AF->325d518f-bf0d-428a-814f-266b27e759e4: receive RaftClientReply:client-09EBABE1B9AF->325d518f-bf0d-428a-814f-266b27e759e4@group-9696F0872FC0, cid=344, SUCCESS, logIndex=607, commits[325d518f-bf0d-428a-814f-266b27e759e4:c609]
2019-06-15 10:52:57,194 INFO  client.GrpcClientProtocolClient (GrpcClientProtocolClient.java:onNext(254)) - client-09EBABE1B9AF->325d518f-bf0d-428a-814f-266b27e759e4: receive RaftClientReply:client-09EBABE1B9AF->325d518f-bf0d-428a-814f-266b27e759e4@group-9696F0872FC0, cid=345, SUCCESS, logIndex=610, commits[325d518f-bf0d-428a-814f-266b27e759e4:c610]
2019-06-15 10:52:57,203 INFO  client.GrpcClientProtocolClient (GrpcClientProtocolClient.java:onNext(254)) - client-09EBABE1B9AF->325d518f-bf0d-428a-814f-266b27e759e4: receive RaftClientReply:client-09EBABE1B9AF->325d518f-bf0d-428a-814f-266b27e759e4@group-9696F0872FC0, cid=346, SUCCESS, logIndex=612, commits[325d518f-bf0d-428a-814f-266b27e759e4:c612]
2019-06-15 10:52:57,204 INFO  client.GrpcClientProtocolClient (GrpcClientProtocolClient.java:onNext(254)) - client-09EBABE1B9AF->325d518f-bf0d-428a-814f-266b27e759e4: receive RaftClientReply:client-09EBABE1B9AF->325d518f-bf0d-428a-814f-266b27e759e4@group-9696F0872FC0, cid=347, SUCCESS, logIndex=613, commits[325d518f-bf0d-428a-814f-266b27e759e4:c615]
2019-06-15 10:52:57,205 INFO  client.GrpcClientProtocolClient (GrpcClientProtocolClient.java:onNext(254)) - client-09EBABE1B9AF->325d518f-bf0d-428a-814f-266b27e759e4: receive RaftClientReply:client-09EBABE1B9AF->325d518f-bf0d-428a-814f-266b27e759e4@group-9696F0872FC0, cid=348, SUCCESS, logIndex=615, commits[325d518f-bf0d-428a-814f-266b27e759e4:c615]
2019-06-15 10:52:57,210 DEBUG block.SCMBlockDeletingService (SCMBlockDeletingService.java:call(138)) - Running DeletedBlockTransactionScanner
2019-06-15 10:52:57,210 DEBUG block.SCMBlockDeletingService (SCMBlockDeletingService.java:call(155)) - Scanned deleted blocks log and got 0 delTX to process.
2019-06-15 10:52:57,212 INFO  client.GrpcClientProtocolClient (GrpcClientProtocolClient.java:onNext(254)) - client-09EBABE1B9AF->325d518f-bf0d-428a-814f-266b27e759e4: receive RaftClientReply:client-09EBABE1B9AF->325d518f-bf0d-428a-814f-266b27e759e4@group-9696F0872FC0, cid=349, SUCCESS, logIndex=617, commits[325d518f-bf0d-428a-814f-266b27e759e4:c617]
2019-06-15 10:52:57,215 INFO  client.GrpcClientProtocolClient (GrpcClientProtocolClient.java:onNext(254)) - client-09EBABE1B9AF->325d518f-bf0d-428a-814f-266b27e759e4: receive RaftClientReply:client-09EBABE1B9AF->325d518f-bf0d-428a-814f-266b27e759e4@group-9696F0872FC0, cid=350, SUCCESS, logIndex=619, commits[325d518f-bf0d-428a-814f-266b27e759e4:c619]
2019-06-15 10:52:57,218 INFO  client.GrpcClientProtocolClient (GrpcClientProtocolClient.java:onNext(254)) - client-09EBABE1B9AF->325d518f-bf0d-428a-814f-266b27e759e4: receive RaftClientReply:client-09EBABE1B9AF->325d518f-bf0d-428a-814f-266b27e759e4@group-9696F0872FC0, cid=351, SUCCESS, logIndex=620, commits[325d518f-bf0d-428a-814f-266b27e759e4:c622]
2019-06-15 10:52:57,219 INFO  client.GrpcClientProtocolClient (GrpcClientProtocolClient.java:onNext(254)) - client-09EBABE1B9AF->325d518f-bf0d-428a-814f-266b27e759e4: receive RaftClientReply:client-09EBABE1B9AF->325d518f-bf0d-428a-814f-266b27e759e4@group-9696F0872FC0, cid=352, SUCCESS, logIndex=621, commits[325d518f-bf0d-428a-814f-266b27e759e4:c622]
2019-06-15 10:52:57,295 INFO  client.GrpcClientProtocolClient (GrpcClientProtocolClient.java:onNext(254)) - client-09EBABE1B9AF->325d518f-bf0d-428a-814f-266b27e759e4: receive RaftClientReply:client-09EBABE1B9AF->325d518f-bf0d-428a-814f-266b27e759e4@group-9696F0872FC0, cid=353, SUCCESS, logIndex=623, commits[325d518f-bf0d-428a-814f-266b27e759e4:c623]
2019-06-15 10:52:57,298 INFO  client.GrpcClientProtocolClient (GrpcClientProtocolClient.java:onNext(254)) - client-09EBABE1B9AF->325d518f-bf0d-428a-814f-266b27e759e4: receive RaftClientReply:client-09EBABE1B9AF->325d518f-bf0d-428a-814f-266b27e759e4@group-9696F0872FC0, cid=354, SUCCESS, logIndex=625, commits[325d518f-bf0d-428a-814f-266b27e759e4:c625]
2019-06-15 10:52:57,299 INFO  client.GrpcClientProtocolClient (GrpcClientProtocolClient.java:onNext(254)) - client-09EBABE1B9AF->325d518f-bf0d-428a-814f-266b27e759e4: receive RaftClientReply:client-09EBABE1B9AF->325d518f-bf0d-428a-814f-266b27e759e4@group-9696F0872FC0, cid=355, SUCCESS, logIndex=626, commits[325d518f-bf0d-428a-814f-266b27e759e4:c627]
2019-06-15 10:52:57,299 INFO  client.GrpcClientProtocolClient (GrpcClientProtocolClient.java:onNext(254)) - client-09EBABE1B9AF->325d518f-bf0d-428a-814f-266b27e759e4: receive RaftClientReply:client-09EBABE1B9AF->325d518f-bf0d-428a-814f-266b27e759e4@group-9696F0872FC0, cid=356, SUCCESS, logIndex=627, commits[325d518f-bf0d-428a-814f-266b27e759e4:c628]
2019-06-15 10:52:57,306 INFO  client.GrpcClientProtocolClient (GrpcClientProtocolClient.java:onNext(254)) - client-09EBABE1B9AF->325d518f-bf0d-428a-814f-266b27e759e4: receive RaftClientReply:client-09EBABE1B9AF->325d518f-bf0d-428a-814f-266b27e759e4@group-9696F0872FC0, cid=357, SUCCESS, logIndex=630, commits[325d518f-bf0d-428a-814f-266b27e759e4:c630]
2019-06-15 10:52:57,308 INFO  client.GrpcClientProtocolClient (GrpcClientProtocolClient.java:onNext(254)) - client-09EBABE1B9AF->325d518f-bf0d-428a-814f-266b27e759e4: receive RaftClientReply:client-09EBABE1B9AF->325d518f-bf0d-428a-814f-266b27e759e4@group-9696F0872FC0, cid=358, SUCCESS, logIndex=632, commits[325d518f-bf0d-428a-814f-266b27e759e4:c632]
2019-06-15 10:52:57,310 DEBUG block.SCMBlockDeletingService (SCMBlockDeletingService.java:call(138)) - Running DeletedBlockTransactionScanner
2019-06-15 10:52:57,311 DEBUG block.SCMBlockDeletingService (SCMBlockDeletingService.java:call(155)) - Scanned deleted blocks log and got 0 delTX to process.
2019-06-15 10:52:57,311 INFO  client.GrpcClientProtocolClient (GrpcClientProtocolClient.java:onNext(254)) - client-09EBABE1B9AF->325d518f-bf0d-428a-814f-266b27e759e4: receive RaftClientReply:client-09EBABE1B9AF->325d518f-bf0d-428a-814f-266b27e759e4@group-9696F0872FC0, cid=359, SUCCESS, logIndex=634, commits[325d518f-bf0d-428a-814f-266b27e759e4:c634]
2019-06-15 10:52:57,312 INFO  client.GrpcClientProtocolClient (GrpcClientProtocolClient.java:onNext(254)) - client-09EBABE1B9AF->325d518f-bf0d-428a-814f-266b27e759e4: receive RaftClientReply:client-09EBABE1B9AF->325d518f-bf0d-428a-814f-266b27e759e4@group-9696F0872FC0, cid=360, SUCCESS, logIndex=635, commits[325d518f-bf0d-428a-814f-266b27e759e4:c635]
2019-06-15 10:52:57,323 INFO  client.GrpcClientProtocolClient (GrpcClientProtocolClient.java:onNext(254)) - client-09EBABE1B9AF->325d518f-bf0d-428a-814f-266b27e759e4: receive RaftClientReply:client-09EBABE1B9AF->325d518f-bf0d-428a-814f-266b27e759e4@group-9696F0872FC0, cid=361, SUCCESS, logIndex=638, commits[325d518f-bf0d-428a-814f-266b27e759e4:c638]
2019-06-15 10:52:57,327 INFO  client.GrpcClientProtocolClient (GrpcClientProtocolClient.java:onNext(254)) - client-09EBABE1B9AF->325d518f-bf0d-428a-814f-266b27e759e4: receive RaftClientReply:client-09EBABE1B9AF->325d518f-bf0d-428a-814f-266b27e759e4@group-9696F0872FC0, cid=362, SUCCESS, logIndex=640, commits[325d518f-bf0d-428a-814f-266b27e759e4:c640]
2019-06-15 10:52:57,328 INFO  client.GrpcClientProtocolClient (GrpcClientProtocolClient.java:onNext(254)) - client-09EBABE1B9AF->325d518f-bf0d-428a-814f-266b27e759e4: receive RaftClientReply:client-09EBABE1B9AF->325d518f-bf0d-428a-814f-266b27e759e4@group-9696F0872FC0, cid=363, SUCCESS, logIndex=641, commits[325d518f-bf0d-428a-814f-266b27e759e4:c643]
2019-06-15 10:52:57,328 INFO  client.GrpcClientProtocolClient (GrpcClientProtocolClient.java:onNext(254)) - client-09EBABE1B9AF->325d518f-bf0d-428a-814f-266b27e759e4: receive RaftClientReply:client-09EBABE1B9AF->325d518f-bf0d-428a-814f-266b27e759e4@group-9696F0872FC0, cid=364, SUCCESS, logIndex=643, commits[325d518f-bf0d-428a-814f-266b27e759e4:c644]
2019-06-15 10:52:57,335 INFO  client.GrpcClientProtocolClient (GrpcClientProtocolClient.java:onNext(254)) - client-09EBABE1B9AF->325d518f-bf0d-428a-814f-266b27e759e4: receive RaftClientReply:client-09EBABE1B9AF->325d518f-bf0d-428a-814f-266b27e759e4@group-9696F0872FC0, cid=365, SUCCESS, logIndex=645, commits[325d518f-bf0d-428a-814f-266b27e759e4:c645]
2019-06-15 10:52:57,338 INFO  client.GrpcClientProtocolClient (GrpcClientProtocolClient.java:onNext(254)) - client-09EBABE1B9AF->325d518f-bf0d-428a-814f-266b27e759e4: receive RaftClientReply:client-09EBABE1B9AF->325d518f-bf0d-428a-814f-266b27e759e4@group-9696F0872FC0, cid=366, SUCCESS, logIndex=647, commits[325d518f-bf0d-428a-814f-266b27e759e4:c647]
2019-06-15 10:52:57,339 INFO  client.GrpcClientProtocolClient (GrpcClientProtocolClient.java:onNext(254)) - client-09EBABE1B9AF->325d518f-bf0d-428a-814f-266b27e759e4: receive RaftClientReply:client-09EBABE1B9AF->325d518f-bf0d-428a-814f-266b27e759e4@group-9696F0872FC0, cid=367, SUCCESS, logIndex=649, commits[325d518f-bf0d-428a-814f-266b27e759e4:c649]
2019-06-15 10:52:57,340 INFO  client.GrpcClientProtocolClient (GrpcClientProtocolClient.java:onNext(254)) - client-09EBABE1B9AF->325d518f-bf0d-428a-814f-266b27e759e4: receive RaftClientReply:client-09EBABE1B9AF->325d518f-bf0d-428a-814f-266b27e759e4@group-9696F0872FC0, cid=368, SUCCESS, logIndex=651, commits[325d518f-bf0d-428a-814f-266b27e759e4:c651]
2019-06-15 10:52:57,352 INFO  client.GrpcClientProtocolClient (GrpcClientProtocolClient.java:onNext(254)) - client-09EBABE1B9AF->325d518f-bf0d-428a-814f-266b27e759e4: receive RaftClientReply:client-09EBABE1B9AF->325d518f-bf0d-428a-814f-266b27e759e4@group-9696F0872FC0, cid=369, SUCCESS, logIndex=653, commits[325d518f-bf0d-428a-814f-266b27e759e4:c653]
2019-06-15 10:52:57,355 INFO  client.GrpcClientProtocolClient (GrpcClientProtocolClient.java:onNext(254)) - client-09EBABE1B9AF->325d518f-bf0d-428a-814f-266b27e759e4: receive RaftClientReply:client-09EBABE1B9AF->325d518f-bf0d-428a-814f-266b27e759e4@group-9696F0872FC0, cid=370, SUCCESS, logIndex=655, commits[325d518f-bf0d-428a-814f-266b27e759e4:c655]
2019-06-15 10:52:57,356 INFO  client.GrpcClientProtocolClient (GrpcClientProtocolClient.java:onNext(254)) - client-09EBABE1B9AF->325d518f-bf0d-428a-814f-266b27e759e4: receive RaftClientReply:client-09EBABE1B9AF->325d518f-bf0d-428a-814f-266b27e759e4@group-9696F0872FC0, cid=371, SUCCESS, logIndex=657, commits[325d518f-bf0d-428a-814f-266b27e759e4:c658]
2019-06-15 10:52:57,357 INFO  client.GrpcClientProtocolClient (GrpcClientProtocolClient.java:onNext(254)) - client-09EBABE1B9AF->325d518f-bf0d-428a-814f-266b27e759e4: receive RaftClientReply:client-09EBABE1B9AF->325d518f-bf0d-428a-814f-266b27e759e4@group-9696F0872FC0, cid=372, SUCCESS, logIndex=658, commits[325d518f-bf0d-428a-814f-266b27e759e4:c658]
2019-06-15 10:52:57,366 INFO  client.GrpcClientProtocolClient (GrpcClientProtocolClient.java:onNext(254)) - client-09EBABE1B9AF->325d518f-bf0d-428a-814f-266b27e759e4: receive RaftClientReply:client-09EBABE1B9AF->325d518f-bf0d-428a-814f-266b27e759e4@group-9696F0872FC0, cid=373, SUCCESS, logIndex=660, commits[325d518f-bf0d-428a-814f-266b27e759e4:c660]
2019-06-15 10:52:57,371 INFO  client.GrpcClientProtocolClient (GrpcClientProtocolClient.java:onNext(254)) - client-09EBABE1B9AF->325d518f-bf0d-428a-814f-266b27e759e4: receive RaftClientReply:client-09EBABE1B9AF->325d518f-bf0d-428a-814f-266b27e759e4@group-9696F0872FC0, cid=374, SUCCESS, logIndex=662, commits[325d518f-bf0d-428a-814f-266b27e759e4:c662]
2019-06-15 10:52:57,371 INFO  client.GrpcClientProtocolClient (GrpcClientProtocolClient.java:onNext(254)) - client-09EBABE1B9AF->325d518f-bf0d-428a-814f-266b27e759e4: receive RaftClientReply:client-09EBABE1B9AF->325d518f-bf0d-428a-814f-266b27e759e4@group-9696F0872FC0, cid=375, SUCCESS, logIndex=664, commits[325d518f-bf0d-428a-814f-266b27e759e4:c664]
2019-06-15 10:52:57,371 INFO  client.GrpcClientProtocolClient (GrpcClientProtocolClient.java:onNext(254)) - client-09EBABE1B9AF->325d518f-bf0d-428a-814f-266b27e759e4: receive RaftClientReply:client-09EBABE1B9AF->325d518f-bf0d-428a-814f-266b27e759e4@group-9696F0872FC0, cid=376, SUCCESS, logIndex=666, commits[325d518f-bf0d-428a-814f-266b27e759e4:c666]
2019-06-15 10:52:57,423 DEBUG block.SCMBlockDeletingService (SCMBlockDeletingService.java:call(138)) - Running DeletedBlockTransactionScanner
2019-06-15 10:52:57,424 DEBUG block.SCMBlockDeletingService (SCMBlockDeletingService.java:call(155)) - Scanned deleted blocks log and got 0 delTX to process.
2019-06-15 10:52:57,428 INFO  client.GrpcClientProtocolClient (GrpcClientProtocolClient.java:onNext(254)) - client-09EBABE1B9AF->325d518f-bf0d-428a-814f-266b27e759e4: receive RaftClientReply:client-09EBABE1B9AF->325d518f-bf0d-428a-814f-266b27e759e4@group-9696F0872FC0, cid=377, SUCCESS, logIndex=668, commits[325d518f-bf0d-428a-814f-266b27e759e4:c668]
2019-06-15 10:52:57,429 INFO  client.GrpcClientProtocolClient (GrpcClientProtocolClient.java:onNext(254)) - client-09EBABE1B9AF->325d518f-bf0d-428a-814f-266b27e759e4: receive RaftClientReply:client-09EBABE1B9AF->325d518f-bf0d-428a-814f-266b27e759e4@group-9696F0872FC0, cid=378, SUCCESS, logIndex=670, commits[325d518f-bf0d-428a-814f-266b27e759e4:c670]
2019-06-15 10:52:57,432 INFO  client.GrpcClientProtocolClient (GrpcClientProtocolClient.java:onNext(254)) - client-09EBABE1B9AF->325d518f-bf0d-428a-814f-266b27e759e4: receive RaftClientReply:client-09EBABE1B9AF->325d518f-bf0d-428a-814f-266b27e759e4@group-9696F0872FC0, cid=379, SUCCESS, logIndex=672, commits[325d518f-bf0d-428a-814f-266b27e759e4:c673]
2019-06-15 10:52:57,433 INFO  client.GrpcClientProtocolClient (GrpcClientProtocolClient.java:onNext(254)) - client-09EBABE1B9AF->325d518f-bf0d-428a-814f-266b27e759e4: receive RaftClientReply:client-09EBABE1B9AF->325d518f-bf0d-428a-814f-266b27e759e4@group-9696F0872FC0, cid=380, SUCCESS, logIndex=673, commits[325d518f-bf0d-428a-814f-266b27e759e4:c673]
2019-06-15 10:52:57,440 INFO  client.GrpcClientProtocolClient (GrpcClientProtocolClient.java:onNext(254)) - client-09EBABE1B9AF->325d518f-bf0d-428a-814f-266b27e759e4: receive RaftClientReply:client-09EBABE1B9AF->325d518f-bf0d-428a-814f-266b27e759e4@group-9696F0872FC0, cid=381, SUCCESS, logIndex=675, commits[325d518f-bf0d-428a-814f-266b27e759e4:c675]
2019-06-15 10:52:57,443 INFO  client.GrpcClientProtocolClient (GrpcClientProtocolClient.java:onNext(254)) - client-09EBABE1B9AF->325d518f-bf0d-428a-814f-266b27e759e4: receive RaftClientReply:client-09EBABE1B9AF->325d518f-bf0d-428a-814f-266b27e759e4@group-9696F0872FC0, cid=382, SUCCESS, logIndex=677, commits[325d518f-bf0d-428a-814f-266b27e759e4:c677]
2019-06-15 10:52:57,446 INFO  client.GrpcClientProtocolClient (GrpcClientProtocolClient.java:onNext(254)) - client-09EBABE1B9AF->325d518f-bf0d-428a-814f-266b27e759e4: receive RaftClientReply:client-09EBABE1B9AF->325d518f-bf0d-428a-814f-266b27e759e4@group-9696F0872FC0, cid=383, SUCCESS, logIndex=679, commits[325d518f-bf0d-428a-814f-266b27e759e4:c680]
2019-06-15 10:52:57,452 INFO  client.GrpcClientProtocolClient (GrpcClientProtocolClient.java:onNext(254)) - client-09EBABE1B9AF->325d518f-bf0d-428a-814f-266b27e759e4: receive RaftClientReply:client-09EBABE1B9AF->325d518f-bf0d-428a-814f-266b27e759e4@group-9696F0872FC0, cid=384, SUCCESS, logIndex=680, commits[325d518f-bf0d-428a-814f-266b27e759e4:c680]
2019-06-15 10:52:57,463 INFO  client.GrpcClientProtocolClient (GrpcClientProtocolClient.java:onNext(254)) - client-09EBABE1B9AF->325d518f-bf0d-428a-814f-266b27e759e4: receive RaftClientReply:client-09EBABE1B9AF->325d518f-bf0d-428a-814f-266b27e759e4@group-9696F0872FC0, cid=385, SUCCESS, logIndex=682, commits[325d518f-bf0d-428a-814f-266b27e759e4:c682]
2019-06-15 10:52:57,466 INFO  client.GrpcClientProtocolClient (GrpcClientProtocolClient.java:onNext(254)) - client-09EBABE1B9AF->325d518f-bf0d-428a-814f-266b27e759e4: receive RaftClientReply:client-09EBABE1B9AF->325d518f-bf0d-428a-814f-266b27e759e4@group-9696F0872FC0, cid=386, SUCCESS, logIndex=684, commits[325d518f-bf0d-428a-814f-266b27e759e4:c684]
2019-06-15 10:52:57,466 INFO  storage.RaftLogWorker (RaftLogWorker.java:rollLogSegment(303)) - 325d518f-bf0d-428a-814f-266b27e759e4-RaftLogWorker: Rolling segment log-607_685 to index:685
2019-06-15 10:52:57,467 INFO  storage.RaftLogWorker (RaftLogWorker.java:execute(433)) - 325d518f-bf0d-428a-814f-266b27e759e4-RaftLogWorker: Rolled log segment from /opt/src/hadoop-ozone/integration-test/target/test-dir/MiniOzoneClusterImpl-dd99cefe-9779-4043-9d74-181b69d2a827/datanode-0/data/ratis/e0f1d9ef-e225-4b24-a786-9696f0872fc0/current/log_inprogress_607 to /opt/src/hadoop-ozone/integration-test/target/test-dir/MiniOzoneClusterImpl-dd99cefe-9779-4043-9d74-181b69d2a827/datanode-0/data/ratis/e0f1d9ef-e225-4b24-a786-9696f0872fc0/current/log_607-685
2019-06-15 10:52:57,505 INFO  storage.RaftLogWorker (RaftLogWorker.java:execute(469)) - 325d518f-bf0d-428a-814f-266b27e759e4-RaftLogWorker: created new log segment /opt/src/hadoop-ozone/integration-test/target/test-dir/MiniOzoneClusterImpl-dd99cefe-9779-4043-9d74-181b69d2a827/datanode-0/data/ratis/e0f1d9ef-e225-4b24-a786-9696f0872fc0/current/log_inprogress_686
2019-06-15 10:52:57,507 INFO  client.GrpcClientProtocolClient (GrpcClientProtocolClient.java:onNext(254)) - client-09EBABE1B9AF->325d518f-bf0d-428a-814f-266b27e759e4: receive RaftClientReply:client-09EBABE1B9AF->325d518f-bf0d-428a-814f-266b27e759e4@group-9696F0872FC0, cid=387, SUCCESS, logIndex=686, commits[325d518f-bf0d-428a-814f-266b27e759e4:c687]
2019-06-15 10:52:57,508 INFO  client.GrpcClientProtocolClient (GrpcClientProtocolClient.java:onNext(254)) - client-09EBABE1B9AF->325d518f-bf0d-428a-814f-266b27e759e4: receive RaftClientReply:client-09EBABE1B9AF->325d518f-bf0d-428a-814f-266b27e759e4@group-9696F0872FC0, cid=388, SUCCESS, logIndex=687, commits[325d518f-bf0d-428a-814f-266b27e759e4:c688]
2019-06-15 10:52:57,517 INFO  client.GrpcClientProtocolClient (GrpcClientProtocolClient.java:onNext(254)) - client-09EBABE1B9AF->325d518f-bf0d-428a-814f-266b27e759e4: receive RaftClientReply:client-09EBABE1B9AF->325d518f-bf0d-428a-814f-266b27e759e4@group-9696F0872FC0, cid=389, SUCCESS, logIndex=689, commits[325d518f-bf0d-428a-814f-266b27e759e4:c689]
2019-06-15 10:52:57,520 INFO  client.GrpcClientProtocolClient (GrpcClientProtocolClient.java:onNext(254)) - client-09EBABE1B9AF->325d518f-bf0d-428a-814f-266b27e759e4: receive RaftClientReply:client-09EBABE1B9AF->325d518f-bf0d-428a-814f-266b27e759e4@group-9696F0872FC0, cid=390, SUCCESS, logIndex=691, commits[325d518f-bf0d-428a-814f-266b27e759e4:c691]
2019-06-15 10:52:57,520 INFO  client.GrpcClientProtocolClient (GrpcClientProtocolClient.java:onNext(254)) - client-09EBABE1B9AF->325d518f-bf0d-428a-814f-266b27e759e4: receive RaftClientReply:client-09EBABE1B9AF->325d518f-bf0d-428a-814f-266b27e759e4@group-9696F0872FC0, cid=391, SUCCESS, logIndex=692, commits[325d518f-bf0d-428a-814f-266b27e759e4:c694]
2019-06-15 10:52:57,521 INFO  client.GrpcClientProtocolClient (GrpcClientProtocolClient.java:onNext(254)) - client-09EBABE1B9AF->325d518f-bf0d-428a-814f-266b27e759e4: receive RaftClientReply:client-09EBABE1B9AF->325d518f-bf0d-428a-814f-266b27e759e4@group-9696F0872FC0, cid=392, SUCCESS, logIndex=694, commits[325d518f-bf0d-428a-814f-266b27e759e4:c694]
2019-06-15 10:52:57,524 DEBUG block.SCMBlockDeletingService (SCMBlockDeletingService.java:call(138)) - Running DeletedBlockTransactionScanner
2019-06-15 10:52:57,524 DEBUG block.SCMBlockDeletingService (SCMBlockDeletingService.java:call(155)) - Scanned deleted blocks log and got 0 delTX to process.
2019-06-15 10:52:57,531 INFO  client.GrpcClientProtocolClient (GrpcClientProtocolClient.java:onNext(254)) - client-09EBABE1B9AF->325d518f-bf0d-428a-814f-266b27e759e4: receive RaftClientReply:client-09EBABE1B9AF->325d518f-bf0d-428a-814f-266b27e759e4@group-9696F0872FC0, cid=393, SUCCESS, logIndex=696, commits[325d518f-bf0d-428a-814f-266b27e759e4:c696]
2019-06-15 10:52:57,534 INFO  client.GrpcClientProtocolClient (GrpcClientProtocolClient.java:onNext(254)) - client-09EBABE1B9AF->325d518f-bf0d-428a-814f-266b27e759e4: receive RaftClientReply:client-09EBABE1B9AF->325d518f-bf0d-428a-814f-266b27e759e4@group-9696F0872FC0, cid=394, SUCCESS, logIndex=698, commits[325d518f-bf0d-428a-814f-266b27e759e4:c699]
2019-06-15 10:52:57,534 INFO  client.GrpcClientProtocolClient (GrpcClientProtocolClient.java:onNext(254)) - client-09EBABE1B9AF->325d518f-bf0d-428a-814f-266b27e759e4: receive RaftClientReply:client-09EBABE1B9AF->325d518f-bf0d-428a-814f-266b27e759e4@group-9696F0872FC0, cid=395, SUCCESS, logIndex=699, commits[325d518f-bf0d-428a-814f-266b27e759e4:c699]
2019-06-15 10:52:57,536 INFO  client.GrpcClientProtocolClient (GrpcClientProtocolClient.java:onNext(254)) - client-09EBABE1B9AF->325d518f-bf0d-428a-814f-266b27e759e4: receive RaftClientReply:client-09EBABE1B9AF->325d518f-bf0d-428a-814f-266b27e759e4@group-9696F0872FC0, cid=396, SUCCESS, logIndex=701, commits[325d518f-bf0d-428a-814f-266b27e759e4:c701]
2019-06-15 10:52:57,609 INFO  client.GrpcClientProtocolClient (GrpcClientProtocolClient.java:onNext(254)) - client-09EBABE1B9AF->325d518f-bf0d-428a-814f-266b27e759e4: receive RaftClientReply:client-09EBABE1B9AF->325d518f-bf0d-428a-814f-266b27e759e4@group-9696F0872FC0, cid=397, SUCCESS, logIndex=703, commits[325d518f-bf0d-428a-814f-266b27e759e4:c703]
2019-06-15 10:52:57,613 INFO  client.GrpcClientProtocolClient (GrpcClientProtocolClient.java:onNext(254)) - client-09EBABE1B9AF->325d518f-bf0d-428a-814f-266b27e759e4: receive RaftClientReply:client-09EBABE1B9AF->325d518f-bf0d-428a-814f-266b27e759e4@group-9696F0872FC0, cid=398, SUCCESS, logIndex=705, commits[325d518f-bf0d-428a-814f-266b27e759e4:c705]
2019-06-15 10:52:57,613 INFO  client.GrpcClientProtocolClient (GrpcClientProtocolClient.java:onNext(254)) - client-09EBABE1B9AF->325d518f-bf0d-428a-814f-266b27e759e4: receive RaftClientReply:client-09EBABE1B9AF->325d518f-bf0d-428a-814f-266b27e759e4@group-9696F0872FC0, cid=399, SUCCESS, logIndex=706, commits[325d518f-bf0d-428a-814f-266b27e759e4:c708]
2019-06-15 10:52:57,614 INFO  client.GrpcClientProtocolClient (GrpcClientProtocolClient.java:onNext(254)) - client-09EBABE1B9AF->325d518f-bf0d-428a-814f-266b27e759e4: receive RaftClientReply:client-09EBABE1B9AF->325d518f-bf0d-428a-814f-266b27e759e4@group-9696F0872FC0, cid=400, SUCCESS, logIndex=707, commits[325d518f-bf0d-428a-814f-266b27e759e4:c708]
2019-06-15 10:52:57,625 DEBUG block.SCMBlockDeletingService (SCMBlockDeletingService.java:call(138)) - Running DeletedBlockTransactionScanner
2019-06-15 10:52:57,625 DEBUG block.SCMBlockDeletingService (SCMBlockDeletingService.java:call(155)) - Scanned deleted blocks log and got 0 delTX to process.
2019-06-15 10:52:57,638 INFO  client.GrpcClientProtocolClient (GrpcClientProtocolClient.java:onNext(254)) - client-09EBABE1B9AF->325d518f-bf0d-428a-814f-266b27e759e4: receive RaftClientReply:client-09EBABE1B9AF->325d518f-bf0d-428a-814f-266b27e759e4@group-9696F0872FC0, cid=401, SUCCESS, logIndex=709, commits[325d518f-bf0d-428a-814f-266b27e759e4:c710]
2019-06-15 10:52:57,648 INFO  client.GrpcClientProtocolClient (GrpcClientProtocolClient.java:onNext(254)) - client-09EBABE1B9AF->325d518f-bf0d-428a-814f-266b27e759e4: receive RaftClientReply:client-09EBABE1B9AF->325d518f-bf0d-428a-814f-266b27e759e4@group-9696F0872FC0, cid=402, SUCCESS, logIndex=711, commits[325d518f-bf0d-428a-814f-266b27e759e4:c711]
2019-06-15 10:52:57,656 INFO  client.GrpcClientProtocolClient (GrpcClientProtocolClient.java:onNext(254)) - client-09EBABE1B9AF->325d518f-bf0d-428a-814f-266b27e759e4: receive RaftClientReply:client-09EBABE1B9AF->325d518f-bf0d-428a-814f-266b27e759e4@group-9696F0872FC0, cid=403, SUCCESS, logIndex=712, commits[325d518f-bf0d-428a-814f-266b27e759e4:c714]
2019-06-15 10:52:57,656 INFO  client.GrpcClientProtocolClient (GrpcClientProtocolClient.java:onNext(254)) - client-09EBABE1B9AF->325d518f-bf0d-428a-814f-266b27e759e4: receive RaftClientReply:client-09EBABE1B9AF->325d518f-bf0d-428a-814f-266b27e759e4@group-9696F0872FC0, cid=404, SUCCESS, logIndex=713, commits[325d518f-bf0d-428a-814f-266b27e759e4:c714]
2019-06-15 10:52:57,669 INFO  client.GrpcClientProtocolClient (GrpcClientProtocolClient.java:onNext(254)) - client-09EBABE1B9AF->325d518f-bf0d-428a-814f-266b27e759e4: receive RaftClientReply:client-09EBABE1B9AF->325d518f-bf0d-428a-814f-266b27e759e4@group-9696F0872FC0, cid=405, SUCCESS, logIndex=715, commits[325d518f-bf0d-428a-814f-266b27e759e4:c715]
2019-06-15 10:52:57,671 INFO  client.GrpcClientProtocolClient (GrpcClientProtocolClient.java:onNext(254)) - client-09EBABE1B9AF->325d518f-bf0d-428a-814f-266b27e759e4: receive RaftClientReply:client-09EBABE1B9AF->325d518f-bf0d-428a-814f-266b27e759e4@group-9696F0872FC0, cid=406, SUCCESS, logIndex=717, commits[325d518f-bf0d-428a-814f-266b27e759e4:c717]
2019-06-15 10:52:57,675 INFO  client.GrpcClientProtocolClient (GrpcClientProtocolClient.java:onNext(254)) - client-09EBABE1B9AF->325d518f-bf0d-428a-814f-266b27e759e4: receive RaftClientReply:client-09EBABE1B9AF->325d518f-bf0d-428a-814f-266b27e759e4@group-9696F0872FC0, cid=407, SUCCESS, logIndex=718, commits[325d518f-bf0d-428a-814f-266b27e759e4:c721]
2019-06-15 10:52:57,678 INFO  client.GrpcClientProtocolClient (GrpcClientProtocolClient.java:onNext(254)) - client-09EBABE1B9AF->325d518f-bf0d-428a-814f-266b27e759e4: receive RaftClientReply:client-09EBABE1B9AF->325d518f-bf0d-428a-814f-266b27e759e4@group-9696F0872FC0, cid=408, SUCCESS, logIndex=720, commits[325d518f-bf0d-428a-814f-266b27e759e4:c721]
2019-06-15 10:52:57,698 INFO  client.GrpcClientProtocolClient (GrpcClientProtocolClient.java:onNext(254)) - client-09EBABE1B9AF->325d518f-bf0d-428a-814f-266b27e759e4: receive RaftClientReply:client-09EBABE1B9AF->325d518f-bf0d-428a-814f-266b27e759e4@group-9696F0872FC0, cid=409, SUCCESS, logIndex=722, commits[325d518f-bf0d-428a-814f-266b27e759e4:c722]
2019-06-15 10:52:57,701 INFO  client.GrpcClientProtocolClient (GrpcClientProtocolClient.java:onNext(254)) - client-09EBABE1B9AF->325d518f-bf0d-428a-814f-266b27e759e4: receive RaftClientReply:client-09EBABE1B9AF->325d518f-bf0d-428a-814f-266b27e759e4@group-9696F0872FC0, cid=410, SUCCESS, logIndex=724, commits[325d518f-bf0d-428a-814f-266b27e759e4:c724]
2019-06-15 10:52:57,703 INFO  client.GrpcClientProtocolClient (GrpcClientProtocolClient.java:onNext(254)) - client-09EBABE1B9AF->325d518f-bf0d-428a-814f-266b27e759e4: receive RaftClientReply:client-09EBABE1B9AF->325d518f-bf0d-428a-814f-266b27e759e4@group-9696F0872FC0, cid=411, SUCCESS, logIndex=725, commits[325d518f-bf0d-428a-814f-266b27e759e4:c726]
2019-06-15 10:52:57,704 INFO  client.GrpcClientProtocolClient (GrpcClientProtocolClient.java:onNext(254)) - client-09EBABE1B9AF->325d518f-bf0d-428a-814f-266b27e759e4: receive RaftClientReply:client-09EBABE1B9AF->325d518f-bf0d-428a-814f-266b27e759e4@group-9696F0872FC0, cid=412, SUCCESS, logIndex=726, commits[325d518f-bf0d-428a-814f-266b27e759e4:c727]
2019-06-15 10:52:57,711 INFO  client.GrpcClientProtocolClient (GrpcClientProtocolClient.java:onNext(254)) - client-09EBABE1B9AF->325d518f-bf0d-428a-814f-266b27e759e4: receive RaftClientReply:client-09EBABE1B9AF->325d518f-bf0d-428a-814f-266b27e759e4@group-9696F0872FC0, cid=413, SUCCESS, logIndex=729, commits[325d518f-bf0d-428a-814f-266b27e759e4:c729]
2019-06-15 10:52:57,722 INFO  client.GrpcClientProtocolClient (GrpcClientProtocolClient.java:onNext(254)) - client-09EBABE1B9AF->325d518f-bf0d-428a-814f-266b27e759e4: receive RaftClientReply:client-09EBABE1B9AF->325d518f-bf0d-428a-814f-266b27e759e4@group-9696F0872FC0, cid=414, SUCCESS, logIndex=731, commits[325d518f-bf0d-428a-814f-266b27e759e4:c732]
2019-06-15 10:52:57,725 DEBUG block.SCMBlockDeletingService (SCMBlockDeletingService.java:call(138)) - Running DeletedBlockTransactionScanner
2019-06-15 10:52:57,725 DEBUG block.SCMBlockDeletingService (SCMBlockDeletingService.java:call(155)) - Scanned deleted blocks log and got 0 delTX to process.
2019-06-15 10:52:57,728 INFO  client.GrpcClientProtocolClient (GrpcClientProtocolClient.java:onNext(254)) - client-09EBABE1B9AF->325d518f-bf0d-428a-814f-266b27e759e4: receive RaftClientReply:client-09EBABE1B9AF->325d518f-bf0d-428a-814f-266b27e759e4@group-9696F0872FC0, cid=415, SUCCESS, logIndex=733, commits[325d518f-bf0d-428a-814f-266b27e759e4:c734]
2019-06-15 10:52:57,730 INFO  client.GrpcClientProtocolClient (GrpcClientProtocolClient.java:onNext(254)) - client-09EBABE1B9AF->325d518f-bf0d-428a-814f-266b27e759e4: receive RaftClientReply:client-09EBABE1B9AF->325d518f-bf0d-428a-814f-266b27e759e4@group-9696F0872FC0, cid=416, SUCCESS, logIndex=734, commits[325d518f-bf0d-428a-814f-266b27e759e4:c735]
2019-06-15 10:52:57,743 INFO  client.GrpcClientProtocolClient (GrpcClientProtocolClient.java:onNext(254)) - client-09EBABE1B9AF->325d518f-bf0d-428a-814f-266b27e759e4: receive RaftClientReply:client-09EBABE1B9AF->325d518f-bf0d-428a-814f-266b27e759e4@group-9696F0872FC0, cid=417, SUCCESS, logIndex=736, commits[325d518f-bf0d-428a-814f-266b27e759e4:c737]
2019-06-15 10:52:57,751 INFO  client.GrpcClientProtocolClient (GrpcClientProtocolClient.java:onNext(254)) - client-09EBABE1B9AF->325d518f-bf0d-428a-814f-266b27e759e4: receive RaftClientReply:client-09EBABE1B9AF->325d518f-bf0d-428a-814f-266b27e759e4@group-9696F0872FC0, cid=418, SUCCESS, logIndex=738, commits[325d518f-bf0d-428a-814f-266b27e759e4:c738]
2019-06-15 10:52:57,752 INFO  client.GrpcClientProtocolClient (GrpcClientProtocolClient.java:onNext(254)) - client-09EBABE1B9AF->325d518f-bf0d-428a-814f-266b27e759e4: receive RaftClientReply:client-09EBABE1B9AF->325d518f-bf0d-428a-814f-266b27e759e4@group-9696F0872FC0, cid=419, SUCCESS, logIndex=739, commits[325d518f-bf0d-428a-814f-266b27e759e4:c740]
2019-06-15 10:52:57,752 INFO  client.GrpcClientProtocolClient (GrpcClientProtocolClient.java:onNext(254)) - client-09EBABE1B9AF->325d518f-bf0d-428a-814f-266b27e759e4: receive RaftClientReply:client-09EBABE1B9AF->325d518f-bf0d-428a-814f-266b27e759e4@group-9696F0872FC0, cid=420, SUCCESS, logIndex=740, commits[325d518f-bf0d-428a-814f-266b27e759e4:c741]
2019-06-15 10:52:57,765 INFO  client.GrpcClientProtocolClient (GrpcClientProtocolClient.java:onNext(254)) - client-09EBABE1B9AF->325d518f-bf0d-428a-814f-266b27e759e4: receive RaftClientReply:client-09EBABE1B9AF->325d518f-bf0d-428a-814f-266b27e759e4@group-9696F0872FC0, cid=421, SUCCESS, logIndex=743, commits[325d518f-bf0d-428a-814f-266b27e759e4:c743]
2019-06-15 10:52:57,768 INFO  client.GrpcClientProtocolClient (GrpcClientProtocolClient.java:onNext(254)) - client-09EBABE1B9AF->325d518f-bf0d-428a-814f-266b27e759e4: receive RaftClientReply:client-09EBABE1B9AF->325d518f-bf0d-428a-814f-266b27e759e4@group-9696F0872FC0, cid=422, SUCCESS, logIndex=745, commits[325d518f-bf0d-428a-814f-266b27e759e4:c745]
2019-06-15 10:52:57,769 INFO  client.GrpcClientProtocolClient (GrpcClientProtocolClient.java:onNext(254)) - client-09EBABE1B9AF->325d518f-bf0d-428a-814f-266b27e759e4: receive RaftClientReply:client-09EBABE1B9AF->325d518f-bf0d-428a-814f-266b27e759e4@group-9696F0872FC0, cid=423, SUCCESS, logIndex=746, commits[325d518f-bf0d-428a-814f-266b27e759e4:c747]
2019-06-15 10:52:57,770 INFO  client.GrpcClientProtocolClient (GrpcClientProtocolClient.java:onNext(254)) - client-09EBABE1B9AF->325d518f-bf0d-428a-814f-266b27e759e4: receive RaftClientReply:client-09EBABE1B9AF->325d518f-bf0d-428a-814f-266b27e759e4@group-9696F0872FC0, cid=424, SUCCESS, logIndex=747, commits[325d518f-bf0d-428a-814f-266b27e759e4:c747]
2019-06-15 10:52:57,783 INFO  client.GrpcClientProtocolClient (GrpcClientProtocolClient.java:onNext(254)) - client-09EBABE1B9AF->325d518f-bf0d-428a-814f-266b27e759e4: receive RaftClientReply:client-09EBABE1B9AF->325d518f-bf0d-428a-814f-266b27e759e4@group-9696F0872FC0, cid=425, SUCCESS, logIndex=750, commits[325d518f-bf0d-428a-814f-266b27e759e4:c750]
2019-06-15 10:52:57,786 INFO  client.GrpcClientProtocolClient (GrpcClientProtocolClient.java:onNext(254)) - client-09EBABE1B9AF->325d518f-bf0d-428a-814f-266b27e759e4: receive RaftClientReply:client-09EBABE1B9AF->325d518f-bf0d-428a-814f-266b27e759e4@group-9696F0872FC0, cid=426, SUCCESS, logIndex=752, commits[325d518f-bf0d-428a-814f-266b27e759e4:c752]
2019-06-15 10:52:57,790 INFO  client.GrpcClientProtocolClient (GrpcClientProtocolClient.java:onNext(254)) - client-09EBABE1B9AF->325d518f-bf0d-428a-814f-266b27e759e4: receive RaftClientReply:client-09EBABE1B9AF->325d518f-bf0d-428a-814f-266b27e759e4@group-9696F0872FC0, cid=427, SUCCESS, logIndex=753, commits[325d518f-bf0d-428a-814f-266b27e759e4:c753]
2019-06-15 10:52:57,793 INFO  client.GrpcClientProtocolClient (GrpcClientProtocolClient.java:onNext(254)) - client-09EBABE1B9AF->325d518f-bf0d-428a-814f-266b27e759e4: receive RaftClientReply:client-09EBABE1B9AF->325d518f-bf0d-428a-814f-266b27e759e4@group-9696F0872FC0, cid=428, SUCCESS, logIndex=755, commits[325d518f-bf0d-428a-814f-266b27e759e4:c756]
2019-06-15 10:52:57,800 INFO  storage.RaftLogWorker (RaftLogWorker.java:rollLogSegment(303)) - 325d518f-bf0d-428a-814f-266b27e759e4-RaftLogWorker: Rolling segment log-686_758 to index:758
2019-06-15 10:52:57,801 INFO  storage.RaftLogWorker (RaftLogWorker.java:execute(433)) - 325d518f-bf0d-428a-814f-266b27e759e4-RaftLogWorker: Rolled log segment from /opt/src/hadoop-ozone/integration-test/target/test-dir/MiniOzoneClusterImpl-dd99cefe-9779-4043-9d74-181b69d2a827/datanode-0/data/ratis/e0f1d9ef-e225-4b24-a786-9696f0872fc0/current/log_inprogress_686 to /opt/src/hadoop-ozone/integration-test/target/test-dir/MiniOzoneClusterImpl-dd99cefe-9779-4043-9d74-181b69d2a827/datanode-0/data/ratis/e0f1d9ef-e225-4b24-a786-9696f0872fc0/current/log_686-758
2019-06-15 10:52:57,800 INFO  client.GrpcClientProtocolClient (GrpcClientProtocolClient.java:onNext(254)) - client-09EBABE1B9AF->325d518f-bf0d-428a-814f-266b27e759e4: receive RaftClientReply:client-09EBABE1B9AF->325d518f-bf0d-428a-814f-266b27e759e4@group-9696F0872FC0, cid=429, SUCCESS, logIndex=757, commits[325d518f-bf0d-428a-814f-266b27e759e4:c757]
2019-06-15 10:52:57,826 DEBUG block.SCMBlockDeletingService (SCMBlockDeletingService.java:call(138)) - Running DeletedBlockTransactionScanner
2019-06-15 10:52:57,838 DEBUG block.SCMBlockDeletingService (SCMBlockDeletingService.java:call(155)) - Scanned deleted blocks log and got 0 delTX to process.
2019-06-15 10:52:57,841 INFO  storage.RaftLogWorker (RaftLogWorker.java:execute(469)) - 325d518f-bf0d-428a-814f-266b27e759e4-RaftLogWorker: created new log segment /opt/src/hadoop-ozone/integration-test/target/test-dir/MiniOzoneClusterImpl-dd99cefe-9779-4043-9d74-181b69d2a827/datanode-0/data/ratis/e0f1d9ef-e225-4b24-a786-9696f0872fc0/current/log_inprogress_759
2019-06-15 10:52:57,844 INFO  client.GrpcClientProtocolClient (GrpcClientProtocolClient.java:onNext(254)) - client-09EBABE1B9AF->325d518f-bf0d-428a-814f-266b27e759e4: receive RaftClientReply:client-09EBABE1B9AF->325d518f-bf0d-428a-814f-266b27e759e4@group-9696F0872FC0, cid=430, SUCCESS, logIndex=759, commits[325d518f-bf0d-428a-814f-266b27e759e4:c761]
2019-06-15 10:52:57,845 INFO  client.GrpcClientProtocolClient (GrpcClientProtocolClient.java:onNext(254)) - client-09EBABE1B9AF->325d518f-bf0d-428a-814f-266b27e759e4: receive RaftClientReply:client-09EBABE1B9AF->325d518f-bf0d-428a-814f-266b27e759e4@group-9696F0872FC0, cid=431, SUCCESS, logIndex=760, commits[325d518f-bf0d-428a-814f-266b27e759e4:c762]
2019-06-15 10:52:57,845 INFO  client.GrpcClientProtocolClient (GrpcClientProtocolClient.java:onNext(254)) - client-09EBABE1B9AF->325d518f-bf0d-428a-814f-266b27e759e4: receive RaftClientReply:client-09EBABE1B9AF->325d518f-bf0d-428a-814f-266b27e759e4@group-9696F0872FC0, cid=432, SUCCESS, logIndex=761, commits[325d518f-bf0d-428a-814f-266b27e759e4:c762]
2019-06-15 10:52:57,857 INFO  client.GrpcClientProtocolClient (GrpcClientProtocolClient.java:onNext(254)) - client-09EBABE1B9AF->325d518f-bf0d-428a-814f-266b27e759e4: receive RaftClientReply:client-09EBABE1B9AF->325d518f-bf0d-428a-814f-266b27e759e4@group-9696F0872FC0, cid=433, SUCCESS, logIndex=763, commits[325d518f-bf0d-428a-814f-266b27e759e4:c763]
2019-06-15 10:52:57,861 INFO  client.GrpcClientProtocolClient (GrpcClientProtocolClient.java:onNext(254)) - client-09EBABE1B9AF->325d518f-bf0d-428a-814f-266b27e759e4: receive RaftClientReply:client-09EBABE1B9AF->325d518f-bf0d-428a-814f-266b27e759e4@group-9696F0872FC0, cid=434, SUCCESS, logIndex=765, commits[325d518f-bf0d-428a-814f-266b27e759e4:c765]
2019-06-15 10:52:57,861 INFO  client.GrpcClientProtocolClient (GrpcClientProtocolClient.java:onNext(254)) - client-09EBABE1B9AF->325d518f-bf0d-428a-814f-266b27e759e4: receive RaftClientReply:client-09EBABE1B9AF->325d518f-bf0d-428a-814f-266b27e759e4@group-9696F0872FC0, cid=435, SUCCESS, logIndex=766, commits[325d518f-bf0d-428a-814f-266b27e759e4:c767]
2019-06-15 10:52:57,862 INFO  client.GrpcClientProtocolClient (GrpcClientProtocolClient.java:onNext(254)) - client-09EBABE1B9AF->325d518f-bf0d-428a-814f-266b27e759e4: receive RaftClientReply:client-09EBABE1B9AF->325d518f-bf0d-428a-814f-266b27e759e4@group-9696F0872FC0, cid=436, SUCCESS, logIndex=768, commits[325d518f-bf0d-428a-814f-266b27e759e4:c768]
2019-06-15 10:52:57,869 INFO  client.GrpcClientProtocolClient (GrpcClientProtocolClient.java:onNext(254)) - client-09EBABE1B9AF->325d518f-bf0d-428a-814f-266b27e759e4: receive RaftClientReply:client-09EBABE1B9AF->325d518f-bf0d-428a-814f-266b27e759e4@group-9696F0872FC0, cid=437, SUCCESS, logIndex=770, commits[325d518f-bf0d-428a-814f-266b27e759e4:c770]
2019-06-15 10:52:57,871 INFO  client.GrpcClientProtocolClient (GrpcClientProtocolClient.java:onNext(254)) - client-09EBABE1B9AF->325d518f-bf0d-428a-814f-266b27e759e4: receive RaftClientReply:client-09EBABE1B9AF->325d518f-bf0d-428a-814f-266b27e759e4@group-9696F0872FC0, cid=438, SUCCESS, logIndex=772, commits[325d518f-bf0d-428a-814f-266b27e759e4:c773]
2019-06-15 10:52:57,874 INFO  client.GrpcClientProtocolClient (GrpcClientProtocolClient.java:onNext(254)) - client-09EBABE1B9AF->325d518f-bf0d-428a-814f-266b27e759e4: receive RaftClientReply:client-09EBABE1B9AF->325d518f-bf0d-428a-814f-266b27e759e4@group-9696F0872FC0, cid=439, SUCCESS, logIndex=774, commits[325d518f-bf0d-428a-814f-266b27e759e4:c775]
2019-06-15 10:52:57,875 INFO  client.GrpcClientProtocolClient (GrpcClientProtocolClient.java:onNext(254)) - client-09EBABE1B9AF->325d518f-bf0d-428a-814f-266b27e759e4: receive RaftClientReply:client-09EBABE1B9AF->325d518f-bf0d-428a-814f-266b27e759e4@group-9696F0872FC0, cid=440, SUCCESS, logIndex=775, commits[325d518f-bf0d-428a-814f-266b27e759e4:c775]
2019-06-15 10:52:57,891 INFO  client.GrpcClientProtocolClient (GrpcClientProtocolClient.java:onNext(254)) - client-09EBABE1B9AF->325d518f-bf0d-428a-814f-266b27e759e4: receive RaftClientReply:client-09EBABE1B9AF->325d518f-bf0d-428a-814f-266b27e759e4@group-9696F0872FC0, cid=441, SUCCESS, logIndex=777, commits[325d518f-bf0d-428a-814f-266b27e759e4:c777]
2019-06-15 10:52:57,895 INFO  client.GrpcClientProtocolClient (GrpcClientProtocolClient.java:onNext(254)) - client-09EBABE1B9AF->325d518f-bf0d-428a-814f-266b27e759e4: receive RaftClientReply:client-09EBABE1B9AF->325d518f-bf0d-428a-814f-266b27e759e4@group-9696F0872FC0, cid=442, SUCCESS, logIndex=779, commits[325d518f-bf0d-428a-814f-266b27e759e4:c779]
2019-06-15 10:52:57,939 DEBUG block.SCMBlockDeletingService (SCMBlockDeletingService.java:call(138)) - Running DeletedBlockTransactionScanner
2019-06-15 10:52:57,939 DEBUG block.SCMBlockDeletingService (SCMBlockDeletingService.java:call(155)) - Scanned deleted blocks log and got 0 delTX to process.
2019-06-15 10:52:58,023 INFO  client.GrpcClientProtocolClient (GrpcClientProtocolClient.java:onNext(254)) - client-09EBABE1B9AF->325d518f-bf0d-428a-814f-266b27e759e4: receive RaftClientReply:client-09EBABE1B9AF->325d518f-bf0d-428a-814f-266b27e759e4@group-9696F0872FC0, cid=443, SUCCESS, logIndex=781, commits[325d518f-bf0d-428a-814f-266b27e759e4:c781]
2019-06-15 10:52:58,025 INFO  client.GrpcClientProtocolClient (GrpcClientProtocolClient.java:onNext(254)) - client-09EBABE1B9AF->325d518f-bf0d-428a-814f-266b27e759e4: receive RaftClientReply:client-09EBABE1B9AF->325d518f-bf0d-428a-814f-266b27e759e4@group-9696F0872FC0, cid=444, SUCCESS, logIndex=783, commits[325d518f-bf0d-428a-814f-266b27e759e4:c783]
2019-06-15 10:52:58,031 INFO  client.GrpcClientProtocolClient (GrpcClientProtocolClient.java:onNext(254)) - client-09EBABE1B9AF->325d518f-bf0d-428a-814f-266b27e759e4: receive RaftClientReply:client-09EBABE1B9AF->325d518f-bf0d-428a-814f-266b27e759e4@group-9696F0872FC0, cid=445, SUCCESS, logIndex=785, commits[325d518f-bf0d-428a-814f-266b27e759e4:c785]
2019-06-15 10:52:58,034 INFO  client.GrpcClientProtocolClient (GrpcClientProtocolClient.java:onNext(254)) - client-09EBABE1B9AF->325d518f-bf0d-428a-814f-266b27e759e4: receive RaftClientReply:client-09EBABE1B9AF->325d518f-bf0d-428a-814f-266b27e759e4@group-9696F0872FC0, cid=446, SUCCESS, logIndex=787, commits[325d518f-bf0d-428a-814f-266b27e759e4:c787]
2019-06-15 10:52:58,039 DEBUG block.SCMBlockDeletingService (SCMBlockDeletingService.java:call(138)) - Running DeletedBlockTransactionScanner
2019-06-15 10:52:58,039 DEBUG block.SCMBlockDeletingService (SCMBlockDeletingService.java:call(155)) - Scanned deleted blocks log and got 0 delTX to process.
2019-06-15 10:52:58,043 INFO  client.GrpcClientProtocolClient (GrpcClientProtocolClient.java:onNext(254)) - client-09EBABE1B9AF->325d518f-bf0d-428a-814f-266b27e759e4: receive RaftClientReply:client-09EBABE1B9AF->325d518f-bf0d-428a-814f-266b27e759e4@group-9696F0872FC0, cid=447, SUCCESS, logIndex=789, commits[325d518f-bf0d-428a-814f-266b27e759e4:c790]
2019-06-15 10:52:58,043 INFO  client.GrpcClientProtocolClient (GrpcClientProtocolClient.java:onNext(254)) - client-09EBABE1B9AF->325d518f-bf0d-428a-814f-266b27e759e4: receive RaftClientReply:client-09EBABE1B9AF->325d518f-bf0d-428a-814f-266b27e759e4@group-9696F0872FC0, cid=448, SUCCESS, logIndex=790, commits[325d518f-bf0d-428a-814f-266b27e759e4:c790]
2019-06-15 10:52:58,054 INFO  client.GrpcClientProtocolClient (GrpcClientProtocolClient.java:onNext(254)) - client-09EBABE1B9AF->325d518f-bf0d-428a-814f-266b27e759e4: receive RaftClientReply:client-09EBABE1B9AF->325d518f-bf0d-428a-814f-266b27e759e4@group-9696F0872FC0, cid=449, SUCCESS, logIndex=792, commits[325d518f-bf0d-428a-814f-266b27e759e4:c792]
2019-06-15 10:52:58,057 INFO  client.GrpcClientProtocolClient (GrpcClientProtocolClient.java:onNext(254)) - client-09EBABE1B9AF->325d518f-bf0d-428a-814f-266b27e759e4: receive RaftClientReply:client-09EBABE1B9AF->325d518f-bf0d-428a-814f-266b27e759e4@group-9696F0872FC0, cid=450, SUCCESS, logIndex=794, commits[325d518f-bf0d-428a-814f-266b27e759e4:c794]
2019-06-15 10:52:58,057 INFO  client.GrpcClientProtocolClient (GrpcClientProtocolClient.java:onNext(254)) - client-09EBABE1B9AF->325d518f-bf0d-428a-814f-266b27e759e4: receive RaftClientReply:client-09EBABE1B9AF->325d518f-bf0d-428a-814f-266b27e759e4@group-9696F0872FC0, cid=451, SUCCESS, logIndex=795, commits[325d518f-bf0d-428a-814f-266b27e759e4:c795]
2019-06-15 10:52:58,058 INFO  client.GrpcClientProtocolClient (GrpcClientProtocolClient.java:onNext(254)) - client-09EBABE1B9AF->325d518f-bf0d-428a-814f-266b27e759e4: receive RaftClientReply:client-09EBABE1B9AF->325d518f-bf0d-428a-814f-266b27e759e4@group-9696F0872FC0, cid=452, SUCCESS, logIndex=797, commits[325d518f-bf0d-428a-814f-266b27e759e4:c797]
2019-06-15 10:52:58,064 INFO  client.GrpcClientProtocolClient (GrpcClientProtocolClient.java:onNext(254)) - client-09EBABE1B9AF->325d518f-bf0d-428a-814f-266b27e759e4: receive RaftClientReply:client-09EBABE1B9AF->325d518f-bf0d-428a-814f-266b27e759e4@group-9696F0872FC0, cid=453, SUCCESS, logIndex=800, commits[325d518f-bf0d-428a-814f-266b27e759e4:c800]
2019-06-15 10:52:58,067 INFO  client.GrpcClientProtocolClient (GrpcClientProtocolClient.java:onNext(254)) - client-09EBABE1B9AF->325d518f-bf0d-428a-814f-266b27e759e4: receive RaftClientReply:client-09EBABE1B9AF->325d518f-bf0d-428a-814f-266b27e759e4@group-9696F0872FC0, cid=454, SUCCESS, logIndex=802, commits[325d518f-bf0d-428a-814f-266b27e759e4:c802]
2019-06-15 10:52:58,067 INFO  client.GrpcClientProtocolClient (GrpcClientProtocolClient.java:onNext(254)) - client-09EBABE1B9AF->325d518f-bf0d-428a-814f-266b27e759e4: receive RaftClientReply:client-09EBABE1B9AF->325d518f-bf0d-428a-814f-266b27e759e4@group-9696F0872FC0, cid=455, SUCCESS, logIndex=803, commits[325d518f-bf0d-428a-814f-266b27e759e4:c804]
2019-06-15 10:52:58,068 INFO  client.GrpcClientProtocolClient (GrpcClientProtocolClient.java:onNext(254)) - client-09EBABE1B9AF->325d518f-bf0d-428a-814f-266b27e759e4: receive RaftClientReply:client-09EBABE1B9AF->325d518f-bf0d-428a-814f-266b27e759e4@group-9696F0872FC0, cid=456, SUCCESS, logIndex=804, commits[325d518f-bf0d-428a-814f-266b27e759e4:c805]
2019-06-15 10:52:58,078 INFO  client.GrpcClientProtocolClient (GrpcClientProtocolClient.java:onNext(254)) - client-09EBABE1B9AF->325d518f-bf0d-428a-814f-266b27e759e4: receive RaftClientReply:client-09EBABE1B9AF->325d518f-bf0d-428a-814f-266b27e759e4@group-9696F0872FC0, cid=457, SUCCESS, logIndex=807, commits[325d518f-bf0d-428a-814f-266b27e759e4:c807]
2019-06-15 10:52:58,080 INFO  client.GrpcClientProtocolClient (GrpcClientProtocolClient.java:onNext(254)) - client-09EBABE1B9AF->325d518f-bf0d-428a-814f-266b27e759e4: receive RaftClientReply:client-09EBABE1B9AF->325d518f-bf0d-428a-814f-266b27e759e4@group-9696F0872FC0, cid=458, SUCCESS, logIndex=809, commits[325d518f-bf0d-428a-814f-266b27e759e4:c809]
2019-06-15 10:52:58,083 INFO  client.GrpcClientProtocolClient (GrpcClientProtocolClient.java:onNext(254)) - client-09EBABE1B9AF->325d518f-bf0d-428a-814f-266b27e759e4: receive RaftClientReply:client-09EBABE1B9AF->325d518f-bf0d-428a-814f-266b27e759e4@group-9696F0872FC0, cid=459, SUCCESS, logIndex=811, commits[325d518f-bf0d-428a-814f-266b27e759e4:c812]
2019-06-15 10:52:58,083 INFO  client.GrpcClientProtocolClient (GrpcClientProtocolClient.java:onNext(254)) - client-09EBABE1B9AF->325d518f-bf0d-428a-814f-266b27e759e4: receive RaftClientReply:client-09EBABE1B9AF->325d518f-bf0d-428a-814f-266b27e759e4@group-9696F0872FC0, cid=460, SUCCESS, logIndex=812, commits[325d518f-bf0d-428a-814f-266b27e759e4:c813]
2019-06-15 10:52:58,090 INFO  client.GrpcClientProtocolClient (GrpcClientProtocolClient.java:onNext(254)) - client-09EBABE1B9AF->325d518f-bf0d-428a-814f-266b27e759e4: receive RaftClientReply:client-09EBABE1B9AF->325d518f-bf0d-428a-814f-266b27e759e4@group-9696F0872FC0, cid=461, SUCCESS, logIndex=814, commits[325d518f-bf0d-428a-814f-266b27e759e4:c814]
2019-06-15 10:52:58,095 INFO  client.GrpcClientProtocolClient (GrpcClientProtocolClient.java:onNext(254)) - client-09EBABE1B9AF->325d518f-bf0d-428a-814f-266b27e759e4: receive RaftClientReply:client-09EBABE1B9AF->325d518f-bf0d-428a-814f-266b27e759e4@group-9696F0872FC0, cid=462, SUCCESS, logIndex=816, commits[325d518f-bf0d-428a-814f-266b27e759e4:c816]
2019-06-15 10:52:58,095 INFO  client.GrpcClientProtocolClient (GrpcClientProtocolClient.java:onNext(254)) - client-09EBABE1B9AF->325d518f-bf0d-428a-814f-266b27e759e4: receive RaftClientReply:client-09EBABE1B9AF->325d518f-bf0d-428a-814f-266b27e759e4@group-9696F0872FC0, cid=463, SUCCESS, logIndex=817, commits[325d518f-bf0d-428a-814f-266b27e759e4:c819]
2019-06-15 10:52:58,096 INFO  client.GrpcClientProtocolClient (GrpcClientProtocolClient.java:onNext(254)) - client-09EBABE1B9AF->325d518f-bf0d-428a-814f-266b27e759e4: receive RaftClientReply:client-09EBABE1B9AF->325d518f-bf0d-428a-814f-266b27e759e4@group-9696F0872FC0, cid=464, SUCCESS, logIndex=819, commits[325d518f-bf0d-428a-814f-266b27e759e4:c820]
2019-06-15 10:52:58,106 INFO  client.GrpcClientProtocolClient (GrpcClientProtocolClient.java:onNext(254)) - client-09EBABE1B9AF->325d518f-bf0d-428a-814f-266b27e759e4: receive RaftClientReply:client-09EBABE1B9AF->325d518f-bf0d-428a-814f-266b27e759e4@group-9696F0872FC0, cid=465, SUCCESS, logIndex=821, commits[325d518f-bf0d-428a-814f-266b27e759e4:c821]
2019-06-15 10:52:58,108 INFO  client.GrpcClientProtocolClient (GrpcClientProtocolClient.java:onNext(254)) - client-09EBABE1B9AF->325d518f-bf0d-428a-814f-266b27e759e4: receive RaftClientReply:client-09EBABE1B9AF->325d518f-bf0d-428a-814f-266b27e759e4@group-9696F0872FC0, cid=466, SUCCESS, logIndex=823, commits[325d518f-bf0d-428a-814f-266b27e759e4:c823]
2019-06-15 10:52:58,109 INFO  client.GrpcClientProtocolClient (GrpcClientProtocolClient.java:onNext(254)) - client-09EBABE1B9AF->325d518f-bf0d-428a-814f-266b27e759e4: receive RaftClientReply:client-09EBABE1B9AF->325d518f-bf0d-428a-814f-266b27e759e4@group-9696F0872FC0, cid=467, SUCCESS, logIndex=824, commits[325d518f-bf0d-428a-814f-266b27e759e4:c826]
2019-06-15 10:52:58,110 INFO  client.GrpcClientProtocolClient (GrpcClientProtocolClient.java:onNext(254)) - client-09EBABE1B9AF->325d518f-bf0d-428a-814f-266b27e759e4: receive RaftClientReply:client-09EBABE1B9AF->325d518f-bf0d-428a-814f-266b27e759e4@group-9696F0872FC0, cid=468, SUCCESS, logIndex=825, commits[325d518f-bf0d-428a-814f-266b27e759e4:c826]
2019-06-15 10:52:58,117 INFO  client.GrpcClientProtocolClient (GrpcClientProtocolClient.java:onNext(254)) - client-09EBABE1B9AF->325d518f-bf0d-428a-814f-266b27e759e4: receive RaftClientReply:client-09EBABE1B9AF->325d518f-bf0d-428a-814f-266b27e759e4@group-9696F0872FC0, cid=469, SUCCESS, logIndex=827, commits[325d518f-bf0d-428a-814f-266b27e759e4:c827]
2019-06-15 10:52:58,117 INFO  storage.RaftLogWorker (RaftLogWorker.java:rollLogSegment(303)) - 325d518f-bf0d-428a-814f-266b27e759e4-RaftLogWorker: Rolling segment log-759_831 to index:831
2019-06-15 10:52:58,119 INFO  storage.RaftLogWorker (RaftLogWorker.java:execute(433)) - 325d518f-bf0d-428a-814f-266b27e759e4-RaftLogWorker: Rolled log segment from /opt/src/hadoop-ozone/integration-test/target/test-dir/MiniOzoneClusterImpl-dd99cefe-9779-4043-9d74-181b69d2a827/datanode-0/data/ratis/e0f1d9ef-e225-4b24-a786-9696f0872fc0/current/log_inprogress_759 to /opt/src/hadoop-ozone/integration-test/target/test-dir/MiniOzoneClusterImpl-dd99cefe-9779-4043-9d74-181b69d2a827/datanode-0/data/ratis/e0f1d9ef-e225-4b24-a786-9696f0872fc0/current/log_759-831
2019-06-15 10:52:58,119 INFO  client.GrpcClientProtocolClient (GrpcClientProtocolClient.java:onNext(254)) - client-09EBABE1B9AF->325d518f-bf0d-428a-814f-266b27e759e4: receive RaftClientReply:client-09EBABE1B9AF->325d518f-bf0d-428a-814f-266b27e759e4@group-9696F0872FC0, cid=470, SUCCESS, logIndex=829, commits[325d518f-bf0d-428a-814f-266b27e759e4:c829]
2019-06-15 10:52:58,122 INFO  client.GrpcClientProtocolClient (GrpcClientProtocolClient.java:onNext(254)) - client-09EBABE1B9AF->325d518f-bf0d-428a-814f-266b27e759e4: receive RaftClientReply:client-09EBABE1B9AF->325d518f-bf0d-428a-814f-266b27e759e4@group-9696F0872FC0, cid=471, SUCCESS, logIndex=830, commits[325d518f-bf0d-428a-814f-266b27e759e4:c831]
2019-06-15 10:52:58,154 DEBUG block.SCMBlockDeletingService (SCMBlockDeletingService.java:call(138)) - Running DeletedBlockTransactionScanner
2019-06-15 10:52:58,156 DEBUG block.SCMBlockDeletingService (SCMBlockDeletingService.java:call(155)) - Scanned deleted blocks log and got 0 delTX to process.
2019-06-15 10:52:58,157 INFO  storage.RaftLogWorker (RaftLogWorker.java:execute(469)) - 325d518f-bf0d-428a-814f-266b27e759e4-RaftLogWorker: created new log segment /opt/src/hadoop-ozone/integration-test/target/test-dir/MiniOzoneClusterImpl-dd99cefe-9779-4043-9d74-181b69d2a827/datanode-0/data/ratis/e0f1d9ef-e225-4b24-a786-9696f0872fc0/current/log_inprogress_832
2019-06-15 10:52:58,159 INFO  client.GrpcClientProtocolClient (GrpcClientProtocolClient.java:onNext(254)) - client-09EBABE1B9AF->325d518f-bf0d-428a-814f-266b27e759e4: receive RaftClientReply:client-09EBABE1B9AF->325d518f-bf0d-428a-814f-266b27e759e4@group-9696F0872FC0, cid=472, SUCCESS, logIndex=832, commits[325d518f-bf0d-428a-814f-266b27e759e4:c833]
2019-06-15 10:52:58,171 INFO  client.GrpcClientProtocolClient (GrpcClientProtocolClient.java:onNext(254)) - client-09EBABE1B9AF->325d518f-bf0d-428a-814f-266b27e759e4: receive RaftClientReply:client-09EBABE1B9AF->325d518f-bf0d-428a-814f-266b27e759e4@group-9696F0872FC0, cid=473, SUCCESS, logIndex=834, commits[325d518f-bf0d-428a-814f-266b27e759e4:c834]
2019-06-15 10:52:58,174 INFO  client.GrpcClientProtocolClient (GrpcClientProtocolClient.java:onNext(254)) - client-09EBABE1B9AF->325d518f-bf0d-428a-814f-266b27e759e4: receive RaftClientReply:client-09EBABE1B9AF->325d518f-bf0d-428a-814f-266b27e759e4@group-9696F0872FC0, cid=474, SUCCESS, logIndex=836, commits[325d518f-bf0d-428a-814f-266b27e759e4:c837]
2019-06-15 10:52:58,175 INFO  client.GrpcClientProtocolClient (GrpcClientProtocolClient.java:onNext(254)) - client-09EBABE1B9AF->325d518f-bf0d-428a-814f-266b27e759e4: receive RaftClientReply:client-09EBABE1B9AF->325d518f-bf0d-428a-814f-266b27e759e4@group-9696F0872FC0, cid=475, SUCCESS, logIndex=837, commits[325d518f-bf0d-428a-814f-266b27e759e4:c837]
2019-06-15 10:52:58,175 INFO  client.GrpcClientProtocolClient (GrpcClientProtocolClient.java:onNext(254)) - client-09EBABE1B9AF->325d518f-bf0d-428a-814f-266b27e759e4: receive RaftClientReply:client-09EBABE1B9AF->325d518f-bf0d-428a-814f-266b27e759e4@group-9696F0872FC0, cid=476, SUCCESS, logIndex=839, commits[325d518f-bf0d-428a-814f-266b27e759e4:c840]
2019-06-15 10:52:58,184 INFO  client.GrpcClientProtocolClient (GrpcClientProtocolClient.java:onNext(254)) - client-09EBABE1B9AF->325d518f-bf0d-428a-814f-266b27e759e4: receive RaftClientReply:client-09EBABE1B9AF->325d518f-bf0d-428a-814f-266b27e759e4@group-9696F0872FC0, cid=477, SUCCESS, logIndex=842, commits[325d518f-bf0d-428a-814f-266b27e759e4:c842]
2019-06-15 10:52:58,187 INFO  client.GrpcClientProtocolClient (GrpcClientProtocolClient.java:onNext(254)) - client-09EBABE1B9AF->325d518f-bf0d-428a-814f-266b27e759e4: receive RaftClientReply:client-09EBABE1B9AF->325d518f-bf0d-428a-814f-266b27e759e4@group-9696F0872FC0, cid=478, SUCCESS, logIndex=844, commits[325d518f-bf0d-428a-814f-266b27e759e4:c844]
2019-06-15 10:52:58,187 INFO  client.GrpcClientProtocolClient (GrpcClientProtocolClient.java:onNext(254)) - client-09EBABE1B9AF->325d518f-bf0d-428a-814f-266b27e759e4: receive RaftClientReply:client-09EBABE1B9AF->325d518f-bf0d-428a-814f-266b27e759e4@group-9696F0872FC0, cid=479, SUCCESS, logIndex=845, commits[325d518f-bf0d-428a-814f-266b27e759e4:c846]
2019-06-15 10:52:58,188 INFO  client.GrpcClientProtocolClient (GrpcClientProtocolClient.java:onNext(254)) - client-09EBABE1B9AF->325d518f-bf0d-428a-814f-266b27e759e4: receive RaftClientReply:client-09EBABE1B9AF->325d518f-bf0d-428a-814f-266b27e759e4@group-9696F0872FC0, cid=480, SUCCESS, logIndex=846, commits[325d518f-bf0d-428a-814f-266b27e759e4:c847]
2019-06-15 10:52:58,197 INFO  client.GrpcClientProtocolClient (GrpcClientProtocolClient.java:onNext(254)) - client-09EBABE1B9AF->325d518f-bf0d-428a-814f-266b27e759e4: receive RaftClientReply:client-09EBABE1B9AF->325d518f-bf0d-428a-814f-266b27e759e4@group-9696F0872FC0, cid=481, SUCCESS, logIndex=849, commits[325d518f-bf0d-428a-814f-266b27e759e4:c849]
2019-06-15 10:52:58,200 INFO  client.GrpcClientProtocolClient (GrpcClientProtocolClient.java:onNext(254)) - client-09EBABE1B9AF->325d518f-bf0d-428a-814f-266b27e759e4: receive RaftClientReply:client-09EBABE1B9AF->325d518f-bf0d-428a-814f-266b27e759e4@group-9696F0872FC0, cid=482, SUCCESS, logIndex=851, commits[325d518f-bf0d-428a-814f-266b27e759e4:c851]
2019-06-15 10:52:58,201 INFO  client.GrpcClientProtocolClient (GrpcClientProtocolClient.java:onNext(254)) - client-09EBABE1B9AF->325d518f-bf0d-428a-814f-266b27e759e4: receive RaftClientReply:client-09EBABE1B9AF->325d518f-bf0d-428a-814f-266b27e759e4@group-9696F0872FC0, cid=483, SUCCESS, logIndex=852, commits[325d518f-bf0d-428a-814f-266b27e759e4:c854]
2019-06-15 10:52:58,201 INFO  client.GrpcClientProtocolClient (GrpcClientProtocolClient.java:onNext(254)) - client-09EBABE1B9AF->325d518f-bf0d-428a-814f-266b27e759e4: receive RaftClientReply:client-09EBABE1B9AF->325d518f-bf0d-428a-814f-266b27e759e4@group-9696F0872FC0, cid=484, SUCCESS, logIndex=854, commits[325d518f-bf0d-428a-814f-266b27e759e4:c855]
2019-06-15 10:52:58,207 INFO  client.GrpcClientProtocolClient (GrpcClientProtocolClient.java:onNext(254)) - client-09EBABE1B9AF->325d518f-bf0d-428a-814f-266b27e759e4: receive RaftClientReply:client-09EBABE1B9AF->325d518f-bf0d-428a-814f-266b27e759e4@group-9696F0872FC0, cid=485, SUCCESS, logIndex=856, commits[325d518f-bf0d-428a-814f-266b27e759e4:c856]
2019-06-15 10:52:58,209 INFO  client.GrpcClientProtocolClient (GrpcClientProtocolClient.java:onNext(254)) - client-09EBABE1B9AF->325d518f-bf0d-428a-814f-266b27e759e4: receive RaftClientReply:client-09EBABE1B9AF->325d518f-bf0d-428a-814f-266b27e759e4@group-9696F0872FC0, cid=486, SUCCESS, logIndex=858, commits[325d518f-bf0d-428a-814f-266b27e759e4:c858]
2019-06-15 10:52:58,256 DEBUG block.SCMBlockDeletingService (SCMBlockDeletingService.java:call(138)) - Running DeletedBlockTransactionScanner
2019-06-15 10:52:58,256 DEBUG block.SCMBlockDeletingService (SCMBlockDeletingService.java:call(155)) - Scanned deleted blocks log and got 0 delTX to process.
2019-06-15 10:52:58,278 INFO  client.GrpcClientProtocolClient (GrpcClientProtocolClient.java:onNext(254)) - client-09EBABE1B9AF->325d518f-bf0d-428a-814f-266b27e759e4: receive RaftClientReply:client-09EBABE1B9AF->325d518f-bf0d-428a-814f-266b27e759e4@group-9696F0872FC0, cid=487, SUCCESS, logIndex=860, commits[325d518f-bf0d-428a-814f-266b27e759e4:c860]
2019-06-15 10:52:58,279 INFO  client.GrpcClientProtocolClient (GrpcClientProtocolClient.java:onNext(254)) - client-09EBABE1B9AF->325d518f-bf0d-428a-814f-266b27e759e4: receive RaftClientReply:client-09EBABE1B9AF->325d518f-bf0d-428a-814f-266b27e759e4@group-9696F0872FC0, cid=488, SUCCESS, logIndex=862, commits[325d518f-bf0d-428a-814f-266b27e759e4:c862]
2019-06-15 10:52:58,290 INFO  client.GrpcClientProtocolClient (GrpcClientProtocolClient.java:onNext(254)) - client-09EBABE1B9AF->325d518f-bf0d-428a-814f-266b27e759e4: receive RaftClientReply:client-09EBABE1B9AF->325d518f-bf0d-428a-814f-266b27e759e4@group-9696F0872FC0, cid=489, SUCCESS, logIndex=864, commits[325d518f-bf0d-428a-814f-266b27e759e4:c864]
2019-06-15 10:52:58,292 INFO  client.GrpcClientProtocolClient (GrpcClientProtocolClient.java:onNext(254)) - client-09EBABE1B9AF->325d518f-bf0d-428a-814f-266b27e759e4: receive RaftClientReply:client-09EBABE1B9AF->325d518f-bf0d-428a-814f-266b27e759e4@group-9696F0872FC0, cid=490, SUCCESS, logIndex=866, commits[325d518f-bf0d-428a-814f-266b27e759e4:c866]
2019-06-15 10:52:58,295 INFO  client.GrpcClientProtocolClient (GrpcClientProtocolClient.java:onNext(254)) - client-09EBABE1B9AF->325d518f-bf0d-428a-814f-266b27e759e4: receive RaftClientReply:client-09EBABE1B9AF->325d518f-bf0d-428a-814f-266b27e759e4@group-9696F0872FC0, cid=491, SUCCESS, logIndex=868, commits[325d518f-bf0d-428a-814f-266b27e759e4:c868]
2019-06-15 10:52:58,295 INFO  client.GrpcClientProtocolClient (GrpcClientProtocolClient.java:onNext(254)) - client-09EBABE1B9AF->325d518f-bf0d-428a-814f-266b27e759e4: receive RaftClientReply:client-09EBABE1B9AF->325d518f-bf0d-428a-814f-266b27e759e4@group-9696F0872FC0, cid=492, SUCCESS, logIndex=869, commits[325d518f-bf0d-428a-814f-266b27e759e4:c869]
2019-06-15 10:52:58,302 INFO  client.GrpcClientProtocolClient (GrpcClientProtocolClient.java:onNext(254)) - client-09EBABE1B9AF->325d518f-bf0d-428a-814f-266b27e759e4: receive RaftClientReply:client-09EBABE1B9AF->325d518f-bf0d-428a-814f-266b27e759e4@group-9696F0872FC0, cid=493, SUCCESS, logIndex=872, commits[325d518f-bf0d-428a-814f-266b27e759e4:c872]
2019-06-15 10:52:58,305 INFO  client.GrpcClientProtocolClient (GrpcClientProtocolClient.java:onNext(254)) - client-09EBABE1B9AF->325d518f-bf0d-428a-814f-266b27e759e4: receive RaftClientReply:client-09EBABE1B9AF->325d518f-bf0d-428a-814f-266b27e759e4@group-9696F0872FC0, cid=494, SUCCESS, logIndex=874, commits[325d518f-bf0d-428a-814f-266b27e759e4:c874]
2019-06-15 10:52:58,305 INFO  client.GrpcClientProtocolClient (GrpcClientProtocolClient.java:onNext(254)) - client-09EBABE1B9AF->325d518f-bf0d-428a-814f-266b27e759e4: receive RaftClientReply:client-09EBABE1B9AF->325d518f-bf0d-428a-814f-266b27e759e4@group-9696F0872FC0, cid=495, SUCCESS, logIndex=875, commits[325d518f-bf0d-428a-814f-266b27e759e4:c876]
2019-06-15 10:52:58,306 INFO  client.GrpcClientProtocolClient (GrpcClientProtocolClient.java:onNext(254)) - client-09EBABE1B9AF->325d518f-bf0d-428a-814f-266b27e759e4: receive RaftClientReply:client-09EBABE1B9AF->325d518f-bf0d-428a-814f-266b27e759e4@group-9696F0872FC0, cid=496, SUCCESS, logIndex=876, commits[325d518f-bf0d-428a-814f-266b27e759e4:c877]
2019-06-15 10:52:58,316 INFO  client.GrpcClientProtocolClient (GrpcClientProtocolClient.java:onNext(254)) - client-09EBABE1B9AF->325d518f-bf0d-428a-814f-266b27e759e4: receive RaftClientReply:client-09EBABE1B9AF->325d518f-bf0d-428a-814f-266b27e759e4@group-9696F0872FC0, cid=497, SUCCESS, logIndex=879, commits[325d518f-bf0d-428a-814f-266b27e759e4:c879]
2019-06-15 10:52:58,317 INFO  client.GrpcClientProtocolClient (GrpcClientProtocolClient.java:onNext(254)) - client-09EBABE1B9AF->325d518f-bf0d-428a-814f-266b27e759e4: receive RaftClientReply:client-09EBABE1B9AF->325d518f-bf0d-428a-814f-266b27e759e4@group-9696F0872FC0, cid=498, SUCCESS, logIndex=881, commits[325d518f-bf0d-428a-814f-266b27e759e4:c881]
2019-06-15 10:52:58,319 INFO  client.GrpcClientProtocolClient (GrpcClientProtocolClient.java:onNext(254)) - client-09EBABE1B9AF->325d518f-bf0d-428a-814f-266b27e759e4: receive RaftClientReply:client-09EBABE1B9AF->325d518f-bf0d-428a-814f-266b27e759e4@group-9696F0872FC0, cid=499, SUCCESS, logIndex=882, commits[325d518f-bf0d-428a-814f-266b27e759e4:c884]
2019-06-15 10:52:58,320 INFO  client.GrpcClientProtocolClient (GrpcClientProtocolClient.java:onNext(254)) - client-09EBABE1B9AF->325d518f-bf0d-428a-814f-266b27e759e4: receive RaftClientReply:client-09EBABE1B9AF->325d518f-bf0d-428a-814f-266b27e759e4@group-9696F0872FC0, cid=500, SUCCESS, logIndex=884, commits[325d518f-bf0d-428a-814f-266b27e759e4:c884]
2019-06-15 10:52:58,327 INFO  client.GrpcClientProtocolClient (GrpcClientProtocolClient.java:onNext(254)) - client-09EBABE1B9AF->325d518f-bf0d-428a-814f-266b27e759e4: receive RaftClientReply:client-09EBABE1B9AF->325d518f-bf0d-428a-814f-266b27e759e4@group-9696F0872FC0, cid=501, SUCCESS, logIndex=886, commits[325d518f-bf0d-428a-814f-266b27e759e4:c886]
2019-06-15 10:52:58,329 INFO  client.GrpcClientProtocolClient (GrpcClientProtocolClient.java:onNext(254)) - client-09EBABE1B9AF->325d518f-bf0d-428a-814f-266b27e759e4: receive RaftClientReply:client-09EBABE1B9AF->325d518f-bf0d-428a-814f-266b27e759e4@group-9696F0872FC0, cid=502, SUCCESS, logIndex=888, commits[325d518f-bf0d-428a-814f-266b27e759e4:c888]
2019-06-15 10:52:58,331 INFO  client.GrpcClientProtocolClient (GrpcClientProtocolClient.java:onNext(254)) - client-09EBABE1B9AF->325d518f-bf0d-428a-814f-266b27e759e4: receive RaftClientReply:client-09EBABE1B9AF->325d518f-bf0d-428a-814f-266b27e759e4@group-9696F0872FC0, cid=503, SUCCESS, logIndex=889, commits[325d518f-bf0d-428a-814f-266b27e759e4:c891]
2019-06-15 10:52:58,331 INFO  client.GrpcClientProtocolClient (GrpcClientProtocolClient.java:onNext(254)) - client-09EBABE1B9AF->325d518f-bf0d-428a-814f-266b27e759e4: receive RaftClientReply:client-09EBABE1B9AF->325d518f-bf0d-428a-814f-266b27e759e4@group-9696F0872FC0, cid=504, SUCCESS, logIndex=890, commits[325d518f-bf0d-428a-814f-266b27e759e4:c891]
2019-06-15 10:52:58,341 INFO  client.GrpcClientProtocolClient (GrpcClientProtocolClient.java:onNext(254)) - client-09EBABE1B9AF->325d518f-bf0d-428a-814f-266b27e759e4: receive RaftClientReply:client-09EBABE1B9AF->325d518f-bf0d-428a-814f-266b27e759e4@group-9696F0872FC0, cid=505, SUCCESS, logIndex=892, commits[325d518f-bf0d-428a-814f-266b27e759e4:c892]
2019-06-15 10:52:58,344 INFO  client.GrpcClientProtocolClient (GrpcClientProtocolClient.java:onNext(254)) - client-09EBABE1B9AF->325d518f-bf0d-428a-814f-266b27e759e4: receive RaftClientReply:client-09EBABE1B9AF->325d518f-bf0d-428a-814f-266b27e759e4@group-9696F0872FC0, cid=506, SUCCESS, logIndex=894, commits[325d518f-bf0d-428a-814f-266b27e759e4:c894]
2019-06-15 10:52:58,346 INFO  client.GrpcClientProtocolClient (GrpcClientProtocolClient.java:onNext(254)) - client-09EBABE1B9AF->325d518f-bf0d-428a-814f-266b27e759e4: receive RaftClientReply:client-09EBABE1B9AF->325d518f-bf0d-428a-814f-266b27e759e4@group-9696F0872FC0, cid=507, SUCCESS, logIndex=895, commits[325d518f-bf0d-428a-814f-266b27e759e4:c896]
2019-06-15 10:52:58,346 INFO  client.GrpcClientProtocolClient (GrpcClientProtocolClient.java:onNext(254)) - client-09EBABE1B9AF->325d518f-bf0d-428a-814f-266b27e759e4: receive RaftClientReply:client-09EBABE1B9AF->325d518f-bf0d-428a-814f-266b27e759e4@group-9696F0872FC0, cid=508, SUCCESS, logIndex=896, commits[325d518f-bf0d-428a-814f-266b27e759e4:c897]
2019-06-15 10:52:58,355 INFO  client.GrpcClientProtocolClient (GrpcClientProtocolClient.java:onNext(254)) - client-09EBABE1B9AF->325d518f-bf0d-428a-814f-266b27e759e4: receive RaftClientReply:client-09EBABE1B9AF->325d518f-bf0d-428a-814f-266b27e759e4@group-9696F0872FC0, cid=509, SUCCESS, logIndex=899, commits[325d518f-bf0d-428a-814f-266b27e759e4:c900]
2019-06-15 10:52:58,356 DEBUG block.SCMBlockDeletingService (SCMBlockDeletingService.java:call(138)) - Running DeletedBlockTransactionScanner
2019-06-15 10:52:58,356 DEBUG block.SCMBlockDeletingService (SCMBlockDeletingService.java:call(155)) - Scanned deleted blocks log and got 0 delTX to process.
2019-06-15 10:52:58,363 INFO  client.GrpcClientProtocolClient (GrpcClientProtocolClient.java:onNext(254)) - client-09EBABE1B9AF->325d518f-bf0d-428a-814f-266b27e759e4: receive RaftClientReply:client-09EBABE1B9AF->325d518f-bf0d-428a-814f-266b27e759e4@group-9696F0872FC0, cid=510, SUCCESS, logIndex=901, commits[325d518f-bf0d-428a-814f-266b27e759e4:c901]
2019-06-15 10:52:58,598 DEBUG block.SCMBlockDeletingService (SCMBlockDeletingService.java:call(138)) - Running DeletedBlockTransactionScanner
2019-06-15 10:52:58,598 DEBUG block.SCMBlockDeletingService (SCMBlockDeletingService.java:call(155)) - Scanned deleted blocks log and got 0 delTX to process.
2019-06-15 10:52:58,604 INFO  client.GrpcClientProtocolClient (GrpcClientProtocolClient.java:onNext(254)) - client-09EBABE1B9AF->325d518f-bf0d-428a-814f-266b27e759e4: receive RaftClientReply:client-09EBABE1B9AF->325d518f-bf0d-428a-814f-266b27e759e4@group-9696F0872FC0, cid=511, SUCCESS, logIndex=902, commits[325d518f-bf0d-428a-814f-266b27e759e4:c903]
2019-06-15 10:52:58,606 INFO  client.GrpcClientProtocolClient (GrpcClientProtocolClient.java:onNext(254)) - client-09EBABE1B9AF->325d518f-bf0d-428a-814f-266b27e759e4: receive RaftClientReply:client-09EBABE1B9AF->325d518f-bf0d-428a-814f-266b27e759e4@group-9696F0872FC0, cid=512, SUCCESS, logIndex=904, commits[325d518f-bf0d-428a-814f-266b27e759e4:c905]
2019-06-15 10:52:58,620 INFO  storage.RaftLogWorker (RaftLogWorker.java:rollLogSegment(303)) - 325d518f-bf0d-428a-814f-266b27e759e4-RaftLogWorker: Rolling segment log-832_908 to index:908
2019-06-15 10:52:58,620 INFO  storage.RaftLogWorker (RaftLogWorker.java:execute(433)) - 325d518f-bf0d-428a-814f-266b27e759e4-RaftLogWorker: Rolled log segment from /opt/src/hadoop-ozone/integration-test/target/test-dir/MiniOzoneClusterImpl-dd99cefe-9779-4043-9d74-181b69d2a827/datanode-0/data/ratis/e0f1d9ef-e225-4b24-a786-9696f0872fc0/current/log_inprogress_832 to /opt/src/hadoop-ozone/integration-test/target/test-dir/MiniOzoneClusterImpl-dd99cefe-9779-4043-9d74-181b69d2a827/datanode-0/data/ratis/e0f1d9ef-e225-4b24-a786-9696f0872fc0/current/log_832-908
2019-06-15 10:52:58,620 INFO  client.GrpcClientProtocolClient (GrpcClientProtocolClient.java:onNext(254)) - client-09EBABE1B9AF->325d518f-bf0d-428a-814f-266b27e759e4: receive RaftClientReply:client-09EBABE1B9AF->325d518f-bf0d-428a-814f-266b27e759e4@group-9696F0872FC0, cid=513, SUCCESS, logIndex=906, commits[325d518f-bf0d-428a-814f-266b27e759e4:c906]
2019-06-15 10:52:58,626 INFO  client.GrpcClientProtocolClient (GrpcClientProtocolClient.java:onNext(254)) - client-09EBABE1B9AF->325d518f-bf0d-428a-814f-266b27e759e4: receive RaftClientReply:client-09EBABE1B9AF->325d518f-bf0d-428a-814f-266b27e759e4@group-9696F0872FC0, cid=514, SUCCESS, logIndex=908, commits[325d518f-bf0d-428a-814f-266b27e759e4:c908]
2019-06-15 10:52:58,658 INFO  storage.RaftLogWorker (RaftLogWorker.java:execute(469)) - 325d518f-bf0d-428a-814f-266b27e759e4-RaftLogWorker: created new log segment /opt/src/hadoop-ozone/integration-test/target/test-dir/MiniOzoneClusterImpl-dd99cefe-9779-4043-9d74-181b69d2a827/datanode-0/data/ratis/e0f1d9ef-e225-4b24-a786-9696f0872fc0/current/log_inprogress_909
2019-06-15 10:52:58,661 INFO  client.GrpcClientProtocolClient (GrpcClientProtocolClient.java:onNext(254)) - client-09EBABE1B9AF->325d518f-bf0d-428a-814f-266b27e759e4: receive RaftClientReply:client-09EBABE1B9AF->325d518f-bf0d-428a-814f-266b27e759e4@group-9696F0872FC0, cid=515, SUCCESS, logIndex=909, commits[325d518f-bf0d-428a-814f-266b27e759e4:c911]
2019-06-15 10:52:58,661 INFO  client.GrpcClientProtocolClient (GrpcClientProtocolClient.java:onNext(254)) - client-09EBABE1B9AF->325d518f-bf0d-428a-814f-266b27e759e4: receive RaftClientReply:client-09EBABE1B9AF->325d518f-bf0d-428a-814f-266b27e759e4@group-9696F0872FC0, cid=516, SUCCESS, logIndex=910, commits[325d518f-bf0d-428a-814f-266b27e759e4:c911]
2019-06-15 10:52:58,668 INFO  client.GrpcClientProtocolClient (GrpcClientProtocolClient.java:onNext(254)) - client-09EBABE1B9AF->325d518f-bf0d-428a-814f-266b27e759e4: receive RaftClientReply:client-09EBABE1B9AF->325d518f-bf0d-428a-814f-266b27e759e4@group-9696F0872FC0, cid=517, SUCCESS, logIndex=912, commits[325d518f-bf0d-428a-814f-266b27e759e4:c912]
2019-06-15 10:52:58,671 INFO  client.GrpcClientProtocolClient (GrpcClientProtocolClient.java:onNext(254)) - client-09EBABE1B9AF->325d518f-bf0d-428a-814f-266b27e759e4: receive RaftClientReply:client-09EBABE1B9AF->325d518f-bf0d-428a-814f-266b27e759e4@group-9696F0872FC0, cid=518, SUCCESS, logIndex=914, commits[325d518f-bf0d-428a-814f-266b27e759e4:c914]
2019-06-15 10:52:58,672 INFO  client.GrpcClientProtocolClient (GrpcClientProtocolClient.java:onNext(254)) - client-09EBABE1B9AF->325d518f-bf0d-428a-814f-266b27e759e4: receive RaftClientReply:client-09EBABE1B9AF->325d518f-bf0d-428a-814f-266b27e759e4@group-9696F0872FC0, cid=519, SUCCESS, logIndex=915, commits[325d518f-bf0d-428a-814f-266b27e759e4:c916]
2019-06-15 10:52:58,672 INFO  client.GrpcClientProtocolClient (GrpcClientProtocolClient.java:onNext(254)) - client-09EBABE1B9AF->325d518f-bf0d-428a-814f-266b27e759e4: receive RaftClientReply:client-09EBABE1B9AF->325d518f-bf0d-428a-814f-266b27e759e4@group-9696F0872FC0, cid=520, SUCCESS, logIndex=916, commits[325d518f-bf0d-428a-814f-266b27e759e4:c916]
2019-06-15 10:52:58,682 INFO  client.GrpcClientProtocolClient (GrpcClientProtocolClient.java:onNext(254)) - client-09EBABE1B9AF->325d518f-bf0d-428a-814f-266b27e759e4: receive RaftClientReply:client-09EBABE1B9AF->325d518f-bf0d-428a-814f-266b27e759e4@group-9696F0872FC0, cid=521, SUCCESS, logIndex=919, commits[325d518f-bf0d-428a-814f-266b27e759e4:c919]
2019-06-15 10:52:58,684 INFO  client.GrpcClientProtocolClient (GrpcClientProtocolClient.java:onNext(254)) - client-09EBABE1B9AF->325d518f-bf0d-428a-814f-266b27e759e4: receive RaftClientReply:client-09EBABE1B9AF->325d518f-bf0d-428a-814f-266b27e759e4@group-9696F0872FC0, cid=522, SUCCESS, logIndex=921, commits[325d518f-bf0d-428a-814f-266b27e759e4:c921]
2019-06-15 10:52:58,685 INFO  client.GrpcClientProtocolClient (GrpcClientProtocolClient.java:onNext(254)) - client-09EBABE1B9AF->325d518f-bf0d-428a-814f-266b27e759e4: receive RaftClientReply:client-09EBABE1B9AF->325d518f-bf0d-428a-814f-266b27e759e4@group-9696F0872FC0, cid=523, SUCCESS, logIndex=922, commits[325d518f-bf0d-428a-814f-266b27e759e4:c923]
2019-06-15 10:52:58,685 INFO  client.GrpcClientProtocolClient (GrpcClientProtocolClient.java:onNext(254)) - client-09EBABE1B9AF->325d518f-bf0d-428a-814f-266b27e759e4: receive RaftClientReply:client-09EBABE1B9AF->325d518f-bf0d-428a-814f-266b27e759e4@group-9696F0872FC0, cid=524, SUCCESS, logIndex=923, commits[325d518f-bf0d-428a-814f-266b27e759e4:c923]
2019-06-15 10:52:58,692 INFO  client.GrpcClientProtocolClient (GrpcClientProtocolClient.java:onNext(254)) - client-09EBABE1B9AF->325d518f-bf0d-428a-814f-266b27e759e4: receive RaftClientReply:client-09EBABE1B9AF->325d518f-bf0d-428a-814f-266b27e759e4@group-9696F0872FC0, cid=525, SUCCESS, logIndex=926, commits[325d518f-bf0d-428a-814f-266b27e759e4:c926]
2019-06-15 10:52:58,694 INFO  client.GrpcClientProtocolClient (GrpcClientProtocolClient.java:onNext(254)) - client-09EBABE1B9AF->325d518f-bf0d-428a-814f-266b27e759e4: receive RaftClientReply:client-09EBABE1B9AF->325d518f-bf0d-428a-814f-266b27e759e4@group-9696F0872FC0, cid=526, SUCCESS, logIndex=928, commits[325d518f-bf0d-428a-814f-266b27e759e4:c928]
2019-06-15 10:52:58,695 INFO  client.GrpcClientProtocolClient (GrpcClientProtocolClient.java:onNext(254)) - client-09EBABE1B9AF->325d518f-bf0d-428a-814f-266b27e759e4: receive RaftClientReply:client-09EBABE1B9AF->325d518f-bf0d-428a-814f-266b27e759e4@group-9696F0872FC0, cid=527, SUCCESS, logIndex=929, commits[325d518f-bf0d-428a-814f-266b27e759e4:c931]
2019-06-15 10:52:58,696 INFO  client.GrpcClientProtocolClient (GrpcClientProtocolClient.java:onNext(254)) - client-09EBABE1B9AF->325d518f-bf0d-428a-814f-266b27e759e4: receive RaftClientReply:client-09EBABE1B9AF->325d518f-bf0d-428a-814f-266b27e759e4@group-9696F0872FC0, cid=528, SUCCESS, logIndex=930, commits[325d518f-bf0d-428a-814f-266b27e759e4:c931]
2019-06-15 10:52:58,699 DEBUG block.SCMBlockDeletingService (SCMBlockDeletingService.java:call(138)) - Running DeletedBlockTransactionScanner
2019-06-15 10:52:58,699 DEBUG block.SCMBlockDeletingService (SCMBlockDeletingService.java:call(155)) - Scanned deleted blocks log and got 0 delTX to process.
2019-06-15 10:52:58,710 INFO  client.GrpcClientProtocolClient (GrpcClientProtocolClient.java:onNext(254)) - client-09EBABE1B9AF->325d518f-bf0d-428a-814f-266b27e759e4: receive RaftClientReply:client-09EBABE1B9AF->325d518f-bf0d-428a-814f-266b27e759e4@group-9696F0872FC0, cid=529, SUCCESS, logIndex=932, commits[325d518f-bf0d-428a-814f-266b27e759e4:c932]
2019-06-15 10:52:58,712 INFO  client.GrpcClientProtocolClient (GrpcClientProtocolClient.java:onNext(254)) - client-09EBABE1B9AF->325d518f-bf0d-428a-814f-266b27e759e4: receive RaftClientReply:client-09EBABE1B9AF->325d518f-bf0d-428a-814f-266b27e759e4@group-9696F0872FC0, cid=530, SUCCESS, logIndex=934, commits[325d518f-bf0d-428a-814f-266b27e759e4:c934]
2019-06-15 10:52:58,776 INFO  client.GrpcClientProtocolClient (GrpcClientProtocolClient.java:onNext(254)) - client-09EBABE1B9AF->325d518f-bf0d-428a-814f-266b27e759e4: receive RaftClientReply:client-09EBABE1B9AF->325d518f-bf0d-428a-814f-266b27e759e4@group-9696F0872FC0, cid=531, SUCCESS, logIndex=936, commits[325d518f-bf0d-428a-814f-266b27e759e4:c936]
2019-06-15 10:52:58,777 INFO  client.GrpcClientProtocolClient (GrpcClientProtocolClient.java:onNext(254)) - client-09EBABE1B9AF->325d518f-bf0d-428a-814f-266b27e759e4: receive RaftClientReply:client-09EBABE1B9AF->325d518f-bf0d-428a-814f-266b27e759e4@group-9696F0872FC0, cid=532, SUCCESS, logIndex=938, commits[325d518f-bf0d-428a-814f-266b27e759e4:c938]
2019-06-15 10:52:58,784 INFO  client.GrpcClientProtocolClient (GrpcClientProtocolClient.java:onNext(254)) - client-09EBABE1B9AF->325d518f-bf0d-428a-814f-266b27e759e4: receive RaftClientReply:client-09EBABE1B9AF->325d518f-bf0d-428a-814f-266b27e759e4@group-9696F0872FC0, cid=533, SUCCESS, logIndex=940, commits[325d518f-bf0d-428a-814f-266b27e759e4:c940]
2019-06-15 10:52:58,785 INFO  client.GrpcClientProtocolClient (GrpcClientProtocolClient.java:onNext(254)) - client-09EBABE1B9AF->325d518f-bf0d-428a-814f-266b27e759e4: receive RaftClientReply:client-09EBABE1B9AF->325d518f-bf0d-428a-814f-266b27e759e4@group-9696F0872FC0, cid=534, SUCCESS, logIndex=942, commits[325d518f-bf0d-428a-814f-266b27e759e4:c942]
2019-06-15 10:52:58,788 INFO  client.GrpcClientProtocolClient (GrpcClientProtocolClient.java:onNext(254)) - client-09EBABE1B9AF->325d518f-bf0d-428a-814f-266b27e759e4: receive RaftClientReply:client-09EBABE1B9AF->325d518f-bf0d-428a-814f-266b27e759e4@group-9696F0872FC0, cid=535, SUCCESS, logIndex=943, commits[325d518f-bf0d-428a-814f-266b27e759e4:c945]
2019-06-15 10:52:58,788 INFO  client.GrpcClientProtocolClient (GrpcClientProtocolClient.java:onNext(254)) - client-09EBABE1B9AF->325d518f-bf0d-428a-814f-266b27e759e4: receive RaftClientReply:client-09EBABE1B9AF->325d518f-bf0d-428a-814f-266b27e759e4@group-9696F0872FC0, cid=536, SUCCESS, logIndex=945, commits[325d518f-bf0d-428a-814f-266b27e759e4:c945]
2019-06-15 10:52:58,801 DEBUG block.SCMBlockDeletingService (SCMBlockDeletingService.java:call(138)) - Running DeletedBlockTransactionScanner
2019-06-15 10:52:58,801 DEBUG block.SCMBlockDeletingService (SCMBlockDeletingService.java:call(155)) - Scanned deleted blocks log and got 0 delTX to process.
2019-06-15 10:52:58,801 INFO  client.GrpcClientProtocolClient (GrpcClientProtocolClient.java:onNext(254)) - client-09EBABE1B9AF->325d518f-bf0d-428a-814f-266b27e759e4: receive RaftClientReply:client-09EBABE1B9AF->325d518f-bf0d-428a-814f-266b27e759e4@group-9696F0872FC0, cid=537, SUCCESS, logIndex=947, commits[325d518f-bf0d-428a-814f-266b27e759e4:c947]
2019-06-15 10:52:58,803 INFO  client.GrpcClientProtocolClient (GrpcClientProtocolClient.java:onNext(254)) - client-09EBABE1B9AF->325d518f-bf0d-428a-814f-266b27e759e4: receive RaftClientReply:client-09EBABE1B9AF->325d518f-bf0d-428a-814f-266b27e759e4@group-9696F0872FC0, cid=538, SUCCESS, logIndex=949, commits[325d518f-bf0d-428a-814f-266b27e759e4:c951]
2019-06-15 10:52:58,803 INFO  client.GrpcClientProtocolClient (GrpcClientProtocolClient.java:onNext(254)) - client-09EBABE1B9AF->325d518f-bf0d-428a-814f-266b27e759e4: receive RaftClientReply:client-09EBABE1B9AF->325d518f-bf0d-428a-814f-266b27e759e4@group-9696F0872FC0, cid=539, SUCCESS, logIndex=950, commits[325d518f-bf0d-428a-814f-266b27e759e4:c951]
2019-06-15 10:52:58,804 INFO  client.GrpcClientProtocolClient (GrpcClientProtocolClient.java:onNext(254)) - client-09EBABE1B9AF->325d518f-bf0d-428a-814f-266b27e759e4: receive RaftClientReply:client-09EBABE1B9AF->325d518f-bf0d-428a-814f-266b27e759e4@group-9696F0872FC0, cid=540, SUCCESS, logIndex=951, commits[325d518f-bf0d-428a-814f-266b27e759e4:c951]
2019-06-15 10:52:58,810 INFO  client.GrpcClientProtocolClient (GrpcClientProtocolClient.java:onNext(254)) - client-09EBABE1B9AF->325d518f-bf0d-428a-814f-266b27e759e4: receive RaftClientReply:client-09EBABE1B9AF->325d518f-bf0d-428a-814f-266b27e759e4@group-9696F0872FC0, cid=541, SUCCESS, logIndex=953, commits[325d518f-bf0d-428a-814f-266b27e759e4:c953]
2019-06-15 10:52:58,812 INFO  client.GrpcClientProtocolClient (GrpcClientProtocolClient.java:onNext(254)) - client-09EBABE1B9AF->325d518f-bf0d-428a-814f-266b27e759e4: receive RaftClientReply:client-09EBABE1B9AF->325d518f-bf0d-428a-814f-266b27e759e4@group-9696F0872FC0, cid=542, SUCCESS, logIndex=955, commits[325d518f-bf0d-428a-814f-266b27e759e4:c955]
2019-06-15 10:52:58,813 INFO  client.GrpcClientProtocolClient (GrpcClientProtocolClient.java:onNext(254)) - client-09EBABE1B9AF->325d518f-bf0d-428a-814f-266b27e759e4: receive RaftClientReply:client-09EBABE1B9AF->325d518f-bf0d-428a-814f-266b27e759e4@group-9696F0872FC0, cid=543, SUCCESS, logIndex=956, commits[325d518f-bf0d-428a-814f-266b27e759e4:c957]
2019-06-15 10:52:58,814 INFO  client.GrpcClientProtocolClient (GrpcClientProtocolClient.java:onNext(254)) - client-09EBABE1B9AF->325d518f-bf0d-428a-814f-266b27e759e4: receive RaftClientReply:client-09EBABE1B9AF->325d518f-bf0d-428a-814f-266b27e759e4@group-9696F0872FC0, cid=544, SUCCESS, logIndex=957, commits[325d518f-bf0d-428a-814f-266b27e759e4:c957]
2019-06-15 10:52:58,823 INFO  client.GrpcClientProtocolClient (GrpcClientProtocolClient.java:onNext(254)) - client-09EBABE1B9AF->325d518f-bf0d-428a-814f-266b27e759e4: receive RaftClientReply:client-09EBABE1B9AF->325d518f-bf0d-428a-814f-266b27e759e4@group-9696F0872FC0, cid=545, SUCCESS, logIndex=960, commits[325d518f-bf0d-428a-814f-266b27e759e4:c960]
2019-06-15 10:52:58,826 INFO  client.GrpcClientProtocolClient (GrpcClientProtocolClient.java:onNext(254)) - client-09EBABE1B9AF->325d518f-bf0d-428a-814f-266b27e759e4: receive RaftClientReply:client-09EBABE1B9AF->325d518f-bf0d-428a-814f-266b27e759e4@group-9696F0872FC0, cid=546, SUCCESS, logIndex=962, commits[325d518f-bf0d-428a-814f-266b27e759e4:c962]
2019-06-15 10:52:58,827 INFO  client.GrpcClientProtocolClient (GrpcClientProtocolClient.java:onNext(254)) - client-09EBABE1B9AF->325d518f-bf0d-428a-814f-266b27e759e4: receive RaftClientReply:client-09EBABE1B9AF->325d518f-bf0d-428a-814f-266b27e759e4@group-9696F0872FC0, cid=547, SUCCESS, logIndex=963, commits[325d518f-bf0d-428a-814f-266b27e759e4:c965]
2019-06-15 10:52:58,827 INFO  client.GrpcClientProtocolClient (GrpcClientProtocolClient.java:onNext(254)) - client-09EBABE1B9AF->325d518f-bf0d-428a-814f-266b27e759e4: receive RaftClientReply:client-09EBABE1B9AF->325d518f-bf0d-428a-814f-266b27e759e4@group-9696F0872FC0, cid=548, SUCCESS, logIndex=965, commits[325d518f-bf0d-428a-814f-266b27e759e4:c966]
2019-06-15 10:52:58,833 INFO  client.GrpcClientProtocolClient (GrpcClientProtocolClient.java:onNext(254)) - client-09EBABE1B9AF->325d518f-bf0d-428a-814f-266b27e759e4: receive RaftClientReply:client-09EBABE1B9AF->325d518f-bf0d-428a-814f-266b27e759e4@group-9696F0872FC0, cid=549, SUCCESS, logIndex=967, commits[325d518f-bf0d-428a-814f-266b27e759e4:c967]
2019-06-15 10:52:58,835 INFO  client.GrpcClientProtocolClient (GrpcClientProtocolClient.java:onNext(254)) - client-09EBABE1B9AF->325d518f-bf0d-428a-814f-266b27e759e4: receive RaftClientReply:client-09EBABE1B9AF->325d518f-bf0d-428a-814f-266b27e759e4@group-9696F0872FC0, cid=550, SUCCESS, logIndex=969, commits[325d518f-bf0d-428a-814f-266b27e759e4:c969]
2019-06-15 10:52:58,836 INFO  client.GrpcClientProtocolClient (GrpcClientProtocolClient.java:onNext(254)) - client-09EBABE1B9AF->325d518f-bf0d-428a-814f-266b27e759e4: receive RaftClientReply:client-09EBABE1B9AF->325d518f-bf0d-428a-814f-266b27e759e4@group-9696F0872FC0, cid=551, SUCCESS, logIndex=970, commits[325d518f-bf0d-428a-814f-266b27e759e4:c972]
2019-06-15 10:52:58,836 INFO  client.GrpcClientProtocolClient (GrpcClientProtocolClient.java:onNext(254)) - client-09EBABE1B9AF->325d518f-bf0d-428a-814f-266b27e759e4: receive RaftClientReply:client-09EBABE1B9AF->325d518f-bf0d-428a-814f-266b27e759e4@group-9696F0872FC0, cid=552, SUCCESS, logIndex=971, commits[325d518f-bf0d-428a-814f-266b27e759e4:c972]
2019-06-15 10:52:58,845 INFO  client.GrpcClientProtocolClient (GrpcClientProtocolClient.java:onNext(254)) - client-09EBABE1B9AF->325d518f-bf0d-428a-814f-266b27e759e4: receive RaftClientReply:client-09EBABE1B9AF->325d518f-bf0d-428a-814f-266b27e759e4@group-9696F0872FC0, cid=553, SUCCESS, logIndex=973, commits[325d518f-bf0d-428a-814f-266b27e759e4:c973]
2019-06-15 10:52:58,847 INFO  client.GrpcClientProtocolClient (GrpcClientProtocolClient.java:onNext(254)) - client-09EBABE1B9AF->325d518f-bf0d-428a-814f-266b27e759e4: receive RaftClientReply:client-09EBABE1B9AF->325d518f-bf0d-428a-814f-266b27e759e4@group-9696F0872FC0, cid=554, SUCCESS, logIndex=975, commits[325d518f-bf0d-428a-814f-266b27e759e4:c975]
2019-06-15 10:52:58,848 INFO  client.GrpcClientProtocolClient (GrpcClientProtocolClient.java:onNext(254)) - client-09EBABE1B9AF->325d518f-bf0d-428a-814f-266b27e759e4: receive RaftClientReply:client-09EBABE1B9AF->325d518f-bf0d-428a-814f-266b27e759e4@group-9696F0872FC0, cid=555, SUCCESS, logIndex=976, commits[325d518f-bf0d-428a-814f-266b27e759e4:c978]
2019-06-15 10:52:58,848 INFO  client.GrpcClientProtocolClient (GrpcClientProtocolClient.java:onNext(254)) - client-09EBABE1B9AF->325d518f-bf0d-428a-814f-266b27e759e4: receive RaftClientReply:client-09EBABE1B9AF->325d518f-bf0d-428a-814f-266b27e759e4@group-9696F0872FC0, cid=556, SUCCESS, logIndex=978, commits[325d518f-bf0d-428a-814f-266b27e759e4:c978]
2019-06-15 10:52:58,854 INFO  storage.RaftLogWorker (RaftLogWorker.java:rollLogSegment(303)) - 325d518f-bf0d-428a-814f-266b27e759e4-RaftLogWorker: Rolling segment log-909_981 to index:981
2019-06-15 10:52:58,854 INFO  client.GrpcClientProtocolClient (GrpcClientProtocolClient.java:onNext(254)) - client-09EBABE1B9AF->325d518f-bf0d-428a-814f-266b27e759e4: receive RaftClientReply:client-09EBABE1B9AF->325d518f-bf0d-428a-814f-266b27e759e4@group-9696F0872FC0, cid=557, SUCCESS, logIndex=980, commits[325d518f-bf0d-428a-814f-266b27e759e4:c980]
2019-06-15 10:52:58,854 INFO  storage.RaftLogWorker (RaftLogWorker.java:execute(433)) - 325d518f-bf0d-428a-814f-266b27e759e4-RaftLogWorker: Rolled log segment from /opt/src/hadoop-ozone/integration-test/target/test-dir/MiniOzoneClusterImpl-dd99cefe-9779-4043-9d74-181b69d2a827/datanode-0/data/ratis/e0f1d9ef-e225-4b24-a786-9696f0872fc0/current/log_inprogress_909 to /opt/src/hadoop-ozone/integration-test/target/test-dir/MiniOzoneClusterImpl-dd99cefe-9779-4043-9d74-181b69d2a827/datanode-0/data/ratis/e0f1d9ef-e225-4b24-a786-9696f0872fc0/current/log_909-981
2019-06-15 10:52:58,891 INFO  storage.RaftLogWorker (RaftLogWorker.java:execute(469)) - 325d518f-bf0d-428a-814f-266b27e759e4-RaftLogWorker: created new log segment /opt/src/hadoop-ozone/integration-test/target/test-dir/MiniOzoneClusterImpl-dd99cefe-9779-4043-9d74-181b69d2a827/datanode-0/data/ratis/e0f1d9ef-e225-4b24-a786-9696f0872fc0/current/log_inprogress_982
2019-06-15 10:52:58,895 INFO  client.GrpcClientProtocolClient (GrpcClientProtocolClient.java:onNext(254)) - client-09EBABE1B9AF->325d518f-bf0d-428a-814f-266b27e759e4: receive RaftClientReply:client-09EBABE1B9AF->325d518f-bf0d-428a-814f-266b27e759e4@group-9696F0872FC0, cid=558, SUCCESS, logIndex=982, commits[325d518f-bf0d-428a-814f-266b27e759e4:c982]
2019-06-15 10:52:58,897 INFO  client.GrpcClientProtocolClient (GrpcClientProtocolClient.java:onNext(254)) - client-09EBABE1B9AF->325d518f-bf0d-428a-814f-266b27e759e4: receive RaftClientReply:client-09EBABE1B9AF->325d518f-bf0d-428a-814f-266b27e759e4@group-9696F0872FC0, cid=559, SUCCESS, logIndex=984, commits[325d518f-bf0d-428a-814f-266b27e759e4:c985]
2019-06-15 10:52:58,898 INFO  client.GrpcClientProtocolClient (GrpcClientProtocolClient.java:onNext(254)) - client-09EBABE1B9AF->325d518f-bf0d-428a-814f-266b27e759e4: receive RaftClientReply:client-09EBABE1B9AF->325d518f-bf0d-428a-814f-266b27e759e4@group-9696F0872FC0, cid=560, SUCCESS, logIndex=985, commits[325d518f-bf0d-428a-814f-266b27e759e4:c986]
2019-06-15 10:52:58,901 DEBUG block.SCMBlockDeletingService (SCMBlockDeletingService.java:call(138)) - Running DeletedBlockTransactionScanner
2019-06-15 10:52:58,902 DEBUG block.SCMBlockDeletingService (SCMBlockDeletingService.java:call(155)) - Scanned deleted blocks log and got 0 delTX to process.
2019-06-15 10:52:58,909 INFO  client.GrpcClientProtocolClient (GrpcClientProtocolClient.java:onNext(254)) - client-09EBABE1B9AF->325d518f-bf0d-428a-814f-266b27e759e4: receive RaftClientReply:client-09EBABE1B9AF->325d518f-bf0d-428a-814f-266b27e759e4@group-9696F0872FC0, cid=561, SUCCESS, logIndex=987, commits[325d518f-bf0d-428a-814f-266b27e759e4:c987]
2019-06-15 10:52:58,910 INFO  client.GrpcClientProtocolClient (GrpcClientProtocolClient.java:onNext(254)) - client-09EBABE1B9AF->325d518f-bf0d-428a-814f-266b27e759e4: receive RaftClientReply:client-09EBABE1B9AF->325d518f-bf0d-428a-814f-266b27e759e4@group-9696F0872FC0, cid=562, SUCCESS, logIndex=989, commits[325d518f-bf0d-428a-814f-266b27e759e4:c989]
2019-06-15 10:52:58,912 INFO  client.GrpcClientProtocolClient (GrpcClientProtocolClient.java:onNext(254)) - client-09EBABE1B9AF->325d518f-bf0d-428a-814f-266b27e759e4: receive RaftClientReply:client-09EBABE1B9AF->325d518f-bf0d-428a-814f-266b27e759e4@group-9696F0872FC0, cid=563, SUCCESS, logIndex=990, commits[325d518f-bf0d-428a-814f-266b27e759e4:c992]
2019-06-15 10:52:58,912 INFO  client.GrpcClientProtocolClient (GrpcClientProtocolClient.java:onNext(254)) - client-09EBABE1B9AF->325d518f-bf0d-428a-814f-266b27e759e4: receive RaftClientReply:client-09EBABE1B9AF->325d518f-bf0d-428a-814f-266b27e759e4@group-9696F0872FC0, cid=564, SUCCESS, logIndex=991, commits[325d518f-bf0d-428a-814f-266b27e759e4:c992]
2019-06-15 10:52:58,918 INFO  client.GrpcClientProtocolClient (GrpcClientProtocolClient.java:onNext(254)) - client-09EBABE1B9AF->325d518f-bf0d-428a-814f-266b27e759e4: receive RaftClientReply:client-09EBABE1B9AF->325d518f-bf0d-428a-814f-266b27e759e4@group-9696F0872FC0, cid=565, SUCCESS, logIndex=993, commits[325d518f-bf0d-428a-814f-266b27e759e4:c993]
2019-06-15 10:52:58,919 INFO  client.GrpcClientProtocolClient (GrpcClientProtocolClient.java:onNext(254)) - client-09EBABE1B9AF->325d518f-bf0d-428a-814f-266b27e759e4: receive RaftClientReply:client-09EBABE1B9AF->325d518f-bf0d-428a-814f-266b27e759e4@group-9696F0872FC0, cid=566, SUCCESS, logIndex=995, commits[325d518f-bf0d-428a-814f-266b27e759e4:c995]
2019-06-15 10:52:58,921 INFO  client.GrpcClientProtocolClient (GrpcClientProtocolClient.java:onNext(254)) - client-09EBABE1B9AF->325d518f-bf0d-428a-814f-266b27e759e4: receive RaftClientReply:client-09EBABE1B9AF->325d518f-bf0d-428a-814f-266b27e759e4@group-9696F0872FC0, cid=567, SUCCESS, logIndex=996, commits[325d518f-bf0d-428a-814f-266b27e759e4:c998]
2019-06-15 10:52:58,921 INFO  client.GrpcClientProtocolClient (GrpcClientProtocolClient.java:onNext(254)) - client-09EBABE1B9AF->325d518f-bf0d-428a-814f-266b27e759e4: receive RaftClientReply:client-09EBABE1B9AF->325d518f-bf0d-428a-814f-266b27e759e4@group-9696F0872FC0, cid=568, SUCCESS, logIndex=998, commits[325d518f-bf0d-428a-814f-266b27e759e4:c998]
2019-06-15 10:52:58,930 INFO  client.GrpcClientProtocolClient (GrpcClientProtocolClient.java:onNext(254)) - client-09EBABE1B9AF->325d518f-bf0d-428a-814f-266b27e759e4: receive RaftClientReply:client-09EBABE1B9AF->325d518f-bf0d-428a-814f-266b27e759e4@group-9696F0872FC0, cid=569, SUCCESS, logIndex=1000, commits[325d518f-bf0d-428a-814f-266b27e759e4:c1000]
2019-06-15 10:52:58,933 INFO  client.GrpcClientProtocolClient (GrpcClientProtocolClient.java:onNext(254)) - client-09EBABE1B9AF->325d518f-bf0d-428a-814f-266b27e759e4: receive RaftClientReply:client-09EBABE1B9AF->325d518f-bf0d-428a-814f-266b27e759e4@group-9696F0872FC0, cid=570, SUCCESS, logIndex=1002, commits[325d518f-bf0d-428a-814f-266b27e759e4:c1002]
2019-06-15 10:52:58,933 INFO  client.GrpcClientProtocolClient (GrpcClientProtocolClient.java:onNext(254)) - client-09EBABE1B9AF->325d518f-bf0d-428a-814f-266b27e759e4: receive RaftClientReply:client-09EBABE1B9AF->325d518f-bf0d-428a-814f-266b27e759e4@group-9696F0872FC0, cid=571, SUCCESS, logIndex=1003, commits[325d518f-bf0d-428a-814f-266b27e759e4:c1004]
2019-06-15 10:52:58,934 INFO  client.GrpcClientProtocolClient (GrpcClientProtocolClient.java:onNext(254)) - client-09EBABE1B9AF->325d518f-bf0d-428a-814f-266b27e759e4: receive RaftClientReply:client-09EBABE1B9AF->325d518f-bf0d-428a-814f-266b27e759e4@group-9696F0872FC0, cid=572, SUCCESS, logIndex=1004, commits[325d518f-bf0d-428a-814f-266b27e759e4:c1005]
2019-06-15 10:52:58,940 INFO  client.GrpcClientProtocolClient (GrpcClientProtocolClient.java:onNext(254)) - client-09EBABE1B9AF->325d518f-bf0d-428a-814f-266b27e759e4: receive RaftClientReply:client-09EBABE1B9AF->325d518f-bf0d-428a-814f-266b27e759e4@group-9696F0872FC0, cid=573, SUCCESS, logIndex=1007, commits[325d518f-bf0d-428a-814f-266b27e759e4:c1007]
2019-06-15 10:52:58,941 INFO  client.GrpcClientProtocolClient (GrpcClientProtocolClient.java:onNext(254)) - client-09EBABE1B9AF->325d518f-bf0d-428a-814f-266b27e759e4: receive RaftClientReply:client-09EBABE1B9AF->325d518f-bf0d-428a-814f-266b27e759e4@group-9696F0872FC0, cid=574, SUCCESS, logIndex=1009, commits[325d518f-bf0d-428a-814f-266b27e759e4:c1009]
2019-06-15 10:52:59,002 DEBUG block.SCMBlockDeletingService (SCMBlockDeletingService.java:call(138)) - Running DeletedBlockTransactionScanner
2019-06-15 10:52:59,002 DEBUG block.SCMBlockDeletingService (SCMBlockDeletingService.java:call(155)) - Scanned deleted blocks log and got 0 delTX to process.
2019-06-15 10:52:59,018 INFO  client.GrpcClientProtocolClient (GrpcClientProtocolClient.java:onNext(254)) - client-09EBABE1B9AF->325d518f-bf0d-428a-814f-266b27e759e4: receive RaftClientReply:client-09EBABE1B9AF->325d518f-bf0d-428a-814f-266b27e759e4@group-9696F0872FC0, cid=575, SUCCESS, logIndex=1011, commits[325d518f-bf0d-428a-814f-266b27e759e4:c1011]
2019-06-15 10:52:59,019 INFO  client.GrpcClientProtocolClient (GrpcClientProtocolClient.java:onNext(254)) - client-09EBABE1B9AF->325d518f-bf0d-428a-814f-266b27e759e4: receive RaftClientReply:client-09EBABE1B9AF->325d518f-bf0d-428a-814f-266b27e759e4@group-9696F0872FC0, cid=576, SUCCESS, logIndex=1013, commits[325d518f-bf0d-428a-814f-266b27e759e4:c1013]
2019-06-15 10:52:59,080 INFO  client.GrpcClientProtocolClient (GrpcClientProtocolClient.java:onNext(254)) - client-09EBABE1B9AF->325d518f-bf0d-428a-814f-266b27e759e4: receive RaftClientReply:client-09EBABE1B9AF->325d518f-bf0d-428a-814f-266b27e759e4@group-9696F0872FC0, cid=577, SUCCESS, logIndex=1015, commits[325d518f-bf0d-428a-814f-266b27e759e4:c1015]
2019-06-15 10:52:59,082 INFO  client.GrpcClientProtocolClient (GrpcClientProtocolClient.java:onNext(254)) - client-09EBABE1B9AF->325d518f-bf0d-428a-814f-266b27e759e4: receive RaftClientReply:client-09EBABE1B9AF->325d518f-bf0d-428a-814f-266b27e759e4@group-9696F0872FC0, cid=578, SUCCESS, logIndex=1017, commits[325d518f-bf0d-428a-814f-266b27e759e4:c1017]
2019-06-15 10:52:59,083 INFO  client.GrpcClientProtocolClient (GrpcClientProtocolClient.java:onNext(254)) - client-09EBABE1B9AF->325d518f-bf0d-428a-814f-266b27e759e4: receive RaftClientReply:client-09EBABE1B9AF->325d518f-bf0d-428a-814f-266b27e759e4@group-9696F0872FC0, cid=579, SUCCESS, logIndex=1018, commits[325d518f-bf0d-428a-814f-266b27e759e4:c1020]
2019-06-15 10:52:59,084 INFO  client.GrpcClientProtocolClient (GrpcClientProtocolClient.java:onNext(254)) - client-09EBABE1B9AF->325d518f-bf0d-428a-814f-266b27e759e4: receive RaftClientReply:client-09EBABE1B9AF->325d518f-bf0d-428a-814f-266b27e759e4@group-9696F0872FC0, cid=580, SUCCESS, logIndex=1019, commits[325d518f-bf0d-428a-814f-266b27e759e4:c1020]
2019-06-15 10:52:59,090 INFO  client.GrpcClientProtocolClient (GrpcClientProtocolClient.java:onNext(254)) - client-09EBABE1B9AF->325d518f-bf0d-428a-814f-266b27e759e4: receive RaftClientReply:client-09EBABE1B9AF->325d518f-bf0d-428a-814f-266b27e759e4@group-9696F0872FC0, cid=581, SUCCESS, logIndex=1021, commits[325d518f-bf0d-428a-814f-266b27e759e4:c1021]
2019-06-15 10:52:59,092 INFO  client.GrpcClientProtocolClient (GrpcClientProtocolClient.java:onNext(254)) - client-09EBABE1B9AF->325d518f-bf0d-428a-814f-266b27e759e4: receive RaftClientReply:client-09EBABE1B9AF->325d518f-bf0d-428a-814f-266b27e759e4@group-9696F0872FC0, cid=582, SUCCESS, logIndex=1023, commits[325d518f-bf0d-428a-814f-266b27e759e4:c1023]
2019-06-15 10:52:59,093 INFO  client.GrpcClientProtocolClient (GrpcClientProtocolClient.java:onNext(254)) - client-09EBABE1B9AF->325d518f-bf0d-428a-814f-266b27e759e4: receive RaftClientReply:client-09EBABE1B9AF->325d518f-bf0d-428a-814f-266b27e759e4@group-9696F0872FC0, cid=583, SUCCESS, logIndex=1024, commits[325d518f-bf0d-428a-814f-266b27e759e4:c1026]
2019-06-15 10:52:59,094 INFO  client.GrpcClientProtocolClient (GrpcClientProtocolClient.java:onNext(254)) - client-09EBABE1B9AF->325d518f-bf0d-428a-814f-266b27e759e4: receive RaftClientReply:client-09EBABE1B9AF->325d518f-bf0d-428a-814f-266b27e759e4@group-9696F0872FC0, cid=584, SUCCESS, logIndex=1026, commits[325d518f-bf0d-428a-814f-266b27e759e4:c1027]
2019-06-15 10:52:59,103 DEBUG block.SCMBlockDeletingService (SCMBlockDeletingService.java:call(138)) - Running DeletedBlockTransactionScanner
2019-06-15 10:52:59,103 DEBUG block.SCMBlockDeletingService (SCMBlockDeletingService.java:call(155)) - Scanned deleted blocks log and got 0 delTX to process.
2019-06-15 10:52:59,103 INFO  client.GrpcClientProtocolClient (GrpcClientProtocolClient.java:onNext(254)) - client-09EBABE1B9AF->325d518f-bf0d-428a-814f-266b27e759e4: receive RaftClientReply:client-09EBABE1B9AF->325d518f-bf0d-428a-814f-266b27e759e4@group-9696F0872FC0, cid=585, SUCCESS, logIndex=1028, commits[325d518f-bf0d-428a-814f-266b27e759e4:c1028]
2019-06-15 10:52:59,105 INFO  client.GrpcClientProtocolClient (GrpcClientProtocolClient.java:onNext(254)) - client-09EBABE1B9AF->325d518f-bf0d-428a-814f-266b27e759e4: receive RaftClientReply:client-09EBABE1B9AF->325d518f-bf0d-428a-814f-266b27e759e4@group-9696F0872FC0, cid=586, SUCCESS, logIndex=1030, commits[325d518f-bf0d-428a-814f-266b27e759e4:c1030]
2019-06-15 10:52:59,108 INFO  client.GrpcClientProtocolClient (GrpcClientProtocolClient.java:onNext(254)) - client-09EBABE1B9AF->325d518f-bf0d-428a-814f-266b27e759e4: receive RaftClientReply:client-09EBABE1B9AF->325d518f-bf0d-428a-814f-266b27e759e4@group-9696F0872FC0, cid=587, SUCCESS, logIndex=1032, commits[325d518f-bf0d-428a-814f-266b27e759e4:c1033]
2019-06-15 10:52:59,108 INFO  client.GrpcClientProtocolClient (GrpcClientProtocolClient.java:onNext(254)) - client-09EBABE1B9AF->325d518f-bf0d-428a-814f-266b27e759e4: receive RaftClientReply:client-09EBABE1B9AF->325d518f-bf0d-428a-814f-266b27e759e4@group-9696F0872FC0, cid=588, SUCCESS, logIndex=1033, commits[325d518f-bf0d-428a-814f-266b27e759e4:c1034]
2019-06-15 10:52:59,120 INFO  client.GrpcClientProtocolClient (GrpcClientProtocolClient.java:onNext(254)) - client-09EBABE1B9AF->325d518f-bf0d-428a-814f-266b27e759e4: receive RaftClientReply:client-09EBABE1B9AF->325d518f-bf0d-428a-814f-266b27e759e4@group-9696F0872FC0, cid=589, SUCCESS, logIndex=1035, commits[325d518f-bf0d-428a-814f-266b27e759e4:c1035]
2019-06-15 10:52:59,121 INFO  client.GrpcClientProtocolClient (GrpcClientProtocolClient.java:onNext(254)) - client-09EBABE1B9AF->325d518f-bf0d-428a-814f-266b27e759e4: receive RaftClientReply:client-09EBABE1B9AF->325d518f-bf0d-428a-814f-266b27e759e4@group-9696F0872FC0, cid=590, SUCCESS, logIndex=1037, commits[325d518f-bf0d-428a-814f-266b27e759e4:c1037]
2019-06-15 10:52:59,124 INFO  client.GrpcClientProtocolClient (GrpcClientProtocolClient.java:onNext(254)) - client-09EBABE1B9AF->325d518f-bf0d-428a-814f-266b27e759e4: receive RaftClientReply:client-09EBABE1B9AF->325d518f-bf0d-428a-814f-266b27e759e4@group-9696F0872FC0, cid=591, SUCCESS, logIndex=1039, commits[325d518f-bf0d-428a-814f-266b27e759e4:c1040]
2019-06-15 10:52:59,126 INFO  client.GrpcClientProtocolClient (GrpcClientProtocolClient.java:onNext(254)) - client-09EBABE1B9AF->325d518f-bf0d-428a-814f-266b27e759e4: receive RaftClientReply:client-09EBABE1B9AF->325d518f-bf0d-428a-814f-266b27e759e4@group-9696F0872FC0, cid=592, SUCCESS, logIndex=1040, commits[325d518f-bf0d-428a-814f-266b27e759e4:c1041]
2019-06-15 10:52:59,136 INFO  client.GrpcClientProtocolClient (GrpcClientProtocolClient.java:onNext(254)) - client-09EBABE1B9AF->325d518f-bf0d-428a-814f-266b27e759e4: receive RaftClientReply:client-09EBABE1B9AF->325d518f-bf0d-428a-814f-266b27e759e4@group-9696F0872FC0, cid=593, SUCCESS, logIndex=1042, commits[325d518f-bf0d-428a-814f-266b27e759e4:c1042]
2019-06-15 10:52:59,138 INFO  client.GrpcClientProtocolClient (GrpcClientProtocolClient.java:onNext(254)) - client-09EBABE1B9AF->325d518f-bf0d-428a-814f-266b27e759e4: receive RaftClientReply:client-09EBABE1B9AF->325d518f-bf0d-428a-814f-266b27e759e4@group-9696F0872FC0, cid=594, SUCCESS, logIndex=1044, commits[325d518f-bf0d-428a-814f-266b27e759e4:c1044]
2019-06-15 10:52:59,140 INFO  client.GrpcClientProtocolClient (GrpcClientProtocolClient.java:onNext(254)) - client-09EBABE1B9AF->325d518f-bf0d-428a-814f-266b27e759e4: receive RaftClientReply:client-09EBABE1B9AF->325d518f-bf0d-428a-814f-266b27e759e4@group-9696F0872FC0, cid=595, SUCCESS, logIndex=1045, commits[325d518f-bf0d-428a-814f-266b27e759e4:c1048]
2019-06-15 10:52:59,140 INFO  client.GrpcClientProtocolClient (GrpcClientProtocolClient.java:onNext(254)) - client-09EBABE1B9AF->325d518f-bf0d-428a-814f-266b27e759e4: receive RaftClientReply:client-09EBABE1B9AF->325d518f-bf0d-428a-814f-266b27e759e4@group-9696F0872FC0, cid=596, SUCCESS, logIndex=1046, commits[325d518f-bf0d-428a-814f-266b27e759e4:c1048]
2019-06-15 10:52:59,150 INFO  client.GrpcClientProtocolClient (GrpcClientProtocolClient.java:onNext(254)) - client-09EBABE1B9AF->325d518f-bf0d-428a-814f-266b27e759e4: receive RaftClientReply:client-09EBABE1B9AF->325d518f-bf0d-428a-814f-266b27e759e4@group-9696F0872FC0, cid=597, SUCCESS, logIndex=1049, commits[325d518f-bf0d-428a-814f-266b27e759e4:c1049]
2019-06-15 10:52:59,151 INFO  storage.RaftLogWorker (RaftLogWorker.java:rollLogSegment(303)) - 325d518f-bf0d-428a-814f-266b27e759e4-RaftLogWorker: Rolling segment log-982_1052 to index:1052
2019-06-15 10:52:59,152 INFO  storage.RaftLogWorker (RaftLogWorker.java:execute(433)) - 325d518f-bf0d-428a-814f-266b27e759e4-RaftLogWorker: Rolled log segment from /opt/src/hadoop-ozone/integration-test/target/test-dir/MiniOzoneClusterImpl-dd99cefe-9779-4043-9d74-181b69d2a827/datanode-0/data/ratis/e0f1d9ef-e225-4b24-a786-9696f0872fc0/current/log_inprogress_982 to /opt/src/hadoop-ozone/integration-test/target/test-dir/MiniOzoneClusterImpl-dd99cefe-9779-4043-9d74-181b69d2a827/datanode-0/data/ratis/e0f1d9ef-e225-4b24-a786-9696f0872fc0/current/log_982-1052
2019-06-15 10:52:59,156 INFO  client.GrpcClientProtocolClient (GrpcClientProtocolClient.java:onNext(254)) - client-09EBABE1B9AF->325d518f-bf0d-428a-814f-266b27e759e4: receive RaftClientReply:client-09EBABE1B9AF->325d518f-bf0d-428a-814f-266b27e759e4@group-9696F0872FC0, cid=598, SUCCESS, logIndex=1051, commits[325d518f-bf0d-428a-814f-266b27e759e4:c1051]
2019-06-15 10:52:59,173 INFO  client.GrpcClientProtocolClient (GrpcClientProtocolClient.java:onNext(254)) - client-09EBABE1B9AF->325d518f-bf0d-428a-814f-266b27e759e4: receive RaftClientReply:client-09EBABE1B9AF->325d518f-bf0d-428a-814f-266b27e759e4@group-9696F0872FC0, cid=599, SUCCESS, logIndex=1052, commits[325d518f-bf0d-428a-814f-266b27e759e4:c1052]
2019-06-15 10:52:59,192 INFO  storage.RaftLogWorker (RaftLogWorker.java:execute(469)) - 325d518f-bf0d-428a-814f-266b27e759e4-RaftLogWorker: created new log segment /opt/src/hadoop-ozone/integration-test/target/test-dir/MiniOzoneClusterImpl-dd99cefe-9779-4043-9d74-181b69d2a827/datanode-0/data/ratis/e0f1d9ef-e225-4b24-a786-9696f0872fc0/current/log_inprogress_1053
2019-06-15 10:52:59,194 INFO  client.GrpcClientProtocolClient (GrpcClientProtocolClient.java:onNext(254)) - client-09EBABE1B9AF->325d518f-bf0d-428a-814f-266b27e759e4: receive RaftClientReply:client-09EBABE1B9AF->325d518f-bf0d-428a-814f-266b27e759e4@group-9696F0872FC0, cid=600, SUCCESS, logIndex=1053, commits[325d518f-bf0d-428a-814f-266b27e759e4:c1055]
2019-06-15 10:52:59,203 DEBUG block.SCMBlockDeletingService (SCMBlockDeletingService.java:call(138)) - Running DeletedBlockTransactionScanner
2019-06-15 10:52:59,204 DEBUG block.SCMBlockDeletingService (SCMBlockDeletingService.java:call(155)) - Scanned deleted blocks log and got 0 delTX to process.
2019-06-15 10:52:59,205 INFO  client.GrpcClientProtocolClient (GrpcClientProtocolClient.java:onNext(254)) - client-09EBABE1B9AF->325d518f-bf0d-428a-814f-266b27e759e4: receive RaftClientReply:client-09EBABE1B9AF->325d518f-bf0d-428a-814f-266b27e759e4@group-9696F0872FC0, cid=601, SUCCESS, logIndex=1056, commits[325d518f-bf0d-428a-814f-266b27e759e4:c1056]
2019-06-15 10:52:59,207 INFO  client.GrpcClientProtocolClient (GrpcClientProtocolClient.java:onNext(254)) - client-09EBABE1B9AF->325d518f-bf0d-428a-814f-266b27e759e4: receive RaftClientReply:client-09EBABE1B9AF->325d518f-bf0d-428a-814f-266b27e759e4@group-9696F0872FC0, cid=602, SUCCESS, logIndex=1058, commits[325d518f-bf0d-428a-814f-266b27e759e4:c1058]
2019-06-15 10:52:59,208 INFO  client.GrpcClientProtocolClient (GrpcClientProtocolClient.java:onNext(254)) - client-09EBABE1B9AF->325d518f-bf0d-428a-814f-266b27e759e4: receive RaftClientReply:client-09EBABE1B9AF->325d518f-bf0d-428a-814f-266b27e759e4@group-9696F0872FC0, cid=603, SUCCESS, logIndex=1059, commits[325d518f-bf0d-428a-814f-266b27e759e4:c1061]
2019-06-15 10:52:59,208 INFO  client.GrpcClientProtocolClient (GrpcClientProtocolClient.java:onNext(254)) - client-09EBABE1B9AF->325d518f-bf0d-428a-814f-266b27e759e4: receive RaftClientReply:client-09EBABE1B9AF->325d518f-bf0d-428a-814f-266b27e759e4@group-9696F0872FC0, cid=604, SUCCESS, logIndex=1061, commits[325d518f-bf0d-428a-814f-266b27e759e4:c1062]
2019-06-15 10:52:59,214 INFO  client.GrpcClientProtocolClient (GrpcClientProtocolClient.java:onNext(254)) - client-09EBABE1B9AF->325d518f-bf0d-428a-814f-266b27e759e4: receive RaftClientReply:client-09EBABE1B9AF->325d518f-bf0d-428a-814f-266b27e759e4@group-9696F0872FC0, cid=605, SUCCESS, logIndex=1063, commits[325d518f-bf0d-428a-814f-266b27e759e4:c1063]
2019-06-15 10:52:59,219 INFO  client.GrpcClientProtocolClient (GrpcClientProtocolClient.java:onNext(254)) - client-09EBABE1B9AF->325d518f-bf0d-428a-814f-266b27e759e4: receive RaftClientReply:client-09EBABE1B9AF->325d518f-bf0d-428a-814f-266b27e759e4@group-9696F0872FC0, cid=606, SUCCESS, logIndex=1065, commits[325d518f-bf0d-428a-814f-266b27e759e4:c1065]
2019-06-15 10:52:59,221 INFO  client.GrpcClientProtocolClient (GrpcClientProtocolClient.java:onNext(254)) - client-09EBABE1B9AF->325d518f-bf0d-428a-814f-266b27e759e4: receive RaftClientReply:client-09EBABE1B9AF->325d518f-bf0d-428a-814f-266b27e759e4@group-9696F0872FC0, cid=607, SUCCESS, logIndex=1067, commits[325d518f-bf0d-428a-814f-266b27e759e4:c1068]
2019-06-15 10:52:59,221 INFO  client.GrpcClientProtocolClient (GrpcClientProtocolClient.java:onNext(254)) - client-09EBABE1B9AF->325d518f-bf0d-428a-814f-266b27e759e4: receive RaftClientReply:client-09EBABE1B9AF->325d518f-bf0d-428a-814f-266b27e759e4@group-9696F0872FC0, cid=608, SUCCESS, logIndex=1068, commits[325d518f-bf0d-428a-814f-266b27e759e4:c1069]
2019-06-15 10:52:59,232 INFO  client.GrpcClientProtocolClient (GrpcClientProtocolClient.java:onNext(254)) - client-09EBABE1B9AF->325d518f-bf0d-428a-814f-266b27e759e4: receive RaftClientReply:client-09EBABE1B9AF->325d518f-bf0d-428a-814f-266b27e759e4@group-9696F0872FC0, cid=609, SUCCESS, logIndex=1070, commits[325d518f-bf0d-428a-814f-266b27e759e4:c1070]
2019-06-15 10:52:59,234 INFO  client.GrpcClientProtocolClient (GrpcClientProtocolClient.java:onNext(254)) - client-09EBABE1B9AF->325d518f-bf0d-428a-814f-266b27e759e4: receive RaftClientReply:client-09EBABE1B9AF->325d518f-bf0d-428a-814f-266b27e759e4@group-9696F0872FC0, cid=610, SUCCESS, logIndex=1072, commits[325d518f-bf0d-428a-814f-266b27e759e4:c1072]
2019-06-15 10:52:59,235 INFO  client.GrpcClientProtocolClient (GrpcClientProtocolClient.java:onNext(254)) - client-09EBABE1B9AF->325d518f-bf0d-428a-814f-266b27e759e4: receive RaftClientReply:client-09EBABE1B9AF->325d518f-bf0d-428a-814f-266b27e759e4@group-9696F0872FC0, cid=611, SUCCESS, logIndex=1073, commits[325d518f-bf0d-428a-814f-266b27e759e4:c1075]
2019-06-15 10:52:59,235 INFO  client.GrpcClientProtocolClient (GrpcClientProtocolClient.java:onNext(254)) - client-09EBABE1B9AF->325d518f-bf0d-428a-814f-266b27e759e4: receive RaftClientReply:client-09EBABE1B9AF->325d518f-bf0d-428a-814f-266b27e759e4@group-9696F0872FC0, cid=612, SUCCESS, logIndex=1074, commits[325d518f-bf0d-428a-814f-266b27e759e4:c1075]
2019-06-15 10:52:59,241 INFO  client.GrpcClientProtocolClient (GrpcClientProtocolClient.java:onNext(254)) - client-09EBABE1B9AF->325d518f-bf0d-428a-814f-266b27e759e4: receive RaftClientReply:client-09EBABE1B9AF->325d518f-bf0d-428a-814f-266b27e759e4@group-9696F0872FC0, cid=613, SUCCESS, logIndex=1076, commits[325d518f-bf0d-428a-814f-266b27e759e4:c1076]
2019-06-15 10:52:59,243 INFO  client.GrpcClientProtocolClient (GrpcClientProtocolClient.java:onNext(254)) - client-09EBABE1B9AF->325d518f-bf0d-428a-814f-266b27e759e4: receive RaftClientReply:client-09EBABE1B9AF->325d518f-bf0d-428a-814f-266b27e759e4@group-9696F0872FC0, cid=614, SUCCESS, logIndex=1078, commits[325d518f-bf0d-428a-814f-266b27e759e4:c1078]
2019-06-15 10:52:59,244 INFO  client.GrpcClientProtocolClient (GrpcClientProtocolClient.java:onNext(254)) - client-09EBABE1B9AF->325d518f-bf0d-428a-814f-266b27e759e4: receive RaftClientReply:client-09EBABE1B9AF->325d518f-bf0d-428a-814f-266b27e759e4@group-9696F0872FC0, cid=615, SUCCESS, logIndex=1079, commits[325d518f-bf0d-428a-814f-266b27e759e4:c1081]
2019-06-15 10:52:59,244 INFO  client.GrpcClientProtocolClient (GrpcClientProtocolClient.java:onNext(254)) - client-09EBABE1B9AF->325d518f-bf0d-428a-814f-266b27e759e4: receive RaftClientReply:client-09EBABE1B9AF->325d518f-bf0d-428a-814f-266b27e759e4@group-9696F0872FC0, cid=616, SUCCESS, logIndex=1080, commits[325d518f-bf0d-428a-814f-266b27e759e4:c1081]
2019-06-15 10:52:59,254 INFO  client.GrpcClientProtocolClient (GrpcClientProtocolClient.java:onNext(254)) - client-09EBABE1B9AF->325d518f-bf0d-428a-814f-266b27e759e4: receive RaftClientReply:client-09EBABE1B9AF->325d518f-bf0d-428a-814f-266b27e759e4@group-9696F0872FC0, cid=617, SUCCESS, logIndex=1082, commits[325d518f-bf0d-428a-814f-266b27e759e4:c1082]
2019-06-15 10:52:59,258 INFO  client.GrpcClientProtocolClient (GrpcClientProtocolClient.java:onNext(254)) - client-09EBABE1B9AF->325d518f-bf0d-428a-814f-266b27e759e4: receive RaftClientReply:client-09EBABE1B9AF->325d518f-bf0d-428a-814f-266b27e759e4@group-9696F0872FC0, cid=618, SUCCESS, logIndex=1084, commits[325d518f-bf0d-428a-814f-266b27e759e4:c1084]
2019-06-15 10:52:59,304 DEBUG block.SCMBlockDeletingService (SCMBlockDeletingService.java:call(138)) - Running DeletedBlockTransactionScanner
2019-06-15 10:52:59,304 DEBUG block.SCMBlockDeletingService (SCMBlockDeletingService.java:call(155)) - Scanned deleted blocks log and got 0 delTX to process.
2019-06-15 10:52:59,322 INFO  client.GrpcClientProtocolClient (GrpcClientProtocolClient.java:onNext(254)) - client-09EBABE1B9AF->325d518f-bf0d-428a-814f-266b27e759e4: receive RaftClientReply:client-09EBABE1B9AF->325d518f-bf0d-428a-814f-266b27e759e4@group-9696F0872FC0, cid=619, SUCCESS, logIndex=1086, commits[325d518f-bf0d-428a-814f-266b27e759e4:c1086]
2019-06-15 10:52:59,326 INFO  client.GrpcClientProtocolClient (GrpcClientProtocolClient.java:onNext(254)) - client-09EBABE1B9AF->325d518f-bf0d-428a-814f-266b27e759e4: receive RaftClientReply:client-09EBABE1B9AF->325d518f-bf0d-428a-814f-266b27e759e4@group-9696F0872FC0, cid=620, SUCCESS, logIndex=1088, commits[325d518f-bf0d-428a-814f-266b27e759e4:c1088]
2019-06-15 10:52:59,332 INFO  client.GrpcClientProtocolClient (GrpcClientProtocolClient.java:onNext(254)) - client-09EBABE1B9AF->325d518f-bf0d-428a-814f-266b27e759e4: receive RaftClientReply:client-09EBABE1B9AF->325d518f-bf0d-428a-814f-266b27e759e4@group-9696F0872FC0, cid=621, SUCCESS, logIndex=1090, commits[325d518f-bf0d-428a-814f-266b27e759e4:c1090]
2019-06-15 10:52:59,334 INFO  client.GrpcClientProtocolClient (GrpcClientProtocolClient.java:onNext(254)) - client-09EBABE1B9AF->325d518f-bf0d-428a-814f-266b27e759e4: receive RaftClientReply:client-09EBABE1B9AF->325d518f-bf0d-428a-814f-266b27e759e4@group-9696F0872FC0, cid=622, SUCCESS, logIndex=1092, commits[325d518f-bf0d-428a-814f-266b27e759e4:c1092]
2019-06-15 10:52:59,335 INFO  client.GrpcClientProtocolClient (GrpcClientProtocolClient.java:onNext(254)) - client-09EBABE1B9AF->325d518f-bf0d-428a-814f-266b27e759e4: receive RaftClientReply:client-09EBABE1B9AF->325d518f-bf0d-428a-814f-266b27e759e4@group-9696F0872FC0, cid=623, SUCCESS, logIndex=1093, commits[325d518f-bf0d-428a-814f-266b27e759e4:c1094]
2019-06-15 10:52:59,335 INFO  client.GrpcClientProtocolClient (GrpcClientProtocolClient.java:onNext(254)) - client-09EBABE1B9AF->325d518f-bf0d-428a-814f-266b27e759e4: receive RaftClientReply:client-09EBABE1B9AF->325d518f-bf0d-428a-814f-266b27e759e4@group-9696F0872FC0, cid=624, SUCCESS, logIndex=1094, commits[325d518f-bf0d-428a-814f-266b27e759e4:c1096]
2019-06-15 10:52:59,344 INFO  client.GrpcClientProtocolClient (GrpcClientProtocolClient.java:onNext(254)) - client-09EBABE1B9AF->325d518f-bf0d-428a-814f-266b27e759e4: receive RaftClientReply:client-09EBABE1B9AF->325d518f-bf0d-428a-814f-266b27e759e4@group-9696F0872FC0, cid=625, SUCCESS, logIndex=1097, commits[325d518f-bf0d-428a-814f-266b27e759e4:c1097]
2019-06-15 10:52:59,346 INFO  client.GrpcClientProtocolClient (GrpcClientProtocolClient.java:onNext(254)) - client-09EBABE1B9AF->325d518f-bf0d-428a-814f-266b27e759e4: receive RaftClientReply:client-09EBABE1B9AF->325d518f-bf0d-428a-814f-266b27e759e4@group-9696F0872FC0, cid=626, SUCCESS, logIndex=1099, commits[325d518f-bf0d-428a-814f-266b27e759e4:c1099]
2019-06-15 10:52:59,347 INFO  client.GrpcClientProtocolClient (GrpcClientProtocolClient.java:onNext(254)) - client-09EBABE1B9AF->325d518f-bf0d-428a-814f-266b27e759e4: receive RaftClientReply:client-09EBABE1B9AF->325d518f-bf0d-428a-814f-266b27e759e4@group-9696F0872FC0, cid=627, SUCCESS, logIndex=1100, commits[325d518f-bf0d-428a-814f-266b27e759e4:c1100]
2019-06-15 10:52:59,348 INFO  client.GrpcClientProtocolClient (GrpcClientProtocolClient.java:onNext(254)) - client-09EBABE1B9AF->325d518f-bf0d-428a-814f-266b27e759e4: receive RaftClientReply:client-09EBABE1B9AF->325d518f-bf0d-428a-814f-266b27e759e4@group-9696F0872FC0, cid=628, SUCCESS, logIndex=1103, commits[325d518f-bf0d-428a-814f-266b27e759e4:c1103]
2019-06-15 10:52:59,354 INFO  client.GrpcClientProtocolClient (GrpcClientProtocolClient.java:onNext(254)) - client-09EBABE1B9AF->325d518f-bf0d-428a-814f-266b27e759e4: receive RaftClientReply:client-09EBABE1B9AF->325d518f-bf0d-428a-814f-266b27e759e4@group-9696F0872FC0, cid=629, SUCCESS, logIndex=1105, commits[325d518f-bf0d-428a-814f-266b27e759e4:c1105]
2019-06-15 10:52:59,355 INFO  client.GrpcClientProtocolClient (GrpcClientProtocolClient.java:onNext(254)) - client-09EBABE1B9AF->325d518f-bf0d-428a-814f-266b27e759e4: receive RaftClientReply:client-09EBABE1B9AF->325d518f-bf0d-428a-814f-266b27e759e4@group-9696F0872FC0, cid=630, SUCCESS, logIndex=1107, commits[325d518f-bf0d-428a-814f-266b27e759e4:c1107]
2019-06-15 10:52:59,357 INFO  client.GrpcClientProtocolClient (GrpcClientProtocolClient.java:onNext(254)) - client-09EBABE1B9AF->325d518f-bf0d-428a-814f-266b27e759e4: receive RaftClientReply:client-09EBABE1B9AF->325d518f-bf0d-428a-814f-266b27e759e4@group-9696F0872FC0, cid=631, SUCCESS, logIndex=1108, commits[325d518f-bf0d-428a-814f-266b27e759e4:c1110]
2019-06-15 10:52:59,357 INFO  client.GrpcClientProtocolClient (GrpcClientProtocolClient.java:onNext(254)) - client-09EBABE1B9AF->325d518f-bf0d-428a-814f-266b27e759e4: receive RaftClientReply:client-09EBABE1B9AF->325d518f-bf0d-428a-814f-266b27e759e4@group-9696F0872FC0, cid=632, SUCCESS, logIndex=1110, commits[325d518f-bf0d-428a-814f-266b27e759e4:c1110]
2019-06-15 10:52:59,367 INFO  client.GrpcClientProtocolClient (GrpcClientProtocolClient.java:onNext(254)) - client-09EBABE1B9AF->325d518f-bf0d-428a-814f-266b27e759e4: receive RaftClientReply:client-09EBABE1B9AF->325d518f-bf0d-428a-814f-266b27e759e4@group-9696F0872FC0, cid=633, SUCCESS, logIndex=1112, commits[325d518f-bf0d-428a-814f-266b27e759e4:c1112]
2019-06-15 10:52:59,369 INFO  client.GrpcClientProtocolClient (GrpcClientProtocolClient.java:onNext(254)) - client-09EBABE1B9AF->325d518f-bf0d-428a-814f-266b27e759e4: receive RaftClientReply:client-09EBABE1B9AF->325d518f-bf0d-428a-814f-266b27e759e4@group-9696F0872FC0, cid=634, SUCCESS, logIndex=1114, commits[325d518f-bf0d-428a-814f-266b27e759e4:c1114]
2019-06-15 10:52:59,370 INFO  client.GrpcClientProtocolClient (GrpcClientProtocolClient.java:onNext(254)) - client-09EBABE1B9AF->325d518f-bf0d-428a-814f-266b27e759e4: receive RaftClientReply:client-09EBABE1B9AF->325d518f-bf0d-428a-814f-266b27e759e4@group-9696F0872FC0, cid=635, SUCCESS, logIndex=1115, commits[325d518f-bf0d-428a-814f-266b27e759e4:c1116]
2019-06-15 10:52:59,370 INFO  client.GrpcClientProtocolClient (GrpcClientProtocolClient.java:onNext(254)) - client-09EBABE1B9AF->325d518f-bf0d-428a-814f-266b27e759e4: receive RaftClientReply:client-09EBABE1B9AF->325d518f-bf0d-428a-814f-266b27e759e4@group-9696F0872FC0, cid=636, SUCCESS, logIndex=1116, commits[325d518f-bf0d-428a-814f-266b27e759e4:c1116]
2019-06-15 10:52:59,378 INFO  client.GrpcClientProtocolClient (GrpcClientProtocolClient.java:onNext(254)) - client-09EBABE1B9AF->325d518f-bf0d-428a-814f-266b27e759e4: receive RaftClientReply:client-09EBABE1B9AF->325d518f-bf0d-428a-814f-266b27e759e4@group-9696F0872FC0, cid=637, SUCCESS, logIndex=1119, commits[325d518f-bf0d-428a-814f-266b27e759e4:c1119]
2019-06-15 10:52:59,381 INFO  client.GrpcClientProtocolClient (GrpcClientProtocolClient.java:onNext(254)) - client-09EBABE1B9AF->325d518f-bf0d-428a-814f-266b27e759e4: receive RaftClientReply:client-09EBABE1B9AF->325d518f-bf0d-428a-814f-266b27e759e4@group-9696F0872FC0, cid=638, SUCCESS, logIndex=1121, commits[325d518f-bf0d-428a-814f-266b27e759e4:c1121]
2019-06-15 10:52:59,389 INFO  client.GrpcClientProtocolClient (GrpcClientProtocolClient.java:onNext(254)) - client-09EBABE1B9AF->325d518f-bf0d-428a-814f-266b27e759e4: receive RaftClientReply:client-09EBABE1B9AF->325d518f-bf0d-428a-814f-266b27e759e4@group-9696F0872FC0, cid=639, SUCCESS, logIndex=1123, commits[325d518f-bf0d-428a-814f-266b27e759e4:c1124]
2019-06-15 10:52:59,390 INFO  client.GrpcClientProtocolClient (GrpcClientProtocolClient.java:onNext(254)) - client-09EBABE1B9AF->325d518f-bf0d-428a-814f-266b27e759e4: receive RaftClientReply:client-09EBABE1B9AF->325d518f-bf0d-428a-814f-266b27e759e4@group-9696F0872FC0, cid=640, SUCCESS, logIndex=1124, commits[325d518f-bf0d-428a-814f-266b27e759e4:c1125]
2019-06-15 10:52:59,404 INFO  client.GrpcClientProtocolClient (GrpcClientProtocolClient.java:onNext(254)) - client-09EBABE1B9AF->325d518f-bf0d-428a-814f-266b27e759e4: receive RaftClientReply:client-09EBABE1B9AF->325d518f-bf0d-428a-814f-266b27e759e4@group-9696F0872FC0, cid=641, SUCCESS, logIndex=1126, commits[325d518f-bf0d-428a-814f-266b27e759e4:c1126]
2019-06-15 10:52:59,404 INFO  storage.RaftLogWorker (RaftLogWorker.java:rollLogSegment(303)) - 325d518f-bf0d-428a-814f-266b27e759e4-RaftLogWorker: Rolling segment log-1053_1128 to index:1128
2019-06-15 10:52:59,404 DEBUG block.SCMBlockDeletingService (SCMBlockDeletingService.java:call(138)) - Running DeletedBlockTransactionScanner
2019-06-15 10:52:59,405 DEBUG block.SCMBlockDeletingService (SCMBlockDeletingService.java:call(155)) - Scanned deleted blocks log and got 0 delTX to process.
2019-06-15 10:52:59,405 INFO  storage.RaftLogWorker (RaftLogWorker.java:execute(433)) - 325d518f-bf0d-428a-814f-266b27e759e4-RaftLogWorker: Rolled log segment from /opt/src/hadoop-ozone/integration-test/target/test-dir/MiniOzoneClusterImpl-dd99cefe-9779-4043-9d74-181b69d2a827/datanode-0/data/ratis/e0f1d9ef-e225-4b24-a786-9696f0872fc0/current/log_inprogress_1053 to /opt/src/hadoop-ozone/integration-test/target/test-dir/MiniOzoneClusterImpl-dd99cefe-9779-4043-9d74-181b69d2a827/datanode-0/data/ratis/e0f1d9ef-e225-4b24-a786-9696f0872fc0/current/log_1053-1128
2019-06-15 10:52:59,407 INFO  client.GrpcClientProtocolClient (GrpcClientProtocolClient.java:onNext(254)) - client-09EBABE1B9AF->325d518f-bf0d-428a-814f-266b27e759e4: receive RaftClientReply:client-09EBABE1B9AF->325d518f-bf0d-428a-814f-266b27e759e4@group-9696F0872FC0, cid=642, SUCCESS, logIndex=1128, commits[325d518f-bf0d-428a-814f-266b27e759e4:c1128]
2019-06-15 10:52:59,440 INFO  storage.RaftLogWorker (RaftLogWorker.java:execute(469)) - 325d518f-bf0d-428a-814f-266b27e759e4-RaftLogWorker: created new log segment /opt/src/hadoop-ozone/integration-test/target/test-dir/MiniOzoneClusterImpl-dd99cefe-9779-4043-9d74-181b69d2a827/datanode-0/data/ratis/e0f1d9ef-e225-4b24-a786-9696f0872fc0/current/log_inprogress_1129
2019-06-15 10:52:59,443 INFO  client.GrpcClientProtocolClient (GrpcClientProtocolClient.java:onNext(254)) - client-09EBABE1B9AF->325d518f-bf0d-428a-814f-266b27e759e4: receive RaftClientReply:client-09EBABE1B9AF->325d518f-bf0d-428a-814f-266b27e759e4@group-9696F0872FC0, cid=643, SUCCESS, logIndex=1129, commits[325d518f-bf0d-428a-814f-266b27e759e4:c1131]
2019-06-15 10:52:59,444 INFO  client.GrpcClientProtocolClient (GrpcClientProtocolClient.java:onNext(254)) - client-09EBABE1B9AF->325d518f-bf0d-428a-814f-266b27e759e4: receive RaftClientReply:client-09EBABE1B9AF->325d518f-bf0d-428a-814f-266b27e759e4@group-9696F0872FC0, cid=644, SUCCESS, logIndex=1130, commits[325d518f-bf0d-428a-814f-266b27e759e4:c1131]
2019-06-15 10:52:59,450 INFO  client.GrpcClientProtocolClient (GrpcClientProtocolClient.java:onNext(254)) - client-09EBABE1B9AF->325d518f-bf0d-428a-814f-266b27e759e4: receive RaftClientReply:client-09EBABE1B9AF->325d518f-bf0d-428a-814f-266b27e759e4@group-9696F0872FC0, cid=645, SUCCESS, logIndex=1132, commits[325d518f-bf0d-428a-814f-266b27e759e4:c1132]
2019-06-15 10:52:59,452 INFO  client.GrpcClientProtocolClient (GrpcClientProtocolClient.java:onNext(254)) - client-09EBABE1B9AF->325d518f-bf0d-428a-814f-266b27e759e4: receive RaftClientReply:client-09EBABE1B9AF->325d518f-bf0d-428a-814f-266b27e759e4@group-9696F0872FC0, cid=646, SUCCESS, logIndex=1134, commits[325d518f-bf0d-428a-814f-266b27e759e4:c1134]
2019-06-15 10:52:59,453 INFO  client.GrpcClientProtocolClient (GrpcClientProtocolClient.java:onNext(254)) - client-09EBABE1B9AF->325d518f-bf0d-428a-814f-266b27e759e4: receive RaftClientReply:client-09EBABE1B9AF->325d518f-bf0d-428a-814f-266b27e759e4@group-9696F0872FC0, cid=647, SUCCESS, logIndex=1135, commits[325d518f-bf0d-428a-814f-266b27e759e4:c1137]
2019-06-15 10:52:59,454 INFO  client.GrpcClientProtocolClient (GrpcClientProtocolClient.java:onNext(254)) - client-09EBABE1B9AF->325d518f-bf0d-428a-814f-266b27e759e4: receive RaftClientReply:client-09EBABE1B9AF->325d518f-bf0d-428a-814f-266b27e759e4@group-9696F0872FC0, cid=648, SUCCESS, logIndex=1137, commits[325d518f-bf0d-428a-814f-266b27e759e4:c1137]
2019-06-15 10:52:59,463 INFO  client.GrpcClientProtocolClient (GrpcClientProtocolClient.java:onNext(254)) - client-09EBABE1B9AF->325d518f-bf0d-428a-814f-266b27e759e4: receive RaftClientReply:client-09EBABE1B9AF->325d518f-bf0d-428a-814f-266b27e759e4@group-9696F0872FC0, cid=649, SUCCESS, logIndex=1139, commits[325d518f-bf0d-428a-814f-266b27e759e4:c1139]
2019-06-15 10:52:59,466 INFO  client.GrpcClientProtocolClient (GrpcClientProtocolClient.java:onNext(254)) - client-09EBABE1B9AF->325d518f-bf0d-428a-814f-266b27e759e4: receive RaftClientReply:client-09EBABE1B9AF->325d518f-bf0d-428a-814f-266b27e759e4@group-9696F0872FC0, cid=650, SUCCESS, logIndex=1141, commits[325d518f-bf0d-428a-814f-266b27e759e4:c1141]
2019-06-15 10:52:59,467 INFO  client.GrpcClientProtocolClient (GrpcClientProtocolClient.java:onNext(254)) - client-09EBABE1B9AF->325d518f-bf0d-428a-814f-266b27e759e4: receive RaftClientReply:client-09EBABE1B9AF->325d518f-bf0d-428a-814f-266b27e759e4@group-9696F0872FC0, cid=651, SUCCESS, logIndex=1142, commits[325d518f-bf0d-428a-814f-266b27e759e4:c1143]
2019-06-15 10:52:59,467 INFO  client.GrpcClientProtocolClient (GrpcClientProtocolClient.java:onNext(254)) - client-09EBABE1B9AF->325d518f-bf0d-428a-814f-266b27e759e4: receive RaftClientReply:client-09EBABE1B9AF->325d518f-bf0d-428a-814f-266b27e759e4@group-9696F0872FC0, cid=652, SUCCESS, logIndex=1143, commits[325d518f-bf0d-428a-814f-266b27e759e4:c1144]
2019-06-15 10:52:59,474 INFO  client.GrpcClientProtocolClient (GrpcClientProtocolClient.java:onNext(254)) - client-09EBABE1B9AF->325d518f-bf0d-428a-814f-266b27e759e4: receive RaftClientReply:client-09EBABE1B9AF->325d518f-bf0d-428a-814f-266b27e759e4@group-9696F0872FC0, cid=653, SUCCESS, logIndex=1146, commits[325d518f-bf0d-428a-814f-266b27e759e4:c1146]
2019-06-15 10:52:59,475 INFO  client.GrpcClientProtocolClient (GrpcClientProtocolClient.java:onNext(254)) - client-09EBABE1B9AF->325d518f-bf0d-428a-814f-266b27e759e4: receive RaftClientReply:client-09EBABE1B9AF->325d518f-bf0d-428a-814f-266b27e759e4@group-9696F0872FC0, cid=654, SUCCESS, logIndex=1148, commits[325d518f-bf0d-428a-814f-266b27e759e4:c1148]
2019-06-15 10:52:59,478 INFO  client.GrpcClientProtocolClient (GrpcClientProtocolClient.java:onNext(254)) - client-09EBABE1B9AF->325d518f-bf0d-428a-814f-266b27e759e4: receive RaftClientReply:client-09EBABE1B9AF->325d518f-bf0d-428a-814f-266b27e759e4@group-9696F0872FC0, cid=655, SUCCESS, logIndex=1150, commits[325d518f-bf0d-428a-814f-266b27e759e4:c1151]
2019-06-15 10:52:59,478 INFO  client.GrpcClientProtocolClient (GrpcClientProtocolClient.java:onNext(254)) - client-09EBABE1B9AF->325d518f-bf0d-428a-814f-266b27e759e4: receive RaftClientReply:client-09EBABE1B9AF->325d518f-bf0d-428a-814f-266b27e759e4@group-9696F0872FC0, cid=656, SUCCESS, logIndex=1151, commits[325d518f-bf0d-428a-814f-266b27e759e4:c1151]
2019-06-15 10:52:59,488 INFO  client.GrpcClientProtocolClient (GrpcClientProtocolClient.java:onNext(254)) - client-09EBABE1B9AF->325d518f-bf0d-428a-814f-266b27e759e4: receive RaftClientReply:client-09EBABE1B9AF->325d518f-bf0d-428a-814f-266b27e759e4@group-9696F0872FC0, cid=657, SUCCESS, logIndex=1153, commits[325d518f-bf0d-428a-814f-266b27e759e4:c1153]
2019-06-15 10:52:59,490 INFO  client.GrpcClientProtocolClient (GrpcClientProtocolClient.java:onNext(254)) - client-09EBABE1B9AF->325d518f-bf0d-428a-814f-266b27e759e4: receive RaftClientReply:client-09EBABE1B9AF->325d518f-bf0d-428a-814f-266b27e759e4@group-9696F0872FC0, cid=658, SUCCESS, logIndex=1155, commits[325d518f-bf0d-428a-814f-266b27e759e4:c1155]
2019-06-15 10:52:59,491 INFO  client.GrpcClientProtocolClient (GrpcClientProtocolClient.java:onNext(254)) - client-09EBABE1B9AF->325d518f-bf0d-428a-814f-266b27e759e4: receive RaftClientReply:client-09EBABE1B9AF->325d518f-bf0d-428a-814f-266b27e759e4@group-9696F0872FC0, cid=659, SUCCESS, logIndex=1156, commits[325d518f-bf0d-428a-814f-266b27e759e4:c1158]
2019-06-15 10:52:59,491 INFO  client.GrpcClientProtocolClient (GrpcClientProtocolClient.java:onNext(254)) - client-09EBABE1B9AF->325d518f-bf0d-428a-814f-266b27e759e4: receive RaftClientReply:client-09EBABE1B9AF->325d518f-bf0d-428a-814f-266b27e759e4@group-9696F0872FC0, cid=660, SUCCESS, logIndex=1157, commits[325d518f-bf0d-428a-814f-266b27e759e4:c1158]
2019-06-15 10:52:59,531 DEBUG block.SCMBlockDeletingService (SCMBlockDeletingService.java:call(138)) - Running DeletedBlockTransactionScanner
2019-06-15 10:52:59,531 DEBUG block.SCMBlockDeletingService (SCMBlockDeletingService.java:call(155)) - Scanned deleted blocks log and got 0 delTX to process.
2019-06-15 10:52:59,538 INFO  client.GrpcClientProtocolClient (GrpcClientProtocolClient.java:onNext(254)) - client-09EBABE1B9AF->325d518f-bf0d-428a-814f-266b27e759e4: receive RaftClientReply:client-09EBABE1B9AF->325d518f-bf0d-428a-814f-266b27e759e4@group-9696F0872FC0, cid=661, SUCCESS, logIndex=1159, commits[325d518f-bf0d-428a-814f-266b27e759e4:c1159]
2019-06-15 10:52:59,540 INFO  client.GrpcClientProtocolClient (GrpcClientProtocolClient.java:onNext(254)) - client-09EBABE1B9AF->325d518f-bf0d-428a-814f-266b27e759e4: receive RaftClientReply:client-09EBABE1B9AF->325d518f-bf0d-428a-814f-266b27e759e4@group-9696F0872FC0, cid=662, SUCCESS, logIndex=1161, commits[325d518f-bf0d-428a-814f-266b27e759e4:c1161]
2019-06-15 10:52:59,618 INFO  client.GrpcClientProtocolClient (GrpcClientProtocolClient.java:onNext(254)) - client-09EBABE1B9AF->325d518f-bf0d-428a-814f-266b27e759e4: receive RaftClientReply:client-09EBABE1B9AF->325d518f-bf0d-428a-814f-266b27e759e4@group-9696F0872FC0, cid=663, SUCCESS, logIndex=1163, commits[325d518f-bf0d-428a-814f-266b27e759e4:c1163]
2019-06-15 10:52:59,619 INFO  client.GrpcClientProtocolClient (GrpcClientProtocolClient.java:onNext(254)) - client-09EBABE1B9AF->325d518f-bf0d-428a-814f-266b27e759e4: receive RaftClientReply:client-09EBABE1B9AF->325d518f-bf0d-428a-814f-266b27e759e4@group-9696F0872FC0, cid=664, SUCCESS, logIndex=1165, commits[325d518f-bf0d-428a-814f-266b27e759e4:c1165]
2019-06-15 10:52:59,629 INFO  client.GrpcClientProtocolClient (GrpcClientProtocolClient.java:onNext(254)) - client-09EBABE1B9AF->325d518f-bf0d-428a-814f-266b27e759e4: receive RaftClientReply:client-09EBABE1B9AF->325d518f-bf0d-428a-814f-266b27e759e4@group-9696F0872FC0, cid=665, SUCCESS, logIndex=1167, commits[325d518f-bf0d-428a-814f-266b27e759e4:c1167]
2019-06-15 10:52:59,631 INFO  client.GrpcClientProtocolClient (GrpcClientProtocolClient.java:onNext(254)) - client-09EBABE1B9AF->325d518f-bf0d-428a-814f-266b27e759e4: receive RaftClientReply:client-09EBABE1B9AF->325d518f-bf0d-428a-814f-266b27e759e4@group-9696F0872FC0, cid=666, SUCCESS, logIndex=1169, commits[325d518f-bf0d-428a-814f-266b27e759e4:c1169]
2019-06-15 10:52:59,633 DEBUG block.SCMBlockDeletingService (SCMBlockDeletingService.java:call(138)) - Running DeletedBlockTransactionScanner
2019-06-15 10:52:59,633 DEBUG block.SCMBlockDeletingService (SCMBlockDeletingService.java:call(155)) - Scanned deleted blocks log and got 0 delTX to process.
2019-06-15 10:52:59,634 INFO  client.GrpcClientProtocolClient (GrpcClientProtocolClient.java:onNext(254)) - client-09EBABE1B9AF->325d518f-bf0d-428a-814f-266b27e759e4: receive RaftClientReply:client-09EBABE1B9AF->325d518f-bf0d-428a-814f-266b27e759e4@group-9696F0872FC0, cid=667, SUCCESS, logIndex=1170, commits[325d518f-bf0d-428a-814f-266b27e759e4:c1172]
2019-06-15 10:52:59,634 INFO  client.GrpcClientProtocolClient (GrpcClientProtocolClient.java:onNext(254)) - client-09EBABE1B9AF->325d518f-bf0d-428a-814f-266b27e759e4: receive RaftClientReply:client-09EBABE1B9AF->325d518f-bf0d-428a-814f-266b27e759e4@group-9696F0872FC0, cid=668, SUCCESS, logIndex=1171, commits[325d518f-bf0d-428a-814f-266b27e759e4:c1172]
2019-06-15 10:52:59,641 INFO  client.GrpcClientProtocolClient (GrpcClientProtocolClient.java:onNext(254)) - client-09EBABE1B9AF->325d518f-bf0d-428a-814f-266b27e759e4: receive RaftClientReply:client-09EBABE1B9AF->325d518f-bf0d-428a-814f-266b27e759e4@group-9696F0872FC0, cid=669, SUCCESS, logIndex=1173, commits[325d518f-bf0d-428a-814f-266b27e759e4:c1173]
2019-06-15 10:52:59,643 INFO  client.GrpcClientProtocolClient (GrpcClientProtocolClient.java:onNext(254)) - client-09EBABE1B9AF->325d518f-bf0d-428a-814f-266b27e759e4: receive RaftClientReply:client-09EBABE1B9AF->325d518f-bf0d-428a-814f-266b27e759e4@group-9696F0872FC0, cid=670, SUCCESS, logIndex=1175, commits[325d518f-bf0d-428a-814f-266b27e759e4:c1175]
2019-06-15 10:52:59,644 INFO  client.GrpcClientProtocolClient (GrpcClientProtocolClient.java:onNext(254)) - client-09EBABE1B9AF->325d518f-bf0d-428a-814f-266b27e759e4: receive RaftClientReply:client-09EBABE1B9AF->325d518f-bf0d-428a-814f-266b27e759e4@group-9696F0872FC0, cid=671, SUCCESS, logIndex=1176, commits[325d518f-bf0d-428a-814f-266b27e759e4:c1178]
2019-06-15 10:52:59,645 INFO  client.GrpcClientProtocolClient (GrpcClientProtocolClient.java:onNext(254)) - client-09EBABE1B9AF->325d518f-bf0d-428a-814f-266b27e759e4: receive RaftClientReply:client-09EBABE1B9AF->325d518f-bf0d-428a-814f-266b27e759e4@group-9696F0872FC0, cid=672, SUCCESS, logIndex=1178, commits[325d518f-bf0d-428a-814f-266b27e759e4:c1178]
2019-06-15 10:52:59,656 INFO  client.GrpcClientProtocolClient (GrpcClientProtocolClient.java:onNext(254)) - client-09EBABE1B9AF->325d518f-bf0d-428a-814f-266b27e759e4: receive RaftClientReply:client-09EBABE1B9AF->325d518f-bf0d-428a-814f-266b27e759e4@group-9696F0872FC0, cid=673, SUCCESS, logIndex=1180, commits[325d518f-bf0d-428a-814f-266b27e759e4:c1180]
2019-06-15 10:52:59,657 INFO  client.GrpcClientProtocolClient (GrpcClientProtocolClient.java:onNext(254)) - client-09EBABE1B9AF->325d518f-bf0d-428a-814f-266b27e759e4: receive RaftClientReply:client-09EBABE1B9AF->325d518f-bf0d-428a-814f-266b27e759e4@group-9696F0872FC0, cid=674, SUCCESS, logIndex=1182, commits[325d518f-bf0d-428a-814f-266b27e759e4:c1182]
2019-06-15 10:52:59,659 INFO  client.GrpcClientProtocolClient (GrpcClientProtocolClient.java:onNext(254)) - client-09EBABE1B9AF->325d518f-bf0d-428a-814f-266b27e759e4: receive RaftClientReply:client-09EBABE1B9AF->325d518f-bf0d-428a-814f-266b27e759e4@group-9696F0872FC0, cid=675, SUCCESS, logIndex=1183, commits[325d518f-bf0d-428a-814f-266b27e759e4:c1185]
2019-06-15 10:52:59,659 INFO  client.GrpcClientProtocolClient (GrpcClientProtocolClient.java:onNext(254)) - client-09EBABE1B9AF->325d518f-bf0d-428a-814f-266b27e759e4: receive RaftClientReply:client-09EBABE1B9AF->325d518f-bf0d-428a-814f-266b27e759e4@group-9696F0872FC0, cid=676, SUCCESS, logIndex=1185, commits[325d518f-bf0d-428a-814f-266b27e759e4:c1185]
2019-06-15 10:52:59,665 INFO  client.GrpcClientProtocolClient (GrpcClientProtocolClient.java:onNext(254)) - client-09EBABE1B9AF->325d518f-bf0d-428a-814f-266b27e759e4: receive RaftClientReply:client-09EBABE1B9AF->325d518f-bf0d-428a-814f-266b27e759e4@group-9696F0872FC0, cid=677, SUCCESS, logIndex=1187, commits[325d518f-bf0d-428a-814f-266b27e759e4:c1187]
2019-06-15 10:52:59,669 INFO  client.GrpcClientProtocolClient (GrpcClientProtocolClient.java:onNext(254)) - client-09EBABE1B9AF->325d518f-bf0d-428a-814f-266b27e759e4: receive RaftClientReply:client-09EBABE1B9AF->325d518f-bf0d-428a-814f-266b27e759e4@group-9696F0872FC0, cid=678, SUCCESS, logIndex=1189, commits[325d518f-bf0d-428a-814f-266b27e759e4:c1189]
2019-06-15 10:52:59,670 INFO  client.GrpcClientProtocolClient (GrpcClientProtocolClient.java:onNext(254)) - client-09EBABE1B9AF->325d518f-bf0d-428a-814f-266b27e759e4: receive RaftClientReply:client-09EBABE1B9AF->325d518f-bf0d-428a-814f-266b27e759e4@group-9696F0872FC0, cid=679, SUCCESS, logIndex=1190, commits[325d518f-bf0d-428a-814f-266b27e759e4:c1192]
2019-06-15 10:52:59,670 INFO  client.GrpcClientProtocolClient (GrpcClientProtocolClient.java:onNext(254)) - client-09EBABE1B9AF->325d518f-bf0d-428a-814f-266b27e759e4: receive RaftClientReply:client-09EBABE1B9AF->325d518f-bf0d-428a-814f-266b27e759e4@group-9696F0872FC0, cid=680, SUCCESS, logIndex=1191, commits[325d518f-bf0d-428a-814f-266b27e759e4:c1192]
2019-06-15 10:52:59,682 INFO  client.GrpcClientProtocolClient (GrpcClientProtocolClient.java:onNext(254)) - client-09EBABE1B9AF->325d518f-bf0d-428a-814f-266b27e759e4: receive RaftClientReply:client-09EBABE1B9AF->325d518f-bf0d-428a-814f-266b27e759e4@group-9696F0872FC0, cid=681, SUCCESS, logIndex=1193, commits[325d518f-bf0d-428a-814f-266b27e759e4:c1193]
2019-06-15 10:52:59,686 INFO  client.GrpcClientProtocolClient (GrpcClientProtocolClient.java:onNext(254)) - client-09EBABE1B9AF->325d518f-bf0d-428a-814f-266b27e759e4: receive RaftClientReply:client-09EBABE1B9AF->325d518f-bf0d-428a-814f-266b27e759e4@group-9696F0872FC0, cid=682, SUCCESS, logIndex=1195, commits[325d518f-bf0d-428a-814f-266b27e759e4:c1195]
2019-06-15 10:52:59,686 INFO  client.GrpcClientProtocolClient (GrpcClientProtocolClient.java:onNext(254)) - client-09EBABE1B9AF->325d518f-bf0d-428a-814f-266b27e759e4: receive RaftClientReply:client-09EBABE1B9AF->325d518f-bf0d-428a-814f-266b27e759e4@group-9696F0872FC0, cid=683, SUCCESS, logIndex=1196, commits[325d518f-bf0d-428a-814f-266b27e759e4:c1197]
2019-06-15 10:52:59,687 INFO  client.GrpcClientProtocolClient (GrpcClientProtocolClient.java:onNext(254)) - client-09EBABE1B9AF->325d518f-bf0d-428a-814f-266b27e759e4: receive RaftClientReply:client-09EBABE1B9AF->325d518f-bf0d-428a-814f-266b27e759e4@group-9696F0872FC0, cid=684, SUCCESS, logIndex=1197, commits[325d518f-bf0d-428a-814f-266b27e759e4:c1197]
2019-06-15 10:52:59,693 INFO  client.GrpcClientProtocolClient (GrpcClientProtocolClient.java:onNext(254)) - client-09EBABE1B9AF->325d518f-bf0d-428a-814f-266b27e759e4: receive RaftClientReply:client-09EBABE1B9AF->325d518f-bf0d-428a-814f-266b27e759e4@group-9696F0872FC0, cid=685, SUCCESS, logIndex=1200, commits[325d518f-bf0d-428a-814f-266b27e759e4:c1200]
2019-06-15 10:52:59,693 INFO  storage.RaftLogWorker (RaftLogWorker.java:rollLogSegment(303)) - 325d518f-bf0d-428a-814f-266b27e759e4-RaftLogWorker: Rolling segment log-1129_1201 to index:1201
2019-06-15 10:52:59,694 INFO  storage.RaftLogWorker (RaftLogWorker.java:execute(433)) - 325d518f-bf0d-428a-814f-266b27e759e4-RaftLogWorker: Rolled log segment from /opt/src/hadoop-ozone/integration-test/target/test-dir/MiniOzoneClusterImpl-dd99cefe-9779-4043-9d74-181b69d2a827/datanode-0/data/ratis/e0f1d9ef-e225-4b24-a786-9696f0872fc0/current/log_inprogress_1129 to /opt/src/hadoop-ozone/integration-test/target/test-dir/MiniOzoneClusterImpl-dd99cefe-9779-4043-9d74-181b69d2a827/datanode-0/data/ratis/e0f1d9ef-e225-4b24-a786-9696f0872fc0/current/log_1129-1201
2019-06-15 10:52:59,734 DEBUG block.SCMBlockDeletingService (SCMBlockDeletingService.java:call(138)) - Running DeletedBlockTransactionScanner
2019-06-15 10:52:59,734 DEBUG block.SCMBlockDeletingService (SCMBlockDeletingService.java:call(155)) - Scanned deleted blocks log and got 0 delTX to process.
2019-06-15 10:52:59,735 INFO  storage.RaftLogWorker (RaftLogWorker.java:execute(469)) - 325d518f-bf0d-428a-814f-266b27e759e4-RaftLogWorker: created new log segment /opt/src/hadoop-ozone/integration-test/target/test-dir/MiniOzoneClusterImpl-dd99cefe-9779-4043-9d74-181b69d2a827/datanode-0/data/ratis/e0f1d9ef-e225-4b24-a786-9696f0872fc0/current/log_inprogress_1202
2019-06-15 10:52:59,738 INFO  client.GrpcClientProtocolClient (GrpcClientProtocolClient.java:onNext(254)) - client-09EBABE1B9AF->325d518f-bf0d-428a-814f-266b27e759e4: receive RaftClientReply:client-09EBABE1B9AF->325d518f-bf0d-428a-814f-266b27e759e4@group-9696F0872FC0, cid=686, SUCCESS, logIndex=1202, commits[325d518f-bf0d-428a-814f-266b27e759e4:c1203]
2019-06-15 10:52:59,738 INFO  client.GrpcClientProtocolClient (GrpcClientProtocolClient.java:onNext(254)) - client-09EBABE1B9AF->325d518f-bf0d-428a-814f-266b27e759e4: receive RaftClientReply:client-09EBABE1B9AF->325d518f-bf0d-428a-814f-266b27e759e4@group-9696F0872FC0, cid=687, SUCCESS, logIndex=1203, commits[325d518f-bf0d-428a-814f-266b27e759e4:c1204]
2019-06-15 10:52:59,740 INFO  client.GrpcClientProtocolClient (GrpcClientProtocolClient.java:onNext(254)) - client-09EBABE1B9AF->325d518f-bf0d-428a-814f-266b27e759e4: receive RaftClientReply:client-09EBABE1B9AF->325d518f-bf0d-428a-814f-266b27e759e4@group-9696F0872FC0, cid=688, SUCCESS, logIndex=1205, commits[325d518f-bf0d-428a-814f-266b27e759e4:c1205]
2019-06-15 10:52:59,752 INFO  client.GrpcClientProtocolClient (GrpcClientProtocolClient.java:onNext(254)) - client-09EBABE1B9AF->325d518f-bf0d-428a-814f-266b27e759e4: receive RaftClientReply:client-09EBABE1B9AF->325d518f-bf0d-428a-814f-266b27e759e4@group-9696F0872FC0, cid=689, SUCCESS, logIndex=1207, commits[325d518f-bf0d-428a-814f-266b27e759e4:c1207]
2019-06-15 10:52:59,754 INFO  client.GrpcClientProtocolClient (GrpcClientProtocolClient.java:onNext(254)) - client-09EBABE1B9AF->325d518f-bf0d-428a-814f-266b27e759e4: receive RaftClientReply:client-09EBABE1B9AF->325d518f-bf0d-428a-814f-266b27e759e4@group-9696F0872FC0, cid=690, SUCCESS, logIndex=1209, commits[325d518f-bf0d-428a-814f-266b27e759e4:c1209]
2019-06-15 10:52:59,755 INFO  client.GrpcClientProtocolClient (GrpcClientProtocolClient.java:onNext(254)) - client-09EBABE1B9AF->325d518f-bf0d-428a-814f-266b27e759e4: receive RaftClientReply:client-09EBABE1B9AF->325d518f-bf0d-428a-814f-266b27e759e4@group-9696F0872FC0, cid=691, SUCCESS, logIndex=1210, commits[325d518f-bf0d-428a-814f-266b27e759e4:c1212]
2019-06-15 10:52:59,756 INFO  client.GrpcClientProtocolClient (GrpcClientProtocolClient.java:onNext(254)) - client-09EBABE1B9AF->325d518f-bf0d-428a-814f-266b27e759e4: receive RaftClientReply:client-09EBABE1B9AF->325d518f-bf0d-428a-814f-266b27e759e4@group-9696F0872FC0, cid=692, SUCCESS, logIndex=1212, commits[325d518f-bf0d-428a-814f-266b27e759e4:c1213]
2019-06-15 10:52:59,762 INFO  client.GrpcClientProtocolClient (GrpcClientProtocolClient.java:onNext(254)) - client-09EBABE1B9AF->325d518f-bf0d-428a-814f-266b27e759e4: receive RaftClientReply:client-09EBABE1B9AF->325d518f-bf0d-428a-814f-266b27e759e4@group-9696F0872FC0, cid=693, SUCCESS, logIndex=1214, commits[325d518f-bf0d-428a-814f-266b27e759e4:c1214]
2019-06-15 10:52:59,764 INFO  client.GrpcClientProtocolClient (GrpcClientProtocolClient.java:onNext(254)) - client-09EBABE1B9AF->325d518f-bf0d-428a-814f-266b27e759e4: receive RaftClientReply:client-09EBABE1B9AF->325d518f-bf0d-428a-814f-266b27e759e4@group-9696F0872FC0, cid=694, SUCCESS, logIndex=1216, commits[325d518f-bf0d-428a-814f-266b27e759e4:c1216]
2019-06-15 10:52:59,765 INFO  client.GrpcClientProtocolClient (GrpcClientProtocolClient.java:onNext(254)) - client-09EBABE1B9AF->325d518f-bf0d-428a-814f-266b27e759e4: receive RaftClientReply:client-09EBABE1B9AF->325d518f-bf0d-428a-814f-266b27e759e4@group-9696F0872FC0, cid=695, SUCCESS, logIndex=1217, commits[325d518f-bf0d-428a-814f-266b27e759e4:c1218]
2019-06-15 10:52:59,765 INFO  client.GrpcClientProtocolClient (GrpcClientProtocolClient.java:onNext(254)) - client-09EBABE1B9AF->325d518f-bf0d-428a-814f-266b27e759e4: receive RaftClientReply:client-09EBABE1B9AF->325d518f-bf0d-428a-814f-266b27e759e4@group-9696F0872FC0, cid=696, SUCCESS, logIndex=1218, commits[325d518f-bf0d-428a-814f-266b27e759e4:c1219]
2019-06-15 10:52:59,775 INFO  client.GrpcClientProtocolClient (GrpcClientProtocolClient.java:onNext(254)) - client-09EBABE1B9AF->325d518f-bf0d-428a-814f-266b27e759e4: receive RaftClientReply:client-09EBABE1B9AF->325d518f-bf0d-428a-814f-266b27e759e4@group-9696F0872FC0, cid=697, SUCCESS, logIndex=1221, commits[325d518f-bf0d-428a-814f-266b27e759e4:c1221]
2019-06-15 10:52:59,778 INFO  client.GrpcClientProtocolClient (GrpcClientProtocolClient.java:onNext(254)) - client-09EBABE1B9AF->325d518f-bf0d-428a-814f-266b27e759e4: receive RaftClientReply:client-09EBABE1B9AF->325d518f-bf0d-428a-814f-266b27e759e4@group-9696F0872FC0, cid=698, SUCCESS, logIndex=1223, commits[325d518f-bf0d-428a-814f-266b27e759e4:c1223]
2019-06-15 10:52:59,781 INFO  client.GrpcClientProtocolClient (GrpcClientProtocolClient.java:onNext(254)) - client-09EBABE1B9AF->325d518f-bf0d-428a-814f-266b27e759e4: receive RaftClientReply:client-09EBABE1B9AF->325d518f-bf0d-428a-814f-266b27e759e4@group-9696F0872FC0, cid=699, SUCCESS, logIndex=1225, commits[325d518f-bf0d-428a-814f-266b27e759e4:c1225]
2019-06-15 10:52:59,782 INFO  client.GrpcClientProtocolClient (GrpcClientProtocolClient.java:onNext(254)) - client-09EBABE1B9AF->325d518f-bf0d-428a-814f-266b27e759e4: receive RaftClientReply:client-09EBABE1B9AF->325d518f-bf0d-428a-814f-266b27e759e4@group-9696F0872FC0, cid=700, SUCCESS, logIndex=1226, commits[325d518f-bf0d-428a-814f-266b27e759e4:c1226]
2019-06-15 10:52:59,789 INFO  client.GrpcClientProtocolClient (GrpcClientProtocolClient.java:onNext(254)) - client-09EBABE1B9AF->325d518f-bf0d-428a-814f-266b27e759e4: receive RaftClientReply:client-09EBABE1B9AF->325d518f-bf0d-428a-814f-266b27e759e4@group-9696F0872FC0, cid=701, SUCCESS, logIndex=1229, commits[325d518f-bf0d-428a-814f-266b27e759e4:c1229]
2019-06-15 10:52:59,791 INFO  client.GrpcClientProtocolClient (GrpcClientProtocolClient.java:onNext(254)) - client-09EBABE1B9AF->325d518f-bf0d-428a-814f-266b27e759e4: receive RaftClientReply:client-09EBABE1B9AF->325d518f-bf0d-428a-814f-266b27e759e4@group-9696F0872FC0, cid=702, SUCCESS, logIndex=1231, commits[325d518f-bf0d-428a-814f-266b27e759e4:c1231]
2019-06-15 10:52:59,792 INFO  client.GrpcClientProtocolClient (GrpcClientProtocolClient.java:onNext(254)) - client-09EBABE1B9AF->325d518f-bf0d-428a-814f-266b27e759e4: receive RaftClientReply:client-09EBABE1B9AF->325d518f-bf0d-428a-814f-266b27e759e4@group-9696F0872FC0, cid=703, SUCCESS, logIndex=1232, commits[325d518f-bf0d-428a-814f-266b27e759e4:c1234]
2019-06-15 10:52:59,793 INFO  client.GrpcClientProtocolClient (GrpcClientProtocolClient.java:onNext(254)) - client-09EBABE1B9AF->325d518f-bf0d-428a-814f-266b27e759e4: receive RaftClientReply:client-09EBABE1B9AF->325d518f-bf0d-428a-814f-266b27e759e4@group-9696F0872FC0, cid=704, SUCCESS, logIndex=1233, commits[325d518f-bf0d-428a-814f-266b27e759e4:c1234]
2019-06-15 10:52:59,803 INFO  client.GrpcClientProtocolClient (GrpcClientProtocolClient.java:onNext(254)) - client-09EBABE1B9AF->325d518f-bf0d-428a-814f-266b27e759e4: receive RaftClientReply:client-09EBABE1B9AF->325d518f-bf0d-428a-814f-266b27e759e4@group-9696F0872FC0, cid=705, SUCCESS, logIndex=1235, commits[325d518f-bf0d-428a-814f-266b27e759e4:c1235]
2019-06-15 10:52:59,804 INFO  client.GrpcClientProtocolClient (GrpcClientProtocolClient.java:onNext(254)) - client-09EBABE1B9AF->325d518f-bf0d-428a-814f-266b27e759e4: receive RaftClientReply:client-09EBABE1B9AF->325d518f-bf0d-428a-814f-266b27e759e4@group-9696F0872FC0, cid=706, SUCCESS, logIndex=1237, commits[325d518f-bf0d-428a-814f-266b27e759e4:c1237]
2019-06-15 10:52:59,834 DEBUG block.SCMBlockDeletingService (SCMBlockDeletingService.java:call(138)) - Running DeletedBlockTransactionScanner
2019-06-15 10:52:59,834 DEBUG block.SCMBlockDeletingService (SCMBlockDeletingService.java:call(155)) - Scanned deleted blocks log and got 0 delTX to process.
2019-06-15 10:52:59,884 INFO  client.GrpcClientProtocolClient (GrpcClientProtocolClient.java:onNext(254)) - client-09EBABE1B9AF->325d518f-bf0d-428a-814f-266b27e759e4: receive RaftClientReply:client-09EBABE1B9AF->325d518f-bf0d-428a-814f-266b27e759e4@group-9696F0872FC0, cid=707, SUCCESS, logIndex=1239, commits[325d518f-bf0d-428a-814f-266b27e759e4:c1239]
2019-06-15 10:52:59,885 INFO  client.GrpcClientProtocolClient (GrpcClientProtocolClient.java:onNext(254)) - client-09EBABE1B9AF->325d518f-bf0d-428a-814f-266b27e759e4: receive RaftClientReply:client-09EBABE1B9AF->325d518f-bf0d-428a-814f-266b27e759e4@group-9696F0872FC0, cid=708, SUCCESS, logIndex=1241, commits[325d518f-bf0d-428a-814f-266b27e759e4:c1241]
2019-06-15 10:52:59,891 INFO  client.GrpcClientProtocolClient (GrpcClientProtocolClient.java:onNext(254)) - client-09EBABE1B9AF->325d518f-bf0d-428a-814f-266b27e759e4: receive RaftClientReply:client-09EBABE1B9AF->325d518f-bf0d-428a-814f-266b27e759e4@group-9696F0872FC0, cid=709, SUCCESS, logIndex=1243, commits[325d518f-bf0d-428a-814f-266b27e759e4:c1243]
2019-06-15 10:52:59,892 INFO  client.GrpcClientProtocolClient (GrpcClientProtocolClient.java:onNext(254)) - client-09EBABE1B9AF->325d518f-bf0d-428a-814f-266b27e759e4: receive RaftClientReply:client-09EBABE1B9AF->325d518f-bf0d-428a-814f-266b27e759e4@group-9696F0872FC0, cid=710, SUCCESS, logIndex=1245, commits[325d518f-bf0d-428a-814f-266b27e759e4:c1245]
2019-06-15 10:52:59,894 INFO  client.GrpcClientProtocolClient (GrpcClientProtocolClient.java:onNext(254)) - client-09EBABE1B9AF->325d518f-bf0d-428a-814f-266b27e759e4: receive RaftClientReply:client-09EBABE1B9AF->325d518f-bf0d-428a-814f-266b27e759e4@group-9696F0872FC0, cid=711, SUCCESS, logIndex=1246, commits[325d518f-bf0d-428a-814f-266b27e759e4:c1248]
2019-06-15 10:52:59,894 INFO  client.GrpcClientProtocolClient (GrpcClientProtocolClient.java:onNext(254)) - client-09EBABE1B9AF->325d518f-bf0d-428a-814f-266b27e759e4: receive RaftClientReply:client-09EBABE1B9AF->325d518f-bf0d-428a-814f-266b27e759e4@group-9696F0872FC0, cid=712, SUCCESS, logIndex=1248, commits[325d518f-bf0d-428a-814f-266b27e759e4:c1249]
2019-06-15 10:52:59,907 INFO  client.GrpcClientProtocolClient (GrpcClientProtocolClient.java:onNext(254)) - client-09EBABE1B9AF->325d518f-bf0d-428a-814f-266b27e759e4: receive RaftClientReply:client-09EBABE1B9AF->325d518f-bf0d-428a-814f-266b27e759e4@group-9696F0872FC0, cid=713, SUCCESS, logIndex=1250, commits[325d518f-bf0d-428a-814f-266b27e759e4:c1250]
2019-06-15 10:52:59,908 INFO  client.GrpcClientProtocolClient (GrpcClientProtocolClient.java:onNext(254)) - client-09EBABE1B9AF->325d518f-bf0d-428a-814f-266b27e759e4: receive RaftClientReply:client-09EBABE1B9AF->325d518f-bf0d-428a-814f-266b27e759e4@group-9696F0872FC0, cid=714, SUCCESS, logIndex=1252, commits[325d518f-bf0d-428a-814f-266b27e759e4:c1252]
2019-06-15 10:52:59,910 INFO  client.GrpcClientProtocolClient (GrpcClientProtocolClient.java:onNext(254)) - client-09EBABE1B9AF->325d518f-bf0d-428a-814f-266b27e759e4: receive RaftClientReply:client-09EBABE1B9AF->325d518f-bf0d-428a-814f-266b27e759e4@group-9696F0872FC0, cid=715, SUCCESS, logIndex=1253, commits[325d518f-bf0d-428a-814f-266b27e759e4:c1254]
2019-06-15 10:52:59,911 INFO  client.GrpcClientProtocolClient (GrpcClientProtocolClient.java:onNext(254)) - client-09EBABE1B9AF->325d518f-bf0d-428a-814f-266b27e759e4: receive RaftClientReply:client-09EBABE1B9AF->325d518f-bf0d-428a-814f-266b27e759e4@group-9696F0872FC0, cid=716, SUCCESS, logIndex=1254, commits[325d518f-bf0d-428a-814f-266b27e759e4:c1256]
2019-06-15 10:52:59,919 INFO  client.GrpcClientProtocolClient (GrpcClientProtocolClient.java:onNext(254)) - client-09EBABE1B9AF->325d518f-bf0d-428a-814f-266b27e759e4: receive RaftClientReply:client-09EBABE1B9AF->325d518f-bf0d-428a-814f-266b27e759e4@group-9696F0872FC0, cid=717, SUCCESS, logIndex=1257, commits[325d518f-bf0d-428a-814f-266b27e759e4:c1257]
2019-06-15 10:52:59,921 INFO  client.GrpcClientProtocolClient (GrpcClientProtocolClient.java:onNext(254)) - client-09EBABE1B9AF->325d518f-bf0d-428a-814f-266b27e759e4: receive RaftClientReply:client-09EBABE1B9AF->325d518f-bf0d-428a-814f-266b27e759e4@group-9696F0872FC0, cid=718, SUCCESS, logIndex=1259, commits[325d518f-bf0d-428a-814f-266b27e759e4:c1259]
2019-06-15 10:52:59,924 INFO  client.GrpcClientProtocolClient (GrpcClientProtocolClient.java:onNext(254)) - client-09EBABE1B9AF->325d518f-bf0d-428a-814f-266b27e759e4: receive RaftClientReply:client-09EBABE1B9AF->325d518f-bf0d-428a-814f-266b27e759e4@group-9696F0872FC0, cid=719, SUCCESS, logIndex=1261, commits[325d518f-bf0d-428a-814f-266b27e759e4:c1262]
2019-06-15 10:52:59,924 INFO  client.GrpcClientProtocolClient (GrpcClientProtocolClient.java:onNext(254)) - client-09EBABE1B9AF->325d518f-bf0d-428a-814f-266b27e759e4: receive RaftClientReply:client-09EBABE1B9AF->325d518f-bf0d-428a-814f-266b27e759e4@group-9696F0872FC0, cid=720, SUCCESS, logIndex=1262, commits[325d518f-bf0d-428a-814f-266b27e759e4:c1263]
2019-06-15 10:52:59,934 DEBUG block.SCMBlockDeletingService (SCMBlockDeletingService.java:call(138)) - Running DeletedBlockTransactionScanner
2019-06-15 10:52:59,935 DEBUG block.SCMBlockDeletingService (SCMBlockDeletingService.java:call(155)) - Scanned deleted blocks log and got 0 delTX to process.
2019-06-15 10:52:59,937 INFO  client.GrpcClientProtocolClient (GrpcClientProtocolClient.java:onNext(254)) - client-09EBABE1B9AF->325d518f-bf0d-428a-814f-266b27e759e4: receive RaftClientReply:client-09EBABE1B9AF->325d518f-bf0d-428a-814f-266b27e759e4@group-9696F0872FC0, cid=721, SUCCESS, logIndex=1264, commits[325d518f-bf0d-428a-814f-266b27e759e4:c1264]
2019-06-15 10:52:59,939 INFO  client.GrpcClientProtocolClient (GrpcClientProtocolClient.java:onNext(254)) - client-09EBABE1B9AF->325d518f-bf0d-428a-814f-266b27e759e4: receive RaftClientReply:client-09EBABE1B9AF->325d518f-bf0d-428a-814f-266b27e759e4@group-9696F0872FC0, cid=722, SUCCESS, logIndex=1266, commits[325d518f-bf0d-428a-814f-266b27e759e4:c1266]
2019-06-15 10:52:59,940 INFO  client.GrpcClientProtocolClient (GrpcClientProtocolClient.java:onNext(254)) - client-09EBABE1B9AF->325d518f-bf0d-428a-814f-266b27e759e4: receive RaftClientReply:client-09EBABE1B9AF->325d518f-bf0d-428a-814f-266b27e759e4@group-9696F0872FC0, cid=723, SUCCESS, logIndex=1267, commits[325d518f-bf0d-428a-814f-266b27e759e4:c1269]
2019-06-15 10:52:59,940 INFO  client.GrpcClientProtocolClient (GrpcClientProtocolClient.java:onNext(254)) - client-09EBABE1B9AF->325d518f-bf0d-428a-814f-266b27e759e4: receive RaftClientReply:client-09EBABE1B9AF->325d518f-bf0d-428a-814f-266b27e759e4@group-9696F0872FC0, cid=724, SUCCESS, logIndex=1268, commits[325d518f-bf0d-428a-814f-266b27e759e4:c1269]
2019-06-15 10:52:59,946 INFO  client.GrpcClientProtocolClient (GrpcClientProtocolClient.java:onNext(254)) - client-09EBABE1B9AF->325d518f-bf0d-428a-814f-266b27e759e4: receive RaftClientReply:client-09EBABE1B9AF->325d518f-bf0d-428a-814f-266b27e759e4@group-9696F0872FC0, cid=725, SUCCESS, logIndex=1270, commits[325d518f-bf0d-428a-814f-266b27e759e4:c1270]
2019-06-15 10:52:59,947 INFO  storage.RaftLogWorker (RaftLogWorker.java:rollLogSegment(303)) - 325d518f-bf0d-428a-814f-266b27e759e4-RaftLogWorker: Rolling segment log-1202_1273 to index:1273
2019-06-15 10:52:59,948 INFO  client.GrpcClientProtocolClient (GrpcClientProtocolClient.java:onNext(254)) - client-09EBABE1B9AF->325d518f-bf0d-428a-814f-266b27e759e4: receive RaftClientReply:client-09EBABE1B9AF->325d518f-bf0d-428a-814f-266b27e759e4@group-9696F0872FC0, cid=726, SUCCESS, logIndex=1272, commits[325d518f-bf0d-428a-814f-266b27e759e4:c1272]
2019-06-15 10:52:59,948 INFO  storage.RaftLogWorker (RaftLogWorker.java:execute(433)) - 325d518f-bf0d-428a-814f-266b27e759e4-RaftLogWorker: Rolled log segment from /opt/src/hadoop-ozone/integration-test/target/test-dir/MiniOzoneClusterImpl-dd99cefe-9779-4043-9d74-181b69d2a827/datanode-0/data/ratis/e0f1d9ef-e225-4b24-a786-9696f0872fc0/current/log_inprogress_1202 to /opt/src/hadoop-ozone/integration-test/target/test-dir/MiniOzoneClusterImpl-dd99cefe-9779-4043-9d74-181b69d2a827/datanode-0/data/ratis/e0f1d9ef-e225-4b24-a786-9696f0872fc0/current/log_1202-1273
2019-06-15 10:52:59,954 INFO  client.GrpcClientProtocolClient (GrpcClientProtocolClient.java:onNext(254)) - client-09EBABE1B9AF->325d518f-bf0d-428a-814f-266b27e759e4: receive RaftClientReply:client-09EBABE1B9AF->325d518f-bf0d-428a-814f-266b27e759e4@group-9696F0872FC0, cid=727, SUCCESS, logIndex=1273, commits[325d518f-bf0d-428a-814f-266b27e759e4:c1273]
2019-06-15 10:52:59,984 INFO  storage.RaftLogWorker (RaftLogWorker.java:execute(469)) - 325d518f-bf0d-428a-814f-266b27e759e4-RaftLogWorker: created new log segment /opt/src/hadoop-ozone/integration-test/target/test-dir/MiniOzoneClusterImpl-dd99cefe-9779-4043-9d74-181b69d2a827/datanode-0/data/ratis/e0f1d9ef-e225-4b24-a786-9696f0872fc0/current/log_inprogress_1274
2019-06-15 10:52:59,986 INFO  client.GrpcClientProtocolClient (GrpcClientProtocolClient.java:onNext(254)) - client-09EBABE1B9AF->325d518f-bf0d-428a-814f-266b27e759e4: receive RaftClientReply:client-09EBABE1B9AF->325d518f-bf0d-428a-814f-266b27e759e4@group-9696F0872FC0, cid=728, SUCCESS, logIndex=1274, commits[325d518f-bf0d-428a-814f-266b27e759e4:c1276]
2019-06-15 10:53:00,201 DEBUG block.SCMBlockDeletingService (SCMBlockDeletingService.java:call(138)) - Running DeletedBlockTransactionScanner
2019-06-15 10:53:00,202 DEBUG block.SCMBlockDeletingService (SCMBlockDeletingService.java:call(155)) - Scanned deleted blocks log and got 0 delTX to process.
2019-06-15 10:53:00,212 INFO  client.GrpcClientProtocolClient (GrpcClientProtocolClient.java:onNext(254)) - client-09EBABE1B9AF->325d518f-bf0d-428a-814f-266b27e759e4: receive RaftClientReply:client-09EBABE1B9AF->325d518f-bf0d-428a-814f-266b27e759e4@group-9696F0872FC0, cid=729, SUCCESS, logIndex=1277, commits[325d518f-bf0d-428a-814f-266b27e759e4:c1277]
2019-06-15 10:53:00,214 INFO  client.GrpcClientProtocolClient (GrpcClientProtocolClient.java:onNext(254)) - client-09EBABE1B9AF->325d518f-bf0d-428a-814f-266b27e759e4: receive RaftClientReply:client-09EBABE1B9AF->325d518f-bf0d-428a-814f-266b27e759e4@group-9696F0872FC0, cid=730, SUCCESS, logIndex=1279, commits[325d518f-bf0d-428a-814f-266b27e759e4:c1279]
2019-06-15 10:53:00,218 INFO  client.GrpcClientProtocolClient (GrpcClientProtocolClient.java:onNext(254)) - client-09EBABE1B9AF->325d518f-bf0d-428a-814f-266b27e759e4: receive RaftClientReply:client-09EBABE1B9AF->325d518f-bf0d-428a-814f-266b27e759e4@group-9696F0872FC0, cid=731, SUCCESS, logIndex=1280, commits[325d518f-bf0d-428a-814f-266b27e759e4:c1282]
2019-06-15 10:53:00,218 INFO  client.GrpcClientProtocolClient (GrpcClientProtocolClient.java:onNext(254)) - client-09EBABE1B9AF->325d518f-bf0d-428a-814f-266b27e759e4: receive RaftClientReply:client-09EBABE1B9AF->325d518f-bf0d-428a-814f-266b27e759e4@group-9696F0872FC0, cid=732, SUCCESS, logIndex=1281, commits[325d518f-bf0d-428a-814f-266b27e759e4:c1282]
2019-06-15 10:53:00,226 INFO  client.GrpcClientProtocolClient (GrpcClientProtocolClient.java:onNext(254)) - client-09EBABE1B9AF->325d518f-bf0d-428a-814f-266b27e759e4: receive RaftClientReply:client-09EBABE1B9AF->325d518f-bf0d-428a-814f-266b27e759e4@group-9696F0872FC0, cid=733, SUCCESS, logIndex=1283, commits[325d518f-bf0d-428a-814f-266b27e759e4:c1283]
2019-06-15 10:53:00,228 INFO  client.GrpcClientProtocolClient (GrpcClientProtocolClient.java:onNext(254)) - client-09EBABE1B9AF->325d518f-bf0d-428a-814f-266b27e759e4: receive RaftClientReply:client-09EBABE1B9AF->325d518f-bf0d-428a-814f-266b27e759e4@group-9696F0872FC0, cid=734, SUCCESS, logIndex=1285, commits[325d518f-bf0d-428a-814f-266b27e759e4:c1285]
2019-06-15 10:53:00,230 INFO  client.GrpcClientProtocolClient (GrpcClientProtocolClient.java:onNext(254)) - client-09EBABE1B9AF->325d518f-bf0d-428a-814f-266b27e759e4: receive RaftClientReply:client-09EBABE1B9AF->325d518f-bf0d-428a-814f-266b27e759e4@group-9696F0872FC0, cid=735, SUCCESS, logIndex=1286, commits[325d518f-bf0d-428a-814f-266b27e759e4:c1288]
2019-06-15 10:53:00,230 INFO  client.GrpcClientProtocolClient (GrpcClientProtocolClient.java:onNext(254)) - client-09EBABE1B9AF->325d518f-bf0d-428a-814f-266b27e759e4: receive RaftClientReply:client-09EBABE1B9AF->325d518f-bf0d-428a-814f-266b27e759e4@group-9696F0872FC0, cid=736, SUCCESS, logIndex=1288, commits[325d518f-bf0d-428a-814f-266b27e759e4:c1289]
2019-06-15 10:53:00,240 INFO  client.GrpcClientProtocolClient (GrpcClientProtocolClient.java:onNext(254)) - client-09EBABE1B9AF->325d518f-bf0d-428a-814f-266b27e759e4: receive RaftClientReply:client-09EBABE1B9AF->325d518f-bf0d-428a-814f-266b27e759e4@group-9696F0872FC0, cid=737, SUCCESS, logIndex=1290, commits[325d518f-bf0d-428a-814f-266b27e759e4:c1290]
2019-06-15 10:53:00,242 INFO  client.GrpcClientProtocolClient (GrpcClientProtocolClient.java:onNext(254)) - client-09EBABE1B9AF->325d518f-bf0d-428a-814f-266b27e759e4: receive RaftClientReply:client-09EBABE1B9AF->325d518f-bf0d-428a-814f-266b27e759e4@group-9696F0872FC0, cid=738, SUCCESS, logIndex=1292, commits[325d518f-bf0d-428a-814f-266b27e759e4:c1292]
2019-06-15 10:53:00,243 INFO  client.GrpcClientProtocolClient (GrpcClientProtocolClient.java:onNext(254)) - client-09EBABE1B9AF->325d518f-bf0d-428a-814f-266b27e759e4: receive RaftClientReply:client-09EBABE1B9AF->325d518f-bf0d-428a-814f-266b27e759e4@group-9696F0872FC0, cid=739, SUCCESS, logIndex=1293, commits[325d518f-bf0d-428a-814f-266b27e759e4:c1295]
2019-06-15 10:53:00,246 INFO  client.GrpcClientProtocolClient (GrpcClientProtocolClient.java:onNext(254)) - client-09EBABE1B9AF->325d518f-bf0d-428a-814f-266b27e759e4: receive RaftClientReply:client-09EBABE1B9AF->325d518f-bf0d-428a-814f-266b27e759e4@group-9696F0872FC0, cid=740, SUCCESS, logIndex=1295, commits[325d518f-bf0d-428a-814f-266b27e759e4:c1295]
2019-06-15 10:53:00,253 INFO  client.GrpcClientProtocolClient (GrpcClientProtocolClient.java:onNext(254)) - client-09EBABE1B9AF->325d518f-bf0d-428a-814f-266b27e759e4: receive RaftClientReply:client-09EBABE1B9AF->325d518f-bf0d-428a-814f-266b27e759e4@group-9696F0872FC0, cid=741, SUCCESS, logIndex=1297, commits[325d518f-bf0d-428a-814f-266b27e759e4:c1297]
2019-06-15 10:53:00,255 INFO  client.GrpcClientProtocolClient (GrpcClientProtocolClient.java:onNext(254)) - client-09EBABE1B9AF->325d518f-bf0d-428a-814f-266b27e759e4: receive RaftClientReply:client-09EBABE1B9AF->325d518f-bf0d-428a-814f-266b27e759e4@group-9696F0872FC0, cid=742, SUCCESS, logIndex=1299, commits[325d518f-bf0d-428a-814f-266b27e759e4:c1299]
2019-06-15 10:53:00,258 INFO  client.GrpcClientProtocolClient (GrpcClientProtocolClient.java:onNext(254)) - client-09EBABE1B9AF->325d518f-bf0d-428a-814f-266b27e759e4: receive RaftClientReply:client-09EBABE1B9AF->325d518f-bf0d-428a-814f-266b27e759e4@group-9696F0872FC0, cid=743, SUCCESS, logIndex=1301, commits[325d518f-bf0d-428a-814f-266b27e759e4:c1302]
2019-06-15 10:53:00,258 INFO  client.GrpcClientProtocolClient (GrpcClientProtocolClient.java:onNext(254)) - client-09EBABE1B9AF->325d518f-bf0d-428a-814f-266b27e759e4: receive RaftClientReply:client-09EBABE1B9AF->325d518f-bf0d-428a-814f-266b27e759e4@group-9696F0872FC0, cid=744, SUCCESS, logIndex=1302, commits[325d518f-bf0d-428a-814f-266b27e759e4:c1303]
2019-06-15 10:53:00,271 INFO  client.GrpcClientProtocolClient (GrpcClientProtocolClient.java:onNext(254)) - client-09EBABE1B9AF->325d518f-bf0d-428a-814f-266b27e759e4: receive RaftClientReply:client-09EBABE1B9AF->325d518f-bf0d-428a-814f-266b27e759e4@group-9696F0872FC0, cid=745, SUCCESS, logIndex=1304, commits[325d518f-bf0d-428a-814f-266b27e759e4:c1304]
2019-06-15 10:53:00,274 INFO  client.GrpcClientProtocolClient (GrpcClientProtocolClient.java:onNext(254)) - client-09EBABE1B9AF->325d518f-bf0d-428a-814f-266b27e759e4: receive RaftClientReply:client-09EBABE1B9AF->325d518f-bf0d-428a-814f-266b27e759e4@group-9696F0872FC0, cid=746, SUCCESS, logIndex=1306, commits[325d518f-bf0d-428a-814f-266b27e759e4:c1306]
2019-06-15 10:53:00,274 INFO  client.GrpcClientProtocolClient (GrpcClientProtocolClient.java:onNext(254)) - client-09EBABE1B9AF->325d518f-bf0d-428a-814f-266b27e759e4: receive RaftClientReply:client-09EBABE1B9AF->325d518f-bf0d-428a-814f-266b27e759e4@group-9696F0872FC0, cid=747, SUCCESS, logIndex=1307, commits[325d518f-bf0d-428a-814f-266b27e759e4:c1309]
2019-06-15 10:53:00,275 INFO  client.GrpcClientProtocolClient (GrpcClientProtocolClient.java:onNext(254)) - client-09EBABE1B9AF->325d518f-bf0d-428a-814f-266b27e759e4: receive RaftClientReply:client-09EBABE1B9AF->325d518f-bf0d-428a-814f-266b27e759e4@group-9696F0872FC0, cid=748, SUCCESS, logIndex=1308, commits[325d518f-bf0d-428a-814f-266b27e759e4:c1309]
2019-06-15 10:53:00,282 INFO  client.GrpcClientProtocolClient (GrpcClientProtocolClient.java:onNext(254)) - client-09EBABE1B9AF->325d518f-bf0d-428a-814f-266b27e759e4: receive RaftClientReply:client-09EBABE1B9AF->325d518f-bf0d-428a-814f-266b27e759e4@group-9696F0872FC0, cid=749, SUCCESS, logIndex=1310, commits[325d518f-bf0d-428a-814f-266b27e759e4:c1310]
2019-06-15 10:53:00,286 INFO  client.GrpcClientProtocolClient (GrpcClientProtocolClient.java:onNext(254)) - client-09EBABE1B9AF->325d518f-bf0d-428a-814f-266b27e759e4: receive RaftClientReply:client-09EBABE1B9AF->325d518f-bf0d-428a-814f-266b27e759e4@group-9696F0872FC0, cid=750, SUCCESS, logIndex=1312, commits[325d518f-bf0d-428a-814f-266b27e759e4:c1312]
2019-06-15 10:53:00,302 DEBUG block.SCMBlockDeletingService (SCMBlockDeletingService.java:call(138)) - Running DeletedBlockTransactionScanner
2019-06-15 10:53:00,302 DEBUG block.SCMBlockDeletingService (SCMBlockDeletingService.java:call(155)) - Scanned deleted blocks log and got 0 delTX to process.
2019-06-15 10:53:00,353 INFO  client.GrpcClientProtocolClient (GrpcClientProtocolClient.java:onNext(254)) - client-09EBABE1B9AF->325d518f-bf0d-428a-814f-266b27e759e4: receive RaftClientReply:client-09EBABE1B9AF->325d518f-bf0d-428a-814f-266b27e759e4@group-9696F0872FC0, cid=751, SUCCESS, logIndex=1314, commits[325d518f-bf0d-428a-814f-266b27e759e4:c1314]
2019-06-15 10:53:00,355 INFO  client.GrpcClientProtocolClient (GrpcClientProtocolClient.java:onNext(254)) - client-09EBABE1B9AF->325d518f-bf0d-428a-814f-266b27e759e4: receive RaftClientReply:client-09EBABE1B9AF->325d518f-bf0d-428a-814f-266b27e759e4@group-9696F0872FC0, cid=752, SUCCESS, logIndex=1316, commits[325d518f-bf0d-428a-814f-266b27e759e4:c1316]
2019-06-15 10:53:00,364 INFO  client.GrpcClientProtocolClient (GrpcClientProtocolClient.java:onNext(254)) - client-09EBABE1B9AF->325d518f-bf0d-428a-814f-266b27e759e4: receive RaftClientReply:client-09EBABE1B9AF->325d518f-bf0d-428a-814f-266b27e759e4@group-9696F0872FC0, cid=753, SUCCESS, logIndex=1318, commits[325d518f-bf0d-428a-814f-266b27e759e4:c1318]
2019-06-15 10:53:00,366 INFO  client.GrpcClientProtocolClient (GrpcClientProtocolClient.java:onNext(254)) - client-09EBABE1B9AF->325d518f-bf0d-428a-814f-266b27e759e4: receive RaftClientReply:client-09EBABE1B9AF->325d518f-bf0d-428a-814f-266b27e759e4@group-9696F0872FC0, cid=754, SUCCESS, logIndex=1320, commits[325d518f-bf0d-428a-814f-266b27e759e4:c1320]
2019-06-15 10:53:00,367 INFO  client.GrpcClientProtocolClient (GrpcClientProtocolClient.java:onNext(254)) - client-09EBABE1B9AF->325d518f-bf0d-428a-814f-266b27e759e4: receive RaftClientReply:client-09EBABE1B9AF->325d518f-bf0d-428a-814f-266b27e759e4@group-9696F0872FC0, cid=755, SUCCESS, logIndex=1321, commits[325d518f-bf0d-428a-814f-266b27e759e4:c1323]
2019-06-15 10:53:00,368 INFO  client.GrpcClientProtocolClient (GrpcClientProtocolClient.java:onNext(254)) - client-09EBABE1B9AF->325d518f-bf0d-428a-814f-266b27e759e4: receive RaftClientReply:client-09EBABE1B9AF->325d518f-bf0d-428a-814f-266b27e759e4@group-9696F0872FC0, cid=756, SUCCESS, logIndex=1323, commits[325d518f-bf0d-428a-814f-266b27e759e4:c1323]
2019-06-15 10:53:00,374 INFO  client.GrpcClientProtocolClient (GrpcClientProtocolClient.java:onNext(254)) - client-09EBABE1B9AF->325d518f-bf0d-428a-814f-266b27e759e4: receive RaftClientReply:client-09EBABE1B9AF->325d518f-bf0d-428a-814f-266b27e759e4@group-9696F0872FC0, cid=757, SUCCESS, logIndex=1325, commits[325d518f-bf0d-428a-814f-266b27e759e4:c1325]
2019-06-15 10:53:00,376 INFO  client.GrpcClientProtocolClient (GrpcClientProtocolClient.java:onNext(254)) - client-09EBABE1B9AF->325d518f-bf0d-428a-814f-266b27e759e4: receive RaftClientReply:client-09EBABE1B9AF->325d518f-bf0d-428a-814f-266b27e759e4@group-9696F0872FC0, cid=758, SUCCESS, logIndex=1327, commits[325d518f-bf0d-428a-814f-266b27e759e4:c1327]
2019-06-15 10:53:00,377 INFO  client.GrpcClientProtocolClient (GrpcClientProtocolClient.java:onNext(254)) - client-09EBABE1B9AF->325d518f-bf0d-428a-814f-266b27e759e4: receive RaftClientReply:client-09EBABE1B9AF->325d518f-bf0d-428a-814f-266b27e759e4@group-9696F0872FC0, cid=759, SUCCESS, logIndex=1328, commits[325d518f-bf0d-428a-814f-266b27e759e4:c1330]
2019-06-15 10:53:00,378 INFO  client.GrpcClientProtocolClient (GrpcClientProtocolClient.java:onNext(254)) - client-09EBABE1B9AF->325d518f-bf0d-428a-814f-266b27e759e4: receive RaftClientReply:client-09EBABE1B9AF->325d518f-bf0d-428a-814f-266b27e759e4@group-9696F0872FC0, cid=760, SUCCESS, logIndex=1329, commits[325d518f-bf0d-428a-814f-266b27e759e4:c1330]
2019-06-15 10:53:00,388 INFO  client.GrpcClientProtocolClient (GrpcClientProtocolClient.java:onNext(254)) - client-09EBABE1B9AF->325d518f-bf0d-428a-814f-266b27e759e4: receive RaftClientReply:client-09EBABE1B9AF->325d518f-bf0d-428a-814f-266b27e759e4@group-9696F0872FC0, cid=761, SUCCESS, logIndex=1331, commits[325d518f-bf0d-428a-814f-266b27e759e4:c1331]
2019-06-15 10:53:00,390 INFO  client.GrpcClientProtocolClient (GrpcClientProtocolClient.java:onNext(254)) - client-09EBABE1B9AF->325d518f-bf0d-428a-814f-266b27e759e4: receive RaftClientReply:client-09EBABE1B9AF->325d518f-bf0d-428a-814f-266b27e759e4@group-9696F0872FC0, cid=762, SUCCESS, logIndex=1333, commits[325d518f-bf0d-428a-814f-266b27e759e4:c1333]
2019-06-15 10:53:00,391 INFO  client.GrpcClientProtocolClient (GrpcClientProtocolClient.java:onNext(254)) - client-09EBABE1B9AF->325d518f-bf0d-428a-814f-266b27e759e4: receive RaftClientReply:client-09EBABE1B9AF->325d518f-bf0d-428a-814f-266b27e759e4@group-9696F0872FC0, cid=763, SUCCESS, logIndex=1334, commits[325d518f-bf0d-428a-814f-266b27e759e4:c1336]
2019-06-15 10:53:00,391 INFO  client.GrpcClientProtocolClient (GrpcClientProtocolClient.java:onNext(254)) - client-09EBABE1B9AF->325d518f-bf0d-428a-814f-266b27e759e4: receive RaftClientReply:client-09EBABE1B9AF->325d518f-bf0d-428a-814f-266b27e759e4@group-9696F0872FC0, cid=764, SUCCESS, logIndex=1336, commits[325d518f-bf0d-428a-814f-266b27e759e4:c1336]
2019-06-15 10:53:00,401 INFO  client.GrpcClientProtocolClient (GrpcClientProtocolClient.java:onNext(254)) - client-09EBABE1B9AF->325d518f-bf0d-428a-814f-266b27e759e4: receive RaftClientReply:client-09EBABE1B9AF->325d518f-bf0d-428a-814f-266b27e759e4@group-9696F0872FC0, cid=765, SUCCESS, logIndex=1338, commits[325d518f-bf0d-428a-814f-266b27e759e4:c1338]
2019-06-15 10:53:00,403 INFO  client.GrpcClientProtocolClient (GrpcClientProtocolClient.java:onNext(254)) - client-09EBABE1B9AF->325d518f-bf0d-428a-814f-266b27e759e4: receive RaftClientReply:client-09EBABE1B9AF->325d518f-bf0d-428a-814f-266b27e759e4@group-9696F0872FC0, cid=766, SUCCESS, logIndex=1340, commits[325d518f-bf0d-428a-814f-266b27e759e4:c1340]
2019-06-15 10:53:00,403 DEBUG block.SCMBlockDeletingService (SCMBlockDeletingService.java:call(138)) - Running DeletedBlockTransactionScanner
2019-06-15 10:53:00,404 DEBUG block.SCMBlockDeletingService (SCMBlockDeletingService.java:call(155)) - Scanned deleted blocks log and got 0 delTX to process.
2019-06-15 10:53:00,405 INFO  client.GrpcClientProtocolClient (GrpcClientProtocolClient.java:onNext(254)) - client-09EBABE1B9AF->325d518f-bf0d-428a-814f-266b27e759e4: receive RaftClientReply:client-09EBABE1B9AF->325d518f-bf0d-428a-814f-266b27e759e4@group-9696F0872FC0, cid=767, SUCCESS, logIndex=1342, commits[325d518f-bf0d-428a-814f-266b27e759e4:c1343]
2019-06-15 10:53:00,406 INFO  client.GrpcClientProtocolClient (GrpcClientProtocolClient.java:onNext(254)) - client-09EBABE1B9AF->325d518f-bf0d-428a-814f-266b27e759e4: receive RaftClientReply:client-09EBABE1B9AF->325d518f-bf0d-428a-814f-266b27e759e4@group-9696F0872FC0, cid=768, SUCCESS, logIndex=1343, commits[325d518f-bf0d-428a-814f-266b27e759e4:c1343]
2019-06-15 10:53:00,418 INFO  client.GrpcClientProtocolClient (GrpcClientProtocolClient.java:onNext(254)) - client-09EBABE1B9AF->325d518f-bf0d-428a-814f-266b27e759e4: receive RaftClientReply:client-09EBABE1B9AF->325d518f-bf0d-428a-814f-266b27e759e4@group-9696F0872FC0, cid=769, SUCCESS, logIndex=1345, commits[325d518f-bf0d-428a-814f-266b27e759e4:c1345]
2019-06-15 10:53:00,418 INFO  storage.RaftLogWorker (RaftLogWorker.java:rollLogSegment(303)) - 325d518f-bf0d-428a-814f-266b27e759e4-RaftLogWorker: Rolling segment log-1274_1347 to index:1347
2019-06-15 10:53:00,418 INFO  storage.RaftLogWorker (RaftLogWorker.java:execute(433)) - 325d518f-bf0d-428a-814f-266b27e759e4-RaftLogWorker: Rolled log segment from /opt/src/hadoop-ozone/integration-test/target/test-dir/MiniOzoneClusterImpl-dd99cefe-9779-4043-9d74-181b69d2a827/datanode-0/data/ratis/e0f1d9ef-e225-4b24-a786-9696f0872fc0/current/log_inprogress_1274 to /opt/src/hadoop-ozone/integration-test/target/test-dir/MiniOzoneClusterImpl-dd99cefe-9779-4043-9d74-181b69d2a827/datanode-0/data/ratis/e0f1d9ef-e225-4b24-a786-9696f0872fc0/current/log_1274-1347
2019-06-15 10:53:00,424 INFO  client.GrpcClientProtocolClient (GrpcClientProtocolClient.java:onNext(254)) - client-09EBABE1B9AF->325d518f-bf0d-428a-814f-266b27e759e4: receive RaftClientReply:client-09EBABE1B9AF->325d518f-bf0d-428a-814f-266b27e759e4@group-9696F0872FC0, cid=770, SUCCESS, logIndex=1347, commits[325d518f-bf0d-428a-814f-266b27e759e4:c1347]
2019-06-15 10:53:00,460 INFO  storage.RaftLogWorker (RaftLogWorker.java:execute(469)) - 325d518f-bf0d-428a-814f-266b27e759e4-RaftLogWorker: created new log segment /opt/src/hadoop-ozone/integration-test/target/test-dir/MiniOzoneClusterImpl-dd99cefe-9779-4043-9d74-181b69d2a827/datanode-0/data/ratis/e0f1d9ef-e225-4b24-a786-9696f0872fc0/current/log_inprogress_1348
2019-06-15 10:53:00,463 INFO  client.GrpcClientProtocolClient (GrpcClientProtocolClient.java:onNext(254)) - client-09EBABE1B9AF->325d518f-bf0d-428a-814f-266b27e759e4: receive RaftClientReply:client-09EBABE1B9AF->325d518f-bf0d-428a-814f-266b27e759e4@group-9696F0872FC0, cid=771, SUCCESS, logIndex=1348, commits[325d518f-bf0d-428a-814f-266b27e759e4:c1350]
2019-06-15 10:53:00,463 INFO  client.GrpcClientProtocolClient (GrpcClientProtocolClient.java:onNext(254)) - client-09EBABE1B9AF->325d518f-bf0d-428a-814f-266b27e759e4: receive RaftClientReply:client-09EBABE1B9AF->325d518f-bf0d-428a-814f-266b27e759e4@group-9696F0872FC0, cid=772, SUCCESS, logIndex=1349, commits[325d518f-bf0d-428a-814f-266b27e759e4:c1350]
2019-06-15 10:53:00,471 INFO  client.GrpcClientProtocolClient (GrpcClientProtocolClient.java:onNext(254)) - client-09EBABE1B9AF->325d518f-bf0d-428a-814f-266b27e759e4: receive RaftClientReply:client-09EBABE1B9AF->325d518f-bf0d-428a-814f-266b27e759e4@group-9696F0872FC0, cid=773, SUCCESS, logIndex=1351, commits[325d518f-bf0d-428a-814f-266b27e759e4:c1351]
2019-06-15 10:53:00,473 INFO  client.GrpcClientProtocolClient (GrpcClientProtocolClient.java:onNext(254)) - client-09EBABE1B9AF->325d518f-bf0d-428a-814f-266b27e759e4: receive RaftClientReply:client-09EBABE1B9AF->325d518f-bf0d-428a-814f-266b27e759e4@group-9696F0872FC0, cid=774, SUCCESS, logIndex=1353, commits[325d518f-bf0d-428a-814f-266b27e759e4:c1353]
2019-06-15 10:53:00,474 INFO  client.GrpcClientProtocolClient (GrpcClientProtocolClient.java:onNext(254)) - client-09EBABE1B9AF->325d518f-bf0d-428a-814f-266b27e759e4: receive RaftClientReply:client-09EBABE1B9AF->325d518f-bf0d-428a-814f-266b27e759e4@group-9696F0872FC0, cid=775, SUCCESS, logIndex=1354, commits[325d518f-bf0d-428a-814f-266b27e759e4:c1356]
2019-06-15 10:53:00,474 INFO  client.GrpcClientProtocolClient (GrpcClientProtocolClient.java:onNext(254)) - client-09EBABE1B9AF->325d518f-bf0d-428a-814f-266b27e759e4: receive RaftClientReply:client-09EBABE1B9AF->325d518f-bf0d-428a-814f-266b27e759e4@group-9696F0872FC0, cid=776, SUCCESS, logIndex=1356, commits[325d518f-bf0d-428a-814f-266b27e759e4:c1356]
2019-06-15 10:53:00,485 INFO  client.GrpcClientProtocolClient (GrpcClientProtocolClient.java:onNext(254)) - client-09EBABE1B9AF->325d518f-bf0d-428a-814f-266b27e759e4: receive RaftClientReply:client-09EBABE1B9AF->325d518f-bf0d-428a-814f-266b27e759e4@group-9696F0872FC0, cid=777, SUCCESS, logIndex=1358, commits[325d518f-bf0d-428a-814f-266b27e759e4:c1358]
2019-06-15 10:53:00,487 INFO  client.GrpcClientProtocolClient (GrpcClientProtocolClient.java:onNext(254)) - client-09EBABE1B9AF->325d518f-bf0d-428a-814f-266b27e759e4: receive RaftClientReply:client-09EBABE1B9AF->325d518f-bf0d-428a-814f-266b27e759e4@group-9696F0872FC0, cid=778, SUCCESS, logIndex=1360, commits[325d518f-bf0d-428a-814f-266b27e759e4:c1360]
2019-06-15 10:53:00,487 INFO  client.GrpcClientProtocolClient (GrpcClientProtocolClient.java:onNext(254)) - client-09EBABE1B9AF->325d518f-bf0d-428a-814f-266b27e759e4: receive RaftClientReply:client-09EBABE1B9AF->325d518f-bf0d-428a-814f-266b27e759e4@group-9696F0872FC0, cid=779, SUCCESS, logIndex=1361, commits[325d518f-bf0d-428a-814f-266b27e759e4:c1363]
2019-06-15 10:53:00,488 INFO  client.GrpcClientProtocolClient (GrpcClientProtocolClient.java:onNext(254)) - client-09EBABE1B9AF->325d518f-bf0d-428a-814f-266b27e759e4: receive RaftClientReply:client-09EBABE1B9AF->325d518f-bf0d-428a-814f-266b27e759e4@group-9696F0872FC0, cid=780, SUCCESS, logIndex=1362, commits[325d518f-bf0d-428a-814f-266b27e759e4:c1363]
2019-06-15 10:53:00,493 INFO  client.GrpcClientProtocolClient (GrpcClientProtocolClient.java:onNext(254)) - client-09EBABE1B9AF->325d518f-bf0d-428a-814f-266b27e759e4: receive RaftClientReply:client-09EBABE1B9AF->325d518f-bf0d-428a-814f-266b27e759e4@group-9696F0872FC0, cid=781, SUCCESS, logIndex=1364, commits[325d518f-bf0d-428a-814f-266b27e759e4:c1364]
2019-06-15 10:53:00,496 INFO  client.GrpcClientProtocolClient (GrpcClientProtocolClient.java:onNext(254)) - client-09EBABE1B9AF->325d518f-bf0d-428a-814f-266b27e759e4: receive RaftClientReply:client-09EBABE1B9AF->325d518f-bf0d-428a-814f-266b27e759e4@group-9696F0872FC0, cid=782, SUCCESS, logIndex=1366, commits[325d518f-bf0d-428a-814f-266b27e759e4:c1366]
2019-06-15 10:53:00,496 INFO  client.GrpcClientProtocolClient (GrpcClientProtocolClient.java:onNext(254)) - client-09EBABE1B9AF->325d518f-bf0d-428a-814f-266b27e759e4: receive RaftClientReply:client-09EBABE1B9AF->325d518f-bf0d-428a-814f-266b27e759e4@group-9696F0872FC0, cid=783, SUCCESS, logIndex=1367, commits[325d518f-bf0d-428a-814f-266b27e759e4:c1368]
2019-06-15 10:53:00,497 INFO  client.GrpcClientProtocolClient (GrpcClientProtocolClient.java:onNext(254)) - client-09EBABE1B9AF->325d518f-bf0d-428a-814f-266b27e759e4: receive RaftClientReply:client-09EBABE1B9AF->325d518f-bf0d-428a-814f-266b27e759e4@group-9696F0872FC0, cid=784, SUCCESS, logIndex=1368, commits[325d518f-bf0d-428a-814f-266b27e759e4:c1368]
2019-06-15 10:53:00,504 DEBUG block.SCMBlockDeletingService (SCMBlockDeletingService.java:call(138)) - Running DeletedBlockTransactionScanner
2019-06-15 10:53:00,504 DEBUG block.SCMBlockDeletingService (SCMBlockDeletingService.java:call(155)) - Scanned deleted blocks log and got 0 delTX to process.
2019-06-15 10:53:00,508 INFO  client.GrpcClientProtocolClient (GrpcClientProtocolClient.java:onNext(254)) - client-09EBABE1B9AF->325d518f-bf0d-428a-814f-266b27e759e4: receive RaftClientReply:client-09EBABE1B9AF->325d518f-bf0d-428a-814f-266b27e759e4@group-9696F0872FC0, cid=785, SUCCESS, logIndex=1371, commits[325d518f-bf0d-428a-814f-266b27e759e4:c1371]
2019-06-15 10:53:00,511 INFO  client.GrpcClientProtocolClient (GrpcClientProtocolClient.java:onNext(254)) - client-09EBABE1B9AF->325d518f-bf0d-428a-814f-266b27e759e4: receive RaftClientReply:client-09EBABE1B9AF->325d518f-bf0d-428a-814f-266b27e759e4@group-9696F0872FC0, cid=786, SUCCESS, logIndex=1373, commits[325d518f-bf0d-428a-814f-266b27e759e4:c1373]
2019-06-15 10:53:00,511 INFO  client.GrpcClientProtocolClient (GrpcClientProtocolClient.java:onNext(254)) - client-09EBABE1B9AF->325d518f-bf0d-428a-814f-266b27e759e4: receive RaftClientReply:client-09EBABE1B9AF->325d518f-bf0d-428a-814f-266b27e759e4@group-9696F0872FC0, cid=787, SUCCESS, logIndex=1374, commits[325d518f-bf0d-428a-814f-266b27e759e4:c1375]
2019-06-15 10:53:00,512 INFO  client.GrpcClientProtocolClient (GrpcClientProtocolClient.java:onNext(254)) - client-09EBABE1B9AF->325d518f-bf0d-428a-814f-266b27e759e4: receive RaftClientReply:client-09EBABE1B9AF->325d518f-bf0d-428a-814f-266b27e759e4@group-9696F0872FC0, cid=788, SUCCESS, logIndex=1375, commits[325d518f-bf0d-428a-814f-266b27e759e4:c1376]
2019-06-15 10:53:00,519 INFO  client.GrpcClientProtocolClient (GrpcClientProtocolClient.java:onNext(254)) - client-09EBABE1B9AF->325d518f-bf0d-428a-814f-266b27e759e4: receive RaftClientReply:client-09EBABE1B9AF->325d518f-bf0d-428a-814f-266b27e759e4@group-9696F0872FC0, cid=789, SUCCESS, logIndex=1378, commits[325d518f-bf0d-428a-814f-266b27e759e4:c1378]
2019-06-15 10:53:00,520 INFO  client.GrpcClientProtocolClient (GrpcClientProtocolClient.java:onNext(254)) - client-09EBABE1B9AF->325d518f-bf0d-428a-814f-266b27e759e4: receive RaftClientReply:client-09EBABE1B9AF->325d518f-bf0d-428a-814f-266b27e759e4@group-9696F0872FC0, cid=790, SUCCESS, logIndex=1380, commits[325d518f-bf0d-428a-814f-266b27e759e4:c1380]
2019-06-15 10:53:00,522 INFO  client.GrpcClientProtocolClient (GrpcClientProtocolClient.java:onNext(254)) - client-09EBABE1B9AF->325d518f-bf0d-428a-814f-266b27e759e4: receive RaftClientReply:client-09EBABE1B9AF->325d518f-bf0d-428a-814f-266b27e759e4@group-9696F0872FC0, cid=791, SUCCESS, logIndex=1381, commits[325d518f-bf0d-428a-814f-266b27e759e4:c1383]
2019-06-15 10:53:00,522 INFO  client.GrpcClientProtocolClient (GrpcClientProtocolClient.java:onNext(254)) - client-09EBABE1B9AF->325d518f-bf0d-428a-814f-266b27e759e4: receive RaftClientReply:client-09EBABE1B9AF->325d518f-bf0d-428a-814f-266b27e759e4@group-9696F0872FC0, cid=792, SUCCESS, logIndex=1382, commits[325d518f-bf0d-428a-814f-266b27e759e4:c1383]
2019-06-15 10:53:00,532 INFO  client.GrpcClientProtocolClient (GrpcClientProtocolClient.java:onNext(254)) - client-09EBABE1B9AF->325d518f-bf0d-428a-814f-266b27e759e4: receive RaftClientReply:client-09EBABE1B9AF->325d518f-bf0d-428a-814f-266b27e759e4@group-9696F0872FC0, cid=793, SUCCESS, logIndex=1384, commits[325d518f-bf0d-428a-814f-266b27e759e4:c1384]
2019-06-15 10:53:00,533 INFO  client.GrpcClientProtocolClient (GrpcClientProtocolClient.java:onNext(254)) - client-09EBABE1B9AF->325d518f-bf0d-428a-814f-266b27e759e4: receive RaftClientReply:client-09EBABE1B9AF->325d518f-bf0d-428a-814f-266b27e759e4@group-9696F0872FC0, cid=794, SUCCESS, logIndex=1386, commits[325d518f-bf0d-428a-814f-266b27e759e4:c1386]
2019-06-15 10:53:00,599 INFO  client.GrpcClientProtocolClient (GrpcClientProtocolClient.java:onNext(254)) - client-09EBABE1B9AF->325d518f-bf0d-428a-814f-266b27e759e4: receive RaftClientReply:client-09EBABE1B9AF->325d518f-bf0d-428a-814f-266b27e759e4@group-9696F0872FC0, cid=795, SUCCESS, logIndex=1388, commits[325d518f-bf0d-428a-814f-266b27e759e4:c1388]
2019-06-15 10:53:00,600 INFO  client.GrpcClientProtocolClient (GrpcClientProtocolClient.java:onNext(254)) - client-09EBABE1B9AF->325d518f-bf0d-428a-814f-266b27e759e4: receive RaftClientReply:client-09EBABE1B9AF->325d518f-bf0d-428a-814f-266b27e759e4@group-9696F0872FC0, cid=796, SUCCESS, logIndex=1390, commits[325d518f-bf0d-428a-814f-266b27e759e4:c1390]
2019-06-15 10:53:00,604 DEBUG block.SCMBlockDeletingService (SCMBlockDeletingService.java:call(138)) - Running DeletedBlockTransactionScanner
2019-06-15 10:53:00,605 DEBUG block.SCMBlockDeletingService (SCMBlockDeletingService.java:call(155)) - Scanned deleted blocks log and got 0 delTX to process.
2019-06-15 10:53:00,608 INFO  client.GrpcClientProtocolClient (GrpcClientProtocolClient.java:onNext(254)) - client-09EBABE1B9AF->325d518f-bf0d-428a-814f-266b27e759e4: receive RaftClientReply:client-09EBABE1B9AF->325d518f-bf0d-428a-814f-266b27e759e4@group-9696F0872FC0, cid=797, SUCCESS, logIndex=1392, commits[325d518f-bf0d-428a-814f-266b27e759e4:c1392]
2019-06-15 10:53:00,610 INFO  client.GrpcClientProtocolClient (GrpcClientProtocolClient.java:onNext(254)) - client-09EBABE1B9AF->325d518f-bf0d-428a-814f-266b27e759e4: receive RaftClientReply:client-09EBABE1B9AF->325d518f-bf0d-428a-814f-266b27e759e4@group-9696F0872FC0, cid=798, SUCCESS, logIndex=1394, commits[325d518f-bf0d-428a-814f-266b27e759e4:c1394]
2019-06-15 10:53:00,611 INFO  client.GrpcClientProtocolClient (GrpcClientProtocolClient.java:onNext(254)) - client-09EBABE1B9AF->325d518f-bf0d-428a-814f-266b27e759e4: receive RaftClientReply:client-09EBABE1B9AF->325d518f-bf0d-428a-814f-266b27e759e4@group-9696F0872FC0, cid=799, SUCCESS, logIndex=1395, commits[325d518f-bf0d-428a-814f-266b27e759e4:c1397]
2019-06-15 10:53:00,611 INFO  client.GrpcClientProtocolClient (GrpcClientProtocolClient.java:onNext(254)) - client-09EBABE1B9AF->325d518f-bf0d-428a-814f-266b27e759e4: receive RaftClientReply:client-09EBABE1B9AF->325d518f-bf0d-428a-814f-266b27e759e4@group-9696F0872FC0, cid=800, SUCCESS, logIndex=1397, commits[325d518f-bf0d-428a-814f-266b27e759e4:c1398]
2019-06-15 10:53:00,663 INFO  client.GrpcClientProtocolClient (GrpcClientProtocolClient.java:onNext(254)) - client-09EBABE1B9AF->325d518f-bf0d-428a-814f-266b27e759e4: receive RaftClientReply:client-09EBABE1B9AF->325d518f-bf0d-428a-814f-266b27e759e4@group-9696F0872FC0, cid=801, SUCCESS, logIndex=1399, commits[325d518f-bf0d-428a-814f-266b27e759e4:c1399]
2019-06-15 10:53:00,666 INFO  client.GrpcClientProtocolClient (GrpcClientProtocolClient.java:onNext(254)) - client-09EBABE1B9AF->325d518f-bf0d-428a-814f-266b27e759e4: receive RaftClientReply:client-09EBABE1B9AF->325d518f-bf0d-428a-814f-266b27e759e4@group-9696F0872FC0, cid=802, SUCCESS, logIndex=1401, commits[325d518f-bf0d-428a-814f-266b27e759e4:c1401]
2019-06-15 10:53:00,667 INFO  client.GrpcClientProtocolClient (GrpcClientProtocolClient.java:onNext(254)) - client-09EBABE1B9AF->325d518f-bf0d-428a-814f-266b27e759e4: receive RaftClientReply:client-09EBABE1B9AF->325d518f-bf0d-428a-814f-266b27e759e4@group-9696F0872FC0, cid=803, SUCCESS, logIndex=1402, commits[325d518f-bf0d-428a-814f-266b27e759e4:c1404]
2019-06-15 10:53:00,667 INFO  client.GrpcClientProtocolClient (GrpcClientProtocolClient.java:onNext(254)) - client-09EBABE1B9AF->325d518f-bf0d-428a-814f-266b27e759e4: receive RaftClientReply:client-09EBABE1B9AF->325d518f-bf0d-428a-814f-266b27e759e4@group-9696F0872FC0, cid=804, SUCCESS, logIndex=1404, commits[325d518f-bf0d-428a-814f-266b27e759e4:c1404]
2019-06-15 10:53:00,674 INFO  client.GrpcClientProtocolClient (GrpcClientProtocolClient.java:onNext(254)) - client-09EBABE1B9AF->325d518f-bf0d-428a-814f-266b27e759e4: receive RaftClientReply:client-09EBABE1B9AF->325d518f-bf0d-428a-814f-266b27e759e4@group-9696F0872FC0, cid=805, SUCCESS, logIndex=1406, commits[325d518f-bf0d-428a-814f-266b27e759e4:c1406]
2019-06-15 10:53:00,676 INFO  client.GrpcClientProtocolClient (GrpcClientProtocolClient.java:onNext(254)) - client-09EBABE1B9AF->325d518f-bf0d-428a-814f-266b27e759e4: receive RaftClientReply:client-09EBABE1B9AF->325d518f-bf0d-428a-814f-266b27e759e4@group-9696F0872FC0, cid=806, SUCCESS, logIndex=1408, commits[325d518f-bf0d-428a-814f-266b27e759e4:c1408]
2019-06-15 10:53:00,678 INFO  client.GrpcClientProtocolClient (GrpcClientProtocolClient.java:onNext(254)) - client-09EBABE1B9AF->325d518f-bf0d-428a-814f-266b27e759e4: receive RaftClientReply:client-09EBABE1B9AF->325d518f-bf0d-428a-814f-266b27e759e4@group-9696F0872FC0, cid=807, SUCCESS, logIndex=1409, commits[325d518f-bf0d-428a-814f-266b27e759e4:c1411]
2019-06-15 10:53:00,679 INFO  client.GrpcClientProtocolClient (GrpcClientProtocolClient.java:onNext(254)) - client-09EBABE1B9AF->325d518f-bf0d-428a-814f-266b27e759e4: receive RaftClientReply:client-09EBABE1B9AF->325d518f-bf0d-428a-814f-266b27e759e4@group-9696F0872FC0, cid=808, SUCCESS, logIndex=1411, commits[325d518f-bf0d-428a-814f-266b27e759e4:c1412]
2019-06-15 10:53:00,688 INFO  client.GrpcClientProtocolClient (GrpcClientProtocolClient.java:onNext(254)) - client-09EBABE1B9AF->325d518f-bf0d-428a-814f-266b27e759e4: receive RaftClientReply:client-09EBABE1B9AF->325d518f-bf0d-428a-814f-266b27e759e4@group-9696F0872FC0, cid=809, SUCCESS, logIndex=1413, commits[325d518f-bf0d-428a-814f-266b27e759e4:c1413]
2019-06-15 10:53:00,690 INFO  client.GrpcClientProtocolClient (GrpcClientProtocolClient.java:onNext(254)) - client-09EBABE1B9AF->325d518f-bf0d-428a-814f-266b27e759e4: receive RaftClientReply:client-09EBABE1B9AF->325d518f-bf0d-428a-814f-266b27e759e4@group-9696F0872FC0, cid=810, SUCCESS, logIndex=1415, commits[325d518f-bf0d-428a-814f-266b27e759e4:c1415]
2019-06-15 10:53:00,691 INFO  client.GrpcClientProtocolClient (GrpcClientProtocolClient.java:onNext(254)) - client-09EBABE1B9AF->325d518f-bf0d-428a-814f-266b27e759e4: receive RaftClientReply:client-09EBABE1B9AF->325d518f-bf0d-428a-814f-266b27e759e4@group-9696F0872FC0, cid=811, SUCCESS, logIndex=1416, commits[325d518f-bf0d-428a-814f-266b27e759e4:c1418]
2019-06-15 10:53:00,691 INFO  client.GrpcClientProtocolClient (GrpcClientProtocolClient.java:onNext(254)) - client-09EBABE1B9AF->325d518f-bf0d-428a-814f-266b27e759e4: receive RaftClientReply:client-09EBABE1B9AF->325d518f-bf0d-428a-814f-266b27e759e4@group-9696F0872FC0, cid=812, SUCCESS, logIndex=1418, commits[325d518f-bf0d-428a-814f-266b27e759e4:c1418]
2019-06-15 10:53:00,697 INFO  client.GrpcClientProtocolClient (GrpcClientProtocolClient.java:onNext(254)) - client-09EBABE1B9AF->325d518f-bf0d-428a-814f-266b27e759e4: receive RaftClientReply:client-09EBABE1B9AF->325d518f-bf0d-428a-814f-266b27e759e4@group-9696F0872FC0, cid=813, SUCCESS, logIndex=1420, commits[325d518f-bf0d-428a-814f-266b27e759e4:c1420]
2019-06-15 10:53:00,697 INFO  storage.RaftLogWorker (RaftLogWorker.java:rollLogSegment(303)) - 325d518f-bf0d-428a-814f-266b27e759e4-RaftLogWorker: Rolling segment log-1348_1421 to index:1421
2019-06-15 10:53:00,697 INFO  storage.RaftLogWorker (RaftLogWorker.java:execute(433)) - 325d518f-bf0d-428a-814f-266b27e759e4-RaftLogWorker: Rolled log segment from /opt/src/hadoop-ozone/integration-test/target/test-dir/MiniOzoneClusterImpl-dd99cefe-9779-4043-9d74-181b69d2a827/datanode-0/data/ratis/e0f1d9ef-e225-4b24-a786-9696f0872fc0/current/log_inprogress_1348 to /opt/src/hadoop-ozone/integration-test/target/test-dir/MiniOzoneClusterImpl-dd99cefe-9779-4043-9d74-181b69d2a827/datanode-0/data/ratis/e0f1d9ef-e225-4b24-a786-9696f0872fc0/current/log_1348-1421
2019-06-15 10:53:00,705 DEBUG block.SCMBlockDeletingService (SCMBlockDeletingService.java:call(138)) - Running DeletedBlockTransactionScanner
2019-06-15 10:53:00,705 DEBUG block.SCMBlockDeletingService (SCMBlockDeletingService.java:call(155)) - Scanned deleted blocks log and got 0 delTX to process.
2019-06-15 10:53:00,740 INFO  storage.RaftLogWorker (RaftLogWorker.java:execute(469)) - 325d518f-bf0d-428a-814f-266b27e759e4-RaftLogWorker: created new log segment /opt/src/hadoop-ozone/integration-test/target/test-dir/MiniOzoneClusterImpl-dd99cefe-9779-4043-9d74-181b69d2a827/datanode-0/data/ratis/e0f1d9ef-e225-4b24-a786-9696f0872fc0/current/log_inprogress_1422
2019-06-15 10:53:00,742 INFO  client.GrpcClientProtocolClient (GrpcClientProtocolClient.java:onNext(254)) - client-09EBABE1B9AF->325d518f-bf0d-428a-814f-266b27e759e4: receive RaftClientReply:client-09EBABE1B9AF->325d518f-bf0d-428a-814f-266b27e759e4@group-9696F0872FC0, cid=814, SUCCESS, logIndex=1422, commits[325d518f-bf0d-428a-814f-266b27e759e4:c1424]
2019-06-15 10:53:00,743 INFO  client.GrpcClientProtocolClient (GrpcClientProtocolClient.java:onNext(254)) - client-09EBABE1B9AF->325d518f-bf0d-428a-814f-266b27e759e4: receive RaftClientReply:client-09EBABE1B9AF->325d518f-bf0d-428a-814f-266b27e759e4@group-9696F0872FC0, cid=815, SUCCESS, logIndex=1423, commits[325d518f-bf0d-428a-814f-266b27e759e4:c1425]
2019-06-15 10:53:00,743 INFO  client.GrpcClientProtocolClient (GrpcClientProtocolClient.java:onNext(254)) - client-09EBABE1B9AF->325d518f-bf0d-428a-814f-266b27e759e4: receive RaftClientReply:client-09EBABE1B9AF->325d518f-bf0d-428a-814f-266b27e759e4@group-9696F0872FC0, cid=816, SUCCESS, logIndex=1424, commits[325d518f-bf0d-428a-814f-266b27e759e4:c1425]
2019-06-15 10:53:00,754 INFO  client.GrpcClientProtocolClient (GrpcClientProtocolClient.java:onNext(254)) - client-09EBABE1B9AF->325d518f-bf0d-428a-814f-266b27e759e4: receive RaftClientReply:client-09EBABE1B9AF->325d518f-bf0d-428a-814f-266b27e759e4@group-9696F0872FC0, cid=817, SUCCESS, logIndex=1426, commits[325d518f-bf0d-428a-814f-266b27e759e4:c1426]
2019-06-15 10:53:00,757 INFO  client.GrpcClientProtocolClient (GrpcClientProtocolClient.java:onNext(254)) - client-09EBABE1B9AF->325d518f-bf0d-428a-814f-266b27e759e4: receive RaftClientReply:client-09EBABE1B9AF->325d518f-bf0d-428a-814f-266b27e759e4@group-9696F0872FC0, cid=818, SUCCESS, logIndex=1428, commits[325d518f-bf0d-428a-814f-266b27e759e4:c1428]
2019-06-15 10:53:00,757 INFO  client.GrpcClientProtocolClient (GrpcClientProtocolClient.java:onNext(254)) - client-09EBABE1B9AF->325d518f-bf0d-428a-814f-266b27e759e4: receive RaftClientReply:client-09EBABE1B9AF->325d518f-bf0d-428a-814f-266b27e759e4@group-9696F0872FC0, cid=819, SUCCESS, logIndex=1429, commits[325d518f-bf0d-428a-814f-266b27e759e4:c1430]
2019-06-15 10:53:00,758 INFO  client.GrpcClientProtocolClient (GrpcClientProtocolClient.java:onNext(254)) - client-09EBABE1B9AF->325d518f-bf0d-428a-814f-266b27e759e4: receive RaftClientReply:client-09EBABE1B9AF->325d518f-bf0d-428a-814f-266b27e759e4@group-9696F0872FC0, cid=820, SUCCESS, logIndex=1430, commits[325d518f-bf0d-428a-814f-266b27e759e4:c1431]
2019-06-15 10:53:00,763 INFO  client.GrpcClientProtocolClient (GrpcClientProtocolClient.java:onNext(254)) - client-09EBABE1B9AF->325d518f-bf0d-428a-814f-266b27e759e4: receive RaftClientReply:client-09EBABE1B9AF->325d518f-bf0d-428a-814f-266b27e759e4@group-9696F0872FC0, cid=821, SUCCESS, logIndex=1433, commits[325d518f-bf0d-428a-814f-266b27e759e4:c1433]
2019-06-15 10:53:00,765 INFO  client.GrpcClientProtocolClient (GrpcClientProtocolClient.java:onNext(254)) - client-09EBABE1B9AF->325d518f-bf0d-428a-814f-266b27e759e4: receive RaftClientReply:client-09EBABE1B9AF->325d518f-bf0d-428a-814f-266b27e759e4@group-9696F0872FC0, cid=822, SUCCESS, logIndex=1435, commits[325d518f-bf0d-428a-814f-266b27e759e4:c1435]
2019-06-15 10:53:00,766 INFO  client.GrpcClientProtocolClient (GrpcClientProtocolClient.java:onNext(254)) - client-09EBABE1B9AF->325d518f-bf0d-428a-814f-266b27e759e4: receive RaftClientReply:client-09EBABE1B9AF->325d518f-bf0d-428a-814f-266b27e759e4@group-9696F0872FC0, cid=823, SUCCESS, logIndex=1436, commits[325d518f-bf0d-428a-814f-266b27e759e4:c1438]
2019-06-15 10:53:00,767 INFO  client.GrpcClientProtocolClient (GrpcClientProtocolClient.java:onNext(254)) - client-09EBABE1B9AF->325d518f-bf0d-428a-814f-266b27e759e4: receive RaftClientReply:client-09EBABE1B9AF->325d518f-bf0d-428a-814f-266b27e759e4@group-9696F0872FC0, cid=824, SUCCESS, logIndex=1437, commits[325d518f-bf0d-428a-814f-266b27e759e4:c1438]
2019-06-15 10:53:00,776 INFO  client.GrpcClientProtocolClient (GrpcClientProtocolClient.java:onNext(254)) - client-09EBABE1B9AF->325d518f-bf0d-428a-814f-266b27e759e4: receive RaftClientReply:client-09EBABE1B9AF->325d518f-bf0d-428a-814f-266b27e759e4@group-9696F0872FC0, cid=825, SUCCESS, logIndex=1439, commits[325d518f-bf0d-428a-814f-266b27e759e4:c1439]
2019-06-15 10:53:00,778 INFO  client.GrpcClientProtocolClient (GrpcClientProtocolClient.java:onNext(254)) - client-09EBABE1B9AF->325d518f-bf0d-428a-814f-266b27e759e4: receive RaftClientReply:client-09EBABE1B9AF->325d518f-bf0d-428a-814f-266b27e759e4@group-9696F0872FC0, cid=826, SUCCESS, logIndex=1441, commits[325d518f-bf0d-428a-814f-266b27e759e4:c1441]
2019-06-15 10:53:00,779 INFO  client.GrpcClientProtocolClient (GrpcClientProtocolClient.java:onNext(254)) - client-09EBABE1B9AF->325d518f-bf0d-428a-814f-266b27e759e4: receive RaftClientReply:client-09EBABE1B9AF->325d518f-bf0d-428a-814f-266b27e759e4@group-9696F0872FC0, cid=827, SUCCESS, logIndex=1442, commits[325d518f-bf0d-428a-814f-266b27e759e4:c1442]
2019-06-15 10:53:00,779 INFO  client.GrpcClientProtocolClient (GrpcClientProtocolClient.java:onNext(254)) - client-09EBABE1B9AF->325d518f-bf0d-428a-814f-266b27e759e4: receive RaftClientReply:client-09EBABE1B9AF->325d518f-bf0d-428a-814f-266b27e759e4@group-9696F0872FC0, cid=828, SUCCESS, logIndex=1444, commits[325d518f-bf0d-428a-814f-266b27e759e4:c1444]
2019-06-15 10:53:00,785 INFO  client.GrpcClientProtocolClient (GrpcClientProtocolClient.java:onNext(254)) - client-09EBABE1B9AF->325d518f-bf0d-428a-814f-266b27e759e4: receive RaftClientReply:client-09EBABE1B9AF->325d518f-bf0d-428a-814f-266b27e759e4@group-9696F0872FC0, cid=829, SUCCESS, logIndex=1447, commits[325d518f-bf0d-428a-814f-266b27e759e4:c1447]
2019-06-15 10:53:00,788 INFO  client.GrpcClientProtocolClient (GrpcClientProtocolClient.java:onNext(254)) - client-09EBABE1B9AF->325d518f-bf0d-428a-814f-266b27e759e4: receive RaftClientReply:client-09EBABE1B9AF->325d518f-bf0d-428a-814f-266b27e759e4@group-9696F0872FC0, cid=830, SUCCESS, logIndex=1449, commits[325d518f-bf0d-428a-814f-266b27e759e4:c1449]
2019-06-15 10:53:00,789 INFO  client.GrpcClientProtocolClient (GrpcClientProtocolClient.java:onNext(254)) - client-09EBABE1B9AF->325d518f-bf0d-428a-814f-266b27e759e4: receive RaftClientReply:client-09EBABE1B9AF->325d518f-bf0d-428a-814f-266b27e759e4@group-9696F0872FC0, cid=831, SUCCESS, logIndex=1450, commits[325d518f-bf0d-428a-814f-266b27e759e4:c1452]
2019-06-15 10:53:00,789 INFO  client.GrpcClientProtocolClient (GrpcClientProtocolClient.java:onNext(254)) - client-09EBABE1B9AF->325d518f-bf0d-428a-814f-266b27e759e4: receive RaftClientReply:client-09EBABE1B9AF->325d518f-bf0d-428a-814f-266b27e759e4@group-9696F0872FC0, cid=832, SUCCESS, logIndex=1451, commits[325d518f-bf0d-428a-814f-266b27e759e4:c1452]
2019-06-15 10:53:00,800 INFO  client.GrpcClientProtocolClient (GrpcClientProtocolClient.java:onNext(254)) - client-09EBABE1B9AF->325d518f-bf0d-428a-814f-266b27e759e4: receive RaftClientReply:client-09EBABE1B9AF->325d518f-bf0d-428a-814f-266b27e759e4@group-9696F0872FC0, cid=833, SUCCESS, logIndex=1453, commits[325d518f-bf0d-428a-814f-266b27e759e4:c1453]
2019-06-15 10:53:00,801 INFO  client.GrpcClientProtocolClient (GrpcClientProtocolClient.java:onNext(254)) - client-09EBABE1B9AF->325d518f-bf0d-428a-814f-266b27e759e4: receive RaftClientReply:client-09EBABE1B9AF->325d518f-bf0d-428a-814f-266b27e759e4@group-9696F0872FC0, cid=834, SUCCESS, logIndex=1455, commits[325d518f-bf0d-428a-814f-266b27e759e4:c1455]
2019-06-15 10:53:00,804 INFO  client.GrpcClientProtocolClient (GrpcClientProtocolClient.java:onNext(254)) - client-09EBABE1B9AF->325d518f-bf0d-428a-814f-266b27e759e4: receive RaftClientReply:client-09EBABE1B9AF->325d518f-bf0d-428a-814f-266b27e759e4@group-9696F0872FC0, cid=835, SUCCESS, logIndex=1457, commits[325d518f-bf0d-428a-814f-266b27e759e4:c1458]
2019-06-15 10:53:00,804 INFO  client.GrpcClientProtocolClient (GrpcClientProtocolClient.java:onNext(254)) - client-09EBABE1B9AF->325d518f-bf0d-428a-814f-266b27e759e4: receive RaftClientReply:client-09EBABE1B9AF->325d518f-bf0d-428a-814f-266b27e759e4@group-9696F0872FC0, cid=836, SUCCESS, logIndex=1458, commits[325d518f-bf0d-428a-814f-266b27e759e4:c1458]
2019-06-15 10:53:00,805 DEBUG block.SCMBlockDeletingService (SCMBlockDeletingService.java:call(138)) - Running DeletedBlockTransactionScanner
2019-06-15 10:53:00,805 DEBUG block.SCMBlockDeletingService (SCMBlockDeletingService.java:call(155)) - Scanned deleted blocks log and got 0 delTX to process.
2019-06-15 10:53:00,811 INFO  client.GrpcClientProtocolClient (GrpcClientProtocolClient.java:onNext(254)) - client-09EBABE1B9AF->325d518f-bf0d-428a-814f-266b27e759e4: receive RaftClientReply:client-09EBABE1B9AF->325d518f-bf0d-428a-814f-266b27e759e4@group-9696F0872FC0, cid=837, SUCCESS, logIndex=1460, commits[325d518f-bf0d-428a-814f-266b27e759e4:c1460]
2019-06-15 10:53:00,813 INFO  client.GrpcClientProtocolClient (GrpcClientProtocolClient.java:onNext(254)) - client-09EBABE1B9AF->325d518f-bf0d-428a-814f-266b27e759e4: receive RaftClientReply:client-09EBABE1B9AF->325d518f-bf0d-428a-814f-266b27e759e4@group-9696F0872FC0, cid=838, SUCCESS, logIndex=1462, commits[325d518f-bf0d-428a-814f-266b27e759e4:c1462]
2019-06-15 10:53:00,879 INFO  client.GrpcClientProtocolClient (GrpcClientProtocolClient.java:onNext(254)) - client-09EBABE1B9AF->325d518f-bf0d-428a-814f-266b27e759e4: receive RaftClientReply:client-09EBABE1B9AF->325d518f-bf0d-428a-814f-266b27e759e4@group-9696F0872FC0, cid=839, SUCCESS, logIndex=1464, commits[325d518f-bf0d-428a-814f-266b27e759e4:c1464]
2019-06-15 10:53:00,880 INFO  client.GrpcClientProtocolClient (GrpcClientProtocolClient.java:onNext(254)) - client-09EBABE1B9AF->325d518f-bf0d-428a-814f-266b27e759e4: receive RaftClientReply:client-09EBABE1B9AF->325d518f-bf0d-428a-814f-266b27e759e4@group-9696F0872FC0, cid=840, SUCCESS, logIndex=1466, commits[325d518f-bf0d-428a-814f-266b27e759e4:c1466]
2019-06-15 10:53:00,890 INFO  client.GrpcClientProtocolClient (GrpcClientProtocolClient.java:onNext(254)) - client-09EBABE1B9AF->325d518f-bf0d-428a-814f-266b27e759e4: receive RaftClientReply:client-09EBABE1B9AF->325d518f-bf0d-428a-814f-266b27e759e4@group-9696F0872FC0, cid=841, SUCCESS, logIndex=1468, commits[325d518f-bf0d-428a-814f-266b27e759e4:c1468]
2019-06-15 10:53:00,892 INFO  client.GrpcClientProtocolClient (GrpcClientProtocolClient.java:onNext(254)) - client-09EBABE1B9AF->325d518f-bf0d-428a-814f-266b27e759e4: receive RaftClientReply:client-09EBABE1B9AF->325d518f-bf0d-428a-814f-266b27e759e4@group-9696F0872FC0, cid=842, SUCCESS, logIndex=1470, commits[325d518f-bf0d-428a-814f-266b27e759e4:c1470]
2019-06-15 10:53:00,893 INFO  client.GrpcClientProtocolClient (GrpcClientProtocolClient.java:onNext(254)) - client-09EBABE1B9AF->325d518f-bf0d-428a-814f-266b27e759e4: receive RaftClientReply:client-09EBABE1B9AF->325d518f-bf0d-428a-814f-266b27e759e4@group-9696F0872FC0, cid=843, SUCCESS, logIndex=1471, commits[325d518f-bf0d-428a-814f-266b27e759e4:c1473]
2019-06-15 10:53:00,893 INFO  client.GrpcClientProtocolClient (GrpcClientProtocolClient.java:onNext(254)) - client-09EBABE1B9AF->325d518f-bf0d-428a-814f-266b27e759e4: receive RaftClientReply:client-09EBABE1B9AF->325d518f-bf0d-428a-814f-266b27e759e4@group-9696F0872FC0, cid=844, SUCCESS, logIndex=1472, commits[325d518f-bf0d-428a-814f-266b27e759e4:c1473]
2019-06-15 10:53:00,899 INFO  client.GrpcClientProtocolClient (GrpcClientProtocolClient.java:onNext(254)) - client-09EBABE1B9AF->325d518f-bf0d-428a-814f-266b27e759e4: receive RaftClientReply:client-09EBABE1B9AF->325d518f-bf0d-428a-814f-266b27e759e4@group-9696F0872FC0, cid=845, SUCCESS, logIndex=1474, commits[325d518f-bf0d-428a-814f-266b27e759e4:c1474]
2019-06-15 10:53:00,900 INFO  client.GrpcClientProtocolClient (GrpcClientProtocolClient.java:onNext(254)) - client-09EBABE1B9AF->325d518f-bf0d-428a-814f-266b27e759e4: receive RaftClientReply:client-09EBABE1B9AF->325d518f-bf0d-428a-814f-266b27e759e4@group-9696F0872FC0, cid=846, SUCCESS, logIndex=1476, commits[325d518f-bf0d-428a-814f-266b27e759e4:c1476]
2019-06-15 10:53:00,902 INFO  client.GrpcClientProtocolClient (GrpcClientProtocolClient.java:onNext(254)) - client-09EBABE1B9AF->325d518f-bf0d-428a-814f-266b27e759e4: receive RaftClientReply:client-09EBABE1B9AF->325d518f-bf0d-428a-814f-266b27e759e4@group-9696F0872FC0, cid=847, SUCCESS, logIndex=1477, commits[325d518f-bf0d-428a-814f-266b27e759e4:c1479]
2019-06-15 10:53:00,902 INFO  client.GrpcClientProtocolClient (GrpcClientProtocolClient.java:onNext(254)) - client-09EBABE1B9AF->325d518f-bf0d-428a-814f-266b27e759e4: receive RaftClientReply:client-09EBABE1B9AF->325d518f-bf0d-428a-814f-266b27e759e4@group-9696F0872FC0, cid=848, SUCCESS, logIndex=1478, commits[325d518f-bf0d-428a-814f-266b27e759e4:c1479]
2019-06-15 10:53:00,906 DEBUG block.SCMBlockDeletingService (SCMBlockDeletingService.java:call(138)) - Running DeletedBlockTransactionScanner
2019-06-15 10:53:00,906 DEBUG block.SCMBlockDeletingService (SCMBlockDeletingService.java:call(155)) - Scanned deleted blocks log and got 0 delTX to process.
2019-06-15 10:53:00,914 INFO  client.GrpcClientProtocolClient (GrpcClientProtocolClient.java:onNext(254)) - client-09EBABE1B9AF->325d518f-bf0d-428a-814f-266b27e759e4: receive RaftClientReply:client-09EBABE1B9AF->325d518f-bf0d-428a-814f-266b27e759e4@group-9696F0872FC0, cid=849, SUCCESS, logIndex=1480, commits[325d518f-bf0d-428a-814f-266b27e759e4:c1480]
2019-06-15 10:53:00,915 INFO  client.GrpcClientProtocolClient (GrpcClientProtocolClient.java:onNext(254)) - client-09EBABE1B9AF->325d518f-bf0d-428a-814f-266b27e759e4: receive RaftClientReply:client-09EBABE1B9AF->325d518f-bf0d-428a-814f-266b27e759e4@group-9696F0872FC0, cid=850, SUCCESS, logIndex=1482, commits[325d518f-bf0d-428a-814f-266b27e759e4:c1482]
2019-06-15 10:53:00,923 INFO  client.GrpcClientProtocolClient (GrpcClientProtocolClient.java:onNext(254)) - client-09EBABE1B9AF->325d518f-bf0d-428a-814f-266b27e759e4: receive RaftClientReply:client-09EBABE1B9AF->325d518f-bf0d-428a-814f-266b27e759e4@group-9696F0872FC0, cid=851, SUCCESS, logIndex=1483, commits[325d518f-bf0d-428a-814f-266b27e759e4:c1485]
2019-06-15 10:53:00,924 INFO  client.GrpcClientProtocolClient (GrpcClientProtocolClient.java:onNext(254)) - client-09EBABE1B9AF->325d518f-bf0d-428a-814f-266b27e759e4: receive RaftClientReply:client-09EBABE1B9AF->325d518f-bf0d-428a-814f-266b27e759e4@group-9696F0872FC0, cid=852, SUCCESS, logIndex=1485, commits[325d518f-bf0d-428a-814f-266b27e759e4:c1486]
2019-06-15 10:53:00,935 INFO  client.GrpcClientProtocolClient (GrpcClientProtocolClient.java:onNext(254)) - client-09EBABE1B9AF->325d518f-bf0d-428a-814f-266b27e759e4: receive RaftClientReply:client-09EBABE1B9AF->325d518f-bf0d-428a-814f-266b27e759e4@group-9696F0872FC0, cid=853, SUCCESS, logIndex=1487, commits[325d518f-bf0d-428a-814f-266b27e759e4:c1487]
2019-06-15 10:53:00,936 INFO  storage.RaftLogWorker (RaftLogWorker.java:rollLogSegment(303)) - 325d518f-bf0d-428a-814f-266b27e759e4-RaftLogWorker: Rolling segment log-1422_1490 to index:1490
2019-06-15 10:53:00,937 INFO  storage.RaftLogWorker (RaftLogWorker.java:execute(433)) - 325d518f-bf0d-428a-814f-266b27e759e4-RaftLogWorker: Rolled log segment from /opt/src/hadoop-ozone/integration-test/target/test-dir/MiniOzoneClusterImpl-dd99cefe-9779-4043-9d74-181b69d2a827/datanode-0/data/ratis/e0f1d9ef-e225-4b24-a786-9696f0872fc0/current/log_inprogress_1422 to /opt/src/hadoop-ozone/integration-test/target/test-dir/MiniOzoneClusterImpl-dd99cefe-9779-4043-9d74-181b69d2a827/datanode-0/data/ratis/e0f1d9ef-e225-4b24-a786-9696f0872fc0/current/log_1422-1490
2019-06-15 10:53:00,938 INFO  client.GrpcClientProtocolClient (GrpcClientProtocolClient.java:onNext(254)) - client-09EBABE1B9AF->325d518f-bf0d-428a-814f-266b27e759e4: receive RaftClientReply:client-09EBABE1B9AF->325d518f-bf0d-428a-814f-266b27e759e4@group-9696F0872FC0, cid=854, SUCCESS, logIndex=1489, commits[325d518f-bf0d-428a-814f-266b27e759e4:c1489]
2019-06-15 10:53:00,939 INFO  client.GrpcClientProtocolClient (GrpcClientProtocolClient.java:onNext(254)) - client-09EBABE1B9AF->325d518f-bf0d-428a-814f-266b27e759e4: receive RaftClientReply:client-09EBABE1B9AF->325d518f-bf0d-428a-814f-266b27e759e4@group-9696F0872FC0, cid=855, SUCCESS, logIndex=1490, commits[325d518f-bf0d-428a-814f-266b27e759e4:c1490]
2019-06-15 10:53:00,973 INFO  storage.RaftLogWorker (RaftLogWorker.java:execute(469)) - 325d518f-bf0d-428a-814f-266b27e759e4-RaftLogWorker: created new log segment /opt/src/hadoop-ozone/integration-test/target/test-dir/MiniOzoneClusterImpl-dd99cefe-9779-4043-9d74-181b69d2a827/datanode-0/data/ratis/e0f1d9ef-e225-4b24-a786-9696f0872fc0/current/log_inprogress_1491
2019-06-15 10:53:00,976 INFO  client.GrpcClientProtocolClient (GrpcClientProtocolClient.java:onNext(254)) - client-09EBABE1B9AF->325d518f-bf0d-428a-814f-266b27e759e4: receive RaftClientReply:client-09EBABE1B9AF->325d518f-bf0d-428a-814f-266b27e759e4@group-9696F0872FC0, cid=856, SUCCESS, logIndex=1491, commits[325d518f-bf0d-428a-814f-266b27e759e4:c1493]
2019-06-15 10:53:00,988 INFO  client.GrpcClientProtocolClient (GrpcClientProtocolClient.java:onNext(254)) - client-09EBABE1B9AF->325d518f-bf0d-428a-814f-266b27e759e4: receive RaftClientReply:client-09EBABE1B9AF->325d518f-bf0d-428a-814f-266b27e759e4@group-9696F0872FC0, cid=857, SUCCESS, logIndex=1494, commits[325d518f-bf0d-428a-814f-266b27e759e4:c1494]
2019-06-15 10:53:00,991 INFO  client.GrpcClientProtocolClient (GrpcClientProtocolClient.java:onNext(254)) - client-09EBABE1B9AF->325d518f-bf0d-428a-814f-266b27e759e4: receive RaftClientReply:client-09EBABE1B9AF->325d518f-bf0d-428a-814f-266b27e759e4@group-9696F0872FC0, cid=858, SUCCESS, logIndex=1496, commits[325d518f-bf0d-428a-814f-266b27e759e4:c1496]
2019-06-15 10:53:00,991 INFO  client.GrpcClientProtocolClient (GrpcClientProtocolClient.java:onNext(254)) - client-09EBABE1B9AF->325d518f-bf0d-428a-814f-266b27e759e4: receive RaftClientReply:client-09EBABE1B9AF->325d518f-bf0d-428a-814f-266b27e759e4@group-9696F0872FC0, cid=859, SUCCESS, logIndex=1497, commits[325d518f-bf0d-428a-814f-266b27e759e4:c1498]
2019-06-15 10:53:00,991 INFO  client.GrpcClientProtocolClient (GrpcClientProtocolClient.java:onNext(254)) - client-09EBABE1B9AF->325d518f-bf0d-428a-814f-266b27e759e4: receive RaftClientReply:client-09EBABE1B9AF->325d518f-bf0d-428a-814f-266b27e759e4@group-9696F0872FC0, cid=860, SUCCESS, logIndex=1498, commits[325d518f-bf0d-428a-814f-266b27e759e4:c1498]
2019-06-15 10:53:01,005 INFO  client.GrpcClientProtocolClient (GrpcClientProtocolClient.java:onNext(254)) - client-09EBABE1B9AF->325d518f-bf0d-428a-814f-266b27e759e4: receive RaftClientReply:client-09EBABE1B9AF->325d518f-bf0d-428a-814f-266b27e759e4@group-9696F0872FC0, cid=861, SUCCESS, logIndex=1501, commits[325d518f-bf0d-428a-814f-266b27e759e4:c1502]
2019-06-15 10:53:01,006 DEBUG block.SCMBlockDeletingService (SCMBlockDeletingService.java:call(138)) - Running DeletedBlockTransactionScanner
2019-06-15 10:53:01,009 DEBUG block.SCMBlockDeletingService (SCMBlockDeletingService.java:call(155)) - Scanned deleted blocks log and got 0 delTX to process.
2019-06-15 10:53:01,009 INFO  client.GrpcClientProtocolClient (GrpcClientProtocolClient.java:onNext(254)) - client-09EBABE1B9AF->325d518f-bf0d-428a-814f-266b27e759e4: receive RaftClientReply:client-09EBABE1B9AF->325d518f-bf0d-428a-814f-266b27e759e4@group-9696F0872FC0, cid=862, SUCCESS, logIndex=1503, commits[325d518f-bf0d-428a-814f-266b27e759e4:c1503]
2019-06-15 10:53:01,010 INFO  client.GrpcClientProtocolClient (GrpcClientProtocolClient.java:onNext(254)) - client-09EBABE1B9AF->325d518f-bf0d-428a-814f-266b27e759e4: receive RaftClientReply:client-09EBABE1B9AF->325d518f-bf0d-428a-814f-266b27e759e4@group-9696F0872FC0, cid=863, SUCCESS, logIndex=1504, commits[325d518f-bf0d-428a-814f-266b27e759e4:c1506]
2019-06-15 10:53:01,010 INFO  client.GrpcClientProtocolClient (GrpcClientProtocolClient.java:onNext(254)) - client-09EBABE1B9AF->325d518f-bf0d-428a-814f-266b27e759e4: receive RaftClientReply:client-09EBABE1B9AF->325d518f-bf0d-428a-814f-266b27e759e4@group-9696F0872FC0, cid=864, SUCCESS, logIndex=1505, commits[325d518f-bf0d-428a-814f-266b27e759e4:c1506]
2019-06-15 10:53:01,027 INFO  client.GrpcClientProtocolClient (GrpcClientProtocolClient.java:onNext(254)) - client-09EBABE1B9AF->325d518f-bf0d-428a-814f-266b27e759e4: receive RaftClientReply:client-09EBABE1B9AF->325d518f-bf0d-428a-814f-266b27e759e4@group-9696F0872FC0, cid=865, SUCCESS, logIndex=1507, commits[325d518f-bf0d-428a-814f-266b27e759e4:c1507]
2019-06-15 10:53:01,028 INFO  client.GrpcClientProtocolClient (GrpcClientProtocolClient.java:onNext(254)) - client-09EBABE1B9AF->325d518f-bf0d-428a-814f-266b27e759e4: receive RaftClientReply:client-09EBABE1B9AF->325d518f-bf0d-428a-814f-266b27e759e4@group-9696F0872FC0, cid=866, SUCCESS, logIndex=1509, commits[325d518f-bf0d-428a-814f-266b27e759e4:c1509]
2019-06-15 10:53:01,029 INFO  client.GrpcClientProtocolClient (GrpcClientProtocolClient.java:onNext(254)) - client-09EBABE1B9AF->325d518f-bf0d-428a-814f-266b27e759e4: receive RaftClientReply:client-09EBABE1B9AF->325d518f-bf0d-428a-814f-266b27e759e4@group-9696F0872FC0, cid=867, SUCCESS, logIndex=1510, commits[325d518f-bf0d-428a-814f-266b27e759e4:c1511]
2019-06-15 10:53:01,032 INFO  client.GrpcClientProtocolClient (GrpcClientProtocolClient.java:onNext(254)) - client-09EBABE1B9AF->325d518f-bf0d-428a-814f-266b27e759e4: receive RaftClientReply:client-09EBABE1B9AF->325d518f-bf0d-428a-814f-266b27e759e4@group-9696F0872FC0, cid=868, SUCCESS, logIndex=1512, commits[325d518f-bf0d-428a-814f-266b27e759e4:c1512]
2019-06-15 10:53:01,043 INFO  client.GrpcClientProtocolClient (GrpcClientProtocolClient.java:onNext(254)) - client-09EBABE1B9AF->325d518f-bf0d-428a-814f-266b27e759e4: receive RaftClientReply:client-09EBABE1B9AF->325d518f-bf0d-428a-814f-266b27e759e4@group-9696F0872FC0, cid=869, SUCCESS, logIndex=1514, commits[325d518f-bf0d-428a-814f-266b27e759e4:c1514]
2019-06-15 10:53:01,045 INFO  client.GrpcClientProtocolClient (GrpcClientProtocolClient.java:onNext(254)) - client-09EBABE1B9AF->325d518f-bf0d-428a-814f-266b27e759e4: receive RaftClientReply:client-09EBABE1B9AF->325d518f-bf0d-428a-814f-266b27e759e4@group-9696F0872FC0, cid=870, SUCCESS, logIndex=1516, commits[325d518f-bf0d-428a-814f-266b27e759e4:c1516]
2019-06-15 10:53:01,047 INFO  client.GrpcClientProtocolClient (GrpcClientProtocolClient.java:onNext(254)) - client-09EBABE1B9AF->325d518f-bf0d-428a-814f-266b27e759e4: receive RaftClientReply:client-09EBABE1B9AF->325d518f-bf0d-428a-814f-266b27e759e4@group-9696F0872FC0, cid=871, SUCCESS, logIndex=1518, commits[325d518f-bf0d-428a-814f-266b27e759e4:c1518]
2019-06-15 10:53:01,049 INFO  client.GrpcClientProtocolClient (GrpcClientProtocolClient.java:onNext(254)) - client-09EBABE1B9AF->325d518f-bf0d-428a-814f-266b27e759e4: receive RaftClientReply:client-09EBABE1B9AF->325d518f-bf0d-428a-814f-266b27e759e4@group-9696F0872FC0, cid=872, SUCCESS, logIndex=1520, commits[325d518f-bf0d-428a-814f-266b27e759e4:c1520]
2019-06-15 10:53:01,059 INFO  client.GrpcClientProtocolClient (GrpcClientProtocolClient.java:onNext(254)) - client-09EBABE1B9AF->325d518f-bf0d-428a-814f-266b27e759e4: receive RaftClientReply:client-09EBABE1B9AF->325d518f-bf0d-428a-814f-266b27e759e4@group-9696F0872FC0, cid=873, SUCCESS, logIndex=1522, commits[325d518f-bf0d-428a-814f-266b27e759e4:c1522]
2019-06-15 10:53:01,061 INFO  client.GrpcClientProtocolClient (GrpcClientProtocolClient.java:onNext(254)) - client-09EBABE1B9AF->325d518f-bf0d-428a-814f-266b27e759e4: receive RaftClientReply:client-09EBABE1B9AF->325d518f-bf0d-428a-814f-266b27e759e4@group-9696F0872FC0, cid=874, SUCCESS, logIndex=1524, commits[325d518f-bf0d-428a-814f-266b27e759e4:c1524]
2019-06-15 10:53:01,062 INFO  client.GrpcClientProtocolClient (GrpcClientProtocolClient.java:onNext(254)) - client-09EBABE1B9AF->325d518f-bf0d-428a-814f-266b27e759e4: receive RaftClientReply:client-09EBABE1B9AF->325d518f-bf0d-428a-814f-266b27e759e4@group-9696F0872FC0, cid=875, SUCCESS, logIndex=1525, commits[325d518f-bf0d-428a-814f-266b27e759e4:c1525]
2019-06-15 10:53:01,062 INFO  client.GrpcClientProtocolClient (GrpcClientProtocolClient.java:onNext(254)) - client-09EBABE1B9AF->325d518f-bf0d-428a-814f-266b27e759e4: receive RaftClientReply:client-09EBABE1B9AF->325d518f-bf0d-428a-814f-266b27e759e4@group-9696F0872FC0, cid=876, SUCCESS, logIndex=1527, commits[325d518f-bf0d-428a-814f-266b27e759e4:c1527]
2019-06-15 10:53:01,068 INFO  client.GrpcClientProtocolClient (GrpcClientProtocolClient.java:onNext(254)) - client-09EBABE1B9AF->325d518f-bf0d-428a-814f-266b27e759e4: receive RaftClientReply:client-09EBABE1B9AF->325d518f-bf0d-428a-814f-266b27e759e4@group-9696F0872FC0, cid=877, SUCCESS, logIndex=1530, commits[325d518f-bf0d-428a-814f-266b27e759e4:c1530]
2019-06-15 10:53:01,070 INFO  client.GrpcClientProtocolClient (GrpcClientProtocolClient.java:onNext(254)) - client-09EBABE1B9AF->325d518f-bf0d-428a-814f-266b27e759e4: receive RaftClientReply:client-09EBABE1B9AF->325d518f-bf0d-428a-814f-266b27e759e4@group-9696F0872FC0, cid=878, SUCCESS, logIndex=1532, commits[325d518f-bf0d-428a-814f-266b27e759e4:c1532]
2019-06-15 10:53:01,071 INFO  client.GrpcClientProtocolClient (GrpcClientProtocolClient.java:onNext(254)) - client-09EBABE1B9AF->325d518f-bf0d-428a-814f-266b27e759e4: receive RaftClientReply:client-09EBABE1B9AF->325d518f-bf0d-428a-814f-266b27e759e4@group-9696F0872FC0, cid=879, SUCCESS, logIndex=1533, commits[325d518f-bf0d-428a-814f-266b27e759e4:c1535]
2019-06-15 10:53:01,071 INFO  client.GrpcClientProtocolClient (GrpcClientProtocolClient.java:onNext(254)) - client-09EBABE1B9AF->325d518f-bf0d-428a-814f-266b27e759e4: receive RaftClientReply:client-09EBABE1B9AF->325d518f-bf0d-428a-814f-266b27e759e4@group-9696F0872FC0, cid=880, SUCCESS, logIndex=1534, commits[325d518f-bf0d-428a-814f-266b27e759e4:c1535]
2019-06-15 10:53:01,082 INFO  client.GrpcClientProtocolClient (GrpcClientProtocolClient.java:onNext(254)) - client-09EBABE1B9AF->325d518f-bf0d-428a-814f-266b27e759e4: receive RaftClientReply:client-09EBABE1B9AF->325d518f-bf0d-428a-814f-266b27e759e4@group-9696F0872FC0, cid=881, SUCCESS, logIndex=1536, commits[325d518f-bf0d-428a-814f-266b27e759e4:c1536]
2019-06-15 10:53:01,084 INFO  client.GrpcClientProtocolClient (GrpcClientProtocolClient.java:onNext(254)) - client-09EBABE1B9AF->325d518f-bf0d-428a-814f-266b27e759e4: receive RaftClientReply:client-09EBABE1B9AF->325d518f-bf0d-428a-814f-266b27e759e4@group-9696F0872FC0, cid=882, SUCCESS, logIndex=1538, commits[325d518f-bf0d-428a-814f-266b27e759e4:c1538]
2019-06-15 10:53:01,084 INFO  client.GrpcClientProtocolClient (GrpcClientProtocolClient.java:onNext(254)) - client-09EBABE1B9AF->325d518f-bf0d-428a-814f-266b27e759e4: receive RaftClientReply:client-09EBABE1B9AF->325d518f-bf0d-428a-814f-266b27e759e4@group-9696F0872FC0, cid=883, SUCCESS, logIndex=1539, commits[325d518f-bf0d-428a-814f-266b27e759e4:c1539]
2019-06-15 10:53:01,085 INFO  client.GrpcClientProtocolClient (GrpcClientProtocolClient.java:onNext(254)) - client-09EBABE1B9AF->325d518f-bf0d-428a-814f-266b27e759e4: receive RaftClientReply:client-09EBABE1B9AF->325d518f-bf0d-428a-814f-266b27e759e4@group-9696F0872FC0, cid=884, SUCCESS, logIndex=1541, commits[325d518f-bf0d-428a-814f-266b27e759e4:c1541]
2019-06-15 10:53:01,109 DEBUG block.SCMBlockDeletingService (SCMBlockDeletingService.java:call(138)) - Running DeletedBlockTransactionScanner
2019-06-15 10:53:01,109 DEBUG block.SCMBlockDeletingService (SCMBlockDeletingService.java:call(155)) - Scanned deleted blocks log and got 0 delTX to process.
2019-06-15 10:53:01,216 DEBUG block.SCMBlockDeletingService (SCMBlockDeletingService.java:call(138)) - Running DeletedBlockTransactionScanner
2019-06-15 10:53:01,216 DEBUG block.SCMBlockDeletingService (SCMBlockDeletingService.java:call(155)) - Scanned deleted blocks log and got 0 delTX to process.
2019-06-15 10:53:01,229 INFO  client.GrpcClientProtocolClient (GrpcClientProtocolClient.java:onNext(254)) - client-09EBABE1B9AF->325d518f-bf0d-428a-814f-266b27e759e4: receive RaftClientReply:client-09EBABE1B9AF->325d518f-bf0d-428a-814f-266b27e759e4@group-9696F0872FC0, cid=885, SUCCESS, logIndex=1544, commits[325d518f-bf0d-428a-814f-266b27e759e4:c1544]
2019-06-15 10:53:01,233 INFO  client.GrpcClientProtocolClient (GrpcClientProtocolClient.java:onNext(254)) - client-09EBABE1B9AF->325d518f-bf0d-428a-814f-266b27e759e4: receive RaftClientReply:client-09EBABE1B9AF->325d518f-bf0d-428a-814f-266b27e759e4@group-9696F0872FC0, cid=886, SUCCESS, logIndex=1546, commits[325d518f-bf0d-428a-814f-266b27e759e4:c1547]
2019-06-15 10:53:01,233 INFO  client.GrpcClientProtocolClient (GrpcClientProtocolClient.java:onNext(254)) - client-09EBABE1B9AF->325d518f-bf0d-428a-814f-266b27e759e4: receive RaftClientReply:client-09EBABE1B9AF->325d518f-bf0d-428a-814f-266b27e759e4@group-9696F0872FC0, cid=887, SUCCESS, logIndex=1547, commits[325d518f-bf0d-428a-814f-266b27e759e4:c1548]
2019-06-15 10:53:01,234 INFO  client.GrpcClientProtocolClient (GrpcClientProtocolClient.java:onNext(254)) - client-09EBABE1B9AF->325d518f-bf0d-428a-814f-266b27e759e4: receive RaftClientReply:client-09EBABE1B9AF->325d518f-bf0d-428a-814f-266b27e759e4@group-9696F0872FC0, cid=888, SUCCESS, logIndex=1548, commits[325d518f-bf0d-428a-814f-266b27e759e4:c1548]
2019-06-15 10:53:01,243 INFO  client.GrpcClientProtocolClient (GrpcClientProtocolClient.java:onNext(254)) - client-09EBABE1B9AF->325d518f-bf0d-428a-814f-266b27e759e4: receive RaftClientReply:client-09EBABE1B9AF->325d518f-bf0d-428a-814f-266b27e759e4@group-9696F0872FC0, cid=889, SUCCESS, logIndex=1551, commits[325d518f-bf0d-428a-814f-266b27e759e4:c1551]
2019-06-15 10:53:01,244 INFO  client.GrpcClientProtocolClient (GrpcClientProtocolClient.java:onNext(254)) - client-09EBABE1B9AF->325d518f-bf0d-428a-814f-266b27e759e4: receive RaftClientReply:client-09EBABE1B9AF->325d518f-bf0d-428a-814f-266b27e759e4@group-9696F0872FC0, cid=890, SUCCESS, logIndex=1553, commits[325d518f-bf0d-428a-814f-266b27e759e4:c1553]
2019-06-15 10:53:01,246 INFO  client.GrpcClientProtocolClient (GrpcClientProtocolClient.java:onNext(254)) - client-09EBABE1B9AF->325d518f-bf0d-428a-814f-266b27e759e4: receive RaftClientReply:client-09EBABE1B9AF->325d518f-bf0d-428a-814f-266b27e759e4@group-9696F0872FC0, cid=891, SUCCESS, logIndex=1554, commits[325d518f-bf0d-428a-814f-266b27e759e4:c1556]
2019-06-15 10:53:01,246 INFO  client.GrpcClientProtocolClient (GrpcClientProtocolClient.java:onNext(254)) - client-09EBABE1B9AF->325d518f-bf0d-428a-814f-266b27e759e4: receive RaftClientReply:client-09EBABE1B9AF->325d518f-bf0d-428a-814f-266b27e759e4@group-9696F0872FC0, cid=892, SUCCESS, logIndex=1556, commits[325d518f-bf0d-428a-814f-266b27e759e4:c1556]
2019-06-15 10:53:01,254 INFO  client.GrpcClientProtocolClient (GrpcClientProtocolClient.java:onNext(254)) - client-09EBABE1B9AF->325d518f-bf0d-428a-814f-266b27e759e4: receive RaftClientReply:client-09EBABE1B9AF->325d518f-bf0d-428a-814f-266b27e759e4@group-9696F0872FC0, cid=893, SUCCESS, logIndex=1558, commits[325d518f-bf0d-428a-814f-266b27e759e4:c1558]
2019-06-15 10:53:01,257 INFO  client.GrpcClientProtocolClient (GrpcClientProtocolClient.java:onNext(254)) - client-09EBABE1B9AF->325d518f-bf0d-428a-814f-266b27e759e4: receive RaftClientReply:client-09EBABE1B9AF->325d518f-bf0d-428a-814f-266b27e759e4@group-9696F0872FC0, cid=894, SUCCESS, logIndex=1560, commits[325d518f-bf0d-428a-814f-266b27e759e4:c1560]
2019-06-15 10:53:01,258 INFO  client.GrpcClientProtocolClient (GrpcClientProtocolClient.java:onNext(254)) - client-09EBABE1B9AF->325d518f-bf0d-428a-814f-266b27e759e4: receive RaftClientReply:client-09EBABE1B9AF->325d518f-bf0d-428a-814f-266b27e759e4@group-9696F0872FC0, cid=895, SUCCESS, logIndex=1561, commits[325d518f-bf0d-428a-814f-266b27e759e4:c1562]
2019-06-15 10:53:01,258 INFO  client.GrpcClientProtocolClient (GrpcClientProtocolClient.java:onNext(254)) - client-09EBABE1B9AF->325d518f-bf0d-428a-814f-266b27e759e4: receive RaftClientReply:client-09EBABE1B9AF->325d518f-bf0d-428a-814f-266b27e759e4@group-9696F0872FC0, cid=896, SUCCESS, logIndex=1562, commits[325d518f-bf0d-428a-814f-266b27e759e4:c1562]
2019-06-15 10:53:01,271 INFO  client.GrpcClientProtocolClient (GrpcClientProtocolClient.java:onNext(254)) - client-09EBABE1B9AF->325d518f-bf0d-428a-814f-266b27e759e4: receive RaftClientReply:client-09EBABE1B9AF->325d518f-bf0d-428a-814f-266b27e759e4@group-9696F0872FC0, cid=897, SUCCESS, logIndex=1565, commits[325d518f-bf0d-428a-814f-266b27e759e4:c1565]
2019-06-15 10:53:01,272 INFO  storage.RaftLogWorker (RaftLogWorker.java:rollLogSegment(303)) - 325d518f-bf0d-428a-814f-266b27e759e4-RaftLogWorker: Rolling segment log-1491_1567 to index:1567
2019-06-15 10:53:01,272 INFO  storage.RaftLogWorker (RaftLogWorker.java:execute(433)) - 325d518f-bf0d-428a-814f-266b27e759e4-RaftLogWorker: Rolled log segment from /opt/src/hadoop-ozone/integration-test/target/test-dir/MiniOzoneClusterImpl-dd99cefe-9779-4043-9d74-181b69d2a827/datanode-0/data/ratis/e0f1d9ef-e225-4b24-a786-9696f0872fc0/current/log_inprogress_1491 to /opt/src/hadoop-ozone/integration-test/target/test-dir/MiniOzoneClusterImpl-dd99cefe-9779-4043-9d74-181b69d2a827/datanode-0/data/ratis/e0f1d9ef-e225-4b24-a786-9696f0872fc0/current/log_1491-1567
2019-06-15 10:53:01,275 INFO  client.GrpcClientProtocolClient (GrpcClientProtocolClient.java:onNext(254)) - client-09EBABE1B9AF->325d518f-bf0d-428a-814f-266b27e759e4: receive RaftClientReply:client-09EBABE1B9AF->325d518f-bf0d-428a-814f-266b27e759e4@group-9696F0872FC0, cid=898, SUCCESS, logIndex=1567, commits[325d518f-bf0d-428a-814f-266b27e759e4:c1567]
2019-06-15 10:53:01,309 INFO  storage.RaftLogWorker (RaftLogWorker.java:execute(469)) - 325d518f-bf0d-428a-814f-266b27e759e4-RaftLogWorker: created new log segment /opt/src/hadoop-ozone/integration-test/target/test-dir/MiniOzoneClusterImpl-dd99cefe-9779-4043-9d74-181b69d2a827/datanode-0/data/ratis/e0f1d9ef-e225-4b24-a786-9696f0872fc0/current/log_inprogress_1568
2019-06-15 10:53:01,311 INFO  client.GrpcClientProtocolClient (GrpcClientProtocolClient.java:onNext(254)) - client-09EBABE1B9AF->325d518f-bf0d-428a-814f-266b27e759e4: receive RaftClientReply:client-09EBABE1B9AF->325d518f-bf0d-428a-814f-266b27e759e4@group-9696F0872FC0, cid=899, SUCCESS, logIndex=1568, commits[325d518f-bf0d-428a-814f-266b27e759e4:c1570]
2019-06-15 10:53:01,312 INFO  client.GrpcClientProtocolClient (GrpcClientProtocolClient.java:onNext(254)) - client-09EBABE1B9AF->325d518f-bf0d-428a-814f-266b27e759e4: receive RaftClientReply:client-09EBABE1B9AF->325d518f-bf0d-428a-814f-266b27e759e4@group-9696F0872FC0, cid=900, SUCCESS, logIndex=1569, commits[325d518f-bf0d-428a-814f-266b27e759e4:c1570]
2019-06-15 10:53:01,316 DEBUG block.SCMBlockDeletingService (SCMBlockDeletingService.java:call(138)) - Running DeletedBlockTransactionScanner
2019-06-15 10:53:01,317 DEBUG block.SCMBlockDeletingService (SCMBlockDeletingService.java:call(155)) - Scanned deleted blocks log and got 0 delTX to process.
2019-06-15 10:53:01,318 INFO  client.GrpcClientProtocolClient (GrpcClientProtocolClient.java:onNext(254)) - client-09EBABE1B9AF->325d518f-bf0d-428a-814f-266b27e759e4: receive RaftClientReply:client-09EBABE1B9AF->325d518f-bf0d-428a-814f-266b27e759e4@group-9696F0872FC0, cid=901, SUCCESS, logIndex=1571, commits[325d518f-bf0d-428a-814f-266b27e759e4:c1571]
2019-06-15 10:53:01,320 INFO  client.GrpcClientProtocolClient (GrpcClientProtocolClient.java:onNext(254)) - client-09EBABE1B9AF->325d518f-bf0d-428a-814f-266b27e759e4: receive RaftClientReply:client-09EBABE1B9AF->325d518f-bf0d-428a-814f-266b27e759e4@group-9696F0872FC0, cid=902, SUCCESS, logIndex=1573, commits[325d518f-bf0d-428a-814f-266b27e759e4:c1573]
2019-06-15 10:53:01,320 INFO  client.GrpcClientProtocolClient (GrpcClientProtocolClient.java:onNext(254)) - client-09EBABE1B9AF->325d518f-bf0d-428a-814f-266b27e759e4: receive RaftClientReply:client-09EBABE1B9AF->325d518f-bf0d-428a-814f-266b27e759e4@group-9696F0872FC0, cid=903, SUCCESS, logIndex=1574, commits[325d518f-bf0d-428a-814f-266b27e759e4:c1575]
2019-06-15 10:53:01,320 INFO  client.GrpcClientProtocolClient (GrpcClientProtocolClient.java:onNext(254)) - client-09EBABE1B9AF->325d518f-bf0d-428a-814f-266b27e759e4: receive RaftClientReply:client-09EBABE1B9AF->325d518f-bf0d-428a-814f-266b27e759e4@group-9696F0872FC0, cid=904, SUCCESS, logIndex=1575, commits[325d518f-bf0d-428a-814f-266b27e759e4:c1575]
2019-06-15 10:53:01,330 INFO  client.GrpcClientProtocolClient (GrpcClientProtocolClient.java:onNext(254)) - client-09EBABE1B9AF->325d518f-bf0d-428a-814f-266b27e759e4: receive RaftClientReply:client-09EBABE1B9AF->325d518f-bf0d-428a-814f-266b27e759e4@group-9696F0872FC0, cid=905, SUCCESS, logIndex=1578, commits[325d518f-bf0d-428a-814f-266b27e759e4:c1578]
2019-06-15 10:53:01,332 INFO  client.GrpcClientProtocolClient (GrpcClientProtocolClient.java:onNext(254)) - client-09EBABE1B9AF->325d518f-bf0d-428a-814f-266b27e759e4: receive RaftClientReply:client-09EBABE1B9AF->325d518f-bf0d-428a-814f-266b27e759e4@group-9696F0872FC0, cid=906, SUCCESS, logIndex=1580, commits[325d518f-bf0d-428a-814f-266b27e759e4:c1580]
2019-06-15 10:53:01,333 INFO  client.GrpcClientProtocolClient (GrpcClientProtocolClient.java:onNext(254)) - client-09EBABE1B9AF->325d518f-bf0d-428a-814f-266b27e759e4: receive RaftClientReply:client-09EBABE1B9AF->325d518f-bf0d-428a-814f-266b27e759e4@group-9696F0872FC0, cid=907, SUCCESS, logIndex=1581, commits[325d518f-bf0d-428a-814f-266b27e759e4:c1582]
2019-06-15 10:53:01,333 INFO  client.GrpcClientProtocolClient (GrpcClientProtocolClient.java:onNext(254)) - client-09EBABE1B9AF->325d518f-bf0d-428a-814f-266b27e759e4: receive RaftClientReply:client-09EBABE1B9AF->325d518f-bf0d-428a-814f-266b27e759e4@group-9696F0872FC0, cid=908, SUCCESS, logIndex=1582, commits[325d518f-bf0d-428a-814f-266b27e759e4:c1582]
2019-06-15 10:53:01,339 INFO  client.GrpcClientProtocolClient (GrpcClientProtocolClient.java:onNext(254)) - client-09EBABE1B9AF->325d518f-bf0d-428a-814f-266b27e759e4: receive RaftClientReply:client-09EBABE1B9AF->325d518f-bf0d-428a-814f-266b27e759e4@group-9696F0872FC0, cid=909, SUCCESS, logIndex=1585, commits[325d518f-bf0d-428a-814f-266b27e759e4:c1585]
2019-06-15 10:53:01,340 INFO  client.GrpcClientProtocolClient (GrpcClientProtocolClient.java:onNext(254)) - client-09EBABE1B9AF->325d518f-bf0d-428a-814f-266b27e759e4: receive RaftClientReply:client-09EBABE1B9AF->325d518f-bf0d-428a-814f-266b27e759e4@group-9696F0872FC0, cid=910, SUCCESS, logIndex=1587, commits[325d518f-bf0d-428a-814f-266b27e759e4:c1587]
2019-06-15 10:53:01,342 INFO  client.GrpcClientProtocolClient (GrpcClientProtocolClient.java:onNext(254)) - client-09EBABE1B9AF->325d518f-bf0d-428a-814f-266b27e759e4: receive RaftClientReply:client-09EBABE1B9AF->325d518f-bf0d-428a-814f-266b27e759e4@group-9696F0872FC0, cid=911, SUCCESS, logIndex=1589, commits[325d518f-bf0d-428a-814f-266b27e759e4:c1590]
2019-06-15 10:53:01,343 INFO  client.GrpcClientProtocolClient (GrpcClientProtocolClient.java:onNext(254)) - client-09EBABE1B9AF->325d518f-bf0d-428a-814f-266b27e759e4: receive RaftClientReply:client-09EBABE1B9AF->325d518f-bf0d-428a-814f-266b27e759e4@group-9696F0872FC0, cid=912, SUCCESS, logIndex=1590, commits[325d518f-bf0d-428a-814f-266b27e759e4:c1590]
2019-06-15 10:53:01,353 INFO  client.GrpcClientProtocolClient (GrpcClientProtocolClient.java:onNext(254)) - client-09EBABE1B9AF->325d518f-bf0d-428a-814f-266b27e759e4: receive RaftClientReply:client-09EBABE1B9AF->325d518f-bf0d-428a-814f-266b27e759e4@group-9696F0872FC0, cid=913, SUCCESS, logIndex=1592, commits[325d518f-bf0d-428a-814f-266b27e759e4:c1592]
2019-06-15 10:53:01,355 INFO  client.GrpcClientProtocolClient (GrpcClientProtocolClient.java:onNext(254)) - client-09EBABE1B9AF->325d518f-bf0d-428a-814f-266b27e759e4: receive RaftClientReply:client-09EBABE1B9AF->325d518f-bf0d-428a-814f-266b27e759e4@group-9696F0872FC0, cid=914, SUCCESS, logIndex=1594, commits[325d518f-bf0d-428a-814f-266b27e759e4:c1594]
2019-06-15 10:53:01,355 INFO  client.GrpcClientProtocolClient (GrpcClientProtocolClient.java:onNext(254)) - client-09EBABE1B9AF->325d518f-bf0d-428a-814f-266b27e759e4: receive RaftClientReply:client-09EBABE1B9AF->325d518f-bf0d-428a-814f-266b27e759e4@group-9696F0872FC0, cid=915, SUCCESS, logIndex=1595, commits[325d518f-bf0d-428a-814f-266b27e759e4:c1596]
2019-06-15 10:53:01,357 INFO  client.GrpcClientProtocolClient (GrpcClientProtocolClient.java:onNext(254)) - client-09EBABE1B9AF->325d518f-bf0d-428a-814f-266b27e759e4: receive RaftClientReply:client-09EBABE1B9AF->325d518f-bf0d-428a-814f-266b27e759e4@group-9696F0872FC0, cid=916, SUCCESS, logIndex=1597, commits[325d518f-bf0d-428a-814f-266b27e759e4:c1597]
2019-06-15 10:53:01,362 INFO  client.GrpcClientProtocolClient (GrpcClientProtocolClient.java:onNext(254)) - client-09EBABE1B9AF->325d518f-bf0d-428a-814f-266b27e759e4: receive RaftClientReply:client-09EBABE1B9AF->325d518f-bf0d-428a-814f-266b27e759e4@group-9696F0872FC0, cid=917, SUCCESS, logIndex=1599, commits[325d518f-bf0d-428a-814f-266b27e759e4:c1599]
2019-06-15 10:53:01,365 INFO  client.GrpcClientProtocolClient (GrpcClientProtocolClient.java:onNext(254)) - client-09EBABE1B9AF->325d518f-bf0d-428a-814f-266b27e759e4: receive RaftClientReply:client-09EBABE1B9AF->325d518f-bf0d-428a-814f-266b27e759e4@group-9696F0872FC0, cid=918, SUCCESS, logIndex=1601, commits[325d518f-bf0d-428a-814f-266b27e759e4:c1601]
2019-06-15 10:53:01,365 INFO  client.GrpcClientProtocolClient (GrpcClientProtocolClient.java:onNext(254)) - client-09EBABE1B9AF->325d518f-bf0d-428a-814f-266b27e759e4: receive RaftClientReply:client-09EBABE1B9AF->325d518f-bf0d-428a-814f-266b27e759e4@group-9696F0872FC0, cid=919, SUCCESS, logIndex=1602, commits[325d518f-bf0d-428a-814f-266b27e759e4:c1604]
2019-06-15 10:53:01,366 INFO  client.GrpcClientProtocolClient (GrpcClientProtocolClient.java:onNext(254)) - client-09EBABE1B9AF->325d518f-bf0d-428a-814f-266b27e759e4: receive RaftClientReply:client-09EBABE1B9AF->325d518f-bf0d-428a-814f-266b27e759e4@group-9696F0872FC0, cid=920, SUCCESS, logIndex=1603, commits[325d518f-bf0d-428a-814f-266b27e759e4:c1604]
2019-06-15 10:53:01,376 INFO  client.GrpcClientProtocolClient (GrpcClientProtocolClient.java:onNext(254)) - client-09EBABE1B9AF->325d518f-bf0d-428a-814f-266b27e759e4: receive RaftClientReply:client-09EBABE1B9AF->325d518f-bf0d-428a-814f-266b27e759e4@group-9696F0872FC0, cid=921, SUCCESS, logIndex=1605, commits[325d518f-bf0d-428a-814f-266b27e759e4:c1605]
2019-06-15 10:53:01,378 INFO  client.GrpcClientProtocolClient (GrpcClientProtocolClient.java:onNext(254)) - client-09EBABE1B9AF->325d518f-bf0d-428a-814f-266b27e759e4: receive RaftClientReply:client-09EBABE1B9AF->325d518f-bf0d-428a-814f-266b27e759e4@group-9696F0872FC0, cid=922, SUCCESS, logIndex=1607, commits[325d518f-bf0d-428a-814f-266b27e759e4:c1607]
2019-06-15 10:53:01,379 INFO  client.GrpcClientProtocolClient (GrpcClientProtocolClient.java:onNext(254)) - client-09EBABE1B9AF->325d518f-bf0d-428a-814f-266b27e759e4: receive RaftClientReply:client-09EBABE1B9AF->325d518f-bf0d-428a-814f-266b27e759e4@group-9696F0872FC0, cid=923, SUCCESS, logIndex=1608, commits[325d518f-bf0d-428a-814f-266b27e759e4:c1610]
2019-06-15 10:53:01,379 INFO  client.GrpcClientProtocolClient (GrpcClientProtocolClient.java:onNext(254)) - client-09EBABE1B9AF->325d518f-bf0d-428a-814f-266b27e759e4: receive RaftClientReply:client-09EBABE1B9AF->325d518f-bf0d-428a-814f-266b27e759e4@group-9696F0872FC0, cid=924, SUCCESS, logIndex=1610, commits[325d518f-bf0d-428a-814f-266b27e759e4:c1610]
2019-06-15 10:53:01,385 INFO  client.GrpcClientProtocolClient (GrpcClientProtocolClient.java:onNext(254)) - client-09EBABE1B9AF->325d518f-bf0d-428a-814f-266b27e759e4: receive RaftClientReply:client-09EBABE1B9AF->325d518f-bf0d-428a-814f-266b27e759e4@group-9696F0872FC0, cid=925, SUCCESS, logIndex=1612, commits[325d518f-bf0d-428a-814f-266b27e759e4:c1612]
2019-06-15 10:53:01,387 INFO  client.GrpcClientProtocolClient (GrpcClientProtocolClient.java:onNext(254)) - client-09EBABE1B9AF->325d518f-bf0d-428a-814f-266b27e759e4: receive RaftClientReply:client-09EBABE1B9AF->325d518f-bf0d-428a-814f-266b27e759e4@group-9696F0872FC0, cid=926, SUCCESS, logIndex=1614, commits[325d518f-bf0d-428a-814f-266b27e759e4:c1614]
2019-06-15 10:53:01,388 INFO  client.GrpcClientProtocolClient (GrpcClientProtocolClient.java:onNext(254)) - client-09EBABE1B9AF->325d518f-bf0d-428a-814f-266b27e759e4: receive RaftClientReply:client-09EBABE1B9AF->325d518f-bf0d-428a-814f-266b27e759e4@group-9696F0872FC0, cid=927, SUCCESS, logIndex=1615, commits[325d518f-bf0d-428a-814f-266b27e759e4:c1617]
2019-06-15 10:53:01,388 INFO  client.GrpcClientProtocolClient (GrpcClientProtocolClient.java:onNext(254)) - client-09EBABE1B9AF->325d518f-bf0d-428a-814f-266b27e759e4: receive RaftClientReply:client-09EBABE1B9AF->325d518f-bf0d-428a-814f-266b27e759e4@group-9696F0872FC0, cid=928, SUCCESS, logIndex=1616, commits[325d518f-bf0d-428a-814f-266b27e759e4:c1617]
2019-06-15 10:53:01,417 DEBUG block.SCMBlockDeletingService (SCMBlockDeletingService.java:call(138)) - Running DeletedBlockTransactionScanner
2019-06-15 10:53:01,417 DEBUG block.SCMBlockDeletingService (SCMBlockDeletingService.java:call(155)) - Scanned deleted blocks log and got 0 delTX to process.
2019-06-15 10:53:01,475 INFO  client.GrpcClientProtocolClient (GrpcClientProtocolClient.java:onNext(254)) - client-09EBABE1B9AF->325d518f-bf0d-428a-814f-266b27e759e4: receive RaftClientReply:client-09EBABE1B9AF->325d518f-bf0d-428a-814f-266b27e759e4@group-9696F0872FC0, cid=929, SUCCESS, logIndex=1618, commits[325d518f-bf0d-428a-814f-266b27e759e4:c1618]
2019-06-15 10:53:01,477 INFO  client.GrpcClientProtocolClient (GrpcClientProtocolClient.java:onNext(254)) - client-09EBABE1B9AF->325d518f-bf0d-428a-814f-266b27e759e4: receive RaftClientReply:client-09EBABE1B9AF->325d518f-bf0d-428a-814f-266b27e759e4@group-9696F0872FC0, cid=930, SUCCESS, logIndex=1620, commits[325d518f-bf0d-428a-814f-266b27e759e4:c1620]
2019-06-15 10:53:01,478 INFO  client.GrpcClientProtocolClient (GrpcClientProtocolClient.java:onNext(254)) - client-09EBABE1B9AF->325d518f-bf0d-428a-814f-266b27e759e4: receive RaftClientReply:client-09EBABE1B9AF->325d518f-bf0d-428a-814f-266b27e759e4@group-9696F0872FC0, cid=931, SUCCESS, logIndex=1621, commits[325d518f-bf0d-428a-814f-266b27e759e4:c1623]
2019-06-15 10:53:01,478 INFO  client.GrpcClientProtocolClient (GrpcClientProtocolClient.java:onNext(254)) - client-09EBABE1B9AF->325d518f-bf0d-428a-814f-266b27e759e4: receive RaftClientReply:client-09EBABE1B9AF->325d518f-bf0d-428a-814f-266b27e759e4@group-9696F0872FC0, cid=932, SUCCESS, logIndex=1622, commits[325d518f-bf0d-428a-814f-266b27e759e4:c1623]
2019-06-15 10:53:01,484 INFO  client.GrpcClientProtocolClient (GrpcClientProtocolClient.java:onNext(254)) - client-09EBABE1B9AF->325d518f-bf0d-428a-814f-266b27e759e4: receive RaftClientReply:client-09EBABE1B9AF->325d518f-bf0d-428a-814f-266b27e759e4@group-9696F0872FC0, cid=933, SUCCESS, logIndex=1624, commits[325d518f-bf0d-428a-814f-266b27e759e4:c1624]
2019-06-15 10:53:01,486 INFO  client.GrpcClientProtocolClient (GrpcClientProtocolClient.java:onNext(254)) - client-09EBABE1B9AF->325d518f-bf0d-428a-814f-266b27e759e4: receive RaftClientReply:client-09EBABE1B9AF->325d518f-bf0d-428a-814f-266b27e759e4@group-9696F0872FC0, cid=934, SUCCESS, logIndex=1626, commits[325d518f-bf0d-428a-814f-266b27e759e4:c1626]
2019-06-15 10:53:01,487 INFO  client.GrpcClientProtocolClient (GrpcClientProtocolClient.java:onNext(254)) - client-09EBABE1B9AF->325d518f-bf0d-428a-814f-266b27e759e4: receive RaftClientReply:client-09EBABE1B9AF->325d518f-bf0d-428a-814f-266b27e759e4@group-9696F0872FC0, cid=935, SUCCESS, logIndex=1627, commits[325d518f-bf0d-428a-814f-266b27e759e4:c1628]
2019-06-15 10:53:01,487 INFO  client.GrpcClientProtocolClient (GrpcClientProtocolClient.java:onNext(254)) - client-09EBABE1B9AF->325d518f-bf0d-428a-814f-266b27e759e4: receive RaftClientReply:client-09EBABE1B9AF->325d518f-bf0d-428a-814f-266b27e759e4@group-9696F0872FC0, cid=936, SUCCESS, logIndex=1628, commits[325d518f-bf0d-428a-814f-266b27e759e4:c1629]
2019-06-15 10:53:01,496 INFO  client.GrpcClientProtocolClient (GrpcClientProtocolClient.java:onNext(254)) - client-09EBABE1B9AF->325d518f-bf0d-428a-814f-266b27e759e4: receive RaftClientReply:client-09EBABE1B9AF->325d518f-bf0d-428a-814f-266b27e759e4@group-9696F0872FC0, cid=937, SUCCESS, logIndex=1631, commits[325d518f-bf0d-428a-814f-266b27e759e4:c1631]
2019-06-15 10:53:01,498 INFO  client.GrpcClientProtocolClient (GrpcClientProtocolClient.java:onNext(254)) - client-09EBABE1B9AF->325d518f-bf0d-428a-814f-266b27e759e4: receive RaftClientReply:client-09EBABE1B9AF->325d518f-bf0d-428a-814f-266b27e759e4@group-9696F0872FC0, cid=938, SUCCESS, logIndex=1633, commits[325d518f-bf0d-428a-814f-266b27e759e4:c1633]
2019-06-15 10:53:01,499 INFO  client.GrpcClientProtocolClient (GrpcClientProtocolClient.java:onNext(254)) - client-09EBABE1B9AF->325d518f-bf0d-428a-814f-266b27e759e4: receive RaftClientReply:client-09EBABE1B9AF->325d518f-bf0d-428a-814f-266b27e759e4@group-9696F0872FC0, cid=939, SUCCESS, logIndex=1635, commits[325d518f-bf0d-428a-814f-266b27e759e4:c1636]
2019-06-15 10:53:01,500 INFO  client.GrpcClientProtocolClient (GrpcClientProtocolClient.java:onNext(254)) - client-09EBABE1B9AF->325d518f-bf0d-428a-814f-266b27e759e4: receive RaftClientReply:client-09EBABE1B9AF->325d518f-bf0d-428a-814f-266b27e759e4@group-9696F0872FC0, cid=940, SUCCESS, logIndex=1636, commits[325d518f-bf0d-428a-814f-266b27e759e4:c1637]
2019-06-15 10:53:01,506 INFO  client.GrpcClientProtocolClient (GrpcClientProtocolClient.java:onNext(254)) - client-09EBABE1B9AF->325d518f-bf0d-428a-814f-266b27e759e4: receive RaftClientReply:client-09EBABE1B9AF->325d518f-bf0d-428a-814f-266b27e759e4@group-9696F0872FC0, cid=941, SUCCESS, logIndex=1638, commits[325d518f-bf0d-428a-814f-266b27e759e4:c1638]
2019-06-15 10:53:01,506 INFO  storage.RaftLogWorker (RaftLogWorker.java:rollLogSegment(303)) - 325d518f-bf0d-428a-814f-266b27e759e4-RaftLogWorker: Rolling segment log-1568_1639 to index:1639
2019-06-15 10:53:01,507 INFO  storage.RaftLogWorker (RaftLogWorker.java:execute(433)) - 325d518f-bf0d-428a-814f-266b27e759e4-RaftLogWorker: Rolled log segment from /opt/src/hadoop-ozone/integration-test/target/test-dir/MiniOzoneClusterImpl-dd99cefe-9779-4043-9d74-181b69d2a827/datanode-0/data/ratis/e0f1d9ef-e225-4b24-a786-9696f0872fc0/current/log_inprogress_1568 to /opt/src/hadoop-ozone/integration-test/target/test-dir/MiniOzoneClusterImpl-dd99cefe-9779-4043-9d74-181b69d2a827/datanode-0/data/ratis/e0f1d9ef-e225-4b24-a786-9696f0872fc0/current/log_1568-1639
2019-06-15 10:53:01,517 DEBUG block.SCMBlockDeletingService (SCMBlockDeletingService.java:call(138)) - Running DeletedBlockTransactionScanner
2019-06-15 10:53:01,517 DEBUG block.SCMBlockDeletingService (SCMBlockDeletingService.java:call(155)) - Scanned deleted blocks log and got 0 delTX to process.
2019-06-15 10:53:01,543 INFO  storage.RaftLogWorker (RaftLogWorker.java:execute(469)) - 325d518f-bf0d-428a-814f-266b27e759e4-RaftLogWorker: created new log segment /opt/src/hadoop-ozone/integration-test/target/test-dir/MiniOzoneClusterImpl-dd99cefe-9779-4043-9d74-181b69d2a827/datanode-0/data/ratis/e0f1d9ef-e225-4b24-a786-9696f0872fc0/current/log_inprogress_1640
2019-06-15 10:53:01,545 INFO  client.GrpcClientProtocolClient (GrpcClientProtocolClient.java:onNext(254)) - client-09EBABE1B9AF->325d518f-bf0d-428a-814f-266b27e759e4: receive RaftClientReply:client-09EBABE1B9AF->325d518f-bf0d-428a-814f-266b27e759e4@group-9696F0872FC0, cid=942, SUCCESS, logIndex=1640, commits[325d518f-bf0d-428a-814f-266b27e759e4:c1642]
2019-06-15 10:53:01,545 INFO  client.GrpcClientProtocolClient (GrpcClientProtocolClient.java:onNext(254)) - client-09EBABE1B9AF->325d518f-bf0d-428a-814f-266b27e759e4: receive RaftClientReply:client-09EBABE1B9AF->325d518f-bf0d-428a-814f-266b27e759e4@group-9696F0872FC0, cid=943, SUCCESS, logIndex=1641, commits[325d518f-bf0d-428a-814f-266b27e759e4:c1643]
2019-06-15 10:53:01,546 INFO  client.GrpcClientProtocolClient (GrpcClientProtocolClient.java:onNext(254)) - client-09EBABE1B9AF->325d518f-bf0d-428a-814f-266b27e759e4: receive RaftClientReply:client-09EBABE1B9AF->325d518f-bf0d-428a-814f-266b27e759e4@group-9696F0872FC0, cid=944, SUCCESS, logIndex=1642, commits[325d518f-bf0d-428a-814f-266b27e759e4:c1643]
2019-06-15 10:53:01,556 INFO  client.GrpcClientProtocolClient (GrpcClientProtocolClient.java:onNext(254)) - client-09EBABE1B9AF->325d518f-bf0d-428a-814f-266b27e759e4: receive RaftClientReply:client-09EBABE1B9AF->325d518f-bf0d-428a-814f-266b27e759e4@group-9696F0872FC0, cid=945, SUCCESS, logIndex=1644, commits[325d518f-bf0d-428a-814f-266b27e759e4:c1644]
2019-06-15 10:53:01,558 INFO  client.GrpcClientProtocolClient (GrpcClientProtocolClient.java:onNext(254)) - client-09EBABE1B9AF->325d518f-bf0d-428a-814f-266b27e759e4: receive RaftClientReply:client-09EBABE1B9AF->325d518f-bf0d-428a-814f-266b27e759e4@group-9696F0872FC0, cid=946, SUCCESS, logIndex=1646, commits[325d518f-bf0d-428a-814f-266b27e759e4:c1646]
2019-06-15 10:53:01,559 INFO  client.GrpcClientProtocolClient (GrpcClientProtocolClient.java:onNext(254)) - client-09EBABE1B9AF->325d518f-bf0d-428a-814f-266b27e759e4: receive RaftClientReply:client-09EBABE1B9AF->325d518f-bf0d-428a-814f-266b27e759e4@group-9696F0872FC0, cid=947, SUCCESS, logIndex=1647, commits[325d518f-bf0d-428a-814f-266b27e759e4:c1647]
2019-06-15 10:53:01,559 INFO  client.GrpcClientProtocolClient (GrpcClientProtocolClient.java:onNext(254)) - client-09EBABE1B9AF->325d518f-bf0d-428a-814f-266b27e759e4: receive RaftClientReply:client-09EBABE1B9AF->325d518f-bf0d-428a-814f-266b27e759e4@group-9696F0872FC0, cid=948, SUCCESS, logIndex=1649, commits[325d518f-bf0d-428a-814f-266b27e759e4:c1649]
2019-06-15 10:53:01,565 INFO  client.GrpcClientProtocolClient (GrpcClientProtocolClient.java:onNext(254)) - client-09EBABE1B9AF->325d518f-bf0d-428a-814f-266b27e759e4: receive RaftClientReply:client-09EBABE1B9AF->325d518f-bf0d-428a-814f-266b27e759e4@group-9696F0872FC0, cid=949, SUCCESS, logIndex=1652, commits[325d518f-bf0d-428a-814f-266b27e759e4:c1652]
2019-06-15 10:53:01,566 INFO  client.GrpcClientProtocolClient (GrpcClientProtocolClient.java:onNext(254)) - client-09EBABE1B9AF->325d518f-bf0d-428a-814f-266b27e759e4: receive RaftClientReply:client-09EBABE1B9AF->325d518f-bf0d-428a-814f-266b27e759e4@group-9696F0872FC0, cid=950, SUCCESS, logIndex=1654, commits[325d518f-bf0d-428a-814f-266b27e759e4:c1654]
2019-06-15 10:53:01,569 INFO  client.GrpcClientProtocolClient (GrpcClientProtocolClient.java:onNext(254)) - client-09EBABE1B9AF->325d518f-bf0d-428a-814f-266b27e759e4: receive RaftClientReply:client-09EBABE1B9AF->325d518f-bf0d-428a-814f-266b27e759e4@group-9696F0872FC0, cid=951, SUCCESS, logIndex=1656, commits[325d518f-bf0d-428a-814f-266b27e759e4:c1657]
2019-06-15 10:53:01,569 INFO  client.GrpcClientProtocolClient (GrpcClientProtocolClient.java:onNext(254)) - client-09EBABE1B9AF->325d518f-bf0d-428a-814f-266b27e759e4: receive RaftClientReply:client-09EBABE1B9AF->325d518f-bf0d-428a-814f-266b27e759e4@group-9696F0872FC0, cid=952, SUCCESS, logIndex=1657, commits[325d518f-bf0d-428a-814f-266b27e759e4:c1657]
2019-06-15 10:53:01,579 INFO  client.GrpcClientProtocolClient (GrpcClientProtocolClient.java:onNext(254)) - client-09EBABE1B9AF->325d518f-bf0d-428a-814f-266b27e759e4: receive RaftClientReply:client-09EBABE1B9AF->325d518f-bf0d-428a-814f-266b27e759e4@group-9696F0872FC0, cid=953, SUCCESS, logIndex=1659, commits[325d518f-bf0d-428a-814f-266b27e759e4:c1659]
2019-06-15 10:53:01,580 INFO  client.GrpcClientProtocolClient (GrpcClientProtocolClient.java:onNext(254)) - client-09EBABE1B9AF->325d518f-bf0d-428a-814f-266b27e759e4: receive RaftClientReply:client-09EBABE1B9AF->325d518f-bf0d-428a-814f-266b27e759e4@group-9696F0872FC0, cid=954, SUCCESS, logIndex=1661, commits[325d518f-bf0d-428a-814f-266b27e759e4:c1661]
2019-06-15 10:53:01,582 INFO  client.GrpcClientProtocolClient (GrpcClientProtocolClient.java:onNext(254)) - client-09EBABE1B9AF->325d518f-bf0d-428a-814f-266b27e759e4: receive RaftClientReply:client-09EBABE1B9AF->325d518f-bf0d-428a-814f-266b27e759e4@group-9696F0872FC0, cid=955, SUCCESS, logIndex=1663, commits[325d518f-bf0d-428a-814f-266b27e759e4:c1664]
2019-06-15 10:53:01,583 INFO  client.GrpcClientProtocolClient (GrpcClientProtocolClient.java:onNext(254)) - client-09EBABE1B9AF->325d518f-bf0d-428a-814f-266b27e759e4: receive RaftClientReply:client-09EBABE1B9AF->325d518f-bf0d-428a-814f-266b27e759e4@group-9696F0872FC0, cid=956, SUCCESS, logIndex=1664, commits[325d518f-bf0d-428a-814f-266b27e759e4:c1664]
2019-06-15 10:53:01,589 INFO  client.GrpcClientProtocolClient (GrpcClientProtocolClient.java:onNext(254)) - client-09EBABE1B9AF->325d518f-bf0d-428a-814f-266b27e759e4: receive RaftClientReply:client-09EBABE1B9AF->325d518f-bf0d-428a-814f-266b27e759e4@group-9696F0872FC0, cid=957, SUCCESS, logIndex=1666, commits[325d518f-bf0d-428a-814f-266b27e759e4:c1666]
2019-06-15 10:53:01,590 INFO  client.GrpcClientProtocolClient (GrpcClientProtocolClient.java:onNext(254)) - client-09EBABE1B9AF->325d518f-bf0d-428a-814f-266b27e759e4: receive RaftClientReply:client-09EBABE1B9AF->325d518f-bf0d-428a-814f-266b27e759e4@group-9696F0872FC0, cid=958, SUCCESS, logIndex=1668, commits[325d518f-bf0d-428a-814f-266b27e759e4:c1668]
2019-06-15 10:53:01,591 INFO  client.GrpcClientProtocolClient (GrpcClientProtocolClient.java:onNext(254)) - client-09EBABE1B9AF->325d518f-bf0d-428a-814f-266b27e759e4: receive RaftClientReply:client-09EBABE1B9AF->325d518f-bf0d-428a-814f-266b27e759e4@group-9696F0872FC0, cid=959, SUCCESS, logIndex=1669, commits[325d518f-bf0d-428a-814f-266b27e759e4:c1671]
2019-06-15 10:53:01,592 INFO  client.GrpcClientProtocolClient (GrpcClientProtocolClient.java:onNext(254)) - client-09EBABE1B9AF->325d518f-bf0d-428a-814f-266b27e759e4: receive RaftClientReply:client-09EBABE1B9AF->325d518f-bf0d-428a-814f-266b27e759e4@group-9696F0872FC0, cid=960, SUCCESS, logIndex=1670, commits[325d518f-bf0d-428a-814f-266b27e759e4:c1671]
2019-06-15 10:53:01,602 INFO  client.GrpcClientProtocolClient (GrpcClientProtocolClient.java:onNext(254)) - client-09EBABE1B9AF->325d518f-bf0d-428a-814f-266b27e759e4: receive RaftClientReply:client-09EBABE1B9AF->325d518f-bf0d-428a-814f-266b27e759e4@group-9696F0872FC0, cid=961, SUCCESS, logIndex=1672, commits[325d518f-bf0d-428a-814f-266b27e759e4:c1672]
2019-06-15 10:53:01,604 INFO  client.GrpcClientProtocolClient (GrpcClientProtocolClient.java:onNext(254)) - client-09EBABE1B9AF->325d518f-bf0d-428a-814f-266b27e759e4: receive RaftClientReply:client-09EBABE1B9AF->325d518f-bf0d-428a-814f-266b27e759e4@group-9696F0872FC0, cid=962, SUCCESS, logIndex=1674, commits[325d518f-bf0d-428a-814f-266b27e759e4:c1674]
2019-06-15 10:53:01,605 INFO  client.GrpcClientProtocolClient (GrpcClientProtocolClient.java:onNext(254)) - client-09EBABE1B9AF->325d518f-bf0d-428a-814f-266b27e759e4: receive RaftClientReply:client-09EBABE1B9AF->325d518f-bf0d-428a-814f-266b27e759e4@group-9696F0872FC0, cid=963, SUCCESS, logIndex=1675, commits[325d518f-bf0d-428a-814f-266b27e759e4:c1677]
2019-06-15 10:53:01,605 INFO  client.GrpcClientProtocolClient (GrpcClientProtocolClient.java:onNext(254)) - client-09EBABE1B9AF->325d518f-bf0d-428a-814f-266b27e759e4: receive RaftClientReply:client-09EBABE1B9AF->325d518f-bf0d-428a-814f-266b27e759e4@group-9696F0872FC0, cid=964, SUCCESS, logIndex=1676, commits[325d518f-bf0d-428a-814f-266b27e759e4:c1677]
2019-06-15 10:53:01,611 INFO  client.GrpcClientProtocolClient (GrpcClientProtocolClient.java:onNext(254)) - client-09EBABE1B9AF->325d518f-bf0d-428a-814f-266b27e759e4: receive RaftClientReply:client-09EBABE1B9AF->325d518f-bf0d-428a-814f-266b27e759e4@group-9696F0872FC0, cid=965, SUCCESS, logIndex=1678, commits[325d518f-bf0d-428a-814f-266b27e759e4:c1678]
2019-06-15 10:53:01,612 INFO  client.GrpcClientProtocolClient (GrpcClientProtocolClient.java:onNext(254)) - client-09EBABE1B9AF->325d518f-bf0d-428a-814f-266b27e759e4: receive RaftClientReply:client-09EBABE1B9AF->325d518f-bf0d-428a-814f-266b27e759e4@group-9696F0872FC0, cid=966, SUCCESS, logIndex=1680, commits[325d518f-bf0d-428a-814f-266b27e759e4:c1680]
2019-06-15 10:53:01,614 INFO  client.GrpcClientProtocolClient (GrpcClientProtocolClient.java:onNext(254)) - client-09EBABE1B9AF->325d518f-bf0d-428a-814f-266b27e759e4: receive RaftClientReply:client-09EBABE1B9AF->325d518f-bf0d-428a-814f-266b27e759e4@group-9696F0872FC0, cid=967, SUCCESS, logIndex=1682, commits[325d518f-bf0d-428a-814f-266b27e759e4:c1683]
2019-06-15 10:53:01,614 INFO  client.GrpcClientProtocolClient (GrpcClientProtocolClient.java:onNext(254)) - client-09EBABE1B9AF->325d518f-bf0d-428a-814f-266b27e759e4: receive RaftClientReply:client-09EBABE1B9AF->325d518f-bf0d-428a-814f-266b27e759e4@group-9696F0872FC0, cid=968, SUCCESS, logIndex=1683, commits[325d518f-bf0d-428a-814f-266b27e759e4:c1683]
2019-06-15 10:53:01,618 DEBUG block.SCMBlockDeletingService (SCMBlockDeletingService.java:call(138)) - Running DeletedBlockTransactionScanner
2019-06-15 10:53:01,618 DEBUG block.SCMBlockDeletingService (SCMBlockDeletingService.java:call(155)) - Scanned deleted blocks log and got 0 delTX to process.
2019-06-15 10:53:01,626 INFO  client.GrpcClientProtocolClient (GrpcClientProtocolClient.java:onNext(254)) - client-09EBABE1B9AF->325d518f-bf0d-428a-814f-266b27e759e4: receive RaftClientReply:client-09EBABE1B9AF->325d518f-bf0d-428a-814f-266b27e759e4@group-9696F0872FC0, cid=969, SUCCESS, logIndex=1685, commits[325d518f-bf0d-428a-814f-266b27e759e4:c1685]
2019-06-15 10:53:01,628 INFO  client.GrpcClientProtocolClient (GrpcClientProtocolClient.java:onNext(254)) - client-09EBABE1B9AF->325d518f-bf0d-428a-814f-266b27e759e4: receive RaftClientReply:client-09EBABE1B9AF->325d518f-bf0d-428a-814f-266b27e759e4@group-9696F0872FC0, cid=970, SUCCESS, logIndex=1687, commits[325d518f-bf0d-428a-814f-266b27e759e4:c1687]
2019-06-15 10:53:01,629 INFO  client.GrpcClientProtocolClient (GrpcClientProtocolClient.java:onNext(254)) - client-09EBABE1B9AF->325d518f-bf0d-428a-814f-266b27e759e4: receive RaftClientReply:client-09EBABE1B9AF->325d518f-bf0d-428a-814f-266b27e759e4@group-9696F0872FC0, cid=971, SUCCESS, logIndex=1688, commits[325d518f-bf0d-428a-814f-266b27e759e4:c1689]
2019-06-15 10:53:01,629 INFO  client.GrpcClientProtocolClient (GrpcClientProtocolClient.java:onNext(254)) - client-09EBABE1B9AF->325d518f-bf0d-428a-814f-266b27e759e4: receive RaftClientReply:client-09EBABE1B9AF->325d518f-bf0d-428a-814f-266b27e759e4@group-9696F0872FC0, cid=972, SUCCESS, logIndex=1689, commits[325d518f-bf0d-428a-814f-266b27e759e4:c1689]
2019-06-15 10:53:01,718 DEBUG block.SCMBlockDeletingService (SCMBlockDeletingService.java:call(138)) - Running DeletedBlockTransactionScanner
2019-06-15 10:53:01,718 DEBUG block.SCMBlockDeletingService (SCMBlockDeletingService.java:call(155)) - Scanned deleted blocks log and got 0 delTX to process.
2019-06-15 10:53:01,752 INFO  client.GrpcClientProtocolClient (GrpcClientProtocolClient.java:onNext(254)) - client-09EBABE1B9AF->325d518f-bf0d-428a-814f-266b27e759e4: receive RaftClientReply:client-09EBABE1B9AF->325d518f-bf0d-428a-814f-266b27e759e4@group-9696F0872FC0, cid=973, SUCCESS, logIndex=1692, commits[325d518f-bf0d-428a-814f-266b27e759e4:c1692]
2019-06-15 10:53:01,754 INFO  client.GrpcClientProtocolClient (GrpcClientProtocolClient.java:onNext(254)) - client-09EBABE1B9AF->325d518f-bf0d-428a-814f-266b27e759e4: receive RaftClientReply:client-09EBABE1B9AF->325d518f-bf0d-428a-814f-266b27e759e4@group-9696F0872FC0, cid=974, SUCCESS, logIndex=1694, commits[325d518f-bf0d-428a-814f-266b27e759e4:c1694]
2019-06-15 10:53:01,755 INFO  client.GrpcClientProtocolClient (GrpcClientProtocolClient.java:onNext(254)) - client-09EBABE1B9AF->325d518f-bf0d-428a-814f-266b27e759e4: receive RaftClientReply:client-09EBABE1B9AF->325d518f-bf0d-428a-814f-266b27e759e4@group-9696F0872FC0, cid=975, SUCCESS, logIndex=1695, commits[325d518f-bf0d-428a-814f-266b27e759e4:c1697]
2019-06-15 10:53:01,755 INFO  client.GrpcClientProtocolClient (GrpcClientProtocolClient.java:onNext(254)) - client-09EBABE1B9AF->325d518f-bf0d-428a-814f-266b27e759e4: receive RaftClientReply:client-09EBABE1B9AF->325d518f-bf0d-428a-814f-266b27e759e4@group-9696F0872FC0, cid=976, SUCCESS, logIndex=1696, commits[325d518f-bf0d-428a-814f-266b27e759e4:c1697]
2019-06-15 10:53:01,766 INFO  client.GrpcClientProtocolClient (GrpcClientProtocolClient.java:onNext(254)) - client-09EBABE1B9AF->325d518f-bf0d-428a-814f-266b27e759e4: receive RaftClientReply:client-09EBABE1B9AF->325d518f-bf0d-428a-814f-266b27e759e4@group-9696F0872FC0, cid=977, SUCCESS, logIndex=1698, commits[325d518f-bf0d-428a-814f-266b27e759e4:c1698]
2019-06-15 10:53:01,769 INFO  client.GrpcClientProtocolClient (GrpcClientProtocolClient.java:onNext(254)) - client-09EBABE1B9AF->325d518f-bf0d-428a-814f-266b27e759e4: receive RaftClientReply:client-09EBABE1B9AF->325d518f-bf0d-428a-814f-266b27e759e4@group-9696F0872FC0, cid=978, SUCCESS, logIndex=1700, commits[325d518f-bf0d-428a-814f-266b27e759e4:c1700]
2019-06-15 10:53:01,774 INFO  client.GrpcClientProtocolClient (GrpcClientProtocolClient.java:onNext(254)) - client-09EBABE1B9AF->325d518f-bf0d-428a-814f-266b27e759e4: receive RaftClientReply:client-09EBABE1B9AF->325d518f-bf0d-428a-814f-266b27e759e4@group-9696F0872FC0, cid=979, SUCCESS, logIndex=1701, commits[325d518f-bf0d-428a-814f-266b27e759e4:c1702]
2019-06-15 10:53:01,775 INFO  client.GrpcClientProtocolClient (GrpcClientProtocolClient.java:onNext(254)) - client-09EBABE1B9AF->325d518f-bf0d-428a-814f-266b27e759e4: receive RaftClientReply:client-09EBABE1B9AF->325d518f-bf0d-428a-814f-266b27e759e4@group-9696F0872FC0, cid=980, SUCCESS, logIndex=1702, commits[325d518f-bf0d-428a-814f-266b27e759e4:c1702]
2019-06-15 10:53:01,784 INFO  client.GrpcClientProtocolClient (GrpcClientProtocolClient.java:onNext(254)) - client-09EBABE1B9AF->325d518f-bf0d-428a-814f-266b27e759e4: receive RaftClientReply:client-09EBABE1B9AF->325d518f-bf0d-428a-814f-266b27e759e4@group-9696F0872FC0, cid=981, SUCCESS, logIndex=1705, commits[325d518f-bf0d-428a-814f-266b27e759e4:c1705]
2019-06-15 10:53:01,784 INFO  storage.RaftLogWorker (RaftLogWorker.java:rollLogSegment(303)) - 325d518f-bf0d-428a-814f-266b27e759e4-RaftLogWorker: Rolling segment log-1640_1709 to index:1709
2019-06-15 10:53:01,785 INFO  storage.RaftLogWorker (RaftLogWorker.java:execute(433)) - 325d518f-bf0d-428a-814f-266b27e759e4-RaftLogWorker: Rolled log segment from /opt/src/hadoop-ozone/integration-test/target/test-dir/MiniOzoneClusterImpl-dd99cefe-9779-4043-9d74-181b69d2a827/datanode-0/data/ratis/e0f1d9ef-e225-4b24-a786-9696f0872fc0/current/log_inprogress_1640 to /opt/src/hadoop-ozone/integration-test/target/test-dir/MiniOzoneClusterImpl-dd99cefe-9779-4043-9d74-181b69d2a827/datanode-0/data/ratis/e0f1d9ef-e225-4b24-a786-9696f0872fc0/current/log_1640-1709
2019-06-15 10:53:01,786 INFO  client.GrpcClientProtocolClient (GrpcClientProtocolClient.java:onNext(254)) - client-09EBABE1B9AF->325d518f-bf0d-428a-814f-266b27e759e4: receive RaftClientReply:client-09EBABE1B9AF->325d518f-bf0d-428a-814f-266b27e759e4@group-9696F0872FC0, cid=982, SUCCESS, logIndex=1707, commits[325d518f-bf0d-428a-814f-266b27e759e4:c1707]
2019-06-15 10:53:01,787 INFO  client.GrpcClientProtocolClient (GrpcClientProtocolClient.java:onNext(254)) - client-09EBABE1B9AF->325d518f-bf0d-428a-814f-266b27e759e4: receive RaftClientReply:client-09EBABE1B9AF->325d518f-bf0d-428a-814f-266b27e759e4@group-9696F0872FC0, cid=983, SUCCESS, logIndex=1708, commits[325d518f-bf0d-428a-814f-266b27e759e4:c1709]
2019-06-15 10:53:01,819 DEBUG block.SCMBlockDeletingService (SCMBlockDeletingService.java:call(138)) - Running DeletedBlockTransactionScanner
2019-06-15 10:53:01,820 DEBUG block.SCMBlockDeletingService (SCMBlockDeletingService.java:call(155)) - Scanned deleted blocks log and got 0 delTX to process.
2019-06-15 10:53:01,822 INFO  storage.RaftLogWorker (RaftLogWorker.java:execute(469)) - 325d518f-bf0d-428a-814f-266b27e759e4-RaftLogWorker: created new log segment /opt/src/hadoop-ozone/integration-test/target/test-dir/MiniOzoneClusterImpl-dd99cefe-9779-4043-9d74-181b69d2a827/datanode-0/data/ratis/e0f1d9ef-e225-4b24-a786-9696f0872fc0/current/log_inprogress_1710
2019-06-15 10:53:01,824 INFO  client.GrpcClientProtocolClient (GrpcClientProtocolClient.java:onNext(254)) - client-09EBABE1B9AF->325d518f-bf0d-428a-814f-266b27e759e4: receive RaftClientReply:client-09EBABE1B9AF->325d518f-bf0d-428a-814f-266b27e759e4@group-9696F0872FC0, cid=984, SUCCESS, logIndex=1710, commits[325d518f-bf0d-428a-814f-266b27e759e4:c1710]
2019-06-15 10:53:01,834 INFO  client.GrpcClientProtocolClient (GrpcClientProtocolClient.java:onNext(254)) - client-09EBABE1B9AF->325d518f-bf0d-428a-814f-266b27e759e4: receive RaftClientReply:client-09EBABE1B9AF->325d518f-bf0d-428a-814f-266b27e759e4@group-9696F0872FC0, cid=985, SUCCESS, logIndex=1712, commits[325d518f-bf0d-428a-814f-266b27e759e4:c1712]
2019-06-15 10:53:01,836 INFO  client.GrpcClientProtocolClient (GrpcClientProtocolClient.java:onNext(254)) - client-09EBABE1B9AF->325d518f-bf0d-428a-814f-266b27e759e4: receive RaftClientReply:client-09EBABE1B9AF->325d518f-bf0d-428a-814f-266b27e759e4@group-9696F0872FC0, cid=986, SUCCESS, logIndex=1714, commits[325d518f-bf0d-428a-814f-266b27e759e4:c1714]
2019-06-15 10:53:01,837 INFO  client.GrpcClientProtocolClient (GrpcClientProtocolClient.java:onNext(254)) - client-09EBABE1B9AF->325d518f-bf0d-428a-814f-266b27e759e4: receive RaftClientReply:client-09EBABE1B9AF->325d518f-bf0d-428a-814f-266b27e759e4@group-9696F0872FC0, cid=987, SUCCESS, logIndex=1715, commits[325d518f-bf0d-428a-814f-266b27e759e4:c1716]
2019-06-15 10:53:01,837 INFO  client.GrpcClientProtocolClient (GrpcClientProtocolClient.java:onNext(254)) - client-09EBABE1B9AF->325d518f-bf0d-428a-814f-266b27e759e4: receive RaftClientReply:client-09EBABE1B9AF->325d518f-bf0d-428a-814f-266b27e759e4@group-9696F0872FC0, cid=988, SUCCESS, logIndex=1716, commits[325d518f-bf0d-428a-814f-266b27e759e4:c1717]
2019-06-15 10:53:01,845 INFO  client.GrpcClientProtocolClient (GrpcClientProtocolClient.java:onNext(254)) - client-09EBABE1B9AF->325d518f-bf0d-428a-814f-266b27e759e4: receive RaftClientReply:client-09EBABE1B9AF->325d518f-bf0d-428a-814f-266b27e759e4@group-9696F0872FC0, cid=989, SUCCESS, logIndex=1719, commits[325d518f-bf0d-428a-814f-266b27e759e4:c1719]
2019-06-15 10:53:01,847 INFO  client.GrpcClientProtocolClient (GrpcClientProtocolClient.java:onNext(254)) - client-09EBABE1B9AF->325d518f-bf0d-428a-814f-266b27e759e4: receive RaftClientReply:client-09EBABE1B9AF->325d518f-bf0d-428a-814f-266b27e759e4@group-9696F0872FC0, cid=990, SUCCESS, logIndex=1721, commits[325d518f-bf0d-428a-814f-266b27e759e4:c1721]
2019-06-15 10:53:01,847 INFO  client.GrpcClientProtocolClient (GrpcClientProtocolClient.java:onNext(254)) - client-09EBABE1B9AF->325d518f-bf0d-428a-814f-266b27e759e4: receive RaftClientReply:client-09EBABE1B9AF->325d518f-bf0d-428a-814f-266b27e759e4@group-9696F0872FC0, cid=991, SUCCESS, logIndex=1722, commits[325d518f-bf0d-428a-814f-266b27e759e4:c1724]
2019-06-15 10:53:01,848 INFO  client.GrpcClientProtocolClient (GrpcClientProtocolClient.java:onNext(254)) - client-09EBABE1B9AF->325d518f-bf0d-428a-814f-266b27e759e4: receive RaftClientReply:client-09EBABE1B9AF->325d518f-bf0d-428a-814f-266b27e759e4@group-9696F0872FC0, cid=992, SUCCESS, logIndex=1723, commits[325d518f-bf0d-428a-814f-266b27e759e4:c1724]
2019-06-15 10:53:01,858 INFO  client.GrpcClientProtocolClient (GrpcClientProtocolClient.java:onNext(254)) - client-09EBABE1B9AF->325d518f-bf0d-428a-814f-266b27e759e4: receive RaftClientReply:client-09EBABE1B9AF->325d518f-bf0d-428a-814f-266b27e759e4@group-9696F0872FC0, cid=993, SUCCESS, logIndex=1725, commits[325d518f-bf0d-428a-814f-266b27e759e4:c1725]
2019-06-15 10:53:01,860 INFO  client.GrpcClientProtocolClient (GrpcClientProtocolClient.java:onNext(254)) - client-09EBABE1B9AF->325d518f-bf0d-428a-814f-266b27e759e4: receive RaftClientReply:client-09EBABE1B9AF->325d518f-bf0d-428a-814f-266b27e759e4@group-9696F0872FC0, cid=994, SUCCESS, logIndex=1727, commits[325d518f-bf0d-428a-814f-266b27e759e4:c1727]
2019-06-15 10:53:01,860 INFO  client.GrpcClientProtocolClient (GrpcClientProtocolClient.java:onNext(254)) - client-09EBABE1B9AF->325d518f-bf0d-428a-814f-266b27e759e4: receive RaftClientReply:client-09EBABE1B9AF->325d518f-bf0d-428a-814f-266b27e759e4@group-9696F0872FC0, cid=995, SUCCESS, logIndex=1728, commits[325d518f-bf0d-428a-814f-266b27e759e4:c1729]
2019-06-15 10:53:01,861 INFO  client.GrpcClientProtocolClient (GrpcClientProtocolClient.java:onNext(254)) - client-09EBABE1B9AF->325d518f-bf0d-428a-814f-266b27e759e4: receive RaftClientReply:client-09EBABE1B9AF->325d518f-bf0d-428a-814f-266b27e759e4@group-9696F0872FC0, cid=996, SUCCESS, logIndex=1729, commits[325d518f-bf0d-428a-814f-266b27e759e4:c1729]
2019-06-15 10:53:01,866 INFO  client.GrpcClientProtocolClient (GrpcClientProtocolClient.java:onNext(254)) - client-09EBABE1B9AF->325d518f-bf0d-428a-814f-266b27e759e4: receive RaftClientReply:client-09EBABE1B9AF->325d518f-bf0d-428a-814f-266b27e759e4@group-9696F0872FC0, cid=997, SUCCESS, logIndex=1732, commits[325d518f-bf0d-428a-814f-266b27e759e4:c1732]
2019-06-15 10:53:01,867 INFO  client.GrpcClientProtocolClient (GrpcClientProtocolClient.java:onNext(254)) - client-09EBABE1B9AF->325d518f-bf0d-428a-814f-266b27e759e4: receive RaftClientReply:client-09EBABE1B9AF->325d518f-bf0d-428a-814f-266b27e759e4@group-9696F0872FC0, cid=998, SUCCESS, logIndex=1734, commits[325d518f-bf0d-428a-814f-266b27e759e4:c1734]
2019-06-15 10:53:01,869 INFO  client.GrpcClientProtocolClient (GrpcClientProtocolClient.java:onNext(254)) - client-09EBABE1B9AF->325d518f-bf0d-428a-814f-266b27e759e4: receive RaftClientReply:client-09EBABE1B9AF->325d518f-bf0d-428a-814f-266b27e759e4@group-9696F0872FC0, cid=999, SUCCESS, logIndex=1735, commits[325d518f-bf0d-428a-814f-266b27e759e4:c1737]
2019-06-15 10:53:01,873 INFO  client.GrpcClientProtocolClient (GrpcClientProtocolClient.java:onNext(254)) - client-09EBABE1B9AF->325d518f-bf0d-428a-814f-266b27e759e4: receive RaftClientReply:client-09EBABE1B9AF->325d518f-bf0d-428a-814f-266b27e759e4@group-9696F0872FC0, cid=1000, SUCCESS, logIndex=1736, commits[325d518f-bf0d-428a-814f-266b27e759e4:c1737]
2019-06-15 10:53:01,883 INFO  client.GrpcClientProtocolClient (GrpcClientProtocolClient.java:onNext(254)) - client-09EBABE1B9AF->325d518f-bf0d-428a-814f-266b27e759e4: receive RaftClientReply:client-09EBABE1B9AF->325d518f-bf0d-428a-814f-266b27e759e4@group-9696F0872FC0, cid=1001, SUCCESS, logIndex=1738, commits[325d518f-bf0d-428a-814f-266b27e759e4:c1738]
2019-06-15 10:53:01,884 INFO  client.GrpcClientProtocolClient (GrpcClientProtocolClient.java:onNext(254)) - client-09EBABE1B9AF->325d518f-bf0d-428a-814f-266b27e759e4: receive RaftClientReply:client-09EBABE1B9AF->325d518f-bf0d-428a-814f-266b27e759e4@group-9696F0872FC0, cid=1002, SUCCESS, logIndex=1740, commits[325d518f-bf0d-428a-814f-266b27e759e4:c1740]
2019-06-15 10:53:01,886 INFO  client.GrpcClientProtocolClient (GrpcClientProtocolClient.java:onNext(254)) - client-09EBABE1B9AF->325d518f-bf0d-428a-814f-266b27e759e4: receive RaftClientReply:client-09EBABE1B9AF->325d518f-bf0d-428a-814f-266b27e759e4@group-9696F0872FC0, cid=1003, SUCCESS, logIndex=1741, commits[325d518f-bf0d-428a-814f-266b27e759e4:c1743]
2019-06-15 10:53:01,886 INFO  client.GrpcClientProtocolClient (GrpcClientProtocolClient.java:onNext(254)) - client-09EBABE1B9AF->325d518f-bf0d-428a-814f-266b27e759e4: receive RaftClientReply:client-09EBABE1B9AF->325d518f-bf0d-428a-814f-266b27e759e4@group-9696F0872FC0, cid=1004, SUCCESS, logIndex=1743, commits[325d518f-bf0d-428a-814f-266b27e759e4:c1743]
2019-06-15 10:53:01,892 INFO  client.GrpcClientProtocolClient (GrpcClientProtocolClient.java:onNext(254)) - client-09EBABE1B9AF->325d518f-bf0d-428a-814f-266b27e759e4: receive RaftClientReply:client-09EBABE1B9AF->325d518f-bf0d-428a-814f-266b27e759e4@group-9696F0872FC0, cid=1005, SUCCESS, logIndex=1745, commits[325d518f-bf0d-428a-814f-266b27e759e4:c1745]
2019-06-15 10:53:01,893 INFO  client.GrpcClientProtocolClient (GrpcClientProtocolClient.java:onNext(254)) - client-09EBABE1B9AF->325d518f-bf0d-428a-814f-266b27e759e4: receive RaftClientReply:client-09EBABE1B9AF->325d518f-bf0d-428a-814f-266b27e759e4@group-9696F0872FC0, cid=1006, SUCCESS, logIndex=1747, commits[325d518f-bf0d-428a-814f-266b27e759e4:c1747]
2019-06-15 10:53:01,895 INFO  client.GrpcClientProtocolClient (GrpcClientProtocolClient.java:onNext(254)) - client-09EBABE1B9AF->325d518f-bf0d-428a-814f-266b27e759e4: receive RaftClientReply:client-09EBABE1B9AF->325d518f-bf0d-428a-814f-266b27e759e4@group-9696F0872FC0, cid=1007, SUCCESS, logIndex=1748, commits[325d518f-bf0d-428a-814f-266b27e759e4:c1750]
2019-06-15 10:53:01,895 INFO  client.GrpcClientProtocolClient (GrpcClientProtocolClient.java:onNext(254)) - client-09EBABE1B9AF->325d518f-bf0d-428a-814f-266b27e759e4: receive RaftClientReply:client-09EBABE1B9AF->325d518f-bf0d-428a-814f-266b27e759e4@group-9696F0872FC0, cid=1008, SUCCESS, logIndex=1749, commits[325d518f-bf0d-428a-814f-266b27e759e4:c1750]
2019-06-15 10:53:01,906 INFO  client.GrpcClientProtocolClient (GrpcClientProtocolClient.java:onNext(254)) - client-09EBABE1B9AF->325d518f-bf0d-428a-814f-266b27e759e4: receive RaftClientReply:client-09EBABE1B9AF->325d518f-bf0d-428a-814f-266b27e759e4@group-9696F0872FC0, cid=1009, SUCCESS, logIndex=1751, commits[325d518f-bf0d-428a-814f-266b27e759e4:c1751]
2019-06-15 10:53:01,908 INFO  client.GrpcClientProtocolClient (GrpcClientProtocolClient.java:onNext(254)) - client-09EBABE1B9AF->325d518f-bf0d-428a-814f-266b27e759e4: receive RaftClientReply:client-09EBABE1B9AF->325d518f-bf0d-428a-814f-266b27e759e4@group-9696F0872FC0, cid=1010, SUCCESS, logIndex=1753, commits[325d518f-bf0d-428a-814f-266b27e759e4:c1753]
2019-06-15 10:53:01,909 INFO  client.GrpcClientProtocolClient (GrpcClientProtocolClient.java:onNext(254)) - client-09EBABE1B9AF->325d518f-bf0d-428a-814f-266b27e759e4: receive RaftClientReply:client-09EBABE1B9AF->325d518f-bf0d-428a-814f-266b27e759e4@group-9696F0872FC0, cid=1011, SUCCESS, logIndex=1754, commits[325d518f-bf0d-428a-814f-266b27e759e4:c1756]
2019-06-15 10:53:01,909 INFO  client.GrpcClientProtocolClient (GrpcClientProtocolClient.java:onNext(254)) - client-09EBABE1B9AF->325d518f-bf0d-428a-814f-266b27e759e4: receive RaftClientReply:client-09EBABE1B9AF->325d518f-bf0d-428a-814f-266b27e759e4@group-9696F0872FC0, cid=1012, SUCCESS, logIndex=1755, commits[325d518f-bf0d-428a-814f-266b27e759e4:c1756]
2019-06-15 10:53:01,915 INFO  client.GrpcClientProtocolClient (GrpcClientProtocolClient.java:onNext(254)) - client-09EBABE1B9AF->325d518f-bf0d-428a-814f-266b27e759e4: receive RaftClientReply:client-09EBABE1B9AF->325d518f-bf0d-428a-814f-266b27e759e4@group-9696F0872FC0, cid=1013, SUCCESS, logIndex=1757, commits[325d518f-bf0d-428a-814f-266b27e759e4:c1757]
2019-06-15 10:53:01,917 INFO  client.GrpcClientProtocolClient (GrpcClientProtocolClient.java:onNext(254)) - client-09EBABE1B9AF->325d518f-bf0d-428a-814f-266b27e759e4: receive RaftClientReply:client-09EBABE1B9AF->325d518f-bf0d-428a-814f-266b27e759e4@group-9696F0872FC0, cid=1014, SUCCESS, logIndex=1759, commits[325d518f-bf0d-428a-814f-266b27e759e4:c1759]
2019-06-15 10:53:01,920 INFO  client.GrpcClientProtocolClient (GrpcClientProtocolClient.java:onNext(254)) - client-09EBABE1B9AF->325d518f-bf0d-428a-814f-266b27e759e4: receive RaftClientReply:client-09EBABE1B9AF->325d518f-bf0d-428a-814f-266b27e759e4@group-9696F0872FC0, cid=1015, SUCCESS, logIndex=1761, commits[325d518f-bf0d-428a-814f-266b27e759e4:c1762]
2019-06-15 10:53:01,920 DEBUG block.SCMBlockDeletingService (SCMBlockDeletingService.java:call(138)) - Running DeletedBlockTransactionScanner
2019-06-15 10:53:01,920 DEBUG block.SCMBlockDeletingService (SCMBlockDeletingService.java:call(155)) - Scanned deleted blocks log and got 0 delTX to process.
2019-06-15 10:53:01,921 INFO  client.GrpcClientProtocolClient (GrpcClientProtocolClient.java:onNext(254)) - client-09EBABE1B9AF->325d518f-bf0d-428a-814f-266b27e759e4: receive RaftClientReply:client-09EBABE1B9AF->325d518f-bf0d-428a-814f-266b27e759e4@group-9696F0872FC0, cid=1016, SUCCESS, logIndex=1762, commits[325d518f-bf0d-428a-814f-266b27e759e4:c1763]
2019-06-15 10:53:02,002 INFO  client.GrpcClientProtocolClient (GrpcClientProtocolClient.java:onNext(254)) - client-09EBABE1B9AF->325d518f-bf0d-428a-814f-266b27e759e4: receive RaftClientReply:client-09EBABE1B9AF->325d518f-bf0d-428a-814f-266b27e759e4@group-9696F0872FC0, cid=1017, SUCCESS, logIndex=1764, commits[325d518f-bf0d-428a-814f-266b27e759e4:c1764]
2019-06-15 10:53:02,005 INFO  client.GrpcClientProtocolClient (GrpcClientProtocolClient.java:onNext(254)) - client-09EBABE1B9AF->325d518f-bf0d-428a-814f-266b27e759e4: receive RaftClientReply:client-09EBABE1B9AF->325d518f-bf0d-428a-814f-266b27e759e4@group-9696F0872FC0, cid=1018, SUCCESS, logIndex=1766, commits[325d518f-bf0d-428a-814f-266b27e759e4:c1766]
2019-06-15 10:53:02,005 INFO  client.GrpcClientProtocolClient (GrpcClientProtocolClient.java:onNext(254)) - client-09EBABE1B9AF->325d518f-bf0d-428a-814f-266b27e759e4: receive RaftClientReply:client-09EBABE1B9AF->325d518f-bf0d-428a-814f-266b27e759e4@group-9696F0872FC0, cid=1019, SUCCESS, logIndex=1767, commits[325d518f-bf0d-428a-814f-266b27e759e4:c1769]
2019-06-15 10:53:02,006 INFO  client.GrpcClientProtocolClient (GrpcClientProtocolClient.java:onNext(254)) - client-09EBABE1B9AF->325d518f-bf0d-428a-814f-266b27e759e4: receive RaftClientReply:client-09EBABE1B9AF->325d518f-bf0d-428a-814f-266b27e759e4@group-9696F0872FC0, cid=1020, SUCCESS, logIndex=1768, commits[325d518f-bf0d-428a-814f-266b27e759e4:c1769]
2019-06-15 10:53:02,012 INFO  client.GrpcClientProtocolClient (GrpcClientProtocolClient.java:onNext(254)) - client-09EBABE1B9AF->325d518f-bf0d-428a-814f-266b27e759e4: receive RaftClientReply:client-09EBABE1B9AF->325d518f-bf0d-428a-814f-266b27e759e4@group-9696F0872FC0, cid=1021, SUCCESS, logIndex=1770, commits[325d518f-bf0d-428a-814f-266b27e759e4:c1770]
2019-06-15 10:53:02,015 INFO  client.GrpcClientProtocolClient (GrpcClientProtocolClient.java:onNext(254)) - client-09EBABE1B9AF->325d518f-bf0d-428a-814f-266b27e759e4: receive RaftClientReply:client-09EBABE1B9AF->325d518f-bf0d-428a-814f-266b27e759e4@group-9696F0872FC0, cid=1022, SUCCESS, logIndex=1772, commits[325d518f-bf0d-428a-814f-266b27e759e4:c1772]
2019-06-15 10:53:02,015 INFO  client.GrpcClientProtocolClient (GrpcClientProtocolClient.java:onNext(254)) - client-09EBABE1B9AF->325d518f-bf0d-428a-814f-266b27e759e4: receive RaftClientReply:client-09EBABE1B9AF->325d518f-bf0d-428a-814f-266b27e759e4@group-9696F0872FC0, cid=1023, SUCCESS, logIndex=1773, commits[325d518f-bf0d-428a-814f-266b27e759e4:c1775]
2019-06-15 10:53:02,016 INFO  client.GrpcClientProtocolClient (GrpcClientProtocolClient.java:onNext(254)) - client-09EBABE1B9AF->325d518f-bf0d-428a-814f-266b27e759e4: receive RaftClientReply:client-09EBABE1B9AF->325d518f-bf0d-428a-814f-266b27e759e4@group-9696F0872FC0, cid=1024, SUCCESS, logIndex=1774, commits[325d518f-bf0d-428a-814f-266b27e759e4:c1775]
2019-06-15 10:53:02,020 DEBUG block.SCMBlockDeletingService (SCMBlockDeletingService.java:call(138)) - Running DeletedBlockTransactionScanner
2019-06-15 10:53:02,020 DEBUG block.SCMBlockDeletingService (SCMBlockDeletingService.java:call(155)) - Scanned deleted blocks log and got 0 delTX to process.
2019-06-15 10:53:02,026 INFO  client.GrpcClientProtocolClient (GrpcClientProtocolClient.java:onNext(254)) - client-09EBABE1B9AF->325d518f-bf0d-428a-814f-266b27e759e4: receive RaftClientReply:client-09EBABE1B9AF->325d518f-bf0d-428a-814f-266b27e759e4@group-9696F0872FC0, cid=1025, SUCCESS, logIndex=1776, commits[325d518f-bf0d-428a-814f-266b27e759e4:c1776]
2019-06-15 10:53:02,030 INFO  client.GrpcClientProtocolClient (GrpcClientProtocolClient.java:onNext(254)) - client-09EBABE1B9AF->325d518f-bf0d-428a-814f-266b27e759e4: receive RaftClientReply:client-09EBABE1B9AF->325d518f-bf0d-428a-814f-266b27e759e4@group-9696F0872FC0, cid=1026, SUCCESS, logIndex=1778, commits[325d518f-bf0d-428a-814f-266b27e759e4:c1778]
2019-06-15 10:53:02,031 INFO  storage.RaftLogWorker (RaftLogWorker.java:rollLogSegment(303)) - 325d518f-bf0d-428a-814f-266b27e759e4-RaftLogWorker: Rolling segment log-1710_1779 to index:1779
2019-06-15 10:53:02,031 INFO  storage.RaftLogWorker (RaftLogWorker.java:execute(433)) - 325d518f-bf0d-428a-814f-266b27e759e4-RaftLogWorker: Rolled log segment from /opt/src/hadoop-ozone/integration-test/target/test-dir/MiniOzoneClusterImpl-dd99cefe-9779-4043-9d74-181b69d2a827/datanode-0/data/ratis/e0f1d9ef-e225-4b24-a786-9696f0872fc0/current/log_inprogress_1710 to /opt/src/hadoop-ozone/integration-test/target/test-dir/MiniOzoneClusterImpl-dd99cefe-9779-4043-9d74-181b69d2a827/datanode-0/data/ratis/e0f1d9ef-e225-4b24-a786-9696f0872fc0/current/log_1710-1779
2019-06-15 10:53:02,076 INFO  storage.RaftLogWorker (RaftLogWorker.java:execute(469)) - 325d518f-bf0d-428a-814f-266b27e759e4-RaftLogWorker: created new log segment /opt/src/hadoop-ozone/integration-test/target/test-dir/MiniOzoneClusterImpl-dd99cefe-9779-4043-9d74-181b69d2a827/datanode-0/data/ratis/e0f1d9ef-e225-4b24-a786-9696f0872fc0/current/log_inprogress_1780
2019-06-15 10:53:02,078 INFO  client.GrpcClientProtocolClient (GrpcClientProtocolClient.java:onNext(254)) - client-09EBABE1B9AF->325d518f-bf0d-428a-814f-266b27e759e4: receive RaftClientReply:client-09EBABE1B9AF->325d518f-bf0d-428a-814f-266b27e759e4@group-9696F0872FC0, cid=1027, SUCCESS, logIndex=1780, commits[325d518f-bf0d-428a-814f-266b27e759e4:c1781]
2019-06-15 10:53:02,079 INFO  client.GrpcClientProtocolClient (GrpcClientProtocolClient.java:onNext(254)) - client-09EBABE1B9AF->325d518f-bf0d-428a-814f-266b27e759e4: receive RaftClientReply:client-09EBABE1B9AF->325d518f-bf0d-428a-814f-266b27e759e4@group-9696F0872FC0, cid=1028, SUCCESS, logIndex=1781, commits[325d518f-bf0d-428a-814f-266b27e759e4:c1782]
2019-06-15 10:53:02,086 INFO  client.GrpcClientProtocolClient (GrpcClientProtocolClient.java:onNext(254)) - client-09EBABE1B9AF->325d518f-bf0d-428a-814f-266b27e759e4: receive RaftClientReply:client-09EBABE1B9AF->325d518f-bf0d-428a-814f-266b27e759e4@group-9696F0872FC0, cid=1029, SUCCESS, logIndex=1783, commits[325d518f-bf0d-428a-814f-266b27e759e4:c1783]
2019-06-15 10:53:02,088 INFO  client.GrpcClientProtocolClient (GrpcClientProtocolClient.java:onNext(254)) - client-09EBABE1B9AF->325d518f-bf0d-428a-814f-266b27e759e4: receive RaftClientReply:client-09EBABE1B9AF->325d518f-bf0d-428a-814f-266b27e759e4@group-9696F0872FC0, cid=1030, SUCCESS, logIndex=1785, commits[325d518f-bf0d-428a-814f-266b27e759e4:c1785]
2019-06-15 10:53:02,089 INFO  client.GrpcClientProtocolClient (GrpcClientProtocolClient.java:onNext(254)) - client-09EBABE1B9AF->325d518f-bf0d-428a-814f-266b27e759e4: receive RaftClientReply:client-09EBABE1B9AF->325d518f-bf0d-428a-814f-266b27e759e4@group-9696F0872FC0, cid=1031, SUCCESS, logIndex=1786, commits[325d518f-bf0d-428a-814f-266b27e759e4:c1787]
2019-06-15 10:53:02,089 INFO  client.GrpcClientProtocolClient (GrpcClientProtocolClient.java:onNext(254)) - client-09EBABE1B9AF->325d518f-bf0d-428a-814f-266b27e759e4: receive RaftClientReply:client-09EBABE1B9AF->325d518f-bf0d-428a-814f-266b27e759e4@group-9696F0872FC0, cid=1032, SUCCESS, logIndex=1787, commits[325d518f-bf0d-428a-814f-266b27e759e4:c1787]
2019-06-15 10:53:02,099 INFO  client.GrpcClientProtocolClient (GrpcClientProtocolClient.java:onNext(254)) - client-09EBABE1B9AF->325d518f-bf0d-428a-814f-266b27e759e4: receive RaftClientReply:client-09EBABE1B9AF->325d518f-bf0d-428a-814f-266b27e759e4@group-9696F0872FC0, cid=1033, SUCCESS, logIndex=1790, commits[325d518f-bf0d-428a-814f-266b27e759e4:c1790]
2019-06-15 10:53:02,101 INFO  client.GrpcClientProtocolClient (GrpcClientProtocolClient.java:onNext(254)) - client-09EBABE1B9AF->325d518f-bf0d-428a-814f-266b27e759e4: receive RaftClientReply:client-09EBABE1B9AF->325d518f-bf0d-428a-814f-266b27e759e4@group-9696F0872FC0, cid=1034, SUCCESS, logIndex=1792, commits[325d518f-bf0d-428a-814f-266b27e759e4:c1792]
2019-06-15 10:53:02,102 INFO  client.GrpcClientProtocolClient (GrpcClientProtocolClient.java:onNext(254)) - client-09EBABE1B9AF->325d518f-bf0d-428a-814f-266b27e759e4: receive RaftClientReply:client-09EBABE1B9AF->325d518f-bf0d-428a-814f-266b27e759e4@group-9696F0872FC0, cid=1035, SUCCESS, logIndex=1793, commits[325d518f-bf0d-428a-814f-266b27e759e4:c1794]
2019-06-15 10:53:02,102 INFO  client.GrpcClientProtocolClient (GrpcClientProtocolClient.java:onNext(254)) - client-09EBABE1B9AF->325d518f-bf0d-428a-814f-266b27e759e4: receive RaftClientReply:client-09EBABE1B9AF->325d518f-bf0d-428a-814f-266b27e759e4@group-9696F0872FC0, cid=1036, SUCCESS, logIndex=1794, commits[325d518f-bf0d-428a-814f-266b27e759e4:c1795]
2019-06-15 10:53:02,108 INFO  client.GrpcClientProtocolClient (GrpcClientProtocolClient.java:onNext(254)) - client-09EBABE1B9AF->325d518f-bf0d-428a-814f-266b27e759e4: receive RaftClientReply:client-09EBABE1B9AF->325d518f-bf0d-428a-814f-266b27e759e4@group-9696F0872FC0, cid=1037, SUCCESS, logIndex=1797, commits[325d518f-bf0d-428a-814f-266b27e759e4:c1797]
2019-06-15 10:53:02,110 INFO  client.GrpcClientProtocolClient (GrpcClientProtocolClient.java:onNext(254)) - client-09EBABE1B9AF->325d518f-bf0d-428a-814f-266b27e759e4: receive RaftClientReply:client-09EBABE1B9AF->325d518f-bf0d-428a-814f-266b27e759e4@group-9696F0872FC0, cid=1038, SUCCESS, logIndex=1799, commits[325d518f-bf0d-428a-814f-266b27e759e4:c1799]
2019-06-15 10:53:02,110 INFO  client.GrpcClientProtocolClient (GrpcClientProtocolClient.java:onNext(254)) - client-09EBABE1B9AF->325d518f-bf0d-428a-814f-266b27e759e4: receive RaftClientReply:client-09EBABE1B9AF->325d518f-bf0d-428a-814f-266b27e759e4@group-9696F0872FC0, cid=1039, SUCCESS, logIndex=1800, commits[325d518f-bf0d-428a-814f-266b27e759e4:c1801]
2019-06-15 10:53:02,112 INFO  client.GrpcClientProtocolClient (GrpcClientProtocolClient.java:onNext(254)) - client-09EBABE1B9AF->325d518f-bf0d-428a-814f-266b27e759e4: receive RaftClientReply:client-09EBABE1B9AF->325d518f-bf0d-428a-814f-266b27e759e4@group-9696F0872FC0, cid=1040, SUCCESS, logIndex=1802, commits[325d518f-bf0d-428a-814f-266b27e759e4:c1802]
2019-06-15 10:53:02,121 DEBUG block.SCMBlockDeletingService (SCMBlockDeletingService.java:call(138)) - Running DeletedBlockTransactionScanner
2019-06-15 10:53:02,121 DEBUG block.SCMBlockDeletingService (SCMBlockDeletingService.java:call(155)) - Scanned deleted blocks log and got 0 delTX to process.
2019-06-15 10:53:02,122 INFO  client.GrpcClientProtocolClient (GrpcClientProtocolClient.java:onNext(254)) - client-09EBABE1B9AF->325d518f-bf0d-428a-814f-266b27e759e4: receive RaftClientReply:client-09EBABE1B9AF->325d518f-bf0d-428a-814f-266b27e759e4@group-9696F0872FC0, cid=1041, SUCCESS, logIndex=1804, commits[325d518f-bf0d-428a-814f-266b27e759e4:c1804]
2019-06-15 10:53:02,124 INFO  client.GrpcClientProtocolClient (GrpcClientProtocolClient.java:onNext(254)) - client-09EBABE1B9AF->325d518f-bf0d-428a-814f-266b27e759e4: receive RaftClientReply:client-09EBABE1B9AF->325d518f-bf0d-428a-814f-266b27e759e4@group-9696F0872FC0, cid=1042, SUCCESS, logIndex=1806, commits[325d518f-bf0d-428a-814f-266b27e759e4:c1806]
2019-06-15 10:53:02,125 INFO  client.GrpcClientProtocolClient (GrpcClientProtocolClient.java:onNext(254)) - client-09EBABE1B9AF->325d518f-bf0d-428a-814f-266b27e759e4: receive RaftClientReply:client-09EBABE1B9AF->325d518f-bf0d-428a-814f-266b27e759e4@group-9696F0872FC0, cid=1043, SUCCESS, logIndex=1807, commits[325d518f-bf0d-428a-814f-266b27e759e4:c1809]
2019-06-15 10:53:02,125 INFO  client.GrpcClientProtocolClient (GrpcClientProtocolClient.java:onNext(254)) - client-09EBABE1B9AF->325d518f-bf0d-428a-814f-266b27e759e4: receive RaftClientReply:client-09EBABE1B9AF->325d518f-bf0d-428a-814f-266b27e759e4@group-9696F0872FC0, cid=1044, SUCCESS, logIndex=1809, commits[325d518f-bf0d-428a-814f-266b27e759e4:c1810]
2019-06-15 10:53:02,388 DEBUG block.SCMBlockDeletingService (SCMBlockDeletingService.java:call(138)) - Running DeletedBlockTransactionScanner
2019-06-15 10:53:02,388 DEBUG block.SCMBlockDeletingService (SCMBlockDeletingService.java:call(155)) - Scanned deleted blocks log and got 0 delTX to process.
2019-06-15 10:53:02,401 INFO  client.GrpcClientProtocolClient (GrpcClientProtocolClient.java:onNext(254)) - client-09EBABE1B9AF->325d518f-bf0d-428a-814f-266b27e759e4: receive RaftClientReply:client-09EBABE1B9AF->325d518f-bf0d-428a-814f-266b27e759e4@group-9696F0872FC0, cid=1045, SUCCESS, logIndex=1811, commits[325d518f-bf0d-428a-814f-266b27e759e4:c1811]
2019-06-15 10:53:02,403 INFO  client.GrpcClientProtocolClient (GrpcClientProtocolClient.java:onNext(254)) - client-09EBABE1B9AF->325d518f-bf0d-428a-814f-266b27e759e4: receive RaftClientReply:client-09EBABE1B9AF->325d518f-bf0d-428a-814f-266b27e759e4@group-9696F0872FC0, cid=1046, SUCCESS, logIndex=1813, commits[325d518f-bf0d-428a-814f-266b27e759e4:c1813]
2019-06-15 10:53:02,404 INFO  client.GrpcClientProtocolClient (GrpcClientProtocolClient.java:onNext(254)) - client-09EBABE1B9AF->325d518f-bf0d-428a-814f-266b27e759e4: receive RaftClientReply:client-09EBABE1B9AF->325d518f-bf0d-428a-814f-266b27e759e4@group-9696F0872FC0, cid=1047, SUCCESS, logIndex=1814, commits[325d518f-bf0d-428a-814f-266b27e759e4:c1816]
2019-06-15 10:53:02,404 INFO  client.GrpcClientProtocolClient (GrpcClientProtocolClient.java:onNext(254)) - client-09EBABE1B9AF->325d518f-bf0d-428a-814f-266b27e759e4: receive RaftClientReply:client-09EBABE1B9AF->325d518f-bf0d-428a-814f-266b27e759e4@group-9696F0872FC0, cid=1048, SUCCESS, logIndex=1816, commits[325d518f-bf0d-428a-814f-266b27e759e4:c1817]
2019-06-15 10:53:02,417 INFO  client.GrpcClientProtocolClient (GrpcClientProtocolClient.java:onNext(254)) - client-09EBABE1B9AF->325d518f-bf0d-428a-814f-266b27e759e4: receive RaftClientReply:client-09EBABE1B9AF->325d518f-bf0d-428a-814f-266b27e759e4@group-9696F0872FC0, cid=1049, SUCCESS, logIndex=1818, commits[325d518f-bf0d-428a-814f-266b27e759e4:c1818]
2019-06-15 10:53:02,418 INFO  client.GrpcClientProtocolClient (GrpcClientProtocolClient.java:onNext(254)) - client-09EBABE1B9AF->325d518f-bf0d-428a-814f-266b27e759e4: receive RaftClientReply:client-09EBABE1B9AF->325d518f-bf0d-428a-814f-266b27e759e4@group-9696F0872FC0, cid=1050, SUCCESS, logIndex=1820, commits[325d518f-bf0d-428a-814f-266b27e759e4:c1820]
2019-06-15 10:53:02,420 INFO  client.GrpcClientProtocolClient (GrpcClientProtocolClient.java:onNext(254)) - client-09EBABE1B9AF->325d518f-bf0d-428a-814f-266b27e759e4: receive RaftClientReply:client-09EBABE1B9AF->325d518f-bf0d-428a-814f-266b27e759e4@group-9696F0872FC0, cid=1051, SUCCESS, logIndex=1821, commits[325d518f-bf0d-428a-814f-266b27e759e4:c1823]
2019-06-15 10:53:02,420 INFO  client.GrpcClientProtocolClient (GrpcClientProtocolClient.java:onNext(254)) - client-09EBABE1B9AF->325d518f-bf0d-428a-814f-266b27e759e4: receive RaftClientReply:client-09EBABE1B9AF->325d518f-bf0d-428a-814f-266b27e759e4@group-9696F0872FC0, cid=1052, SUCCESS, logIndex=1822, commits[325d518f-bf0d-428a-814f-266b27e759e4:c1823]
2019-06-15 10:53:02,427 INFO  client.GrpcClientProtocolClient (GrpcClientProtocolClient.java:onNext(254)) - client-09EBABE1B9AF->325d518f-bf0d-428a-814f-266b27e759e4: receive RaftClientReply:client-09EBABE1B9AF->325d518f-bf0d-428a-814f-266b27e759e4@group-9696F0872FC0, cid=1053, SUCCESS, logIndex=1824, commits[325d518f-bf0d-428a-814f-266b27e759e4:c1824]
2019-06-15 10:53:02,428 INFO  client.GrpcClientProtocolClient (GrpcClientProtocolClient.java:onNext(254)) - client-09EBABE1B9AF->325d518f-bf0d-428a-814f-266b27e759e4: receive RaftClientReply:client-09EBABE1B9AF->325d518f-bf0d-428a-814f-266b27e759e4@group-9696F0872FC0, cid=1054, SUCCESS, logIndex=1826, commits[325d518f-bf0d-428a-814f-266b27e759e4:c1826]
2019-06-15 10:53:02,430 INFO  client.GrpcClientProtocolClient (GrpcClientProtocolClient.java:onNext(254)) - client-09EBABE1B9AF->325d518f-bf0d-428a-814f-266b27e759e4: receive RaftClientReply:client-09EBABE1B9AF->325d518f-bf0d-428a-814f-266b27e759e4@group-9696F0872FC0, cid=1055, SUCCESS, logIndex=1828, commits[325d518f-bf0d-428a-814f-266b27e759e4:c1829]
2019-06-15 10:53:02,431 INFO  client.GrpcClientProtocolClient (GrpcClientProtocolClient.java:onNext(254)) - client-09EBABE1B9AF->325d518f-bf0d-428a-814f-266b27e759e4: receive RaftClientReply:client-09EBABE1B9AF->325d518f-bf0d-428a-814f-266b27e759e4@group-9696F0872FC0, cid=1056, SUCCESS, logIndex=1829, commits[325d518f-bf0d-428a-814f-266b27e759e4:c1829]
2019-06-15 10:53:02,442 INFO  client.GrpcClientProtocolClient (GrpcClientProtocolClient.java:onNext(254)) - client-09EBABE1B9AF->325d518f-bf0d-428a-814f-266b27e759e4: receive RaftClientReply:client-09EBABE1B9AF->325d518f-bf0d-428a-814f-266b27e759e4@group-9696F0872FC0, cid=1057, SUCCESS, logIndex=1831, commits[325d518f-bf0d-428a-814f-266b27e759e4:c1831]
2019-06-15 10:53:02,444 INFO  client.GrpcClientProtocolClient (GrpcClientProtocolClient.java:onNext(254)) - client-09EBABE1B9AF->325d518f-bf0d-428a-814f-266b27e759e4: receive RaftClientReply:client-09EBABE1B9AF->325d518f-bf0d-428a-814f-266b27e759e4@group-9696F0872FC0, cid=1058, SUCCESS, logIndex=1833, commits[325d518f-bf0d-428a-814f-266b27e759e4:c1833]
2019-06-15 10:53:02,444 INFO  client.GrpcClientProtocolClient (GrpcClientProtocolClient.java:onNext(254)) - client-09EBABE1B9AF->325d518f-bf0d-428a-814f-266b27e759e4: receive RaftClientReply:client-09EBABE1B9AF->325d518f-bf0d-428a-814f-266b27e759e4@group-9696F0872FC0, cid=1059, SUCCESS, logIndex=1834, commits[325d518f-bf0d-428a-814f-266b27e759e4:c1834]
2019-06-15 10:53:02,446 INFO  client.GrpcClientProtocolClient (GrpcClientProtocolClient.java:onNext(254)) - client-09EBABE1B9AF->325d518f-bf0d-428a-814f-266b27e759e4: receive RaftClientReply:client-09EBABE1B9AF->325d518f-bf0d-428a-814f-266b27e759e4@group-9696F0872FC0, cid=1060, SUCCESS, logIndex=1837, commits[325d518f-bf0d-428a-814f-266b27e759e4:c1837]
2019-06-15 10:53:02,488 DEBUG block.SCMBlockDeletingService (SCMBlockDeletingService.java:call(138)) - Running DeletedBlockTransactionScanner
2019-06-15 10:53:02,489 DEBUG block.SCMBlockDeletingService (SCMBlockDeletingService.java:call(155)) - Scanned deleted blocks log and got 0 delTX to process.
2019-06-15 10:53:02,517 INFO  client.GrpcClientProtocolClient (GrpcClientProtocolClient.java:onNext(254)) - client-09EBABE1B9AF->325d518f-bf0d-428a-814f-266b27e759e4: receive RaftClientReply:client-09EBABE1B9AF->325d518f-bf0d-428a-814f-266b27e759e4@group-9696F0872FC0, cid=1061, SUCCESS, logIndex=1839, commits[325d518f-bf0d-428a-814f-266b27e759e4:c1839]
2019-06-15 10:53:02,519 INFO  client.GrpcClientProtocolClient (GrpcClientProtocolClient.java:onNext(254)) - client-09EBABE1B9AF->325d518f-bf0d-428a-814f-266b27e759e4: receive RaftClientReply:client-09EBABE1B9AF->325d518f-bf0d-428a-814f-266b27e759e4@group-9696F0872FC0, cid=1062, SUCCESS, logIndex=1841, commits[325d518f-bf0d-428a-814f-266b27e759e4:c1841]
2019-06-15 10:53:02,520 INFO  client.GrpcClientProtocolClient (GrpcClientProtocolClient.java:onNext(254)) - client-09EBABE1B9AF->325d518f-bf0d-428a-814f-266b27e759e4: receive RaftClientReply:client-09EBABE1B9AF->325d518f-bf0d-428a-814f-266b27e759e4@group-9696F0872FC0, cid=1063, SUCCESS, logIndex=1842, commits[325d518f-bf0d-428a-814f-266b27e759e4:c1842]
2019-06-15 10:53:02,521 INFO  client.GrpcClientProtocolClient (GrpcClientProtocolClient.java:onNext(254)) - client-09EBABE1B9AF->325d518f-bf0d-428a-814f-266b27e759e4: receive RaftClientReply:client-09EBABE1B9AF->325d518f-bf0d-428a-814f-266b27e759e4@group-9696F0872FC0, cid=1064, SUCCESS, logIndex=1844, commits[325d518f-bf0d-428a-814f-266b27e759e4:c1844]
2019-06-15 10:53:02,531 INFO  client.GrpcClientProtocolClient (GrpcClientProtocolClient.java:onNext(254)) - client-09EBABE1B9AF->325d518f-bf0d-428a-814f-266b27e759e4: receive RaftClientReply:client-09EBABE1B9AF->325d518f-bf0d-428a-814f-266b27e759e4@group-9696F0872FC0, cid=1065, SUCCESS, logIndex=1847, commits[325d518f-bf0d-428a-814f-266b27e759e4:c1847]
2019-06-15 10:53:02,533 INFO  client.GrpcClientProtocolClient (GrpcClientProtocolClient.java:onNext(254)) - client-09EBABE1B9AF->325d518f-bf0d-428a-814f-266b27e759e4: receive RaftClientReply:client-09EBABE1B9AF->325d518f-bf0d-428a-814f-266b27e759e4@group-9696F0872FC0, cid=1066, SUCCESS, logIndex=1849, commits[325d518f-bf0d-428a-814f-266b27e759e4:c1849]
2019-06-15 10:53:02,534 INFO  client.GrpcClientProtocolClient (GrpcClientProtocolClient.java:onNext(254)) - client-09EBABE1B9AF->325d518f-bf0d-428a-814f-266b27e759e4: receive RaftClientReply:client-09EBABE1B9AF->325d518f-bf0d-428a-814f-266b27e759e4@group-9696F0872FC0, cid=1067, SUCCESS, logIndex=1850, commits[325d518f-bf0d-428a-814f-266b27e759e4:c1850]
2019-06-15 10:53:02,534 INFO  client.GrpcClientProtocolClient (GrpcClientProtocolClient.java:onNext(254)) - client-09EBABE1B9AF->325d518f-bf0d-428a-814f-266b27e759e4: receive RaftClientReply:client-09EBABE1B9AF->325d518f-bf0d-428a-814f-266b27e759e4@group-9696F0872FC0, cid=1068, SUCCESS, logIndex=1852, commits[325d518f-bf0d-428a-814f-266b27e759e4:c1852]
2019-06-15 10:53:02,540 INFO  client.GrpcClientProtocolClient (GrpcClientProtocolClient.java:onNext(254)) - client-09EBABE1B9AF->325d518f-bf0d-428a-814f-266b27e759e4: receive RaftClientReply:client-09EBABE1B9AF->325d518f-bf0d-428a-814f-266b27e759e4@group-9696F0872FC0, cid=1069, SUCCESS, logIndex=1855, commits[325d518f-bf0d-428a-814f-266b27e759e4:c1855]
2019-06-15 10:53:02,540 INFO  storage.RaftLogWorker (RaftLogWorker.java:rollLogSegment(303)) - 325d518f-bf0d-428a-814f-266b27e759e4-RaftLogWorker: Rolling segment log-1780_1856 to index:1856
2019-06-15 10:53:02,540 INFO  storage.RaftLogWorker (RaftLogWorker.java:execute(433)) - 325d518f-bf0d-428a-814f-266b27e759e4-RaftLogWorker: Rolled log segment from /opt/src/hadoop-ozone/integration-test/target/test-dir/MiniOzoneClusterImpl-dd99cefe-9779-4043-9d74-181b69d2a827/datanode-0/data/ratis/e0f1d9ef-e225-4b24-a786-9696f0872fc0/current/log_inprogress_1780 to /opt/src/hadoop-ozone/integration-test/target/test-dir/MiniOzoneClusterImpl-dd99cefe-9779-4043-9d74-181b69d2a827/datanode-0/data/ratis/e0f1d9ef-e225-4b24-a786-9696f0872fc0/current/log_1780-1856
2019-06-15 10:53:02,575 INFO  storage.RaftLogWorker (RaftLogWorker.java:execute(469)) - 325d518f-bf0d-428a-814f-266b27e759e4-RaftLogWorker: created new log segment /opt/src/hadoop-ozone/integration-test/target/test-dir/MiniOzoneClusterImpl-dd99cefe-9779-4043-9d74-181b69d2a827/datanode-0/data/ratis/e0f1d9ef-e225-4b24-a786-9696f0872fc0/current/log_inprogress_1857
2019-06-15 10:53:02,577 INFO  client.GrpcClientProtocolClient (GrpcClientProtocolClient.java:onNext(254)) - client-09EBABE1B9AF->325d518f-bf0d-428a-814f-266b27e759e4: receive RaftClientReply:client-09EBABE1B9AF->325d518f-bf0d-428a-814f-266b27e759e4@group-9696F0872FC0, cid=1070, SUCCESS, logIndex=1857, commits[325d518f-bf0d-428a-814f-266b27e759e4:c1859]
2019-06-15 10:53:02,579 INFO  client.GrpcClientProtocolClient (GrpcClientProtocolClient.java:onNext(254)) - client-09EBABE1B9AF->325d518f-bf0d-428a-814f-266b27e759e4: receive RaftClientReply:client-09EBABE1B9AF->325d518f-bf0d-428a-814f-266b27e759e4@group-9696F0872FC0, cid=1071, SUCCESS, logIndex=1858, commits[325d518f-bf0d-428a-814f-266b27e759e4:c1860]
2019-06-15 10:53:02,579 INFO  client.GrpcClientProtocolClient (GrpcClientProtocolClient.java:onNext(254)) - client-09EBABE1B9AF->325d518f-bf0d-428a-814f-266b27e759e4: receive RaftClientReply:client-09EBABE1B9AF->325d518f-bf0d-428a-814f-266b27e759e4@group-9696F0872FC0, cid=1072, SUCCESS, logIndex=1859, commits[325d518f-bf0d-428a-814f-266b27e759e4:c1860]
2019-06-15 10:53:02,589 DEBUG block.SCMBlockDeletingService (SCMBlockDeletingService.java:call(138)) - Running DeletedBlockTransactionScanner
2019-06-15 10:53:02,589 DEBUG block.SCMBlockDeletingService (SCMBlockDeletingService.java:call(155)) - Scanned deleted blocks log and got 0 delTX to process.
2019-06-15 10:53:02,590 INFO  client.GrpcClientProtocolClient (GrpcClientProtocolClient.java:onNext(254)) - client-09EBABE1B9AF->325d518f-bf0d-428a-814f-266b27e759e4: receive RaftClientReply:client-09EBABE1B9AF->325d518f-bf0d-428a-814f-266b27e759e4@group-9696F0872FC0, cid=1073, SUCCESS, logIndex=1861, commits[325d518f-bf0d-428a-814f-266b27e759e4:c1861]
2019-06-15 10:53:02,592 INFO  client.GrpcClientProtocolClient (GrpcClientProtocolClient.java:onNext(254)) - client-09EBABE1B9AF->325d518f-bf0d-428a-814f-266b27e759e4: receive RaftClientReply:client-09EBABE1B9AF->325d518f-bf0d-428a-814f-266b27e759e4@group-9696F0872FC0, cid=1074, SUCCESS, logIndex=1863, commits[325d518f-bf0d-428a-814f-266b27e759e4:c1863]
2019-06-15 10:53:02,594 INFO  client.GrpcClientProtocolClient (GrpcClientProtocolClient.java:onNext(254)) - client-09EBABE1B9AF->325d518f-bf0d-428a-814f-266b27e759e4: receive RaftClientReply:client-09EBABE1B9AF->325d518f-bf0d-428a-814f-266b27e759e4@group-9696F0872FC0, cid=1075, SUCCESS, logIndex=1865, commits[325d518f-bf0d-428a-814f-266b27e759e4:c1866]
2019-06-15 10:53:02,595 INFO  client.GrpcClientProtocolClient (GrpcClientProtocolClient.java:onNext(254)) - client-09EBABE1B9AF->325d518f-bf0d-428a-814f-266b27e759e4: receive RaftClientReply:client-09EBABE1B9AF->325d518f-bf0d-428a-814f-266b27e759e4@group-9696F0872FC0, cid=1076, SUCCESS, logIndex=1866, commits[325d518f-bf0d-428a-814f-266b27e759e4:c1867]
2019-06-15 10:53:02,601 INFO  client.GrpcClientProtocolClient (GrpcClientProtocolClient.java:onNext(254)) - client-09EBABE1B9AF->325d518f-bf0d-428a-814f-266b27e759e4: receive RaftClientReply:client-09EBABE1B9AF->325d518f-bf0d-428a-814f-266b27e759e4@group-9696F0872FC0, cid=1077, SUCCESS, logIndex=1868, commits[325d518f-bf0d-428a-814f-266b27e759e4:c1868]
2019-06-15 10:53:02,602 INFO  client.GrpcClientProtocolClient (GrpcClientProtocolClient.java:onNext(254)) - client-09EBABE1B9AF->325d518f-bf0d-428a-814f-266b27e759e4: receive RaftClientReply:client-09EBABE1B9AF->325d518f-bf0d-428a-814f-266b27e759e4@group-9696F0872FC0, cid=1078, SUCCESS, logIndex=1870, commits[325d518f-bf0d-428a-814f-266b27e759e4:c1870]
2019-06-15 10:53:02,604 INFO  client.GrpcClientProtocolClient (GrpcClientProtocolClient.java:onNext(254)) - client-09EBABE1B9AF->325d518f-bf0d-428a-814f-266b27e759e4: receive RaftClientReply:client-09EBABE1B9AF->325d518f-bf0d-428a-814f-266b27e759e4@group-9696F0872FC0, cid=1079, SUCCESS, logIndex=1872, commits[325d518f-bf0d-428a-814f-266b27e759e4:c1873]
2019-06-15 10:53:02,605 INFO  client.GrpcClientProtocolClient (GrpcClientProtocolClient.java:onNext(254)) - client-09EBABE1B9AF->325d518f-bf0d-428a-814f-266b27e759e4: receive RaftClientReply:client-09EBABE1B9AF->325d518f-bf0d-428a-814f-266b27e759e4@group-9696F0872FC0, cid=1080, SUCCESS, logIndex=1873, commits[325d518f-bf0d-428a-814f-266b27e759e4:c1874]
2019-06-15 10:53:02,615 INFO  client.GrpcClientProtocolClient (GrpcClientProtocolClient.java:onNext(254)) - client-09EBABE1B9AF->325d518f-bf0d-428a-814f-266b27e759e4: receive RaftClientReply:client-09EBABE1B9AF->325d518f-bf0d-428a-814f-266b27e759e4@group-9696F0872FC0, cid=1081, SUCCESS, logIndex=1875, commits[325d518f-bf0d-428a-814f-266b27e759e4:c1875]
2019-06-15 10:53:02,616 INFO  client.GrpcClientProtocolClient (GrpcClientProtocolClient.java:onNext(254)) - client-09EBABE1B9AF->325d518f-bf0d-428a-814f-266b27e759e4: receive RaftClientReply:client-09EBABE1B9AF->325d518f-bf0d-428a-814f-266b27e759e4@group-9696F0872FC0, cid=1082, SUCCESS, logIndex=1877, commits[325d518f-bf0d-428a-814f-266b27e759e4:c1877]
2019-06-15 10:53:02,617 INFO  client.GrpcClientProtocolClient (GrpcClientProtocolClient.java:onNext(254)) - client-09EBABE1B9AF->325d518f-bf0d-428a-814f-266b27e759e4: receive RaftClientReply:client-09EBABE1B9AF->325d518f-bf0d-428a-814f-266b27e759e4@group-9696F0872FC0, cid=1083, SUCCESS, logIndex=1878, commits[325d518f-bf0d-428a-814f-266b27e759e4:c1879]
2019-06-15 10:53:02,619 INFO  client.GrpcClientProtocolClient (GrpcClientProtocolClient.java:onNext(254)) - client-09EBABE1B9AF->325d518f-bf0d-428a-814f-266b27e759e4: receive RaftClientReply:client-09EBABE1B9AF->325d518f-bf0d-428a-814f-266b27e759e4@group-9696F0872FC0, cid=1084, SUCCESS, logIndex=1880, commits[325d518f-bf0d-428a-814f-266b27e759e4:c1880]
2019-06-15 10:53:02,625 INFO  client.GrpcClientProtocolClient (GrpcClientProtocolClient.java:onNext(254)) - client-09EBABE1B9AF->325d518f-bf0d-428a-814f-266b27e759e4: receive RaftClientReply:client-09EBABE1B9AF->325d518f-bf0d-428a-814f-266b27e759e4@group-9696F0872FC0, cid=1085, SUCCESS, logIndex=1882, commits[325d518f-bf0d-428a-814f-266b27e759e4:c1882]
2019-06-15 10:53:02,627 INFO  client.GrpcClientProtocolClient (GrpcClientProtocolClient.java:onNext(254)) - client-09EBABE1B9AF->325d518f-bf0d-428a-814f-266b27e759e4: receive RaftClientReply:client-09EBABE1B9AF->325d518f-bf0d-428a-814f-266b27e759e4@group-9696F0872FC0, cid=1086, SUCCESS, logIndex=1884, commits[325d518f-bf0d-428a-814f-266b27e759e4:c1884]
2019-06-15 10:53:02,628 INFO  client.GrpcClientProtocolClient (GrpcClientProtocolClient.java:onNext(254)) - client-09EBABE1B9AF->325d518f-bf0d-428a-814f-266b27e759e4: receive RaftClientReply:client-09EBABE1B9AF->325d518f-bf0d-428a-814f-266b27e759e4@group-9696F0872FC0, cid=1087, SUCCESS, logIndex=1885, commits[325d518f-bf0d-428a-814f-266b27e759e4:c1887]
2019-06-15 10:53:02,628 INFO  client.GrpcClientProtocolClient (GrpcClientProtocolClient.java:onNext(254)) - client-09EBABE1B9AF->325d518f-bf0d-428a-814f-266b27e759e4: receive RaftClientReply:client-09EBABE1B9AF->325d518f-bf0d-428a-814f-266b27e759e4@group-9696F0872FC0, cid=1088, SUCCESS, logIndex=1886, commits[325d518f-bf0d-428a-814f-266b27e759e4:c1887]
2019-06-15 10:53:02,639 INFO  client.GrpcClientProtocolClient (GrpcClientProtocolClient.java:onNext(254)) - client-09EBABE1B9AF->325d518f-bf0d-428a-814f-266b27e759e4: receive RaftClientReply:client-09EBABE1B9AF->325d518f-bf0d-428a-814f-266b27e759e4@group-9696F0872FC0, cid=1089, SUCCESS, logIndex=1888, commits[325d518f-bf0d-428a-814f-266b27e759e4:c1888]
2019-06-15 10:53:02,641 INFO  client.GrpcClientProtocolClient (GrpcClientProtocolClient.java:onNext(254)) - client-09EBABE1B9AF->325d518f-bf0d-428a-814f-266b27e759e4: receive RaftClientReply:client-09EBABE1B9AF->325d518f-bf0d-428a-814f-266b27e759e4@group-9696F0872FC0, cid=1090, SUCCESS, logIndex=1890, commits[325d518f-bf0d-428a-814f-266b27e759e4:c1890]
2019-06-15 10:53:02,642 INFO  client.GrpcClientProtocolClient (GrpcClientProtocolClient.java:onNext(254)) - client-09EBABE1B9AF->325d518f-bf0d-428a-814f-266b27e759e4: receive RaftClientReply:client-09EBABE1B9AF->325d518f-bf0d-428a-814f-266b27e759e4@group-9696F0872FC0, cid=1091, SUCCESS, logIndex=1891, commits[325d518f-bf0d-428a-814f-266b27e759e4:c1892]
2019-06-15 10:53:02,643 INFO  client.GrpcClientProtocolClient (GrpcClientProtocolClient.java:onNext(254)) - client-09EBABE1B9AF->325d518f-bf0d-428a-814f-266b27e759e4: receive RaftClientReply:client-09EBABE1B9AF->325d518f-bf0d-428a-814f-266b27e759e4@group-9696F0872FC0, cid=1092, SUCCESS, logIndex=1892, commits[325d518f-bf0d-428a-814f-266b27e759e4:c1893]
2019-06-15 10:53:02,648 INFO  client.GrpcClientProtocolClient (GrpcClientProtocolClient.java:onNext(254)) - client-09EBABE1B9AF->325d518f-bf0d-428a-814f-266b27e759e4: receive RaftClientReply:client-09EBABE1B9AF->325d518f-bf0d-428a-814f-266b27e759e4@group-9696F0872FC0, cid=1093, SUCCESS, logIndex=1895, commits[325d518f-bf0d-428a-814f-266b27e759e4:c1895]
2019-06-15 10:53:02,650 INFO  client.GrpcClientProtocolClient (GrpcClientProtocolClient.java:onNext(254)) - client-09EBABE1B9AF->325d518f-bf0d-428a-814f-266b27e759e4: receive RaftClientReply:client-09EBABE1B9AF->325d518f-bf0d-428a-814f-266b27e759e4@group-9696F0872FC0, cid=1094, SUCCESS, logIndex=1897, commits[325d518f-bf0d-428a-814f-266b27e759e4:c1897]
2019-06-15 10:53:02,651 INFO  client.GrpcClientProtocolClient (GrpcClientProtocolClient.java:onNext(254)) - client-09EBABE1B9AF->325d518f-bf0d-428a-814f-266b27e759e4: receive RaftClientReply:client-09EBABE1B9AF->325d518f-bf0d-428a-814f-266b27e759e4@group-9696F0872FC0, cid=1095, SUCCESS, logIndex=1898, commits[325d518f-bf0d-428a-814f-266b27e759e4:c1899]
2019-06-15 10:53:02,652 INFO  client.GrpcClientProtocolClient (GrpcClientProtocolClient.java:onNext(254)) - client-09EBABE1B9AF->325d518f-bf0d-428a-814f-266b27e759e4: receive RaftClientReply:client-09EBABE1B9AF->325d518f-bf0d-428a-814f-266b27e759e4@group-9696F0872FC0, cid=1096, SUCCESS, logIndex=1899, commits[325d518f-bf0d-428a-814f-266b27e759e4:c1899]
2019-06-15 10:53:02,661 INFO  client.GrpcClientProtocolClient (GrpcClientProtocolClient.java:onNext(254)) - client-09EBABE1B9AF->325d518f-bf0d-428a-814f-266b27e759e4: receive RaftClientReply:client-09EBABE1B9AF->325d518f-bf0d-428a-814f-266b27e759e4@group-9696F0872FC0, cid=1097, SUCCESS, logIndex=1902, commits[325d518f-bf0d-428a-814f-266b27e759e4:c1903]
2019-06-15 10:53:02,663 INFO  client.GrpcClientProtocolClient (GrpcClientProtocolClient.java:onNext(254)) - client-09EBABE1B9AF->325d518f-bf0d-428a-814f-266b27e759e4: receive RaftClientReply:client-09EBABE1B9AF->325d518f-bf0d-428a-814f-266b27e759e4@group-9696F0872FC0, cid=1098, SUCCESS, logIndex=1904, commits[325d518f-bf0d-428a-814f-266b27e759e4:c1904]
2019-06-15 10:53:02,664 INFO  client.GrpcClientProtocolClient (GrpcClientProtocolClient.java:onNext(254)) - client-09EBABE1B9AF->325d518f-bf0d-428a-814f-266b27e759e4: receive RaftClientReply:client-09EBABE1B9AF->325d518f-bf0d-428a-814f-266b27e759e4@group-9696F0872FC0, cid=1099, SUCCESS, logIndex=1905, commits[325d518f-bf0d-428a-814f-266b27e759e4:c1907]
2019-06-15 10:53:02,664 INFO  client.GrpcClientProtocolClient (GrpcClientProtocolClient.java:onNext(254)) - client-09EBABE1B9AF->325d518f-bf0d-428a-814f-266b27e759e4: receive RaftClientReply:client-09EBABE1B9AF->325d518f-bf0d-428a-814f-266b27e759e4@group-9696F0872FC0, cid=1100, SUCCESS, logIndex=1906, commits[325d518f-bf0d-428a-814f-266b27e759e4:c1907]
2019-06-15 10:53:02,670 INFO  client.GrpcClientProtocolClient (GrpcClientProtocolClient.java:onNext(254)) - client-09EBABE1B9AF->325d518f-bf0d-428a-814f-266b27e759e4: receive RaftClientReply:client-09EBABE1B9AF->325d518f-bf0d-428a-814f-266b27e759e4@group-9696F0872FC0, cid=1101, SUCCESS, logIndex=1908, commits[325d518f-bf0d-428a-814f-266b27e759e4:c1908]
2019-06-15 10:53:02,673 INFO  client.GrpcClientProtocolClient (GrpcClientProtocolClient.java:onNext(254)) - client-09EBABE1B9AF->325d518f-bf0d-428a-814f-266b27e759e4: receive RaftClientReply:client-09EBABE1B9AF->325d518f-bf0d-428a-814f-266b27e759e4@group-9696F0872FC0, cid=1102, SUCCESS, logIndex=1910, commits[325d518f-bf0d-428a-814f-266b27e759e4:c1910]
2019-06-15 10:53:02,673 INFO  client.GrpcClientProtocolClient (GrpcClientProtocolClient.java:onNext(254)) - client-09EBABE1B9AF->325d518f-bf0d-428a-814f-266b27e759e4: receive RaftClientReply:client-09EBABE1B9AF->325d518f-bf0d-428a-814f-266b27e759e4@group-9696F0872FC0, cid=1103, SUCCESS, logIndex=1911, commits[325d518f-bf0d-428a-814f-266b27e759e4:c1913]
2019-06-15 10:53:02,674 INFO  client.GrpcClientProtocolClient (GrpcClientProtocolClient.java:onNext(254)) - client-09EBABE1B9AF->325d518f-bf0d-428a-814f-266b27e759e4: receive RaftClientReply:client-09EBABE1B9AF->325d518f-bf0d-428a-814f-266b27e759e4@group-9696F0872FC0, cid=1104, SUCCESS, logIndex=1912, commits[325d518f-bf0d-428a-814f-266b27e759e4:c1913]
2019-06-15 10:53:02,690 DEBUG block.SCMBlockDeletingService (SCMBlockDeletingService.java:call(138)) - Running DeletedBlockTransactionScanner
2019-06-15 10:53:02,690 DEBUG block.SCMBlockDeletingService (SCMBlockDeletingService.java:call(155)) - Scanned deleted blocks log and got 0 delTX to process.
2019-06-15 10:53:02,750 INFO  client.GrpcClientProtocolClient (GrpcClientProtocolClient.java:onNext(254)) - client-09EBABE1B9AF->325d518f-bf0d-428a-814f-266b27e759e4: receive RaftClientReply:client-09EBABE1B9AF->325d518f-bf0d-428a-814f-266b27e759e4@group-9696F0872FC0, cid=1105, SUCCESS, logIndex=1914, commits[325d518f-bf0d-428a-814f-266b27e759e4:c1914]
2019-06-15 10:53:02,753 INFO  client.GrpcClientProtocolClient (GrpcClientProtocolClient.java:onNext(254)) - client-09EBABE1B9AF->325d518f-bf0d-428a-814f-266b27e759e4: receive RaftClientReply:client-09EBABE1B9AF->325d518f-bf0d-428a-814f-266b27e759e4@group-9696F0872FC0, cid=1106, SUCCESS, logIndex=1916, commits[325d518f-bf0d-428a-814f-266b27e759e4:c1916]
2019-06-15 10:53:02,755 INFO  client.GrpcClientProtocolClient (GrpcClientProtocolClient.java:onNext(254)) - client-09EBABE1B9AF->325d518f-bf0d-428a-814f-266b27e759e4: receive RaftClientReply:client-09EBABE1B9AF->325d518f-bf0d-428a-814f-266b27e759e4@group-9696F0872FC0, cid=1107, SUCCESS, logIndex=1917, commits[325d518f-bf0d-428a-814f-266b27e759e4:c1920]
2019-06-15 10:53:02,760 INFO  client.GrpcClientProtocolClient (GrpcClientProtocolClient.java:onNext(254)) - client-09EBABE1B9AF->325d518f-bf0d-428a-814f-266b27e759e4: receive RaftClientReply:client-09EBABE1B9AF->325d518f-bf0d-428a-814f-266b27e759e4@group-9696F0872FC0, cid=1108, SUCCESS, logIndex=1919, commits[325d518f-bf0d-428a-814f-266b27e759e4:c1920]
2019-06-15 10:53:02,766 INFO  client.GrpcClientProtocolClient (GrpcClientProtocolClient.java:onNext(254)) - client-09EBABE1B9AF->325d518f-bf0d-428a-814f-266b27e759e4: receive RaftClientReply:client-09EBABE1B9AF->325d518f-bf0d-428a-814f-266b27e759e4@group-9696F0872FC0, cid=1109, SUCCESS, logIndex=1921, commits[325d518f-bf0d-428a-814f-266b27e759e4:c1921]
2019-06-15 10:53:02,766 INFO  storage.RaftLogWorker (RaftLogWorker.java:rollLogSegment(303)) - 325d518f-bf0d-428a-814f-266b27e759e4-RaftLogWorker: Rolling segment log-1857_1925 to index:1925
2019-06-15 10:53:02,767 INFO  client.GrpcClientProtocolClient (GrpcClientProtocolClient.java:onNext(254)) - client-09EBABE1B9AF->325d518f-bf0d-428a-814f-266b27e759e4: receive RaftClientReply:client-09EBABE1B9AF->325d518f-bf0d-428a-814f-266b27e759e4@group-9696F0872FC0, cid=1110, SUCCESS, logIndex=1923, commits[325d518f-bf0d-428a-814f-266b27e759e4:c1923]
2019-06-15 10:53:02,768 INFO  storage.RaftLogWorker (RaftLogWorker.java:execute(433)) - 325d518f-bf0d-428a-814f-266b27e759e4-RaftLogWorker: Rolled log segment from /opt/src/hadoop-ozone/integration-test/target/test-dir/MiniOzoneClusterImpl-dd99cefe-9779-4043-9d74-181b69d2a827/datanode-0/data/ratis/e0f1d9ef-e225-4b24-a786-9696f0872fc0/current/log_inprogress_1857 to /opt/src/hadoop-ozone/integration-test/target/test-dir/MiniOzoneClusterImpl-dd99cefe-9779-4043-9d74-181b69d2a827/datanode-0/data/ratis/e0f1d9ef-e225-4b24-a786-9696f0872fc0/current/log_1857-1925
2019-06-15 10:53:02,769 INFO  client.GrpcClientProtocolClient (GrpcClientProtocolClient.java:onNext(254)) - client-09EBABE1B9AF->325d518f-bf0d-428a-814f-266b27e759e4: receive RaftClientReply:client-09EBABE1B9AF->325d518f-bf0d-428a-814f-266b27e759e4@group-9696F0872FC0, cid=1111, SUCCESS, logIndex=1924, commits[325d518f-bf0d-428a-814f-266b27e759e4:c1925]
2019-06-15 10:53:02,790 DEBUG block.SCMBlockDeletingService (SCMBlockDeletingService.java:call(138)) - Running DeletedBlockTransactionScanner
2019-06-15 10:53:02,803 DEBUG block.SCMBlockDeletingService (SCMBlockDeletingService.java:call(155)) - Scanned deleted blocks log and got 0 delTX to process.
2019-06-15 10:53:02,806 INFO  storage.RaftLogWorker (RaftLogWorker.java:execute(469)) - 325d518f-bf0d-428a-814f-266b27e759e4-RaftLogWorker: created new log segment /opt/src/hadoop-ozone/integration-test/target/test-dir/MiniOzoneClusterImpl-dd99cefe-9779-4043-9d74-181b69d2a827/datanode-0/data/ratis/e0f1d9ef-e225-4b24-a786-9696f0872fc0/current/log_inprogress_1926
2019-06-15 10:53:02,808 INFO  client.GrpcClientProtocolClient (GrpcClientProtocolClient.java:onNext(254)) - client-09EBABE1B9AF->325d518f-bf0d-428a-814f-266b27e759e4: receive RaftClientReply:client-09EBABE1B9AF->325d518f-bf0d-428a-814f-266b27e759e4@group-9696F0872FC0, cid=1112, SUCCESS, logIndex=1926, commits[325d518f-bf0d-428a-814f-266b27e759e4:c1926]
2019-06-15 10:53:02,817 INFO  client.GrpcClientProtocolClient (GrpcClientProtocolClient.java:onNext(254)) - client-09EBABE1B9AF->325d518f-bf0d-428a-814f-266b27e759e4: receive RaftClientReply:client-09EBABE1B9AF->325d518f-bf0d-428a-814f-266b27e759e4@group-9696F0872FC0, cid=1113, SUCCESS, logIndex=1928, commits[325d518f-bf0d-428a-814f-266b27e759e4:c1928]
2019-06-15 10:53:02,820 INFO  client.GrpcClientProtocolClient (GrpcClientProtocolClient.java:onNext(254)) - client-09EBABE1B9AF->325d518f-bf0d-428a-814f-266b27e759e4: receive RaftClientReply:client-09EBABE1B9AF->325d518f-bf0d-428a-814f-266b27e759e4@group-9696F0872FC0, cid=1114, SUCCESS, logIndex=1930, commits[325d518f-bf0d-428a-814f-266b27e759e4:c1930]
2019-06-15 10:53:02,821 INFO  client.GrpcClientProtocolClient (GrpcClientProtocolClient.java:onNext(254)) - client-09EBABE1B9AF->325d518f-bf0d-428a-814f-266b27e759e4: receive RaftClientReply:client-09EBABE1B9AF->325d518f-bf0d-428a-814f-266b27e759e4@group-9696F0872FC0, cid=1115, SUCCESS, logIndex=1931, commits[325d518f-bf0d-428a-814f-266b27e759e4:c1931]
2019-06-15 10:53:02,821 INFO  client.GrpcClientProtocolClient (GrpcClientProtocolClient.java:onNext(254)) - client-09EBABE1B9AF->325d518f-bf0d-428a-814f-266b27e759e4: receive RaftClientReply:client-09EBABE1B9AF->325d518f-bf0d-428a-814f-266b27e759e4@group-9696F0872FC0, cid=1116, SUCCESS, logIndex=1933, commits[325d518f-bf0d-428a-814f-266b27e759e4:c1934]
2019-06-15 10:53:02,869 INFO  client.GrpcClientProtocolClient (GrpcClientProtocolClient.java:onNext(254)) - client-09EBABE1B9AF->325d518f-bf0d-428a-814f-266b27e759e4: receive RaftClientReply:client-09EBABE1B9AF->325d518f-bf0d-428a-814f-266b27e759e4@group-9696F0872FC0, cid=1117, SUCCESS, logIndex=1936, commits[325d518f-bf0d-428a-814f-266b27e759e4:c1936]
2019-06-15 10:53:02,871 INFO  client.GrpcClientProtocolClient (GrpcClientProtocolClient.java:onNext(254)) - client-09EBABE1B9AF->325d518f-bf0d-428a-814f-266b27e759e4: receive RaftClientReply:client-09EBABE1B9AF->325d518f-bf0d-428a-814f-266b27e759e4@group-9696F0872FC0, cid=1118, SUCCESS, logIndex=1938, commits[325d518f-bf0d-428a-814f-266b27e759e4:c1938]
2019-06-15 10:53:02,871 INFO  client.GrpcClientProtocolClient (GrpcClientProtocolClient.java:onNext(254)) - client-09EBABE1B9AF->325d518f-bf0d-428a-814f-266b27e759e4: receive RaftClientReply:client-09EBABE1B9AF->325d518f-bf0d-428a-814f-266b27e759e4@group-9696F0872FC0, cid=1119, SUCCESS, logIndex=1939, commits[325d518f-bf0d-428a-814f-266b27e759e4:c1941]
2019-06-15 10:53:02,872 INFO  client.GrpcClientProtocolClient (GrpcClientProtocolClient.java:onNext(254)) - client-09EBABE1B9AF->325d518f-bf0d-428a-814f-266b27e759e4: receive RaftClientReply:client-09EBABE1B9AF->325d518f-bf0d-428a-814f-266b27e759e4@group-9696F0872FC0, cid=1120, SUCCESS, logIndex=1940, commits[325d518f-bf0d-428a-814f-266b27e759e4:c1941]
2019-06-15 10:53:02,882 INFO  client.GrpcClientProtocolClient (GrpcClientProtocolClient.java:onNext(254)) - client-09EBABE1B9AF->325d518f-bf0d-428a-814f-266b27e759e4: receive RaftClientReply:client-09EBABE1B9AF->325d518f-bf0d-428a-814f-266b27e759e4@group-9696F0872FC0, cid=1121, SUCCESS, logIndex=1942, commits[325d518f-bf0d-428a-814f-266b27e759e4:c1942]
2019-06-15 10:53:02,884 INFO  client.GrpcClientProtocolClient (GrpcClientProtocolClient.java:onNext(254)) - client-09EBABE1B9AF->325d518f-bf0d-428a-814f-266b27e759e4: receive RaftClientReply:client-09EBABE1B9AF->325d518f-bf0d-428a-814f-266b27e759e4@group-9696F0872FC0, cid=1122, SUCCESS, logIndex=1944, commits[325d518f-bf0d-428a-814f-266b27e759e4:c1944]
2019-06-15 10:53:02,885 INFO  client.GrpcClientProtocolClient (GrpcClientProtocolClient.java:onNext(254)) - client-09EBABE1B9AF->325d518f-bf0d-428a-814f-266b27e759e4: receive RaftClientReply:client-09EBABE1B9AF->325d518f-bf0d-428a-814f-266b27e759e4@group-9696F0872FC0, cid=1123, SUCCESS, logIndex=1945, commits[325d518f-bf0d-428a-814f-266b27e759e4:c1947]
2019-06-15 10:53:02,885 INFO  client.GrpcClientProtocolClient (GrpcClientProtocolClient.java:onNext(254)) - client-09EBABE1B9AF->325d518f-bf0d-428a-814f-266b27e759e4: receive RaftClientReply:client-09EBABE1B9AF->325d518f-bf0d-428a-814f-266b27e759e4@group-9696F0872FC0, cid=1124, SUCCESS, logIndex=1947, commits[325d518f-bf0d-428a-814f-266b27e759e4:c1947]
2019-06-15 10:53:02,891 INFO  client.GrpcClientProtocolClient (GrpcClientProtocolClient.java:onNext(254)) - client-09EBABE1B9AF->325d518f-bf0d-428a-814f-266b27e759e4: receive RaftClientReply:client-09EBABE1B9AF->325d518f-bf0d-428a-814f-266b27e759e4@group-9696F0872FC0, cid=1125, SUCCESS, logIndex=1949, commits[325d518f-bf0d-428a-814f-266b27e759e4:c1949]
2019-06-15 10:53:02,893 INFO  client.GrpcClientProtocolClient (GrpcClientProtocolClient.java:onNext(254)) - client-09EBABE1B9AF->325d518f-bf0d-428a-814f-266b27e759e4: receive RaftClientReply:client-09EBABE1B9AF->325d518f-bf0d-428a-814f-266b27e759e4@group-9696F0872FC0, cid=1126, SUCCESS, logIndex=1951, commits[325d518f-bf0d-428a-814f-266b27e759e4:c1951]
2019-06-15 10:53:02,894 INFO  client.GrpcClientProtocolClient (GrpcClientProtocolClient.java:onNext(254)) - client-09EBABE1B9AF->325d518f-bf0d-428a-814f-266b27e759e4: receive RaftClientReply:client-09EBABE1B9AF->325d518f-bf0d-428a-814f-266b27e759e4@group-9696F0872FC0, cid=1127, SUCCESS, logIndex=1952, commits[325d518f-bf0d-428a-814f-266b27e759e4:c1953]
2019-06-15 10:53:02,895 INFO  client.GrpcClientProtocolClient (GrpcClientProtocolClient.java:onNext(254)) - client-09EBABE1B9AF->325d518f-bf0d-428a-814f-266b27e759e4: receive RaftClientReply:client-09EBABE1B9AF->325d518f-bf0d-428a-814f-266b27e759e4@group-9696F0872FC0, cid=1128, SUCCESS, logIndex=1954, commits[325d518f-bf0d-428a-814f-266b27e759e4:c1954]
2019-06-15 10:53:02,904 DEBUG block.SCMBlockDeletingService (SCMBlockDeletingService.java:call(138)) - Running DeletedBlockTransactionScanner
2019-06-15 10:53:02,904 DEBUG block.SCMBlockDeletingService (SCMBlockDeletingService.java:call(155)) - Scanned deleted blocks log and got 0 delTX to process.
2019-06-15 10:53:02,904 INFO  client.GrpcClientProtocolClient (GrpcClientProtocolClient.java:onNext(254)) - client-09EBABE1B9AF->325d518f-bf0d-428a-814f-266b27e759e4: receive RaftClientReply:client-09EBABE1B9AF->325d518f-bf0d-428a-814f-266b27e759e4@group-9696F0872FC0, cid=1129, SUCCESS, logIndex=1956, commits[325d518f-bf0d-428a-814f-266b27e759e4:c1956]
2019-06-15 10:53:02,906 INFO  client.GrpcClientProtocolClient (GrpcClientProtocolClient.java:onNext(254)) - client-09EBABE1B9AF->325d518f-bf0d-428a-814f-266b27e759e4: receive RaftClientReply:client-09EBABE1B9AF->325d518f-bf0d-428a-814f-266b27e759e4@group-9696F0872FC0, cid=1130, SUCCESS, logIndex=1958, commits[325d518f-bf0d-428a-814f-266b27e759e4:c1958]
2019-06-15 10:53:02,907 INFO  client.GrpcClientProtocolClient (GrpcClientProtocolClient.java:onNext(254)) - client-09EBABE1B9AF->325d518f-bf0d-428a-814f-266b27e759e4: receive RaftClientReply:client-09EBABE1B9AF->325d518f-bf0d-428a-814f-266b27e759e4@group-9696F0872FC0, cid=1131, SUCCESS, logIndex=1959, commits[325d518f-bf0d-428a-814f-266b27e759e4:c1960]
2019-06-15 10:53:02,907 INFO  client.GrpcClientProtocolClient (GrpcClientProtocolClient.java:onNext(254)) - client-09EBABE1B9AF->325d518f-bf0d-428a-814f-266b27e759e4: receive RaftClientReply:client-09EBABE1B9AF->325d518f-bf0d-428a-814f-266b27e759e4@group-9696F0872FC0, cid=1132, SUCCESS, logIndex=1960, commits[325d518f-bf0d-428a-814f-266b27e759e4:c1960]
2019-06-15 10:53:02,913 INFO  client.GrpcClientProtocolClient (GrpcClientProtocolClient.java:onNext(254)) - client-09EBABE1B9AF->325d518f-bf0d-428a-814f-266b27e759e4: receive RaftClientReply:client-09EBABE1B9AF->325d518f-bf0d-428a-814f-266b27e759e4@group-9696F0872FC0, cid=1133, SUCCESS, logIndex=1963, commits[325d518f-bf0d-428a-814f-266b27e759e4:c1963]
2019-06-15 10:53:02,914 INFO  client.GrpcClientProtocolClient (GrpcClientProtocolClient.java:onNext(254)) - client-09EBABE1B9AF->325d518f-bf0d-428a-814f-266b27e759e4: receive RaftClientReply:client-09EBABE1B9AF->325d518f-bf0d-428a-814f-266b27e759e4@group-9696F0872FC0, cid=1134, SUCCESS, logIndex=1965, commits[325d518f-bf0d-428a-814f-266b27e759e4:c1965]
2019-06-15 10:53:02,915 INFO  client.GrpcClientProtocolClient (GrpcClientProtocolClient.java:onNext(254)) - client-09EBABE1B9AF->325d518f-bf0d-428a-814f-266b27e759e4: receive RaftClientReply:client-09EBABE1B9AF->325d518f-bf0d-428a-814f-266b27e759e4@group-9696F0872FC0, cid=1135, SUCCESS, logIndex=1966, commits[325d518f-bf0d-428a-814f-266b27e759e4:c1968]
2019-06-15 10:53:02,915 INFO  client.GrpcClientProtocolClient (GrpcClientProtocolClient.java:onNext(254)) - client-09EBABE1B9AF->325d518f-bf0d-428a-814f-266b27e759e4: receive RaftClientReply:client-09EBABE1B9AF->325d518f-bf0d-428a-814f-266b27e759e4@group-9696F0872FC0, cid=1136, SUCCESS, logIndex=1968, commits[325d518f-bf0d-428a-814f-266b27e759e4:c1968]
2019-06-15 10:53:02,925 INFO  client.GrpcClientProtocolClient (GrpcClientProtocolClient.java:onNext(254)) - client-09EBABE1B9AF->325d518f-bf0d-428a-814f-266b27e759e4: receive RaftClientReply:client-09EBABE1B9AF->325d518f-bf0d-428a-814f-266b27e759e4@group-9696F0872FC0, cid=1137, SUCCESS, logIndex=1970, commits[325d518f-bf0d-428a-814f-266b27e759e4:c1970]
2019-06-15 10:53:02,928 INFO  client.GrpcClientProtocolClient (GrpcClientProtocolClient.java:onNext(254)) - client-09EBABE1B9AF->325d518f-bf0d-428a-814f-266b27e759e4: receive RaftClientReply:client-09EBABE1B9AF->325d518f-bf0d-428a-814f-266b27e759e4@group-9696F0872FC0, cid=1138, SUCCESS, logIndex=1972, commits[325d518f-bf0d-428a-814f-266b27e759e4:c1973]
2019-06-15 10:53:02,928 INFO  client.GrpcClientProtocolClient (GrpcClientProtocolClient.java:onNext(254)) - client-09EBABE1B9AF->325d518f-bf0d-428a-814f-266b27e759e4: receive RaftClientReply:client-09EBABE1B9AF->325d518f-bf0d-428a-814f-266b27e759e4@group-9696F0872FC0, cid=1139, SUCCESS, logIndex=1973, commits[325d518f-bf0d-428a-814f-266b27e759e4:c1973]
2019-06-15 10:53:02,929 INFO  client.GrpcClientProtocolClient (GrpcClientProtocolClient.java:onNext(254)) - client-09EBABE1B9AF->325d518f-bf0d-428a-814f-266b27e759e4: receive RaftClientReply:client-09EBABE1B9AF->325d518f-bf0d-428a-814f-266b27e759e4@group-9696F0872FC0, cid=1140, SUCCESS, logIndex=1975, commits[325d518f-bf0d-428a-814f-266b27e759e4:c1975]
2019-06-15 10:53:02,935 INFO  client.GrpcClientProtocolClient (GrpcClientProtocolClient.java:onNext(254)) - client-09EBABE1B9AF->325d518f-bf0d-428a-814f-266b27e759e4: receive RaftClientReply:client-09EBABE1B9AF->325d518f-bf0d-428a-814f-266b27e759e4@group-9696F0872FC0, cid=1141, SUCCESS, logIndex=1977, commits[325d518f-bf0d-428a-814f-266b27e759e4:c1977]
2019-06-15 10:53:02,937 INFO  client.GrpcClientProtocolClient (GrpcClientProtocolClient.java:onNext(254)) - client-09EBABE1B9AF->325d518f-bf0d-428a-814f-266b27e759e4: receive RaftClientReply:client-09EBABE1B9AF->325d518f-bf0d-428a-814f-266b27e759e4@group-9696F0872FC0, cid=1142, SUCCESS, logIndex=1979, commits[325d518f-bf0d-428a-814f-266b27e759e4:c1979]
2019-06-15 10:53:02,938 INFO  client.GrpcClientProtocolClient (GrpcClientProtocolClient.java:onNext(254)) - client-09EBABE1B9AF->325d518f-bf0d-428a-814f-266b27e759e4: receive RaftClientReply:client-09EBABE1B9AF->325d518f-bf0d-428a-814f-266b27e759e4@group-9696F0872FC0, cid=1143, SUCCESS, logIndex=1980, commits[325d518f-bf0d-428a-814f-266b27e759e4:c1981]
2019-06-15 10:53:02,938 INFO  client.GrpcClientProtocolClient (GrpcClientProtocolClient.java:onNext(254)) - client-09EBABE1B9AF->325d518f-bf0d-428a-814f-266b27e759e4: receive RaftClientReply:client-09EBABE1B9AF->325d518f-bf0d-428a-814f-266b27e759e4@group-9696F0872FC0, cid=1144, SUCCESS, logIndex=1981, commits[325d518f-bf0d-428a-814f-266b27e759e4:c1981]
2019-06-15 10:53:02,948 INFO  client.GrpcClientProtocolClient (GrpcClientProtocolClient.java:onNext(254)) - client-09EBABE1B9AF->325d518f-bf0d-428a-814f-266b27e759e4: receive RaftClientReply:client-09EBABE1B9AF->325d518f-bf0d-428a-814f-266b27e759e4@group-9696F0872FC0, cid=1145, SUCCESS, logIndex=1984, commits[325d518f-bf0d-428a-814f-266b27e759e4:c1984]
2019-06-15 10:53:02,949 INFO  client.GrpcClientProtocolClient (GrpcClientProtocolClient.java:onNext(254)) - client-09EBABE1B9AF->325d518f-bf0d-428a-814f-266b27e759e4: receive RaftClientReply:client-09EBABE1B9AF->325d518f-bf0d-428a-814f-266b27e759e4@group-9696F0872FC0, cid=1146, SUCCESS, logIndex=1986, commits[325d518f-bf0d-428a-814f-266b27e759e4:c1986]
2019-06-15 10:53:02,958 INFO  client.GrpcClientProtocolClient (GrpcClientProtocolClient.java:onNext(254)) - client-09EBABE1B9AF->325d518f-bf0d-428a-814f-266b27e759e4: receive RaftClientReply:client-09EBABE1B9AF->325d518f-bf0d-428a-814f-266b27e759e4@group-9696F0872FC0, cid=1147, SUCCESS, logIndex=1987, commits[325d518f-bf0d-428a-814f-266b27e759e4:c1989]
2019-06-15 10:53:02,958 INFO  client.GrpcClientProtocolClient (GrpcClientProtocolClient.java:onNext(254)) - client-09EBABE1B9AF->325d518f-bf0d-428a-814f-266b27e759e4: receive RaftClientReply:client-09EBABE1B9AF->325d518f-bf0d-428a-814f-266b27e759e4@group-9696F0872FC0, cid=1148, SUCCESS, logIndex=1989, commits[325d518f-bf0d-428a-814f-266b27e759e4:c1990]
2019-06-15 10:53:03,004 DEBUG block.SCMBlockDeletingService (SCMBlockDeletingService.java:call(138)) - Running DeletedBlockTransactionScanner
2019-06-15 10:53:03,004 DEBUG block.SCMBlockDeletingService (SCMBlockDeletingService.java:call(155)) - Scanned deleted blocks log and got 0 delTX to process.
2019-06-15 10:53:03,030 INFO  client.GrpcClientProtocolClient (GrpcClientProtocolClient.java:onNext(254)) - client-09EBABE1B9AF->325d518f-bf0d-428a-814f-266b27e759e4: receive RaftClientReply:client-09EBABE1B9AF->325d518f-bf0d-428a-814f-266b27e759e4@group-9696F0872FC0, cid=1149, SUCCESS, logIndex=1991, commits[325d518f-bf0d-428a-814f-266b27e759e4:c1991]
2019-06-15 10:53:03,032 INFO  client.GrpcClientProtocolClient (GrpcClientProtocolClient.java:onNext(254)) - client-09EBABE1B9AF->325d518f-bf0d-428a-814f-266b27e759e4: receive RaftClientReply:client-09EBABE1B9AF->325d518f-bf0d-428a-814f-266b27e759e4@group-9696F0872FC0, cid=1150, SUCCESS, logIndex=1993, commits[325d518f-bf0d-428a-814f-266b27e759e4:c1993]
2019-06-15 10:53:03,034 INFO  client.GrpcClientProtocolClient (GrpcClientProtocolClient.java:onNext(254)) - client-09EBABE1B9AF->325d518f-bf0d-428a-814f-266b27e759e4: receive RaftClientReply:client-09EBABE1B9AF->325d518f-bf0d-428a-814f-266b27e759e4@group-9696F0872FC0, cid=1151, SUCCESS, logIndex=1994, commits[325d518f-bf0d-428a-814f-266b27e759e4:c1996]
2019-06-15 10:53:03,034 INFO  client.GrpcClientProtocolClient (GrpcClientProtocolClient.java:onNext(254)) - client-09EBABE1B9AF->325d518f-bf0d-428a-814f-266b27e759e4: receive RaftClientReply:client-09EBABE1B9AF->325d518f-bf0d-428a-814f-266b27e759e4@group-9696F0872FC0, cid=1152, SUCCESS, logIndex=1996, commits[325d518f-bf0d-428a-814f-266b27e759e4:c1996]
2019-06-15 10:53:03,049 INFO  client.GrpcClientProtocolClient (GrpcClientProtocolClient.java:onNext(254)) - client-09EBABE1B9AF->325d518f-bf0d-428a-814f-266b27e759e4: receive RaftClientReply:client-09EBABE1B9AF->325d518f-bf0d-428a-814f-266b27e759e4@group-9696F0872FC0, cid=1153, SUCCESS, logIndex=1998, commits[325d518f-bf0d-428a-814f-266b27e759e4:c1998]
2019-06-15 10:53:03,049 INFO  storage.RaftLogWorker (RaftLogWorker.java:rollLogSegment(303)) - 325d518f-bf0d-428a-814f-266b27e759e4-RaftLogWorker: Rolling segment log-1926_2000 to index:2000
2019-06-15 10:53:03,050 INFO  storage.RaftLogWorker (RaftLogWorker.java:execute(433)) - 325d518f-bf0d-428a-814f-266b27e759e4-RaftLogWorker: Rolled log segment from /opt/src/hadoop-ozone/integration-test/target/test-dir/MiniOzoneClusterImpl-dd99cefe-9779-4043-9d74-181b69d2a827/datanode-0/data/ratis/e0f1d9ef-e225-4b24-a786-9696f0872fc0/current/log_inprogress_1926 to /opt/src/hadoop-ozone/integration-test/target/test-dir/MiniOzoneClusterImpl-dd99cefe-9779-4043-9d74-181b69d2a827/datanode-0/data/ratis/e0f1d9ef-e225-4b24-a786-9696f0872fc0/current/log_1926-2000
2019-06-15 10:53:03,054 INFO  client.GrpcClientProtocolClient (GrpcClientProtocolClient.java:onNext(254)) - client-09EBABE1B9AF->325d518f-bf0d-428a-814f-266b27e759e4: receive RaftClientReply:client-09EBABE1B9AF->325d518f-bf0d-428a-814f-266b27e759e4@group-9696F0872FC0, cid=1154, SUCCESS, logIndex=2000, commits[325d518f-bf0d-428a-814f-266b27e759e4:c2000]
2019-06-15 10:53:03,086 INFO  storage.RaftLogWorker (RaftLogWorker.java:execute(469)) - 325d518f-bf0d-428a-814f-266b27e759e4-RaftLogWorker: created new log segment /opt/src/hadoop-ozone/integration-test/target/test-dir/MiniOzoneClusterImpl-dd99cefe-9779-4043-9d74-181b69d2a827/datanode-0/data/ratis/e0f1d9ef-e225-4b24-a786-9696f0872fc0/current/log_inprogress_2001
2019-06-15 10:53:03,088 INFO  client.GrpcClientProtocolClient (GrpcClientProtocolClient.java:onNext(254)) - client-09EBABE1B9AF->325d518f-bf0d-428a-814f-266b27e759e4: receive RaftClientReply:client-09EBABE1B9AF->325d518f-bf0d-428a-814f-266b27e759e4@group-9696F0872FC0, cid=1155, SUCCESS, logIndex=2001, commits[325d518f-bf0d-428a-814f-266b27e759e4:c2003]
2019-06-15 10:53:03,089 INFO  client.GrpcClientProtocolClient (GrpcClientProtocolClient.java:onNext(254)) - client-09EBABE1B9AF->325d518f-bf0d-428a-814f-266b27e759e4: receive RaftClientReply:client-09EBABE1B9AF->325d518f-bf0d-428a-814f-266b27e759e4@group-9696F0872FC0, cid=1156, SUCCESS, logIndex=2003, commits[325d518f-bf0d-428a-814f-266b27e759e4:c2003]
2019-06-15 10:53:03,095 INFO  client.GrpcClientProtocolClient (GrpcClientProtocolClient.java:onNext(254)) - client-09EBABE1B9AF->325d518f-bf0d-428a-814f-266b27e759e4: receive RaftClientReply:client-09EBABE1B9AF->325d518f-bf0d-428a-814f-266b27e759e4@group-9696F0872FC0, cid=1157, SUCCESS, logIndex=2005, commits[325d518f-bf0d-428a-814f-266b27e759e4:c2005]
2019-06-15 10:53:03,097 INFO  client.GrpcClientProtocolClient (GrpcClientProtocolClient.java:onNext(254)) - client-09EBABE1B9AF->325d518f-bf0d-428a-814f-266b27e759e4: receive RaftClientReply:client-09EBABE1B9AF->325d518f-bf0d-428a-814f-266b27e759e4@group-9696F0872FC0, cid=1158, SUCCESS, logIndex=2007, commits[325d518f-bf0d-428a-814f-266b27e759e4:c2007]
2019-06-15 10:53:03,099 INFO  client.GrpcClientProtocolClient (GrpcClientProtocolClient.java:onNext(254)) - client-09EBABE1B9AF->325d518f-bf0d-428a-814f-266b27e759e4: receive RaftClientReply:client-09EBABE1B9AF->325d518f-bf0d-428a-814f-266b27e759e4@group-9696F0872FC0, cid=1159, SUCCESS, logIndex=2009, commits[325d518f-bf0d-428a-814f-266b27e759e4:c2010]
2019-06-15 10:53:03,099 INFO  client.GrpcClientProtocolClient (GrpcClientProtocolClient.java:onNext(254)) - client-09EBABE1B9AF->325d518f-bf0d-428a-814f-266b27e759e4: receive RaftClientReply:client-09EBABE1B9AF->325d518f-bf0d-428a-814f-266b27e759e4@group-9696F0872FC0, cid=1160, SUCCESS, logIndex=2010, commits[325d518f-bf0d-428a-814f-266b27e759e4:c2010]
2019-06-15 10:53:03,105 DEBUG block.SCMBlockDeletingService (SCMBlockDeletingService.java:call(138)) - Running DeletedBlockTransactionScanner
2019-06-15 10:53:03,105 DEBUG block.SCMBlockDeletingService (SCMBlockDeletingService.java:call(155)) - Scanned deleted blocks log and got 0 delTX to process.
2019-06-15 10:53:03,109 INFO  client.GrpcClientProtocolClient (GrpcClientProtocolClient.java:onNext(254)) - client-09EBABE1B9AF->325d518f-bf0d-428a-814f-266b27e759e4: receive RaftClientReply:client-09EBABE1B9AF->325d518f-bf0d-428a-814f-266b27e759e4@group-9696F0872FC0, cid=1161, SUCCESS, logIndex=2012, commits[325d518f-bf0d-428a-814f-266b27e759e4:c2012]
2019-06-15 10:53:03,110 INFO  client.GrpcClientProtocolClient (GrpcClientProtocolClient.java:onNext(254)) - client-09EBABE1B9AF->325d518f-bf0d-428a-814f-266b27e759e4: receive RaftClientReply:client-09EBABE1B9AF->325d518f-bf0d-428a-814f-266b27e759e4@group-9696F0872FC0, cid=1162, SUCCESS, logIndex=2014, commits[325d518f-bf0d-428a-814f-266b27e759e4:c2014]
2019-06-15 10:53:03,111 INFO  client.GrpcClientProtocolClient (GrpcClientProtocolClient.java:onNext(254)) - client-09EBABE1B9AF->325d518f-bf0d-428a-814f-266b27e759e4: receive RaftClientReply:client-09EBABE1B9AF->325d518f-bf0d-428a-814f-266b27e759e4@group-9696F0872FC0, cid=1163, SUCCESS, logIndex=2015, commits[325d518f-bf0d-428a-814f-266b27e759e4:c2016]
2019-06-15 10:53:03,112 INFO  client.GrpcClientProtocolClient (GrpcClientProtocolClient.java:onNext(254)) - client-09EBABE1B9AF->325d518f-bf0d-428a-814f-266b27e759e4: receive RaftClientReply:client-09EBABE1B9AF->325d518f-bf0d-428a-814f-266b27e759e4@group-9696F0872FC0, cid=1164, SUCCESS, logIndex=2017, commits[325d518f-bf0d-428a-814f-266b27e759e4:c2017]
2019-06-15 10:53:03,118 INFO  client.GrpcClientProtocolClient (GrpcClientProtocolClient.java:onNext(254)) - client-09EBABE1B9AF->325d518f-bf0d-428a-814f-266b27e759e4: receive RaftClientReply:client-09EBABE1B9AF->325d518f-bf0d-428a-814f-266b27e759e4@group-9696F0872FC0, cid=1165, SUCCESS, logIndex=2019, commits[325d518f-bf0d-428a-814f-266b27e759e4:c2019]
2019-06-15 10:53:03,119 INFO  client.GrpcClientProtocolClient (GrpcClientProtocolClient.java:onNext(254)) - client-09EBABE1B9AF->325d518f-bf0d-428a-814f-266b27e759e4: receive RaftClientReply:client-09EBABE1B9AF->325d518f-bf0d-428a-814f-266b27e759e4@group-9696F0872FC0, cid=1166, SUCCESS, logIndex=2021, commits[325d518f-bf0d-428a-814f-266b27e759e4:c2021]
2019-06-15 10:53:03,121 INFO  client.GrpcClientProtocolClient (GrpcClientProtocolClient.java:onNext(254)) - client-09EBABE1B9AF->325d518f-bf0d-428a-814f-266b27e759e4: receive RaftClientReply:client-09EBABE1B9AF->325d518f-bf0d-428a-814f-266b27e759e4@group-9696F0872FC0, cid=1167, SUCCESS, logIndex=2022, commits[325d518f-bf0d-428a-814f-266b27e759e4:c2024]
2019-06-15 10:53:03,121 INFO  client.GrpcClientProtocolClient (GrpcClientProtocolClient.java:onNext(254)) - client-09EBABE1B9AF->325d518f-bf0d-428a-814f-266b27e759e4: receive RaftClientReply:client-09EBABE1B9AF->325d518f-bf0d-428a-814f-266b27e759e4@group-9696F0872FC0, cid=1168, SUCCESS, logIndex=2023, commits[325d518f-bf0d-428a-814f-266b27e759e4:c2024]
2019-06-15 10:53:03,131 INFO  client.GrpcClientProtocolClient (GrpcClientProtocolClient.java:onNext(254)) - client-09EBABE1B9AF->325d518f-bf0d-428a-814f-266b27e759e4: receive RaftClientReply:client-09EBABE1B9AF->325d518f-bf0d-428a-814f-266b27e759e4@group-9696F0872FC0, cid=1169, SUCCESS, logIndex=2025, commits[325d518f-bf0d-428a-814f-266b27e759e4:c2025]
2019-06-15 10:53:03,133 INFO  client.GrpcClientProtocolClient (GrpcClientProtocolClient.java:onNext(254)) - client-09EBABE1B9AF->325d518f-bf0d-428a-814f-266b27e759e4: receive RaftClientReply:client-09EBABE1B9AF->325d518f-bf0d-428a-814f-266b27e759e4@group-9696F0872FC0, cid=1170, SUCCESS, logIndex=2027, commits[325d518f-bf0d-428a-814f-266b27e759e4:c2027]
2019-06-15 10:53:03,134 INFO  client.GrpcClientProtocolClient (GrpcClientProtocolClient.java:onNext(254)) - client-09EBABE1B9AF->325d518f-bf0d-428a-814f-266b27e759e4: receive RaftClientReply:client-09EBABE1B9AF->325d518f-bf0d-428a-814f-266b27e759e4@group-9696F0872FC0, cid=1171, SUCCESS, logIndex=2028, commits[325d518f-bf0d-428a-814f-266b27e759e4:c2029]
2019-06-15 10:53:03,134 INFO  client.GrpcClientProtocolClient (GrpcClientProtocolClient.java:onNext(254)) - client-09EBABE1B9AF->325d518f-bf0d-428a-814f-266b27e759e4: receive RaftClientReply:client-09EBABE1B9AF->325d518f-bf0d-428a-814f-266b27e759e4@group-9696F0872FC0, cid=1172, SUCCESS, logIndex=2029, commits[325d518f-bf0d-428a-814f-266b27e759e4:c2029]
2019-06-15 10:53:03,140 INFO  client.GrpcClientProtocolClient (GrpcClientProtocolClient.java:onNext(254)) - client-09EBABE1B9AF->325d518f-bf0d-428a-814f-266b27e759e4: receive RaftClientReply:client-09EBABE1B9AF->325d518f-bf0d-428a-814f-266b27e759e4@group-9696F0872FC0, cid=1173, SUCCESS, logIndex=2032, commits[325d518f-bf0d-428a-814f-266b27e759e4:c2032]
2019-06-15 10:53:03,142 INFO  client.GrpcClientProtocolClient (GrpcClientProtocolClient.java:onNext(254)) - client-09EBABE1B9AF->325d518f-bf0d-428a-814f-266b27e759e4: receive RaftClientReply:client-09EBABE1B9AF->325d518f-bf0d-428a-814f-266b27e759e4@group-9696F0872FC0, cid=1174, SUCCESS, logIndex=2034, commits[325d518f-bf0d-428a-814f-266b27e759e4:c2034]
2019-06-15 10:53:03,144 INFO  client.GrpcClientProtocolClient (GrpcClientProtocolClient.java:onNext(254)) - client-09EBABE1B9AF->325d518f-bf0d-428a-814f-266b27e759e4: receive RaftClientReply:client-09EBABE1B9AF->325d518f-bf0d-428a-814f-266b27e759e4@group-9696F0872FC0, cid=1175, SUCCESS, logIndex=2036, commits[325d518f-bf0d-428a-814f-266b27e759e4:c2037]
2019-06-15 10:53:03,145 INFO  client.GrpcClientProtocolClient (GrpcClientProtocolClient.java:onNext(254)) - client-09EBABE1B9AF->325d518f-bf0d-428a-814f-266b27e759e4: receive RaftClientReply:client-09EBABE1B9AF->325d518f-bf0d-428a-814f-266b27e759e4@group-9696F0872FC0, cid=1176, SUCCESS, logIndex=2037, commits[325d518f-bf0d-428a-814f-266b27e759e4:c2037]
2019-06-15 10:53:03,155 INFO  client.GrpcClientProtocolClient (GrpcClientProtocolClient.java:onNext(254)) - client-09EBABE1B9AF->325d518f-bf0d-428a-814f-266b27e759e4: receive RaftClientReply:client-09EBABE1B9AF->325d518f-bf0d-428a-814f-266b27e759e4@group-9696F0872FC0, cid=1177, SUCCESS, logIndex=2039, commits[325d518f-bf0d-428a-814f-266b27e759e4:c2039]
2019-06-15 10:53:03,156 INFO  client.GrpcClientProtocolClient (GrpcClientProtocolClient.java:onNext(254)) - client-09EBABE1B9AF->325d518f-bf0d-428a-814f-266b27e759e4: receive RaftClientReply:client-09EBABE1B9AF->325d518f-bf0d-428a-814f-266b27e759e4@group-9696F0872FC0, cid=1178, SUCCESS, logIndex=2041, commits[325d518f-bf0d-428a-814f-266b27e759e4:c2041]
2019-06-15 10:53:03,157 INFO  client.GrpcClientProtocolClient (GrpcClientProtocolClient.java:onNext(254)) - client-09EBABE1B9AF->325d518f-bf0d-428a-814f-266b27e759e4: receive RaftClientReply:client-09EBABE1B9AF->325d518f-bf0d-428a-814f-266b27e759e4@group-9696F0872FC0, cid=1179, SUCCESS, logIndex=2042, commits[325d518f-bf0d-428a-814f-266b27e759e4:c2044]
2019-06-15 10:53:03,158 INFO  client.GrpcClientProtocolClient (GrpcClientProtocolClient.java:onNext(254)) - client-09EBABE1B9AF->325d518f-bf0d-428a-814f-266b27e759e4: receive RaftClientReply:client-09EBABE1B9AF->325d518f-bf0d-428a-814f-266b27e759e4@group-9696F0872FC0, cid=1180, SUCCESS, logIndex=2043, commits[325d518f-bf0d-428a-814f-266b27e759e4:c2044]
2019-06-15 10:53:03,164 INFO  client.GrpcClientProtocolClient (GrpcClientProtocolClient.java:onNext(254)) - client-09EBABE1B9AF->325d518f-bf0d-428a-814f-266b27e759e4: receive RaftClientReply:client-09EBABE1B9AF->325d518f-bf0d-428a-814f-266b27e759e4@group-9696F0872FC0, cid=1181, SUCCESS, logIndex=2045, commits[325d518f-bf0d-428a-814f-266b27e759e4:c2045]
2019-06-15 10:53:03,166 INFO  client.GrpcClientProtocolClient (GrpcClientProtocolClient.java:onNext(254)) - client-09EBABE1B9AF->325d518f-bf0d-428a-814f-266b27e759e4: receive RaftClientReply:client-09EBABE1B9AF->325d518f-bf0d-428a-814f-266b27e759e4@group-9696F0872FC0, cid=1182, SUCCESS, logIndex=2047, commits[325d518f-bf0d-428a-814f-266b27e759e4:c2047]
2019-06-15 10:53:03,166 INFO  client.GrpcClientProtocolClient (GrpcClientProtocolClient.java:onNext(254)) - client-09EBABE1B9AF->325d518f-bf0d-428a-814f-266b27e759e4: receive RaftClientReply:client-09EBABE1B9AF->325d518f-bf0d-428a-814f-266b27e759e4@group-9696F0872FC0, cid=1183, SUCCESS, logIndex=2048, commits[325d518f-bf0d-428a-814f-266b27e759e4:c2049]
2019-06-15 10:53:03,167 INFO  client.GrpcClientProtocolClient (GrpcClientProtocolClient.java:onNext(254)) - client-09EBABE1B9AF->325d518f-bf0d-428a-814f-266b27e759e4: receive RaftClientReply:client-09EBABE1B9AF->325d518f-bf0d-428a-814f-266b27e759e4@group-9696F0872FC0, cid=1184, SUCCESS, logIndex=2049, commits[325d518f-bf0d-428a-814f-266b27e759e4:c2049]
2019-06-15 10:53:03,176 INFO  client.GrpcClientProtocolClient (GrpcClientProtocolClient.java:onNext(254)) - client-09EBABE1B9AF->325d518f-bf0d-428a-814f-266b27e759e4: receive RaftClientReply:client-09EBABE1B9AF->325d518f-bf0d-428a-814f-266b27e759e4@group-9696F0872FC0, cid=1185, SUCCESS, logIndex=2052, commits[325d518f-bf0d-428a-814f-266b27e759e4:c2052]
2019-06-15 10:53:03,178 INFO  client.GrpcClientProtocolClient (GrpcClientProtocolClient.java:onNext(254)) - client-09EBABE1B9AF->325d518f-bf0d-428a-814f-266b27e759e4: receive RaftClientReply:client-09EBABE1B9AF->325d518f-bf0d-428a-814f-266b27e759e4@group-9696F0872FC0, cid=1186, SUCCESS, logIndex=2054, commits[325d518f-bf0d-428a-814f-266b27e759e4:c2054]
2019-06-15 10:53:03,179 INFO  client.GrpcClientProtocolClient (GrpcClientProtocolClient.java:onNext(254)) - client-09EBABE1B9AF->325d518f-bf0d-428a-814f-266b27e759e4: receive RaftClientReply:client-09EBABE1B9AF->325d518f-bf0d-428a-814f-266b27e759e4@group-9696F0872FC0, cid=1187, SUCCESS, logIndex=2055, commits[325d518f-bf0d-428a-814f-266b27e759e4:c2056]
2019-06-15 10:53:03,179 INFO  client.GrpcClientProtocolClient (GrpcClientProtocolClient.java:onNext(254)) - client-09EBABE1B9AF->325d518f-bf0d-428a-814f-266b27e759e4: receive RaftClientReply:client-09EBABE1B9AF->325d518f-bf0d-428a-814f-266b27e759e4@group-9696F0872FC0, cid=1188, SUCCESS, logIndex=2056, commits[325d518f-bf0d-428a-814f-266b27e759e4:c2057]
2019-06-15 10:53:03,185 INFO  client.GrpcClientProtocolClient (GrpcClientProtocolClient.java:onNext(254)) - client-09EBABE1B9AF->325d518f-bf0d-428a-814f-266b27e759e4: receive RaftClientReply:client-09EBABE1B9AF->325d518f-bf0d-428a-814f-266b27e759e4@group-9696F0872FC0, cid=1189, SUCCESS, logIndex=2059, commits[325d518f-bf0d-428a-814f-266b27e759e4:c2059]
2019-06-15 10:53:03,187 INFO  client.GrpcClientProtocolClient (GrpcClientProtocolClient.java:onNext(254)) - client-09EBABE1B9AF->325d518f-bf0d-428a-814f-266b27e759e4: receive RaftClientReply:client-09EBABE1B9AF->325d518f-bf0d-428a-814f-266b27e759e4@group-9696F0872FC0, cid=1190, SUCCESS, logIndex=2061, commits[325d518f-bf0d-428a-814f-266b27e759e4:c2061]
2019-06-15 10:53:03,188 INFO  client.GrpcClientProtocolClient (GrpcClientProtocolClient.java:onNext(254)) - client-09EBABE1B9AF->325d518f-bf0d-428a-814f-266b27e759e4: receive RaftClientReply:client-09EBABE1B9AF->325d518f-bf0d-428a-814f-266b27e759e4@group-9696F0872FC0, cid=1191, SUCCESS, logIndex=2062, commits[325d518f-bf0d-428a-814f-266b27e759e4:c2064]
2019-06-15 10:53:03,189 INFO  client.GrpcClientProtocolClient (GrpcClientProtocolClient.java:onNext(254)) - client-09EBABE1B9AF->325d518f-bf0d-428a-814f-266b27e759e4: receive RaftClientReply:client-09EBABE1B9AF->325d518f-bf0d-428a-814f-266b27e759e4@group-9696F0872FC0, cid=1192, SUCCESS, logIndex=2063, commits[325d518f-bf0d-428a-814f-266b27e759e4:c2064]
2019-06-15 10:53:03,205 DEBUG block.SCMBlockDeletingService (SCMBlockDeletingService.java:call(138)) - Running DeletedBlockTransactionScanner
2019-06-15 10:53:03,205 DEBUG block.SCMBlockDeletingService (SCMBlockDeletingService.java:call(155)) - Scanned deleted blocks log and got 0 delTX to process.
2019-06-15 10:53:03,303 INFO  client.GrpcClientProtocolClient (GrpcClientProtocolClient.java:onNext(254)) - client-09EBABE1B9AF->325d518f-bf0d-428a-814f-266b27e759e4: receive RaftClientReply:client-09EBABE1B9AF->325d518f-bf0d-428a-814f-266b27e759e4@group-9696F0872FC0, cid=1193, SUCCESS, logIndex=2065, commits[325d518f-bf0d-428a-814f-266b27e759e4:c2065]
2019-06-15 10:53:03,304 INFO  client.GrpcClientProtocolClient (GrpcClientProtocolClient.java:onNext(254)) - client-09EBABE1B9AF->325d518f-bf0d-428a-814f-266b27e759e4: receive RaftClientReply:client-09EBABE1B9AF->325d518f-bf0d-428a-814f-266b27e759e4@group-9696F0872FC0, cid=1194, SUCCESS, logIndex=2067, commits[325d518f-bf0d-428a-814f-266b27e759e4:c2067]
2019-06-15 10:53:03,305 DEBUG block.SCMBlockDeletingService (SCMBlockDeletingService.java:call(138)) - Running DeletedBlockTransactionScanner
2019-06-15 10:53:03,306 DEBUG block.SCMBlockDeletingService (SCMBlockDeletingService.java:call(155)) - Scanned deleted blocks log and got 0 delTX to process.
2019-06-15 10:53:03,306 INFO  client.GrpcClientProtocolClient (GrpcClientProtocolClient.java:onNext(254)) - client-09EBABE1B9AF->325d518f-bf0d-428a-814f-266b27e759e4: receive RaftClientReply:client-09EBABE1B9AF->325d518f-bf0d-428a-814f-266b27e759e4@group-9696F0872FC0, cid=1195, SUCCESS, logIndex=2068, commits[325d518f-bf0d-428a-814f-266b27e759e4:c2070]
2019-06-15 10:53:03,306 INFO  client.GrpcClientProtocolClient (GrpcClientProtocolClient.java:onNext(254)) - client-09EBABE1B9AF->325d518f-bf0d-428a-814f-266b27e759e4: receive RaftClientReply:client-09EBABE1B9AF->325d518f-bf0d-428a-814f-266b27e759e4@group-9696F0872FC0, cid=1196, SUCCESS, logIndex=2069, commits[325d518f-bf0d-428a-814f-266b27e759e4:c2070]
2019-06-15 10:53:03,312 INFO  storage.RaftLogWorker (RaftLogWorker.java:rollLogSegment(303)) - 325d518f-bf0d-428a-814f-266b27e759e4-RaftLogWorker: Rolling segment log-2001_2072 to index:2072
2019-06-15 10:53:03,312 INFO  storage.RaftLogWorker (RaftLogWorker.java:execute(433)) - 325d518f-bf0d-428a-814f-266b27e759e4-RaftLogWorker: Rolled log segment from /opt/src/hadoop-ozone/integration-test/target/test-dir/MiniOzoneClusterImpl-dd99cefe-9779-4043-9d74-181b69d2a827/datanode-0/data/ratis/e0f1d9ef-e225-4b24-a786-9696f0872fc0/current/log_inprogress_2001 to /opt/src/hadoop-ozone/integration-test/target/test-dir/MiniOzoneClusterImpl-dd99cefe-9779-4043-9d74-181b69d2a827/datanode-0/data/ratis/e0f1d9ef-e225-4b24-a786-9696f0872fc0/current/log_2001-2072
2019-06-15 10:53:03,312 INFO  client.GrpcClientProtocolClient (GrpcClientProtocolClient.java:onNext(254)) - client-09EBABE1B9AF->325d518f-bf0d-428a-814f-266b27e759e4: receive RaftClientReply:client-09EBABE1B9AF->325d518f-bf0d-428a-814f-266b27e759e4@group-9696F0872FC0, cid=1197, SUCCESS, logIndex=2071, commits[325d518f-bf0d-428a-814f-266b27e759e4:c2071]
2019-06-15 10:53:03,348 INFO  storage.RaftLogWorker (RaftLogWorker.java:execute(469)) - 325d518f-bf0d-428a-814f-266b27e759e4-RaftLogWorker: created new log segment /opt/src/hadoop-ozone/integration-test/target/test-dir/MiniOzoneClusterImpl-dd99cefe-9779-4043-9d74-181b69d2a827/datanode-0/data/ratis/e0f1d9ef-e225-4b24-a786-9696f0872fc0/current/log_inprogress_2073
2019-06-15 10:53:03,350 INFO  client.GrpcClientProtocolClient (GrpcClientProtocolClient.java:onNext(254)) - client-09EBABE1B9AF->325d518f-bf0d-428a-814f-266b27e759e4: receive RaftClientReply:client-09EBABE1B9AF->325d518f-bf0d-428a-814f-266b27e759e4@group-9696F0872FC0, cid=1198, SUCCESS, logIndex=2073, commits[325d518f-bf0d-428a-814f-266b27e759e4:c2075]
2019-06-15 10:53:03,351 INFO  client.GrpcClientProtocolClient (GrpcClientProtocolClient.java:onNext(254)) - client-09EBABE1B9AF->325d518f-bf0d-428a-814f-266b27e759e4: receive RaftClientReply:client-09EBABE1B9AF->325d518f-bf0d-428a-814f-266b27e759e4@group-9696F0872FC0, cid=1199, SUCCESS, logIndex=2074, commits[325d518f-bf0d-428a-814f-266b27e759e4:c2076]
2019-06-15 10:53:03,351 INFO  client.GrpcClientProtocolClient (GrpcClientProtocolClient.java:onNext(254)) - client-09EBABE1B9AF->325d518f-bf0d-428a-814f-266b27e759e4: receive RaftClientReply:client-09EBABE1B9AF->325d518f-bf0d-428a-814f-266b27e759e4@group-9696F0872FC0, cid=1200, SUCCESS, logIndex=2075, commits[325d518f-bf0d-428a-814f-266b27e759e4:c2076]
2019-06-15 10:53:03,360 INFO  client.GrpcClientProtocolClient (GrpcClientProtocolClient.java:onNext(254)) - client-09EBABE1B9AF->325d518f-bf0d-428a-814f-266b27e759e4: receive RaftClientReply:client-09EBABE1B9AF->325d518f-bf0d-428a-814f-266b27e759e4@group-9696F0872FC0, cid=1201, SUCCESS, logIndex=2077, commits[325d518f-bf0d-428a-814f-266b27e759e4:c2077]
2019-06-15 10:53:03,361 INFO  client.GrpcClientProtocolClient (GrpcClientProtocolClient.java:onNext(254)) - client-09EBABE1B9AF->325d518f-bf0d-428a-814f-266b27e759e4: receive RaftClientReply:client-09EBABE1B9AF->325d518f-bf0d-428a-814f-266b27e759e4@group-9696F0872FC0, cid=1202, SUCCESS, logIndex=2079, commits[325d518f-bf0d-428a-814f-266b27e759e4:c2079]
2019-06-15 10:53:03,364 INFO  client.GrpcClientProtocolClient (GrpcClientProtocolClient.java:onNext(254)) - client-09EBABE1B9AF->325d518f-bf0d-428a-814f-266b27e759e4: receive RaftClientReply:client-09EBABE1B9AF->325d518f-bf0d-428a-814f-266b27e759e4@group-9696F0872FC0, cid=1203, SUCCESS, logIndex=2081, commits[325d518f-bf0d-428a-814f-266b27e759e4:c2082]
2019-06-15 10:53:03,365 INFO  client.GrpcClientProtocolClient (GrpcClientProtocolClient.java:onNext(254)) - client-09EBABE1B9AF->325d518f-bf0d-428a-814f-266b27e759e4: receive RaftClientReply:client-09EBABE1B9AF->325d518f-bf0d-428a-814f-266b27e759e4@group-9696F0872FC0, cid=1204, SUCCESS, logIndex=2082, commits[325d518f-bf0d-428a-814f-266b27e759e4:c2083]
2019-06-15 10:53:03,370 INFO  client.GrpcClientProtocolClient (GrpcClientProtocolClient.java:onNext(254)) - client-09EBABE1B9AF->325d518f-bf0d-428a-814f-266b27e759e4: receive RaftClientReply:client-09EBABE1B9AF->325d518f-bf0d-428a-814f-266b27e759e4@group-9696F0872FC0, cid=1205, SUCCESS, logIndex=2084, commits[325d518f-bf0d-428a-814f-266b27e759e4:c2084]
2019-06-15 10:53:03,373 INFO  client.GrpcClientProtocolClient (GrpcClientProtocolClient.java:onNext(254)) - client-09EBABE1B9AF->325d518f-bf0d-428a-814f-266b27e759e4: receive RaftClientReply:client-09EBABE1B9AF->325d518f-bf0d-428a-814f-266b27e759e4@group-9696F0872FC0, cid=1206, SUCCESS, logIndex=2086, commits[325d518f-bf0d-428a-814f-266b27e759e4:c2086]
2019-06-15 10:53:03,373 INFO  client.GrpcClientProtocolClient (GrpcClientProtocolClient.java:onNext(254)) - client-09EBABE1B9AF->325d518f-bf0d-428a-814f-266b27e759e4: receive RaftClientReply:client-09EBABE1B9AF->325d518f-bf0d-428a-814f-266b27e759e4@group-9696F0872FC0, cid=1207, SUCCESS, logIndex=2087, commits[325d518f-bf0d-428a-814f-266b27e759e4:c2089]
2019-06-15 10:53:03,374 INFO  client.GrpcClientProtocolClient (GrpcClientProtocolClient.java:onNext(254)) - client-09EBABE1B9AF->325d518f-bf0d-428a-814f-266b27e759e4: receive RaftClientReply:client-09EBABE1B9AF->325d518f-bf0d-428a-814f-266b27e759e4@group-9696F0872FC0, cid=1208, SUCCESS, logIndex=2088, commits[325d518f-bf0d-428a-814f-266b27e759e4:c2089]
2019-06-15 10:53:03,383 INFO  client.GrpcClientProtocolClient (GrpcClientProtocolClient.java:onNext(254)) - client-09EBABE1B9AF->325d518f-bf0d-428a-814f-266b27e759e4: receive RaftClientReply:client-09EBABE1B9AF->325d518f-bf0d-428a-814f-266b27e759e4@group-9696F0872FC0, cid=1209, SUCCESS, logIndex=2090, commits[325d518f-bf0d-428a-814f-266b27e759e4:c2090]
2019-06-15 10:53:03,384 INFO  client.GrpcClientProtocolClient (GrpcClientProtocolClient.java:onNext(254)) - client-09EBABE1B9AF->325d518f-bf0d-428a-814f-266b27e759e4: receive RaftClientReply:client-09EBABE1B9AF->325d518f-bf0d-428a-814f-266b27e759e4@group-9696F0872FC0, cid=1210, SUCCESS, logIndex=2092, commits[325d518f-bf0d-428a-814f-266b27e759e4:c2092]
2019-06-15 10:53:03,387 INFO  client.GrpcClientProtocolClient (GrpcClientProtocolClient.java:onNext(254)) - client-09EBABE1B9AF->325d518f-bf0d-428a-814f-266b27e759e4: receive RaftClientReply:client-09EBABE1B9AF->325d518f-bf0d-428a-814f-266b27e759e4@group-9696F0872FC0, cid=1211, SUCCESS, logIndex=2094, commits[325d518f-bf0d-428a-814f-266b27e759e4:c2095]
2019-06-15 10:53:03,387 INFO  client.GrpcClientProtocolClient (GrpcClientProtocolClient.java:onNext(254)) - client-09EBABE1B9AF->325d518f-bf0d-428a-814f-266b27e759e4: receive RaftClientReply:client-09EBABE1B9AF->325d518f-bf0d-428a-814f-266b27e759e4@group-9696F0872FC0, cid=1212, SUCCESS, logIndex=2095, commits[325d518f-bf0d-428a-814f-266b27e759e4:c2095]
2019-06-15 10:53:03,394 INFO  client.GrpcClientProtocolClient (GrpcClientProtocolClient.java:onNext(254)) - client-09EBABE1B9AF->325d518f-bf0d-428a-814f-266b27e759e4: receive RaftClientReply:client-09EBABE1B9AF->325d518f-bf0d-428a-814f-266b27e759e4@group-9696F0872FC0, cid=1213, SUCCESS, logIndex=2097, commits[325d518f-bf0d-428a-814f-266b27e759e4:c2097]
2019-06-15 10:53:03,395 INFO  client.GrpcClientProtocolClient (GrpcClientProtocolClient.java:onNext(254)) - client-09EBABE1B9AF->325d518f-bf0d-428a-814f-266b27e759e4: receive RaftClientReply:client-09EBABE1B9AF->325d518f-bf0d-428a-814f-266b27e759e4@group-9696F0872FC0, cid=1214, SUCCESS, logIndex=2099, commits[325d518f-bf0d-428a-814f-266b27e759e4:c2099]
2019-06-15 10:53:03,398 INFO  client.GrpcClientProtocolClient (GrpcClientProtocolClient.java:onNext(254)) - client-09EBABE1B9AF->325d518f-bf0d-428a-814f-266b27e759e4: receive RaftClientReply:client-09EBABE1B9AF->325d518f-bf0d-428a-814f-266b27e759e4@group-9696F0872FC0, cid=1215, SUCCESS, logIndex=2100, commits[325d518f-bf0d-428a-814f-266b27e759e4:c2102]
2019-06-15 10:53:03,398 INFO  client.GrpcClientProtocolClient (GrpcClientProtocolClient.java:onNext(254)) - client-09EBABE1B9AF->325d518f-bf0d-428a-814f-266b27e759e4: receive RaftClientReply:client-09EBABE1B9AF->325d518f-bf0d-428a-814f-266b27e759e4@group-9696F0872FC0, cid=1216, SUCCESS, logIndex=2101, commits[325d518f-bf0d-428a-814f-266b27e759e4:c2102]
2019-06-15 10:53:03,406 DEBUG block.SCMBlockDeletingService (SCMBlockDeletingService.java:call(138)) - Running DeletedBlockTransactionScanner
2019-06-15 10:53:03,406 DEBUG block.SCMBlockDeletingService (SCMBlockDeletingService.java:call(155)) - Scanned deleted blocks log and got 0 delTX to process.
2019-06-15 10:53:03,408 INFO  client.GrpcClientProtocolClient (GrpcClientProtocolClient.java:onNext(254)) - client-09EBABE1B9AF->325d518f-bf0d-428a-814f-266b27e759e4: receive RaftClientReply:client-09EBABE1B9AF->325d518f-bf0d-428a-814f-266b27e759e4@group-9696F0872FC0, cid=1217, SUCCESS, logIndex=2103, commits[325d518f-bf0d-428a-814f-266b27e759e4:c2103]
2019-06-15 10:53:03,410 INFO  client.GrpcClientProtocolClient (GrpcClientProtocolClient.java:onNext(254)) - client-09EBABE1B9AF->325d518f-bf0d-428a-814f-266b27e759e4: receive RaftClientReply:client-09EBABE1B9AF->325d518f-bf0d-428a-814f-266b27e759e4@group-9696F0872FC0, cid=1218, SUCCESS, logIndex=2105, commits[325d518f-bf0d-428a-814f-266b27e759e4:c2105]
2019-06-15 10:53:03,411 INFO  client.GrpcClientProtocolClient (GrpcClientProtocolClient.java:onNext(254)) - client-09EBABE1B9AF->325d518f-bf0d-428a-814f-266b27e759e4: receive RaftClientReply:client-09EBABE1B9AF->325d518f-bf0d-428a-814f-266b27e759e4@group-9696F0872FC0, cid=1219, SUCCESS, logIndex=2106, commits[325d518f-bf0d-428a-814f-266b27e759e4:c2107]
2019-06-15 10:53:03,411 INFO  client.GrpcClientProtocolClient (GrpcClientProtocolClient.java:onNext(254)) - client-09EBABE1B9AF->325d518f-bf0d-428a-814f-266b27e759e4: receive RaftClientReply:client-09EBABE1B9AF->325d518f-bf0d-428a-814f-266b27e759e4@group-9696F0872FC0, cid=1220, SUCCESS, logIndex=2107, commits[325d518f-bf0d-428a-814f-266b27e759e4:c2108]
2019-06-15 10:53:03,417 INFO  client.GrpcClientProtocolClient (GrpcClientProtocolClient.java:onNext(254)) - client-09EBABE1B9AF->325d518f-bf0d-428a-814f-266b27e759e4: receive RaftClientReply:client-09EBABE1B9AF->325d518f-bf0d-428a-814f-266b27e759e4@group-9696F0872FC0, cid=1221, SUCCESS, logIndex=2110, commits[325d518f-bf0d-428a-814f-266b27e759e4:c2110]
2019-06-15 10:53:03,418 INFO  client.GrpcClientProtocolClient (GrpcClientProtocolClient.java:onNext(254)) - client-09EBABE1B9AF->325d518f-bf0d-428a-814f-266b27e759e4: receive RaftClientReply:client-09EBABE1B9AF->325d518f-bf0d-428a-814f-266b27e759e4@group-9696F0872FC0, cid=1222, SUCCESS, logIndex=2112, commits[325d518f-bf0d-428a-814f-266b27e759e4:c2112]
2019-06-15 10:53:03,421 INFO  client.GrpcClientProtocolClient (GrpcClientProtocolClient.java:onNext(254)) - client-09EBABE1B9AF->325d518f-bf0d-428a-814f-266b27e759e4: receive RaftClientReply:client-09EBABE1B9AF->325d518f-bf0d-428a-814f-266b27e759e4@group-9696F0872FC0, cid=1223, SUCCESS, logIndex=2114, commits[325d518f-bf0d-428a-814f-266b27e759e4:c2115]
2019-06-15 10:53:03,421 INFO  client.GrpcClientProtocolClient (GrpcClientProtocolClient.java:onNext(254)) - client-09EBABE1B9AF->325d518f-bf0d-428a-814f-266b27e759e4: receive RaftClientReply:client-09EBABE1B9AF->325d518f-bf0d-428a-814f-266b27e759e4@group-9696F0872FC0, cid=1224, SUCCESS, logIndex=2115, commits[325d518f-bf0d-428a-814f-266b27e759e4:c2115]
2019-06-15 10:53:03,431 INFO  client.GrpcClientProtocolClient (GrpcClientProtocolClient.java:onNext(254)) - client-09EBABE1B9AF->325d518f-bf0d-428a-814f-266b27e759e4: receive RaftClientReply:client-09EBABE1B9AF->325d518f-bf0d-428a-814f-266b27e759e4@group-9696F0872FC0, cid=1225, SUCCESS, logIndex=2117, commits[325d518f-bf0d-428a-814f-266b27e759e4:c2117]
2019-06-15 10:53:03,433 INFO  client.GrpcClientProtocolClient (GrpcClientProtocolClient.java:onNext(254)) - client-09EBABE1B9AF->325d518f-bf0d-428a-814f-266b27e759e4: receive RaftClientReply:client-09EBABE1B9AF->325d518f-bf0d-428a-814f-266b27e759e4@group-9696F0872FC0, cid=1226, SUCCESS, logIndex=2119, commits[325d518f-bf0d-428a-814f-266b27e759e4:c2119]
2019-06-15 10:53:03,433 INFO  client.GrpcClientProtocolClient (GrpcClientProtocolClient.java:onNext(254)) - client-09EBABE1B9AF->325d518f-bf0d-428a-814f-266b27e759e4: receive RaftClientReply:client-09EBABE1B9AF->325d518f-bf0d-428a-814f-266b27e759e4@group-9696F0872FC0, cid=1227, SUCCESS, logIndex=2120, commits[325d518f-bf0d-428a-814f-266b27e759e4:c2122]
2019-06-15 10:53:03,434 INFO  client.GrpcClientProtocolClient (GrpcClientProtocolClient.java:onNext(254)) - client-09EBABE1B9AF->325d518f-bf0d-428a-814f-266b27e759e4: receive RaftClientReply:client-09EBABE1B9AF->325d518f-bf0d-428a-814f-266b27e759e4@group-9696F0872FC0, cid=1228, SUCCESS, logIndex=2121, commits[325d518f-bf0d-428a-814f-266b27e759e4:c2122]
2019-06-15 10:53:03,439 INFO  client.GrpcClientProtocolClient (GrpcClientProtocolClient.java:onNext(254)) - client-09EBABE1B9AF->325d518f-bf0d-428a-814f-266b27e759e4: receive RaftClientReply:client-09EBABE1B9AF->325d518f-bf0d-428a-814f-266b27e759e4@group-9696F0872FC0, cid=1229, SUCCESS, logIndex=2123, commits[325d518f-bf0d-428a-814f-266b27e759e4:c2123]
2019-06-15 10:53:03,441 INFO  client.GrpcClientProtocolClient (GrpcClientProtocolClient.java:onNext(254)) - client-09EBABE1B9AF->325d518f-bf0d-428a-814f-266b27e759e4: receive RaftClientReply:client-09EBABE1B9AF->325d518f-bf0d-428a-814f-266b27e759e4@group-9696F0872FC0, cid=1230, SUCCESS, logIndex=2125, commits[325d518f-bf0d-428a-814f-266b27e759e4:c2125]
2019-06-15 10:53:03,442 INFO  client.GrpcClientProtocolClient (GrpcClientProtocolClient.java:onNext(254)) - client-09EBABE1B9AF->325d518f-bf0d-428a-814f-266b27e759e4: receive RaftClientReply:client-09EBABE1B9AF->325d518f-bf0d-428a-814f-266b27e759e4@group-9696F0872FC0, cid=1231, SUCCESS, logIndex=2126, commits[325d518f-bf0d-428a-814f-266b27e759e4:c2128]
2019-06-15 10:53:03,442 INFO  client.GrpcClientProtocolClient (GrpcClientProtocolClient.java:onNext(254)) - client-09EBABE1B9AF->325d518f-bf0d-428a-814f-266b27e759e4: receive RaftClientReply:client-09EBABE1B9AF->325d518f-bf0d-428a-814f-266b27e759e4@group-9696F0872FC0, cid=1232, SUCCESS, logIndex=2127, commits[325d518f-bf0d-428a-814f-266b27e759e4:c2128]
2019-06-15 10:53:03,452 INFO  client.GrpcClientProtocolClient (GrpcClientProtocolClient.java:onNext(254)) - client-09EBABE1B9AF->325d518f-bf0d-428a-814f-266b27e759e4: receive RaftClientReply:client-09EBABE1B9AF->325d518f-bf0d-428a-814f-266b27e759e4@group-9696F0872FC0, cid=1233, SUCCESS, logIndex=2129, commits[325d518f-bf0d-428a-814f-266b27e759e4:c2129]
2019-06-15 10:53:03,454 INFO  client.GrpcClientProtocolClient (GrpcClientProtocolClient.java:onNext(254)) - client-09EBABE1B9AF->325d518f-bf0d-428a-814f-266b27e759e4: receive RaftClientReply:client-09EBABE1B9AF->325d518f-bf0d-428a-814f-266b27e759e4@group-9696F0872FC0, cid=1234, SUCCESS, logIndex=2131, commits[325d518f-bf0d-428a-814f-266b27e759e4:c2131]
2019-06-15 10:53:03,455 INFO  client.GrpcClientProtocolClient (GrpcClientProtocolClient.java:onNext(254)) - client-09EBABE1B9AF->325d518f-bf0d-428a-814f-266b27e759e4: receive RaftClientReply:client-09EBABE1B9AF->325d518f-bf0d-428a-814f-266b27e759e4@group-9696F0872FC0, cid=1235, SUCCESS, logIndex=2132, commits[325d518f-bf0d-428a-814f-266b27e759e4:c2132]
2019-06-15 10:53:03,456 INFO  client.GrpcClientProtocolClient (GrpcClientProtocolClient.java:onNext(254)) - client-09EBABE1B9AF->325d518f-bf0d-428a-814f-266b27e759e4: receive RaftClientReply:client-09EBABE1B9AF->325d518f-bf0d-428a-814f-266b27e759e4@group-9696F0872FC0, cid=1236, SUCCESS, logIndex=2135, commits[325d518f-bf0d-428a-814f-266b27e759e4:c2135]
2019-06-15 10:53:03,506 DEBUG block.SCMBlockDeletingService (SCMBlockDeletingService.java:call(138)) - Running DeletedBlockTransactionScanner
2019-06-15 10:53:03,506 DEBUG block.SCMBlockDeletingService (SCMBlockDeletingService.java:call(155)) - Scanned deleted blocks log and got 0 delTX to process.
2019-06-15 10:53:03,528 INFO  client.GrpcClientProtocolClient (GrpcClientProtocolClient.java:onNext(254)) - client-09EBABE1B9AF->325d518f-bf0d-428a-814f-266b27e759e4: receive RaftClientReply:client-09EBABE1B9AF->325d518f-bf0d-428a-814f-266b27e759e4@group-9696F0872FC0, cid=1237, SUCCESS, logIndex=2137, commits[325d518f-bf0d-428a-814f-266b27e759e4:c2137]
2019-06-15 10:53:03,529 INFO  storage.RaftLogWorker (RaftLogWorker.java:rollLogSegment(303)) - 325d518f-bf0d-428a-814f-266b27e759e4-RaftLogWorker: Rolling segment log-2073_2141 to index:2141
2019-06-15 10:53:03,530 INFO  storage.RaftLogWorker (RaftLogWorker.java:execute(433)) - 325d518f-bf0d-428a-814f-266b27e759e4-RaftLogWorker: Rolled log segment from /opt/src/hadoop-ozone/integration-test/target/test-dir/MiniOzoneClusterImpl-dd99cefe-9779-4043-9d74-181b69d2a827/datanode-0/data/ratis/e0f1d9ef-e225-4b24-a786-9696f0872fc0/current/log_inprogress_2073 to /opt/src/hadoop-ozone/integration-test/target/test-dir/MiniOzoneClusterImpl-dd99cefe-9779-4043-9d74-181b69d2a827/datanode-0/data/ratis/e0f1d9ef-e225-4b24-a786-9696f0872fc0/current/log_2073-2141
2019-06-15 10:53:03,531 INFO  client.GrpcClientProtocolClient (GrpcClientProtocolClient.java:onNext(254)) - client-09EBABE1B9AF->325d518f-bf0d-428a-814f-266b27e759e4: receive RaftClientReply:client-09EBABE1B9AF->325d518f-bf0d-428a-814f-266b27e759e4@group-9696F0872FC0, cid=1238, SUCCESS, logIndex=2139, commits[325d518f-bf0d-428a-814f-266b27e759e4:c2139]
2019-06-15 10:53:03,531 INFO  client.GrpcClientProtocolClient (GrpcClientProtocolClient.java:onNext(254)) - client-09EBABE1B9AF->325d518f-bf0d-428a-814f-266b27e759e4: receive RaftClientReply:client-09EBABE1B9AF->325d518f-bf0d-428a-814f-266b27e759e4@group-9696F0872FC0, cid=1239, SUCCESS, logIndex=2140, commits[325d518f-bf0d-428a-814f-266b27e759e4:c2141]
2019-06-15 10:53:03,534 INFO  client.GrpcClientProtocolClient (GrpcClientProtocolClient.java:onNext(254)) - client-09EBABE1B9AF->325d518f-bf0d-428a-814f-266b27e759e4: receive RaftClientReply:client-09EBABE1B9AF->325d518f-bf0d-428a-814f-266b27e759e4@group-9696F0872FC0, cid=1240, SUCCESS, logIndex=2141, commits[325d518f-bf0d-428a-814f-266b27e759e4:c2141]
2019-06-15 10:53:03,574 INFO  storage.RaftLogWorker (RaftLogWorker.java:execute(469)) - 325d518f-bf0d-428a-814f-266b27e759e4-RaftLogWorker: created new log segment /opt/src/hadoop-ozone/integration-test/target/test-dir/MiniOzoneClusterImpl-dd99cefe-9779-4043-9d74-181b69d2a827/datanode-0/data/ratis/e0f1d9ef-e225-4b24-a786-9696f0872fc0/current/log_inprogress_2142
2019-06-15 10:53:03,576 INFO  client.GrpcClientProtocolClient (GrpcClientProtocolClient.java:onNext(254)) - client-09EBABE1B9AF->325d518f-bf0d-428a-814f-266b27e759e4: receive RaftClientReply:client-09EBABE1B9AF->325d518f-bf0d-428a-814f-266b27e759e4@group-9696F0872FC0, cid=1241, SUCCESS, logIndex=2144, commits[325d518f-bf0d-428a-814f-266b27e759e4:c2144]
2019-06-15 10:53:03,578 INFO  client.GrpcClientProtocolClient (GrpcClientProtocolClient.java:onNext(254)) - client-09EBABE1B9AF->325d518f-bf0d-428a-814f-266b27e759e4: receive RaftClientReply:client-09EBABE1B9AF->325d518f-bf0d-428a-814f-266b27e759e4@group-9696F0872FC0, cid=1242, SUCCESS, logIndex=2146, commits[325d518f-bf0d-428a-814f-266b27e759e4:c2146]
2019-06-15 10:53:03,579 INFO  client.GrpcClientProtocolClient (GrpcClientProtocolClient.java:onNext(254)) - client-09EBABE1B9AF->325d518f-bf0d-428a-814f-266b27e759e4: receive RaftClientReply:client-09EBABE1B9AF->325d518f-bf0d-428a-814f-266b27e759e4@group-9696F0872FC0, cid=1243, SUCCESS, logIndex=2147, commits[325d518f-bf0d-428a-814f-266b27e759e4:c2149]
2019-06-15 10:53:03,579 INFO  client.GrpcClientProtocolClient (GrpcClientProtocolClient.java:onNext(254)) - client-09EBABE1B9AF->325d518f-bf0d-428a-814f-266b27e759e4: receive RaftClientReply:client-09EBABE1B9AF->325d518f-bf0d-428a-814f-266b27e759e4@group-9696F0872FC0, cid=1244, SUCCESS, logIndex=2149, commits[325d518f-bf0d-428a-814f-266b27e759e4:c2149]
2019-06-15 10:53:03,585 INFO  client.GrpcClientProtocolClient (GrpcClientProtocolClient.java:onNext(254)) - client-09EBABE1B9AF->325d518f-bf0d-428a-814f-266b27e759e4: receive RaftClientReply:client-09EBABE1B9AF->325d518f-bf0d-428a-814f-266b27e759e4@group-9696F0872FC0, cid=1245, SUCCESS, logIndex=2151, commits[325d518f-bf0d-428a-814f-266b27e759e4:c2151]
2019-06-15 10:53:03,586 INFO  client.GrpcClientProtocolClient (GrpcClientProtocolClient.java:onNext(254)) - client-09EBABE1B9AF->325d518f-bf0d-428a-814f-266b27e759e4: receive RaftClientReply:client-09EBABE1B9AF->325d518f-bf0d-428a-814f-266b27e759e4@group-9696F0872FC0, cid=1246, SUCCESS, logIndex=2153, commits[325d518f-bf0d-428a-814f-266b27e759e4:c2153]
2019-06-15 10:53:03,587 INFO  client.GrpcClientProtocolClient (GrpcClientProtocolClient.java:onNext(254)) - client-09EBABE1B9AF->325d518f-bf0d-428a-814f-266b27e759e4: receive RaftClientReply:client-09EBABE1B9AF->325d518f-bf0d-428a-814f-266b27e759e4@group-9696F0872FC0, cid=1247, SUCCESS, logIndex=2154, commits[325d518f-bf0d-428a-814f-266b27e759e4:c2156]
2019-06-15 10:53:03,587 INFO  client.GrpcClientProtocolClient (GrpcClientProtocolClient.java:onNext(254)) - client-09EBABE1B9AF->325d518f-bf0d-428a-814f-266b27e759e4: receive RaftClientReply:client-09EBABE1B9AF->325d518f-bf0d-428a-814f-266b27e759e4@group-9696F0872FC0, cid=1248, SUCCESS, logIndex=2155, commits[325d518f-bf0d-428a-814f-266b27e759e4:c2156]
2019-06-15 10:53:03,601 INFO  client.GrpcClientProtocolClient (GrpcClientProtocolClient.java:onNext(254)) - client-09EBABE1B9AF->325d518f-bf0d-428a-814f-266b27e759e4: receive RaftClientReply:client-09EBABE1B9AF->325d518f-bf0d-428a-814f-266b27e759e4@group-9696F0872FC0, cid=1249, SUCCESS, logIndex=2157, commits[325d518f-bf0d-428a-814f-266b27e759e4:c2157]
2019-06-15 10:53:03,602 INFO  client.GrpcClientProtocolClient (GrpcClientProtocolClient.java:onNext(254)) - client-09EBABE1B9AF->325d518f-bf0d-428a-814f-266b27e759e4: receive RaftClientReply:client-09EBABE1B9AF->325d518f-bf0d-428a-814f-266b27e759e4@group-9696F0872FC0, cid=1250, SUCCESS, logIndex=2159, commits[325d518f-bf0d-428a-814f-266b27e759e4:c2159]
2019-06-15 10:53:03,603 INFO  client.GrpcClientProtocolClient (GrpcClientProtocolClient.java:onNext(254)) - client-09EBABE1B9AF->325d518f-bf0d-428a-814f-266b27e759e4: receive RaftClientReply:client-09EBABE1B9AF->325d518f-bf0d-428a-814f-266b27e759e4@group-9696F0872FC0, cid=1251, SUCCESS, logIndex=2160, commits[325d518f-bf0d-428a-814f-266b27e759e4:c2161]
2019-06-15 10:53:03,603 INFO  client.GrpcClientProtocolClient (GrpcClientProtocolClient.java:onNext(254)) - client-09EBABE1B9AF->325d518f-bf0d-428a-814f-266b27e759e4: receive RaftClientReply:client-09EBABE1B9AF->325d518f-bf0d-428a-814f-266b27e759e4@group-9696F0872FC0, cid=1252, SUCCESS, logIndex=2161, commits[325d518f-bf0d-428a-814f-266b27e759e4:c2162]
2019-06-15 10:53:03,607 DEBUG block.SCMBlockDeletingService (SCMBlockDeletingService.java:call(138)) - Running DeletedBlockTransactionScanner
2019-06-15 10:53:03,607 DEBUG block.SCMBlockDeletingService (SCMBlockDeletingService.java:call(155)) - Scanned deleted blocks log and got 0 delTX to process.
2019-06-15 10:53:03,608 INFO  client.GrpcClientProtocolClient (GrpcClientProtocolClient.java:onNext(254)) - client-09EBABE1B9AF->325d518f-bf0d-428a-814f-266b27e759e4: receive RaftClientReply:client-09EBABE1B9AF->325d518f-bf0d-428a-814f-266b27e759e4@group-9696F0872FC0, cid=1253, SUCCESS, logIndex=2164, commits[325d518f-bf0d-428a-814f-266b27e759e4:c2164]
2019-06-15 10:53:03,610 INFO  client.GrpcClientProtocolClient (GrpcClientProtocolClient.java:onNext(254)) - client-09EBABE1B9AF->325d518f-bf0d-428a-814f-266b27e759e4: receive RaftClientReply:client-09EBABE1B9AF->325d518f-bf0d-428a-814f-266b27e759e4@group-9696F0872FC0, cid=1254, SUCCESS, logIndex=2166, commits[325d518f-bf0d-428a-814f-266b27e759e4:c2166]
2019-06-15 10:53:03,611 INFO  client.GrpcClientProtocolClient (GrpcClientProtocolClient.java:onNext(254)) - client-09EBABE1B9AF->325d518f-bf0d-428a-814f-266b27e759e4: receive RaftClientReply:client-09EBABE1B9AF->325d518f-bf0d-428a-814f-266b27e759e4@group-9696F0872FC0, cid=1255, SUCCESS, logIndex=2167, commits[325d518f-bf0d-428a-814f-266b27e759e4:c2169]
2019-06-15 10:53:03,611 INFO  client.GrpcClientProtocolClient (GrpcClientProtocolClient.java:onNext(254)) - client-09EBABE1B9AF->325d518f-bf0d-428a-814f-266b27e759e4: receive RaftClientReply:client-09EBABE1B9AF->325d518f-bf0d-428a-814f-266b27e759e4@group-9696F0872FC0, cid=1256, SUCCESS, logIndex=2168, commits[325d518f-bf0d-428a-814f-266b27e759e4:c2169]
2019-06-15 10:53:03,620 INFO  client.GrpcClientProtocolClient (GrpcClientProtocolClient.java:onNext(254)) - client-09EBABE1B9AF->325d518f-bf0d-428a-814f-266b27e759e4: receive RaftClientReply:client-09EBABE1B9AF->325d518f-bf0d-428a-814f-266b27e759e4@group-9696F0872FC0, cid=1257, SUCCESS, logIndex=2170, commits[325d518f-bf0d-428a-814f-266b27e759e4:c2170]
2019-06-15 10:53:03,622 INFO  client.GrpcClientProtocolClient (GrpcClientProtocolClient.java:onNext(254)) - client-09EBABE1B9AF->325d518f-bf0d-428a-814f-266b27e759e4: receive RaftClientReply:client-09EBABE1B9AF->325d518f-bf0d-428a-814f-266b27e759e4@group-9696F0872FC0, cid=1258, SUCCESS, logIndex=2172, commits[325d518f-bf0d-428a-814f-266b27e759e4:c2172]
2019-06-15 10:53:03,623 INFO  client.GrpcClientProtocolClient (GrpcClientProtocolClient.java:onNext(254)) - client-09EBABE1B9AF->325d518f-bf0d-428a-814f-266b27e759e4: receive RaftClientReply:client-09EBABE1B9AF->325d518f-bf0d-428a-814f-266b27e759e4@group-9696F0872FC0, cid=1259, SUCCESS, logIndex=2173, commits[325d518f-bf0d-428a-814f-266b27e759e4:c2175]
2019-06-15 10:53:03,623 INFO  client.GrpcClientProtocolClient (GrpcClientProtocolClient.java:onNext(254)) - client-09EBABE1B9AF->325d518f-bf0d-428a-814f-266b27e759e4: receive RaftClientReply:client-09EBABE1B9AF->325d518f-bf0d-428a-814f-266b27e759e4@group-9696F0872FC0, cid=1260, SUCCESS, logIndex=2174, commits[325d518f-bf0d-428a-814f-266b27e759e4:c2175]
2019-06-15 10:53:03,629 INFO  client.GrpcClientProtocolClient (GrpcClientProtocolClient.java:onNext(254)) - client-09EBABE1B9AF->325d518f-bf0d-428a-814f-266b27e759e4: receive RaftClientReply:client-09EBABE1B9AF->325d518f-bf0d-428a-814f-266b27e759e4@group-9696F0872FC0, cid=1261, SUCCESS, logIndex=2176, commits[325d518f-bf0d-428a-814f-266b27e759e4:c2176]
2019-06-15 10:53:03,631 INFO  client.GrpcClientProtocolClient (GrpcClientProtocolClient.java:onNext(254)) - client-09EBABE1B9AF->325d518f-bf0d-428a-814f-266b27e759e4: receive RaftClientReply:client-09EBABE1B9AF->325d518f-bf0d-428a-814f-266b27e759e4@group-9696F0872FC0, cid=1262, SUCCESS, logIndex=2178, commits[325d518f-bf0d-428a-814f-266b27e759e4:c2178]
2019-06-15 10:53:03,631 INFO  client.GrpcClientProtocolClient (GrpcClientProtocolClient.java:onNext(254)) - client-09EBABE1B9AF->325d518f-bf0d-428a-814f-266b27e759e4: receive RaftClientReply:client-09EBABE1B9AF->325d518f-bf0d-428a-814f-266b27e759e4@group-9696F0872FC0, cid=1263, SUCCESS, logIndex=2179, commits[325d518f-bf0d-428a-814f-266b27e759e4:c2181]
2019-06-15 10:53:03,632 INFO  client.GrpcClientProtocolClient (GrpcClientProtocolClient.java:onNext(254)) - client-09EBABE1B9AF->325d518f-bf0d-428a-814f-266b27e759e4: receive RaftClientReply:client-09EBABE1B9AF->325d518f-bf0d-428a-814f-266b27e759e4@group-9696F0872FC0, cid=1264, SUCCESS, logIndex=2180, commits[325d518f-bf0d-428a-814f-266b27e759e4:c2181]
2019-06-15 10:53:03,642 INFO  client.GrpcClientProtocolClient (GrpcClientProtocolClient.java:onNext(254)) - client-09EBABE1B9AF->325d518f-bf0d-428a-814f-266b27e759e4: receive RaftClientReply:client-09EBABE1B9AF->325d518f-bf0d-428a-814f-266b27e759e4@group-9696F0872FC0, cid=1265, SUCCESS, logIndex=2182, commits[325d518f-bf0d-428a-814f-266b27e759e4:c2182]
2019-06-15 10:53:03,645 INFO  client.GrpcClientProtocolClient (GrpcClientProtocolClient.java:onNext(254)) - client-09EBABE1B9AF->325d518f-bf0d-428a-814f-266b27e759e4: receive RaftClientReply:client-09EBABE1B9AF->325d518f-bf0d-428a-814f-266b27e759e4@group-9696F0872FC0, cid=1266, SUCCESS, logIndex=2184, commits[325d518f-bf0d-428a-814f-266b27e759e4:c2184]
2019-06-15 10:53:03,645 INFO  client.GrpcClientProtocolClient (GrpcClientProtocolClient.java:onNext(254)) - client-09EBABE1B9AF->325d518f-bf0d-428a-814f-266b27e759e4: receive RaftClientReply:client-09EBABE1B9AF->325d518f-bf0d-428a-814f-266b27e759e4@group-9696F0872FC0, cid=1267, SUCCESS, logIndex=2185, commits[325d518f-bf0d-428a-814f-266b27e759e4:c2186]
2019-06-15 10:53:03,645 INFO  client.GrpcClientProtocolClient (GrpcClientProtocolClient.java:onNext(254)) - client-09EBABE1B9AF->325d518f-bf0d-428a-814f-266b27e759e4: receive RaftClientReply:client-09EBABE1B9AF->325d518f-bf0d-428a-814f-266b27e759e4@group-9696F0872FC0, cid=1268, SUCCESS, logIndex=2186, commits[325d518f-bf0d-428a-814f-266b27e759e4:c2186]
2019-06-15 10:53:03,651 INFO  client.GrpcClientProtocolClient (GrpcClientProtocolClient.java:onNext(254)) - client-09EBABE1B9AF->325d518f-bf0d-428a-814f-266b27e759e4: receive RaftClientReply:client-09EBABE1B9AF->325d518f-bf0d-428a-814f-266b27e759e4@group-9696F0872FC0, cid=1269, SUCCESS, logIndex=2189, commits[325d518f-bf0d-428a-814f-266b27e759e4:c2189]
2019-06-15 10:53:03,653 INFO  client.GrpcClientProtocolClient (GrpcClientProtocolClient.java:onNext(254)) - client-09EBABE1B9AF->325d518f-bf0d-428a-814f-266b27e759e4: receive RaftClientReply:client-09EBABE1B9AF->325d518f-bf0d-428a-814f-266b27e759e4@group-9696F0872FC0, cid=1270, SUCCESS, logIndex=2191, commits[325d518f-bf0d-428a-814f-266b27e759e4:c2191]
2019-06-15 10:53:03,653 INFO  client.GrpcClientProtocolClient (GrpcClientProtocolClient.java:onNext(254)) - client-09EBABE1B9AF->325d518f-bf0d-428a-814f-266b27e759e4: receive RaftClientReply:client-09EBABE1B9AF->325d518f-bf0d-428a-814f-266b27e759e4@group-9696F0872FC0, cid=1271, SUCCESS, logIndex=2192, commits[325d518f-bf0d-428a-814f-266b27e759e4:c2194]
2019-06-15 10:53:03,654 INFO  client.GrpcClientProtocolClient (GrpcClientProtocolClient.java:onNext(254)) - client-09EBABE1B9AF->325d518f-bf0d-428a-814f-266b27e759e4: receive RaftClientReply:client-09EBABE1B9AF->325d518f-bf0d-428a-814f-266b27e759e4@group-9696F0872FC0, cid=1272, SUCCESS, logIndex=2193, commits[325d518f-bf0d-428a-814f-266b27e759e4:c2194]
2019-06-15 10:53:03,663 INFO  client.GrpcClientProtocolClient (GrpcClientProtocolClient.java:onNext(254)) - client-09EBABE1B9AF->325d518f-bf0d-428a-814f-266b27e759e4: receive RaftClientReply:client-09EBABE1B9AF->325d518f-bf0d-428a-814f-266b27e759e4@group-9696F0872FC0, cid=1273, SUCCESS, logIndex=2195, commits[325d518f-bf0d-428a-814f-266b27e759e4:c2195]
2019-06-15 10:53:03,664 INFO  client.GrpcClientProtocolClient (GrpcClientProtocolClient.java:onNext(254)) - client-09EBABE1B9AF->325d518f-bf0d-428a-814f-266b27e759e4: receive RaftClientReply:client-09EBABE1B9AF->325d518f-bf0d-428a-814f-266b27e759e4@group-9696F0872FC0, cid=1274, SUCCESS, logIndex=2197, commits[325d518f-bf0d-428a-814f-266b27e759e4:c2197]
2019-06-15 10:53:03,666 INFO  client.GrpcClientProtocolClient (GrpcClientProtocolClient.java:onNext(254)) - client-09EBABE1B9AF->325d518f-bf0d-428a-814f-266b27e759e4: receive RaftClientReply:client-09EBABE1B9AF->325d518f-bf0d-428a-814f-266b27e759e4@group-9696F0872FC0, cid=1275, SUCCESS, logIndex=2198, commits[325d518f-bf0d-428a-814f-266b27e759e4:c2200]
2019-06-15 10:53:03,666 INFO  client.GrpcClientProtocolClient (GrpcClientProtocolClient.java:onNext(254)) - client-09EBABE1B9AF->325d518f-bf0d-428a-814f-266b27e759e4: receive RaftClientReply:client-09EBABE1B9AF->325d518f-bf0d-428a-814f-266b27e759e4@group-9696F0872FC0, cid=1276, SUCCESS, logIndex=2199, commits[325d518f-bf0d-428a-814f-266b27e759e4:c2200]
2019-06-15 10:53:03,675 INFO  client.GrpcClientProtocolClient (GrpcClientProtocolClient.java:onNext(254)) - client-09EBABE1B9AF->325d518f-bf0d-428a-814f-266b27e759e4: receive RaftClientReply:client-09EBABE1B9AF->325d518f-bf0d-428a-814f-266b27e759e4@group-9696F0872FC0, cid=1277, SUCCESS, logIndex=2201, commits[325d518f-bf0d-428a-814f-266b27e759e4:c2201]
2019-06-15 10:53:03,897 DEBUG block.SCMBlockDeletingService (SCMBlockDeletingService.java:call(138)) - Running DeletedBlockTransactionScanner
2019-06-15 10:53:03,898 DEBUG block.SCMBlockDeletingService (SCMBlockDeletingService.java:call(155)) - Scanned deleted blocks log and got 0 delTX to process.
2019-06-15 10:53:03,908 INFO  client.GrpcClientProtocolClient (GrpcClientProtocolClient.java:onNext(254)) - client-09EBABE1B9AF->325d518f-bf0d-428a-814f-266b27e759e4: receive RaftClientReply:client-09EBABE1B9AF->325d518f-bf0d-428a-814f-266b27e759e4@group-9696F0872FC0, cid=1278, SUCCESS, logIndex=2203, commits[325d518f-bf0d-428a-814f-266b27e759e4:c2204]
2019-06-15 10:53:03,914 INFO  client.GrpcClientProtocolClient (GrpcClientProtocolClient.java:onNext(254)) - client-09EBABE1B9AF->325d518f-bf0d-428a-814f-266b27e759e4: receive RaftClientReply:client-09EBABE1B9AF->325d518f-bf0d-428a-814f-266b27e759e4@group-9696F0872FC0, cid=1279, SUCCESS, logIndex=2205, commits[325d518f-bf0d-428a-814f-266b27e759e4:c2207]
2019-06-15 10:53:03,918 INFO  client.GrpcClientProtocolClient (GrpcClientProtocolClient.java:onNext(254)) - client-09EBABE1B9AF->325d518f-bf0d-428a-814f-266b27e759e4: receive RaftClientReply:client-09EBABE1B9AF->325d518f-bf0d-428a-814f-266b27e759e4@group-9696F0872FC0, cid=1280, SUCCESS, logIndex=2206, commits[325d518f-bf0d-428a-814f-266b27e759e4:c2207]
2019-06-15 10:53:03,998 DEBUG block.SCMBlockDeletingService (SCMBlockDeletingService.java:call(138)) - Running DeletedBlockTransactionScanner
2019-06-15 10:53:03,998 DEBUG block.SCMBlockDeletingService (SCMBlockDeletingService.java:call(155)) - Scanned deleted blocks log and got 0 delTX to process.
2019-06-15 10:53:04,011 INFO  client.GrpcClientProtocolClient (GrpcClientProtocolClient.java:onNext(254)) - client-09EBABE1B9AF->325d518f-bf0d-428a-814f-266b27e759e4: receive RaftClientReply:client-09EBABE1B9AF->325d518f-bf0d-428a-814f-266b27e759e4@group-9696F0872FC0, cid=1281, SUCCESS, logIndex=2208, commits[325d518f-bf0d-428a-814f-266b27e759e4:c2208]
2019-06-15 10:53:04,012 INFO  client.GrpcClientProtocolClient (GrpcClientProtocolClient.java:onNext(254)) - client-09EBABE1B9AF->325d518f-bf0d-428a-814f-266b27e759e4: receive RaftClientReply:client-09EBABE1B9AF->325d518f-bf0d-428a-814f-266b27e759e4@group-9696F0872FC0, cid=1282, SUCCESS, logIndex=2210, commits[325d518f-bf0d-428a-814f-266b27e759e4:c2210]
2019-06-15 10:53:04,014 INFO  client.GrpcClientProtocolClient (GrpcClientProtocolClient.java:onNext(254)) - client-09EBABE1B9AF->325d518f-bf0d-428a-814f-266b27e759e4: receive RaftClientReply:client-09EBABE1B9AF->325d518f-bf0d-428a-814f-266b27e759e4@group-9696F0872FC0, cid=1283, SUCCESS, logIndex=2211, commits[325d518f-bf0d-428a-814f-266b27e759e4:c2213]
2019-06-15 10:53:04,014 INFO  client.GrpcClientProtocolClient (GrpcClientProtocolClient.java:onNext(254)) - client-09EBABE1B9AF->325d518f-bf0d-428a-814f-266b27e759e4: receive RaftClientReply:client-09EBABE1B9AF->325d518f-bf0d-428a-814f-266b27e759e4@group-9696F0872FC0, cid=1284, SUCCESS, logIndex=2213, commits[325d518f-bf0d-428a-814f-266b27e759e4:c2213]
2019-06-15 10:53:04,017 INFO  storage.RaftLogWorker (RaftLogWorker.java:rollLogSegment(303)) - 325d518f-bf0d-428a-814f-266b27e759e4-RaftLogWorker: Rolling segment log-2142_2214 to index:2214
2019-06-15 10:53:04,018 INFO  storage.RaftLogWorker (RaftLogWorker.java:execute(433)) - 325d518f-bf0d-428a-814f-266b27e759e4-RaftLogWorker: Rolled log segment from /opt/src/hadoop-ozone/integration-test/target/test-dir/MiniOzoneClusterImpl-dd99cefe-9779-4043-9d74-181b69d2a827/datanode-0/data/ratis/e0f1d9ef-e225-4b24-a786-9696f0872fc0/current/log_inprogress_2142 to /opt/src/hadoop-ozone/integration-test/target/test-dir/MiniOzoneClusterImpl-dd99cefe-9779-4043-9d74-181b69d2a827/datanode-0/data/ratis/e0f1d9ef-e225-4b24-a786-9696f0872fc0/current/log_2142-2214
2019-06-15 10:53:04,054 INFO  storage.RaftLogWorker (RaftLogWorker.java:execute(469)) - 325d518f-bf0d-428a-814f-266b27e759e4-RaftLogWorker: created new log segment /opt/src/hadoop-ozone/integration-test/target/test-dir/MiniOzoneClusterImpl-dd99cefe-9779-4043-9d74-181b69d2a827/datanode-0/data/ratis/e0f1d9ef-e225-4b24-a786-9696f0872fc0/current/log_inprogress_2215
2019-06-15 10:53:04,055 INFO  client.GrpcClientProtocolClient (GrpcClientProtocolClient.java:onNext(254)) - client-09EBABE1B9AF->325d518f-bf0d-428a-814f-266b27e759e4: receive RaftClientReply:client-09EBABE1B9AF->325d518f-bf0d-428a-814f-266b27e759e4@group-9696F0872FC0, cid=1285, SUCCESS, logIndex=2215, commits[325d518f-bf0d-428a-814f-266b27e759e4:c2215]
2019-06-15 10:53:04,057 INFO  client.GrpcClientProtocolClient (GrpcClientProtocolClient.java:onNext(254)) - client-09EBABE1B9AF->325d518f-bf0d-428a-814f-266b27e759e4: receive RaftClientReply:client-09EBABE1B9AF->325d518f-bf0d-428a-814f-266b27e759e4@group-9696F0872FC0, cid=1286, SUCCESS, logIndex=2217, commits[325d518f-bf0d-428a-814f-266b27e759e4:c2217]
2019-06-15 10:53:04,060 INFO  client.GrpcClientProtocolClient (GrpcClientProtocolClient.java:onNext(254)) - client-09EBABE1B9AF->325d518f-bf0d-428a-814f-266b27e759e4: receive RaftClientReply:client-09EBABE1B9AF->325d518f-bf0d-428a-814f-266b27e759e4@group-9696F0872FC0, cid=1287, SUCCESS, logIndex=2218, commits[325d518f-bf0d-428a-814f-266b27e759e4:c2220]
2019-06-15 10:53:04,060 INFO  client.GrpcClientProtocolClient (GrpcClientProtocolClient.java:onNext(254)) - client-09EBABE1B9AF->325d518f-bf0d-428a-814f-266b27e759e4: receive RaftClientReply:client-09EBABE1B9AF->325d518f-bf0d-428a-814f-266b27e759e4@group-9696F0872FC0, cid=1288, SUCCESS, logIndex=2220, commits[325d518f-bf0d-428a-814f-266b27e759e4:c2220]
2019-06-15 10:53:04,072 INFO  client.GrpcClientProtocolClient (GrpcClientProtocolClient.java:onNext(254)) - client-09EBABE1B9AF->325d518f-bf0d-428a-814f-266b27e759e4: receive RaftClientReply:client-09EBABE1B9AF->325d518f-bf0d-428a-814f-266b27e759e4@group-9696F0872FC0, cid=1289, SUCCESS, logIndex=2222, commits[325d518f-bf0d-428a-814f-266b27e759e4:c2222]
2019-06-15 10:53:04,074 INFO  client.GrpcClientProtocolClient (GrpcClientProtocolClient.java:onNext(254)) - client-09EBABE1B9AF->325d518f-bf0d-428a-814f-266b27e759e4: receive RaftClientReply:client-09EBABE1B9AF->325d518f-bf0d-428a-814f-266b27e759e4@group-9696F0872FC0, cid=1290, SUCCESS, logIndex=2224, commits[325d518f-bf0d-428a-814f-266b27e759e4:c2224]
2019-06-15 10:53:04,075 INFO  client.GrpcClientProtocolClient (GrpcClientProtocolClient.java:onNext(254)) - client-09EBABE1B9AF->325d518f-bf0d-428a-814f-266b27e759e4: receive RaftClientReply:client-09EBABE1B9AF->325d518f-bf0d-428a-814f-266b27e759e4@group-9696F0872FC0, cid=1291, SUCCESS, logIndex=2225, commits[325d518f-bf0d-428a-814f-266b27e759e4:c2226]
2019-06-15 10:53:04,075 INFO  client.GrpcClientProtocolClient (GrpcClientProtocolClient.java:onNext(254)) - client-09EBABE1B9AF->325d518f-bf0d-428a-814f-266b27e759e4: receive RaftClientReply:client-09EBABE1B9AF->325d518f-bf0d-428a-814f-266b27e759e4@group-9696F0872FC0, cid=1292, SUCCESS, logIndex=2226, commits[325d518f-bf0d-428a-814f-266b27e759e4:c2226]
2019-06-15 10:53:04,081 INFO  client.GrpcClientProtocolClient (GrpcClientProtocolClient.java:onNext(254)) - client-09EBABE1B9AF->325d518f-bf0d-428a-814f-266b27e759e4: receive RaftClientReply:client-09EBABE1B9AF->325d518f-bf0d-428a-814f-266b27e759e4@group-9696F0872FC0, cid=1293, SUCCESS, logIndex=2229, commits[325d518f-bf0d-428a-814f-266b27e759e4:c2229]
2019-06-15 10:53:04,083 INFO  client.GrpcClientProtocolClient (GrpcClientProtocolClient.java:onNext(254)) - client-09EBABE1B9AF->325d518f-bf0d-428a-814f-266b27e759e4: receive RaftClientReply:client-09EBABE1B9AF->325d518f-bf0d-428a-814f-266b27e759e4@group-9696F0872FC0, cid=1294, SUCCESS, logIndex=2231, commits[325d518f-bf0d-428a-814f-266b27e759e4:c2231]
2019-06-15 10:53:04,084 INFO  client.GrpcClientProtocolClient (GrpcClientProtocolClient.java:onNext(254)) - client-09EBABE1B9AF->325d518f-bf0d-428a-814f-266b27e759e4: receive RaftClientReply:client-09EBABE1B9AF->325d518f-bf0d-428a-814f-266b27e759e4@group-9696F0872FC0, cid=1295, SUCCESS, logIndex=2232, commits[325d518f-bf0d-428a-814f-266b27e759e4:c2234]
2019-06-15 10:53:04,084 INFO  client.GrpcClientProtocolClient (GrpcClientProtocolClient.java:onNext(254)) - client-09EBABE1B9AF->325d518f-bf0d-428a-814f-266b27e759e4: receive RaftClientReply:client-09EBABE1B9AF->325d518f-bf0d-428a-814f-266b27e759e4@group-9696F0872FC0, cid=1296, SUCCESS, logIndex=2233, commits[325d518f-bf0d-428a-814f-266b27e759e4:c2234]
2019-06-15 10:53:04,097 INFO  client.GrpcClientProtocolClient (GrpcClientProtocolClient.java:onNext(254)) - client-09EBABE1B9AF->325d518f-bf0d-428a-814f-266b27e759e4: receive RaftClientReply:client-09EBABE1B9AF->325d518f-bf0d-428a-814f-266b27e759e4@group-9696F0872FC0, cid=1297, SUCCESS, logIndex=2235, commits[325d518f-bf0d-428a-814f-266b27e759e4:c2235]
2019-06-15 10:53:04,098 DEBUG block.SCMBlockDeletingService (SCMBlockDeletingService.java:call(138)) - Running DeletedBlockTransactionScanner
2019-06-15 10:53:04,098 DEBUG block.SCMBlockDeletingService (SCMBlockDeletingService.java:call(155)) - Scanned deleted blocks log and got 0 delTX to process.
2019-06-15 10:53:04,099 INFO  client.GrpcClientProtocolClient (GrpcClientProtocolClient.java:onNext(254)) - client-09EBABE1B9AF->325d518f-bf0d-428a-814f-266b27e759e4: receive RaftClientReply:client-09EBABE1B9AF->325d518f-bf0d-428a-814f-266b27e759e4@group-9696F0872FC0, cid=1298, SUCCESS, logIndex=2237, commits[325d518f-bf0d-428a-814f-266b27e759e4:c2237]
2019-06-15 10:53:04,099 INFO  client.GrpcClientProtocolClient (GrpcClientProtocolClient.java:onNext(254)) - client-09EBABE1B9AF->325d518f-bf0d-428a-814f-266b27e759e4: receive RaftClientReply:client-09EBABE1B9AF->325d518f-bf0d-428a-814f-266b27e759e4@group-9696F0872FC0, cid=1299, SUCCESS, logIndex=2238, commits[325d518f-bf0d-428a-814f-266b27e759e4:c2239]
2019-06-15 10:53:04,101 INFO  client.GrpcClientProtocolClient (GrpcClientProtocolClient.java:onNext(254)) - client-09EBABE1B9AF->325d518f-bf0d-428a-814f-266b27e759e4: receive RaftClientReply:client-09EBABE1B9AF->325d518f-bf0d-428a-814f-266b27e759e4@group-9696F0872FC0, cid=1300, SUCCESS, logIndex=2240, commits[325d518f-bf0d-428a-814f-266b27e759e4:c2240]
2019-06-15 10:53:04,106 INFO  client.GrpcClientProtocolClient (GrpcClientProtocolClient.java:onNext(254)) - client-09EBABE1B9AF->325d518f-bf0d-428a-814f-266b27e759e4: receive RaftClientReply:client-09EBABE1B9AF->325d518f-bf0d-428a-814f-266b27e759e4@group-9696F0872FC0, cid=1301, SUCCESS, logIndex=2242, commits[325d518f-bf0d-428a-814f-266b27e759e4:c2242]
2019-06-15 10:53:04,108 INFO  client.GrpcClientProtocolClient (GrpcClientProtocolClient.java:onNext(254)) - client-09EBABE1B9AF->325d518f-bf0d-428a-814f-266b27e759e4: receive RaftClientReply:client-09EBABE1B9AF->325d518f-bf0d-428a-814f-266b27e759e4@group-9696F0872FC0, cid=1302, SUCCESS, logIndex=2244, commits[325d518f-bf0d-428a-814f-266b27e759e4:c2244]
2019-06-15 10:53:04,109 INFO  client.GrpcClientProtocolClient (GrpcClientProtocolClient.java:onNext(254)) - client-09EBABE1B9AF->325d518f-bf0d-428a-814f-266b27e759e4: receive RaftClientReply:client-09EBABE1B9AF->325d518f-bf0d-428a-814f-266b27e759e4@group-9696F0872FC0, cid=1303, SUCCESS, logIndex=2245, commits[325d518f-bf0d-428a-814f-266b27e759e4:c2246]
2019-06-15 10:53:04,109 INFO  client.GrpcClientProtocolClient (GrpcClientProtocolClient.java:onNext(254)) - client-09EBABE1B9AF->325d518f-bf0d-428a-814f-266b27e759e4: receive RaftClientReply:client-09EBABE1B9AF->325d518f-bf0d-428a-814f-266b27e759e4@group-9696F0872FC0, cid=1304, SUCCESS, logIndex=2246, commits[325d518f-bf0d-428a-814f-266b27e759e4:c2246]
2019-06-15 10:53:04,118 INFO  client.GrpcClientProtocolClient (GrpcClientProtocolClient.java:onNext(254)) - client-09EBABE1B9AF->325d518f-bf0d-428a-814f-266b27e759e4: receive RaftClientReply:client-09EBABE1B9AF->325d518f-bf0d-428a-814f-266b27e759e4@group-9696F0872FC0, cid=1305, SUCCESS, logIndex=2249, commits[325d518f-bf0d-428a-814f-266b27e759e4:c2249]
2019-06-15 10:53:04,121 INFO  client.GrpcClientProtocolClient (GrpcClientProtocolClient.java:onNext(254)) - client-09EBABE1B9AF->325d518f-bf0d-428a-814f-266b27e759e4: receive RaftClientReply:client-09EBABE1B9AF->325d518f-bf0d-428a-814f-266b27e759e4@group-9696F0872FC0, cid=1306, SUCCESS, logIndex=2251, commits[325d518f-bf0d-428a-814f-266b27e759e4:c2251]
2019-06-15 10:53:04,123 INFO  client.GrpcClientProtocolClient (GrpcClientProtocolClient.java:onNext(254)) - client-09EBABE1B9AF->325d518f-bf0d-428a-814f-266b27e759e4: receive RaftClientReply:client-09EBABE1B9AF->325d518f-bf0d-428a-814f-266b27e759e4@group-9696F0872FC0, cid=1307, SUCCESS, logIndex=2253, commits[325d518f-bf0d-428a-814f-266b27e759e4:c2254]
2019-06-15 10:53:04,124 INFO  client.GrpcClientProtocolClient (GrpcClientProtocolClient.java:onNext(254)) - client-09EBABE1B9AF->325d518f-bf0d-428a-814f-266b27e759e4: receive RaftClientReply:client-09EBABE1B9AF->325d518f-bf0d-428a-814f-266b27e759e4@group-9696F0872FC0, cid=1308, SUCCESS, logIndex=2254, commits[325d518f-bf0d-428a-814f-266b27e759e4:c2254]
2019-06-15 10:53:04,129 INFO  client.GrpcClientProtocolClient (GrpcClientProtocolClient.java:onNext(254)) - client-09EBABE1B9AF->325d518f-bf0d-428a-814f-266b27e759e4: receive RaftClientReply:client-09EBABE1B9AF->325d518f-bf0d-428a-814f-266b27e759e4@group-9696F0872FC0, cid=1309, SUCCESS, logIndex=2256, commits[325d518f-bf0d-428a-814f-266b27e759e4:c2256]
2019-06-15 10:53:04,130 INFO  client.GrpcClientProtocolClient (GrpcClientProtocolClient.java:onNext(254)) - client-09EBABE1B9AF->325d518f-bf0d-428a-814f-266b27e759e4: receive RaftClientReply:client-09EBABE1B9AF->325d518f-bf0d-428a-814f-266b27e759e4@group-9696F0872FC0, cid=1310, SUCCESS, logIndex=2258, commits[325d518f-bf0d-428a-814f-266b27e759e4:c2258]
2019-06-15 10:53:04,132 INFO  client.GrpcClientProtocolClient (GrpcClientProtocolClient.java:onNext(254)) - client-09EBABE1B9AF->325d518f-bf0d-428a-814f-266b27e759e4: receive RaftClientReply:client-09EBABE1B9AF->325d518f-bf0d-428a-814f-266b27e759e4@group-9696F0872FC0, cid=1311, SUCCESS, logIndex=2259, commits[325d518f-bf0d-428a-814f-266b27e759e4:c2260]
2019-06-15 10:53:04,133 INFO  client.GrpcClientProtocolClient (GrpcClientProtocolClient.java:onNext(254)) - client-09EBABE1B9AF->325d518f-bf0d-428a-814f-266b27e759e4: receive RaftClientReply:client-09EBABE1B9AF->325d518f-bf0d-428a-814f-266b27e759e4@group-9696F0872FC0, cid=1312, SUCCESS, logIndex=2261, commits[325d518f-bf0d-428a-814f-266b27e759e4:c2261]
2019-06-15 10:53:04,148 INFO  client.GrpcClientProtocolClient (GrpcClientProtocolClient.java:onNext(254)) - client-09EBABE1B9AF->325d518f-bf0d-428a-814f-266b27e759e4: receive RaftClientReply:client-09EBABE1B9AF->325d518f-bf0d-428a-814f-266b27e759e4@group-9696F0872FC0, cid=1313, SUCCESS, logIndex=2263, commits[325d518f-bf0d-428a-814f-266b27e759e4:c2263]
2019-06-15 10:53:04,150 INFO  client.GrpcClientProtocolClient (GrpcClientProtocolClient.java:onNext(254)) - client-09EBABE1B9AF->325d518f-bf0d-428a-814f-266b27e759e4: receive RaftClientReply:client-09EBABE1B9AF->325d518f-bf0d-428a-814f-266b27e759e4@group-9696F0872FC0, cid=1314, SUCCESS, logIndex=2265, commits[325d518f-bf0d-428a-814f-266b27e759e4:c2265]
2019-06-15 10:53:04,151 INFO  client.GrpcClientProtocolClient (GrpcClientProtocolClient.java:onNext(254)) - client-09EBABE1B9AF->325d518f-bf0d-428a-814f-266b27e759e4: receive RaftClientReply:client-09EBABE1B9AF->325d518f-bf0d-428a-814f-266b27e759e4@group-9696F0872FC0, cid=1315, SUCCESS, logIndex=2266, commits[325d518f-bf0d-428a-814f-266b27e759e4:c2267]
2019-06-15 10:53:04,152 INFO  client.GrpcClientProtocolClient (GrpcClientProtocolClient.java:onNext(254)) - client-09EBABE1B9AF->325d518f-bf0d-428a-814f-266b27e759e4: receive RaftClientReply:client-09EBABE1B9AF->325d518f-bf0d-428a-814f-266b27e759e4@group-9696F0872FC0, cid=1316, SUCCESS, logIndex=2268, commits[325d518f-bf0d-428a-814f-266b27e759e4:c2268]
2019-06-15 10:53:04,157 INFO  client.GrpcClientProtocolClient (GrpcClientProtocolClient.java:onNext(254)) - client-09EBABE1B9AF->325d518f-bf0d-428a-814f-266b27e759e4: receive RaftClientReply:client-09EBABE1B9AF->325d518f-bf0d-428a-814f-266b27e759e4@group-9696F0872FC0, cid=1317, SUCCESS, logIndex=2270, commits[325d518f-bf0d-428a-814f-266b27e759e4:c2270]
2019-06-15 10:53:04,160 INFO  client.GrpcClientProtocolClient (GrpcClientProtocolClient.java:onNext(254)) - client-09EBABE1B9AF->325d518f-bf0d-428a-814f-266b27e759e4: receive RaftClientReply:client-09EBABE1B9AF->325d518f-bf0d-428a-814f-266b27e759e4@group-9696F0872FC0, cid=1318, SUCCESS, logIndex=2272, commits[325d518f-bf0d-428a-814f-266b27e759e4:c2272]
2019-06-15 10:53:04,160 INFO  client.GrpcClientProtocolClient (GrpcClientProtocolClient.java:onNext(254)) - client-09EBABE1B9AF->325d518f-bf0d-428a-814f-266b27e759e4: receive RaftClientReply:client-09EBABE1B9AF->325d518f-bf0d-428a-814f-266b27e759e4@group-9696F0872FC0, cid=1319, SUCCESS, logIndex=2273, commits[325d518f-bf0d-428a-814f-266b27e759e4:c2273]
2019-06-15 10:53:04,161 INFO  client.GrpcClientProtocolClient (GrpcClientProtocolClient.java:onNext(254)) - client-09EBABE1B9AF->325d518f-bf0d-428a-814f-266b27e759e4: receive RaftClientReply:client-09EBABE1B9AF->325d518f-bf0d-428a-814f-266b27e759e4@group-9696F0872FC0, cid=1320, SUCCESS, logIndex=2275, commits[325d518f-bf0d-428a-814f-266b27e759e4:c2275]
2019-06-15 10:53:04,175 INFO  client.GrpcClientProtocolClient (GrpcClientProtocolClient.java:onNext(254)) - client-09EBABE1B9AF->325d518f-bf0d-428a-814f-266b27e759e4: receive RaftClientReply:client-09EBABE1B9AF->325d518f-bf0d-428a-814f-266b27e759e4@group-9696F0872FC0, cid=1321, SUCCESS, logIndex=2278, commits[325d518f-bf0d-428a-814f-266b27e759e4:c2278]
2019-06-15 10:53:04,177 INFO  client.GrpcClientProtocolClient (GrpcClientProtocolClient.java:onNext(254)) - client-09EBABE1B9AF->325d518f-bf0d-428a-814f-266b27e759e4: receive RaftClientReply:client-09EBABE1B9AF->325d518f-bf0d-428a-814f-266b27e759e4@group-9696F0872FC0, cid=1322, SUCCESS, logIndex=2280, commits[325d518f-bf0d-428a-814f-266b27e759e4:c2280]
2019-06-15 10:53:04,178 INFO  client.GrpcClientProtocolClient (GrpcClientProtocolClient.java:onNext(254)) - client-09EBABE1B9AF->325d518f-bf0d-428a-814f-266b27e759e4: receive RaftClientReply:client-09EBABE1B9AF->325d518f-bf0d-428a-814f-266b27e759e4@group-9696F0872FC0, cid=1323, SUCCESS, logIndex=2281, commits[325d518f-bf0d-428a-814f-266b27e759e4:c2281]
2019-06-15 10:53:04,178 INFO  client.GrpcClientProtocolClient (GrpcClientProtocolClient.java:onNext(254)) - client-09EBABE1B9AF->325d518f-bf0d-428a-814f-266b27e759e4: receive RaftClientReply:client-09EBABE1B9AF->325d518f-bf0d-428a-814f-266b27e759e4@group-9696F0872FC0, cid=1324, SUCCESS, logIndex=2283, commits[325d518f-bf0d-428a-814f-266b27e759e4:c2283]
2019-06-15 10:53:04,184 INFO  client.GrpcClientProtocolClient (GrpcClientProtocolClient.java:onNext(254)) - client-09EBABE1B9AF->325d518f-bf0d-428a-814f-266b27e759e4: receive RaftClientReply:client-09EBABE1B9AF->325d518f-bf0d-428a-814f-266b27e759e4@group-9696F0872FC0, cid=1325, SUCCESS, logIndex=2286, commits[325d518f-bf0d-428a-814f-266b27e759e4:c2286]
2019-06-15 10:53:04,186 INFO  client.GrpcClientProtocolClient (GrpcClientProtocolClient.java:onNext(254)) - client-09EBABE1B9AF->325d518f-bf0d-428a-814f-266b27e759e4: receive RaftClientReply:client-09EBABE1B9AF->325d518f-bf0d-428a-814f-266b27e759e4@group-9696F0872FC0, cid=1326, SUCCESS, logIndex=2288, commits[325d518f-bf0d-428a-814f-266b27e759e4:c2288]
2019-06-15 10:53:04,199 DEBUG block.SCMBlockDeletingService (SCMBlockDeletingService.java:call(138)) - Running DeletedBlockTransactionScanner
2019-06-15 10:53:04,199 DEBUG block.SCMBlockDeletingService (SCMBlockDeletingService.java:call(155)) - Scanned deleted blocks log and got 0 delTX to process.
2019-06-15 10:53:04,252 INFO  storage.RaftLogWorker (RaftLogWorker.java:rollLogSegment(303)) - 325d518f-bf0d-428a-814f-266b27e759e4-RaftLogWorker: Rolling segment log-2215_2291 to index:2291
2019-06-15 10:53:04,252 INFO  client.GrpcClientProtocolClient (GrpcClientProtocolClient.java:onNext(254)) - client-09EBABE1B9AF->325d518f-bf0d-428a-814f-266b27e759e4: receive RaftClientReply:client-09EBABE1B9AF->325d518f-bf0d-428a-814f-266b27e759e4@group-9696F0872FC0, cid=1327, SUCCESS, logIndex=2290, commits[325d518f-bf0d-428a-814f-266b27e759e4:c2290]
2019-06-15 10:53:04,253 INFO  storage.RaftLogWorker (RaftLogWorker.java:execute(433)) - 325d518f-bf0d-428a-814f-266b27e759e4-RaftLogWorker: Rolled log segment from /opt/src/hadoop-ozone/integration-test/target/test-dir/MiniOzoneClusterImpl-dd99cefe-9779-4043-9d74-181b69d2a827/datanode-0/data/ratis/e0f1d9ef-e225-4b24-a786-9696f0872fc0/current/log_inprogress_2215 to /opt/src/hadoop-ozone/integration-test/target/test-dir/MiniOzoneClusterImpl-dd99cefe-9779-4043-9d74-181b69d2a827/datanode-0/data/ratis/e0f1d9ef-e225-4b24-a786-9696f0872fc0/current/log_2215-2291
2019-06-15 10:53:04,287 INFO  storage.RaftLogWorker (RaftLogWorker.java:execute(469)) - 325d518f-bf0d-428a-814f-266b27e759e4-RaftLogWorker: created new log segment /opt/src/hadoop-ozone/integration-test/target/test-dir/MiniOzoneClusterImpl-dd99cefe-9779-4043-9d74-181b69d2a827/datanode-0/data/ratis/e0f1d9ef-e225-4b24-a786-9696f0872fc0/current/log_inprogress_2292
2019-06-15 10:53:04,289 INFO  client.GrpcClientProtocolClient (GrpcClientProtocolClient.java:onNext(254)) - client-09EBABE1B9AF->325d518f-bf0d-428a-814f-266b27e759e4: receive RaftClientReply:client-09EBABE1B9AF->325d518f-bf0d-428a-814f-266b27e759e4@group-9696F0872FC0, cid=1328, SUCCESS, logIndex=2292, commits[325d518f-bf0d-428a-814f-266b27e759e4:c2292]
2019-06-15 10:53:04,299 INFO  client.GrpcClientProtocolClient (GrpcClientProtocolClient.java:onNext(254)) - client-09EBABE1B9AF->325d518f-bf0d-428a-814f-266b27e759e4: receive RaftClientReply:client-09EBABE1B9AF->325d518f-bf0d-428a-814f-266b27e759e4@group-9696F0872FC0, cid=1329, SUCCESS, logIndex=2294, commits[325d518f-bf0d-428a-814f-266b27e759e4:c2294]
2019-06-15 10:53:04,299 DEBUG block.SCMBlockDeletingService (SCMBlockDeletingService.java:call(138)) - Running DeletedBlockTransactionScanner
2019-06-15 10:53:04,299 DEBUG block.SCMBlockDeletingService (SCMBlockDeletingService.java:call(155)) - Scanned deleted blocks log and got 0 delTX to process.
2019-06-15 10:53:04,301 INFO  client.GrpcClientProtocolClient (GrpcClientProtocolClient.java:onNext(254)) - client-09EBABE1B9AF->325d518f-bf0d-428a-814f-266b27e759e4: receive RaftClientReply:client-09EBABE1B9AF->325d518f-bf0d-428a-814f-266b27e759e4@group-9696F0872FC0, cid=1330, SUCCESS, logIndex=2296, commits[325d518f-bf0d-428a-814f-266b27e759e4:c2296]
2019-06-15 10:53:04,302 INFO  client.GrpcClientProtocolClient (GrpcClientProtocolClient.java:onNext(254)) - client-09EBABE1B9AF->325d518f-bf0d-428a-814f-266b27e759e4: receive RaftClientReply:client-09EBABE1B9AF->325d518f-bf0d-428a-814f-266b27e759e4@group-9696F0872FC0, cid=1331, SUCCESS, logIndex=2297, commits[325d518f-bf0d-428a-814f-266b27e759e4:c2297]
2019-06-15 10:53:04,302 INFO  client.GrpcClientProtocolClient (GrpcClientProtocolClient.java:onNext(254)) - client-09EBABE1B9AF->325d518f-bf0d-428a-814f-266b27e759e4: receive RaftClientReply:client-09EBABE1B9AF->325d518f-bf0d-428a-814f-266b27e759e4@group-9696F0872FC0, cid=1332, SUCCESS, logIndex=2299, commits[325d518f-bf0d-428a-814f-266b27e759e4:c2299]
2019-06-15 10:53:04,308 INFO  client.GrpcClientProtocolClient (GrpcClientProtocolClient.java:onNext(254)) - client-09EBABE1B9AF->325d518f-bf0d-428a-814f-266b27e759e4: receive RaftClientReply:client-09EBABE1B9AF->325d518f-bf0d-428a-814f-266b27e759e4@group-9696F0872FC0, cid=1333, SUCCESS, logIndex=2302, commits[325d518f-bf0d-428a-814f-266b27e759e4:c2302]
2019-06-15 10:53:04,309 INFO  client.GrpcClientProtocolClient (GrpcClientProtocolClient.java:onNext(254)) - client-09EBABE1B9AF->325d518f-bf0d-428a-814f-266b27e759e4: receive RaftClientReply:client-09EBABE1B9AF->325d518f-bf0d-428a-814f-266b27e759e4@group-9696F0872FC0, cid=1334, SUCCESS, logIndex=2304, commits[325d518f-bf0d-428a-814f-266b27e759e4:c2304]
2019-06-15 10:53:04,310 INFO  client.GrpcClientProtocolClient (GrpcClientProtocolClient.java:onNext(254)) - client-09EBABE1B9AF->325d518f-bf0d-428a-814f-266b27e759e4: receive RaftClientReply:client-09EBABE1B9AF->325d518f-bf0d-428a-814f-266b27e759e4@group-9696F0872FC0, cid=1335, SUCCESS, logIndex=2305, commits[325d518f-bf0d-428a-814f-266b27e759e4:c2307]
2019-06-15 10:53:04,311 INFO  client.GrpcClientProtocolClient (GrpcClientProtocolClient.java:onNext(254)) - client-09EBABE1B9AF->325d518f-bf0d-428a-814f-266b27e759e4: receive RaftClientReply:client-09EBABE1B9AF->325d518f-bf0d-428a-814f-266b27e759e4@group-9696F0872FC0, cid=1336, SUCCESS, logIndex=2306, commits[325d518f-bf0d-428a-814f-266b27e759e4:c2307]
2019-06-15 10:53:04,319 INFO  client.GrpcClientProtocolClient (GrpcClientProtocolClient.java:onNext(254)) - client-09EBABE1B9AF->325d518f-bf0d-428a-814f-266b27e759e4: receive RaftClientReply:client-09EBABE1B9AF->325d518f-bf0d-428a-814f-266b27e759e4@group-9696F0872FC0, cid=1337, SUCCESS, logIndex=2308, commits[325d518f-bf0d-428a-814f-266b27e759e4:c2308]
2019-06-15 10:53:04,322 INFO  client.GrpcClientProtocolClient (GrpcClientProtocolClient.java:onNext(254)) - client-09EBABE1B9AF->325d518f-bf0d-428a-814f-266b27e759e4: receive RaftClientReply:client-09EBABE1B9AF->325d518f-bf0d-428a-814f-266b27e759e4@group-9696F0872FC0, cid=1338, SUCCESS, logIndex=2310, commits[325d518f-bf0d-428a-814f-266b27e759e4:c2310]
2019-06-15 10:53:04,322 INFO  client.GrpcClientProtocolClient (GrpcClientProtocolClient.java:onNext(254)) - client-09EBABE1B9AF->325d518f-bf0d-428a-814f-266b27e759e4: receive RaftClientReply:client-09EBABE1B9AF->325d518f-bf0d-428a-814f-266b27e759e4@group-9696F0872FC0, cid=1339, SUCCESS, logIndex=2311, commits[325d518f-bf0d-428a-814f-266b27e759e4:c2313]
2019-06-15 10:53:04,322 INFO  client.GrpcClientProtocolClient (GrpcClientProtocolClient.java:onNext(254)) - client-09EBABE1B9AF->325d518f-bf0d-428a-814f-266b27e759e4: receive RaftClientReply:client-09EBABE1B9AF->325d518f-bf0d-428a-814f-266b27e759e4@group-9696F0872FC0, cid=1340, SUCCESS, logIndex=2312, commits[325d518f-bf0d-428a-814f-266b27e759e4:c2313]
2019-06-15 10:53:04,328 INFO  client.GrpcClientProtocolClient (GrpcClientProtocolClient.java:onNext(254)) - client-09EBABE1B9AF->325d518f-bf0d-428a-814f-266b27e759e4: receive RaftClientReply:client-09EBABE1B9AF->325d518f-bf0d-428a-814f-266b27e759e4@group-9696F0872FC0, cid=1341, SUCCESS, logIndex=2314, commits[325d518f-bf0d-428a-814f-266b27e759e4:c2314]
2019-06-15 10:53:04,329 INFO  client.GrpcClientProtocolClient (GrpcClientProtocolClient.java:onNext(254)) - client-09EBABE1B9AF->325d518f-bf0d-428a-814f-266b27e759e4: receive RaftClientReply:client-09EBABE1B9AF->325d518f-bf0d-428a-814f-266b27e759e4@group-9696F0872FC0, cid=1342, SUCCESS, logIndex=2316, commits[325d518f-bf0d-428a-814f-266b27e759e4:c2316]
2019-06-15 10:53:04,331 INFO  client.GrpcClientProtocolClient (GrpcClientProtocolClient.java:onNext(254)) - client-09EBABE1B9AF->325d518f-bf0d-428a-814f-266b27e759e4: receive RaftClientReply:client-09EBABE1B9AF->325d518f-bf0d-428a-814f-266b27e759e4@group-9696F0872FC0, cid=1343, SUCCESS, logIndex=2317, commits[325d518f-bf0d-428a-814f-266b27e759e4:c2319]
2019-06-15 10:53:04,331 INFO  client.GrpcClientProtocolClient (GrpcClientProtocolClient.java:onNext(254)) - client-09EBABE1B9AF->325d518f-bf0d-428a-814f-266b27e759e4: receive RaftClientReply:client-09EBABE1B9AF->325d518f-bf0d-428a-814f-266b27e759e4@group-9696F0872FC0, cid=1344, SUCCESS, logIndex=2318, commits[325d518f-bf0d-428a-814f-266b27e759e4:c2319]
2019-06-15 10:53:04,341 INFO  client.GrpcClientProtocolClient (GrpcClientProtocolClient.java:onNext(254)) - client-09EBABE1B9AF->325d518f-bf0d-428a-814f-266b27e759e4: receive RaftClientReply:client-09EBABE1B9AF->325d518f-bf0d-428a-814f-266b27e759e4@group-9696F0872FC0, cid=1345, SUCCESS, logIndex=2320, commits[325d518f-bf0d-428a-814f-266b27e759e4:c2320]
2019-06-15 10:53:04,343 INFO  client.GrpcClientProtocolClient (GrpcClientProtocolClient.java:onNext(254)) - client-09EBABE1B9AF->325d518f-bf0d-428a-814f-266b27e759e4: receive RaftClientReply:client-09EBABE1B9AF->325d518f-bf0d-428a-814f-266b27e759e4@group-9696F0872FC0, cid=1346, SUCCESS, logIndex=2322, commits[325d518f-bf0d-428a-814f-266b27e759e4:c2322]
2019-06-15 10:53:04,344 INFO  client.GrpcClientProtocolClient (GrpcClientProtocolClient.java:onNext(254)) - client-09EBABE1B9AF->325d518f-bf0d-428a-814f-266b27e759e4: receive RaftClientReply:client-09EBABE1B9AF->325d518f-bf0d-428a-814f-266b27e759e4@group-9696F0872FC0, cid=1347, SUCCESS, logIndex=2323, commits[325d518f-bf0d-428a-814f-266b27e759e4:c2324]
2019-06-15 10:53:04,345 INFO  client.GrpcClientProtocolClient (GrpcClientProtocolClient.java:onNext(254)) - client-09EBABE1B9AF->325d518f-bf0d-428a-814f-266b27e759e4: receive RaftClientReply:client-09EBABE1B9AF->325d518f-bf0d-428a-814f-266b27e759e4@group-9696F0872FC0, cid=1348, SUCCESS, logIndex=2325, commits[325d518f-bf0d-428a-814f-266b27e759e4:c2325]
2019-06-15 10:53:04,350 INFO  client.GrpcClientProtocolClient (GrpcClientProtocolClient.java:onNext(254)) - client-09EBABE1B9AF->325d518f-bf0d-428a-814f-266b27e759e4: receive RaftClientReply:client-09EBABE1B9AF->325d518f-bf0d-428a-814f-266b27e759e4@group-9696F0872FC0, cid=1349, SUCCESS, logIndex=2327, commits[325d518f-bf0d-428a-814f-266b27e759e4:c2327]
2019-06-15 10:53:04,352 INFO  client.GrpcClientProtocolClient (GrpcClientProtocolClient.java:onNext(254)) - client-09EBABE1B9AF->325d518f-bf0d-428a-814f-266b27e759e4: receive RaftClientReply:client-09EBABE1B9AF->325d518f-bf0d-428a-814f-266b27e759e4@group-9696F0872FC0, cid=1350, SUCCESS, logIndex=2329, commits[325d518f-bf0d-428a-814f-266b27e759e4:c2329]
2019-06-15 10:53:04,352 INFO  client.GrpcClientProtocolClient (GrpcClientProtocolClient.java:onNext(254)) - client-09EBABE1B9AF->325d518f-bf0d-428a-814f-266b27e759e4: receive RaftClientReply:client-09EBABE1B9AF->325d518f-bf0d-428a-814f-266b27e759e4@group-9696F0872FC0, cid=1351, SUCCESS, logIndex=2330, commits[325d518f-bf0d-428a-814f-266b27e759e4:c2331]
2019-06-15 10:53:04,353 INFO  client.GrpcClientProtocolClient (GrpcClientProtocolClient.java:onNext(254)) - client-09EBABE1B9AF->325d518f-bf0d-428a-814f-266b27e759e4: receive RaftClientReply:client-09EBABE1B9AF->325d518f-bf0d-428a-814f-266b27e759e4@group-9696F0872FC0, cid=1352, SUCCESS, logIndex=2331, commits[325d518f-bf0d-428a-814f-266b27e759e4:c2331]
2019-06-15 10:53:04,399 DEBUG block.SCMBlockDeletingService (SCMBlockDeletingService.java:call(138)) - Running DeletedBlockTransactionScanner
2019-06-15 10:53:04,400 DEBUG block.SCMBlockDeletingService (SCMBlockDeletingService.java:call(155)) - Scanned deleted blocks log and got 0 delTX to process.
2019-06-15 10:53:04,404 INFO  client.GrpcClientProtocolClient (GrpcClientProtocolClient.java:onNext(254)) - client-09EBABE1B9AF->325d518f-bf0d-428a-814f-266b27e759e4: receive RaftClientReply:client-09EBABE1B9AF->325d518f-bf0d-428a-814f-266b27e759e4@group-9696F0872FC0, cid=1353, SUCCESS, logIndex=2334, commits[325d518f-bf0d-428a-814f-266b27e759e4:c2334]
2019-06-15 10:53:04,407 INFO  client.GrpcClientProtocolClient (GrpcClientProtocolClient.java:onNext(254)) - client-09EBABE1B9AF->325d518f-bf0d-428a-814f-266b27e759e4: receive RaftClientReply:client-09EBABE1B9AF->325d518f-bf0d-428a-814f-266b27e759e4@group-9696F0872FC0, cid=1354, SUCCESS, logIndex=2336, commits[325d518f-bf0d-428a-814f-266b27e759e4:c2336]
2019-06-15 10:53:04,407 INFO  client.GrpcClientProtocolClient (GrpcClientProtocolClient.java:onNext(254)) - client-09EBABE1B9AF->325d518f-bf0d-428a-814f-266b27e759e4: receive RaftClientReply:client-09EBABE1B9AF->325d518f-bf0d-428a-814f-266b27e759e4@group-9696F0872FC0, cid=1355, SUCCESS, logIndex=2337, commits[325d518f-bf0d-428a-814f-266b27e759e4:c2338]
2019-06-15 10:53:04,407 INFO  client.GrpcClientProtocolClient (GrpcClientProtocolClient.java:onNext(254)) - client-09EBABE1B9AF->325d518f-bf0d-428a-814f-266b27e759e4: receive RaftClientReply:client-09EBABE1B9AF->325d518f-bf0d-428a-814f-266b27e759e4@group-9696F0872FC0, cid=1356, SUCCESS, logIndex=2338, commits[325d518f-bf0d-428a-814f-266b27e759e4:c2338]
2019-06-15 10:53:04,413 INFO  client.GrpcClientProtocolClient (GrpcClientProtocolClient.java:onNext(254)) - client-09EBABE1B9AF->325d518f-bf0d-428a-814f-266b27e759e4: receive RaftClientReply:client-09EBABE1B9AF->325d518f-bf0d-428a-814f-266b27e759e4@group-9696F0872FC0, cid=1357, SUCCESS, logIndex=2341, commits[325d518f-bf0d-428a-814f-266b27e759e4:c2341]
2019-06-15 10:53:04,414 INFO  client.GrpcClientProtocolClient (GrpcClientProtocolClient.java:onNext(254)) - client-09EBABE1B9AF->325d518f-bf0d-428a-814f-266b27e759e4: receive RaftClientReply:client-09EBABE1B9AF->325d518f-bf0d-428a-814f-266b27e759e4@group-9696F0872FC0, cid=1358, SUCCESS, logIndex=2343, commits[325d518f-bf0d-428a-814f-266b27e759e4:c2343]
2019-06-15 10:53:04,416 INFO  client.GrpcClientProtocolClient (GrpcClientProtocolClient.java:onNext(254)) - client-09EBABE1B9AF->325d518f-bf0d-428a-814f-266b27e759e4: receive RaftClientReply:client-09EBABE1B9AF->325d518f-bf0d-428a-814f-266b27e759e4@group-9696F0872FC0, cid=1359, SUCCESS, logIndex=2344, commits[325d518f-bf0d-428a-814f-266b27e759e4:c2346]
2019-06-15 10:53:04,416 INFO  client.GrpcClientProtocolClient (GrpcClientProtocolClient.java:onNext(254)) - client-09EBABE1B9AF->325d518f-bf0d-428a-814f-266b27e759e4: receive RaftClientReply:client-09EBABE1B9AF->325d518f-bf0d-428a-814f-266b27e759e4@group-9696F0872FC0, cid=1360, SUCCESS, logIndex=2345, commits[325d518f-bf0d-428a-814f-266b27e759e4:c2346]
2019-06-15 10:53:04,424 INFO  client.GrpcClientProtocolClient (GrpcClientProtocolClient.java:onNext(254)) - client-09EBABE1B9AF->325d518f-bf0d-428a-814f-266b27e759e4: receive RaftClientReply:client-09EBABE1B9AF->325d518f-bf0d-428a-814f-266b27e759e4@group-9696F0872FC0, cid=1361, SUCCESS, logIndex=2347, commits[325d518f-bf0d-428a-814f-266b27e759e4:c2347]
2019-06-15 10:53:04,425 INFO  client.GrpcClientProtocolClient (GrpcClientProtocolClient.java:onNext(254)) - client-09EBABE1B9AF->325d518f-bf0d-428a-814f-266b27e759e4: receive RaftClientReply:client-09EBABE1B9AF->325d518f-bf0d-428a-814f-266b27e759e4@group-9696F0872FC0, cid=1362, SUCCESS, logIndex=2349, commits[325d518f-bf0d-428a-814f-266b27e759e4:c2349]
2019-06-15 10:53:04,427 INFO  client.GrpcClientProtocolClient (GrpcClientProtocolClient.java:onNext(254)) - client-09EBABE1B9AF->325d518f-bf0d-428a-814f-266b27e759e4: receive RaftClientReply:client-09EBABE1B9AF->325d518f-bf0d-428a-814f-266b27e759e4@group-9696F0872FC0, cid=1363, SUCCESS, logIndex=2350, commits[325d518f-bf0d-428a-814f-266b27e759e4:c2352]
2019-06-15 10:53:04,427 INFO  client.GrpcClientProtocolClient (GrpcClientProtocolClient.java:onNext(254)) - client-09EBABE1B9AF->325d518f-bf0d-428a-814f-266b27e759e4: receive RaftClientReply:client-09EBABE1B9AF->325d518f-bf0d-428a-814f-266b27e759e4@group-9696F0872FC0, cid=1364, SUCCESS, logIndex=2351, commits[325d518f-bf0d-428a-814f-266b27e759e4:c2352]
2019-06-15 10:53:04,432 INFO  client.GrpcClientProtocolClient (GrpcClientProtocolClient.java:onNext(254)) - client-09EBABE1B9AF->325d518f-bf0d-428a-814f-266b27e759e4: receive RaftClientReply:client-09EBABE1B9AF->325d518f-bf0d-428a-814f-266b27e759e4@group-9696F0872FC0, cid=1365, SUCCESS, logIndex=2353, commits[325d518f-bf0d-428a-814f-266b27e759e4:c2353]
2019-06-15 10:53:04,435 INFO  client.GrpcClientProtocolClient (GrpcClientProtocolClient.java:onNext(254)) - client-09EBABE1B9AF->325d518f-bf0d-428a-814f-266b27e759e4: receive RaftClientReply:client-09EBABE1B9AF->325d518f-bf0d-428a-814f-266b27e759e4@group-9696F0872FC0, cid=1366, SUCCESS, logIndex=2355, commits[325d518f-bf0d-428a-814f-266b27e759e4:c2357]
2019-06-15 10:53:04,435 INFO  client.GrpcClientProtocolClient (GrpcClientProtocolClient.java:onNext(254)) - client-09EBABE1B9AF->325d518f-bf0d-428a-814f-266b27e759e4: receive RaftClientReply:client-09EBABE1B9AF->325d518f-bf0d-428a-814f-266b27e759e4@group-9696F0872FC0, cid=1367, SUCCESS, logIndex=2356, commits[325d518f-bf0d-428a-814f-266b27e759e4:c2357]
2019-06-15 10:53:04,436 INFO  client.GrpcClientProtocolClient (GrpcClientProtocolClient.java:onNext(254)) - client-09EBABE1B9AF->325d518f-bf0d-428a-814f-266b27e759e4: receive RaftClientReply:client-09EBABE1B9AF->325d518f-bf0d-428a-814f-266b27e759e4@group-9696F0872FC0, cid=1368, SUCCESS, logIndex=2357, commits[325d518f-bf0d-428a-814f-266b27e759e4:c2357]
2019-06-15 10:53:04,445 INFO  client.GrpcClientProtocolClient (GrpcClientProtocolClient.java:onNext(254)) - client-09EBABE1B9AF->325d518f-bf0d-428a-814f-266b27e759e4: receive RaftClientReply:client-09EBABE1B9AF->325d518f-bf0d-428a-814f-266b27e759e4@group-9696F0872FC0, cid=1369, SUCCESS, logIndex=2360, commits[325d518f-bf0d-428a-814f-266b27e759e4:c2360]
2019-06-15 10:53:04,446 INFO  client.GrpcClientProtocolClient (GrpcClientProtocolClient.java:onNext(254)) - client-09EBABE1B9AF->325d518f-bf0d-428a-814f-266b27e759e4: receive RaftClientReply:client-09EBABE1B9AF->325d518f-bf0d-428a-814f-266b27e759e4@group-9696F0872FC0, cid=1370, SUCCESS, logIndex=2362, commits[325d518f-bf0d-428a-814f-266b27e759e4:c2362]
2019-06-15 10:53:04,500 DEBUG block.SCMBlockDeletingService (SCMBlockDeletingService.java:call(138)) - Running DeletedBlockTransactionScanner
2019-06-15 10:53:04,500 DEBUG block.SCMBlockDeletingService (SCMBlockDeletingService.java:call(155)) - Scanned deleted blocks log and got 0 delTX to process.
2019-06-15 10:53:04,509 INFO  storage.RaftLogWorker (RaftLogWorker.java:rollLogSegment(303)) - 325d518f-bf0d-428a-814f-266b27e759e4-RaftLogWorker: Rolling segment log-2292_2363 to index:2363
2019-06-15 10:53:04,510 INFO  storage.RaftLogWorker (RaftLogWorker.java:execute(433)) - 325d518f-bf0d-428a-814f-266b27e759e4-RaftLogWorker: Rolled log segment from /opt/src/hadoop-ozone/integration-test/target/test-dir/MiniOzoneClusterImpl-dd99cefe-9779-4043-9d74-181b69d2a827/datanode-0/data/ratis/e0f1d9ef-e225-4b24-a786-9696f0872fc0/current/log_inprogress_2292 to /opt/src/hadoop-ozone/integration-test/target/test-dir/MiniOzoneClusterImpl-dd99cefe-9779-4043-9d74-181b69d2a827/datanode-0/data/ratis/e0f1d9ef-e225-4b24-a786-9696f0872fc0/current/log_2292-2363
2019-06-15 10:53:04,545 INFO  storage.RaftLogWorker (RaftLogWorker.java:execute(469)) - 325d518f-bf0d-428a-814f-266b27e759e4-RaftLogWorker: created new log segment /opt/src/hadoop-ozone/integration-test/target/test-dir/MiniOzoneClusterImpl-dd99cefe-9779-4043-9d74-181b69d2a827/datanode-0/data/ratis/e0f1d9ef-e225-4b24-a786-9696f0872fc0/current/log_inprogress_2364
2019-06-15 10:53:04,546 INFO  client.GrpcClientProtocolClient (GrpcClientProtocolClient.java:onNext(254)) - client-09EBABE1B9AF->325d518f-bf0d-428a-814f-266b27e759e4: receive RaftClientReply:client-09EBABE1B9AF->325d518f-bf0d-428a-814f-266b27e759e4@group-9696F0872FC0, cid=1371, SUCCESS, logIndex=2364, commits[325d518f-bf0d-428a-814f-266b27e759e4:c2364]
2019-06-15 10:53:04,548 INFO  client.GrpcClientProtocolClient (GrpcClientProtocolClient.java:onNext(254)) - client-09EBABE1B9AF->325d518f-bf0d-428a-814f-266b27e759e4: receive RaftClientReply:client-09EBABE1B9AF->325d518f-bf0d-428a-814f-266b27e759e4@group-9696F0872FC0, cid=1372, SUCCESS, logIndex=2366, commits[325d518f-bf0d-428a-814f-266b27e759e4:c2366]
2019-06-15 10:53:04,554 INFO  client.GrpcClientProtocolClient (GrpcClientProtocolClient.java:onNext(254)) - client-09EBABE1B9AF->325d518f-bf0d-428a-814f-266b27e759e4: receive RaftClientReply:client-09EBABE1B9AF->325d518f-bf0d-428a-814f-266b27e759e4@group-9696F0872FC0, cid=1373, SUCCESS, logIndex=2368, commits[325d518f-bf0d-428a-814f-266b27e759e4:c2368]
2019-06-15 10:53:04,556 INFO  client.GrpcClientProtocolClient (GrpcClientProtocolClient.java:onNext(254)) - client-09EBABE1B9AF->325d518f-bf0d-428a-814f-266b27e759e4: receive RaftClientReply:client-09EBABE1B9AF->325d518f-bf0d-428a-814f-266b27e759e4@group-9696F0872FC0, cid=1374, SUCCESS, logIndex=2370, commits[325d518f-bf0d-428a-814f-266b27e759e4:c2370]
2019-06-15 10:53:04,557 INFO  client.GrpcClientProtocolClient (GrpcClientProtocolClient.java:onNext(254)) - client-09EBABE1B9AF->325d518f-bf0d-428a-814f-266b27e759e4: receive RaftClientReply:client-09EBABE1B9AF->325d518f-bf0d-428a-814f-266b27e759e4@group-9696F0872FC0, cid=1375, SUCCESS, logIndex=2371, commits[325d518f-bf0d-428a-814f-266b27e759e4:c2373]
2019-06-15 10:53:04,558 INFO  client.GrpcClientProtocolClient (GrpcClientProtocolClient.java:onNext(254)) - client-09EBABE1B9AF->325d518f-bf0d-428a-814f-266b27e759e4: receive RaftClientReply:client-09EBABE1B9AF->325d518f-bf0d-428a-814f-266b27e759e4@group-9696F0872FC0, cid=1376, SUCCESS, logIndex=2373, commits[325d518f-bf0d-428a-814f-266b27e759e4:c2373]
2019-06-15 10:53:04,567 INFO  client.GrpcClientProtocolClient (GrpcClientProtocolClient.java:onNext(254)) - client-09EBABE1B9AF->325d518f-bf0d-428a-814f-266b27e759e4: receive RaftClientReply:client-09EBABE1B9AF->325d518f-bf0d-428a-814f-266b27e759e4@group-9696F0872FC0, cid=1377, SUCCESS, logIndex=2375, commits[325d518f-bf0d-428a-814f-266b27e759e4:c2375]
2019-06-15 10:53:04,569 INFO  client.GrpcClientProtocolClient (GrpcClientProtocolClient.java:onNext(254)) - client-09EBABE1B9AF->325d518f-bf0d-428a-814f-266b27e759e4: receive RaftClientReply:client-09EBABE1B9AF->325d518f-bf0d-428a-814f-266b27e759e4@group-9696F0872FC0, cid=1378, SUCCESS, logIndex=2377, commits[325d518f-bf0d-428a-814f-266b27e759e4:c2377]
2019-06-15 10:53:04,569 INFO  client.GrpcClientProtocolClient (GrpcClientProtocolClient.java:onNext(254)) - client-09EBABE1B9AF->325d518f-bf0d-428a-814f-266b27e759e4: receive RaftClientReply:client-09EBABE1B9AF->325d518f-bf0d-428a-814f-266b27e759e4@group-9696F0872FC0, cid=1379, SUCCESS, logIndex=2378, commits[325d518f-bf0d-428a-814f-266b27e759e4:c2379]
2019-06-15 10:53:04,570 INFO  client.GrpcClientProtocolClient (GrpcClientProtocolClient.java:onNext(254)) - client-09EBABE1B9AF->325d518f-bf0d-428a-814f-266b27e759e4: receive RaftClientReply:client-09EBABE1B9AF->325d518f-bf0d-428a-814f-266b27e759e4@group-9696F0872FC0, cid=1380, SUCCESS, logIndex=2379, commits[325d518f-bf0d-428a-814f-266b27e759e4:c2380]
2019-06-15 10:53:04,575 INFO  client.GrpcClientProtocolClient (GrpcClientProtocolClient.java:onNext(254)) - client-09EBABE1B9AF->325d518f-bf0d-428a-814f-266b27e759e4: receive RaftClientReply:client-09EBABE1B9AF->325d518f-bf0d-428a-814f-266b27e759e4@group-9696F0872FC0, cid=1381, SUCCESS, logIndex=2382, commits[325d518f-bf0d-428a-814f-266b27e759e4:c2382]
2019-06-15 10:53:04,576 INFO  client.GrpcClientProtocolClient (GrpcClientProtocolClient.java:onNext(254)) - client-09EBABE1B9AF->325d518f-bf0d-428a-814f-266b27e759e4: receive RaftClientReply:client-09EBABE1B9AF->325d518f-bf0d-428a-814f-266b27e759e4@group-9696F0872FC0, cid=1382, SUCCESS, logIndex=2384, commits[325d518f-bf0d-428a-814f-266b27e759e4:c2384]
2019-06-15 10:53:04,577 INFO  client.GrpcClientProtocolClient (GrpcClientProtocolClient.java:onNext(254)) - client-09EBABE1B9AF->325d518f-bf0d-428a-814f-266b27e759e4: receive RaftClientReply:client-09EBABE1B9AF->325d518f-bf0d-428a-814f-266b27e759e4@group-9696F0872FC0, cid=1383, SUCCESS, logIndex=2385, commits[325d518f-bf0d-428a-814f-266b27e759e4:c2387]
2019-06-15 10:53:04,577 INFO  client.GrpcClientProtocolClient (GrpcClientProtocolClient.java:onNext(254)) - client-09EBABE1B9AF->325d518f-bf0d-428a-814f-266b27e759e4: receive RaftClientReply:client-09EBABE1B9AF->325d518f-bf0d-428a-814f-266b27e759e4@group-9696F0872FC0, cid=1384, SUCCESS, logIndex=2386, commits[325d518f-bf0d-428a-814f-266b27e759e4:c2387]
2019-06-15 10:53:04,586 INFO  client.GrpcClientProtocolClient (GrpcClientProtocolClient.java:onNext(254)) - client-09EBABE1B9AF->325d518f-bf0d-428a-814f-266b27e759e4: receive RaftClientReply:client-09EBABE1B9AF->325d518f-bf0d-428a-814f-266b27e759e4@group-9696F0872FC0, cid=1385, SUCCESS, logIndex=2388, commits[325d518f-bf0d-428a-814f-266b27e759e4:c2388]
2019-06-15 10:53:04,588 INFO  client.GrpcClientProtocolClient (GrpcClientProtocolClient.java:onNext(254)) - client-09EBABE1B9AF->325d518f-bf0d-428a-814f-266b27e759e4: receive RaftClientReply:client-09EBABE1B9AF->325d518f-bf0d-428a-814f-266b27e759e4@group-9696F0872FC0, cid=1386, SUCCESS, logIndex=2390, commits[325d518f-bf0d-428a-814f-266b27e759e4:c2390]
2019-06-15 10:53:04,588 INFO  client.GrpcClientProtocolClient (GrpcClientProtocolClient.java:onNext(254)) - client-09EBABE1B9AF->325d518f-bf0d-428a-814f-266b27e759e4: receive RaftClientReply:client-09EBABE1B9AF->325d518f-bf0d-428a-814f-266b27e759e4@group-9696F0872FC0, cid=1387, SUCCESS, logIndex=2391, commits[325d518f-bf0d-428a-814f-266b27e759e4:c2392]
2019-06-15 10:53:04,589 INFO  client.GrpcClientProtocolClient (GrpcClientProtocolClient.java:onNext(254)) - client-09EBABE1B9AF->325d518f-bf0d-428a-814f-266b27e759e4: receive RaftClientReply:client-09EBABE1B9AF->325d518f-bf0d-428a-814f-266b27e759e4@group-9696F0872FC0, cid=1388, SUCCESS, logIndex=2392, commits[325d518f-bf0d-428a-814f-266b27e759e4:c2392]
2019-06-15 10:53:04,594 INFO  client.GrpcClientProtocolClient (GrpcClientProtocolClient.java:onNext(254)) - client-09EBABE1B9AF->325d518f-bf0d-428a-814f-266b27e759e4: receive RaftClientReply:client-09EBABE1B9AF->325d518f-bf0d-428a-814f-266b27e759e4@group-9696F0872FC0, cid=1389, SUCCESS, logIndex=2395, commits[325d518f-bf0d-428a-814f-266b27e759e4:c2395]
2019-06-15 10:53:04,595 INFO  client.GrpcClientProtocolClient (GrpcClientProtocolClient.java:onNext(254)) - client-09EBABE1B9AF->325d518f-bf0d-428a-814f-266b27e759e4: receive RaftClientReply:client-09EBABE1B9AF->325d518f-bf0d-428a-814f-266b27e759e4@group-9696F0872FC0, cid=1390, SUCCESS, logIndex=2397, commits[325d518f-bf0d-428a-814f-266b27e759e4:c2397]
2019-06-15 10:53:04,596 INFO  client.GrpcClientProtocolClient (GrpcClientProtocolClient.java:onNext(254)) - client-09EBABE1B9AF->325d518f-bf0d-428a-814f-266b27e759e4: receive RaftClientReply:client-09EBABE1B9AF->325d518f-bf0d-428a-814f-266b27e759e4@group-9696F0872FC0, cid=1391, SUCCESS, logIndex=2398, commits[325d518f-bf0d-428a-814f-266b27e759e4:c2400]
2019-06-15 10:53:04,597 INFO  client.GrpcClientProtocolClient (GrpcClientProtocolClient.java:onNext(254)) - client-09EBABE1B9AF->325d518f-bf0d-428a-814f-266b27e759e4: receive RaftClientReply:client-09EBABE1B9AF->325d518f-bf0d-428a-814f-266b27e759e4@group-9696F0872FC0, cid=1392, SUCCESS, logIndex=2399, commits[325d518f-bf0d-428a-814f-266b27e759e4:c2400]
2019-06-15 10:53:04,600 DEBUG block.SCMBlockDeletingService (SCMBlockDeletingService.java:call(138)) - Running DeletedBlockTransactionScanner
2019-06-15 10:53:04,600 DEBUG block.SCMBlockDeletingService (SCMBlockDeletingService.java:call(155)) - Scanned deleted blocks log and got 0 delTX to process.
2019-06-15 10:53:04,605 INFO  client.GrpcClientProtocolClient (GrpcClientProtocolClient.java:onNext(254)) - client-09EBABE1B9AF->325d518f-bf0d-428a-814f-266b27e759e4: receive RaftClientReply:client-09EBABE1B9AF->325d518f-bf0d-428a-814f-266b27e759e4@group-9696F0872FC0, cid=1393, SUCCESS, logIndex=2401, commits[325d518f-bf0d-428a-814f-266b27e759e4:c2401]
2019-06-15 10:53:04,606 INFO  client.GrpcClientProtocolClient (GrpcClientProtocolClient.java:onNext(254)) - client-09EBABE1B9AF->325d518f-bf0d-428a-814f-266b27e759e4: receive RaftClientReply:client-09EBABE1B9AF->325d518f-bf0d-428a-814f-266b27e759e4@group-9696F0872FC0, cid=1394, SUCCESS, logIndex=2403, commits[325d518f-bf0d-428a-814f-266b27e759e4:c2403]
2019-06-15 10:53:04,608 INFO  client.GrpcClientProtocolClient (GrpcClientProtocolClient.java:onNext(254)) - client-09EBABE1B9AF->325d518f-bf0d-428a-814f-266b27e759e4: receive RaftClientReply:client-09EBABE1B9AF->325d518f-bf0d-428a-814f-266b27e759e4@group-9696F0872FC0, cid=1395, SUCCESS, logIndex=2404, commits[325d518f-bf0d-428a-814f-266b27e759e4:c2406]
2019-06-15 10:53:04,610 INFO  client.GrpcClientProtocolClient (GrpcClientProtocolClient.java:onNext(254)) - client-09EBABE1B9AF->325d518f-bf0d-428a-814f-266b27e759e4: receive RaftClientReply:client-09EBABE1B9AF->325d518f-bf0d-428a-814f-266b27e759e4@group-9696F0872FC0, cid=1396, SUCCESS, logIndex=2405, commits[325d518f-bf0d-428a-814f-266b27e759e4:c2406]
2019-06-15 10:53:04,616 INFO  client.GrpcClientProtocolClient (GrpcClientProtocolClient.java:onNext(254)) - client-09EBABE1B9AF->325d518f-bf0d-428a-814f-266b27e759e4: receive RaftClientReply:client-09EBABE1B9AF->325d518f-bf0d-428a-814f-266b27e759e4@group-9696F0872FC0, cid=1397, SUCCESS, logIndex=2407, commits[325d518f-bf0d-428a-814f-266b27e759e4:c2407]
2019-06-15 10:53:04,617 INFO  client.GrpcClientProtocolClient (GrpcClientProtocolClient.java:onNext(254)) - client-09EBABE1B9AF->325d518f-bf0d-428a-814f-266b27e759e4: receive RaftClientReply:client-09EBABE1B9AF->325d518f-bf0d-428a-814f-266b27e759e4@group-9696F0872FC0, cid=1398, SUCCESS, logIndex=2409, commits[325d518f-bf0d-428a-814f-266b27e759e4:c2409]
2019-06-15 10:53:04,618 INFO  client.GrpcClientProtocolClient (GrpcClientProtocolClient.java:onNext(254)) - client-09EBABE1B9AF->325d518f-bf0d-428a-814f-266b27e759e4: receive RaftClientReply:client-09EBABE1B9AF->325d518f-bf0d-428a-814f-266b27e759e4@group-9696F0872FC0, cid=1399, SUCCESS, logIndex=2410, commits[325d518f-bf0d-428a-814f-266b27e759e4:c2412]
2019-06-15 10:53:04,620 INFO  client.GrpcClientProtocolClient (GrpcClientProtocolClient.java:onNext(254)) - client-09EBABE1B9AF->325d518f-bf0d-428a-814f-266b27e759e4: receive RaftClientReply:client-09EBABE1B9AF->325d518f-bf0d-428a-814f-266b27e759e4@group-9696F0872FC0, cid=1400, SUCCESS, logIndex=2412, commits[325d518f-bf0d-428a-814f-266b27e759e4:c2412]
2019-06-15 10:53:04,629 INFO  client.GrpcClientProtocolClient (GrpcClientProtocolClient.java:onNext(254)) - client-09EBABE1B9AF->325d518f-bf0d-428a-814f-266b27e759e4: receive RaftClientReply:client-09EBABE1B9AF->325d518f-bf0d-428a-814f-266b27e759e4@group-9696F0872FC0, cid=1401, SUCCESS, logIndex=2414, commits[325d518f-bf0d-428a-814f-266b27e759e4:c2414]
2019-06-15 10:53:04,630 INFO  client.GrpcClientProtocolClient (GrpcClientProtocolClient.java:onNext(254)) - client-09EBABE1B9AF->325d518f-bf0d-428a-814f-266b27e759e4: receive RaftClientReply:client-09EBABE1B9AF->325d518f-bf0d-428a-814f-266b27e759e4@group-9696F0872FC0, cid=1402, SUCCESS, logIndex=2416, commits[325d518f-bf0d-428a-814f-266b27e759e4:c2416]
2019-06-15 10:53:04,631 INFO  client.GrpcClientProtocolClient (GrpcClientProtocolClient.java:onNext(254)) - client-09EBABE1B9AF->325d518f-bf0d-428a-814f-266b27e759e4: receive RaftClientReply:client-09EBABE1B9AF->325d518f-bf0d-428a-814f-266b27e759e4@group-9696F0872FC0, cid=1403, SUCCESS, logIndex=2417, commits[325d518f-bf0d-428a-814f-266b27e759e4:c2419]
2019-06-15 10:53:04,632 INFO  client.GrpcClientProtocolClient (GrpcClientProtocolClient.java:onNext(254)) - client-09EBABE1B9AF->325d518f-bf0d-428a-814f-266b27e759e4: receive RaftClientReply:client-09EBABE1B9AF->325d518f-bf0d-428a-814f-266b27e759e4@group-9696F0872FC0, cid=1404, SUCCESS, logIndex=2418, commits[325d518f-bf0d-428a-814f-266b27e759e4:c2419]
2019-06-15 10:53:04,638 INFO  client.GrpcClientProtocolClient (GrpcClientProtocolClient.java:onNext(254)) - client-09EBABE1B9AF->325d518f-bf0d-428a-814f-266b27e759e4: receive RaftClientReply:client-09EBABE1B9AF->325d518f-bf0d-428a-814f-266b27e759e4@group-9696F0872FC0, cid=1405, SUCCESS, logIndex=2420, commits[325d518f-bf0d-428a-814f-266b27e759e4:c2420]
2019-06-15 10:53:04,639 INFO  client.GrpcClientProtocolClient (GrpcClientProtocolClient.java:onNext(254)) - client-09EBABE1B9AF->325d518f-bf0d-428a-814f-266b27e759e4: receive RaftClientReply:client-09EBABE1B9AF->325d518f-bf0d-428a-814f-266b27e759e4@group-9696F0872FC0, cid=1406, SUCCESS, logIndex=2422, commits[325d518f-bf0d-428a-814f-266b27e759e4:c2422]
2019-06-15 10:53:04,644 INFO  client.GrpcClientProtocolClient (GrpcClientProtocolClient.java:onNext(254)) - client-09EBABE1B9AF->325d518f-bf0d-428a-814f-266b27e759e4: receive RaftClientReply:client-09EBABE1B9AF->325d518f-bf0d-428a-814f-266b27e759e4@group-9696F0872FC0, cid=1407, SUCCESS, logIndex=2423, commits[325d518f-bf0d-428a-814f-266b27e759e4:c2424]
2019-06-15 10:53:04,645 INFO  client.GrpcClientProtocolClient (GrpcClientProtocolClient.java:onNext(254)) - client-09EBABE1B9AF->325d518f-bf0d-428a-814f-266b27e759e4: receive RaftClientReply:client-09EBABE1B9AF->325d518f-bf0d-428a-814f-266b27e759e4@group-9696F0872FC0, cid=1408, SUCCESS, logIndex=2424, commits[325d518f-bf0d-428a-814f-266b27e759e4:c2425]
2019-06-15 10:53:04,658 INFO  client.GrpcClientProtocolClient (GrpcClientProtocolClient.java:onNext(254)) - client-09EBABE1B9AF->325d518f-bf0d-428a-814f-266b27e759e4: receive RaftClientReply:client-09EBABE1B9AF->325d518f-bf0d-428a-814f-266b27e759e4@group-9696F0872FC0, cid=1409, SUCCESS, logIndex=2427, commits[325d518f-bf0d-428a-814f-266b27e759e4:c2427]
2019-06-15 10:53:04,660 INFO  client.GrpcClientProtocolClient (GrpcClientProtocolClient.java:onNext(254)) - client-09EBABE1B9AF->325d518f-bf0d-428a-814f-266b27e759e4: receive RaftClientReply:client-09EBABE1B9AF->325d518f-bf0d-428a-814f-266b27e759e4@group-9696F0872FC0, cid=1410, SUCCESS, logIndex=2429, commits[325d518f-bf0d-428a-814f-266b27e759e4:c2429]
2019-06-15 10:53:04,661 INFO  client.GrpcClientProtocolClient (GrpcClientProtocolClient.java:onNext(254)) - client-09EBABE1B9AF->325d518f-bf0d-428a-814f-266b27e759e4: receive RaftClientReply:client-09EBABE1B9AF->325d518f-bf0d-428a-814f-266b27e759e4@group-9696F0872FC0, cid=1411, SUCCESS, logIndex=2430, commits[325d518f-bf0d-428a-814f-266b27e759e4:c2431]
2019-06-15 10:53:04,661 INFO  client.GrpcClientProtocolClient (GrpcClientProtocolClient.java:onNext(254)) - client-09EBABE1B9AF->325d518f-bf0d-428a-814f-266b27e759e4: receive RaftClientReply:client-09EBABE1B9AF->325d518f-bf0d-428a-814f-266b27e759e4@group-9696F0872FC0, cid=1412, SUCCESS, logIndex=2431, commits[325d518f-bf0d-428a-814f-266b27e759e4:c2431]
2019-06-15 10:53:04,667 INFO  client.GrpcClientProtocolClient (GrpcClientProtocolClient.java:onNext(254)) - client-09EBABE1B9AF->325d518f-bf0d-428a-814f-266b27e759e4: receive RaftClientReply:client-09EBABE1B9AF->325d518f-bf0d-428a-814f-266b27e759e4@group-9696F0872FC0, cid=1413, SUCCESS, logIndex=2434, commits[325d518f-bf0d-428a-814f-266b27e759e4:c2434]
2019-06-15 10:53:04,667 INFO  storage.RaftLogWorker (RaftLogWorker.java:rollLogSegment(303)) - 325d518f-bf0d-428a-814f-266b27e759e4-RaftLogWorker: Rolling segment log-2364_2435 to index:2435
2019-06-15 10:53:04,667 INFO  storage.RaftLogWorker (RaftLogWorker.java:execute(433)) - 325d518f-bf0d-428a-814f-266b27e759e4-RaftLogWorker: Rolled log segment from /opt/src/hadoop-ozone/integration-test/target/test-dir/MiniOzoneClusterImpl-dd99cefe-9779-4043-9d74-181b69d2a827/datanode-0/data/ratis/e0f1d9ef-e225-4b24-a786-9696f0872fc0/current/log_inprogress_2364 to /opt/src/hadoop-ozone/integration-test/target/test-dir/MiniOzoneClusterImpl-dd99cefe-9779-4043-9d74-181b69d2a827/datanode-0/data/ratis/e0f1d9ef-e225-4b24-a786-9696f0872fc0/current/log_2364-2435
2019-06-15 10:53:04,701 DEBUG block.SCMBlockDeletingService (SCMBlockDeletingService.java:call(138)) - Running DeletedBlockTransactionScanner
2019-06-15 10:53:04,701 DEBUG block.SCMBlockDeletingService (SCMBlockDeletingService.java:call(155)) - Scanned deleted blocks log and got 0 delTX to process.
2019-06-15 10:53:04,703 INFO  storage.RaftLogWorker (RaftLogWorker.java:execute(469)) - 325d518f-bf0d-428a-814f-266b27e759e4-RaftLogWorker: created new log segment /opt/src/hadoop-ozone/integration-test/target/test-dir/MiniOzoneClusterImpl-dd99cefe-9779-4043-9d74-181b69d2a827/datanode-0/data/ratis/e0f1d9ef-e225-4b24-a786-9696f0872fc0/current/log_inprogress_2436
2019-06-15 10:53:04,705 INFO  client.GrpcClientProtocolClient (GrpcClientProtocolClient.java:onNext(254)) - client-09EBABE1B9AF->325d518f-bf0d-428a-814f-266b27e759e4: receive RaftClientReply:client-09EBABE1B9AF->325d518f-bf0d-428a-814f-266b27e759e4@group-9696F0872FC0, cid=1414, SUCCESS, logIndex=2436, commits[325d518f-bf0d-428a-814f-266b27e759e4:c2436]
2019-06-15 10:53:04,737 INFO  client.GrpcClientProtocolClient (GrpcClientProtocolClient.java:onNext(254)) - client-09EBABE1B9AF->325d518f-bf0d-428a-814f-266b27e759e4: receive RaftClientReply:client-09EBABE1B9AF->325d518f-bf0d-428a-814f-266b27e759e4@group-9696F0872FC0, cid=1415, SUCCESS, logIndex=2438, commits[325d518f-bf0d-428a-814f-266b27e759e4:c2438]
2019-06-15 10:53:04,738 INFO  client.GrpcClientProtocolClient (GrpcClientProtocolClient.java:onNext(254)) - client-09EBABE1B9AF->325d518f-bf0d-428a-814f-266b27e759e4: receive RaftClientReply:client-09EBABE1B9AF->325d518f-bf0d-428a-814f-266b27e759e4@group-9696F0872FC0, cid=1416, SUCCESS, logIndex=2440, commits[325d518f-bf0d-428a-814f-266b27e759e4:c2440]
2019-06-15 10:53:04,746 INFO  client.GrpcClientProtocolClient (GrpcClientProtocolClient.java:onNext(254)) - client-09EBABE1B9AF->325d518f-bf0d-428a-814f-266b27e759e4: receive RaftClientReply:client-09EBABE1B9AF->325d518f-bf0d-428a-814f-266b27e759e4@group-9696F0872FC0, cid=1417, SUCCESS, logIndex=2442, commits[325d518f-bf0d-428a-814f-266b27e759e4:c2442]
2019-06-15 10:53:04,747 INFO  client.GrpcClientProtocolClient (GrpcClientProtocolClient.java:onNext(254)) - client-09EBABE1B9AF->325d518f-bf0d-428a-814f-266b27e759e4: receive RaftClientReply:client-09EBABE1B9AF->325d518f-bf0d-428a-814f-266b27e759e4@group-9696F0872FC0, cid=1418, SUCCESS, logIndex=2444, commits[325d518f-bf0d-428a-814f-266b27e759e4:c2444]
2019-06-15 10:53:04,749 INFO  client.GrpcClientProtocolClient (GrpcClientProtocolClient.java:onNext(254)) - client-09EBABE1B9AF->325d518f-bf0d-428a-814f-266b27e759e4: receive RaftClientReply:client-09EBABE1B9AF->325d518f-bf0d-428a-814f-266b27e759e4@group-9696F0872FC0, cid=1419, SUCCESS, logIndex=2445, commits[325d518f-bf0d-428a-814f-266b27e759e4:c2447]
2019-06-15 10:53:04,749 INFO  client.GrpcClientProtocolClient (GrpcClientProtocolClient.java:onNext(254)) - client-09EBABE1B9AF->325d518f-bf0d-428a-814f-266b27e759e4: receive RaftClientReply:client-09EBABE1B9AF->325d518f-bf0d-428a-814f-266b27e759e4@group-9696F0872FC0, cid=1420, SUCCESS, logIndex=2446, commits[325d518f-bf0d-428a-814f-266b27e759e4:c2447]
2019-06-15 10:53:04,754 INFO  client.GrpcClientProtocolClient (GrpcClientProtocolClient.java:onNext(254)) - client-09EBABE1B9AF->325d518f-bf0d-428a-814f-266b27e759e4: receive RaftClientReply:client-09EBABE1B9AF->325d518f-bf0d-428a-814f-266b27e759e4@group-9696F0872FC0, cid=1421, SUCCESS, logIndex=2448, commits[325d518f-bf0d-428a-814f-266b27e759e4:c2448]
2019-06-15 10:53:04,755 INFO  client.GrpcClientProtocolClient (GrpcClientProtocolClient.java:onNext(254)) - client-09EBABE1B9AF->325d518f-bf0d-428a-814f-266b27e759e4: receive RaftClientReply:client-09EBABE1B9AF->325d518f-bf0d-428a-814f-266b27e759e4@group-9696F0872FC0, cid=1422, SUCCESS, logIndex=2450, commits[325d518f-bf0d-428a-814f-266b27e759e4:c2450]
2019-06-15 10:53:04,757 INFO  client.GrpcClientProtocolClient (GrpcClientProtocolClient.java:onNext(254)) - client-09EBABE1B9AF->325d518f-bf0d-428a-814f-266b27e759e4: receive RaftClientReply:client-09EBABE1B9AF->325d518f-bf0d-428a-814f-266b27e759e4@group-9696F0872FC0, cid=1423, SUCCESS, logIndex=2451, commits[325d518f-bf0d-428a-814f-266b27e759e4:c2453]
2019-06-15 10:53:04,757 INFO  client.GrpcClientProtocolClient (GrpcClientProtocolClient.java:onNext(254)) - client-09EBABE1B9AF->325d518f-bf0d-428a-814f-266b27e759e4: receive RaftClientReply:client-09EBABE1B9AF->325d518f-bf0d-428a-814f-266b27e759e4@group-9696F0872FC0, cid=1424, SUCCESS, logIndex=2452, commits[325d518f-bf0d-428a-814f-266b27e759e4:c2453]
2019-06-15 10:53:04,801 DEBUG block.SCMBlockDeletingService (SCMBlockDeletingService.java:call(138)) - Running DeletedBlockTransactionScanner
2019-06-15 10:53:04,801 DEBUG block.SCMBlockDeletingService (SCMBlockDeletingService.java:call(155)) - Scanned deleted blocks log and got 0 delTX to process.
2019-06-15 10:53:04,807 INFO  client.GrpcClientProtocolClient (GrpcClientProtocolClient.java:onNext(254)) - client-09EBABE1B9AF->325d518f-bf0d-428a-814f-266b27e759e4: receive RaftClientReply:client-09EBABE1B9AF->325d518f-bf0d-428a-814f-266b27e759e4@group-9696F0872FC0, cid=1425, SUCCESS, logIndex=2454, commits[325d518f-bf0d-428a-814f-266b27e759e4:c2454]
2019-06-15 10:53:04,810 INFO  client.GrpcClientProtocolClient (GrpcClientProtocolClient.java:onNext(254)) - client-09EBABE1B9AF->325d518f-bf0d-428a-814f-266b27e759e4: receive RaftClientReply:client-09EBABE1B9AF->325d518f-bf0d-428a-814f-266b27e759e4@group-9696F0872FC0, cid=1426, SUCCESS, logIndex=2456, commits[325d518f-bf0d-428a-814f-266b27e759e4:c2458]
2019-06-15 10:53:04,810 INFO  client.GrpcClientProtocolClient (GrpcClientProtocolClient.java:onNext(254)) - client-09EBABE1B9AF->325d518f-bf0d-428a-814f-266b27e759e4: receive RaftClientReply:client-09EBABE1B9AF->325d518f-bf0d-428a-814f-266b27e759e4@group-9696F0872FC0, cid=1427, SUCCESS, logIndex=2457, commits[325d518f-bf0d-428a-814f-266b27e759e4:c2458]
2019-06-15 10:53:04,810 INFO  client.GrpcClientProtocolClient (GrpcClientProtocolClient.java:onNext(254)) - client-09EBABE1B9AF->325d518f-bf0d-428a-814f-266b27e759e4: receive RaftClientReply:client-09EBABE1B9AF->325d518f-bf0d-428a-814f-266b27e759e4@group-9696F0872FC0, cid=1428, SUCCESS, logIndex=2458, commits[325d518f-bf0d-428a-814f-266b27e759e4:c2458]
2019-06-15 10:53:04,815 INFO  client.GrpcClientProtocolClient (GrpcClientProtocolClient.java:onNext(254)) - client-09EBABE1B9AF->325d518f-bf0d-428a-814f-266b27e759e4: receive RaftClientReply:client-09EBABE1B9AF->325d518f-bf0d-428a-814f-266b27e759e4@group-9696F0872FC0, cid=1429, SUCCESS, logIndex=2461, commits[325d518f-bf0d-428a-814f-266b27e759e4:c2461]
2019-06-15 10:53:04,818 INFO  client.GrpcClientProtocolClient (GrpcClientProtocolClient.java:onNext(254)) - client-09EBABE1B9AF->325d518f-bf0d-428a-814f-266b27e759e4: receive RaftClientReply:client-09EBABE1B9AF->325d518f-bf0d-428a-814f-266b27e759e4@group-9696F0872FC0, cid=1430, SUCCESS, logIndex=2463, commits[325d518f-bf0d-428a-814f-266b27e759e4:c2463]
2019-06-15 10:53:04,821 INFO  client.GrpcClientProtocolClient (GrpcClientProtocolClient.java:onNext(254)) - client-09EBABE1B9AF->325d518f-bf0d-428a-814f-266b27e759e4: receive RaftClientReply:client-09EBABE1B9AF->325d518f-bf0d-428a-814f-266b27e759e4@group-9696F0872FC0, cid=1431, SUCCESS, logIndex=2465, commits[325d518f-bf0d-428a-814f-266b27e759e4:c2465]
2019-06-15 10:53:04,822 INFO  client.GrpcClientProtocolClient (GrpcClientProtocolClient.java:onNext(254)) - client-09EBABE1B9AF->325d518f-bf0d-428a-814f-266b27e759e4: receive RaftClientReply:client-09EBABE1B9AF->325d518f-bf0d-428a-814f-266b27e759e4@group-9696F0872FC0, cid=1432, SUCCESS, logIndex=2467, commits[325d518f-bf0d-428a-814f-266b27e759e4:c2467]
2019-06-15 10:53:04,831 INFO  client.GrpcClientProtocolClient (GrpcClientProtocolClient.java:onNext(254)) - client-09EBABE1B9AF->325d518f-bf0d-428a-814f-266b27e759e4: receive RaftClientReply:client-09EBABE1B9AF->325d518f-bf0d-428a-814f-266b27e759e4@group-9696F0872FC0, cid=1433, SUCCESS, logIndex=2469, commits[325d518f-bf0d-428a-814f-266b27e759e4:c2469]
2019-06-15 10:53:04,833 INFO  client.GrpcClientProtocolClient (GrpcClientProtocolClient.java:onNext(254)) - client-09EBABE1B9AF->325d518f-bf0d-428a-814f-266b27e759e4: receive RaftClientReply:client-09EBABE1B9AF->325d518f-bf0d-428a-814f-266b27e759e4@group-9696F0872FC0, cid=1434, SUCCESS, logIndex=2471, commits[325d518f-bf0d-428a-814f-266b27e759e4:c2471]
2019-06-15 10:53:04,834 INFO  client.GrpcClientProtocolClient (GrpcClientProtocolClient.java:onNext(254)) - client-09EBABE1B9AF->325d518f-bf0d-428a-814f-266b27e759e4: receive RaftClientReply:client-09EBABE1B9AF->325d518f-bf0d-428a-814f-266b27e759e4@group-9696F0872FC0, cid=1435, SUCCESS, logIndex=2472, commits[325d518f-bf0d-428a-814f-266b27e759e4:c2473]
2019-06-15 10:53:04,834 INFO  client.GrpcClientProtocolClient (GrpcClientProtocolClient.java:onNext(254)) - client-09EBABE1B9AF->325d518f-bf0d-428a-814f-266b27e759e4: receive RaftClientReply:client-09EBABE1B9AF->325d518f-bf0d-428a-814f-266b27e759e4@group-9696F0872FC0, cid=1436, SUCCESS, logIndex=2473, commits[325d518f-bf0d-428a-814f-266b27e759e4:c2474]
2019-06-15 10:53:04,840 INFO  client.GrpcClientProtocolClient (GrpcClientProtocolClient.java:onNext(254)) - client-09EBABE1B9AF->325d518f-bf0d-428a-814f-266b27e759e4: receive RaftClientReply:client-09EBABE1B9AF->325d518f-bf0d-428a-814f-266b27e759e4@group-9696F0872FC0, cid=1437, SUCCESS, logIndex=2476, commits[325d518f-bf0d-428a-814f-266b27e759e4:c2476]
2019-06-15 10:53:04,841 INFO  client.GrpcClientProtocolClient (GrpcClientProtocolClient.java:onNext(254)) - client-09EBABE1B9AF->325d518f-bf0d-428a-814f-266b27e759e4: receive RaftClientReply:client-09EBABE1B9AF->325d518f-bf0d-428a-814f-266b27e759e4@group-9696F0872FC0, cid=1438, SUCCESS, logIndex=2478, commits[325d518f-bf0d-428a-814f-266b27e759e4:c2478]
2019-06-15 10:53:04,842 INFO  client.GrpcClientProtocolClient (GrpcClientProtocolClient.java:onNext(254)) - client-09EBABE1B9AF->325d518f-bf0d-428a-814f-266b27e759e4: receive RaftClientReply:client-09EBABE1B9AF->325d518f-bf0d-428a-814f-266b27e759e4@group-9696F0872FC0, cid=1439, SUCCESS, logIndex=2479, commits[325d518f-bf0d-428a-814f-266b27e759e4:c2481]
2019-06-15 10:53:04,843 INFO  client.GrpcClientProtocolClient (GrpcClientProtocolClient.java:onNext(254)) - client-09EBABE1B9AF->325d518f-bf0d-428a-814f-266b27e759e4: receive RaftClientReply:client-09EBABE1B9AF->325d518f-bf0d-428a-814f-266b27e759e4@group-9696F0872FC0, cid=1440, SUCCESS, logIndex=2480, commits[325d518f-bf0d-428a-814f-266b27e759e4:c2481]
2019-06-15 10:53:04,851 INFO  client.GrpcClientProtocolClient (GrpcClientProtocolClient.java:onNext(254)) - client-09EBABE1B9AF->325d518f-bf0d-428a-814f-266b27e759e4: receive RaftClientReply:client-09EBABE1B9AF->325d518f-bf0d-428a-814f-266b27e759e4@group-9696F0872FC0, cid=1441, SUCCESS, logIndex=2482, commits[325d518f-bf0d-428a-814f-266b27e759e4:c2482]
2019-06-15 10:53:04,855 INFO  client.GrpcClientProtocolClient (GrpcClientProtocolClient.java:onNext(254)) - client-09EBABE1B9AF->325d518f-bf0d-428a-814f-266b27e759e4: receive RaftClientReply:client-09EBABE1B9AF->325d518f-bf0d-428a-814f-266b27e759e4@group-9696F0872FC0, cid=1442, SUCCESS, logIndex=2484, commits[325d518f-bf0d-428a-814f-266b27e759e4:c2484]
2019-06-15 10:53:04,855 INFO  client.GrpcClientProtocolClient (GrpcClientProtocolClient.java:onNext(254)) - client-09EBABE1B9AF->325d518f-bf0d-428a-814f-266b27e759e4: receive RaftClientReply:client-09EBABE1B9AF->325d518f-bf0d-428a-814f-266b27e759e4@group-9696F0872FC0, cid=1443, SUCCESS, logIndex=2485, commits[325d518f-bf0d-428a-814f-266b27e759e4:c2486]
2019-06-15 10:53:04,857 INFO  client.GrpcClientProtocolClient (GrpcClientProtocolClient.java:onNext(254)) - client-09EBABE1B9AF->325d518f-bf0d-428a-814f-266b27e759e4: receive RaftClientReply:client-09EBABE1B9AF->325d518f-bf0d-428a-814f-266b27e759e4@group-9696F0872FC0, cid=1444, SUCCESS, logIndex=2486, commits[325d518f-bf0d-428a-814f-266b27e759e4:c2486]
2019-06-15 10:53:04,862 INFO  client.GrpcClientProtocolClient (GrpcClientProtocolClient.java:onNext(254)) - client-09EBABE1B9AF->325d518f-bf0d-428a-814f-266b27e759e4: receive RaftClientReply:client-09EBABE1B9AF->325d518f-bf0d-428a-814f-266b27e759e4@group-9696F0872FC0, cid=1445, SUCCESS, logIndex=2489, commits[325d518f-bf0d-428a-814f-266b27e759e4:c2489]
2019-06-15 10:53:04,864 INFO  client.GrpcClientProtocolClient (GrpcClientProtocolClient.java:onNext(254)) - client-09EBABE1B9AF->325d518f-bf0d-428a-814f-266b27e759e4: receive RaftClientReply:client-09EBABE1B9AF->325d518f-bf0d-428a-814f-266b27e759e4@group-9696F0872FC0, cid=1446, SUCCESS, logIndex=2491, commits[325d518f-bf0d-428a-814f-266b27e759e4:c2491]
2019-06-15 10:53:04,865 INFO  client.GrpcClientProtocolClient (GrpcClientProtocolClient.java:onNext(254)) - client-09EBABE1B9AF->325d518f-bf0d-428a-814f-266b27e759e4: receive RaftClientReply:client-09EBABE1B9AF->325d518f-bf0d-428a-814f-266b27e759e4@group-9696F0872FC0, cid=1447, SUCCESS, logIndex=2493, commits[325d518f-bf0d-428a-814f-266b27e759e4:c2494]
2019-06-15 10:53:04,866 INFO  client.GrpcClientProtocolClient (GrpcClientProtocolClient.java:onNext(254)) - client-09EBABE1B9AF->325d518f-bf0d-428a-814f-266b27e759e4: receive RaftClientReply:client-09EBABE1B9AF->325d518f-bf0d-428a-814f-266b27e759e4@group-9696F0872FC0, cid=1448, SUCCESS, logIndex=2494, commits[325d518f-bf0d-428a-814f-266b27e759e4:c2494]
2019-06-15 10:53:04,874 INFO  client.GrpcClientProtocolClient (GrpcClientProtocolClient.java:onNext(254)) - client-09EBABE1B9AF->325d518f-bf0d-428a-814f-266b27e759e4: receive RaftClientReply:client-09EBABE1B9AF->325d518f-bf0d-428a-814f-266b27e759e4@group-9696F0872FC0, cid=1449, SUCCESS, logIndex=2496, commits[325d518f-bf0d-428a-814f-266b27e759e4:c2496]
2019-06-15 10:53:04,876 INFO  client.GrpcClientProtocolClient (GrpcClientProtocolClient.java:onNext(254)) - client-09EBABE1B9AF->325d518f-bf0d-428a-814f-266b27e759e4: receive RaftClientReply:client-09EBABE1B9AF->325d518f-bf0d-428a-814f-266b27e759e4@group-9696F0872FC0, cid=1450, SUCCESS, logIndex=2498, commits[325d518f-bf0d-428a-814f-266b27e759e4:c2498]
2019-06-15 10:53:04,877 INFO  client.GrpcClientProtocolClient (GrpcClientProtocolClient.java:onNext(254)) - client-09EBABE1B9AF->325d518f-bf0d-428a-814f-266b27e759e4: receive RaftClientReply:client-09EBABE1B9AF->325d518f-bf0d-428a-814f-266b27e759e4@group-9696F0872FC0, cid=1451, SUCCESS, logIndex=2499, commits[325d518f-bf0d-428a-814f-266b27e759e4:c2501]
2019-06-15 10:53:04,877 INFO  client.GrpcClientProtocolClient (GrpcClientProtocolClient.java:onNext(254)) - client-09EBABE1B9AF->325d518f-bf0d-428a-814f-266b27e759e4: receive RaftClientReply:client-09EBABE1B9AF->325d518f-bf0d-428a-814f-266b27e759e4@group-9696F0872FC0, cid=1452, SUCCESS, logIndex=2500, commits[325d518f-bf0d-428a-814f-266b27e759e4:c2501]
2019-06-15 10:53:04,883 INFO  client.GrpcClientProtocolClient (GrpcClientProtocolClient.java:onNext(254)) - client-09EBABE1B9AF->325d518f-bf0d-428a-814f-266b27e759e4: receive RaftClientReply:client-09EBABE1B9AF->325d518f-bf0d-428a-814f-266b27e759e4@group-9696F0872FC0, cid=1453, SUCCESS, logIndex=2502, commits[325d518f-bf0d-428a-814f-266b27e759e4:c2502]
2019-06-15 10:53:04,883 INFO  storage.RaftLogWorker (RaftLogWorker.java:rollLogSegment(303)) - 325d518f-bf0d-428a-814f-266b27e759e4-RaftLogWorker: Rolling segment log-2436_2505 to index:2505
2019-06-15 10:53:04,884 INFO  client.GrpcClientProtocolClient (GrpcClientProtocolClient.java:onNext(254)) - client-09EBABE1B9AF->325d518f-bf0d-428a-814f-266b27e759e4: receive RaftClientReply:client-09EBABE1B9AF->325d518f-bf0d-428a-814f-266b27e759e4@group-9696F0872FC0, cid=1454, SUCCESS, logIndex=2504, commits[325d518f-bf0d-428a-814f-266b27e759e4:c2504]
2019-06-15 10:53:04,884 INFO  storage.RaftLogWorker (RaftLogWorker.java:execute(433)) - 325d518f-bf0d-428a-814f-266b27e759e4-RaftLogWorker: Rolled log segment from /opt/src/hadoop-ozone/integration-test/target/test-dir/MiniOzoneClusterImpl-dd99cefe-9779-4043-9d74-181b69d2a827/datanode-0/data/ratis/e0f1d9ef-e225-4b24-a786-9696f0872fc0/current/log_inprogress_2436 to /opt/src/hadoop-ozone/integration-test/target/test-dir/MiniOzoneClusterImpl-dd99cefe-9779-4043-9d74-181b69d2a827/datanode-0/data/ratis/e0f1d9ef-e225-4b24-a786-9696f0872fc0/current/log_2436-2505
2019-06-15 10:53:04,887 INFO  client.GrpcClientProtocolClient (GrpcClientProtocolClient.java:onNext(254)) - client-09EBABE1B9AF->325d518f-bf0d-428a-814f-266b27e759e4: receive RaftClientReply:client-09EBABE1B9AF->325d518f-bf0d-428a-814f-266b27e759e4@group-9696F0872FC0, cid=1455, SUCCESS, logIndex=2505, commits[325d518f-bf0d-428a-814f-266b27e759e4:c2505]
2019-06-15 10:53:04,902 DEBUG block.SCMBlockDeletingService (SCMBlockDeletingService.java:call(138)) - Running DeletedBlockTransactionScanner
2019-06-15 10:53:04,918 DEBUG block.SCMBlockDeletingService (SCMBlockDeletingService.java:call(155)) - Scanned deleted blocks log and got 0 delTX to process.
2019-06-15 10:53:04,920 INFO  storage.RaftLogWorker (RaftLogWorker.java:execute(469)) - 325d518f-bf0d-428a-814f-266b27e759e4-RaftLogWorker: created new log segment /opt/src/hadoop-ozone/integration-test/target/test-dir/MiniOzoneClusterImpl-dd99cefe-9779-4043-9d74-181b69d2a827/datanode-0/data/ratis/e0f1d9ef-e225-4b24-a786-9696f0872fc0/current/log_inprogress_2506
2019-06-15 10:53:04,922 INFO  client.GrpcClientProtocolClient (GrpcClientProtocolClient.java:onNext(254)) - client-09EBABE1B9AF->325d518f-bf0d-428a-814f-266b27e759e4: receive RaftClientReply:client-09EBABE1B9AF->325d518f-bf0d-428a-814f-266b27e759e4@group-9696F0872FC0, cid=1456, SUCCESS, logIndex=2506, commits[325d518f-bf0d-428a-814f-266b27e759e4:c2508]
2019-06-15 10:53:04,932 INFO  client.GrpcClientProtocolClient (GrpcClientProtocolClient.java:onNext(254)) - client-09EBABE1B9AF->325d518f-bf0d-428a-814f-266b27e759e4: receive RaftClientReply:client-09EBABE1B9AF->325d518f-bf0d-428a-814f-266b27e759e4@group-9696F0872FC0, cid=1457, SUCCESS, logIndex=2509, commits[325d518f-bf0d-428a-814f-266b27e759e4:c2509]
2019-06-15 10:53:04,933 INFO  client.GrpcClientProtocolClient (GrpcClientProtocolClient.java:onNext(254)) - client-09EBABE1B9AF->325d518f-bf0d-428a-814f-266b27e759e4: receive RaftClientReply:client-09EBABE1B9AF->325d518f-bf0d-428a-814f-266b27e759e4@group-9696F0872FC0, cid=1458, SUCCESS, logIndex=2511, commits[325d518f-bf0d-428a-814f-266b27e759e4:c2511]
2019-06-15 10:53:05,016 INFO  client.GrpcClientProtocolClient (GrpcClientProtocolClient.java:onNext(254)) - client-09EBABE1B9AF->325d518f-bf0d-428a-814f-266b27e759e4: receive RaftClientReply:client-09EBABE1B9AF->325d518f-bf0d-428a-814f-266b27e759e4@group-9696F0872FC0, cid=1459, SUCCESS, logIndex=2513, commits[325d518f-bf0d-428a-814f-266b27e759e4:c2513]
2019-06-15 10:53:05,018 DEBUG block.SCMBlockDeletingService (SCMBlockDeletingService.java:call(138)) - Running DeletedBlockTransactionScanner
2019-06-15 10:53:05,018 INFO  client.GrpcClientProtocolClient (GrpcClientProtocolClient.java:onNext(254)) - client-09EBABE1B9AF->325d518f-bf0d-428a-814f-266b27e759e4: receive RaftClientReply:client-09EBABE1B9AF->325d518f-bf0d-428a-814f-266b27e759e4@group-9696F0872FC0, cid=1460, SUCCESS, logIndex=2515, commits[325d518f-bf0d-428a-814f-266b27e759e4:c2515]
2019-06-15 10:53:05,018 DEBUG block.SCMBlockDeletingService (SCMBlockDeletingService.java:call(155)) - Scanned deleted blocks log and got 0 delTX to process.
2019-06-15 10:53:05,024 INFO  client.GrpcClientProtocolClient (GrpcClientProtocolClient.java:onNext(254)) - client-09EBABE1B9AF->325d518f-bf0d-428a-814f-266b27e759e4: receive RaftClientReply:client-09EBABE1B9AF->325d518f-bf0d-428a-814f-266b27e759e4@group-9696F0872FC0, cid=1461, SUCCESS, logIndex=2517, commits[325d518f-bf0d-428a-814f-266b27e759e4:c2517]
2019-06-15 10:53:05,027 INFO  client.GrpcClientProtocolClient (GrpcClientProtocolClient.java:onNext(254)) - client-09EBABE1B9AF->325d518f-bf0d-428a-814f-266b27e759e4: receive RaftClientReply:client-09EBABE1B9AF->325d518f-bf0d-428a-814f-266b27e759e4@group-9696F0872FC0, cid=1462, SUCCESS, logIndex=2519, commits[325d518f-bf0d-428a-814f-266b27e759e4:c2519]
2019-06-15 10:53:05,027 INFO  client.GrpcClientProtocolClient (GrpcClientProtocolClient.java:onNext(254)) - client-09EBABE1B9AF->325d518f-bf0d-428a-814f-266b27e759e4: receive RaftClientReply:client-09EBABE1B9AF->325d518f-bf0d-428a-814f-266b27e759e4@group-9696F0872FC0, cid=1463, SUCCESS, logIndex=2520, commits[325d518f-bf0d-428a-814f-266b27e759e4:c2521]
2019-06-15 10:53:05,030 INFO  client.GrpcClientProtocolClient (GrpcClientProtocolClient.java:onNext(254)) - client-09EBABE1B9AF->325d518f-bf0d-428a-814f-266b27e759e4: receive RaftClientReply:client-09EBABE1B9AF->325d518f-bf0d-428a-814f-266b27e759e4@group-9696F0872FC0, cid=1464, SUCCESS, logIndex=2521, commits[325d518f-bf0d-428a-814f-266b27e759e4:c2521]
2019-06-15 10:53:05,040 INFO  client.GrpcClientProtocolClient (GrpcClientProtocolClient.java:onNext(254)) - client-09EBABE1B9AF->325d518f-bf0d-428a-814f-266b27e759e4: receive RaftClientReply:client-09EBABE1B9AF->325d518f-bf0d-428a-814f-266b27e759e4@group-9696F0872FC0, cid=1465, SUCCESS, logIndex=2524, commits[325d518f-bf0d-428a-814f-266b27e759e4:c2524]
2019-06-15 10:53:05,043 INFO  client.GrpcClientProtocolClient (GrpcClientProtocolClient.java:onNext(254)) - client-09EBABE1B9AF->325d518f-bf0d-428a-814f-266b27e759e4: receive RaftClientReply:client-09EBABE1B9AF->325d518f-bf0d-428a-814f-266b27e759e4@group-9696F0872FC0, cid=1466, SUCCESS, logIndex=2526, commits[325d518f-bf0d-428a-814f-266b27e759e4:c2526]
2019-06-15 10:53:05,043 INFO  client.GrpcClientProtocolClient (GrpcClientProtocolClient.java:onNext(254)) - client-09EBABE1B9AF->325d518f-bf0d-428a-814f-266b27e759e4: receive RaftClientReply:client-09EBABE1B9AF->325d518f-bf0d-428a-814f-266b27e759e4@group-9696F0872FC0, cid=1467, SUCCESS, logIndex=2527, commits[325d518f-bf0d-428a-814f-266b27e759e4:c2528]
2019-06-15 10:53:05,044 INFO  client.GrpcClientProtocolClient (GrpcClientProtocolClient.java:onNext(254)) - client-09EBABE1B9AF->325d518f-bf0d-428a-814f-266b27e759e4: receive RaftClientReply:client-09EBABE1B9AF->325d518f-bf0d-428a-814f-266b27e759e4@group-9696F0872FC0, cid=1468, SUCCESS, logIndex=2528, commits[325d518f-bf0d-428a-814f-266b27e759e4:c2528]
2019-06-15 10:53:05,050 INFO  client.GrpcClientProtocolClient (GrpcClientProtocolClient.java:onNext(254)) - client-09EBABE1B9AF->325d518f-bf0d-428a-814f-266b27e759e4: receive RaftClientReply:client-09EBABE1B9AF->325d518f-bf0d-428a-814f-266b27e759e4@group-9696F0872FC0, cid=1469, SUCCESS, logIndex=2531, commits[325d518f-bf0d-428a-814f-266b27e759e4:c2531]
2019-06-15 10:53:05,051 INFO  client.GrpcClientProtocolClient (GrpcClientProtocolClient.java:onNext(254)) - client-09EBABE1B9AF->325d518f-bf0d-428a-814f-266b27e759e4: receive RaftClientReply:client-09EBABE1B9AF->325d518f-bf0d-428a-814f-266b27e759e4@group-9696F0872FC0, cid=1470, SUCCESS, logIndex=2533, commits[325d518f-bf0d-428a-814f-266b27e759e4:c2533]
2019-06-15 10:53:05,052 INFO  client.GrpcClientProtocolClient (GrpcClientProtocolClient.java:onNext(254)) - client-09EBABE1B9AF->325d518f-bf0d-428a-814f-266b27e759e4: receive RaftClientReply:client-09EBABE1B9AF->325d518f-bf0d-428a-814f-266b27e759e4@group-9696F0872FC0, cid=1471, SUCCESS, logIndex=2534, commits[325d518f-bf0d-428a-814f-266b27e759e4:c2536]
2019-06-15 10:53:05,053 INFO  client.GrpcClientProtocolClient (GrpcClientProtocolClient.java:onNext(254)) - client-09EBABE1B9AF->325d518f-bf0d-428a-814f-266b27e759e4: receive RaftClientReply:client-09EBABE1B9AF->325d518f-bf0d-428a-814f-266b27e759e4@group-9696F0872FC0, cid=1472, SUCCESS, logIndex=2535, commits[325d518f-bf0d-428a-814f-266b27e759e4:c2536]
2019-06-15 10:53:05,061 INFO  client.GrpcClientProtocolClient (GrpcClientProtocolClient.java:onNext(254)) - client-09EBABE1B9AF->325d518f-bf0d-428a-814f-266b27e759e4: receive RaftClientReply:client-09EBABE1B9AF->325d518f-bf0d-428a-814f-266b27e759e4@group-9696F0872FC0, cid=1473, SUCCESS, logIndex=2537, commits[325d518f-bf0d-428a-814f-266b27e759e4:c2537]
2019-06-15 10:53:05,064 INFO  client.GrpcClientProtocolClient (GrpcClientProtocolClient.java:onNext(254)) - client-09EBABE1B9AF->325d518f-bf0d-428a-814f-266b27e759e4: receive RaftClientReply:client-09EBABE1B9AF->325d518f-bf0d-428a-814f-266b27e759e4@group-9696F0872FC0, cid=1474, SUCCESS, logIndex=2539, commits[325d518f-bf0d-428a-814f-266b27e759e4:c2541]
2019-06-15 10:53:05,065 INFO  client.GrpcClientProtocolClient (GrpcClientProtocolClient.java:onNext(254)) - client-09EBABE1B9AF->325d518f-bf0d-428a-814f-266b27e759e4: receive RaftClientReply:client-09EBABE1B9AF->325d518f-bf0d-428a-814f-266b27e759e4@group-9696F0872FC0, cid=1475, SUCCESS, logIndex=2540, commits[325d518f-bf0d-428a-814f-266b27e759e4:c2541]
2019-06-15 10:53:05,065 INFO  client.GrpcClientProtocolClient (GrpcClientProtocolClient.java:onNext(254)) - client-09EBABE1B9AF->325d518f-bf0d-428a-814f-266b27e759e4: receive RaftClientReply:client-09EBABE1B9AF->325d518f-bf0d-428a-814f-266b27e759e4@group-9696F0872FC0, cid=1476, SUCCESS, logIndex=2541, commits[325d518f-bf0d-428a-814f-266b27e759e4:c2542]
2019-06-15 10:53:05,071 INFO  client.GrpcClientProtocolClient (GrpcClientProtocolClient.java:onNext(254)) - client-09EBABE1B9AF->325d518f-bf0d-428a-814f-266b27e759e4: receive RaftClientReply:client-09EBABE1B9AF->325d518f-bf0d-428a-814f-266b27e759e4@group-9696F0872FC0, cid=1477, SUCCESS, logIndex=2543, commits[325d518f-bf0d-428a-814f-266b27e759e4:c2543]
2019-06-15 10:53:05,073 INFO  client.GrpcClientProtocolClient (GrpcClientProtocolClient.java:onNext(254)) - client-09EBABE1B9AF->325d518f-bf0d-428a-814f-266b27e759e4: receive RaftClientReply:client-09EBABE1B9AF->325d518f-bf0d-428a-814f-266b27e759e4@group-9696F0872FC0, cid=1478, SUCCESS, logIndex=2545, commits[325d518f-bf0d-428a-814f-266b27e759e4:c2545]
2019-06-15 10:53:05,074 INFO  client.GrpcClientProtocolClient (GrpcClientProtocolClient.java:onNext(254)) - client-09EBABE1B9AF->325d518f-bf0d-428a-814f-266b27e759e4: receive RaftClientReply:client-09EBABE1B9AF->325d518f-bf0d-428a-814f-266b27e759e4@group-9696F0872FC0, cid=1479, SUCCESS, logIndex=2546, commits[325d518f-bf0d-428a-814f-266b27e759e4:c2548]
2019-06-15 10:53:05,074 INFO  client.GrpcClientProtocolClient (GrpcClientProtocolClient.java:onNext(254)) - client-09EBABE1B9AF->325d518f-bf0d-428a-814f-266b27e759e4: receive RaftClientReply:client-09EBABE1B9AF->325d518f-bf0d-428a-814f-266b27e759e4@group-9696F0872FC0, cid=1480, SUCCESS, logIndex=2547, commits[325d518f-bf0d-428a-814f-266b27e759e4:c2548]
2019-06-15 10:53:05,083 INFO  client.GrpcClientProtocolClient (GrpcClientProtocolClient.java:onNext(254)) - client-09EBABE1B9AF->325d518f-bf0d-428a-814f-266b27e759e4: receive RaftClientReply:client-09EBABE1B9AF->325d518f-bf0d-428a-814f-266b27e759e4@group-9696F0872FC0, cid=1481, SUCCESS, logIndex=2549, commits[325d518f-bf0d-428a-814f-266b27e759e4:c2549]
2019-06-15 10:53:05,085 INFO  client.GrpcClientProtocolClient (GrpcClientProtocolClient.java:onNext(254)) - client-09EBABE1B9AF->325d518f-bf0d-428a-814f-266b27e759e4: receive RaftClientReply:client-09EBABE1B9AF->325d518f-bf0d-428a-814f-266b27e759e4@group-9696F0872FC0, cid=1482, SUCCESS, logIndex=2551, commits[325d518f-bf0d-428a-814f-266b27e759e4:c2551]
2019-06-15 10:53:05,086 INFO  client.GrpcClientProtocolClient (GrpcClientProtocolClient.java:onNext(254)) - client-09EBABE1B9AF->325d518f-bf0d-428a-814f-266b27e759e4: receive RaftClientReply:client-09EBABE1B9AF->325d518f-bf0d-428a-814f-266b27e759e4@group-9696F0872FC0, cid=1483, SUCCESS, logIndex=2552, commits[325d518f-bf0d-428a-814f-266b27e759e4:c2554]
2019-06-15 10:53:05,086 INFO  client.GrpcClientProtocolClient (GrpcClientProtocolClient.java:onNext(254)) - client-09EBABE1B9AF->325d518f-bf0d-428a-814f-266b27e759e4: receive RaftClientReply:client-09EBABE1B9AF->325d518f-bf0d-428a-814f-266b27e759e4@group-9696F0872FC0, cid=1484, SUCCESS, logIndex=2553, commits[325d518f-bf0d-428a-814f-266b27e759e4:c2554]
2019-06-15 10:53:05,092 INFO  client.GrpcClientProtocolClient (GrpcClientProtocolClient.java:onNext(254)) - client-09EBABE1B9AF->325d518f-bf0d-428a-814f-266b27e759e4: receive RaftClientReply:client-09EBABE1B9AF->325d518f-bf0d-428a-814f-266b27e759e4@group-9696F0872FC0, cid=1485, SUCCESS, logIndex=2555, commits[325d518f-bf0d-428a-814f-266b27e759e4:c2555]
2019-06-15 10:53:05,094 INFO  client.GrpcClientProtocolClient (GrpcClientProtocolClient.java:onNext(254)) - client-09EBABE1B9AF->325d518f-bf0d-428a-814f-266b27e759e4: receive RaftClientReply:client-09EBABE1B9AF->325d518f-bf0d-428a-814f-266b27e759e4@group-9696F0872FC0, cid=1486, SUCCESS, logIndex=2557, commits[325d518f-bf0d-428a-814f-266b27e759e4:c2557]
2019-06-15 10:53:05,098 INFO  client.GrpcClientProtocolClient (GrpcClientProtocolClient.java:onNext(254)) - client-09EBABE1B9AF->325d518f-bf0d-428a-814f-266b27e759e4: receive RaftClientReply:client-09EBABE1B9AF->325d518f-bf0d-428a-814f-266b27e759e4@group-9696F0872FC0, cid=1487, SUCCESS, logIndex=2558, commits[325d518f-bf0d-428a-814f-266b27e759e4:c2558]
2019-06-15 10:53:05,099 INFO  client.GrpcClientProtocolClient (GrpcClientProtocolClient.java:onNext(254)) - client-09EBABE1B9AF->325d518f-bf0d-428a-814f-266b27e759e4: receive RaftClientReply:client-09EBABE1B9AF->325d518f-bf0d-428a-814f-266b27e759e4@group-9696F0872FC0, cid=1488, SUCCESS, logIndex=2561, commits[325d518f-bf0d-428a-814f-266b27e759e4:c2561]
2019-06-15 10:53:05,109 INFO  client.GrpcClientProtocolClient (GrpcClientProtocolClient.java:onNext(254)) - client-09EBABE1B9AF->325d518f-bf0d-428a-814f-266b27e759e4: receive RaftClientReply:client-09EBABE1B9AF->325d518f-bf0d-428a-814f-266b27e759e4@group-9696F0872FC0, cid=1489, SUCCESS, logIndex=2563, commits[325d518f-bf0d-428a-814f-266b27e759e4:c2563]
2019-06-15 10:53:05,111 INFO  client.GrpcClientProtocolClient (GrpcClientProtocolClient.java:onNext(254)) - client-09EBABE1B9AF->325d518f-bf0d-428a-814f-266b27e759e4: receive RaftClientReply:client-09EBABE1B9AF->325d518f-bf0d-428a-814f-266b27e759e4@group-9696F0872FC0, cid=1490, SUCCESS, logIndex=2565, commits[325d518f-bf0d-428a-814f-266b27e759e4:c2565]
2019-06-15 10:53:05,112 INFO  client.GrpcClientProtocolClient (GrpcClientProtocolClient.java:onNext(254)) - client-09EBABE1B9AF->325d518f-bf0d-428a-814f-266b27e759e4: receive RaftClientReply:client-09EBABE1B9AF->325d518f-bf0d-428a-814f-266b27e759e4@group-9696F0872FC0, cid=1491, SUCCESS, logIndex=2566, commits[325d518f-bf0d-428a-814f-266b27e759e4:c2566]
2019-06-15 10:53:05,112 INFO  client.GrpcClientProtocolClient (GrpcClientProtocolClient.java:onNext(254)) - client-09EBABE1B9AF->325d518f-bf0d-428a-814f-266b27e759e4: receive RaftClientReply:client-09EBABE1B9AF->325d518f-bf0d-428a-814f-266b27e759e4@group-9696F0872FC0, cid=1492, SUCCESS, logIndex=2568, commits[325d518f-bf0d-428a-814f-266b27e759e4:c2568]
2019-06-15 10:53:05,118 INFO  client.GrpcClientProtocolClient (GrpcClientProtocolClient.java:onNext(254)) - client-09EBABE1B9AF->325d518f-bf0d-428a-814f-266b27e759e4: receive RaftClientReply:client-09EBABE1B9AF->325d518f-bf0d-428a-814f-266b27e759e4@group-9696F0872FC0, cid=1493, SUCCESS, logIndex=2571, commits[325d518f-bf0d-428a-814f-266b27e759e4:c2571]
2019-06-15 10:53:05,119 DEBUG block.SCMBlockDeletingService (SCMBlockDeletingService.java:call(138)) - Running DeletedBlockTransactionScanner
2019-06-15 10:53:05,119 DEBUG block.SCMBlockDeletingService (SCMBlockDeletingService.java:call(155)) - Scanned deleted blocks log and got 0 delTX to process.
2019-06-15 10:53:05,119 INFO  client.GrpcClientProtocolClient (GrpcClientProtocolClient.java:onNext(254)) - client-09EBABE1B9AF->325d518f-bf0d-428a-814f-266b27e759e4: receive RaftClientReply:client-09EBABE1B9AF->325d518f-bf0d-428a-814f-266b27e759e4@group-9696F0872FC0, cid=1494, SUCCESS, logIndex=2573, commits[325d518f-bf0d-428a-814f-266b27e759e4:c2573]
2019-06-15 10:53:05,120 INFO  client.GrpcClientProtocolClient (GrpcClientProtocolClient.java:onNext(254)) - client-09EBABE1B9AF->325d518f-bf0d-428a-814f-266b27e759e4: receive RaftClientReply:client-09EBABE1B9AF->325d518f-bf0d-428a-814f-266b27e759e4@group-9696F0872FC0, cid=1495, SUCCESS, logIndex=2574, commits[325d518f-bf0d-428a-814f-266b27e759e4:c2576]
2019-06-15 10:53:05,121 INFO  client.GrpcClientProtocolClient (GrpcClientProtocolClient.java:onNext(254)) - client-09EBABE1B9AF->325d518f-bf0d-428a-814f-266b27e759e4: receive RaftClientReply:client-09EBABE1B9AF->325d518f-bf0d-428a-814f-266b27e759e4@group-9696F0872FC0, cid=1496, SUCCESS, logIndex=2575, commits[325d518f-bf0d-428a-814f-266b27e759e4:c2576]
2019-06-15 10:53:05,130 INFO  client.GrpcClientProtocolClient (GrpcClientProtocolClient.java:onNext(254)) - client-09EBABE1B9AF->325d518f-bf0d-428a-814f-266b27e759e4: receive RaftClientReply:client-09EBABE1B9AF->325d518f-bf0d-428a-814f-266b27e759e4@group-9696F0872FC0, cid=1497, SUCCESS, logIndex=2577, commits[325d518f-bf0d-428a-814f-266b27e759e4:c2577]
2019-06-15 10:53:05,131 INFO  storage.RaftLogWorker (RaftLogWorker.java:rollLogSegment(303)) - 325d518f-bf0d-428a-814f-266b27e759e4-RaftLogWorker: Rolling segment log-2506_2579 to index:2579
2019-06-15 10:53:05,131 INFO  storage.RaftLogWorker (RaftLogWorker.java:execute(433)) - 325d518f-bf0d-428a-814f-266b27e759e4-RaftLogWorker: Rolled log segment from /opt/src/hadoop-ozone/integration-test/target/test-dir/MiniOzoneClusterImpl-dd99cefe-9779-4043-9d74-181b69d2a827/datanode-0/data/ratis/e0f1d9ef-e225-4b24-a786-9696f0872fc0/current/log_inprogress_2506 to /opt/src/hadoop-ozone/integration-test/target/test-dir/MiniOzoneClusterImpl-dd99cefe-9779-4043-9d74-181b69d2a827/datanode-0/data/ratis/e0f1d9ef-e225-4b24-a786-9696f0872fc0/current/log_2506-2579
2019-06-15 10:53:05,137 INFO  client.GrpcClientProtocolClient (GrpcClientProtocolClient.java:onNext(254)) - client-09EBABE1B9AF->325d518f-bf0d-428a-814f-266b27e759e4: receive RaftClientReply:client-09EBABE1B9AF->325d518f-bf0d-428a-814f-266b27e759e4@group-9696F0872FC0, cid=1498, SUCCESS, logIndex=2579, commits[325d518f-bf0d-428a-814f-266b27e759e4:c2579]
2019-06-15 10:53:05,175 INFO  storage.RaftLogWorker (RaftLogWorker.java:execute(469)) - 325d518f-bf0d-428a-814f-266b27e759e4-RaftLogWorker: created new log segment /opt/src/hadoop-ozone/integration-test/target/test-dir/MiniOzoneClusterImpl-dd99cefe-9779-4043-9d74-181b69d2a827/datanode-0/data/ratis/e0f1d9ef-e225-4b24-a786-9696f0872fc0/current/log_inprogress_2580
2019-06-15 10:53:05,177 INFO  client.GrpcClientProtocolClient (GrpcClientProtocolClient.java:onNext(254)) - client-09EBABE1B9AF->325d518f-bf0d-428a-814f-266b27e759e4: receive RaftClientReply:client-09EBABE1B9AF->325d518f-bf0d-428a-814f-266b27e759e4@group-9696F0872FC0, cid=1499, SUCCESS, logIndex=2580, commits[325d518f-bf0d-428a-814f-266b27e759e4:c2582]
2019-06-15 10:53:05,177 INFO  client.GrpcClientProtocolClient (GrpcClientProtocolClient.java:onNext(254)) - client-09EBABE1B9AF->325d518f-bf0d-428a-814f-266b27e759e4: receive RaftClientReply:client-09EBABE1B9AF->325d518f-bf0d-428a-814f-266b27e759e4@group-9696F0872FC0, cid=1500, SUCCESS, logIndex=2581, commits[325d518f-bf0d-428a-814f-266b27e759e4:c2582]
2019-06-15 10:53:05,183 INFO  client.GrpcClientProtocolClient (GrpcClientProtocolClient.java:onNext(254)) - client-09EBABE1B9AF->325d518f-bf0d-428a-814f-266b27e759e4: receive RaftClientReply:client-09EBABE1B9AF->325d518f-bf0d-428a-814f-266b27e759e4@group-9696F0872FC0, cid=1501, SUCCESS, logIndex=2583, commits[325d518f-bf0d-428a-814f-266b27e759e4:c2583]
2019-06-15 10:53:05,184 INFO  client.GrpcClientProtocolClient (GrpcClientProtocolClient.java:onNext(254)) - client-09EBABE1B9AF->325d518f-bf0d-428a-814f-266b27e759e4: receive RaftClientReply:client-09EBABE1B9AF->325d518f-bf0d-428a-814f-266b27e759e4@group-9696F0872FC0, cid=1502, SUCCESS, logIndex=2585, commits[325d518f-bf0d-428a-814f-266b27e759e4:c2585]
2019-06-15 10:53:05,219 DEBUG block.SCMBlockDeletingService (SCMBlockDeletingService.java:call(138)) - Running DeletedBlockTransactionScanner
2019-06-15 10:53:05,219 DEBUG block.SCMBlockDeletingService (SCMBlockDeletingService.java:call(155)) - Scanned deleted blocks log and got 0 delTX to process.
2019-06-15 10:53:05,462 DEBUG block.SCMBlockDeletingService (SCMBlockDeletingService.java:call(138)) - Running DeletedBlockTransactionScanner
2019-06-15 10:53:05,462 DEBUG block.SCMBlockDeletingService (SCMBlockDeletingService.java:call(155)) - Scanned deleted blocks log and got 0 delTX to process.
2019-06-15 10:53:05,479 INFO  client.GrpcClientProtocolClient (GrpcClientProtocolClient.java:onNext(254)) - client-09EBABE1B9AF->325d518f-bf0d-428a-814f-266b27e759e4: receive RaftClientReply:client-09EBABE1B9AF->325d518f-bf0d-428a-814f-266b27e759e4@group-9696F0872FC0, cid=1503, SUCCESS, logIndex=2587, commits[325d518f-bf0d-428a-814f-266b27e759e4:c2587]
2019-06-15 10:53:05,480 INFO  client.GrpcClientProtocolClient (GrpcClientProtocolClient.java:onNext(254)) - client-09EBABE1B9AF->325d518f-bf0d-428a-814f-266b27e759e4: receive RaftClientReply:client-09EBABE1B9AF->325d518f-bf0d-428a-814f-266b27e759e4@group-9696F0872FC0, cid=1504, SUCCESS, logIndex=2589, commits[325d518f-bf0d-428a-814f-266b27e759e4:c2589]
2019-06-15 10:53:05,490 INFO  client.GrpcClientProtocolClient (GrpcClientProtocolClient.java:onNext(254)) - client-09EBABE1B9AF->325d518f-bf0d-428a-814f-266b27e759e4: receive RaftClientReply:client-09EBABE1B9AF->325d518f-bf0d-428a-814f-266b27e759e4@group-9696F0872FC0, cid=1505, SUCCESS, logIndex=2591, commits[325d518f-bf0d-428a-814f-266b27e759e4:c2591]
2019-06-15 10:53:05,492 INFO  client.GrpcClientProtocolClient (GrpcClientProtocolClient.java:onNext(254)) - client-09EBABE1B9AF->325d518f-bf0d-428a-814f-266b27e759e4: receive RaftClientReply:client-09EBABE1B9AF->325d518f-bf0d-428a-814f-266b27e759e4@group-9696F0872FC0, cid=1506, SUCCESS, logIndex=2593, commits[325d518f-bf0d-428a-814f-266b27e759e4:c2593]
2019-06-15 10:53:05,493 INFO  client.GrpcClientProtocolClient (GrpcClientProtocolClient.java:onNext(254)) - client-09EBABE1B9AF->325d518f-bf0d-428a-814f-266b27e759e4: receive RaftClientReply:client-09EBABE1B9AF->325d518f-bf0d-428a-814f-266b27e759e4@group-9696F0872FC0, cid=1507, SUCCESS, logIndex=2594, commits[325d518f-bf0d-428a-814f-266b27e759e4:c2596]
2019-06-15 10:53:05,493 INFO  client.GrpcClientProtocolClient (GrpcClientProtocolClient.java:onNext(254)) - client-09EBABE1B9AF->325d518f-bf0d-428a-814f-266b27e759e4: receive RaftClientReply:client-09EBABE1B9AF->325d518f-bf0d-428a-814f-266b27e759e4@group-9696F0872FC0, cid=1508, SUCCESS, logIndex=2595, commits[325d518f-bf0d-428a-814f-266b27e759e4:c2596]
2019-06-15 10:53:05,498 INFO  client.GrpcClientProtocolClient (GrpcClientProtocolClient.java:onNext(254)) - client-09EBABE1B9AF->325d518f-bf0d-428a-814f-266b27e759e4: receive RaftClientReply:client-09EBABE1B9AF->325d518f-bf0d-428a-814f-266b27e759e4@group-9696F0872FC0, cid=1509, SUCCESS, logIndex=2597, commits[325d518f-bf0d-428a-814f-266b27e759e4:c2597]
2019-06-15 10:53:05,499 INFO  client.GrpcClientProtocolClient (GrpcClientProtocolClient.java:onNext(254)) - client-09EBABE1B9AF->325d518f-bf0d-428a-814f-266b27e759e4: receive RaftClientReply:client-09EBABE1B9AF->325d518f-bf0d-428a-814f-266b27e759e4@group-9696F0872FC0, cid=1510, SUCCESS, logIndex=2599, commits[325d518f-bf0d-428a-814f-266b27e759e4:c2599]
2019-06-15 10:53:05,500 INFO  client.GrpcClientProtocolClient (GrpcClientProtocolClient.java:onNext(254)) - client-09EBABE1B9AF->325d518f-bf0d-428a-814f-266b27e759e4: receive RaftClientReply:client-09EBABE1B9AF->325d518f-bf0d-428a-814f-266b27e759e4@group-9696F0872FC0, cid=1511, SUCCESS, logIndex=2600, commits[325d518f-bf0d-428a-814f-266b27e759e4:c2602]
2019-06-15 10:53:05,501 INFO  client.GrpcClientProtocolClient (GrpcClientProtocolClient.java:onNext(254)) - client-09EBABE1B9AF->325d518f-bf0d-428a-814f-266b27e759e4: receive RaftClientReply:client-09EBABE1B9AF->325d518f-bf0d-428a-814f-266b27e759e4@group-9696F0872FC0, cid=1512, SUCCESS, logIndex=2601, commits[325d518f-bf0d-428a-814f-266b27e759e4:c2602]
2019-06-15 10:53:05,510 INFO  client.GrpcClientProtocolClient (GrpcClientProtocolClient.java:onNext(254)) - client-09EBABE1B9AF->325d518f-bf0d-428a-814f-266b27e759e4: receive RaftClientReply:client-09EBABE1B9AF->325d518f-bf0d-428a-814f-266b27e759e4@group-9696F0872FC0, cid=1513, SUCCESS, logIndex=2603, commits[325d518f-bf0d-428a-814f-266b27e759e4:c2603]
2019-06-15 10:53:05,511 INFO  client.GrpcClientProtocolClient (GrpcClientProtocolClient.java:onNext(254)) - client-09EBABE1B9AF->325d518f-bf0d-428a-814f-266b27e759e4: receive RaftClientReply:client-09EBABE1B9AF->325d518f-bf0d-428a-814f-266b27e759e4@group-9696F0872FC0, cid=1514, SUCCESS, logIndex=2605, commits[325d518f-bf0d-428a-814f-266b27e759e4:c2605]
2019-06-15 10:53:05,512 INFO  client.GrpcClientProtocolClient (GrpcClientProtocolClient.java:onNext(254)) - client-09EBABE1B9AF->325d518f-bf0d-428a-814f-266b27e759e4: receive RaftClientReply:client-09EBABE1B9AF->325d518f-bf0d-428a-814f-266b27e759e4@group-9696F0872FC0, cid=1515, SUCCESS, logIndex=2606, commits[325d518f-bf0d-428a-814f-266b27e759e4:c2608]
2019-06-15 10:53:05,513 INFO  client.GrpcClientProtocolClient (GrpcClientProtocolClient.java:onNext(254)) - client-09EBABE1B9AF->325d518f-bf0d-428a-814f-266b27e759e4: receive RaftClientReply:client-09EBABE1B9AF->325d518f-bf0d-428a-814f-266b27e759e4@group-9696F0872FC0, cid=1516, SUCCESS, logIndex=2607, commits[325d518f-bf0d-428a-814f-266b27e759e4:c2608]
2019-06-15 10:53:05,518 INFO  client.GrpcClientProtocolClient (GrpcClientProtocolClient.java:onNext(254)) - client-09EBABE1B9AF->325d518f-bf0d-428a-814f-266b27e759e4: receive RaftClientReply:client-09EBABE1B9AF->325d518f-bf0d-428a-814f-266b27e759e4@group-9696F0872FC0, cid=1517, SUCCESS, logIndex=2609, commits[325d518f-bf0d-428a-814f-266b27e759e4:c2609]
2019-06-15 10:53:05,519 INFO  client.GrpcClientProtocolClient (GrpcClientProtocolClient.java:onNext(254)) - client-09EBABE1B9AF->325d518f-bf0d-428a-814f-266b27e759e4: receive RaftClientReply:client-09EBABE1B9AF->325d518f-bf0d-428a-814f-266b27e759e4@group-9696F0872FC0, cid=1518, SUCCESS, logIndex=2611, commits[325d518f-bf0d-428a-814f-266b27e759e4:c2611]
2019-06-15 10:53:05,520 INFO  client.GrpcClientProtocolClient (GrpcClientProtocolClient.java:onNext(254)) - client-09EBABE1B9AF->325d518f-bf0d-428a-814f-266b27e759e4: receive RaftClientReply:client-09EBABE1B9AF->325d518f-bf0d-428a-814f-266b27e759e4@group-9696F0872FC0, cid=1519, SUCCESS, logIndex=2612, commits[325d518f-bf0d-428a-814f-266b27e759e4:c2614]
2019-06-15 10:53:05,520 INFO  client.GrpcClientProtocolClient (GrpcClientProtocolClient.java:onNext(254)) - client-09EBABE1B9AF->325d518f-bf0d-428a-814f-266b27e759e4: receive RaftClientReply:client-09EBABE1B9AF->325d518f-bf0d-428a-814f-266b27e759e4@group-9696F0872FC0, cid=1520, SUCCESS, logIndex=2613, commits[325d518f-bf0d-428a-814f-266b27e759e4:c2614]
2019-06-15 10:53:05,530 INFO  client.GrpcClientProtocolClient (GrpcClientProtocolClient.java:onNext(254)) - client-09EBABE1B9AF->325d518f-bf0d-428a-814f-266b27e759e4: receive RaftClientReply:client-09EBABE1B9AF->325d518f-bf0d-428a-814f-266b27e759e4@group-9696F0872FC0, cid=1521, SUCCESS, logIndex=2615, commits[325d518f-bf0d-428a-814f-266b27e759e4:c2615]
2019-06-15 10:53:05,536 INFO  client.GrpcClientProtocolClient (GrpcClientProtocolClient.java:onNext(254)) - client-09EBABE1B9AF->325d518f-bf0d-428a-814f-266b27e759e4: receive RaftClientReply:client-09EBABE1B9AF->325d518f-bf0d-428a-814f-266b27e759e4@group-9696F0872FC0, cid=1522, SUCCESS, logIndex=2617, commits[325d518f-bf0d-428a-814f-266b27e759e4:c2617]
2019-06-15 10:53:05,537 INFO  client.GrpcClientProtocolClient (GrpcClientProtocolClient.java:onNext(254)) - client-09EBABE1B9AF->325d518f-bf0d-428a-814f-266b27e759e4: receive RaftClientReply:client-09EBABE1B9AF->325d518f-bf0d-428a-814f-266b27e759e4@group-9696F0872FC0, cid=1523, SUCCESS, logIndex=2618, commits[325d518f-bf0d-428a-814f-266b27e759e4:c2620]
2019-06-15 10:53:05,537 INFO  client.GrpcClientProtocolClient (GrpcClientProtocolClient.java:onNext(254)) - client-09EBABE1B9AF->325d518f-bf0d-428a-814f-266b27e759e4: receive RaftClientReply:client-09EBABE1B9AF->325d518f-bf0d-428a-814f-266b27e759e4@group-9696F0872FC0, cid=1524, SUCCESS, logIndex=2620, commits[325d518f-bf0d-428a-814f-266b27e759e4:c2620]
2019-06-15 10:53:05,542 INFO  client.GrpcClientProtocolClient (GrpcClientProtocolClient.java:onNext(254)) - client-09EBABE1B9AF->325d518f-bf0d-428a-814f-266b27e759e4: receive RaftClientReply:client-09EBABE1B9AF->325d518f-bf0d-428a-814f-266b27e759e4@group-9696F0872FC0, cid=1525, SUCCESS, logIndex=2622, commits[325d518f-bf0d-428a-814f-266b27e759e4:c2622]
2019-06-15 10:53:05,543 INFO  client.GrpcClientProtocolClient (GrpcClientProtocolClient.java:onNext(254)) - client-09EBABE1B9AF->325d518f-bf0d-428a-814f-266b27e759e4: receive RaftClientReply:client-09EBABE1B9AF->325d518f-bf0d-428a-814f-266b27e759e4@group-9696F0872FC0, cid=1526, SUCCESS, logIndex=2624, commits[325d518f-bf0d-428a-814f-266b27e759e4:c2624]
2019-06-15 10:53:05,545 INFO  client.GrpcClientProtocolClient (GrpcClientProtocolClient.java:onNext(254)) - client-09EBABE1B9AF->325d518f-bf0d-428a-814f-266b27e759e4: receive RaftClientReply:client-09EBABE1B9AF->325d518f-bf0d-428a-814f-266b27e759e4@group-9696F0872FC0, cid=1527, SUCCESS, logIndex=2625, commits[325d518f-bf0d-428a-814f-266b27e759e4:c2627]
2019-06-15 10:53:05,545 INFO  client.GrpcClientProtocolClient (GrpcClientProtocolClient.java:onNext(254)) - client-09EBABE1B9AF->325d518f-bf0d-428a-814f-266b27e759e4: receive RaftClientReply:client-09EBABE1B9AF->325d518f-bf0d-428a-814f-266b27e759e4@group-9696F0872FC0, cid=1528, SUCCESS, logIndex=2626, commits[325d518f-bf0d-428a-814f-266b27e759e4:c2627]
2019-06-15 10:53:05,555 INFO  client.GrpcClientProtocolClient (GrpcClientProtocolClient.java:onNext(254)) - client-09EBABE1B9AF->325d518f-bf0d-428a-814f-266b27e759e4: receive RaftClientReply:client-09EBABE1B9AF->325d518f-bf0d-428a-814f-266b27e759e4@group-9696F0872FC0, cid=1529, SUCCESS, logIndex=2628, commits[325d518f-bf0d-428a-814f-266b27e759e4:c2628]
2019-06-15 10:53:05,557 INFO  client.GrpcClientProtocolClient (GrpcClientProtocolClient.java:onNext(254)) - client-09EBABE1B9AF->325d518f-bf0d-428a-814f-266b27e759e4: receive RaftClientReply:client-09EBABE1B9AF->325d518f-bf0d-428a-814f-266b27e759e4@group-9696F0872FC0, cid=1530, SUCCESS, logIndex=2630, commits[325d518f-bf0d-428a-814f-266b27e759e4:c2630]
2019-06-15 10:53:05,558 INFO  client.GrpcClientProtocolClient (GrpcClientProtocolClient.java:onNext(254)) - client-09EBABE1B9AF->325d518f-bf0d-428a-814f-266b27e759e4: receive RaftClientReply:client-09EBABE1B9AF->325d518f-bf0d-428a-814f-266b27e759e4@group-9696F0872FC0, cid=1531, SUCCESS, logIndex=2631, commits[325d518f-bf0d-428a-814f-266b27e759e4:c2633]
2019-06-15 10:53:05,558 INFO  client.GrpcClientProtocolClient (GrpcClientProtocolClient.java:onNext(254)) - client-09EBABE1B9AF->325d518f-bf0d-428a-814f-266b27e759e4: receive RaftClientReply:client-09EBABE1B9AF->325d518f-bf0d-428a-814f-266b27e759e4@group-9696F0872FC0, cid=1532, SUCCESS, logIndex=2633, commits[325d518f-bf0d-428a-814f-266b27e759e4:c2633]
2019-06-15 10:53:05,562 DEBUG block.SCMBlockDeletingService (SCMBlockDeletingService.java:call(138)) - Running DeletedBlockTransactionScanner
2019-06-15 10:53:05,563 DEBUG block.SCMBlockDeletingService (SCMBlockDeletingService.java:call(155)) - Scanned deleted blocks log and got 0 delTX to process.
2019-06-15 10:53:05,564 INFO  client.GrpcClientProtocolClient (GrpcClientProtocolClient.java:onNext(254)) - client-09EBABE1B9AF->325d518f-bf0d-428a-814f-266b27e759e4: receive RaftClientReply:client-09EBABE1B9AF->325d518f-bf0d-428a-814f-266b27e759e4@group-9696F0872FC0, cid=1533, SUCCESS, logIndex=2635, commits[325d518f-bf0d-428a-814f-266b27e759e4:c2635]
2019-06-15 10:53:05,570 INFO  client.GrpcClientProtocolClient (GrpcClientProtocolClient.java:onNext(254)) - client-09EBABE1B9AF->325d518f-bf0d-428a-814f-266b27e759e4: receive RaftClientReply:client-09EBABE1B9AF->325d518f-bf0d-428a-814f-266b27e759e4@group-9696F0872FC0, cid=1534, SUCCESS, logIndex=2637, commits[325d518f-bf0d-428a-814f-266b27e759e4:c2637]
2019-06-15 10:53:05,571 INFO  client.GrpcClientProtocolClient (GrpcClientProtocolClient.java:onNext(254)) - client-09EBABE1B9AF->325d518f-bf0d-428a-814f-266b27e759e4: receive RaftClientReply:client-09EBABE1B9AF->325d518f-bf0d-428a-814f-266b27e759e4@group-9696F0872FC0, cid=1535, SUCCESS, logIndex=2638, commits[325d518f-bf0d-428a-814f-266b27e759e4:c2640]
2019-06-15 10:53:05,574 INFO  client.GrpcClientProtocolClient (GrpcClientProtocolClient.java:onNext(254)) - client-09EBABE1B9AF->325d518f-bf0d-428a-814f-266b27e759e4: receive RaftClientReply:client-09EBABE1B9AF->325d518f-bf0d-428a-814f-266b27e759e4@group-9696F0872FC0, cid=1536, SUCCESS, logIndex=2640, commits[325d518f-bf0d-428a-814f-266b27e759e4:c2640]
2019-06-15 10:53:05,585 INFO  client.GrpcClientProtocolClient (GrpcClientProtocolClient.java:onNext(254)) - client-09EBABE1B9AF->325d518f-bf0d-428a-814f-266b27e759e4: receive RaftClientReply:client-09EBABE1B9AF->325d518f-bf0d-428a-814f-266b27e759e4@group-9696F0872FC0, cid=1537, SUCCESS, logIndex=2642, commits[325d518f-bf0d-428a-814f-266b27e759e4:c2642]
2019-06-15 10:53:05,591 INFO  client.GrpcClientProtocolClient (GrpcClientProtocolClient.java:onNext(254)) - client-09EBABE1B9AF->325d518f-bf0d-428a-814f-266b27e759e4: receive RaftClientReply:client-09EBABE1B9AF->325d518f-bf0d-428a-814f-266b27e759e4@group-9696F0872FC0, cid=1538, SUCCESS, logIndex=2644, commits[325d518f-bf0d-428a-814f-266b27e759e4:c2644]
2019-06-15 10:53:05,591 INFO  client.GrpcClientProtocolClient (GrpcClientProtocolClient.java:onNext(254)) - client-09EBABE1B9AF->325d518f-bf0d-428a-814f-266b27e759e4: receive RaftClientReply:client-09EBABE1B9AF->325d518f-bf0d-428a-814f-266b27e759e4@group-9696F0872FC0, cid=1539, SUCCESS, logIndex=2645, commits[325d518f-bf0d-428a-814f-266b27e759e4:c2647]
2019-06-15 10:53:05,592 INFO  client.GrpcClientProtocolClient (GrpcClientProtocolClient.java:onNext(254)) - client-09EBABE1B9AF->325d518f-bf0d-428a-814f-266b27e759e4: receive RaftClientReply:client-09EBABE1B9AF->325d518f-bf0d-428a-814f-266b27e759e4@group-9696F0872FC0, cid=1540, SUCCESS, logIndex=2646, commits[325d518f-bf0d-428a-814f-266b27e759e4:c2647]
2019-06-15 10:53:05,599 INFO  client.GrpcClientProtocolClient (GrpcClientProtocolClient.java:onNext(254)) - client-09EBABE1B9AF->325d518f-bf0d-428a-814f-266b27e759e4: receive RaftClientReply:client-09EBABE1B9AF->325d518f-bf0d-428a-814f-266b27e759e4@group-9696F0872FC0, cid=1541, SUCCESS, logIndex=2648, commits[325d518f-bf0d-428a-814f-266b27e759e4:c2648]
2019-06-15 10:53:05,600 INFO  storage.RaftLogWorker (RaftLogWorker.java:rollLogSegment(303)) - 325d518f-bf0d-428a-814f-266b27e759e4-RaftLogWorker: Rolling segment log-2580_2649 to index:2649
2019-06-15 10:53:05,600 INFO  storage.RaftLogWorker (RaftLogWorker.java:execute(433)) - 325d518f-bf0d-428a-814f-266b27e759e4-RaftLogWorker: Rolled log segment from /opt/src/hadoop-ozone/integration-test/target/test-dir/MiniOzoneClusterImpl-dd99cefe-9779-4043-9d74-181b69d2a827/datanode-0/data/ratis/e0f1d9ef-e225-4b24-a786-9696f0872fc0/current/log_inprogress_2580 to /opt/src/hadoop-ozone/integration-test/target/test-dir/MiniOzoneClusterImpl-dd99cefe-9779-4043-9d74-181b69d2a827/datanode-0/data/ratis/e0f1d9ef-e225-4b24-a786-9696f0872fc0/current/log_2580-2649
2019-06-15 10:53:05,636 INFO  storage.RaftLogWorker (RaftLogWorker.java:execute(469)) - 325d518f-bf0d-428a-814f-266b27e759e4-RaftLogWorker: created new log segment /opt/src/hadoop-ozone/integration-test/target/test-dir/MiniOzoneClusterImpl-dd99cefe-9779-4043-9d74-181b69d2a827/datanode-0/data/ratis/e0f1d9ef-e225-4b24-a786-9696f0872fc0/current/log_inprogress_2650
2019-06-15 10:53:05,638 INFO  client.GrpcClientProtocolClient (GrpcClientProtocolClient.java:onNext(254)) - client-09EBABE1B9AF->325d518f-bf0d-428a-814f-266b27e759e4: receive RaftClientReply:client-09EBABE1B9AF->325d518f-bf0d-428a-814f-266b27e759e4@group-9696F0872FC0, cid=1542, SUCCESS, logIndex=2650, commits[325d518f-bf0d-428a-814f-266b27e759e4:c2652]
2019-06-15 10:53:05,639 INFO  client.GrpcClientProtocolClient (GrpcClientProtocolClient.java:onNext(254)) - client-09EBABE1B9AF->325d518f-bf0d-428a-814f-266b27e759e4: receive RaftClientReply:client-09EBABE1B9AF->325d518f-bf0d-428a-814f-266b27e759e4@group-9696F0872FC0, cid=1543, SUCCESS, logIndex=2651, commits[325d518f-bf0d-428a-814f-266b27e759e4:c2653]
2019-06-15 10:53:05,640 INFO  client.GrpcClientProtocolClient (GrpcClientProtocolClient.java:onNext(254)) - client-09EBABE1B9AF->325d518f-bf0d-428a-814f-266b27e759e4: receive RaftClientReply:client-09EBABE1B9AF->325d518f-bf0d-428a-814f-266b27e759e4@group-9696F0872FC0, cid=1544, SUCCESS, logIndex=2652, commits[325d518f-bf0d-428a-814f-266b27e759e4:c2653]
2019-06-15 10:53:05,651 INFO  client.GrpcClientProtocolClient (GrpcClientProtocolClient.java:onNext(254)) - client-09EBABE1B9AF->325d518f-bf0d-428a-814f-266b27e759e4: receive RaftClientReply:client-09EBABE1B9AF->325d518f-bf0d-428a-814f-266b27e759e4@group-9696F0872FC0, cid=1545, SUCCESS, logIndex=2654, commits[325d518f-bf0d-428a-814f-266b27e759e4:c2654]
2019-06-15 10:53:05,654 INFO  client.GrpcClientProtocolClient (GrpcClientProtocolClient.java:onNext(254)) - client-09EBABE1B9AF->325d518f-bf0d-428a-814f-266b27e759e4: receive RaftClientReply:client-09EBABE1B9AF->325d518f-bf0d-428a-814f-266b27e759e4@group-9696F0872FC0, cid=1546, SUCCESS, logIndex=2656, commits[325d518f-bf0d-428a-814f-266b27e759e4:c2656]
2019-06-15 10:53:05,663 DEBUG block.SCMBlockDeletingService (SCMBlockDeletingService.java:call(138)) - Running DeletedBlockTransactionScanner
2019-06-15 10:53:05,663 DEBUG block.SCMBlockDeletingService (SCMBlockDeletingService.java:call(155)) - Scanned deleted blocks log and got 0 delTX to process.
2019-06-15 10:53:05,717 INFO  client.GrpcClientProtocolClient (GrpcClientProtocolClient.java:onNext(254)) - client-09EBABE1B9AF->325d518f-bf0d-428a-814f-266b27e759e4: receive RaftClientReply:client-09EBABE1B9AF->325d518f-bf0d-428a-814f-266b27e759e4@group-9696F0872FC0, cid=1547, SUCCESS, logIndex=2658, commits[325d518f-bf0d-428a-814f-266b27e759e4:c2658]
2019-06-15 10:53:05,718 INFO  client.GrpcClientProtocolClient (GrpcClientProtocolClient.java:onNext(254)) - client-09EBABE1B9AF->325d518f-bf0d-428a-814f-266b27e759e4: receive RaftClientReply:client-09EBABE1B9AF->325d518f-bf0d-428a-814f-266b27e759e4@group-9696F0872FC0, cid=1548, SUCCESS, logIndex=2660, commits[325d518f-bf0d-428a-814f-266b27e759e4:c2660]
2019-06-15 10:53:05,723 INFO  client.GrpcClientProtocolClient (GrpcClientProtocolClient.java:onNext(254)) - client-09EBABE1B9AF->325d518f-bf0d-428a-814f-266b27e759e4: receive RaftClientReply:client-09EBABE1B9AF->325d518f-bf0d-428a-814f-266b27e759e4@group-9696F0872FC0, cid=1549, SUCCESS, logIndex=2662, commits[325d518f-bf0d-428a-814f-266b27e759e4:c2662]
2019-06-15 10:53:05,724 INFO  client.GrpcClientProtocolClient (GrpcClientProtocolClient.java:onNext(254)) - client-09EBABE1B9AF->325d518f-bf0d-428a-814f-266b27e759e4: receive RaftClientReply:client-09EBABE1B9AF->325d518f-bf0d-428a-814f-266b27e759e4@group-9696F0872FC0, cid=1550, SUCCESS, logIndex=2664, commits[325d518f-bf0d-428a-814f-266b27e759e4:c2664]
2019-06-15 10:53:05,726 INFO  client.GrpcClientProtocolClient (GrpcClientProtocolClient.java:onNext(254)) - client-09EBABE1B9AF->325d518f-bf0d-428a-814f-266b27e759e4: receive RaftClientReply:client-09EBABE1B9AF->325d518f-bf0d-428a-814f-266b27e759e4@group-9696F0872FC0, cid=1551, SUCCESS, logIndex=2665, commits[325d518f-bf0d-428a-814f-266b27e759e4:c2667]
2019-06-15 10:53:05,726 INFO  client.GrpcClientProtocolClient (GrpcClientProtocolClient.java:onNext(254)) - client-09EBABE1B9AF->325d518f-bf0d-428a-814f-266b27e759e4: receive RaftClientReply:client-09EBABE1B9AF->325d518f-bf0d-428a-814f-266b27e759e4@group-9696F0872FC0, cid=1552, SUCCESS, logIndex=2666, commits[325d518f-bf0d-428a-814f-266b27e759e4:c2667]
2019-06-15 10:53:05,736 INFO  client.GrpcClientProtocolClient (GrpcClientProtocolClient.java:onNext(254)) - client-09EBABE1B9AF->325d518f-bf0d-428a-814f-266b27e759e4: receive RaftClientReply:client-09EBABE1B9AF->325d518f-bf0d-428a-814f-266b27e759e4@group-9696F0872FC0, cid=1553, SUCCESS, logIndex=2668, commits[325d518f-bf0d-428a-814f-266b27e759e4:c2668]
2019-06-15 10:53:05,738 INFO  client.GrpcClientProtocolClient (GrpcClientProtocolClient.java:onNext(254)) - client-09EBABE1B9AF->325d518f-bf0d-428a-814f-266b27e759e4: receive RaftClientReply:client-09EBABE1B9AF->325d518f-bf0d-428a-814f-266b27e759e4@group-9696F0872FC0, cid=1554, SUCCESS, logIndex=2670, commits[325d518f-bf0d-428a-814f-266b27e759e4:c2672]
2019-06-15 10:53:05,739 INFO  client.GrpcClientProtocolClient (GrpcClientProtocolClient.java:onNext(254)) - client-09EBABE1B9AF->325d518f-bf0d-428a-814f-266b27e759e4: receive RaftClientReply:client-09EBABE1B9AF->325d518f-bf0d-428a-814f-266b27e759e4@group-9696F0872FC0, cid=1555, SUCCESS, logIndex=2671, commits[325d518f-bf0d-428a-814f-266b27e759e4:c2673]
2019-06-15 10:53:05,739 INFO  client.GrpcClientProtocolClient (GrpcClientProtocolClient.java:onNext(254)) - client-09EBABE1B9AF->325d518f-bf0d-428a-814f-266b27e759e4: receive RaftClientReply:client-09EBABE1B9AF->325d518f-bf0d-428a-814f-266b27e759e4@group-9696F0872FC0, cid=1556, SUCCESS, logIndex=2672, commits[325d518f-bf0d-428a-814f-266b27e759e4:c2673]
2019-06-15 10:53:05,745 INFO  client.GrpcClientProtocolClient (GrpcClientProtocolClient.java:onNext(254)) - client-09EBABE1B9AF->325d518f-bf0d-428a-814f-266b27e759e4: receive RaftClientReply:client-09EBABE1B9AF->325d518f-bf0d-428a-814f-266b27e759e4@group-9696F0872FC0, cid=1557, SUCCESS, logIndex=2674, commits[325d518f-bf0d-428a-814f-266b27e759e4:c2674]
2019-06-15 10:53:05,746 INFO  client.GrpcClientProtocolClient (GrpcClientProtocolClient.java:onNext(254)) - client-09EBABE1B9AF->325d518f-bf0d-428a-814f-266b27e759e4: receive RaftClientReply:client-09EBABE1B9AF->325d518f-bf0d-428a-814f-266b27e759e4@group-9696F0872FC0, cid=1558, SUCCESS, logIndex=2676, commits[325d518f-bf0d-428a-814f-266b27e759e4:c2676]
2019-06-15 10:53:05,747 INFO  client.GrpcClientProtocolClient (GrpcClientProtocolClient.java:onNext(254)) - client-09EBABE1B9AF->325d518f-bf0d-428a-814f-266b27e759e4: receive RaftClientReply:client-09EBABE1B9AF->325d518f-bf0d-428a-814f-266b27e759e4@group-9696F0872FC0, cid=1559, SUCCESS, logIndex=2677, commits[325d518f-bf0d-428a-814f-266b27e759e4:c2679]
2019-06-15 10:53:05,748 INFO  client.GrpcClientProtocolClient (GrpcClientProtocolClient.java:onNext(254)) - client-09EBABE1B9AF->325d518f-bf0d-428a-814f-266b27e759e4: receive RaftClientReply:client-09EBABE1B9AF->325d518f-bf0d-428a-814f-266b27e759e4@group-9696F0872FC0, cid=1560, SUCCESS, logIndex=2678, commits[325d518f-bf0d-428a-814f-266b27e759e4:c2679]
2019-06-15 10:53:05,757 INFO  client.GrpcClientProtocolClient (GrpcClientProtocolClient.java:onNext(254)) - client-09EBABE1B9AF->325d518f-bf0d-428a-814f-266b27e759e4: receive RaftClientReply:client-09EBABE1B9AF->325d518f-bf0d-428a-814f-266b27e759e4@group-9696F0872FC0, cid=1561, SUCCESS, logIndex=2680, commits[325d518f-bf0d-428a-814f-266b27e759e4:c2680]
2019-06-15 10:53:05,758 INFO  client.GrpcClientProtocolClient (GrpcClientProtocolClient.java:onNext(254)) - client-09EBABE1B9AF->325d518f-bf0d-428a-814f-266b27e759e4: receive RaftClientReply:client-09EBABE1B9AF->325d518f-bf0d-428a-814f-266b27e759e4@group-9696F0872FC0, cid=1562, SUCCESS, logIndex=2682, commits[325d518f-bf0d-428a-814f-266b27e759e4:c2682]
2019-06-15 10:53:05,759 INFO  client.GrpcClientProtocolClient (GrpcClientProtocolClient.java:onNext(254)) - client-09EBABE1B9AF->325d518f-bf0d-428a-814f-266b27e759e4: receive RaftClientReply:client-09EBABE1B9AF->325d518f-bf0d-428a-814f-266b27e759e4@group-9696F0872FC0, cid=1563, SUCCESS, logIndex=2683, commits[325d518f-bf0d-428a-814f-266b27e759e4:c2685]
2019-06-15 10:53:05,760 INFO  client.GrpcClientProtocolClient (GrpcClientProtocolClient.java:onNext(254)) - client-09EBABE1B9AF->325d518f-bf0d-428a-814f-266b27e759e4: receive RaftClientReply:client-09EBABE1B9AF->325d518f-bf0d-428a-814f-266b27e759e4@group-9696F0872FC0, cid=1564, SUCCESS, logIndex=2684, commits[325d518f-bf0d-428a-814f-266b27e759e4:c2685]
2019-06-15 10:53:05,763 DEBUG block.SCMBlockDeletingService (SCMBlockDeletingService.java:call(138)) - Running DeletedBlockTransactionScanner
2019-06-15 10:53:05,763 DEBUG block.SCMBlockDeletingService (SCMBlockDeletingService.java:call(155)) - Scanned deleted blocks log and got 0 delTX to process.
2019-06-15 10:53:05,765 INFO  client.GrpcClientProtocolClient (GrpcClientProtocolClient.java:onNext(254)) - client-09EBABE1B9AF->325d518f-bf0d-428a-814f-266b27e759e4: receive RaftClientReply:client-09EBABE1B9AF->325d518f-bf0d-428a-814f-266b27e759e4@group-9696F0872FC0, cid=1565, SUCCESS, logIndex=2686, commits[325d518f-bf0d-428a-814f-266b27e759e4:c2686]
2019-06-15 10:53:05,766 INFO  client.GrpcClientProtocolClient (GrpcClientProtocolClient.java:onNext(254)) - client-09EBABE1B9AF->325d518f-bf0d-428a-814f-266b27e759e4: receive RaftClientReply:client-09EBABE1B9AF->325d518f-bf0d-428a-814f-266b27e759e4@group-9696F0872FC0, cid=1566, SUCCESS, logIndex=2688, commits[325d518f-bf0d-428a-814f-266b27e759e4:c2688]
2019-06-15 10:53:05,767 INFO  client.GrpcClientProtocolClient (GrpcClientProtocolClient.java:onNext(254)) - client-09EBABE1B9AF->325d518f-bf0d-428a-814f-266b27e759e4: receive RaftClientReply:client-09EBABE1B9AF->325d518f-bf0d-428a-814f-266b27e759e4@group-9696F0872FC0, cid=1567, SUCCESS, logIndex=2689, commits[325d518f-bf0d-428a-814f-266b27e759e4:c2691]
2019-06-15 10:53:05,768 INFO  client.GrpcClientProtocolClient (GrpcClientProtocolClient.java:onNext(254)) - client-09EBABE1B9AF->325d518f-bf0d-428a-814f-266b27e759e4: receive RaftClientReply:client-09EBABE1B9AF->325d518f-bf0d-428a-814f-266b27e759e4@group-9696F0872FC0, cid=1568, SUCCESS, logIndex=2690, commits[325d518f-bf0d-428a-814f-266b27e759e4:c2691]
2019-06-15 10:53:05,779 INFO  client.GrpcClientProtocolClient (GrpcClientProtocolClient.java:onNext(254)) - client-09EBABE1B9AF->325d518f-bf0d-428a-814f-266b27e759e4: receive RaftClientReply:client-09EBABE1B9AF->325d518f-bf0d-428a-814f-266b27e759e4@group-9696F0872FC0, cid=1569, SUCCESS, logIndex=2692, commits[325d518f-bf0d-428a-814f-266b27e759e4:c2692]
2019-06-15 10:53:05,781 INFO  client.GrpcClientProtocolClient (GrpcClientProtocolClient.java:onNext(254)) - client-09EBABE1B9AF->325d518f-bf0d-428a-814f-266b27e759e4: receive RaftClientReply:client-09EBABE1B9AF->325d518f-bf0d-428a-814f-266b27e759e4@group-9696F0872FC0, cid=1570, SUCCESS, logIndex=2694, commits[325d518f-bf0d-428a-814f-266b27e759e4:c2694]
2019-06-15 10:53:05,782 INFO  client.GrpcClientProtocolClient (GrpcClientProtocolClient.java:onNext(254)) - client-09EBABE1B9AF->325d518f-bf0d-428a-814f-266b27e759e4: receive RaftClientReply:client-09EBABE1B9AF->325d518f-bf0d-428a-814f-266b27e759e4@group-9696F0872FC0, cid=1571, SUCCESS, logIndex=2695, commits[325d518f-bf0d-428a-814f-266b27e759e4:c2696]
2019-06-15 10:53:05,782 INFO  client.GrpcClientProtocolClient (GrpcClientProtocolClient.java:onNext(254)) - client-09EBABE1B9AF->325d518f-bf0d-428a-814f-266b27e759e4: receive RaftClientReply:client-09EBABE1B9AF->325d518f-bf0d-428a-814f-266b27e759e4@group-9696F0872FC0, cid=1572, SUCCESS, logIndex=2696, commits[325d518f-bf0d-428a-814f-266b27e759e4:c2696]
2019-06-15 10:53:05,787 INFO  client.GrpcClientProtocolClient (GrpcClientProtocolClient.java:onNext(254)) - client-09EBABE1B9AF->325d518f-bf0d-428a-814f-266b27e759e4: receive RaftClientReply:client-09EBABE1B9AF->325d518f-bf0d-428a-814f-266b27e759e4@group-9696F0872FC0, cid=1573, SUCCESS, logIndex=2699, commits[325d518f-bf0d-428a-814f-266b27e759e4:c2699]
2019-06-15 10:53:05,789 INFO  client.GrpcClientProtocolClient (GrpcClientProtocolClient.java:onNext(254)) - client-09EBABE1B9AF->325d518f-bf0d-428a-814f-266b27e759e4: receive RaftClientReply:client-09EBABE1B9AF->325d518f-bf0d-428a-814f-266b27e759e4@group-9696F0872FC0, cid=1574, SUCCESS, logIndex=2701, commits[325d518f-bf0d-428a-814f-266b27e759e4:c2701]
2019-06-15 10:53:05,790 INFO  client.GrpcClientProtocolClient (GrpcClientProtocolClient.java:onNext(254)) - client-09EBABE1B9AF->325d518f-bf0d-428a-814f-266b27e759e4: receive RaftClientReply:client-09EBABE1B9AF->325d518f-bf0d-428a-814f-266b27e759e4@group-9696F0872FC0, cid=1575, SUCCESS, logIndex=2702, commits[325d518f-bf0d-428a-814f-266b27e759e4:c2704]
2019-06-15 10:53:05,791 INFO  client.GrpcClientProtocolClient (GrpcClientProtocolClient.java:onNext(254)) - client-09EBABE1B9AF->325d518f-bf0d-428a-814f-266b27e759e4: receive RaftClientReply:client-09EBABE1B9AF->325d518f-bf0d-428a-814f-266b27e759e4@group-9696F0872FC0, cid=1576, SUCCESS, logIndex=2703, commits[325d518f-bf0d-428a-814f-266b27e759e4:c2704]
2019-06-15 10:53:05,803 INFO  client.GrpcClientProtocolClient (GrpcClientProtocolClient.java:onNext(254)) - client-09EBABE1B9AF->325d518f-bf0d-428a-814f-266b27e759e4: receive RaftClientReply:client-09EBABE1B9AF->325d518f-bf0d-428a-814f-266b27e759e4@group-9696F0872FC0, cid=1577, SUCCESS, logIndex=2705, commits[325d518f-bf0d-428a-814f-266b27e759e4:c2705]
2019-06-15 10:53:05,804 INFO  client.GrpcClientProtocolClient (GrpcClientProtocolClient.java:onNext(254)) - client-09EBABE1B9AF->325d518f-bf0d-428a-814f-266b27e759e4: receive RaftClientReply:client-09EBABE1B9AF->325d518f-bf0d-428a-814f-266b27e759e4@group-9696F0872FC0, cid=1578, SUCCESS, logIndex=2707, commits[325d518f-bf0d-428a-814f-266b27e759e4:c2707]
2019-06-15 10:53:05,806 INFO  client.GrpcClientProtocolClient (GrpcClientProtocolClient.java:onNext(254)) - client-09EBABE1B9AF->325d518f-bf0d-428a-814f-266b27e759e4: receive RaftClientReply:client-09EBABE1B9AF->325d518f-bf0d-428a-814f-266b27e759e4@group-9696F0872FC0, cid=1579, SUCCESS, logIndex=2709, commits[325d518f-bf0d-428a-814f-266b27e759e4:c2710]
2019-06-15 10:53:05,810 INFO  client.GrpcClientProtocolClient (GrpcClientProtocolClient.java:onNext(254)) - client-09EBABE1B9AF->325d518f-bf0d-428a-814f-266b27e759e4: receive RaftClientReply:client-09EBABE1B9AF->325d518f-bf0d-428a-814f-266b27e759e4@group-9696F0872FC0, cid=1580, SUCCESS, logIndex=2710, commits[325d518f-bf0d-428a-814f-266b27e759e4:c2710]
2019-06-15 10:53:05,816 INFO  client.GrpcClientProtocolClient (GrpcClientProtocolClient.java:onNext(254)) - client-09EBABE1B9AF->325d518f-bf0d-428a-814f-266b27e759e4: receive RaftClientReply:client-09EBABE1B9AF->325d518f-bf0d-428a-814f-266b27e759e4@group-9696F0872FC0, cid=1581, SUCCESS, logIndex=2712, commits[325d518f-bf0d-428a-814f-266b27e759e4:c2712]
2019-06-15 10:53:05,817 INFO  client.GrpcClientProtocolClient (GrpcClientProtocolClient.java:onNext(254)) - client-09EBABE1B9AF->325d518f-bf0d-428a-814f-266b27e759e4: receive RaftClientReply:client-09EBABE1B9AF->325d518f-bf0d-428a-814f-266b27e759e4@group-9696F0872FC0, cid=1582, SUCCESS, logIndex=2714, commits[325d518f-bf0d-428a-814f-266b27e759e4:c2714]
2019-06-15 10:53:05,818 INFO  client.GrpcClientProtocolClient (GrpcClientProtocolClient.java:onNext(254)) - client-09EBABE1B9AF->325d518f-bf0d-428a-814f-266b27e759e4: receive RaftClientReply:client-09EBABE1B9AF->325d518f-bf0d-428a-814f-266b27e759e4@group-9696F0872FC0, cid=1583, SUCCESS, logIndex=2715, commits[325d518f-bf0d-428a-814f-266b27e759e4:c2717]
2019-06-15 10:53:05,819 INFO  client.GrpcClientProtocolClient (GrpcClientProtocolClient.java:onNext(254)) - client-09EBABE1B9AF->325d518f-bf0d-428a-814f-266b27e759e4: receive RaftClientReply:client-09EBABE1B9AF->325d518f-bf0d-428a-814f-266b27e759e4@group-9696F0872FC0, cid=1584, SUCCESS, logIndex=2716, commits[325d518f-bf0d-428a-814f-266b27e759e4:c2717]
2019-06-15 10:53:05,824 INFO  storage.RaftLogWorker (RaftLogWorker.java:rollLogSegment(303)) - 325d518f-bf0d-428a-814f-266b27e759e4-RaftLogWorker: Rolling segment log-2650_2717 to index:2717
2019-06-15 10:53:05,825 INFO  storage.RaftLogWorker (RaftLogWorker.java:execute(433)) - 325d518f-bf0d-428a-814f-266b27e759e4-RaftLogWorker: Rolled log segment from /opt/src/hadoop-ozone/integration-test/target/test-dir/MiniOzoneClusterImpl-dd99cefe-9779-4043-9d74-181b69d2a827/datanode-0/data/ratis/e0f1d9ef-e225-4b24-a786-9696f0872fc0/current/log_inprogress_2650 to /opt/src/hadoop-ozone/integration-test/target/test-dir/MiniOzoneClusterImpl-dd99cefe-9779-4043-9d74-181b69d2a827/datanode-0/data/ratis/e0f1d9ef-e225-4b24-a786-9696f0872fc0/current/log_2650-2717
2019-06-15 10:53:05,860 INFO  storage.RaftLogWorker (RaftLogWorker.java:execute(469)) - 325d518f-bf0d-428a-814f-266b27e759e4-RaftLogWorker: created new log segment /opt/src/hadoop-ozone/integration-test/target/test-dir/MiniOzoneClusterImpl-dd99cefe-9779-4043-9d74-181b69d2a827/datanode-0/data/ratis/e0f1d9ef-e225-4b24-a786-9696f0872fc0/current/log_inprogress_2718
2019-06-15 10:53:05,906 DEBUG block.SCMBlockDeletingService (SCMBlockDeletingService.java:call(138)) - Running DeletedBlockTransactionScanner
2019-06-15 10:53:05,906 INFO  client.GrpcClientProtocolClient (GrpcClientProtocolClient.java:onNext(254)) - client-09EBABE1B9AF->325d518f-bf0d-428a-814f-266b27e759e4: receive RaftClientReply:client-09EBABE1B9AF->325d518f-bf0d-428a-814f-266b27e759e4@group-9696F0872FC0, cid=1585, SUCCESS, logIndex=2718, commits[325d518f-bf0d-428a-814f-266b27e759e4:c2718]
2019-06-15 10:53:05,910 DEBUG block.SCMBlockDeletingService (SCMBlockDeletingService.java:call(155)) - Scanned deleted blocks log and got 0 delTX to process.
2019-06-15 10:53:05,910 INFO  client.GrpcClientProtocolClient (GrpcClientProtocolClient.java:onNext(254)) - client-09EBABE1B9AF->325d518f-bf0d-428a-814f-266b27e759e4: receive RaftClientReply:client-09EBABE1B9AF->325d518f-bf0d-428a-814f-266b27e759e4@group-9696F0872FC0, cid=1586, SUCCESS, logIndex=2720, commits[325d518f-bf0d-428a-814f-266b27e759e4:c2720]
2019-06-15 10:53:05,911 INFO  client.GrpcClientProtocolClient (GrpcClientProtocolClient.java:onNext(254)) - client-09EBABE1B9AF->325d518f-bf0d-428a-814f-266b27e759e4: receive RaftClientReply:client-09EBABE1B9AF->325d518f-bf0d-428a-814f-266b27e759e4@group-9696F0872FC0, cid=1587, SUCCESS, logIndex=2721, commits[325d518f-bf0d-428a-814f-266b27e759e4:c2723]
2019-06-15 10:53:05,911 INFO  client.GrpcClientProtocolClient (GrpcClientProtocolClient.java:onNext(254)) - client-09EBABE1B9AF->325d518f-bf0d-428a-814f-266b27e759e4: receive RaftClientReply:client-09EBABE1B9AF->325d518f-bf0d-428a-814f-266b27e759e4@group-9696F0872FC0, cid=1588, SUCCESS, logIndex=2722, commits[325d518f-bf0d-428a-814f-266b27e759e4:c2723]
2019-06-15 10:53:05,917 INFO  client.GrpcClientProtocolClient (GrpcClientProtocolClient.java:onNext(254)) - client-09EBABE1B9AF->325d518f-bf0d-428a-814f-266b27e759e4: receive RaftClientReply:client-09EBABE1B9AF->325d518f-bf0d-428a-814f-266b27e759e4@group-9696F0872FC0, cid=1589, SUCCESS, logIndex=2724, commits[325d518f-bf0d-428a-814f-266b27e759e4:c2724]
2019-06-15 10:53:05,918 INFO  client.GrpcClientProtocolClient (GrpcClientProtocolClient.java:onNext(254)) - client-09EBABE1B9AF->325d518f-bf0d-428a-814f-266b27e759e4: receive RaftClientReply:client-09EBABE1B9AF->325d518f-bf0d-428a-814f-266b27e759e4@group-9696F0872FC0, cid=1590, SUCCESS, logIndex=2726, commits[325d518f-bf0d-428a-814f-266b27e759e4:c2726]
2019-06-15 10:53:05,984 INFO  client.GrpcClientProtocolClient (GrpcClientProtocolClient.java:onNext(254)) - client-09EBABE1B9AF->325d518f-bf0d-428a-814f-266b27e759e4: receive RaftClientReply:client-09EBABE1B9AF->325d518f-bf0d-428a-814f-266b27e759e4@group-9696F0872FC0, cid=1591, SUCCESS, logIndex=2728, commits[325d518f-bf0d-428a-814f-266b27e759e4:c2728]
2019-06-15 10:53:05,985 INFO  client.GrpcClientProtocolClient (GrpcClientProtocolClient.java:onNext(254)) - client-09EBABE1B9AF->325d518f-bf0d-428a-814f-266b27e759e4: receive RaftClientReply:client-09EBABE1B9AF->325d518f-bf0d-428a-814f-266b27e759e4@group-9696F0872FC0, cid=1592, SUCCESS, logIndex=2730, commits[325d518f-bf0d-428a-814f-266b27e759e4:c2730]
2019-06-15 10:53:05,995 INFO  client.GrpcClientProtocolClient (GrpcClientProtocolClient.java:onNext(254)) - client-09EBABE1B9AF->325d518f-bf0d-428a-814f-266b27e759e4: receive RaftClientReply:client-09EBABE1B9AF->325d518f-bf0d-428a-814f-266b27e759e4@group-9696F0872FC0, cid=1593, SUCCESS, logIndex=2732, commits[325d518f-bf0d-428a-814f-266b27e759e4:c2732]
2019-06-15 10:53:05,996 INFO  client.GrpcClientProtocolClient (GrpcClientProtocolClient.java:onNext(254)) - client-09EBABE1B9AF->325d518f-bf0d-428a-814f-266b27e759e4: receive RaftClientReply:client-09EBABE1B9AF->325d518f-bf0d-428a-814f-266b27e759e4@group-9696F0872FC0, cid=1594, SUCCESS, logIndex=2734, commits[325d518f-bf0d-428a-814f-266b27e759e4:c2734]
2019-06-15 10:53:05,998 INFO  client.GrpcClientProtocolClient (GrpcClientProtocolClient.java:onNext(254)) - client-09EBABE1B9AF->325d518f-bf0d-428a-814f-266b27e759e4: receive RaftClientReply:client-09EBABE1B9AF->325d518f-bf0d-428a-814f-266b27e759e4@group-9696F0872FC0, cid=1595, SUCCESS, logIndex=2735, commits[325d518f-bf0d-428a-814f-266b27e759e4:c2737]
2019-06-15 10:53:05,998 INFO  client.GrpcClientProtocolClient (GrpcClientProtocolClient.java:onNext(254)) - client-09EBABE1B9AF->325d518f-bf0d-428a-814f-266b27e759e4: receive RaftClientReply:client-09EBABE1B9AF->325d518f-bf0d-428a-814f-266b27e759e4@group-9696F0872FC0, cid=1596, SUCCESS, logIndex=2736, commits[325d518f-bf0d-428a-814f-266b27e759e4:c2737]
2019-06-15 10:53:06,009 INFO  client.GrpcClientProtocolClient (GrpcClientProtocolClient.java:onNext(254)) - client-09EBABE1B9AF->325d518f-bf0d-428a-814f-266b27e759e4: receive RaftClientReply:client-09EBABE1B9AF->325d518f-bf0d-428a-814f-266b27e759e4@group-9696F0872FC0, cid=1597, SUCCESS, logIndex=2738, commits[325d518f-bf0d-428a-814f-266b27e759e4:c2738]
2019-06-15 10:53:06,010 DEBUG block.SCMBlockDeletingService (SCMBlockDeletingService.java:call(138)) - Running DeletedBlockTransactionScanner
2019-06-15 10:53:06,010 DEBUG block.SCMBlockDeletingService (SCMBlockDeletingService.java:call(155)) - Scanned deleted blocks log and got 0 delTX to process.
2019-06-15 10:53:06,010 INFO  client.GrpcClientProtocolClient (GrpcClientProtocolClient.java:onNext(254)) - client-09EBABE1B9AF->325d518f-bf0d-428a-814f-266b27e759e4: receive RaftClientReply:client-09EBABE1B9AF->325d518f-bf0d-428a-814f-266b27e759e4@group-9696F0872FC0, cid=1598, SUCCESS, logIndex=2740, commits[325d518f-bf0d-428a-814f-266b27e759e4:c2740]
2019-06-15 10:53:06,017 INFO  client.GrpcClientProtocolClient (GrpcClientProtocolClient.java:onNext(254)) - client-09EBABE1B9AF->325d518f-bf0d-428a-814f-266b27e759e4: receive RaftClientReply:client-09EBABE1B9AF->325d518f-bf0d-428a-814f-266b27e759e4@group-9696F0872FC0, cid=1599, SUCCESS, logIndex=2742, commits[325d518f-bf0d-428a-814f-266b27e759e4:c2742]
2019-06-15 10:53:06,018 INFO  client.GrpcClientProtocolClient (GrpcClientProtocolClient.java:onNext(254)) - client-09EBABE1B9AF->325d518f-bf0d-428a-814f-266b27e759e4: receive RaftClientReply:client-09EBABE1B9AF->325d518f-bf0d-428a-814f-266b27e759e4@group-9696F0872FC0, cid=1600, SUCCESS, logIndex=2744, commits[325d518f-bf0d-428a-814f-266b27e759e4:c2744]
2019-06-15 10:53:06,027 INFO  client.GrpcClientProtocolClient (GrpcClientProtocolClient.java:onNext(254)) - client-09EBABE1B9AF->325d518f-bf0d-428a-814f-266b27e759e4: receive RaftClientReply:client-09EBABE1B9AF->325d518f-bf0d-428a-814f-266b27e759e4@group-9696F0872FC0, cid=1601, SUCCESS, logIndex=2746, commits[325d518f-bf0d-428a-814f-266b27e759e4:c2746]
2019-06-15 10:53:06,028 INFO  client.GrpcClientProtocolClient (GrpcClientProtocolClient.java:onNext(254)) - client-09EBABE1B9AF->325d518f-bf0d-428a-814f-266b27e759e4: receive RaftClientReply:client-09EBABE1B9AF->325d518f-bf0d-428a-814f-266b27e759e4@group-9696F0872FC0, cid=1602, SUCCESS, logIndex=2748, commits[325d518f-bf0d-428a-814f-266b27e759e4:c2748]
2019-06-15 10:53:06,029 INFO  client.GrpcClientProtocolClient (GrpcClientProtocolClient.java:onNext(254)) - client-09EBABE1B9AF->325d518f-bf0d-428a-814f-266b27e759e4: receive RaftClientReply:client-09EBABE1B9AF->325d518f-bf0d-428a-814f-266b27e759e4@group-9696F0872FC0, cid=1603, SUCCESS, logIndex=2749, commits[325d518f-bf0d-428a-814f-266b27e759e4:c2751]
2019-06-15 10:53:06,029 INFO  client.GrpcClientProtocolClient (GrpcClientProtocolClient.java:onNext(254)) - client-09EBABE1B9AF->325d518f-bf0d-428a-814f-266b27e759e4: receive RaftClientReply:client-09EBABE1B9AF->325d518f-bf0d-428a-814f-266b27e759e4@group-9696F0872FC0, cid=1604, SUCCESS, logIndex=2750, commits[325d518f-bf0d-428a-814f-266b27e759e4:c2751]
2019-06-15 10:53:06,034 INFO  client.GrpcClientProtocolClient (GrpcClientProtocolClient.java:onNext(254)) - client-09EBABE1B9AF->325d518f-bf0d-428a-814f-266b27e759e4: receive RaftClientReply:client-09EBABE1B9AF->325d518f-bf0d-428a-814f-266b27e759e4@group-9696F0872FC0, cid=1605, SUCCESS, logIndex=2752, commits[325d518f-bf0d-428a-814f-266b27e759e4:c2752]
2019-06-15 10:53:06,036 INFO  client.GrpcClientProtocolClient (GrpcClientProtocolClient.java:onNext(254)) - client-09EBABE1B9AF->325d518f-bf0d-428a-814f-266b27e759e4: receive RaftClientReply:client-09EBABE1B9AF->325d518f-bf0d-428a-814f-266b27e759e4@group-9696F0872FC0, cid=1606, SUCCESS, logIndex=2754, commits[325d518f-bf0d-428a-814f-266b27e759e4:c2754]
2019-06-15 10:53:06,037 INFO  client.GrpcClientProtocolClient (GrpcClientProtocolClient.java:onNext(254)) - client-09EBABE1B9AF->325d518f-bf0d-428a-814f-266b27e759e4: receive RaftClientReply:client-09EBABE1B9AF->325d518f-bf0d-428a-814f-266b27e759e4@group-9696F0872FC0, cid=1607, SUCCESS, logIndex=2755, commits[325d518f-bf0d-428a-814f-266b27e759e4:c2756]
2019-06-15 10:53:06,037 INFO  client.GrpcClientProtocolClient (GrpcClientProtocolClient.java:onNext(254)) - client-09EBABE1B9AF->325d518f-bf0d-428a-814f-266b27e759e4: receive RaftClientReply:client-09EBABE1B9AF->325d518f-bf0d-428a-814f-266b27e759e4@group-9696F0872FC0, cid=1608, SUCCESS, logIndex=2756, commits[325d518f-bf0d-428a-814f-266b27e759e4:c2756]
2019-06-15 10:53:06,046 INFO  client.GrpcClientProtocolClient (GrpcClientProtocolClient.java:onNext(254)) - client-09EBABE1B9AF->325d518f-bf0d-428a-814f-266b27e759e4: receive RaftClientReply:client-09EBABE1B9AF->325d518f-bf0d-428a-814f-266b27e759e4@group-9696F0872FC0, cid=1609, SUCCESS, logIndex=2759, commits[325d518f-bf0d-428a-814f-266b27e759e4:c2759]
2019-06-15 10:53:06,048 INFO  client.GrpcClientProtocolClient (GrpcClientProtocolClient.java:onNext(254)) - client-09EBABE1B9AF->325d518f-bf0d-428a-814f-266b27e759e4: receive RaftClientReply:client-09EBABE1B9AF->325d518f-bf0d-428a-814f-266b27e759e4@group-9696F0872FC0, cid=1610, SUCCESS, logIndex=2761, commits[325d518f-bf0d-428a-814f-266b27e759e4:c2761]
2019-06-15 10:53:06,048 INFO  client.GrpcClientProtocolClient (GrpcClientProtocolClient.java:onNext(254)) - client-09EBABE1B9AF->325d518f-bf0d-428a-814f-266b27e759e4: receive RaftClientReply:client-09EBABE1B9AF->325d518f-bf0d-428a-814f-266b27e759e4@group-9696F0872FC0, cid=1611, SUCCESS, logIndex=2762, commits[325d518f-bf0d-428a-814f-266b27e759e4:c2762]
2019-06-15 10:53:06,049 INFO  client.GrpcClientProtocolClient (GrpcClientProtocolClient.java:onNext(254)) - client-09EBABE1B9AF->325d518f-bf0d-428a-814f-266b27e759e4: receive RaftClientReply:client-09EBABE1B9AF->325d518f-bf0d-428a-814f-266b27e759e4@group-9696F0872FC0, cid=1612, SUCCESS, logIndex=2764, commits[325d518f-bf0d-428a-814f-266b27e759e4:c2764]
2019-06-15 10:53:06,053 INFO  client.GrpcClientProtocolClient (GrpcClientProtocolClient.java:onNext(254)) - client-09EBABE1B9AF->325d518f-bf0d-428a-814f-266b27e759e4: receive RaftClientReply:client-09EBABE1B9AF->325d518f-bf0d-428a-814f-266b27e759e4@group-9696F0872FC0, cid=1613, SUCCESS, logIndex=2767, commits[325d518f-bf0d-428a-814f-266b27e759e4:c2767]
2019-06-15 10:53:06,055 INFO  client.GrpcClientProtocolClient (GrpcClientProtocolClient.java:onNext(254)) - client-09EBABE1B9AF->325d518f-bf0d-428a-814f-266b27e759e4: receive RaftClientReply:client-09EBABE1B9AF->325d518f-bf0d-428a-814f-266b27e759e4@group-9696F0872FC0, cid=1614, SUCCESS, logIndex=2769, commits[325d518f-bf0d-428a-814f-266b27e759e4:c2769]
2019-06-15 10:53:06,056 INFO  client.GrpcClientProtocolClient (GrpcClientProtocolClient.java:onNext(254)) - client-09EBABE1B9AF->325d518f-bf0d-428a-814f-266b27e759e4: receive RaftClientReply:client-09EBABE1B9AF->325d518f-bf0d-428a-814f-266b27e759e4@group-9696F0872FC0, cid=1615, SUCCESS, logIndex=2770, commits[325d518f-bf0d-428a-814f-266b27e759e4:c2772]
2019-06-15 10:53:06,056 INFO  client.GrpcClientProtocolClient (GrpcClientProtocolClient.java:onNext(254)) - client-09EBABE1B9AF->325d518f-bf0d-428a-814f-266b27e759e4: receive RaftClientReply:client-09EBABE1B9AF->325d518f-bf0d-428a-814f-266b27e759e4@group-9696F0872FC0, cid=1616, SUCCESS, logIndex=2771, commits[325d518f-bf0d-428a-814f-266b27e759e4:c2772]
2019-06-15 10:53:06,065 INFO  client.GrpcClientProtocolClient (GrpcClientProtocolClient.java:onNext(254)) - client-09EBABE1B9AF->325d518f-bf0d-428a-814f-266b27e759e4: receive RaftClientReply:client-09EBABE1B9AF->325d518f-bf0d-428a-814f-266b27e759e4@group-9696F0872FC0, cid=1617, SUCCESS, logIndex=2773, commits[325d518f-bf0d-428a-814f-266b27e759e4:c2773]
2019-06-15 10:53:06,066 INFO  client.GrpcClientProtocolClient (GrpcClientProtocolClient.java:onNext(254)) - client-09EBABE1B9AF->325d518f-bf0d-428a-814f-266b27e759e4: receive RaftClientReply:client-09EBABE1B9AF->325d518f-bf0d-428a-814f-266b27e759e4@group-9696F0872FC0, cid=1618, SUCCESS, logIndex=2775, commits[325d518f-bf0d-428a-814f-266b27e759e4:c2775]
2019-06-15 10:53:06,067 INFO  client.GrpcClientProtocolClient (GrpcClientProtocolClient.java:onNext(254)) - client-09EBABE1B9AF->325d518f-bf0d-428a-814f-266b27e759e4: receive RaftClientReply:client-09EBABE1B9AF->325d518f-bf0d-428a-814f-266b27e759e4@group-9696F0872FC0, cid=1619, SUCCESS, logIndex=2776, commits[325d518f-bf0d-428a-814f-266b27e759e4:c2778]
2019-06-15 10:53:06,069 INFO  client.GrpcClientProtocolClient (GrpcClientProtocolClient.java:onNext(254)) - client-09EBABE1B9AF->325d518f-bf0d-428a-814f-266b27e759e4: receive RaftClientReply:client-09EBABE1B9AF->325d518f-bf0d-428a-814f-266b27e759e4@group-9696F0872FC0, cid=1620, SUCCESS, logIndex=2777, commits[325d518f-bf0d-428a-814f-266b27e759e4:c2778]
2019-06-15 10:53:06,073 INFO  client.GrpcClientProtocolClient (GrpcClientProtocolClient.java:onNext(254)) - client-09EBABE1B9AF->325d518f-bf0d-428a-814f-266b27e759e4: receive RaftClientReply:client-09EBABE1B9AF->325d518f-bf0d-428a-814f-266b27e759e4@group-9696F0872FC0, cid=1621, SUCCESS, logIndex=2779, commits[325d518f-bf0d-428a-814f-266b27e759e4:c2779]
2019-06-15 10:53:06,075 INFO  client.GrpcClientProtocolClient (GrpcClientProtocolClient.java:onNext(254)) - client-09EBABE1B9AF->325d518f-bf0d-428a-814f-266b27e759e4: receive RaftClientReply:client-09EBABE1B9AF->325d518f-bf0d-428a-814f-266b27e759e4@group-9696F0872FC0, cid=1622, SUCCESS, logIndex=2781, commits[325d518f-bf0d-428a-814f-266b27e759e4:c2781]
2019-06-15 10:53:06,076 INFO  client.GrpcClientProtocolClient (GrpcClientProtocolClient.java:onNext(254)) - client-09EBABE1B9AF->325d518f-bf0d-428a-814f-266b27e759e4: receive RaftClientReply:client-09EBABE1B9AF->325d518f-bf0d-428a-814f-266b27e759e4@group-9696F0872FC0, cid=1623, SUCCESS, logIndex=2782, commits[325d518f-bf0d-428a-814f-266b27e759e4:c2784]
2019-06-15 10:53:06,076 INFO  client.GrpcClientProtocolClient (GrpcClientProtocolClient.java:onNext(254)) - client-09EBABE1B9AF->325d518f-bf0d-428a-814f-266b27e759e4: receive RaftClientReply:client-09EBABE1B9AF->325d518f-bf0d-428a-814f-266b27e759e4@group-9696F0872FC0, cid=1624, SUCCESS, logIndex=2783, commits[325d518f-bf0d-428a-814f-266b27e759e4:c2784]
2019-06-15 10:53:06,085 INFO  client.GrpcClientProtocolClient (GrpcClientProtocolClient.java:onNext(254)) - client-09EBABE1B9AF->325d518f-bf0d-428a-814f-266b27e759e4: receive RaftClientReply:client-09EBABE1B9AF->325d518f-bf0d-428a-814f-266b27e759e4@group-9696F0872FC0, cid=1625, SUCCESS, logIndex=2785, commits[325d518f-bf0d-428a-814f-266b27e759e4:c2785]
2019-06-15 10:53:06,087 INFO  client.GrpcClientProtocolClient (GrpcClientProtocolClient.java:onNext(254)) - client-09EBABE1B9AF->325d518f-bf0d-428a-814f-266b27e759e4: receive RaftClientReply:client-09EBABE1B9AF->325d518f-bf0d-428a-814f-266b27e759e4@group-9696F0872FC0, cid=1626, SUCCESS, logIndex=2787, commits[325d518f-bf0d-428a-814f-266b27e759e4:c2787]
2019-06-15 10:53:06,087 INFO  client.GrpcClientProtocolClient (GrpcClientProtocolClient.java:onNext(254)) - client-09EBABE1B9AF->325d518f-bf0d-428a-814f-266b27e759e4: receive RaftClientReply:client-09EBABE1B9AF->325d518f-bf0d-428a-814f-266b27e759e4@group-9696F0872FC0, cid=1627, SUCCESS, logIndex=2788, commits[325d518f-bf0d-428a-814f-266b27e759e4:c2790]
2019-06-15 10:53:06,087 INFO  client.GrpcClientProtocolClient (GrpcClientProtocolClient.java:onNext(254)) - client-09EBABE1B9AF->325d518f-bf0d-428a-814f-266b27e759e4: receive RaftClientReply:client-09EBABE1B9AF->325d518f-bf0d-428a-814f-266b27e759e4@group-9696F0872FC0, cid=1628, SUCCESS, logIndex=2789, commits[325d518f-bf0d-428a-814f-266b27e759e4:c2790]
2019-06-15 10:53:06,090 INFO  storage.RaftLogWorker (RaftLogWorker.java:rollLogSegment(303)) - 325d518f-bf0d-428a-814f-266b27e759e4-RaftLogWorker: Rolling segment log-2718_2790 to index:2790
2019-06-15 10:53:06,091 INFO  storage.RaftLogWorker (RaftLogWorker.java:execute(433)) - 325d518f-bf0d-428a-814f-266b27e759e4-RaftLogWorker: Rolled log segment from /opt/src/hadoop-ozone/integration-test/target/test-dir/MiniOzoneClusterImpl-dd99cefe-9779-4043-9d74-181b69d2a827/datanode-0/data/ratis/e0f1d9ef-e225-4b24-a786-9696f0872fc0/current/log_inprogress_2718 to /opt/src/hadoop-ozone/integration-test/target/test-dir/MiniOzoneClusterImpl-dd99cefe-9779-4043-9d74-181b69d2a827/datanode-0/data/ratis/e0f1d9ef-e225-4b24-a786-9696f0872fc0/current/log_2718-2790
2019-06-15 10:53:06,111 DEBUG block.SCMBlockDeletingService (SCMBlockDeletingService.java:call(138)) - Running DeletedBlockTransactionScanner
2019-06-15 10:53:06,111 DEBUG block.SCMBlockDeletingService (SCMBlockDeletingService.java:call(155)) - Scanned deleted blocks log and got 0 delTX to process.
2019-06-15 10:53:06,127 INFO  storage.RaftLogWorker (RaftLogWorker.java:execute(469)) - 325d518f-bf0d-428a-814f-266b27e759e4-RaftLogWorker: created new log segment /opt/src/hadoop-ozone/integration-test/target/test-dir/MiniOzoneClusterImpl-dd99cefe-9779-4043-9d74-181b69d2a827/datanode-0/data/ratis/e0f1d9ef-e225-4b24-a786-9696f0872fc0/current/log_inprogress_2791
2019-06-15 10:53:06,129 INFO  client.GrpcClientProtocolClient (GrpcClientProtocolClient.java:onNext(254)) - client-09EBABE1B9AF->325d518f-bf0d-428a-814f-266b27e759e4: receive RaftClientReply:client-09EBABE1B9AF->325d518f-bf0d-428a-814f-266b27e759e4@group-9696F0872FC0, cid=1629, SUCCESS, logIndex=2791, commits[325d518f-bf0d-428a-814f-266b27e759e4:c2791]
2019-06-15 10:53:06,131 INFO  client.GrpcClientProtocolClient (GrpcClientProtocolClient.java:onNext(254)) - client-09EBABE1B9AF->325d518f-bf0d-428a-814f-266b27e759e4: receive RaftClientReply:client-09EBABE1B9AF->325d518f-bf0d-428a-814f-266b27e759e4@group-9696F0872FC0, cid=1630, SUCCESS, logIndex=2793, commits[325d518f-bf0d-428a-814f-266b27e759e4:c2793]
2019-06-15 10:53:06,131 INFO  client.GrpcClientProtocolClient (GrpcClientProtocolClient.java:onNext(254)) - client-09EBABE1B9AF->325d518f-bf0d-428a-814f-266b27e759e4: receive RaftClientReply:client-09EBABE1B9AF->325d518f-bf0d-428a-814f-266b27e759e4@group-9696F0872FC0, cid=1631, SUCCESS, logIndex=2794, commits[325d518f-bf0d-428a-814f-266b27e759e4:c2796]
2019-06-15 10:53:06,132 INFO  client.GrpcClientProtocolClient (GrpcClientProtocolClient.java:onNext(254)) - client-09EBABE1B9AF->325d518f-bf0d-428a-814f-266b27e759e4: receive RaftClientReply:client-09EBABE1B9AF->325d518f-bf0d-428a-814f-266b27e759e4@group-9696F0872FC0, cid=1632, SUCCESS, logIndex=2795, commits[325d518f-bf0d-428a-814f-266b27e759e4:c2796]
2019-06-15 10:53:06,150 INFO  client.GrpcClientProtocolClient (GrpcClientProtocolClient.java:onNext(254)) - client-09EBABE1B9AF->325d518f-bf0d-428a-814f-266b27e759e4: receive RaftClientReply:client-09EBABE1B9AF->325d518f-bf0d-428a-814f-266b27e759e4@group-9696F0872FC0, cid=1633, SUCCESS, logIndex=2797, commits[325d518f-bf0d-428a-814f-266b27e759e4:c2797]
2019-06-15 10:53:06,157 INFO  client.GrpcClientProtocolClient (GrpcClientProtocolClient.java:onNext(254)) - client-09EBABE1B9AF->325d518f-bf0d-428a-814f-266b27e759e4: receive RaftClientReply:client-09EBABE1B9AF->325d518f-bf0d-428a-814f-266b27e759e4@group-9696F0872FC0, cid=1634, SUCCESS, logIndex=2799, commits[325d518f-bf0d-428a-814f-266b27e759e4:c2799]
2019-06-15 10:53:06,211 DEBUG block.SCMBlockDeletingService (SCMBlockDeletingService.java:call(138)) - Running DeletedBlockTransactionScanner
2019-06-15 10:53:06,211 DEBUG block.SCMBlockDeletingService (SCMBlockDeletingService.java:call(155)) - Scanned deleted blocks log and got 0 delTX to process.
2019-06-15 10:53:06,228 INFO  client.GrpcClientProtocolClient (GrpcClientProtocolClient.java:onNext(254)) - client-09EBABE1B9AF->325d518f-bf0d-428a-814f-266b27e759e4: receive RaftClientReply:client-09EBABE1B9AF->325d518f-bf0d-428a-814f-266b27e759e4@group-9696F0872FC0, cid=1635, SUCCESS, logIndex=2801, commits[325d518f-bf0d-428a-814f-266b27e759e4:c2801]
2019-06-15 10:53:06,229 INFO  client.GrpcClientProtocolClient (GrpcClientProtocolClient.java:onNext(254)) - client-09EBABE1B9AF->325d518f-bf0d-428a-814f-266b27e759e4: receive RaftClientReply:client-09EBABE1B9AF->325d518f-bf0d-428a-814f-266b27e759e4@group-9696F0872FC0, cid=1636, SUCCESS, logIndex=2803, commits[325d518f-bf0d-428a-814f-266b27e759e4:c2803]
2019-06-15 10:53:06,235 INFO  client.GrpcClientProtocolClient (GrpcClientProtocolClient.java:onNext(254)) - client-09EBABE1B9AF->325d518f-bf0d-428a-814f-266b27e759e4: receive RaftClientReply:client-09EBABE1B9AF->325d518f-bf0d-428a-814f-266b27e759e4@group-9696F0872FC0, cid=1637, SUCCESS, logIndex=2805, commits[325d518f-bf0d-428a-814f-266b27e759e4:c2805]
2019-06-15 10:53:06,236 INFO  client.GrpcClientProtocolClient (GrpcClientProtocolClient.java:onNext(254)) - client-09EBABE1B9AF->325d518f-bf0d-428a-814f-266b27e759e4: receive RaftClientReply:client-09EBABE1B9AF->325d518f-bf0d-428a-814f-266b27e759e4@group-9696F0872FC0, cid=1638, SUCCESS, logIndex=2807, commits[325d518f-bf0d-428a-814f-266b27e759e4:c2807]
2019-06-15 10:53:06,239 INFO  client.GrpcClientProtocolClient (GrpcClientProtocolClient.java:onNext(254)) - client-09EBABE1B9AF->325d518f-bf0d-428a-814f-266b27e759e4: receive RaftClientReply:client-09EBABE1B9AF->325d518f-bf0d-428a-814f-266b27e759e4@group-9696F0872FC0, cid=1639, SUCCESS, logIndex=2809, commits[325d518f-bf0d-428a-814f-266b27e759e4:c2810]
2019-06-15 10:53:06,242 INFO  client.GrpcClientProtocolClient (GrpcClientProtocolClient.java:onNext(254)) - client-09EBABE1B9AF->325d518f-bf0d-428a-814f-266b27e759e4: receive RaftClientReply:client-09EBABE1B9AF->325d518f-bf0d-428a-814f-266b27e759e4@group-9696F0872FC0, cid=1640, SUCCESS, logIndex=2810, commits[325d518f-bf0d-428a-814f-266b27e759e4:c2810]
2019-06-15 10:53:06,254 INFO  client.GrpcClientProtocolClient (GrpcClientProtocolClient.java:onNext(254)) - client-09EBABE1B9AF->325d518f-bf0d-428a-814f-266b27e759e4: receive RaftClientReply:client-09EBABE1B9AF->325d518f-bf0d-428a-814f-266b27e759e4@group-9696F0872FC0, cid=1641, SUCCESS, logIndex=2812, commits[325d518f-bf0d-428a-814f-266b27e759e4:c2812]
2019-06-15 10:53:06,256 INFO  client.GrpcClientProtocolClient (GrpcClientProtocolClient.java:onNext(254)) - client-09EBABE1B9AF->325d518f-bf0d-428a-814f-266b27e759e4: receive RaftClientReply:client-09EBABE1B9AF->325d518f-bf0d-428a-814f-266b27e759e4@group-9696F0872FC0, cid=1642, SUCCESS, logIndex=2814, commits[325d518f-bf0d-428a-814f-266b27e759e4:c2814]
2019-06-15 10:53:06,257 INFO  client.GrpcClientProtocolClient (GrpcClientProtocolClient.java:onNext(254)) - client-09EBABE1B9AF->325d518f-bf0d-428a-814f-266b27e759e4: receive RaftClientReply:client-09EBABE1B9AF->325d518f-bf0d-428a-814f-266b27e759e4@group-9696F0872FC0, cid=1643, SUCCESS, logIndex=2815, commits[325d518f-bf0d-428a-814f-266b27e759e4:c2816]
2019-06-15 10:53:06,257 INFO  client.GrpcClientProtocolClient (GrpcClientProtocolClient.java:onNext(254)) - client-09EBABE1B9AF->325d518f-bf0d-428a-814f-266b27e759e4: receive RaftClientReply:client-09EBABE1B9AF->325d518f-bf0d-428a-814f-266b27e759e4@group-9696F0872FC0, cid=1644, SUCCESS, logIndex=2816, commits[325d518f-bf0d-428a-814f-266b27e759e4:c2817]
2019-06-15 10:53:06,263 INFO  client.GrpcClientProtocolClient (GrpcClientProtocolClient.java:onNext(254)) - client-09EBABE1B9AF->325d518f-bf0d-428a-814f-266b27e759e4: receive RaftClientReply:client-09EBABE1B9AF->325d518f-bf0d-428a-814f-266b27e759e4@group-9696F0872FC0, cid=1645, SUCCESS, logIndex=2819, commits[325d518f-bf0d-428a-814f-266b27e759e4:c2819]
2019-06-15 10:53:06,266 INFO  client.GrpcClientProtocolClient (GrpcClientProtocolClient.java:onNext(254)) - client-09EBABE1B9AF->325d518f-bf0d-428a-814f-266b27e759e4: receive RaftClientReply:client-09EBABE1B9AF->325d518f-bf0d-428a-814f-266b27e759e4@group-9696F0872FC0, cid=1646, SUCCESS, logIndex=2821, commits[325d518f-bf0d-428a-814f-266b27e759e4:c2821]
2019-06-15 10:53:06,267 INFO  client.GrpcClientProtocolClient (GrpcClientProtocolClient.java:onNext(254)) - client-09EBABE1B9AF->325d518f-bf0d-428a-814f-266b27e759e4: receive RaftClientReply:client-09EBABE1B9AF->325d518f-bf0d-428a-814f-266b27e759e4@group-9696F0872FC0, cid=1647, SUCCESS, logIndex=2822, commits[325d518f-bf0d-428a-814f-266b27e759e4:c2824]
2019-06-15 10:53:06,267 INFO  client.GrpcClientProtocolClient (GrpcClientProtocolClient.java:onNext(254)) - client-09EBABE1B9AF->325d518f-bf0d-428a-814f-266b27e759e4: receive RaftClientReply:client-09EBABE1B9AF->325d518f-bf0d-428a-814f-266b27e759e4@group-9696F0872FC0, cid=1648, SUCCESS, logIndex=2823, commits[325d518f-bf0d-428a-814f-266b27e759e4:c2824]
2019-06-15 10:53:06,276 INFO  client.GrpcClientProtocolClient (GrpcClientProtocolClient.java:onNext(254)) - client-09EBABE1B9AF->325d518f-bf0d-428a-814f-266b27e759e4: receive RaftClientReply:client-09EBABE1B9AF->325d518f-bf0d-428a-814f-266b27e759e4@group-9696F0872FC0, cid=1649, SUCCESS, logIndex=2825, commits[325d518f-bf0d-428a-814f-266b27e759e4:c2825]
2019-06-15 10:53:06,278 INFO  client.GrpcClientProtocolClient (GrpcClientProtocolClient.java:onNext(254)) - client-09EBABE1B9AF->325d518f-bf0d-428a-814f-266b27e759e4: receive RaftClientReply:client-09EBABE1B9AF->325d518f-bf0d-428a-814f-266b27e759e4@group-9696F0872FC0, cid=1650, SUCCESS, logIndex=2827, commits[325d518f-bf0d-428a-814f-266b27e759e4:c2827]
2019-06-15 10:53:06,278 INFO  client.GrpcClientProtocolClient (GrpcClientProtocolClient.java:onNext(254)) - client-09EBABE1B9AF->325d518f-bf0d-428a-814f-266b27e759e4: receive RaftClientReply:client-09EBABE1B9AF->325d518f-bf0d-428a-814f-266b27e759e4@group-9696F0872FC0, cid=1651, SUCCESS, logIndex=2828, commits[325d518f-bf0d-428a-814f-266b27e759e4:c2830]
2019-06-15 10:53:06,279 INFO  client.GrpcClientProtocolClient (GrpcClientProtocolClient.java:onNext(254)) - client-09EBABE1B9AF->325d518f-bf0d-428a-814f-266b27e759e4: receive RaftClientReply:client-09EBABE1B9AF->325d518f-bf0d-428a-814f-266b27e759e4@group-9696F0872FC0, cid=1652, SUCCESS, logIndex=2829, commits[325d518f-bf0d-428a-814f-266b27e759e4:c2830]
2019-06-15 10:53:06,284 INFO  client.GrpcClientProtocolClient (GrpcClientProtocolClient.java:onNext(254)) - client-09EBABE1B9AF->325d518f-bf0d-428a-814f-266b27e759e4: receive RaftClientReply:client-09EBABE1B9AF->325d518f-bf0d-428a-814f-266b27e759e4@group-9696F0872FC0, cid=1653, SUCCESS, logIndex=2831, commits[325d518f-bf0d-428a-814f-266b27e759e4:c2831]
2019-06-15 10:53:06,285 INFO  client.GrpcClientProtocolClient (GrpcClientProtocolClient.java:onNext(254)) - client-09EBABE1B9AF->325d518f-bf0d-428a-814f-266b27e759e4: receive RaftClientReply:client-09EBABE1B9AF->325d518f-bf0d-428a-814f-266b27e759e4@group-9696F0872FC0, cid=1654, SUCCESS, logIndex=2833, commits[325d518f-bf0d-428a-814f-266b27e759e4:c2833]
2019-06-15 10:53:06,287 INFO  client.GrpcClientProtocolClient (GrpcClientProtocolClient.java:onNext(254)) - client-09EBABE1B9AF->325d518f-bf0d-428a-814f-266b27e759e4: receive RaftClientReply:client-09EBABE1B9AF->325d518f-bf0d-428a-814f-266b27e759e4@group-9696F0872FC0, cid=1655, SUCCESS, logIndex=2834, commits[325d518f-bf0d-428a-814f-266b27e759e4:c2836]
2019-06-15 10:53:06,287 INFO  client.GrpcClientProtocolClient (GrpcClientProtocolClient.java:onNext(254)) - client-09EBABE1B9AF->325d518f-bf0d-428a-814f-266b27e759e4: receive RaftClientReply:client-09EBABE1B9AF->325d518f-bf0d-428a-814f-266b27e759e4@group-9696F0872FC0, cid=1656, SUCCESS, logIndex=2835, commits[325d518f-bf0d-428a-814f-266b27e759e4:c2836]
2019-06-15 10:53:06,332 DEBUG block.SCMBlockDeletingService (SCMBlockDeletingService.java:call(138)) - Running DeletedBlockTransactionScanner
2019-06-15 10:53:06,332 DEBUG block.SCMBlockDeletingService (SCMBlockDeletingService.java:call(155)) - Scanned deleted blocks log and got 0 delTX to process.
2019-06-15 10:53:06,335 INFO  client.GrpcClientProtocolClient (GrpcClientProtocolClient.java:onNext(254)) - client-09EBABE1B9AF->325d518f-bf0d-428a-814f-266b27e759e4: receive RaftClientReply:client-09EBABE1B9AF->325d518f-bf0d-428a-814f-266b27e759e4@group-9696F0872FC0, cid=1657, SUCCESS, logIndex=2837, commits[325d518f-bf0d-428a-814f-266b27e759e4:c2837]
2019-06-15 10:53:06,336 INFO  client.GrpcClientProtocolClient (GrpcClientProtocolClient.java:onNext(254)) - client-09EBABE1B9AF->325d518f-bf0d-428a-814f-266b27e759e4: receive RaftClientReply:client-09EBABE1B9AF->325d518f-bf0d-428a-814f-266b27e759e4@group-9696F0872FC0, cid=1658, SUCCESS, logIndex=2839, commits[325d518f-bf0d-428a-814f-266b27e759e4:c2839]
2019-06-15 10:53:06,337 INFO  client.GrpcClientProtocolClient (GrpcClientProtocolClient.java:onNext(254)) - client-09EBABE1B9AF->325d518f-bf0d-428a-814f-266b27e759e4: receive RaftClientReply:client-09EBABE1B9AF->325d518f-bf0d-428a-814f-266b27e759e4@group-9696F0872FC0, cid=1659, SUCCESS, logIndex=2840, commits[325d518f-bf0d-428a-814f-266b27e759e4:c2842]
2019-06-15 10:53:06,338 INFO  client.GrpcClientProtocolClient (GrpcClientProtocolClient.java:onNext(254)) - client-09EBABE1B9AF->325d518f-bf0d-428a-814f-266b27e759e4: receive RaftClientReply:client-09EBABE1B9AF->325d518f-bf0d-428a-814f-266b27e759e4@group-9696F0872FC0, cid=1660, SUCCESS, logIndex=2841, commits[325d518f-bf0d-428a-814f-266b27e759e4:c2842]
2019-06-15 10:53:06,344 INFO  client.GrpcClientProtocolClient (GrpcClientProtocolClient.java:onNext(254)) - client-09EBABE1B9AF->325d518f-bf0d-428a-814f-266b27e759e4: receive RaftClientReply:client-09EBABE1B9AF->325d518f-bf0d-428a-814f-266b27e759e4@group-9696F0872FC0, cid=1661, SUCCESS, logIndex=2843, commits[325d518f-bf0d-428a-814f-266b27e759e4:c2843]
2019-06-15 10:53:06,345 INFO  client.GrpcClientProtocolClient (GrpcClientProtocolClient.java:onNext(254)) - client-09EBABE1B9AF->325d518f-bf0d-428a-814f-266b27e759e4: receive RaftClientReply:client-09EBABE1B9AF->325d518f-bf0d-428a-814f-266b27e759e4@group-9696F0872FC0, cid=1662, SUCCESS, logIndex=2845, commits[325d518f-bf0d-428a-814f-266b27e759e4:c2845]
2019-06-15 10:53:06,354 INFO  client.GrpcClientProtocolClient (GrpcClientProtocolClient.java:onNext(254)) - client-09EBABE1B9AF->325d518f-bf0d-428a-814f-266b27e759e4: receive RaftClientReply:client-09EBABE1B9AF->325d518f-bf0d-428a-814f-266b27e759e4@group-9696F0872FC0, cid=1663, SUCCESS, logIndex=2846, commits[325d518f-bf0d-428a-814f-266b27e759e4:c2848]
2019-06-15 10:53:06,355 INFO  client.GrpcClientProtocolClient (GrpcClientProtocolClient.java:onNext(254)) - client-09EBABE1B9AF->325d518f-bf0d-428a-814f-266b27e759e4: receive RaftClientReply:client-09EBABE1B9AF->325d518f-bf0d-428a-814f-266b27e759e4@group-9696F0872FC0, cid=1664, SUCCESS, logIndex=2847, commits[325d518f-bf0d-428a-814f-266b27e759e4:c2848]
2019-06-15 10:53:06,366 INFO  client.GrpcClientProtocolClient (GrpcClientProtocolClient.java:onNext(254)) - client-09EBABE1B9AF->325d518f-bf0d-428a-814f-266b27e759e4: receive RaftClientReply:client-09EBABE1B9AF->325d518f-bf0d-428a-814f-266b27e759e4@group-9696F0872FC0, cid=1665, SUCCESS, logIndex=2850, commits[325d518f-bf0d-428a-814f-266b27e759e4:c2850]
2019-06-15 10:53:06,368 INFO  client.GrpcClientProtocolClient (GrpcClientProtocolClient.java:onNext(254)) - client-09EBABE1B9AF->325d518f-bf0d-428a-814f-266b27e759e4: receive RaftClientReply:client-09EBABE1B9AF->325d518f-bf0d-428a-814f-266b27e759e4@group-9696F0872FC0, cid=1666, SUCCESS, logIndex=2852, commits[325d518f-bf0d-428a-814f-266b27e759e4:c2852]
2019-06-15 10:53:06,369 INFO  client.GrpcClientProtocolClient (GrpcClientProtocolClient.java:onNext(254)) - client-09EBABE1B9AF->325d518f-bf0d-428a-814f-266b27e759e4: receive RaftClientReply:client-09EBABE1B9AF->325d518f-bf0d-428a-814f-266b27e759e4@group-9696F0872FC0, cid=1667, SUCCESS, logIndex=2853, commits[325d518f-bf0d-428a-814f-266b27e759e4:c2855]
2019-06-15 10:53:06,370 INFO  client.GrpcClientProtocolClient (GrpcClientProtocolClient.java:onNext(254)) - client-09EBABE1B9AF->325d518f-bf0d-428a-814f-266b27e759e4: receive RaftClientReply:client-09EBABE1B9AF->325d518f-bf0d-428a-814f-266b27e759e4@group-9696F0872FC0, cid=1668, SUCCESS, logIndex=2854, commits[325d518f-bf0d-428a-814f-266b27e759e4:c2855]
2019-06-15 10:53:06,375 INFO  client.GrpcClientProtocolClient (GrpcClientProtocolClient.java:onNext(254)) - client-09EBABE1B9AF->325d518f-bf0d-428a-814f-266b27e759e4: receive RaftClientReply:client-09EBABE1B9AF->325d518f-bf0d-428a-814f-266b27e759e4@group-9696F0872FC0, cid=1669, SUCCESS, logIndex=2856, commits[325d518f-bf0d-428a-814f-266b27e759e4:c2856]
2019-06-15 10:53:06,376 INFO  storage.RaftLogWorker (RaftLogWorker.java:rollLogSegment(303)) - 325d518f-bf0d-428a-814f-266b27e759e4-RaftLogWorker: Rolling segment log-2791_2859 to index:2859
2019-06-15 10:53:06,377 INFO  storage.RaftLogWorker (RaftLogWorker.java:execute(433)) - 325d518f-bf0d-428a-814f-266b27e759e4-RaftLogWorker: Rolled log segment from /opt/src/hadoop-ozone/integration-test/target/test-dir/MiniOzoneClusterImpl-dd99cefe-9779-4043-9d74-181b69d2a827/datanode-0/data/ratis/e0f1d9ef-e225-4b24-a786-9696f0872fc0/current/log_inprogress_2791 to /opt/src/hadoop-ozone/integration-test/target/test-dir/MiniOzoneClusterImpl-dd99cefe-9779-4043-9d74-181b69d2a827/datanode-0/data/ratis/e0f1d9ef-e225-4b24-a786-9696f0872fc0/current/log_2791-2859
2019-06-15 10:53:06,377 INFO  client.GrpcClientProtocolClient (GrpcClientProtocolClient.java:onNext(254)) - client-09EBABE1B9AF->325d518f-bf0d-428a-814f-266b27e759e4: receive RaftClientReply:client-09EBABE1B9AF->325d518f-bf0d-428a-814f-266b27e759e4@group-9696F0872FC0, cid=1670, SUCCESS, logIndex=2858, commits[325d518f-bf0d-428a-814f-266b27e759e4:c2858]
2019-06-15 10:53:06,379 INFO  client.GrpcClientProtocolClient (GrpcClientProtocolClient.java:onNext(254)) - client-09EBABE1B9AF->325d518f-bf0d-428a-814f-266b27e759e4: receive RaftClientReply:client-09EBABE1B9AF->325d518f-bf0d-428a-814f-266b27e759e4@group-9696F0872FC0, cid=1671, SUCCESS, logIndex=2859, commits[325d518f-bf0d-428a-814f-266b27e759e4:c2859]
2019-06-15 10:53:06,414 INFO  storage.RaftLogWorker (RaftLogWorker.java:execute(469)) - 325d518f-bf0d-428a-814f-266b27e759e4-RaftLogWorker: created new log segment /opt/src/hadoop-ozone/integration-test/target/test-dir/MiniOzoneClusterImpl-dd99cefe-9779-4043-9d74-181b69d2a827/datanode-0/data/ratis/e0f1d9ef-e225-4b24-a786-9696f0872fc0/current/log_inprogress_2860
2019-06-15 10:53:06,417 INFO  client.GrpcClientProtocolClient (GrpcClientProtocolClient.java:onNext(254)) - client-09EBABE1B9AF->325d518f-bf0d-428a-814f-266b27e759e4: receive RaftClientReply:client-09EBABE1B9AF->325d518f-bf0d-428a-814f-266b27e759e4@group-9696F0872FC0, cid=1672, SUCCESS, logIndex=2860, commits[325d518f-bf0d-428a-814f-266b27e759e4:c2862]
2019-06-15 10:53:06,428 INFO  client.GrpcClientProtocolClient (GrpcClientProtocolClient.java:onNext(254)) - client-09EBABE1B9AF->325d518f-bf0d-428a-814f-266b27e759e4: receive RaftClientReply:client-09EBABE1B9AF->325d518f-bf0d-428a-814f-266b27e759e4@group-9696F0872FC0, cid=1673, SUCCESS, logIndex=2863, commits[325d518f-bf0d-428a-814f-266b27e759e4:c2863]
2019-06-15 10:53:06,431 INFO  client.GrpcClientProtocolClient (GrpcClientProtocolClient.java:onNext(254)) - client-09EBABE1B9AF->325d518f-bf0d-428a-814f-266b27e759e4: receive RaftClientReply:client-09EBABE1B9AF->325d518f-bf0d-428a-814f-266b27e759e4@group-9696F0872FC0, cid=1674, SUCCESS, logIndex=2865, commits[325d518f-bf0d-428a-814f-266b27e759e4:c2865]
2019-06-15 10:53:06,431 INFO  client.GrpcClientProtocolClient (GrpcClientProtocolClient.java:onNext(254)) - client-09EBABE1B9AF->325d518f-bf0d-428a-814f-266b27e759e4: receive RaftClientReply:client-09EBABE1B9AF->325d518f-bf0d-428a-814f-266b27e759e4@group-9696F0872FC0, cid=1675, SUCCESS, logIndex=2866, commits[325d518f-bf0d-428a-814f-266b27e759e4:c2868]
2019-06-15 10:53:06,431 INFO  client.GrpcClientProtocolClient (GrpcClientProtocolClient.java:onNext(254)) - client-09EBABE1B9AF->325d518f-bf0d-428a-814f-266b27e759e4: receive RaftClientReply:client-09EBABE1B9AF->325d518f-bf0d-428a-814f-266b27e759e4@group-9696F0872FC0, cid=1676, SUCCESS, logIndex=2867, commits[325d518f-bf0d-428a-814f-266b27e759e4:c2868]
2019-06-15 10:53:06,433 DEBUG block.SCMBlockDeletingService (SCMBlockDeletingService.java:call(138)) - Running DeletedBlockTransactionScanner
2019-06-15 10:53:06,433 DEBUG block.SCMBlockDeletingService (SCMBlockDeletingService.java:call(155)) - Scanned deleted blocks log and got 0 delTX to process.
2019-06-15 10:53:06,438 INFO  client.GrpcClientProtocolClient (GrpcClientProtocolClient.java:onNext(254)) - client-09EBABE1B9AF->325d518f-bf0d-428a-814f-266b27e759e4: receive RaftClientReply:client-09EBABE1B9AF->325d518f-bf0d-428a-814f-266b27e759e4@group-9696F0872FC0, cid=1677, SUCCESS, logIndex=2869, commits[325d518f-bf0d-428a-814f-266b27e759e4:c2869]
2019-06-15 10:53:06,439 INFO  client.GrpcClientProtocolClient (GrpcClientProtocolClient.java:onNext(254)) - client-09EBABE1B9AF->325d518f-bf0d-428a-814f-266b27e759e4: receive RaftClientReply:client-09EBABE1B9AF->325d518f-bf0d-428a-814f-266b27e759e4@group-9696F0872FC0, cid=1678, SUCCESS, logIndex=2871, commits[325d518f-bf0d-428a-814f-266b27e759e4:c2871]
2019-06-15 10:53:06,507 INFO  client.GrpcClientProtocolClient (GrpcClientProtocolClient.java:onNext(254)) - client-09EBABE1B9AF->325d518f-bf0d-428a-814f-266b27e759e4: receive RaftClientReply:client-09EBABE1B9AF->325d518f-bf0d-428a-814f-266b27e759e4@group-9696F0872FC0, cid=1679, SUCCESS, logIndex=2873, commits[325d518f-bf0d-428a-814f-266b27e759e4:c2873]
2019-06-15 10:53:06,508 INFO  client.GrpcClientProtocolClient (GrpcClientProtocolClient.java:onNext(254)) - client-09EBABE1B9AF->325d518f-bf0d-428a-814f-266b27e759e4: receive RaftClientReply:client-09EBABE1B9AF->325d518f-bf0d-428a-814f-266b27e759e4@group-9696F0872FC0, cid=1680, SUCCESS, logIndex=2875, commits[325d518f-bf0d-428a-814f-266b27e759e4:c2875]
2019-06-15 10:53:06,517 INFO  client.GrpcClientProtocolClient (GrpcClientProtocolClient.java:onNext(254)) - client-09EBABE1B9AF->325d518f-bf0d-428a-814f-266b27e759e4: receive RaftClientReply:client-09EBABE1B9AF->325d518f-bf0d-428a-814f-266b27e759e4@group-9696F0872FC0, cid=1681, SUCCESS, logIndex=2877, commits[325d518f-bf0d-428a-814f-266b27e759e4:c2877]
2019-06-15 10:53:06,518 INFO  client.GrpcClientProtocolClient (GrpcClientProtocolClient.java:onNext(254)) - client-09EBABE1B9AF->325d518f-bf0d-428a-814f-266b27e759e4: receive RaftClientReply:client-09EBABE1B9AF->325d518f-bf0d-428a-814f-266b27e759e4@group-9696F0872FC0, cid=1682, SUCCESS, logIndex=2879, commits[325d518f-bf0d-428a-814f-266b27e759e4:c2879]
2019-06-15 10:53:06,519 INFO  client.GrpcClientProtocolClient (GrpcClientProtocolClient.java:onNext(254)) - client-09EBABE1B9AF->325d518f-bf0d-428a-814f-266b27e759e4: receive RaftClientReply:client-09EBABE1B9AF->325d518f-bf0d-428a-814f-266b27e759e4@group-9696F0872FC0, cid=1683, SUCCESS, logIndex=2880, commits[325d518f-bf0d-428a-814f-266b27e759e4:c2882]
2019-06-15 10:53:06,519 INFO  client.GrpcClientProtocolClient (GrpcClientProtocolClient.java:onNext(254)) - client-09EBABE1B9AF->325d518f-bf0d-428a-814f-266b27e759e4: receive RaftClientReply:client-09EBABE1B9AF->325d518f-bf0d-428a-814f-266b27e759e4@group-9696F0872FC0, cid=1684, SUCCESS, logIndex=2881, commits[325d518f-bf0d-428a-814f-266b27e759e4:c2882]
2019-06-15 10:53:06,525 INFO  client.GrpcClientProtocolClient (GrpcClientProtocolClient.java:onNext(254)) - client-09EBABE1B9AF->325d518f-bf0d-428a-814f-266b27e759e4: receive RaftClientReply:client-09EBABE1B9AF->325d518f-bf0d-428a-814f-266b27e759e4@group-9696F0872FC0, cid=1685, SUCCESS, logIndex=2883, commits[325d518f-bf0d-428a-814f-266b27e759e4:c2883]
2019-06-15 10:53:06,527 INFO  client.GrpcClientProtocolClient (GrpcClientProtocolClient.java:onNext(254)) - client-09EBABE1B9AF->325d518f-bf0d-428a-814f-266b27e759e4: receive RaftClientReply:client-09EBABE1B9AF->325d518f-bf0d-428a-814f-266b27e759e4@group-9696F0872FC0, cid=1686, SUCCESS, logIndex=2885, commits[325d518f-bf0d-428a-814f-266b27e759e4:c2886]
2019-06-15 10:53:06,527 INFO  client.GrpcClientProtocolClient (GrpcClientProtocolClient.java:onNext(254)) - client-09EBABE1B9AF->325d518f-bf0d-428a-814f-266b27e759e4: receive RaftClientReply:client-09EBABE1B9AF->325d518f-bf0d-428a-814f-266b27e759e4@group-9696F0872FC0, cid=1687, SUCCESS, logIndex=2886, commits[325d518f-bf0d-428a-814f-266b27e759e4:c2887]
2019-06-15 10:53:06,528 INFO  client.GrpcClientProtocolClient (GrpcClientProtocolClient.java:onNext(254)) - client-09EBABE1B9AF->325d518f-bf0d-428a-814f-266b27e759e4: receive RaftClientReply:client-09EBABE1B9AF->325d518f-bf0d-428a-814f-266b27e759e4@group-9696F0872FC0, cid=1688, SUCCESS, logIndex=2888, commits[325d518f-bf0d-428a-814f-266b27e759e4:c2889]
2019-06-15 10:53:06,533 DEBUG block.SCMBlockDeletingService (SCMBlockDeletingService.java:call(138)) - Running DeletedBlockTransactionScanner
2019-06-15 10:53:06,534 DEBUG block.SCMBlockDeletingService (SCMBlockDeletingService.java:call(155)) - Scanned deleted blocks log and got 0 delTX to process.
2019-06-15 10:53:06,537 INFO  client.GrpcClientProtocolClient (GrpcClientProtocolClient.java:onNext(254)) - client-09EBABE1B9AF->325d518f-bf0d-428a-814f-266b27e759e4: receive RaftClientReply:client-09EBABE1B9AF->325d518f-bf0d-428a-814f-266b27e759e4@group-9696F0872FC0, cid=1689, SUCCESS, logIndex=2890, commits[325d518f-bf0d-428a-814f-266b27e759e4:c2890]
2019-06-15 10:53:06,538 INFO  client.GrpcClientProtocolClient (GrpcClientProtocolClient.java:onNext(254)) - client-09EBABE1B9AF->325d518f-bf0d-428a-814f-266b27e759e4: receive RaftClientReply:client-09EBABE1B9AF->325d518f-bf0d-428a-814f-266b27e759e4@group-9696F0872FC0, cid=1690, SUCCESS, logIndex=2892, commits[325d518f-bf0d-428a-814f-266b27e759e4:c2892]
2019-06-15 10:53:06,539 INFO  client.GrpcClientProtocolClient (GrpcClientProtocolClient.java:onNext(254)) - client-09EBABE1B9AF->325d518f-bf0d-428a-814f-266b27e759e4: receive RaftClientReply:client-09EBABE1B9AF->325d518f-bf0d-428a-814f-266b27e759e4@group-9696F0872FC0, cid=1691, SUCCESS, logIndex=2893, commits[325d518f-bf0d-428a-814f-266b27e759e4:c2894]
2019-06-15 10:53:06,539 INFO  client.GrpcClientProtocolClient (GrpcClientProtocolClient.java:onNext(254)) - client-09EBABE1B9AF->325d518f-bf0d-428a-814f-266b27e759e4: receive RaftClientReply:client-09EBABE1B9AF->325d518f-bf0d-428a-814f-266b27e759e4@group-9696F0872FC0, cid=1692, SUCCESS, logIndex=2894, commits[325d518f-bf0d-428a-814f-266b27e759e4:c2894]
2019-06-15 10:53:06,544 INFO  client.GrpcClientProtocolClient (GrpcClientProtocolClient.java:onNext(254)) - client-09EBABE1B9AF->325d518f-bf0d-428a-814f-266b27e759e4: receive RaftClientReply:client-09EBABE1B9AF->325d518f-bf0d-428a-814f-266b27e759e4@group-9696F0872FC0, cid=1693, SUCCESS, logIndex=2897, commits[325d518f-bf0d-428a-814f-266b27e759e4:c2897]
2019-06-15 10:53:06,546 INFO  client.GrpcClientProtocolClient (GrpcClientProtocolClient.java:onNext(254)) - client-09EBABE1B9AF->325d518f-bf0d-428a-814f-266b27e759e4: receive RaftClientReply:client-09EBABE1B9AF->325d518f-bf0d-428a-814f-266b27e759e4@group-9696F0872FC0, cid=1694, SUCCESS, logIndex=2899, commits[325d518f-bf0d-428a-814f-266b27e759e4:c2899]
2019-06-15 10:53:06,547 INFO  client.GrpcClientProtocolClient (GrpcClientProtocolClient.java:onNext(254)) - client-09EBABE1B9AF->325d518f-bf0d-428a-814f-266b27e759e4: receive RaftClientReply:client-09EBABE1B9AF->325d518f-bf0d-428a-814f-266b27e759e4@group-9696F0872FC0, cid=1695, SUCCESS, logIndex=2900, commits[325d518f-bf0d-428a-814f-266b27e759e4:c2902]
2019-06-15 10:53:06,547 INFO  client.GrpcClientProtocolClient (GrpcClientProtocolClient.java:onNext(254)) - client-09EBABE1B9AF->325d518f-bf0d-428a-814f-266b27e759e4: receive RaftClientReply:client-09EBABE1B9AF->325d518f-bf0d-428a-814f-266b27e759e4@group-9696F0872FC0, cid=1696, SUCCESS, logIndex=2901, commits[325d518f-bf0d-428a-814f-266b27e759e4:c2902]
2019-06-15 10:53:06,557 INFO  client.GrpcClientProtocolClient (GrpcClientProtocolClient.java:onNext(254)) - client-09EBABE1B9AF->325d518f-bf0d-428a-814f-266b27e759e4: receive RaftClientReply:client-09EBABE1B9AF->325d518f-bf0d-428a-814f-266b27e759e4@group-9696F0872FC0, cid=1697, SUCCESS, logIndex=2903, commits[325d518f-bf0d-428a-814f-266b27e759e4:c2903]
2019-06-15 10:53:06,558 INFO  client.GrpcClientProtocolClient (GrpcClientProtocolClient.java:onNext(254)) - client-09EBABE1B9AF->325d518f-bf0d-428a-814f-266b27e759e4: receive RaftClientReply:client-09EBABE1B9AF->325d518f-bf0d-428a-814f-266b27e759e4@group-9696F0872FC0, cid=1698, SUCCESS, logIndex=2905, commits[325d518f-bf0d-428a-814f-266b27e759e4:c2905]
2019-06-15 10:53:06,561 INFO  client.GrpcClientProtocolClient (GrpcClientProtocolClient.java:onNext(254)) - client-09EBABE1B9AF->325d518f-bf0d-428a-814f-266b27e759e4: receive RaftClientReply:client-09EBABE1B9AF->325d518f-bf0d-428a-814f-266b27e759e4@group-9696F0872FC0, cid=1699, SUCCESS, logIndex=2907, commits[325d518f-bf0d-428a-814f-266b27e759e4:c2908]
2019-06-15 10:53:06,561 INFO  client.GrpcClientProtocolClient (GrpcClientProtocolClient.java:onNext(254)) - client-09EBABE1B9AF->325d518f-bf0d-428a-814f-266b27e759e4: receive RaftClientReply:client-09EBABE1B9AF->325d518f-bf0d-428a-814f-266b27e759e4@group-9696F0872FC0, cid=1700, SUCCESS, logIndex=2908, commits[325d518f-bf0d-428a-814f-266b27e759e4:c2908]
2019-06-15 10:53:06,567 INFO  client.GrpcClientProtocolClient (GrpcClientProtocolClient.java:onNext(254)) - client-09EBABE1B9AF->325d518f-bf0d-428a-814f-266b27e759e4: receive RaftClientReply:client-09EBABE1B9AF->325d518f-bf0d-428a-814f-266b27e759e4@group-9696F0872FC0, cid=1701, SUCCESS, logIndex=2910, commits[325d518f-bf0d-428a-814f-266b27e759e4:c2910]
2019-06-15 10:53:06,568 INFO  client.GrpcClientProtocolClient (GrpcClientProtocolClient.java:onNext(254)) - client-09EBABE1B9AF->325d518f-bf0d-428a-814f-266b27e759e4: receive RaftClientReply:client-09EBABE1B9AF->325d518f-bf0d-428a-814f-266b27e759e4@group-9696F0872FC0, cid=1702, SUCCESS, logIndex=2912, commits[325d518f-bf0d-428a-814f-266b27e759e4:c2912]
2019-06-15 10:53:06,569 INFO  client.GrpcClientProtocolClient (GrpcClientProtocolClient.java:onNext(254)) - client-09EBABE1B9AF->325d518f-bf0d-428a-814f-266b27e759e4: receive RaftClientReply:client-09EBABE1B9AF->325d518f-bf0d-428a-814f-266b27e759e4@group-9696F0872FC0, cid=1703, SUCCESS, logIndex=2913, commits[325d518f-bf0d-428a-814f-266b27e759e4:c2915]
2019-06-15 10:53:06,569 INFO  client.GrpcClientProtocolClient (GrpcClientProtocolClient.java:onNext(254)) - client-09EBABE1B9AF->325d518f-bf0d-428a-814f-266b27e759e4: receive RaftClientReply:client-09EBABE1B9AF->325d518f-bf0d-428a-814f-266b27e759e4@group-9696F0872FC0, cid=1704, SUCCESS, logIndex=2914, commits[325d518f-bf0d-428a-814f-266b27e759e4:c2915]
2019-06-15 10:53:06,578 INFO  client.GrpcClientProtocolClient (GrpcClientProtocolClient.java:onNext(254)) - client-09EBABE1B9AF->325d518f-bf0d-428a-814f-266b27e759e4: receive RaftClientReply:client-09EBABE1B9AF->325d518f-bf0d-428a-814f-266b27e759e4@group-9696F0872FC0, cid=1705, SUCCESS, logIndex=2916, commits[325d518f-bf0d-428a-814f-266b27e759e4:c2916]
2019-06-15 10:53:06,579 INFO  client.GrpcClientProtocolClient (GrpcClientProtocolClient.java:onNext(254)) - client-09EBABE1B9AF->325d518f-bf0d-428a-814f-266b27e759e4: receive RaftClientReply:client-09EBABE1B9AF->325d518f-bf0d-428a-814f-266b27e759e4@group-9696F0872FC0, cid=1706, SUCCESS, logIndex=2918, commits[325d518f-bf0d-428a-814f-266b27e759e4:c2918]
2019-06-15 10:53:06,581 INFO  client.GrpcClientProtocolClient (GrpcClientProtocolClient.java:onNext(254)) - client-09EBABE1B9AF->325d518f-bf0d-428a-814f-266b27e759e4: receive RaftClientReply:client-09EBABE1B9AF->325d518f-bf0d-428a-814f-266b27e759e4@group-9696F0872FC0, cid=1707, SUCCESS, logIndex=2919, commits[325d518f-bf0d-428a-814f-266b27e759e4:c2921]
2019-06-15 10:53:06,582 INFO  client.GrpcClientProtocolClient (GrpcClientProtocolClient.java:onNext(254)) - client-09EBABE1B9AF->325d518f-bf0d-428a-814f-266b27e759e4: receive RaftClientReply:client-09EBABE1B9AF->325d518f-bf0d-428a-814f-266b27e759e4@group-9696F0872FC0, cid=1708, SUCCESS, logIndex=2920, commits[325d518f-bf0d-428a-814f-266b27e759e4:c2921]
2019-06-15 10:53:06,587 INFO  client.GrpcClientProtocolClient (GrpcClientProtocolClient.java:onNext(254)) - client-09EBABE1B9AF->325d518f-bf0d-428a-814f-266b27e759e4: receive RaftClientReply:client-09EBABE1B9AF->325d518f-bf0d-428a-814f-266b27e759e4@group-9696F0872FC0, cid=1709, SUCCESS, logIndex=2922, commits[325d518f-bf0d-428a-814f-266b27e759e4:c2922]
2019-06-15 10:53:06,588 INFO  client.GrpcClientProtocolClient (GrpcClientProtocolClient.java:onNext(254)) - client-09EBABE1B9AF->325d518f-bf0d-428a-814f-266b27e759e4: receive RaftClientReply:client-09EBABE1B9AF->325d518f-bf0d-428a-814f-266b27e759e4@group-9696F0872FC0, cid=1710, SUCCESS, logIndex=2924, commits[325d518f-bf0d-428a-814f-266b27e759e4:c2924]
2019-06-15 10:53:06,589 INFO  client.GrpcClientProtocolClient (GrpcClientProtocolClient.java:onNext(254)) - client-09EBABE1B9AF->325d518f-bf0d-428a-814f-266b27e759e4: receive RaftClientReply:client-09EBABE1B9AF->325d518f-bf0d-428a-814f-266b27e759e4@group-9696F0872FC0, cid=1711, SUCCESS, logIndex=2925, commits[325d518f-bf0d-428a-814f-266b27e759e4:c2927]
2019-06-15 10:53:06,589 INFO  client.GrpcClientProtocolClient (GrpcClientProtocolClient.java:onNext(254)) - client-09EBABE1B9AF->325d518f-bf0d-428a-814f-266b27e759e4: receive RaftClientReply:client-09EBABE1B9AF->325d518f-bf0d-428a-814f-266b27e759e4@group-9696F0872FC0, cid=1712, SUCCESS, logIndex=2926, commits[325d518f-bf0d-428a-814f-266b27e759e4:c2927]
2019-06-15 10:53:06,597 INFO  client.GrpcClientProtocolClient (GrpcClientProtocolClient.java:onNext(254)) - client-09EBABE1B9AF->325d518f-bf0d-428a-814f-266b27e759e4: receive RaftClientReply:client-09EBABE1B9AF->325d518f-bf0d-428a-814f-266b27e759e4@group-9696F0872FC0, cid=1713, SUCCESS, logIndex=2928, commits[325d518f-bf0d-428a-814f-266b27e759e4:c2928]
2019-06-15 10:53:06,597 INFO  storage.RaftLogWorker (RaftLogWorker.java:rollLogSegment(303)) - 325d518f-bf0d-428a-814f-266b27e759e4-RaftLogWorker: Rolling segment log-2860_2930 to index:2930
2019-06-15 10:53:06,598 INFO  storage.RaftLogWorker (RaftLogWorker.java:execute(433)) - 325d518f-bf0d-428a-814f-266b27e759e4-RaftLogWorker: Rolled log segment from /opt/src/hadoop-ozone/integration-test/target/test-dir/MiniOzoneClusterImpl-dd99cefe-9779-4043-9d74-181b69d2a827/datanode-0/data/ratis/e0f1d9ef-e225-4b24-a786-9696f0872fc0/current/log_inprogress_2860 to /opt/src/hadoop-ozone/integration-test/target/test-dir/MiniOzoneClusterImpl-dd99cefe-9779-4043-9d74-181b69d2a827/datanode-0/data/ratis/e0f1d9ef-e225-4b24-a786-9696f0872fc0/current/log_2860-2930
2019-06-15 10:53:06,598 INFO  client.GrpcClientProtocolClient (GrpcClientProtocolClient.java:onNext(254)) - client-09EBABE1B9AF->325d518f-bf0d-428a-814f-266b27e759e4: receive RaftClientReply:client-09EBABE1B9AF->325d518f-bf0d-428a-814f-266b27e759e4@group-9696F0872FC0, cid=1714, SUCCESS, logIndex=2930, commits[325d518f-bf0d-428a-814f-266b27e759e4:c2930]
2019-06-15 10:53:06,633 INFO  storage.RaftLogWorker (RaftLogWorker.java:execute(469)) - 325d518f-bf0d-428a-814f-266b27e759e4-RaftLogWorker: created new log segment /opt/src/hadoop-ozone/integration-test/target/test-dir/MiniOzoneClusterImpl-dd99cefe-9779-4043-9d74-181b69d2a827/datanode-0/data/ratis/e0f1d9ef-e225-4b24-a786-9696f0872fc0/current/log_inprogress_2931
2019-06-15 10:53:06,634 DEBUG block.SCMBlockDeletingService (SCMBlockDeletingService.java:call(138)) - Running DeletedBlockTransactionScanner
2019-06-15 10:53:06,634 DEBUG block.SCMBlockDeletingService (SCMBlockDeletingService.java:call(155)) - Scanned deleted blocks log and got 0 delTX to process.
2019-06-15 10:53:06,635 INFO  client.GrpcClientProtocolClient (GrpcClientProtocolClient.java:onNext(254)) - client-09EBABE1B9AF->325d518f-bf0d-428a-814f-266b27e759e4: receive RaftClientReply:client-09EBABE1B9AF->325d518f-bf0d-428a-814f-266b27e759e4@group-9696F0872FC0, cid=1715, SUCCESS, logIndex=2931, commits[325d518f-bf0d-428a-814f-266b27e759e4:c2933]
2019-06-15 10:53:06,636 INFO  client.GrpcClientProtocolClient (GrpcClientProtocolClient.java:onNext(254)) - client-09EBABE1B9AF->325d518f-bf0d-428a-814f-266b27e759e4: receive RaftClientReply:client-09EBABE1B9AF->325d518f-bf0d-428a-814f-266b27e759e4@group-9696F0872FC0, cid=1716, SUCCESS, logIndex=2933, commits[325d518f-bf0d-428a-814f-266b27e759e4:c2934]
2019-06-15 10:53:06,642 INFO  client.GrpcClientProtocolClient (GrpcClientProtocolClient.java:onNext(254)) - client-09EBABE1B9AF->325d518f-bf0d-428a-814f-266b27e759e4: receive RaftClientReply:client-09EBABE1B9AF->325d518f-bf0d-428a-814f-266b27e759e4@group-9696F0872FC0, cid=1717, SUCCESS, logIndex=2935, commits[325d518f-bf0d-428a-814f-266b27e759e4:c2935]
2019-06-15 10:53:06,643 INFO  client.GrpcClientProtocolClient (GrpcClientProtocolClient.java:onNext(254)) - client-09EBABE1B9AF->325d518f-bf0d-428a-814f-266b27e759e4: receive RaftClientReply:client-09EBABE1B9AF->325d518f-bf0d-428a-814f-266b27e759e4@group-9696F0872FC0, cid=1718, SUCCESS, logIndex=2937, commits[325d518f-bf0d-428a-814f-266b27e759e4:c2937]
2019-06-15 10:53:06,646 INFO  client.GrpcClientProtocolClient (GrpcClientProtocolClient.java:onNext(254)) - client-09EBABE1B9AF->325d518f-bf0d-428a-814f-266b27e759e4: receive RaftClientReply:client-09EBABE1B9AF->325d518f-bf0d-428a-814f-266b27e759e4@group-9696F0872FC0, cid=1719, SUCCESS, logIndex=2939, commits[325d518f-bf0d-428a-814f-266b27e759e4:c2940]
2019-06-15 10:53:06,646 INFO  client.GrpcClientProtocolClient (GrpcClientProtocolClient.java:onNext(254)) - client-09EBABE1B9AF->325d518f-bf0d-428a-814f-266b27e759e4: receive RaftClientReply:client-09EBABE1B9AF->325d518f-bf0d-428a-814f-266b27e759e4@group-9696F0872FC0, cid=1720, SUCCESS, logIndex=2940, commits[325d518f-bf0d-428a-814f-266b27e759e4:c2940]
2019-06-15 10:53:06,655 INFO  client.GrpcClientProtocolClient (GrpcClientProtocolClient.java:onNext(254)) - client-09EBABE1B9AF->325d518f-bf0d-428a-814f-266b27e759e4: receive RaftClientReply:client-09EBABE1B9AF->325d518f-bf0d-428a-814f-266b27e759e4@group-9696F0872FC0, cid=1721, SUCCESS, logIndex=2942, commits[325d518f-bf0d-428a-814f-266b27e759e4:c2942]
2019-06-15 10:53:06,656 INFO  client.GrpcClientProtocolClient (GrpcClientProtocolClient.java:onNext(254)) - client-09EBABE1B9AF->325d518f-bf0d-428a-814f-266b27e759e4: receive RaftClientReply:client-09EBABE1B9AF->325d518f-bf0d-428a-814f-266b27e759e4@group-9696F0872FC0, cid=1722, SUCCESS, logIndex=2944, commits[325d518f-bf0d-428a-814f-266b27e759e4:c2944]
2019-06-15 10:53:06,657 INFO  client.GrpcClientProtocolClient (GrpcClientProtocolClient.java:onNext(254)) - client-09EBABE1B9AF->325d518f-bf0d-428a-814f-266b27e759e4: receive RaftClientReply:client-09EBABE1B9AF->325d518f-bf0d-428a-814f-266b27e759e4@group-9696F0872FC0, cid=1723, SUCCESS, logIndex=2945, commits[325d518f-bf0d-428a-814f-266b27e759e4:c2947]
2019-06-15 10:53:06,658 INFO  client.GrpcClientProtocolClient (GrpcClientProtocolClient.java:onNext(254)) - client-09EBABE1B9AF->325d518f-bf0d-428a-814f-266b27e759e4: receive RaftClientReply:client-09EBABE1B9AF->325d518f-bf0d-428a-814f-266b27e759e4@group-9696F0872FC0, cid=1724, SUCCESS, logIndex=2946, commits[325d518f-bf0d-428a-814f-266b27e759e4:c2947]
2019-06-15 10:53:06,728 INFO  client.GrpcClientProtocolClient (GrpcClientProtocolClient.java:onNext(254)) - client-09EBABE1B9AF->325d518f-bf0d-428a-814f-266b27e759e4: receive RaftClientReply:client-09EBABE1B9AF->325d518f-bf0d-428a-814f-266b27e759e4@group-9696F0872FC0, cid=1725, SUCCESS, logIndex=2948, commits[325d518f-bf0d-428a-814f-266b27e759e4:c2948]
2019-06-15 10:53:06,730 INFO  client.GrpcClientProtocolClient (GrpcClientProtocolClient.java:onNext(254)) - client-09EBABE1B9AF->325d518f-bf0d-428a-814f-266b27e759e4: receive RaftClientReply:client-09EBABE1B9AF->325d518f-bf0d-428a-814f-266b27e759e4@group-9696F0872FC0, cid=1726, SUCCESS, logIndex=2950, commits[325d518f-bf0d-428a-814f-266b27e759e4:c2950]
2019-06-15 10:53:06,730 INFO  client.GrpcClientProtocolClient (GrpcClientProtocolClient.java:onNext(254)) - client-09EBABE1B9AF->325d518f-bf0d-428a-814f-266b27e759e4: receive RaftClientReply:client-09EBABE1B9AF->325d518f-bf0d-428a-814f-266b27e759e4@group-9696F0872FC0, cid=1727, SUCCESS, logIndex=2951, commits[325d518f-bf0d-428a-814f-266b27e759e4:c2953]
2019-06-15 10:53:06,731 INFO  client.GrpcClientProtocolClient (GrpcClientProtocolClient.java:onNext(254)) - client-09EBABE1B9AF->325d518f-bf0d-428a-814f-266b27e759e4: receive RaftClientReply:client-09EBABE1B9AF->325d518f-bf0d-428a-814f-266b27e759e4@group-9696F0872FC0, cid=1728, SUCCESS, logIndex=2952, commits[325d518f-bf0d-428a-814f-266b27e759e4:c2953]
2019-06-15 10:53:06,734 DEBUG block.SCMBlockDeletingService (SCMBlockDeletingService.java:call(138)) - Running DeletedBlockTransactionScanner
2019-06-15 10:53:06,734 DEBUG block.SCMBlockDeletingService (SCMBlockDeletingService.java:call(155)) - Scanned deleted blocks log and got 0 delTX to process.
2019-06-15 10:53:06,782 INFO  client.GrpcClientProtocolClient (GrpcClientProtocolClient.java:onNext(254)) - client-09EBABE1B9AF->325d518f-bf0d-428a-814f-266b27e759e4: receive RaftClientReply:client-09EBABE1B9AF->325d518f-bf0d-428a-814f-266b27e759e4@group-9696F0872FC0, cid=1729, SUCCESS, logIndex=2954, commits[325d518f-bf0d-428a-814f-266b27e759e4:c2954]
2019-06-15 10:53:06,783 INFO  client.GrpcClientProtocolClient (GrpcClientProtocolClient.java:onNext(254)) - client-09EBABE1B9AF->325d518f-bf0d-428a-814f-266b27e759e4: receive RaftClientReply:client-09EBABE1B9AF->325d518f-bf0d-428a-814f-266b27e759e4@group-9696F0872FC0, cid=1730, SUCCESS, logIndex=2956, commits[325d518f-bf0d-428a-814f-266b27e759e4:c2956]
2019-06-15 10:53:06,785 INFO  client.GrpcClientProtocolClient (GrpcClientProtocolClient.java:onNext(254)) - client-09EBABE1B9AF->325d518f-bf0d-428a-814f-266b27e759e4: receive RaftClientReply:client-09EBABE1B9AF->325d518f-bf0d-428a-814f-266b27e759e4@group-9696F0872FC0, cid=1731, SUCCESS, logIndex=2958, commits[325d518f-bf0d-428a-814f-266b27e759e4:c2959]
2019-06-15 10:53:06,786 INFO  client.GrpcClientProtocolClient (GrpcClientProtocolClient.java:onNext(254)) - client-09EBABE1B9AF->325d518f-bf0d-428a-814f-266b27e759e4: receive RaftClientReply:client-09EBABE1B9AF->325d518f-bf0d-428a-814f-266b27e759e4@group-9696F0872FC0, cid=1732, SUCCESS, logIndex=2959, commits[325d518f-bf0d-428a-814f-266b27e759e4:c2959]
2019-06-15 10:53:06,791 INFO  client.GrpcClientProtocolClient (GrpcClientProtocolClient.java:onNext(254)) - client-09EBABE1B9AF->325d518f-bf0d-428a-814f-266b27e759e4: receive RaftClientReply:client-09EBABE1B9AF->325d518f-bf0d-428a-814f-266b27e759e4@group-9696F0872FC0, cid=1733, SUCCESS, logIndex=2961, commits[325d518f-bf0d-428a-814f-266b27e759e4:c2961]
2019-06-15 10:53:06,792 INFO  client.GrpcClientProtocolClient (GrpcClientProtocolClient.java:onNext(254)) - client-09EBABE1B9AF->325d518f-bf0d-428a-814f-266b27e759e4: receive RaftClientReply:client-09EBABE1B9AF->325d518f-bf0d-428a-814f-266b27e759e4@group-9696F0872FC0, cid=1734, SUCCESS, logIndex=2963, commits[325d518f-bf0d-428a-814f-266b27e759e4:c2963]
2019-06-15 10:53:06,793 INFO  client.GrpcClientProtocolClient (GrpcClientProtocolClient.java:onNext(254)) - client-09EBABE1B9AF->325d518f-bf0d-428a-814f-266b27e759e4: receive RaftClientReply:client-09EBABE1B9AF->325d518f-bf0d-428a-814f-266b27e759e4@group-9696F0872FC0, cid=1735, SUCCESS, logIndex=2964, commits[325d518f-bf0d-428a-814f-266b27e759e4:c2966]
2019-06-15 10:53:06,793 INFO  client.GrpcClientProtocolClient (GrpcClientProtocolClient.java:onNext(254)) - client-09EBABE1B9AF->325d518f-bf0d-428a-814f-266b27e759e4: receive RaftClientReply:client-09EBABE1B9AF->325d518f-bf0d-428a-814f-266b27e759e4@group-9696F0872FC0, cid=1736, SUCCESS, logIndex=2965, commits[325d518f-bf0d-428a-814f-266b27e759e4:c2966]
2019-06-15 10:53:06,805 INFO  client.GrpcClientProtocolClient (GrpcClientProtocolClient.java:onNext(254)) - client-09EBABE1B9AF->325d518f-bf0d-428a-814f-266b27e759e4: receive RaftClientReply:client-09EBABE1B9AF->325d518f-bf0d-428a-814f-266b27e759e4@group-9696F0872FC0, cid=1737, SUCCESS, logIndex=2967, commits[325d518f-bf0d-428a-814f-266b27e759e4:c2967]
2019-06-15 10:53:06,806 INFO  client.GrpcClientProtocolClient (GrpcClientProtocolClient.java:onNext(254)) - client-09EBABE1B9AF->325d518f-bf0d-428a-814f-266b27e759e4: receive RaftClientReply:client-09EBABE1B9AF->325d518f-bf0d-428a-814f-266b27e759e4@group-9696F0872FC0, cid=1738, SUCCESS, logIndex=2969, commits[325d518f-bf0d-428a-814f-266b27e759e4:c2969]
2019-06-15 10:53:06,807 INFO  client.GrpcClientProtocolClient (GrpcClientProtocolClient.java:onNext(254)) - client-09EBABE1B9AF->325d518f-bf0d-428a-814f-266b27e759e4: receive RaftClientReply:client-09EBABE1B9AF->325d518f-bf0d-428a-814f-266b27e759e4@group-9696F0872FC0, cid=1739, SUCCESS, logIndex=2970, commits[325d518f-bf0d-428a-814f-266b27e759e4:c2972]
2019-06-15 10:53:06,808 INFO  client.GrpcClientProtocolClient (GrpcClientProtocolClient.java:onNext(254)) - client-09EBABE1B9AF->325d518f-bf0d-428a-814f-266b27e759e4: receive RaftClientReply:client-09EBABE1B9AF->325d518f-bf0d-428a-814f-266b27e759e4@group-9696F0872FC0, cid=1740, SUCCESS, logIndex=2972, commits[325d518f-bf0d-428a-814f-266b27e759e4:c2972]
2019-06-15 10:53:06,813 INFO  client.GrpcClientProtocolClient (GrpcClientProtocolClient.java:onNext(254)) - client-09EBABE1B9AF->325d518f-bf0d-428a-814f-266b27e759e4: receive RaftClientReply:client-09EBABE1B9AF->325d518f-bf0d-428a-814f-266b27e759e4@group-9696F0872FC0, cid=1741, SUCCESS, logIndex=2974, commits[325d518f-bf0d-428a-814f-266b27e759e4:c2974]
2019-06-15 10:53:06,814 INFO  client.GrpcClientProtocolClient (GrpcClientProtocolClient.java:onNext(254)) - client-09EBABE1B9AF->325d518f-bf0d-428a-814f-266b27e759e4: receive RaftClientReply:client-09EBABE1B9AF->325d518f-bf0d-428a-814f-266b27e759e4@group-9696F0872FC0, cid=1742, SUCCESS, logIndex=2976, commits[325d518f-bf0d-428a-814f-266b27e759e4:c2976]
2019-06-15 10:53:06,815 INFO  client.GrpcClientProtocolClient (GrpcClientProtocolClient.java:onNext(254)) - client-09EBABE1B9AF->325d518f-bf0d-428a-814f-266b27e759e4: receive RaftClientReply:client-09EBABE1B9AF->325d518f-bf0d-428a-814f-266b27e759e4@group-9696F0872FC0, cid=1743, SUCCESS, logIndex=2977, commits[325d518f-bf0d-428a-814f-266b27e759e4:c2979]
2019-06-15 10:53:06,816 INFO  client.GrpcClientProtocolClient (GrpcClientProtocolClient.java:onNext(254)) - client-09EBABE1B9AF->325d518f-bf0d-428a-814f-266b27e759e4: receive RaftClientReply:client-09EBABE1B9AF->325d518f-bf0d-428a-814f-266b27e759e4@group-9696F0872FC0, cid=1744, SUCCESS, logIndex=2978, commits[325d518f-bf0d-428a-814f-266b27e759e4:c2979]
2019-06-15 10:53:06,825 INFO  client.GrpcClientProtocolClient (GrpcClientProtocolClient.java:onNext(254)) - client-09EBABE1B9AF->325d518f-bf0d-428a-814f-266b27e759e4: receive RaftClientReply:client-09EBABE1B9AF->325d518f-bf0d-428a-814f-266b27e759e4@group-9696F0872FC0, cid=1745, SUCCESS, logIndex=2980, commits[325d518f-bf0d-428a-814f-266b27e759e4:c2980]
2019-06-15 10:53:06,826 INFO  client.GrpcClientProtocolClient (GrpcClientProtocolClient.java:onNext(254)) - client-09EBABE1B9AF->325d518f-bf0d-428a-814f-266b27e759e4: receive RaftClientReply:client-09EBABE1B9AF->325d518f-bf0d-428a-814f-266b27e759e4@group-9696F0872FC0, cid=1746, SUCCESS, logIndex=2982, commits[325d518f-bf0d-428a-814f-266b27e759e4:c2982]
2019-06-15 10:53:06,827 INFO  client.GrpcClientProtocolClient (GrpcClientProtocolClient.java:onNext(254)) - client-09EBABE1B9AF->325d518f-bf0d-428a-814f-266b27e759e4: receive RaftClientReply:client-09EBABE1B9AF->325d518f-bf0d-428a-814f-266b27e759e4@group-9696F0872FC0, cid=1747, SUCCESS, logIndex=2983, commits[325d518f-bf0d-428a-814f-266b27e759e4:c2985]
2019-06-15 10:53:06,827 INFO  client.GrpcClientProtocolClient (GrpcClientProtocolClient.java:onNext(254)) - client-09EBABE1B9AF->325d518f-bf0d-428a-814f-266b27e759e4: receive RaftClientReply:client-09EBABE1B9AF->325d518f-bf0d-428a-814f-266b27e759e4@group-9696F0872FC0, cid=1748, SUCCESS, logIndex=2984, commits[325d518f-bf0d-428a-814f-266b27e759e4:c2985]
2019-06-15 10:53:06,832 INFO  client.GrpcClientProtocolClient (GrpcClientProtocolClient.java:onNext(254)) - client-09EBABE1B9AF->325d518f-bf0d-428a-814f-266b27e759e4: receive RaftClientReply:client-09EBABE1B9AF->325d518f-bf0d-428a-814f-266b27e759e4@group-9696F0872FC0, cid=1749, SUCCESS, logIndex=2986, commits[325d518f-bf0d-428a-814f-266b27e759e4:c2986]
2019-06-15 10:53:06,833 INFO  client.GrpcClientProtocolClient (GrpcClientProtocolClient.java:onNext(254)) - client-09EBABE1B9AF->325d518f-bf0d-428a-814f-266b27e759e4: receive RaftClientReply:client-09EBABE1B9AF->325d518f-bf0d-428a-814f-266b27e759e4@group-9696F0872FC0, cid=1750, SUCCESS, logIndex=2988, commits[325d518f-bf0d-428a-814f-266b27e759e4:c2988]
2019-06-15 10:53:06,834 INFO  client.GrpcClientProtocolClient (GrpcClientProtocolClient.java:onNext(254)) - client-09EBABE1B9AF->325d518f-bf0d-428a-814f-266b27e759e4: receive RaftClientReply:client-09EBABE1B9AF->325d518f-bf0d-428a-814f-266b27e759e4@group-9696F0872FC0, cid=1751, SUCCESS, logIndex=2989, commits[325d518f-bf0d-428a-814f-266b27e759e4:c2991]
2019-06-15 10:53:06,835 DEBUG block.SCMBlockDeletingService (SCMBlockDeletingService.java:call(138)) - Running DeletedBlockTransactionScanner
2019-06-15 10:53:06,835 DEBUG block.SCMBlockDeletingService (SCMBlockDeletingService.java:call(155)) - Scanned deleted blocks log and got 0 delTX to process.
2019-06-15 10:53:06,835 INFO  client.GrpcClientProtocolClient (GrpcClientProtocolClient.java:onNext(254)) - client-09EBABE1B9AF->325d518f-bf0d-428a-814f-266b27e759e4: receive RaftClientReply:client-09EBABE1B9AF->325d518f-bf0d-428a-814f-266b27e759e4@group-9696F0872FC0, cid=1752, SUCCESS, logIndex=2990, commits[325d518f-bf0d-428a-814f-266b27e759e4:c2991]
2019-06-15 10:53:06,843 INFO  client.GrpcClientProtocolClient (GrpcClientProtocolClient.java:onNext(254)) - client-09EBABE1B9AF->325d518f-bf0d-428a-814f-266b27e759e4: receive RaftClientReply:client-09EBABE1B9AF->325d518f-bf0d-428a-814f-266b27e759e4@group-9696F0872FC0, cid=1753, SUCCESS, logIndex=2992, commits[325d518f-bf0d-428a-814f-266b27e759e4:c2992]
2019-06-15 10:53:06,845 INFO  client.GrpcClientProtocolClient (GrpcClientProtocolClient.java:onNext(254)) - client-09EBABE1B9AF->325d518f-bf0d-428a-814f-266b27e759e4: receive RaftClientReply:client-09EBABE1B9AF->325d518f-bf0d-428a-814f-266b27e759e4@group-9696F0872FC0, cid=1754, SUCCESS, logIndex=2994, commits[325d518f-bf0d-428a-814f-266b27e759e4:c2994]
2019-06-15 10:53:06,846 INFO  client.GrpcClientProtocolClient (GrpcClientProtocolClient.java:onNext(254)) - client-09EBABE1B9AF->325d518f-bf0d-428a-814f-266b27e759e4: receive RaftClientReply:client-09EBABE1B9AF->325d518f-bf0d-428a-814f-266b27e759e4@group-9696F0872FC0, cid=1755, SUCCESS, logIndex=2995, commits[325d518f-bf0d-428a-814f-266b27e759e4:c2997]
2019-06-15 10:53:06,846 INFO  client.GrpcClientProtocolClient (GrpcClientProtocolClient.java:onNext(254)) - client-09EBABE1B9AF->325d518f-bf0d-428a-814f-266b27e759e4: receive RaftClientReply:client-09EBABE1B9AF->325d518f-bf0d-428a-814f-266b27e759e4@group-9696F0872FC0, cid=1756, SUCCESS, logIndex=2996, commits[325d518f-bf0d-428a-814f-266b27e759e4:c2997]
2019-06-15 10:53:06,851 INFO  storage.RaftLogWorker (RaftLogWorker.java:rollLogSegment(303)) - 325d518f-bf0d-428a-814f-266b27e759e4-RaftLogWorker: Rolling segment log-2931_2999 to index:2999
2019-06-15 10:53:06,851 INFO  client.GrpcClientProtocolClient (GrpcClientProtocolClient.java:onNext(254)) - client-09EBABE1B9AF->325d518f-bf0d-428a-814f-266b27e759e4: receive RaftClientReply:client-09EBABE1B9AF->325d518f-bf0d-428a-814f-266b27e759e4@group-9696F0872FC0, cid=1757, SUCCESS, logIndex=2998, commits[325d518f-bf0d-428a-814f-266b27e759e4:c2998]
2019-06-15 10:53:06,851 INFO  storage.RaftLogWorker (RaftLogWorker.java:execute(433)) - 325d518f-bf0d-428a-814f-266b27e759e4-RaftLogWorker: Rolled log segment from /opt/src/hadoop-ozone/integration-test/target/test-dir/MiniOzoneClusterImpl-dd99cefe-9779-4043-9d74-181b69d2a827/datanode-0/data/ratis/e0f1d9ef-e225-4b24-a786-9696f0872fc0/current/log_inprogress_2931 to /opt/src/hadoop-ozone/integration-test/target/test-dir/MiniOzoneClusterImpl-dd99cefe-9779-4043-9d74-181b69d2a827/datanode-0/data/ratis/e0f1d9ef-e225-4b24-a786-9696f0872fc0/current/log_2931-2999
2019-06-15 10:53:06,886 INFO  storage.RaftLogWorker (RaftLogWorker.java:execute(469)) - 325d518f-bf0d-428a-814f-266b27e759e4-RaftLogWorker: created new log segment /opt/src/hadoop-ozone/integration-test/target/test-dir/MiniOzoneClusterImpl-dd99cefe-9779-4043-9d74-181b69d2a827/datanode-0/data/ratis/e0f1d9ef-e225-4b24-a786-9696f0872fc0/current/log_inprogress_3000
2019-06-15 10:53:06,888 INFO  client.GrpcClientProtocolClient (GrpcClientProtocolClient.java:onNext(254)) - client-09EBABE1B9AF->325d518f-bf0d-428a-814f-266b27e759e4: receive RaftClientReply:client-09EBABE1B9AF->325d518f-bf0d-428a-814f-266b27e759e4@group-9696F0872FC0, cid=1758, SUCCESS, logIndex=3000, commits[325d518f-bf0d-428a-814f-266b27e759e4:c3002]
2019-06-15 10:53:06,888 INFO  client.GrpcClientProtocolClient (GrpcClientProtocolClient.java:onNext(254)) - client-09EBABE1B9AF->325d518f-bf0d-428a-814f-266b27e759e4: receive RaftClientReply:client-09EBABE1B9AF->325d518f-bf0d-428a-814f-266b27e759e4@group-9696F0872FC0, cid=1759, SUCCESS, logIndex=3001, commits[325d518f-bf0d-428a-814f-266b27e759e4:c3003]
2019-06-15 10:53:06,889 INFO  client.GrpcClientProtocolClient (GrpcClientProtocolClient.java:onNext(254)) - client-09EBABE1B9AF->325d518f-bf0d-428a-814f-266b27e759e4: receive RaftClientReply:client-09EBABE1B9AF->325d518f-bf0d-428a-814f-266b27e759e4@group-9696F0872FC0, cid=1760, SUCCESS, logIndex=3002, commits[325d518f-bf0d-428a-814f-266b27e759e4:c3003]
2019-06-15 10:53:06,897 INFO  client.GrpcClientProtocolClient (GrpcClientProtocolClient.java:onNext(254)) - client-09EBABE1B9AF->325d518f-bf0d-428a-814f-266b27e759e4: receive RaftClientReply:client-09EBABE1B9AF->325d518f-bf0d-428a-814f-266b27e759e4@group-9696F0872FC0, cid=1761, SUCCESS, logIndex=3004, commits[325d518f-bf0d-428a-814f-266b27e759e4:c3004]
2019-06-15 10:53:06,898 INFO  client.GrpcClientProtocolClient (GrpcClientProtocolClient.java:onNext(254)) - client-09EBABE1B9AF->325d518f-bf0d-428a-814f-266b27e759e4: receive RaftClientReply:client-09EBABE1B9AF->325d518f-bf0d-428a-814f-266b27e759e4@group-9696F0872FC0, cid=1762, SUCCESS, logIndex=3006, commits[325d518f-bf0d-428a-814f-266b27e759e4:c3006]
2019-06-15 10:53:06,900 INFO  client.GrpcClientProtocolClient (GrpcClientProtocolClient.java:onNext(254)) - client-09EBABE1B9AF->325d518f-bf0d-428a-814f-266b27e759e4: receive RaftClientReply:client-09EBABE1B9AF->325d518f-bf0d-428a-814f-266b27e759e4@group-9696F0872FC0, cid=1763, SUCCESS, logIndex=3007, commits[325d518f-bf0d-428a-814f-266b27e759e4:c3009]
2019-06-15 10:53:06,900 INFO  client.GrpcClientProtocolClient (GrpcClientProtocolClient.java:onNext(254)) - client-09EBABE1B9AF->325d518f-bf0d-428a-814f-266b27e759e4: receive RaftClientReply:client-09EBABE1B9AF->325d518f-bf0d-428a-814f-266b27e759e4@group-9696F0872FC0, cid=1764, SUCCESS, logIndex=3008, commits[325d518f-bf0d-428a-814f-266b27e759e4:c3009]
2019-06-15 10:53:06,905 INFO  client.GrpcClientProtocolClient (GrpcClientProtocolClient.java:onNext(254)) - client-09EBABE1B9AF->325d518f-bf0d-428a-814f-266b27e759e4: receive RaftClientReply:client-09EBABE1B9AF->325d518f-bf0d-428a-814f-266b27e759e4@group-9696F0872FC0, cid=1765, SUCCESS, logIndex=3010, commits[325d518f-bf0d-428a-814f-266b27e759e4:c3010]
2019-06-15 10:53:06,906 INFO  client.GrpcClientProtocolClient (GrpcClientProtocolClient.java:onNext(254)) - client-09EBABE1B9AF->325d518f-bf0d-428a-814f-266b27e759e4: receive RaftClientReply:client-09EBABE1B9AF->325d518f-bf0d-428a-814f-266b27e759e4@group-9696F0872FC0, cid=1766, SUCCESS, logIndex=3012, commits[325d518f-bf0d-428a-814f-266b27e759e4:c3012]
2019-06-15 10:53:06,907 INFO  client.GrpcClientProtocolClient (GrpcClientProtocolClient.java:onNext(254)) - client-09EBABE1B9AF->325d518f-bf0d-428a-814f-266b27e759e4: receive RaftClientReply:client-09EBABE1B9AF->325d518f-bf0d-428a-814f-266b27e759e4@group-9696F0872FC0, cid=1767, SUCCESS, logIndex=3013, commits[325d518f-bf0d-428a-814f-266b27e759e4:c3015]
2019-06-15 10:53:06,907 INFO  client.GrpcClientProtocolClient (GrpcClientProtocolClient.java:onNext(254)) - client-09EBABE1B9AF->325d518f-bf0d-428a-814f-266b27e759e4: receive RaftClientReply:client-09EBABE1B9AF->325d518f-bf0d-428a-814f-266b27e759e4@group-9696F0872FC0, cid=1768, SUCCESS, logIndex=3014, commits[325d518f-bf0d-428a-814f-266b27e759e4:c3015]
2019-06-15 10:53:06,935 DEBUG block.SCMBlockDeletingService (SCMBlockDeletingService.java:call(138)) - Running DeletedBlockTransactionScanner
2019-06-15 10:53:06,935 DEBUG block.SCMBlockDeletingService (SCMBlockDeletingService.java:call(155)) - Scanned deleted blocks log and got 0 delTX to process.
2019-06-15 10:53:06,981 INFO  client.GrpcClientProtocolClient (GrpcClientProtocolClient.java:onNext(254)) - client-09EBABE1B9AF->325d518f-bf0d-428a-814f-266b27e759e4: receive RaftClientReply:client-09EBABE1B9AF->325d518f-bf0d-428a-814f-266b27e759e4@group-9696F0872FC0, cid=1769, SUCCESS, logIndex=3016, commits[325d518f-bf0d-428a-814f-266b27e759e4:c3016]
2019-06-15 10:53:06,983 INFO  client.GrpcClientProtocolClient (GrpcClientProtocolClient.java:onNext(254)) - client-09EBABE1B9AF->325d518f-bf0d-428a-814f-266b27e759e4: receive RaftClientReply:client-09EBABE1B9AF->325d518f-bf0d-428a-814f-266b27e759e4@group-9696F0872FC0, cid=1770, SUCCESS, logIndex=3018, commits[325d518f-bf0d-428a-814f-266b27e759e4:c3018]
2019-06-15 10:53:06,984 INFO  client.GrpcClientProtocolClient (GrpcClientProtocolClient.java:onNext(254)) - client-09EBABE1B9AF->325d518f-bf0d-428a-814f-266b27e759e4: receive RaftClientReply:client-09EBABE1B9AF->325d518f-bf0d-428a-814f-266b27e759e4@group-9696F0872FC0, cid=1771, SUCCESS, logIndex=3019, commits[325d518f-bf0d-428a-814f-266b27e759e4:c3021]
2019-06-15 10:53:06,984 INFO  client.GrpcClientProtocolClient (GrpcClientProtocolClient.java:onNext(254)) - client-09EBABE1B9AF->325d518f-bf0d-428a-814f-266b27e759e4: receive RaftClientReply:client-09EBABE1B9AF->325d518f-bf0d-428a-814f-266b27e759e4@group-9696F0872FC0, cid=1772, SUCCESS, logIndex=3020, commits[325d518f-bf0d-428a-814f-266b27e759e4:c3021]
2019-06-15 10:53:06,989 INFO  client.GrpcClientProtocolClient (GrpcClientProtocolClient.java:onNext(254)) - client-09EBABE1B9AF->325d518f-bf0d-428a-814f-266b27e759e4: receive RaftClientReply:client-09EBABE1B9AF->325d518f-bf0d-428a-814f-266b27e759e4@group-9696F0872FC0, cid=1773, SUCCESS, logIndex=3022, commits[325d518f-bf0d-428a-814f-266b27e759e4:c3022]
2019-06-15 10:53:06,990 INFO  client.GrpcClientProtocolClient (GrpcClientProtocolClient.java:onNext(254)) - client-09EBABE1B9AF->325d518f-bf0d-428a-814f-266b27e759e4: receive RaftClientReply:client-09EBABE1B9AF->325d518f-bf0d-428a-814f-266b27e759e4@group-9696F0872FC0, cid=1774, SUCCESS, logIndex=3024, commits[325d518f-bf0d-428a-814f-266b27e759e4:c3024]
2019-06-15 10:53:06,991 INFO  client.GrpcClientProtocolClient (GrpcClientProtocolClient.java:onNext(254)) - client-09EBABE1B9AF->325d518f-bf0d-428a-814f-266b27e759e4: receive RaftClientReply:client-09EBABE1B9AF->325d518f-bf0d-428a-814f-266b27e759e4@group-9696F0872FC0, cid=1775, SUCCESS, logIndex=3025, commits[325d518f-bf0d-428a-814f-266b27e759e4:c3027]
2019-06-15 10:53:06,991 INFO  client.GrpcClientProtocolClient (GrpcClientProtocolClient.java:onNext(254)) - client-09EBABE1B9AF->325d518f-bf0d-428a-814f-266b27e759e4: receive RaftClientReply:client-09EBABE1B9AF->325d518f-bf0d-428a-814f-266b27e759e4@group-9696F0872FC0, cid=1776, SUCCESS, logIndex=3026, commits[325d518f-bf0d-428a-814f-266b27e759e4:c3027]
2019-06-15 10:53:07,006 INFO  client.GrpcClientProtocolClient (GrpcClientProtocolClient.java:onNext(254)) - client-09EBABE1B9AF->325d518f-bf0d-428a-814f-266b27e759e4: receive RaftClientReply:client-09EBABE1B9AF->325d518f-bf0d-428a-814f-266b27e759e4@group-9696F0872FC0, cid=1777, SUCCESS, logIndex=3028, commits[325d518f-bf0d-428a-814f-266b27e759e4:c3028]
2019-06-15 10:53:07,007 INFO  client.GrpcClientProtocolClient (GrpcClientProtocolClient.java:onNext(254)) - client-09EBABE1B9AF->325d518f-bf0d-428a-814f-266b27e759e4: receive RaftClientReply:client-09EBABE1B9AF->325d518f-bf0d-428a-814f-266b27e759e4@group-9696F0872FC0, cid=1778, SUCCESS, logIndex=3030, commits[325d518f-bf0d-428a-814f-266b27e759e4:c3031]
2019-06-15 10:53:07,010 INFO  client.GrpcClientProtocolClient (GrpcClientProtocolClient.java:onNext(254)) - client-09EBABE1B9AF->325d518f-bf0d-428a-814f-266b27e759e4: receive RaftClientReply:client-09EBABE1B9AF->325d518f-bf0d-428a-814f-266b27e759e4@group-9696F0872FC0, cid=1779, SUCCESS, logIndex=3032, commits[325d518f-bf0d-428a-814f-266b27e759e4:c3033]
2019-06-15 10:53:07,010 INFO  client.GrpcClientProtocolClient (GrpcClientProtocolClient.java:onNext(254)) - client-09EBABE1B9AF->325d518f-bf0d-428a-814f-266b27e759e4: receive RaftClientReply:client-09EBABE1B9AF->325d518f-bf0d-428a-814f-266b27e759e4@group-9696F0872FC0, cid=1780, SUCCESS, logIndex=3033, commits[325d518f-bf0d-428a-814f-266b27e759e4:c3033]
2019-06-15 10:53:07,015 INFO  client.GrpcClientProtocolClient (GrpcClientProtocolClient.java:onNext(254)) - client-09EBABE1B9AF->325d518f-bf0d-428a-814f-266b27e759e4: receive RaftClientReply:client-09EBABE1B9AF->325d518f-bf0d-428a-814f-266b27e759e4@group-9696F0872FC0, cid=1781, SUCCESS, logIndex=3035, commits[325d518f-bf0d-428a-814f-266b27e759e4:c3035]
2019-06-15 10:53:07,016 INFO  client.GrpcClientProtocolClient (GrpcClientProtocolClient.java:onNext(254)) - client-09EBABE1B9AF->325d518f-bf0d-428a-814f-266b27e759e4: receive RaftClientReply:client-09EBABE1B9AF->325d518f-bf0d-428a-814f-266b27e759e4@group-9696F0872FC0, cid=1782, SUCCESS, logIndex=3037, commits[325d518f-bf0d-428a-814f-266b27e759e4:c3037]
2019-06-15 10:53:07,018 INFO  client.GrpcClientProtocolClient (GrpcClientProtocolClient.java:onNext(254)) - client-09EBABE1B9AF->325d518f-bf0d-428a-814f-266b27e759e4: receive RaftClientReply:client-09EBABE1B9AF->325d518f-bf0d-428a-814f-266b27e759e4@group-9696F0872FC0, cid=1783, SUCCESS, logIndex=3038, commits[325d518f-bf0d-428a-814f-266b27e759e4:c3040]
2019-06-15 10:53:07,019 INFO  client.GrpcClientProtocolClient (GrpcClientProtocolClient.java:onNext(254)) - client-09EBABE1B9AF->325d518f-bf0d-428a-814f-266b27e759e4: receive RaftClientReply:client-09EBABE1B9AF->325d518f-bf0d-428a-814f-266b27e759e4@group-9696F0872FC0, cid=1784, SUCCESS, logIndex=3039, commits[325d518f-bf0d-428a-814f-266b27e759e4:c3040]
2019-06-15 10:53:07,031 INFO  client.GrpcClientProtocolClient (GrpcClientProtocolClient.java:onNext(254)) - client-09EBABE1B9AF->325d518f-bf0d-428a-814f-266b27e759e4: receive RaftClientReply:client-09EBABE1B9AF->325d518f-bf0d-428a-814f-266b27e759e4@group-9696F0872FC0, cid=1785, SUCCESS, logIndex=3041, commits[325d518f-bf0d-428a-814f-266b27e759e4:c3041]
2019-06-15 10:53:07,033 INFO  client.GrpcClientProtocolClient (GrpcClientProtocolClient.java:onNext(254)) - client-09EBABE1B9AF->325d518f-bf0d-428a-814f-266b27e759e4: receive RaftClientReply:client-09EBABE1B9AF->325d518f-bf0d-428a-814f-266b27e759e4@group-9696F0872FC0, cid=1786, SUCCESS, logIndex=3043, commits[325d518f-bf0d-428a-814f-266b27e759e4:c3043]
2019-06-15 10:53:07,034 INFO  client.GrpcClientProtocolClient (GrpcClientProtocolClient.java:onNext(254)) - client-09EBABE1B9AF->325d518f-bf0d-428a-814f-266b27e759e4: receive RaftClientReply:client-09EBABE1B9AF->325d518f-bf0d-428a-814f-266b27e759e4@group-9696F0872FC0, cid=1787, SUCCESS, logIndex=3044, commits[325d518f-bf0d-428a-814f-266b27e759e4:c3046]
2019-06-15 10:53:07,034 INFO  client.GrpcClientProtocolClient (GrpcClientProtocolClient.java:onNext(254)) - client-09EBABE1B9AF->325d518f-bf0d-428a-814f-266b27e759e4: receive RaftClientReply:client-09EBABE1B9AF->325d518f-bf0d-428a-814f-266b27e759e4@group-9696F0872FC0, cid=1788, SUCCESS, logIndex=3045, commits[325d518f-bf0d-428a-814f-266b27e759e4:c3046]
2019-06-15 10:53:07,035 DEBUG block.SCMBlockDeletingService (SCMBlockDeletingService.java:call(138)) - Running DeletedBlockTransactionScanner
2019-06-15 10:53:07,035 DEBUG block.SCMBlockDeletingService (SCMBlockDeletingService.java:call(155)) - Scanned deleted blocks log and got 0 delTX to process.
2019-06-15 10:53:07,040 INFO  client.GrpcClientProtocolClient (GrpcClientProtocolClient.java:onNext(254)) - client-09EBABE1B9AF->325d518f-bf0d-428a-814f-266b27e759e4: receive RaftClientReply:client-09EBABE1B9AF->325d518f-bf0d-428a-814f-266b27e759e4@group-9696F0872FC0, cid=1789, SUCCESS, logIndex=3047, commits[325d518f-bf0d-428a-814f-266b27e759e4:c3047]
2019-06-15 10:53:07,045 INFO  client.GrpcClientProtocolClient (GrpcClientProtocolClient.java:onNext(254)) - client-09EBABE1B9AF->325d518f-bf0d-428a-814f-266b27e759e4: receive RaftClientReply:client-09EBABE1B9AF->325d518f-bf0d-428a-814f-266b27e759e4@group-9696F0872FC0, cid=1790, SUCCESS, logIndex=3049, commits[325d518f-bf0d-428a-814f-266b27e759e4:c3050]
2019-06-15 10:53:07,047 INFO  client.GrpcClientProtocolClient (GrpcClientProtocolClient.java:onNext(254)) - client-09EBABE1B9AF->325d518f-bf0d-428a-814f-266b27e759e4: receive RaftClientReply:client-09EBABE1B9AF->325d518f-bf0d-428a-814f-266b27e759e4@group-9696F0872FC0, cid=1791, SUCCESS, logIndex=3051, commits[325d518f-bf0d-428a-814f-266b27e759e4:c3052]
2019-06-15 10:53:07,050 INFO  client.GrpcClientProtocolClient (GrpcClientProtocolClient.java:onNext(254)) - client-09EBABE1B9AF->325d518f-bf0d-428a-814f-266b27e759e4: receive RaftClientReply:client-09EBABE1B9AF->325d518f-bf0d-428a-814f-266b27e759e4@group-9696F0872FC0, cid=1792, SUCCESS, logIndex=3052, commits[325d518f-bf0d-428a-814f-266b27e759e4:c3053]
2019-06-15 10:53:07,061 INFO  client.GrpcClientProtocolClient (GrpcClientProtocolClient.java:onNext(254)) - client-09EBABE1B9AF->325d518f-bf0d-428a-814f-266b27e759e4: receive RaftClientReply:client-09EBABE1B9AF->325d518f-bf0d-428a-814f-266b27e759e4@group-9696F0872FC0, cid=1793, SUCCESS, logIndex=3054, commits[325d518f-bf0d-428a-814f-266b27e759e4:c3054]
2019-06-15 10:53:07,063 INFO  client.GrpcClientProtocolClient (GrpcClientProtocolClient.java:onNext(254)) - client-09EBABE1B9AF->325d518f-bf0d-428a-814f-266b27e759e4: receive RaftClientReply:client-09EBABE1B9AF->325d518f-bf0d-428a-814f-266b27e759e4@group-9696F0872FC0, cid=1794, SUCCESS, logIndex=3056, commits[325d518f-bf0d-428a-814f-266b27e759e4:c3056]
2019-06-15 10:53:07,067 INFO  client.GrpcClientProtocolClient (GrpcClientProtocolClient.java:onNext(254)) - client-09EBABE1B9AF->325d518f-bf0d-428a-814f-266b27e759e4: receive RaftClientReply:client-09EBABE1B9AF->325d518f-bf0d-428a-814f-266b27e759e4@group-9696F0872FC0, cid=1795, SUCCESS, logIndex=3058, commits[325d518f-bf0d-428a-814f-266b27e759e4:c3059]
2019-06-15 10:53:07,067 INFO  client.GrpcClientProtocolClient (GrpcClientProtocolClient.java:onNext(254)) - client-09EBABE1B9AF->325d518f-bf0d-428a-814f-266b27e759e4: receive RaftClientReply:client-09EBABE1B9AF->325d518f-bf0d-428a-814f-266b27e759e4@group-9696F0872FC0, cid=1796, SUCCESS, logIndex=3059, commits[325d518f-bf0d-428a-814f-266b27e759e4:c3059]
2019-06-15 10:53:07,074 INFO  client.GrpcClientProtocolClient (GrpcClientProtocolClient.java:onNext(254)) - client-09EBABE1B9AF->325d518f-bf0d-428a-814f-266b27e759e4: receive RaftClientReply:client-09EBABE1B9AF->325d518f-bf0d-428a-814f-266b27e759e4@group-9696F0872FC0, cid=1797, SUCCESS, logIndex=3061, commits[325d518f-bf0d-428a-814f-266b27e759e4:c3061]
2019-06-15 10:53:07,076 INFO  client.GrpcClientProtocolClient (GrpcClientProtocolClient.java:onNext(254)) - client-09EBABE1B9AF->325d518f-bf0d-428a-814f-266b27e759e4: receive RaftClientReply:client-09EBABE1B9AF->325d518f-bf0d-428a-814f-266b27e759e4@group-9696F0872FC0, cid=1798, SUCCESS, logIndex=3063, commits[325d518f-bf0d-428a-814f-266b27e759e4:c3063]
2019-06-15 10:53:07,077 INFO  client.GrpcClientProtocolClient (GrpcClientProtocolClient.java:onNext(254)) - client-09EBABE1B9AF->325d518f-bf0d-428a-814f-266b27e759e4: receive RaftClientReply:client-09EBABE1B9AF->325d518f-bf0d-428a-814f-266b27e759e4@group-9696F0872FC0, cid=1799, SUCCESS, logIndex=3064, commits[325d518f-bf0d-428a-814f-266b27e759e4:c3066]
2019-06-15 10:53:07,077 INFO  client.GrpcClientProtocolClient (GrpcClientProtocolClient.java:onNext(254)) - client-09EBABE1B9AF->325d518f-bf0d-428a-814f-266b27e759e4: receive RaftClientReply:client-09EBABE1B9AF->325d518f-bf0d-428a-814f-266b27e759e4@group-9696F0872FC0, cid=1800, SUCCESS, logIndex=3065, commits[325d518f-bf0d-428a-814f-266b27e759e4:c3066]
2019-06-15 10:53:07,085 INFO  storage.RaftLogWorker (RaftLogWorker.java:rollLogSegment(303)) - 325d518f-bf0d-428a-814f-266b27e759e4-RaftLogWorker: Rolling segment log-3000_3066 to index:3066
2019-06-15 10:53:07,085 INFO  storage.RaftLogWorker (RaftLogWorker.java:execute(433)) - 325d518f-bf0d-428a-814f-266b27e759e4-RaftLogWorker: Rolled log segment from /opt/src/hadoop-ozone/integration-test/target/test-dir/MiniOzoneClusterImpl-dd99cefe-9779-4043-9d74-181b69d2a827/datanode-0/data/ratis/e0f1d9ef-e225-4b24-a786-9696f0872fc0/current/log_inprogress_3000 to /opt/src/hadoop-ozone/integration-test/target/test-dir/MiniOzoneClusterImpl-dd99cefe-9779-4043-9d74-181b69d2a827/datanode-0/data/ratis/e0f1d9ef-e225-4b24-a786-9696f0872fc0/current/log_3000-3066
2019-06-15 10:53:07,121 INFO  storage.RaftLogWorker (RaftLogWorker.java:execute(469)) - 325d518f-bf0d-428a-814f-266b27e759e4-RaftLogWorker: created new log segment /opt/src/hadoop-ozone/integration-test/target/test-dir/MiniOzoneClusterImpl-dd99cefe-9779-4043-9d74-181b69d2a827/datanode-0/data/ratis/e0f1d9ef-e225-4b24-a786-9696f0872fc0/current/log_inprogress_3067
2019-06-15 10:53:07,123 INFO  client.GrpcClientProtocolClient (GrpcClientProtocolClient.java:onNext(254)) - client-09EBABE1B9AF->325d518f-bf0d-428a-814f-266b27e759e4: receive RaftClientReply:client-09EBABE1B9AF->325d518f-bf0d-428a-814f-266b27e759e4@group-9696F0872FC0, cid=1801, SUCCESS, logIndex=3067, commits[325d518f-bf0d-428a-814f-266b27e759e4:c3067]
2019-06-15 10:53:07,124 INFO  client.GrpcClientProtocolClient (GrpcClientProtocolClient.java:onNext(254)) - client-09EBABE1B9AF->325d518f-bf0d-428a-814f-266b27e759e4: receive RaftClientReply:client-09EBABE1B9AF->325d518f-bf0d-428a-814f-266b27e759e4@group-9696F0872FC0, cid=1802, SUCCESS, logIndex=3069, commits[325d518f-bf0d-428a-814f-266b27e759e4:c3069]
2019-06-15 10:53:07,125 INFO  client.GrpcClientProtocolClient (GrpcClientProtocolClient.java:onNext(254)) - client-09EBABE1B9AF->325d518f-bf0d-428a-814f-266b27e759e4: receive RaftClientReply:client-09EBABE1B9AF->325d518f-bf0d-428a-814f-266b27e759e4@group-9696F0872FC0, cid=1803, SUCCESS, logIndex=3070, commits[325d518f-bf0d-428a-814f-266b27e759e4:c3072]
2019-06-15 10:53:07,126 INFO  client.GrpcClientProtocolClient (GrpcClientProtocolClient.java:onNext(254)) - client-09EBABE1B9AF->325d518f-bf0d-428a-814f-266b27e759e4: receive RaftClientReply:client-09EBABE1B9AF->325d518f-bf0d-428a-814f-266b27e759e4@group-9696F0872FC0, cid=1804, SUCCESS, logIndex=3071, commits[325d518f-bf0d-428a-814f-266b27e759e4:c3072]
2019-06-15 10:53:07,131 INFO  client.GrpcClientProtocolClient (GrpcClientProtocolClient.java:onNext(254)) - client-09EBABE1B9AF->325d518f-bf0d-428a-814f-266b27e759e4: receive RaftClientReply:client-09EBABE1B9AF->325d518f-bf0d-428a-814f-266b27e759e4@group-9696F0872FC0, cid=1805, SUCCESS, logIndex=3073, commits[325d518f-bf0d-428a-814f-266b27e759e4:c3073]
2019-06-15 10:53:07,132 INFO  client.GrpcClientProtocolClient (GrpcClientProtocolClient.java:onNext(254)) - client-09EBABE1B9AF->325d518f-bf0d-428a-814f-266b27e759e4: receive RaftClientReply:client-09EBABE1B9AF->325d518f-bf0d-428a-814f-266b27e759e4@group-9696F0872FC0, cid=1806, SUCCESS, logIndex=3075, commits[325d518f-bf0d-428a-814f-266b27e759e4:c3075]
2019-06-15 10:53:07,134 INFO  client.GrpcClientProtocolClient (GrpcClientProtocolClient.java:onNext(254)) - client-09EBABE1B9AF->325d518f-bf0d-428a-814f-266b27e759e4: receive RaftClientReply:client-09EBABE1B9AF->325d518f-bf0d-428a-814f-266b27e759e4@group-9696F0872FC0, cid=1807, SUCCESS, logIndex=3076, commits[325d518f-bf0d-428a-814f-266b27e759e4:c3078]
2019-06-15 10:53:07,134 INFO  client.GrpcClientProtocolClient (GrpcClientProtocolClient.java:onNext(254)) - client-09EBABE1B9AF->325d518f-bf0d-428a-814f-266b27e759e4: receive RaftClientReply:client-09EBABE1B9AF->325d518f-bf0d-428a-814f-266b27e759e4@group-9696F0872FC0, cid=1808, SUCCESS, logIndex=3077, commits[325d518f-bf0d-428a-814f-266b27e759e4:c3078]
2019-06-15 10:53:07,136 DEBUG block.SCMBlockDeletingService (SCMBlockDeletingService.java:call(138)) - Running DeletedBlockTransactionScanner
2019-06-15 10:53:07,136 DEBUG block.SCMBlockDeletingService (SCMBlockDeletingService.java:call(155)) - Scanned deleted blocks log and got 0 delTX to process.
2019-06-15 10:53:07,147 INFO  client.GrpcClientProtocolClient (GrpcClientProtocolClient.java:onNext(254)) - client-09EBABE1B9AF->325d518f-bf0d-428a-814f-266b27e759e4: receive RaftClientReply:client-09EBABE1B9AF->325d518f-bf0d-428a-814f-266b27e759e4@group-9696F0872FC0, cid=1809, SUCCESS, logIndex=3079, commits[325d518f-bf0d-428a-814f-266b27e759e4:c3079]
2019-06-15 10:53:07,152 INFO  client.GrpcClientProtocolClient (GrpcClientProtocolClient.java:onNext(254)) - client-09EBABE1B9AF->325d518f-bf0d-428a-814f-266b27e759e4: receive RaftClientReply:client-09EBABE1B9AF->325d518f-bf0d-428a-814f-266b27e759e4@group-9696F0872FC0, cid=1810, SUCCESS, logIndex=3081, commits[325d518f-bf0d-428a-814f-266b27e759e4:c3083]
2019-06-15 10:53:07,152 INFO  client.GrpcClientProtocolClient (GrpcClientProtocolClient.java:onNext(254)) - client-09EBABE1B9AF->325d518f-bf0d-428a-814f-266b27e759e4: receive RaftClientReply:client-09EBABE1B9AF->325d518f-bf0d-428a-814f-266b27e759e4@group-9696F0872FC0, cid=1811, SUCCESS, logIndex=3082, commits[325d518f-bf0d-428a-814f-266b27e759e4:c3083]
2019-06-15 10:53:07,152 INFO  client.GrpcClientProtocolClient (GrpcClientProtocolClient.java:onNext(254)) - client-09EBABE1B9AF->325d518f-bf0d-428a-814f-266b27e759e4: receive RaftClientReply:client-09EBABE1B9AF->325d518f-bf0d-428a-814f-266b27e759e4@group-9696F0872FC0, cid=1812, SUCCESS, logIndex=3083, commits[325d518f-bf0d-428a-814f-266b27e759e4:c3083]
2019-06-15 10:53:07,473 DEBUG block.SCMBlockDeletingService (SCMBlockDeletingService.java:call(138)) - Running DeletedBlockTransactionScanner
2019-06-15 10:53:07,473 DEBUG block.SCMBlockDeletingService (SCMBlockDeletingService.java:call(155)) - Scanned deleted blocks log and got 0 delTX to process.
2019-06-15 10:53:07,483 INFO  client.GrpcClientProtocolClient (GrpcClientProtocolClient.java:onNext(254)) - client-09EBABE1B9AF->325d518f-bf0d-428a-814f-266b27e759e4: receive RaftClientReply:client-09EBABE1B9AF->325d518f-bf0d-428a-814f-266b27e759e4@group-9696F0872FC0, cid=1813, SUCCESS, logIndex=3085, commits[325d518f-bf0d-428a-814f-266b27e759e4:c3085]
2019-06-15 10:53:07,484 INFO  client.GrpcClientProtocolClient (GrpcClientProtocolClient.java:onNext(254)) - client-09EBABE1B9AF->325d518f-bf0d-428a-814f-266b27e759e4: receive RaftClientReply:client-09EBABE1B9AF->325d518f-bf0d-428a-814f-266b27e759e4@group-9696F0872FC0, cid=1814, SUCCESS, logIndex=3087, commits[325d518f-bf0d-428a-814f-266b27e759e4:c3087]
2019-06-15 10:53:07,490 INFO  client.GrpcClientProtocolClient (GrpcClientProtocolClient.java:onNext(254)) - client-09EBABE1B9AF->325d518f-bf0d-428a-814f-266b27e759e4: receive RaftClientReply:client-09EBABE1B9AF->325d518f-bf0d-428a-814f-266b27e759e4@group-9696F0872FC0, cid=1815, SUCCESS, logIndex=3089, commits[325d518f-bf0d-428a-814f-266b27e759e4:c3091]
2019-06-15 10:53:07,490 INFO  client.GrpcClientProtocolClient (GrpcClientProtocolClient.java:onNext(254)) - client-09EBABE1B9AF->325d518f-bf0d-428a-814f-266b27e759e4: receive RaftClientReply:client-09EBABE1B9AF->325d518f-bf0d-428a-814f-266b27e759e4@group-9696F0872FC0, cid=1816, SUCCESS, logIndex=3090, commits[325d518f-bf0d-428a-814f-266b27e759e4:c3091]
2019-06-15 10:53:07,499 INFO  client.GrpcClientProtocolClient (GrpcClientProtocolClient.java:onNext(254)) - client-09EBABE1B9AF->325d518f-bf0d-428a-814f-266b27e759e4: receive RaftClientReply:client-09EBABE1B9AF->325d518f-bf0d-428a-814f-266b27e759e4@group-9696F0872FC0, cid=1817, SUCCESS, logIndex=3092, commits[325d518f-bf0d-428a-814f-266b27e759e4:c3092]
2019-06-15 10:53:07,500 INFO  client.GrpcClientProtocolClient (GrpcClientProtocolClient.java:onNext(254)) - client-09EBABE1B9AF->325d518f-bf0d-428a-814f-266b27e759e4: receive RaftClientReply:client-09EBABE1B9AF->325d518f-bf0d-428a-814f-266b27e759e4@group-9696F0872FC0, cid=1818, SUCCESS, logIndex=3094, commits[325d518f-bf0d-428a-814f-266b27e759e4:c3094]
2019-06-15 10:53:07,501 INFO  client.GrpcClientProtocolClient (GrpcClientProtocolClient.java:onNext(254)) - client-09EBABE1B9AF->325d518f-bf0d-428a-814f-266b27e759e4: receive RaftClientReply:client-09EBABE1B9AF->325d518f-bf0d-428a-814f-266b27e759e4@group-9696F0872FC0, cid=1819, SUCCESS, logIndex=3095, commits[325d518f-bf0d-428a-814f-266b27e759e4:c3097]
2019-06-15 10:53:07,501 INFO  client.GrpcClientProtocolClient (GrpcClientProtocolClient.java:onNext(254)) - client-09EBABE1B9AF->325d518f-bf0d-428a-814f-266b27e759e4: receive RaftClientReply:client-09EBABE1B9AF->325d518f-bf0d-428a-814f-266b27e759e4@group-9696F0872FC0, cid=1820, SUCCESS, logIndex=3096, commits[325d518f-bf0d-428a-814f-266b27e759e4:c3097]
2019-06-15 10:53:07,508 INFO  client.GrpcClientProtocolClient (GrpcClientProtocolClient.java:onNext(254)) - client-09EBABE1B9AF->325d518f-bf0d-428a-814f-266b27e759e4: receive RaftClientReply:client-09EBABE1B9AF->325d518f-bf0d-428a-814f-266b27e759e4@group-9696F0872FC0, cid=1821, SUCCESS, logIndex=3098, commits[325d518f-bf0d-428a-814f-266b27e759e4:c3098]
2019-06-15 10:53:07,509 INFO  client.GrpcClientProtocolClient (GrpcClientProtocolClient.java:onNext(254)) - client-09EBABE1B9AF->325d518f-bf0d-428a-814f-266b27e759e4: receive RaftClientReply:client-09EBABE1B9AF->325d518f-bf0d-428a-814f-266b27e759e4@group-9696F0872FC0, cid=1822, SUCCESS, logIndex=3100, commits[325d518f-bf0d-428a-814f-266b27e759e4:c3100]
2019-06-15 10:53:07,510 INFO  client.GrpcClientProtocolClient (GrpcClientProtocolClient.java:onNext(254)) - client-09EBABE1B9AF->325d518f-bf0d-428a-814f-266b27e759e4: receive RaftClientReply:client-09EBABE1B9AF->325d518f-bf0d-428a-814f-266b27e759e4@group-9696F0872FC0, cid=1823, SUCCESS, logIndex=3101, commits[325d518f-bf0d-428a-814f-266b27e759e4:c3102]
2019-06-15 10:53:07,510 INFO  client.GrpcClientProtocolClient (GrpcClientProtocolClient.java:onNext(254)) - client-09EBABE1B9AF->325d518f-bf0d-428a-814f-266b27e759e4: receive RaftClientReply:client-09EBABE1B9AF->325d518f-bf0d-428a-814f-266b27e759e4@group-9696F0872FC0, cid=1824, SUCCESS, logIndex=3102, commits[325d518f-bf0d-428a-814f-266b27e759e4:c3102]
2019-06-15 10:53:07,520 INFO  client.GrpcClientProtocolClient (GrpcClientProtocolClient.java:onNext(254)) - client-09EBABE1B9AF->325d518f-bf0d-428a-814f-266b27e759e4: receive RaftClientReply:client-09EBABE1B9AF->325d518f-bf0d-428a-814f-266b27e759e4@group-9696F0872FC0, cid=1825, SUCCESS, logIndex=3105, commits[325d518f-bf0d-428a-814f-266b27e759e4:c3105]
2019-06-15 10:53:07,521 INFO  client.GrpcClientProtocolClient (GrpcClientProtocolClient.java:onNext(254)) - client-09EBABE1B9AF->325d518f-bf0d-428a-814f-266b27e759e4: receive RaftClientReply:client-09EBABE1B9AF->325d518f-bf0d-428a-814f-266b27e759e4@group-9696F0872FC0, cid=1826, SUCCESS, logIndex=3107, commits[325d518f-bf0d-428a-814f-266b27e759e4:c3107]
2019-06-15 10:53:07,522 INFO  client.GrpcClientProtocolClient (GrpcClientProtocolClient.java:onNext(254)) - client-09EBABE1B9AF->325d518f-bf0d-428a-814f-266b27e759e4: receive RaftClientReply:client-09EBABE1B9AF->325d518f-bf0d-428a-814f-266b27e759e4@group-9696F0872FC0, cid=1827, SUCCESS, logIndex=3108, commits[325d518f-bf0d-428a-814f-266b27e759e4:c3110]
2019-06-15 10:53:07,522 INFO  client.GrpcClientProtocolClient (GrpcClientProtocolClient.java:onNext(254)) - client-09EBABE1B9AF->325d518f-bf0d-428a-814f-266b27e759e4: receive RaftClientReply:client-09EBABE1B9AF->325d518f-bf0d-428a-814f-266b27e759e4@group-9696F0872FC0, cid=1828, SUCCESS, logIndex=3109, commits[325d518f-bf0d-428a-814f-266b27e759e4:c3110]
2019-06-15 10:53:07,527 INFO  client.GrpcClientProtocolClient (GrpcClientProtocolClient.java:onNext(254)) - client-09EBABE1B9AF->325d518f-bf0d-428a-814f-266b27e759e4: receive RaftClientReply:client-09EBABE1B9AF->325d518f-bf0d-428a-814f-266b27e759e4@group-9696F0872FC0, cid=1829, SUCCESS, logIndex=3111, commits[325d518f-bf0d-428a-814f-266b27e759e4:c3111]
2019-06-15 10:53:07,528 INFO  client.GrpcClientProtocolClient (GrpcClientProtocolClient.java:onNext(254)) - client-09EBABE1B9AF->325d518f-bf0d-428a-814f-266b27e759e4: receive RaftClientReply:client-09EBABE1B9AF->325d518f-bf0d-428a-814f-266b27e759e4@group-9696F0872FC0, cid=1830, SUCCESS, logIndex=3113, commits[325d518f-bf0d-428a-814f-266b27e759e4:c3113]
2019-06-15 10:53:07,530 INFO  client.GrpcClientProtocolClient (GrpcClientProtocolClient.java:onNext(254)) - client-09EBABE1B9AF->325d518f-bf0d-428a-814f-266b27e759e4: receive RaftClientReply:client-09EBABE1B9AF->325d518f-bf0d-428a-814f-266b27e759e4@group-9696F0872FC0, cid=1831, SUCCESS, logIndex=3114, commits[325d518f-bf0d-428a-814f-266b27e759e4:c3116]
2019-06-15 10:53:07,530 INFO  client.GrpcClientProtocolClient (GrpcClientProtocolClient.java:onNext(254)) - client-09EBABE1B9AF->325d518f-bf0d-428a-814f-266b27e759e4: receive RaftClientReply:client-09EBABE1B9AF->325d518f-bf0d-428a-814f-266b27e759e4@group-9696F0872FC0, cid=1832, SUCCESS, logIndex=3115, commits[325d518f-bf0d-428a-814f-266b27e759e4:c3116]
2019-06-15 10:53:07,542 INFO  client.GrpcClientProtocolClient (GrpcClientProtocolClient.java:onNext(254)) - client-09EBABE1B9AF->325d518f-bf0d-428a-814f-266b27e759e4: receive RaftClientReply:client-09EBABE1B9AF->325d518f-bf0d-428a-814f-266b27e759e4@group-9696F0872FC0, cid=1833, SUCCESS, logIndex=3117, commits[325d518f-bf0d-428a-814f-266b27e759e4:c3117]
2019-06-15 10:53:07,543 INFO  client.GrpcClientProtocolClient (GrpcClientProtocolClient.java:onNext(254)) - client-09EBABE1B9AF->325d518f-bf0d-428a-814f-266b27e759e4: receive RaftClientReply:client-09EBABE1B9AF->325d518f-bf0d-428a-814f-266b27e759e4@group-9696F0872FC0, cid=1834, SUCCESS, logIndex=3119, commits[325d518f-bf0d-428a-814f-266b27e759e4:c3119]
2019-06-15 10:53:07,545 INFO  client.GrpcClientProtocolClient (GrpcClientProtocolClient.java:onNext(254)) - client-09EBABE1B9AF->325d518f-bf0d-428a-814f-266b27e759e4: receive RaftClientReply:client-09EBABE1B9AF->325d518f-bf0d-428a-814f-266b27e759e4@group-9696F0872FC0, cid=1835, SUCCESS, logIndex=3121, commits[325d518f-bf0d-428a-814f-266b27e759e4:c3121]
2019-06-15 10:53:07,546 INFO  client.GrpcClientProtocolClient (GrpcClientProtocolClient.java:onNext(254)) - client-09EBABE1B9AF->325d518f-bf0d-428a-814f-266b27e759e4: receive RaftClientReply:client-09EBABE1B9AF->325d518f-bf0d-428a-814f-266b27e759e4@group-9696F0872FC0, cid=1836, SUCCESS, logIndex=3123, commits[325d518f-bf0d-428a-814f-266b27e759e4:c3123]
2019-06-15 10:53:07,551 INFO  client.GrpcClientProtocolClient (GrpcClientProtocolClient.java:onNext(254)) - client-09EBABE1B9AF->325d518f-bf0d-428a-814f-266b27e759e4: receive RaftClientReply:client-09EBABE1B9AF->325d518f-bf0d-428a-814f-266b27e759e4@group-9696F0872FC0, cid=1837, SUCCESS, logIndex=3125, commits[325d518f-bf0d-428a-814f-266b27e759e4:c3125]
2019-06-15 10:53:07,553 INFO  client.GrpcClientProtocolClient (GrpcClientProtocolClient.java:onNext(254)) - client-09EBABE1B9AF->325d518f-bf0d-428a-814f-266b27e759e4: receive RaftClientReply:client-09EBABE1B9AF->325d518f-bf0d-428a-814f-266b27e759e4@group-9696F0872FC0, cid=1838, SUCCESS, logIndex=3127, commits[325d518f-bf0d-428a-814f-266b27e759e4:c3127]
2019-06-15 10:53:07,555 INFO  client.GrpcClientProtocolClient (GrpcClientProtocolClient.java:onNext(254)) - client-09EBABE1B9AF->325d518f-bf0d-428a-814f-266b27e759e4: receive RaftClientReply:client-09EBABE1B9AF->325d518f-bf0d-428a-814f-266b27e759e4@group-9696F0872FC0, cid=1839, SUCCESS, logIndex=3129, commits[325d518f-bf0d-428a-814f-266b27e759e4:c3129]
2019-06-15 10:53:07,555 INFO  client.GrpcClientProtocolClient (GrpcClientProtocolClient.java:onNext(254)) - client-09EBABE1B9AF->325d518f-bf0d-428a-814f-266b27e759e4: receive RaftClientReply:client-09EBABE1B9AF->325d518f-bf0d-428a-814f-266b27e759e4@group-9696F0872FC0, cid=1840, SUCCESS, logIndex=3130, commits[325d518f-bf0d-428a-814f-266b27e759e4:c3130]
2019-06-15 10:53:07,567 INFO  client.GrpcClientProtocolClient (GrpcClientProtocolClient.java:onNext(254)) - client-09EBABE1B9AF->325d518f-bf0d-428a-814f-266b27e759e4: receive RaftClientReply:client-09EBABE1B9AF->325d518f-bf0d-428a-814f-266b27e759e4@group-9696F0872FC0, cid=1841, SUCCESS, logIndex=3133, commits[325d518f-bf0d-428a-814f-266b27e759e4:c3133]
2019-06-15 10:53:07,568 INFO  client.GrpcClientProtocolClient (GrpcClientProtocolClient.java:onNext(254)) - client-09EBABE1B9AF->325d518f-bf0d-428a-814f-266b27e759e4: receive RaftClientReply:client-09EBABE1B9AF->325d518f-bf0d-428a-814f-266b27e759e4@group-9696F0872FC0, cid=1842, SUCCESS, logIndex=3135, commits[325d518f-bf0d-428a-814f-266b27e759e4:c3135]
2019-06-15 10:53:07,569 INFO  client.GrpcClientProtocolClient (GrpcClientProtocolClient.java:onNext(254)) - client-09EBABE1B9AF->325d518f-bf0d-428a-814f-266b27e759e4: receive RaftClientReply:client-09EBABE1B9AF->325d518f-bf0d-428a-814f-266b27e759e4@group-9696F0872FC0, cid=1843, SUCCESS, logIndex=3136, commits[325d518f-bf0d-428a-814f-266b27e759e4:c3138]
2019-06-15 10:53:07,569 INFO  client.GrpcClientProtocolClient (GrpcClientProtocolClient.java:onNext(254)) - client-09EBABE1B9AF->325d518f-bf0d-428a-814f-266b27e759e4: receive RaftClientReply:client-09EBABE1B9AF->325d518f-bf0d-428a-814f-266b27e759e4@group-9696F0872FC0, cid=1844, SUCCESS, logIndex=3137, commits[325d518f-bf0d-428a-814f-266b27e759e4:c3138]
2019-06-15 10:53:07,572 INFO  storage.RaftLogWorker (RaftLogWorker.java:rollLogSegment(303)) - 325d518f-bf0d-428a-814f-266b27e759e4-RaftLogWorker: Rolling segment log-3067_3138 to index:3138
2019-06-15 10:53:07,572 INFO  storage.RaftLogWorker (RaftLogWorker.java:execute(433)) - 325d518f-bf0d-428a-814f-266b27e759e4-RaftLogWorker: Rolled log segment from /opt/src/hadoop-ozone/integration-test/target/test-dir/MiniOzoneClusterImpl-dd99cefe-9779-4043-9d74-181b69d2a827/datanode-0/data/ratis/e0f1d9ef-e225-4b24-a786-9696f0872fc0/current/log_inprogress_3067 to /opt/src/hadoop-ozone/integration-test/target/test-dir/MiniOzoneClusterImpl-dd99cefe-9779-4043-9d74-181b69d2a827/datanode-0/data/ratis/e0f1d9ef-e225-4b24-a786-9696f0872fc0/current/log_3067-3138
2019-06-15 10:53:07,573 DEBUG block.SCMBlockDeletingService (SCMBlockDeletingService.java:call(138)) - Running DeletedBlockTransactionScanner
2019-06-15 10:53:07,574 DEBUG block.SCMBlockDeletingService (SCMBlockDeletingService.java:call(155)) - Scanned deleted blocks log and got 0 delTX to process.
2019-06-15 10:53:07,608 INFO  storage.RaftLogWorker (RaftLogWorker.java:execute(469)) - 325d518f-bf0d-428a-814f-266b27e759e4-RaftLogWorker: created new log segment /opt/src/hadoop-ozone/integration-test/target/test-dir/MiniOzoneClusterImpl-dd99cefe-9779-4043-9d74-181b69d2a827/datanode-0/data/ratis/e0f1d9ef-e225-4b24-a786-9696f0872fc0/current/log_inprogress_3139
2019-06-15 10:53:07,609 INFO  client.GrpcClientProtocolClient (GrpcClientProtocolClient.java:onNext(254)) - client-09EBABE1B9AF->325d518f-bf0d-428a-814f-266b27e759e4: receive RaftClientReply:client-09EBABE1B9AF->325d518f-bf0d-428a-814f-266b27e759e4@group-9696F0872FC0, cid=1845, SUCCESS, logIndex=3139, commits[325d518f-bf0d-428a-814f-266b27e759e4:c3139]
2019-06-15 10:53:07,611 INFO  client.GrpcClientProtocolClient (GrpcClientProtocolClient.java:onNext(254)) - client-09EBABE1B9AF->325d518f-bf0d-428a-814f-266b27e759e4: receive RaftClientReply:client-09EBABE1B9AF->325d518f-bf0d-428a-814f-266b27e759e4@group-9696F0872FC0, cid=1846, SUCCESS, logIndex=3141, commits[325d518f-bf0d-428a-814f-266b27e759e4:c3141]
2019-06-15 10:53:07,612 INFO  client.GrpcClientProtocolClient (GrpcClientProtocolClient.java:onNext(254)) - client-09EBABE1B9AF->325d518f-bf0d-428a-814f-266b27e759e4: receive RaftClientReply:client-09EBABE1B9AF->325d518f-bf0d-428a-814f-266b27e759e4@group-9696F0872FC0, cid=1847, SUCCESS, logIndex=3142, commits[325d518f-bf0d-428a-814f-266b27e759e4:c3144]
2019-06-15 10:53:07,612 INFO  client.GrpcClientProtocolClient (GrpcClientProtocolClient.java:onNext(254)) - client-09EBABE1B9AF->325d518f-bf0d-428a-814f-266b27e759e4: receive RaftClientReply:client-09EBABE1B9AF->325d518f-bf0d-428a-814f-266b27e759e4@group-9696F0872FC0, cid=1848, SUCCESS, logIndex=3143, commits[325d518f-bf0d-428a-814f-266b27e759e4:c3144]
2019-06-15 10:53:07,622 INFO  client.GrpcClientProtocolClient (GrpcClientProtocolClient.java:onNext(254)) - client-09EBABE1B9AF->325d518f-bf0d-428a-814f-266b27e759e4: receive RaftClientReply:client-09EBABE1B9AF->325d518f-bf0d-428a-814f-266b27e759e4@group-9696F0872FC0, cid=1849, SUCCESS, logIndex=3145, commits[325d518f-bf0d-428a-814f-266b27e759e4:c3145]
2019-06-15 10:53:07,622 INFO  client.GrpcClientProtocolClient (GrpcClientProtocolClient.java:onNext(254)) - client-09EBABE1B9AF->325d518f-bf0d-428a-814f-266b27e759e4: receive RaftClientReply:client-09EBABE1B9AF->325d518f-bf0d-428a-814f-266b27e759e4@group-9696F0872FC0, cid=1850, SUCCESS, logIndex=3147, commits[325d518f-bf0d-428a-814f-266b27e759e4:c3147]
2019-06-15 10:53:07,625 INFO  client.GrpcClientProtocolClient (GrpcClientProtocolClient.java:onNext(254)) - client-09EBABE1B9AF->325d518f-bf0d-428a-814f-266b27e759e4: receive RaftClientReply:client-09EBABE1B9AF->325d518f-bf0d-428a-814f-266b27e759e4@group-9696F0872FC0, cid=1851, SUCCESS, logIndex=3149, commits[325d518f-bf0d-428a-814f-266b27e759e4:c3150]
2019-06-15 10:53:07,625 INFO  client.GrpcClientProtocolClient (GrpcClientProtocolClient.java:onNext(254)) - client-09EBABE1B9AF->325d518f-bf0d-428a-814f-266b27e759e4: receive RaftClientReply:client-09EBABE1B9AF->325d518f-bf0d-428a-814f-266b27e759e4@group-9696F0872FC0, cid=1852, SUCCESS, logIndex=3150, commits[325d518f-bf0d-428a-814f-266b27e759e4:c3150]
2019-06-15 10:53:07,634 INFO  client.GrpcClientProtocolClient (GrpcClientProtocolClient.java:onNext(254)) - client-09EBABE1B9AF->325d518f-bf0d-428a-814f-266b27e759e4: receive RaftClientReply:client-09EBABE1B9AF->325d518f-bf0d-428a-814f-266b27e759e4@group-9696F0872FC0, cid=1853, SUCCESS, logIndex=3152, commits[325d518f-bf0d-428a-814f-266b27e759e4:c3152]
2019-06-15 10:53:07,636 INFO  client.GrpcClientProtocolClient (GrpcClientProtocolClient.java:onNext(254)) - client-09EBABE1B9AF->325d518f-bf0d-428a-814f-266b27e759e4: receive RaftClientReply:client-09EBABE1B9AF->325d518f-bf0d-428a-814f-266b27e759e4@group-9696F0872FC0, cid=1854, SUCCESS, logIndex=3154, commits[325d518f-bf0d-428a-814f-266b27e759e4:c3154]
2019-06-15 10:53:07,638 INFO  client.GrpcClientProtocolClient (GrpcClientProtocolClient.java:onNext(254)) - client-09EBABE1B9AF->325d518f-bf0d-428a-814f-266b27e759e4: receive RaftClientReply:client-09EBABE1B9AF->325d518f-bf0d-428a-814f-266b27e759e4@group-9696F0872FC0, cid=1855, SUCCESS, logIndex=3155, commits[325d518f-bf0d-428a-814f-266b27e759e4:c3157]
2019-06-15 10:53:07,646 INFO  client.GrpcClientProtocolClient (GrpcClientProtocolClient.java:onNext(254)) - client-09EBABE1B9AF->325d518f-bf0d-428a-814f-266b27e759e4: receive RaftClientReply:client-09EBABE1B9AF->325d518f-bf0d-428a-814f-266b27e759e4@group-9696F0872FC0, cid=1856, SUCCESS, logIndex=3156, commits[325d518f-bf0d-428a-814f-266b27e759e4:c3157]
2019-06-15 10:53:07,674 DEBUG block.SCMBlockDeletingService (SCMBlockDeletingService.java:call(138)) - Running DeletedBlockTransactionScanner
2019-06-15 10:53:07,674 DEBUG block.SCMBlockDeletingService (SCMBlockDeletingService.java:call(155)) - Scanned deleted blocks log and got 0 delTX to process.
2019-06-15 10:53:07,733 INFO  client.GrpcClientProtocolClient (GrpcClientProtocolClient.java:onNext(254)) - client-09EBABE1B9AF->325d518f-bf0d-428a-814f-266b27e759e4: receive RaftClientReply:client-09EBABE1B9AF->325d518f-bf0d-428a-814f-266b27e759e4@group-9696F0872FC0, cid=1857, SUCCESS, logIndex=3158, commits[325d518f-bf0d-428a-814f-266b27e759e4:c3158]
2019-06-15 10:53:07,734 INFO  client.GrpcClientProtocolClient (GrpcClientProtocolClient.java:onNext(254)) - client-09EBABE1B9AF->325d518f-bf0d-428a-814f-266b27e759e4: receive RaftClientReply:client-09EBABE1B9AF->325d518f-bf0d-428a-814f-266b27e759e4@group-9696F0872FC0, cid=1858, SUCCESS, logIndex=3160, commits[325d518f-bf0d-428a-814f-266b27e759e4:c3160]
2019-06-15 10:53:07,736 INFO  client.GrpcClientProtocolClient (GrpcClientProtocolClient.java:onNext(254)) - client-09EBABE1B9AF->325d518f-bf0d-428a-814f-266b27e759e4: receive RaftClientReply:client-09EBABE1B9AF->325d518f-bf0d-428a-814f-266b27e759e4@group-9696F0872FC0, cid=1859, SUCCESS, logIndex=3162, commits[325d518f-bf0d-428a-814f-266b27e759e4:c3162]
2019-06-15 10:53:07,738 INFO  client.GrpcClientProtocolClient (GrpcClientProtocolClient.java:onNext(254)) - client-09EBABE1B9AF->325d518f-bf0d-428a-814f-266b27e759e4: receive RaftClientReply:client-09EBABE1B9AF->325d518f-bf0d-428a-814f-266b27e759e4@group-9696F0872FC0, cid=1860, SUCCESS, logIndex=3164, commits[325d518f-bf0d-428a-814f-266b27e759e4:c3164]
2019-06-15 10:53:07,743 INFO  client.GrpcClientProtocolClient (GrpcClientProtocolClient.java:onNext(254)) - client-09EBABE1B9AF->325d518f-bf0d-428a-814f-266b27e759e4: receive RaftClientReply:client-09EBABE1B9AF->325d518f-bf0d-428a-814f-266b27e759e4@group-9696F0872FC0, cid=1861, SUCCESS, logIndex=3166, commits[325d518f-bf0d-428a-814f-266b27e759e4:c3166]
2019-06-15 10:53:07,744 INFO  client.GrpcClientProtocolClient (GrpcClientProtocolClient.java:onNext(254)) - client-09EBABE1B9AF->325d518f-bf0d-428a-814f-266b27e759e4: receive RaftClientReply:client-09EBABE1B9AF->325d518f-bf0d-428a-814f-266b27e759e4@group-9696F0872FC0, cid=1862, SUCCESS, logIndex=3168, commits[325d518f-bf0d-428a-814f-266b27e759e4:c3168]
2019-06-15 10:53:07,745 INFO  client.GrpcClientProtocolClient (GrpcClientProtocolClient.java:onNext(254)) - client-09EBABE1B9AF->325d518f-bf0d-428a-814f-266b27e759e4: receive RaftClientReply:client-09EBABE1B9AF->325d518f-bf0d-428a-814f-266b27e759e4@group-9696F0872FC0, cid=1863, SUCCESS, logIndex=3169, commits[325d518f-bf0d-428a-814f-266b27e759e4:c3171]
2019-06-15 10:53:07,745 INFO  client.GrpcClientProtocolClient (GrpcClientProtocolClient.java:onNext(254)) - client-09EBABE1B9AF->325d518f-bf0d-428a-814f-266b27e759e4: receive RaftClientReply:client-09EBABE1B9AF->325d518f-bf0d-428a-814f-266b27e759e4@group-9696F0872FC0, cid=1864, SUCCESS, logIndex=3170, commits[325d518f-bf0d-428a-814f-266b27e759e4:c3171]
2019-06-15 10:53:07,755 INFO  client.GrpcClientProtocolClient (GrpcClientProtocolClient.java:onNext(254)) - client-09EBABE1B9AF->325d518f-bf0d-428a-814f-266b27e759e4: receive RaftClientReply:client-09EBABE1B9AF->325d518f-bf0d-428a-814f-266b27e759e4@group-9696F0872FC0, cid=1865, SUCCESS, logIndex=3172, commits[325d518f-bf0d-428a-814f-266b27e759e4:c3172]
2019-06-15 10:53:07,756 INFO  client.GrpcClientProtocolClient (GrpcClientProtocolClient.java:onNext(254)) - client-09EBABE1B9AF->325d518f-bf0d-428a-814f-266b27e759e4: receive RaftClientReply:client-09EBABE1B9AF->325d518f-bf0d-428a-814f-266b27e759e4@group-9696F0872FC0, cid=1866, SUCCESS, logIndex=3174, commits[325d518f-bf0d-428a-814f-266b27e759e4:c3174]
2019-06-15 10:53:07,757 INFO  client.GrpcClientProtocolClient (GrpcClientProtocolClient.java:onNext(254)) - client-09EBABE1B9AF->325d518f-bf0d-428a-814f-266b27e759e4: receive RaftClientReply:client-09EBABE1B9AF->325d518f-bf0d-428a-814f-266b27e759e4@group-9696F0872FC0, cid=1867, SUCCESS, logIndex=3175, commits[325d518f-bf0d-428a-814f-266b27e759e4:c3177]
2019-06-15 10:53:07,759 INFO  client.GrpcClientProtocolClient (GrpcClientProtocolClient.java:onNext(254)) - client-09EBABE1B9AF->325d518f-bf0d-428a-814f-266b27e759e4: receive RaftClientReply:client-09EBABE1B9AF->325d518f-bf0d-428a-814f-266b27e759e4@group-9696F0872FC0, cid=1868, SUCCESS, logIndex=3176, commits[325d518f-bf0d-428a-814f-266b27e759e4:c3177]
2019-06-15 10:53:07,765 INFO  client.GrpcClientProtocolClient (GrpcClientProtocolClient.java:onNext(254)) - client-09EBABE1B9AF->325d518f-bf0d-428a-814f-266b27e759e4: receive RaftClientReply:client-09EBABE1B9AF->325d518f-bf0d-428a-814f-266b27e759e4@group-9696F0872FC0, cid=1869, SUCCESS, logIndex=3178, commits[325d518f-bf0d-428a-814f-266b27e759e4:c3178]
2019-06-15 10:53:07,766 INFO  client.GrpcClientProtocolClient (GrpcClientProtocolClient.java:onNext(254)) - client-09EBABE1B9AF->325d518f-bf0d-428a-814f-266b27e759e4: receive RaftClientReply:client-09EBABE1B9AF->325d518f-bf0d-428a-814f-266b27e759e4@group-9696F0872FC0, cid=1870, SUCCESS, logIndex=3180, commits[325d518f-bf0d-428a-814f-266b27e759e4:c3180]
2019-06-15 10:53:07,767 INFO  client.GrpcClientProtocolClient (GrpcClientProtocolClient.java:onNext(254)) - client-09EBABE1B9AF->325d518f-bf0d-428a-814f-266b27e759e4: receive RaftClientReply:client-09EBABE1B9AF->325d518f-bf0d-428a-814f-266b27e759e4@group-9696F0872FC0, cid=1871, SUCCESS, logIndex=3181, commits[325d518f-bf0d-428a-814f-266b27e759e4:c3183]
2019-06-15 10:53:07,768 INFO  client.GrpcClientProtocolClient (GrpcClientProtocolClient.java:onNext(254)) - client-09EBABE1B9AF->325d518f-bf0d-428a-814f-266b27e759e4: receive RaftClientReply:client-09EBABE1B9AF->325d518f-bf0d-428a-814f-266b27e759e4@group-9696F0872FC0, cid=1872, SUCCESS, logIndex=3182, commits[325d518f-bf0d-428a-814f-266b27e759e4:c3183]
2019-06-15 10:53:07,774 DEBUG block.SCMBlockDeletingService (SCMBlockDeletingService.java:call(138)) - Running DeletedBlockTransactionScanner
2019-06-15 10:53:07,774 DEBUG block.SCMBlockDeletingService (SCMBlockDeletingService.java:call(155)) - Scanned deleted blocks log and got 0 delTX to process.
2019-06-15 10:53:07,777 INFO  client.GrpcClientProtocolClient (GrpcClientProtocolClient.java:onNext(254)) - client-09EBABE1B9AF->325d518f-bf0d-428a-814f-266b27e759e4: receive RaftClientReply:client-09EBABE1B9AF->325d518f-bf0d-428a-814f-266b27e759e4@group-9696F0872FC0, cid=1873, SUCCESS, logIndex=3184, commits[325d518f-bf0d-428a-814f-266b27e759e4:c3184]
2019-06-15 10:53:07,778 INFO  client.GrpcClientProtocolClient (GrpcClientProtocolClient.java:onNext(254)) - client-09EBABE1B9AF->325d518f-bf0d-428a-814f-266b27e759e4: receive RaftClientReply:client-09EBABE1B9AF->325d518f-bf0d-428a-814f-266b27e759e4@group-9696F0872FC0, cid=1874, SUCCESS, logIndex=3186, commits[325d518f-bf0d-428a-814f-266b27e759e4:c3186]
2019-06-15 10:53:07,779 INFO  client.GrpcClientProtocolClient (GrpcClientProtocolClient.java:onNext(254)) - client-09EBABE1B9AF->325d518f-bf0d-428a-814f-266b27e759e4: receive RaftClientReply:client-09EBABE1B9AF->325d518f-bf0d-428a-814f-266b27e759e4@group-9696F0872FC0, cid=1875, SUCCESS, logIndex=3187, commits[325d518f-bf0d-428a-814f-266b27e759e4:c3189]
2019-06-15 10:53:07,779 INFO  client.GrpcClientProtocolClient (GrpcClientProtocolClient.java:onNext(254)) - client-09EBABE1B9AF->325d518f-bf0d-428a-814f-266b27e759e4: receive RaftClientReply:client-09EBABE1B9AF->325d518f-bf0d-428a-814f-266b27e759e4@group-9696F0872FC0, cid=1876, SUCCESS, logIndex=3188, commits[325d518f-bf0d-428a-814f-266b27e759e4:c3189]
2019-06-15 10:53:07,784 INFO  client.GrpcClientProtocolClient (GrpcClientProtocolClient.java:onNext(254)) - client-09EBABE1B9AF->325d518f-bf0d-428a-814f-266b27e759e4: receive RaftClientReply:client-09EBABE1B9AF->325d518f-bf0d-428a-814f-266b27e759e4@group-9696F0872FC0, cid=1877, SUCCESS, logIndex=3190, commits[325d518f-bf0d-428a-814f-266b27e759e4:c3190]
2019-06-15 10:53:07,786 INFO  client.GrpcClientProtocolClient (GrpcClientProtocolClient.java:onNext(254)) - client-09EBABE1B9AF->325d518f-bf0d-428a-814f-266b27e759e4: receive RaftClientReply:client-09EBABE1B9AF->325d518f-bf0d-428a-814f-266b27e759e4@group-9696F0872FC0, cid=1878, SUCCESS, logIndex=3192, commits[325d518f-bf0d-428a-814f-266b27e759e4:c3192]
2019-06-15 10:53:07,788 INFO  client.GrpcClientProtocolClient (GrpcClientProtocolClient.java:onNext(254)) - client-09EBABE1B9AF->325d518f-bf0d-428a-814f-266b27e759e4: receive RaftClientReply:client-09EBABE1B9AF->325d518f-bf0d-428a-814f-266b27e759e4@group-9696F0872FC0, cid=1879, SUCCESS, logIndex=3193, commits[325d518f-bf0d-428a-814f-266b27e759e4:c3195]
2019-06-15 10:53:07,789 INFO  client.GrpcClientProtocolClient (GrpcClientProtocolClient.java:onNext(254)) - client-09EBABE1B9AF->325d518f-bf0d-428a-814f-266b27e759e4: receive RaftClientReply:client-09EBABE1B9AF->325d518f-bf0d-428a-814f-266b27e759e4@group-9696F0872FC0, cid=1880, SUCCESS, logIndex=3194, commits[325d518f-bf0d-428a-814f-266b27e759e4:c3195]
2019-06-15 10:53:07,797 INFO  client.GrpcClientProtocolClient (GrpcClientProtocolClient.java:onNext(254)) - client-09EBABE1B9AF->325d518f-bf0d-428a-814f-266b27e759e4: receive RaftClientReply:client-09EBABE1B9AF->325d518f-bf0d-428a-814f-266b27e759e4@group-9696F0872FC0, cid=1881, SUCCESS, logIndex=3196, commits[325d518f-bf0d-428a-814f-266b27e759e4:c3196]
2019-06-15 10:53:07,798 INFO  client.GrpcClientProtocolClient (GrpcClientProtocolClient.java:onNext(254)) - client-09EBABE1B9AF->325d518f-bf0d-428a-814f-266b27e759e4: receive RaftClientReply:client-09EBABE1B9AF->325d518f-bf0d-428a-814f-266b27e759e4@group-9696F0872FC0, cid=1882, SUCCESS, logIndex=3198, commits[325d518f-bf0d-428a-814f-266b27e759e4:c3198]
2019-06-15 10:53:07,800 INFO  client.GrpcClientProtocolClient (GrpcClientProtocolClient.java:onNext(254)) - client-09EBABE1B9AF->325d518f-bf0d-428a-814f-266b27e759e4: receive RaftClientReply:client-09EBABE1B9AF->325d518f-bf0d-428a-814f-266b27e759e4@group-9696F0872FC0, cid=1883, SUCCESS, logIndex=3199, commits[325d518f-bf0d-428a-814f-266b27e759e4:c3201]
2019-06-15 10:53:07,800 INFO  client.GrpcClientProtocolClient (GrpcClientProtocolClient.java:onNext(254)) - client-09EBABE1B9AF->325d518f-bf0d-428a-814f-266b27e759e4: receive RaftClientReply:client-09EBABE1B9AF->325d518f-bf0d-428a-814f-266b27e759e4@group-9696F0872FC0, cid=1884, SUCCESS, logIndex=3201, commits[325d518f-bf0d-428a-814f-266b27e759e4:c3201]
2019-06-15 10:53:07,805 INFO  client.GrpcClientProtocolClient (GrpcClientProtocolClient.java:onNext(254)) - client-09EBABE1B9AF->325d518f-bf0d-428a-814f-266b27e759e4: receive RaftClientReply:client-09EBABE1B9AF->325d518f-bf0d-428a-814f-266b27e759e4@group-9696F0872FC0, cid=1885, SUCCESS, logIndex=3203, commits[325d518f-bf0d-428a-814f-266b27e759e4:c3203]
2019-06-15 10:53:07,805 INFO  storage.RaftLogWorker (RaftLogWorker.java:rollLogSegment(303)) - 325d518f-bf0d-428a-814f-266b27e759e4-RaftLogWorker: Rolling segment log-3139_3206 to index:3206
2019-06-15 10:53:07,806 INFO  client.GrpcClientProtocolClient (GrpcClientProtocolClient.java:onNext(254)) - client-09EBABE1B9AF->325d518f-bf0d-428a-814f-266b27e759e4: receive RaftClientReply:client-09EBABE1B9AF->325d518f-bf0d-428a-814f-266b27e759e4@group-9696F0872FC0, cid=1886, SUCCESS, logIndex=3205, commits[325d518f-bf0d-428a-814f-266b27e759e4:c3205]
2019-06-15 10:53:07,806 INFO  storage.RaftLogWorker (RaftLogWorker.java:execute(433)) - 325d518f-bf0d-428a-814f-266b27e759e4-RaftLogWorker: Rolled log segment from /opt/src/hadoop-ozone/integration-test/target/test-dir/MiniOzoneClusterImpl-dd99cefe-9779-4043-9d74-181b69d2a827/datanode-0/data/ratis/e0f1d9ef-e225-4b24-a786-9696f0872fc0/current/log_inprogress_3139 to /opt/src/hadoop-ozone/integration-test/target/test-dir/MiniOzoneClusterImpl-dd99cefe-9779-4043-9d74-181b69d2a827/datanode-0/data/ratis/e0f1d9ef-e225-4b24-a786-9696f0872fc0/current/log_3139-3206
2019-06-15 10:53:07,818 INFO  client.GrpcClientProtocolClient (GrpcClientProtocolClient.java:onNext(254)) - client-09EBABE1B9AF->325d518f-bf0d-428a-814f-266b27e759e4: receive RaftClientReply:client-09EBABE1B9AF->325d518f-bf0d-428a-814f-266b27e759e4@group-9696F0872FC0, cid=1887, SUCCESS, logIndex=3206, commits[325d518f-bf0d-428a-814f-266b27e759e4:c3206]
2019-06-15 10:53:07,842 INFO  storage.RaftLogWorker (RaftLogWorker.java:execute(469)) - 325d518f-bf0d-428a-814f-266b27e759e4-RaftLogWorker: created new log segment /opt/src/hadoop-ozone/integration-test/target/test-dir/MiniOzoneClusterImpl-dd99cefe-9779-4043-9d74-181b69d2a827/datanode-0/data/ratis/e0f1d9ef-e225-4b24-a786-9696f0872fc0/current/log_inprogress_3207
2019-06-15 10:53:07,844 INFO  client.GrpcClientProtocolClient (GrpcClientProtocolClient.java:onNext(254)) - client-09EBABE1B9AF->325d518f-bf0d-428a-814f-266b27e759e4: receive RaftClientReply:client-09EBABE1B9AF->325d518f-bf0d-428a-814f-266b27e759e4@group-9696F0872FC0, cid=1888, SUCCESS, logIndex=3207, commits[325d518f-bf0d-428a-814f-266b27e759e4:c3209]
2019-06-15 10:53:07,853 INFO  client.GrpcClientProtocolClient (GrpcClientProtocolClient.java:onNext(254)) - client-09EBABE1B9AF->325d518f-bf0d-428a-814f-266b27e759e4: receive RaftClientReply:client-09EBABE1B9AF->325d518f-bf0d-428a-814f-266b27e759e4@group-9696F0872FC0, cid=1889, SUCCESS, logIndex=3210, commits[325d518f-bf0d-428a-814f-266b27e759e4:c3210]
2019-06-15 10:53:07,854 INFO  client.GrpcClientProtocolClient (GrpcClientProtocolClient.java:onNext(254)) - client-09EBABE1B9AF->325d518f-bf0d-428a-814f-266b27e759e4: receive RaftClientReply:client-09EBABE1B9AF->325d518f-bf0d-428a-814f-266b27e759e4@group-9696F0872FC0, cid=1890, SUCCESS, logIndex=3212, commits[325d518f-bf0d-428a-814f-266b27e759e4:c3212]
2019-06-15 10:53:07,855 INFO  client.GrpcClientProtocolClient (GrpcClientProtocolClient.java:onNext(254)) - client-09EBABE1B9AF->325d518f-bf0d-428a-814f-266b27e759e4: receive RaftClientReply:client-09EBABE1B9AF->325d518f-bf0d-428a-814f-266b27e759e4@group-9696F0872FC0, cid=1891, SUCCESS, logIndex=3213, commits[325d518f-bf0d-428a-814f-266b27e759e4:c3215]
2019-06-15 10:53:07,855 INFO  client.GrpcClientProtocolClient (GrpcClientProtocolClient.java:onNext(254)) - client-09EBABE1B9AF->325d518f-bf0d-428a-814f-266b27e759e4: receive RaftClientReply:client-09EBABE1B9AF->325d518f-bf0d-428a-814f-266b27e759e4@group-9696F0872FC0, cid=1892, SUCCESS, logIndex=3214, commits[325d518f-bf0d-428a-814f-266b27e759e4:c3215]
2019-06-15 10:53:07,861 INFO  client.GrpcClientProtocolClient (GrpcClientProtocolClient.java:onNext(254)) - client-09EBABE1B9AF->325d518f-bf0d-428a-814f-266b27e759e4: receive RaftClientReply:client-09EBABE1B9AF->325d518f-bf0d-428a-814f-266b27e759e4@group-9696F0872FC0, cid=1893, SUCCESS, logIndex=3216, commits[325d518f-bf0d-428a-814f-266b27e759e4:c3216]
2019-06-15 10:53:07,862 INFO  client.GrpcClientProtocolClient (GrpcClientProtocolClient.java:onNext(254)) - client-09EBABE1B9AF->325d518f-bf0d-428a-814f-266b27e759e4: receive RaftClientReply:client-09EBABE1B9AF->325d518f-bf0d-428a-814f-266b27e759e4@group-9696F0872FC0, cid=1894, SUCCESS, logIndex=3218, commits[325d518f-bf0d-428a-814f-266b27e759e4:c3218]
2019-06-15 10:53:07,863 INFO  client.GrpcClientProtocolClient (GrpcClientProtocolClient.java:onNext(254)) - client-09EBABE1B9AF->325d518f-bf0d-428a-814f-266b27e759e4: receive RaftClientReply:client-09EBABE1B9AF->325d518f-bf0d-428a-814f-266b27e759e4@group-9696F0872FC0, cid=1895, SUCCESS, logIndex=3219, commits[325d518f-bf0d-428a-814f-266b27e759e4:c3221]
2019-06-15 10:53:07,866 INFO  client.GrpcClientProtocolClient (GrpcClientProtocolClient.java:onNext(254)) - client-09EBABE1B9AF->325d518f-bf0d-428a-814f-266b27e759e4: receive RaftClientReply:client-09EBABE1B9AF->325d518f-bf0d-428a-814f-266b27e759e4@group-9696F0872FC0, cid=1896, SUCCESS, logIndex=3220, commits[325d518f-bf0d-428a-814f-266b27e759e4:c3221]
2019-06-15 10:53:07,875 INFO  client.GrpcClientProtocolClient (GrpcClientProtocolClient.java:onNext(254)) - client-09EBABE1B9AF->325d518f-bf0d-428a-814f-266b27e759e4: receive RaftClientReply:client-09EBABE1B9AF->325d518f-bf0d-428a-814f-266b27e759e4@group-9696F0872FC0, cid=1897, SUCCESS, logIndex=3222, commits[325d518f-bf0d-428a-814f-266b27e759e4:c3222]
2019-06-15 10:53:07,875 DEBUG block.SCMBlockDeletingService (SCMBlockDeletingService.java:call(138)) - Running DeletedBlockTransactionScanner
2019-06-15 10:53:07,875 DEBUG block.SCMBlockDeletingService (SCMBlockDeletingService.java:call(155)) - Scanned deleted blocks log and got 0 delTX to process.
2019-06-15 10:53:07,876 INFO  client.GrpcClientProtocolClient (GrpcClientProtocolClient.java:onNext(254)) - client-09EBABE1B9AF->325d518f-bf0d-428a-814f-266b27e759e4: receive RaftClientReply:client-09EBABE1B9AF->325d518f-bf0d-428a-814f-266b27e759e4@group-9696F0872FC0, cid=1898, SUCCESS, logIndex=3224, commits[325d518f-bf0d-428a-814f-266b27e759e4:c3224]
2019-06-15 10:53:07,877 INFO  client.GrpcClientProtocolClient (GrpcClientProtocolClient.java:onNext(254)) - client-09EBABE1B9AF->325d518f-bf0d-428a-814f-266b27e759e4: receive RaftClientReply:client-09EBABE1B9AF->325d518f-bf0d-428a-814f-266b27e759e4@group-9696F0872FC0, cid=1899, SUCCESS, logIndex=3225, commits[325d518f-bf0d-428a-814f-266b27e759e4:c3225]
2019-06-15 10:53:07,924 INFO  client.GrpcClientProtocolClient (GrpcClientProtocolClient.java:onNext(254)) - client-09EBABE1B9AF->325d518f-bf0d-428a-814f-266b27e759e4: receive RaftClientReply:client-09EBABE1B9AF->325d518f-bf0d-428a-814f-266b27e759e4@group-9696F0872FC0, cid=1900, SUCCESS, logIndex=3227, commits[325d518f-bf0d-428a-814f-266b27e759e4:c3227]
2019-06-15 10:53:07,975 DEBUG block.SCMBlockDeletingService (SCMBlockDeletingService.java:call(138)) - Running DeletedBlockTransactionScanner
2019-06-15 10:53:07,975 DEBUG block.SCMBlockDeletingService (SCMBlockDeletingService.java:call(155)) - Scanned deleted blocks log and got 0 delTX to process.
2019-06-15 10:53:07,995 INFO  client.GrpcClientProtocolClient (GrpcClientProtocolClient.java:onNext(254)) - client-09EBABE1B9AF->325d518f-bf0d-428a-814f-266b27e759e4: receive RaftClientReply:client-09EBABE1B9AF->325d518f-bf0d-428a-814f-266b27e759e4@group-9696F0872FC0, cid=1901, SUCCESS, logIndex=3230, commits[325d518f-bf0d-428a-814f-266b27e759e4:c3230]
2019-06-15 10:53:07,996 INFO  client.GrpcClientProtocolClient (GrpcClientProtocolClient.java:onNext(254)) - client-09EBABE1B9AF->325d518f-bf0d-428a-814f-266b27e759e4: receive RaftClientReply:client-09EBABE1B9AF->325d518f-bf0d-428a-814f-266b27e759e4@group-9696F0872FC0, cid=1902, SUCCESS, logIndex=3232, commits[325d518f-bf0d-428a-814f-266b27e759e4:c3232]
2019-06-15 10:53:07,997 INFO  client.GrpcClientProtocolClient (GrpcClientProtocolClient.java:onNext(254)) - client-09EBABE1B9AF->325d518f-bf0d-428a-814f-266b27e759e4: receive RaftClientReply:client-09EBABE1B9AF->325d518f-bf0d-428a-814f-266b27e759e4@group-9696F0872FC0, cid=1903, SUCCESS, logIndex=3233, commits[325d518f-bf0d-428a-814f-266b27e759e4:c3235]
2019-06-15 10:53:07,998 INFO  client.GrpcClientProtocolClient (GrpcClientProtocolClient.java:onNext(254)) - client-09EBABE1B9AF->325d518f-bf0d-428a-814f-266b27e759e4: receive RaftClientReply:client-09EBABE1B9AF->325d518f-bf0d-428a-814f-266b27e759e4@group-9696F0872FC0, cid=1904, SUCCESS, logIndex=3234, commits[325d518f-bf0d-428a-814f-266b27e759e4:c3235]
2019-06-15 10:53:08,006 INFO  client.GrpcClientProtocolClient (GrpcClientProtocolClient.java:onNext(254)) - client-09EBABE1B9AF->325d518f-bf0d-428a-814f-266b27e759e4: receive RaftClientReply:client-09EBABE1B9AF->325d518f-bf0d-428a-814f-266b27e759e4@group-9696F0872FC0, cid=1905, SUCCESS, logIndex=3236, commits[325d518f-bf0d-428a-814f-266b27e759e4:c3236]
2019-06-15 10:53:08,007 INFO  client.GrpcClientProtocolClient (GrpcClientProtocolClient.java:onNext(254)) - client-09EBABE1B9AF->325d518f-bf0d-428a-814f-266b27e759e4: receive RaftClientReply:client-09EBABE1B9AF->325d518f-bf0d-428a-814f-266b27e759e4@group-9696F0872FC0, cid=1906, SUCCESS, logIndex=3238, commits[325d518f-bf0d-428a-814f-266b27e759e4:c3238]
2019-06-15 10:53:08,009 INFO  client.GrpcClientProtocolClient (GrpcClientProtocolClient.java:onNext(254)) - client-09EBABE1B9AF->325d518f-bf0d-428a-814f-266b27e759e4: receive RaftClientReply:client-09EBABE1B9AF->325d518f-bf0d-428a-814f-266b27e759e4@group-9696F0872FC0, cid=1907, SUCCESS, logIndex=3239, commits[325d518f-bf0d-428a-814f-266b27e759e4:c3241]
2019-06-15 10:53:08,009 INFO  client.GrpcClientProtocolClient (GrpcClientProtocolClient.java:onNext(254)) - client-09EBABE1B9AF->325d518f-bf0d-428a-814f-266b27e759e4: receive RaftClientReply:client-09EBABE1B9AF->325d518f-bf0d-428a-814f-266b27e759e4@group-9696F0872FC0, cid=1908, SUCCESS, logIndex=3240, commits[325d518f-bf0d-428a-814f-266b27e759e4:c3241]
2019-06-15 10:53:08,014 INFO  client.GrpcClientProtocolClient (GrpcClientProtocolClient.java:onNext(254)) - client-09EBABE1B9AF->325d518f-bf0d-428a-814f-266b27e759e4: receive RaftClientReply:client-09EBABE1B9AF->325d518f-bf0d-428a-814f-266b27e759e4@group-9696F0872FC0, cid=1909, SUCCESS, logIndex=3242, commits[325d518f-bf0d-428a-814f-266b27e759e4:c3242]
2019-06-15 10:53:08,015 INFO  client.GrpcClientProtocolClient (GrpcClientProtocolClient.java:onNext(254)) - client-09EBABE1B9AF->325d518f-bf0d-428a-814f-266b27e759e4: receive RaftClientReply:client-09EBABE1B9AF->325d518f-bf0d-428a-814f-266b27e759e4@group-9696F0872FC0, cid=1910, SUCCESS, logIndex=3244, commits[325d518f-bf0d-428a-814f-266b27e759e4:c3244]
2019-06-15 10:53:08,016 INFO  client.GrpcClientProtocolClient (GrpcClientProtocolClient.java:onNext(254)) - client-09EBABE1B9AF->325d518f-bf0d-428a-814f-266b27e759e4: receive RaftClientReply:client-09EBABE1B9AF->325d518f-bf0d-428a-814f-266b27e759e4@group-9696F0872FC0, cid=1911, SUCCESS, logIndex=3245, commits[325d518f-bf0d-428a-814f-266b27e759e4:c3247]
2019-06-15 10:53:08,016 INFO  client.GrpcClientProtocolClient (GrpcClientProtocolClient.java:onNext(254)) - client-09EBABE1B9AF->325d518f-bf0d-428a-814f-266b27e759e4: receive RaftClientReply:client-09EBABE1B9AF->325d518f-bf0d-428a-814f-266b27e759e4@group-9696F0872FC0, cid=1912, SUCCESS, logIndex=3246, commits[325d518f-bf0d-428a-814f-266b27e759e4:c3247]
2019-06-15 10:53:08,026 INFO  client.GrpcClientProtocolClient (GrpcClientProtocolClient.java:onNext(254)) - client-09EBABE1B9AF->325d518f-bf0d-428a-814f-266b27e759e4: receive RaftClientReply:client-09EBABE1B9AF->325d518f-bf0d-428a-814f-266b27e759e4@group-9696F0872FC0, cid=1913, SUCCESS, logIndex=3248, commits[325d518f-bf0d-428a-814f-266b27e759e4:c3248]
2019-06-15 10:53:08,027 INFO  client.GrpcClientProtocolClient (GrpcClientProtocolClient.java:onNext(254)) - client-09EBABE1B9AF->325d518f-bf0d-428a-814f-266b27e759e4: receive RaftClientReply:client-09EBABE1B9AF->325d518f-bf0d-428a-814f-266b27e759e4@group-9696F0872FC0, cid=1914, SUCCESS, logIndex=3250, commits[325d518f-bf0d-428a-814f-266b27e759e4:c3250]
2019-06-15 10:53:08,028 INFO  client.GrpcClientProtocolClient (GrpcClientProtocolClient.java:onNext(254)) - client-09EBABE1B9AF->325d518f-bf0d-428a-814f-266b27e759e4: receive RaftClientReply:client-09EBABE1B9AF->325d518f-bf0d-428a-814f-266b27e759e4@group-9696F0872FC0, cid=1915, SUCCESS, logIndex=3251, commits[325d518f-bf0d-428a-814f-266b27e759e4:c3253]
2019-06-15 10:53:08,028 INFO  client.GrpcClientProtocolClient (GrpcClientProtocolClient.java:onNext(254)) - client-09EBABE1B9AF->325d518f-bf0d-428a-814f-266b27e759e4: receive RaftClientReply:client-09EBABE1B9AF->325d518f-bf0d-428a-814f-266b27e759e4@group-9696F0872FC0, cid=1916, SUCCESS, logIndex=3252, commits[325d518f-bf0d-428a-814f-266b27e759e4:c3253]
2019-06-15 10:53:08,036 INFO  client.GrpcClientProtocolClient (GrpcClientProtocolClient.java:onNext(254)) - client-09EBABE1B9AF->325d518f-bf0d-428a-814f-266b27e759e4: receive RaftClientReply:client-09EBABE1B9AF->325d518f-bf0d-428a-814f-266b27e759e4@group-9696F0872FC0, cid=1917, SUCCESS, logIndex=3254, commits[325d518f-bf0d-428a-814f-266b27e759e4:c3254]
2019-06-15 10:53:08,038 INFO  client.GrpcClientProtocolClient (GrpcClientProtocolClient.java:onNext(254)) - client-09EBABE1B9AF->325d518f-bf0d-428a-814f-266b27e759e4: receive RaftClientReply:client-09EBABE1B9AF->325d518f-bf0d-428a-814f-266b27e759e4@group-9696F0872FC0, cid=1918, SUCCESS, logIndex=3256, commits[325d518f-bf0d-428a-814f-266b27e759e4:c3256]
2019-06-15 10:53:08,039 INFO  client.GrpcClientProtocolClient (GrpcClientProtocolClient.java:onNext(254)) - client-09EBABE1B9AF->325d518f-bf0d-428a-814f-266b27e759e4: receive RaftClientReply:client-09EBABE1B9AF->325d518f-bf0d-428a-814f-266b27e759e4@group-9696F0872FC0, cid=1919, SUCCESS, logIndex=3257, commits[325d518f-bf0d-428a-814f-266b27e759e4:c3259]
2019-06-15 10:53:08,040 INFO  client.GrpcClientProtocolClient (GrpcClientProtocolClient.java:onNext(254)) - client-09EBABE1B9AF->325d518f-bf0d-428a-814f-266b27e759e4: receive RaftClientReply:client-09EBABE1B9AF->325d518f-bf0d-428a-814f-266b27e759e4@group-9696F0872FC0, cid=1920, SUCCESS, logIndex=3258, commits[325d518f-bf0d-428a-814f-266b27e759e4:c3259]
2019-06-15 10:53:08,050 INFO  client.GrpcClientProtocolClient (GrpcClientProtocolClient.java:onNext(254)) - client-09EBABE1B9AF->325d518f-bf0d-428a-814f-266b27e759e4: receive RaftClientReply:client-09EBABE1B9AF->325d518f-bf0d-428a-814f-266b27e759e4@group-9696F0872FC0, cid=1921, SUCCESS, logIndex=3260, commits[325d518f-bf0d-428a-814f-266b27e759e4:c3260]
2019-06-15 10:53:08,055 INFO  client.GrpcClientProtocolClient (GrpcClientProtocolClient.java:onNext(254)) - client-09EBABE1B9AF->325d518f-bf0d-428a-814f-266b27e759e4: receive RaftClientReply:client-09EBABE1B9AF->325d518f-bf0d-428a-814f-266b27e759e4@group-9696F0872FC0, cid=1922, SUCCESS, logIndex=3262, commits[325d518f-bf0d-428a-814f-266b27e759e4:c3262]
2019-06-15 10:53:08,055 INFO  client.GrpcClientProtocolClient (GrpcClientProtocolClient.java:onNext(254)) - client-09EBABE1B9AF->325d518f-bf0d-428a-814f-266b27e759e4: receive RaftClientReply:client-09EBABE1B9AF->325d518f-bf0d-428a-814f-266b27e759e4@group-9696F0872FC0, cid=1923, SUCCESS, logIndex=3263, commits[325d518f-bf0d-428a-814f-266b27e759e4:c3265]
2019-06-15 10:53:08,056 INFO  client.GrpcClientProtocolClient (GrpcClientProtocolClient.java:onNext(254)) - client-09EBABE1B9AF->325d518f-bf0d-428a-814f-266b27e759e4: receive RaftClientReply:client-09EBABE1B9AF->325d518f-bf0d-428a-814f-266b27e759e4@group-9696F0872FC0, cid=1924, SUCCESS, logIndex=3264, commits[325d518f-bf0d-428a-814f-266b27e759e4:c3265]
2019-06-15 10:53:08,060 INFO  client.GrpcClientProtocolClient (GrpcClientProtocolClient.java:onNext(254)) - client-09EBABE1B9AF->325d518f-bf0d-428a-814f-266b27e759e4: receive RaftClientReply:client-09EBABE1B9AF->325d518f-bf0d-428a-814f-266b27e759e4@group-9696F0872FC0, cid=1925, SUCCESS, logIndex=3266, commits[325d518f-bf0d-428a-814f-266b27e759e4:c3266]
2019-06-15 10:53:08,061 INFO  client.GrpcClientProtocolClient (GrpcClientProtocolClient.java:onNext(254)) - client-09EBABE1B9AF->325d518f-bf0d-428a-814f-266b27e759e4: receive RaftClientReply:client-09EBABE1B9AF->325d518f-bf0d-428a-814f-266b27e759e4@group-9696F0872FC0, cid=1926, SUCCESS, logIndex=3268, commits[325d518f-bf0d-428a-814f-266b27e759e4:c3268]
2019-06-15 10:53:08,063 INFO  client.GrpcClientProtocolClient (GrpcClientProtocolClient.java:onNext(254)) - client-09EBABE1B9AF->325d518f-bf0d-428a-814f-266b27e759e4: receive RaftClientReply:client-09EBABE1B9AF->325d518f-bf0d-428a-814f-266b27e759e4@group-9696F0872FC0, cid=1927, SUCCESS, logIndex=3269, commits[325d518f-bf0d-428a-814f-266b27e759e4:c3271]
2019-06-15 10:53:08,063 INFO  client.GrpcClientProtocolClient (GrpcClientProtocolClient.java:onNext(254)) - client-09EBABE1B9AF->325d518f-bf0d-428a-814f-266b27e759e4: receive RaftClientReply:client-09EBABE1B9AF->325d518f-bf0d-428a-814f-266b27e759e4@group-9696F0872FC0, cid=1928, SUCCESS, logIndex=3270, commits[325d518f-bf0d-428a-814f-266b27e759e4:c3271]
2019-06-15 10:53:08,075 INFO  client.GrpcClientProtocolClient (GrpcClientProtocolClient.java:onNext(254)) - client-09EBABE1B9AF->325d518f-bf0d-428a-814f-266b27e759e4: receive RaftClientReply:client-09EBABE1B9AF->325d518f-bf0d-428a-814f-266b27e759e4@group-9696F0872FC0, cid=1929, SUCCESS, logIndex=3272, commits[325d518f-bf0d-428a-814f-266b27e759e4:c3272]
2019-06-15 10:53:08,075 INFO  storage.RaftLogWorker (RaftLogWorker.java:rollLogSegment(303)) - 325d518f-bf0d-428a-814f-266b27e759e4-RaftLogWorker: Rolling segment log-3207_3274 to index:3274
2019-06-15 10:53:08,076 DEBUG block.SCMBlockDeletingService (SCMBlockDeletingService.java:call(138)) - Running DeletedBlockTransactionScanner
2019-06-15 10:53:08,076 DEBUG block.SCMBlockDeletingService (SCMBlockDeletingService.java:call(155)) - Scanned deleted blocks log and got 0 delTX to process.
2019-06-15 10:53:08,076 INFO  storage.RaftLogWorker (RaftLogWorker.java:execute(433)) - 325d518f-bf0d-428a-814f-266b27e759e4-RaftLogWorker: Rolled log segment from /opt/src/hadoop-ozone/integration-test/target/test-dir/MiniOzoneClusterImpl-dd99cefe-9779-4043-9d74-181b69d2a827/datanode-0/data/ratis/e0f1d9ef-e225-4b24-a786-9696f0872fc0/current/log_inprogress_3207 to /opt/src/hadoop-ozone/integration-test/target/test-dir/MiniOzoneClusterImpl-dd99cefe-9779-4043-9d74-181b69d2a827/datanode-0/data/ratis/e0f1d9ef-e225-4b24-a786-9696f0872fc0/current/log_3207-3274
2019-06-15 10:53:08,078 INFO  client.GrpcClientProtocolClient (GrpcClientProtocolClient.java:onNext(254)) - client-09EBABE1B9AF->325d518f-bf0d-428a-814f-266b27e759e4: receive RaftClientReply:client-09EBABE1B9AF->325d518f-bf0d-428a-814f-266b27e759e4@group-9696F0872FC0, cid=1930, SUCCESS, logIndex=3274, commits[325d518f-bf0d-428a-814f-266b27e759e4:c3274]
2019-06-15 10:53:08,112 INFO  storage.RaftLogWorker (RaftLogWorker.java:execute(469)) - 325d518f-bf0d-428a-814f-266b27e759e4-RaftLogWorker: created new log segment /opt/src/hadoop-ozone/integration-test/target/test-dir/MiniOzoneClusterImpl-dd99cefe-9779-4043-9d74-181b69d2a827/datanode-0/data/ratis/e0f1d9ef-e225-4b24-a786-9696f0872fc0/current/log_inprogress_3275
2019-06-15 10:53:08,113 INFO  client.GrpcClientProtocolClient (GrpcClientProtocolClient.java:onNext(254)) - client-09EBABE1B9AF->325d518f-bf0d-428a-814f-266b27e759e4: receive RaftClientReply:client-09EBABE1B9AF->325d518f-bf0d-428a-814f-266b27e759e4@group-9696F0872FC0, cid=1931, SUCCESS, logIndex=3275, commits[325d518f-bf0d-428a-814f-266b27e759e4:c3277]
2019-06-15 10:53:08,113 INFO  client.GrpcClientProtocolClient (GrpcClientProtocolClient.java:onNext(254)) - client-09EBABE1B9AF->325d518f-bf0d-428a-814f-266b27e759e4: receive RaftClientReply:client-09EBABE1B9AF->325d518f-bf0d-428a-814f-266b27e759e4@group-9696F0872FC0, cid=1932, SUCCESS, logIndex=3276, commits[325d518f-bf0d-428a-814f-266b27e759e4:c3277]
2019-06-15 10:53:08,119 INFO  client.GrpcClientProtocolClient (GrpcClientProtocolClient.java:onNext(254)) - client-09EBABE1B9AF->325d518f-bf0d-428a-814f-266b27e759e4: receive RaftClientReply:client-09EBABE1B9AF->325d518f-bf0d-428a-814f-266b27e759e4@group-9696F0872FC0, cid=1933, SUCCESS, logIndex=3278, commits[325d518f-bf0d-428a-814f-266b27e759e4:c3278]
2019-06-15 10:53:08,120 INFO  client.GrpcClientProtocolClient (GrpcClientProtocolClient.java:onNext(254)) - client-09EBABE1B9AF->325d518f-bf0d-428a-814f-266b27e759e4: receive RaftClientReply:client-09EBABE1B9AF->325d518f-bf0d-428a-814f-266b27e759e4@group-9696F0872FC0, cid=1934, SUCCESS, logIndex=3280, commits[325d518f-bf0d-428a-814f-266b27e759e4:c3280]
2019-06-15 10:53:08,121 INFO  client.GrpcClientProtocolClient (GrpcClientProtocolClient.java:onNext(254)) - client-09EBABE1B9AF->325d518f-bf0d-428a-814f-266b27e759e4: receive RaftClientReply:client-09EBABE1B9AF->325d518f-bf0d-428a-814f-266b27e759e4@group-9696F0872FC0, cid=1935, SUCCESS, logIndex=3281, commits[325d518f-bf0d-428a-814f-266b27e759e4:c3283]
2019-06-15 10:53:08,121 INFO  client.GrpcClientProtocolClient (GrpcClientProtocolClient.java:onNext(254)) - client-09EBABE1B9AF->325d518f-bf0d-428a-814f-266b27e759e4: receive RaftClientReply:client-09EBABE1B9AF->325d518f-bf0d-428a-814f-266b27e759e4@group-9696F0872FC0, cid=1936, SUCCESS, logIndex=3282, commits[325d518f-bf0d-428a-814f-266b27e759e4:c3283]
2019-06-15 10:53:08,130 INFO  client.GrpcClientProtocolClient (GrpcClientProtocolClient.java:onNext(254)) - client-09EBABE1B9AF->325d518f-bf0d-428a-814f-266b27e759e4: receive RaftClientReply:client-09EBABE1B9AF->325d518f-bf0d-428a-814f-266b27e759e4@group-9696F0872FC0, cid=1937, SUCCESS, logIndex=3284, commits[325d518f-bf0d-428a-814f-266b27e759e4:c3284]
2019-06-15 10:53:08,134 INFO  client.GrpcClientProtocolClient (GrpcClientProtocolClient.java:onNext(254)) - client-09EBABE1B9AF->325d518f-bf0d-428a-814f-266b27e759e4: receive RaftClientReply:client-09EBABE1B9AF->325d518f-bf0d-428a-814f-266b27e759e4@group-9696F0872FC0, cid=1938, SUCCESS, logIndex=3286, commits[325d518f-bf0d-428a-814f-266b27e759e4:c3288]
2019-06-15 10:53:08,138 INFO  client.GrpcClientProtocolClient (GrpcClientProtocolClient.java:onNext(254)) - client-09EBABE1B9AF->325d518f-bf0d-428a-814f-266b27e759e4: receive RaftClientReply:client-09EBABE1B9AF->325d518f-bf0d-428a-814f-266b27e759e4@group-9696F0872FC0, cid=1939, SUCCESS, logIndex=3287, commits[325d518f-bf0d-428a-814f-266b27e759e4:c3288]
2019-06-15 10:53:08,138 INFO  client.GrpcClientProtocolClient (GrpcClientProtocolClient.java:onNext(254)) - client-09EBABE1B9AF->325d518f-bf0d-428a-814f-266b27e759e4: receive RaftClientReply:client-09EBABE1B9AF->325d518f-bf0d-428a-814f-266b27e759e4@group-9696F0872FC0, cid=1940, SUCCESS, logIndex=3288, commits[325d518f-bf0d-428a-814f-266b27e759e4:c3288]
2019-06-15 10:53:08,143 INFO  client.GrpcClientProtocolClient (GrpcClientProtocolClient.java:onNext(254)) - client-09EBABE1B9AF->325d518f-bf0d-428a-814f-266b27e759e4: receive RaftClientReply:client-09EBABE1B9AF->325d518f-bf0d-428a-814f-266b27e759e4@group-9696F0872FC0, cid=1941, SUCCESS, logIndex=3290, commits[325d518f-bf0d-428a-814f-266b27e759e4:c3290]
2019-06-15 10:53:08,144 INFO  client.GrpcClientProtocolClient (GrpcClientProtocolClient.java:onNext(254)) - client-09EBABE1B9AF->325d518f-bf0d-428a-814f-266b27e759e4: receive RaftClientReply:client-09EBABE1B9AF->325d518f-bf0d-428a-814f-266b27e759e4@group-9696F0872FC0, cid=1942, SUCCESS, logIndex=3292, commits[325d518f-bf0d-428a-814f-266b27e759e4:c3292]
2019-06-15 10:53:08,145 INFO  client.GrpcClientProtocolClient (GrpcClientProtocolClient.java:onNext(254)) - client-09EBABE1B9AF->325d518f-bf0d-428a-814f-266b27e759e4: receive RaftClientReply:client-09EBABE1B9AF->325d518f-bf0d-428a-814f-266b27e759e4@group-9696F0872FC0, cid=1943, SUCCESS, logIndex=3293, commits[325d518f-bf0d-428a-814f-266b27e759e4:c3295]
2019-06-15 10:53:08,145 INFO  client.GrpcClientProtocolClient (GrpcClientProtocolClient.java:onNext(254)) - client-09EBABE1B9AF->325d518f-bf0d-428a-814f-266b27e759e4: receive RaftClientReply:client-09EBABE1B9AF->325d518f-bf0d-428a-814f-266b27e759e4@group-9696F0872FC0, cid=1944, SUCCESS, logIndex=3294, commits[325d518f-bf0d-428a-814f-266b27e759e4:c3295]
2019-06-15 10:53:08,178 DEBUG block.SCMBlockDeletingService (SCMBlockDeletingService.java:call(138)) - Running DeletedBlockTransactionScanner
2019-06-15 10:53:08,178 DEBUG block.SCMBlockDeletingService (SCMBlockDeletingService.java:call(155)) - Scanned deleted blocks log and got 0 delTX to process.
2019-06-15 10:53:08,219 INFO  client.GrpcClientProtocolClient (GrpcClientProtocolClient.java:onNext(254)) - client-09EBABE1B9AF->325d518f-bf0d-428a-814f-266b27e759e4: receive RaftClientReply:client-09EBABE1B9AF->325d518f-bf0d-428a-814f-266b27e759e4@group-9696F0872FC0, cid=1945, SUCCESS, logIndex=3296, commits[325d518f-bf0d-428a-814f-266b27e759e4:c3296]
2019-06-15 10:53:08,221 INFO  client.GrpcClientProtocolClient (GrpcClientProtocolClient.java:onNext(254)) - client-09EBABE1B9AF->325d518f-bf0d-428a-814f-266b27e759e4: receive RaftClientReply:client-09EBABE1B9AF->325d518f-bf0d-428a-814f-266b27e759e4@group-9696F0872FC0, cid=1946, SUCCESS, logIndex=3298, commits[325d518f-bf0d-428a-814f-266b27e759e4:c3298]
2019-06-15 10:53:08,222 INFO  client.GrpcClientProtocolClient (GrpcClientProtocolClient.java:onNext(254)) - client-09EBABE1B9AF->325d518f-bf0d-428a-814f-266b27e759e4: receive RaftClientReply:client-09EBABE1B9AF->325d518f-bf0d-428a-814f-266b27e759e4@group-9696F0872FC0, cid=1947, SUCCESS, logIndex=3299, commits[325d518f-bf0d-428a-814f-266b27e759e4:c3301]
2019-06-15 10:53:08,222 INFO  client.GrpcClientProtocolClient (GrpcClientProtocolClient.java:onNext(254)) - client-09EBABE1B9AF->325d518f-bf0d-428a-814f-266b27e759e4: receive RaftClientReply:client-09EBABE1B9AF->325d518f-bf0d-428a-814f-266b27e759e4@group-9696F0872FC0, cid=1948, SUCCESS, logIndex=3300, commits[325d518f-bf0d-428a-814f-266b27e759e4:c3301]
2019-06-15 10:53:08,227 INFO  client.GrpcClientProtocolClient (GrpcClientProtocolClient.java:onNext(254)) - client-09EBABE1B9AF->325d518f-bf0d-428a-814f-266b27e759e4: receive RaftClientReply:client-09EBABE1B9AF->325d518f-bf0d-428a-814f-266b27e759e4@group-9696F0872FC0, cid=1949, SUCCESS, logIndex=3302, commits[325d518f-bf0d-428a-814f-266b27e759e4:c3302]
2019-06-15 10:53:08,228 INFO  client.GrpcClientProtocolClient (GrpcClientProtocolClient.java:onNext(254)) - client-09EBABE1B9AF->325d518f-bf0d-428a-814f-266b27e759e4: receive RaftClientReply:client-09EBABE1B9AF->325d518f-bf0d-428a-814f-266b27e759e4@group-9696F0872FC0, cid=1950, SUCCESS, logIndex=3304, commits[325d518f-bf0d-428a-814f-266b27e759e4:c3304]
2019-06-15 10:53:08,229 INFO  client.GrpcClientProtocolClient (GrpcClientProtocolClient.java:onNext(254)) - client-09EBABE1B9AF->325d518f-bf0d-428a-814f-266b27e759e4: receive RaftClientReply:client-09EBABE1B9AF->325d518f-bf0d-428a-814f-266b27e759e4@group-9696F0872FC0, cid=1951, SUCCESS, logIndex=3305, commits[325d518f-bf0d-428a-814f-266b27e759e4:c3307]
2019-06-15 10:53:08,229 INFO  client.GrpcClientProtocolClient (GrpcClientProtocolClient.java:onNext(254)) - client-09EBABE1B9AF->325d518f-bf0d-428a-814f-266b27e759e4: receive RaftClientReply:client-09EBABE1B9AF->325d518f-bf0d-428a-814f-266b27e759e4@group-9696F0872FC0, cid=1952, SUCCESS, logIndex=3306, commits[325d518f-bf0d-428a-814f-266b27e759e4:c3307]
2019-06-15 10:53:08,239 INFO  client.GrpcClientProtocolClient (GrpcClientProtocolClient.java:onNext(254)) - client-09EBABE1B9AF->325d518f-bf0d-428a-814f-266b27e759e4: receive RaftClientReply:client-09EBABE1B9AF->325d518f-bf0d-428a-814f-266b27e759e4@group-9696F0872FC0, cid=1953, SUCCESS, logIndex=3308, commits[325d518f-bf0d-428a-814f-266b27e759e4:c3308]
2019-06-15 10:53:08,240 INFO  client.GrpcClientProtocolClient (GrpcClientProtocolClient.java:onNext(254)) - client-09EBABE1B9AF->325d518f-bf0d-428a-814f-266b27e759e4: receive RaftClientReply:client-09EBABE1B9AF->325d518f-bf0d-428a-814f-266b27e759e4@group-9696F0872FC0, cid=1954, SUCCESS, logIndex=3310, commits[325d518f-bf0d-428a-814f-266b27e759e4:c3310]
2019-06-15 10:53:08,241 INFO  client.GrpcClientProtocolClient (GrpcClientProtocolClient.java:onNext(254)) - client-09EBABE1B9AF->325d518f-bf0d-428a-814f-266b27e759e4: receive RaftClientReply:client-09EBABE1B9AF->325d518f-bf0d-428a-814f-266b27e759e4@group-9696F0872FC0, cid=1955, SUCCESS, logIndex=3311, commits[325d518f-bf0d-428a-814f-266b27e759e4:c3313]
2019-06-15 10:53:08,242 INFO  client.GrpcClientProtocolClient (GrpcClientProtocolClient.java:onNext(254)) - client-09EBABE1B9AF->325d518f-bf0d-428a-814f-266b27e759e4: receive RaftClientReply:client-09EBABE1B9AF->325d518f-bf0d-428a-814f-266b27e759e4@group-9696F0872FC0, cid=1956, SUCCESS, logIndex=3312, commits[325d518f-bf0d-428a-814f-266b27e759e4:c3313]
2019-06-15 10:53:08,246 INFO  client.GrpcClientProtocolClient (GrpcClientProtocolClient.java:onNext(254)) - client-09EBABE1B9AF->325d518f-bf0d-428a-814f-266b27e759e4: receive RaftClientReply:client-09EBABE1B9AF->325d518f-bf0d-428a-814f-266b27e759e4@group-9696F0872FC0, cid=1957, SUCCESS, logIndex=3314, commits[325d518f-bf0d-428a-814f-266b27e759e4:c3314]
2019-06-15 10:53:08,248 INFO  client.GrpcClientProtocolClient (GrpcClientProtocolClient.java:onNext(254)) - client-09EBABE1B9AF->325d518f-bf0d-428a-814f-266b27e759e4: receive RaftClientReply:client-09EBABE1B9AF->325d518f-bf0d-428a-814f-266b27e759e4@group-9696F0872FC0, cid=1958, SUCCESS, logIndex=3316, commits[325d518f-bf0d-428a-814f-266b27e759e4:c3316]
2019-06-15 10:53:08,249 INFO  client.GrpcClientProtocolClient (GrpcClientProtocolClient.java:onNext(254)) - client-09EBABE1B9AF->325d518f-bf0d-428a-814f-266b27e759e4: receive RaftClientReply:client-09EBABE1B9AF->325d518f-bf0d-428a-814f-266b27e759e4@group-9696F0872FC0, cid=1959, SUCCESS, logIndex=3317, commits[325d518f-bf0d-428a-814f-266b27e759e4:c3319]
2019-06-15 10:53:08,249 INFO  client.GrpcClientProtocolClient (GrpcClientProtocolClient.java:onNext(254)) - client-09EBABE1B9AF->325d518f-bf0d-428a-814f-266b27e759e4: receive RaftClientReply:client-09EBABE1B9AF->325d518f-bf0d-428a-814f-266b27e759e4@group-9696F0872FC0, cid=1960, SUCCESS, logIndex=3318, commits[325d518f-bf0d-428a-814f-266b27e759e4:c3319]
2019-06-15 10:53:08,257 INFO  client.GrpcClientProtocolClient (GrpcClientProtocolClient.java:onNext(254)) - client-09EBABE1B9AF->325d518f-bf0d-428a-814f-266b27e759e4: receive RaftClientReply:client-09EBABE1B9AF->325d518f-bf0d-428a-814f-266b27e759e4@group-9696F0872FC0, cid=1961, SUCCESS, logIndex=3320, commits[325d518f-bf0d-428a-814f-266b27e759e4:c3320]
2019-06-15 10:53:08,259 INFO  client.GrpcClientProtocolClient (GrpcClientProtocolClient.java:onNext(254)) - client-09EBABE1B9AF->325d518f-bf0d-428a-814f-266b27e759e4: receive RaftClientReply:client-09EBABE1B9AF->325d518f-bf0d-428a-814f-266b27e759e4@group-9696F0872FC0, cid=1962, SUCCESS, logIndex=3322, commits[325d518f-bf0d-428a-814f-266b27e759e4:c3322]
2019-06-15 10:53:08,260 INFO  client.GrpcClientProtocolClient (GrpcClientProtocolClient.java:onNext(254)) - client-09EBABE1B9AF->325d518f-bf0d-428a-814f-266b27e759e4: receive RaftClientReply:client-09EBABE1B9AF->325d518f-bf0d-428a-814f-266b27e759e4@group-9696F0872FC0, cid=1963, SUCCESS, logIndex=3323, commits[325d518f-bf0d-428a-814f-266b27e759e4:c3325]
2019-06-15 10:53:08,260 INFO  client.GrpcClientProtocolClient (GrpcClientProtocolClient.java:onNext(254)) - client-09EBABE1B9AF->325d518f-bf0d-428a-814f-266b27e759e4: receive RaftClientReply:client-09EBABE1B9AF->325d518f-bf0d-428a-814f-266b27e759e4@group-9696F0872FC0, cid=1964, SUCCESS, logIndex=3324, commits[325d518f-bf0d-428a-814f-266b27e759e4:c3325]
2019-06-15 10:53:08,265 INFO  client.GrpcClientProtocolClient (GrpcClientProtocolClient.java:onNext(254)) - client-09EBABE1B9AF->325d518f-bf0d-428a-814f-266b27e759e4: receive RaftClientReply:client-09EBABE1B9AF->325d518f-bf0d-428a-814f-266b27e759e4@group-9696F0872FC0, cid=1965, SUCCESS, logIndex=3326, commits[325d518f-bf0d-428a-814f-266b27e759e4:c3326]
2019-06-15 10:53:08,266 INFO  client.GrpcClientProtocolClient (GrpcClientProtocolClient.java:onNext(254)) - client-09EBABE1B9AF->325d518f-bf0d-428a-814f-266b27e759e4: receive RaftClientReply:client-09EBABE1B9AF->325d518f-bf0d-428a-814f-266b27e759e4@group-9696F0872FC0, cid=1966, SUCCESS, logIndex=3328, commits[325d518f-bf0d-428a-814f-266b27e759e4:c3328]
2019-06-15 10:53:08,267 INFO  client.GrpcClientProtocolClient (GrpcClientProtocolClient.java:onNext(254)) - client-09EBABE1B9AF->325d518f-bf0d-428a-814f-266b27e759e4: receive RaftClientReply:client-09EBABE1B9AF->325d518f-bf0d-428a-814f-266b27e759e4@group-9696F0872FC0, cid=1967, SUCCESS, logIndex=3329, commits[325d518f-bf0d-428a-814f-266b27e759e4:c3331]
2019-06-15 10:53:08,267 INFO  client.GrpcClientProtocolClient (GrpcClientProtocolClient.java:onNext(254)) - client-09EBABE1B9AF->325d518f-bf0d-428a-814f-266b27e759e4: receive RaftClientReply:client-09EBABE1B9AF->325d518f-bf0d-428a-814f-266b27e759e4@group-9696F0872FC0, cid=1968, SUCCESS, logIndex=3330, commits[325d518f-bf0d-428a-814f-266b27e759e4:c3331]
2019-06-15 10:53:08,276 INFO  client.GrpcClientProtocolClient (GrpcClientProtocolClient.java:onNext(254)) - client-09EBABE1B9AF->325d518f-bf0d-428a-814f-266b27e759e4: receive RaftClientReply:client-09EBABE1B9AF->325d518f-bf0d-428a-814f-266b27e759e4@group-9696F0872FC0, cid=1969, SUCCESS, logIndex=3332, commits[325d518f-bf0d-428a-814f-266b27e759e4:c3332]
2019-06-15 10:53:08,277 INFO  client.GrpcClientProtocolClient (GrpcClientProtocolClient.java:onNext(254)) - client-09EBABE1B9AF->325d518f-bf0d-428a-814f-266b27e759e4: receive RaftClientReply:client-09EBABE1B9AF->325d518f-bf0d-428a-814f-266b27e759e4@group-9696F0872FC0, cid=1970, SUCCESS, logIndex=3334, commits[325d518f-bf0d-428a-814f-266b27e759e4:c3334]
2019-06-15 10:53:08,278 INFO  client.GrpcClientProtocolClient (GrpcClientProtocolClient.java:onNext(254)) - client-09EBABE1B9AF->325d518f-bf0d-428a-814f-266b27e759e4: receive RaftClientReply:client-09EBABE1B9AF->325d518f-bf0d-428a-814f-266b27e759e4@group-9696F0872FC0, cid=1971, SUCCESS, logIndex=3335, commits[325d518f-bf0d-428a-814f-266b27e759e4:c3337]
2019-06-15 10:53:08,278 INFO  client.GrpcClientProtocolClient (GrpcClientProtocolClient.java:onNext(254)) - client-09EBABE1B9AF->325d518f-bf0d-428a-814f-266b27e759e4: receive RaftClientReply:client-09EBABE1B9AF->325d518f-bf0d-428a-814f-266b27e759e4@group-9696F0872FC0, cid=1972, SUCCESS, logIndex=3336, commits[325d518f-bf0d-428a-814f-266b27e759e4:c3337]
2019-06-15 10:53:08,278 DEBUG block.SCMBlockDeletingService (SCMBlockDeletingService.java:call(138)) - Running DeletedBlockTransactionScanner
2019-06-15 10:53:08,278 DEBUG block.SCMBlockDeletingService (SCMBlockDeletingService.java:call(155)) - Scanned deleted blocks log and got 0 delTX to process.
2019-06-15 10:53:08,319 INFO  client.GrpcClientProtocolClient (GrpcClientProtocolClient.java:onNext(254)) - client-09EBABE1B9AF->325d518f-bf0d-428a-814f-266b27e759e4: receive RaftClientReply:client-09EBABE1B9AF->325d518f-bf0d-428a-814f-266b27e759e4@group-9696F0872FC0, cid=1973, SUCCESS, logIndex=3338, commits[325d518f-bf0d-428a-814f-266b27e759e4:c3338]
2019-06-15 10:53:08,319 INFO  storage.RaftLogWorker (RaftLogWorker.java:rollLogSegment(303)) - 325d518f-bf0d-428a-814f-266b27e759e4-RaftLogWorker: Rolling segment log-3275_3339 to index:3339
2019-06-15 10:53:08,319 INFO  storage.RaftLogWorker (RaftLogWorker.java:execute(433)) - 325d518f-bf0d-428a-814f-266b27e759e4-RaftLogWorker: Rolled log segment from /opt/src/hadoop-ozone/integration-test/target/test-dir/MiniOzoneClusterImpl-dd99cefe-9779-4043-9d74-181b69d2a827/datanode-0/data/ratis/e0f1d9ef-e225-4b24-a786-9696f0872fc0/current/log_inprogress_3275 to /opt/src/hadoop-ozone/integration-test/target/test-dir/MiniOzoneClusterImpl-dd99cefe-9779-4043-9d74-181b69d2a827/datanode-0/data/ratis/e0f1d9ef-e225-4b24-a786-9696f0872fc0/current/log_3275-3339
2019-06-15 10:53:08,354 INFO  storage.RaftLogWorker (RaftLogWorker.java:execute(469)) - 325d518f-bf0d-428a-814f-266b27e759e4-RaftLogWorker: created new log segment /opt/src/hadoop-ozone/integration-test/target/test-dir/MiniOzoneClusterImpl-dd99cefe-9779-4043-9d74-181b69d2a827/datanode-0/data/ratis/e0f1d9ef-e225-4b24-a786-9696f0872fc0/current/log_inprogress_3340
2019-06-15 10:53:08,356 INFO  client.GrpcClientProtocolClient (GrpcClientProtocolClient.java:onNext(254)) - client-09EBABE1B9AF->325d518f-bf0d-428a-814f-266b27e759e4: receive RaftClientReply:client-09EBABE1B9AF->325d518f-bf0d-428a-814f-266b27e759e4@group-9696F0872FC0, cid=1974, SUCCESS, logIndex=3340, commits[325d518f-bf0d-428a-814f-266b27e759e4:c3342]
2019-06-15 10:53:08,356 INFO  client.GrpcClientProtocolClient (GrpcClientProtocolClient.java:onNext(254)) - client-09EBABE1B9AF->325d518f-bf0d-428a-814f-266b27e759e4: receive RaftClientReply:client-09EBABE1B9AF->325d518f-bf0d-428a-814f-266b27e759e4@group-9696F0872FC0, cid=1975, SUCCESS, logIndex=3341, commits[325d518f-bf0d-428a-814f-266b27e759e4:c3342]
2019-06-15 10:53:08,356 INFO  client.GrpcClientProtocolClient (GrpcClientProtocolClient.java:onNext(254)) - client-09EBABE1B9AF->325d518f-bf0d-428a-814f-266b27e759e4: receive RaftClientReply:client-09EBABE1B9AF->325d518f-bf0d-428a-814f-266b27e759e4@group-9696F0872FC0, cid=1976, SUCCESS, logIndex=3342, commits[325d518f-bf0d-428a-814f-266b27e759e4:c3343]
2019-06-15 10:53:08,365 INFO  client.GrpcClientProtocolClient (GrpcClientProtocolClient.java:onNext(254)) - client-09EBABE1B9AF->325d518f-bf0d-428a-814f-266b27e759e4: receive RaftClientReply:client-09EBABE1B9AF->325d518f-bf0d-428a-814f-266b27e759e4@group-9696F0872FC0, cid=1977, SUCCESS, logIndex=3344, commits[325d518f-bf0d-428a-814f-266b27e759e4:c3344]
2019-06-15 10:53:08,366 INFO  client.GrpcClientProtocolClient (GrpcClientProtocolClient.java:onNext(254)) - client-09EBABE1B9AF->325d518f-bf0d-428a-814f-266b27e759e4: receive RaftClientReply:client-09EBABE1B9AF->325d518f-bf0d-428a-814f-266b27e759e4@group-9696F0872FC0, cid=1978, SUCCESS, logIndex=3346, commits[325d518f-bf0d-428a-814f-266b27e759e4:c3346]
2019-06-15 10:53:08,367 INFO  client.GrpcClientProtocolClient (GrpcClientProtocolClient.java:onNext(254)) - client-09EBABE1B9AF->325d518f-bf0d-428a-814f-266b27e759e4: receive RaftClientReply:client-09EBABE1B9AF->325d518f-bf0d-428a-814f-266b27e759e4@group-9696F0872FC0, cid=1979, SUCCESS, logIndex=3347, commits[325d518f-bf0d-428a-814f-266b27e759e4:c3349]
2019-06-15 10:53:08,369 INFO  client.GrpcClientProtocolClient (GrpcClientProtocolClient.java:onNext(254)) - client-09EBABE1B9AF->325d518f-bf0d-428a-814f-266b27e759e4: receive RaftClientReply:client-09EBABE1B9AF->325d518f-bf0d-428a-814f-266b27e759e4@group-9696F0872FC0, cid=1980, SUCCESS, logIndex=3348, commits[325d518f-bf0d-428a-814f-266b27e759e4:c3349]
2019-06-15 10:53:08,375 INFO  client.GrpcClientProtocolClient (GrpcClientProtocolClient.java:onNext(254)) - client-09EBABE1B9AF->325d518f-bf0d-428a-814f-266b27e759e4: receive RaftClientReply:client-09EBABE1B9AF->325d518f-bf0d-428a-814f-266b27e759e4@group-9696F0872FC0, cid=1981, SUCCESS, logIndex=3350, commits[325d518f-bf0d-428a-814f-266b27e759e4:c3350]
2019-06-15 10:53:08,376 INFO  client.GrpcClientProtocolClient (GrpcClientProtocolClient.java:onNext(254)) - client-09EBABE1B9AF->325d518f-bf0d-428a-814f-266b27e759e4: receive RaftClientReply:client-09EBABE1B9AF->325d518f-bf0d-428a-814f-266b27e759e4@group-9696F0872FC0, cid=1982, SUCCESS, logIndex=3352, commits[325d518f-bf0d-428a-814f-266b27e759e4:c3352]
2019-06-15 10:53:08,377 INFO  client.GrpcClientProtocolClient (GrpcClientProtocolClient.java:onNext(254)) - client-09EBABE1B9AF->325d518f-bf0d-428a-814f-266b27e759e4: receive RaftClientReply:client-09EBABE1B9AF->325d518f-bf0d-428a-814f-266b27e759e4@group-9696F0872FC0, cid=1983, SUCCESS, logIndex=3353, commits[325d518f-bf0d-428a-814f-266b27e759e4:c3355]
2019-06-15 10:53:08,377 INFO  client.GrpcClientProtocolClient (GrpcClientProtocolClient.java:onNext(254)) - client-09EBABE1B9AF->325d518f-bf0d-428a-814f-266b27e759e4: receive RaftClientReply:client-09EBABE1B9AF->325d518f-bf0d-428a-814f-266b27e759e4@group-9696F0872FC0, cid=1984, SUCCESS, logIndex=3354, commits[325d518f-bf0d-428a-814f-266b27e759e4:c3355]
2019-06-15 10:53:08,379 DEBUG block.SCMBlockDeletingService (SCMBlockDeletingService.java:call(138)) - Running DeletedBlockTransactionScanner
2019-06-15 10:53:08,379 DEBUG block.SCMBlockDeletingService (SCMBlockDeletingService.java:call(155)) - Scanned deleted blocks log and got 0 delTX to process.
2019-06-15 10:53:08,385 INFO  client.GrpcClientProtocolClient (GrpcClientProtocolClient.java:onNext(254)) - client-09EBABE1B9AF->325d518f-bf0d-428a-814f-266b27e759e4: receive RaftClientReply:client-09EBABE1B9AF->325d518f-bf0d-428a-814f-266b27e759e4@group-9696F0872FC0, cid=1985, SUCCESS, logIndex=3356, commits[325d518f-bf0d-428a-814f-266b27e759e4:c3356]
2019-06-15 10:53:08,386 INFO  client.GrpcClientProtocolClient (GrpcClientProtocolClient.java:onNext(254)) - client-09EBABE1B9AF->325d518f-bf0d-428a-814f-266b27e759e4: receive RaftClientReply:client-09EBABE1B9AF->325d518f-bf0d-428a-814f-266b27e759e4@group-9696F0872FC0, cid=1986, SUCCESS, logIndex=3358, commits[325d518f-bf0d-428a-814f-266b27e759e4:c3358]
2019-06-15 10:53:08,388 INFO  client.GrpcClientProtocolClient (GrpcClientProtocolClient.java:onNext(254)) - client-09EBABE1B9AF->325d518f-bf0d-428a-814f-266b27e759e4: receive RaftClientReply:client-09EBABE1B9AF->325d518f-bf0d-428a-814f-266b27e759e4@group-9696F0872FC0, cid=1987, SUCCESS, logIndex=3359, commits[325d518f-bf0d-428a-814f-266b27e759e4:c3361]
2019-06-15 10:53:08,388 INFO  client.GrpcClientProtocolClient (GrpcClientProtocolClient.java:onNext(254)) - client-09EBABE1B9AF->325d518f-bf0d-428a-814f-266b27e759e4: receive RaftClientReply:client-09EBABE1B9AF->325d518f-bf0d-428a-814f-266b27e759e4@group-9696F0872FC0, cid=1988, SUCCESS, logIndex=3360, commits[325d518f-bf0d-428a-814f-266b27e759e4:c3361]
2019-06-15 10:53:08,458 INFO  client.GrpcClientProtocolClient (GrpcClientProtocolClient.java:onNext(254)) - client-09EBABE1B9AF->325d518f-bf0d-428a-814f-266b27e759e4: receive RaftClientReply:client-09EBABE1B9AF->325d518f-bf0d-428a-814f-266b27e759e4@group-9696F0872FC0, cid=1989, SUCCESS, logIndex=3362, commits[325d518f-bf0d-428a-814f-266b27e759e4:c3362]
2019-06-15 10:53:08,460 INFO  client.GrpcClientProtocolClient (GrpcClientProtocolClient.java:onNext(254)) - client-09EBABE1B9AF->325d518f-bf0d-428a-814f-266b27e759e4: receive RaftClientReply:client-09EBABE1B9AF->325d518f-bf0d-428a-814f-266b27e759e4@group-9696F0872FC0, cid=1990, SUCCESS, logIndex=3364, commits[325d518f-bf0d-428a-814f-266b27e759e4:c3364]
2019-06-15 10:53:08,461 INFO  client.GrpcClientProtocolClient (GrpcClientProtocolClient.java:onNext(254)) - client-09EBABE1B9AF->325d518f-bf0d-428a-814f-266b27e759e4: receive RaftClientReply:client-09EBABE1B9AF->325d518f-bf0d-428a-814f-266b27e759e4@group-9696F0872FC0, cid=1991, SUCCESS, logIndex=3365, commits[325d518f-bf0d-428a-814f-266b27e759e4:c3366]
2019-06-15 10:53:08,461 INFO  client.GrpcClientProtocolClient (GrpcClientProtocolClient.java:onNext(254)) - client-09EBABE1B9AF->325d518f-bf0d-428a-814f-266b27e759e4: receive RaftClientReply:client-09EBABE1B9AF->325d518f-bf0d-428a-814f-266b27e759e4@group-9696F0872FC0, cid=1992, SUCCESS, logIndex=3366, commits[325d518f-bf0d-428a-814f-266b27e759e4:c3366]
2019-06-15 10:53:08,470 INFO  client.GrpcClientProtocolClient (GrpcClientProtocolClient.java:onNext(254)) - client-09EBABE1B9AF->325d518f-bf0d-428a-814f-266b27e759e4: receive RaftClientReply:client-09EBABE1B9AF->325d518f-bf0d-428a-814f-266b27e759e4@group-9696F0872FC0, cid=1993, SUCCESS, logIndex=3369, commits[325d518f-bf0d-428a-814f-266b27e759e4:c3369]
2019-06-15 10:53:08,471 INFO  client.GrpcClientProtocolClient (GrpcClientProtocolClient.java:onNext(254)) - client-09EBABE1B9AF->325d518f-bf0d-428a-814f-266b27e759e4: receive RaftClientReply:client-09EBABE1B9AF->325d518f-bf0d-428a-814f-266b27e759e4@group-9696F0872FC0, cid=1994, SUCCESS, logIndex=3371, commits[325d518f-bf0d-428a-814f-266b27e759e4:c3371]
2019-06-15 10:53:08,472 INFO  client.GrpcClientProtocolClient (GrpcClientProtocolClient.java:onNext(254)) - client-09EBABE1B9AF->325d518f-bf0d-428a-814f-266b27e759e4: receive RaftClientReply:client-09EBABE1B9AF->325d518f-bf0d-428a-814f-266b27e759e4@group-9696F0872FC0, cid=1995, SUCCESS, logIndex=3372, commits[325d518f-bf0d-428a-814f-266b27e759e4:c3374]
2019-06-15 10:53:08,472 INFO  client.GrpcClientProtocolClient (GrpcClientProtocolClient.java:onNext(254)) - client-09EBABE1B9AF->325d518f-bf0d-428a-814f-266b27e759e4: receive RaftClientReply:client-09EBABE1B9AF->325d518f-bf0d-428a-814f-266b27e759e4@group-9696F0872FC0, cid=1996, SUCCESS, logIndex=3373, commits[325d518f-bf0d-428a-814f-266b27e759e4:c3374]
2019-06-15 10:53:08,477 INFO  client.GrpcClientProtocolClient (GrpcClientProtocolClient.java:onNext(254)) - client-09EBABE1B9AF->325d518f-bf0d-428a-814f-266b27e759e4: receive RaftClientReply:client-09EBABE1B9AF->325d518f-bf0d-428a-814f-266b27e759e4@group-9696F0872FC0, cid=1997, SUCCESS, logIndex=3375, commits[325d518f-bf0d-428a-814f-266b27e759e4:c3375]
2019-06-15 10:53:08,478 INFO  client.GrpcClientProtocolClient (GrpcClientProtocolClient.java:onNext(254)) - client-09EBABE1B9AF->325d518f-bf0d-428a-814f-266b27e759e4: receive RaftClientReply:client-09EBABE1B9AF->325d518f-bf0d-428a-814f-266b27e759e4@group-9696F0872FC0, cid=1998, SUCCESS, logIndex=3377, commits[325d518f-bf0d-428a-814f-266b27e759e4:c3377]
2019-06-15 10:53:08,479 DEBUG block.SCMBlockDeletingService (SCMBlockDeletingService.java:call(138)) - Running DeletedBlockTransactionScanner
2019-06-15 10:53:08,479 DEBUG block.SCMBlockDeletingService (SCMBlockDeletingService.java:call(155)) - Scanned deleted blocks log and got 0 delTX to process.
2019-06-15 10:53:08,480 INFO  client.GrpcClientProtocolClient (GrpcClientProtocolClient.java:onNext(254)) - client-09EBABE1B9AF->325d518f-bf0d-428a-814f-266b27e759e4: receive RaftClientReply:client-09EBABE1B9AF->325d518f-bf0d-428a-814f-266b27e759e4@group-9696F0872FC0, cid=1999, SUCCESS, logIndex=3379, commits[325d518f-bf0d-428a-814f-266b27e759e4:c3379]
2019-06-15 10:53:08,481 INFO  client.GrpcClientProtocolClient (GrpcClientProtocolClient.java:onNext(254)) - client-09EBABE1B9AF->325d518f-bf0d-428a-814f-266b27e759e4: receive RaftClientReply:client-09EBABE1B9AF->325d518f-bf0d-428a-814f-266b27e759e4@group-9696F0872FC0, cid=2000, SUCCESS, logIndex=3381, commits[325d518f-bf0d-428a-814f-266b27e759e4:c3381]
2019-06-15 10:53:08,490 INFO  client.GrpcClientProtocolClient (GrpcClientProtocolClient.java:onNext(254)) - client-09EBABE1B9AF->325d518f-bf0d-428a-814f-266b27e759e4: receive RaftClientReply:client-09EBABE1B9AF->325d518f-bf0d-428a-814f-266b27e759e4@group-9696F0872FC0, cid=2001, SUCCESS, logIndex=3383, commits[325d518f-bf0d-428a-814f-266b27e759e4:c3383]
2019-06-15 10:53:08,494 INFO  client.GrpcClientProtocolClient (GrpcClientProtocolClient.java:onNext(254)) - client-09EBABE1B9AF->325d518f-bf0d-428a-814f-266b27e759e4: receive RaftClientReply:client-09EBABE1B9AF->325d518f-bf0d-428a-814f-266b27e759e4@group-9696F0872FC0, cid=2002, SUCCESS, logIndex=3385, commits[325d518f-bf0d-428a-814f-266b27e759e4:c3388]
2019-06-15 10:53:08,494 INFO  client.GrpcClientProtocolClient (GrpcClientProtocolClient.java:onNext(254)) - client-09EBABE1B9AF->325d518f-bf0d-428a-814f-266b27e759e4: receive RaftClientReply:client-09EBABE1B9AF->325d518f-bf0d-428a-814f-266b27e759e4@group-9696F0872FC0, cid=2003, SUCCESS, logIndex=3386, commits[325d518f-bf0d-428a-814f-266b27e759e4:c3388]
2019-06-15 10:53:08,494 INFO  client.GrpcClientProtocolClient (GrpcClientProtocolClient.java:onNext(254)) - client-09EBABE1B9AF->325d518f-bf0d-428a-814f-266b27e759e4: receive RaftClientReply:client-09EBABE1B9AF->325d518f-bf0d-428a-814f-266b27e759e4@group-9696F0872FC0, cid=2004, SUCCESS, logIndex=3387, commits[325d518f-bf0d-428a-814f-266b27e759e4:c3388]
2019-06-15 10:53:08,500 INFO  client.GrpcClientProtocolClient (GrpcClientProtocolClient.java:onNext(254)) - client-09EBABE1B9AF->325d518f-bf0d-428a-814f-266b27e759e4: receive RaftClientReply:client-09EBABE1B9AF->325d518f-bf0d-428a-814f-266b27e759e4@group-9696F0872FC0, cid=2005, SUCCESS, logIndex=3389, commits[325d518f-bf0d-428a-814f-266b27e759e4:c3389]
2019-06-15 10:53:08,501 INFO  client.GrpcClientProtocolClient (GrpcClientProtocolClient.java:onNext(254)) - client-09EBABE1B9AF->325d518f-bf0d-428a-814f-266b27e759e4: receive RaftClientReply:client-09EBABE1B9AF->325d518f-bf0d-428a-814f-266b27e759e4@group-9696F0872FC0, cid=2006, SUCCESS, logIndex=3391, commits[325d518f-bf0d-428a-814f-266b27e759e4:c3391]
2019-06-15 10:53:08,502 INFO  client.GrpcClientProtocolClient (GrpcClientProtocolClient.java:onNext(254)) - client-09EBABE1B9AF->325d518f-bf0d-428a-814f-266b27e759e4: receive RaftClientReply:client-09EBABE1B9AF->325d518f-bf0d-428a-814f-266b27e759e4@group-9696F0872FC0, cid=2007, SUCCESS, logIndex=3392, commits[325d518f-bf0d-428a-814f-266b27e759e4:c3394]
2019-06-15 10:53:08,503 INFO  client.GrpcClientProtocolClient (GrpcClientProtocolClient.java:onNext(254)) - client-09EBABE1B9AF->325d518f-bf0d-428a-814f-266b27e759e4: receive RaftClientReply:client-09EBABE1B9AF->325d518f-bf0d-428a-814f-266b27e759e4@group-9696F0872FC0, cid=2008, SUCCESS, logIndex=3393, commits[325d518f-bf0d-428a-814f-266b27e759e4:c3394]
2019-06-15 10:53:08,512 INFO  client.GrpcClientProtocolClient (GrpcClientProtocolClient.java:onNext(254)) - client-09EBABE1B9AF->325d518f-bf0d-428a-814f-266b27e759e4: receive RaftClientReply:client-09EBABE1B9AF->325d518f-bf0d-428a-814f-266b27e759e4@group-9696F0872FC0, cid=2009, SUCCESS, logIndex=3395, commits[325d518f-bf0d-428a-814f-266b27e759e4:c3395]
2019-06-15 10:53:08,513 INFO  client.GrpcClientProtocolClient (GrpcClientProtocolClient.java:onNext(254)) - client-09EBABE1B9AF->325d518f-bf0d-428a-814f-266b27e759e4: receive RaftClientReply:client-09EBABE1B9AF->325d518f-bf0d-428a-814f-266b27e759e4@group-9696F0872FC0, cid=2010, SUCCESS, logIndex=3397, commits[325d518f-bf0d-428a-814f-266b27e759e4:c3397]
2019-06-15 10:53:08,514 INFO  client.GrpcClientProtocolClient (GrpcClientProtocolClient.java:onNext(254)) - client-09EBABE1B9AF->325d518f-bf0d-428a-814f-266b27e759e4: receive RaftClientReply:client-09EBABE1B9AF->325d518f-bf0d-428a-814f-266b27e759e4@group-9696F0872FC0, cid=2011, SUCCESS, logIndex=3398, commits[325d518f-bf0d-428a-814f-266b27e759e4:c3400]
2019-06-15 10:53:08,514 INFO  client.GrpcClientProtocolClient (GrpcClientProtocolClient.java:onNext(254)) - client-09EBABE1B9AF->325d518f-bf0d-428a-814f-266b27e759e4: receive RaftClientReply:client-09EBABE1B9AF->325d518f-bf0d-428a-814f-266b27e759e4@group-9696F0872FC0, cid=2012, SUCCESS, logIndex=3399, commits[325d518f-bf0d-428a-814f-266b27e759e4:c3400]
2019-06-15 10:53:08,519 INFO  client.GrpcClientProtocolClient (GrpcClientProtocolClient.java:onNext(254)) - client-09EBABE1B9AF->325d518f-bf0d-428a-814f-266b27e759e4: receive RaftClientReply:client-09EBABE1B9AF->325d518f-bf0d-428a-814f-266b27e759e4@group-9696F0872FC0, cid=2013, SUCCESS, logIndex=3401, commits[325d518f-bf0d-428a-814f-266b27e759e4:c3401]
2019-06-15 10:53:08,520 INFO  client.GrpcClientProtocolClient (GrpcClientProtocolClient.java:onNext(254)) - client-09EBABE1B9AF->325d518f-bf0d-428a-814f-266b27e759e4: receive RaftClientReply:client-09EBABE1B9AF->325d518f-bf0d-428a-814f-266b27e759e4@group-9696F0872FC0, cid=2014, SUCCESS, logIndex=3403, commits[325d518f-bf0d-428a-814f-266b27e759e4:c3403]
2019-06-15 10:53:08,521 INFO  client.GrpcClientProtocolClient (GrpcClientProtocolClient.java:onNext(254)) - client-09EBABE1B9AF->325d518f-bf0d-428a-814f-266b27e759e4: receive RaftClientReply:client-09EBABE1B9AF->325d518f-bf0d-428a-814f-266b27e759e4@group-9696F0872FC0, cid=2015, SUCCESS, logIndex=3404, commits[325d518f-bf0d-428a-814f-266b27e759e4:c3406]
2019-06-15 10:53:08,521 INFO  client.GrpcClientProtocolClient (GrpcClientProtocolClient.java:onNext(254)) - client-09EBABE1B9AF->325d518f-bf0d-428a-814f-266b27e759e4: receive RaftClientReply:client-09EBABE1B9AF->325d518f-bf0d-428a-814f-266b27e759e4@group-9696F0872FC0, cid=2016, SUCCESS, logIndex=3405, commits[325d518f-bf0d-428a-814f-266b27e759e4:c3406]
2019-06-15 10:53:08,528 INFO  storage.RaftLogWorker (RaftLogWorker.java:rollLogSegment(303)) - 325d518f-bf0d-428a-814f-266b27e759e4-RaftLogWorker: Rolling segment log-3340_3406 to index:3406
2019-06-15 10:53:08,528 INFO  storage.RaftLogWorker (RaftLogWorker.java:execute(433)) - 325d518f-bf0d-428a-814f-266b27e759e4-RaftLogWorker: Rolled log segment from /opt/src/hadoop-ozone/integration-test/target/test-dir/MiniOzoneClusterImpl-dd99cefe-9779-4043-9d74-181b69d2a827/datanode-0/data/ratis/e0f1d9ef-e225-4b24-a786-9696f0872fc0/current/log_inprogress_3340 to /opt/src/hadoop-ozone/integration-test/target/test-dir/MiniOzoneClusterImpl-dd99cefe-9779-4043-9d74-181b69d2a827/datanode-0/data/ratis/e0f1d9ef-e225-4b24-a786-9696f0872fc0/current/log_3340-3406
2019-06-15 10:53:08,564 INFO  storage.RaftLogWorker (RaftLogWorker.java:execute(469)) - 325d518f-bf0d-428a-814f-266b27e759e4-RaftLogWorker: created new log segment /opt/src/hadoop-ozone/integration-test/target/test-dir/MiniOzoneClusterImpl-dd99cefe-9779-4043-9d74-181b69d2a827/datanode-0/data/ratis/e0f1d9ef-e225-4b24-a786-9696f0872fc0/current/log_inprogress_3407
2019-06-15 10:53:08,565 INFO  client.GrpcClientProtocolClient (GrpcClientProtocolClient.java:onNext(254)) - client-09EBABE1B9AF->325d518f-bf0d-428a-814f-266b27e759e4: receive RaftClientReply:client-09EBABE1B9AF->325d518f-bf0d-428a-814f-266b27e759e4@group-9696F0872FC0, cid=2017, SUCCESS, logIndex=3407, commits[325d518f-bf0d-428a-814f-266b27e759e4:c3407]
2019-06-15 10:53:08,567 INFO  client.GrpcClientProtocolClient (GrpcClientProtocolClient.java:onNext(254)) - client-09EBABE1B9AF->325d518f-bf0d-428a-814f-266b27e759e4: receive RaftClientReply:client-09EBABE1B9AF->325d518f-bf0d-428a-814f-266b27e759e4@group-9696F0872FC0, cid=2018, SUCCESS, logIndex=3409, commits[325d518f-bf0d-428a-814f-266b27e759e4:c3409]
2019-06-15 10:53:08,568 INFO  client.GrpcClientProtocolClient (GrpcClientProtocolClient.java:onNext(254)) - client-09EBABE1B9AF->325d518f-bf0d-428a-814f-266b27e759e4: receive RaftClientReply:client-09EBABE1B9AF->325d518f-bf0d-428a-814f-266b27e759e4@group-9696F0872FC0, cid=2019, SUCCESS, logIndex=3410, commits[325d518f-bf0d-428a-814f-266b27e759e4:c3412]
2019-06-15 10:53:08,568 INFO  client.GrpcClientProtocolClient (GrpcClientProtocolClient.java:onNext(254)) - client-09EBABE1B9AF->325d518f-bf0d-428a-814f-266b27e759e4: receive RaftClientReply:client-09EBABE1B9AF->325d518f-bf0d-428a-814f-266b27e759e4@group-9696F0872FC0, cid=2020, SUCCESS, logIndex=3411, commits[325d518f-bf0d-428a-814f-266b27e759e4:c3412]
2019-06-15 10:53:08,574 INFO  client.GrpcClientProtocolClient (GrpcClientProtocolClient.java:onNext(254)) - client-09EBABE1B9AF->325d518f-bf0d-428a-814f-266b27e759e4: receive RaftClientReply:client-09EBABE1B9AF->325d518f-bf0d-428a-814f-266b27e759e4@group-9696F0872FC0, cid=2021, SUCCESS, logIndex=3413, commits[325d518f-bf0d-428a-814f-266b27e759e4:c3413]
2019-06-15 10:53:08,577 INFO  client.GrpcClientProtocolClient (GrpcClientProtocolClient.java:onNext(254)) - client-09EBABE1B9AF->325d518f-bf0d-428a-814f-266b27e759e4: receive RaftClientReply:client-09EBABE1B9AF->325d518f-bf0d-428a-814f-266b27e759e4@group-9696F0872FC0, cid=2022, SUCCESS, logIndex=3415, commits[325d518f-bf0d-428a-814f-266b27e759e4:c3415]
2019-06-15 10:53:08,578 INFO  client.GrpcClientProtocolClient (GrpcClientProtocolClient.java:onNext(254)) - client-09EBABE1B9AF->325d518f-bf0d-428a-814f-266b27e759e4: receive RaftClientReply:client-09EBABE1B9AF->325d518f-bf0d-428a-814f-266b27e759e4@group-9696F0872FC0, cid=2023, SUCCESS, logIndex=3416, commits[325d518f-bf0d-428a-814f-266b27e759e4:c3418]
2019-06-15 10:53:08,578 INFO  client.GrpcClientProtocolClient (GrpcClientProtocolClient.java:onNext(254)) - client-09EBABE1B9AF->325d518f-bf0d-428a-814f-266b27e759e4: receive RaftClientReply:client-09EBABE1B9AF->325d518f-bf0d-428a-814f-266b27e759e4@group-9696F0872FC0, cid=2024, SUCCESS, logIndex=3417, commits[325d518f-bf0d-428a-814f-266b27e759e4:c3418]
2019-06-15 10:53:08,579 DEBUG block.SCMBlockDeletingService (SCMBlockDeletingService.java:call(138)) - Running DeletedBlockTransactionScanner
2019-06-15 10:53:08,579 DEBUG block.SCMBlockDeletingService (SCMBlockDeletingService.java:call(155)) - Scanned deleted blocks log and got 0 delTX to process.
2019-06-15 10:53:08,588 INFO  client.GrpcClientProtocolClient (GrpcClientProtocolClient.java:onNext(254)) - client-09EBABE1B9AF->325d518f-bf0d-428a-814f-266b27e759e4: receive RaftClientReply:client-09EBABE1B9AF->325d518f-bf0d-428a-814f-266b27e759e4@group-9696F0872FC0, cid=2025, SUCCESS, logIndex=3419, commits[325d518f-bf0d-428a-814f-266b27e759e4:c3419]
2019-06-15 10:53:08,591 INFO  client.GrpcClientProtocolClient (GrpcClientProtocolClient.java:onNext(254)) - client-09EBABE1B9AF->325d518f-bf0d-428a-814f-266b27e759e4: receive RaftClientReply:client-09EBABE1B9AF->325d518f-bf0d-428a-814f-266b27e759e4@group-9696F0872FC0, cid=2026, SUCCESS, logIndex=3421, commits[325d518f-bf0d-428a-814f-266b27e759e4:c3421]
2019-06-15 10:53:08,591 INFO  client.GrpcClientProtocolClient (GrpcClientProtocolClient.java:onNext(254)) - client-09EBABE1B9AF->325d518f-bf0d-428a-814f-266b27e759e4: receive RaftClientReply:client-09EBABE1B9AF->325d518f-bf0d-428a-814f-266b27e759e4@group-9696F0872FC0, cid=2027, SUCCESS, logIndex=3422, commits[325d518f-bf0d-428a-814f-266b27e759e4:c3424]
2019-06-15 10:53:08,591 INFO  client.GrpcClientProtocolClient (GrpcClientProtocolClient.java:onNext(254)) - client-09EBABE1B9AF->325d518f-bf0d-428a-814f-266b27e759e4: receive RaftClientReply:client-09EBABE1B9AF->325d518f-bf0d-428a-814f-266b27e759e4@group-9696F0872FC0, cid=2028, SUCCESS, logIndex=3423, commits[325d518f-bf0d-428a-814f-266b27e759e4:c3424]
2019-06-15 10:53:08,597 INFO  client.GrpcClientProtocolClient (GrpcClientProtocolClient.java:onNext(254)) - client-09EBABE1B9AF->325d518f-bf0d-428a-814f-266b27e759e4: receive RaftClientReply:client-09EBABE1B9AF->325d518f-bf0d-428a-814f-266b27e759e4@group-9696F0872FC0, cid=2029, SUCCESS, logIndex=3425, commits[325d518f-bf0d-428a-814f-266b27e759e4:c3425]
2019-06-15 10:53:08,598 INFO  client.GrpcClientProtocolClient (GrpcClientProtocolClient.java:onNext(254)) - client-09EBABE1B9AF->325d518f-bf0d-428a-814f-266b27e759e4: receive RaftClientReply:client-09EBABE1B9AF->325d518f-bf0d-428a-814f-266b27e759e4@group-9696F0872FC0, cid=2030, SUCCESS, logIndex=3427, commits[325d518f-bf0d-428a-814f-266b27e759e4:c3427]
2019-06-15 10:53:08,599 INFO  client.GrpcClientProtocolClient (GrpcClientProtocolClient.java:onNext(254)) - client-09EBABE1B9AF->325d518f-bf0d-428a-814f-266b27e759e4: receive RaftClientReply:client-09EBABE1B9AF->325d518f-bf0d-428a-814f-266b27e759e4@group-9696F0872FC0, cid=2031, SUCCESS, logIndex=3428, commits[325d518f-bf0d-428a-814f-266b27e759e4:c3430]
2019-06-15 10:53:08,599 INFO  client.GrpcClientProtocolClient (GrpcClientProtocolClient.java:onNext(254)) - client-09EBABE1B9AF->325d518f-bf0d-428a-814f-266b27e759e4: receive RaftClientReply:client-09EBABE1B9AF->325d518f-bf0d-428a-814f-266b27e759e4@group-9696F0872FC0, cid=2032, SUCCESS, logIndex=3429, commits[325d518f-bf0d-428a-814f-266b27e759e4:c3430]
2019-06-15 10:53:08,676 INFO  client.GrpcClientProtocolClient (GrpcClientProtocolClient.java:onNext(254)) - client-09EBABE1B9AF->325d518f-bf0d-428a-814f-266b27e759e4: receive RaftClientReply:client-09EBABE1B9AF->325d518f-bf0d-428a-814f-266b27e759e4@group-9696F0872FC0, cid=2033, SUCCESS, logIndex=3431, commits[325d518f-bf0d-428a-814f-266b27e759e4:c3431]
2019-06-15 10:53:08,677 INFO  client.GrpcClientProtocolClient (GrpcClientProtocolClient.java:onNext(254)) - client-09EBABE1B9AF->325d518f-bf0d-428a-814f-266b27e759e4: receive RaftClientReply:client-09EBABE1B9AF->325d518f-bf0d-428a-814f-266b27e759e4@group-9696F0872FC0, cid=2034, SUCCESS, logIndex=3433, commits[325d518f-bf0d-428a-814f-266b27e759e4:c3433]
2019-06-15 10:53:08,678 INFO  client.GrpcClientProtocolClient (GrpcClientProtocolClient.java:onNext(254)) - client-09EBABE1B9AF->325d518f-bf0d-428a-814f-266b27e759e4: receive RaftClientReply:client-09EBABE1B9AF->325d518f-bf0d-428a-814f-266b27e759e4@group-9696F0872FC0, cid=2035, SUCCESS, logIndex=3434, commits[325d518f-bf0d-428a-814f-266b27e759e4:c3436]
2019-06-15 10:53:08,679 INFO  client.GrpcClientProtocolClient (GrpcClientProtocolClient.java:onNext(254)) - client-09EBABE1B9AF->325d518f-bf0d-428a-814f-266b27e759e4: receive RaftClientReply:client-09EBABE1B9AF->325d518f-bf0d-428a-814f-266b27e759e4@group-9696F0872FC0, cid=2036, SUCCESS, logIndex=3435, commits[325d518f-bf0d-428a-814f-266b27e759e4:c3436]
2019-06-15 10:53:08,680 DEBUG block.SCMBlockDeletingService (SCMBlockDeletingService.java:call(138)) - Running DeletedBlockTransactionScanner
2019-06-15 10:53:08,680 DEBUG block.SCMBlockDeletingService (SCMBlockDeletingService.java:call(155)) - Scanned deleted blocks log and got 0 delTX to process.
2019-06-15 10:53:08,684 INFO  client.GrpcClientProtocolClient (GrpcClientProtocolClient.java:onNext(254)) - client-09EBABE1B9AF->325d518f-bf0d-428a-814f-266b27e759e4: receive RaftClientReply:client-09EBABE1B9AF->325d518f-bf0d-428a-814f-266b27e759e4@group-9696F0872FC0, cid=2037, SUCCESS, logIndex=3437, commits[325d518f-bf0d-428a-814f-266b27e759e4:c3437]
2019-06-15 10:53:08,685 INFO  client.GrpcClientProtocolClient (GrpcClientProtocolClient.java:onNext(254)) - client-09EBABE1B9AF->325d518f-bf0d-428a-814f-266b27e759e4: receive RaftClientReply:client-09EBABE1B9AF->325d518f-bf0d-428a-814f-266b27e759e4@group-9696F0872FC0, cid=2038, SUCCESS, logIndex=3439, commits[325d518f-bf0d-428a-814f-266b27e759e4:c3439]
2019-06-15 10:53:08,686 INFO  client.GrpcClientProtocolClient (GrpcClientProtocolClient.java:onNext(254)) - client-09EBABE1B9AF->325d518f-bf0d-428a-814f-266b27e759e4: receive RaftClientReply:client-09EBABE1B9AF->325d518f-bf0d-428a-814f-266b27e759e4@group-9696F0872FC0, cid=2039, SUCCESS, logIndex=3440, commits[325d518f-bf0d-428a-814f-266b27e759e4:c3442]
2019-06-15 10:53:08,686 INFO  client.GrpcClientProtocolClient (GrpcClientProtocolClient.java:onNext(254)) - client-09EBABE1B9AF->325d518f-bf0d-428a-814f-266b27e759e4: receive RaftClientReply:client-09EBABE1B9AF->325d518f-bf0d-428a-814f-266b27e759e4@group-9696F0872FC0, cid=2040, SUCCESS, logIndex=3441, commits[325d518f-bf0d-428a-814f-266b27e759e4:c3442]
2019-06-15 10:53:08,702 INFO  client.GrpcClientProtocolClient (GrpcClientProtocolClient.java:onNext(254)) - client-09EBABE1B9AF->325d518f-bf0d-428a-814f-266b27e759e4: receive RaftClientReply:client-09EBABE1B9AF->325d518f-bf0d-428a-814f-266b27e759e4@group-9696F0872FC0, cid=2041, SUCCESS, logIndex=3443, commits[325d518f-bf0d-428a-814f-266b27e759e4:c3443]
2019-06-15 10:53:08,704 INFO  client.GrpcClientProtocolClient (GrpcClientProtocolClient.java:onNext(254)) - client-09EBABE1B9AF->325d518f-bf0d-428a-814f-266b27e759e4: receive RaftClientReply:client-09EBABE1B9AF->325d518f-bf0d-428a-814f-266b27e759e4@group-9696F0872FC0, cid=2042, SUCCESS, logIndex=3445, commits[325d518f-bf0d-428a-814f-266b27e759e4:c3445]
2019-06-15 10:53:08,704 INFO  client.GrpcClientProtocolClient (GrpcClientProtocolClient.java:onNext(254)) - client-09EBABE1B9AF->325d518f-bf0d-428a-814f-266b27e759e4: receive RaftClientReply:client-09EBABE1B9AF->325d518f-bf0d-428a-814f-266b27e759e4@group-9696F0872FC0, cid=2043, SUCCESS, logIndex=3446, commits[325d518f-bf0d-428a-814f-266b27e759e4:c3446]
2019-06-15 10:53:08,705 INFO  client.GrpcClientProtocolClient (GrpcClientProtocolClient.java:onNext(254)) - client-09EBABE1B9AF->325d518f-bf0d-428a-814f-266b27e759e4: receive RaftClientReply:client-09EBABE1B9AF->325d518f-bf0d-428a-814f-266b27e759e4@group-9696F0872FC0, cid=2044, SUCCESS, logIndex=3448, commits[325d518f-bf0d-428a-814f-266b27e759e4:c3448]
2019-06-15 10:53:08,710 INFO  client.GrpcClientProtocolClient (GrpcClientProtocolClient.java:onNext(254)) - client-09EBABE1B9AF->325d518f-bf0d-428a-814f-266b27e759e4: receive RaftClientReply:client-09EBABE1B9AF->325d518f-bf0d-428a-814f-266b27e759e4@group-9696F0872FC0, cid=2045, SUCCESS, logIndex=3451, commits[325d518f-bf0d-428a-814f-266b27e759e4:c3451]
2019-06-15 10:53:08,752 INFO  client.GrpcClientProtocolClient (GrpcClientProtocolClient.java:onNext(254)) - client-09EBABE1B9AF->325d518f-bf0d-428a-814f-266b27e759e4: receive RaftClientReply:client-09EBABE1B9AF->325d518f-bf0d-428a-814f-266b27e759e4@group-9696F0872FC0, cid=2046, SUCCESS, logIndex=3453, commits[325d518f-bf0d-428a-814f-266b27e759e4:c3454]
2019-06-15 10:53:08,758 INFO  client.GrpcClientProtocolClient (GrpcClientProtocolClient.java:onNext(254)) - client-09EBABE1B9AF->325d518f-bf0d-428a-814f-266b27e759e4: receive RaftClientReply:client-09EBABE1B9AF->325d518f-bf0d-428a-814f-266b27e759e4@group-9696F0872FC0, cid=2047, SUCCESS, logIndex=3455, commits[325d518f-bf0d-428a-814f-266b27e759e4:c3456]
2019-06-15 10:53:08,759 INFO  client.GrpcClientProtocolClient (GrpcClientProtocolClient.java:onNext(254)) - client-09EBABE1B9AF->325d518f-bf0d-428a-814f-266b27e759e4: receive RaftClientReply:client-09EBABE1B9AF->325d518f-bf0d-428a-814f-266b27e759e4@group-9696F0872FC0, cid=2048, SUCCESS, logIndex=3456, commits[325d518f-bf0d-428a-814f-266b27e759e4:c3457]
2019-06-15 10:53:08,769 INFO  client.GrpcClientProtocolClient (GrpcClientProtocolClient.java:onNext(254)) - client-09EBABE1B9AF->325d518f-bf0d-428a-814f-266b27e759e4: receive RaftClientReply:client-09EBABE1B9AF->325d518f-bf0d-428a-814f-266b27e759e4@group-9696F0872FC0, cid=2049, SUCCESS, logIndex=3458, commits[325d518f-bf0d-428a-814f-266b27e759e4:c3458]
2019-06-15 10:53:08,774 INFO  client.GrpcClientProtocolClient (GrpcClientProtocolClient.java:onNext(254)) - client-09EBABE1B9AF->325d518f-bf0d-428a-814f-266b27e759e4: receive RaftClientReply:client-09EBABE1B9AF->325d518f-bf0d-428a-814f-266b27e759e4@group-9696F0872FC0, cid=2050, SUCCESS, logIndex=3460, commits[325d518f-bf0d-428a-814f-266b27e759e4:c3460]
2019-06-15 10:53:08,780 DEBUG block.SCMBlockDeletingService (SCMBlockDeletingService.java:call(138)) - Running DeletedBlockTransactionScanner
2019-06-15 10:53:08,780 DEBUG block.SCMBlockDeletingService (SCMBlockDeletingService.java:call(155)) - Scanned deleted blocks log and got 0 delTX to process.
2019-06-15 10:53:08,785 INFO  client.GrpcClientProtocolClient (GrpcClientProtocolClient.java:onNext(254)) - client-09EBABE1B9AF->325d518f-bf0d-428a-814f-266b27e759e4: receive RaftClientReply:client-09EBABE1B9AF->325d518f-bf0d-428a-814f-266b27e759e4@group-9696F0872FC0, cid=2051, SUCCESS, logIndex=3462, commits[325d518f-bf0d-428a-814f-266b27e759e4:c3462]
2019-06-15 10:53:08,785 INFO  client.GrpcClientProtocolClient (GrpcClientProtocolClient.java:onNext(254)) - client-09EBABE1B9AF->325d518f-bf0d-428a-814f-266b27e759e4: receive RaftClientReply:client-09EBABE1B9AF->325d518f-bf0d-428a-814f-266b27e759e4@group-9696F0872FC0, cid=2052, SUCCESS, logIndex=3463, commits[325d518f-bf0d-428a-814f-266b27e759e4:c3464]
2019-06-15 10:53:08,792 INFO  client.GrpcClientProtocolClient (GrpcClientProtocolClient.java:onNext(254)) - client-09EBABE1B9AF->325d518f-bf0d-428a-814f-266b27e759e4: receive RaftClientReply:client-09EBABE1B9AF->325d518f-bf0d-428a-814f-266b27e759e4@group-9696F0872FC0, cid=2053, SUCCESS, logIndex=3465, commits[325d518f-bf0d-428a-814f-266b27e759e4:c3465]
2019-06-15 10:53:08,794 INFO  client.GrpcClientProtocolClient (GrpcClientProtocolClient.java:onNext(254)) - client-09EBABE1B9AF->325d518f-bf0d-428a-814f-266b27e759e4: receive RaftClientReply:client-09EBABE1B9AF->325d518f-bf0d-428a-814f-266b27e759e4@group-9696F0872FC0, cid=2054, SUCCESS, logIndex=3467, commits[325d518f-bf0d-428a-814f-266b27e759e4:c3467]
2019-06-15 10:53:08,795 INFO  client.GrpcClientProtocolClient (GrpcClientProtocolClient.java:onNext(254)) - client-09EBABE1B9AF->325d518f-bf0d-428a-814f-266b27e759e4: receive RaftClientReply:client-09EBABE1B9AF->325d518f-bf0d-428a-814f-266b27e759e4@group-9696F0872FC0, cid=2055, SUCCESS, logIndex=3468, commits[325d518f-bf0d-428a-814f-266b27e759e4:c3470]
2019-06-15 10:53:08,795 INFO  client.GrpcClientProtocolClient (GrpcClientProtocolClient.java:onNext(254)) - client-09EBABE1B9AF->325d518f-bf0d-428a-814f-266b27e759e4: receive RaftClientReply:client-09EBABE1B9AF->325d518f-bf0d-428a-814f-266b27e759e4@group-9696F0872FC0, cid=2056, SUCCESS, logIndex=3469, commits[325d518f-bf0d-428a-814f-266b27e759e4:c3470]
2019-06-15 10:53:08,804 INFO  client.GrpcClientProtocolClient (GrpcClientProtocolClient.java:onNext(254)) - client-09EBABE1B9AF->325d518f-bf0d-428a-814f-266b27e759e4: receive RaftClientReply:client-09EBABE1B9AF->325d518f-bf0d-428a-814f-266b27e759e4@group-9696F0872FC0, cid=2057, SUCCESS, logIndex=3471, commits[325d518f-bf0d-428a-814f-266b27e759e4:c3471]
2019-06-15 10:53:08,805 INFO  client.GrpcClientProtocolClient (GrpcClientProtocolClient.java:onNext(254)) - client-09EBABE1B9AF->325d518f-bf0d-428a-814f-266b27e759e4: receive RaftClientReply:client-09EBABE1B9AF->325d518f-bf0d-428a-814f-266b27e759e4@group-9696F0872FC0, cid=2058, SUCCESS, logIndex=3473, commits[325d518f-bf0d-428a-814f-266b27e759e4:c3473]
2019-06-15 10:53:08,806 INFO  client.GrpcClientProtocolClient (GrpcClientProtocolClient.java:onNext(254)) - client-09EBABE1B9AF->325d518f-bf0d-428a-814f-266b27e759e4: receive RaftClientReply:client-09EBABE1B9AF->325d518f-bf0d-428a-814f-266b27e759e4@group-9696F0872FC0, cid=2059, SUCCESS, logIndex=3474, commits[325d518f-bf0d-428a-814f-266b27e759e4:c3476]
2019-06-15 10:53:08,806 INFO  client.GrpcClientProtocolClient (GrpcClientProtocolClient.java:onNext(254)) - client-09EBABE1B9AF->325d518f-bf0d-428a-814f-266b27e759e4: receive RaftClientReply:client-09EBABE1B9AF->325d518f-bf0d-428a-814f-266b27e759e4@group-9696F0872FC0, cid=2060, SUCCESS, logIndex=3475, commits[325d518f-bf0d-428a-814f-266b27e759e4:c3476]
2019-06-15 10:53:08,809 INFO  storage.RaftLogWorker (RaftLogWorker.java:rollLogSegment(303)) - 325d518f-bf0d-428a-814f-266b27e759e4-RaftLogWorker: Rolling segment log-3407_3476 to index:3476
2019-06-15 10:53:08,809 INFO  storage.RaftLogWorker (RaftLogWorker.java:execute(433)) - 325d518f-bf0d-428a-814f-266b27e759e4-RaftLogWorker: Rolled log segment from /opt/src/hadoop-ozone/integration-test/target/test-dir/MiniOzoneClusterImpl-dd99cefe-9779-4043-9d74-181b69d2a827/datanode-0/data/ratis/e0f1d9ef-e225-4b24-a786-9696f0872fc0/current/log_inprogress_3407 to /opt/src/hadoop-ozone/integration-test/target/test-dir/MiniOzoneClusterImpl-dd99cefe-9779-4043-9d74-181b69d2a827/datanode-0/data/ratis/e0f1d9ef-e225-4b24-a786-9696f0872fc0/current/log_3407-3476
2019-06-15 10:53:08,844 INFO  storage.RaftLogWorker (RaftLogWorker.java:execute(469)) - 325d518f-bf0d-428a-814f-266b27e759e4-RaftLogWorker: created new log segment /opt/src/hadoop-ozone/integration-test/target/test-dir/MiniOzoneClusterImpl-dd99cefe-9779-4043-9d74-181b69d2a827/datanode-0/data/ratis/e0f1d9ef-e225-4b24-a786-9696f0872fc0/current/log_inprogress_3477
2019-06-15 10:53:08,846 INFO  client.GrpcClientProtocolClient (GrpcClientProtocolClient.java:onNext(254)) - client-09EBABE1B9AF->325d518f-bf0d-428a-814f-266b27e759e4: receive RaftClientReply:client-09EBABE1B9AF->325d518f-bf0d-428a-814f-266b27e759e4@group-9696F0872FC0, cid=2061, SUCCESS, logIndex=3477, commits[325d518f-bf0d-428a-814f-266b27e759e4:c3477]
2019-06-15 10:53:08,848 INFO  client.GrpcClientProtocolClient (GrpcClientProtocolClient.java:onNext(254)) - client-09EBABE1B9AF->325d518f-bf0d-428a-814f-266b27e759e4: receive RaftClientReply:client-09EBABE1B9AF->325d518f-bf0d-428a-814f-266b27e759e4@group-9696F0872FC0, cid=2062, SUCCESS, logIndex=3479, commits[325d518f-bf0d-428a-814f-266b27e759e4:c3479]
2019-06-15 10:53:08,848 INFO  client.GrpcClientProtocolClient (GrpcClientProtocolClient.java:onNext(254)) - client-09EBABE1B9AF->325d518f-bf0d-428a-814f-266b27e759e4: receive RaftClientReply:client-09EBABE1B9AF->325d518f-bf0d-428a-814f-266b27e759e4@group-9696F0872FC0, cid=2063, SUCCESS, logIndex=3480, commits[325d518f-bf0d-428a-814f-266b27e759e4:c3482]
2019-06-15 10:53:08,849 INFO  client.GrpcClientProtocolClient (GrpcClientProtocolClient.java:onNext(254)) - client-09EBABE1B9AF->325d518f-bf0d-428a-814f-266b27e759e4: receive RaftClientReply:client-09EBABE1B9AF->325d518f-bf0d-428a-814f-266b27e759e4@group-9696F0872FC0, cid=2064, SUCCESS, logIndex=3481, commits[325d518f-bf0d-428a-814f-266b27e759e4:c3482]
2019-06-15 10:53:08,858 INFO  client.GrpcClientProtocolClient (GrpcClientProtocolClient.java:onNext(254)) - client-09EBABE1B9AF->325d518f-bf0d-428a-814f-266b27e759e4: receive RaftClientReply:client-09EBABE1B9AF->325d518f-bf0d-428a-814f-266b27e759e4@group-9696F0872FC0, cid=2065, SUCCESS, logIndex=3483, commits[325d518f-bf0d-428a-814f-266b27e759e4:c3483]
2019-06-15 10:53:08,859 INFO  client.GrpcClientProtocolClient (GrpcClientProtocolClient.java:onNext(254)) - client-09EBABE1B9AF->325d518f-bf0d-428a-814f-266b27e759e4: receive RaftClientReply:client-09EBABE1B9AF->325d518f-bf0d-428a-814f-266b27e759e4@group-9696F0872FC0, cid=2066, SUCCESS, logIndex=3485, commits[325d518f-bf0d-428a-814f-266b27e759e4:c3485]
2019-06-15 10:53:08,860 INFO  client.GrpcClientProtocolClient (GrpcClientProtocolClient.java:onNext(254)) - client-09EBABE1B9AF->325d518f-bf0d-428a-814f-266b27e759e4: receive RaftClientReply:client-09EBABE1B9AF->325d518f-bf0d-428a-814f-266b27e759e4@group-9696F0872FC0, cid=2067, SUCCESS, logIndex=3486, commits[325d518f-bf0d-428a-814f-266b27e759e4:c3488]
2019-06-15 10:53:08,861 INFO  client.GrpcClientProtocolClient (GrpcClientProtocolClient.java:onNext(254)) - client-09EBABE1B9AF->325d518f-bf0d-428a-814f-266b27e759e4: receive RaftClientReply:client-09EBABE1B9AF->325d518f-bf0d-428a-814f-266b27e759e4@group-9696F0872FC0, cid=2068, SUCCESS, logIndex=3487, commits[325d518f-bf0d-428a-814f-266b27e759e4:c3488]
2019-06-15 10:53:08,865 INFO  client.GrpcClientProtocolClient (GrpcClientProtocolClient.java:onNext(254)) - client-09EBABE1B9AF->325d518f-bf0d-428a-814f-266b27e759e4: receive RaftClientReply:client-09EBABE1B9AF->325d518f-bf0d-428a-814f-266b27e759e4@group-9696F0872FC0, cid=2069, SUCCESS, logIndex=3489, commits[325d518f-bf0d-428a-814f-266b27e759e4:c3489]
2019-06-15 10:53:08,866 INFO  client.GrpcClientProtocolClient (GrpcClientProtocolClient.java:onNext(254)) - client-09EBABE1B9AF->325d518f-bf0d-428a-814f-266b27e759e4: receive RaftClientReply:client-09EBABE1B9AF->325d518f-bf0d-428a-814f-266b27e759e4@group-9696F0872FC0, cid=2070, SUCCESS, logIndex=3491, commits[325d518f-bf0d-428a-814f-266b27e759e4:c3491]
2019-06-15 10:53:08,868 INFO  client.GrpcClientProtocolClient (GrpcClientProtocolClient.java:onNext(254)) - client-09EBABE1B9AF->325d518f-bf0d-428a-814f-266b27e759e4: receive RaftClientReply:client-09EBABE1B9AF->325d518f-bf0d-428a-814f-266b27e759e4@group-9696F0872FC0, cid=2071, SUCCESS, logIndex=3492, commits[325d518f-bf0d-428a-814f-266b27e759e4:c3494]
2019-06-15 10:53:08,868 INFO  client.GrpcClientProtocolClient (GrpcClientProtocolClient.java:onNext(254)) - client-09EBABE1B9AF->325d518f-bf0d-428a-814f-266b27e759e4: receive RaftClientReply:client-09EBABE1B9AF->325d518f-bf0d-428a-814f-266b27e759e4@group-9696F0872FC0, cid=2072, SUCCESS, logIndex=3493, commits[325d518f-bf0d-428a-814f-266b27e759e4:c3494]
2019-06-15 10:53:08,879 INFO  client.GrpcClientProtocolClient (GrpcClientProtocolClient.java:onNext(254)) - client-09EBABE1B9AF->325d518f-bf0d-428a-814f-266b27e759e4: receive RaftClientReply:client-09EBABE1B9AF->325d518f-bf0d-428a-814f-266b27e759e4@group-9696F0872FC0, cid=2073, SUCCESS, logIndex=3495, commits[325d518f-bf0d-428a-814f-266b27e759e4:c3495]
2019-06-15 10:53:08,880 INFO  client.GrpcClientProtocolClient (GrpcClientProtocolClient.java:onNext(254)) - client-09EBABE1B9AF->325d518f-bf0d-428a-814f-266b27e759e4: receive RaftClientReply:client-09EBABE1B9AF->325d518f-bf0d-428a-814f-266b27e759e4@group-9696F0872FC0, cid=2074, SUCCESS, logIndex=3497, commits[325d518f-bf0d-428a-814f-266b27e759e4:c3497]
2019-06-15 10:53:08,880 DEBUG block.SCMBlockDeletingService (SCMBlockDeletingService.java:call(138)) - Running DeletedBlockTransactionScanner
2019-06-15 10:53:08,880 DEBUG block.SCMBlockDeletingService (SCMBlockDeletingService.java:call(155)) - Scanned deleted blocks log and got 0 delTX to process.
2019-06-15 10:53:08,881 INFO  client.GrpcClientProtocolClient (GrpcClientProtocolClient.java:onNext(254)) - client-09EBABE1B9AF->325d518f-bf0d-428a-814f-266b27e759e4: receive RaftClientReply:client-09EBABE1B9AF->325d518f-bf0d-428a-814f-266b27e759e4@group-9696F0872FC0, cid=2075, SUCCESS, logIndex=3498, commits[325d518f-bf0d-428a-814f-266b27e759e4:c3500]
2019-06-15 10:53:08,881 INFO  client.GrpcClientProtocolClient (GrpcClientProtocolClient.java:onNext(254)) - client-09EBABE1B9AF->325d518f-bf0d-428a-814f-266b27e759e4: receive RaftClientReply:client-09EBABE1B9AF->325d518f-bf0d-428a-814f-266b27e759e4@group-9696F0872FC0, cid=2076, SUCCESS, logIndex=3499, commits[325d518f-bf0d-428a-814f-266b27e759e4:c3500]
2019-06-15 10:53:08,951 INFO  client.GrpcClientProtocolClient (GrpcClientProtocolClient.java:onNext(254)) - client-09EBABE1B9AF->325d518f-bf0d-428a-814f-266b27e759e4: receive RaftClientReply:client-09EBABE1B9AF->325d518f-bf0d-428a-814f-266b27e759e4@group-9696F0872FC0, cid=2077, SUCCESS, logIndex=3501, commits[325d518f-bf0d-428a-814f-266b27e759e4:c3501]
2019-06-15 10:53:08,952 INFO  client.GrpcClientProtocolClient (GrpcClientProtocolClient.java:onNext(254)) - client-09EBABE1B9AF->325d518f-bf0d-428a-814f-266b27e759e4: receive RaftClientReply:client-09EBABE1B9AF->325d518f-bf0d-428a-814f-266b27e759e4@group-9696F0872FC0, cid=2078, SUCCESS, logIndex=3503, commits[325d518f-bf0d-428a-814f-266b27e759e4:c3503]
2019-06-15 10:53:08,953 INFO  client.GrpcClientProtocolClient (GrpcClientProtocolClient.java:onNext(254)) - client-09EBABE1B9AF->325d518f-bf0d-428a-814f-266b27e759e4: receive RaftClientReply:client-09EBABE1B9AF->325d518f-bf0d-428a-814f-266b27e759e4@group-9696F0872FC0, cid=2079, SUCCESS, logIndex=3504, commits[325d518f-bf0d-428a-814f-266b27e759e4:c3506]
2019-06-15 10:53:08,953 INFO  client.GrpcClientProtocolClient (GrpcClientProtocolClient.java:onNext(254)) - client-09EBABE1B9AF->325d518f-bf0d-428a-814f-266b27e759e4: receive RaftClientReply:client-09EBABE1B9AF->325d518f-bf0d-428a-814f-266b27e759e4@group-9696F0872FC0, cid=2080, SUCCESS, logIndex=3505, commits[325d518f-bf0d-428a-814f-266b27e759e4:c3506]
2019-06-15 10:53:08,963 INFO  client.GrpcClientProtocolClient (GrpcClientProtocolClient.java:onNext(254)) - client-09EBABE1B9AF->325d518f-bf0d-428a-814f-266b27e759e4: receive RaftClientReply:client-09EBABE1B9AF->325d518f-bf0d-428a-814f-266b27e759e4@group-9696F0872FC0, cid=2081, SUCCESS, logIndex=3507, commits[325d518f-bf0d-428a-814f-266b27e759e4:c3507]
2019-06-15 10:53:08,964 INFO  client.GrpcClientProtocolClient (GrpcClientProtocolClient.java:onNext(254)) - client-09EBABE1B9AF->325d518f-bf0d-428a-814f-266b27e759e4: receive RaftClientReply:client-09EBABE1B9AF->325d518f-bf0d-428a-814f-266b27e759e4@group-9696F0872FC0, cid=2082, SUCCESS, logIndex=3509, commits[325d518f-bf0d-428a-814f-266b27e759e4:c3509]
2019-06-15 10:53:08,965 INFO  client.GrpcClientProtocolClient (GrpcClientProtocolClient.java:onNext(254)) - client-09EBABE1B9AF->325d518f-bf0d-428a-814f-266b27e759e4: receive RaftClientReply:client-09EBABE1B9AF->325d518f-bf0d-428a-814f-266b27e759e4@group-9696F0872FC0, cid=2083, SUCCESS, logIndex=3510, commits[325d518f-bf0d-428a-814f-266b27e759e4:c3512]
2019-06-15 10:53:08,966 INFO  client.GrpcClientProtocolClient (GrpcClientProtocolClient.java:onNext(254)) - client-09EBABE1B9AF->325d518f-bf0d-428a-814f-266b27e759e4: receive RaftClientReply:client-09EBABE1B9AF->325d518f-bf0d-428a-814f-266b27e759e4@group-9696F0872FC0, cid=2084, SUCCESS, logIndex=3511, commits[325d518f-bf0d-428a-814f-266b27e759e4:c3512]
2019-06-15 10:53:08,970 INFO  client.GrpcClientProtocolClient (GrpcClientProtocolClient.java:onNext(254)) - client-09EBABE1B9AF->325d518f-bf0d-428a-814f-266b27e759e4: receive RaftClientReply:client-09EBABE1B9AF->325d518f-bf0d-428a-814f-266b27e759e4@group-9696F0872FC0, cid=2085, SUCCESS, logIndex=3513, commits[325d518f-bf0d-428a-814f-266b27e759e4:c3513]
2019-06-15 10:53:08,972 INFO  client.GrpcClientProtocolClient (GrpcClientProtocolClient.java:onNext(254)) - client-09EBABE1B9AF->325d518f-bf0d-428a-814f-266b27e759e4: receive RaftClientReply:client-09EBABE1B9AF->325d518f-bf0d-428a-814f-266b27e759e4@group-9696F0872FC0, cid=2086, SUCCESS, logIndex=3515, commits[325d518f-bf0d-428a-814f-266b27e759e4:c3515]
2019-06-15 10:53:08,973 INFO  client.GrpcClientProtocolClient (GrpcClientProtocolClient.java:onNext(254)) - client-09EBABE1B9AF->325d518f-bf0d-428a-814f-266b27e759e4: receive RaftClientReply:client-09EBABE1B9AF->325d518f-bf0d-428a-814f-266b27e759e4@group-9696F0872FC0, cid=2087, SUCCESS, logIndex=3516, commits[325d518f-bf0d-428a-814f-266b27e759e4:c3518]
2019-06-15 10:53:08,973 INFO  client.GrpcClientProtocolClient (GrpcClientProtocolClient.java:onNext(254)) - client-09EBABE1B9AF->325d518f-bf0d-428a-814f-266b27e759e4: receive RaftClientReply:client-09EBABE1B9AF->325d518f-bf0d-428a-814f-266b27e759e4@group-9696F0872FC0, cid=2088, SUCCESS, logIndex=3517, commits[325d518f-bf0d-428a-814f-266b27e759e4:c3518]
2019-06-15 10:53:08,981 DEBUG block.SCMBlockDeletingService (SCMBlockDeletingService.java:call(138)) - Running DeletedBlockTransactionScanner
2019-06-15 10:53:08,981 DEBUG block.SCMBlockDeletingService (SCMBlockDeletingService.java:call(155)) - Scanned deleted blocks log and got 0 delTX to process.
2019-06-15 10:53:08,983 INFO  client.GrpcClientProtocolClient (GrpcClientProtocolClient.java:onNext(254)) - client-09EBABE1B9AF->325d518f-bf0d-428a-814f-266b27e759e4: receive RaftClientReply:client-09EBABE1B9AF->325d518f-bf0d-428a-814f-266b27e759e4@group-9696F0872FC0, cid=2089, SUCCESS, logIndex=3519, commits[325d518f-bf0d-428a-814f-266b27e759e4:c3519]
2019-06-15 10:53:08,984 INFO  client.GrpcClientProtocolClient (GrpcClientProtocolClient.java:onNext(254)) - client-09EBABE1B9AF->325d518f-bf0d-428a-814f-266b27e759e4: receive RaftClientReply:client-09EBABE1B9AF->325d518f-bf0d-428a-814f-266b27e759e4@group-9696F0872FC0, cid=2090, SUCCESS, logIndex=3521, commits[325d518f-bf0d-428a-814f-266b27e759e4:c3521]
2019-06-15 10:53:08,985 INFO  client.GrpcClientProtocolClient (GrpcClientProtocolClient.java:onNext(254)) - client-09EBABE1B9AF->325d518f-bf0d-428a-814f-266b27e759e4: receive RaftClientReply:client-09EBABE1B9AF->325d518f-bf0d-428a-814f-266b27e759e4@group-9696F0872FC0, cid=2091, SUCCESS, logIndex=3522, commits[325d518f-bf0d-428a-814f-266b27e759e4:c3524]
2019-06-15 10:53:08,986 INFO  client.GrpcClientProtocolClient (GrpcClientProtocolClient.java:onNext(254)) - client-09EBABE1B9AF->325d518f-bf0d-428a-814f-266b27e759e4: receive RaftClientReply:client-09EBABE1B9AF->325d518f-bf0d-428a-814f-266b27e759e4@group-9696F0872FC0, cid=2092, SUCCESS, logIndex=3523, commits[325d518f-bf0d-428a-814f-266b27e759e4:c3524]
2019-06-15 10:53:08,990 INFO  client.GrpcClientProtocolClient (GrpcClientProtocolClient.java:onNext(254)) - client-09EBABE1B9AF->325d518f-bf0d-428a-814f-266b27e759e4: receive RaftClientReply:client-09EBABE1B9AF->325d518f-bf0d-428a-814f-266b27e759e4@group-9696F0872FC0, cid=2093, SUCCESS, logIndex=3525, commits[325d518f-bf0d-428a-814f-266b27e759e4:c3525]
2019-06-15 10:53:08,991 INFO  client.GrpcClientProtocolClient (GrpcClientProtocolClient.java:onNext(254)) - client-09EBABE1B9AF->325d518f-bf0d-428a-814f-266b27e759e4: receive RaftClientReply:client-09EBABE1B9AF->325d518f-bf0d-428a-814f-266b27e759e4@group-9696F0872FC0, cid=2094, SUCCESS, logIndex=3527, commits[325d518f-bf0d-428a-814f-266b27e759e4:c3527]
2019-06-15 10:53:08,993 INFO  client.GrpcClientProtocolClient (GrpcClientProtocolClient.java:onNext(254)) - client-09EBABE1B9AF->325d518f-bf0d-428a-814f-266b27e759e4: receive RaftClientReply:client-09EBABE1B9AF->325d518f-bf0d-428a-814f-266b27e759e4@group-9696F0872FC0, cid=2095, SUCCESS, logIndex=3528, commits[325d518f-bf0d-428a-814f-266b27e759e4:c3530]
2019-06-15 10:53:08,993 INFO  client.GrpcClientProtocolClient (GrpcClientProtocolClient.java:onNext(254)) - client-09EBABE1B9AF->325d518f-bf0d-428a-814f-266b27e759e4: receive RaftClientReply:client-09EBABE1B9AF->325d518f-bf0d-428a-814f-266b27e759e4@group-9696F0872FC0, cid=2096, SUCCESS, logIndex=3529, commits[325d518f-bf0d-428a-814f-266b27e759e4:c3530]
2019-06-15 10:53:09,003 INFO  client.GrpcClientProtocolClient (GrpcClientProtocolClient.java:onNext(254)) - client-09EBABE1B9AF->325d518f-bf0d-428a-814f-266b27e759e4: receive RaftClientReply:client-09EBABE1B9AF->325d518f-bf0d-428a-814f-266b27e759e4@group-9696F0872FC0, cid=2097, SUCCESS, logIndex=3531, commits[325d518f-bf0d-428a-814f-266b27e759e4:c3531]
2019-06-15 10:53:09,005 INFO  client.GrpcClientProtocolClient (GrpcClientProtocolClient.java:onNext(254)) - client-09EBABE1B9AF->325d518f-bf0d-428a-814f-266b27e759e4: receive RaftClientReply:client-09EBABE1B9AF->325d518f-bf0d-428a-814f-266b27e759e4@group-9696F0872FC0, cid=2098, SUCCESS, logIndex=3533, commits[325d518f-bf0d-428a-814f-266b27e759e4:c3533]
2019-06-15 10:53:09,006 INFO  client.GrpcClientProtocolClient (GrpcClientProtocolClient.java:onNext(254)) - client-09EBABE1B9AF->325d518f-bf0d-428a-814f-266b27e759e4: receive RaftClientReply:client-09EBABE1B9AF->325d518f-bf0d-428a-814f-266b27e759e4@group-9696F0872FC0, cid=2099, SUCCESS, logIndex=3534, commits[325d518f-bf0d-428a-814f-266b27e759e4:c3536]
2019-06-15 10:53:09,006 INFO  client.GrpcClientProtocolClient (GrpcClientProtocolClient.java:onNext(254)) - client-09EBABE1B9AF->325d518f-bf0d-428a-814f-266b27e759e4: receive RaftClientReply:client-09EBABE1B9AF->325d518f-bf0d-428a-814f-266b27e759e4@group-9696F0872FC0, cid=2100, SUCCESS, logIndex=3535, commits[325d518f-bf0d-428a-814f-266b27e759e4:c3536]
2019-06-15 10:53:09,012 INFO  client.GrpcClientProtocolClient (GrpcClientProtocolClient.java:onNext(254)) - client-09EBABE1B9AF->325d518f-bf0d-428a-814f-266b27e759e4: receive RaftClientReply:client-09EBABE1B9AF->325d518f-bf0d-428a-814f-266b27e759e4@group-9696F0872FC0, cid=2101, SUCCESS, logIndex=3537, commits[325d518f-bf0d-428a-814f-266b27e759e4:c3537]
2019-06-15 10:53:09,012 INFO  storage.RaftLogWorker (RaftLogWorker.java:rollLogSegment(303)) - 325d518f-bf0d-428a-814f-266b27e759e4-RaftLogWorker: Rolling segment log-3477_3540 to index:3540
2019-06-15 10:53:09,013 INFO  storage.RaftLogWorker (RaftLogWorker.java:execute(433)) - 325d518f-bf0d-428a-814f-266b27e759e4-RaftLogWorker: Rolled log segment from /opt/src/hadoop-ozone/integration-test/target/test-dir/MiniOzoneClusterImpl-dd99cefe-9779-4043-9d74-181b69d2a827/datanode-0/data/ratis/e0f1d9ef-e225-4b24-a786-9696f0872fc0/current/log_inprogress_3477 to /opt/src/hadoop-ozone/integration-test/target/test-dir/MiniOzoneClusterImpl-dd99cefe-9779-4043-9d74-181b69d2a827/datanode-0/data/ratis/e0f1d9ef-e225-4b24-a786-9696f0872fc0/current/log_3477-3540
2019-06-15 10:53:09,015 INFO  client.GrpcClientProtocolClient (GrpcClientProtocolClient.java:onNext(254)) - client-09EBABE1B9AF->325d518f-bf0d-428a-814f-266b27e759e4: receive RaftClientReply:client-09EBABE1B9AF->325d518f-bf0d-428a-814f-266b27e759e4@group-9696F0872FC0, cid=2102, SUCCESS, logIndex=3539, commits[325d518f-bf0d-428a-814f-266b27e759e4:c3540]
2019-06-15 10:53:09,015 INFO  client.GrpcClientProtocolClient (GrpcClientProtocolClient.java:onNext(254)) - client-09EBABE1B9AF->325d518f-bf0d-428a-814f-266b27e759e4: receive RaftClientReply:client-09EBABE1B9AF->325d518f-bf0d-428a-814f-266b27e759e4@group-9696F0872FC0, cid=2103, SUCCESS, logIndex=3540, commits[325d518f-bf0d-428a-814f-266b27e759e4:c3540]
2019-06-15 10:53:09,054 INFO  storage.RaftLogWorker (RaftLogWorker.java:execute(469)) - 325d518f-bf0d-428a-814f-266b27e759e4-RaftLogWorker: created new log segment /opt/src/hadoop-ozone/integration-test/target/test-dir/MiniOzoneClusterImpl-dd99cefe-9779-4043-9d74-181b69d2a827/datanode-0/data/ratis/e0f1d9ef-e225-4b24-a786-9696f0872fc0/current/log_inprogress_3541
2019-06-15 10:53:09,055 INFO  client.GrpcClientProtocolClient (GrpcClientProtocolClient.java:onNext(254)) - client-09EBABE1B9AF->325d518f-bf0d-428a-814f-266b27e759e4: receive RaftClientReply:client-09EBABE1B9AF->325d518f-bf0d-428a-814f-266b27e759e4@group-9696F0872FC0, cid=2104, SUCCESS, logIndex=3541, commits[325d518f-bf0d-428a-814f-266b27e759e4:c3543]
2019-06-15 10:53:09,065 INFO  client.GrpcClientProtocolClient (GrpcClientProtocolClient.java:onNext(254)) - client-09EBABE1B9AF->325d518f-bf0d-428a-814f-266b27e759e4: receive RaftClientReply:client-09EBABE1B9AF->325d518f-bf0d-428a-814f-266b27e759e4@group-9696F0872FC0, cid=2105, SUCCESS, logIndex=3544, commits[325d518f-bf0d-428a-814f-266b27e759e4:c3544]
2019-06-15 10:53:09,066 INFO  client.GrpcClientProtocolClient (GrpcClientProtocolClient.java:onNext(254)) - client-09EBABE1B9AF->325d518f-bf0d-428a-814f-266b27e759e4: receive RaftClientReply:client-09EBABE1B9AF->325d518f-bf0d-428a-814f-266b27e759e4@group-9696F0872FC0, cid=2106, SUCCESS, logIndex=3546, commits[325d518f-bf0d-428a-814f-266b27e759e4:c3546]
2019-06-15 10:53:09,068 INFO  client.GrpcClientProtocolClient (GrpcClientProtocolClient.java:onNext(254)) - client-09EBABE1B9AF->325d518f-bf0d-428a-814f-266b27e759e4: receive RaftClientReply:client-09EBABE1B9AF->325d518f-bf0d-428a-814f-266b27e759e4@group-9696F0872FC0, cid=2107, SUCCESS, logIndex=3547, commits[325d518f-bf0d-428a-814f-266b27e759e4:c3549]
2019-06-15 10:53:09,068 INFO  client.GrpcClientProtocolClient (GrpcClientProtocolClient.java:onNext(254)) - client-09EBABE1B9AF->325d518f-bf0d-428a-814f-266b27e759e4: receive RaftClientReply:client-09EBABE1B9AF->325d518f-bf0d-428a-814f-266b27e759e4@group-9696F0872FC0, cid=2108, SUCCESS, logIndex=3548, commits[325d518f-bf0d-428a-814f-266b27e759e4:c3549]
2019-06-15 10:53:09,073 INFO  client.GrpcClientProtocolClient (GrpcClientProtocolClient.java:onNext(254)) - client-09EBABE1B9AF->325d518f-bf0d-428a-814f-266b27e759e4: receive RaftClientReply:client-09EBABE1B9AF->325d518f-bf0d-428a-814f-266b27e759e4@group-9696F0872FC0, cid=2109, SUCCESS, logIndex=3550, commits[325d518f-bf0d-428a-814f-266b27e759e4:c3550]
2019-06-15 10:53:09,078 INFO  client.GrpcClientProtocolClient (GrpcClientProtocolClient.java:onNext(254)) - client-09EBABE1B9AF->325d518f-bf0d-428a-814f-266b27e759e4: receive RaftClientReply:client-09EBABE1B9AF->325d518f-bf0d-428a-814f-266b27e759e4@group-9696F0872FC0, cid=2110, SUCCESS, logIndex=3552, commits[325d518f-bf0d-428a-814f-266b27e759e4:c3554]
2019-06-15 10:53:09,078 INFO  client.GrpcClientProtocolClient (GrpcClientProtocolClient.java:onNext(254)) - client-09EBABE1B9AF->325d518f-bf0d-428a-814f-266b27e759e4: receive RaftClientReply:client-09EBABE1B9AF->325d518f-bf0d-428a-814f-266b27e759e4@group-9696F0872FC0, cid=2111, SUCCESS, logIndex=3553, commits[325d518f-bf0d-428a-814f-266b27e759e4:c3554]
2019-06-15 10:53:09,078 INFO  client.GrpcClientProtocolClient (GrpcClientProtocolClient.java:onNext(254)) - client-09EBABE1B9AF->325d518f-bf0d-428a-814f-266b27e759e4: receive RaftClientReply:client-09EBABE1B9AF->325d518f-bf0d-428a-814f-266b27e759e4@group-9696F0872FC0, cid=2112, SUCCESS, logIndex=3554, commits[325d518f-bf0d-428a-814f-266b27e759e4:c3555]
2019-06-15 10:53:09,082 DEBUG block.SCMBlockDeletingService (SCMBlockDeletingService.java:call(138)) - Running DeletedBlockTransactionScanner
2019-06-15 10:53:09,082 DEBUG block.SCMBlockDeletingService (SCMBlockDeletingService.java:call(155)) - Scanned deleted blocks log and got 0 delTX to process.
2019-06-15 10:53:09,087 INFO  client.GrpcClientProtocolClient (GrpcClientProtocolClient.java:onNext(254)) - client-09EBABE1B9AF->325d518f-bf0d-428a-814f-266b27e759e4: receive RaftClientReply:client-09EBABE1B9AF->325d518f-bf0d-428a-814f-266b27e759e4@group-9696F0872FC0, cid=2113, SUCCESS, logIndex=3556, commits[325d518f-bf0d-428a-814f-266b27e759e4:c3556]
2019-06-15 10:53:09,088 INFO  client.GrpcClientProtocolClient (GrpcClientProtocolClient.java:onNext(254)) - client-09EBABE1B9AF->325d518f-bf0d-428a-814f-266b27e759e4: receive RaftClientReply:client-09EBABE1B9AF->325d518f-bf0d-428a-814f-266b27e759e4@group-9696F0872FC0, cid=2114, SUCCESS, logIndex=3558, commits[325d518f-bf0d-428a-814f-266b27e759e4:c3558]
2019-06-15 10:53:09,089 INFO  client.GrpcClientProtocolClient (GrpcClientProtocolClient.java:onNext(254)) - client-09EBABE1B9AF->325d518f-bf0d-428a-814f-266b27e759e4: receive RaftClientReply:client-09EBABE1B9AF->325d518f-bf0d-428a-814f-266b27e759e4@group-9696F0872FC0, cid=2115, SUCCESS, logIndex=3559, commits[325d518f-bf0d-428a-814f-266b27e759e4:c3561]
2019-06-15 10:53:09,089 INFO  client.GrpcClientProtocolClient (GrpcClientProtocolClient.java:onNext(254)) - client-09EBABE1B9AF->325d518f-bf0d-428a-814f-266b27e759e4: receive RaftClientReply:client-09EBABE1B9AF->325d518f-bf0d-428a-814f-266b27e759e4@group-9696F0872FC0, cid=2116, SUCCESS, logIndex=3560, commits[325d518f-bf0d-428a-814f-266b27e759e4:c3561]
2019-06-15 10:53:09,094 INFO  client.GrpcClientProtocolClient (GrpcClientProtocolClient.java:onNext(254)) - client-09EBABE1B9AF->325d518f-bf0d-428a-814f-266b27e759e4: receive RaftClientReply:client-09EBABE1B9AF->325d518f-bf0d-428a-814f-266b27e759e4@group-9696F0872FC0, cid=2117, SUCCESS, logIndex=3562, commits[325d518f-bf0d-428a-814f-266b27e759e4:c3562]
2019-06-15 10:53:09,095 INFO  client.GrpcClientProtocolClient (GrpcClientProtocolClient.java:onNext(254)) - client-09EBABE1B9AF->325d518f-bf0d-428a-814f-266b27e759e4: receive RaftClientReply:client-09EBABE1B9AF->325d518f-bf0d-428a-814f-266b27e759e4@group-9696F0872FC0, cid=2118, SUCCESS, logIndex=3564, commits[325d518f-bf0d-428a-814f-266b27e759e4:c3564]
2019-06-15 10:53:09,096 INFO  client.GrpcClientProtocolClient (GrpcClientProtocolClient.java:onNext(254)) - client-09EBABE1B9AF->325d518f-bf0d-428a-814f-266b27e759e4: receive RaftClientReply:client-09EBABE1B9AF->325d518f-bf0d-428a-814f-266b27e759e4@group-9696F0872FC0, cid=2119, SUCCESS, logIndex=3565, commits[325d518f-bf0d-428a-814f-266b27e759e4:c3567]
2019-06-15 10:53:09,096 INFO  client.GrpcClientProtocolClient (GrpcClientProtocolClient.java:onNext(254)) - client-09EBABE1B9AF->325d518f-bf0d-428a-814f-266b27e759e4: receive RaftClientReply:client-09EBABE1B9AF->325d518f-bf0d-428a-814f-266b27e759e4@group-9696F0872FC0, cid=2120, SUCCESS, logIndex=3566, commits[325d518f-bf0d-428a-814f-266b27e759e4:c3567]
2019-06-15 10:53:09,421 DEBUG block.SCMBlockDeletingService (SCMBlockDeletingService.java:call(138)) - Running DeletedBlockTransactionScanner
2019-06-15 10:53:09,421 DEBUG block.SCMBlockDeletingService (SCMBlockDeletingService.java:call(155)) - Scanned deleted blocks log and got 0 delTX to process.
2019-06-15 10:53:09,431 INFO  client.GrpcClientProtocolClient (GrpcClientProtocolClient.java:onNext(254)) - client-09EBABE1B9AF->325d518f-bf0d-428a-814f-266b27e759e4: receive RaftClientReply:client-09EBABE1B9AF->325d518f-bf0d-428a-814f-266b27e759e4@group-9696F0872FC0, cid=2121, SUCCESS, logIndex=3568, commits[325d518f-bf0d-428a-814f-266b27e759e4:c3568]
2019-06-15 10:53:09,432 INFO  client.GrpcClientProtocolClient (GrpcClientProtocolClient.java:onNext(254)) - client-09EBABE1B9AF->325d518f-bf0d-428a-814f-266b27e759e4: receive RaftClientReply:client-09EBABE1B9AF->325d518f-bf0d-428a-814f-266b27e759e4@group-9696F0872FC0, cid=2122, SUCCESS, logIndex=3570, commits[325d518f-bf0d-428a-814f-266b27e759e4:c3570]
2019-06-15 10:53:09,433 INFO  client.GrpcClientProtocolClient (GrpcClientProtocolClient.java:onNext(254)) - client-09EBABE1B9AF->325d518f-bf0d-428a-814f-266b27e759e4: receive RaftClientReply:client-09EBABE1B9AF->325d518f-bf0d-428a-814f-266b27e759e4@group-9696F0872FC0, cid=2123, SUCCESS, logIndex=3571, commits[325d518f-bf0d-428a-814f-266b27e759e4:c3573]
2019-06-15 10:53:09,433 INFO  client.GrpcClientProtocolClient (GrpcClientProtocolClient.java:onNext(254)) - client-09EBABE1B9AF->325d518f-bf0d-428a-814f-266b27e759e4: receive RaftClientReply:client-09EBABE1B9AF->325d518f-bf0d-428a-814f-266b27e759e4@group-9696F0872FC0, cid=2124, SUCCESS, logIndex=3572, commits[325d518f-bf0d-428a-814f-266b27e759e4:c3573]
2019-06-15 10:53:09,438 INFO  client.GrpcClientProtocolClient (GrpcClientProtocolClient.java:onNext(254)) - client-09EBABE1B9AF->325d518f-bf0d-428a-814f-266b27e759e4: receive RaftClientReply:client-09EBABE1B9AF->325d518f-bf0d-428a-814f-266b27e759e4@group-9696F0872FC0, cid=2125, SUCCESS, logIndex=3574, commits[325d518f-bf0d-428a-814f-266b27e759e4:c3574]
2019-06-15 10:53:09,439 INFO  client.GrpcClientProtocolClient (GrpcClientProtocolClient.java:onNext(254)) - client-09EBABE1B9AF->325d518f-bf0d-428a-814f-266b27e759e4: receive RaftClientReply:client-09EBABE1B9AF->325d518f-bf0d-428a-814f-266b27e759e4@group-9696F0872FC0, cid=2126, SUCCESS, logIndex=3576, commits[325d518f-bf0d-428a-814f-266b27e759e4:c3576]
2019-06-15 10:53:09,440 INFO  client.GrpcClientProtocolClient (GrpcClientProtocolClient.java:onNext(254)) - client-09EBABE1B9AF->325d518f-bf0d-428a-814f-266b27e759e4: receive RaftClientReply:client-09EBABE1B9AF->325d518f-bf0d-428a-814f-266b27e759e4@group-9696F0872FC0, cid=2127, SUCCESS, logIndex=3577, commits[325d518f-bf0d-428a-814f-266b27e759e4:c3579]
2019-06-15 10:53:09,441 INFO  client.GrpcClientProtocolClient (GrpcClientProtocolClient.java:onNext(254)) - client-09EBABE1B9AF->325d518f-bf0d-428a-814f-266b27e759e4: receive RaftClientReply:client-09EBABE1B9AF->325d518f-bf0d-428a-814f-266b27e759e4@group-9696F0872FC0, cid=2128, SUCCESS, logIndex=3578, commits[325d518f-bf0d-428a-814f-266b27e759e4:c3579]
2019-06-15 10:53:09,449 INFO  client.GrpcClientProtocolClient (GrpcClientProtocolClient.java:onNext(254)) - client-09EBABE1B9AF->325d518f-bf0d-428a-814f-266b27e759e4: receive RaftClientReply:client-09EBABE1B9AF->325d518f-bf0d-428a-814f-266b27e759e4@group-9696F0872FC0, cid=2129, SUCCESS, logIndex=3580, commits[325d518f-bf0d-428a-814f-266b27e759e4:c3580]
2019-06-15 10:53:09,450 INFO  client.GrpcClientProtocolClient (GrpcClientProtocolClient.java:onNext(254)) - client-09EBABE1B9AF->325d518f-bf0d-428a-814f-266b27e759e4: receive RaftClientReply:client-09EBABE1B9AF->325d518f-bf0d-428a-814f-266b27e759e4@group-9696F0872FC0, cid=2130, SUCCESS, logIndex=3582, commits[325d518f-bf0d-428a-814f-266b27e759e4:c3582]
2019-06-15 10:53:09,452 INFO  client.GrpcClientProtocolClient (GrpcClientProtocolClient.java:onNext(254)) - client-09EBABE1B9AF->325d518f-bf0d-428a-814f-266b27e759e4: receive RaftClientReply:client-09EBABE1B9AF->325d518f-bf0d-428a-814f-266b27e759e4@group-9696F0872FC0, cid=2131, SUCCESS, logIndex=3583, commits[325d518f-bf0d-428a-814f-266b27e759e4:c3585]
2019-06-15 10:53:09,452 INFO  client.GrpcClientProtocolClient (GrpcClientProtocolClient.java:onNext(254)) - client-09EBABE1B9AF->325d518f-bf0d-428a-814f-266b27e759e4: receive RaftClientReply:client-09EBABE1B9AF->325d518f-bf0d-428a-814f-266b27e759e4@group-9696F0872FC0, cid=2132, SUCCESS, logIndex=3584, commits[325d518f-bf0d-428a-814f-266b27e759e4:c3585]
2019-06-15 10:53:09,457 INFO  client.GrpcClientProtocolClient (GrpcClientProtocolClient.java:onNext(254)) - client-09EBABE1B9AF->325d518f-bf0d-428a-814f-266b27e759e4: receive RaftClientReply:client-09EBABE1B9AF->325d518f-bf0d-428a-814f-266b27e759e4@group-9696F0872FC0, cid=2133, SUCCESS, logIndex=3586, commits[325d518f-bf0d-428a-814f-266b27e759e4:c3586]
2019-06-15 10:53:09,458 INFO  client.GrpcClientProtocolClient (GrpcClientProtocolClient.java:onNext(254)) - client-09EBABE1B9AF->325d518f-bf0d-428a-814f-266b27e759e4: receive RaftClientReply:client-09EBABE1B9AF->325d518f-bf0d-428a-814f-266b27e759e4@group-9696F0872FC0, cid=2134, SUCCESS, logIndex=3588, commits[325d518f-bf0d-428a-814f-266b27e759e4:c3588]
2019-06-15 10:53:09,459 INFO  client.GrpcClientProtocolClient (GrpcClientProtocolClient.java:onNext(254)) - client-09EBABE1B9AF->325d518f-bf0d-428a-814f-266b27e759e4: receive RaftClientReply:client-09EBABE1B9AF->325d518f-bf0d-428a-814f-266b27e759e4@group-9696F0872FC0, cid=2135, SUCCESS, logIndex=3589, commits[325d518f-bf0d-428a-814f-266b27e759e4:c3591]
2019-06-15 10:53:09,459 INFO  client.GrpcClientProtocolClient (GrpcClientProtocolClient.java:onNext(254)) - client-09EBABE1B9AF->325d518f-bf0d-428a-814f-266b27e759e4: receive RaftClientReply:client-09EBABE1B9AF->325d518f-bf0d-428a-814f-266b27e759e4@group-9696F0872FC0, cid=2136, SUCCESS, logIndex=3590, commits[325d518f-bf0d-428a-814f-266b27e759e4:c3591]
2019-06-15 10:53:09,468 INFO  client.GrpcClientProtocolClient (GrpcClientProtocolClient.java:onNext(254)) - client-09EBABE1B9AF->325d518f-bf0d-428a-814f-266b27e759e4: receive RaftClientReply:client-09EBABE1B9AF->325d518f-bf0d-428a-814f-266b27e759e4@group-9696F0872FC0, cid=2137, SUCCESS, logIndex=3592, commits[325d518f-bf0d-428a-814f-266b27e759e4:c3592]
2019-06-15 10:53:09,469 INFO  client.GrpcClientProtocolClient (GrpcClientProtocolClient.java:onNext(254)) - client-09EBABE1B9AF->325d518f-bf0d-428a-814f-266b27e759e4: receive RaftClientReply:client-09EBABE1B9AF->325d518f-bf0d-428a-814f-266b27e759e4@group-9696F0872FC0, cid=2138, SUCCESS, logIndex=3594, commits[325d518f-bf0d-428a-814f-266b27e759e4:c3594]
2019-06-15 10:53:09,470 INFO  client.GrpcClientProtocolClient (GrpcClientProtocolClient.java:onNext(254)) - client-09EBABE1B9AF->325d518f-bf0d-428a-814f-266b27e759e4: receive RaftClientReply:client-09EBABE1B9AF->325d518f-bf0d-428a-814f-266b27e759e4@group-9696F0872FC0, cid=2139, SUCCESS, logIndex=3595, commits[325d518f-bf0d-428a-814f-266b27e759e4:c3597]
2019-06-15 10:53:09,470 INFO  client.GrpcClientProtocolClient (GrpcClientProtocolClient.java:onNext(254)) - client-09EBABE1B9AF->325d518f-bf0d-428a-814f-266b27e759e4: receive RaftClientReply:client-09EBABE1B9AF->325d518f-bf0d-428a-814f-266b27e759e4@group-9696F0872FC0, cid=2140, SUCCESS, logIndex=3596, commits[325d518f-bf0d-428a-814f-266b27e759e4:c3597]
2019-06-15 10:53:09,475 INFO  client.GrpcClientProtocolClient (GrpcClientProtocolClient.java:onNext(254)) - client-09EBABE1B9AF->325d518f-bf0d-428a-814f-266b27e759e4: receive RaftClientReply:client-09EBABE1B9AF->325d518f-bf0d-428a-814f-266b27e759e4@group-9696F0872FC0, cid=2141, SUCCESS, logIndex=3598, commits[325d518f-bf0d-428a-814f-266b27e759e4:c3598]
2019-06-15 10:53:09,476 INFO  client.GrpcClientProtocolClient (GrpcClientProtocolClient.java:onNext(254)) - client-09EBABE1B9AF->325d518f-bf0d-428a-814f-266b27e759e4: receive RaftClientReply:client-09EBABE1B9AF->325d518f-bf0d-428a-814f-266b27e759e4@group-9696F0872FC0, cid=2142, SUCCESS, logIndex=3600, commits[325d518f-bf0d-428a-814f-266b27e759e4:c3600]
2019-06-15 10:53:09,477 INFO  client.GrpcClientProtocolClient (GrpcClientProtocolClient.java:onNext(254)) - client-09EBABE1B9AF->325d518f-bf0d-428a-814f-266b27e759e4: receive RaftClientReply:client-09EBABE1B9AF->325d518f-bf0d-428a-814f-266b27e759e4@group-9696F0872FC0, cid=2143, SUCCESS, logIndex=3601, commits[325d518f-bf0d-428a-814f-266b27e759e4:c3603]
2019-06-15 10:53:09,477 INFO  client.GrpcClientProtocolClient (GrpcClientProtocolClient.java:onNext(254)) - client-09EBABE1B9AF->325d518f-bf0d-428a-814f-266b27e759e4: receive RaftClientReply:client-09EBABE1B9AF->325d518f-bf0d-428a-814f-266b27e759e4@group-9696F0872FC0, cid=2144, SUCCESS, logIndex=3602, commits[325d518f-bf0d-428a-814f-266b27e759e4:c3603]
2019-06-15 10:53:09,486 INFO  client.GrpcClientProtocolClient (GrpcClientProtocolClient.java:onNext(254)) - client-09EBABE1B9AF->325d518f-bf0d-428a-814f-266b27e759e4: receive RaftClientReply:client-09EBABE1B9AF->325d518f-bf0d-428a-814f-266b27e759e4@group-9696F0872FC0, cid=2145, SUCCESS, logIndex=3604, commits[325d518f-bf0d-428a-814f-266b27e759e4:c3604]
2019-06-15 10:53:09,486 INFO  storage.RaftLogWorker (RaftLogWorker.java:rollLogSegment(303)) - 325d518f-bf0d-428a-814f-266b27e759e4-RaftLogWorker: Rolling segment log-3541_3606 to index:3606
2019-06-15 10:53:09,487 INFO  storage.RaftLogWorker (RaftLogWorker.java:execute(433)) - 325d518f-bf0d-428a-814f-266b27e759e4-RaftLogWorker: Rolled log segment from /opt/src/hadoop-ozone/integration-test/target/test-dir/MiniOzoneClusterImpl-dd99cefe-9779-4043-9d74-181b69d2a827/datanode-0/data/ratis/e0f1d9ef-e225-4b24-a786-9696f0872fc0/current/log_inprogress_3541 to /opt/src/hadoop-ozone/integration-test/target/test-dir/MiniOzoneClusterImpl-dd99cefe-9779-4043-9d74-181b69d2a827/datanode-0/data/ratis/e0f1d9ef-e225-4b24-a786-9696f0872fc0/current/log_3541-3606
2019-06-15 10:53:09,487 INFO  client.GrpcClientProtocolClient (GrpcClientProtocolClient.java:onNext(254)) - client-09EBABE1B9AF->325d518f-bf0d-428a-814f-266b27e759e4: receive RaftClientReply:client-09EBABE1B9AF->325d518f-bf0d-428a-814f-266b27e759e4@group-9696F0872FC0, cid=2146, SUCCESS, logIndex=3606, commits[325d518f-bf0d-428a-814f-266b27e759e4:c3606]
2019-06-15 10:53:09,522 DEBUG block.SCMBlockDeletingService (SCMBlockDeletingService.java:call(138)) - Running DeletedBlockTransactionScanner
2019-06-15 10:53:09,522 DEBUG block.SCMBlockDeletingService (SCMBlockDeletingService.java:call(155)) - Scanned deleted blocks log and got 0 delTX to process.
2019-06-15 10:53:09,525 INFO  storage.RaftLogWorker (RaftLogWorker.java:execute(469)) - 325d518f-bf0d-428a-814f-266b27e759e4-RaftLogWorker: created new log segment /opt/src/hadoop-ozone/integration-test/target/test-dir/MiniOzoneClusterImpl-dd99cefe-9779-4043-9d74-181b69d2a827/datanode-0/data/ratis/e0f1d9ef-e225-4b24-a786-9696f0872fc0/current/log_inprogress_3607
2019-06-15 10:53:09,527 INFO  client.GrpcClientProtocolClient (GrpcClientProtocolClient.java:onNext(254)) - client-09EBABE1B9AF->325d518f-bf0d-428a-814f-266b27e759e4: receive RaftClientReply:client-09EBABE1B9AF->325d518f-bf0d-428a-814f-266b27e759e4@group-9696F0872FC0, cid=2147, SUCCESS, logIndex=3607, commits[325d518f-bf0d-428a-814f-266b27e759e4:c3609]
2019-06-15 10:53:09,527 INFO  client.GrpcClientProtocolClient (GrpcClientProtocolClient.java:onNext(254)) - client-09EBABE1B9AF->325d518f-bf0d-428a-814f-266b27e759e4: receive RaftClientReply:client-09EBABE1B9AF->325d518f-bf0d-428a-814f-266b27e759e4@group-9696F0872FC0, cid=2148, SUCCESS, logIndex=3608, commits[325d518f-bf0d-428a-814f-266b27e759e4:c3609]
2019-06-15 10:53:09,532 INFO  client.GrpcClientProtocolClient (GrpcClientProtocolClient.java:onNext(254)) - client-09EBABE1B9AF->325d518f-bf0d-428a-814f-266b27e759e4: receive RaftClientReply:client-09EBABE1B9AF->325d518f-bf0d-428a-814f-266b27e759e4@group-9696F0872FC0, cid=2149, SUCCESS, logIndex=3610, commits[325d518f-bf0d-428a-814f-266b27e759e4:c3610]
2019-06-15 10:53:09,533 INFO  client.GrpcClientProtocolClient (GrpcClientProtocolClient.java:onNext(254)) - client-09EBABE1B9AF->325d518f-bf0d-428a-814f-266b27e759e4: receive RaftClientReply:client-09EBABE1B9AF->325d518f-bf0d-428a-814f-266b27e759e4@group-9696F0872FC0, cid=2150, SUCCESS, logIndex=3612, commits[325d518f-bf0d-428a-814f-266b27e759e4:c3612]
2019-06-15 10:53:09,535 INFO  client.GrpcClientProtocolClient (GrpcClientProtocolClient.java:onNext(254)) - client-09EBABE1B9AF->325d518f-bf0d-428a-814f-266b27e759e4: receive RaftClientReply:client-09EBABE1B9AF->325d518f-bf0d-428a-814f-266b27e759e4@group-9696F0872FC0, cid=2151, SUCCESS, logIndex=3613, commits[325d518f-bf0d-428a-814f-266b27e759e4:c3615]
2019-06-15 10:53:09,535 INFO  client.GrpcClientProtocolClient (GrpcClientProtocolClient.java:onNext(254)) - client-09EBABE1B9AF->325d518f-bf0d-428a-814f-266b27e759e4: receive RaftClientReply:client-09EBABE1B9AF->325d518f-bf0d-428a-814f-266b27e759e4@group-9696F0872FC0, cid=2152, SUCCESS, logIndex=3614, commits[325d518f-bf0d-428a-814f-266b27e759e4:c3615]
2019-06-15 10:53:09,544 INFO  client.GrpcClientProtocolClient (GrpcClientProtocolClient.java:onNext(254)) - client-09EBABE1B9AF->325d518f-bf0d-428a-814f-266b27e759e4: receive RaftClientReply:client-09EBABE1B9AF->325d518f-bf0d-428a-814f-266b27e759e4@group-9696F0872FC0, cid=2153, SUCCESS, logIndex=3616, commits[325d518f-bf0d-428a-814f-266b27e759e4:c3616]
2019-06-15 10:53:09,545 INFO  client.GrpcClientProtocolClient (GrpcClientProtocolClient.java:onNext(254)) - client-09EBABE1B9AF->325d518f-bf0d-428a-814f-266b27e759e4: receive RaftClientReply:client-09EBABE1B9AF->325d518f-bf0d-428a-814f-266b27e759e4@group-9696F0872FC0, cid=2154, SUCCESS, logIndex=3618, commits[325d518f-bf0d-428a-814f-266b27e759e4:c3618]
2019-06-15 10:53:09,546 INFO  client.GrpcClientProtocolClient (GrpcClientProtocolClient.java:onNext(254)) - client-09EBABE1B9AF->325d518f-bf0d-428a-814f-266b27e759e4: receive RaftClientReply:client-09EBABE1B9AF->325d518f-bf0d-428a-814f-266b27e759e4@group-9696F0872FC0, cid=2155, SUCCESS, logIndex=3619, commits[325d518f-bf0d-428a-814f-266b27e759e4:c3621]
2019-06-15 10:53:09,546 INFO  client.GrpcClientProtocolClient (GrpcClientProtocolClient.java:onNext(254)) - client-09EBABE1B9AF->325d518f-bf0d-428a-814f-266b27e759e4: receive RaftClientReply:client-09EBABE1B9AF->325d518f-bf0d-428a-814f-266b27e759e4@group-9696F0872FC0, cid=2156, SUCCESS, logIndex=3620, commits[325d518f-bf0d-428a-814f-266b27e759e4:c3621]
2019-06-15 10:53:09,551 INFO  client.GrpcClientProtocolClient (GrpcClientProtocolClient.java:onNext(254)) - client-09EBABE1B9AF->325d518f-bf0d-428a-814f-266b27e759e4: receive RaftClientReply:client-09EBABE1B9AF->325d518f-bf0d-428a-814f-266b27e759e4@group-9696F0872FC0, cid=2157, SUCCESS, logIndex=3622, commits[325d518f-bf0d-428a-814f-266b27e759e4:c3622]
2019-06-15 10:53:09,553 INFO  client.GrpcClientProtocolClient (GrpcClientProtocolClient.java:onNext(254)) - client-09EBABE1B9AF->325d518f-bf0d-428a-814f-266b27e759e4: receive RaftClientReply:client-09EBABE1B9AF->325d518f-bf0d-428a-814f-266b27e759e4@group-9696F0872FC0, cid=2158, SUCCESS, logIndex=3624, commits[325d518f-bf0d-428a-814f-266b27e759e4:c3624]
2019-06-15 10:53:09,553 INFO  client.GrpcClientProtocolClient (GrpcClientProtocolClient.java:onNext(254)) - client-09EBABE1B9AF->325d518f-bf0d-428a-814f-266b27e759e4: receive RaftClientReply:client-09EBABE1B9AF->325d518f-bf0d-428a-814f-266b27e759e4@group-9696F0872FC0, cid=2159, SUCCESS, logIndex=3625, commits[325d518f-bf0d-428a-814f-266b27e759e4:c3627]
2019-06-15 10:53:09,555 INFO  client.GrpcClientProtocolClient (GrpcClientProtocolClient.java:onNext(254)) - client-09EBABE1B9AF->325d518f-bf0d-428a-814f-266b27e759e4: receive RaftClientReply:client-09EBABE1B9AF->325d518f-bf0d-428a-814f-266b27e759e4@group-9696F0872FC0, cid=2160, SUCCESS, logIndex=3626, commits[325d518f-bf0d-428a-814f-266b27e759e4:c3627]
2019-06-15 10:53:09,565 INFO  client.GrpcClientProtocolClient (GrpcClientProtocolClient.java:onNext(254)) - client-09EBABE1B9AF->325d518f-bf0d-428a-814f-266b27e759e4: receive RaftClientReply:client-09EBABE1B9AF->325d518f-bf0d-428a-814f-266b27e759e4@group-9696F0872FC0, cid=2161, SUCCESS, logIndex=3628, commits[325d518f-bf0d-428a-814f-266b27e759e4:c3628]
2019-06-15 10:53:09,566 INFO  client.GrpcClientProtocolClient (GrpcClientProtocolClient.java:onNext(254)) - client-09EBABE1B9AF->325d518f-bf0d-428a-814f-266b27e759e4: receive RaftClientReply:client-09EBABE1B9AF->325d518f-bf0d-428a-814f-266b27e759e4@group-9696F0872FC0, cid=2162, SUCCESS, logIndex=3630, commits[325d518f-bf0d-428a-814f-266b27e759e4:c3630]
2019-06-15 10:53:09,568 INFO  client.GrpcClientProtocolClient (GrpcClientProtocolClient.java:onNext(254)) - client-09EBABE1B9AF->325d518f-bf0d-428a-814f-266b27e759e4: receive RaftClientReply:client-09EBABE1B9AF->325d518f-bf0d-428a-814f-266b27e759e4@group-9696F0872FC0, cid=2163, SUCCESS, logIndex=3631, commits[325d518f-bf0d-428a-814f-266b27e759e4:c3633]
2019-06-15 10:53:09,568 INFO  client.GrpcClientProtocolClient (GrpcClientProtocolClient.java:onNext(254)) - client-09EBABE1B9AF->325d518f-bf0d-428a-814f-266b27e759e4: receive RaftClientReply:client-09EBABE1B9AF->325d518f-bf0d-428a-814f-266b27e759e4@group-9696F0872FC0, cid=2164, SUCCESS, logIndex=3632, commits[325d518f-bf0d-428a-814f-266b27e759e4:c3633]
2019-06-15 10:53:09,573 INFO  client.GrpcClientProtocolClient (GrpcClientProtocolClient.java:onNext(254)) - client-09EBABE1B9AF->325d518f-bf0d-428a-814f-266b27e759e4: receive RaftClientReply:client-09EBABE1B9AF->325d518f-bf0d-428a-814f-266b27e759e4@group-9696F0872FC0, cid=2165, SUCCESS, logIndex=3634, commits[325d518f-bf0d-428a-814f-266b27e759e4:c3634]
2019-06-15 10:53:09,574 INFO  client.GrpcClientProtocolClient (GrpcClientProtocolClient.java:onNext(254)) - client-09EBABE1B9AF->325d518f-bf0d-428a-814f-266b27e759e4: receive RaftClientReply:client-09EBABE1B9AF->325d518f-bf0d-428a-814f-266b27e759e4@group-9696F0872FC0, cid=2166, SUCCESS, logIndex=3636, commits[325d518f-bf0d-428a-814f-266b27e759e4:c3636]
2019-06-15 10:53:09,623 DEBUG block.SCMBlockDeletingService (SCMBlockDeletingService.java:call(138)) - Running DeletedBlockTransactionScanner
2019-06-15 10:53:09,623 DEBUG block.SCMBlockDeletingService (SCMBlockDeletingService.java:call(155)) - Scanned deleted blocks log and got 0 delTX to process.
2019-06-15 10:53:09,641 INFO  client.GrpcClientProtocolClient (GrpcClientProtocolClient.java:onNext(254)) - client-09EBABE1B9AF->325d518f-bf0d-428a-814f-266b27e759e4: receive RaftClientReply:client-09EBABE1B9AF->325d518f-bf0d-428a-814f-266b27e759e4@group-9696F0872FC0, cid=2167, SUCCESS, logIndex=3638, commits[325d518f-bf0d-428a-814f-266b27e759e4:c3638]
2019-06-15 10:53:09,642 INFO  client.GrpcClientProtocolClient (GrpcClientProtocolClient.java:onNext(254)) - client-09EBABE1B9AF->325d518f-bf0d-428a-814f-266b27e759e4: receive RaftClientReply:client-09EBABE1B9AF->325d518f-bf0d-428a-814f-266b27e759e4@group-9696F0872FC0, cid=2168, SUCCESS, logIndex=3640, commits[325d518f-bf0d-428a-814f-266b27e759e4:c3640]
2019-06-15 10:53:09,651 INFO  client.GrpcClientProtocolClient (GrpcClientProtocolClient.java:onNext(254)) - client-09EBABE1B9AF->325d518f-bf0d-428a-814f-266b27e759e4: receive RaftClientReply:client-09EBABE1B9AF->325d518f-bf0d-428a-814f-266b27e759e4@group-9696F0872FC0, cid=2169, SUCCESS, logIndex=3642, commits[325d518f-bf0d-428a-814f-266b27e759e4:c3642]
2019-06-15 10:53:09,652 INFO  client.GrpcClientProtocolClient (GrpcClientProtocolClient.java:onNext(254)) - client-09EBABE1B9AF->325d518f-bf0d-428a-814f-266b27e759e4: receive RaftClientReply:client-09EBABE1B9AF->325d518f-bf0d-428a-814f-266b27e759e4@group-9696F0872FC0, cid=2170, SUCCESS, logIndex=3644, commits[325d518f-bf0d-428a-814f-266b27e759e4:c3644]
2019-06-15 10:53:09,653 INFO  client.GrpcClientProtocolClient (GrpcClientProtocolClient.java:onNext(254)) - client-09EBABE1B9AF->325d518f-bf0d-428a-814f-266b27e759e4: receive RaftClientReply:client-09EBABE1B9AF->325d518f-bf0d-428a-814f-266b27e759e4@group-9696F0872FC0, cid=2171, SUCCESS, logIndex=3645, commits[325d518f-bf0d-428a-814f-266b27e759e4:c3647]
2019-06-15 10:53:09,653 INFO  client.GrpcClientProtocolClient (GrpcClientProtocolClient.java:onNext(254)) - client-09EBABE1B9AF->325d518f-bf0d-428a-814f-266b27e759e4: receive RaftClientReply:client-09EBABE1B9AF->325d518f-bf0d-428a-814f-266b27e759e4@group-9696F0872FC0, cid=2172, SUCCESS, logIndex=3646, commits[325d518f-bf0d-428a-814f-266b27e759e4:c3647]
2019-06-15 10:53:09,658 INFO  client.GrpcClientProtocolClient (GrpcClientProtocolClient.java:onNext(254)) - client-09EBABE1B9AF->325d518f-bf0d-428a-814f-266b27e759e4: receive RaftClientReply:client-09EBABE1B9AF->325d518f-bf0d-428a-814f-266b27e759e4@group-9696F0872FC0, cid=2173, SUCCESS, logIndex=3648, commits[325d518f-bf0d-428a-814f-266b27e759e4:c3648]
2019-06-15 10:53:09,659 INFO  client.GrpcClientProtocolClient (GrpcClientProtocolClient.java:onNext(254)) - client-09EBABE1B9AF->325d518f-bf0d-428a-814f-266b27e759e4: receive RaftClientReply:client-09EBABE1B9AF->325d518f-bf0d-428a-814f-266b27e759e4@group-9696F0872FC0, cid=2174, SUCCESS, logIndex=3650, commits[325d518f-bf0d-428a-814f-266b27e759e4:c3650]
2019-06-15 10:53:09,661 INFO  client.GrpcClientProtocolClient (GrpcClientProtocolClient.java:onNext(254)) - client-09EBABE1B9AF->325d518f-bf0d-428a-814f-266b27e759e4: receive RaftClientReply:client-09EBABE1B9AF->325d518f-bf0d-428a-814f-266b27e759e4@group-9696F0872FC0, cid=2175, SUCCESS, logIndex=3651, commits[325d518f-bf0d-428a-814f-266b27e759e4:c3653]
2019-06-15 10:53:09,661 INFO  client.GrpcClientProtocolClient (GrpcClientProtocolClient.java:onNext(254)) - client-09EBABE1B9AF->325d518f-bf0d-428a-814f-266b27e759e4: receive RaftClientReply:client-09EBABE1B9AF->325d518f-bf0d-428a-814f-266b27e759e4@group-9696F0872FC0, cid=2176, SUCCESS, logIndex=3652, commits[325d518f-bf0d-428a-814f-266b27e759e4:c3653]
2019-06-15 10:53:09,670 INFO  client.GrpcClientProtocolClient (GrpcClientProtocolClient.java:onNext(254)) - client-09EBABE1B9AF->325d518f-bf0d-428a-814f-266b27e759e4: receive RaftClientReply:client-09EBABE1B9AF->325d518f-bf0d-428a-814f-266b27e759e4@group-9696F0872FC0, cid=2177, SUCCESS, logIndex=3654, commits[325d518f-bf0d-428a-814f-266b27e759e4:c3654]
2019-06-15 10:53:09,672 INFO  client.GrpcClientProtocolClient (GrpcClientProtocolClient.java:onNext(254)) - client-09EBABE1B9AF->325d518f-bf0d-428a-814f-266b27e759e4: receive RaftClientReply:client-09EBABE1B9AF->325d518f-bf0d-428a-814f-266b27e759e4@group-9696F0872FC0, cid=2178, SUCCESS, logIndex=3656, commits[325d518f-bf0d-428a-814f-266b27e759e4:c3656]
2019-06-15 10:53:09,672 INFO  client.GrpcClientProtocolClient (GrpcClientProtocolClient.java:onNext(254)) - client-09EBABE1B9AF->325d518f-bf0d-428a-814f-266b27e759e4: receive RaftClientReply:client-09EBABE1B9AF->325d518f-bf0d-428a-814f-266b27e759e4@group-9696F0872FC0, cid=2179, SUCCESS, logIndex=3657, commits[325d518f-bf0d-428a-814f-266b27e759e4:c3659]
2019-06-15 10:53:09,673 INFO  client.GrpcClientProtocolClient (GrpcClientProtocolClient.java:onNext(254)) - client-09EBABE1B9AF->325d518f-bf0d-428a-814f-266b27e759e4: receive RaftClientReply:client-09EBABE1B9AF->325d518f-bf0d-428a-814f-266b27e759e4@group-9696F0872FC0, cid=2180, SUCCESS, logIndex=3658, commits[325d518f-bf0d-428a-814f-266b27e759e4:c3659]
2019-06-15 10:53:09,678 INFO  client.GrpcClientProtocolClient (GrpcClientProtocolClient.java:onNext(254)) - client-09EBABE1B9AF->325d518f-bf0d-428a-814f-266b27e759e4: receive RaftClientReply:client-09EBABE1B9AF->325d518f-bf0d-428a-814f-266b27e759e4@group-9696F0872FC0, cid=2181, SUCCESS, logIndex=3660, commits[325d518f-bf0d-428a-814f-266b27e759e4:c3660]
2019-06-15 10:53:09,679 INFO  client.GrpcClientProtocolClient (GrpcClientProtocolClient.java:onNext(254)) - client-09EBABE1B9AF->325d518f-bf0d-428a-814f-266b27e759e4: receive RaftClientReply:client-09EBABE1B9AF->325d518f-bf0d-428a-814f-266b27e759e4@group-9696F0872FC0, cid=2182, SUCCESS, logIndex=3662, commits[325d518f-bf0d-428a-814f-266b27e759e4:c3662]
2019-06-15 10:53:09,680 INFO  client.GrpcClientProtocolClient (GrpcClientProtocolClient.java:onNext(254)) - client-09EBABE1B9AF->325d518f-bf0d-428a-814f-266b27e759e4: receive RaftClientReply:client-09EBABE1B9AF->325d518f-bf0d-428a-814f-266b27e759e4@group-9696F0872FC0, cid=2183, SUCCESS, logIndex=3663, commits[325d518f-bf0d-428a-814f-266b27e759e4:c3665]
2019-06-15 10:53:09,680 INFO  client.GrpcClientProtocolClient (GrpcClientProtocolClient.java:onNext(254)) - client-09EBABE1B9AF->325d518f-bf0d-428a-814f-266b27e759e4: receive RaftClientReply:client-09EBABE1B9AF->325d518f-bf0d-428a-814f-266b27e759e4@group-9696F0872FC0, cid=2184, SUCCESS, logIndex=3664, commits[325d518f-bf0d-428a-814f-266b27e759e4:c3665]
2019-06-15 10:53:09,689 INFO  client.GrpcClientProtocolClient (GrpcClientProtocolClient.java:onNext(254)) - client-09EBABE1B9AF->325d518f-bf0d-428a-814f-266b27e759e4: receive RaftClientReply:client-09EBABE1B9AF->325d518f-bf0d-428a-814f-266b27e759e4@group-9696F0872FC0, cid=2185, SUCCESS, logIndex=3666, commits[325d518f-bf0d-428a-814f-266b27e759e4:c3666]
2019-06-15 10:53:09,690 INFO  client.GrpcClientProtocolClient (GrpcClientProtocolClient.java:onNext(254)) - client-09EBABE1B9AF->325d518f-bf0d-428a-814f-266b27e759e4: receive RaftClientReply:client-09EBABE1B9AF->325d518f-bf0d-428a-814f-266b27e759e4@group-9696F0872FC0, cid=2186, SUCCESS, logIndex=3668, commits[325d518f-bf0d-428a-814f-266b27e759e4:c3668]
2019-06-15 10:53:09,691 INFO  client.GrpcClientProtocolClient (GrpcClientProtocolClient.java:onNext(254)) - client-09EBABE1B9AF->325d518f-bf0d-428a-814f-266b27e759e4: receive RaftClientReply:client-09EBABE1B9AF->325d518f-bf0d-428a-814f-266b27e759e4@group-9696F0872FC0, cid=2187, SUCCESS, logIndex=3669, commits[325d518f-bf0d-428a-814f-266b27e759e4:c3671]
2019-06-15 10:53:09,692 INFO  client.GrpcClientProtocolClient (GrpcClientProtocolClient.java:onNext(254)) - client-09EBABE1B9AF->325d518f-bf0d-428a-814f-266b27e759e4: receive RaftClientReply:client-09EBABE1B9AF->325d518f-bf0d-428a-814f-266b27e759e4@group-9696F0872FC0, cid=2188, SUCCESS, logIndex=3670, commits[325d518f-bf0d-428a-814f-266b27e759e4:c3671]
2019-06-15 10:53:09,696 INFO  storage.RaftLogWorker (RaftLogWorker.java:rollLogSegment(303)) - 325d518f-bf0d-428a-814f-266b27e759e4-RaftLogWorker: Rolling segment log-3607_3673 to index:3673
2019-06-15 10:53:09,697 INFO  storage.RaftLogWorker (RaftLogWorker.java:execute(433)) - 325d518f-bf0d-428a-814f-266b27e759e4-RaftLogWorker: Rolled log segment from /opt/src/hadoop-ozone/integration-test/target/test-dir/MiniOzoneClusterImpl-dd99cefe-9779-4043-9d74-181b69d2a827/datanode-0/data/ratis/e0f1d9ef-e225-4b24-a786-9696f0872fc0/current/log_inprogress_3607 to /opt/src/hadoop-ozone/integration-test/target/test-dir/MiniOzoneClusterImpl-dd99cefe-9779-4043-9d74-181b69d2a827/datanode-0/data/ratis/e0f1d9ef-e225-4b24-a786-9696f0872fc0/current/log_3607-3673
2019-06-15 10:53:09,700 INFO  client.GrpcClientProtocolClient (GrpcClientProtocolClient.java:onNext(254)) - client-09EBABE1B9AF->325d518f-bf0d-428a-814f-266b27e759e4: receive RaftClientReply:client-09EBABE1B9AF->325d518f-bf0d-428a-814f-266b27e759e4@group-9696F0872FC0, cid=2189, SUCCESS, logIndex=3672, commits[325d518f-bf0d-428a-814f-266b27e759e4:c3672]
2019-06-15 10:53:09,723 DEBUG block.SCMBlockDeletingService (SCMBlockDeletingService.java:call(138)) - Running DeletedBlockTransactionScanner
2019-06-15 10:53:09,723 DEBUG block.SCMBlockDeletingService (SCMBlockDeletingService.java:call(155)) - Scanned deleted blocks log and got 0 delTX to process.
2019-06-15 10:53:09,732 INFO  storage.RaftLogWorker (RaftLogWorker.java:execute(469)) - 325d518f-bf0d-428a-814f-266b27e759e4-RaftLogWorker: created new log segment /opt/src/hadoop-ozone/integration-test/target/test-dir/MiniOzoneClusterImpl-dd99cefe-9779-4043-9d74-181b69d2a827/datanode-0/data/ratis/e0f1d9ef-e225-4b24-a786-9696f0872fc0/current/log_inprogress_3674
2019-06-15 10:53:09,734 INFO  client.GrpcClientProtocolClient (GrpcClientProtocolClient.java:onNext(254)) - client-09EBABE1B9AF->325d518f-bf0d-428a-814f-266b27e759e4: receive RaftClientReply:client-09EBABE1B9AF->325d518f-bf0d-428a-814f-266b27e759e4@group-9696F0872FC0, cid=2190, SUCCESS, logIndex=3674, commits[325d518f-bf0d-428a-814f-266b27e759e4:c3676]
2019-06-15 10:53:09,734 INFO  client.GrpcClientProtocolClient (GrpcClientProtocolClient.java:onNext(254)) - client-09EBABE1B9AF->325d518f-bf0d-428a-814f-266b27e759e4: receive RaftClientReply:client-09EBABE1B9AF->325d518f-bf0d-428a-814f-266b27e759e4@group-9696F0872FC0, cid=2191, SUCCESS, logIndex=3675, commits[325d518f-bf0d-428a-814f-266b27e759e4:c3677]
2019-06-15 10:53:09,734 INFO  client.GrpcClientProtocolClient (GrpcClientProtocolClient.java:onNext(254)) - client-09EBABE1B9AF->325d518f-bf0d-428a-814f-266b27e759e4: receive RaftClientReply:client-09EBABE1B9AF->325d518f-bf0d-428a-814f-266b27e759e4@group-9696F0872FC0, cid=2192, SUCCESS, logIndex=3676, commits[325d518f-bf0d-428a-814f-266b27e759e4:c3677]
2019-06-15 10:53:09,744 INFO  client.GrpcClientProtocolClient (GrpcClientProtocolClient.java:onNext(254)) - client-09EBABE1B9AF->325d518f-bf0d-428a-814f-266b27e759e4: receive RaftClientReply:client-09EBABE1B9AF->325d518f-bf0d-428a-814f-266b27e759e4@group-9696F0872FC0, cid=2193, SUCCESS, logIndex=3678, commits[325d518f-bf0d-428a-814f-266b27e759e4:c3678]
2019-06-15 10:53:09,745 INFO  client.GrpcClientProtocolClient (GrpcClientProtocolClient.java:onNext(254)) - client-09EBABE1B9AF->325d518f-bf0d-428a-814f-266b27e759e4: receive RaftClientReply:client-09EBABE1B9AF->325d518f-bf0d-428a-814f-266b27e759e4@group-9696F0872FC0, cid=2194, SUCCESS, logIndex=3680, commits[325d518f-bf0d-428a-814f-266b27e759e4:c3680]
2019-06-15 10:53:09,747 INFO  client.GrpcClientProtocolClient (GrpcClientProtocolClient.java:onNext(254)) - client-09EBABE1B9AF->325d518f-bf0d-428a-814f-266b27e759e4: receive RaftClientReply:client-09EBABE1B9AF->325d518f-bf0d-428a-814f-266b27e759e4@group-9696F0872FC0, cid=2195, SUCCESS, logIndex=3681, commits[325d518f-bf0d-428a-814f-266b27e759e4:c3683]
2019-06-15 10:53:09,747 INFO  client.GrpcClientProtocolClient (GrpcClientProtocolClient.java:onNext(254)) - client-09EBABE1B9AF->325d518f-bf0d-428a-814f-266b27e759e4: receive RaftClientReply:client-09EBABE1B9AF->325d518f-bf0d-428a-814f-266b27e759e4@group-9696F0872FC0, cid=2196, SUCCESS, logIndex=3682, commits[325d518f-bf0d-428a-814f-266b27e759e4:c3683]
2019-06-15 10:53:09,752 INFO  client.GrpcClientProtocolClient (GrpcClientProtocolClient.java:onNext(254)) - client-09EBABE1B9AF->325d518f-bf0d-428a-814f-266b27e759e4: receive RaftClientReply:client-09EBABE1B9AF->325d518f-bf0d-428a-814f-266b27e759e4@group-9696F0872FC0, cid=2197, SUCCESS, logIndex=3684, commits[325d518f-bf0d-428a-814f-266b27e759e4:c3684]
2019-06-15 10:53:09,753 INFO  client.GrpcClientProtocolClient (GrpcClientProtocolClient.java:onNext(254)) - client-09EBABE1B9AF->325d518f-bf0d-428a-814f-266b27e759e4: receive RaftClientReply:client-09EBABE1B9AF->325d518f-bf0d-428a-814f-266b27e759e4@group-9696F0872FC0, cid=2198, SUCCESS, logIndex=3686, commits[325d518f-bf0d-428a-814f-266b27e759e4:c3686]
2019-06-15 10:53:09,754 INFO  client.GrpcClientProtocolClient (GrpcClientProtocolClient.java:onNext(254)) - client-09EBABE1B9AF->325d518f-bf0d-428a-814f-266b27e759e4: receive RaftClientReply:client-09EBABE1B9AF->325d518f-bf0d-428a-814f-266b27e759e4@group-9696F0872FC0, cid=2199, SUCCESS, logIndex=3687, commits[325d518f-bf0d-428a-814f-266b27e759e4:c3689]
2019-06-15 10:53:09,755 INFO  client.GrpcClientProtocolClient (GrpcClientProtocolClient.java:onNext(254)) - client-09EBABE1B9AF->325d518f-bf0d-428a-814f-266b27e759e4: receive RaftClientReply:client-09EBABE1B9AF->325d518f-bf0d-428a-814f-266b27e759e4@group-9696F0872FC0, cid=2200, SUCCESS, logIndex=3688, commits[325d518f-bf0d-428a-814f-266b27e759e4:c3689]
2019-06-15 10:53:09,765 INFO  client.GrpcClientProtocolClient (GrpcClientProtocolClient.java:onNext(254)) - client-09EBABE1B9AF->325d518f-bf0d-428a-814f-266b27e759e4: receive RaftClientReply:client-09EBABE1B9AF->325d518f-bf0d-428a-814f-266b27e759e4@group-9696F0872FC0, cid=2201, SUCCESS, logIndex=3690, commits[325d518f-bf0d-428a-814f-266b27e759e4:c3690]
2019-06-15 10:53:09,767 INFO  client.GrpcClientProtocolClient (GrpcClientProtocolClient.java:onNext(254)) - client-09EBABE1B9AF->325d518f-bf0d-428a-814f-266b27e759e4: receive RaftClientReply:client-09EBABE1B9AF->325d518f-bf0d-428a-814f-266b27e759e4@group-9696F0872FC0, cid=2202, SUCCESS, logIndex=3692, commits[325d518f-bf0d-428a-814f-266b27e759e4:c3692]
2019-06-15 10:53:09,767 INFO  client.GrpcClientProtocolClient (GrpcClientProtocolClient.java:onNext(254)) - client-09EBABE1B9AF->325d518f-bf0d-428a-814f-266b27e759e4: receive RaftClientReply:client-09EBABE1B9AF->325d518f-bf0d-428a-814f-266b27e759e4@group-9696F0872FC0, cid=2203, SUCCESS, logIndex=3693, commits[325d518f-bf0d-428a-814f-266b27e759e4:c3695]
2019-06-15 10:53:09,774 INFO  client.GrpcClientProtocolClient (GrpcClientProtocolClient.java:onNext(254)) - client-09EBABE1B9AF->325d518f-bf0d-428a-814f-266b27e759e4: receive RaftClientReply:client-09EBABE1B9AF->325d518f-bf0d-428a-814f-266b27e759e4@group-9696F0872FC0, cid=2204, SUCCESS, logIndex=3694, commits[325d518f-bf0d-428a-814f-266b27e759e4:c3695]
2019-06-15 10:53:09,822 INFO  client.GrpcClientProtocolClient (GrpcClientProtocolClient.java:onNext(254)) - client-09EBABE1B9AF->325d518f-bf0d-428a-814f-266b27e759e4: receive RaftClientReply:client-09EBABE1B9AF->325d518f-bf0d-428a-814f-266b27e759e4@group-9696F0872FC0, cid=2205, SUCCESS, logIndex=3696, commits[325d518f-bf0d-428a-814f-266b27e759e4:c3696]
2019-06-15 10:53:09,823 INFO  client.GrpcClientProtocolClient (GrpcClientProtocolClient.java:onNext(254)) - client-09EBABE1B9AF->325d518f-bf0d-428a-814f-266b27e759e4: receive RaftClientReply:client-09EBABE1B9AF->325d518f-bf0d-428a-814f-266b27e759e4@group-9696F0872FC0, cid=2206, SUCCESS, logIndex=3698, commits[325d518f-bf0d-428a-814f-266b27e759e4:c3698]
2019-06-15 10:53:09,823 DEBUG block.SCMBlockDeletingService (SCMBlockDeletingService.java:call(138)) - Running DeletedBlockTransactionScanner
2019-06-15 10:53:09,824 DEBUG block.SCMBlockDeletingService (SCMBlockDeletingService.java:call(155)) - Scanned deleted blocks log and got 0 delTX to process.
2019-06-15 10:53:09,824 INFO  client.GrpcClientProtocolClient (GrpcClientProtocolClient.java:onNext(254)) - client-09EBABE1B9AF->325d518f-bf0d-428a-814f-266b27e759e4: receive RaftClientReply:client-09EBABE1B9AF->325d518f-bf0d-428a-814f-266b27e759e4@group-9696F0872FC0, cid=2207, SUCCESS, logIndex=3699, commits[325d518f-bf0d-428a-814f-266b27e759e4:c3701]
2019-06-15 10:53:09,825 INFO  client.GrpcClientProtocolClient (GrpcClientProtocolClient.java:onNext(254)) - client-09EBABE1B9AF->325d518f-bf0d-428a-814f-266b27e759e4: receive RaftClientReply:client-09EBABE1B9AF->325d518f-bf0d-428a-814f-266b27e759e4@group-9696F0872FC0, cid=2208, SUCCESS, logIndex=3701, commits[325d518f-bf0d-428a-814f-266b27e759e4:c3701]
2019-06-15 10:53:09,834 INFO  client.GrpcClientProtocolClient (GrpcClientProtocolClient.java:onNext(254)) - client-09EBABE1B9AF->325d518f-bf0d-428a-814f-266b27e759e4: receive RaftClientReply:client-09EBABE1B9AF->325d518f-bf0d-428a-814f-266b27e759e4@group-9696F0872FC0, cid=2209, SUCCESS, logIndex=3703, commits[325d518f-bf0d-428a-814f-266b27e759e4:c3703]
2019-06-15 10:53:09,835 INFO  client.GrpcClientProtocolClient (GrpcClientProtocolClient.java:onNext(254)) - client-09EBABE1B9AF->325d518f-bf0d-428a-814f-266b27e759e4: receive RaftClientReply:client-09EBABE1B9AF->325d518f-bf0d-428a-814f-266b27e759e4@group-9696F0872FC0, cid=2210, SUCCESS, logIndex=3705, commits[325d518f-bf0d-428a-814f-266b27e759e4:c3705]
2019-06-15 10:53:09,901 INFO  client.GrpcClientProtocolClient (GrpcClientProtocolClient.java:onNext(254)) - client-09EBABE1B9AF->325d518f-bf0d-428a-814f-266b27e759e4: receive RaftClientReply:client-09EBABE1B9AF->325d518f-bf0d-428a-814f-266b27e759e4@group-9696F0872FC0, cid=2211, SUCCESS, logIndex=3707, commits[325d518f-bf0d-428a-814f-266b27e759e4:c3707]
2019-06-15 10:53:09,902 INFO  client.GrpcClientProtocolClient (GrpcClientProtocolClient.java:onNext(254)) - client-09EBABE1B9AF->325d518f-bf0d-428a-814f-266b27e759e4: receive RaftClientReply:client-09EBABE1B9AF->325d518f-bf0d-428a-814f-266b27e759e4@group-9696F0872FC0, cid=2212, SUCCESS, logIndex=3709, commits[325d518f-bf0d-428a-814f-266b27e759e4:c3709]
2019-06-15 10:53:09,907 INFO  client.GrpcClientProtocolClient (GrpcClientProtocolClient.java:onNext(254)) - client-09EBABE1B9AF->325d518f-bf0d-428a-814f-266b27e759e4: receive RaftClientReply:client-09EBABE1B9AF->325d518f-bf0d-428a-814f-266b27e759e4@group-9696F0872FC0, cid=2213, SUCCESS, logIndex=3711, commits[325d518f-bf0d-428a-814f-266b27e759e4:c3711]
2019-06-15 10:53:09,908 INFO  client.GrpcClientProtocolClient (GrpcClientProtocolClient.java:onNext(254)) - client-09EBABE1B9AF->325d518f-bf0d-428a-814f-266b27e759e4: receive RaftClientReply:client-09EBABE1B9AF->325d518f-bf0d-428a-814f-266b27e759e4@group-9696F0872FC0, cid=2214, SUCCESS, logIndex=3713, commits[325d518f-bf0d-428a-814f-266b27e759e4:c3713]
2019-06-15 10:53:09,909 INFO  client.GrpcClientProtocolClient (GrpcClientProtocolClient.java:onNext(254)) - client-09EBABE1B9AF->325d518f-bf0d-428a-814f-266b27e759e4: receive RaftClientReply:client-09EBABE1B9AF->325d518f-bf0d-428a-814f-266b27e759e4@group-9696F0872FC0, cid=2215, SUCCESS, logIndex=3714, commits[325d518f-bf0d-428a-814f-266b27e759e4:c3716]
2019-06-15 10:53:09,909 INFO  client.GrpcClientProtocolClient (GrpcClientProtocolClient.java:onNext(254)) - client-09EBABE1B9AF->325d518f-bf0d-428a-814f-266b27e759e4: receive RaftClientReply:client-09EBABE1B9AF->325d518f-bf0d-428a-814f-266b27e759e4@group-9696F0872FC0, cid=2216, SUCCESS, logIndex=3715, commits[325d518f-bf0d-428a-814f-266b27e759e4:c3716]
2019-06-15 10:53:09,918 INFO  client.GrpcClientProtocolClient (GrpcClientProtocolClient.java:onNext(254)) - client-09EBABE1B9AF->325d518f-bf0d-428a-814f-266b27e759e4: receive RaftClientReply:client-09EBABE1B9AF->325d518f-bf0d-428a-814f-266b27e759e4@group-9696F0872FC0, cid=2217, SUCCESS, logIndex=3717, commits[325d518f-bf0d-428a-814f-266b27e759e4:c3717]
2019-06-15 10:53:09,919 INFO  client.GrpcClientProtocolClient (GrpcClientProtocolClient.java:onNext(254)) - client-09EBABE1B9AF->325d518f-bf0d-428a-814f-266b27e759e4: receive RaftClientReply:client-09EBABE1B9AF->325d518f-bf0d-428a-814f-266b27e759e4@group-9696F0872FC0, cid=2218, SUCCESS, logIndex=3719, commits[325d518f-bf0d-428a-814f-266b27e759e4:c3719]
2019-06-15 10:53:09,920 INFO  client.GrpcClientProtocolClient (GrpcClientProtocolClient.java:onNext(254)) - client-09EBABE1B9AF->325d518f-bf0d-428a-814f-266b27e759e4: receive RaftClientReply:client-09EBABE1B9AF->325d518f-bf0d-428a-814f-266b27e759e4@group-9696F0872FC0, cid=2219, SUCCESS, logIndex=3720, commits[325d518f-bf0d-428a-814f-266b27e759e4:c3722]
2019-06-15 10:53:09,921 INFO  client.GrpcClientProtocolClient (GrpcClientProtocolClient.java:onNext(254)) - client-09EBABE1B9AF->325d518f-bf0d-428a-814f-266b27e759e4: receive RaftClientReply:client-09EBABE1B9AF->325d518f-bf0d-428a-814f-266b27e759e4@group-9696F0872FC0, cid=2220, SUCCESS, logIndex=3721, commits[325d518f-bf0d-428a-814f-266b27e759e4:c3722]
2019-06-15 10:53:09,924 DEBUG block.SCMBlockDeletingService (SCMBlockDeletingService.java:call(138)) - Running DeletedBlockTransactionScanner
2019-06-15 10:53:09,924 DEBUG block.SCMBlockDeletingService (SCMBlockDeletingService.java:call(155)) - Scanned deleted blocks log and got 0 delTX to process.
2019-06-15 10:53:09,929 INFO  client.GrpcClientProtocolClient (GrpcClientProtocolClient.java:onNext(254)) - client-09EBABE1B9AF->325d518f-bf0d-428a-814f-266b27e759e4: receive RaftClientReply:client-09EBABE1B9AF->325d518f-bf0d-428a-814f-266b27e759e4@group-9696F0872FC0, cid=2221, SUCCESS, logIndex=3723, commits[325d518f-bf0d-428a-814f-266b27e759e4:c3723]
2019-06-15 10:53:09,930 INFO  client.GrpcClientProtocolClient (GrpcClientProtocolClient.java:onNext(254)) - client-09EBABE1B9AF->325d518f-bf0d-428a-814f-266b27e759e4: receive RaftClientReply:client-09EBABE1B9AF->325d518f-bf0d-428a-814f-266b27e759e4@group-9696F0872FC0, cid=2222, SUCCESS, logIndex=3725, commits[325d518f-bf0d-428a-814f-266b27e759e4:c3725]
2019-06-15 10:53:09,931 INFO  client.GrpcClientProtocolClient (GrpcClientProtocolClient.java:onNext(254)) - client-09EBABE1B9AF->325d518f-bf0d-428a-814f-266b27e759e4: receive RaftClientReply:client-09EBABE1B9AF->325d518f-bf0d-428a-814f-266b27e759e4@group-9696F0872FC0, cid=2223, SUCCESS, logIndex=3726, commits[325d518f-bf0d-428a-814f-266b27e759e4:c3728]
2019-06-15 10:53:09,932 INFO  client.GrpcClientProtocolClient (GrpcClientProtocolClient.java:onNext(254)) - client-09EBABE1B9AF->325d518f-bf0d-428a-814f-266b27e759e4: receive RaftClientReply:client-09EBABE1B9AF->325d518f-bf0d-428a-814f-266b27e759e4@group-9696F0872FC0, cid=2224, SUCCESS, logIndex=3727, commits[325d518f-bf0d-428a-814f-266b27e759e4:c3728]
2019-06-15 10:53:09,942 INFO  client.GrpcClientProtocolClient (GrpcClientProtocolClient.java:onNext(254)) - client-09EBABE1B9AF->325d518f-bf0d-428a-814f-266b27e759e4: receive RaftClientReply:client-09EBABE1B9AF->325d518f-bf0d-428a-814f-266b27e759e4@group-9696F0872FC0, cid=2225, SUCCESS, logIndex=3729, commits[325d518f-bf0d-428a-814f-266b27e759e4:c3729]
2019-06-15 10:53:09,947 INFO  client.GrpcClientProtocolClient (GrpcClientProtocolClient.java:onNext(254)) - client-09EBABE1B9AF->325d518f-bf0d-428a-814f-266b27e759e4: receive RaftClientReply:client-09EBABE1B9AF->325d518f-bf0d-428a-814f-266b27e759e4@group-9696F0872FC0, cid=2226, SUCCESS, logIndex=3731, commits[325d518f-bf0d-428a-814f-266b27e759e4:c3731]
2019-06-15 10:53:09,948 INFO  client.GrpcClientProtocolClient (GrpcClientProtocolClient.java:onNext(254)) - client-09EBABE1B9AF->325d518f-bf0d-428a-814f-266b27e759e4: receive RaftClientReply:client-09EBABE1B9AF->325d518f-bf0d-428a-814f-266b27e759e4@group-9696F0872FC0, cid=2227, SUCCESS, logIndex=3732, commits[325d518f-bf0d-428a-814f-266b27e759e4:c3734]
2019-06-15 10:53:09,948 INFO  client.GrpcClientProtocolClient (GrpcClientProtocolClient.java:onNext(254)) - client-09EBABE1B9AF->325d518f-bf0d-428a-814f-266b27e759e4: receive RaftClientReply:client-09EBABE1B9AF->325d518f-bf0d-428a-814f-266b27e759e4@group-9696F0872FC0, cid=2228, SUCCESS, logIndex=3733, commits[325d518f-bf0d-428a-814f-266b27e759e4:c3734]
2019-06-15 10:53:09,953 INFO  client.GrpcClientProtocolClient (GrpcClientProtocolClient.java:onNext(254)) - client-09EBABE1B9AF->325d518f-bf0d-428a-814f-266b27e759e4: receive RaftClientReply:client-09EBABE1B9AF->325d518f-bf0d-428a-814f-266b27e759e4@group-9696F0872FC0, cid=2229, SUCCESS, logIndex=3735, commits[325d518f-bf0d-428a-814f-266b27e759e4:c3735]
2019-06-15 10:53:09,954 INFO  client.GrpcClientProtocolClient (GrpcClientProtocolClient.java:onNext(254)) - client-09EBABE1B9AF->325d518f-bf0d-428a-814f-266b27e759e4: receive RaftClientReply:client-09EBABE1B9AF->325d518f-bf0d-428a-814f-266b27e759e4@group-9696F0872FC0, cid=2230, SUCCESS, logIndex=3737, commits[325d518f-bf0d-428a-814f-266b27e759e4:c3737]
2019-06-15 10:53:09,956 INFO  client.GrpcClientProtocolClient (GrpcClientProtocolClient.java:onNext(254)) - client-09EBABE1B9AF->325d518f-bf0d-428a-814f-266b27e759e4: receive RaftClientReply:client-09EBABE1B9AF->325d518f-bf0d-428a-814f-266b27e759e4@group-9696F0872FC0, cid=2231, SUCCESS, logIndex=3738, commits[325d518f-bf0d-428a-814f-266b27e759e4:c3740]
2019-06-15 10:53:09,957 INFO  client.GrpcClientProtocolClient (GrpcClientProtocolClient.java:onNext(254)) - client-09EBABE1B9AF->325d518f-bf0d-428a-814f-266b27e759e4: receive RaftClientReply:client-09EBABE1B9AF->325d518f-bf0d-428a-814f-266b27e759e4@group-9696F0872FC0, cid=2232, SUCCESS, logIndex=3739, commits[325d518f-bf0d-428a-814f-266b27e759e4:c3740]
2019-06-15 10:53:09,964 INFO  storage.RaftLogWorker (RaftLogWorker.java:rollLogSegment(303)) - 325d518f-bf0d-428a-814f-266b27e759e4-RaftLogWorker: Rolling segment log-3674_3740 to index:3740
2019-06-15 10:53:09,964 INFO  storage.RaftLogWorker (RaftLogWorker.java:execute(433)) - 325d518f-bf0d-428a-814f-266b27e759e4-RaftLogWorker: Rolled log segment from /opt/src/hadoop-ozone/integration-test/target/test-dir/MiniOzoneClusterImpl-dd99cefe-9779-4043-9d74-181b69d2a827/datanode-0/data/ratis/e0f1d9ef-e225-4b24-a786-9696f0872fc0/current/log_inprogress_3674 to /opt/src/hadoop-ozone/integration-test/target/test-dir/MiniOzoneClusterImpl-dd99cefe-9779-4043-9d74-181b69d2a827/datanode-0/data/ratis/e0f1d9ef-e225-4b24-a786-9696f0872fc0/current/log_3674-3740
2019-06-15 10:53:10,006 INFO  storage.RaftLogWorker (RaftLogWorker.java:execute(469)) - 325d518f-bf0d-428a-814f-266b27e759e4-RaftLogWorker: created new log segment /opt/src/hadoop-ozone/integration-test/target/test-dir/MiniOzoneClusterImpl-dd99cefe-9779-4043-9d74-181b69d2a827/datanode-0/data/ratis/e0f1d9ef-e225-4b24-a786-9696f0872fc0/current/log_inprogress_3741
2019-06-15 10:53:10,008 INFO  client.GrpcClientProtocolClient (GrpcClientProtocolClient.java:onNext(254)) - client-09EBABE1B9AF->325d518f-bf0d-428a-814f-266b27e759e4: receive RaftClientReply:client-09EBABE1B9AF->325d518f-bf0d-428a-814f-266b27e759e4@group-9696F0872FC0, cid=2233, SUCCESS, logIndex=3741, commits[325d518f-bf0d-428a-814f-266b27e759e4:c3741]
2019-06-15 10:53:10,009 INFO  client.GrpcClientProtocolClient (GrpcClientProtocolClient.java:onNext(254)) - client-09EBABE1B9AF->325d518f-bf0d-428a-814f-266b27e759e4: receive RaftClientReply:client-09EBABE1B9AF->325d518f-bf0d-428a-814f-266b27e759e4@group-9696F0872FC0, cid=2234, SUCCESS, logIndex=3743, commits[325d518f-bf0d-428a-814f-266b27e759e4:c3743]
2019-06-15 10:53:10,011 INFO  client.GrpcClientProtocolClient (GrpcClientProtocolClient.java:onNext(254)) - client-09EBABE1B9AF->325d518f-bf0d-428a-814f-266b27e759e4: receive RaftClientReply:client-09EBABE1B9AF->325d518f-bf0d-428a-814f-266b27e759e4@group-9696F0872FC0, cid=2235, SUCCESS, logIndex=3744, commits[325d518f-bf0d-428a-814f-266b27e759e4:c3746]
2019-06-15 10:53:10,011 INFO  client.GrpcClientProtocolClient (GrpcClientProtocolClient.java:onNext(254)) - client-09EBABE1B9AF->325d518f-bf0d-428a-814f-266b27e759e4: receive RaftClientReply:client-09EBABE1B9AF->325d518f-bf0d-428a-814f-266b27e759e4@group-9696F0872FC0, cid=2236, SUCCESS, logIndex=3745, commits[325d518f-bf0d-428a-814f-266b27e759e4:c3746]
2019-06-15 10:53:10,016 INFO  client.GrpcClientProtocolClient (GrpcClientProtocolClient.java:onNext(254)) - client-09EBABE1B9AF->325d518f-bf0d-428a-814f-266b27e759e4: receive RaftClientReply:client-09EBABE1B9AF->325d518f-bf0d-428a-814f-266b27e759e4@group-9696F0872FC0, cid=2237, SUCCESS, logIndex=3747, commits[325d518f-bf0d-428a-814f-266b27e759e4:c3747]
2019-06-15 10:53:10,017 INFO  client.GrpcClientProtocolClient (GrpcClientProtocolClient.java:onNext(254)) - client-09EBABE1B9AF->325d518f-bf0d-428a-814f-266b27e759e4: receive RaftClientReply:client-09EBABE1B9AF->325d518f-bf0d-428a-814f-266b27e759e4@group-9696F0872FC0, cid=2238, SUCCESS, logIndex=3749, commits[325d518f-bf0d-428a-814f-266b27e759e4:c3749]
2019-06-15 10:53:10,019 INFO  client.GrpcClientProtocolClient (GrpcClientProtocolClient.java:onNext(254)) - client-09EBABE1B9AF->325d518f-bf0d-428a-814f-266b27e759e4: receive RaftClientReply:client-09EBABE1B9AF->325d518f-bf0d-428a-814f-266b27e759e4@group-9696F0872FC0, cid=2239, SUCCESS, logIndex=3751, commits[325d518f-bf0d-428a-814f-266b27e759e4:c3752]
2019-06-15 10:53:10,020 INFO  client.GrpcClientProtocolClient (GrpcClientProtocolClient.java:onNext(254)) - client-09EBABE1B9AF->325d518f-bf0d-428a-814f-266b27e759e4: receive RaftClientReply:client-09EBABE1B9AF->325d518f-bf0d-428a-814f-266b27e759e4@group-9696F0872FC0, cid=2240, SUCCESS, logIndex=3752, commits[325d518f-bf0d-428a-814f-266b27e759e4:c3752]
2019-06-15 10:53:10,024 DEBUG block.SCMBlockDeletingService (SCMBlockDeletingService.java:call(138)) - Running DeletedBlockTransactionScanner
2019-06-15 10:53:10,024 DEBUG block.SCMBlockDeletingService (SCMBlockDeletingService.java:call(155)) - Scanned deleted blocks log and got 0 delTX to process.
2019-06-15 10:53:10,031 INFO  client.GrpcClientProtocolClient (GrpcClientProtocolClient.java:onNext(254)) - client-09EBABE1B9AF->325d518f-bf0d-428a-814f-266b27e759e4: receive RaftClientReply:client-09EBABE1B9AF->325d518f-bf0d-428a-814f-266b27e759e4@group-9696F0872FC0, cid=2241, SUCCESS, logIndex=3754, commits[325d518f-bf0d-428a-814f-266b27e759e4:c3754]
2019-06-15 10:53:10,032 INFO  client.GrpcClientProtocolClient (GrpcClientProtocolClient.java:onNext(254)) - client-09EBABE1B9AF->325d518f-bf0d-428a-814f-266b27e759e4: receive RaftClientReply:client-09EBABE1B9AF->325d518f-bf0d-428a-814f-266b27e759e4@group-9696F0872FC0, cid=2242, SUCCESS, logIndex=3756, commits[325d518f-bf0d-428a-814f-266b27e759e4:c3756]
2019-06-15 10:53:10,033 INFO  client.GrpcClientProtocolClient (GrpcClientProtocolClient.java:onNext(254)) - client-09EBABE1B9AF->325d518f-bf0d-428a-814f-266b27e759e4: receive RaftClientReply:client-09EBABE1B9AF->325d518f-bf0d-428a-814f-266b27e759e4@group-9696F0872FC0, cid=2243, SUCCESS, logIndex=3757, commits[325d518f-bf0d-428a-814f-266b27e759e4:c3757]
2019-06-15 10:53:10,034 INFO  client.GrpcClientProtocolClient (GrpcClientProtocolClient.java:onNext(254)) - client-09EBABE1B9AF->325d518f-bf0d-428a-814f-266b27e759e4: receive RaftClientReply:client-09EBABE1B9AF->325d518f-bf0d-428a-814f-266b27e759e4@group-9696F0872FC0, cid=2244, SUCCESS, logIndex=3759, commits[325d518f-bf0d-428a-814f-266b27e759e4:c3759]
2019-06-15 10:53:10,040 INFO  client.GrpcClientProtocolClient (GrpcClientProtocolClient.java:onNext(254)) - client-09EBABE1B9AF->325d518f-bf0d-428a-814f-266b27e759e4: receive RaftClientReply:client-09EBABE1B9AF->325d518f-bf0d-428a-814f-266b27e759e4@group-9696F0872FC0, cid=2245, SUCCESS, logIndex=3762, commits[325d518f-bf0d-428a-814f-266b27e759e4:c3762]
2019-06-15 10:53:10,041 INFO  client.GrpcClientProtocolClient (GrpcClientProtocolClient.java:onNext(254)) - client-09EBABE1B9AF->325d518f-bf0d-428a-814f-266b27e759e4: receive RaftClientReply:client-09EBABE1B9AF->325d518f-bf0d-428a-814f-266b27e759e4@group-9696F0872FC0, cid=2246, SUCCESS, logIndex=3764, commits[325d518f-bf0d-428a-814f-266b27e759e4:c3764]
2019-06-15 10:53:10,042 INFO  client.GrpcClientProtocolClient (GrpcClientProtocolClient.java:onNext(254)) - client-09EBABE1B9AF->325d518f-bf0d-428a-814f-266b27e759e4: receive RaftClientReply:client-09EBABE1B9AF->325d518f-bf0d-428a-814f-266b27e759e4@group-9696F0872FC0, cid=2247, SUCCESS, logIndex=3765, commits[325d518f-bf0d-428a-814f-266b27e759e4:c3767]
2019-06-15 10:53:10,042 INFO  client.GrpcClientProtocolClient (GrpcClientProtocolClient.java:onNext(254)) - client-09EBABE1B9AF->325d518f-bf0d-428a-814f-266b27e759e4: receive RaftClientReply:client-09EBABE1B9AF->325d518f-bf0d-428a-814f-266b27e759e4@group-9696F0872FC0, cid=2248, SUCCESS, logIndex=3766, commits[325d518f-bf0d-428a-814f-266b27e759e4:c3767]
2019-06-15 10:53:10,051 INFO  client.GrpcClientProtocolClient (GrpcClientProtocolClient.java:onNext(254)) - client-09EBABE1B9AF->325d518f-bf0d-428a-814f-266b27e759e4: receive RaftClientReply:client-09EBABE1B9AF->325d518f-bf0d-428a-814f-266b27e759e4@group-9696F0872FC0, cid=2249, SUCCESS, logIndex=3768, commits[325d518f-bf0d-428a-814f-266b27e759e4:c3768]
2019-06-15 10:53:10,052 INFO  client.GrpcClientProtocolClient (GrpcClientProtocolClient.java:onNext(254)) - client-09EBABE1B9AF->325d518f-bf0d-428a-814f-266b27e759e4: receive RaftClientReply:client-09EBABE1B9AF->325d518f-bf0d-428a-814f-266b27e759e4@group-9696F0872FC0, cid=2250, SUCCESS, logIndex=3770, commits[325d518f-bf0d-428a-814f-266b27e759e4:c3770]
2019-06-15 10:53:10,053 INFO  client.GrpcClientProtocolClient (GrpcClientProtocolClient.java:onNext(254)) - client-09EBABE1B9AF->325d518f-bf0d-428a-814f-266b27e759e4: receive RaftClientReply:client-09EBABE1B9AF->325d518f-bf0d-428a-814f-266b27e759e4@group-9696F0872FC0, cid=2251, SUCCESS, logIndex=3771, commits[325d518f-bf0d-428a-814f-266b27e759e4:c3773]
2019-06-15 10:53:10,054 INFO  client.GrpcClientProtocolClient (GrpcClientProtocolClient.java:onNext(254)) - client-09EBABE1B9AF->325d518f-bf0d-428a-814f-266b27e759e4: receive RaftClientReply:client-09EBABE1B9AF->325d518f-bf0d-428a-814f-266b27e759e4@group-9696F0872FC0, cid=2252, SUCCESS, logIndex=3772, commits[325d518f-bf0d-428a-814f-266b27e759e4:c3773]
2019-06-15 10:53:10,059 INFO  client.GrpcClientProtocolClient (GrpcClientProtocolClient.java:onNext(254)) - client-09EBABE1B9AF->325d518f-bf0d-428a-814f-266b27e759e4: receive RaftClientReply:client-09EBABE1B9AF->325d518f-bf0d-428a-814f-266b27e759e4@group-9696F0872FC0, cid=2253, SUCCESS, logIndex=3774, commits[325d518f-bf0d-428a-814f-266b27e759e4:c3774]
2019-06-15 10:53:10,060 INFO  client.GrpcClientProtocolClient (GrpcClientProtocolClient.java:onNext(254)) - client-09EBABE1B9AF->325d518f-bf0d-428a-814f-266b27e759e4: receive RaftClientReply:client-09EBABE1B9AF->325d518f-bf0d-428a-814f-266b27e759e4@group-9696F0872FC0, cid=2254, SUCCESS, logIndex=3776, commits[325d518f-bf0d-428a-814f-266b27e759e4:c3776]
2019-06-15 10:53:10,124 DEBUG block.SCMBlockDeletingService (SCMBlockDeletingService.java:call(138)) - Running DeletedBlockTransactionScanner
2019-06-15 10:53:10,125 DEBUG block.SCMBlockDeletingService (SCMBlockDeletingService.java:call(155)) - Scanned deleted blocks log and got 0 delTX to process.
2019-06-15 10:53:10,127 INFO  client.GrpcClientProtocolClient (GrpcClientProtocolClient.java:onNext(254)) - client-09EBABE1B9AF->325d518f-bf0d-428a-814f-266b27e759e4: receive RaftClientReply:client-09EBABE1B9AF->325d518f-bf0d-428a-814f-266b27e759e4@group-9696F0872FC0, cid=2255, SUCCESS, logIndex=3778, commits[325d518f-bf0d-428a-814f-266b27e759e4:c3778]
2019-06-15 10:53:10,128 INFO  client.GrpcClientProtocolClient (GrpcClientProtocolClient.java:onNext(254)) - client-09EBABE1B9AF->325d518f-bf0d-428a-814f-266b27e759e4: receive RaftClientReply:client-09EBABE1B9AF->325d518f-bf0d-428a-814f-266b27e759e4@group-9696F0872FC0, cid=2256, SUCCESS, logIndex=3780, commits[325d518f-bf0d-428a-814f-266b27e759e4:c3780]
2019-06-15 10:53:10,139 INFO  client.GrpcClientProtocolClient (GrpcClientProtocolClient.java:onNext(254)) - client-09EBABE1B9AF->325d518f-bf0d-428a-814f-266b27e759e4: receive RaftClientReply:client-09EBABE1B9AF->325d518f-bf0d-428a-814f-266b27e759e4@group-9696F0872FC0, cid=2257, SUCCESS, logIndex=3782, commits[325d518f-bf0d-428a-814f-266b27e759e4:c3782]
2019-06-15 10:53:10,141 INFO  client.GrpcClientProtocolClient (GrpcClientProtocolClient.java:onNext(254)) - client-09EBABE1B9AF->325d518f-bf0d-428a-814f-266b27e759e4: receive RaftClientReply:client-09EBABE1B9AF->325d518f-bf0d-428a-814f-266b27e759e4@group-9696F0872FC0, cid=2258, SUCCESS, logIndex=3784, commits[325d518f-bf0d-428a-814f-266b27e759e4:c3786]
2019-06-15 10:53:10,141 INFO  client.GrpcClientProtocolClient (GrpcClientProtocolClient.java:onNext(254)) - client-09EBABE1B9AF->325d518f-bf0d-428a-814f-266b27e759e4: receive RaftClientReply:client-09EBABE1B9AF->325d518f-bf0d-428a-814f-266b27e759e4@group-9696F0872FC0, cid=2259, SUCCESS, logIndex=3785, commits[325d518f-bf0d-428a-814f-266b27e759e4:c3786]
2019-06-15 10:53:10,142 INFO  client.GrpcClientProtocolClient (GrpcClientProtocolClient.java:onNext(254)) - client-09EBABE1B9AF->325d518f-bf0d-428a-814f-266b27e759e4: receive RaftClientReply:client-09EBABE1B9AF->325d518f-bf0d-428a-814f-266b27e759e4@group-9696F0872FC0, cid=2260, SUCCESS, logIndex=3786, commits[325d518f-bf0d-428a-814f-266b27e759e4:c3786]
2019-06-15 10:53:10,146 INFO  client.GrpcClientProtocolClient (GrpcClientProtocolClient.java:onNext(254)) - client-09EBABE1B9AF->325d518f-bf0d-428a-814f-266b27e759e4: receive RaftClientReply:client-09EBABE1B9AF->325d518f-bf0d-428a-814f-266b27e759e4@group-9696F0872FC0, cid=2261, SUCCESS, logIndex=3788, commits[325d518f-bf0d-428a-814f-266b27e759e4:c3788]
2019-06-15 10:53:10,148 INFO  client.GrpcClientProtocolClient (GrpcClientProtocolClient.java:onNext(254)) - client-09EBABE1B9AF->325d518f-bf0d-428a-814f-266b27e759e4: receive RaftClientReply:client-09EBABE1B9AF->325d518f-bf0d-428a-814f-266b27e759e4@group-9696F0872FC0, cid=2262, SUCCESS, logIndex=3790, commits[325d518f-bf0d-428a-814f-266b27e759e4:c3790]
2019-06-15 10:53:10,149 INFO  client.GrpcClientProtocolClient (GrpcClientProtocolClient.java:onNext(254)) - client-09EBABE1B9AF->325d518f-bf0d-428a-814f-266b27e759e4: receive RaftClientReply:client-09EBABE1B9AF->325d518f-bf0d-428a-814f-266b27e759e4@group-9696F0872FC0, cid=2263, SUCCESS, logIndex=3791, commits[325d518f-bf0d-428a-814f-266b27e759e4:c3793]
2019-06-15 10:53:10,149 INFO  client.GrpcClientProtocolClient (GrpcClientProtocolClient.java:onNext(254)) - client-09EBABE1B9AF->325d518f-bf0d-428a-814f-266b27e759e4: receive RaftClientReply:client-09EBABE1B9AF->325d518f-bf0d-428a-814f-266b27e759e4@group-9696F0872FC0, cid=2264, SUCCESS, logIndex=3792, commits[325d518f-bf0d-428a-814f-266b27e759e4:c3793]
2019-06-15 10:53:10,158 INFO  client.GrpcClientProtocolClient (GrpcClientProtocolClient.java:onNext(254)) - client-09EBABE1B9AF->325d518f-bf0d-428a-814f-266b27e759e4: receive RaftClientReply:client-09EBABE1B9AF->325d518f-bf0d-428a-814f-266b27e759e4@group-9696F0872FC0, cid=2265, SUCCESS, logIndex=3794, commits[325d518f-bf0d-428a-814f-266b27e759e4:c3794]
2019-06-15 10:53:10,159 INFO  client.GrpcClientProtocolClient (GrpcClientProtocolClient.java:onNext(254)) - client-09EBABE1B9AF->325d518f-bf0d-428a-814f-266b27e759e4: receive RaftClientReply:client-09EBABE1B9AF->325d518f-bf0d-428a-814f-266b27e759e4@group-9696F0872FC0, cid=2266, SUCCESS, logIndex=3796, commits[325d518f-bf0d-428a-814f-266b27e759e4:c3796]
2019-06-15 10:53:10,161 INFO  client.GrpcClientProtocolClient (GrpcClientProtocolClient.java:onNext(254)) - client-09EBABE1B9AF->325d518f-bf0d-428a-814f-266b27e759e4: receive RaftClientReply:client-09EBABE1B9AF->325d518f-bf0d-428a-814f-266b27e759e4@group-9696F0872FC0, cid=2267, SUCCESS, logIndex=3797, commits[325d518f-bf0d-428a-814f-266b27e759e4:c3799]
2019-06-15 10:53:10,161 INFO  client.GrpcClientProtocolClient (GrpcClientProtocolClient.java:onNext(254)) - client-09EBABE1B9AF->325d518f-bf0d-428a-814f-266b27e759e4: receive RaftClientReply:client-09EBABE1B9AF->325d518f-bf0d-428a-814f-266b27e759e4@group-9696F0872FC0, cid=2268, SUCCESS, logIndex=3798, commits[325d518f-bf0d-428a-814f-266b27e759e4:c3799]
2019-06-15 10:53:10,166 INFO  client.GrpcClientProtocolClient (GrpcClientProtocolClient.java:onNext(254)) - client-09EBABE1B9AF->325d518f-bf0d-428a-814f-266b27e759e4: receive RaftClientReply:client-09EBABE1B9AF->325d518f-bf0d-428a-814f-266b27e759e4@group-9696F0872FC0, cid=2269, SUCCESS, logIndex=3800, commits[325d518f-bf0d-428a-814f-266b27e759e4:c3800]
2019-06-15 10:53:10,168 INFO  client.GrpcClientProtocolClient (GrpcClientProtocolClient.java:onNext(254)) - client-09EBABE1B9AF->325d518f-bf0d-428a-814f-266b27e759e4: receive RaftClientReply:client-09EBABE1B9AF->325d518f-bf0d-428a-814f-266b27e759e4@group-9696F0872FC0, cid=2270, SUCCESS, logIndex=3802, commits[325d518f-bf0d-428a-814f-266b27e759e4:c3802]
2019-06-15 10:53:10,168 INFO  client.GrpcClientProtocolClient (GrpcClientProtocolClient.java:onNext(254)) - client-09EBABE1B9AF->325d518f-bf0d-428a-814f-266b27e759e4: receive RaftClientReply:client-09EBABE1B9AF->325d518f-bf0d-428a-814f-266b27e759e4@group-9696F0872FC0, cid=2271, SUCCESS, logIndex=3803, commits[325d518f-bf0d-428a-814f-266b27e759e4:c3804]
2019-06-15 10:53:10,168 INFO  client.GrpcClientProtocolClient (GrpcClientProtocolClient.java:onNext(254)) - client-09EBABE1B9AF->325d518f-bf0d-428a-814f-266b27e759e4: receive RaftClientReply:client-09EBABE1B9AF->325d518f-bf0d-428a-814f-266b27e759e4@group-9696F0872FC0, cid=2272, SUCCESS, logIndex=3804, commits[325d518f-bf0d-428a-814f-266b27e759e4:c3804]
2019-06-15 10:53:10,177 INFO  client.GrpcClientProtocolClient (GrpcClientProtocolClient.java:onNext(254)) - client-09EBABE1B9AF->325d518f-bf0d-428a-814f-266b27e759e4: receive RaftClientReply:client-09EBABE1B9AF->325d518f-bf0d-428a-814f-266b27e759e4@group-9696F0872FC0, cid=2273, SUCCESS, logIndex=3807, commits[325d518f-bf0d-428a-814f-266b27e759e4:c3807]
2019-06-15 10:53:10,178 INFO  client.GrpcClientProtocolClient (GrpcClientProtocolClient.java:onNext(254)) - client-09EBABE1B9AF->325d518f-bf0d-428a-814f-266b27e759e4: receive RaftClientReply:client-09EBABE1B9AF->325d518f-bf0d-428a-814f-266b27e759e4@group-9696F0872FC0, cid=2274, SUCCESS, logIndex=3809, commits[325d518f-bf0d-428a-814f-266b27e759e4:c3809]
2019-06-15 10:53:10,179 INFO  client.GrpcClientProtocolClient (GrpcClientProtocolClient.java:onNext(254)) - client-09EBABE1B9AF->325d518f-bf0d-428a-814f-266b27e759e4: receive RaftClientReply:client-09EBABE1B9AF->325d518f-bf0d-428a-814f-266b27e759e4@group-9696F0872FC0, cid=2275, SUCCESS, logIndex=3810, commits[325d518f-bf0d-428a-814f-266b27e759e4:c3812]
2019-06-15 10:53:10,180 INFO  client.GrpcClientProtocolClient (GrpcClientProtocolClient.java:onNext(254)) - client-09EBABE1B9AF->325d518f-bf0d-428a-814f-266b27e759e4: receive RaftClientReply:client-09EBABE1B9AF->325d518f-bf0d-428a-814f-266b27e759e4@group-9696F0872FC0, cid=2276, SUCCESS, logIndex=3811, commits[325d518f-bf0d-428a-814f-266b27e759e4:c3812]
2019-06-15 10:53:10,182 INFO  storage.RaftLogWorker (RaftLogWorker.java:rollLogSegment(303)) - 325d518f-bf0d-428a-814f-266b27e759e4-RaftLogWorker: Rolling segment log-3741_3812 to index:3812
2019-06-15 10:53:10,183 INFO  storage.RaftLogWorker (RaftLogWorker.java:execute(433)) - 325d518f-bf0d-428a-814f-266b27e759e4-RaftLogWorker: Rolled log segment from /opt/src/hadoop-ozone/integration-test/target/test-dir/MiniOzoneClusterImpl-dd99cefe-9779-4043-9d74-181b69d2a827/datanode-0/data/ratis/e0f1d9ef-e225-4b24-a786-9696f0872fc0/current/log_inprogress_3741 to /opt/src/hadoop-ozone/integration-test/target/test-dir/MiniOzoneClusterImpl-dd99cefe-9779-4043-9d74-181b69d2a827/datanode-0/data/ratis/e0f1d9ef-e225-4b24-a786-9696f0872fc0/current/log_3741-3812
2019-06-15 10:53:10,219 INFO  storage.RaftLogWorker (RaftLogWorker.java:execute(469)) - 325d518f-bf0d-428a-814f-266b27e759e4-RaftLogWorker: created new log segment /opt/src/hadoop-ozone/integration-test/target/test-dir/MiniOzoneClusterImpl-dd99cefe-9779-4043-9d74-181b69d2a827/datanode-0/data/ratis/e0f1d9ef-e225-4b24-a786-9696f0872fc0/current/log_inprogress_3813
2019-06-15 10:53:10,220 INFO  client.GrpcClientProtocolClient (GrpcClientProtocolClient.java:onNext(254)) - client-09EBABE1B9AF->325d518f-bf0d-428a-814f-266b27e759e4: receive RaftClientReply:client-09EBABE1B9AF->325d518f-bf0d-428a-814f-266b27e759e4@group-9696F0872FC0, cid=2277, SUCCESS, logIndex=3813, commits[325d518f-bf0d-428a-814f-266b27e759e4:c3813]
2019-06-15 10:53:10,260 DEBUG block.SCMBlockDeletingService (SCMBlockDeletingService.java:call(138)) - Running DeletedBlockTransactionScanner
2019-06-15 10:53:10,261 DEBUG block.SCMBlockDeletingService (SCMBlockDeletingService.java:call(155)) - Scanned deleted blocks log and got 0 delTX to process.
2019-06-15 10:53:10,261 INFO  client.GrpcClientProtocolClient (GrpcClientProtocolClient.java:onNext(254)) - client-09EBABE1B9AF->325d518f-bf0d-428a-814f-266b27e759e4: receive RaftClientReply:client-09EBABE1B9AF->325d518f-bf0d-428a-814f-266b27e759e4@group-9696F0872FC0, cid=2278, SUCCESS, logIndex=3815, commits[325d518f-bf0d-428a-814f-266b27e759e4:c3815]
2019-06-15 10:53:10,265 INFO  client.GrpcClientProtocolClient (GrpcClientProtocolClient.java:onNext(254)) - client-09EBABE1B9AF->325d518f-bf0d-428a-814f-266b27e759e4: receive RaftClientReply:client-09EBABE1B9AF->325d518f-bf0d-428a-814f-266b27e759e4@group-9696F0872FC0, cid=2279, SUCCESS, logIndex=3816, commits[325d518f-bf0d-428a-814f-266b27e759e4:c3818]
2019-06-15 10:53:10,266 INFO  client.GrpcClientProtocolClient (GrpcClientProtocolClient.java:onNext(254)) - client-09EBABE1B9AF->325d518f-bf0d-428a-814f-266b27e759e4: receive RaftClientReply:client-09EBABE1B9AF->325d518f-bf0d-428a-814f-266b27e759e4@group-9696F0872FC0, cid=2280, SUCCESS, logIndex=3817, commits[325d518f-bf0d-428a-814f-266b27e759e4:c3818]
2019-06-15 10:53:10,275 INFO  client.GrpcClientProtocolClient (GrpcClientProtocolClient.java:onNext(254)) - client-09EBABE1B9AF->325d518f-bf0d-428a-814f-266b27e759e4: receive RaftClientReply:client-09EBABE1B9AF->325d518f-bf0d-428a-814f-266b27e759e4@group-9696F0872FC0, cid=2281, SUCCESS, logIndex=3819, commits[325d518f-bf0d-428a-814f-266b27e759e4:c3819]
2019-06-15 10:53:10,276 INFO  client.GrpcClientProtocolClient (GrpcClientProtocolClient.java:onNext(254)) - client-09EBABE1B9AF->325d518f-bf0d-428a-814f-266b27e759e4: receive RaftClientReply:client-09EBABE1B9AF->325d518f-bf0d-428a-814f-266b27e759e4@group-9696F0872FC0, cid=2282, SUCCESS, logIndex=3821, commits[325d518f-bf0d-428a-814f-266b27e759e4:c3821]
2019-06-15 10:53:10,277 INFO  client.GrpcClientProtocolClient (GrpcClientProtocolClient.java:onNext(254)) - client-09EBABE1B9AF->325d518f-bf0d-428a-814f-266b27e759e4: receive RaftClientReply:client-09EBABE1B9AF->325d518f-bf0d-428a-814f-266b27e759e4@group-9696F0872FC0, cid=2283, SUCCESS, logIndex=3822, commits[325d518f-bf0d-428a-814f-266b27e759e4:c3824]
2019-06-15 10:53:10,278 INFO  client.GrpcClientProtocolClient (GrpcClientProtocolClient.java:onNext(254)) - client-09EBABE1B9AF->325d518f-bf0d-428a-814f-266b27e759e4: receive RaftClientReply:client-09EBABE1B9AF->325d518f-bf0d-428a-814f-266b27e759e4@group-9696F0872FC0, cid=2284, SUCCESS, logIndex=3823, commits[325d518f-bf0d-428a-814f-266b27e759e4:c3824]
2019-06-15 10:53:10,282 INFO  client.GrpcClientProtocolClient (GrpcClientProtocolClient.java:onNext(254)) - client-09EBABE1B9AF->325d518f-bf0d-428a-814f-266b27e759e4: receive RaftClientReply:client-09EBABE1B9AF->325d518f-bf0d-428a-814f-266b27e759e4@group-9696F0872FC0, cid=2285, SUCCESS, logIndex=3825, commits[325d518f-bf0d-428a-814f-266b27e759e4:c3825]
2019-06-15 10:53:10,283 INFO  client.GrpcClientProtocolClient (GrpcClientProtocolClient.java:onNext(254)) - client-09EBABE1B9AF->325d518f-bf0d-428a-814f-266b27e759e4: receive RaftClientReply:client-09EBABE1B9AF->325d518f-bf0d-428a-814f-266b27e759e4@group-9696F0872FC0, cid=2286, SUCCESS, logIndex=3827, commits[325d518f-bf0d-428a-814f-266b27e759e4:c3827]
2019-06-15 10:53:10,284 INFO  client.GrpcClientProtocolClient (GrpcClientProtocolClient.java:onNext(254)) - client-09EBABE1B9AF->325d518f-bf0d-428a-814f-266b27e759e4: receive RaftClientReply:client-09EBABE1B9AF->325d518f-bf0d-428a-814f-266b27e759e4@group-9696F0872FC0, cid=2287, SUCCESS, logIndex=3828, commits[325d518f-bf0d-428a-814f-266b27e759e4:c3830]
2019-06-15 10:53:10,285 INFO  client.GrpcClientProtocolClient (GrpcClientProtocolClient.java:onNext(254)) - client-09EBABE1B9AF->325d518f-bf0d-428a-814f-266b27e759e4: receive RaftClientReply:client-09EBABE1B9AF->325d518f-bf0d-428a-814f-266b27e759e4@group-9696F0872FC0, cid=2288, SUCCESS, logIndex=3829, commits[325d518f-bf0d-428a-814f-266b27e759e4:c3830]
2019-06-15 10:53:10,294 INFO  client.GrpcClientProtocolClient (GrpcClientProtocolClient.java:onNext(254)) - client-09EBABE1B9AF->325d518f-bf0d-428a-814f-266b27e759e4: receive RaftClientReply:client-09EBABE1B9AF->325d518f-bf0d-428a-814f-266b27e759e4@group-9696F0872FC0, cid=2289, SUCCESS, logIndex=3831, commits[325d518f-bf0d-428a-814f-266b27e759e4:c3831]
2019-06-15 10:53:10,295 INFO  client.GrpcClientProtocolClient (GrpcClientProtocolClient.java:onNext(254)) - client-09EBABE1B9AF->325d518f-bf0d-428a-814f-266b27e759e4: receive RaftClientReply:client-09EBABE1B9AF->325d518f-bf0d-428a-814f-266b27e759e4@group-9696F0872FC0, cid=2290, SUCCESS, logIndex=3833, commits[325d518f-bf0d-428a-814f-266b27e759e4:c3833]
2019-06-15 10:53:10,297 INFO  client.GrpcClientProtocolClient (GrpcClientProtocolClient.java:onNext(254)) - client-09EBABE1B9AF->325d518f-bf0d-428a-814f-266b27e759e4: receive RaftClientReply:client-09EBABE1B9AF->325d518f-bf0d-428a-814f-266b27e759e4@group-9696F0872FC0, cid=2291, SUCCESS, logIndex=3834, commits[325d518f-bf0d-428a-814f-266b27e759e4:c3836]
2019-06-15 10:53:10,297 INFO  client.GrpcClientProtocolClient (GrpcClientProtocolClient.java:onNext(254)) - client-09EBABE1B9AF->325d518f-bf0d-428a-814f-266b27e759e4: receive RaftClientReply:client-09EBABE1B9AF->325d518f-bf0d-428a-814f-266b27e759e4@group-9696F0872FC0, cid=2292, SUCCESS, logIndex=3835, commits[325d518f-bf0d-428a-814f-266b27e759e4:c3836]
2019-06-15 10:53:10,301 INFO  client.GrpcClientProtocolClient (GrpcClientProtocolClient.java:onNext(254)) - client-09EBABE1B9AF->325d518f-bf0d-428a-814f-266b27e759e4: receive RaftClientReply:client-09EBABE1B9AF->325d518f-bf0d-428a-814f-266b27e759e4@group-9696F0872FC0, cid=2293, SUCCESS, logIndex=3837, commits[325d518f-bf0d-428a-814f-266b27e759e4:c3837]
2019-06-15 10:53:10,302 INFO  client.GrpcClientProtocolClient (GrpcClientProtocolClient.java:onNext(254)) - client-09EBABE1B9AF->325d518f-bf0d-428a-814f-266b27e759e4: receive RaftClientReply:client-09EBABE1B9AF->325d518f-bf0d-428a-814f-266b27e759e4@group-9696F0872FC0, cid=2294, SUCCESS, logIndex=3839, commits[325d518f-bf0d-428a-814f-266b27e759e4:c3839]
2019-06-15 10:53:10,304 INFO  client.GrpcClientProtocolClient (GrpcClientProtocolClient.java:onNext(254)) - client-09EBABE1B9AF->325d518f-bf0d-428a-814f-266b27e759e4: receive RaftClientReply:client-09EBABE1B9AF->325d518f-bf0d-428a-814f-266b27e759e4@group-9696F0872FC0, cid=2295, SUCCESS, logIndex=3840, commits[325d518f-bf0d-428a-814f-266b27e759e4:c3842]
2019-06-15 10:53:10,304 INFO  client.GrpcClientProtocolClient (GrpcClientProtocolClient.java:onNext(254)) - client-09EBABE1B9AF->325d518f-bf0d-428a-814f-266b27e759e4: receive RaftClientReply:client-09EBABE1B9AF->325d518f-bf0d-428a-814f-266b27e759e4@group-9696F0872FC0, cid=2296, SUCCESS, logIndex=3841, commits[325d518f-bf0d-428a-814f-266b27e759e4:c3842]
2019-06-15 10:53:10,312 INFO  client.GrpcClientProtocolClient (GrpcClientProtocolClient.java:onNext(254)) - client-09EBABE1B9AF->325d518f-bf0d-428a-814f-266b27e759e4: receive RaftClientReply:client-09EBABE1B9AF->325d518f-bf0d-428a-814f-266b27e759e4@group-9696F0872FC0, cid=2297, SUCCESS, logIndex=3843, commits[325d518f-bf0d-428a-814f-266b27e759e4:c3843]
2019-06-15 10:53:10,313 INFO  client.GrpcClientProtocolClient (GrpcClientProtocolClient.java:onNext(254)) - client-09EBABE1B9AF->325d518f-bf0d-428a-814f-266b27e759e4: receive RaftClientReply:client-09EBABE1B9AF->325d518f-bf0d-428a-814f-266b27e759e4@group-9696F0872FC0, cid=2298, SUCCESS, logIndex=3845, commits[325d518f-bf0d-428a-814f-266b27e759e4:c3845]
2019-06-15 10:53:10,361 DEBUG block.SCMBlockDeletingService (SCMBlockDeletingService.java:call(138)) - Running DeletedBlockTransactionScanner
2019-06-15 10:53:10,361 DEBUG block.SCMBlockDeletingService (SCMBlockDeletingService.java:call(155)) - Scanned deleted blocks log and got 0 delTX to process.
2019-06-15 10:53:10,378 INFO  client.GrpcClientProtocolClient (GrpcClientProtocolClient.java:onNext(254)) - client-09EBABE1B9AF->325d518f-bf0d-428a-814f-266b27e759e4: receive RaftClientReply:client-09EBABE1B9AF->325d518f-bf0d-428a-814f-266b27e759e4@group-9696F0872FC0, cid=2299, SUCCESS, logIndex=3847, commits[325d518f-bf0d-428a-814f-266b27e759e4:c3847]
2019-06-15 10:53:10,379 INFO  client.GrpcClientProtocolClient (GrpcClientProtocolClient.java:onNext(254)) - client-09EBABE1B9AF->325d518f-bf0d-428a-814f-266b27e759e4: receive RaftClientReply:client-09EBABE1B9AF->325d518f-bf0d-428a-814f-266b27e759e4@group-9696F0872FC0, cid=2300, SUCCESS, logIndex=3849, commits[325d518f-bf0d-428a-814f-266b27e759e4:c3849]
2019-06-15 10:53:10,384 INFO  client.GrpcClientProtocolClient (GrpcClientProtocolClient.java:onNext(254)) - client-09EBABE1B9AF->325d518f-bf0d-428a-814f-266b27e759e4: receive RaftClientReply:client-09EBABE1B9AF->325d518f-bf0d-428a-814f-266b27e759e4@group-9696F0872FC0, cid=2301, SUCCESS, logIndex=3851, commits[325d518f-bf0d-428a-814f-266b27e759e4:c3851]
2019-06-15 10:53:10,385 INFO  client.GrpcClientProtocolClient (GrpcClientProtocolClient.java:onNext(254)) - client-09EBABE1B9AF->325d518f-bf0d-428a-814f-266b27e759e4: receive RaftClientReply:client-09EBABE1B9AF->325d518f-bf0d-428a-814f-266b27e759e4@group-9696F0872FC0, cid=2302, SUCCESS, logIndex=3853, commits[325d518f-bf0d-428a-814f-266b27e759e4:c3853]
2019-06-15 10:53:10,386 INFO  client.GrpcClientProtocolClient (GrpcClientProtocolClient.java:onNext(254)) - client-09EBABE1B9AF->325d518f-bf0d-428a-814f-266b27e759e4: receive RaftClientReply:client-09EBABE1B9AF->325d518f-bf0d-428a-814f-266b27e759e4@group-9696F0872FC0, cid=2303, SUCCESS, logIndex=3854, commits[325d518f-bf0d-428a-814f-266b27e759e4:c3856]
2019-06-15 10:53:10,387 INFO  client.GrpcClientProtocolClient (GrpcClientProtocolClient.java:onNext(254)) - client-09EBABE1B9AF->325d518f-bf0d-428a-814f-266b27e759e4: receive RaftClientReply:client-09EBABE1B9AF->325d518f-bf0d-428a-814f-266b27e759e4@group-9696F0872FC0, cid=2304, SUCCESS, logIndex=3855, commits[325d518f-bf0d-428a-814f-266b27e759e4:c3856]
2019-06-15 10:53:10,397 INFO  client.GrpcClientProtocolClient (GrpcClientProtocolClient.java:onNext(254)) - client-09EBABE1B9AF->325d518f-bf0d-428a-814f-266b27e759e4: receive RaftClientReply:client-09EBABE1B9AF->325d518f-bf0d-428a-814f-266b27e759e4@group-9696F0872FC0, cid=2305, SUCCESS, logIndex=3857, commits[325d518f-bf0d-428a-814f-266b27e759e4:c3857]
2019-06-15 10:53:10,401 INFO  client.GrpcClientProtocolClient (GrpcClientProtocolClient.java:onNext(254)) - client-09EBABE1B9AF->325d518f-bf0d-428a-814f-266b27e759e4: receive RaftClientReply:client-09EBABE1B9AF->325d518f-bf0d-428a-814f-266b27e759e4@group-9696F0872FC0, cid=2306, SUCCESS, logIndex=3859, commits[325d518f-bf0d-428a-814f-266b27e759e4:c3859]
2019-06-15 10:53:10,402 INFO  client.GrpcClientProtocolClient (GrpcClientProtocolClient.java:onNext(254)) - client-09EBABE1B9AF->325d518f-bf0d-428a-814f-266b27e759e4: receive RaftClientReply:client-09EBABE1B9AF->325d518f-bf0d-428a-814f-266b27e759e4@group-9696F0872FC0, cid=2307, SUCCESS, logIndex=3860, commits[325d518f-bf0d-428a-814f-266b27e759e4:c3862]
2019-06-15 10:53:10,402 INFO  client.GrpcClientProtocolClient (GrpcClientProtocolClient.java:onNext(254)) - client-09EBABE1B9AF->325d518f-bf0d-428a-814f-266b27e759e4: receive RaftClientReply:client-09EBABE1B9AF->325d518f-bf0d-428a-814f-266b27e759e4@group-9696F0872FC0, cid=2308, SUCCESS, logIndex=3861, commits[325d518f-bf0d-428a-814f-266b27e759e4:c3862]
2019-06-15 10:53:10,407 INFO  client.GrpcClientProtocolClient (GrpcClientProtocolClient.java:onNext(254)) - client-09EBABE1B9AF->325d518f-bf0d-428a-814f-266b27e759e4: receive RaftClientReply:client-09EBABE1B9AF->325d518f-bf0d-428a-814f-266b27e759e4@group-9696F0872FC0, cid=2309, SUCCESS, logIndex=3863, commits[325d518f-bf0d-428a-814f-266b27e759e4:c3863]
2019-06-15 10:53:10,408 INFO  client.GrpcClientProtocolClient (GrpcClientProtocolClient.java:onNext(254)) - client-09EBABE1B9AF->325d518f-bf0d-428a-814f-266b27e759e4: receive RaftClientReply:client-09EBABE1B9AF->325d518f-bf0d-428a-814f-266b27e759e4@group-9696F0872FC0, cid=2310, SUCCESS, logIndex=3865, commits[325d518f-bf0d-428a-814f-266b27e759e4:c3865]
2019-06-15 10:53:10,409 INFO  client.GrpcClientProtocolClient (GrpcClientProtocolClient.java:onNext(254)) - client-09EBABE1B9AF->325d518f-bf0d-428a-814f-266b27e759e4: receive RaftClientReply:client-09EBABE1B9AF->325d518f-bf0d-428a-814f-266b27e759e4@group-9696F0872FC0, cid=2311, SUCCESS, logIndex=3866, commits[325d518f-bf0d-428a-814f-266b27e759e4:c3866]
2019-06-15 10:53:10,409 INFO  client.GrpcClientProtocolClient (GrpcClientProtocolClient.java:onNext(254)) - client-09EBABE1B9AF->325d518f-bf0d-428a-814f-266b27e759e4: receive RaftClientReply:client-09EBABE1B9AF->325d518f-bf0d-428a-814f-266b27e759e4@group-9696F0872FC0, cid=2312, SUCCESS, logIndex=3868, commits[325d518f-bf0d-428a-814f-266b27e759e4:c3868]
2019-06-15 10:53:10,421 INFO  client.GrpcClientProtocolClient (GrpcClientProtocolClient.java:onNext(254)) - client-09EBABE1B9AF->325d518f-bf0d-428a-814f-266b27e759e4: receive RaftClientReply:client-09EBABE1B9AF->325d518f-bf0d-428a-814f-266b27e759e4@group-9696F0872FC0, cid=2313, SUCCESS, logIndex=3871, commits[325d518f-bf0d-428a-814f-266b27e759e4:c3871]
2019-06-15 10:53:10,422 INFO  client.GrpcClientProtocolClient (GrpcClientProtocolClient.java:onNext(254)) - client-09EBABE1B9AF->325d518f-bf0d-428a-814f-266b27e759e4: receive RaftClientReply:client-09EBABE1B9AF->325d518f-bf0d-428a-814f-266b27e759e4@group-9696F0872FC0, cid=2314, SUCCESS, logIndex=3873, commits[325d518f-bf0d-428a-814f-266b27e759e4:c3873]
2019-06-15 10:53:10,424 INFO  client.GrpcClientProtocolClient (GrpcClientProtocolClient.java:onNext(254)) - client-09EBABE1B9AF->325d518f-bf0d-428a-814f-266b27e759e4: receive RaftClientReply:client-09EBABE1B9AF->325d518f-bf0d-428a-814f-266b27e759e4@group-9696F0872FC0, cid=2315, SUCCESS, logIndex=3874, commits[325d518f-bf0d-428a-814f-266b27e759e4:c3876]
2019-06-15 10:53:10,424 INFO  client.GrpcClientProtocolClient (GrpcClientProtocolClient.java:onNext(254)) - client-09EBABE1B9AF->325d518f-bf0d-428a-814f-266b27e759e4: receive RaftClientReply:client-09EBABE1B9AF->325d518f-bf0d-428a-814f-266b27e759e4@group-9696F0872FC0, cid=2316, SUCCESS, logIndex=3875, commits[325d518f-bf0d-428a-814f-266b27e759e4:c3876]
2019-06-15 10:53:10,431 INFO  client.GrpcClientProtocolClient (GrpcClientProtocolClient.java:onNext(254)) - client-09EBABE1B9AF->325d518f-bf0d-428a-814f-266b27e759e4: receive RaftClientReply:client-09EBABE1B9AF->325d518f-bf0d-428a-814f-266b27e759e4@group-9696F0872FC0, cid=2317, SUCCESS, logIndex=3877, commits[325d518f-bf0d-428a-814f-266b27e759e4:c3877]
2019-06-15 10:53:10,431 INFO  storage.RaftLogWorker (RaftLogWorker.java:rollLogSegment(303)) - 325d518f-bf0d-428a-814f-266b27e759e4-RaftLogWorker: Rolling segment log-3813_3880 to index:3880
2019-06-15 10:53:10,432 INFO  storage.RaftLogWorker (RaftLogWorker.java:execute(433)) - 325d518f-bf0d-428a-814f-266b27e759e4-RaftLogWorker: Rolled log segment from /opt/src/hadoop-ozone/integration-test/target/test-dir/MiniOzoneClusterImpl-dd99cefe-9779-4043-9d74-181b69d2a827/datanode-0/data/ratis/e0f1d9ef-e225-4b24-a786-9696f0872fc0/current/log_inprogress_3813 to /opt/src/hadoop-ozone/integration-test/target/test-dir/MiniOzoneClusterImpl-dd99cefe-9779-4043-9d74-181b69d2a827/datanode-0/data/ratis/e0f1d9ef-e225-4b24-a786-9696f0872fc0/current/log_3813-3880
2019-06-15 10:53:10,433 INFO  client.GrpcClientProtocolClient (GrpcClientProtocolClient.java:onNext(254)) - client-09EBABE1B9AF->325d518f-bf0d-428a-814f-266b27e759e4: receive RaftClientReply:client-09EBABE1B9AF->325d518f-bf0d-428a-814f-266b27e759e4@group-9696F0872FC0, cid=2318, SUCCESS, logIndex=3879, commits[325d518f-bf0d-428a-814f-266b27e759e4:c3879]
2019-06-15 10:53:10,433 INFO  client.GrpcClientProtocolClient (GrpcClientProtocolClient.java:onNext(254)) - client-09EBABE1B9AF->325d518f-bf0d-428a-814f-266b27e759e4: receive RaftClientReply:client-09EBABE1B9AF->325d518f-bf0d-428a-814f-266b27e759e4@group-9696F0872FC0, cid=2319, SUCCESS, logIndex=3880, commits[325d518f-bf0d-428a-814f-266b27e759e4:c3880]
2019-06-15 10:53:10,461 DEBUG block.SCMBlockDeletingService (SCMBlockDeletingService.java:call(138)) - Running DeletedBlockTransactionScanner
2019-06-15 10:53:10,462 DEBUG block.SCMBlockDeletingService (SCMBlockDeletingService.java:call(155)) - Scanned deleted blocks log and got 0 delTX to process.
2019-06-15 10:53:10,468 INFO  storage.RaftLogWorker (RaftLogWorker.java:execute(469)) - 325d518f-bf0d-428a-814f-266b27e759e4-RaftLogWorker: created new log segment /opt/src/hadoop-ozone/integration-test/target/test-dir/MiniOzoneClusterImpl-dd99cefe-9779-4043-9d74-181b69d2a827/datanode-0/data/ratis/e0f1d9ef-e225-4b24-a786-9696f0872fc0/current/log_inprogress_3881
2019-06-15 10:53:10,470 INFO  client.GrpcClientProtocolClient (GrpcClientProtocolClient.java:onNext(254)) - client-09EBABE1B9AF->325d518f-bf0d-428a-814f-266b27e759e4: receive RaftClientReply:client-09EBABE1B9AF->325d518f-bf0d-428a-814f-266b27e759e4@group-9696F0872FC0, cid=2320, SUCCESS, logIndex=3881, commits[325d518f-bf0d-428a-814f-266b27e759e4:c3883]
2019-06-15 10:53:10,479 INFO  client.GrpcClientProtocolClient (GrpcClientProtocolClient.java:onNext(254)) - client-09EBABE1B9AF->325d518f-bf0d-428a-814f-266b27e759e4: receive RaftClientReply:client-09EBABE1B9AF->325d518f-bf0d-428a-814f-266b27e759e4@group-9696F0872FC0, cid=2321, SUCCESS, logIndex=3884, commits[325d518f-bf0d-428a-814f-266b27e759e4:c3884]
2019-06-15 10:53:10,481 INFO  client.GrpcClientProtocolClient (GrpcClientProtocolClient.java:onNext(254)) - client-09EBABE1B9AF->325d518f-bf0d-428a-814f-266b27e759e4: receive RaftClientReply:client-09EBABE1B9AF->325d518f-bf0d-428a-814f-266b27e759e4@group-9696F0872FC0, cid=2322, SUCCESS, logIndex=3886, commits[325d518f-bf0d-428a-814f-266b27e759e4:c3886]
2019-06-15 10:53:10,482 INFO  client.GrpcClientProtocolClient (GrpcClientProtocolClient.java:onNext(254)) - client-09EBABE1B9AF->325d518f-bf0d-428a-814f-266b27e759e4: receive RaftClientReply:client-09EBABE1B9AF->325d518f-bf0d-428a-814f-266b27e759e4@group-9696F0872FC0, cid=2323, SUCCESS, logIndex=3887, commits[325d518f-bf0d-428a-814f-266b27e759e4:c3889]
2019-06-15 10:53:10,482 INFO  client.GrpcClientProtocolClient (GrpcClientProtocolClient.java:onNext(254)) - client-09EBABE1B9AF->325d518f-bf0d-428a-814f-266b27e759e4: receive RaftClientReply:client-09EBABE1B9AF->325d518f-bf0d-428a-814f-266b27e759e4@group-9696F0872FC0, cid=2324, SUCCESS, logIndex=3888, commits[325d518f-bf0d-428a-814f-266b27e759e4:c3889]
2019-06-15 10:53:10,487 INFO  client.GrpcClientProtocolClient (GrpcClientProtocolClient.java:onNext(254)) - client-09EBABE1B9AF->325d518f-bf0d-428a-814f-266b27e759e4: receive RaftClientReply:client-09EBABE1B9AF->325d518f-bf0d-428a-814f-266b27e759e4@group-9696F0872FC0, cid=2325, SUCCESS, logIndex=3890, commits[325d518f-bf0d-428a-814f-266b27e759e4:c3890]
2019-06-15 10:53:10,489 INFO  client.GrpcClientProtocolClient (GrpcClientProtocolClient.java:onNext(254)) - client-09EBABE1B9AF->325d518f-bf0d-428a-814f-266b27e759e4: receive RaftClientReply:client-09EBABE1B9AF->325d518f-bf0d-428a-814f-266b27e759e4@group-9696F0872FC0, cid=2326, SUCCESS, logIndex=3892, commits[325d518f-bf0d-428a-814f-266b27e759e4:c3892]
2019-06-15 10:53:10,490 INFO  client.GrpcClientProtocolClient (GrpcClientProtocolClient.java:onNext(254)) - client-09EBABE1B9AF->325d518f-bf0d-428a-814f-266b27e759e4: receive RaftClientReply:client-09EBABE1B9AF->325d518f-bf0d-428a-814f-266b27e759e4@group-9696F0872FC0, cid=2327, SUCCESS, logIndex=3893, commits[325d518f-bf0d-428a-814f-266b27e759e4:c3895]
2019-06-15 10:53:10,490 INFO  client.GrpcClientProtocolClient (GrpcClientProtocolClient.java:onNext(254)) - client-09EBABE1B9AF->325d518f-bf0d-428a-814f-266b27e759e4: receive RaftClientReply:client-09EBABE1B9AF->325d518f-bf0d-428a-814f-266b27e759e4@group-9696F0872FC0, cid=2328, SUCCESS, logIndex=3894, commits[325d518f-bf0d-428a-814f-266b27e759e4:c3895]
2019-06-15 10:53:10,499 INFO  client.GrpcClientProtocolClient (GrpcClientProtocolClient.java:onNext(254)) - client-09EBABE1B9AF->325d518f-bf0d-428a-814f-266b27e759e4: receive RaftClientReply:client-09EBABE1B9AF->325d518f-bf0d-428a-814f-266b27e759e4@group-9696F0872FC0, cid=2329, SUCCESS, logIndex=3896, commits[325d518f-bf0d-428a-814f-266b27e759e4:c3896]
2019-06-15 10:53:10,500 INFO  client.GrpcClientProtocolClient (GrpcClientProtocolClient.java:onNext(254)) - client-09EBABE1B9AF->325d518f-bf0d-428a-814f-266b27e759e4: receive RaftClientReply:client-09EBABE1B9AF->325d518f-bf0d-428a-814f-266b27e759e4@group-9696F0872FC0, cid=2330, SUCCESS, logIndex=3898, commits[325d518f-bf0d-428a-814f-266b27e759e4:c3898]
2019-06-15 10:53:10,501 INFO  client.GrpcClientProtocolClient (GrpcClientProtocolClient.java:onNext(254)) - client-09EBABE1B9AF->325d518f-bf0d-428a-814f-266b27e759e4: receive RaftClientReply:client-09EBABE1B9AF->325d518f-bf0d-428a-814f-266b27e759e4@group-9696F0872FC0, cid=2331, SUCCESS, logIndex=3899, commits[325d518f-bf0d-428a-814f-266b27e759e4:c3900]
2019-06-15 10:53:10,502 INFO  client.GrpcClientProtocolClient (GrpcClientProtocolClient.java:onNext(254)) - client-09EBABE1B9AF->325d518f-bf0d-428a-814f-266b27e759e4: receive RaftClientReply:client-09EBABE1B9AF->325d518f-bf0d-428a-814f-266b27e759e4@group-9696F0872FC0, cid=2332, SUCCESS, logIndex=3901, commits[325d518f-bf0d-428a-814f-266b27e759e4:c3901]
2019-06-15 10:53:10,506 INFO  client.GrpcClientProtocolClient (GrpcClientProtocolClient.java:onNext(254)) - client-09EBABE1B9AF->325d518f-bf0d-428a-814f-266b27e759e4: receive RaftClientReply:client-09EBABE1B9AF->325d518f-bf0d-428a-814f-266b27e759e4@group-9696F0872FC0, cid=2333, SUCCESS, logIndex=3903, commits[325d518f-bf0d-428a-814f-266b27e759e4:c3903]
2019-06-15 10:53:10,507 INFO  client.GrpcClientProtocolClient (GrpcClientProtocolClient.java:onNext(254)) - client-09EBABE1B9AF->325d518f-bf0d-428a-814f-266b27e759e4: receive RaftClientReply:client-09EBABE1B9AF->325d518f-bf0d-428a-814f-266b27e759e4@group-9696F0872FC0, cid=2334, SUCCESS, logIndex=3905, commits[325d518f-bf0d-428a-814f-266b27e759e4:c3905]
2019-06-15 10:53:10,509 INFO  client.GrpcClientProtocolClient (GrpcClientProtocolClient.java:onNext(254)) - client-09EBABE1B9AF->325d518f-bf0d-428a-814f-266b27e759e4: receive RaftClientReply:client-09EBABE1B9AF->325d518f-bf0d-428a-814f-266b27e759e4@group-9696F0872FC0, cid=2335, SUCCESS, logIndex=3906, commits[325d518f-bf0d-428a-814f-266b27e759e4:c3908]
2019-06-15 10:53:10,509 INFO  client.GrpcClientProtocolClient (GrpcClientProtocolClient.java:onNext(254)) - client-09EBABE1B9AF->325d518f-bf0d-428a-814f-266b27e759e4: receive RaftClientReply:client-09EBABE1B9AF->325d518f-bf0d-428a-814f-266b27e759e4@group-9696F0872FC0, cid=2336, SUCCESS, logIndex=3907, commits[325d518f-bf0d-428a-814f-266b27e759e4:c3908]
2019-06-15 10:53:10,517 INFO  client.GrpcClientProtocolClient (GrpcClientProtocolClient.java:onNext(254)) - client-09EBABE1B9AF->325d518f-bf0d-428a-814f-266b27e759e4: receive RaftClientReply:client-09EBABE1B9AF->325d518f-bf0d-428a-814f-266b27e759e4@group-9696F0872FC0, cid=2337, SUCCESS, logIndex=3909, commits[325d518f-bf0d-428a-814f-266b27e759e4:c3909]
2019-06-15 10:53:10,518 INFO  client.GrpcClientProtocolClient (GrpcClientProtocolClient.java:onNext(254)) - client-09EBABE1B9AF->325d518f-bf0d-428a-814f-266b27e759e4: receive RaftClientReply:client-09EBABE1B9AF->325d518f-bf0d-428a-814f-266b27e759e4@group-9696F0872FC0, cid=2338, SUCCESS, logIndex=3911, commits[325d518f-bf0d-428a-814f-266b27e759e4:c3911]
2019-06-15 10:53:10,519 INFO  client.GrpcClientProtocolClient (GrpcClientProtocolClient.java:onNext(254)) - client-09EBABE1B9AF->325d518f-bf0d-428a-814f-266b27e759e4: receive RaftClientReply:client-09EBABE1B9AF->325d518f-bf0d-428a-814f-266b27e759e4@group-9696F0872FC0, cid=2339, SUCCESS, logIndex=3912, commits[325d518f-bf0d-428a-814f-266b27e759e4:c3914]
2019-06-15 10:53:10,520 INFO  client.GrpcClientProtocolClient (GrpcClientProtocolClient.java:onNext(254)) - client-09EBABE1B9AF->325d518f-bf0d-428a-814f-266b27e759e4: receive RaftClientReply:client-09EBABE1B9AF->325d518f-bf0d-428a-814f-266b27e759e4@group-9696F0872FC0, cid=2340, SUCCESS, logIndex=3913, commits[325d518f-bf0d-428a-814f-266b27e759e4:c3914]
2019-06-15 10:53:10,524 INFO  client.GrpcClientProtocolClient (GrpcClientProtocolClient.java:onNext(254)) - client-09EBABE1B9AF->325d518f-bf0d-428a-814f-266b27e759e4: receive RaftClientReply:client-09EBABE1B9AF->325d518f-bf0d-428a-814f-266b27e759e4@group-9696F0872FC0, cid=2341, SUCCESS, logIndex=3915, commits[325d518f-bf0d-428a-814f-266b27e759e4:c3915]
2019-06-15 10:53:10,531 INFO  client.GrpcClientProtocolClient (GrpcClientProtocolClient.java:onNext(254)) - client-09EBABE1B9AF->325d518f-bf0d-428a-814f-266b27e759e4: receive RaftClientReply:client-09EBABE1B9AF->325d518f-bf0d-428a-814f-266b27e759e4@group-9696F0872FC0, cid=2342, SUCCESS, logIndex=3917, commits[325d518f-bf0d-428a-814f-266b27e759e4:c3917]
2019-06-15 10:53:10,562 DEBUG block.SCMBlockDeletingService (SCMBlockDeletingService.java:call(138)) - Running DeletedBlockTransactionScanner
2019-06-15 10:53:10,562 DEBUG block.SCMBlockDeletingService (SCMBlockDeletingService.java:call(155)) - Scanned deleted blocks log and got 0 delTX to process.
2019-06-15 10:53:10,594 INFO  client.GrpcClientProtocolClient (GrpcClientProtocolClient.java:onNext(254)) - client-09EBABE1B9AF->325d518f-bf0d-428a-814f-266b27e759e4: receive RaftClientReply:client-09EBABE1B9AF->325d518f-bf0d-428a-814f-266b27e759e4@group-9696F0872FC0, cid=2343, SUCCESS, logIndex=3919, commits[325d518f-bf0d-428a-814f-266b27e759e4:c3919]
2019-06-15 10:53:10,595 INFO  client.GrpcClientProtocolClient (GrpcClientProtocolClient.java:onNext(254)) - client-09EBABE1B9AF->325d518f-bf0d-428a-814f-266b27e759e4: receive RaftClientReply:client-09EBABE1B9AF->325d518f-bf0d-428a-814f-266b27e759e4@group-9696F0872FC0, cid=2344, SUCCESS, logIndex=3921, commits[325d518f-bf0d-428a-814f-266b27e759e4:c3921]
2019-06-15 10:53:10,604 INFO  client.GrpcClientProtocolClient (GrpcClientProtocolClient.java:onNext(254)) - client-09EBABE1B9AF->325d518f-bf0d-428a-814f-266b27e759e4: receive RaftClientReply:client-09EBABE1B9AF->325d518f-bf0d-428a-814f-266b27e759e4@group-9696F0872FC0, cid=2345, SUCCESS, logIndex=3923, commits[325d518f-bf0d-428a-814f-266b27e759e4:c3923]
2019-06-15 10:53:10,605 INFO  client.GrpcClientProtocolClient (GrpcClientProtocolClient.java:onNext(254)) - client-09EBABE1B9AF->325d518f-bf0d-428a-814f-266b27e759e4: receive RaftClientReply:client-09EBABE1B9AF->325d518f-bf0d-428a-814f-266b27e759e4@group-9696F0872FC0, cid=2346, SUCCESS, logIndex=3925, commits[325d518f-bf0d-428a-814f-266b27e759e4:c3925]
2019-06-15 10:53:10,607 INFO  client.GrpcClientProtocolClient (GrpcClientProtocolClient.java:onNext(254)) - client-09EBABE1B9AF->325d518f-bf0d-428a-814f-266b27e759e4: receive RaftClientReply:client-09EBABE1B9AF->325d518f-bf0d-428a-814f-266b27e759e4@group-9696F0872FC0, cid=2347, SUCCESS, logIndex=3926, commits[325d518f-bf0d-428a-814f-266b27e759e4:c3928]
2019-06-15 10:53:10,607 INFO  client.GrpcClientProtocolClient (GrpcClientProtocolClient.java:onNext(254)) - client-09EBABE1B9AF->325d518f-bf0d-428a-814f-266b27e759e4: receive RaftClientReply:client-09EBABE1B9AF->325d518f-bf0d-428a-814f-266b27e759e4@group-9696F0872FC0, cid=2348, SUCCESS, logIndex=3927, commits[325d518f-bf0d-428a-814f-266b27e759e4:c3928]
2019-06-15 10:53:10,612 INFO  client.GrpcClientProtocolClient (GrpcClientProtocolClient.java:onNext(254)) - client-09EBABE1B9AF->325d518f-bf0d-428a-814f-266b27e759e4: receive RaftClientReply:client-09EBABE1B9AF->325d518f-bf0d-428a-814f-266b27e759e4@group-9696F0872FC0, cid=2349, SUCCESS, logIndex=3929, commits[325d518f-bf0d-428a-814f-266b27e759e4:c3929]
2019-06-15 10:53:10,613 INFO  client.GrpcClientProtocolClient (GrpcClientProtocolClient.java:onNext(254)) - client-09EBABE1B9AF->325d518f-bf0d-428a-814f-266b27e759e4: receive RaftClientReply:client-09EBABE1B9AF->325d518f-bf0d-428a-814f-266b27e759e4@group-9696F0872FC0, cid=2350, SUCCESS, logIndex=3931, commits[325d518f-bf0d-428a-814f-266b27e759e4:c3931]
2019-06-15 10:53:10,614 INFO  client.GrpcClientProtocolClient (GrpcClientProtocolClient.java:onNext(254)) - client-09EBABE1B9AF->325d518f-bf0d-428a-814f-266b27e759e4: receive RaftClientReply:client-09EBABE1B9AF->325d518f-bf0d-428a-814f-266b27e759e4@group-9696F0872FC0, cid=2351, SUCCESS, logIndex=3932, commits[325d518f-bf0d-428a-814f-266b27e759e4:c3934]
2019-06-15 10:53:10,615 INFO  client.GrpcClientProtocolClient (GrpcClientProtocolClient.java:onNext(254)) - client-09EBABE1B9AF->325d518f-bf0d-428a-814f-266b27e759e4: receive RaftClientReply:client-09EBABE1B9AF->325d518f-bf0d-428a-814f-266b27e759e4@group-9696F0872FC0, cid=2352, SUCCESS, logIndex=3933, commits[325d518f-bf0d-428a-814f-266b27e759e4:c3934]
2019-06-15 10:53:10,660 INFO  client.GrpcClientProtocolClient (GrpcClientProtocolClient.java:onNext(254)) - client-09EBABE1B9AF->325d518f-bf0d-428a-814f-266b27e759e4: receive RaftClientReply:client-09EBABE1B9AF->325d518f-bf0d-428a-814f-266b27e759e4@group-9696F0872FC0, cid=2353, SUCCESS, logIndex=3935, commits[325d518f-bf0d-428a-814f-266b27e759e4:c3935]
2019-06-15 10:53:10,661 INFO  client.GrpcClientProtocolClient (GrpcClientProtocolClient.java:onNext(254)) - client-09EBABE1B9AF->325d518f-bf0d-428a-814f-266b27e759e4: receive RaftClientReply:client-09EBABE1B9AF->325d518f-bf0d-428a-814f-266b27e759e4@group-9696F0872FC0, cid=2354, SUCCESS, logIndex=3937, commits[325d518f-bf0d-428a-814f-266b27e759e4:c3937]
2019-06-15 10:53:10,662 DEBUG block.SCMBlockDeletingService (SCMBlockDeletingService.java:call(138)) - Running DeletedBlockTransactionScanner
2019-06-15 10:53:10,662 DEBUG block.SCMBlockDeletingService (SCMBlockDeletingService.java:call(155)) - Scanned deleted blocks log and got 0 delTX to process.
2019-06-15 10:53:10,662 INFO  client.GrpcClientProtocolClient (GrpcClientProtocolClient.java:onNext(254)) - client-09EBABE1B9AF->325d518f-bf0d-428a-814f-266b27e759e4: receive RaftClientReply:client-09EBABE1B9AF->325d518f-bf0d-428a-814f-266b27e759e4@group-9696F0872FC0, cid=2355, SUCCESS, logIndex=3938, commits[325d518f-bf0d-428a-814f-266b27e759e4:c3940]
2019-06-15 10:53:10,663 INFO  client.GrpcClientProtocolClient (GrpcClientProtocolClient.java:onNext(254)) - client-09EBABE1B9AF->325d518f-bf0d-428a-814f-266b27e759e4: receive RaftClientReply:client-09EBABE1B9AF->325d518f-bf0d-428a-814f-266b27e759e4@group-9696F0872FC0, cid=2356, SUCCESS, logIndex=3939, commits[325d518f-bf0d-428a-814f-266b27e759e4:c3940]
2019-06-15 10:53:10,668 INFO  client.GrpcClientProtocolClient (GrpcClientProtocolClient.java:onNext(254)) - client-09EBABE1B9AF->325d518f-bf0d-428a-814f-266b27e759e4: receive RaftClientReply:client-09EBABE1B9AF->325d518f-bf0d-428a-814f-266b27e759e4@group-9696F0872FC0, cid=2357, SUCCESS, logIndex=3941, commits[325d518f-bf0d-428a-814f-266b27e759e4:c3941]
2019-06-15 10:53:10,669 INFO  client.GrpcClientProtocolClient (GrpcClientProtocolClient.java:onNext(254)) - client-09EBABE1B9AF->325d518f-bf0d-428a-814f-266b27e759e4: receive RaftClientReply:client-09EBABE1B9AF->325d518f-bf0d-428a-814f-266b27e759e4@group-9696F0872FC0, cid=2358, SUCCESS, logIndex=3943, commits[325d518f-bf0d-428a-814f-266b27e759e4:c3943]
2019-06-15 10:53:10,670 INFO  client.GrpcClientProtocolClient (GrpcClientProtocolClient.java:onNext(254)) - client-09EBABE1B9AF->325d518f-bf0d-428a-814f-266b27e759e4: receive RaftClientReply:client-09EBABE1B9AF->325d518f-bf0d-428a-814f-266b27e759e4@group-9696F0872FC0, cid=2359, SUCCESS, logIndex=3944, commits[325d518f-bf0d-428a-814f-266b27e759e4:c3946]
2019-06-15 10:53:10,670 INFO  client.GrpcClientProtocolClient (GrpcClientProtocolClient.java:onNext(254)) - client-09EBABE1B9AF->325d518f-bf0d-428a-814f-266b27e759e4: receive RaftClientReply:client-09EBABE1B9AF->325d518f-bf0d-428a-814f-266b27e759e4@group-9696F0872FC0, cid=2360, SUCCESS, logIndex=3945, commits[325d518f-bf0d-428a-814f-266b27e759e4:c3946]
2019-06-15 10:53:10,678 INFO  client.GrpcClientProtocolClient (GrpcClientProtocolClient.java:onNext(254)) - client-09EBABE1B9AF->325d518f-bf0d-428a-814f-266b27e759e4: receive RaftClientReply:client-09EBABE1B9AF->325d518f-bf0d-428a-814f-266b27e759e4@group-9696F0872FC0, cid=2361, SUCCESS, logIndex=3947, commits[325d518f-bf0d-428a-814f-266b27e759e4:c3947]
2019-06-15 10:53:10,679 INFO  storage.RaftLogWorker (RaftLogWorker.java:rollLogSegment(303)) - 325d518f-bf0d-428a-814f-266b27e759e4-RaftLogWorker: Rolling segment log-3881_3949 to index:3949
2019-06-15 10:53:10,679 INFO  storage.RaftLogWorker (RaftLogWorker.java:execute(433)) - 325d518f-bf0d-428a-814f-266b27e759e4-RaftLogWorker: Rolled log segment from /opt/src/hadoop-ozone/integration-test/target/test-dir/MiniOzoneClusterImpl-dd99cefe-9779-4043-9d74-181b69d2a827/datanode-0/data/ratis/e0f1d9ef-e225-4b24-a786-9696f0872fc0/current/log_inprogress_3881 to /opt/src/hadoop-ozone/integration-test/target/test-dir/MiniOzoneClusterImpl-dd99cefe-9779-4043-9d74-181b69d2a827/datanode-0/data/ratis/e0f1d9ef-e225-4b24-a786-9696f0872fc0/current/log_3881-3949
2019-06-15 10:53:10,680 INFO  client.GrpcClientProtocolClient (GrpcClientProtocolClient.java:onNext(254)) - client-09EBABE1B9AF->325d518f-bf0d-428a-814f-266b27e759e4: receive RaftClientReply:client-09EBABE1B9AF->325d518f-bf0d-428a-814f-266b27e759e4@group-9696F0872FC0, cid=2362, SUCCESS, logIndex=3949, commits[325d518f-bf0d-428a-814f-266b27e759e4:c3949]
2019-06-15 10:53:10,715 INFO  storage.RaftLogWorker (RaftLogWorker.java:execute(469)) - 325d518f-bf0d-428a-814f-266b27e759e4-RaftLogWorker: created new log segment /opt/src/hadoop-ozone/integration-test/target/test-dir/MiniOzoneClusterImpl-dd99cefe-9779-4043-9d74-181b69d2a827/datanode-0/data/ratis/e0f1d9ef-e225-4b24-a786-9696f0872fc0/current/log_inprogress_3950
2019-06-15 10:53:10,717 INFO  client.GrpcClientProtocolClient (GrpcClientProtocolClient.java:onNext(254)) - client-09EBABE1B9AF->325d518f-bf0d-428a-814f-266b27e759e4: receive RaftClientReply:client-09EBABE1B9AF->325d518f-bf0d-428a-814f-266b27e759e4@group-9696F0872FC0, cid=2363, SUCCESS, logIndex=3950, commits[325d518f-bf0d-428a-814f-266b27e759e4:c3951]
2019-06-15 10:53:10,718 INFO  client.GrpcClientProtocolClient (GrpcClientProtocolClient.java:onNext(254)) - client-09EBABE1B9AF->325d518f-bf0d-428a-814f-266b27e759e4: receive RaftClientReply:client-09EBABE1B9AF->325d518f-bf0d-428a-814f-266b27e759e4@group-9696F0872FC0, cid=2364, SUCCESS, logIndex=3952, commits[325d518f-bf0d-428a-814f-266b27e759e4:c3952]
2019-06-15 10:53:10,723 INFO  client.GrpcClientProtocolClient (GrpcClientProtocolClient.java:onNext(254)) - client-09EBABE1B9AF->325d518f-bf0d-428a-814f-266b27e759e4: receive RaftClientReply:client-09EBABE1B9AF->325d518f-bf0d-428a-814f-266b27e759e4@group-9696F0872FC0, cid=2365, SUCCESS, logIndex=3954, commits[325d518f-bf0d-428a-814f-266b27e759e4:c3954]
2019-06-15 10:53:10,724 INFO  client.GrpcClientProtocolClient (GrpcClientProtocolClient.java:onNext(254)) - client-09EBABE1B9AF->325d518f-bf0d-428a-814f-266b27e759e4: receive RaftClientReply:client-09EBABE1B9AF->325d518f-bf0d-428a-814f-266b27e759e4@group-9696F0872FC0, cid=2366, SUCCESS, logIndex=3956, commits[325d518f-bf0d-428a-814f-266b27e759e4:c3956]
2019-06-15 10:53:10,725 INFO  client.GrpcClientProtocolClient (GrpcClientProtocolClient.java:onNext(254)) - client-09EBABE1B9AF->325d518f-bf0d-428a-814f-266b27e759e4: receive RaftClientReply:client-09EBABE1B9AF->325d518f-bf0d-428a-814f-266b27e759e4@group-9696F0872FC0, cid=2367, SUCCESS, logIndex=3957, commits[325d518f-bf0d-428a-814f-266b27e759e4:c3959]
2019-06-15 10:53:10,726 INFO  client.GrpcClientProtocolClient (GrpcClientProtocolClient.java:onNext(254)) - client-09EBABE1B9AF->325d518f-bf0d-428a-814f-266b27e759e4: receive RaftClientReply:client-09EBABE1B9AF->325d518f-bf0d-428a-814f-266b27e759e4@group-9696F0872FC0, cid=2368, SUCCESS, logIndex=3958, commits[325d518f-bf0d-428a-814f-266b27e759e4:c3959]
2019-06-15 10:53:10,736 INFO  client.GrpcClientProtocolClient (GrpcClientProtocolClient.java:onNext(254)) - client-09EBABE1B9AF->325d518f-bf0d-428a-814f-266b27e759e4: receive RaftClientReply:client-09EBABE1B9AF->325d518f-bf0d-428a-814f-266b27e759e4@group-9696F0872FC0, cid=2369, SUCCESS, logIndex=3960, commits[325d518f-bf0d-428a-814f-266b27e759e4:c3960]
2019-06-15 10:53:10,738 INFO  client.GrpcClientProtocolClient (GrpcClientProtocolClient.java:onNext(254)) - client-09EBABE1B9AF->325d518f-bf0d-428a-814f-266b27e759e4: receive RaftClientReply:client-09EBABE1B9AF->325d518f-bf0d-428a-814f-266b27e759e4@group-9696F0872FC0, cid=2370, SUCCESS, logIndex=3962, commits[325d518f-bf0d-428a-814f-266b27e759e4:c3962]
2019-06-15 10:53:10,740 INFO  client.GrpcClientProtocolClient (GrpcClientProtocolClient.java:onNext(254)) - client-09EBABE1B9AF->325d518f-bf0d-428a-814f-266b27e759e4: receive RaftClientReply:client-09EBABE1B9AF->325d518f-bf0d-428a-814f-266b27e759e4@group-9696F0872FC0, cid=2371, SUCCESS, logIndex=3964, commits[325d518f-bf0d-428a-814f-266b27e759e4:c3965]
2019-06-15 10:53:10,741 INFO  client.GrpcClientProtocolClient (GrpcClientProtocolClient.java:onNext(254)) - client-09EBABE1B9AF->325d518f-bf0d-428a-814f-266b27e759e4: receive RaftClientReply:client-09EBABE1B9AF->325d518f-bf0d-428a-814f-266b27e759e4@group-9696F0872FC0, cid=2372, SUCCESS, logIndex=3965, commits[325d518f-bf0d-428a-814f-266b27e759e4:c3965]
2019-06-15 10:53:10,745 INFO  client.GrpcClientProtocolClient (GrpcClientProtocolClient.java:onNext(254)) - client-09EBABE1B9AF->325d518f-bf0d-428a-814f-266b27e759e4: receive RaftClientReply:client-09EBABE1B9AF->325d518f-bf0d-428a-814f-266b27e759e4@group-9696F0872FC0, cid=2373, SUCCESS, logIndex=3967, commits[325d518f-bf0d-428a-814f-266b27e759e4:c3967]
2019-06-15 10:53:10,748 INFO  client.GrpcClientProtocolClient (GrpcClientProtocolClient.java:onNext(254)) - client-09EBABE1B9AF->325d518f-bf0d-428a-814f-266b27e759e4: receive RaftClientReply:client-09EBABE1B9AF->325d518f-bf0d-428a-814f-266b27e759e4@group-9696F0872FC0, cid=2374, SUCCESS, logIndex=3969, commits[325d518f-bf0d-428a-814f-266b27e759e4:c3971]
2019-06-15 10:53:10,748 INFO  client.GrpcClientProtocolClient (GrpcClientProtocolClient.java:onNext(254)) - client-09EBABE1B9AF->325d518f-bf0d-428a-814f-266b27e759e4: receive RaftClientReply:client-09EBABE1B9AF->325d518f-bf0d-428a-814f-266b27e759e4@group-9696F0872FC0, cid=2375, SUCCESS, logIndex=3970, commits[325d518f-bf0d-428a-814f-266b27e759e4:c3971]
2019-06-15 10:53:10,748 INFO  client.GrpcClientProtocolClient (GrpcClientProtocolClient.java:onNext(254)) - client-09EBABE1B9AF->325d518f-bf0d-428a-814f-266b27e759e4: receive RaftClientReply:client-09EBABE1B9AF->325d518f-bf0d-428a-814f-266b27e759e4@group-9696F0872FC0, cid=2376, SUCCESS, logIndex=3971, commits[325d518f-bf0d-428a-814f-266b27e759e4:c3971]
2019-06-15 10:53:10,761 INFO  client.GrpcClientProtocolClient (GrpcClientProtocolClient.java:onNext(254)) - client-09EBABE1B9AF->325d518f-bf0d-428a-814f-266b27e759e4: receive RaftClientReply:client-09EBABE1B9AF->325d518f-bf0d-428a-814f-266b27e759e4@group-9696F0872FC0, cid=2377, SUCCESS, logIndex=3973, commits[325d518f-bf0d-428a-814f-266b27e759e4:c3973]
2019-06-15 10:53:10,763 DEBUG block.SCMBlockDeletingService (SCMBlockDeletingService.java:call(138)) - Running DeletedBlockTransactionScanner
2019-06-15 10:53:10,763 DEBUG block.SCMBlockDeletingService (SCMBlockDeletingService.java:call(155)) - Scanned deleted blocks log and got 0 delTX to process.
2019-06-15 10:53:10,764 INFO  client.GrpcClientProtocolClient (GrpcClientProtocolClient.java:onNext(254)) - client-09EBABE1B9AF->325d518f-bf0d-428a-814f-266b27e759e4: receive RaftClientReply:client-09EBABE1B9AF->325d518f-bf0d-428a-814f-266b27e759e4@group-9696F0872FC0, cid=2378, SUCCESS, logIndex=3975, commits[325d518f-bf0d-428a-814f-266b27e759e4:c3977]
2019-06-15 10:53:10,764 INFO  client.GrpcClientProtocolClient (GrpcClientProtocolClient.java:onNext(254)) - client-09EBABE1B9AF->325d518f-bf0d-428a-814f-266b27e759e4: receive RaftClientReply:client-09EBABE1B9AF->325d518f-bf0d-428a-814f-266b27e759e4@group-9696F0872FC0, cid=2379, SUCCESS, logIndex=3976, commits[325d518f-bf0d-428a-814f-266b27e759e4:c3977]
2019-06-15 10:53:10,764 INFO  client.GrpcClientProtocolClient (GrpcClientProtocolClient.java:onNext(254)) - client-09EBABE1B9AF->325d518f-bf0d-428a-814f-266b27e759e4: receive RaftClientReply:client-09EBABE1B9AF->325d518f-bf0d-428a-814f-266b27e759e4@group-9696F0872FC0, cid=2380, SUCCESS, logIndex=3977, commits[325d518f-bf0d-428a-814f-266b27e759e4:c3978]
2019-06-15 10:53:10,769 INFO  client.GrpcClientProtocolClient (GrpcClientProtocolClient.java:onNext(254)) - client-09EBABE1B9AF->325d518f-bf0d-428a-814f-266b27e759e4: receive RaftClientReply:client-09EBABE1B9AF->325d518f-bf0d-428a-814f-266b27e759e4@group-9696F0872FC0, cid=2381, SUCCESS, logIndex=3979, commits[325d518f-bf0d-428a-814f-266b27e759e4:c3979]
2019-06-15 10:53:10,771 INFO  client.GrpcClientProtocolClient (GrpcClientProtocolClient.java:onNext(254)) - client-09EBABE1B9AF->325d518f-bf0d-428a-814f-266b27e759e4: receive RaftClientReply:client-09EBABE1B9AF->325d518f-bf0d-428a-814f-266b27e759e4@group-9696F0872FC0, cid=2382, SUCCESS, logIndex=3981, commits[325d518f-bf0d-428a-814f-266b27e759e4:c3981]
2019-06-15 10:53:10,772 INFO  client.GrpcClientProtocolClient (GrpcClientProtocolClient.java:onNext(254)) - client-09EBABE1B9AF->325d518f-bf0d-428a-814f-266b27e759e4: receive RaftClientReply:client-09EBABE1B9AF->325d518f-bf0d-428a-814f-266b27e759e4@group-9696F0872FC0, cid=2383, SUCCESS, logIndex=3982, commits[325d518f-bf0d-428a-814f-266b27e759e4:c3984]
2019-06-15 10:53:10,772 INFO  client.GrpcClientProtocolClient (GrpcClientProtocolClient.java:onNext(254)) - client-09EBABE1B9AF->325d518f-bf0d-428a-814f-266b27e759e4: receive RaftClientReply:client-09EBABE1B9AF->325d518f-bf0d-428a-814f-266b27e759e4@group-9696F0872FC0, cid=2384, SUCCESS, logIndex=3983, commits[325d518f-bf0d-428a-814f-266b27e759e4:c3984]
2019-06-15 10:53:10,780 INFO  client.GrpcClientProtocolClient (GrpcClientProtocolClient.java:onNext(254)) - client-09EBABE1B9AF->325d518f-bf0d-428a-814f-266b27e759e4: receive RaftClientReply:client-09EBABE1B9AF->325d518f-bf0d-428a-814f-266b27e759e4@group-9696F0872FC0, cid=2385, SUCCESS, logIndex=3985, commits[325d518f-bf0d-428a-814f-266b27e759e4:c3985]
2019-06-15 10:53:10,781 INFO  client.GrpcClientProtocolClient (GrpcClientProtocolClient.java:onNext(254)) - client-09EBABE1B9AF->325d518f-bf0d-428a-814f-266b27e759e4: receive RaftClientReply:client-09EBABE1B9AF->325d518f-bf0d-428a-814f-266b27e759e4@group-9696F0872FC0, cid=2386, SUCCESS, logIndex=3987, commits[325d518f-bf0d-428a-814f-266b27e759e4:c3987]
2019-06-15 10:53:10,847 INFO  client.GrpcClientProtocolClient (GrpcClientProtocolClient.java:onNext(254)) - client-09EBABE1B9AF->325d518f-bf0d-428a-814f-266b27e759e4: receive RaftClientReply:client-09EBABE1B9AF->325d518f-bf0d-428a-814f-266b27e759e4@group-9696F0872FC0, cid=2387, SUCCESS, logIndex=3989, commits[325d518f-bf0d-428a-814f-266b27e759e4:c3989]
2019-06-15 10:53:10,848 INFO  client.GrpcClientProtocolClient (GrpcClientProtocolClient.java:onNext(254)) - client-09EBABE1B9AF->325d518f-bf0d-428a-814f-266b27e759e4: receive RaftClientReply:client-09EBABE1B9AF->325d518f-bf0d-428a-814f-266b27e759e4@group-9696F0872FC0, cid=2388, SUCCESS, logIndex=3991, commits[325d518f-bf0d-428a-814f-266b27e759e4:c3991]
2019-06-15 10:53:10,853 INFO  client.GrpcClientProtocolClient (GrpcClientProtocolClient.java:onNext(254)) - client-09EBABE1B9AF->325d518f-bf0d-428a-814f-266b27e759e4: receive RaftClientReply:client-09EBABE1B9AF->325d518f-bf0d-428a-814f-266b27e759e4@group-9696F0872FC0, cid=2389, SUCCESS, logIndex=3993, commits[325d518f-bf0d-428a-814f-266b27e759e4:c3993]
2019-06-15 10:53:10,858 INFO  client.GrpcClientProtocolClient (GrpcClientProtocolClient.java:onNext(254)) - client-09EBABE1B9AF->325d518f-bf0d-428a-814f-266b27e759e4: receive RaftClientReply:client-09EBABE1B9AF->325d518f-bf0d-428a-814f-266b27e759e4@group-9696F0872FC0, cid=2390, SUCCESS, logIndex=3995, commits[325d518f-bf0d-428a-814f-266b27e759e4:c4000]
2019-06-15 10:53:10,859 INFO  client.GrpcClientProtocolClient (GrpcClientProtocolClient.java:onNext(254)) - client-09EBABE1B9AF->325d518f-bf0d-428a-814f-266b27e759e4: receive RaftClientReply:client-09EBABE1B9AF->325d518f-bf0d-428a-814f-266b27e759e4@group-9696F0872FC0, cid=2391, SUCCESS, logIndex=3996, commits[325d518f-bf0d-428a-814f-266b27e759e4:c4000]
2019-06-15 10:53:10,859 INFO  client.GrpcClientProtocolClient (GrpcClientProtocolClient.java:onNext(254)) - client-09EBABE1B9AF->325d518f-bf0d-428a-814f-266b27e759e4: receive RaftClientReply:client-09EBABE1B9AF->325d518f-bf0d-428a-814f-266b27e759e4@group-9696F0872FC0, cid=2392, SUCCESS, logIndex=3998, commits[325d518f-bf0d-428a-814f-266b27e759e4:c4000]
2019-06-15 10:53:10,863 DEBUG block.SCMBlockDeletingService (SCMBlockDeletingService.java:call(138)) - Running DeletedBlockTransactionScanner
2019-06-15 10:53:10,863 DEBUG block.SCMBlockDeletingService (SCMBlockDeletingService.java:call(155)) - Scanned deleted blocks log and got 0 delTX to process.
2019-06-15 10:53:10,876 INFO  client.GrpcClientProtocolClient (GrpcClientProtocolClient.java:onNext(254)) - client-09EBABE1B9AF->325d518f-bf0d-428a-814f-266b27e759e4: receive RaftClientReply:client-09EBABE1B9AF->325d518f-bf0d-428a-814f-266b27e759e4@group-9696F0872FC0, cid=2393, SUCCESS, logIndex=4001, commits[325d518f-bf0d-428a-814f-266b27e759e4:c4001]
2019-06-15 10:53:10,877 INFO  client.GrpcClientProtocolClient (GrpcClientProtocolClient.java:onNext(254)) - client-09EBABE1B9AF->325d518f-bf0d-428a-814f-266b27e759e4: receive RaftClientReply:client-09EBABE1B9AF->325d518f-bf0d-428a-814f-266b27e759e4@group-9696F0872FC0, cid=2394, SUCCESS, logIndex=4003, commits[325d518f-bf0d-428a-814f-266b27e759e4:c4003]
2019-06-15 10:53:10,878 INFO  client.GrpcClientProtocolClient (GrpcClientProtocolClient.java:onNext(254)) - client-09EBABE1B9AF->325d518f-bf0d-428a-814f-266b27e759e4: receive RaftClientReply:client-09EBABE1B9AF->325d518f-bf0d-428a-814f-266b27e759e4@group-9696F0872FC0, cid=2395, SUCCESS, logIndex=4004, commits[325d518f-bf0d-428a-814f-266b27e759e4:c4006]
2019-06-15 10:53:10,879 INFO  client.GrpcClientProtocolClient (GrpcClientProtocolClient.java:onNext(254)) - client-09EBABE1B9AF->325d518f-bf0d-428a-814f-266b27e759e4: receive RaftClientReply:client-09EBABE1B9AF->325d518f-bf0d-428a-814f-266b27e759e4@group-9696F0872FC0, cid=2396, SUCCESS, logIndex=4005, commits[325d518f-bf0d-428a-814f-266b27e759e4:c4006]
2019-06-15 10:53:10,883 INFO  client.GrpcClientProtocolClient (GrpcClientProtocolClient.java:onNext(254)) - client-09EBABE1B9AF->325d518f-bf0d-428a-814f-266b27e759e4: receive RaftClientReply:client-09EBABE1B9AF->325d518f-bf0d-428a-814f-266b27e759e4@group-9696F0872FC0, cid=2397, SUCCESS, logIndex=4007, commits[325d518f-bf0d-428a-814f-266b27e759e4:c4007]
2019-06-15 10:53:10,884 INFO  client.GrpcClientProtocolClient (GrpcClientProtocolClient.java:onNext(254)) - client-09EBABE1B9AF->325d518f-bf0d-428a-814f-266b27e759e4: receive RaftClientReply:client-09EBABE1B9AF->325d518f-bf0d-428a-814f-266b27e759e4@group-9696F0872FC0, cid=2398, SUCCESS, logIndex=4009, commits[325d518f-bf0d-428a-814f-266b27e759e4:c4009]
2019-06-15 10:53:10,886 INFO  client.GrpcClientProtocolClient (GrpcClientProtocolClient.java:onNext(254)) - client-09EBABE1B9AF->325d518f-bf0d-428a-814f-266b27e759e4: receive RaftClientReply:client-09EBABE1B9AF->325d518f-bf0d-428a-814f-266b27e759e4@group-9696F0872FC0, cid=2399, SUCCESS, logIndex=4010, commits[325d518f-bf0d-428a-814f-266b27e759e4:c4012]
2019-06-15 10:53:10,886 INFO  client.GrpcClientProtocolClient (GrpcClientProtocolClient.java:onNext(254)) - client-09EBABE1B9AF->325d518f-bf0d-428a-814f-266b27e759e4: receive RaftClientReply:client-09EBABE1B9AF->325d518f-bf0d-428a-814f-266b27e759e4@group-9696F0872FC0, cid=2400, SUCCESS, logIndex=4011, commits[325d518f-bf0d-428a-814f-266b27e759e4:c4012]
2019-06-15 10:53:10,895 INFO  client.GrpcClientProtocolClient (GrpcClientProtocolClient.java:onNext(254)) - client-09EBABE1B9AF->325d518f-bf0d-428a-814f-266b27e759e4: receive RaftClientReply:client-09EBABE1B9AF->325d518f-bf0d-428a-814f-266b27e759e4@group-9696F0872FC0, cid=2401, SUCCESS, logIndex=4013, commits[325d518f-bf0d-428a-814f-266b27e759e4:c4013]
2019-06-15 10:53:10,896 INFO  client.GrpcClientProtocolClient (GrpcClientProtocolClient.java:onNext(254)) - client-09EBABE1B9AF->325d518f-bf0d-428a-814f-266b27e759e4: receive RaftClientReply:client-09EBABE1B9AF->325d518f-bf0d-428a-814f-266b27e759e4@group-9696F0872FC0, cid=2402, SUCCESS, logIndex=4015, commits[325d518f-bf0d-428a-814f-266b27e759e4:c4015]
2019-06-15 10:53:10,897 INFO  client.GrpcClientProtocolClient (GrpcClientProtocolClient.java:onNext(254)) - client-09EBABE1B9AF->325d518f-bf0d-428a-814f-266b27e759e4: receive RaftClientReply:client-09EBABE1B9AF->325d518f-bf0d-428a-814f-266b27e759e4@group-9696F0872FC0, cid=2403, SUCCESS, logIndex=4016, commits[325d518f-bf0d-428a-814f-266b27e759e4:c4018]
2019-06-15 10:53:10,897 INFO  client.GrpcClientProtocolClient (GrpcClientProtocolClient.java:onNext(254)) - client-09EBABE1B9AF->325d518f-bf0d-428a-814f-266b27e759e4: receive RaftClientReply:client-09EBABE1B9AF->325d518f-bf0d-428a-814f-266b27e759e4@group-9696F0872FC0, cid=2404, SUCCESS, logIndex=4017, commits[325d518f-bf0d-428a-814f-266b27e759e4:c4018]
2019-06-15 10:53:10,902 INFO  storage.RaftLogWorker (RaftLogWorker.java:rollLogSegment(303)) - 325d518f-bf0d-428a-814f-266b27e759e4-RaftLogWorker: Rolling segment log-3950_4020 to index:4020
2019-06-15 10:53:10,902 INFO  client.GrpcClientProtocolClient (GrpcClientProtocolClient.java:onNext(254)) - client-09EBABE1B9AF->325d518f-bf0d-428a-814f-266b27e759e4: receive RaftClientReply:client-09EBABE1B9AF->325d518f-bf0d-428a-814f-266b27e759e4@group-9696F0872FC0, cid=2405, SUCCESS, logIndex=4019, commits[325d518f-bf0d-428a-814f-266b27e759e4:c4019]
2019-06-15 10:53:10,903 INFO  storage.RaftLogWorker (RaftLogWorker.java:execute(433)) - 325d518f-bf0d-428a-814f-266b27e759e4-RaftLogWorker: Rolled log segment from /opt/src/hadoop-ozone/integration-test/target/test-dir/MiniOzoneClusterImpl-dd99cefe-9779-4043-9d74-181b69d2a827/datanode-0/data/ratis/e0f1d9ef-e225-4b24-a786-9696f0872fc0/current/log_inprogress_3950 to /opt/src/hadoop-ozone/integration-test/target/test-dir/MiniOzoneClusterImpl-dd99cefe-9779-4043-9d74-181b69d2a827/datanode-0/data/ratis/e0f1d9ef-e225-4b24-a786-9696f0872fc0/current/log_3950-4020
2019-06-15 10:53:10,939 INFO  storage.RaftLogWorker (RaftLogWorker.java:execute(469)) - 325d518f-bf0d-428a-814f-266b27e759e4-RaftLogWorker: created new log segment /opt/src/hadoop-ozone/integration-test/target/test-dir/MiniOzoneClusterImpl-dd99cefe-9779-4043-9d74-181b69d2a827/datanode-0/data/ratis/e0f1d9ef-e225-4b24-a786-9696f0872fc0/current/log_inprogress_4021
2019-06-15 10:53:10,940 INFO  client.GrpcClientProtocolClient (GrpcClientProtocolClient.java:onNext(254)) - client-09EBABE1B9AF->325d518f-bf0d-428a-814f-266b27e759e4: receive RaftClientReply:client-09EBABE1B9AF->325d518f-bf0d-428a-814f-266b27e759e4@group-9696F0872FC0, cid=2406, SUCCESS, logIndex=4021, commits[325d518f-bf0d-428a-814f-266b27e759e4:c4023]
2019-06-15 10:53:10,941 INFO  client.GrpcClientProtocolClient (GrpcClientProtocolClient.java:onNext(254)) - client-09EBABE1B9AF->325d518f-bf0d-428a-814f-266b27e759e4: receive RaftClientReply:client-09EBABE1B9AF->325d518f-bf0d-428a-814f-266b27e759e4@group-9696F0872FC0, cid=2407, SUCCESS, logIndex=4022, commits[325d518f-bf0d-428a-814f-266b27e759e4:c4024]
2019-06-15 10:53:10,941 INFO  client.GrpcClientProtocolClient (GrpcClientProtocolClient.java:onNext(254)) - client-09EBABE1B9AF->325d518f-bf0d-428a-814f-266b27e759e4: receive RaftClientReply:client-09EBABE1B9AF->325d518f-bf0d-428a-814f-266b27e759e4@group-9696F0872FC0, cid=2408, SUCCESS, logIndex=4023, commits[325d518f-bf0d-428a-814f-266b27e759e4:c4024]
2019-06-15 10:53:10,950 INFO  client.GrpcClientProtocolClient (GrpcClientProtocolClient.java:onNext(254)) - client-09EBABE1B9AF->325d518f-bf0d-428a-814f-266b27e759e4: receive RaftClientReply:client-09EBABE1B9AF->325d518f-bf0d-428a-814f-266b27e759e4@group-9696F0872FC0, cid=2409, SUCCESS, logIndex=4025, commits[325d518f-bf0d-428a-814f-266b27e759e4:c4025]
2019-06-15 10:53:10,952 INFO  client.GrpcClientProtocolClient (GrpcClientProtocolClient.java:onNext(254)) - client-09EBABE1B9AF->325d518f-bf0d-428a-814f-266b27e759e4: receive RaftClientReply:client-09EBABE1B9AF->325d518f-bf0d-428a-814f-266b27e759e4@group-9696F0872FC0, cid=2410, SUCCESS, logIndex=4027, commits[325d518f-bf0d-428a-814f-266b27e759e4:c4027]
2019-06-15 10:53:10,952 INFO  client.GrpcClientProtocolClient (GrpcClientProtocolClient.java:onNext(254)) - client-09EBABE1B9AF->325d518f-bf0d-428a-814f-266b27e759e4: receive RaftClientReply:client-09EBABE1B9AF->325d518f-bf0d-428a-814f-266b27e759e4@group-9696F0872FC0, cid=2411, SUCCESS, logIndex=4028, commits[325d518f-bf0d-428a-814f-266b27e759e4:c4030]
2019-06-15 10:53:10,953 INFO  client.GrpcClientProtocolClient (GrpcClientProtocolClient.java:onNext(254)) - client-09EBABE1B9AF->325d518f-bf0d-428a-814f-266b27e759e4: receive RaftClientReply:client-09EBABE1B9AF->325d518f-bf0d-428a-814f-266b27e759e4@group-9696F0872FC0, cid=2412, SUCCESS, logIndex=4029, commits[325d518f-bf0d-428a-814f-266b27e759e4:c4030]
2019-06-15 10:53:10,958 INFO  client.GrpcClientProtocolClient (GrpcClientProtocolClient.java:onNext(254)) - client-09EBABE1B9AF->325d518f-bf0d-428a-814f-266b27e759e4: receive RaftClientReply:client-09EBABE1B9AF->325d518f-bf0d-428a-814f-266b27e759e4@group-9696F0872FC0, cid=2413, SUCCESS, logIndex=4031, commits[325d518f-bf0d-428a-814f-266b27e759e4:c4031]
2019-06-15 10:53:10,959 INFO  client.GrpcClientProtocolClient (GrpcClientProtocolClient.java:onNext(254)) - client-09EBABE1B9AF->325d518f-bf0d-428a-814f-266b27e759e4: receive RaftClientReply:client-09EBABE1B9AF->325d518f-bf0d-428a-814f-266b27e759e4@group-9696F0872FC0, cid=2414, SUCCESS, logIndex=4033, commits[325d518f-bf0d-428a-814f-266b27e759e4:c4033]
2019-06-15 10:53:10,960 INFO  client.GrpcClientProtocolClient (GrpcClientProtocolClient.java:onNext(254)) - client-09EBABE1B9AF->325d518f-bf0d-428a-814f-266b27e759e4: receive RaftClientReply:client-09EBABE1B9AF->325d518f-bf0d-428a-814f-266b27e759e4@group-9696F0872FC0, cid=2415, SUCCESS, logIndex=4034, commits[325d518f-bf0d-428a-814f-266b27e759e4:c4036]
2019-06-15 10:53:10,960 INFO  client.GrpcClientProtocolClient (GrpcClientProtocolClient.java:onNext(254)) - client-09EBABE1B9AF->325d518f-bf0d-428a-814f-266b27e759e4: receive RaftClientReply:client-09EBABE1B9AF->325d518f-bf0d-428a-814f-266b27e759e4@group-9696F0872FC0, cid=2416, SUCCESS, logIndex=4035, commits[325d518f-bf0d-428a-814f-266b27e759e4:c4036]
2019-06-15 10:53:10,963 DEBUG block.SCMBlockDeletingService (SCMBlockDeletingService.java:call(138)) - Running DeletedBlockTransactionScanner
2019-06-15 10:53:10,963 DEBUG block.SCMBlockDeletingService (SCMBlockDeletingService.java:call(155)) - Scanned deleted blocks log and got 0 delTX to process.
2019-06-15 10:53:10,969 INFO  client.GrpcClientProtocolClient (GrpcClientProtocolClient.java:onNext(254)) - client-09EBABE1B9AF->325d518f-bf0d-428a-814f-266b27e759e4: receive RaftClientReply:client-09EBABE1B9AF->325d518f-bf0d-428a-814f-266b27e759e4@group-9696F0872FC0, cid=2417, SUCCESS, logIndex=4037, commits[325d518f-bf0d-428a-814f-266b27e759e4:c4037]
2019-06-15 10:53:10,974 INFO  client.GrpcClientProtocolClient (GrpcClientProtocolClient.java:onNext(254)) - client-09EBABE1B9AF->325d518f-bf0d-428a-814f-266b27e759e4: receive RaftClientReply:client-09EBABE1B9AF->325d518f-bf0d-428a-814f-266b27e759e4@group-9696F0872FC0, cid=2418, SUCCESS, logIndex=4039, commits[325d518f-bf0d-428a-814f-266b27e759e4:c4041]
2019-06-15 10:53:10,974 INFO  client.GrpcClientProtocolClient (GrpcClientProtocolClient.java:onNext(254)) - client-09EBABE1B9AF->325d518f-bf0d-428a-814f-266b27e759e4: receive RaftClientReply:client-09EBABE1B9AF->325d518f-bf0d-428a-814f-266b27e759e4@group-9696F0872FC0, cid=2419, SUCCESS, logIndex=4040, commits[325d518f-bf0d-428a-814f-266b27e759e4:c4041]
2019-06-15 10:53:10,974 INFO  client.GrpcClientProtocolClient (GrpcClientProtocolClient.java:onNext(254)) - client-09EBABE1B9AF->325d518f-bf0d-428a-814f-266b27e759e4: receive RaftClientReply:client-09EBABE1B9AF->325d518f-bf0d-428a-814f-266b27e759e4@group-9696F0872FC0, cid=2420, SUCCESS, logIndex=4041, commits[325d518f-bf0d-428a-814f-266b27e759e4:c4042]
2019-06-15 10:53:10,979 INFO  client.GrpcClientProtocolClient (GrpcClientProtocolClient.java:onNext(254)) - client-09EBABE1B9AF->325d518f-bf0d-428a-814f-266b27e759e4: receive RaftClientReply:client-09EBABE1B9AF->325d518f-bf0d-428a-814f-266b27e759e4@group-9696F0872FC0, cid=2421, SUCCESS, logIndex=4043, commits[325d518f-bf0d-428a-814f-266b27e759e4:c4043]
2019-06-15 10:53:10,980 INFO  client.GrpcClientProtocolClient (GrpcClientProtocolClient.java:onNext(254)) - client-09EBABE1B9AF->325d518f-bf0d-428a-814f-266b27e759e4: receive RaftClientReply:client-09EBABE1B9AF->325d518f-bf0d-428a-814f-266b27e759e4@group-9696F0872FC0, cid=2422, SUCCESS, logIndex=4045, commits[325d518f-bf0d-428a-814f-266b27e759e4:c4045]
2019-06-15 10:53:10,981 INFO  client.GrpcClientProtocolClient (GrpcClientProtocolClient.java:onNext(254)) - client-09EBABE1B9AF->325d518f-bf0d-428a-814f-266b27e759e4: receive RaftClientReply:client-09EBABE1B9AF->325d518f-bf0d-428a-814f-266b27e759e4@group-9696F0872FC0, cid=2423, SUCCESS, logIndex=4046, commits[325d518f-bf0d-428a-814f-266b27e759e4:c4048]
2019-06-15 10:53:10,981 INFO  client.GrpcClientProtocolClient (GrpcClientProtocolClient.java:onNext(254)) - client-09EBABE1B9AF->325d518f-bf0d-428a-814f-266b27e759e4: receive RaftClientReply:client-09EBABE1B9AF->325d518f-bf0d-428a-814f-266b27e759e4@group-9696F0872FC0, cid=2424, SUCCESS, logIndex=4047, commits[325d518f-bf0d-428a-814f-266b27e759e4:c4048]
2019-06-15 10:53:10,990 INFO  client.GrpcClientProtocolClient (GrpcClientProtocolClient.java:onNext(254)) - client-09EBABE1B9AF->325d518f-bf0d-428a-814f-266b27e759e4: receive RaftClientReply:client-09EBABE1B9AF->325d518f-bf0d-428a-814f-266b27e759e4@group-9696F0872FC0, cid=2425, SUCCESS, logIndex=4049, commits[325d518f-bf0d-428a-814f-266b27e759e4:c4049]
2019-06-15 10:53:10,991 INFO  client.GrpcClientProtocolClient (GrpcClientProtocolClient.java:onNext(254)) - client-09EBABE1B9AF->325d518f-bf0d-428a-814f-266b27e759e4: receive RaftClientReply:client-09EBABE1B9AF->325d518f-bf0d-428a-814f-266b27e759e4@group-9696F0872FC0, cid=2426, SUCCESS, logIndex=4051, commits[325d518f-bf0d-428a-814f-266b27e759e4:c4051]
2019-06-15 10:53:10,992 INFO  client.GrpcClientProtocolClient (GrpcClientProtocolClient.java:onNext(254)) - client-09EBABE1B9AF->325d518f-bf0d-428a-814f-266b27e759e4: receive RaftClientReply:client-09EBABE1B9AF->325d518f-bf0d-428a-814f-266b27e759e4@group-9696F0872FC0, cid=2427, SUCCESS, logIndex=4052, commits[325d518f-bf0d-428a-814f-266b27e759e4:c4054]
2019-06-15 10:53:10,993 INFO  client.GrpcClientProtocolClient (GrpcClientProtocolClient.java:onNext(254)) - client-09EBABE1B9AF->325d518f-bf0d-428a-814f-266b27e759e4: receive RaftClientReply:client-09EBABE1B9AF->325d518f-bf0d-428a-814f-266b27e759e4@group-9696F0872FC0, cid=2428, SUCCESS, logIndex=4053, commits[325d518f-bf0d-428a-814f-266b27e759e4:c4054]
2019-06-15 10:53:10,998 INFO  client.GrpcClientProtocolClient (GrpcClientProtocolClient.java:onNext(254)) - client-09EBABE1B9AF->325d518f-bf0d-428a-814f-266b27e759e4: receive RaftClientReply:client-09EBABE1B9AF->325d518f-bf0d-428a-814f-266b27e759e4@group-9696F0872FC0, cid=2429, SUCCESS, logIndex=4055, commits[325d518f-bf0d-428a-814f-266b27e759e4:c4055]
2019-06-15 10:53:10,999 INFO  client.GrpcClientProtocolClient (GrpcClientProtocolClient.java:onNext(254)) - client-09EBABE1B9AF->325d518f-bf0d-428a-814f-266b27e759e4: receive RaftClientReply:client-09EBABE1B9AF->325d518f-bf0d-428a-814f-266b27e759e4@group-9696F0872FC0, cid=2430, SUCCESS, logIndex=4057, commits[325d518f-bf0d-428a-814f-266b27e759e4:c4057]
2019-06-15 10:53:11,315 DEBUG block.SCMBlockDeletingService (SCMBlockDeletingService.java:call(138)) - Running DeletedBlockTransactionScanner
2019-06-15 10:53:11,315 DEBUG block.SCMBlockDeletingService (SCMBlockDeletingService.java:call(155)) - Scanned deleted blocks log and got 0 delTX to process.
2019-06-15 10:53:11,329 INFO  client.GrpcClientProtocolClient (GrpcClientProtocolClient.java:onNext(254)) - client-09EBABE1B9AF->325d518f-bf0d-428a-814f-266b27e759e4: receive RaftClientReply:client-09EBABE1B9AF->325d518f-bf0d-428a-814f-266b27e759e4@group-9696F0872FC0, cid=2431, SUCCESS, logIndex=4059, commits[325d518f-bf0d-428a-814f-266b27e759e4:c4059]
2019-06-15 10:53:11,330 INFO  client.GrpcClientProtocolClient (GrpcClientProtocolClient.java:onNext(254)) - client-09EBABE1B9AF->325d518f-bf0d-428a-814f-266b27e759e4: receive RaftClientReply:client-09EBABE1B9AF->325d518f-bf0d-428a-814f-266b27e759e4@group-9696F0872FC0, cid=2432, SUCCESS, logIndex=4061, commits[325d518f-bf0d-428a-814f-266b27e759e4:c4061]
2019-06-15 10:53:11,339 INFO  client.GrpcClientProtocolClient (GrpcClientProtocolClient.java:onNext(254)) - client-09EBABE1B9AF->325d518f-bf0d-428a-814f-266b27e759e4: receive RaftClientReply:client-09EBABE1B9AF->325d518f-bf0d-428a-814f-266b27e759e4@group-9696F0872FC0, cid=2433, SUCCESS, logIndex=4063, commits[325d518f-bf0d-428a-814f-266b27e759e4:c4063]
2019-06-15 10:53:11,341 INFO  client.GrpcClientProtocolClient (GrpcClientProtocolClient.java:onNext(254)) - client-09EBABE1B9AF->325d518f-bf0d-428a-814f-266b27e759e4: receive RaftClientReply:client-09EBABE1B9AF->325d518f-bf0d-428a-814f-266b27e759e4@group-9696F0872FC0, cid=2434, SUCCESS, logIndex=4065, commits[325d518f-bf0d-428a-814f-266b27e759e4:c4065]
2019-06-15 10:53:11,342 INFO  client.GrpcClientProtocolClient (GrpcClientProtocolClient.java:onNext(254)) - client-09EBABE1B9AF->325d518f-bf0d-428a-814f-266b27e759e4: receive RaftClientReply:client-09EBABE1B9AF->325d518f-bf0d-428a-814f-266b27e759e4@group-9696F0872FC0, cid=2435, SUCCESS, logIndex=4066, commits[325d518f-bf0d-428a-814f-266b27e759e4:c4067]
2019-06-15 10:53:11,342 INFO  client.GrpcClientProtocolClient (GrpcClientProtocolClient.java:onNext(254)) - client-09EBABE1B9AF->325d518f-bf0d-428a-814f-266b27e759e4: receive RaftClientReply:client-09EBABE1B9AF->325d518f-bf0d-428a-814f-266b27e759e4@group-9696F0872FC0, cid=2436, SUCCESS, logIndex=4067, commits[325d518f-bf0d-428a-814f-266b27e759e4:c4067]
2019-06-15 10:53:11,347 INFO  client.GrpcClientProtocolClient (GrpcClientProtocolClient.java:onNext(254)) - client-09EBABE1B9AF->325d518f-bf0d-428a-814f-266b27e759e4: receive RaftClientReply:client-09EBABE1B9AF->325d518f-bf0d-428a-814f-266b27e759e4@group-9696F0872FC0, cid=2437, SUCCESS, logIndex=4070, commits[325d518f-bf0d-428a-814f-266b27e759e4:c4070]
2019-06-15 10:53:11,348 INFO  client.GrpcClientProtocolClient (GrpcClientProtocolClient.java:onNext(254)) - client-09EBABE1B9AF->325d518f-bf0d-428a-814f-266b27e759e4: receive RaftClientReply:client-09EBABE1B9AF->325d518f-bf0d-428a-814f-266b27e759e4@group-9696F0872FC0, cid=2438, SUCCESS, logIndex=4072, commits[325d518f-bf0d-428a-814f-266b27e759e4:c4072]
2019-06-15 10:53:11,349 INFO  client.GrpcClientProtocolClient (GrpcClientProtocolClient.java:onNext(254)) - client-09EBABE1B9AF->325d518f-bf0d-428a-814f-266b27e759e4: receive RaftClientReply:client-09EBABE1B9AF->325d518f-bf0d-428a-814f-266b27e759e4@group-9696F0872FC0, cid=2439, SUCCESS, logIndex=4073, commits[325d518f-bf0d-428a-814f-266b27e759e4:c4075]
2019-06-15 10:53:11,349 INFO  client.GrpcClientProtocolClient (GrpcClientProtocolClient.java:onNext(254)) - client-09EBABE1B9AF->325d518f-bf0d-428a-814f-266b27e759e4: receive RaftClientReply:client-09EBABE1B9AF->325d518f-bf0d-428a-814f-266b27e759e4@group-9696F0872FC0, cid=2440, SUCCESS, logIndex=4074, commits[325d518f-bf0d-428a-814f-266b27e759e4:c4075]
2019-06-15 10:53:11,358 INFO  client.GrpcClientProtocolClient (GrpcClientProtocolClient.java:onNext(254)) - client-09EBABE1B9AF->325d518f-bf0d-428a-814f-266b27e759e4: receive RaftClientReply:client-09EBABE1B9AF->325d518f-bf0d-428a-814f-266b27e759e4@group-9696F0872FC0, cid=2441, SUCCESS, logIndex=4076, commits[325d518f-bf0d-428a-814f-266b27e759e4:c4076]
2019-06-15 10:53:11,359 INFO  client.GrpcClientProtocolClient (GrpcClientProtocolClient.java:onNext(254)) - client-09EBABE1B9AF->325d518f-bf0d-428a-814f-266b27e759e4: receive RaftClientReply:client-09EBABE1B9AF->325d518f-bf0d-428a-814f-266b27e759e4@group-9696F0872FC0, cid=2442, SUCCESS, logIndex=4078, commits[325d518f-bf0d-428a-814f-266b27e759e4:c4078]
2019-06-15 10:53:11,362 INFO  client.GrpcClientProtocolClient (GrpcClientProtocolClient.java:onNext(254)) - client-09EBABE1B9AF->325d518f-bf0d-428a-814f-266b27e759e4: receive RaftClientReply:client-09EBABE1B9AF->325d518f-bf0d-428a-814f-266b27e759e4@group-9696F0872FC0, cid=2443, SUCCESS, logIndex=4080, commits[325d518f-bf0d-428a-814f-266b27e759e4:c4081]
2019-06-15 10:53:11,362 INFO  client.GrpcClientProtocolClient (GrpcClientProtocolClient.java:onNext(254)) - client-09EBABE1B9AF->325d518f-bf0d-428a-814f-266b27e759e4: receive RaftClientReply:client-09EBABE1B9AF->325d518f-bf0d-428a-814f-266b27e759e4@group-9696F0872FC0, cid=2444, SUCCESS, logIndex=4081, commits[325d518f-bf0d-428a-814f-266b27e759e4:c4081]
2019-06-15 10:53:11,369 INFO  client.GrpcClientProtocolClient (GrpcClientProtocolClient.java:onNext(254)) - client-09EBABE1B9AF->325d518f-bf0d-428a-814f-266b27e759e4: receive RaftClientReply:client-09EBABE1B9AF->325d518f-bf0d-428a-814f-266b27e759e4@group-9696F0872FC0, cid=2445, SUCCESS, logIndex=4083, commits[325d518f-bf0d-428a-814f-266b27e759e4:c4083]
2019-06-15 10:53:11,370 INFO  client.GrpcClientProtocolClient (GrpcClientProtocolClient.java:onNext(254)) - client-09EBABE1B9AF->325d518f-bf0d-428a-814f-266b27e759e4: receive RaftClientReply:client-09EBABE1B9AF->325d518f-bf0d-428a-814f-266b27e759e4@group-9696F0872FC0, cid=2446, SUCCESS, logIndex=4085, commits[325d518f-bf0d-428a-814f-266b27e759e4:c4085]
2019-06-15 10:53:11,371 INFO  client.GrpcClientProtocolClient (GrpcClientProtocolClient.java:onNext(254)) - client-09EBABE1B9AF->325d518f-bf0d-428a-814f-266b27e759e4: receive RaftClientReply:client-09EBABE1B9AF->325d518f-bf0d-428a-814f-266b27e759e4@group-9696F0872FC0, cid=2447, SUCCESS, logIndex=4086, commits[325d518f-bf0d-428a-814f-266b27e759e4:c4088]
2019-06-15 10:53:11,371 INFO  client.GrpcClientProtocolClient (GrpcClientProtocolClient.java:onNext(254)) - client-09EBABE1B9AF->325d518f-bf0d-428a-814f-266b27e759e4: receive RaftClientReply:client-09EBABE1B9AF->325d518f-bf0d-428a-814f-266b27e759e4@group-9696F0872FC0, cid=2448, SUCCESS, logIndex=4087, commits[325d518f-bf0d-428a-814f-266b27e759e4:c4088]
2019-06-15 10:53:11,379 INFO  storage.RaftLogWorker (RaftLogWorker.java:rollLogSegment(303)) - 325d518f-bf0d-428a-814f-266b27e759e4-RaftLogWorker: Rolling segment log-4021_4088 to index:4088
2019-06-15 10:53:11,379 INFO  storage.RaftLogWorker (RaftLogWorker.java:execute(433)) - 325d518f-bf0d-428a-814f-266b27e759e4-RaftLogWorker: Rolled log segment from /opt/src/hadoop-ozone/integration-test/target/test-dir/MiniOzoneClusterImpl-dd99cefe-9779-4043-9d74-181b69d2a827/datanode-0/data/ratis/e0f1d9ef-e225-4b24-a786-9696f0872fc0/current/log_inprogress_4021 to /opt/src/hadoop-ozone/integration-test/target/test-dir/MiniOzoneClusterImpl-dd99cefe-9779-4043-9d74-181b69d2a827/datanode-0/data/ratis/e0f1d9ef-e225-4b24-a786-9696f0872fc0/current/log_4021-4088
2019-06-15 10:53:11,416 DEBUG block.SCMBlockDeletingService (SCMBlockDeletingService.java:call(138)) - Running DeletedBlockTransactionScanner
2019-06-15 10:53:11,416 DEBUG block.SCMBlockDeletingService (SCMBlockDeletingService.java:call(155)) - Scanned deleted blocks log and got 0 delTX to process.
2019-06-15 10:53:11,418 INFO  storage.RaftLogWorker (RaftLogWorker.java:execute(469)) - 325d518f-bf0d-428a-814f-266b27e759e4-RaftLogWorker: created new log segment /opt/src/hadoop-ozone/integration-test/target/test-dir/MiniOzoneClusterImpl-dd99cefe-9779-4043-9d74-181b69d2a827/datanode-0/data/ratis/e0f1d9ef-e225-4b24-a786-9696f0872fc0/current/log_inprogress_4089
2019-06-15 10:53:11,419 INFO  client.GrpcClientProtocolClient (GrpcClientProtocolClient.java:onNext(254)) - client-09EBABE1B9AF->325d518f-bf0d-428a-814f-266b27e759e4: receive RaftClientReply:client-09EBABE1B9AF->325d518f-bf0d-428a-814f-266b27e759e4@group-9696F0872FC0, cid=2449, SUCCESS, logIndex=4089, commits[325d518f-bf0d-428a-814f-266b27e759e4:c4089]
2019-06-15 10:53:11,420 INFO  client.GrpcClientProtocolClient (GrpcClientProtocolClient.java:onNext(254)) - client-09EBABE1B9AF->325d518f-bf0d-428a-814f-266b27e759e4: receive RaftClientReply:client-09EBABE1B9AF->325d518f-bf0d-428a-814f-266b27e759e4@group-9696F0872FC0, cid=2450, SUCCESS, logIndex=4091, commits[325d518f-bf0d-428a-814f-266b27e759e4:c4091]
2019-06-15 10:53:11,421 INFO  client.GrpcClientProtocolClient (GrpcClientProtocolClient.java:onNext(254)) - client-09EBABE1B9AF->325d518f-bf0d-428a-814f-266b27e759e4: receive RaftClientReply:client-09EBABE1B9AF->325d518f-bf0d-428a-814f-266b27e759e4@group-9696F0872FC0, cid=2451, SUCCESS, logIndex=4092, commits[325d518f-bf0d-428a-814f-266b27e759e4:c4094]
2019-06-15 10:53:11,422 INFO  client.GrpcClientProtocolClient (GrpcClientProtocolClient.java:onNext(254)) - client-09EBABE1B9AF->325d518f-bf0d-428a-814f-266b27e759e4: receive RaftClientReply:client-09EBABE1B9AF->325d518f-bf0d-428a-814f-266b27e759e4@group-9696F0872FC0, cid=2452, SUCCESS, logIndex=4093, commits[325d518f-bf0d-428a-814f-266b27e759e4:c4094]
2019-06-15 10:53:11,427 INFO  client.GrpcClientProtocolClient (GrpcClientProtocolClient.java:onNext(254)) - client-09EBABE1B9AF->325d518f-bf0d-428a-814f-266b27e759e4: receive RaftClientReply:client-09EBABE1B9AF->325d518f-bf0d-428a-814f-266b27e759e4@group-9696F0872FC0, cid=2453, SUCCESS, logIndex=4095, commits[325d518f-bf0d-428a-814f-266b27e759e4:c4095]
2019-06-15 10:53:11,428 INFO  client.GrpcClientProtocolClient (GrpcClientProtocolClient.java:onNext(254)) - client-09EBABE1B9AF->325d518f-bf0d-428a-814f-266b27e759e4: receive RaftClientReply:client-09EBABE1B9AF->325d518f-bf0d-428a-814f-266b27e759e4@group-9696F0872FC0, cid=2454, SUCCESS, logIndex=4097, commits[325d518f-bf0d-428a-814f-266b27e759e4:c4097]
2019-06-15 10:53:11,429 INFO  client.GrpcClientProtocolClient (GrpcClientProtocolClient.java:onNext(254)) - client-09EBABE1B9AF->325d518f-bf0d-428a-814f-266b27e759e4: receive RaftClientReply:client-09EBABE1B9AF->325d518f-bf0d-428a-814f-266b27e759e4@group-9696F0872FC0, cid=2455, SUCCESS, logIndex=4098, commits[325d518f-bf0d-428a-814f-266b27e759e4:c4100]
2019-06-15 10:53:11,429 INFO  client.GrpcClientProtocolClient (GrpcClientProtocolClient.java:onNext(254)) - client-09EBABE1B9AF->325d518f-bf0d-428a-814f-266b27e759e4: receive RaftClientReply:client-09EBABE1B9AF->325d518f-bf0d-428a-814f-266b27e759e4@group-9696F0872FC0, cid=2456, SUCCESS, logIndex=4099, commits[325d518f-bf0d-428a-814f-266b27e759e4:c4100]
2019-06-15 10:53:11,438 INFO  client.GrpcClientProtocolClient (GrpcClientProtocolClient.java:onNext(254)) - client-09EBABE1B9AF->325d518f-bf0d-428a-814f-266b27e759e4: receive RaftClientReply:client-09EBABE1B9AF->325d518f-bf0d-428a-814f-266b27e759e4@group-9696F0872FC0, cid=2457, SUCCESS, logIndex=4101, commits[325d518f-bf0d-428a-814f-266b27e759e4:c4101]
2019-06-15 10:53:11,439 INFO  client.GrpcClientProtocolClient (GrpcClientProtocolClient.java:onNext(254)) - client-09EBABE1B9AF->325d518f-bf0d-428a-814f-266b27e759e4: receive RaftClientReply:client-09EBABE1B9AF->325d518f-bf0d-428a-814f-266b27e759e4@group-9696F0872FC0, cid=2458, SUCCESS, logIndex=4103, commits[325d518f-bf0d-428a-814f-266b27e759e4:c4103]
2019-06-15 10:53:11,440 INFO  client.GrpcClientProtocolClient (GrpcClientProtocolClient.java:onNext(254)) - client-09EBABE1B9AF->325d518f-bf0d-428a-814f-266b27e759e4: receive RaftClientReply:client-09EBABE1B9AF->325d518f-bf0d-428a-814f-266b27e759e4@group-9696F0872FC0, cid=2459, SUCCESS, logIndex=4104, commits[325d518f-bf0d-428a-814f-266b27e759e4:c4106]
2019-06-15 10:53:11,440 INFO  client.GrpcClientProtocolClient (GrpcClientProtocolClient.java:onNext(254)) - client-09EBABE1B9AF->325d518f-bf0d-428a-814f-266b27e759e4: receive RaftClientReply:client-09EBABE1B9AF->325d518f-bf0d-428a-814f-266b27e759e4@group-9696F0872FC0, cid=2460, SUCCESS, logIndex=4105, commits[325d518f-bf0d-428a-814f-266b27e759e4:c4106]
2019-06-15 10:53:11,445 INFO  client.GrpcClientProtocolClient (GrpcClientProtocolClient.java:onNext(254)) - client-09EBABE1B9AF->325d518f-bf0d-428a-814f-266b27e759e4: receive RaftClientReply:client-09EBABE1B9AF->325d518f-bf0d-428a-814f-266b27e759e4@group-9696F0872FC0, cid=2461, SUCCESS, logIndex=4107, commits[325d518f-bf0d-428a-814f-266b27e759e4:c4107]
2019-06-15 10:53:11,446 INFO  client.GrpcClientProtocolClient (GrpcClientProtocolClient.java:onNext(254)) - client-09EBABE1B9AF->325d518f-bf0d-428a-814f-266b27e759e4: receive RaftClientReply:client-09EBABE1B9AF->325d518f-bf0d-428a-814f-266b27e759e4@group-9696F0872FC0, cid=2462, SUCCESS, logIndex=4109, commits[325d518f-bf0d-428a-814f-266b27e759e4:c4109]
2019-06-15 10:53:11,448 INFO  client.GrpcClientProtocolClient (GrpcClientProtocolClient.java:onNext(254)) - client-09EBABE1B9AF->325d518f-bf0d-428a-814f-266b27e759e4: receive RaftClientReply:client-09EBABE1B9AF->325d518f-bf0d-428a-814f-266b27e759e4@group-9696F0872FC0, cid=2463, SUCCESS, logIndex=4110, commits[325d518f-bf0d-428a-814f-266b27e759e4:c4112]
2019-06-15 10:53:11,448 INFO  client.GrpcClientProtocolClient (GrpcClientProtocolClient.java:onNext(254)) - client-09EBABE1B9AF->325d518f-bf0d-428a-814f-266b27e759e4: receive RaftClientReply:client-09EBABE1B9AF->325d518f-bf0d-428a-814f-266b27e759e4@group-9696F0872FC0, cid=2464, SUCCESS, logIndex=4111, commits[325d518f-bf0d-428a-814f-266b27e759e4:c4112]
2019-06-15 10:53:11,457 INFO  client.GrpcClientProtocolClient (GrpcClientProtocolClient.java:onNext(254)) - client-09EBABE1B9AF->325d518f-bf0d-428a-814f-266b27e759e4: receive RaftClientReply:client-09EBABE1B9AF->325d518f-bf0d-428a-814f-266b27e759e4@group-9696F0872FC0, cid=2465, SUCCESS, logIndex=4113, commits[325d518f-bf0d-428a-814f-266b27e759e4:c4113]
2019-06-15 10:53:11,459 INFO  client.GrpcClientProtocolClient (GrpcClientProtocolClient.java:onNext(254)) - client-09EBABE1B9AF->325d518f-bf0d-428a-814f-266b27e759e4: receive RaftClientReply:client-09EBABE1B9AF->325d518f-bf0d-428a-814f-266b27e759e4@group-9696F0872FC0, cid=2466, SUCCESS, logIndex=4115, commits[325d518f-bf0d-428a-814f-266b27e759e4:c4115]
2019-06-15 10:53:11,460 INFO  client.GrpcClientProtocolClient (GrpcClientProtocolClient.java:onNext(254)) - client-09EBABE1B9AF->325d518f-bf0d-428a-814f-266b27e759e4: receive RaftClientReply:client-09EBABE1B9AF->325d518f-bf0d-428a-814f-266b27e759e4@group-9696F0872FC0, cid=2467, SUCCESS, logIndex=4116, commits[325d518f-bf0d-428a-814f-266b27e759e4:c4118]
2019-06-15 10:53:11,460 INFO  client.GrpcClientProtocolClient (GrpcClientProtocolClient.java:onNext(254)) - client-09EBABE1B9AF->325d518f-bf0d-428a-814f-266b27e759e4: receive RaftClientReply:client-09EBABE1B9AF->325d518f-bf0d-428a-814f-266b27e759e4@group-9696F0872FC0, cid=2468, SUCCESS, logIndex=4117, commits[325d518f-bf0d-428a-814f-266b27e759e4:c4118]
2019-06-15 10:53:11,465 INFO  client.GrpcClientProtocolClient (GrpcClientProtocolClient.java:onNext(254)) - client-09EBABE1B9AF->325d518f-bf0d-428a-814f-266b27e759e4: receive RaftClientReply:client-09EBABE1B9AF->325d518f-bf0d-428a-814f-266b27e759e4@group-9696F0872FC0, cid=2469, SUCCESS, logIndex=4119, commits[325d518f-bf0d-428a-814f-266b27e759e4:c4119]
2019-06-15 10:53:11,466 INFO  client.GrpcClientProtocolClient (GrpcClientProtocolClient.java:onNext(254)) - client-09EBABE1B9AF->325d518f-bf0d-428a-814f-266b27e759e4: receive RaftClientReply:client-09EBABE1B9AF->325d518f-bf0d-428a-814f-266b27e759e4@group-9696F0872FC0, cid=2470, SUCCESS, logIndex=4121, commits[325d518f-bf0d-428a-814f-266b27e759e4:c4121]
2019-06-15 10:53:11,467 INFO  client.GrpcClientProtocolClient (GrpcClientProtocolClient.java:onNext(254)) - client-09EBABE1B9AF->325d518f-bf0d-428a-814f-266b27e759e4: receive RaftClientReply:client-09EBABE1B9AF->325d518f-bf0d-428a-814f-266b27e759e4@group-9696F0872FC0, cid=2471, SUCCESS, logIndex=4122, commits[325d518f-bf0d-428a-814f-266b27e759e4:c4124]
2019-06-15 10:53:11,467 INFO  client.GrpcClientProtocolClient (GrpcClientProtocolClient.java:onNext(254)) - client-09EBABE1B9AF->325d518f-bf0d-428a-814f-266b27e759e4: receive RaftClientReply:client-09EBABE1B9AF->325d518f-bf0d-428a-814f-266b27e759e4@group-9696F0872FC0, cid=2472, SUCCESS, logIndex=4123, commits[325d518f-bf0d-428a-814f-266b27e759e4:c4124]
2019-06-15 10:53:11,477 INFO  client.GrpcClientProtocolClient (GrpcClientProtocolClient.java:onNext(254)) - client-09EBABE1B9AF->325d518f-bf0d-428a-814f-266b27e759e4: receive RaftClientReply:client-09EBABE1B9AF->325d518f-bf0d-428a-814f-266b27e759e4@group-9696F0872FC0, cid=2473, SUCCESS, logIndex=4125, commits[325d518f-bf0d-428a-814f-266b27e759e4:c4125]
2019-06-15 10:53:11,478 INFO  client.GrpcClientProtocolClient (GrpcClientProtocolClient.java:onNext(254)) - client-09EBABE1B9AF->325d518f-bf0d-428a-814f-266b27e759e4: receive RaftClientReply:client-09EBABE1B9AF->325d518f-bf0d-428a-814f-266b27e759e4@group-9696F0872FC0, cid=2474, SUCCESS, logIndex=4127, commits[325d518f-bf0d-428a-814f-266b27e759e4:c4127]
2019-06-15 10:53:11,516 DEBUG block.SCMBlockDeletingService (SCMBlockDeletingService.java:call(138)) - Running DeletedBlockTransactionScanner
2019-06-15 10:53:11,516 DEBUG block.SCMBlockDeletingService (SCMBlockDeletingService.java:call(155)) - Scanned deleted blocks log and got 0 delTX to process.
2019-06-15 10:53:11,545 INFO  client.GrpcClientProtocolClient (GrpcClientProtocolClient.java:onNext(254)) - client-09EBABE1B9AF->325d518f-bf0d-428a-814f-266b27e759e4: receive RaftClientReply:client-09EBABE1B9AF->325d518f-bf0d-428a-814f-266b27e759e4@group-9696F0872FC0, cid=2475, SUCCESS, logIndex=4129, commits[325d518f-bf0d-428a-814f-266b27e759e4:c4129]
2019-06-15 10:53:11,546 INFO  client.GrpcClientProtocolClient (GrpcClientProtocolClient.java:onNext(254)) - client-09EBABE1B9AF->325d518f-bf0d-428a-814f-266b27e759e4: receive RaftClientReply:client-09EBABE1B9AF->325d518f-bf0d-428a-814f-266b27e759e4@group-9696F0872FC0, cid=2476, SUCCESS, logIndex=4131, commits[325d518f-bf0d-428a-814f-266b27e759e4:c4131]
2019-06-15 10:53:11,551 INFO  client.GrpcClientProtocolClient (GrpcClientProtocolClient.java:onNext(254)) - client-09EBABE1B9AF->325d518f-bf0d-428a-814f-266b27e759e4: receive RaftClientReply:client-09EBABE1B9AF->325d518f-bf0d-428a-814f-266b27e759e4@group-9696F0872FC0, cid=2477, SUCCESS, logIndex=4133, commits[325d518f-bf0d-428a-814f-266b27e759e4:c4133]
2019-06-15 10:53:11,552 INFO  client.GrpcClientProtocolClient (GrpcClientProtocolClient.java:onNext(254)) - client-09EBABE1B9AF->325d518f-bf0d-428a-814f-266b27e759e4: receive RaftClientReply:client-09EBABE1B9AF->325d518f-bf0d-428a-814f-266b27e759e4@group-9696F0872FC0, cid=2478, SUCCESS, logIndex=4135, commits[325d518f-bf0d-428a-814f-266b27e759e4:c4135]
2019-06-15 10:53:11,553 INFO  client.GrpcClientProtocolClient (GrpcClientProtocolClient.java:onNext(254)) - client-09EBABE1B9AF->325d518f-bf0d-428a-814f-266b27e759e4: receive RaftClientReply:client-09EBABE1B9AF->325d518f-bf0d-428a-814f-266b27e759e4@group-9696F0872FC0, cid=2479, SUCCESS, logIndex=4136, commits[325d518f-bf0d-428a-814f-266b27e759e4:c4138]
2019-06-15 10:53:11,553 INFO  client.GrpcClientProtocolClient (GrpcClientProtocolClient.java:onNext(254)) - client-09EBABE1B9AF->325d518f-bf0d-428a-814f-266b27e759e4: receive RaftClientReply:client-09EBABE1B9AF->325d518f-bf0d-428a-814f-266b27e759e4@group-9696F0872FC0, cid=2480, SUCCESS, logIndex=4137, commits[325d518f-bf0d-428a-814f-266b27e759e4:c4138]
2019-06-15 10:53:11,562 INFO  client.GrpcClientProtocolClient (GrpcClientProtocolClient.java:onNext(254)) - client-09EBABE1B9AF->325d518f-bf0d-428a-814f-266b27e759e4: receive RaftClientReply:client-09EBABE1B9AF->325d518f-bf0d-428a-814f-266b27e759e4@group-9696F0872FC0, cid=2481, SUCCESS, logIndex=4139, commits[325d518f-bf0d-428a-814f-266b27e759e4:c4139]
2019-06-15 10:53:11,563 INFO  client.GrpcClientProtocolClient (GrpcClientProtocolClient.java:onNext(254)) - client-09EBABE1B9AF->325d518f-bf0d-428a-814f-266b27e759e4: receive RaftClientReply:client-09EBABE1B9AF->325d518f-bf0d-428a-814f-266b27e759e4@group-9696F0872FC0, cid=2482, SUCCESS, logIndex=4141, commits[325d518f-bf0d-428a-814f-266b27e759e4:c4141]
2019-06-15 10:53:11,564 INFO  client.GrpcClientProtocolClient (GrpcClientProtocolClient.java:onNext(254)) - client-09EBABE1B9AF->325d518f-bf0d-428a-814f-266b27e759e4: receive RaftClientReply:client-09EBABE1B9AF->325d518f-bf0d-428a-814f-266b27e759e4@group-9696F0872FC0, cid=2483, SUCCESS, logIndex=4142, commits[325d518f-bf0d-428a-814f-266b27e759e4:c4144]
2019-06-15 10:53:11,565 INFO  client.GrpcClientProtocolClient (GrpcClientProtocolClient.java:onNext(254)) - client-09EBABE1B9AF->325d518f-bf0d-428a-814f-266b27e759e4: receive RaftClientReply:client-09EBABE1B9AF->325d518f-bf0d-428a-814f-266b27e759e4@group-9696F0872FC0, cid=2484, SUCCESS, logIndex=4143, commits[325d518f-bf0d-428a-814f-266b27e759e4:c4144]
2019-06-15 10:53:11,570 INFO  client.GrpcClientProtocolClient (GrpcClientProtocolClient.java:onNext(254)) - client-09EBABE1B9AF->325d518f-bf0d-428a-814f-266b27e759e4: receive RaftClientReply:client-09EBABE1B9AF->325d518f-bf0d-428a-814f-266b27e759e4@group-9696F0872FC0, cid=2485, SUCCESS, logIndex=4145, commits[325d518f-bf0d-428a-814f-266b27e759e4:c4145]
2019-06-15 10:53:11,571 INFO  client.GrpcClientProtocolClient (GrpcClientProtocolClient.java:onNext(254)) - client-09EBABE1B9AF->325d518f-bf0d-428a-814f-266b27e759e4: receive RaftClientReply:client-09EBABE1B9AF->325d518f-bf0d-428a-814f-266b27e759e4@group-9696F0872FC0, cid=2486, SUCCESS, logIndex=4147, commits[325d518f-bf0d-428a-814f-266b27e759e4:c4147]
2019-06-15 10:53:11,572 INFO  client.GrpcClientProtocolClient (GrpcClientProtocolClient.java:onNext(254)) - client-09EBABE1B9AF->325d518f-bf0d-428a-814f-266b27e759e4: receive RaftClientReply:client-09EBABE1B9AF->325d518f-bf0d-428a-814f-266b27e759e4@group-9696F0872FC0, cid=2487, SUCCESS, logIndex=4148, commits[325d518f-bf0d-428a-814f-266b27e759e4:c4150]
2019-06-15 10:53:11,572 INFO  client.GrpcClientProtocolClient (GrpcClientProtocolClient.java:onNext(254)) - client-09EBABE1B9AF->325d518f-bf0d-428a-814f-266b27e759e4: receive RaftClientReply:client-09EBABE1B9AF->325d518f-bf0d-428a-814f-266b27e759e4@group-9696F0872FC0, cid=2488, SUCCESS, logIndex=4149, commits[325d518f-bf0d-428a-814f-266b27e759e4:c4150]
2019-06-15 10:53:11,581 INFO  client.GrpcClientProtocolClient (GrpcClientProtocolClient.java:onNext(254)) - client-09EBABE1B9AF->325d518f-bf0d-428a-814f-266b27e759e4: receive RaftClientReply:client-09EBABE1B9AF->325d518f-bf0d-428a-814f-266b27e759e4@group-9696F0872FC0, cid=2489, SUCCESS, logIndex=4151, commits[325d518f-bf0d-428a-814f-266b27e759e4:c4151]
2019-06-15 10:53:11,582 INFO  client.GrpcClientProtocolClient (GrpcClientProtocolClient.java:onNext(254)) - client-09EBABE1B9AF->325d518f-bf0d-428a-814f-266b27e759e4: receive RaftClientReply:client-09EBABE1B9AF->325d518f-bf0d-428a-814f-266b27e759e4@group-9696F0872FC0, cid=2490, SUCCESS, logIndex=4153, commits[325d518f-bf0d-428a-814f-266b27e759e4:c4153]
2019-06-15 10:53:11,583 INFO  client.GrpcClientProtocolClient (GrpcClientProtocolClient.java:onNext(254)) - client-09EBABE1B9AF->325d518f-bf0d-428a-814f-266b27e759e4: receive RaftClientReply:client-09EBABE1B9AF->325d518f-bf0d-428a-814f-266b27e759e4@group-9696F0872FC0, cid=2491, SUCCESS, logIndex=4154, commits[325d518f-bf0d-428a-814f-266b27e759e4:c4156]
2019-06-15 10:53:11,584 INFO  client.GrpcClientProtocolClient (GrpcClientProtocolClient.java:onNext(254)) - client-09EBABE1B9AF->325d518f-bf0d-428a-814f-266b27e759e4: receive RaftClientReply:client-09EBABE1B9AF->325d518f-bf0d-428a-814f-266b27e759e4@group-9696F0872FC0, cid=2492, SUCCESS, logIndex=4155, commits[325d518f-bf0d-428a-814f-266b27e759e4:c4156]
2019-06-15 10:53:11,586 INFO  storage.RaftLogWorker (RaftLogWorker.java:rollLogSegment(303)) - 325d518f-bf0d-428a-814f-266b27e759e4-RaftLogWorker: Rolling segment log-4089_4156 to index:4156
2019-06-15 10:53:11,586 INFO  storage.RaftLogWorker (RaftLogWorker.java:execute(433)) - 325d518f-bf0d-428a-814f-266b27e759e4-RaftLogWorker: Rolled log segment from /opt/src/hadoop-ozone/integration-test/target/test-dir/MiniOzoneClusterImpl-dd99cefe-9779-4043-9d74-181b69d2a827/datanode-0/data/ratis/e0f1d9ef-e225-4b24-a786-9696f0872fc0/current/log_inprogress_4089 to /opt/src/hadoop-ozone/integration-test/target/test-dir/MiniOzoneClusterImpl-dd99cefe-9779-4043-9d74-181b69d2a827/datanode-0/data/ratis/e0f1d9ef-e225-4b24-a786-9696f0872fc0/current/log_4089-4156
2019-06-15 10:53:11,616 DEBUG block.SCMBlockDeletingService (SCMBlockDeletingService.java:call(138)) - Running DeletedBlockTransactionScanner
2019-06-15 10:53:11,617 DEBUG block.SCMBlockDeletingService (SCMBlockDeletingService.java:call(155)) - Scanned deleted blocks log and got 0 delTX to process.
2019-06-15 10:53:11,624 INFO  storage.RaftLogWorker (RaftLogWorker.java:execute(469)) - 325d518f-bf0d-428a-814f-266b27e759e4-RaftLogWorker: created new log segment /opt/src/hadoop-ozone/integration-test/target/test-dir/MiniOzoneClusterImpl-dd99cefe-9779-4043-9d74-181b69d2a827/datanode-0/data/ratis/e0f1d9ef-e225-4b24-a786-9696f0872fc0/current/log_inprogress_4157
2019-06-15 10:53:11,625 INFO  client.GrpcClientProtocolClient (GrpcClientProtocolClient.java:onNext(254)) - client-09EBABE1B9AF->325d518f-bf0d-428a-814f-266b27e759e4: receive RaftClientReply:client-09EBABE1B9AF->325d518f-bf0d-428a-814f-266b27e759e4@group-9696F0872FC0, cid=2493, SUCCESS, logIndex=4157, commits[325d518f-bf0d-428a-814f-266b27e759e4:c4157]
2019-06-15 10:53:11,627 INFO  client.GrpcClientProtocolClient (GrpcClientProtocolClient.java:onNext(254)) - client-09EBABE1B9AF->325d518f-bf0d-428a-814f-266b27e759e4: receive RaftClientReply:client-09EBABE1B9AF->325d518f-bf0d-428a-814f-266b27e759e4@group-9696F0872FC0, cid=2494, SUCCESS, logIndex=4159, commits[325d518f-bf0d-428a-814f-266b27e759e4:c4159]
2019-06-15 10:53:11,628 INFO  client.GrpcClientProtocolClient (GrpcClientProtocolClient.java:onNext(254)) - client-09EBABE1B9AF->325d518f-bf0d-428a-814f-266b27e759e4: receive RaftClientReply:client-09EBABE1B9AF->325d518f-bf0d-428a-814f-266b27e759e4@group-9696F0872FC0, cid=2495, SUCCESS, logIndex=4160, commits[325d518f-bf0d-428a-814f-266b27e759e4:c4162]
2019-06-15 10:53:11,628 INFO  client.GrpcClientProtocolClient (GrpcClientProtocolClient.java:onNext(254)) - client-09EBABE1B9AF->325d518f-bf0d-428a-814f-266b27e759e4: receive RaftClientReply:client-09EBABE1B9AF->325d518f-bf0d-428a-814f-266b27e759e4@group-9696F0872FC0, cid=2496, SUCCESS, logIndex=4161, commits[325d518f-bf0d-428a-814f-266b27e759e4:c4162]
2019-06-15 10:53:11,637 INFO  client.GrpcClientProtocolClient (GrpcClientProtocolClient.java:onNext(254)) - client-09EBABE1B9AF->325d518f-bf0d-428a-814f-266b27e759e4: receive RaftClientReply:client-09EBABE1B9AF->325d518f-bf0d-428a-814f-266b27e759e4@group-9696F0872FC0, cid=2497, SUCCESS, logIndex=4163, commits[325d518f-bf0d-428a-814f-266b27e759e4:c4163]
2019-06-15 10:53:11,638 INFO  client.GrpcClientProtocolClient (GrpcClientProtocolClient.java:onNext(254)) - client-09EBABE1B9AF->325d518f-bf0d-428a-814f-266b27e759e4: receive RaftClientReply:client-09EBABE1B9AF->325d518f-bf0d-428a-814f-266b27e759e4@group-9696F0872FC0, cid=2498, SUCCESS, logIndex=4165, commits[325d518f-bf0d-428a-814f-266b27e759e4:c4165]
2019-06-15 10:53:11,640 INFO  client.GrpcClientProtocolClient (GrpcClientProtocolClient.java:onNext(254)) - client-09EBABE1B9AF->325d518f-bf0d-428a-814f-266b27e759e4: receive RaftClientReply:client-09EBABE1B9AF->325d518f-bf0d-428a-814f-266b27e759e4@group-9696F0872FC0, cid=2499, SUCCESS, logIndex=4166, commits[325d518f-bf0d-428a-814f-266b27e759e4:c4168]
2019-06-15 10:53:11,640 INFO  client.GrpcClientProtocolClient (GrpcClientProtocolClient.java:onNext(254)) - client-09EBABE1B9AF->325d518f-bf0d-428a-814f-266b27e759e4: receive RaftClientReply:client-09EBABE1B9AF->325d518f-bf0d-428a-814f-266b27e759e4@group-9696F0872FC0, cid=2500, SUCCESS, logIndex=4167, commits[325d518f-bf0d-428a-814f-266b27e759e4:c4168]
2019-06-15 10:53:11,645 INFO  client.GrpcClientProtocolClient (GrpcClientProtocolClient.java:onNext(254)) - client-09EBABE1B9AF->325d518f-bf0d-428a-814f-266b27e759e4: receive RaftClientReply:client-09EBABE1B9AF->325d518f-bf0d-428a-814f-266b27e759e4@group-9696F0872FC0, cid=2501, SUCCESS, logIndex=4169, commits[325d518f-bf0d-428a-814f-266b27e759e4:c4169]
2019-06-15 10:53:11,646 INFO  client.GrpcClientProtocolClient (GrpcClientProtocolClient.java:onNext(254)) - client-09EBABE1B9AF->325d518f-bf0d-428a-814f-266b27e759e4: receive RaftClientReply:client-09EBABE1B9AF->325d518f-bf0d-428a-814f-266b27e759e4@group-9696F0872FC0, cid=2502, SUCCESS, logIndex=4171, commits[325d518f-bf0d-428a-814f-266b27e759e4:c4171]
2019-06-15 10:53:11,647 INFO  client.GrpcClientProtocolClient (GrpcClientProtocolClient.java:onNext(254)) - client-09EBABE1B9AF->325d518f-bf0d-428a-814f-266b27e759e4: receive RaftClientReply:client-09EBABE1B9AF->325d518f-bf0d-428a-814f-266b27e759e4@group-9696F0872FC0, cid=2503, SUCCESS, logIndex=4172, commits[325d518f-bf0d-428a-814f-266b27e759e4:c4174]
2019-06-15 10:53:11,647 INFO  client.GrpcClientProtocolClient (GrpcClientProtocolClient.java:onNext(254)) - client-09EBABE1B9AF->325d518f-bf0d-428a-814f-266b27e759e4: receive RaftClientReply:client-09EBABE1B9AF->325d518f-bf0d-428a-814f-266b27e759e4@group-9696F0872FC0, cid=2504, SUCCESS, logIndex=4173, commits[325d518f-bf0d-428a-814f-266b27e759e4:c4174]
2019-06-15 10:53:11,656 INFO  client.GrpcClientProtocolClient (GrpcClientProtocolClient.java:onNext(254)) - client-09EBABE1B9AF->325d518f-bf0d-428a-814f-266b27e759e4: receive RaftClientReply:client-09EBABE1B9AF->325d518f-bf0d-428a-814f-266b27e759e4@group-9696F0872FC0, cid=2505, SUCCESS, logIndex=4175, commits[325d518f-bf0d-428a-814f-266b27e759e4:c4175]
2019-06-15 10:53:11,657 INFO  client.GrpcClientProtocolClient (GrpcClientProtocolClient.java:onNext(254)) - client-09EBABE1B9AF->325d518f-bf0d-428a-814f-266b27e759e4: receive RaftClientReply:client-09EBABE1B9AF->325d518f-bf0d-428a-814f-266b27e759e4@group-9696F0872FC0, cid=2506, SUCCESS, logIndex=4177, commits[325d518f-bf0d-428a-814f-266b27e759e4:c4177]
2019-06-15 10:53:11,658 INFO  client.GrpcClientProtocolClient (GrpcClientProtocolClient.java:onNext(254)) - client-09EBABE1B9AF->325d518f-bf0d-428a-814f-266b27e759e4: receive RaftClientReply:client-09EBABE1B9AF->325d518f-bf0d-428a-814f-266b27e759e4@group-9696F0872FC0, cid=2507, SUCCESS, logIndex=4178, commits[325d518f-bf0d-428a-814f-266b27e759e4:c4180]
2019-06-15 10:53:11,658 INFO  client.GrpcClientProtocolClient (GrpcClientProtocolClient.java:onNext(254)) - client-09EBABE1B9AF->325d518f-bf0d-428a-814f-266b27e759e4: receive RaftClientReply:client-09EBABE1B9AF->325d518f-bf0d-428a-814f-266b27e759e4@group-9696F0872FC0, cid=2508, SUCCESS, logIndex=4179, commits[325d518f-bf0d-428a-814f-266b27e759e4:c4180]
2019-06-15 10:53:11,663 INFO  client.GrpcClientProtocolClient (GrpcClientProtocolClient.java:onNext(254)) - client-09EBABE1B9AF->325d518f-bf0d-428a-814f-266b27e759e4: receive RaftClientReply:client-09EBABE1B9AF->325d518f-bf0d-428a-814f-266b27e759e4@group-9696F0872FC0, cid=2509, SUCCESS, logIndex=4181, commits[325d518f-bf0d-428a-814f-266b27e759e4:c4181]
2019-06-15 10:53:11,664 INFO  client.GrpcClientProtocolClient (GrpcClientProtocolClient.java:onNext(254)) - client-09EBABE1B9AF->325d518f-bf0d-428a-814f-266b27e759e4: receive RaftClientReply:client-09EBABE1B9AF->325d518f-bf0d-428a-814f-266b27e759e4@group-9696F0872FC0, cid=2510, SUCCESS, logIndex=4183, commits[325d518f-bf0d-428a-814f-266b27e759e4:c4183]
2019-06-15 10:53:11,665 INFO  client.GrpcClientProtocolClient (GrpcClientProtocolClient.java:onNext(254)) - client-09EBABE1B9AF->325d518f-bf0d-428a-814f-266b27e759e4: receive RaftClientReply:client-09EBABE1B9AF->325d518f-bf0d-428a-814f-266b27e759e4@group-9696F0872FC0, cid=2511, SUCCESS, logIndex=4184, commits[325d518f-bf0d-428a-814f-266b27e759e4:c4186]
2019-06-15 10:53:11,665 INFO  client.GrpcClientProtocolClient (GrpcClientProtocolClient.java:onNext(254)) - client-09EBABE1B9AF->325d518f-bf0d-428a-814f-266b27e759e4: receive RaftClientReply:client-09EBABE1B9AF->325d518f-bf0d-428a-814f-266b27e759e4@group-9696F0872FC0, cid=2512, SUCCESS, logIndex=4185, commits[325d518f-bf0d-428a-814f-266b27e759e4:c4186]
2019-06-15 10:53:11,674 INFO  client.GrpcClientProtocolClient (GrpcClientProtocolClient.java:onNext(254)) - client-09EBABE1B9AF->325d518f-bf0d-428a-814f-266b27e759e4: receive RaftClientReply:client-09EBABE1B9AF->325d518f-bf0d-428a-814f-266b27e759e4@group-9696F0872FC0, cid=2513, SUCCESS, logIndex=4187, commits[325d518f-bf0d-428a-814f-266b27e759e4:c4187]
2019-06-15 10:53:11,675 INFO  client.GrpcClientProtocolClient (GrpcClientProtocolClient.java:onNext(254)) - client-09EBABE1B9AF->325d518f-bf0d-428a-814f-266b27e759e4: receive RaftClientReply:client-09EBABE1B9AF->325d518f-bf0d-428a-814f-266b27e759e4@group-9696F0872FC0, cid=2514, SUCCESS, logIndex=4189, commits[325d518f-bf0d-428a-814f-266b27e759e4:c4189]
2019-06-15 10:53:11,676 INFO  client.GrpcClientProtocolClient (GrpcClientProtocolClient.java:onNext(254)) - client-09EBABE1B9AF->325d518f-bf0d-428a-814f-266b27e759e4: receive RaftClientReply:client-09EBABE1B9AF->325d518f-bf0d-428a-814f-266b27e759e4@group-9696F0872FC0, cid=2515, SUCCESS, logIndex=4190, commits[325d518f-bf0d-428a-814f-266b27e759e4:c4192]
2019-06-15 10:53:11,676 INFO  client.GrpcClientProtocolClient (GrpcClientProtocolClient.java:onNext(254)) - client-09EBABE1B9AF->325d518f-bf0d-428a-814f-266b27e759e4: receive RaftClientReply:client-09EBABE1B9AF->325d518f-bf0d-428a-814f-266b27e759e4@group-9696F0872FC0, cid=2516, SUCCESS, logIndex=4191, commits[325d518f-bf0d-428a-814f-266b27e759e4:c4192]
2019-06-15 10:53:11,726 DEBUG block.SCMBlockDeletingService (SCMBlockDeletingService.java:call(138)) - Running DeletedBlockTransactionScanner
2019-06-15 10:53:11,727 DEBUG block.SCMBlockDeletingService (SCMBlockDeletingService.java:call(155)) - Scanned deleted blocks log and got 0 delTX to process.
2019-06-15 10:53:11,731 INFO  client.GrpcClientProtocolClient (GrpcClientProtocolClient.java:onNext(254)) - client-09EBABE1B9AF->325d518f-bf0d-428a-814f-266b27e759e4: receive RaftClientReply:client-09EBABE1B9AF->325d518f-bf0d-428a-814f-266b27e759e4@group-9696F0872FC0, cid=2517, SUCCESS, logIndex=4193, commits[325d518f-bf0d-428a-814f-266b27e759e4:c4193]
2019-06-15 10:53:11,733 INFO  client.GrpcClientProtocolClient (GrpcClientProtocolClient.java:onNext(254)) - client-09EBABE1B9AF->325d518f-bf0d-428a-814f-266b27e759e4: receive RaftClientReply:client-09EBABE1B9AF->325d518f-bf0d-428a-814f-266b27e759e4@group-9696F0872FC0, cid=2518, SUCCESS, logIndex=4195, commits[325d518f-bf0d-428a-814f-266b27e759e4:c4195]
2019-06-15 10:53:11,797 INFO  client.GrpcClientProtocolClient (GrpcClientProtocolClient.java:onNext(254)) - client-09EBABE1B9AF->325d518f-bf0d-428a-814f-266b27e759e4: receive RaftClientReply:client-09EBABE1B9AF->325d518f-bf0d-428a-814f-266b27e759e4@group-9696F0872FC0, cid=2519, SUCCESS, logIndex=4197, commits[325d518f-bf0d-428a-814f-266b27e759e4:c4197]
2019-06-15 10:53:11,798 INFO  client.GrpcClientProtocolClient (GrpcClientProtocolClient.java:onNext(254)) - client-09EBABE1B9AF->325d518f-bf0d-428a-814f-266b27e759e4: receive RaftClientReply:client-09EBABE1B9AF->325d518f-bf0d-428a-814f-266b27e759e4@group-9696F0872FC0, cid=2520, SUCCESS, logIndex=4199, commits[325d518f-bf0d-428a-814f-266b27e759e4:c4199]
2019-06-15 10:53:11,807 INFO  client.GrpcClientProtocolClient (GrpcClientProtocolClient.java:onNext(254)) - client-09EBABE1B9AF->325d518f-bf0d-428a-814f-266b27e759e4: receive RaftClientReply:client-09EBABE1B9AF->325d518f-bf0d-428a-814f-266b27e759e4@group-9696F0872FC0, cid=2521, SUCCESS, logIndex=4201, commits[325d518f-bf0d-428a-814f-266b27e759e4:c4201]
2019-06-15 10:53:11,809 INFO  client.GrpcClientProtocolClient (GrpcClientProtocolClient.java:onNext(254)) - client-09EBABE1B9AF->325d518f-bf0d-428a-814f-266b27e759e4: receive RaftClientReply:client-09EBABE1B9AF->325d518f-bf0d-428a-814f-266b27e759e4@group-9696F0872FC0, cid=2522, SUCCESS, logIndex=4203, commits[325d518f-bf0d-428a-814f-266b27e759e4:c4203]
2019-06-15 10:53:11,809 INFO  client.GrpcClientProtocolClient (GrpcClientProtocolClient.java:onNext(254)) - client-09EBABE1B9AF->325d518f-bf0d-428a-814f-266b27e759e4: receive RaftClientReply:client-09EBABE1B9AF->325d518f-bf0d-428a-814f-266b27e759e4@group-9696F0872FC0, cid=2523, SUCCESS, logIndex=4204, commits[325d518f-bf0d-428a-814f-266b27e759e4:c4206]
2019-06-15 10:53:11,810 INFO  client.GrpcClientProtocolClient (GrpcClientProtocolClient.java:onNext(254)) - client-09EBABE1B9AF->325d518f-bf0d-428a-814f-266b27e759e4: receive RaftClientReply:client-09EBABE1B9AF->325d518f-bf0d-428a-814f-266b27e759e4@group-9696F0872FC0, cid=2524, SUCCESS, logIndex=4205, commits[325d518f-bf0d-428a-814f-266b27e759e4:c4206]
2019-06-15 10:53:11,814 INFO  client.GrpcClientProtocolClient (GrpcClientProtocolClient.java:onNext(254)) - client-09EBABE1B9AF->325d518f-bf0d-428a-814f-266b27e759e4: receive RaftClientReply:client-09EBABE1B9AF->325d518f-bf0d-428a-814f-266b27e759e4@group-9696F0872FC0, cid=2525, SUCCESS, logIndex=4207, commits[325d518f-bf0d-428a-814f-266b27e759e4:c4207]
2019-06-15 10:53:11,816 INFO  client.GrpcClientProtocolClient (GrpcClientProtocolClient.java:onNext(254)) - client-09EBABE1B9AF->325d518f-bf0d-428a-814f-266b27e759e4: receive RaftClientReply:client-09EBABE1B9AF->325d518f-bf0d-428a-814f-266b27e759e4@group-9696F0872FC0, cid=2526, SUCCESS, logIndex=4209, commits[325d518f-bf0d-428a-814f-266b27e759e4:c4209]
2019-06-15 10:53:11,816 INFO  client.GrpcClientProtocolClient (GrpcClientProtocolClient.java:onNext(254)) - client-09EBABE1B9AF->325d518f-bf0d-428a-814f-266b27e759e4: receive RaftClientReply:client-09EBABE1B9AF->325d518f-bf0d-428a-814f-266b27e759e4@group-9696F0872FC0, cid=2527, SUCCESS, logIndex=4210, commits[325d518f-bf0d-428a-814f-266b27e759e4:c4212]
2019-06-15 10:53:11,817 INFO  client.GrpcClientProtocolClient (GrpcClientProtocolClient.java:onNext(254)) - client-09EBABE1B9AF->325d518f-bf0d-428a-814f-266b27e759e4: receive RaftClientReply:client-09EBABE1B9AF->325d518f-bf0d-428a-814f-266b27e759e4@group-9696F0872FC0, cid=2528, SUCCESS, logIndex=4211, commits[325d518f-bf0d-428a-814f-266b27e759e4:c4212]
2019-06-15 10:53:11,825 INFO  client.GrpcClientProtocolClient (GrpcClientProtocolClient.java:onNext(254)) - client-09EBABE1B9AF->325d518f-bf0d-428a-814f-266b27e759e4: receive RaftClientReply:client-09EBABE1B9AF->325d518f-bf0d-428a-814f-266b27e759e4@group-9696F0872FC0, cid=2529, SUCCESS, logIndex=4213, commits[325d518f-bf0d-428a-814f-266b27e759e4:c4213]
2019-06-15 10:53:11,826 INFO  client.GrpcClientProtocolClient (GrpcClientProtocolClient.java:onNext(254)) - client-09EBABE1B9AF->325d518f-bf0d-428a-814f-266b27e759e4: receive RaftClientReply:client-09EBABE1B9AF->325d518f-bf0d-428a-814f-266b27e759e4@group-9696F0872FC0, cid=2530, SUCCESS, logIndex=4215, commits[325d518f-bf0d-428a-814f-266b27e759e4:c4215]
2019-06-15 10:53:11,827 INFO  client.GrpcClientProtocolClient (GrpcClientProtocolClient.java:onNext(254)) - client-09EBABE1B9AF->325d518f-bf0d-428a-814f-266b27e759e4: receive RaftClientReply:client-09EBABE1B9AF->325d518f-bf0d-428a-814f-266b27e759e4@group-9696F0872FC0, cid=2531, SUCCESS, logIndex=4216, commits[325d518f-bf0d-428a-814f-266b27e759e4:c4218]
2019-06-15 10:53:11,828 INFO  client.GrpcClientProtocolClient (GrpcClientProtocolClient.java:onNext(254)) - client-09EBABE1B9AF->325d518f-bf0d-428a-814f-266b27e759e4: receive RaftClientReply:client-09EBABE1B9AF->325d518f-bf0d-428a-814f-266b27e759e4@group-9696F0872FC0, cid=2532, SUCCESS, logIndex=4217, commits[325d518f-bf0d-428a-814f-266b27e759e4:c4218]
2019-06-15 10:53:11,828 DEBUG block.SCMBlockDeletingService (SCMBlockDeletingService.java:call(138)) - Running DeletedBlockTransactionScanner
2019-06-15 10:53:11,828 DEBUG block.SCMBlockDeletingService (SCMBlockDeletingService.java:call(155)) - Scanned deleted blocks log and got 0 delTX to process.
2019-06-15 10:53:11,832 INFO  client.GrpcClientProtocolClient (GrpcClientProtocolClient.java:onNext(254)) - client-09EBABE1B9AF->325d518f-bf0d-428a-814f-266b27e759e4: receive RaftClientReply:client-09EBABE1B9AF->325d518f-bf0d-428a-814f-266b27e759e4@group-9696F0872FC0, cid=2533, SUCCESS, logIndex=4219, commits[325d518f-bf0d-428a-814f-266b27e759e4:c4219]
2019-06-15 10:53:11,833 INFO  storage.RaftLogWorker (RaftLogWorker.java:rollLogSegment(303)) - 325d518f-bf0d-428a-814f-266b27e759e4-RaftLogWorker: Rolling segment log-4157_4222 to index:4222
2019-06-15 10:53:11,833 INFO  client.GrpcClientProtocolClient (GrpcClientProtocolClient.java:onNext(254)) - client-09EBABE1B9AF->325d518f-bf0d-428a-814f-266b27e759e4: receive RaftClientReply:client-09EBABE1B9AF->325d518f-bf0d-428a-814f-266b27e759e4@group-9696F0872FC0, cid=2534, SUCCESS, logIndex=4221, commits[325d518f-bf0d-428a-814f-266b27e759e4:c4221]
2019-06-15 10:53:11,834 INFO  storage.RaftLogWorker (RaftLogWorker.java:execute(433)) - 325d518f-bf0d-428a-814f-266b27e759e4-RaftLogWorker: Rolled log segment from /opt/src/hadoop-ozone/integration-test/target/test-dir/MiniOzoneClusterImpl-dd99cefe-9779-4043-9d74-181b69d2a827/datanode-0/data/ratis/e0f1d9ef-e225-4b24-a786-9696f0872fc0/current/log_inprogress_4157 to /opt/src/hadoop-ozone/integration-test/target/test-dir/MiniOzoneClusterImpl-dd99cefe-9779-4043-9d74-181b69d2a827/datanode-0/data/ratis/e0f1d9ef-e225-4b24-a786-9696f0872fc0/current/log_4157-4222
2019-06-15 10:53:11,834 INFO  client.GrpcClientProtocolClient (GrpcClientProtocolClient.java:onNext(254)) - client-09EBABE1B9AF->325d518f-bf0d-428a-814f-266b27e759e4: receive RaftClientReply:client-09EBABE1B9AF->325d518f-bf0d-428a-814f-266b27e759e4@group-9696F0872FC0, cid=2535, SUCCESS, logIndex=4222, commits[325d518f-bf0d-428a-814f-266b27e759e4:c4222]
2019-06-15 10:53:11,869 INFO  storage.RaftLogWorker (RaftLogWorker.java:execute(469)) - 325d518f-bf0d-428a-814f-266b27e759e4-RaftLogWorker: created new log segment /opt/src/hadoop-ozone/integration-test/target/test-dir/MiniOzoneClusterImpl-dd99cefe-9779-4043-9d74-181b69d2a827/datanode-0/data/ratis/e0f1d9ef-e225-4b24-a786-9696f0872fc0/current/log_inprogress_4223
2019-06-15 10:53:11,871 INFO  client.GrpcClientProtocolClient (GrpcClientProtocolClient.java:onNext(254)) - client-09EBABE1B9AF->325d518f-bf0d-428a-814f-266b27e759e4: receive RaftClientReply:client-09EBABE1B9AF->325d518f-bf0d-428a-814f-266b27e759e4@group-9696F0872FC0, cid=2536, SUCCESS, logIndex=4223, commits[325d518f-bf0d-428a-814f-266b27e759e4:c4225]
2019-06-15 10:53:11,882 INFO  client.GrpcClientProtocolClient (GrpcClientProtocolClient.java:onNext(254)) - client-09EBABE1B9AF->325d518f-bf0d-428a-814f-266b27e759e4: receive RaftClientReply:client-09EBABE1B9AF->325d518f-bf0d-428a-814f-266b27e759e4@group-9696F0872FC0, cid=2537, SUCCESS, logIndex=4226, commits[325d518f-bf0d-428a-814f-266b27e759e4:c4226]
2019-06-15 10:53:11,883 INFO  client.GrpcClientProtocolClient (GrpcClientProtocolClient.java:onNext(254)) - client-09EBABE1B9AF->325d518f-bf0d-428a-814f-266b27e759e4: receive RaftClientReply:client-09EBABE1B9AF->325d518f-bf0d-428a-814f-266b27e759e4@group-9696F0872FC0, cid=2538, SUCCESS, logIndex=4228, commits[325d518f-bf0d-428a-814f-266b27e759e4:c4228]
2019-06-15 10:53:11,886 INFO  client.GrpcClientProtocolClient (GrpcClientProtocolClient.java:onNext(254)) - client-09EBABE1B9AF->325d518f-bf0d-428a-814f-266b27e759e4: receive RaftClientReply:client-09EBABE1B9AF->325d518f-bf0d-428a-814f-266b27e759e4@group-9696F0872FC0, cid=2539, SUCCESS, logIndex=4230, commits[325d518f-bf0d-428a-814f-266b27e759e4:c4231]
2019-06-15 10:53:11,886 INFO  client.GrpcClientProtocolClient (GrpcClientProtocolClient.java:onNext(254)) - client-09EBABE1B9AF->325d518f-bf0d-428a-814f-266b27e759e4: receive RaftClientReply:client-09EBABE1B9AF->325d518f-bf0d-428a-814f-266b27e759e4@group-9696F0872FC0, cid=2540, SUCCESS, logIndex=4231, commits[325d518f-bf0d-428a-814f-266b27e759e4:c4231]
2019-06-15 10:53:11,892 INFO  client.GrpcClientProtocolClient (GrpcClientProtocolClient.java:onNext(254)) - client-09EBABE1B9AF->325d518f-bf0d-428a-814f-266b27e759e4: receive RaftClientReply:client-09EBABE1B9AF->325d518f-bf0d-428a-814f-266b27e759e4@group-9696F0872FC0, cid=2541, SUCCESS, logIndex=4233, commits[325d518f-bf0d-428a-814f-266b27e759e4:c4233]
2019-06-15 10:53:11,893 INFO  client.GrpcClientProtocolClient (GrpcClientProtocolClient.java:onNext(254)) - client-09EBABE1B9AF->325d518f-bf0d-428a-814f-266b27e759e4: receive RaftClientReply:client-09EBABE1B9AF->325d518f-bf0d-428a-814f-266b27e759e4@group-9696F0872FC0, cid=2542, SUCCESS, logIndex=4235, commits[325d518f-bf0d-428a-814f-266b27e759e4:c4235]
2019-06-15 10:53:11,894 INFO  client.GrpcClientProtocolClient (GrpcClientProtocolClient.java:onNext(254)) - client-09EBABE1B9AF->325d518f-bf0d-428a-814f-266b27e759e4: receive RaftClientReply:client-09EBABE1B9AF->325d518f-bf0d-428a-814f-266b27e759e4@group-9696F0872FC0, cid=2543, SUCCESS, logIndex=4236, commits[325d518f-bf0d-428a-814f-266b27e759e4:c4238]
2019-06-15 10:53:11,900 INFO  client.GrpcClientProtocolClient (GrpcClientProtocolClient.java:onNext(254)) - client-09EBABE1B9AF->325d518f-bf0d-428a-814f-266b27e759e4: receive RaftClientReply:client-09EBABE1B9AF->325d518f-bf0d-428a-814f-266b27e759e4@group-9696F0872FC0, cid=2544, SUCCESS, logIndex=4237, commits[325d518f-bf0d-428a-814f-266b27e759e4:c4238]
2019-06-15 10:53:11,911 INFO  client.GrpcClientProtocolClient (GrpcClientProtocolClient.java:onNext(254)) - client-09EBABE1B9AF->325d518f-bf0d-428a-814f-266b27e759e4: receive RaftClientReply:client-09EBABE1B9AF->325d518f-bf0d-428a-814f-266b27e759e4@group-9696F0872FC0, cid=2545, SUCCESS, logIndex=4239, commits[325d518f-bf0d-428a-814f-266b27e759e4:c4239]
2019-06-15 10:53:11,913 INFO  client.GrpcClientProtocolClient (GrpcClientProtocolClient.java:onNext(254)) - client-09EBABE1B9AF->325d518f-bf0d-428a-814f-266b27e759e4: receive RaftClientReply:client-09EBABE1B9AF->325d518f-bf0d-428a-814f-266b27e759e4@group-9696F0872FC0, cid=2546, SUCCESS, logIndex=4241, commits[325d518f-bf0d-428a-814f-266b27e759e4:c4241]
2019-06-15 10:53:11,914 INFO  client.GrpcClientProtocolClient (GrpcClientProtocolClient.java:onNext(254)) - client-09EBABE1B9AF->325d518f-bf0d-428a-814f-266b27e759e4: receive RaftClientReply:client-09EBABE1B9AF->325d518f-bf0d-428a-814f-266b27e759e4@group-9696F0872FC0, cid=2547, SUCCESS, logIndex=4242, commits[325d518f-bf0d-428a-814f-266b27e759e4:c4244]
2019-06-15 10:53:11,914 INFO  client.GrpcClientProtocolClient (GrpcClientProtocolClient.java:onNext(254)) - client-09EBABE1B9AF->325d518f-bf0d-428a-814f-266b27e759e4: receive RaftClientReply:client-09EBABE1B9AF->325d518f-bf0d-428a-814f-266b27e759e4@group-9696F0872FC0, cid=2548, SUCCESS, logIndex=4243, commits[325d518f-bf0d-428a-814f-266b27e759e4:c4244]
2019-06-15 10:53:11,920 INFO  client.GrpcClientProtocolClient (GrpcClientProtocolClient.java:onNext(254)) - client-09EBABE1B9AF->325d518f-bf0d-428a-814f-266b27e759e4: receive RaftClientReply:client-09EBABE1B9AF->325d518f-bf0d-428a-814f-266b27e759e4@group-9696F0872FC0, cid=2549, SUCCESS, logIndex=4245, commits[325d518f-bf0d-428a-814f-266b27e759e4:c4245]
2019-06-15 10:53:11,922 INFO  client.GrpcClientProtocolClient (GrpcClientProtocolClient.java:onNext(254)) - client-09EBABE1B9AF->325d518f-bf0d-428a-814f-266b27e759e4: receive RaftClientReply:client-09EBABE1B9AF->325d518f-bf0d-428a-814f-266b27e759e4@group-9696F0872FC0, cid=2550, SUCCESS, logIndex=4247, commits[325d518f-bf0d-428a-814f-266b27e759e4:c4247]
2019-06-15 10:53:11,922 INFO  client.GrpcClientProtocolClient (GrpcClientProtocolClient.java:onNext(254)) - client-09EBABE1B9AF->325d518f-bf0d-428a-814f-266b27e759e4: receive RaftClientReply:client-09EBABE1B9AF->325d518f-bf0d-428a-814f-266b27e759e4@group-9696F0872FC0, cid=2551, SUCCESS, logIndex=4248, commits[325d518f-bf0d-428a-814f-266b27e759e4:c4250]
2019-06-15 10:53:11,923 INFO  client.GrpcClientProtocolClient (GrpcClientProtocolClient.java:onNext(254)) - client-09EBABE1B9AF->325d518f-bf0d-428a-814f-266b27e759e4: receive RaftClientReply:client-09EBABE1B9AF->325d518f-bf0d-428a-814f-266b27e759e4@group-9696F0872FC0, cid=2552, SUCCESS, logIndex=4249, commits[325d518f-bf0d-428a-814f-266b27e759e4:c4250]
2019-06-15 10:53:11,928 DEBUG block.SCMBlockDeletingService (SCMBlockDeletingService.java:call(138)) - Running DeletedBlockTransactionScanner
2019-06-15 10:53:11,928 DEBUG block.SCMBlockDeletingService (SCMBlockDeletingService.java:call(155)) - Scanned deleted blocks log and got 0 delTX to process.
2019-06-15 10:53:11,934 INFO  client.GrpcClientProtocolClient (GrpcClientProtocolClient.java:onNext(254)) - client-09EBABE1B9AF->325d518f-bf0d-428a-814f-266b27e759e4: receive RaftClientReply:client-09EBABE1B9AF->325d518f-bf0d-428a-814f-266b27e759e4@group-9696F0872FC0, cid=2553, SUCCESS, logIndex=4251, commits[325d518f-bf0d-428a-814f-266b27e759e4:c4251]
2019-06-15 10:53:11,941 INFO  client.GrpcClientProtocolClient (GrpcClientProtocolClient.java:onNext(254)) - client-09EBABE1B9AF->325d518f-bf0d-428a-814f-266b27e759e4: receive RaftClientReply:client-09EBABE1B9AF->325d518f-bf0d-428a-814f-266b27e759e4@group-9696F0872FC0, cid=2554, SUCCESS, logIndex=4253, commits[325d518f-bf0d-428a-814f-266b27e759e4:c4253]
2019-06-15 10:53:11,942 INFO  client.GrpcClientProtocolClient (GrpcClientProtocolClient.java:onNext(254)) - client-09EBABE1B9AF->325d518f-bf0d-428a-814f-266b27e759e4: receive RaftClientReply:client-09EBABE1B9AF->325d518f-bf0d-428a-814f-266b27e759e4@group-9696F0872FC0, cid=2555, SUCCESS, logIndex=4254, commits[325d518f-bf0d-428a-814f-266b27e759e4:c4256]
2019-06-15 10:53:11,942 INFO  client.GrpcClientProtocolClient (GrpcClientProtocolClient.java:onNext(254)) - client-09EBABE1B9AF->325d518f-bf0d-428a-814f-266b27e759e4: receive RaftClientReply:client-09EBABE1B9AF->325d518f-bf0d-428a-814f-266b27e759e4@group-9696F0872FC0, cid=2556, SUCCESS, logIndex=4255, commits[325d518f-bf0d-428a-814f-266b27e759e4:c4256]
2019-06-15 10:53:11,950 INFO  client.GrpcClientProtocolClient (GrpcClientProtocolClient.java:onNext(254)) - client-09EBABE1B9AF->325d518f-bf0d-428a-814f-266b27e759e4: receive RaftClientReply:client-09EBABE1B9AF->325d518f-bf0d-428a-814f-266b27e759e4@group-9696F0872FC0, cid=2557, SUCCESS, logIndex=4257, commits[325d518f-bf0d-428a-814f-266b27e759e4:c4257]
2019-06-15 10:53:11,951 INFO  client.GrpcClientProtocolClient (GrpcClientProtocolClient.java:onNext(254)) - client-09EBABE1B9AF->325d518f-bf0d-428a-814f-266b27e759e4: receive RaftClientReply:client-09EBABE1B9AF->325d518f-bf0d-428a-814f-266b27e759e4@group-9696F0872FC0, cid=2558, SUCCESS, logIndex=4259, commits[325d518f-bf0d-428a-814f-266b27e759e4:c4259]
2019-06-15 10:53:11,952 INFO  client.GrpcClientProtocolClient (GrpcClientProtocolClient.java:onNext(254)) - client-09EBABE1B9AF->325d518f-bf0d-428a-814f-266b27e759e4: receive RaftClientReply:client-09EBABE1B9AF->325d518f-bf0d-428a-814f-266b27e759e4@group-9696F0872FC0, cid=2559, SUCCESS, logIndex=4260, commits[325d518f-bf0d-428a-814f-266b27e759e4:c4262]
2019-06-15 10:53:11,953 INFO  client.GrpcClientProtocolClient (GrpcClientProtocolClient.java:onNext(254)) - client-09EBABE1B9AF->325d518f-bf0d-428a-814f-266b27e759e4: receive RaftClientReply:client-09EBABE1B9AF->325d518f-bf0d-428a-814f-266b27e759e4@group-9696F0872FC0, cid=2560, SUCCESS, logIndex=4261, commits[325d518f-bf0d-428a-814f-266b27e759e4:c4262]
2019-06-15 10:53:11,966 INFO  client.GrpcClientProtocolClient (GrpcClientProtocolClient.java:onNext(254)) - client-09EBABE1B9AF->325d518f-bf0d-428a-814f-266b27e759e4: receive RaftClientReply:client-09EBABE1B9AF->325d518f-bf0d-428a-814f-266b27e759e4@group-9696F0872FC0, cid=2561, SUCCESS, logIndex=4263, commits[325d518f-bf0d-428a-814f-266b27e759e4:c4263]
2019-06-15 10:53:11,967 INFO  client.GrpcClientProtocolClient (GrpcClientProtocolClient.java:onNext(254)) - client-09EBABE1B9AF->325d518f-bf0d-428a-814f-266b27e759e4: receive RaftClientReply:client-09EBABE1B9AF->325d518f-bf0d-428a-814f-266b27e759e4@group-9696F0872FC0, cid=2562, SUCCESS, logIndex=4265, commits[325d518f-bf0d-428a-814f-266b27e759e4:c4265]
2019-06-15 10:53:12,028 DEBUG block.SCMBlockDeletingService (SCMBlockDeletingService.java:call(138)) - Running DeletedBlockTransactionScanner
2019-06-15 10:53:12,029 DEBUG block.SCMBlockDeletingService (SCMBlockDeletingService.java:call(155)) - Scanned deleted blocks log and got 0 delTX to process.
2019-06-15 10:53:12,032 INFO  client.GrpcClientProtocolClient (GrpcClientProtocolClient.java:onNext(254)) - client-09EBABE1B9AF->325d518f-bf0d-428a-814f-266b27e759e4: receive RaftClientReply:client-09EBABE1B9AF->325d518f-bf0d-428a-814f-266b27e759e4@group-9696F0872FC0, cid=2563, SUCCESS, logIndex=4267, commits[325d518f-bf0d-428a-814f-266b27e759e4:c4267]
2019-06-15 10:53:12,033 INFO  client.GrpcClientProtocolClient (GrpcClientProtocolClient.java:onNext(254)) - client-09EBABE1B9AF->325d518f-bf0d-428a-814f-266b27e759e4: receive RaftClientReply:client-09EBABE1B9AF->325d518f-bf0d-428a-814f-266b27e759e4@group-9696F0872FC0, cid=2564, SUCCESS, logIndex=4269, commits[325d518f-bf0d-428a-814f-266b27e759e4:c4269]
2019-06-15 10:53:12,039 INFO  client.GrpcClientProtocolClient (GrpcClientProtocolClient.java:onNext(254)) - client-09EBABE1B9AF->325d518f-bf0d-428a-814f-266b27e759e4: receive RaftClientReply:client-09EBABE1B9AF->325d518f-bf0d-428a-814f-266b27e759e4@group-9696F0872FC0, cid=2565, SUCCESS, logIndex=4271, commits[325d518f-bf0d-428a-814f-266b27e759e4:c4271]
2019-06-15 10:53:12,040 INFO  client.GrpcClientProtocolClient (GrpcClientProtocolClient.java:onNext(254)) - client-09EBABE1B9AF->325d518f-bf0d-428a-814f-266b27e759e4: receive RaftClientReply:client-09EBABE1B9AF->325d518f-bf0d-428a-814f-266b27e759e4@group-9696F0872FC0, cid=2566, SUCCESS, logIndex=4273, commits[325d518f-bf0d-428a-814f-266b27e759e4:c4273]
2019-06-15 10:53:12,041 INFO  client.GrpcClientProtocolClient (GrpcClientProtocolClient.java:onNext(254)) - client-09EBABE1B9AF->325d518f-bf0d-428a-814f-266b27e759e4: receive RaftClientReply:client-09EBABE1B9AF->325d518f-bf0d-428a-814f-266b27e759e4@group-9696F0872FC0, cid=2567, SUCCESS, logIndex=4274, commits[325d518f-bf0d-428a-814f-266b27e759e4:c4276]
2019-06-15 10:53:12,041 INFO  client.GrpcClientProtocolClient (GrpcClientProtocolClient.java:onNext(254)) - client-09EBABE1B9AF->325d518f-bf0d-428a-814f-266b27e759e4: receive RaftClientReply:client-09EBABE1B9AF->325d518f-bf0d-428a-814f-266b27e759e4@group-9696F0872FC0, cid=2568, SUCCESS, logIndex=4275, commits[325d518f-bf0d-428a-814f-266b27e759e4:c4276]
2019-06-15 10:53:12,050 INFO  client.GrpcClientProtocolClient (GrpcClientProtocolClient.java:onNext(254)) - client-09EBABE1B9AF->325d518f-bf0d-428a-814f-266b27e759e4: receive RaftClientReply:client-09EBABE1B9AF->325d518f-bf0d-428a-814f-266b27e759e4@group-9696F0872FC0, cid=2569, SUCCESS, logIndex=4277, commits[325d518f-bf0d-428a-814f-266b27e759e4:c4277]
2019-06-15 10:53:12,051 INFO  client.GrpcClientProtocolClient (GrpcClientProtocolClient.java:onNext(254)) - client-09EBABE1B9AF->325d518f-bf0d-428a-814f-266b27e759e4: receive RaftClientReply:client-09EBABE1B9AF->325d518f-bf0d-428a-814f-266b27e759e4@group-9696F0872FC0, cid=2570, SUCCESS, logIndex=4279, commits[325d518f-bf0d-428a-814f-266b27e759e4:c4279]
2019-06-15 10:53:12,052 INFO  client.GrpcClientProtocolClient (GrpcClientProtocolClient.java:onNext(254)) - client-09EBABE1B9AF->325d518f-bf0d-428a-814f-266b27e759e4: receive RaftClientReply:client-09EBABE1B9AF->325d518f-bf0d-428a-814f-266b27e759e4@group-9696F0872FC0, cid=2571, SUCCESS, logIndex=4280, commits[325d518f-bf0d-428a-814f-266b27e759e4:c4282]
2019-06-15 10:53:12,053 INFO  client.GrpcClientProtocolClient (GrpcClientProtocolClient.java:onNext(254)) - client-09EBABE1B9AF->325d518f-bf0d-428a-814f-266b27e759e4: receive RaftClientReply:client-09EBABE1B9AF->325d518f-bf0d-428a-814f-266b27e759e4@group-9696F0872FC0, cid=2572, SUCCESS, logIndex=4281, commits[325d518f-bf0d-428a-814f-266b27e759e4:c4282]
2019-06-15 10:53:12,058 INFO  client.GrpcClientProtocolClient (GrpcClientProtocolClient.java:onNext(254)) - client-09EBABE1B9AF->325d518f-bf0d-428a-814f-266b27e759e4: receive RaftClientReply:client-09EBABE1B9AF->325d518f-bf0d-428a-814f-266b27e759e4@group-9696F0872FC0, cid=2573, SUCCESS, logIndex=4283, commits[325d518f-bf0d-428a-814f-266b27e759e4:c4283]
2019-06-15 10:53:12,059 INFO  client.GrpcClientProtocolClient (GrpcClientProtocolClient.java:onNext(254)) - client-09EBABE1B9AF->325d518f-bf0d-428a-814f-266b27e759e4: receive RaftClientReply:client-09EBABE1B9AF->325d518f-bf0d-428a-814f-266b27e759e4@group-9696F0872FC0, cid=2574, SUCCESS, logIndex=4285, commits[325d518f-bf0d-428a-814f-266b27e759e4:c4285]
2019-06-15 10:53:12,060 INFO  client.GrpcClientProtocolClient (GrpcClientProtocolClient.java:onNext(254)) - client-09EBABE1B9AF->325d518f-bf0d-428a-814f-266b27e759e4: receive RaftClientReply:client-09EBABE1B9AF->325d518f-bf0d-428a-814f-266b27e759e4@group-9696F0872FC0, cid=2575, SUCCESS, logIndex=4286, commits[325d518f-bf0d-428a-814f-266b27e759e4:c4288]
2019-06-15 10:53:12,061 INFO  client.GrpcClientProtocolClient (GrpcClientProtocolClient.java:onNext(254)) - client-09EBABE1B9AF->325d518f-bf0d-428a-814f-266b27e759e4: receive RaftClientReply:client-09EBABE1B9AF->325d518f-bf0d-428a-814f-266b27e759e4@group-9696F0872FC0, cid=2576, SUCCESS, logIndex=4287, commits[325d518f-bf0d-428a-814f-266b27e759e4:c4288]
2019-06-15 10:53:12,070 INFO  client.GrpcClientProtocolClient (GrpcClientProtocolClient.java:onNext(254)) - client-09EBABE1B9AF->325d518f-bf0d-428a-814f-266b27e759e4: receive RaftClientReply:client-09EBABE1B9AF->325d518f-bf0d-428a-814f-266b27e759e4@group-9696F0872FC0, cid=2577, SUCCESS, logIndex=4289, commits[325d518f-bf0d-428a-814f-266b27e759e4:c4289]
2019-06-15 10:53:12,071 INFO  storage.RaftLogWorker (RaftLogWorker.java:rollLogSegment(303)) - 325d518f-bf0d-428a-814f-266b27e759e4-RaftLogWorker: Rolling segment log-4223_4291 to index:4291
2019-06-15 10:53:12,071 INFO  storage.RaftLogWorker (RaftLogWorker.java:execute(433)) - 325d518f-bf0d-428a-814f-266b27e759e4-RaftLogWorker: Rolled log segment from /opt/src/hadoop-ozone/integration-test/target/test-dir/MiniOzoneClusterImpl-dd99cefe-9779-4043-9d74-181b69d2a827/datanode-0/data/ratis/e0f1d9ef-e225-4b24-a786-9696f0872fc0/current/log_inprogress_4223 to /opt/src/hadoop-ozone/integration-test/target/test-dir/MiniOzoneClusterImpl-dd99cefe-9779-4043-9d74-181b69d2a827/datanode-0/data/ratis/e0f1d9ef-e225-4b24-a786-9696f0872fc0/current/log_4223-4291
2019-06-15 10:53:12,074 INFO  client.GrpcClientProtocolClient (GrpcClientProtocolClient.java:onNext(254)) - client-09EBABE1B9AF->325d518f-bf0d-428a-814f-266b27e759e4: receive RaftClientReply:client-09EBABE1B9AF->325d518f-bf0d-428a-814f-266b27e759e4@group-9696F0872FC0, cid=2578, SUCCESS, logIndex=4291, commits[325d518f-bf0d-428a-814f-266b27e759e4:c4291]
2019-06-15 10:53:12,110 INFO  storage.RaftLogWorker (RaftLogWorker.java:execute(469)) - 325d518f-bf0d-428a-814f-266b27e759e4-RaftLogWorker: created new log segment /opt/src/hadoop-ozone/integration-test/target/test-dir/MiniOzoneClusterImpl-dd99cefe-9779-4043-9d74-181b69d2a827/datanode-0/data/ratis/e0f1d9ef-e225-4b24-a786-9696f0872fc0/current/log_inprogress_4292
2019-06-15 10:53:12,112 INFO  client.GrpcClientProtocolClient (GrpcClientProtocolClient.java:onNext(254)) - client-09EBABE1B9AF->325d518f-bf0d-428a-814f-266b27e759e4: receive RaftClientReply:client-09EBABE1B9AF->325d518f-bf0d-428a-814f-266b27e759e4@group-9696F0872FC0, cid=2579, SUCCESS, logIndex=4292, commits[325d518f-bf0d-428a-814f-266b27e759e4:c4294]
2019-06-15 10:53:12,112 INFO  client.GrpcClientProtocolClient (GrpcClientProtocolClient.java:onNext(254)) - client-09EBABE1B9AF->325d518f-bf0d-428a-814f-266b27e759e4: receive RaftClientReply:client-09EBABE1B9AF->325d518f-bf0d-428a-814f-266b27e759e4@group-9696F0872FC0, cid=2580, SUCCESS, logIndex=4294, commits[325d518f-bf0d-428a-814f-266b27e759e4:c4295]
2019-06-15 10:53:12,118 INFO  client.GrpcClientProtocolClient (GrpcClientProtocolClient.java:onNext(254)) - client-09EBABE1B9AF->325d518f-bf0d-428a-814f-266b27e759e4: receive RaftClientReply:client-09EBABE1B9AF->325d518f-bf0d-428a-814f-266b27e759e4@group-9696F0872FC0, cid=2581, SUCCESS, logIndex=4296, commits[325d518f-bf0d-428a-814f-266b27e759e4:c4296]
2019-06-15 10:53:12,119 INFO  client.GrpcClientProtocolClient (GrpcClientProtocolClient.java:onNext(254)) - client-09EBABE1B9AF->325d518f-bf0d-428a-814f-266b27e759e4: receive RaftClientReply:client-09EBABE1B9AF->325d518f-bf0d-428a-814f-266b27e759e4@group-9696F0872FC0, cid=2582, SUCCESS, logIndex=4298, commits[325d518f-bf0d-428a-814f-266b27e759e4:c4298]
2019-06-15 10:53:12,120 INFO  client.GrpcClientProtocolClient (GrpcClientProtocolClient.java:onNext(254)) - client-09EBABE1B9AF->325d518f-bf0d-428a-814f-266b27e759e4: receive RaftClientReply:client-09EBABE1B9AF->325d518f-bf0d-428a-814f-266b27e759e4@group-9696F0872FC0, cid=2583, SUCCESS, logIndex=4299, commits[325d518f-bf0d-428a-814f-266b27e759e4:c4301]
2019-06-15 10:53:12,121 INFO  client.GrpcClientProtocolClient (GrpcClientProtocolClient.java:onNext(254)) - client-09EBABE1B9AF->325d518f-bf0d-428a-814f-266b27e759e4: receive RaftClientReply:client-09EBABE1B9AF->325d518f-bf0d-428a-814f-266b27e759e4@group-9696F0872FC0, cid=2584, SUCCESS, logIndex=4300, commits[325d518f-bf0d-428a-814f-266b27e759e4:c4301]
2019-06-15 10:53:12,130 DEBUG block.SCMBlockDeletingService (SCMBlockDeletingService.java:call(138)) - Running DeletedBlockTransactionScanner
2019-06-15 10:53:12,130 DEBUG block.SCMBlockDeletingService (SCMBlockDeletingService.java:call(155)) - Scanned deleted blocks log and got 0 delTX to process.
2019-06-15 10:53:12,131 INFO  client.GrpcClientProtocolClient (GrpcClientProtocolClient.java:onNext(254)) - client-09EBABE1B9AF->325d518f-bf0d-428a-814f-266b27e759e4: receive RaftClientReply:client-09EBABE1B9AF->325d518f-bf0d-428a-814f-266b27e759e4@group-9696F0872FC0, cid=2585, SUCCESS, logIndex=4302, commits[325d518f-bf0d-428a-814f-266b27e759e4:c4302]
2019-06-15 10:53:12,132 INFO  client.GrpcClientProtocolClient (GrpcClientProtocolClient.java:onNext(254)) - client-09EBABE1B9AF->325d518f-bf0d-428a-814f-266b27e759e4: receive RaftClientReply:client-09EBABE1B9AF->325d518f-bf0d-428a-814f-266b27e759e4@group-9696F0872FC0, cid=2586, SUCCESS, logIndex=4304, commits[325d518f-bf0d-428a-814f-266b27e759e4:c4304]
2019-06-15 10:53:12,136 INFO  client.GrpcClientProtocolClient (GrpcClientProtocolClient.java:onNext(254)) - client-09EBABE1B9AF->325d518f-bf0d-428a-814f-266b27e759e4: receive RaftClientReply:client-09EBABE1B9AF->325d518f-bf0d-428a-814f-266b27e759e4@group-9696F0872FC0, cid=2587, SUCCESS, logIndex=4306, commits[325d518f-bf0d-428a-814f-266b27e759e4:c4307]
2019-06-15 10:53:12,137 INFO  client.GrpcClientProtocolClient (GrpcClientProtocolClient.java:onNext(254)) - client-09EBABE1B9AF->325d518f-bf0d-428a-814f-266b27e759e4: receive RaftClientReply:client-09EBABE1B9AF->325d518f-bf0d-428a-814f-266b27e759e4@group-9696F0872FC0, cid=2588, SUCCESS, logIndex=4307, commits[325d518f-bf0d-428a-814f-266b27e759e4:c4308]
2019-06-15 10:53:12,145 INFO  client.GrpcClientProtocolClient (GrpcClientProtocolClient.java:onNext(254)) - client-09EBABE1B9AF->325d518f-bf0d-428a-814f-266b27e759e4: receive RaftClientReply:client-09EBABE1B9AF->325d518f-bf0d-428a-814f-266b27e759e4@group-9696F0872FC0, cid=2589, SUCCESS, logIndex=4309, commits[325d518f-bf0d-428a-814f-266b27e759e4:c4309]
2019-06-15 10:53:12,147 INFO  client.GrpcClientProtocolClient (GrpcClientProtocolClient.java:onNext(254)) - client-09EBABE1B9AF->325d518f-bf0d-428a-814f-266b27e759e4: receive RaftClientReply:client-09EBABE1B9AF->325d518f-bf0d-428a-814f-266b27e759e4@group-9696F0872FC0, cid=2590, SUCCESS, logIndex=4311, commits[325d518f-bf0d-428a-814f-266b27e759e4:c4311]
2019-06-15 10:53:12,148 INFO  client.GrpcClientProtocolClient (GrpcClientProtocolClient.java:onNext(254)) - client-09EBABE1B9AF->325d518f-bf0d-428a-814f-266b27e759e4: receive RaftClientReply:client-09EBABE1B9AF->325d518f-bf0d-428a-814f-266b27e759e4@group-9696F0872FC0, cid=2591, SUCCESS, logIndex=4312, commits[325d518f-bf0d-428a-814f-266b27e759e4:c4314]
2019-06-15 10:53:12,148 INFO  client.GrpcClientProtocolClient (GrpcClientProtocolClient.java:onNext(254)) - client-09EBABE1B9AF->325d518f-bf0d-428a-814f-266b27e759e4: receive RaftClientReply:client-09EBABE1B9AF->325d518f-bf0d-428a-814f-266b27e759e4@group-9696F0872FC0, cid=2592, SUCCESS, logIndex=4313, commits[325d518f-bf0d-428a-814f-266b27e759e4:c4314]
2019-06-15 10:53:12,207 INFO  client.GrpcClientProtocolClient (GrpcClientProtocolClient.java:onNext(254)) - client-09EBABE1B9AF->325d518f-bf0d-428a-814f-266b27e759e4: receive RaftClientReply:client-09EBABE1B9AF->325d518f-bf0d-428a-814f-266b27e759e4@group-9696F0872FC0, cid=2593, SUCCESS, logIndex=4315, commits[325d518f-bf0d-428a-814f-266b27e759e4:c4315]
2019-06-15 10:53:12,210 INFO  client.GrpcClientProtocolClient (GrpcClientProtocolClient.java:onNext(254)) - client-09EBABE1B9AF->325d518f-bf0d-428a-814f-266b27e759e4: receive RaftClientReply:client-09EBABE1B9AF->325d518f-bf0d-428a-814f-266b27e759e4@group-9696F0872FC0, cid=2594, SUCCESS, logIndex=4317, commits[325d518f-bf0d-428a-814f-266b27e759e4:c4317]
2019-06-15 10:53:12,210 INFO  client.GrpcClientProtocolClient (GrpcClientProtocolClient.java:onNext(254)) - client-09EBABE1B9AF->325d518f-bf0d-428a-814f-266b27e759e4: receive RaftClientReply:client-09EBABE1B9AF->325d518f-bf0d-428a-814f-266b27e759e4@group-9696F0872FC0, cid=2595, SUCCESS, logIndex=4318, commits[325d518f-bf0d-428a-814f-266b27e759e4:c4318]
2019-06-15 10:53:12,210 INFO  client.GrpcClientProtocolClient (GrpcClientProtocolClient.java:onNext(254)) - client-09EBABE1B9AF->325d518f-bf0d-428a-814f-266b27e759e4: receive RaftClientReply:client-09EBABE1B9AF->325d518f-bf0d-428a-814f-266b27e759e4@group-9696F0872FC0, cid=2596, SUCCESS, logIndex=4320, commits[325d518f-bf0d-428a-814f-266b27e759e4:c4320]
2019-06-15 10:53:12,215 INFO  client.GrpcClientProtocolClient (GrpcClientProtocolClient.java:onNext(254)) - client-09EBABE1B9AF->325d518f-bf0d-428a-814f-266b27e759e4: receive RaftClientReply:client-09EBABE1B9AF->325d518f-bf0d-428a-814f-266b27e759e4@group-9696F0872FC0, cid=2597, SUCCESS, logIndex=4323, commits[325d518f-bf0d-428a-814f-266b27e759e4:c4323]
2019-06-15 10:53:12,217 INFO  client.GrpcClientProtocolClient (GrpcClientProtocolClient.java:onNext(254)) - client-09EBABE1B9AF->325d518f-bf0d-428a-814f-266b27e759e4: receive RaftClientReply:client-09EBABE1B9AF->325d518f-bf0d-428a-814f-266b27e759e4@group-9696F0872FC0, cid=2598, SUCCESS, logIndex=4325, commits[325d518f-bf0d-428a-814f-266b27e759e4:c4325]
2019-06-15 10:53:12,218 INFO  client.GrpcClientProtocolClient (GrpcClientProtocolClient.java:onNext(254)) - client-09EBABE1B9AF->325d518f-bf0d-428a-814f-266b27e759e4: receive RaftClientReply:client-09EBABE1B9AF->325d518f-bf0d-428a-814f-266b27e759e4@group-9696F0872FC0, cid=2599, SUCCESS, logIndex=4326, commits[325d518f-bf0d-428a-814f-266b27e759e4:c4328]
2019-06-15 10:53:12,218 INFO  client.GrpcClientProtocolClient (GrpcClientProtocolClient.java:onNext(254)) - client-09EBABE1B9AF->325d518f-bf0d-428a-814f-266b27e759e4: receive RaftClientReply:client-09EBABE1B9AF->325d518f-bf0d-428a-814f-266b27e759e4@group-9696F0872FC0, cid=2600, SUCCESS, logIndex=4327, commits[325d518f-bf0d-428a-814f-266b27e759e4:c4328]
2019-06-15 10:53:12,227 INFO  client.GrpcClientProtocolClient (GrpcClientProtocolClient.java:onNext(254)) - client-09EBABE1B9AF->325d518f-bf0d-428a-814f-266b27e759e4: receive RaftClientReply:client-09EBABE1B9AF->325d518f-bf0d-428a-814f-266b27e759e4@group-9696F0872FC0, cid=2601, SUCCESS, logIndex=4329, commits[325d518f-bf0d-428a-814f-266b27e759e4:c4329]
2019-06-15 10:53:12,229 INFO  client.GrpcClientProtocolClient (GrpcClientProtocolClient.java:onNext(254)) - client-09EBABE1B9AF->325d518f-bf0d-428a-814f-266b27e759e4: receive RaftClientReply:client-09EBABE1B9AF->325d518f-bf0d-428a-814f-266b27e759e4@group-9696F0872FC0, cid=2602, SUCCESS, logIndex=4331, commits[325d518f-bf0d-428a-814f-266b27e759e4:c4331]
2019-06-15 10:53:12,230 INFO  client.GrpcClientProtocolClient (GrpcClientProtocolClient.java:onNext(254)) - client-09EBABE1B9AF->325d518f-bf0d-428a-814f-266b27e759e4: receive RaftClientReply:client-09EBABE1B9AF->325d518f-bf0d-428a-814f-266b27e759e4@group-9696F0872FC0, cid=2603, SUCCESS, logIndex=4332, commits[325d518f-bf0d-428a-814f-266b27e759e4:c4334]
2019-06-15 10:53:12,230 INFO  client.GrpcClientProtocolClient (GrpcClientProtocolClient.java:onNext(254)) - client-09EBABE1B9AF->325d518f-bf0d-428a-814f-266b27e759e4: receive RaftClientReply:client-09EBABE1B9AF->325d518f-bf0d-428a-814f-266b27e759e4@group-9696F0872FC0, cid=2604, SUCCESS, logIndex=4333, commits[325d518f-bf0d-428a-814f-266b27e759e4:c4334]
2019-06-15 10:53:12,230 DEBUG block.SCMBlockDeletingService (SCMBlockDeletingService.java:call(138)) - Running DeletedBlockTransactionScanner
2019-06-15 10:53:12,230 DEBUG block.SCMBlockDeletingService (SCMBlockDeletingService.java:call(155)) - Scanned deleted blocks log and got 0 delTX to process.
2019-06-15 10:53:12,238 INFO  client.GrpcClientProtocolClient (GrpcClientProtocolClient.java:onNext(254)) - client-09EBABE1B9AF->325d518f-bf0d-428a-814f-266b27e759e4: receive RaftClientReply:client-09EBABE1B9AF->325d518f-bf0d-428a-814f-266b27e759e4@group-9696F0872FC0, cid=2605, SUCCESS, logIndex=4335, commits[325d518f-bf0d-428a-814f-266b27e759e4:c4335]
2019-06-15 10:53:12,238 INFO  client.GrpcClientProtocolClient (GrpcClientProtocolClient.java:onNext(254)) - client-09EBABE1B9AF->325d518f-bf0d-428a-814f-266b27e759e4: receive RaftClientReply:client-09EBABE1B9AF->325d518f-bf0d-428a-814f-266b27e759e4@group-9696F0872FC0, cid=2606, SUCCESS, logIndex=4337, commits[325d518f-bf0d-428a-814f-266b27e759e4:c4337]
2019-06-15 10:53:12,238 INFO  client.GrpcClientProtocolClient (GrpcClientProtocolClient.java:onNext(254)) - client-09EBABE1B9AF->325d518f-bf0d-428a-814f-266b27e759e4: receive RaftClientReply:client-09EBABE1B9AF->325d518f-bf0d-428a-814f-266b27e759e4@group-9696F0872FC0, cid=2607, SUCCESS, logIndex=4338, commits[325d518f-bf0d-428a-814f-266b27e759e4:c4340]
2019-06-15 10:53:12,239 INFO  client.GrpcClientProtocolClient (GrpcClientProtocolClient.java:onNext(254)) - client-09EBABE1B9AF->325d518f-bf0d-428a-814f-266b27e759e4: receive RaftClientReply:client-09EBABE1B9AF->325d518f-bf0d-428a-814f-266b27e759e4@group-9696F0872FC0, cid=2608, SUCCESS, logIndex=4339, commits[325d518f-bf0d-428a-814f-266b27e759e4:c4340]
2019-06-15 10:53:12,312 INFO  client.GrpcClientProtocolClient (GrpcClientProtocolClient.java:onNext(254)) - client-09EBABE1B9AF->325d518f-bf0d-428a-814f-266b27e759e4: receive RaftClientReply:client-09EBABE1B9AF->325d518f-bf0d-428a-814f-266b27e759e4@group-9696F0872FC0, cid=2609, SUCCESS, logIndex=4341, commits[325d518f-bf0d-428a-814f-266b27e759e4:c4341]
2019-06-15 10:53:12,313 INFO  client.GrpcClientProtocolClient (GrpcClientProtocolClient.java:onNext(254)) - client-09EBABE1B9AF->325d518f-bf0d-428a-814f-266b27e759e4: receive RaftClientReply:client-09EBABE1B9AF->325d518f-bf0d-428a-814f-266b27e759e4@group-9696F0872FC0, cid=2610, SUCCESS, logIndex=4343, commits[325d518f-bf0d-428a-814f-266b27e759e4:c4343]
2019-06-15 10:53:12,315 INFO  client.GrpcClientProtocolClient (GrpcClientProtocolClient.java:onNext(254)) - client-09EBABE1B9AF->325d518f-bf0d-428a-814f-266b27e759e4: receive RaftClientReply:client-09EBABE1B9AF->325d518f-bf0d-428a-814f-266b27e759e4@group-9696F0872FC0, cid=2611, SUCCESS, logIndex=4344, commits[325d518f-bf0d-428a-814f-266b27e759e4:c4346]
2019-06-15 10:53:12,315 INFO  client.GrpcClientProtocolClient (GrpcClientProtocolClient.java:onNext(254)) - client-09EBABE1B9AF->325d518f-bf0d-428a-814f-266b27e759e4: receive RaftClientReply:client-09EBABE1B9AF->325d518f-bf0d-428a-814f-266b27e759e4@group-9696F0872FC0, cid=2612, SUCCESS, logIndex=4345, commits[325d518f-bf0d-428a-814f-266b27e759e4:c4346]
2019-06-15 10:53:12,320 INFO  client.GrpcClientProtocolClient (GrpcClientProtocolClient.java:onNext(254)) - client-09EBABE1B9AF->325d518f-bf0d-428a-814f-266b27e759e4: receive RaftClientReply:client-09EBABE1B9AF->325d518f-bf0d-428a-814f-266b27e759e4@group-9696F0872FC0, cid=2613, SUCCESS, logIndex=4347, commits[325d518f-bf0d-428a-814f-266b27e759e4:c4347]
2019-06-15 10:53:12,321 INFO  client.GrpcClientProtocolClient (GrpcClientProtocolClient.java:onNext(254)) - client-09EBABE1B9AF->325d518f-bf0d-428a-814f-266b27e759e4: receive RaftClientReply:client-09EBABE1B9AF->325d518f-bf0d-428a-814f-266b27e759e4@group-9696F0872FC0, cid=2614, SUCCESS, logIndex=4349, commits[325d518f-bf0d-428a-814f-266b27e759e4:c4349]
2019-06-15 10:53:12,322 INFO  client.GrpcClientProtocolClient (GrpcClientProtocolClient.java:onNext(254)) - client-09EBABE1B9AF->325d518f-bf0d-428a-814f-266b27e759e4: receive RaftClientReply:client-09EBABE1B9AF->325d518f-bf0d-428a-814f-266b27e759e4@group-9696F0872FC0, cid=2615, SUCCESS, logIndex=4350, commits[325d518f-bf0d-428a-814f-266b27e759e4:c4352]
2019-06-15 10:53:12,322 INFO  client.GrpcClientProtocolClient (GrpcClientProtocolClient.java:onNext(254)) - client-09EBABE1B9AF->325d518f-bf0d-428a-814f-266b27e759e4: receive RaftClientReply:client-09EBABE1B9AF->325d518f-bf0d-428a-814f-266b27e759e4@group-9696F0872FC0, cid=2616, SUCCESS, logIndex=4351, commits[325d518f-bf0d-428a-814f-266b27e759e4:c4352]
2019-06-15 10:53:12,331 INFO  client.GrpcClientProtocolClient (GrpcClientProtocolClient.java:onNext(254)) - client-09EBABE1B9AF->325d518f-bf0d-428a-814f-266b27e759e4: receive RaftClientReply:client-09EBABE1B9AF->325d518f-bf0d-428a-814f-266b27e759e4@group-9696F0872FC0, cid=2617, SUCCESS, logIndex=4353, commits[325d518f-bf0d-428a-814f-266b27e759e4:c4353]
2019-06-15 10:53:12,332 INFO  client.GrpcClientProtocolClient (GrpcClientProtocolClient.java:onNext(254)) - client-09EBABE1B9AF->325d518f-bf0d-428a-814f-266b27e759e4: receive RaftClientReply:client-09EBABE1B9AF->325d518f-bf0d-428a-814f-266b27e759e4@group-9696F0872FC0, cid=2618, SUCCESS, logIndex=4355, commits[325d518f-bf0d-428a-814f-266b27e759e4:c4355]
2019-06-15 10:53:12,333 DEBUG block.SCMBlockDeletingService (SCMBlockDeletingService.java:call(138)) - Running DeletedBlockTransactionScanner
2019-06-15 10:53:12,333 DEBUG block.SCMBlockDeletingService (SCMBlockDeletingService.java:call(155)) - Scanned deleted blocks log and got 0 delTX to process.
2019-06-15 10:53:12,334 INFO  client.GrpcClientProtocolClient (GrpcClientProtocolClient.java:onNext(254)) - client-09EBABE1B9AF->325d518f-bf0d-428a-814f-266b27e759e4: receive RaftClientReply:client-09EBABE1B9AF->325d518f-bf0d-428a-814f-266b27e759e4@group-9696F0872FC0, cid=2619, SUCCESS, logIndex=4356, commits[325d518f-bf0d-428a-814f-266b27e759e4:c4358]
2019-06-15 10:53:12,334 INFO  client.GrpcClientProtocolClient (GrpcClientProtocolClient.java:onNext(254)) - client-09EBABE1B9AF->325d518f-bf0d-428a-814f-266b27e759e4: receive RaftClientReply:client-09EBABE1B9AF->325d518f-bf0d-428a-814f-266b27e759e4@group-9696F0872FC0, cid=2620, SUCCESS, logIndex=4357, commits[325d518f-bf0d-428a-814f-266b27e759e4:c4358]
2019-06-15 10:53:12,339 INFO  client.GrpcClientProtocolClient (GrpcClientProtocolClient.java:onNext(254)) - client-09EBABE1B9AF->325d518f-bf0d-428a-814f-266b27e759e4: receive RaftClientReply:client-09EBABE1B9AF->325d518f-bf0d-428a-814f-266b27e759e4@group-9696F0872FC0, cid=2621, SUCCESS, logIndex=4359, commits[325d518f-bf0d-428a-814f-266b27e759e4:c4359]
2019-06-15 10:53:12,339 INFO  storage.RaftLogWorker (RaftLogWorker.java:rollLogSegment(303)) - 325d518f-bf0d-428a-814f-266b27e759e4-RaftLogWorker: Rolling segment log-4292_4360 to index:4360
2019-06-15 10:53:12,339 INFO  storage.RaftLogWorker (RaftLogWorker.java:execute(433)) - 325d518f-bf0d-428a-814f-266b27e759e4-RaftLogWorker: Rolled log segment from /opt/src/hadoop-ozone/integration-test/target/test-dir/MiniOzoneClusterImpl-dd99cefe-9779-4043-9d74-181b69d2a827/datanode-0/data/ratis/e0f1d9ef-e225-4b24-a786-9696f0872fc0/current/log_inprogress_4292 to /opt/src/hadoop-ozone/integration-test/target/test-dir/MiniOzoneClusterImpl-dd99cefe-9779-4043-9d74-181b69d2a827/datanode-0/data/ratis/e0f1d9ef-e225-4b24-a786-9696f0872fc0/current/log_4292-4360
2019-06-15 10:53:12,375 INFO  storage.RaftLogWorker (RaftLogWorker.java:execute(469)) - 325d518f-bf0d-428a-814f-266b27e759e4-RaftLogWorker: created new log segment /opt/src/hadoop-ozone/integration-test/target/test-dir/MiniOzoneClusterImpl-dd99cefe-9779-4043-9d74-181b69d2a827/datanode-0/data/ratis/e0f1d9ef-e225-4b24-a786-9696f0872fc0/current/log_inprogress_4361
2019-06-15 10:53:12,377 INFO  client.GrpcClientProtocolClient (GrpcClientProtocolClient.java:onNext(254)) - client-09EBABE1B9AF->325d518f-bf0d-428a-814f-266b27e759e4: receive RaftClientReply:client-09EBABE1B9AF->325d518f-bf0d-428a-814f-266b27e759e4@group-9696F0872FC0, cid=2622, SUCCESS, logIndex=4361, commits[325d518f-bf0d-428a-814f-266b27e759e4:c4363]
2019-06-15 10:53:12,377 INFO  client.GrpcClientProtocolClient (GrpcClientProtocolClient.java:onNext(254)) - client-09EBABE1B9AF->325d518f-bf0d-428a-814f-266b27e759e4: receive RaftClientReply:client-09EBABE1B9AF->325d518f-bf0d-428a-814f-266b27e759e4@group-9696F0872FC0, cid=2623, SUCCESS, logIndex=4362, commits[325d518f-bf0d-428a-814f-266b27e759e4:c4364]
2019-06-15 10:53:12,377 INFO  client.GrpcClientProtocolClient (GrpcClientProtocolClient.java:onNext(254)) - client-09EBABE1B9AF->325d518f-bf0d-428a-814f-266b27e759e4: receive RaftClientReply:client-09EBABE1B9AF->325d518f-bf0d-428a-814f-266b27e759e4@group-9696F0872FC0, cid=2624, SUCCESS, logIndex=4363, commits[325d518f-bf0d-428a-814f-266b27e759e4:c4364]
2019-06-15 10:53:12,386 INFO  client.GrpcClientProtocolClient (GrpcClientProtocolClient.java:onNext(254)) - client-09EBABE1B9AF->325d518f-bf0d-428a-814f-266b27e759e4: receive RaftClientReply:client-09EBABE1B9AF->325d518f-bf0d-428a-814f-266b27e759e4@group-9696F0872FC0, cid=2625, SUCCESS, logIndex=4365, commits[325d518f-bf0d-428a-814f-266b27e759e4:c4365]
2019-06-15 10:53:12,388 INFO  client.GrpcClientProtocolClient (GrpcClientProtocolClient.java:onNext(254)) - client-09EBABE1B9AF->325d518f-bf0d-428a-814f-266b27e759e4: receive RaftClientReply:client-09EBABE1B9AF->325d518f-bf0d-428a-814f-266b27e759e4@group-9696F0872FC0, cid=2626, SUCCESS, logIndex=4367, commits[325d518f-bf0d-428a-814f-266b27e759e4:c4367]
2019-06-15 10:53:12,389 INFO  client.GrpcClientProtocolClient (GrpcClientProtocolClient.java:onNext(254)) - client-09EBABE1B9AF->325d518f-bf0d-428a-814f-266b27e759e4: receive RaftClientReply:client-09EBABE1B9AF->325d518f-bf0d-428a-814f-266b27e759e4@group-9696F0872FC0, cid=2627, SUCCESS, logIndex=4368, commits[325d518f-bf0d-428a-814f-266b27e759e4:c4370]
2019-06-15 10:53:12,389 INFO  client.GrpcClientProtocolClient (GrpcClientProtocolClient.java:onNext(254)) - client-09EBABE1B9AF->325d518f-bf0d-428a-814f-266b27e759e4: receive RaftClientReply:client-09EBABE1B9AF->325d518f-bf0d-428a-814f-266b27e759e4@group-9696F0872FC0, cid=2628, SUCCESS, logIndex=4369, commits[325d518f-bf0d-428a-814f-266b27e759e4:c4370]
2019-06-15 10:53:12,394 INFO  client.GrpcClientProtocolClient (GrpcClientProtocolClient.java:onNext(254)) - client-09EBABE1B9AF->325d518f-bf0d-428a-814f-266b27e759e4: receive RaftClientReply:client-09EBABE1B9AF->325d518f-bf0d-428a-814f-266b27e759e4@group-9696F0872FC0, cid=2629, SUCCESS, logIndex=4371, commits[325d518f-bf0d-428a-814f-266b27e759e4:c4371]
2019-06-15 10:53:12,395 INFO  client.GrpcClientProtocolClient (GrpcClientProtocolClient.java:onNext(254)) - client-09EBABE1B9AF->325d518f-bf0d-428a-814f-266b27e759e4: receive RaftClientReply:client-09EBABE1B9AF->325d518f-bf0d-428a-814f-266b27e759e4@group-9696F0872FC0, cid=2630, SUCCESS, logIndex=4373, commits[325d518f-bf0d-428a-814f-266b27e759e4:c4373]
2019-06-15 10:53:12,396 INFO  client.GrpcClientProtocolClient (GrpcClientProtocolClient.java:onNext(254)) - client-09EBABE1B9AF->325d518f-bf0d-428a-814f-266b27e759e4: receive RaftClientReply:client-09EBABE1B9AF->325d518f-bf0d-428a-814f-266b27e759e4@group-9696F0872FC0, cid=2631, SUCCESS, logIndex=4374, commits[325d518f-bf0d-428a-814f-266b27e759e4:c4376]
2019-06-15 10:53:12,397 INFO  client.GrpcClientProtocolClient (GrpcClientProtocolClient.java:onNext(254)) - client-09EBABE1B9AF->325d518f-bf0d-428a-814f-266b27e759e4: receive RaftClientReply:client-09EBABE1B9AF->325d518f-bf0d-428a-814f-266b27e759e4@group-9696F0872FC0, cid=2632, SUCCESS, logIndex=4375, commits[325d518f-bf0d-428a-814f-266b27e759e4:c4376]
2019-06-15 10:53:12,407 INFO  client.GrpcClientProtocolClient (GrpcClientProtocolClient.java:onNext(254)) - client-09EBABE1B9AF->325d518f-bf0d-428a-814f-266b27e759e4: receive RaftClientReply:client-09EBABE1B9AF->325d518f-bf0d-428a-814f-266b27e759e4@group-9696F0872FC0, cid=2633, SUCCESS, logIndex=4377, commits[325d518f-bf0d-428a-814f-266b27e759e4:c4377]
2019-06-15 10:53:12,408 INFO  client.GrpcClientProtocolClient (GrpcClientProtocolClient.java:onNext(254)) - client-09EBABE1B9AF->325d518f-bf0d-428a-814f-266b27e759e4: receive RaftClientReply:client-09EBABE1B9AF->325d518f-bf0d-428a-814f-266b27e759e4@group-9696F0872FC0, cid=2634, SUCCESS, logIndex=4379, commits[325d518f-bf0d-428a-814f-266b27e759e4:c4379]
2019-06-15 10:53:12,409 INFO  client.GrpcClientProtocolClient (GrpcClientProtocolClient.java:onNext(254)) - client-09EBABE1B9AF->325d518f-bf0d-428a-814f-266b27e759e4: receive RaftClientReply:client-09EBABE1B9AF->325d518f-bf0d-428a-814f-266b27e759e4@group-9696F0872FC0, cid=2635, SUCCESS, logIndex=4380, commits[325d518f-bf0d-428a-814f-266b27e759e4:c4382]
2019-06-15 10:53:12,410 INFO  client.GrpcClientProtocolClient (GrpcClientProtocolClient.java:onNext(254)) - client-09EBABE1B9AF->325d518f-bf0d-428a-814f-266b27e759e4: receive RaftClientReply:client-09EBABE1B9AF->325d518f-bf0d-428a-814f-266b27e759e4@group-9696F0872FC0, cid=2636, SUCCESS, logIndex=4381, commits[325d518f-bf0d-428a-814f-266b27e759e4:c4382]
2019-06-15 10:53:12,416 INFO  client.GrpcClientProtocolClient (GrpcClientProtocolClient.java:onNext(254)) - client-09EBABE1B9AF->325d518f-bf0d-428a-814f-266b27e759e4: receive RaftClientReply:client-09EBABE1B9AF->325d518f-bf0d-428a-814f-266b27e759e4@group-9696F0872FC0, cid=2637, SUCCESS, logIndex=4383, commits[325d518f-bf0d-428a-814f-266b27e759e4:c4383]
2019-06-15 10:53:12,418 INFO  client.GrpcClientProtocolClient (GrpcClientProtocolClient.java:onNext(254)) - client-09EBABE1B9AF->325d518f-bf0d-428a-814f-266b27e759e4: receive RaftClientReply:client-09EBABE1B9AF->325d518f-bf0d-428a-814f-266b27e759e4@group-9696F0872FC0, cid=2638, SUCCESS, logIndex=4385, commits[325d518f-bf0d-428a-814f-266b27e759e4:c4385]
2019-06-15 10:53:12,418 INFO  client.GrpcClientProtocolClient (GrpcClientProtocolClient.java:onNext(254)) - client-09EBABE1B9AF->325d518f-bf0d-428a-814f-266b27e759e4: receive RaftClientReply:client-09EBABE1B9AF->325d518f-bf0d-428a-814f-266b27e759e4@group-9696F0872FC0, cid=2639, SUCCESS, logIndex=4386, commits[325d518f-bf0d-428a-814f-266b27e759e4:c4388]
2019-06-15 10:53:12,418 INFO  client.GrpcClientProtocolClient (GrpcClientProtocolClient.java:onNext(254)) - client-09EBABE1B9AF->325d518f-bf0d-428a-814f-266b27e759e4: receive RaftClientReply:client-09EBABE1B9AF->325d518f-bf0d-428a-814f-266b27e759e4@group-9696F0872FC0, cid=2640, SUCCESS, logIndex=4387, commits[325d518f-bf0d-428a-814f-266b27e759e4:c4388]
2019-06-15 10:53:12,427 INFO  client.GrpcClientProtocolClient (GrpcClientProtocolClient.java:onNext(254)) - client-09EBABE1B9AF->325d518f-bf0d-428a-814f-266b27e759e4: receive RaftClientReply:client-09EBABE1B9AF->325d518f-bf0d-428a-814f-266b27e759e4@group-9696F0872FC0, cid=2641, SUCCESS, logIndex=4389, commits[325d518f-bf0d-428a-814f-266b27e759e4:c4389]
2019-06-15 10:53:12,428 INFO  client.GrpcClientProtocolClient (GrpcClientProtocolClient.java:onNext(254)) - client-09EBABE1B9AF->325d518f-bf0d-428a-814f-266b27e759e4: receive RaftClientReply:client-09EBABE1B9AF->325d518f-bf0d-428a-814f-266b27e759e4@group-9696F0872FC0, cid=2642, SUCCESS, logIndex=4391, commits[325d518f-bf0d-428a-814f-266b27e759e4:c4391]
2019-06-15 10:53:12,430 INFO  client.GrpcClientProtocolClient (GrpcClientProtocolClient.java:onNext(254)) - client-09EBABE1B9AF->325d518f-bf0d-428a-814f-266b27e759e4: receive RaftClientReply:client-09EBABE1B9AF->325d518f-bf0d-428a-814f-266b27e759e4@group-9696F0872FC0, cid=2643, SUCCESS, logIndex=4392, commits[325d518f-bf0d-428a-814f-266b27e759e4:c4394]
2019-06-15 10:53:12,430 INFO  client.GrpcClientProtocolClient (GrpcClientProtocolClient.java:onNext(254)) - client-09EBABE1B9AF->325d518f-bf0d-428a-814f-266b27e759e4: receive RaftClientReply:client-09EBABE1B9AF->325d518f-bf0d-428a-814f-266b27e759e4@group-9696F0872FC0, cid=2644, SUCCESS, logIndex=4393, commits[325d518f-bf0d-428a-814f-266b27e759e4:c4394]
2019-06-15 10:53:12,434 DEBUG block.SCMBlockDeletingService (SCMBlockDeletingService.java:call(138)) - Running DeletedBlockTransactionScanner
2019-06-15 10:53:12,434 DEBUG block.SCMBlockDeletingService (SCMBlockDeletingService.java:call(155)) - Scanned deleted blocks log and got 0 delTX to process.
2019-06-15 10:53:12,435 INFO  client.GrpcClientProtocolClient (GrpcClientProtocolClient.java:onNext(254)) - client-09EBABE1B9AF->325d518f-bf0d-428a-814f-266b27e759e4: receive RaftClientReply:client-09EBABE1B9AF->325d518f-bf0d-428a-814f-266b27e759e4@group-9696F0872FC0, cid=2645, SUCCESS, logIndex=4395, commits[325d518f-bf0d-428a-814f-266b27e759e4:c4395]
2019-06-15 10:53:12,436 INFO  client.GrpcClientProtocolClient (GrpcClientProtocolClient.java:onNext(254)) - client-09EBABE1B9AF->325d518f-bf0d-428a-814f-266b27e759e4: receive RaftClientReply:client-09EBABE1B9AF->325d518f-bf0d-428a-814f-266b27e759e4@group-9696F0872FC0, cid=2646, SUCCESS, logIndex=4397, commits[325d518f-bf0d-428a-814f-266b27e759e4:c4397]
2019-06-15 10:53:12,437 INFO  client.GrpcClientProtocolClient (GrpcClientProtocolClient.java:onNext(254)) - client-09EBABE1B9AF->325d518f-bf0d-428a-814f-266b27e759e4: receive RaftClientReply:client-09EBABE1B9AF->325d518f-bf0d-428a-814f-266b27e759e4@group-9696F0872FC0, cid=2647, SUCCESS, logIndex=4398, commits[325d518f-bf0d-428a-814f-266b27e759e4:c4400]
2019-06-15 10:53:12,438 INFO  client.GrpcClientProtocolClient (GrpcClientProtocolClient.java:onNext(254)) - client-09EBABE1B9AF->325d518f-bf0d-428a-814f-266b27e759e4: receive RaftClientReply:client-09EBABE1B9AF->325d518f-bf0d-428a-814f-266b27e759e4@group-9696F0872FC0, cid=2648, SUCCESS, logIndex=4399, commits[325d518f-bf0d-428a-814f-266b27e759e4:c4400]
2019-06-15 10:53:12,447 INFO  client.GrpcClientProtocolClient (GrpcClientProtocolClient.java:onNext(254)) - client-09EBABE1B9AF->325d518f-bf0d-428a-814f-266b27e759e4: receive RaftClientReply:client-09EBABE1B9AF->325d518f-bf0d-428a-814f-266b27e759e4@group-9696F0872FC0, cid=2649, SUCCESS, logIndex=4401, commits[325d518f-bf0d-428a-814f-266b27e759e4:c4401]
2019-06-15 10:53:12,449 INFO  client.GrpcClientProtocolClient (GrpcClientProtocolClient.java:onNext(254)) - client-09EBABE1B9AF->325d518f-bf0d-428a-814f-266b27e759e4: receive RaftClientReply:client-09EBABE1B9AF->325d518f-bf0d-428a-814f-266b27e759e4@group-9696F0872FC0, cid=2650, SUCCESS, logIndex=4403, commits[325d518f-bf0d-428a-814f-266b27e759e4:c4403]
2019-06-15 10:53:12,449 INFO  client.GrpcClientProtocolClient (GrpcClientProtocolClient.java:onNext(254)) - client-09EBABE1B9AF->325d518f-bf0d-428a-814f-266b27e759e4: receive RaftClientReply:client-09EBABE1B9AF->325d518f-bf0d-428a-814f-266b27e759e4@group-9696F0872FC0, cid=2651, SUCCESS, logIndex=4404, commits[325d518f-bf0d-428a-814f-266b27e759e4:c4404]
2019-06-15 10:53:12,450 INFO  client.GrpcClientProtocolClient (GrpcClientProtocolClient.java:onNext(254)) - client-09EBABE1B9AF->325d518f-bf0d-428a-814f-266b27e759e4: receive RaftClientReply:client-09EBABE1B9AF->325d518f-bf0d-428a-814f-266b27e759e4@group-9696F0872FC0, cid=2652, SUCCESS, logIndex=4406, commits[325d518f-bf0d-428a-814f-266b27e759e4:c4406]
2019-06-15 10:53:12,535 DEBUG block.SCMBlockDeletingService (SCMBlockDeletingService.java:call(138)) - Running DeletedBlockTransactionScanner
2019-06-15 10:53:12,535 DEBUG block.SCMBlockDeletingService (SCMBlockDeletingService.java:call(155)) - Scanned deleted blocks log and got 0 delTX to process.
2019-06-15 10:53:12,541 INFO  client.GrpcClientProtocolClient (GrpcClientProtocolClient.java:onNext(254)) - client-09EBABE1B9AF->325d518f-bf0d-428a-814f-266b27e759e4: receive RaftClientReply:client-09EBABE1B9AF->325d518f-bf0d-428a-814f-266b27e759e4@group-9696F0872FC0, cid=2653, SUCCESS, logIndex=4409, commits[325d518f-bf0d-428a-814f-266b27e759e4:c4409]
2019-06-15 10:53:12,542 INFO  client.GrpcClientProtocolClient (GrpcClientProtocolClient.java:onNext(254)) - client-09EBABE1B9AF->325d518f-bf0d-428a-814f-266b27e759e4: receive RaftClientReply:client-09EBABE1B9AF->325d518f-bf0d-428a-814f-266b27e759e4@group-9696F0872FC0, cid=2654, SUCCESS, logIndex=4411, commits[325d518f-bf0d-428a-814f-266b27e759e4:c4411]
2019-06-15 10:53:12,543 INFO  client.GrpcClientProtocolClient (GrpcClientProtocolClient.java:onNext(254)) - client-09EBABE1B9AF->325d518f-bf0d-428a-814f-266b27e759e4: receive RaftClientReply:client-09EBABE1B9AF->325d518f-bf0d-428a-814f-266b27e759e4@group-9696F0872FC0, cid=2655, SUCCESS, logIndex=4412, commits[325d518f-bf0d-428a-814f-266b27e759e4:c4414]
2019-06-15 10:53:12,543 INFO  client.GrpcClientProtocolClient (GrpcClientProtocolClient.java:onNext(254)) - client-09EBABE1B9AF->325d518f-bf0d-428a-814f-266b27e759e4: receive RaftClientReply:client-09EBABE1B9AF->325d518f-bf0d-428a-814f-266b27e759e4@group-9696F0872FC0, cid=2656, SUCCESS, logIndex=4413, commits[325d518f-bf0d-428a-814f-266b27e759e4:c4414]
2019-06-15 10:53:12,554 INFO  client.GrpcClientProtocolClient (GrpcClientProtocolClient.java:onNext(254)) - client-09EBABE1B9AF->325d518f-bf0d-428a-814f-266b27e759e4: receive RaftClientReply:client-09EBABE1B9AF->325d518f-bf0d-428a-814f-266b27e759e4@group-9696F0872FC0, cid=2657, SUCCESS, logIndex=4415, commits[325d518f-bf0d-428a-814f-266b27e759e4:c4415]
2019-06-15 10:53:12,555 INFO  client.GrpcClientProtocolClient (GrpcClientProtocolClient.java:onNext(254)) - client-09EBABE1B9AF->325d518f-bf0d-428a-814f-266b27e759e4: receive RaftClientReply:client-09EBABE1B9AF->325d518f-bf0d-428a-814f-266b27e759e4@group-9696F0872FC0, cid=2658, SUCCESS, logIndex=4417, commits[325d518f-bf0d-428a-814f-266b27e759e4:c4417]
2019-06-15 10:53:12,556 INFO  client.GrpcClientProtocolClient (GrpcClientProtocolClient.java:onNext(254)) - client-09EBABE1B9AF->325d518f-bf0d-428a-814f-266b27e759e4: receive RaftClientReply:client-09EBABE1B9AF->325d518f-bf0d-428a-814f-266b27e759e4@group-9696F0872FC0, cid=2659, SUCCESS, logIndex=4418, commits[325d518f-bf0d-428a-814f-266b27e759e4:c4420]
2019-06-15 10:53:12,557 INFO  client.GrpcClientProtocolClient (GrpcClientProtocolClient.java:onNext(254)) - client-09EBABE1B9AF->325d518f-bf0d-428a-814f-266b27e759e4: receive RaftClientReply:client-09EBABE1B9AF->325d518f-bf0d-428a-814f-266b27e759e4@group-9696F0872FC0, cid=2660, SUCCESS, logIndex=4419, commits[325d518f-bf0d-428a-814f-266b27e759e4:c4420]
2019-06-15 10:53:12,562 INFO  client.GrpcClientProtocolClient (GrpcClientProtocolClient.java:onNext(254)) - client-09EBABE1B9AF->325d518f-bf0d-428a-814f-266b27e759e4: receive RaftClientReply:client-09EBABE1B9AF->325d518f-bf0d-428a-814f-266b27e759e4@group-9696F0872FC0, cid=2661, SUCCESS, logIndex=4421, commits[325d518f-bf0d-428a-814f-266b27e759e4:c4421]
2019-06-15 10:53:12,563 INFO  client.GrpcClientProtocolClient (GrpcClientProtocolClient.java:onNext(254)) - client-09EBABE1B9AF->325d518f-bf0d-428a-814f-266b27e759e4: receive RaftClientReply:client-09EBABE1B9AF->325d518f-bf0d-428a-814f-266b27e759e4@group-9696F0872FC0, cid=2662, SUCCESS, logIndex=4423, commits[325d518f-bf0d-428a-814f-266b27e759e4:c4423]
2019-06-15 10:53:12,564 INFO  client.GrpcClientProtocolClient (GrpcClientProtocolClient.java:onNext(254)) - client-09EBABE1B9AF->325d518f-bf0d-428a-814f-266b27e759e4: receive RaftClientReply:client-09EBABE1B9AF->325d518f-bf0d-428a-814f-266b27e759e4@group-9696F0872FC0, cid=2663, SUCCESS, logIndex=4424, commits[325d518f-bf0d-428a-814f-266b27e759e4:c4426]
2019-06-15 10:53:12,564 INFO  client.GrpcClientProtocolClient (GrpcClientProtocolClient.java:onNext(254)) - client-09EBABE1B9AF->325d518f-bf0d-428a-814f-266b27e759e4: receive RaftClientReply:client-09EBABE1B9AF->325d518f-bf0d-428a-814f-266b27e759e4@group-9696F0872FC0, cid=2664, SUCCESS, logIndex=4425, commits[325d518f-bf0d-428a-814f-266b27e759e4:c4426]
2019-06-15 10:53:12,571 INFO  storage.RaftLogWorker (RaftLogWorker.java:rollLogSegment(303)) - 325d518f-bf0d-428a-814f-266b27e759e4-RaftLogWorker: Rolling segment log-4361_4426 to index:4426
2019-06-15 10:53:12,571 INFO  storage.RaftLogWorker (RaftLogWorker.java:execute(433)) - 325d518f-bf0d-428a-814f-266b27e759e4-RaftLogWorker: Rolled log segment from /opt/src/hadoop-ozone/integration-test/target/test-dir/MiniOzoneClusterImpl-dd99cefe-9779-4043-9d74-181b69d2a827/datanode-0/data/ratis/e0f1d9ef-e225-4b24-a786-9696f0872fc0/current/log_inprogress_4361 to /opt/src/hadoop-ozone/integration-test/target/test-dir/MiniOzoneClusterImpl-dd99cefe-9779-4043-9d74-181b69d2a827/datanode-0/data/ratis/e0f1d9ef-e225-4b24-a786-9696f0872fc0/current/log_4361-4426
2019-06-15 10:53:12,606 INFO  storage.RaftLogWorker (RaftLogWorker.java:execute(469)) - 325d518f-bf0d-428a-814f-266b27e759e4-RaftLogWorker: created new log segment /opt/src/hadoop-ozone/integration-test/target/test-dir/MiniOzoneClusterImpl-dd99cefe-9779-4043-9d74-181b69d2a827/datanode-0/data/ratis/e0f1d9ef-e225-4b24-a786-9696f0872fc0/current/log_inprogress_4427
2019-06-15 10:53:12,608 INFO  client.GrpcClientProtocolClient (GrpcClientProtocolClient.java:onNext(254)) - client-09EBABE1B9AF->325d518f-bf0d-428a-814f-266b27e759e4: receive RaftClientReply:client-09EBABE1B9AF->325d518f-bf0d-428a-814f-266b27e759e4@group-9696F0872FC0, cid=2665, SUCCESS, logIndex=4427, commits[325d518f-bf0d-428a-814f-266b27e759e4:c4427]
2019-06-15 10:53:12,609 INFO  client.GrpcClientProtocolClient (GrpcClientProtocolClient.java:onNext(254)) - client-09EBABE1B9AF->325d518f-bf0d-428a-814f-266b27e759e4: receive RaftClientReply:client-09EBABE1B9AF->325d518f-bf0d-428a-814f-266b27e759e4@group-9696F0872FC0, cid=2666, SUCCESS, logIndex=4429, commits[325d518f-bf0d-428a-814f-266b27e759e4:c4429]
2019-06-15 10:53:12,610 INFO  client.GrpcClientProtocolClient (GrpcClientProtocolClient.java:onNext(254)) - client-09EBABE1B9AF->325d518f-bf0d-428a-814f-266b27e759e4: receive RaftClientReply:client-09EBABE1B9AF->325d518f-bf0d-428a-814f-266b27e759e4@group-9696F0872FC0, cid=2667, SUCCESS, logIndex=4430, commits[325d518f-bf0d-428a-814f-266b27e759e4:c4432]
2019-06-15 10:53:12,610 INFO  client.GrpcClientProtocolClient (GrpcClientProtocolClient.java:onNext(254)) - client-09EBABE1B9AF->325d518f-bf0d-428a-814f-266b27e759e4: receive RaftClientReply:client-09EBABE1B9AF->325d518f-bf0d-428a-814f-266b27e759e4@group-9696F0872FC0, cid=2668, SUCCESS, logIndex=4431, commits[325d518f-bf0d-428a-814f-266b27e759e4:c4432]
2019-06-15 10:53:12,615 INFO  client.GrpcClientProtocolClient (GrpcClientProtocolClient.java:onNext(254)) - client-09EBABE1B9AF->325d518f-bf0d-428a-814f-266b27e759e4: receive RaftClientReply:client-09EBABE1B9AF->325d518f-bf0d-428a-814f-266b27e759e4@group-9696F0872FC0, cid=2669, SUCCESS, logIndex=4433, commits[325d518f-bf0d-428a-814f-266b27e759e4:c4433]
2019-06-15 10:53:12,617 INFO  client.GrpcClientProtocolClient (GrpcClientProtocolClient.java:onNext(254)) - client-09EBABE1B9AF->325d518f-bf0d-428a-814f-266b27e759e4: receive RaftClientReply:client-09EBABE1B9AF->325d518f-bf0d-428a-814f-266b27e759e4@group-9696F0872FC0, cid=2670, SUCCESS, logIndex=4435, commits[325d518f-bf0d-428a-814f-266b27e759e4:c4435]
2019-06-15 10:53:12,618 INFO  client.GrpcClientProtocolClient (GrpcClientProtocolClient.java:onNext(254)) - client-09EBABE1B9AF->325d518f-bf0d-428a-814f-266b27e759e4: receive RaftClientReply:client-09EBABE1B9AF->325d518f-bf0d-428a-814f-266b27e759e4@group-9696F0872FC0, cid=2671, SUCCESS, logIndex=4436, commits[325d518f-bf0d-428a-814f-266b27e759e4:c4438]
2019-06-15 10:53:12,618 INFO  client.GrpcClientProtocolClient (GrpcClientProtocolClient.java:onNext(254)) - client-09EBABE1B9AF->325d518f-bf0d-428a-814f-266b27e759e4: receive RaftClientReply:client-09EBABE1B9AF->325d518f-bf0d-428a-814f-266b27e759e4@group-9696F0872FC0, cid=2672, SUCCESS, logIndex=4437, commits[325d518f-bf0d-428a-814f-266b27e759e4:c4438]
2019-06-15 10:53:12,666 DEBUG block.SCMBlockDeletingService (SCMBlockDeletingService.java:call(138)) - Running DeletedBlockTransactionScanner
2019-06-15 10:53:12,666 DEBUG block.SCMBlockDeletingService (SCMBlockDeletingService.java:call(155)) - Scanned deleted blocks log and got 0 delTX to process.
2019-06-15 10:53:12,674 INFO  client.GrpcClientProtocolClient (GrpcClientProtocolClient.java:onNext(254)) - client-09EBABE1B9AF->325d518f-bf0d-428a-814f-266b27e759e4: receive RaftClientReply:client-09EBABE1B9AF->325d518f-bf0d-428a-814f-266b27e759e4@group-9696F0872FC0, cid=2673, SUCCESS, logIndex=4439, commits[325d518f-bf0d-428a-814f-266b27e759e4:c4440]
2019-06-15 10:53:12,682 INFO  client.GrpcClientProtocolClient (GrpcClientProtocolClient.java:onNext(254)) - client-09EBABE1B9AF->325d518f-bf0d-428a-814f-266b27e759e4: receive RaftClientReply:client-09EBABE1B9AF->325d518f-bf0d-428a-814f-266b27e759e4@group-9696F0872FC0, cid=2674, SUCCESS, logIndex=4441, commits[325d518f-bf0d-428a-814f-266b27e759e4:c4442]
2019-06-15 10:53:12,682 INFO  client.GrpcClientProtocolClient (GrpcClientProtocolClient.java:onNext(254)) - client-09EBABE1B9AF->325d518f-bf0d-428a-814f-266b27e759e4: receive RaftClientReply:client-09EBABE1B9AF->325d518f-bf0d-428a-814f-266b27e759e4@group-9696F0872FC0, cid=2675, SUCCESS, logIndex=4443, commits[325d518f-bf0d-428a-814f-266b27e759e4:c4444]
2019-06-15 10:53:12,683 INFO  client.GrpcClientProtocolClient (GrpcClientProtocolClient.java:onNext(254)) - client-09EBABE1B9AF->325d518f-bf0d-428a-814f-266b27e759e4: receive RaftClientReply:client-09EBABE1B9AF->325d518f-bf0d-428a-814f-266b27e759e4@group-9696F0872FC0, cid=2676, SUCCESS, logIndex=4444, commits[325d518f-bf0d-428a-814f-266b27e759e4:c4445]
2019-06-15 10:53:12,690 INFO  client.GrpcClientProtocolClient (GrpcClientProtocolClient.java:onNext(254)) - client-09EBABE1B9AF->325d518f-bf0d-428a-814f-266b27e759e4: receive RaftClientReply:client-09EBABE1B9AF->325d518f-bf0d-428a-814f-266b27e759e4@group-9696F0872FC0, cid=2677, SUCCESS, logIndex=4446, commits[325d518f-bf0d-428a-814f-266b27e759e4:c4446]
2019-06-15 10:53:12,691 INFO  client.GrpcClientProtocolClient (GrpcClientProtocolClient.java:onNext(254)) - client-09EBABE1B9AF->325d518f-bf0d-428a-814f-266b27e759e4: receive RaftClientReply:client-09EBABE1B9AF->325d518f-bf0d-428a-814f-266b27e759e4@group-9696F0872FC0, cid=2678, SUCCESS, logIndex=4448, commits[325d518f-bf0d-428a-814f-266b27e759e4:c4448]
2019-06-15 10:53:12,692 INFO  client.GrpcClientProtocolClient (GrpcClientProtocolClient.java:onNext(254)) - client-09EBABE1B9AF->325d518f-bf0d-428a-814f-266b27e759e4: receive RaftClientReply:client-09EBABE1B9AF->325d518f-bf0d-428a-814f-266b27e759e4@group-9696F0872FC0, cid=2679, SUCCESS, logIndex=4449, commits[325d518f-bf0d-428a-814f-266b27e759e4:c4451]
2019-06-15 10:53:12,693 INFO  client.GrpcClientProtocolClient (GrpcClientProtocolClient.java:onNext(254)) - client-09EBABE1B9AF->325d518f-bf0d-428a-814f-266b27e759e4: receive RaftClientReply:client-09EBABE1B9AF->325d518f-bf0d-428a-814f-266b27e759e4@group-9696F0872FC0, cid=2680, SUCCESS, logIndex=4450, commits[325d518f-bf0d-428a-814f-266b27e759e4:c4451]
2019-06-15 10:53:12,706 INFO  client.GrpcClientProtocolClient (GrpcClientProtocolClient.java:onNext(254)) - client-09EBABE1B9AF->325d518f-bf0d-428a-814f-266b27e759e4: receive RaftClientReply:client-09EBABE1B9AF->325d518f-bf0d-428a-814f-266b27e759e4@group-9696F0872FC0, cid=2681, SUCCESS, logIndex=4452, commits[325d518f-bf0d-428a-814f-266b27e759e4:c4452]
2019-06-15 10:53:12,707 INFO  client.GrpcClientProtocolClient (GrpcClientProtocolClient.java:onNext(254)) - client-09EBABE1B9AF->325d518f-bf0d-428a-814f-266b27e759e4: receive RaftClientReply:client-09EBABE1B9AF->325d518f-bf0d-428a-814f-266b27e759e4@group-9696F0872FC0, cid=2682, SUCCESS, logIndex=4454, commits[325d518f-bf0d-428a-814f-266b27e759e4:c4454]
2019-06-15 10:53:12,708 INFO  client.GrpcClientProtocolClient (GrpcClientProtocolClient.java:onNext(254)) - client-09EBABE1B9AF->325d518f-bf0d-428a-814f-266b27e759e4: receive RaftClientReply:client-09EBABE1B9AF->325d518f-bf0d-428a-814f-266b27e759e4@group-9696F0872FC0, cid=2683, SUCCESS, logIndex=4455, commits[325d518f-bf0d-428a-814f-266b27e759e4:c4457]
2019-06-15 10:53:12,714 INFO  client.GrpcClientProtocolClient (GrpcClientProtocolClient.java:onNext(254)) - client-09EBABE1B9AF->325d518f-bf0d-428a-814f-266b27e759e4: receive RaftClientReply:client-09EBABE1B9AF->325d518f-bf0d-428a-814f-266b27e759e4@group-9696F0872FC0, cid=2684, SUCCESS, logIndex=4456, commits[325d518f-bf0d-428a-814f-266b27e759e4:c4457]
2019-06-15 10:53:12,721 INFO  client.GrpcClientProtocolClient (GrpcClientProtocolClient.java:onNext(254)) - client-09EBABE1B9AF->325d518f-bf0d-428a-814f-266b27e759e4: receive RaftClientReply:client-09EBABE1B9AF->325d518f-bf0d-428a-814f-266b27e759e4@group-9696F0872FC0, cid=2685, SUCCESS, logIndex=4458, commits[325d518f-bf0d-428a-814f-266b27e759e4:c4458]
2019-06-15 10:53:12,724 INFO  client.GrpcClientProtocolClient (GrpcClientProtocolClient.java:onNext(254)) - client-09EBABE1B9AF->325d518f-bf0d-428a-814f-266b27e759e4: receive RaftClientReply:client-09EBABE1B9AF->325d518f-bf0d-428a-814f-266b27e759e4@group-9696F0872FC0, cid=2686, SUCCESS, logIndex=4460, commits[325d518f-bf0d-428a-814f-266b27e759e4:c4460]
2019-06-15 10:53:12,725 INFO  client.GrpcClientProtocolClient (GrpcClientProtocolClient.java:onNext(254)) - client-09EBABE1B9AF->325d518f-bf0d-428a-814f-266b27e759e4: receive RaftClientReply:client-09EBABE1B9AF->325d518f-bf0d-428a-814f-266b27e759e4@group-9696F0872FC0, cid=2687, SUCCESS, logIndex=4461, commits[325d518f-bf0d-428a-814f-266b27e759e4:c4462]
2019-06-15 10:53:12,729 INFO  client.GrpcClientProtocolClient (GrpcClientProtocolClient.java:onNext(254)) - client-09EBABE1B9AF->325d518f-bf0d-428a-814f-266b27e759e4: receive RaftClientReply:client-09EBABE1B9AF->325d518f-bf0d-428a-814f-266b27e759e4@group-9696F0872FC0, cid=2688, SUCCESS, logIndex=4462, commits[325d518f-bf0d-428a-814f-266b27e759e4:c4462]
2019-06-15 10:53:12,750 INFO  client.GrpcClientProtocolClient (GrpcClientProtocolClient.java:onNext(254)) - client-09EBABE1B9AF->325d518f-bf0d-428a-814f-266b27e759e4: receive RaftClientReply:client-09EBABE1B9AF->325d518f-bf0d-428a-814f-266b27e759e4@group-9696F0872FC0, cid=2689, SUCCESS, logIndex=4465, commits[325d518f-bf0d-428a-814f-266b27e759e4:c4465]
2019-06-15 10:53:12,753 INFO  client.GrpcClientProtocolClient (GrpcClientProtocolClient.java:onNext(254)) - client-09EBABE1B9AF->325d518f-bf0d-428a-814f-266b27e759e4: receive RaftClientReply:client-09EBABE1B9AF->325d518f-bf0d-428a-814f-266b27e759e4@group-9696F0872FC0, cid=2690, SUCCESS, logIndex=4467, commits[325d518f-bf0d-428a-814f-266b27e759e4:c4469]
2019-06-15 10:53:12,753 INFO  client.GrpcClientProtocolClient (GrpcClientProtocolClient.java:onNext(254)) - client-09EBABE1B9AF->325d518f-bf0d-428a-814f-266b27e759e4: receive RaftClientReply:client-09EBABE1B9AF->325d518f-bf0d-428a-814f-266b27e759e4@group-9696F0872FC0, cid=2691, SUCCESS, logIndex=4468, commits[325d518f-bf0d-428a-814f-266b27e759e4:c4469]
2019-06-15 10:53:12,754 INFO  client.GrpcClientProtocolClient (GrpcClientProtocolClient.java:onNext(254)) - client-09EBABE1B9AF->325d518f-bf0d-428a-814f-266b27e759e4: receive RaftClientReply:client-09EBABE1B9AF->325d518f-bf0d-428a-814f-266b27e759e4@group-9696F0872FC0, cid=2692, SUCCESS, logIndex=4469, commits[325d518f-bf0d-428a-814f-266b27e759e4:c4470]
2019-06-15 10:53:12,761 INFO  client.GrpcClientProtocolClient (GrpcClientProtocolClient.java:onNext(254)) - client-09EBABE1B9AF->325d518f-bf0d-428a-814f-266b27e759e4: receive RaftClientReply:client-09EBABE1B9AF->325d518f-bf0d-428a-814f-266b27e759e4@group-9696F0872FC0, cid=2693, SUCCESS, logIndex=4471, commits[325d518f-bf0d-428a-814f-266b27e759e4:c4471]
2019-06-15 10:53:12,764 INFO  client.GrpcClientProtocolClient (GrpcClientProtocolClient.java:onNext(254)) - client-09EBABE1B9AF->325d518f-bf0d-428a-814f-266b27e759e4: receive RaftClientReply:client-09EBABE1B9AF->325d518f-bf0d-428a-814f-266b27e759e4@group-9696F0872FC0, cid=2694, SUCCESS, logIndex=4473, commits[325d518f-bf0d-428a-814f-266b27e759e4:c4473]
2019-06-15 10:53:12,764 INFO  client.GrpcClientProtocolClient (GrpcClientProtocolClient.java:onNext(254)) - client-09EBABE1B9AF->325d518f-bf0d-428a-814f-266b27e759e4: receive RaftClientReply:client-09EBABE1B9AF->325d518f-bf0d-428a-814f-266b27e759e4@group-9696F0872FC0, cid=2695, SUCCESS, logIndex=4474, commits[325d518f-bf0d-428a-814f-266b27e759e4:c4474]
2019-06-15 10:53:12,764 INFO  client.GrpcClientProtocolClient (GrpcClientProtocolClient.java:onNext(254)) - client-09EBABE1B9AF->325d518f-bf0d-428a-814f-266b27e759e4: receive RaftClientReply:client-09EBABE1B9AF->325d518f-bf0d-428a-814f-266b27e759e4@group-9696F0872FC0, cid=2696, SUCCESS, logIndex=4476, commits[325d518f-bf0d-428a-814f-266b27e759e4:c4476]
2019-06-15 10:53:12,767 DEBUG block.SCMBlockDeletingService (SCMBlockDeletingService.java:call(138)) - Running DeletedBlockTransactionScanner
2019-06-15 10:53:12,767 DEBUG block.SCMBlockDeletingService (SCMBlockDeletingService.java:call(155)) - Scanned deleted blocks log and got 0 delTX to process.
2019-06-15 10:53:12,847 INFO  client.GrpcClientProtocolClient (GrpcClientProtocolClient.java:onNext(254)) - client-09EBABE1B9AF->325d518f-bf0d-428a-814f-266b27e759e4: receive RaftClientReply:client-09EBABE1B9AF->325d518f-bf0d-428a-814f-266b27e759e4@group-9696F0872FC0, cid=2697, SUCCESS, logIndex=4479, commits[325d518f-bf0d-428a-814f-266b27e759e4:c4479]
2019-06-15 10:53:12,848 INFO  client.GrpcClientProtocolClient (GrpcClientProtocolClient.java:onNext(254)) - client-09EBABE1B9AF->325d518f-bf0d-428a-814f-266b27e759e4: receive RaftClientReply:client-09EBABE1B9AF->325d518f-bf0d-428a-814f-266b27e759e4@group-9696F0872FC0, cid=2698, SUCCESS, logIndex=4481, commits[325d518f-bf0d-428a-814f-266b27e759e4:c4481]
2019-06-15 10:53:12,849 INFO  client.GrpcClientProtocolClient (GrpcClientProtocolClient.java:onNext(254)) - client-09EBABE1B9AF->325d518f-bf0d-428a-814f-266b27e759e4: receive RaftClientReply:client-09EBABE1B9AF->325d518f-bf0d-428a-814f-266b27e759e4@group-9696F0872FC0, cid=2699, SUCCESS, logIndex=4482, commits[325d518f-bf0d-428a-814f-266b27e759e4:c4484]
2019-06-15 10:53:12,849 INFO  client.GrpcClientProtocolClient (GrpcClientProtocolClient.java:onNext(254)) - client-09EBABE1B9AF->325d518f-bf0d-428a-814f-266b27e759e4: receive RaftClientReply:client-09EBABE1B9AF->325d518f-bf0d-428a-814f-266b27e759e4@group-9696F0872FC0, cid=2700, SUCCESS, logIndex=4483, commits[325d518f-bf0d-428a-814f-266b27e759e4:c4484]
2019-06-15 10:53:12,854 INFO  client.GrpcClientProtocolClient (GrpcClientProtocolClient.java:onNext(254)) - client-09EBABE1B9AF->325d518f-bf0d-428a-814f-266b27e759e4: receive RaftClientReply:client-09EBABE1B9AF->325d518f-bf0d-428a-814f-266b27e759e4@group-9696F0872FC0, cid=2701, SUCCESS, logIndex=4485, commits[325d518f-bf0d-428a-814f-266b27e759e4:c4485]
2019-06-15 10:53:12,855 INFO  client.GrpcClientProtocolClient (GrpcClientProtocolClient.java:onNext(254)) - client-09EBABE1B9AF->325d518f-bf0d-428a-814f-266b27e759e4: receive RaftClientReply:client-09EBABE1B9AF->325d518f-bf0d-428a-814f-266b27e759e4@group-9696F0872FC0, cid=2702, SUCCESS, logIndex=4487, commits[325d518f-bf0d-428a-814f-266b27e759e4:c4487]
2019-06-15 10:53:12,856 INFO  client.GrpcClientProtocolClient (GrpcClientProtocolClient.java:onNext(254)) - client-09EBABE1B9AF->325d518f-bf0d-428a-814f-266b27e759e4: receive RaftClientReply:client-09EBABE1B9AF->325d518f-bf0d-428a-814f-266b27e759e4@group-9696F0872FC0, cid=2703, SUCCESS, logIndex=4488, commits[325d518f-bf0d-428a-814f-266b27e759e4:c4490]
2019-06-15 10:53:12,857 INFO  client.GrpcClientProtocolClient (GrpcClientProtocolClient.java:onNext(254)) - client-09EBABE1B9AF->325d518f-bf0d-428a-814f-266b27e759e4: receive RaftClientReply:client-09EBABE1B9AF->325d518f-bf0d-428a-814f-266b27e759e4@group-9696F0872FC0, cid=2704, SUCCESS, logIndex=4489, commits[325d518f-bf0d-428a-814f-266b27e759e4:c4490]
2019-06-15 10:53:12,867 INFO  client.GrpcClientProtocolClient (GrpcClientProtocolClient.java:onNext(254)) - client-09EBABE1B9AF->325d518f-bf0d-428a-814f-266b27e759e4: receive RaftClientReply:client-09EBABE1B9AF->325d518f-bf0d-428a-814f-266b27e759e4@group-9696F0872FC0, cid=2705, SUCCESS, logIndex=4491, commits[325d518f-bf0d-428a-814f-266b27e759e4:c4491]
2019-06-15 10:53:12,867 DEBUG block.SCMBlockDeletingService (SCMBlockDeletingService.java:call(138)) - Running DeletedBlockTransactionScanner
2019-06-15 10:53:12,867 DEBUG block.SCMBlockDeletingService (SCMBlockDeletingService.java:call(155)) - Scanned deleted blocks log and got 0 delTX to process.
2019-06-15 10:53:12,868 INFO  client.GrpcClientProtocolClient (GrpcClientProtocolClient.java:onNext(254)) - client-09EBABE1B9AF->325d518f-bf0d-428a-814f-266b27e759e4: receive RaftClientReply:client-09EBABE1B9AF->325d518f-bf0d-428a-814f-266b27e759e4@group-9696F0872FC0, cid=2706, SUCCESS, logIndex=4493, commits[325d518f-bf0d-428a-814f-266b27e759e4:c4493]
2019-06-15 10:53:12,869 INFO  client.GrpcClientProtocolClient (GrpcClientProtocolClient.java:onNext(254)) - client-09EBABE1B9AF->325d518f-bf0d-428a-814f-266b27e759e4: receive RaftClientReply:client-09EBABE1B9AF->325d518f-bf0d-428a-814f-266b27e759e4@group-9696F0872FC0, cid=2707, SUCCESS, logIndex=4494, commits[325d518f-bf0d-428a-814f-266b27e759e4:c4496]
2019-06-15 10:53:12,869 INFO  client.GrpcClientProtocolClient (GrpcClientProtocolClient.java:onNext(254)) - client-09EBABE1B9AF->325d518f-bf0d-428a-814f-266b27e759e4: receive RaftClientReply:client-09EBABE1B9AF->325d518f-bf0d-428a-814f-266b27e759e4@group-9696F0872FC0, cid=2708, SUCCESS, logIndex=4495, commits[325d518f-bf0d-428a-814f-266b27e759e4:c4496]
2019-06-15 10:53:12,872 INFO  storage.RaftLogWorker (RaftLogWorker.java:rollLogSegment(303)) - 325d518f-bf0d-428a-814f-266b27e759e4-RaftLogWorker: Rolling segment log-4427_4496 to index:4496
2019-06-15 10:53:12,872 INFO  storage.RaftLogWorker (RaftLogWorker.java:execute(433)) - 325d518f-bf0d-428a-814f-266b27e759e4-RaftLogWorker: Rolled log segment from /opt/src/hadoop-ozone/integration-test/target/test-dir/MiniOzoneClusterImpl-dd99cefe-9779-4043-9d74-181b69d2a827/datanode-0/data/ratis/e0f1d9ef-e225-4b24-a786-9696f0872fc0/current/log_inprogress_4427 to /opt/src/hadoop-ozone/integration-test/target/test-dir/MiniOzoneClusterImpl-dd99cefe-9779-4043-9d74-181b69d2a827/datanode-0/data/ratis/e0f1d9ef-e225-4b24-a786-9696f0872fc0/current/log_4427-4496
2019-06-15 10:53:12,908 INFO  storage.RaftLogWorker (RaftLogWorker.java:execute(469)) - 325d518f-bf0d-428a-814f-266b27e759e4-RaftLogWorker: created new log segment /opt/src/hadoop-ozone/integration-test/target/test-dir/MiniOzoneClusterImpl-dd99cefe-9779-4043-9d74-181b69d2a827/datanode-0/data/ratis/e0f1d9ef-e225-4b24-a786-9696f0872fc0/current/log_inprogress_4497
2019-06-15 10:53:12,909 INFO  client.GrpcClientProtocolClient (GrpcClientProtocolClient.java:onNext(254)) - client-09EBABE1B9AF->325d518f-bf0d-428a-814f-266b27e759e4: receive RaftClientReply:client-09EBABE1B9AF->325d518f-bf0d-428a-814f-266b27e759e4@group-9696F0872FC0, cid=2709, SUCCESS, logIndex=4497, commits[325d518f-bf0d-428a-814f-266b27e759e4:c4497]
2019-06-15 10:53:12,911 INFO  client.GrpcClientProtocolClient (GrpcClientProtocolClient.java:onNext(254)) - client-09EBABE1B9AF->325d518f-bf0d-428a-814f-266b27e759e4: receive RaftClientReply:client-09EBABE1B9AF->325d518f-bf0d-428a-814f-266b27e759e4@group-9696F0872FC0, cid=2710, SUCCESS, logIndex=4499, commits[325d518f-bf0d-428a-814f-266b27e759e4:c4499]
2019-06-15 10:53:12,912 INFO  client.GrpcClientProtocolClient (GrpcClientProtocolClient.java:onNext(254)) - client-09EBABE1B9AF->325d518f-bf0d-428a-814f-266b27e759e4: receive RaftClientReply:client-09EBABE1B9AF->325d518f-bf0d-428a-814f-266b27e759e4@group-9696F0872FC0, cid=2711, SUCCESS, logIndex=4500, commits[325d518f-bf0d-428a-814f-266b27e759e4:c4502]
2019-06-15 10:53:12,912 INFO  client.GrpcClientProtocolClient (GrpcClientProtocolClient.java:onNext(254)) - client-09EBABE1B9AF->325d518f-bf0d-428a-814f-266b27e759e4: receive RaftClientReply:client-09EBABE1B9AF->325d518f-bf0d-428a-814f-266b27e759e4@group-9696F0872FC0, cid=2712, SUCCESS, logIndex=4501, commits[325d518f-bf0d-428a-814f-266b27e759e4:c4502]
2019-06-15 10:53:12,930 INFO  client.GrpcClientProtocolClient (GrpcClientProtocolClient.java:onNext(254)) - client-09EBABE1B9AF->325d518f-bf0d-428a-814f-266b27e759e4: receive RaftClientReply:client-09EBABE1B9AF->325d518f-bf0d-428a-814f-266b27e759e4@group-9696F0872FC0, cid=2713, SUCCESS, logIndex=4503, commits[325d518f-bf0d-428a-814f-266b27e759e4:c4503]
2019-06-15 10:53:12,930 INFO  client.GrpcClientProtocolClient (GrpcClientProtocolClient.java:onNext(254)) - client-09EBABE1B9AF->325d518f-bf0d-428a-814f-266b27e759e4: receive RaftClientReply:client-09EBABE1B9AF->325d518f-bf0d-428a-814f-266b27e759e4@group-9696F0872FC0, cid=2714, SUCCESS, logIndex=4505, commits[325d518f-bf0d-428a-814f-266b27e759e4:c4505]
2019-06-15 10:53:12,930 INFO  client.GrpcClientProtocolClient (GrpcClientProtocolClient.java:onNext(254)) - client-09EBABE1B9AF->325d518f-bf0d-428a-814f-266b27e759e4: receive RaftClientReply:client-09EBABE1B9AF->325d518f-bf0d-428a-814f-266b27e759e4@group-9696F0872FC0, cid=2715, SUCCESS, logIndex=4506, commits[325d518f-bf0d-428a-814f-266b27e759e4:c4508]
2019-06-15 10:53:12,931 INFO  client.GrpcClientProtocolClient (GrpcClientProtocolClient.java:onNext(254)) - client-09EBABE1B9AF->325d518f-bf0d-428a-814f-266b27e759e4: receive RaftClientReply:client-09EBABE1B9AF->325d518f-bf0d-428a-814f-266b27e759e4@group-9696F0872FC0, cid=2716, SUCCESS, logIndex=4507, commits[325d518f-bf0d-428a-814f-266b27e759e4:c4508]
2019-06-15 10:53:12,936 INFO  client.GrpcClientProtocolClient (GrpcClientProtocolClient.java:onNext(254)) - client-09EBABE1B9AF->325d518f-bf0d-428a-814f-266b27e759e4: receive RaftClientReply:client-09EBABE1B9AF->325d518f-bf0d-428a-814f-266b27e759e4@group-9696F0872FC0, cid=2717, SUCCESS, logIndex=4509, commits[325d518f-bf0d-428a-814f-266b27e759e4:c4509]
2019-06-15 10:53:12,937 INFO  client.GrpcClientProtocolClient (GrpcClientProtocolClient.java:onNext(254)) - client-09EBABE1B9AF->325d518f-bf0d-428a-814f-266b27e759e4: receive RaftClientReply:client-09EBABE1B9AF->325d518f-bf0d-428a-814f-266b27e759e4@group-9696F0872FC0, cid=2718, SUCCESS, logIndex=4511, commits[325d518f-bf0d-428a-814f-266b27e759e4:c4511]
2019-06-15 10:53:12,938 INFO  client.GrpcClientProtocolClient (GrpcClientProtocolClient.java:onNext(254)) - client-09EBABE1B9AF->325d518f-bf0d-428a-814f-266b27e759e4: receive RaftClientReply:client-09EBABE1B9AF->325d518f-bf0d-428a-814f-266b27e759e4@group-9696F0872FC0, cid=2719, SUCCESS, logIndex=4512, commits[325d518f-bf0d-428a-814f-266b27e759e4:c4514]
2019-06-15 10:53:12,939 INFO  client.GrpcClientProtocolClient (GrpcClientProtocolClient.java:onNext(254)) - client-09EBABE1B9AF->325d518f-bf0d-428a-814f-266b27e759e4: receive RaftClientReply:client-09EBABE1B9AF->325d518f-bf0d-428a-814f-266b27e759e4@group-9696F0872FC0, cid=2720, SUCCESS, logIndex=4513, commits[325d518f-bf0d-428a-814f-266b27e759e4:c4514]
2019-06-15 10:53:12,948 INFO  client.GrpcClientProtocolClient (GrpcClientProtocolClient.java:onNext(254)) - client-09EBABE1B9AF->325d518f-bf0d-428a-814f-266b27e759e4: receive RaftClientReply:client-09EBABE1B9AF->325d518f-bf0d-428a-814f-266b27e759e4@group-9696F0872FC0, cid=2721, SUCCESS, logIndex=4515, commits[325d518f-bf0d-428a-814f-266b27e759e4:c4515]
2019-06-15 10:53:12,949 INFO  client.GrpcClientProtocolClient (GrpcClientProtocolClient.java:onNext(254)) - client-09EBABE1B9AF->325d518f-bf0d-428a-814f-266b27e759e4: receive RaftClientReply:client-09EBABE1B9AF->325d518f-bf0d-428a-814f-266b27e759e4@group-9696F0872FC0, cid=2722, SUCCESS, logIndex=4517, commits[325d518f-bf0d-428a-814f-266b27e759e4:c4517]
2019-06-15 10:53:12,950 INFO  client.GrpcClientProtocolClient (GrpcClientProtocolClient.java:onNext(254)) - client-09EBABE1B9AF->325d518f-bf0d-428a-814f-266b27e759e4: receive RaftClientReply:client-09EBABE1B9AF->325d518f-bf0d-428a-814f-266b27e759e4@group-9696F0872FC0, cid=2723, SUCCESS, logIndex=4518, commits[325d518f-bf0d-428a-814f-266b27e759e4:c4520]
2019-06-15 10:53:12,950 INFO  client.GrpcClientProtocolClient (GrpcClientProtocolClient.java:onNext(254)) - client-09EBABE1B9AF->325d518f-bf0d-428a-814f-266b27e759e4: receive RaftClientReply:client-09EBABE1B9AF->325d518f-bf0d-428a-814f-266b27e759e4@group-9696F0872FC0, cid=2724, SUCCESS, logIndex=4519, commits[325d518f-bf0d-428a-814f-266b27e759e4:c4520]
2019-06-15 10:53:12,955 INFO  client.GrpcClientProtocolClient (GrpcClientProtocolClient.java:onNext(254)) - client-09EBABE1B9AF->325d518f-bf0d-428a-814f-266b27e759e4: receive RaftClientReply:client-09EBABE1B9AF->325d518f-bf0d-428a-814f-266b27e759e4@group-9696F0872FC0, cid=2725, SUCCESS, logIndex=4521, commits[325d518f-bf0d-428a-814f-266b27e759e4:c4521]
2019-06-15 10:53:12,956 INFO  client.GrpcClientProtocolClient (GrpcClientProtocolClient.java:onNext(254)) - client-09EBABE1B9AF->325d518f-bf0d-428a-814f-266b27e759e4: receive RaftClientReply:client-09EBABE1B9AF->325d518f-bf0d-428a-814f-266b27e759e4@group-9696F0872FC0, cid=2726, SUCCESS, logIndex=4523, commits[325d518f-bf0d-428a-814f-266b27e759e4:c4523]
2019-06-15 10:53:12,958 INFO  client.GrpcClientProtocolClient (GrpcClientProtocolClient.java:onNext(254)) - client-09EBABE1B9AF->325d518f-bf0d-428a-814f-266b27e759e4: receive RaftClientReply:client-09EBABE1B9AF->325d518f-bf0d-428a-814f-266b27e759e4@group-9696F0872FC0, cid=2727, SUCCESS, logIndex=4524, commits[325d518f-bf0d-428a-814f-266b27e759e4:c4526]
2019-06-15 10:53:12,958 INFO  client.GrpcClientProtocolClient (GrpcClientProtocolClient.java:onNext(254)) - client-09EBABE1B9AF->325d518f-bf0d-428a-814f-266b27e759e4: receive RaftClientReply:client-09EBABE1B9AF->325d518f-bf0d-428a-814f-266b27e759e4@group-9696F0872FC0, cid=2728, SUCCESS, logIndex=4525, commits[325d518f-bf0d-428a-814f-266b27e759e4:c4526]
2019-06-15 10:53:12,967 INFO  client.GrpcClientProtocolClient (GrpcClientProtocolClient.java:onNext(254)) - client-09EBABE1B9AF->325d518f-bf0d-428a-814f-266b27e759e4: receive RaftClientReply:client-09EBABE1B9AF->325d518f-bf0d-428a-814f-266b27e759e4@group-9696F0872FC0, cid=2729, SUCCESS, logIndex=4527, commits[325d518f-bf0d-428a-814f-266b27e759e4:c4527]
2019-06-15 10:53:12,967 DEBUG block.SCMBlockDeletingService (SCMBlockDeletingService.java:call(138)) - Running DeletedBlockTransactionScanner
2019-06-15 10:53:12,967 DEBUG block.SCMBlockDeletingService (SCMBlockDeletingService.java:call(155)) - Scanned deleted blocks log and got 0 delTX to process.
2019-06-15 10:53:12,968 INFO  client.GrpcClientProtocolClient (GrpcClientProtocolClient.java:onNext(254)) - client-09EBABE1B9AF->325d518f-bf0d-428a-814f-266b27e759e4: receive RaftClientReply:client-09EBABE1B9AF->325d518f-bf0d-428a-814f-266b27e759e4@group-9696F0872FC0, cid=2730, SUCCESS, logIndex=4529, commits[325d518f-bf0d-428a-814f-266b27e759e4:c4529]
2019-06-15 10:53:12,969 INFO  client.GrpcClientProtocolClient (GrpcClientProtocolClient.java:onNext(254)) - client-09EBABE1B9AF->325d518f-bf0d-428a-814f-266b27e759e4: receive RaftClientReply:client-09EBABE1B9AF->325d518f-bf0d-428a-814f-266b27e759e4@group-9696F0872FC0, cid=2731, SUCCESS, logIndex=4530, commits[325d518f-bf0d-428a-814f-266b27e759e4:c4532]
2019-06-15 10:53:12,969 INFO  client.GrpcClientProtocolClient (GrpcClientProtocolClient.java:onNext(254)) - client-09EBABE1B9AF->325d518f-bf0d-428a-814f-266b27e759e4: receive RaftClientReply:client-09EBABE1B9AF->325d518f-bf0d-428a-814f-266b27e759e4@group-9696F0872FC0, cid=2732, SUCCESS, logIndex=4531, commits[325d518f-bf0d-428a-814f-266b27e759e4:c4532]
2019-06-15 10:53:12,975 INFO  client.GrpcClientProtocolClient (GrpcClientProtocolClient.java:onNext(254)) - client-09EBABE1B9AF->325d518f-bf0d-428a-814f-266b27e759e4: receive RaftClientReply:client-09EBABE1B9AF->325d518f-bf0d-428a-814f-266b27e759e4@group-9696F0872FC0, cid=2733, SUCCESS, logIndex=4533, commits[325d518f-bf0d-428a-814f-266b27e759e4:c4533]
2019-06-15 10:53:12,976 INFO  client.GrpcClientProtocolClient (GrpcClientProtocolClient.java:onNext(254)) - client-09EBABE1B9AF->325d518f-bf0d-428a-814f-266b27e759e4: receive RaftClientReply:client-09EBABE1B9AF->325d518f-bf0d-428a-814f-266b27e759e4@group-9696F0872FC0, cid=2734, SUCCESS, logIndex=4535, commits[325d518f-bf0d-428a-814f-266b27e759e4:c4535]
2019-06-15 10:53:12,978 INFO  client.GrpcClientProtocolClient (GrpcClientProtocolClient.java:onNext(254)) - client-09EBABE1B9AF->325d518f-bf0d-428a-814f-266b27e759e4: receive RaftClientReply:client-09EBABE1B9AF->325d518f-bf0d-428a-814f-266b27e759e4@group-9696F0872FC0, cid=2735, SUCCESS, logIndex=4536, commits[325d518f-bf0d-428a-814f-266b27e759e4:c4538]
2019-06-15 10:53:12,978 INFO  client.GrpcClientProtocolClient (GrpcClientProtocolClient.java:onNext(254)) - client-09EBABE1B9AF->325d518f-bf0d-428a-814f-266b27e759e4: receive RaftClientReply:client-09EBABE1B9AF->325d518f-bf0d-428a-814f-266b27e759e4@group-9696F0872FC0, cid=2736, SUCCESS, logIndex=4537, commits[325d518f-bf0d-428a-814f-266b27e759e4:c4538]
2019-06-15 10:53:12,988 INFO  client.GrpcClientProtocolClient (GrpcClientProtocolClient.java:onNext(254)) - client-09EBABE1B9AF->325d518f-bf0d-428a-814f-266b27e759e4: receive RaftClientReply:client-09EBABE1B9AF->325d518f-bf0d-428a-814f-266b27e759e4@group-9696F0872FC0, cid=2737, SUCCESS, logIndex=4539, commits[325d518f-bf0d-428a-814f-266b27e759e4:c4539]
2019-06-15 10:53:12,989 INFO  client.GrpcClientProtocolClient (GrpcClientProtocolClient.java:onNext(254)) - client-09EBABE1B9AF->325d518f-bf0d-428a-814f-266b27e759e4: receive RaftClientReply:client-09EBABE1B9AF->325d518f-bf0d-428a-814f-266b27e759e4@group-9696F0872FC0, cid=2738, SUCCESS, logIndex=4541, commits[325d518f-bf0d-428a-814f-266b27e759e4:c4541]
2019-06-15 10:53:12,990 INFO  client.GrpcClientProtocolClient (GrpcClientProtocolClient.java:onNext(254)) - client-09EBABE1B9AF->325d518f-bf0d-428a-814f-266b27e759e4: receive RaftClientReply:client-09EBABE1B9AF->325d518f-bf0d-428a-814f-266b27e759e4@group-9696F0872FC0, cid=2739, SUCCESS, logIndex=4542, commits[325d518f-bf0d-428a-814f-266b27e759e4:c4544]
2019-06-15 10:53:12,994 INFO  client.GrpcClientProtocolClient (GrpcClientProtocolClient.java:onNext(254)) - client-09EBABE1B9AF->325d518f-bf0d-428a-814f-266b27e759e4: receive RaftClientReply:client-09EBABE1B9AF->325d518f-bf0d-428a-814f-266b27e759e4@group-9696F0872FC0, cid=2740, SUCCESS, logIndex=4543, commits[325d518f-bf0d-428a-814f-266b27e759e4:c4544]
2019-06-15 10:53:13,066 INFO  client.GrpcClientProtocolClient (GrpcClientProtocolClient.java:onNext(254)) - client-09EBABE1B9AF->325d518f-bf0d-428a-814f-266b27e759e4: receive RaftClientReply:client-09EBABE1B9AF->325d518f-bf0d-428a-814f-266b27e759e4@group-9696F0872FC0, cid=2741, SUCCESS, logIndex=4545, commits[325d518f-bf0d-428a-814f-266b27e759e4:c4545]
2019-06-15 10:53:13,067 INFO  client.GrpcClientProtocolClient (GrpcClientProtocolClient.java:onNext(254)) - client-09EBABE1B9AF->325d518f-bf0d-428a-814f-266b27e759e4: receive RaftClientReply:client-09EBABE1B9AF->325d518f-bf0d-428a-814f-266b27e759e4@group-9696F0872FC0, cid=2742, SUCCESS, logIndex=4547, commits[325d518f-bf0d-428a-814f-266b27e759e4:c4547]
2019-06-15 10:53:13,068 DEBUG block.SCMBlockDeletingService (SCMBlockDeletingService.java:call(138)) - Running DeletedBlockTransactionScanner
2019-06-15 10:53:13,068 DEBUG block.SCMBlockDeletingService (SCMBlockDeletingService.java:call(155)) - Scanned deleted blocks log and got 0 delTX to process.
2019-06-15 10:53:13,068 INFO  client.GrpcClientProtocolClient (GrpcClientProtocolClient.java:onNext(254)) - client-09EBABE1B9AF->325d518f-bf0d-428a-814f-266b27e759e4: receive RaftClientReply:client-09EBABE1B9AF->325d518f-bf0d-428a-814f-266b27e759e4@group-9696F0872FC0, cid=2743, SUCCESS, logIndex=4548, commits[325d518f-bf0d-428a-814f-266b27e759e4:c4550]
2019-06-15 10:53:13,068 INFO  client.GrpcClientProtocolClient (GrpcClientProtocolClient.java:onNext(254)) - client-09EBABE1B9AF->325d518f-bf0d-428a-814f-266b27e759e4: receive RaftClientReply:client-09EBABE1B9AF->325d518f-bf0d-428a-814f-266b27e759e4@group-9696F0872FC0, cid=2744, SUCCESS, logIndex=4549, commits[325d518f-bf0d-428a-814f-266b27e759e4:c4550]
2019-06-15 10:53:13,078 INFO  client.GrpcClientProtocolClient (GrpcClientProtocolClient.java:onNext(254)) - client-09EBABE1B9AF->325d518f-bf0d-428a-814f-266b27e759e4: receive RaftClientReply:client-09EBABE1B9AF->325d518f-bf0d-428a-814f-266b27e759e4@group-9696F0872FC0, cid=2745, SUCCESS, logIndex=4551, commits[325d518f-bf0d-428a-814f-266b27e759e4:c4551]
2019-06-15 10:53:13,082 INFO  client.GrpcClientProtocolClient (GrpcClientProtocolClient.java:onNext(254)) - client-09EBABE1B9AF->325d518f-bf0d-428a-814f-266b27e759e4: receive RaftClientReply:client-09EBABE1B9AF->325d518f-bf0d-428a-814f-266b27e759e4@group-9696F0872FC0, cid=2746, SUCCESS, logIndex=4553, commits[325d518f-bf0d-428a-814f-266b27e759e4:c4553]
2019-06-15 10:53:13,082 INFO  client.GrpcClientProtocolClient (GrpcClientProtocolClient.java:onNext(254)) - client-09EBABE1B9AF->325d518f-bf0d-428a-814f-266b27e759e4: receive RaftClientReply:client-09EBABE1B9AF->325d518f-bf0d-428a-814f-266b27e759e4@group-9696F0872FC0, cid=2747, SUCCESS, logIndex=4554, commits[325d518f-bf0d-428a-814f-266b27e759e4:c4556]
2019-06-15 10:53:13,082 INFO  client.GrpcClientProtocolClient (GrpcClientProtocolClient.java:onNext(254)) - client-09EBABE1B9AF->325d518f-bf0d-428a-814f-266b27e759e4: receive RaftClientReply:client-09EBABE1B9AF->325d518f-bf0d-428a-814f-266b27e759e4@group-9696F0872FC0, cid=2748, SUCCESS, logIndex=4555, commits[325d518f-bf0d-428a-814f-266b27e759e4:c4556]
2019-06-15 10:53:13,088 INFO  client.GrpcClientProtocolClient (GrpcClientProtocolClient.java:onNext(254)) - client-09EBABE1B9AF->325d518f-bf0d-428a-814f-266b27e759e4: receive RaftClientReply:client-09EBABE1B9AF->325d518f-bf0d-428a-814f-266b27e759e4@group-9696F0872FC0, cid=2749, SUCCESS, logIndex=4557, commits[325d518f-bf0d-428a-814f-266b27e759e4:c4557]
2019-06-15 10:53:13,338 DEBUG block.SCMBlockDeletingService (SCMBlockDeletingService.java:call(138)) - Running DeletedBlockTransactionScanner
2019-06-15 10:53:13,339 DEBUG block.SCMBlockDeletingService (SCMBlockDeletingService.java:call(155)) - Scanned deleted blocks log and got 0 delTX to process.
2019-06-15 10:53:13,347 INFO  storage.RaftLogWorker (RaftLogWorker.java:rollLogSegment(303)) - 325d518f-bf0d-428a-814f-266b27e759e4-RaftLogWorker: Rolling segment log-4497_4561 to index:4561
2019-06-15 10:53:13,347 INFO  storage.RaftLogWorker (RaftLogWorker.java:execute(433)) - 325d518f-bf0d-428a-814f-266b27e759e4-RaftLogWorker: Rolled log segment from /opt/src/hadoop-ozone/integration-test/target/test-dir/MiniOzoneClusterImpl-dd99cefe-9779-4043-9d74-181b69d2a827/datanode-0/data/ratis/e0f1d9ef-e225-4b24-a786-9696f0872fc0/current/log_inprogress_4497 to /opt/src/hadoop-ozone/integration-test/target/test-dir/MiniOzoneClusterImpl-dd99cefe-9779-4043-9d74-181b69d2a827/datanode-0/data/ratis/e0f1d9ef-e225-4b24-a786-9696f0872fc0/current/log_4497-4561
2019-06-15 10:53:13,348 INFO  client.GrpcClientProtocolClient (GrpcClientProtocolClient.java:onNext(254)) - client-09EBABE1B9AF->325d518f-bf0d-428a-814f-266b27e759e4: receive RaftClientReply:client-09EBABE1B9AF->325d518f-bf0d-428a-814f-266b27e759e4@group-9696F0872FC0, cid=2750, SUCCESS, logIndex=4559, commits[325d518f-bf0d-428a-814f-266b27e759e4:c4559]
2019-06-15 10:53:13,348 INFO  client.GrpcClientProtocolClient (GrpcClientProtocolClient.java:onNext(254)) - client-09EBABE1B9AF->325d518f-bf0d-428a-814f-266b27e759e4: receive RaftClientReply:client-09EBABE1B9AF->325d518f-bf0d-428a-814f-266b27e759e4@group-9696F0872FC0, cid=2751, SUCCESS, logIndex=4560, commits[325d518f-bf0d-428a-814f-266b27e759e4:c4561]
2019-06-15 10:53:13,382 INFO  storage.RaftLogWorker (RaftLogWorker.java:execute(469)) - 325d518f-bf0d-428a-814f-266b27e759e4-RaftLogWorker: created new log segment /opt/src/hadoop-ozone/integration-test/target/test-dir/MiniOzoneClusterImpl-dd99cefe-9779-4043-9d74-181b69d2a827/datanode-0/data/ratis/e0f1d9ef-e225-4b24-a786-9696f0872fc0/current/log_inprogress_4562
2019-06-15 10:53:13,384 INFO  client.GrpcClientProtocolClient (GrpcClientProtocolClient.java:onNext(254)) - client-09EBABE1B9AF->325d518f-bf0d-428a-814f-266b27e759e4: receive RaftClientReply:client-09EBABE1B9AF->325d518f-bf0d-428a-814f-266b27e759e4@group-9696F0872FC0, cid=2752, SUCCESS, logIndex=4562, commits[325d518f-bf0d-428a-814f-266b27e759e4:c4562]
2019-06-15 10:53:13,395 INFO  client.GrpcClientProtocolClient (GrpcClientProtocolClient.java:onNext(254)) - client-09EBABE1B9AF->325d518f-bf0d-428a-814f-266b27e759e4: receive RaftClientReply:client-09EBABE1B9AF->325d518f-bf0d-428a-814f-266b27e759e4@group-9696F0872FC0, cid=2753, SUCCESS, logIndex=4564, commits[325d518f-bf0d-428a-814f-266b27e759e4:c4564]
2019-06-15 10:53:13,398 INFO  client.GrpcClientProtocolClient (GrpcClientProtocolClient.java:onNext(254)) - client-09EBABE1B9AF->325d518f-bf0d-428a-814f-266b27e759e4: receive RaftClientReply:client-09EBABE1B9AF->325d518f-bf0d-428a-814f-266b27e759e4@group-9696F0872FC0, cid=2754, SUCCESS, logIndex=4566, commits[325d518f-bf0d-428a-814f-266b27e759e4:c4568]
2019-06-15 10:53:13,398 INFO  client.GrpcClientProtocolClient (GrpcClientProtocolClient.java:onNext(254)) - client-09EBABE1B9AF->325d518f-bf0d-428a-814f-266b27e759e4: receive RaftClientReply:client-09EBABE1B9AF->325d518f-bf0d-428a-814f-266b27e759e4@group-9696F0872FC0, cid=2755, SUCCESS, logIndex=4567, commits[325d518f-bf0d-428a-814f-266b27e759e4:c4568]
2019-06-15 10:53:13,398 INFO  client.GrpcClientProtocolClient (GrpcClientProtocolClient.java:onNext(254)) - client-09EBABE1B9AF->325d518f-bf0d-428a-814f-266b27e759e4: receive RaftClientReply:client-09EBABE1B9AF->325d518f-bf0d-428a-814f-266b27e759e4@group-9696F0872FC0, cid=2756, SUCCESS, logIndex=4568, commits[325d518f-bf0d-428a-814f-266b27e759e4:c4569]
2019-06-15 10:53:13,403 INFO  client.GrpcClientProtocolClient (GrpcClientProtocolClient.java:onNext(254)) - client-09EBABE1B9AF->325d518f-bf0d-428a-814f-266b27e759e4: receive RaftClientReply:client-09EBABE1B9AF->325d518f-bf0d-428a-814f-266b27e759e4@group-9696F0872FC0, cid=2757, SUCCESS, logIndex=4570, commits[325d518f-bf0d-428a-814f-266b27e759e4:c4570]
2019-06-15 10:53:13,404 INFO  client.GrpcClientProtocolClient (GrpcClientProtocolClient.java:onNext(254)) - client-09EBABE1B9AF->325d518f-bf0d-428a-814f-266b27e759e4: receive RaftClientReply:client-09EBABE1B9AF->325d518f-bf0d-428a-814f-266b27e759e4@group-9696F0872FC0, cid=2758, SUCCESS, logIndex=4572, commits[325d518f-bf0d-428a-814f-266b27e759e4:c4572]
2019-06-15 10:53:13,406 INFO  client.GrpcClientProtocolClient (GrpcClientProtocolClient.java:onNext(254)) - client-09EBABE1B9AF->325d518f-bf0d-428a-814f-266b27e759e4: receive RaftClientReply:client-09EBABE1B9AF->325d518f-bf0d-428a-814f-266b27e759e4@group-9696F0872FC0, cid=2759, SUCCESS, logIndex=4574, commits[325d518f-bf0d-428a-814f-266b27e759e4:c4575]
2019-06-15 10:53:13,408 INFO  client.GrpcClientProtocolClient (GrpcClientProtocolClient.java:onNext(254)) - client-09EBABE1B9AF->325d518f-bf0d-428a-814f-266b27e759e4: receive RaftClientReply:client-09EBABE1B9AF->325d518f-bf0d-428a-814f-266b27e759e4@group-9696F0872FC0, cid=2760, SUCCESS, logIndex=4575, commits[325d518f-bf0d-428a-814f-266b27e759e4:c4575]
2019-06-15 10:53:13,417 INFO  client.GrpcClientProtocolClient (GrpcClientProtocolClient.java:onNext(254)) - client-09EBABE1B9AF->325d518f-bf0d-428a-814f-266b27e759e4: receive RaftClientReply:client-09EBABE1B9AF->325d518f-bf0d-428a-814f-266b27e759e4@group-9696F0872FC0, cid=2761, SUCCESS, logIndex=4577, commits[325d518f-bf0d-428a-814f-266b27e759e4:c4577]
2019-06-15 10:53:13,418 INFO  client.GrpcClientProtocolClient (GrpcClientProtocolClient.java:onNext(254)) - client-09EBABE1B9AF->325d518f-bf0d-428a-814f-266b27e759e4: receive RaftClientReply:client-09EBABE1B9AF->325d518f-bf0d-428a-814f-266b27e759e4@group-9696F0872FC0, cid=2762, SUCCESS, logIndex=4579, commits[325d518f-bf0d-428a-814f-266b27e759e4:c4579]
2019-06-15 10:53:13,419 INFO  client.GrpcClientProtocolClient (GrpcClientProtocolClient.java:onNext(254)) - client-09EBABE1B9AF->325d518f-bf0d-428a-814f-266b27e759e4: receive RaftClientReply:client-09EBABE1B9AF->325d518f-bf0d-428a-814f-266b27e759e4@group-9696F0872FC0, cid=2763, SUCCESS, logIndex=4580, commits[325d518f-bf0d-428a-814f-266b27e759e4:c4582]
2019-06-15 10:53:13,419 INFO  client.GrpcClientProtocolClient (GrpcClientProtocolClient.java:onNext(254)) - client-09EBABE1B9AF->325d518f-bf0d-428a-814f-266b27e759e4: receive RaftClientReply:client-09EBABE1B9AF->325d518f-bf0d-428a-814f-266b27e759e4@group-9696F0872FC0, cid=2764, SUCCESS, logIndex=4581, commits[325d518f-bf0d-428a-814f-266b27e759e4:c4582]
2019-06-15 10:53:13,425 INFO  client.GrpcClientProtocolClient (GrpcClientProtocolClient.java:onNext(254)) - client-09EBABE1B9AF->325d518f-bf0d-428a-814f-266b27e759e4: receive RaftClientReply:client-09EBABE1B9AF->325d518f-bf0d-428a-814f-266b27e759e4@group-9696F0872FC0, cid=2765, SUCCESS, logIndex=4583, commits[325d518f-bf0d-428a-814f-266b27e759e4:c4583]
2019-06-15 10:53:13,426 INFO  client.GrpcClientProtocolClient (GrpcClientProtocolClient.java:onNext(254)) - client-09EBABE1B9AF->325d518f-bf0d-428a-814f-266b27e759e4: receive RaftClientReply:client-09EBABE1B9AF->325d518f-bf0d-428a-814f-266b27e759e4@group-9696F0872FC0, cid=2766, SUCCESS, logIndex=4585, commits[325d518f-bf0d-428a-814f-266b27e759e4:c4585]
2019-06-15 10:53:13,427 INFO  client.GrpcClientProtocolClient (GrpcClientProtocolClient.java:onNext(254)) - client-09EBABE1B9AF->325d518f-bf0d-428a-814f-266b27e759e4: receive RaftClientReply:client-09EBABE1B9AF->325d518f-bf0d-428a-814f-266b27e759e4@group-9696F0872FC0, cid=2767, SUCCESS, logIndex=4586, commits[325d518f-bf0d-428a-814f-266b27e759e4:c4588]
2019-06-15 10:53:13,427 INFO  client.GrpcClientProtocolClient (GrpcClientProtocolClient.java:onNext(254)) - client-09EBABE1B9AF->325d518f-bf0d-428a-814f-266b27e759e4: receive RaftClientReply:client-09EBABE1B9AF->325d518f-bf0d-428a-814f-266b27e759e4@group-9696F0872FC0, cid=2768, SUCCESS, logIndex=4587, commits[325d518f-bf0d-428a-814f-266b27e759e4:c4588]
2019-06-15 10:53:13,436 INFO  client.GrpcClientProtocolClient (GrpcClientProtocolClient.java:onNext(254)) - client-09EBABE1B9AF->325d518f-bf0d-428a-814f-266b27e759e4: receive RaftClientReply:client-09EBABE1B9AF->325d518f-bf0d-428a-814f-266b27e759e4@group-9696F0872FC0, cid=2769, SUCCESS, logIndex=4589, commits[325d518f-bf0d-428a-814f-266b27e759e4:c4589]
2019-06-15 10:53:13,437 INFO  client.GrpcClientProtocolClient (GrpcClientProtocolClient.java:onNext(254)) - client-09EBABE1B9AF->325d518f-bf0d-428a-814f-266b27e759e4: receive RaftClientReply:client-09EBABE1B9AF->325d518f-bf0d-428a-814f-266b27e759e4@group-9696F0872FC0, cid=2770, SUCCESS, logIndex=4591, commits[325d518f-bf0d-428a-814f-266b27e759e4:c4591]
2019-06-15 10:53:13,438 INFO  client.GrpcClientProtocolClient (GrpcClientProtocolClient.java:onNext(254)) - client-09EBABE1B9AF->325d518f-bf0d-428a-814f-266b27e759e4: receive RaftClientReply:client-09EBABE1B9AF->325d518f-bf0d-428a-814f-266b27e759e4@group-9696F0872FC0, cid=2771, SUCCESS, logIndex=4592, commits[325d518f-bf0d-428a-814f-266b27e759e4:c4594]
2019-06-15 10:53:13,439 INFO  client.GrpcClientProtocolClient (GrpcClientProtocolClient.java:onNext(254)) - client-09EBABE1B9AF->325d518f-bf0d-428a-814f-266b27e759e4: receive RaftClientReply:client-09EBABE1B9AF->325d518f-bf0d-428a-814f-266b27e759e4@group-9696F0872FC0, cid=2772, SUCCESS, logIndex=4593, commits[325d518f-bf0d-428a-814f-266b27e759e4:c4594]
2019-06-15 10:53:13,439 DEBUG block.SCMBlockDeletingService (SCMBlockDeletingService.java:call(138)) - Running DeletedBlockTransactionScanner
2019-06-15 10:53:13,439 DEBUG block.SCMBlockDeletingService (SCMBlockDeletingService.java:call(155)) - Scanned deleted blocks log and got 0 delTX to process.
2019-06-15 10:53:13,443 INFO  client.GrpcClientProtocolClient (GrpcClientProtocolClient.java:onNext(254)) - client-09EBABE1B9AF->325d518f-bf0d-428a-814f-266b27e759e4: receive RaftClientReply:client-09EBABE1B9AF->325d518f-bf0d-428a-814f-266b27e759e4@group-9696F0872FC0, cid=2773, SUCCESS, logIndex=4595, commits[325d518f-bf0d-428a-814f-266b27e759e4:c4595]
2019-06-15 10:53:13,444 INFO  client.GrpcClientProtocolClient (GrpcClientProtocolClient.java:onNext(254)) - client-09EBABE1B9AF->325d518f-bf0d-428a-814f-266b27e759e4: receive RaftClientReply:client-09EBABE1B9AF->325d518f-bf0d-428a-814f-266b27e759e4@group-9696F0872FC0, cid=2774, SUCCESS, logIndex=4597, commits[325d518f-bf0d-428a-814f-266b27e759e4:c4597]
2019-06-15 10:53:13,445 INFO  client.GrpcClientProtocolClient (GrpcClientProtocolClient.java:onNext(254)) - client-09EBABE1B9AF->325d518f-bf0d-428a-814f-266b27e759e4: receive RaftClientReply:client-09EBABE1B9AF->325d518f-bf0d-428a-814f-266b27e759e4@group-9696F0872FC0, cid=2775, SUCCESS, logIndex=4598, commits[325d518f-bf0d-428a-814f-266b27e759e4:c4600]
2019-06-15 10:53:13,446 INFO  client.GrpcClientProtocolClient (GrpcClientProtocolClient.java:onNext(254)) - client-09EBABE1B9AF->325d518f-bf0d-428a-814f-266b27e759e4: receive RaftClientReply:client-09EBABE1B9AF->325d518f-bf0d-428a-814f-266b27e759e4@group-9696F0872FC0, cid=2776, SUCCESS, logIndex=4599, commits[325d518f-bf0d-428a-814f-266b27e759e4:c4600]
2019-06-15 10:53:13,454 INFO  client.GrpcClientProtocolClient (GrpcClientProtocolClient.java:onNext(254)) - client-09EBABE1B9AF->325d518f-bf0d-428a-814f-266b27e759e4: receive RaftClientReply:client-09EBABE1B9AF->325d518f-bf0d-428a-814f-266b27e759e4@group-9696F0872FC0, cid=2777, SUCCESS, logIndex=4601, commits[325d518f-bf0d-428a-814f-266b27e759e4:c4601]
2019-06-15 10:53:13,455 INFO  client.GrpcClientProtocolClient (GrpcClientProtocolClient.java:onNext(254)) - client-09EBABE1B9AF->325d518f-bf0d-428a-814f-266b27e759e4: receive RaftClientReply:client-09EBABE1B9AF->325d518f-bf0d-428a-814f-266b27e759e4@group-9696F0872FC0, cid=2778, SUCCESS, logIndex=4603, commits[325d518f-bf0d-428a-814f-266b27e759e4:c4603]
2019-06-15 10:53:13,457 INFO  client.GrpcClientProtocolClient (GrpcClientProtocolClient.java:onNext(254)) - client-09EBABE1B9AF->325d518f-bf0d-428a-814f-266b27e759e4: receive RaftClientReply:client-09EBABE1B9AF->325d518f-bf0d-428a-814f-266b27e759e4@group-9696F0872FC0, cid=2779, SUCCESS, logIndex=4604, commits[325d518f-bf0d-428a-814f-266b27e759e4:c4606]
2019-06-15 10:53:13,457 INFO  client.GrpcClientProtocolClient (GrpcClientProtocolClient.java:onNext(254)) - client-09EBABE1B9AF->325d518f-bf0d-428a-814f-266b27e759e4: receive RaftClientReply:client-09EBABE1B9AF->325d518f-bf0d-428a-814f-266b27e759e4@group-9696F0872FC0, cid=2780, SUCCESS, logIndex=4605, commits[325d518f-bf0d-428a-814f-266b27e759e4:c4606]
2019-06-15 10:53:13,461 INFO  client.GrpcClientProtocolClient (GrpcClientProtocolClient.java:onNext(254)) - client-09EBABE1B9AF->325d518f-bf0d-428a-814f-266b27e759e4: receive RaftClientReply:client-09EBABE1B9AF->325d518f-bf0d-428a-814f-266b27e759e4@group-9696F0872FC0, cid=2781, SUCCESS, logIndex=4607, commits[325d518f-bf0d-428a-814f-266b27e759e4:c4607]
2019-06-15 10:53:13,463 INFO  client.GrpcClientProtocolClient (GrpcClientProtocolClient.java:onNext(254)) - client-09EBABE1B9AF->325d518f-bf0d-428a-814f-266b27e759e4: receive RaftClientReply:client-09EBABE1B9AF->325d518f-bf0d-428a-814f-266b27e759e4@group-9696F0872FC0, cid=2782, SUCCESS, logIndex=4609, commits[325d518f-bf0d-428a-814f-266b27e759e4:c4609]
2019-06-15 10:53:13,464 INFO  client.GrpcClientProtocolClient (GrpcClientProtocolClient.java:onNext(254)) - client-09EBABE1B9AF->325d518f-bf0d-428a-814f-266b27e759e4: receive RaftClientReply:client-09EBABE1B9AF->325d518f-bf0d-428a-814f-266b27e759e4@group-9696F0872FC0, cid=2783, SUCCESS, logIndex=4610, commits[325d518f-bf0d-428a-814f-266b27e759e4:c4612]
2019-06-15 10:53:13,464 INFO  client.GrpcClientProtocolClient (GrpcClientProtocolClient.java:onNext(254)) - client-09EBABE1B9AF->325d518f-bf0d-428a-814f-266b27e759e4: receive RaftClientReply:client-09EBABE1B9AF->325d518f-bf0d-428a-814f-266b27e759e4@group-9696F0872FC0, cid=2784, SUCCESS, logIndex=4611, commits[325d518f-bf0d-428a-814f-266b27e759e4:c4612]
2019-06-15 10:53:13,539 DEBUG block.SCMBlockDeletingService (SCMBlockDeletingService.java:call(138)) - Running DeletedBlockTransactionScanner
2019-06-15 10:53:13,539 DEBUG block.SCMBlockDeletingService (SCMBlockDeletingService.java:call(155)) - Scanned deleted blocks log and got 0 delTX to process.
2019-06-15 10:53:13,542 INFO  client.GrpcClientProtocolClient (GrpcClientProtocolClient.java:onNext(254)) - client-09EBABE1B9AF->325d518f-bf0d-428a-814f-266b27e759e4: receive RaftClientReply:client-09EBABE1B9AF->325d518f-bf0d-428a-814f-266b27e759e4@group-9696F0872FC0, cid=2785, SUCCESS, logIndex=4613, commits[325d518f-bf0d-428a-814f-266b27e759e4:c4613]
2019-06-15 10:53:13,543 INFO  client.GrpcClientProtocolClient (GrpcClientProtocolClient.java:onNext(254)) - client-09EBABE1B9AF->325d518f-bf0d-428a-814f-266b27e759e4: receive RaftClientReply:client-09EBABE1B9AF->325d518f-bf0d-428a-814f-266b27e759e4@group-9696F0872FC0, cid=2786, SUCCESS, logIndex=4615, commits[325d518f-bf0d-428a-814f-266b27e759e4:c4617]
2019-06-15 10:53:13,543 INFO  client.GrpcClientProtocolClient (GrpcClientProtocolClient.java:onNext(254)) - client-09EBABE1B9AF->325d518f-bf0d-428a-814f-266b27e759e4: receive RaftClientReply:client-09EBABE1B9AF->325d518f-bf0d-428a-814f-266b27e759e4@group-9696F0872FC0, cid=2787, SUCCESS, logIndex=4616, commits[325d518f-bf0d-428a-814f-266b27e759e4:c4617]
2019-06-15 10:53:13,543 INFO  client.GrpcClientProtocolClient (GrpcClientProtocolClient.java:onNext(254)) - client-09EBABE1B9AF->325d518f-bf0d-428a-814f-266b27e759e4: receive RaftClientReply:client-09EBABE1B9AF->325d518f-bf0d-428a-814f-266b27e759e4@group-9696F0872FC0, cid=2788, SUCCESS, logIndex=4617, commits[325d518f-bf0d-428a-814f-266b27e759e4:c4617]
2019-06-15 10:53:13,548 INFO  client.GrpcClientProtocolClient (GrpcClientProtocolClient.java:onNext(254)) - client-09EBABE1B9AF->325d518f-bf0d-428a-814f-266b27e759e4: receive RaftClientReply:client-09EBABE1B9AF->325d518f-bf0d-428a-814f-266b27e759e4@group-9696F0872FC0, cid=2789, SUCCESS, logIndex=4619, commits[325d518f-bf0d-428a-814f-266b27e759e4:c4619]
2019-06-15 10:53:13,549 INFO  client.GrpcClientProtocolClient (GrpcClientProtocolClient.java:onNext(254)) - client-09EBABE1B9AF->325d518f-bf0d-428a-814f-266b27e759e4: receive RaftClientReply:client-09EBABE1B9AF->325d518f-bf0d-428a-814f-266b27e759e4@group-9696F0872FC0, cid=2790, SUCCESS, logIndex=4621, commits[325d518f-bf0d-428a-814f-266b27e759e4:c4621]
2019-06-15 10:53:13,550 INFO  client.GrpcClientProtocolClient (GrpcClientProtocolClient.java:onNext(254)) - client-09EBABE1B9AF->325d518f-bf0d-428a-814f-266b27e759e4: receive RaftClientReply:client-09EBABE1B9AF->325d518f-bf0d-428a-814f-266b27e759e4@group-9696F0872FC0, cid=2791, SUCCESS, logIndex=4622, commits[325d518f-bf0d-428a-814f-266b27e759e4:c4624]
2019-06-15 10:53:13,551 INFO  client.GrpcClientProtocolClient (GrpcClientProtocolClient.java:onNext(254)) - client-09EBABE1B9AF->325d518f-bf0d-428a-814f-266b27e759e4: receive RaftClientReply:client-09EBABE1B9AF->325d518f-bf0d-428a-814f-266b27e759e4@group-9696F0872FC0, cid=2792, SUCCESS, logIndex=4623, commits[325d518f-bf0d-428a-814f-266b27e759e4:c4624]
2019-06-15 10:53:13,560 INFO  client.GrpcClientProtocolClient (GrpcClientProtocolClient.java:onNext(254)) - client-09EBABE1B9AF->325d518f-bf0d-428a-814f-266b27e759e4: receive RaftClientReply:client-09EBABE1B9AF->325d518f-bf0d-428a-814f-266b27e759e4@group-9696F0872FC0, cid=2793, SUCCESS, logIndex=4625, commits[325d518f-bf0d-428a-814f-266b27e759e4:c4625]
2019-06-15 10:53:13,560 INFO  storage.RaftLogWorker (RaftLogWorker.java:rollLogSegment(303)) - 325d518f-bf0d-428a-814f-266b27e759e4-RaftLogWorker: Rolling segment log-4562_4627 to index:4627
2019-06-15 10:53:13,560 INFO  storage.RaftLogWorker (RaftLogWorker.java:execute(433)) - 325d518f-bf0d-428a-814f-266b27e759e4-RaftLogWorker: Rolled log segment from /opt/src/hadoop-ozone/integration-test/target/test-dir/MiniOzoneClusterImpl-dd99cefe-9779-4043-9d74-181b69d2a827/datanode-0/data/ratis/e0f1d9ef-e225-4b24-a786-9696f0872fc0/current/log_inprogress_4562 to /opt/src/hadoop-ozone/integration-test/target/test-dir/MiniOzoneClusterImpl-dd99cefe-9779-4043-9d74-181b69d2a827/datanode-0/data/ratis/e0f1d9ef-e225-4b24-a786-9696f0872fc0/current/log_4562-4627
2019-06-15 10:53:13,561 INFO  client.GrpcClientProtocolClient (GrpcClientProtocolClient.java:onNext(254)) - client-09EBABE1B9AF->325d518f-bf0d-428a-814f-266b27e759e4: receive RaftClientReply:client-09EBABE1B9AF->325d518f-bf0d-428a-814f-266b27e759e4@group-9696F0872FC0, cid=2794, SUCCESS, logIndex=4627, commits[325d518f-bf0d-428a-814f-266b27e759e4:c4627]
2019-06-15 10:53:13,596 INFO  storage.RaftLogWorker (RaftLogWorker.java:execute(469)) - 325d518f-bf0d-428a-814f-266b27e759e4-RaftLogWorker: created new log segment /opt/src/hadoop-ozone/integration-test/target/test-dir/MiniOzoneClusterImpl-dd99cefe-9779-4043-9d74-181b69d2a827/datanode-0/data/ratis/e0f1d9ef-e225-4b24-a786-9696f0872fc0/current/log_inprogress_4628
2019-06-15 10:53:13,597 INFO  client.GrpcClientProtocolClient (GrpcClientProtocolClient.java:onNext(254)) - client-09EBABE1B9AF->325d518f-bf0d-428a-814f-266b27e759e4: receive RaftClientReply:client-09EBABE1B9AF->325d518f-bf0d-428a-814f-266b27e759e4@group-9696F0872FC0, cid=2795, SUCCESS, logIndex=4628, commits[325d518f-bf0d-428a-814f-266b27e759e4:c4630]
2019-06-15 10:53:13,597 INFO  client.GrpcClientProtocolClient (GrpcClientProtocolClient.java:onNext(254)) - client-09EBABE1B9AF->325d518f-bf0d-428a-814f-266b27e759e4: receive RaftClientReply:client-09EBABE1B9AF->325d518f-bf0d-428a-814f-266b27e759e4@group-9696F0872FC0, cid=2796, SUCCESS, logIndex=4630, commits[325d518f-bf0d-428a-814f-266b27e759e4:c4631]
2019-06-15 10:53:13,603 INFO  client.GrpcClientProtocolClient (GrpcClientProtocolClient.java:onNext(254)) - client-09EBABE1B9AF->325d518f-bf0d-428a-814f-266b27e759e4: receive RaftClientReply:client-09EBABE1B9AF->325d518f-bf0d-428a-814f-266b27e759e4@group-9696F0872FC0, cid=2797, SUCCESS, logIndex=4632, commits[325d518f-bf0d-428a-814f-266b27e759e4:c4632]
2019-06-15 10:53:13,604 INFO  client.GrpcClientProtocolClient (GrpcClientProtocolClient.java:onNext(254)) - client-09EBABE1B9AF->325d518f-bf0d-428a-814f-266b27e759e4: receive RaftClientReply:client-09EBABE1B9AF->325d518f-bf0d-428a-814f-266b27e759e4@group-9696F0872FC0, cid=2798, SUCCESS, logIndex=4634, commits[325d518f-bf0d-428a-814f-266b27e759e4:c4634]
2019-06-15 10:53:13,605 INFO  client.GrpcClientProtocolClient (GrpcClientProtocolClient.java:onNext(254)) - client-09EBABE1B9AF->325d518f-bf0d-428a-814f-266b27e759e4: receive RaftClientReply:client-09EBABE1B9AF->325d518f-bf0d-428a-814f-266b27e759e4@group-9696F0872FC0, cid=2799, SUCCESS, logIndex=4635, commits[325d518f-bf0d-428a-814f-266b27e759e4:c4637]
2019-06-15 10:53:13,605 INFO  client.GrpcClientProtocolClient (GrpcClientProtocolClient.java:onNext(254)) - client-09EBABE1B9AF->325d518f-bf0d-428a-814f-266b27e759e4: receive RaftClientReply:client-09EBABE1B9AF->325d518f-bf0d-428a-814f-266b27e759e4@group-9696F0872FC0, cid=2800, SUCCESS, logIndex=4636, commits[325d518f-bf0d-428a-814f-266b27e759e4:c4637]
2019-06-15 10:53:13,614 INFO  client.GrpcClientProtocolClient (GrpcClientProtocolClient.java:onNext(254)) - client-09EBABE1B9AF->325d518f-bf0d-428a-814f-266b27e759e4: receive RaftClientReply:client-09EBABE1B9AF->325d518f-bf0d-428a-814f-266b27e759e4@group-9696F0872FC0, cid=2801, SUCCESS, logIndex=4638, commits[325d518f-bf0d-428a-814f-266b27e759e4:c4638]
2019-06-15 10:53:13,615 INFO  client.GrpcClientProtocolClient (GrpcClientProtocolClient.java:onNext(254)) - client-09EBABE1B9AF->325d518f-bf0d-428a-814f-266b27e759e4: receive RaftClientReply:client-09EBABE1B9AF->325d518f-bf0d-428a-814f-266b27e759e4@group-9696F0872FC0, cid=2802, SUCCESS, logIndex=4640, commits[325d518f-bf0d-428a-814f-266b27e759e4:c4640]
2019-06-15 10:53:13,616 INFO  client.GrpcClientProtocolClient (GrpcClientProtocolClient.java:onNext(254)) - client-09EBABE1B9AF->325d518f-bf0d-428a-814f-266b27e759e4: receive RaftClientReply:client-09EBABE1B9AF->325d518f-bf0d-428a-814f-266b27e759e4@group-9696F0872FC0, cid=2803, SUCCESS, logIndex=4641, commits[325d518f-bf0d-428a-814f-266b27e759e4:c4643]
2019-06-15 10:53:13,616 INFO  client.GrpcClientProtocolClient (GrpcClientProtocolClient.java:onNext(254)) - client-09EBABE1B9AF->325d518f-bf0d-428a-814f-266b27e759e4: receive RaftClientReply:client-09EBABE1B9AF->325d518f-bf0d-428a-814f-266b27e759e4@group-9696F0872FC0, cid=2804, SUCCESS, logIndex=4642, commits[325d518f-bf0d-428a-814f-266b27e759e4:c4643]
2019-06-15 10:53:13,623 INFO  client.GrpcClientProtocolClient (GrpcClientProtocolClient.java:onNext(254)) - client-09EBABE1B9AF->325d518f-bf0d-428a-814f-266b27e759e4: receive RaftClientReply:client-09EBABE1B9AF->325d518f-bf0d-428a-814f-266b27e759e4@group-9696F0872FC0, cid=2805, SUCCESS, logIndex=4644, commits[325d518f-bf0d-428a-814f-266b27e759e4:c4644]
2019-06-15 10:53:13,624 INFO  client.GrpcClientProtocolClient (GrpcClientProtocolClient.java:onNext(254)) - client-09EBABE1B9AF->325d518f-bf0d-428a-814f-266b27e759e4: receive RaftClientReply:client-09EBABE1B9AF->325d518f-bf0d-428a-814f-266b27e759e4@group-9696F0872FC0, cid=2806, SUCCESS, logIndex=4646, commits[325d518f-bf0d-428a-814f-266b27e759e4:c4646]
2019-06-15 10:53:13,625 INFO  client.GrpcClientProtocolClient (GrpcClientProtocolClient.java:onNext(254)) - client-09EBABE1B9AF->325d518f-bf0d-428a-814f-266b27e759e4: receive RaftClientReply:client-09EBABE1B9AF->325d518f-bf0d-428a-814f-266b27e759e4@group-9696F0872FC0, cid=2807, SUCCESS, logIndex=4647, commits[325d518f-bf0d-428a-814f-266b27e759e4:c4649]
2019-06-15 10:53:13,625 INFO  client.GrpcClientProtocolClient (GrpcClientProtocolClient.java:onNext(254)) - client-09EBABE1B9AF->325d518f-bf0d-428a-814f-266b27e759e4: receive RaftClientReply:client-09EBABE1B9AF->325d518f-bf0d-428a-814f-266b27e759e4@group-9696F0872FC0, cid=2808, SUCCESS, logIndex=4648, commits[325d518f-bf0d-428a-814f-266b27e759e4:c4649]
2019-06-15 10:53:13,636 INFO  client.GrpcClientProtocolClient (GrpcClientProtocolClient.java:onNext(254)) - client-09EBABE1B9AF->325d518f-bf0d-428a-814f-266b27e759e4: receive RaftClientReply:client-09EBABE1B9AF->325d518f-bf0d-428a-814f-266b27e759e4@group-9696F0872FC0, cid=2809, SUCCESS, logIndex=4650, commits[325d518f-bf0d-428a-814f-266b27e759e4:c4650]
2019-06-15 10:53:13,638 INFO  client.GrpcClientProtocolClient (GrpcClientProtocolClient.java:onNext(254)) - client-09EBABE1B9AF->325d518f-bf0d-428a-814f-266b27e759e4: receive RaftClientReply:client-09EBABE1B9AF->325d518f-bf0d-428a-814f-266b27e759e4@group-9696F0872FC0, cid=2810, SUCCESS, logIndex=4652, commits[325d518f-bf0d-428a-814f-266b27e759e4:c4652]
2019-06-15 10:53:13,638 INFO  client.GrpcClientProtocolClient (GrpcClientProtocolClient.java:onNext(254)) - client-09EBABE1B9AF->325d518f-bf0d-428a-814f-266b27e759e4: receive RaftClientReply:client-09EBABE1B9AF->325d518f-bf0d-428a-814f-266b27e759e4@group-9696F0872FC0, cid=2811, SUCCESS, logIndex=4653, commits[325d518f-bf0d-428a-814f-266b27e759e4:c4653]
2019-06-15 10:53:13,640 INFO  client.GrpcClientProtocolClient (GrpcClientProtocolClient.java:onNext(254)) - client-09EBABE1B9AF->325d518f-bf0d-428a-814f-266b27e759e4: receive RaftClientReply:client-09EBABE1B9AF->325d518f-bf0d-428a-814f-266b27e759e4@group-9696F0872FC0, cid=2812, SUCCESS, logIndex=4656, commits[325d518f-bf0d-428a-814f-266b27e759e4:c4656]
2019-06-15 10:53:13,640 DEBUG block.SCMBlockDeletingService (SCMBlockDeletingService.java:call(138)) - Running DeletedBlockTransactionScanner
2019-06-15 10:53:13,640 DEBUG block.SCMBlockDeletingService (SCMBlockDeletingService.java:call(155)) - Scanned deleted blocks log and got 0 delTX to process.
2019-06-15 10:53:13,645 INFO  client.GrpcClientProtocolClient (GrpcClientProtocolClient.java:onNext(254)) - client-09EBABE1B9AF->325d518f-bf0d-428a-814f-266b27e759e4: receive RaftClientReply:client-09EBABE1B9AF->325d518f-bf0d-428a-814f-266b27e759e4@group-9696F0872FC0, cid=2813, SUCCESS, logIndex=4658, commits[325d518f-bf0d-428a-814f-266b27e759e4:c4658]
2019-06-15 10:53:13,646 INFO  client.GrpcClientProtocolClient (GrpcClientProtocolClient.java:onNext(254)) - client-09EBABE1B9AF->325d518f-bf0d-428a-814f-266b27e759e4: receive RaftClientReply:client-09EBABE1B9AF->325d518f-bf0d-428a-814f-266b27e759e4@group-9696F0872FC0, cid=2814, SUCCESS, logIndex=4660, commits[325d518f-bf0d-428a-814f-266b27e759e4:c4660]
2019-06-15 10:53:13,648 INFO  client.GrpcClientProtocolClient (GrpcClientProtocolClient.java:onNext(254)) - client-09EBABE1B9AF->325d518f-bf0d-428a-814f-266b27e759e4: receive RaftClientReply:client-09EBABE1B9AF->325d518f-bf0d-428a-814f-266b27e759e4@group-9696F0872FC0, cid=2815, SUCCESS, logIndex=4662, commits[325d518f-bf0d-428a-814f-266b27e759e4:c4663]
2019-06-15 10:53:13,650 INFO  client.GrpcClientProtocolClient (GrpcClientProtocolClient.java:onNext(254)) - client-09EBABE1B9AF->325d518f-bf0d-428a-814f-266b27e759e4: receive RaftClientReply:client-09EBABE1B9AF->325d518f-bf0d-428a-814f-266b27e759e4@group-9696F0872FC0, cid=2816, SUCCESS, logIndex=4663, commits[325d518f-bf0d-428a-814f-266b27e759e4:c4663]
2019-06-15 10:53:13,660 INFO  client.GrpcClientProtocolClient (GrpcClientProtocolClient.java:onNext(254)) - client-09EBABE1B9AF->325d518f-bf0d-428a-814f-266b27e759e4: receive RaftClientReply:client-09EBABE1B9AF->325d518f-bf0d-428a-814f-266b27e759e4@group-9696F0872FC0, cid=2817, SUCCESS, logIndex=4665, commits[325d518f-bf0d-428a-814f-266b27e759e4:c4665]
2019-06-15 10:53:13,662 INFO  client.GrpcClientProtocolClient (GrpcClientProtocolClient.java:onNext(254)) - client-09EBABE1B9AF->325d518f-bf0d-428a-814f-266b27e759e4: receive RaftClientReply:client-09EBABE1B9AF->325d518f-bf0d-428a-814f-266b27e759e4@group-9696F0872FC0, cid=2818, SUCCESS, logIndex=4667, commits[325d518f-bf0d-428a-814f-266b27e759e4:c4667]
2019-06-15 10:53:13,662 INFO  client.GrpcClientProtocolClient (GrpcClientProtocolClient.java:onNext(254)) - client-09EBABE1B9AF->325d518f-bf0d-428a-814f-266b27e759e4: receive RaftClientReply:client-09EBABE1B9AF->325d518f-bf0d-428a-814f-266b27e759e4@group-9696F0872FC0, cid=2819, SUCCESS, logIndex=4668, commits[325d518f-bf0d-428a-814f-266b27e759e4:c4668]
2019-06-15 10:53:13,662 INFO  client.GrpcClientProtocolClient (GrpcClientProtocolClient.java:onNext(254)) - client-09EBABE1B9AF->325d518f-bf0d-428a-814f-266b27e759e4: receive RaftClientReply:client-09EBABE1B9AF->325d518f-bf0d-428a-814f-266b27e759e4@group-9696F0872FC0, cid=2820, SUCCESS, logIndex=4670, commits[325d518f-bf0d-428a-814f-266b27e759e4:c4670]
2019-06-15 10:53:13,667 INFO  client.GrpcClientProtocolClient (GrpcClientProtocolClient.java:onNext(254)) - client-09EBABE1B9AF->325d518f-bf0d-428a-814f-266b27e759e4: receive RaftClientReply:client-09EBABE1B9AF->325d518f-bf0d-428a-814f-266b27e759e4@group-9696F0872FC0, cid=2821, SUCCESS, logIndex=4673, commits[325d518f-bf0d-428a-814f-266b27e759e4:c4673]
2019-06-15 10:53:13,668 INFO  client.GrpcClientProtocolClient (GrpcClientProtocolClient.java:onNext(254)) - client-09EBABE1B9AF->325d518f-bf0d-428a-814f-266b27e759e4: receive RaftClientReply:client-09EBABE1B9AF->325d518f-bf0d-428a-814f-266b27e759e4@group-9696F0872FC0, cid=2822, SUCCESS, logIndex=4675, commits[325d518f-bf0d-428a-814f-266b27e759e4:c4675]
2019-06-15 10:53:13,670 INFO  client.GrpcClientProtocolClient (GrpcClientProtocolClient.java:onNext(254)) - client-09EBABE1B9AF->325d518f-bf0d-428a-814f-266b27e759e4: receive RaftClientReply:client-09EBABE1B9AF->325d518f-bf0d-428a-814f-266b27e759e4@group-9696F0872FC0, cid=2823, SUCCESS, logIndex=4676, commits[325d518f-bf0d-428a-814f-266b27e759e4:c4678]
2019-06-15 10:53:13,670 INFO  client.GrpcClientProtocolClient (GrpcClientProtocolClient.java:onNext(254)) - client-09EBABE1B9AF->325d518f-bf0d-428a-814f-266b27e759e4: receive RaftClientReply:client-09EBABE1B9AF->325d518f-bf0d-428a-814f-266b27e759e4@group-9696F0872FC0, cid=2824, SUCCESS, logIndex=4677, commits[325d518f-bf0d-428a-814f-266b27e759e4:c4678]
2019-06-15 10:53:13,679 INFO  client.GrpcClientProtocolClient (GrpcClientProtocolClient.java:onNext(254)) - client-09EBABE1B9AF->325d518f-bf0d-428a-814f-266b27e759e4: receive RaftClientReply:client-09EBABE1B9AF->325d518f-bf0d-428a-814f-266b27e759e4@group-9696F0872FC0, cid=2825, SUCCESS, logIndex=4679, commits[325d518f-bf0d-428a-814f-266b27e759e4:c4679]
2019-06-15 10:53:13,679 INFO  client.GrpcClientProtocolClient (GrpcClientProtocolClient.java:onNext(254)) - client-09EBABE1B9AF->325d518f-bf0d-428a-814f-266b27e759e4: receive RaftClientReply:client-09EBABE1B9AF->325d518f-bf0d-428a-814f-266b27e759e4@group-9696F0872FC0, cid=2826, SUCCESS, logIndex=4681, commits[325d518f-bf0d-428a-814f-266b27e759e4:c4681]
2019-06-15 10:53:13,681 INFO  client.GrpcClientProtocolClient (GrpcClientProtocolClient.java:onNext(254)) - client-09EBABE1B9AF->325d518f-bf0d-428a-814f-266b27e759e4: receive RaftClientReply:client-09EBABE1B9AF->325d518f-bf0d-428a-814f-266b27e759e4@group-9696F0872FC0, cid=2827, SUCCESS, logIndex=4682, commits[325d518f-bf0d-428a-814f-266b27e759e4:c4684]
2019-06-15 10:53:13,681 INFO  client.GrpcClientProtocolClient (GrpcClientProtocolClient.java:onNext(254)) - client-09EBABE1B9AF->325d518f-bf0d-428a-814f-266b27e759e4: receive RaftClientReply:client-09EBABE1B9AF->325d518f-bf0d-428a-814f-266b27e759e4@group-9696F0872FC0, cid=2828, SUCCESS, logIndex=4683, commits[325d518f-bf0d-428a-814f-266b27e759e4:c4684]
2019-06-15 10:53:13,740 DEBUG block.SCMBlockDeletingService (SCMBlockDeletingService.java:call(138)) - Running DeletedBlockTransactionScanner
2019-06-15 10:53:13,740 DEBUG block.SCMBlockDeletingService (SCMBlockDeletingService.java:call(155)) - Scanned deleted blocks log and got 0 delTX to process.
2019-06-15 10:53:13,792 INFO  client.GrpcClientProtocolClient (GrpcClientProtocolClient.java:onNext(254)) - client-09EBABE1B9AF->325d518f-bf0d-428a-814f-266b27e759e4: receive RaftClientReply:client-09EBABE1B9AF->325d518f-bf0d-428a-814f-266b27e759e4@group-9696F0872FC0, cid=2829, SUCCESS, logIndex=4685, commits[325d518f-bf0d-428a-814f-266b27e759e4:c4685]
2019-06-15 10:53:13,795 INFO  client.GrpcClientProtocolClient (GrpcClientProtocolClient.java:onNext(254)) - client-09EBABE1B9AF->325d518f-bf0d-428a-814f-266b27e759e4: receive RaftClientReply:client-09EBABE1B9AF->325d518f-bf0d-428a-814f-266b27e759e4@group-9696F0872FC0, cid=2830, SUCCESS, logIndex=4687, commits[325d518f-bf0d-428a-814f-266b27e759e4:c4689]
2019-06-15 10:53:13,795 INFO  client.GrpcClientProtocolClient (GrpcClientProtocolClient.java:onNext(254)) - client-09EBABE1B9AF->325d518f-bf0d-428a-814f-266b27e759e4: receive RaftClientReply:client-09EBABE1B9AF->325d518f-bf0d-428a-814f-266b27e759e4@group-9696F0872FC0, cid=2831, SUCCESS, logIndex=4688, commits[325d518f-bf0d-428a-814f-266b27e759e4:c4689]
2019-06-15 10:53:13,795 INFO  client.GrpcClientProtocolClient (GrpcClientProtocolClient.java:onNext(254)) - client-09EBABE1B9AF->325d518f-bf0d-428a-814f-266b27e759e4: receive RaftClientReply:client-09EBABE1B9AF->325d518f-bf0d-428a-814f-266b27e759e4@group-9696F0872FC0, cid=2832, SUCCESS, logIndex=4689, commits[325d518f-bf0d-428a-814f-266b27e759e4:c4690]
2019-06-15 10:53:13,804 INFO  client.GrpcClientProtocolClient (GrpcClientProtocolClient.java:onNext(254)) - client-09EBABE1B9AF->325d518f-bf0d-428a-814f-266b27e759e4: receive RaftClientReply:client-09EBABE1B9AF->325d518f-bf0d-428a-814f-266b27e759e4@group-9696F0872FC0, cid=2833, SUCCESS, logIndex=4691, commits[325d518f-bf0d-428a-814f-266b27e759e4:c4691]
2019-06-15 10:53:13,805 INFO  client.GrpcClientProtocolClient (GrpcClientProtocolClient.java:onNext(254)) - client-09EBABE1B9AF->325d518f-bf0d-428a-814f-266b27e759e4: receive RaftClientReply:client-09EBABE1B9AF->325d518f-bf0d-428a-814f-266b27e759e4@group-9696F0872FC0, cid=2834, SUCCESS, logIndex=4693, commits[325d518f-bf0d-428a-814f-266b27e759e4:c4693]
2019-06-15 10:53:13,806 INFO  client.GrpcClientProtocolClient (GrpcClientProtocolClient.java:onNext(254)) - client-09EBABE1B9AF->325d518f-bf0d-428a-814f-266b27e759e4: receive RaftClientReply:client-09EBABE1B9AF->325d518f-bf0d-428a-814f-266b27e759e4@group-9696F0872FC0, cid=2835, SUCCESS, logIndex=4694, commits[325d518f-bf0d-428a-814f-266b27e759e4:c4696]
2019-06-15 10:53:13,807 INFO  client.GrpcClientProtocolClient (GrpcClientProtocolClient.java:onNext(254)) - client-09EBABE1B9AF->325d518f-bf0d-428a-814f-266b27e759e4: receive RaftClientReply:client-09EBABE1B9AF->325d518f-bf0d-428a-814f-266b27e759e4@group-9696F0872FC0, cid=2836, SUCCESS, logIndex=4695, commits[325d518f-bf0d-428a-814f-266b27e759e4:c4696]
2019-06-15 10:53:13,811 INFO  client.GrpcClientProtocolClient (GrpcClientProtocolClient.java:onNext(254)) - client-09EBABE1B9AF->325d518f-bf0d-428a-814f-266b27e759e4: receive RaftClientReply:client-09EBABE1B9AF->325d518f-bf0d-428a-814f-266b27e759e4@group-9696F0872FC0, cid=2837, SUCCESS, logIndex=4697, commits[325d518f-bf0d-428a-814f-266b27e759e4:c4697]
2019-06-15 10:53:13,812 INFO  storage.RaftLogWorker (RaftLogWorker.java:rollLogSegment(303)) - 325d518f-bf0d-428a-814f-266b27e759e4-RaftLogWorker: Rolling segment log-4628_4698 to index:4698
2019-06-15 10:53:13,812 INFO  storage.RaftLogWorker (RaftLogWorker.java:execute(433)) - 325d518f-bf0d-428a-814f-266b27e759e4-RaftLogWorker: Rolled log segment from /opt/src/hadoop-ozone/integration-test/target/test-dir/MiniOzoneClusterImpl-dd99cefe-9779-4043-9d74-181b69d2a827/datanode-0/data/ratis/e0f1d9ef-e225-4b24-a786-9696f0872fc0/current/log_inprogress_4628 to /opt/src/hadoop-ozone/integration-test/target/test-dir/MiniOzoneClusterImpl-dd99cefe-9779-4043-9d74-181b69d2a827/datanode-0/data/ratis/e0f1d9ef-e225-4b24-a786-9696f0872fc0/current/log_4628-4698
2019-06-15 10:53:13,841 DEBUG block.SCMBlockDeletingService (SCMBlockDeletingService.java:call(138)) - Running DeletedBlockTransactionScanner
2019-06-15 10:53:13,841 DEBUG block.SCMBlockDeletingService (SCMBlockDeletingService.java:call(155)) - Scanned deleted blocks log and got 0 delTX to process.
2019-06-15 10:53:13,848 INFO  storage.RaftLogWorker (RaftLogWorker.java:execute(469)) - 325d518f-bf0d-428a-814f-266b27e759e4-RaftLogWorker: created new log segment /opt/src/hadoop-ozone/integration-test/target/test-dir/MiniOzoneClusterImpl-dd99cefe-9779-4043-9d74-181b69d2a827/datanode-0/data/ratis/e0f1d9ef-e225-4b24-a786-9696f0872fc0/current/log_inprogress_4699
2019-06-15 10:53:13,851 INFO  client.GrpcClientProtocolClient (GrpcClientProtocolClient.java:onNext(254)) - client-09EBABE1B9AF->325d518f-bf0d-428a-814f-266b27e759e4: receive RaftClientReply:client-09EBABE1B9AF->325d518f-bf0d-428a-814f-266b27e759e4@group-9696F0872FC0, cid=2838, SUCCESS, logIndex=4699, commits[325d518f-bf0d-428a-814f-266b27e759e4:c4701]
2019-06-15 10:53:13,851 INFO  client.GrpcClientProtocolClient (GrpcClientProtocolClient.java:onNext(254)) - client-09EBABE1B9AF->325d518f-bf0d-428a-814f-266b27e759e4: receive RaftClientReply:client-09EBABE1B9AF->325d518f-bf0d-428a-814f-266b27e759e4@group-9696F0872FC0, cid=2839, SUCCESS, logIndex=4700, commits[325d518f-bf0d-428a-814f-266b27e759e4:c4702]
2019-06-15 10:53:13,851 INFO  client.GrpcClientProtocolClient (GrpcClientProtocolClient.java:onNext(254)) - client-09EBABE1B9AF->325d518f-bf0d-428a-814f-266b27e759e4: receive RaftClientReply:client-09EBABE1B9AF->325d518f-bf0d-428a-814f-266b27e759e4@group-9696F0872FC0, cid=2840, SUCCESS, logIndex=4701, commits[325d518f-bf0d-428a-814f-266b27e759e4:c4702]
2019-06-15 10:53:13,860 INFO  client.GrpcClientProtocolClient (GrpcClientProtocolClient.java:onNext(254)) - client-09EBABE1B9AF->325d518f-bf0d-428a-814f-266b27e759e4: receive RaftClientReply:client-09EBABE1B9AF->325d518f-bf0d-428a-814f-266b27e759e4@group-9696F0872FC0, cid=2841, SUCCESS, logIndex=4703, commits[325d518f-bf0d-428a-814f-266b27e759e4:c4703]
2019-06-15 10:53:13,863 INFO  client.GrpcClientProtocolClient (GrpcClientProtocolClient.java:onNext(254)) - client-09EBABE1B9AF->325d518f-bf0d-428a-814f-266b27e759e4: receive RaftClientReply:client-09EBABE1B9AF->325d518f-bf0d-428a-814f-266b27e759e4@group-9696F0872FC0, cid=2842, SUCCESS, logIndex=4705, commits[325d518f-bf0d-428a-814f-266b27e759e4:c4705]
2019-06-15 10:53:13,864 INFO  client.GrpcClientProtocolClient (GrpcClientProtocolClient.java:onNext(254)) - client-09EBABE1B9AF->325d518f-bf0d-428a-814f-266b27e759e4: receive RaftClientReply:client-09EBABE1B9AF->325d518f-bf0d-428a-814f-266b27e759e4@group-9696F0872FC0, cid=2843, SUCCESS, logIndex=4706, commits[325d518f-bf0d-428a-814f-266b27e759e4:c4707]
2019-06-15 10:53:13,864 INFO  client.GrpcClientProtocolClient (GrpcClientProtocolClient.java:onNext(254)) - client-09EBABE1B9AF->325d518f-bf0d-428a-814f-266b27e759e4: receive RaftClientReply:client-09EBABE1B9AF->325d518f-bf0d-428a-814f-266b27e759e4@group-9696F0872FC0, cid=2844, SUCCESS, logIndex=4707, commits[325d518f-bf0d-428a-814f-266b27e759e4:c4707]
2019-06-15 10:53:13,869 INFO  client.GrpcClientProtocolClient (GrpcClientProtocolClient.java:onNext(254)) - client-09EBABE1B9AF->325d518f-bf0d-428a-814f-266b27e759e4: receive RaftClientReply:client-09EBABE1B9AF->325d518f-bf0d-428a-814f-266b27e759e4@group-9696F0872FC0, cid=2845, SUCCESS, logIndex=4710, commits[325d518f-bf0d-428a-814f-266b27e759e4:c4710]
2019-06-15 10:53:13,870 INFO  client.GrpcClientProtocolClient (GrpcClientProtocolClient.java:onNext(254)) - client-09EBABE1B9AF->325d518f-bf0d-428a-814f-266b27e759e4: receive RaftClientReply:client-09EBABE1B9AF->325d518f-bf0d-428a-814f-266b27e759e4@group-9696F0872FC0, cid=2846, SUCCESS, logIndex=4712, commits[325d518f-bf0d-428a-814f-266b27e759e4:c4712]
2019-06-15 10:53:13,872 INFO  client.GrpcClientProtocolClient (GrpcClientProtocolClient.java:onNext(254)) - client-09EBABE1B9AF->325d518f-bf0d-428a-814f-266b27e759e4: receive RaftClientReply:client-09EBABE1B9AF->325d518f-bf0d-428a-814f-266b27e759e4@group-9696F0872FC0, cid=2847, SUCCESS, logIndex=4713, commits[325d518f-bf0d-428a-814f-266b27e759e4:c4715]
2019-06-15 10:53:13,872 INFO  client.GrpcClientProtocolClient (GrpcClientProtocolClient.java:onNext(254)) - client-09EBABE1B9AF->325d518f-bf0d-428a-814f-266b27e759e4: receive RaftClientReply:client-09EBABE1B9AF->325d518f-bf0d-428a-814f-266b27e759e4@group-9696F0872FC0, cid=2848, SUCCESS, logIndex=4714, commits[325d518f-bf0d-428a-814f-266b27e759e4:c4715]
2019-06-15 10:53:13,881 INFO  client.GrpcClientProtocolClient (GrpcClientProtocolClient.java:onNext(254)) - client-09EBABE1B9AF->325d518f-bf0d-428a-814f-266b27e759e4: receive RaftClientReply:client-09EBABE1B9AF->325d518f-bf0d-428a-814f-266b27e759e4@group-9696F0872FC0, cid=2849, SUCCESS, logIndex=4716, commits[325d518f-bf0d-428a-814f-266b27e759e4:c4716]
2019-06-15 10:53:13,882 INFO  client.GrpcClientProtocolClient (GrpcClientProtocolClient.java:onNext(254)) - client-09EBABE1B9AF->325d518f-bf0d-428a-814f-266b27e759e4: receive RaftClientReply:client-09EBABE1B9AF->325d518f-bf0d-428a-814f-266b27e759e4@group-9696F0872FC0, cid=2850, SUCCESS, logIndex=4718, commits[325d518f-bf0d-428a-814f-266b27e759e4:c4718]
2019-06-15 10:53:13,883 INFO  client.GrpcClientProtocolClient (GrpcClientProtocolClient.java:onNext(254)) - client-09EBABE1B9AF->325d518f-bf0d-428a-814f-266b27e759e4: receive RaftClientReply:client-09EBABE1B9AF->325d518f-bf0d-428a-814f-266b27e759e4@group-9696F0872FC0, cid=2851, SUCCESS, logIndex=4719, commits[325d518f-bf0d-428a-814f-266b27e759e4:c4721]
2019-06-15 10:53:13,883 INFO  client.GrpcClientProtocolClient (GrpcClientProtocolClient.java:onNext(254)) - client-09EBABE1B9AF->325d518f-bf0d-428a-814f-266b27e759e4: receive RaftClientReply:client-09EBABE1B9AF->325d518f-bf0d-428a-814f-266b27e759e4@group-9696F0872FC0, cid=2852, SUCCESS, logIndex=4720, commits[325d518f-bf0d-428a-814f-266b27e759e4:c4721]
2019-06-15 10:53:13,888 INFO  client.GrpcClientProtocolClient (GrpcClientProtocolClient.java:onNext(254)) - client-09EBABE1B9AF->325d518f-bf0d-428a-814f-266b27e759e4: receive RaftClientReply:client-09EBABE1B9AF->325d518f-bf0d-428a-814f-266b27e759e4@group-9696F0872FC0, cid=2853, SUCCESS, logIndex=4722, commits[325d518f-bf0d-428a-814f-266b27e759e4:c4722]
2019-06-15 10:53:13,889 INFO  client.GrpcClientProtocolClient (GrpcClientProtocolClient.java:onNext(254)) - client-09EBABE1B9AF->325d518f-bf0d-428a-814f-266b27e759e4: receive RaftClientReply:client-09EBABE1B9AF->325d518f-bf0d-428a-814f-266b27e759e4@group-9696F0872FC0, cid=2854, SUCCESS, logIndex=4724, commits[325d518f-bf0d-428a-814f-266b27e759e4:c4724]
2019-06-15 10:53:13,890 INFO  client.GrpcClientProtocolClient (GrpcClientProtocolClient.java:onNext(254)) - client-09EBABE1B9AF->325d518f-bf0d-428a-814f-266b27e759e4: receive RaftClientReply:client-09EBABE1B9AF->325d518f-bf0d-428a-814f-266b27e759e4@group-9696F0872FC0, cid=2855, SUCCESS, logIndex=4725, commits[325d518f-bf0d-428a-814f-266b27e759e4:c4727]
2019-06-15 10:53:13,890 INFO  client.GrpcClientProtocolClient (GrpcClientProtocolClient.java:onNext(254)) - client-09EBABE1B9AF->325d518f-bf0d-428a-814f-266b27e759e4: receive RaftClientReply:client-09EBABE1B9AF->325d518f-bf0d-428a-814f-266b27e759e4@group-9696F0872FC0, cid=2856, SUCCESS, logIndex=4726, commits[325d518f-bf0d-428a-814f-266b27e759e4:c4727]
2019-06-15 10:53:13,899 INFO  client.GrpcClientProtocolClient (GrpcClientProtocolClient.java:onNext(254)) - client-09EBABE1B9AF->325d518f-bf0d-428a-814f-266b27e759e4: receive RaftClientReply:client-09EBABE1B9AF->325d518f-bf0d-428a-814f-266b27e759e4@group-9696F0872FC0, cid=2857, SUCCESS, logIndex=4728, commits[325d518f-bf0d-428a-814f-266b27e759e4:c4728]
2019-06-15 10:53:13,900 INFO  client.GrpcClientProtocolClient (GrpcClientProtocolClient.java:onNext(254)) - client-09EBABE1B9AF->325d518f-bf0d-428a-814f-266b27e759e4: receive RaftClientReply:client-09EBABE1B9AF->325d518f-bf0d-428a-814f-266b27e759e4@group-9696F0872FC0, cid=2858, SUCCESS, logIndex=4730, commits[325d518f-bf0d-428a-814f-266b27e759e4:c4730]
2019-06-15 10:53:13,901 INFO  client.GrpcClientProtocolClient (GrpcClientProtocolClient.java:onNext(254)) - client-09EBABE1B9AF->325d518f-bf0d-428a-814f-266b27e759e4: receive RaftClientReply:client-09EBABE1B9AF->325d518f-bf0d-428a-814f-266b27e759e4@group-9696F0872FC0, cid=2859, SUCCESS, logIndex=4731, commits[325d518f-bf0d-428a-814f-266b27e759e4:c4733]
2019-06-15 10:53:13,902 INFO  client.GrpcClientProtocolClient (GrpcClientProtocolClient.java:onNext(254)) - client-09EBABE1B9AF->325d518f-bf0d-428a-814f-266b27e759e4: receive RaftClientReply:client-09EBABE1B9AF->325d518f-bf0d-428a-814f-266b27e759e4@group-9696F0872FC0, cid=2860, SUCCESS, logIndex=4732, commits[325d518f-bf0d-428a-814f-266b27e759e4:c4733]
2019-06-15 10:53:13,906 INFO  client.GrpcClientProtocolClient (GrpcClientProtocolClient.java:onNext(254)) - client-09EBABE1B9AF->325d518f-bf0d-428a-814f-266b27e759e4: receive RaftClientReply:client-09EBABE1B9AF->325d518f-bf0d-428a-814f-266b27e759e4@group-9696F0872FC0, cid=2861, SUCCESS, logIndex=4734, commits[325d518f-bf0d-428a-814f-266b27e759e4:c4734]
2019-06-15 10:53:13,908 INFO  client.GrpcClientProtocolClient (GrpcClientProtocolClient.java:onNext(254)) - client-09EBABE1B9AF->325d518f-bf0d-428a-814f-266b27e759e4: receive RaftClientReply:client-09EBABE1B9AF->325d518f-bf0d-428a-814f-266b27e759e4@group-9696F0872FC0, cid=2862, SUCCESS, logIndex=4736, commits[325d518f-bf0d-428a-814f-266b27e759e4:c4736]
2019-06-15 10:53:13,908 INFO  client.GrpcClientProtocolClient (GrpcClientProtocolClient.java:onNext(254)) - client-09EBABE1B9AF->325d518f-bf0d-428a-814f-266b27e759e4: receive RaftClientReply:client-09EBABE1B9AF->325d518f-bf0d-428a-814f-266b27e759e4@group-9696F0872FC0, cid=2863, SUCCESS, logIndex=4737, commits[325d518f-bf0d-428a-814f-266b27e759e4:c4739]
2019-06-15 10:53:13,909 INFO  client.GrpcClientProtocolClient (GrpcClientProtocolClient.java:onNext(254)) - client-09EBABE1B9AF->325d518f-bf0d-428a-814f-266b27e759e4: receive RaftClientReply:client-09EBABE1B9AF->325d518f-bf0d-428a-814f-266b27e759e4@group-9696F0872FC0, cid=2864, SUCCESS, logIndex=4738, commits[325d518f-bf0d-428a-814f-266b27e759e4:c4739]
2019-06-15 10:53:13,918 INFO  client.GrpcClientProtocolClient (GrpcClientProtocolClient.java:onNext(254)) - client-09EBABE1B9AF->325d518f-bf0d-428a-814f-266b27e759e4: receive RaftClientReply:client-09EBABE1B9AF->325d518f-bf0d-428a-814f-266b27e759e4@group-9696F0872FC0, cid=2865, SUCCESS, logIndex=4740, commits[325d518f-bf0d-428a-814f-266b27e759e4:c4740]
2019-06-15 10:53:13,919 INFO  client.GrpcClientProtocolClient (GrpcClientProtocolClient.java:onNext(254)) - client-09EBABE1B9AF->325d518f-bf0d-428a-814f-266b27e759e4: receive RaftClientReply:client-09EBABE1B9AF->325d518f-bf0d-428a-814f-266b27e759e4@group-9696F0872FC0, cid=2866, SUCCESS, logIndex=4742, commits[325d518f-bf0d-428a-814f-266b27e759e4:c4742]
2019-06-15 10:53:13,920 INFO  client.GrpcClientProtocolClient (GrpcClientProtocolClient.java:onNext(254)) - client-09EBABE1B9AF->325d518f-bf0d-428a-814f-266b27e759e4: receive RaftClientReply:client-09EBABE1B9AF->325d518f-bf0d-428a-814f-266b27e759e4@group-9696F0872FC0, cid=2867, SUCCESS, logIndex=4743, commits[325d518f-bf0d-428a-814f-266b27e759e4:c4745]
2019-06-15 10:53:13,920 INFO  client.GrpcClientProtocolClient (GrpcClientProtocolClient.java:onNext(254)) - client-09EBABE1B9AF->325d518f-bf0d-428a-814f-266b27e759e4: receive RaftClientReply:client-09EBABE1B9AF->325d518f-bf0d-428a-814f-266b27e759e4@group-9696F0872FC0, cid=2868, SUCCESS, logIndex=4744, commits[325d518f-bf0d-428a-814f-266b27e759e4:c4745]
2019-06-15 10:53:13,925 INFO  client.GrpcClientProtocolClient (GrpcClientProtocolClient.java:onNext(254)) - client-09EBABE1B9AF->325d518f-bf0d-428a-814f-266b27e759e4: receive RaftClientReply:client-09EBABE1B9AF->325d518f-bf0d-428a-814f-266b27e759e4@group-9696F0872FC0, cid=2869, SUCCESS, logIndex=4746, commits[325d518f-bf0d-428a-814f-266b27e759e4:c4746]
2019-06-15 10:53:13,926 INFO  client.GrpcClientProtocolClient (GrpcClientProtocolClient.java:onNext(254)) - client-09EBABE1B9AF->325d518f-bf0d-428a-814f-266b27e759e4: receive RaftClientReply:client-09EBABE1B9AF->325d518f-bf0d-428a-814f-266b27e759e4@group-9696F0872FC0, cid=2870, SUCCESS, logIndex=4748, commits[325d518f-bf0d-428a-814f-266b27e759e4:c4748]
2019-06-15 10:53:13,928 INFO  client.GrpcClientProtocolClient (GrpcClientProtocolClient.java:onNext(254)) - client-09EBABE1B9AF->325d518f-bf0d-428a-814f-266b27e759e4: receive RaftClientReply:client-09EBABE1B9AF->325d518f-bf0d-428a-814f-266b27e759e4@group-9696F0872FC0, cid=2871, SUCCESS, logIndex=4749, commits[325d518f-bf0d-428a-814f-266b27e759e4:c4751]
2019-06-15 10:53:13,928 INFO  client.GrpcClientProtocolClient (GrpcClientProtocolClient.java:onNext(254)) - client-09EBABE1B9AF->325d518f-bf0d-428a-814f-266b27e759e4: receive RaftClientReply:client-09EBABE1B9AF->325d518f-bf0d-428a-814f-266b27e759e4@group-9696F0872FC0, cid=2872, SUCCESS, logIndex=4750, commits[325d518f-bf0d-428a-814f-266b27e759e4:c4751]
2019-06-15 10:53:13,941 DEBUG block.SCMBlockDeletingService (SCMBlockDeletingService.java:call(138)) - Running DeletedBlockTransactionScanner
2019-06-15 10:53:13,941 DEBUG block.SCMBlockDeletingService (SCMBlockDeletingService.java:call(155)) - Scanned deleted blocks log and got 0 delTX to process.
2019-06-15 10:53:14,003 INFO  client.GrpcClientProtocolClient (GrpcClientProtocolClient.java:onNext(254)) - client-09EBABE1B9AF->325d518f-bf0d-428a-814f-266b27e759e4: receive RaftClientReply:client-09EBABE1B9AF->325d518f-bf0d-428a-814f-266b27e759e4@group-9696F0872FC0, cid=2873, SUCCESS, logIndex=4752, commits[325d518f-bf0d-428a-814f-266b27e759e4:c4752]
2019-06-15 10:53:14,004 INFO  client.GrpcClientProtocolClient (GrpcClientProtocolClient.java:onNext(254)) - client-09EBABE1B9AF->325d518f-bf0d-428a-814f-266b27e759e4: receive RaftClientReply:client-09EBABE1B9AF->325d518f-bf0d-428a-814f-266b27e759e4@group-9696F0872FC0, cid=2874, SUCCESS, logIndex=4754, commits[325d518f-bf0d-428a-814f-266b27e759e4:c4754]
2019-06-15 10:53:14,006 INFO  client.GrpcClientProtocolClient (GrpcClientProtocolClient.java:onNext(254)) - client-09EBABE1B9AF->325d518f-bf0d-428a-814f-266b27e759e4: receive RaftClientReply:client-09EBABE1B9AF->325d518f-bf0d-428a-814f-266b27e759e4@group-9696F0872FC0, cid=2875, SUCCESS, logIndex=4755, commits[325d518f-bf0d-428a-814f-266b27e759e4:c4757]
2019-06-15 10:53:14,006 INFO  client.GrpcClientProtocolClient (GrpcClientProtocolClient.java:onNext(254)) - client-09EBABE1B9AF->325d518f-bf0d-428a-814f-266b27e759e4: receive RaftClientReply:client-09EBABE1B9AF->325d518f-bf0d-428a-814f-266b27e759e4@group-9696F0872FC0, cid=2876, SUCCESS, logIndex=4756, commits[325d518f-bf0d-428a-814f-266b27e759e4:c4757]
2019-06-15 10:53:14,010 INFO  client.GrpcClientProtocolClient (GrpcClientProtocolClient.java:onNext(254)) - client-09EBABE1B9AF->325d518f-bf0d-428a-814f-266b27e759e4: receive RaftClientReply:client-09EBABE1B9AF->325d518f-bf0d-428a-814f-266b27e759e4@group-9696F0872FC0, cid=2877, SUCCESS, logIndex=4758, commits[325d518f-bf0d-428a-814f-266b27e759e4:c4758]
2019-06-15 10:53:14,012 INFO  client.GrpcClientProtocolClient (GrpcClientProtocolClient.java:onNext(254)) - client-09EBABE1B9AF->325d518f-bf0d-428a-814f-266b27e759e4: receive RaftClientReply:client-09EBABE1B9AF->325d518f-bf0d-428a-814f-266b27e759e4@group-9696F0872FC0, cid=2878, SUCCESS, logIndex=4760, commits[325d518f-bf0d-428a-814f-266b27e759e4:c4760]
2019-06-15 10:53:14,013 INFO  client.GrpcClientProtocolClient (GrpcClientProtocolClient.java:onNext(254)) - client-09EBABE1B9AF->325d518f-bf0d-428a-814f-266b27e759e4: receive RaftClientReply:client-09EBABE1B9AF->325d518f-bf0d-428a-814f-266b27e759e4@group-9696F0872FC0, cid=2879, SUCCESS, logIndex=4761, commits[325d518f-bf0d-428a-814f-266b27e759e4:c4763]
2019-06-15 10:53:14,013 INFO  client.GrpcClientProtocolClient (GrpcClientProtocolClient.java:onNext(254)) - client-09EBABE1B9AF->325d518f-bf0d-428a-814f-266b27e759e4: receive RaftClientReply:client-09EBABE1B9AF->325d518f-bf0d-428a-814f-266b27e759e4@group-9696F0872FC0, cid=2880, SUCCESS, logIndex=4762, commits[325d518f-bf0d-428a-814f-266b27e759e4:c4763]
2019-06-15 10:53:14,020 INFO  storage.RaftLogWorker (RaftLogWorker.java:rollLogSegment(303)) - 325d518f-bf0d-428a-814f-266b27e759e4-RaftLogWorker: Rolling segment log-4699_4763 to index:4763
2019-06-15 10:53:14,020 INFO  storage.RaftLogWorker (RaftLogWorker.java:execute(433)) - 325d518f-bf0d-428a-814f-266b27e759e4-RaftLogWorker: Rolled log segment from /opt/src/hadoop-ozone/integration-test/target/test-dir/MiniOzoneClusterImpl-dd99cefe-9779-4043-9d74-181b69d2a827/datanode-0/data/ratis/e0f1d9ef-e225-4b24-a786-9696f0872fc0/current/log_inprogress_4699 to /opt/src/hadoop-ozone/integration-test/target/test-dir/MiniOzoneClusterImpl-dd99cefe-9779-4043-9d74-181b69d2a827/datanode-0/data/ratis/e0f1d9ef-e225-4b24-a786-9696f0872fc0/current/log_4699-4763
2019-06-15 10:53:14,041 DEBUG block.SCMBlockDeletingService (SCMBlockDeletingService.java:call(138)) - Running DeletedBlockTransactionScanner
2019-06-15 10:53:14,041 DEBUG block.SCMBlockDeletingService (SCMBlockDeletingService.java:call(155)) - Scanned deleted blocks log and got 0 delTX to process.
2019-06-15 10:53:14,055 INFO  storage.RaftLogWorker (RaftLogWorker.java:execute(469)) - 325d518f-bf0d-428a-814f-266b27e759e4-RaftLogWorker: created new log segment /opt/src/hadoop-ozone/integration-test/target/test-dir/MiniOzoneClusterImpl-dd99cefe-9779-4043-9d74-181b69d2a827/datanode-0/data/ratis/e0f1d9ef-e225-4b24-a786-9696f0872fc0/current/log_inprogress_4764
2019-06-15 10:53:14,056 INFO  client.GrpcClientProtocolClient (GrpcClientProtocolClient.java:onNext(254)) - client-09EBABE1B9AF->325d518f-bf0d-428a-814f-266b27e759e4: receive RaftClientReply:client-09EBABE1B9AF->325d518f-bf0d-428a-814f-266b27e759e4@group-9696F0872FC0, cid=2881, SUCCESS, logIndex=4764, commits[325d518f-bf0d-428a-814f-266b27e759e4:c4764]
2019-06-15 10:53:14,058 INFO  client.GrpcClientProtocolClient (GrpcClientProtocolClient.java:onNext(254)) - client-09EBABE1B9AF->325d518f-bf0d-428a-814f-266b27e759e4: receive RaftClientReply:client-09EBABE1B9AF->325d518f-bf0d-428a-814f-266b27e759e4@group-9696F0872FC0, cid=2882, SUCCESS, logIndex=4766, commits[325d518f-bf0d-428a-814f-266b27e759e4:c4766]
2019-06-15 10:53:14,059 INFO  client.GrpcClientProtocolClient (GrpcClientProtocolClient.java:onNext(254)) - client-09EBABE1B9AF->325d518f-bf0d-428a-814f-266b27e759e4: receive RaftClientReply:client-09EBABE1B9AF->325d518f-bf0d-428a-814f-266b27e759e4@group-9696F0872FC0, cid=2883, SUCCESS, logIndex=4767, commits[325d518f-bf0d-428a-814f-266b27e759e4:c4769]
2019-06-15 10:53:14,059 INFO  client.GrpcClientProtocolClient (GrpcClientProtocolClient.java:onNext(254)) - client-09EBABE1B9AF->325d518f-bf0d-428a-814f-266b27e759e4: receive RaftClientReply:client-09EBABE1B9AF->325d518f-bf0d-428a-814f-266b27e759e4@group-9696F0872FC0, cid=2884, SUCCESS, logIndex=4768, commits[325d518f-bf0d-428a-814f-266b27e759e4:c4769]
2019-06-15 10:53:14,064 INFO  client.GrpcClientProtocolClient (GrpcClientProtocolClient.java:onNext(254)) - client-09EBABE1B9AF->325d518f-bf0d-428a-814f-266b27e759e4: receive RaftClientReply:client-09EBABE1B9AF->325d518f-bf0d-428a-814f-266b27e759e4@group-9696F0872FC0, cid=2885, SUCCESS, logIndex=4770, commits[325d518f-bf0d-428a-814f-266b27e759e4:c4770]
2019-06-15 10:53:14,065 INFO  client.GrpcClientProtocolClient (GrpcClientProtocolClient.java:onNext(254)) - client-09EBABE1B9AF->325d518f-bf0d-428a-814f-266b27e759e4: receive RaftClientReply:client-09EBABE1B9AF->325d518f-bf0d-428a-814f-266b27e759e4@group-9696F0872FC0, cid=2886, SUCCESS, logIndex=4772, commits[325d518f-bf0d-428a-814f-266b27e759e4:c4772]
2019-06-15 10:53:14,066 INFO  client.GrpcClientProtocolClient (GrpcClientProtocolClient.java:onNext(254)) - client-09EBABE1B9AF->325d518f-bf0d-428a-814f-266b27e759e4: receive RaftClientReply:client-09EBABE1B9AF->325d518f-bf0d-428a-814f-266b27e759e4@group-9696F0872FC0, cid=2887, SUCCESS, logIndex=4773, commits[325d518f-bf0d-428a-814f-266b27e759e4:c4775]
2019-06-15 10:53:14,066 INFO  client.GrpcClientProtocolClient (GrpcClientProtocolClient.java:onNext(254)) - client-09EBABE1B9AF->325d518f-bf0d-428a-814f-266b27e759e4: receive RaftClientReply:client-09EBABE1B9AF->325d518f-bf0d-428a-814f-266b27e759e4@group-9696F0872FC0, cid=2888, SUCCESS, logIndex=4774, commits[325d518f-bf0d-428a-814f-266b27e759e4:c4775]
2019-06-15 10:53:14,076 INFO  client.GrpcClientProtocolClient (GrpcClientProtocolClient.java:onNext(254)) - client-09EBABE1B9AF->325d518f-bf0d-428a-814f-266b27e759e4: receive RaftClientReply:client-09EBABE1B9AF->325d518f-bf0d-428a-814f-266b27e759e4@group-9696F0872FC0, cid=2889, SUCCESS, logIndex=4776, commits[325d518f-bf0d-428a-814f-266b27e759e4:c4776]
2019-06-15 10:53:14,078 INFO  client.GrpcClientProtocolClient (GrpcClientProtocolClient.java:onNext(254)) - client-09EBABE1B9AF->325d518f-bf0d-428a-814f-266b27e759e4: receive RaftClientReply:client-09EBABE1B9AF->325d518f-bf0d-428a-814f-266b27e759e4@group-9696F0872FC0, cid=2890, SUCCESS, logIndex=4778, commits[325d518f-bf0d-428a-814f-266b27e759e4:c4778]
2019-06-15 10:53:14,078 INFO  client.GrpcClientProtocolClient (GrpcClientProtocolClient.java:onNext(254)) - client-09EBABE1B9AF->325d518f-bf0d-428a-814f-266b27e759e4: receive RaftClientReply:client-09EBABE1B9AF->325d518f-bf0d-428a-814f-266b27e759e4@group-9696F0872FC0, cid=2891, SUCCESS, logIndex=4779, commits[325d518f-bf0d-428a-814f-266b27e759e4:c4781]
2019-06-15 10:53:14,078 INFO  client.GrpcClientProtocolClient (GrpcClientProtocolClient.java:onNext(254)) - client-09EBABE1B9AF->325d518f-bf0d-428a-814f-266b27e759e4: receive RaftClientReply:client-09EBABE1B9AF->325d518f-bf0d-428a-814f-266b27e759e4@group-9696F0872FC0, cid=2892, SUCCESS, logIndex=4780, commits[325d518f-bf0d-428a-814f-266b27e759e4:c4781]
2019-06-15 10:53:14,083 INFO  client.GrpcClientProtocolClient (GrpcClientProtocolClient.java:onNext(254)) - client-09EBABE1B9AF->325d518f-bf0d-428a-814f-266b27e759e4: receive RaftClientReply:client-09EBABE1B9AF->325d518f-bf0d-428a-814f-266b27e759e4@group-9696F0872FC0, cid=2893, SUCCESS, logIndex=4782, commits[325d518f-bf0d-428a-814f-266b27e759e4:c4782]
2019-06-15 10:53:14,084 INFO  client.GrpcClientProtocolClient (GrpcClientProtocolClient.java:onNext(254)) - client-09EBABE1B9AF->325d518f-bf0d-428a-814f-266b27e759e4: receive RaftClientReply:client-09EBABE1B9AF->325d518f-bf0d-428a-814f-266b27e759e4@group-9696F0872FC0, cid=2894, SUCCESS, logIndex=4784, commits[325d518f-bf0d-428a-814f-266b27e759e4:c4784]
2019-06-15 10:53:14,085 INFO  client.GrpcClientProtocolClient (GrpcClientProtocolClient.java:onNext(254)) - client-09EBABE1B9AF->325d518f-bf0d-428a-814f-266b27e759e4: receive RaftClientReply:client-09EBABE1B9AF->325d518f-bf0d-428a-814f-266b27e759e4@group-9696F0872FC0, cid=2895, SUCCESS, logIndex=4785, commits[325d518f-bf0d-428a-814f-266b27e759e4:c4787]
2019-06-15 10:53:14,085 INFO  client.GrpcClientProtocolClient (GrpcClientProtocolClient.java:onNext(254)) - client-09EBABE1B9AF->325d518f-bf0d-428a-814f-266b27e759e4: receive RaftClientReply:client-09EBABE1B9AF->325d518f-bf0d-428a-814f-266b27e759e4@group-9696F0872FC0, cid=2896, SUCCESS, logIndex=4786, commits[325d518f-bf0d-428a-814f-266b27e759e4:c4787]
2019-06-15 10:53:14,094 INFO  client.GrpcClientProtocolClient (GrpcClientProtocolClient.java:onNext(254)) - client-09EBABE1B9AF->325d518f-bf0d-428a-814f-266b27e759e4: receive RaftClientReply:client-09EBABE1B9AF->325d518f-bf0d-428a-814f-266b27e759e4@group-9696F0872FC0, cid=2897, SUCCESS, logIndex=4788, commits[325d518f-bf0d-428a-814f-266b27e759e4:c4788]
2019-06-15 10:53:14,095 INFO  client.GrpcClientProtocolClient (GrpcClientProtocolClient.java:onNext(254)) - client-09EBABE1B9AF->325d518f-bf0d-428a-814f-266b27e759e4: receive RaftClientReply:client-09EBABE1B9AF->325d518f-bf0d-428a-814f-266b27e759e4@group-9696F0872FC0, cid=2898, SUCCESS, logIndex=4790, commits[325d518f-bf0d-428a-814f-266b27e759e4:c4790]
2019-06-15 10:53:14,096 INFO  client.GrpcClientProtocolClient (GrpcClientProtocolClient.java:onNext(254)) - client-09EBABE1B9AF->325d518f-bf0d-428a-814f-266b27e759e4: receive RaftClientReply:client-09EBABE1B9AF->325d518f-bf0d-428a-814f-266b27e759e4@group-9696F0872FC0, cid=2899, SUCCESS, logIndex=4791, commits[325d518f-bf0d-428a-814f-266b27e759e4:c4793]
2019-06-15 10:53:14,096 INFO  client.GrpcClientProtocolClient (GrpcClientProtocolClient.java:onNext(254)) - client-09EBABE1B9AF->325d518f-bf0d-428a-814f-266b27e759e4: receive RaftClientReply:client-09EBABE1B9AF->325d518f-bf0d-428a-814f-266b27e759e4@group-9696F0872FC0, cid=2900, SUCCESS, logIndex=4792, commits[325d518f-bf0d-428a-814f-266b27e759e4:c4793]
2019-06-15 10:53:14,101 INFO  client.GrpcClientProtocolClient (GrpcClientProtocolClient.java:onNext(254)) - client-09EBABE1B9AF->325d518f-bf0d-428a-814f-266b27e759e4: receive RaftClientReply:client-09EBABE1B9AF->325d518f-bf0d-428a-814f-266b27e759e4@group-9696F0872FC0, cid=2901, SUCCESS, logIndex=4794, commits[325d518f-bf0d-428a-814f-266b27e759e4:c4794]
2019-06-15 10:53:14,102 INFO  client.GrpcClientProtocolClient (GrpcClientProtocolClient.java:onNext(254)) - client-09EBABE1B9AF->325d518f-bf0d-428a-814f-266b27e759e4: receive RaftClientReply:client-09EBABE1B9AF->325d518f-bf0d-428a-814f-266b27e759e4@group-9696F0872FC0, cid=2902, SUCCESS, logIndex=4796, commits[325d518f-bf0d-428a-814f-266b27e759e4:c4796]
2019-06-15 10:53:14,103 INFO  client.GrpcClientProtocolClient (GrpcClientProtocolClient.java:onNext(254)) - client-09EBABE1B9AF->325d518f-bf0d-428a-814f-266b27e759e4: receive RaftClientReply:client-09EBABE1B9AF->325d518f-bf0d-428a-814f-266b27e759e4@group-9696F0872FC0, cid=2903, SUCCESS, logIndex=4797, commits[325d518f-bf0d-428a-814f-266b27e759e4:c4799]
2019-06-15 10:53:14,104 INFO  client.GrpcClientProtocolClient (GrpcClientProtocolClient.java:onNext(254)) - client-09EBABE1B9AF->325d518f-bf0d-428a-814f-266b27e759e4: receive RaftClientReply:client-09EBABE1B9AF->325d518f-bf0d-428a-814f-266b27e759e4@group-9696F0872FC0, cid=2904, SUCCESS, logIndex=4798, commits[325d518f-bf0d-428a-814f-266b27e759e4:c4799]
2019-06-15 10:53:14,114 INFO  client.GrpcClientProtocolClient (GrpcClientProtocolClient.java:onNext(254)) - client-09EBABE1B9AF->325d518f-bf0d-428a-814f-266b27e759e4: receive RaftClientReply:client-09EBABE1B9AF->325d518f-bf0d-428a-814f-266b27e759e4@group-9696F0872FC0, cid=2905, SUCCESS, logIndex=4800, commits[325d518f-bf0d-428a-814f-266b27e759e4:c4800]
2019-06-15 10:53:14,116 INFO  client.GrpcClientProtocolClient (GrpcClientProtocolClient.java:onNext(254)) - client-09EBABE1B9AF->325d518f-bf0d-428a-814f-266b27e759e4: receive RaftClientReply:client-09EBABE1B9AF->325d518f-bf0d-428a-814f-266b27e759e4@group-9696F0872FC0, cid=2906, SUCCESS, logIndex=4802, commits[325d518f-bf0d-428a-814f-266b27e759e4:c4802]
2019-06-15 10:53:14,116 INFO  client.GrpcClientProtocolClient (GrpcClientProtocolClient.java:onNext(254)) - client-09EBABE1B9AF->325d518f-bf0d-428a-814f-266b27e759e4: receive RaftClientReply:client-09EBABE1B9AF->325d518f-bf0d-428a-814f-266b27e759e4@group-9696F0872FC0, cid=2907, SUCCESS, logIndex=4803, commits[325d518f-bf0d-428a-814f-266b27e759e4:c4803]
2019-06-15 10:53:14,117 INFO  client.GrpcClientProtocolClient (GrpcClientProtocolClient.java:onNext(254)) - client-09EBABE1B9AF->325d518f-bf0d-428a-814f-266b27e759e4: receive RaftClientReply:client-09EBABE1B9AF->325d518f-bf0d-428a-814f-266b27e759e4@group-9696F0872FC0, cid=2908, SUCCESS, logIndex=4806, commits[325d518f-bf0d-428a-814f-266b27e759e4:c4806]
2019-06-15 10:53:14,126 INFO  client.GrpcClientProtocolClient (GrpcClientProtocolClient.java:onNext(254)) - client-09EBABE1B9AF->325d518f-bf0d-428a-814f-266b27e759e4: receive RaftClientReply:client-09EBABE1B9AF->325d518f-bf0d-428a-814f-266b27e759e4@group-9696F0872FC0, cid=2909, SUCCESS, logIndex=4808, commits[325d518f-bf0d-428a-814f-266b27e759e4:c4808]
2019-06-15 10:53:14,129 INFO  client.GrpcClientProtocolClient (GrpcClientProtocolClient.java:onNext(254)) - client-09EBABE1B9AF->325d518f-bf0d-428a-814f-266b27e759e4: receive RaftClientReply:client-09EBABE1B9AF->325d518f-bf0d-428a-814f-266b27e759e4@group-9696F0872FC0, cid=2910, SUCCESS, logIndex=4810, commits[325d518f-bf0d-428a-814f-266b27e759e4:c4810]
2019-06-15 10:53:14,129 INFO  client.GrpcClientProtocolClient (GrpcClientProtocolClient.java:onNext(254)) - client-09EBABE1B9AF->325d518f-bf0d-428a-814f-266b27e759e4: receive RaftClientReply:client-09EBABE1B9AF->325d518f-bf0d-428a-814f-266b27e759e4@group-9696F0872FC0, cid=2911, SUCCESS, logIndex=4811, commits[325d518f-bf0d-428a-814f-266b27e759e4:c4812]
2019-06-15 10:53:14,129 INFO  client.GrpcClientProtocolClient (GrpcClientProtocolClient.java:onNext(254)) - client-09EBABE1B9AF->325d518f-bf0d-428a-814f-266b27e759e4: receive RaftClientReply:client-09EBABE1B9AF->325d518f-bf0d-428a-814f-266b27e759e4@group-9696F0872FC0, cid=2912, SUCCESS, logIndex=4812, commits[325d518f-bf0d-428a-814f-266b27e759e4:c4812]
2019-06-15 10:53:14,142 DEBUG block.SCMBlockDeletingService (SCMBlockDeletingService.java:call(138)) - Running DeletedBlockTransactionScanner
2019-06-15 10:53:14,142 DEBUG block.SCMBlockDeletingService (SCMBlockDeletingService.java:call(155)) - Scanned deleted blocks log and got 0 delTX to process.
2019-06-15 10:53:14,144 INFO  client.GrpcClientProtocolClient (GrpcClientProtocolClient.java:onNext(254)) - client-09EBABE1B9AF->325d518f-bf0d-428a-814f-266b27e759e4: receive RaftClientReply:client-09EBABE1B9AF->325d518f-bf0d-428a-814f-266b27e759e4@group-9696F0872FC0, cid=2913, SUCCESS, logIndex=4815, commits[325d518f-bf0d-428a-814f-266b27e759e4:c4815]
2019-06-15 10:53:14,144 INFO  client.GrpcClientProtocolClient (GrpcClientProtocolClient.java:onNext(254)) - client-09EBABE1B9AF->325d518f-bf0d-428a-814f-266b27e759e4: receive RaftClientReply:client-09EBABE1B9AF->325d518f-bf0d-428a-814f-266b27e759e4@group-9696F0872FC0, cid=2914, SUCCESS, logIndex=4817, commits[325d518f-bf0d-428a-814f-266b27e759e4:c4817]
2019-06-15 10:53:14,147 INFO  client.GrpcClientProtocolClient (GrpcClientProtocolClient.java:onNext(254)) - client-09EBABE1B9AF->325d518f-bf0d-428a-814f-266b27e759e4: receive RaftClientReply:client-09EBABE1B9AF->325d518f-bf0d-428a-814f-266b27e759e4@group-9696F0872FC0, cid=2915, SUCCESS, logIndex=4819, commits[325d518f-bf0d-428a-814f-266b27e759e4:c4820]
2019-06-15 10:53:14,147 INFO  client.GrpcClientProtocolClient (GrpcClientProtocolClient.java:onNext(254)) - client-09EBABE1B9AF->325d518f-bf0d-428a-814f-266b27e759e4: receive RaftClientReply:client-09EBABE1B9AF->325d518f-bf0d-428a-814f-266b27e759e4@group-9696F0872FC0, cid=2916, SUCCESS, logIndex=4820, commits[325d518f-bf0d-428a-814f-266b27e759e4:c4820]
2019-06-15 10:53:14,242 DEBUG block.SCMBlockDeletingService (SCMBlockDeletingService.java:call(138)) - Running DeletedBlockTransactionScanner
2019-06-15 10:53:14,242 DEBUG block.SCMBlockDeletingService (SCMBlockDeletingService.java:call(155)) - Scanned deleted blocks log and got 0 delTX to process.
2019-06-15 10:53:14,262 INFO  client.GrpcClientProtocolClient (GrpcClientProtocolClient.java:onNext(254)) - client-09EBABE1B9AF->325d518f-bf0d-428a-814f-266b27e759e4: receive RaftClientReply:client-09EBABE1B9AF->325d518f-bf0d-428a-814f-266b27e759e4@group-9696F0872FC0, cid=2917, SUCCESS, logIndex=4822, commits[325d518f-bf0d-428a-814f-266b27e759e4:c4822]
2019-06-15 10:53:14,263 INFO  client.GrpcClientProtocolClient (GrpcClientProtocolClient.java:onNext(254)) - client-09EBABE1B9AF->325d518f-bf0d-428a-814f-266b27e759e4: receive RaftClientReply:client-09EBABE1B9AF->325d518f-bf0d-428a-814f-266b27e759e4@group-9696F0872FC0, cid=2918, SUCCESS, logIndex=4824, commits[325d518f-bf0d-428a-814f-266b27e759e4:c4824]
2019-06-15 10:53:14,265 INFO  client.GrpcClientProtocolClient (GrpcClientProtocolClient.java:onNext(254)) - client-09EBABE1B9AF->325d518f-bf0d-428a-814f-266b27e759e4: receive RaftClientReply:client-09EBABE1B9AF->325d518f-bf0d-428a-814f-266b27e759e4@group-9696F0872FC0, cid=2919, SUCCESS, logIndex=4825, commits[325d518f-bf0d-428a-814f-266b27e759e4:c4826]
2019-06-15 10:53:14,266 INFO  client.GrpcClientProtocolClient (GrpcClientProtocolClient.java:onNext(254)) - client-09EBABE1B9AF->325d518f-bf0d-428a-814f-266b27e759e4: receive RaftClientReply:client-09EBABE1B9AF->325d518f-bf0d-428a-814f-266b27e759e4@group-9696F0872FC0, cid=2920, SUCCESS, logIndex=4827, commits[325d518f-bf0d-428a-814f-266b27e759e4:c4827]
2019-06-15 10:53:14,276 INFO  client.GrpcClientProtocolClient (GrpcClientProtocolClient.java:onNext(254)) - client-09EBABE1B9AF->325d518f-bf0d-428a-814f-266b27e759e4: receive RaftClientReply:client-09EBABE1B9AF->325d518f-bf0d-428a-814f-266b27e759e4@group-9696F0872FC0, cid=2921, SUCCESS, logIndex=4829, commits[325d518f-bf0d-428a-814f-266b27e759e4:c4829]
2019-06-15 10:53:14,277 INFO  client.GrpcClientProtocolClient (GrpcClientProtocolClient.java:onNext(254)) - client-09EBABE1B9AF->325d518f-bf0d-428a-814f-266b27e759e4: receive RaftClientReply:client-09EBABE1B9AF->325d518f-bf0d-428a-814f-266b27e759e4@group-9696F0872FC0, cid=2922, SUCCESS, logIndex=4831, commits[325d518f-bf0d-428a-814f-266b27e759e4:c4831]
2019-06-15 10:53:14,278 INFO  client.GrpcClientProtocolClient (GrpcClientProtocolClient.java:onNext(254)) - client-09EBABE1B9AF->325d518f-bf0d-428a-814f-266b27e759e4: receive RaftClientReply:client-09EBABE1B9AF->325d518f-bf0d-428a-814f-266b27e759e4@group-9696F0872FC0, cid=2923, SUCCESS, logIndex=4832, commits[325d518f-bf0d-428a-814f-266b27e759e4:c4834]
2019-06-15 10:53:14,278 INFO  client.GrpcClientProtocolClient (GrpcClientProtocolClient.java:onNext(254)) - client-09EBABE1B9AF->325d518f-bf0d-428a-814f-266b27e759e4: receive RaftClientReply:client-09EBABE1B9AF->325d518f-bf0d-428a-814f-266b27e759e4@group-9696F0872FC0, cid=2924, SUCCESS, logIndex=4833, commits[325d518f-bf0d-428a-814f-266b27e759e4:c4834]
2019-06-15 10:53:14,280 INFO  storage.RaftLogWorker (RaftLogWorker.java:rollLogSegment(303)) - 325d518f-bf0d-428a-814f-266b27e759e4-RaftLogWorker: Rolling segment log-4764_4834 to index:4834
2019-06-15 10:53:14,281 INFO  storage.RaftLogWorker (RaftLogWorker.java:execute(433)) - 325d518f-bf0d-428a-814f-266b27e759e4-RaftLogWorker: Rolled log segment from /opt/src/hadoop-ozone/integration-test/target/test-dir/MiniOzoneClusterImpl-dd99cefe-9779-4043-9d74-181b69d2a827/datanode-0/data/ratis/e0f1d9ef-e225-4b24-a786-9696f0872fc0/current/log_inprogress_4764 to /opt/src/hadoop-ozone/integration-test/target/test-dir/MiniOzoneClusterImpl-dd99cefe-9779-4043-9d74-181b69d2a827/datanode-0/data/ratis/e0f1d9ef-e225-4b24-a786-9696f0872fc0/current/log_4764-4834
2019-06-15 10:53:14,317 INFO  storage.RaftLogWorker (RaftLogWorker.java:execute(469)) - 325d518f-bf0d-428a-814f-266b27e759e4-RaftLogWorker: created new log segment /opt/src/hadoop-ozone/integration-test/target/test-dir/MiniOzoneClusterImpl-dd99cefe-9779-4043-9d74-181b69d2a827/datanode-0/data/ratis/e0f1d9ef-e225-4b24-a786-9696f0872fc0/current/log_inprogress_4835
2019-06-15 10:53:14,319 INFO  client.GrpcClientProtocolClient (GrpcClientProtocolClient.java:onNext(254)) - client-09EBABE1B9AF->325d518f-bf0d-428a-814f-266b27e759e4: receive RaftClientReply:client-09EBABE1B9AF->325d518f-bf0d-428a-814f-266b27e759e4@group-9696F0872FC0, cid=2925, SUCCESS, logIndex=4835, commits[325d518f-bf0d-428a-814f-266b27e759e4:c4835]
2019-06-15 10:53:14,320 INFO  client.GrpcClientProtocolClient (GrpcClientProtocolClient.java:onNext(254)) - client-09EBABE1B9AF->325d518f-bf0d-428a-814f-266b27e759e4: receive RaftClientReply:client-09EBABE1B9AF->325d518f-bf0d-428a-814f-266b27e759e4@group-9696F0872FC0, cid=2926, SUCCESS, logIndex=4837, commits[325d518f-bf0d-428a-814f-266b27e759e4:c4837]
2019-06-15 10:53:14,321 INFO  client.GrpcClientProtocolClient (GrpcClientProtocolClient.java:onNext(254)) - client-09EBABE1B9AF->325d518f-bf0d-428a-814f-266b27e759e4: receive RaftClientReply:client-09EBABE1B9AF->325d518f-bf0d-428a-814f-266b27e759e4@group-9696F0872FC0, cid=2927, SUCCESS, logIndex=4838, commits[325d518f-bf0d-428a-814f-266b27e759e4:c4840]
2019-06-15 10:53:14,321 INFO  client.GrpcClientProtocolClient (GrpcClientProtocolClient.java:onNext(254)) - client-09EBABE1B9AF->325d518f-bf0d-428a-814f-266b27e759e4: receive RaftClientReply:client-09EBABE1B9AF->325d518f-bf0d-428a-814f-266b27e759e4@group-9696F0872FC0, cid=2928, SUCCESS, logIndex=4839, commits[325d518f-bf0d-428a-814f-266b27e759e4:c4840]
2019-06-15 10:53:14,330 INFO  client.GrpcClientProtocolClient (GrpcClientProtocolClient.java:onNext(254)) - client-09EBABE1B9AF->325d518f-bf0d-428a-814f-266b27e759e4: receive RaftClientReply:client-09EBABE1B9AF->325d518f-bf0d-428a-814f-266b27e759e4@group-9696F0872FC0, cid=2929, SUCCESS, logIndex=4841, commits[325d518f-bf0d-428a-814f-266b27e759e4:c4841]
2019-06-15 10:53:14,332 INFO  client.GrpcClientProtocolClient (GrpcClientProtocolClient.java:onNext(254)) - client-09EBABE1B9AF->325d518f-bf0d-428a-814f-266b27e759e4: receive RaftClientReply:client-09EBABE1B9AF->325d518f-bf0d-428a-814f-266b27e759e4@group-9696F0872FC0, cid=2930, SUCCESS, logIndex=4843, commits[325d518f-bf0d-428a-814f-266b27e759e4:c4843]
2019-06-15 10:53:14,333 INFO  client.GrpcClientProtocolClient (GrpcClientProtocolClient.java:onNext(254)) - client-09EBABE1B9AF->325d518f-bf0d-428a-814f-266b27e759e4: receive RaftClientReply:client-09EBABE1B9AF->325d518f-bf0d-428a-814f-266b27e759e4@group-9696F0872FC0, cid=2931, SUCCESS, logIndex=4844, commits[325d518f-bf0d-428a-814f-266b27e759e4:c4846]
2019-06-15 10:53:14,333 INFO  client.GrpcClientProtocolClient (GrpcClientProtocolClient.java:onNext(254)) - client-09EBABE1B9AF->325d518f-bf0d-428a-814f-266b27e759e4: receive RaftClientReply:client-09EBABE1B9AF->325d518f-bf0d-428a-814f-266b27e759e4@group-9696F0872FC0, cid=2932, SUCCESS, logIndex=4845, commits[325d518f-bf0d-428a-814f-266b27e759e4:c4846]
2019-06-15 10:53:14,337 INFO  client.GrpcClientProtocolClient (GrpcClientProtocolClient.java:onNext(254)) - client-09EBABE1B9AF->325d518f-bf0d-428a-814f-266b27e759e4: receive RaftClientReply:client-09EBABE1B9AF->325d518f-bf0d-428a-814f-266b27e759e4@group-9696F0872FC0, cid=2933, SUCCESS, logIndex=4847, commits[325d518f-bf0d-428a-814f-266b27e759e4:c4847]
2019-06-15 10:53:14,338 INFO  client.GrpcClientProtocolClient (GrpcClientProtocolClient.java:onNext(254)) - client-09EBABE1B9AF->325d518f-bf0d-428a-814f-266b27e759e4: receive RaftClientReply:client-09EBABE1B9AF->325d518f-bf0d-428a-814f-266b27e759e4@group-9696F0872FC0, cid=2934, SUCCESS, logIndex=4849, commits[325d518f-bf0d-428a-814f-266b27e759e4:c4849]
2019-06-15 10:53:14,340 INFO  client.GrpcClientProtocolClient (GrpcClientProtocolClient.java:onNext(254)) - client-09EBABE1B9AF->325d518f-bf0d-428a-814f-266b27e759e4: receive RaftClientReply:client-09EBABE1B9AF->325d518f-bf0d-428a-814f-266b27e759e4@group-9696F0872FC0, cid=2935, SUCCESS, logIndex=4850, commits[325d518f-bf0d-428a-814f-266b27e759e4:c4852]
2019-06-15 10:53:14,340 INFO  client.GrpcClientProtocolClient (GrpcClientProtocolClient.java:onNext(254)) - client-09EBABE1B9AF->325d518f-bf0d-428a-814f-266b27e759e4: receive RaftClientReply:client-09EBABE1B9AF->325d518f-bf0d-428a-814f-266b27e759e4@group-9696F0872FC0, cid=2936, SUCCESS, logIndex=4851, commits[325d518f-bf0d-428a-814f-266b27e759e4:c4852]
2019-06-15 10:53:14,343 DEBUG block.SCMBlockDeletingService (SCMBlockDeletingService.java:call(138)) - Running DeletedBlockTransactionScanner
2019-06-15 10:53:14,343 DEBUG block.SCMBlockDeletingService (SCMBlockDeletingService.java:call(155)) - Scanned deleted blocks log and got 0 delTX to process.
2019-06-15 10:53:14,354 INFO  client.GrpcClientProtocolClient (GrpcClientProtocolClient.java:onNext(254)) - client-09EBABE1B9AF->325d518f-bf0d-428a-814f-266b27e759e4: receive RaftClientReply:client-09EBABE1B9AF->325d518f-bf0d-428a-814f-266b27e759e4@group-9696F0872FC0, cid=2937, SUCCESS, logIndex=4853, commits[325d518f-bf0d-428a-814f-266b27e759e4:c4853]
2019-06-15 10:53:14,356 INFO  client.GrpcClientProtocolClient (GrpcClientProtocolClient.java:onNext(254)) - client-09EBABE1B9AF->325d518f-bf0d-428a-814f-266b27e759e4: receive RaftClientReply:client-09EBABE1B9AF->325d518f-bf0d-428a-814f-266b27e759e4@group-9696F0872FC0, cid=2938, SUCCESS, logIndex=4855, commits[325d518f-bf0d-428a-814f-266b27e759e4:c4855]
2019-06-15 10:53:14,357 INFO  client.GrpcClientProtocolClient (GrpcClientProtocolClient.java:onNext(254)) - client-09EBABE1B9AF->325d518f-bf0d-428a-814f-266b27e759e4: receive RaftClientReply:client-09EBABE1B9AF->325d518f-bf0d-428a-814f-266b27e759e4@group-9696F0872FC0, cid=2939, SUCCESS, logIndex=4856, commits[325d518f-bf0d-428a-814f-266b27e759e4:c4858]
2019-06-15 10:53:14,357 INFO  client.GrpcClientProtocolClient (GrpcClientProtocolClient.java:onNext(254)) - client-09EBABE1B9AF->325d518f-bf0d-428a-814f-266b27e759e4: receive RaftClientReply:client-09EBABE1B9AF->325d518f-bf0d-428a-814f-266b27e759e4@group-9696F0872FC0, cid=2940, SUCCESS, logIndex=4857, commits[325d518f-bf0d-428a-814f-266b27e759e4:c4858]
2019-06-15 10:53:14,362 INFO  client.GrpcClientProtocolClient (GrpcClientProtocolClient.java:onNext(254)) - client-09EBABE1B9AF->325d518f-bf0d-428a-814f-266b27e759e4: receive RaftClientReply:client-09EBABE1B9AF->325d518f-bf0d-428a-814f-266b27e759e4@group-9696F0872FC0, cid=2941, SUCCESS, logIndex=4859, commits[325d518f-bf0d-428a-814f-266b27e759e4:c4859]
2019-06-15 10:53:14,364 INFO  client.GrpcClientProtocolClient (GrpcClientProtocolClient.java:onNext(254)) - client-09EBABE1B9AF->325d518f-bf0d-428a-814f-266b27e759e4: receive RaftClientReply:client-09EBABE1B9AF->325d518f-bf0d-428a-814f-266b27e759e4@group-9696F0872FC0, cid=2942, SUCCESS, logIndex=4861, commits[325d518f-bf0d-428a-814f-266b27e759e4:c4861]
2019-06-15 10:53:14,364 INFO  client.GrpcClientProtocolClient (GrpcClientProtocolClient.java:onNext(254)) - client-09EBABE1B9AF->325d518f-bf0d-428a-814f-266b27e759e4: receive RaftClientReply:client-09EBABE1B9AF->325d518f-bf0d-428a-814f-266b27e759e4@group-9696F0872FC0, cid=2943, SUCCESS, logIndex=4862, commits[325d518f-bf0d-428a-814f-266b27e759e4:c4863]
2019-06-15 10:53:14,365 INFO  client.GrpcClientProtocolClient (GrpcClientProtocolClient.java:onNext(254)) - client-09EBABE1B9AF->325d518f-bf0d-428a-814f-266b27e759e4: receive RaftClientReply:client-09EBABE1B9AF->325d518f-bf0d-428a-814f-266b27e759e4@group-9696F0872FC0, cid=2944, SUCCESS, logIndex=4864, commits[325d518f-bf0d-428a-814f-266b27e759e4:c4864]
2019-06-15 10:53:14,376 INFO  client.GrpcClientProtocolClient (GrpcClientProtocolClient.java:onNext(254)) - client-09EBABE1B9AF->325d518f-bf0d-428a-814f-266b27e759e4: receive RaftClientReply:client-09EBABE1B9AF->325d518f-bf0d-428a-814f-266b27e759e4@group-9696F0872FC0, cid=2945, SUCCESS, logIndex=4866, commits[325d518f-bf0d-428a-814f-266b27e759e4:c4866]
2019-06-15 10:53:14,379 INFO  client.GrpcClientProtocolClient (GrpcClientProtocolClient.java:onNext(254)) - client-09EBABE1B9AF->325d518f-bf0d-428a-814f-266b27e759e4: receive RaftClientReply:client-09EBABE1B9AF->325d518f-bf0d-428a-814f-266b27e759e4@group-9696F0872FC0, cid=2946, SUCCESS, logIndex=4868, commits[325d518f-bf0d-428a-814f-266b27e759e4:c4868]
2019-06-15 10:53:14,381 INFO  client.GrpcClientProtocolClient (GrpcClientProtocolClient.java:onNext(254)) - client-09EBABE1B9AF->325d518f-bf0d-428a-814f-266b27e759e4: receive RaftClientReply:client-09EBABE1B9AF->325d518f-bf0d-428a-814f-266b27e759e4@group-9696F0872FC0, cid=2947, SUCCESS, logIndex=4869, commits[325d518f-bf0d-428a-814f-266b27e759e4:c4871]
2019-06-15 10:53:14,381 INFO  client.GrpcClientProtocolClient (GrpcClientProtocolClient.java:onNext(254)) - client-09EBABE1B9AF->325d518f-bf0d-428a-814f-266b27e759e4: receive RaftClientReply:client-09EBABE1B9AF->325d518f-bf0d-428a-814f-266b27e759e4@group-9696F0872FC0, cid=2948, SUCCESS, logIndex=4870, commits[325d518f-bf0d-428a-814f-266b27e759e4:c4871]
2019-06-15 10:53:14,386 INFO  client.GrpcClientProtocolClient (GrpcClientProtocolClient.java:onNext(254)) - client-09EBABE1B9AF->325d518f-bf0d-428a-814f-266b27e759e4: receive RaftClientReply:client-09EBABE1B9AF->325d518f-bf0d-428a-814f-266b27e759e4@group-9696F0872FC0, cid=2949, SUCCESS, logIndex=4872, commits[325d518f-bf0d-428a-814f-266b27e759e4:c4872]
2019-06-15 10:53:14,388 INFO  client.GrpcClientProtocolClient (GrpcClientProtocolClient.java:onNext(254)) - client-09EBABE1B9AF->325d518f-bf0d-428a-814f-266b27e759e4: receive RaftClientReply:client-09EBABE1B9AF->325d518f-bf0d-428a-814f-266b27e759e4@group-9696F0872FC0, cid=2950, SUCCESS, logIndex=4874, commits[325d518f-bf0d-428a-814f-266b27e759e4:c4874]
2019-06-15 10:53:14,389 INFO  client.GrpcClientProtocolClient (GrpcClientProtocolClient.java:onNext(254)) - client-09EBABE1B9AF->325d518f-bf0d-428a-814f-266b27e759e4: receive RaftClientReply:client-09EBABE1B9AF->325d518f-bf0d-428a-814f-266b27e759e4@group-9696F0872FC0, cid=2951, SUCCESS, logIndex=4875, commits[325d518f-bf0d-428a-814f-266b27e759e4:c4876]
2019-06-15 10:53:14,389 INFO  client.GrpcClientProtocolClient (GrpcClientProtocolClient.java:onNext(254)) - client-09EBABE1B9AF->325d518f-bf0d-428a-814f-266b27e759e4: receive RaftClientReply:client-09EBABE1B9AF->325d518f-bf0d-428a-814f-266b27e759e4@group-9696F0872FC0, cid=2952, SUCCESS, logIndex=4876, commits[325d518f-bf0d-428a-814f-266b27e759e4:c4876]
2019-06-15 10:53:14,401 INFO  client.GrpcClientProtocolClient (GrpcClientProtocolClient.java:onNext(254)) - client-09EBABE1B9AF->325d518f-bf0d-428a-814f-266b27e759e4: receive RaftClientReply:client-09EBABE1B9AF->325d518f-bf0d-428a-814f-266b27e759e4@group-9696F0872FC0, cid=2953, SUCCESS, logIndex=4879, commits[325d518f-bf0d-428a-814f-266b27e759e4:c4879]
2019-06-15 10:53:14,404 INFO  client.GrpcClientProtocolClient (GrpcClientProtocolClient.java:onNext(254)) - client-09EBABE1B9AF->325d518f-bf0d-428a-814f-266b27e759e4: receive RaftClientReply:client-09EBABE1B9AF->325d518f-bf0d-428a-814f-266b27e759e4@group-9696F0872FC0, cid=2954, SUCCESS, logIndex=4881, commits[325d518f-bf0d-428a-814f-266b27e759e4:c4881]
2019-06-15 10:53:14,404 INFO  client.GrpcClientProtocolClient (GrpcClientProtocolClient.java:onNext(254)) - client-09EBABE1B9AF->325d518f-bf0d-428a-814f-266b27e759e4: receive RaftClientReply:client-09EBABE1B9AF->325d518f-bf0d-428a-814f-266b27e759e4@group-9696F0872FC0, cid=2955, SUCCESS, logIndex=4882, commits[325d518f-bf0d-428a-814f-266b27e759e4:c4884]
2019-06-15 10:53:14,404 INFO  client.GrpcClientProtocolClient (GrpcClientProtocolClient.java:onNext(254)) - client-09EBABE1B9AF->325d518f-bf0d-428a-814f-266b27e759e4: receive RaftClientReply:client-09EBABE1B9AF->325d518f-bf0d-428a-814f-266b27e759e4@group-9696F0872FC0, cid=2956, SUCCESS, logIndex=4883, commits[325d518f-bf0d-428a-814f-266b27e759e4:c4884]
2019-06-15 10:53:14,415 INFO  client.GrpcClientProtocolClient (GrpcClientProtocolClient.java:onNext(254)) - client-09EBABE1B9AF->325d518f-bf0d-428a-814f-266b27e759e4: receive RaftClientReply:client-09EBABE1B9AF->325d518f-bf0d-428a-814f-266b27e759e4@group-9696F0872FC0, cid=2957, SUCCESS, logIndex=4885, commits[325d518f-bf0d-428a-814f-266b27e759e4:c4885]
2019-06-15 10:53:14,417 INFO  client.GrpcClientProtocolClient (GrpcClientProtocolClient.java:onNext(254)) - client-09EBABE1B9AF->325d518f-bf0d-428a-814f-266b27e759e4: receive RaftClientReply:client-09EBABE1B9AF->325d518f-bf0d-428a-814f-266b27e759e4@group-9696F0872FC0, cid=2958, SUCCESS, logIndex=4887, commits[325d518f-bf0d-428a-814f-266b27e759e4:c4887]
2019-06-15 10:53:14,418 INFO  client.GrpcClientProtocolClient (GrpcClientProtocolClient.java:onNext(254)) - client-09EBABE1B9AF->325d518f-bf0d-428a-814f-266b27e759e4: receive RaftClientReply:client-09EBABE1B9AF->325d518f-bf0d-428a-814f-266b27e759e4@group-9696F0872FC0, cid=2959, SUCCESS, logIndex=4888, commits[325d518f-bf0d-428a-814f-266b27e759e4:c4890]
2019-06-15 10:53:14,418 INFO  client.GrpcClientProtocolClient (GrpcClientProtocolClient.java:onNext(254)) - client-09EBABE1B9AF->325d518f-bf0d-428a-814f-266b27e759e4: receive RaftClientReply:client-09EBABE1B9AF->325d518f-bf0d-428a-814f-266b27e759e4@group-9696F0872FC0, cid=2960, SUCCESS, logIndex=4889, commits[325d518f-bf0d-428a-814f-266b27e759e4:c4890]
2019-06-15 10:53:14,443 DEBUG block.SCMBlockDeletingService (SCMBlockDeletingService.java:call(138)) - Running DeletedBlockTransactionScanner
2019-06-15 10:53:14,443 DEBUG block.SCMBlockDeletingService (SCMBlockDeletingService.java:call(155)) - Scanned deleted blocks log and got 0 delTX to process.
2019-06-15 10:53:14,496 INFO  client.GrpcClientProtocolClient (GrpcClientProtocolClient.java:onNext(254)) - client-09EBABE1B9AF->325d518f-bf0d-428a-814f-266b27e759e4: receive RaftClientReply:client-09EBABE1B9AF->325d518f-bf0d-428a-814f-266b27e759e4@group-9696F0872FC0, cid=2961, SUCCESS, logIndex=4891, commits[325d518f-bf0d-428a-814f-266b27e759e4:c4891]
2019-06-15 10:53:14,497 INFO  client.GrpcClientProtocolClient (GrpcClientProtocolClient.java:onNext(254)) - client-09EBABE1B9AF->325d518f-bf0d-428a-814f-266b27e759e4: receive RaftClientReply:client-09EBABE1B9AF->325d518f-bf0d-428a-814f-266b27e759e4@group-9696F0872FC0, cid=2962, SUCCESS, logIndex=4893, commits[325d518f-bf0d-428a-814f-266b27e759e4:c4893]
2019-06-15 10:53:14,498 INFO  client.GrpcClientProtocolClient (GrpcClientProtocolClient.java:onNext(254)) - client-09EBABE1B9AF->325d518f-bf0d-428a-814f-266b27e759e4: receive RaftClientReply:client-09EBABE1B9AF->325d518f-bf0d-428a-814f-266b27e759e4@group-9696F0872FC0, cid=2963, SUCCESS, logIndex=4894, commits[325d518f-bf0d-428a-814f-266b27e759e4:c4896]
2019-06-15 10:53:14,499 INFO  client.GrpcClientProtocolClient (GrpcClientProtocolClient.java:onNext(254)) - client-09EBABE1B9AF->325d518f-bf0d-428a-814f-266b27e759e4: receive RaftClientReply:client-09EBABE1B9AF->325d518f-bf0d-428a-814f-266b27e759e4@group-9696F0872FC0, cid=2964, SUCCESS, logIndex=4895, commits[325d518f-bf0d-428a-814f-266b27e759e4:c4896]
2019-06-15 10:53:14,503 INFO  client.GrpcClientProtocolClient (GrpcClientProtocolClient.java:onNext(254)) - client-09EBABE1B9AF->325d518f-bf0d-428a-814f-266b27e759e4: receive RaftClientReply:client-09EBABE1B9AF->325d518f-bf0d-428a-814f-266b27e759e4@group-9696F0872FC0, cid=2965, SUCCESS, logIndex=4897, commits[325d518f-bf0d-428a-814f-266b27e759e4:c4897]
2019-06-15 10:53:14,504 INFO  storage.RaftLogWorker (RaftLogWorker.java:rollLogSegment(303)) - 325d518f-bf0d-428a-814f-266b27e759e4-RaftLogWorker: Rolling segment log-4835_4900 to index:4900
2019-06-15 10:53:14,504 INFO  client.GrpcClientProtocolClient (GrpcClientProtocolClient.java:onNext(254)) - client-09EBABE1B9AF->325d518f-bf0d-428a-814f-266b27e759e4: receive RaftClientReply:client-09EBABE1B9AF->325d518f-bf0d-428a-814f-266b27e759e4@group-9696F0872FC0, cid=2966, SUCCESS, logIndex=4899, commits[325d518f-bf0d-428a-814f-266b27e759e4:c4899]
2019-06-15 10:53:14,505 INFO  storage.RaftLogWorker (RaftLogWorker.java:execute(433)) - 325d518f-bf0d-428a-814f-266b27e759e4-RaftLogWorker: Rolled log segment from /opt/src/hadoop-ozone/integration-test/target/test-dir/MiniOzoneClusterImpl-dd99cefe-9779-4043-9d74-181b69d2a827/datanode-0/data/ratis/e0f1d9ef-e225-4b24-a786-9696f0872fc0/current/log_inprogress_4835 to /opt/src/hadoop-ozone/integration-test/target/test-dir/MiniOzoneClusterImpl-dd99cefe-9779-4043-9d74-181b69d2a827/datanode-0/data/ratis/e0f1d9ef-e225-4b24-a786-9696f0872fc0/current/log_4835-4900
2019-06-15 10:53:14,505 INFO  client.GrpcClientProtocolClient (GrpcClientProtocolClient.java:onNext(254)) - client-09EBABE1B9AF->325d518f-bf0d-428a-814f-266b27e759e4: receive RaftClientReply:client-09EBABE1B9AF->325d518f-bf0d-428a-814f-266b27e759e4@group-9696F0872FC0, cid=2967, SUCCESS, logIndex=4900, commits[325d518f-bf0d-428a-814f-266b27e759e4:c4900]
2019-06-15 10:53:14,540 INFO  storage.RaftLogWorker (RaftLogWorker.java:execute(469)) - 325d518f-bf0d-428a-814f-266b27e759e4-RaftLogWorker: created new log segment /opt/src/hadoop-ozone/integration-test/target/test-dir/MiniOzoneClusterImpl-dd99cefe-9779-4043-9d74-181b69d2a827/datanode-0/data/ratis/e0f1d9ef-e225-4b24-a786-9696f0872fc0/current/log_inprogress_4901
2019-06-15 10:53:14,541 INFO  client.GrpcClientProtocolClient (GrpcClientProtocolClient.java:onNext(254)) - client-09EBABE1B9AF->325d518f-bf0d-428a-814f-266b27e759e4: receive RaftClientReply:client-09EBABE1B9AF->325d518f-bf0d-428a-814f-266b27e759e4@group-9696F0872FC0, cid=2968, SUCCESS, logIndex=4901, commits[325d518f-bf0d-428a-814f-266b27e759e4:c4903]
2019-06-15 10:53:14,543 DEBUG block.SCMBlockDeletingService (SCMBlockDeletingService.java:call(138)) - Running DeletedBlockTransactionScanner
2019-06-15 10:53:14,543 DEBUG block.SCMBlockDeletingService (SCMBlockDeletingService.java:call(155)) - Scanned deleted blocks log and got 0 delTX to process.
2019-06-15 10:53:14,550 INFO  client.GrpcClientProtocolClient (GrpcClientProtocolClient.java:onNext(254)) - client-09EBABE1B9AF->325d518f-bf0d-428a-814f-266b27e759e4: receive RaftClientReply:client-09EBABE1B9AF->325d518f-bf0d-428a-814f-266b27e759e4@group-9696F0872FC0, cid=2969, SUCCESS, logIndex=4904, commits[325d518f-bf0d-428a-814f-266b27e759e4:c4904]
2019-06-15 10:53:14,551 INFO  client.GrpcClientProtocolClient (GrpcClientProtocolClient.java:onNext(254)) - client-09EBABE1B9AF->325d518f-bf0d-428a-814f-266b27e759e4: receive RaftClientReply:client-09EBABE1B9AF->325d518f-bf0d-428a-814f-266b27e759e4@group-9696F0872FC0, cid=2970, SUCCESS, logIndex=4906, commits[325d518f-bf0d-428a-814f-266b27e759e4:c4906]
2019-06-15 10:53:14,553 INFO  client.GrpcClientProtocolClient (GrpcClientProtocolClient.java:onNext(254)) - client-09EBABE1B9AF->325d518f-bf0d-428a-814f-266b27e759e4: receive RaftClientReply:client-09EBABE1B9AF->325d518f-bf0d-428a-814f-266b27e759e4@group-9696F0872FC0, cid=2971, SUCCESS, logIndex=4907, commits[325d518f-bf0d-428a-814f-266b27e759e4:c4909]
2019-06-15 10:53:14,553 INFO  client.GrpcClientProtocolClient (GrpcClientProtocolClient.java:onNext(254)) - client-09EBABE1B9AF->325d518f-bf0d-428a-814f-266b27e759e4: receive RaftClientReply:client-09EBABE1B9AF->325d518f-bf0d-428a-814f-266b27e759e4@group-9696F0872FC0, cid=2972, SUCCESS, logIndex=4908, commits[325d518f-bf0d-428a-814f-266b27e759e4:c4909]
2019-06-15 10:53:14,558 INFO  client.GrpcClientProtocolClient (GrpcClientProtocolClient.java:onNext(254)) - client-09EBABE1B9AF->325d518f-bf0d-428a-814f-266b27e759e4: receive RaftClientReply:client-09EBABE1B9AF->325d518f-bf0d-428a-814f-266b27e759e4@group-9696F0872FC0, cid=2973, SUCCESS, logIndex=4910, commits[325d518f-bf0d-428a-814f-266b27e759e4:c4910]
2019-06-15 10:53:14,559 INFO  client.GrpcClientProtocolClient (GrpcClientProtocolClient.java:onNext(254)) - client-09EBABE1B9AF->325d518f-bf0d-428a-814f-266b27e759e4: receive RaftClientReply:client-09EBABE1B9AF->325d518f-bf0d-428a-814f-266b27e759e4@group-9696F0872FC0, cid=2974, SUCCESS, logIndex=4912, commits[325d518f-bf0d-428a-814f-266b27e759e4:c4912]
2019-06-15 10:53:14,560 INFO  client.GrpcClientProtocolClient (GrpcClientProtocolClient.java:onNext(254)) - client-09EBABE1B9AF->325d518f-bf0d-428a-814f-266b27e759e4: receive RaftClientReply:client-09EBABE1B9AF->325d518f-bf0d-428a-814f-266b27e759e4@group-9696F0872FC0, cid=2975, SUCCESS, logIndex=4913, commits[325d518f-bf0d-428a-814f-266b27e759e4:c4915]
2019-06-15 10:53:14,560 INFO  client.GrpcClientProtocolClient (GrpcClientProtocolClient.java:onNext(254)) - client-09EBABE1B9AF->325d518f-bf0d-428a-814f-266b27e759e4: receive RaftClientReply:client-09EBABE1B9AF->325d518f-bf0d-428a-814f-266b27e759e4@group-9696F0872FC0, cid=2976, SUCCESS, logIndex=4914, commits[325d518f-bf0d-428a-814f-266b27e759e4:c4915]
2019-06-15 10:53:14,569 INFO  client.GrpcClientProtocolClient (GrpcClientProtocolClient.java:onNext(254)) - client-09EBABE1B9AF->325d518f-bf0d-428a-814f-266b27e759e4: receive RaftClientReply:client-09EBABE1B9AF->325d518f-bf0d-428a-814f-266b27e759e4@group-9696F0872FC0, cid=2977, SUCCESS, logIndex=4916, commits[325d518f-bf0d-428a-814f-266b27e759e4:c4916]
2019-06-15 10:53:14,570 INFO  client.GrpcClientProtocolClient (GrpcClientProtocolClient.java:onNext(254)) - client-09EBABE1B9AF->325d518f-bf0d-428a-814f-266b27e759e4: receive RaftClientReply:client-09EBABE1B9AF->325d518f-bf0d-428a-814f-266b27e759e4@group-9696F0872FC0, cid=2978, SUCCESS, logIndex=4918, commits[325d518f-bf0d-428a-814f-266b27e759e4:c4918]
2019-06-15 10:53:14,571 INFO  client.GrpcClientProtocolClient (GrpcClientProtocolClient.java:onNext(254)) - client-09EBABE1B9AF->325d518f-bf0d-428a-814f-266b27e759e4: receive RaftClientReply:client-09EBABE1B9AF->325d518f-bf0d-428a-814f-266b27e759e4@group-9696F0872FC0, cid=2979, SUCCESS, logIndex=4919, commits[325d518f-bf0d-428a-814f-266b27e759e4:c4921]
2019-06-15 10:53:14,571 INFO  client.GrpcClientProtocolClient (GrpcClientProtocolClient.java:onNext(254)) - client-09EBABE1B9AF->325d518f-bf0d-428a-814f-266b27e759e4: receive RaftClientReply:client-09EBABE1B9AF->325d518f-bf0d-428a-814f-266b27e759e4@group-9696F0872FC0, cid=2980, SUCCESS, logIndex=4920, commits[325d518f-bf0d-428a-814f-266b27e759e4:c4921]
2019-06-15 10:53:14,576 INFO  client.GrpcClientProtocolClient (GrpcClientProtocolClient.java:onNext(254)) - client-09EBABE1B9AF->325d518f-bf0d-428a-814f-266b27e759e4: receive RaftClientReply:client-09EBABE1B9AF->325d518f-bf0d-428a-814f-266b27e759e4@group-9696F0872FC0, cid=2981, SUCCESS, logIndex=4922, commits[325d518f-bf0d-428a-814f-266b27e759e4:c4922]
2019-06-15 10:53:14,577 INFO  client.GrpcClientProtocolClient (GrpcClientProtocolClient.java:onNext(254)) - client-09EBABE1B9AF->325d518f-bf0d-428a-814f-266b27e759e4: receive RaftClientReply:client-09EBABE1B9AF->325d518f-bf0d-428a-814f-266b27e759e4@group-9696F0872FC0, cid=2982, SUCCESS, logIndex=4924, commits[325d518f-bf0d-428a-814f-266b27e759e4:c4924]
2019-06-15 10:53:14,578 INFO  client.GrpcClientProtocolClient (GrpcClientProtocolClient.java:onNext(254)) - client-09EBABE1B9AF->325d518f-bf0d-428a-814f-266b27e759e4: receive RaftClientReply:client-09EBABE1B9AF->325d518f-bf0d-428a-814f-266b27e759e4@group-9696F0872FC0, cid=2983, SUCCESS, logIndex=4925, commits[325d518f-bf0d-428a-814f-266b27e759e4:c4927]
2019-06-15 10:53:14,578 INFO  client.GrpcClientProtocolClient (GrpcClientProtocolClient.java:onNext(254)) - client-09EBABE1B9AF->325d518f-bf0d-428a-814f-266b27e759e4: receive RaftClientReply:client-09EBABE1B9AF->325d518f-bf0d-428a-814f-266b27e759e4@group-9696F0872FC0, cid=2984, SUCCESS, logIndex=4926, commits[325d518f-bf0d-428a-814f-266b27e759e4:c4927]
2019-06-15 10:53:14,587 INFO  client.GrpcClientProtocolClient (GrpcClientProtocolClient.java:onNext(254)) - client-09EBABE1B9AF->325d518f-bf0d-428a-814f-266b27e759e4: receive RaftClientReply:client-09EBABE1B9AF->325d518f-bf0d-428a-814f-266b27e759e4@group-9696F0872FC0, cid=2985, SUCCESS, logIndex=4928, commits[325d518f-bf0d-428a-814f-266b27e759e4:c4928]
2019-06-15 10:53:14,589 INFO  client.GrpcClientProtocolClient (GrpcClientProtocolClient.java:onNext(254)) - client-09EBABE1B9AF->325d518f-bf0d-428a-814f-266b27e759e4: receive RaftClientReply:client-09EBABE1B9AF->325d518f-bf0d-428a-814f-266b27e759e4@group-9696F0872FC0, cid=2986, SUCCESS, logIndex=4930, commits[325d518f-bf0d-428a-814f-266b27e759e4:c4930]
2019-06-15 10:53:14,590 INFO  client.GrpcClientProtocolClient (GrpcClientProtocolClient.java:onNext(254)) - client-09EBABE1B9AF->325d518f-bf0d-428a-814f-266b27e759e4: receive RaftClientReply:client-09EBABE1B9AF->325d518f-bf0d-428a-814f-266b27e759e4@group-9696F0872FC0, cid=2987, SUCCESS, logIndex=4931, commits[325d518f-bf0d-428a-814f-266b27e759e4:c4933]
2019-06-15 10:53:14,590 INFO  client.GrpcClientProtocolClient (GrpcClientProtocolClient.java:onNext(254)) - client-09EBABE1B9AF->325d518f-bf0d-428a-814f-266b27e759e4: receive RaftClientReply:client-09EBABE1B9AF->325d518f-bf0d-428a-814f-266b27e759e4@group-9696F0872FC0, cid=2988, SUCCESS, logIndex=4932, commits[325d518f-bf0d-428a-814f-266b27e759e4:c4933]
2019-06-15 10:53:14,638 INFO  client.GrpcClientProtocolClient (GrpcClientProtocolClient.java:onNext(254)) - client-09EBABE1B9AF->325d518f-bf0d-428a-814f-266b27e759e4: receive RaftClientReply:client-09EBABE1B9AF->325d518f-bf0d-428a-814f-266b27e759e4@group-9696F0872FC0, cid=2989, SUCCESS, logIndex=4934, commits[325d518f-bf0d-428a-814f-266b27e759e4:c4934]
2019-06-15 10:53:14,640 INFO  client.GrpcClientProtocolClient (GrpcClientProtocolClient.java:onNext(254)) - client-09EBABE1B9AF->325d518f-bf0d-428a-814f-266b27e759e4: receive RaftClientReply:client-09EBABE1B9AF->325d518f-bf0d-428a-814f-266b27e759e4@group-9696F0872FC0, cid=2990, SUCCESS, logIndex=4936, commits[325d518f-bf0d-428a-814f-266b27e759e4:c4936]
2019-06-15 10:53:14,641 INFO  client.GrpcClientProtocolClient (GrpcClientProtocolClient.java:onNext(254)) - client-09EBABE1B9AF->325d518f-bf0d-428a-814f-266b27e759e4: receive RaftClientReply:client-09EBABE1B9AF->325d518f-bf0d-428a-814f-266b27e759e4@group-9696F0872FC0, cid=2991, SUCCESS, logIndex=4937, commits[325d518f-bf0d-428a-814f-266b27e759e4:c4939]
2019-06-15 10:53:14,641 INFO  client.GrpcClientProtocolClient (GrpcClientProtocolClient.java:onNext(254)) - client-09EBABE1B9AF->325d518f-bf0d-428a-814f-266b27e759e4: receive RaftClientReply:client-09EBABE1B9AF->325d518f-bf0d-428a-814f-266b27e759e4@group-9696F0872FC0, cid=2992, SUCCESS, logIndex=4938, commits[325d518f-bf0d-428a-814f-266b27e759e4:c4939]
2019-06-15 10:53:14,644 DEBUG block.SCMBlockDeletingService (SCMBlockDeletingService.java:call(138)) - Running DeletedBlockTransactionScanner
2019-06-15 10:53:14,644 DEBUG block.SCMBlockDeletingService (SCMBlockDeletingService.java:call(155)) - Scanned deleted blocks log and got 0 delTX to process.
2019-06-15 10:53:14,651 INFO  client.GrpcClientProtocolClient (GrpcClientProtocolClient.java:onNext(254)) - client-09EBABE1B9AF->325d518f-bf0d-428a-814f-266b27e759e4: receive RaftClientReply:client-09EBABE1B9AF->325d518f-bf0d-428a-814f-266b27e759e4@group-9696F0872FC0, cid=2993, SUCCESS, logIndex=4940, commits[325d518f-bf0d-428a-814f-266b27e759e4:c4940]
2019-06-15 10:53:14,652 INFO  client.GrpcClientProtocolClient (GrpcClientProtocolClient.java:onNext(254)) - client-09EBABE1B9AF->325d518f-bf0d-428a-814f-266b27e759e4: receive RaftClientReply:client-09EBABE1B9AF->325d518f-bf0d-428a-814f-266b27e759e4@group-9696F0872FC0, cid=2994, SUCCESS, logIndex=4942, commits[325d518f-bf0d-428a-814f-266b27e759e4:c4942]
2019-06-15 10:53:14,653 INFO  client.GrpcClientProtocolClient (GrpcClientProtocolClient.java:onNext(254)) - client-09EBABE1B9AF->325d518f-bf0d-428a-814f-266b27e759e4: receive RaftClientReply:client-09EBABE1B9AF->325d518f-bf0d-428a-814f-266b27e759e4@group-9696F0872FC0, cid=2995, SUCCESS, logIndex=4943, commits[325d518f-bf0d-428a-814f-266b27e759e4:c4945]
2019-06-15 10:53:14,653 INFO  client.GrpcClientProtocolClient (GrpcClientProtocolClient.java:onNext(254)) - client-09EBABE1B9AF->325d518f-bf0d-428a-814f-266b27e759e4: receive RaftClientReply:client-09EBABE1B9AF->325d518f-bf0d-428a-814f-266b27e759e4@group-9696F0872FC0, cid=2996, SUCCESS, logIndex=4944, commits[325d518f-bf0d-428a-814f-266b27e759e4:c4945]
2019-06-15 10:53:14,658 INFO  client.GrpcClientProtocolClient (GrpcClientProtocolClient.java:onNext(254)) - client-09EBABE1B9AF->325d518f-bf0d-428a-814f-266b27e759e4: receive RaftClientReply:client-09EBABE1B9AF->325d518f-bf0d-428a-814f-266b27e759e4@group-9696F0872FC0, cid=2997, SUCCESS, logIndex=4946, commits[325d518f-bf0d-428a-814f-266b27e759e4:c4946]
2019-06-15 10:53:14,659 INFO  client.GrpcClientProtocolClient (GrpcClientProtocolClient.java:onNext(254)) - client-09EBABE1B9AF->325d518f-bf0d-428a-814f-266b27e759e4: receive RaftClientReply:client-09EBABE1B9AF->325d518f-bf0d-428a-814f-266b27e759e4@group-9696F0872FC0, cid=2998, SUCCESS, logIndex=4948, commits[325d518f-bf0d-428a-814f-266b27e759e4:c4948]
2019-06-15 10:53:14,660 INFO  client.GrpcClientProtocolClient (GrpcClientProtocolClient.java:onNext(254)) - client-09EBABE1B9AF->325d518f-bf0d-428a-814f-266b27e759e4: receive RaftClientReply:client-09EBABE1B9AF->325d518f-bf0d-428a-814f-266b27e759e4@group-9696F0872FC0, cid=2999, SUCCESS, logIndex=4949, commits[325d518f-bf0d-428a-814f-266b27e759e4:c4951]
2019-06-15 10:53:14,660 INFO  client.GrpcClientProtocolClient (GrpcClientProtocolClient.java:onNext(254)) - client-09EBABE1B9AF->325d518f-bf0d-428a-814f-266b27e759e4: receive RaftClientReply:client-09EBABE1B9AF->325d518f-bf0d-428a-814f-266b27e759e4@group-9696F0872FC0, cid=3000, SUCCESS, logIndex=4950, commits[325d518f-bf0d-428a-814f-266b27e759e4:c4951]
2019-06-15 10:53:14,671 INFO  client.GrpcClientProtocolClient (GrpcClientProtocolClient.java:onNext(254)) - client-09EBABE1B9AF->325d518f-bf0d-428a-814f-266b27e759e4: receive RaftClientReply:client-09EBABE1B9AF->325d518f-bf0d-428a-814f-266b27e759e4@group-9696F0872FC0, cid=3001, SUCCESS, logIndex=4952, commits[325d518f-bf0d-428a-814f-266b27e759e4:c4952]
2019-06-15 10:53:14,672 INFO  client.GrpcClientProtocolClient (GrpcClientProtocolClient.java:onNext(254)) - client-09EBABE1B9AF->325d518f-bf0d-428a-814f-266b27e759e4: receive RaftClientReply:client-09EBABE1B9AF->325d518f-bf0d-428a-814f-266b27e759e4@group-9696F0872FC0, cid=3002, SUCCESS, logIndex=4954, commits[325d518f-bf0d-428a-814f-266b27e759e4:c4954]
2019-06-15 10:53:14,673 INFO  client.GrpcClientProtocolClient (GrpcClientProtocolClient.java:onNext(254)) - client-09EBABE1B9AF->325d518f-bf0d-428a-814f-266b27e759e4: receive RaftClientReply:client-09EBABE1B9AF->325d518f-bf0d-428a-814f-266b27e759e4@group-9696F0872FC0, cid=3003, SUCCESS, logIndex=4955, commits[325d518f-bf0d-428a-814f-266b27e759e4:c4955]
2019-06-15 10:53:14,673 INFO  client.GrpcClientProtocolClient (GrpcClientProtocolClient.java:onNext(254)) - client-09EBABE1B9AF->325d518f-bf0d-428a-814f-266b27e759e4: receive RaftClientReply:client-09EBABE1B9AF->325d518f-bf0d-428a-814f-266b27e759e4@group-9696F0872FC0, cid=3004, SUCCESS, logIndex=4957, commits[325d518f-bf0d-428a-814f-266b27e759e4:c4957]
2019-06-15 10:53:14,678 INFO  client.GrpcClientProtocolClient (GrpcClientProtocolClient.java:onNext(254)) - client-09EBABE1B9AF->325d518f-bf0d-428a-814f-266b27e759e4: receive RaftClientReply:client-09EBABE1B9AF->325d518f-bf0d-428a-814f-266b27e759e4@group-9696F0872FC0, cid=3005, SUCCESS, logIndex=4960, commits[325d518f-bf0d-428a-814f-266b27e759e4:c4960]
2019-06-15 10:53:14,679 INFO  client.GrpcClientProtocolClient (GrpcClientProtocolClient.java:onNext(254)) - client-09EBABE1B9AF->325d518f-bf0d-428a-814f-266b27e759e4: receive RaftClientReply:client-09EBABE1B9AF->325d518f-bf0d-428a-814f-266b27e759e4@group-9696F0872FC0, cid=3006, SUCCESS, logIndex=4962, commits[325d518f-bf0d-428a-814f-266b27e759e4:c4962]
2019-06-15 10:53:14,744 DEBUG block.SCMBlockDeletingService (SCMBlockDeletingService.java:call(138)) - Running DeletedBlockTransactionScanner
2019-06-15 10:53:14,744 DEBUG block.SCMBlockDeletingService (SCMBlockDeletingService.java:call(155)) - Scanned deleted blocks log and got 0 delTX to process.
2019-06-15 10:53:14,745 INFO  client.GrpcClientProtocolClient (GrpcClientProtocolClient.java:onNext(254)) - client-09EBABE1B9AF->325d518f-bf0d-428a-814f-266b27e759e4: receive RaftClientReply:client-09EBABE1B9AF->325d518f-bf0d-428a-814f-266b27e759e4@group-9696F0872FC0, cid=3007, SUCCESS, logIndex=4964, commits[325d518f-bf0d-428a-814f-266b27e759e4:c4964]
2019-06-15 10:53:14,746 INFO  client.GrpcClientProtocolClient (GrpcClientProtocolClient.java:onNext(254)) - client-09EBABE1B9AF->325d518f-bf0d-428a-814f-266b27e759e4: receive RaftClientReply:client-09EBABE1B9AF->325d518f-bf0d-428a-814f-266b27e759e4@group-9696F0872FC0, cid=3008, SUCCESS, logIndex=4966, commits[325d518f-bf0d-428a-814f-266b27e759e4:c4966]
2019-06-15 10:53:14,755 INFO  client.GrpcClientProtocolClient (GrpcClientProtocolClient.java:onNext(254)) - client-09EBABE1B9AF->325d518f-bf0d-428a-814f-266b27e759e4: receive RaftClientReply:client-09EBABE1B9AF->325d518f-bf0d-428a-814f-266b27e759e4@group-9696F0872FC0, cid=3009, SUCCESS, logIndex=4968, commits[325d518f-bf0d-428a-814f-266b27e759e4:c4968]
2019-06-15 10:53:14,755 INFO  storage.RaftLogWorker (RaftLogWorker.java:rollLogSegment(303)) - 325d518f-bf0d-428a-814f-266b27e759e4-RaftLogWorker: Rolling segment log-4901_4970 to index:4970
2019-06-15 10:53:14,756 INFO  storage.RaftLogWorker (RaftLogWorker.java:execute(433)) - 325d518f-bf0d-428a-814f-266b27e759e4-RaftLogWorker: Rolled log segment from /opt/src/hadoop-ozone/integration-test/target/test-dir/MiniOzoneClusterImpl-dd99cefe-9779-4043-9d74-181b69d2a827/datanode-0/data/ratis/e0f1d9ef-e225-4b24-a786-9696f0872fc0/current/log_inprogress_4901 to /opt/src/hadoop-ozone/integration-test/target/test-dir/MiniOzoneClusterImpl-dd99cefe-9779-4043-9d74-181b69d2a827/datanode-0/data/ratis/e0f1d9ef-e225-4b24-a786-9696f0872fc0/current/log_4901-4970
2019-06-15 10:53:14,758 INFO  client.GrpcClientProtocolClient (GrpcClientProtocolClient.java:onNext(254)) - client-09EBABE1B9AF->325d518f-bf0d-428a-814f-266b27e759e4: receive RaftClientReply:client-09EBABE1B9AF->325d518f-bf0d-428a-814f-266b27e759e4@group-9696F0872FC0, cid=3010, SUCCESS, logIndex=4970, commits[325d518f-bf0d-428a-814f-266b27e759e4:c4970]
2019-06-15 10:53:14,795 INFO  storage.RaftLogWorker (RaftLogWorker.java:execute(469)) - 325d518f-bf0d-428a-814f-266b27e759e4-RaftLogWorker: created new log segment /opt/src/hadoop-ozone/integration-test/target/test-dir/MiniOzoneClusterImpl-dd99cefe-9779-4043-9d74-181b69d2a827/datanode-0/data/ratis/e0f1d9ef-e225-4b24-a786-9696f0872fc0/current/log_inprogress_4971
2019-06-15 10:53:14,796 INFO  client.GrpcClientProtocolClient (GrpcClientProtocolClient.java:onNext(254)) - client-09EBABE1B9AF->325d518f-bf0d-428a-814f-266b27e759e4: receive RaftClientReply:client-09EBABE1B9AF->325d518f-bf0d-428a-814f-266b27e759e4@group-9696F0872FC0, cid=3011, SUCCESS, logIndex=4971, commits[325d518f-bf0d-428a-814f-266b27e759e4:c4973]
2019-06-15 10:53:14,796 INFO  client.GrpcClientProtocolClient (GrpcClientProtocolClient.java:onNext(254)) - client-09EBABE1B9AF->325d518f-bf0d-428a-814f-266b27e759e4: receive RaftClientReply:client-09EBABE1B9AF->325d518f-bf0d-428a-814f-266b27e759e4@group-9696F0872FC0, cid=3012, SUCCESS, logIndex=4972, commits[325d518f-bf0d-428a-814f-266b27e759e4:c4973]
2019-06-15 10:53:14,801 INFO  client.GrpcClientProtocolClient (GrpcClientProtocolClient.java:onNext(254)) - client-09EBABE1B9AF->325d518f-bf0d-428a-814f-266b27e759e4: receive RaftClientReply:client-09EBABE1B9AF->325d518f-bf0d-428a-814f-266b27e759e4@group-9696F0872FC0, cid=3013, SUCCESS, logIndex=4974, commits[325d518f-bf0d-428a-814f-266b27e759e4:c4974]
2019-06-15 10:53:14,803 INFO  client.GrpcClientProtocolClient (GrpcClientProtocolClient.java:onNext(254)) - client-09EBABE1B9AF->325d518f-bf0d-428a-814f-266b27e759e4: receive RaftClientReply:client-09EBABE1B9AF->325d518f-bf0d-428a-814f-266b27e759e4@group-9696F0872FC0, cid=3014, SUCCESS, logIndex=4976, commits[325d518f-bf0d-428a-814f-266b27e759e4:c4976]
2019-06-15 10:53:14,804 INFO  client.GrpcClientProtocolClient (GrpcClientProtocolClient.java:onNext(254)) - client-09EBABE1B9AF->325d518f-bf0d-428a-814f-266b27e759e4: receive RaftClientReply:client-09EBABE1B9AF->325d518f-bf0d-428a-814f-266b27e759e4@group-9696F0872FC0, cid=3015, SUCCESS, logIndex=4977, commits[325d518f-bf0d-428a-814f-266b27e759e4:c4979]
2019-06-15 10:53:14,804 INFO  client.GrpcClientProtocolClient (GrpcClientProtocolClient.java:onNext(254)) - client-09EBABE1B9AF->325d518f-bf0d-428a-814f-266b27e759e4: receive RaftClientReply:client-09EBABE1B9AF->325d518f-bf0d-428a-814f-266b27e759e4@group-9696F0872FC0, cid=3016, SUCCESS, logIndex=4978, commits[325d518f-bf0d-428a-814f-266b27e759e4:c4979]
2019-06-15 10:53:14,813 INFO  client.GrpcClientProtocolClient (GrpcClientProtocolClient.java:onNext(254)) - client-09EBABE1B9AF->325d518f-bf0d-428a-814f-266b27e759e4: receive RaftClientReply:client-09EBABE1B9AF->325d518f-bf0d-428a-814f-266b27e759e4@group-9696F0872FC0, cid=3017, SUCCESS, logIndex=4980, commits[325d518f-bf0d-428a-814f-266b27e759e4:c4980]
2019-06-15 10:53:14,815 INFO  client.GrpcClientProtocolClient (GrpcClientProtocolClient.java:onNext(254)) - client-09EBABE1B9AF->325d518f-bf0d-428a-814f-266b27e759e4: receive RaftClientReply:client-09EBABE1B9AF->325d518f-bf0d-428a-814f-266b27e759e4@group-9696F0872FC0, cid=3018, SUCCESS, logIndex=4982, commits[325d518f-bf0d-428a-814f-266b27e759e4:c4984]
2019-06-15 10:53:14,816 INFO  client.GrpcClientProtocolClient (GrpcClientProtocolClient.java:onNext(254)) - client-09EBABE1B9AF->325d518f-bf0d-428a-814f-266b27e759e4: receive RaftClientReply:client-09EBABE1B9AF->325d518f-bf0d-428a-814f-266b27e759e4@group-9696F0872FC0, cid=3019, SUCCESS, logIndex=4983, commits[325d518f-bf0d-428a-814f-266b27e759e4:c4984]
2019-06-15 10:53:14,816 INFO  client.GrpcClientProtocolClient (GrpcClientProtocolClient.java:onNext(254)) - client-09EBABE1B9AF->325d518f-bf0d-428a-814f-266b27e759e4: receive RaftClientReply:client-09EBABE1B9AF->325d518f-bf0d-428a-814f-266b27e759e4@group-9696F0872FC0, cid=3020, SUCCESS, logIndex=4984, commits[325d518f-bf0d-428a-814f-266b27e759e4:c4985]
2019-06-15 10:53:14,820 INFO  client.GrpcClientProtocolClient (GrpcClientProtocolClient.java:onNext(254)) - client-09EBABE1B9AF->325d518f-bf0d-428a-814f-266b27e759e4: receive RaftClientReply:client-09EBABE1B9AF->325d518f-bf0d-428a-814f-266b27e759e4@group-9696F0872FC0, cid=3021, SUCCESS, logIndex=4986, commits[325d518f-bf0d-428a-814f-266b27e759e4:c4986]
2019-06-15 10:53:14,821 INFO  client.GrpcClientProtocolClient (GrpcClientProtocolClient.java:onNext(254)) - client-09EBABE1B9AF->325d518f-bf0d-428a-814f-266b27e759e4: receive RaftClientReply:client-09EBABE1B9AF->325d518f-bf0d-428a-814f-266b27e759e4@group-9696F0872FC0, cid=3022, SUCCESS, logIndex=4988, commits[325d518f-bf0d-428a-814f-266b27e759e4:c4988]
2019-06-15 10:53:14,823 INFO  client.GrpcClientProtocolClient (GrpcClientProtocolClient.java:onNext(254)) - client-09EBABE1B9AF->325d518f-bf0d-428a-814f-266b27e759e4: receive RaftClientReply:client-09EBABE1B9AF->325d518f-bf0d-428a-814f-266b27e759e4@group-9696F0872FC0, cid=3023, SUCCESS, logIndex=4989, commits[325d518f-bf0d-428a-814f-266b27e759e4:c4991]
2019-06-15 10:53:14,823 INFO  client.GrpcClientProtocolClient (GrpcClientProtocolClient.java:onNext(254)) - client-09EBABE1B9AF->325d518f-bf0d-428a-814f-266b27e759e4: receive RaftClientReply:client-09EBABE1B9AF->325d518f-bf0d-428a-814f-266b27e759e4@group-9696F0872FC0, cid=3024, SUCCESS, logIndex=4990, commits[325d518f-bf0d-428a-814f-266b27e759e4:c4991]
2019-06-15 10:53:14,832 INFO  client.GrpcClientProtocolClient (GrpcClientProtocolClient.java:onNext(254)) - client-09EBABE1B9AF->325d518f-bf0d-428a-814f-266b27e759e4: receive RaftClientReply:client-09EBABE1B9AF->325d518f-bf0d-428a-814f-266b27e759e4@group-9696F0872FC0, cid=3025, SUCCESS, logIndex=4992, commits[325d518f-bf0d-428a-814f-266b27e759e4:c4992]
2019-06-15 10:53:14,834 INFO  client.GrpcClientProtocolClient (GrpcClientProtocolClient.java:onNext(254)) - client-09EBABE1B9AF->325d518f-bf0d-428a-814f-266b27e759e4: receive RaftClientReply:client-09EBABE1B9AF->325d518f-bf0d-428a-814f-266b27e759e4@group-9696F0872FC0, cid=3026, SUCCESS, logIndex=4994, commits[325d518f-bf0d-428a-814f-266b27e759e4:c4994]
2019-06-15 10:53:14,834 INFO  client.GrpcClientProtocolClient (GrpcClientProtocolClient.java:onNext(254)) - client-09EBABE1B9AF->325d518f-bf0d-428a-814f-266b27e759e4: receive RaftClientReply:client-09EBABE1B9AF->325d518f-bf0d-428a-814f-266b27e759e4@group-9696F0872FC0, cid=3027, SUCCESS, logIndex=4995, commits[325d518f-bf0d-428a-814f-266b27e759e4:c4996]
2019-06-15 10:53:14,834 INFO  client.GrpcClientProtocolClient (GrpcClientProtocolClient.java:onNext(254)) - client-09EBABE1B9AF->325d518f-bf0d-428a-814f-266b27e759e4: receive RaftClientReply:client-09EBABE1B9AF->325d518f-bf0d-428a-814f-266b27e759e4@group-9696F0872FC0, cid=3028, SUCCESS, logIndex=4996, commits[325d518f-bf0d-428a-814f-266b27e759e4:c4996]
2019-06-15 10:53:14,839 INFO  client.GrpcClientProtocolClient (GrpcClientProtocolClient.java:onNext(254)) - client-09EBABE1B9AF->325d518f-bf0d-428a-814f-266b27e759e4: receive RaftClientReply:client-09EBABE1B9AF->325d518f-bf0d-428a-814f-266b27e759e4@group-9696F0872FC0, cid=3029, SUCCESS, logIndex=4999, commits[325d518f-bf0d-428a-814f-266b27e759e4:c4999]
2019-06-15 10:53:14,840 INFO  client.GrpcClientProtocolClient (GrpcClientProtocolClient.java:onNext(254)) - client-09EBABE1B9AF->325d518f-bf0d-428a-814f-266b27e759e4: receive RaftClientReply:client-09EBABE1B9AF->325d518f-bf0d-428a-814f-266b27e759e4@group-9696F0872FC0, cid=3030, SUCCESS, logIndex=5001, commits[325d518f-bf0d-428a-814f-266b27e759e4:c5001]
2019-06-15 10:53:14,841 INFO  client.GrpcClientProtocolClient (GrpcClientProtocolClient.java:onNext(254)) - client-09EBABE1B9AF->325d518f-bf0d-428a-814f-266b27e759e4: receive RaftClientReply:client-09EBABE1B9AF->325d518f-bf0d-428a-814f-266b27e759e4@group-9696F0872FC0, cid=3031, SUCCESS, logIndex=5002, commits[325d518f-bf0d-428a-814f-266b27e759e4:c5004]
2019-06-15 10:53:14,842 INFO  client.GrpcClientProtocolClient (GrpcClientProtocolClient.java:onNext(254)) - client-09EBABE1B9AF->325d518f-bf0d-428a-814f-266b27e759e4: receive RaftClientReply:client-09EBABE1B9AF->325d518f-bf0d-428a-814f-266b27e759e4@group-9696F0872FC0, cid=3032, SUCCESS, logIndex=5003, commits[325d518f-bf0d-428a-814f-266b27e759e4:c5004]
2019-06-15 10:53:14,844 DEBUG block.SCMBlockDeletingService (SCMBlockDeletingService.java:call(138)) - Running DeletedBlockTransactionScanner
2019-06-15 10:53:14,844 DEBUG block.SCMBlockDeletingService (SCMBlockDeletingService.java:call(155)) - Scanned deleted blocks log and got 0 delTX to process.
2019-06-15 10:53:14,851 INFO  client.GrpcClientProtocolClient (GrpcClientProtocolClient.java:onNext(254)) - client-09EBABE1B9AF->325d518f-bf0d-428a-814f-266b27e759e4: receive RaftClientReply:client-09EBABE1B9AF->325d518f-bf0d-428a-814f-266b27e759e4@group-9696F0872FC0, cid=3033, SUCCESS, logIndex=5005, commits[325d518f-bf0d-428a-814f-266b27e759e4:c5005]
2019-06-15 10:53:14,852 INFO  client.GrpcClientProtocolClient (GrpcClientProtocolClient.java:onNext(254)) - client-09EBABE1B9AF->325d518f-bf0d-428a-814f-266b27e759e4: receive RaftClientReply:client-09EBABE1B9AF->325d518f-bf0d-428a-814f-266b27e759e4@group-9696F0872FC0, cid=3034, SUCCESS, logIndex=5007, commits[325d518f-bf0d-428a-814f-266b27e759e4:c5007]
2019-06-15 10:53:14,853 INFO  client.GrpcClientProtocolClient (GrpcClientProtocolClient.java:onNext(254)) - client-09EBABE1B9AF->325d518f-bf0d-428a-814f-266b27e759e4: receive RaftClientReply:client-09EBABE1B9AF->325d518f-bf0d-428a-814f-266b27e759e4@group-9696F0872FC0, cid=3035, SUCCESS, logIndex=5008, commits[325d518f-bf0d-428a-814f-266b27e759e4:c5010]
2019-06-15 10:53:14,853 INFO  client.GrpcClientProtocolClient (GrpcClientProtocolClient.java:onNext(254)) - client-09EBABE1B9AF->325d518f-bf0d-428a-814f-266b27e759e4: receive RaftClientReply:client-09EBABE1B9AF->325d518f-bf0d-428a-814f-266b27e759e4@group-9696F0872FC0, cid=3036, SUCCESS, logIndex=5009, commits[325d518f-bf0d-428a-814f-266b27e759e4:c5010]
2019-06-15 10:53:14,858 INFO  client.GrpcClientProtocolClient (GrpcClientProtocolClient.java:onNext(254)) - client-09EBABE1B9AF->325d518f-bf0d-428a-814f-266b27e759e4: receive RaftClientReply:client-09EBABE1B9AF->325d518f-bf0d-428a-814f-266b27e759e4@group-9696F0872FC0, cid=3037, SUCCESS, logIndex=5011, commits[325d518f-bf0d-428a-814f-266b27e759e4:c5011]
2019-06-15 10:53:14,860 INFO  client.GrpcClientProtocolClient (GrpcClientProtocolClient.java:onNext(254)) - client-09EBABE1B9AF->325d518f-bf0d-428a-814f-266b27e759e4: receive RaftClientReply:client-09EBABE1B9AF->325d518f-bf0d-428a-814f-266b27e759e4@group-9696F0872FC0, cid=3038, SUCCESS, logIndex=5013, commits[325d518f-bf0d-428a-814f-266b27e759e4:c5013]
2019-06-15 10:53:14,860 INFO  client.GrpcClientProtocolClient (GrpcClientProtocolClient.java:onNext(254)) - client-09EBABE1B9AF->325d518f-bf0d-428a-814f-266b27e759e4: receive RaftClientReply:client-09EBABE1B9AF->325d518f-bf0d-428a-814f-266b27e759e4@group-9696F0872FC0, cid=3039, SUCCESS, logIndex=5014, commits[325d518f-bf0d-428a-814f-266b27e759e4:c5015]
2019-06-15 10:53:14,860 INFO  client.GrpcClientProtocolClient (GrpcClientProtocolClient.java:onNext(254)) - client-09EBABE1B9AF->325d518f-bf0d-428a-814f-266b27e759e4: receive RaftClientReply:client-09EBABE1B9AF->325d518f-bf0d-428a-814f-266b27e759e4@group-9696F0872FC0, cid=3040, SUCCESS, logIndex=5015, commits[325d518f-bf0d-428a-814f-266b27e759e4:c5015]
2019-06-15 10:53:14,870 INFO  client.GrpcClientProtocolClient (GrpcClientProtocolClient.java:onNext(254)) - client-09EBABE1B9AF->325d518f-bf0d-428a-814f-266b27e759e4: receive RaftClientReply:client-09EBABE1B9AF->325d518f-bf0d-428a-814f-266b27e759e4@group-9696F0872FC0, cid=3041, SUCCESS, logIndex=5018, commits[325d518f-bf0d-428a-814f-266b27e759e4:c5018]
2019-06-15 10:53:14,870 INFO  client.GrpcClientProtocolClient (GrpcClientProtocolClient.java:onNext(254)) - client-09EBABE1B9AF->325d518f-bf0d-428a-814f-266b27e759e4: receive RaftClientReply:client-09EBABE1B9AF->325d518f-bf0d-428a-814f-266b27e759e4@group-9696F0872FC0, cid=3042, SUCCESS, logIndex=5020, commits[325d518f-bf0d-428a-814f-266b27e759e4:c5020]
2019-06-15 10:53:14,872 INFO  client.GrpcClientProtocolClient (GrpcClientProtocolClient.java:onNext(254)) - client-09EBABE1B9AF->325d518f-bf0d-428a-814f-266b27e759e4: receive RaftClientReply:client-09EBABE1B9AF->325d518f-bf0d-428a-814f-266b27e759e4@group-9696F0872FC0, cid=3043, SUCCESS, logIndex=5021, commits[325d518f-bf0d-428a-814f-266b27e759e4:c5023]
2019-06-15 10:53:14,872 INFO  client.GrpcClientProtocolClient (GrpcClientProtocolClient.java:onNext(254)) - client-09EBABE1B9AF->325d518f-bf0d-428a-814f-266b27e759e4: receive RaftClientReply:client-09EBABE1B9AF->325d518f-bf0d-428a-814f-266b27e759e4@group-9696F0872FC0, cid=3044, SUCCESS, logIndex=5022, commits[325d518f-bf0d-428a-814f-266b27e759e4:c5023]
2019-06-15 10:53:14,877 INFO  client.GrpcClientProtocolClient (GrpcClientProtocolClient.java:onNext(254)) - client-09EBABE1B9AF->325d518f-bf0d-428a-814f-266b27e759e4: receive RaftClientReply:client-09EBABE1B9AF->325d518f-bf0d-428a-814f-266b27e759e4@group-9696F0872FC0, cid=3045, SUCCESS, logIndex=5024, commits[325d518f-bf0d-428a-814f-266b27e759e4:c5024]
2019-06-15 10:53:14,878 INFO  client.GrpcClientProtocolClient (GrpcClientProtocolClient.java:onNext(254)) - client-09EBABE1B9AF->325d518f-bf0d-428a-814f-266b27e759e4: receive RaftClientReply:client-09EBABE1B9AF->325d518f-bf0d-428a-814f-266b27e759e4@group-9696F0872FC0, cid=3046, SUCCESS, logIndex=5026, commits[325d518f-bf0d-428a-814f-266b27e759e4:c5026]
2019-06-15 10:53:14,880 INFO  client.GrpcClientProtocolClient (GrpcClientProtocolClient.java:onNext(254)) - client-09EBABE1B9AF->325d518f-bf0d-428a-814f-266b27e759e4: receive RaftClientReply:client-09EBABE1B9AF->325d518f-bf0d-428a-814f-266b27e759e4@group-9696F0872FC0, cid=3047, SUCCESS, logIndex=5028, commits[325d518f-bf0d-428a-814f-266b27e759e4:c5028]
2019-06-15 10:53:14,880 INFO  client.GrpcClientProtocolClient (GrpcClientProtocolClient.java:onNext(254)) - client-09EBABE1B9AF->325d518f-bf0d-428a-814f-266b27e759e4: receive RaftClientReply:client-09EBABE1B9AF->325d518f-bf0d-428a-814f-266b27e759e4@group-9696F0872FC0, cid=3048, SUCCESS, logIndex=5029, commits[325d518f-bf0d-428a-814f-266b27e759e4:c5029]
2019-06-15 10:53:14,893 INFO  client.GrpcClientProtocolClient (GrpcClientProtocolClient.java:onNext(254)) - client-09EBABE1B9AF->325d518f-bf0d-428a-814f-266b27e759e4: receive RaftClientReply:client-09EBABE1B9AF->325d518f-bf0d-428a-814f-266b27e759e4@group-9696F0872FC0, cid=3049, SUCCESS, logIndex=5032, commits[325d518f-bf0d-428a-814f-266b27e759e4:c5032]
2019-06-15 10:53:14,895 INFO  client.GrpcClientProtocolClient (GrpcClientProtocolClient.java:onNext(254)) - client-09EBABE1B9AF->325d518f-bf0d-428a-814f-266b27e759e4: receive RaftClientReply:client-09EBABE1B9AF->325d518f-bf0d-428a-814f-266b27e759e4@group-9696F0872FC0, cid=3050, SUCCESS, logIndex=5034, commits[325d518f-bf0d-428a-814f-266b27e759e4:c5034]
2019-06-15 10:53:14,945 DEBUG block.SCMBlockDeletingService (SCMBlockDeletingService.java:call(138)) - Running DeletedBlockTransactionScanner
2019-06-15 10:53:14,945 DEBUG block.SCMBlockDeletingService (SCMBlockDeletingService.java:call(155)) - Scanned deleted blocks log and got 0 delTX to process.
2019-06-15 10:53:14,963 INFO  client.GrpcClientProtocolClient (GrpcClientProtocolClient.java:onNext(254)) - client-09EBABE1B9AF->325d518f-bf0d-428a-814f-266b27e759e4: receive RaftClientReply:client-09EBABE1B9AF->325d518f-bf0d-428a-814f-266b27e759e4@group-9696F0872FC0, cid=3051, SUCCESS, logIndex=5036, commits[325d518f-bf0d-428a-814f-266b27e759e4:c5036]
2019-06-15 10:53:14,964 INFO  client.GrpcClientProtocolClient (GrpcClientProtocolClient.java:onNext(254)) - client-09EBABE1B9AF->325d518f-bf0d-428a-814f-266b27e759e4: receive RaftClientReply:client-09EBABE1B9AF->325d518f-bf0d-428a-814f-266b27e759e4@group-9696F0872FC0, cid=3052, SUCCESS, logIndex=5038, commits[325d518f-bf0d-428a-814f-266b27e759e4:c5038]
2019-06-15 10:53:14,969 INFO  storage.RaftLogWorker (RaftLogWorker.java:rollLogSegment(303)) - 325d518f-bf0d-428a-814f-266b27e759e4-RaftLogWorker: Rolling segment log-4971_5041 to index:5041
2019-06-15 10:53:14,969 INFO  client.GrpcClientProtocolClient (GrpcClientProtocolClient.java:onNext(254)) - client-09EBABE1B9AF->325d518f-bf0d-428a-814f-266b27e759e4: receive RaftClientReply:client-09EBABE1B9AF->325d518f-bf0d-428a-814f-266b27e759e4@group-9696F0872FC0, cid=3053, SUCCESS, logIndex=5040, commits[325d518f-bf0d-428a-814f-266b27e759e4:c5040]
2019-06-15 10:53:14,970 INFO  storage.RaftLogWorker (RaftLogWorker.java:execute(433)) - 325d518f-bf0d-428a-814f-266b27e759e4-RaftLogWorker: Rolled log segment from /opt/src/hadoop-ozone/integration-test/target/test-dir/MiniOzoneClusterImpl-dd99cefe-9779-4043-9d74-181b69d2a827/datanode-0/data/ratis/e0f1d9ef-e225-4b24-a786-9696f0872fc0/current/log_inprogress_4971 to /opt/src/hadoop-ozone/integration-test/target/test-dir/MiniOzoneClusterImpl-dd99cefe-9779-4043-9d74-181b69d2a827/datanode-0/data/ratis/e0f1d9ef-e225-4b24-a786-9696f0872fc0/current/log_4971-5041
2019-06-15 10:53:15,009 INFO  storage.RaftLogWorker (RaftLogWorker.java:execute(469)) - 325d518f-bf0d-428a-814f-266b27e759e4-RaftLogWorker: created new log segment /opt/src/hadoop-ozone/integration-test/target/test-dir/MiniOzoneClusterImpl-dd99cefe-9779-4043-9d74-181b69d2a827/datanode-0/data/ratis/e0f1d9ef-e225-4b24-a786-9696f0872fc0/current/log_inprogress_5042
2019-06-15 10:53:15,011 INFO  client.GrpcClientProtocolClient (GrpcClientProtocolClient.java:onNext(254)) - client-09EBABE1B9AF->325d518f-bf0d-428a-814f-266b27e759e4: receive RaftClientReply:client-09EBABE1B9AF->325d518f-bf0d-428a-814f-266b27e759e4@group-9696F0872FC0, cid=3054, SUCCESS, logIndex=5042, commits[325d518f-bf0d-428a-814f-266b27e759e4:c5044]
2019-06-15 10:53:15,011 INFO  client.GrpcClientProtocolClient (GrpcClientProtocolClient.java:onNext(254)) - client-09EBABE1B9AF->325d518f-bf0d-428a-814f-266b27e759e4: receive RaftClientReply:client-09EBABE1B9AF->325d518f-bf0d-428a-814f-266b27e759e4@group-9696F0872FC0, cid=3055, SUCCESS, logIndex=5043, commits[325d518f-bf0d-428a-814f-266b27e759e4:c5044]
2019-06-15 10:53:15,011 INFO  client.GrpcClientProtocolClient (GrpcClientProtocolClient.java:onNext(254)) - client-09EBABE1B9AF->325d518f-bf0d-428a-814f-266b27e759e4: receive RaftClientReply:client-09EBABE1B9AF->325d518f-bf0d-428a-814f-266b27e759e4@group-9696F0872FC0, cid=3056, SUCCESS, logIndex=5044, commits[325d518f-bf0d-428a-814f-266b27e759e4:c5044]
2019-06-15 10:53:15,023 INFO  client.GrpcClientProtocolClient (GrpcClientProtocolClient.java:onNext(254)) - client-09EBABE1B9AF->325d518f-bf0d-428a-814f-266b27e759e4: receive RaftClientReply:client-09EBABE1B9AF->325d518f-bf0d-428a-814f-266b27e759e4@group-9696F0872FC0, cid=3057, SUCCESS, logIndex=5046, commits[325d518f-bf0d-428a-814f-266b27e759e4:c5046]
2019-06-15 10:53:15,025 INFO  client.GrpcClientProtocolClient (GrpcClientProtocolClient.java:onNext(254)) - client-09EBABE1B9AF->325d518f-bf0d-428a-814f-266b27e759e4: receive RaftClientReply:client-09EBABE1B9AF->325d518f-bf0d-428a-814f-266b27e759e4@group-9696F0872FC0, cid=3058, SUCCESS, logIndex=5048, commits[325d518f-bf0d-428a-814f-266b27e759e4:c5048]
2019-06-15 10:53:15,025 INFO  client.GrpcClientProtocolClient (GrpcClientProtocolClient.java:onNext(254)) - client-09EBABE1B9AF->325d518f-bf0d-428a-814f-266b27e759e4: receive RaftClientReply:client-09EBABE1B9AF->325d518f-bf0d-428a-814f-266b27e759e4@group-9696F0872FC0, cid=3059, SUCCESS, logIndex=5049, commits[325d518f-bf0d-428a-814f-266b27e759e4:c5051]
2019-06-15 10:53:15,026 INFO  client.GrpcClientProtocolClient (GrpcClientProtocolClient.java:onNext(254)) - client-09EBABE1B9AF->325d518f-bf0d-428a-814f-266b27e759e4: receive RaftClientReply:client-09EBABE1B9AF->325d518f-bf0d-428a-814f-266b27e759e4@group-9696F0872FC0, cid=3060, SUCCESS, logIndex=5050, commits[325d518f-bf0d-428a-814f-266b27e759e4:c5051]
2019-06-15 10:53:15,030 INFO  client.GrpcClientProtocolClient (GrpcClientProtocolClient.java:onNext(254)) - client-09EBABE1B9AF->325d518f-bf0d-428a-814f-266b27e759e4: receive RaftClientReply:client-09EBABE1B9AF->325d518f-bf0d-428a-814f-266b27e759e4@group-9696F0872FC0, cid=3061, SUCCESS, logIndex=5052, commits[325d518f-bf0d-428a-814f-266b27e759e4:c5052]
2019-06-15 10:53:15,032 INFO  client.GrpcClientProtocolClient (GrpcClientProtocolClient.java:onNext(254)) - client-09EBABE1B9AF->325d518f-bf0d-428a-814f-266b27e759e4: receive RaftClientReply:client-09EBABE1B9AF->325d518f-bf0d-428a-814f-266b27e759e4@group-9696F0872FC0, cid=3062, SUCCESS, logIndex=5054, commits[325d518f-bf0d-428a-814f-266b27e759e4:c5054]
2019-06-15 10:53:15,033 INFO  client.GrpcClientProtocolClient (GrpcClientProtocolClient.java:onNext(254)) - client-09EBABE1B9AF->325d518f-bf0d-428a-814f-266b27e759e4: receive RaftClientReply:client-09EBABE1B9AF->325d518f-bf0d-428a-814f-266b27e759e4@group-9696F0872FC0, cid=3063, SUCCESS, logIndex=5055, commits[325d518f-bf0d-428a-814f-266b27e759e4:c5057]
2019-06-15 10:53:15,033 INFO  client.GrpcClientProtocolClient (GrpcClientProtocolClient.java:onNext(254)) - client-09EBABE1B9AF->325d518f-bf0d-428a-814f-266b27e759e4: receive RaftClientReply:client-09EBABE1B9AF->325d518f-bf0d-428a-814f-266b27e759e4@group-9696F0872FC0, cid=3064, SUCCESS, logIndex=5056, commits[325d518f-bf0d-428a-814f-266b27e759e4:c5057]
2019-06-15 10:53:15,307 DEBUG block.SCMBlockDeletingService (SCMBlockDeletingService.java:call(138)) - Running DeletedBlockTransactionScanner
2019-06-15 10:53:15,307 DEBUG block.SCMBlockDeletingService (SCMBlockDeletingService.java:call(155)) - Scanned deleted blocks log and got 0 delTX to process.
2019-06-15 10:53:15,325 INFO  client.GrpcClientProtocolClient (GrpcClientProtocolClient.java:onNext(254)) - client-09EBABE1B9AF->325d518f-bf0d-428a-814f-266b27e759e4: receive RaftClientReply:client-09EBABE1B9AF->325d518f-bf0d-428a-814f-266b27e759e4@group-9696F0872FC0, cid=3065, SUCCESS, logIndex=5058, commits[325d518f-bf0d-428a-814f-266b27e759e4:c5058]
2019-06-15 10:53:15,326 INFO  client.GrpcClientProtocolClient (GrpcClientProtocolClient.java:onNext(254)) - client-09EBABE1B9AF->325d518f-bf0d-428a-814f-266b27e759e4: receive RaftClientReply:client-09EBABE1B9AF->325d518f-bf0d-428a-814f-266b27e759e4@group-9696F0872FC0, cid=3066, SUCCESS, logIndex=5060, commits[325d518f-bf0d-428a-814f-266b27e759e4:c5060]
2019-06-15 10:53:15,327 INFO  client.GrpcClientProtocolClient (GrpcClientProtocolClient.java:onNext(254)) - client-09EBABE1B9AF->325d518f-bf0d-428a-814f-266b27e759e4: receive RaftClientReply:client-09EBABE1B9AF->325d518f-bf0d-428a-814f-266b27e759e4@group-9696F0872FC0, cid=3067, SUCCESS, logIndex=5061, commits[325d518f-bf0d-428a-814f-266b27e759e4:c5063]
2019-06-15 10:53:15,328 INFO  client.GrpcClientProtocolClient (GrpcClientProtocolClient.java:onNext(254)) - client-09EBABE1B9AF->325d518f-bf0d-428a-814f-266b27e759e4: receive RaftClientReply:client-09EBABE1B9AF->325d518f-bf0d-428a-814f-266b27e759e4@group-9696F0872FC0, cid=3068, SUCCESS, logIndex=5062, commits[325d518f-bf0d-428a-814f-266b27e759e4:c5063]
2019-06-15 10:53:15,333 INFO  client.GrpcClientProtocolClient (GrpcClientProtocolClient.java:onNext(254)) - client-09EBABE1B9AF->325d518f-bf0d-428a-814f-266b27e759e4: receive RaftClientReply:client-09EBABE1B9AF->325d518f-bf0d-428a-814f-266b27e759e4@group-9696F0872FC0, cid=3069, SUCCESS, logIndex=5064, commits[325d518f-bf0d-428a-814f-266b27e759e4:c5064]
2019-06-15 10:53:15,334 INFO  client.GrpcClientProtocolClient (GrpcClientProtocolClient.java:onNext(254)) - client-09EBABE1B9AF->325d518f-bf0d-428a-814f-266b27e759e4: receive RaftClientReply:client-09EBABE1B9AF->325d518f-bf0d-428a-814f-266b27e759e4@group-9696F0872FC0, cid=3070, SUCCESS, logIndex=5066, commits[325d518f-bf0d-428a-814f-266b27e759e4:c5066]
2019-06-15 10:53:15,336 INFO  client.GrpcClientProtocolClient (GrpcClientProtocolClient.java:onNext(254)) - client-09EBABE1B9AF->325d518f-bf0d-428a-814f-266b27e759e4: receive RaftClientReply:client-09EBABE1B9AF->325d518f-bf0d-428a-814f-266b27e759e4@group-9696F0872FC0, cid=3071, SUCCESS, logIndex=5067, commits[325d518f-bf0d-428a-814f-266b27e759e4:c5069]
2019-06-15 10:53:15,336 INFO  client.GrpcClientProtocolClient (GrpcClientProtocolClient.java:onNext(254)) - client-09EBABE1B9AF->325d518f-bf0d-428a-814f-266b27e759e4: receive RaftClientReply:client-09EBABE1B9AF->325d518f-bf0d-428a-814f-266b27e759e4@group-9696F0872FC0, cid=3072, SUCCESS, logIndex=5068, commits[325d518f-bf0d-428a-814f-266b27e759e4:c5069]
2019-06-15 10:53:15,346 INFO  client.GrpcClientProtocolClient (GrpcClientProtocolClient.java:onNext(254)) - client-09EBABE1B9AF->325d518f-bf0d-428a-814f-266b27e759e4: receive RaftClientReply:client-09EBABE1B9AF->325d518f-bf0d-428a-814f-266b27e759e4@group-9696F0872FC0, cid=3073, SUCCESS, logIndex=5070, commits[325d518f-bf0d-428a-814f-266b27e759e4:c5070]
2019-06-15 10:53:15,347 INFO  client.GrpcClientProtocolClient (GrpcClientProtocolClient.java:onNext(254)) - client-09EBABE1B9AF->325d518f-bf0d-428a-814f-266b27e759e4: receive RaftClientReply:client-09EBABE1B9AF->325d518f-bf0d-428a-814f-266b27e759e4@group-9696F0872FC0, cid=3074, SUCCESS, logIndex=5072, commits[325d518f-bf0d-428a-814f-266b27e759e4:c5072]
2019-06-15 10:53:15,348 INFO  client.GrpcClientProtocolClient (GrpcClientProtocolClient.java:onNext(254)) - client-09EBABE1B9AF->325d518f-bf0d-428a-814f-266b27e759e4: receive RaftClientReply:client-09EBABE1B9AF->325d518f-bf0d-428a-814f-266b27e759e4@group-9696F0872FC0, cid=3075, SUCCESS, logIndex=5073, commits[325d518f-bf0d-428a-814f-266b27e759e4:c5075]
2019-06-15 10:53:15,349 INFO  client.GrpcClientProtocolClient (GrpcClientProtocolClient.java:onNext(254)) - client-09EBABE1B9AF->325d518f-bf0d-428a-814f-266b27e759e4: receive RaftClientReply:client-09EBABE1B9AF->325d518f-bf0d-428a-814f-266b27e759e4@group-9696F0872FC0, cid=3076, SUCCESS, logIndex=5074, commits[325d518f-bf0d-428a-814f-266b27e759e4:c5075]
2019-06-15 10:53:15,353 INFO  client.GrpcClientProtocolClient (GrpcClientProtocolClient.java:onNext(254)) - client-09EBABE1B9AF->325d518f-bf0d-428a-814f-266b27e759e4: receive RaftClientReply:client-09EBABE1B9AF->325d518f-bf0d-428a-814f-266b27e759e4@group-9696F0872FC0, cid=3077, SUCCESS, logIndex=5076, commits[325d518f-bf0d-428a-814f-266b27e759e4:c5076]
2019-06-15 10:53:15,355 INFO  client.GrpcClientProtocolClient (GrpcClientProtocolClient.java:onNext(254)) - client-09EBABE1B9AF->325d518f-bf0d-428a-814f-266b27e759e4: receive RaftClientReply:client-09EBABE1B9AF->325d518f-bf0d-428a-814f-266b27e759e4@group-9696F0872FC0, cid=3078, SUCCESS, logIndex=5078, commits[325d518f-bf0d-428a-814f-266b27e759e4:c5078]
2019-06-15 10:53:15,356 INFO  client.GrpcClientProtocolClient (GrpcClientProtocolClient.java:onNext(254)) - client-09EBABE1B9AF->325d518f-bf0d-428a-814f-266b27e759e4: receive RaftClientReply:client-09EBABE1B9AF->325d518f-bf0d-428a-814f-266b27e759e4@group-9696F0872FC0, cid=3079, SUCCESS, logIndex=5079, commits[325d518f-bf0d-428a-814f-266b27e759e4:c5080]
2019-06-15 10:53:15,356 INFO  client.GrpcClientProtocolClient (GrpcClientProtocolClient.java:onNext(254)) - client-09EBABE1B9AF->325d518f-bf0d-428a-814f-266b27e759e4: receive RaftClientReply:client-09EBABE1B9AF->325d518f-bf0d-428a-814f-266b27e759e4@group-9696F0872FC0, cid=3080, SUCCESS, logIndex=5080, commits[325d518f-bf0d-428a-814f-266b27e759e4:c5080]
2019-06-15 10:53:15,365 INFO  client.GrpcClientProtocolClient (GrpcClientProtocolClient.java:onNext(254)) - client-09EBABE1B9AF->325d518f-bf0d-428a-814f-266b27e759e4: receive RaftClientReply:client-09EBABE1B9AF->325d518f-bf0d-428a-814f-266b27e759e4@group-9696F0872FC0, cid=3081, SUCCESS, logIndex=5083, commits[325d518f-bf0d-428a-814f-266b27e759e4:c5083]
2019-06-15 10:53:15,366 INFO  client.GrpcClientProtocolClient (GrpcClientProtocolClient.java:onNext(254)) - client-09EBABE1B9AF->325d518f-bf0d-428a-814f-266b27e759e4: receive RaftClientReply:client-09EBABE1B9AF->325d518f-bf0d-428a-814f-266b27e759e4@group-9696F0872FC0, cid=3082, SUCCESS, logIndex=5085, commits[325d518f-bf0d-428a-814f-266b27e759e4:c5085]
2019-06-15 10:53:15,367 INFO  client.GrpcClientProtocolClient (GrpcClientProtocolClient.java:onNext(254)) - client-09EBABE1B9AF->325d518f-bf0d-428a-814f-266b27e759e4: receive RaftClientReply:client-09EBABE1B9AF->325d518f-bf0d-428a-814f-266b27e759e4@group-9696F0872FC0, cid=3083, SUCCESS, logIndex=5086, commits[325d518f-bf0d-428a-814f-266b27e759e4:c5088]
2019-06-15 10:53:15,367 INFO  client.GrpcClientProtocolClient (GrpcClientProtocolClient.java:onNext(254)) - client-09EBABE1B9AF->325d518f-bf0d-428a-814f-266b27e759e4: receive RaftClientReply:client-09EBABE1B9AF->325d518f-bf0d-428a-814f-266b27e759e4@group-9696F0872FC0, cid=3084, SUCCESS, logIndex=5087, commits[325d518f-bf0d-428a-814f-266b27e759e4:c5088]
2019-06-15 10:53:15,372 INFO  client.GrpcClientProtocolClient (GrpcClientProtocolClient.java:onNext(254)) - client-09EBABE1B9AF->325d518f-bf0d-428a-814f-266b27e759e4: receive RaftClientReply:client-09EBABE1B9AF->325d518f-bf0d-428a-814f-266b27e759e4@group-9696F0872FC0, cid=3085, SUCCESS, logIndex=5089, commits[325d518f-bf0d-428a-814f-266b27e759e4:c5089]
2019-06-15 10:53:15,373 INFO  client.GrpcClientProtocolClient (GrpcClientProtocolClient.java:onNext(254)) - client-09EBABE1B9AF->325d518f-bf0d-428a-814f-266b27e759e4: receive RaftClientReply:client-09EBABE1B9AF->325d518f-bf0d-428a-814f-266b27e759e4@group-9696F0872FC0, cid=3086, SUCCESS, logIndex=5091, commits[325d518f-bf0d-428a-814f-266b27e759e4:c5091]
2019-06-15 10:53:15,374 INFO  client.GrpcClientProtocolClient (GrpcClientProtocolClient.java:onNext(254)) - client-09EBABE1B9AF->325d518f-bf0d-428a-814f-266b27e759e4: receive RaftClientReply:client-09EBABE1B9AF->325d518f-bf0d-428a-814f-266b27e759e4@group-9696F0872FC0, cid=3087, SUCCESS, logIndex=5092, commits[325d518f-bf0d-428a-814f-266b27e759e4:c5094]
2019-06-15 10:53:15,374 INFO  client.GrpcClientProtocolClient (GrpcClientProtocolClient.java:onNext(254)) - client-09EBABE1B9AF->325d518f-bf0d-428a-814f-266b27e759e4: receive RaftClientReply:client-09EBABE1B9AF->325d518f-bf0d-428a-814f-266b27e759e4@group-9696F0872FC0, cid=3088, SUCCESS, logIndex=5093, commits[325d518f-bf0d-428a-814f-266b27e759e4:c5094]
2019-06-15 10:53:15,384 INFO  client.GrpcClientProtocolClient (GrpcClientProtocolClient.java:onNext(254)) - client-09EBABE1B9AF->325d518f-bf0d-428a-814f-266b27e759e4: receive RaftClientReply:client-09EBABE1B9AF->325d518f-bf0d-428a-814f-266b27e759e4@group-9696F0872FC0, cid=3089, SUCCESS, logIndex=5095, commits[325d518f-bf0d-428a-814f-266b27e759e4:c5095]
2019-06-15 10:53:15,385 INFO  client.GrpcClientProtocolClient (GrpcClientProtocolClient.java:onNext(254)) - client-09EBABE1B9AF->325d518f-bf0d-428a-814f-266b27e759e4: receive RaftClientReply:client-09EBABE1B9AF->325d518f-bf0d-428a-814f-266b27e759e4@group-9696F0872FC0, cid=3090, SUCCESS, logIndex=5097, commits[325d518f-bf0d-428a-814f-266b27e759e4:c5097]
2019-06-15 10:53:15,386 INFO  client.GrpcClientProtocolClient (GrpcClientProtocolClient.java:onNext(254)) - client-09EBABE1B9AF->325d518f-bf0d-428a-814f-266b27e759e4: receive RaftClientReply:client-09EBABE1B9AF->325d518f-bf0d-428a-814f-266b27e759e4@group-9696F0872FC0, cid=3091, SUCCESS, logIndex=5098, commits[325d518f-bf0d-428a-814f-266b27e759e4:c5100]
2019-06-15 10:53:15,386 INFO  client.GrpcClientProtocolClient (GrpcClientProtocolClient.java:onNext(254)) - client-09EBABE1B9AF->325d518f-bf0d-428a-814f-266b27e759e4: receive RaftClientReply:client-09EBABE1B9AF->325d518f-bf0d-428a-814f-266b27e759e4@group-9696F0872FC0, cid=3092, SUCCESS, logIndex=5099, commits[325d518f-bf0d-428a-814f-266b27e759e4:c5100]
2019-06-15 10:53:15,391 INFO  client.GrpcClientProtocolClient (GrpcClientProtocolClient.java:onNext(254)) - client-09EBABE1B9AF->325d518f-bf0d-428a-814f-266b27e759e4: receive RaftClientReply:client-09EBABE1B9AF->325d518f-bf0d-428a-814f-266b27e759e4@group-9696F0872FC0, cid=3093, SUCCESS, logIndex=5101, commits[325d518f-bf0d-428a-814f-266b27e759e4:c5101]
2019-06-15 10:53:15,392 INFO  client.GrpcClientProtocolClient (GrpcClientProtocolClient.java:onNext(254)) - client-09EBABE1B9AF->325d518f-bf0d-428a-814f-266b27e759e4: receive RaftClientReply:client-09EBABE1B9AF->325d518f-bf0d-428a-814f-266b27e759e4@group-9696F0872FC0, cid=3094, SUCCESS, logIndex=5103, commits[325d518f-bf0d-428a-814f-266b27e759e4:c5103]
2019-06-15 10:53:15,408 DEBUG block.SCMBlockDeletingService (SCMBlockDeletingService.java:call(138)) - Running DeletedBlockTransactionScanner
2019-06-15 10:53:15,408 DEBUG block.SCMBlockDeletingService (SCMBlockDeletingService.java:call(155)) - Scanned deleted blocks log and got 0 delTX to process.
2019-06-15 10:53:15,458 INFO  client.GrpcClientProtocolClient (GrpcClientProtocolClient.java:onNext(254)) - client-09EBABE1B9AF->325d518f-bf0d-428a-814f-266b27e759e4: receive RaftClientReply:client-09EBABE1B9AF->325d518f-bf0d-428a-814f-266b27e759e4@group-9696F0872FC0, cid=3095, SUCCESS, logIndex=5105, commits[325d518f-bf0d-428a-814f-266b27e759e4:c5105]
2019-06-15 10:53:15,459 INFO  client.GrpcClientProtocolClient (GrpcClientProtocolClient.java:onNext(254)) - client-09EBABE1B9AF->325d518f-bf0d-428a-814f-266b27e759e4: receive RaftClientReply:client-09EBABE1B9AF->325d518f-bf0d-428a-814f-266b27e759e4@group-9696F0872FC0, cid=3096, SUCCESS, logIndex=5107, commits[325d518f-bf0d-428a-814f-266b27e759e4:c5107]
2019-06-15 10:53:15,468 INFO  storage.RaftLogWorker (RaftLogWorker.java:rollLogSegment(303)) - 325d518f-bf0d-428a-814f-266b27e759e4-RaftLogWorker: Rolling segment log-5042_5108 to index:5108
2019-06-15 10:53:15,468 INFO  storage.RaftLogWorker (RaftLogWorker.java:execute(433)) - 325d518f-bf0d-428a-814f-266b27e759e4-RaftLogWorker: Rolled log segment from /opt/src/hadoop-ozone/integration-test/target/test-dir/MiniOzoneClusterImpl-dd99cefe-9779-4043-9d74-181b69d2a827/datanode-0/data/ratis/e0f1d9ef-e225-4b24-a786-9696f0872fc0/current/log_inprogress_5042 to /opt/src/hadoop-ozone/integration-test/target/test-dir/MiniOzoneClusterImpl-dd99cefe-9779-4043-9d74-181b69d2a827/datanode-0/data/ratis/e0f1d9ef-e225-4b24-a786-9696f0872fc0/current/log_5042-5108
2019-06-15 10:53:15,505 INFO  storage.RaftLogWorker (RaftLogWorker.java:execute(469)) - 325d518f-bf0d-428a-814f-266b27e759e4-RaftLogWorker: created new log segment /opt/src/hadoop-ozone/integration-test/target/test-dir/MiniOzoneClusterImpl-dd99cefe-9779-4043-9d74-181b69d2a827/datanode-0/data/ratis/e0f1d9ef-e225-4b24-a786-9696f0872fc0/current/log_inprogress_5109
2019-06-15 10:53:15,506 INFO  client.GrpcClientProtocolClient (GrpcClientProtocolClient.java:onNext(254)) - client-09EBABE1B9AF->325d518f-bf0d-428a-814f-266b27e759e4: receive RaftClientReply:client-09EBABE1B9AF->325d518f-bf0d-428a-814f-266b27e759e4@group-9696F0872FC0, cid=3097, SUCCESS, logIndex=5109, commits[325d518f-bf0d-428a-814f-266b27e759e4:c5109]
2019-06-15 10:53:15,508 INFO  client.GrpcClientProtocolClient (GrpcClientProtocolClient.java:onNext(254)) - client-09EBABE1B9AF->325d518f-bf0d-428a-814f-266b27e759e4: receive RaftClientReply:client-09EBABE1B9AF->325d518f-bf0d-428a-814f-266b27e759e4@group-9696F0872FC0, cid=3098, SUCCESS, logIndex=5111, commits[325d518f-bf0d-428a-814f-266b27e759e4:c5111]
2019-06-15 10:53:15,508 DEBUG block.SCMBlockDeletingService (SCMBlockDeletingService.java:call(138)) - Running DeletedBlockTransactionScanner
2019-06-15 10:53:15,508 DEBUG block.SCMBlockDeletingService (SCMBlockDeletingService.java:call(155)) - Scanned deleted blocks log and got 0 delTX to process.
2019-06-15 10:53:15,509 INFO  client.GrpcClientProtocolClient (GrpcClientProtocolClient.java:onNext(254)) - client-09EBABE1B9AF->325d518f-bf0d-428a-814f-266b27e759e4: receive RaftClientReply:client-09EBABE1B9AF->325d518f-bf0d-428a-814f-266b27e759e4@group-9696F0872FC0, cid=3099, SUCCESS, logIndex=5112, commits[325d518f-bf0d-428a-814f-266b27e759e4:c5114]
2019-06-15 10:53:15,509 INFO  client.GrpcClientProtocolClient (GrpcClientProtocolClient.java:onNext(254)) - client-09EBABE1B9AF->325d518f-bf0d-428a-814f-266b27e759e4: receive RaftClientReply:client-09EBABE1B9AF->325d518f-bf0d-428a-814f-266b27e759e4@group-9696F0872FC0, cid=3100, SUCCESS, logIndex=5113, commits[325d518f-bf0d-428a-814f-266b27e759e4:c5114]
2019-06-15 10:53:15,514 INFO  client.GrpcClientProtocolClient (GrpcClientProtocolClient.java:onNext(254)) - client-09EBABE1B9AF->325d518f-bf0d-428a-814f-266b27e759e4: receive RaftClientReply:client-09EBABE1B9AF->325d518f-bf0d-428a-814f-266b27e759e4@group-9696F0872FC0, cid=3101, SUCCESS, logIndex=5115, commits[325d518f-bf0d-428a-814f-266b27e759e4:c5115]
2019-06-15 10:53:15,515 INFO  client.GrpcClientProtocolClient (GrpcClientProtocolClient.java:onNext(254)) - client-09EBABE1B9AF->325d518f-bf0d-428a-814f-266b27e759e4: receive RaftClientReply:client-09EBABE1B9AF->325d518f-bf0d-428a-814f-266b27e759e4@group-9696F0872FC0, cid=3102, SUCCESS, logIndex=5117, commits[325d518f-bf0d-428a-814f-266b27e759e4:c5117]
2019-06-15 10:53:15,516 INFO  client.GrpcClientProtocolClient (GrpcClientProtocolClient.java:onNext(254)) - client-09EBABE1B9AF->325d518f-bf0d-428a-814f-266b27e759e4: receive RaftClientReply:client-09EBABE1B9AF->325d518f-bf0d-428a-814f-266b27e759e4@group-9696F0872FC0, cid=3103, SUCCESS, logIndex=5118, commits[325d518f-bf0d-428a-814f-266b27e759e4:c5120]
2019-06-15 10:53:15,516 INFO  client.GrpcClientProtocolClient (GrpcClientProtocolClient.java:onNext(254)) - client-09EBABE1B9AF->325d518f-bf0d-428a-814f-266b27e759e4: receive RaftClientReply:client-09EBABE1B9AF->325d518f-bf0d-428a-814f-266b27e759e4@group-9696F0872FC0, cid=3104, SUCCESS, logIndex=5119, commits[325d518f-bf0d-428a-814f-266b27e759e4:c5120]
2019-06-15 10:53:15,525 INFO  client.GrpcClientProtocolClient (GrpcClientProtocolClient.java:onNext(254)) - client-09EBABE1B9AF->325d518f-bf0d-428a-814f-266b27e759e4: receive RaftClientReply:client-09EBABE1B9AF->325d518f-bf0d-428a-814f-266b27e759e4@group-9696F0872FC0, cid=3105, SUCCESS, logIndex=5121, commits[325d518f-bf0d-428a-814f-266b27e759e4:c5121]
2019-06-15 10:53:15,526 INFO  client.GrpcClientProtocolClient (GrpcClientProtocolClient.java:onNext(254)) - client-09EBABE1B9AF->325d518f-bf0d-428a-814f-266b27e759e4: receive RaftClientReply:client-09EBABE1B9AF->325d518f-bf0d-428a-814f-266b27e759e4@group-9696F0872FC0, cid=3106, SUCCESS, logIndex=5123, commits[325d518f-bf0d-428a-814f-266b27e759e4:c5123]
2019-06-15 10:53:15,528 INFO  client.GrpcClientProtocolClient (GrpcClientProtocolClient.java:onNext(254)) - client-09EBABE1B9AF->325d518f-bf0d-428a-814f-266b27e759e4: receive RaftClientReply:client-09EBABE1B9AF->325d518f-bf0d-428a-814f-266b27e759e4@group-9696F0872FC0, cid=3107, SUCCESS, logIndex=5124, commits[325d518f-bf0d-428a-814f-266b27e759e4:c5126]
2019-06-15 10:53:15,528 INFO  client.GrpcClientProtocolClient (GrpcClientProtocolClient.java:onNext(254)) - client-09EBABE1B9AF->325d518f-bf0d-428a-814f-266b27e759e4: receive RaftClientReply:client-09EBABE1B9AF->325d518f-bf0d-428a-814f-266b27e759e4@group-9696F0872FC0, cid=3108, SUCCESS, logIndex=5125, commits[325d518f-bf0d-428a-814f-266b27e759e4:c5126]
2019-06-15 10:53:15,532 INFO  client.GrpcClientProtocolClient (GrpcClientProtocolClient.java:onNext(254)) - client-09EBABE1B9AF->325d518f-bf0d-428a-814f-266b27e759e4: receive RaftClientReply:client-09EBABE1B9AF->325d518f-bf0d-428a-814f-266b27e759e4@group-9696F0872FC0, cid=3109, SUCCESS, logIndex=5127, commits[325d518f-bf0d-428a-814f-266b27e759e4:c5127]
2019-06-15 10:53:15,533 INFO  client.GrpcClientProtocolClient (GrpcClientProtocolClient.java:onNext(254)) - client-09EBABE1B9AF->325d518f-bf0d-428a-814f-266b27e759e4: receive RaftClientReply:client-09EBABE1B9AF->325d518f-bf0d-428a-814f-266b27e759e4@group-9696F0872FC0, cid=3110, SUCCESS, logIndex=5129, commits[325d518f-bf0d-428a-814f-266b27e759e4:c5129]
2019-06-15 10:53:15,535 INFO  client.GrpcClientProtocolClient (GrpcClientProtocolClient.java:onNext(254)) - client-09EBABE1B9AF->325d518f-bf0d-428a-814f-266b27e759e4: receive RaftClientReply:client-09EBABE1B9AF->325d518f-bf0d-428a-814f-266b27e759e4@group-9696F0872FC0, cid=3111, SUCCESS, logIndex=5130, commits[325d518f-bf0d-428a-814f-266b27e759e4:c5132]
2019-06-15 10:53:15,535 INFO  client.GrpcClientProtocolClient (GrpcClientProtocolClient.java:onNext(254)) - client-09EBABE1B9AF->325d518f-bf0d-428a-814f-266b27e759e4: receive RaftClientReply:client-09EBABE1B9AF->325d518f-bf0d-428a-814f-266b27e759e4@group-9696F0872FC0, cid=3112, SUCCESS, logIndex=5131, commits[325d518f-bf0d-428a-814f-266b27e759e4:c5132]
2019-06-15 10:53:15,546 INFO  client.GrpcClientProtocolClient (GrpcClientProtocolClient.java:onNext(254)) - client-09EBABE1B9AF->325d518f-bf0d-428a-814f-266b27e759e4: receive RaftClientReply:client-09EBABE1B9AF->325d518f-bf0d-428a-814f-266b27e759e4@group-9696F0872FC0, cid=3113, SUCCESS, logIndex=5133, commits[325d518f-bf0d-428a-814f-266b27e759e4:c5133]
2019-06-15 10:53:15,547 INFO  client.GrpcClientProtocolClient (GrpcClientProtocolClient.java:onNext(254)) - client-09EBABE1B9AF->325d518f-bf0d-428a-814f-266b27e759e4: receive RaftClientReply:client-09EBABE1B9AF->325d518f-bf0d-428a-814f-266b27e759e4@group-9696F0872FC0, cid=3114, SUCCESS, logIndex=5135, commits[325d518f-bf0d-428a-814f-266b27e759e4:c5135]
2019-06-15 10:53:15,548 INFO  client.GrpcClientProtocolClient (GrpcClientProtocolClient.java:onNext(254)) - client-09EBABE1B9AF->325d518f-bf0d-428a-814f-266b27e759e4: receive RaftClientReply:client-09EBABE1B9AF->325d518f-bf0d-428a-814f-266b27e759e4@group-9696F0872FC0, cid=3115, SUCCESS, logIndex=5136, commits[325d518f-bf0d-428a-814f-266b27e759e4:c5138]
2019-06-15 10:53:15,548 INFO  client.GrpcClientProtocolClient (GrpcClientProtocolClient.java:onNext(254)) - client-09EBABE1B9AF->325d518f-bf0d-428a-814f-266b27e759e4: receive RaftClientReply:client-09EBABE1B9AF->325d518f-bf0d-428a-814f-266b27e759e4@group-9696F0872FC0, cid=3116, SUCCESS, logIndex=5137, commits[325d518f-bf0d-428a-814f-266b27e759e4:c5138]
2019-06-15 10:53:15,553 INFO  client.GrpcClientProtocolClient (GrpcClientProtocolClient.java:onNext(254)) - client-09EBABE1B9AF->325d518f-bf0d-428a-814f-266b27e759e4: receive RaftClientReply:client-09EBABE1B9AF->325d518f-bf0d-428a-814f-266b27e759e4@group-9696F0872FC0, cid=3117, SUCCESS, logIndex=5139, commits[325d518f-bf0d-428a-814f-266b27e759e4:c5139]
2019-06-15 10:53:15,554 INFO  client.GrpcClientProtocolClient (GrpcClientProtocolClient.java:onNext(254)) - client-09EBABE1B9AF->325d518f-bf0d-428a-814f-266b27e759e4: receive RaftClientReply:client-09EBABE1B9AF->325d518f-bf0d-428a-814f-266b27e759e4@group-9696F0872FC0, cid=3118, SUCCESS, logIndex=5141, commits[325d518f-bf0d-428a-814f-266b27e759e4:c5141]
2019-06-15 10:53:15,555 INFO  client.GrpcClientProtocolClient (GrpcClientProtocolClient.java:onNext(254)) - client-09EBABE1B9AF->325d518f-bf0d-428a-814f-266b27e759e4: receive RaftClientReply:client-09EBABE1B9AF->325d518f-bf0d-428a-814f-266b27e759e4@group-9696F0872FC0, cid=3119, SUCCESS, logIndex=5142, commits[325d518f-bf0d-428a-814f-266b27e759e4:c5144]
2019-06-15 10:53:15,555 INFO  client.GrpcClientProtocolClient (GrpcClientProtocolClient.java:onNext(254)) - client-09EBABE1B9AF->325d518f-bf0d-428a-814f-266b27e759e4: receive RaftClientReply:client-09EBABE1B9AF->325d518f-bf0d-428a-814f-266b27e759e4@group-9696F0872FC0, cid=3120, SUCCESS, logIndex=5143, commits[325d518f-bf0d-428a-814f-266b27e759e4:c5144]
2019-06-15 10:53:15,565 INFO  client.GrpcClientProtocolClient (GrpcClientProtocolClient.java:onNext(254)) - client-09EBABE1B9AF->325d518f-bf0d-428a-814f-266b27e759e4: receive RaftClientReply:client-09EBABE1B9AF->325d518f-bf0d-428a-814f-266b27e759e4@group-9696F0872FC0, cid=3121, SUCCESS, logIndex=5145, commits[325d518f-bf0d-428a-814f-266b27e759e4:c5145]
2019-06-15 10:53:15,570 INFO  client.GrpcClientProtocolClient (GrpcClientProtocolClient.java:onNext(254)) - client-09EBABE1B9AF->325d518f-bf0d-428a-814f-266b27e759e4: receive RaftClientReply:client-09EBABE1B9AF->325d518f-bf0d-428a-814f-266b27e759e4@group-9696F0872FC0, cid=3122, SUCCESS, logIndex=5147, commits[325d518f-bf0d-428a-814f-266b27e759e4:c5147]
2019-06-15 10:53:15,570 INFO  client.GrpcClientProtocolClient (GrpcClientProtocolClient.java:onNext(254)) - client-09EBABE1B9AF->325d518f-bf0d-428a-814f-266b27e759e4: receive RaftClientReply:client-09EBABE1B9AF->325d518f-bf0d-428a-814f-266b27e759e4@group-9696F0872FC0, cid=3123, SUCCESS, logIndex=5148, commits[325d518f-bf0d-428a-814f-266b27e759e4:c5150]
2019-06-15 10:53:15,571 INFO  client.GrpcClientProtocolClient (GrpcClientProtocolClient.java:onNext(254)) - client-09EBABE1B9AF->325d518f-bf0d-428a-814f-266b27e759e4: receive RaftClientReply:client-09EBABE1B9AF->325d518f-bf0d-428a-814f-266b27e759e4@group-9696F0872FC0, cid=3124, SUCCESS, logIndex=5149, commits[325d518f-bf0d-428a-814f-266b27e759e4:c5150]
2019-06-15 10:53:15,576 INFO  client.GrpcClientProtocolClient (GrpcClientProtocolClient.java:onNext(254)) - client-09EBABE1B9AF->325d518f-bf0d-428a-814f-266b27e759e4: receive RaftClientReply:client-09EBABE1B9AF->325d518f-bf0d-428a-814f-266b27e759e4@group-9696F0872FC0, cid=3125, SUCCESS, logIndex=5151, commits[325d518f-bf0d-428a-814f-266b27e759e4:c5151]
2019-06-15 10:53:15,577 INFO  client.GrpcClientProtocolClient (GrpcClientProtocolClient.java:onNext(254)) - client-09EBABE1B9AF->325d518f-bf0d-428a-814f-266b27e759e4: receive RaftClientReply:client-09EBABE1B9AF->325d518f-bf0d-428a-814f-266b27e759e4@group-9696F0872FC0, cid=3126, SUCCESS, logIndex=5153, commits[325d518f-bf0d-428a-814f-266b27e759e4:c5153]
2019-06-15 10:53:15,578 INFO  client.GrpcClientProtocolClient (GrpcClientProtocolClient.java:onNext(254)) - client-09EBABE1B9AF->325d518f-bf0d-428a-814f-266b27e759e4: receive RaftClientReply:client-09EBABE1B9AF->325d518f-bf0d-428a-814f-266b27e759e4@group-9696F0872FC0, cid=3127, SUCCESS, logIndex=5154, commits[325d518f-bf0d-428a-814f-266b27e759e4:c5156]
2019-06-15 10:53:15,578 INFO  client.GrpcClientProtocolClient (GrpcClientProtocolClient.java:onNext(254)) - client-09EBABE1B9AF->325d518f-bf0d-428a-814f-266b27e759e4: receive RaftClientReply:client-09EBABE1B9AF->325d518f-bf0d-428a-814f-266b27e759e4@group-9696F0872FC0, cid=3128, SUCCESS, logIndex=5155, commits[325d518f-bf0d-428a-814f-266b27e759e4:c5156]
2019-06-15 10:53:15,587 INFO  client.GrpcClientProtocolClient (GrpcClientProtocolClient.java:onNext(254)) - client-09EBABE1B9AF->325d518f-bf0d-428a-814f-266b27e759e4: receive RaftClientReply:client-09EBABE1B9AF->325d518f-bf0d-428a-814f-266b27e759e4@group-9696F0872FC0, cid=3129, SUCCESS, logIndex=5157, commits[325d518f-bf0d-428a-814f-266b27e759e4:c5157]
2019-06-15 10:53:15,588 INFO  client.GrpcClientProtocolClient (GrpcClientProtocolClient.java:onNext(254)) - client-09EBABE1B9AF->325d518f-bf0d-428a-814f-266b27e759e4: receive RaftClientReply:client-09EBABE1B9AF->325d518f-bf0d-428a-814f-266b27e759e4@group-9696F0872FC0, cid=3130, SUCCESS, logIndex=5159, commits[325d518f-bf0d-428a-814f-266b27e759e4:c5159]
2019-06-15 10:53:15,590 INFO  client.GrpcClientProtocolClient (GrpcClientProtocolClient.java:onNext(254)) - client-09EBABE1B9AF->325d518f-bf0d-428a-814f-266b27e759e4: receive RaftClientReply:client-09EBABE1B9AF->325d518f-bf0d-428a-814f-266b27e759e4@group-9696F0872FC0, cid=3131, SUCCESS, logIndex=5160, commits[325d518f-bf0d-428a-814f-266b27e759e4:c5162]
2019-06-15 10:53:15,590 INFO  client.GrpcClientProtocolClient (GrpcClientProtocolClient.java:onNext(254)) - client-09EBABE1B9AF->325d518f-bf0d-428a-814f-266b27e759e4: receive RaftClientReply:client-09EBABE1B9AF->325d518f-bf0d-428a-814f-266b27e759e4@group-9696F0872FC0, cid=3132, SUCCESS, logIndex=5161, commits[325d518f-bf0d-428a-814f-266b27e759e4:c5162]
2019-06-15 10:53:15,594 INFO  client.GrpcClientProtocolClient (GrpcClientProtocolClient.java:onNext(254)) - client-09EBABE1B9AF->325d518f-bf0d-428a-814f-266b27e759e4: receive RaftClientReply:client-09EBABE1B9AF->325d518f-bf0d-428a-814f-266b27e759e4@group-9696F0872FC0, cid=3133, SUCCESS, logIndex=5163, commits[325d518f-bf0d-428a-814f-266b27e759e4:c5163]
2019-06-15 10:53:15,595 INFO  client.GrpcClientProtocolClient (GrpcClientProtocolClient.java:onNext(254)) - client-09EBABE1B9AF->325d518f-bf0d-428a-814f-266b27e759e4: receive RaftClientReply:client-09EBABE1B9AF->325d518f-bf0d-428a-814f-266b27e759e4@group-9696F0872FC0, cid=3134, SUCCESS, logIndex=5165, commits[325d518f-bf0d-428a-814f-266b27e759e4:c5165]
2019-06-15 10:53:15,597 INFO  client.GrpcClientProtocolClient (GrpcClientProtocolClient.java:onNext(254)) - client-09EBABE1B9AF->325d518f-bf0d-428a-814f-266b27e759e4: receive RaftClientReply:client-09EBABE1B9AF->325d518f-bf0d-428a-814f-266b27e759e4@group-9696F0872FC0, cid=3135, SUCCESS, logIndex=5166, commits[325d518f-bf0d-428a-814f-266b27e759e4:c5168]
2019-06-15 10:53:15,597 INFO  client.GrpcClientProtocolClient (GrpcClientProtocolClient.java:onNext(254)) - client-09EBABE1B9AF->325d518f-bf0d-428a-814f-266b27e759e4: receive RaftClientReply:client-09EBABE1B9AF->325d518f-bf0d-428a-814f-266b27e759e4@group-9696F0872FC0, cid=3136, SUCCESS, logIndex=5167, commits[325d518f-bf0d-428a-814f-266b27e759e4:c5168]
2019-06-15 10:53:15,606 INFO  client.GrpcClientProtocolClient (GrpcClientProtocolClient.java:onNext(254)) - client-09EBABE1B9AF->325d518f-bf0d-428a-814f-266b27e759e4: receive RaftClientReply:client-09EBABE1B9AF->325d518f-bf0d-428a-814f-266b27e759e4@group-9696F0872FC0, cid=3137, SUCCESS, logIndex=5169, commits[325d518f-bf0d-428a-814f-266b27e759e4:c5169]
2019-06-15 10:53:15,607 INFO  client.GrpcClientProtocolClient (GrpcClientProtocolClient.java:onNext(254)) - client-09EBABE1B9AF->325d518f-bf0d-428a-814f-266b27e759e4: receive RaftClientReply:client-09EBABE1B9AF->325d518f-bf0d-428a-814f-266b27e759e4@group-9696F0872FC0, cid=3138, SUCCESS, logIndex=5171, commits[325d518f-bf0d-428a-814f-266b27e759e4:c5171]
2019-06-15 10:53:15,608 DEBUG block.SCMBlockDeletingService (SCMBlockDeletingService.java:call(138)) - Running DeletedBlockTransactionScanner
2019-06-15 10:53:15,608 DEBUG block.SCMBlockDeletingService (SCMBlockDeletingService.java:call(155)) - Scanned deleted blocks log and got 0 delTX to process.
2019-06-15 10:53:15,676 INFO  client.GrpcClientProtocolClient (GrpcClientProtocolClient.java:onNext(254)) - client-09EBABE1B9AF->325d518f-bf0d-428a-814f-266b27e759e4: receive RaftClientReply:client-09EBABE1B9AF->325d518f-bf0d-428a-814f-266b27e759e4@group-9696F0872FC0, cid=3139, SUCCESS, logIndex=5173, commits[325d518f-bf0d-428a-814f-266b27e759e4:c5173]
2019-06-15 10:53:15,677 INFO  client.GrpcClientProtocolClient (GrpcClientProtocolClient.java:onNext(254)) - client-09EBABE1B9AF->325d518f-bf0d-428a-814f-266b27e759e4: receive RaftClientReply:client-09EBABE1B9AF->325d518f-bf0d-428a-814f-266b27e759e4@group-9696F0872FC0, cid=3140, SUCCESS, logIndex=5175, commits[325d518f-bf0d-428a-814f-266b27e759e4:c5175]
2019-06-15 10:53:15,679 INFO  storage.RaftLogWorker (RaftLogWorker.java:rollLogSegment(303)) - 325d518f-bf0d-428a-814f-266b27e759e4-RaftLogWorker: Rolling segment log-5109_5176 to index:5176
2019-06-15 10:53:15,679 INFO  storage.RaftLogWorker (RaftLogWorker.java:execute(433)) - 325d518f-bf0d-428a-814f-266b27e759e4-RaftLogWorker: Rolled log segment from /opt/src/hadoop-ozone/integration-test/target/test-dir/MiniOzoneClusterImpl-dd99cefe-9779-4043-9d74-181b69d2a827/datanode-0/data/ratis/e0f1d9ef-e225-4b24-a786-9696f0872fc0/current/log_inprogress_5109 to /opt/src/hadoop-ozone/integration-test/target/test-dir/MiniOzoneClusterImpl-dd99cefe-9779-4043-9d74-181b69d2a827/datanode-0/data/ratis/e0f1d9ef-e225-4b24-a786-9696f0872fc0/current/log_5109-5176
2019-06-15 10:53:15,709 DEBUG block.SCMBlockDeletingService (SCMBlockDeletingService.java:call(138)) - Running DeletedBlockTransactionScanner
2019-06-15 10:53:15,709 DEBUG block.SCMBlockDeletingService (SCMBlockDeletingService.java:call(155)) - Scanned deleted blocks log and got 0 delTX to process.
2019-06-15 10:53:15,716 INFO  storage.RaftLogWorker (RaftLogWorker.java:execute(469)) - 325d518f-bf0d-428a-814f-266b27e759e4-RaftLogWorker: created new log segment /opt/src/hadoop-ozone/integration-test/target/test-dir/MiniOzoneClusterImpl-dd99cefe-9779-4043-9d74-181b69d2a827/datanode-0/data/ratis/e0f1d9ef-e225-4b24-a786-9696f0872fc0/current/log_inprogress_5177
2019-06-15 10:53:15,717 INFO  client.GrpcClientProtocolClient (GrpcClientProtocolClient.java:onNext(254)) - client-09EBABE1B9AF->325d518f-bf0d-428a-814f-266b27e759e4: receive RaftClientReply:client-09EBABE1B9AF->325d518f-bf0d-428a-814f-266b27e759e4@group-9696F0872FC0, cid=3141, SUCCESS, logIndex=5177, commits[325d518f-bf0d-428a-814f-266b27e759e4:c5177]
2019-06-15 10:53:15,718 INFO  client.GrpcClientProtocolClient (GrpcClientProtocolClient.java:onNext(254)) - client-09EBABE1B9AF->325d518f-bf0d-428a-814f-266b27e759e4: receive RaftClientReply:client-09EBABE1B9AF->325d518f-bf0d-428a-814f-266b27e759e4@group-9696F0872FC0, cid=3142, SUCCESS, logIndex=5179, commits[325d518f-bf0d-428a-814f-266b27e759e4:c5179]
2019-06-15 10:53:15,764 INFO  client.GrpcClientProtocolClient (GrpcClientProtocolClient.java:onNext(254)) - client-09EBABE1B9AF->325d518f-bf0d-428a-814f-266b27e759e4: receive RaftClientReply:client-09EBABE1B9AF->325d518f-bf0d-428a-814f-266b27e759e4@group-9696F0872FC0, cid=3143, SUCCESS, logIndex=5180, commits[325d518f-bf0d-428a-814f-266b27e759e4:c5182]
2019-06-15 10:53:15,770 INFO  client.GrpcClientProtocolClient (GrpcClientProtocolClient.java:onNext(254)) - client-09EBABE1B9AF->325d518f-bf0d-428a-814f-266b27e759e4: receive RaftClientReply:client-09EBABE1B9AF->325d518f-bf0d-428a-814f-266b27e759e4@group-9696F0872FC0, cid=3144, SUCCESS, logIndex=5181, commits[325d518f-bf0d-428a-814f-266b27e759e4:c5182]
2019-06-15 10:53:15,780 INFO  client.GrpcClientProtocolClient (GrpcClientProtocolClient.java:onNext(254)) - client-09EBABE1B9AF->325d518f-bf0d-428a-814f-266b27e759e4: receive RaftClientReply:client-09EBABE1B9AF->325d518f-bf0d-428a-814f-266b27e759e4@group-9696F0872FC0, cid=3145, SUCCESS, logIndex=5183, commits[325d518f-bf0d-428a-814f-266b27e759e4:c5183]
2019-06-15 10:53:15,781 INFO  client.GrpcClientProtocolClient (GrpcClientProtocolClient.java:onNext(254)) - client-09EBABE1B9AF->325d518f-bf0d-428a-814f-266b27e759e4: receive RaftClientReply:client-09EBABE1B9AF->325d518f-bf0d-428a-814f-266b27e759e4@group-9696F0872FC0, cid=3146, SUCCESS, logIndex=5185, commits[325d518f-bf0d-428a-814f-266b27e759e4:c5185]
2019-06-15 10:53:15,782 INFO  client.GrpcClientProtocolClient (GrpcClientProtocolClient.java:onNext(254)) - client-09EBABE1B9AF->325d518f-bf0d-428a-814f-266b27e759e4: receive RaftClientReply:client-09EBABE1B9AF->325d518f-bf0d-428a-814f-266b27e759e4@group-9696F0872FC0, cid=3147, SUCCESS, logIndex=5186, commits[325d518f-bf0d-428a-814f-266b27e759e4:c5188]
2019-06-15 10:53:15,782 INFO  client.GrpcClientProtocolClient (GrpcClientProtocolClient.java:onNext(254)) - client-09EBABE1B9AF->325d518f-bf0d-428a-814f-266b27e759e4: receive RaftClientReply:client-09EBABE1B9AF->325d518f-bf0d-428a-814f-266b27e759e4@group-9696F0872FC0, cid=3148, SUCCESS, logIndex=5187, commits[325d518f-bf0d-428a-814f-266b27e759e4:c5188]
2019-06-15 10:53:15,787 INFO  client.GrpcClientProtocolClient (GrpcClientProtocolClient.java:onNext(254)) - client-09EBABE1B9AF->325d518f-bf0d-428a-814f-266b27e759e4: receive RaftClientReply:client-09EBABE1B9AF->325d518f-bf0d-428a-814f-266b27e759e4@group-9696F0872FC0, cid=3149, SUCCESS, logIndex=5189, commits[325d518f-bf0d-428a-814f-266b27e759e4:c5189]
2019-06-15 10:53:15,794 INFO  client.GrpcClientProtocolClient (GrpcClientProtocolClient.java:onNext(254)) - client-09EBABE1B9AF->325d518f-bf0d-428a-814f-266b27e759e4: receive RaftClientReply:client-09EBABE1B9AF->325d518f-bf0d-428a-814f-266b27e759e4@group-9696F0872FC0, cid=3150, SUCCESS, logIndex=5191, commits[325d518f-bf0d-428a-814f-266b27e759e4:c5191]
2019-06-15 10:53:15,794 INFO  client.GrpcClientProtocolClient (GrpcClientProtocolClient.java:onNext(254)) - client-09EBABE1B9AF->325d518f-bf0d-428a-814f-266b27e759e4: receive RaftClientReply:client-09EBABE1B9AF->325d518f-bf0d-428a-814f-266b27e759e4@group-9696F0872FC0, cid=3151, SUCCESS, logIndex=5192, commits[325d518f-bf0d-428a-814f-266b27e759e4:c5194]
2019-06-15 10:53:15,794 INFO  client.GrpcClientProtocolClient (GrpcClientProtocolClient.java:onNext(254)) - client-09EBABE1B9AF->325d518f-bf0d-428a-814f-266b27e759e4: receive RaftClientReply:client-09EBABE1B9AF->325d518f-bf0d-428a-814f-266b27e759e4@group-9696F0872FC0, cid=3152, SUCCESS, logIndex=5193, commits[325d518f-bf0d-428a-814f-266b27e759e4:c5194]
2019-06-15 10:53:15,804 INFO  client.GrpcClientProtocolClient (GrpcClientProtocolClient.java:onNext(254)) - client-09EBABE1B9AF->325d518f-bf0d-428a-814f-266b27e759e4: receive RaftClientReply:client-09EBABE1B9AF->325d518f-bf0d-428a-814f-266b27e759e4@group-9696F0872FC0, cid=3153, SUCCESS, logIndex=5195, commits[325d518f-bf0d-428a-814f-266b27e759e4:c5195]
2019-06-15 10:53:15,806 INFO  client.GrpcClientProtocolClient (GrpcClientProtocolClient.java:onNext(254)) - client-09EBABE1B9AF->325d518f-bf0d-428a-814f-266b27e759e4: receive RaftClientReply:client-09EBABE1B9AF->325d518f-bf0d-428a-814f-266b27e759e4@group-9696F0872FC0, cid=3154, SUCCESS, logIndex=5197, commits[325d518f-bf0d-428a-814f-266b27e759e4:c5197]
2019-06-15 10:53:15,806 INFO  client.GrpcClientProtocolClient (GrpcClientProtocolClient.java:onNext(254)) - client-09EBABE1B9AF->325d518f-bf0d-428a-814f-266b27e759e4: receive RaftClientReply:client-09EBABE1B9AF->325d518f-bf0d-428a-814f-266b27e759e4@group-9696F0872FC0, cid=3155, SUCCESS, logIndex=5198, commits[325d518f-bf0d-428a-814f-266b27e759e4:c5199]
2019-06-15 10:53:15,807 INFO  client.GrpcClientProtocolClient (GrpcClientProtocolClient.java:onNext(254)) - client-09EBABE1B9AF->325d518f-bf0d-428a-814f-266b27e759e4: receive RaftClientReply:client-09EBABE1B9AF->325d518f-bf0d-428a-814f-266b27e759e4@group-9696F0872FC0, cid=3156, SUCCESS, logIndex=5199, commits[325d518f-bf0d-428a-814f-266b27e759e4:c5199]
2019-06-15 10:53:15,809 DEBUG block.SCMBlockDeletingService (SCMBlockDeletingService.java:call(138)) - Running DeletedBlockTransactionScanner
2019-06-15 10:53:15,809 DEBUG block.SCMBlockDeletingService (SCMBlockDeletingService.java:call(155)) - Scanned deleted blocks log and got 0 delTX to process.
2019-06-15 10:53:15,811 INFO  client.GrpcClientProtocolClient (GrpcClientProtocolClient.java:onNext(254)) - client-09EBABE1B9AF->325d518f-bf0d-428a-814f-266b27e759e4: receive RaftClientReply:client-09EBABE1B9AF->325d518f-bf0d-428a-814f-266b27e759e4@group-9696F0872FC0, cid=3157, SUCCESS, logIndex=5202, commits[325d518f-bf0d-428a-814f-266b27e759e4:c5202]
2019-06-15 10:53:15,812 INFO  client.GrpcClientProtocolClient (GrpcClientProtocolClient.java:onNext(254)) - client-09EBABE1B9AF->325d518f-bf0d-428a-814f-266b27e759e4: receive RaftClientReply:client-09EBABE1B9AF->325d518f-bf0d-428a-814f-266b27e759e4@group-9696F0872FC0, cid=3158, SUCCESS, logIndex=5204, commits[325d518f-bf0d-428a-814f-266b27e759e4:c5204]
2019-06-15 10:53:15,814 INFO  client.GrpcClientProtocolClient (GrpcClientProtocolClient.java:onNext(254)) - client-09EBABE1B9AF->325d518f-bf0d-428a-814f-266b27e759e4: receive RaftClientReply:client-09EBABE1B9AF->325d518f-bf0d-428a-814f-266b27e759e4@group-9696F0872FC0, cid=3159, SUCCESS, logIndex=5205, commits[325d518f-bf0d-428a-814f-266b27e759e4:c5207]
2019-06-15 10:53:15,814 INFO  client.GrpcClientProtocolClient (GrpcClientProtocolClient.java:onNext(254)) - client-09EBABE1B9AF->325d518f-bf0d-428a-814f-266b27e759e4: receive RaftClientReply:client-09EBABE1B9AF->325d518f-bf0d-428a-814f-266b27e759e4@group-9696F0872FC0, cid=3160, SUCCESS, logIndex=5206, commits[325d518f-bf0d-428a-814f-266b27e759e4:c5207]
2019-06-15 10:53:15,823 INFO  client.GrpcClientProtocolClient (GrpcClientProtocolClient.java:onNext(254)) - client-09EBABE1B9AF->325d518f-bf0d-428a-814f-266b27e759e4: receive RaftClientReply:client-09EBABE1B9AF->325d518f-bf0d-428a-814f-266b27e759e4@group-9696F0872FC0, cid=3161, SUCCESS, logIndex=5208, commits[325d518f-bf0d-428a-814f-266b27e759e4:c5208]
2019-06-15 10:53:15,824 INFO  client.GrpcClientProtocolClient (GrpcClientProtocolClient.java:onNext(254)) - client-09EBABE1B9AF->325d518f-bf0d-428a-814f-266b27e759e4: receive RaftClientReply:client-09EBABE1B9AF->325d518f-bf0d-428a-814f-266b27e759e4@group-9696F0872FC0, cid=3162, SUCCESS, logIndex=5210, commits[325d518f-bf0d-428a-814f-266b27e759e4:c5210]
2019-06-15 10:53:15,826 INFO  client.GrpcClientProtocolClient (GrpcClientProtocolClient.java:onNext(254)) - client-09EBABE1B9AF->325d518f-bf0d-428a-814f-266b27e759e4: receive RaftClientReply:client-09EBABE1B9AF->325d518f-bf0d-428a-814f-266b27e759e4@group-9696F0872FC0, cid=3163, SUCCESS, logIndex=5211, commits[325d518f-bf0d-428a-814f-266b27e759e4:c5213]
2019-06-15 10:53:15,826 INFO  client.GrpcClientProtocolClient (GrpcClientProtocolClient.java:onNext(254)) - client-09EBABE1B9AF->325d518f-bf0d-428a-814f-266b27e759e4: receive RaftClientReply:client-09EBABE1B9AF->325d518f-bf0d-428a-814f-266b27e759e4@group-9696F0872FC0, cid=3164, SUCCESS, logIndex=5212, commits[325d518f-bf0d-428a-814f-266b27e759e4:c5213]
2019-06-15 10:53:15,830 INFO  client.GrpcClientProtocolClient (GrpcClientProtocolClient.java:onNext(254)) - client-09EBABE1B9AF->325d518f-bf0d-428a-814f-266b27e759e4: receive RaftClientReply:client-09EBABE1B9AF->325d518f-bf0d-428a-814f-266b27e759e4@group-9696F0872FC0, cid=3165, SUCCESS, logIndex=5214, commits[325d518f-bf0d-428a-814f-266b27e759e4:c5214]
2019-06-15 10:53:15,831 INFO  client.GrpcClientProtocolClient (GrpcClientProtocolClient.java:onNext(254)) - client-09EBABE1B9AF->325d518f-bf0d-428a-814f-266b27e759e4: receive RaftClientReply:client-09EBABE1B9AF->325d518f-bf0d-428a-814f-266b27e759e4@group-9696F0872FC0, cid=3166, SUCCESS, logIndex=5216, commits[325d518f-bf0d-428a-814f-266b27e759e4:c5216]
2019-06-15 10:53:15,832 INFO  client.GrpcClientProtocolClient (GrpcClientProtocolClient.java:onNext(254)) - client-09EBABE1B9AF->325d518f-bf0d-428a-814f-266b27e759e4: receive RaftClientReply:client-09EBABE1B9AF->325d518f-bf0d-428a-814f-266b27e759e4@group-9696F0872FC0, cid=3167, SUCCESS, logIndex=5217, commits[325d518f-bf0d-428a-814f-266b27e759e4:c5219]
2019-06-15 10:53:15,833 INFO  client.GrpcClientProtocolClient (GrpcClientProtocolClient.java:onNext(254)) - client-09EBABE1B9AF->325d518f-bf0d-428a-814f-266b27e759e4: receive RaftClientReply:client-09EBABE1B9AF->325d518f-bf0d-428a-814f-266b27e759e4@group-9696F0872FC0, cid=3168, SUCCESS, logIndex=5218, commits[325d518f-bf0d-428a-814f-266b27e759e4:c5219]
2019-06-15 10:53:15,842 INFO  client.GrpcClientProtocolClient (GrpcClientProtocolClient.java:onNext(254)) - client-09EBABE1B9AF->325d518f-bf0d-428a-814f-266b27e759e4: receive RaftClientReply:client-09EBABE1B9AF->325d518f-bf0d-428a-814f-266b27e759e4@group-9696F0872FC0, cid=3169, SUCCESS, logIndex=5220, commits[325d518f-bf0d-428a-814f-266b27e759e4:c5220]
2019-06-15 10:53:15,843 INFO  client.GrpcClientProtocolClient (GrpcClientProtocolClient.java:onNext(254)) - client-09EBABE1B9AF->325d518f-bf0d-428a-814f-266b27e759e4: receive RaftClientReply:client-09EBABE1B9AF->325d518f-bf0d-428a-814f-266b27e759e4@group-9696F0872FC0, cid=3170, SUCCESS, logIndex=5222, commits[325d518f-bf0d-428a-814f-266b27e759e4:c5222]
2019-06-15 10:53:15,844 INFO  client.GrpcClientProtocolClient (GrpcClientProtocolClient.java:onNext(254)) - client-09EBABE1B9AF->325d518f-bf0d-428a-814f-266b27e759e4: receive RaftClientReply:client-09EBABE1B9AF->325d518f-bf0d-428a-814f-266b27e759e4@group-9696F0872FC0, cid=3171, SUCCESS, logIndex=5223, commits[325d518f-bf0d-428a-814f-266b27e759e4:c5225]
2019-06-15 10:53:15,844 INFO  client.GrpcClientProtocolClient (GrpcClientProtocolClient.java:onNext(254)) - client-09EBABE1B9AF->325d518f-bf0d-428a-814f-266b27e759e4: receive RaftClientReply:client-09EBABE1B9AF->325d518f-bf0d-428a-814f-266b27e759e4@group-9696F0872FC0, cid=3172, SUCCESS, logIndex=5224, commits[325d518f-bf0d-428a-814f-266b27e759e4:c5225]
2019-06-15 10:53:15,849 INFO  client.GrpcClientProtocolClient (GrpcClientProtocolClient.java:onNext(254)) - client-09EBABE1B9AF->325d518f-bf0d-428a-814f-266b27e759e4: receive RaftClientReply:client-09EBABE1B9AF->325d518f-bf0d-428a-814f-266b27e759e4@group-9696F0872FC0, cid=3173, SUCCESS, logIndex=5226, commits[325d518f-bf0d-428a-814f-266b27e759e4:c5226]
2019-06-15 10:53:15,850 INFO  client.GrpcClientProtocolClient (GrpcClientProtocolClient.java:onNext(254)) - client-09EBABE1B9AF->325d518f-bf0d-428a-814f-266b27e759e4: receive RaftClientReply:client-09EBABE1B9AF->325d518f-bf0d-428a-814f-266b27e759e4@group-9696F0872FC0, cid=3174, SUCCESS, logIndex=5228, commits[325d518f-bf0d-428a-814f-266b27e759e4:c5228]
2019-06-15 10:53:15,851 INFO  client.GrpcClientProtocolClient (GrpcClientProtocolClient.java:onNext(254)) - client-09EBABE1B9AF->325d518f-bf0d-428a-814f-266b27e759e4: receive RaftClientReply:client-09EBABE1B9AF->325d518f-bf0d-428a-814f-266b27e759e4@group-9696F0872FC0, cid=3175, SUCCESS, logIndex=5229, commits[325d518f-bf0d-428a-814f-266b27e759e4:c5231]
2019-06-15 10:53:15,851 INFO  client.GrpcClientProtocolClient (GrpcClientProtocolClient.java:onNext(254)) - client-09EBABE1B9AF->325d518f-bf0d-428a-814f-266b27e759e4: receive RaftClientReply:client-09EBABE1B9AF->325d518f-bf0d-428a-814f-266b27e759e4@group-9696F0872FC0, cid=3176, SUCCESS, logIndex=5230, commits[325d518f-bf0d-428a-814f-266b27e759e4:c5231]
2019-06-15 10:53:15,860 INFO  client.GrpcClientProtocolClient (GrpcClientProtocolClient.java:onNext(254)) - client-09EBABE1B9AF->325d518f-bf0d-428a-814f-266b27e759e4: receive RaftClientReply:client-09EBABE1B9AF->325d518f-bf0d-428a-814f-266b27e759e4@group-9696F0872FC0, cid=3177, SUCCESS, logIndex=5232, commits[325d518f-bf0d-428a-814f-266b27e759e4:c5232]
2019-06-15 10:53:15,861 INFO  client.GrpcClientProtocolClient (GrpcClientProtocolClient.java:onNext(254)) - client-09EBABE1B9AF->325d518f-bf0d-428a-814f-266b27e759e4: receive RaftClientReply:client-09EBABE1B9AF->325d518f-bf0d-428a-814f-266b27e759e4@group-9696F0872FC0, cid=3178, SUCCESS, logIndex=5234, commits[325d518f-bf0d-428a-814f-266b27e759e4:c5234]
2019-06-15 10:53:15,862 INFO  client.GrpcClientProtocolClient (GrpcClientProtocolClient.java:onNext(254)) - client-09EBABE1B9AF->325d518f-bf0d-428a-814f-266b27e759e4: receive RaftClientReply:client-09EBABE1B9AF->325d518f-bf0d-428a-814f-266b27e759e4@group-9696F0872FC0, cid=3179, SUCCESS, logIndex=5235, commits[325d518f-bf0d-428a-814f-266b27e759e4:c5237]
2019-06-15 10:53:15,863 INFO  client.GrpcClientProtocolClient (GrpcClientProtocolClient.java:onNext(254)) - client-09EBABE1B9AF->325d518f-bf0d-428a-814f-266b27e759e4: receive RaftClientReply:client-09EBABE1B9AF->325d518f-bf0d-428a-814f-266b27e759e4@group-9696F0872FC0, cid=3180, SUCCESS, logIndex=5236, commits[325d518f-bf0d-428a-814f-266b27e759e4:c5237]
2019-06-15 10:53:15,867 INFO  client.GrpcClientProtocolClient (GrpcClientProtocolClient.java:onNext(254)) - client-09EBABE1B9AF->325d518f-bf0d-428a-814f-266b27e759e4: receive RaftClientReply:client-09EBABE1B9AF->325d518f-bf0d-428a-814f-266b27e759e4@group-9696F0872FC0, cid=3181, SUCCESS, logIndex=5238, commits[325d518f-bf0d-428a-814f-266b27e759e4:c5238]
2019-06-15 10:53:15,868 INFO  client.GrpcClientProtocolClient (GrpcClientProtocolClient.java:onNext(254)) - client-09EBABE1B9AF->325d518f-bf0d-428a-814f-266b27e759e4: receive RaftClientReply:client-09EBABE1B9AF->325d518f-bf0d-428a-814f-266b27e759e4@group-9696F0872FC0, cid=3182, SUCCESS, logIndex=5240, commits[325d518f-bf0d-428a-814f-266b27e759e4:c5240]
2019-06-15 10:53:15,909 DEBUG block.SCMBlockDeletingService (SCMBlockDeletingService.java:call(138)) - Running DeletedBlockTransactionScanner
2019-06-15 10:53:15,909 DEBUG block.SCMBlockDeletingService (SCMBlockDeletingService.java:call(155)) - Scanned deleted blocks log and got 0 delTX to process.
2019-06-15 10:53:15,934 INFO  client.GrpcClientProtocolClient (GrpcClientProtocolClient.java:onNext(254)) - client-09EBABE1B9AF->325d518f-bf0d-428a-814f-266b27e759e4: receive RaftClientReply:client-09EBABE1B9AF->325d518f-bf0d-428a-814f-266b27e759e4@group-9696F0872FC0, cid=3183, SUCCESS, logIndex=5242, commits[325d518f-bf0d-428a-814f-266b27e759e4:c5242]
2019-06-15 10:53:15,934 INFO  storage.RaftLogWorker (RaftLogWorker.java:rollLogSegment(303)) - 325d518f-bf0d-428a-814f-266b27e759e4-RaftLogWorker: Rolling segment log-5177_5243 to index:5243
2019-06-15 10:53:15,934 INFO  storage.RaftLogWorker (RaftLogWorker.java:execute(433)) - 325d518f-bf0d-428a-814f-266b27e759e4-RaftLogWorker: Rolled log segment from /opt/src/hadoop-ozone/integration-test/target/test-dir/MiniOzoneClusterImpl-dd99cefe-9779-4043-9d74-181b69d2a827/datanode-0/data/ratis/e0f1d9ef-e225-4b24-a786-9696f0872fc0/current/log_inprogress_5177 to /opt/src/hadoop-ozone/integration-test/target/test-dir/MiniOzoneClusterImpl-dd99cefe-9779-4043-9d74-181b69d2a827/datanode-0/data/ratis/e0f1d9ef-e225-4b24-a786-9696f0872fc0/current/log_5177-5243
2019-06-15 10:53:15,970 INFO  storage.RaftLogWorker (RaftLogWorker.java:execute(469)) - 325d518f-bf0d-428a-814f-266b27e759e4-RaftLogWorker: created new log segment /opt/src/hadoop-ozone/integration-test/target/test-dir/MiniOzoneClusterImpl-dd99cefe-9779-4043-9d74-181b69d2a827/datanode-0/data/ratis/e0f1d9ef-e225-4b24-a786-9696f0872fc0/current/log_inprogress_5244
2019-06-15 10:53:15,972 INFO  client.GrpcClientProtocolClient (GrpcClientProtocolClient.java:onNext(254)) - client-09EBABE1B9AF->325d518f-bf0d-428a-814f-266b27e759e4: receive RaftClientReply:client-09EBABE1B9AF->325d518f-bf0d-428a-814f-266b27e759e4@group-9696F0872FC0, cid=3184, SUCCESS, logIndex=5244, commits[325d518f-bf0d-428a-814f-266b27e759e4:c5244]
2019-06-15 10:53:15,983 INFO  client.GrpcClientProtocolClient (GrpcClientProtocolClient.java:onNext(254)) - client-09EBABE1B9AF->325d518f-bf0d-428a-814f-266b27e759e4: receive RaftClientReply:client-09EBABE1B9AF->325d518f-bf0d-428a-814f-266b27e759e4@group-9696F0872FC0, cid=3185, SUCCESS, logIndex=5246, commits[325d518f-bf0d-428a-814f-266b27e759e4:c5246]
2019-06-15 10:53:15,984 INFO  client.GrpcClientProtocolClient (GrpcClientProtocolClient.java:onNext(254)) - client-09EBABE1B9AF->325d518f-bf0d-428a-814f-266b27e759e4: receive RaftClientReply:client-09EBABE1B9AF->325d518f-bf0d-428a-814f-266b27e759e4@group-9696F0872FC0, cid=3186, SUCCESS, logIndex=5248, commits[325d518f-bf0d-428a-814f-266b27e759e4:c5248]
2019-06-15 10:53:15,985 INFO  client.GrpcClientProtocolClient (GrpcClientProtocolClient.java:onNext(254)) - client-09EBABE1B9AF->325d518f-bf0d-428a-814f-266b27e759e4: receive RaftClientReply:client-09EBABE1B9AF->325d518f-bf0d-428a-814f-266b27e759e4@group-9696F0872FC0, cid=3187, SUCCESS, logIndex=5249, commits[325d518f-bf0d-428a-814f-266b27e759e4:c5251]
2019-06-15 10:53:15,985 INFO  client.GrpcClientProtocolClient (GrpcClientProtocolClient.java:onNext(254)) - client-09EBABE1B9AF->325d518f-bf0d-428a-814f-266b27e759e4: receive RaftClientReply:client-09EBABE1B9AF->325d518f-bf0d-428a-814f-266b27e759e4@group-9696F0872FC0, cid=3188, SUCCESS, logIndex=5250, commits[325d518f-bf0d-428a-814f-266b27e759e4:c5251]
2019-06-15 10:53:15,990 INFO  client.GrpcClientProtocolClient (GrpcClientProtocolClient.java:onNext(254)) - client-09EBABE1B9AF->325d518f-bf0d-428a-814f-266b27e759e4: receive RaftClientReply:client-09EBABE1B9AF->325d518f-bf0d-428a-814f-266b27e759e4@group-9696F0872FC0, cid=3189, SUCCESS, logIndex=5252, commits[325d518f-bf0d-428a-814f-266b27e759e4:c5252]
2019-06-15 10:53:15,991 INFO  client.GrpcClientProtocolClient (GrpcClientProtocolClient.java:onNext(254)) - client-09EBABE1B9AF->325d518f-bf0d-428a-814f-266b27e759e4: receive RaftClientReply:client-09EBABE1B9AF->325d518f-bf0d-428a-814f-266b27e759e4@group-9696F0872FC0, cid=3190, SUCCESS, logIndex=5254, commits[325d518f-bf0d-428a-814f-266b27e759e4:c5254]
2019-06-15 10:53:15,992 INFO  client.GrpcClientProtocolClient (GrpcClientProtocolClient.java:onNext(254)) - client-09EBABE1B9AF->325d518f-bf0d-428a-814f-266b27e759e4: receive RaftClientReply:client-09EBABE1B9AF->325d518f-bf0d-428a-814f-266b27e759e4@group-9696F0872FC0, cid=3191, SUCCESS, logIndex=5255, commits[325d518f-bf0d-428a-814f-266b27e759e4:c5257]
2019-06-15 10:53:15,993 INFO  client.GrpcClientProtocolClient (GrpcClientProtocolClient.java:onNext(254)) - client-09EBABE1B9AF->325d518f-bf0d-428a-814f-266b27e759e4: receive RaftClientReply:client-09EBABE1B9AF->325d518f-bf0d-428a-814f-266b27e759e4@group-9696F0872FC0, cid=3192, SUCCESS, logIndex=5256, commits[325d518f-bf0d-428a-814f-266b27e759e4:c5257]
2019-06-15 10:53:16,002 INFO  client.GrpcClientProtocolClient (GrpcClientProtocolClient.java:onNext(254)) - client-09EBABE1B9AF->325d518f-bf0d-428a-814f-266b27e759e4: receive RaftClientReply:client-09EBABE1B9AF->325d518f-bf0d-428a-814f-266b27e759e4@group-9696F0872FC0, cid=3193, SUCCESS, logIndex=5258, commits[325d518f-bf0d-428a-814f-266b27e759e4:c5258]
2019-06-15 10:53:16,003 INFO  client.GrpcClientProtocolClient (GrpcClientProtocolClient.java:onNext(254)) - client-09EBABE1B9AF->325d518f-bf0d-428a-814f-266b27e759e4: receive RaftClientReply:client-09EBABE1B9AF->325d518f-bf0d-428a-814f-266b27e759e4@group-9696F0872FC0, cid=3194, SUCCESS, logIndex=5260, commits[325d518f-bf0d-428a-814f-266b27e759e4:c5260]
2019-06-15 10:53:16,004 INFO  client.GrpcClientProtocolClient (GrpcClientProtocolClient.java:onNext(254)) - client-09EBABE1B9AF->325d518f-bf0d-428a-814f-266b27e759e4: receive RaftClientReply:client-09EBABE1B9AF->325d518f-bf0d-428a-814f-266b27e759e4@group-9696F0872FC0, cid=3195, SUCCESS, logIndex=5261, commits[325d518f-bf0d-428a-814f-266b27e759e4:c5263]
2019-06-15 10:53:16,004 INFO  client.GrpcClientProtocolClient (GrpcClientProtocolClient.java:onNext(254)) - client-09EBABE1B9AF->325d518f-bf0d-428a-814f-266b27e759e4: receive RaftClientReply:client-09EBABE1B9AF->325d518f-bf0d-428a-814f-266b27e759e4@group-9696F0872FC0, cid=3196, SUCCESS, logIndex=5262, commits[325d518f-bf0d-428a-814f-266b27e759e4:c5263]
2019-06-15 10:53:16,009 INFO  client.GrpcClientProtocolClient (GrpcClientProtocolClient.java:onNext(254)) - client-09EBABE1B9AF->325d518f-bf0d-428a-814f-266b27e759e4: receive RaftClientReply:client-09EBABE1B9AF->325d518f-bf0d-428a-814f-266b27e759e4@group-9696F0872FC0, cid=3197, SUCCESS, logIndex=5264, commits[325d518f-bf0d-428a-814f-266b27e759e4:c5264]
2019-06-15 10:53:16,010 DEBUG block.SCMBlockDeletingService (SCMBlockDeletingService.java:call(138)) - Running DeletedBlockTransactionScanner
2019-06-15 10:53:16,010 DEBUG block.SCMBlockDeletingService (SCMBlockDeletingService.java:call(155)) - Scanned deleted blocks log and got 0 delTX to process.
2019-06-15 10:53:16,010 INFO  client.GrpcClientProtocolClient (GrpcClientProtocolClient.java:onNext(254)) - client-09EBABE1B9AF->325d518f-bf0d-428a-814f-266b27e759e4: receive RaftClientReply:client-09EBABE1B9AF->325d518f-bf0d-428a-814f-266b27e759e4@group-9696F0872FC0, cid=3198, SUCCESS, logIndex=5266, commits[325d518f-bf0d-428a-814f-266b27e759e4:c5266]
2019-06-15 10:53:16,011 INFO  client.GrpcClientProtocolClient (GrpcClientProtocolClient.java:onNext(254)) - client-09EBABE1B9AF->325d518f-bf0d-428a-814f-266b27e759e4: receive RaftClientReply:client-09EBABE1B9AF->325d518f-bf0d-428a-814f-266b27e759e4@group-9696F0872FC0, cid=3199, SUCCESS, logIndex=5267, commits[325d518f-bf0d-428a-814f-266b27e759e4:c5269]
2019-06-15 10:53:16,011 INFO  client.GrpcClientProtocolClient (GrpcClientProtocolClient.java:onNext(254)) - client-09EBABE1B9AF->325d518f-bf0d-428a-814f-266b27e759e4: receive RaftClientReply:client-09EBABE1B9AF->325d518f-bf0d-428a-814f-266b27e759e4@group-9696F0872FC0, cid=3200, SUCCESS, logIndex=5268, commits[325d518f-bf0d-428a-814f-266b27e759e4:c5269]
2019-06-15 10:53:16,021 INFO  client.GrpcClientProtocolClient (GrpcClientProtocolClient.java:onNext(254)) - client-09EBABE1B9AF->325d518f-bf0d-428a-814f-266b27e759e4: receive RaftClientReply:client-09EBABE1B9AF->325d518f-bf0d-428a-814f-266b27e759e4@group-9696F0872FC0, cid=3201, SUCCESS, logIndex=5270, commits[325d518f-bf0d-428a-814f-266b27e759e4:c5270]
2019-06-15 10:53:16,022 INFO  client.GrpcClientProtocolClient (GrpcClientProtocolClient.java:onNext(254)) - client-09EBABE1B9AF->325d518f-bf0d-428a-814f-266b27e759e4: receive RaftClientReply:client-09EBABE1B9AF->325d518f-bf0d-428a-814f-266b27e759e4@group-9696F0872FC0, cid=3202, SUCCESS, logIndex=5272, commits[325d518f-bf0d-428a-814f-266b27e759e4:c5272]
2019-06-15 10:53:16,023 INFO  client.GrpcClientProtocolClient (GrpcClientProtocolClient.java:onNext(254)) - client-09EBABE1B9AF->325d518f-bf0d-428a-814f-266b27e759e4: receive RaftClientReply:client-09EBABE1B9AF->325d518f-bf0d-428a-814f-266b27e759e4@group-9696F0872FC0, cid=3203, SUCCESS, logIndex=5273, commits[325d518f-bf0d-428a-814f-266b27e759e4:c5274]
2019-06-15 10:53:16,023 INFO  client.GrpcClientProtocolClient (GrpcClientProtocolClient.java:onNext(254)) - client-09EBABE1B9AF->325d518f-bf0d-428a-814f-266b27e759e4: receive RaftClientReply:client-09EBABE1B9AF->325d518f-bf0d-428a-814f-266b27e759e4@group-9696F0872FC0, cid=3204, SUCCESS, logIndex=5274, commits[325d518f-bf0d-428a-814f-266b27e759e4:c5274]
2019-06-15 10:53:16,028 INFO  client.GrpcClientProtocolClient (GrpcClientProtocolClient.java:onNext(254)) - client-09EBABE1B9AF->325d518f-bf0d-428a-814f-266b27e759e4: receive RaftClientReply:client-09EBABE1B9AF->325d518f-bf0d-428a-814f-266b27e759e4@group-9696F0872FC0, cid=3205, SUCCESS, logIndex=5277, commits[325d518f-bf0d-428a-814f-266b27e759e4:c5277]
2019-06-15 10:53:16,029 INFO  client.GrpcClientProtocolClient (GrpcClientProtocolClient.java:onNext(254)) - client-09EBABE1B9AF->325d518f-bf0d-428a-814f-266b27e759e4: receive RaftClientReply:client-09EBABE1B9AF->325d518f-bf0d-428a-814f-266b27e759e4@group-9696F0872FC0, cid=3206, SUCCESS, logIndex=5279, commits[325d518f-bf0d-428a-814f-266b27e759e4:c5279]
2019-06-15 10:53:16,030 INFO  client.GrpcClientProtocolClient (GrpcClientProtocolClient.java:onNext(254)) - client-09EBABE1B9AF->325d518f-bf0d-428a-814f-266b27e759e4: receive RaftClientReply:client-09EBABE1B9AF->325d518f-bf0d-428a-814f-266b27e759e4@group-9696F0872FC0, cid=3207, SUCCESS, logIndex=5280, commits[325d518f-bf0d-428a-814f-266b27e759e4:c5282]
2019-06-15 10:53:16,030 INFO  client.GrpcClientProtocolClient (GrpcClientProtocolClient.java:onNext(254)) - client-09EBABE1B9AF->325d518f-bf0d-428a-814f-266b27e759e4: receive RaftClientReply:client-09EBABE1B9AF->325d518f-bf0d-428a-814f-266b27e759e4@group-9696F0872FC0, cid=3208, SUCCESS, logIndex=5281, commits[325d518f-bf0d-428a-814f-266b27e759e4:c5282]
2019-06-15 10:53:16,040 INFO  client.GrpcClientProtocolClient (GrpcClientProtocolClient.java:onNext(254)) - client-09EBABE1B9AF->325d518f-bf0d-428a-814f-266b27e759e4: receive RaftClientReply:client-09EBABE1B9AF->325d518f-bf0d-428a-814f-266b27e759e4@group-9696F0872FC0, cid=3209, SUCCESS, logIndex=5283, commits[325d518f-bf0d-428a-814f-266b27e759e4:c5283]
2019-06-15 10:53:16,041 INFO  client.GrpcClientProtocolClient (GrpcClientProtocolClient.java:onNext(254)) - client-09EBABE1B9AF->325d518f-bf0d-428a-814f-266b27e759e4: receive RaftClientReply:client-09EBABE1B9AF->325d518f-bf0d-428a-814f-266b27e759e4@group-9696F0872FC0, cid=3210, SUCCESS, logIndex=5285, commits[325d518f-bf0d-428a-814f-266b27e759e4:c5285]
2019-06-15 10:53:16,042 INFO  client.GrpcClientProtocolClient (GrpcClientProtocolClient.java:onNext(254)) - client-09EBABE1B9AF->325d518f-bf0d-428a-814f-266b27e759e4: receive RaftClientReply:client-09EBABE1B9AF->325d518f-bf0d-428a-814f-266b27e759e4@group-9696F0872FC0, cid=3211, SUCCESS, logIndex=5286, commits[325d518f-bf0d-428a-814f-266b27e759e4:c5288]
2019-06-15 10:53:16,042 INFO  client.GrpcClientProtocolClient (GrpcClientProtocolClient.java:onNext(254)) - client-09EBABE1B9AF->325d518f-bf0d-428a-814f-266b27e759e4: receive RaftClientReply:client-09EBABE1B9AF->325d518f-bf0d-428a-814f-266b27e759e4@group-9696F0872FC0, cid=3212, SUCCESS, logIndex=5287, commits[325d518f-bf0d-428a-814f-266b27e759e4:c5288]
2019-06-15 10:53:16,047 INFO  client.GrpcClientProtocolClient (GrpcClientProtocolClient.java:onNext(254)) - client-09EBABE1B9AF->325d518f-bf0d-428a-814f-266b27e759e4: receive RaftClientReply:client-09EBABE1B9AF->325d518f-bf0d-428a-814f-266b27e759e4@group-9696F0872FC0, cid=3213, SUCCESS, logIndex=5289, commits[325d518f-bf0d-428a-814f-266b27e759e4:c5289]
2019-06-15 10:53:16,048 INFO  client.GrpcClientProtocolClient (GrpcClientProtocolClient.java:onNext(254)) - client-09EBABE1B9AF->325d518f-bf0d-428a-814f-266b27e759e4: receive RaftClientReply:client-09EBABE1B9AF->325d518f-bf0d-428a-814f-266b27e759e4@group-9696F0872FC0, cid=3214, SUCCESS, logIndex=5291, commits[325d518f-bf0d-428a-814f-266b27e759e4:c5291]
2019-06-15 10:53:16,049 INFO  client.GrpcClientProtocolClient (GrpcClientProtocolClient.java:onNext(254)) - client-09EBABE1B9AF->325d518f-bf0d-428a-814f-266b27e759e4: receive RaftClientReply:client-09EBABE1B9AF->325d518f-bf0d-428a-814f-266b27e759e4@group-9696F0872FC0, cid=3215, SUCCESS, logIndex=5292, commits[325d518f-bf0d-428a-814f-266b27e759e4:c5294]
2019-06-15 10:53:16,049 INFO  client.GrpcClientProtocolClient (GrpcClientProtocolClient.java:onNext(254)) - client-09EBABE1B9AF->325d518f-bf0d-428a-814f-266b27e759e4: receive RaftClientReply:client-09EBABE1B9AF->325d518f-bf0d-428a-814f-266b27e759e4@group-9696F0872FC0, cid=3216, SUCCESS, logIndex=5293, commits[325d518f-bf0d-428a-814f-266b27e759e4:c5294]
2019-06-15 10:53:16,058 INFO  client.GrpcClientProtocolClient (GrpcClientProtocolClient.java:onNext(254)) - client-09EBABE1B9AF->325d518f-bf0d-428a-814f-266b27e759e4: receive RaftClientReply:client-09EBABE1B9AF->325d518f-bf0d-428a-814f-266b27e759e4@group-9696F0872FC0, cid=3217, SUCCESS, logIndex=5295, commits[325d518f-bf0d-428a-814f-266b27e759e4:c5295]
2019-06-15 10:53:16,059 INFO  client.GrpcClientProtocolClient (GrpcClientProtocolClient.java:onNext(254)) - client-09EBABE1B9AF->325d518f-bf0d-428a-814f-266b27e759e4: receive RaftClientReply:client-09EBABE1B9AF->325d518f-bf0d-428a-814f-266b27e759e4@group-9696F0872FC0, cid=3218, SUCCESS, logIndex=5297, commits[325d518f-bf0d-428a-814f-266b27e759e4:c5297]
2019-06-15 10:53:16,060 INFO  client.GrpcClientProtocolClient (GrpcClientProtocolClient.java:onNext(254)) - client-09EBABE1B9AF->325d518f-bf0d-428a-814f-266b27e759e4: receive RaftClientReply:client-09EBABE1B9AF->325d518f-bf0d-428a-814f-266b27e759e4@group-9696F0872FC0, cid=3219, SUCCESS, logIndex=5298, commits[325d518f-bf0d-428a-814f-266b27e759e4:c5300]
2019-06-15 10:53:16,060 INFO  client.GrpcClientProtocolClient (GrpcClientProtocolClient.java:onNext(254)) - client-09EBABE1B9AF->325d518f-bf0d-428a-814f-266b27e759e4: receive RaftClientReply:client-09EBABE1B9AF->325d518f-bf0d-428a-814f-266b27e759e4@group-9696F0872FC0, cid=3220, SUCCESS, logIndex=5299, commits[325d518f-bf0d-428a-814f-266b27e759e4:c5300]
2019-06-15 10:53:16,069 INFO  client.GrpcClientProtocolClient (GrpcClientProtocolClient.java:onNext(254)) - client-09EBABE1B9AF->325d518f-bf0d-428a-814f-266b27e759e4: receive RaftClientReply:client-09EBABE1B9AF->325d518f-bf0d-428a-814f-266b27e759e4@group-9696F0872FC0, cid=3221, SUCCESS, logIndex=5301, commits[325d518f-bf0d-428a-814f-266b27e759e4:c5301]
2019-06-15 10:53:16,070 INFO  client.GrpcClientProtocolClient (GrpcClientProtocolClient.java:onNext(254)) - client-09EBABE1B9AF->325d518f-bf0d-428a-814f-266b27e759e4: receive RaftClientReply:client-09EBABE1B9AF->325d518f-bf0d-428a-814f-266b27e759e4@group-9696F0872FC0, cid=3222, SUCCESS, logIndex=5303, commits[325d518f-bf0d-428a-814f-266b27e759e4:c5303]
2019-06-15 10:53:16,071 INFO  client.GrpcClientProtocolClient (GrpcClientProtocolClient.java:onNext(254)) - client-09EBABE1B9AF->325d518f-bf0d-428a-814f-266b27e759e4: receive RaftClientReply:client-09EBABE1B9AF->325d518f-bf0d-428a-814f-266b27e759e4@group-9696F0872FC0, cid=3223, SUCCESS, logIndex=5304, commits[325d518f-bf0d-428a-814f-266b27e759e4:c5306]
2019-06-15 10:53:16,072 INFO  client.GrpcClientProtocolClient (GrpcClientProtocolClient.java:onNext(254)) - client-09EBABE1B9AF->325d518f-bf0d-428a-814f-266b27e759e4: receive RaftClientReply:client-09EBABE1B9AF->325d518f-bf0d-428a-814f-266b27e759e4@group-9696F0872FC0, cid=3224, SUCCESS, logIndex=5305, commits[325d518f-bf0d-428a-814f-266b27e759e4:c5306]
2019-06-15 10:53:16,082 INFO  client.GrpcClientProtocolClient (GrpcClientProtocolClient.java:onNext(254)) - client-09EBABE1B9AF->325d518f-bf0d-428a-814f-266b27e759e4: receive RaftClientReply:client-09EBABE1B9AF->325d518f-bf0d-428a-814f-266b27e759e4@group-9696F0872FC0, cid=3225, SUCCESS, logIndex=5307, commits[325d518f-bf0d-428a-814f-266b27e759e4:c5307]
2019-06-15 10:53:16,083 INFO  client.GrpcClientProtocolClient (GrpcClientProtocolClient.java:onNext(254)) - client-09EBABE1B9AF->325d518f-bf0d-428a-814f-266b27e759e4: receive RaftClientReply:client-09EBABE1B9AF->325d518f-bf0d-428a-814f-266b27e759e4@group-9696F0872FC0, cid=3226, SUCCESS, logIndex=5309, commits[325d518f-bf0d-428a-814f-266b27e759e4:c5309]
2019-06-15 10:53:16,110 DEBUG block.SCMBlockDeletingService (SCMBlockDeletingService.java:call(138)) - Running DeletedBlockTransactionScanner
2019-06-15 10:53:16,110 DEBUG block.SCMBlockDeletingService (SCMBlockDeletingService.java:call(155)) - Scanned deleted blocks log and got 0 delTX to process.
2019-06-15 10:53:16,190 INFO  storage.RaftLogWorker (RaftLogWorker.java:rollLogSegment(303)) - 325d518f-bf0d-428a-814f-266b27e759e4-RaftLogWorker: Rolling segment log-5244_5310 to index:5310
2019-06-15 10:53:16,191 INFO  storage.RaftLogWorker (RaftLogWorker.java:execute(433)) - 325d518f-bf0d-428a-814f-266b27e759e4-RaftLogWorker: Rolled log segment from /opt/src/hadoop-ozone/integration-test/target/test-dir/MiniOzoneClusterImpl-dd99cefe-9779-4043-9d74-181b69d2a827/datanode-0/data/ratis/e0f1d9ef-e225-4b24-a786-9696f0872fc0/current/log_inprogress_5244 to /opt/src/hadoop-ozone/integration-test/target/test-dir/MiniOzoneClusterImpl-dd99cefe-9779-4043-9d74-181b69d2a827/datanode-0/data/ratis/e0f1d9ef-e225-4b24-a786-9696f0872fc0/current/log_5244-5310
2019-06-15 10:53:16,210 DEBUG block.SCMBlockDeletingService (SCMBlockDeletingService.java:call(138)) - Running DeletedBlockTransactionScanner
2019-06-15 10:53:16,211 DEBUG block.SCMBlockDeletingService (SCMBlockDeletingService.java:call(155)) - Scanned deleted blocks log and got 0 delTX to process.
2019-06-15 10:53:16,226 INFO  storage.RaftLogWorker (RaftLogWorker.java:execute(469)) - 325d518f-bf0d-428a-814f-266b27e759e4-RaftLogWorker: created new log segment /opt/src/hadoop-ozone/integration-test/target/test-dir/MiniOzoneClusterImpl-dd99cefe-9779-4043-9d74-181b69d2a827/datanode-0/data/ratis/e0f1d9ef-e225-4b24-a786-9696f0872fc0/current/log_inprogress_5311
2019-06-15 10:53:16,227 INFO  client.GrpcClientProtocolClient (GrpcClientProtocolClient.java:onNext(254)) - client-09EBABE1B9AF->325d518f-bf0d-428a-814f-266b27e759e4: receive RaftClientReply:client-09EBABE1B9AF->325d518f-bf0d-428a-814f-266b27e759e4@group-9696F0872FC0, cid=3227, SUCCESS, logIndex=5311, commits[325d518f-bf0d-428a-814f-266b27e759e4:c5311]
2019-06-15 10:53:16,228 INFO  client.GrpcClientProtocolClient (GrpcClientProtocolClient.java:onNext(254)) - client-09EBABE1B9AF->325d518f-bf0d-428a-814f-266b27e759e4: receive RaftClientReply:client-09EBABE1B9AF->325d518f-bf0d-428a-814f-266b27e759e4@group-9696F0872FC0, cid=3228, SUCCESS, logIndex=5313, commits[325d518f-bf0d-428a-814f-266b27e759e4:c5313]
2019-06-15 10:53:16,234 INFO  client.GrpcClientProtocolClient (GrpcClientProtocolClient.java:onNext(254)) - client-09EBABE1B9AF->325d518f-bf0d-428a-814f-266b27e759e4: receive RaftClientReply:client-09EBABE1B9AF->325d518f-bf0d-428a-814f-266b27e759e4@group-9696F0872FC0, cid=3229, SUCCESS, logIndex=5315, commits[325d518f-bf0d-428a-814f-266b27e759e4:c5315]
2019-06-15 10:53:16,238 INFO  client.GrpcClientProtocolClient (GrpcClientProtocolClient.java:onNext(254)) - client-09EBABE1B9AF->325d518f-bf0d-428a-814f-266b27e759e4: receive RaftClientReply:client-09EBABE1B9AF->325d518f-bf0d-428a-814f-266b27e759e4@group-9696F0872FC0, cid=3230, SUCCESS, logIndex=5317, commits[325d518f-bf0d-428a-814f-266b27e759e4:c5317]
2019-06-15 10:53:16,238 INFO  client.GrpcClientProtocolClient (GrpcClientProtocolClient.java:onNext(254)) - client-09EBABE1B9AF->325d518f-bf0d-428a-814f-266b27e759e4: receive RaftClientReply:client-09EBABE1B9AF->325d518f-bf0d-428a-814f-266b27e759e4@group-9696F0872FC0, cid=3231, SUCCESS, logIndex=5318, commits[325d518f-bf0d-428a-814f-266b27e759e4:c5320]
2019-06-15 10:53:16,242 INFO  client.GrpcClientProtocolClient (GrpcClientProtocolClient.java:onNext(254)) - client-09EBABE1B9AF->325d518f-bf0d-428a-814f-266b27e759e4: receive RaftClientReply:client-09EBABE1B9AF->325d518f-bf0d-428a-814f-266b27e759e4@group-9696F0872FC0, cid=3232, SUCCESS, logIndex=5319, commits[325d518f-bf0d-428a-814f-266b27e759e4:c5320]
2019-06-15 10:53:16,253 INFO  client.GrpcClientProtocolClient (GrpcClientProtocolClient.java:onNext(254)) - client-09EBABE1B9AF->325d518f-bf0d-428a-814f-266b27e759e4: receive RaftClientReply:client-09EBABE1B9AF->325d518f-bf0d-428a-814f-266b27e759e4@group-9696F0872FC0, cid=3233, SUCCESS, logIndex=5321, commits[325d518f-bf0d-428a-814f-266b27e759e4:c5321]
2019-06-15 10:53:16,258 INFO  client.GrpcClientProtocolClient (GrpcClientProtocolClient.java:onNext(254)) - client-09EBABE1B9AF->325d518f-bf0d-428a-814f-266b27e759e4: receive RaftClientReply:client-09EBABE1B9AF->325d518f-bf0d-428a-814f-266b27e759e4@group-9696F0872FC0, cid=3234, SUCCESS, logIndex=5323, commits[325d518f-bf0d-428a-814f-266b27e759e4:c5323]
2019-06-15 10:53:16,259 INFO  client.GrpcClientProtocolClient (GrpcClientProtocolClient.java:onNext(254)) - client-09EBABE1B9AF->325d518f-bf0d-428a-814f-266b27e759e4: receive RaftClientReply:client-09EBABE1B9AF->325d518f-bf0d-428a-814f-266b27e759e4@group-9696F0872FC0, cid=3235, SUCCESS, logIndex=5324, commits[325d518f-bf0d-428a-814f-266b27e759e4:c5325]
2019-06-15 10:53:16,260 INFO  client.GrpcClientProtocolClient (GrpcClientProtocolClient.java:onNext(254)) - client-09EBABE1B9AF->325d518f-bf0d-428a-814f-266b27e759e4: receive RaftClientReply:client-09EBABE1B9AF->325d518f-bf0d-428a-814f-266b27e759e4@group-9696F0872FC0, cid=3236, SUCCESS, logIndex=5326, commits[325d518f-bf0d-428a-814f-266b27e759e4:c5326]
2019-06-15 10:53:16,265 INFO  client.GrpcClientProtocolClient (GrpcClientProtocolClient.java:onNext(254)) - client-09EBABE1B9AF->325d518f-bf0d-428a-814f-266b27e759e4: receive RaftClientReply:client-09EBABE1B9AF->325d518f-bf0d-428a-814f-266b27e759e4@group-9696F0872FC0, cid=3237, SUCCESS, logIndex=5328, commits[325d518f-bf0d-428a-814f-266b27e759e4:c5328]
2019-06-15 10:53:16,266 INFO  client.GrpcClientProtocolClient (GrpcClientProtocolClient.java:onNext(254)) - client-09EBABE1B9AF->325d518f-bf0d-428a-814f-266b27e759e4: receive RaftClientReply:client-09EBABE1B9AF->325d518f-bf0d-428a-814f-266b27e759e4@group-9696F0872FC0, cid=3238, SUCCESS, logIndex=5330, commits[325d518f-bf0d-428a-814f-266b27e759e4:c5330]
2019-06-15 10:53:16,267 INFO  client.GrpcClientProtocolClient (GrpcClientProtocolClient.java:onNext(254)) - client-09EBABE1B9AF->325d518f-bf0d-428a-814f-266b27e759e4: receive RaftClientReply:client-09EBABE1B9AF->325d518f-bf0d-428a-814f-266b27e759e4@group-9696F0872FC0, cid=3239, SUCCESS, logIndex=5331, commits[325d518f-bf0d-428a-814f-266b27e759e4:c5333]
2019-06-15 10:53:16,267 INFO  client.GrpcClientProtocolClient (GrpcClientProtocolClient.java:onNext(254)) - client-09EBABE1B9AF->325d518f-bf0d-428a-814f-266b27e759e4: receive RaftClientReply:client-09EBABE1B9AF->325d518f-bf0d-428a-814f-266b27e759e4@group-9696F0872FC0, cid=3240, SUCCESS, logIndex=5332, commits[325d518f-bf0d-428a-814f-266b27e759e4:c5333]
2019-06-15 10:53:16,276 INFO  client.GrpcClientProtocolClient (GrpcClientProtocolClient.java:onNext(254)) - client-09EBABE1B9AF->325d518f-bf0d-428a-814f-266b27e759e4: receive RaftClientReply:client-09EBABE1B9AF->325d518f-bf0d-428a-814f-266b27e759e4@group-9696F0872FC0, cid=3241, SUCCESS, logIndex=5334, commits[325d518f-bf0d-428a-814f-266b27e759e4:c5334]
2019-06-15 10:53:16,277 INFO  client.GrpcClientProtocolClient (GrpcClientProtocolClient.java:onNext(254)) - client-09EBABE1B9AF->325d518f-bf0d-428a-814f-266b27e759e4: receive RaftClientReply:client-09EBABE1B9AF->325d518f-bf0d-428a-814f-266b27e759e4@group-9696F0872FC0, cid=3242, SUCCESS, logIndex=5336, commits[325d518f-bf0d-428a-814f-266b27e759e4:c5336]
2019-06-15 10:53:16,279 INFO  client.GrpcClientProtocolClient (GrpcClientProtocolClient.java:onNext(254)) - client-09EBABE1B9AF->325d518f-bf0d-428a-814f-266b27e759e4: receive RaftClientReply:client-09EBABE1B9AF->325d518f-bf0d-428a-814f-266b27e759e4@group-9696F0872FC0, cid=3243, SUCCESS, logIndex=5337, commits[325d518f-bf0d-428a-814f-266b27e759e4:c5339]
2019-06-15 10:53:16,279 INFO  client.GrpcClientProtocolClient (GrpcClientProtocolClient.java:onNext(254)) - client-09EBABE1B9AF->325d518f-bf0d-428a-814f-266b27e759e4: receive RaftClientReply:client-09EBABE1B9AF->325d518f-bf0d-428a-814f-266b27e759e4@group-9696F0872FC0, cid=3244, SUCCESS, logIndex=5338, commits[325d518f-bf0d-428a-814f-266b27e759e4:c5339]
2019-06-15 10:53:16,285 INFO  client.GrpcClientProtocolClient (GrpcClientProtocolClient.java:onNext(254)) - client-09EBABE1B9AF->325d518f-bf0d-428a-814f-266b27e759e4: receive RaftClientReply:client-09EBABE1B9AF->325d518f-bf0d-428a-814f-266b27e759e4@group-9696F0872FC0, cid=3245, SUCCESS, logIndex=5340, commits[325d518f-bf0d-428a-814f-266b27e759e4:c5340]
2019-06-15 10:53:16,286 INFO  client.GrpcClientProtocolClient (GrpcClientProtocolClient.java:onNext(254)) - client-09EBABE1B9AF->325d518f-bf0d-428a-814f-266b27e759e4: receive RaftClientReply:client-09EBABE1B9AF->325d518f-bf0d-428a-814f-266b27e759e4@group-9696F0872FC0, cid=3246, SUCCESS, logIndex=5342, commits[325d518f-bf0d-428a-814f-266b27e759e4:c5342]
2019-06-15 10:53:16,287 INFO  client.GrpcClientProtocolClient (GrpcClientProtocolClient.java:onNext(254)) - client-09EBABE1B9AF->325d518f-bf0d-428a-814f-266b27e759e4: receive RaftClientReply:client-09EBABE1B9AF->325d518f-bf0d-428a-814f-266b27e759e4@group-9696F0872FC0, cid=3247, SUCCESS, logIndex=5343, commits[325d518f-bf0d-428a-814f-266b27e759e4:c5344]
2019-06-15 10:53:16,287 INFO  client.GrpcClientProtocolClient (GrpcClientProtocolClient.java:onNext(254)) - client-09EBABE1B9AF->325d518f-bf0d-428a-814f-266b27e759e4: receive RaftClientReply:client-09EBABE1B9AF->325d518f-bf0d-428a-814f-266b27e759e4@group-9696F0872FC0, cid=3248, SUCCESS, logIndex=5344, commits[325d518f-bf0d-428a-814f-266b27e759e4:c5344]
2019-06-15 10:53:16,299 INFO  client.GrpcClientProtocolClient (GrpcClientProtocolClient.java:onNext(254)) - client-09EBABE1B9AF->325d518f-bf0d-428a-814f-266b27e759e4: receive RaftClientReply:client-09EBABE1B9AF->325d518f-bf0d-428a-814f-266b27e759e4@group-9696F0872FC0, cid=3249, SUCCESS, logIndex=5347, commits[325d518f-bf0d-428a-814f-266b27e759e4:c5347]
2019-06-15 10:53:16,301 INFO  client.GrpcClientProtocolClient (GrpcClientProtocolClient.java:onNext(254)) - client-09EBABE1B9AF->325d518f-bf0d-428a-814f-266b27e759e4: receive RaftClientReply:client-09EBABE1B9AF->325d518f-bf0d-428a-814f-266b27e759e4@group-9696F0872FC0, cid=3250, SUCCESS, logIndex=5349, commits[325d518f-bf0d-428a-814f-266b27e759e4:c5349]
2019-06-15 10:53:16,301 INFO  client.GrpcClientProtocolClient (GrpcClientProtocolClient.java:onNext(254)) - client-09EBABE1B9AF->325d518f-bf0d-428a-814f-266b27e759e4: receive RaftClientReply:client-09EBABE1B9AF->325d518f-bf0d-428a-814f-266b27e759e4@group-9696F0872FC0, cid=3251, SUCCESS, logIndex=5350, commits[325d518f-bf0d-428a-814f-266b27e759e4:c5350]
2019-06-15 10:53:16,302 INFO  client.GrpcClientProtocolClient (GrpcClientProtocolClient.java:onNext(254)) - client-09EBABE1B9AF->325d518f-bf0d-428a-814f-266b27e759e4: receive RaftClientReply:client-09EBABE1B9AF->325d518f-bf0d-428a-814f-266b27e759e4@group-9696F0872FC0, cid=3252, SUCCESS, logIndex=5352, commits[325d518f-bf0d-428a-814f-266b27e759e4:c5352]
2019-06-15 10:53:16,306 INFO  client.GrpcClientProtocolClient (GrpcClientProtocolClient.java:onNext(254)) - client-09EBABE1B9AF->325d518f-bf0d-428a-814f-266b27e759e4: receive RaftClientReply:client-09EBABE1B9AF->325d518f-bf0d-428a-814f-266b27e759e4@group-9696F0872FC0, cid=3253, SUCCESS, logIndex=5355, commits[325d518f-bf0d-428a-814f-266b27e759e4:c5355]
2019-06-15 10:53:16,308 INFO  client.GrpcClientProtocolClient (GrpcClientProtocolClient.java:onNext(254)) - client-09EBABE1B9AF->325d518f-bf0d-428a-814f-266b27e759e4: receive RaftClientReply:client-09EBABE1B9AF->325d518f-bf0d-428a-814f-266b27e759e4@group-9696F0872FC0, cid=3254, SUCCESS, logIndex=5357, commits[325d518f-bf0d-428a-814f-266b27e759e4:c5357]
2019-06-15 10:53:16,309 INFO  client.GrpcClientProtocolClient (GrpcClientProtocolClient.java:onNext(254)) - client-09EBABE1B9AF->325d518f-bf0d-428a-814f-266b27e759e4: receive RaftClientReply:client-09EBABE1B9AF->325d518f-bf0d-428a-814f-266b27e759e4@group-9696F0872FC0, cid=3255, SUCCESS, logIndex=5358, commits[325d518f-bf0d-428a-814f-266b27e759e4:c5360]
2019-06-15 10:53:16,309 INFO  client.GrpcClientProtocolClient (GrpcClientProtocolClient.java:onNext(254)) - client-09EBABE1B9AF->325d518f-bf0d-428a-814f-266b27e759e4: receive RaftClientReply:client-09EBABE1B9AF->325d518f-bf0d-428a-814f-266b27e759e4@group-9696F0872FC0, cid=3256, SUCCESS, logIndex=5359, commits[325d518f-bf0d-428a-814f-266b27e759e4:c5360]
2019-06-15 10:53:16,311 DEBUG block.SCMBlockDeletingService (SCMBlockDeletingService.java:call(138)) - Running DeletedBlockTransactionScanner
2019-06-15 10:53:16,311 DEBUG block.SCMBlockDeletingService (SCMBlockDeletingService.java:call(155)) - Scanned deleted blocks log and got 0 delTX to process.
2019-06-15 10:53:16,319 INFO  client.GrpcClientProtocolClient (GrpcClientProtocolClient.java:onNext(254)) - client-09EBABE1B9AF->325d518f-bf0d-428a-814f-266b27e759e4: receive RaftClientReply:client-09EBABE1B9AF->325d518f-bf0d-428a-814f-266b27e759e4@group-9696F0872FC0, cid=3257, SUCCESS, logIndex=5361, commits[325d518f-bf0d-428a-814f-266b27e759e4:c5361]
2019-06-15 10:53:16,321 INFO  client.GrpcClientProtocolClient (GrpcClientProtocolClient.java:onNext(254)) - client-09EBABE1B9AF->325d518f-bf0d-428a-814f-266b27e759e4: receive RaftClientReply:client-09EBABE1B9AF->325d518f-bf0d-428a-814f-266b27e759e4@group-9696F0872FC0, cid=3258, SUCCESS, logIndex=5363, commits[325d518f-bf0d-428a-814f-266b27e759e4:c5363]
2019-06-15 10:53:16,321 INFO  client.GrpcClientProtocolClient (GrpcClientProtocolClient.java:onNext(254)) - client-09EBABE1B9AF->325d518f-bf0d-428a-814f-266b27e759e4: receive RaftClientReply:client-09EBABE1B9AF->325d518f-bf0d-428a-814f-266b27e759e4@group-9696F0872FC0, cid=3259, SUCCESS, logIndex=5364, commits[325d518f-bf0d-428a-814f-266b27e759e4:c5366]
2019-06-15 10:53:16,322 INFO  client.GrpcClientProtocolClient (GrpcClientProtocolClient.java:onNext(254)) - client-09EBABE1B9AF->325d518f-bf0d-428a-814f-266b27e759e4: receive RaftClientReply:client-09EBABE1B9AF->325d518f-bf0d-428a-814f-266b27e759e4@group-9696F0872FC0, cid=3260, SUCCESS, logIndex=5365, commits[325d518f-bf0d-428a-814f-266b27e759e4:c5366]
2019-06-15 10:53:16,326 INFO  client.GrpcClientProtocolClient (GrpcClientProtocolClient.java:onNext(254)) - client-09EBABE1B9AF->325d518f-bf0d-428a-814f-266b27e759e4: receive RaftClientReply:client-09EBABE1B9AF->325d518f-bf0d-428a-814f-266b27e759e4@group-9696F0872FC0, cid=3261, SUCCESS, logIndex=5367, commits[325d518f-bf0d-428a-814f-266b27e759e4:c5367]
2019-06-15 10:53:16,328 INFO  client.GrpcClientProtocolClient (GrpcClientProtocolClient.java:onNext(254)) - client-09EBABE1B9AF->325d518f-bf0d-428a-814f-266b27e759e4: receive RaftClientReply:client-09EBABE1B9AF->325d518f-bf0d-428a-814f-266b27e759e4@group-9696F0872FC0, cid=3262, SUCCESS, logIndex=5369, commits[325d518f-bf0d-428a-814f-266b27e759e4:c5369]
2019-06-15 10:53:16,329 INFO  client.GrpcClientProtocolClient (GrpcClientProtocolClient.java:onNext(254)) - client-09EBABE1B9AF->325d518f-bf0d-428a-814f-266b27e759e4: receive RaftClientReply:client-09EBABE1B9AF->325d518f-bf0d-428a-814f-266b27e759e4@group-9696F0872FC0, cid=3263, SUCCESS, logIndex=5370, commits[325d518f-bf0d-428a-814f-266b27e759e4:c5372]
2019-06-15 10:53:16,329 INFO  client.GrpcClientProtocolClient (GrpcClientProtocolClient.java:onNext(254)) - client-09EBABE1B9AF->325d518f-bf0d-428a-814f-266b27e759e4: receive RaftClientReply:client-09EBABE1B9AF->325d518f-bf0d-428a-814f-266b27e759e4@group-9696F0872FC0, cid=3264, SUCCESS, logIndex=5371, commits[325d518f-bf0d-428a-814f-266b27e759e4:c5372]
2019-06-15 10:53:16,339 INFO  client.GrpcClientProtocolClient (GrpcClientProtocolClient.java:onNext(254)) - client-09EBABE1B9AF->325d518f-bf0d-428a-814f-266b27e759e4: receive RaftClientReply:client-09EBABE1B9AF->325d518f-bf0d-428a-814f-266b27e759e4@group-9696F0872FC0, cid=3265, SUCCESS, logIndex=5373, commits[325d518f-bf0d-428a-814f-266b27e759e4:c5373]
2019-06-15 10:53:16,340 INFO  client.GrpcClientProtocolClient (GrpcClientProtocolClient.java:onNext(254)) - client-09EBABE1B9AF->325d518f-bf0d-428a-814f-266b27e759e4: receive RaftClientReply:client-09EBABE1B9AF->325d518f-bf0d-428a-814f-266b27e759e4@group-9696F0872FC0, cid=3266, SUCCESS, logIndex=5375, commits[325d518f-bf0d-428a-814f-266b27e759e4:c5375]
2019-06-15 10:53:16,342 INFO  client.GrpcClientProtocolClient (GrpcClientProtocolClient.java:onNext(254)) - client-09EBABE1B9AF->325d518f-bf0d-428a-814f-266b27e759e4: receive RaftClientReply:client-09EBABE1B9AF->325d518f-bf0d-428a-814f-266b27e759e4@group-9696F0872FC0, cid=3267, SUCCESS, logIndex=5377, commits[325d518f-bf0d-428a-814f-266b27e759e4:c5378]
2019-06-15 10:53:16,342 INFO  client.GrpcClientProtocolClient (GrpcClientProtocolClient.java:onNext(254)) - client-09EBABE1B9AF->325d518f-bf0d-428a-814f-266b27e759e4: receive RaftClientReply:client-09EBABE1B9AF->325d518f-bf0d-428a-814f-266b27e759e4@group-9696F0872FC0, cid=3268, SUCCESS, logIndex=5378, commits[325d518f-bf0d-428a-814f-266b27e759e4:c5378]
2019-06-15 10:53:16,347 INFO  client.GrpcClientProtocolClient (GrpcClientProtocolClient.java:onNext(254)) - client-09EBABE1B9AF->325d518f-bf0d-428a-814f-266b27e759e4: receive RaftClientReply:client-09EBABE1B9AF->325d518f-bf0d-428a-814f-266b27e759e4@group-9696F0872FC0, cid=3269, SUCCESS, logIndex=5380, commits[325d518f-bf0d-428a-814f-266b27e759e4:c5380]
2019-06-15 10:53:16,347 INFO  storage.RaftLogWorker (RaftLogWorker.java:rollLogSegment(303)) - 325d518f-bf0d-428a-814f-266b27e759e4-RaftLogWorker: Rolling segment log-5311_5381 to index:5381
2019-06-15 10:53:16,347 INFO  storage.RaftLogWorker (RaftLogWorker.java:execute(433)) - 325d518f-bf0d-428a-814f-266b27e759e4-RaftLogWorker: Rolled log segment from /opt/src/hadoop-ozone/integration-test/target/test-dir/MiniOzoneClusterImpl-dd99cefe-9779-4043-9d74-181b69d2a827/datanode-0/data/ratis/e0f1d9ef-e225-4b24-a786-9696f0872fc0/current/log_inprogress_5311 to /opt/src/hadoop-ozone/integration-test/target/test-dir/MiniOzoneClusterImpl-dd99cefe-9779-4043-9d74-181b69d2a827/datanode-0/data/ratis/e0f1d9ef-e225-4b24-a786-9696f0872fc0/current/log_5311-5381
2019-06-15 10:53:16,384 INFO  storage.RaftLogWorker (RaftLogWorker.java:execute(469)) - 325d518f-bf0d-428a-814f-266b27e759e4-RaftLogWorker: created new log segment /opt/src/hadoop-ozone/integration-test/target/test-dir/MiniOzoneClusterImpl-dd99cefe-9779-4043-9d74-181b69d2a827/datanode-0/data/ratis/e0f1d9ef-e225-4b24-a786-9696f0872fc0/current/log_inprogress_5382
2019-06-15 10:53:16,385 INFO  client.GrpcClientProtocolClient (GrpcClientProtocolClient.java:onNext(254)) - client-09EBABE1B9AF->325d518f-bf0d-428a-814f-266b27e759e4: receive RaftClientReply:client-09EBABE1B9AF->325d518f-bf0d-428a-814f-266b27e759e4@group-9696F0872FC0, cid=3270, SUCCESS, logIndex=5382, commits[325d518f-bf0d-428a-814f-266b27e759e4:c5382]
2019-06-15 10:53:16,411 DEBUG block.SCMBlockDeletingService (SCMBlockDeletingService.java:call(138)) - Running DeletedBlockTransactionScanner
2019-06-15 10:53:16,411 DEBUG block.SCMBlockDeletingService (SCMBlockDeletingService.java:call(155)) - Scanned deleted blocks log and got 0 delTX to process.
2019-06-15 10:53:16,428 INFO  client.GrpcClientProtocolClient (GrpcClientProtocolClient.java:onNext(254)) - client-09EBABE1B9AF->325d518f-bf0d-428a-814f-266b27e759e4: receive RaftClientReply:client-09EBABE1B9AF->325d518f-bf0d-428a-814f-266b27e759e4@group-9696F0872FC0, cid=3271, SUCCESS, logIndex=5384, commits[325d518f-bf0d-428a-814f-266b27e759e4:c5384]
2019-06-15 10:53:16,429 INFO  client.GrpcClientProtocolClient (GrpcClientProtocolClient.java:onNext(254)) - client-09EBABE1B9AF->325d518f-bf0d-428a-814f-266b27e759e4: receive RaftClientReply:client-09EBABE1B9AF->325d518f-bf0d-428a-814f-266b27e759e4@group-9696F0872FC0, cid=3272, SUCCESS, logIndex=5386, commits[325d518f-bf0d-428a-814f-266b27e759e4:c5386]
2019-06-15 10:53:16,438 INFO  client.GrpcClientProtocolClient (GrpcClientProtocolClient.java:onNext(254)) - client-09EBABE1B9AF->325d518f-bf0d-428a-814f-266b27e759e4: receive RaftClientReply:client-09EBABE1B9AF->325d518f-bf0d-428a-814f-266b27e759e4@group-9696F0872FC0, cid=3273, SUCCESS, logIndex=5388, commits[325d518f-bf0d-428a-814f-266b27e759e4:c5388]
2019-06-15 10:53:16,439 INFO  client.GrpcClientProtocolClient (GrpcClientProtocolClient.java:onNext(254)) - client-09EBABE1B9AF->325d518f-bf0d-428a-814f-266b27e759e4: receive RaftClientReply:client-09EBABE1B9AF->325d518f-bf0d-428a-814f-266b27e759e4@group-9696F0872FC0, cid=3274, SUCCESS, logIndex=5390, commits[325d518f-bf0d-428a-814f-266b27e759e4:c5390]
2019-06-15 10:53:16,441 INFO  client.GrpcClientProtocolClient (GrpcClientProtocolClient.java:onNext(254)) - client-09EBABE1B9AF->325d518f-bf0d-428a-814f-266b27e759e4: receive RaftClientReply:client-09EBABE1B9AF->325d518f-bf0d-428a-814f-266b27e759e4@group-9696F0872FC0, cid=3275, SUCCESS, logIndex=5392, commits[325d518f-bf0d-428a-814f-266b27e759e4:c5393]
2019-06-15 10:53:16,441 INFO  client.GrpcClientProtocolClient (GrpcClientProtocolClient.java:onNext(254)) - client-09EBABE1B9AF->325d518f-bf0d-428a-814f-266b27e759e4: receive RaftClientReply:client-09EBABE1B9AF->325d518f-bf0d-428a-814f-266b27e759e4@group-9696F0872FC0, cid=3276, SUCCESS, logIndex=5393, commits[325d518f-bf0d-428a-814f-266b27e759e4:c5393]
2019-06-15 10:53:16,446 INFO  client.GrpcClientProtocolClient (GrpcClientProtocolClient.java:onNext(254)) - client-09EBABE1B9AF->325d518f-bf0d-428a-814f-266b27e759e4: receive RaftClientReply:client-09EBABE1B9AF->325d518f-bf0d-428a-814f-266b27e759e4@group-9696F0872FC0, cid=3277, SUCCESS, logIndex=5395, commits[325d518f-bf0d-428a-814f-266b27e759e4:c5395]
2019-06-15 10:53:16,447 INFO  client.GrpcClientProtocolClient (GrpcClientProtocolClient.java:onNext(254)) - client-09EBABE1B9AF->325d518f-bf0d-428a-814f-266b27e759e4: receive RaftClientReply:client-09EBABE1B9AF->325d518f-bf0d-428a-814f-266b27e759e4@group-9696F0872FC0, cid=3278, SUCCESS, logIndex=5397, commits[325d518f-bf0d-428a-814f-266b27e759e4:c5397]
2019-06-15 10:53:16,448 INFO  client.GrpcClientProtocolClient (GrpcClientProtocolClient.java:onNext(254)) - client-09EBABE1B9AF->325d518f-bf0d-428a-814f-266b27e759e4: receive RaftClientReply:client-09EBABE1B9AF->325d518f-bf0d-428a-814f-266b27e759e4@group-9696F0872FC0, cid=3279, SUCCESS, logIndex=5398, commits[325d518f-bf0d-428a-814f-266b27e759e4:c5400]
2019-06-15 10:53:16,448 INFO  client.GrpcClientProtocolClient (GrpcClientProtocolClient.java:onNext(254)) - client-09EBABE1B9AF->325d518f-bf0d-428a-814f-266b27e759e4: receive RaftClientReply:client-09EBABE1B9AF->325d518f-bf0d-428a-814f-266b27e759e4@group-9696F0872FC0, cid=3280, SUCCESS, logIndex=5399, commits[325d518f-bf0d-428a-814f-266b27e759e4:c5400]
2019-06-15 10:53:16,457 INFO  client.GrpcClientProtocolClient (GrpcClientProtocolClient.java:onNext(254)) - client-09EBABE1B9AF->325d518f-bf0d-428a-814f-266b27e759e4: receive RaftClientReply:client-09EBABE1B9AF->325d518f-bf0d-428a-814f-266b27e759e4@group-9696F0872FC0, cid=3281, SUCCESS, logIndex=5401, commits[325d518f-bf0d-428a-814f-266b27e759e4:c5401]
2019-06-15 10:53:16,458 INFO  client.GrpcClientProtocolClient (GrpcClientProtocolClient.java:onNext(254)) - client-09EBABE1B9AF->325d518f-bf0d-428a-814f-266b27e759e4: receive RaftClientReply:client-09EBABE1B9AF->325d518f-bf0d-428a-814f-266b27e759e4@group-9696F0872FC0, cid=3282, SUCCESS, logIndex=5403, commits[325d518f-bf0d-428a-814f-266b27e759e4:c5403]
2019-06-15 10:53:16,460 INFO  client.GrpcClientProtocolClient (GrpcClientProtocolClient.java:onNext(254)) - client-09EBABE1B9AF->325d518f-bf0d-428a-814f-266b27e759e4: receive RaftClientReply:client-09EBABE1B9AF->325d518f-bf0d-428a-814f-266b27e759e4@group-9696F0872FC0, cid=3283, SUCCESS, logIndex=5404, commits[325d518f-bf0d-428a-814f-266b27e759e4:c5406]
2019-06-15 10:53:16,460 INFO  client.GrpcClientProtocolClient (GrpcClientProtocolClient.java:onNext(254)) - client-09EBABE1B9AF->325d518f-bf0d-428a-814f-266b27e759e4: receive RaftClientReply:client-09EBABE1B9AF->325d518f-bf0d-428a-814f-266b27e759e4@group-9696F0872FC0, cid=3284, SUCCESS, logIndex=5405, commits[325d518f-bf0d-428a-814f-266b27e759e4:c5406]
2019-06-15 10:53:16,465 INFO  client.GrpcClientProtocolClient (GrpcClientProtocolClient.java:onNext(254)) - client-09EBABE1B9AF->325d518f-bf0d-428a-814f-266b27e759e4: receive RaftClientReply:client-09EBABE1B9AF->325d518f-bf0d-428a-814f-266b27e759e4@group-9696F0872FC0, cid=3285, SUCCESS, logIndex=5407, commits[325d518f-bf0d-428a-814f-266b27e759e4:c5407]
2019-06-15 10:53:16,466 INFO  client.GrpcClientProtocolClient (GrpcClientProtocolClient.java:onNext(254)) - client-09EBABE1B9AF->325d518f-bf0d-428a-814f-266b27e759e4: receive RaftClientReply:client-09EBABE1B9AF->325d518f-bf0d-428a-814f-266b27e759e4@group-9696F0872FC0, cid=3286, SUCCESS, logIndex=5409, commits[325d518f-bf0d-428a-814f-266b27e759e4:c5409]
2019-06-15 10:53:16,467 INFO  client.GrpcClientProtocolClient (GrpcClientProtocolClient.java:onNext(254)) - client-09EBABE1B9AF->325d518f-bf0d-428a-814f-266b27e759e4: receive RaftClientReply:client-09EBABE1B9AF->325d518f-bf0d-428a-814f-266b27e759e4@group-9696F0872FC0, cid=3287, SUCCESS, logIndex=5410, commits[325d518f-bf0d-428a-814f-266b27e759e4:c5412]
2019-06-15 10:53:16,467 INFO  client.GrpcClientProtocolClient (GrpcClientProtocolClient.java:onNext(254)) - client-09EBABE1B9AF->325d518f-bf0d-428a-814f-266b27e759e4: receive RaftClientReply:client-09EBABE1B9AF->325d518f-bf0d-428a-814f-266b27e759e4@group-9696F0872FC0, cid=3288, SUCCESS, logIndex=5411, commits[325d518f-bf0d-428a-814f-266b27e759e4:c5412]
2019-06-15 10:53:16,476 INFO  client.GrpcClientProtocolClient (GrpcClientProtocolClient.java:onNext(254)) - client-09EBABE1B9AF->325d518f-bf0d-428a-814f-266b27e759e4: receive RaftClientReply:client-09EBABE1B9AF->325d518f-bf0d-428a-814f-266b27e759e4@group-9696F0872FC0, cid=3289, SUCCESS, logIndex=5413, commits[325d518f-bf0d-428a-814f-266b27e759e4:c5413]
2019-06-15 10:53:16,477 INFO  client.GrpcClientProtocolClient (GrpcClientProtocolClient.java:onNext(254)) - client-09EBABE1B9AF->325d518f-bf0d-428a-814f-266b27e759e4: receive RaftClientReply:client-09EBABE1B9AF->325d518f-bf0d-428a-814f-266b27e759e4@group-9696F0872FC0, cid=3290, SUCCESS, logIndex=5415, commits[325d518f-bf0d-428a-814f-266b27e759e4:c5415]
2019-06-15 10:53:16,478 INFO  client.GrpcClientProtocolClient (GrpcClientProtocolClient.java:onNext(254)) - client-09EBABE1B9AF->325d518f-bf0d-428a-814f-266b27e759e4: receive RaftClientReply:client-09EBABE1B9AF->325d518f-bf0d-428a-814f-266b27e759e4@group-9696F0872FC0, cid=3291, SUCCESS, logIndex=5416, commits[325d518f-bf0d-428a-814f-266b27e759e4:c5418]
2019-06-15 10:53:16,479 INFO  client.GrpcClientProtocolClient (GrpcClientProtocolClient.java:onNext(254)) - client-09EBABE1B9AF->325d518f-bf0d-428a-814f-266b27e759e4: receive RaftClientReply:client-09EBABE1B9AF->325d518f-bf0d-428a-814f-266b27e759e4@group-9696F0872FC0, cid=3292, SUCCESS, logIndex=5417, commits[325d518f-bf0d-428a-814f-266b27e759e4:c5418]
2019-06-15 10:53:16,483 INFO  client.GrpcClientProtocolClient (GrpcClientProtocolClient.java:onNext(254)) - client-09EBABE1B9AF->325d518f-bf0d-428a-814f-266b27e759e4: receive RaftClientReply:client-09EBABE1B9AF->325d518f-bf0d-428a-814f-266b27e759e4@group-9696F0872FC0, cid=3293, SUCCESS, logIndex=5419, commits[325d518f-bf0d-428a-814f-266b27e759e4:c5419]
2019-06-15 10:53:16,484 INFO  client.GrpcClientProtocolClient (GrpcClientProtocolClient.java:onNext(254)) - client-09EBABE1B9AF->325d518f-bf0d-428a-814f-266b27e759e4: receive RaftClientReply:client-09EBABE1B9AF->325d518f-bf0d-428a-814f-266b27e759e4@group-9696F0872FC0, cid=3294, SUCCESS, logIndex=5421, commits[325d518f-bf0d-428a-814f-266b27e759e4:c5421]
2019-06-15 10:53:16,485 INFO  client.GrpcClientProtocolClient (GrpcClientProtocolClient.java:onNext(254)) - client-09EBABE1B9AF->325d518f-bf0d-428a-814f-266b27e759e4: receive RaftClientReply:client-09EBABE1B9AF->325d518f-bf0d-428a-814f-266b27e759e4@group-9696F0872FC0, cid=3295, SUCCESS, logIndex=5422, commits[325d518f-bf0d-428a-814f-266b27e759e4:c5424]
2019-06-15 10:53:16,486 INFO  client.GrpcClientProtocolClient (GrpcClientProtocolClient.java:onNext(254)) - client-09EBABE1B9AF->325d518f-bf0d-428a-814f-266b27e759e4: receive RaftClientReply:client-09EBABE1B9AF->325d518f-bf0d-428a-814f-266b27e759e4@group-9696F0872FC0, cid=3296, SUCCESS, logIndex=5423, commits[325d518f-bf0d-428a-814f-266b27e759e4:c5424]
2019-06-15 10:53:16,495 INFO  client.GrpcClientProtocolClient (GrpcClientProtocolClient.java:onNext(254)) - client-09EBABE1B9AF->325d518f-bf0d-428a-814f-266b27e759e4: receive RaftClientReply:client-09EBABE1B9AF->325d518f-bf0d-428a-814f-266b27e759e4@group-9696F0872FC0, cid=3297, SUCCESS, logIndex=5425, commits[325d518f-bf0d-428a-814f-266b27e759e4:c5425]
2019-06-15 10:53:16,496 INFO  client.GrpcClientProtocolClient (GrpcClientProtocolClient.java:onNext(254)) - client-09EBABE1B9AF->325d518f-bf0d-428a-814f-266b27e759e4: receive RaftClientReply:client-09EBABE1B9AF->325d518f-bf0d-428a-814f-266b27e759e4@group-9696F0872FC0, cid=3298, SUCCESS, logIndex=5427, commits[325d518f-bf0d-428a-814f-266b27e759e4:c5427]
2019-06-15 10:53:16,497 INFO  client.GrpcClientProtocolClient (GrpcClientProtocolClient.java:onNext(254)) - client-09EBABE1B9AF->325d518f-bf0d-428a-814f-266b27e759e4: receive RaftClientReply:client-09EBABE1B9AF->325d518f-bf0d-428a-814f-266b27e759e4@group-9696F0872FC0, cid=3299, SUCCESS, logIndex=5428, commits[325d518f-bf0d-428a-814f-266b27e759e4:c5430]
2019-06-15 10:53:16,497 INFO  client.GrpcClientProtocolClient (GrpcClientProtocolClient.java:onNext(254)) - client-09EBABE1B9AF->325d518f-bf0d-428a-814f-266b27e759e4: receive RaftClientReply:client-09EBABE1B9AF->325d518f-bf0d-428a-814f-266b27e759e4@group-9696F0872FC0, cid=3300, SUCCESS, logIndex=5429, commits[325d518f-bf0d-428a-814f-266b27e759e4:c5430]
2019-06-15 10:53:16,502 INFO  client.GrpcClientProtocolClient (GrpcClientProtocolClient.java:onNext(254)) - client-09EBABE1B9AF->325d518f-bf0d-428a-814f-266b27e759e4: receive RaftClientReply:client-09EBABE1B9AF->325d518f-bf0d-428a-814f-266b27e759e4@group-9696F0872FC0, cid=3301, SUCCESS, logIndex=5431, commits[325d518f-bf0d-428a-814f-266b27e759e4:c5431]
2019-06-15 10:53:16,503 INFO  client.GrpcClientProtocolClient (GrpcClientProtocolClient.java:onNext(254)) - client-09EBABE1B9AF->325d518f-bf0d-428a-814f-266b27e759e4: receive RaftClientReply:client-09EBABE1B9AF->325d518f-bf0d-428a-814f-266b27e759e4@group-9696F0872FC0, cid=3302, SUCCESS, logIndex=5433, commits[325d518f-bf0d-428a-814f-266b27e759e4:c5433]
2019-06-15 10:53:16,504 INFO  client.GrpcClientProtocolClient (GrpcClientProtocolClient.java:onNext(254)) - client-09EBABE1B9AF->325d518f-bf0d-428a-814f-266b27e759e4: receive RaftClientReply:client-09EBABE1B9AF->325d518f-bf0d-428a-814f-266b27e759e4@group-9696F0872FC0, cid=3303, SUCCESS, logIndex=5434, commits[325d518f-bf0d-428a-814f-266b27e759e4:c5436]
2019-06-15 10:53:16,504 INFO  client.GrpcClientProtocolClient (GrpcClientProtocolClient.java:onNext(254)) - client-09EBABE1B9AF->325d518f-bf0d-428a-814f-266b27e759e4: receive RaftClientReply:client-09EBABE1B9AF->325d518f-bf0d-428a-814f-266b27e759e4@group-9696F0872FC0, cid=3304, SUCCESS, logIndex=5435, commits[325d518f-bf0d-428a-814f-266b27e759e4:c5436]
2019-06-15 10:53:16,513 DEBUG block.SCMBlockDeletingService (SCMBlockDeletingService.java:call(138)) - Running DeletedBlockTransactionScanner
2019-06-15 10:53:16,513 DEBUG block.SCMBlockDeletingService (SCMBlockDeletingService.java:call(155)) - Scanned deleted blocks log and got 0 delTX to process.
2019-06-15 10:53:16,515 INFO  client.GrpcClientProtocolClient (GrpcClientProtocolClient.java:onNext(254)) - client-09EBABE1B9AF->325d518f-bf0d-428a-814f-266b27e759e4: receive RaftClientReply:client-09EBABE1B9AF->325d518f-bf0d-428a-814f-266b27e759e4@group-9696F0872FC0, cid=3305, SUCCESS, logIndex=5437, commits[325d518f-bf0d-428a-814f-266b27e759e4:c5437]
2019-06-15 10:53:16,517 INFO  client.GrpcClientProtocolClient (GrpcClientProtocolClient.java:onNext(254)) - client-09EBABE1B9AF->325d518f-bf0d-428a-814f-266b27e759e4: receive RaftClientReply:client-09EBABE1B9AF->325d518f-bf0d-428a-814f-266b27e759e4@group-9696F0872FC0, cid=3306, SUCCESS, logIndex=5439, commits[325d518f-bf0d-428a-814f-266b27e759e4:c5441]
2019-06-15 10:53:16,517 INFO  client.GrpcClientProtocolClient (GrpcClientProtocolClient.java:onNext(254)) - client-09EBABE1B9AF->325d518f-bf0d-428a-814f-266b27e759e4: receive RaftClientReply:client-09EBABE1B9AF->325d518f-bf0d-428a-814f-266b27e759e4@group-9696F0872FC0, cid=3307, SUCCESS, logIndex=5440, commits[325d518f-bf0d-428a-814f-266b27e759e4:c5441]
2019-06-15 10:53:16,517 INFO  client.GrpcClientProtocolClient (GrpcClientProtocolClient.java:onNext(254)) - client-09EBABE1B9AF->325d518f-bf0d-428a-814f-266b27e759e4: receive RaftClientReply:client-09EBABE1B9AF->325d518f-bf0d-428a-814f-266b27e759e4@group-9696F0872FC0, cid=3308, SUCCESS, logIndex=5441, commits[325d518f-bf0d-428a-814f-266b27e759e4:c5442]
2019-06-15 10:53:16,522 INFO  client.GrpcClientProtocolClient (GrpcClientProtocolClient.java:onNext(254)) - client-09EBABE1B9AF->325d518f-bf0d-428a-814f-266b27e759e4: receive RaftClientReply:client-09EBABE1B9AF->325d518f-bf0d-428a-814f-266b27e759e4@group-9696F0872FC0, cid=3309, SUCCESS, logIndex=5443, commits[325d518f-bf0d-428a-814f-266b27e759e4:c5443]
2019-06-15 10:53:16,523 INFO  client.GrpcClientProtocolClient (GrpcClientProtocolClient.java:onNext(254)) - client-09EBABE1B9AF->325d518f-bf0d-428a-814f-266b27e759e4: receive RaftClientReply:client-09EBABE1B9AF->325d518f-bf0d-428a-814f-266b27e759e4@group-9696F0872FC0, cid=3310, SUCCESS, logIndex=5445, commits[325d518f-bf0d-428a-814f-266b27e759e4:c5445]
2019-06-15 10:53:16,524 INFO  client.GrpcClientProtocolClient (GrpcClientProtocolClient.java:onNext(254)) - client-09EBABE1B9AF->325d518f-bf0d-428a-814f-266b27e759e4: receive RaftClientReply:client-09EBABE1B9AF->325d518f-bf0d-428a-814f-266b27e759e4@group-9696F0872FC0, cid=3311, SUCCESS, logIndex=5446, commits[325d518f-bf0d-428a-814f-266b27e759e4:c5448]
2019-06-15 10:53:16,524 INFO  client.GrpcClientProtocolClient (GrpcClientProtocolClient.java:onNext(254)) - client-09EBABE1B9AF->325d518f-bf0d-428a-814f-266b27e759e4: receive RaftClientReply:client-09EBABE1B9AF->325d518f-bf0d-428a-814f-266b27e759e4@group-9696F0872FC0, cid=3312, SUCCESS, logIndex=5447, commits[325d518f-bf0d-428a-814f-266b27e759e4:c5448]
2019-06-15 10:53:16,575 INFO  storage.RaftLogWorker (RaftLogWorker.java:rollLogSegment(303)) - 325d518f-bf0d-428a-814f-266b27e759e4-RaftLogWorker: Rolling segment log-5382_5448 to index:5448
2019-06-15 10:53:16,576 INFO  storage.RaftLogWorker (RaftLogWorker.java:execute(433)) - 325d518f-bf0d-428a-814f-266b27e759e4-RaftLogWorker: Rolled log segment from /opt/src/hadoop-ozone/integration-test/target/test-dir/MiniOzoneClusterImpl-dd99cefe-9779-4043-9d74-181b69d2a827/datanode-0/data/ratis/e0f1d9ef-e225-4b24-a786-9696f0872fc0/current/log_inprogress_5382 to /opt/src/hadoop-ozone/integration-test/target/test-dir/MiniOzoneClusterImpl-dd99cefe-9779-4043-9d74-181b69d2a827/datanode-0/data/ratis/e0f1d9ef-e225-4b24-a786-9696f0872fc0/current/log_5382-5448
2019-06-15 10:53:16,614 DEBUG block.SCMBlockDeletingService (SCMBlockDeletingService.java:call(138)) - Running DeletedBlockTransactionScanner
2019-06-15 10:53:16,614 DEBUG block.SCMBlockDeletingService (SCMBlockDeletingService.java:call(155)) - Scanned deleted blocks log and got 0 delTX to process.
2019-06-15 10:53:16,617 INFO  storage.RaftLogWorker (RaftLogWorker.java:execute(469)) - 325d518f-bf0d-428a-814f-266b27e759e4-RaftLogWorker: created new log segment /opt/src/hadoop-ozone/integration-test/target/test-dir/MiniOzoneClusterImpl-dd99cefe-9779-4043-9d74-181b69d2a827/datanode-0/data/ratis/e0f1d9ef-e225-4b24-a786-9696f0872fc0/current/log_inprogress_5449
2019-06-15 10:53:16,619 INFO  client.GrpcClientProtocolClient (GrpcClientProtocolClient.java:onNext(254)) - client-09EBABE1B9AF->325d518f-bf0d-428a-814f-266b27e759e4: receive RaftClientReply:client-09EBABE1B9AF->325d518f-bf0d-428a-814f-266b27e759e4@group-9696F0872FC0, cid=3313, SUCCESS, logIndex=5449, commits[325d518f-bf0d-428a-814f-266b27e759e4:c5449]
2019-06-15 10:53:16,620 INFO  client.GrpcClientProtocolClient (GrpcClientProtocolClient.java:onNext(254)) - client-09EBABE1B9AF->325d518f-bf0d-428a-814f-266b27e759e4: receive RaftClientReply:client-09EBABE1B9AF->325d518f-bf0d-428a-814f-266b27e759e4@group-9696F0872FC0, cid=3314, SUCCESS, logIndex=5451, commits[325d518f-bf0d-428a-814f-266b27e759e4:c5451]
2019-06-15 10:53:16,685 INFO  client.GrpcClientProtocolClient (GrpcClientProtocolClient.java:onNext(254)) - client-09EBABE1B9AF->325d518f-bf0d-428a-814f-266b27e759e4: receive RaftClientReply:client-09EBABE1B9AF->325d518f-bf0d-428a-814f-266b27e759e4@group-9696F0872FC0, cid=3315, SUCCESS, logIndex=5453, commits[325d518f-bf0d-428a-814f-266b27e759e4:c5453]
2019-06-15 10:53:16,686 INFO  client.GrpcClientProtocolClient (GrpcClientProtocolClient.java:onNext(254)) - client-09EBABE1B9AF->325d518f-bf0d-428a-814f-266b27e759e4: receive RaftClientReply:client-09EBABE1B9AF->325d518f-bf0d-428a-814f-266b27e759e4@group-9696F0872FC0, cid=3316, SUCCESS, logIndex=5455, commits[325d518f-bf0d-428a-814f-266b27e759e4:c5455]
2019-06-15 10:53:16,691 INFO  client.GrpcClientProtocolClient (GrpcClientProtocolClient.java:onNext(254)) - client-09EBABE1B9AF->325d518f-bf0d-428a-814f-266b27e759e4: receive RaftClientReply:client-09EBABE1B9AF->325d518f-bf0d-428a-814f-266b27e759e4@group-9696F0872FC0, cid=3317, SUCCESS, logIndex=5457, commits[325d518f-bf0d-428a-814f-266b27e759e4:c5457]
2019-06-15 10:53:16,692 INFO  client.GrpcClientProtocolClient (GrpcClientProtocolClient.java:onNext(254)) - client-09EBABE1B9AF->325d518f-bf0d-428a-814f-266b27e759e4: receive RaftClientReply:client-09EBABE1B9AF->325d518f-bf0d-428a-814f-266b27e759e4@group-9696F0872FC0, cid=3318, SUCCESS, logIndex=5459, commits[325d518f-bf0d-428a-814f-266b27e759e4:c5459]
2019-06-15 10:53:16,693 INFO  client.GrpcClientProtocolClient (GrpcClientProtocolClient.java:onNext(254)) - client-09EBABE1B9AF->325d518f-bf0d-428a-814f-266b27e759e4: receive RaftClientReply:client-09EBABE1B9AF->325d518f-bf0d-428a-814f-266b27e759e4@group-9696F0872FC0, cid=3319, SUCCESS, logIndex=5460, commits[325d518f-bf0d-428a-814f-266b27e759e4:c5462]
2019-06-15 10:53:16,693 INFO  client.GrpcClientProtocolClient (GrpcClientProtocolClient.java:onNext(254)) - client-09EBABE1B9AF->325d518f-bf0d-428a-814f-266b27e759e4: receive RaftClientReply:client-09EBABE1B9AF->325d518f-bf0d-428a-814f-266b27e759e4@group-9696F0872FC0, cid=3320, SUCCESS, logIndex=5461, commits[325d518f-bf0d-428a-814f-266b27e759e4:c5462]
2019-06-15 10:53:16,702 INFO  client.GrpcClientProtocolClient (GrpcClientProtocolClient.java:onNext(254)) - client-09EBABE1B9AF->325d518f-bf0d-428a-814f-266b27e759e4: receive RaftClientReply:client-09EBABE1B9AF->325d518f-bf0d-428a-814f-266b27e759e4@group-9696F0872FC0, cid=3321, SUCCESS, logIndex=5463, commits[325d518f-bf0d-428a-814f-266b27e759e4:c5463]
2019-06-15 10:53:16,704 INFO  client.GrpcClientProtocolClient (GrpcClientProtocolClient.java:onNext(254)) - client-09EBABE1B9AF->325d518f-bf0d-428a-814f-266b27e759e4: receive RaftClientReply:client-09EBABE1B9AF->325d518f-bf0d-428a-814f-266b27e759e4@group-9696F0872FC0, cid=3322, SUCCESS, logIndex=5465, commits[325d518f-bf0d-428a-814f-266b27e759e4:c5467]
2019-06-15 10:53:16,705 INFO  client.GrpcClientProtocolClient (GrpcClientProtocolClient.java:onNext(254)) - client-09EBABE1B9AF->325d518f-bf0d-428a-814f-266b27e759e4: receive RaftClientReply:client-09EBABE1B9AF->325d518f-bf0d-428a-814f-266b27e759e4@group-9696F0872FC0, cid=3323, SUCCESS, logIndex=5466, commits[325d518f-bf0d-428a-814f-266b27e759e4:c5467]
2019-06-15 10:53:16,705 INFO  client.GrpcClientProtocolClient (GrpcClientProtocolClient.java:onNext(254)) - client-09EBABE1B9AF->325d518f-bf0d-428a-814f-266b27e759e4: receive RaftClientReply:client-09EBABE1B9AF->325d518f-bf0d-428a-814f-266b27e759e4@group-9696F0872FC0, cid=3324, SUCCESS, logIndex=5467, commits[325d518f-bf0d-428a-814f-266b27e759e4:c5468]
2019-06-15 10:53:16,710 INFO  client.GrpcClientProtocolClient (GrpcClientProtocolClient.java:onNext(254)) - client-09EBABE1B9AF->325d518f-bf0d-428a-814f-266b27e759e4: receive RaftClientReply:client-09EBABE1B9AF->325d518f-bf0d-428a-814f-266b27e759e4@group-9696F0872FC0, cid=3325, SUCCESS, logIndex=5469, commits[325d518f-bf0d-428a-814f-266b27e759e4:c5469]
2019-06-15 10:53:16,710 INFO  client.GrpcClientProtocolClient (GrpcClientProtocolClient.java:onNext(254)) - client-09EBABE1B9AF->325d518f-bf0d-428a-814f-266b27e759e4: receive RaftClientReply:client-09EBABE1B9AF->325d518f-bf0d-428a-814f-266b27e759e4@group-9696F0872FC0, cid=3326, SUCCESS, logIndex=5471, commits[325d518f-bf0d-428a-814f-266b27e759e4:c5471]
2019-06-15 10:53:16,712 INFO  client.GrpcClientProtocolClient (GrpcClientProtocolClient.java:onNext(254)) - client-09EBABE1B9AF->325d518f-bf0d-428a-814f-266b27e759e4: receive RaftClientReply:client-09EBABE1B9AF->325d518f-bf0d-428a-814f-266b27e759e4@group-9696F0872FC0, cid=3327, SUCCESS, logIndex=5472, commits[325d518f-bf0d-428a-814f-266b27e759e4:c5474]
2019-06-15 10:53:16,712 INFO  client.GrpcClientProtocolClient (GrpcClientProtocolClient.java:onNext(254)) - client-09EBABE1B9AF->325d518f-bf0d-428a-814f-266b27e759e4: receive RaftClientReply:client-09EBABE1B9AF->325d518f-bf0d-428a-814f-266b27e759e4@group-9696F0872FC0, cid=3328, SUCCESS, logIndex=5473, commits[325d518f-bf0d-428a-814f-266b27e759e4:c5474]
2019-06-15 10:53:16,715 DEBUG block.SCMBlockDeletingService (SCMBlockDeletingService.java:call(138)) - Running DeletedBlockTransactionScanner
2019-06-15 10:53:16,715 DEBUG block.SCMBlockDeletingService (SCMBlockDeletingService.java:call(155)) - Scanned deleted blocks log and got 0 delTX to process.
2019-06-15 10:53:16,724 INFO  client.GrpcClientProtocolClient (GrpcClientProtocolClient.java:onNext(254)) - client-09EBABE1B9AF->325d518f-bf0d-428a-814f-266b27e759e4: receive RaftClientReply:client-09EBABE1B9AF->325d518f-bf0d-428a-814f-266b27e759e4@group-9696F0872FC0, cid=3329, SUCCESS, logIndex=5475, commits[325d518f-bf0d-428a-814f-266b27e759e4:c5475]
2019-06-15 10:53:16,725 INFO  client.GrpcClientProtocolClient (GrpcClientProtocolClient.java:onNext(254)) - client-09EBABE1B9AF->325d518f-bf0d-428a-814f-266b27e759e4: receive RaftClientReply:client-09EBABE1B9AF->325d518f-bf0d-428a-814f-266b27e759e4@group-9696F0872FC0, cid=3330, SUCCESS, logIndex=5477, commits[325d518f-bf0d-428a-814f-266b27e759e4:c5477]
2019-06-15 10:53:16,726 INFO  client.GrpcClientProtocolClient (GrpcClientProtocolClient.java:onNext(254)) - client-09EBABE1B9AF->325d518f-bf0d-428a-814f-266b27e759e4: receive RaftClientReply:client-09EBABE1B9AF->325d518f-bf0d-428a-814f-266b27e759e4@group-9696F0872FC0, cid=3331, SUCCESS, logIndex=5478, commits[325d518f-bf0d-428a-814f-266b27e759e4:c5480]
2019-06-15 10:53:16,726 INFO  client.GrpcClientProtocolClient (GrpcClientProtocolClient.java:onNext(254)) - client-09EBABE1B9AF->325d518f-bf0d-428a-814f-266b27e759e4: receive RaftClientReply:client-09EBABE1B9AF->325d518f-bf0d-428a-814f-266b27e759e4@group-9696F0872FC0, cid=3332, SUCCESS, logIndex=5479, commits[325d518f-bf0d-428a-814f-266b27e759e4:c5480]
2019-06-15 10:53:16,734 INFO  client.GrpcClientProtocolClient (GrpcClientProtocolClient.java:onNext(254)) - client-09EBABE1B9AF->325d518f-bf0d-428a-814f-266b27e759e4: receive RaftClientReply:client-09EBABE1B9AF->325d518f-bf0d-428a-814f-266b27e759e4@group-9696F0872FC0, cid=3333, SUCCESS, logIndex=5481, commits[325d518f-bf0d-428a-814f-266b27e759e4:c5481]
2019-06-15 10:53:16,736 INFO  client.GrpcClientProtocolClient (GrpcClientProtocolClient.java:onNext(254)) - client-09EBABE1B9AF->325d518f-bf0d-428a-814f-266b27e759e4: receive RaftClientReply:client-09EBABE1B9AF->325d518f-bf0d-428a-814f-266b27e759e4@group-9696F0872FC0, cid=3334, SUCCESS, logIndex=5483, commits[325d518f-bf0d-428a-814f-266b27e759e4:c5485]
2019-06-15 10:53:16,738 INFO  client.GrpcClientProtocolClient (GrpcClientProtocolClient.java:onNext(254)) - client-09EBABE1B9AF->325d518f-bf0d-428a-814f-266b27e759e4: receive RaftClientReply:client-09EBABE1B9AF->325d518f-bf0d-428a-814f-266b27e759e4@group-9696F0872FC0, cid=3335, SUCCESS, logIndex=5484, commits[325d518f-bf0d-428a-814f-266b27e759e4:c5485]
2019-06-15 10:53:16,738 INFO  client.GrpcClientProtocolClient (GrpcClientProtocolClient.java:onNext(254)) - client-09EBABE1B9AF->325d518f-bf0d-428a-814f-266b27e759e4: receive RaftClientReply:client-09EBABE1B9AF->325d518f-bf0d-428a-814f-266b27e759e4@group-9696F0872FC0, cid=3336, SUCCESS, logIndex=5485, commits[325d518f-bf0d-428a-814f-266b27e759e4:c5486]
2019-06-15 10:53:16,751 INFO  client.GrpcClientProtocolClient (GrpcClientProtocolClient.java:onNext(254)) - client-09EBABE1B9AF->325d518f-bf0d-428a-814f-266b27e759e4: receive RaftClientReply:client-09EBABE1B9AF->325d518f-bf0d-428a-814f-266b27e759e4@group-9696F0872FC0, cid=3337, SUCCESS, logIndex=5487, commits[325d518f-bf0d-428a-814f-266b27e759e4:c5487]
2019-06-15 10:53:16,752 INFO  client.GrpcClientProtocolClient (GrpcClientProtocolClient.java:onNext(254)) - client-09EBABE1B9AF->325d518f-bf0d-428a-814f-266b27e759e4: receive RaftClientReply:client-09EBABE1B9AF->325d518f-bf0d-428a-814f-266b27e759e4@group-9696F0872FC0, cid=3338, SUCCESS, logIndex=5489, commits[325d518f-bf0d-428a-814f-266b27e759e4:c5489]
2019-06-15 10:53:16,754 INFO  client.GrpcClientProtocolClient (GrpcClientProtocolClient.java:onNext(254)) - client-09EBABE1B9AF->325d518f-bf0d-428a-814f-266b27e759e4: receive RaftClientReply:client-09EBABE1B9AF->325d518f-bf0d-428a-814f-266b27e759e4@group-9696F0872FC0, cid=3339, SUCCESS, logIndex=5491, commits[325d518f-bf0d-428a-814f-266b27e759e4:c5492]
2019-06-15 10:53:16,755 INFO  client.GrpcClientProtocolClient (GrpcClientProtocolClient.java:onNext(254)) - client-09EBABE1B9AF->325d518f-bf0d-428a-814f-266b27e759e4: receive RaftClientReply:client-09EBABE1B9AF->325d518f-bf0d-428a-814f-266b27e759e4@group-9696F0872FC0, cid=3340, SUCCESS, logIndex=5492, commits[325d518f-bf0d-428a-814f-266b27e759e4:c5492]
2019-06-15 10:53:16,760 INFO  client.GrpcClientProtocolClient (GrpcClientProtocolClient.java:onNext(254)) - client-09EBABE1B9AF->325d518f-bf0d-428a-814f-266b27e759e4: receive RaftClientReply:client-09EBABE1B9AF->325d518f-bf0d-428a-814f-266b27e759e4@group-9696F0872FC0, cid=3341, SUCCESS, logIndex=5494, commits[325d518f-bf0d-428a-814f-266b27e759e4:c5494]
2019-06-15 10:53:16,762 INFO  client.GrpcClientProtocolClient (GrpcClientProtocolClient.java:onNext(254)) - client-09EBABE1B9AF->325d518f-bf0d-428a-814f-266b27e759e4: receive RaftClientReply:client-09EBABE1B9AF->325d518f-bf0d-428a-814f-266b27e759e4@group-9696F0872FC0, cid=3342, SUCCESS, logIndex=5496, commits[325d518f-bf0d-428a-814f-266b27e759e4:c5496]
2019-06-15 10:53:16,763 INFO  client.GrpcClientProtocolClient (GrpcClientProtocolClient.java:onNext(254)) - client-09EBABE1B9AF->325d518f-bf0d-428a-814f-266b27e759e4: receive RaftClientReply:client-09EBABE1B9AF->325d518f-bf0d-428a-814f-266b27e759e4@group-9696F0872FC0, cid=3343, SUCCESS, logIndex=5497, commits[325d518f-bf0d-428a-814f-266b27e759e4:c5499]
2019-06-15 10:53:16,763 INFO  client.GrpcClientProtocolClient (GrpcClientProtocolClient.java:onNext(254)) - client-09EBABE1B9AF->325d518f-bf0d-428a-814f-266b27e759e4: receive RaftClientReply:client-09EBABE1B9AF->325d518f-bf0d-428a-814f-266b27e759e4@group-9696F0872FC0, cid=3344, SUCCESS, logIndex=5498, commits[325d518f-bf0d-428a-814f-266b27e759e4:c5499]
2019-06-15 10:53:16,773 INFO  client.GrpcClientProtocolClient (GrpcClientProtocolClient.java:onNext(254)) - client-09EBABE1B9AF->325d518f-bf0d-428a-814f-266b27e759e4: receive RaftClientReply:client-09EBABE1B9AF->325d518f-bf0d-428a-814f-266b27e759e4@group-9696F0872FC0, cid=3345, SUCCESS, logIndex=5500, commits[325d518f-bf0d-428a-814f-266b27e759e4:c5500]
2019-06-15 10:53:16,774 INFO  client.GrpcClientProtocolClient (GrpcClientProtocolClient.java:onNext(254)) - client-09EBABE1B9AF->325d518f-bf0d-428a-814f-266b27e759e4: receive RaftClientReply:client-09EBABE1B9AF->325d518f-bf0d-428a-814f-266b27e759e4@group-9696F0872FC0, cid=3346, SUCCESS, logIndex=5502, commits[325d518f-bf0d-428a-814f-266b27e759e4:c5502]
2019-06-15 10:53:16,776 INFO  client.GrpcClientProtocolClient (GrpcClientProtocolClient.java:onNext(254)) - client-09EBABE1B9AF->325d518f-bf0d-428a-814f-266b27e759e4: receive RaftClientReply:client-09EBABE1B9AF->325d518f-bf0d-428a-814f-266b27e759e4@group-9696F0872FC0, cid=3347, SUCCESS, logIndex=5504, commits[325d518f-bf0d-428a-814f-266b27e759e4:c5504]
2019-06-15 10:53:16,776 INFO  client.GrpcClientProtocolClient (GrpcClientProtocolClient.java:onNext(254)) - client-09EBABE1B9AF->325d518f-bf0d-428a-814f-266b27e759e4: receive RaftClientReply:client-09EBABE1B9AF->325d518f-bf0d-428a-814f-266b27e759e4@group-9696F0872FC0, cid=3348, SUCCESS, logIndex=5505, commits[325d518f-bf0d-428a-814f-266b27e759e4:c5505]
2019-06-15 10:53:16,781 INFO  client.GrpcClientProtocolClient (GrpcClientProtocolClient.java:onNext(254)) - client-09EBABE1B9AF->325d518f-bf0d-428a-814f-266b27e759e4: receive RaftClientReply:client-09EBABE1B9AF->325d518f-bf0d-428a-814f-266b27e759e4@group-9696F0872FC0, cid=3349, SUCCESS, logIndex=5508, commits[325d518f-bf0d-428a-814f-266b27e759e4:c5508]
2019-06-15 10:53:16,783 INFO  client.GrpcClientProtocolClient (GrpcClientProtocolClient.java:onNext(254)) - client-09EBABE1B9AF->325d518f-bf0d-428a-814f-266b27e759e4: receive RaftClientReply:client-09EBABE1B9AF->325d518f-bf0d-428a-814f-266b27e759e4@group-9696F0872FC0, cid=3350, SUCCESS, logIndex=5510, commits[325d518f-bf0d-428a-814f-266b27e759e4:c5510]
2019-06-15 10:53:16,784 INFO  client.GrpcClientProtocolClient (GrpcClientProtocolClient.java:onNext(254)) - client-09EBABE1B9AF->325d518f-bf0d-428a-814f-266b27e759e4: receive RaftClientReply:client-09EBABE1B9AF->325d518f-bf0d-428a-814f-266b27e759e4@group-9696F0872FC0, cid=3351, SUCCESS, logIndex=5511, commits[325d518f-bf0d-428a-814f-266b27e759e4:c5513]
2019-06-15 10:53:16,784 INFO  client.GrpcClientProtocolClient (GrpcClientProtocolClient.java:onNext(254)) - client-09EBABE1B9AF->325d518f-bf0d-428a-814f-266b27e759e4: receive RaftClientReply:client-09EBABE1B9AF->325d518f-bf0d-428a-814f-266b27e759e4@group-9696F0872FC0, cid=3352, SUCCESS, logIndex=5512, commits[325d518f-bf0d-428a-814f-266b27e759e4:c5513]
2019-06-15 10:53:16,796 INFO  client.GrpcClientProtocolClient (GrpcClientProtocolClient.java:onNext(254)) - client-09EBABE1B9AF->325d518f-bf0d-428a-814f-266b27e759e4: receive RaftClientReply:client-09EBABE1B9AF->325d518f-bf0d-428a-814f-266b27e759e4@group-9696F0872FC0, cid=3353, SUCCESS, logIndex=5514, commits[325d518f-bf0d-428a-814f-266b27e759e4:c5514]
2019-06-15 10:53:16,798 INFO  client.GrpcClientProtocolClient (GrpcClientProtocolClient.java:onNext(254)) - client-09EBABE1B9AF->325d518f-bf0d-428a-814f-266b27e759e4: receive RaftClientReply:client-09EBABE1B9AF->325d518f-bf0d-428a-814f-266b27e759e4@group-9696F0872FC0, cid=3354, SUCCESS, logIndex=5516, commits[325d518f-bf0d-428a-814f-266b27e759e4:c5518]
2019-06-15 10:53:16,798 INFO  client.GrpcClientProtocolClient (GrpcClientProtocolClient.java:onNext(254)) - client-09EBABE1B9AF->325d518f-bf0d-428a-814f-266b27e759e4: receive RaftClientReply:client-09EBABE1B9AF->325d518f-bf0d-428a-814f-266b27e759e4@group-9696F0872FC0, cid=3355, SUCCESS, logIndex=5517, commits[325d518f-bf0d-428a-814f-266b27e759e4:c5518]
2019-06-15 10:53:16,799 INFO  client.GrpcClientProtocolClient (GrpcClientProtocolClient.java:onNext(254)) - client-09EBABE1B9AF->325d518f-bf0d-428a-814f-266b27e759e4: receive RaftClientReply:client-09EBABE1B9AF->325d518f-bf0d-428a-814f-266b27e759e4@group-9696F0872FC0, cid=3356, SUCCESS, logIndex=5518, commits[325d518f-bf0d-428a-814f-266b27e759e4:c5519]
2019-06-15 10:53:16,801 INFO  storage.RaftLogWorker (RaftLogWorker.java:rollLogSegment(303)) - 325d518f-bf0d-428a-814f-266b27e759e4-RaftLogWorker: Rolling segment log-5449_5519 to index:5519
2019-06-15 10:53:16,806 INFO  storage.RaftLogWorker (RaftLogWorker.java:execute(433)) - 325d518f-bf0d-428a-814f-266b27e759e4-RaftLogWorker: Rolled log segment from /opt/src/hadoop-ozone/integration-test/target/test-dir/MiniOzoneClusterImpl-dd99cefe-9779-4043-9d74-181b69d2a827/datanode-0/data/ratis/e0f1d9ef-e225-4b24-a786-9696f0872fc0/current/log_inprogress_5449 to /opt/src/hadoop-ozone/integration-test/target/test-dir/MiniOzoneClusterImpl-dd99cefe-9779-4043-9d74-181b69d2a827/datanode-0/data/ratis/e0f1d9ef-e225-4b24-a786-9696f0872fc0/current/log_5449-5519
2019-06-15 10:53:16,815 DEBUG block.SCMBlockDeletingService (SCMBlockDeletingService.java:call(138)) - Running DeletedBlockTransactionScanner
2019-06-15 10:53:16,815 DEBUG block.SCMBlockDeletingService (SCMBlockDeletingService.java:call(155)) - Scanned deleted blocks log and got 0 delTX to process.
2019-06-15 10:53:16,845 INFO  storage.RaftLogWorker (RaftLogWorker.java:execute(469)) - 325d518f-bf0d-428a-814f-266b27e759e4-RaftLogWorker: created new log segment /opt/src/hadoop-ozone/integration-test/target/test-dir/MiniOzoneClusterImpl-dd99cefe-9779-4043-9d74-181b69d2a827/datanode-0/data/ratis/e0f1d9ef-e225-4b24-a786-9696f0872fc0/current/log_inprogress_5520
2019-06-15 10:53:16,847 INFO  client.GrpcClientProtocolClient (GrpcClientProtocolClient.java:onNext(254)) - client-09EBABE1B9AF->325d518f-bf0d-428a-814f-266b27e759e4: receive RaftClientReply:client-09EBABE1B9AF->325d518f-bf0d-428a-814f-266b27e759e4@group-9696F0872FC0, cid=3357, SUCCESS, logIndex=5520, commits[325d518f-bf0d-428a-814f-266b27e759e4:c5520]
2019-06-15 10:53:16,848 INFO  client.GrpcClientProtocolClient (GrpcClientProtocolClient.java:onNext(254)) - client-09EBABE1B9AF->325d518f-bf0d-428a-814f-266b27e759e4: receive RaftClientReply:client-09EBABE1B9AF->325d518f-bf0d-428a-814f-266b27e759e4@group-9696F0872FC0, cid=3358, SUCCESS, logIndex=5522, commits[325d518f-bf0d-428a-814f-266b27e759e4:c5522]
2019-06-15 10:53:16,871 INFO  client.GrpcClientProtocolClient (GrpcClientProtocolClient.java:onNext(254)) - client-09EBABE1B9AF->325d518f-bf0d-428a-814f-266b27e759e4: receive RaftClientReply:client-09EBABE1B9AF->325d518f-bf0d-428a-814f-266b27e759e4@group-9696F0872FC0, cid=3359, SUCCESS, logIndex=5524, commits[325d518f-bf0d-428a-814f-266b27e759e4:c5524]
2019-06-15 10:53:16,872 INFO  client.GrpcClientProtocolClient (GrpcClientProtocolClient.java:onNext(254)) - client-09EBABE1B9AF->325d518f-bf0d-428a-814f-266b27e759e4: receive RaftClientReply:client-09EBABE1B9AF->325d518f-bf0d-428a-814f-266b27e759e4@group-9696F0872FC0, cid=3360, SUCCESS, logIndex=5526, commits[325d518f-bf0d-428a-814f-266b27e759e4:c5526]
2019-06-15 10:53:16,881 INFO  client.GrpcClientProtocolClient (GrpcClientProtocolClient.java:onNext(254)) - client-09EBABE1B9AF->325d518f-bf0d-428a-814f-266b27e759e4: receive RaftClientReply:client-09EBABE1B9AF->325d518f-bf0d-428a-814f-266b27e759e4@group-9696F0872FC0, cid=3361, SUCCESS, logIndex=5528, commits[325d518f-bf0d-428a-814f-266b27e759e4:c5528]
2019-06-15 10:53:16,882 INFO  client.GrpcClientProtocolClient (GrpcClientProtocolClient.java:onNext(254)) - client-09EBABE1B9AF->325d518f-bf0d-428a-814f-266b27e759e4: receive RaftClientReply:client-09EBABE1B9AF->325d518f-bf0d-428a-814f-266b27e759e4@group-9696F0872FC0, cid=3362, SUCCESS, logIndex=5530, commits[325d518f-bf0d-428a-814f-266b27e759e4:c5530]
2019-06-15 10:53:16,884 INFO  client.GrpcClientProtocolClient (GrpcClientProtocolClient.java:onNext(254)) - client-09EBABE1B9AF->325d518f-bf0d-428a-814f-266b27e759e4: receive RaftClientReply:client-09EBABE1B9AF->325d518f-bf0d-428a-814f-266b27e759e4@group-9696F0872FC0, cid=3363, SUCCESS, logIndex=5531, commits[325d518f-bf0d-428a-814f-266b27e759e4:c5533]
2019-06-15 10:53:16,884 INFO  client.GrpcClientProtocolClient (GrpcClientProtocolClient.java:onNext(254)) - client-09EBABE1B9AF->325d518f-bf0d-428a-814f-266b27e759e4: receive RaftClientReply:client-09EBABE1B9AF->325d518f-bf0d-428a-814f-266b27e759e4@group-9696F0872FC0, cid=3364, SUCCESS, logIndex=5532, commits[325d518f-bf0d-428a-814f-266b27e759e4:c5533]
2019-06-15 10:53:16,888 INFO  client.GrpcClientProtocolClient (GrpcClientProtocolClient.java:onNext(254)) - client-09EBABE1B9AF->325d518f-bf0d-428a-814f-266b27e759e4: receive RaftClientReply:client-09EBABE1B9AF->325d518f-bf0d-428a-814f-266b27e759e4@group-9696F0872FC0, cid=3365, SUCCESS, logIndex=5534, commits[325d518f-bf0d-428a-814f-266b27e759e4:c5534]
2019-06-15 10:53:16,889 INFO  client.GrpcClientProtocolClient (GrpcClientProtocolClient.java:onNext(254)) - client-09EBABE1B9AF->325d518f-bf0d-428a-814f-266b27e759e4: receive RaftClientReply:client-09EBABE1B9AF->325d518f-bf0d-428a-814f-266b27e759e4@group-9696F0872FC0, cid=3366, SUCCESS, logIndex=5536, commits[325d518f-bf0d-428a-814f-266b27e759e4:c5536]
2019-06-15 10:53:16,891 INFO  client.GrpcClientProtocolClient (GrpcClientProtocolClient.java:onNext(254)) - client-09EBABE1B9AF->325d518f-bf0d-428a-814f-266b27e759e4: receive RaftClientReply:client-09EBABE1B9AF->325d518f-bf0d-428a-814f-266b27e759e4@group-9696F0872FC0, cid=3367, SUCCESS, logIndex=5537, commits[325d518f-bf0d-428a-814f-266b27e759e4:c5539]
2019-06-15 10:53:16,891 INFO  client.GrpcClientProtocolClient (GrpcClientProtocolClient.java:onNext(254)) - client-09EBABE1B9AF->325d518f-bf0d-428a-814f-266b27e759e4: receive RaftClientReply:client-09EBABE1B9AF->325d518f-bf0d-428a-814f-266b27e759e4@group-9696F0872FC0, cid=3368, SUCCESS, logIndex=5538, commits[325d518f-bf0d-428a-814f-266b27e759e4:c5539]
2019-06-15 10:53:16,900 INFO  client.GrpcClientProtocolClient (GrpcClientProtocolClient.java:onNext(254)) - client-09EBABE1B9AF->325d518f-bf0d-428a-814f-266b27e759e4: receive RaftClientReply:client-09EBABE1B9AF->325d518f-bf0d-428a-814f-266b27e759e4@group-9696F0872FC0, cid=3369, SUCCESS, logIndex=5540, commits[325d518f-bf0d-428a-814f-266b27e759e4:c5540]
2019-06-15 10:53:16,901 INFO  client.GrpcClientProtocolClient (GrpcClientProtocolClient.java:onNext(254)) - client-09EBABE1B9AF->325d518f-bf0d-428a-814f-266b27e759e4: receive RaftClientReply:client-09EBABE1B9AF->325d518f-bf0d-428a-814f-266b27e759e4@group-9696F0872FC0, cid=3370, SUCCESS, logIndex=5542, commits[325d518f-bf0d-428a-814f-266b27e759e4:c5542]
2019-06-15 10:53:16,904 INFO  client.GrpcClientProtocolClient (GrpcClientProtocolClient.java:onNext(254)) - client-09EBABE1B9AF->325d518f-bf0d-428a-814f-266b27e759e4: receive RaftClientReply:client-09EBABE1B9AF->325d518f-bf0d-428a-814f-266b27e759e4@group-9696F0872FC0, cid=3371, SUCCESS, logIndex=5544, commits[325d518f-bf0d-428a-814f-266b27e759e4:c5545]
2019-06-15 10:53:16,904 INFO  client.GrpcClientProtocolClient (GrpcClientProtocolClient.java:onNext(254)) - client-09EBABE1B9AF->325d518f-bf0d-428a-814f-266b27e759e4: receive RaftClientReply:client-09EBABE1B9AF->325d518f-bf0d-428a-814f-266b27e759e4@group-9696F0872FC0, cid=3372, SUCCESS, logIndex=5545, commits[325d518f-bf0d-428a-814f-266b27e759e4:c5545]
2019-06-15 10:53:16,910 INFO  client.GrpcClientProtocolClient (GrpcClientProtocolClient.java:onNext(254)) - client-09EBABE1B9AF->325d518f-bf0d-428a-814f-266b27e759e4: receive RaftClientReply:client-09EBABE1B9AF->325d518f-bf0d-428a-814f-266b27e759e4@group-9696F0872FC0, cid=3373, SUCCESS, logIndex=5547, commits[325d518f-bf0d-428a-814f-266b27e759e4:c5547]
2019-06-15 10:53:16,910 INFO  client.GrpcClientProtocolClient (GrpcClientProtocolClient.java:onNext(254)) - client-09EBABE1B9AF->325d518f-bf0d-428a-814f-266b27e759e4: receive RaftClientReply:client-09EBABE1B9AF->325d518f-bf0d-428a-814f-266b27e759e4@group-9696F0872FC0, cid=3374, SUCCESS, logIndex=5549, commits[325d518f-bf0d-428a-814f-266b27e759e4:c5549]
2019-06-15 10:53:16,911 INFO  client.GrpcClientProtocolClient (GrpcClientProtocolClient.java:onNext(254)) - client-09EBABE1B9AF->325d518f-bf0d-428a-814f-266b27e759e4: receive RaftClientReply:client-09EBABE1B9AF->325d518f-bf0d-428a-814f-266b27e759e4@group-9696F0872FC0, cid=3375, SUCCESS, logIndex=5550, commits[325d518f-bf0d-428a-814f-266b27e759e4:c5551]
2019-06-15 10:53:16,912 INFO  client.GrpcClientProtocolClient (GrpcClientProtocolClient.java:onNext(254)) - client-09EBABE1B9AF->325d518f-bf0d-428a-814f-266b27e759e4: receive RaftClientReply:client-09EBABE1B9AF->325d518f-bf0d-428a-814f-266b27e759e4@group-9696F0872FC0, cid=3376, SUCCESS, logIndex=5552, commits[325d518f-bf0d-428a-814f-266b27e759e4:c5552]
2019-06-15 10:53:16,915 DEBUG block.SCMBlockDeletingService (SCMBlockDeletingService.java:call(138)) - Running DeletedBlockTransactionScanner
2019-06-15 10:53:16,915 DEBUG block.SCMBlockDeletingService (SCMBlockDeletingService.java:call(155)) - Scanned deleted blocks log and got 0 delTX to process.
2019-06-15 10:53:16,921 INFO  client.GrpcClientProtocolClient (GrpcClientProtocolClient.java:onNext(254)) - client-09EBABE1B9AF->325d518f-bf0d-428a-814f-266b27e759e4: receive RaftClientReply:client-09EBABE1B9AF->325d518f-bf0d-428a-814f-266b27e759e4@group-9696F0872FC0, cid=3377, SUCCESS, logIndex=5554, commits[325d518f-bf0d-428a-814f-266b27e759e4:c5554]
2019-06-15 10:53:16,922 INFO  client.GrpcClientProtocolClient (GrpcClientProtocolClient.java:onNext(254)) - client-09EBABE1B9AF->325d518f-bf0d-428a-814f-266b27e759e4: receive RaftClientReply:client-09EBABE1B9AF->325d518f-bf0d-428a-814f-266b27e759e4@group-9696F0872FC0, cid=3378, SUCCESS, logIndex=5556, commits[325d518f-bf0d-428a-814f-266b27e759e4:c5556]
2019-06-15 10:53:16,923 INFO  client.GrpcClientProtocolClient (GrpcClientProtocolClient.java:onNext(254)) - client-09EBABE1B9AF->325d518f-bf0d-428a-814f-266b27e759e4: receive RaftClientReply:client-09EBABE1B9AF->325d518f-bf0d-428a-814f-266b27e759e4@group-9696F0872FC0, cid=3379, SUCCESS, logIndex=5557, commits[325d518f-bf0d-428a-814f-266b27e759e4:c5559]
2019-06-15 10:53:16,923 INFO  client.GrpcClientProtocolClient (GrpcClientProtocolClient.java:onNext(254)) - client-09EBABE1B9AF->325d518f-bf0d-428a-814f-266b27e759e4: receive RaftClientReply:client-09EBABE1B9AF->325d518f-bf0d-428a-814f-266b27e759e4@group-9696F0872FC0, cid=3380, SUCCESS, logIndex=5558, commits[325d518f-bf0d-428a-814f-266b27e759e4:c5559]
2019-06-15 10:53:16,928 INFO  client.GrpcClientProtocolClient (GrpcClientProtocolClient.java:onNext(254)) - client-09EBABE1B9AF->325d518f-bf0d-428a-814f-266b27e759e4: receive RaftClientReply:client-09EBABE1B9AF->325d518f-bf0d-428a-814f-266b27e759e4@group-9696F0872FC0, cid=3381, SUCCESS, logIndex=5560, commits[325d518f-bf0d-428a-814f-266b27e759e4:c5560]
2019-06-15 10:53:16,929 INFO  client.GrpcClientProtocolClient (GrpcClientProtocolClient.java:onNext(254)) - client-09EBABE1B9AF->325d518f-bf0d-428a-814f-266b27e759e4: receive RaftClientReply:client-09EBABE1B9AF->325d518f-bf0d-428a-814f-266b27e759e4@group-9696F0872FC0, cid=3382, SUCCESS, logIndex=5562, commits[325d518f-bf0d-428a-814f-266b27e759e4:c5562]
2019-06-15 10:53:16,930 INFO  client.GrpcClientProtocolClient (GrpcClientProtocolClient.java:onNext(254)) - client-09EBABE1B9AF->325d518f-bf0d-428a-814f-266b27e759e4: receive RaftClientReply:client-09EBABE1B9AF->325d518f-bf0d-428a-814f-266b27e759e4@group-9696F0872FC0, cid=3383, SUCCESS, logIndex=5563, commits[325d518f-bf0d-428a-814f-266b27e759e4:c5565]
2019-06-15 10:53:16,930 INFO  client.GrpcClientProtocolClient (GrpcClientProtocolClient.java:onNext(254)) - client-09EBABE1B9AF->325d518f-bf0d-428a-814f-266b27e759e4: receive RaftClientReply:client-09EBABE1B9AF->325d518f-bf0d-428a-814f-266b27e759e4@group-9696F0872FC0, cid=3384, SUCCESS, logIndex=5564, commits[325d518f-bf0d-428a-814f-266b27e759e4:c5565]
2019-06-15 10:53:16,939 INFO  client.GrpcClientProtocolClient (GrpcClientProtocolClient.java:onNext(254)) - client-09EBABE1B9AF->325d518f-bf0d-428a-814f-266b27e759e4: receive RaftClientReply:client-09EBABE1B9AF->325d518f-bf0d-428a-814f-266b27e759e4@group-9696F0872FC0, cid=3385, SUCCESS, logIndex=5566, commits[325d518f-bf0d-428a-814f-266b27e759e4:c5566]
2019-06-15 10:53:16,940 INFO  client.GrpcClientProtocolClient (GrpcClientProtocolClient.java:onNext(254)) - client-09EBABE1B9AF->325d518f-bf0d-428a-814f-266b27e759e4: receive RaftClientReply:client-09EBABE1B9AF->325d518f-bf0d-428a-814f-266b27e759e4@group-9696F0872FC0, cid=3386, SUCCESS, logIndex=5568, commits[325d518f-bf0d-428a-814f-266b27e759e4:c5568]
2019-06-15 10:53:16,941 INFO  client.GrpcClientProtocolClient (GrpcClientProtocolClient.java:onNext(254)) - client-09EBABE1B9AF->325d518f-bf0d-428a-814f-266b27e759e4: receive RaftClientReply:client-09EBABE1B9AF->325d518f-bf0d-428a-814f-266b27e759e4@group-9696F0872FC0, cid=3387, SUCCESS, logIndex=5569, commits[325d518f-bf0d-428a-814f-266b27e759e4:c5571]
2019-06-15 10:53:16,942 INFO  client.GrpcClientProtocolClient (GrpcClientProtocolClient.java:onNext(254)) - client-09EBABE1B9AF->325d518f-bf0d-428a-814f-266b27e759e4: receive RaftClientReply:client-09EBABE1B9AF->325d518f-bf0d-428a-814f-266b27e759e4@group-9696F0872FC0, cid=3388, SUCCESS, logIndex=5570, commits[325d518f-bf0d-428a-814f-266b27e759e4:c5571]
2019-06-15 10:53:16,946 INFO  client.GrpcClientProtocolClient (GrpcClientProtocolClient.java:onNext(254)) - client-09EBABE1B9AF->325d518f-bf0d-428a-814f-266b27e759e4: receive RaftClientReply:client-09EBABE1B9AF->325d518f-bf0d-428a-814f-266b27e759e4@group-9696F0872FC0, cid=3389, SUCCESS, logIndex=5572, commits[325d518f-bf0d-428a-814f-266b27e759e4:c5572]
2019-06-15 10:53:16,948 INFO  client.GrpcClientProtocolClient (GrpcClientProtocolClient.java:onNext(254)) - client-09EBABE1B9AF->325d518f-bf0d-428a-814f-266b27e759e4: receive RaftClientReply:client-09EBABE1B9AF->325d518f-bf0d-428a-814f-266b27e759e4@group-9696F0872FC0, cid=3390, SUCCESS, logIndex=5574, commits[325d518f-bf0d-428a-814f-266b27e759e4:c5574]
2019-06-15 10:53:16,948 INFO  client.GrpcClientProtocolClient (GrpcClientProtocolClient.java:onNext(254)) - client-09EBABE1B9AF->325d518f-bf0d-428a-814f-266b27e759e4: receive RaftClientReply:client-09EBABE1B9AF->325d518f-bf0d-428a-814f-266b27e759e4@group-9696F0872FC0, cid=3391, SUCCESS, logIndex=5575, commits[325d518f-bf0d-428a-814f-266b27e759e4:c5577]
2019-06-15 10:53:16,949 INFO  client.GrpcClientProtocolClient (GrpcClientProtocolClient.java:onNext(254)) - client-09EBABE1B9AF->325d518f-bf0d-428a-814f-266b27e759e4: receive RaftClientReply:client-09EBABE1B9AF->325d518f-bf0d-428a-814f-266b27e759e4@group-9696F0872FC0, cid=3392, SUCCESS, logIndex=5576, commits[325d518f-bf0d-428a-814f-266b27e759e4:c5577]
2019-06-15 10:53:17,240 DEBUG block.SCMBlockDeletingService (SCMBlockDeletingService.java:call(138)) - Running DeletedBlockTransactionScanner
2019-06-15 10:53:17,240 DEBUG block.SCMBlockDeletingService (SCMBlockDeletingService.java:call(155)) - Scanned deleted blocks log and got 0 delTX to process.
2019-06-15 10:53:17,253 INFO  client.GrpcClientProtocolClient (GrpcClientProtocolClient.java:onNext(254)) - client-09EBABE1B9AF->325d518f-bf0d-428a-814f-266b27e759e4: receive RaftClientReply:client-09EBABE1B9AF->325d518f-bf0d-428a-814f-266b27e759e4@group-9696F0872FC0, cid=3393, SUCCESS, logIndex=5578, commits[325d518f-bf0d-428a-814f-266b27e759e4:c5578]
2019-06-15 10:53:17,254 INFO  client.GrpcClientProtocolClient (GrpcClientProtocolClient.java:onNext(254)) - client-09EBABE1B9AF->325d518f-bf0d-428a-814f-266b27e759e4: receive RaftClientReply:client-09EBABE1B9AF->325d518f-bf0d-428a-814f-266b27e759e4@group-9696F0872FC0, cid=3394, SUCCESS, logIndex=5580, commits[325d518f-bf0d-428a-814f-266b27e759e4:c5580]
2019-06-15 10:53:17,255 INFO  client.GrpcClientProtocolClient (GrpcClientProtocolClient.java:onNext(254)) - client-09EBABE1B9AF->325d518f-bf0d-428a-814f-266b27e759e4: receive RaftClientReply:client-09EBABE1B9AF->325d518f-bf0d-428a-814f-266b27e759e4@group-9696F0872FC0, cid=3395, SUCCESS, logIndex=5581, commits[325d518f-bf0d-428a-814f-266b27e759e4:c5583]
2019-06-15 10:53:17,255 INFO  client.GrpcClientProtocolClient (GrpcClientProtocolClient.java:onNext(254)) - client-09EBABE1B9AF->325d518f-bf0d-428a-814f-266b27e759e4: receive RaftClientReply:client-09EBABE1B9AF->325d518f-bf0d-428a-814f-266b27e759e4@group-9696F0872FC0, cid=3396, SUCCESS, logIndex=5582, commits[325d518f-bf0d-428a-814f-266b27e759e4:c5583]
2019-06-15 10:53:17,260 INFO  client.GrpcClientProtocolClient (GrpcClientProtocolClient.java:onNext(254)) - client-09EBABE1B9AF->325d518f-bf0d-428a-814f-266b27e759e4: receive RaftClientReply:client-09EBABE1B9AF->325d518f-bf0d-428a-814f-266b27e759e4@group-9696F0872FC0, cid=3397, SUCCESS, logIndex=5584, commits[325d518f-bf0d-428a-814f-266b27e759e4:c5584]
2019-06-15 10:53:17,261 INFO  storage.RaftLogWorker (RaftLogWorker.java:rollLogSegment(303)) - 325d518f-bf0d-428a-814f-266b27e759e4-RaftLogWorker: Rolling segment log-5520_5587 to index:5587
2019-06-15 10:53:17,261 INFO  client.GrpcClientProtocolClient (GrpcClientProtocolClient.java:onNext(254)) - client-09EBABE1B9AF->325d518f-bf0d-428a-814f-266b27e759e4: receive RaftClientReply:client-09EBABE1B9AF->325d518f-bf0d-428a-814f-266b27e759e4@group-9696F0872FC0, cid=3398, SUCCESS, logIndex=5586, commits[325d518f-bf0d-428a-814f-266b27e759e4:c5586]
2019-06-15 10:53:17,262 INFO  storage.RaftLogWorker (RaftLogWorker.java:execute(433)) - 325d518f-bf0d-428a-814f-266b27e759e4-RaftLogWorker: Rolled log segment from /opt/src/hadoop-ozone/integration-test/target/test-dir/MiniOzoneClusterImpl-dd99cefe-9779-4043-9d74-181b69d2a827/datanode-0/data/ratis/e0f1d9ef-e225-4b24-a786-9696f0872fc0/current/log_inprogress_5520 to /opt/src/hadoop-ozone/integration-test/target/test-dir/MiniOzoneClusterImpl-dd99cefe-9779-4043-9d74-181b69d2a827/datanode-0/data/ratis/e0f1d9ef-e225-4b24-a786-9696f0872fc0/current/log_5520-5587
2019-06-15 10:53:17,262 INFO  client.GrpcClientProtocolClient (GrpcClientProtocolClient.java:onNext(254)) - client-09EBABE1B9AF->325d518f-bf0d-428a-814f-266b27e759e4: receive RaftClientReply:client-09EBABE1B9AF->325d518f-bf0d-428a-814f-266b27e759e4@group-9696F0872FC0, cid=3399, SUCCESS, logIndex=5587, commits[325d518f-bf0d-428a-814f-266b27e759e4:c5587]
2019-06-15 10:53:17,300 INFO  storage.RaftLogWorker (RaftLogWorker.java:execute(469)) - 325d518f-bf0d-428a-814f-266b27e759e4-RaftLogWorker: created new log segment /opt/src/hadoop-ozone/integration-test/target/test-dir/MiniOzoneClusterImpl-dd99cefe-9779-4043-9d74-181b69d2a827/datanode-0/data/ratis/e0f1d9ef-e225-4b24-a786-9696f0872fc0/current/log_inprogress_5588
2019-06-15 10:53:17,301 INFO  client.GrpcClientProtocolClient (GrpcClientProtocolClient.java:onNext(254)) - client-09EBABE1B9AF->325d518f-bf0d-428a-814f-266b27e759e4: receive RaftClientReply:client-09EBABE1B9AF->325d518f-bf0d-428a-814f-266b27e759e4@group-9696F0872FC0, cid=3400, SUCCESS, logIndex=5588, commits[325d518f-bf0d-428a-814f-266b27e759e4:c5590]
2019-06-15 10:53:17,311 INFO  client.GrpcClientProtocolClient (GrpcClientProtocolClient.java:onNext(254)) - client-09EBABE1B9AF->325d518f-bf0d-428a-814f-266b27e759e4: receive RaftClientReply:client-09EBABE1B9AF->325d518f-bf0d-428a-814f-266b27e759e4@group-9696F0872FC0, cid=3401, SUCCESS, logIndex=5591, commits[325d518f-bf0d-428a-814f-266b27e759e4:c5591]
2019-06-15 10:53:17,312 INFO  client.GrpcClientProtocolClient (GrpcClientProtocolClient.java:onNext(254)) - client-09EBABE1B9AF->325d518f-bf0d-428a-814f-266b27e759e4: receive RaftClientReply:client-09EBABE1B9AF->325d518f-bf0d-428a-814f-266b27e759e4@group-9696F0872FC0, cid=3402, SUCCESS, logIndex=5593, commits[325d518f-bf0d-428a-814f-266b27e759e4:c5593]
2019-06-15 10:53:17,340 DEBUG block.SCMBlockDeletingService (SCMBlockDeletingService.java:call(138)) - Running DeletedBlockTransactionScanner
2019-06-15 10:53:17,340 DEBUG block.SCMBlockDeletingService (SCMBlockDeletingService.java:call(155)) - Scanned deleted blocks log and got 0 delTX to process.
2019-06-15 10:53:17,384 INFO  client.GrpcClientProtocolClient (GrpcClientProtocolClient.java:onNext(254)) - client-09EBABE1B9AF->325d518f-bf0d-428a-814f-266b27e759e4: receive RaftClientReply:client-09EBABE1B9AF->325d518f-bf0d-428a-814f-266b27e759e4@group-9696F0872FC0, cid=3403, SUCCESS, logIndex=5595, commits[325d518f-bf0d-428a-814f-266b27e759e4:c5595]
2019-06-15 10:53:17,393 INFO  client.GrpcClientProtocolClient (GrpcClientProtocolClient.java:onNext(254)) - client-09EBABE1B9AF->325d518f-bf0d-428a-814f-266b27e759e4: receive RaftClientReply:client-09EBABE1B9AF->325d518f-bf0d-428a-814f-266b27e759e4@group-9696F0872FC0, cid=3404, SUCCESS, logIndex=5597, commits[325d518f-bf0d-428a-814f-266b27e759e4:c5597]
2019-06-15 10:53:17,398 INFO  client.GrpcClientProtocolClient (GrpcClientProtocolClient.java:onNext(254)) - client-09EBABE1B9AF->325d518f-bf0d-428a-814f-266b27e759e4: receive RaftClientReply:client-09EBABE1B9AF->325d518f-bf0d-428a-814f-266b27e759e4@group-9696F0872FC0, cid=3405, SUCCESS, logIndex=5599, commits[325d518f-bf0d-428a-814f-266b27e759e4:c5599]
2019-06-15 10:53:17,399 INFO  client.GrpcClientProtocolClient (GrpcClientProtocolClient.java:onNext(254)) - client-09EBABE1B9AF->325d518f-bf0d-428a-814f-266b27e759e4: receive RaftClientReply:client-09EBABE1B9AF->325d518f-bf0d-428a-814f-266b27e759e4@group-9696F0872FC0, cid=3406, SUCCESS, logIndex=5601, commits[325d518f-bf0d-428a-814f-266b27e759e4:c5601]
2019-06-15 10:53:17,400 INFO  client.GrpcClientProtocolClient (GrpcClientProtocolClient.java:onNext(254)) - client-09EBABE1B9AF->325d518f-bf0d-428a-814f-266b27e759e4: receive RaftClientReply:client-09EBABE1B9AF->325d518f-bf0d-428a-814f-266b27e759e4@group-9696F0872FC0, cid=3407, SUCCESS, logIndex=5602, commits[325d518f-bf0d-428a-814f-266b27e759e4:c5604]
2019-06-15 10:53:17,400 INFO  client.GrpcClientProtocolClient (GrpcClientProtocolClient.java:onNext(254)) - client-09EBABE1B9AF->325d518f-bf0d-428a-814f-266b27e759e4: receive RaftClientReply:client-09EBABE1B9AF->325d518f-bf0d-428a-814f-266b27e759e4@group-9696F0872FC0, cid=3408, SUCCESS, logIndex=5603, commits[325d518f-bf0d-428a-814f-266b27e759e4:c5604]
2019-06-15 10:53:17,410 INFO  client.GrpcClientProtocolClient (GrpcClientProtocolClient.java:onNext(254)) - client-09EBABE1B9AF->325d518f-bf0d-428a-814f-266b27e759e4: receive RaftClientReply:client-09EBABE1B9AF->325d518f-bf0d-428a-814f-266b27e759e4@group-9696F0872FC0, cid=3409, SUCCESS, logIndex=5605, commits[325d518f-bf0d-428a-814f-266b27e759e4:c5605]
2019-06-15 10:53:17,411 INFO  client.GrpcClientProtocolClient (GrpcClientProtocolClient.java:onNext(254)) - client-09EBABE1B9AF->325d518f-bf0d-428a-814f-266b27e759e4: receive RaftClientReply:client-09EBABE1B9AF->325d518f-bf0d-428a-814f-266b27e759e4@group-9696F0872FC0, cid=3410, SUCCESS, logIndex=5607, commits[325d518f-bf0d-428a-814f-266b27e759e4:c5607]
2019-06-15 10:53:17,412 INFO  client.GrpcClientProtocolClient (GrpcClientProtocolClient.java:onNext(254)) - client-09EBABE1B9AF->325d518f-bf0d-428a-814f-266b27e759e4: receive RaftClientReply:client-09EBABE1B9AF->325d518f-bf0d-428a-814f-266b27e759e4@group-9696F0872FC0, cid=3411, SUCCESS, logIndex=5608, commits[325d518f-bf0d-428a-814f-266b27e759e4:c5610]
2019-06-15 10:53:17,412 INFO  client.GrpcClientProtocolClient (GrpcClientProtocolClient.java:onNext(254)) - client-09EBABE1B9AF->325d518f-bf0d-428a-814f-266b27e759e4: receive RaftClientReply:client-09EBABE1B9AF->325d518f-bf0d-428a-814f-266b27e759e4@group-9696F0872FC0, cid=3412, SUCCESS, logIndex=5609, commits[325d518f-bf0d-428a-814f-266b27e759e4:c5610]
2019-06-15 10:53:17,417 INFO  client.GrpcClientProtocolClient (GrpcClientProtocolClient.java:onNext(254)) - client-09EBABE1B9AF->325d518f-bf0d-428a-814f-266b27e759e4: receive RaftClientReply:client-09EBABE1B9AF->325d518f-bf0d-428a-814f-266b27e759e4@group-9696F0872FC0, cid=3413, SUCCESS, logIndex=5611, commits[325d518f-bf0d-428a-814f-266b27e759e4:c5611]
2019-06-15 10:53:17,418 INFO  client.GrpcClientProtocolClient (GrpcClientProtocolClient.java:onNext(254)) - client-09EBABE1B9AF->325d518f-bf0d-428a-814f-266b27e759e4: receive RaftClientReply:client-09EBABE1B9AF->325d518f-bf0d-428a-814f-266b27e759e4@group-9696F0872FC0, cid=3414, SUCCESS, logIndex=5613, commits[325d518f-bf0d-428a-814f-266b27e759e4:c5613]
2019-06-15 10:53:17,420 INFO  client.GrpcClientProtocolClient (GrpcClientProtocolClient.java:onNext(254)) - client-09EBABE1B9AF->325d518f-bf0d-428a-814f-266b27e759e4: receive RaftClientReply:client-09EBABE1B9AF->325d518f-bf0d-428a-814f-266b27e759e4@group-9696F0872FC0, cid=3415, SUCCESS, logIndex=5614, commits[325d518f-bf0d-428a-814f-266b27e759e4:c5616]
2019-06-15 10:53:17,420 INFO  client.GrpcClientProtocolClient (GrpcClientProtocolClient.java:onNext(254)) - client-09EBABE1B9AF->325d518f-bf0d-428a-814f-266b27e759e4: receive RaftClientReply:client-09EBABE1B9AF->325d518f-bf0d-428a-814f-266b27e759e4@group-9696F0872FC0, cid=3416, SUCCESS, logIndex=5615, commits[325d518f-bf0d-428a-814f-266b27e759e4:c5616]
2019-06-15 10:53:17,431 INFO  client.GrpcClientProtocolClient (GrpcClientProtocolClient.java:onNext(254)) - client-09EBABE1B9AF->325d518f-bf0d-428a-814f-266b27e759e4: receive RaftClientReply:client-09EBABE1B9AF->325d518f-bf0d-428a-814f-266b27e759e4@group-9696F0872FC0, cid=3417, SUCCESS, logIndex=5617, commits[325d518f-bf0d-428a-814f-266b27e759e4:c5617]
2019-06-15 10:53:17,433 INFO  client.GrpcClientProtocolClient (GrpcClientProtocolClient.java:onNext(254)) - client-09EBABE1B9AF->325d518f-bf0d-428a-814f-266b27e759e4: receive RaftClientReply:client-09EBABE1B9AF->325d518f-bf0d-428a-814f-266b27e759e4@group-9696F0872FC0, cid=3418, SUCCESS, logIndex=5619, commits[325d518f-bf0d-428a-814f-266b27e759e4:c5619]
2019-06-15 10:53:17,434 INFO  client.GrpcClientProtocolClient (GrpcClientProtocolClient.java:onNext(254)) - client-09EBABE1B9AF->325d518f-bf0d-428a-814f-266b27e759e4: receive RaftClientReply:client-09EBABE1B9AF->325d518f-bf0d-428a-814f-266b27e759e4@group-9696F0872FC0, cid=3419, SUCCESS, logIndex=5620, commits[325d518f-bf0d-428a-814f-266b27e759e4:c5621]
2019-06-15 10:53:17,434 INFO  client.GrpcClientProtocolClient (GrpcClientProtocolClient.java:onNext(254)) - client-09EBABE1B9AF->325d518f-bf0d-428a-814f-266b27e759e4: receive RaftClientReply:client-09EBABE1B9AF->325d518f-bf0d-428a-814f-266b27e759e4@group-9696F0872FC0, cid=3420, SUCCESS, logIndex=5621, commits[325d518f-bf0d-428a-814f-266b27e759e4:c5621]
2019-06-15 10:53:17,439 INFO  client.GrpcClientProtocolClient (GrpcClientProtocolClient.java:onNext(254)) - client-09EBABE1B9AF->325d518f-bf0d-428a-814f-266b27e759e4: receive RaftClientReply:client-09EBABE1B9AF->325d518f-bf0d-428a-814f-266b27e759e4@group-9696F0872FC0, cid=3421, SUCCESS, logIndex=5624, commits[325d518f-bf0d-428a-814f-266b27e759e4:c5624]
2019-06-15 10:53:17,440 INFO  client.GrpcClientProtocolClient (GrpcClientProtocolClient.java:onNext(254)) - client-09EBABE1B9AF->325d518f-bf0d-428a-814f-266b27e759e4: receive RaftClientReply:client-09EBABE1B9AF->325d518f-bf0d-428a-814f-266b27e759e4@group-9696F0872FC0, cid=3422, SUCCESS, logIndex=5626, commits[325d518f-bf0d-428a-814f-266b27e759e4:c5626]
2019-06-15 10:53:17,441 DEBUG block.SCMBlockDeletingService (SCMBlockDeletingService.java:call(138)) - Running DeletedBlockTransactionScanner
2019-06-15 10:53:17,441 DEBUG block.SCMBlockDeletingService (SCMBlockDeletingService.java:call(155)) - Scanned deleted blocks log and got 0 delTX to process.
2019-06-15 10:53:17,442 INFO  client.GrpcClientProtocolClient (GrpcClientProtocolClient.java:onNext(254)) - client-09EBABE1B9AF->325d518f-bf0d-428a-814f-266b27e759e4: receive RaftClientReply:client-09EBABE1B9AF->325d518f-bf0d-428a-814f-266b27e759e4@group-9696F0872FC0, cid=3423, SUCCESS, logIndex=5627, commits[325d518f-bf0d-428a-814f-266b27e759e4:c5629]
2019-06-15 10:53:17,442 INFO  client.GrpcClientProtocolClient (GrpcClientProtocolClient.java:onNext(254)) - client-09EBABE1B9AF->325d518f-bf0d-428a-814f-266b27e759e4: receive RaftClientReply:client-09EBABE1B9AF->325d518f-bf0d-428a-814f-266b27e759e4@group-9696F0872FC0, cid=3424, SUCCESS, logIndex=5628, commits[325d518f-bf0d-428a-814f-266b27e759e4:c5629]
2019-06-15 10:53:17,451 INFO  client.GrpcClientProtocolClient (GrpcClientProtocolClient.java:onNext(254)) - client-09EBABE1B9AF->325d518f-bf0d-428a-814f-266b27e759e4: receive RaftClientReply:client-09EBABE1B9AF->325d518f-bf0d-428a-814f-266b27e759e4@group-9696F0872FC0, cid=3425, SUCCESS, logIndex=5630, commits[325d518f-bf0d-428a-814f-266b27e759e4:c5630]
2019-06-15 10:53:17,453 INFO  client.GrpcClientProtocolClient (GrpcClientProtocolClient.java:onNext(254)) - client-09EBABE1B9AF->325d518f-bf0d-428a-814f-266b27e759e4: receive RaftClientReply:client-09EBABE1B9AF->325d518f-bf0d-428a-814f-266b27e759e4@group-9696F0872FC0, cid=3426, SUCCESS, logIndex=5632, commits[325d518f-bf0d-428a-814f-266b27e759e4:c5632]
2019-06-15 10:53:17,454 INFO  client.GrpcClientProtocolClient (GrpcClientProtocolClient.java:onNext(254)) - client-09EBABE1B9AF->325d518f-bf0d-428a-814f-266b27e759e4: receive RaftClientReply:client-09EBABE1B9AF->325d518f-bf0d-428a-814f-266b27e759e4@group-9696F0872FC0, cid=3427, SUCCESS, logIndex=5633, commits[325d518f-bf0d-428a-814f-266b27e759e4:c5633]
2019-06-15 10:53:17,454 INFO  client.GrpcClientProtocolClient (GrpcClientProtocolClient.java:onNext(254)) - client-09EBABE1B9AF->325d518f-bf0d-428a-814f-266b27e759e4: receive RaftClientReply:client-09EBABE1B9AF->325d518f-bf0d-428a-814f-266b27e759e4@group-9696F0872FC0, cid=3428, SUCCESS, logIndex=5635, commits[325d518f-bf0d-428a-814f-266b27e759e4:c5635]
2019-06-15 10:53:17,459 INFO  client.GrpcClientProtocolClient (GrpcClientProtocolClient.java:onNext(254)) - client-09EBABE1B9AF->325d518f-bf0d-428a-814f-266b27e759e4: receive RaftClientReply:client-09EBABE1B9AF->325d518f-bf0d-428a-814f-266b27e759e4@group-9696F0872FC0, cid=3429, SUCCESS, logIndex=5638, commits[325d518f-bf0d-428a-814f-266b27e759e4:c5638]
2019-06-15 10:53:17,462 INFO  client.GrpcClientProtocolClient (GrpcClientProtocolClient.java:onNext(254)) - client-09EBABE1B9AF->325d518f-bf0d-428a-814f-266b27e759e4: receive RaftClientReply:client-09EBABE1B9AF->325d518f-bf0d-428a-814f-266b27e759e4@group-9696F0872FC0, cid=3430, SUCCESS, logIndex=5640, commits[325d518f-bf0d-428a-814f-266b27e759e4:c5640]
2019-06-15 10:53:17,462 INFO  client.GrpcClientProtocolClient (GrpcClientProtocolClient.java:onNext(254)) - client-09EBABE1B9AF->325d518f-bf0d-428a-814f-266b27e759e4: receive RaftClientReply:client-09EBABE1B9AF->325d518f-bf0d-428a-814f-266b27e759e4@group-9696F0872FC0, cid=3431, SUCCESS, logIndex=5641, commits[325d518f-bf0d-428a-814f-266b27e759e4:c5642]
2019-06-15 10:53:17,463 INFO  client.GrpcClientProtocolClient (GrpcClientProtocolClient.java:onNext(254)) - client-09EBABE1B9AF->325d518f-bf0d-428a-814f-266b27e759e4: receive RaftClientReply:client-09EBABE1B9AF->325d518f-bf0d-428a-814f-266b27e759e4@group-9696F0872FC0, cid=3432, SUCCESS, logIndex=5643, commits[325d518f-bf0d-428a-814f-266b27e759e4:c5643]
2019-06-15 10:53:17,474 INFO  client.GrpcClientProtocolClient (GrpcClientProtocolClient.java:onNext(254)) - client-09EBABE1B9AF->325d518f-bf0d-428a-814f-266b27e759e4: receive RaftClientReply:client-09EBABE1B9AF->325d518f-bf0d-428a-814f-266b27e759e4@group-9696F0872FC0, cid=3433, SUCCESS, logIndex=5645, commits[325d518f-bf0d-428a-814f-266b27e759e4:c5645]
2019-06-15 10:53:17,475 INFO  client.GrpcClientProtocolClient (GrpcClientProtocolClient.java:onNext(254)) - client-09EBABE1B9AF->325d518f-bf0d-428a-814f-266b27e759e4: receive RaftClientReply:client-09EBABE1B9AF->325d518f-bf0d-428a-814f-266b27e759e4@group-9696F0872FC0, cid=3434, SUCCESS, logIndex=5647, commits[325d518f-bf0d-428a-814f-266b27e759e4:c5647]
2019-06-15 10:53:17,476 INFO  client.GrpcClientProtocolClient (GrpcClientProtocolClient.java:onNext(254)) - client-09EBABE1B9AF->325d518f-bf0d-428a-814f-266b27e759e4: receive RaftClientReply:client-09EBABE1B9AF->325d518f-bf0d-428a-814f-266b27e759e4@group-9696F0872FC0, cid=3435, SUCCESS, logIndex=5648, commits[325d518f-bf0d-428a-814f-266b27e759e4:c5650]
2019-06-15 10:53:17,477 INFO  client.GrpcClientProtocolClient (GrpcClientProtocolClient.java:onNext(254)) - client-09EBABE1B9AF->325d518f-bf0d-428a-814f-266b27e759e4: receive RaftClientReply:client-09EBABE1B9AF->325d518f-bf0d-428a-814f-266b27e759e4@group-9696F0872FC0, cid=3436, SUCCESS, logIndex=5649, commits[325d518f-bf0d-428a-814f-266b27e759e4:c5650]
2019-06-15 10:53:17,482 INFO  client.GrpcClientProtocolClient (GrpcClientProtocolClient.java:onNext(254)) - client-09EBABE1B9AF->325d518f-bf0d-428a-814f-266b27e759e4: receive RaftClientReply:client-09EBABE1B9AF->325d518f-bf0d-428a-814f-266b27e759e4@group-9696F0872FC0, cid=3437, SUCCESS, logIndex=5651, commits[325d518f-bf0d-428a-814f-266b27e759e4:c5651]
2019-06-15 10:53:17,483 INFO  client.GrpcClientProtocolClient (GrpcClientProtocolClient.java:onNext(254)) - client-09EBABE1B9AF->325d518f-bf0d-428a-814f-266b27e759e4: receive RaftClientReply:client-09EBABE1B9AF->325d518f-bf0d-428a-814f-266b27e759e4@group-9696F0872FC0, cid=3438, SUCCESS, logIndex=5653, commits[325d518f-bf0d-428a-814f-266b27e759e4:c5653]
2019-06-15 10:53:17,484 INFO  client.GrpcClientProtocolClient (GrpcClientProtocolClient.java:onNext(254)) - client-09EBABE1B9AF->325d518f-bf0d-428a-814f-266b27e759e4: receive RaftClientReply:client-09EBABE1B9AF->325d518f-bf0d-428a-814f-266b27e759e4@group-9696F0872FC0, cid=3439, SUCCESS, logIndex=5654, commits[325d518f-bf0d-428a-814f-266b27e759e4:c5656]
2019-06-15 10:53:17,484 INFO  client.GrpcClientProtocolClient (GrpcClientProtocolClient.java:onNext(254)) - client-09EBABE1B9AF->325d518f-bf0d-428a-814f-266b27e759e4: receive RaftClientReply:client-09EBABE1B9AF->325d518f-bf0d-428a-814f-266b27e759e4@group-9696F0872FC0, cid=3440, SUCCESS, logIndex=5655, commits[325d518f-bf0d-428a-814f-266b27e759e4:c5656]
2019-06-15 10:53:17,496 INFO  client.GrpcClientProtocolClient (GrpcClientProtocolClient.java:onNext(254)) - client-09EBABE1B9AF->325d518f-bf0d-428a-814f-266b27e759e4: receive RaftClientReply:client-09EBABE1B9AF->325d518f-bf0d-428a-814f-266b27e759e4@group-9696F0872FC0, cid=3441, SUCCESS, logIndex=5657, commits[325d518f-bf0d-428a-814f-266b27e759e4:c5657]
2019-06-15 10:53:17,496 INFO  storage.RaftLogWorker (RaftLogWorker.java:rollLogSegment(303)) - 325d518f-bf0d-428a-814f-266b27e759e4-RaftLogWorker: Rolling segment log-5588_5659 to index:5659
2019-06-15 10:53:17,496 INFO  storage.RaftLogWorker (RaftLogWorker.java:execute(433)) - 325d518f-bf0d-428a-814f-266b27e759e4-RaftLogWorker: Rolled log segment from /opt/src/hadoop-ozone/integration-test/target/test-dir/MiniOzoneClusterImpl-dd99cefe-9779-4043-9d74-181b69d2a827/datanode-0/data/ratis/e0f1d9ef-e225-4b24-a786-9696f0872fc0/current/log_inprogress_5588 to /opt/src/hadoop-ozone/integration-test/target/test-dir/MiniOzoneClusterImpl-dd99cefe-9779-4043-9d74-181b69d2a827/datanode-0/data/ratis/e0f1d9ef-e225-4b24-a786-9696f0872fc0/current/log_5588-5659
2019-06-15 10:53:17,498 INFO  client.GrpcClientProtocolClient (GrpcClientProtocolClient.java:onNext(254)) - client-09EBABE1B9AF->325d518f-bf0d-428a-814f-266b27e759e4: receive RaftClientReply:client-09EBABE1B9AF->325d518f-bf0d-428a-814f-266b27e759e4@group-9696F0872FC0, cid=3442, SUCCESS, logIndex=5659, commits[325d518f-bf0d-428a-814f-266b27e759e4:c5659]
2019-06-15 10:53:17,532 INFO  storage.RaftLogWorker (RaftLogWorker.java:execute(469)) - 325d518f-bf0d-428a-814f-266b27e759e4-RaftLogWorker: created new log segment /opt/src/hadoop-ozone/integration-test/target/test-dir/MiniOzoneClusterImpl-dd99cefe-9779-4043-9d74-181b69d2a827/datanode-0/data/ratis/e0f1d9ef-e225-4b24-a786-9696f0872fc0/current/log_inprogress_5660
2019-06-15 10:53:17,533 INFO  client.GrpcClientProtocolClient (GrpcClientProtocolClient.java:onNext(254)) - client-09EBABE1B9AF->325d518f-bf0d-428a-814f-266b27e759e4: receive RaftClientReply:client-09EBABE1B9AF->325d518f-bf0d-428a-814f-266b27e759e4@group-9696F0872FC0, cid=3443, SUCCESS, logIndex=5660, commits[325d518f-bf0d-428a-814f-266b27e759e4:c5662]
2019-06-15 10:53:17,533 INFO  client.GrpcClientProtocolClient (GrpcClientProtocolClient.java:onNext(254)) - client-09EBABE1B9AF->325d518f-bf0d-428a-814f-266b27e759e4: receive RaftClientReply:client-09EBABE1B9AF->325d518f-bf0d-428a-814f-266b27e759e4@group-9696F0872FC0, cid=3444, SUCCESS, logIndex=5661, commits[325d518f-bf0d-428a-814f-266b27e759e4:c5662]
2019-06-15 10:53:17,539 INFO  client.GrpcClientProtocolClient (GrpcClientProtocolClient.java:onNext(254)) - client-09EBABE1B9AF->325d518f-bf0d-428a-814f-266b27e759e4: receive RaftClientReply:client-09EBABE1B9AF->325d518f-bf0d-428a-814f-266b27e759e4@group-9696F0872FC0, cid=3445, SUCCESS, logIndex=5663, commits[325d518f-bf0d-428a-814f-266b27e759e4:c5663]
2019-06-15 10:53:17,541 DEBUG block.SCMBlockDeletingService (SCMBlockDeletingService.java:call(138)) - Running DeletedBlockTransactionScanner
2019-06-15 10:53:17,541 DEBUG block.SCMBlockDeletingService (SCMBlockDeletingService.java:call(155)) - Scanned deleted blocks log and got 0 delTX to process.
2019-06-15 10:53:17,541 INFO  client.GrpcClientProtocolClient (GrpcClientProtocolClient.java:onNext(254)) - client-09EBABE1B9AF->325d518f-bf0d-428a-814f-266b27e759e4: receive RaftClientReply:client-09EBABE1B9AF->325d518f-bf0d-428a-814f-266b27e759e4@group-9696F0872FC0, cid=3446, SUCCESS, logIndex=5665, commits[325d518f-bf0d-428a-814f-266b27e759e4:c5667]
2019-06-15 10:53:17,542 INFO  client.GrpcClientProtocolClient (GrpcClientProtocolClient.java:onNext(254)) - client-09EBABE1B9AF->325d518f-bf0d-428a-814f-266b27e759e4: receive RaftClientReply:client-09EBABE1B9AF->325d518f-bf0d-428a-814f-266b27e759e4@group-9696F0872FC0, cid=3447, SUCCESS, logIndex=5666, commits[325d518f-bf0d-428a-814f-266b27e759e4:c5667]
2019-06-15 10:53:17,542 INFO  client.GrpcClientProtocolClient (GrpcClientProtocolClient.java:onNext(254)) - client-09EBABE1B9AF->325d518f-bf0d-428a-814f-266b27e759e4: receive RaftClientReply:client-09EBABE1B9AF->325d518f-bf0d-428a-814f-266b27e759e4@group-9696F0872FC0, cid=3448, SUCCESS, logIndex=5667, commits[325d518f-bf0d-428a-814f-266b27e759e4:c5667]
2019-06-15 10:53:17,621 INFO  client.GrpcClientProtocolClient (GrpcClientProtocolClient.java:onNext(254)) - client-09EBABE1B9AF->325d518f-bf0d-428a-814f-266b27e759e4: receive RaftClientReply:client-09EBABE1B9AF->325d518f-bf0d-428a-814f-266b27e759e4@group-9696F0872FC0, cid=3449, SUCCESS, logIndex=5669, commits[325d518f-bf0d-428a-814f-266b27e759e4:c5670]
2019-06-15 10:53:17,623 INFO  client.GrpcClientProtocolClient (GrpcClientProtocolClient.java:onNext(254)) - client-09EBABE1B9AF->325d518f-bf0d-428a-814f-266b27e759e4: receive RaftClientReply:client-09EBABE1B9AF->325d518f-bf0d-428a-814f-266b27e759e4@group-9696F0872FC0, cid=3450, SUCCESS, logIndex=5671, commits[325d518f-bf0d-428a-814f-266b27e759e4:c5671]
2019-06-15 10:53:17,624 INFO  client.GrpcClientProtocolClient (GrpcClientProtocolClient.java:onNext(254)) - client-09EBABE1B9AF->325d518f-bf0d-428a-814f-266b27e759e4: receive RaftClientReply:client-09EBABE1B9AF->325d518f-bf0d-428a-814f-266b27e759e4@group-9696F0872FC0, cid=3451, SUCCESS, logIndex=5672, commits[325d518f-bf0d-428a-814f-266b27e759e4:c5672]
2019-06-15 10:53:17,624 INFO  client.GrpcClientProtocolClient (GrpcClientProtocolClient.java:onNext(254)) - client-09EBABE1B9AF->325d518f-bf0d-428a-814f-266b27e759e4: receive RaftClientReply:client-09EBABE1B9AF->325d518f-bf0d-428a-814f-266b27e759e4@group-9696F0872FC0, cid=3452, SUCCESS, logIndex=5674, commits[325d518f-bf0d-428a-814f-266b27e759e4:c5674]
2019-06-15 10:53:17,632 INFO  client.GrpcClientProtocolClient (GrpcClientProtocolClient.java:onNext(254)) - client-09EBABE1B9AF->325d518f-bf0d-428a-814f-266b27e759e4: receive RaftClientReply:client-09EBABE1B9AF->325d518f-bf0d-428a-814f-266b27e759e4@group-9696F0872FC0, cid=3453, SUCCESS, logIndex=5677, commits[325d518f-bf0d-428a-814f-266b27e759e4:c5677]
2019-06-15 10:53:17,634 INFO  client.GrpcClientProtocolClient (GrpcClientProtocolClient.java:onNext(254)) - client-09EBABE1B9AF->325d518f-bf0d-428a-814f-266b27e759e4: receive RaftClientReply:client-09EBABE1B9AF->325d518f-bf0d-428a-814f-266b27e759e4@group-9696F0872FC0, cid=3454, SUCCESS, logIndex=5679, commits[325d518f-bf0d-428a-814f-266b27e759e4:c5679]
2019-06-15 10:53:17,638 INFO  client.GrpcClientProtocolClient (GrpcClientProtocolClient.java:onNext(254)) - client-09EBABE1B9AF->325d518f-bf0d-428a-814f-266b27e759e4: receive RaftClientReply:client-09EBABE1B9AF->325d518f-bf0d-428a-814f-266b27e759e4@group-9696F0872FC0, cid=3455, SUCCESS, logIndex=5680, commits[325d518f-bf0d-428a-814f-266b27e759e4:c5681]
2019-06-15 10:53:17,639 INFO  client.GrpcClientProtocolClient (GrpcClientProtocolClient.java:onNext(254)) - client-09EBABE1B9AF->325d518f-bf0d-428a-814f-266b27e759e4: receive RaftClientReply:client-09EBABE1B9AF->325d518f-bf0d-428a-814f-266b27e759e4@group-9696F0872FC0, cid=3456, SUCCESS, logIndex=5681, commits[325d518f-bf0d-428a-814f-266b27e759e4:c5681]
2019-06-15 10:53:17,642 DEBUG block.SCMBlockDeletingService (SCMBlockDeletingService.java:call(138)) - Running DeletedBlockTransactionScanner
2019-06-15 10:53:17,642 DEBUG block.SCMBlockDeletingService (SCMBlockDeletingService.java:call(155)) - Scanned deleted blocks log and got 0 delTX to process.
2019-06-15 10:53:17,662 INFO  client.GrpcClientProtocolClient (GrpcClientProtocolClient.java:onNext(254)) - client-09EBABE1B9AF->325d518f-bf0d-428a-814f-266b27e759e4: receive RaftClientReply:client-09EBABE1B9AF->325d518f-bf0d-428a-814f-266b27e759e4@group-9696F0872FC0, cid=3457, SUCCESS, logIndex=5684, commits[325d518f-bf0d-428a-814f-266b27e759e4:c5684]
2019-06-15 10:53:17,662 INFO  client.GrpcClientProtocolClient (GrpcClientProtocolClient.java:onNext(254)) - client-09EBABE1B9AF->325d518f-bf0d-428a-814f-266b27e759e4: receive RaftClientReply:client-09EBABE1B9AF->325d518f-bf0d-428a-814f-266b27e759e4@group-9696F0872FC0, cid=3458, SUCCESS, logIndex=5686, commits[325d518f-bf0d-428a-814f-266b27e759e4:c5686]
2019-06-15 10:53:17,665 INFO  client.GrpcClientProtocolClient (GrpcClientProtocolClient.java:onNext(254)) - client-09EBABE1B9AF->325d518f-bf0d-428a-814f-266b27e759e4: receive RaftClientReply:client-09EBABE1B9AF->325d518f-bf0d-428a-814f-266b27e759e4@group-9696F0872FC0, cid=3459, SUCCESS, logIndex=5687, commits[325d518f-bf0d-428a-814f-266b27e759e4:c5689]
2019-06-15 10:53:17,665 INFO  client.GrpcClientProtocolClient (GrpcClientProtocolClient.java:onNext(254)) - client-09EBABE1B9AF->325d518f-bf0d-428a-814f-266b27e759e4: receive RaftClientReply:client-09EBABE1B9AF->325d518f-bf0d-428a-814f-266b27e759e4@group-9696F0872FC0, cid=3460, SUCCESS, logIndex=5688, commits[325d518f-bf0d-428a-814f-266b27e759e4:c5689]
2019-06-15 10:53:17,675 INFO  client.GrpcClientProtocolClient (GrpcClientProtocolClient.java:onNext(254)) - client-09EBABE1B9AF->325d518f-bf0d-428a-814f-266b27e759e4: receive RaftClientReply:client-09EBABE1B9AF->325d518f-bf0d-428a-814f-266b27e759e4@group-9696F0872FC0, cid=3461, SUCCESS, logIndex=5690, commits[325d518f-bf0d-428a-814f-266b27e759e4:c5690]
2019-06-15 10:53:17,675 INFO  client.GrpcClientProtocolClient (GrpcClientProtocolClient.java:onNext(254)) - client-09EBABE1B9AF->325d518f-bf0d-428a-814f-266b27e759e4: receive RaftClientReply:client-09EBABE1B9AF->325d518f-bf0d-428a-814f-266b27e759e4@group-9696F0872FC0, cid=3462, SUCCESS, logIndex=5692, commits[325d518f-bf0d-428a-814f-266b27e759e4:c5692]
2019-06-15 10:53:17,676 INFO  client.GrpcClientProtocolClient (GrpcClientProtocolClient.java:onNext(254)) - client-09EBABE1B9AF->325d518f-bf0d-428a-814f-266b27e759e4: receive RaftClientReply:client-09EBABE1B9AF->325d518f-bf0d-428a-814f-266b27e759e4@group-9696F0872FC0, cid=3463, SUCCESS, logIndex=5693, commits[325d518f-bf0d-428a-814f-266b27e759e4:c5693]
2019-06-15 10:53:17,679 INFO  client.GrpcClientProtocolClient (GrpcClientProtocolClient.java:onNext(254)) - client-09EBABE1B9AF->325d518f-bf0d-428a-814f-266b27e759e4: receive RaftClientReply:client-09EBABE1B9AF->325d518f-bf0d-428a-814f-266b27e759e4@group-9696F0872FC0, cid=3464, SUCCESS, logIndex=5696, commits[325d518f-bf0d-428a-814f-266b27e759e4:c5696]
2019-06-15 10:53:17,694 INFO  client.GrpcClientProtocolClient (GrpcClientProtocolClient.java:onNext(254)) - client-09EBABE1B9AF->325d518f-bf0d-428a-814f-266b27e759e4: receive RaftClientReply:client-09EBABE1B9AF->325d518f-bf0d-428a-814f-266b27e759e4@group-9696F0872FC0, cid=3465, SUCCESS, logIndex=5698, commits[325d518f-bf0d-428a-814f-266b27e759e4:c5699]
2019-06-15 10:53:17,696 INFO  client.GrpcClientProtocolClient (GrpcClientProtocolClient.java:onNext(254)) - client-09EBABE1B9AF->325d518f-bf0d-428a-814f-266b27e759e4: receive RaftClientReply:client-09EBABE1B9AF->325d518f-bf0d-428a-814f-266b27e759e4@group-9696F0872FC0, cid=3466, SUCCESS, logIndex=5700, commits[325d518f-bf0d-428a-814f-266b27e759e4:c5700]
2019-06-15 10:53:17,697 INFO  client.GrpcClientProtocolClient (GrpcClientProtocolClient.java:onNext(254)) - client-09EBABE1B9AF->325d518f-bf0d-428a-814f-266b27e759e4: receive RaftClientReply:client-09EBABE1B9AF->325d518f-bf0d-428a-814f-266b27e759e4@group-9696F0872FC0, cid=3467, SUCCESS, logIndex=5701, commits[325d518f-bf0d-428a-814f-266b27e759e4:c5703]
2019-06-15 10:53:17,697 INFO  client.GrpcClientProtocolClient (GrpcClientProtocolClient.java:onNext(254)) - client-09EBABE1B9AF->325d518f-bf0d-428a-814f-266b27e759e4: receive RaftClientReply:client-09EBABE1B9AF->325d518f-bf0d-428a-814f-266b27e759e4@group-9696F0872FC0, cid=3468, SUCCESS, logIndex=5702, commits[325d518f-bf0d-428a-814f-266b27e759e4:c5703]
2019-06-15 10:53:17,743 DEBUG block.SCMBlockDeletingService (SCMBlockDeletingService.java:call(138)) - Running DeletedBlockTransactionScanner
2019-06-15 10:53:17,744 DEBUG block.SCMBlockDeletingService (SCMBlockDeletingService.java:call(155)) - Scanned deleted blocks log and got 0 delTX to process.
2019-06-15 10:53:17,750 INFO  client.GrpcClientProtocolClient (GrpcClientProtocolClient.java:onNext(254)) - client-09EBABE1B9AF->325d518f-bf0d-428a-814f-266b27e759e4: receive RaftClientReply:client-09EBABE1B9AF->325d518f-bf0d-428a-814f-266b27e759e4@group-9696F0872FC0, cid=3469, SUCCESS, logIndex=5704, commits[325d518f-bf0d-428a-814f-266b27e759e4:c5704]
2019-06-15 10:53:17,752 INFO  client.GrpcClientProtocolClient (GrpcClientProtocolClient.java:onNext(254)) - client-09EBABE1B9AF->325d518f-bf0d-428a-814f-266b27e759e4: receive RaftClientReply:client-09EBABE1B9AF->325d518f-bf0d-428a-814f-266b27e759e4@group-9696F0872FC0, cid=3470, SUCCESS, logIndex=5706, commits[325d518f-bf0d-428a-814f-266b27e759e4:c5706]
2019-06-15 10:53:17,753 INFO  client.GrpcClientProtocolClient (GrpcClientProtocolClient.java:onNext(254)) - client-09EBABE1B9AF->325d518f-bf0d-428a-814f-266b27e759e4: receive RaftClientReply:client-09EBABE1B9AF->325d518f-bf0d-428a-814f-266b27e759e4@group-9696F0872FC0, cid=3471, SUCCESS, logIndex=5707, commits[325d518f-bf0d-428a-814f-266b27e759e4:c5709]
2019-06-15 10:53:17,753 INFO  client.GrpcClientProtocolClient (GrpcClientProtocolClient.java:onNext(254)) - client-09EBABE1B9AF->325d518f-bf0d-428a-814f-266b27e759e4: receive RaftClientReply:client-09EBABE1B9AF->325d518f-bf0d-428a-814f-266b27e759e4@group-9696F0872FC0, cid=3472, SUCCESS, logIndex=5708, commits[325d518f-bf0d-428a-814f-266b27e759e4:c5709]
2019-06-15 10:53:17,763 INFO  client.GrpcClientProtocolClient (GrpcClientProtocolClient.java:onNext(254)) - client-09EBABE1B9AF->325d518f-bf0d-428a-814f-266b27e759e4: receive RaftClientReply:client-09EBABE1B9AF->325d518f-bf0d-428a-814f-266b27e759e4@group-9696F0872FC0, cid=3473, SUCCESS, logIndex=5710, commits[325d518f-bf0d-428a-814f-266b27e759e4:c5710]
2019-06-15 10:53:17,765 INFO  client.GrpcClientProtocolClient (GrpcClientProtocolClient.java:onNext(254)) - client-09EBABE1B9AF->325d518f-bf0d-428a-814f-266b27e759e4: receive RaftClientReply:client-09EBABE1B9AF->325d518f-bf0d-428a-814f-266b27e759e4@group-9696F0872FC0, cid=3474, SUCCESS, logIndex=5712, commits[325d518f-bf0d-428a-814f-266b27e759e4:c5712]
2019-06-15 10:53:17,766 INFO  client.GrpcClientProtocolClient (GrpcClientProtocolClient.java:onNext(254)) - client-09EBABE1B9AF->325d518f-bf0d-428a-814f-266b27e759e4: receive RaftClientReply:client-09EBABE1B9AF->325d518f-bf0d-428a-814f-266b27e759e4@group-9696F0872FC0, cid=3475, SUCCESS, logIndex=5713, commits[325d518f-bf0d-428a-814f-266b27e759e4:c5715]
2019-06-15 10:53:17,766 INFO  client.GrpcClientProtocolClient (GrpcClientProtocolClient.java:onNext(254)) - client-09EBABE1B9AF->325d518f-bf0d-428a-814f-266b27e759e4: receive RaftClientReply:client-09EBABE1B9AF->325d518f-bf0d-428a-814f-266b27e759e4@group-9696F0872FC0, cid=3476, SUCCESS, logIndex=5714, commits[325d518f-bf0d-428a-814f-266b27e759e4:c5715]
2019-06-15 10:53:17,778 INFO  client.GrpcClientProtocolClient (GrpcClientProtocolClient.java:onNext(254)) - client-09EBABE1B9AF->325d518f-bf0d-428a-814f-266b27e759e4: receive RaftClientReply:client-09EBABE1B9AF->325d518f-bf0d-428a-814f-266b27e759e4@group-9696F0872FC0, cid=3477, SUCCESS, logIndex=5716, commits[325d518f-bf0d-428a-814f-266b27e759e4:c5716]
2019-06-15 10:53:17,782 INFO  client.GrpcClientProtocolClient (GrpcClientProtocolClient.java:onNext(254)) - client-09EBABE1B9AF->325d518f-bf0d-428a-814f-266b27e759e4: receive RaftClientReply:client-09EBABE1B9AF->325d518f-bf0d-428a-814f-266b27e759e4@group-9696F0872FC0, cid=3478, SUCCESS, logIndex=5718, commits[325d518f-bf0d-428a-814f-266b27e759e4:c5718]
2019-06-15 10:53:17,788 INFO  client.GrpcClientProtocolClient (GrpcClientProtocolClient.java:onNext(254)) - client-09EBABE1B9AF->325d518f-bf0d-428a-814f-266b27e759e4: receive RaftClientReply:client-09EBABE1B9AF->325d518f-bf0d-428a-814f-266b27e759e4@group-9696F0872FC0, cid=3479, SUCCESS, logIndex=5719, commits[325d518f-bf0d-428a-814f-266b27e759e4:c5721]
2019-06-15 10:53:17,788 INFO  client.GrpcClientProtocolClient (GrpcClientProtocolClient.java:onNext(254)) - client-09EBABE1B9AF->325d518f-bf0d-428a-814f-266b27e759e4: receive RaftClientReply:client-09EBABE1B9AF->325d518f-bf0d-428a-814f-266b27e759e4@group-9696F0872FC0, cid=3480, SUCCESS, logIndex=5721, commits[325d518f-bf0d-428a-814f-266b27e759e4:c5721]
2019-06-15 10:53:17,799 INFO  client.GrpcClientProtocolClient (GrpcClientProtocolClient.java:onNext(254)) - client-09EBABE1B9AF->325d518f-bf0d-428a-814f-266b27e759e4: receive RaftClientReply:client-09EBABE1B9AF->325d518f-bf0d-428a-814f-266b27e759e4@group-9696F0872FC0, cid=3481, SUCCESS, logIndex=5723, commits[325d518f-bf0d-428a-814f-266b27e759e4:c5723]
2019-06-15 10:53:17,800 INFO  client.GrpcClientProtocolClient (GrpcClientProtocolClient.java:onNext(254)) - client-09EBABE1B9AF->325d518f-bf0d-428a-814f-266b27e759e4: receive RaftClientReply:client-09EBABE1B9AF->325d518f-bf0d-428a-814f-266b27e759e4@group-9696F0872FC0, cid=3482, SUCCESS, logIndex=5725, commits[325d518f-bf0d-428a-814f-266b27e759e4:c5725]
2019-06-15 10:53:17,801 INFO  client.GrpcClientProtocolClient (GrpcClientProtocolClient.java:onNext(254)) - client-09EBABE1B9AF->325d518f-bf0d-428a-814f-266b27e759e4: receive RaftClientReply:client-09EBABE1B9AF->325d518f-bf0d-428a-814f-266b27e759e4@group-9696F0872FC0, cid=3483, SUCCESS, logIndex=5726, commits[325d518f-bf0d-428a-814f-266b27e759e4:c5727]
2019-06-15 10:53:17,802 INFO  client.GrpcClientProtocolClient (GrpcClientProtocolClient.java:onNext(254)) - client-09EBABE1B9AF->325d518f-bf0d-428a-814f-266b27e759e4: receive RaftClientReply:client-09EBABE1B9AF->325d518f-bf0d-428a-814f-266b27e759e4@group-9696F0872FC0, cid=3484, SUCCESS, logIndex=5728, commits[325d518f-bf0d-428a-814f-266b27e759e4:c5728]
2019-06-15 10:53:17,807 INFO  client.GrpcClientProtocolClient (GrpcClientProtocolClient.java:onNext(254)) - client-09EBABE1B9AF->325d518f-bf0d-428a-814f-266b27e759e4: receive RaftClientReply:client-09EBABE1B9AF->325d518f-bf0d-428a-814f-266b27e759e4@group-9696F0872FC0, cid=3485, SUCCESS, logIndex=5730, commits[325d518f-bf0d-428a-814f-266b27e759e4:c5730]
2019-06-15 10:53:17,807 INFO  storage.RaftLogWorker (RaftLogWorker.java:rollLogSegment(303)) - 325d518f-bf0d-428a-814f-266b27e759e4-RaftLogWorker: Rolling segment log-5660_5731 to index:5731
2019-06-15 10:53:17,808 INFO  storage.RaftLogWorker (RaftLogWorker.java:execute(433)) - 325d518f-bf0d-428a-814f-266b27e759e4-RaftLogWorker: Rolled log segment from /opt/src/hadoop-ozone/integration-test/target/test-dir/MiniOzoneClusterImpl-dd99cefe-9779-4043-9d74-181b69d2a827/datanode-0/data/ratis/e0f1d9ef-e225-4b24-a786-9696f0872fc0/current/log_inprogress_5660 to /opt/src/hadoop-ozone/integration-test/target/test-dir/MiniOzoneClusterImpl-dd99cefe-9779-4043-9d74-181b69d2a827/datanode-0/data/ratis/e0f1d9ef-e225-4b24-a786-9696f0872fc0/current/log_5660-5731
2019-06-15 10:53:17,843 INFO  storage.RaftLogWorker (RaftLogWorker.java:execute(469)) - 325d518f-bf0d-428a-814f-266b27e759e4-RaftLogWorker: created new log segment /opt/src/hadoop-ozone/integration-test/target/test-dir/MiniOzoneClusterImpl-dd99cefe-9779-4043-9d74-181b69d2a827/datanode-0/data/ratis/e0f1d9ef-e225-4b24-a786-9696f0872fc0/current/log_inprogress_5732
2019-06-15 10:53:17,845 INFO  client.GrpcClientProtocolClient (GrpcClientProtocolClient.java:onNext(254)) - client-09EBABE1B9AF->325d518f-bf0d-428a-814f-266b27e759e4: receive RaftClientReply:client-09EBABE1B9AF->325d518f-bf0d-428a-814f-266b27e759e4@group-9696F0872FC0, cid=3486, SUCCESS, logIndex=5732, commits[325d518f-bf0d-428a-814f-266b27e759e4:c5734]
2019-06-15 10:53:17,845 INFO  client.GrpcClientProtocolClient (GrpcClientProtocolClient.java:onNext(254)) - client-09EBABE1B9AF->325d518f-bf0d-428a-814f-266b27e759e4: receive RaftClientReply:client-09EBABE1B9AF->325d518f-bf0d-428a-814f-266b27e759e4@group-9696F0872FC0, cid=3487, SUCCESS, logIndex=5733, commits[325d518f-bf0d-428a-814f-266b27e759e4:c5734]
2019-06-15 10:53:17,846 INFO  client.GrpcClientProtocolClient (GrpcClientProtocolClient.java:onNext(254)) - client-09EBABE1B9AF->325d518f-bf0d-428a-814f-266b27e759e4: receive RaftClientReply:client-09EBABE1B9AF->325d518f-bf0d-428a-814f-266b27e759e4@group-9696F0872FC0, cid=3488, SUCCESS, logIndex=5734, commits[325d518f-bf0d-428a-814f-266b27e759e4:c5734]
2019-06-15 10:53:17,846 DEBUG block.SCMBlockDeletingService (SCMBlockDeletingService.java:call(138)) - Running DeletedBlockTransactionScanner
2019-06-15 10:53:17,846 DEBUG block.SCMBlockDeletingService (SCMBlockDeletingService.java:call(155)) - Scanned deleted blocks log and got 0 delTX to process.
2019-06-15 10:53:17,856 INFO  client.GrpcClientProtocolClient (GrpcClientProtocolClient.java:onNext(254)) - client-09EBABE1B9AF->325d518f-bf0d-428a-814f-266b27e759e4: receive RaftClientReply:client-09EBABE1B9AF->325d518f-bf0d-428a-814f-266b27e759e4@group-9696F0872FC0, cid=3489, SUCCESS, logIndex=5736, commits[325d518f-bf0d-428a-814f-266b27e759e4:c5736]
2019-06-15 10:53:17,858 INFO  client.GrpcClientProtocolClient (GrpcClientProtocolClient.java:onNext(254)) - client-09EBABE1B9AF->325d518f-bf0d-428a-814f-266b27e759e4: receive RaftClientReply:client-09EBABE1B9AF->325d518f-bf0d-428a-814f-266b27e759e4@group-9696F0872FC0, cid=3490, SUCCESS, logIndex=5738, commits[325d518f-bf0d-428a-814f-266b27e759e4:c5738]
2019-06-15 10:53:17,858 INFO  client.GrpcClientProtocolClient (GrpcClientProtocolClient.java:onNext(254)) - client-09EBABE1B9AF->325d518f-bf0d-428a-814f-266b27e759e4: receive RaftClientReply:client-09EBABE1B9AF->325d518f-bf0d-428a-814f-266b27e759e4@group-9696F0872FC0, cid=3491, SUCCESS, logIndex=5739, commits[325d518f-bf0d-428a-814f-266b27e759e4:c5740]
2019-06-15 10:53:17,859 INFO  client.GrpcClientProtocolClient (GrpcClientProtocolClient.java:onNext(254)) - client-09EBABE1B9AF->325d518f-bf0d-428a-814f-266b27e759e4: receive RaftClientReply:client-09EBABE1B9AF->325d518f-bf0d-428a-814f-266b27e759e4@group-9696F0872FC0, cid=3492, SUCCESS, logIndex=5740, commits[325d518f-bf0d-428a-814f-266b27e759e4:c5741]
2019-06-15 10:53:17,930 INFO  client.GrpcClientProtocolClient (GrpcClientProtocolClient.java:onNext(254)) - client-09EBABE1B9AF->325d518f-bf0d-428a-814f-266b27e759e4: receive RaftClientReply:client-09EBABE1B9AF->325d518f-bf0d-428a-814f-266b27e759e4@group-9696F0872FC0, cid=3493, SUCCESS, logIndex=5743, commits[325d518f-bf0d-428a-814f-266b27e759e4:c5743]
2019-06-15 10:53:17,931 INFO  client.GrpcClientProtocolClient (GrpcClientProtocolClient.java:onNext(254)) - client-09EBABE1B9AF->325d518f-bf0d-428a-814f-266b27e759e4: receive RaftClientReply:client-09EBABE1B9AF->325d518f-bf0d-428a-814f-266b27e759e4@group-9696F0872FC0, cid=3494, SUCCESS, logIndex=5745, commits[325d518f-bf0d-428a-814f-266b27e759e4:c5745]
2019-06-15 10:53:17,933 INFO  client.GrpcClientProtocolClient (GrpcClientProtocolClient.java:onNext(254)) - client-09EBABE1B9AF->325d518f-bf0d-428a-814f-266b27e759e4: receive RaftClientReply:client-09EBABE1B9AF->325d518f-bf0d-428a-814f-266b27e759e4@group-9696F0872FC0, cid=3495, SUCCESS, logIndex=5746, commits[325d518f-bf0d-428a-814f-266b27e759e4:c5748]
2019-06-15 10:53:17,933 INFO  client.GrpcClientProtocolClient (GrpcClientProtocolClient.java:onNext(254)) - client-09EBABE1B9AF->325d518f-bf0d-428a-814f-266b27e759e4: receive RaftClientReply:client-09EBABE1B9AF->325d518f-bf0d-428a-814f-266b27e759e4@group-9696F0872FC0, cid=3496, SUCCESS, logIndex=5747, commits[325d518f-bf0d-428a-814f-266b27e759e4:c5748]
2019-06-15 10:53:17,945 INFO  client.GrpcClientProtocolClient (GrpcClientProtocolClient.java:onNext(254)) - client-09EBABE1B9AF->325d518f-bf0d-428a-814f-266b27e759e4: receive RaftClientReply:client-09EBABE1B9AF->325d518f-bf0d-428a-814f-266b27e759e4@group-9696F0872FC0, cid=3497, SUCCESS, logIndex=5749, commits[325d518f-bf0d-428a-814f-266b27e759e4:c5749]
2019-06-15 10:53:17,946 INFO  client.GrpcClientProtocolClient (GrpcClientProtocolClient.java:onNext(254)) - client-09EBABE1B9AF->325d518f-bf0d-428a-814f-266b27e759e4: receive RaftClientReply:client-09EBABE1B9AF->325d518f-bf0d-428a-814f-266b27e759e4@group-9696F0872FC0, cid=3498, SUCCESS, logIndex=5751, commits[325d518f-bf0d-428a-814f-266b27e759e4:c5751]
2019-06-15 10:53:17,946 DEBUG block.SCMBlockDeletingService (SCMBlockDeletingService.java:call(138)) - Running DeletedBlockTransactionScanner
2019-06-15 10:53:17,947 DEBUG block.SCMBlockDeletingService (SCMBlockDeletingService.java:call(155)) - Scanned deleted blocks log and got 0 delTX to process.
2019-06-15 10:53:17,948 INFO  client.GrpcClientProtocolClient (GrpcClientProtocolClient.java:onNext(254)) - client-09EBABE1B9AF->325d518f-bf0d-428a-814f-266b27e759e4: receive RaftClientReply:client-09EBABE1B9AF->325d518f-bf0d-428a-814f-266b27e759e4@group-9696F0872FC0, cid=3499, SUCCESS, logIndex=5753, commits[325d518f-bf0d-428a-814f-266b27e759e4:c5754]
2019-06-15 10:53:17,948 INFO  client.GrpcClientProtocolClient (GrpcClientProtocolClient.java:onNext(254)) - client-09EBABE1B9AF->325d518f-bf0d-428a-814f-266b27e759e4: receive RaftClientReply:client-09EBABE1B9AF->325d518f-bf0d-428a-814f-266b27e759e4@group-9696F0872FC0, cid=3500, SUCCESS, logIndex=5754, commits[325d518f-bf0d-428a-814f-266b27e759e4:c5754]
2019-06-15 10:53:17,953 INFO  client.GrpcClientProtocolClient (GrpcClientProtocolClient.java:onNext(254)) - client-09EBABE1B9AF->325d518f-bf0d-428a-814f-266b27e759e4: receive RaftClientReply:client-09EBABE1B9AF->325d518f-bf0d-428a-814f-266b27e759e4@group-9696F0872FC0, cid=3501, SUCCESS, logIndex=5756, commits[325d518f-bf0d-428a-814f-266b27e759e4:c5756]
2019-06-15 10:53:17,954 INFO  client.GrpcClientProtocolClient (GrpcClientProtocolClient.java:onNext(254)) - client-09EBABE1B9AF->325d518f-bf0d-428a-814f-266b27e759e4: receive RaftClientReply:client-09EBABE1B9AF->325d518f-bf0d-428a-814f-266b27e759e4@group-9696F0872FC0, cid=3502, SUCCESS, logIndex=5758, commits[325d518f-bf0d-428a-814f-266b27e759e4:c5758]
2019-06-15 10:53:17,956 INFO  client.GrpcClientProtocolClient (GrpcClientProtocolClient.java:onNext(254)) - client-09EBABE1B9AF->325d518f-bf0d-428a-814f-266b27e759e4: receive RaftClientReply:client-09EBABE1B9AF->325d518f-bf0d-428a-814f-266b27e759e4@group-9696F0872FC0, cid=3503, SUCCESS, logIndex=5759, commits[325d518f-bf0d-428a-814f-266b27e759e4:c5761]
2019-06-15 10:53:17,956 INFO  client.GrpcClientProtocolClient (GrpcClientProtocolClient.java:onNext(254)) - client-09EBABE1B9AF->325d518f-bf0d-428a-814f-266b27e759e4: receive RaftClientReply:client-09EBABE1B9AF->325d518f-bf0d-428a-814f-266b27e759e4@group-9696F0872FC0, cid=3504, SUCCESS, logIndex=5760, commits[325d518f-bf0d-428a-814f-266b27e759e4:c5761]
2019-06-15 10:53:17,967 INFO  client.GrpcClientProtocolClient (GrpcClientProtocolClient.java:onNext(254)) - client-09EBABE1B9AF->325d518f-bf0d-428a-814f-266b27e759e4: receive RaftClientReply:client-09EBABE1B9AF->325d518f-bf0d-428a-814f-266b27e759e4@group-9696F0872FC0, cid=3505, SUCCESS, logIndex=5762, commits[325d518f-bf0d-428a-814f-266b27e759e4:c5762]
2019-06-15 10:53:17,968 INFO  client.GrpcClientProtocolClient (GrpcClientProtocolClient.java:onNext(254)) - client-09EBABE1B9AF->325d518f-bf0d-428a-814f-266b27e759e4: receive RaftClientReply:client-09EBABE1B9AF->325d518f-bf0d-428a-814f-266b27e759e4@group-9696F0872FC0, cid=3506, SUCCESS, logIndex=5764, commits[325d518f-bf0d-428a-814f-266b27e759e4:c5764]
2019-06-15 10:53:17,969 INFO  client.GrpcClientProtocolClient (GrpcClientProtocolClient.java:onNext(254)) - client-09EBABE1B9AF->325d518f-bf0d-428a-814f-266b27e759e4: receive RaftClientReply:client-09EBABE1B9AF->325d518f-bf0d-428a-814f-266b27e759e4@group-9696F0872FC0, cid=3507, SUCCESS, logIndex=5765, commits[325d518f-bf0d-428a-814f-266b27e759e4:c5767]
2019-06-15 10:53:17,969 INFO  client.GrpcClientProtocolClient (GrpcClientProtocolClient.java:onNext(254)) - client-09EBABE1B9AF->325d518f-bf0d-428a-814f-266b27e759e4: receive RaftClientReply:client-09EBABE1B9AF->325d518f-bf0d-428a-814f-266b27e759e4@group-9696F0872FC0, cid=3508, SUCCESS, logIndex=5766, commits[325d518f-bf0d-428a-814f-266b27e759e4:c5767]
2019-06-15 10:53:17,974 INFO  client.GrpcClientProtocolClient (GrpcClientProtocolClient.java:onNext(254)) - client-09EBABE1B9AF->325d518f-bf0d-428a-814f-266b27e759e4: receive RaftClientReply:client-09EBABE1B9AF->325d518f-bf0d-428a-814f-266b27e759e4@group-9696F0872FC0, cid=3509, SUCCESS, logIndex=5768, commits[325d518f-bf0d-428a-814f-266b27e759e4:c5768]
2019-06-15 10:53:17,976 INFO  client.GrpcClientProtocolClient (GrpcClientProtocolClient.java:onNext(254)) - client-09EBABE1B9AF->325d518f-bf0d-428a-814f-266b27e759e4: receive RaftClientReply:client-09EBABE1B9AF->325d518f-bf0d-428a-814f-266b27e759e4@group-9696F0872FC0, cid=3510, SUCCESS, logIndex=5770, commits[325d518f-bf0d-428a-814f-266b27e759e4:c5770]
2019-06-15 10:53:17,977 INFO  client.GrpcClientProtocolClient (GrpcClientProtocolClient.java:onNext(254)) - client-09EBABE1B9AF->325d518f-bf0d-428a-814f-266b27e759e4: receive RaftClientReply:client-09EBABE1B9AF->325d518f-bf0d-428a-814f-266b27e759e4@group-9696F0872FC0, cid=3511, SUCCESS, logIndex=5771, commits[325d518f-bf0d-428a-814f-266b27e759e4:c5772]
2019-06-15 10:53:17,977 INFO  client.GrpcClientProtocolClient (GrpcClientProtocolClient.java:onNext(254)) - client-09EBABE1B9AF->325d518f-bf0d-428a-814f-266b27e759e4: receive RaftClientReply:client-09EBABE1B9AF->325d518f-bf0d-428a-814f-266b27e759e4@group-9696F0872FC0, cid=3512, SUCCESS, logIndex=5772, commits[325d518f-bf0d-428a-814f-266b27e759e4:c5772]
2019-06-15 10:53:17,988 INFO  client.GrpcClientProtocolClient (GrpcClientProtocolClient.java:onNext(254)) - client-09EBABE1B9AF->325d518f-bf0d-428a-814f-266b27e759e4: receive RaftClientReply:client-09EBABE1B9AF->325d518f-bf0d-428a-814f-266b27e759e4@group-9696F0872FC0, cid=3513, SUCCESS, logIndex=5775, commits[325d518f-bf0d-428a-814f-266b27e759e4:c5775]
2019-06-15 10:53:17,989 INFO  client.GrpcClientProtocolClient (GrpcClientProtocolClient.java:onNext(254)) - client-09EBABE1B9AF->325d518f-bf0d-428a-814f-266b27e759e4: receive RaftClientReply:client-09EBABE1B9AF->325d518f-bf0d-428a-814f-266b27e759e4@group-9696F0872FC0, cid=3514, SUCCESS, logIndex=5777, commits[325d518f-bf0d-428a-814f-266b27e759e4:c5777]
2019-06-15 10:53:17,990 INFO  client.GrpcClientProtocolClient (GrpcClientProtocolClient.java:onNext(254)) - client-09EBABE1B9AF->325d518f-bf0d-428a-814f-266b27e759e4: receive RaftClientReply:client-09EBABE1B9AF->325d518f-bf0d-428a-814f-266b27e759e4@group-9696F0872FC0, cid=3515, SUCCESS, logIndex=5778, commits[325d518f-bf0d-428a-814f-266b27e759e4:c5780]
2019-06-15 10:53:17,990 INFO  client.GrpcClientProtocolClient (GrpcClientProtocolClient.java:onNext(254)) - client-09EBABE1B9AF->325d518f-bf0d-428a-814f-266b27e759e4: receive RaftClientReply:client-09EBABE1B9AF->325d518f-bf0d-428a-814f-266b27e759e4@group-9696F0872FC0, cid=3516, SUCCESS, logIndex=5779, commits[325d518f-bf0d-428a-814f-266b27e759e4:c5780]
2019-06-15 10:53:17,996 INFO  client.GrpcClientProtocolClient (GrpcClientProtocolClient.java:onNext(254)) - client-09EBABE1B9AF->325d518f-bf0d-428a-814f-266b27e759e4: receive RaftClientReply:client-09EBABE1B9AF->325d518f-bf0d-428a-814f-266b27e759e4@group-9696F0872FC0, cid=3517, SUCCESS, logIndex=5781, commits[325d518f-bf0d-428a-814f-266b27e759e4:c5781]
2019-06-15 10:53:17,997 INFO  client.GrpcClientProtocolClient (GrpcClientProtocolClient.java:onNext(254)) - client-09EBABE1B9AF->325d518f-bf0d-428a-814f-266b27e759e4: receive RaftClientReply:client-09EBABE1B9AF->325d518f-bf0d-428a-814f-266b27e759e4@group-9696F0872FC0, cid=3518, SUCCESS, logIndex=5783, commits[325d518f-bf0d-428a-814f-266b27e759e4:c5783]
2019-06-15 10:53:17,998 INFO  client.GrpcClientProtocolClient (GrpcClientProtocolClient.java:onNext(254)) - client-09EBABE1B9AF->325d518f-bf0d-428a-814f-266b27e759e4: receive RaftClientReply:client-09EBABE1B9AF->325d518f-bf0d-428a-814f-266b27e759e4@group-9696F0872FC0, cid=3519, SUCCESS, logIndex=5784, commits[325d518f-bf0d-428a-814f-266b27e759e4:c5786]
2019-06-15 10:53:17,999 INFO  client.GrpcClientProtocolClient (GrpcClientProtocolClient.java:onNext(254)) - client-09EBABE1B9AF->325d518f-bf0d-428a-814f-266b27e759e4: receive RaftClientReply:client-09EBABE1B9AF->325d518f-bf0d-428a-814f-266b27e759e4@group-9696F0872FC0, cid=3520, SUCCESS, logIndex=5785, commits[325d518f-bf0d-428a-814f-266b27e759e4:c5786]
2019-06-15 10:53:18,010 INFO  client.GrpcClientProtocolClient (GrpcClientProtocolClient.java:onNext(254)) - client-09EBABE1B9AF->325d518f-bf0d-428a-814f-266b27e759e4: receive RaftClientReply:client-09EBABE1B9AF->325d518f-bf0d-428a-814f-266b27e759e4@group-9696F0872FC0, cid=3521, SUCCESS, logIndex=5787, commits[325d518f-bf0d-428a-814f-266b27e759e4:c5787]
2019-06-15 10:53:18,012 INFO  client.GrpcClientProtocolClient (GrpcClientProtocolClient.java:onNext(254)) - client-09EBABE1B9AF->325d518f-bf0d-428a-814f-266b27e759e4: receive RaftClientReply:client-09EBABE1B9AF->325d518f-bf0d-428a-814f-266b27e759e4@group-9696F0872FC0, cid=3522, SUCCESS, logIndex=5789, commits[325d518f-bf0d-428a-814f-266b27e759e4:c5789]
2019-06-15 10:53:18,012 INFO  client.GrpcClientProtocolClient (GrpcClientProtocolClient.java:onNext(254)) - client-09EBABE1B9AF->325d518f-bf0d-428a-814f-266b27e759e4: receive RaftClientReply:client-09EBABE1B9AF->325d518f-bf0d-428a-814f-266b27e759e4@group-9696F0872FC0, cid=3523, SUCCESS, logIndex=5790, commits[325d518f-bf0d-428a-814f-266b27e759e4:c5792]
2019-06-15 10:53:18,013 INFO  client.GrpcClientProtocolClient (GrpcClientProtocolClient.java:onNext(254)) - client-09EBABE1B9AF->325d518f-bf0d-428a-814f-266b27e759e4: receive RaftClientReply:client-09EBABE1B9AF->325d518f-bf0d-428a-814f-266b27e759e4@group-9696F0872FC0, cid=3524, SUCCESS, logIndex=5791, commits[325d518f-bf0d-428a-814f-266b27e759e4:c5792]
2019-06-15 10:53:18,018 INFO  client.GrpcClientProtocolClient (GrpcClientProtocolClient.java:onNext(254)) - client-09EBABE1B9AF->325d518f-bf0d-428a-814f-266b27e759e4: receive RaftClientReply:client-09EBABE1B9AF->325d518f-bf0d-428a-814f-266b27e759e4@group-9696F0872FC0, cid=3525, SUCCESS, logIndex=5793, commits[325d518f-bf0d-428a-814f-266b27e759e4:c5793]
2019-06-15 10:53:18,019 INFO  client.GrpcClientProtocolClient (GrpcClientProtocolClient.java:onNext(254)) - client-09EBABE1B9AF->325d518f-bf0d-428a-814f-266b27e759e4: receive RaftClientReply:client-09EBABE1B9AF->325d518f-bf0d-428a-814f-266b27e759e4@group-9696F0872FC0, cid=3526, SUCCESS, logIndex=5795, commits[325d518f-bf0d-428a-814f-266b27e759e4:c5795]
2019-06-15 10:53:18,020 INFO  client.GrpcClientProtocolClient (GrpcClientProtocolClient.java:onNext(254)) - client-09EBABE1B9AF->325d518f-bf0d-428a-814f-266b27e759e4: receive RaftClientReply:client-09EBABE1B9AF->325d518f-bf0d-428a-814f-266b27e759e4@group-9696F0872FC0, cid=3527, SUCCESS, logIndex=5796, commits[325d518f-bf0d-428a-814f-266b27e759e4:c5797]
2019-06-15 10:53:18,020 INFO  client.GrpcClientProtocolClient (GrpcClientProtocolClient.java:onNext(254)) - client-09EBABE1B9AF->325d518f-bf0d-428a-814f-266b27e759e4: receive RaftClientReply:client-09EBABE1B9AF->325d518f-bf0d-428a-814f-266b27e759e4@group-9696F0872FC0, cid=3528, SUCCESS, logIndex=5797, commits[325d518f-bf0d-428a-814f-266b27e759e4:c5798]
2019-06-15 10:53:18,028 INFO  storage.RaftLogWorker (RaftLogWorker.java:rollLogSegment(303)) - 325d518f-bf0d-428a-814f-266b27e759e4-RaftLogWorker: Rolling segment log-5732_5799 to index:5799
2019-06-15 10:53:18,028 INFO  storage.RaftLogWorker (RaftLogWorker.java:execute(433)) - 325d518f-bf0d-428a-814f-266b27e759e4-RaftLogWorker: Rolled log segment from /opt/src/hadoop-ozone/integration-test/target/test-dir/MiniOzoneClusterImpl-dd99cefe-9779-4043-9d74-181b69d2a827/datanode-0/data/ratis/e0f1d9ef-e225-4b24-a786-9696f0872fc0/current/log_inprogress_5732 to /opt/src/hadoop-ozone/integration-test/target/test-dir/MiniOzoneClusterImpl-dd99cefe-9779-4043-9d74-181b69d2a827/datanode-0/data/ratis/e0f1d9ef-e225-4b24-a786-9696f0872fc0/current/log_5732-5799
2019-06-15 10:53:18,047 DEBUG block.SCMBlockDeletingService (SCMBlockDeletingService.java:call(138)) - Running DeletedBlockTransactionScanner
2019-06-15 10:53:18,047 DEBUG block.SCMBlockDeletingService (SCMBlockDeletingService.java:call(155)) - Scanned deleted blocks log and got 0 delTX to process.
2019-06-15 10:53:18,072 INFO  storage.RaftLogWorker (RaftLogWorker.java:execute(469)) - 325d518f-bf0d-428a-814f-266b27e759e4-RaftLogWorker: created new log segment /opt/src/hadoop-ozone/integration-test/target/test-dir/MiniOzoneClusterImpl-dd99cefe-9779-4043-9d74-181b69d2a827/datanode-0/data/ratis/e0f1d9ef-e225-4b24-a786-9696f0872fc0/current/log_inprogress_5800
2019-06-15 10:53:18,073 INFO  client.GrpcClientProtocolClient (GrpcClientProtocolClient.java:onNext(254)) - client-09EBABE1B9AF->325d518f-bf0d-428a-814f-266b27e759e4: receive RaftClientReply:client-09EBABE1B9AF->325d518f-bf0d-428a-814f-266b27e759e4@group-9696F0872FC0, cid=3529, SUCCESS, logIndex=5800, commits[325d518f-bf0d-428a-814f-266b27e759e4:c5800]
2019-06-15 10:53:18,075 INFO  client.GrpcClientProtocolClient (GrpcClientProtocolClient.java:onNext(254)) - client-09EBABE1B9AF->325d518f-bf0d-428a-814f-266b27e759e4: receive RaftClientReply:client-09EBABE1B9AF->325d518f-bf0d-428a-814f-266b27e759e4@group-9696F0872FC0, cid=3530, SUCCESS, logIndex=5802, commits[325d518f-bf0d-428a-814f-266b27e759e4:c5802]
2019-06-15 10:53:18,076 INFO  client.GrpcClientProtocolClient (GrpcClientProtocolClient.java:onNext(254)) - client-09EBABE1B9AF->325d518f-bf0d-428a-814f-266b27e759e4: receive RaftClientReply:client-09EBABE1B9AF->325d518f-bf0d-428a-814f-266b27e759e4@group-9696F0872FC0, cid=3531, SUCCESS, logIndex=5803, commits[325d518f-bf0d-428a-814f-266b27e759e4:c5805]
2019-06-15 10:53:18,076 INFO  client.GrpcClientProtocolClient (GrpcClientProtocolClient.java:onNext(254)) - client-09EBABE1B9AF->325d518f-bf0d-428a-814f-266b27e759e4: receive RaftClientReply:client-09EBABE1B9AF->325d518f-bf0d-428a-814f-266b27e759e4@group-9696F0872FC0, cid=3532, SUCCESS, logIndex=5804, commits[325d518f-bf0d-428a-814f-266b27e759e4:c5805]
2019-06-15 10:53:18,081 INFO  client.GrpcClientProtocolClient (GrpcClientProtocolClient.java:onNext(254)) - client-09EBABE1B9AF->325d518f-bf0d-428a-814f-266b27e759e4: receive RaftClientReply:client-09EBABE1B9AF->325d518f-bf0d-428a-814f-266b27e759e4@group-9696F0872FC0, cid=3533, SUCCESS, logIndex=5806, commits[325d518f-bf0d-428a-814f-266b27e759e4:c5806]
2019-06-15 10:53:18,083 INFO  client.GrpcClientProtocolClient (GrpcClientProtocolClient.java:onNext(254)) - client-09EBABE1B9AF->325d518f-bf0d-428a-814f-266b27e759e4: receive RaftClientReply:client-09EBABE1B9AF->325d518f-bf0d-428a-814f-266b27e759e4@group-9696F0872FC0, cid=3534, SUCCESS, logIndex=5808, commits[325d518f-bf0d-428a-814f-266b27e759e4:c5808]
2019-06-15 10:53:18,084 INFO  client.GrpcClientProtocolClient (GrpcClientProtocolClient.java:onNext(254)) - client-09EBABE1B9AF->325d518f-bf0d-428a-814f-266b27e759e4: receive RaftClientReply:client-09EBABE1B9AF->325d518f-bf0d-428a-814f-266b27e759e4@group-9696F0872FC0, cid=3535, SUCCESS, logIndex=5809, commits[325d518f-bf0d-428a-814f-266b27e759e4:c5810]
2019-06-15 10:53:18,084 INFO  client.GrpcClientProtocolClient (GrpcClientProtocolClient.java:onNext(254)) - client-09EBABE1B9AF->325d518f-bf0d-428a-814f-266b27e759e4: receive RaftClientReply:client-09EBABE1B9AF->325d518f-bf0d-428a-814f-266b27e759e4@group-9696F0872FC0, cid=3536, SUCCESS, logIndex=5810, commits[325d518f-bf0d-428a-814f-266b27e759e4:c5810]
2019-06-15 10:53:18,147 DEBUG block.SCMBlockDeletingService (SCMBlockDeletingService.java:call(138)) - Running DeletedBlockTransactionScanner
2019-06-15 10:53:18,147 DEBUG block.SCMBlockDeletingService (SCMBlockDeletingService.java:call(155)) - Scanned deleted blocks log and got 0 delTX to process.
2019-06-15 10:53:18,159 INFO  client.GrpcClientProtocolClient (GrpcClientProtocolClient.java:onNext(254)) - client-09EBABE1B9AF->325d518f-bf0d-428a-814f-266b27e759e4: receive RaftClientReply:client-09EBABE1B9AF->325d518f-bf0d-428a-814f-266b27e759e4@group-9696F0872FC0, cid=3537, SUCCESS, logIndex=5813, commits[325d518f-bf0d-428a-814f-266b27e759e4:c5813]
2019-06-15 10:53:18,162 INFO  client.GrpcClientProtocolClient (GrpcClientProtocolClient.java:onNext(254)) - client-09EBABE1B9AF->325d518f-bf0d-428a-814f-266b27e759e4: receive RaftClientReply:client-09EBABE1B9AF->325d518f-bf0d-428a-814f-266b27e759e4@group-9696F0872FC0, cid=3538, SUCCESS, logIndex=5815, commits[325d518f-bf0d-428a-814f-266b27e759e4:c5815]
2019-06-15 10:53:18,163 INFO  client.GrpcClientProtocolClient (GrpcClientProtocolClient.java:onNext(254)) - client-09EBABE1B9AF->325d518f-bf0d-428a-814f-266b27e759e4: receive RaftClientReply:client-09EBABE1B9AF->325d518f-bf0d-428a-814f-266b27e759e4@group-9696F0872FC0, cid=3539, SUCCESS, logIndex=5816, commits[325d518f-bf0d-428a-814f-266b27e759e4:c5818]
2019-06-15 10:53:18,163 INFO  client.GrpcClientProtocolClient (GrpcClientProtocolClient.java:onNext(254)) - client-09EBABE1B9AF->325d518f-bf0d-428a-814f-266b27e759e4: receive RaftClientReply:client-09EBABE1B9AF->325d518f-bf0d-428a-814f-266b27e759e4@group-9696F0872FC0, cid=3540, SUCCESS, logIndex=5817, commits[325d518f-bf0d-428a-814f-266b27e759e4:c5818]
2019-06-15 10:53:18,168 INFO  client.GrpcClientProtocolClient (GrpcClientProtocolClient.java:onNext(254)) - client-09EBABE1B9AF->325d518f-bf0d-428a-814f-266b27e759e4: receive RaftClientReply:client-09EBABE1B9AF->325d518f-bf0d-428a-814f-266b27e759e4@group-9696F0872FC0, cid=3541, SUCCESS, logIndex=5820, commits[325d518f-bf0d-428a-814f-266b27e759e4:c5820]
2019-06-15 10:53:18,170 INFO  client.GrpcClientProtocolClient (GrpcClientProtocolClient.java:onNext(254)) - client-09EBABE1B9AF->325d518f-bf0d-428a-814f-266b27e759e4: receive RaftClientReply:client-09EBABE1B9AF->325d518f-bf0d-428a-814f-266b27e759e4@group-9696F0872FC0, cid=3542, SUCCESS, logIndex=5822, commits[325d518f-bf0d-428a-814f-266b27e759e4:c5822]
2019-06-15 10:53:18,171 INFO  client.GrpcClientProtocolClient (GrpcClientProtocolClient.java:onNext(254)) - client-09EBABE1B9AF->325d518f-bf0d-428a-814f-266b27e759e4: receive RaftClientReply:client-09EBABE1B9AF->325d518f-bf0d-428a-814f-266b27e759e4@group-9696F0872FC0, cid=3543, SUCCESS, logIndex=5823, commits[325d518f-bf0d-428a-814f-266b27e759e4:c5825]
2019-06-15 10:53:18,171 INFO  client.GrpcClientProtocolClient (GrpcClientProtocolClient.java:onNext(254)) - client-09EBABE1B9AF->325d518f-bf0d-428a-814f-266b27e759e4: receive RaftClientReply:client-09EBABE1B9AF->325d518f-bf0d-428a-814f-266b27e759e4@group-9696F0872FC0, cid=3544, SUCCESS, logIndex=5824, commits[325d518f-bf0d-428a-814f-266b27e759e4:c5825]
2019-06-15 10:53:18,227 INFO  client.GrpcClientProtocolClient (GrpcClientProtocolClient.java:onNext(254)) - client-09EBABE1B9AF->325d518f-bf0d-428a-814f-266b27e759e4: receive RaftClientReply:client-09EBABE1B9AF->325d518f-bf0d-428a-814f-266b27e759e4@group-9696F0872FC0, cid=3545, SUCCESS, logIndex=5826, commits[325d518f-bf0d-428a-814f-266b27e759e4:c5826]
2019-06-15 10:53:18,228 INFO  client.GrpcClientProtocolClient (GrpcClientProtocolClient.java:onNext(254)) - client-09EBABE1B9AF->325d518f-bf0d-428a-814f-266b27e759e4: receive RaftClientReply:client-09EBABE1B9AF->325d518f-bf0d-428a-814f-266b27e759e4@group-9696F0872FC0, cid=3546, SUCCESS, logIndex=5828, commits[325d518f-bf0d-428a-814f-266b27e759e4:c5828]
2019-06-15 10:53:18,230 INFO  client.GrpcClientProtocolClient (GrpcClientProtocolClient.java:onNext(254)) - client-09EBABE1B9AF->325d518f-bf0d-428a-814f-266b27e759e4: receive RaftClientReply:client-09EBABE1B9AF->325d518f-bf0d-428a-814f-266b27e759e4@group-9696F0872FC0, cid=3547, SUCCESS, logIndex=5829, commits[325d518f-bf0d-428a-814f-266b27e759e4:c5831]
2019-06-15 10:53:18,230 INFO  client.GrpcClientProtocolClient (GrpcClientProtocolClient.java:onNext(254)) - client-09EBABE1B9AF->325d518f-bf0d-428a-814f-266b27e759e4: receive RaftClientReply:client-09EBABE1B9AF->325d518f-bf0d-428a-814f-266b27e759e4@group-9696F0872FC0, cid=3548, SUCCESS, logIndex=5831, commits[325d518f-bf0d-428a-814f-266b27e759e4:c5831]
2019-06-15 10:53:18,235 INFO  client.GrpcClientProtocolClient (GrpcClientProtocolClient.java:onNext(254)) - client-09EBABE1B9AF->325d518f-bf0d-428a-814f-266b27e759e4: receive RaftClientReply:client-09EBABE1B9AF->325d518f-bf0d-428a-814f-266b27e759e4@group-9696F0872FC0, cid=3549, SUCCESS, logIndex=5833, commits[325d518f-bf0d-428a-814f-266b27e759e4:c5833]
2019-06-15 10:53:18,237 INFO  client.GrpcClientProtocolClient (GrpcClientProtocolClient.java:onNext(254)) - client-09EBABE1B9AF->325d518f-bf0d-428a-814f-266b27e759e4: receive RaftClientReply:client-09EBABE1B9AF->325d518f-bf0d-428a-814f-266b27e759e4@group-9696F0872FC0, cid=3550, SUCCESS, logIndex=5835, commits[325d518f-bf0d-428a-814f-266b27e759e4:c5835]
2019-06-15 10:53:18,238 INFO  client.GrpcClientProtocolClient (GrpcClientProtocolClient.java:onNext(254)) - client-09EBABE1B9AF->325d518f-bf0d-428a-814f-266b27e759e4: receive RaftClientReply:client-09EBABE1B9AF->325d518f-bf0d-428a-814f-266b27e759e4@group-9696F0872FC0, cid=3551, SUCCESS, logIndex=5836, commits[325d518f-bf0d-428a-814f-266b27e759e4:c5838]
2019-06-15 10:53:18,238 INFO  client.GrpcClientProtocolClient (GrpcClientProtocolClient.java:onNext(254)) - client-09EBABE1B9AF->325d518f-bf0d-428a-814f-266b27e759e4: receive RaftClientReply:client-09EBABE1B9AF->325d518f-bf0d-428a-814f-266b27e759e4@group-9696F0872FC0, cid=3552, SUCCESS, logIndex=5837, commits[325d518f-bf0d-428a-814f-266b27e759e4:c5838]
2019-06-15 10:53:18,248 DEBUG block.SCMBlockDeletingService (SCMBlockDeletingService.java:call(138)) - Running DeletedBlockTransactionScanner
2019-06-15 10:53:18,248 DEBUG block.SCMBlockDeletingService (SCMBlockDeletingService.java:call(155)) - Scanned deleted blocks log and got 0 delTX to process.
2019-06-15 10:53:18,249 INFO  client.GrpcClientProtocolClient (GrpcClientProtocolClient.java:onNext(254)) - client-09EBABE1B9AF->325d518f-bf0d-428a-814f-266b27e759e4: receive RaftClientReply:client-09EBABE1B9AF->325d518f-bf0d-428a-814f-266b27e759e4@group-9696F0872FC0, cid=3553, SUCCESS, logIndex=5839, commits[325d518f-bf0d-428a-814f-266b27e759e4:c5839]
2019-06-15 10:53:18,250 INFO  client.GrpcClientProtocolClient (GrpcClientProtocolClient.java:onNext(254)) - client-09EBABE1B9AF->325d518f-bf0d-428a-814f-266b27e759e4: receive RaftClientReply:client-09EBABE1B9AF->325d518f-bf0d-428a-814f-266b27e759e4@group-9696F0872FC0, cid=3554, SUCCESS, logIndex=5841, commits[325d518f-bf0d-428a-814f-266b27e759e4:c5841]
2019-06-15 10:53:18,251 INFO  client.GrpcClientProtocolClient (GrpcClientProtocolClient.java:onNext(254)) - client-09EBABE1B9AF->325d518f-bf0d-428a-814f-266b27e759e4: receive RaftClientReply:client-09EBABE1B9AF->325d518f-bf0d-428a-814f-266b27e759e4@group-9696F0872FC0, cid=3555, SUCCESS, logIndex=5842, commits[325d518f-bf0d-428a-814f-266b27e759e4:c5843]
2019-06-15 10:53:18,252 INFO  client.GrpcClientProtocolClient (GrpcClientProtocolClient.java:onNext(254)) - client-09EBABE1B9AF->325d518f-bf0d-428a-814f-266b27e759e4: receive RaftClientReply:client-09EBABE1B9AF->325d518f-bf0d-428a-814f-266b27e759e4@group-9696F0872FC0, cid=3556, SUCCESS, logIndex=5844, commits[325d518f-bf0d-428a-814f-266b27e759e4:c5844]
2019-06-15 10:53:18,257 INFO  client.GrpcClientProtocolClient (GrpcClientProtocolClient.java:onNext(254)) - client-09EBABE1B9AF->325d518f-bf0d-428a-814f-266b27e759e4: receive RaftClientReply:client-09EBABE1B9AF->325d518f-bf0d-428a-814f-266b27e759e4@group-9696F0872FC0, cid=3557, SUCCESS, logIndex=5846, commits[325d518f-bf0d-428a-814f-266b27e759e4:c5846]
2019-06-15 10:53:18,258 INFO  client.GrpcClientProtocolClient (GrpcClientProtocolClient.java:onNext(254)) - client-09EBABE1B9AF->325d518f-bf0d-428a-814f-266b27e759e4: receive RaftClientReply:client-09EBABE1B9AF->325d518f-bf0d-428a-814f-266b27e759e4@group-9696F0872FC0, cid=3558, SUCCESS, logIndex=5848, commits[325d518f-bf0d-428a-814f-266b27e759e4:c5848]
2019-06-15 10:53:18,260 INFO  client.GrpcClientProtocolClient (GrpcClientProtocolClient.java:onNext(254)) - client-09EBABE1B9AF->325d518f-bf0d-428a-814f-266b27e759e4: receive RaftClientReply:client-09EBABE1B9AF->325d518f-bf0d-428a-814f-266b27e759e4@group-9696F0872FC0, cid=3559, SUCCESS, logIndex=5849, commits[325d518f-bf0d-428a-814f-266b27e759e4:c5851]
2019-06-15 10:53:18,260 INFO  client.GrpcClientProtocolClient (GrpcClientProtocolClient.java:onNext(254)) - client-09EBABE1B9AF->325d518f-bf0d-428a-814f-266b27e759e4: receive RaftClientReply:client-09EBABE1B9AF->325d518f-bf0d-428a-814f-266b27e759e4@group-9696F0872FC0, cid=3560, SUCCESS, logIndex=5850, commits[325d518f-bf0d-428a-814f-266b27e759e4:c5851]
2019-06-15 10:53:18,270 INFO  client.GrpcClientProtocolClient (GrpcClientProtocolClient.java:onNext(254)) - client-09EBABE1B9AF->325d518f-bf0d-428a-814f-266b27e759e4: receive RaftClientReply:client-09EBABE1B9AF->325d518f-bf0d-428a-814f-266b27e759e4@group-9696F0872FC0, cid=3561, SUCCESS, logIndex=5852, commits[325d518f-bf0d-428a-814f-266b27e759e4:c5852]
2019-06-15 10:53:18,271 INFO  client.GrpcClientProtocolClient (GrpcClientProtocolClient.java:onNext(254)) - client-09EBABE1B9AF->325d518f-bf0d-428a-814f-266b27e759e4: receive RaftClientReply:client-09EBABE1B9AF->325d518f-bf0d-428a-814f-266b27e759e4@group-9696F0872FC0, cid=3562, SUCCESS, logIndex=5854, commits[325d518f-bf0d-428a-814f-266b27e759e4:c5854]
2019-06-15 10:53:18,272 INFO  client.GrpcClientProtocolClient (GrpcClientProtocolClient.java:onNext(254)) - client-09EBABE1B9AF->325d518f-bf0d-428a-814f-266b27e759e4: receive RaftClientReply:client-09EBABE1B9AF->325d518f-bf0d-428a-814f-266b27e759e4@group-9696F0872FC0, cid=3563, SUCCESS, logIndex=5855, commits[325d518f-bf0d-428a-814f-266b27e759e4:c5857]
2019-06-15 10:53:18,272 INFO  client.GrpcClientProtocolClient (GrpcClientProtocolClient.java:onNext(254)) - client-09EBABE1B9AF->325d518f-bf0d-428a-814f-266b27e759e4: receive RaftClientReply:client-09EBABE1B9AF->325d518f-bf0d-428a-814f-266b27e759e4@group-9696F0872FC0, cid=3564, SUCCESS, logIndex=5856, commits[325d518f-bf0d-428a-814f-266b27e759e4:c5857]
2019-06-15 10:53:18,277 INFO  client.GrpcClientProtocolClient (GrpcClientProtocolClient.java:onNext(254)) - client-09EBABE1B9AF->325d518f-bf0d-428a-814f-266b27e759e4: receive RaftClientReply:client-09EBABE1B9AF->325d518f-bf0d-428a-814f-266b27e759e4@group-9696F0872FC0, cid=3565, SUCCESS, logIndex=5858, commits[325d518f-bf0d-428a-814f-266b27e759e4:c5858]
2019-06-15 10:53:18,278 INFO  client.GrpcClientProtocolClient (GrpcClientProtocolClient.java:onNext(254)) - client-09EBABE1B9AF->325d518f-bf0d-428a-814f-266b27e759e4: receive RaftClientReply:client-09EBABE1B9AF->325d518f-bf0d-428a-814f-266b27e759e4@group-9696F0872FC0, cid=3566, SUCCESS, logIndex=5860, commits[325d518f-bf0d-428a-814f-266b27e759e4:c5860]
2019-06-15 10:53:18,279 INFO  client.GrpcClientProtocolClient (GrpcClientProtocolClient.java:onNext(254)) - client-09EBABE1B9AF->325d518f-bf0d-428a-814f-266b27e759e4: receive RaftClientReply:client-09EBABE1B9AF->325d518f-bf0d-428a-814f-266b27e759e4@group-9696F0872FC0, cid=3567, SUCCESS, logIndex=5861, commits[325d518f-bf0d-428a-814f-266b27e759e4:c5863]
2019-06-15 10:53:18,280 INFO  client.GrpcClientProtocolClient (GrpcClientProtocolClient.java:onNext(254)) - client-09EBABE1B9AF->325d518f-bf0d-428a-814f-266b27e759e4: receive RaftClientReply:client-09EBABE1B9AF->325d518f-bf0d-428a-814f-266b27e759e4@group-9696F0872FC0, cid=3568, SUCCESS, logIndex=5862, commits[325d518f-bf0d-428a-814f-266b27e759e4:c5863]
2019-06-15 10:53:18,289 INFO  client.GrpcClientProtocolClient (GrpcClientProtocolClient.java:onNext(254)) - client-09EBABE1B9AF->325d518f-bf0d-428a-814f-266b27e759e4: receive RaftClientReply:client-09EBABE1B9AF->325d518f-bf0d-428a-814f-266b27e759e4@group-9696F0872FC0, cid=3569, SUCCESS, logIndex=5864, commits[325d518f-bf0d-428a-814f-266b27e759e4:c5864]
2019-06-15 10:53:18,290 INFO  client.GrpcClientProtocolClient (GrpcClientProtocolClient.java:onNext(254)) - client-09EBABE1B9AF->325d518f-bf0d-428a-814f-266b27e759e4: receive RaftClientReply:client-09EBABE1B9AF->325d518f-bf0d-428a-814f-266b27e759e4@group-9696F0872FC0, cid=3570, SUCCESS, logIndex=5866, commits[325d518f-bf0d-428a-814f-266b27e759e4:c5866]
2019-06-15 10:53:18,291 INFO  client.GrpcClientProtocolClient (GrpcClientProtocolClient.java:onNext(254)) - client-09EBABE1B9AF->325d518f-bf0d-428a-814f-266b27e759e4: receive RaftClientReply:client-09EBABE1B9AF->325d518f-bf0d-428a-814f-266b27e759e4@group-9696F0872FC0, cid=3571, SUCCESS, logIndex=5867, commits[325d518f-bf0d-428a-814f-266b27e759e4:c5869]
2019-06-15 10:53:18,291 INFO  client.GrpcClientProtocolClient (GrpcClientProtocolClient.java:onNext(254)) - client-09EBABE1B9AF->325d518f-bf0d-428a-814f-266b27e759e4: receive RaftClientReply:client-09EBABE1B9AF->325d518f-bf0d-428a-814f-266b27e759e4@group-9696F0872FC0, cid=3572, SUCCESS, logIndex=5868, commits[325d518f-bf0d-428a-814f-266b27e759e4:c5869]
2019-06-15 10:53:18,294 INFO  storage.RaftLogWorker (RaftLogWorker.java:rollLogSegment(303)) - 325d518f-bf0d-428a-814f-266b27e759e4-RaftLogWorker: Rolling segment log-5800_5869 to index:5869
2019-06-15 10:53:18,294 INFO  storage.RaftLogWorker (RaftLogWorker.java:execute(433)) - 325d518f-bf0d-428a-814f-266b27e759e4-RaftLogWorker: Rolled log segment from /opt/src/hadoop-ozone/integration-test/target/test-dir/MiniOzoneClusterImpl-dd99cefe-9779-4043-9d74-181b69d2a827/datanode-0/data/ratis/e0f1d9ef-e225-4b24-a786-9696f0872fc0/current/log_inprogress_5800 to /opt/src/hadoop-ozone/integration-test/target/test-dir/MiniOzoneClusterImpl-dd99cefe-9779-4043-9d74-181b69d2a827/datanode-0/data/ratis/e0f1d9ef-e225-4b24-a786-9696f0872fc0/current/log_5800-5869
2019-06-15 10:53:18,330 INFO  storage.RaftLogWorker (RaftLogWorker.java:execute(469)) - 325d518f-bf0d-428a-814f-266b27e759e4-RaftLogWorker: created new log segment /opt/src/hadoop-ozone/integration-test/target/test-dir/MiniOzoneClusterImpl-dd99cefe-9779-4043-9d74-181b69d2a827/datanode-0/data/ratis/e0f1d9ef-e225-4b24-a786-9696f0872fc0/current/log_inprogress_5870
2019-06-15 10:53:18,331 INFO  client.GrpcClientProtocolClient (GrpcClientProtocolClient.java:onNext(254)) - client-09EBABE1B9AF->325d518f-bf0d-428a-814f-266b27e759e4: receive RaftClientReply:client-09EBABE1B9AF->325d518f-bf0d-428a-814f-266b27e759e4@group-9696F0872FC0, cid=3573, SUCCESS, logIndex=5870, commits[325d518f-bf0d-428a-814f-266b27e759e4:c5870]
2019-06-15 10:53:18,333 INFO  client.GrpcClientProtocolClient (GrpcClientProtocolClient.java:onNext(254)) - client-09EBABE1B9AF->325d518f-bf0d-428a-814f-266b27e759e4: receive RaftClientReply:client-09EBABE1B9AF->325d518f-bf0d-428a-814f-266b27e759e4@group-9696F0872FC0, cid=3574, SUCCESS, logIndex=5872, commits[325d518f-bf0d-428a-814f-266b27e759e4:c5872]
2019-06-15 10:53:18,334 INFO  client.GrpcClientProtocolClient (GrpcClientProtocolClient.java:onNext(254)) - client-09EBABE1B9AF->325d518f-bf0d-428a-814f-266b27e759e4: receive RaftClientReply:client-09EBABE1B9AF->325d518f-bf0d-428a-814f-266b27e759e4@group-9696F0872FC0, cid=3575, SUCCESS, logIndex=5873, commits[325d518f-bf0d-428a-814f-266b27e759e4:c5875]
2019-06-15 10:53:18,334 INFO  client.GrpcClientProtocolClient (GrpcClientProtocolClient.java:onNext(254)) - client-09EBABE1B9AF->325d518f-bf0d-428a-814f-266b27e759e4: receive RaftClientReply:client-09EBABE1B9AF->325d518f-bf0d-428a-814f-266b27e759e4@group-9696F0872FC0, cid=3576, SUCCESS, logIndex=5874, commits[325d518f-bf0d-428a-814f-266b27e759e4:c5875]
2019-06-15 10:53:18,345 INFO  client.GrpcClientProtocolClient (GrpcClientProtocolClient.java:onNext(254)) - client-09EBABE1B9AF->325d518f-bf0d-428a-814f-266b27e759e4: receive RaftClientReply:client-09EBABE1B9AF->325d518f-bf0d-428a-814f-266b27e759e4@group-9696F0872FC0, cid=3577, SUCCESS, logIndex=5876, commits[325d518f-bf0d-428a-814f-266b27e759e4:c5876]
2019-06-15 10:53:18,346 INFO  client.GrpcClientProtocolClient (GrpcClientProtocolClient.java:onNext(254)) - client-09EBABE1B9AF->325d518f-bf0d-428a-814f-266b27e759e4: receive RaftClientReply:client-09EBABE1B9AF->325d518f-bf0d-428a-814f-266b27e759e4@group-9696F0872FC0, cid=3578, SUCCESS, logIndex=5878, commits[325d518f-bf0d-428a-814f-266b27e759e4:c5878]
2019-06-15 10:53:18,347 INFO  client.GrpcClientProtocolClient (GrpcClientProtocolClient.java:onNext(254)) - client-09EBABE1B9AF->325d518f-bf0d-428a-814f-266b27e759e4: receive RaftClientReply:client-09EBABE1B9AF->325d518f-bf0d-428a-814f-266b27e759e4@group-9696F0872FC0, cid=3579, SUCCESS, logIndex=5879, commits[325d518f-bf0d-428a-814f-266b27e759e4:c5881]
2019-06-15 10:53:18,347 INFO  client.GrpcClientProtocolClient (GrpcClientProtocolClient.java:onNext(254)) - client-09EBABE1B9AF->325d518f-bf0d-428a-814f-266b27e759e4: receive RaftClientReply:client-09EBABE1B9AF->325d518f-bf0d-428a-814f-266b27e759e4@group-9696F0872FC0, cid=3580, SUCCESS, logIndex=5880, commits[325d518f-bf0d-428a-814f-266b27e759e4:c5881]
2019-06-15 10:53:18,348 DEBUG block.SCMBlockDeletingService (SCMBlockDeletingService.java:call(138)) - Running DeletedBlockTransactionScanner
2019-06-15 10:53:18,348 DEBUG block.SCMBlockDeletingService (SCMBlockDeletingService.java:call(155)) - Scanned deleted blocks log and got 0 delTX to process.
2019-06-15 10:53:18,423 INFO  client.GrpcClientProtocolClient (GrpcClientProtocolClient.java:onNext(254)) - client-09EBABE1B9AF->325d518f-bf0d-428a-814f-266b27e759e4: receive RaftClientReply:client-09EBABE1B9AF->325d518f-bf0d-428a-814f-266b27e759e4@group-9696F0872FC0, cid=3581, SUCCESS, logIndex=5882, commits[325d518f-bf0d-428a-814f-266b27e759e4:c5882]
2019-06-15 10:53:18,425 INFO  client.GrpcClientProtocolClient (GrpcClientProtocolClient.java:onNext(254)) - client-09EBABE1B9AF->325d518f-bf0d-428a-814f-266b27e759e4: receive RaftClientReply:client-09EBABE1B9AF->325d518f-bf0d-428a-814f-266b27e759e4@group-9696F0872FC0, cid=3582, SUCCESS, logIndex=5884, commits[325d518f-bf0d-428a-814f-266b27e759e4:c5884]
2019-06-15 10:53:18,426 INFO  client.GrpcClientProtocolClient (GrpcClientProtocolClient.java:onNext(254)) - client-09EBABE1B9AF->325d518f-bf0d-428a-814f-266b27e759e4: receive RaftClientReply:client-09EBABE1B9AF->325d518f-bf0d-428a-814f-266b27e759e4@group-9696F0872FC0, cid=3583, SUCCESS, logIndex=5885, commits[325d518f-bf0d-428a-814f-266b27e759e4:c5887]
2019-06-15 10:53:18,426 INFO  client.GrpcClientProtocolClient (GrpcClientProtocolClient.java:onNext(254)) - client-09EBABE1B9AF->325d518f-bf0d-428a-814f-266b27e759e4: receive RaftClientReply:client-09EBABE1B9AF->325d518f-bf0d-428a-814f-266b27e759e4@group-9696F0872FC0, cid=3584, SUCCESS, logIndex=5886, commits[325d518f-bf0d-428a-814f-266b27e759e4:c5887]
2019-06-15 10:53:18,437 INFO  client.GrpcClientProtocolClient (GrpcClientProtocolClient.java:onNext(254)) - client-09EBABE1B9AF->325d518f-bf0d-428a-814f-266b27e759e4: receive RaftClientReply:client-09EBABE1B9AF->325d518f-bf0d-428a-814f-266b27e759e4@group-9696F0872FC0, cid=3585, SUCCESS, logIndex=5888, commits[325d518f-bf0d-428a-814f-266b27e759e4:c5888]
2019-06-15 10:53:18,439 INFO  client.GrpcClientProtocolClient (GrpcClientProtocolClient.java:onNext(254)) - client-09EBABE1B9AF->325d518f-bf0d-428a-814f-266b27e759e4: receive RaftClientReply:client-09EBABE1B9AF->325d518f-bf0d-428a-814f-266b27e759e4@group-9696F0872FC0, cid=3586, SUCCESS, logIndex=5890, commits[325d518f-bf0d-428a-814f-266b27e759e4:c5890]
2019-06-15 10:53:18,439 INFO  client.GrpcClientProtocolClient (GrpcClientProtocolClient.java:onNext(254)) - client-09EBABE1B9AF->325d518f-bf0d-428a-814f-266b27e759e4: receive RaftClientReply:client-09EBABE1B9AF->325d518f-bf0d-428a-814f-266b27e759e4@group-9696F0872FC0, cid=3587, SUCCESS, logIndex=5891, commits[325d518f-bf0d-428a-814f-266b27e759e4:c5893]
2019-06-15 10:53:18,440 INFO  client.GrpcClientProtocolClient (GrpcClientProtocolClient.java:onNext(254)) - client-09EBABE1B9AF->325d518f-bf0d-428a-814f-266b27e759e4: receive RaftClientReply:client-09EBABE1B9AF->325d518f-bf0d-428a-814f-266b27e759e4@group-9696F0872FC0, cid=3588, SUCCESS, logIndex=5892, commits[325d518f-bf0d-428a-814f-266b27e759e4:c5893]
2019-06-15 10:53:18,445 INFO  client.GrpcClientProtocolClient (GrpcClientProtocolClient.java:onNext(254)) - client-09EBABE1B9AF->325d518f-bf0d-428a-814f-266b27e759e4: receive RaftClientReply:client-09EBABE1B9AF->325d518f-bf0d-428a-814f-266b27e759e4@group-9696F0872FC0, cid=3589, SUCCESS, logIndex=5894, commits[325d518f-bf0d-428a-814f-266b27e759e4:c5894]
2019-06-15 10:53:18,448 INFO  client.GrpcClientProtocolClient (GrpcClientProtocolClient.java:onNext(254)) - client-09EBABE1B9AF->325d518f-bf0d-428a-814f-266b27e759e4: receive RaftClientReply:client-09EBABE1B9AF->325d518f-bf0d-428a-814f-266b27e759e4@group-9696F0872FC0, cid=3590, SUCCESS, logIndex=5896, commits[325d518f-bf0d-428a-814f-266b27e759e4:c5896]
2019-06-15 10:53:18,448 DEBUG block.SCMBlockDeletingService (SCMBlockDeletingService.java:call(138)) - Running DeletedBlockTransactionScanner
2019-06-15 10:53:18,448 INFO  client.GrpcClientProtocolClient (GrpcClientProtocolClient.java:onNext(254)) - client-09EBABE1B9AF->325d518f-bf0d-428a-814f-266b27e759e4: receive RaftClientReply:client-09EBABE1B9AF->325d518f-bf0d-428a-814f-266b27e759e4@group-9696F0872FC0, cid=3591, SUCCESS, logIndex=5897, commits[325d518f-bf0d-428a-814f-266b27e759e4:c5898]
2019-06-15 10:53:18,448 DEBUG block.SCMBlockDeletingService (SCMBlockDeletingService.java:call(155)) - Scanned deleted blocks log and got 0 delTX to process.
2019-06-15 10:53:18,449 INFO  client.GrpcClientProtocolClient (GrpcClientProtocolClient.java:onNext(254)) - client-09EBABE1B9AF->325d518f-bf0d-428a-814f-266b27e759e4: receive RaftClientReply:client-09EBABE1B9AF->325d518f-bf0d-428a-814f-266b27e759e4@group-9696F0872FC0, cid=3592, SUCCESS, logIndex=5898, commits[325d518f-bf0d-428a-814f-266b27e759e4:c5898]
2019-06-15 10:53:18,460 INFO  client.GrpcClientProtocolClient (GrpcClientProtocolClient.java:onNext(254)) - client-09EBABE1B9AF->325d518f-bf0d-428a-814f-266b27e759e4: receive RaftClientReply:client-09EBABE1B9AF->325d518f-bf0d-428a-814f-266b27e759e4@group-9696F0872FC0, cid=3593, SUCCESS, logIndex=5901, commits[325d518f-bf0d-428a-814f-266b27e759e4:c5901]
2019-06-15 10:53:18,462 INFO  client.GrpcClientProtocolClient (GrpcClientProtocolClient.java:onNext(254)) - client-09EBABE1B9AF->325d518f-bf0d-428a-814f-266b27e759e4: receive RaftClientReply:client-09EBABE1B9AF->325d518f-bf0d-428a-814f-266b27e759e4@group-9696F0872FC0, cid=3594, SUCCESS, logIndex=5903, commits[325d518f-bf0d-428a-814f-266b27e759e4:c5903]
2019-06-15 10:53:18,462 INFO  client.GrpcClientProtocolClient (GrpcClientProtocolClient.java:onNext(254)) - client-09EBABE1B9AF->325d518f-bf0d-428a-814f-266b27e759e4: receive RaftClientReply:client-09EBABE1B9AF->325d518f-bf0d-428a-814f-266b27e759e4@group-9696F0872FC0, cid=3595, SUCCESS, logIndex=5904, commits[325d518f-bf0d-428a-814f-266b27e759e4:c5906]
2019-06-15 10:53:18,462 INFO  client.GrpcClientProtocolClient (GrpcClientProtocolClient.java:onNext(254)) - client-09EBABE1B9AF->325d518f-bf0d-428a-814f-266b27e759e4: receive RaftClientReply:client-09EBABE1B9AF->325d518f-bf0d-428a-814f-266b27e759e4@group-9696F0872FC0, cid=3596, SUCCESS, logIndex=5905, commits[325d518f-bf0d-428a-814f-266b27e759e4:c5906]
2019-06-15 10:53:18,467 INFO  client.GrpcClientProtocolClient (GrpcClientProtocolClient.java:onNext(254)) - client-09EBABE1B9AF->325d518f-bf0d-428a-814f-266b27e759e4: receive RaftClientReply:client-09EBABE1B9AF->325d518f-bf0d-428a-814f-266b27e759e4@group-9696F0872FC0, cid=3597, SUCCESS, logIndex=5907, commits[325d518f-bf0d-428a-814f-266b27e759e4:c5907]
2019-06-15 10:53:18,469 INFO  client.GrpcClientProtocolClient (GrpcClientProtocolClient.java:onNext(254)) - client-09EBABE1B9AF->325d518f-bf0d-428a-814f-266b27e759e4: receive RaftClientReply:client-09EBABE1B9AF->325d518f-bf0d-428a-814f-266b27e759e4@group-9696F0872FC0, cid=3598, SUCCESS, logIndex=5909, commits[325d518f-bf0d-428a-814f-266b27e759e4:c5909]
2019-06-15 10:53:18,470 INFO  client.GrpcClientProtocolClient (GrpcClientProtocolClient.java:onNext(254)) - client-09EBABE1B9AF->325d518f-bf0d-428a-814f-266b27e759e4: receive RaftClientReply:client-09EBABE1B9AF->325d518f-bf0d-428a-814f-266b27e759e4@group-9696F0872FC0, cid=3599, SUCCESS, logIndex=5910, commits[325d518f-bf0d-428a-814f-266b27e759e4:c5911]
2019-06-15 10:53:18,470 INFO  client.GrpcClientProtocolClient (GrpcClientProtocolClient.java:onNext(254)) - client-09EBABE1B9AF->325d518f-bf0d-428a-814f-266b27e759e4: receive RaftClientReply:client-09EBABE1B9AF->325d518f-bf0d-428a-814f-266b27e759e4@group-9696F0872FC0, cid=3600, SUCCESS, logIndex=5912, commits[325d518f-bf0d-428a-814f-266b27e759e4:c5912]
2019-06-15 10:53:18,480 INFO  client.GrpcClientProtocolClient (GrpcClientProtocolClient.java:onNext(254)) - client-09EBABE1B9AF->325d518f-bf0d-428a-814f-266b27e759e4: receive RaftClientReply:client-09EBABE1B9AF->325d518f-bf0d-428a-814f-266b27e759e4@group-9696F0872FC0, cid=3601, SUCCESS, logIndex=5914, commits[325d518f-bf0d-428a-814f-266b27e759e4:c5914]
2019-06-15 10:53:18,482 INFO  client.GrpcClientProtocolClient (GrpcClientProtocolClient.java:onNext(254)) - client-09EBABE1B9AF->325d518f-bf0d-428a-814f-266b27e759e4: receive RaftClientReply:client-09EBABE1B9AF->325d518f-bf0d-428a-814f-266b27e759e4@group-9696F0872FC0, cid=3602, SUCCESS, logIndex=5916, commits[325d518f-bf0d-428a-814f-266b27e759e4:c5916]
2019-06-15 10:53:18,483 INFO  client.GrpcClientProtocolClient (GrpcClientProtocolClient.java:onNext(254)) - client-09EBABE1B9AF->325d518f-bf0d-428a-814f-266b27e759e4: receive RaftClientReply:client-09EBABE1B9AF->325d518f-bf0d-428a-814f-266b27e759e4@group-9696F0872FC0, cid=3603, SUCCESS, logIndex=5917, commits[325d518f-bf0d-428a-814f-266b27e759e4:c5919]
2019-06-15 10:53:18,483 INFO  client.GrpcClientProtocolClient (GrpcClientProtocolClient.java:onNext(254)) - client-09EBABE1B9AF->325d518f-bf0d-428a-814f-266b27e759e4: receive RaftClientReply:client-09EBABE1B9AF->325d518f-bf0d-428a-814f-266b27e759e4@group-9696F0872FC0, cid=3604, SUCCESS, logIndex=5918, commits[325d518f-bf0d-428a-814f-266b27e759e4:c5919]
2019-06-15 10:53:18,488 INFO  client.GrpcClientProtocolClient (GrpcClientProtocolClient.java:onNext(254)) - client-09EBABE1B9AF->325d518f-bf0d-428a-814f-266b27e759e4: receive RaftClientReply:client-09EBABE1B9AF->325d518f-bf0d-428a-814f-266b27e759e4@group-9696F0872FC0, cid=3605, SUCCESS, logIndex=5920, commits[325d518f-bf0d-428a-814f-266b27e759e4:c5920]
2019-06-15 10:53:18,489 INFO  client.GrpcClientProtocolClient (GrpcClientProtocolClient.java:onNext(254)) - client-09EBABE1B9AF->325d518f-bf0d-428a-814f-266b27e759e4: receive RaftClientReply:client-09EBABE1B9AF->325d518f-bf0d-428a-814f-266b27e759e4@group-9696F0872FC0, cid=3606, SUCCESS, logIndex=5922, commits[325d518f-bf0d-428a-814f-266b27e759e4:c5922]
2019-06-15 10:53:18,490 INFO  client.GrpcClientProtocolClient (GrpcClientProtocolClient.java:onNext(254)) - client-09EBABE1B9AF->325d518f-bf0d-428a-814f-266b27e759e4: receive RaftClientReply:client-09EBABE1B9AF->325d518f-bf0d-428a-814f-266b27e759e4@group-9696F0872FC0, cid=3607, SUCCESS, logIndex=5923, commits[325d518f-bf0d-428a-814f-266b27e759e4:c5925]
2019-06-15 10:53:18,490 INFO  client.GrpcClientProtocolClient (GrpcClientProtocolClient.java:onNext(254)) - client-09EBABE1B9AF->325d518f-bf0d-428a-814f-266b27e759e4: receive RaftClientReply:client-09EBABE1B9AF->325d518f-bf0d-428a-814f-266b27e759e4@group-9696F0872FC0, cid=3608, SUCCESS, logIndex=5924, commits[325d518f-bf0d-428a-814f-266b27e759e4:c5925]
2019-06-15 10:53:18,501 INFO  client.GrpcClientProtocolClient (GrpcClientProtocolClient.java:onNext(254)) - client-09EBABE1B9AF->325d518f-bf0d-428a-814f-266b27e759e4: receive RaftClientReply:client-09EBABE1B9AF->325d518f-bf0d-428a-814f-266b27e759e4@group-9696F0872FC0, cid=3609, SUCCESS, logIndex=5926, commits[325d518f-bf0d-428a-814f-266b27e759e4:c5926]
2019-06-15 10:53:18,502 INFO  client.GrpcClientProtocolClient (GrpcClientProtocolClient.java:onNext(254)) - client-09EBABE1B9AF->325d518f-bf0d-428a-814f-266b27e759e4: receive RaftClientReply:client-09EBABE1B9AF->325d518f-bf0d-428a-814f-266b27e759e4@group-9696F0872FC0, cid=3610, SUCCESS, logIndex=5928, commits[325d518f-bf0d-428a-814f-266b27e759e4:c5928]
2019-06-15 10:53:18,503 INFO  client.GrpcClientProtocolClient (GrpcClientProtocolClient.java:onNext(254)) - client-09EBABE1B9AF->325d518f-bf0d-428a-814f-266b27e759e4: receive RaftClientReply:client-09EBABE1B9AF->325d518f-bf0d-428a-814f-266b27e759e4@group-9696F0872FC0, cid=3611, SUCCESS, logIndex=5929, commits[325d518f-bf0d-428a-814f-266b27e759e4:c5931]
2019-06-15 10:53:18,504 INFO  client.GrpcClientProtocolClient (GrpcClientProtocolClient.java:onNext(254)) - client-09EBABE1B9AF->325d518f-bf0d-428a-814f-266b27e759e4: receive RaftClientReply:client-09EBABE1B9AF->325d518f-bf0d-428a-814f-266b27e759e4@group-9696F0872FC0, cid=3612, SUCCESS, logIndex=5930, commits[325d518f-bf0d-428a-814f-266b27e759e4:c5931]
2019-06-15 10:53:18,508 INFO  client.GrpcClientProtocolClient (GrpcClientProtocolClient.java:onNext(254)) - client-09EBABE1B9AF->325d518f-bf0d-428a-814f-266b27e759e4: receive RaftClientReply:client-09EBABE1B9AF->325d518f-bf0d-428a-814f-266b27e759e4@group-9696F0872FC0, cid=3613, SUCCESS, logIndex=5932, commits[325d518f-bf0d-428a-814f-266b27e759e4:c5932]
2019-06-15 10:53:18,509 INFO  storage.RaftLogWorker (RaftLogWorker.java:rollLogSegment(303)) - 325d518f-bf0d-428a-814f-266b27e759e4-RaftLogWorker: Rolling segment log-5870_5935 to index:5935
2019-06-15 10:53:18,510 INFO  storage.RaftLogWorker (RaftLogWorker.java:execute(433)) - 325d518f-bf0d-428a-814f-266b27e759e4-RaftLogWorker: Rolled log segment from /opt/src/hadoop-ozone/integration-test/target/test-dir/MiniOzoneClusterImpl-dd99cefe-9779-4043-9d74-181b69d2a827/datanode-0/data/ratis/e0f1d9ef-e225-4b24-a786-9696f0872fc0/current/log_inprogress_5870 to /opt/src/hadoop-ozone/integration-test/target/test-dir/MiniOzoneClusterImpl-dd99cefe-9779-4043-9d74-181b69d2a827/datanode-0/data/ratis/e0f1d9ef-e225-4b24-a786-9696f0872fc0/current/log_5870-5935
2019-06-15 10:53:18,514 INFO  client.GrpcClientProtocolClient (GrpcClientProtocolClient.java:onNext(254)) - client-09EBABE1B9AF->325d518f-bf0d-428a-814f-266b27e759e4: receive RaftClientReply:client-09EBABE1B9AF->325d518f-bf0d-428a-814f-266b27e759e4@group-9696F0872FC0, cid=3614, SUCCESS, logIndex=5934, commits[325d518f-bf0d-428a-814f-266b27e759e4:c5934]
2019-06-15 10:53:18,515 INFO  client.GrpcClientProtocolClient (GrpcClientProtocolClient.java:onNext(254)) - client-09EBABE1B9AF->325d518f-bf0d-428a-814f-266b27e759e4: receive RaftClientReply:client-09EBABE1B9AF->325d518f-bf0d-428a-814f-266b27e759e4@group-9696F0872FC0, cid=3615, SUCCESS, logIndex=5935, commits[325d518f-bf0d-428a-814f-266b27e759e4:c5935]
2019-06-15 10:53:18,549 DEBUG block.SCMBlockDeletingService (SCMBlockDeletingService.java:call(138)) - Running DeletedBlockTransactionScanner
2019-06-15 10:53:18,549 DEBUG block.SCMBlockDeletingService (SCMBlockDeletingService.java:call(155)) - Scanned deleted blocks log and got 0 delTX to process.
2019-06-15 10:53:18,550 INFO  storage.RaftLogWorker (RaftLogWorker.java:execute(469)) - 325d518f-bf0d-428a-814f-266b27e759e4-RaftLogWorker: created new log segment /opt/src/hadoop-ozone/integration-test/target/test-dir/MiniOzoneClusterImpl-dd99cefe-9779-4043-9d74-181b69d2a827/datanode-0/data/ratis/e0f1d9ef-e225-4b24-a786-9696f0872fc0/current/log_inprogress_5936
2019-06-15 10:53:18,551 INFO  client.GrpcClientProtocolClient (GrpcClientProtocolClient.java:onNext(254)) - client-09EBABE1B9AF->325d518f-bf0d-428a-814f-266b27e759e4: receive RaftClientReply:client-09EBABE1B9AF->325d518f-bf0d-428a-814f-266b27e759e4@group-9696F0872FC0, cid=3616, SUCCESS, logIndex=5936, commits[325d518f-bf0d-428a-814f-266b27e759e4:c5938]
2019-06-15 10:53:18,561 INFO  client.GrpcClientProtocolClient (GrpcClientProtocolClient.java:onNext(254)) - client-09EBABE1B9AF->325d518f-bf0d-428a-814f-266b27e759e4: receive RaftClientReply:client-09EBABE1B9AF->325d518f-bf0d-428a-814f-266b27e759e4@group-9696F0872FC0, cid=3617, SUCCESS, logIndex=5939, commits[325d518f-bf0d-428a-814f-266b27e759e4:c5939]
2019-06-15 10:53:18,562 INFO  client.GrpcClientProtocolClient (GrpcClientProtocolClient.java:onNext(254)) - client-09EBABE1B9AF->325d518f-bf0d-428a-814f-266b27e759e4: receive RaftClientReply:client-09EBABE1B9AF->325d518f-bf0d-428a-814f-266b27e759e4@group-9696F0872FC0, cid=3618, SUCCESS, logIndex=5941, commits[325d518f-bf0d-428a-814f-266b27e759e4:c5941]
2019-06-15 10:53:18,563 INFO  client.GrpcClientProtocolClient (GrpcClientProtocolClient.java:onNext(254)) - client-09EBABE1B9AF->325d518f-bf0d-428a-814f-266b27e759e4: receive RaftClientReply:client-09EBABE1B9AF->325d518f-bf0d-428a-814f-266b27e759e4@group-9696F0872FC0, cid=3619, SUCCESS, logIndex=5942, commits[325d518f-bf0d-428a-814f-266b27e759e4:c5944]
2019-06-15 10:53:18,563 INFO  client.GrpcClientProtocolClient (GrpcClientProtocolClient.java:onNext(254)) - client-09EBABE1B9AF->325d518f-bf0d-428a-814f-266b27e759e4: receive RaftClientReply:client-09EBABE1B9AF->325d518f-bf0d-428a-814f-266b27e759e4@group-9696F0872FC0, cid=3620, SUCCESS, logIndex=5943, commits[325d518f-bf0d-428a-814f-266b27e759e4:c5944]
2019-06-15 10:53:18,568 INFO  client.GrpcClientProtocolClient (GrpcClientProtocolClient.java:onNext(254)) - client-09EBABE1B9AF->325d518f-bf0d-428a-814f-266b27e759e4: receive RaftClientReply:client-09EBABE1B9AF->325d518f-bf0d-428a-814f-266b27e759e4@group-9696F0872FC0, cid=3621, SUCCESS, logIndex=5945, commits[325d518f-bf0d-428a-814f-266b27e759e4:c5945]
2019-06-15 10:53:18,570 INFO  client.GrpcClientProtocolClient (GrpcClientProtocolClient.java:onNext(254)) - client-09EBABE1B9AF->325d518f-bf0d-428a-814f-266b27e759e4: receive RaftClientReply:client-09EBABE1B9AF->325d518f-bf0d-428a-814f-266b27e759e4@group-9696F0872FC0, cid=3622, SUCCESS, logIndex=5947, commits[325d518f-bf0d-428a-814f-266b27e759e4:c5947]
2019-06-15 10:53:18,571 INFO  client.GrpcClientProtocolClient (GrpcClientProtocolClient.java:onNext(254)) - client-09EBABE1B9AF->325d518f-bf0d-428a-814f-266b27e759e4: receive RaftClientReply:client-09EBABE1B9AF->325d518f-bf0d-428a-814f-266b27e759e4@group-9696F0872FC0, cid=3623, SUCCESS, logIndex=5948, commits[325d518f-bf0d-428a-814f-266b27e759e4:c5950]
2019-06-15 10:53:18,571 INFO  client.GrpcClientProtocolClient (GrpcClientProtocolClient.java:onNext(254)) - client-09EBABE1B9AF->325d518f-bf0d-428a-814f-266b27e759e4: receive RaftClientReply:client-09EBABE1B9AF->325d518f-bf0d-428a-814f-266b27e759e4@group-9696F0872FC0, cid=3624, SUCCESS, logIndex=5949, commits[325d518f-bf0d-428a-814f-266b27e759e4:c5950]
2019-06-15 10:53:18,681 DEBUG block.SCMBlockDeletingService (SCMBlockDeletingService.java:call(138)) - Running DeletedBlockTransactionScanner
2019-06-15 10:53:18,681 DEBUG block.SCMBlockDeletingService (SCMBlockDeletingService.java:call(155)) - Scanned deleted blocks log and got 0 delTX to process.
2019-06-15 10:53:18,691 INFO  client.GrpcClientProtocolClient (GrpcClientProtocolClient.java:onNext(254)) - client-09EBABE1B9AF->325d518f-bf0d-428a-814f-266b27e759e4: receive RaftClientReply:client-09EBABE1B9AF->325d518f-bf0d-428a-814f-266b27e759e4@group-9696F0872FC0, cid=3625, SUCCESS, logIndex=5951, commits[325d518f-bf0d-428a-814f-266b27e759e4:c5951]
2019-06-15 10:53:18,693 INFO  client.GrpcClientProtocolClient (GrpcClientProtocolClient.java:onNext(254)) - client-09EBABE1B9AF->325d518f-bf0d-428a-814f-266b27e759e4: receive RaftClientReply:client-09EBABE1B9AF->325d518f-bf0d-428a-814f-266b27e759e4@group-9696F0872FC0, cid=3626, SUCCESS, logIndex=5953, commits[325d518f-bf0d-428a-814f-266b27e759e4:c5953]
2019-06-15 10:53:18,695 INFO  client.GrpcClientProtocolClient (GrpcClientProtocolClient.java:onNext(254)) - client-09EBABE1B9AF->325d518f-bf0d-428a-814f-266b27e759e4: receive RaftClientReply:client-09EBABE1B9AF->325d518f-bf0d-428a-814f-266b27e759e4@group-9696F0872FC0, cid=3627, SUCCESS, logIndex=5955, commits[325d518f-bf0d-428a-814f-266b27e759e4:c5956]
2019-06-15 10:53:18,695 INFO  client.GrpcClientProtocolClient (GrpcClientProtocolClient.java:onNext(254)) - client-09EBABE1B9AF->325d518f-bf0d-428a-814f-266b27e759e4: receive RaftClientReply:client-09EBABE1B9AF->325d518f-bf0d-428a-814f-266b27e759e4@group-9696F0872FC0, cid=3628, SUCCESS, logIndex=5956, commits[325d518f-bf0d-428a-814f-266b27e759e4:c5956]
2019-06-15 10:53:18,700 INFO  client.GrpcClientProtocolClient (GrpcClientProtocolClient.java:onNext(254)) - client-09EBABE1B9AF->325d518f-bf0d-428a-814f-266b27e759e4: receive RaftClientReply:client-09EBABE1B9AF->325d518f-bf0d-428a-814f-266b27e759e4@group-9696F0872FC0, cid=3629, SUCCESS, logIndex=5958, commits[325d518f-bf0d-428a-814f-266b27e759e4:c5958]
2019-06-15 10:53:18,701 INFO  client.GrpcClientProtocolClient (GrpcClientProtocolClient.java:onNext(254)) - client-09EBABE1B9AF->325d518f-bf0d-428a-814f-266b27e759e4: receive RaftClientReply:client-09EBABE1B9AF->325d518f-bf0d-428a-814f-266b27e759e4@group-9696F0872FC0, cid=3630, SUCCESS, logIndex=5960, commits[325d518f-bf0d-428a-814f-266b27e759e4:c5960]
2019-06-15 10:53:18,702 INFO  client.GrpcClientProtocolClient (GrpcClientProtocolClient.java:onNext(254)) - client-09EBABE1B9AF->325d518f-bf0d-428a-814f-266b27e759e4: receive RaftClientReply:client-09EBABE1B9AF->325d518f-bf0d-428a-814f-266b27e759e4@group-9696F0872FC0, cid=3631, SUCCESS, logIndex=5961, commits[325d518f-bf0d-428a-814f-266b27e759e4:c5963]
2019-06-15 10:53:18,703 INFO  client.GrpcClientProtocolClient (GrpcClientProtocolClient.java:onNext(254)) - client-09EBABE1B9AF->325d518f-bf0d-428a-814f-266b27e759e4: receive RaftClientReply:client-09EBABE1B9AF->325d518f-bf0d-428a-814f-266b27e759e4@group-9696F0872FC0, cid=3632, SUCCESS, logIndex=5962, commits[325d518f-bf0d-428a-814f-266b27e759e4:c5963]
2019-06-15 10:53:18,712 INFO  client.GrpcClientProtocolClient (GrpcClientProtocolClient.java:onNext(254)) - client-09EBABE1B9AF->325d518f-bf0d-428a-814f-266b27e759e4: receive RaftClientReply:client-09EBABE1B9AF->325d518f-bf0d-428a-814f-266b27e759e4@group-9696F0872FC0, cid=3633, SUCCESS, logIndex=5964, commits[325d518f-bf0d-428a-814f-266b27e759e4:c5964]
2019-06-15 10:53:18,713 INFO  client.GrpcClientProtocolClient (GrpcClientProtocolClient.java:onNext(254)) - client-09EBABE1B9AF->325d518f-bf0d-428a-814f-266b27e759e4: receive RaftClientReply:client-09EBABE1B9AF->325d518f-bf0d-428a-814f-266b27e759e4@group-9696F0872FC0, cid=3634, SUCCESS, logIndex=5966, commits[325d518f-bf0d-428a-814f-266b27e759e4:c5966]
2019-06-15 10:53:18,714 INFO  client.GrpcClientProtocolClient (GrpcClientProtocolClient.java:onNext(254)) - client-09EBABE1B9AF->325d518f-bf0d-428a-814f-266b27e759e4: receive RaftClientReply:client-09EBABE1B9AF->325d518f-bf0d-428a-814f-266b27e759e4@group-9696F0872FC0, cid=3635, SUCCESS, logIndex=5967, commits[325d518f-bf0d-428a-814f-266b27e759e4:c5969]
2019-06-15 10:53:18,715 INFO  client.GrpcClientProtocolClient (GrpcClientProtocolClient.java:onNext(254)) - client-09EBABE1B9AF->325d518f-bf0d-428a-814f-266b27e759e4: receive RaftClientReply:client-09EBABE1B9AF->325d518f-bf0d-428a-814f-266b27e759e4@group-9696F0872FC0, cid=3636, SUCCESS, logIndex=5968, commits[325d518f-bf0d-428a-814f-266b27e759e4:c5969]
2019-06-15 10:53:18,719 INFO  client.GrpcClientProtocolClient (GrpcClientProtocolClient.java:onNext(254)) - client-09EBABE1B9AF->325d518f-bf0d-428a-814f-266b27e759e4: receive RaftClientReply:client-09EBABE1B9AF->325d518f-bf0d-428a-814f-266b27e759e4@group-9696F0872FC0, cid=3637, SUCCESS, logIndex=5970, commits[325d518f-bf0d-428a-814f-266b27e759e4:c5970]
2019-06-15 10:53:18,720 INFO  client.GrpcClientProtocolClient (GrpcClientProtocolClient.java:onNext(254)) - client-09EBABE1B9AF->325d518f-bf0d-428a-814f-266b27e759e4: receive RaftClientReply:client-09EBABE1B9AF->325d518f-bf0d-428a-814f-266b27e759e4@group-9696F0872FC0, cid=3638, SUCCESS, logIndex=5972, commits[325d518f-bf0d-428a-814f-266b27e759e4:c5972]
2019-06-15 10:53:18,721 INFO  client.GrpcClientProtocolClient (GrpcClientProtocolClient.java:onNext(254)) - client-09EBABE1B9AF->325d518f-bf0d-428a-814f-266b27e759e4: receive RaftClientReply:client-09EBABE1B9AF->325d518f-bf0d-428a-814f-266b27e759e4@group-9696F0872FC0, cid=3639, SUCCESS, logIndex=5973, commits[325d518f-bf0d-428a-814f-266b27e759e4:c5975]
2019-06-15 10:53:18,722 INFO  client.GrpcClientProtocolClient (GrpcClientProtocolClient.java:onNext(254)) - client-09EBABE1B9AF->325d518f-bf0d-428a-814f-266b27e759e4: receive RaftClientReply:client-09EBABE1B9AF->325d518f-bf0d-428a-814f-266b27e759e4@group-9696F0872FC0, cid=3640, SUCCESS, logIndex=5974, commits[325d518f-bf0d-428a-814f-266b27e759e4:c5975]
2019-06-15 10:53:18,732 INFO  client.GrpcClientProtocolClient (GrpcClientProtocolClient.java:onNext(254)) - client-09EBABE1B9AF->325d518f-bf0d-428a-814f-266b27e759e4: receive RaftClientReply:client-09EBABE1B9AF->325d518f-bf0d-428a-814f-266b27e759e4@group-9696F0872FC0, cid=3641, SUCCESS, logIndex=5976, commits[325d518f-bf0d-428a-814f-266b27e759e4:c5976]
2019-06-15 10:53:18,734 INFO  client.GrpcClientProtocolClient (GrpcClientProtocolClient.java:onNext(254)) - client-09EBABE1B9AF->325d518f-bf0d-428a-814f-266b27e759e4: receive RaftClientReply:client-09EBABE1B9AF->325d518f-bf0d-428a-814f-266b27e759e4@group-9696F0872FC0, cid=3642, SUCCESS, logIndex=5978, commits[325d518f-bf0d-428a-814f-266b27e759e4:c5978]
2019-06-15 10:53:18,735 INFO  client.GrpcClientProtocolClient (GrpcClientProtocolClient.java:onNext(254)) - client-09EBABE1B9AF->325d518f-bf0d-428a-814f-266b27e759e4: receive RaftClientReply:client-09EBABE1B9AF->325d518f-bf0d-428a-814f-266b27e759e4@group-9696F0872FC0, cid=3643, SUCCESS, logIndex=5979, commits[325d518f-bf0d-428a-814f-266b27e759e4:c5980]
2019-06-15 10:53:18,735 INFO  client.GrpcClientProtocolClient (GrpcClientProtocolClient.java:onNext(254)) - client-09EBABE1B9AF->325d518f-bf0d-428a-814f-266b27e759e4: receive RaftClientReply:client-09EBABE1B9AF->325d518f-bf0d-428a-814f-266b27e759e4@group-9696F0872FC0, cid=3644, SUCCESS, logIndex=5980, commits[325d518f-bf0d-428a-814f-266b27e759e4:c5980]
2019-06-15 10:53:18,740 INFO  client.GrpcClientProtocolClient (GrpcClientProtocolClient.java:onNext(254)) - client-09EBABE1B9AF->325d518f-bf0d-428a-814f-266b27e759e4: receive RaftClientReply:client-09EBABE1B9AF->325d518f-bf0d-428a-814f-266b27e759e4@group-9696F0872FC0, cid=3645, SUCCESS, logIndex=5983, commits[325d518f-bf0d-428a-814f-266b27e759e4:c5983]
2019-06-15 10:53:18,741 INFO  client.GrpcClientProtocolClient (GrpcClientProtocolClient.java:onNext(254)) - client-09EBABE1B9AF->325d518f-bf0d-428a-814f-266b27e759e4: receive RaftClientReply:client-09EBABE1B9AF->325d518f-bf0d-428a-814f-266b27e759e4@group-9696F0872FC0, cid=3646, SUCCESS, logIndex=5985, commits[325d518f-bf0d-428a-814f-266b27e759e4:c5985]
2019-06-15 10:53:18,743 INFO  client.GrpcClientProtocolClient (GrpcClientProtocolClient.java:onNext(254)) - client-09EBABE1B9AF->325d518f-bf0d-428a-814f-266b27e759e4: receive RaftClientReply:client-09EBABE1B9AF->325d518f-bf0d-428a-814f-266b27e759e4@group-9696F0872FC0, cid=3647, SUCCESS, logIndex=5987, commits[325d518f-bf0d-428a-814f-266b27e759e4:c5988]
2019-06-15 10:53:18,744 INFO  client.GrpcClientProtocolClient (GrpcClientProtocolClient.java:onNext(254)) - client-09EBABE1B9AF->325d518f-bf0d-428a-814f-266b27e759e4: receive RaftClientReply:client-09EBABE1B9AF->325d518f-bf0d-428a-814f-266b27e759e4@group-9696F0872FC0, cid=3648, SUCCESS, logIndex=5988, commits[325d518f-bf0d-428a-814f-266b27e759e4:c5988]
2019-06-15 10:53:18,757 INFO  client.GrpcClientProtocolClient (GrpcClientProtocolClient.java:onNext(254)) - client-09EBABE1B9AF->325d518f-bf0d-428a-814f-266b27e759e4: receive RaftClientReply:client-09EBABE1B9AF->325d518f-bf0d-428a-814f-266b27e759e4@group-9696F0872FC0, cid=3649, SUCCESS, logIndex=5990, commits[325d518f-bf0d-428a-814f-266b27e759e4:c5990]
2019-06-15 10:53:18,758 INFO  client.GrpcClientProtocolClient (GrpcClientProtocolClient.java:onNext(254)) - client-09EBABE1B9AF->325d518f-bf0d-428a-814f-266b27e759e4: receive RaftClientReply:client-09EBABE1B9AF->325d518f-bf0d-428a-814f-266b27e759e4@group-9696F0872FC0, cid=3650, SUCCESS, logIndex=5992, commits[325d518f-bf0d-428a-814f-266b27e759e4:c5992]
2019-06-15 10:53:18,760 INFO  client.GrpcClientProtocolClient (GrpcClientProtocolClient.java:onNext(254)) - client-09EBABE1B9AF->325d518f-bf0d-428a-814f-266b27e759e4: receive RaftClientReply:client-09EBABE1B9AF->325d518f-bf0d-428a-814f-266b27e759e4@group-9696F0872FC0, cid=3651, SUCCESS, logIndex=5993, commits[325d518f-bf0d-428a-814f-266b27e759e4:c5995]
2019-06-15 10:53:18,760 INFO  client.GrpcClientProtocolClient (GrpcClientProtocolClient.java:onNext(254)) - client-09EBABE1B9AF->325d518f-bf0d-428a-814f-266b27e759e4: receive RaftClientReply:client-09EBABE1B9AF->325d518f-bf0d-428a-814f-266b27e759e4@group-9696F0872FC0, cid=3652, SUCCESS, logIndex=5994, commits[325d518f-bf0d-428a-814f-266b27e759e4:c5995]
2019-06-15 10:53:18,765 INFO  client.GrpcClientProtocolClient (GrpcClientProtocolClient.java:onNext(254)) - client-09EBABE1B9AF->325d518f-bf0d-428a-814f-266b27e759e4: receive RaftClientReply:client-09EBABE1B9AF->325d518f-bf0d-428a-814f-266b27e759e4@group-9696F0872FC0, cid=3653, SUCCESS, logIndex=5996, commits[325d518f-bf0d-428a-814f-266b27e759e4:c5996]
2019-06-15 10:53:18,767 INFO  client.GrpcClientProtocolClient (GrpcClientProtocolClient.java:onNext(254)) - client-09EBABE1B9AF->325d518f-bf0d-428a-814f-266b27e759e4: receive RaftClientReply:client-09EBABE1B9AF->325d518f-bf0d-428a-814f-266b27e759e4@group-9696F0872FC0, cid=3654, SUCCESS, logIndex=5998, commits[325d518f-bf0d-428a-814f-266b27e759e4:c5998]
2019-06-15 10:53:18,768 INFO  client.GrpcClientProtocolClient (GrpcClientProtocolClient.java:onNext(254)) - client-09EBABE1B9AF->325d518f-bf0d-428a-814f-266b27e759e4: receive RaftClientReply:client-09EBABE1B9AF->325d518f-bf0d-428a-814f-266b27e759e4@group-9696F0872FC0, cid=3655, SUCCESS, logIndex=5999, commits[325d518f-bf0d-428a-814f-266b27e759e4:c6001]
2019-06-15 10:53:18,768 INFO  client.GrpcClientProtocolClient (GrpcClientProtocolClient.java:onNext(254)) - client-09EBABE1B9AF->325d518f-bf0d-428a-814f-266b27e759e4: receive RaftClientReply:client-09EBABE1B9AF->325d518f-bf0d-428a-814f-266b27e759e4@group-9696F0872FC0, cid=3656, SUCCESS, logIndex=6000, commits[325d518f-bf0d-428a-814f-266b27e759e4:c6001]
2019-06-15 10:53:18,779 INFO  client.GrpcClientProtocolClient (GrpcClientProtocolClient.java:onNext(254)) - client-09EBABE1B9AF->325d518f-bf0d-428a-814f-266b27e759e4: receive RaftClientReply:client-09EBABE1B9AF->325d518f-bf0d-428a-814f-266b27e759e4@group-9696F0872FC0, cid=3657, SUCCESS, logIndex=6002, commits[325d518f-bf0d-428a-814f-266b27e759e4:c6002]
2019-06-15 10:53:18,779 INFO  storage.RaftLogWorker (RaftLogWorker.java:rollLogSegment(303)) - 325d518f-bf0d-428a-814f-266b27e759e4-RaftLogWorker: Rolling segment log-5936_6004 to index:6004
2019-06-15 10:53:18,780 INFO  storage.RaftLogWorker (RaftLogWorker.java:execute(433)) - 325d518f-bf0d-428a-814f-266b27e759e4-RaftLogWorker: Rolled log segment from /opt/src/hadoop-ozone/integration-test/target/test-dir/MiniOzoneClusterImpl-dd99cefe-9779-4043-9d74-181b69d2a827/datanode-0/data/ratis/e0f1d9ef-e225-4b24-a786-9696f0872fc0/current/log_inprogress_5936 to /opt/src/hadoop-ozone/integration-test/target/test-dir/MiniOzoneClusterImpl-dd99cefe-9779-4043-9d74-181b69d2a827/datanode-0/data/ratis/e0f1d9ef-e225-4b24-a786-9696f0872fc0/current/log_5936-6004
2019-06-15 10:53:18,782 DEBUG block.SCMBlockDeletingService (SCMBlockDeletingService.java:call(138)) - Running DeletedBlockTransactionScanner
2019-06-15 10:53:18,782 DEBUG block.SCMBlockDeletingService (SCMBlockDeletingService.java:call(155)) - Scanned deleted blocks log and got 0 delTX to process.
2019-06-15 10:53:18,783 INFO  client.GrpcClientProtocolClient (GrpcClientProtocolClient.java:onNext(254)) - client-09EBABE1B9AF->325d518f-bf0d-428a-814f-266b27e759e4: receive RaftClientReply:client-09EBABE1B9AF->325d518f-bf0d-428a-814f-266b27e759e4@group-9696F0872FC0, cid=3658, SUCCESS, logIndex=6004, commits[325d518f-bf0d-428a-814f-266b27e759e4:c6004]
2019-06-15 10:53:18,816 INFO  storage.RaftLogWorker (RaftLogWorker.java:execute(469)) - 325d518f-bf0d-428a-814f-266b27e759e4-RaftLogWorker: created new log segment /opt/src/hadoop-ozone/integration-test/target/test-dir/MiniOzoneClusterImpl-dd99cefe-9779-4043-9d74-181b69d2a827/datanode-0/data/ratis/e0f1d9ef-e225-4b24-a786-9696f0872fc0/current/log_inprogress_6005
2019-06-15 10:53:18,818 INFO  client.GrpcClientProtocolClient (GrpcClientProtocolClient.java:onNext(254)) - client-09EBABE1B9AF->325d518f-bf0d-428a-814f-266b27e759e4: receive RaftClientReply:client-09EBABE1B9AF->325d518f-bf0d-428a-814f-266b27e759e4@group-9696F0872FC0, cid=3659, SUCCESS, logIndex=6005, commits[325d518f-bf0d-428a-814f-266b27e759e4:c6007]
2019-06-15 10:53:18,818 INFO  client.GrpcClientProtocolClient (GrpcClientProtocolClient.java:onNext(254)) - client-09EBABE1B9AF->325d518f-bf0d-428a-814f-266b27e759e4: receive RaftClientReply:client-09EBABE1B9AF->325d518f-bf0d-428a-814f-266b27e759e4@group-9696F0872FC0, cid=3660, SUCCESS, logIndex=6006, commits[325d518f-bf0d-428a-814f-266b27e759e4:c6007]
2019-06-15 10:53:18,823 INFO  client.GrpcClientProtocolClient (GrpcClientProtocolClient.java:onNext(254)) - client-09EBABE1B9AF->325d518f-bf0d-428a-814f-266b27e759e4: receive RaftClientReply:client-09EBABE1B9AF->325d518f-bf0d-428a-814f-266b27e759e4@group-9696F0872FC0, cid=3661, SUCCESS, logIndex=6008, commits[325d518f-bf0d-428a-814f-266b27e759e4:c6008]
2019-06-15 10:53:18,825 INFO  client.GrpcClientProtocolClient (GrpcClientProtocolClient.java:onNext(254)) - client-09EBABE1B9AF->325d518f-bf0d-428a-814f-266b27e759e4: receive RaftClientReply:client-09EBABE1B9AF->325d518f-bf0d-428a-814f-266b27e759e4@group-9696F0872FC0, cid=3662, SUCCESS, logIndex=6010, commits[325d518f-bf0d-428a-814f-266b27e759e4:c6010]
2019-06-15 10:53:18,826 INFO  client.GrpcClientProtocolClient (GrpcClientProtocolClient.java:onNext(254)) - client-09EBABE1B9AF->325d518f-bf0d-428a-814f-266b27e759e4: receive RaftClientReply:client-09EBABE1B9AF->325d518f-bf0d-428a-814f-266b27e759e4@group-9696F0872FC0, cid=3663, SUCCESS, logIndex=6011, commits[325d518f-bf0d-428a-814f-266b27e759e4:c6013]
2019-06-15 10:53:18,826 INFO  client.GrpcClientProtocolClient (GrpcClientProtocolClient.java:onNext(254)) - client-09EBABE1B9AF->325d518f-bf0d-428a-814f-266b27e759e4: receive RaftClientReply:client-09EBABE1B9AF->325d518f-bf0d-428a-814f-266b27e759e4@group-9696F0872FC0, cid=3664, SUCCESS, logIndex=6012, commits[325d518f-bf0d-428a-814f-266b27e759e4:c6013]
2019-06-15 10:53:18,836 INFO  client.GrpcClientProtocolClient (GrpcClientProtocolClient.java:onNext(254)) - client-09EBABE1B9AF->325d518f-bf0d-428a-814f-266b27e759e4: receive RaftClientReply:client-09EBABE1B9AF->325d518f-bf0d-428a-814f-266b27e759e4@group-9696F0872FC0, cid=3665, SUCCESS, logIndex=6014, commits[325d518f-bf0d-428a-814f-266b27e759e4:c6014]
2019-06-15 10:53:18,837 INFO  client.GrpcClientProtocolClient (GrpcClientProtocolClient.java:onNext(254)) - client-09EBABE1B9AF->325d518f-bf0d-428a-814f-266b27e759e4: receive RaftClientReply:client-09EBABE1B9AF->325d518f-bf0d-428a-814f-266b27e759e4@group-9696F0872FC0, cid=3666, SUCCESS, logIndex=6016, commits[325d518f-bf0d-428a-814f-266b27e759e4:c6016]
2019-06-15 10:53:18,838 INFO  client.GrpcClientProtocolClient (GrpcClientProtocolClient.java:onNext(254)) - client-09EBABE1B9AF->325d518f-bf0d-428a-814f-266b27e759e4: receive RaftClientReply:client-09EBABE1B9AF->325d518f-bf0d-428a-814f-266b27e759e4@group-9696F0872FC0, cid=3667, SUCCESS, logIndex=6017, commits[325d518f-bf0d-428a-814f-266b27e759e4:c6019]
2019-06-15 10:53:18,838 INFO  client.GrpcClientProtocolClient (GrpcClientProtocolClient.java:onNext(254)) - client-09EBABE1B9AF->325d518f-bf0d-428a-814f-266b27e759e4: receive RaftClientReply:client-09EBABE1B9AF->325d518f-bf0d-428a-814f-266b27e759e4@group-9696F0872FC0, cid=3668, SUCCESS, logIndex=6018, commits[325d518f-bf0d-428a-814f-266b27e759e4:c6019]
2019-06-15 10:53:18,882 DEBUG block.SCMBlockDeletingService (SCMBlockDeletingService.java:call(138)) - Running DeletedBlockTransactionScanner
2019-06-15 10:53:18,882 DEBUG block.SCMBlockDeletingService (SCMBlockDeletingService.java:call(155)) - Scanned deleted blocks log and got 0 delTX to process.
2019-06-15 10:53:18,908 INFO  client.GrpcClientProtocolClient (GrpcClientProtocolClient.java:onNext(254)) - client-09EBABE1B9AF->325d518f-bf0d-428a-814f-266b27e759e4: receive RaftClientReply:client-09EBABE1B9AF->325d518f-bf0d-428a-814f-266b27e759e4@group-9696F0872FC0, cid=3669, SUCCESS, logIndex=6020, commits[325d518f-bf0d-428a-814f-266b27e759e4:c6020]
2019-06-15 10:53:18,909 INFO  client.GrpcClientProtocolClient (GrpcClientProtocolClient.java:onNext(254)) - client-09EBABE1B9AF->325d518f-bf0d-428a-814f-266b27e759e4: receive RaftClientReply:client-09EBABE1B9AF->325d518f-bf0d-428a-814f-266b27e759e4@group-9696F0872FC0, cid=3670, SUCCESS, logIndex=6022, commits[325d518f-bf0d-428a-814f-266b27e759e4:c6022]
2019-06-15 10:53:18,911 INFO  client.GrpcClientProtocolClient (GrpcClientProtocolClient.java:onNext(254)) - client-09EBABE1B9AF->325d518f-bf0d-428a-814f-266b27e759e4: receive RaftClientReply:client-09EBABE1B9AF->325d518f-bf0d-428a-814f-266b27e759e4@group-9696F0872FC0, cid=3671, SUCCESS, logIndex=6023, commits[325d518f-bf0d-428a-814f-266b27e759e4:c6025]
2019-06-15 10:53:18,911 INFO  client.GrpcClientProtocolClient (GrpcClientProtocolClient.java:onNext(254)) - client-09EBABE1B9AF->325d518f-bf0d-428a-814f-266b27e759e4: receive RaftClientReply:client-09EBABE1B9AF->325d518f-bf0d-428a-814f-266b27e759e4@group-9696F0872FC0, cid=3672, SUCCESS, logIndex=6024, commits[325d518f-bf0d-428a-814f-266b27e759e4:c6025]
2019-06-15 10:53:18,920 INFO  client.GrpcClientProtocolClient (GrpcClientProtocolClient.java:onNext(254)) - client-09EBABE1B9AF->325d518f-bf0d-428a-814f-266b27e759e4: receive RaftClientReply:client-09EBABE1B9AF->325d518f-bf0d-428a-814f-266b27e759e4@group-9696F0872FC0, cid=3673, SUCCESS, logIndex=6026, commits[325d518f-bf0d-428a-814f-266b27e759e4:c6026]
2019-06-15 10:53:18,922 INFO  client.GrpcClientProtocolClient (GrpcClientProtocolClient.java:onNext(254)) - client-09EBABE1B9AF->325d518f-bf0d-428a-814f-266b27e759e4: receive RaftClientReply:client-09EBABE1B9AF->325d518f-bf0d-428a-814f-266b27e759e4@group-9696F0872FC0, cid=3674, SUCCESS, logIndex=6028, commits[325d518f-bf0d-428a-814f-266b27e759e4:c6028]
2019-06-15 10:53:18,923 INFO  client.GrpcClientProtocolClient (GrpcClientProtocolClient.java:onNext(254)) - client-09EBABE1B9AF->325d518f-bf0d-428a-814f-266b27e759e4: receive RaftClientReply:client-09EBABE1B9AF->325d518f-bf0d-428a-814f-266b27e759e4@group-9696F0872FC0, cid=3675, SUCCESS, logIndex=6029, commits[325d518f-bf0d-428a-814f-266b27e759e4:c6031]
2019-06-15 10:53:18,923 INFO  client.GrpcClientProtocolClient (GrpcClientProtocolClient.java:onNext(254)) - client-09EBABE1B9AF->325d518f-bf0d-428a-814f-266b27e759e4: receive RaftClientReply:client-09EBABE1B9AF->325d518f-bf0d-428a-814f-266b27e759e4@group-9696F0872FC0, cid=3676, SUCCESS, logIndex=6030, commits[325d518f-bf0d-428a-814f-266b27e759e4:c6031]
2019-06-15 10:53:18,927 INFO  client.GrpcClientProtocolClient (GrpcClientProtocolClient.java:onNext(254)) - client-09EBABE1B9AF->325d518f-bf0d-428a-814f-266b27e759e4: receive RaftClientReply:client-09EBABE1B9AF->325d518f-bf0d-428a-814f-266b27e759e4@group-9696F0872FC0, cid=3677, SUCCESS, logIndex=6032, commits[325d518f-bf0d-428a-814f-266b27e759e4:c6032]
2019-06-15 10:53:18,928 INFO  client.GrpcClientProtocolClient (GrpcClientProtocolClient.java:onNext(254)) - client-09EBABE1B9AF->325d518f-bf0d-428a-814f-266b27e759e4: receive RaftClientReply:client-09EBABE1B9AF->325d518f-bf0d-428a-814f-266b27e759e4@group-9696F0872FC0, cid=3678, SUCCESS, logIndex=6034, commits[325d518f-bf0d-428a-814f-266b27e759e4:c6034]
2019-06-15 10:53:18,930 INFO  client.GrpcClientProtocolClient (GrpcClientProtocolClient.java:onNext(254)) - client-09EBABE1B9AF->325d518f-bf0d-428a-814f-266b27e759e4: receive RaftClientReply:client-09EBABE1B9AF->325d518f-bf0d-428a-814f-266b27e759e4@group-9696F0872FC0, cid=3679, SUCCESS, logIndex=6035, commits[325d518f-bf0d-428a-814f-266b27e759e4:c6037]
2019-06-15 10:53:18,930 INFO  client.GrpcClientProtocolClient (GrpcClientProtocolClient.java:onNext(254)) - client-09EBABE1B9AF->325d518f-bf0d-428a-814f-266b27e759e4: receive RaftClientReply:client-09EBABE1B9AF->325d518f-bf0d-428a-814f-266b27e759e4@group-9696F0872FC0, cid=3680, SUCCESS, logIndex=6036, commits[325d518f-bf0d-428a-814f-266b27e759e4:c6037]
2019-06-15 10:53:18,939 INFO  client.GrpcClientProtocolClient (GrpcClientProtocolClient.java:onNext(254)) - client-09EBABE1B9AF->325d518f-bf0d-428a-814f-266b27e759e4: receive RaftClientReply:client-09EBABE1B9AF->325d518f-bf0d-428a-814f-266b27e759e4@group-9696F0872FC0, cid=3681, SUCCESS, logIndex=6038, commits[325d518f-bf0d-428a-814f-266b27e759e4:c6038]
2019-06-15 10:53:18,941 INFO  client.GrpcClientProtocolClient (GrpcClientProtocolClient.java:onNext(254)) - client-09EBABE1B9AF->325d518f-bf0d-428a-814f-266b27e759e4: receive RaftClientReply:client-09EBABE1B9AF->325d518f-bf0d-428a-814f-266b27e759e4@group-9696F0872FC0, cid=3682, SUCCESS, logIndex=6040, commits[325d518f-bf0d-428a-814f-266b27e759e4:c6040]
2019-06-15 10:53:18,942 INFO  client.GrpcClientProtocolClient (GrpcClientProtocolClient.java:onNext(254)) - client-09EBABE1B9AF->325d518f-bf0d-428a-814f-266b27e759e4: receive RaftClientReply:client-09EBABE1B9AF->325d518f-bf0d-428a-814f-266b27e759e4@group-9696F0872FC0, cid=3683, SUCCESS, logIndex=6041, commits[325d518f-bf0d-428a-814f-266b27e759e4:c6043]
2019-06-15 10:53:18,942 INFO  client.GrpcClientProtocolClient (GrpcClientProtocolClient.java:onNext(254)) - client-09EBABE1B9AF->325d518f-bf0d-428a-814f-266b27e759e4: receive RaftClientReply:client-09EBABE1B9AF->325d518f-bf0d-428a-814f-266b27e759e4@group-9696F0872FC0, cid=3684, SUCCESS, logIndex=6042, commits[325d518f-bf0d-428a-814f-266b27e759e4:c6043]
2019-06-15 10:53:18,946 INFO  client.GrpcClientProtocolClient (GrpcClientProtocolClient.java:onNext(254)) - client-09EBABE1B9AF->325d518f-bf0d-428a-814f-266b27e759e4: receive RaftClientReply:client-09EBABE1B9AF->325d518f-bf0d-428a-814f-266b27e759e4@group-9696F0872FC0, cid=3685, SUCCESS, logIndex=6044, commits[325d518f-bf0d-428a-814f-266b27e759e4:c6044]
2019-06-15 10:53:18,950 INFO  client.GrpcClientProtocolClient (GrpcClientProtocolClient.java:onNext(254)) - client-09EBABE1B9AF->325d518f-bf0d-428a-814f-266b27e759e4: receive RaftClientReply:client-09EBABE1B9AF->325d518f-bf0d-428a-814f-266b27e759e4@group-9696F0872FC0, cid=3686, SUCCESS, logIndex=6046, commits[325d518f-bf0d-428a-814f-266b27e759e4:c6046]
2019-06-15 10:53:18,950 INFO  client.GrpcClientProtocolClient (GrpcClientProtocolClient.java:onNext(254)) - client-09EBABE1B9AF->325d518f-bf0d-428a-814f-266b27e759e4: receive RaftClientReply:client-09EBABE1B9AF->325d518f-bf0d-428a-814f-266b27e759e4@group-9696F0872FC0, cid=3687, SUCCESS, logIndex=6047, commits[325d518f-bf0d-428a-814f-266b27e759e4:c6049]
2019-06-15 10:53:18,950 INFO  client.GrpcClientProtocolClient (GrpcClientProtocolClient.java:onNext(254)) - client-09EBABE1B9AF->325d518f-bf0d-428a-814f-266b27e759e4: receive RaftClientReply:client-09EBABE1B9AF->325d518f-bf0d-428a-814f-266b27e759e4@group-9696F0872FC0, cid=3688, SUCCESS, logIndex=6048, commits[325d518f-bf0d-428a-814f-266b27e759e4:c6049]
2019-06-15 10:53:18,960 INFO  client.GrpcClientProtocolClient (GrpcClientProtocolClient.java:onNext(254)) - client-09EBABE1B9AF->325d518f-bf0d-428a-814f-266b27e759e4: receive RaftClientReply:client-09EBABE1B9AF->325d518f-bf0d-428a-814f-266b27e759e4@group-9696F0872FC0, cid=3689, SUCCESS, logIndex=6050, commits[325d518f-bf0d-428a-814f-266b27e759e4:c6050]
2019-06-15 10:53:18,961 INFO  client.GrpcClientProtocolClient (GrpcClientProtocolClient.java:onNext(254)) - client-09EBABE1B9AF->325d518f-bf0d-428a-814f-266b27e759e4: receive RaftClientReply:client-09EBABE1B9AF->325d518f-bf0d-428a-814f-266b27e759e4@group-9696F0872FC0, cid=3690, SUCCESS, logIndex=6052, commits[325d518f-bf0d-428a-814f-266b27e759e4:c6052]
2019-06-15 10:53:18,962 INFO  client.GrpcClientProtocolClient (GrpcClientProtocolClient.java:onNext(254)) - client-09EBABE1B9AF->325d518f-bf0d-428a-814f-266b27e759e4: receive RaftClientReply:client-09EBABE1B9AF->325d518f-bf0d-428a-814f-266b27e759e4@group-9696F0872FC0, cid=3691, SUCCESS, logIndex=6053, commits[325d518f-bf0d-428a-814f-266b27e759e4:c6055]
2019-06-15 10:53:18,963 INFO  client.GrpcClientProtocolClient (GrpcClientProtocolClient.java:onNext(254)) - client-09EBABE1B9AF->325d518f-bf0d-428a-814f-266b27e759e4: receive RaftClientReply:client-09EBABE1B9AF->325d518f-bf0d-428a-814f-266b27e759e4@group-9696F0872FC0, cid=3692, SUCCESS, logIndex=6054, commits[325d518f-bf0d-428a-814f-266b27e759e4:c6055]
2019-06-15 10:53:18,968 INFO  client.GrpcClientProtocolClient (GrpcClientProtocolClient.java:onNext(254)) - client-09EBABE1B9AF->325d518f-bf0d-428a-814f-266b27e759e4: receive RaftClientReply:client-09EBABE1B9AF->325d518f-bf0d-428a-814f-266b27e759e4@group-9696F0872FC0, cid=3693, SUCCESS, logIndex=6056, commits[325d518f-bf0d-428a-814f-266b27e759e4:c6056]
2019-06-15 10:53:18,970 INFO  client.GrpcClientProtocolClient (GrpcClientProtocolClient.java:onNext(254)) - client-09EBABE1B9AF->325d518f-bf0d-428a-814f-266b27e759e4: receive RaftClientReply:client-09EBABE1B9AF->325d518f-bf0d-428a-814f-266b27e759e4@group-9696F0872FC0, cid=3694, SUCCESS, logIndex=6058, commits[325d518f-bf0d-428a-814f-266b27e759e4:c6058]
2019-06-15 10:53:18,971 INFO  client.GrpcClientProtocolClient (GrpcClientProtocolClient.java:onNext(254)) - client-09EBABE1B9AF->325d518f-bf0d-428a-814f-266b27e759e4: receive RaftClientReply:client-09EBABE1B9AF->325d518f-bf0d-428a-814f-266b27e759e4@group-9696F0872FC0, cid=3695, SUCCESS, logIndex=6059, commits[325d518f-bf0d-428a-814f-266b27e759e4:c6059]
2019-06-15 10:53:18,971 INFO  client.GrpcClientProtocolClient (GrpcClientProtocolClient.java:onNext(254)) - client-09EBABE1B9AF->325d518f-bf0d-428a-814f-266b27e759e4: receive RaftClientReply:client-09EBABE1B9AF->325d518f-bf0d-428a-814f-266b27e759e4@group-9696F0872FC0, cid=3696, SUCCESS, logIndex=6060, commits[325d518f-bf0d-428a-814f-266b27e759e4:c6061]
2019-06-15 10:53:18,981 INFO  client.GrpcClientProtocolClient (GrpcClientProtocolClient.java:onNext(254)) - client-09EBABE1B9AF->325d518f-bf0d-428a-814f-266b27e759e4: receive RaftClientReply:client-09EBABE1B9AF->325d518f-bf0d-428a-814f-266b27e759e4@group-9696F0872FC0, cid=3697, SUCCESS, logIndex=6063, commits[325d518f-bf0d-428a-814f-266b27e759e4:c6063]
2019-06-15 10:53:18,982 DEBUG block.SCMBlockDeletingService (SCMBlockDeletingService.java:call(138)) - Running DeletedBlockTransactionScanner
2019-06-15 10:53:18,983 DEBUG block.SCMBlockDeletingService (SCMBlockDeletingService.java:call(155)) - Scanned deleted blocks log and got 0 delTX to process.
2019-06-15 10:53:18,983 INFO  client.GrpcClientProtocolClient (GrpcClientProtocolClient.java:onNext(254)) - client-09EBABE1B9AF->325d518f-bf0d-428a-814f-266b27e759e4: receive RaftClientReply:client-09EBABE1B9AF->325d518f-bf0d-428a-814f-266b27e759e4@group-9696F0872FC0, cid=3698, SUCCESS, logIndex=6065, commits[325d518f-bf0d-428a-814f-266b27e759e4:c6065]
2019-06-15 10:53:18,983 INFO  client.GrpcClientProtocolClient (GrpcClientProtocolClient.java:onNext(254)) - client-09EBABE1B9AF->325d518f-bf0d-428a-814f-266b27e759e4: receive RaftClientReply:client-09EBABE1B9AF->325d518f-bf0d-428a-814f-266b27e759e4@group-9696F0872FC0, cid=3699, SUCCESS, logIndex=6066, commits[325d518f-bf0d-428a-814f-266b27e759e4:c6068]
2019-06-15 10:53:18,984 INFO  client.GrpcClientProtocolClient (GrpcClientProtocolClient.java:onNext(254)) - client-09EBABE1B9AF->325d518f-bf0d-428a-814f-266b27e759e4: receive RaftClientReply:client-09EBABE1B9AF->325d518f-bf0d-428a-814f-266b27e759e4@group-9696F0872FC0, cid=3700, SUCCESS, logIndex=6067, commits[325d518f-bf0d-428a-814f-266b27e759e4:c6068]
2019-06-15 10:53:18,989 INFO  client.GrpcClientProtocolClient (GrpcClientProtocolClient.java:onNext(254)) - client-09EBABE1B9AF->325d518f-bf0d-428a-814f-266b27e759e4: receive RaftClientReply:client-09EBABE1B9AF->325d518f-bf0d-428a-814f-266b27e759e4@group-9696F0872FC0, cid=3701, SUCCESS, logIndex=6069, commits[325d518f-bf0d-428a-814f-266b27e759e4:c6069]
2019-06-15 10:53:18,989 INFO  storage.RaftLogWorker (RaftLogWorker.java:rollLogSegment(303)) - 325d518f-bf0d-428a-814f-266b27e759e4-RaftLogWorker: Rolling segment log-6005_6070 to index:6070
2019-06-15 10:53:18,989 INFO  storage.RaftLogWorker (RaftLogWorker.java:execute(433)) - 325d518f-bf0d-428a-814f-266b27e759e4-RaftLogWorker: Rolled log segment from /opt/src/hadoop-ozone/integration-test/target/test-dir/MiniOzoneClusterImpl-dd99cefe-9779-4043-9d74-181b69d2a827/datanode-0/data/ratis/e0f1d9ef-e225-4b24-a786-9696f0872fc0/current/log_inprogress_6005 to /opt/src/hadoop-ozone/integration-test/target/test-dir/MiniOzoneClusterImpl-dd99cefe-9779-4043-9d74-181b69d2a827/datanode-0/data/ratis/e0f1d9ef-e225-4b24-a786-9696f0872fc0/current/log_6005-6070
2019-06-15 10:53:19,029 INFO  storage.RaftLogWorker (RaftLogWorker.java:execute(469)) - 325d518f-bf0d-428a-814f-266b27e759e4-RaftLogWorker: created new log segment /opt/src/hadoop-ozone/integration-test/target/test-dir/MiniOzoneClusterImpl-dd99cefe-9779-4043-9d74-181b69d2a827/datanode-0/data/ratis/e0f1d9ef-e225-4b24-a786-9696f0872fc0/current/log_inprogress_6071
2019-06-15 10:53:19,031 INFO  client.GrpcClientProtocolClient (GrpcClientProtocolClient.java:onNext(254)) - client-09EBABE1B9AF->325d518f-bf0d-428a-814f-266b27e759e4: receive RaftClientReply:client-09EBABE1B9AF->325d518f-bf0d-428a-814f-266b27e759e4@group-9696F0872FC0, cid=3702, SUCCESS, logIndex=6071, commits[325d518f-bf0d-428a-814f-266b27e759e4:c6073]
2019-06-15 10:53:19,031 INFO  client.GrpcClientProtocolClient (GrpcClientProtocolClient.java:onNext(254)) - client-09EBABE1B9AF->325d518f-bf0d-428a-814f-266b27e759e4: receive RaftClientReply:client-09EBABE1B9AF->325d518f-bf0d-428a-814f-266b27e759e4@group-9696F0872FC0, cid=3703, SUCCESS, logIndex=6072, commits[325d518f-bf0d-428a-814f-266b27e759e4:c6073]
2019-06-15 10:53:19,031 INFO  client.GrpcClientProtocolClient (GrpcClientProtocolClient.java:onNext(254)) - client-09EBABE1B9AF->325d518f-bf0d-428a-814f-266b27e759e4: receive RaftClientReply:client-09EBABE1B9AF->325d518f-bf0d-428a-814f-266b27e759e4@group-9696F0872FC0, cid=3704, SUCCESS, logIndex=6073, commits[325d518f-bf0d-428a-814f-266b27e759e4:c6073]
2019-06-15 10:53:19,043 INFO  client.GrpcClientProtocolClient (GrpcClientProtocolClient.java:onNext(254)) - client-09EBABE1B9AF->325d518f-bf0d-428a-814f-266b27e759e4: receive RaftClientReply:client-09EBABE1B9AF->325d518f-bf0d-428a-814f-266b27e759e4@group-9696F0872FC0, cid=3705, SUCCESS, logIndex=6075, commits[325d518f-bf0d-428a-814f-266b27e759e4:c6075]
2019-06-15 10:53:19,045 INFO  client.GrpcClientProtocolClient (GrpcClientProtocolClient.java:onNext(254)) - client-09EBABE1B9AF->325d518f-bf0d-428a-814f-266b27e759e4: receive RaftClientReply:client-09EBABE1B9AF->325d518f-bf0d-428a-814f-266b27e759e4@group-9696F0872FC0, cid=3706, SUCCESS, logIndex=6077, commits[325d518f-bf0d-428a-814f-266b27e759e4:c6077]
2019-06-15 10:53:19,046 INFO  client.GrpcClientProtocolClient (GrpcClientProtocolClient.java:onNext(254)) - client-09EBABE1B9AF->325d518f-bf0d-428a-814f-266b27e759e4: receive RaftClientReply:client-09EBABE1B9AF->325d518f-bf0d-428a-814f-266b27e759e4@group-9696F0872FC0, cid=3707, SUCCESS, logIndex=6078, commits[325d518f-bf0d-428a-814f-266b27e759e4:c6080]
2019-06-15 10:53:19,046 INFO  client.GrpcClientProtocolClient (GrpcClientProtocolClient.java:onNext(254)) - client-09EBABE1B9AF->325d518f-bf0d-428a-814f-266b27e759e4: receive RaftClientReply:client-09EBABE1B9AF->325d518f-bf0d-428a-814f-266b27e759e4@group-9696F0872FC0, cid=3708, SUCCESS, logIndex=6079, commits[325d518f-bf0d-428a-814f-266b27e759e4:c6080]
2019-06-15 10:53:19,051 INFO  client.GrpcClientProtocolClient (GrpcClientProtocolClient.java:onNext(254)) - client-09EBABE1B9AF->325d518f-bf0d-428a-814f-266b27e759e4: receive RaftClientReply:client-09EBABE1B9AF->325d518f-bf0d-428a-814f-266b27e759e4@group-9696F0872FC0, cid=3709, SUCCESS, logIndex=6081, commits[325d518f-bf0d-428a-814f-266b27e759e4:c6081]
2019-06-15 10:53:19,053 INFO  client.GrpcClientProtocolClient (GrpcClientProtocolClient.java:onNext(254)) - client-09EBABE1B9AF->325d518f-bf0d-428a-814f-266b27e759e4: receive RaftClientReply:client-09EBABE1B9AF->325d518f-bf0d-428a-814f-266b27e759e4@group-9696F0872FC0, cid=3710, SUCCESS, logIndex=6083, commits[325d518f-bf0d-428a-814f-266b27e759e4:c6083]
2019-06-15 10:53:19,054 INFO  client.GrpcClientProtocolClient (GrpcClientProtocolClient.java:onNext(254)) - client-09EBABE1B9AF->325d518f-bf0d-428a-814f-266b27e759e4: receive RaftClientReply:client-09EBABE1B9AF->325d518f-bf0d-428a-814f-266b27e759e4@group-9696F0872FC0, cid=3711, SUCCESS, logIndex=6084, commits[325d518f-bf0d-428a-814f-266b27e759e4:c6086]
2019-06-15 10:53:19,054 INFO  client.GrpcClientProtocolClient (GrpcClientProtocolClient.java:onNext(254)) - client-09EBABE1B9AF->325d518f-bf0d-428a-814f-266b27e759e4: receive RaftClientReply:client-09EBABE1B9AF->325d518f-bf0d-428a-814f-266b27e759e4@group-9696F0872FC0, cid=3712, SUCCESS, logIndex=6085, commits[325d518f-bf0d-428a-814f-266b27e759e4:c6086]
2019-06-15 10:53:19,309 DEBUG block.SCMBlockDeletingService (SCMBlockDeletingService.java:call(138)) - Running DeletedBlockTransactionScanner
2019-06-15 10:53:19,309 DEBUG block.SCMBlockDeletingService (SCMBlockDeletingService.java:call(155)) - Scanned deleted blocks log and got 0 delTX to process.
2019-06-15 10:53:19,389 INFO  client.GrpcClientProtocolClient (GrpcClientProtocolClient.java:onNext(254)) - client-09EBABE1B9AF->325d518f-bf0d-428a-814f-266b27e759e4: receive RaftClientReply:client-09EBABE1B9AF->325d518f-bf0d-428a-814f-266b27e759e4@group-9696F0872FC0, cid=3713, SUCCESS, logIndex=6087, commits[325d518f-bf0d-428a-814f-266b27e759e4:c6087]
2019-06-15 10:53:19,390 INFO  client.GrpcClientProtocolClient (GrpcClientProtocolClient.java:onNext(254)) - client-09EBABE1B9AF->325d518f-bf0d-428a-814f-266b27e759e4: receive RaftClientReply:client-09EBABE1B9AF->325d518f-bf0d-428a-814f-266b27e759e4@group-9696F0872FC0, cid=3714, SUCCESS, logIndex=6089, commits[325d518f-bf0d-428a-814f-266b27e759e4:c6089]
2019-06-15 10:53:19,391 INFO  client.GrpcClientProtocolClient (GrpcClientProtocolClient.java:onNext(254)) - client-09EBABE1B9AF->325d518f-bf0d-428a-814f-266b27e759e4: receive RaftClientReply:client-09EBABE1B9AF->325d518f-bf0d-428a-814f-266b27e759e4@group-9696F0872FC0, cid=3715, SUCCESS, logIndex=6090, commits[325d518f-bf0d-428a-814f-266b27e759e4:c6092]
2019-06-15 10:53:19,391 INFO  client.GrpcClientProtocolClient (GrpcClientProtocolClient.java:onNext(254)) - client-09EBABE1B9AF->325d518f-bf0d-428a-814f-266b27e759e4: receive RaftClientReply:client-09EBABE1B9AF->325d518f-bf0d-428a-814f-266b27e759e4@group-9696F0872FC0, cid=3716, SUCCESS, logIndex=6091, commits[325d518f-bf0d-428a-814f-266b27e759e4:c6092]
2019-06-15 10:53:19,396 INFO  client.GrpcClientProtocolClient (GrpcClientProtocolClient.java:onNext(254)) - client-09EBABE1B9AF->325d518f-bf0d-428a-814f-266b27e759e4: receive RaftClientReply:client-09EBABE1B9AF->325d518f-bf0d-428a-814f-266b27e759e4@group-9696F0872FC0, cid=3717, SUCCESS, logIndex=6093, commits[325d518f-bf0d-428a-814f-266b27e759e4:c6093]
2019-06-15 10:53:19,397 INFO  client.GrpcClientProtocolClient (GrpcClientProtocolClient.java:onNext(254)) - client-09EBABE1B9AF->325d518f-bf0d-428a-814f-266b27e759e4: receive RaftClientReply:client-09EBABE1B9AF->325d518f-bf0d-428a-814f-266b27e759e4@group-9696F0872FC0, cid=3718, SUCCESS, logIndex=6095, commits[325d518f-bf0d-428a-814f-266b27e759e4:c6095]
2019-06-15 10:53:19,398 INFO  client.GrpcClientProtocolClient (GrpcClientProtocolClient.java:onNext(254)) - client-09EBABE1B9AF->325d518f-bf0d-428a-814f-266b27e759e4: receive RaftClientReply:client-09EBABE1B9AF->325d518f-bf0d-428a-814f-266b27e759e4@group-9696F0872FC0, cid=3719, SUCCESS, logIndex=6096, commits[325d518f-bf0d-428a-814f-266b27e759e4:c6098]
2019-06-15 10:53:19,400 INFO  client.GrpcClientProtocolClient (GrpcClientProtocolClient.java:onNext(254)) - client-09EBABE1B9AF->325d518f-bf0d-428a-814f-266b27e759e4: receive RaftClientReply:client-09EBABE1B9AF->325d518f-bf0d-428a-814f-266b27e759e4@group-9696F0872FC0, cid=3720, SUCCESS, logIndex=6097, commits[325d518f-bf0d-428a-814f-266b27e759e4:c6098]
2019-06-15 10:53:19,409 INFO  client.GrpcClientProtocolClient (GrpcClientProtocolClient.java:onNext(254)) - client-09EBABE1B9AF->325d518f-bf0d-428a-814f-266b27e759e4: receive RaftClientReply:client-09EBABE1B9AF->325d518f-bf0d-428a-814f-266b27e759e4@group-9696F0872FC0, cid=3721, SUCCESS, logIndex=6099, commits[325d518f-bf0d-428a-814f-266b27e759e4:c6099]
2019-06-15 10:53:19,409 DEBUG block.SCMBlockDeletingService (SCMBlockDeletingService.java:call(138)) - Running DeletedBlockTransactionScanner
2019-06-15 10:53:19,410 DEBUG block.SCMBlockDeletingService (SCMBlockDeletingService.java:call(155)) - Scanned deleted blocks log and got 0 delTX to process.
2019-06-15 10:53:19,411 INFO  client.GrpcClientProtocolClient (GrpcClientProtocolClient.java:onNext(254)) - client-09EBABE1B9AF->325d518f-bf0d-428a-814f-266b27e759e4: receive RaftClientReply:client-09EBABE1B9AF->325d518f-bf0d-428a-814f-266b27e759e4@group-9696F0872FC0, cid=3722, SUCCESS, logIndex=6101, commits[325d518f-bf0d-428a-814f-266b27e759e4:c6101]
2019-06-15 10:53:19,412 INFO  client.GrpcClientProtocolClient (GrpcClientProtocolClient.java:onNext(254)) - client-09EBABE1B9AF->325d518f-bf0d-428a-814f-266b27e759e4: receive RaftClientReply:client-09EBABE1B9AF->325d518f-bf0d-428a-814f-266b27e759e4@group-9696F0872FC0, cid=3723, SUCCESS, logIndex=6102, commits[325d518f-bf0d-428a-814f-266b27e759e4:c6103]
2019-06-15 10:53:19,412 INFO  client.GrpcClientProtocolClient (GrpcClientProtocolClient.java:onNext(254)) - client-09EBABE1B9AF->325d518f-bf0d-428a-814f-266b27e759e4: receive RaftClientReply:client-09EBABE1B9AF->325d518f-bf0d-428a-814f-266b27e759e4@group-9696F0872FC0, cid=3724, SUCCESS, logIndex=6103, commits[325d518f-bf0d-428a-814f-266b27e759e4:c6103]
2019-06-15 10:53:19,416 INFO  client.GrpcClientProtocolClient (GrpcClientProtocolClient.java:onNext(254)) - client-09EBABE1B9AF->325d518f-bf0d-428a-814f-266b27e759e4: receive RaftClientReply:client-09EBABE1B9AF->325d518f-bf0d-428a-814f-266b27e759e4@group-9696F0872FC0, cid=3725, SUCCESS, logIndex=6106, commits[325d518f-bf0d-428a-814f-266b27e759e4:c6106]
2019-06-15 10:53:19,417 INFO  client.GrpcClientProtocolClient (GrpcClientProtocolClient.java:onNext(254)) - client-09EBABE1B9AF->325d518f-bf0d-428a-814f-266b27e759e4: receive RaftClientReply:client-09EBABE1B9AF->325d518f-bf0d-428a-814f-266b27e759e4@group-9696F0872FC0, cid=3726, SUCCESS, logIndex=6108, commits[325d518f-bf0d-428a-814f-266b27e759e4:c6108]
2019-06-15 10:53:19,419 INFO  client.GrpcClientProtocolClient (GrpcClientProtocolClient.java:onNext(254)) - client-09EBABE1B9AF->325d518f-bf0d-428a-814f-266b27e759e4: receive RaftClientReply:client-09EBABE1B9AF->325d518f-bf0d-428a-814f-266b27e759e4@group-9696F0872FC0, cid=3727, SUCCESS, logIndex=6109, commits[325d518f-bf0d-428a-814f-266b27e759e4:c6111]
2019-06-15 10:53:19,419 INFO  client.GrpcClientProtocolClient (GrpcClientProtocolClient.java:onNext(254)) - client-09EBABE1B9AF->325d518f-bf0d-428a-814f-266b27e759e4: receive RaftClientReply:client-09EBABE1B9AF->325d518f-bf0d-428a-814f-266b27e759e4@group-9696F0872FC0, cid=3728, SUCCESS, logIndex=6110, commits[325d518f-bf0d-428a-814f-266b27e759e4:c6111]
2019-06-15 10:53:19,428 INFO  client.GrpcClientProtocolClient (GrpcClientProtocolClient.java:onNext(254)) - client-09EBABE1B9AF->325d518f-bf0d-428a-814f-266b27e759e4: receive RaftClientReply:client-09EBABE1B9AF->325d518f-bf0d-428a-814f-266b27e759e4@group-9696F0872FC0, cid=3729, SUCCESS, logIndex=6112, commits[325d518f-bf0d-428a-814f-266b27e759e4:c6112]
2019-06-15 10:53:19,429 INFO  client.GrpcClientProtocolClient (GrpcClientProtocolClient.java:onNext(254)) - client-09EBABE1B9AF->325d518f-bf0d-428a-814f-266b27e759e4: receive RaftClientReply:client-09EBABE1B9AF->325d518f-bf0d-428a-814f-266b27e759e4@group-9696F0872FC0, cid=3730, SUCCESS, logIndex=6114, commits[325d518f-bf0d-428a-814f-266b27e759e4:c6114]
2019-06-15 10:53:19,431 INFO  client.GrpcClientProtocolClient (GrpcClientProtocolClient.java:onNext(254)) - client-09EBABE1B9AF->325d518f-bf0d-428a-814f-266b27e759e4: receive RaftClientReply:client-09EBABE1B9AF->325d518f-bf0d-428a-814f-266b27e759e4@group-9696F0872FC0, cid=3731, SUCCESS, logIndex=6115, commits[325d518f-bf0d-428a-814f-266b27e759e4:c6117]
2019-06-15 10:53:19,431 INFO  client.GrpcClientProtocolClient (GrpcClientProtocolClient.java:onNext(254)) - client-09EBABE1B9AF->325d518f-bf0d-428a-814f-266b27e759e4: receive RaftClientReply:client-09EBABE1B9AF->325d518f-bf0d-428a-814f-266b27e759e4@group-9696F0872FC0, cid=3732, SUCCESS, logIndex=6116, commits[325d518f-bf0d-428a-814f-266b27e759e4:c6117]
2019-06-15 10:53:19,435 INFO  client.GrpcClientProtocolClient (GrpcClientProtocolClient.java:onNext(254)) - client-09EBABE1B9AF->325d518f-bf0d-428a-814f-266b27e759e4: receive RaftClientReply:client-09EBABE1B9AF->325d518f-bf0d-428a-814f-266b27e759e4@group-9696F0872FC0, cid=3733, SUCCESS, logIndex=6118, commits[325d518f-bf0d-428a-814f-266b27e759e4:c6118]
2019-06-15 10:53:19,437 INFO  client.GrpcClientProtocolClient (GrpcClientProtocolClient.java:onNext(254)) - client-09EBABE1B9AF->325d518f-bf0d-428a-814f-266b27e759e4: receive RaftClientReply:client-09EBABE1B9AF->325d518f-bf0d-428a-814f-266b27e759e4@group-9696F0872FC0, cid=3734, SUCCESS, logIndex=6120, commits[325d518f-bf0d-428a-814f-266b27e759e4:c6120]
2019-06-15 10:53:19,438 INFO  client.GrpcClientProtocolClient (GrpcClientProtocolClient.java:onNext(254)) - client-09EBABE1B9AF->325d518f-bf0d-428a-814f-266b27e759e4: receive RaftClientReply:client-09EBABE1B9AF->325d518f-bf0d-428a-814f-266b27e759e4@group-9696F0872FC0, cid=3735, SUCCESS, logIndex=6121, commits[325d518f-bf0d-428a-814f-266b27e759e4:c6123]
2019-06-15 10:53:19,441 INFO  client.GrpcClientProtocolClient (GrpcClientProtocolClient.java:onNext(254)) - client-09EBABE1B9AF->325d518f-bf0d-428a-814f-266b27e759e4: receive RaftClientReply:client-09EBABE1B9AF->325d518f-bf0d-428a-814f-266b27e759e4@group-9696F0872FC0, cid=3736, SUCCESS, logIndex=6122, commits[325d518f-bf0d-428a-814f-266b27e759e4:c6123]
2019-06-15 10:53:19,451 INFO  client.GrpcClientProtocolClient (GrpcClientProtocolClient.java:onNext(254)) - client-09EBABE1B9AF->325d518f-bf0d-428a-814f-266b27e759e4: receive RaftClientReply:client-09EBABE1B9AF->325d518f-bf0d-428a-814f-266b27e759e4@group-9696F0872FC0, cid=3737, SUCCESS, logIndex=6124, commits[325d518f-bf0d-428a-814f-266b27e759e4:c6124]
2019-06-15 10:53:19,452 INFO  client.GrpcClientProtocolClient (GrpcClientProtocolClient.java:onNext(254)) - client-09EBABE1B9AF->325d518f-bf0d-428a-814f-266b27e759e4: receive RaftClientReply:client-09EBABE1B9AF->325d518f-bf0d-428a-814f-266b27e759e4@group-9696F0872FC0, cid=3738, SUCCESS, logIndex=6126, commits[325d518f-bf0d-428a-814f-266b27e759e4:c6126]
2019-06-15 10:53:19,453 INFO  client.GrpcClientProtocolClient (GrpcClientProtocolClient.java:onNext(254)) - client-09EBABE1B9AF->325d518f-bf0d-428a-814f-266b27e759e4: receive RaftClientReply:client-09EBABE1B9AF->325d518f-bf0d-428a-814f-266b27e759e4@group-9696F0872FC0, cid=3739, SUCCESS, logIndex=6127, commits[325d518f-bf0d-428a-814f-266b27e759e4:c6129]
2019-06-15 10:53:19,454 INFO  client.GrpcClientProtocolClient (GrpcClientProtocolClient.java:onNext(254)) - client-09EBABE1B9AF->325d518f-bf0d-428a-814f-266b27e759e4: receive RaftClientReply:client-09EBABE1B9AF->325d518f-bf0d-428a-814f-266b27e759e4@group-9696F0872FC0, cid=3740, SUCCESS, logIndex=6128, commits[325d518f-bf0d-428a-814f-266b27e759e4:c6129]
2019-06-15 10:53:19,458 INFO  client.GrpcClientProtocolClient (GrpcClientProtocolClient.java:onNext(254)) - client-09EBABE1B9AF->325d518f-bf0d-428a-814f-266b27e759e4: receive RaftClientReply:client-09EBABE1B9AF->325d518f-bf0d-428a-814f-266b27e759e4@group-9696F0872FC0, cid=3741, SUCCESS, logIndex=6130, commits[325d518f-bf0d-428a-814f-266b27e759e4:c6130]
2019-06-15 10:53:19,459 INFO  client.GrpcClientProtocolClient (GrpcClientProtocolClient.java:onNext(254)) - client-09EBABE1B9AF->325d518f-bf0d-428a-814f-266b27e759e4: receive RaftClientReply:client-09EBABE1B9AF->325d518f-bf0d-428a-814f-266b27e759e4@group-9696F0872FC0, cid=3742, SUCCESS, logIndex=6132, commits[325d518f-bf0d-428a-814f-266b27e759e4:c6132]
2019-06-15 10:53:19,461 INFO  client.GrpcClientProtocolClient (GrpcClientProtocolClient.java:onNext(254)) - client-09EBABE1B9AF->325d518f-bf0d-428a-814f-266b27e759e4: receive RaftClientReply:client-09EBABE1B9AF->325d518f-bf0d-428a-814f-266b27e759e4@group-9696F0872FC0, cid=3743, SUCCESS, logIndex=6134, commits[325d518f-bf0d-428a-814f-266b27e759e4:c6134]
2019-06-15 10:53:19,462 INFO  client.GrpcClientProtocolClient (GrpcClientProtocolClient.java:onNext(254)) - client-09EBABE1B9AF->325d518f-bf0d-428a-814f-266b27e759e4: receive RaftClientReply:client-09EBABE1B9AF->325d518f-bf0d-428a-814f-266b27e759e4@group-9696F0872FC0, cid=3744, SUCCESS, logIndex=6135, commits[325d518f-bf0d-428a-814f-266b27e759e4:c6135]
2019-06-15 10:53:19,469 INFO  storage.RaftLogWorker (RaftLogWorker.java:rollLogSegment(303)) - 325d518f-bf0d-428a-814f-266b27e759e4-RaftLogWorker: Rolling segment log-6071_6137 to index:6137
2019-06-15 10:53:19,469 INFO  storage.RaftLogWorker (RaftLogWorker.java:execute(433)) - 325d518f-bf0d-428a-814f-266b27e759e4-RaftLogWorker: Rolled log segment from /opt/src/hadoop-ozone/integration-test/target/test-dir/MiniOzoneClusterImpl-dd99cefe-9779-4043-9d74-181b69d2a827/datanode-0/data/ratis/e0f1d9ef-e225-4b24-a786-9696f0872fc0/current/log_inprogress_6071 to /opt/src/hadoop-ozone/integration-test/target/test-dir/MiniOzoneClusterImpl-dd99cefe-9779-4043-9d74-181b69d2a827/datanode-0/data/ratis/e0f1d9ef-e225-4b24-a786-9696f0872fc0/current/log_6071-6137
2019-06-15 10:53:19,505 INFO  storage.RaftLogWorker (RaftLogWorker.java:execute(469)) - 325d518f-bf0d-428a-814f-266b27e759e4-RaftLogWorker: created new log segment /opt/src/hadoop-ozone/integration-test/target/test-dir/MiniOzoneClusterImpl-dd99cefe-9779-4043-9d74-181b69d2a827/datanode-0/data/ratis/e0f1d9ef-e225-4b24-a786-9696f0872fc0/current/log_inprogress_6138
2019-06-15 10:53:19,507 INFO  client.GrpcClientProtocolClient (GrpcClientProtocolClient.java:onNext(254)) - client-09EBABE1B9AF->325d518f-bf0d-428a-814f-266b27e759e4: receive RaftClientReply:client-09EBABE1B9AF->325d518f-bf0d-428a-814f-266b27e759e4@group-9696F0872FC0, cid=3745, SUCCESS, logIndex=6138, commits[325d518f-bf0d-428a-814f-266b27e759e4:c6138]
2019-06-15 10:53:19,508 INFO  client.GrpcClientProtocolClient (GrpcClientProtocolClient.java:onNext(254)) - client-09EBABE1B9AF->325d518f-bf0d-428a-814f-266b27e759e4: receive RaftClientReply:client-09EBABE1B9AF->325d518f-bf0d-428a-814f-266b27e759e4@group-9696F0872FC0, cid=3746, SUCCESS, logIndex=6140, commits[325d518f-bf0d-428a-814f-266b27e759e4:c6140]
2019-06-15 10:53:19,509 INFO  client.GrpcClientProtocolClient (GrpcClientProtocolClient.java:onNext(254)) - client-09EBABE1B9AF->325d518f-bf0d-428a-814f-266b27e759e4: receive RaftClientReply:client-09EBABE1B9AF->325d518f-bf0d-428a-814f-266b27e759e4@group-9696F0872FC0, cid=3747, SUCCESS, logIndex=6141, commits[325d518f-bf0d-428a-814f-266b27e759e4:c6143]
2019-06-15 10:53:19,509 INFO  client.GrpcClientProtocolClient (GrpcClientProtocolClient.java:onNext(254)) - client-09EBABE1B9AF->325d518f-bf0d-428a-814f-266b27e759e4: receive RaftClientReply:client-09EBABE1B9AF->325d518f-bf0d-428a-814f-266b27e759e4@group-9696F0872FC0, cid=3748, SUCCESS, logIndex=6142, commits[325d518f-bf0d-428a-814f-266b27e759e4:c6143]
2019-06-15 10:53:19,510 DEBUG block.SCMBlockDeletingService (SCMBlockDeletingService.java:call(138)) - Running DeletedBlockTransactionScanner
2019-06-15 10:53:19,510 DEBUG block.SCMBlockDeletingService (SCMBlockDeletingService.java:call(155)) - Scanned deleted blocks log and got 0 delTX to process.
2019-06-15 10:53:19,514 INFO  client.GrpcClientProtocolClient (GrpcClientProtocolClient.java:onNext(254)) - client-09EBABE1B9AF->325d518f-bf0d-428a-814f-266b27e759e4: receive RaftClientReply:client-09EBABE1B9AF->325d518f-bf0d-428a-814f-266b27e759e4@group-9696F0872FC0, cid=3749, SUCCESS, logIndex=6144, commits[325d518f-bf0d-428a-814f-266b27e759e4:c6144]
2019-06-15 10:53:19,515 INFO  client.GrpcClientProtocolClient (GrpcClientProtocolClient.java:onNext(254)) - client-09EBABE1B9AF->325d518f-bf0d-428a-814f-266b27e759e4: receive RaftClientReply:client-09EBABE1B9AF->325d518f-bf0d-428a-814f-266b27e759e4@group-9696F0872FC0, cid=3750, SUCCESS, logIndex=6146, commits[325d518f-bf0d-428a-814f-266b27e759e4:c6146]
2019-06-15 10:53:19,517 INFO  client.GrpcClientProtocolClient (GrpcClientProtocolClient.java:onNext(254)) - client-09EBABE1B9AF->325d518f-bf0d-428a-814f-266b27e759e4: receive RaftClientReply:client-09EBABE1B9AF->325d518f-bf0d-428a-814f-266b27e759e4@group-9696F0872FC0, cid=3751, SUCCESS, logIndex=6148, commits[325d518f-bf0d-428a-814f-266b27e759e4:c6149]
2019-06-15 10:53:19,518 INFO  client.GrpcClientProtocolClient (GrpcClientProtocolClient.java:onNext(254)) - client-09EBABE1B9AF->325d518f-bf0d-428a-814f-266b27e759e4: receive RaftClientReply:client-09EBABE1B9AF->325d518f-bf0d-428a-814f-266b27e759e4@group-9696F0872FC0, cid=3752, SUCCESS, logIndex=6149, commits[325d518f-bf0d-428a-814f-266b27e759e4:c6149]
2019-06-15 10:53:19,528 INFO  client.GrpcClientProtocolClient (GrpcClientProtocolClient.java:onNext(254)) - client-09EBABE1B9AF->325d518f-bf0d-428a-814f-266b27e759e4: receive RaftClientReply:client-09EBABE1B9AF->325d518f-bf0d-428a-814f-266b27e759e4@group-9696F0872FC0, cid=3753, SUCCESS, logIndex=6151, commits[325d518f-bf0d-428a-814f-266b27e759e4:c6151]
2019-06-15 10:53:19,528 INFO  client.GrpcClientProtocolClient (GrpcClientProtocolClient.java:onNext(254)) - client-09EBABE1B9AF->325d518f-bf0d-428a-814f-266b27e759e4: receive RaftClientReply:client-09EBABE1B9AF->325d518f-bf0d-428a-814f-266b27e759e4@group-9696F0872FC0, cid=3754, SUCCESS, logIndex=6153, commits[325d518f-bf0d-428a-814f-266b27e759e4:c6153]
2019-06-15 10:53:19,531 INFO  client.GrpcClientProtocolClient (GrpcClientProtocolClient.java:onNext(254)) - client-09EBABE1B9AF->325d518f-bf0d-428a-814f-266b27e759e4: receive RaftClientReply:client-09EBABE1B9AF->325d518f-bf0d-428a-814f-266b27e759e4@group-9696F0872FC0, cid=3755, SUCCESS, logIndex=6155, commits[325d518f-bf0d-428a-814f-266b27e759e4:c6155]
2019-06-15 10:53:19,532 INFO  client.GrpcClientProtocolClient (GrpcClientProtocolClient.java:onNext(254)) - client-09EBABE1B9AF->325d518f-bf0d-428a-814f-266b27e759e4: receive RaftClientReply:client-09EBABE1B9AF->325d518f-bf0d-428a-814f-266b27e759e4@group-9696F0872FC0, cid=3756, SUCCESS, logIndex=6157, commits[325d518f-bf0d-428a-814f-266b27e759e4:c6157]
2019-06-15 10:53:19,610 DEBUG block.SCMBlockDeletingService (SCMBlockDeletingService.java:call(138)) - Running DeletedBlockTransactionScanner
2019-06-15 10:53:19,610 DEBUG block.SCMBlockDeletingService (SCMBlockDeletingService.java:call(155)) - Scanned deleted blocks log and got 0 delTX to process.
2019-06-15 10:53:19,620 INFO  client.GrpcClientProtocolClient (GrpcClientProtocolClient.java:onNext(254)) - client-09EBABE1B9AF->325d518f-bf0d-428a-814f-266b27e759e4: receive RaftClientReply:client-09EBABE1B9AF->325d518f-bf0d-428a-814f-266b27e759e4@group-9696F0872FC0, cid=3757, SUCCESS, logIndex=6159, commits[325d518f-bf0d-428a-814f-266b27e759e4:c6159]
2019-06-15 10:53:19,622 INFO  client.GrpcClientProtocolClient (GrpcClientProtocolClient.java:onNext(254)) - client-09EBABE1B9AF->325d518f-bf0d-428a-814f-266b27e759e4: receive RaftClientReply:client-09EBABE1B9AF->325d518f-bf0d-428a-814f-266b27e759e4@group-9696F0872FC0, cid=3758, SUCCESS, logIndex=6161, commits[325d518f-bf0d-428a-814f-266b27e759e4:c6161]
2019-06-15 10:53:19,623 INFO  client.GrpcClientProtocolClient (GrpcClientProtocolClient.java:onNext(254)) - client-09EBABE1B9AF->325d518f-bf0d-428a-814f-266b27e759e4: receive RaftClientReply:client-09EBABE1B9AF->325d518f-bf0d-428a-814f-266b27e759e4@group-9696F0872FC0, cid=3759, SUCCESS, logIndex=6162, commits[325d518f-bf0d-428a-814f-266b27e759e4:c6164]
2019-06-15 10:53:19,624 INFO  client.GrpcClientProtocolClient (GrpcClientProtocolClient.java:onNext(254)) - client-09EBABE1B9AF->325d518f-bf0d-428a-814f-266b27e759e4: receive RaftClientReply:client-09EBABE1B9AF->325d518f-bf0d-428a-814f-266b27e759e4@group-9696F0872FC0, cid=3760, SUCCESS, logIndex=6163, commits[325d518f-bf0d-428a-814f-266b27e759e4:c6164]
2019-06-15 10:53:19,635 INFO  client.GrpcClientProtocolClient (GrpcClientProtocolClient.java:onNext(254)) - client-09EBABE1B9AF->325d518f-bf0d-428a-814f-266b27e759e4: receive RaftClientReply:client-09EBABE1B9AF->325d518f-bf0d-428a-814f-266b27e759e4@group-9696F0872FC0, cid=3761, SUCCESS, logIndex=6165, commits[325d518f-bf0d-428a-814f-266b27e759e4:c6165]
2019-06-15 10:53:19,636 INFO  client.GrpcClientProtocolClient (GrpcClientProtocolClient.java:onNext(254)) - client-09EBABE1B9AF->325d518f-bf0d-428a-814f-266b27e759e4: receive RaftClientReply:client-09EBABE1B9AF->325d518f-bf0d-428a-814f-266b27e759e4@group-9696F0872FC0, cid=3762, SUCCESS, logIndex=6167, commits[325d518f-bf0d-428a-814f-266b27e759e4:c6167]
2019-06-15 10:53:19,637 INFO  client.GrpcClientProtocolClient (GrpcClientProtocolClient.java:onNext(254)) - client-09EBABE1B9AF->325d518f-bf0d-428a-814f-266b27e759e4: receive RaftClientReply:client-09EBABE1B9AF->325d518f-bf0d-428a-814f-266b27e759e4@group-9696F0872FC0, cid=3763, SUCCESS, logIndex=6168, commits[325d518f-bf0d-428a-814f-266b27e759e4:c6170]
2019-06-15 10:53:19,638 INFO  client.GrpcClientProtocolClient (GrpcClientProtocolClient.java:onNext(254)) - client-09EBABE1B9AF->325d518f-bf0d-428a-814f-266b27e759e4: receive RaftClientReply:client-09EBABE1B9AF->325d518f-bf0d-428a-814f-266b27e759e4@group-9696F0872FC0, cid=3764, SUCCESS, logIndex=6169, commits[325d518f-bf0d-428a-814f-266b27e759e4:c6170]
2019-06-15 10:53:19,643 INFO  client.GrpcClientProtocolClient (GrpcClientProtocolClient.java:onNext(254)) - client-09EBABE1B9AF->325d518f-bf0d-428a-814f-266b27e759e4: receive RaftClientReply:client-09EBABE1B9AF->325d518f-bf0d-428a-814f-266b27e759e4@group-9696F0872FC0, cid=3765, SUCCESS, logIndex=6171, commits[325d518f-bf0d-428a-814f-266b27e759e4:c6171]
2019-06-15 10:53:19,644 INFO  client.GrpcClientProtocolClient (GrpcClientProtocolClient.java:onNext(254)) - client-09EBABE1B9AF->325d518f-bf0d-428a-814f-266b27e759e4: receive RaftClientReply:client-09EBABE1B9AF->325d518f-bf0d-428a-814f-266b27e759e4@group-9696F0872FC0, cid=3766, SUCCESS, logIndex=6173, commits[325d518f-bf0d-428a-814f-266b27e759e4:c6173]
2019-06-15 10:53:19,645 INFO  client.GrpcClientProtocolClient (GrpcClientProtocolClient.java:onNext(254)) - client-09EBABE1B9AF->325d518f-bf0d-428a-814f-266b27e759e4: receive RaftClientReply:client-09EBABE1B9AF->325d518f-bf0d-428a-814f-266b27e759e4@group-9696F0872FC0, cid=3767, SUCCESS, logIndex=6174, commits[325d518f-bf0d-428a-814f-266b27e759e4:c6176]
2019-06-15 10:53:19,645 INFO  client.GrpcClientProtocolClient (GrpcClientProtocolClient.java:onNext(254)) - client-09EBABE1B9AF->325d518f-bf0d-428a-814f-266b27e759e4: receive RaftClientReply:client-09EBABE1B9AF->325d518f-bf0d-428a-814f-266b27e759e4@group-9696F0872FC0, cid=3768, SUCCESS, logIndex=6175, commits[325d518f-bf0d-428a-814f-266b27e759e4:c6176]
2019-06-15 10:53:19,656 INFO  client.GrpcClientProtocolClient (GrpcClientProtocolClient.java:onNext(254)) - client-09EBABE1B9AF->325d518f-bf0d-428a-814f-266b27e759e4: receive RaftClientReply:client-09EBABE1B9AF->325d518f-bf0d-428a-814f-266b27e759e4@group-9696F0872FC0, cid=3769, SUCCESS, logIndex=6177, commits[325d518f-bf0d-428a-814f-266b27e759e4:c6177]
2019-06-15 10:53:19,658 INFO  client.GrpcClientProtocolClient (GrpcClientProtocolClient.java:onNext(254)) - client-09EBABE1B9AF->325d518f-bf0d-428a-814f-266b27e759e4: receive RaftClientReply:client-09EBABE1B9AF->325d518f-bf0d-428a-814f-266b27e759e4@group-9696F0872FC0, cid=3770, SUCCESS, logIndex=6179, commits[325d518f-bf0d-428a-814f-266b27e759e4:c6181]
2019-06-15 10:53:19,659 INFO  client.GrpcClientProtocolClient (GrpcClientProtocolClient.java:onNext(254)) - client-09EBABE1B9AF->325d518f-bf0d-428a-814f-266b27e759e4: receive RaftClientReply:client-09EBABE1B9AF->325d518f-bf0d-428a-814f-266b27e759e4@group-9696F0872FC0, cid=3771, SUCCESS, logIndex=6180, commits[325d518f-bf0d-428a-814f-266b27e759e4:c6181]
2019-06-15 10:53:19,659 INFO  client.GrpcClientProtocolClient (GrpcClientProtocolClient.java:onNext(254)) - client-09EBABE1B9AF->325d518f-bf0d-428a-814f-266b27e759e4: receive RaftClientReply:client-09EBABE1B9AF->325d518f-bf0d-428a-814f-266b27e759e4@group-9696F0872FC0, cid=3772, SUCCESS, logIndex=6181, commits[325d518f-bf0d-428a-814f-266b27e759e4:c6182]
2019-06-15 10:53:19,664 INFO  client.GrpcClientProtocolClient (GrpcClientProtocolClient.java:onNext(254)) - client-09EBABE1B9AF->325d518f-bf0d-428a-814f-266b27e759e4: receive RaftClientReply:client-09EBABE1B9AF->325d518f-bf0d-428a-814f-266b27e759e4@group-9696F0872FC0, cid=3773, SUCCESS, logIndex=6183, commits[325d518f-bf0d-428a-814f-266b27e759e4:c6183]
2019-06-15 10:53:19,665 INFO  client.GrpcClientProtocolClient (GrpcClientProtocolClient.java:onNext(254)) - client-09EBABE1B9AF->325d518f-bf0d-428a-814f-266b27e759e4: receive RaftClientReply:client-09EBABE1B9AF->325d518f-bf0d-428a-814f-266b27e759e4@group-9696F0872FC0, cid=3774, SUCCESS, logIndex=6185, commits[325d518f-bf0d-428a-814f-266b27e759e4:c6185]
2019-06-15 10:53:19,666 INFO  client.GrpcClientProtocolClient (GrpcClientProtocolClient.java:onNext(254)) - client-09EBABE1B9AF->325d518f-bf0d-428a-814f-266b27e759e4: receive RaftClientReply:client-09EBABE1B9AF->325d518f-bf0d-428a-814f-266b27e759e4@group-9696F0872FC0, cid=3775, SUCCESS, logIndex=6186, commits[325d518f-bf0d-428a-814f-266b27e759e4:c6188]
2019-06-15 10:53:19,666 INFO  client.GrpcClientProtocolClient (GrpcClientProtocolClient.java:onNext(254)) - client-09EBABE1B9AF->325d518f-bf0d-428a-814f-266b27e759e4: receive RaftClientReply:client-09EBABE1B9AF->325d518f-bf0d-428a-814f-266b27e759e4@group-9696F0872FC0, cid=3776, SUCCESS, logIndex=6187, commits[325d518f-bf0d-428a-814f-266b27e759e4:c6188]
2019-06-15 10:53:19,678 INFO  client.GrpcClientProtocolClient (GrpcClientProtocolClient.java:onNext(254)) - client-09EBABE1B9AF->325d518f-bf0d-428a-814f-266b27e759e4: receive RaftClientReply:client-09EBABE1B9AF->325d518f-bf0d-428a-814f-266b27e759e4@group-9696F0872FC0, cid=3777, SUCCESS, logIndex=6189, commits[325d518f-bf0d-428a-814f-266b27e759e4:c6189]
2019-06-15 10:53:19,679 INFO  client.GrpcClientProtocolClient (GrpcClientProtocolClient.java:onNext(254)) - client-09EBABE1B9AF->325d518f-bf0d-428a-814f-266b27e759e4: receive RaftClientReply:client-09EBABE1B9AF->325d518f-bf0d-428a-814f-266b27e759e4@group-9696F0872FC0, cid=3778, SUCCESS, logIndex=6191, commits[325d518f-bf0d-428a-814f-266b27e759e4:c6191]
2019-06-15 10:53:19,680 INFO  client.GrpcClientProtocolClient (GrpcClientProtocolClient.java:onNext(254)) - client-09EBABE1B9AF->325d518f-bf0d-428a-814f-266b27e759e4: receive RaftClientReply:client-09EBABE1B9AF->325d518f-bf0d-428a-814f-266b27e759e4@group-9696F0872FC0, cid=3779, SUCCESS, logIndex=6192, commits[325d518f-bf0d-428a-814f-266b27e759e4:c6194]
2019-06-15 10:53:19,681 INFO  client.GrpcClientProtocolClient (GrpcClientProtocolClient.java:onNext(254)) - client-09EBABE1B9AF->325d518f-bf0d-428a-814f-266b27e759e4: receive RaftClientReply:client-09EBABE1B9AF->325d518f-bf0d-428a-814f-266b27e759e4@group-9696F0872FC0, cid=3780, SUCCESS, logIndex=6193, commits[325d518f-bf0d-428a-814f-266b27e759e4:c6194]
2019-06-15 10:53:19,686 INFO  client.GrpcClientProtocolClient (GrpcClientProtocolClient.java:onNext(254)) - client-09EBABE1B9AF->325d518f-bf0d-428a-814f-266b27e759e4: receive RaftClientReply:client-09EBABE1B9AF->325d518f-bf0d-428a-814f-266b27e759e4@group-9696F0872FC0, cid=3781, SUCCESS, logIndex=6195, commits[325d518f-bf0d-428a-814f-266b27e759e4:c6195]
2019-06-15 10:53:19,688 INFO  client.GrpcClientProtocolClient (GrpcClientProtocolClient.java:onNext(254)) - client-09EBABE1B9AF->325d518f-bf0d-428a-814f-266b27e759e4: receive RaftClientReply:client-09EBABE1B9AF->325d518f-bf0d-428a-814f-266b27e759e4@group-9696F0872FC0, cid=3782, SUCCESS, logIndex=6197, commits[325d518f-bf0d-428a-814f-266b27e759e4:c6199]
2019-06-15 10:53:19,688 INFO  client.GrpcClientProtocolClient (GrpcClientProtocolClient.java:onNext(254)) - client-09EBABE1B9AF->325d518f-bf0d-428a-814f-266b27e759e4: receive RaftClientReply:client-09EBABE1B9AF->325d518f-bf0d-428a-814f-266b27e759e4@group-9696F0872FC0, cid=3783, SUCCESS, logIndex=6198, commits[325d518f-bf0d-428a-814f-266b27e759e4:c6199]
2019-06-15 10:53:19,689 INFO  client.GrpcClientProtocolClient (GrpcClientProtocolClient.java:onNext(254)) - client-09EBABE1B9AF->325d518f-bf0d-428a-814f-266b27e759e4: receive RaftClientReply:client-09EBABE1B9AF->325d518f-bf0d-428a-814f-266b27e759e4@group-9696F0872FC0, cid=3784, SUCCESS, logIndex=6199, commits[325d518f-bf0d-428a-814f-266b27e759e4:c6200]
2019-06-15 10:53:19,738 DEBUG block.SCMBlockDeletingService (SCMBlockDeletingService.java:call(138)) - Running DeletedBlockTransactionScanner
2019-06-15 10:53:19,738 DEBUG block.SCMBlockDeletingService (SCMBlockDeletingService.java:call(155)) - Scanned deleted blocks log and got 0 delTX to process.
2019-06-15 10:53:19,738 INFO  client.GrpcClientProtocolClient (GrpcClientProtocolClient.java:onNext(254)) - client-09EBABE1B9AF->325d518f-bf0d-428a-814f-266b27e759e4: receive RaftClientReply:client-09EBABE1B9AF->325d518f-bf0d-428a-814f-266b27e759e4@group-9696F0872FC0, cid=3785, SUCCESS, logIndex=6201, commits[325d518f-bf0d-428a-814f-266b27e759e4:c6201]
2019-06-15 10:53:19,741 INFO  client.GrpcClientProtocolClient (GrpcClientProtocolClient.java:onNext(254)) - client-09EBABE1B9AF->325d518f-bf0d-428a-814f-266b27e759e4: receive RaftClientReply:client-09EBABE1B9AF->325d518f-bf0d-428a-814f-266b27e759e4@group-9696F0872FC0, cid=3786, SUCCESS, logIndex=6203, commits[325d518f-bf0d-428a-814f-266b27e759e4:c6203]
2019-06-15 10:53:19,742 INFO  client.GrpcClientProtocolClient (GrpcClientProtocolClient.java:onNext(254)) - client-09EBABE1B9AF->325d518f-bf0d-428a-814f-266b27e759e4: receive RaftClientReply:client-09EBABE1B9AF->325d518f-bf0d-428a-814f-266b27e759e4@group-9696F0872FC0, cid=3787, SUCCESS, logIndex=6204, commits[325d518f-bf0d-428a-814f-266b27e759e4:c6206]
2019-06-15 10:53:19,742 INFO  client.GrpcClientProtocolClient (GrpcClientProtocolClient.java:onNext(254)) - client-09EBABE1B9AF->325d518f-bf0d-428a-814f-266b27e759e4: receive RaftClientReply:client-09EBABE1B9AF->325d518f-bf0d-428a-814f-266b27e759e4@group-9696F0872FC0, cid=3788, SUCCESS, logIndex=6206, commits[325d518f-bf0d-428a-814f-266b27e759e4:c6206]
2019-06-15 10:53:19,746 INFO  storage.RaftLogWorker (RaftLogWorker.java:rollLogSegment(303)) - 325d518f-bf0d-428a-814f-266b27e759e4-RaftLogWorker: Rolling segment log-6138_6207 to index:6207
2019-06-15 10:53:19,746 INFO  storage.RaftLogWorker (RaftLogWorker.java:execute(433)) - 325d518f-bf0d-428a-814f-266b27e759e4-RaftLogWorker: Rolled log segment from /opt/src/hadoop-ozone/integration-test/target/test-dir/MiniOzoneClusterImpl-dd99cefe-9779-4043-9d74-181b69d2a827/datanode-0/data/ratis/e0f1d9ef-e225-4b24-a786-9696f0872fc0/current/log_inprogress_6138 to /opt/src/hadoop-ozone/integration-test/target/test-dir/MiniOzoneClusterImpl-dd99cefe-9779-4043-9d74-181b69d2a827/datanode-0/data/ratis/e0f1d9ef-e225-4b24-a786-9696f0872fc0/current/log_6138-6207
2019-06-15 10:53:19,785 INFO  storage.RaftLogWorker (RaftLogWorker.java:execute(469)) - 325d518f-bf0d-428a-814f-266b27e759e4-RaftLogWorker: created new log segment /opt/src/hadoop-ozone/integration-test/target/test-dir/MiniOzoneClusterImpl-dd99cefe-9779-4043-9d74-181b69d2a827/datanode-0/data/ratis/e0f1d9ef-e225-4b24-a786-9696f0872fc0/current/log_inprogress_6208
2019-06-15 10:53:19,787 INFO  client.GrpcClientProtocolClient (GrpcClientProtocolClient.java:onNext(254)) - client-09EBABE1B9AF->325d518f-bf0d-428a-814f-266b27e759e4: receive RaftClientReply:client-09EBABE1B9AF->325d518f-bf0d-428a-814f-266b27e759e4@group-9696F0872FC0, cid=3789, SUCCESS, logIndex=6208, commits[325d518f-bf0d-428a-814f-266b27e759e4:c6208]
2019-06-15 10:53:19,789 INFO  client.GrpcClientProtocolClient (GrpcClientProtocolClient.java:onNext(254)) - client-09EBABE1B9AF->325d518f-bf0d-428a-814f-266b27e759e4: receive RaftClientReply:client-09EBABE1B9AF->325d518f-bf0d-428a-814f-266b27e759e4@group-9696F0872FC0, cid=3790, SUCCESS, logIndex=6210, commits[325d518f-bf0d-428a-814f-266b27e759e4:c6210]
2019-06-15 10:53:19,789 INFO  client.GrpcClientProtocolClient (GrpcClientProtocolClient.java:onNext(254)) - client-09EBABE1B9AF->325d518f-bf0d-428a-814f-266b27e759e4: receive RaftClientReply:client-09EBABE1B9AF->325d518f-bf0d-428a-814f-266b27e759e4@group-9696F0872FC0, cid=3791, SUCCESS, logIndex=6211, commits[325d518f-bf0d-428a-814f-266b27e759e4:c6212]
2019-06-15 10:53:19,790 INFO  client.GrpcClientProtocolClient (GrpcClientProtocolClient.java:onNext(254)) - client-09EBABE1B9AF->325d518f-bf0d-428a-814f-266b27e759e4: receive RaftClientReply:client-09EBABE1B9AF->325d518f-bf0d-428a-814f-266b27e759e4@group-9696F0872FC0, cid=3792, SUCCESS, logIndex=6212, commits[325d518f-bf0d-428a-814f-266b27e759e4:c6212]
2019-06-15 10:53:19,802 INFO  client.GrpcClientProtocolClient (GrpcClientProtocolClient.java:onNext(254)) - client-09EBABE1B9AF->325d518f-bf0d-428a-814f-266b27e759e4: receive RaftClientReply:client-09EBABE1B9AF->325d518f-bf0d-428a-814f-266b27e759e4@group-9696F0872FC0, cid=3793, SUCCESS, logIndex=6215, commits[325d518f-bf0d-428a-814f-266b27e759e4:c6215]
2019-06-15 10:53:19,804 INFO  client.GrpcClientProtocolClient (GrpcClientProtocolClient.java:onNext(254)) - client-09EBABE1B9AF->325d518f-bf0d-428a-814f-266b27e759e4: receive RaftClientReply:client-09EBABE1B9AF->325d518f-bf0d-428a-814f-266b27e759e4@group-9696F0872FC0, cid=3794, SUCCESS, logIndex=6217, commits[325d518f-bf0d-428a-814f-266b27e759e4:c6219]
2019-06-15 10:53:19,805 INFO  client.GrpcClientProtocolClient (GrpcClientProtocolClient.java:onNext(254)) - client-09EBABE1B9AF->325d518f-bf0d-428a-814f-266b27e759e4: receive RaftClientReply:client-09EBABE1B9AF->325d518f-bf0d-428a-814f-266b27e759e4@group-9696F0872FC0, cid=3795, SUCCESS, logIndex=6218, commits[325d518f-bf0d-428a-814f-266b27e759e4:c6219]
2019-06-15 10:53:19,805 INFO  client.GrpcClientProtocolClient (GrpcClientProtocolClient.java:onNext(254)) - client-09EBABE1B9AF->325d518f-bf0d-428a-814f-266b27e759e4: receive RaftClientReply:client-09EBABE1B9AF->325d518f-bf0d-428a-814f-266b27e759e4@group-9696F0872FC0, cid=3796, SUCCESS, logIndex=6219, commits[325d518f-bf0d-428a-814f-266b27e759e4:c6220]
2019-06-15 10:53:19,809 INFO  client.GrpcClientProtocolClient (GrpcClientProtocolClient.java:onNext(254)) - client-09EBABE1B9AF->325d518f-bf0d-428a-814f-266b27e759e4: receive RaftClientReply:client-09EBABE1B9AF->325d518f-bf0d-428a-814f-266b27e759e4@group-9696F0872FC0, cid=3797, SUCCESS, logIndex=6221, commits[325d518f-bf0d-428a-814f-266b27e759e4:c6221]
2019-06-15 10:53:19,810 INFO  client.GrpcClientProtocolClient (GrpcClientProtocolClient.java:onNext(254)) - client-09EBABE1B9AF->325d518f-bf0d-428a-814f-266b27e759e4: receive RaftClientReply:client-09EBABE1B9AF->325d518f-bf0d-428a-814f-266b27e759e4@group-9696F0872FC0, cid=3798, SUCCESS, logIndex=6223, commits[325d518f-bf0d-428a-814f-266b27e759e4:c6223]
2019-06-15 10:53:19,812 INFO  client.GrpcClientProtocolClient (GrpcClientProtocolClient.java:onNext(254)) - client-09EBABE1B9AF->325d518f-bf0d-428a-814f-266b27e759e4: receive RaftClientReply:client-09EBABE1B9AF->325d518f-bf0d-428a-814f-266b27e759e4@group-9696F0872FC0, cid=3799, SUCCESS, logIndex=6224, commits[325d518f-bf0d-428a-814f-266b27e759e4:c6226]
2019-06-15 10:53:19,812 INFO  client.GrpcClientProtocolClient (GrpcClientProtocolClient.java:onNext(254)) - client-09EBABE1B9AF->325d518f-bf0d-428a-814f-266b27e759e4: receive RaftClientReply:client-09EBABE1B9AF->325d518f-bf0d-428a-814f-266b27e759e4@group-9696F0872FC0, cid=3800, SUCCESS, logIndex=6225, commits[325d518f-bf0d-428a-814f-266b27e759e4:c6226]
2019-06-15 10:53:19,838 DEBUG block.SCMBlockDeletingService (SCMBlockDeletingService.java:call(138)) - Running DeletedBlockTransactionScanner
2019-06-15 10:53:19,838 DEBUG block.SCMBlockDeletingService (SCMBlockDeletingService.java:call(155)) - Scanned deleted blocks log and got 0 delTX to process.
2019-06-15 10:53:19,888 INFO  client.GrpcClientProtocolClient (GrpcClientProtocolClient.java:onNext(254)) - client-09EBABE1B9AF->325d518f-bf0d-428a-814f-266b27e759e4: receive RaftClientReply:client-09EBABE1B9AF->325d518f-bf0d-428a-814f-266b27e759e4@group-9696F0872FC0, cid=3801, SUCCESS, logIndex=6227, commits[325d518f-bf0d-428a-814f-266b27e759e4:c6227]
2019-06-15 10:53:19,891 INFO  client.GrpcClientProtocolClient (GrpcClientProtocolClient.java:onNext(254)) - client-09EBABE1B9AF->325d518f-bf0d-428a-814f-266b27e759e4: receive RaftClientReply:client-09EBABE1B9AF->325d518f-bf0d-428a-814f-266b27e759e4@group-9696F0872FC0, cid=3802, SUCCESS, logIndex=6229, commits[325d518f-bf0d-428a-814f-266b27e759e4:c6231]
2019-06-15 10:53:19,891 INFO  client.GrpcClientProtocolClient (GrpcClientProtocolClient.java:onNext(254)) - client-09EBABE1B9AF->325d518f-bf0d-428a-814f-266b27e759e4: receive RaftClientReply:client-09EBABE1B9AF->325d518f-bf0d-428a-814f-266b27e759e4@group-9696F0872FC0, cid=3803, SUCCESS, logIndex=6230, commits[325d518f-bf0d-428a-814f-266b27e759e4:c6231]
2019-06-15 10:53:19,891 INFO  client.GrpcClientProtocolClient (GrpcClientProtocolClient.java:onNext(254)) - client-09EBABE1B9AF->325d518f-bf0d-428a-814f-266b27e759e4: receive RaftClientReply:client-09EBABE1B9AF->325d518f-bf0d-428a-814f-266b27e759e4@group-9696F0872FC0, cid=3804, SUCCESS, logIndex=6231, commits[325d518f-bf0d-428a-814f-266b27e759e4:c6232]
2019-06-15 10:53:19,896 INFO  client.GrpcClientProtocolClient (GrpcClientProtocolClient.java:onNext(254)) - client-09EBABE1B9AF->325d518f-bf0d-428a-814f-266b27e759e4: receive RaftClientReply:client-09EBABE1B9AF->325d518f-bf0d-428a-814f-266b27e759e4@group-9696F0872FC0, cid=3805, SUCCESS, logIndex=6233, commits[325d518f-bf0d-428a-814f-266b27e759e4:c6233]
2019-06-15 10:53:19,897 INFO  client.GrpcClientProtocolClient (GrpcClientProtocolClient.java:onNext(254)) - client-09EBABE1B9AF->325d518f-bf0d-428a-814f-266b27e759e4: receive RaftClientReply:client-09EBABE1B9AF->325d518f-bf0d-428a-814f-266b27e759e4@group-9696F0872FC0, cid=3806, SUCCESS, logIndex=6235, commits[325d518f-bf0d-428a-814f-266b27e759e4:c6235]
2019-06-15 10:53:19,898 INFO  client.GrpcClientProtocolClient (GrpcClientProtocolClient.java:onNext(254)) - client-09EBABE1B9AF->325d518f-bf0d-428a-814f-266b27e759e4: receive RaftClientReply:client-09EBABE1B9AF->325d518f-bf0d-428a-814f-266b27e759e4@group-9696F0872FC0, cid=3807, SUCCESS, logIndex=6236, commits[325d518f-bf0d-428a-814f-266b27e759e4:c6238]
2019-06-15 10:53:19,898 INFO  client.GrpcClientProtocolClient (GrpcClientProtocolClient.java:onNext(254)) - client-09EBABE1B9AF->325d518f-bf0d-428a-814f-266b27e759e4: receive RaftClientReply:client-09EBABE1B9AF->325d518f-bf0d-428a-814f-266b27e759e4@group-9696F0872FC0, cid=3808, SUCCESS, logIndex=6237, commits[325d518f-bf0d-428a-814f-266b27e759e4:c6238]
2019-06-15 10:53:19,914 INFO  client.GrpcClientProtocolClient (GrpcClientProtocolClient.java:onNext(254)) - client-09EBABE1B9AF->325d518f-bf0d-428a-814f-266b27e759e4: receive RaftClientReply:client-09EBABE1B9AF->325d518f-bf0d-428a-814f-266b27e759e4@group-9696F0872FC0, cid=3809, SUCCESS, logIndex=6239, commits[325d518f-bf0d-428a-814f-266b27e759e4:c6239]
2019-06-15 10:53:19,914 INFO  client.GrpcClientProtocolClient (GrpcClientProtocolClient.java:onNext(254)) - client-09EBABE1B9AF->325d518f-bf0d-428a-814f-266b27e759e4: receive RaftClientReply:client-09EBABE1B9AF->325d518f-bf0d-428a-814f-266b27e759e4@group-9696F0872FC0, cid=3810, SUCCESS, logIndex=6241, commits[325d518f-bf0d-428a-814f-266b27e759e4:c6241]
2019-06-15 10:53:19,917 INFO  client.GrpcClientProtocolClient (GrpcClientProtocolClient.java:onNext(254)) - client-09EBABE1B9AF->325d518f-bf0d-428a-814f-266b27e759e4: receive RaftClientReply:client-09EBABE1B9AF->325d518f-bf0d-428a-814f-266b27e759e4@group-9696F0872FC0, cid=3811, SUCCESS, logIndex=6242, commits[325d518f-bf0d-428a-814f-266b27e759e4:c6244]
2019-06-15 10:53:19,917 INFO  client.GrpcClientProtocolClient (GrpcClientProtocolClient.java:onNext(254)) - client-09EBABE1B9AF->325d518f-bf0d-428a-814f-266b27e759e4: receive RaftClientReply:client-09EBABE1B9AF->325d518f-bf0d-428a-814f-266b27e759e4@group-9696F0872FC0, cid=3812, SUCCESS, logIndex=6243, commits[325d518f-bf0d-428a-814f-266b27e759e4:c6244]
2019-06-15 10:53:19,922 INFO  client.GrpcClientProtocolClient (GrpcClientProtocolClient.java:onNext(254)) - client-09EBABE1B9AF->325d518f-bf0d-428a-814f-266b27e759e4: receive RaftClientReply:client-09EBABE1B9AF->325d518f-bf0d-428a-814f-266b27e759e4@group-9696F0872FC0, cid=3813, SUCCESS, logIndex=6245, commits[325d518f-bf0d-428a-814f-266b27e759e4:c6245]
2019-06-15 10:53:19,924 INFO  client.GrpcClientProtocolClient (GrpcClientProtocolClient.java:onNext(254)) - client-09EBABE1B9AF->325d518f-bf0d-428a-814f-266b27e759e4: receive RaftClientReply:client-09EBABE1B9AF->325d518f-bf0d-428a-814f-266b27e759e4@group-9696F0872FC0, cid=3814, SUCCESS, logIndex=6247, commits[325d518f-bf0d-428a-814f-266b27e759e4:c6247]
2019-06-15 10:53:19,925 INFO  client.GrpcClientProtocolClient (GrpcClientProtocolClient.java:onNext(254)) - client-09EBABE1B9AF->325d518f-bf0d-428a-814f-266b27e759e4: receive RaftClientReply:client-09EBABE1B9AF->325d518f-bf0d-428a-814f-266b27e759e4@group-9696F0872FC0, cid=3815, SUCCESS, logIndex=6248, commits[325d518f-bf0d-428a-814f-266b27e759e4:c6249]
2019-06-15 10:53:19,925 INFO  client.GrpcClientProtocolClient (GrpcClientProtocolClient.java:onNext(254)) - client-09EBABE1B9AF->325d518f-bf0d-428a-814f-266b27e759e4: receive RaftClientReply:client-09EBABE1B9AF->325d518f-bf0d-428a-814f-266b27e759e4@group-9696F0872FC0, cid=3816, SUCCESS, logIndex=6249, commits[325d518f-bf0d-428a-814f-266b27e759e4:c6249]
2019-06-15 10:53:19,936 INFO  client.GrpcClientProtocolClient (GrpcClientProtocolClient.java:onNext(254)) - client-09EBABE1B9AF->325d518f-bf0d-428a-814f-266b27e759e4: receive RaftClientReply:client-09EBABE1B9AF->325d518f-bf0d-428a-814f-266b27e759e4@group-9696F0872FC0, cid=3817, SUCCESS, logIndex=6252, commits[325d518f-bf0d-428a-814f-266b27e759e4:c6252]
2019-06-15 10:53:19,939 INFO  client.GrpcClientProtocolClient (GrpcClientProtocolClient.java:onNext(254)) - client-09EBABE1B9AF->325d518f-bf0d-428a-814f-266b27e759e4: receive RaftClientReply:client-09EBABE1B9AF->325d518f-bf0d-428a-814f-266b27e759e4@group-9696F0872FC0, cid=3818, SUCCESS, logIndex=6254, commits[325d518f-bf0d-428a-814f-266b27e759e4:c6254]
2019-06-15 10:53:19,939 DEBUG block.SCMBlockDeletingService (SCMBlockDeletingService.java:call(138)) - Running DeletedBlockTransactionScanner
2019-06-15 10:53:19,939 DEBUG block.SCMBlockDeletingService (SCMBlockDeletingService.java:call(155)) - Scanned deleted blocks log and got 0 delTX to process.
2019-06-15 10:53:19,940 INFO  client.GrpcClientProtocolClient (GrpcClientProtocolClient.java:onNext(254)) - client-09EBABE1B9AF->325d518f-bf0d-428a-814f-266b27e759e4: receive RaftClientReply:client-09EBABE1B9AF->325d518f-bf0d-428a-814f-266b27e759e4@group-9696F0872FC0, cid=3819, SUCCESS, logIndex=6255, commits[325d518f-bf0d-428a-814f-266b27e759e4:c6255]
2019-06-15 10:53:19,941 INFO  client.GrpcClientProtocolClient (GrpcClientProtocolClient.java:onNext(254)) - client-09EBABE1B9AF->325d518f-bf0d-428a-814f-266b27e759e4: receive RaftClientReply:client-09EBABE1B9AF->325d518f-bf0d-428a-814f-266b27e759e4@group-9696F0872FC0, cid=3820, SUCCESS, logIndex=6257, commits[325d518f-bf0d-428a-814f-266b27e759e4:c6258]
2019-06-15 10:53:19,946 INFO  client.GrpcClientProtocolClient (GrpcClientProtocolClient.java:onNext(254)) - client-09EBABE1B9AF->325d518f-bf0d-428a-814f-266b27e759e4: receive RaftClientReply:client-09EBABE1B9AF->325d518f-bf0d-428a-814f-266b27e759e4@group-9696F0872FC0, cid=3821, SUCCESS, logIndex=6259, commits[325d518f-bf0d-428a-814f-266b27e759e4:c6259]
2019-06-15 10:53:19,947 INFO  client.GrpcClientProtocolClient (GrpcClientProtocolClient.java:onNext(254)) - client-09EBABE1B9AF->325d518f-bf0d-428a-814f-266b27e759e4: receive RaftClientReply:client-09EBABE1B9AF->325d518f-bf0d-428a-814f-266b27e759e4@group-9696F0872FC0, cid=3822, SUCCESS, logIndex=6261, commits[325d518f-bf0d-428a-814f-266b27e759e4:c6261]
2019-06-15 10:53:19,949 INFO  client.GrpcClientProtocolClient (GrpcClientProtocolClient.java:onNext(254)) - client-09EBABE1B9AF->325d518f-bf0d-428a-814f-266b27e759e4: receive RaftClientReply:client-09EBABE1B9AF->325d518f-bf0d-428a-814f-266b27e759e4@group-9696F0872FC0, cid=3823, SUCCESS, logIndex=6263, commits[325d518f-bf0d-428a-814f-266b27e759e4:c6264]
2019-06-15 10:53:19,949 INFO  client.GrpcClientProtocolClient (GrpcClientProtocolClient.java:onNext(254)) - client-09EBABE1B9AF->325d518f-bf0d-428a-814f-266b27e759e4: receive RaftClientReply:client-09EBABE1B9AF->325d518f-bf0d-428a-814f-266b27e759e4@group-9696F0872FC0, cid=3824, SUCCESS, logIndex=6264, commits[325d518f-bf0d-428a-814f-266b27e759e4:c6264]
2019-06-15 10:53:19,961 INFO  client.GrpcClientProtocolClient (GrpcClientProtocolClient.java:onNext(254)) - client-09EBABE1B9AF->325d518f-bf0d-428a-814f-266b27e759e4: receive RaftClientReply:client-09EBABE1B9AF->325d518f-bf0d-428a-814f-266b27e759e4@group-9696F0872FC0, cid=3825, SUCCESS, logIndex=6266, commits[325d518f-bf0d-428a-814f-266b27e759e4:c6266]
2019-06-15 10:53:19,962 INFO  client.GrpcClientProtocolClient (GrpcClientProtocolClient.java:onNext(254)) - client-09EBABE1B9AF->325d518f-bf0d-428a-814f-266b27e759e4: receive RaftClientReply:client-09EBABE1B9AF->325d518f-bf0d-428a-814f-266b27e759e4@group-9696F0872FC0, cid=3826, SUCCESS, logIndex=6268, commits[325d518f-bf0d-428a-814f-266b27e759e4:c6268]
2019-06-15 10:53:19,963 INFO  client.GrpcClientProtocolClient (GrpcClientProtocolClient.java:onNext(254)) - client-09EBABE1B9AF->325d518f-bf0d-428a-814f-266b27e759e4: receive RaftClientReply:client-09EBABE1B9AF->325d518f-bf0d-428a-814f-266b27e759e4@group-9696F0872FC0, cid=3827, SUCCESS, logIndex=6269, commits[325d518f-bf0d-428a-814f-266b27e759e4:c6271]
2019-06-15 10:53:19,964 INFO  client.GrpcClientProtocolClient (GrpcClientProtocolClient.java:onNext(254)) - client-09EBABE1B9AF->325d518f-bf0d-428a-814f-266b27e759e4: receive RaftClientReply:client-09EBABE1B9AF->325d518f-bf0d-428a-814f-266b27e759e4@group-9696F0872FC0, cid=3828, SUCCESS, logIndex=6271, commits[325d518f-bf0d-428a-814f-266b27e759e4:c6271]
2019-06-15 10:53:19,969 INFO  client.GrpcClientProtocolClient (GrpcClientProtocolClient.java:onNext(254)) - client-09EBABE1B9AF->325d518f-bf0d-428a-814f-266b27e759e4: receive RaftClientReply:client-09EBABE1B9AF->325d518f-bf0d-428a-814f-266b27e759e4@group-9696F0872FC0, cid=3829, SUCCESS, logIndex=6273, commits[325d518f-bf0d-428a-814f-266b27e759e4:c6273]
2019-06-15 10:53:19,969 INFO  storage.RaftLogWorker (RaftLogWorker.java:rollLogSegment(303)) - 325d518f-bf0d-428a-814f-266b27e759e4-RaftLogWorker: Rolling segment log-6208_6276 to index:6276
2019-06-15 10:53:19,970 INFO  client.GrpcClientProtocolClient (GrpcClientProtocolClient.java:onNext(254)) - client-09EBABE1B9AF->325d518f-bf0d-428a-814f-266b27e759e4: receive RaftClientReply:client-09EBABE1B9AF->325d518f-bf0d-428a-814f-266b27e759e4@group-9696F0872FC0, cid=3830, SUCCESS, logIndex=6275, commits[325d518f-bf0d-428a-814f-266b27e759e4:c6275]
2019-06-15 10:53:19,971 INFO  storage.RaftLogWorker (RaftLogWorker.java:execute(433)) - 325d518f-bf0d-428a-814f-266b27e759e4-RaftLogWorker: Rolled log segment from /opt/src/hadoop-ozone/integration-test/target/test-dir/MiniOzoneClusterImpl-dd99cefe-9779-4043-9d74-181b69d2a827/datanode-0/data/ratis/e0f1d9ef-e225-4b24-a786-9696f0872fc0/current/log_inprogress_6208 to /opt/src/hadoop-ozone/integration-test/target/test-dir/MiniOzoneClusterImpl-dd99cefe-9779-4043-9d74-181b69d2a827/datanode-0/data/ratis/e0f1d9ef-e225-4b24-a786-9696f0872fc0/current/log_6208-6276
2019-06-15 10:53:19,974 INFO  client.GrpcClientProtocolClient (GrpcClientProtocolClient.java:onNext(254)) - client-09EBABE1B9AF->325d518f-bf0d-428a-814f-266b27e759e4: receive RaftClientReply:client-09EBABE1B9AF->325d518f-bf0d-428a-814f-266b27e759e4@group-9696F0872FC0, cid=3831, SUCCESS, logIndex=6276, commits[325d518f-bf0d-428a-814f-266b27e759e4:c6276]
2019-06-15 10:53:20,007 INFO  storage.RaftLogWorker (RaftLogWorker.java:execute(469)) - 325d518f-bf0d-428a-814f-266b27e759e4-RaftLogWorker: created new log segment /opt/src/hadoop-ozone/integration-test/target/test-dir/MiniOzoneClusterImpl-dd99cefe-9779-4043-9d74-181b69d2a827/datanode-0/data/ratis/e0f1d9ef-e225-4b24-a786-9696f0872fc0/current/log_inprogress_6277
2019-06-15 10:53:20,008 INFO  client.GrpcClientProtocolClient (GrpcClientProtocolClient.java:onNext(254)) - client-09EBABE1B9AF->325d518f-bf0d-428a-814f-266b27e759e4: receive RaftClientReply:client-09EBABE1B9AF->325d518f-bf0d-428a-814f-266b27e759e4@group-9696F0872FC0, cid=3832, SUCCESS, logIndex=6277, commits[325d518f-bf0d-428a-814f-266b27e759e4:c6279]
2019-06-15 10:53:20,020 INFO  client.GrpcClientProtocolClient (GrpcClientProtocolClient.java:onNext(254)) - client-09EBABE1B9AF->325d518f-bf0d-428a-814f-266b27e759e4: receive RaftClientReply:client-09EBABE1B9AF->325d518f-bf0d-428a-814f-266b27e759e4@group-9696F0872FC0, cid=3833, SUCCESS, logIndex=6280, commits[325d518f-bf0d-428a-814f-266b27e759e4:c6280]
2019-06-15 10:53:20,021 INFO  client.GrpcClientProtocolClient (GrpcClientProtocolClient.java:onNext(254)) - client-09EBABE1B9AF->325d518f-bf0d-428a-814f-266b27e759e4: receive RaftClientReply:client-09EBABE1B9AF->325d518f-bf0d-428a-814f-266b27e759e4@group-9696F0872FC0, cid=3834, SUCCESS, logIndex=6282, commits[325d518f-bf0d-428a-814f-266b27e759e4:c6282]
2019-06-15 10:53:20,022 INFO  client.GrpcClientProtocolClient (GrpcClientProtocolClient.java:onNext(254)) - client-09EBABE1B9AF->325d518f-bf0d-428a-814f-266b27e759e4: receive RaftClientReply:client-09EBABE1B9AF->325d518f-bf0d-428a-814f-266b27e759e4@group-9696F0872FC0, cid=3835, SUCCESS, logIndex=6283, commits[325d518f-bf0d-428a-814f-266b27e759e4:c6285]
2019-06-15 10:53:20,023 INFO  client.GrpcClientProtocolClient (GrpcClientProtocolClient.java:onNext(254)) - client-09EBABE1B9AF->325d518f-bf0d-428a-814f-266b27e759e4: receive RaftClientReply:client-09EBABE1B9AF->325d518f-bf0d-428a-814f-266b27e759e4@group-9696F0872FC0, cid=3836, SUCCESS, logIndex=6284, commits[325d518f-bf0d-428a-814f-266b27e759e4:c6285]
2019-06-15 10:53:20,028 INFO  client.GrpcClientProtocolClient (GrpcClientProtocolClient.java:onNext(254)) - client-09EBABE1B9AF->325d518f-bf0d-428a-814f-266b27e759e4: receive RaftClientReply:client-09EBABE1B9AF->325d518f-bf0d-428a-814f-266b27e759e4@group-9696F0872FC0, cid=3837, SUCCESS, logIndex=6286, commits[325d518f-bf0d-428a-814f-266b27e759e4:c6286]
2019-06-15 10:53:20,029 INFO  client.GrpcClientProtocolClient (GrpcClientProtocolClient.java:onNext(254)) - client-09EBABE1B9AF->325d518f-bf0d-428a-814f-266b27e759e4: receive RaftClientReply:client-09EBABE1B9AF->325d518f-bf0d-428a-814f-266b27e759e4@group-9696F0872FC0, cid=3838, SUCCESS, logIndex=6288, commits[325d518f-bf0d-428a-814f-266b27e759e4:c6288]
2019-06-15 10:53:20,030 INFO  client.GrpcClientProtocolClient (GrpcClientProtocolClient.java:onNext(254)) - client-09EBABE1B9AF->325d518f-bf0d-428a-814f-266b27e759e4: receive RaftClientReply:client-09EBABE1B9AF->325d518f-bf0d-428a-814f-266b27e759e4@group-9696F0872FC0, cid=3839, SUCCESS, logIndex=6289, commits[325d518f-bf0d-428a-814f-266b27e759e4:c6290]
2019-06-15 10:53:20,031 INFO  client.GrpcClientProtocolClient (GrpcClientProtocolClient.java:onNext(254)) - client-09EBABE1B9AF->325d518f-bf0d-428a-814f-266b27e759e4: receive RaftClientReply:client-09EBABE1B9AF->325d518f-bf0d-428a-814f-266b27e759e4@group-9696F0872FC0, cid=3840, SUCCESS, logIndex=6291, commits[325d518f-bf0d-428a-814f-266b27e759e4:c6291]
2019-06-15 10:53:20,039 DEBUG block.SCMBlockDeletingService (SCMBlockDeletingService.java:call(138)) - Running DeletedBlockTransactionScanner
2019-06-15 10:53:20,039 DEBUG block.SCMBlockDeletingService (SCMBlockDeletingService.java:call(155)) - Scanned deleted blocks log and got 0 delTX to process.
2019-06-15 10:53:20,043 INFO  client.GrpcClientProtocolClient (GrpcClientProtocolClient.java:onNext(254)) - client-09EBABE1B9AF->325d518f-bf0d-428a-814f-266b27e759e4: receive RaftClientReply:client-09EBABE1B9AF->325d518f-bf0d-428a-814f-266b27e759e4@group-9696F0872FC0, cid=3841, SUCCESS, logIndex=6293, commits[325d518f-bf0d-428a-814f-266b27e759e4:c6293]
2019-06-15 10:53:20,045 INFO  client.GrpcClientProtocolClient (GrpcClientProtocolClient.java:onNext(254)) - client-09EBABE1B9AF->325d518f-bf0d-428a-814f-266b27e759e4: receive RaftClientReply:client-09EBABE1B9AF->325d518f-bf0d-428a-814f-266b27e759e4@group-9696F0872FC0, cid=3842, SUCCESS, logIndex=6295, commits[325d518f-bf0d-428a-814f-266b27e759e4:c6295]
2019-06-15 10:53:20,046 INFO  client.GrpcClientProtocolClient (GrpcClientProtocolClient.java:onNext(254)) - client-09EBABE1B9AF->325d518f-bf0d-428a-814f-266b27e759e4: receive RaftClientReply:client-09EBABE1B9AF->325d518f-bf0d-428a-814f-266b27e759e4@group-9696F0872FC0, cid=3843, SUCCESS, logIndex=6296, commits[325d518f-bf0d-428a-814f-266b27e759e4:c6298]
2019-06-15 10:53:20,046 INFO  client.GrpcClientProtocolClient (GrpcClientProtocolClient.java:onNext(254)) - client-09EBABE1B9AF->325d518f-bf0d-428a-814f-266b27e759e4: receive RaftClientReply:client-09EBABE1B9AF->325d518f-bf0d-428a-814f-266b27e759e4@group-9696F0872FC0, cid=3844, SUCCESS, logIndex=6297, commits[325d518f-bf0d-428a-814f-266b27e759e4:c6298]
2019-06-15 10:53:20,127 INFO  client.GrpcClientProtocolClient (GrpcClientProtocolClient.java:onNext(254)) - client-09EBABE1B9AF->325d518f-bf0d-428a-814f-266b27e759e4: receive RaftClientReply:client-09EBABE1B9AF->325d518f-bf0d-428a-814f-266b27e759e4@group-9696F0872FC0, cid=3845, SUCCESS, logIndex=6299, commits[325d518f-bf0d-428a-814f-266b27e759e4:c6299]
2019-06-15 10:53:20,128 INFO  client.GrpcClientProtocolClient (GrpcClientProtocolClient.java:onNext(254)) - client-09EBABE1B9AF->325d518f-bf0d-428a-814f-266b27e759e4: receive RaftClientReply:client-09EBABE1B9AF->325d518f-bf0d-428a-814f-266b27e759e4@group-9696F0872FC0, cid=3846, SUCCESS, logIndex=6301, commits[325d518f-bf0d-428a-814f-266b27e759e4:c6301]
2019-06-15 10:53:20,129 INFO  client.GrpcClientProtocolClient (GrpcClientProtocolClient.java:onNext(254)) - client-09EBABE1B9AF->325d518f-bf0d-428a-814f-266b27e759e4: receive RaftClientReply:client-09EBABE1B9AF->325d518f-bf0d-428a-814f-266b27e759e4@group-9696F0872FC0, cid=3847, SUCCESS, logIndex=6302, commits[325d518f-bf0d-428a-814f-266b27e759e4:c6304]
2019-06-15 10:53:20,129 INFO  client.GrpcClientProtocolClient (GrpcClientProtocolClient.java:onNext(254)) - client-09EBABE1B9AF->325d518f-bf0d-428a-814f-266b27e759e4: receive RaftClientReply:client-09EBABE1B9AF->325d518f-bf0d-428a-814f-266b27e759e4@group-9696F0872FC0, cid=3848, SUCCESS, logIndex=6303, commits[325d518f-bf0d-428a-814f-266b27e759e4:c6304]
2019-06-15 10:53:20,139 DEBUG block.SCMBlockDeletingService (SCMBlockDeletingService.java:call(138)) - Running DeletedBlockTransactionScanner
2019-06-15 10:53:20,140 DEBUG block.SCMBlockDeletingService (SCMBlockDeletingService.java:call(155)) - Scanned deleted blocks log and got 0 delTX to process.
2019-06-15 10:53:20,140 INFO  client.GrpcClientProtocolClient (GrpcClientProtocolClient.java:onNext(254)) - client-09EBABE1B9AF->325d518f-bf0d-428a-814f-266b27e759e4: receive RaftClientReply:client-09EBABE1B9AF->325d518f-bf0d-428a-814f-266b27e759e4@group-9696F0872FC0, cid=3849, SUCCESS, logIndex=6305, commits[325d518f-bf0d-428a-814f-266b27e759e4:c6305]
2019-06-15 10:53:20,141 INFO  client.GrpcClientProtocolClient (GrpcClientProtocolClient.java:onNext(254)) - client-09EBABE1B9AF->325d518f-bf0d-428a-814f-266b27e759e4: receive RaftClientReply:client-09EBABE1B9AF->325d518f-bf0d-428a-814f-266b27e759e4@group-9696F0872FC0, cid=3850, SUCCESS, logIndex=6307, commits[325d518f-bf0d-428a-814f-266b27e759e4:c6307]
2019-06-15 10:53:20,142 INFO  client.GrpcClientProtocolClient (GrpcClientProtocolClient.java:onNext(254)) - client-09EBABE1B9AF->325d518f-bf0d-428a-814f-266b27e759e4: receive RaftClientReply:client-09EBABE1B9AF->325d518f-bf0d-428a-814f-266b27e759e4@group-9696F0872FC0, cid=3851, SUCCESS, logIndex=6308, commits[325d518f-bf0d-428a-814f-266b27e759e4:c6310]
2019-06-15 10:53:20,143 INFO  client.GrpcClientProtocolClient (GrpcClientProtocolClient.java:onNext(254)) - client-09EBABE1B9AF->325d518f-bf0d-428a-814f-266b27e759e4: receive RaftClientReply:client-09EBABE1B9AF->325d518f-bf0d-428a-814f-266b27e759e4@group-9696F0872FC0, cid=3852, SUCCESS, logIndex=6309, commits[325d518f-bf0d-428a-814f-266b27e759e4:c6310]
2019-06-15 10:53:20,147 INFO  client.GrpcClientProtocolClient (GrpcClientProtocolClient.java:onNext(254)) - client-09EBABE1B9AF->325d518f-bf0d-428a-814f-266b27e759e4: receive RaftClientReply:client-09EBABE1B9AF->325d518f-bf0d-428a-814f-266b27e759e4@group-9696F0872FC0, cid=3853, SUCCESS, logIndex=6311, commits[325d518f-bf0d-428a-814f-266b27e759e4:c6311]
2019-06-15 10:53:20,150 INFO  client.GrpcClientProtocolClient (GrpcClientProtocolClient.java:onNext(254)) - client-09EBABE1B9AF->325d518f-bf0d-428a-814f-266b27e759e4: receive RaftClientReply:client-09EBABE1B9AF->325d518f-bf0d-428a-814f-266b27e759e4@group-9696F0872FC0, cid=3854, SUCCESS, logIndex=6313, commits[325d518f-bf0d-428a-814f-266b27e759e4:c6316]
2019-06-15 10:53:20,151 INFO  client.GrpcClientProtocolClient (GrpcClientProtocolClient.java:onNext(254)) - client-09EBABE1B9AF->325d518f-bf0d-428a-814f-266b27e759e4: receive RaftClientReply:client-09EBABE1B9AF->325d518f-bf0d-428a-814f-266b27e759e4@group-9696F0872FC0, cid=3855, SUCCESS, logIndex=6314, commits[325d518f-bf0d-428a-814f-266b27e759e4:c6316]
2019-06-15 10:53:20,151 INFO  client.GrpcClientProtocolClient (GrpcClientProtocolClient.java:onNext(254)) - client-09EBABE1B9AF->325d518f-bf0d-428a-814f-266b27e759e4: receive RaftClientReply:client-09EBABE1B9AF->325d518f-bf0d-428a-814f-266b27e759e4@group-9696F0872FC0, cid=3856, SUCCESS, logIndex=6315, commits[325d518f-bf0d-428a-814f-266b27e759e4:c6316]
2019-06-15 10:53:20,161 INFO  client.GrpcClientProtocolClient (GrpcClientProtocolClient.java:onNext(254)) - client-09EBABE1B9AF->325d518f-bf0d-428a-814f-266b27e759e4: receive RaftClientReply:client-09EBABE1B9AF->325d518f-bf0d-428a-814f-266b27e759e4@group-9696F0872FC0, cid=3857, SUCCESS, logIndex=6317, commits[325d518f-bf0d-428a-814f-266b27e759e4:c6317]
2019-06-15 10:53:20,162 INFO  client.GrpcClientProtocolClient (GrpcClientProtocolClient.java:onNext(254)) - client-09EBABE1B9AF->325d518f-bf0d-428a-814f-266b27e759e4: receive RaftClientReply:client-09EBABE1B9AF->325d518f-bf0d-428a-814f-266b27e759e4@group-9696F0872FC0, cid=3858, SUCCESS, logIndex=6319, commits[325d518f-bf0d-428a-814f-266b27e759e4:c6319]
2019-06-15 10:53:20,164 INFO  client.GrpcClientProtocolClient (GrpcClientProtocolClient.java:onNext(254)) - client-09EBABE1B9AF->325d518f-bf0d-428a-814f-266b27e759e4: receive RaftClientReply:client-09EBABE1B9AF->325d518f-bf0d-428a-814f-266b27e759e4@group-9696F0872FC0, cid=3859, SUCCESS, logIndex=6320, commits[325d518f-bf0d-428a-814f-266b27e759e4:c6322]
2019-06-15 10:53:20,164 INFO  client.GrpcClientProtocolClient (GrpcClientProtocolClient.java:onNext(254)) - client-09EBABE1B9AF->325d518f-bf0d-428a-814f-266b27e759e4: receive RaftClientReply:client-09EBABE1B9AF->325d518f-bf0d-428a-814f-266b27e759e4@group-9696F0872FC0, cid=3860, SUCCESS, logIndex=6321, commits[325d518f-bf0d-428a-814f-266b27e759e4:c6322]
2019-06-15 10:53:20,169 INFO  client.GrpcClientProtocolClient (GrpcClientProtocolClient.java:onNext(254)) - client-09EBABE1B9AF->325d518f-bf0d-428a-814f-266b27e759e4: receive RaftClientReply:client-09EBABE1B9AF->325d518f-bf0d-428a-814f-266b27e759e4@group-9696F0872FC0, cid=3861, SUCCESS, logIndex=6323, commits[325d518f-bf0d-428a-814f-266b27e759e4:c6323]
2019-06-15 10:53:20,170 INFO  client.GrpcClientProtocolClient (GrpcClientProtocolClient.java:onNext(254)) - client-09EBABE1B9AF->325d518f-bf0d-428a-814f-266b27e759e4: receive RaftClientReply:client-09EBABE1B9AF->325d518f-bf0d-428a-814f-266b27e759e4@group-9696F0872FC0, cid=3862, SUCCESS, logIndex=6325, commits[325d518f-bf0d-428a-814f-266b27e759e4:c6325]
2019-06-15 10:53:20,171 INFO  client.GrpcClientProtocolClient (GrpcClientProtocolClient.java:onNext(254)) - client-09EBABE1B9AF->325d518f-bf0d-428a-814f-266b27e759e4: receive RaftClientReply:client-09EBABE1B9AF->325d518f-bf0d-428a-814f-266b27e759e4@group-9696F0872FC0, cid=3863, SUCCESS, logIndex=6326, commits[325d518f-bf0d-428a-814f-266b27e759e4:c6328]
2019-06-15 10:53:20,172 INFO  client.GrpcClientProtocolClient (GrpcClientProtocolClient.java:onNext(254)) - client-09EBABE1B9AF->325d518f-bf0d-428a-814f-266b27e759e4: receive RaftClientReply:client-09EBABE1B9AF->325d518f-bf0d-428a-814f-266b27e759e4@group-9696F0872FC0, cid=3864, SUCCESS, logIndex=6327, commits[325d518f-bf0d-428a-814f-266b27e759e4:c6328]
2019-06-15 10:53:20,229 INFO  client.GrpcClientProtocolClient (GrpcClientProtocolClient.java:onNext(254)) - client-09EBABE1B9AF->325d518f-bf0d-428a-814f-266b27e759e4: receive RaftClientReply:client-09EBABE1B9AF->325d518f-bf0d-428a-814f-266b27e759e4@group-9696F0872FC0, cid=3865, SUCCESS, logIndex=6329, commits[325d518f-bf0d-428a-814f-266b27e759e4:c6329]
2019-06-15 10:53:20,231 INFO  client.GrpcClientProtocolClient (GrpcClientProtocolClient.java:onNext(254)) - client-09EBABE1B9AF->325d518f-bf0d-428a-814f-266b27e759e4: receive RaftClientReply:client-09EBABE1B9AF->325d518f-bf0d-428a-814f-266b27e759e4@group-9696F0872FC0, cid=3866, SUCCESS, logIndex=6331, commits[325d518f-bf0d-428a-814f-266b27e759e4:c6331]
2019-06-15 10:53:20,231 INFO  client.GrpcClientProtocolClient (GrpcClientProtocolClient.java:onNext(254)) - client-09EBABE1B9AF->325d518f-bf0d-428a-814f-266b27e759e4: receive RaftClientReply:client-09EBABE1B9AF->325d518f-bf0d-428a-814f-266b27e759e4@group-9696F0872FC0, cid=3867, SUCCESS, logIndex=6332, commits[325d518f-bf0d-428a-814f-266b27e759e4:c6334]
2019-06-15 10:53:20,231 INFO  client.GrpcClientProtocolClient (GrpcClientProtocolClient.java:onNext(254)) - client-09EBABE1B9AF->325d518f-bf0d-428a-814f-266b27e759e4: receive RaftClientReply:client-09EBABE1B9AF->325d518f-bf0d-428a-814f-266b27e759e4@group-9696F0872FC0, cid=3868, SUCCESS, logIndex=6333, commits[325d518f-bf0d-428a-814f-266b27e759e4:c6334]
2019-06-15 10:53:20,236 INFO  client.GrpcClientProtocolClient (GrpcClientProtocolClient.java:onNext(254)) - client-09EBABE1B9AF->325d518f-bf0d-428a-814f-266b27e759e4: receive RaftClientReply:client-09EBABE1B9AF->325d518f-bf0d-428a-814f-266b27e759e4@group-9696F0872FC0, cid=3869, SUCCESS, logIndex=6335, commits[325d518f-bf0d-428a-814f-266b27e759e4:c6335]
2019-06-15 10:53:20,237 INFO  client.GrpcClientProtocolClient (GrpcClientProtocolClient.java:onNext(254)) - client-09EBABE1B9AF->325d518f-bf0d-428a-814f-266b27e759e4: receive RaftClientReply:client-09EBABE1B9AF->325d518f-bf0d-428a-814f-266b27e759e4@group-9696F0872FC0, cid=3870, SUCCESS, logIndex=6337, commits[325d518f-bf0d-428a-814f-266b27e759e4:c6337]
2019-06-15 10:53:20,239 INFO  client.GrpcClientProtocolClient (GrpcClientProtocolClient.java:onNext(254)) - client-09EBABE1B9AF->325d518f-bf0d-428a-814f-266b27e759e4: receive RaftClientReply:client-09EBABE1B9AF->325d518f-bf0d-428a-814f-266b27e759e4@group-9696F0872FC0, cid=3871, SUCCESS, logIndex=6338, commits[325d518f-bf0d-428a-814f-266b27e759e4:c6340]
2019-06-15 10:53:20,239 INFO  client.GrpcClientProtocolClient (GrpcClientProtocolClient.java:onNext(254)) - client-09EBABE1B9AF->325d518f-bf0d-428a-814f-266b27e759e4: receive RaftClientReply:client-09EBABE1B9AF->325d518f-bf0d-428a-814f-266b27e759e4@group-9696F0872FC0, cid=3872, SUCCESS, logIndex=6339, commits[325d518f-bf0d-428a-814f-266b27e759e4:c6340]
2019-06-15 10:53:20,240 DEBUG block.SCMBlockDeletingService (SCMBlockDeletingService.java:call(138)) - Running DeletedBlockTransactionScanner
2019-06-15 10:53:20,240 DEBUG block.SCMBlockDeletingService (SCMBlockDeletingService.java:call(155)) - Scanned deleted blocks log and got 0 delTX to process.
2019-06-15 10:53:20,249 INFO  client.GrpcClientProtocolClient (GrpcClientProtocolClient.java:onNext(254)) - client-09EBABE1B9AF->325d518f-bf0d-428a-814f-266b27e759e4: receive RaftClientReply:client-09EBABE1B9AF->325d518f-bf0d-428a-814f-266b27e759e4@group-9696F0872FC0, cid=3873, SUCCESS, logIndex=6341, commits[325d518f-bf0d-428a-814f-266b27e759e4:c6341]
2019-06-15 10:53:20,249 INFO  storage.RaftLogWorker (RaftLogWorker.java:rollLogSegment(303)) - 325d518f-bf0d-428a-814f-266b27e759e4-RaftLogWorker: Rolling segment log-6277_6343 to index:6343
2019-06-15 10:53:20,249 INFO  storage.RaftLogWorker (RaftLogWorker.java:execute(433)) - 325d518f-bf0d-428a-814f-266b27e759e4-RaftLogWorker: Rolled log segment from /opt/src/hadoop-ozone/integration-test/target/test-dir/MiniOzoneClusterImpl-dd99cefe-9779-4043-9d74-181b69d2a827/datanode-0/data/ratis/e0f1d9ef-e225-4b24-a786-9696f0872fc0/current/log_inprogress_6277 to /opt/src/hadoop-ozone/integration-test/target/test-dir/MiniOzoneClusterImpl-dd99cefe-9779-4043-9d74-181b69d2a827/datanode-0/data/ratis/e0f1d9ef-e225-4b24-a786-9696f0872fc0/current/log_6277-6343
2019-06-15 10:53:20,250 INFO  client.GrpcClientProtocolClient (GrpcClientProtocolClient.java:onNext(254)) - client-09EBABE1B9AF->325d518f-bf0d-428a-814f-266b27e759e4: receive RaftClientReply:client-09EBABE1B9AF->325d518f-bf0d-428a-814f-266b27e759e4@group-9696F0872FC0, cid=3874, SUCCESS, logIndex=6343, commits[325d518f-bf0d-428a-814f-266b27e759e4:c6343]
2019-06-15 10:53:20,284 INFO  storage.RaftLogWorker (RaftLogWorker.java:execute(469)) - 325d518f-bf0d-428a-814f-266b27e759e4-RaftLogWorker: created new log segment /opt/src/hadoop-ozone/integration-test/target/test-dir/MiniOzoneClusterImpl-dd99cefe-9779-4043-9d74-181b69d2a827/datanode-0/data/ratis/e0f1d9ef-e225-4b24-a786-9696f0872fc0/current/log_inprogress_6344
2019-06-15 10:53:20,286 INFO  client.GrpcClientProtocolClient (GrpcClientProtocolClient.java:onNext(254)) - client-09EBABE1B9AF->325d518f-bf0d-428a-814f-266b27e759e4: receive RaftClientReply:client-09EBABE1B9AF->325d518f-bf0d-428a-814f-266b27e759e4@group-9696F0872FC0, cid=3875, SUCCESS, logIndex=6344, commits[325d518f-bf0d-428a-814f-266b27e759e4:c6346]
2019-06-15 10:53:20,286 INFO  client.GrpcClientProtocolClient (GrpcClientProtocolClient.java:onNext(254)) - client-09EBABE1B9AF->325d518f-bf0d-428a-814f-266b27e759e4: receive RaftClientReply:client-09EBABE1B9AF->325d518f-bf0d-428a-814f-266b27e759e4@group-9696F0872FC0, cid=3876, SUCCESS, logIndex=6345, commits[325d518f-bf0d-428a-814f-266b27e759e4:c6346]
2019-06-15 10:53:20,291 INFO  client.GrpcClientProtocolClient (GrpcClientProtocolClient.java:onNext(254)) - client-09EBABE1B9AF->325d518f-bf0d-428a-814f-266b27e759e4: receive RaftClientReply:client-09EBABE1B9AF->325d518f-bf0d-428a-814f-266b27e759e4@group-9696F0872FC0, cid=3877, SUCCESS, logIndex=6347, commits[325d518f-bf0d-428a-814f-266b27e759e4:c6347]
2019-06-15 10:53:20,292 INFO  client.GrpcClientProtocolClient (GrpcClientProtocolClient.java:onNext(254)) - client-09EBABE1B9AF->325d518f-bf0d-428a-814f-266b27e759e4: receive RaftClientReply:client-09EBABE1B9AF->325d518f-bf0d-428a-814f-266b27e759e4@group-9696F0872FC0, cid=3878, SUCCESS, logIndex=6349, commits[325d518f-bf0d-428a-814f-266b27e759e4:c6349]
2019-06-15 10:53:20,293 INFO  client.GrpcClientProtocolClient (GrpcClientProtocolClient.java:onNext(254)) - client-09EBABE1B9AF->325d518f-bf0d-428a-814f-266b27e759e4: receive RaftClientReply:client-09EBABE1B9AF->325d518f-bf0d-428a-814f-266b27e759e4@group-9696F0872FC0, cid=3879, SUCCESS, logIndex=6350, commits[325d518f-bf0d-428a-814f-266b27e759e4:c6352]
2019-06-15 10:53:20,293 INFO  client.GrpcClientProtocolClient (GrpcClientProtocolClient.java:onNext(254)) - client-09EBABE1B9AF->325d518f-bf0d-428a-814f-266b27e759e4: receive RaftClientReply:client-09EBABE1B9AF->325d518f-bf0d-428a-814f-266b27e759e4@group-9696F0872FC0, cid=3880, SUCCESS, logIndex=6351, commits[325d518f-bf0d-428a-814f-266b27e759e4:c6352]
2019-06-15 10:53:20,303 INFO  client.GrpcClientProtocolClient (GrpcClientProtocolClient.java:onNext(254)) - client-09EBABE1B9AF->325d518f-bf0d-428a-814f-266b27e759e4: receive RaftClientReply:client-09EBABE1B9AF->325d518f-bf0d-428a-814f-266b27e759e4@group-9696F0872FC0, cid=3881, SUCCESS, logIndex=6353, commits[325d518f-bf0d-428a-814f-266b27e759e4:c6353]
2019-06-15 10:53:20,304 INFO  client.GrpcClientProtocolClient (GrpcClientProtocolClient.java:onNext(254)) - client-09EBABE1B9AF->325d518f-bf0d-428a-814f-266b27e759e4: receive RaftClientReply:client-09EBABE1B9AF->325d518f-bf0d-428a-814f-266b27e759e4@group-9696F0872FC0, cid=3882, SUCCESS, logIndex=6355, commits[325d518f-bf0d-428a-814f-266b27e759e4:c6355]
2019-06-15 10:53:20,305 INFO  client.GrpcClientProtocolClient (GrpcClientProtocolClient.java:onNext(254)) - client-09EBABE1B9AF->325d518f-bf0d-428a-814f-266b27e759e4: receive RaftClientReply:client-09EBABE1B9AF->325d518f-bf0d-428a-814f-266b27e759e4@group-9696F0872FC0, cid=3883, SUCCESS, logIndex=6356, commits[325d518f-bf0d-428a-814f-266b27e759e4:c6358]
2019-06-15 10:53:20,306 INFO  client.GrpcClientProtocolClient (GrpcClientProtocolClient.java:onNext(254)) - client-09EBABE1B9AF->325d518f-bf0d-428a-814f-266b27e759e4: receive RaftClientReply:client-09EBABE1B9AF->325d518f-bf0d-428a-814f-266b27e759e4@group-9696F0872FC0, cid=3884, SUCCESS, logIndex=6357, commits[325d518f-bf0d-428a-814f-266b27e759e4:c6358]
2019-06-15 10:53:20,310 INFO  client.GrpcClientProtocolClient (GrpcClientProtocolClient.java:onNext(254)) - client-09EBABE1B9AF->325d518f-bf0d-428a-814f-266b27e759e4: receive RaftClientReply:client-09EBABE1B9AF->325d518f-bf0d-428a-814f-266b27e759e4@group-9696F0872FC0, cid=3885, SUCCESS, logIndex=6359, commits[325d518f-bf0d-428a-814f-266b27e759e4:c6359]
2019-06-15 10:53:20,311 INFO  client.GrpcClientProtocolClient (GrpcClientProtocolClient.java:onNext(254)) - client-09EBABE1B9AF->325d518f-bf0d-428a-814f-266b27e759e4: receive RaftClientReply:client-09EBABE1B9AF->325d518f-bf0d-428a-814f-266b27e759e4@group-9696F0872FC0, cid=3886, SUCCESS, logIndex=6361, commits[325d518f-bf0d-428a-814f-266b27e759e4:c6361]
2019-06-15 10:53:20,312 INFO  client.GrpcClientProtocolClient (GrpcClientProtocolClient.java:onNext(254)) - client-09EBABE1B9AF->325d518f-bf0d-428a-814f-266b27e759e4: receive RaftClientReply:client-09EBABE1B9AF->325d518f-bf0d-428a-814f-266b27e759e4@group-9696F0872FC0, cid=3887, SUCCESS, logIndex=6362, commits[325d518f-bf0d-428a-814f-266b27e759e4:c6364]
2019-06-15 10:53:20,313 INFO  client.GrpcClientProtocolClient (GrpcClientProtocolClient.java:onNext(254)) - client-09EBABE1B9AF->325d518f-bf0d-428a-814f-266b27e759e4: receive RaftClientReply:client-09EBABE1B9AF->325d518f-bf0d-428a-814f-266b27e759e4@group-9696F0872FC0, cid=3888, SUCCESS, logIndex=6363, commits[325d518f-bf0d-428a-814f-266b27e759e4:c6364]
2019-06-15 10:53:20,322 INFO  client.GrpcClientProtocolClient (GrpcClientProtocolClient.java:onNext(254)) - client-09EBABE1B9AF->325d518f-bf0d-428a-814f-266b27e759e4: receive RaftClientReply:client-09EBABE1B9AF->325d518f-bf0d-428a-814f-266b27e759e4@group-9696F0872FC0, cid=3889, SUCCESS, logIndex=6365, commits[325d518f-bf0d-428a-814f-266b27e759e4:c6365]
2019-06-15 10:53:20,323 INFO  client.GrpcClientProtocolClient (GrpcClientProtocolClient.java:onNext(254)) - client-09EBABE1B9AF->325d518f-bf0d-428a-814f-266b27e759e4: receive RaftClientReply:client-09EBABE1B9AF->325d518f-bf0d-428a-814f-266b27e759e4@group-9696F0872FC0, cid=3890, SUCCESS, logIndex=6367, commits[325d518f-bf0d-428a-814f-266b27e759e4:c6367]
2019-06-15 10:53:20,340 DEBUG block.SCMBlockDeletingService (SCMBlockDeletingService.java:call(138)) - Running DeletedBlockTransactionScanner
2019-06-15 10:53:20,340 DEBUG block.SCMBlockDeletingService (SCMBlockDeletingService.java:call(155)) - Scanned deleted blocks log and got 0 delTX to process.
2019-06-15 10:53:20,391 INFO  client.GrpcClientProtocolClient (GrpcClientProtocolClient.java:onNext(254)) - client-09EBABE1B9AF->325d518f-bf0d-428a-814f-266b27e759e4: receive RaftClientReply:client-09EBABE1B9AF->325d518f-bf0d-428a-814f-266b27e759e4@group-9696F0872FC0, cid=3891, SUCCESS, logIndex=6369, commits[325d518f-bf0d-428a-814f-266b27e759e4:c6369]
2019-06-15 10:53:20,392 INFO  client.GrpcClientProtocolClient (GrpcClientProtocolClient.java:onNext(254)) - client-09EBABE1B9AF->325d518f-bf0d-428a-814f-266b27e759e4: receive RaftClientReply:client-09EBABE1B9AF->325d518f-bf0d-428a-814f-266b27e759e4@group-9696F0872FC0, cid=3892, SUCCESS, logIndex=6371, commits[325d518f-bf0d-428a-814f-266b27e759e4:c6371]
2019-06-15 10:53:20,397 INFO  client.GrpcClientProtocolClient (GrpcClientProtocolClient.java:onNext(254)) - client-09EBABE1B9AF->325d518f-bf0d-428a-814f-266b27e759e4: receive RaftClientReply:client-09EBABE1B9AF->325d518f-bf0d-428a-814f-266b27e759e4@group-9696F0872FC0, cid=3893, SUCCESS, logIndex=6373, commits[325d518f-bf0d-428a-814f-266b27e759e4:c6373]
2019-06-15 10:53:20,398 INFO  client.GrpcClientProtocolClient (GrpcClientProtocolClient.java:onNext(254)) - client-09EBABE1B9AF->325d518f-bf0d-428a-814f-266b27e759e4: receive RaftClientReply:client-09EBABE1B9AF->325d518f-bf0d-428a-814f-266b27e759e4@group-9696F0872FC0, cid=3894, SUCCESS, logIndex=6375, commits[325d518f-bf0d-428a-814f-266b27e759e4:c6375]
2019-06-15 10:53:20,399 INFO  client.GrpcClientProtocolClient (GrpcClientProtocolClient.java:onNext(254)) - client-09EBABE1B9AF->325d518f-bf0d-428a-814f-266b27e759e4: receive RaftClientReply:client-09EBABE1B9AF->325d518f-bf0d-428a-814f-266b27e759e4@group-9696F0872FC0, cid=3895, SUCCESS, logIndex=6376, commits[325d518f-bf0d-428a-814f-266b27e759e4:c6378]
2019-06-15 10:53:20,400 INFO  client.GrpcClientProtocolClient (GrpcClientProtocolClient.java:onNext(254)) - client-09EBABE1B9AF->325d518f-bf0d-428a-814f-266b27e759e4: receive RaftClientReply:client-09EBABE1B9AF->325d518f-bf0d-428a-814f-266b27e759e4@group-9696F0872FC0, cid=3896, SUCCESS, logIndex=6377, commits[325d518f-bf0d-428a-814f-266b27e759e4:c6378]
2019-06-15 10:53:20,409 INFO  client.GrpcClientProtocolClient (GrpcClientProtocolClient.java:onNext(254)) - client-09EBABE1B9AF->325d518f-bf0d-428a-814f-266b27e759e4: receive RaftClientReply:client-09EBABE1B9AF->325d518f-bf0d-428a-814f-266b27e759e4@group-9696F0872FC0, cid=3897, SUCCESS, logIndex=6379, commits[325d518f-bf0d-428a-814f-266b27e759e4:c6379]
2019-06-15 10:53:20,410 INFO  client.GrpcClientProtocolClient (GrpcClientProtocolClient.java:onNext(254)) - client-09EBABE1B9AF->325d518f-bf0d-428a-814f-266b27e759e4: receive RaftClientReply:client-09EBABE1B9AF->325d518f-bf0d-428a-814f-266b27e759e4@group-9696F0872FC0, cid=3898, SUCCESS, logIndex=6381, commits[325d518f-bf0d-428a-814f-266b27e759e4:c6381]
2019-06-15 10:53:20,411 INFO  client.GrpcClientProtocolClient (GrpcClientProtocolClient.java:onNext(254)) - client-09EBABE1B9AF->325d518f-bf0d-428a-814f-266b27e759e4: receive RaftClientReply:client-09EBABE1B9AF->325d518f-bf0d-428a-814f-266b27e759e4@group-9696F0872FC0, cid=3899, SUCCESS, logIndex=6382, commits[325d518f-bf0d-428a-814f-266b27e759e4:c6384]
2019-06-15 10:53:20,412 INFO  client.GrpcClientProtocolClient (GrpcClientProtocolClient.java:onNext(254)) - client-09EBABE1B9AF->325d518f-bf0d-428a-814f-266b27e759e4: receive RaftClientReply:client-09EBABE1B9AF->325d518f-bf0d-428a-814f-266b27e759e4@group-9696F0872FC0, cid=3900, SUCCESS, logIndex=6383, commits[325d518f-bf0d-428a-814f-266b27e759e4:c6384]
2019-06-15 10:53:20,416 INFO  client.GrpcClientProtocolClient (GrpcClientProtocolClient.java:onNext(254)) - client-09EBABE1B9AF->325d518f-bf0d-428a-814f-266b27e759e4: receive RaftClientReply:client-09EBABE1B9AF->325d518f-bf0d-428a-814f-266b27e759e4@group-9696F0872FC0, cid=3901, SUCCESS, logIndex=6385, commits[325d518f-bf0d-428a-814f-266b27e759e4:c6385]
2019-06-15 10:53:20,417 INFO  client.GrpcClientProtocolClient (GrpcClientProtocolClient.java:onNext(254)) - client-09EBABE1B9AF->325d518f-bf0d-428a-814f-266b27e759e4: receive RaftClientReply:client-09EBABE1B9AF->325d518f-bf0d-428a-814f-266b27e759e4@group-9696F0872FC0, cid=3902, SUCCESS, logIndex=6387, commits[325d518f-bf0d-428a-814f-266b27e759e4:c6387]
2019-06-15 10:53:20,418 INFO  client.GrpcClientProtocolClient (GrpcClientProtocolClient.java:onNext(254)) - client-09EBABE1B9AF->325d518f-bf0d-428a-814f-266b27e759e4: receive RaftClientReply:client-09EBABE1B9AF->325d518f-bf0d-428a-814f-266b27e759e4@group-9696F0872FC0, cid=3903, SUCCESS, logIndex=6388, commits[325d518f-bf0d-428a-814f-266b27e759e4:c6390]
2019-06-15 10:53:20,419 INFO  client.GrpcClientProtocolClient (GrpcClientProtocolClient.java:onNext(254)) - client-09EBABE1B9AF->325d518f-bf0d-428a-814f-266b27e759e4: receive RaftClientReply:client-09EBABE1B9AF->325d518f-bf0d-428a-814f-266b27e759e4@group-9696F0872FC0, cid=3904, SUCCESS, logIndex=6389, commits[325d518f-bf0d-428a-814f-266b27e759e4:c6390]
2019-06-15 10:53:20,428 INFO  client.GrpcClientProtocolClient (GrpcClientProtocolClient.java:onNext(254)) - client-09EBABE1B9AF->325d518f-bf0d-428a-814f-266b27e759e4: receive RaftClientReply:client-09EBABE1B9AF->325d518f-bf0d-428a-814f-266b27e759e4@group-9696F0872FC0, cid=3905, SUCCESS, logIndex=6391, commits[325d518f-bf0d-428a-814f-266b27e759e4:c6391]
2019-06-15 10:53:20,429 INFO  client.GrpcClientProtocolClient (GrpcClientProtocolClient.java:onNext(254)) - client-09EBABE1B9AF->325d518f-bf0d-428a-814f-266b27e759e4: receive RaftClientReply:client-09EBABE1B9AF->325d518f-bf0d-428a-814f-266b27e759e4@group-9696F0872FC0, cid=3906, SUCCESS, logIndex=6393, commits[325d518f-bf0d-428a-814f-266b27e759e4:c6393]
2019-06-15 10:53:20,430 INFO  client.GrpcClientProtocolClient (GrpcClientProtocolClient.java:onNext(254)) - client-09EBABE1B9AF->325d518f-bf0d-428a-814f-266b27e759e4: receive RaftClientReply:client-09EBABE1B9AF->325d518f-bf0d-428a-814f-266b27e759e4@group-9696F0872FC0, cid=3907, SUCCESS, logIndex=6394, commits[325d518f-bf0d-428a-814f-266b27e759e4:c6396]
2019-06-15 10:53:20,430 INFO  client.GrpcClientProtocolClient (GrpcClientProtocolClient.java:onNext(254)) - client-09EBABE1B9AF->325d518f-bf0d-428a-814f-266b27e759e4: receive RaftClientReply:client-09EBABE1B9AF->325d518f-bf0d-428a-814f-266b27e759e4@group-9696F0872FC0, cid=3908, SUCCESS, logIndex=6395, commits[325d518f-bf0d-428a-814f-266b27e759e4:c6396]
2019-06-15 10:53:20,435 INFO  client.GrpcClientProtocolClient (GrpcClientProtocolClient.java:onNext(254)) - client-09EBABE1B9AF->325d518f-bf0d-428a-814f-266b27e759e4: receive RaftClientReply:client-09EBABE1B9AF->325d518f-bf0d-428a-814f-266b27e759e4@group-9696F0872FC0, cid=3909, SUCCESS, logIndex=6397, commits[325d518f-bf0d-428a-814f-266b27e759e4:c6397]
2019-06-15 10:53:20,438 INFO  client.GrpcClientProtocolClient (GrpcClientProtocolClient.java:onNext(254)) - client-09EBABE1B9AF->325d518f-bf0d-428a-814f-266b27e759e4: receive RaftClientReply:client-09EBABE1B9AF->325d518f-bf0d-428a-814f-266b27e759e4@group-9696F0872FC0, cid=3910, SUCCESS, logIndex=6399, commits[325d518f-bf0d-428a-814f-266b27e759e4:c6399]
2019-06-15 10:53:20,438 INFO  client.GrpcClientProtocolClient (GrpcClientProtocolClient.java:onNext(254)) - client-09EBABE1B9AF->325d518f-bf0d-428a-814f-266b27e759e4: receive RaftClientReply:client-09EBABE1B9AF->325d518f-bf0d-428a-814f-266b27e759e4@group-9696F0872FC0, cid=3911, SUCCESS, logIndex=6400, commits[325d518f-bf0d-428a-814f-266b27e759e4:c6401]
2019-06-15 10:53:20,438 INFO  client.GrpcClientProtocolClient (GrpcClientProtocolClient.java:onNext(254)) - client-09EBABE1B9AF->325d518f-bf0d-428a-814f-266b27e759e4: receive RaftClientReply:client-09EBABE1B9AF->325d518f-bf0d-428a-814f-266b27e759e4@group-9696F0872FC0, cid=3912, SUCCESS, logIndex=6402, commits[325d518f-bf0d-428a-814f-266b27e759e4:c6402]
2019-06-15 10:53:20,440 DEBUG block.SCMBlockDeletingService (SCMBlockDeletingService.java:call(138)) - Running DeletedBlockTransactionScanner
2019-06-15 10:53:20,440 DEBUG block.SCMBlockDeletingService (SCMBlockDeletingService.java:call(155)) - Scanned deleted blocks log and got 0 delTX to process.
2019-06-15 10:53:20,451 INFO  client.GrpcClientProtocolClient (GrpcClientProtocolClient.java:onNext(254)) - client-09EBABE1B9AF->325d518f-bf0d-428a-814f-266b27e759e4: receive RaftClientReply:client-09EBABE1B9AF->325d518f-bf0d-428a-814f-266b27e759e4@group-9696F0872FC0, cid=3913, SUCCESS, logIndex=6404, commits[325d518f-bf0d-428a-814f-266b27e759e4:c6404]
2019-06-15 10:53:20,452 INFO  client.GrpcClientProtocolClient (GrpcClientProtocolClient.java:onNext(254)) - client-09EBABE1B9AF->325d518f-bf0d-428a-814f-266b27e759e4: receive RaftClientReply:client-09EBABE1B9AF->325d518f-bf0d-428a-814f-266b27e759e4@group-9696F0872FC0, cid=3914, SUCCESS, logIndex=6406, commits[325d518f-bf0d-428a-814f-266b27e759e4:c6406]
2019-06-15 10:53:20,453 INFO  client.GrpcClientProtocolClient (GrpcClientProtocolClient.java:onNext(254)) - client-09EBABE1B9AF->325d518f-bf0d-428a-814f-266b27e759e4: receive RaftClientReply:client-09EBABE1B9AF->325d518f-bf0d-428a-814f-266b27e759e4@group-9696F0872FC0, cid=3915, SUCCESS, logIndex=6407, commits[325d518f-bf0d-428a-814f-266b27e759e4:c6409]
2019-06-15 10:53:20,453 INFO  client.GrpcClientProtocolClient (GrpcClientProtocolClient.java:onNext(254)) - client-09EBABE1B9AF->325d518f-bf0d-428a-814f-266b27e759e4: receive RaftClientReply:client-09EBABE1B9AF->325d518f-bf0d-428a-814f-266b27e759e4@group-9696F0872FC0, cid=3916, SUCCESS, logIndex=6408, commits[325d518f-bf0d-428a-814f-266b27e759e4:c6409]
2019-06-15 10:53:20,459 INFO  storage.RaftLogWorker (RaftLogWorker.java:rollLogSegment(303)) - 325d518f-bf0d-428a-814f-266b27e759e4-RaftLogWorker: Rolling segment log-6344_6411 to index:6411
2019-06-15 10:53:20,459 INFO  client.GrpcClientProtocolClient (GrpcClientProtocolClient.java:onNext(254)) - client-09EBABE1B9AF->325d518f-bf0d-428a-814f-266b27e759e4: receive RaftClientReply:client-09EBABE1B9AF->325d518f-bf0d-428a-814f-266b27e759e4@group-9696F0872FC0, cid=3917, SUCCESS, logIndex=6410, commits[325d518f-bf0d-428a-814f-266b27e759e4:c6410]
2019-06-15 10:53:20,459 INFO  storage.RaftLogWorker (RaftLogWorker.java:execute(433)) - 325d518f-bf0d-428a-814f-266b27e759e4-RaftLogWorker: Rolled log segment from /opt/src/hadoop-ozone/integration-test/target/test-dir/MiniOzoneClusterImpl-dd99cefe-9779-4043-9d74-181b69d2a827/datanode-0/data/ratis/e0f1d9ef-e225-4b24-a786-9696f0872fc0/current/log_inprogress_6344 to /opt/src/hadoop-ozone/integration-test/target/test-dir/MiniOzoneClusterImpl-dd99cefe-9779-4043-9d74-181b69d2a827/datanode-0/data/ratis/e0f1d9ef-e225-4b24-a786-9696f0872fc0/current/log_6344-6411
2019-06-15 10:53:20,503 INFO  storage.RaftLogWorker (RaftLogWorker.java:execute(469)) - 325d518f-bf0d-428a-814f-266b27e759e4-RaftLogWorker: created new log segment /opt/src/hadoop-ozone/integration-test/target/test-dir/MiniOzoneClusterImpl-dd99cefe-9779-4043-9d74-181b69d2a827/datanode-0/data/ratis/e0f1d9ef-e225-4b24-a786-9696f0872fc0/current/log_inprogress_6412
2019-06-15 10:53:20,505 INFO  client.GrpcClientProtocolClient (GrpcClientProtocolClient.java:onNext(254)) - client-09EBABE1B9AF->325d518f-bf0d-428a-814f-266b27e759e4: receive RaftClientReply:client-09EBABE1B9AF->325d518f-bf0d-428a-814f-266b27e759e4@group-9696F0872FC0, cid=3918, SUCCESS, logIndex=6412, commits[325d518f-bf0d-428a-814f-266b27e759e4:c6414]
2019-06-15 10:53:20,505 INFO  client.GrpcClientProtocolClient (GrpcClientProtocolClient.java:onNext(254)) - client-09EBABE1B9AF->325d518f-bf0d-428a-814f-266b27e759e4: receive RaftClientReply:client-09EBABE1B9AF->325d518f-bf0d-428a-814f-266b27e759e4@group-9696F0872FC0, cid=3919, SUCCESS, logIndex=6413, commits[325d518f-bf0d-428a-814f-266b27e759e4:c6415]
2019-06-15 10:53:20,505 INFO  client.GrpcClientProtocolClient (GrpcClientProtocolClient.java:onNext(254)) - client-09EBABE1B9AF->325d518f-bf0d-428a-814f-266b27e759e4: receive RaftClientReply:client-09EBABE1B9AF->325d518f-bf0d-428a-814f-266b27e759e4@group-9696F0872FC0, cid=3920, SUCCESS, logIndex=6414, commits[325d518f-bf0d-428a-814f-266b27e759e4:c6415]
2019-06-15 10:53:20,518 INFO  client.GrpcClientProtocolClient (GrpcClientProtocolClient.java:onNext(254)) - client-09EBABE1B9AF->325d518f-bf0d-428a-814f-266b27e759e4: receive RaftClientReply:client-09EBABE1B9AF->325d518f-bf0d-428a-814f-266b27e759e4@group-9696F0872FC0, cid=3921, SUCCESS, logIndex=6416, commits[325d518f-bf0d-428a-814f-266b27e759e4:c6416]
2019-06-15 10:53:20,519 INFO  client.GrpcClientProtocolClient (GrpcClientProtocolClient.java:onNext(254)) - client-09EBABE1B9AF->325d518f-bf0d-428a-814f-266b27e759e4: receive RaftClientReply:client-09EBABE1B9AF->325d518f-bf0d-428a-814f-266b27e759e4@group-9696F0872FC0, cid=3922, SUCCESS, logIndex=6418, commits[325d518f-bf0d-428a-814f-266b27e759e4:c6418]
2019-06-15 10:53:20,520 INFO  client.GrpcClientProtocolClient (GrpcClientProtocolClient.java:onNext(254)) - client-09EBABE1B9AF->325d518f-bf0d-428a-814f-266b27e759e4: receive RaftClientReply:client-09EBABE1B9AF->325d518f-bf0d-428a-814f-266b27e759e4@group-9696F0872FC0, cid=3923, SUCCESS, logIndex=6419, commits[325d518f-bf0d-428a-814f-266b27e759e4:c6421]
2019-06-15 10:53:20,521 INFO  client.GrpcClientProtocolClient (GrpcClientProtocolClient.java:onNext(254)) - client-09EBABE1B9AF->325d518f-bf0d-428a-814f-266b27e759e4: receive RaftClientReply:client-09EBABE1B9AF->325d518f-bf0d-428a-814f-266b27e759e4@group-9696F0872FC0, cid=3924, SUCCESS, logIndex=6420, commits[325d518f-bf0d-428a-814f-266b27e759e4:c6421]
2019-06-15 10:53:20,528 INFO  client.GrpcClientProtocolClient (GrpcClientProtocolClient.java:onNext(254)) - client-09EBABE1B9AF->325d518f-bf0d-428a-814f-266b27e759e4: receive RaftClientReply:client-09EBABE1B9AF->325d518f-bf0d-428a-814f-266b27e759e4@group-9696F0872FC0, cid=3925, SUCCESS, logIndex=6422, commits[325d518f-bf0d-428a-814f-266b27e759e4:c6422]
2019-06-15 10:53:20,529 INFO  client.GrpcClientProtocolClient (GrpcClientProtocolClient.java:onNext(254)) - client-09EBABE1B9AF->325d518f-bf0d-428a-814f-266b27e759e4: receive RaftClientReply:client-09EBABE1B9AF->325d518f-bf0d-428a-814f-266b27e759e4@group-9696F0872FC0, cid=3926, SUCCESS, logIndex=6424, commits[325d518f-bf0d-428a-814f-266b27e759e4:c6424]
2019-06-15 10:53:20,530 INFO  client.GrpcClientProtocolClient (GrpcClientProtocolClient.java:onNext(254)) - client-09EBABE1B9AF->325d518f-bf0d-428a-814f-266b27e759e4: receive RaftClientReply:client-09EBABE1B9AF->325d518f-bf0d-428a-814f-266b27e759e4@group-9696F0872FC0, cid=3927, SUCCESS, logIndex=6425, commits[325d518f-bf0d-428a-814f-266b27e759e4:c6427]
2019-06-15 10:53:20,530 INFO  client.GrpcClientProtocolClient (GrpcClientProtocolClient.java:onNext(254)) - client-09EBABE1B9AF->325d518f-bf0d-428a-814f-266b27e759e4: receive RaftClientReply:client-09EBABE1B9AF->325d518f-bf0d-428a-814f-266b27e759e4@group-9696F0872FC0, cid=3928, SUCCESS, logIndex=6426, commits[325d518f-bf0d-428a-814f-266b27e759e4:c6427]
2019-06-15 10:53:20,542 DEBUG block.SCMBlockDeletingService (SCMBlockDeletingService.java:call(138)) - Running DeletedBlockTransactionScanner
2019-06-15 10:53:20,542 DEBUG block.SCMBlockDeletingService (SCMBlockDeletingService.java:call(155)) - Scanned deleted blocks log and got 0 delTX to process.
2019-06-15 10:53:20,545 INFO  client.GrpcClientProtocolClient (GrpcClientProtocolClient.java:onNext(254)) - client-09EBABE1B9AF->325d518f-bf0d-428a-814f-266b27e759e4: receive RaftClientReply:client-09EBABE1B9AF->325d518f-bf0d-428a-814f-266b27e759e4@group-9696F0872FC0, cid=3929, SUCCESS, logIndex=6428, commits[325d518f-bf0d-428a-814f-266b27e759e4:c6428]
2019-06-15 10:53:20,545 INFO  client.GrpcClientProtocolClient (GrpcClientProtocolClient.java:onNext(254)) - client-09EBABE1B9AF->325d518f-bf0d-428a-814f-266b27e759e4: receive RaftClientReply:client-09EBABE1B9AF->325d518f-bf0d-428a-814f-266b27e759e4@group-9696F0872FC0, cid=3930, SUCCESS, logIndex=6430, commits[325d518f-bf0d-428a-814f-266b27e759e4:c6430]
2019-06-15 10:53:20,546 INFO  client.GrpcClientProtocolClient (GrpcClientProtocolClient.java:onNext(254)) - client-09EBABE1B9AF->325d518f-bf0d-428a-814f-266b27e759e4: receive RaftClientReply:client-09EBABE1B9AF->325d518f-bf0d-428a-814f-266b27e759e4@group-9696F0872FC0, cid=3931, SUCCESS, logIndex=6432, commits[325d518f-bf0d-428a-814f-266b27e759e4:c6432]
2019-06-15 10:53:20,546 INFO  client.GrpcClientProtocolClient (GrpcClientProtocolClient.java:onNext(254)) - client-09EBABE1B9AF->325d518f-bf0d-428a-814f-266b27e759e4: receive RaftClientReply:client-09EBABE1B9AF->325d518f-bf0d-428a-814f-266b27e759e4@group-9696F0872FC0, cid=3932, SUCCESS, logIndex=6434, commits[325d518f-bf0d-428a-814f-266b27e759e4:c6434]
2019-06-15 10:53:20,551 INFO  client.GrpcClientProtocolClient (GrpcClientProtocolClient.java:onNext(254)) - client-09EBABE1B9AF->325d518f-bf0d-428a-814f-266b27e759e4: receive RaftClientReply:client-09EBABE1B9AF->325d518f-bf0d-428a-814f-266b27e759e4@group-9696F0872FC0, cid=3933, SUCCESS, logIndex=6436, commits[325d518f-bf0d-428a-814f-266b27e759e4:c6436]
2019-06-15 10:53:20,552 INFO  client.GrpcClientProtocolClient (GrpcClientProtocolClient.java:onNext(254)) - client-09EBABE1B9AF->325d518f-bf0d-428a-814f-266b27e759e4: receive RaftClientReply:client-09EBABE1B9AF->325d518f-bf0d-428a-814f-266b27e759e4@group-9696F0872FC0, cid=3934, SUCCESS, logIndex=6438, commits[325d518f-bf0d-428a-814f-266b27e759e4:c6438]
2019-06-15 10:53:20,618 INFO  client.GrpcClientProtocolClient (GrpcClientProtocolClient.java:onNext(254)) - client-09EBABE1B9AF->325d518f-bf0d-428a-814f-266b27e759e4: receive RaftClientReply:client-09EBABE1B9AF->325d518f-bf0d-428a-814f-266b27e759e4@group-9696F0872FC0, cid=3935, SUCCESS, logIndex=6440, commits[325d518f-bf0d-428a-814f-266b27e759e4:c6440]
2019-06-15 10:53:20,619 INFO  client.GrpcClientProtocolClient (GrpcClientProtocolClient.java:onNext(254)) - client-09EBABE1B9AF->325d518f-bf0d-428a-814f-266b27e759e4: receive RaftClientReply:client-09EBABE1B9AF->325d518f-bf0d-428a-814f-266b27e759e4@group-9696F0872FC0, cid=3936, SUCCESS, logIndex=6442, commits[325d518f-bf0d-428a-814f-266b27e759e4:c6442]
2019-06-15 10:53:20,665 DEBUG block.SCMBlockDeletingService (SCMBlockDeletingService.java:call(138)) - Running DeletedBlockTransactionScanner
2019-06-15 10:53:20,665 DEBUG block.SCMBlockDeletingService (SCMBlockDeletingService.java:call(155)) - Scanned deleted blocks log and got 0 delTX to process.
2019-06-15 10:53:20,671 INFO  client.GrpcClientProtocolClient (GrpcClientProtocolClient.java:onNext(254)) - client-09EBABE1B9AF->325d518f-bf0d-428a-814f-266b27e759e4: receive RaftClientReply:client-09EBABE1B9AF->325d518f-bf0d-428a-814f-266b27e759e4@group-9696F0872FC0, cid=3937, SUCCESS, logIndex=6444, commits[325d518f-bf0d-428a-814f-266b27e759e4:c6444]
2019-06-15 10:53:20,673 INFO  client.GrpcClientProtocolClient (GrpcClientProtocolClient.java:onNext(254)) - client-09EBABE1B9AF->325d518f-bf0d-428a-814f-266b27e759e4: receive RaftClientReply:client-09EBABE1B9AF->325d518f-bf0d-428a-814f-266b27e759e4@group-9696F0872FC0, cid=3938, SUCCESS, logIndex=6446, commits[325d518f-bf0d-428a-814f-266b27e759e4:c6446]
2019-06-15 10:53:20,675 INFO  client.GrpcClientProtocolClient (GrpcClientProtocolClient.java:onNext(254)) - client-09EBABE1B9AF->325d518f-bf0d-428a-814f-266b27e759e4: receive RaftClientReply:client-09EBABE1B9AF->325d518f-bf0d-428a-814f-266b27e759e4@group-9696F0872FC0, cid=3939, SUCCESS, logIndex=6448, commits[325d518f-bf0d-428a-814f-266b27e759e4:c6449]
2019-06-15 10:53:20,675 INFO  client.GrpcClientProtocolClient (GrpcClientProtocolClient.java:onNext(254)) - client-09EBABE1B9AF->325d518f-bf0d-428a-814f-266b27e759e4: receive RaftClientReply:client-09EBABE1B9AF->325d518f-bf0d-428a-814f-266b27e759e4@group-9696F0872FC0, cid=3940, SUCCESS, logIndex=6449, commits[325d518f-bf0d-428a-814f-266b27e759e4:c6449]
2019-06-15 10:53:20,680 INFO  client.GrpcClientProtocolClient (GrpcClientProtocolClient.java:onNext(254)) - client-09EBABE1B9AF->325d518f-bf0d-428a-814f-266b27e759e4: receive RaftClientReply:client-09EBABE1B9AF->325d518f-bf0d-428a-814f-266b27e759e4@group-9696F0872FC0, cid=3941, SUCCESS, logIndex=6451, commits[325d518f-bf0d-428a-814f-266b27e759e4:c6451]
2019-06-15 10:53:20,682 INFO  client.GrpcClientProtocolClient (GrpcClientProtocolClient.java:onNext(254)) - client-09EBABE1B9AF->325d518f-bf0d-428a-814f-266b27e759e4: receive RaftClientReply:client-09EBABE1B9AF->325d518f-bf0d-428a-814f-266b27e759e4@group-9696F0872FC0, cid=3942, SUCCESS, logIndex=6453, commits[325d518f-bf0d-428a-814f-266b27e759e4:c6453]
2019-06-15 10:53:20,683 INFO  client.GrpcClientProtocolClient (GrpcClientProtocolClient.java:onNext(254)) - client-09EBABE1B9AF->325d518f-bf0d-428a-814f-266b27e759e4: receive RaftClientReply:client-09EBABE1B9AF->325d518f-bf0d-428a-814f-266b27e759e4@group-9696F0872FC0, cid=3943, SUCCESS, logIndex=6454, commits[325d518f-bf0d-428a-814f-266b27e759e4:c6456]
2019-06-15 10:53:20,683 INFO  client.GrpcClientProtocolClient (GrpcClientProtocolClient.java:onNext(254)) - client-09EBABE1B9AF->325d518f-bf0d-428a-814f-266b27e759e4: receive RaftClientReply:client-09EBABE1B9AF->325d518f-bf0d-428a-814f-266b27e759e4@group-9696F0872FC0, cid=3944, SUCCESS, logIndex=6455, commits[325d518f-bf0d-428a-814f-266b27e759e4:c6456]
2019-06-15 10:53:20,693 INFO  client.GrpcClientProtocolClient (GrpcClientProtocolClient.java:onNext(254)) - client-09EBABE1B9AF->325d518f-bf0d-428a-814f-266b27e759e4: receive RaftClientReply:client-09EBABE1B9AF->325d518f-bf0d-428a-814f-266b27e759e4@group-9696F0872FC0, cid=3945, SUCCESS, logIndex=6457, commits[325d518f-bf0d-428a-814f-266b27e759e4:c6457]
2019-06-15 10:53:20,694 INFO  client.GrpcClientProtocolClient (GrpcClientProtocolClient.java:onNext(254)) - client-09EBABE1B9AF->325d518f-bf0d-428a-814f-266b27e759e4: receive RaftClientReply:client-09EBABE1B9AF->325d518f-bf0d-428a-814f-266b27e759e4@group-9696F0872FC0, cid=3946, SUCCESS, logIndex=6459, commits[325d518f-bf0d-428a-814f-266b27e759e4:c6459]
2019-06-15 10:53:20,695 INFO  client.GrpcClientProtocolClient (GrpcClientProtocolClient.java:onNext(254)) - client-09EBABE1B9AF->325d518f-bf0d-428a-814f-266b27e759e4: receive RaftClientReply:client-09EBABE1B9AF->325d518f-bf0d-428a-814f-266b27e759e4@group-9696F0872FC0, cid=3947, SUCCESS, logIndex=6460, commits[325d518f-bf0d-428a-814f-266b27e759e4:c6462]
2019-06-15 10:53:20,695 INFO  client.GrpcClientProtocolClient (GrpcClientProtocolClient.java:onNext(254)) - client-09EBABE1B9AF->325d518f-bf0d-428a-814f-266b27e759e4: receive RaftClientReply:client-09EBABE1B9AF->325d518f-bf0d-428a-814f-266b27e759e4@group-9696F0872FC0, cid=3948, SUCCESS, logIndex=6461, commits[325d518f-bf0d-428a-814f-266b27e759e4:c6462]
2019-06-15 10:53:20,700 INFO  client.GrpcClientProtocolClient (GrpcClientProtocolClient.java:onNext(254)) - client-09EBABE1B9AF->325d518f-bf0d-428a-814f-266b27e759e4: receive RaftClientReply:client-09EBABE1B9AF->325d518f-bf0d-428a-814f-266b27e759e4@group-9696F0872FC0, cid=3949, SUCCESS, logIndex=6463, commits[325d518f-bf0d-428a-814f-266b27e759e4:c6463]
2019-06-15 10:53:20,701 INFO  client.GrpcClientProtocolClient (GrpcClientProtocolClient.java:onNext(254)) - client-09EBABE1B9AF->325d518f-bf0d-428a-814f-266b27e759e4: receive RaftClientReply:client-09EBABE1B9AF->325d518f-bf0d-428a-814f-266b27e759e4@group-9696F0872FC0, cid=3950, SUCCESS, logIndex=6465, commits[325d518f-bf0d-428a-814f-266b27e759e4:c6465]
2019-06-15 10:53:20,702 INFO  client.GrpcClientProtocolClient (GrpcClientProtocolClient.java:onNext(254)) - client-09EBABE1B9AF->325d518f-bf0d-428a-814f-266b27e759e4: receive RaftClientReply:client-09EBABE1B9AF->325d518f-bf0d-428a-814f-266b27e759e4@group-9696F0872FC0, cid=3951, SUCCESS, logIndex=6466, commits[325d518f-bf0d-428a-814f-266b27e759e4:c6468]
2019-06-15 10:53:20,702 INFO  client.GrpcClientProtocolClient (GrpcClientProtocolClient.java:onNext(254)) - client-09EBABE1B9AF->325d518f-bf0d-428a-814f-266b27e759e4: receive RaftClientReply:client-09EBABE1B9AF->325d518f-bf0d-428a-814f-266b27e759e4@group-9696F0872FC0, cid=3952, SUCCESS, logIndex=6467, commits[325d518f-bf0d-428a-814f-266b27e759e4:c6468]
2019-06-15 10:53:20,712 INFO  client.GrpcClientProtocolClient (GrpcClientProtocolClient.java:onNext(254)) - client-09EBABE1B9AF->325d518f-bf0d-428a-814f-266b27e759e4: receive RaftClientReply:client-09EBABE1B9AF->325d518f-bf0d-428a-814f-266b27e759e4@group-9696F0872FC0, cid=3953, SUCCESS, logIndex=6469, commits[325d518f-bf0d-428a-814f-266b27e759e4:c6469]
2019-06-15 10:53:20,713 INFO  client.GrpcClientProtocolClient (GrpcClientProtocolClient.java:onNext(254)) - client-09EBABE1B9AF->325d518f-bf0d-428a-814f-266b27e759e4: receive RaftClientReply:client-09EBABE1B9AF->325d518f-bf0d-428a-814f-266b27e759e4@group-9696F0872FC0, cid=3954, SUCCESS, logIndex=6471, commits[325d518f-bf0d-428a-814f-266b27e759e4:c6471]
2019-06-15 10:53:20,714 INFO  client.GrpcClientProtocolClient (GrpcClientProtocolClient.java:onNext(254)) - client-09EBABE1B9AF->325d518f-bf0d-428a-814f-266b27e759e4: receive RaftClientReply:client-09EBABE1B9AF->325d518f-bf0d-428a-814f-266b27e759e4@group-9696F0872FC0, cid=3955, SUCCESS, logIndex=6472, commits[325d518f-bf0d-428a-814f-266b27e759e4:c6474]
2019-06-15 10:53:20,714 INFO  client.GrpcClientProtocolClient (GrpcClientProtocolClient.java:onNext(254)) - client-09EBABE1B9AF->325d518f-bf0d-428a-814f-266b27e759e4: receive RaftClientReply:client-09EBABE1B9AF->325d518f-bf0d-428a-814f-266b27e759e4@group-9696F0872FC0, cid=3956, SUCCESS, logIndex=6473, commits[325d518f-bf0d-428a-814f-266b27e759e4:c6474]
2019-06-15 10:53:20,719 INFO  client.GrpcClientProtocolClient (GrpcClientProtocolClient.java:onNext(254)) - client-09EBABE1B9AF->325d518f-bf0d-428a-814f-266b27e759e4: receive RaftClientReply:client-09EBABE1B9AF->325d518f-bf0d-428a-814f-266b27e759e4@group-9696F0872FC0, cid=3957, SUCCESS, logIndex=6475, commits[325d518f-bf0d-428a-814f-266b27e759e4:c6475]
2019-06-15 10:53:20,720 INFO  client.GrpcClientProtocolClient (GrpcClientProtocolClient.java:onNext(254)) - client-09EBABE1B9AF->325d518f-bf0d-428a-814f-266b27e759e4: receive RaftClientReply:client-09EBABE1B9AF->325d518f-bf0d-428a-814f-266b27e759e4@group-9696F0872FC0, cid=3958, SUCCESS, logIndex=6477, commits[325d518f-bf0d-428a-814f-266b27e759e4:c6477]
2019-06-15 10:53:20,721 INFO  client.GrpcClientProtocolClient (GrpcClientProtocolClient.java:onNext(254)) - client-09EBABE1B9AF->325d518f-bf0d-428a-814f-266b27e759e4: receive RaftClientReply:client-09EBABE1B9AF->325d518f-bf0d-428a-814f-266b27e759e4@group-9696F0872FC0, cid=3959, SUCCESS, logIndex=6478, commits[325d518f-bf0d-428a-814f-266b27e759e4:c6480]
2019-06-15 10:53:20,722 INFO  client.GrpcClientProtocolClient (GrpcClientProtocolClient.java:onNext(254)) - client-09EBABE1B9AF->325d518f-bf0d-428a-814f-266b27e759e4: receive RaftClientReply:client-09EBABE1B9AF->325d518f-bf0d-428a-814f-266b27e759e4@group-9696F0872FC0, cid=3960, SUCCESS, logIndex=6479, commits[325d518f-bf0d-428a-814f-266b27e759e4:c6480]
2019-06-15 10:53:20,732 INFO  storage.RaftLogWorker (RaftLogWorker.java:rollLogSegment(303)) - 325d518f-bf0d-428a-814f-266b27e759e4-RaftLogWorker: Rolling segment log-6412_6480 to index:6480
2019-06-15 10:53:20,732 INFO  storage.RaftLogWorker (RaftLogWorker.java:execute(433)) - 325d518f-bf0d-428a-814f-266b27e759e4-RaftLogWorker: Rolled log segment from /opt/src/hadoop-ozone/integration-test/target/test-dir/MiniOzoneClusterImpl-dd99cefe-9779-4043-9d74-181b69d2a827/datanode-0/data/ratis/e0f1d9ef-e225-4b24-a786-9696f0872fc0/current/log_inprogress_6412 to /opt/src/hadoop-ozone/integration-test/target/test-dir/MiniOzoneClusterImpl-dd99cefe-9779-4043-9d74-181b69d2a827/datanode-0/data/ratis/e0f1d9ef-e225-4b24-a786-9696f0872fc0/current/log_6412-6480
2019-06-15 10:53:20,765 DEBUG block.SCMBlockDeletingService (SCMBlockDeletingService.java:call(138)) - Running DeletedBlockTransactionScanner
2019-06-15 10:53:20,766 DEBUG block.SCMBlockDeletingService (SCMBlockDeletingService.java:call(155)) - Scanned deleted blocks log and got 0 delTX to process.
2019-06-15 10:53:20,768 INFO  storage.RaftLogWorker (RaftLogWorker.java:execute(469)) - 325d518f-bf0d-428a-814f-266b27e759e4-RaftLogWorker: created new log segment /opt/src/hadoop-ozone/integration-test/target/test-dir/MiniOzoneClusterImpl-dd99cefe-9779-4043-9d74-181b69d2a827/datanode-0/data/ratis/e0f1d9ef-e225-4b24-a786-9696f0872fc0/current/log_inprogress_6481
2019-06-15 10:53:20,769 INFO  client.GrpcClientProtocolClient (GrpcClientProtocolClient.java:onNext(254)) - client-09EBABE1B9AF->325d518f-bf0d-428a-814f-266b27e759e4: receive RaftClientReply:client-09EBABE1B9AF->325d518f-bf0d-428a-814f-266b27e759e4@group-9696F0872FC0, cid=3961, SUCCESS, logIndex=6481, commits[325d518f-bf0d-428a-814f-266b27e759e4:c6481]
2019-06-15 10:53:20,771 INFO  client.GrpcClientProtocolClient (GrpcClientProtocolClient.java:onNext(254)) - client-09EBABE1B9AF->325d518f-bf0d-428a-814f-266b27e759e4: receive RaftClientReply:client-09EBABE1B9AF->325d518f-bf0d-428a-814f-266b27e759e4@group-9696F0872FC0, cid=3962, SUCCESS, logIndex=6483, commits[325d518f-bf0d-428a-814f-266b27e759e4:c6483]
2019-06-15 10:53:20,772 INFO  client.GrpcClientProtocolClient (GrpcClientProtocolClient.java:onNext(254)) - client-09EBABE1B9AF->325d518f-bf0d-428a-814f-266b27e759e4: receive RaftClientReply:client-09EBABE1B9AF->325d518f-bf0d-428a-814f-266b27e759e4@group-9696F0872FC0, cid=3963, SUCCESS, logIndex=6484, commits[325d518f-bf0d-428a-814f-266b27e759e4:c6485]
2019-06-15 10:53:20,772 INFO  client.GrpcClientProtocolClient (GrpcClientProtocolClient.java:onNext(254)) - client-09EBABE1B9AF->325d518f-bf0d-428a-814f-266b27e759e4: receive RaftClientReply:client-09EBABE1B9AF->325d518f-bf0d-428a-814f-266b27e759e4@group-9696F0872FC0, cid=3964, SUCCESS, logIndex=6485, commits[325d518f-bf0d-428a-814f-266b27e759e4:c6486]
2019-06-15 10:53:20,779 INFO  client.GrpcClientProtocolClient (GrpcClientProtocolClient.java:onNext(254)) - client-09EBABE1B9AF->325d518f-bf0d-428a-814f-266b27e759e4: receive RaftClientReply:client-09EBABE1B9AF->325d518f-bf0d-428a-814f-266b27e759e4@group-9696F0872FC0, cid=3965, SUCCESS, logIndex=6488, commits[325d518f-bf0d-428a-814f-266b27e759e4:c6488]
2019-06-15 10:53:20,782 INFO  client.GrpcClientProtocolClient (GrpcClientProtocolClient.java:onNext(254)) - client-09EBABE1B9AF->325d518f-bf0d-428a-814f-266b27e759e4: receive RaftClientReply:client-09EBABE1B9AF->325d518f-bf0d-428a-814f-266b27e759e4@group-9696F0872FC0, cid=3966, SUCCESS, logIndex=6490, commits[325d518f-bf0d-428a-814f-266b27e759e4:c6490]
2019-06-15 10:53:20,782 INFO  client.GrpcClientProtocolClient (GrpcClientProtocolClient.java:onNext(254)) - client-09EBABE1B9AF->325d518f-bf0d-428a-814f-266b27e759e4: receive RaftClientReply:client-09EBABE1B9AF->325d518f-bf0d-428a-814f-266b27e759e4@group-9696F0872FC0, cid=3967, SUCCESS, logIndex=6491, commits[325d518f-bf0d-428a-814f-266b27e759e4:c6493]
2019-06-15 10:53:20,783 INFO  client.GrpcClientProtocolClient (GrpcClientProtocolClient.java:onNext(254)) - client-09EBABE1B9AF->325d518f-bf0d-428a-814f-266b27e759e4: receive RaftClientReply:client-09EBABE1B9AF->325d518f-bf0d-428a-814f-266b27e759e4@group-9696F0872FC0, cid=3968, SUCCESS, logIndex=6492, commits[325d518f-bf0d-428a-814f-266b27e759e4:c6493]
2019-06-15 10:53:20,793 INFO  client.GrpcClientProtocolClient (GrpcClientProtocolClient.java:onNext(254)) - client-09EBABE1B9AF->325d518f-bf0d-428a-814f-266b27e759e4: receive RaftClientReply:client-09EBABE1B9AF->325d518f-bf0d-428a-814f-266b27e759e4@group-9696F0872FC0, cid=3969, SUCCESS, logIndex=6494, commits[325d518f-bf0d-428a-814f-266b27e759e4:c6494]
2019-06-15 10:53:20,795 INFO  client.GrpcClientProtocolClient (GrpcClientProtocolClient.java:onNext(254)) - client-09EBABE1B9AF->325d518f-bf0d-428a-814f-266b27e759e4: receive RaftClientReply:client-09EBABE1B9AF->325d518f-bf0d-428a-814f-266b27e759e4@group-9696F0872FC0, cid=3970, SUCCESS, logIndex=6496, commits[325d518f-bf0d-428a-814f-266b27e759e4:c6496]
2019-06-15 10:53:20,796 INFO  client.GrpcClientProtocolClient (GrpcClientProtocolClient.java:onNext(254)) - client-09EBABE1B9AF->325d518f-bf0d-428a-814f-266b27e759e4: receive RaftClientReply:client-09EBABE1B9AF->325d518f-bf0d-428a-814f-266b27e759e4@group-9696F0872FC0, cid=3971, SUCCESS, logIndex=6497, commits[325d518f-bf0d-428a-814f-266b27e759e4:c6499]
2019-06-15 10:53:20,796 INFO  client.GrpcClientProtocolClient (GrpcClientProtocolClient.java:onNext(254)) - client-09EBABE1B9AF->325d518f-bf0d-428a-814f-266b27e759e4: receive RaftClientReply:client-09EBABE1B9AF->325d518f-bf0d-428a-814f-266b27e759e4@group-9696F0872FC0, cid=3972, SUCCESS, logIndex=6498, commits[325d518f-bf0d-428a-814f-266b27e759e4:c6499]
2019-06-15 10:53:20,801 INFO  client.GrpcClientProtocolClient (GrpcClientProtocolClient.java:onNext(254)) - client-09EBABE1B9AF->325d518f-bf0d-428a-814f-266b27e759e4: receive RaftClientReply:client-09EBABE1B9AF->325d518f-bf0d-428a-814f-266b27e759e4@group-9696F0872FC0, cid=3973, SUCCESS, logIndex=6500, commits[325d518f-bf0d-428a-814f-266b27e759e4:c6500]
2019-06-15 10:53:20,802 INFO  client.GrpcClientProtocolClient (GrpcClientProtocolClient.java:onNext(254)) - client-09EBABE1B9AF->325d518f-bf0d-428a-814f-266b27e759e4: receive RaftClientReply:client-09EBABE1B9AF->325d518f-bf0d-428a-814f-266b27e759e4@group-9696F0872FC0, cid=3974, SUCCESS, logIndex=6502, commits[325d518f-bf0d-428a-814f-266b27e759e4:c6502]
2019-06-15 10:53:20,804 INFO  client.GrpcClientProtocolClient (GrpcClientProtocolClient.java:onNext(254)) - client-09EBABE1B9AF->325d518f-bf0d-428a-814f-266b27e759e4: receive RaftClientReply:client-09EBABE1B9AF->325d518f-bf0d-428a-814f-266b27e759e4@group-9696F0872FC0, cid=3975, SUCCESS, logIndex=6503, commits[325d518f-bf0d-428a-814f-266b27e759e4:c6505]
2019-06-15 10:53:20,804 INFO  client.GrpcClientProtocolClient (GrpcClientProtocolClient.java:onNext(254)) - client-09EBABE1B9AF->325d518f-bf0d-428a-814f-266b27e759e4: receive RaftClientReply:client-09EBABE1B9AF->325d518f-bf0d-428a-814f-266b27e759e4@group-9696F0872FC0, cid=3976, SUCCESS, logIndex=6504, commits[325d518f-bf0d-428a-814f-266b27e759e4:c6505]
2019-06-15 10:53:20,814 INFO  client.GrpcClientProtocolClient (GrpcClientProtocolClient.java:onNext(254)) - client-09EBABE1B9AF->325d518f-bf0d-428a-814f-266b27e759e4: receive RaftClientReply:client-09EBABE1B9AF->325d518f-bf0d-428a-814f-266b27e759e4@group-9696F0872FC0, cid=3977, SUCCESS, logIndex=6506, commits[325d518f-bf0d-428a-814f-266b27e759e4:c6506]
2019-06-15 10:53:20,815 INFO  client.GrpcClientProtocolClient (GrpcClientProtocolClient.java:onNext(254)) - client-09EBABE1B9AF->325d518f-bf0d-428a-814f-266b27e759e4: receive RaftClientReply:client-09EBABE1B9AF->325d518f-bf0d-428a-814f-266b27e759e4@group-9696F0872FC0, cid=3978, SUCCESS, logIndex=6508, commits[325d518f-bf0d-428a-814f-266b27e759e4:c6508]
2019-06-15 10:53:20,866 DEBUG block.SCMBlockDeletingService (SCMBlockDeletingService.java:call(138)) - Running DeletedBlockTransactionScanner
2019-06-15 10:53:20,866 DEBUG block.SCMBlockDeletingService (SCMBlockDeletingService.java:call(155)) - Scanned deleted blocks log and got 0 delTX to process.
2019-06-15 10:53:20,881 INFO  client.GrpcClientProtocolClient (GrpcClientProtocolClient.java:onNext(254)) - client-09EBABE1B9AF->325d518f-bf0d-428a-814f-266b27e759e4: receive RaftClientReply:client-09EBABE1B9AF->325d518f-bf0d-428a-814f-266b27e759e4@group-9696F0872FC0, cid=3979, SUCCESS, logIndex=6510, commits[325d518f-bf0d-428a-814f-266b27e759e4:c6510]
2019-06-15 10:53:20,882 INFO  client.GrpcClientProtocolClient (GrpcClientProtocolClient.java:onNext(254)) - client-09EBABE1B9AF->325d518f-bf0d-428a-814f-266b27e759e4: receive RaftClientReply:client-09EBABE1B9AF->325d518f-bf0d-428a-814f-266b27e759e4@group-9696F0872FC0, cid=3980, SUCCESS, logIndex=6512, commits[325d518f-bf0d-428a-814f-266b27e759e4:c6512]
2019-06-15 10:53:20,887 INFO  client.GrpcClientProtocolClient (GrpcClientProtocolClient.java:onNext(254)) - client-09EBABE1B9AF->325d518f-bf0d-428a-814f-266b27e759e4: receive RaftClientReply:client-09EBABE1B9AF->325d518f-bf0d-428a-814f-266b27e759e4@group-9696F0872FC0, cid=3981, SUCCESS, logIndex=6514, commits[325d518f-bf0d-428a-814f-266b27e759e4:c6514]
2019-06-15 10:53:20,888 INFO  client.GrpcClientProtocolClient (GrpcClientProtocolClient.java:onNext(254)) - client-09EBABE1B9AF->325d518f-bf0d-428a-814f-266b27e759e4: receive RaftClientReply:client-09EBABE1B9AF->325d518f-bf0d-428a-814f-266b27e759e4@group-9696F0872FC0, cid=3982, SUCCESS, logIndex=6516, commits[325d518f-bf0d-428a-814f-266b27e759e4:c6516]
2019-06-15 10:53:20,889 INFO  client.GrpcClientProtocolClient (GrpcClientProtocolClient.java:onNext(254)) - client-09EBABE1B9AF->325d518f-bf0d-428a-814f-266b27e759e4: receive RaftClientReply:client-09EBABE1B9AF->325d518f-bf0d-428a-814f-266b27e759e4@group-9696F0872FC0, cid=3983, SUCCESS, logIndex=6517, commits[325d518f-bf0d-428a-814f-266b27e759e4:c6519]
2019-06-15 10:53:20,889 INFO  client.GrpcClientProtocolClient (GrpcClientProtocolClient.java:onNext(254)) - client-09EBABE1B9AF->325d518f-bf0d-428a-814f-266b27e759e4: receive RaftClientReply:client-09EBABE1B9AF->325d518f-bf0d-428a-814f-266b27e759e4@group-9696F0872FC0, cid=3984, SUCCESS, logIndex=6518, commits[325d518f-bf0d-428a-814f-266b27e759e4:c6519]
2019-06-15 10:53:20,899 INFO  client.GrpcClientProtocolClient (GrpcClientProtocolClient.java:onNext(254)) - client-09EBABE1B9AF->325d518f-bf0d-428a-814f-266b27e759e4: receive RaftClientReply:client-09EBABE1B9AF->325d518f-bf0d-428a-814f-266b27e759e4@group-9696F0872FC0, cid=3985, SUCCESS, logIndex=6520, commits[325d518f-bf0d-428a-814f-266b27e759e4:c6520]
2019-06-15 10:53:20,900 INFO  client.GrpcClientProtocolClient (GrpcClientProtocolClient.java:onNext(254)) - client-09EBABE1B9AF->325d518f-bf0d-428a-814f-266b27e759e4: receive RaftClientReply:client-09EBABE1B9AF->325d518f-bf0d-428a-814f-266b27e759e4@group-9696F0872FC0, cid=3986, SUCCESS, logIndex=6522, commits[325d518f-bf0d-428a-814f-266b27e759e4:c6522]
2019-06-15 10:53:20,902 INFO  client.GrpcClientProtocolClient (GrpcClientProtocolClient.java:onNext(254)) - client-09EBABE1B9AF->325d518f-bf0d-428a-814f-266b27e759e4: receive RaftClientReply:client-09EBABE1B9AF->325d518f-bf0d-428a-814f-266b27e759e4@group-9696F0872FC0, cid=3987, SUCCESS, logIndex=6523, commits[325d518f-bf0d-428a-814f-266b27e759e4:c6525]
2019-06-15 10:53:20,902 INFO  client.GrpcClientProtocolClient (GrpcClientProtocolClient.java:onNext(254)) - client-09EBABE1B9AF->325d518f-bf0d-428a-814f-266b27e759e4: receive RaftClientReply:client-09EBABE1B9AF->325d518f-bf0d-428a-814f-266b27e759e4@group-9696F0872FC0, cid=3988, SUCCESS, logIndex=6524, commits[325d518f-bf0d-428a-814f-266b27e759e4:c6525]
2019-06-15 10:53:20,907 INFO  client.GrpcClientProtocolClient (GrpcClientProtocolClient.java:onNext(254)) - client-09EBABE1B9AF->325d518f-bf0d-428a-814f-266b27e759e4: receive RaftClientReply:client-09EBABE1B9AF->325d518f-bf0d-428a-814f-266b27e759e4@group-9696F0872FC0, cid=3989, SUCCESS, logIndex=6526, commits[325d518f-bf0d-428a-814f-266b27e759e4:c6526]
2019-06-15 10:53:20,909 INFO  client.GrpcClientProtocolClient (GrpcClientProtocolClient.java:onNext(254)) - client-09EBABE1B9AF->325d518f-bf0d-428a-814f-266b27e759e4: receive RaftClientReply:client-09EBABE1B9AF->325d518f-bf0d-428a-814f-266b27e759e4@group-9696F0872FC0, cid=3990, SUCCESS, logIndex=6528, commits[325d518f-bf0d-428a-814f-266b27e759e4:c6528]
2019-06-15 10:53:20,909 INFO  client.GrpcClientProtocolClient (GrpcClientProtocolClient.java:onNext(254)) - client-09EBABE1B9AF->325d518f-bf0d-428a-814f-266b27e759e4: receive RaftClientReply:client-09EBABE1B9AF->325d518f-bf0d-428a-814f-266b27e759e4@group-9696F0872FC0, cid=3991, SUCCESS, logIndex=6529, commits[325d518f-bf0d-428a-814f-266b27e759e4:c6530]
2019-06-15 10:53:20,910 INFO  client.GrpcClientProtocolClient (GrpcClientProtocolClient.java:onNext(254)) - client-09EBABE1B9AF->325d518f-bf0d-428a-814f-266b27e759e4: receive RaftClientReply:client-09EBABE1B9AF->325d518f-bf0d-428a-814f-266b27e759e4@group-9696F0872FC0, cid=3992, SUCCESS, logIndex=6530, commits[325d518f-bf0d-428a-814f-266b27e759e4:c6530]
2019-06-15 10:53:20,920 INFO  client.GrpcClientProtocolClient (GrpcClientProtocolClient.java:onNext(254)) - client-09EBABE1B9AF->325d518f-bf0d-428a-814f-266b27e759e4: receive RaftClientReply:client-09EBABE1B9AF->325d518f-bf0d-428a-814f-266b27e759e4@group-9696F0872FC0, cid=3993, SUCCESS, logIndex=6533, commits[325d518f-bf0d-428a-814f-266b27e759e4:c6533]
2019-06-15 10:53:20,922 INFO  client.GrpcClientProtocolClient (GrpcClientProtocolClient.java:onNext(254)) - client-09EBABE1B9AF->325d518f-bf0d-428a-814f-266b27e759e4: receive RaftClientReply:client-09EBABE1B9AF->325d518f-bf0d-428a-814f-266b27e759e4@group-9696F0872FC0, cid=3994, SUCCESS, logIndex=6535, commits[325d518f-bf0d-428a-814f-266b27e759e4:c6535]
2019-06-15 10:53:20,922 INFO  client.GrpcClientProtocolClient (GrpcClientProtocolClient.java:onNext(254)) - client-09EBABE1B9AF->325d518f-bf0d-428a-814f-266b27e759e4: receive RaftClientReply:client-09EBABE1B9AF->325d518f-bf0d-428a-814f-266b27e759e4@group-9696F0872FC0, cid=3995, SUCCESS, logIndex=6536, commits[325d518f-bf0d-428a-814f-266b27e759e4:c6536]
2019-06-15 10:53:20,923 INFO  client.GrpcClientProtocolClient (GrpcClientProtocolClient.java:onNext(254)) - client-09EBABE1B9AF->325d518f-bf0d-428a-814f-266b27e759e4: receive RaftClientReply:client-09EBABE1B9AF->325d518f-bf0d-428a-814f-266b27e759e4@group-9696F0872FC0, cid=3996, SUCCESS, logIndex=6538, commits[325d518f-bf0d-428a-814f-266b27e759e4:c6538]
2019-06-15 10:53:20,928 INFO  client.GrpcClientProtocolClient (GrpcClientProtocolClient.java:onNext(254)) - client-09EBABE1B9AF->325d518f-bf0d-428a-814f-266b27e759e4: receive RaftClientReply:client-09EBABE1B9AF->325d518f-bf0d-428a-814f-266b27e759e4@group-9696F0872FC0, cid=3997, SUCCESS, logIndex=6541, commits[325d518f-bf0d-428a-814f-266b27e759e4:c6541]
2019-06-15 10:53:20,929 INFO  client.GrpcClientProtocolClient (GrpcClientProtocolClient.java:onNext(254)) - client-09EBABE1B9AF->325d518f-bf0d-428a-814f-266b27e759e4: receive RaftClientReply:client-09EBABE1B9AF->325d518f-bf0d-428a-814f-266b27e759e4@group-9696F0872FC0, cid=3998, SUCCESS, logIndex=6543, commits[325d518f-bf0d-428a-814f-266b27e759e4:c6543]
2019-06-15 10:53:20,931 INFO  client.GrpcClientProtocolClient (GrpcClientProtocolClient.java:onNext(254)) - client-09EBABE1B9AF->325d518f-bf0d-428a-814f-266b27e759e4: receive RaftClientReply:client-09EBABE1B9AF->325d518f-bf0d-428a-814f-266b27e759e4@group-9696F0872FC0, cid=3999, SUCCESS, logIndex=6544, commits[325d518f-bf0d-428a-814f-266b27e759e4:c6546]
2019-06-15 10:53:20,931 INFO  client.GrpcClientProtocolClient (GrpcClientProtocolClient.java:onNext(254)) - client-09EBABE1B9AF->325d518f-bf0d-428a-814f-266b27e759e4: receive RaftClientReply:client-09EBABE1B9AF->325d518f-bf0d-428a-814f-266b27e759e4@group-9696F0872FC0, cid=4000, SUCCESS, logIndex=6545, commits[325d518f-bf0d-428a-814f-266b27e759e4:c6546]
2019-06-15 10:53:20,943 INFO  client.GrpcClientProtocolClient (GrpcClientProtocolClient.java:onNext(254)) - client-09EBABE1B9AF->325d518f-bf0d-428a-814f-266b27e759e4: receive RaftClientReply:client-09EBABE1B9AF->325d518f-bf0d-428a-814f-266b27e759e4@group-9696F0872FC0, cid=4001, SUCCESS, logIndex=6547, commits[325d518f-bf0d-428a-814f-266b27e759e4:c6547]
2019-06-15 10:53:20,945 INFO  client.GrpcClientProtocolClient (GrpcClientProtocolClient.java:onNext(254)) - client-09EBABE1B9AF->325d518f-bf0d-428a-814f-266b27e759e4: receive RaftClientReply:client-09EBABE1B9AF->325d518f-bf0d-428a-814f-266b27e759e4@group-9696F0872FC0, cid=4002, SUCCESS, logIndex=6549, commits[325d518f-bf0d-428a-814f-266b27e759e4:c6549]
2019-06-15 10:53:20,945 INFO  client.GrpcClientProtocolClient (GrpcClientProtocolClient.java:onNext(254)) - client-09EBABE1B9AF->325d518f-bf0d-428a-814f-266b27e759e4: receive RaftClientReply:client-09EBABE1B9AF->325d518f-bf0d-428a-814f-266b27e759e4@group-9696F0872FC0, cid=4003, SUCCESS, logIndex=6550, commits[325d518f-bf0d-428a-814f-266b27e759e4:c6552]
2019-06-15 10:53:20,946 INFO  client.GrpcClientProtocolClient (GrpcClientProtocolClient.java:onNext(254)) - client-09EBABE1B9AF->325d518f-bf0d-428a-814f-266b27e759e4: receive RaftClientReply:client-09EBABE1B9AF->325d518f-bf0d-428a-814f-266b27e759e4@group-9696F0872FC0, cid=4004, SUCCESS, logIndex=6551, commits[325d518f-bf0d-428a-814f-266b27e759e4:c6552]
2019-06-15 10:53:20,948 INFO  storage.RaftLogWorker (RaftLogWorker.java:rollLogSegment(303)) - 325d518f-bf0d-428a-814f-266b27e759e4-RaftLogWorker: Rolling segment log-6481_6552 to index:6552
2019-06-15 10:53:20,949 INFO  storage.RaftLogWorker (RaftLogWorker.java:execute(433)) - 325d518f-bf0d-428a-814f-266b27e759e4-RaftLogWorker: Rolled log segment from /opt/src/hadoop-ozone/integration-test/target/test-dir/MiniOzoneClusterImpl-dd99cefe-9779-4043-9d74-181b69d2a827/datanode-0/data/ratis/e0f1d9ef-e225-4b24-a786-9696f0872fc0/current/log_inprogress_6481 to /opt/src/hadoop-ozone/integration-test/target/test-dir/MiniOzoneClusterImpl-dd99cefe-9779-4043-9d74-181b69d2a827/datanode-0/data/ratis/e0f1d9ef-e225-4b24-a786-9696f0872fc0/current/log_6481-6552
2019-06-15 10:53:20,966 DEBUG block.SCMBlockDeletingService (SCMBlockDeletingService.java:call(138)) - Running DeletedBlockTransactionScanner
2019-06-15 10:53:20,966 DEBUG block.SCMBlockDeletingService (SCMBlockDeletingService.java:call(155)) - Scanned deleted blocks log and got 0 delTX to process.
2019-06-15 10:53:21,067 DEBUG block.SCMBlockDeletingService (SCMBlockDeletingService.java:call(138)) - Running DeletedBlockTransactionScanner
2019-06-15 10:53:21,067 DEBUG block.SCMBlockDeletingService (SCMBlockDeletingService.java:call(155)) - Scanned deleted blocks log and got 0 delTX to process.
2019-06-15 10:53:21,167 DEBUG block.SCMBlockDeletingService (SCMBlockDeletingService.java:call(138)) - Running DeletedBlockTransactionScanner
2019-06-15 10:53:21,167 DEBUG block.SCMBlockDeletingService (SCMBlockDeletingService.java:call(155)) - Scanned deleted blocks log and got 0 delTX to process.
2019-06-15 10:53:21,196 INFO  storage.RaftLogWorker (RaftLogWorker.java:execute(469)) - 325d518f-bf0d-428a-814f-266b27e759e4-RaftLogWorker: created new log segment /opt/src/hadoop-ozone/integration-test/target/test-dir/MiniOzoneClusterImpl-dd99cefe-9779-4043-9d74-181b69d2a827/datanode-0/data/ratis/e0f1d9ef-e225-4b24-a786-9696f0872fc0/current/log_inprogress_6553
2019-06-15 10:53:21,198 INFO  client.GrpcClientProtocolClient (GrpcClientProtocolClient.java:onNext(254)) - client-09EBABE1B9AF->325d518f-bf0d-428a-814f-266b27e759e4: receive RaftClientReply:client-09EBABE1B9AF->325d518f-bf0d-428a-814f-266b27e759e4@group-9696F0872FC0, cid=4005, SUCCESS, logIndex=6553, commits[325d518f-bf0d-428a-814f-266b27e759e4:c6553]
2019-06-15 10:53:21,201 INFO  client.GrpcClientProtocolClient (GrpcClientProtocolClient.java:onNext(254)) - client-09EBABE1B9AF->325d518f-bf0d-428a-814f-266b27e759e4: receive RaftClientReply:client-09EBABE1B9AF->325d518f-bf0d-428a-814f-266b27e759e4@group-9696F0872FC0, cid=4006, SUCCESS, logIndex=6555, commits[325d518f-bf0d-428a-814f-266b27e759e4:c6556]
2019-06-15 10:53:21,202 INFO  client.GrpcClientProtocolClient (GrpcClientProtocolClient.java:onNext(254)) - client-09EBABE1B9AF->325d518f-bf0d-428a-814f-266b27e759e4: receive RaftClientReply:client-09EBABE1B9AF->325d518f-bf0d-428a-814f-266b27e759e4@group-9696F0872FC0, cid=4007, SUCCESS, logIndex=6557, commits[325d518f-bf0d-428a-814f-266b27e759e4:c6558]
2019-06-15 10:53:21,202 INFO  client.GrpcClientProtocolClient (GrpcClientProtocolClient.java:onNext(254)) - client-09EBABE1B9AF->325d518f-bf0d-428a-814f-266b27e759e4: receive RaftClientReply:client-09EBABE1B9AF->325d518f-bf0d-428a-814f-266b27e759e4@group-9696F0872FC0, cid=4008, SUCCESS, logIndex=6558, commits[325d518f-bf0d-428a-814f-266b27e759e4:c6558]
2019-06-15 10:53:21,213 INFO  client.GrpcClientProtocolClient (GrpcClientProtocolClient.java:onNext(254)) - client-09EBABE1B9AF->325d518f-bf0d-428a-814f-266b27e759e4: receive RaftClientReply:client-09EBABE1B9AF->325d518f-bf0d-428a-814f-266b27e759e4@group-9696F0872FC0, cid=4009, SUCCESS, logIndex=6560, commits[325d518f-bf0d-428a-814f-266b27e759e4:c6560]
2019-06-15 10:53:21,214 INFO  client.GrpcClientProtocolClient (GrpcClientProtocolClient.java:onNext(254)) - client-09EBABE1B9AF->325d518f-bf0d-428a-814f-266b27e759e4: receive RaftClientReply:client-09EBABE1B9AF->325d518f-bf0d-428a-814f-266b27e759e4@group-9696F0872FC0, cid=4010, SUCCESS, logIndex=6562, commits[325d518f-bf0d-428a-814f-266b27e759e4:c6562]
2019-06-15 10:53:21,215 INFO  client.GrpcClientProtocolClient (GrpcClientProtocolClient.java:onNext(254)) - client-09EBABE1B9AF->325d518f-bf0d-428a-814f-266b27e759e4: receive RaftClientReply:client-09EBABE1B9AF->325d518f-bf0d-428a-814f-266b27e759e4@group-9696F0872FC0, cid=4011, SUCCESS, logIndex=6563, commits[325d518f-bf0d-428a-814f-266b27e759e4:c6565]
2019-06-15 10:53:21,215 INFO  client.GrpcClientProtocolClient (GrpcClientProtocolClient.java:onNext(254)) - client-09EBABE1B9AF->325d518f-bf0d-428a-814f-266b27e759e4: receive RaftClientReply:client-09EBABE1B9AF->325d518f-bf0d-428a-814f-266b27e759e4@group-9696F0872FC0, cid=4012, SUCCESS, logIndex=6564, commits[325d518f-bf0d-428a-814f-266b27e759e4:c6565]
2019-06-15 10:53:21,223 INFO  client.GrpcClientProtocolClient (GrpcClientProtocolClient.java:onNext(254)) - client-09EBABE1B9AF->325d518f-bf0d-428a-814f-266b27e759e4: receive RaftClientReply:client-09EBABE1B9AF->325d518f-bf0d-428a-814f-266b27e759e4@group-9696F0872FC0, cid=4013, SUCCESS, logIndex=6566, commits[325d518f-bf0d-428a-814f-266b27e759e4:c6566]
2019-06-15 10:53:21,224 INFO  client.GrpcClientProtocolClient (GrpcClientProtocolClient.java:onNext(254)) - client-09EBABE1B9AF->325d518f-bf0d-428a-814f-266b27e759e4: receive RaftClientReply:client-09EBABE1B9AF->325d518f-bf0d-428a-814f-266b27e759e4@group-9696F0872FC0, cid=4014, SUCCESS, logIndex=6568, commits[325d518f-bf0d-428a-814f-266b27e759e4:c6568]
2019-06-15 10:53:21,225 INFO  client.GrpcClientProtocolClient (GrpcClientProtocolClient.java:onNext(254)) - client-09EBABE1B9AF->325d518f-bf0d-428a-814f-266b27e759e4: receive RaftClientReply:client-09EBABE1B9AF->325d518f-bf0d-428a-814f-266b27e759e4@group-9696F0872FC0, cid=4015, SUCCESS, logIndex=6569, commits[325d518f-bf0d-428a-814f-266b27e759e4:c6571]
2019-06-15 10:53:21,225 INFO  client.GrpcClientProtocolClient (GrpcClientProtocolClient.java:onNext(254)) - client-09EBABE1B9AF->325d518f-bf0d-428a-814f-266b27e759e4: receive RaftClientReply:client-09EBABE1B9AF->325d518f-bf0d-428a-814f-266b27e759e4@group-9696F0872FC0, cid=4016, SUCCESS, logIndex=6570, commits[325d518f-bf0d-428a-814f-266b27e759e4:c6571]
2019-06-15 10:53:21,237 INFO  client.GrpcClientProtocolClient (GrpcClientProtocolClient.java:onNext(254)) - client-09EBABE1B9AF->325d518f-bf0d-428a-814f-266b27e759e4: receive RaftClientReply:client-09EBABE1B9AF->325d518f-bf0d-428a-814f-266b27e759e4@group-9696F0872FC0, cid=4017, SUCCESS, logIndex=6572, commits[325d518f-bf0d-428a-814f-266b27e759e4:c6572]
2019-06-15 10:53:21,238 INFO  client.GrpcClientProtocolClient (GrpcClientProtocolClient.java:onNext(254)) - client-09EBABE1B9AF->325d518f-bf0d-428a-814f-266b27e759e4: receive RaftClientReply:client-09EBABE1B9AF->325d518f-bf0d-428a-814f-266b27e759e4@group-9696F0872FC0, cid=4018, SUCCESS, logIndex=6574, commits[325d518f-bf0d-428a-814f-266b27e759e4:c6577]
2019-06-15 10:53:21,242 INFO  client.GrpcClientProtocolClient (GrpcClientProtocolClient.java:onNext(254)) - client-09EBABE1B9AF->325d518f-bf0d-428a-814f-266b27e759e4: receive RaftClientReply:client-09EBABE1B9AF->325d518f-bf0d-428a-814f-266b27e759e4@group-9696F0872FC0, cid=4019, SUCCESS, logIndex=6575, commits[325d518f-bf0d-428a-814f-266b27e759e4:c6577]
2019-06-15 10:53:21,242 INFO  client.GrpcClientProtocolClient (GrpcClientProtocolClient.java:onNext(254)) - client-09EBABE1B9AF->325d518f-bf0d-428a-814f-266b27e759e4: receive RaftClientReply:client-09EBABE1B9AF->325d518f-bf0d-428a-814f-266b27e759e4@group-9696F0872FC0, cid=4020, SUCCESS, logIndex=6576, commits[325d518f-bf0d-428a-814f-266b27e759e4:c6577]
2019-06-15 10:53:21,247 INFO  client.GrpcClientProtocolClient (GrpcClientProtocolClient.java:onNext(254)) - client-09EBABE1B9AF->325d518f-bf0d-428a-814f-266b27e759e4: receive RaftClientReply:client-09EBABE1B9AF->325d518f-bf0d-428a-814f-266b27e759e4@group-9696F0872FC0, cid=4021, SUCCESS, logIndex=6578, commits[325d518f-bf0d-428a-814f-266b27e759e4:c6578]
2019-06-15 10:53:21,248 INFO  client.GrpcClientProtocolClient (GrpcClientProtocolClient.java:onNext(254)) - client-09EBABE1B9AF->325d518f-bf0d-428a-814f-266b27e759e4: receive RaftClientReply:client-09EBABE1B9AF->325d518f-bf0d-428a-814f-266b27e759e4@group-9696F0872FC0, cid=4022, SUCCESS, logIndex=6580, commits[325d518f-bf0d-428a-814f-266b27e759e4:c6580]
2019-06-15 10:53:21,268 DEBUG block.SCMBlockDeletingService (SCMBlockDeletingService.java:call(138)) - Running DeletedBlockTransactionScanner
2019-06-15 10:53:21,268 DEBUG block.SCMBlockDeletingService (SCMBlockDeletingService.java:call(155)) - Scanned deleted blocks log and got 0 delTX to process.
2019-06-15 10:53:21,562 DEBUG block.SCMBlockDeletingService (SCMBlockDeletingService.java:call(138)) - Running DeletedBlockTransactionScanner
2019-06-15 10:53:21,562 DEBUG block.SCMBlockDeletingService (SCMBlockDeletingService.java:call(155)) - Scanned deleted blocks log and got 0 delTX to process.
2019-06-15 10:53:21,572 INFO  client.GrpcClientProtocolClient (GrpcClientProtocolClient.java:onNext(254)) - client-09EBABE1B9AF->325d518f-bf0d-428a-814f-266b27e759e4: receive RaftClientReply:client-09EBABE1B9AF->325d518f-bf0d-428a-814f-266b27e759e4@group-9696F0872FC0, cid=4023, SUCCESS, logIndex=6582, commits[325d518f-bf0d-428a-814f-266b27e759e4:c6582]
2019-06-15 10:53:21,573 INFO  client.GrpcClientProtocolClient (GrpcClientProtocolClient.java:onNext(254)) - client-09EBABE1B9AF->325d518f-bf0d-428a-814f-266b27e759e4: receive RaftClientReply:client-09EBABE1B9AF->325d518f-bf0d-428a-814f-266b27e759e4@group-9696F0872FC0, cid=4024, SUCCESS, logIndex=6584, commits[325d518f-bf0d-428a-814f-266b27e759e4:c6584]
2019-06-15 10:53:21,583 INFO  client.GrpcClientProtocolClient (GrpcClientProtocolClient.java:onNext(254)) - client-09EBABE1B9AF->325d518f-bf0d-428a-814f-266b27e759e4: receive RaftClientReply:client-09EBABE1B9AF->325d518f-bf0d-428a-814f-266b27e759e4@group-9696F0872FC0, cid=4025, SUCCESS, logIndex=6586, commits[325d518f-bf0d-428a-814f-266b27e759e4:c6586]
2019-06-15 10:53:21,584 INFO  client.GrpcClientProtocolClient (GrpcClientProtocolClient.java:onNext(254)) - client-09EBABE1B9AF->325d518f-bf0d-428a-814f-266b27e759e4: receive RaftClientReply:client-09EBABE1B9AF->325d518f-bf0d-428a-814f-266b27e759e4@group-9696F0872FC0, cid=4026, SUCCESS, logIndex=6588, commits[325d518f-bf0d-428a-814f-266b27e759e4:c6588]
2019-06-15 10:53:21,585 INFO  client.GrpcClientProtocolClient (GrpcClientProtocolClient.java:onNext(254)) - client-09EBABE1B9AF->325d518f-bf0d-428a-814f-266b27e759e4: receive RaftClientReply:client-09EBABE1B9AF->325d518f-bf0d-428a-814f-266b27e759e4@group-9696F0872FC0, cid=4027, SUCCESS, logIndex=6589, commits[325d518f-bf0d-428a-814f-266b27e759e4:c6591]
2019-06-15 10:53:21,585 INFO  client.GrpcClientProtocolClient (GrpcClientProtocolClient.java:onNext(254)) - client-09EBABE1B9AF->325d518f-bf0d-428a-814f-266b27e759e4: receive RaftClientReply:client-09EBABE1B9AF->325d518f-bf0d-428a-814f-266b27e759e4@group-9696F0872FC0, cid=4028, SUCCESS, logIndex=6590, commits[325d518f-bf0d-428a-814f-266b27e759e4:c6591]
2019-06-15 10:53:21,590 INFO  client.GrpcClientProtocolClient (GrpcClientProtocolClient.java:onNext(254)) - client-09EBABE1B9AF->325d518f-bf0d-428a-814f-266b27e759e4: receive RaftClientReply:client-09EBABE1B9AF->325d518f-bf0d-428a-814f-266b27e759e4@group-9696F0872FC0, cid=4029, SUCCESS, logIndex=6592, commits[325d518f-bf0d-428a-814f-266b27e759e4:c6592]
2019-06-15 10:53:21,591 INFO  client.GrpcClientProtocolClient (GrpcClientProtocolClient.java:onNext(254)) - client-09EBABE1B9AF->325d518f-bf0d-428a-814f-266b27e759e4: receive RaftClientReply:client-09EBABE1B9AF->325d518f-bf0d-428a-814f-266b27e759e4@group-9696F0872FC0, cid=4030, SUCCESS, logIndex=6594, commits[325d518f-bf0d-428a-814f-266b27e759e4:c6594]
2019-06-15 10:53:21,592 INFO  client.GrpcClientProtocolClient (GrpcClientProtocolClient.java:onNext(254)) - client-09EBABE1B9AF->325d518f-bf0d-428a-814f-266b27e759e4: receive RaftClientReply:client-09EBABE1B9AF->325d518f-bf0d-428a-814f-266b27e759e4@group-9696F0872FC0, cid=4031, SUCCESS, logIndex=6595, commits[325d518f-bf0d-428a-814f-266b27e759e4:c6597]
2019-06-15 10:53:21,592 INFO  client.GrpcClientProtocolClient (GrpcClientProtocolClient.java:onNext(254)) - client-09EBABE1B9AF->325d518f-bf0d-428a-814f-266b27e759e4: receive RaftClientReply:client-09EBABE1B9AF->325d518f-bf0d-428a-814f-266b27e759e4@group-9696F0872FC0, cid=4032, SUCCESS, logIndex=6596, commits[325d518f-bf0d-428a-814f-266b27e759e4:c6597]
2019-06-15 10:53:21,602 INFO  client.GrpcClientProtocolClient (GrpcClientProtocolClient.java:onNext(254)) - client-09EBABE1B9AF->325d518f-bf0d-428a-814f-266b27e759e4: receive RaftClientReply:client-09EBABE1B9AF->325d518f-bf0d-428a-814f-266b27e759e4@group-9696F0872FC0, cid=4033, SUCCESS, logIndex=6598, commits[325d518f-bf0d-428a-814f-266b27e759e4:c6598]
2019-06-15 10:53:21,603 INFO  client.GrpcClientProtocolClient (GrpcClientProtocolClient.java:onNext(254)) - client-09EBABE1B9AF->325d518f-bf0d-428a-814f-266b27e759e4: receive RaftClientReply:client-09EBABE1B9AF->325d518f-bf0d-428a-814f-266b27e759e4@group-9696F0872FC0, cid=4034, SUCCESS, logIndex=6600, commits[325d518f-bf0d-428a-814f-266b27e759e4:c6600]
2019-06-15 10:53:21,604 INFO  client.GrpcClientProtocolClient (GrpcClientProtocolClient.java:onNext(254)) - client-09EBABE1B9AF->325d518f-bf0d-428a-814f-266b27e759e4: receive RaftClientReply:client-09EBABE1B9AF->325d518f-bf0d-428a-814f-266b27e759e4@group-9696F0872FC0, cid=4035, SUCCESS, logIndex=6601, commits[325d518f-bf0d-428a-814f-266b27e759e4:c6603]
2019-06-15 10:53:21,604 INFO  client.GrpcClientProtocolClient (GrpcClientProtocolClient.java:onNext(254)) - client-09EBABE1B9AF->325d518f-bf0d-428a-814f-266b27e759e4: receive RaftClientReply:client-09EBABE1B9AF->325d518f-bf0d-428a-814f-266b27e759e4@group-9696F0872FC0, cid=4036, SUCCESS, logIndex=6602, commits[325d518f-bf0d-428a-814f-266b27e759e4:c6603]
2019-06-15 10:53:21,609 INFO  client.GrpcClientProtocolClient (GrpcClientProtocolClient.java:onNext(254)) - client-09EBABE1B9AF->325d518f-bf0d-428a-814f-266b27e759e4: receive RaftClientReply:client-09EBABE1B9AF->325d518f-bf0d-428a-814f-266b27e759e4@group-9696F0872FC0, cid=4037, SUCCESS, logIndex=6604, commits[325d518f-bf0d-428a-814f-266b27e759e4:c6604]
2019-06-15 10:53:21,612 INFO  client.GrpcClientProtocolClient (GrpcClientProtocolClient.java:onNext(254)) - client-09EBABE1B9AF->325d518f-bf0d-428a-814f-266b27e759e4: receive RaftClientReply:client-09EBABE1B9AF->325d518f-bf0d-428a-814f-266b27e759e4@group-9696F0872FC0, cid=4038, SUCCESS, logIndex=6606, commits[325d518f-bf0d-428a-814f-266b27e759e4:c6608]
2019-06-15 10:53:21,612 INFO  client.GrpcClientProtocolClient (GrpcClientProtocolClient.java:onNext(254)) - client-09EBABE1B9AF->325d518f-bf0d-428a-814f-266b27e759e4: receive RaftClientReply:client-09EBABE1B9AF->325d518f-bf0d-428a-814f-266b27e759e4@group-9696F0872FC0, cid=4039, SUCCESS, logIndex=6607, commits[325d518f-bf0d-428a-814f-266b27e759e4:c6608]
2019-06-15 10:53:21,613 INFO  client.GrpcClientProtocolClient (GrpcClientProtocolClient.java:onNext(254)) - client-09EBABE1B9AF->325d518f-bf0d-428a-814f-266b27e759e4: receive RaftClientReply:client-09EBABE1B9AF->325d518f-bf0d-428a-814f-266b27e759e4@group-9696F0872FC0, cid=4040, SUCCESS, logIndex=6608, commits[325d518f-bf0d-428a-814f-266b27e759e4:c6609]
2019-06-15 10:53:21,623 INFO  client.GrpcClientProtocolClient (GrpcClientProtocolClient.java:onNext(254)) - client-09EBABE1B9AF->325d518f-bf0d-428a-814f-266b27e759e4: receive RaftClientReply:client-09EBABE1B9AF->325d518f-bf0d-428a-814f-266b27e759e4@group-9696F0872FC0, cid=4041, SUCCESS, logIndex=6610, commits[325d518f-bf0d-428a-814f-266b27e759e4:c6610]
2019-06-15 10:53:21,625 INFO  client.GrpcClientProtocolClient (GrpcClientProtocolClient.java:onNext(254)) - client-09EBABE1B9AF->325d518f-bf0d-428a-814f-266b27e759e4: receive RaftClientReply:client-09EBABE1B9AF->325d518f-bf0d-428a-814f-266b27e759e4@group-9696F0872FC0, cid=4042, SUCCESS, logIndex=6612, commits[325d518f-bf0d-428a-814f-266b27e759e4:c6612]
2019-06-15 10:53:21,625 INFO  client.GrpcClientProtocolClient (GrpcClientProtocolClient.java:onNext(254)) - client-09EBABE1B9AF->325d518f-bf0d-428a-814f-266b27e759e4: receive RaftClientReply:client-09EBABE1B9AF->325d518f-bf0d-428a-814f-266b27e759e4@group-9696F0872FC0, cid=4043, SUCCESS, logIndex=6613, commits[325d518f-bf0d-428a-814f-266b27e759e4:c6613]
2019-06-15 10:53:21,626 INFO  client.GrpcClientProtocolClient (GrpcClientProtocolClient.java:onNext(254)) - client-09EBABE1B9AF->325d518f-bf0d-428a-814f-266b27e759e4: receive RaftClientReply:client-09EBABE1B9AF->325d518f-bf0d-428a-814f-266b27e759e4@group-9696F0872FC0, cid=4044, SUCCESS, logIndex=6615, commits[325d518f-bf0d-428a-814f-266b27e759e4:c6615]
2019-06-15 10:53:21,631 INFO  client.GrpcClientProtocolClient (GrpcClientProtocolClient.java:onNext(254)) - client-09EBABE1B9AF->325d518f-bf0d-428a-814f-266b27e759e4: receive RaftClientReply:client-09EBABE1B9AF->325d518f-bf0d-428a-814f-266b27e759e4@group-9696F0872FC0, cid=4045, SUCCESS, logIndex=6618, commits[325d518f-bf0d-428a-814f-266b27e759e4:c6618]
2019-06-15 10:53:21,631 INFO  storage.RaftLogWorker (RaftLogWorker.java:rollLogSegment(303)) - 325d518f-bf0d-428a-814f-266b27e759e4-RaftLogWorker: Rolling segment log-6553_6621 to index:6621
2019-06-15 10:53:21,632 INFO  storage.RaftLogWorker (RaftLogWorker.java:execute(433)) - 325d518f-bf0d-428a-814f-266b27e759e4-RaftLogWorker: Rolled log segment from /opt/src/hadoop-ozone/integration-test/target/test-dir/MiniOzoneClusterImpl-dd99cefe-9779-4043-9d74-181b69d2a827/datanode-0/data/ratis/e0f1d9ef-e225-4b24-a786-9696f0872fc0/current/log_inprogress_6553 to /opt/src/hadoop-ozone/integration-test/target/test-dir/MiniOzoneClusterImpl-dd99cefe-9779-4043-9d74-181b69d2a827/datanode-0/data/ratis/e0f1d9ef-e225-4b24-a786-9696f0872fc0/current/log_6553-6621
2019-06-15 10:53:21,634 INFO  client.GrpcClientProtocolClient (GrpcClientProtocolClient.java:onNext(254)) - client-09EBABE1B9AF->325d518f-bf0d-428a-814f-266b27e759e4: receive RaftClientReply:client-09EBABE1B9AF->325d518f-bf0d-428a-814f-266b27e759e4@group-9696F0872FC0, cid=4046, SUCCESS, logIndex=6620, commits[325d518f-bf0d-428a-814f-266b27e759e4:c6620]
2019-06-15 10:53:21,634 INFO  client.GrpcClientProtocolClient (GrpcClientProtocolClient.java:onNext(254)) - client-09EBABE1B9AF->325d518f-bf0d-428a-814f-266b27e759e4: receive RaftClientReply:client-09EBABE1B9AF->325d518f-bf0d-428a-814f-266b27e759e4@group-9696F0872FC0, cid=4047, SUCCESS, logIndex=6621, commits[325d518f-bf0d-428a-814f-266b27e759e4:c6621]
2019-06-15 10:53:21,663 DEBUG block.SCMBlockDeletingService (SCMBlockDeletingService.java:call(138)) - Running DeletedBlockTransactionScanner
2019-06-15 10:53:21,663 DEBUG block.SCMBlockDeletingService (SCMBlockDeletingService.java:call(155)) - Scanned deleted blocks log and got 0 delTX to process.
2019-06-15 10:53:21,677 INFO  storage.RaftLogWorker (RaftLogWorker.java:execute(469)) - 325d518f-bf0d-428a-814f-266b27e759e4-RaftLogWorker: created new log segment /opt/src/hadoop-ozone/integration-test/target/test-dir/MiniOzoneClusterImpl-dd99cefe-9779-4043-9d74-181b69d2a827/datanode-0/data/ratis/e0f1d9ef-e225-4b24-a786-9696f0872fc0/current/log_inprogress_6622
2019-06-15 10:53:21,678 INFO  client.GrpcClientProtocolClient (GrpcClientProtocolClient.java:onNext(254)) - client-09EBABE1B9AF->325d518f-bf0d-428a-814f-266b27e759e4: receive RaftClientReply:client-09EBABE1B9AF->325d518f-bf0d-428a-814f-266b27e759e4@group-9696F0872FC0, cid=4048, SUCCESS, logIndex=6622, commits[325d518f-bf0d-428a-814f-266b27e759e4:c6624]
2019-06-15 10:53:21,688 INFO  client.GrpcClientProtocolClient (GrpcClientProtocolClient.java:onNext(254)) - client-09EBABE1B9AF->325d518f-bf0d-428a-814f-266b27e759e4: receive RaftClientReply:client-09EBABE1B9AF->325d518f-bf0d-428a-814f-266b27e759e4@group-9696F0872FC0, cid=4049, SUCCESS, logIndex=6625, commits[325d518f-bf0d-428a-814f-266b27e759e4:c6625]
2019-06-15 10:53:21,690 INFO  client.GrpcClientProtocolClient (GrpcClientProtocolClient.java:onNext(254)) - client-09EBABE1B9AF->325d518f-bf0d-428a-814f-266b27e759e4: receive RaftClientReply:client-09EBABE1B9AF->325d518f-bf0d-428a-814f-266b27e759e4@group-9696F0872FC0, cid=4050, SUCCESS, logIndex=6627, commits[325d518f-bf0d-428a-814f-266b27e759e4:c6627]
2019-06-15 10:53:21,691 INFO  client.GrpcClientProtocolClient (GrpcClientProtocolClient.java:onNext(254)) - client-09EBABE1B9AF->325d518f-bf0d-428a-814f-266b27e759e4: receive RaftClientReply:client-09EBABE1B9AF->325d518f-bf0d-428a-814f-266b27e759e4@group-9696F0872FC0, cid=4051, SUCCESS, logIndex=6628, commits[325d518f-bf0d-428a-814f-266b27e759e4:c6630]
2019-06-15 10:53:21,691 INFO  client.GrpcClientProtocolClient (GrpcClientProtocolClient.java:onNext(254)) - client-09EBABE1B9AF->325d518f-bf0d-428a-814f-266b27e759e4: receive RaftClientReply:client-09EBABE1B9AF->325d518f-bf0d-428a-814f-266b27e759e4@group-9696F0872FC0, cid=4052, SUCCESS, logIndex=6629, commits[325d518f-bf0d-428a-814f-266b27e759e4:c6630]
2019-06-15 10:53:21,696 INFO  client.GrpcClientProtocolClient (GrpcClientProtocolClient.java:onNext(254)) - client-09EBABE1B9AF->325d518f-bf0d-428a-814f-266b27e759e4: receive RaftClientReply:client-09EBABE1B9AF->325d518f-bf0d-428a-814f-266b27e759e4@group-9696F0872FC0, cid=4053, SUCCESS, logIndex=6631, commits[325d518f-bf0d-428a-814f-266b27e759e4:c6631]
2019-06-15 10:53:21,698 INFO  client.GrpcClientProtocolClient (GrpcClientProtocolClient.java:onNext(254)) - client-09EBABE1B9AF->325d518f-bf0d-428a-814f-266b27e759e4: receive RaftClientReply:client-09EBABE1B9AF->325d518f-bf0d-428a-814f-266b27e759e4@group-9696F0872FC0, cid=4054, SUCCESS, logIndex=6633, commits[325d518f-bf0d-428a-814f-266b27e759e4:c6633]
2019-06-15 10:53:21,698 INFO  client.GrpcClientProtocolClient (GrpcClientProtocolClient.java:onNext(254)) - client-09EBABE1B9AF->325d518f-bf0d-428a-814f-266b27e759e4: receive RaftClientReply:client-09EBABE1B9AF->325d518f-bf0d-428a-814f-266b27e759e4@group-9696F0872FC0, cid=4055, SUCCESS, logIndex=6634, commits[325d518f-bf0d-428a-814f-266b27e759e4:c6635]
2019-06-15 10:53:21,699 INFO  client.GrpcClientProtocolClient (GrpcClientProtocolClient.java:onNext(254)) - client-09EBABE1B9AF->325d518f-bf0d-428a-814f-266b27e759e4: receive RaftClientReply:client-09EBABE1B9AF->325d518f-bf0d-428a-814f-266b27e759e4@group-9696F0872FC0, cid=4056, SUCCESS, logIndex=6635, commits[325d518f-bf0d-428a-814f-266b27e759e4:c6635]
2019-06-15 10:53:21,710 INFO  client.GrpcClientProtocolClient (GrpcClientProtocolClient.java:onNext(254)) - client-09EBABE1B9AF->325d518f-bf0d-428a-814f-266b27e759e4: receive RaftClientReply:client-09EBABE1B9AF->325d518f-bf0d-428a-814f-266b27e759e4@group-9696F0872FC0, cid=4057, SUCCESS, logIndex=6638, commits[325d518f-bf0d-428a-814f-266b27e759e4:c6638]
2019-06-15 10:53:21,711 INFO  client.GrpcClientProtocolClient (GrpcClientProtocolClient.java:onNext(254)) - client-09EBABE1B9AF->325d518f-bf0d-428a-814f-266b27e759e4: receive RaftClientReply:client-09EBABE1B9AF->325d518f-bf0d-428a-814f-266b27e759e4@group-9696F0872FC0, cid=4058, SUCCESS, logIndex=6640, commits[325d518f-bf0d-428a-814f-266b27e759e4:c6640]
2019-06-15 10:53:21,712 INFO  client.GrpcClientProtocolClient (GrpcClientProtocolClient.java:onNext(254)) - client-09EBABE1B9AF->325d518f-bf0d-428a-814f-266b27e759e4: receive RaftClientReply:client-09EBABE1B9AF->325d518f-bf0d-428a-814f-266b27e759e4@group-9696F0872FC0, cid=4059, SUCCESS, logIndex=6641, commits[325d518f-bf0d-428a-814f-266b27e759e4:c6643]
2019-06-15 10:53:21,712 INFO  client.GrpcClientProtocolClient (GrpcClientProtocolClient.java:onNext(254)) - client-09EBABE1B9AF->325d518f-bf0d-428a-814f-266b27e759e4: receive RaftClientReply:client-09EBABE1B9AF->325d518f-bf0d-428a-814f-266b27e759e4@group-9696F0872FC0, cid=4060, SUCCESS, logIndex=6642, commits[325d518f-bf0d-428a-814f-266b27e759e4:c6643]
2019-06-15 10:53:21,717 INFO  client.GrpcClientProtocolClient (GrpcClientProtocolClient.java:onNext(254)) - client-09EBABE1B9AF->325d518f-bf0d-428a-814f-266b27e759e4: receive RaftClientReply:client-09EBABE1B9AF->325d518f-bf0d-428a-814f-266b27e759e4@group-9696F0872FC0, cid=4061, SUCCESS, logIndex=6644, commits[325d518f-bf0d-428a-814f-266b27e759e4:c6644]
2019-06-15 10:53:21,718 INFO  client.GrpcClientProtocolClient (GrpcClientProtocolClient.java:onNext(254)) - client-09EBABE1B9AF->325d518f-bf0d-428a-814f-266b27e759e4: receive RaftClientReply:client-09EBABE1B9AF->325d518f-bf0d-428a-814f-266b27e759e4@group-9696F0872FC0, cid=4062, SUCCESS, logIndex=6646, commits[325d518f-bf0d-428a-814f-266b27e759e4:c6646]
2019-06-15 10:53:21,719 INFO  client.GrpcClientProtocolClient (GrpcClientProtocolClient.java:onNext(254)) - client-09EBABE1B9AF->325d518f-bf0d-428a-814f-266b27e759e4: receive RaftClientReply:client-09EBABE1B9AF->325d518f-bf0d-428a-814f-266b27e759e4@group-9696F0872FC0, cid=4063, SUCCESS, logIndex=6647, commits[325d518f-bf0d-428a-814f-266b27e759e4:c6649]
2019-06-15 10:53:21,719 INFO  client.GrpcClientProtocolClient (GrpcClientProtocolClient.java:onNext(254)) - client-09EBABE1B9AF->325d518f-bf0d-428a-814f-266b27e759e4: receive RaftClientReply:client-09EBABE1B9AF->325d518f-bf0d-428a-814f-266b27e759e4@group-9696F0872FC0, cid=4064, SUCCESS, logIndex=6648, commits[325d518f-bf0d-428a-814f-266b27e759e4:c6649]
2019-06-15 10:53:21,729 INFO  client.GrpcClientProtocolClient (GrpcClientProtocolClient.java:onNext(254)) - client-09EBABE1B9AF->325d518f-bf0d-428a-814f-266b27e759e4: receive RaftClientReply:client-09EBABE1B9AF->325d518f-bf0d-428a-814f-266b27e759e4@group-9696F0872FC0, cid=4065, SUCCESS, logIndex=6650, commits[325d518f-bf0d-428a-814f-266b27e759e4:c6650]
2019-06-15 10:53:21,730 INFO  client.GrpcClientProtocolClient (GrpcClientProtocolClient.java:onNext(254)) - client-09EBABE1B9AF->325d518f-bf0d-428a-814f-266b27e759e4: receive RaftClientReply:client-09EBABE1B9AF->325d518f-bf0d-428a-814f-266b27e759e4@group-9696F0872FC0, cid=4066, SUCCESS, logIndex=6652, commits[325d518f-bf0d-428a-814f-266b27e759e4:c6652]
2019-06-15 10:53:21,763 DEBUG block.SCMBlockDeletingService (SCMBlockDeletingService.java:call(138)) - Running DeletedBlockTransactionScanner
2019-06-15 10:53:21,763 DEBUG block.SCMBlockDeletingService (SCMBlockDeletingService.java:call(155)) - Scanned deleted blocks log and got 0 delTX to process.
2019-06-15 10:53:21,796 INFO  client.GrpcClientProtocolClient (GrpcClientProtocolClient.java:onNext(254)) - client-09EBABE1B9AF->325d518f-bf0d-428a-814f-266b27e759e4: receive RaftClientReply:client-09EBABE1B9AF->325d518f-bf0d-428a-814f-266b27e759e4@group-9696F0872FC0, cid=4067, SUCCESS, logIndex=6654, commits[325d518f-bf0d-428a-814f-266b27e759e4:c6654]
2019-06-15 10:53:21,797 INFO  client.GrpcClientProtocolClient (GrpcClientProtocolClient.java:onNext(254)) - client-09EBABE1B9AF->325d518f-bf0d-428a-814f-266b27e759e4: receive RaftClientReply:client-09EBABE1B9AF->325d518f-bf0d-428a-814f-266b27e759e4@group-9696F0872FC0, cid=4068, SUCCESS, logIndex=6656, commits[325d518f-bf0d-428a-814f-266b27e759e4:c6656]
2019-06-15 10:53:21,802 INFO  client.GrpcClientProtocolClient (GrpcClientProtocolClient.java:onNext(254)) - client-09EBABE1B9AF->325d518f-bf0d-428a-814f-266b27e759e4: receive RaftClientReply:client-09EBABE1B9AF->325d518f-bf0d-428a-814f-266b27e759e4@group-9696F0872FC0, cid=4069, SUCCESS, logIndex=6658, commits[325d518f-bf0d-428a-814f-266b27e759e4:c6658]
2019-06-15 10:53:21,803 INFO  client.GrpcClientProtocolClient (GrpcClientProtocolClient.java:onNext(254)) - client-09EBABE1B9AF->325d518f-bf0d-428a-814f-266b27e759e4: receive RaftClientReply:client-09EBABE1B9AF->325d518f-bf0d-428a-814f-266b27e759e4@group-9696F0872FC0, cid=4070, SUCCESS, logIndex=6660, commits[325d518f-bf0d-428a-814f-266b27e759e4:c6660]
2019-06-15 10:53:21,804 INFO  client.GrpcClientProtocolClient (GrpcClientProtocolClient.java:onNext(254)) - client-09EBABE1B9AF->325d518f-bf0d-428a-814f-266b27e759e4: receive RaftClientReply:client-09EBABE1B9AF->325d518f-bf0d-428a-814f-266b27e759e4@group-9696F0872FC0, cid=4071, SUCCESS, logIndex=6661, commits[325d518f-bf0d-428a-814f-266b27e759e4:c6663]
2019-06-15 10:53:21,806 INFO  client.GrpcClientProtocolClient (GrpcClientProtocolClient.java:onNext(254)) - client-09EBABE1B9AF->325d518f-bf0d-428a-814f-266b27e759e4: receive RaftClientReply:client-09EBABE1B9AF->325d518f-bf0d-428a-814f-266b27e759e4@group-9696F0872FC0, cid=4072, SUCCESS, logIndex=6662, commits[325d518f-bf0d-428a-814f-266b27e759e4:c6663]
2019-06-15 10:53:21,817 INFO  client.GrpcClientProtocolClient (GrpcClientProtocolClient.java:onNext(254)) - client-09EBABE1B9AF->325d518f-bf0d-428a-814f-266b27e759e4: receive RaftClientReply:client-09EBABE1B9AF->325d518f-bf0d-428a-814f-266b27e759e4@group-9696F0872FC0, cid=4073, SUCCESS, logIndex=6664, commits[325d518f-bf0d-428a-814f-266b27e759e4:c6664]
2019-06-15 10:53:21,819 INFO  client.GrpcClientProtocolClient (GrpcClientProtocolClient.java:onNext(254)) - client-09EBABE1B9AF->325d518f-bf0d-428a-814f-266b27e759e4: receive RaftClientReply:client-09EBABE1B9AF->325d518f-bf0d-428a-814f-266b27e759e4@group-9696F0872FC0, cid=4074, SUCCESS, logIndex=6666, commits[325d518f-bf0d-428a-814f-266b27e759e4:c6666]
2019-06-15 10:53:21,820 INFO  client.GrpcClientProtocolClient (GrpcClientProtocolClient.java:onNext(254)) - client-09EBABE1B9AF->325d518f-bf0d-428a-814f-266b27e759e4: receive RaftClientReply:client-09EBABE1B9AF->325d518f-bf0d-428a-814f-266b27e759e4@group-9696F0872FC0, cid=4075, SUCCESS, logIndex=6667, commits[325d518f-bf0d-428a-814f-266b27e759e4:c6667]
2019-06-15 10:53:21,821 INFO  client.GrpcClientProtocolClient (GrpcClientProtocolClient.java:onNext(254)) - client-09EBABE1B9AF->325d518f-bf0d-428a-814f-266b27e759e4: receive RaftClientReply:client-09EBABE1B9AF->325d518f-bf0d-428a-814f-266b27e759e4@group-9696F0872FC0, cid=4076, SUCCESS, logIndex=6670, commits[325d518f-bf0d-428a-814f-266b27e759e4:c6670]
2019-06-15 10:53:21,826 INFO  client.GrpcClientProtocolClient (GrpcClientProtocolClient.java:onNext(254)) - client-09EBABE1B9AF->325d518f-bf0d-428a-814f-266b27e759e4: receive RaftClientReply:client-09EBABE1B9AF->325d518f-bf0d-428a-814f-266b27e759e4@group-9696F0872FC0, cid=4077, SUCCESS, logIndex=6672, commits[325d518f-bf0d-428a-814f-266b27e759e4:c6672]
2019-06-15 10:53:21,827 INFO  client.GrpcClientProtocolClient (GrpcClientProtocolClient.java:onNext(254)) - client-09EBABE1B9AF->325d518f-bf0d-428a-814f-266b27e759e4: receive RaftClientReply:client-09EBABE1B9AF->325d518f-bf0d-428a-814f-266b27e759e4@group-9696F0872FC0, cid=4078, SUCCESS, logIndex=6674, commits[325d518f-bf0d-428a-814f-266b27e759e4:c6674]
2019-06-15 10:53:21,828 INFO  client.GrpcClientProtocolClient (GrpcClientProtocolClient.java:onNext(254)) - client-09EBABE1B9AF->325d518f-bf0d-428a-814f-266b27e759e4: receive RaftClientReply:client-09EBABE1B9AF->325d518f-bf0d-428a-814f-266b27e759e4@group-9696F0872FC0, cid=4079, SUCCESS, logIndex=6675, commits[325d518f-bf0d-428a-814f-266b27e759e4:c6677]
2019-06-15 10:53:21,828 INFO  client.GrpcClientProtocolClient (GrpcClientProtocolClient.java:onNext(254)) - client-09EBABE1B9AF->325d518f-bf0d-428a-814f-266b27e759e4: receive RaftClientReply:client-09EBABE1B9AF->325d518f-bf0d-428a-814f-266b27e759e4@group-9696F0872FC0, cid=4080, SUCCESS, logIndex=6676, commits[325d518f-bf0d-428a-814f-266b27e759e4:c6677]
2019-06-15 10:53:21,840 INFO  client.GrpcClientProtocolClient (GrpcClientProtocolClient.java:onNext(254)) - client-09EBABE1B9AF->325d518f-bf0d-428a-814f-266b27e759e4: receive RaftClientReply:client-09EBABE1B9AF->325d518f-bf0d-428a-814f-266b27e759e4@group-9696F0872FC0, cid=4081, SUCCESS, logIndex=6678, commits[325d518f-bf0d-428a-814f-266b27e759e4:c6678]
2019-06-15 10:53:21,842 INFO  client.GrpcClientProtocolClient (GrpcClientProtocolClient.java:onNext(254)) - client-09EBABE1B9AF->325d518f-bf0d-428a-814f-266b27e759e4: receive RaftClientReply:client-09EBABE1B9AF->325d518f-bf0d-428a-814f-266b27e759e4@group-9696F0872FC0, cid=4082, SUCCESS, logIndex=6680, commits[325d518f-bf0d-428a-814f-266b27e759e4:c6680]
2019-06-15 10:53:21,842 INFO  client.GrpcClientProtocolClient (GrpcClientProtocolClient.java:onNext(254)) - client-09EBABE1B9AF->325d518f-bf0d-428a-814f-266b27e759e4: receive RaftClientReply:client-09EBABE1B9AF->325d518f-bf0d-428a-814f-266b27e759e4@group-9696F0872FC0, cid=4083, SUCCESS, logIndex=6681, commits[325d518f-bf0d-428a-814f-266b27e759e4:c6681]
2019-06-15 10:53:21,843 INFO  client.GrpcClientProtocolClient (GrpcClientProtocolClient.java:onNext(254)) - client-09EBABE1B9AF->325d518f-bf0d-428a-814f-266b27e759e4: receive RaftClientReply:client-09EBABE1B9AF->325d518f-bf0d-428a-814f-266b27e759e4@group-9696F0872FC0, cid=4084, SUCCESS, logIndex=6683, commits[325d518f-bf0d-428a-814f-266b27e759e4:c6683]
2019-06-15 10:53:21,847 INFO  client.GrpcClientProtocolClient (GrpcClientProtocolClient.java:onNext(254)) - client-09EBABE1B9AF->325d518f-bf0d-428a-814f-266b27e759e4: receive RaftClientReply:client-09EBABE1B9AF->325d518f-bf0d-428a-814f-266b27e759e4@group-9696F0872FC0, cid=4085, SUCCESS, logIndex=6686, commits[325d518f-bf0d-428a-814f-266b27e759e4:c6686]
2019-06-15 10:53:21,849 INFO  client.GrpcClientProtocolClient (GrpcClientProtocolClient.java:onNext(254)) - client-09EBABE1B9AF->325d518f-bf0d-428a-814f-266b27e759e4: receive RaftClientReply:client-09EBABE1B9AF->325d518f-bf0d-428a-814f-266b27e759e4@group-9696F0872FC0, cid=4086, SUCCESS, logIndex=6688, commits[325d518f-bf0d-428a-814f-266b27e759e4:c6688]
2019-06-15 10:53:21,850 INFO  client.GrpcClientProtocolClient (GrpcClientProtocolClient.java:onNext(254)) - client-09EBABE1B9AF->325d518f-bf0d-428a-814f-266b27e759e4: receive RaftClientReply:client-09EBABE1B9AF->325d518f-bf0d-428a-814f-266b27e759e4@group-9696F0872FC0, cid=4087, SUCCESS, logIndex=6689, commits[325d518f-bf0d-428a-814f-266b27e759e4:c6691]
2019-06-15 10:53:21,850 INFO  client.GrpcClientProtocolClient (GrpcClientProtocolClient.java:onNext(254)) - client-09EBABE1B9AF->325d518f-bf0d-428a-814f-266b27e759e4: receive RaftClientReply:client-09EBABE1B9AF->325d518f-bf0d-428a-814f-266b27e759e4@group-9696F0872FC0, cid=4088, SUCCESS, logIndex=6690, commits[325d518f-bf0d-428a-814f-266b27e759e4:c6691]
2019-06-15 10:53:21,862 INFO  client.GrpcClientProtocolClient (GrpcClientProtocolClient.java:onNext(254)) - client-09EBABE1B9AF->325d518f-bf0d-428a-814f-266b27e759e4: receive RaftClientReply:client-09EBABE1B9AF->325d518f-bf0d-428a-814f-266b27e759e4@group-9696F0872FC0, cid=4089, SUCCESS, logIndex=6692, commits[325d518f-bf0d-428a-814f-266b27e759e4:c6692]
2019-06-15 10:53:21,862 INFO  storage.RaftLogWorker (RaftLogWorker.java:rollLogSegment(303)) - 325d518f-bf0d-428a-814f-266b27e759e4-RaftLogWorker: Rolling segment log-6622_6694 to index:6694
2019-06-15 10:53:21,863 INFO  storage.RaftLogWorker (RaftLogWorker.java:execute(433)) - 325d518f-bf0d-428a-814f-266b27e759e4-RaftLogWorker: Rolled log segment from /opt/src/hadoop-ozone/integration-test/target/test-dir/MiniOzoneClusterImpl-dd99cefe-9779-4043-9d74-181b69d2a827/datanode-0/data/ratis/e0f1d9ef-e225-4b24-a786-9696f0872fc0/current/log_inprogress_6622 to /opt/src/hadoop-ozone/integration-test/target/test-dir/MiniOzoneClusterImpl-dd99cefe-9779-4043-9d74-181b69d2a827/datanode-0/data/ratis/e0f1d9ef-e225-4b24-a786-9696f0872fc0/current/log_6622-6694
2019-06-15 10:53:21,864 DEBUG block.SCMBlockDeletingService (SCMBlockDeletingService.java:call(138)) - Running DeletedBlockTransactionScanner
2019-06-15 10:53:21,864 DEBUG block.SCMBlockDeletingService (SCMBlockDeletingService.java:call(155)) - Scanned deleted blocks log and got 0 delTX to process.
2019-06-15 10:53:21,867 INFO  client.GrpcClientProtocolClient (GrpcClientProtocolClient.java:onNext(254)) - client-09EBABE1B9AF->325d518f-bf0d-428a-814f-266b27e759e4: receive RaftClientReply:client-09EBABE1B9AF->325d518f-bf0d-428a-814f-266b27e759e4@group-9696F0872FC0, cid=4090, SUCCESS, logIndex=6694, commits[325d518f-bf0d-428a-814f-266b27e759e4:c6694]
2019-06-15 10:53:21,905 INFO  storage.RaftLogWorker (RaftLogWorker.java:execute(469)) - 325d518f-bf0d-428a-814f-266b27e759e4-RaftLogWorker: created new log segment /opt/src/hadoop-ozone/integration-test/target/test-dir/MiniOzoneClusterImpl-dd99cefe-9779-4043-9d74-181b69d2a827/datanode-0/data/ratis/e0f1d9ef-e225-4b24-a786-9696f0872fc0/current/log_inprogress_6695
2019-06-15 10:53:21,906 INFO  client.GrpcClientProtocolClient (GrpcClientProtocolClient.java:onNext(254)) - client-09EBABE1B9AF->325d518f-bf0d-428a-814f-266b27e759e4: receive RaftClientReply:client-09EBABE1B9AF->325d518f-bf0d-428a-814f-266b27e759e4@group-9696F0872FC0, cid=4091, SUCCESS, logIndex=6695, commits[325d518f-bf0d-428a-814f-266b27e759e4:c6697]
2019-06-15 10:53:21,907 INFO  client.GrpcClientProtocolClient (GrpcClientProtocolClient.java:onNext(254)) - client-09EBABE1B9AF->325d518f-bf0d-428a-814f-266b27e759e4: receive RaftClientReply:client-09EBABE1B9AF->325d518f-bf0d-428a-814f-266b27e759e4@group-9696F0872FC0, cid=4092, SUCCESS, logIndex=6696, commits[325d518f-bf0d-428a-814f-266b27e759e4:c6697]
2019-06-15 10:53:21,912 INFO  client.GrpcClientProtocolClient (GrpcClientProtocolClient.java:onNext(254)) - client-09EBABE1B9AF->325d518f-bf0d-428a-814f-266b27e759e4: receive RaftClientReply:client-09EBABE1B9AF->325d518f-bf0d-428a-814f-266b27e759e4@group-9696F0872FC0, cid=4093, SUCCESS, logIndex=6698, commits[325d518f-bf0d-428a-814f-266b27e759e4:c6698]
2019-06-15 10:53:21,913 INFO  client.GrpcClientProtocolClient (GrpcClientProtocolClient.java:onNext(254)) - client-09EBABE1B9AF->325d518f-bf0d-428a-814f-266b27e759e4: receive RaftClientReply:client-09EBABE1B9AF->325d518f-bf0d-428a-814f-266b27e759e4@group-9696F0872FC0, cid=4094, SUCCESS, logIndex=6700, commits[325d518f-bf0d-428a-814f-266b27e759e4:c6700]
2019-06-15 10:53:21,915 INFO  client.GrpcClientProtocolClient (GrpcClientProtocolClient.java:onNext(254)) - client-09EBABE1B9AF->325d518f-bf0d-428a-814f-266b27e759e4: receive RaftClientReply:client-09EBABE1B9AF->325d518f-bf0d-428a-814f-266b27e759e4@group-9696F0872FC0, cid=4095, SUCCESS, logIndex=6701, commits[325d518f-bf0d-428a-814f-266b27e759e4:c6703]
2019-06-15 10:53:21,915 INFO  client.GrpcClientProtocolClient (GrpcClientProtocolClient.java:onNext(254)) - client-09EBABE1B9AF->325d518f-bf0d-428a-814f-266b27e759e4: receive RaftClientReply:client-09EBABE1B9AF->325d518f-bf0d-428a-814f-266b27e759e4@group-9696F0872FC0, cid=4096, SUCCESS, logIndex=6702, commits[325d518f-bf0d-428a-814f-266b27e759e4:c6703]
2019-06-15 10:53:21,925 INFO  client.GrpcClientProtocolClient (GrpcClientProtocolClient.java:onNext(254)) - client-09EBABE1B9AF->325d518f-bf0d-428a-814f-266b27e759e4: receive RaftClientReply:client-09EBABE1B9AF->325d518f-bf0d-428a-814f-266b27e759e4@group-9696F0872FC0, cid=4097, SUCCESS, logIndex=6704, commits[325d518f-bf0d-428a-814f-266b27e759e4:c6704]
2019-06-15 10:53:21,927 INFO  client.GrpcClientProtocolClient (GrpcClientProtocolClient.java:onNext(254)) - client-09EBABE1B9AF->325d518f-bf0d-428a-814f-266b27e759e4: receive RaftClientReply:client-09EBABE1B9AF->325d518f-bf0d-428a-814f-266b27e759e4@group-9696F0872FC0, cid=4098, SUCCESS, logIndex=6706, commits[325d518f-bf0d-428a-814f-266b27e759e4:c6706]
2019-06-15 10:53:21,928 INFO  client.GrpcClientProtocolClient (GrpcClientProtocolClient.java:onNext(254)) - client-09EBABE1B9AF->325d518f-bf0d-428a-814f-266b27e759e4: receive RaftClientReply:client-09EBABE1B9AF->325d518f-bf0d-428a-814f-266b27e759e4@group-9696F0872FC0, cid=4099, SUCCESS, logIndex=6707, commits[325d518f-bf0d-428a-814f-266b27e759e4:c6708]
2019-06-15 10:53:21,928 INFO  client.GrpcClientProtocolClient (GrpcClientProtocolClient.java:onNext(254)) - client-09EBABE1B9AF->325d518f-bf0d-428a-814f-266b27e759e4: receive RaftClientReply:client-09EBABE1B9AF->325d518f-bf0d-428a-814f-266b27e759e4@group-9696F0872FC0, cid=4100, SUCCESS, logIndex=6708, commits[325d518f-bf0d-428a-814f-266b27e759e4:c6708]
2019-06-15 10:53:21,933 INFO  client.GrpcClientProtocolClient (GrpcClientProtocolClient.java:onNext(254)) - client-09EBABE1B9AF->325d518f-bf0d-428a-814f-266b27e759e4: receive RaftClientReply:client-09EBABE1B9AF->325d518f-bf0d-428a-814f-266b27e759e4@group-9696F0872FC0, cid=4101, SUCCESS, logIndex=6711, commits[325d518f-bf0d-428a-814f-266b27e759e4:c6711]
2019-06-15 10:53:21,934 INFO  client.GrpcClientProtocolClient (GrpcClientProtocolClient.java:onNext(254)) - client-09EBABE1B9AF->325d518f-bf0d-428a-814f-266b27e759e4: receive RaftClientReply:client-09EBABE1B9AF->325d518f-bf0d-428a-814f-266b27e759e4@group-9696F0872FC0, cid=4102, SUCCESS, logIndex=6713, commits[325d518f-bf0d-428a-814f-266b27e759e4:c6713]
2019-06-15 10:53:21,935 INFO  client.GrpcClientProtocolClient (GrpcClientProtocolClient.java:onNext(254)) - client-09EBABE1B9AF->325d518f-bf0d-428a-814f-266b27e759e4: receive RaftClientReply:client-09EBABE1B9AF->325d518f-bf0d-428a-814f-266b27e759e4@group-9696F0872FC0, cid=4103, SUCCESS, logIndex=6714, commits[325d518f-bf0d-428a-814f-266b27e759e4:c6716]
2019-06-15 10:53:21,935 INFO  client.GrpcClientProtocolClient (GrpcClientProtocolClient.java:onNext(254)) - client-09EBABE1B9AF->325d518f-bf0d-428a-814f-266b27e759e4: receive RaftClientReply:client-09EBABE1B9AF->325d518f-bf0d-428a-814f-266b27e759e4@group-9696F0872FC0, cid=4104, SUCCESS, logIndex=6715, commits[325d518f-bf0d-428a-814f-266b27e759e4:c6716]
2019-06-15 10:53:21,948 INFO  client.GrpcClientProtocolClient (GrpcClientProtocolClient.java:onNext(254)) - client-09EBABE1B9AF->325d518f-bf0d-428a-814f-266b27e759e4: receive RaftClientReply:client-09EBABE1B9AF->325d518f-bf0d-428a-814f-266b27e759e4@group-9696F0872FC0, cid=4105, SUCCESS, logIndex=6717, commits[325d518f-bf0d-428a-814f-266b27e759e4:c6717]
2019-06-15 10:53:21,989 DEBUG block.SCMBlockDeletingService (SCMBlockDeletingService.java:call(138)) - Running DeletedBlockTransactionScanner
2019-06-15 10:53:21,990 DEBUG block.SCMBlockDeletingService (SCMBlockDeletingService.java:call(155)) - Scanned deleted blocks log and got 0 delTX to process.
2019-06-15 10:53:21,995 INFO  client.GrpcClientProtocolClient (GrpcClientProtocolClient.java:onNext(254)) - client-09EBABE1B9AF->325d518f-bf0d-428a-814f-266b27e759e4: receive RaftClientReply:client-09EBABE1B9AF->325d518f-bf0d-428a-814f-266b27e759e4@group-9696F0872FC0, cid=4106, SUCCESS, logIndex=6719, commits[325d518f-bf0d-428a-814f-266b27e759e4:c6723]
2019-06-15 10:53:21,996 INFO  client.GrpcClientProtocolClient (GrpcClientProtocolClient.java:onNext(254)) - client-09EBABE1B9AF->325d518f-bf0d-428a-814f-266b27e759e4: receive RaftClientReply:client-09EBABE1B9AF->325d518f-bf0d-428a-814f-266b27e759e4@group-9696F0872FC0, cid=4107, SUCCESS, logIndex=6720, commits[325d518f-bf0d-428a-814f-266b27e759e4:c6723]
2019-06-15 10:53:21,996 INFO  client.GrpcClientProtocolClient (GrpcClientProtocolClient.java:onNext(254)) - client-09EBABE1B9AF->325d518f-bf0d-428a-814f-266b27e759e4: receive RaftClientReply:client-09EBABE1B9AF->325d518f-bf0d-428a-814f-266b27e759e4@group-9696F0872FC0, cid=4108, SUCCESS, logIndex=6722, commits[325d518f-bf0d-428a-814f-266b27e759e4:c6723]
2019-06-15 10:53:22,002 INFO  client.GrpcClientProtocolClient (GrpcClientProtocolClient.java:onNext(254)) - client-09EBABE1B9AF->325d518f-bf0d-428a-814f-266b27e759e4: receive RaftClientReply:client-09EBABE1B9AF->325d518f-bf0d-428a-814f-266b27e759e4@group-9696F0872FC0, cid=4109, SUCCESS, logIndex=6724, commits[325d518f-bf0d-428a-814f-266b27e759e4:c6724]
2019-06-15 10:53:22,006 INFO  client.GrpcClientProtocolClient (GrpcClientProtocolClient.java:onNext(254)) - client-09EBABE1B9AF->325d518f-bf0d-428a-814f-266b27e759e4: receive RaftClientReply:client-09EBABE1B9AF->325d518f-bf0d-428a-814f-266b27e759e4@group-9696F0872FC0, cid=4110, SUCCESS, logIndex=6726, commits[325d518f-bf0d-428a-814f-266b27e759e4:c6726]
2019-06-15 10:53:22,092 DEBUG block.SCMBlockDeletingService (SCMBlockDeletingService.java:call(138)) - Running DeletedBlockTransactionScanner
2019-06-15 10:53:22,092 DEBUG block.SCMBlockDeletingService (SCMBlockDeletingService.java:call(155)) - Scanned deleted blocks log and got 0 delTX to process.
2019-06-15 10:53:22,094 INFO  client.GrpcClientProtocolClient (GrpcClientProtocolClient.java:onNext(254)) - client-09EBABE1B9AF->325d518f-bf0d-428a-814f-266b27e759e4: receive RaftClientReply:client-09EBABE1B9AF->325d518f-bf0d-428a-814f-266b27e759e4@group-9696F0872FC0, cid=4111, SUCCESS, logIndex=6728, commits[325d518f-bf0d-428a-814f-266b27e759e4:c6728]
2019-06-15 10:53:22,096 INFO  client.GrpcClientProtocolClient (GrpcClientProtocolClient.java:onNext(254)) - client-09EBABE1B9AF->325d518f-bf0d-428a-814f-266b27e759e4: receive RaftClientReply:client-09EBABE1B9AF->325d518f-bf0d-428a-814f-266b27e759e4@group-9696F0872FC0, cid=4112, SUCCESS, logIndex=6730, commits[325d518f-bf0d-428a-814f-266b27e759e4:c6730]
2019-06-15 10:53:22,109 INFO  client.GrpcClientProtocolClient (GrpcClientProtocolClient.java:onNext(254)) - client-09EBABE1B9AF->325d518f-bf0d-428a-814f-266b27e759e4: receive RaftClientReply:client-09EBABE1B9AF->325d518f-bf0d-428a-814f-266b27e759e4@group-9696F0872FC0, cid=4113, SUCCESS, logIndex=6732, commits[325d518f-bf0d-428a-814f-266b27e759e4:c6733]
2019-06-15 10:53:22,111 INFO  client.GrpcClientProtocolClient (GrpcClientProtocolClient.java:onNext(254)) - client-09EBABE1B9AF->325d518f-bf0d-428a-814f-266b27e759e4: receive RaftClientReply:client-09EBABE1B9AF->325d518f-bf0d-428a-814f-266b27e759e4@group-9696F0872FC0, cid=4114, SUCCESS, logIndex=6734, commits[325d518f-bf0d-428a-814f-266b27e759e4:c6734]
2019-06-15 10:53:22,112 INFO  client.GrpcClientProtocolClient (GrpcClientProtocolClient.java:onNext(254)) - client-09EBABE1B9AF->325d518f-bf0d-428a-814f-266b27e759e4: receive RaftClientReply:client-09EBABE1B9AF->325d518f-bf0d-428a-814f-266b27e759e4@group-9696F0872FC0, cid=4115, SUCCESS, logIndex=6735, commits[325d518f-bf0d-428a-814f-266b27e759e4:c6737]
2019-06-15 10:53:22,112 INFO  client.GrpcClientProtocolClient (GrpcClientProtocolClient.java:onNext(254)) - client-09EBABE1B9AF->325d518f-bf0d-428a-814f-266b27e759e4: receive RaftClientReply:client-09EBABE1B9AF->325d518f-bf0d-428a-814f-266b27e759e4@group-9696F0872FC0, cid=4116, SUCCESS, logIndex=6737, commits[325d518f-bf0d-428a-814f-266b27e759e4:c6737]
2019-06-15 10:53:22,117 INFO  client.GrpcClientProtocolClient (GrpcClientProtocolClient.java:onNext(254)) - client-09EBABE1B9AF->325d518f-bf0d-428a-814f-266b27e759e4: receive RaftClientReply:client-09EBABE1B9AF->325d518f-bf0d-428a-814f-266b27e759e4@group-9696F0872FC0, cid=4117, SUCCESS, logIndex=6739, commits[325d518f-bf0d-428a-814f-266b27e759e4:c6739]
2019-06-15 10:53:22,119 INFO  client.GrpcClientProtocolClient (GrpcClientProtocolClient.java:onNext(254)) - client-09EBABE1B9AF->325d518f-bf0d-428a-814f-266b27e759e4: receive RaftClientReply:client-09EBABE1B9AF->325d518f-bf0d-428a-814f-266b27e759e4@group-9696F0872FC0, cid=4118, SUCCESS, logIndex=6741, commits[325d518f-bf0d-428a-814f-266b27e759e4:c6741]
2019-06-15 10:53:22,120 INFO  client.GrpcClientProtocolClient (GrpcClientProtocolClient.java:onNext(254)) - client-09EBABE1B9AF->325d518f-bf0d-428a-814f-266b27e759e4: receive RaftClientReply:client-09EBABE1B9AF->325d518f-bf0d-428a-814f-266b27e759e4@group-9696F0872FC0, cid=4119, SUCCESS, logIndex=6742, commits[325d518f-bf0d-428a-814f-266b27e759e4:c6743]
2019-06-15 10:53:22,120 INFO  client.GrpcClientProtocolClient (GrpcClientProtocolClient.java:onNext(254)) - client-09EBABE1B9AF->325d518f-bf0d-428a-814f-266b27e759e4: receive RaftClientReply:client-09EBABE1B9AF->325d518f-bf0d-428a-814f-266b27e759e4@group-9696F0872FC0, cid=4120, SUCCESS, logIndex=6743, commits[325d518f-bf0d-428a-814f-266b27e759e4:c6743]
2019-06-15 10:53:22,133 INFO  client.GrpcClientProtocolClient (GrpcClientProtocolClient.java:onNext(254)) - client-09EBABE1B9AF->325d518f-bf0d-428a-814f-266b27e759e4: receive RaftClientReply:client-09EBABE1B9AF->325d518f-bf0d-428a-814f-266b27e759e4@group-9696F0872FC0, cid=4121, SUCCESS, logIndex=6746, commits[325d518f-bf0d-428a-814f-266b27e759e4:c6746]
2019-06-15 10:53:22,134 INFO  client.GrpcClientProtocolClient (GrpcClientProtocolClient.java:onNext(254)) - client-09EBABE1B9AF->325d518f-bf0d-428a-814f-266b27e759e4: receive RaftClientReply:client-09EBABE1B9AF->325d518f-bf0d-428a-814f-266b27e759e4@group-9696F0872FC0, cid=4122, SUCCESS, logIndex=6748, commits[325d518f-bf0d-428a-814f-266b27e759e4:c6748]
2019-06-15 10:53:22,136 INFO  client.GrpcClientProtocolClient (GrpcClientProtocolClient.java:onNext(254)) - client-09EBABE1B9AF->325d518f-bf0d-428a-814f-266b27e759e4: receive RaftClientReply:client-09EBABE1B9AF->325d518f-bf0d-428a-814f-266b27e759e4@group-9696F0872FC0, cid=4123, SUCCESS, logIndex=6749, commits[325d518f-bf0d-428a-814f-266b27e759e4:c6751]
2019-06-15 10:53:22,136 INFO  client.GrpcClientProtocolClient (GrpcClientProtocolClient.java:onNext(254)) - client-09EBABE1B9AF->325d518f-bf0d-428a-814f-266b27e759e4: receive RaftClientReply:client-09EBABE1B9AF->325d518f-bf0d-428a-814f-266b27e759e4@group-9696F0872FC0, cid=4124, SUCCESS, logIndex=6750, commits[325d518f-bf0d-428a-814f-266b27e759e4:c6751]
2019-06-15 10:53:22,140 INFO  client.GrpcClientProtocolClient (GrpcClientProtocolClient.java:onNext(254)) - client-09EBABE1B9AF->325d518f-bf0d-428a-814f-266b27e759e4: receive RaftClientReply:client-09EBABE1B9AF->325d518f-bf0d-428a-814f-266b27e759e4@group-9696F0872FC0, cid=4125, SUCCESS, logIndex=6752, commits[325d518f-bf0d-428a-814f-266b27e759e4:c6752]
2019-06-15 10:53:22,141 INFO  client.GrpcClientProtocolClient (GrpcClientProtocolClient.java:onNext(254)) - client-09EBABE1B9AF->325d518f-bf0d-428a-814f-266b27e759e4: receive RaftClientReply:client-09EBABE1B9AF->325d518f-bf0d-428a-814f-266b27e759e4@group-9696F0872FC0, cid=4126, SUCCESS, logIndex=6754, commits[325d518f-bf0d-428a-814f-266b27e759e4:c6754]
2019-06-15 10:53:22,142 INFO  client.GrpcClientProtocolClient (GrpcClientProtocolClient.java:onNext(254)) - client-09EBABE1B9AF->325d518f-bf0d-428a-814f-266b27e759e4: receive RaftClientReply:client-09EBABE1B9AF->325d518f-bf0d-428a-814f-266b27e759e4@group-9696F0872FC0, cid=4127, SUCCESS, logIndex=6755, commits[325d518f-bf0d-428a-814f-266b27e759e4:c6757]
2019-06-15 10:53:22,143 INFO  client.GrpcClientProtocolClient (GrpcClientProtocolClient.java:onNext(254)) - client-09EBABE1B9AF->325d518f-bf0d-428a-814f-266b27e759e4: receive RaftClientReply:client-09EBABE1B9AF->325d518f-bf0d-428a-814f-266b27e759e4@group-9696F0872FC0, cid=4128, SUCCESS, logIndex=6756, commits[325d518f-bf0d-428a-814f-266b27e759e4:c6757]
2019-06-15 10:53:22,156 INFO  client.GrpcClientProtocolClient (GrpcClientProtocolClient.java:onNext(254)) - client-09EBABE1B9AF->325d518f-bf0d-428a-814f-266b27e759e4: receive RaftClientReply:client-09EBABE1B9AF->325d518f-bf0d-428a-814f-266b27e759e4@group-9696F0872FC0, cid=4129, SUCCESS, logIndex=6758, commits[325d518f-bf0d-428a-814f-266b27e759e4:c6758]
2019-06-15 10:53:22,158 INFO  client.GrpcClientProtocolClient (GrpcClientProtocolClient.java:onNext(254)) - client-09EBABE1B9AF->325d518f-bf0d-428a-814f-266b27e759e4: receive RaftClientReply:client-09EBABE1B9AF->325d518f-bf0d-428a-814f-266b27e759e4@group-9696F0872FC0, cid=4130, SUCCESS, logIndex=6760, commits[325d518f-bf0d-428a-814f-266b27e759e4:c6760]
2019-06-15 10:53:22,158 INFO  client.GrpcClientProtocolClient (GrpcClientProtocolClient.java:onNext(254)) - client-09EBABE1B9AF->325d518f-bf0d-428a-814f-266b27e759e4: receive RaftClientReply:client-09EBABE1B9AF->325d518f-bf0d-428a-814f-266b27e759e4@group-9696F0872FC0, cid=4131, SUCCESS, logIndex=6761, commits[325d518f-bf0d-428a-814f-266b27e759e4:c6761]
2019-06-15 10:53:22,159 INFO  client.GrpcClientProtocolClient (GrpcClientProtocolClient.java:onNext(254)) - client-09EBABE1B9AF->325d518f-bf0d-428a-814f-266b27e759e4: receive RaftClientReply:client-09EBABE1B9AF->325d518f-bf0d-428a-814f-266b27e759e4@group-9696F0872FC0, cid=4132, SUCCESS, logIndex=6763, commits[325d518f-bf0d-428a-814f-266b27e759e4:c6763]
2019-06-15 10:53:22,164 INFO  client.GrpcClientProtocolClient (GrpcClientProtocolClient.java:onNext(254)) - client-09EBABE1B9AF->325d518f-bf0d-428a-814f-266b27e759e4: receive RaftClientReply:client-09EBABE1B9AF->325d518f-bf0d-428a-814f-266b27e759e4@group-9696F0872FC0, cid=4133, SUCCESS, logIndex=6766, commits[325d518f-bf0d-428a-814f-266b27e759e4:c6766]
2019-06-15 10:53:22,164 INFO  storage.RaftLogWorker (RaftLogWorker.java:rollLogSegment(303)) - 325d518f-bf0d-428a-814f-266b27e759e4-RaftLogWorker: Rolling segment log-6695_6767 to index:6767
2019-06-15 10:53:22,164 INFO  storage.RaftLogWorker (RaftLogWorker.java:execute(433)) - 325d518f-bf0d-428a-814f-266b27e759e4-RaftLogWorker: Rolled log segment from /opt/src/hadoop-ozone/integration-test/target/test-dir/MiniOzoneClusterImpl-dd99cefe-9779-4043-9d74-181b69d2a827/datanode-0/data/ratis/e0f1d9ef-e225-4b24-a786-9696f0872fc0/current/log_inprogress_6695 to /opt/src/hadoop-ozone/integration-test/target/test-dir/MiniOzoneClusterImpl-dd99cefe-9779-4043-9d74-181b69d2a827/datanode-0/data/ratis/e0f1d9ef-e225-4b24-a786-9696f0872fc0/current/log_6695-6767
2019-06-15 10:53:22,192 DEBUG block.SCMBlockDeletingService (SCMBlockDeletingService.java:call(138)) - Running DeletedBlockTransactionScanner
2019-06-15 10:53:22,192 DEBUG block.SCMBlockDeletingService (SCMBlockDeletingService.java:call(155)) - Scanned deleted blocks log and got 0 delTX to process.
2019-06-15 10:53:22,200 INFO  storage.RaftLogWorker (RaftLogWorker.java:execute(469)) - 325d518f-bf0d-428a-814f-266b27e759e4-RaftLogWorker: created new log segment /opt/src/hadoop-ozone/integration-test/target/test-dir/MiniOzoneClusterImpl-dd99cefe-9779-4043-9d74-181b69d2a827/datanode-0/data/ratis/e0f1d9ef-e225-4b24-a786-9696f0872fc0/current/log_inprogress_6768
2019-06-15 10:53:22,202 INFO  client.GrpcClientProtocolClient (GrpcClientProtocolClient.java:onNext(254)) - client-09EBABE1B9AF->325d518f-bf0d-428a-814f-266b27e759e4: receive RaftClientReply:client-09EBABE1B9AF->325d518f-bf0d-428a-814f-266b27e759e4@group-9696F0872FC0, cid=4134, SUCCESS, logIndex=6768, commits[325d518f-bf0d-428a-814f-266b27e759e4:c6770]
2019-06-15 10:53:22,202 INFO  client.GrpcClientProtocolClient (GrpcClientProtocolClient.java:onNext(254)) - client-09EBABE1B9AF->325d518f-bf0d-428a-814f-266b27e759e4: receive RaftClientReply:client-09EBABE1B9AF->325d518f-bf0d-428a-814f-266b27e759e4@group-9696F0872FC0, cid=4135, SUCCESS, logIndex=6769, commits[325d518f-bf0d-428a-814f-266b27e759e4:c6770]
2019-06-15 10:53:22,202 INFO  client.GrpcClientProtocolClient (GrpcClientProtocolClient.java:onNext(254)) - client-09EBABE1B9AF->325d518f-bf0d-428a-814f-266b27e759e4: receive RaftClientReply:client-09EBABE1B9AF->325d518f-bf0d-428a-814f-266b27e759e4@group-9696F0872FC0, cid=4136, SUCCESS, logIndex=6770, commits[325d518f-bf0d-428a-814f-266b27e759e4:c6770]
2019-06-15 10:53:22,213 INFO  client.GrpcClientProtocolClient (GrpcClientProtocolClient.java:onNext(254)) - client-09EBABE1B9AF->325d518f-bf0d-428a-814f-266b27e759e4: receive RaftClientReply:client-09EBABE1B9AF->325d518f-bf0d-428a-814f-266b27e759e4@group-9696F0872FC0, cid=4137, SUCCESS, logIndex=6772, commits[325d518f-bf0d-428a-814f-266b27e759e4:c6772]
2019-06-15 10:53:22,215 INFO  client.GrpcClientProtocolClient (GrpcClientProtocolClient.java:onNext(254)) - client-09EBABE1B9AF->325d518f-bf0d-428a-814f-266b27e759e4: receive RaftClientReply:client-09EBABE1B9AF->325d518f-bf0d-428a-814f-266b27e759e4@group-9696F0872FC0, cid=4138, SUCCESS, logIndex=6774, commits[325d518f-bf0d-428a-814f-266b27e759e4:c6774]
2019-06-15 10:53:22,216 INFO  client.GrpcClientProtocolClient (GrpcClientProtocolClient.java:onNext(254)) - client-09EBABE1B9AF->325d518f-bf0d-428a-814f-266b27e759e4: receive RaftClientReply:client-09EBABE1B9AF->325d518f-bf0d-428a-814f-266b27e759e4@group-9696F0872FC0, cid=4139, SUCCESS, logIndex=6775, commits[325d518f-bf0d-428a-814f-266b27e759e4:c6775]
2019-06-15 10:53:22,216 INFO  client.GrpcClientProtocolClient (GrpcClientProtocolClient.java:onNext(254)) - client-09EBABE1B9AF->325d518f-bf0d-428a-814f-266b27e759e4: receive RaftClientReply:client-09EBABE1B9AF->325d518f-bf0d-428a-814f-266b27e759e4@group-9696F0872FC0, cid=4140, SUCCESS, logIndex=6777, commits[325d518f-bf0d-428a-814f-266b27e759e4:c6777]
2019-06-15 10:53:22,221 INFO  client.GrpcClientProtocolClient (GrpcClientProtocolClient.java:onNext(254)) - client-09EBABE1B9AF->325d518f-bf0d-428a-814f-266b27e759e4: receive RaftClientReply:client-09EBABE1B9AF->325d518f-bf0d-428a-814f-266b27e759e4@group-9696F0872FC0, cid=4141, SUCCESS, logIndex=6780, commits[325d518f-bf0d-428a-814f-266b27e759e4:c6780]
2019-06-15 10:53:22,222 INFO  client.GrpcClientProtocolClient (GrpcClientProtocolClient.java:onNext(254)) - client-09EBABE1B9AF->325d518f-bf0d-428a-814f-266b27e759e4: receive RaftClientReply:client-09EBABE1B9AF->325d518f-bf0d-428a-814f-266b27e759e4@group-9696F0872FC0, cid=4142, SUCCESS, logIndex=6782, commits[325d518f-bf0d-428a-814f-266b27e759e4:c6782]
2019-06-15 10:53:22,223 INFO  client.GrpcClientProtocolClient (GrpcClientProtocolClient.java:onNext(254)) - client-09EBABE1B9AF->325d518f-bf0d-428a-814f-266b27e759e4: receive RaftClientReply:client-09EBABE1B9AF->325d518f-bf0d-428a-814f-266b27e759e4@group-9696F0872FC0, cid=4143, SUCCESS, logIndex=6783, commits[325d518f-bf0d-428a-814f-266b27e759e4:c6785]
2019-06-15 10:53:22,223 INFO  client.GrpcClientProtocolClient (GrpcClientProtocolClient.java:onNext(254)) - client-09EBABE1B9AF->325d518f-bf0d-428a-814f-266b27e759e4: receive RaftClientReply:client-09EBABE1B9AF->325d518f-bf0d-428a-814f-266b27e759e4@group-9696F0872FC0, cid=4144, SUCCESS, logIndex=6784, commits[325d518f-bf0d-428a-814f-266b27e759e4:c6785]
2019-06-15 10:53:22,234 INFO  client.GrpcClientProtocolClient (GrpcClientProtocolClient.java:onNext(254)) - client-09EBABE1B9AF->325d518f-bf0d-428a-814f-266b27e759e4: receive RaftClientReply:client-09EBABE1B9AF->325d518f-bf0d-428a-814f-266b27e759e4@group-9696F0872FC0, cid=4145, SUCCESS, logIndex=6786, commits[325d518f-bf0d-428a-814f-266b27e759e4:c6786]
2019-06-15 10:53:22,235 INFO  client.GrpcClientProtocolClient (GrpcClientProtocolClient.java:onNext(254)) - client-09EBABE1B9AF->325d518f-bf0d-428a-814f-266b27e759e4: receive RaftClientReply:client-09EBABE1B9AF->325d518f-bf0d-428a-814f-266b27e759e4@group-9696F0872FC0, cid=4146, SUCCESS, logIndex=6788, commits[325d518f-bf0d-428a-814f-266b27e759e4:c6788]
2019-06-15 10:53:22,236 INFO  client.GrpcClientProtocolClient (GrpcClientProtocolClient.java:onNext(254)) - client-09EBABE1B9AF->325d518f-bf0d-428a-814f-266b27e759e4: receive RaftClientReply:client-09EBABE1B9AF->325d518f-bf0d-428a-814f-266b27e759e4@group-9696F0872FC0, cid=4147, SUCCESS, logIndex=6789, commits[325d518f-bf0d-428a-814f-266b27e759e4:c6791]
2019-06-15 10:53:22,236 INFO  client.GrpcClientProtocolClient (GrpcClientProtocolClient.java:onNext(254)) - client-09EBABE1B9AF->325d518f-bf0d-428a-814f-266b27e759e4: receive RaftClientReply:client-09EBABE1B9AF->325d518f-bf0d-428a-814f-266b27e759e4@group-9696F0872FC0, cid=4148, SUCCESS, logIndex=6790, commits[325d518f-bf0d-428a-814f-266b27e759e4:c6791]
2019-06-15 10:53:22,240 INFO  client.GrpcClientProtocolClient (GrpcClientProtocolClient.java:onNext(254)) - client-09EBABE1B9AF->325d518f-bf0d-428a-814f-266b27e759e4: receive RaftClientReply:client-09EBABE1B9AF->325d518f-bf0d-428a-814f-266b27e759e4@group-9696F0872FC0, cid=4149, SUCCESS, logIndex=6792, commits[325d518f-bf0d-428a-814f-266b27e759e4:c6792]
2019-06-15 10:53:22,241 INFO  client.GrpcClientProtocolClient (GrpcClientProtocolClient.java:onNext(254)) - client-09EBABE1B9AF->325d518f-bf0d-428a-814f-266b27e759e4: receive RaftClientReply:client-09EBABE1B9AF->325d518f-bf0d-428a-814f-266b27e759e4@group-9696F0872FC0, cid=4150, SUCCESS, logIndex=6794, commits[325d518f-bf0d-428a-814f-266b27e759e4:c6794]
2019-06-15 10:53:22,243 INFO  client.GrpcClientProtocolClient (GrpcClientProtocolClient.java:onNext(254)) - client-09EBABE1B9AF->325d518f-bf0d-428a-814f-266b27e759e4: receive RaftClientReply:client-09EBABE1B9AF->325d518f-bf0d-428a-814f-266b27e759e4@group-9696F0872FC0, cid=4151, SUCCESS, logIndex=6795, commits[325d518f-bf0d-428a-814f-266b27e759e4:c6797]
2019-06-15 10:53:22,243 INFO  client.GrpcClientProtocolClient (GrpcClientProtocolClient.java:onNext(254)) - client-09EBABE1B9AF->325d518f-bf0d-428a-814f-266b27e759e4: receive RaftClientReply:client-09EBABE1B9AF->325d518f-bf0d-428a-814f-266b27e759e4@group-9696F0872FC0, cid=4152, SUCCESS, logIndex=6796, commits[325d518f-bf0d-428a-814f-266b27e759e4:c6797]
2019-06-15 10:53:22,257 INFO  client.GrpcClientProtocolClient (GrpcClientProtocolClient.java:onNext(254)) - client-09EBABE1B9AF->325d518f-bf0d-428a-814f-266b27e759e4: receive RaftClientReply:client-09EBABE1B9AF->325d518f-bf0d-428a-814f-266b27e759e4@group-9696F0872FC0, cid=4153, SUCCESS, logIndex=6798, commits[325d518f-bf0d-428a-814f-266b27e759e4:c6798]
2019-06-15 10:53:22,258 INFO  client.GrpcClientProtocolClient (GrpcClientProtocolClient.java:onNext(254)) - client-09EBABE1B9AF->325d518f-bf0d-428a-814f-266b27e759e4: receive RaftClientReply:client-09EBABE1B9AF->325d518f-bf0d-428a-814f-266b27e759e4@group-9696F0872FC0, cid=4154, SUCCESS, logIndex=6800, commits[325d518f-bf0d-428a-814f-266b27e759e4:c6800]
2019-06-15 10:53:22,292 DEBUG block.SCMBlockDeletingService (SCMBlockDeletingService.java:call(138)) - Running DeletedBlockTransactionScanner
2019-06-15 10:53:22,293 DEBUG block.SCMBlockDeletingService (SCMBlockDeletingService.java:call(155)) - Scanned deleted blocks log and got 0 delTX to process.
2019-06-15 10:53:22,324 INFO  client.GrpcClientProtocolClient (GrpcClientProtocolClient.java:onNext(254)) - client-09EBABE1B9AF->325d518f-bf0d-428a-814f-266b27e759e4: receive RaftClientReply:client-09EBABE1B9AF->325d518f-bf0d-428a-814f-266b27e759e4@group-9696F0872FC0, cid=4155, SUCCESS, logIndex=6802, commits[325d518f-bf0d-428a-814f-266b27e759e4:c6802]
2019-06-15 10:53:22,325 INFO  client.GrpcClientProtocolClient (GrpcClientProtocolClient.java:onNext(254)) - client-09EBABE1B9AF->325d518f-bf0d-428a-814f-266b27e759e4: receive RaftClientReply:client-09EBABE1B9AF->325d518f-bf0d-428a-814f-266b27e759e4@group-9696F0872FC0, cid=4156, SUCCESS, logIndex=6804, commits[325d518f-bf0d-428a-814f-266b27e759e4:c6804]
2019-06-15 10:53:22,330 INFO  client.GrpcClientProtocolClient (GrpcClientProtocolClient.java:onNext(254)) - client-09EBABE1B9AF->325d518f-bf0d-428a-814f-266b27e759e4: receive RaftClientReply:client-09EBABE1B9AF->325d518f-bf0d-428a-814f-266b27e759e4@group-9696F0872FC0, cid=4157, SUCCESS, logIndex=6806, commits[325d518f-bf0d-428a-814f-266b27e759e4:c6806]
2019-06-15 10:53:22,331 INFO  client.GrpcClientProtocolClient (GrpcClientProtocolClient.java:onNext(254)) - client-09EBABE1B9AF->325d518f-bf0d-428a-814f-266b27e759e4: receive RaftClientReply:client-09EBABE1B9AF->325d518f-bf0d-428a-814f-266b27e759e4@group-9696F0872FC0, cid=4158, SUCCESS, logIndex=6808, commits[325d518f-bf0d-428a-814f-266b27e759e4:c6808]
2019-06-15 10:53:22,332 INFO  client.GrpcClientProtocolClient (GrpcClientProtocolClient.java:onNext(254)) - client-09EBABE1B9AF->325d518f-bf0d-428a-814f-266b27e759e4: receive RaftClientReply:client-09EBABE1B9AF->325d518f-bf0d-428a-814f-266b27e759e4@group-9696F0872FC0, cid=4159, SUCCESS, logIndex=6809, commits[325d518f-bf0d-428a-814f-266b27e759e4:c6811]
2019-06-15 10:53:22,333 INFO  client.GrpcClientProtocolClient (GrpcClientProtocolClient.java:onNext(254)) - client-09EBABE1B9AF->325d518f-bf0d-428a-814f-266b27e759e4: receive RaftClientReply:client-09EBABE1B9AF->325d518f-bf0d-428a-814f-266b27e759e4@group-9696F0872FC0, cid=4160, SUCCESS, logIndex=6811, commits[325d518f-bf0d-428a-814f-266b27e759e4:c6811]
2019-06-15 10:53:22,344 INFO  client.GrpcClientProtocolClient (GrpcClientProtocolClient.java:onNext(254)) - client-09EBABE1B9AF->325d518f-bf0d-428a-814f-266b27e759e4: receive RaftClientReply:client-09EBABE1B9AF->325d518f-bf0d-428a-814f-266b27e759e4@group-9696F0872FC0, cid=4161, SUCCESS, logIndex=6813, commits[325d518f-bf0d-428a-814f-266b27e759e4:c6813]
2019-06-15 10:53:22,345 INFO  client.GrpcClientProtocolClient (GrpcClientProtocolClient.java:onNext(254)) - client-09EBABE1B9AF->325d518f-bf0d-428a-814f-266b27e759e4: receive RaftClientReply:client-09EBABE1B9AF->325d518f-bf0d-428a-814f-266b27e759e4@group-9696F0872FC0, cid=4162, SUCCESS, logIndex=6815, commits[325d518f-bf0d-428a-814f-266b27e759e4:c6815]
2019-06-15 10:53:22,347 INFO  client.GrpcClientProtocolClient (GrpcClientProtocolClient.java:onNext(254)) - client-09EBABE1B9AF->325d518f-bf0d-428a-814f-266b27e759e4: receive RaftClientReply:client-09EBABE1B9AF->325d518f-bf0d-428a-814f-266b27e759e4@group-9696F0872FC0, cid=4163, SUCCESS, logIndex=6816, commits[325d518f-bf0d-428a-814f-266b27e759e4:c6818]
2019-06-15 10:53:22,347 INFO  client.GrpcClientProtocolClient (GrpcClientProtocolClient.java:onNext(254)) - client-09EBABE1B9AF->325d518f-bf0d-428a-814f-266b27e759e4: receive RaftClientReply:client-09EBABE1B9AF->325d518f-bf0d-428a-814f-266b27e759e4@group-9696F0872FC0, cid=4164, SUCCESS, logIndex=6817, commits[325d518f-bf0d-428a-814f-266b27e759e4:c6818]
2019-06-15 10:53:22,352 INFO  client.GrpcClientProtocolClient (GrpcClientProtocolClient.java:onNext(254)) - client-09EBABE1B9AF->325d518f-bf0d-428a-814f-266b27e759e4: receive RaftClientReply:client-09EBABE1B9AF->325d518f-bf0d-428a-814f-266b27e759e4@group-9696F0872FC0, cid=4165, SUCCESS, logIndex=6819, commits[325d518f-bf0d-428a-814f-266b27e759e4:c6819]
2019-06-15 10:53:22,353 INFO  client.GrpcClientProtocolClient (GrpcClientProtocolClient.java:onNext(254)) - client-09EBABE1B9AF->325d518f-bf0d-428a-814f-266b27e759e4: receive RaftClientReply:client-09EBABE1B9AF->325d518f-bf0d-428a-814f-266b27e759e4@group-9696F0872FC0, cid=4166, SUCCESS, logIndex=6821, commits[325d518f-bf0d-428a-814f-266b27e759e4:c6821]
2019-06-15 10:53:22,354 INFO  client.GrpcClientProtocolClient (GrpcClientProtocolClient.java:onNext(254)) - client-09EBABE1B9AF->325d518f-bf0d-428a-814f-266b27e759e4: receive RaftClientReply:client-09EBABE1B9AF->325d518f-bf0d-428a-814f-266b27e759e4@group-9696F0872FC0, cid=4167, SUCCESS, logIndex=6822, commits[325d518f-bf0d-428a-814f-266b27e759e4:c6824]
2019-06-15 10:53:22,358 INFO  client.GrpcClientProtocolClient (GrpcClientProtocolClient.java:onNext(254)) - client-09EBABE1B9AF->325d518f-bf0d-428a-814f-266b27e759e4: receive RaftClientReply:client-09EBABE1B9AF->325d518f-bf0d-428a-814f-266b27e759e4@group-9696F0872FC0, cid=4168, SUCCESS, logIndex=6823, commits[325d518f-bf0d-428a-814f-266b27e759e4:c6824]
2019-06-15 10:53:22,370 INFO  client.GrpcClientProtocolClient (GrpcClientProtocolClient.java:onNext(254)) - client-09EBABE1B9AF->325d518f-bf0d-428a-814f-266b27e759e4: receive RaftClientReply:client-09EBABE1B9AF->325d518f-bf0d-428a-814f-266b27e759e4@group-9696F0872FC0, cid=4169, SUCCESS, logIndex=6825, commits[325d518f-bf0d-428a-814f-266b27e759e4:c6825]
2019-06-15 10:53:22,372 INFO  client.GrpcClientProtocolClient (GrpcClientProtocolClient.java:onNext(254)) - client-09EBABE1B9AF->325d518f-bf0d-428a-814f-266b27e759e4: receive RaftClientReply:client-09EBABE1B9AF->325d518f-bf0d-428a-814f-266b27e759e4@group-9696F0872FC0, cid=4170, SUCCESS, logIndex=6827, commits[325d518f-bf0d-428a-814f-266b27e759e4:c6827]
2019-06-15 10:53:22,373 INFO  client.GrpcClientProtocolClient (GrpcClientProtocolClient.java:onNext(254)) - client-09EBABE1B9AF->325d518f-bf0d-428a-814f-266b27e759e4: receive RaftClientReply:client-09EBABE1B9AF->325d518f-bf0d-428a-814f-266b27e759e4@group-9696F0872FC0, cid=4171, SUCCESS, logIndex=6828, commits[325d518f-bf0d-428a-814f-266b27e759e4:c6830]
2019-06-15 10:53:22,373 INFO  client.GrpcClientProtocolClient (GrpcClientProtocolClient.java:onNext(254)) - client-09EBABE1B9AF->325d518f-bf0d-428a-814f-266b27e759e4: receive RaftClientReply:client-09EBABE1B9AF->325d518f-bf0d-428a-814f-266b27e759e4@group-9696F0872FC0, cid=4172, SUCCESS, logIndex=6829, commits[325d518f-bf0d-428a-814f-266b27e759e4:c6830]
2019-06-15 10:53:22,378 INFO  client.GrpcClientProtocolClient (GrpcClientProtocolClient.java:onNext(254)) - client-09EBABE1B9AF->325d518f-bf0d-428a-814f-266b27e759e4: receive RaftClientReply:client-09EBABE1B9AF->325d518f-bf0d-428a-814f-266b27e759e4@group-9696F0872FC0, cid=4173, SUCCESS, logIndex=6831, commits[325d518f-bf0d-428a-814f-266b27e759e4:c6831]
2019-06-15 10:53:22,379 INFO  client.GrpcClientProtocolClient (GrpcClientProtocolClient.java:onNext(254)) - client-09EBABE1B9AF->325d518f-bf0d-428a-814f-266b27e759e4: receive RaftClientReply:client-09EBABE1B9AF->325d518f-bf0d-428a-814f-266b27e759e4@group-9696F0872FC0, cid=4174, SUCCESS, logIndex=6833, commits[325d518f-bf0d-428a-814f-266b27e759e4:c6833]
2019-06-15 10:53:22,380 INFO  client.GrpcClientProtocolClient (GrpcClientProtocolClient.java:onNext(254)) - client-09EBABE1B9AF->325d518f-bf0d-428a-814f-266b27e759e4: receive RaftClientReply:client-09EBABE1B9AF->325d518f-bf0d-428a-814f-266b27e759e4@group-9696F0872FC0, cid=4175, SUCCESS, logIndex=6834, commits[325d518f-bf0d-428a-814f-266b27e759e4:c6836]
2019-06-15 10:53:22,380 INFO  client.GrpcClientProtocolClient (GrpcClientProtocolClient.java:onNext(254)) - client-09EBABE1B9AF->325d518f-bf0d-428a-814f-266b27e759e4: receive RaftClientReply:client-09EBABE1B9AF->325d518f-bf0d-428a-814f-266b27e759e4@group-9696F0872FC0, cid=4176, SUCCESS, logIndex=6835, commits[325d518f-bf0d-428a-814f-266b27e759e4:c6836]
2019-06-15 10:53:22,388 INFO  storage.RaftLogWorker (RaftLogWorker.java:rollLogSegment(303)) - 325d518f-bf0d-428a-814f-266b27e759e4-RaftLogWorker: Rolling segment log-6768_6836 to index:6836
2019-06-15 10:53:22,388 INFO  storage.RaftLogWorker (RaftLogWorker.java:execute(433)) - 325d518f-bf0d-428a-814f-266b27e759e4-RaftLogWorker: Rolled log segment from /opt/src/hadoop-ozone/integration-test/target/test-dir/MiniOzoneClusterImpl-dd99cefe-9779-4043-9d74-181b69d2a827/datanode-0/data/ratis/e0f1d9ef-e225-4b24-a786-9696f0872fc0/current/log_inprogress_6768 to /opt/src/hadoop-ozone/integration-test/target/test-dir/MiniOzoneClusterImpl-dd99cefe-9779-4043-9d74-181b69d2a827/datanode-0/data/ratis/e0f1d9ef-e225-4b24-a786-9696f0872fc0/current/log_6768-6836
2019-06-15 10:53:22,393 DEBUG block.SCMBlockDeletingService (SCMBlockDeletingService.java:call(138)) - Running DeletedBlockTransactionScanner
2019-06-15 10:53:22,393 DEBUG block.SCMBlockDeletingService (SCMBlockDeletingService.java:call(155)) - Scanned deleted blocks log and got 0 delTX to process.
2019-06-15 10:53:22,424 INFO  storage.RaftLogWorker (RaftLogWorker.java:execute(469)) - 325d518f-bf0d-428a-814f-266b27e759e4-RaftLogWorker: created new log segment /opt/src/hadoop-ozone/integration-test/target/test-dir/MiniOzoneClusterImpl-dd99cefe-9779-4043-9d74-181b69d2a827/datanode-0/data/ratis/e0f1d9ef-e225-4b24-a786-9696f0872fc0/current/log_inprogress_6837
2019-06-15 10:53:22,425 INFO  client.GrpcClientProtocolClient (GrpcClientProtocolClient.java:onNext(254)) - client-09EBABE1B9AF->325d518f-bf0d-428a-814f-266b27e759e4: receive RaftClientReply:client-09EBABE1B9AF->325d518f-bf0d-428a-814f-266b27e759e4@group-9696F0872FC0, cid=4177, SUCCESS, logIndex=6837, commits[325d518f-bf0d-428a-814f-266b27e759e4:c6837]
2019-06-15 10:53:22,426 INFO  client.GrpcClientProtocolClient (GrpcClientProtocolClient.java:onNext(254)) - client-09EBABE1B9AF->325d518f-bf0d-428a-814f-266b27e759e4: receive RaftClientReply:client-09EBABE1B9AF->325d518f-bf0d-428a-814f-266b27e759e4@group-9696F0872FC0, cid=4178, SUCCESS, logIndex=6839, commits[325d518f-bf0d-428a-814f-266b27e759e4:c6839]
2019-06-15 10:53:22,428 INFO  client.GrpcClientProtocolClient (GrpcClientProtocolClient.java:onNext(254)) - client-09EBABE1B9AF->325d518f-bf0d-428a-814f-266b27e759e4: receive RaftClientReply:client-09EBABE1B9AF->325d518f-bf0d-428a-814f-266b27e759e4@group-9696F0872FC0, cid=4179, SUCCESS, logIndex=6840, commits[325d518f-bf0d-428a-814f-266b27e759e4:c6842]
2019-06-15 10:53:22,428 INFO  client.GrpcClientProtocolClient (GrpcClientProtocolClient.java:onNext(254)) - client-09EBABE1B9AF->325d518f-bf0d-428a-814f-266b27e759e4: receive RaftClientReply:client-09EBABE1B9AF->325d518f-bf0d-428a-814f-266b27e759e4@group-9696F0872FC0, cid=4180, SUCCESS, logIndex=6841, commits[325d518f-bf0d-428a-814f-266b27e759e4:c6842]
2019-06-15 10:53:22,473 INFO  client.GrpcClientProtocolClient (GrpcClientProtocolClient.java:onNext(254)) - client-09EBABE1B9AF->325d518f-bf0d-428a-814f-266b27e759e4: receive RaftClientReply:client-09EBABE1B9AF->325d518f-bf0d-428a-814f-266b27e759e4@group-9696F0872FC0, cid=4181, SUCCESS, logIndex=6843, commits[325d518f-bf0d-428a-814f-266b27e759e4:c6843]
2019-06-15 10:53:22,474 INFO  client.GrpcClientProtocolClient (GrpcClientProtocolClient.java:onNext(254)) - client-09EBABE1B9AF->325d518f-bf0d-428a-814f-266b27e759e4: receive RaftClientReply:client-09EBABE1B9AF->325d518f-bf0d-428a-814f-266b27e759e4@group-9696F0872FC0, cid=4182, SUCCESS, logIndex=6845, commits[325d518f-bf0d-428a-814f-266b27e759e4:c6845]
2019-06-15 10:53:22,475 INFO  client.GrpcClientProtocolClient (GrpcClientProtocolClient.java:onNext(254)) - client-09EBABE1B9AF->325d518f-bf0d-428a-814f-266b27e759e4: receive RaftClientReply:client-09EBABE1B9AF->325d518f-bf0d-428a-814f-266b27e759e4@group-9696F0872FC0, cid=4183, SUCCESS, logIndex=6846, commits[325d518f-bf0d-428a-814f-266b27e759e4:c6848]
2019-06-15 10:53:22,475 INFO  client.GrpcClientProtocolClient (GrpcClientProtocolClient.java:onNext(254)) - client-09EBABE1B9AF->325d518f-bf0d-428a-814f-266b27e759e4: receive RaftClientReply:client-09EBABE1B9AF->325d518f-bf0d-428a-814f-266b27e759e4@group-9696F0872FC0, cid=4184, SUCCESS, logIndex=6847, commits[325d518f-bf0d-428a-814f-266b27e759e4:c6848]
2019-06-15 10:53:22,485 INFO  client.GrpcClientProtocolClient (GrpcClientProtocolClient.java:onNext(254)) - client-09EBABE1B9AF->325d518f-bf0d-428a-814f-266b27e759e4: receive RaftClientReply:client-09EBABE1B9AF->325d518f-bf0d-428a-814f-266b27e759e4@group-9696F0872FC0, cid=4185, SUCCESS, logIndex=6849, commits[325d518f-bf0d-428a-814f-266b27e759e4:c6849]
2019-06-15 10:53:22,486 INFO  client.GrpcClientProtocolClient (GrpcClientProtocolClient.java:onNext(254)) - client-09EBABE1B9AF->325d518f-bf0d-428a-814f-266b27e759e4: receive RaftClientReply:client-09EBABE1B9AF->325d518f-bf0d-428a-814f-266b27e759e4@group-9696F0872FC0, cid=4186, SUCCESS, logIndex=6851, commits[325d518f-bf0d-428a-814f-266b27e759e4:c6851]
2019-06-15 10:53:22,487 INFO  client.GrpcClientProtocolClient (GrpcClientProtocolClient.java:onNext(254)) - client-09EBABE1B9AF->325d518f-bf0d-428a-814f-266b27e759e4: receive RaftClientReply:client-09EBABE1B9AF->325d518f-bf0d-428a-814f-266b27e759e4@group-9696F0872FC0, cid=4187, SUCCESS, logIndex=6852, commits[325d518f-bf0d-428a-814f-266b27e759e4:c6854]
2019-06-15 10:53:22,488 INFO  client.GrpcClientProtocolClient (GrpcClientProtocolClient.java:onNext(254)) - client-09EBABE1B9AF->325d518f-bf0d-428a-814f-266b27e759e4: receive RaftClientReply:client-09EBABE1B9AF->325d518f-bf0d-428a-814f-266b27e759e4@group-9696F0872FC0, cid=4188, SUCCESS, logIndex=6853, commits[325d518f-bf0d-428a-814f-266b27e759e4:c6854]
2019-06-15 10:53:22,493 DEBUG block.SCMBlockDeletingService (SCMBlockDeletingService.java:call(138)) - Running DeletedBlockTransactionScanner
2019-06-15 10:53:22,493 INFO  client.GrpcClientProtocolClient (GrpcClientProtocolClient.java:onNext(254)) - client-09EBABE1B9AF->325d518f-bf0d-428a-814f-266b27e759e4: receive RaftClientReply:client-09EBABE1B9AF->325d518f-bf0d-428a-814f-266b27e759e4@group-9696F0872FC0, cid=4189, SUCCESS, logIndex=6855, commits[325d518f-bf0d-428a-814f-266b27e759e4:c6855]
2019-06-15 10:53:22,493 DEBUG block.SCMBlockDeletingService (SCMBlockDeletingService.java:call(155)) - Scanned deleted blocks log and got 0 delTX to process.
2019-06-15 10:53:22,495 INFO  client.GrpcClientProtocolClient (GrpcClientProtocolClient.java:onNext(254)) - client-09EBABE1B9AF->325d518f-bf0d-428a-814f-266b27e759e4: receive RaftClientReply:client-09EBABE1B9AF->325d518f-bf0d-428a-814f-266b27e759e4@group-9696F0872FC0, cid=4190, SUCCESS, logIndex=6857, commits[325d518f-bf0d-428a-814f-266b27e759e4:c6857]
2019-06-15 10:53:22,496 INFO  client.GrpcClientProtocolClient (GrpcClientProtocolClient.java:onNext(254)) - client-09EBABE1B9AF->325d518f-bf0d-428a-814f-266b27e759e4: receive RaftClientReply:client-09EBABE1B9AF->325d518f-bf0d-428a-814f-266b27e759e4@group-9696F0872FC0, cid=4191, SUCCESS, logIndex=6858, commits[325d518f-bf0d-428a-814f-266b27e759e4:c6859]
2019-06-15 10:53:22,496 INFO  client.GrpcClientProtocolClient (GrpcClientProtocolClient.java:onNext(254)) - client-09EBABE1B9AF->325d518f-bf0d-428a-814f-266b27e759e4: receive RaftClientReply:client-09EBABE1B9AF->325d518f-bf0d-428a-814f-266b27e759e4@group-9696F0872FC0, cid=4192, SUCCESS, logIndex=6859, commits[325d518f-bf0d-428a-814f-266b27e759e4:c6859]
2019-06-15 10:53:22,505 INFO  client.GrpcClientProtocolClient (GrpcClientProtocolClient.java:onNext(254)) - client-09EBABE1B9AF->325d518f-bf0d-428a-814f-266b27e759e4: receive RaftClientReply:client-09EBABE1B9AF->325d518f-bf0d-428a-814f-266b27e759e4@group-9696F0872FC0, cid=4193, SUCCESS, logIndex=6862, commits[325d518f-bf0d-428a-814f-266b27e759e4:c6862]
2019-06-15 10:53:22,507 INFO  client.GrpcClientProtocolClient (GrpcClientProtocolClient.java:onNext(254)) - client-09EBABE1B9AF->325d518f-bf0d-428a-814f-266b27e759e4: receive RaftClientReply:client-09EBABE1B9AF->325d518f-bf0d-428a-814f-266b27e759e4@group-9696F0872FC0, cid=4194, SUCCESS, logIndex=6864, commits[325d518f-bf0d-428a-814f-266b27e759e4:c6864]
2019-06-15 10:53:22,508 INFO  client.GrpcClientProtocolClient (GrpcClientProtocolClient.java:onNext(254)) - client-09EBABE1B9AF->325d518f-bf0d-428a-814f-266b27e759e4: receive RaftClientReply:client-09EBABE1B9AF->325d518f-bf0d-428a-814f-266b27e759e4@group-9696F0872FC0, cid=4195, SUCCESS, logIndex=6865, commits[325d518f-bf0d-428a-814f-266b27e759e4:c6867]
2019-06-15 10:53:22,508 INFO  client.GrpcClientProtocolClient (GrpcClientProtocolClient.java:onNext(254)) - client-09EBABE1B9AF->325d518f-bf0d-428a-814f-266b27e759e4: receive RaftClientReply:client-09EBABE1B9AF->325d518f-bf0d-428a-814f-266b27e759e4@group-9696F0872FC0, cid=4196, SUCCESS, logIndex=6866, commits[325d518f-bf0d-428a-814f-266b27e759e4:c6867]
2019-06-15 10:53:22,513 INFO  client.GrpcClientProtocolClient (GrpcClientProtocolClient.java:onNext(254)) - client-09EBABE1B9AF->325d518f-bf0d-428a-814f-266b27e759e4: receive RaftClientReply:client-09EBABE1B9AF->325d518f-bf0d-428a-814f-266b27e759e4@group-9696F0872FC0, cid=4197, SUCCESS, logIndex=6868, commits[325d518f-bf0d-428a-814f-266b27e759e4:c6868]
2019-06-15 10:53:22,514 INFO  client.GrpcClientProtocolClient (GrpcClientProtocolClient.java:onNext(254)) - client-09EBABE1B9AF->325d518f-bf0d-428a-814f-266b27e759e4: receive RaftClientReply:client-09EBABE1B9AF->325d518f-bf0d-428a-814f-266b27e759e4@group-9696F0872FC0, cid=4198, SUCCESS, logIndex=6870, commits[325d518f-bf0d-428a-814f-266b27e759e4:c6870]
2019-06-15 10:53:22,579 INFO  client.GrpcClientProtocolClient (GrpcClientProtocolClient.java:onNext(254)) - client-09EBABE1B9AF->325d518f-bf0d-428a-814f-266b27e759e4: receive RaftClientReply:client-09EBABE1B9AF->325d518f-bf0d-428a-814f-266b27e759e4@group-9696F0872FC0, cid=4199, SUCCESS, logIndex=6872, commits[325d518f-bf0d-428a-814f-266b27e759e4:c6872]
2019-06-15 10:53:22,580 INFO  client.GrpcClientProtocolClient (GrpcClientProtocolClient.java:onNext(254)) - client-09EBABE1B9AF->325d518f-bf0d-428a-814f-266b27e759e4: receive RaftClientReply:client-09EBABE1B9AF->325d518f-bf0d-428a-814f-266b27e759e4@group-9696F0872FC0, cid=4200, SUCCESS, logIndex=6874, commits[325d518f-bf0d-428a-814f-266b27e759e4:c6874]
2019-06-15 10:53:22,592 INFO  client.GrpcClientProtocolClient (GrpcClientProtocolClient.java:onNext(254)) - client-09EBABE1B9AF->325d518f-bf0d-428a-814f-266b27e759e4: receive RaftClientReply:client-09EBABE1B9AF->325d518f-bf0d-428a-814f-266b27e759e4@group-9696F0872FC0, cid=4201, SUCCESS, logIndex=6876, commits[325d518f-bf0d-428a-814f-266b27e759e4:c6876]
2019-06-15 10:53:22,593 INFO  client.GrpcClientProtocolClient (GrpcClientProtocolClient.java:onNext(254)) - client-09EBABE1B9AF->325d518f-bf0d-428a-814f-266b27e759e4: receive RaftClientReply:client-09EBABE1B9AF->325d518f-bf0d-428a-814f-266b27e759e4@group-9696F0872FC0, cid=4202, SUCCESS, logIndex=6878, commits[325d518f-bf0d-428a-814f-266b27e759e4:c6878]
2019-06-15 10:53:22,594 INFO  client.GrpcClientProtocolClient (GrpcClientProtocolClient.java:onNext(254)) - client-09EBABE1B9AF->325d518f-bf0d-428a-814f-266b27e759e4: receive RaftClientReply:client-09EBABE1B9AF->325d518f-bf0d-428a-814f-266b27e759e4@group-9696F0872FC0, cid=4203, SUCCESS, logIndex=6879, commits[325d518f-bf0d-428a-814f-266b27e759e4:c6881]
2019-06-15 10:53:22,594 DEBUG block.SCMBlockDeletingService (SCMBlockDeletingService.java:call(138)) - Running DeletedBlockTransactionScanner
2019-06-15 10:53:22,594 INFO  client.GrpcClientProtocolClient (GrpcClientProtocolClient.java:onNext(254)) - client-09EBABE1B9AF->325d518f-bf0d-428a-814f-266b27e759e4: receive RaftClientReply:client-09EBABE1B9AF->325d518f-bf0d-428a-814f-266b27e759e4@group-9696F0872FC0, cid=4204, SUCCESS, logIndex=6880, commits[325d518f-bf0d-428a-814f-266b27e759e4:c6881]
2019-06-15 10:53:22,594 DEBUG block.SCMBlockDeletingService (SCMBlockDeletingService.java:call(155)) - Scanned deleted blocks log and got 0 delTX to process.
2019-06-15 10:53:22,599 INFO  client.GrpcClientProtocolClient (GrpcClientProtocolClient.java:onNext(254)) - client-09EBABE1B9AF->325d518f-bf0d-428a-814f-266b27e759e4: receive RaftClientReply:client-09EBABE1B9AF->325d518f-bf0d-428a-814f-266b27e759e4@group-9696F0872FC0, cid=4205, SUCCESS, logIndex=6882, commits[325d518f-bf0d-428a-814f-266b27e759e4:c6882]
2019-06-15 10:53:22,600 INFO  client.GrpcClientProtocolClient (GrpcClientProtocolClient.java:onNext(254)) - client-09EBABE1B9AF->325d518f-bf0d-428a-814f-266b27e759e4: receive RaftClientReply:client-09EBABE1B9AF->325d518f-bf0d-428a-814f-266b27e759e4@group-9696F0872FC0, cid=4206, SUCCESS, logIndex=6884, commits[325d518f-bf0d-428a-814f-266b27e759e4:c6884]
2019-06-15 10:53:22,601 INFO  client.GrpcClientProtocolClient (GrpcClientProtocolClient.java:onNext(254)) - client-09EBABE1B9AF->325d518f-bf0d-428a-814f-266b27e759e4: receive RaftClientReply:client-09EBABE1B9AF->325d518f-bf0d-428a-814f-266b27e759e4@group-9696F0872FC0, cid=4207, SUCCESS, logIndex=6885, commits[325d518f-bf0d-428a-814f-266b27e759e4:c6887]
2019-06-15 10:53:22,601 INFO  client.GrpcClientProtocolClient (GrpcClientProtocolClient.java:onNext(254)) - client-09EBABE1B9AF->325d518f-bf0d-428a-814f-266b27e759e4: receive RaftClientReply:client-09EBABE1B9AF->325d518f-bf0d-428a-814f-266b27e759e4@group-9696F0872FC0, cid=4208, SUCCESS, logIndex=6886, commits[325d518f-bf0d-428a-814f-266b27e759e4:c6887]
2019-06-15 10:53:22,611 INFO  client.GrpcClientProtocolClient (GrpcClientProtocolClient.java:onNext(254)) - client-09EBABE1B9AF->325d518f-bf0d-428a-814f-266b27e759e4: receive RaftClientReply:client-09EBABE1B9AF->325d518f-bf0d-428a-814f-266b27e759e4@group-9696F0872FC0, cid=4209, SUCCESS, logIndex=6888, commits[325d518f-bf0d-428a-814f-266b27e759e4:c6888]
2019-06-15 10:53:22,613 INFO  client.GrpcClientProtocolClient (GrpcClientProtocolClient.java:onNext(254)) - client-09EBABE1B9AF->325d518f-bf0d-428a-814f-266b27e759e4: receive RaftClientReply:client-09EBABE1B9AF->325d518f-bf0d-428a-814f-266b27e759e4@group-9696F0872FC0, cid=4210, SUCCESS, logIndex=6890, commits[325d518f-bf0d-428a-814f-266b27e759e4:c6890]
2019-06-15 10:53:22,613 INFO  client.GrpcClientProtocolClient (GrpcClientProtocolClient.java:onNext(254)) - client-09EBABE1B9AF->325d518f-bf0d-428a-814f-266b27e759e4: receive RaftClientReply:client-09EBABE1B9AF->325d518f-bf0d-428a-814f-266b27e759e4@group-9696F0872FC0, cid=4211, SUCCESS, logIndex=6891, commits[325d518f-bf0d-428a-814f-266b27e759e4:c6893]
2019-06-15 10:53:22,614 INFO  client.GrpcClientProtocolClient (GrpcClientProtocolClient.java:onNext(254)) - client-09EBABE1B9AF->325d518f-bf0d-428a-814f-266b27e759e4: receive RaftClientReply:client-09EBABE1B9AF->325d518f-bf0d-428a-814f-266b27e759e4@group-9696F0872FC0, cid=4212, SUCCESS, logIndex=6892, commits[325d518f-bf0d-428a-814f-266b27e759e4:c6893]
2019-06-15 10:53:22,618 INFO  client.GrpcClientProtocolClient (GrpcClientProtocolClient.java:onNext(254)) - client-09EBABE1B9AF->325d518f-bf0d-428a-814f-266b27e759e4: receive RaftClientReply:client-09EBABE1B9AF->325d518f-bf0d-428a-814f-266b27e759e4@group-9696F0872FC0, cid=4213, SUCCESS, logIndex=6894, commits[325d518f-bf0d-428a-814f-266b27e759e4:c6894]
2019-06-15 10:53:22,620 INFO  client.GrpcClientProtocolClient (GrpcClientProtocolClient.java:onNext(254)) - client-09EBABE1B9AF->325d518f-bf0d-428a-814f-266b27e759e4: receive RaftClientReply:client-09EBABE1B9AF->325d518f-bf0d-428a-814f-266b27e759e4@group-9696F0872FC0, cid=4214, SUCCESS, logIndex=6896, commits[325d518f-bf0d-428a-814f-266b27e759e4:c6896]
2019-06-15 10:53:22,621 INFO  client.GrpcClientProtocolClient (GrpcClientProtocolClient.java:onNext(254)) - client-09EBABE1B9AF->325d518f-bf0d-428a-814f-266b27e759e4: receive RaftClientReply:client-09EBABE1B9AF->325d518f-bf0d-428a-814f-266b27e759e4@group-9696F0872FC0, cid=4215, SUCCESS, logIndex=6897, commits[325d518f-bf0d-428a-814f-266b27e759e4:c6899]
2019-06-15 10:53:22,621 INFO  client.GrpcClientProtocolClient (GrpcClientProtocolClient.java:onNext(254)) - client-09EBABE1B9AF->325d518f-bf0d-428a-814f-266b27e759e4: receive RaftClientReply:client-09EBABE1B9AF->325d518f-bf0d-428a-814f-266b27e759e4@group-9696F0872FC0, cid=4216, SUCCESS, logIndex=6898, commits[325d518f-bf0d-428a-814f-266b27e759e4:c6899]
2019-06-15 10:53:22,631 INFO  client.GrpcClientProtocolClient (GrpcClientProtocolClient.java:onNext(254)) - client-09EBABE1B9AF->325d518f-bf0d-428a-814f-266b27e759e4: receive RaftClientReply:client-09EBABE1B9AF->325d518f-bf0d-428a-814f-266b27e759e4@group-9696F0872FC0, cid=4217, SUCCESS, logIndex=6900, commits[325d518f-bf0d-428a-814f-266b27e759e4:c6900]
2019-06-15 10:53:22,632 INFO  client.GrpcClientProtocolClient (GrpcClientProtocolClient.java:onNext(254)) - client-09EBABE1B9AF->325d518f-bf0d-428a-814f-266b27e759e4: receive RaftClientReply:client-09EBABE1B9AF->325d518f-bf0d-428a-814f-266b27e759e4@group-9696F0872FC0, cid=4218, SUCCESS, logIndex=6902, commits[325d518f-bf0d-428a-814f-266b27e759e4:c6902]
2019-06-15 10:53:22,633 INFO  client.GrpcClientProtocolClient (GrpcClientProtocolClient.java:onNext(254)) - client-09EBABE1B9AF->325d518f-bf0d-428a-814f-266b27e759e4: receive RaftClientReply:client-09EBABE1B9AF->325d518f-bf0d-428a-814f-266b27e759e4@group-9696F0872FC0, cid=4219, SUCCESS, logIndex=6903, commits[325d518f-bf0d-428a-814f-266b27e759e4:c6905]
2019-06-15 10:53:22,633 INFO  client.GrpcClientProtocolClient (GrpcClientProtocolClient.java:onNext(254)) - client-09EBABE1B9AF->325d518f-bf0d-428a-814f-266b27e759e4: receive RaftClientReply:client-09EBABE1B9AF->325d518f-bf0d-428a-814f-266b27e759e4@group-9696F0872FC0, cid=4220, SUCCESS, logIndex=6904, commits[325d518f-bf0d-428a-814f-266b27e759e4:c6905]
2019-06-15 10:53:22,636 INFO  storage.RaftLogWorker (RaftLogWorker.java:rollLogSegment(303)) - 325d518f-bf0d-428a-814f-266b27e759e4-RaftLogWorker: Rolling segment log-6837_6905 to index:6905
2019-06-15 10:53:22,636 INFO  storage.RaftLogWorker (RaftLogWorker.java:execute(433)) - 325d518f-bf0d-428a-814f-266b27e759e4-RaftLogWorker: Rolled log segment from /opt/src/hadoop-ozone/integration-test/target/test-dir/MiniOzoneClusterImpl-dd99cefe-9779-4043-9d74-181b69d2a827/datanode-0/data/ratis/e0f1d9ef-e225-4b24-a786-9696f0872fc0/current/log_inprogress_6837 to /opt/src/hadoop-ozone/integration-test/target/test-dir/MiniOzoneClusterImpl-dd99cefe-9779-4043-9d74-181b69d2a827/datanode-0/data/ratis/e0f1d9ef-e225-4b24-a786-9696f0872fc0/current/log_6837-6905
2019-06-15 10:53:22,672 INFO  storage.RaftLogWorker (RaftLogWorker.java:execute(469)) - 325d518f-bf0d-428a-814f-266b27e759e4-RaftLogWorker: created new log segment /opt/src/hadoop-ozone/integration-test/target/test-dir/MiniOzoneClusterImpl-dd99cefe-9779-4043-9d74-181b69d2a827/datanode-0/data/ratis/e0f1d9ef-e225-4b24-a786-9696f0872fc0/current/log_inprogress_6906
2019-06-15 10:53:22,673 INFO  client.GrpcClientProtocolClient (GrpcClientProtocolClient.java:onNext(254)) - client-09EBABE1B9AF->325d518f-bf0d-428a-814f-266b27e759e4: receive RaftClientReply:client-09EBABE1B9AF->325d518f-bf0d-428a-814f-266b27e759e4@group-9696F0872FC0, cid=4221, SUCCESS, logIndex=6906, commits[325d518f-bf0d-428a-814f-266b27e759e4:c6906]
2019-06-15 10:53:22,674 INFO  client.GrpcClientProtocolClient (GrpcClientProtocolClient.java:onNext(254)) - client-09EBABE1B9AF->325d518f-bf0d-428a-814f-266b27e759e4: receive RaftClientReply:client-09EBABE1B9AF->325d518f-bf0d-428a-814f-266b27e759e4@group-9696F0872FC0, cid=4222, SUCCESS, logIndex=6908, commits[325d518f-bf0d-428a-814f-266b27e759e4:c6908]
2019-06-15 10:53:22,676 INFO  client.GrpcClientProtocolClient (GrpcClientProtocolClient.java:onNext(254)) - client-09EBABE1B9AF->325d518f-bf0d-428a-814f-266b27e759e4: receive RaftClientReply:client-09EBABE1B9AF->325d518f-bf0d-428a-814f-266b27e759e4@group-9696F0872FC0, cid=4223, SUCCESS, logIndex=6909, commits[325d518f-bf0d-428a-814f-266b27e759e4:c6911]
2019-06-15 10:53:22,676 INFO  client.GrpcClientProtocolClient (GrpcClientProtocolClient.java:onNext(254)) - client-09EBABE1B9AF->325d518f-bf0d-428a-814f-266b27e759e4: receive RaftClientReply:client-09EBABE1B9AF->325d518f-bf0d-428a-814f-266b27e759e4@group-9696F0872FC0, cid=4224, SUCCESS, logIndex=6910, commits[325d518f-bf0d-428a-814f-266b27e759e4:c6911]
2019-06-15 10:53:22,688 INFO  client.GrpcClientProtocolClient (GrpcClientProtocolClient.java:onNext(254)) - client-09EBABE1B9AF->325d518f-bf0d-428a-814f-266b27e759e4: receive RaftClientReply:client-09EBABE1B9AF->325d518f-bf0d-428a-814f-266b27e759e4@group-9696F0872FC0, cid=4225, SUCCESS, logIndex=6912, commits[325d518f-bf0d-428a-814f-266b27e759e4:c6912]
2019-06-15 10:53:22,689 INFO  client.GrpcClientProtocolClient (GrpcClientProtocolClient.java:onNext(254)) - client-09EBABE1B9AF->325d518f-bf0d-428a-814f-266b27e759e4: receive RaftClientReply:client-09EBABE1B9AF->325d518f-bf0d-428a-814f-266b27e759e4@group-9696F0872FC0, cid=4226, SUCCESS, logIndex=6914, commits[325d518f-bf0d-428a-814f-266b27e759e4:c6914]
2019-06-15 10:53:22,690 INFO  client.GrpcClientProtocolClient (GrpcClientProtocolClient.java:onNext(254)) - client-09EBABE1B9AF->325d518f-bf0d-428a-814f-266b27e759e4: receive RaftClientReply:client-09EBABE1B9AF->325d518f-bf0d-428a-814f-266b27e759e4@group-9696F0872FC0, cid=4227, SUCCESS, logIndex=6915, commits[325d518f-bf0d-428a-814f-266b27e759e4:c6917]
2019-06-15 10:53:22,691 INFO  client.GrpcClientProtocolClient (GrpcClientProtocolClient.java:onNext(254)) - client-09EBABE1B9AF->325d518f-bf0d-428a-814f-266b27e759e4: receive RaftClientReply:client-09EBABE1B9AF->325d518f-bf0d-428a-814f-266b27e759e4@group-9696F0872FC0, cid=4228, SUCCESS, logIndex=6916, commits[325d518f-bf0d-428a-814f-266b27e759e4:c6917]
2019-06-15 10:53:22,695 DEBUG block.SCMBlockDeletingService (SCMBlockDeletingService.java:call(138)) - Running DeletedBlockTransactionScanner
2019-06-15 10:53:22,695 DEBUG block.SCMBlockDeletingService (SCMBlockDeletingService.java:call(155)) - Scanned deleted blocks log and got 0 delTX to process.
2019-06-15 10:53:22,696 INFO  client.GrpcClientProtocolClient (GrpcClientProtocolClient.java:onNext(254)) - client-09EBABE1B9AF->325d518f-bf0d-428a-814f-266b27e759e4: receive RaftClientReply:client-09EBABE1B9AF->325d518f-bf0d-428a-814f-266b27e759e4@group-9696F0872FC0, cid=4229, SUCCESS, logIndex=6918, commits[325d518f-bf0d-428a-814f-266b27e759e4:c6918]
2019-06-15 10:53:22,697 INFO  client.GrpcClientProtocolClient (GrpcClientProtocolClient.java:onNext(254)) - client-09EBABE1B9AF->325d518f-bf0d-428a-814f-266b27e759e4: receive RaftClientReply:client-09EBABE1B9AF->325d518f-bf0d-428a-814f-266b27e759e4@group-9696F0872FC0, cid=4230, SUCCESS, logIndex=6920, commits[325d518f-bf0d-428a-814f-266b27e759e4:c6920]
2019-06-15 10:53:22,698 INFO  client.GrpcClientProtocolClient (GrpcClientProtocolClient.java:onNext(254)) - client-09EBABE1B9AF->325d518f-bf0d-428a-814f-266b27e759e4: receive RaftClientReply:client-09EBABE1B9AF->325d518f-bf0d-428a-814f-266b27e759e4@group-9696F0872FC0, cid=4231, SUCCESS, logIndex=6921, commits[325d518f-bf0d-428a-814f-266b27e759e4:c6923]
2019-06-15 10:53:22,698 INFO  client.GrpcClientProtocolClient (GrpcClientProtocolClient.java:onNext(254)) - client-09EBABE1B9AF->325d518f-bf0d-428a-814f-266b27e759e4: receive RaftClientReply:client-09EBABE1B9AF->325d518f-bf0d-428a-814f-266b27e759e4@group-9696F0872FC0, cid=4232, SUCCESS, logIndex=6922, commits[325d518f-bf0d-428a-814f-266b27e759e4:c6923]
2019-06-15 10:53:22,708 INFO  client.GrpcClientProtocolClient (GrpcClientProtocolClient.java:onNext(254)) - client-09EBABE1B9AF->325d518f-bf0d-428a-814f-266b27e759e4: receive RaftClientReply:client-09EBABE1B9AF->325d518f-bf0d-428a-814f-266b27e759e4@group-9696F0872FC0, cid=4233, SUCCESS, logIndex=6924, commits[325d518f-bf0d-428a-814f-266b27e759e4:c6924]
2019-06-15 10:53:22,710 INFO  client.GrpcClientProtocolClient (GrpcClientProtocolClient.java:onNext(254)) - client-09EBABE1B9AF->325d518f-bf0d-428a-814f-266b27e759e4: receive RaftClientReply:client-09EBABE1B9AF->325d518f-bf0d-428a-814f-266b27e759e4@group-9696F0872FC0, cid=4234, SUCCESS, logIndex=6926, commits[325d518f-bf0d-428a-814f-266b27e759e4:c6926]
2019-06-15 10:53:22,710 INFO  client.GrpcClientProtocolClient (GrpcClientProtocolClient.java:onNext(254)) - client-09EBABE1B9AF->325d518f-bf0d-428a-814f-266b27e759e4: receive RaftClientReply:client-09EBABE1B9AF->325d518f-bf0d-428a-814f-266b27e759e4@group-9696F0872FC0, cid=4235, SUCCESS, logIndex=6927, commits[325d518f-bf0d-428a-814f-266b27e759e4:c6929]
2019-06-15 10:53:22,711 INFO  client.GrpcClientProtocolClient (GrpcClientProtocolClient.java:onNext(254)) - client-09EBABE1B9AF->325d518f-bf0d-428a-814f-266b27e759e4: receive RaftClientReply:client-09EBABE1B9AF->325d518f-bf0d-428a-814f-266b27e759e4@group-9696F0872FC0, cid=4236, SUCCESS, logIndex=6928, commits[325d518f-bf0d-428a-814f-266b27e759e4:c6929]
2019-06-15 10:53:22,715 INFO  client.GrpcClientProtocolClient (GrpcClientProtocolClient.java:onNext(254)) - client-09EBABE1B9AF->325d518f-bf0d-428a-814f-266b27e759e4: receive RaftClientReply:client-09EBABE1B9AF->325d518f-bf0d-428a-814f-266b27e759e4@group-9696F0872FC0, cid=4237, SUCCESS, logIndex=6930, commits[325d518f-bf0d-428a-814f-266b27e759e4:c6930]
2019-06-15 10:53:22,716 INFO  client.GrpcClientProtocolClient (GrpcClientProtocolClient.java:onNext(254)) - client-09EBABE1B9AF->325d518f-bf0d-428a-814f-266b27e759e4: receive RaftClientReply:client-09EBABE1B9AF->325d518f-bf0d-428a-814f-266b27e759e4@group-9696F0872FC0, cid=4238, SUCCESS, logIndex=6932, commits[325d518f-bf0d-428a-814f-266b27e759e4:c6932]
2019-06-15 10:53:22,717 INFO  client.GrpcClientProtocolClient (GrpcClientProtocolClient.java:onNext(254)) - client-09EBABE1B9AF->325d518f-bf0d-428a-814f-266b27e759e4: receive RaftClientReply:client-09EBABE1B9AF->325d518f-bf0d-428a-814f-266b27e759e4@group-9696F0872FC0, cid=4239, SUCCESS, logIndex=6933, commits[325d518f-bf0d-428a-814f-266b27e759e4:c6935]
2019-06-15 10:53:22,718 INFO  client.GrpcClientProtocolClient (GrpcClientProtocolClient.java:onNext(254)) - client-09EBABE1B9AF->325d518f-bf0d-428a-814f-266b27e759e4: receive RaftClientReply:client-09EBABE1B9AF->325d518f-bf0d-428a-814f-266b27e759e4@group-9696F0872FC0, cid=4240, SUCCESS, logIndex=6934, commits[325d518f-bf0d-428a-814f-266b27e759e4:c6935]
2019-06-15 10:53:22,727 INFO  client.GrpcClientProtocolClient (GrpcClientProtocolClient.java:onNext(254)) - client-09EBABE1B9AF->325d518f-bf0d-428a-814f-266b27e759e4: receive RaftClientReply:client-09EBABE1B9AF->325d518f-bf0d-428a-814f-266b27e759e4@group-9696F0872FC0, cid=4241, SUCCESS, logIndex=6936, commits[325d518f-bf0d-428a-814f-266b27e759e4:c6936]
2019-06-15 10:53:22,728 INFO  client.GrpcClientProtocolClient (GrpcClientProtocolClient.java:onNext(254)) - client-09EBABE1B9AF->325d518f-bf0d-428a-814f-266b27e759e4: receive RaftClientReply:client-09EBABE1B9AF->325d518f-bf0d-428a-814f-266b27e759e4@group-9696F0872FC0, cid=4242, SUCCESS, logIndex=6938, commits[325d518f-bf0d-428a-814f-266b27e759e4:c6938]
2019-06-15 10:53:22,795 DEBUG block.SCMBlockDeletingService (SCMBlockDeletingService.java:call(138)) - Running DeletedBlockTransactionScanner
2019-06-15 10:53:22,795 DEBUG block.SCMBlockDeletingService (SCMBlockDeletingService.java:call(155)) - Scanned deleted blocks log and got 0 delTX to process.
2019-06-15 10:53:22,795 INFO  client.GrpcClientProtocolClient (GrpcClientProtocolClient.java:onNext(254)) - client-09EBABE1B9AF->325d518f-bf0d-428a-814f-266b27e759e4: receive RaftClientReply:client-09EBABE1B9AF->325d518f-bf0d-428a-814f-266b27e759e4@group-9696F0872FC0, cid=4243, SUCCESS, logIndex=6940, commits[325d518f-bf0d-428a-814f-266b27e759e4:c6940]
2019-06-15 10:53:22,796 INFO  client.GrpcClientProtocolClient (GrpcClientProtocolClient.java:onNext(254)) - client-09EBABE1B9AF->325d518f-bf0d-428a-814f-266b27e759e4: receive RaftClientReply:client-09EBABE1B9AF->325d518f-bf0d-428a-814f-266b27e759e4@group-9696F0872FC0, cid=4244, SUCCESS, logIndex=6942, commits[325d518f-bf0d-428a-814f-266b27e759e4:c6942]
2019-06-15 10:53:22,804 INFO  client.GrpcClientProtocolClient (GrpcClientProtocolClient.java:onNext(254)) - client-09EBABE1B9AF->325d518f-bf0d-428a-814f-266b27e759e4: receive RaftClientReply:client-09EBABE1B9AF->325d518f-bf0d-428a-814f-266b27e759e4@group-9696F0872FC0, cid=4245, SUCCESS, logIndex=6944, commits[325d518f-bf0d-428a-814f-266b27e759e4:c6944]
2019-06-15 10:53:22,806 INFO  client.GrpcClientProtocolClient (GrpcClientProtocolClient.java:onNext(254)) - client-09EBABE1B9AF->325d518f-bf0d-428a-814f-266b27e759e4: receive RaftClientReply:client-09EBABE1B9AF->325d518f-bf0d-428a-814f-266b27e759e4@group-9696F0872FC0, cid=4246, SUCCESS, logIndex=6946, commits[325d518f-bf0d-428a-814f-266b27e759e4:c6946]
2019-06-15 10:53:22,807 INFO  client.GrpcClientProtocolClient (GrpcClientProtocolClient.java:onNext(254)) - client-09EBABE1B9AF->325d518f-bf0d-428a-814f-266b27e759e4: receive RaftClientReply:client-09EBABE1B9AF->325d518f-bf0d-428a-814f-266b27e759e4@group-9696F0872FC0, cid=4247, SUCCESS, logIndex=6947, commits[325d518f-bf0d-428a-814f-266b27e759e4:c6949]
2019-06-15 10:53:22,810 INFO  client.GrpcClientProtocolClient (GrpcClientProtocolClient.java:onNext(254)) - client-09EBABE1B9AF->325d518f-bf0d-428a-814f-266b27e759e4: receive RaftClientReply:client-09EBABE1B9AF->325d518f-bf0d-428a-814f-266b27e759e4@group-9696F0872FC0, cid=4248, SUCCESS, logIndex=6948, commits[325d518f-bf0d-428a-814f-266b27e759e4:c6949]
2019-06-15 10:53:22,821 INFO  client.GrpcClientProtocolClient (GrpcClientProtocolClient.java:onNext(254)) - client-09EBABE1B9AF->325d518f-bf0d-428a-814f-266b27e759e4: receive RaftClientReply:client-09EBABE1B9AF->325d518f-bf0d-428a-814f-266b27e759e4@group-9696F0872FC0, cid=4249, SUCCESS, logIndex=6950, commits[325d518f-bf0d-428a-814f-266b27e759e4:c6950]
2019-06-15 10:53:22,822 INFO  client.GrpcClientProtocolClient (GrpcClientProtocolClient.java:onNext(254)) - client-09EBABE1B9AF->325d518f-bf0d-428a-814f-266b27e759e4: receive RaftClientReply:client-09EBABE1B9AF->325d518f-bf0d-428a-814f-266b27e759e4@group-9696F0872FC0, cid=4250, SUCCESS, logIndex=6952, commits[325d518f-bf0d-428a-814f-266b27e759e4:c6952]
2019-06-15 10:53:22,823 INFO  client.GrpcClientProtocolClient (GrpcClientProtocolClient.java:onNext(254)) - client-09EBABE1B9AF->325d518f-bf0d-428a-814f-266b27e759e4: receive RaftClientReply:client-09EBABE1B9AF->325d518f-bf0d-428a-814f-266b27e759e4@group-9696F0872FC0, cid=4251, SUCCESS, logIndex=6953, commits[325d518f-bf0d-428a-814f-266b27e759e4:c6955]
2019-06-15 10:53:22,823 INFO  client.GrpcClientProtocolClient (GrpcClientProtocolClient.java:onNext(254)) - client-09EBABE1B9AF->325d518f-bf0d-428a-814f-266b27e759e4: receive RaftClientReply:client-09EBABE1B9AF->325d518f-bf0d-428a-814f-266b27e759e4@group-9696F0872FC0, cid=4252, SUCCESS, logIndex=6954, commits[325d518f-bf0d-428a-814f-266b27e759e4:c6955]
2019-06-15 10:53:22,828 INFO  client.GrpcClientProtocolClient (GrpcClientProtocolClient.java:onNext(254)) - client-09EBABE1B9AF->325d518f-bf0d-428a-814f-266b27e759e4: receive RaftClientReply:client-09EBABE1B9AF->325d518f-bf0d-428a-814f-266b27e759e4@group-9696F0872FC0, cid=4253, SUCCESS, logIndex=6956, commits[325d518f-bf0d-428a-814f-266b27e759e4:c6956]
2019-06-15 10:53:22,830 INFO  client.GrpcClientProtocolClient (GrpcClientProtocolClient.java:onNext(254)) - client-09EBABE1B9AF->325d518f-bf0d-428a-814f-266b27e759e4: receive RaftClientReply:client-09EBABE1B9AF->325d518f-bf0d-428a-814f-266b27e759e4@group-9696F0872FC0, cid=4254, SUCCESS, logIndex=6958, commits[325d518f-bf0d-428a-814f-266b27e759e4:c6958]
2019-06-15 10:53:22,830 INFO  client.GrpcClientProtocolClient (GrpcClientProtocolClient.java:onNext(254)) - client-09EBABE1B9AF->325d518f-bf0d-428a-814f-266b27e759e4: receive RaftClientReply:client-09EBABE1B9AF->325d518f-bf0d-428a-814f-266b27e759e4@group-9696F0872FC0, cid=4255, SUCCESS, logIndex=6959, commits[325d518f-bf0d-428a-814f-266b27e759e4:c6960]
2019-06-15 10:53:22,834 INFO  client.GrpcClientProtocolClient (GrpcClientProtocolClient.java:onNext(254)) - client-09EBABE1B9AF->325d518f-bf0d-428a-814f-266b27e759e4: receive RaftClientReply:client-09EBABE1B9AF->325d518f-bf0d-428a-814f-266b27e759e4@group-9696F0872FC0, cid=4256, SUCCESS, logIndex=6960, commits[325d518f-bf0d-428a-814f-266b27e759e4:c6961]
2019-06-15 10:53:22,886 INFO  client.GrpcClientProtocolClient (GrpcClientProtocolClient.java:onNext(254)) - client-09EBABE1B9AF->325d518f-bf0d-428a-814f-266b27e759e4: receive RaftClientReply:client-09EBABE1B9AF->325d518f-bf0d-428a-814f-266b27e759e4@group-9696F0872FC0, cid=4257, SUCCESS, logIndex=6963, commits[325d518f-bf0d-428a-814f-266b27e759e4:c6963]
2019-06-15 10:53:22,890 INFO  client.GrpcClientProtocolClient (GrpcClientProtocolClient.java:onNext(254)) - client-09EBABE1B9AF->325d518f-bf0d-428a-814f-266b27e759e4: receive RaftClientReply:client-09EBABE1B9AF->325d518f-bf0d-428a-814f-266b27e759e4@group-9696F0872FC0, cid=4258, SUCCESS, logIndex=6965, commits[325d518f-bf0d-428a-814f-266b27e759e4:c6965]
2019-06-15 10:53:22,891 INFO  client.GrpcClientProtocolClient (GrpcClientProtocolClient.java:onNext(254)) - client-09EBABE1B9AF->325d518f-bf0d-428a-814f-266b27e759e4: receive RaftClientReply:client-09EBABE1B9AF->325d518f-bf0d-428a-814f-266b27e759e4@group-9696F0872FC0, cid=4259, SUCCESS, logIndex=6966, commits[325d518f-bf0d-428a-814f-266b27e759e4:c6968]
2019-06-15 10:53:22,891 INFO  client.GrpcClientProtocolClient (GrpcClientProtocolClient.java:onNext(254)) - client-09EBABE1B9AF->325d518f-bf0d-428a-814f-266b27e759e4: receive RaftClientReply:client-09EBABE1B9AF->325d518f-bf0d-428a-814f-266b27e759e4@group-9696F0872FC0, cid=4260, SUCCESS, logIndex=6967, commits[325d518f-bf0d-428a-814f-266b27e759e4:c6968]
2019-06-15 10:53:22,896 DEBUG block.SCMBlockDeletingService (SCMBlockDeletingService.java:call(138)) - Running DeletedBlockTransactionScanner
2019-06-15 10:53:22,896 DEBUG block.SCMBlockDeletingService (SCMBlockDeletingService.java:call(155)) - Scanned deleted blocks log and got 0 delTX to process.
2019-06-15 10:53:22,897 INFO  client.GrpcClientProtocolClient (GrpcClientProtocolClient.java:onNext(254)) - client-09EBABE1B9AF->325d518f-bf0d-428a-814f-266b27e759e4: receive RaftClientReply:client-09EBABE1B9AF->325d518f-bf0d-428a-814f-266b27e759e4@group-9696F0872FC0, cid=4261, SUCCESS, logIndex=6969, commits[325d518f-bf0d-428a-814f-266b27e759e4:c6969]
2019-06-15 10:53:22,897 INFO  storage.RaftLogWorker (RaftLogWorker.java:rollLogSegment(303)) - 325d518f-bf0d-428a-814f-266b27e759e4-RaftLogWorker: Rolling segment log-6906_6972 to index:6972
2019-06-15 10:53:22,898 INFO  storage.RaftLogWorker (RaftLogWorker.java:execute(433)) - 325d518f-bf0d-428a-814f-266b27e759e4-RaftLogWorker: Rolled log segment from /opt/src/hadoop-ozone/integration-test/target/test-dir/MiniOzoneClusterImpl-dd99cefe-9779-4043-9d74-181b69d2a827/datanode-0/data/ratis/e0f1d9ef-e225-4b24-a786-9696f0872fc0/current/log_inprogress_6906 to /opt/src/hadoop-ozone/integration-test/target/test-dir/MiniOzoneClusterImpl-dd99cefe-9779-4043-9d74-181b69d2a827/datanode-0/data/ratis/e0f1d9ef-e225-4b24-a786-9696f0872fc0/current/log_6906-6972
2019-06-15 10:53:22,899 INFO  client.GrpcClientProtocolClient (GrpcClientProtocolClient.java:onNext(254)) - client-09EBABE1B9AF->325d518f-bf0d-428a-814f-266b27e759e4: receive RaftClientReply:client-09EBABE1B9AF->325d518f-bf0d-428a-814f-266b27e759e4@group-9696F0872FC0, cid=4262, SUCCESS, logIndex=6971, commits[325d518f-bf0d-428a-814f-266b27e759e4:c6971]
2019-06-15 10:53:22,902 INFO  client.GrpcClientProtocolClient (GrpcClientProtocolClient.java:onNext(254)) - client-09EBABE1B9AF->325d518f-bf0d-428a-814f-266b27e759e4: receive RaftClientReply:client-09EBABE1B9AF->325d518f-bf0d-428a-814f-266b27e759e4@group-9696F0872FC0, cid=4263, SUCCESS, logIndex=6972, commits[325d518f-bf0d-428a-814f-266b27e759e4:c6972]
2019-06-15 10:53:22,935 INFO  storage.RaftLogWorker (RaftLogWorker.java:execute(469)) - 325d518f-bf0d-428a-814f-266b27e759e4-RaftLogWorker: created new log segment /opt/src/hadoop-ozone/integration-test/target/test-dir/MiniOzoneClusterImpl-dd99cefe-9779-4043-9d74-181b69d2a827/datanode-0/data/ratis/e0f1d9ef-e225-4b24-a786-9696f0872fc0/current/log_inprogress_6973
2019-06-15 10:53:22,936 INFO  client.GrpcClientProtocolClient (GrpcClientProtocolClient.java:onNext(254)) - client-09EBABE1B9AF->325d518f-bf0d-428a-814f-266b27e759e4: receive RaftClientReply:client-09EBABE1B9AF->325d518f-bf0d-428a-814f-266b27e759e4@group-9696F0872FC0, cid=4264, SUCCESS, logIndex=6973, commits[325d518f-bf0d-428a-814f-266b27e759e4:c6975]
2019-06-15 10:53:22,946 INFO  client.GrpcClientProtocolClient (GrpcClientProtocolClient.java:onNext(254)) - client-09EBABE1B9AF->325d518f-bf0d-428a-814f-266b27e759e4: receive RaftClientReply:client-09EBABE1B9AF->325d518f-bf0d-428a-814f-266b27e759e4@group-9696F0872FC0, cid=4265, SUCCESS, logIndex=6976, commits[325d518f-bf0d-428a-814f-266b27e759e4:c6976]
2019-06-15 10:53:22,947 INFO  client.GrpcClientProtocolClient (GrpcClientProtocolClient.java:onNext(254)) - client-09EBABE1B9AF->325d518f-bf0d-428a-814f-266b27e759e4: receive RaftClientReply:client-09EBABE1B9AF->325d518f-bf0d-428a-814f-266b27e759e4@group-9696F0872FC0, cid=4266, SUCCESS, logIndex=6978, commits[325d518f-bf0d-428a-814f-266b27e759e4:c6978]
2019-06-15 10:53:22,949 INFO  client.GrpcClientProtocolClient (GrpcClientProtocolClient.java:onNext(254)) - client-09EBABE1B9AF->325d518f-bf0d-428a-814f-266b27e759e4: receive RaftClientReply:client-09EBABE1B9AF->325d518f-bf0d-428a-814f-266b27e759e4@group-9696F0872FC0, cid=4267, SUCCESS, logIndex=6979, commits[325d518f-bf0d-428a-814f-266b27e759e4:c6981]
2019-06-15 10:53:22,949 INFO  client.GrpcClientProtocolClient (GrpcClientProtocolClient.java:onNext(254)) - client-09EBABE1B9AF->325d518f-bf0d-428a-814f-266b27e759e4: receive RaftClientReply:client-09EBABE1B9AF->325d518f-bf0d-428a-814f-266b27e759e4@group-9696F0872FC0, cid=4268, SUCCESS, logIndex=6980, commits[325d518f-bf0d-428a-814f-266b27e759e4:c6981]
2019-06-15 10:53:22,954 INFO  client.GrpcClientProtocolClient (GrpcClientProtocolClient.java:onNext(254)) - client-09EBABE1B9AF->325d518f-bf0d-428a-814f-266b27e759e4: receive RaftClientReply:client-09EBABE1B9AF->325d518f-bf0d-428a-814f-266b27e759e4@group-9696F0872FC0, cid=4269, SUCCESS, logIndex=6982, commits[325d518f-bf0d-428a-814f-266b27e759e4:c6982]
2019-06-15 10:53:22,955 INFO  client.GrpcClientProtocolClient (GrpcClientProtocolClient.java:onNext(254)) - client-09EBABE1B9AF->325d518f-bf0d-428a-814f-266b27e759e4: receive RaftClientReply:client-09EBABE1B9AF->325d518f-bf0d-428a-814f-266b27e759e4@group-9696F0872FC0, cid=4270, SUCCESS, logIndex=6984, commits[325d518f-bf0d-428a-814f-266b27e759e4:c6984]
2019-06-15 10:53:22,956 INFO  client.GrpcClientProtocolClient (GrpcClientProtocolClient.java:onNext(254)) - client-09EBABE1B9AF->325d518f-bf0d-428a-814f-266b27e759e4: receive RaftClientReply:client-09EBABE1B9AF->325d518f-bf0d-428a-814f-266b27e759e4@group-9696F0872FC0, cid=4271, SUCCESS, logIndex=6985, commits[325d518f-bf0d-428a-814f-266b27e759e4:c6987]
2019-06-15 10:53:22,956 INFO  client.GrpcClientProtocolClient (GrpcClientProtocolClient.java:onNext(254)) - client-09EBABE1B9AF->325d518f-bf0d-428a-814f-266b27e759e4: receive RaftClientReply:client-09EBABE1B9AF->325d518f-bf0d-428a-814f-266b27e759e4@group-9696F0872FC0, cid=4272, SUCCESS, logIndex=6986, commits[325d518f-bf0d-428a-814f-266b27e759e4:c6987]
2019-06-15 10:53:22,966 INFO  client.GrpcClientProtocolClient (GrpcClientProtocolClient.java:onNext(254)) - client-09EBABE1B9AF->325d518f-bf0d-428a-814f-266b27e759e4: receive RaftClientReply:client-09EBABE1B9AF->325d518f-bf0d-428a-814f-266b27e759e4@group-9696F0872FC0, cid=4273, SUCCESS, logIndex=6988, commits[325d518f-bf0d-428a-814f-266b27e759e4:c6988]
2019-06-15 10:53:22,968 INFO  client.GrpcClientProtocolClient (GrpcClientProtocolClient.java:onNext(254)) - client-09EBABE1B9AF->325d518f-bf0d-428a-814f-266b27e759e4: receive RaftClientReply:client-09EBABE1B9AF->325d518f-bf0d-428a-814f-266b27e759e4@group-9696F0872FC0, cid=4274, SUCCESS, logIndex=6990, commits[325d518f-bf0d-428a-814f-266b27e759e4:c6990]
2019-06-15 10:53:22,969 INFO  client.GrpcClientProtocolClient (GrpcClientProtocolClient.java:onNext(254)) - client-09EBABE1B9AF->325d518f-bf0d-428a-814f-266b27e759e4: receive RaftClientReply:client-09EBABE1B9AF->325d518f-bf0d-428a-814f-266b27e759e4@group-9696F0872FC0, cid=4275, SUCCESS, logIndex=6991, commits[325d518f-bf0d-428a-814f-266b27e759e4:c6992]
2019-06-15 10:53:22,969 INFO  client.GrpcClientProtocolClient (GrpcClientProtocolClient.java:onNext(254)) - client-09EBABE1B9AF->325d518f-bf0d-428a-814f-266b27e759e4: receive RaftClientReply:client-09EBABE1B9AF->325d518f-bf0d-428a-814f-266b27e759e4@group-9696F0872FC0, cid=4276, SUCCESS, logIndex=6992, commits[325d518f-bf0d-428a-814f-266b27e759e4:c6993]
2019-06-15 10:53:22,975 INFO  client.GrpcClientProtocolClient (GrpcClientProtocolClient.java:onNext(254)) - client-09EBABE1B9AF->325d518f-bf0d-428a-814f-266b27e759e4: receive RaftClientReply:client-09EBABE1B9AF->325d518f-bf0d-428a-814f-266b27e759e4@group-9696F0872FC0, cid=4277, SUCCESS, logIndex=6995, commits[325d518f-bf0d-428a-814f-266b27e759e4:c6995]
2019-06-15 10:53:22,976 INFO  client.GrpcClientProtocolClient (GrpcClientProtocolClient.java:onNext(254)) - client-09EBABE1B9AF->325d518f-bf0d-428a-814f-266b27e759e4: receive RaftClientReply:client-09EBABE1B9AF->325d518f-bf0d-428a-814f-266b27e759e4@group-9696F0872FC0, cid=4278, SUCCESS, logIndex=6997, commits[325d518f-bf0d-428a-814f-266b27e759e4:c6997]
2019-06-15 10:53:22,977 INFO  client.GrpcClientProtocolClient (GrpcClientProtocolClient.java:onNext(254)) - client-09EBABE1B9AF->325d518f-bf0d-428a-814f-266b27e759e4: receive RaftClientReply:client-09EBABE1B9AF->325d518f-bf0d-428a-814f-266b27e759e4@group-9696F0872FC0, cid=4279, SUCCESS, logIndex=6998, commits[325d518f-bf0d-428a-814f-266b27e759e4:c7000]
2019-06-15 10:53:22,977 INFO  client.GrpcClientProtocolClient (GrpcClientProtocolClient.java:onNext(254)) - client-09EBABE1B9AF->325d518f-bf0d-428a-814f-266b27e759e4: receive RaftClientReply:client-09EBABE1B9AF->325d518f-bf0d-428a-814f-266b27e759e4@group-9696F0872FC0, cid=4280, SUCCESS, logIndex=6999, commits[325d518f-bf0d-428a-814f-266b27e759e4:c7000]
2019-06-15 10:53:22,987 INFO  client.GrpcClientProtocolClient (GrpcClientProtocolClient.java:onNext(254)) - client-09EBABE1B9AF->325d518f-bf0d-428a-814f-266b27e759e4: receive RaftClientReply:client-09EBABE1B9AF->325d518f-bf0d-428a-814f-266b27e759e4@group-9696F0872FC0, cid=4281, SUCCESS, logIndex=7001, commits[325d518f-bf0d-428a-814f-266b27e759e4:c7001]
2019-06-15 10:53:22,988 INFO  client.GrpcClientProtocolClient (GrpcClientProtocolClient.java:onNext(254)) - client-09EBABE1B9AF->325d518f-bf0d-428a-814f-266b27e759e4: receive RaftClientReply:client-09EBABE1B9AF->325d518f-bf0d-428a-814f-266b27e759e4@group-9696F0872FC0, cid=4282, SUCCESS, logIndex=7003, commits[325d518f-bf0d-428a-814f-266b27e759e4:c7003]
2019-06-15 10:53:22,989 INFO  client.GrpcClientProtocolClient (GrpcClientProtocolClient.java:onNext(254)) - client-09EBABE1B9AF->325d518f-bf0d-428a-814f-266b27e759e4: receive RaftClientReply:client-09EBABE1B9AF->325d518f-bf0d-428a-814f-266b27e759e4@group-9696F0872FC0, cid=4283, SUCCESS, logIndex=7004, commits[325d518f-bf0d-428a-814f-266b27e759e4:c7006]
2019-06-15 10:53:22,990 INFO  client.GrpcClientProtocolClient (GrpcClientProtocolClient.java:onNext(254)) - client-09EBABE1B9AF->325d518f-bf0d-428a-814f-266b27e759e4: receive RaftClientReply:client-09EBABE1B9AF->325d518f-bf0d-428a-814f-266b27e759e4@group-9696F0872FC0, cid=4284, SUCCESS, logIndex=7005, commits[325d518f-bf0d-428a-814f-266b27e759e4:c7006]
2019-06-15 10:53:22,994 INFO  client.GrpcClientProtocolClient (GrpcClientProtocolClient.java:onNext(254)) - client-09EBABE1B9AF->325d518f-bf0d-428a-814f-266b27e759e4: receive RaftClientReply:client-09EBABE1B9AF->325d518f-bf0d-428a-814f-266b27e759e4@group-9696F0872FC0, cid=4285, SUCCESS, logIndex=7007, commits[325d518f-bf0d-428a-814f-266b27e759e4:c7007]
2019-06-15 10:53:22,995 INFO  client.GrpcClientProtocolClient (GrpcClientProtocolClient.java:onNext(254)) - client-09EBABE1B9AF->325d518f-bf0d-428a-814f-266b27e759e4: receive RaftClientReply:client-09EBABE1B9AF->325d518f-bf0d-428a-814f-266b27e759e4@group-9696F0872FC0, cid=4286, SUCCESS, logIndex=7009, commits[325d518f-bf0d-428a-814f-266b27e759e4:c7009]
2019-06-15 10:53:22,996 DEBUG block.SCMBlockDeletingService (SCMBlockDeletingService.java:call(138)) - Running DeletedBlockTransactionScanner
2019-06-15 10:53:22,996 DEBUG block.SCMBlockDeletingService (SCMBlockDeletingService.java:call(155)) - Scanned deleted blocks log and got 0 delTX to process.
2019-06-15 10:53:22,998 INFO  client.GrpcClientProtocolClient (GrpcClientProtocolClient.java:onNext(254)) - client-09EBABE1B9AF->325d518f-bf0d-428a-814f-266b27e759e4: receive RaftClientReply:client-09EBABE1B9AF->325d518f-bf0d-428a-814f-266b27e759e4@group-9696F0872FC0, cid=4287, SUCCESS, logIndex=7010, commits[325d518f-bf0d-428a-814f-266b27e759e4:c7012]
2019-06-15 10:53:22,999 INFO  client.GrpcClientProtocolClient (GrpcClientProtocolClient.java:onNext(254)) - client-09EBABE1B9AF->325d518f-bf0d-428a-814f-266b27e759e4: receive RaftClientReply:client-09EBABE1B9AF->325d518f-bf0d-428a-814f-266b27e759e4@group-9696F0872FC0, cid=4288, SUCCESS, logIndex=7011, commits[325d518f-bf0d-428a-814f-266b27e759e4:c7012]
2019-06-15 10:53:23,077 INFO  client.GrpcClientProtocolClient (GrpcClientProtocolClient.java:onNext(254)) - client-09EBABE1B9AF->325d518f-bf0d-428a-814f-266b27e759e4: receive RaftClientReply:client-09EBABE1B9AF->325d518f-bf0d-428a-814f-266b27e759e4@group-9696F0872FC0, cid=4289, SUCCESS, logIndex=7013, commits[325d518f-bf0d-428a-814f-266b27e759e4:c7013]
2019-06-15 10:53:23,078 INFO  client.GrpcClientProtocolClient (GrpcClientProtocolClient.java:onNext(254)) - client-09EBABE1B9AF->325d518f-bf0d-428a-814f-266b27e759e4: receive RaftClientReply:client-09EBABE1B9AF->325d518f-bf0d-428a-814f-266b27e759e4@group-9696F0872FC0, cid=4290, SUCCESS, logIndex=7015, commits[325d518f-bf0d-428a-814f-266b27e759e4:c7015]
2019-06-15 10:53:23,079 INFO  client.GrpcClientProtocolClient (GrpcClientProtocolClient.java:onNext(254)) - client-09EBABE1B9AF->325d518f-bf0d-428a-814f-266b27e759e4: receive RaftClientReply:client-09EBABE1B9AF->325d518f-bf0d-428a-814f-266b27e759e4@group-9696F0872FC0, cid=4291, SUCCESS, logIndex=7016, commits[325d518f-bf0d-428a-814f-266b27e759e4:c7018]
2019-06-15 10:53:23,079 INFO  client.GrpcClientProtocolClient (GrpcClientProtocolClient.java:onNext(254)) - client-09EBABE1B9AF->325d518f-bf0d-428a-814f-266b27e759e4: receive RaftClientReply:client-09EBABE1B9AF->325d518f-bf0d-428a-814f-266b27e759e4@group-9696F0872FC0, cid=4292, SUCCESS, logIndex=7018, commits[325d518f-bf0d-428a-814f-266b27e759e4:c7018]
2019-06-15 10:53:23,084 INFO  client.GrpcClientProtocolClient (GrpcClientProtocolClient.java:onNext(254)) - client-09EBABE1B9AF->325d518f-bf0d-428a-814f-266b27e759e4: receive RaftClientReply:client-09EBABE1B9AF->325d518f-bf0d-428a-814f-266b27e759e4@group-9696F0872FC0, cid=4293, SUCCESS, logIndex=7020, commits[325d518f-bf0d-428a-814f-266b27e759e4:c7020]
2019-06-15 10:53:23,085 INFO  client.GrpcClientProtocolClient (GrpcClientProtocolClient.java:onNext(254)) - client-09EBABE1B9AF->325d518f-bf0d-428a-814f-266b27e759e4: receive RaftClientReply:client-09EBABE1B9AF->325d518f-bf0d-428a-814f-266b27e759e4@group-9696F0872FC0, cid=4294, SUCCESS, logIndex=7022, commits[325d518f-bf0d-428a-814f-266b27e759e4:c7022]
2019-06-15 10:53:23,086 INFO  client.GrpcClientProtocolClient (GrpcClientProtocolClient.java:onNext(254)) - client-09EBABE1B9AF->325d518f-bf0d-428a-814f-266b27e759e4: receive RaftClientReply:client-09EBABE1B9AF->325d518f-bf0d-428a-814f-266b27e759e4@group-9696F0872FC0, cid=4295, SUCCESS, logIndex=7023, commits[325d518f-bf0d-428a-814f-266b27e759e4:c7025]
2019-06-15 10:53:23,086 INFO  client.GrpcClientProtocolClient (GrpcClientProtocolClient.java:onNext(254)) - client-09EBABE1B9AF->325d518f-bf0d-428a-814f-266b27e759e4: receive RaftClientReply:client-09EBABE1B9AF->325d518f-bf0d-428a-814f-266b27e759e4@group-9696F0872FC0, cid=4296, SUCCESS, logIndex=7024, commits[325d518f-bf0d-428a-814f-266b27e759e4:c7025]
2019-06-15 10:53:23,096 DEBUG block.SCMBlockDeletingService (SCMBlockDeletingService.java:call(138)) - Running DeletedBlockTransactionScanner
2019-06-15 10:53:23,097 DEBUG block.SCMBlockDeletingService (SCMBlockDeletingService.java:call(155)) - Scanned deleted blocks log and got 0 delTX to process.
2019-06-15 10:53:23,097 INFO  client.GrpcClientProtocolClient (GrpcClientProtocolClient.java:onNext(254)) - client-09EBABE1B9AF->325d518f-bf0d-428a-814f-266b27e759e4: receive RaftClientReply:client-09EBABE1B9AF->325d518f-bf0d-428a-814f-266b27e759e4@group-9696F0872FC0, cid=4297, SUCCESS, logIndex=7026, commits[325d518f-bf0d-428a-814f-266b27e759e4:c7026]
2019-06-15 10:53:23,098 INFO  client.GrpcClientProtocolClient (GrpcClientProtocolClient.java:onNext(254)) - client-09EBABE1B9AF->325d518f-bf0d-428a-814f-266b27e759e4: receive RaftClientReply:client-09EBABE1B9AF->325d518f-bf0d-428a-814f-266b27e759e4@group-9696F0872FC0, cid=4298, SUCCESS, logIndex=7028, commits[325d518f-bf0d-428a-814f-266b27e759e4:c7028]
2019-06-15 10:53:23,099 INFO  client.GrpcClientProtocolClient (GrpcClientProtocolClient.java:onNext(254)) - client-09EBABE1B9AF->325d518f-bf0d-428a-814f-266b27e759e4: receive RaftClientReply:client-09EBABE1B9AF->325d518f-bf0d-428a-814f-266b27e759e4@group-9696F0872FC0, cid=4299, SUCCESS, logIndex=7029, commits[325d518f-bf0d-428a-814f-266b27e759e4:c7031]
2019-06-15 10:53:23,100 INFO  client.GrpcClientProtocolClient (GrpcClientProtocolClient.java:onNext(254)) - client-09EBABE1B9AF->325d518f-bf0d-428a-814f-266b27e759e4: receive RaftClientReply:client-09EBABE1B9AF->325d518f-bf0d-428a-814f-266b27e759e4@group-9696F0872FC0, cid=4300, SUCCESS, logIndex=7030, commits[325d518f-bf0d-428a-814f-266b27e759e4:c7031]
2019-06-15 10:53:23,105 INFO  client.GrpcClientProtocolClient (GrpcClientProtocolClient.java:onNext(254)) - client-09EBABE1B9AF->325d518f-bf0d-428a-814f-266b27e759e4: receive RaftClientReply:client-09EBABE1B9AF->325d518f-bf0d-428a-814f-266b27e759e4@group-9696F0872FC0, cid=4301, SUCCESS, logIndex=7032, commits[325d518f-bf0d-428a-814f-266b27e759e4:c7032]
2019-06-15 10:53:23,106 INFO  client.GrpcClientProtocolClient (GrpcClientProtocolClient.java:onNext(254)) - client-09EBABE1B9AF->325d518f-bf0d-428a-814f-266b27e759e4: receive RaftClientReply:client-09EBABE1B9AF->325d518f-bf0d-428a-814f-266b27e759e4@group-9696F0872FC0, cid=4302, SUCCESS, logIndex=7034, commits[325d518f-bf0d-428a-814f-266b27e759e4:c7034]
2019-06-15 10:53:23,107 INFO  client.GrpcClientProtocolClient (GrpcClientProtocolClient.java:onNext(254)) - client-09EBABE1B9AF->325d518f-bf0d-428a-814f-266b27e759e4: receive RaftClientReply:client-09EBABE1B9AF->325d518f-bf0d-428a-814f-266b27e759e4@group-9696F0872FC0, cid=4303, SUCCESS, logIndex=7035, commits[325d518f-bf0d-428a-814f-266b27e759e4:c7037]
2019-06-15 10:53:23,107 INFO  client.GrpcClientProtocolClient (GrpcClientProtocolClient.java:onNext(254)) - client-09EBABE1B9AF->325d518f-bf0d-428a-814f-266b27e759e4: receive RaftClientReply:client-09EBABE1B9AF->325d518f-bf0d-428a-814f-266b27e759e4@group-9696F0872FC0, cid=4304, SUCCESS, logIndex=7036, commits[325d518f-bf0d-428a-814f-266b27e759e4:c7037]
2019-06-15 10:53:23,117 INFO  client.GrpcClientProtocolClient (GrpcClientProtocolClient.java:onNext(254)) - client-09EBABE1B9AF->325d518f-bf0d-428a-814f-266b27e759e4: receive RaftClientReply:client-09EBABE1B9AF->325d518f-bf0d-428a-814f-266b27e759e4@group-9696F0872FC0, cid=4305, SUCCESS, logIndex=7038, commits[325d518f-bf0d-428a-814f-266b27e759e4:c7038]
2019-06-15 10:53:23,117 INFO  storage.RaftLogWorker (RaftLogWorker.java:rollLogSegment(303)) - 325d518f-bf0d-428a-814f-266b27e759e4-RaftLogWorker: Rolling segment log-6973_7040 to index:7040
2019-06-15 10:53:23,118 INFO  storage.RaftLogWorker (RaftLogWorker.java:execute(433)) - 325d518f-bf0d-428a-814f-266b27e759e4-RaftLogWorker: Rolled log segment from /opt/src/hadoop-ozone/integration-test/target/test-dir/MiniOzoneClusterImpl-dd99cefe-9779-4043-9d74-181b69d2a827/datanode-0/data/ratis/e0f1d9ef-e225-4b24-a786-9696f0872fc0/current/log_inprogress_6973 to /opt/src/hadoop-ozone/integration-test/target/test-dir/MiniOzoneClusterImpl-dd99cefe-9779-4043-9d74-181b69d2a827/datanode-0/data/ratis/e0f1d9ef-e225-4b24-a786-9696f0872fc0/current/log_6973-7040
2019-06-15 10:53:23,119 INFO  client.GrpcClientProtocolClient (GrpcClientProtocolClient.java:onNext(254)) - client-09EBABE1B9AF->325d518f-bf0d-428a-814f-266b27e759e4: receive RaftClientReply:client-09EBABE1B9AF->325d518f-bf0d-428a-814f-266b27e759e4@group-9696F0872FC0, cid=4306, SUCCESS, logIndex=7040, commits[325d518f-bf0d-428a-814f-266b27e759e4:c7040]
2019-06-15 10:53:23,153 INFO  storage.RaftLogWorker (RaftLogWorker.java:execute(469)) - 325d518f-bf0d-428a-814f-266b27e759e4-RaftLogWorker: created new log segment /opt/src/hadoop-ozone/integration-test/target/test-dir/MiniOzoneClusterImpl-dd99cefe-9779-4043-9d74-181b69d2a827/datanode-0/data/ratis/e0f1d9ef-e225-4b24-a786-9696f0872fc0/current/log_inprogress_7041
2019-06-15 10:53:23,155 INFO  client.GrpcClientProtocolClient (GrpcClientProtocolClient.java:onNext(254)) - client-09EBABE1B9AF->325d518f-bf0d-428a-814f-266b27e759e4: receive RaftClientReply:client-09EBABE1B9AF->325d518f-bf0d-428a-814f-266b27e759e4@group-9696F0872FC0, cid=4307, SUCCESS, logIndex=7041, commits[325d518f-bf0d-428a-814f-266b27e759e4:c7043]
2019-06-15 10:53:23,155 INFO  client.GrpcClientProtocolClient (GrpcClientProtocolClient.java:onNext(254)) - client-09EBABE1B9AF->325d518f-bf0d-428a-814f-266b27e759e4: receive RaftClientReply:client-09EBABE1B9AF->325d518f-bf0d-428a-814f-266b27e759e4@group-9696F0872FC0, cid=4308, SUCCESS, logIndex=7042, commits[325d518f-bf0d-428a-814f-266b27e759e4:c7043]
2019-06-15 10:53:23,160 INFO  client.GrpcClientProtocolClient (GrpcClientProtocolClient.java:onNext(254)) - client-09EBABE1B9AF->325d518f-bf0d-428a-814f-266b27e759e4: receive RaftClientReply:client-09EBABE1B9AF->325d518f-bf0d-428a-814f-266b27e759e4@group-9696F0872FC0, cid=4309, SUCCESS, logIndex=7044, commits[325d518f-bf0d-428a-814f-266b27e759e4:c7044]
2019-06-15 10:53:23,162 INFO  client.GrpcClientProtocolClient (GrpcClientProtocolClient.java:onNext(254)) - client-09EBABE1B9AF->325d518f-bf0d-428a-814f-266b27e759e4: receive RaftClientReply:client-09EBABE1B9AF->325d518f-bf0d-428a-814f-266b27e759e4@group-9696F0872FC0, cid=4310, SUCCESS, logIndex=7046, commits[325d518f-bf0d-428a-814f-266b27e759e4:c7046]
2019-06-15 10:53:23,163 INFO  client.GrpcClientProtocolClient (GrpcClientProtocolClient.java:onNext(254)) - client-09EBABE1B9AF->325d518f-bf0d-428a-814f-266b27e759e4: receive RaftClientReply:client-09EBABE1B9AF->325d518f-bf0d-428a-814f-266b27e759e4@group-9696F0872FC0, cid=4311, SUCCESS, logIndex=7047, commits[325d518f-bf0d-428a-814f-266b27e759e4:c7048]
2019-06-15 10:53:23,163 INFO  client.GrpcClientProtocolClient (GrpcClientProtocolClient.java:onNext(254)) - client-09EBABE1B9AF->325d518f-bf0d-428a-814f-266b27e759e4: receive RaftClientReply:client-09EBABE1B9AF->325d518f-bf0d-428a-814f-266b27e759e4@group-9696F0872FC0, cid=4312, SUCCESS, logIndex=7048, commits[325d518f-bf0d-428a-814f-266b27e759e4:c7048]
2019-06-15 10:53:23,181 INFO  client.GrpcClientProtocolClient (GrpcClientProtocolClient.java:onNext(254)) - client-09EBABE1B9AF->325d518f-bf0d-428a-814f-266b27e759e4: receive RaftClientReply:client-09EBABE1B9AF->325d518f-bf0d-428a-814f-266b27e759e4@group-9696F0872FC0, cid=4313, SUCCESS, logIndex=7051, commits[325d518f-bf0d-428a-814f-266b27e759e4:c7051]
2019-06-15 10:53:23,194 INFO  client.GrpcClientProtocolClient (GrpcClientProtocolClient.java:onNext(254)) - client-09EBABE1B9AF->325d518f-bf0d-428a-814f-266b27e759e4: receive RaftClientReply:client-09EBABE1B9AF->325d518f-bf0d-428a-814f-266b27e759e4@group-9696F0872FC0, cid=4314, SUCCESS, logIndex=7053, commits[325d518f-bf0d-428a-814f-266b27e759e4:c7055]
2019-06-15 10:53:23,194 INFO  client.GrpcClientProtocolClient (GrpcClientProtocolClient.java:onNext(254)) - client-09EBABE1B9AF->325d518f-bf0d-428a-814f-266b27e759e4: receive RaftClientReply:client-09EBABE1B9AF->325d518f-bf0d-428a-814f-266b27e759e4@group-9696F0872FC0, cid=4315, SUCCESS, logIndex=7054, commits[325d518f-bf0d-428a-814f-266b27e759e4:c7056]
2019-06-15 10:53:23,194 INFO  client.GrpcClientProtocolClient (GrpcClientProtocolClient.java:onNext(254)) - client-09EBABE1B9AF->325d518f-bf0d-428a-814f-266b27e759e4: receive RaftClientReply:client-09EBABE1B9AF->325d518f-bf0d-428a-814f-266b27e759e4@group-9696F0872FC0, cid=4316, SUCCESS, logIndex=7055, commits[325d518f-bf0d-428a-814f-266b27e759e4:c7056]
2019-06-15 10:53:23,197 DEBUG block.SCMBlockDeletingService (SCMBlockDeletingService.java:call(138)) - Running DeletedBlockTransactionScanner
2019-06-15 10:53:23,197 DEBUG block.SCMBlockDeletingService (SCMBlockDeletingService.java:call(155)) - Scanned deleted blocks log and got 0 delTX to process.
2019-06-15 10:53:23,212 INFO  client.GrpcClientProtocolClient (GrpcClientProtocolClient.java:onNext(254)) - client-09EBABE1B9AF->325d518f-bf0d-428a-814f-266b27e759e4: receive RaftClientReply:client-09EBABE1B9AF->325d518f-bf0d-428a-814f-266b27e759e4@group-9696F0872FC0, cid=4317, SUCCESS, logIndex=7057, commits[325d518f-bf0d-428a-814f-266b27e759e4:c7057]
2019-06-15 10:53:23,224 INFO  client.GrpcClientProtocolClient (GrpcClientProtocolClient.java:onNext(254)) - client-09EBABE1B9AF->325d518f-bf0d-428a-814f-266b27e759e4: receive RaftClientReply:client-09EBABE1B9AF->325d518f-bf0d-428a-814f-266b27e759e4@group-9696F0872FC0, cid=4318, SUCCESS, logIndex=7059, commits[325d518f-bf0d-428a-814f-266b27e759e4:c7061]
2019-06-15 10:53:23,224 INFO  client.GrpcClientProtocolClient (GrpcClientProtocolClient.java:onNext(254)) - client-09EBABE1B9AF->325d518f-bf0d-428a-814f-266b27e759e4: receive RaftClientReply:client-09EBABE1B9AF->325d518f-bf0d-428a-814f-266b27e759e4@group-9696F0872FC0, cid=4319, SUCCESS, logIndex=7060, commits[325d518f-bf0d-428a-814f-266b27e759e4:c7061]
2019-06-15 10:53:23,225 INFO  client.GrpcClientProtocolClient (GrpcClientProtocolClient.java:onNext(254)) - client-09EBABE1B9AF->325d518f-bf0d-428a-814f-266b27e759e4: receive RaftClientReply:client-09EBABE1B9AF->325d518f-bf0d-428a-814f-266b27e759e4@group-9696F0872FC0, cid=4320, SUCCESS, logIndex=7061, commits[325d518f-bf0d-428a-814f-266b27e759e4:c7061]
2019-06-15 10:53:23,241 INFO  client.GrpcClientProtocolClient (GrpcClientProtocolClient.java:onNext(254)) - client-09EBABE1B9AF->325d518f-bf0d-428a-814f-266b27e759e4: receive RaftClientReply:client-09EBABE1B9AF->325d518f-bf0d-428a-814f-266b27e759e4@group-9696F0872FC0, cid=4321, SUCCESS, logIndex=7063, commits[325d518f-bf0d-428a-814f-266b27e759e4:c7063]
2019-06-15 10:53:23,252 INFO  client.GrpcClientProtocolClient (GrpcClientProtocolClient.java:onNext(254)) - client-09EBABE1B9AF->325d518f-bf0d-428a-814f-266b27e759e4: receive RaftClientReply:client-09EBABE1B9AF->325d518f-bf0d-428a-814f-266b27e759e4@group-9696F0872FC0, cid=4322, SUCCESS, logIndex=7065, commits[325d518f-bf0d-428a-814f-266b27e759e4:c7067]
2019-06-15 10:53:23,252 INFO  client.GrpcClientProtocolClient (GrpcClientProtocolClient.java:onNext(254)) - client-09EBABE1B9AF->325d518f-bf0d-428a-814f-266b27e759e4: receive RaftClientReply:client-09EBABE1B9AF->325d518f-bf0d-428a-814f-266b27e759e4@group-9696F0872FC0, cid=4323, SUCCESS, logIndex=7066, commits[325d518f-bf0d-428a-814f-266b27e759e4:c7067]
2019-06-15 10:53:23,253 INFO  client.GrpcClientProtocolClient (GrpcClientProtocolClient.java:onNext(254)) - client-09EBABE1B9AF->325d518f-bf0d-428a-814f-266b27e759e4: receive RaftClientReply:client-09EBABE1B9AF->325d518f-bf0d-428a-814f-266b27e759e4@group-9696F0872FC0, cid=4324, SUCCESS, logIndex=7067, commits[325d518f-bf0d-428a-814f-266b27e759e4:c7067]
2019-06-15 10:53:23,265 INFO  client.GrpcClientProtocolClient (GrpcClientProtocolClient.java:onNext(254)) - client-09EBABE1B9AF->325d518f-bf0d-428a-814f-266b27e759e4: receive RaftClientReply:client-09EBABE1B9AF->325d518f-bf0d-428a-814f-266b27e759e4@group-9696F0872FC0, cid=4325, SUCCESS, logIndex=7069, commits[325d518f-bf0d-428a-814f-266b27e759e4:c7069]
2019-06-15 10:53:23,266 INFO  client.GrpcClientProtocolClient (GrpcClientProtocolClient.java:onNext(254)) - client-09EBABE1B9AF->325d518f-bf0d-428a-814f-266b27e759e4: receive RaftClientReply:client-09EBABE1B9AF->325d518f-bf0d-428a-814f-266b27e759e4@group-9696F0872FC0, cid=4326, SUCCESS, logIndex=7071, commits[325d518f-bf0d-428a-814f-266b27e759e4:c7071]
2019-06-15 10:53:23,269 INFO  client.GrpcClientProtocolClient (GrpcClientProtocolClient.java:onNext(254)) - client-09EBABE1B9AF->325d518f-bf0d-428a-814f-266b27e759e4: receive RaftClientReply:client-09EBABE1B9AF->325d518f-bf0d-428a-814f-266b27e759e4@group-9696F0872FC0, cid=4327, SUCCESS, logIndex=7073, commits[325d518f-bf0d-428a-814f-266b27e759e4:c7073]
2019-06-15 10:53:23,270 INFO  client.GrpcClientProtocolClient (GrpcClientProtocolClient.java:onNext(254)) - client-09EBABE1B9AF->325d518f-bf0d-428a-814f-266b27e759e4: receive RaftClientReply:client-09EBABE1B9AF->325d518f-bf0d-428a-814f-266b27e759e4@group-9696F0872FC0, cid=4328, SUCCESS, logIndex=7075, commits[325d518f-bf0d-428a-814f-266b27e759e4:c7075]
2019-06-15 10:53:23,282 INFO  client.GrpcClientProtocolClient (GrpcClientProtocolClient.java:onNext(254)) - client-09EBABE1B9AF->325d518f-bf0d-428a-814f-266b27e759e4: receive RaftClientReply:client-09EBABE1B9AF->325d518f-bf0d-428a-814f-266b27e759e4@group-9696F0872FC0, cid=4329, SUCCESS, logIndex=7077, commits[325d518f-bf0d-428a-814f-266b27e759e4:c7077]
2019-06-15 10:53:23,283 INFO  client.GrpcClientProtocolClient (GrpcClientProtocolClient.java:onNext(254)) - client-09EBABE1B9AF->325d518f-bf0d-428a-814f-266b27e759e4: receive RaftClientReply:client-09EBABE1B9AF->325d518f-bf0d-428a-814f-266b27e759e4@group-9696F0872FC0, cid=4330, SUCCESS, logIndex=7079, commits[325d518f-bf0d-428a-814f-266b27e759e4:c7079]
2019-06-15 10:53:23,284 INFO  client.GrpcClientProtocolClient (GrpcClientProtocolClient.java:onNext(254)) - client-09EBABE1B9AF->325d518f-bf0d-428a-814f-266b27e759e4: receive RaftClientReply:client-09EBABE1B9AF->325d518f-bf0d-428a-814f-266b27e759e4@group-9696F0872FC0, cid=4331, SUCCESS, logIndex=7080, commits[325d518f-bf0d-428a-814f-266b27e759e4:c7082]
2019-06-15 10:53:23,284 INFO  client.GrpcClientProtocolClient (GrpcClientProtocolClient.java:onNext(254)) - client-09EBABE1B9AF->325d518f-bf0d-428a-814f-266b27e759e4: receive RaftClientReply:client-09EBABE1B9AF->325d518f-bf0d-428a-814f-266b27e759e4@group-9696F0872FC0, cid=4332, SUCCESS, logIndex=7081, commits[325d518f-bf0d-428a-814f-266b27e759e4:c7082]
2019-06-15 10:53:23,297 DEBUG block.SCMBlockDeletingService (SCMBlockDeletingService.java:call(138)) - Running DeletedBlockTransactionScanner
2019-06-15 10:53:23,297 DEBUG block.SCMBlockDeletingService (SCMBlockDeletingService.java:call(155)) - Scanned deleted blocks log and got 0 delTX to process.
2019-06-15 10:53:23,614 DEBUG block.SCMBlockDeletingService (SCMBlockDeletingService.java:call(138)) - Running DeletedBlockTransactionScanner
2019-06-15 10:53:23,614 DEBUG block.SCMBlockDeletingService (SCMBlockDeletingService.java:call(155)) - Scanned deleted blocks log and got 0 delTX to process.
2019-06-15 10:53:23,624 INFO  client.GrpcClientProtocolClient (GrpcClientProtocolClient.java:onNext(254)) - client-09EBABE1B9AF->325d518f-bf0d-428a-814f-266b27e759e4: receive RaftClientReply:client-09EBABE1B9AF->325d518f-bf0d-428a-814f-266b27e759e4@group-9696F0872FC0, cid=4333, SUCCESS, logIndex=7083, commits[325d518f-bf0d-428a-814f-266b27e759e4:c7083]
2019-06-15 10:53:23,625 INFO  client.GrpcClientProtocolClient (GrpcClientProtocolClient.java:onNext(254)) - client-09EBABE1B9AF->325d518f-bf0d-428a-814f-266b27e759e4: receive RaftClientReply:client-09EBABE1B9AF->325d518f-bf0d-428a-814f-266b27e759e4@group-9696F0872FC0, cid=4334, SUCCESS, logIndex=7085, commits[325d518f-bf0d-428a-814f-266b27e759e4:c7085]
2019-06-15 10:53:23,626 INFO  client.GrpcClientProtocolClient (GrpcClientProtocolClient.java:onNext(254)) - client-09EBABE1B9AF->325d518f-bf0d-428a-814f-266b27e759e4: receive RaftClientReply:client-09EBABE1B9AF->325d518f-bf0d-428a-814f-266b27e759e4@group-9696F0872FC0, cid=4335, SUCCESS, logIndex=7086, commits[325d518f-bf0d-428a-814f-266b27e759e4:c7088]
2019-06-15 10:53:23,627 INFO  client.GrpcClientProtocolClient (GrpcClientProtocolClient.java:onNext(254)) - client-09EBABE1B9AF->325d518f-bf0d-428a-814f-266b27e759e4: receive RaftClientReply:client-09EBABE1B9AF->325d518f-bf0d-428a-814f-266b27e759e4@group-9696F0872FC0, cid=4336, SUCCESS, logIndex=7087, commits[325d518f-bf0d-428a-814f-266b27e759e4:c7088]
2019-06-15 10:53:23,637 INFO  client.GrpcClientProtocolClient (GrpcClientProtocolClient.java:onNext(254)) - client-09EBABE1B9AF->325d518f-bf0d-428a-814f-266b27e759e4: receive RaftClientReply:client-09EBABE1B9AF->325d518f-bf0d-428a-814f-266b27e759e4@group-9696F0872FC0, cid=4337, SUCCESS, logIndex=7089, commits[325d518f-bf0d-428a-814f-266b27e759e4:c7089]
2019-06-15 10:53:23,638 INFO  client.GrpcClientProtocolClient (GrpcClientProtocolClient.java:onNext(254)) - client-09EBABE1B9AF->325d518f-bf0d-428a-814f-266b27e759e4: receive RaftClientReply:client-09EBABE1B9AF->325d518f-bf0d-428a-814f-266b27e759e4@group-9696F0872FC0, cid=4338, SUCCESS, logIndex=7091, commits[325d518f-bf0d-428a-814f-266b27e759e4:c7091]
2019-06-15 10:53:23,639 INFO  client.GrpcClientProtocolClient (GrpcClientProtocolClient.java:onNext(254)) - client-09EBABE1B9AF->325d518f-bf0d-428a-814f-266b27e759e4: receive RaftClientReply:client-09EBABE1B9AF->325d518f-bf0d-428a-814f-266b27e759e4@group-9696F0872FC0, cid=4339, SUCCESS, logIndex=7092, commits[325d518f-bf0d-428a-814f-266b27e759e4:c7094]
2019-06-15 10:53:23,639 INFO  client.GrpcClientProtocolClient (GrpcClientProtocolClient.java:onNext(254)) - client-09EBABE1B9AF->325d518f-bf0d-428a-814f-266b27e759e4: receive RaftClientReply:client-09EBABE1B9AF->325d518f-bf0d-428a-814f-266b27e759e4@group-9696F0872FC0, cid=4340, SUCCESS, logIndex=7093, commits[325d518f-bf0d-428a-814f-266b27e759e4:c7094]
2019-06-15 10:53:23,644 INFO  client.GrpcClientProtocolClient (GrpcClientProtocolClient.java:onNext(254)) - client-09EBABE1B9AF->325d518f-bf0d-428a-814f-266b27e759e4: receive RaftClientReply:client-09EBABE1B9AF->325d518f-bf0d-428a-814f-266b27e759e4@group-9696F0872FC0, cid=4341, SUCCESS, logIndex=7095, commits[325d518f-bf0d-428a-814f-266b27e759e4:c7095]
2019-06-15 10:53:23,645 INFO  client.GrpcClientProtocolClient (GrpcClientProtocolClient.java:onNext(254)) - client-09EBABE1B9AF->325d518f-bf0d-428a-814f-266b27e759e4: receive RaftClientReply:client-09EBABE1B9AF->325d518f-bf0d-428a-814f-266b27e759e4@group-9696F0872FC0, cid=4342, SUCCESS, logIndex=7097, commits[325d518f-bf0d-428a-814f-266b27e759e4:c7097]
2019-06-15 10:53:23,646 INFO  client.GrpcClientProtocolClient (GrpcClientProtocolClient.java:onNext(254)) - client-09EBABE1B9AF->325d518f-bf0d-428a-814f-266b27e759e4: receive RaftClientReply:client-09EBABE1B9AF->325d518f-bf0d-428a-814f-266b27e759e4@group-9696F0872FC0, cid=4343, SUCCESS, logIndex=7098, commits[325d518f-bf0d-428a-814f-266b27e759e4:c7100]
2019-06-15 10:53:23,646 INFO  client.GrpcClientProtocolClient (GrpcClientProtocolClient.java:onNext(254)) - client-09EBABE1B9AF->325d518f-bf0d-428a-814f-266b27e759e4: receive RaftClientReply:client-09EBABE1B9AF->325d518f-bf0d-428a-814f-266b27e759e4@group-9696F0872FC0, cid=4344, SUCCESS, logIndex=7099, commits[325d518f-bf0d-428a-814f-266b27e759e4:c7100]
2019-06-15 10:53:23,657 INFO  client.GrpcClientProtocolClient (GrpcClientProtocolClient.java:onNext(254)) - client-09EBABE1B9AF->325d518f-bf0d-428a-814f-266b27e759e4: receive RaftClientReply:client-09EBABE1B9AF->325d518f-bf0d-428a-814f-266b27e759e4@group-9696F0872FC0, cid=4345, SUCCESS, logIndex=7101, commits[325d518f-bf0d-428a-814f-266b27e759e4:c7101]
2019-06-15 10:53:23,658 INFO  client.GrpcClientProtocolClient (GrpcClientProtocolClient.java:onNext(254)) - client-09EBABE1B9AF->325d518f-bf0d-428a-814f-266b27e759e4: receive RaftClientReply:client-09EBABE1B9AF->325d518f-bf0d-428a-814f-266b27e759e4@group-9696F0872FC0, cid=4346, SUCCESS, logIndex=7103, commits[325d518f-bf0d-428a-814f-266b27e759e4:c7103]
2019-06-15 10:53:23,659 INFO  client.GrpcClientProtocolClient (GrpcClientProtocolClient.java:onNext(254)) - client-09EBABE1B9AF->325d518f-bf0d-428a-814f-266b27e759e4: receive RaftClientReply:client-09EBABE1B9AF->325d518f-bf0d-428a-814f-266b27e759e4@group-9696F0872FC0, cid=4347, SUCCESS, logIndex=7104, commits[325d518f-bf0d-428a-814f-266b27e759e4:c7106]
2019-06-15 10:53:23,659 INFO  client.GrpcClientProtocolClient (GrpcClientProtocolClient.java:onNext(254)) - client-09EBABE1B9AF->325d518f-bf0d-428a-814f-266b27e759e4: receive RaftClientReply:client-09EBABE1B9AF->325d518f-bf0d-428a-814f-266b27e759e4@group-9696F0872FC0, cid=4348, SUCCESS, logIndex=7105, commits[325d518f-bf0d-428a-814f-266b27e759e4:c7106]
2019-06-15 10:53:23,664 INFO  client.GrpcClientProtocolClient (GrpcClientProtocolClient.java:onNext(254)) - client-09EBABE1B9AF->325d518f-bf0d-428a-814f-266b27e759e4: receive RaftClientReply:client-09EBABE1B9AF->325d518f-bf0d-428a-814f-266b27e759e4@group-9696F0872FC0, cid=4349, SUCCESS, logIndex=7107, commits[325d518f-bf0d-428a-814f-266b27e759e4:c7107]
2019-06-15 10:53:23,664 INFO  storage.RaftLogWorker (RaftLogWorker.java:rollLogSegment(303)) - 325d518f-bf0d-428a-814f-266b27e759e4-RaftLogWorker: Rolling segment log-7041_7108 to index:7108
2019-06-15 10:53:23,664 INFO  storage.RaftLogWorker (RaftLogWorker.java:execute(433)) - 325d518f-bf0d-428a-814f-266b27e759e4-RaftLogWorker: Rolled log segment from /opt/src/hadoop-ozone/integration-test/target/test-dir/MiniOzoneClusterImpl-dd99cefe-9779-4043-9d74-181b69d2a827/datanode-0/data/ratis/e0f1d9ef-e225-4b24-a786-9696f0872fc0/current/log_inprogress_7041 to /opt/src/hadoop-ozone/integration-test/target/test-dir/MiniOzoneClusterImpl-dd99cefe-9779-4043-9d74-181b69d2a827/datanode-0/data/ratis/e0f1d9ef-e225-4b24-a786-9696f0872fc0/current/log_7041-7108
2019-06-15 10:53:23,702 INFO  storage.RaftLogWorker (RaftLogWorker.java:execute(469)) - 325d518f-bf0d-428a-814f-266b27e759e4-RaftLogWorker: created new log segment /opt/src/hadoop-ozone/integration-test/target/test-dir/MiniOzoneClusterImpl-dd99cefe-9779-4043-9d74-181b69d2a827/datanode-0/data/ratis/e0f1d9ef-e225-4b24-a786-9696f0872fc0/current/log_inprogress_7109
2019-06-15 10:53:23,703 INFO  client.GrpcClientProtocolClient (GrpcClientProtocolClient.java:onNext(254)) - client-09EBABE1B9AF->325d518f-bf0d-428a-814f-266b27e759e4: receive RaftClientReply:client-09EBABE1B9AF->325d518f-bf0d-428a-814f-266b27e759e4@group-9696F0872FC0, cid=4350, SUCCESS, logIndex=7109, commits[325d518f-bf0d-428a-814f-266b27e759e4:c7111]
2019-06-15 10:53:23,704 INFO  client.GrpcClientProtocolClient (GrpcClientProtocolClient.java:onNext(254)) - client-09EBABE1B9AF->325d518f-bf0d-428a-814f-266b27e759e4: receive RaftClientReply:client-09EBABE1B9AF->325d518f-bf0d-428a-814f-266b27e759e4@group-9696F0872FC0, cid=4351, SUCCESS, logIndex=7110, commits[325d518f-bf0d-428a-814f-266b27e759e4:c7111]
2019-06-15 10:53:23,704 INFO  client.GrpcClientProtocolClient (GrpcClientProtocolClient.java:onNext(254)) - client-09EBABE1B9AF->325d518f-bf0d-428a-814f-266b27e759e4: receive RaftClientReply:client-09EBABE1B9AF->325d518f-bf0d-428a-814f-266b27e759e4@group-9696F0872FC0, cid=4352, SUCCESS, logIndex=7111, commits[325d518f-bf0d-428a-814f-266b27e759e4:c7111]
2019-06-15 10:53:23,715 DEBUG block.SCMBlockDeletingService (SCMBlockDeletingService.java:call(138)) - Running DeletedBlockTransactionScanner
2019-06-15 10:53:23,715 DEBUG block.SCMBlockDeletingService (SCMBlockDeletingService.java:call(155)) - Scanned deleted blocks log and got 0 delTX to process.
2019-06-15 10:53:23,717 INFO  client.GrpcClientProtocolClient (GrpcClientProtocolClient.java:onNext(254)) - client-09EBABE1B9AF->325d518f-bf0d-428a-814f-266b27e759e4: receive RaftClientReply:client-09EBABE1B9AF->325d518f-bf0d-428a-814f-266b27e759e4@group-9696F0872FC0, cid=4353, SUCCESS, logIndex=7113, commits[325d518f-bf0d-428a-814f-266b27e759e4:c7113]
2019-06-15 10:53:23,720 INFO  client.GrpcClientProtocolClient (GrpcClientProtocolClient.java:onNext(254)) - client-09EBABE1B9AF->325d518f-bf0d-428a-814f-266b27e759e4: receive RaftClientReply:client-09EBABE1B9AF->325d518f-bf0d-428a-814f-266b27e759e4@group-9696F0872FC0, cid=4354, SUCCESS, logIndex=7115, commits[325d518f-bf0d-428a-814f-266b27e759e4:c7117]
2019-06-15 10:53:23,722 INFO  client.GrpcClientProtocolClient (GrpcClientProtocolClient.java:onNext(254)) - client-09EBABE1B9AF->325d518f-bf0d-428a-814f-266b27e759e4: receive RaftClientReply:client-09EBABE1B9AF->325d518f-bf0d-428a-814f-266b27e759e4@group-9696F0872FC0, cid=4355, SUCCESS, logIndex=7116, commits[325d518f-bf0d-428a-814f-266b27e759e4:c7117]
2019-06-15 10:53:23,722 INFO  client.GrpcClientProtocolClient (GrpcClientProtocolClient.java:onNext(254)) - client-09EBABE1B9AF->325d518f-bf0d-428a-814f-266b27e759e4: receive RaftClientReply:client-09EBABE1B9AF->325d518f-bf0d-428a-814f-266b27e759e4@group-9696F0872FC0, cid=4356, SUCCESS, logIndex=7117, commits[325d518f-bf0d-428a-814f-266b27e759e4:c7118]
2019-06-15 10:53:23,728 INFO  client.GrpcClientProtocolClient (GrpcClientProtocolClient.java:onNext(254)) - client-09EBABE1B9AF->325d518f-bf0d-428a-814f-266b27e759e4: receive RaftClientReply:client-09EBABE1B9AF->325d518f-bf0d-428a-814f-266b27e759e4@group-9696F0872FC0, cid=4357, SUCCESS, logIndex=7119, commits[325d518f-bf0d-428a-814f-266b27e759e4:c7119]
2019-06-15 10:53:23,730 INFO  client.GrpcClientProtocolClient (GrpcClientProtocolClient.java:onNext(254)) - client-09EBABE1B9AF->325d518f-bf0d-428a-814f-266b27e759e4: receive RaftClientReply:client-09EBABE1B9AF->325d518f-bf0d-428a-814f-266b27e759e4@group-9696F0872FC0, cid=4358, SUCCESS, logIndex=7121, commits[325d518f-bf0d-428a-814f-266b27e759e4:c7121]
2019-06-15 10:53:23,730 INFO  client.GrpcClientProtocolClient (GrpcClientProtocolClient.java:onNext(254)) - client-09EBABE1B9AF->325d518f-bf0d-428a-814f-266b27e759e4: receive RaftClientReply:client-09EBABE1B9AF->325d518f-bf0d-428a-814f-266b27e759e4@group-9696F0872FC0, cid=4359, SUCCESS, logIndex=7122, commits[325d518f-bf0d-428a-814f-266b27e759e4:c7122]
2019-06-15 10:53:23,731 INFO  client.GrpcClientProtocolClient (GrpcClientProtocolClient.java:onNext(254)) - client-09EBABE1B9AF->325d518f-bf0d-428a-814f-266b27e759e4: receive RaftClientReply:client-09EBABE1B9AF->325d518f-bf0d-428a-814f-266b27e759e4@group-9696F0872FC0, cid=4360, SUCCESS, logIndex=7125, commits[325d518f-bf0d-428a-814f-266b27e759e4:c7125]
2019-06-15 10:53:23,741 INFO  client.GrpcClientProtocolClient (GrpcClientProtocolClient.java:onNext(254)) - client-09EBABE1B9AF->325d518f-bf0d-428a-814f-266b27e759e4: receive RaftClientReply:client-09EBABE1B9AF->325d518f-bf0d-428a-814f-266b27e759e4@group-9696F0872FC0, cid=4361, SUCCESS, logIndex=7127, commits[325d518f-bf0d-428a-814f-266b27e759e4:c7127]
2019-06-15 10:53:23,743 INFO  client.GrpcClientProtocolClient (GrpcClientProtocolClient.java:onNext(254)) - client-09EBABE1B9AF->325d518f-bf0d-428a-814f-266b27e759e4: receive RaftClientReply:client-09EBABE1B9AF->325d518f-bf0d-428a-814f-266b27e759e4@group-9696F0872FC0, cid=4362, SUCCESS, logIndex=7129, commits[325d518f-bf0d-428a-814f-266b27e759e4:c7129]
2019-06-15 10:53:23,744 INFO  client.GrpcClientProtocolClient (GrpcClientProtocolClient.java:onNext(254)) - client-09EBABE1B9AF->325d518f-bf0d-428a-814f-266b27e759e4: receive RaftClientReply:client-09EBABE1B9AF->325d518f-bf0d-428a-814f-266b27e759e4@group-9696F0872FC0, cid=4363, SUCCESS, logIndex=7130, commits[325d518f-bf0d-428a-814f-266b27e759e4:c7132]
2019-06-15 10:53:23,744 INFO  client.GrpcClientProtocolClient (GrpcClientProtocolClient.java:onNext(254)) - client-09EBABE1B9AF->325d518f-bf0d-428a-814f-266b27e759e4: receive RaftClientReply:client-09EBABE1B9AF->325d518f-bf0d-428a-814f-266b27e759e4@group-9696F0872FC0, cid=4364, SUCCESS, logIndex=7131, commits[325d518f-bf0d-428a-814f-266b27e759e4:c7132]
2019-06-15 10:53:23,749 INFO  client.GrpcClientProtocolClient (GrpcClientProtocolClient.java:onNext(254)) - client-09EBABE1B9AF->325d518f-bf0d-428a-814f-266b27e759e4: receive RaftClientReply:client-09EBABE1B9AF->325d518f-bf0d-428a-814f-266b27e759e4@group-9696F0872FC0, cid=4365, SUCCESS, logIndex=7133, commits[325d518f-bf0d-428a-814f-266b27e759e4:c7133]
2019-06-15 10:53:23,750 INFO  client.GrpcClientProtocolClient (GrpcClientProtocolClient.java:onNext(254)) - client-09EBABE1B9AF->325d518f-bf0d-428a-814f-266b27e759e4: receive RaftClientReply:client-09EBABE1B9AF->325d518f-bf0d-428a-814f-266b27e759e4@group-9696F0872FC0, cid=4366, SUCCESS, logIndex=7135, commits[325d518f-bf0d-428a-814f-266b27e759e4:c7135]
2019-06-15 10:53:23,763 INFO  client.GrpcClientProtocolClient (GrpcClientProtocolClient.java:onNext(254)) - client-09EBABE1B9AF->325d518f-bf0d-428a-814f-266b27e759e4: receive RaftClientReply:client-09EBABE1B9AF->325d518f-bf0d-428a-814f-266b27e759e4@group-9696F0872FC0, cid=4367, SUCCESS, logIndex=7136, commits[325d518f-bf0d-428a-814f-266b27e759e4:c7138]
2019-06-15 10:53:23,764 INFO  client.GrpcClientProtocolClient (GrpcClientProtocolClient.java:onNext(254)) - client-09EBABE1B9AF->325d518f-bf0d-428a-814f-266b27e759e4: receive RaftClientReply:client-09EBABE1B9AF->325d518f-bf0d-428a-814f-266b27e759e4@group-9696F0872FC0, cid=4368, SUCCESS, logIndex=7137, commits[325d518f-bf0d-428a-814f-266b27e759e4:c7138]
2019-06-15 10:53:23,783 INFO  client.GrpcClientProtocolClient (GrpcClientProtocolClient.java:onNext(254)) - client-09EBABE1B9AF->325d518f-bf0d-428a-814f-266b27e759e4: receive RaftClientReply:client-09EBABE1B9AF->325d518f-bf0d-428a-814f-266b27e759e4@group-9696F0872FC0, cid=4369, SUCCESS, logIndex=7139, commits[325d518f-bf0d-428a-814f-266b27e759e4:c7139]
2019-06-15 10:53:23,802 INFO  client.GrpcClientProtocolClient (GrpcClientProtocolClient.java:onNext(254)) - client-09EBABE1B9AF->325d518f-bf0d-428a-814f-266b27e759e4: receive RaftClientReply:client-09EBABE1B9AF->325d518f-bf0d-428a-814f-266b27e759e4@group-9696F0872FC0, cid=4370, SUCCESS, logIndex=7141, commits[325d518f-bf0d-428a-814f-266b27e759e4:c7143]
2019-06-15 10:53:23,806 INFO  client.GrpcClientProtocolClient (GrpcClientProtocolClient.java:onNext(254)) - client-09EBABE1B9AF->325d518f-bf0d-428a-814f-266b27e759e4: receive RaftClientReply:client-09EBABE1B9AF->325d518f-bf0d-428a-814f-266b27e759e4@group-9696F0872FC0, cid=4371, SUCCESS, logIndex=7142, commits[325d518f-bf0d-428a-814f-266b27e759e4:c7143]
2019-06-15 10:53:23,806 INFO  client.GrpcClientProtocolClient (GrpcClientProtocolClient.java:onNext(254)) - client-09EBABE1B9AF->325d518f-bf0d-428a-814f-266b27e759e4: receive RaftClientReply:client-09EBABE1B9AF->325d518f-bf0d-428a-814f-266b27e759e4@group-9696F0872FC0, cid=4372, SUCCESS, logIndex=7143, commits[325d518f-bf0d-428a-814f-266b27e759e4:c7143]
2019-06-15 10:53:23,815 DEBUG block.SCMBlockDeletingService (SCMBlockDeletingService.java:call(138)) - Running DeletedBlockTransactionScanner
2019-06-15 10:53:23,815 DEBUG block.SCMBlockDeletingService (SCMBlockDeletingService.java:call(155)) - Scanned deleted blocks log and got 0 delTX to process.
2019-06-15 10:53:23,828 INFO  client.GrpcClientProtocolClient (GrpcClientProtocolClient.java:onNext(254)) - client-09EBABE1B9AF->325d518f-bf0d-428a-814f-266b27e759e4: receive RaftClientReply:client-09EBABE1B9AF->325d518f-bf0d-428a-814f-266b27e759e4@group-9696F0872FC0, cid=4373, SUCCESS, logIndex=7145, commits[325d518f-bf0d-428a-814f-266b27e759e4:c7145]
2019-06-15 10:53:23,840 INFO  client.GrpcClientProtocolClient (GrpcClientProtocolClient.java:onNext(254)) - client-09EBABE1B9AF->325d518f-bf0d-428a-814f-266b27e759e4: receive RaftClientReply:client-09EBABE1B9AF->325d518f-bf0d-428a-814f-266b27e759e4@group-9696F0872FC0, cid=4374, SUCCESS, logIndex=7147, commits[325d518f-bf0d-428a-814f-266b27e759e4:c7149]
2019-06-15 10:53:23,840 INFO  client.GrpcClientProtocolClient (GrpcClientProtocolClient.java:onNext(254)) - client-09EBABE1B9AF->325d518f-bf0d-428a-814f-266b27e759e4: receive RaftClientReply:client-09EBABE1B9AF->325d518f-bf0d-428a-814f-266b27e759e4@group-9696F0872FC0, cid=4375, SUCCESS, logIndex=7148, commits[325d518f-bf0d-428a-814f-266b27e759e4:c7149]
2019-06-15 10:53:23,840 INFO  client.GrpcClientProtocolClient (GrpcClientProtocolClient.java:onNext(254)) - client-09EBABE1B9AF->325d518f-bf0d-428a-814f-266b27e759e4: receive RaftClientReply:client-09EBABE1B9AF->325d518f-bf0d-428a-814f-266b27e759e4@group-9696F0872FC0, cid=4376, SUCCESS, logIndex=7149, commits[325d518f-bf0d-428a-814f-266b27e759e4:c7149]
2019-06-15 10:53:23,915 INFO  client.GrpcClientProtocolClient (GrpcClientProtocolClient.java:onNext(254)) - client-09EBABE1B9AF->325d518f-bf0d-428a-814f-266b27e759e4: receive RaftClientReply:client-09EBABE1B9AF->325d518f-bf0d-428a-814f-266b27e759e4@group-9696F0872FC0, cid=4377, SUCCESS, logIndex=7151, commits[325d518f-bf0d-428a-814f-266b27e759e4:c7151]
2019-06-15 10:53:23,916 DEBUG block.SCMBlockDeletingService (SCMBlockDeletingService.java:call(138)) - Running DeletedBlockTransactionScanner
2019-06-15 10:53:23,916 DEBUG block.SCMBlockDeletingService (SCMBlockDeletingService.java:call(155)) - Scanned deleted blocks log and got 0 delTX to process.
2019-06-15 10:53:23,917 INFO  client.GrpcClientProtocolClient (GrpcClientProtocolClient.java:onNext(254)) - client-09EBABE1B9AF->325d518f-bf0d-428a-814f-266b27e759e4: receive RaftClientReply:client-09EBABE1B9AF->325d518f-bf0d-428a-814f-266b27e759e4@group-9696F0872FC0, cid=4378, SUCCESS, logIndex=7153, commits[325d518f-bf0d-428a-814f-266b27e759e4:c7153]
2019-06-15 10:53:23,917 INFO  client.GrpcClientProtocolClient (GrpcClientProtocolClient.java:onNext(254)) - client-09EBABE1B9AF->325d518f-bf0d-428a-814f-266b27e759e4: receive RaftClientReply:client-09EBABE1B9AF->325d518f-bf0d-428a-814f-266b27e759e4@group-9696F0872FC0, cid=4379, SUCCESS, logIndex=7154, commits[325d518f-bf0d-428a-814f-266b27e759e4:c7156]
2019-06-15 10:53:23,918 INFO  client.GrpcClientProtocolClient (GrpcClientProtocolClient.java:onNext(254)) - client-09EBABE1B9AF->325d518f-bf0d-428a-814f-266b27e759e4: receive RaftClientReply:client-09EBABE1B9AF->325d518f-bf0d-428a-814f-266b27e759e4@group-9696F0872FC0, cid=4380, SUCCESS, logIndex=7155, commits[325d518f-bf0d-428a-814f-266b27e759e4:c7156]
2019-06-15 10:53:23,922 INFO  client.GrpcClientProtocolClient (GrpcClientProtocolClient.java:onNext(254)) - client-09EBABE1B9AF->325d518f-bf0d-428a-814f-266b27e759e4: receive RaftClientReply:client-09EBABE1B9AF->325d518f-bf0d-428a-814f-266b27e759e4@group-9696F0872FC0, cid=4381, SUCCESS, logIndex=7157, commits[325d518f-bf0d-428a-814f-266b27e759e4:c7157]
2019-06-15 10:53:23,923 INFO  client.GrpcClientProtocolClient (GrpcClientProtocolClient.java:onNext(254)) - client-09EBABE1B9AF->325d518f-bf0d-428a-814f-266b27e759e4: receive RaftClientReply:client-09EBABE1B9AF->325d518f-bf0d-428a-814f-266b27e759e4@group-9696F0872FC0, cid=4382, SUCCESS, logIndex=7159, commits[325d518f-bf0d-428a-814f-266b27e759e4:c7159]
2019-06-15 10:53:23,925 INFO  client.GrpcClientProtocolClient (GrpcClientProtocolClient.java:onNext(254)) - client-09EBABE1B9AF->325d518f-bf0d-428a-814f-266b27e759e4: receive RaftClientReply:client-09EBABE1B9AF->325d518f-bf0d-428a-814f-266b27e759e4@group-9696F0872FC0, cid=4383, SUCCESS, logIndex=7160, commits[325d518f-bf0d-428a-814f-266b27e759e4:c7162]
2019-06-15 10:53:23,925 INFO  client.GrpcClientProtocolClient (GrpcClientProtocolClient.java:onNext(254)) - client-09EBABE1B9AF->325d518f-bf0d-428a-814f-266b27e759e4: receive RaftClientReply:client-09EBABE1B9AF->325d518f-bf0d-428a-814f-266b27e759e4@group-9696F0872FC0, cid=4384, SUCCESS, logIndex=7161, commits[325d518f-bf0d-428a-814f-266b27e759e4:c7162]
2019-06-15 10:53:23,936 INFO  client.GrpcClientProtocolClient (GrpcClientProtocolClient.java:onNext(254)) - client-09EBABE1B9AF->325d518f-bf0d-428a-814f-266b27e759e4: receive RaftClientReply:client-09EBABE1B9AF->325d518f-bf0d-428a-814f-266b27e759e4@group-9696F0872FC0, cid=4385, SUCCESS, logIndex=7163, commits[325d518f-bf0d-428a-814f-266b27e759e4:c7163]
2019-06-15 10:53:23,938 INFO  client.GrpcClientProtocolClient (GrpcClientProtocolClient.java:onNext(254)) - client-09EBABE1B9AF->325d518f-bf0d-428a-814f-266b27e759e4: receive RaftClientReply:client-09EBABE1B9AF->325d518f-bf0d-428a-814f-266b27e759e4@group-9696F0872FC0, cid=4386, SUCCESS, logIndex=7165, commits[325d518f-bf0d-428a-814f-266b27e759e4:c7165]
2019-06-15 10:53:23,939 INFO  client.GrpcClientProtocolClient (GrpcClientProtocolClient.java:onNext(254)) - client-09EBABE1B9AF->325d518f-bf0d-428a-814f-266b27e759e4: receive RaftClientReply:client-09EBABE1B9AF->325d518f-bf0d-428a-814f-266b27e759e4@group-9696F0872FC0, cid=4387, SUCCESS, logIndex=7166, commits[325d518f-bf0d-428a-814f-266b27e759e4:c7168]
2019-06-15 10:53:23,939 INFO  client.GrpcClientProtocolClient (GrpcClientProtocolClient.java:onNext(254)) - client-09EBABE1B9AF->325d518f-bf0d-428a-814f-266b27e759e4: receive RaftClientReply:client-09EBABE1B9AF->325d518f-bf0d-428a-814f-266b27e759e4@group-9696F0872FC0, cid=4388, SUCCESS, logIndex=7167, commits[325d518f-bf0d-428a-814f-266b27e759e4:c7168]
2019-06-15 10:53:23,944 INFO  client.GrpcClientProtocolClient (GrpcClientProtocolClient.java:onNext(254)) - client-09EBABE1B9AF->325d518f-bf0d-428a-814f-266b27e759e4: receive RaftClientReply:client-09EBABE1B9AF->325d518f-bf0d-428a-814f-266b27e759e4@group-9696F0872FC0, cid=4389, SUCCESS, logIndex=7169, commits[325d518f-bf0d-428a-814f-266b27e759e4:c7169]
2019-06-15 10:53:23,945 INFO  client.GrpcClientProtocolClient (GrpcClientProtocolClient.java:onNext(254)) - client-09EBABE1B9AF->325d518f-bf0d-428a-814f-266b27e759e4: receive RaftClientReply:client-09EBABE1B9AF->325d518f-bf0d-428a-814f-266b27e759e4@group-9696F0872FC0, cid=4390, SUCCESS, logIndex=7171, commits[325d518f-bf0d-428a-814f-266b27e759e4:c7171]
2019-06-15 10:53:23,946 INFO  client.GrpcClientProtocolClient (GrpcClientProtocolClient.java:onNext(254)) - client-09EBABE1B9AF->325d518f-bf0d-428a-814f-266b27e759e4: receive RaftClientReply:client-09EBABE1B9AF->325d518f-bf0d-428a-814f-266b27e759e4@group-9696F0872FC0, cid=4391, SUCCESS, logIndex=7172, commits[325d518f-bf0d-428a-814f-266b27e759e4:c7174]
2019-06-15 10:53:23,946 INFO  client.GrpcClientProtocolClient (GrpcClientProtocolClient.java:onNext(254)) - client-09EBABE1B9AF->325d518f-bf0d-428a-814f-266b27e759e4: receive RaftClientReply:client-09EBABE1B9AF->325d518f-bf0d-428a-814f-266b27e759e4@group-9696F0872FC0, cid=4392, SUCCESS, logIndex=7173, commits[325d518f-bf0d-428a-814f-266b27e759e4:c7174]
2019-06-15 10:53:23,956 INFO  storage.RaftLogWorker (RaftLogWorker.java:rollLogSegment(303)) - 325d518f-bf0d-428a-814f-266b27e759e4-RaftLogWorker: Rolling segment log-7109_7174 to index:7174
2019-06-15 10:53:23,957 INFO  storage.RaftLogWorker (RaftLogWorker.java:execute(433)) - 325d518f-bf0d-428a-814f-266b27e759e4-RaftLogWorker: Rolled log segment from /opt/src/hadoop-ozone/integration-test/target/test-dir/MiniOzoneClusterImpl-dd99cefe-9779-4043-9d74-181b69d2a827/datanode-0/data/ratis/e0f1d9ef-e225-4b24-a786-9696f0872fc0/current/log_inprogress_7109 to /opt/src/hadoop-ozone/integration-test/target/test-dir/MiniOzoneClusterImpl-dd99cefe-9779-4043-9d74-181b69d2a827/datanode-0/data/ratis/e0f1d9ef-e225-4b24-a786-9696f0872fc0/current/log_7109-7174
2019-06-15 10:53:23,994 INFO  storage.RaftLogWorker (RaftLogWorker.java:execute(469)) - 325d518f-bf0d-428a-814f-266b27e759e4-RaftLogWorker: created new log segment /opt/src/hadoop-ozone/integration-test/target/test-dir/MiniOzoneClusterImpl-dd99cefe-9779-4043-9d74-181b69d2a827/datanode-0/data/ratis/e0f1d9ef-e225-4b24-a786-9696f0872fc0/current/log_inprogress_7175
2019-06-15 10:53:23,996 INFO  client.GrpcClientProtocolClient (GrpcClientProtocolClient.java:onNext(254)) - client-09EBABE1B9AF->325d518f-bf0d-428a-814f-266b27e759e4: receive RaftClientReply:client-09EBABE1B9AF->325d518f-bf0d-428a-814f-266b27e759e4@group-9696F0872FC0, cid=4393, SUCCESS, logIndex=7175, commits[325d518f-bf0d-428a-814f-266b27e759e4:c7175]
2019-06-15 10:53:23,998 INFO  client.GrpcClientProtocolClient (GrpcClientProtocolClient.java:onNext(254)) - client-09EBABE1B9AF->325d518f-bf0d-428a-814f-266b27e759e4: receive RaftClientReply:client-09EBABE1B9AF->325d518f-bf0d-428a-814f-266b27e759e4@group-9696F0872FC0, cid=4394, SUCCESS, logIndex=7177, commits[325d518f-bf0d-428a-814f-266b27e759e4:c7179]
2019-06-15 10:53:23,999 INFO  client.GrpcClientProtocolClient (GrpcClientProtocolClient.java:onNext(254)) - client-09EBABE1B9AF->325d518f-bf0d-428a-814f-266b27e759e4: receive RaftClientReply:client-09EBABE1B9AF->325d518f-bf0d-428a-814f-266b27e759e4@group-9696F0872FC0, cid=4395, SUCCESS, logIndex=7178, commits[325d518f-bf0d-428a-814f-266b27e759e4:c7179]
2019-06-15 10:53:23,999 INFO  client.GrpcClientProtocolClient (GrpcClientProtocolClient.java:onNext(254)) - client-09EBABE1B9AF->325d518f-bf0d-428a-814f-266b27e759e4: receive RaftClientReply:client-09EBABE1B9AF->325d518f-bf0d-428a-814f-266b27e759e4@group-9696F0872FC0, cid=4396, SUCCESS, logIndex=7179, commits[325d518f-bf0d-428a-814f-266b27e759e4:c7179]
2019-06-15 10:53:24,004 INFO  client.GrpcClientProtocolClient (GrpcClientProtocolClient.java:onNext(254)) - client-09EBABE1B9AF->325d518f-bf0d-428a-814f-266b27e759e4: receive RaftClientReply:client-09EBABE1B9AF->325d518f-bf0d-428a-814f-266b27e759e4@group-9696F0872FC0, cid=4397, SUCCESS, logIndex=7181, commits[325d518f-bf0d-428a-814f-266b27e759e4:c7181]
2019-06-15 10:53:24,005 INFO  client.GrpcClientProtocolClient (GrpcClientProtocolClient.java:onNext(254)) - client-09EBABE1B9AF->325d518f-bf0d-428a-814f-266b27e759e4: receive RaftClientReply:client-09EBABE1B9AF->325d518f-bf0d-428a-814f-266b27e759e4@group-9696F0872FC0, cid=4398, SUCCESS, logIndex=7183, commits[325d518f-bf0d-428a-814f-266b27e759e4:c7183]
2019-06-15 10:53:24,006 INFO  client.GrpcClientProtocolClient (GrpcClientProtocolClient.java:onNext(254)) - client-09EBABE1B9AF->325d518f-bf0d-428a-814f-266b27e759e4: receive RaftClientReply:client-09EBABE1B9AF->325d518f-bf0d-428a-814f-266b27e759e4@group-9696F0872FC0, cid=4399, SUCCESS, logIndex=7184, commits[325d518f-bf0d-428a-814f-266b27e759e4:c7186]
2019-06-15 10:53:24,007 INFO  client.GrpcClientProtocolClient (GrpcClientProtocolClient.java:onNext(254)) - client-09EBABE1B9AF->325d518f-bf0d-428a-814f-266b27e759e4: receive RaftClientReply:client-09EBABE1B9AF->325d518f-bf0d-428a-814f-266b27e759e4@group-9696F0872FC0, cid=4400, SUCCESS, logIndex=7185, commits[325d518f-bf0d-428a-814f-266b27e759e4:c7186]
2019-06-15 10:53:24,016 DEBUG block.SCMBlockDeletingService (SCMBlockDeletingService.java:call(138)) - Running DeletedBlockTransactionScanner
2019-06-15 10:53:24,016 DEBUG block.SCMBlockDeletingService (SCMBlockDeletingService.java:call(155)) - Scanned deleted blocks log and got 0 delTX to process.
2019-06-15 10:53:24,020 INFO  client.GrpcClientProtocolClient (GrpcClientProtocolClient.java:onNext(254)) - client-09EBABE1B9AF->325d518f-bf0d-428a-814f-266b27e759e4: receive RaftClientReply:client-09EBABE1B9AF->325d518f-bf0d-428a-814f-266b27e759e4@group-9696F0872FC0, cid=4401, SUCCESS, logIndex=7187, commits[325d518f-bf0d-428a-814f-266b27e759e4:c7187]
2019-06-15 10:53:24,021 INFO  client.GrpcClientProtocolClient (GrpcClientProtocolClient.java:onNext(254)) - client-09EBABE1B9AF->325d518f-bf0d-428a-814f-266b27e759e4: receive RaftClientReply:client-09EBABE1B9AF->325d518f-bf0d-428a-814f-266b27e759e4@group-9696F0872FC0, cid=4402, SUCCESS, logIndex=7189, commits[325d518f-bf0d-428a-814f-266b27e759e4:c7189]
2019-06-15 10:53:24,022 INFO  client.GrpcClientProtocolClient (GrpcClientProtocolClient.java:onNext(254)) - client-09EBABE1B9AF->325d518f-bf0d-428a-814f-266b27e759e4: receive RaftClientReply:client-09EBABE1B9AF->325d518f-bf0d-428a-814f-266b27e759e4@group-9696F0872FC0, cid=4403, SUCCESS, logIndex=7190, commits[325d518f-bf0d-428a-814f-266b27e759e4:c7192]
2019-06-15 10:53:24,022 INFO  client.GrpcClientProtocolClient (GrpcClientProtocolClient.java:onNext(254)) - client-09EBABE1B9AF->325d518f-bf0d-428a-814f-266b27e759e4: receive RaftClientReply:client-09EBABE1B9AF->325d518f-bf0d-428a-814f-266b27e759e4@group-9696F0872FC0, cid=4404, SUCCESS, logIndex=7191, commits[325d518f-bf0d-428a-814f-266b27e759e4:c7192]
2019-06-15 10:53:24,027 INFO  client.GrpcClientProtocolClient (GrpcClientProtocolClient.java:onNext(254)) - client-09EBABE1B9AF->325d518f-bf0d-428a-814f-266b27e759e4: receive RaftClientReply:client-09EBABE1B9AF->325d518f-bf0d-428a-814f-266b27e759e4@group-9696F0872FC0, cid=4405, SUCCESS, logIndex=7193, commits[325d518f-bf0d-428a-814f-266b27e759e4:c7193]
2019-06-15 10:53:24,029 INFO  client.GrpcClientProtocolClient (GrpcClientProtocolClient.java:onNext(254)) - client-09EBABE1B9AF->325d518f-bf0d-428a-814f-266b27e759e4: receive RaftClientReply:client-09EBABE1B9AF->325d518f-bf0d-428a-814f-266b27e759e4@group-9696F0872FC0, cid=4406, SUCCESS, logIndex=7195, commits[325d518f-bf0d-428a-814f-266b27e759e4:c7197]
2019-06-15 10:53:24,030 INFO  client.GrpcClientProtocolClient (GrpcClientProtocolClient.java:onNext(254)) - client-09EBABE1B9AF->325d518f-bf0d-428a-814f-266b27e759e4: receive RaftClientReply:client-09EBABE1B9AF->325d518f-bf0d-428a-814f-266b27e759e4@group-9696F0872FC0, cid=4407, SUCCESS, logIndex=7196, commits[325d518f-bf0d-428a-814f-266b27e759e4:c7197]
2019-06-15 10:53:24,030 INFO  client.GrpcClientProtocolClient (GrpcClientProtocolClient.java:onNext(254)) - client-09EBABE1B9AF->325d518f-bf0d-428a-814f-266b27e759e4: receive RaftClientReply:client-09EBABE1B9AF->325d518f-bf0d-428a-814f-266b27e759e4@group-9696F0872FC0, cid=4408, SUCCESS, logIndex=7197, commits[325d518f-bf0d-428a-814f-266b27e759e4:c7198]
2019-06-15 10:53:24,044 INFO  client.GrpcClientProtocolClient (GrpcClientProtocolClient.java:onNext(254)) - client-09EBABE1B9AF->325d518f-bf0d-428a-814f-266b27e759e4: receive RaftClientReply:client-09EBABE1B9AF->325d518f-bf0d-428a-814f-266b27e759e4@group-9696F0872FC0, cid=4409, SUCCESS, logIndex=7200, commits[325d518f-bf0d-428a-814f-266b27e759e4:c7200]
2019-06-15 10:53:24,046 INFO  client.GrpcClientProtocolClient (GrpcClientProtocolClient.java:onNext(254)) - client-09EBABE1B9AF->325d518f-bf0d-428a-814f-266b27e759e4: receive RaftClientReply:client-09EBABE1B9AF->325d518f-bf0d-428a-814f-266b27e759e4@group-9696F0872FC0, cid=4410, SUCCESS, logIndex=7202, commits[325d518f-bf0d-428a-814f-266b27e759e4:c7202]
2019-06-15 10:53:24,048 INFO  client.GrpcClientProtocolClient (GrpcClientProtocolClient.java:onNext(254)) - client-09EBABE1B9AF->325d518f-bf0d-428a-814f-266b27e759e4: receive RaftClientReply:client-09EBABE1B9AF->325d518f-bf0d-428a-814f-266b27e759e4@group-9696F0872FC0, cid=4411, SUCCESS, logIndex=7204, commits[325d518f-bf0d-428a-814f-266b27e759e4:c7204]
2019-06-15 10:53:24,049 INFO  client.GrpcClientProtocolClient (GrpcClientProtocolClient.java:onNext(254)) - client-09EBABE1B9AF->325d518f-bf0d-428a-814f-266b27e759e4: receive RaftClientReply:client-09EBABE1B9AF->325d518f-bf0d-428a-814f-266b27e759e4@group-9696F0872FC0, cid=4412, SUCCESS, logIndex=7205, commits[325d518f-bf0d-428a-814f-266b27e759e4:c7205]
2019-06-15 10:53:24,057 INFO  client.GrpcClientProtocolClient (GrpcClientProtocolClient.java:onNext(254)) - client-09EBABE1B9AF->325d518f-bf0d-428a-814f-266b27e759e4: receive RaftClientReply:client-09EBABE1B9AF->325d518f-bf0d-428a-814f-266b27e759e4@group-9696F0872FC0, cid=4413, SUCCESS, logIndex=7208, commits[325d518f-bf0d-428a-814f-266b27e759e4:c7208]
2019-06-15 10:53:24,058 INFO  client.GrpcClientProtocolClient (GrpcClientProtocolClient.java:onNext(254)) - client-09EBABE1B9AF->325d518f-bf0d-428a-814f-266b27e759e4: receive RaftClientReply:client-09EBABE1B9AF->325d518f-bf0d-428a-814f-266b27e759e4@group-9696F0872FC0, cid=4414, SUCCESS, logIndex=7210, commits[325d518f-bf0d-428a-814f-266b27e759e4:c7210]
2019-06-15 10:53:24,059 INFO  client.GrpcClientProtocolClient (GrpcClientProtocolClient.java:onNext(254)) - client-09EBABE1B9AF->325d518f-bf0d-428a-814f-266b27e759e4: receive RaftClientReply:client-09EBABE1B9AF->325d518f-bf0d-428a-814f-266b27e759e4@group-9696F0872FC0, cid=4415, SUCCESS, logIndex=7211, commits[325d518f-bf0d-428a-814f-266b27e759e4:c7213]
2019-06-15 10:53:24,060 INFO  client.GrpcClientProtocolClient (GrpcClientProtocolClient.java:onNext(254)) - client-09EBABE1B9AF->325d518f-bf0d-428a-814f-266b27e759e4: receive RaftClientReply:client-09EBABE1B9AF->325d518f-bf0d-428a-814f-266b27e759e4@group-9696F0872FC0, cid=4416, SUCCESS, logIndex=7212, commits[325d518f-bf0d-428a-814f-266b27e759e4:c7213]
2019-06-15 10:53:24,116 DEBUG block.SCMBlockDeletingService (SCMBlockDeletingService.java:call(138)) - Running DeletedBlockTransactionScanner
2019-06-15 10:53:24,117 DEBUG block.SCMBlockDeletingService (SCMBlockDeletingService.java:call(155)) - Scanned deleted blocks log and got 0 delTX to process.
2019-06-15 10:53:24,117 INFO  client.GrpcClientProtocolClient (GrpcClientProtocolClient.java:onNext(254)) - client-09EBABE1B9AF->325d518f-bf0d-428a-814f-266b27e759e4: receive RaftClientReply:client-09EBABE1B9AF->325d518f-bf0d-428a-814f-266b27e759e4@group-9696F0872FC0, cid=4417, SUCCESS, logIndex=7214, commits[325d518f-bf0d-428a-814f-266b27e759e4:c7214]
2019-06-15 10:53:24,118 INFO  client.GrpcClientProtocolClient (GrpcClientProtocolClient.java:onNext(254)) - client-09EBABE1B9AF->325d518f-bf0d-428a-814f-266b27e759e4: receive RaftClientReply:client-09EBABE1B9AF->325d518f-bf0d-428a-814f-266b27e759e4@group-9696F0872FC0, cid=4418, SUCCESS, logIndex=7216, commits[325d518f-bf0d-428a-814f-266b27e759e4:c7216]
2019-06-15 10:53:24,119 INFO  client.GrpcClientProtocolClient (GrpcClientProtocolClient.java:onNext(254)) - client-09EBABE1B9AF->325d518f-bf0d-428a-814f-266b27e759e4: receive RaftClientReply:client-09EBABE1B9AF->325d518f-bf0d-428a-814f-266b27e759e4@group-9696F0872FC0, cid=4419, SUCCESS, logIndex=7217, commits[325d518f-bf0d-428a-814f-266b27e759e4:c7219]
2019-06-15 10:53:24,119 INFO  client.GrpcClientProtocolClient (GrpcClientProtocolClient.java:onNext(254)) - client-09EBABE1B9AF->325d518f-bf0d-428a-814f-266b27e759e4: receive RaftClientReply:client-09EBABE1B9AF->325d518f-bf0d-428a-814f-266b27e759e4@group-9696F0872FC0, cid=4420, SUCCESS, logIndex=7218, commits[325d518f-bf0d-428a-814f-266b27e759e4:c7219]
2019-06-15 10:53:24,122 INFO  client.GrpcClientProtocolClient (GrpcClientProtocolClient.java:onNext(254)) - client-09EBABE1B9AF->325d518f-bf0d-428a-814f-266b27e759e4: receive RaftClientReply:client-09EBABE1B9AF->325d518f-bf0d-428a-814f-266b27e759e4@group-9696F0872FC0, cid=4421, SUCCESS, logIndex=7220, commits[325d518f-bf0d-428a-814f-266b27e759e4:c7220]
2019-06-15 10:53:24,123 INFO  client.GrpcClientProtocolClient (GrpcClientProtocolClient.java:onNext(254)) - client-09EBABE1B9AF->325d518f-bf0d-428a-814f-266b27e759e4: receive RaftClientReply:client-09EBABE1B9AF->325d518f-bf0d-428a-814f-266b27e759e4@group-9696F0872FC0, cid=4422, SUCCESS, logIndex=7222, commits[325d518f-bf0d-428a-814f-266b27e759e4:c7222]
2019-06-15 10:53:24,217 DEBUG block.SCMBlockDeletingService (SCMBlockDeletingService.java:call(138)) - Running DeletedBlockTransactionScanner
2019-06-15 10:53:24,217 DEBUG block.SCMBlockDeletingService (SCMBlockDeletingService.java:call(155)) - Scanned deleted blocks log and got 0 delTX to process.
2019-06-15 10:53:24,317 DEBUG block.SCMBlockDeletingService (SCMBlockDeletingService.java:call(138)) - Running DeletedBlockTransactionScanner
2019-06-15 10:53:24,317 DEBUG block.SCMBlockDeletingService (SCMBlockDeletingService.java:call(155)) - Scanned deleted blocks log and got 0 delTX to process.
2019-06-15 10:53:24,418 DEBUG block.SCMBlockDeletingService (SCMBlockDeletingService.java:call(138)) - Running DeletedBlockTransactionScanner
2019-06-15 10:53:24,418 DEBUG block.SCMBlockDeletingService (SCMBlockDeletingService.java:call(155)) - Scanned deleted blocks log and got 0 delTX to process.
2019-06-15 10:53:24,431 INFO  server.SCMBlockProtocolServer (SCMBlockProtocolServer.java:deleteKeyBlocks(202)) - SCM is informed by OM to delete 1 blocks
2019-06-15 10:53:24,432 INFO  block.BlockManagerImpl (BlockManagerImpl.java:deleteBlocks(268)) - Deleting blocks conID: 1 locID: 102275217731158017 bcsId: 0,conID: 2 locID: 102275217731289090 bcsId: 0,conID: 3 locID: 102275217731289091 bcsId: 0,conID: 1 locID: 102275217731420164 bcsId: 0,conID: 2 locID: 102275217731420165 bcsId: 0,conID: 3 locID: 102275217731420166 bcsId: 0,conID: 1 locID: 102275217788370951 bcsId: 0,conID: 2 locID: 102275217795186696 bcsId: 0,conID: 3 locID: 102275217797808137 bcsId: 0,conID: 1 locID: 102275217800364042 bcsId: 0,conID: 2 locID: 102275217803313163 bcsId: 0,conID: 3 locID: 102275217808490508 bcsId: 0,conID: 1 locID: 102275217819697165 bcsId: 0,conID: 2 locID: 102275217823301646 bcsId: 0,conID: 3 locID: 102275217826185231 bcsId: 0,conID: 1 locID: 102275217829003280 bcsId: 0,conID: 2 locID: 102275217831231505 bcsId: 0,conID: 3 locID: 102275217843748882 bcsId: 0,conID: 1 locID: 102275217845977107 bcsId: 0,conID: 2 locID: 102275217848598548 bcsId: 0,conID: 3 locID: 102275217850957845 bcsId: 0,conID: 1 locID: 102275217852923926 bcsId: 0,conID: 2 locID: 102275217857773591 bcsId: 0,conID: 3 locID: 102275217879138328 bcsId: 0,conID: 1 locID: 102275217881301017 bcsId: 0,conID: 2 locID: 102275217883267098 bcsId: 0,conID: 3 locID: 102275217885626395 bcsId: 0,conID: 1 locID: 102275217890279452 bcsId: 0,conID: 2 locID: 102275217899192349 bcsId: 0,conID: 3 locID: 102275217901092894 bcsId: 0,conID: 1 locID: 102275217902993439 bcsId: 0,conID: 2 locID: 102275217905156128 bcsId: 0,conID: 3 locID: 102275217907515425 bcsId: 0,conID: 1 locID: 102275217911840802 bcsId: 0,conID: 2 locID: 102275217920426019 bcsId: 0,conID: 3 locID: 102275217922523172 bcsId: 0,conID: 1 locID: 102275217924489253 bcsId: 0,conID: 2 locID: 102275217926717478 bcsId: 0,conID: 3 locID: 102275217931632679 bcsId: 0,conID: 1 locID: 102275217950310440 bcsId: 0,conID: 2 locID: 102275217952342057 bcsId: 0,conID: 3 locID: 102275217954242602 bcsId: 0,conID: 1 locID: 102275217956274219 bcsId: 0,conID: 2 locID: 102275217960796204 bcsId: 0,conID: 3 locID: 102275217963155501 bcsId: 0,conID: 1 locID: 102275217969250350 bcsId: 0,conID: 2 locID: 102275217971150895 bcsId: 0,conID: 3 locID: 102275217973182512 bcsId: 0,conID: 1 locID: 102275217978490929 bcsId: 0,conID: 2 locID: 102275217982947378 bcsId: 0,conID: 3 locID: 102275217989042227 bcsId: 0,conID: 1 locID: 102275217993302068 bcsId: 0,conID: 2 locID: 102275217996709941 bcsId: 0,conID: 3 locID: 102275217999331382 bcsId: 0,conID: 1 locID: 102275218004246583 bcsId: 0,conID: 2 locID: 102275218006147128 bcsId: 0,conID: 3 locID: 102275218017222713 bcsId: 0,conID: 1 locID: 102275218018795578 bcsId: 0,conID: 2 locID: 102275218020630587 bcsId: 0,conID: 3 locID: 102275218024824892 bcsId: 0,conID: 1 locID: 102275218026659901 bcsId: 0,conID: 2 locID: 102275218032689214 bcsId: 0,conID: 3 locID: 102275218034458687 bcsId: 0,conID: 1 locID: 102275218036031552 bcsId: 0,conID: 2 locID: 102275218054053953 bcsId: 0,conID: 3 locID: 102275218058379330 bcsId: 0,conID: 1 locID: 102275218059952195 bcsId: 0,conID: 2 locID: 102275218066112580 bcsId: 0,conID: 3 locID: 102275218067685445 bcsId: 0,conID: 1 locID: 102275218069127238 bcsId: 0,conID: 2 locID: 102275218073190471 bcsId: 0,conID: 3 locID: 102275218074697800 bcsId: 0,conID: 1 locID: 102275218081185865 bcsId: 0,conID: 2 locID: 102275218086035530 bcsId: 0,conID: 3 locID: 102275218088132683 bcsId: 0,conID: 1 locID: 102275218092589132 bcsId: 0,conID: 2 locID: 102275218094489677 bcsId: 0,conID: 3 locID: 102275218095865934 bcsId: 0,conID: 1 locID: 102275218101829711 bcsId: 0,conID: 2 locID: 102275218103271504 bcsId: 0,conID: 3 locID: 102275218105499729 bcsId: 0,conID: 1 locID: 102275218109628498 bcsId: 0,conID: 2 locID: 102275218111201363 bcsId: 0,conID: 3 locID: 102275218120441940 bcsId: 0,conID: 1 locID: 102275218122211413 bcsId: 0,conID: 2 locID: 102275218123849814 bcsId: 0,conID: 3 locID: 102275218128371799 bcsId: 0,conID: 1 locID: 102275218130075736 bcsId: 0,conID: 2 locID: 102275218131845209 bcsId: 0,conID: 3 locID: 102275218138464346 bcsId: 0,conID: 1 locID: 102275218140495963 bcsId: 0,conID: 2 locID: 102275218144559196 bcsId: 0,conID: 3 locID: 102275218160484445 bcsId: 0,conID: 1 locID: 102275218162450526 bcsId: 0,conID: 2 locID: 102275218168676447 bcsId: 0,conID: 3 locID: 102275218170183776 bcsId: 0,conID: 1 locID: 102275218172018785 bcsId: 0,conID: 2 locID: 102275218176540770 bcsId: 0,conID: 3 locID: 102275218177982563 bcsId: 0,conID: 1 locID: 102275218179620964 bcsId: 0,conID: 2 locID: 102275218185519205 bcsId: 0,conID: 3 locID: 102275218189910118 bcsId: 0,conID: 1 locID: 102275218194104423 bcsId: 0,conID: 2 locID: 102275218195677288 bcsId: 0,conID: 3 locID: 102275218197184617 bcsId: 0,conID: 1 locID: 102275218203148394 bcsId: 0,conID: 2 locID: 102275218204590187 bcsId: 0,conID: 3 locID: 102275218209505388 bcsId: 0,conID: 1 locID: 102275218211930221 bcsId: 0,conID: 2 locID: 102275218214158446 bcsId: 0,conID: 3 locID: 102275218215665775 bcsId: 0,conID: 1 locID: 102275218226282608 bcsId: 0,conID: 2 locID: 102275218227921009 bcsId: 0,conID: 3 locID: 102275218231984242 bcsId: 0,conID: 1 locID: 102275218233426035 bcsId: 0,conID: 2 locID: 102275218234933364 bcsId: 0,conID: 3 locID: 102275218236440693 bcsId: 0,conID: 1 locID: 102275218242863222 bcsId: 0,conID: 2 locID: 102275218246729847 bcsId: 0,conID: 3 locID: 102275218248237176 bcsId: 0,conID: 1 locID: 102275218249744505 bcsId: 0,conID: 2 locID: 102275218251317370 bcsId: 0,conID: 3 locID: 102275218260492411 bcsId: 0,conID: 1 locID: 102275218264948860 bcsId: 0,conID: 2 locID: 102275218266521725 bcsId: 0,conID: 3 locID: 102275218268225662 bcsId: 0,conID: 1 locID: 102275218269732991 bcsId: 0,conID: 2 locID: 102275218271371392 bcsId: 0,conID: 3 locID: 102275218277597313 bcsId: 0,conID: 1 locID: 102275218282315906 bcsId: 0,conID: 2 locID: 102275218283823235 bcsId: 0,conID: 3 locID: 102275218302959748 bcsId: 0,conID: 1 locID: 102275218304729221 bcsId: 0,conID: 2 locID: 102275218310627462 bcsId: 0,conID: 3 locID: 102275218314428551 bcsId: 0,conID: 1 locID: 102275218316132488 bcsId: 0,conID: 2 locID: 102275218317705353 bcsId: 0,conID: 3 locID: 102275218319212682 bcsId: 0,conID: 1 locID: 102275218320654475 bcsId: 0,conID: 2 locID: 102275218329436300 bcsId: 0,conID: 3 locID: 102275218333630605 bcsId: 0,conID: 1 locID: 102275218335137934 bcsId: 0,conID: 2 locID: 102275218336448655 bcsId: 0,conID: 3 locID: 102275218338021520 bcsId: 0,conID: 1 locID: 102275218344509585 bcsId: 0,conID: 2 locID: 102275218348507282 bcsId: 0,conID: 3 locID: 102275218349949075 bcsId: 0,conID: 1 locID: 102275218351521940 bcsId: 0,conID: 2 locID: 102275218352963733 bcsId: 0,conID: 3 locID: 102275218354405526 bcsId: 0,conID: 1 locID: 102275218365022359 bcsId: 0,conID: 2 locID: 102275218366529688 bcsId: 0,conID: 3 locID: 102275218368168089 bcsId: 0,conID: 1 locID: 102275218369675418 bcsId: 0,conID: 2 locID: 102275218371051675 bcsId: 0,conID: 3 locID: 102275218377015452 bcsId: 0,conID: 1 locID: 102275218380619933 bcsId: 0,conID: 2 locID: 102275218382061726 bcsId: 0,conID: 3 locID: 102275218383503519 bcsId: 0,conID: 1 locID: 102275218384879776 bcsId: 0,conID: 2 locID: 102275218402181281 bcsId: 0,conID: 3 locID: 102275218411684002 bcsId: 0,conID: 1 locID: 102275218413322403 bcsId: 0,conID: 2 locID: 102275218414764196 bcsId: 0,conID: 3 locID: 102275218416271525 bcsId: 0,conID: 1 locID: 102275218418303142 bcsId: 0,conID: 2 locID: 102275218426495143 bcsId: 0,conID: 3 locID: 102275218427936936 bcsId: 0,conID: 1 locID: 102275218429247657 bcsId: 0,conID: 2 locID: 102275218433179818 bcsId: 0,conID: 3 locID: 102275218434818219 bcsId: 0,conID: 1 locID: 102275218436128940 bcsId: 0,conID: 2 locID: 102275218444124333 bcsId: 0,conID: 3 locID: 102275218445369518 bcsId: 0,conID: 1 locID: 102275218446680239 bcsId: 0,conID: 2 locID: 102275218448187568 bcsId: 0,conID: 3 locID: 102275218449891505 bcsId: 0,conID: 1 locID: 102275218455920818 bcsId: 0,conID: 2 locID: 102275218459656371 bcsId: 0,conID: 3 locID: 102275218461425844 bcsId: 0,conID: 1 locID: 102275218462802101 bcsId: 0,conID: 2 locID: 102275218464243894 bcsId: 0,conID: 3 locID: 102275218468044983 bcsId: 0,conID: 1 locID: 102275218475122872 bcsId: 0,conID: 2 locID: 102275218476564665 bcsId: 0,conID: 3 locID: 102275218477940922 bcsId: 0,conID: 1 locID: 102275218479644859 bcsId: 0,conID: 2 locID: 102275218481021116 bcsId: 0,conID: 3 locID: 102275218504548541 bcsId: 0,conID: 1 locID: 102275218505924798 bcsId: 0,conID: 2 locID: 102275218507235519 bcsId: 0,conID: 3 locID: 102275218508808384 bcsId: 0,conID: 1 locID: 102275218510774465 bcsId: 0,conID: 2 locID: 102275218515034306 bcsId: 0,conID: 3 locID: 102275218520735939 bcsId: 0,conID: 1 locID: 102275218522112196 bcsId: 0,conID: 2 locID: 102275218523619525 bcsId: 0,conID: 3 locID: 102275218525061318 bcsId: 0,conID: 1 locID: 102275218526699719 bcsId: 0,conID: 2 locID: 102275218537709768 bcsId: 0,conID: 3 locID: 102275218539806921 bcsId: 0,conID: 1 locID: 102275218541052106 bcsId: 0,conID: 2 locID: 102275218542362827 bcsId: 0,conID: 3 locID: 102275218543608012 bcsId: 0,conID: 1 locID: 102275218547343565 bcsId: 0,conID: 2 locID: 102275218554552526 bcsId: 0,conID: 3 locID: 102275218556125391 bcsId: 0,conID: 1 locID: 102275218557436112 bcsId: 0,conID: 2 locID: 102275218561892561 bcsId: 0,conID: 3 locID: 102275218565955794 bcsId: 0,conID: 1 locID: 102275218571919571 bcsId: 0,conID: 2 locID: 102275218573230292 bcsId: 0,conID: 3 locID: 102275218574541013 bcsId: 0,conID: 1 locID: 102275218575917270 bcsId: 0,conID: 2 locID: 102275218577227991 bcsId: 0,conID: 3 locID: 102275218580963544 bcsId: 0,conID: 1 locID: 102275218586534105 bcsId: 0,conID: 2 locID: 102275218590597338 bcsId: 0,conID: 3 locID: 102275218592104667 bcsId: 0,conID: 1 locID: 102275218593349852 bcsId: 0,conID: 2 locID: 102275218596888797 bcsId: 0,conID: 3 locID: 102275218598068446 bcsId: 0,conID: 1 locID: 102275218603639007 bcsId: 0,conID: 2 locID: 102275218605408480 bcsId: 0,conID: 3 locID: 102275218607505633 bcsId: 0,conID: 1 locID: 102275218609275106 bcsId: 0,conID: 2 locID: 102275218613010659 bcsId: 0,conID: 3 locID: 102275218636275940 bcsId: 0,conID: 1 locID: 102275218637652197 bcsId: 0,conID: 2 locID: 102275218638897382 bcsId: 0,conID: 3 locID: 102275218640732391 bcsId: 0,conID: 1 locID: 102275218644271336 bcsId: 0,conID: 2 locID: 102275218646761705 bcsId: 0,conID: 3 locID: 102275218653053162 bcsId: 0,conID: 1 locID: 102275218654494955 bcsId: 0,conID: 2 locID: 102275218655871212 bcsId: 0,conID: 3 locID: 102275218659475693 bcsId: 0,conID: 1 locID: 102275218660917486 bcsId: 0,conID: 2 locID: 102275218669568239 bcsId: 0,conID: 3 locID: 102275218670813424 bcsId: 0,conID: 1 locID: 102275218672386289 bcsId: 0,conID: 2 locID: 102275218673828082 bcsId: 0,conID: 3 locID: 102275218677629171 bcsId: 0,conID: 1 locID: 102275218679267572 bcsId: 0,conID: 2 locID: 102275218684707061 bcsId: 0,conID: 3 locID: 102275218686017782 bcsId: 0,conID: 1 locID: 102275218687197431 bcsId: 0,conID: 2 locID: 102275218693030136 bcsId: 0,conID: 3 locID: 102275218694406393 bcsId: 0,conID: 1 locID: 102275218699911418 bcsId: 0,conID: 2 locID: 102275218701222139 bcsId: 0,conID: 3 locID: 102275218702663932 bcsId: 0,conID: 1 locID: 102275218703909117 bcsId: 0,conID: 2 locID: 102275218707644670 bcsId: 0,conID: 3 locID: 102275218708955391 bcsId: 0,conID: 1 locID: 102275218714984704 bcsId: 0,conID: 2 locID: 102275218719441153 bcsId: 0,conID: 3 locID: 102275218721800450 bcsId: 0,conID: 1 locID: 102275218725339395 bcsId: 0,conID: 2 locID: 102275218726650116 bcsId: 0,conID: 3 locID: 102275218732220677 bcsId: 0,conID: 1 locID: 102275218733531398 bcsId: 0,conID: 2 locID: 102275218734776583 bcsId: 0,conID: 3 locID: 102275218738905352 bcsId: 0,conID: 1 locID: 102275218740347145 bcsId: 0,conID: 2 locID: 102275218741526794 bcsId: 0,conID: 3 locID: 102275218764136715 bcsId: 0,conID: 1 locID: 102275218765316364 bcsId: 0,conID: 2 locID: 102275218766496013 bcsId: 0,conID: 3 locID: 102275218770297102 bcsId: 0,conID: 1 locID: 102275218771673359 bcsId: 0,conID: 2 locID: 102275218777309456 bcsId: 0,conID: 3 locID: 102275218778620177 bcsId: 0,conID: 1 locID: 102275218779799826 bcsId: 0,conID: 2 locID: 102275218783338771 bcsId: 0,conID: 3 locID: 102275218784715028 bcsId: 0,conID: 1 locID: 102275218789302549 bcsId: 0,conID: 2 locID: 102275218794873110 bcsId: 0,conID: 3 locID: 102275218796314903 bcsId: 0,conID: 1 locID: 102275218797953304 bcsId: 0,conID: 2 locID: 102275218802147609 bcsId: 0,conID: 3 locID: 102275218803589402 bcsId: 0,conID: 1 locID: 102275218809225499 bcsId: 0,conID: 2 locID: 102275218810536220 bcsId: 0,conID: 3 locID: 102275218811846941 bcsId: 0,conID: 1 locID: 102275218818203934 bcsId: 0,conID: 2 locID: 102275218819514655 bcsId: 0,conID: 3 locID: 102275218820694304 bcsId: 0,conID: 1 locID: 102275218826264865 bcsId: 0,conID: 2 locID: 102275218827837730 bcsId: 0,conID: 3 locID: 102275218831573283 bcsId: 0,conID: 1 locID: 102275218832884004 bcsId: 0,conID: 2 locID: 102275218834129189 bcsId: 0,conID: 3 locID: 102275218839830822 bcsId: 0,conID: 1 locID: 102275218843435303 bcsId: 0,conID: 2 locID: 102275218844680488 bcsId: 0,conID: 3 locID: 102275218848350505 bcsId: 0,conID: 1 locID: 102275218849792298 bcsId: 0,conID: 2 locID: 102275218851365163 bcsId: 0,conID: 3 locID: 102275218857591084 bcsId: 0,conID: 1 locID: 102275218858836269 bcsId: 0,conID: 2 locID: 102275218862440750 bcsId: 0,conID: 3 locID: 102275218863751471 bcsId: 0,conID: 1 locID: 102275218865127728 bcsId: 0,conID: 2 locID: 102275218887934257 bcsId: 0,conID: 3 locID: 102275218889179442 bcsId: 0,conID: 1 locID: 102275218890686771 bcsId: 0,conID: 2 locID: 102275218894487860 bcsId: 0,conID: 3 locID: 102275218895667509 bcsId: 0,conID: 1 locID: 102275218896978230 bcsId: 0,conID: 2 locID: 102275218902614327 bcsId: 0,conID: 3 locID: 102275218903859512 bcsId: 0,conID: 1 locID: 102275218907463993 bcsId: 0,conID: 2 locID: 102275218908709178 bcsId: 0,conID: 3 locID: 102275218909888827 bcsId: 0,conID: 1 locID: 102275218918605116 bcsId: 0,conID: 2 locID: 102275218919850301 bcsId: 0,conID: 3 locID: 102275218923454782 bcsId: 0,conID: 1 locID: 102275218925355327 bcsId: 0,conID: 2 locID: 102275218926797120 bcsId: 0,conID: 3 locID: 102275218928828737 bcsId: 0,conID: 1 locID: 102275218934595906 bcsId: 0,conID: 2 locID: 102275218935841091 bcsId: 0,conID: 3 locID: 102275218939773252 bcsId: 0,conID: 1 locID: 102275218941542725 bcsId: 0,conID: 2 locID: 102275218946130246 bcsId: 0,conID: 3 locID: 102275218947506503 bcsId: 0,conID: 1 locID: 102275218953011528 bcsId: 0,conID: 2 locID: 102275218956550473 bcsId: 0,conID: 3 locID: 102275218957861194 bcsId: 0,conID: 1 locID: 102275218959302987 bcsId: 0,conID: 2 locID: 102275218960548172 bcsId: 0,conID: 3 locID: 102275218967494989 bcsId: 0,conID: 1 locID: 102275218968805710 bcsId: 0,conID: 2 locID: 102275218972344655 bcsId: 0,conID: 3 locID: 102275218977259856 bcsId: 0,conID: 1 locID: 102275218979815761 bcsId: 0,conID: 2 locID: 102275218982371666 bcsId: 0,conID: 3 locID: 102275218988073299 bcsId: 0,conID: 1 locID: 102275218991612244 bcsId: 0,conID: 2 locID: 102275218993381717 bcsId: 0,conID: 3 locID: 102275218994626902 bcsId: 0,conID: 1 locID: 102275218995937623 bcsId: 0,conID: 2 locID: 102275219001835864 bcsId: 0,conID: 3 locID: 102275219022610777 bcsId: 0,conID: 1 locID: 102275219024118106 bcsId: 0,conID: 2 locID: 102275219025363291 bcsId: 0,conID: 3 locID: 102275219026608476 bcsId: 0,conID: 1 locID: 102275219027788125 bcsId: 0,conID: 2 locID: 102275219033489758 bcsId: 0,conID: 3 locID: 102275219037028703 bcsId: 0,conID: 1 locID: 102275219038470496 bcsId: 0,conID: 2 locID: 102275219039977825 bcsId: 0,conID: 3 locID: 102275219041288546 bcsId: 0,conID: 1 locID: 102275219049480547 bcsId: 0,conID: 2 locID: 102275219053150564 bcsId: 0,conID: 3 locID: 102275219054526821 bcsId: 0,conID: 1 locID: 102275219055706470 bcsId: 0,conID: 2 locID: 102275219056951655 bcsId: 0,conID: 3 locID: 102275219058262376 bcsId: 0,conID: 1 locID: 102275219063767401 bcsId: 0,conID: 2 locID: 102275219067306346 bcsId: 0,conID: 3 locID: 102275219068551531 bcsId: 0,conID: 1 locID: 102275219069731180 bcsId: 0,conID: 2 locID: 102275219071697261 bcsId: 0,conID: 3 locID: 102275219080413550 bcsId: 0,conID: 1 locID: 102275219083952495 bcsId: 0,conID: 2 locID: 102275219085590896 bcsId: 0,conID: 3 locID: 102275219086901617 bcsId: 0,conID: 1 locID: 102275219088474482 bcsId: 0,conID: 2 locID: 102275219090375027 bcsId: 0,conID: 3 locID: 102275219098370420 bcsId: 0,conID: 1 locID: 102275219099615605 bcsId: 0,conID: 2 locID: 102275219100860790 bcsId: 0,conID: 3 locID: 102275219104924023 bcsId: 0,conID: 1 locID: 102275219106169208 bcsId: 0,conID: 2 locID: 102275219111805305 bcsId: 0,conID: 3 locID: 102275219115671930 bcsId: 0,conID: 1 locID: 102275219116851579 bcsId: 0,conID: 2 locID: 102275219118096764 bcsId: 0,conID: 3 locID: 102275219119276413 bcsId: 0,conID: 1 locID: 102275219120914814 bcsId: 0,conID: 2 locID: 102275219129303423 bcsId: 0,conID: 3 locID: 102275219130679680 bcsId: 0,conID: 1 locID: 102275219150471553 bcsId: 0,conID: 2 locID: 102275219151782274 bcsId: 0,conID: 3 locID: 102275219153027459 bcsId: 0,conID: 1 locID: 102275219158598020 bcsId: 0,conID: 2 locID: 102275219162333573 bcsId: 0,conID: 3 locID: 102275219163513222 bcsId: 0,conID: 1 locID: 102275219164889479 bcsId: 0,conID: 2 locID: 102275219166396808 bcsId: 0,conID: 3 locID: 102275219167576457 bcsId: 0,conID: 1 locID: 102275219178914186 bcsId: 0,conID: 2 locID: 102275219180552587 bcsId: 0,conID: 3 locID: 102275219181797772 bcsId: 0,conID: 1 locID: 102275219183042957 bcsId: 0,conID: 2 locID: 102275219184288142 bcsId: 0,conID: 3 locID: 102275219192217999 bcsId: 0,conID: 1 locID: 102275219193528720 bcsId: 0,conID: 2 locID: 102275219194773905 bcsId: 0,conID: 3 locID: 102275219196019090 bcsId: 0,conID: 1 locID: 102275219197198739 bcsId: 0,conID: 2 locID: 102275219198706068 bcsId: 0,conID: 3 locID: 102275219209912725 bcsId: 0,conID: 1 locID: 102275219211551126 bcsId: 0,conID: 2 locID: 102275219212992919 bcsId: 0,conID: 3 locID: 102275219214238104 bcsId: 0,conID: 1 locID: 102275219215548825 bcsId: 0,conID: 2 locID: 102275219222102426 bcsId: 0,conID: 3 locID: 102275219223413147 bcsId: 0,conID: 1 locID: 102275219224592796 bcsId: 0,conID: 2 locID: 102275219225837981 bcsId: 0,conID: 3 locID: 102275219227083166 bcsId: 0,conID: 1 locID: 102275219228590495 bcsId: 0,conID: 2 locID: 102275219239403936 bcsId: 0,conID: 3 locID: 102275219240714657 bcsId: 0,conID: 1 locID: 102275219242484130 bcsId: 0,conID: 2 locID: 102275219243991459 bcsId: 0,conID: 3 locID: 102275219245498788 bcsId: 0,conID: 1 locID: 102275219251200421 bcsId: 0,conID: 2 locID: 102275219252380070 bcsId: 0,conID: 3 locID: 102275219253756327 bcsId: 0,conID: 1 locID: 102275219254935976 bcsId: 0,conID: 2 locID: 102275219256181161 bcsId: 0,conID: 3 locID: 102275219279315370 bcsId: 0,conID: 1 locID: 102275219285803435 bcsId: 0,conID: 2 locID: 102275219287179692 bcsId: 0,conID: 3 locID: 102275219288555949 bcsId: 0,conID: 1 locID: 102275219289932206 bcsId: 0,conID: 2 locID: 102275219291373999 bcsId: 0,conID: 3 locID: 102275219295044016 bcsId: 0,conID: 1 locID: 102275219301728689 bcsId: 0,conID: 2 locID: 102275219304153522 bcsId: 0,conID: 3 locID: 102275219308872115 bcsId: 0,conID: 1 locID: 102275219311231412 bcsId: 0,conID: 2 locID: 102275219314966965 bcsId: 0,conID: 3 locID: 102275219320799670 bcsId: 0,conID: 1 locID: 102275219322175927 bcsId: 0,conID: 2 locID: 102275219323617720 bcsId: 0,conID: 3 locID: 102275219324993977 bcsId: 0,conID: 1 locID: 102275219326435770 bcsId: 0,conID: 2 locID: 102275219330630075 bcsId: 0,conID: 3 locID: 102275219336397244 bcsId: 0,conID: 1 locID: 102275219340657085 bcsId: 0,conID: 2 locID: 102275219342164414 bcsId: 0,conID: 3 locID: 102275219343409599 bcsId: 0,conID: 1 locID: 102275219347014080 bcsId: 0,conID: 2 locID: 102275219353043393 bcsId: 0,conID: 3 locID: 102275219354485186 bcsId: 0,conID: 1 locID: 102275219355926979 bcsId: 0,conID: 2 locID: 102275219357237700 bcsId: 0,conID: 3 locID: 102275219361235397 bcsId: 0,conID: 1 locID: 102275219362480582 bcsId: 0,conID: 2 locID: 102275219371131335 bcsId: 0,conID: 3 locID: 102275219372376520 bcsId: 0,conID: 1 locID: 102275219373949385 bcsId: 0,conID: 2 locID: 102275219375456714 bcsId: 0,conID: 3 locID: 102275219379257803 bcsId: 0,conID: 1 locID: 102275219384828364 bcsId: 0,conID: 2 locID: 102275219386008013 bcsId: 0,conID: 3 locID: 102275219387384270 bcsId: 0,conID: 1 locID: 102275219388760527 bcsId: 0,conID: 2 locID: 102275219392758224 bcsId: 0,conID: 3 locID: 102275219394200017 bcsId: 0,conID: 1 locID: 102275219416809938 bcsId: 0,conID: 2 locID: 102275219418055123 bcsId: 0,conID: 3 locID: 102275219419562452 bcsId: 0,conID: 1 locID: 102275219420873173 bcsId: 0,conID: 2 locID: 102275219424543190 bcsId: 0,conID: 3 locID: 102275219431555543 bcsId: 0,conID: 1 locID: 102275219432931800 bcsId: 0,conID: 2 locID: 102275219434373593 bcsId: 0,conID: 3 locID: 102275219435749850 bcsId: 0,conID: 1 locID: 102275219442434523 bcsId: 0,conID: 2 locID: 102275219443876316 bcsId: 0,conID: 3 locID: 102275219449577949 bcsId: 0,conID: 1 locID: 102275219451281886 bcsId: 0,conID: 2 locID: 102275219452920287 bcsId: 0,conID: 3 locID: 102275219456721376 bcsId: 0,conID: 1 locID: 102275219458294241 bcsId: 0,conID: 2 locID: 102275219464651234 bcsId: 0,conID: 3 locID: 102275219466093027 bcsId: 0,conID: 1 locID: 102275219470090724 bcsId: 0,conID: 2 locID: 102275219471794661 bcsId: 0,conID: 3 locID: 102275219475399142 bcsId: 0,conID: 1 locID: 102275219476644327 bcsId: 0,conID: 2 locID: 102275219482345960 bcsId: 0,conID: 3 locID: 102275219483591145 bcsId: 0,conID: 1 locID: 102275219484967402 bcsId: 0,conID: 2 locID: 102275219489358315 bcsId: 0,conID: 3 locID: 102275219490931180 bcsId: 0,conID: 1 locID: 102275219496763885 bcsId: 0,conID: 2 locID: 102275219500958190 bcsId: 0,conID: 3 locID: 102275219502203375 bcsId: 0,conID: 1 locID: 102275219503645168 bcsId: 0,conID: 2 locID: 102275219507446257 bcsId: 0,conID: 3 locID: 102275219508888050 bcsId: 0,conID: 1 locID: 102275219514458611 bcsId: 0,conID: 2 locID: 102275219515769332 bcsId: 0,conID: 3 locID: 102275219517211125 bcsId: 0,conID: 1 locID: 102275219534971382 bcsId: 0,conID: 2 locID: 102275219536478711 bcsId: 0,conID: 3 locID: 102275219559285240 bcsId: 0,conID: 1 locID: 102275219560530425 bcsId: 0,conID: 2 locID: 102275219561906682 bcsId: 0,conID: 3 locID: 102275219566100987 bcsId: 0,conID: 1 locID: 102275219567542780 bcsId: 0,conID: 2 locID: 102275219568853501 bcsId: 0,conID: 3 locID: 102275219574555134 bcsId: 0,conID: 1 locID: 102275219576062463 bcsId: 0,conID: 2 locID: 102275219577504256 bcsId: 0,conID: 3 locID: 102275219581698561 bcsId: 0,conID: 1 locID: 102275219583074818 bcsId: 0,conID: 2 locID: 102275219593626115 bcsId: 0,conID: 3 locID: 102275219595198980 bcsId: 0,conID: 1 locID: 102275219596640773 bcsId: 0,conID: 2 locID: 102275219600507398 bcsId: 0,conID: 3 locID: 102275219601883655 bcsId: 0,conID: 1 locID: 102275219603390984 bcsId: 0,conID: 2 locID: 102275219609158153 bcsId: 0,conID: 3 locID: 102275219610796554 bcsId: 0,conID: 1 locID: 102275219612172811 bcsId: 0,conID: 2 locID: 102275219618398732 bcsId: 0,conID: 3 locID: 102275219619709453 bcsId: 0,conID: 1 locID: 102275219625345550 bcsId: 0,conID: 2 locID: 102275219626656271 bcsId: 0,conID: 3 locID: 102275219627966992 bcsId: 0,conID: 1 locID: 102275219631637009 bcsId: 0,conID: 2 locID: 102275219633013266 bcsId: 0,conID: 3 locID: 102275219634258451 bcsId: 0,conID: 1 locID: 102275219640353300 bcsId: 0,conID: 2 locID: 102275219644482069 bcsId: 0,conID: 3 locID: 102275219648610838 bcsId: 0,conID: 1 locID: 102275219649921559 bcsId: 0,conID: 2 locID: 102275219651297816 bcsId: 0,conID: 3 locID: 102275219652870681 bcsId: 0,conID: 1 locID: 102275219658441242 bcsId: 0,conID: 2 locID: 102275219659817499 bcsId: 0,conID: 3 locID: 102275219663487516 bcsId: 0,conID: 1 locID: 102275219667485213 bcsId: 0,conID: 2 locID: 102275219670499870 bcsId: 0,conID: 3 locID: 102275219693830687 bcsId: 0,conID: 1 locID: 102275219695141408 bcsId: 0,conID: 2 locID: 102275219698942497 bcsId: 0,conID: 3 locID: 102275219700711970 bcsId: 0,conID: 1 locID: 102275219702940195 bcsId: 0,conID: 2 locID: 102275219707855396 bcsId: 0,conID: 3 locID: 102275219713425957 bcsId: 0,conID: 1 locID: 102275219714867750 bcsId: 0,conID: 2 locID: 102275219718865447 bcsId: 0,conID: 3 locID: 102275219720372776 bcsId: 0,conID: 1 locID: 102275219722207785 bcsId: 0
2019-06-15 10:53:24,518 DEBUG block.SCMBlockDeletingService (SCMBlockDeletingService.java:call(138)) - Running DeletedBlockTransactionScanner
2019-06-15 10:53:24,519 DEBUG block.SCMBlockDeletingService (SCMBlockDeletingService.java:call(155)) - Scanned deleted blocks log and got 0 delTX to process.
2019-06-15 10:53:24,619 DEBUG block.SCMBlockDeletingService (SCMBlockDeletingService.java:call(138)) - Running DeletedBlockTransactionScanner
2019-06-15 10:53:24,619 DEBUG block.SCMBlockDeletingService (SCMBlockDeletingService.java:call(155)) - Scanned deleted blocks log and got 0 delTX to process.
2019-06-15 10:53:24,719 DEBUG block.SCMBlockDeletingService (SCMBlockDeletingService.java:call(138)) - Running DeletedBlockTransactionScanner
2019-06-15 10:53:24,720 DEBUG block.SCMBlockDeletingService (SCMBlockDeletingService.java:call(155)) - Scanned deleted blocks log and got 0 delTX to process.
2019-06-15 10:53:24,820 DEBUG block.SCMBlockDeletingService (SCMBlockDeletingService.java:call(138)) - Running DeletedBlockTransactionScanner
2019-06-15 10:53:24,820 DEBUG block.SCMBlockDeletingService (SCMBlockDeletingService.java:call(155)) - Scanned deleted blocks log and got 0 delTX to process.
2019-06-15 10:53:24,920 DEBUG block.SCMBlockDeletingService (SCMBlockDeletingService.java:call(138)) - Running DeletedBlockTransactionScanner
2019-06-15 10:53:24,921 DEBUG block.SCMBlockDeletingService (SCMBlockDeletingService.java:call(155)) - Scanned deleted blocks log and got 0 delTX to process.
2019-06-15 10:53:25,021 DEBUG block.SCMBlockDeletingService (SCMBlockDeletingService.java:call(138)) - Running DeletedBlockTransactionScanner
2019-06-15 10:53:25,021 DEBUG block.SCMBlockDeletingService (SCMBlockDeletingService.java:call(155)) - Scanned deleted blocks log and got 0 delTX to process.
2019-06-15 10:53:25,121 DEBUG block.SCMBlockDeletingService (SCMBlockDeletingService.java:call(138)) - Running DeletedBlockTransactionScanner
2019-06-15 10:53:25,122 DEBUG block.SCMBlockDeletingService (SCMBlockDeletingService.java:call(155)) - Scanned deleted blocks log and got 0 delTX to process.
2019-06-15 10:53:25,222 DEBUG block.SCMBlockDeletingService (SCMBlockDeletingService.java:call(138)) - Running DeletedBlockTransactionScanner
2019-06-15 10:53:25,222 DEBUG block.SCMBlockDeletingService (SCMBlockDeletingService.java:call(155)) - Scanned deleted blocks log and got 0 delTX to process.
2019-06-15 10:53:25,322 DEBUG block.SCMBlockDeletingService (SCMBlockDeletingService.java:call(138)) - Running DeletedBlockTransactionScanner
2019-06-15 10:53:25,323 DEBUG block.SCMBlockDeletingService (SCMBlockDeletingService.java:call(155)) - Scanned deleted blocks log and got 0 delTX to process.
2019-06-15 10:53:25,423 DEBUG block.SCMBlockDeletingService (SCMBlockDeletingService.java:call(138)) - Running DeletedBlockTransactionScanner
2019-06-15 10:53:25,423 DEBUG block.SCMBlockDeletingService (SCMBlockDeletingService.java:call(155)) - Scanned deleted blocks log and got 0 delTX to process.
2019-06-15 10:53:25,523 DEBUG block.SCMBlockDeletingService (SCMBlockDeletingService.java:call(138)) - Running DeletedBlockTransactionScanner
2019-06-15 10:53:25,523 DEBUG block.SCMBlockDeletingService (SCMBlockDeletingService.java:call(155)) - Scanned deleted blocks log and got 0 delTX to process.
2019-06-15 10:53:25,624 DEBUG block.SCMBlockDeletingService (SCMBlockDeletingService.java:call(138)) - Running DeletedBlockTransactionScanner
2019-06-15 10:53:25,624 DEBUG block.SCMBlockDeletingService (SCMBlockDeletingService.java:call(155)) - Scanned deleted blocks log and got 0 delTX to process.
2019-06-15 10:53:25,724 DEBUG block.SCMBlockDeletingService (SCMBlockDeletingService.java:call(138)) - Running DeletedBlockTransactionScanner
2019-06-15 10:53:25,724 DEBUG block.SCMBlockDeletingService (SCMBlockDeletingService.java:call(155)) - Scanned deleted blocks log and got 0 delTX to process.
2019-06-15 10:53:25,824 DEBUG block.SCMBlockDeletingService (SCMBlockDeletingService.java:call(138)) - Running DeletedBlockTransactionScanner
2019-06-15 10:53:25,825 DEBUG block.SCMBlockDeletingService (SCMBlockDeletingService.java:call(155)) - Scanned deleted blocks log and got 0 delTX to process.
2019-06-15 10:53:25,925 DEBUG block.SCMBlockDeletingService (SCMBlockDeletingService.java:call(138)) - Running DeletedBlockTransactionScanner
2019-06-15 10:53:25,925 DEBUG block.SCMBlockDeletingService (SCMBlockDeletingService.java:call(155)) - Scanned deleted blocks log and got 0 delTX to process.
2019-06-15 10:53:26,025 DEBUG block.SCMBlockDeletingService (SCMBlockDeletingService.java:call(138)) - Running DeletedBlockTransactionScanner
2019-06-15 10:53:26,026 DEBUG block.SCMBlockDeletingService (SCMBlockDeletingService.java:call(155)) - Scanned deleted blocks log and got 0 delTX to process.
2019-06-15 10:53:26,126 DEBUG block.SCMBlockDeletingService (SCMBlockDeletingService.java:call(138)) - Running DeletedBlockTransactionScanner
2019-06-15 10:53:26,126 DEBUG block.SCMBlockDeletingService (SCMBlockDeletingService.java:call(155)) - Scanned deleted blocks log and got 0 delTX to process.
2019-06-15 10:53:26,226 DEBUG block.SCMBlockDeletingService (SCMBlockDeletingService.java:call(138)) - Running DeletedBlockTransactionScanner
2019-06-15 10:53:26,227 DEBUG block.SCMBlockDeletingService (SCMBlockDeletingService.java:call(155)) - Scanned deleted blocks log and got 0 delTX to process.
2019-06-15 10:53:26,327 DEBUG block.SCMBlockDeletingService (SCMBlockDeletingService.java:call(138)) - Running DeletedBlockTransactionScanner
2019-06-15 10:53:26,327 DEBUG block.SCMBlockDeletingService (SCMBlockDeletingService.java:call(155)) - Scanned deleted blocks log and got 0 delTX to process.
2019-06-15 10:53:26,427 DEBUG block.SCMBlockDeletingService (SCMBlockDeletingService.java:call(138)) - Running DeletedBlockTransactionScanner
2019-06-15 10:53:26,428 DEBUG block.SCMBlockDeletingService (SCMBlockDeletingService.java:call(155)) - Scanned deleted blocks log and got 0 delTX to process.
2019-06-15 10:53:26,528 DEBUG block.SCMBlockDeletingService (SCMBlockDeletingService.java:call(138)) - Running DeletedBlockTransactionScanner
2019-06-15 10:53:26,528 DEBUG block.SCMBlockDeletingService (SCMBlockDeletingService.java:call(155)) - Scanned deleted blocks log and got 0 delTX to process.
2019-06-15 10:53:26,628 DEBUG block.SCMBlockDeletingService (SCMBlockDeletingService.java:call(138)) - Running DeletedBlockTransactionScanner
2019-06-15 10:53:26,628 DEBUG block.SCMBlockDeletingService (SCMBlockDeletingService.java:call(155)) - Scanned deleted blocks log and got 0 delTX to process.
2019-06-15 10:53:26,729 DEBUG block.SCMBlockDeletingService (SCMBlockDeletingService.java:call(138)) - Running DeletedBlockTransactionScanner
2019-06-15 10:53:26,729 DEBUG block.SCMBlockDeletingService (SCMBlockDeletingService.java:call(155)) - Scanned deleted blocks log and got 0 delTX to process.
2019-06-15 10:53:26,829 DEBUG block.SCMBlockDeletingService (SCMBlockDeletingService.java:call(138)) - Running DeletedBlockTransactionScanner
2019-06-15 10:53:26,829 DEBUG block.SCMBlockDeletingService (SCMBlockDeletingService.java:call(155)) - Scanned deleted blocks log and got 0 delTX to process.
2019-06-15 10:53:26,929 DEBUG block.SCMBlockDeletingService (SCMBlockDeletingService.java:call(138)) - Running DeletedBlockTransactionScanner
2019-06-15 10:53:26,930 DEBUG block.SCMBlockDeletingService (SCMBlockDeletingService.java:call(155)) - Scanned deleted blocks log and got 0 delTX to process.
2019-06-15 10:53:27,030 DEBUG block.SCMBlockDeletingService (SCMBlockDeletingService.java:call(138)) - Running DeletedBlockTransactionScanner
2019-06-15 10:53:27,030 DEBUG block.SCMBlockDeletingService (SCMBlockDeletingService.java:call(155)) - Scanned deleted blocks log and got 0 delTX to process.
2019-06-15 10:53:27,130 DEBUG block.SCMBlockDeletingService (SCMBlockDeletingService.java:call(138)) - Running DeletedBlockTransactionScanner
2019-06-15 10:53:27,131 DEBUG block.SCMBlockDeletingService (SCMBlockDeletingService.java:call(155)) - Scanned deleted blocks log and got 0 delTX to process.
2019-06-15 10:53:27,231 DEBUG block.SCMBlockDeletingService (SCMBlockDeletingService.java:call(138)) - Running DeletedBlockTransactionScanner
2019-06-15 10:53:27,231 DEBUG block.SCMBlockDeletingService (SCMBlockDeletingService.java:call(155)) - Scanned deleted blocks log and got 0 delTX to process.
2019-06-15 10:53:27,331 DEBUG block.SCMBlockDeletingService (SCMBlockDeletingService.java:call(138)) - Running DeletedBlockTransactionScanner
2019-06-15 10:53:27,332 DEBUG block.SCMBlockDeletingService (SCMBlockDeletingService.java:call(155)) - Scanned deleted blocks log and got 0 delTX to process.
2019-06-15 10:53:27,432 DEBUG block.SCMBlockDeletingService (SCMBlockDeletingService.java:call(138)) - Running DeletedBlockTransactionScanner
2019-06-15 10:53:27,432 DEBUG block.SCMBlockDeletingService (SCMBlockDeletingService.java:call(155)) - Scanned deleted blocks log and got 0 delTX to process.
2019-06-15 10:53:27,532 DEBUG block.SCMBlockDeletingService (SCMBlockDeletingService.java:call(138)) - Running DeletedBlockTransactionScanner
2019-06-15 10:53:27,533 DEBUG block.SCMBlockDeletingService (SCMBlockDeletingService.java:call(155)) - Scanned deleted blocks log and got 0 delTX to process.
2019-06-15 10:53:27,633 DEBUG block.SCMBlockDeletingService (SCMBlockDeletingService.java:call(138)) - Running DeletedBlockTransactionScanner
2019-06-15 10:53:27,633 DEBUG block.SCMBlockDeletingService (SCMBlockDeletingService.java:call(155)) - Scanned deleted blocks log and got 0 delTX to process.
2019-06-15 10:53:27,733 DEBUG block.SCMBlockDeletingService (SCMBlockDeletingService.java:call(138)) - Running DeletedBlockTransactionScanner
2019-06-15 10:53:27,734 DEBUG block.SCMBlockDeletingService (SCMBlockDeletingService.java:call(155)) - Scanned deleted blocks log and got 0 delTX to process.
2019-06-15 10:53:27,834 DEBUG block.SCMBlockDeletingService (SCMBlockDeletingService.java:call(138)) - Running DeletedBlockTransactionScanner
2019-06-15 10:53:27,834 DEBUG block.SCMBlockDeletingService (SCMBlockDeletingService.java:call(155)) - Scanned deleted blocks log and got 0 delTX to process.
2019-06-15 10:53:27,934 DEBUG block.SCMBlockDeletingService (SCMBlockDeletingService.java:call(138)) - Running DeletedBlockTransactionScanner
2019-06-15 10:53:27,935 DEBUG block.SCMBlockDeletingService (SCMBlockDeletingService.java:call(155)) - Scanned deleted blocks log and got 0 delTX to process.
2019-06-15 10:53:28,035 DEBUG block.SCMBlockDeletingService (SCMBlockDeletingService.java:call(138)) - Running DeletedBlockTransactionScanner
2019-06-15 10:53:28,035 DEBUG block.SCMBlockDeletingService (SCMBlockDeletingService.java:call(155)) - Scanned deleted blocks log and got 0 delTX to process.
2019-06-15 10:53:28,135 DEBUG block.SCMBlockDeletingService (SCMBlockDeletingService.java:call(138)) - Running DeletedBlockTransactionScanner
2019-06-15 10:53:28,135 DEBUG block.SCMBlockDeletingService (SCMBlockDeletingService.java:call(155)) - Scanned deleted blocks log and got 0 delTX to process.
2019-06-15 10:53:28,235 DEBUG block.SCMBlockDeletingService (SCMBlockDeletingService.java:call(138)) - Running DeletedBlockTransactionScanner
2019-06-15 10:53:28,236 DEBUG block.SCMBlockDeletingService (SCMBlockDeletingService.java:call(155)) - Scanned deleted blocks log and got 0 delTX to process.
2019-06-15 10:53:28,336 DEBUG block.SCMBlockDeletingService (SCMBlockDeletingService.java:call(138)) - Running DeletedBlockTransactionScanner
2019-06-15 10:53:28,336 DEBUG block.SCMBlockDeletingService (SCMBlockDeletingService.java:call(155)) - Scanned deleted blocks log and got 0 delTX to process.
2019-06-15 10:53:28,436 DEBUG block.SCMBlockDeletingService (SCMBlockDeletingService.java:call(138)) - Running DeletedBlockTransactionScanner
2019-06-15 10:53:28,437 DEBUG block.SCMBlockDeletingService (SCMBlockDeletingService.java:call(155)) - Scanned deleted blocks log and got 0 delTX to process.
2019-06-15 10:53:28,537 DEBUG block.SCMBlockDeletingService (SCMBlockDeletingService.java:call(138)) - Running DeletedBlockTransactionScanner
2019-06-15 10:53:28,537 DEBUG block.SCMBlockDeletingService (SCMBlockDeletingService.java:call(155)) - Scanned deleted blocks log and got 0 delTX to process.
2019-06-15 10:53:28,637 DEBUG block.SCMBlockDeletingService (SCMBlockDeletingService.java:call(138)) - Running DeletedBlockTransactionScanner
2019-06-15 10:53:28,637 DEBUG block.SCMBlockDeletingService (SCMBlockDeletingService.java:call(155)) - Scanned deleted blocks log and got 0 delTX to process.
2019-06-15 10:53:28,738 DEBUG block.SCMBlockDeletingService (SCMBlockDeletingService.java:call(138)) - Running DeletedBlockTransactionScanner
2019-06-15 10:53:28,738 DEBUG block.SCMBlockDeletingService (SCMBlockDeletingService.java:call(155)) - Scanned deleted blocks log and got 0 delTX to process.
2019-06-15 10:53:28,838 DEBUG block.SCMBlockDeletingService (SCMBlockDeletingService.java:call(138)) - Running DeletedBlockTransactionScanner
2019-06-15 10:53:28,838 DEBUG block.SCMBlockDeletingService (SCMBlockDeletingService.java:call(155)) - Scanned deleted blocks log and got 0 delTX to process.
2019-06-15 10:53:28,938 DEBUG block.SCMBlockDeletingService (SCMBlockDeletingService.java:call(138)) - Running DeletedBlockTransactionScanner
2019-06-15 10:53:28,939 DEBUG block.SCMBlockDeletingService (SCMBlockDeletingService.java:call(155)) - Scanned deleted blocks log and got 0 delTX to process.
2019-06-15 10:53:29,039 DEBUG block.SCMBlockDeletingService (SCMBlockDeletingService.java:call(138)) - Running DeletedBlockTransactionScanner
2019-06-15 10:53:29,039 DEBUG block.SCMBlockDeletingService (SCMBlockDeletingService.java:call(155)) - Scanned deleted blocks log and got 0 delTX to process.
2019-06-15 10:53:29,139 DEBUG block.SCMBlockDeletingService (SCMBlockDeletingService.java:call(138)) - Running DeletedBlockTransactionScanner
2019-06-15 10:53:29,139 DEBUG block.SCMBlockDeletingService (SCMBlockDeletingService.java:call(155)) - Scanned deleted blocks log and got 0 delTX to process.
2019-06-15 10:53:29,240 DEBUG block.SCMBlockDeletingService (SCMBlockDeletingService.java:call(138)) - Running DeletedBlockTransactionScanner
2019-06-15 10:53:29,240 DEBUG block.SCMBlockDeletingService (SCMBlockDeletingService.java:call(155)) - Scanned deleted blocks log and got 0 delTX to process.
2019-06-15 10:53:29,337 INFO  datanode.ObjectStoreHandler (ObjectStoreHandler.java:close(155)) - Closing ObjectStoreHandler.
2019-06-15 10:53:29,337 INFO  ozone.HddsDatanodeService (HddsDatanodeService.java:stop(452)) - Stopped plug-in org.apache.hadoop.ozone.web.OzoneHddsDatanodeService@75fe1619
2019-06-15 10:53:29,338 INFO  statemachine.DatanodeStateMachine (DatanodeStateMachine.java:lambda$startDaemon$0(350)) - Ozone container server started.
2019-06-15 10:53:29,339 INFO  ozoneimpl.OzoneContainer (OzoneContainer.java:stop(199)) - Attempting to stop container services.
2019-06-15 10:53:29,339 INFO  impl.RaftServerProxy (RaftServerProxy.java:lambda$close$4(314)) - 325d518f-bf0d-428a-814f-266b27e759e4: close
2019-06-15 10:53:29,340 DEBUG block.SCMBlockDeletingService (SCMBlockDeletingService.java:call(138)) - Running DeletedBlockTransactionScanner
2019-06-15 10:53:29,340 INFO  impl.RaftServerImpl (RaftServerImpl.java:lambda$shutdown$3(238)) - 325d518f-bf0d-428a-814f-266b27e759e4: shutdown group-9696F0872FC0
2019-06-15 10:53:29,341 INFO  util.JmxRegister (JmxRegister.java:unregister(73)) - Successfully un-registered JMX Bean with object name Ratis:service=RaftServer,group=group-9696F0872FC0,id=325d518f-bf0d-428a-814f-266b27e759e4
2019-06-15 10:53:29,341 INFO  impl.RoleInfo (RoleInfo.java:shutdownLeaderState(104)) - 325d518f-bf0d-428a-814f-266b27e759e4: shutdown LeaderState
2019-06-15 10:53:29,342 INFO  impl.PendingRequests (PendingRequests.java:sendNotLeaderResponses(140)) - 325d518f-bf0d-428a-814f-266b27e759e4-PendingRequests: sendNotLeaderResponses
2019-06-15 10:53:29,342 DEBUG block.SCMBlockDeletingService (SCMBlockDeletingService.java:call(155)) - Scanned deleted blocks log and got 3 delTX to process.
2019-06-15 10:53:29,346 INFO  impl.StateMachineUpdater (StateMachineUpdater.java:stopAndJoin(109)) - StateMachineUpdater-325d518f-bf0d-428a-814f-266b27e759e4-group-9696F0872FC0: set stopIndex = 7223
2019-06-15 10:53:29,346 INFO  ratis.ContainerStateMachine (ContainerStateMachine.java:takeSnapshot(245)) - Taking snapshot at termIndex:(t:1, i:7222)
2019-06-15 10:53:29,346 INFO  ratis.ContainerStateMachine (ContainerStateMachine.java:takeSnapshot(249)) - Taking a snapshot to file /opt/src/hadoop-ozone/integration-test/target/test-dir/MiniOzoneClusterImpl-dd99cefe-9779-4043-9d74-181b69d2a827/datanode-0/data/ratis/e0f1d9ef-e225-4b24-a786-9696f0872fc0/sm/snapshot.1_7222
2019-06-15 10:53:29,348 DEBUG block.SCMBlockDeletingService (SCMBlockDeletingService.java:call(171)) - Added delete block command for datanode 325d518f-bf0d-428a-814f-266b27e759e4 in the queue, number of delete block transactions: 3, TxID list: 1,2,3
2019-06-15 10:53:29,349 INFO  block.SCMBlockDeletingService (SCMBlockDeletingService.java:call(182)) - Totally added 3 delete blocks command for 1 datanodes, task elapsed time: 9ms
2019-06-15 10:53:29,354 INFO  impl.RaftServerImpl (ServerState.java:close(394)) - 325d518f-bf0d-428a-814f-266b27e759e4:group-9696F0872FC0 closes. The last applied log index is 7223
2019-06-15 10:53:29,357 INFO  storage.RaftLogWorker (RaftLogWorker.java:close(168)) - 325d518f-bf0d-428a-814f-266b27e759e4-RaftLogWorker close()
2019-06-15 10:53:29,358 INFO  server.GrpcService (GrpcService.java:closeImpl(154)) - 325d518f-bf0d-428a-814f-266b27e759e4: shutdown server with port 37167 now
2019-06-15 10:53:29,360 INFO  server.GrpcService (GrpcService.java:closeImpl(162)) - 325d518f-bf0d-428a-814f-266b27e759e4: shutdown server with port 37167 successfully
2019-06-15 10:53:29,365 WARN  fs.CachingGetSpaceUsed (CachingGetSpaceUsed.java:run(183)) - Thread Interrupted waiting to refresh disk information: sleep interrupted
2019-06-15 10:53:29,375 INFO  statemachine.DatanodeStateMachine (DatanodeStateMachine.java:stopDaemon(395)) - Ozone container server stopped.
2019-06-15 10:53:29,378 INFO  handler.ContextHandler (ContextHandler.java:doStop(910)) - Stopped o.e.j.w.WebAppContext@3a08078c{/,null,UNAVAILABLE}{/hddsDatanode}
2019-06-15 10:53:29,381 INFO  server.AbstractConnector (AbstractConnector.java:doStop(318)) - Stopped ServerConnector@53830483{HTTP/1.1,[http/1.1]}{0.0.0.0:0}
2019-06-15 10:53:29,381 INFO  handler.ContextHandler (ContextHandler.java:doStop(910)) - Stopped o.e.j.s.ServletContextHandler@76db540e{/static,jar:file:/home/user/.m2/repository/org/apache/hadoop/hadoop-hdds-container-service/0.5.0-SNAPSHOT/hadoop-hdds-container-service-0.5.0-SNAPSHOT.jar!/webapps/static,UNAVAILABLE}
2019-06-15 10:53:29,382 INFO  handler.ContextHandler (ContextHandler.java:doStop(910)) - Stopped o.e.j.s.ServletContextHandler@16c587de{/logs,file:///opt/src/hadoop-ozone/integration-test/target/log,UNAVAILABLE}
2019-06-15 10:53:29,449 DEBUG block.SCMBlockDeletingService (SCMBlockDeletingService.java:call(138)) - Running DeletedBlockTransactionScanner
2019-06-15 10:53:29,450 DEBUG block.SCMBlockDeletingService (SCMBlockDeletingService.java:call(155)) - Scanned deleted blocks log and got 3 delTX to process.
2019-06-15 10:53:29,450 DEBUG block.SCMBlockDeletingService (SCMBlockDeletingService.java:call(171)) - Added delete block command for datanode 325d518f-bf0d-428a-814f-266b27e759e4 in the queue, number of delete block transactions: 3, TxID list: 1,2,3
2019-06-15 10:53:29,450 INFO  block.SCMBlockDeletingService (SCMBlockDeletingService.java:call(182)) - Totally added 3 delete blocks command for 1 datanodes, task elapsed time: 1ms
2019-06-15 10:53:29,550 DEBUG block.SCMBlockDeletingService (SCMBlockDeletingService.java:call(138)) - Running DeletedBlockTransactionScanner
2019-06-15 10:53:29,551 DEBUG block.SCMBlockDeletingService (SCMBlockDeletingService.java:call(155)) - Scanned deleted blocks log and got 3 delTX to process.
2019-06-15 10:53:29,551 DEBUG block.SCMBlockDeletingService (SCMBlockDeletingService.java:call(171)) - Added delete block command for datanode 325d518f-bf0d-428a-814f-266b27e759e4 in the queue, number of delete block transactions: 3, TxID list: 1,2,3
2019-06-15 10:53:29,551 INFO  block.SCMBlockDeletingService (SCMBlockDeletingService.java:call(182)) - Totally added 3 delete blocks command for 1 datanodes, task elapsed time: 1ms
2019-06-15 10:53:29,651 DEBUG block.SCMBlockDeletingService (SCMBlockDeletingService.java:call(138)) - Running DeletedBlockTransactionScanner
2019-06-15 10:53:29,652 DEBUG block.SCMBlockDeletingService (SCMBlockDeletingService.java:call(155)) - Scanned deleted blocks log and got 3 delTX to process.
2019-06-15 10:53:29,652 DEBUG block.SCMBlockDeletingService (SCMBlockDeletingService.java:call(171)) - Added delete block command for datanode 325d518f-bf0d-428a-814f-266b27e759e4 in the queue, number of delete block transactions: 3, TxID list: 1,2,3
2019-06-15 10:53:29,652 INFO  block.SCMBlockDeletingService (SCMBlockDeletingService.java:call(182)) - Totally added 3 delete blocks command for 1 datanodes, task elapsed time: 1ms
2019-06-15 10:53:29,752 DEBUG block.SCMBlockDeletingService (SCMBlockDeletingService.java:call(138)) - Running DeletedBlockTransactionScanner
2019-06-15 10:53:29,752 DEBUG block.SCMBlockDeletingService (SCMBlockDeletingService.java:call(155)) - Scanned deleted blocks log and got 3 delTX to process.
2019-06-15 10:53:29,753 DEBUG block.SCMBlockDeletingService (SCMBlockDeletingService.java:call(171)) - Added delete block command for datanode 325d518f-bf0d-428a-814f-266b27e759e4 in the queue, number of delete block transactions: 3, TxID list: 1,2,3
2019-06-15 10:53:29,753 INFO  block.SCMBlockDeletingService (SCMBlockDeletingService.java:call(182)) - Totally added 3 delete blocks command for 1 datanodes, task elapsed time: 1ms
2019-06-15 10:53:29,853 DEBUG block.SCMBlockDeletingService (SCMBlockDeletingService.java:call(138)) - Running DeletedBlockTransactionScanner
2019-06-15 10:53:29,853 DEBUG block.SCMBlockDeletingService (SCMBlockDeletingService.java:call(155)) - Scanned deleted blocks log and got 3 delTX to process.
2019-06-15 10:53:29,853 DEBUG block.SCMBlockDeletingService (SCMBlockDeletingService.java:call(171)) - Added delete block command for datanode 325d518f-bf0d-428a-814f-266b27e759e4 in the queue, number of delete block transactions: 3, TxID list: 1,2,3
2019-06-15 10:53:29,854 INFO  block.SCMBlockDeletingService (SCMBlockDeletingService.java:call(182)) - Totally added 3 delete blocks command for 1 datanodes, task elapsed time: 0ms
2019-06-15 10:53:29,954 DEBUG block.SCMBlockDeletingService (SCMBlockDeletingService.java:call(138)) - Running DeletedBlockTransactionScanner
2019-06-15 10:53:29,954 DEBUG block.SCMBlockDeletingService (SCMBlockDeletingService.java:call(155)) - Scanned deleted blocks log and got 3 delTX to process.
2019-06-15 10:53:29,954 DEBUG block.SCMBlockDeletingService (SCMBlockDeletingService.java:call(171)) - Added delete block command for datanode 325d518f-bf0d-428a-814f-266b27e759e4 in the queue, number of delete block transactions: 3, TxID list: 1,2,3
2019-06-15 10:53:29,955 INFO  block.SCMBlockDeletingService (SCMBlockDeletingService.java:call(182)) - Totally added 3 delete blocks command for 1 datanodes, task elapsed time: 0ms
2019-06-15 10:53:30,055 DEBUG block.SCMBlockDeletingService (SCMBlockDeletingService.java:call(138)) - Running DeletedBlockTransactionScanner
2019-06-15 10:53:30,055 DEBUG block.SCMBlockDeletingService (SCMBlockDeletingService.java:call(155)) - Scanned deleted blocks log and got 3 delTX to process.
2019-06-15 10:53:30,055 DEBUG block.SCMBlockDeletingService (SCMBlockDeletingService.java:call(171)) - Added delete block command for datanode 325d518f-bf0d-428a-814f-266b27e759e4 in the queue, number of delete block transactions: 3, TxID list: 1,2,3
2019-06-15 10:53:30,056 INFO  block.SCMBlockDeletingService (SCMBlockDeletingService.java:call(182)) - Totally added 3 delete blocks command for 1 datanodes, task elapsed time: 0ms
2019-06-15 10:53:30,156 DEBUG block.SCMBlockDeletingService (SCMBlockDeletingService.java:call(138)) - Running DeletedBlockTransactionScanner
2019-06-15 10:53:30,156 DEBUG block.SCMBlockDeletingService (SCMBlockDeletingService.java:call(155)) - Scanned deleted blocks log and got 3 delTX to process.
2019-06-15 10:53:30,156 DEBUG block.SCMBlockDeletingService (SCMBlockDeletingService.java:call(171)) - Added delete block command for datanode 325d518f-bf0d-428a-814f-266b27e759e4 in the queue, number of delete block transactions: 3, TxID list: 1,2,3
2019-06-15 10:53:30,156 INFO  block.SCMBlockDeletingService (SCMBlockDeletingService.java:call(182)) - Totally added 3 delete blocks command for 1 datanodes, task elapsed time: 1ms
2019-06-15 10:53:30,257 DEBUG block.SCMBlockDeletingService (SCMBlockDeletingService.java:call(138)) - Running DeletedBlockTransactionScanner
2019-06-15 10:53:30,257 DEBUG block.SCMBlockDeletingService (SCMBlockDeletingService.java:call(155)) - Scanned deleted blocks log and got 3 delTX to process.
2019-06-15 10:53:30,257 DEBUG block.SCMBlockDeletingService (SCMBlockDeletingService.java:call(171)) - Added delete block command for datanode 325d518f-bf0d-428a-814f-266b27e759e4 in the queue, number of delete block transactions: 3, TxID list: 1,2,3
2019-06-15 10:53:30,257 INFO  block.SCMBlockDeletingService (SCMBlockDeletingService.java:call(182)) - Totally added 3 delete blocks command for 1 datanodes, task elapsed time: 1ms
2019-06-15 10:53:30,349 INFO  commands.RetriableDatanodeEventWatcher (RetriableDatanodeEventWatcher.java:onTimeout(47)) - RetriableDatanodeCommand type=deleteBlocksCommand with id=1560596009348 timed out. Retrying.
2019-06-15 10:53:30,357 DEBUG block.SCMBlockDeletingService (SCMBlockDeletingService.java:call(138)) - Running DeletedBlockTransactionScanner
2019-06-15 10:53:30,358 DEBUG block.SCMBlockDeletingService (SCMBlockDeletingService.java:call(155)) - Scanned deleted blocks log and got 3 delTX to process.
2019-06-15 10:53:30,358 DEBUG block.SCMBlockDeletingService (SCMBlockDeletingService.java:call(171)) - Added delete block command for datanode 325d518f-bf0d-428a-814f-266b27e759e4 in the queue, number of delete block transactions: 3, TxID list: 1,2,3
2019-06-15 10:53:30,358 INFO  block.SCMBlockDeletingService (SCMBlockDeletingService.java:call(182)) - Totally added 3 delete blocks command for 1 datanodes, task elapsed time: 1ms
2019-06-15 10:53:30,383 INFO  ozone.MiniOzoneClusterImpl (MiniOzoneClusterImpl.java:lambda$waitForClusterToBeReady$0(142)) - Waiting for cluster to be ready. Got 1 of 0 DN Heartbeats.
2019-06-15 10:53:30,449 INFO  commands.RetriableDatanodeEventWatcher (RetriableDatanodeEventWatcher.java:onTimeout(47)) - RetriableDatanodeCommand type=deleteBlocksCommand with id=1560596009349 timed out. Retrying.
2019-06-15 10:53:30,458 DEBUG block.SCMBlockDeletingService (SCMBlockDeletingService.java:call(138)) - Running DeletedBlockTransactionScanner
2019-06-15 10:53:30,459 DEBUG block.SCMBlockDeletingService (SCMBlockDeletingService.java:call(155)) - Scanned deleted blocks log and got 3 delTX to process.
2019-06-15 10:53:30,459 DEBUG block.SCMBlockDeletingService (SCMBlockDeletingService.java:call(171)) - Added delete block command for datanode 325d518f-bf0d-428a-814f-266b27e759e4 in the queue, number of delete block transactions: 3, TxID list: 1,2,3
2019-06-15 10:53:30,459 INFO  block.SCMBlockDeletingService (SCMBlockDeletingService.java:call(182)) - Totally added 3 delete blocks command for 1 datanodes, task elapsed time: 1ms
2019-06-15 10:53:30,551 INFO  commands.RetriableDatanodeEventWatcher (RetriableDatanodeEventWatcher.java:onTimeout(47)) - RetriableDatanodeCommand type=deleteBlocksCommand with id=1560596009350 timed out. Retrying.
2019-06-15 10:53:30,559 DEBUG block.SCMBlockDeletingService (SCMBlockDeletingService.java:call(138)) - Running DeletedBlockTransactionScanner
2019-06-15 10:53:30,559 DEBUG block.SCMBlockDeletingService (SCMBlockDeletingService.java:call(155)) - Scanned deleted blocks log and got 3 delTX to process.
2019-06-15 10:53:30,559 DEBUG block.SCMBlockDeletingService (SCMBlockDeletingService.java:call(171)) - Added delete block command for datanode 325d518f-bf0d-428a-814f-266b27e759e4 in the queue, number of delete block transactions: 3, TxID list: 1,2,3
2019-06-15 10:53:30,560 INFO  block.SCMBlockDeletingService (SCMBlockDeletingService.java:call(182)) - Totally added 3 delete blocks command for 1 datanodes, task elapsed time: 0ms
2019-06-15 10:53:30,652 INFO  commands.RetriableDatanodeEventWatcher (RetriableDatanodeEventWatcher.java:onTimeout(47)) - RetriableDatanodeCommand type=deleteBlocksCommand with id=1560596009351 timed out. Retrying.
2019-06-15 10:53:30,660 DEBUG block.SCMBlockDeletingService (SCMBlockDeletingService.java:call(138)) - Running DeletedBlockTransactionScanner
2019-06-15 10:53:30,660 DEBUG block.SCMBlockDeletingService (SCMBlockDeletingService.java:call(155)) - Scanned deleted blocks log and got 3 delTX to process.
2019-06-15 10:53:30,660 DEBUG block.SCMBlockDeletingService (SCMBlockDeletingService.java:call(171)) - Added delete block command for datanode 325d518f-bf0d-428a-814f-266b27e759e4 in the queue, number of delete block transactions: 3, TxID list: 1,2,3
2019-06-15 10:53:30,660 INFO  block.SCMBlockDeletingService (SCMBlockDeletingService.java:call(182)) - Totally added 3 delete blocks command for 1 datanodes, task elapsed time: 0ms
2019-06-15 10:53:30,752 INFO  commands.RetriableDatanodeEventWatcher (RetriableDatanodeEventWatcher.java:onTimeout(47)) - RetriableDatanodeCommand type=deleteBlocksCommand with id=1560596009352 timed out. Retrying.
2019-06-15 10:53:30,761 DEBUG block.SCMBlockDeletingService (SCMBlockDeletingService.java:call(138)) - Running DeletedBlockTransactionScanner
2019-06-15 10:53:30,761 DEBUG block.SCMBlockDeletingService (SCMBlockDeletingService.java:call(155)) - Scanned deleted blocks log and got 3 delTX to process.
2019-06-15 10:53:30,761 DEBUG block.SCMBlockDeletingService (SCMBlockDeletingService.java:call(171)) - Added delete block command for datanode 325d518f-bf0d-428a-814f-266b27e759e4 in the queue, number of delete block transactions: 3, TxID list: 1,2,3
2019-06-15 10:53:30,761 INFO  block.SCMBlockDeletingService (SCMBlockDeletingService.java:call(182)) - Totally added 3 delete blocks command for 1 datanodes, task elapsed time: 1ms
2019-06-15 10:53:30,853 INFO  commands.RetriableDatanodeEventWatcher (RetriableDatanodeEventWatcher.java:onTimeout(47)) - RetriableDatanodeCommand type=deleteBlocksCommand with id=1560596009353 timed out. Retrying.
2019-06-15 10:53:30,861 DEBUG block.SCMBlockDeletingService (SCMBlockDeletingService.java:call(138)) - Running DeletedBlockTransactionScanner
2019-06-15 10:53:30,862 DEBUG block.SCMBlockDeletingService (SCMBlockDeletingService.java:call(155)) - Scanned deleted blocks log and got 3 delTX to process.
2019-06-15 10:53:30,862 DEBUG block.SCMBlockDeletingService (SCMBlockDeletingService.java:call(171)) - Added delete block command for datanode 325d518f-bf0d-428a-814f-266b27e759e4 in the queue, number of delete block transactions: 3, TxID list: 1,2,3
2019-06-15 10:53:30,862 INFO  block.SCMBlockDeletingService (SCMBlockDeletingService.java:call(182)) - Totally added 3 delete blocks command for 1 datanodes, task elapsed time: 1ms
2019-06-15 10:53:30,954 INFO  commands.RetriableDatanodeEventWatcher (RetriableDatanodeEventWatcher.java:onTimeout(47)) - RetriableDatanodeCommand type=deleteBlocksCommand with id=1560596009354 timed out. Retrying.
2019-06-15 10:53:30,962 DEBUG block.SCMBlockDeletingService (SCMBlockDeletingService.java:call(138)) - Running DeletedBlockTransactionScanner
2019-06-15 10:53:30,963 DEBUG block.SCMBlockDeletingService (SCMBlockDeletingService.java:call(155)) - Scanned deleted blocks log and got 3 delTX to process.
2019-06-15 10:53:30,963 DEBUG block.SCMBlockDeletingService (SCMBlockDeletingService.java:call(171)) - Added delete block command for datanode 325d518f-bf0d-428a-814f-266b27e759e4 in the queue, number of delete block transactions: 3, TxID list: 1,2,3
2019-06-15 10:53:30,963 INFO  block.SCMBlockDeletingService (SCMBlockDeletingService.java:call(182)) - Totally added 3 delete blocks command for 1 datanodes, task elapsed time: 1ms
2019-06-15 10:53:31,055 INFO  commands.RetriableDatanodeEventWatcher (RetriableDatanodeEventWatcher.java:onTimeout(47)) - RetriableDatanodeCommand type=deleteBlocksCommand with id=1560596009355 timed out. Retrying.
2019-06-15 10:53:31,063 DEBUG block.SCMBlockDeletingService (SCMBlockDeletingService.java:call(138)) - Running DeletedBlockTransactionScanner
2019-06-15 10:53:31,063 DEBUG block.SCMBlockDeletingService (SCMBlockDeletingService.java:call(155)) - Scanned deleted blocks log and got 3 delTX to process.
2019-06-15 10:53:31,064 DEBUG block.SCMBlockDeletingService (SCMBlockDeletingService.java:call(171)) - Added delete block command for datanode 325d518f-bf0d-428a-814f-266b27e759e4 in the queue, number of delete block transactions: 3, TxID list: 1,2,3
2019-06-15 10:53:31,064 INFO  block.SCMBlockDeletingService (SCMBlockDeletingService.java:call(182)) - Totally added 3 delete blocks command for 1 datanodes, task elapsed time: 1ms
2019-06-15 10:53:31,157 INFO  commands.RetriableDatanodeEventWatcher (RetriableDatanodeEventWatcher.java:onTimeout(47)) - RetriableDatanodeCommand type=deleteBlocksCommand with id=1560596009356 timed out. Retrying.
2019-06-15 10:53:31,164 DEBUG block.SCMBlockDeletingService (SCMBlockDeletingService.java:call(138)) - Running DeletedBlockTransactionScanner
2019-06-15 10:53:31,164 DEBUG block.SCMBlockDeletingService (SCMBlockDeletingService.java:call(155)) - Scanned deleted blocks log and got 3 delTX to process.
2019-06-15 10:53:31,164 DEBUG block.SCMBlockDeletingService (SCMBlockDeletingService.java:call(171)) - Added delete block command for datanode 325d518f-bf0d-428a-814f-266b27e759e4 in the queue, number of delete block transactions: 3, TxID list: 1,2,3
2019-06-15 10:53:31,183 INFO  block.SCMBlockDeletingService (SCMBlockDeletingService.java:call(182)) - Totally added 3 delete blocks command for 1 datanodes, task elapsed time: 19ms
2019-06-15 10:53:31,258 INFO  commands.RetriableDatanodeEventWatcher (RetriableDatanodeEventWatcher.java:onTimeout(47)) - RetriableDatanodeCommand type=deleteBlocksCommand with id=1560596009357 timed out. Retrying.
2019-06-15 10:53:31,283 DEBUG block.SCMBlockDeletingService (SCMBlockDeletingService.java:call(138)) - Running DeletedBlockTransactionScanner
2019-06-15 10:53:31,284 DEBUG block.SCMBlockDeletingService (SCMBlockDeletingService.java:call(155)) - Scanned deleted blocks log and got 3 delTX to process.
2019-06-15 10:53:31,284 DEBUG block.SCMBlockDeletingService (SCMBlockDeletingService.java:call(171)) - Added delete block command for datanode 325d518f-bf0d-428a-814f-266b27e759e4 in the queue, number of delete block transactions: 3, TxID list: 1,2,3
2019-06-15 10:53:31,284 INFO  block.SCMBlockDeletingService (SCMBlockDeletingService.java:call(182)) - Totally added 3 delete blocks command for 1 datanodes, task elapsed time: 1ms
2019-06-15 10:53:31,350 INFO  commands.RetriableDatanodeEventWatcher (RetriableDatanodeEventWatcher.java:onTimeout(47)) - RetriableDatanodeCommand type=deleteBlocksCommand with id=1560596009348 timed out. Retrying.
2019-06-15 10:53:31,366 INFO  commands.RetriableDatanodeEventWatcher (RetriableDatanodeEventWatcher.java:onTimeout(47)) - RetriableDatanodeCommand type=deleteBlocksCommand with id=1560596009358 timed out. Retrying.
2019-06-15 10:53:31,383 INFO  ozone.MiniOzoneClusterImpl (MiniOzoneClusterImpl.java:lambda$waitForClusterToBeReady$0(142)) - Waiting for cluster to be ready. Got 1 of 0 DN Heartbeats.
2019-06-15 10:53:31,384 DEBUG block.SCMBlockDeletingService (SCMBlockDeletingService.java:call(138)) - Running DeletedBlockTransactionScanner
2019-06-15 10:53:31,385 DEBUG block.SCMBlockDeletingService (SCMBlockDeletingService.java:call(155)) - Scanned deleted blocks log and got 3 delTX to process.
2019-06-15 10:53:31,385 DEBUG block.SCMBlockDeletingService (SCMBlockDeletingService.java:call(171)) - Added delete block command for datanode 325d518f-bf0d-428a-814f-266b27e759e4 in the queue, number of delete block transactions: 3, TxID list: 1,2,3
2019-06-15 10:53:31,385 INFO  block.SCMBlockDeletingService (SCMBlockDeletingService.java:call(182)) - Totally added 3 delete blocks command for 1 datanodes, task elapsed time: 1ms
2019-06-15 10:53:31,450 INFO  commands.RetriableDatanodeEventWatcher (RetriableDatanodeEventWatcher.java:onTimeout(47)) - RetriableDatanodeCommand type=deleteBlocksCommand with id=1560596009349 timed out. Retrying.
2019-06-15 10:53:31,458 INFO  commands.RetriableDatanodeEventWatcher (RetriableDatanodeEventWatcher.java:onTimeout(47)) - RetriableDatanodeCommand type=deleteBlocksCommand with id=1560596009359 timed out. Retrying.
2019-06-15 10:53:31,485 DEBUG block.SCMBlockDeletingService (SCMBlockDeletingService.java:call(138)) - Running DeletedBlockTransactionScanner
2019-06-15 10:53:31,485 DEBUG block.SCMBlockDeletingService (SCMBlockDeletingService.java:call(155)) - Scanned deleted blocks log and got 3 delTX to process.
2019-06-15 10:53:31,486 DEBUG block.SCMBlockDeletingService (SCMBlockDeletingService.java:call(171)) - Added delete block command for datanode 325d518f-bf0d-428a-814f-266b27e759e4 in the queue, number of delete block transactions: 3, TxID list: 1,2,3
2019-06-15 10:53:31,486 INFO  block.SCMBlockDeletingService (SCMBlockDeletingService.java:call(182)) - Totally added 3 delete blocks command for 1 datanodes, task elapsed time: 1ms
2019-06-15 10:53:31,552 INFO  commands.RetriableDatanodeEventWatcher (RetriableDatanodeEventWatcher.java:onTimeout(47)) - RetriableDatanodeCommand type=deleteBlocksCommand with id=1560596009350 timed out. Retrying.
2019-06-15 10:53:31,559 INFO  commands.RetriableDatanodeEventWatcher (RetriableDatanodeEventWatcher.java:onTimeout(47)) - RetriableDatanodeCommand type=deleteBlocksCommand with id=1560596009360 timed out. Retrying.
2019-06-15 10:53:31,586 DEBUG block.SCMBlockDeletingService (SCMBlockDeletingService.java:call(138)) - Running DeletedBlockTransactionScanner
2019-06-15 10:53:31,586 DEBUG block.SCMBlockDeletingService (SCMBlockDeletingService.java:call(155)) - Scanned deleted blocks log and got 3 delTX to process.
2019-06-15 10:53:31,586 DEBUG block.SCMBlockDeletingService (SCMBlockDeletingService.java:call(171)) - Added delete block command for datanode 325d518f-bf0d-428a-814f-266b27e759e4 in the queue, number of delete block transactions: 3, TxID list: 1,2,3
2019-06-15 10:53:31,587 INFO  block.SCMBlockDeletingService (SCMBlockDeletingService.java:call(182)) - Totally added 3 delete blocks command for 1 datanodes, task elapsed time: 0ms
2019-06-15 10:53:31,652 INFO  commands.RetriableDatanodeEventWatcher (RetriableDatanodeEventWatcher.java:onTimeout(47)) - RetriableDatanodeCommand type=deleteBlocksCommand with id=1560596009351 timed out. Retrying.
2019-06-15 10:53:31,660 INFO  commands.RetriableDatanodeEventWatcher (RetriableDatanodeEventWatcher.java:onTimeout(47)) - RetriableDatanodeCommand type=deleteBlocksCommand with id=1560596009361 timed out. Retrying.
2019-06-15 10:53:31,687 DEBUG block.SCMBlockDeletingService (SCMBlockDeletingService.java:call(138)) - Running DeletedBlockTransactionScanner
2019-06-15 10:53:31,687 DEBUG block.SCMBlockDeletingService (SCMBlockDeletingService.java:call(155)) - Scanned deleted blocks log and got 3 delTX to process.
2019-06-15 10:53:31,687 DEBUG block.SCMBlockDeletingService (SCMBlockDeletingService.java:call(171)) - Added delete block command for datanode 325d518f-bf0d-428a-814f-266b27e759e4 in the queue, number of delete block transactions: 3, TxID list: 1,2,3
2019-06-15 10:53:31,688 INFO  block.SCMBlockDeletingService (SCMBlockDeletingService.java:call(182)) - Totally added 3 delete blocks command for 1 datanodes, task elapsed time: 0ms
2019-06-15 10:53:31,752 INFO  commands.RetriableDatanodeEventWatcher (RetriableDatanodeEventWatcher.java:onTimeout(47)) - RetriableDatanodeCommand type=deleteBlocksCommand with id=1560596009352 timed out. Retrying.
2019-06-15 10:53:31,762 INFO  commands.RetriableDatanodeEventWatcher (RetriableDatanodeEventWatcher.java:onTimeout(47)) - RetriableDatanodeCommand type=deleteBlocksCommand with id=1560596009362 timed out. Retrying.
2019-06-15 10:53:31,788 DEBUG block.SCMBlockDeletingService (SCMBlockDeletingService.java:call(138)) - Running DeletedBlockTransactionScanner
2019-06-15 10:53:31,788 DEBUG block.SCMBlockDeletingService (SCMBlockDeletingService.java:call(155)) - Scanned deleted blocks log and got 3 delTX to process.
2019-06-15 10:53:31,788 DEBUG block.SCMBlockDeletingService (SCMBlockDeletingService.java:call(171)) - Added delete block command for datanode 325d518f-bf0d-428a-814f-266b27e759e4 in the queue, number of delete block transactions: 3, TxID list: 1,2,3
2019-06-15 10:53:31,788 INFO  block.SCMBlockDeletingService (SCMBlockDeletingService.java:call(182)) - Totally added 3 delete blocks command for 1 datanodes, task elapsed time: 1ms
2019-06-15 10:53:31,853 INFO  commands.RetriableDatanodeEventWatcher (RetriableDatanodeEventWatcher.java:onTimeout(47)) - RetriableDatanodeCommand type=deleteBlocksCommand with id=1560596009353 timed out. Retrying.
2019-06-15 10:53:31,862 INFO  commands.RetriableDatanodeEventWatcher (RetriableDatanodeEventWatcher.java:onTimeout(47)) - RetriableDatanodeCommand type=deleteBlocksCommand with id=1560596009363 timed out. Retrying.
2019-06-15 10:53:31,888 DEBUG block.SCMBlockDeletingService (SCMBlockDeletingService.java:call(138)) - Running DeletedBlockTransactionScanner
2019-06-15 10:53:31,889 DEBUG block.SCMBlockDeletingService (SCMBlockDeletingService.java:call(155)) - Scanned deleted blocks log and got 3 delTX to process.
2019-06-15 10:53:31,889 DEBUG block.SCMBlockDeletingService (SCMBlockDeletingService.java:call(171)) - Added delete block command for datanode 325d518f-bf0d-428a-814f-266b27e759e4 in the queue, number of delete block transactions: 3, TxID list: 1,2,3
2019-06-15 10:53:31,889 INFO  block.SCMBlockDeletingService (SCMBlockDeletingService.java:call(182)) - Totally added 3 delete blocks command for 1 datanodes, task elapsed time: 1ms
2019-06-15 10:53:31,954 INFO  commands.RetriableDatanodeEventWatcher (RetriableDatanodeEventWatcher.java:onTimeout(47)) - RetriableDatanodeCommand type=deleteBlocksCommand with id=1560596009354 timed out. Retrying.
2019-06-15 10:53:31,962 INFO  commands.RetriableDatanodeEventWatcher (RetriableDatanodeEventWatcher.java:onTimeout(47)) - RetriableDatanodeCommand type=deleteBlocksCommand with id=1560596009364 timed out. Retrying.
2019-06-15 10:53:31,989 DEBUG block.SCMBlockDeletingService (SCMBlockDeletingService.java:call(138)) - Running DeletedBlockTransactionScanner
2019-06-15 10:53:31,990 DEBUG block.SCMBlockDeletingService (SCMBlockDeletingService.java:call(155)) - Scanned deleted blocks log and got 3 delTX to process.
2019-06-15 10:53:31,990 DEBUG block.SCMBlockDeletingService (SCMBlockDeletingService.java:call(171)) - Added delete block command for datanode 325d518f-bf0d-428a-814f-266b27e759e4 in the queue, number of delete block transactions: 3, TxID list: 1,2,3
2019-06-15 10:53:31,990 INFO  block.SCMBlockDeletingService (SCMBlockDeletingService.java:call(182)) - Totally added 3 delete blocks command for 1 datanodes, task elapsed time: 1ms
2019-06-15 10:53:32,056 INFO  commands.RetriableDatanodeEventWatcher (RetriableDatanodeEventWatcher.java:onTimeout(47)) - RetriableDatanodeCommand type=deleteBlocksCommand with id=1560596009355 timed out. Retrying.
2019-06-15 10:53:32,063 INFO  commands.RetriableDatanodeEventWatcher (RetriableDatanodeEventWatcher.java:onTimeout(47)) - RetriableDatanodeCommand type=deleteBlocksCommand with id=1560596009365 timed out. Retrying.
2019-06-15 10:53:32,090 DEBUG block.SCMBlockDeletingService (SCMBlockDeletingService.java:call(138)) - Running DeletedBlockTransactionScanner
2019-06-15 10:53:32,090 DEBUG block.SCMBlockDeletingService (SCMBlockDeletingService.java:call(155)) - Scanned deleted blocks log and got 3 delTX to process.
2019-06-15 10:53:32,091 DEBUG block.SCMBlockDeletingService (SCMBlockDeletingService.java:call(171)) - Added delete block command for datanode 325d518f-bf0d-428a-814f-266b27e759e4 in the queue, number of delete block transactions: 3, TxID list: 1,2,3
2019-06-15 10:53:32,091 INFO  block.SCMBlockDeletingService (SCMBlockDeletingService.java:call(182)) - Totally added 3 delete blocks command for 1 datanodes, task elapsed time: 0ms
2019-06-15 10:53:32,158 INFO  commands.RetriableDatanodeEventWatcher (RetriableDatanodeEventWatcher.java:onTimeout(47)) - RetriableDatanodeCommand type=deleteBlocksCommand with id=1560596009356 timed out. Retrying.
2019-06-15 10:53:32,164 INFO  commands.RetriableDatanodeEventWatcher (RetriableDatanodeEventWatcher.java:onTimeout(47)) - RetriableDatanodeCommand type=deleteBlocksCommand with id=1560596009366 timed out. Retrying.
2019-06-15 10:53:32,191 DEBUG block.SCMBlockDeletingService (SCMBlockDeletingService.java:call(138)) - Running DeletedBlockTransactionScanner
2019-06-15 10:53:32,191 DEBUG block.SCMBlockDeletingService (SCMBlockDeletingService.java:call(155)) - Scanned deleted blocks log and got 3 delTX to process.
2019-06-15 10:53:32,191 DEBUG block.SCMBlockDeletingService (SCMBlockDeletingService.java:call(171)) - Added delete block command for datanode 325d518f-bf0d-428a-814f-266b27e759e4 in the queue, number of delete block transactions: 3, TxID list: 1,2,3
2019-06-15 10:53:32,192 INFO  block.SCMBlockDeletingService (SCMBlockDeletingService.java:call(182)) - Totally added 3 delete blocks command for 1 datanodes, task elapsed time: 0ms
2019-06-15 10:53:32,223 INFO  node.StaleNodeHandler (StaleNodeHandler.java:onMessage(58)) - Datanode 325d518f-bf0d-428a-814f-266b27e759e4{ip: 192.168.134.89, host: ozone-unit-076618677d3-vlkcl-536080588, networkLocation: /default-rack, certSerialId: null} moved to stale state. Finalizing its pipelines [PipelineID=e0f1d9ef-e225-4b24-a786-9696f0872fc0]
2019-06-15 10:53:32,223 INFO  pipeline.SCMPipelineManager (SCMPipelineManager.java:finalizeAndDestroyPipeline(307)) - destroying pipeline:Pipeline[ Id: e0f1d9ef-e225-4b24-a786-9696f0872fc0, Nodes: 325d518f-bf0d-428a-814f-266b27e759e4{ip: 192.168.134.89, host: ozone-unit-076618677d3-vlkcl-536080588, networkLocation: /default-rack, certSerialId: null}, Type:RATIS, Factor:ONE, State:OPEN]
2019-06-15 10:53:32,224 INFO  pipeline.PipelineStateManager (PipelineStateManager.java:finalizePipeline(123)) - Pipeline Pipeline[ Id: e0f1d9ef-e225-4b24-a786-9696f0872fc0, Nodes: 325d518f-bf0d-428a-814f-266b27e759e4{ip: 192.168.134.89, host: ozone-unit-076618677d3-vlkcl-536080588, networkLocation: /default-rack, certSerialId: null}, Type:RATIS, Factor:ONE, State:CLOSED] moved to CLOSED state
2019-06-15 10:53:32,258 INFO  commands.RetriableDatanodeEventWatcher (RetriableDatanodeEventWatcher.java:onTimeout(47)) - RetriableDatanodeCommand type=deleteBlocksCommand with id=1560596009357 timed out. Retrying.
2019-06-15 10:53:32,285 INFO  commands.RetriableDatanodeEventWatcher (RetriableDatanodeEventWatcher.java:onTimeout(47)) - RetriableDatanodeCommand type=deleteBlocksCommand with id=1560596009367 timed out. Retrying.
2019-06-15 10:53:32,292 DEBUG block.SCMBlockDeletingService (SCMBlockDeletingService.java:call(138)) - Running DeletedBlockTransactionScanner
2019-06-15 10:53:32,292 DEBUG block.SCMBlockDeletingService (SCMBlockDeletingService.java:call(155)) - Scanned deleted blocks log and got 3 delTX to process.
2019-06-15 10:53:32,292 DEBUG block.SCMBlockDeletingService (SCMBlockDeletingService.java:call(171)) - Added delete block command for datanode 325d518f-bf0d-428a-814f-266b27e759e4 in the queue, number of delete block transactions: 3, TxID list: 1,2,3
2019-06-15 10:53:32,293 INFO  block.SCMBlockDeletingService (SCMBlockDeletingService.java:call(182)) - Totally added 3 delete blocks command for 1 datanodes, task elapsed time: 0ms
2019-06-15 10:53:32,350 INFO  commands.RetriableDatanodeEventWatcher (RetriableDatanodeEventWatcher.java:onTimeout(47)) - RetriableDatanodeCommand type=deleteBlocksCommand with id=1560596009348 timed out. Retrying.
2019-06-15 10:53:32,367 INFO  commands.RetriableDatanodeEventWatcher (RetriableDatanodeEventWatcher.java:onTimeout(47)) - RetriableDatanodeCommand type=deleteBlocksCommand with id=1560596009358 timed out. Retrying.
2019-06-15 10:53:32,384 INFO  ozone.MiniOzoneClusterImpl (MiniOzoneClusterImpl.java:lambda$waitForClusterToBeReady$0(142)) - Cluster is ready. Got 0 of 0 DN Heartbeats.
2019-06-15 10:53:32,384 INFO  commands.RetriableDatanodeEventWatcher (RetriableDatanodeEventWatcher.java:onTimeout(47)) - RetriableDatanodeCommand type=deleteBlocksCommand with id=1560596009368 timed out. Retrying.
2019-06-15 10:53:32,386 INFO  impl.MetricsSystemImpl (MetricsSystemImpl.java:init(158)) - HddsDatanode metrics system started (again)
2019-06-15 10:53:32,393 DEBUG block.SCMBlockDeletingService (SCMBlockDeletingService.java:call(138)) - Running DeletedBlockTransactionScanner
2019-06-15 10:53:32,393 DEBUG block.SCMBlockDeletingService (SCMBlockDeletingService.java:call(155)) - Scanned deleted blocks log and got 3 delTX to process.
2019-06-15 10:53:32,393 DEBUG block.SCMBlockDeletingService (SCMBlockDeletingService.java:call(171)) - Added delete block command for datanode 325d518f-bf0d-428a-814f-266b27e759e4 in the queue, number of delete block transactions: 3, TxID list: 1,2,3
2019-06-15 10:53:32,394 INFO  block.SCMBlockDeletingService (SCMBlockDeletingService.java:call(182)) - Totally added 3 delete blocks command for 1 datanodes, task elapsed time: 0ms
2019-06-15 10:53:32,411 INFO  ozone.HddsDatanodeService (HddsDatanodeService.java:start(185)) - HddsDatanodeService host:ozone-unit-076618677d3-vlkcl-536080588 ip:192.168.134.89
2019-06-15 10:53:32,414 INFO  volume.VolumeUsage (VolumeUsage.java:loadScmUsed(144)) - Cached ScmUsed found for /opt/src/hadoop-ozone/integration-test/target/test-dir/MiniOzoneClusterImpl-dd99cefe-9779-4043-9d74-181b69d2a827/datanode-0/data/containers : 4096 
2019-06-15 10:53:32,414 INFO  volume.HddsVolume (HddsVolume.java:<init>(176)) - Creating Volume: /opt/src/hadoop-ozone/integration-test/target/test-dir/MiniOzoneClusterImpl-dd99cefe-9779-4043-9d74-181b69d2a827/datanode-0/data/containers/hdds of  storage type : DISK and capacity : 104021790720
2019-06-15 10:53:32,415 INFO  volume.VolumeSet (VolumeSet.java:initializeVolumeSet(170)) - Added Volume : /opt/src/hadoop-ozone/integration-test/target/test-dir/MiniOzoneClusterImpl-dd99cefe-9779-4043-9d74-181b69d2a827/datanode-0/data/containers/hdds to VolumeSet
2019-06-15 10:53:32,415 INFO  volume.ThrottledAsyncChecker (ThrottledAsyncChecker.java:schedule(140)) - Scheduling a check for org.apache.hadoop.ozone.container.common.volume.HddsVolume@26582ca
2019-06-15 10:53:32,415 INFO  volume.HddsVolumeChecker (HddsVolumeChecker.java:checkAllVolumes(203)) - Scheduled health check for volume org.apache.hadoop.ozone.container.common.volume.HddsVolume@26582ca
2019-06-15 10:53:32,451 INFO  commands.RetriableDatanodeEventWatcher (RetriableDatanodeEventWatcher.java:onTimeout(47)) - RetriableDatanodeCommand type=deleteBlocksCommand with id=1560596009349 timed out. Retrying.
2019-06-15 10:53:32,459 INFO  commands.RetriableDatanodeEventWatcher (RetriableDatanodeEventWatcher.java:onTimeout(47)) - RetriableDatanodeCommand type=deleteBlocksCommand with id=1560596009359 timed out. Retrying.
2019-06-15 10:53:32,471 INFO  impl.RaftServerProxy (ConfUtils.java:logGet(43)) - raft.rpc.type = GRPC (default)
2019-06-15 10:53:32,472 INFO  grpc.GrpcConfigKeys$Server (ConfUtils.java:logGet(43)) - raft.grpc.server.port = 37167 (custom)
2019-06-15 10:53:32,472 INFO  server.GrpcService (ConfUtils.java:logGet(43)) - raft.grpc.message.size.max = 33570816 (custom)
2019-06-15 10:53:32,472 INFO  server.RaftServerConfigKeys (ConfUtils.java:logGet(43)) - raft.server.log.appender.buffer.byte-limit = 33554432 (custom)
2019-06-15 10:53:32,472 INFO  server.GrpcService (ConfUtils.java:logGet(43)) - raft.grpc.flow.control.window = 1MB (=1048576) (default)
2019-06-15 10:53:32,473 INFO  server.RaftServerConfigKeys (ConfUtils.java:logGet(43)) - raft.server.rpc.request.timeout = 3000ms (default)
2019-06-15 10:53:32,473 INFO  server.RaftServerConfigKeys (ConfUtils.java:logGet(43)) - raft.server.storage.dir = [/opt/src/hadoop-ozone/integration-test/target/test-dir/MiniOzoneClusterImpl-dd99cefe-9779-4043-9d74-181b69d2a827/datanode-0/data/ratis] (custom)
2019-06-15 10:53:32,473 INFO  impl.RaftServerProxy (RaftServerProxy.java:lambda$null$0(191)) - 325d518f-bf0d-428a-814f-266b27e759e4: found a subdirectory /opt/src/hadoop-ozone/integration-test/target/test-dir/MiniOzoneClusterImpl-dd99cefe-9779-4043-9d74-181b69d2a827/datanode-0/data/ratis/e0f1d9ef-e225-4b24-a786-9696f0872fc0
2019-06-15 10:53:32,474 INFO  impl.RaftServerProxy (RaftServerProxy.java:addNew(89)) - 325d518f-bf0d-428a-814f-266b27e759e4: addNew group-9696F0872FC0:[] returns group-9696F0872FC0:java.util.concurrent.CompletableFuture@22ead351[Not completed]
2019-06-15 10:53:32,475 INFO  replication.SimpleContainerDownloader (SimpleContainerDownloader.java:<init>(72)) - Starting container downloader service to copy containers to replicate.
2019-06-15 10:53:32,475 INFO  impl.RaftServerImpl (RaftServerImpl.java:<init>(91)) - 325d518f-bf0d-428a-814f-266b27e759e4: new RaftServerImpl for group-9696F0872FC0:[] with ContainerStateMachine:uninitialized
2019-06-15 10:53:32,476 INFO  server.RaftServerConfigKeys (ConfUtils.java:logGet(43)) - raft.server.rpc.timeout.min = 1s (custom)
2019-06-15 10:53:32,476 INFO  hdfs.DFSUtil (DFSUtil.java:httpServerTemplateForNNAndJN(1641)) - Starting Web-server for hddsDatanode at: http://0.0.0.0:33949
2019-06-15 10:53:32,477 INFO  server.AuthenticationFilter (AuthenticationFilter.java:constructSecretProvider(240)) - Unable to initialize FileSignerSecretProvider, falling back to use random secrets.
2019-06-15 10:53:32,478 INFO  server.RaftServerConfigKeys (ConfUtils.java:logGet(43)) - raft.server.rpc.timeout.max = 1200ms (custom)
2019-06-15 10:53:32,478 INFO  server.RaftServerConfigKeys (ConfUtils.java:logGet(43)) - raft.server.rpcslowness.timeout = 120s (custom)
2019-06-15 10:53:32,478 INFO  server.RaftServerConfigKeys (ConfUtils.java:logGet(43)) - raft.server.log.appender.install.snapshot.enabled = true (default)
2019-06-15 10:53:32,478 INFO  impl.RaftServerImpl (ServerState.java:<init>(101)) - 325d518f-bf0d-428a-814f-266b27e759e4:group-9696F0872FC0 ConfigurationManager, init=-1: [], old=null, confs=<EMPTY_MAP>
2019-06-15 10:53:32,478 INFO  server.RaftServerConfigKeys (ConfUtils.java:logGet(43)) - raft.server.storage.dir = [/opt/src/hadoop-ozone/integration-test/target/test-dir/MiniOzoneClusterImpl-dd99cefe-9779-4043-9d74-181b69d2a827/datanode-0/data/ratis] (custom)
2019-06-15 10:53:32,482 WARN  http.HttpRequestLog (HttpRequestLog.java:getRequestLog(97)) - Jetty request log can only be enabled using Log4j
2019-06-15 10:53:32,483 INFO  http.HttpServer2 (HttpServer2.java:addGlobalFilter(975)) - Added global filter 'safety' (class=org.apache.hadoop.http.HttpServer2$QuotingInputFilter)
2019-06-15 10:53:32,484 INFO  http.HttpServer2 (HttpServer2.java:addFilter(948)) - Added filter static_user_filter (class=org.apache.hadoop.http.lib.StaticUserWebFilter$StaticUserFilter) to context hddsDatanode
2019-06-15 10:53:32,484 INFO  http.HttpServer2 (HttpServer2.java:addFilter(958)) - Added filter static_user_filter (class=org.apache.hadoop.http.lib.StaticUserWebFilter$StaticUserFilter) to context static
2019-06-15 10:53:32,484 INFO  http.HttpServer2 (HttpServer2.java:addFilter(958)) - Added filter static_user_filter (class=org.apache.hadoop.http.lib.StaticUserWebFilter$StaticUserFilter) to context logs
2019-06-15 10:53:32,484 INFO  http.HttpServer2 (HttpServer2.java:bindListener(1191)) - Jetty bound to port 33949
2019-06-15 10:53:32,485 INFO  server.Server (Server.java:doStart(351)) - jetty-9.3.24.v20180605, build timestamp: 2018-06-05T17:11:56Z, git hash: 84205aa28f11a4f31f2a3b86d1bba2cc8ab69827
2019-06-15 10:53:32,485 INFO  commands.RetriableDatanodeEventWatcher (RetriableDatanodeEventWatcher.java:onTimeout(47)) - RetriableDatanodeCommand type=deleteBlocksCommand with id=1560596009369 timed out. Retrying.
2019-06-15 10:53:32,486 INFO  handler.ContextHandler (ContextHandler.java:doStart(781)) - Started o.e.j.s.ServletContextHandler@7675c171{/logs,file:///opt/src/hadoop-ozone/integration-test/target/log,AVAILABLE}
2019-06-15 10:53:32,486 INFO  handler.ContextHandler (ContextHandler.java:doStart(781)) - Started o.e.j.s.ServletContextHandler@51cab489{/static,jar:file:/home/user/.m2/repository/org/apache/hadoop/hadoop-hdds-container-service/0.5.0-SNAPSHOT/hadoop-hdds-container-service-0.5.0-SNAPSHOT.jar!/webapps/static,AVAILABLE}
2019-06-15 10:53:32,494 DEBUG block.SCMBlockDeletingService (SCMBlockDeletingService.java:call(138)) - Running DeletedBlockTransactionScanner
2019-06-15 10:53:32,494 DEBUG block.SCMBlockDeletingService (SCMBlockDeletingService.java:call(155)) - Scanned deleted blocks log and got 3 delTX to process.
2019-06-15 10:53:32,495 DEBUG block.SCMBlockDeletingService (SCMBlockDeletingService.java:call(171)) - Added delete block command for datanode 325d518f-bf0d-428a-814f-266b27e759e4 in the queue, number of delete block transactions: 3, TxID list: 1,2,3
2019-06-15 10:53:32,514 INFO  block.SCMBlockDeletingService (SCMBlockDeletingService.java:call(182)) - Totally added 3 delete blocks command for 1 datanodes, task elapsed time: 19ms
2019-06-15 10:53:32,514 INFO  storage.RaftStorageDirectory (RaftStorageDirectory.java:tryLock(328)) - Lock on /opt/src/hadoop-ozone/integration-test/target/test-dir/MiniOzoneClusterImpl-dd99cefe-9779-4043-9d74-181b69d2a827/datanode-0/data/ratis/e0f1d9ef-e225-4b24-a786-9696f0872fc0/in_use.lock acquired by nodename 9848@ozone-unit-076618677d3-vlkcl-536080588
2019-06-15 10:53:32,516 INFO  handler.ContextHandler (ContextHandler.java:doStart(781)) - Started o.e.j.w.WebAppContext@634ca3e7{/,file:///tmp/jetty-0.0.0.0-33949-hddsDatanode-_-any-7371059078392023571.dir/webapp/,AVAILABLE}{/hddsDatanode}
2019-06-15 10:53:32,517 INFO  ratis.ContainerStateMachine (ContainerStateMachine.java:loadSnapshot(209)) - Setting the last applied index to (t:1, i:7222)
2019-06-15 10:53:32,517 INFO  server.AbstractConnector (AbstractConnector.java:doStart(278)) - Started ServerConnector@ab4aa5e{HTTP/1.1,[http/1.1]}{0.0.0.0:33949}
2019-06-15 10:53:32,517 INFO  server.Server (Server.java:doStart(419)) - Started @49731ms
2019-06-15 10:53:32,520 INFO  impl.RaftServerImpl (ServerState.java:setRaftConf(361)) - 325d518f-bf0d-428a-814f-266b27e759e4:group-9696F0872FC0 set configuration 0: [325d518f-bf0d-428a-814f-266b27e759e4:192.168.134.89:37167], old=null at 0
2019-06-15 10:53:32,520 INFO  server.RaftServerConfigKeys (ConfUtils.java:logGet(43)) - raft.server.leader.election.timeout = 120s (custom)
2019-06-15 10:53:32,520 INFO  server.RaftServerConfigKeys (ConfUtils.java:logGet(43)) - raft.server.log.use.memory = false (default)
2019-06-15 10:53:32,520 INFO  server.RaftServerConfigKeys (ConfUtils.java:logGet(43)) - raft.server.log.appender.buffer.byte-limit = 33554432 (custom)
2019-06-15 10:53:32,520 INFO  server.RaftServerConfigKeys (ConfUtils.java:logGet(43)) - raft.server.log.segment.size.max = 16384 (custom)
2019-06-15 10:53:32,520 INFO  server.RaftServerConfigKeys (ConfUtils.java:logGet(43)) - raft.server.log.segment.cache.num.max = 2 (custom)
2019-06-15 10:53:32,520 INFO  storage.RaftLogWorker (RaftLogWorker.java:<init>(123)) - new 325d518f-bf0d-428a-814f-266b27e759e4-RaftLogWorker for Storage Directory /opt/src/hadoop-ozone/integration-test/target/test-dir/MiniOzoneClusterImpl-dd99cefe-9779-4043-9d74-181b69d2a827/datanode-0/data/ratis/e0f1d9ef-e225-4b24-a786-9696f0872fc0
2019-06-15 10:53:32,520 INFO  server.RaftServerConfigKeys (ConfUtils.java:logGet(43)) - raft.server.log.queue.byte-limit = 2147483647 (custom)
2019-06-15 10:53:32,520 INFO  server.RaftServerConfigKeys (ConfUtils.java:logGet(43)) - raft.server.log.queue.element-limit = 1024 (custom)
2019-06-15 10:53:32,521 INFO  server.RaftServerConfigKeys (ConfUtils.java:logGet(43)) - raft.server.log.segment.size.max = 16384 (custom)
2019-06-15 10:53:32,521 INFO  server.RaftServerConfigKeys (ConfUtils.java:logGet(43)) - raft.server.log.preallocated.size = 16384 (custom)
2019-06-15 10:53:32,521 INFO  server.RaftServerConfigKeys (ConfUtils.java:logGet(43)) - raft.server.log.write.buffer.size = 33554432 (custom)
2019-06-15 10:53:32,521 INFO  server.RaftServerConfigKeys (ConfUtils.java:logGet(43)) - raft.server.log.force.sync.num = 128 (default)
2019-06-15 10:53:32,521 INFO  server.RaftServerConfigKeys (ConfUtils.java:logGet(43)) - raft.server.log.statemachine.data.sync = true (default)
2019-06-15 10:53:32,521 INFO  server.RaftServerConfigKeys (ConfUtils.java:logGet(43)) - raft.server.log.statemachine.data.sync.timeout = 10s (default)
2019-06-15 10:53:32,521 INFO  server.RaftServerConfigKeys (ConfUtils.java:logGet(43)) - raft.server.log.statemachine.data.sync.timeout.retry = -1 (default)
2019-06-15 10:53:32,521 INFO  server.RaftServerConfigKeys (ConfUtils.java:logGet(43)) - raft.server.log.statemachine.data.caching.enabled = true (custom)
2019-06-15 10:53:32,527 INFO  storage.LogSegment (LogSegment.java:loadSegment(143)) - Successfully read 49 entries from segment file /opt/src/hadoop-ozone/integration-test/target/test-dir/MiniOzoneClusterImpl-dd99cefe-9779-4043-9d74-181b69d2a827/datanode-0/data/ratis/e0f1d9ef-e225-4b24-a786-9696f0872fc0/current/log_inprogress_7175
2019-06-15 10:53:32,546 INFO  server.BaseHttpServer (BaseHttpServer.java:updateConnectorAddress(207)) - HTTP server of HDDSDATANODE is listening at http://0.0.0.0:33949
2019-06-15 10:53:32,553 INFO  commands.RetriableDatanodeEventWatcher (RetriableDatanodeEventWatcher.java:onTimeout(47)) - RetriableDatanodeCommand type=deleteBlocksCommand with id=1560596009350 timed out. Retrying.
2019-06-15 10:53:32,559 INFO  commands.RetriableDatanodeEventWatcher (RetriableDatanodeEventWatcher.java:onTimeout(47)) - RetriableDatanodeCommand type=deleteBlocksCommand with id=1560596009360 timed out. Retrying.
2019-06-15 10:53:32,568 INFO  storage.RaftLog (RaftLog.java:lambda$new$0(59)) - 325d518f-bf0d-428a-814f-266b27e759e4: commitIndex: updateToMax old=7222, new=7222, updated? false
2019-06-15 10:53:32,568 INFO  server.RaftServerConfigKeys (ConfUtils.java:logGet(43)) - raft.server.snapshot.auto.trigger.enabled = true (custom)
2019-06-15 10:53:32,568 INFO  server.RaftServerConfigKeys (ConfUtils.java:logGet(43)) - raft.server.snapshot.auto.trigger.threshold = 10000 (custom)
2019-06-15 10:53:32,569 INFO  server.RaftServerConfigKeys (ConfUtils.java:logGet(43)) - raft.server.retrycache.expirytime = 600000ms (custom)
2019-06-15 10:53:32,587 INFO  commands.RetriableDatanodeEventWatcher (RetriableDatanodeEventWatcher.java:onTimeout(47)) - RetriableDatanodeCommand type=deleteBlocksCommand with id=1560596009370 timed out. Retrying.
2019-06-15 10:53:32,614 DEBUG block.SCMBlockDeletingService (SCMBlockDeletingService.java:call(138)) - Running DeletedBlockTransactionScanner
2019-06-15 10:53:32,614 DEBUG block.SCMBlockDeletingService (SCMBlockDeletingService.java:call(155)) - Scanned deleted blocks log and got 3 delTX to process.
2019-06-15 10:53:32,614 DEBUG block.SCMBlockDeletingService (SCMBlockDeletingService.java:call(171)) - Added delete block command for datanode 325d518f-bf0d-428a-814f-266b27e759e4 in the queue, number of delete block transactions: 3, TxID list: 1,2,3
2019-06-15 10:53:32,615 INFO  block.SCMBlockDeletingService (SCMBlockDeletingService.java:call(182)) - Totally added 3 delete blocks command for 1 datanodes, task elapsed time: 0ms
2019-06-15 10:53:32,651 INFO  commands.RetriableDatanodeEventWatcher (RetriableDatanodeEventWatcher.java:onTimeout(47)) - RetriableDatanodeCommand type=deleteBlocksCommand with id=1560596009351 timed out. Retrying.
2019-06-15 10:53:32,660 INFO  commands.RetriableDatanodeEventWatcher (RetriableDatanodeEventWatcher.java:onTimeout(47)) - RetriableDatanodeCommand type=deleteBlocksCommand with id=1560596009361 timed out. Retrying.
2019-06-15 10:53:32,678 INFO  ozone.HddsDatanodeService (HddsDatanodeService.java:startPlugins(396)) - Started plug-in org.apache.hadoop.ozone.web.OzoneHddsDatanodeService@1a14fdf0
2019-06-15 10:53:32,678 INFO  ozone.MiniOzoneClusterImpl (MiniOzoneClusterImpl.java:lambda$waitForClusterToBeReady$0(142)) - Waiting for cluster to be ready. Got 0 of 1 DN Heartbeats.
2019-06-15 10:53:32,688 INFO  commands.RetriableDatanodeEventWatcher (RetriableDatanodeEventWatcher.java:onTimeout(47)) - RetriableDatanodeCommand type=deleteBlocksCommand with id=1560596009371 timed out. Retrying.
2019-06-15 10:53:32,694 INFO  util.JvmPauseMonitor (JvmPauseMonitor.java:run(188)) - Starting JVM pause monitor
2019-06-15 10:53:32,715 DEBUG block.SCMBlockDeletingService (SCMBlockDeletingService.java:call(138)) - Running DeletedBlockTransactionScanner
2019-06-15 10:53:32,715 DEBUG block.SCMBlockDeletingService (SCMBlockDeletingService.java:call(155)) - Scanned deleted blocks log and got 3 delTX to process.
2019-06-15 10:53:32,715 DEBUG block.SCMBlockDeletingService (SCMBlockDeletingService.java:call(171)) - Added delete block command for datanode 325d518f-bf0d-428a-814f-266b27e759e4 in the queue, number of delete block transactions: 3, TxID list: 1,2,3
2019-06-15 10:53:32,716 INFO  block.SCMBlockDeletingService (SCMBlockDeletingService.java:call(182)) - Totally added 3 delete blocks command for 1 datanodes, task elapsed time: 0ms
2019-06-15 10:53:32,753 INFO  commands.RetriableDatanodeEventWatcher (RetriableDatanodeEventWatcher.java:onTimeout(47)) - RetriableDatanodeCommand type=deleteBlocksCommand with id=1560596009352 timed out. Retrying.
2019-06-15 10:53:32,762 INFO  commands.RetriableDatanodeEventWatcher (RetriableDatanodeEventWatcher.java:onTimeout(47)) - RetriableDatanodeCommand type=deleteBlocksCommand with id=1560596009362 timed out. Retrying.
2019-06-15 10:53:32,788 INFO  commands.RetriableDatanodeEventWatcher (RetriableDatanodeEventWatcher.java:onTimeout(47)) - RetriableDatanodeCommand type=deleteBlocksCommand with id=1560596009372 timed out. Retrying.
2019-06-15 10:53:32,816 DEBUG block.SCMBlockDeletingService (SCMBlockDeletingService.java:call(138)) - Running DeletedBlockTransactionScanner
2019-06-15 10:53:32,816 DEBUG block.SCMBlockDeletingService (SCMBlockDeletingService.java:call(155)) - Scanned deleted blocks log and got 3 delTX to process.
2019-06-15 10:53:32,816 DEBUG block.SCMBlockDeletingService (SCMBlockDeletingService.java:call(171)) - Added delete block command for datanode 325d518f-bf0d-428a-814f-266b27e759e4 in the queue, number of delete block transactions: 3, TxID list: 1,2,3
2019-06-15 10:53:32,816 INFO  block.SCMBlockDeletingService (SCMBlockDeletingService.java:call(182)) - Totally added 3 delete blocks command for 1 datanodes, task elapsed time: 0ms
2019-06-15 10:53:32,853 INFO  commands.RetriableDatanodeEventWatcher (RetriableDatanodeEventWatcher.java:onTimeout(47)) - RetriableDatanodeCommand type=deleteBlocksCommand with id=1560596009353 timed out. Retrying.
2019-06-15 10:53:32,863 INFO  commands.RetriableDatanodeEventWatcher (RetriableDatanodeEventWatcher.java:onTimeout(47)) - RetriableDatanodeCommand type=deleteBlocksCommand with id=1560596009363 timed out. Retrying.
2019-06-15 10:53:32,889 INFO  commands.RetriableDatanodeEventWatcher (RetriableDatanodeEventWatcher.java:onTimeout(47)) - RetriableDatanodeCommand type=deleteBlocksCommand with id=1560596009373 timed out. Retrying.
2019-06-15 10:53:32,917 DEBUG block.SCMBlockDeletingService (SCMBlockDeletingService.java:call(138)) - Running DeletedBlockTransactionScanner
2019-06-15 10:53:32,917 DEBUG block.SCMBlockDeletingService (SCMBlockDeletingService.java:call(155)) - Scanned deleted blocks log and got 3 delTX to process.
2019-06-15 10:53:32,917 DEBUG block.SCMBlockDeletingService (SCMBlockDeletingService.java:call(171)) - Added delete block command for datanode 325d518f-bf0d-428a-814f-266b27e759e4 in the queue, number of delete block transactions: 3, TxID list: 1,2,3
2019-06-15 10:53:32,917 INFO  block.SCMBlockDeletingService (SCMBlockDeletingService.java:call(182)) - Totally added 3 delete blocks command for 1 datanodes, task elapsed time: 1ms
2019-06-15 10:53:32,954 INFO  commands.RetriableDatanodeEventWatcher (RetriableDatanodeEventWatcher.java:onTimeout(47)) - RetriableDatanodeCommand type=deleteBlocksCommand with id=1560596009354 timed out. Retrying.
2019-06-15 10:53:32,962 INFO  commands.RetriableDatanodeEventWatcher (RetriableDatanodeEventWatcher.java:onTimeout(47)) - RetriableDatanodeCommand type=deleteBlocksCommand with id=1560596009364 timed out. Retrying.
2019-06-15 10:53:32,990 INFO  commands.RetriableDatanodeEventWatcher (RetriableDatanodeEventWatcher.java:onTimeout(47)) - RetriableDatanodeCommand type=deleteBlocksCommand with id=1560596009374 timed out. Retrying.
2019-06-15 10:53:33,017 DEBUG block.SCMBlockDeletingService (SCMBlockDeletingService.java:call(138)) - Running DeletedBlockTransactionScanner
2019-06-15 10:53:33,018 DEBUG block.SCMBlockDeletingService (SCMBlockDeletingService.java:call(155)) - Scanned deleted blocks log and got 3 delTX to process.
2019-06-15 10:53:33,018 DEBUG block.SCMBlockDeletingService (SCMBlockDeletingService.java:call(171)) - Added delete block command for datanode 325d518f-bf0d-428a-814f-266b27e759e4 in the queue, number of delete block transactions: 3, TxID list: 1,2,3
2019-06-15 10:53:33,018 INFO  block.SCMBlockDeletingService (SCMBlockDeletingService.java:call(182)) - Totally added 3 delete blocks command for 1 datanodes, task elapsed time: 1ms
2019-06-15 10:53:33,056 INFO  commands.RetriableDatanodeEventWatcher (RetriableDatanodeEventWatcher.java:onTimeout(47)) - RetriableDatanodeCommand type=deleteBlocksCommand with id=1560596009355 timed out. Retrying.
2019-06-15 10:53:33,063 INFO  commands.RetriableDatanodeEventWatcher (RetriableDatanodeEventWatcher.java:onTimeout(47)) - RetriableDatanodeCommand type=deleteBlocksCommand with id=1560596009365 timed out. Retrying.
2019-06-15 10:53:33,091 INFO  commands.RetriableDatanodeEventWatcher (RetriableDatanodeEventWatcher.java:onTimeout(47)) - RetriableDatanodeCommand type=deleteBlocksCommand with id=1560596009375 timed out. Retrying.
2019-06-15 10:53:33,118 DEBUG block.SCMBlockDeletingService (SCMBlockDeletingService.java:call(138)) - Running DeletedBlockTransactionScanner
2019-06-15 10:53:33,119 DEBUG block.SCMBlockDeletingService (SCMBlockDeletingService.java:call(155)) - Scanned deleted blocks log and got 3 delTX to process.
2019-06-15 10:53:33,119 DEBUG block.SCMBlockDeletingService (SCMBlockDeletingService.java:call(171)) - Added delete block command for datanode 325d518f-bf0d-428a-814f-266b27e759e4 in the queue, number of delete block transactions: 3, TxID list: 1,2,3
2019-06-15 10:53:33,119 INFO  block.SCMBlockDeletingService (SCMBlockDeletingService.java:call(182)) - Totally added 3 delete blocks command for 1 datanodes, task elapsed time: 1ms
2019-06-15 10:53:33,157 INFO  commands.RetriableDatanodeEventWatcher (RetriableDatanodeEventWatcher.java:onTimeout(47)) - RetriableDatanodeCommand type=deleteBlocksCommand with id=1560596009356 timed out. Retrying.
2019-06-15 10:53:33,164 INFO  commands.RetriableDatanodeEventWatcher (RetriableDatanodeEventWatcher.java:onTimeout(47)) - RetriableDatanodeCommand type=deleteBlocksCommand with id=1560596009366 timed out. Retrying.
2019-06-15 10:53:33,192 INFO  commands.RetriableDatanodeEventWatcher (RetriableDatanodeEventWatcher.java:onTimeout(47)) - RetriableDatanodeCommand type=deleteBlocksCommand with id=1560596009376 timed out. Retrying.
2019-06-15 10:53:33,219 DEBUG block.SCMBlockDeletingService (SCMBlockDeletingService.java:call(138)) - Running DeletedBlockTransactionScanner
2019-06-15 10:53:33,220 DEBUG block.SCMBlockDeletingService (SCMBlockDeletingService.java:call(155)) - Scanned deleted blocks log and got 3 delTX to process.
2019-06-15 10:53:33,220 DEBUG block.SCMBlockDeletingService (SCMBlockDeletingService.java:call(171)) - Added delete block command for datanode 325d518f-bf0d-428a-814f-266b27e759e4 in the queue, number of delete block transactions: 3, TxID list: 1,2,3
2019-06-15 10:53:33,220 INFO  block.SCMBlockDeletingService (SCMBlockDeletingService.java:call(182)) - Totally added 3 delete blocks command for 1 datanodes, task elapsed time: 1ms
2019-06-15 10:53:33,257 INFO  commands.RetriableDatanodeEventWatcher (RetriableDatanodeEventWatcher.java:onTimeout(47)) - RetriableDatanodeCommand type=deleteBlocksCommand with id=1560596009357 timed out. Retrying.
2019-06-15 10:53:33,285 INFO  commands.RetriableDatanodeEventWatcher (RetriableDatanodeEventWatcher.java:onTimeout(47)) - RetriableDatanodeCommand type=deleteBlocksCommand with id=1560596009367 timed out. Retrying.
2019-06-15 10:53:33,293 INFO  commands.RetriableDatanodeEventWatcher (RetriableDatanodeEventWatcher.java:onTimeout(47)) - RetriableDatanodeCommand type=deleteBlocksCommand with id=1560596009377 timed out. Retrying.
2019-06-15 10:53:33,320 DEBUG block.SCMBlockDeletingService (SCMBlockDeletingService.java:call(138)) - Running DeletedBlockTransactionScanner
2019-06-15 10:53:33,321 DEBUG block.SCMBlockDeletingService (SCMBlockDeletingService.java:call(155)) - Scanned deleted blocks log and got 3 delTX to process.
2019-06-15 10:53:33,321 DEBUG block.SCMBlockDeletingService (SCMBlockDeletingService.java:call(171)) - Added delete block command for datanode 325d518f-bf0d-428a-814f-266b27e759e4 in the queue, number of delete block transactions: 3, TxID list: 1,2,3
2019-06-15 10:53:33,321 INFO  block.SCMBlockDeletingService (SCMBlockDeletingService.java:call(182)) - Totally added 3 delete blocks command for 1 datanodes, task elapsed time: 1ms
2019-06-15 10:53:33,351 INFO  commands.RetriableDatanodeEventWatcher (RetriableDatanodeEventWatcher.java:onTimeout(47)) - RetriableDatanodeCommand type=deleteBlocksCommand with id=1560596009348 timed out. Retrying.
2019-06-15 10:53:33,367 INFO  commands.RetriableDatanodeEventWatcher (RetriableDatanodeEventWatcher.java:onTimeout(47)) - RetriableDatanodeCommand type=deleteBlocksCommand with id=1560596009358 timed out. Retrying.
2019-06-15 10:53:33,385 INFO  commands.RetriableDatanodeEventWatcher (RetriableDatanodeEventWatcher.java:onTimeout(47)) - RetriableDatanodeCommand type=deleteBlocksCommand with id=1560596009368 timed out. Retrying.
2019-06-15 10:53:33,393 INFO  commands.RetriableDatanodeEventWatcher (RetriableDatanodeEventWatcher.java:onTimeout(47)) - RetriableDatanodeCommand type=deleteBlocksCommand with id=1560596009378 timed out. Retrying.
2019-06-15 10:53:33,421 DEBUG block.SCMBlockDeletingService (SCMBlockDeletingService.java:call(138)) - Running DeletedBlockTransactionScanner
2019-06-15 10:53:33,421 DEBUG block.SCMBlockDeletingService (SCMBlockDeletingService.java:call(155)) - Scanned deleted blocks log and got 3 delTX to process.
2019-06-15 10:53:33,422 DEBUG block.SCMBlockDeletingService (SCMBlockDeletingService.java:call(171)) - Added delete block command for datanode 325d518f-bf0d-428a-814f-266b27e759e4 in the queue, number of delete block transactions: 3, TxID list: 1,2,3
2019-06-15 10:53:33,422 INFO  block.SCMBlockDeletingService (SCMBlockDeletingService.java:call(182)) - Totally added 3 delete blocks command for 1 datanodes, task elapsed time: 0ms
2019-06-15 10:53:33,451 INFO  commands.RetriableDatanodeEventWatcher (RetriableDatanodeEventWatcher.java:onTimeout(47)) - RetriableDatanodeCommand type=deleteBlocksCommand with id=1560596009349 timed out. Retrying.
2019-06-15 10:53:33,459 INFO  commands.RetriableDatanodeEventWatcher (RetriableDatanodeEventWatcher.java:onTimeout(47)) - RetriableDatanodeCommand type=deleteBlocksCommand with id=1560596009359 timed out. Retrying.
2019-06-15 10:53:33,486 INFO  commands.RetriableDatanodeEventWatcher (RetriableDatanodeEventWatcher.java:onTimeout(47)) - RetriableDatanodeCommand type=deleteBlocksCommand with id=1560596009369 timed out. Retrying.
2019-06-15 10:53:33,495 INFO  commands.RetriableDatanodeEventWatcher (RetriableDatanodeEventWatcher.java:onTimeout(47)) - RetriableDatanodeCommand type=deleteBlocksCommand with id=1560596009379 timed out. Retrying.
2019-06-15 10:53:33,522 DEBUG block.SCMBlockDeletingService (SCMBlockDeletingService.java:call(138)) - Running DeletedBlockTransactionScanner
2019-06-15 10:53:33,522 DEBUG block.SCMBlockDeletingService (SCMBlockDeletingService.java:call(155)) - Scanned deleted blocks log and got 3 delTX to process.
2019-06-15 10:53:33,522 DEBUG block.SCMBlockDeletingService (SCMBlockDeletingService.java:call(171)) - Added delete block command for datanode 325d518f-bf0d-428a-814f-266b27e759e4 in the queue, number of delete block transactions: 3, TxID list: 1,2,3
2019-06-15 10:53:33,523 INFO  block.SCMBlockDeletingService (SCMBlockDeletingService.java:call(182)) - Totally added 3 delete blocks command for 1 datanodes, task elapsed time: 1ms
2019-06-15 10:53:33,554 INFO  commands.RetriableDatanodeEventWatcher (RetriableDatanodeEventWatcher.java:onTimeout(47)) - RetriableDatanodeCommand type=deleteBlocksCommand with id=1560596009350 timed out. Retrying.
2019-06-15 10:53:33,559 INFO  commands.RetriableDatanodeEventWatcher (RetriableDatanodeEventWatcher.java:onTimeout(47)) - RetriableDatanodeCommand type=deleteBlocksCommand with id=1560596009360 timed out. Retrying.
2019-06-15 10:53:33,587 INFO  commands.RetriableDatanodeEventWatcher (RetriableDatanodeEventWatcher.java:onTimeout(47)) - RetriableDatanodeCommand type=deleteBlocksCommand with id=1560596009370 timed out. Retrying.
2019-06-15 10:53:33,614 INFO  commands.RetriableDatanodeEventWatcher (RetriableDatanodeEventWatcher.java:onTimeout(47)) - RetriableDatanodeCommand type=deleteBlocksCommand with id=1560596009380 timed out. Retrying.
2019-06-15 10:53:33,623 DEBUG block.SCMBlockDeletingService (SCMBlockDeletingService.java:call(138)) - Running DeletedBlockTransactionScanner
2019-06-15 10:53:33,623 DEBUG block.SCMBlockDeletingService (SCMBlockDeletingService.java:call(155)) - Scanned deleted blocks log and got 3 delTX to process.
2019-06-15 10:53:33,623 DEBUG block.SCMBlockDeletingService (SCMBlockDeletingService.java:call(171)) - Added delete block command for datanode 325d518f-bf0d-428a-814f-266b27e759e4 in the queue, number of delete block transactions: 3, TxID list: 1,2,3
2019-06-15 10:53:33,624 INFO  block.SCMBlockDeletingService (SCMBlockDeletingService.java:call(182)) - Totally added 3 delete blocks command for 1 datanodes, task elapsed time: 0ms
2019-06-15 10:53:33,652 INFO  commands.RetriableDatanodeEventWatcher (RetriableDatanodeEventWatcher.java:onTimeout(47)) - RetriableDatanodeCommand type=deleteBlocksCommand with id=1560596009351 timed out. Retrying.
2019-06-15 10:53:33,660 INFO  commands.RetriableDatanodeEventWatcher (RetriableDatanodeEventWatcher.java:onTimeout(47)) - RetriableDatanodeCommand type=deleteBlocksCommand with id=1560596009361 timed out. Retrying.
2019-06-15 10:53:33,679 INFO  ozone.MiniOzoneClusterImpl (MiniOzoneClusterImpl.java:lambda$waitForClusterToBeReady$0(142)) - Waiting for cluster to be ready. Got 0 of 1 DN Heartbeats.
2019-06-15 10:53:33,688 INFO  commands.RetriableDatanodeEventWatcher (RetriableDatanodeEventWatcher.java:onTimeout(47)) - RetriableDatanodeCommand type=deleteBlocksCommand with id=1560596009371 timed out. Retrying.
2019-06-15 10:53:33,716 INFO  commands.RetriableDatanodeEventWatcher (RetriableDatanodeEventWatcher.java:onTimeout(47)) - RetriableDatanodeCommand type=deleteBlocksCommand with id=1560596009381 timed out. Retrying.
2019-06-15 10:53:33,724 DEBUG block.SCMBlockDeletingService (SCMBlockDeletingService.java:call(138)) - Running DeletedBlockTransactionScanner
2019-06-15 10:53:33,724 DEBUG block.SCMBlockDeletingService (SCMBlockDeletingService.java:call(155)) - Scanned deleted blocks log and got 3 delTX to process.
2019-06-15 10:53:33,725 DEBUG block.SCMBlockDeletingService (SCMBlockDeletingService.java:call(171)) - Added delete block command for datanode 325d518f-bf0d-428a-814f-266b27e759e4 in the queue, number of delete block transactions: 3, TxID list: 1,2,3
2019-06-15 10:53:33,725 INFO  block.SCMBlockDeletingService (SCMBlockDeletingService.java:call(182)) - Totally added 3 delete blocks command for 1 datanodes, task elapsed time: 1ms
2019-06-15 10:53:33,753 INFO  commands.RetriableDatanodeEventWatcher (RetriableDatanodeEventWatcher.java:onTimeout(47)) - RetriableDatanodeCommand type=deleteBlocksCommand with id=1560596009352 timed out. Retrying.
2019-06-15 10:53:33,762 INFO  commands.RetriableDatanodeEventWatcher (RetriableDatanodeEventWatcher.java:onTimeout(47)) - RetriableDatanodeCommand type=deleteBlocksCommand with id=1560596009362 timed out. Retrying.
2019-06-15 10:53:33,788 INFO  commands.RetriableDatanodeEventWatcher (RetriableDatanodeEventWatcher.java:onTimeout(47)) - RetriableDatanodeCommand type=deleteBlocksCommand with id=1560596009372 timed out. Retrying.
2019-06-15 10:53:33,817 INFO  commands.RetriableDatanodeEventWatcher (RetriableDatanodeEventWatcher.java:onTimeout(47)) - RetriableDatanodeCommand type=deleteBlocksCommand with id=1560596009382 timed out. Retrying.
2019-06-15 10:53:33,825 DEBUG block.SCMBlockDeletingService (SCMBlockDeletingService.java:call(138)) - Running DeletedBlockTransactionScanner
2019-06-15 10:53:33,825 DEBUG block.SCMBlockDeletingService (SCMBlockDeletingService.java:call(155)) - Scanned deleted blocks log and got 3 delTX to process.
2019-06-15 10:53:33,826 DEBUG block.SCMBlockDeletingService (SCMBlockDeletingService.java:call(171)) - Added delete block command for datanode 325d518f-bf0d-428a-814f-266b27e759e4 in the queue, number of delete block transactions: 3, TxID list: 1,2,3
2019-06-15 10:53:33,826 INFO  block.SCMBlockDeletingService (SCMBlockDeletingService.java:call(182)) - Totally added 3 delete blocks command for 1 datanodes, task elapsed time: 1ms
2019-06-15 10:53:33,853 INFO  commands.RetriableDatanodeEventWatcher (RetriableDatanodeEventWatcher.java:onTimeout(47)) - RetriableDatanodeCommand type=deleteBlocksCommand with id=1560596009353 timed out. Retrying.
2019-06-15 10:53:33,864 INFO  commands.RetriableDatanodeEventWatcher (RetriableDatanodeEventWatcher.java:onTimeout(47)) - RetriableDatanodeCommand type=deleteBlocksCommand with id=1560596009363 timed out. Retrying.
2019-06-15 10:53:33,889 INFO  commands.RetriableDatanodeEventWatcher (RetriableDatanodeEventWatcher.java:onTimeout(47)) - RetriableDatanodeCommand type=deleteBlocksCommand with id=1560596009373 timed out. Retrying.
2019-06-15 10:53:33,917 INFO  commands.RetriableDatanodeEventWatcher (RetriableDatanodeEventWatcher.java:onTimeout(47)) - RetriableDatanodeCommand type=deleteBlocksCommand with id=1560596009383 timed out. Retrying.
2019-06-15 10:53:33,926 DEBUG block.SCMBlockDeletingService (SCMBlockDeletingService.java:call(138)) - Running DeletedBlockTransactionScanner
2019-06-15 10:53:33,926 DEBUG block.SCMBlockDeletingService (SCMBlockDeletingService.java:call(155)) - Scanned deleted blocks log and got 3 delTX to process.
2019-06-15 10:53:33,927 DEBUG block.SCMBlockDeletingService (SCMBlockDeletingService.java:call(171)) - Added delete block command for datanode 325d518f-bf0d-428a-814f-266b27e759e4 in the queue, number of delete block transactions: 3, TxID list: 1,2,3
2019-06-15 10:53:33,927 INFO  block.SCMBlockDeletingService (SCMBlockDeletingService.java:call(182)) - Totally added 3 delete blocks command for 1 datanodes, task elapsed time: 1ms
2019-06-15 10:53:33,955 INFO  commands.RetriableDatanodeEventWatcher (RetriableDatanodeEventWatcher.java:onTimeout(47)) - RetriableDatanodeCommand type=deleteBlocksCommand with id=1560596009354 timed out. Retrying.
2019-06-15 10:53:33,962 INFO  commands.RetriableDatanodeEventWatcher (RetriableDatanodeEventWatcher.java:onTimeout(47)) - RetriableDatanodeCommand type=deleteBlocksCommand with id=1560596009364 timed out. Retrying.
2019-06-15 10:53:33,990 INFO  commands.RetriableDatanodeEventWatcher (RetriableDatanodeEventWatcher.java:onTimeout(47)) - RetriableDatanodeCommand type=deleteBlocksCommand with id=1560596009374 timed out. Retrying.
2019-06-15 10:53:34,018 INFO  commands.RetriableDatanodeEventWatcher (RetriableDatanodeEventWatcher.java:onTimeout(47)) - RetriableDatanodeCommand type=deleteBlocksCommand with id=1560596009384 timed out. Retrying.
2019-06-15 10:53:34,027 DEBUG block.SCMBlockDeletingService (SCMBlockDeletingService.java:call(138)) - Running DeletedBlockTransactionScanner
2019-06-15 10:53:34,027 DEBUG block.SCMBlockDeletingService (SCMBlockDeletingService.java:call(155)) - Scanned deleted blocks log and got 3 delTX to process.
2019-06-15 10:53:34,027 DEBUG block.SCMBlockDeletingService (SCMBlockDeletingService.java:call(171)) - Added delete block command for datanode 325d518f-bf0d-428a-814f-266b27e759e4 in the queue, number of delete block transactions: 3, TxID list: 1,2,3
2019-06-15 10:53:34,028 INFO  block.SCMBlockDeletingService (SCMBlockDeletingService.java:call(182)) - Totally added 3 delete blocks command for 1 datanodes, task elapsed time: 0ms
2019-06-15 10:53:34,057 INFO  commands.RetriableDatanodeEventWatcher (RetriableDatanodeEventWatcher.java:onTimeout(47)) - RetriableDatanodeCommand type=deleteBlocksCommand with id=1560596009355 timed out. Retrying.
2019-06-15 10:53:34,064 INFO  commands.RetriableDatanodeEventWatcher (RetriableDatanodeEventWatcher.java:onTimeout(47)) - RetriableDatanodeCommand type=deleteBlocksCommand with id=1560596009365 timed out. Retrying.
2019-06-15 10:53:34,090 INFO  commands.RetriableDatanodeEventWatcher (RetriableDatanodeEventWatcher.java:onTimeout(47)) - RetriableDatanodeCommand type=deleteBlocksCommand with id=1560596009375 timed out. Retrying.
2019-06-15 10:53:34,118 INFO  commands.RetriableDatanodeEventWatcher (RetriableDatanodeEventWatcher.java:onTimeout(47)) - RetriableDatanodeCommand type=deleteBlocksCommand with id=1560596009385 timed out. Retrying.
2019-06-15 10:53:34,128 DEBUG block.SCMBlockDeletingService (SCMBlockDeletingService.java:call(138)) - Running DeletedBlockTransactionScanner
2019-06-15 10:53:34,128 DEBUG block.SCMBlockDeletingService (SCMBlockDeletingService.java:call(155)) - Scanned deleted blocks log and got 3 delTX to process.
2019-06-15 10:53:34,128 DEBUG block.SCMBlockDeletingService (SCMBlockDeletingService.java:call(171)) - Added delete block command for datanode 325d518f-bf0d-428a-814f-266b27e759e4 in the queue, number of delete block transactions: 3, TxID list: 1,2,3
2019-06-15 10:53:34,128 INFO  block.SCMBlockDeletingService (SCMBlockDeletingService.java:call(182)) - Totally added 3 delete blocks command for 1 datanodes, task elapsed time: 0ms
2019-06-15 10:53:34,157 INFO  commands.RetriableDatanodeEventWatcher (RetriableDatanodeEventWatcher.java:onTimeout(47)) - RetriableDatanodeCommand type=deleteBlocksCommand with id=1560596009356 timed out. Retrying.
2019-06-15 10:53:34,165 INFO  commands.RetriableDatanodeEventWatcher (RetriableDatanodeEventWatcher.java:onTimeout(47)) - RetriableDatanodeCommand type=deleteBlocksCommand with id=1560596009366 timed out. Retrying.
2019-06-15 10:53:34,192 INFO  commands.RetriableDatanodeEventWatcher (RetriableDatanodeEventWatcher.java:onTimeout(47)) - RetriableDatanodeCommand type=deleteBlocksCommand with id=1560596009376 timed out. Retrying.
2019-06-15 10:53:34,220 INFO  commands.RetriableDatanodeEventWatcher (RetriableDatanodeEventWatcher.java:onTimeout(47)) - RetriableDatanodeCommand type=deleteBlocksCommand with id=1560596009386 timed out. Retrying.
2019-06-15 10:53:34,229 DEBUG block.SCMBlockDeletingService (SCMBlockDeletingService.java:call(138)) - Running DeletedBlockTransactionScanner
2019-06-15 10:53:34,229 DEBUG block.SCMBlockDeletingService (SCMBlockDeletingService.java:call(155)) - Scanned deleted blocks log and got 3 delTX to process.
2019-06-15 10:53:34,229 DEBUG block.SCMBlockDeletingService (SCMBlockDeletingService.java:call(171)) - Added delete block command for datanode 325d518f-bf0d-428a-814f-266b27e759e4 in the queue, number of delete block transactions: 3, TxID list: 1,2,3
2019-06-15 10:53:34,229 INFO  block.SCMBlockDeletingService (SCMBlockDeletingService.java:call(182)) - Totally added 3 delete blocks command for 1 datanodes, task elapsed time: 1ms
2019-06-15 10:53:34,257 INFO  commands.RetriableDatanodeEventWatcher (RetriableDatanodeEventWatcher.java:onTimeout(47)) - RetriableDatanodeCommand type=deleteBlocksCommand with id=1560596009357 timed out. Retrying.
2019-06-15 10:53:34,285 INFO  commands.RetriableDatanodeEventWatcher (RetriableDatanodeEventWatcher.java:onTimeout(47)) - RetriableDatanodeCommand type=deleteBlocksCommand with id=1560596009367 timed out. Retrying.
2019-06-15 10:53:34,294 INFO  commands.RetriableDatanodeEventWatcher (RetriableDatanodeEventWatcher.java:onTimeout(47)) - RetriableDatanodeCommand type=deleteBlocksCommand with id=1560596009377 timed out. Retrying.
2019-06-15 10:53:34,321 INFO  commands.RetriableDatanodeEventWatcher (RetriableDatanodeEventWatcher.java:onTimeout(47)) - RetriableDatanodeCommand type=deleteBlocksCommand with id=1560596009387 timed out. Retrying.
2019-06-15 10:53:34,329 DEBUG block.SCMBlockDeletingService (SCMBlockDeletingService.java:call(138)) - Running DeletedBlockTransactionScanner
2019-06-15 10:53:34,330 DEBUG block.SCMBlockDeletingService (SCMBlockDeletingService.java:call(155)) - Scanned deleted blocks log and got 3 delTX to process.
2019-06-15 10:53:34,330 DEBUG block.SCMBlockDeletingService (SCMBlockDeletingService.java:call(171)) - Added delete block command for datanode 325d518f-bf0d-428a-814f-266b27e759e4 in the queue, number of delete block transactions: 3, TxID list: 1,2,3
2019-06-15 10:53:34,330 INFO  block.SCMBlockDeletingService (SCMBlockDeletingService.java:call(182)) - Totally added 3 delete blocks command for 1 datanodes, task elapsed time: 1ms
2019-06-15 10:53:34,352 INFO  commands.RetriableDatanodeEventWatcher (RetriableDatanodeEventWatcher.java:onTimeout(47)) - RetriableDatanodeCommand type=deleteBlocksCommand with id=1560596009348 timed out. Retrying.
2019-06-15 10:53:34,367 INFO  commands.RetriableDatanodeEventWatcher (RetriableDatanodeEventWatcher.java:onTimeout(47)) - RetriableDatanodeCommand type=deleteBlocksCommand with id=1560596009358 timed out. Retrying.
2019-06-15 10:53:34,386 INFO  commands.RetriableDatanodeEventWatcher (RetriableDatanodeEventWatcher.java:onTimeout(47)) - RetriableDatanodeCommand type=deleteBlocksCommand with id=1560596009368 timed out. Retrying.
2019-06-15 10:53:34,394 INFO  commands.RetriableDatanodeEventWatcher (RetriableDatanodeEventWatcher.java:onTimeout(47)) - RetriableDatanodeCommand type=deleteBlocksCommand with id=1560596009378 timed out. Retrying.
2019-06-15 10:53:34,422 INFO  commands.RetriableDatanodeEventWatcher (RetriableDatanodeEventWatcher.java:onTimeout(47)) - RetriableDatanodeCommand type=deleteBlocksCommand with id=1560596009388 timed out. Retrying.
2019-06-15 10:53:34,430 DEBUG block.SCMBlockDeletingService (SCMBlockDeletingService.java:call(138)) - Running DeletedBlockTransactionScanner
2019-06-15 10:53:34,430 DEBUG block.SCMBlockDeletingService (SCMBlockDeletingService.java:call(155)) - Scanned deleted blocks log and got 3 delTX to process.
2019-06-15 10:53:34,430 DEBUG block.SCMBlockDeletingService (SCMBlockDeletingService.java:call(171)) - Added delete block command for datanode 325d518f-bf0d-428a-814f-266b27e759e4 in the queue, number of delete block transactions: 3, TxID list: 1,2,3
2019-06-15 10:53:34,431 INFO  block.SCMBlockDeletingService (SCMBlockDeletingService.java:call(182)) - Totally added 3 delete blocks command for 1 datanodes, task elapsed time: 0ms
2019-06-15 10:53:34,452 INFO  commands.RetriableDatanodeEventWatcher (RetriableDatanodeEventWatcher.java:onTimeout(47)) - RetriableDatanodeCommand type=deleteBlocksCommand with id=1560596009349 timed out. Retrying.
2019-06-15 10:53:34,460 INFO  commands.RetriableDatanodeEventWatcher (RetriableDatanodeEventWatcher.java:onTimeout(47)) - RetriableDatanodeCommand type=deleteBlocksCommand with id=1560596009359 timed out. Retrying.
2019-06-15 10:53:34,485 INFO  commands.RetriableDatanodeEventWatcher (RetriableDatanodeEventWatcher.java:onTimeout(47)) - RetriableDatanodeCommand type=deleteBlocksCommand with id=1560596009369 timed out. Retrying.
2019-06-15 10:53:34,495 INFO  commands.RetriableDatanodeEventWatcher (RetriableDatanodeEventWatcher.java:onTimeout(47)) - RetriableDatanodeCommand type=deleteBlocksCommand with id=1560596009379 timed out. Retrying.
2019-06-15 10:53:34,523 INFO  commands.RetriableDatanodeEventWatcher (RetriableDatanodeEventWatcher.java:onTimeout(47)) - RetriableDatanodeCommand type=deleteBlocksCommand with id=1560596009389 timed out. Retrying.
2019-06-15 10:53:34,531 DEBUG block.SCMBlockDeletingService (SCMBlockDeletingService.java:call(138)) - Running DeletedBlockTransactionScanner
2019-06-15 10:53:34,531 DEBUG block.SCMBlockDeletingService (SCMBlockDeletingService.java:call(155)) - Scanned deleted blocks log and got 3 delTX to process.
2019-06-15 10:53:34,531 DEBUG block.SCMBlockDeletingService (SCMBlockDeletingService.java:call(171)) - Added delete block command for datanode 325d518f-bf0d-428a-814f-266b27e759e4 in the queue, number of delete block transactions: 3, TxID list: 1,2,3
2019-06-15 10:53:34,532 INFO  block.SCMBlockDeletingService (SCMBlockDeletingService.java:call(182)) - Totally added 3 delete blocks command for 1 datanodes, task elapsed time: 0ms
2019-06-15 10:53:34,553 INFO  commands.RetriableDatanodeEventWatcher (RetriableDatanodeEventWatcher.java:onTimeout(47)) - RetriableDatanodeCommand type=deleteBlocksCommand with id=1560596009350 timed out. Retrying.
2019-06-15 10:53:34,560 INFO  commands.RetriableDatanodeEventWatcher (RetriableDatanodeEventWatcher.java:onTimeout(47)) - RetriableDatanodeCommand type=deleteBlocksCommand with id=1560596009360 timed out. Retrying.
2019-06-15 10:53:34,587 INFO  commands.RetriableDatanodeEventWatcher (RetriableDatanodeEventWatcher.java:onTimeout(47)) - RetriableDatanodeCommand type=deleteBlocksCommand with id=1560596009370 timed out. Retrying.
2019-06-15 10:53:34,614 INFO  commands.RetriableDatanodeEventWatcher (RetriableDatanodeEventWatcher.java:onTimeout(47)) - RetriableDatanodeCommand type=deleteBlocksCommand with id=1560596009380 timed out. Retrying.
2019-06-15 10:53:34,623 INFO  commands.RetriableDatanodeEventWatcher (RetriableDatanodeEventWatcher.java:onTimeout(47)) - RetriableDatanodeCommand type=deleteBlocksCommand with id=1560596009390 timed out. Retrying.
2019-06-15 10:53:34,632 DEBUG block.SCMBlockDeletingService (SCMBlockDeletingService.java:call(138)) - Running DeletedBlockTransactionScanner
2019-06-15 10:53:34,632 DEBUG block.SCMBlockDeletingService (SCMBlockDeletingService.java:call(155)) - Scanned deleted blocks log and got 3 delTX to process.
2019-06-15 10:53:34,632 DEBUG block.SCMBlockDeletingService (SCMBlockDeletingService.java:call(171)) - Added delete block command for datanode 325d518f-bf0d-428a-814f-266b27e759e4 in the queue, number of delete block transactions: 3, TxID list: 1,2,3
2019-06-15 10:53:34,632 INFO  block.SCMBlockDeletingService (SCMBlockDeletingService.java:call(182)) - Totally added 3 delete blocks command for 1 datanodes, task elapsed time: 0ms
2019-06-15 10:53:34,651 INFO  commands.RetriableDatanodeEventWatcher (RetriableDatanodeEventWatcher.java:onTimeout(47)) - RetriableDatanodeCommand type=deleteBlocksCommand with id=1560596009351 timed out. Retrying.
2019-06-15 10:53:34,661 INFO  commands.RetriableDatanodeEventWatcher (RetriableDatanodeEventWatcher.java:onTimeout(47)) - RetriableDatanodeCommand type=deleteBlocksCommand with id=1560596009361 timed out. Retrying.
2019-06-15 10:53:34,679 INFO  ozone.MiniOzoneClusterImpl (MiniOzoneClusterImpl.java:lambda$waitForClusterToBeReady$0(142)) - Waiting for cluster to be ready. Got 0 of 1 DN Heartbeats.
2019-06-15 10:53:34,689 INFO  commands.RetriableDatanodeEventWatcher (RetriableDatanodeEventWatcher.java:onTimeout(47)) - RetriableDatanodeCommand type=deleteBlocksCommand with id=1560596009371 timed out. Retrying.
2019-06-15 10:53:34,695 INFO  ozoneimpl.OzoneContainer (OzoneContainer.java:start(186)) - Attempting to start container services.
2019-06-15 10:53:34,696 INFO  ozoneimpl.OzoneContainer (OzoneContainer.java:startContainerScrub(160)) - Background container scrubber has been disabled by hdds.containerscrub.enabled
2019-06-15 10:53:34,696 INFO  ratis.XceiverServerRatis (XceiverServerRatis.java:start(418)) - Starting XceiverServerRatis 325d518f-bf0d-428a-814f-266b27e759e4 at port 37167
2019-06-15 10:53:34,702 INFO  impl.RaftServerImpl (RaftServerImpl.java:start(173)) - 325d518f-bf0d-428a-814f-266b27e759e4: start group-9696F0872FC0
2019-06-15 10:53:34,703 INFO  impl.RaftServerImpl (RaftServerImpl.java:setRole(164)) - 325d518f-bf0d-428a-814f-266b27e759e4:group-9696F0872FC0 changes role from null to FOLLOWER at term 1 for startAsFollower
2019-06-15 10:53:34,703 INFO  impl.RoleInfo (RoleInfo.java:updateAndGet(143)) - 325d518f-bf0d-428a-814f-266b27e759e4: start FollowerState
2019-06-15 10:53:34,704 INFO  util.JmxRegister (JmxRegister.java:tryRegister(44)) - Successfully registered JMX Bean with object name Ratis:service=RaftServer,group=group-9696F0872FC0,id=325d518f-bf0d-428a-814f-266b27e759e4
2019-06-15 10:53:34,704 INFO  impl.RaftServerProxy (RaftServerProxy.java:lambda$start$3(299)) - 325d518f-bf0d-428a-814f-266b27e759e4: start RPC server
2019-06-15 10:53:34,707 INFO  server.GrpcService (GrpcService.java:startImpl(148)) - 325d518f-bf0d-428a-814f-266b27e759e4: GrpcService started, listening on 0.0.0.0/0.0.0.0:37167
2019-06-15 10:53:34,716 INFO  commands.RetriableDatanodeEventWatcher (RetriableDatanodeEventWatcher.java:onTimeout(47)) - RetriableDatanodeCommand type=deleteBlocksCommand with id=1560596009381 timed out. Retrying.
2019-06-15 10:53:34,724 INFO  commands.RetriableDatanodeEventWatcher (RetriableDatanodeEventWatcher.java:onTimeout(47)) - RetriableDatanodeCommand type=deleteBlocksCommand with id=1560596009391 timed out. Retrying.
2019-06-15 10:53:34,733 DEBUG block.SCMBlockDeletingService (SCMBlockDeletingService.java:call(138)) - Running DeletedBlockTransactionScanner
2019-06-15 10:53:34,733 DEBUG block.SCMBlockDeletingService (SCMBlockDeletingService.java:call(155)) - Scanned deleted blocks log and got 3 delTX to process.
2019-06-15 10:53:34,733 DEBUG block.SCMBlockDeletingService (SCMBlockDeletingService.java:call(171)) - Added delete block command for datanode 325d518f-bf0d-428a-814f-266b27e759e4 in the queue, number of delete block transactions: 3, TxID list: 1,2,3
2019-06-15 10:53:34,733 INFO  block.SCMBlockDeletingService (SCMBlockDeletingService.java:call(182)) - Totally added 3 delete blocks command for 1 datanodes, task elapsed time: 1ms
2019-06-15 10:53:34,753 INFO  commands.RetriableDatanodeEventWatcher (RetriableDatanodeEventWatcher.java:onTimeout(47)) - RetriableDatanodeCommand type=deleteBlocksCommand with id=1560596009352 timed out. Retrying.
2019-06-15 10:53:34,762 INFO  commands.RetriableDatanodeEventWatcher (RetriableDatanodeEventWatcher.java:onTimeout(47)) - RetriableDatanodeCommand type=deleteBlocksCommand with id=1560596009362 timed out. Retrying.
2019-06-15 10:53:34,789 INFO  commands.RetriableDatanodeEventWatcher (RetriableDatanodeEventWatcher.java:onTimeout(47)) - RetriableDatanodeCommand type=deleteBlocksCommand with id=1560596009372 timed out. Retrying.
2019-06-15 10:53:34,818 INFO  commands.RetriableDatanodeEventWatcher (RetriableDatanodeEventWatcher.java:onTimeout(47)) - RetriableDatanodeCommand type=deleteBlocksCommand with id=1560596009382 timed out. Retrying.
2019-06-15 10:53:34,826 INFO  commands.RetriableDatanodeEventWatcher (RetriableDatanodeEventWatcher.java:onTimeout(47)) - RetriableDatanodeCommand type=deleteBlocksCommand with id=1560596009392 timed out. Retrying.
2019-06-15 10:53:34,833 DEBUG block.SCMBlockDeletingService (SCMBlockDeletingService.java:call(138)) - Running DeletedBlockTransactionScanner
2019-06-15 10:53:34,834 DEBUG block.SCMBlockDeletingService (SCMBlockDeletingService.java:call(155)) - Scanned deleted blocks log and got 3 delTX to process.
2019-06-15 10:53:34,834 DEBUG block.SCMBlockDeletingService (SCMBlockDeletingService.java:call(171)) - Added delete block command for datanode 325d518f-bf0d-428a-814f-266b27e759e4 in the queue, number of delete block transactions: 3, TxID list: 1,2,3
2019-06-15 10:53:34,834 INFO  block.SCMBlockDeletingService (SCMBlockDeletingService.java:call(182)) - Totally added 3 delete blocks command for 1 datanodes, task elapsed time: 1ms
2019-06-15 10:53:34,854 INFO  commands.RetriableDatanodeEventWatcher (RetriableDatanodeEventWatcher.java:onTimeout(47)) - RetriableDatanodeCommand type=deleteBlocksCommand with id=1560596009353 timed out. Retrying.
2019-06-15 10:53:34,864 INFO  commands.RetriableDatanodeEventWatcher (RetriableDatanodeEventWatcher.java:onTimeout(47)) - RetriableDatanodeCommand type=deleteBlocksCommand with id=1560596009363 timed out. Retrying.
2019-06-15 10:53:34,889 INFO  commands.RetriableDatanodeEventWatcher (RetriableDatanodeEventWatcher.java:onTimeout(47)) - RetriableDatanodeCommand type=deleteBlocksCommand with id=1560596009373 timed out. Retrying.
2019-06-15 10:53:34,918 INFO  commands.RetriableDatanodeEventWatcher (RetriableDatanodeEventWatcher.java:onTimeout(47)) - RetriableDatanodeCommand type=deleteBlocksCommand with id=1560596009383 timed out. Retrying.
2019-06-15 10:53:34,927 INFO  commands.RetriableDatanodeEventWatcher (RetriableDatanodeEventWatcher.java:onTimeout(47)) - RetriableDatanodeCommand type=deleteBlocksCommand with id=1560596009393 timed out. Retrying.
2019-06-15 10:53:34,934 DEBUG block.SCMBlockDeletingService (SCMBlockDeletingService.java:call(138)) - Running DeletedBlockTransactionScanner
2019-06-15 10:53:34,934 DEBUG block.SCMBlockDeletingService (SCMBlockDeletingService.java:call(155)) - Scanned deleted blocks log and got 3 delTX to process.
2019-06-15 10:53:34,934 DEBUG block.SCMBlockDeletingService (SCMBlockDeletingService.java:call(171)) - Added delete block command for datanode 325d518f-bf0d-428a-814f-266b27e759e4 in the queue, number of delete block transactions: 3, TxID list: 1,2,3
2019-06-15 10:53:34,935 INFO  block.SCMBlockDeletingService (SCMBlockDeletingService.java:call(182)) - Totally added 3 delete blocks command for 1 datanodes, task elapsed time: 0ms
2019-06-15 10:53:34,956 INFO  commands.RetriableDatanodeEventWatcher (RetriableDatanodeEventWatcher.java:onTimeout(47)) - RetriableDatanodeCommand type=deleteBlocksCommand with id=1560596009354 timed out. Retrying.
2019-06-15 10:53:34,963 INFO  commands.RetriableDatanodeEventWatcher (RetriableDatanodeEventWatcher.java:onTimeout(47)) - RetriableDatanodeCommand type=deleteBlocksCommand with id=1560596009364 timed out. Retrying.
2019-06-15 10:53:34,990 INFO  commands.RetriableDatanodeEventWatcher (RetriableDatanodeEventWatcher.java:onTimeout(47)) - RetriableDatanodeCommand type=deleteBlocksCommand with id=1560596009374 timed out. Retrying.
2019-06-15 10:53:35,018 INFO  commands.RetriableDatanodeEventWatcher (RetriableDatanodeEventWatcher.java:onTimeout(47)) - RetriableDatanodeCommand type=deleteBlocksCommand with id=1560596009384 timed out. Retrying.
2019-06-15 10:53:35,028 INFO  commands.RetriableDatanodeEventWatcher (RetriableDatanodeEventWatcher.java:onTimeout(47)) - RetriableDatanodeCommand type=deleteBlocksCommand with id=1560596009394 timed out. Retrying.
2019-06-15 10:53:35,035 DEBUG block.SCMBlockDeletingService (SCMBlockDeletingService.java:call(138)) - Running DeletedBlockTransactionScanner
2019-06-15 10:53:35,035 DEBUG block.SCMBlockDeletingService (SCMBlockDeletingService.java:call(155)) - Scanned deleted blocks log and got 3 delTX to process.
2019-06-15 10:53:35,035 DEBUG block.SCMBlockDeletingService (SCMBlockDeletingService.java:call(171)) - Added delete block command for datanode 325d518f-bf0d-428a-814f-266b27e759e4 in the queue, number of delete block transactions: 3, TxID list: 1,2,3
2019-06-15 10:53:35,035 INFO  block.SCMBlockDeletingService (SCMBlockDeletingService.java:call(182)) - Totally added 3 delete blocks command for 1 datanodes, task elapsed time: 0ms
2019-06-15 10:53:35,056 INFO  commands.RetriableDatanodeEventWatcher (RetriableDatanodeEventWatcher.java:onTimeout(47)) - RetriableDatanodeCommand type=deleteBlocksCommand with id=1560596009355 timed out. Retrying.
2019-06-15 10:53:35,065 INFO  commands.RetriableDatanodeEventWatcher (RetriableDatanodeEventWatcher.java:onTimeout(47)) - RetriableDatanodeCommand type=deleteBlocksCommand with id=1560596009365 timed out. Retrying.
2019-06-15 10:53:35,091 INFO  commands.RetriableDatanodeEventWatcher (RetriableDatanodeEventWatcher.java:onTimeout(47)) - RetriableDatanodeCommand type=deleteBlocksCommand with id=1560596009375 timed out. Retrying.
2019-06-15 10:53:35,118 INFO  commands.RetriableDatanodeEventWatcher (RetriableDatanodeEventWatcher.java:onTimeout(47)) - RetriableDatanodeCommand type=deleteBlocksCommand with id=1560596009385 timed out. Retrying.
2019-06-15 10:53:35,128 INFO  commands.RetriableDatanodeEventWatcher (RetriableDatanodeEventWatcher.java:onTimeout(47)) - RetriableDatanodeCommand type=deleteBlocksCommand with id=1560596009395 timed out. Retrying.
2019-06-15 10:53:35,136 DEBUG block.SCMBlockDeletingService (SCMBlockDeletingService.java:call(138)) - Running DeletedBlockTransactionScanner
2019-06-15 10:53:35,136 DEBUG block.SCMBlockDeletingService (SCMBlockDeletingService.java:call(155)) - Scanned deleted blocks log and got 3 delTX to process.
2019-06-15 10:53:35,136 DEBUG block.SCMBlockDeletingService (SCMBlockDeletingService.java:call(171)) - Added delete block command for datanode 325d518f-bf0d-428a-814f-266b27e759e4 in the queue, number of delete block transactions: 3, TxID list: 1,2,3
2019-06-15 10:53:35,136 INFO  block.SCMBlockDeletingService (SCMBlockDeletingService.java:call(182)) - Totally added 3 delete blocks command for 1 datanodes, task elapsed time: 1ms
2019-06-15 10:53:35,157 INFO  commands.RetriableDatanodeEventWatcher (RetriableDatanodeEventWatcher.java:onTimeout(47)) - RetriableDatanodeCommand type=deleteBlocksCommand with id=1560596009356 timed out. Retrying.
2019-06-15 10:53:35,164 INFO  commands.RetriableDatanodeEventWatcher (RetriableDatanodeEventWatcher.java:onTimeout(47)) - RetriableDatanodeCommand type=deleteBlocksCommand with id=1560596009366 timed out. Retrying.
2019-06-15 10:53:35,192 INFO  commands.RetriableDatanodeEventWatcher (RetriableDatanodeEventWatcher.java:onTimeout(47)) - RetriableDatanodeCommand type=deleteBlocksCommand with id=1560596009376 timed out. Retrying.
2019-06-15 10:53:35,221 INFO  commands.RetriableDatanodeEventWatcher (RetriableDatanodeEventWatcher.java:onTimeout(47)) - RetriableDatanodeCommand type=deleteBlocksCommand with id=1560596009386 timed out. Retrying.
2019-06-15 10:53:35,229 INFO  commands.RetriableDatanodeEventWatcher (RetriableDatanodeEventWatcher.java:onTimeout(47)) - RetriableDatanodeCommand type=deleteBlocksCommand with id=1560596009396 timed out. Retrying.
2019-06-15 10:53:35,236 DEBUG block.SCMBlockDeletingService (SCMBlockDeletingService.java:call(138)) - Running DeletedBlockTransactionScanner
2019-06-15 10:53:35,236 DEBUG block.SCMBlockDeletingService (SCMBlockDeletingService.java:call(155)) - Scanned deleted blocks log and got 3 delTX to process.
2019-06-15 10:53:35,237 DEBUG block.SCMBlockDeletingService (SCMBlockDeletingService.java:call(171)) - Added delete block command for datanode 325d518f-bf0d-428a-814f-266b27e759e4 in the queue, number of delete block transactions: 3, TxID list: 1,2,3
2019-06-15 10:53:35,237 INFO  block.SCMBlockDeletingService (SCMBlockDeletingService.java:call(182)) - Totally added 3 delete blocks command for 1 datanodes, task elapsed time: 0ms
2019-06-15 10:53:35,258 INFO  commands.RetriableDatanodeEventWatcher (RetriableDatanodeEventWatcher.java:onTimeout(47)) - RetriableDatanodeCommand type=deleteBlocksCommand with id=1560596009357 timed out. Retrying.
2019-06-15 10:53:35,285 INFO  commands.RetriableDatanodeEventWatcher (RetriableDatanodeEventWatcher.java:onTimeout(47)) - RetriableDatanodeCommand type=deleteBlocksCommand with id=1560596009367 timed out. Retrying.
2019-06-15 10:53:35,293 INFO  commands.RetriableDatanodeEventWatcher (RetriableDatanodeEventWatcher.java:onTimeout(47)) - RetriableDatanodeCommand type=deleteBlocksCommand with id=1560596009377 timed out. Retrying.
2019-06-15 10:53:35,322 INFO  commands.RetriableDatanodeEventWatcher (RetriableDatanodeEventWatcher.java:onTimeout(47)) - RetriableDatanodeCommand type=deleteBlocksCommand with id=1560596009387 timed out. Retrying.
2019-06-15 10:53:35,330 INFO  commands.RetriableDatanodeEventWatcher (RetriableDatanodeEventWatcher.java:onTimeout(47)) - RetriableDatanodeCommand type=deleteBlocksCommand with id=1560596009397 timed out. Retrying.
2019-06-15 10:53:35,337 DEBUG block.SCMBlockDeletingService (SCMBlockDeletingService.java:call(138)) - Running DeletedBlockTransactionScanner
2019-06-15 10:53:35,337 DEBUG block.SCMBlockDeletingService (SCMBlockDeletingService.java:call(155)) - Scanned deleted blocks log and got 3 delTX to process.
2019-06-15 10:53:35,337 DEBUG block.SCMBlockDeletingService (SCMBlockDeletingService.java:call(171)) - Added delete block command for datanode 325d518f-bf0d-428a-814f-266b27e759e4 in the queue, number of delete block transactions: 3, TxID list: 1,2,3
2019-06-15 10:53:35,338 INFO  block.SCMBlockDeletingService (SCMBlockDeletingService.java:call(182)) - Totally added 3 delete blocks command for 1 datanodes, task elapsed time: 0ms
2019-06-15 10:53:35,352 INFO  commands.RetriableDatanodeEventWatcher (RetriableDatanodeEventWatcher.java:onTimeout(47)) - RetriableDatanodeCommand type=deleteBlocksCommand with id=1560596009348 timed out. Retrying.
2019-06-15 10:53:35,368 INFO  commands.RetriableDatanodeEventWatcher (RetriableDatanodeEventWatcher.java:onTimeout(47)) - RetriableDatanodeCommand type=deleteBlocksCommand with id=1560596009358 timed out. Retrying.
2019-06-15 10:53:35,386 INFO  commands.RetriableDatanodeEventWatcher (RetriableDatanodeEventWatcher.java:onTimeout(47)) - RetriableDatanodeCommand type=deleteBlocksCommand with id=1560596009368 timed out. Retrying.
2019-06-15 10:53:35,393 INFO  commands.RetriableDatanodeEventWatcher (RetriableDatanodeEventWatcher.java:onTimeout(47)) - RetriableDatanodeCommand type=deleteBlocksCommand with id=1560596009378 timed out. Retrying.
2019-06-15 10:53:35,422 INFO  commands.RetriableDatanodeEventWatcher (RetriableDatanodeEventWatcher.java:onTimeout(47)) - RetriableDatanodeCommand type=deleteBlocksCommand with id=1560596009388 timed out. Retrying.
2019-06-15 10:53:35,431 INFO  commands.RetriableDatanodeEventWatcher (RetriableDatanodeEventWatcher.java:onTimeout(47)) - RetriableDatanodeCommand type=deleteBlocksCommand with id=1560596009398 timed out. Retrying.
2019-06-15 10:53:35,438 DEBUG block.SCMBlockDeletingService (SCMBlockDeletingService.java:call(138)) - Running DeletedBlockTransactionScanner
2019-06-15 10:53:35,438 DEBUG block.SCMBlockDeletingService (SCMBlockDeletingService.java:call(155)) - Scanned deleted blocks log and got 3 delTX to process.
2019-06-15 10:53:35,438 DEBUG block.SCMBlockDeletingService (SCMBlockDeletingService.java:call(171)) - Added delete block command for datanode 325d518f-bf0d-428a-814f-266b27e759e4 in the queue, number of delete block transactions: 3, TxID list: 1,2,3
2019-06-15 10:53:35,438 INFO  block.SCMBlockDeletingService (SCMBlockDeletingService.java:call(182)) - Totally added 3 delete blocks command for 1 datanodes, task elapsed time: 1ms
2019-06-15 10:53:35,451 INFO  commands.RetriableDatanodeEventWatcher (RetriableDatanodeEventWatcher.java:onTimeout(47)) - RetriableDatanodeCommand type=deleteBlocksCommand with id=1560596009349 timed out. Retrying.
2019-06-15 10:53:35,460 INFO  commands.RetriableDatanodeEventWatcher (RetriableDatanodeEventWatcher.java:onTimeout(47)) - RetriableDatanodeCommand type=deleteBlocksCommand with id=1560596009359 timed out. Retrying.
2019-06-15 10:53:35,486 INFO  commands.RetriableDatanodeEventWatcher (RetriableDatanodeEventWatcher.java:onTimeout(47)) - RetriableDatanodeCommand type=deleteBlocksCommand with id=1560596009369 timed out. Retrying.
2019-06-15 10:53:35,495 INFO  commands.RetriableDatanodeEventWatcher (RetriableDatanodeEventWatcher.java:onTimeout(47)) - RetriableDatanodeCommand type=deleteBlocksCommand with id=1560596009379 timed out. Retrying.
2019-06-15 10:53:35,522 INFO  commands.RetriableDatanodeEventWatcher (RetriableDatanodeEventWatcher.java:onTimeout(47)) - RetriableDatanodeCommand type=deleteBlocksCommand with id=1560596009389 timed out. Retrying.
2019-06-15 10:53:35,531 INFO  commands.RetriableDatanodeEventWatcher (RetriableDatanodeEventWatcher.java:onTimeout(47)) - RetriableDatanodeCommand type=deleteBlocksCommand with id=1560596009399 timed out. Retrying.
2019-06-15 10:53:35,538 DEBUG block.SCMBlockDeletingService (SCMBlockDeletingService.java:call(138)) - Running DeletedBlockTransactionScanner
2019-06-15 10:53:35,539 DEBUG block.SCMBlockDeletingService (SCMBlockDeletingService.java:call(155)) - Scanned deleted blocks log and got 3 delTX to process.
2019-06-15 10:53:35,539 DEBUG block.SCMBlockDeletingService (SCMBlockDeletingService.java:call(171)) - Added delete block command for datanode 325d518f-bf0d-428a-814f-266b27e759e4 in the queue, number of delete block transactions: 3, TxID list: 1,2,3
2019-06-15 10:53:35,539 INFO  block.SCMBlockDeletingService (SCMBlockDeletingService.java:call(182)) - Totally added 3 delete blocks command for 1 datanodes, task elapsed time: 1ms
2019-06-15 10:53:35,553 INFO  commands.RetriableDatanodeEventWatcher (RetriableDatanodeEventWatcher.java:onTimeout(47)) - RetriableDatanodeCommand type=deleteBlocksCommand with id=1560596009350 timed out. Retrying.
2019-06-15 10:53:35,560 INFO  commands.RetriableDatanodeEventWatcher (RetriableDatanodeEventWatcher.java:onTimeout(47)) - RetriableDatanodeCommand type=deleteBlocksCommand with id=1560596009360 timed out. Retrying.
2019-06-15 10:53:35,587 INFO  commands.RetriableDatanodeEventWatcher (RetriableDatanodeEventWatcher.java:onTimeout(47)) - RetriableDatanodeCommand type=deleteBlocksCommand with id=1560596009370 timed out. Retrying.
2019-06-15 10:53:35,615 INFO  commands.RetriableDatanodeEventWatcher (RetriableDatanodeEventWatcher.java:onTimeout(47)) - RetriableDatanodeCommand type=deleteBlocksCommand with id=1560596009380 timed out. Retrying.
2019-06-15 10:53:35,623 INFO  commands.RetriableDatanodeEventWatcher (RetriableDatanodeEventWatcher.java:onTimeout(47)) - RetriableDatanodeCommand type=deleteBlocksCommand with id=1560596009390 timed out. Retrying.
2019-06-15 10:53:35,632 INFO  commands.RetriableDatanodeEventWatcher (RetriableDatanodeEventWatcher.java:onTimeout(47)) - RetriableDatanodeCommand type=deleteBlocksCommand with id=1560596009400 timed out. Retrying.
2019-06-15 10:53:35,639 DEBUG block.SCMBlockDeletingService (SCMBlockDeletingService.java:call(138)) - Running DeletedBlockTransactionScanner
2019-06-15 10:53:35,639 DEBUG block.SCMBlockDeletingService (SCMBlockDeletingService.java:call(155)) - Scanned deleted blocks log and got 3 delTX to process.
2019-06-15 10:53:35,639 DEBUG block.SCMBlockDeletingService (SCMBlockDeletingService.java:call(171)) - Added delete block command for datanode 325d518f-bf0d-428a-814f-266b27e759e4 in the queue, number of delete block transactions: 3, TxID list: 1,2,3
2019-06-15 10:53:35,640 INFO  block.SCMBlockDeletingService (SCMBlockDeletingService.java:call(182)) - Totally added 3 delete blocks command for 1 datanodes, task elapsed time: 0ms
2019-06-15 10:53:35,652 INFO  commands.RetriableDatanodeEventWatcher (RetriableDatanodeEventWatcher.java:onTimeout(47)) - RetriableDatanodeCommand type=deleteBlocksCommand with id=1560596009351 timed out. Retrying.
2019-06-15 10:53:35,661 INFO  commands.RetriableDatanodeEventWatcher (RetriableDatanodeEventWatcher.java:onTimeout(47)) - RetriableDatanodeCommand type=deleteBlocksCommand with id=1560596009361 timed out. Retrying.
2019-06-15 10:53:35,679 INFO  ozone.MiniOzoneClusterImpl (MiniOzoneClusterImpl.java:lambda$waitForClusterToBeReady$0(142)) - Waiting for cluster to be ready. Got 0 of 1 DN Heartbeats.
2019-06-15 10:53:35,689 INFO  commands.RetriableDatanodeEventWatcher (RetriableDatanodeEventWatcher.java:onTimeout(47)) - RetriableDatanodeCommand type=deleteBlocksCommand with id=1560596009371 timed out. Retrying.
2019-06-15 10:53:35,716 INFO  commands.RetriableDatanodeEventWatcher (RetriableDatanodeEventWatcher.java:onTimeout(47)) - RetriableDatanodeCommand type=deleteBlocksCommand with id=1560596009381 timed out. Retrying.
2019-06-15 10:53:35,725 INFO  commands.RetriableDatanodeEventWatcher (RetriableDatanodeEventWatcher.java:onTimeout(47)) - RetriableDatanodeCommand type=deleteBlocksCommand with id=1560596009391 timed out. Retrying.
2019-06-15 10:53:35,734 INFO  commands.RetriableDatanodeEventWatcher (RetriableDatanodeEventWatcher.java:onTimeout(47)) - RetriableDatanodeCommand type=deleteBlocksCommand with id=1560596009401 timed out. Retrying.
2019-06-15 10:53:35,740 DEBUG block.SCMBlockDeletingService (SCMBlockDeletingService.java:call(138)) - Running DeletedBlockTransactionScanner
2019-06-15 10:53:35,740 DEBUG block.SCMBlockDeletingService (SCMBlockDeletingService.java:call(155)) - Scanned deleted blocks log and got 3 delTX to process.
2019-06-15 10:53:35,740 DEBUG block.SCMBlockDeletingService (SCMBlockDeletingService.java:call(171)) - Added delete block command for datanode 325d518f-bf0d-428a-814f-266b27e759e4 in the queue, number of delete block transactions: 3, TxID list: 1,2,3
2019-06-15 10:53:35,740 INFO  block.SCMBlockDeletingService (SCMBlockDeletingService.java:call(182)) - Totally added 3 delete blocks command for 1 datanodes, task elapsed time: 1ms
2019-06-15 10:53:35,752 INFO  impl.FollowerState (FollowerState.java:run(101)) - 325d518f-bf0d-428a-814f-266b27e759e4:group-9696F0872FC0 changes to CANDIDATE, lastRpcTime:1048, electionTimeout:1048ms
2019-06-15 10:53:35,752 INFO  impl.RoleInfo (RoleInfo.java:shutdownFollowerState(121)) - 325d518f-bf0d-428a-814f-266b27e759e4: shutdown FollowerState
2019-06-15 10:53:35,752 INFO  impl.RaftServerImpl (RaftServerImpl.java:setRole(164)) - 325d518f-bf0d-428a-814f-266b27e759e4:group-9696F0872FC0 changes role from FOLLOWER to CANDIDATE at term 1 for changeToCandidate
2019-06-15 10:53:35,752 INFO  impl.RoleInfo (RoleInfo.java:updateAndGet(143)) - 325d518f-bf0d-428a-814f-266b27e759e4: start LeaderElection
2019-06-15 10:53:35,753 INFO  commands.RetriableDatanodeEventWatcher (RetriableDatanodeEventWatcher.java:onTimeout(47)) - RetriableDatanodeCommand type=deleteBlocksCommand with id=1560596009352 timed out. Retrying.
2019-06-15 10:53:35,763 INFO  commands.RetriableDatanodeEventWatcher (RetriableDatanodeEventWatcher.java:onTimeout(47)) - RetriableDatanodeCommand type=deleteBlocksCommand with id=1560596009362 timed out. Retrying.
2019-06-15 10:53:35,789 INFO  commands.RetriableDatanodeEventWatcher (RetriableDatanodeEventWatcher.java:onTimeout(47)) - RetriableDatanodeCommand type=deleteBlocksCommand with id=1560596009372 timed out. Retrying.
2019-06-15 10:53:35,808 INFO  impl.LeaderElection (LeaderElection.java:askForVotes(181)) - 325d518f-bf0d-428a-814f-266b27e759e4:group-9696F0872FC0:LeaderElection2: begin an election at term 2 for 0: [325d518f-bf0d-428a-814f-266b27e759e4:192.168.134.89:37167], old=null
2019-06-15 10:53:35,808 INFO  impl.RoleInfo (RoleInfo.java:shutdownLeaderElection(134)) - 325d518f-bf0d-428a-814f-266b27e759e4: shutdown LeaderElection
2019-06-15 10:53:35,808 INFO  impl.RaftServerImpl (RaftServerImpl.java:setRole(164)) - 325d518f-bf0d-428a-814f-266b27e759e4:group-9696F0872FC0 changes role from CANDIDATE to LEADER at term 2 for changeToLeader
2019-06-15 10:53:35,808 INFO  impl.RaftServerImpl (ServerState.java:setLeader(263)) - 325d518f-bf0d-428a-814f-266b27e759e4:group-9696F0872FC0 change Leader from null to 325d518f-bf0d-428a-814f-266b27e759e4 at term 2 for becomeLeader, leader elected after 3288ms
2019-06-15 10:53:35,808 INFO  server.RaftServerConfigKeys (ConfUtils.java:logGet(43)) - raft.server.staging.catchup.gap = 1000 (default)
2019-06-15 10:53:35,808 INFO  server.RaftServerConfigKeys (ConfUtils.java:logGet(43)) - raft.server.rpc.sleep.time = 25ms (default)
2019-06-15 10:53:35,808 INFO  server.RaftServerConfigKeys (ConfUtils.java:logGet(43)) - raft.server.watch.timeout = 10s (default)
2019-06-15 10:53:35,808 INFO  server.RaftServerConfigKeys (ConfUtils.java:logGet(43)) - raft.server.watch.timeout.denomination = 1s (default)
2019-06-15 10:53:35,809 INFO  impl.RoleInfo (RoleInfo.java:updateAndGet(143)) - 325d518f-bf0d-428a-814f-266b27e759e4: start LeaderState
2019-06-15 10:53:35,809 INFO  storage.RaftLogWorker (RaftLogWorker.java:rollLogSegment(303)) - 325d518f-bf0d-428a-814f-266b27e759e4-RaftLogWorker: Rolling segment log-7175_7223 to index:7223
2019-06-15 10:53:35,810 INFO  impl.RaftServerImpl (ServerState.java:setRaftConf(361)) - 325d518f-bf0d-428a-814f-266b27e759e4:group-9696F0872FC0 set configuration 7224: [325d518f-bf0d-428a-814f-266b27e759e4:192.168.134.89:37167], old=null at 7224
2019-06-15 10:53:35,810 INFO  storage.RaftLogWorker (RaftLogWorker.java:execute(433)) - 325d518f-bf0d-428a-814f-266b27e759e4-RaftLogWorker: Rolled log segment from /opt/src/hadoop-ozone/integration-test/target/test-dir/MiniOzoneClusterImpl-dd99cefe-9779-4043-9d74-181b69d2a827/datanode-0/data/ratis/e0f1d9ef-e225-4b24-a786-9696f0872fc0/current/log_inprogress_7175 to /opt/src/hadoop-ozone/integration-test/target/test-dir/MiniOzoneClusterImpl-dd99cefe-9779-4043-9d74-181b69d2a827/datanode-0/data/ratis/e0f1d9ef-e225-4b24-a786-9696f0872fc0/current/log_7175-7223
2019-06-15 10:53:35,818 INFO  commands.RetriableDatanodeEventWatcher (RetriableDatanodeEventWatcher.java:onTimeout(47)) - RetriableDatanodeCommand type=deleteBlocksCommand with id=1560596009382 timed out. Retrying.
2019-06-15 10:53:35,826 INFO  commands.RetriableDatanodeEventWatcher (RetriableDatanodeEventWatcher.java:onTimeout(47)) - RetriableDatanodeCommand type=deleteBlocksCommand with id=1560596009392 timed out. Retrying.
2019-06-15 10:53:35,834 INFO  commands.RetriableDatanodeEventWatcher (RetriableDatanodeEventWatcher.java:onTimeout(47)) - RetriableDatanodeCommand type=deleteBlocksCommand with id=1560596009402 timed out. Retrying.
2019-06-15 10:53:35,841 DEBUG block.SCMBlockDeletingService (SCMBlockDeletingService.java:call(138)) - Running DeletedBlockTransactionScanner
2019-06-15 10:53:35,841 DEBUG block.SCMBlockDeletingService (SCMBlockDeletingService.java:call(155)) - Scanned deleted blocks log and got 3 delTX to process.
2019-06-15 10:53:35,841 DEBUG block.SCMBlockDeletingService (SCMBlockDeletingService.java:call(171)) - Added delete block command for datanode 325d518f-bf0d-428a-814f-266b27e759e4 in the queue, number of delete block transactions: 3, TxID list: 1,2,3
2019-06-15 10:53:35,841 INFO  block.SCMBlockDeletingService (SCMBlockDeletingService.java:call(182)) - Totally added 3 delete blocks command for 1 datanodes, task elapsed time: 1ms
2019-06-15 10:53:35,854 INFO  commands.RetriableDatanodeEventWatcher (RetriableDatanodeEventWatcher.java:onTimeout(47)) - RetriableDatanodeCommand type=deleteBlocksCommand with id=1560596009353 timed out. Retrying.
2019-06-15 10:53:35,864 INFO  commands.RetriableDatanodeEventWatcher (RetriableDatanodeEventWatcher.java:onTimeout(47)) - RetriableDatanodeCommand type=deleteBlocksCommand with id=1560596009363 timed out. Retrying.
2019-06-15 10:53:35,890 INFO  commands.RetriableDatanodeEventWatcher (RetriableDatanodeEventWatcher.java:onTimeout(47)) - RetriableDatanodeCommand type=deleteBlocksCommand with id=1560596009373 timed out. Retrying.
2019-06-15 10:53:35,902 INFO  storage.RaftLogWorker (RaftLogWorker.java:execute(469)) - 325d518f-bf0d-428a-814f-266b27e759e4-RaftLogWorker: created new log segment /opt/src/hadoop-ozone/integration-test/target/test-dir/MiniOzoneClusterImpl-dd99cefe-9779-4043-9d74-181b69d2a827/datanode-0/data/ratis/e0f1d9ef-e225-4b24-a786-9696f0872fc0/current/log_inprogress_7224
2019-06-15 10:53:35,918 INFO  commands.RetriableDatanodeEventWatcher (RetriableDatanodeEventWatcher.java:onTimeout(47)) - RetriableDatanodeCommand type=deleteBlocksCommand with id=1560596009383 timed out. Retrying.
2019-06-15 10:53:35,927 INFO  commands.RetriableDatanodeEventWatcher (RetriableDatanodeEventWatcher.java:onTimeout(47)) - RetriableDatanodeCommand type=deleteBlocksCommand with id=1560596009393 timed out. Retrying.
2019-06-15 10:53:35,934 INFO  commands.RetriableDatanodeEventWatcher (RetriableDatanodeEventWatcher.java:onTimeout(47)) - RetriableDatanodeCommand type=deleteBlocksCommand with id=1560596009403 timed out. Retrying.
2019-06-15 10:53:35,941 DEBUG block.SCMBlockDeletingService (SCMBlockDeletingService.java:call(138)) - Running DeletedBlockTransactionScanner
2019-06-15 10:53:35,942 DEBUG block.SCMBlockDeletingService (SCMBlockDeletingService.java:call(155)) - Scanned deleted blocks log and got 3 delTX to process.
2019-06-15 10:53:35,942 DEBUG block.SCMBlockDeletingService (SCMBlockDeletingService.java:call(171)) - Added delete block command for datanode 325d518f-bf0d-428a-814f-266b27e759e4 in the queue, number of delete block transactions: 3, TxID list: 1,2,3
2019-06-15 10:53:35,942 INFO  block.SCMBlockDeletingService (SCMBlockDeletingService.java:call(182)) - Totally added 3 delete blocks command for 1 datanodes, task elapsed time: 1ms
2019-06-15 10:53:35,955 INFO  commands.RetriableDatanodeEventWatcher (RetriableDatanodeEventWatcher.java:onTimeout(47)) - RetriableDatanodeCommand type=deleteBlocksCommand with id=1560596009354 timed out. Retrying.
2019-06-15 10:53:35,963 INFO  commands.RetriableDatanodeEventWatcher (RetriableDatanodeEventWatcher.java:onTimeout(47)) - RetriableDatanodeCommand type=deleteBlocksCommand with id=1560596009364 timed out. Retrying.
2019-06-15 10:53:35,991 INFO  commands.RetriableDatanodeEventWatcher (RetriableDatanodeEventWatcher.java:onTimeout(47)) - RetriableDatanodeCommand type=deleteBlocksCommand with id=1560596009374 timed out. Retrying.
2019-06-15 10:53:36,019 INFO  commands.RetriableDatanodeEventWatcher (RetriableDatanodeEventWatcher.java:onTimeout(47)) - RetriableDatanodeCommand type=deleteBlocksCommand with id=1560596009384 timed out. Retrying.
2019-06-15 10:53:36,027 INFO  commands.RetriableDatanodeEventWatcher (RetriableDatanodeEventWatcher.java:onTimeout(47)) - RetriableDatanodeCommand type=deleteBlocksCommand with id=1560596009394 timed out. Retrying.
2019-06-15 10:53:36,035 INFO  commands.RetriableDatanodeEventWatcher (RetriableDatanodeEventWatcher.java:onTimeout(47)) - RetriableDatanodeCommand type=deleteBlocksCommand with id=1560596009404 timed out. Retrying.
2019-06-15 10:53:36,042 DEBUG block.SCMBlockDeletingService (SCMBlockDeletingService.java:call(138)) - Running DeletedBlockTransactionScanner
2019-06-15 10:53:36,042 DEBUG block.SCMBlockDeletingService (SCMBlockDeletingService.java:call(155)) - Scanned deleted blocks log and got 3 delTX to process.
2019-06-15 10:53:36,043 DEBUG block.SCMBlockDeletingService (SCMBlockDeletingService.java:call(171)) - Added delete block command for datanode 325d518f-bf0d-428a-814f-266b27e759e4 in the queue, number of delete block transactions: 3, TxID list: 1,2,3
2019-06-15 10:53:36,043 INFO  block.SCMBlockDeletingService (SCMBlockDeletingService.java:call(182)) - Totally added 3 delete blocks command for 1 datanodes, task elapsed time: 1ms
2019-06-15 10:53:36,057 INFO  commands.RetriableDatanodeEventWatcher (RetriableDatanodeEventWatcher.java:onTimeout(47)) - RetriableDatanodeCommand type=deleteBlocksCommand with id=1560596009355 timed out. Retrying.
2019-06-15 10:53:36,064 INFO  commands.RetriableDatanodeEventWatcher (RetriableDatanodeEventWatcher.java:onTimeout(47)) - RetriableDatanodeCommand type=deleteBlocksCommand with id=1560596009365 timed out. Retrying.
2019-06-15 10:53:36,091 INFO  commands.RetriableDatanodeEventWatcher (RetriableDatanodeEventWatcher.java:onTimeout(47)) - RetriableDatanodeCommand type=deleteBlocksCommand with id=1560596009375 timed out. Retrying.
2019-06-15 10:53:36,118 INFO  commands.RetriableDatanodeEventWatcher (RetriableDatanodeEventWatcher.java:onTimeout(47)) - RetriableDatanodeCommand type=deleteBlocksCommand with id=1560596009385 timed out. Retrying.
2019-06-15 10:53:36,129 INFO  commands.RetriableDatanodeEventWatcher (RetriableDatanodeEventWatcher.java:onTimeout(47)) - RetriableDatanodeCommand type=deleteBlocksCommand with id=1560596009395 timed out. Retrying.
2019-06-15 10:53:36,136 INFO  commands.RetriableDatanodeEventWatcher (RetriableDatanodeEventWatcher.java:onTimeout(47)) - RetriableDatanodeCommand type=deleteBlocksCommand with id=1560596009405 timed out. Retrying.
2019-06-15 10:53:36,143 DEBUG block.SCMBlockDeletingService (SCMBlockDeletingService.java:call(138)) - Running DeletedBlockTransactionScanner
2019-06-15 10:53:36,143 DEBUG block.SCMBlockDeletingService (SCMBlockDeletingService.java:call(155)) - Scanned deleted blocks log and got 3 delTX to process.
2019-06-15 10:53:36,143 DEBUG block.SCMBlockDeletingService (SCMBlockDeletingService.java:call(171)) - Added delete block command for datanode 325d518f-bf0d-428a-814f-266b27e759e4 in the queue, number of delete block transactions: 3, TxID list: 1,2,3
2019-06-15 10:53:36,144 INFO  block.SCMBlockDeletingService (SCMBlockDeletingService.java:call(182)) - Totally added 3 delete blocks command for 1 datanodes, task elapsed time: 0ms
2019-06-15 10:53:36,158 INFO  commands.RetriableDatanodeEventWatcher (RetriableDatanodeEventWatcher.java:onTimeout(47)) - RetriableDatanodeCommand type=deleteBlocksCommand with id=1560596009356 timed out. Retrying.
2019-06-15 10:53:36,165 INFO  commands.RetriableDatanodeEventWatcher (RetriableDatanodeEventWatcher.java:onTimeout(47)) - RetriableDatanodeCommand type=deleteBlocksCommand with id=1560596009366 timed out. Retrying.
2019-06-15 10:53:36,192 INFO  commands.RetriableDatanodeEventWatcher (RetriableDatanodeEventWatcher.java:onTimeout(47)) - RetriableDatanodeCommand type=deleteBlocksCommand with id=1560596009376 timed out. Retrying.
2019-06-15 10:53:36,221 INFO  commands.RetriableDatanodeEventWatcher (RetriableDatanodeEventWatcher.java:onTimeout(47)) - RetriableDatanodeCommand type=deleteBlocksCommand with id=1560596009386 timed out. Retrying.
2019-06-15 10:53:36,230 INFO  commands.RetriableDatanodeEventWatcher (RetriableDatanodeEventWatcher.java:onTimeout(47)) - RetriableDatanodeCommand type=deleteBlocksCommand with id=1560596009396 timed out. Retrying.
2019-06-15 10:53:36,237 INFO  commands.RetriableDatanodeEventWatcher (RetriableDatanodeEventWatcher.java:onTimeout(47)) - RetriableDatanodeCommand type=deleteBlocksCommand with id=1560596009406 timed out. Retrying.
2019-06-15 10:53:36,244 DEBUG block.SCMBlockDeletingService (SCMBlockDeletingService.java:call(138)) - Running DeletedBlockTransactionScanner
2019-06-15 10:53:36,244 DEBUG block.SCMBlockDeletingService (SCMBlockDeletingService.java:call(155)) - Scanned deleted blocks log and got 3 delTX to process.
2019-06-15 10:53:36,244 DEBUG block.SCMBlockDeletingService (SCMBlockDeletingService.java:call(171)) - Added delete block command for datanode 325d518f-bf0d-428a-814f-266b27e759e4 in the queue, number of delete block transactions: 3, TxID list: 1,2,3
2019-06-15 10:53:36,244 INFO  block.SCMBlockDeletingService (SCMBlockDeletingService.java:call(182)) - Totally added 3 delete blocks command for 1 datanodes, task elapsed time: 1ms
2019-06-15 10:53:36,258 INFO  commands.RetriableDatanodeEventWatcher (RetriableDatanodeEventWatcher.java:onTimeout(47)) - RetriableDatanodeCommand type=deleteBlocksCommand with id=1560596009357 timed out. Retrying.
2019-06-15 10:53:36,285 INFO  commands.RetriableDatanodeEventWatcher (RetriableDatanodeEventWatcher.java:onTimeout(47)) - RetriableDatanodeCommand type=deleteBlocksCommand with id=1560596009367 timed out. Retrying.
2019-06-15 10:53:36,294 INFO  commands.RetriableDatanodeEventWatcher (RetriableDatanodeEventWatcher.java:onTimeout(47)) - RetriableDatanodeCommand type=deleteBlocksCommand with id=1560596009377 timed out. Retrying.
2019-06-15 10:53:36,321 INFO  commands.RetriableDatanodeEventWatcher (RetriableDatanodeEventWatcher.java:onTimeout(47)) - RetriableDatanodeCommand type=deleteBlocksCommand with id=1560596009387 timed out. Retrying.
2019-06-15 10:53:36,330 INFO  commands.RetriableDatanodeEventWatcher (RetriableDatanodeEventWatcher.java:onTimeout(47)) - RetriableDatanodeCommand type=deleteBlocksCommand with id=1560596009397 timed out. Retrying.
2019-06-15 10:53:36,338 INFO  commands.RetriableDatanodeEventWatcher (RetriableDatanodeEventWatcher.java:onTimeout(47)) - RetriableDatanodeCommand type=deleteBlocksCommand with id=1560596009407 timed out. Retrying.
2019-06-15 10:53:36,344 DEBUG block.SCMBlockDeletingService (SCMBlockDeletingService.java:call(138)) - Running DeletedBlockTransactionScanner
2019-06-15 10:53:36,345 DEBUG block.SCMBlockDeletingService (SCMBlockDeletingService.java:call(155)) - Scanned deleted blocks log and got 3 delTX to process.
2019-06-15 10:53:36,345 DEBUG block.SCMBlockDeletingService (SCMBlockDeletingService.java:call(171)) - Added delete block command for datanode 325d518f-bf0d-428a-814f-266b27e759e4 in the queue, number of delete block transactions: 3, TxID list: 1,2,3
2019-06-15 10:53:36,345 INFO  block.SCMBlockDeletingService (SCMBlockDeletingService.java:call(182)) - Totally added 3 delete blocks command for 1 datanodes, task elapsed time: 1ms
2019-06-15 10:53:36,352 INFO  commands.RetriableDatanodeEventWatcher (RetriableDatanodeEventWatcher.java:onTimeout(47)) - RetriableDatanodeCommand type=deleteBlocksCommand with id=1560596009348 timed out. Retrying.
2019-06-15 10:53:36,368 INFO  commands.RetriableDatanodeEventWatcher (RetriableDatanodeEventWatcher.java:onTimeout(47)) - RetriableDatanodeCommand type=deleteBlocksCommand with id=1560596009358 timed out. Retrying.
2019-06-15 10:53:36,386 INFO  commands.RetriableDatanodeEventWatcher (RetriableDatanodeEventWatcher.java:onTimeout(47)) - RetriableDatanodeCommand type=deleteBlocksCommand with id=1560596009368 timed out. Retrying.
2019-06-15 10:53:36,394 INFO  commands.RetriableDatanodeEventWatcher (RetriableDatanodeEventWatcher.java:onTimeout(47)) - RetriableDatanodeCommand type=deleteBlocksCommand with id=1560596009378 timed out. Retrying.
2019-06-15 10:53:36,423 INFO  commands.RetriableDatanodeEventWatcher (RetriableDatanodeEventWatcher.java:onTimeout(47)) - RetriableDatanodeCommand type=deleteBlocksCommand with id=1560596009388 timed out. Retrying.
2019-06-15 10:53:36,431 INFO  commands.RetriableDatanodeEventWatcher (RetriableDatanodeEventWatcher.java:onTimeout(47)) - RetriableDatanodeCommand type=deleteBlocksCommand with id=1560596009398 timed out. Retrying.
2019-06-15 10:53:36,438 INFO  commands.RetriableDatanodeEventWatcher (RetriableDatanodeEventWatcher.java:onTimeout(47)) - RetriableDatanodeCommand type=deleteBlocksCommand with id=1560596009408 timed out. Retrying.
2019-06-15 10:53:36,445 DEBUG block.SCMBlockDeletingService (SCMBlockDeletingService.java:call(138)) - Running DeletedBlockTransactionScanner
2019-06-15 10:53:36,445 DEBUG block.SCMBlockDeletingService (SCMBlockDeletingService.java:call(155)) - Scanned deleted blocks log and got 3 delTX to process.
2019-06-15 10:53:36,446 DEBUG block.SCMBlockDeletingService (SCMBlockDeletingService.java:call(171)) - Added delete block command for datanode 325d518f-bf0d-428a-814f-266b27e759e4 in the queue, number of delete block transactions: 3, TxID list: 1,2,3
2019-06-15 10:53:36,446 INFO  block.SCMBlockDeletingService (SCMBlockDeletingService.java:call(182)) - Totally added 3 delete blocks command for 1 datanodes, task elapsed time: 0ms
2019-06-15 10:53:36,452 INFO  commands.RetriableDatanodeEventWatcher (RetriableDatanodeEventWatcher.java:onTimeout(47)) - RetriableDatanodeCommand type=deleteBlocksCommand with id=1560596009349 timed out. Retrying.
2019-06-15 10:53:36,460 INFO  commands.RetriableDatanodeEventWatcher (RetriableDatanodeEventWatcher.java:onTimeout(47)) - RetriableDatanodeCommand type=deleteBlocksCommand with id=1560596009359 timed out. Retrying.
2019-06-15 10:53:36,486 INFO  commands.RetriableDatanodeEventWatcher (RetriableDatanodeEventWatcher.java:onTimeout(47)) - RetriableDatanodeCommand type=deleteBlocksCommand with id=1560596009369 timed out. Retrying.
2019-06-15 10:53:36,495 INFO  commands.RetriableDatanodeEventWatcher (RetriableDatanodeEventWatcher.java:onTimeout(47)) - RetriableDatanodeCommand type=deleteBlocksCommand with id=1560596009379 timed out. Retrying.
2019-06-15 10:53:36,523 INFO  commands.RetriableDatanodeEventWatcher (RetriableDatanodeEventWatcher.java:onTimeout(47)) - RetriableDatanodeCommand type=deleteBlocksCommand with id=1560596009389 timed out. Retrying.
2019-06-15 10:53:36,531 INFO  commands.RetriableDatanodeEventWatcher (RetriableDatanodeEventWatcher.java:onTimeout(47)) - RetriableDatanodeCommand type=deleteBlocksCommand with id=1560596009399 timed out. Retrying.
2019-06-15 10:53:36,538 INFO  commands.RetriableDatanodeEventWatcher (RetriableDatanodeEventWatcher.java:onTimeout(47)) - RetriableDatanodeCommand type=deleteBlocksCommand with id=1560596009409 timed out. Retrying.
2019-06-15 10:53:36,546 DEBUG block.SCMBlockDeletingService (SCMBlockDeletingService.java:call(138)) - Running DeletedBlockTransactionScanner
2019-06-15 10:53:36,546 DEBUG block.SCMBlockDeletingService (SCMBlockDeletingService.java:call(155)) - Scanned deleted blocks log and got 3 delTX to process.
2019-06-15 10:53:36,546 DEBUG block.SCMBlockDeletingService (SCMBlockDeletingService.java:call(171)) - Added delete block command for datanode 325d518f-bf0d-428a-814f-266b27e759e4 in the queue, number of delete block transactions: 3, TxID list: 1,2,3
2019-06-15 10:53:36,546 INFO  block.SCMBlockDeletingService (SCMBlockDeletingService.java:call(182)) - Totally added 3 delete blocks command for 1 datanodes, task elapsed time: 0ms
2019-06-15 10:53:36,553 INFO  commands.RetriableDatanodeEventWatcher (RetriableDatanodeEventWatcher.java:onTimeout(47)) - RetriableDatanodeCommand type=deleteBlocksCommand with id=1560596009350 timed out. Retrying.
2019-06-15 10:53:36,561 INFO  commands.RetriableDatanodeEventWatcher (RetriableDatanodeEventWatcher.java:onTimeout(47)) - RetriableDatanodeCommand type=deleteBlocksCommand with id=1560596009360 timed out. Retrying.
2019-06-15 10:53:36,588 INFO  commands.RetriableDatanodeEventWatcher (RetriableDatanodeEventWatcher.java:onTimeout(47)) - RetriableDatanodeCommand type=deleteBlocksCommand with id=1560596009370 timed out. Retrying.
2019-06-15 10:53:36,615 INFO  commands.RetriableDatanodeEventWatcher (RetriableDatanodeEventWatcher.java:onTimeout(47)) - RetriableDatanodeCommand type=deleteBlocksCommand with id=1560596009380 timed out. Retrying.
2019-06-15 10:53:36,623 INFO  commands.RetriableDatanodeEventWatcher (RetriableDatanodeEventWatcher.java:onTimeout(47)) - RetriableDatanodeCommand type=deleteBlocksCommand with id=1560596009390 timed out. Retrying.
2019-06-15 10:53:36,633 INFO  commands.RetriableDatanodeEventWatcher (RetriableDatanodeEventWatcher.java:onTimeout(47)) - RetriableDatanodeCommand type=deleteBlocksCommand with id=1560596009400 timed out. Retrying.
2019-06-15 10:53:36,640 INFO  commands.RetriableDatanodeEventWatcher (RetriableDatanodeEventWatcher.java:onTimeout(47)) - RetriableDatanodeCommand type=deleteBlocksCommand with id=1560596009410 timed out. Retrying.
2019-06-15 10:53:36,647 DEBUG block.SCMBlockDeletingService (SCMBlockDeletingService.java:call(138)) - Running DeletedBlockTransactionScanner
2019-06-15 10:53:36,647 DEBUG block.SCMBlockDeletingService (SCMBlockDeletingService.java:call(155)) - Scanned deleted blocks log and got 3 delTX to process.
2019-06-15 10:53:36,647 DEBUG block.SCMBlockDeletingService (SCMBlockDeletingService.java:call(171)) - Added delete block command for datanode 325d518f-bf0d-428a-814f-266b27e759e4 in the queue, number of delete block transactions: 3, TxID list: 1,2,3
2019-06-15 10:53:36,647 INFO  block.SCMBlockDeletingService (SCMBlockDeletingService.java:call(182)) - Totally added 3 delete blocks command for 1 datanodes, task elapsed time: 1ms
2019-06-15 10:53:36,651 INFO  commands.RetriableDatanodeEventWatcher (RetriableDatanodeEventWatcher.java:onTimeout(47)) - RetriableDatanodeCommand type=deleteBlocksCommand with id=1560596009351 timed out. Retrying.
2019-06-15 10:53:36,661 INFO  commands.RetriableDatanodeEventWatcher (RetriableDatanodeEventWatcher.java:onTimeout(47)) - RetriableDatanodeCommand type=deleteBlocksCommand with id=1560596009361 timed out. Retrying.
2019-06-15 10:53:36,679 INFO  ozone.MiniOzoneClusterImpl (MiniOzoneClusterImpl.java:lambda$waitForClusterToBeReady$0(142)) - Waiting for cluster to be ready. Got 0 of 1 DN Heartbeats.
2019-06-15 10:53:36,690 INFO  commands.RetriableDatanodeEventWatcher (RetriableDatanodeEventWatcher.java:onTimeout(47)) - RetriableDatanodeCommand type=deleteBlocksCommand with id=1560596009371 timed out. Retrying.
2019-06-15 10:53:36,698 INFO  block.SCMBlockDeletingService (SCMBlockDeletingService.java:handlePendingDeletes(115)) - Block deletion txnID mismatch in datanode 325d518f-bf0d-428a-814f-266b27e759e4 for containerID 1. Datanode delete txnID: 0, SCM txnID: 1
2019-06-15 10:53:36,698 INFO  block.SCMBlockDeletingService (SCMBlockDeletingService.java:handlePendingDeletes(115)) - Block deletion txnID mismatch in datanode 325d518f-bf0d-428a-814f-266b27e759e4 for containerID 2. Datanode delete txnID: 0, SCM txnID: 2
2019-06-15 10:53:36,698 INFO  block.SCMBlockDeletingService (SCMBlockDeletingService.java:handlePendingDeletes(115)) - Block deletion txnID mismatch in datanode 325d518f-bf0d-428a-814f-266b27e759e4 for containerID 3. Datanode delete txnID: 0, SCM txnID: 3
2019-06-15 10:53:36,717 INFO  commands.RetriableDatanodeEventWatcher (RetriableDatanodeEventWatcher.java:onTimeout(47)) - RetriableDatanodeCommand type=deleteBlocksCommand with id=1560596009381 timed out. Retrying.
2019-06-15 10:53:36,724 INFO  commands.RetriableDatanodeEventWatcher (RetriableDatanodeEventWatcher.java:onTimeout(47)) - RetriableDatanodeCommand type=deleteBlocksCommand with id=1560596009391 timed out. Retrying.
2019-06-15 10:53:36,734 INFO  commands.RetriableDatanodeEventWatcher (RetriableDatanodeEventWatcher.java:onTimeout(47)) - RetriableDatanodeCommand type=deleteBlocksCommand with id=1560596009401 timed out. Retrying.
2019-06-15 10:53:36,741 INFO  commands.RetriableDatanodeEventWatcher (RetriableDatanodeEventWatcher.java:onTimeout(47)) - RetriableDatanodeCommand type=deleteBlocksCommand with id=1560596009411 timed out. Retrying.
2019-06-15 10:53:36,747 DEBUG block.SCMBlockDeletingService (SCMBlockDeletingService.java:call(138)) - Running DeletedBlockTransactionScanner
2019-06-15 10:53:36,748 DEBUG block.SCMBlockDeletingService (SCMBlockDeletingService.java:call(155)) - Scanned deleted blocks log and got 3 delTX to process.
2019-06-15 10:53:36,748 DEBUG block.SCMBlockDeletingService (SCMBlockDeletingService.java:call(171)) - Added delete block command for datanode 325d518f-bf0d-428a-814f-266b27e759e4 in the queue, number of delete block transactions: 3, TxID list: 1,2,3
2019-06-15 10:53:36,748 INFO  block.SCMBlockDeletingService (SCMBlockDeletingService.java:call(182)) - Totally added 3 delete blocks command for 1 datanodes, task elapsed time: 1ms
2019-06-15 10:53:36,754 INFO  commands.RetriableDatanodeEventWatcher (RetriableDatanodeEventWatcher.java:onTimeout(47)) - RetriableDatanodeCommand type=deleteBlocksCommand with id=1560596009352 timed out. Retrying.
2019-06-15 10:53:36,762 INFO  commands.RetriableDatanodeEventWatcher (RetriableDatanodeEventWatcher.java:onTimeout(47)) - RetriableDatanodeCommand type=deleteBlocksCommand with id=1560596009362 timed out. Retrying.
2019-06-15 10:53:36,789 INFO  commands.RetriableDatanodeEventWatcher (RetriableDatanodeEventWatcher.java:onTimeout(47)) - RetriableDatanodeCommand type=deleteBlocksCommand with id=1560596009372 timed out. Retrying.
2019-06-15 10:53:36,819 INFO  commands.RetriableDatanodeEventWatcher (RetriableDatanodeEventWatcher.java:onTimeout(47)) - RetriableDatanodeCommand type=deleteBlocksCommand with id=1560596009382 timed out. Retrying.
2019-06-15 10:53:36,826 INFO  commands.RetriableDatanodeEventWatcher (RetriableDatanodeEventWatcher.java:onTimeout(47)) - RetriableDatanodeCommand type=deleteBlocksCommand with id=1560596009392 timed out. Retrying.
2019-06-15 10:53:36,833 INFO  commands.RetriableDatanodeEventWatcher (RetriableDatanodeEventWatcher.java:onTimeout(47)) - RetriableDatanodeCommand type=deleteBlocksCommand with id=1560596009402 timed out. Retrying.
2019-06-15 10:53:36,841 INFO  commands.RetriableDatanodeEventWatcher (RetriableDatanodeEventWatcher.java:onTimeout(47)) - RetriableDatanodeCommand type=deleteBlocksCommand with id=1560596009412 timed out. Retrying.
2019-06-15 10:53:36,848 DEBUG block.SCMBlockDeletingService (SCMBlockDeletingService.java:call(138)) - Running DeletedBlockTransactionScanner
2019-06-15 10:53:36,848 DEBUG block.SCMBlockDeletingService (SCMBlockDeletingService.java:call(155)) - Scanned deleted blocks log and got 3 delTX to process.
2019-06-15 10:53:36,848 DEBUG block.SCMBlockDeletingService (SCMBlockDeletingService.java:call(171)) - Added delete block command for datanode 325d518f-bf0d-428a-814f-266b27e759e4 in the queue, number of delete block transactions: 3, TxID list: 1,2,3
2019-06-15 10:53:36,849 INFO  block.SCMBlockDeletingService (SCMBlockDeletingService.java:call(182)) - Totally added 3 delete blocks command for 1 datanodes, task elapsed time: 0ms
2019-06-15 10:53:36,855 INFO  commands.RetriableDatanodeEventWatcher (RetriableDatanodeEventWatcher.java:onTimeout(47)) - RetriableDatanodeCommand type=deleteBlocksCommand with id=1560596009353 timed out. Retrying.
2019-06-15 10:53:36,865 INFO  commands.RetriableDatanodeEventWatcher (RetriableDatanodeEventWatcher.java:onTimeout(47)) - RetriableDatanodeCommand type=deleteBlocksCommand with id=1560596009363 timed out. Retrying.
2019-06-15 10:53:36,889 INFO  commands.RetriableDatanodeEventWatcher (RetriableDatanodeEventWatcher.java:onTimeout(47)) - RetriableDatanodeCommand type=deleteBlocksCommand with id=1560596009373 timed out. Retrying.
2019-06-15 10:53:36,918 INFO  commands.RetriableDatanodeEventWatcher (RetriableDatanodeEventWatcher.java:onTimeout(47)) - RetriableDatanodeCommand type=deleteBlocksCommand with id=1560596009383 timed out. Retrying.
2019-06-15 10:53:36,927 INFO  commands.RetriableDatanodeEventWatcher (RetriableDatanodeEventWatcher.java:onTimeout(47)) - RetriableDatanodeCommand type=deleteBlocksCommand with id=1560596009393 timed out. Retrying.
2019-06-15 10:53:36,935 INFO  commands.RetriableDatanodeEventWatcher (RetriableDatanodeEventWatcher.java:onTimeout(47)) - RetriableDatanodeCommand type=deleteBlocksCommand with id=1560596009403 timed out. Retrying.
2019-06-15 10:53:36,941 INFO  commands.RetriableDatanodeEventWatcher (RetriableDatanodeEventWatcher.java:onTimeout(47)) - RetriableDatanodeCommand type=deleteBlocksCommand with id=1560596009413 timed out. Retrying.
2019-06-15 10:53:36,949 DEBUG block.SCMBlockDeletingService (SCMBlockDeletingService.java:call(138)) - Running DeletedBlockTransactionScanner
2019-06-15 10:53:36,949 DEBUG block.SCMBlockDeletingService (SCMBlockDeletingService.java:call(155)) - Scanned deleted blocks log and got 3 delTX to process.
2019-06-15 10:53:36,949 DEBUG block.SCMBlockDeletingService (SCMBlockDeletingService.java:call(171)) - Added delete block command for datanode 325d518f-bf0d-428a-814f-266b27e759e4 in the queue, number of delete block transactions: 3, TxID list: 1,2,3
2019-06-15 10:53:36,949 INFO  block.SCMBlockDeletingService (SCMBlockDeletingService.java:call(182)) - Totally added 3 delete blocks command for 1 datanodes, task elapsed time: 0ms
2019-06-15 10:53:36,955 INFO  commands.RetriableDatanodeEventWatcher (RetriableDatanodeEventWatcher.java:onTimeout(47)) - RetriableDatanodeCommand type=deleteBlocksCommand with id=1560596009354 timed out. Retrying.
2019-06-15 10:53:36,963 INFO  commands.RetriableDatanodeEventWatcher (RetriableDatanodeEventWatcher.java:onTimeout(47)) - RetriableDatanodeCommand type=deleteBlocksCommand with id=1560596009364 timed out. Retrying.
2019-06-15 10:53:36,991 INFO  commands.RetriableDatanodeEventWatcher (RetriableDatanodeEventWatcher.java:onTimeout(47)) - RetriableDatanodeCommand type=deleteBlocksCommand with id=1560596009374 timed out. Retrying.
2019-06-15 10:53:37,019 INFO  commands.RetriableDatanodeEventWatcher (RetriableDatanodeEventWatcher.java:onTimeout(47)) - RetriableDatanodeCommand type=deleteBlocksCommand with id=1560596009384 timed out. Retrying.
2019-06-15 10:53:37,027 INFO  commands.RetriableDatanodeEventWatcher (RetriableDatanodeEventWatcher.java:onTimeout(47)) - RetriableDatanodeCommand type=deleteBlocksCommand with id=1560596009394 timed out. Retrying.
2019-06-15 10:53:37,036 INFO  commands.RetriableDatanodeEventWatcher (RetriableDatanodeEventWatcher.java:onTimeout(47)) - RetriableDatanodeCommand type=deleteBlocksCommand with id=1560596009404 timed out. Retrying.
2019-06-15 10:53:37,043 INFO  commands.RetriableDatanodeEventWatcher (RetriableDatanodeEventWatcher.java:onTimeout(47)) - RetriableDatanodeCommand type=deleteBlocksCommand with id=1560596009414 timed out. Retrying.
2019-06-15 10:53:37,049 DEBUG block.SCMBlockDeletingService (SCMBlockDeletingService.java:call(138)) - Running DeletedBlockTransactionScanner
2019-06-15 10:53:37,050 DEBUG block.SCMBlockDeletingService (SCMBlockDeletingService.java:call(155)) - Scanned deleted blocks log and got 3 delTX to process.
2019-06-15 10:53:37,050 DEBUG block.SCMBlockDeletingService (SCMBlockDeletingService.java:call(171)) - Added delete block command for datanode 325d518f-bf0d-428a-814f-266b27e759e4 in the queue, number of delete block transactions: 3, TxID list: 1,2,3
2019-06-15 10:53:37,050 INFO  block.SCMBlockDeletingService (SCMBlockDeletingService.java:call(182)) - Totally added 3 delete blocks command for 1 datanodes, task elapsed time: 1ms
2019-06-15 10:53:37,057 INFO  commands.RetriableDatanodeEventWatcher (RetriableDatanodeEventWatcher.java:onTimeout(47)) - RetriableDatanodeCommand type=deleteBlocksCommand with id=1560596009355 timed out. Retrying.
2019-06-15 10:53:37,064 INFO  commands.RetriableDatanodeEventWatcher (RetriableDatanodeEventWatcher.java:onTimeout(47)) - RetriableDatanodeCommand type=deleteBlocksCommand with id=1560596009365 timed out. Retrying.
2019-06-15 10:53:37,091 INFO  commands.RetriableDatanodeEventWatcher (RetriableDatanodeEventWatcher.java:onTimeout(47)) - RetriableDatanodeCommand type=deleteBlocksCommand with id=1560596009375 timed out. Retrying.
2019-06-15 10:53:37,119 INFO  commands.RetriableDatanodeEventWatcher (RetriableDatanodeEventWatcher.java:onTimeout(47)) - RetriableDatanodeCommand type=deleteBlocksCommand with id=1560596009385 timed out. Retrying.
2019-06-15 10:53:37,128 INFO  commands.RetriableDatanodeEventWatcher (RetriableDatanodeEventWatcher.java:onTimeout(47)) - RetriableDatanodeCommand type=deleteBlocksCommand with id=1560596009395 timed out. Retrying.
2019-06-15 10:53:37,136 INFO  commands.RetriableDatanodeEventWatcher (RetriableDatanodeEventWatcher.java:onTimeout(47)) - RetriableDatanodeCommand type=deleteBlocksCommand with id=1560596009405 timed out. Retrying.
2019-06-15 10:53:37,144 INFO  commands.RetriableDatanodeEventWatcher (RetriableDatanodeEventWatcher.java:onTimeout(47)) - RetriableDatanodeCommand type=deleteBlocksCommand with id=1560596009415 timed out. Retrying.
2019-06-15 10:53:37,150 DEBUG block.SCMBlockDeletingService (SCMBlockDeletingService.java:call(138)) - Running DeletedBlockTransactionScanner
2019-06-15 10:53:37,151 DEBUG block.SCMBlockDeletingService (SCMBlockDeletingService.java:call(155)) - Scanned deleted blocks log and got 3 delTX to process.
2019-06-15 10:53:37,151 DEBUG block.SCMBlockDeletingService (SCMBlockDeletingService.java:call(171)) - Added delete block command for datanode 325d518f-bf0d-428a-814f-266b27e759e4 in the queue, number of delete block transactions: 3, TxID list: 1,2,3
2019-06-15 10:53:37,151 INFO  block.SCMBlockDeletingService (SCMBlockDeletingService.java:call(182)) - Totally added 3 delete blocks command for 1 datanodes, task elapsed time: 1ms
2019-06-15 10:53:37,158 INFO  commands.RetriableDatanodeEventWatcher (RetriableDatanodeEventWatcher.java:onTimeout(47)) - RetriableDatanodeCommand type=deleteBlocksCommand with id=1560596009356 timed out. Retrying.
2019-06-15 10:53:37,165 INFO  commands.RetriableDatanodeEventWatcher (RetriableDatanodeEventWatcher.java:onTimeout(47)) - RetriableDatanodeCommand type=deleteBlocksCommand with id=1560596009366 timed out. Retrying.
2019-06-15 10:53:37,192 INFO  commands.RetriableDatanodeEventWatcher (RetriableDatanodeEventWatcher.java:onTimeout(47)) - RetriableDatanodeCommand type=deleteBlocksCommand with id=1560596009376 timed out. Retrying.
2019-06-15 10:53:37,222 INFO  commands.RetriableDatanodeEventWatcher (RetriableDatanodeEventWatcher.java:onTimeout(47)) - RetriableDatanodeCommand type=deleteBlocksCommand with id=1560596009386 timed out. Retrying.
2019-06-15 10:53:37,229 INFO  commands.RetriableDatanodeEventWatcher (RetriableDatanodeEventWatcher.java:onTimeout(47)) - RetriableDatanodeCommand type=deleteBlocksCommand with id=1560596009396 timed out. Retrying.
2019-06-15 10:53:37,237 INFO  commands.RetriableDatanodeEventWatcher (RetriableDatanodeEventWatcher.java:onTimeout(47)) - RetriableDatanodeCommand type=deleteBlocksCommand with id=1560596009406 timed out. Retrying.
2019-06-15 10:53:37,244 INFO  commands.RetriableDatanodeEventWatcher (RetriableDatanodeEventWatcher.java:onTimeout(47)) - RetriableDatanodeCommand type=deleteBlocksCommand with id=1560596009416 timed out. Retrying.
2019-06-15 10:53:37,251 DEBUG block.SCMBlockDeletingService (SCMBlockDeletingService.java:call(138)) - Running DeletedBlockTransactionScanner
2019-06-15 10:53:37,251 DEBUG block.SCMBlockDeletingService (SCMBlockDeletingService.java:call(155)) - Scanned deleted blocks log and got 3 delTX to process.
2019-06-15 10:53:37,252 DEBUG block.SCMBlockDeletingService (SCMBlockDeletingService.java:call(171)) - Added delete block command for datanode 325d518f-bf0d-428a-814f-266b27e759e4 in the queue, number of delete block transactions: 3, TxID list: 1,2,3
2019-06-15 10:53:37,252 INFO  block.SCMBlockDeletingService (SCMBlockDeletingService.java:call(182)) - Totally added 3 delete blocks command for 1 datanodes, task elapsed time: 0ms
2019-06-15 10:53:37,259 INFO  commands.RetriableDatanodeEventWatcher (RetriableDatanodeEventWatcher.java:onTimeout(47)) - RetriableDatanodeCommand type=deleteBlocksCommand with id=1560596009357 timed out. Retrying.
2019-06-15 10:53:37,285 INFO  commands.RetriableDatanodeEventWatcher (RetriableDatanodeEventWatcher.java:onTimeout(47)) - RetriableDatanodeCommand type=deleteBlocksCommand with id=1560596009367 timed out. Retrying.
2019-06-15 10:53:37,294 INFO  commands.RetriableDatanodeEventWatcher (RetriableDatanodeEventWatcher.java:onTimeout(47)) - RetriableDatanodeCommand type=deleteBlocksCommand with id=1560596009377 timed out. Retrying.
2019-06-15 10:53:37,321 INFO  commands.RetriableDatanodeEventWatcher (RetriableDatanodeEventWatcher.java:onTimeout(47)) - RetriableDatanodeCommand type=deleteBlocksCommand with id=1560596009387 timed out. Retrying.
2019-06-15 10:53:37,331 INFO  commands.RetriableDatanodeEventWatcher (RetriableDatanodeEventWatcher.java:onTimeout(47)) - RetriableDatanodeCommand type=deleteBlocksCommand with id=1560596009397 timed out. Retrying.
2019-06-15 10:53:37,337 INFO  commands.RetriableDatanodeEventWatcher (RetriableDatanodeEventWatcher.java:onTimeout(47)) - RetriableDatanodeCommand type=deleteBlocksCommand with id=1560596009407 timed out. Retrying.
2019-06-15 10:53:37,344 INFO  commands.RetriableDatanodeEventWatcher (RetriableDatanodeEventWatcher.java:onTimeout(47)) - RetriableDatanodeCommand type=deleteBlocksCommand with id=1560596009417 timed out. Retrying.
2019-06-15 10:53:37,352 DEBUG block.SCMBlockDeletingService (SCMBlockDeletingService.java:call(138)) - Running DeletedBlockTransactionScanner
2019-06-15 10:53:37,352 DEBUG block.SCMBlockDeletingService (SCMBlockDeletingService.java:call(155)) - Scanned deleted blocks log and got 3 delTX to process.
2019-06-15 10:53:37,352 DEBUG block.SCMBlockDeletingService (SCMBlockDeletingService.java:call(171)) - Added delete block command for datanode 325d518f-bf0d-428a-814f-266b27e759e4 in the queue, number of delete block transactions: 3, TxID list: 1,2,3
2019-06-15 10:53:37,352 INFO  commands.RetriableDatanodeEventWatcher (RetriableDatanodeEventWatcher.java:onTimeout(47)) - RetriableDatanodeCommand type=deleteBlocksCommand with id=1560596009348 timed out. Retrying.
2019-06-15 10:53:37,353 INFO  block.SCMBlockDeletingService (SCMBlockDeletingService.java:call(182)) - Totally added 3 delete blocks command for 1 datanodes, task elapsed time: 0ms
2019-06-15 10:53:37,369 INFO  commands.RetriableDatanodeEventWatcher (RetriableDatanodeEventWatcher.java:onTimeout(47)) - RetriableDatanodeCommand type=deleteBlocksCommand with id=1560596009358 timed out. Retrying.
2019-06-15 10:53:37,386 INFO  commands.RetriableDatanodeEventWatcher (RetriableDatanodeEventWatcher.java:onTimeout(47)) - RetriableDatanodeCommand type=deleteBlocksCommand with id=1560596009368 timed out. Retrying.
2019-06-15 10:53:37,393 INFO  commands.RetriableDatanodeEventWatcher (RetriableDatanodeEventWatcher.java:onTimeout(47)) - RetriableDatanodeCommand type=deleteBlocksCommand with id=1560596009378 timed out. Retrying.
2019-06-15 10:53:37,423 INFO  commands.RetriableDatanodeEventWatcher (RetriableDatanodeEventWatcher.java:onTimeout(47)) - RetriableDatanodeCommand type=deleteBlocksCommand with id=1560596009388 timed out. Retrying.
2019-06-15 10:53:37,432 INFO  commands.RetriableDatanodeEventWatcher (RetriableDatanodeEventWatcher.java:onTimeout(47)) - RetriableDatanodeCommand type=deleteBlocksCommand with id=1560596009398 timed out. Retrying.
2019-06-15 10:53:37,438 INFO  commands.RetriableDatanodeEventWatcher (RetriableDatanodeEventWatcher.java:onTimeout(47)) - RetriableDatanodeCommand type=deleteBlocksCommand with id=1560596009408 timed out. Retrying.
2019-06-15 10:53:37,445 INFO  commands.RetriableDatanodeEventWatcher (RetriableDatanodeEventWatcher.java:onTimeout(47)) - RetriableDatanodeCommand type=deleteBlocksCommand with id=1560596009418 timed out. Retrying.
2019-06-15 10:53:37,453 INFO  commands.RetriableDatanodeEventWatcher (RetriableDatanodeEventWatcher.java:onTimeout(47)) - RetriableDatanodeCommand type=deleteBlocksCommand with id=1560596009349 timed out. Retrying.
2019-06-15 10:53:37,453 DEBUG block.SCMBlockDeletingService (SCMBlockDeletingService.java:call(138)) - Running DeletedBlockTransactionScanner
2019-06-15 10:53:37,453 DEBUG block.SCMBlockDeletingService (SCMBlockDeletingService.java:call(155)) - Scanned deleted blocks log and got 3 delTX to process.
2019-06-15 10:53:37,453 DEBUG block.SCMBlockDeletingService (SCMBlockDeletingService.java:call(171)) - Added delete block command for datanode 325d518f-bf0d-428a-814f-266b27e759e4 in the queue, number of delete block transactions: 3, TxID list: 1,2,3
2019-06-15 10:53:37,454 INFO  block.SCMBlockDeletingService (SCMBlockDeletingService.java:call(182)) - Totally added 3 delete blocks command for 1 datanodes, task elapsed time: 0ms
2019-06-15 10:53:37,460 INFO  commands.RetriableDatanodeEventWatcher (RetriableDatanodeEventWatcher.java:onTimeout(47)) - RetriableDatanodeCommand type=deleteBlocksCommand with id=1560596009359 timed out. Retrying.
2019-06-15 10:53:37,487 INFO  commands.RetriableDatanodeEventWatcher (RetriableDatanodeEventWatcher.java:onTimeout(47)) - RetriableDatanodeCommand type=deleteBlocksCommand with id=1560596009369 timed out. Retrying.
2019-06-15 10:53:37,495 INFO  commands.RetriableDatanodeEventWatcher (RetriableDatanodeEventWatcher.java:onTimeout(47)) - RetriableDatanodeCommand type=deleteBlocksCommand with id=1560596009379 timed out. Retrying.
2019-06-15 10:53:37,522 INFO  commands.RetriableDatanodeEventWatcher (RetriableDatanodeEventWatcher.java:onTimeout(47)) - RetriableDatanodeCommand type=deleteBlocksCommand with id=1560596009389 timed out. Retrying.
2019-06-15 10:53:37,531 INFO  commands.RetriableDatanodeEventWatcher (RetriableDatanodeEventWatcher.java:onTimeout(47)) - RetriableDatanodeCommand type=deleteBlocksCommand with id=1560596009399 timed out. Retrying.
2019-06-15 10:53:37,539 INFO  commands.RetriableDatanodeEventWatcher (RetriableDatanodeEventWatcher.java:onTimeout(47)) - RetriableDatanodeCommand type=deleteBlocksCommand with id=1560596009409 timed out. Retrying.
2019-06-15 10:53:37,547 INFO  commands.RetriableDatanodeEventWatcher (RetriableDatanodeEventWatcher.java:onTimeout(47)) - RetriableDatanodeCommand type=deleteBlocksCommand with id=1560596009419 timed out. Retrying.
2019-06-15 10:53:37,553 INFO  commands.RetriableDatanodeEventWatcher (RetriableDatanodeEventWatcher.java:onTimeout(47)) - RetriableDatanodeCommand type=deleteBlocksCommand with id=1560596009350 timed out. Retrying.
2019-06-15 10:53:37,554 DEBUG block.SCMBlockDeletingService (SCMBlockDeletingService.java:call(138)) - Running DeletedBlockTransactionScanner
2019-06-15 10:53:37,554 DEBUG block.SCMBlockDeletingService (SCMBlockDeletingService.java:call(155)) - Scanned deleted blocks log and got 3 delTX to process.
2019-06-15 10:53:37,554 DEBUG block.SCMBlockDeletingService (SCMBlockDeletingService.java:call(171)) - Added delete block command for datanode 325d518f-bf0d-428a-814f-266b27e759e4 in the queue, number of delete block transactions: 3, TxID list: 1,2,3
2019-06-15 10:53:37,554 INFO  block.SCMBlockDeletingService (SCMBlockDeletingService.java:call(182)) - Totally added 3 delete blocks command for 1 datanodes, task elapsed time: 1ms
2019-06-15 10:53:37,560 INFO  commands.RetriableDatanodeEventWatcher (RetriableDatanodeEventWatcher.java:onTimeout(47)) - RetriableDatanodeCommand type=deleteBlocksCommand with id=1560596009360 timed out. Retrying.
2019-06-15 10:53:37,589 INFO  commands.RetriableDatanodeEventWatcher (RetriableDatanodeEventWatcher.java:onTimeout(47)) - RetriableDatanodeCommand type=deleteBlocksCommand with id=1560596009370 timed out. Retrying.
2019-06-15 10:53:37,616 INFO  commands.RetriableDatanodeEventWatcher (RetriableDatanodeEventWatcher.java:onTimeout(47)) - RetriableDatanodeCommand type=deleteBlocksCommand with id=1560596009380 timed out. Retrying.
2019-06-15 10:53:37,623 INFO  commands.RetriableDatanodeEventWatcher (RetriableDatanodeEventWatcher.java:onTimeout(47)) - RetriableDatanodeCommand type=deleteBlocksCommand with id=1560596009390 timed out. Retrying.
2019-06-15 10:53:37,632 INFO  commands.RetriableDatanodeEventWatcher (RetriableDatanodeEventWatcher.java:onTimeout(47)) - RetriableDatanodeCommand type=deleteBlocksCommand with id=1560596009400 timed out. Retrying.
2019-06-15 10:53:37,641 INFO  commands.RetriableDatanodeEventWatcher (RetriableDatanodeEventWatcher.java:onTimeout(47)) - RetriableDatanodeCommand type=deleteBlocksCommand with id=1560596009410 timed out. Retrying.
2019-06-15 10:53:37,648 INFO  commands.RetriableDatanodeEventWatcher (RetriableDatanodeEventWatcher.java:onTimeout(47)) - RetriableDatanodeCommand type=deleteBlocksCommand with id=1560596009420 timed out. Retrying.
2019-06-15 10:53:37,651 INFO  commands.RetriableDatanodeEventWatcher (RetriableDatanodeEventWatcher.java:onTimeout(47)) - RetriableDatanodeCommand type=deleteBlocksCommand with id=1560596009351 timed out. Retrying.
2019-06-15 10:53:37,655 DEBUG block.SCMBlockDeletingService (SCMBlockDeletingService.java:call(138)) - Running DeletedBlockTransactionScanner
2019-06-15 10:53:37,655 DEBUG block.SCMBlockDeletingService (SCMBlockDeletingService.java:call(155)) - Scanned deleted blocks log and got 3 delTX to process.
2019-06-15 10:53:37,655 DEBUG block.SCMBlockDeletingService (SCMBlockDeletingService.java:call(171)) - Added delete block command for datanode 325d518f-bf0d-428a-814f-266b27e759e4 in the queue, number of delete block transactions: 3, TxID list: 1,2,3
2019-06-15 10:53:37,655 INFO  block.SCMBlockDeletingService (SCMBlockDeletingService.java:call(182)) - Totally added 3 delete blocks command for 1 datanodes, task elapsed time: 1ms
2019-06-15 10:53:37,661 INFO  commands.RetriableDatanodeEventWatcher (RetriableDatanodeEventWatcher.java:onTimeout(47)) - RetriableDatanodeCommand type=deleteBlocksCommand with id=1560596009361 timed out. Retrying.
2019-06-15 10:53:37,680 INFO  ozone.MiniOzoneClusterImpl (MiniOzoneClusterImpl.java:lambda$waitForClusterToBeReady$0(142)) - Waiting for cluster to be ready. Got 0 of 1 DN Heartbeats.
2019-06-15 10:53:37,689 INFO  commands.RetriableDatanodeEventWatcher (RetriableDatanodeEventWatcher.java:onTimeout(47)) - RetriableDatanodeCommand type=deleteBlocksCommand with id=1560596009371 timed out. Retrying.
2019-06-15 10:53:37,718 INFO  commands.RetriableDatanodeEventWatcher (RetriableDatanodeEventWatcher.java:onTimeout(47)) - RetriableDatanodeCommand type=deleteBlocksCommand with id=1560596009381 timed out. Retrying.
2019-06-15 10:53:37,725 INFO  commands.RetriableDatanodeEventWatcher (RetriableDatanodeEventWatcher.java:onTimeout(47)) - RetriableDatanodeCommand type=deleteBlocksCommand with id=1560596009391 timed out. Retrying.
2019-06-15 10:53:37,734 INFO  commands.RetriableDatanodeEventWatcher (RetriableDatanodeEventWatcher.java:onTimeout(47)) - RetriableDatanodeCommand type=deleteBlocksCommand with id=1560596009401 timed out. Retrying.
2019-06-15 10:53:37,740 INFO  commands.RetriableDatanodeEventWatcher (RetriableDatanodeEventWatcher.java:onTimeout(47)) - RetriableDatanodeCommand type=deleteBlocksCommand with id=1560596009411 timed out. Retrying.
2019-06-15 10:53:37,748 INFO  commands.RetriableDatanodeEventWatcher (RetriableDatanodeEventWatcher.java:onTimeout(47)) - RetriableDatanodeCommand type=deleteBlocksCommand with id=1560596009421 timed out. Retrying.
2019-06-15 10:53:37,755 INFO  commands.RetriableDatanodeEventWatcher (RetriableDatanodeEventWatcher.java:onTimeout(47)) - RetriableDatanodeCommand type=deleteBlocksCommand with id=1560596009352 timed out. Retrying.
2019-06-15 10:53:37,755 DEBUG block.SCMBlockDeletingService (SCMBlockDeletingService.java:call(138)) - Running DeletedBlockTransactionScanner
2019-06-15 10:53:37,756 DEBUG block.SCMBlockDeletingService (SCMBlockDeletingService.java:call(155)) - Scanned deleted blocks log and got 3 delTX to process.
2019-06-15 10:53:37,756 DEBUG block.SCMBlockDeletingService (SCMBlockDeletingService.java:call(171)) - Added delete block command for datanode 325d518f-bf0d-428a-814f-266b27e759e4 in the queue, number of delete block transactions: 3, TxID list: 1,2,3
2019-06-15 10:53:37,756 INFO  block.SCMBlockDeletingService (SCMBlockDeletingService.java:call(182)) - Totally added 3 delete blocks command for 1 datanodes, task elapsed time: 1ms
2019-06-15 10:53:37,763 INFO  commands.RetriableDatanodeEventWatcher (RetriableDatanodeEventWatcher.java:onTimeout(47)) - RetriableDatanodeCommand type=deleteBlocksCommand with id=1560596009362 timed out. Retrying.
2019-06-15 10:53:37,789 INFO  commands.RetriableDatanodeEventWatcher (RetriableDatanodeEventWatcher.java:onTimeout(47)) - RetriableDatanodeCommand type=deleteBlocksCommand with id=1560596009372 timed out. Retrying.
2019-06-15 10:53:37,818 INFO  commands.RetriableDatanodeEventWatcher (RetriableDatanodeEventWatcher.java:onTimeout(47)) - RetriableDatanodeCommand type=deleteBlocksCommand with id=1560596009382 timed out. Retrying.
2019-06-15 10:53:37,827 INFO  commands.RetriableDatanodeEventWatcher (RetriableDatanodeEventWatcher.java:onTimeout(47)) - RetriableDatanodeCommand type=deleteBlocksCommand with id=1560596009392 timed out. Retrying.
2019-06-15 10:53:37,834 INFO  commands.RetriableDatanodeEventWatcher (RetriableDatanodeEventWatcher.java:onTimeout(47)) - RetriableDatanodeCommand type=deleteBlocksCommand with id=1560596009402 timed out. Retrying.
2019-06-15 10:53:37,841 INFO  commands.RetriableDatanodeEventWatcher (RetriableDatanodeEventWatcher.java:onTimeout(47)) - RetriableDatanodeCommand type=deleteBlocksCommand with id=1560596009412 timed out. Retrying.
2019-06-15 10:53:37,848 INFO  commands.RetriableDatanodeEventWatcher (RetriableDatanodeEventWatcher.java:onTimeout(47)) - RetriableDatanodeCommand type=deleteBlocksCommand with id=1560596009422 timed out. Retrying.
2019-06-15 10:53:37,854 INFO  commands.RetriableDatanodeEventWatcher (RetriableDatanodeEventWatcher.java:onTimeout(47)) - RetriableDatanodeCommand type=deleteBlocksCommand with id=1560596009353 timed out. Retrying.
2019-06-15 10:53:37,856 DEBUG block.SCMBlockDeletingService (SCMBlockDeletingService.java:call(138)) - Running DeletedBlockTransactionScanner
2019-06-15 10:53:37,856 DEBUG block.SCMBlockDeletingService (SCMBlockDeletingService.java:call(155)) - Scanned deleted blocks log and got 3 delTX to process.
2019-06-15 10:53:37,856 DEBUG block.SCMBlockDeletingService (SCMBlockDeletingService.java:call(171)) - Added delete block command for datanode 325d518f-bf0d-428a-814f-266b27e759e4 in the queue, number of delete block transactions: 3, TxID list: 1,2,3
2019-06-15 10:53:37,857 INFO  block.SCMBlockDeletingService (SCMBlockDeletingService.java:call(182)) - Totally added 3 delete blocks command for 1 datanodes, task elapsed time: 0ms
2019-06-15 10:53:37,866 INFO  commands.RetriableDatanodeEventWatcher (RetriableDatanodeEventWatcher.java:onTimeout(47)) - RetriableDatanodeCommand type=deleteBlocksCommand with id=1560596009363 timed out. Retrying.
2019-06-15 10:53:37,890 INFO  commands.RetriableDatanodeEventWatcher (RetriableDatanodeEventWatcher.java:onTimeout(47)) - RetriableDatanodeCommand type=deleteBlocksCommand with id=1560596009373 timed out. Retrying.
2019-06-15 10:53:37,918 INFO  commands.RetriableDatanodeEventWatcher (RetriableDatanodeEventWatcher.java:onTimeout(47)) - RetriableDatanodeCommand type=deleteBlocksCommand with id=1560596009383 timed out. Retrying.
2019-06-15 10:53:37,927 INFO  commands.RetriableDatanodeEventWatcher (RetriableDatanodeEventWatcher.java:onTimeout(47)) - RetriableDatanodeCommand type=deleteBlocksCommand with id=1560596009393 timed out. Retrying.
2019-06-15 10:53:37,936 INFO  commands.RetriableDatanodeEventWatcher (RetriableDatanodeEventWatcher.java:onTimeout(47)) - RetriableDatanodeCommand type=deleteBlocksCommand with id=1560596009403 timed out. Retrying.
2019-06-15 10:53:37,941 INFO  commands.RetriableDatanodeEventWatcher (RetriableDatanodeEventWatcher.java:onTimeout(47)) - RetriableDatanodeCommand type=deleteBlocksCommand with id=1560596009413 timed out. Retrying.
2019-06-15 10:53:37,949 INFO  commands.RetriableDatanodeEventWatcher (RetriableDatanodeEventWatcher.java:onTimeout(47)) - RetriableDatanodeCommand type=deleteBlocksCommand with id=1560596009423 timed out. Retrying.
2019-06-15 10:53:37,955 INFO  commands.RetriableDatanodeEventWatcher (RetriableDatanodeEventWatcher.java:onTimeout(47)) - RetriableDatanodeCommand type=deleteBlocksCommand with id=1560596009354 timed out. Retrying.
2019-06-15 10:53:37,957 DEBUG block.SCMBlockDeletingService (SCMBlockDeletingService.java:call(138)) - Running DeletedBlockTransactionScanner
2019-06-15 10:53:37,957 DEBUG block.SCMBlockDeletingService (SCMBlockDeletingService.java:call(155)) - Scanned deleted blocks log and got 3 delTX to process.
2019-06-15 10:53:37,957 DEBUG block.SCMBlockDeletingService (SCMBlockDeletingService.java:call(171)) - Added delete block command for datanode 325d518f-bf0d-428a-814f-266b27e759e4 in the queue, number of delete block transactions: 3, TxID list: 1,2,3
2019-06-15 10:53:37,957 INFO  block.SCMBlockDeletingService (SCMBlockDeletingService.java:call(182)) - Totally added 3 delete blocks command for 1 datanodes, task elapsed time: 0ms
2019-06-15 10:53:37,963 INFO  commands.RetriableDatanodeEventWatcher (RetriableDatanodeEventWatcher.java:onTimeout(47)) - RetriableDatanodeCommand type=deleteBlocksCommand with id=1560596009364 timed out. Retrying.
2019-06-15 10:53:37,991 INFO  commands.RetriableDatanodeEventWatcher (RetriableDatanodeEventWatcher.java:onTimeout(47)) - RetriableDatanodeCommand type=deleteBlocksCommand with id=1560596009374 timed out. Retrying.
2019-06-15 10:53:38,020 INFO  commands.RetriableDatanodeEventWatcher (RetriableDatanodeEventWatcher.java:onTimeout(47)) - RetriableDatanodeCommand type=deleteBlocksCommand with id=1560596009384 timed out. Retrying.
2019-06-15 10:53:38,027 INFO  commands.RetriableDatanodeEventWatcher (RetriableDatanodeEventWatcher.java:onTimeout(47)) - RetriableDatanodeCommand type=deleteBlocksCommand with id=1560596009394 timed out. Retrying.
2019-06-15 10:53:38,035 INFO  commands.RetriableDatanodeEventWatcher (RetriableDatanodeEventWatcher.java:onTimeout(47)) - RetriableDatanodeCommand type=deleteBlocksCommand with id=1560596009404 timed out. Retrying.
2019-06-15 10:53:38,044 INFO  commands.RetriableDatanodeEventWatcher (RetriableDatanodeEventWatcher.java:onTimeout(47)) - RetriableDatanodeCommand type=deleteBlocksCommand with id=1560596009414 timed out. Retrying.
2019-06-15 10:53:38,050 INFO  commands.RetriableDatanodeEventWatcher (RetriableDatanodeEventWatcher.java:onTimeout(47)) - RetriableDatanodeCommand type=deleteBlocksCommand with id=1560596009424 timed out. Retrying.
2019-06-15 10:53:38,057 INFO  commands.RetriableDatanodeEventWatcher (RetriableDatanodeEventWatcher.java:onTimeout(47)) - RetriableDatanodeCommand type=deleteBlocksCommand with id=1560596009355 timed out. Retrying.
2019-06-15 10:53:38,058 DEBUG block.SCMBlockDeletingService (SCMBlockDeletingService.java:call(138)) - Running DeletedBlockTransactionScanner
2019-06-15 10:53:38,058 DEBUG block.SCMBlockDeletingService (SCMBlockDeletingService.java:call(155)) - Scanned deleted blocks log and got 3 delTX to process.
2019-06-15 10:53:38,058 DEBUG block.SCMBlockDeletingService (SCMBlockDeletingService.java:call(171)) - Added delete block command for datanode 325d518f-bf0d-428a-814f-266b27e759e4 in the queue, number of delete block transactions: 3, TxID list: 1,2,3
2019-06-15 10:53:38,058 INFO  block.SCMBlockDeletingService (SCMBlockDeletingService.java:call(182)) - Totally added 3 delete blocks command for 1 datanodes, task elapsed time: 1ms
2019-06-15 10:53:38,064 INFO  commands.RetriableDatanodeEventWatcher (RetriableDatanodeEventWatcher.java:onTimeout(47)) - RetriableDatanodeCommand type=deleteBlocksCommand with id=1560596009365 timed out. Retrying.
2019-06-15 10:53:38,091 INFO  commands.RetriableDatanodeEventWatcher (RetriableDatanodeEventWatcher.java:onTimeout(47)) - RetriableDatanodeCommand type=deleteBlocksCommand with id=1560596009375 timed out. Retrying.
2019-06-15 10:53:38,120 INFO  commands.RetriableDatanodeEventWatcher (RetriableDatanodeEventWatcher.java:onTimeout(47)) - RetriableDatanodeCommand type=deleteBlocksCommand with id=1560596009385 timed out. Retrying.
2019-06-15 10:53:38,128 INFO  commands.RetriableDatanodeEventWatcher (RetriableDatanodeEventWatcher.java:onTimeout(47)) - RetriableDatanodeCommand type=deleteBlocksCommand with id=1560596009395 timed out. Retrying.
2019-06-15 10:53:38,136 INFO  commands.RetriableDatanodeEventWatcher (RetriableDatanodeEventWatcher.java:onTimeout(47)) - RetriableDatanodeCommand type=deleteBlocksCommand with id=1560596009405 timed out. Retrying.
2019-06-15 10:53:38,143 INFO  commands.RetriableDatanodeEventWatcher (RetriableDatanodeEventWatcher.java:onTimeout(47)) - RetriableDatanodeCommand type=deleteBlocksCommand with id=1560596009415 timed out. Retrying.
2019-06-15 10:53:38,151 INFO  commands.RetriableDatanodeEventWatcher (RetriableDatanodeEventWatcher.java:onTimeout(47)) - RetriableDatanodeCommand type=deleteBlocksCommand with id=1560596009425 timed out. Retrying.
2019-06-15 10:53:38,158 DEBUG block.SCMBlockDeletingService (SCMBlockDeletingService.java:call(138)) - Running DeletedBlockTransactionScanner
2019-06-15 10:53:38,159 DEBUG block.SCMBlockDeletingService (SCMBlockDeletingService.java:call(155)) - Scanned deleted blocks log and got 3 delTX to process.
2019-06-15 10:53:38,159 DEBUG block.SCMBlockDeletingService (RetriableDatanodeEventWatcher.java:onTimeout(47)) - RetriableDatanodeCommand type=deleteBlocksCommand with id=1560596009356 timed out. Retrying.
SCMBlockDeletingService.java:call(171)) - Added delete block command for datanode 325d518f-bf0d-428a-814f-266b27e759e4 in the queue, number of delete block transactions: 3, TxID list: 1,2,3
2019-06-15 10:53:38,159 INFO  commands.RetriableDatanodeEventWatcher (RetriableDatanodeEventWatcher.java:onTimeout(47)) - RetriableDatanodeCommand type=deleteBlocksCommand with id=1560596009356 timed out. Retrying.
2019-06-15 10:53:38,159 INFO  block.SCMBlockDeletingService (SCMBlockDeletingService.java:call(182)) - Totally added 3 delete blocks command for 1 datanodes, task elapsed time: 1ms
2019-06-15 10:53:38,166 INFO  commands.RetriableDatanodeEventWatcher (RetriableDatanodeEventWatcher.java:onTimeout(47)) - RetriableDatanodeCommand type=deleteBlocksCommand with id=1560596009366 timed out. Retrying.
2019-06-15 10:53:38,193 INFO  commands.RetriableDatanodeEventWatcher (RetriableDatanodeEventWatcher.java:onTimeout(47)) - RetriableDatanodeCommand type=deleteBlocksCommand with id=1560596009376 timed out. Retrying.
2019-06-15 10:53:38,221 INFO  commands.RetriableDatanodeEventWatcher (RetriableDatanodeEventWatcher.java:onTimeout(47)) - RetriableDatanodeCommand type=deleteBlocksCommand with id=1560596009386 timed out. Retrying.
2019-06-15 10:53:38,229 INFO  commands.RetriableDatanodeEventWatcher (RetriableDatanodeEventWatcher.java:onTimeout(47)) - RetriableDatanodeCommand type=deleteBlocksCommand with id=1560596009396 timed out. Retrying.
2019-06-15 10:53:38,238 INFO  commands.RetriableDatanodeEventWatcher (RetriableDatanodeEventWatcher.java:onTimeout(47)) - RetriableDatanodeCommand type=deleteBlocksCommand with id=1560596009406 timed out. Retrying.
2019-06-15 10:53:38,245 INFO  commands.RetriableDatanodeEventWatcher (RetriableDatanodeEventWatcher.java:onTimeout(47)) - RetriableDatanodeCommand type=deleteBlocksCommand with id=1560596009416 timed out. Retrying.
2019-06-15 10:53:38,251 INFO  commands.RetriableDatanodeEventWatcher (RetriableDatanodeEventWatcher.java:onTimeout(47)) - RetriableDatanodeCommand type=deleteBlocksCommand with id=1560596009426 timed out. Retrying.
2019-06-15 10:53:38,258 INFO  commands.RetriableDatanodeEventWatcher (RetriableDatanodeEventWatcher.java:onTimeout(47)) - RetriableDatanodeCommand type=deleteBlocksCommand with id=1560596009357 timed out. Retrying.
2019-06-15 10:53:38,259 DEBUG block.SCMBlockDeletingService (SCMBlockDeletingService.java:call(138)) - Running DeletedBlockTransactionScanner
2019-06-15 10:53:38,259 DEBUG block.SCMBlockDeletingService (SCMBlockDeletingService.java:call(155)) - Scanned deleted blocks log and got 3 delTX to process.
2019-06-15 10:53:38,260 DEBUG block.SCMBlockDeletingService (SCMBlockDeletingService.java:call(171)) - Added delete block command for datanode 325d518f-bf0d-428a-814f-266b27e759e4 in the queue, number of delete block transactions: 3, TxID list: 1,2,3
2019-06-15 10:53:38,260 INFO  block.SCMBlockDeletingService (SCMBlockDeletingService.java:call(182)) - Totally added 3 delete blocks command for 1 datanodes, task elapsed time: 0ms
2019-06-15 10:53:38,286 INFO  commands.RetriableDatanodeEventWatcher (RetriableDatanodeEventWatcher.java:onTimeout(47)) - RetriableDatanodeCommand type=deleteBlocksCommand with id=1560596009367 timed out. Retrying.
2019-06-15 10:53:38,295 INFO  commands.RetriableDatanodeEventWatcher (RetriableDatanodeEventWatcher.java:onTimeout(47)) - RetriableDatanodeCommand type=deleteBlocksCommand with id=1560596009377 timed out. Retrying.
2019-06-15 10:53:38,321 INFO  commands.RetriableDatanodeEventWatcher (RetriableDatanodeEventWatcher.java:onTimeout(47)) - RetriableDatanodeCommand type=deleteBlocksCommand with id=1560596009387 timed out. Retrying.
2019-06-15 10:53:38,331 INFO  commands.RetriableDatanodeEventWatcher (RetriableDatanodeEventWatcher.java:onTimeout(47)) - RetriableDatanodeCommand type=deleteBlocksCommand with id=1560596009397 timed out. Retrying.
2019-06-15 10:53:38,338 INFO  commands.RetriableDatanodeEventWatcher (RetriableDatanodeEventWatcher.java:onTimeout(47)) - RetriableDatanodeCommand type=deleteBlocksCommand with id=1560596009407 timed out. Retrying.
2019-06-15 10:53:38,345 INFO  commands.RetriableDatanodeEventWatcher (RetriableDatanodeEventWatcher.java:onTimeout(47)) - RetriableDatanodeCommand type=deleteBlocksCommand with id=1560596009417 timed out. Retrying.
2019-06-15 10:53:38,352 INFO  commands.RetriableDatanodeEventWatcher (RetriableDatanodeEventWatcher.java:onTimeout(47)) - RetriableDatanodeCommand type=deleteBlocksCommand with id=1560596009348 timed out. Retrying.
2019-06-15 10:53:38,352 INFO  commands.RetriableDatanodeEventWatcher (RetriableDatanodeEventWatcher.java:onTimeout(47)) - RetriableDatanodeCommand type=deleteBlocksCommand with id=1560596009427 timed out. Retrying.
2019-06-15 10:53:38,360 DEBUG block.SCMBlockDeletingService (SCMBlockDeletingService.java:call(138)) - Running DeletedBlockTransactionScanner
2019-06-15 10:53:38,360 DEBUG block.SCMBlockDeletingService (SCMBlockDeletingService.java:call(155)) - Scanned deleted blocks log and got 3 delTX to process.
2019-06-15 10:53:38,360 DEBUG block.SCMBlockDeletingService (SCMBlockDeletingService.java:call(171)) - Added delete block command for datanode 325d518f-bf0d-428a-814f-266b27e759e4 in the queue, number of delete block transactions: 3, TxID list: 1,2,3
2019-06-15 10:53:38,360 INFO  block.SCMBlockDeletingService (SCMBlockDeletingService.java:call(182)) - Totally added 3 delete blocks command for 1 datanodes, task elapsed time: 0ms
2019-06-15 10:53:38,368 INFO  commands.RetriableDatanodeEventWatcher (RetriableDatanodeEventWatcher.java:onTimeout(47)) - RetriableDatanodeCommand type=deleteBlocksCommand with id=1560596009358 timed out. Retrying.
2019-06-15 10:53:38,387 INFO  commands.RetriableDatanodeEventWatcher (RetriableDatanodeEventWatcher.java:onTimeout(47)) - RetriableDatanodeCommand type=deleteBlocksCommand with id=1560596009368 timed out. Retrying.
2019-06-15 10:53:38,394 INFO  commands.RetriableDatanodeEventWatcher (RetriableDatanodeEventWatcher.java:onTimeout(47)) - RetriableDatanodeCommand type=deleteBlocksCommand with id=1560596009378 timed out. Retrying.
2019-06-15 10:53:38,423 INFO  commands.RetriableDatanodeEventWatcher (RetriableDatanodeEventWatcher.java:onTimeout(47)) - RetriableDatanodeCommand type=deleteBlocksCommand with id=1560596009388 timed out. Retrying.
2019-06-15 10:53:38,432 INFO  commands.RetriableDatanodeEventWatcher (RetriableDatanodeEventWatcher.java:onTimeout(47)) - RetriableDatanodeCommand type=deleteBlocksCommand with id=1560596009398 timed out. Retrying.
2019-06-15 10:53:38,439 INFO  commands.RetriableDatanodeEventWatcher (RetriableDatanodeEventWatcher.java:onTimeout(47)) - RetriableDatanodeCommand type=deleteBlocksCommand with id=1560596009408 timed out. Retrying.
2019-06-15 10:53:38,445 INFO  commands.RetriableDatanodeEventWatcher (RetriableDatanodeEventWatcher.java:onTimeout(47)) - RetriableDatanodeCommand type=deleteBlocksCommand with id=1560596009418 timed out. Retrying.
2019-06-15 10:53:38,452 INFO  commands.RetriableDatanodeEventWatcher (RetriableDatanodeEventWatcher.java:onTimeout(47)) - RetriableDatanodeCommand type=deleteBlocksCommand with id=1560596009349 timed out. Retrying.
2019-06-15 10:53:38,454 INFO  commands.RetriableDatanodeEventWatcher (RetriableDatanodeEventWatcher.java:onTimeout(47)) - RetriableDatanodeCommand type=deleteBlocksCommand with id=1560596009428 timed out. Retrying.
2019-06-15 10:53:38,461 DEBUG block.SCMBlockDeletingService (SCMBlockDeletingService.java:call(138)) - Running DeletedBlockTransactionScanner
2019-06-15 10:53:38,461 DEBUG block.SCMBlockDeletingService (SCMBlockDeletingService.java:call(155)) - Scanned deleted blocks log and got 3 delTX to process.
2019-06-15 10:53:38,461 INFO  commands.RetriableDatanodeEventWatcher (SCMBlockDeletingService.java:call(171)) - Added delete block command for datanode 325d518f-bf0d-428a-814f-266b27e759e4 in the queue, number of delete block transactions: 3, TxID list: 1,2,3
2019-06-15 10:53:38,461 INFO  commands.RetriableDatanodeEventWatcher (RetriableDatanodeEventWatcher.java:onTimeout(47)) - RetriableDatanodeCommand type=deleteBlocksCommand with id=1560596009359 timed out. Retrying.
2019-06-15 10:53:38,461 INFO  block.SCMBlockDeletingService (SCMBlockDeletingService.java:call(182)) - Totally added 3 delete blocks command for 1 datanodes, task elapsed time: 1ms
2019-06-15 10:53:38,487 INFO  commands.RetriableDatanodeEventWatcher (RetriableDatanodeEventWatcher.java:onTimeout(47)) - RetriableDatanodeCommand type=deleteBlocksCommand with id=1560596009369 timed out. Retrying.
2019-06-15 10:53:38,495 INFO  commands.RetriableDatanodeEventWatcher (RetriableDatanodeEventWatcher.java:onTimeout(47)) - RetriableDatanodeCommand type=deleteBlocksCommand with id=1560596009379 timed out. Retrying.
2019-06-15 10:53:38,523 INFO  commands.RetriableDatanodeEventWatcher (RetriableDatanodeEventWatcher.java:onTimeout(47)) - RetriableDatanodeCommand type=deleteBlocksCommand with id=1560596009389 timed out. Retrying.
2019-06-15 10:53:38,532 INFO  commands.RetriableDatanodeEventWatcher (RetriableDatanodeEventWatcher.java:onTimeout(47)) - RetriableDatanodeCommand type=deleteBlocksCommand with id=1560596009399 timed out. Retrying.
2019-06-15 10:53:38,538 INFO  commands.RetriableDatanodeEventWatcher (RetriableDatanodeEventWatcher.java:onTimeout(47)) - RetriableDatanodeCommand type=deleteBlocksCommand with id=1560596009409 timed out. Retrying.
2019-06-15 10:53:38,547 INFO  commands.RetriableDatanodeEventWatcher (RetriableDatanodeEventWatcher.java:onTimeout(47)) - RetriableDatanodeCommand type=deleteBlocksCommand with id=1560596009419 timed out. Retrying.
2019-06-15 10:53:38,554 INFO  commands.RetriableDatanodeEventWatcher (RetriableDatanodeEventWatcher.java:onTimeout(47)) - RetriableDatanodeCommand type=deleteBlocksCommand with id=1560596009350 timed out. Retrying.
2019-06-15 10:53:38,555 INFO  commands.RetriableDatanodeEventWatcher (RetriableDatanodeEventWatcher.java:onTimeout(47)) - RetriableDatanodeCommand type=deleteBlocksCommand with id=1560596009429 timed out. Retrying.
2019-06-15 10:53:38,560 INFO  commands.RetriableDatanodeEventWatcher (RetriableDatanodeEventWatcher.java:onTimeout(47)) - RetriableDatanodeCommand type=deleteBlocksCommand with id=1560596009360 timed out. Retrying.
2019-06-15 10:53:38,561 DEBUG block.SCMBlockDeletingService (SCMBlockDeletingService.java:call(138)) - Running DeletedBlockTransactionScanner
2019-06-15 10:53:38,561 DEBUG block.SCMBlockDeletingService (SCMBlockDeletingService.java:call(155)) - Scanned deleted blocks log and got 3 delTX to process.
2019-06-15 10:53:38,561 DEBUG block.SCMBlockDeletingService (SCMBlockDeletingService.java:call(171)) - Added delete block command for datanode 325d518f-bf0d-428a-814f-266b27e759e4 in the queue, number of delete block transactions: 3, TxID list: 1,2,3
2019-06-15 10:53:38,562 INFO  block.SCMBlockDeletingService (SCMBlockDeletingService.java:call(182)) - Totally added 3 delete blocks command for 1 datanodes, task elapsed time: 0ms
2019-06-15 10:53:38,589 INFO  commands.RetriableDatanodeEventWatcher (RetriableDatanodeEventWatcher.java:onTimeout(47)) - RetriableDatanodeCommand type=deleteBlocksCommand with id=1560596009370 timed out. Retrying.
2019-06-15 10:53:38,617 INFO  commands.RetriableDatanodeEventWatcher (RetriableDatanodeEventWatcher.java:onTimeout(47)) - RetriableDatanodeCommand type=deleteBlocksCommand with id=1560596009380 timed out. Retrying.
2019-06-15 10:53:38,623 INFO  commands.RetriableDatanodeEventWatcher (RetriableDatanodeEventWatcher.java:onTimeout(47)) - RetriableDatanodeCommand type=deleteBlocksCommand with id=1560596009390 timed out. Retrying.
2019-06-15 10:53:38,632 INFO  commands.RetriableDatanodeEventWatcher (RetriableDatanodeEventWatcher.java:onTimeout(47)) - RetriableDatanodeCommand type=deleteBlocksCommand with id=1560596009400 timed out. Retrying.
2019-06-15 10:53:38,641 INFO  commands.RetriableDatanodeEventWatcher (RetriableDatanodeEventWatcher.java:onTimeout(47)) - RetriableDatanodeCommand type=deleteBlocksCommand with id=1560596009410 timed out. Retrying.
2019-06-15 10:53:38,649 INFO  commands.RetriableDatanodeEventWatcher (RetriableDatanodeEventWatcher.java:onTimeout(47)) - RetriableDatanodeCommand type=deleteBlocksCommand with id=1560596009420 timed out. Retrying.
2019-06-15 10:53:38,651 INFO  commands.RetriableDatanodeEventWatcher (RetriableDatanodeEventWatcher.java:onTimeout(47)) - RetriableDatanodeCommand type=deleteBlocksCommand with id=1560596009351 timed out. Retrying.
2019-06-15 10:53:38,655 INFO  commands.RetriableDatanodeEventWatcher (RetriableDatanodeEventWatcher.java:onTimeout(47)) - RetriableDatanodeCommand type=deleteBlocksCommand with id=1560596009430 timed out. Retrying.
2019-06-15 10:53:38,661 INFO  commands.RetriableDatanodeEventWatcher (RetriableDatanodeEventWatcher.java:onTimeout(47)) - RetriableDatanodeCommand type=deleteBlocksCommand with id=1560596009361 timed out. Retrying.
2019-06-15 10:53:38,662 DEBUG block.SCMBlockDeletingService (SCMBlockDeletingService.java:call(138)) - Running DeletedBlockTransactionScanner
2019-06-15 10:53:38,662 DEBUG block.SCMBlockDeletingService (SCMBlockDeletingService.java:call(155)) - Scanned deleted blocks log and got 3 delTX to process.
2019-06-15 10:53:38,662 DEBUG block.SCMBlockDeletingService (SCMBlockDeletingService.java:call(171)) - Added delete block command for datanode 325d518f-bf0d-428a-814f-266b27e759e4 in the queue, number of delete block transactions: 3, TxID list: 1,2,3
2019-06-15 10:53:38,662 INFO  block.SCMBlockDeletingService (SCMBlockDeletingService.java:call(182)) - Totally added 3 delete blocks command for 1 datanodes, task elapsed time: 1ms
2019-06-15 10:53:38,680 INFO  ozone.MiniOzoneClusterImpl (MiniOzoneClusterImpl.java:lambda$waitForClusterToBeReady$0(142)) - Waiting for cluster to be ready. Got 0 of 1 DN Heartbeats.
2019-06-15 10:53:38,689 INFO  commands.RetriableDatanodeEventWatcher (RetriableDatanodeEventWatcher.java:onTimeout(47)) - RetriableDatanodeCommand type=deleteBlocksCommand with id=1560596009371 timed out. Retrying.
2019-06-15 10:53:38,695 INFO  block.SCMBlockDeletingService (SCMBlockDeletingService.java:handlePendingDeletes(115)) - Block deletion txnID mismatch in datanode 325d518f-bf0d-428a-814f-266b27e759e4 for containerID 1. Datanode delete txnID: 0, SCM txnID: 1
2019-06-15 10:53:38,695 INFO  block.SCMBlockDeletingService (SCMBlockDeletingService.java:handlePendingDeletes(115)) - Block deletion txnID mismatch in datanode 325d518f-bf0d-428a-814f-266b27e759e4 for containerID 2. Datanode delete txnID: 0, SCM txnID: 2
2019-06-15 10:53:38,695 INFO  block.SCMBlockDeletingService (SCMBlockDeletingService.java:handlePendingDeletes(115)) - Block deletion txnID mismatch in datanode 325d518f-bf0d-428a-814f-266b27e759e4 for containerID 3. Datanode delete txnID: 0, SCM txnID: 3
2019-06-15 10:53:38,717 INFO  commands.RetriableDatanodeEventWatcher (RetriableDatanodeEventWatcher.java:onTimeout(47)) - RetriableDatanodeCommand type=deleteBlocksCommand with id=1560596009381 timed out. Retrying.
2019-06-15 10:53:38,726 INFO  commands.RetriableDatanodeEventWatcher (RetriableDatanodeEventWatcher.java:onTimeout(47)) - RetriableDatanodeCommand type=deleteBlocksCommand with id=1560596009391 timed out. Retrying.
2019-06-15 10:53:38,734 INFO  commands.RetriableDatanodeEventWatcher (RetriableDatanodeEventWatcher.java:onTimeout(47)) - RetriableDatanodeCommand type=deleteBlocksCommand with id=1560596009401 timed out. Retrying.
2019-06-15 10:53:38,740 INFO  commands.RetriableDatanodeEventWatcher (RetriableDatanodeEventWatcher.java:onTimeout(47)) - RetriableDatanodeCommand type=deleteBlocksCommand with id=1560596009411 timed out. Retrying.
2019-06-15 10:53:38,743 INFO  impl.RaftServerProxy (RaftServerProxy.java:addNew(89)) - 325d518f-bf0d-428a-814f-266b27e759e4: addNew group-24E41496DF7A:[325d518f-bf0d-428a-814f-266b27e759e4:192.168.134.89:37167] returns group-24E41496DF7A:java.util.concurrent.CompletableFuture@320e9aea[Not completed]
2019-06-15 10:53:38,744 INFO  impl.RaftServerImpl (RaftServerImpl.java:<init>(91)) - 325d518f-bf0d-428a-814f-266b27e759e4: new RaftServerImpl for group-24E41496DF7A:[325d518f-bf0d-428a-814f-266b27e759e4:192.168.134.89:37167] with ContainerStateMachine:uninitialized
2019-06-15 10:53:38,744 INFO  server.RaftServerConfigKeys (ConfUtils.java:logGet(43)) - raft.server.rpc.timeout.min = 1s (custom)
2019-06-15 10:53:38,744 INFO  server.RaftServerConfigKeys (ConfUtils.java:logGet(43)) - raft.server.rpc.timeout.max = 1200ms (custom)
2019-06-15 10:53:38,744 INFO  server.RaftServerConfigKeys (ConfUtils.java:logGet(43)) - raft.server.rpcslowness.timeout = 120s (custom)
2019-06-15 10:53:38,744 INFO  server.RaftServerConfigKeys (ConfUtils.java:logGet(43)) - raft.server.log.appender.install.snapshot.enabled = true (default)
2019-06-15 10:53:38,744 INFO  impl.RaftServerImpl (ServerState.java:<init>(101)) - 325d518f-bf0d-428a-814f-266b27e759e4:group-24E41496DF7A ConfigurationManager, init=-1: [325d518f-bf0d-428a-814f-266b27e759e4:192.168.134.89:37167], old=null, confs=<EMPTY_MAP>
2019-06-15 10:53:38,744 INFO  server.RaftServerConfigKeys (ConfUtils.java:logGet(43)) - raft.server.storage.dir = [/opt/src/hadoop-ozone/integration-test/target/test-dir/MiniOzoneClusterImpl-dd99cefe-9779-4043-9d74-181b69d2a827/datanode-0/data/ratis] (custom)
2019-06-15 10:53:38,745 INFO  storage.RaftStorageDirectory (RaftStorageDirectory.java:analyzeStorage(246)) - The storage directory /opt/src/hadoop-ozone/integration-test/target/test-dir/MiniOzoneClusterImpl-dd99cefe-9779-4043-9d74-181b69d2a827/datanode-0/data/ratis/0f94b94e-bc57-49c3-ab8c-24e41496df7a does not exist. Creating ...
2019-06-15 10:53:38,749 INFO  commands.RetriableDatanodeEventWatcher (RetriableDatanodeEventWatcher.java:onTimeout(47)) - RetriableDatanodeCommand type=deleteBlocksCommand with id=1560596009421 timed out. Retrying.
2019-06-15 10:53:38,756 INFO  commands.RetriableDatanodeEventWatcher (RetriableDatanodeEventWatcher.java:onTimeout(47)) - RetriableDatanodeCommand type=deleteBlocksCommand with id=1560596009352 timed out. Retrying.
2019-06-15 10:53:38,756 INFO  commands.RetriableDatanodeEventWatcher (RetriableDatanodeEventWatcher.java:onTimeout(47)) - RetriableDatanodeCommand type=deleteBlocksCommand with id=1560596009431 timed out. Retrying.
2019-06-15 10:53:38,762 DEBUG block.SCMBlockDeletingService (SCMBlockDeletingService.java:call(138)) - Running DeletedBlockTransactionScanner
2019-06-15 10:53:38,763 INFO  commands.RetriableDatanodeEventWatcher (RetriableDatanodeEventWatcher.java:onTimeout(47)) - RetriableDatanodeCommand type=deleteBlocksCommand with id=1560596009362 timed out. Retrying.
2019-06-15 10:53:38,771 DEBUG block.SCMBlockDeletingService (SCMBlockDeletingService.java:call(155)) - Scanned deleted blocks log and got 3 delTX to process.
2019-06-15 10:53:38,771 INFO  storage.RaftStorageDirectory (RaftStorageDirectory.java:tryLock(328)) - Lock on /opt/src/hadoop-ozone/integration-test/target/test-dir/MiniOzoneClusterImpl-dd99cefe-9779-4043-9d74-181b69d2a827/datanode-0/data/ratis/0f94b94e-bc57-49c3-ab8c-24e41496df7a/in_use.lock acquired by nodename 9848@ozone-unit-076618677d3-vlkcl-536080588
2019-06-15 10:53:38,771 DEBUG block.SCMBlockDeletingService (SCMBlockDeletingService.java:call(171)) - Added delete block command for datanode 325d518f-bf0d-428a-814f-266b27e759e4 in the queue, number of delete block transactions: 3, TxID list: 1,2,3
2019-06-15 10:53:38,771 INFO  block.SCMBlockDeletingService (SCMBlockDeletingService.java:call(182)) - Totally added 3 delete blocks command for 1 datanodes, task elapsed time: 9ms
2019-06-15 10:53:38,789 INFO  commands.RetriableDatanodeEventWatcher (RetriableDatanodeEventWatcher.java:onTimeout(47)) - RetriableDatanodeCommand type=deleteBlocksCommand with id=1560596009372 timed out. Retrying.
2019-06-15 10:53:38,818 INFO  commands.RetriableDatanodeEventWatcher (RetriableDatanodeEventWatcher.java:onTimeout(47)) - RetriableDatanodeCommand type=deleteBlocksCommand with id=1560596009382 timed out. Retrying.
2019-06-15 10:53:38,827 INFO  commands.RetriableDatanodeEventWatcher (RetriableDatanodeEventWatcher.java:onTimeout(47)) - RetriableDatanodeCommand type=deleteBlocksCommand with id=1560596009392 timed out. Retrying.
2019-06-15 10:53:38,835 INFO  commands.RetriableDatanodeEventWatcher (RetriableDatanodeEventWatcher.java:onTimeout(47)) - RetriableDatanodeCommand type=deleteBlocksCommand with id=1560596009402 timed out. Retrying.
2019-06-15 10:53:38,839 INFO  storage.RaftStorage (RaftStorage.java:format(75)) - Storage directory /opt/src/hadoop-ozone/integration-test/target/test-dir/MiniOzoneClusterImpl-dd99cefe-9779-4043-9d74-181b69d2a827/datanode-0/data/ratis/0f94b94e-bc57-49c3-ab8c-24e41496df7a has been successfully formatted.
2019-06-15 10:53:38,840 INFO  ratis.ContainerStateMachine (ContainerStateMachine.java:loadSnapshot(199)) - The snapshot info is null.Setting the last applied index to:(t:0, i:~)
2019-06-15 10:53:38,840 INFO  server.RaftServerConfigKeys (ConfUtils.java:logGet(43)) - raft.server.leader.election.timeout = 120s (custom)
2019-06-15 10:53:38,840 INFO  server.RaftServerConfigKeys (ConfUtils.java:logGet(43)) - raft.server.log.use.memory = false (default)
2019-06-15 10:53:38,840 INFO  server.RaftServerConfigKeys (ConfUtils.java:logGet(43)) - raft.server.log.appender.buffer.byte-limit = 33554432 (custom)
2019-06-15 10:53:38,840 INFO  server.RaftServerConfigKeys (ConfUtils.java:logGet(43)) - raft.server.log.segment.size.max = 16384 (custom)
2019-06-15 10:53:38,840 INFO  server.RaftServerConfigKeys (ConfUtils.java:logGet(43)) - raft.server.log.segment.cache.num.max = 2 (custom)
2019-06-15 10:53:38,840 INFO  storage.RaftLogWorker (RaftLogWorker.java:<init>(123)) - new 325d518f-bf0d-428a-814f-266b27e759e4-RaftLogWorker for Storage Directory /opt/src/hadoop-ozone/integration-test/target/test-dir/MiniOzoneClusterImpl-dd99cefe-9779-4043-9d74-181b69d2a827/datanode-0/data/ratis/0f94b94e-bc57-49c3-ab8c-24e41496df7a
2019-06-15 10:53:38,841 INFO  server.RaftServerConfigKeys (ConfUtils.java:logGet(43)) - raft.server.log.queue.byte-limit = 2147483647 (custom)
2019-06-15 10:53:38,841 INFO  server.RaftServerConfigKeys (ConfUtils.java:logGet(43)) - raft.server.log.queue.element-limit = 1024 (custom)
2019-06-15 10:53:38,841 INFO  server.RaftServerConfigKeys (ConfUtils.java:logGet(43)) - raft.server.log.segment.size.max = 16384 (custom)
2019-06-15 10:53:38,841 INFO  server.RaftServerConfigKeys (ConfUtils.java:logGet(43)) - raft.server.log.preallocated.size = 16384 (custom)
2019-06-15 10:53:38,841 INFO  server.RaftServerConfigKeys (ConfUtils.java:logGet(43)) - raft.server.log.write.buffer.size = 33554432 (custom)
2019-06-15 10:53:38,841 INFO  server.RaftServerConfigKeys (ConfUtils.java:logGet(43)) - raft.server.log.force.sync.num = 128 (default)
2019-06-15 10:53:38,841 INFO  server.RaftServerConfigKeys (ConfUtils.java:logGet(43)) - raft.server.log.statemachine.data.sync = true (default)
2019-06-15 10:53:38,841 INFO  commands.RetriableDatanodeEventWatcher (ConfUtils.java:logGet(43)) - raft.server.log.statemachine.data.sync.timeout = 10s (default)
2019-06-15 10:53:38,841 INFO  commands.RetriableDatanodeEventWatcher (RetriableDatanodeEventWatcher.java:onTimeout(47)) - RetriableDatanodeCommand type=deleteBlocksCommand with id=1560596009412 timed out. Retrying.
2019-06-15 10:53:38,841 INFO  server.RaftServerConfigKeys (ConfUtils.java:logGet(43)) - raft.server.log.statemachine.data.sync.timeout.retry = -1 (default)
2019-06-15 10:53:38,841 INFO  server.RaftServerConfigKeys (ConfUtils.java:logGet(43)) - raft.server.log.statemachine.data.caching.enabled = true (custom)
2019-06-15 10:53:38,842 INFO  server.RaftServerConfigKeys (ConfUtils.java:logGet(43)) - raft.server.snapshot.auto.trigger.enabled = true (custom)
2019-06-15 10:53:38,842 INFO  server.RaftServerConfigKeys (ConfUtils.java:logGet(43)) - raft.server.snapshot.auto.trigger.threshold = 10000 (custom)
2019-06-15 10:53:38,842 INFO  server.RaftServerConfigKeys (ConfUtils.java:logGet(43)) - raft.server.retrycache.expirytime = 600000ms (custom)
2019-06-15 10:53:38,842 INFO  impl.RaftServerImpl (RaftServerImpl.java:start(173)) - 325d518f-bf0d-428a-814f-266b27e759e4: start group-24E41496DF7A
2019-06-15 10:53:38,842 INFO  impl.RaftServerImpl (RaftServerImpl.java:setRole(164)) - 325d518f-bf0d-428a-814f-266b27e759e4:group-24E41496DF7A changes role from null to FOLLOWER at term 0 for startAsFollower
2019-06-15 10:53:38,842 INFO  impl.RoleInfo (RoleInfo.java:updateAndGet(143)) - 325d518f-bf0d-428a-814f-266b27e759e4: start FollowerState
2019-06-15 10:53:38,844 INFO  util.JmxRegister (JmxRegister.java:tryRegister(44)) - Successfully registered JMX Bean with object name Ratis:service=RaftServer,group=group-24E41496DF7A,id=325d518f-bf0d-428a-814f-266b27e759e4
2019-06-15 10:53:38,849 INFO  commands.RetriableDatanodeEventWatcher (RetriableDatanodeEventWatcher.java:onTimeout(47)) - RetriableDatanodeCommand type=deleteBlocksCommand with id=1560596009422 timed out. Retrying.
2019-06-15 10:53:38,849 INFO  pipeline.PipelineStateManager (PipelineStateManager.java:addPipeline(56)) - Created pipeline Pipeline[ Id: 0f94b94e-bc57-49c3-ab8c-24e41496df7a, Nodes: 325d518f-bf0d-428a-814f-266b27e759e4{ip: 192.168.134.89, host: ozone-unit-076618677d3-vlkcl-536080588, networkLocation: /default-rack, certSerialId: null}, Type:RATIS, Factor:ONE, State:OPEN]
2019-06-15 10:53:38,854 INFO  commands.RetriableDatanodeEventWatcher (RetriableDatanodeEventWatcher.java:onTimeout(47)) - RetriableDatanodeCommand type=deleteBlocksCommand with id=1560596009353 timed out. Retrying.
2019-06-15 10:53:38,856 INFO  commands.RetriableDatanodeEventWatcher (RetriableDatanodeEventWatcher.java:onTimeout(47)) - RetriableDatanodeCommand type=deleteBlocksCommand with id=1560596009432 timed out. Retrying.
2019-06-15 10:53:38,866 INFO  commands.RetriableDatanodeEventWatcher (RetriableDatanodeEventWatcher.java:onTimeout(47)) - RetriableDatanodeCommand type=deleteBlocksCommand with id=1560596009363 timed out. Retrying.
2019-06-15 10:53:38,871 DEBUG block.SCMBlockDeletingService (SCMBlockDeletingService.java:call(138)) - Running DeletedBlockTransactionScanner
2019-06-15 10:53:38,872 DEBUG block.SCMBlockDeletingService (SCMBlockDeletingService.java:call(155)) - Scanned deleted blocks log and got 3 delTX to process.
2019-06-15 10:53:38,872 DEBUG block.SCMBlockDeletingService (SCMBlockDeletingService.java:call(171)) - Added delete block command for datanode 325d518f-bf0d-428a-814f-266b27e759e4 in the queue, number of delete block transactions: 3, TxID list: 1,2,3
2019-06-15 10:53:38,872 INFO  block.SCMBlockDeletingService (SCMBlockDeletingService.java:call(182)) - Totally added 3 delete blocks command for 1 datanodes, task elapsed time: 1ms
2019-06-15 10:53:38,890 INFO  commands.RetriableDatanodeEventWatcher (RetriableDatanodeEventWatcher.java:onTimeout(47)) - RetriableDatanodeCommand type=deleteBlocksCommand with id=1560596009373 timed out. Retrying.
2019-06-15 10:53:38,918 INFO  commands.RetriableDatanodeEventWatcher (RetriableDatanodeEventWatcher.java:onTimeout(47)) - RetriableDatanodeCommand type=deleteBlocksCommand with id=1560596009383 timed out. Retrying.
2019-06-15 10:53:38,928 INFO  commands.RetriableDatanodeEventWatcher (RetriableDatanodeEventWatcher.java:onTimeout(47)) - RetriableDatanodeCommand type=deleteBlocksCommand with id=1560596009393 timed out. Retrying.
2019-06-15 10:53:38,935 INFO  commands.RetriableDatanodeEventWatcher (RetriableDatanodeEventWatcher.java:onTimeout(47)) - RetriableDatanodeCommand type=deleteBlocksCommand with id=1560596009403 timed out. Retrying.
2019-06-15 10:53:38,942 INFO  commands.RetriableDatanodeEventWatcher (RetriableDatanodeEventWatcher.java:onTimeout(47)) - RetriableDatanodeCommand type=deleteBlocksCommand with id=1560596009413 timed out. Retrying.
2019-06-15 10:53:38,950 INFO  commands.RetriableDatanodeEventWatcher (RetriableDatanodeEventWatcher.java:onTimeout(47)) - RetriableDatanodeCommand type=deleteBlocksCommand with id=1560596009423 timed out. Retrying.
2019-06-15 10:53:38,955 INFO  commands.RetriableDatanodeEventWatcher (RetriableDatanodeEventWatcher.java:onTimeout(47)) - RetriableDatanodeCommand type=deleteBlocksCommand with id=1560596009354 timed out. Retrying.
2019-06-15 10:53:38,981 DEBUG block.SCMBlockDeletingService (SCMBlockDeletingService.java:call(138)) - Running DeletedBlockTransactionScanner
2019-06-15 10:53:38,981 DEBUG block.SCMBlockDeletingService (SCMBlockDeletingService.java:call(155)) - Scanned deleted blocks log and got 3 delTX to process.
2019-06-15 10:53:38,981 DEBUG block.SCMBlockDeletingService (SCMBlockDeletingService.java:call(171)) - Added delete block command for datanode 325d518f-bf0d-428a-814f-266b27e759e4 in the queue, number of delete block transactions: 3, TxID list: 1,2,3
2019-06-15 10:53:38,981 INFO  block.SCMBlockDeletingService (SCMBlockDeletingService.java:call(182)) - Totally added 3 delete blocks command for 1 datanodes, task elapsed time: 1ms
2019-06-15 10:53:38,981 INFO  commands.RetriableDatanodeEventWatcher (RetriableDatanodeEventWatcher.java:onTimeout(47)) - RetriableDatanodeCommand type=deleteBlocksCommand with id=1560596009364 timed out. Retrying.
2019-06-15 10:53:38,981 INFO  commands.RetriableDatanodeEventWatcher (RetriableDatanodeEventWatcher.java:onTimeout(47)) - RetriableDatanodeCommand type=deleteBlocksCommand with id=1560596009433 timed out. Retrying.
2019-06-15 10:53:38,990 INFO  commands.RetriableDatanodeEventWatcher (RetriableDatanodeEventWatcher.java:onTimeout(47)) - RetriableDatanodeCommand type=deleteBlocksCommand with id=1560596009374 timed out. Retrying.
2019-06-15 10:53:39,021 INFO  commands.RetriableDatanodeEventWatcher (RetriableDatanodeEventWatcher.java:onTimeout(47)) - RetriableDatanodeCommand type=deleteBlocksCommand with id=1560596009384 timed out. Retrying.
2019-06-15 10:53:39,027 INFO  commands.RetriableDatanodeEventWatcher (RetriableDatanodeEventWatcher.java:onTimeout(47)) - RetriableDatanodeCommand type=deleteBlocksCommand with id=1560596009394 timed out. Retrying.
2019-06-15 10:53:39,036 INFO  commands.RetriableDatanodeEventWatcher (RetriableDatanodeEventWatcher.java:onTimeout(47)) - RetriableDatanodeCommand type=deleteBlocksCommand with id=1560596009404 timed out. Retrying.
2019-06-15 10:53:39,044 INFO  commands.RetriableDatanodeEventWatcher (RetriableDatanodeEventWatcher.java:onTimeout(47)) - RetriableDatanodeCommand type=deleteBlocksCommand with id=1560596009414 timed out. Retrying.
2019-06-15 10:53:39,050 INFO  commands.RetriableDatanodeEventWatcher (RetriableDatanodeEventWatcher.java:onTimeout(47)) - RetriableDatanodeCommand type=deleteBlocksCommand with id=1560596009424 timed out. Retrying.
2019-06-15 10:53:39,057 INFO  commands.RetriableDatanodeEventWatcher (RetriableDatanodeEventWatcher.java:onTimeout(47)) - RetriableDatanodeCommand type=deleteBlocksCommand with id=1560596009355 timed out. Retrying.
2019-06-15 10:53:39,058 INFO  commands.RetriableDatanodeEventWatcher (RetriableDatanodeEventWatcher.java:onTimeout(47)) - RetriableDatanodeCommand type=deleteBlocksCommand with id=1560596009434 timed out. Retrying.
2019-06-15 10:53:39,065 INFO  commands.RetriableDatanodeEventWatcher (RetriableDatanodeEventWatcher.java:onTimeout(47)) - RetriableDatanodeCommand type=deleteBlocksCommand with id=1560596009365 timed out. Retrying.
2019-06-15 10:53:39,081 DEBUG block.SCMBlockDeletingService (SCMBlockDeletingService.java:call(138)) - Running DeletedBlockTransactionScanner
2019-06-15 10:53:39,082 DEBUG block.SCMBlockDeletingService (SCMBlockDeletingService.java:call(155)) - Scanned deleted blocks log and got 3 delTX to process.
2019-06-15 10:53:39,082 DEBUG block.SCMBlockDeletingService (SCMBlockDeletingService.java:call(171)) - Added delete block command for datanode 325d518f-bf0d-428a-814f-266b27e759e4 in the queue, number of delete block transactions: 3, TxID list: 1,2,3
2019-06-15 10:53:39,082 INFO  block.SCMBlockDeletingService (SCMBlockDeletingService.java:call(182)) - Totally added 3 delete blocks command for 1 datanodes, task elapsed time: 1ms
2019-06-15 10:53:39,091 INFO  commands.RetriableDatanodeEventWatcher (RetriableDatanodeEventWatcher.java:onTimeout(47)) - RetriableDatanodeCommand type=deleteBlocksCommand with id=1560596009375 timed out. Retrying.
2019-06-15 10:53:39,119 INFO  commands.RetriableDatanodeEventWatcher (RetriableDatanodeEventWatcher.java:onTimeout(47)) - RetriableDatanodeCommand type=deleteBlocksCommand with id=1560596009385 timed out. Retrying.
2019-06-15 10:53:39,129 INFO  commands.RetriableDatanodeEventWatcher (RetriableDatanodeEventWatcher.java:onTimeout(47)) - RetriableDatanodeCommand type=deleteBlocksCommand with id=1560596009395 timed out. Retrying.
2019-06-15 10:53:39,136 INFO  commands.RetriableDatanodeEventWatcher (RetriableDatanodeEventWatcher.java:onTimeout(47)) - RetriableDatanodeCommand type=deleteBlocksCommand with id=1560596009405 timed out. Retrying.
2019-06-15 10:53:39,143 INFO  commands.RetriableDatanodeEventWatcher (RetriableDatanodeEventWatcher.java:onTimeout(47)) - RetriableDatanodeCommand type=deleteBlocksCommand with id=1560596009415 timed out. Retrying.
2019-06-15 10:53:39,150 INFO  commands.RetriableDatanodeEventWatcher (RetriableDatanodeEventWatcher.java:onTimeout(47)) - RetriableDatanodeCommand type=deleteBlocksCommand with id=1560596009425 timed out. Retrying.
2019-06-15 10:53:39,159 INFO  commands.RetriableDatanodeEventWatcher (RetriableDatanodeEventWatcher.java:onTimeout(47)) - RetriableDatanodeCommand type=deleteBlocksCommand with id=1560596009356 timed out. Retrying.
2019-06-15 10:53:39,159 INFO  commands.RetriableDatanodeEventWatcher (RetriableDatanodeEventWatcher.java:onTimeout(47)) - RetriableDatanodeCommand type=deleteBlocksCommand with id=1560596009435 timed out. Retrying.
2019-06-15 10:53:39,166 INFO  commands.RetriableDatanodeEventWatcher (RetriableDatanodeEventWatcher.java:onTimeout(47)) - RetriableDatanodeCommand type=deleteBlocksCommand with id=1560596009366 timed out. Retrying.
2019-06-15 10:53:39,182 DEBUG block.SCMBlockDeletingService (SCMBlockDeletingService.java:call(138)) - Running DeletedBlockTransactionScanner
2019-06-15 10:53:39,182 DEBUG block.SCMBlockDeletingService (SCMBlockDeletingService.java:call(155)) - Scanned deleted blocks log and got 3 delTX to process.
2019-06-15 10:53:39,183 DEBUG block.SCMBlockDeletingService (SCMBlockDeletingService.java:call(171)) - Added delete block command for datanode 325d518f-bf0d-428a-814f-266b27e759e4 in the queue, number of delete block transactions: 3, TxID list: 1,2,3
2019-06-15 10:53:39,183 INFO  block.SCMBlockDeletingService (SCMBlockDeletingService.java:call(182)) - Totally added 3 delete blocks command for 1 datanodes, task elapsed time: 1ms
2019-06-15 10:53:39,194 INFO  commands.RetriableDatanodeEventWatcher (RetriableDatanodeEventWatcher.java:onTimeout(47)) - RetriableDatanodeCommand type=deleteBlocksCommand with id=1560596009376 timed out. Retrying.
2019-06-15 10:53:39,221 INFO  commands.RetriableDatanodeEventWatcher (RetriableDatanodeEventWatcher.java:onTimeout(47)) - RetriableDatanodeCommand type=deleteBlocksCommand with id=1560596009386 timed out. Retrying.
2019-06-15 10:53:39,229 INFO  commands.RetriableDatanodeEventWatcher (RetriableDatanodeEventWatcher.java:onTimeout(47)) - RetriableDatanodeCommand type=deleteBlocksCommand with id=1560596009396 timed out. Retrying.
2019-06-15 10:53:39,238 INFO  commands.RetriableDatanodeEventWatcher (RetriableDatanodeEventWatcher.java:onTimeout(47)) - RetriableDatanodeCommand type=deleteBlocksCommand with id=1560596009406 timed out. Retrying.
2019-06-15 10:53:39,245 INFO  commands.RetriableDatanodeEventWatcher (RetriableDatanodeEventWatcher.java:onTimeout(47)) - RetriableDatanodeCommand type=deleteBlocksCommand with id=1560596009416 timed out. Retrying.
2019-06-15 10:53:39,251 INFO  commands.RetriableDatanodeEventWatcher (RetriableDatanodeEventWatcher.java:onTimeout(47)) - RetriableDatanodeCommand type=deleteBlocksCommand with id=1560596009426 timed out. Retrying.
2019-06-15 10:53:39,259 INFO  commands.RetriableDatanodeEventWatcher (RetriableDatanodeEventWatcher.java:onTimeout(47)) - RetriableDatanodeCommand type=deleteBlocksCommand with id=1560596009357 timed out. Retrying.
2019-06-15 10:53:39,259 INFO  commands.RetriableDatanodeEventWatcher (RetriableDatanodeEventWatcher.java:onTimeout(47)) - RetriableDatanodeCommand type=deleteBlocksCommand with id=1560596009436 timed out. Retrying.
2019-06-15 10:53:39,283 DEBUG block.SCMBlockDeletingService (SCMBlockDeletingService.java:call(138)) - Running DeletedBlockTransactionScanner
2019-06-15 10:53:39,283 DEBUG block.SCMBlockDeletingService (SCMBlockDeletingService.java:call(155)) - Scanned deleted blocks log and got 3 delTX to process.
2019-06-15 10:53:39,284 DEBUG block.SCMBlockDeletingService (SCMBlockDeletingService.java:call(171)) - Added delete block command for datanode 325d518f-bf0d-428a-814f-266b27e759e4 in the queue, number of delete block transactions: 3, TxID list: 1,2,3
2019-06-15 10:53:39,284 INFO  block.SCMBlockDeletingService (SCMBlockDeletingService.java:call(182)) - Totally added 3 delete blocks command for 1 datanodes, task elapsed time: 1ms
2019-06-15 10:53:39,286 INFO  commands.RetriableDatanodeEventWatcher (RetriableDatanodeEventWatcher.java:onTimeout(47)) - RetriableDatanodeCommand type=deleteBlocksCommand with id=1560596009367 timed out. Retrying.
2019-06-15 10:53:39,295 INFO  commands.RetriableDatanodeEventWatcher (RetriableDatanodeEventWatcher.java:onTimeout(47)) - RetriableDatanodeCommand type=deleteBlocksCommand with id=1560596009377 timed out. Retrying.
2019-06-15 10:53:39,337 INFO  commands.RetriableDatanodeEventWatcher (RetriableDatanodeEventWatcher.java:onTimeout(47)) - RetriableDatanodeCommand type=deleteBlocksCommand with id=1560596009387 timed out. Retrying.
2019-06-15 10:53:39,337 INFO  commands.RetriableDatanodeEventWatcher (RetriableDatanodeEventWatcher.java:onTimeout(47)) - RetriableDatanodeCommand type=deleteBlocksCommand with id=1560596009407 timed out. Retrying.
2019-06-15 10:53:39,338 INFO  commands.RetriableDatanodeEventWatcher (RetriableDatanodeEventWatcher.java:onTimeout(47)) - RetriableDatanodeCommand type=deleteBlocksCommand with id=1560596009397 timed out. Retrying.
2019-06-15 10:53:39,345 INFO  commands.RetriableDatanodeEventWatcher (RetriableDatanodeEventWatcher.java:onTimeout(47)) - RetriableDatanodeCommand type=deleteBlocksCommand with id=1560596009417 timed out. Retrying.
2019-06-15 10:53:39,352 WARN  ipc.Server (Server.java:setupResponse(2950)) - Large response size 2691350 for call Call#1832 Retry#0 org.apache.hadoop.ozone.protocol.StorageContainerDatanodeProtocol.sendHeartbeat from 192.168.134.89:55264
2019-06-15 10:53:39,352 INFO  commands.RetriableDatanodeEventWatcher (RetriableDatanodeEventWatcher.java:onTimeout(47)) - RetriableDatanodeCommand type=deleteBlocksCommand with id=1560596009427 timed out. Retrying.
2019-06-15 10:53:39,354 INFO  commands.RetriableDatanodeEventWatcher (RetriableDatanodeEventWatcher.java:onTimeout(47)) - RetriableDatanodeCommand type=deleteBlocksCommand with id=1560596009348 timed out. Retrying.
2019-06-15 10:53:39,360 INFO  commands.RetriableDatanodeEventWatcher (RetriableDatanodeEventWatcher.java:onTimeout(47)) - RetriableDatanodeCommand type=deleteBlocksCommand with id=1560596009437 timed out. Retrying.
2019-06-15 10:53:39,369 INFO  commands.RetriableDatanodeEventWatcher (RetriableDatanodeEventWatcher.java:onTimeout(47)) - RetriableDatanodeCommand type=deleteBlocksCommand with id=1560596009358 timed out. Retrying.
2019-06-15 10:53:39,373 INFO  block.SCMBlockDeletingService (SCMBlockDeletingService.java:handlePendingDeletes(115)) - Block deletion txnID mismatch in datanode 325d518f-bf0d-428a-814f-266b27e759e4 for containerID 1. Datanode delete txnID: 0, SCM txnID: 1
2019-06-15 10:53:39,373 INFO  block.SCMBlockDeletingService (SCMBlockDeletingService.java:handlePendingDeletes(115)) - Block deletion txnID mismatch in datanode 325d518f-bf0d-428a-814f-266b27e759e4 for containerID 2. Datanode delete txnID: 0, SCM txnID: 2
2019-06-15 10:53:39,373 INFO  block.SCMBlockDeletingService (SCMBlockDeletingService.java:handlePendingDeletes(115)) - Block deletion txnID mismatch in datanode 325d518f-bf0d-428a-814f-266b27e759e4 for containerID 3. Datanode delete txnID: 0, SCM txnID: 3
2019-06-15 10:53:39,384 DEBUG block.SCMBlockDeletingService (SCMBlockDeletingService.java:call(138)) - Running DeletedBlockTransactionScanner
2019-06-15 10:53:39,384 DEBUG block.SCMBlockDeletingService (SCMBlockDeletingService.java:call(155)) - Scanned deleted blocks log and got 3 delTX to process.
2019-06-15 10:53:39,384 DEBUG block.SCMBlockDeletingService (SCMBlockDeletingService.java:call(171)) - Added delete block command for datanode 325d518f-bf0d-428a-814f-266b27e759e4 in the queue, number of delete block transactions: 3, TxID list: 1,2,3
2019-06-15 10:53:39,385 INFO  block.SCMBlockDeletingService (SCMBlockDeletingService.java:call(182)) - Totally added 3 delete blocks command for 1 datanodes, task elapsed time: 0ms
2019-06-15 10:53:39,387 INFO  commands.RetriableDatanodeEventWatcher (RetriableDatanodeEventWatcher.java:onTimeout(47)) - RetriableDatanodeCommand type=deleteBlocksCommand with id=1560596009368 timed out. Retrying.
2019-06-15 10:53:39,394 INFO  commands.RetriableDatanodeEventWatcher (RetriableDatanodeEventWatcher.java:onTimeout(47)) - RetriableDatanodeCommand type=deleteBlocksCommand with id=1560596009378 timed out. Retrying.
2019-06-15 10:53:39,423 INFO  commands.RetriableDatanodeEventWatcher (RetriableDatanodeEventWatcher.java:onTimeout(47)) - RetriableDatanodeCommand type=deleteBlocksCommand with id=1560596009388 timed out. Retrying.
2019-06-15 10:53:39,433 INFO  commands.RetriableDatanodeEventWatcher (RetriableDatanodeEventWatcher.java:onTimeout(47)) - RetriableDatanodeCommand type=deleteBlocksCommand with id=1560596009398 timed out. Retrying.
2019-06-15 10:53:39,439 INFO  commands.RetriableDatanodeEventWatcher (RetriableDatanodeEventWatcher.java:onTimeout(47)) - RetriableDatanodeCommand type=deleteBlocksCommand with id=1560596009408 timed out. Retrying.
2019-06-15 10:53:39,445 INFO  commands.RetriableDatanodeEventWatcher (RetriableDatanodeEventWatcher.java:onTimeout(47)) - RetriableDatanodeCommand type=deleteBlocksCommand with id=1560596009418 timed out. Retrying.
2019-06-15 10:53:39,452 INFO  commands.RetriableDatanodeEventWatcher (RetriableDatanodeEventWatcher.java:onTimeout(47)) - RetriableDatanodeCommand type=deleteBlocksCommand with id=1560596009349 timed out. Retrying.
2019-06-15 10:53:39,454 INFO  commands.RetriableDatanodeEventWatcher (RetriableDatanodeEventWatcher.java:onTimeout(47)) - RetriableDatanodeCommand type=deleteBlocksCommand with id=1560596009428 timed out. Retrying.
2019-06-15 10:53:39,461 INFO  commands.RetriableDatanodeEventWatcher (RetriableDatanodeEventWatcher.java:onTimeout(47)) - RetriableDatanodeCommand type=deleteBlocksCommand with id=1560596009359 timed out. Retrying.
2019-06-15 10:53:39,461 INFO  commands.RetriableDatanodeEventWatcher (RetriableDatanodeEventWatcher.java:onTimeout(47)) - RetriableDatanodeCommand type=deleteBlocksCommand with id=1560596009438 timed out. Retrying.
2019-06-15 10:53:39,485 DEBUG block.SCMBlockDeletingService (SCMBlockDeletingService.java:call(138)) - Running DeletedBlockTransactionScanner
2019-06-15 10:53:39,485 DEBUG block.SCMBlockDeletingService (SCMBlockDeletingService.java:call(155)) - Scanned deleted blocks log and got 3 delTX to process.
2019-06-15 10:53:39,485 DEBUG block.SCMBlockDeletingService (SCMBlockDeletingService.java:call(171)) - Added delete block command for datanode 325d518f-bf0d-428a-814f-266b27e759e4 in the queue, number of delete block transactions: 3, TxID list: 1,2,3
2019-06-15 10:53:39,486 INFO  block.SCMBlockDeletingService (SCMBlockDeletingService.java:call(182)) - Totally added 3 delete blocks command for 1 datanodes, task elapsed time: 0ms
2019-06-15 10:53:39,487 INFO  commands.RetriableDatanodeEventWatcher (RetriableDatanodeEventWatcher.java:onTimeout(47)) - RetriableDatanodeCommand type=deleteBlocksCommand with id=1560596009369 timed out. Retrying.
2019-06-15 10:53:39,496 INFO  commands.RetriableDatanodeEventWatcher (RetriableDatanodeEventWatcher.java:onTimeout(47)) - RetriableDatanodeCommand type=deleteBlocksCommand with id=1560596009379 timed out. Retrying.
2019-06-15 10:53:39,522 INFO  commands.RetriableDatanodeEventWatcher (RetriableDatanodeEventWatcher.java:onTimeout(47)) - RetriableDatanodeCommand type=deleteBlocksCommand with id=1560596009389 timed out. Retrying.
2019-06-15 10:53:39,532 INFO  commands.RetriableDatanodeEventWatcher (RetriableDatanodeEventWatcher.java:onTimeout(47)) - RetriableDatanodeCommand type=deleteBlocksCommand with id=1560596009399 timed out. Retrying.
2019-06-15 10:53:39,539 INFO  commands.RetriableDatanodeEventWatcher (RetriableDatanodeEventWatcher.java:onTimeout(47)) - RetriableDatanodeCommand type=deleteBlocksCommand with id=1560596009409 timed out. Retrying.
2019-06-15 10:53:39,548 INFO  commands.RetriableDatanodeEventWatcher (RetriableDatanodeEventWatcher.java:onTimeout(47)) - RetriableDatanodeCommand type=deleteBlocksCommand with id=1560596009419 timed out. Retrying.
2019-06-15 10:53:39,553 INFO  commands.RetriableDatanodeEventWatcher (RetriableDatanodeEventWatcher.java:onTimeout(47)) - RetriableDatanodeCommand type=deleteBlocksCommand with id=1560596009350 timed out. Retrying.
2019-06-15 10:53:39,555 INFO  commands.RetriableDatanodeEventWatcher (RetriableDatanodeEventWatcher.java:onTimeout(47)) - RetriableDatanodeCommand type=deleteBlocksCommand with id=1560596009429 timed out. Retrying.
2019-06-15 10:53:39,560 INFO  commands.RetriableDatanodeEventWatcher (RetriableDatanodeEventWatcher.java:onTimeout(47)) - RetriableDatanodeCommand type=deleteBlocksCommand with id=1560596009360 timed out. Retrying.
2019-06-15 10:53:39,562 INFO  commands.RetriableDatanodeEventWatcher (RetriableDatanodeEventWatcher.java:onTimeout(47)) - RetriableDatanodeCommand type=deleteBlocksCommand with id=1560596009439 timed out. Retrying.
2019-06-15 10:53:39,586 DEBUG block.SCMBlockDeletingService (SCMBlockDeletingService.java:call(138)) - Running DeletedBlockTransactionScanner
2019-06-15 10:53:39,586 DEBUG block.SCMBlockDeletingService (SCMBlockDeletingService.java:call(155)) - Scanned deleted blocks log and got 3 delTX to process.
2019-06-15 10:53:39,586 DEBUG block.SCMBlockDeletingService (SCMBlockDeletingService.java:call(171)) - Added delete block command for datanode 325d518f-bf0d-428a-814f-266b27e759e4 in the queue, number of delete block transactions: 3, TxID list: 1,2,3
2019-06-15 10:53:39,586 INFO  block.SCMBlockDeletingService (SCMBlockDeletingService.java:call(182)) - Totally added 3 delete blocks command for 1 datanodes, task elapsed time: 0ms
2019-06-15 10:53:39,588 INFO  commands.RetriableDatanodeEventWatcher (RetriableDatanodeEventWatcher.java:onTimeout(47)) - RetriableDatanodeCommand type=deleteBlocksCommand with id=1560596009370 timed out. Retrying.
2019-06-15 10:53:39,618 INFO  commands.RetriableDatanodeEventWatcher (RetriableDatanodeEventWatcher.java:onTimeout(47)) - RetriableDatanodeCommand type=deleteBlocksCommand with id=1560596009380 timed out. Retrying.
2019-06-15 10:53:39,624 INFO  commands.RetriableDatanodeEventWatcher (RetriableDatanodeEventWatcher.java:onTimeout(47)) - RetriableDatanodeCommand type=deleteBlocksCommand with id=1560596009390 timed out. Retrying.
2019-06-15 10:53:39,632 INFO  commands.RetriableDatanodeEventWatcher (RetriableDatanodeEventWatcher.java:onTimeout(47)) - RetriableDatanodeCommand type=deleteBlocksCommand with id=1560596009400 timed out. Retrying.
2019-06-15 10:53:39,640 INFO  commands.RetriableDatanodeEventWatcher (RetriableDatanodeEventWatcher.java:onTimeout(47)) - RetriableDatanodeCommand type=deleteBlocksCommand with id=1560596009410 timed out. Retrying.
2019-06-15 10:53:39,650 INFO  commands.RetriableDatanodeEventWatcher (RetriableDatanodeEventWatcher.java:onTimeout(47)) - RetriableDatanodeCommand type=deleteBlocksCommand with id=1560596009420 timed out. Retrying.
2019-06-15 10:53:39,652 INFO  commands.RetriableDatanodeEventWatcher (RetriableDatanodeEventWatcher.java:onTimeout(47)) - RetriableDatanodeCommand type=deleteBlocksCommand with id=1560596009351 timed out. Retrying.
2019-06-15 10:53:39,655 INFO  commands.RetriableDatanodeEventWatcher (RetriableDatanodeEventWatcher.java:onTimeout(47)) - RetriableDatanodeCommand type=deleteBlocksCommand with id=1560596009430 timed out. Retrying.
2019-06-15 10:53:39,661 INFO  commands.RetriableDatanodeEventWatcher (RetriableDatanodeEventWatcher.java:onTimeout(47)) - RetriableDatanodeCommand type=deleteBlocksCommand with id=1560596009361 timed out. Retrying.
2019-06-15 10:53:39,662 INFO  commands.RetriableDatanodeEventWatcher (RetriableDatanodeEventWatcher.java:onTimeout(47)) - RetriableDatanodeCommand type=deleteBlocksCommand with id=1560596009440 timed out. Retrying.
2019-06-15 10:53:39,680 INFO  ozone.MiniOzoneClusterImpl (MiniOzoneClusterImpl.java:lambda$waitForClusterToBeReady$0(142)) - Cluster is ready. Got 1 of 1 DN Heartbeats.
2019-06-15 10:53:39,687 DEBUG block.SCMBlockDeletingService (SCMBlockDeletingService.java:call(138)) - Running DeletedBlockTransactionScanner
2019-06-15 10:53:39,687 DEBUG block.SCMBlockDeletingService (SCMBlockDeletingService.java:call(155)) - Scanned deleted blocks log and got 3 delTX to process.
2019-06-15 10:53:39,687 DEBUG block.SCMBlockDeletingService (SCMBlockDeletingService.java:call(171)) - Added delete block command for datanode 325d518f-bf0d-428a-814f-266b27e759e4 in the queue, number of delete block transactions: 3, TxID list: 1,2,3
2019-06-15 10:53:39,687 INFO  block.SCMBlockDeletingService (SCMBlockDeletingService.java:call(182)) - Totally added 3 delete blocks command for 1 datanodes, task elapsed time: 1ms
2019-06-15 10:53:39,689 INFO  commands.RetriableDatanodeEventWatcher (RetriableDatanodeEventWatcher.java:onTimeout(47)) - RetriableDatanodeCommand type=deleteBlocksCommand with id=1560596009371 timed out. Retrying.
2019-06-15 10:53:39,696 INFO  commandhandler.DeleteBlocksCommandHandler (DeleteBlocksCommandHandler.java:handle(106)) - Start to delete container blocks, TXIDs=[1(0),2(0),3(0)], numOfContainers=3, numOfBlocks=553
2019-06-15 10:53:39,697 INFO  block.SCMBlockDeletingService (SCMBlockDeletingService.java:handlePendingDeletes(115)) - Block deletion txnID mismatch in datanode 325d518f-bf0d-428a-814f-266b27e759e4 for containerID 1. Datanode delete txnID: 0, SCM txnID: 1
2019-06-15 10:53:39,698 INFO  block.SCMBlockDeletingService (SCMBlockDeletingService.java:handlePendingDeletes(115)) - Block deletion txnID mismatch in datanode 325d518f-bf0d-428a-814f-266b27e759e4 for containerID 2. Datanode delete txnID: 0, SCM txnID: 2
2019-06-15 10:53:39,698 INFO  block.SCMBlockDeletingService (SCMBlockDeletingService.java:handlePendingDeletes(115)) - Block deletion txnID mismatch in datanode 325d518f-bf0d-428a-814f-266b27e759e4 for containerID 3. Datanode delete txnID: 0, SCM txnID: 3
2019-06-15 10:53:39,717 INFO  commands.RetriableDatanodeEventWatcher (RetriableDatanodeEventWatcher.java:onTimeout(47)) - RetriableDatanodeCommand type=deleteBlocksCommand with id=1560596009381 timed out. Retrying.
2019-06-15 10:53:39,717 INFO  commandhandler.DeleteBlocksCommandHandler (DeleteBlocksCommandHandler.java:handle(106)) - Start to delete container blocks, TXIDs=[1(0),2(0),3(0)], numOfContainers=3, numOfBlocks=553
2019-06-15 10:53:39,719 INFO  commandhandler.DeleteBlocksCommandHandler (DeleteBlocksCommandHandler.java:handle(106)) - Start to delete container blocks, TXIDs=[1(0),2(0),3(0)], numOfContainers=3, numOfBlocks=553
2019-06-15 10:53:39,720 INFO  commandhandler.DeleteBlocksCommandHandler (DeleteBlocksCommandHandler.java:handle(106)) - Start to delete container blocks, TXIDs=[1(0),2(0),3(0)], numOfContainers=3, numOfBlocks=553
2019-06-15 10:53:39,721 INFO  commandhandler.DeleteBlocksCommandHandler (DeleteBlocksCommandHandler.java:handle(106)) - Start to delete container blocks, TXIDs=[1(0),2(0),3(0)], numOfContainers=3, numOfBlocks=553
2019-06-15 10:53:39,722 INFO  commandhandler.DeleteBlocksCommandHandler (DeleteBlocksCommandHandler.java:handle(106)) - Start to delete container blocks, TXIDs=[1(0),2(0),3(0)], numOfContainers=3, numOfBlocks=553
2019-06-15 10:53:39,723 INFO  commandhandler.DeleteBlocksCommandHandler (DeleteBlocksCommandHandler.java:handle(106)) - Start to delete container blocks, TXIDs=[1(0),2(0),3(0)], numOfContainers=3, numOfBlocks=553
2019-06-15 10:53:39,724 INFO  commandhandler.DeleteBlocksCommandHandler (DeleteBlocksCommandHandler.java:handle(106)) - Start to delete container blocks, TXIDs=[1(0),2(0),3(0)], numOfContainers=3, numOfBlocks=553
2019-06-15 10:53:39,725 INFO  commandhandler.DeleteBlocksCommandHandler (DeleteBlocksCommandHandler.java:handle(106)) - Start to delete container blocks, TXIDs=[1(0),2(0),3(0)], numOfContainers=3, numOfBlocks=553
2019-06-15 10:53:39,725 INFO  commandhandler.DeleteBlocksCommandHandler (DeleteBlocksCommandHandler.java:handle(106)) - Start to delete container blocks, TXIDs=[1(0),2(0),3(0)], numOfContainers=3, numOfBlocks=553
2019-06-15 10:53:39,727 INFO  commands.RetriableDatanodeEventWatcher (RetriableDatanodeEventWatcher.java:onTimeout(47)) - RetriableDatanodeCommand type=deleteBlocksCommand with id=1560596009391 timed out. Retrying.
2019-06-15 10:53:39,727 INFO  commandhandler.DeleteBlocksCommandHandler (DeleteBlocksCommandHandler.java:handle(106)) - Start to delete container blocks, TXIDs=[1(0),2(0),3(0)], numOfContainers=3, numOfBlocks=553
2019-06-15 10:53:39,728 INFO  commandhandler.DeleteBlocksCommandHandler (DeleteBlocksCommandHandler.java:handle(106)) - Start to delete container blocks, TXIDs=[1(0),2(0),3(0)], numOfContainers=3, numOfBlocks=553
2019-06-15 10:53:39,729 INFO  commandhandler.DeleteBlocksCommandHandler (DeleteBlocksCommandHandler.java:handle(106)) - Start to delete container blocks, TXIDs=[1(0),2(0),3(0)], numOfContainers=3, numOfBlocks=553
2019-06-15 10:53:39,730 INFO  commandhandler.DeleteBlocksCommandHandler (DeleteBlocksCommandHandler.java:handle(106)) - Start to delete container blocks, TXIDs=[1(0),2(0),3(0)], numOfContainers=3, numOfBlocks=553
2019-06-15 10:53:39,730 INFO  commandhandler.DeleteBlocksCommandHandler (DeleteBlocksCommandHandler.java:handle(106)) - Start to delete container blocks, TXIDs=[1(0),2(0),3(0)], numOfContainers=3, numOfBlocks=553
2019-06-15 10:53:39,731 INFO  commandhandler.DeleteBlocksCommandHandler (DeleteBlocksCommandHandler.java:handle(106)) - Start to delete container blocks, TXIDs=[1(0),2(0),3(0)], numOfContainers=3, numOfBlocks=553
2019-06-15 10:53:39,732 INFO  commandhandler.DeleteBlocksCommandHandler (DeleteBlocksCommandHandler.java:handle(106)) - Start to delete container blocks, TXIDs=[1(0),2(0),3(0)], numOfContainers=3, numOfBlocks=553
2019-06-15 10:53:39,732 INFO  commandhandler.DeleteBlocksCommandHandler (DeleteBlocksCommandHandler.java:handle(106)) - Start to delete container blocks, TXIDs=[1(0),2(0),3(0)], numOfContainers=3, numOfBlocks=553
2019-06-15 10:53:39,733 INFO  commandhandler.DeleteBlocksCommandHandler (DeleteBlocksCommandHandler.java:handle(106)) - Start to delete container blocks, TXIDs=[1(0),2(0),3(0)], numOfContainers=3, numOfBlocks=553
2019-06-15 10:53:39,734 INFO  commandhandler.DeleteBlocksCommandHandler (DeleteBlocksCommandHandler.java:handle(106)) - Start to delete container blocks, TXIDs=[1(0),2(0),3(0)], numOfContainers=3, numOfBlocks=553
2019-06-15 10:53:39,734 INFO  commandhandler.DeleteBlocksCommandHandler (DeleteBlocksCommandHandler.java:handle(106)) - Start to delete container blocks, TXIDs=[1(0),2(0),3(0)], numOfContainers=3, numOfBlocks=553
2019-06-15 10:53:39,735 INFO  commands.RetriableDatanodeEventWatcher (RetriableDatanodeEventWatcher.java:onTimeout(47)) - RetriableDatanodeCommand type=deleteBlocksCommand with id=1560596009401 timed out. Retrying.
2019-06-15 10:53:39,735 INFO  commandhandler.DeleteBlocksCommandHandler (DeleteBlocksCommandHandler.java:handle(106)) - Start to delete container blocks, TXIDs=[1(0),2(0),3(0)], numOfContainers=3, numOfBlocks=553
2019-06-15 10:53:39,736 INFO  commandhandler.DeleteBlocksCommandHandler (DeleteBlocksCommandHandler.java:handle(106)) - Start to delete container blocks, TXIDs=[1(0),2(0),3(0)], numOfContainers=3, numOfBlocks=553
2019-06-15 10:53:39,736 INFO  commandhandler.DeleteBlocksCommandHandler (DeleteBlocksCommandHandler.java:handle(106)) - Start to delete container blocks, TXIDs=[1(0),2(0),3(0)], numOfContainers=3, numOfBlocks=553
2019-06-15 10:53:39,737 INFO  commandhandler.DeleteBlocksCommandHandler (DeleteBlocksCommandHandler.java:handle(106)) - Start to delete container blocks, TXIDs=[1(0),2(0),3(0)], numOfContainers=3, numOfBlocks=553
2019-06-15 10:53:39,738 INFO  commandhandler.DeleteBlocksCommandHandler (DeleteBlocksCommandHandler.java:handle(106)) - Start to delete container blocks, TXIDs=[1(0),2(0),3(0)], numOfContainers=3, numOfBlocks=553
2019-06-15 10:53:39,738 INFO  commandhandler.DeleteBlocksCommandHandler (DeleteBlocksCommandHandler.java:handle(106)) - Start to delete container blocks, TXIDs=[1(0),2(0),3(0)], numOfContainers=3, numOfBlocks=553
2019-06-15 10:53:39,739 INFO  commandhandler.DeleteBlocksCommandHandler (DeleteBlocksCommandHandler.java:handle(106)) - Start to delete container blocks, TXIDs=[1(0),2(0),3(0)], numOfContainers=3, numOfBlocks=553
2019-06-15 10:53:39,740 INFO  commandhandler.DeleteBlocksCommandHandler (DeleteBlocksCommandHandler.java:handle(106)) - Start to delete container blocks, TXIDs=[1(0),2(0),3(0)], numOfContainers=3, numOfBlocks=553
2019-06-15 10:53:39,740 INFO  commands.RetriableDatanodeEventWatcher (RetriableDatanodeEventWatcher.java:onTimeout(47)) - RetriableDatanodeCommand type=deleteBlocksCommand with id=1560596009411 timed out. Retrying.
2019-06-15 10:53:39,741 INFO  commandhandler.DeleteBlocksCommandHandler (DeleteBlocksCommandHandler.java:handle(106)) - Start to delete container blocks, TXIDs=[1(0),2(0),3(0)], numOfContainers=3, numOfBlocks=553
2019-06-15 10:53:39,741 INFO  commandhandler.DeleteBlocksCommandHandler (DeleteBlocksCommandHandler.java:handle(106)) - Start to delete container blocks, TXIDs=[1(0),2(0),3(0)], numOfContainers=3, numOfBlocks=553
2019-06-15 10:53:39,742 INFO  commandhandler.DeleteBlocksCommandHandler (DeleteBlocksCommandHandler.java:handle(106)) - Start to delete container blocks, TXIDs=[1(0),2(0),3(0)], numOfContainers=3, numOfBlocks=553
2019-06-15 10:53:39,743 INFO  commandhandler.DeleteBlocksCommandHandler (DeleteBlocksCommandHandler.java:handle(106)) - Start to delete container blocks, TXIDs=[1(0),2(0),3(0)], numOfContainers=3, numOfBlocks=553
2019-06-15 10:53:39,743 INFO  commandhandler.DeleteBlocksCommandHandler (DeleteBlocksCommandHandler.java:handle(106)) - Start to delete container blocks, TXIDs=[1(0),2(0),3(0)], numOfContainers=3, numOfBlocks=553
2019-06-15 10:53:39,744 INFO  commandhandler.DeleteBlocksCommandHandler (DeleteBlocksCommandHandler.java:handle(106)) - Start to delete container blocks, TXIDs=[1(0),2(0),3(0)], numOfContainers=3, numOfBlocks=553
2019-06-15 10:53:39,745 INFO  commandhandler.DeleteBlocksCommandHandler (DeleteBlocksCommandHandler.java:handle(106)) - Start to delete container blocks, TXIDs=[1(0),2(0),3(0)], numOfContainers=3, numOfBlocks=553
2019-06-15 10:53:39,746 INFO  commandhandler.DeleteBlocksCommandHandler (DeleteBlocksCommandHandler.java:handle(106)) - Start to delete container blocks, TXIDs=[1(0),2(0),3(0)], numOfContainers=3, numOfBlocks=553
2019-06-15 10:53:39,747 INFO  commandhandler.DeleteBlocksCommandHandler (DeleteBlocksCommandHandler.java:handle(106)) - Start to delete container blocks, TXIDs=[1(0),2(0),3(0)], numOfContainers=3, numOfBlocks=553
2019-06-15 10:53:39,748 INFO  commandhandler.DeleteBlocksCommandHandler (DeleteBlocksCommandHandler.java:handle(106)) - Start to delete container blocks, TXIDs=[1(0),2(0),3(0)], numOfContainers=3, numOfBlocks=553
2019-06-15 10:53:39,749 INFO  commandhandler.DeleteBlocksCommandHandler (DeleteBlocksCommandHandler.java:handle(106)) - Start to delete container blocks, TXIDs=[1(0),2(0),3(0)], numOfContainers=3, numOfBlocks=553
2019-06-15 10:53:39,749 INFO  commands.RetriableDatanodeEventWatcher (RetriableDatanodeEventWatcher.java:onTimeout(47)) - RetriableDatanodeCommand type=deleteBlocksCommand with id=1560596009421 timed out. Retrying.
2019-06-15 10:53:39,750 INFO  commandhandler.DeleteBlocksCommandHandler (DeleteBlocksCommandHandler.java:handle(106)) - Start to delete container blocks, TXIDs=[1(0),2(0),3(0)], numOfContainers=3, numOfBlocks=553
2019-06-15 10:53:39,752 INFO  commandhandler.DeleteBlocksCommandHandler (DeleteBlocksCommandHandler.java:handle(106)) - Start to delete container blocks, TXIDs=[1(0),2(0),3(0)], numOfContainers=3, numOfBlocks=553
2019-06-15 10:53:39,753 INFO  commandhandler.DeleteBlocksCommandHandler (DeleteBlocksCommandHandler.java:handle(106)) - Start to delete container blocks, TXIDs=[1(0),2(0),3(0)], numOfContainers=3, numOfBlocks=553
2019-06-15 10:53:39,754 INFO  commandhandler.DeleteBlocksCommandHandler (DeleteBlocksCommandHandler.java:handle(106)) - Start to delete container blocks, TXIDs=[1(0),2(0),3(0)], numOfContainers=3, numOfBlocks=553
2019-06-15 10:53:39,755 INFO  commandhandler.DeleteBlocksCommandHandler (DeleteBlocksCommandHandler.java:handle(106)) - Start to delete container blocks, TXIDs=[1(0),2(0),3(0)], numOfContainers=3, numOfBlocks=553
2019-06-15 10:53:39,756 INFO  commands.RetriableDatanodeEventWatcher (RetriableDatanodeEventWatcher.java:onTimeout(47)) - RetriableDatanodeCommand type=deleteBlocksCommand with id=1560596009352 timed out. Retrying.
2019-06-15 10:53:39,756 INFO  commandhandler.DeleteBlocksCommandHandler (DeleteBlocksCommandHandler.java:handle(106)) - Start to delete container blocks, TXIDs=[1(0),2(0),3(0)], numOfContainers=3, numOfBlocks=553
2019-06-15 10:53:39,756 INFO  commandhandler.DeleteBlocksCommandHandler (DeleteBlocksCommandHandler.java:handle(106)) - Start to delete container blocks, TXIDs=[1(0),2(0),3(0)], numOfContainers=3, numOfBlocks=553
2019-06-15 10:53:39,757 INFO  commands.RetriableDatanodeEventWatcher (RetriableDatanodeEventWatcher.java:onTimeout(47)) - RetriableDatanodeCommand type=deleteBlocksCommand with id=1560596009431 timed out. Retrying.
2019-06-15 10:53:39,757 INFO  commandhandler.DeleteBlocksCommandHandler (DeleteBlocksCommandHandler.java:handle(106)) - Start to delete container blocks, TXIDs=[1(0),2(0),3(0)], numOfContainers=3, numOfBlocks=553
2019-06-15 10:53:39,758 INFO  commandhandler.DeleteBlocksCommandHandler (DeleteBlocksCommandHandler.java:handle(106)) - Start to delete container blocks, TXIDs=[1(0),2(0),3(0)], numOfContainers=3, numOfBlocks=553
2019-06-15 10:53:39,758 INFO  commandhandler.DeleteBlocksCommandHandler (DeleteBlocksCommandHandler.java:handle(106)) - Start to delete container blocks, TXIDs=[1(0),2(0),3(0)], numOfContainers=3, numOfBlocks=553
2019-06-15 10:53:39,759 INFO  commandhandler.DeleteBlocksCommandHandler (DeleteBlocksCommandHandler.java:handle(106)) - Start to delete container blocks, TXIDs=[1(0),2(0),3(0)], numOfContainers=3, numOfBlocks=553
2019-06-15 10:53:39,759 INFO  commandhandler.DeleteBlocksCommandHandler (DeleteBlocksCommandHandler.java:handle(106)) - Start to delete container blocks, TXIDs=[1(0),2(0),3(0)], numOfContainers=3, numOfBlocks=553
2019-06-15 10:53:39,760 INFO  commandhandler.DeleteBlocksCommandHandler (DeleteBlocksCommandHandler.java:handle(106)) - Start to delete container blocks, TXIDs=[1(0),2(0),3(0)], numOfContainers=3, numOfBlocks=553
2019-06-15 10:53:39,761 INFO  commandhandler.DeleteBlocksCommandHandler (DeleteBlocksCommandHandler.java:handle(106)) - Start to delete container blocks, TXIDs=[1(0),2(0),3(0)], numOfContainers=3, numOfBlocks=553
2019-06-15 10:53:39,761 INFO  commandhandler.DeleteBlocksCommandHandler (DeleteBlocksCommandHandler.java:handle(106)) - Start to delete container blocks, TXIDs=[1(0),2(0),3(0)], numOfContainers=3, numOfBlocks=553
2019-06-15 10:53:39,762 INFO  commandhandler.DeleteBlocksCommandHandler (DeleteBlocksCommandHandler.java:handle(106)) - Start to delete container blocks, TXIDs=[1(0),2(0),3(0)], numOfContainers=3, numOfBlocks=553
2019-06-15 10:53:39,762 INFO  commandhandler.DeleteBlocksCommandHandler (DeleteBlocksCommandHandler.java:handle(106)) - Start to delete container blocks, TXIDs=[1(0),2(0),3(0)], numOfContainers=3, numOfBlocks=553
2019-06-15 10:53:39,763 INFO  commandhandler.DeleteBlocksCommandHandler (DeleteBlocksCommandHandler.java:handle(106)) - Start to delete container blocks, TXIDs=[1(0),2(0),3(0)], numOfContainers=3, numOfBlocks=553
2019-06-15 10:53:39,763 INFO  commands.RetriableDatanodeEventWatcher (RetriableDatanodeEventWatcher.java:onTimeout(47)) - RetriableDatanodeCommand type=deleteBlocksCommand with id=1560596009362 timed out. Retrying.
2019-06-15 10:53:39,764 INFO  commandhandler.DeleteBlocksCommandHandler (DeleteBlocksCommandHandler.java:handle(106)) - Start to delete container blocks, TXIDs=[1(0),2(0),3(0)], numOfContainers=3, numOfBlocks=553
2019-06-15 10:53:39,764 INFO  commandhandler.DeleteBlocksCommandHandler (DeleteBlocksCommandHandler.java:handle(106)) - Start to delete container blocks, TXIDs=[1(0),2(0),3(0)], numOfContainers=3, numOfBlocks=553
2019-06-15 10:53:39,765 INFO  commandhandler.DeleteBlocksCommandHandler (DeleteBlocksCommandHandler.java:handle(106)) - Start to delete container blocks, TXIDs=[1(0),2(0),3(0)], numOfContainers=3, numOfBlocks=553
2019-06-15 10:53:39,765 INFO  commandhandler.DeleteBlocksCommandHandler (DeleteBlocksCommandHandler.java:handle(106)) - Start to delete container blocks, TXIDs=[1(0),2(0),3(0)], numOfContainers=3, numOfBlocks=553
2019-06-15 10:53:39,766 INFO  commandhandler.DeleteBlocksCommandHandler (DeleteBlocksCommandHandler.java:handle(106)) - Start to delete container blocks, TXIDs=[1(0),2(0),3(0)], numOfContainers=3, numOfBlocks=553
2019-06-15 10:53:39,767 INFO  commandhandler.DeleteBlocksCommandHandler (DeleteBlocksCommandHandler.java:handle(106)) - Start to delete container blocks, TXIDs=[1(0),2(0),3(0)], numOfContainers=3, numOfBlocks=553
2019-06-15 10:53:39,767 INFO  commandhandler.DeleteBlocksCommandHandler (DeleteBlocksCommandHandler.java:handle(106)) - Start to delete container blocks, TXIDs=[1(0),2(0),3(0)], numOfContainers=3, numOfBlocks=553
2019-06-15 10:53:39,768 INFO  commandhandler.DeleteBlocksCommandHandler (DeleteBlocksCommandHandler.java:handle(106)) - Start to delete container blocks, TXIDs=[1(0),2(0),3(0)], numOfContainers=3, numOfBlocks=553
2019-06-15 10:53:39,768 INFO  commandhandler.DeleteBlocksCommandHandler (DeleteBlocksCommandHandler.java:handle(106)) - Start to delete container blocks, TXIDs=[1(0),2(0),3(0)], numOfContainers=3, numOfBlocks=553
2019-06-15 10:53:39,769 INFO  commandhandler.DeleteBlocksCommandHandler (DeleteBlocksCommandHandler.java:handle(106)) - Start to delete container blocks, TXIDs=[1(0),2(0),3(0)], numOfContainers=3, numOfBlocks=553
2019-06-15 10:53:39,770 INFO  commandhandler.DeleteBlocksCommandHandler (DeleteBlocksCommandHandler.java:handle(106)) - Start to delete container blocks, TXIDs=[1(0),2(0),3(0)], numOfContainers=3, numOfBlocks=553
2019-06-15 10:53:39,770 INFO  commandhandler.DeleteBlocksCommandHandler (DeleteBlocksCommandHandler.java:handle(106)) - Start to delete container blocks, TXIDs=[1(0),2(0),3(0)], numOfContainers=3, numOfBlocks=553
2019-06-15 10:53:39,771 INFO  commandhandler.DeleteBlocksCommandHandler (DeleteBlocksCommandHandler.java:handle(106)) - Start to delete container blocks, TXIDs=[1(0),2(0),3(0)], numOfContainers=3, numOfBlocks=553
2019-06-15 10:53:39,771 INFO  commands.RetriableDatanodeEventWatcher (RetriableDatanodeEventWatcher.java:onTimeout(47)) - RetriableDatanodeCommand type=deleteBlocksCommand with id=1560596009441 timed out. Retrying.
2019-06-15 10:53:39,772 INFO  commandhandler.DeleteBlocksCommandHandler (DeleteBlocksCommandHandler.java:handle(106)) - Start to delete container blocks, TXIDs=[1(0),2(0),3(0)], numOfContainers=3, numOfBlocks=553
2019-06-15 10:53:39,772 INFO  commandhandler.DeleteBlocksCommandHandler (DeleteBlocksCommandHandler.java:handle(106)) - Start to delete container blocks, TXIDs=[1(0),2(0),3(0)], numOfContainers=3, numOfBlocks=553
2019-06-15 10:53:39,773 INFO  commandhandler.DeleteBlocksCommandHandler (DeleteBlocksCommandHandler.java:handle(106)) - Start to delete container blocks, TXIDs=[1(0),2(0),3(0)], numOfContainers=3, numOfBlocks=553
2019-06-15 10:53:39,773 INFO  commandhandler.DeleteBlocksCommandHandler (DeleteBlocksCommandHandler.java:handle(106)) - Start to delete container blocks, TXIDs=[1(0),2(0),3(0)], numOfContainers=3, numOfBlocks=553
2019-06-15 10:53:39,774 INFO  commandhandler.DeleteBlocksCommandHandler (DeleteBlocksCommandHandler.java:handle(106)) - Start to delete container blocks, TXIDs=[1(0),2(0),3(0)], numOfContainers=3, numOfBlocks=553
2019-06-15 10:53:39,775 INFO  commandhandler.DeleteBlocksCommandHandler (DeleteBlocksCommandHandler.java:handle(106)) - Start to delete container blocks, TXIDs=[1(0),2(0),3(0)], numOfContainers=3, numOfBlocks=553
2019-06-15 10:53:39,775 INFO  commandhandler.DeleteBlocksCommandHandler (DeleteBlocksCommandHandler.java:handle(106)) - Start to delete container blocks, TXIDs=[1(0),2(0),3(0)], numOfContainers=3, numOfBlocks=553
2019-06-15 10:53:39,776 INFO  commandhandler.DeleteBlocksCommandHandler (DeleteBlocksCommandHandler.java:handle(106)) - Start to delete container blocks, TXIDs=[1(0),2(0),3(0)], numOfContainers=3, numOfBlocks=553
2019-06-15 10:53:39,776 INFO  commandhandler.DeleteBlocksCommandHandler (DeleteBlocksCommandHandler.java:handle(106)) - Start to delete container blocks, TXIDs=[1(0),2(0),3(0)], numOfContainers=3, numOfBlocks=553
2019-06-15 10:53:39,777 INFO  commandhandler.DeleteBlocksCommandHandler (DeleteBlocksCommandHandler.java:handle(106)) - Start to delete container blocks, TXIDs=[1(0),2(0),3(0)], numOfContainers=3, numOfBlocks=553
2019-06-15 10:53:39,778 INFO  commandhandler.DeleteBlocksCommandHandler (DeleteBlocksCommandHandler.java:handle(106)) - Start to delete container blocks, TXIDs=[1(0),2(0),3(0)], numOfContainers=3, numOfBlocks=553
2019-06-15 10:53:39,778 INFO  commandhandler.DeleteBlocksCommandHandler (DeleteBlocksCommandHandler.java:handle(106)) - Start to delete container blocks, TXIDs=[1(0),2(0),3(0)], numOfContainers=3, numOfBlocks=553
2019-06-15 10:53:39,779 INFO  commandhandler.DeleteBlocksCommandHandler (DeleteBlocksCommandHandler.java:handle(106)) - Start to delete container blocks, TXIDs=[1(0),2(0),3(0)], numOfContainers=3, numOfBlocks=553
2019-06-15 10:53:39,779 INFO  commandhandler.DeleteBlocksCommandHandler (DeleteBlocksCommandHandler.java:handle(106)) - Start to delete container blocks, TXIDs=[1(0),2(0),3(0)], numOfContainers=3, numOfBlocks=553
2019-06-15 10:53:39,780 INFO  commandhandler.DeleteBlocksCommandHandler (DeleteBlocksCommandHandler.java:handle(106)) - Start to delete container blocks, TXIDs=[1(0),2(0),3(0)], numOfContainers=3, numOfBlocks=553
2019-06-15 10:53:39,781 INFO  commandhandler.DeleteBlocksCommandHandler (DeleteBlocksCommandHandler.java:handle(106)) - Start to delete container blocks, TXIDs=[1(0),2(0),3(0)], numOfContainers=3, numOfBlocks=553
2019-06-15 10:53:39,781 INFO  commandhandler.DeleteBlocksCommandHandler (DeleteBlocksCommandHandler.java:handle(106)) - Start to delete container blocks, TXIDs=[1(0),2(0),3(0)], numOfContainers=3, numOfBlocks=553
2019-06-15 10:53:39,781 INFO  background.BlockDeletingService (BlockDeletingService.java:getTasks(123)) - Plan to choose 10 containers for block deletion, actually returns 3 valid containers.
2019-06-15 10:53:39,782 INFO  commandhandler.DeleteBlocksCommandHandler (DeleteBlocksCommandHandler.java:handle(106)) - Start to delete container blocks, TXIDs=[1(0),2(0),3(0)], numOfContainers=3, numOfBlocks=553
2019-06-15 10:53:39,783 INFO  commandhandler.DeleteBlocksCommandHandler (DeleteBlocksCommandHandler.java:handle(106)) - Start to delete container blocks, TXIDs=[1(0),2(0),3(0)], numOfContainers=3, numOfBlocks=553
2019-06-15 10:53:39,786 INFO  commandhandler.DeleteBlocksCommandHandler (DeleteBlocksCommandHandler.java:handle(106)) - Start to delete container blocks, TXIDs=[1(0),2(0),3(0)], numOfContainers=3, numOfBlocks=553
2019-06-15 10:53:39,787 INFO  commandhandler.DeleteBlocksCommandHandler (DeleteBlocksCommandHandler.java:handle(106)) - Start to delete container blocks, TXIDs=[1(0),2(0),3(0)], numOfContainers=3, numOfBlocks=553
2019-06-15 10:53:39,788 INFO  commandhandler.DeleteBlocksCommandHandler (DeleteBlocksCommandHandler.java:handle(106)) - Start to delete container blocks, TXIDs=[1(0),2(0),3(0)], numOfContainers=3, numOfBlocks=553
2019-06-15 10:53:39,789 INFO  commandhandler.DeleteBlocksCommandHandler (DeleteBlocksCommandHandler.java:handle(106)) - Start to delete container blocks, TXIDs=[1(0),2(0),3(0)], numOfContainers=3, numOfBlocks=553
2019-06-15 10:53:39,790 INFO  commandhandler.DeleteBlocksCommandHandler (DeleteBlocksCommandHandler.java:handle(106)) - Start to delete container blocks, TXIDs=[1(0),2(0),3(0)], numOfContainers=3, numOfBlocks=553
2019-06-15 10:53:39,790 INFO  commands.RetriableDatanodeEventWatcher (RetriableDatanodeEventWatcher.java:onTimeout(47)) - RetriableDatanodeCommand type=deleteBlocksCommand with id=1560596009372 timed out. Retrying.
2019-06-15 10:53:39,790 DEBUG block.SCMBlockDeletingService (SCMBlockDeletingService.java:call(138)) - Running DeletedBlockTransactionScanner
2019-06-15 10:53:39,790 DEBUG block.SCMBlockDeletingService (SCMBlockDeletingService.java:call(155)) - Scanned deleted blocks log and got 3 delTX to process.
2019-06-15 10:53:39,790 DEBUG block.SCMBlockDeletingService (SCMBlockDeletingService.java:call(171)) - Added delete block command for datanode 325d518f-bf0d-428a-814f-266b27e759e4 in the queue, number of delete block transactions: 3, TxID list: 1,2,3
2019-06-15 10:53:39,790 INFO  commandhandler.DeleteBlocksCommandHandler (DeleteBlocksCommandHandler.java:handle(106)) - Start to delete container blocks, TXIDs=[1(0),2(0),3(0)], numOfContainers=3, numOfBlocks=553
2019-06-15 10:53:39,790 INFO  block.SCMBlockDeletingService (SCMBlockDeletingService.java:call(182)) - Totally added 3 delete blocks command for 1 datanodes, task elapsed time: 1ms
2019-06-15 10:53:39,791 INFO  commandhandler.DeleteBlocksCommandHandler (DeleteBlocksCommandHandler.java:handle(106)) - Start to delete container blocks, TXIDs=[1(0),2(0),3(0)], numOfContainers=3, numOfBlocks=553
2019-06-15 10:53:39,792 INFO  commandhandler.DeleteBlocksCommandHandler (DeleteBlocksCommandHandler.java:handle(106)) - Start to delete container blocks, TXIDs=[1(0),2(0),3(0)], numOfContainers=3, numOfBlocks=553
2019-06-15 10:53:39,792 INFO  commandhandler.DeleteBlocksCommandHandler (DeleteBlocksCommandHandler.java:handle(106)) - Start to delete container blocks, TXIDs=[1(0),2(0),3(0)], numOfContainers=3, numOfBlocks=553
2019-06-15 10:53:39,793 INFO  commandhandler.DeleteBlocksCommandHandler (DeleteBlocksCommandHandler.java:handle(106)) - Start to delete container blocks, TXIDs=[1(0),2(0),3(0)], numOfContainers=3, numOfBlocks=553
2019-06-15 10:53:39,793 INFO  commandhandler.DeleteBlocksCommandHandler (DeleteBlocksCommandHandler.java:handle(106)) - Start to delete container blocks, TXIDs=[1(0),2(0),3(0)], numOfContainers=3, numOfBlocks=553
2019-06-15 10:53:39,794 INFO  commandhandler.DeleteBlocksCommandHandler (DeleteBlocksCommandHandler.java:handle(106)) - Start to delete container blocks, TXIDs=[1(0),2(0),3(0)], numOfContainers=3, numOfBlocks=553
2019-06-15 10:53:39,795 INFO  commandhandler.DeleteBlocksCommandHandler (DeleteBlocksCommandHandler.java:handle(106)) - Start to delete container blocks, TXIDs=[1(0),2(0),3(0)], numOfContainers=3, numOfBlocks=553
2019-06-15 10:53:39,796 INFO  commandhandler.DeleteBlocksCommandHandler (DeleteBlocksCommandHandler.java:handle(106)) - Start to delete container blocks, TXIDs=[1(0),2(0),3(0)], numOfContainers=3, numOfBlocks=553
2019-06-15 10:53:39,797 INFO  commandhandler.DeleteBlocksCommandHandler (DeleteBlocksCommandHandler.java:handle(106)) - Start to delete container blocks, TXIDs=[1(0),2(0),3(0)], numOfContainers=3, numOfBlocks=553
2019-06-15 10:53:39,797 INFO  commandhandler.DeleteBlocksCommandHandler (DeleteBlocksCommandHandler.java:handle(106)) - Start to delete container blocks, TXIDs=[1(0),2(0),3(0)], numOfContainers=3, numOfBlocks=553
2019-06-15 10:53:39,798 INFO  commandhandler.DeleteBlocksCommandHandler (DeleteBlocksCommandHandler.java:handle(106)) - Start to delete container blocks, TXIDs=[1(0),2(0),3(0)], numOfContainers=3, numOfBlocks=553
2019-06-15 10:53:39,799 INFO  commandhandler.DeleteBlocksCommandHandler (DeleteBlocksCommandHandler.java:handle(106)) - Start to delete container blocks, TXIDs=[1(0),2(0),3(0)], numOfContainers=3, numOfBlocks=553
2019-06-15 10:53:39,800 INFO  commandhandler.DeleteBlocksCommandHandler (DeleteBlocksCommandHandler.java:handle(106)) - Start to delete container blocks, TXIDs=[1(0),2(0),3(0)], numOfContainers=3, numOfBlocks=553
2019-06-15 10:53:39,801 INFO  commandhandler.DeleteBlocksCommandHandler (DeleteBlocksCommandHandler.java:handle(106)) - Start to delete container blocks, TXIDs=[1(0),2(0),3(0)], numOfContainers=3, numOfBlocks=553
2019-06-15 10:53:39,802 INFO  commandhandler.DeleteBlocksCommandHandler (DeleteBlocksCommandHandler.java:handle(106)) - Start to delete container blocks, TXIDs=[1(0),2(0),3(0)], numOfContainers=3, numOfBlocks=553
2019-06-15 10:53:39,803 INFO  commandhandler.DeleteBlocksCommandHandler (DeleteBlocksCommandHandler.java:handle(106)) - Start to delete container blocks, TXIDs=[1(0),2(0),3(0)], numOfContainers=3, numOfBlocks=553
2019-06-15 10:53:39,804 INFO  commandhandler.DeleteBlocksCommandHandler (DeleteBlocksCommandHandler.java:handle(106)) - Start to delete container blocks, TXIDs=[1(0),2(0),3(0)], numOfContainers=3, numOfBlocks=553
2019-06-15 10:53:39,805 INFO  commandhandler.DeleteBlocksCommandHandler (DeleteBlocksCommandHandler.java:handle(106)) - Start to delete container blocks, TXIDs=[1(0),2(0),3(0)], numOfContainers=3, numOfBlocks=553
2019-06-15 10:53:39,806 INFO  commandhandler.DeleteBlocksCommandHandler (DeleteBlocksCommandHandler.java:handle(106)) - Start to delete container blocks, TXIDs=[1(0),2(0),3(0)], numOfContainers=3, numOfBlocks=553
2019-06-15 10:53:39,806 INFO  commandhandler.DeleteBlocksCommandHandler (DeleteBlocksCommandHandler.java:handle(106)) - Start to delete container blocks, TXIDs=[1(0),2(0),3(0)], numOfContainers=3, numOfBlocks=553
2019-06-15 10:53:39,807 INFO  commandhandler.DeleteBlocksCommandHandler (DeleteBlocksCommandHandler.java:handle(106)) - Start to delete container blocks, TXIDs=[1(0),2(0),3(0)], numOfContainers=3, numOfBlocks=553
2019-06-15 10:53:39,808 INFO  commandhandler.DeleteBlocksCommandHandler (DeleteBlocksCommandHandler.java:handle(106)) - Start to delete container blocks, TXIDs=[1(0),2(0),3(0)], numOfContainers=3, numOfBlocks=553
2019-06-15 10:53:39,809 INFO  commandhandler.DeleteBlocksCommandHandler (DeleteBlocksCommandHandler.java:handle(106)) - Start to delete container blocks, TXIDs=[1(0),2(0),3(0)], numOfContainers=3, numOfBlocks=553
2019-06-15 10:53:39,810 INFO  commandhandler.DeleteBlocksCommandHandler (DeleteBlocksCommandHandler.java:handle(106)) - Start to delete container blocks, TXIDs=[1(0),2(0),3(0)], numOfContainers=3, numOfBlocks=553
2019-06-15 10:53:39,811 INFO  commandhandler.DeleteBlocksCommandHandler (DeleteBlocksCommandHandler.java:handle(106)) - Start to delete container blocks, TXIDs=[1(0),2(0),3(0)], numOfContainers=3, numOfBlocks=553
2019-06-15 10:53:39,812 INFO  commandhandler.DeleteBlocksCommandHandler (DeleteBlocksCommandHandler.java:handle(106)) - Start to delete container blocks, TXIDs=[1(0),2(0),3(0)], numOfContainers=3, numOfBlocks=553
2019-06-15 10:53:39,813 INFO  commandhandler.DeleteBlocksCommandHandler (DeleteBlocksCommandHandler.java:handle(106)) - Start to delete container blocks, TXIDs=[1(0),2(0),3(0)], numOfContainers=3, numOfBlocks=553
2019-06-15 10:53:39,814 INFO  commandhandler.DeleteBlocksCommandHandler (DeleteBlocksCommandHandler.java:handle(106)) - Start to delete container blocks, TXIDs=[1(0),2(0),3(0)], numOfContainers=3, numOfBlocks=553
2019-06-15 10:53:39,815 INFO  commandhandler.DeleteBlocksCommandHandler (DeleteBlocksCommandHandler.java:handle(106)) - Start to delete container blocks, TXIDs=[1(0),2(0),3(0)], numOfContainers=3, numOfBlocks=553
2019-06-15 10:53:39,816 INFO  commandhandler.DeleteBlocksCommandHandler (DeleteBlocksCommandHandler.java:handle(106)) - Start to delete container blocks, TXIDs=[1(0),2(0),3(0)], numOfContainers=3, numOfBlocks=553
2019-06-15 10:53:39,817 INFO  commandhandler.DeleteBlocksCommandHandler (DeleteBlocksCommandHandler.java:handle(106)) - Start to delete container blocks, TXIDs=[1(0),2(0),3(0)], numOfContainers=3, numOfBlocks=553
2019-06-15 10:53:39,818 INFO  commandhandler.DeleteBlocksCommandHandler (DeleteBlocksCommandHandler.java:handle(106)) - Start to delete container blocks, TXIDs=[1(0),2(0),3(0)], numOfContainers=3, numOfBlocks=553
2019-06-15 10:53:39,818 INFO  commands.RetriableDatanodeEventWatcher (RetriableDatanodeEventWatcher.java:onTimeout(47)) - RetriableDatanodeCommand type=deleteBlocksCommand with id=1560596009382 timed out. Retrying.
2019-06-15 10:53:39,819 INFO  commandhandler.DeleteBlocksCommandHandler (DeleteBlocksCommandHandler.java:handle(106)) - Start to delete container blocks, TXIDs=[1(0),2(0),3(0)], numOfContainers=3, numOfBlocks=553
2019-06-15 10:53:39,820 INFO  commandhandler.DeleteBlocksCommandHandler (DeleteBlocksCommandHandler.java:handle(106)) - Start to delete container blocks, TXIDs=[1(0),2(0),3(0)], numOfContainers=3, numOfBlocks=553
2019-06-15 10:53:39,821 INFO  commandhandler.DeleteBlocksCommandHandler (DeleteBlocksCommandHandler.java:handle(106)) - Start to delete container blocks, TXIDs=[1(0),2(0),3(0)], numOfContainers=3, numOfBlocks=553
2019-06-15 10:53:39,822 INFO  commandhandler.DeleteBlocksCommandHandler (DeleteBlocksCommandHandler.java:handle(106)) - Start to delete container blocks, TXIDs=[1(0),2(0),3(0)], numOfContainers=3, numOfBlocks=553
2019-06-15 10:53:39,823 INFO  commandhandler.DeleteBlocksCommandHandler (DeleteBlocksCommandHandler.java:handle(106)) - Start to delete container blocks, TXIDs=[1(0),2(0),3(0)], numOfContainers=3, numOfBlocks=553
2019-06-15 10:53:39,824 INFO  commandhandler.DeleteBlocksCommandHandler (DeleteBlocksCommandHandler.java:handle(106)) - Start to delete container blocks, TXIDs=[1(0),2(0),3(0)], numOfContainers=3, numOfBlocks=553
2019-06-15 10:53:39,825 INFO  commandhandler.DeleteBlocksCommandHandler (DeleteBlocksCommandHandler.java:handle(106)) - Start to delete container blocks, TXIDs=[1(0),2(0),3(0)], numOfContainers=3, numOfBlocks=553
2019-06-15 10:53:39,826 INFO  commandhandler.DeleteBlocksCommandHandler (DeleteBlocksCommandHandler.java:handle(106)) - Start to delete container blocks, TXIDs=[1(0),2(0),3(0)], numOfContainers=3, numOfBlocks=553
2019-06-15 10:53:39,826 INFO  commandhandler.DeleteBlocksCommandHandler (DeleteBlocksCommandHandler.java:handle(106)) - Start to delete container blocks, TXIDs=[1(0),2(0),3(0)], numOfContainers=3, numOfBlocks=553
2019-06-15 10:53:39,827 INFO  commands.RetriableDatanodeEventWatcher (RetriableDatanodeEventWatcher.java:onTimeout(47)) - RetriableDatanodeCommand type=deleteBlocksCommand with id=1560596009392 timed out. Retrying.
2019-06-15 10:53:39,827 INFO  commandhandler.DeleteBlocksCommandHandler (DeleteBlocksCommandHandler.java:handle(106)) - Start to delete container blocks, TXIDs=[1(0),2(0),3(0)], numOfContainers=3, numOfBlocks=553
2019-06-15 10:53:39,828 INFO  commandhandler.DeleteBlocksCommandHandler (DeleteBlocksCommandHandler.java:handle(106)) - Start to delete container blocks, TXIDs=[1(0),2(0),3(0)], numOfContainers=3, numOfBlocks=553
2019-06-15 10:53:39,829 INFO  commandhandler.DeleteBlocksCommandHandler (DeleteBlocksCommandHandler.java:handle(106)) - Start to delete container blocks, TXIDs=[1(0),2(0),3(0)], numOfContainers=3, numOfBlocks=553
2019-06-15 10:53:39,830 INFO  commandhandler.DeleteBlocksCommandHandler (DeleteBlocksCommandHandler.java:handle(106)) - Start to delete container blocks, TXIDs=[1(0),2(0),3(0)], numOfContainers=3, numOfBlocks=553
2019-06-15 10:53:39,831 INFO  commandhandler.DeleteBlocksCommandHandler (DeleteBlocksCommandHandler.java:handle(106)) - Start to delete container blocks, TXIDs=[1(0),2(0),3(0)], numOfContainers=3, numOfBlocks=553
2019-06-15 10:53:39,832 INFO  commandhandler.DeleteBlocksCommandHandler (DeleteBlocksCommandHandler.java:handle(106)) - Start to delete container blocks, TXIDs=[1(0),2(0),3(0)], numOfContainers=3, numOfBlocks=553
2019-06-15 10:53:39,833 INFO  commandhandler.DeleteBlocksCommandHandler (DeleteBlocksCommandHandler.java:handle(106)) - Start to delete container blocks, TXIDs=[1(0),2(0),3(0)], numOfContainers=3, numOfBlocks=553
2019-06-15 10:53:39,834 INFO  commandhandler.DeleteBlocksCommandHandler (DeleteBlocksCommandHandler.java:handle(106)) - Start to delete container blocks, TXIDs=[1(0),2(0),3(0)], numOfContainers=3, numOfBlocks=553
2019-06-15 10:53:39,835 INFO  commandhandler.DeleteBlocksCommandHandler (DeleteBlocksCommandHandler.java:handle(106)) - Start to delete container blocks, TXIDs=[1(0),2(0),3(0)], numOfContainers=3, numOfBlocks=553
2019-06-15 10:53:39,835 INFO  commandhandler.DeleteBlocksCommandHandler (DeleteBlocksCommandHandler.java:handle(106)) - Start to delete container blocks, TXIDs=[1(0),2(0),3(0)], numOfContainers=3, numOfBlocks=553
2019-06-15 10:53:39,836 INFO  commands.RetriableDatanodeEventWatcher (RetriableDatanodeEventWatcher.java:onTimeout(47)) - RetriableDatanodeCommand type=deleteBlocksCommand with id=1560596009402 timed out. Retrying.
2019-06-15 10:53:39,836 INFO  commandhandler.DeleteBlocksCommandHandler (DeleteBlocksCommandHandler.java:handle(106)) - Start to delete container blocks, TXIDs=[1(0),2(0),3(0)], numOfContainers=3, numOfBlocks=553
2019-06-15 10:53:39,837 INFO  commandhandler.DeleteBlocksCommandHandler (DeleteBlocksCommandHandler.java:handle(106)) - Start to delete container blocks, TXIDs=[1(0),2(0),3(0)], numOfContainers=3, numOfBlocks=553
2019-06-15 10:53:39,838 INFO  commandhandler.DeleteBlocksCommandHandler (DeleteBlocksCommandHandler.java:handle(106)) - Start to delete container blocks, TXIDs=[1(0),2(0),3(0)], numOfContainers=3, numOfBlocks=553
2019-06-15 10:53:39,839 INFO  commandhandler.DeleteBlocksCommandHandler (DeleteBlocksCommandHandler.java:handle(106)) - Start to delete container blocks, TXIDs=[1(0),2(0),3(0)], numOfContainers=3, numOfBlocks=553
2019-06-15 10:53:39,841 INFO  commandhandler.DeleteBlocksCommandHandler (DeleteBlocksCommandHandler.java:handle(106)) - Start to delete container blocks, TXIDs=[1(0),2(0),3(0)], numOfContainers=3, numOfBlocks=553
2019-06-15 10:53:39,841 INFO  commands.RetriableDatanodeEventWatcher (RetriableDatanodeEventWatcher.java:onTimeout(47)) - RetriableDatanodeCommand type=deleteBlocksCommand with id=1560596009412 timed out. Retrying.
2019-06-15 10:53:39,842 INFO  commandhandler.DeleteBlocksCommandHandler (DeleteBlocksCommandHandler.java:handle(106)) - Start to delete container blocks, TXIDs=[1(0),2(0),3(0)], numOfContainers=3, numOfBlocks=553
2019-06-15 10:53:39,843 INFO  commandhandler.DeleteBlocksCommandHandler (DeleteBlocksCommandHandler.java:handle(106)) - Start to delete container blocks, TXIDs=[1(0),2(0),3(0)], numOfContainers=3, numOfBlocks=553
2019-06-15 10:53:39,844 INFO  commandhandler.DeleteBlocksCommandHandler (DeleteBlocksCommandHandler.java:handle(106)) - Start to delete container blocks, TXIDs=[1(0),2(0),3(0)], numOfContainers=3, numOfBlocks=553
2019-06-15 10:53:39,845 INFO  commandhandler.DeleteBlocksCommandHandler (DeleteBlocksCommandHandler.java:handle(106)) - Start to delete container blocks, TXIDs=[1(0),2(0),3(0)], numOfContainers=3, numOfBlocks=553
2019-06-15 10:53:39,845 INFO  commandhandler.DeleteBlocksCommandHandler (DeleteBlocksCommandHandler.java:handle(106)) - Start to delete container blocks, TXIDs=[1(0),2(0),3(0)], numOfContainers=3, numOfBlocks=553
2019-06-15 10:53:39,846 INFO  commandhandler.DeleteBlocksCommandHandler (DeleteBlocksCommandHandler.java:handle(106)) - Start to delete container blocks, TXIDs=[1(0),2(0),3(0)], numOfContainers=3, numOfBlocks=553
2019-06-15 10:53:39,847 INFO  commandhandler.DeleteBlocksCommandHandler (DeleteBlocksCommandHandler.java:handle(106)) - Start to delete container blocks, TXIDs=[1(0),2(0),3(0)], numOfContainers=3, numOfBlocks=553
2019-06-15 10:53:39,848 INFO  commandhandler.DeleteBlocksCommandHandler (DeleteBlocksCommandHandler.java:handle(106)) - Start to delete container blocks, TXIDs=[1(0),2(0),3(0)], numOfContainers=3, numOfBlocks=553
2019-06-15 10:53:39,848 INFO  commands.RetriableDatanodeEventWatcher (RetriableDatanodeEventWatcher.java:onTimeout(47)) - RetriableDatanodeCommand type=deleteBlocksCommand with id=1560596009422 timed out. Retrying.
2019-06-15 10:53:39,849 INFO  commandhandler.DeleteBlocksCommandHandler (DeleteBlocksCommandHandler.java:handle(106)) - Start to delete container blocks, TXIDs=[1(0),2(0),3(0)], numOfContainers=3, numOfBlocks=553
2019-06-15 10:53:39,850 INFO  commandhandler.DeleteBlocksCommandHandler (DeleteBlocksCommandHandler.java:handle(106)) - Start to delete container blocks, TXIDs=[1(0),2(0),3(0)], numOfContainers=3, numOfBlocks=553
2019-06-15 10:53:39,851 INFO  commandhandler.DeleteBlocksCommandHandler (DeleteBlocksCommandHandler.java:handle(106)) - Start to delete container blocks, TXIDs=[1(0),2(0),3(0)], numOfContainers=3, numOfBlocks=553
2019-06-15 10:53:39,852 INFO  commandhandler.DeleteBlocksCommandHandler (DeleteBlocksCommandHandler.java:handle(106)) - Start to delete container blocks, TXIDs=[1(0),2(0),3(0)], numOfContainers=3, numOfBlocks=553
2019-06-15 10:53:39,853 INFO  commandhandler.DeleteBlocksCommandHandler (DeleteBlocksCommandHandler.java:handle(106)) - Start to delete container blocks, TXIDs=[1(0),2(0),3(0)], numOfContainers=3, numOfBlocks=553
2019-06-15 10:53:39,854 INFO  commandhandler.DeleteBlocksCommandHandler (DeleteBlocksCommandHandler.java:handle(106)) - Start to delete container blocks, TXIDs=[1(0),2(0),3(0)], numOfContainers=3, numOfBlocks=553
2019-06-15 10:53:39,855 INFO  commandhandler.DeleteBlocksCommandHandler (DeleteBlocksCommandHandler.java:handle(106)) - Start to delete container blocks, TXIDs=[1(0),2(0),3(0)], numOfContainers=3, numOfBlocks=553
2019-06-15 10:53:39,855 INFO  commands.RetriableDatanodeEventWatcher (RetriableDatanodeEventWatcher.java:onTimeout(47)) - RetriableDatanodeCommand type=deleteBlocksCommand with id=1560596009353 timed out. Retrying.
2019-06-15 10:53:39,855 INFO  commandhandler.DeleteBlocksCommandHandler (DeleteBlocksCommandHandler.java:handle(106)) - Start to delete container blocks, TXIDs=[1(0),2(0),3(0)], numOfContainers=3, numOfBlocks=553
2019-06-15 10:53:39,856 INFO  commands.RetriableDatanodeEventWatcher (RetriableDatanodeEventWatcher.java:onTimeout(47)) - RetriableDatanodeCommand type=deleteBlocksCommand with id=1560596009432 timed out. Retrying.
2019-06-15 10:53:39,856 INFO  commandhandler.DeleteBlocksCommandHandler (DeleteBlocksCommandHandler.java:handle(106)) - Start to delete container blocks, TXIDs=[1(0),2(0),3(0)], numOfContainers=3, numOfBlocks=553
2019-06-15 10:53:39,857 INFO  commandhandler.DeleteBlocksCommandHandler (DeleteBlocksCommandHandler.java:handle(106)) - Start to delete container blocks, TXIDs=[1(0),2(0),3(0)], numOfContainers=3, numOfBlocks=553
2019-06-15 10:53:39,858 INFO  commandhandler.DeleteBlocksCommandHandler (DeleteBlocksCommandHandler.java:handle(106)) - Start to delete container blocks, TXIDs=[1(0),2(0),3(0)], numOfContainers=3, numOfBlocks=553
2019-06-15 10:53:39,859 INFO  commandhandler.DeleteBlocksCommandHandler (DeleteBlocksCommandHandler.java:handle(106)) - Start to delete container blocks, TXIDs=[1(0),2(0),3(0)], numOfContainers=3, numOfBlocks=553
2019-06-15 10:53:39,860 INFO  commandhandler.DeleteBlocksCommandHandler (DeleteBlocksCommandHandler.java:handle(106)) - Start to delete container blocks, TXIDs=[1(0),2(0),3(0)], numOfContainers=3, numOfBlocks=553
2019-06-15 10:53:39,861 INFO  commandhandler.DeleteBlocksCommandHandler (DeleteBlocksCommandHandler.java:handle(106)) - Start to delete container blocks, TXIDs=[1(0),2(0),3(0)], numOfContainers=3, numOfBlocks=553
2019-06-15 10:53:39,862 INFO  commandhandler.DeleteBlocksCommandHandler (DeleteBlocksCommandHandler.java:handle(106)) - Start to delete container blocks, TXIDs=[1(0),2(0),3(0)], numOfContainers=3, numOfBlocks=553
2019-06-15 10:53:39,863 INFO  commandhandler.DeleteBlocksCommandHandler (DeleteBlocksCommandHandler.java:handle(106)) - Start to delete container blocks, TXIDs=[1(0),2(0),3(0)], numOfContainers=3, numOfBlocks=553
2019-06-15 10:53:39,864 INFO  commandhandler.DeleteBlocksCommandHandler (DeleteBlocksCommandHandler.java:handle(106)) - Start to delete container blocks, TXIDs=[1(0),2(0),3(0)], numOfContainers=3, numOfBlocks=553
2019-06-15 10:53:39,865 INFO  commandhandler.DeleteBlocksCommandHandler (DeleteBlocksCommandHandler.java:handle(106)) - Start to delete container blocks, TXIDs=[1(0),2(0),3(0)], numOfContainers=3, numOfBlocks=553
2019-06-15 10:53:39,865 INFO  commands.RetriableDatanodeEventWatcher (RetriableDatanodeEventWatcher.java:onTimeout(47)) - RetriableDatanodeCommand type=deleteBlocksCommand with id=1560596009363 timed out. Retrying.
2019-06-15 10:53:39,866 INFO  commandhandler.DeleteBlocksCommandHandler (DeleteBlocksCommandHandler.java:handle(106)) - Start to delete container blocks, TXIDs=[1(0),2(0),3(0)], numOfContainers=3, numOfBlocks=553
2019-06-15 10:53:39,866 INFO  commandhandler.DeleteBlocksCommandHandler (DeleteBlocksCommandHandler.java:handle(106)) - Start to delete container blocks, TXIDs=[1(0),2(0),3(0)], numOfContainers=3, numOfBlocks=553
2019-06-15 10:53:39,867 INFO  commandhandler.DeleteBlocksCommandHandler (DeleteBlocksCommandHandler.java:handle(106)) - Start to delete container blocks, TXIDs=[1(0),2(0),3(0)], numOfContainers=3, numOfBlocks=553
2019-06-15 10:53:39,868 INFO  commandhandler.DeleteBlocksCommandHandler (DeleteBlocksCommandHandler.java:handle(106)) - Start to delete container blocks, TXIDs=[1(0),2(0),3(0)], numOfContainers=3, numOfBlocks=553
2019-06-15 10:53:39,869 INFO  commandhandler.DeleteBlocksCommandHandler (DeleteBlocksCommandHandler.java:handle(106)) - Start to delete container blocks, TXIDs=[1(0),2(0),3(0)], numOfContainers=3, numOfBlocks=553
2019-06-15 10:53:39,870 INFO  commandhandler.DeleteBlocksCommandHandler (DeleteBlocksCommandHandler.java:handle(106)) - Start to delete container blocks, TXIDs=[1(0),2(0),3(0)], numOfContainers=3, numOfBlocks=553
2019-06-15 10:53:39,871 INFO  commandhandler.DeleteBlocksCommandHandler (DeleteBlocksCommandHandler.java:handle(106)) - Start to delete container blocks, TXIDs=[1(0),2(0),3(0)], numOfContainers=3, numOfBlocks=553
2019-06-15 10:53:39,872 INFO  commandhandler.DeleteBlocksCommandHandler (DeleteBlocksCommandHandler.java:handle(106)) - Start to delete container blocks, TXIDs=[1(0),2(0),3(0)], numOfContainers=3, numOfBlocks=553
2019-06-15 10:53:39,872 INFO  commands.RetriableDatanodeEventWatcher (RetriableDatanodeEventWatcher.java:onTimeout(47)) - RetriableDatanodeCommand type=deleteBlocksCommand with id=1560596009442 timed out. Retrying.
2019-06-15 10:53:39,873 INFO  commandhandler.DeleteBlocksCommandHandler (DeleteBlocksCommandHandler.java:handle(106)) - Start to delete container blocks, TXIDs=[1(0),2(0),3(0)], numOfContainers=3, numOfBlocks=553
2019-06-15 10:53:39,874 INFO  commandhandler.DeleteBlocksCommandHandler (DeleteBlocksCommandHandler.java:handle(106)) - Start to delete container blocks, TXIDs=[1(0),2(0),3(0)], numOfContainers=3, numOfBlocks=553
2019-06-15 10:53:39,875 INFO  commandhandler.DeleteBlocksCommandHandler (DeleteBlocksCommandHandler.java:handle(106)) - Start to delete container blocks, TXIDs=[1(0),2(0),3(0)], numOfContainers=3, numOfBlocks=553
2019-06-15 10:53:39,876 INFO  commandhandler.DeleteBlocksCommandHandler (DeleteBlocksCommandHandler.java:handle(106)) - Start to delete container blocks, TXIDs=[1(0),2(0),3(0)], numOfContainers=3, numOfBlocks=553
2019-06-15 10:53:39,876 INFO  commandhandler.DeleteBlocksCommandHandler (DeleteBlocksCommandHandler.java:handle(106)) - Start to delete container blocks, TXIDs=[1(0),2(0),3(0)], numOfContainers=3, numOfBlocks=553
2019-06-15 10:53:39,877 INFO  commandhandler.DeleteBlocksCommandHandler (DeleteBlocksCommandHandler.java:handle(106)) - Start to delete container blocks, TXIDs=[1(0),2(0),3(0)], numOfContainers=3, numOfBlocks=553
2019-06-15 10:53:39,878 INFO  commandhandler.DeleteBlocksCommandHandler (DeleteBlocksCommandHandler.java:handle(106)) - Start to delete container blocks, TXIDs=[1(0),2(0),3(0)], numOfContainers=3, numOfBlocks=553
2019-06-15 10:53:39,879 INFO  commandhandler.DeleteBlocksCommandHandler (DeleteBlocksCommandHandler.java:handle(106)) - Start to delete container blocks, TXIDs=[1(0),2(0),3(0)], numOfContainers=3, numOfBlocks=553
2019-06-15 10:53:39,880 INFO  commandhandler.DeleteBlocksCommandHandler (DeleteBlocksCommandHandler.java:handle(106)) - Start to delete container blocks, TXIDs=[1(0),2(0),3(0)], numOfContainers=3, numOfBlocks=553
2019-06-15 10:53:39,881 INFO  commandhandler.DeleteBlocksCommandHandler (DeleteBlocksCommandHandler.java:handle(106)) - Start to delete container blocks, TXIDs=[1(0),2(0),3(0)], numOfContainers=3, numOfBlocks=553
2019-06-15 10:53:39,882 INFO  commandhandler.DeleteBlocksCommandHandler (DeleteBlocksCommandHandler.java:handle(106)) - Start to delete container blocks, TXIDs=[1(0),2(0),3(0)], numOfContainers=3, numOfBlocks=553
2019-06-15 10:53:39,883 INFO  commandhandler.DeleteBlocksCommandHandler (DeleteBlocksCommandHandler.java:handle(106)) - Start to delete container blocks, TXIDs=[1(0),2(0),3(0)], numOfContainers=3, numOfBlocks=553
2019-06-15 10:53:39,884 INFO  commandhandler.DeleteBlocksCommandHandler (DeleteBlocksCommandHandler.java:handle(106)) - Start to delete container blocks, TXIDs=[1(0),2(0),3(0)], numOfContainers=3, numOfBlocks=553
2019-06-15 10:53:39,884 INFO  commandhandler.DeleteBlocksCommandHandler (DeleteBlocksCommandHandler.java:handle(106)) - Start to delete container blocks, TXIDs=[1(0),2(0),3(0)], numOfContainers=3, numOfBlocks=553
2019-06-15 10:53:39,885 INFO  commandhandler.DeleteBlocksCommandHandler (DeleteBlocksCommandHandler.java:handle(106)) - Start to delete container blocks, TXIDs=[1(0),2(0),3(0)], numOfContainers=3, numOfBlocks=553
2019-06-15 10:53:39,886 INFO  commandhandler.DeleteBlocksCommandHandler (DeleteBlocksCommandHandler.java:handle(106)) - Start to delete container blocks, TXIDs=[1(0),2(0),3(0)], numOfContainers=3, numOfBlocks=553
2019-06-15 10:53:39,887 INFO  commandhandler.DeleteBlocksCommandHandler (DeleteBlocksCommandHandler.java:handle(106)) - Start to delete container blocks, TXIDs=[1(0),2(0),3(0)], numOfContainers=3, numOfBlocks=553
2019-06-15 10:53:39,888 INFO  commandhandler.DeleteBlocksCommandHandler (DeleteBlocksCommandHandler.java:handle(106)) - Start to delete container blocks, TXIDs=[1(0),2(0),3(0)], numOfContainers=3, numOfBlocks=553
2019-06-15 10:53:39,889 INFO  commandhandler.DeleteBlocksCommandHandler (DeleteBlocksCommandHandler.java:handle(106)) - Start to delete container blocks, TXIDs=[1(0),2(0),3(0)], numOfContainers=3, numOfBlocks=553
2019-06-15 10:53:39,890 INFO  commandhandler.DeleteBlocksCommandHandler (DeleteBlocksCommandHandler.java:handle(106)) - Start to delete container blocks, TXIDs=[1(0),2(0),3(0)], numOfContainers=3, numOfBlocks=553
2019-06-15 10:53:39,891 INFO  commandhandler.DeleteBlocksCommandHandler (DeleteBlocksCommandHandler.java:handle(106)) - Start to delete container blocks, TXIDs=[1(0),2(0),3(0)], numOfContainers=3, numOfBlocks=553
2019-06-15 10:53:39,892 INFO  commandhandler.DeleteBlocksCommandHandler (DeleteBlocksCommandHandler.java:handle(106)) - Start to delete container blocks, TXIDs=[1(0),2(0),3(0)], numOfContainers=3, numOfBlocks=553
2019-06-15 10:53:39,892 INFO  commandhandler.DeleteBlocksCommandHandler (DeleteBlocksCommandHandler.java:handle(106)) - Start to delete container blocks, TXIDs=[1(0),2(0),3(0)], numOfContainers=3, numOfBlocks=553
2019-06-15 10:53:39,893 INFO  commands.RetriableDatanodeEventWatcher (RetriableDatanodeEventWatcher.java:onTimeout(47)) - RetriableDatanodeCommand type=deleteBlocksCommand with id=1560596009373 timed out. Retrying.
2019-06-15 10:53:39,893 INFO  commandhandler.DeleteBlocksCommandHandler (DeleteBlocksCommandHandler.java:handle(106)) - Start to delete container blocks, TXIDs=[1(0),2(0),3(0)], numOfContainers=3, numOfBlocks=553
2019-06-15 10:53:39,894 DEBUG block.SCMBlockDeletingService (SCMBlockDeletingService.java:call(138)) - Running DeletedBlockTransactionScanner
2019-06-15 10:53:39,894 DEBUG block.SCMBlockDeletingService (SCMBlockDeletingService.java:call(155)) - Scanned deleted blocks log and got 3 delTX to process.
2019-06-15 10:53:39,894 DEBUG block.SCMBlockDeletingService (SCMBlockDeletingService.java:call(171)) - Added delete block command for datanode 325d518f-bf0d-428a-814f-266b27e759e4 in the queue, number of delete block transactions: 3, TxID list: 1,2,3
2019-06-15 10:53:39,894 INFO  commandhandler.DeleteBlocksCommandHandler (DeleteBlocksCommandHandler.java:handle(106)) - Start to delete container blocks, TXIDs=[1(0),2(0),3(0)], numOfContainers=3, numOfBlocks=553
2019-06-15 10:53:39,894 INFO  block.SCMBlockDeletingService (SCMBlockDeletingService.java:call(182)) - Totally added 3 delete blocks command for 1 datanodes, task elapsed time: 0ms
2019-06-15 10:53:39,895 INFO  commandhandler.DeleteBlocksCommandHandler (DeleteBlocksCommandHandler.java:handle(106)) - Start to delete container blocks, TXIDs=[1(0),2(0),3(0)], numOfContainers=3, numOfBlocks=553
2019-06-15 10:53:39,896 INFO  commandhandler.DeleteBlocksCommandHandler (DeleteBlocksCommandHandler.java:handle(106)) - Start to delete container blocks, TXIDs=[1(0),2(0),3(0)], numOfContainers=3, numOfBlocks=553
2019-06-15 10:53:39,897 INFO  commandhandler.DeleteBlocksCommandHandler (DeleteBlocksCommandHandler.java:handle(106)) - Start to delete container blocks, TXIDs=[1(0),2(0),3(0)], numOfContainers=3, numOfBlocks=553
2019-06-15 10:53:39,898 INFO  commandhandler.DeleteBlocksCommandHandler (DeleteBlocksCommandHandler.java:handle(106)) - Start to delete container blocks, TXIDs=[1(0),2(0),3(0)], numOfContainers=3, numOfBlocks=553
2019-06-15 10:53:39,899 INFO  commandhandler.DeleteBlocksCommandHandler (DeleteBlocksCommandHandler.java:handle(106)) - Start to delete container blocks, TXIDs=[1(0),2(0),3(0)], numOfContainers=3, numOfBlocks=553
2019-06-15 10:53:39,900 INFO  commandhandler.DeleteBlocksCommandHandler (DeleteBlocksCommandHandler.java:handle(106)) - Start to delete container blocks, TXIDs=[1(0),2(0),3(0)], numOfContainers=3, numOfBlocks=553
2019-06-15 10:53:39,901 INFO  commandhandler.DeleteBlocksCommandHandler (DeleteBlocksCommandHandler.java:handle(106)) - Start to delete container blocks, TXIDs=[1(0),2(0),3(0)], numOfContainers=3, numOfBlocks=553
2019-06-15 10:53:39,902 INFO  commandhandler.DeleteBlocksCommandHandler (DeleteBlocksCommandHandler.java:handle(106)) - Start to delete container blocks, TXIDs=[1(0),2(0),3(0)], numOfContainers=3, numOfBlocks=553
2019-06-15 10:53:39,903 INFO  commandhandler.DeleteBlocksCommandHandler (DeleteBlocksCommandHandler.java:handle(106)) - Start to delete container blocks, TXIDs=[1(0),2(0),3(0)], numOfContainers=3, numOfBlocks=553
2019-06-15 10:53:39,903 INFO  commandhandler.DeleteBlocksCommandHandler (DeleteBlocksCommandHandler.java:handle(106)) - Start to delete container blocks, TXIDs=[1(0),2(0),3(0)], numOfContainers=3, numOfBlocks=553
2019-06-15 10:53:39,904 INFO  commandhandler.DeleteBlocksCommandHandler (DeleteBlocksCommandHandler.java:handle(106)) - Start to delete container blocks, TXIDs=[1(0),2(0),3(0)], numOfContainers=3, numOfBlocks=553
2019-06-15 10:53:39,905 INFO  commandhandler.DeleteBlocksCommandHandler (DeleteBlocksCommandHandler.java:handle(106)) - Start to delete container blocks, TXIDs=[1(0),2(0),3(0)], numOfContainers=3, numOfBlocks=553
2019-06-15 10:53:39,906 INFO  commandhandler.DeleteBlocksCommandHandler (DeleteBlocksCommandHandler.java:handle(106)) - Start to delete container blocks, TXIDs=[1(0),2(0),3(0)], numOfContainers=3, numOfBlocks=553
2019-06-15 10:53:39,907 INFO  commandhandler.DeleteBlocksCommandHandler (DeleteBlocksCommandHandler.java:handle(106)) - Start to delete container blocks, TXIDs=[1(0),2(0),3(0)], numOfContainers=3, numOfBlocks=553
2019-06-15 10:53:39,908 INFO  commandhandler.DeleteBlocksCommandHandler (DeleteBlocksCommandHandler.java:handle(106)) - Start to delete container blocks, TXIDs=[1(0),2(0),3(0)], numOfContainers=3, numOfBlocks=553
2019-06-15 10:53:39,909 INFO  commandhandler.DeleteBlocksCommandHandler (DeleteBlocksCommandHandler.java:handle(106)) - Start to delete container blocks, TXIDs=[1(0),2(0),3(0)], numOfContainers=3, numOfBlocks=553
2019-06-15 10:53:39,911 INFO  commandhandler.DeleteBlocksCommandHandler (DeleteBlocksCommandHandler.java:handle(106)) - Start to delete container blocks, TXIDs=[1(0),2(0),3(0)], numOfContainers=3, numOfBlocks=553
2019-06-15 10:53:39,913 INFO  commandhandler.DeleteBlocksCommandHandler (DeleteBlocksCommandHandler.java:handle(106)) - Start to delete container blocks, TXIDs=[1(0),2(0),3(0)], numOfContainers=3, numOfBlocks=553
2019-06-15 10:53:39,914 INFO  commandhandler.DeleteBlocksCommandHandler (DeleteBlocksCommandHandler.java:handle(106)) - Start to delete container blocks, TXIDs=[1(0),2(0),3(0)], numOfContainers=3, numOfBlocks=553
2019-06-15 10:53:39,915 INFO  commandhandler.DeleteBlocksCommandHandler (DeleteBlocksCommandHandler.java:handle(106)) - Start to delete container blocks, TXIDs=[1(0),2(0),3(0)], numOfContainers=3, numOfBlocks=553
2019-06-15 10:53:39,916 INFO  commandhandler.DeleteBlocksCommandHandler (DeleteBlocksCommandHandler.java:handle(106)) - Start to delete container blocks, TXIDs=[1(0),2(0),3(0)], numOfContainers=3, numOfBlocks=553
2019-06-15 10:53:39,917 INFO  commandhandler.DeleteBlocksCommandHandler (DeleteBlocksCommandHandler.java:handle(106)) - Start to delete container blocks, TXIDs=[1(0),2(0),3(0)], numOfContainers=3, numOfBlocks=553
2019-06-15 10:53:39,917 INFO  commandhandler.DeleteBlocksCommandHandler (DeleteBlocksCommandHandler.java:handle(106)) - Start to delete container blocks, TXIDs=[1(0),2(0),3(0)], numOfContainers=3, numOfBlocks=553
2019-06-15 10:53:39,918 DEBUG block.DeletedBlockLogImpl (DeletedBlockLogImpl.java:isTransactionFailed(245)) - Got block deletion ACK from datanode, TXIDs=1, success=true
2019-06-15 10:53:39,919 INFO  commands.RetriableDatanodeEventWatcher (RetriableDatanodeEventWatcher.java:onTimeout(47)) - RetriableDatanodeCommand type=deleteBlocksCommand with id=1560596009383 timed out. Retrying.
2019-06-15 10:53:39,919 INFO  commandhandler.DeleteBlocksCommandHandler (DeleteBlocksCommandHandler.java:handle(106)) - Start to delete container blocks, TXIDs=[1(0),2(0),3(0)], numOfContainers=3, numOfBlocks=553
2019-06-15 10:53:39,920 INFO  commandhandler.DeleteBlocksCommandHandler (DeleteBlocksCommandHandler.java:handle(106)) - Start to delete container blocks, TXIDs=[1(0),2(0),3(0)], numOfContainers=3, numOfBlocks=553
2019-06-15 10:53:39,921 INFO  commandhandler.DeleteBlocksCommandHandler (DeleteBlocksCommandHandler.java:handle(106)) - Start to delete container blocks, TXIDs=[1(0),2(0),3(0)], numOfContainers=3, numOfBlocks=553
2019-06-15 10:53:39,922 INFO  commandhandler.DeleteBlocksCommandHandler (DeleteBlocksCommandHandler.java:handle(106)) - Start to delete container blocks, TXIDs=[1(0),2(0),3(0)], numOfContainers=3, numOfBlocks=553
2019-06-15 10:53:39,923 INFO  commandhandler.DeleteBlocksCommandHandler (DeleteBlocksCommandHandler.java:handle(106)) - Start to delete container blocks, TXIDs=[1(0),2(0),3(0)], numOfContainers=3, numOfBlocks=553
2019-06-15 10:53:39,923 DEBUG block.DeletedBlockLogImpl (DeletedBlockLogImpl.java:commitTransactions(227)) - Purging txId=1 from block deletion log
2019-06-15 10:53:39,924 DEBUG block.DeletedBlockLogImpl (DeletedBlockLogImpl.java:commitTransactions(231)) - Datanode txId=1 containerId=#1 committed by dnId=325d518f-bf0d-428a-814f-266b27e759e4
2019-06-15 10:53:39,924 DEBUG block.DeletedBlockLogImpl (DeletedBlockLogImpl.java:isTransactionFailed(245)) - Got block deletion ACK from datanode, TXIDs=2, success=true
2019-06-15 10:53:39,924 DEBUG block.DeletedBlockLogImpl (DeletedBlockLogImpl.java:commitTransactions(227)) - Purging txId=2 from block deletion log
2019-06-15 10:53:39,924 DEBUG block.DeletedBlockLogImpl (DeleteBlocksCommandHandler.java:handle(106)) - Start to delete container blocks, TXIDs=[1(0),2(0),3(0)], numOfContainers=3, numOfBlocks=553
DeletedBlockLogImpl.java:commitTransactions(231)) - Datanode txId=2 containerId=#2 committed by dnId=325d518f-bf0d-428a-814f-266b27e759e4
2019-06-15 10:53:39,924 DEBUG block.DeletedBlockLogImpl (DeletedBlockLogImpl.java:isTransactionFailed(245)) - Got block deletion ACK from datanode, TXIDs=3, success=true
2019-06-15 10:53:39,924 INFO  commandhandler.DeleteBlocksCommandHandler (DeleteBlocksCommandHandler.java:handle(106)) - Start to delete container blocks, TXIDs=[1(0),2(0),3(0)], numOfContainers=3, numOfBlocks=553
2019-06-15 10:53:39,924 DEBUG block.DeletedBlockLogImpl (DeletedBlockLogImpl.java:commitTransactions(227)) - Purging txId=3 from block deletion log
2019-06-15 10:53:39,924 DEBUG block.DeletedBlockLogImpl (DeletedBlockLogImpl.java:commitTransactions(231)) - Datanode txId=3 containerId=#3 committed by dnId=325d518f-bf0d-428a-814f-266b27e759e4
2019-06-15 10:53:39,930 DEBUG block.DeletedBlockLogImpl (DeletedBlockLogImpl.java:isTransactionFailed(245)) - Got block deletion ACK from datanode, TXIDs=1, success=true
2019-06-15 10:53:39,930 WARN  block.DeletedBlockLogImpl (DeletedBlockLogImpl.java:commitTransactions(205)) - Transaction txId=1 commit by dnId=325d518f-bf0d-428a-814f-266b27e759e4 for containerID=#1 failed. Corresponding entry not found.
2019-06-15 10:53:39,930 DEBUG block.DeletedBlockLogImpl (DeletedBlockLogImpl.java:isTransactionFailed(245)) - Got block deletion ACK from datanode, TXIDs=1, success=true
2019-06-15 10:53:39,930 WARN  block.DeletedBlockLogImpl (DeletedBlockLogImpl.java:commitTransactions(205)) - Transaction txId=1 commit by dnId=325d518f-bf0d-428a-814f-266b27e759e4 for containerID=#1 failed. Corresponding entry not found.
2019-06-15 10:53:39,930 DEBUG block.DeletedBlockLogImpl (DeletedBlockLogImpl.java:isTransactionFailed(245)) - Got block deletion ACK from datanode, TXIDs=1, success=true
2019-06-15 10:53:39,930 WARN  block.DeletedBlockLogImpl (DeletedBlockLogImpl.java:commitTransactions(205)) - Transaction txId=1 commit by dnId=325d518f-bf0d-428a-814f-266b27e759e4 for containerID=#1 failed. Corresponding entry not found.
2019-06-15 10:53:39,930 DEBUG block.DeletedBlockLogImpl (DeletedBlockLogImpl.java:isTransactionFailed(245)) - Got block deletion ACK from datanode, TXIDs=1, success=true
2019-06-15 10:53:39,931 WARN  block.DeletedBlockLogImpl (DeletedBlockLogImpl.java:commitTransactions(205)) - Transaction txId=1 commit by dnId=325d518f-bf0d-428a-814f-266b27e759e4 for containerID=#1 failed. Corresponding entry not found.
2019-06-15 10:53:39,931 DEBUG block.DeletedBlockLogImpl (DeletedBlockLogImpl.java:isTransactionFailed(245)) - Got block deletion ACK from datanode, TXIDs=1, success=true
2019-06-15 10:53:39,925 INFO  commandhandler.DeleteBlocksCommandHandler (DeleteBlocksCommandHandler.java:handle(106)) - Start to delete container blocks, TXIDs=[1(0),2(0),3(0)], numOfContainers=3, numOfBlocks=553
2019-06-15 10:53:39,931 INFO  impl.FollowerState (FollowerState.java:run(101)) - 325d518f-bf0d-428a-814f-266b27e759e4:group-24E41496DF7A changes to CANDIDATE, lastRpcTime:1088, electionTimeout:1087ms
2019-06-15 10:53:39,932 INFO  impl.RoleInfo (RoleInfo.java:shutdownFollowerState(121)) - 325d518f-bf0d-428a-814f-266b27e759e4: shutdown FollowerState
2019-06-15 10:53:39,932 INFO  impl.RaftServerImpl (RaftServerImpl.java:setRole(164)) - 325d518f-bf0d-428a-814f-266b27e759e4:group-24E41496DF7A changes role from FOLLOWER to CANDIDATE at term 0 for changeToCandidate
2019-06-15 10:53:39,932 WARN  block.DeletedBlockLogImpl (DeletedBlockLogImpl.java:commitTransactions(205)) - Transaction txId=1 commit by dnId=325d518f-bf0d-428a-814f-266b27e759e4 for containerID=#1 failed. Corresponding entry not found.
2019-06-15 10:53:39,932 INFO  impl.RoleInfo (RoleInfo.java:updateAndGet(143)) - 325d518f-bf0d-428a-814f-266b27e759e4: start LeaderElection
2019-06-15 10:53:39,932 DEBUG block.DeletedBlockLogImpl (DeletedBlockLogImpl.java:isTransactionFailed(245)) - Got block deletion ACK from datanode, TXIDs=1, success=true
2019-06-15 10:53:39,933 WARN  block.DeletedBlockLogImpl (DeletedBlockLogImpl.java:commitTransactions(205)) - Transaction txId=1 commit by dnId=325d518f-bf0d-428a-814f-266b27e759e4 for containerID=#1 failed. Corresponding entry not found.
2019-06-15 10:53:39,933 DEBUG block.DeletedBlockLogImpl (DeletedBlockLogImpl.java:isTransactionFailed(245)) - Got block deletion ACK from datanode, TXIDs=1, success=true
2019-06-15 10:53:39,933 WARN  block.DeletedBlockLogImpl (DeletedBlockLogImpl.java:commitTransactions(205)) - Transaction txId=1 commit by dnId=325d518f-bf0d-428a-814f-266b27e759e4 for containerID=#1 failed. Corresponding entry not found.
2019-06-15 10:53:39,933 DEBUG block.DeletedBlockLogImpl (DeletedBlockLogImpl.java:isTransactionFailed(245)) - Got block deletion ACK from datanode, TXIDs=1, success=true
2019-06-15 10:53:39,933 WARN  block.DeletedBlockLogImpl (DeletedBlockLogImpl.java:commitTransactions(205)) - Transaction txId=1 commit by dnId=325d518f-bf0d-428a-814f-266b27e759e4 for containerID=#1 failed. Corresponding entry not found.
2019-06-15 10:53:39,933 DEBUG block.DeletedBlockLogImpl (DeletedBlockLogImpl.java:isTransactionFailed(245)) - Got block deletion ACK from datanode, TXIDs=1, success=true
2019-06-15 10:53:39,933 INFO  commandhandler.DeleteBlocksCommandHandler (DeletedBlockLogImpl.java:commitTransactions(205)) - Transaction txId=1 commit by dnId=325d518f-bf0d-428a-814f-266b27e759e4 for containerID=#1 failed. Corresponding entry not found.
2019-06-15 10:53:39,933 DEBUG block.DeletedBlockLogImpl (DeleteBlocksCommandHandler.java:handle(106)) - Start to delete container blocks, TXIDs=[1(0),2(0),3(0)], numOfContainers=3, numOfBlocks=553
DeletedBlockLogImpl.java:isTransactionFailed(245)) - Got block deletion ACK from datanode, TXIDs=1, success=true
2019-06-15 10:53:39,933 INFO  commandhandler.DeleteBlocksCommandHandler (DeleteBlocksCommandHandler.java:handle(106)) - Start to delete container blocks, TXIDs=[1(0),2(0),3(0)], numOfContainers=3, numOfBlocks=553
2019-06-15 10:53:39,933 WARN  block.DeletedBlockLogImpl (DeletedBlockLogImpl.java:commitTransactions(205)) - Transaction txId=1 commit by dnId=325d518f-bf0d-428a-814f-266b27e759e4 for containerID=#1 failed. Corresponding entry not found.
2019-06-15 10:53:39,933 DEBUG block.DeletedBlockLogImpl (DeletedBlockLogImpl.java:isTransactionFailed(245)) - Got block deletion ACK from datanode, TXIDs=1, success=true
2019-06-15 10:53:39,933 WARN  block.DeletedBlockLogImpl (DeletedBlockLogImpl.java:commitTransactions(205)) - Transaction txId=1 commit by dnId=325d518f-bf0d-428a-814f-266b27e759e4 for containerID=#1 failed. Corresponding entry not found.
2019-06-15 10:53:39,933 DEBUG block.DeletedBlockLogImpl (DeletedBlockLogImpl.java:isTransactionFailed(245)) - Got block deletion ACK from datanode, TXIDs=1, success=true
2019-06-15 10:53:39,933 WARN  block.DeletedBlockLogImpl (DeletedBlockLogImpl.java:commitTransactions(205)) - Transaction txId=1 commit by dnId=325d518f-bf0d-428a-814f-266b27e759e4 for containerID=#1 failed. Corresponding entry not found.
2019-06-15 10:53:39,933 DEBUG block.DeletedBlockLogImpl (DeletedBlockLogImpl.java:isTransactionFailed(245)) - Got block deletion ACK from datanode, TXIDs=1, success=true
2019-06-15 10:53:39,933 WARN  block.DeletedBlockLogImpl (DeletedBlockLogImpl.java:commitTransactions(205)) - Transaction txId=1 commit by dnId=325d518f-bf0d-428a-814f-266b27e759e4 for containerID=#1 failed. Corresponding entry not found.
2019-06-15 10:53:39,933 DEBUG block.DeletedBlockLogImpl (DeletedBlockLogImpl.java:isTransactionFailed(245)) - Got block deletion ACK from datanode, TXIDs=1, success=true
2019-06-15 10:53:39,933 WARN  block.DeletedBlockLogImpl (DeletedBlockLogImpl.java:commitTransactions(205)) - Transaction txId=1 commit by dnId=325d518f-bf0d-428a-814f-266b27e759e4 for containerID=#1 failed. Corresponding entry not found.
2019-06-15 10:53:39,934 DEBUG block.DeletedBlockLogImpl (DeletedBlockLogImpl.java:isTransactionFailed(245)) - Got block deletion ACK from datanode, TXIDs=1, success=true
2019-06-15 10:53:39,934 WARN  block.DeletedBlockLogImpl (DeletedBlockLogImpl.java:commitTransactions(205)) - Transaction txId=1 commit by dnId=325d518f-bf0d-428a-814f-266b27e759e4 for containerID=#1 failed. Corresponding entry not found.
2019-06-15 10:53:39,934 DEBUG block.DeletedBlockLogImpl (DeletedBlockLogImpl.java:isTransactionFailed(245)) - Got block deletion ACK from datanode, TXIDs=1, success=true
2019-06-15 10:53:39,934 WARN  block.DeletedBlockLogImpl (DeletedBlockLogImpl.java:commitTransactions(205)) - Transaction txId=1 commit by dnId=325d518f-bf0d-428a-814f-266b27e759e4 for containerID=#1 failed. Corresponding entry not found.
2019-06-15 10:53:39,934 DEBUG block.DeletedBlockLogImpl (DeletedBlockLogImpl.java:isTransactionFailed(245)) - Got block deletion ACK from datanode, TXIDs=1, success=true
2019-06-15 10:53:39,934 WARN  block.DeletedBlockLogImpl (DeletedBlockLogImpl.java:commitTransactions(205)) - Transaction txId=1 commit by dnId=325d518f-bf0d-428a-814f-266b27e759e4 for containerID=#1 failed. Corresponding entry not found.
2019-06-15 10:53:39,934 DEBUG block.DeletedBlockLogImpl (DeletedBlockLogImpl.java:isTransactionFailed(245)) - Got block deletion ACK from datanode, TXIDs=1, success=true
2019-06-15 10:53:39,934 WARN  block.DeletedBlockLogImpl (DeletedBlockLogImpl.java:commitTransactions(205)) - Transaction txId=1 commit by dnId=325d518f-bf0d-428a-814f-266b27e759e4 for containerID=#1 failed. Corresponding entry not found.
2019-06-15 10:53:39,934 DEBUG block.DeletedBlockLogImpl (DeletedBlockLogImpl.java:isTransactionFailed(245)) - Got block deletion ACK from datanode, TXIDs=1, success=true
2019-06-15 10:53:39,934 WARN  block.DeletedBlockLogImpl (DeletedBlockLogImpl.java:commitTransactions(205)) - Transaction txId=1 commit by dnId=325d518f-bf0d-428a-814f-266b27e759e4 for containerID=#1 failed. Corresponding entry not found.
commandhandler.DeleteBlocksCommandHandler (2019-06-15 10:53:39,934 DEBUG block.DeletedBlockLogImpl (DeletedBlockLogImpl.java:isTransactionFailed(245)) - Got block deletion ACK from datanode, TXIDs=1, success=true
2019-06-15 10:53:39,934 WARN  DeleteBlocksCommandHandler.java:handle(106)) - block.DeletedBlockLogImpl (Start to delete container blocks, TXIDs=[1(0),2(0),3(0)], numOfContainers=3, numOfBlocks=553
DeletedBlockLogImpl.java:commitTransactions(205)) - Transaction txId=1 commit by dnId=325d518f-bf0d-428a-814f-266b27e759e4 for containerID=#1 failed. Corresponding entry not found.
2019-06-15 10:53:39,934 DEBUG block.DeletedBlockLogImpl (DeletedBlockLogImpl.java:isTransactionFailed(245)) - Got block deletion ACK from datanode, TXIDs=1, success=true
2019-06-15 10:53:39,934 INFO  commandhandler.DeleteBlocksCommandHandler (DeleteBlocksCommandHandler.java:handle(106)) - Start to delete container blocks, TXIDs=[1(0),2(0),3(0)], numOfContainers=3, numOfBlocks=553
2019-06-15 10:53:39,934 WARN  block.DeletedBlockLogImpl (DeletedBlockLogImpl.java:commitTransactions(205)) - Transaction txId=1 commit by dnId=325d518f-bf0d-428a-814f-266b27e759e4 for containerID=#1 failed. Corresponding entry not found.
2019-06-15 10:53:39,934 DEBUG block.DeletedBlockLogImpl (DeletedBlockLogImpl.java:isTransactionFailed(245)) - Got block deletion ACK from datanode, TXIDs=1, success=true
2019-06-15 10:53:39,934 WARN  block.DeletedBlockLogImpl (DeletedBlockLogImpl.java:commitTransactions(205)) - Transaction txId=1 commit by dnId=325d518f-bf0d-428a-814f-266b27e759e4 for containerID=#1 failed. Corresponding entry not found.
2019-06-15 10:53:39,935 DEBUG block.DeletedBlockLogImpl (DeletedBlockLogImpl.java:isTransactionFailed(245)) - Got block deletion ACK from datanode, TXIDs=1, success=true
2019-06-15 10:53:39,935 WARN  block.DeletedBlockLogImpl (DeletedBlockLogImpl.java:commitTransactions(205)) - Transaction txId=1 commit by dnId=325d518f-bf0d-428a-814f-266b27e759e4 for containerID=#1 failed. Corresponding entry not found.
2019-06-15 10:53:39,935 DEBUG block.DeletedBlockLogImpl (DeletedBlockLogImpl.java:isTransactionFailed(245)) - Got block deletion ACK from datanode, TXIDs=1, success=true
2019-06-15 10:53:39,935 WARN  block.DeletedBlockLogImpl (DeletedBlockLogImpl.java:commitTransactions(205)) - Transaction txId=1 commit by dnId=325d518f-bf0d-428a-814f-266b27e759e4 for containerID=#1 failed. Corresponding entry not found.
2019-06-15 10:53:39,935 DEBUG block.DeletedBlockLogImpl (DeletedBlockLogImpl.java:isTransactionFailed(245)) - Got block deletion ACK from datanode, TXIDs=1, success=true
2019-06-15 10:53:39,935 WARN  block.DeletedBlockLogImpl (DeletedBlockLogImpl.java:commitTransactions(205)) - Transaction txId=1 commit by dnId=325d518f-bf0d-428a-814f-266b27e759e4 for containerID=#1 failed. Corresponding entry not found.
2019-06-15 10:53:39,935 DEBUG block.DeletedBlockLogImpl (DeletedBlockLogImpl.java:isTransactionFailed(245)) - Got block deletion ACK from datanode, TXIDs=1, success=true
2019-06-15 10:53:39,935 WARN  block.DeletedBlockLogImpl (DeletedBlockLogImpl.java:commitTransactions(205)) - Transaction txId=1 commit by dnId=325d518f-bf0d-428a-814f-266b27e759e4 for containerID=#1 failed. Corresponding entry not found.
2019-06-15 10:53:39,935 INFO  DeletedBlockLogImpl.java:isTransactionFailed(245)) - Got block deletion ACK from datanode, TXIDs=1, success=true
2019-06-15 10:53:39,935 WARN  block.DeletedBlockLogImpl (DeleteBlocksCommandHandler.java:handle(106)) - Start to delete container blocks, TXIDs=[1(0),2(0),3(0)], numOfContainers=3, numOfBlocks=553
DeletedBlockLogImpl.java:commitTransactions(205)) - Transaction txId=1 commit by dnId=325d518f-bf0d-428a-814f-266b27e759e4 for containerID=#1 failed. Corresponding entry not found.
2019-06-15 10:53:39,935 DEBUG block.DeletedBlockLogImpl (DeletedBlockLogImpl.java:isTransactionFailed(245)) - Got block deletion ACK from datanode, TXIDs=1, success=true
2019-06-15 10:53:39,935 WARN  block.DeletedBlockLogImpl (DeletedBlockLogImpl.java:commitTransactions(205)) - Transaction txId=1 commit by dnId=325d518f-bf0d-428a-814f-266b27e759e4 for containerID=#1 failed. Corresponding entry not found.
2019-06-15 10:53:39,936 DEBUG block.DeletedBlockLogImpl (DeletedBlockLogImpl.java:isTransactionFailed(245)) - Got block deletion ACK from datanode, TXIDs=1, success=true
2019-06-15 10:53:39,935 INFO  commandhandler.DeleteBlocksCommandHandler (DeleteBlocksCommandHandler.java:handle(106)) - Start to delete container blocks, TXIDs=[1(0),2(0),3(0)], numOfContainers=3, numOfBlocks=553
2019-06-15 10:53:39,936 WARN  block.DeletedBlockLogImpl (DeletedBlockLogImpl.java:commitTransactions(205)) - Transaction txId=1 commit by dnId=325d518f-bf0d-428a-814f-266b27e759e4 for containerID=#1 failed. Corresponding entry not found.
2019-06-15 10:53:39,936 DEBUG block.DeletedBlockLogImpl (DeletedBlockLogImpl.java:isTransactionFailed(245)) - Got block deletion ACK from datanode, TXIDs=1, success=true
2019-06-15 10:53:39,936 WARN  block.DeletedBlockLogImpl (DeletedBlockLogImpl.java:commitTransactions(205)) - Transaction txId=1 commit by dnId=325d518f-bf0d-428a-814f-266b27e759e4 for containerID=#1 failed. Corresponding entry not found.
2019-06-15 10:53:39,936 DEBUG block.DeletedBlockLogImpl (DeletedBlockLogImpl.java:isTransactionFailed(245)) - Got block deletion ACK from datanode, TXIDs=1, success=true
2019-06-15 10:53:39,936 WARN  block.DeletedBlockLogImpl (DeletedBlockLogImpl.java:commitTransactions(205)) - Transaction txId=1 commit by dnId=325d518f-bf0d-428a-814f-266b27e759e4 for containerID=#1 failed. Corresponding entry not found.
2019-06-15 10:53:39,936 DEBUG block.DeletedBlockLogImpl (DeletedBlockLogImpl.java:isTransactionFailed(245)) - Got block deletion ACK from datanode, TXIDs=1, success=true
2019-06-15 10:53:39,936 WARN  block.DeletedBlockLogImpl (DeletedBlockLogImpl.java:commitTransactions(205)) - Transaction txId=1 commit by dnId=325d518f-bf0d-428a-814f-266b27e759e4 for containerID=#1 failed. Corresponding entry not found.
2019-06-15 10:53:39,936 DEBUG block.DeletedBlockLogImpl (DeletedBlockLogImpl.java:isTransactionFailed(245)) - Got block deletion ACK from datanode, TXIDs=1, success=true
2019-06-15 10:53:39,936 WARN  block.DeletedBlockLogImpl (DeletedBlockLogImpl.java:commitTransactions(205)) - Transaction txId=1 commit by dnId=325d518f-bf0d-428a-814f-266b27e759e4 for containerID=#1 failed. Corresponding entry not found.
2019-06-15 10:53:39,936 DEBUG block.DeletedBlockLogImpl (DeletedBlockLogImpl.java:isTransactionFailed(245)) - Got block deletion ACK from datanode, TXIDs=1, success=true
2019-06-15 10:53:39,936 INFO  commandhandler.DeleteBlocksCommandHandler (DeletedBlockLogImpl.java:commitTransactions(205)) - Transaction txId=1 commit by dnId=325d518f-bf0d-428a-814f-266b27e759e4 for containerID=#1 failed. Corresponding entry not found.
2019-06-15 10:53:39,937 DEBUG block.DeletedBlockLogImpl (DeleteBlocksCommandHandler.java:handle(106)) - Start to delete container blocks, TXIDs=[1(0),2(0),3(0)], numOfContainers=3, numOfBlocks=553
DeletedBlockLogImpl.java:isTransactionFailed(245)) - Got block deletion ACK from datanode, TXIDs=1, success=true
2019-06-15 10:53:39,937 WARN  block.DeletedBlockLogImpl (DeletedBlockLogImpl.java:commitTransactions(205)) - Transaction txId=1 commit by dnId=325d518f-bf0d-428a-814f-266b27e759e4 for containerID=#1 failed. Corresponding entry not found.
2019-06-15 10:53:39,937 DEBUG block.DeletedBlockLogImpl (DeletedBlockLogImpl.java:isTransactionFailed(245)) - Got block deletion ACK from datanode, TXIDs=1, success=true
2019-06-15 10:53:39,937 WARN  block.DeletedBlockLogImpl (DeletedBlockLogImpl.java:commitTransactions(205)) - Transaction txId=1 commit by dnId=325d518f-bf0d-428a-814f-266b27e759e4 for containerID=#1 failed. Corresponding entry not found.
2019-06-15 10:53:39,936 INFO  commandhandler.DeleteBlocksCommandHandler (DeleteBlocksCommandHandler.java:handle(106)) - Start to delete container blocks, TXIDs=[1(0),2(0),3(0)], numOfContainers=3, numOfBlocks=553
2019-06-15 10:53:39,937 DEBUG block.DeletedBlockLogImpl (DeletedBlockLogImpl.java:isTransactionFailed(245)) - Got block deletion ACK from datanode, TXIDs=1, success=true
2019-06-15 10:53:39,937 WARN  block.DeletedBlockLogImpl (DeletedBlockLogImpl.java:commitTransactions(205)) - Transaction txId=1 commit by dnId=325d518f-bf0d-428a-814f-266b27e759e4 for containerID=#1 failed. Corresponding entry not found.
2019-06-15 10:53:39,937 DEBUG block.DeletedBlockLogImpl (DeletedBlockLogImpl.java:isTransactionFailed(245)) - Got block deletion ACK from datanode, TXIDs=1, success=true
2019-06-15 10:53:39,937 WARN  block.DeletedBlockLogImpl (DeletedBlockLogImpl.java:commitTransactions(205)) - Transaction txId=1 commit by dnId=325d518f-bf0d-428a-814f-266b27e759e4 for containerID=#1 failed. Corresponding entry not found.
2019-06-15 10:53:39,937 DEBUG block.DeletedBlockLogImpl (DeletedBlockLogImpl.java:isTransactionFailed(245)) - Got block deletion ACK from datanode, TXIDs=1, success=true
2019-06-15 10:53:39,937 WARN  block.DeletedBlockLogImpl (DeletedBlockLogImpl.java:commitTransactions(205)) - Transaction txId=1 commit by dnId=325d518f-bf0d-428a-814f-266b27e759e4 for containerID=#1 failed. Corresponding entry not found.
2019-06-15 10:53:39,937 DEBUG block.DeletedBlockLogImpl (DeletedBlockLogImpl.java:isTransactionFailed(245)) - Got block deletion ACK from datanode, TXIDs=1, success=true
2019-06-15 10:53:39,937 WARN  block.DeletedBlockLogImpl (DeletedBlockLogImpl.java:commitTransactions(205)) - Transaction txId=1 commit by dnId=325d518f-bf0d-428a-814f-266b27e759e4 for containerID=#1 failed. Corresponding entry not found.
2019-06-15 10:53:39,938 DEBUG block.DeletedBlockLogImpl (DeletedBlockLogImpl.java:isTransactionFailed(245)) - Got block deletion ACK from datanode, TXIDs=1, success=true
2019-06-15 10:53:39,938 WARN  block.DeletedBlockLogImpl (DeletedBlockLogImpl.java:commitTransactions(205)) - Transaction txId=1 commit by dnId=325d518f-bf0d-428a-814f-266b27e759e4 for containerID=#1 failed. Corresponding entry not found.
2019-06-15 10:53:39,938 INFO  commandhandler.DeleteBlocksCommandHandler (DeletedBlockLogImpl.java:isTransactionFailed(245)) - Got block deletion ACK from datanode, TXIDs=1, success=true
2019-06-15 10:53:39,938 WARN  block.DeletedBlockLogImpl (DeletedBlockLogImpl.java:commitTransactions(205)) - Transaction txId=1 commit by dnId=325d518f-bf0d-428a-814f-266b27e759e4 for containerID=#1 failed. Corresponding entry not found.
2019-06-15 10:53:39,938 INFO  commandhandler.DeleteBlocksCommandHandler (DeleteBlocksCommandHandler.java:handle(106)) - Start to delete container blocks, TXIDs=[1(0),2(0),3(0)], numOfContainers=3, numOfBlocks=553
2019-06-15 10:53:39,938 DEBUG block.DeletedBlockLogImpl (DeletedBlockLogImpl.java:isTransactionFailed(245)) - Got block deletion ACK from datanode, TXIDs=1, success=true
2019-06-15 10:53:39,938 WARN  block.DeletedBlockLogImpl (DeletedBlockLogImpl.java:commitTransactions(205)) - Transaction txId=1 commit by dnId=325d518f-bf0d-428a-814f-266b27e759e4 for containerID=#1 failed. Corresponding entry not found.
2019-06-15 10:53:39,938 DEBUG block.DeletedBlockLogImpl (DeletedBlockLogImpl.java:isTransactionFailed(245)) - Got block deletion ACK from datanode, TXIDs=1, success=true
2019-06-15 10:53:39,938 WARN  block.DeletedBlockLogImpl (DeletedBlockLogImpl.java:commitTransactions(205)) - Transaction txId=1 commit by dnId=325d518f-bf0d-428a-814f-266b27e759e4 for containerID=#1 failed. Corresponding entry not found.
2019-06-15 10:53:39,938 DEBUG block.DeletedBlockLogImpl (DeletedBlockLogImpl.java:isTransactionFailed(245)) - Got block deletion ACK from datanode, TXIDs=1, success=true
2019-06-15 10:53:39,938 WARN  block.DeletedBlockLogImpl (DeletedBlockLogImpl.java:commitTransactions(205)) - Transaction txId=1 commit by dnId=325d518f-bf0d-428a-814f-266b27e759e4 for containerID=#1 failed. Corresponding entry not found.
2019-06-15 10:53:39,939 DEBUG block.DeletedBlockLogImpl (DeletedBlockLogImpl.java:isTransactionFailed(245)) - Got block deletion ACK from datanode, TXIDs=1, success=true
2019-06-15 10:53:39,939 WARN  block.DeletedBlockLogImpl (DeletedBlockLogImpl.java:commitTransactions(205)) - Transaction txId=1 commit by dnId=325d518f-bf0d-428a-814f-266b27e759e4 for containerID=#1 failed. Corresponding entry not found.
2019-06-15 10:53:39,939 DEBUG block.DeletedBlockLogImpl (DeletedBlockLogImpl.java:isTransactionFailed(245)) - Got block deletion ACK from datanode, TXIDs=1, success=true
2019-06-15 10:53:39,939 WARN  block.DeletedBlockLogImpl (DeletedBlockLogImpl.java:commitTransactions(205)) - Transaction txId=1 commit by dnId=325d518f-bf0d-428a-814f-266b27e759e4 for containerID=#1 failed. Corresponding entry not found.
2019-06-15 10:53:39,939 DEBUG block.DeletedBlockLogImpl (DeleteBlocksCommandHandler.java:handle(106)) - Start to delete container blocks, TXIDs=[1(0),2(0),3(0)], numOfContainers=3, numOfBlocks=553
DeletedBlockLogImpl.java:isTransactionFailed(245)) - Got block deletion ACK from datanode, TXIDs=1, success=true
2019-06-15 10:53:39,939 WARN  block.DeletedBlockLogImpl (DeletedBlockLogImpl.java:commitTransactions(205)) - Transaction txId=1 commit by dnId=325d518f-bf0d-428a-814f-266b27e759e4 for containerID=#1 failed. Corresponding entry not found.
2019-06-15 10:53:39,939 INFO  commandhandler.DeleteBlocksCommandHandler (DeleteBlocksCommandHandler.java:handle(106)) - Start to delete container blocks, TXIDs=[1(0),2(0),3(0)], numOfContainers=3, numOfBlocks=553
2019-06-15 10:53:39,939 DEBUG block.DeletedBlockLogImpl (DeletedBlockLogImpl.java:isTransactionFailed(245)) - Got block deletion ACK from datanode, TXIDs=1, success=true
2019-06-15 10:53:39,939 WARN  block.DeletedBlockLogImpl (DeletedBlockLogImpl.java:commitTransactions(205)) - Transaction txId=1 commit by dnId=325d518f-bf0d-428a-814f-266b27e759e4 for containerID=#1 failed. Corresponding entry not found.
2019-06-15 10:53:39,939 DEBUG block.DeletedBlockLogImpl (DeletedBlockLogImpl.java:isTransactionFailed(245)) - Got block deletion ACK from datanode, TXIDs=1, success=true
2019-06-15 10:53:39,939 WARN  block.DeletedBlockLogImpl (DeletedBlockLogImpl.java:commitTransactions(205)) - Transaction txId=1 commit by dnId=325d518f-bf0d-428a-814f-266b27e759e4 for containerID=#1 failed. Corresponding entry not found.
2019-06-15 10:53:39,939 DEBUG block.DeletedBlockLogImpl (DeletedBlockLogImpl.java:isTransactionFailed(245)) - Got block deletion ACK from datanode, TXIDs=1, success=true
2019-06-15 10:53:39,940 WARN  block.DeletedBlockLogImpl (DeletedBlockLogImpl.java:commitTransactions(205)) - Transaction txId=1 commit by dnId=325d518f-bf0d-428a-814f-266b27e759e4 for containerID=#1 failed. Corresponding entry not found.
2019-06-15 10:53:39,940 DEBUG block.DeletedBlockLogImpl (DeletedBlockLogImpl.java:isTransactionFailed(245)) - Got block deletion ACK from datanode, TXIDs=1, success=true
2019-06-15 10:53:39,940 WARN  block.DeletedBlockLogImpl (DeletedBlockLogImpl.java:commitTransactions(205)) - Transaction txId=1 commit by dnId=325d518f-bf0d-428a-814f-266b27e759e4 for containerID=#1 failed. Corresponding entry not found.
2019-06-15 10:53:39,940 DEBUG block.DeletedBlockLogImpl (DeletedBlockLogImpl.java:isTransactionFailed(245)) - Got block deletion ACK from datanode, TXIDs=1, success=true
2019-06-15 10:53:39,940 WARN  block.DeletedBlockLogImpl (DeletedBlockLogImpl.java:commitTransactions(205)) - Transaction txId=1 commit by dnId=325d518f-bf0d-428a-814f-266b27e759e4 for containerID=#1 failed. Corresponding entry not found.
2019-06-15 10:53:39,940 DEBUG block.DeletedBlockLogImpl (DeleteBlocksCommandHandler.java:handle(106)) - Start to delete container blocks, TXIDs=[1(0),2(0),3(0)], numOfContainers=3, numOfBlocks=553
DeletedBlockLogImpl.java:isTransactionFailed(245)) - Got block deletion ACK from datanode, TXIDs=1, success=true
2019-06-15 10:53:39,940 WARN  block.DeletedBlockLogImpl (DeletedBlockLogImpl.java:commitTransactions(205)) - Transaction txId=1 commit by dnId=325d518f-bf0d-428a-814f-266b27e759e4 for containerID=#1 failed. Corresponding entry not found.
2019-06-15 10:53:39,940 INFO  commandhandler.DeleteBlocksCommandHandler (DeleteBlocksCommandHandler.java:handle(106)) - Start to delete container blocks, TXIDs=[1(0),2(0),3(0)], numOfContainers=3, numOfBlocks=553
2019-06-15 10:53:39,940 DEBUG block.DeletedBlockLogImpl (DeletedBlockLogImpl.java:isTransactionFailed(245)) - Got block deletion ACK from datanode, TXIDs=1, success=true
2019-06-15 10:53:39,940 WARN  block.DeletedBlockLogImpl (DeletedBlockLogImpl.java:commitTransactions(205)) - Transaction txId=1 commit by dnId=325d518f-bf0d-428a-814f-266b27e759e4 for containerID=#1 failed. Corresponding entry not found.
2019-06-15 10:53:39,940 DEBUG block.DeletedBlockLogImpl (DeletedBlockLogImpl.java:isTransactionFailed(245)) - Got block deletion ACK from datanode, TXIDs=1, success=true
2019-06-15 10:53:39,941 WARN  block.DeletedBlockLogImpl (DeletedBlockLogImpl.java:commitTransactions(205)) - Transaction txId=1 commit by dnId=325d518f-bf0d-428a-814f-266b27e759e4 for containerID=#1 failed. Corresponding entry not found.
2019-06-15 10:53:39,941 DEBUG block.DeletedBlockLogImpl (DeletedBlockLogImpl.java:isTransactionFailed(245)) - Got block deletion ACK from datanode, TXIDs=1, success=true
2019-06-15 10:53:39,941 WARN  block.DeletedBlockLogImpl (DeletedBlockLogImpl.java:commitTransactions(205)) - Transaction txId=1 commit by dnId=325d518f-bf0d-428a-814f-266b27e759e4 for containerID=#1 failed. Corresponding entry not found.
2019-06-15 10:53:39,941 DEBUG block.DeletedBlockLogImpl (DeletedBlockLogImpl.java:isTransactionFailed(245)) - Got block deletion ACK from datanode, TXIDs=1, success=true
2019-06-15 10:53:39,941 WARN  block.DeletedBlockLogImpl (DeletedBlockLogImpl.java:commitTransactions(205)) - Transaction txId=1 commit by dnId=325d518f-bf0d-428a-814f-266b27e759e4 for containerID=#1 failed. Corresponding entry not found.
2019-06-15 10:53:39,941 INFO  commandhandler.DeleteBlocksCommandHandler (DeleteBlocksCommandHandler.java:handle(106)) - Start to delete container blocks, TXIDs=[1(0),2(0),3(0)], numOfContainers=3, numOfBlocks=553
2019-06-15 10:53:39,942 INFO  commands.RetriableDatanodeEventWatcher (RetriableDatanodeEventWatcher.java:onTimeout(47)) - RetriableDatanodeCommand type=deleteBlocksCommand with id=1560596009413 timed out. Retrying.
2019-06-15 10:53:39,948 INFO  commandhandler.DeleteBlocksCommandHandler (DeleteBlocksCommandHandler.java:handle(106)) - Start to delete container blocks, TXIDs=[1(0),2(0),3(0)], numOfContainers=3, numOfBlocks=553
2019-06-15 10:53:39,950 INFO  commands.RetriableDatanodeEventWatcher (RetriableDatanodeEventWatcher.java:onTimeout(47)) - RetriableDatanodeCommand type=deleteBlocksCommand with id=1560596009423 timed out. Retrying.
2019-06-15 10:53:39,956 INFO  commandhandler.DeleteBlocksCommandHandler (DeleteBlocksCommandHandler.java:handle(106)) - Start to delete container blocks, TXIDs=[1(0),2(0),3(0)], numOfContainers=3, numOfBlocks=553
2019-06-15 10:53:39,957 INFO  commandhandler.DeleteBlocksCommandHandler (DeleteBlocksCommandHandler.java:handle(106)) - Start to delete container blocks, TXIDs=[1(0),2(0),3(0)], numOfContainers=3, numOfBlocks=553
2019-06-15 10:53:39,958 INFO  commandhandler.DeleteBlocksCommandHandler (DeleteBlocksCommandHandler.java:handle(106)) - Start to delete container blocks, TXIDs=[1(0),2(0),3(0)], numOfContainers=3, numOfBlocks=553
2019-06-15 10:53:39,961 INFO  commandhandler.DeleteBlocksCommandHandler (DeleteBlocksCommandHandler.java:handle(106)) - Start to delete container blocks, TXIDs=[1(0),2(0),3(0)], numOfContainers=3, numOfBlocks=553
2019-06-15 10:53:39,961 INFO  commandhandler.DeleteBlocksCommandHandler (DeleteBlocksCommandHandler.java:handle(106)) - Start to delete container blocks, TXIDs=[1(0),2(0),3(0)], numOfContainers=3, numOfBlocks=553
2019-06-15 10:53:39,969 INFO  commandhandler.DeleteBlocksCommandHandler (DeleteBlocksCommandHandler.java:handle(106)) - Start to delete container blocks, TXIDs=[1(0),2(0),3(0)], numOfContainers=3, numOfBlocks=553
2019-06-15 10:53:39,971 INFO  commandhandler.DeleteBlocksCommandHandler (DeleteBlocksCommandHandler.java:handle(106)) - Start to delete container blocks, TXIDs=[1(0),2(0),3(0)], numOfContainers=3, numOfBlocks=553
2019-06-15 10:53:39,972 INFO  commandhandler.DeleteBlocksCommandHandler (DeleteBlocksCommandHandler.java:handle(106)) - Start to delete container blocks, TXIDs=[1(0),2(0),3(0)], numOfContainers=3, numOfBlocks=553
2019-06-15 10:53:39,974 INFO  commandhandler.DeleteBlocksCommandHandler (DeleteBlocksCommandHandler.java:handle(106)) - Start to delete container blocks, TXIDs=[1(0),2(0),3(0)], numOfContainers=3, numOfBlocks=553
2019-06-15 10:53:39,983 INFO  commands.RetriableDatanodeEventWatcher (RetriableDatanodeEventWatcher.java:onTimeout(47)) - RetriableDatanodeCommand type=deleteBlocksCommand with id=1560596009443 timed out. Retrying.
2019-06-15 10:53:39,983 INFO  commands.RetriableDatanodeEventWatcher (RetriableDatanodeEventWatcher.java:onTimeout(47)) - RetriableDatanodeCommand type=deleteBlocksCommand with id=1560596009433 timed out. Retrying.
2019-06-15 10:53:39,995 DEBUG block.SCMBlockDeletingService (SCMBlockDeletingService.java:call(138)) - Running DeletedBlockTransactionScanner
2019-06-15 10:53:39,995 DEBUG block.SCMBlockDeletingService (SCMBlockDeletingService.java:call(155)) - Scanned deleted blocks log and got 0 delTX to process.
2019-06-15 10:53:39,999 INFO  commandhandler.DeleteBlocksCommandHandler (DeleteBlocksCommandHandler.java:handle(106)) - Start to delete container blocks, TXIDs=[1(0),2(0),3(0)], numOfContainers=3, numOfBlocks=553
2019-06-15 10:53:40,000 INFO  commandhandler.DeleteBlocksCommandHandler (DeleteBlocksCommandHandler.java:handle(106)) - Start to delete container blocks, TXIDs=[1(0),2(0),3(0)], numOfContainers=3, numOfBlocks=553
2019-06-15 10:53:40,001 INFO  commandhandler.DeleteBlocksCommandHandler (DeleteBlocksCommandHandler.java:handle(106)) - Start to delete container blocks, TXIDs=[1(0),2(0),3(0)], numOfContainers=3, numOfBlocks=553
2019-06-15 10:53:40,001 INFO  commandhandler.DeleteBlocksCommandHandler (DeleteBlocksCommandHandler.java:handle(106)) - Start to delete container blocks, TXIDs=[1(0),2(0),3(0)], numOfContainers=3, numOfBlocks=553
2019-06-15 10:53:40,002 INFO  commandhandler.DeleteBlocksCommandHandler (DeleteBlocksCommandHandler.java:handle(106)) - Start to delete container blocks, TXIDs=[1(0),2(0),3(0)], numOfContainers=3, numOfBlocks=553
2019-06-15 10:53:40,002 INFO  commandhandler.DeleteBlocksCommandHandler (DeleteBlocksCommandHandler.java:handle(106)) - Start to delete container blocks, TXIDs=[1(0),2(0),3(0)], numOfContainers=3, numOfBlocks=553
2019-06-15 10:53:40,003 INFO  commandhandler.DeleteBlocksCommandHandler (DeleteBlocksCommandHandler.java:handle(106)) - Start to delete container blocks, TXIDs=[1(0),2(0),3(0)], numOfContainers=3, numOfBlocks=553
2019-06-15 10:53:40,004 INFO  commandhandler.DeleteBlocksCommandHandler (DeleteBlocksCommandHandler.java:handle(106)) - Start to delete container blocks, TXIDs=[1(0),2(0),3(0)], numOfContainers=3, numOfBlocks=553
2019-06-15 10:53:40,005 INFO  commandhandler.DeleteBlocksCommandHandler (DeleteBlocksCommandHandler.java:handle(106)) - Start to delete container blocks, TXIDs=[1(0),2(0),3(0)], numOfContainers=3, numOfBlocks=553
2019-06-15 10:53:40,006 INFO  commandhandler.DeleteBlocksCommandHandler (DeleteBlocksCommandHandler.java:handle(106)) - Start to delete container blocks, TXIDs=[1(0),2(0),3(0)], numOfContainers=3, numOfBlocks=553
2019-06-15 10:53:40,007 INFO  commandhandler.DeleteBlocksCommandHandler (DeleteBlocksCommandHandler.java:handle(106)) - Start to delete container blocks, TXIDs=[1(0),2(0),3(0)], numOfContainers=3, numOfBlocks=553
2019-06-15 10:53:40,007 INFO  commandhandler.DeleteBlocksCommandHandler (DeleteBlocksCommandHandler.java:handle(106)) - Start to delete container blocks, TXIDs=[1(0),2(0),3(0)], numOfContainers=3, numOfBlocks=553
2019-06-15 10:53:40,008 INFO  commandhandler.DeleteBlocksCommandHandler (DeleteBlocksCommandHandler.java:handle(106)) - Start to delete container blocks, TXIDs=[1(0),2(0),3(0)], numOfContainers=3, numOfBlocks=553
2019-06-15 10:53:40,009 INFO  commandhandler.DeleteBlocksCommandHandler (DeleteBlocksCommandHandler.java:handle(106)) - Start to delete container blocks, TXIDs=[1(0),2(0),3(0)], numOfContainers=3, numOfBlocks=553
2019-06-15 10:53:40,010 INFO  commandhandler.DeleteBlocksCommandHandler (DeleteBlocksCommandHandler.java:handle(106)) - Start to delete container blocks, TXIDs=[1(0),2(0),3(0)], numOfContainers=3, numOfBlocks=553
2019-06-15 10:53:40,011 INFO  commandhandler.DeleteBlocksCommandHandler (DeleteBlocksCommandHandler.java:handle(106)) - Start to delete container blocks, TXIDs=[1(0),2(0),3(0)], numOfContainers=3, numOfBlocks=553
2019-06-15 10:53:40,012 INFO  commandhandler.DeleteBlocksCommandHandler (DeleteBlocksCommandHandler.java:handle(106)) - Start to delete container blocks, TXIDs=[1(0),2(0),3(0)], numOfContainers=3, numOfBlocks=553
2019-06-15 10:53:40,013 INFO  commandhandler.DeleteBlocksCommandHandler (DeleteBlocksCommandHandler.java:handle(106)) - Start to delete container blocks, TXIDs=[1(0),2(0),3(0)], numOfContainers=3, numOfBlocks=553
2019-06-15 10:53:40,014 INFO  commandhandler.DeleteBlocksCommandHandler (DeleteBlocksCommandHandler.java:handle(106)) - Start to delete container blocks, TXIDs=[1(0),2(0),3(0)], numOfContainers=3, numOfBlocks=553
2019-06-15 10:53:40,015 INFO  commandhandler.DeleteBlocksCommandHandler (DeleteBlocksCommandHandler.java:handle(106)) - Start to delete container blocks, TXIDs=[1(0),2(0),3(0)], numOfContainers=3, numOfBlocks=553
2019-06-15 10:53:40,016 INFO  commandhandler.DeleteBlocksCommandHandler (DeleteBlocksCommandHandler.java:handle(106)) - Start to delete container blocks, TXIDs=[1(0),2(0),3(0)], numOfContainers=3, numOfBlocks=553
2019-06-15 10:53:40,017 INFO  commandhandler.DeleteBlocksCommandHandler (DeleteBlocksCommandHandler.java:handle(106)) - Start to delete container blocks, TXIDs=[1(0),2(0),3(0)], numOfContainers=3, numOfBlocks=553
2019-06-15 10:53:40,017 INFO  commandhandler.DeleteBlocksCommandHandler (DeleteBlocksCommandHandler.java:handle(106)) - Start to delete container blocks, TXIDs=[1(0),2(0),3(0)], numOfContainers=3, numOfBlocks=553
2019-06-15 10:53:40,018 INFO  commandhandler.DeleteBlocksCommandHandler (DeleteBlocksCommandHandler.java:handle(106)) - Start to delete container blocks, TXIDs=[1(0),2(0),3(0)], numOfContainers=3, numOfBlocks=553
2019-06-15 10:53:40,019 INFO  commandhandler.DeleteBlocksCommandHandler (DeleteBlocksCommandHandler.java:handle(106)) - Start to delete container blocks, TXIDs=[1(0),2(0),3(0)], numOfContainers=3, numOfBlocks=553
2019-06-15 10:53:40,020 INFO  commandhandler.DeleteBlocksCommandHandler (DeleteBlocksCommandHandler.java:handle(106)) - Start to delete container blocks, TXIDs=[1(0),2(0),3(0)], numOfContainers=3, numOfBlocks=553
2019-06-15 10:53:40,021 INFO  commandhandler.DeleteBlocksCommandHandler (DeleteBlocksCommandHandler.java:handle(106)) - Start to delete container blocks, TXIDs=[1(0),2(0),3(0)], numOfContainers=3, numOfBlocks=553
2019-06-15 10:53:40,022 INFO  commandhandler.DeleteBlocksCommandHandler (DeleteBlocksCommandHandler.java:handle(106)) - Start to delete container blocks, TXIDs=[1(0),2(0),3(0)], numOfContainers=3, numOfBlocks=553
2019-06-15 10:53:40,023 INFO  commandhandler.DeleteBlocksCommandHandler (DeleteBlocksCommandHandler.java:handle(106)) - Start to delete container blocks, TXIDs=[1(0),2(0),3(0)], numOfContainers=3, numOfBlocks=553
2019-06-15 10:53:40,024 INFO  commandhandler.DeleteBlocksCommandHandler (DeleteBlocksCommandHandler.java:handle(106)) - Start to delete container blocks, TXIDs=[1(0),2(0),3(0)], numOfContainers=3, numOfBlocks=553
2019-06-15 10:53:40,025 INFO  commandhandler.DeleteBlocksCommandHandler (DeleteBlocksCommandHandler.java:handle(106)) - Start to delete container blocks, TXIDs=[1(0),2(0),3(0)], numOfContainers=3, numOfBlocks=553
2019-06-15 10:53:40,026 INFO  commandhandler.DeleteBlocksCommandHandler (DeleteBlocksCommandHandler.java:handle(106)) - Start to delete container blocks, TXIDs=[1(0),2(0),3(0)], numOfContainers=3, numOfBlocks=553
2019-06-15 10:53:40,026 INFO  commandhandler.DeleteBlocksCommandHandler (DeleteBlocksCommandHandler.java:handle(106)) - Start to delete container blocks, TXIDs=[1(0),2(0),3(0)], numOfContainers=3, numOfBlocks=553
2019-06-15 10:53:40,027 INFO  commandhandler.DeleteBlocksCommandHandler (DeleteBlocksCommandHandler.java:handle(106)) - Start to delete container blocks, TXIDs=[1(0),2(0),3(0)], numOfContainers=3, numOfBlocks=553
2019-06-15 10:53:40,028 INFO  commandhandler.DeleteBlocksCommandHandler (DeleteBlocksCommandHandler.java:handle(106)) - Start to delete container blocks, TXIDs=[1(0),2(0),3(0)], numOfContainers=3, numOfBlocks=553
2019-06-15 10:53:40,029 INFO  commandhandler.DeleteBlocksCommandHandler (DeleteBlocksCommandHandler.java:handle(106)) - Start to delete container blocks, TXIDs=[1(0),2(0),3(0)], numOfContainers=3, numOfBlocks=553
2019-06-15 10:53:40,030 INFO  commandhandler.DeleteBlocksCommandHandler (DeleteBlocksCommandHandler.java:handle(106)) - Start to delete container blocks, TXIDs=[1(0),2(0),3(0)], numOfContainers=3, numOfBlocks=553
2019-06-15 10:53:40,031 INFO  commandhandler.DeleteBlocksCommandHandler (DeleteBlocksCommandHandler.java:handle(106)) - Start to delete container blocks, TXIDs=[1(0),2(0),3(0)], numOfContainers=3, numOfBlocks=553
2019-06-15 10:53:40,032 INFO  commandhandler.DeleteBlocksCommandHandler (DeleteBlocksCommandHandler.java:handle(106)) - Start to delete container blocks, TXIDs=[1(0),2(0),3(0)], numOfContainers=3, numOfBlocks=553
2019-06-15 10:53:40,032 INFO  commandhandler.DeleteBlocksCommandHandler (DeleteBlocksCommandHandler.java:handle(106)) - Start to delete container blocks, TXIDs=[1(0),2(0),3(0)], numOfContainers=3, numOfBlocks=553
2019-06-15 10:53:40,033 INFO  commandhandler.DeleteBlocksCommandHandler (DeleteBlocksCommandHandler.java:handle(106)) - Start to delete container blocks, TXIDs=[1(0),2(0),3(0)], numOfContainers=3, numOfBlocks=553
2019-06-15 10:53:40,034 INFO  commandhandler.DeleteBlocksCommandHandler (DeleteBlocksCommandHandler.java:handle(106)) - Start to delete container blocks, TXIDs=[1(0),2(0),3(0)], numOfContainers=3, numOfBlocks=553
2019-06-15 10:53:40,035 INFO  commandhandler.DeleteBlocksCommandHandler (DeleteBlocksCommandHandler.java:handle(106)) - Start to delete container blocks, TXIDs=[1(0),2(0),3(0)], numOfContainers=3, numOfBlocks=553
2019-06-15 10:53:40,035 INFO  background.BlockDeletingService (BlockDeletingService.java:call(246)) - Container: 2, deleted blocks: 184, task elapsed time: 250ms
2019-06-15 10:53:40,036 INFO  commandhandler.DeleteBlocksCommandHandler (DeleteBlocksCommandHandler.java:handle(106)) - Start to delete container blocks, TXIDs=[1(0),2(0),3(0)], numOfContainers=3, numOfBlocks=553
2019-06-15 10:53:40,037 INFO  commandhandler.DeleteBlocksCommandHandler (DeleteBlocksCommandHandler.java:handle(106)) - Start to delete container blocks, TXIDs=[1(0),2(0),3(0)], numOfContainers=3, numOfBlocks=553
2019-06-15 10:53:40,037 INFO  commandhandler.DeleteBlocksCommandHandler (DeleteBlocksCommandHandler.java:handle(106)) - Start to delete container blocks, TXIDs=[1(0),2(0),3(0)], numOfContainers=3, numOfBlocks=553
2019-06-15 10:53:40,038 INFO  commandhandler.DeleteBlocksCommandHandler (DeleteBlocksCommandHandler.java:handle(106)) - Start to delete container blocks, TXIDs=[1(0),2(0),3(0)], numOfContainers=3, numOfBlocks=553
2019-06-15 10:53:40,039 INFO  commandhandler.DeleteBlocksCommandHandler (DeleteBlocksCommandHandler.java:handle(106)) - Start to delete container blocks, TXIDs=[1(0),2(0),3(0)], numOfContainers=3, numOfBlocks=553
2019-06-15 10:53:40,040 INFO  commandhandler.DeleteBlocksCommandHandler (DeleteBlocksCommandHandler.java:handle(106)) - Start to delete container blocks, TXIDs=[1(0),2(0),3(0)], numOfContainers=3, numOfBlocks=553
2019-06-15 10:53:40,041 INFO  commandhandler.DeleteBlocksCommandHandler (DeleteBlocksCommandHandler.java:handle(106)) - Start to delete container blocks, TXIDs=[1(0),2(0),3(0)], numOfContainers=3, numOfBlocks=553
2019-06-15 10:53:40,042 INFO  commandhandler.DeleteBlocksCommandHandler (DeleteBlocksCommandHandler.java:handle(106)) - Start to delete container blocks, TXIDs=[1(0),2(0),3(0)], numOfContainers=3, numOfBlocks=553
2019-06-15 10:53:40,043 INFO  commandhandler.DeleteBlocksCommandHandler (DeleteBlocksCommandHandler.java:handle(106)) - Start to delete container blocks, TXIDs=[1(0),2(0),3(0)], numOfContainers=3, numOfBlocks=553
2019-06-15 10:53:40,043 INFO  commandhandler.DeleteBlocksCommandHandler (DeleteBlocksCommandHandler.java:handle(106)) - Start to delete container blocks, TXIDs=[1(0),2(0),3(0)], numOfContainers=3, numOfBlocks=553
2019-06-15 10:53:40,044 INFO  commands.RetriableDatanodeEventWatcher (RetriableDatanodeEventWatcher.java:onTimeout(47)) - RetriableDatanodeCommand type=deleteBlocksCommand with id=1560596009414 timed out. Retrying.
2019-06-15 10:53:40,045 INFO  commandhandler.DeleteBlocksCommandHandler (DeleteBlocksCommandHandler.java:handle(106)) - Start to delete container blocks, TXIDs=[1(0),2(0),3(0)], numOfContainers=3, numOfBlocks=553
2019-06-15 10:53:40,045 INFO  commandhandler.DeleteBlocksCommandHandler (DeleteBlocksCommandHandler.java:handle(106)) - Start to delete container blocks, TXIDs=[1(0),2(0),3(0)], numOfContainers=3, numOfBlocks=553
2019-06-15 10:53:40,046 INFO  commandhandler.DeleteBlocksCommandHandler (DeleteBlocksCommandHandler.java:handle(106)) - Start to delete container blocks, TXIDs=[1(0),2(0),3(0)], numOfContainers=3, numOfBlocks=553
2019-06-15 10:53:40,047 INFO  commandhandler.DeleteBlocksCommandHandler (DeleteBlocksCommandHandler.java:handle(106)) - Start to delete container blocks, TXIDs=[1(0),2(0),3(0)], numOfContainers=3, numOfBlocks=553
2019-06-15 10:53:40,048 INFO  commandhandler.DeleteBlocksCommandHandler (DeleteBlocksCommandHandler.java:handle(106)) - Start to delete container blocks, TXIDs=[1(0),2(0),3(0)], numOfContainers=3, numOfBlocks=553
2019-06-15 10:53:40,049 INFO  commandhandler.DeleteBlocksCommandHandler (DeleteBlocksCommandHandler.java:handle(106)) - Start to delete container blocks, TXIDs=[1(0),2(0),3(0)], numOfContainers=3, numOfBlocks=553
2019-06-15 10:53:40,050 INFO  commandhandler.DeleteBlocksCommandHandler (DeleteBlocksCommandHandler.java:handle(106)) - Start to delete container blocks, TXIDs=[1(0),2(0),3(0)], numOfContainers=3, numOfBlocks=553
2019-06-15 10:53:40,050 INFO  commands.RetriableDatanodeEventWatcher (RetriableDatanodeEventWatcher.java:onTimeout(47)) - RetriableDatanodeCommand type=deleteBlocksCommand with id=1560596009424 timed out. Retrying.
2019-06-15 10:53:40,051 INFO  commandhandler.DeleteBlocksCommandHandler (DeleteBlocksCommandHandler.java:handle(106)) - Start to delete container blocks, TXIDs=[1(0),2(0),3(0)], numOfContainers=3, numOfBlocks=553
2019-06-15 10:53:40,052 INFO  commandhandler.DeleteBlocksCommandHandler (DeleteBlocksCommandHandler.java:handle(106)) - Start to delete container blocks, TXIDs=[1(0),2(0),3(0)], numOfContainers=3, numOfBlocks=553
2019-06-15 10:53:40,053 INFO  commandhandler.DeleteBlocksCommandHandler (DeleteBlocksCommandHandler.java:handle(106)) - Start to delete container blocks, TXIDs=[1(0),2(0),3(0)], numOfContainers=3, numOfBlocks=553
2019-06-15 10:53:40,054 INFO  commandhandler.DeleteBlocksCommandHandler (DeleteBlocksCommandHandler.java:handle(106)) - Start to delete container blocks, TXIDs=[1(0),2(0),3(0)], numOfContainers=3, numOfBlocks=553
2019-06-15 10:53:40,055 INFO  commandhandler.DeleteBlocksCommandHandler (DeleteBlocksCommandHandler.java:handle(106)) - Start to delete container blocks, TXIDs=[1(0),2(0),3(0)], numOfContainers=3, numOfBlocks=553
2019-06-15 10:53:40,056 INFO  commandhandler.DeleteBlocksCommandHandler (DeleteBlocksCommandHandler.java:handle(106)) - Start to delete container blocks, TXIDs=[1(0),2(0),3(0)], numOfContainers=3, numOfBlocks=553
2019-06-15 10:53:40,056 INFO  commandhandler.DeleteBlocksCommandHandler (DeleteBlocksCommandHandler.java:handle(106)) - Start to delete container blocks, TXIDs=[1(0),2(0),3(0)], numOfContainers=3, numOfBlocks=553
2019-06-15 10:53:40,057 INFO  commandhandler.DeleteBlocksCommandHandler (DeleteBlocksCommandHandler.java:handle(106)) - Start to delete container blocks, TXIDs=[1(0),2(0),3(0)], numOfContainers=3, numOfBlocks=553
2019-06-15 10:53:40,058 INFO  commandhandler.DeleteBlocksCommandHandler (DeleteBlocksCommandHandler.java:handle(106)) - Start to delete container blocks, TXIDs=[1(0),2(0),3(0)], numOfContainers=3, numOfBlocks=553
2019-06-15 10:53:40,059 INFO  commands.RetriableDatanodeEventWatcher (RetriableDatanodeEventWatcher.java:onTimeout(47)) - RetriableDatanodeCommand type=deleteBlocksCommand with id=1560596009434 timed out. Retrying.
2019-06-15 10:53:40,059 INFO  commandhandler.DeleteBlocksCommandHandler (DeleteBlocksCommandHandler.java:handle(106)) - Start to delete container blocks, TXIDs=[1(0),2(0),3(0)], numOfContainers=3, numOfBlocks=553
2019-06-15 10:53:40,060 INFO  commandhandler.DeleteBlocksCommandHandler (DeleteBlocksCommandHandler.java:handle(106)) - Start to delete container blocks, TXIDs=[1(0),2(0),3(0)], numOfContainers=3, numOfBlocks=553
2019-06-15 10:53:40,061 INFO  commandhandler.DeleteBlocksCommandHandler (DeleteBlocksCommandHandler.java:handle(106)) - Start to delete container blocks, TXIDs=[1(0),2(0),3(0)], numOfContainers=3, numOfBlocks=553
2019-06-15 10:53:40,062 INFO  commandhandler.DeleteBlocksCommandHandler (DeleteBlocksCommandHandler.java:handle(106)) - Start to delete container blocks, TXIDs=[1(0),2(0),3(0)], numOfContainers=3, numOfBlocks=553
2019-06-15 10:53:40,063 INFO  commandhandler.DeleteBlocksCommandHandler (DeleteBlocksCommandHandler.java:handle(106)) - Start to delete container blocks, TXIDs=[1(0),2(0),3(0)], numOfContainers=3, numOfBlocks=553
2019-06-15 10:53:40,064 INFO  commandhandler.DeleteBlocksCommandHandler (DeleteBlocksCommandHandler.java:handle(106)) - Start to delete container blocks, TXIDs=[1(0),2(0),3(0)], numOfContainers=3, numOfBlocks=553
2019-06-15 10:53:40,065 INFO  commandhandler.DeleteBlocksCommandHandler (DeleteBlocksCommandHandler.java:handle(106)) - Start to delete container blocks, TXIDs=[1(0),2(0),3(0)], numOfContainers=3, numOfBlocks=553
2019-06-15 10:53:40,065 INFO  commandhandler.DeleteBlocksCommandHandler (DeleteBlocksCommandHandler.java:handle(106)) - Start to delete container blocks, TXIDs=[1(0),2(0),3(0)], numOfContainers=3, numOfBlocks=553
2019-06-15 10:53:40,066 INFO  commandhandler.DeleteBlocksCommandHandler (DeleteBlocksCommandHandler.java:handle(106)) - Start to delete container blocks, TXIDs=[1(0),2(0),3(0)], numOfContainers=3, numOfBlocks=553
2019-06-15 10:53:40,067 INFO  commandhandler.DeleteBlocksCommandHandler (DeleteBlocksCommandHandler.java:handle(106)) - Start to delete container blocks, TXIDs=[1(0),2(0),3(0)], numOfContainers=3, numOfBlocks=553
2019-06-15 10:53:40,068 INFO  commandhandler.DeleteBlocksCommandHandler (DeleteBlocksCommandHandler.java:handle(106)) - Start to delete container blocks, TXIDs=[1(0),2(0),3(0)], numOfContainers=3, numOfBlocks=553
2019-06-15 10:53:40,069 INFO  commandhandler.DeleteBlocksCommandHandler (DeleteBlocksCommandHandler.java:handle(106)) - Start to delete container blocks, TXIDs=[1(0),2(0),3(0)], numOfContainers=3, numOfBlocks=553
2019-06-15 10:53:40,070 INFO  commandhandler.DeleteBlocksCommandHandler (DeleteBlocksCommandHandler.java:handle(106)) - Start to delete container blocks, TXIDs=[1(0),2(0),3(0)], numOfContainers=3, numOfBlocks=553
2019-06-15 10:53:40,070 INFO  commandhandler.DeleteBlocksCommandHandler (DeleteBlocksCommandHandler.java:handle(106)) - Start to delete container blocks, TXIDs=[1(0),2(0),3(0)], numOfContainers=3, numOfBlocks=553
2019-06-15 10:53:40,071 INFO  commandhandler.DeleteBlocksCommandHandler (DeleteBlocksCommandHandler.java:handle(106)) - Start to delete container blocks, TXIDs=[1(0),2(0),3(0)], numOfContainers=3, numOfBlocks=553
2019-06-15 10:53:40,072 INFO  commandhandler.DeleteBlocksCommandHandler (DeleteBlocksCommandHandler.java:handle(106)) - Start to delete container blocks, TXIDs=[1(0),2(0),3(0)], numOfContainers=3, numOfBlocks=553
2019-06-15 10:53:40,073 INFO  commandhandler.DeleteBlocksCommandHandler (DeleteBlocksCommandHandler.java:handle(106)) - Start to delete container blocks, TXIDs=[1(0),2(0),3(0)], numOfContainers=3, numOfBlocks=553
2019-06-15 10:53:40,074 INFO  commandhandler.DeleteBlocksCommandHandler (DeleteBlocksCommandHandler.java:handle(106)) - Start to delete container blocks, TXIDs=[1(0),2(0),3(0)], numOfContainers=3, numOfBlocks=553
2019-06-15 10:53:40,075 INFO  commandhandler.DeleteBlocksCommandHandler (DeleteBlocksCommandHandler.java:handle(106)) - Start to delete container blocks, TXIDs=[1(0),2(0),3(0)], numOfContainers=3, numOfBlocks=553
2019-06-15 10:53:40,075 INFO  commandhandler.DeleteBlocksCommandHandler (DeleteBlocksCommandHandler.java:handle(106)) - Start to delete container blocks, TXIDs=[1(0),2(0),3(0)], numOfContainers=3, numOfBlocks=553
2019-06-15 10:53:40,076 INFO  commandhandler.DeleteBlocksCommandHandler (DeleteBlocksCommandHandler.java:handle(106)) - Start to delete container blocks, TXIDs=[1(0),2(0),3(0)], numOfContainers=3, numOfBlocks=553
2019-06-15 10:53:40,077 INFO  commandhandler.DeleteBlocksCommandHandler (DeleteBlocksCommandHandler.java:handle(106)) - Start to delete container blocks, TXIDs=[1(0),2(0),3(0)], numOfContainers=3, numOfBlocks=553
2019-06-15 10:53:40,078 INFO  commandhandler.DeleteBlocksCommandHandler (DeleteBlocksCommandHandler.java:handle(106)) - Start to delete container blocks, TXIDs=[1(0),2(0),3(0)], numOfContainers=3, numOfBlocks=553
2019-06-15 10:53:40,078 INFO  impl.LeaderElection (LeaderElection.java:askForVotes(181)) - 325d518f-bf0d-428a-814f-266b27e759e4:group-24E41496DF7A:LeaderElection3: begin an election at term 1 for -1: [325d518f-bf0d-428a-814f-266b27e759e4:192.168.134.89:37167], old=null
2019-06-15 10:53:40,079 INFO  impl.RoleInfo (RoleInfo.java:shutdownLeaderElection(134)) - 325d518f-bf0d-428a-814f-266b27e759e4: shutdown LeaderElection
2019-06-15 10:53:40,079 INFO  impl.RaftServerImpl (RaftServerImpl.java:setRole(164)) - 325d518f-bf0d-428a-814f-266b27e759e4:group-24E41496DF7A changes role from CANDIDATE to LEADER at term 1 for changeToLeader
2019-06-15 10:53:40,079 INFO  impl.RaftServerImpl (ServerState.java:setLeader(263)) - 325d518f-bf0d-428a-814f-266b27e759e4:group-24E41496DF7A change Leader from null to 325d518f-bf0d-428a-814f-266b27e759e4 at term 1 for becomeLeader, leader elected after 1239ms
2019-06-15 10:53:40,079 INFO  server.RaftServerConfigKeys (ConfUtils.java:logGet(43)) - raft.server.staging.catchup.gap = 1000 (default)
2019-06-15 10:53:40,080 INFO  server.RaftServerConfigKeys (ConfUtils.java:logGet(43)) - raft.server.rpc.sleep.time = 25ms (default)
2019-06-15 10:53:40,080 INFO  server.RaftServerConfigKeys (ConfUtils.java:logGet(43)) - raft.server.watch.timeout = 10s (default)
2019-06-15 10:53:40,080 INFO  server.RaftServerConfigKeys (ConfUtils.java:logGet(43)) - raft.server.watch.timeout.denomination = 1s (default)
2019-06-15 10:53:40,080 INFO  impl.RoleInfo (RoleInfo.java:updateAndGet(143)) - 325d518f-bf0d-428a-814f-266b27e759e4: start LeaderState
2019-06-15 10:53:40,080 INFO  storage.RaftLogWorker (RaftLogWorker.java:startLogSegment(298)) - 325d518f-bf0d-428a-814f-266b27e759e4-RaftLogWorker: Starting segment from index:0
2019-06-15 10:53:40,080 INFO  impl.RaftServerImpl (ServerState.java:setRaftConf(361)) - 325d518f-bf0d-428a-814f-266b27e759e4:group-24E41496DF7A set configuration 0: [325d518f-bf0d-428a-814f-266b27e759e4:192.168.134.89:37167], old=null at 0
2019-06-15 10:53:40,080 INFO  commandhandler.DeleteBlocksCommandHandler (DeleteBlocksCommandHandler.java:handle(106)) - Start to delete container blocks, TXIDs=[1(0),2(0),3(0)], numOfContainers=3, numOfBlocks=553
2019-06-15 10:53:40,081 INFO  commandhandler.DeleteBlocksCommandHandler (DeleteBlocksCommandHandler.java:handle(106)) - Start to delete container blocks, TXIDs=[1(0),2(0),3(0)], numOfContainers=3, numOfBlocks=553
2019-06-15 10:53:40,081 INFO  commands.RetriableDatanodeEventWatcher (RetriableDatanodeEventWatcher.java:onTimeout(47)) - RetriableDatanodeCommand type=deleteBlocksCommand with id=1560596009444 timed out. Retrying.
2019-06-15 10:53:40,081 INFO  commandhandler.DeleteBlocksCommandHandler (DeleteBlocksCommandHandler.java:handle(106)) - Start to delete container blocks, TXIDs=[1(0),2(0),3(0)], numOfContainers=3, numOfBlocks=553
2019-06-15 10:53:40,082 INFO  commandhandler.DeleteBlocksCommandHandler (DeleteBlocksCommandHandler.java:handle(106)) - Start to delete container blocks, TXIDs=[1(0),2(0),3(0)], numOfContainers=3, numOfBlocks=553
2019-06-15 10:53:40,083 INFO  commandhandler.DeleteBlocksCommandHandler (DeleteBlocksCommandHandler.java:handle(106)) - Start to delete container blocks, TXIDs=[1(0),2(0),3(0)], numOfContainers=3, numOfBlocks=553
2019-06-15 10:53:40,084 INFO  commandhandler.DeleteBlocksCommandHandler (DeleteBlocksCommandHandler.java:handle(106)) - Start to delete container blocks, TXIDs=[1(0),2(0),3(0)], numOfContainers=3, numOfBlocks=553
2019-06-15 10:53:40,085 INFO  commandhandler.DeleteBlocksCommandHandler (DeleteBlocksCommandHandler.java:handle(106)) - Start to delete container blocks, TXIDs=[1(0),2(0),3(0)], numOfContainers=3, numOfBlocks=553
2019-06-15 10:53:40,086 INFO  commandhandler.DeleteBlocksCommandHandler (DeleteBlocksCommandHandler.java:handle(106)) - Start to delete container blocks, TXIDs=[1(0),2(0),3(0)], numOfContainers=3, numOfBlocks=553
2019-06-15 10:53:40,102 DEBUG block.SCMBlockDeletingService (SCMBlockDeletingService.java:call(138)) - Running DeletedBlockTransactionScanner
2019-06-15 10:53:40,102 DEBUG block.SCMBlockDeletingService (SCMBlockDeletingService.java:call(155)) - Scanned deleted blocks log and got 0 delTX to process.
2019-06-15 10:53:40,103 WARN  block.DeletedBlockLogImpl (DeletedBlockLogImpl.java:incrementCount(141)) - Deleted TXID not found.
2019-06-15 10:53:40,103 WARN  block.DeletedBlockLogImpl (DeletedBlockLogImpl.java:incrementCount(141)) - Deleted TXID not found.
2019-06-15 10:53:40,103 WARN  events.EventWatcher (EventWatcher.java:lambda$start$0(110)) - Completion event without active lease. Id=1560596009391
2019-06-15 10:53:40,103 WARN  events.EventWatcher (EventWatcher.java:lambda$start$0(110)) - Completion event without active lease. Id=1560596009382
2019-06-15 10:53:40,104 WARN  events.EventWatcher (EventWatcher.java:lambda$start$0(110)) - Completion event without active lease. Id=1560596009381
2019-06-15 10:53:40,104 WARN  events.EventWatcher (EventWatcher.java:lambda$start$0(110)) - Completion event without active lease. Id=1560596009402
2019-06-15 10:53:40,104 WARN  events.EventWatcher (EventWatcher.java:lambda$start$0(110)) - Completion event without active lease. Id=1560596009401
2019-06-15 10:53:40,104 WARN  events.EventWatcher (EventWatcher.java:lambda$start$0(110)) - Completion event without active lease. Id=1560596009392
2019-06-15 10:53:40,104 WARN  events.EventWatcher (EventWatcher.java:lambda$start$0(110)) - Completion event without active lease. Id=1560596009352
2019-06-15 10:53:40,104 WARN  events.EventWatcher (EventWatcher.java:lambda$start$0(110)) - Completion event without active lease. Id=1560596009353
2019-06-15 10:53:40,104 WARN  events.EventWatcher (EventWatcher.java:lambda$start$0(110)) - Completion event without active lease. Id=1560596009372
2019-06-15 10:53:40,104 WARN  events.EventWatcher (EventWatcher.java:lambda$start$0(110)) - Completion event without active lease. Id=1560596009373
2019-06-15 10:53:40,104 WARN  events.EventWatcher (EventWatcher.java:lambda$start$0(110)) - Completion event without active lease. Id=1560596009362
2019-06-15 10:53:40,104 WARN  events.EventWatcher (EventWatcher.java:lambda$start$0(110)) - Completion event without active lease. Id=1560596009363
2019-06-15 10:53:40,103 WARN  block.DeletedBlockLogImpl (DeletedBlockLogImpl.java:incrementCount(141)) - Deleted TXID not found.
2019-06-15 10:53:40,104 WARN  block.DeletedBlockLogImpl (DeletedBlockLogImpl.java:incrementCount(141)) - Deleted TXID not found.
2019-06-15 10:53:40,104 WARN  block.DeletedBlockLogImpl (DeletedBlockLogImpl.java:incrementCount(141)) - Deleted TXID not found.
2019-06-15 10:53:40,104 WARN  block.DeletedBlockLogImpl (DeletedBlockLogImpl.java:incrementCount(141)) - Deleted TXID not found.
2019-06-15 10:53:40,104 WARN  block.DeletedBlockLogImpl (DeletedBlockLogImpl.java:incrementCount(141)) - Deleted TXID not found.
2019-06-15 10:53:40,105 WARN  block.DeletedBlockLogImpl (DeletedBlockLogImpl.java:incrementCount(141)) - Deleted TXID not found.
2019-06-15 10:53:40,105 WARN  block.DeletedBlockLogImpl (DeletedBlockLogImpl.java:incrementCount(141)) - Deleted TXID not found.
2019-06-15 10:53:40,105 WARN  block.DeletedBlockLogImpl (DeletedBlockLogImpl.java:incrementCount(141)) - Deleted TXID not found.
2019-06-15 10:53:40,105 WARN  block.DeletedBlockLogImpl (DeletedBlockLogImpl.java:incrementCount(141)) - Deleted TXID not found.
2019-06-15 10:53:40,105 WARN  block.DeletedBlockLogImpl (DeletedBlockLogImpl.java:incrementCount(141)) - Deleted TXID not found.
2019-06-15 10:53:40,105 DEBUG block.DeletedBlockLogImpl (DeletedBlockLogImpl.java:isTransactionFailed(245)) - Got block deletion ACK from datanode, TXIDs=1, success=true
2019-06-15 10:53:40,105 WARN  block.DeletedBlockLogImpl (DeletedBlockLogImpl.java:commitTransactions(205)) - Transaction txId=1 commit by dnId=325d518f-bf0d-428a-814f-266b27e759e4 for containerID=#1 failed. Corresponding entry not found.
2019-06-15 10:53:40,105 WARN  block.DeletedBlockLogImpl (DeletedBlockLogImpl.java:incrementCount(141)) - Deleted TXID not found.
2019-06-15 10:53:40,105 WARN  block.DeletedBlockLogImpl (DeletedBlockLogImpl.java:incrementCount(141)) - Deleted TXID not found.
2019-06-15 10:53:40,105 WARN  block.DeletedBlockLogImpl (DeletedBlockLogImpl.java:incrementCount(141)) - Deleted TXID not found.
2019-06-15 10:53:40,105 WARN  block.DeletedBlockLogImpl (DeletedBlockLogImpl.java:incrementCount(141)) - Deleted TXID not found.
2019-06-15 10:53:40,105 WARN  block.DeletedBlockLogImpl (DeletedBlockLogImpl.java:incrementCount(141)) - Deleted TXID not found.
2019-06-15 10:53:40,106 WARN  block.DeletedBlockLogImpl (DeletedBlockLogImpl.java:incrementCount(141)) - Deleted TXID not found.
2019-06-15 10:53:40,106 WARN  block.DeletedBlockLogImpl (DeletedBlockLogImpl.java:incrementCount(141)) - Deleted TXID not found.
2019-06-15 10:53:40,106 WARN  block.DeletedBlockLogImpl (DeletedBlockLogImpl.java:incrementCount(141)) - Deleted TXID not found.
2019-06-15 10:53:40,106 WARN  block.DeletedBlockLogImpl (DeletedBlockLogImpl.java:incrementCount(141)) - Deleted TXID not found.
2019-06-15 10:53:40,106 WARN  block.DeletedBlockLogImpl (DeletedBlockLogImpl.java:incrementCount(141)) - Deleted TXID not found.
2019-06-15 10:53:40,106 WARN  block.DeletedBlockLogImpl (DeletedBlockLogImpl.java:incrementCount(141)) - Deleted TXID not found.
2019-06-15 10:53:40,106 WARN  block.DeletedBlockLogImpl (DeletedBlockLogImpl.java:incrementCount(141)) - Deleted TXID not found.
2019-06-15 10:53:40,106 WARN  block.DeletedBlockLogImpl (DeletedBlockLogImpl.java:incrementCount(141)) - Deleted TXID not found.
2019-06-15 10:53:40,106 WARN  block.DeletedBlockLogImpl (DeletedBlockLogImpl.java:incrementCount(141)) - Deleted TXID not found.
2019-06-15 10:53:40,106 WARN  block.DeletedBlockLogImpl (DeletedBlockLogImpl.java:incrementCount(141)) - Deleted TXID not found.
2019-06-15 10:53:40,106 DEBUG block.DeletedBlockLogImpl (DeletedBlockLogImpl.java:isTransactionFailed(245)) - Got block deletion ACK from datanode, TXIDs=1, success=true
2019-06-15 10:53:40,106 WARN  block.DeletedBlockLogImpl (DeletedBlockLogImpl.java:commitTransactions(205)) - Transaction txId=1 commit by dnId=325d518f-bf0d-428a-814f-266b27e759e4 for containerID=#1 failed. Corresponding entry not found.
2019-06-15 10:53:40,107 DEBUG block.DeletedBlockLogImpl (DeletedBlockLogImpl.java:isTransactionFailed(245)) - Got block deletion ACK from datanode, TXIDs=1, success=true
2019-06-15 10:53:40,107 WARN  block.DeletedBlockLogImpl (DeletedBlockLogImpl.java:commitTransactions(205)) - Transaction txId=1 commit by dnId=325d518f-bf0d-428a-814f-266b27e759e4 for containerID=#1 failed. Corresponding entry not found.
2019-06-15 10:53:40,107 DEBUG block.DeletedBlockLogImpl (DeletedBlockLogImpl.java:isTransactionFailed(245)) - Got block deletion ACK from datanode, TXIDs=1, success=true
2019-06-15 10:53:40,107 WARN  block.DeletedBlockLogImpl (DeletedBlockLogImpl.java:commitTransactions(205)) - Transaction txId=1 commit by dnId=325d518f-bf0d-428a-814f-266b27e759e4 for containerID=#1 failed. Corresponding entry not found.
2019-06-15 10:53:40,107 DEBUG block.DeletedBlockLogImpl (DeletedBlockLogImpl.java:isTransactionFailed(245)) - Got block deletion ACK from datanode, TXIDs=1, success=true
2019-06-15 10:53:40,107 WARN  block.DeletedBlockLogImpl (DeletedBlockLogImpl.java:commitTransactions(205)) - Transaction txId=1 commit by dnId=325d518f-bf0d-428a-814f-266b27e759e4 for containerID=#1 failed. Corresponding entry not found.
2019-06-15 10:53:40,107 DEBUG block.DeletedBlockLogImpl (DeletedBlockLogImpl.java:isTransactionFailed(245)) - Got block deletion ACK from datanode, TXIDs=1, success=true
2019-06-15 10:53:40,107 WARN  block.DeletedBlockLogImpl (DeletedBlockLogImpl.java:commitTransactions(205)) - Transaction txId=1 commit by dnId=325d518f-bf0d-428a-814f-266b27e759e4 for containerID=#1 failed. Corresponding entry not found.
2019-06-15 10:53:40,107 DEBUG block.DeletedBlockLogImpl (DeletedBlockLogImpl.java:isTransactionFailed(245)) - Got block deletion ACK from datanode, TXIDs=1, success=true
2019-06-15 10:53:40,107 WARN  block.DeletedBlockLogImpl (DeletedBlockLogImpl.java:commitTransactions(205)) - Transaction txId=1 commit by dnId=325d518f-bf0d-428a-814f-266b27e759e4 for containerID=#1 failed. Corresponding entry not found.
2019-06-15 10:53:40,107 DEBUG block.DeletedBlockLogImpl (DeletedBlockLogImpl.java:isTransactionFailed(245)) - Got block deletion ACK from datanode, TXIDs=1, success=true
2019-06-15 10:53:40,107 WARN  block.DeletedBlockLogImpl (DeletedBlockLogImpl.java:commitTransactions(205)) - Transaction txId=1 commit by dnId=325d518f-bf0d-428a-814f-266b27e759e4 for containerID=#1 failed. Corresponding entry not found.
2019-06-15 10:53:40,107 DEBUG block.DeletedBlockLogImpl (DeletedBlockLogImpl.java:isTransactionFailed(245)) - Got block deletion ACK from datanode, TXIDs=1, success=true
2019-06-15 10:53:40,107 WARN  block.DeletedBlockLogImpl (DeletedBlockLogImpl.java:commitTransactions(205)) - Transaction txId=1 commit by dnId=325d518f-bf0d-428a-814f-266b27e759e4 for containerID=#1 failed. Corresponding entry not found.
2019-06-15 10:53:40,107 DEBUG block.DeletedBlockLogImpl (DeletedBlockLogImpl.java:isTransactionFailed(245)) - Got block deletion ACK from datanode, TXIDs=1, success=true
2019-06-15 10:53:40,107 WARN  block.DeletedBlockLogImpl (DeletedBlockLogImpl.java:commitTransactions(205)) - Transaction txId=1 commit by dnId=325d518f-bf0d-428a-814f-266b27e759e4 for containerID=#1 failed. Corresponding entry not found.
2019-06-15 10:53:40,108 DEBUG block.DeletedBlockLogImpl (DeletedBlockLogImpl.java:isTransactionFailed(245)) - Got block deletion ACK from datanode, TXIDs=1, success=true
2019-06-15 10:53:40,108 WARN  block.DeletedBlockLogImpl (DeletedBlockLogImpl.java:commitTransactions(205)) - Transaction txId=1 commit by dnId=325d518f-bf0d-428a-814f-266b27e759e4 for containerID=#1 failed. Corresponding entry not found.
2019-06-15 10:53:40,108 DEBUG block.DeletedBlockLogImpl (DeletedBlockLogImpl.java:isTransactionFailed(245)) - Got block deletion ACK from datanode, TXIDs=1, success=true
2019-06-15 10:53:40,108 WARN  block.DeletedBlockLogImpl (DeletedBlockLogImpl.java:commitTransactions(205)) - Transaction txId=1 commit by dnId=325d518f-bf0d-428a-814f-266b27e759e4 for containerID=#1 failed. Corresponding entry not found.
2019-06-15 10:53:40,108 DEBUG block.DeletedBlockLogImpl (DeletedBlockLogImpl.java:isTransactionFailed(245)) - Got block deletion ACK from datanode, TXIDs=1, success=true
2019-06-15 10:53:40,108 WARN  block.DeletedBlockLogImpl (DeletedBlockLogImpl.java:commitTransactions(205)) - Transaction txId=1 commit by dnId=325d518f-bf0d-428a-814f-266b27e759e4 for containerID=#1 failed. Corresponding entry not found.
2019-06-15 10:53:40,108 DEBUG block.DeletedBlockLogImpl (DeletedBlockLogImpl.java:isTransactionFailed(245)) - Got block deletion ACK from datanode, TXIDs=1, success=true
2019-06-15 10:53:40,108 WARN  block.DeletedBlockLogImpl (DeletedBlockLogImpl.java:commitTransactions(205)) - Transaction txId=1 commit by dnId=325d518f-bf0d-428a-814f-266b27e759e4 for containerID=#1 failed. Corresponding entry not found.
2019-06-15 10:53:40,108 DEBUG block.DeletedBlockLogImpl (DeletedBlockLogImpl.java:isTransactionFailed(245)) - Got block deletion ACK from datanode, TXIDs=1, success=true
2019-06-15 10:53:40,108 WARN  block.DeletedBlockLogImpl (DeletedBlockLogImpl.java:commitTransactions(205)) - Transaction txId=1 commit by dnId=325d518f-bf0d-428a-814f-266b27e759e4 for containerID=#1 failed. Corresponding entry not found.
2019-06-15 10:53:40,108 DEBUG block.DeletedBlockLogImpl (DeletedBlockLogImpl.java:isTransactionFailed(245)) - Got block deletion ACK from datanode, TXIDs=1, success=true
2019-06-15 10:53:40,108 WARN  block.DeletedBlockLogImpl (DeletedBlockLogImpl.java:commitTransactions(205)) - Transaction txId=1 commit by dnId=325d518f-bf0d-428a-814f-266b27e759e4 for containerID=#1 failed. Corresponding entry not found.
2019-06-15 10:53:40,108 DEBUG block.DeletedBlockLogImpl (DeletedBlockLogImpl.java:isTransactionFailed(245)) - Got block deletion ACK from datanode, TXIDs=1, success=true
2019-06-15 10:53:40,108 WARN  block.DeletedBlockLogImpl (DeletedBlockLogImpl.java:commitTransactions(205)) - Transaction txId=1 commit by dnId=325d518f-bf0d-428a-814f-266b27e759e4 for containerID=#1 failed. Corresponding entry not found.
2019-06-15 10:53:40,108 DEBUG block.DeletedBlockLogImpl (DeletedBlockLogImpl.java:isTransactionFailed(245)) - Got block deletion ACK from datanode, TXIDs=1, success=true
2019-06-15 10:53:40,108 WARN  block.DeletedBlockLogImpl (DeletedBlockLogImpl.java:commitTransactions(205)) - Transaction txId=1 commit by dnId=325d518f-bf0d-428a-814f-266b27e759e4 for containerID=#1 failed. Corresponding entry not found.
2019-06-15 10:53:40,108 DEBUG block.DeletedBlockLogImpl (DeletedBlockLogImpl.java:isTransactionFailed(245)) - Got block deletion ACK from datanode, TXIDs=1, success=true
2019-06-15 10:53:40,108 WARN  block.DeletedBlockLogImpl (DeletedBlockLogImpl.java:commitTransactions(205)) - Transaction txId=1 commit by dnId=325d518f-bf0d-428a-814f-266b27e759e4 for containerID=#1 failed. Corresponding entry not found.
2019-06-15 10:53:40,109 DEBUG block.DeletedBlockLogImpl (DeletedBlockLogImpl.java:isTransactionFailed(245)) - Got block deletion ACK from datanode, TXIDs=1, success=true
2019-06-15 10:53:40,109 WARN  block.DeletedBlockLogImpl (DeletedBlockLogImpl.java:commitTransactions(205)) - Transaction txId=1 commit by dnId=325d518f-bf0d-428a-814f-266b27e759e4 for containerID=#1 failed. Corresponding entry not found.
2019-06-15 10:53:40,109 DEBUG block.DeletedBlockLogImpl (DeletedBlockLogImpl.java:isTransactionFailed(245)) - Got block deletion ACK from datanode, TXIDs=1, success=true
2019-06-15 10:53:40,109 WARN  block.DeletedBlockLogImpl (DeletedBlockLogImpl.java:commitTransactions(205)) - Transaction txId=1 commit by dnId=325d518f-bf0d-428a-814f-266b27e759e4 for containerID=#1 failed. Corresponding entry not found.
2019-06-15 10:53:40,109 DEBUG block.DeletedBlockLogImpl (DeletedBlockLogImpl.java:isTransactionFailed(245)) - Got block deletion ACK from datanode, TXIDs=1, success=true
2019-06-15 10:53:40,109 WARN  block.DeletedBlockLogImpl (DeletedBlockLogImpl.java:commitTransactions(205)) - Transaction txId=1 commit by dnId=325d518f-bf0d-428a-814f-266b27e759e4 for containerID=#1 failed. Corresponding entry not found.
2019-06-15 10:53:40,109 DEBUG block.DeletedBlockLogImpl (DeletedBlockLogImpl.java:isTransactionFailed(245)) - Got block deletion ACK from datanode, TXIDs=1, success=true
2019-06-15 10:53:40,109 WARN  block.DeletedBlockLogImpl (DeletedBlockLogImpl.java:commitTransactions(205)) - Transaction txId=1 commit by dnId=325d518f-bf0d-428a-814f-266b27e759e4 for containerID=#1 failed. Corresponding entry not found.
2019-06-15 10:53:40,109 DEBUG block.DeletedBlockLogImpl (DeletedBlockLogImpl.java:isTransactionFailed(245)) - Got block deletion ACK from datanode, TXIDs=1, success=true
2019-06-15 10:53:40,109 WARN  block.DeletedBlockLogImpl (DeletedBlockLogImpl.java:commitTransactions(205)) - Transaction txId=1 commit by dnId=325d518f-bf0d-428a-814f-266b27e759e4 for containerID=#1 failed. Corresponding entry not found.
2019-06-15 10:53:40,109 DEBUG block.DeletedBlockLogImpl (DeletedBlockLogImpl.java:isTransactionFailed(245)) - Got block deletion ACK from datanode, TXIDs=1, success=true
2019-06-15 10:53:40,109 WARN  block.DeletedBlockLogImpl (DeletedBlockLogImpl.java:commitTransactions(205)) - Transaction txId=1 commit by dnId=325d518f-bf0d-428a-814f-266b27e759e4 for containerID=#1 failed. Corresponding entry not found.
2019-06-15 10:53:40,109 DEBUG block.DeletedBlockLogImpl (DeletedBlockLogImpl.java:isTransactionFailed(245)) - Got block deletion ACK from datanode, TXIDs=1, success=true
2019-06-15 10:53:40,109 WARN  block.DeletedBlockLogImpl (DeletedBlockLogImpl.java:commitTransactions(205)) - Transaction txId=1 commit by dnId=325d518f-bf0d-428a-814f-266b27e759e4 for containerID=#1 failed. Corresponding entry not found.
2019-06-15 10:53:40,109 DEBUG block.DeletedBlockLogImpl (DeletedBlockLogImpl.java:isTransactionFailed(245)) - Got block deletion ACK from datanode, TXIDs=1, success=true
2019-06-15 10:53:40,109 WARN  block.DeletedBlockLogImpl (DeletedBlockLogImpl.java:commitTransactions(205)) - Transaction txId=1 commit by dnId=325d518f-bf0d-428a-814f-266b27e759e4 for containerID=#1 failed. Corresponding entry not found.
2019-06-15 10:53:40,109 DEBUG block.DeletedBlockLogImpl (DeletedBlockLogImpl.java:isTransactionFailed(245)) - Got block deletion ACK from datanode, TXIDs=1, success=true
2019-06-15 10:53:40,110 WARN  block.DeletedBlockLogImpl (DeletedBlockLogImpl.java:commitTransactions(205)) - Transaction txId=1 commit by dnId=325d518f-bf0d-428a-814f-266b27e759e4 for containerID=#1 failed. Corresponding entry not found.
2019-06-15 10:53:40,110 DEBUG block.DeletedBlockLogImpl (DeletedBlockLogImpl.java:isTransactionFailed(245)) - Got block deletion ACK from datanode, TXIDs=1, success=true
2019-06-15 10:53:40,110 WARN  block.DeletedBlockLogImpl (DeletedBlockLogImpl.java:commitTransactions(205)) - Transaction txId=1 commit by dnId=325d518f-bf0d-428a-814f-266b27e759e4 for containerID=#1 failed. Corresponding entry not found.
2019-06-15 10:53:40,110 DEBUG block.DeletedBlockLogImpl (DeletedBlockLogImpl.java:isTransactionFailed(245)) - Got block deletion ACK from datanode, TXIDs=1, success=true
2019-06-15 10:53:40,110 WARN  block.DeletedBlockLogImpl (DeletedBlockLogImpl.java:commitTransactions(205)) - Transaction txId=1 commit by dnId=325d518f-bf0d-428a-814f-266b27e759e4 for containerID=#1 failed. Corresponding entry not found.
2019-06-15 10:53:40,111 DEBUG block.DeletedBlockLogImpl (DeletedBlockLogImpl.java:isTransactionFailed(245)) - Got block deletion ACK from datanode, TXIDs=1, success=true
2019-06-15 10:53:40,111 WARN  block.DeletedBlockLogImpl (DeletedBlockLogImpl.java:commitTransactions(205)) - Transaction txId=1 commit by dnId=325d518f-bf0d-428a-814f-266b27e759e4 for containerID=#1 failed. Corresponding entry not found.
2019-06-15 10:53:40,111 DEBUG block.DeletedBlockLogImpl (DeletedBlockLogImpl.java:isTransactionFailed(245)) - Got block deletion ACK from datanode, TXIDs=1, success=true
2019-06-15 10:53:40,111 WARN  block.DeletedBlockLogImpl (DeletedBlockLogImpl.java:commitTransactions(205)) - Transaction txId=1 commit by dnId=325d518f-bf0d-428a-814f-266b27e759e4 for containerID=#1 failed. Corresponding entry not found.
2019-06-15 10:53:40,113 INFO  commandhandler.DeleteBlocksCommandHandler (DeleteBlocksCommandHandler.java:handle(106)) - Start to delete container blocks, TXIDs=[1(0),2(0),3(0)], numOfContainers=3, numOfBlocks=553
2019-06-15 10:53:40,114 INFO  commandhandler.DeleteBlocksCommandHandler (DeleteBlocksCommandHandler.java:handle(106)) - Start to delete container blocks, TXIDs=[1(0),2(0),3(0)], numOfContainers=3, numOfBlocks=553
2019-06-15 10:53:40,114 INFO  commandhandler.DeleteBlocksCommandHandler (DeleteBlocksCommandHandler.java:handle(106)) - Start to delete container blocks, TXIDs=[1(0),2(0),3(0)], numOfContainers=3, numOfBlocks=553
2019-06-15 10:53:40,115 INFO  commandhandler.DeleteBlocksCommandHandler (DeleteBlocksCommandHandler.java:handle(106)) - Start to delete container blocks, TXIDs=[1(0),2(0),3(0)], numOfContainers=3, numOfBlocks=553
2019-06-15 10:53:40,109 INFO  background.BlockDeletingService (BlockDeletingService.java:call(246)) - Container: 1, deleted blocks: 185, task elapsed time: 323ms
2019-06-15 10:53:40,116 INFO  commandhandler.DeleteBlocksCommandHandler (DeleteBlocksCommandHandler.java:handle(106)) - Start to delete container blocks, TXIDs=[1(0),2(0),3(0)], numOfContainers=3, numOfBlocks=553
2019-06-15 10:53:40,116 INFO  commandhandler.DeleteBlocksCommandHandler (DeleteBlocksCommandHandler.java:handle(106)) - Start to delete container blocks, TXIDs=[1(0),2(0),3(0)], numOfContainers=3, numOfBlocks=553
2019-06-15 10:53:40,117 INFO  commandhandler.DeleteBlocksCommandHandler (DeleteBlocksCommandHandler.java:handle(106)) - Start to delete container blocks, TXIDs=[1(0),2(0),3(0)], numOfContainers=3, numOfBlocks=553
2019-06-15 10:53:40,117 INFO  commandhandler.DeleteBlocksCommandHandler (DeleteBlocksCommandHandler.java:handle(106)) - Start to delete container blocks, TXIDs=[1(0),2(0),3(0)], numOfContainers=3, numOfBlocks=553
2019-06-15 10:53:40,118 INFO  commandhandler.DeleteBlocksCommandHandler (DeleteBlocksCommandHandler.java:handle(106)) - Start to delete container blocks, TXIDs=[1(0),2(0),3(0)], numOfContainers=3, numOfBlocks=553
2019-06-15 10:53:40,119 INFO  commandhandler.DeleteBlocksCommandHandler (DeleteBlocksCommandHandler.java:handle(106)) - Start to delete container blocks, TXIDs=[1(0),2(0),3(0)], numOfContainers=3, numOfBlocks=553
2019-06-15 10:53:40,119 INFO  commandhandler.DeleteBlocksCommandHandler (DeleteBlocksCommandHandler.java:handle(106)) - Start to delete container blocks, TXIDs=[1(0),2(0),3(0)], numOfContainers=3, numOfBlocks=553
2019-06-15 10:53:40,120 INFO  commandhandler.DeleteBlocksCommandHandler (DeleteBlocksCommandHandler.java:handle(106)) - Start to delete container blocks, TXIDs=[1(0),2(0),3(0)], numOfContainers=3, numOfBlocks=553
2019-06-15 10:53:40,120 INFO  commandhandler.DeleteBlocksCommandHandler (DeleteBlocksCommandHandler.java:handle(106)) - Start to delete container blocks, TXIDs=[1(0),2(0),3(0)], numOfContainers=3, numOfBlocks=553
2019-06-15 10:53:40,121 INFO  commandhandler.DeleteBlocksCommandHandler (DeleteBlocksCommandHandler.java:handle(106)) - Start to delete container blocks, TXIDs=[1(0),2(0),3(0)], numOfContainers=3, numOfBlocks=553
2019-06-15 10:53:40,121 INFO  commandhandler.DeleteBlocksCommandHandler (DeleteBlocksCommandHandler.java:handle(106)) - Start to delete container blocks, TXIDs=[1(0),2(0),3(0)], numOfContainers=3, numOfBlocks=553
2019-06-15 10:53:40,122 INFO  commandhandler.DeleteBlocksCommandHandler (DeleteBlocksCommandHandler.java:handle(106)) - Start to delete container blocks, TXIDs=[1(0),2(0),3(0)], numOfContainers=3, numOfBlocks=553
2019-06-15 10:53:40,123 INFO  commandhandler.DeleteBlocksCommandHandler (DeleteBlocksCommandHandler.java:handle(106)) - Start to delete container blocks, TXIDs=[1(0),2(0),3(0)], numOfContainers=3, numOfBlocks=553
2019-06-15 10:53:40,123 INFO  commandhandler.DeleteBlocksCommandHandler (DeleteBlocksCommandHandler.java:handle(106)) - Start to delete container blocks, TXIDs=[1(0),2(0),3(0)], numOfContainers=3, numOfBlocks=553
2019-06-15 10:53:40,124 INFO  commandhandler.DeleteBlocksCommandHandler (DeleteBlocksCommandHandler.java:handle(106)) - Start to delete container blocks, TXIDs=[1(0),2(0),3(0)], numOfContainers=3, numOfBlocks=553
2019-06-15 10:53:40,124 INFO  commandhandler.DeleteBlocksCommandHandler (DeleteBlocksCommandHandler.java:handle(106)) - Start to delete container blocks, TXIDs=[1(0),2(0),3(0)], numOfContainers=3, numOfBlocks=553
2019-06-15 10:53:40,125 INFO  commandhandler.DeleteBlocksCommandHandler (DeleteBlocksCommandHandler.java:handle(106)) - Start to delete container blocks, TXIDs=[1(0),2(0),3(0)], numOfContainers=3, numOfBlocks=553
2019-06-15 10:53:40,126 INFO  commandhandler.DeleteBlocksCommandHandler (DeleteBlocksCommandHandler.java:handle(106)) - Start to delete container blocks, TXIDs=[1(0),2(0),3(0)], numOfContainers=3, numOfBlocks=553
2019-06-15 10:53:40,126 INFO  commandhandler.DeleteBlocksCommandHandler (DeleteBlocksCommandHandler.java:handle(106)) - Start to delete container blocks, TXIDs=[1(0),2(0),3(0)], numOfContainers=3, numOfBlocks=553
2019-06-15 10:53:40,127 INFO  commandhandler.DeleteBlocksCommandHandler (DeleteBlocksCommandHandler.java:handle(106)) - Start to delete container blocks, TXIDs=[1(0),2(0),3(0)], numOfContainers=3, numOfBlocks=553
2019-06-15 10:53:40,128 INFO  commandhandler.DeleteBlocksCommandHandler (DeleteBlocksCommandHandler.java:handle(106)) - Start to delete container blocks, TXIDs=[1(0),2(0),3(0)], numOfContainers=3, numOfBlocks=553
2019-06-15 10:53:40,129 INFO  commandhandler.DeleteBlocksCommandHandler (DeleteBlocksCommandHandler.java:handle(106)) - Start to delete container blocks, TXIDs=[1(0),2(0),3(0)], numOfContainers=3, numOfBlocks=553
2019-06-15 10:53:40,129 INFO  commandhandler.DeleteBlocksCommandHandler (DeleteBlocksCommandHandler.java:handle(106)) - Start to delete container blocks, TXIDs=[1(0),2(0),3(0)], numOfContainers=3, numOfBlocks=553
2019-06-15 10:53:40,130 INFO  commandhandler.DeleteBlocksCommandHandler (DeleteBlocksCommandHandler.java:handle(106)) - Start to delete container blocks, TXIDs=[1(0),2(0),3(0)], numOfContainers=3, numOfBlocks=553
2019-06-15 10:53:40,131 INFO  commandhandler.DeleteBlocksCommandHandler (DeleteBlocksCommandHandler.java:handle(106)) - Start to delete container blocks, TXIDs=[1(0),2(0),3(0)], numOfContainers=3, numOfBlocks=553
2019-06-15 10:53:40,132 INFO  commandhandler.DeleteBlocksCommandHandler (DeleteBlocksCommandHandler.java:handle(106)) - Start to delete container blocks, TXIDs=[1(0),2(0),3(0)], numOfContainers=3, numOfBlocks=553
2019-06-15 10:53:40,132 INFO  commandhandler.DeleteBlocksCommandHandler (DeleteBlocksCommandHandler.java:handle(106)) - Start to delete container blocks, TXIDs=[1(0),2(0),3(0)], numOfContainers=3, numOfBlocks=553
2019-06-15 10:53:40,133 INFO  commandhandler.DeleteBlocksCommandHandler (DeleteBlocksCommandHandler.java:handle(106)) - Start to delete container blocks, TXIDs=[1(0),2(0),3(0)], numOfContainers=3, numOfBlocks=553
2019-06-15 10:53:40,133 INFO  commandhandler.DeleteBlocksCommandHandler (DeleteBlocksCommandHandler.java:handle(106)) - Start to delete container blocks, TXIDs=[1(0),2(0),3(0)], numOfContainers=3, numOfBlocks=553
2019-06-15 10:53:40,134 INFO  commandhandler.DeleteBlocksCommandHandler (DeleteBlocksCommandHandler.java:handle(106)) - Start to delete container blocks, TXIDs=[1(0),2(0),3(0)], numOfContainers=3, numOfBlocks=553
2019-06-15 10:53:40,134 INFO  commandhandler.DeleteBlocksCommandHandler (DeleteBlocksCommandHandler.java:handle(106)) - Start to delete container blocks, TXIDs=[1(0),2(0),3(0)], numOfContainers=3, numOfBlocks=553
2019-06-15 10:53:40,135 INFO  commandhandler.DeleteBlocksCommandHandler (DeleteBlocksCommandHandler.java:handle(106)) - Start to delete container blocks, TXIDs=[1(0),2(0),3(0)], numOfContainers=3, numOfBlocks=553
2019-06-15 10:53:40,135 INFO  commandhandler.DeleteBlocksCommandHandler (DeleteBlocksCommandHandler.java:handle(106)) - Start to delete container blocks, TXIDs=[1(0),2(0),3(0)], numOfContainers=3, numOfBlocks=553
2019-06-15 10:53:40,136 INFO  commandhandler.DeleteBlocksCommandHandler (DeleteBlocksCommandHandler.java:handle(106)) - Start to delete container blocks, TXIDs=[1(0),2(0),3(0)], numOfContainers=3, numOfBlocks=553
2019-06-15 10:53:40,137 INFO  commandhandler.DeleteBlocksCommandHandler (DeleteBlocksCommandHandler.java:handle(106)) - Start to delete container blocks, TXIDs=[1(0),2(0),3(0)], numOfContainers=3, numOfBlocks=553
2019-06-15 10:53:40,137 INFO  commandhandler.DeleteBlocksCommandHandler (DeleteBlocksCommandHandler.java:handle(106)) - Start to delete container blocks, TXIDs=[1(0),2(0),3(0)], numOfContainers=3, numOfBlocks=553
2019-06-15 10:53:40,138 INFO  commandhandler.DeleteBlocksCommandHandler (DeleteBlocksCommandHandler.java:handle(106)) - Start to delete container blocks, TXIDs=[1(0),2(0),3(0)], numOfContainers=3, numOfBlocks=553
2019-06-15 10:53:40,138 INFO  commandhandler.DeleteBlocksCommandHandler (DeleteBlocksCommandHandler.java:handle(106)) - Start to delete container blocks, TXIDs=[1(0),2(0),3(0)], numOfContainers=3, numOfBlocks=553
2019-06-15 10:53:40,139 INFO  commandhandler.DeleteBlocksCommandHandler (DeleteBlocksCommandHandler.java:handle(106)) - Start to delete container blocks, TXIDs=[1(0),2(0),3(0)], numOfContainers=3, numOfBlocks=553
2019-06-15 10:53:40,139 INFO  commandhandler.DeleteBlocksCommandHandler (DeleteBlocksCommandHandler.java:handle(106)) - Start to delete container blocks, TXIDs=[1(0),2(0),3(0)], numOfContainers=3, numOfBlocks=553
2019-06-15 10:53:40,140 INFO  commandhandler.DeleteBlocksCommandHandler (DeleteBlocksCommandHandler.java:handle(106)) - Start to delete container blocks, TXIDs=[1(0),2(0),3(0)], numOfContainers=3, numOfBlocks=553
2019-06-15 10:53:40,141 INFO  commandhandler.DeleteBlocksCommandHandler (DeleteBlocksCommandHandler.java:handle(106)) - Start to delete container blocks, TXIDs=[1(0),2(0),3(0)], numOfContainers=3, numOfBlocks=553
2019-06-15 10:53:40,141 INFO  commandhandler.DeleteBlocksCommandHandler (DeleteBlocksCommandHandler.java:handle(106)) - Start to delete container blocks, TXIDs=[1(0),2(0),3(0)], numOfContainers=3, numOfBlocks=553
2019-06-15 10:53:40,142 INFO  commandhandler.DeleteBlocksCommandHandler (DeleteBlocksCommandHandler.java:handle(106)) - Start to delete container blocks, TXIDs=[1(0),2(0),3(0)], numOfContainers=3, numOfBlocks=553
2019-06-15 10:53:40,142 INFO  commandhandler.DeleteBlocksCommandHandler (DeleteBlocksCommandHandler.java:handle(106)) - Start to delete container blocks, TXIDs=[1(0),2(0),3(0)], numOfContainers=3, numOfBlocks=553
2019-06-15 10:53:40,143 INFO  commandhandler.DeleteBlocksCommandHandler (DeleteBlocksCommandHandler.java:handle(106)) - Start to delete container blocks, TXIDs=[1(0),2(0),3(0)], numOfContainers=3, numOfBlocks=553
2019-06-15 10:53:40,143 INFO  commandhandler.DeleteBlocksCommandHandler (DeleteBlocksCommandHandler.java:handle(106)) - Start to delete container blocks, TXIDs=[1(0),2(0),3(0)], numOfContainers=3, numOfBlocks=553
2019-06-15 10:53:40,144 INFO  commandhandler.DeleteBlocksCommandHandler (DeleteBlocksCommandHandler.java:handle(106)) - Start to delete container blocks, TXIDs=[1(0),2(0),3(0)], numOfContainers=3, numOfBlocks=553
2019-06-15 10:53:40,145 INFO  commandhandler.DeleteBlocksCommandHandler (DeleteBlocksCommandHandler.java:handle(106)) - Start to delete container blocks, TXIDs=[1(0),2(0),3(0)], numOfContainers=3, numOfBlocks=553
2019-06-15 10:53:40,145 INFO  commandhandler.DeleteBlocksCommandHandler (DeleteBlocksCommandHandler.java:handle(106)) - Start to delete container blocks, TXIDs=[1(0),2(0),3(0)], numOfContainers=3, numOfBlocks=553
2019-06-15 10:53:40,146 INFO  commandhandler.DeleteBlocksCommandHandler (DeleteBlocksCommandHandler.java:handle(106)) - Start to delete container blocks, TXIDs=[1(0),2(0),3(0)], numOfContainers=3, numOfBlocks=553
2019-06-15 10:53:40,146 INFO  commandhandler.DeleteBlocksCommandHandler (DeleteBlocksCommandHandler.java:handle(106)) - Start to delete container blocks, TXIDs=[1(0),2(0),3(0)], numOfContainers=3, numOfBlocks=553
2019-06-15 10:53:40,147 INFO  commandhandler.DeleteBlocksCommandHandler (DeleteBlocksCommandHandler.java:handle(106)) - Start to delete container blocks, TXIDs=[1(0),2(0),3(0)], numOfContainers=3, numOfBlocks=553
2019-06-15 10:53:40,147 INFO  commandhandler.DeleteBlocksCommandHandler (DeleteBlocksCommandHandler.java:handle(106)) - Start to delete container blocks, TXIDs=[1(0),2(0),3(0)], numOfContainers=3, numOfBlocks=553
2019-06-15 10:53:40,159 INFO  commands.RetriableDatanodeEventWatcher (RetriableDatanodeEventWatcher.java:onTimeout(47)) - RetriableDatanodeCommand type=deleteBlocksCommand with id=1560596009435 timed out. Retrying.
2019-06-15 10:53:40,180 INFO  commandhandler.DeleteBlocksCommandHandler (DeleteBlocksCommandHandler.java:handle(106)) - Start to delete container blocks, TXIDs=[1(0),2(0),3(0)], numOfContainers=3, numOfBlocks=553
2019-06-15 10:53:40,181 INFO  commandhandler.DeleteBlocksCommandHandler (DeleteBlocksCommandHandler.java:handle(106)) - Start to delete container blocks, TXIDs=[1(0),2(0),3(0)], numOfContainers=3, numOfBlocks=553
2019-06-15 10:53:40,182 INFO  commandhandler.DeleteBlocksCommandHandler (DeleteBlocksCommandHandler.java:handle(106)) - Start to delete container blocks, TXIDs=[1(0),2(0),3(0)], numOfContainers=3, numOfBlocks=553
2019-06-15 10:53:40,182 INFO  commandhandler.DeleteBlocksCommandHandler (DeleteBlocksCommandHandler.java:handle(106)) - Start to delete container blocks, TXIDs=[1(0),2(0),3(0)], numOfContainers=3, numOfBlocks=553
2019-06-15 10:53:40,183 INFO  commands.RetriableDatanodeEventWatcher (RetriableDatanodeEventWatcher.java:onTimeout(47)) - RetriableDatanodeCommand type=deleteBlocksCommand with id=1560596009445 timed out. Retrying.
2019-06-15 10:53:40,183 INFO  commandhandler.DeleteBlocksCommandHandler (DeleteBlocksCommandHandler.java:handle(106)) - Start to delete container blocks, TXIDs=[1(0),2(0),3(0)], numOfContainers=3, numOfBlocks=553
2019-06-15 10:53:40,183 INFO  commandhandler.DeleteBlocksCommandHandler (DeleteBlocksCommandHandler.java:handle(106)) - Start to delete container blocks, TXIDs=[1(0),2(0),3(0)], numOfContainers=3, numOfBlocks=553
2019-06-15 10:53:40,184 INFO  commandhandler.DeleteBlocksCommandHandler (DeleteBlocksCommandHandler.java:handle(106)) - Start to delete container blocks, TXIDs=[1(0),2(0),3(0)], numOfContainers=3, numOfBlocks=553
2019-06-15 10:53:40,184 INFO  commandhandler.DeleteBlocksCommandHandler (DeleteBlocksCommandHandler.java:handle(106)) - Start to delete container blocks, TXIDs=[1(0),2(0),3(0)], numOfContainers=3, numOfBlocks=553
2019-06-15 10:53:40,185 INFO  storage.RaftLogWorker (RaftLogWorker.java:execute(469)) - 325d518f-bf0d-428a-814f-266b27e759e4-RaftLogWorker: created new log segment /opt/src/hadoop-ozone/integration-test/target/test-dir/MiniOzoneClusterImpl-dd99cefe-9779-4043-9d74-181b69d2a827/datanode-0/data/ratis/0f94b94e-bc57-49c3-ab8c-24e41496df7a/current/log_inprogress_0
2019-06-15 10:53:40,185 INFO  commandhandler.DeleteBlocksCommandHandler (DeleteBlocksCommandHandler.java:handle(106)) - Start to delete container blocks, TXIDs=[1(0),2(0),3(0)], numOfContainers=3, numOfBlocks=553
2019-06-15 10:53:40,186 INFO  commandhandler.DeleteBlocksCommandHandler (DeleteBlocksCommandHandler.java:handle(106)) - Start to delete container blocks, TXIDs=[1(0),2(0),3(0)], numOfContainers=3, numOfBlocks=553
2019-06-15 10:53:40,186 INFO  commandhandler.DeleteBlocksCommandHandler (DeleteBlocksCommandHandler.java:handle(106)) - Start to delete container blocks, TXIDs=[1(0),2(0),3(0)], numOfContainers=3, numOfBlocks=553
2019-06-15 10:53:40,187 INFO  commandhandler.DeleteBlocksCommandHandler (DeleteBlocksCommandHandler.java:handle(106)) - Start to delete container blocks, TXIDs=[1(0),2(0),3(0)], numOfContainers=3, numOfBlocks=553
2019-06-15 10:53:40,187 INFO  commandhandler.DeleteBlocksCommandHandler (DeleteBlocksCommandHandler.java:handle(106)) - Start to delete container blocks, TXIDs=[1(0),2(0),3(0)], numOfContainers=3, numOfBlocks=553
2019-06-15 10:53:40,188 INFO  commandhandler.DeleteBlocksCommandHandler (DeleteBlocksCommandHandler.java:handle(106)) - Start to delete container blocks, TXIDs=[1(0),2(0),3(0)], numOfContainers=3, numOfBlocks=553
2019-06-15 10:53:40,188 INFO  commandhandler.DeleteBlocksCommandHandler (DeleteBlocksCommandHandler.java:handle(106)) - Start to delete container blocks, TXIDs=[1(0),2(0),3(0)], numOfContainers=3, numOfBlocks=553
2019-06-15 10:53:40,189 INFO  commandhandler.DeleteBlocksCommandHandler (DeleteBlocksCommandHandler.java:handle(106)) - Start to delete container blocks, TXIDs=[1(0),2(0),3(0)], numOfContainers=3, numOfBlocks=553
2019-06-15 10:53:40,189 INFO  commandhandler.DeleteBlocksCommandHandler (DeleteBlocksCommandHandler.java:handle(106)) - Start to delete container blocks, TXIDs=[1(0),2(0),3(0)], numOfContainers=3, numOfBlocks=553
2019-06-15 10:53:40,190 INFO  commandhandler.DeleteBlocksCommandHandler (DeleteBlocksCommandHandler.java:handle(106)) - Start to delete container blocks, TXIDs=[1(0),2(0),3(0)], numOfContainers=3, numOfBlocks=553
2019-06-15 10:53:40,190 INFO  commandhandler.DeleteBlocksCommandHandler (DeleteBlocksCommandHandler.java:handle(106)) - Start to delete container blocks, TXIDs=[1(0),2(0),3(0)], numOfContainers=3, numOfBlocks=553
2019-06-15 10:53:40,191 INFO  commandhandler.DeleteBlocksCommandHandler (DeleteBlocksCommandHandler.java:handle(106)) - Start to delete container blocks, TXIDs=[1(0),2(0),3(0)], numOfContainers=3, numOfBlocks=553
2019-06-15 10:53:40,191 INFO  commandhandler.DeleteBlocksCommandHandler (DeleteBlocksCommandHandler.java:handle(106)) - Start to delete container blocks, TXIDs=[1(0),2(0),3(0)], numOfContainers=3, numOfBlocks=553
2019-06-15 10:53:40,192 INFO  commandhandler.DeleteBlocksCommandHandler (DeleteBlocksCommandHandler.java:handle(106)) - Start to delete container blocks, TXIDs=[1(0),2(0),3(0)], numOfContainers=3, numOfBlocks=553
2019-06-15 10:53:40,193 INFO  commandhandler.DeleteBlocksCommandHandler (DeleteBlocksCommandHandler.java:handle(106)) - Start to delete container blocks, TXIDs=[1(0),2(0),3(0)], numOfContainers=3, numOfBlocks=553
2019-06-15 10:53:40,193 INFO  commandhandler.DeleteBlocksCommandHandler (DeleteBlocksCommandHandler.java:handle(106)) - Start to delete container blocks, TXIDs=[1(0),2(0),3(0)], numOfContainers=3, numOfBlocks=553
2019-06-15 10:53:40,194 INFO  commandhandler.DeleteBlocksCommandHandler (DeleteBlocksCommandHandler.java:handle(106)) - Start to delete container blocks, TXIDs=[1(0),2(0),3(0)], numOfContainers=3, numOfBlocks=553
2019-06-15 10:53:40,195 INFO  commandhandler.DeleteBlocksCommandHandler (DeleteBlocksCommandHandler.java:handle(106)) - Start to delete container blocks, TXIDs=[1(0),2(0),3(0)], numOfContainers=3, numOfBlocks=553
2019-06-15 10:53:40,195 INFO  commandhandler.DeleteBlocksCommandHandler (DeleteBlocksCommandHandler.java:handle(106)) - Start to delete container blocks, TXIDs=[1(0),2(0),3(0)], numOfContainers=3, numOfBlocks=553
2019-06-15 10:53:40,196 INFO  commandhandler.DeleteBlocksCommandHandler (DeleteBlocksCommandHandler.java:handle(106)) - Start to delete container blocks, TXIDs=[1(0),2(0),3(0)], numOfContainers=3, numOfBlocks=553
2019-06-15 10:53:40,196 INFO  commandhandler.DeleteBlocksCommandHandler (DeleteBlocksCommandHandler.java:handle(106)) - Start to delete container blocks, TXIDs=[1(0),2(0),3(0)], numOfContainers=3, numOfBlocks=553
2019-06-15 10:53:40,197 INFO  commandhandler.DeleteBlocksCommandHandler (DeleteBlocksCommandHandler.java:handle(106)) - Start to delete container blocks, TXIDs=[1(0),2(0),3(0)], numOfContainers=3, numOfBlocks=553
2019-06-15 10:53:40,197 INFO  commandhandler.DeleteBlocksCommandHandler (DeleteBlocksCommandHandler.java:handle(106)) - Start to delete container blocks, TXIDs=[1(0),2(0),3(0)], numOfContainers=3, numOfBlocks=553
2019-06-15 10:53:40,198 INFO  commandhandler.DeleteBlocksCommandHandler (DeleteBlocksCommandHandler.java:handle(106)) - Start to delete container blocks, TXIDs=[1(0),2(0),3(0)], numOfContainers=3, numOfBlocks=553
2019-06-15 10:53:40,198 INFO  commandhandler.DeleteBlocksCommandHandler (DeleteBlocksCommandHandler.java:handle(106)) - Start to delete container blocks, TXIDs=[1(0),2(0),3(0)], numOfContainers=3, numOfBlocks=553
2019-06-15 10:53:40,199 INFO  commandhandler.DeleteBlocksCommandHandler (DeleteBlocksCommandHandler.java:handle(106)) - Start to delete container blocks, TXIDs=[1(0),2(0),3(0)], numOfContainers=3, numOfBlocks=553
2019-06-15 10:53:40,199 INFO  commandhandler.DeleteBlocksCommandHandler (DeleteBlocksCommandHandler.java:handle(106)) - Start to delete container blocks, TXIDs=[1(0),2(0),3(0)], numOfContainers=3, numOfBlocks=553
2019-06-15 10:53:40,200 INFO  commandhandler.DeleteBlocksCommandHandler (DeleteBlocksCommandHandler.java:handle(106)) - Start to delete container blocks, TXIDs=[1(0),2(0),3(0)], numOfContainers=3, numOfBlocks=553
2019-06-15 10:53:40,200 INFO  commandhandler.DeleteBlocksCommandHandler (DeleteBlocksCommandHandler.java:handle(106)) - Start to delete container blocks, TXIDs=[1(0),2(0),3(0)], numOfContainers=3, numOfBlocks=553
2019-06-15 10:53:40,201 INFO  commandhandler.DeleteBlocksCommandHandler (DeleteBlocksCommandHandler.java:handle(106)) - Start to delete container blocks, TXIDs=[1(0),2(0),3(0)], numOfContainers=3, numOfBlocks=553
2019-06-15 10:53:40,201 INFO  commandhandler.DeleteBlocksCommandHandler (DeleteBlocksCommandHandler.java:handle(106)) - Start to delete container blocks, TXIDs=[1(0),2(0),3(0)], numOfContainers=3, numOfBlocks=553
2019-06-15 10:53:40,202 INFO  commandhandler.DeleteBlocksCommandHandler (DeleteBlocksCommandHandler.java:handle(106)) - Start to delete container blocks, TXIDs=[1(0),2(0),3(0)], numOfContainers=3, numOfBlocks=553
2019-06-15 10:53:40,202 DEBUG block.SCMBlockDeletingService (SCMBlockDeletingService.java:call(138)) - Running DeletedBlockTransactionScanner
2019-06-15 10:53:40,202 DEBUG block.SCMBlockDeletingService (SCMBlockDeletingService.java:call(155)) - Scanned deleted blocks log and got 0 delTX to process.
2019-06-15 10:53:40,203 INFO  commandhandler.DeleteBlocksCommandHandler (DeleteBlocksCommandHandler.java:handle(106)) - Start to delete container blocks, TXIDs=[1(0),2(0),3(0)], numOfContainers=3, numOfBlocks=553
2019-06-15 10:53:40,203 INFO  commandhandler.DeleteBlocksCommandHandler (DeleteBlocksCommandHandler.java:handle(106)) - Start to delete container blocks, TXIDs=[1(0),2(0),3(0)], numOfContainers=3, numOfBlocks=553
2019-06-15 10:53:40,204 INFO  commandhandler.DeleteBlocksCommandHandler (DeleteBlocksCommandHandler.java:handle(106)) - Start to delete container blocks, TXIDs=[1(0),2(0),3(0)], numOfContainers=3, numOfBlocks=553
2019-06-15 10:53:40,204 INFO  commandhandler.DeleteBlocksCommandHandler (DeleteBlocksCommandHandler.java:handle(106)) - Start to delete container blocks, TXIDs=[1(0),2(0),3(0)], numOfContainers=3, numOfBlocks=553
2019-06-15 10:53:40,205 INFO  commandhandler.DeleteBlocksCommandHandler (DeleteBlocksCommandHandler.java:handle(106)) - Start to delete container blocks, TXIDs=[1(0),2(0),3(0)], numOfContainers=3, numOfBlocks=553
2019-06-15 10:53:40,205 INFO  commandhandler.DeleteBlocksCommandHandler (DeleteBlocksCommandHandler.java:handle(106)) - Start to delete container blocks, TXIDs=[1(0),2(0),3(0)], numOfContainers=3, numOfBlocks=553
2019-06-15 10:53:40,206 INFO  commandhandler.DeleteBlocksCommandHandler (DeleteBlocksCommandHandler.java:handle(106)) - Start to delete container blocks, TXIDs=[1(0),2(0),3(0)], numOfContainers=3, numOfBlocks=553
2019-06-15 10:53:40,206 INFO  commandhandler.DeleteBlocksCommandHandler (DeleteBlocksCommandHandler.java:handle(106)) - Start to delete container blocks, TXIDs=[1(0),2(0),3(0)], numOfContainers=3, numOfBlocks=553
2019-06-15 10:53:40,207 INFO  commandhandler.DeleteBlocksCommandHandler (DeleteBlocksCommandHandler.java:handle(106)) - Start to delete container blocks, TXIDs=[1(0),2(0),3(0)], numOfContainers=3, numOfBlocks=553
2019-06-15 10:53:40,207 INFO  commandhandler.DeleteBlocksCommandHandler (DeleteBlocksCommandHandler.java:handle(106)) - Start to delete container blocks, TXIDs=[1(0),2(0),3(0)], numOfContainers=3, numOfBlocks=553
2019-06-15 10:53:40,208 INFO  commandhandler.DeleteBlocksCommandHandler (DeleteBlocksCommandHandler.java:handle(106)) - Start to delete container blocks, TXIDs=[1(0),2(0),3(0)], numOfContainers=3, numOfBlocks=553
2019-06-15 10:53:40,209 INFO  commandhandler.DeleteBlocksCommandHandler (DeleteBlocksCommandHandler.java:handle(106)) - Start to delete container blocks, TXIDs=[1(0),2(0),3(0)], numOfContainers=3, numOfBlocks=553
2019-06-15 10:53:40,209 INFO  commandhandler.DeleteBlocksCommandHandler (DeleteBlocksCommandHandler.java:handle(106)) - Start to delete container blocks, TXIDs=[1(0),2(0),3(0)], numOfContainers=3, numOfBlocks=553
2019-06-15 10:53:40,210 INFO  commandhandler.DeleteBlocksCommandHandler (DeleteBlocksCommandHandler.java:handle(106)) - Start to delete container blocks, TXIDs=[1(0),2(0),3(0)], numOfContainers=3, numOfBlocks=553
2019-06-15 10:53:40,210 INFO  commandhandler.DeleteBlocksCommandHandler (DeleteBlocksCommandHandler.java:handle(106)) - Start to delete container blocks, TXIDs=[1(0),2(0),3(0)], numOfContainers=3, numOfBlocks=553
2019-06-15 10:53:40,211 INFO  commandhandler.DeleteBlocksCommandHandler (DeleteBlocksCommandHandler.java:handle(106)) - Start to delete container blocks, TXIDs=[1(0),2(0),3(0)], numOfContainers=3, numOfBlocks=553
2019-06-15 10:53:40,211 INFO  commandhandler.DeleteBlocksCommandHandler (DeleteBlocksCommandHandler.java:handle(106)) - Start to delete container blocks, TXIDs=[1(0),2(0),3(0)], numOfContainers=3, numOfBlocks=553
2019-06-15 10:53:40,212 INFO  commandhandler.DeleteBlocksCommandHandler (DeleteBlocksCommandHandler.java:handle(106)) - Start to delete container blocks, TXIDs=[1(0),2(0),3(0)], numOfContainers=3, numOfBlocks=553
2019-06-15 10:53:40,212 INFO  commandhandler.DeleteBlocksCommandHandler (DeleteBlocksCommandHandler.java:handle(106)) - Start to delete container blocks, TXIDs=[1(0),2(0),3(0)], numOfContainers=3, numOfBlocks=553
2019-06-15 10:53:40,213 INFO  commandhandler.DeleteBlocksCommandHandler (DeleteBlocksCommandHandler.java:handle(106)) - Start to delete container blocks, TXIDs=[1(0),2(0),3(0)], numOfContainers=3, numOfBlocks=553
2019-06-15 10:53:40,213 INFO  commandhandler.DeleteBlocksCommandHandler (DeleteBlocksCommandHandler.java:handle(106)) - Start to delete container blocks, TXIDs=[1(0),2(0),3(0)], numOfContainers=3, numOfBlocks=553
2019-06-15 10:53:40,214 INFO  commandhandler.DeleteBlocksCommandHandler (DeleteBlocksCommandHandler.java:handle(106)) - Start to delete container blocks, TXIDs=[1(0),2(0),3(0)], numOfContainers=3, numOfBlocks=553
2019-06-15 10:53:40,214 INFO  commandhandler.DeleteBlocksCommandHandler (DeleteBlocksCommandHandler.java:handle(106)) - Start to delete container blocks, TXIDs=[1(0),2(0),3(0)], numOfContainers=3, numOfBlocks=553
2019-06-15 10:53:40,215 INFO  commandhandler.DeleteBlocksCommandHandler (DeleteBlocksCommandHandler.java:handle(106)) - Start to delete container blocks, TXIDs=[1(0),2(0),3(0)], numOfContainers=3, numOfBlocks=553
2019-06-15 10:53:40,216 INFO  commandhandler.DeleteBlocksCommandHandler (DeleteBlocksCommandHandler.java:handle(106)) - Start to delete container blocks, TXIDs=[1(0),2(0),3(0)], numOfContainers=3, numOfBlocks=553
2019-06-15 10:53:40,216 INFO  commandhandler.DeleteBlocksCommandHandler (DeleteBlocksCommandHandler.java:handle(106)) - Start to delete container blocks, TXIDs=[1(0),2(0),3(0)], numOfContainers=3, numOfBlocks=553
2019-06-15 10:53:40,217 INFO  commandhandler.DeleteBlocksCommandHandler (DeleteBlocksCommandHandler.java:handle(106)) - Start to delete container blocks, TXIDs=[1(0),2(0),3(0)], numOfContainers=3, numOfBlocks=553
2019-06-15 10:53:40,217 INFO  commandhandler.DeleteBlocksCommandHandler (DeleteBlocksCommandHandler.java:handle(106)) - Start to delete container blocks, TXIDs=[1(0),2(0),3(0)], numOfContainers=3, numOfBlocks=553
2019-06-15 10:53:40,218 INFO  commandhandler.DeleteBlocksCommandHandler (DeleteBlocksCommandHandler.java:handle(106)) - Start to delete container blocks, TXIDs=[1(0),2(0),3(0)], numOfContainers=3, numOfBlocks=553
2019-06-15 10:53:40,218 INFO  commandhandler.DeleteBlocksCommandHandler (DeleteBlocksCommandHandler.java:handle(106)) - Start to delete container blocks, TXIDs=[1(0),2(0),3(0)], numOfContainers=3, numOfBlocks=553
2019-06-15 10:53:40,219 INFO  commandhandler.DeleteBlocksCommandHandler (DeleteBlocksCommandHandler.java:handle(106)) - Start to delete container blocks, TXIDs=[1(0),2(0),3(0)], numOfContainers=3, numOfBlocks=553
2019-06-15 10:53:40,219 INFO  commandhandler.DeleteBlocksCommandHandler (DeleteBlocksCommandHandler.java:handle(106)) - Start to delete container blocks, TXIDs=[1(0),2(0),3(0)], numOfContainers=3, numOfBlocks=553
2019-06-15 10:53:40,220 INFO  commandhandler.DeleteBlocksCommandHandler (DeleteBlocksCommandHandler.java:handle(106)) - Start to delete container blocks, TXIDs=[1(0),2(0),3(0)], numOfContainers=3, numOfBlocks=553
2019-06-15 10:53:40,220 INFO  commandhandler.DeleteBlocksCommandHandler (DeleteBlocksCommandHandler.java:handle(106)) - Start to delete container blocks, TXIDs=[1(0),2(0),3(0)], numOfContainers=3, numOfBlocks=553
2019-06-15 10:53:40,221 INFO  commandhandler.DeleteBlocksCommandHandler (DeleteBlocksCommandHandler.java:handle(106)) - Start to delete container blocks, TXIDs=[1(203),2(203),3(203)], numOfContainers=3, numOfBlocks=553
2019-06-15 10:53:40,221 INFO  commandhandler.DeleteBlocksCommandHandler (DeleteBlocksCommandHandler.java:handle(106)) - Start to delete container blocks, TXIDs=[1(0),2(0),3(0)], numOfContainers=3, numOfBlocks=553
2019-06-15 10:53:40,222 INFO  commandhandler.DeleteBlocksCommandHandler (DeleteBlocksCommandHandler.java:handle(106)) - Start to delete container blocks, TXIDs=[1(0),2(0),3(0)], numOfContainers=3, numOfBlocks=553
2019-06-15 10:53:40,222 INFO  commandhandler.DeleteBlocksCommandHandler (DeleteBlocksCommandHandler.java:handle(106)) - Start to delete container blocks, TXIDs=[1(0),2(0),3(0)], numOfContainers=3, numOfBlocks=553
2019-06-15 10:53:40,223 INFO  commandhandler.DeleteBlocksCommandHandler (DeleteBlocksCommandHandler.java:handle(106)) - Start to delete container blocks, TXIDs=[1(0),2(0),3(0)], numOfContainers=3, numOfBlocks=553
2019-06-15 10:53:40,223 INFO  commandhandler.DeleteBlocksCommandHandler (DeleteBlocksCommandHandler.java:handle(106)) - Start to delete container blocks, TXIDs=[1(0),2(0),3(0)], numOfContainers=3, numOfBlocks=553
2019-06-15 10:53:40,224 INFO  commandhandler.DeleteBlocksCommandHandler (DeleteBlocksCommandHandler.java:handle(106)) - Start to delete container blocks, TXIDs=[1(0),2(0),3(0)], numOfContainers=3, numOfBlocks=553
2019-06-15 10:53:40,225 INFO  commandhandler.DeleteBlocksCommandHandler (DeleteBlocksCommandHandler.java:handle(106)) - Start to delete container blocks, TXIDs=[1(0),2(0),3(0)], numOfContainers=3, numOfBlocks=553
2019-06-15 10:53:40,225 INFO  commandhandler.DeleteBlocksCommandHandler (DeleteBlocksCommandHandler.java:handle(106)) - Start to delete container blocks, TXIDs=[1(0),2(0),3(0)], numOfContainers=3, numOfBlocks=553
2019-06-15 10:53:40,226 INFO  commandhandler.DeleteBlocksCommandHandler (DeleteBlocksCommandHandler.java:handle(106)) - Start to delete container blocks, TXIDs=[1(0),2(0),3(0)], numOfContainers=3, numOfBlocks=553
2019-06-15 10:53:40,226 INFO  commandhandler.DeleteBlocksCommandHandler (DeleteBlocksCommandHandler.java:handle(106)) - Start to delete container blocks, TXIDs=[1(483),2(483),3(483)], numOfContainers=3, numOfBlocks=553
2019-06-15 10:53:40,227 INFO  commandhandler.DeleteBlocksCommandHandler (DeleteBlocksCommandHandler.java:handle(106)) - Start to delete container blocks, TXIDs=[1(0),2(0),3(0)], numOfContainers=3, numOfBlocks=553
2019-06-15 10:53:40,227 INFO  commandhandler.DeleteBlocksCommandHandler (DeleteBlocksCommandHandler.java:handle(106)) - Start to delete container blocks, TXIDs=[1(0),2(0),3(0)], numOfContainers=3, numOfBlocks=553
2019-06-15 10:53:40,228 INFO  commandhandler.DeleteBlocksCommandHandler (DeleteBlocksCommandHandler.java:handle(106)) - Start to delete container blocks, TXIDs=[1(0),2(0),3(0)], numOfContainers=3, numOfBlocks=553
2019-06-15 10:53:40,228 INFO  commandhandler.DeleteBlocksCommandHandler (DeleteBlocksCommandHandler.java:handle(106)) - Start to delete container blocks, TXIDs=[1(0),2(0),3(0)], numOfContainers=3, numOfBlocks=553
2019-06-15 10:53:40,229 INFO  commandhandler.DeleteBlocksCommandHandler (DeleteBlocksCommandHandler.java:handle(106)) - Start to delete container blocks, TXIDs=[1(0),2(0),3(0)], numOfContainers=3, numOfBlocks=553
2019-06-15 10:53:40,229 INFO  commandhandler.DeleteBlocksCommandHandler (DeleteBlocksCommandHandler.java:handle(106)) - Start to delete container blocks, TXIDs=[1(0),2(0),3(0)], numOfContainers=3, numOfBlocks=553
2019-06-15 10:53:40,230 INFO  commandhandler.DeleteBlocksCommandHandler (DeleteBlocksCommandHandler.java:handle(106)) - Start to delete container blocks, TXIDs=[1(0),2(0),3(0)], numOfContainers=3, numOfBlocks=553
2019-06-15 10:53:40,230 INFO  commandhandler.DeleteBlocksCommandHandler (DeleteBlocksCommandHandler.java:handle(106)) - Start to delete container blocks, TXIDs=[1(483),2(483),3(483)], numOfContainers=3, numOfBlocks=553
2019-06-15 10:53:40,231 INFO  commandhandler.DeleteBlocksCommandHandler (DeleteBlocksCommandHandler.java:handle(106)) - Start to delete container blocks, TXIDs=[1(0),2(0),3(0)], numOfContainers=3, numOfBlocks=553
2019-06-15 10:53:40,231 INFO  commandhandler.DeleteBlocksCommandHandler (DeleteBlocksCommandHandler.java:handle(106)) - Start to delete container blocks, TXIDs=[1(0),2(0),3(0)], numOfContainers=3, numOfBlocks=553
2019-06-15 10:53:40,232 INFO  commandhandler.DeleteBlocksCommandHandler (DeleteBlocksCommandHandler.java:handle(106)) - Start to delete container blocks, TXIDs=[1(0),2(0),3(0)], numOfContainers=3, numOfBlocks=553
2019-06-15 10:53:40,232 INFO  commandhandler.DeleteBlocksCommandHandler (DeleteBlocksCommandHandler.java:handle(106)) - Start to delete container blocks, TXIDs=[1(0),2(0),3(0)], numOfContainers=3, numOfBlocks=553
2019-06-15 10:53:40,233 INFO  commandhandler.DeleteBlocksCommandHandler (DeleteBlocksCommandHandler.java:handle(106)) - Start to delete container blocks, TXIDs=[1(0),2(0),3(0)], numOfContainers=3, numOfBlocks=553
2019-06-15 10:53:40,234 INFO  commandhandler.DeleteBlocksCommandHandler (DeleteBlocksCommandHandler.java:handle(106)) - Start to delete container blocks, TXIDs=[1(0),2(0),3(0)], numOfContainers=3, numOfBlocks=553
2019-06-15 10:53:40,234 INFO  commandhandler.DeleteBlocksCommandHandler (DeleteBlocksCommandHandler.java:handle(106)) - Start to delete container blocks, TXIDs=[1(0),2(0),3(0)], numOfContainers=3, numOfBlocks=553
2019-06-15 10:53:40,235 INFO  commandhandler.DeleteBlocksCommandHandler (DeleteBlocksCommandHandler.java:handle(106)) - Start to delete container blocks, TXIDs=[1(0),2(0),3(0)], numOfContainers=3, numOfBlocks=553
2019-06-15 10:53:40,235 INFO  commandhandler.DeleteBlocksCommandHandler (DeleteBlocksCommandHandler.java:handle(106)) - Start to delete container blocks, TXIDs=[1(0),2(0),3(0)], numOfContainers=3, numOfBlocks=553
2019-06-15 10:53:40,236 INFO  commandhandler.DeleteBlocksCommandHandler (DeleteBlocksCommandHandler.java:handle(106)) - Start to delete container blocks, TXIDs=[1(0),2(0),3(0)], numOfContainers=3, numOfBlocks=553
2019-06-15 10:53:40,236 INFO  commandhandler.DeleteBlocksCommandHandler (DeleteBlocksCommandHandler.java:handle(106)) - Start to delete container blocks, TXIDs=[1(0),2(0),3(0)], numOfContainers=3, numOfBlocks=553
2019-06-15 10:53:40,237 INFO  commandhandler.DeleteBlocksCommandHandler (DeleteBlocksCommandHandler.java:handle(106)) - Start to delete container blocks, TXIDs=[1(483),2(483),3(483)], numOfContainers=3, numOfBlocks=553
2019-06-15 10:53:40,237 INFO  commandhandler.DeleteBlocksCommandHandler (DeleteBlocksCommandHandler.java:handle(106)) - Start to delete container blocks, TXIDs=[1(0),2(0),3(0)], numOfContainers=3, numOfBlocks=553
2019-06-15 10:53:40,238 INFO  commandhandler.DeleteBlocksCommandHandler (DeleteBlocksCommandHandler.java:handle(106)) - Start to delete container blocks, TXIDs=[1(0),2(0),3(0)], numOfContainers=3, numOfBlocks=553
2019-06-15 10:53:40,238 INFO  commandhandler.DeleteBlocksCommandHandler (DeleteBlocksCommandHandler.java:handle(106)) - Start to delete container blocks, TXIDs=[1(0),2(0),3(0)], numOfContainers=3, numOfBlocks=553
2019-06-15 10:53:40,239 INFO  commandhandler.DeleteBlocksCommandHandler (DeleteBlocksCommandHandler.java:handle(106)) - Start to delete container blocks, TXIDs=[1(0),2(0),3(0)], numOfContainers=3, numOfBlocks=553
2019-06-15 10:53:40,239 INFO  commandhandler.DeleteBlocksCommandHandler (DeleteBlocksCommandHandler.java:handle(106)) - Start to delete container blocks, TXIDs=[1(0),2(0),3(0)], numOfContainers=3, numOfBlocks=553
2019-06-15 10:53:40,240 INFO  commandhandler.DeleteBlocksCommandHandler (DeleteBlocksCommandHandler.java:handle(106)) - Start to delete container blocks, TXIDs=[1(0),2(0),3(0)], numOfContainers=3, numOfBlocks=553
2019-06-15 10:53:40,241 INFO  commandhandler.DeleteBlocksCommandHandler (DeleteBlocksCommandHandler.java:handle(106)) - Start to delete container blocks, TXIDs=[1(0),2(0),3(0)], numOfContainers=3, numOfBlocks=553
2019-06-15 10:53:40,241 INFO  commandhandler.DeleteBlocksCommandHandler (DeleteBlocksCommandHandler.java:handle(106)) - Start to delete container blocks, TXIDs=[1(0),2(0),3(0)], numOfContainers=3, numOfBlocks=553
2019-06-15 10:53:40,242 INFO  commandhandler.DeleteBlocksCommandHandler (DeleteBlocksCommandHandler.java:handle(106)) - Start to delete container blocks, TXIDs=[1(0),2(0),3(0)], numOfContainers=3, numOfBlocks=553
2019-06-15 10:53:40,242 INFO  commandhandler.DeleteBlocksCommandHandler (DeleteBlocksCommandHandler.java:handle(106)) - Start to delete container blocks, TXIDs=[1(483),2(483),3(483)], numOfContainers=3, numOfBlocks=553
2019-06-15 10:53:40,243 INFO  commandhandler.DeleteBlocksCommandHandler (DeleteBlocksCommandHandler.java:handle(106)) - Start to delete container blocks, TXIDs=[1(0),2(0),3(0)], numOfContainers=3, numOfBlocks=553
2019-06-15 10:53:40,244 INFO  commandhandler.DeleteBlocksCommandHandler (DeleteBlocksCommandHandler.java:handle(106)) - Start to delete container blocks, TXIDs=[1(0),2(0),3(0)], numOfContainers=3, numOfBlocks=553
2019-06-15 10:53:40,245 INFO  commandhandler.DeleteBlocksCommandHandler (DeleteBlocksCommandHandler.java:handle(106)) - Start to delete container blocks, TXIDs=[1(0),2(0),3(0)], numOfContainers=3, numOfBlocks=553
2019-06-15 10:53:40,246 INFO  commandhandler.DeleteBlocksCommandHandler (DeleteBlocksCommandHandler.java:handle(106)) - Start to delete container blocks, TXIDs=[1(0),2(0),3(0)], numOfContainers=3, numOfBlocks=553
2019-06-15 10:53:40,247 INFO  commandhandler.DeleteBlocksCommandHandler (DeleteBlocksCommandHandler.java:handle(106)) - Start to delete container blocks, TXIDs=[1(0),2(0),3(0)], numOfContainers=3, numOfBlocks=553
2019-06-15 10:53:40,247 INFO  commandhandler.DeleteBlocksCommandHandler (DeleteBlocksCommandHandler.java:handle(106)) - Start to delete container blocks, TXIDs=[1(0),2(0),3(0)], numOfContainers=3, numOfBlocks=553
2019-06-15 10:53:40,248 INFO  commandhandler.DeleteBlocksCommandHandler (DeleteBlocksCommandHandler.java:handle(106)) - Start to delete container blocks, TXIDs=[1(0),2(0),3(0)], numOfContainers=3, numOfBlocks=553
2019-06-15 10:53:40,249 INFO  commandhandler.DeleteBlocksCommandHandler (DeleteBlocksCommandHandler.java:handle(106)) - Start to delete container blocks, TXIDs=[1(0),2(0),3(0)], numOfContainers=3, numOfBlocks=553
2019-06-15 10:53:40,250 INFO  commandhandler.DeleteBlocksCommandHandler (DeleteBlocksCommandHandler.java:handle(106)) - Start to delete container blocks, TXIDs=[1(483),2(483),3(483)], numOfContainers=3, numOfBlocks=553
2019-06-15 10:53:40,251 INFO  commandhandler.DeleteBlocksCommandHandler (DeleteBlocksCommandHandler.java:handle(106)) - Start to delete container blocks, TXIDs=[1(0),2(0),3(0)], numOfContainers=3, numOfBlocks=553
2019-06-15 10:53:40,252 INFO  commandhandler.DeleteBlocksCommandHandler (DeleteBlocksCommandHandler.java:handle(106)) - Start to delete container blocks, TXIDs=[1(0),2(0),3(0)], numOfContainers=3, numOfBlocks=553
2019-06-15 10:53:40,252 INFO  commandhandler.DeleteBlocksCommandHandler (DeleteBlocksCommandHandler.java:handle(106)) - Start to delete container blocks, TXIDs=[1(0),2(0),3(0)], numOfContainers=3, numOfBlocks=553
2019-06-15 10:53:40,253 INFO  commandhandler.DeleteBlocksCommandHandler (DeleteBlocksCommandHandler.java:handle(106)) - Start to delete container blocks, TXIDs=[1(0),2(0),3(0)], numOfContainers=3, numOfBlocks=553
2019-06-15 10:53:40,254 INFO  commandhandler.DeleteBlocksCommandHandler (DeleteBlocksCommandHandler.java:handle(106)) - Start to delete container blocks, TXIDs=[1(0),2(0),3(0)], numOfContainers=3, numOfBlocks=553
2019-06-15 10:53:40,254 INFO  commandhandler.DeleteBlocksCommandHandler (DeleteBlocksCommandHandler.java:handle(106)) - Start to delete container blocks, TXIDs=[1(0),2(0),3(0)], numOfContainers=3, numOfBlocks=553
2019-06-15 10:53:40,255 INFO  commandhandler.DeleteBlocksCommandHandler (DeleteBlocksCommandHandler.java:handle(106)) - Start to delete container blocks, TXIDs=[1(0),2(0),3(0)], numOfContainers=3, numOfBlocks=553
2019-06-15 10:53:40,255 INFO  commandhandler.DeleteBlocksCommandHandler (DeleteBlocksCommandHandler.java:handle(106)) - Start to delete container blocks, TXIDs=[1(0),2(0),3(0)], numOfContainers=3, numOfBlocks=553
2019-06-15 10:53:40,256 INFO  commandhandler.DeleteBlocksCommandHandler (DeleteBlocksCommandHandler.java:handle(106)) - Start to delete container blocks, TXIDs=[1(0),2(0),3(0)], numOfContainers=3, numOfBlocks=553
2019-06-15 10:53:40,256 INFO  commandhandler.DeleteBlocksCommandHandler (DeleteBlocksCommandHandler.java:handle(106)) - Start to delete container blocks, TXIDs=[1(0),2(0),3(0)], numOfContainers=3, numOfBlocks=553
2019-06-15 10:53:40,257 INFO  commandhandler.DeleteBlocksCommandHandler (DeleteBlocksCommandHandler.java:handle(106)) - Start to delete container blocks, TXIDs=[1(551),2(551),3(551)], numOfContainers=3, numOfBlocks=553
2019-06-15 10:53:40,257 INFO  commandhandler.DeleteBlocksCommandHandler (DeleteBlocksCommandHandler.java:handle(106)) - Start to delete container blocks, TXIDs=[1(0),2(0),3(0)], numOfContainers=3, numOfBlocks=553
2019-06-15 10:53:40,258 INFO  commandhandler.DeleteBlocksCommandHandler (DeleteBlocksCommandHandler.java:handle(106)) - Start to delete container blocks, TXIDs=[1(0),2(0),3(0)], numOfContainers=3, numOfBlocks=553
2019-06-15 10:53:40,258 INFO  commandhandler.DeleteBlocksCommandHandler (DeleteBlocksCommandHandler.java:handle(106)) - Start to delete container blocks, TXIDs=[1(0),2(0),3(0)], numOfContainers=3, numOfBlocks=553
2019-06-15 10:53:40,259 INFO  commandhandler.DeleteBlocksCommandHandler (DeleteBlocksCommandHandler.java:handle(106)) - Start to delete container blocks, TXIDs=[1(0),2(0),3(0)], numOfContainers=3, numOfBlocks=553
2019-06-15 10:53:40,259 INFO  commandhandler.DeleteBlocksCommandHandler (DeleteBlocksCommandHandler.java:handle(106)) - Start to delete container blocks, TXIDs=[1(0),2(0),3(0)], numOfContainers=3, numOfBlocks=553
2019-06-15 10:53:40,260 INFO  commandhandler.DeleteBlocksCommandHandler (DeleteBlocksCommandHandler.java:handle(106)) - Start to delete container blocks, TXIDs=[1(0),2(0),3(0)], numOfContainers=3, numOfBlocks=553
2019-06-15 10:53:40,260 INFO  commands.RetriableDatanodeEventWatcher (RetriableDatanodeEventWatcher.java:onTimeout(47)) - RetriableDatanodeCommand type=deleteBlocksCommand with id=1560596009436 timed out. Retrying.
2019-06-15 10:53:40,260 INFO  commandhandler.DeleteBlocksCommandHandler (DeleteBlocksCommandHandler.java:handle(106)) - Start to delete container blocks, TXIDs=[1(0),2(0),3(0)], numOfContainers=3, numOfBlocks=553
2019-06-15 10:53:40,261 INFO  commandhandler.DeleteBlocksCommandHandler (DeleteBlocksCommandHandler.java:handle(106)) - Start to delete container blocks, TXIDs=[1(0),2(0),3(0)], numOfContainers=3, numOfBlocks=553
2019-06-15 10:53:40,261 INFO  commandhandler.DeleteBlocksCommandHandler (DeleteBlocksCommandHandler.java:handle(106)) - Start to delete container blocks, TXIDs=[1(0),2(0),3(0)], numOfContainers=3, numOfBlocks=553
2019-06-15 10:53:40,262 INFO  commandhandler.DeleteBlocksCommandHandler (DeleteBlocksCommandHandler.java:handle(106)) - Start to delete container blocks, TXIDs=[1(0),2(0),3(0)], numOfContainers=3, numOfBlocks=553
2019-06-15 10:53:40,263 INFO  commandhandler.DeleteBlocksCommandHandler (DeleteBlocksCommandHandler.java:handle(106)) - Start to delete container blocks, TXIDs=[1(557),2(557),3(557)], numOfContainers=3, numOfBlocks=553
2019-06-15 10:53:40,263 INFO  commandhandler.DeleteBlocksCommandHandler (DeleteBlocksCommandHandler.java:handle(106)) - Start to delete container blocks, TXIDs=[1(0),2(0),3(0)], numOfContainers=3, numOfBlocks=553
2019-06-15 10:53:40,264 INFO  commandhandler.DeleteBlocksCommandHandler (DeleteBlocksCommandHandler.java:handle(106)) - Start to delete container blocks, TXIDs=[1(0),2(0),3(0)], numOfContainers=3, numOfBlocks=553
2019-06-15 10:53:40,264 INFO  commandhandler.DeleteBlocksCommandHandler (DeleteBlocksCommandHandler.java:handle(106)) - Start to delete container blocks, TXIDs=[1(0),2(0),3(0)], numOfContainers=3, numOfBlocks=553
2019-06-15 10:53:40,265 INFO  commandhandler.DeleteBlocksCommandHandler (DeleteBlocksCommandHandler.java:handle(106)) - Start to delete container blocks, TXIDs=[1(0),2(0),3(0)], numOfContainers=3, numOfBlocks=553
2019-06-15 10:53:40,265 INFO  commandhandler.DeleteBlocksCommandHandler (DeleteBlocksCommandHandler.java:handle(106)) - Start to delete container blocks, TXIDs=[1(0),2(0),3(0)], numOfContainers=3, numOfBlocks=553
2019-06-15 10:53:40,266 INFO  commandhandler.DeleteBlocksCommandHandler (DeleteBlocksCommandHandler.java:handle(106)) - Start to delete container blocks, TXIDs=[1(0),2(0),3(0)], numOfContainers=3, numOfBlocks=553
2019-06-15 10:53:40,266 INFO  commandhandler.DeleteBlocksCommandHandler (DeleteBlocksCommandHandler.java:handle(106)) - Start to delete container blocks, TXIDs=[1(0),2(0),3(0)], numOfContainers=3, numOfBlocks=553
2019-06-15 10:53:40,267 INFO  commandhandler.DeleteBlocksCommandHandler (DeleteBlocksCommandHandler.java:handle(106)) - Start to delete container blocks, TXIDs=[1(0),2(0),3(0)], numOfContainers=3, numOfBlocks=553
2019-06-15 10:53:40,267 INFO  commandhandler.DeleteBlocksCommandHandler (DeleteBlocksCommandHandler.java:handle(106)) - Start to delete container blocks, TXIDs=[1(0),2(0),3(0)], numOfContainers=3, numOfBlocks=553
2019-06-15 10:53:40,268 INFO  commandhandler.DeleteBlocksCommandHandler (DeleteBlocksCommandHandler.java:handle(106)) - Start to delete container blocks, TXIDs=[1(0),2(0),3(0)], numOfContainers=3, numOfBlocks=553
2019-06-15 10:53:40,269 INFO  commandhandler.DeleteBlocksCommandHandler (DeleteBlocksCommandHandler.java:handle(106)) - Start to delete container blocks, TXIDs=[1(565),2(565),3(565)], numOfContainers=3, numOfBlocks=553
2019-06-15 10:53:40,269 INFO  commandhandler.DeleteBlocksCommandHandler (DeleteBlocksCommandHandler.java:handle(106)) - Start to delete container blocks, TXIDs=[1(0),2(0),3(0)], numOfContainers=3, numOfBlocks=553
2019-06-15 10:53:40,270 INFO  commandhandler.DeleteBlocksCommandHandler (DeleteBlocksCommandHandler.java:handle(106)) - Start to delete container blocks, TXIDs=[1(0),2(0),3(0)], numOfContainers=3, numOfBlocks=553
2019-06-15 10:53:40,270 INFO  commandhandler.DeleteBlocksCommandHandler (DeleteBlocksCommandHandler.java:handle(106)) - Start to delete container blocks, TXIDs=[1(0),2(0),3(0)], numOfContainers=3, numOfBlocks=553
2019-06-15 10:53:40,271 INFO  commandhandler.DeleteBlocksCommandHandler (DeleteBlocksCommandHandler.java:handle(106)) - Start to delete container blocks, TXIDs=[1(0),2(0),3(0)], numOfContainers=3, numOfBlocks=553
2019-06-15 10:53:40,271 INFO  commandhandler.DeleteBlocksCommandHandler (DeleteBlocksCommandHandler.java:handle(106)) - Start to delete container blocks, TXIDs=[1(0),2(0),3(0)], numOfContainers=3, numOfBlocks=553
2019-06-15 10:53:40,272 INFO  commandhandler.DeleteBlocksCommandHandler (DeleteBlocksCommandHandler.java:handle(106)) - Start to delete container blocks, TXIDs=[1(0),2(0),3(0)], numOfContainers=3, numOfBlocks=553
2019-06-15 10:53:40,273 INFO  commandhandler.DeleteBlocksCommandHandler (DeleteBlocksCommandHandler.java:handle(106)) - Start to delete container blocks, TXIDs=[1(0),2(0),3(0)], numOfContainers=3, numOfBlocks=553
2019-06-15 10:53:40,273 INFO  commandhandler.DeleteBlocksCommandHandler (DeleteBlocksCommandHandler.java:handle(106)) - Start to delete container blocks, TXIDs=[1(0),2(0),3(0)], numOfContainers=3, numOfBlocks=553
2019-06-15 10:53:40,274 INFO  commandhandler.DeleteBlocksCommandHandler (DeleteBlocksCommandHandler.java:handle(106)) - Start to delete container blocks, TXIDs=[1(0),2(0),3(0)], numOfContainers=3, numOfBlocks=553
2019-06-15 10:53:40,275 INFO  commandhandler.DeleteBlocksCommandHandler (DeleteBlocksCommandHandler.java:handle(106)) - Start to delete container blocks, TXIDs=[1(0),2(0),3(0)], numOfContainers=3, numOfBlocks=553
2019-06-15 10:53:40,276 INFO  commandhandler.DeleteBlocksCommandHandler (DeleteBlocksCommandHandler.java:handle(106)) - Start to delete container blocks, TXIDs=[1(565),2(565),3(565)], numOfContainers=3, numOfBlocks=553
2019-06-15 10:53:40,277 INFO  commandhandler.DeleteBlocksCommandHandler (DeleteBlocksCommandHandler.java:handle(106)) - Start to delete container blocks, TXIDs=[1(0),2(0),3(0)], numOfContainers=3, numOfBlocks=553
2019-06-15 10:53:40,278 INFO  commandhandler.DeleteBlocksCommandHandler (DeleteBlocksCommandHandler.java:handle(106)) - Start to delete container blocks, TXIDs=[1(0),2(0),3(0)], numOfContainers=3, numOfBlocks=553
2019-06-15 10:53:40,279 INFO  commandhandler.DeleteBlocksCommandHandler (DeleteBlocksCommandHandler.java:handle(106)) - Start to delete container blocks, TXIDs=[1(0),2(0),3(0)], numOfContainers=3, numOfBlocks=553
2019-06-15 10:53:40,279 INFO  commandhandler.DeleteBlocksCommandHandler (DeleteBlocksCommandHandler.java:handle(106)) - Start to delete container blocks, TXIDs=[1(0),2(0),3(0)], numOfContainers=3, numOfBlocks=553
2019-06-15 10:53:40,280 INFO  commandhandler.DeleteBlocksCommandHandler (DeleteBlocksCommandHandler.java:handle(106)) - Start to delete container blocks, TXIDs=[1(0),2(0),3(0)], numOfContainers=3, numOfBlocks=553
2019-06-15 10:53:40,281 INFO  commandhandler.DeleteBlocksCommandHandler (DeleteBlocksCommandHandler.java:handle(106)) - Start to delete container blocks, TXIDs=[1(0),2(0),3(0)], numOfContainers=3, numOfBlocks=553
2019-06-15 10:53:40,282 INFO  commandhandler.DeleteBlocksCommandHandler (DeleteBlocksCommandHandler.java:handle(106)) - Start to delete container blocks, TXIDs=[1(0),2(0),3(0)], numOfContainers=3, numOfBlocks=553
2019-06-15 10:53:40,283 INFO  commandhandler.DeleteBlocksCommandHandler (DeleteBlocksCommandHandler.java:handle(106)) - Start to delete container blocks, TXIDs=[1(0),2(0),3(0)], numOfContainers=3, numOfBlocks=553
2019-06-15 10:53:40,283 INFO  commands.RetriableDatanodeEventWatcher (RetriableDatanodeEventWatcher.java:onTimeout(47)) - RetriableDatanodeCommand type=deleteBlocksCommand with id=1560596009446 timed out. Retrying.
2019-06-15 10:53:40,284 INFO  commandhandler.DeleteBlocksCommandHandler (DeleteBlocksCommandHandler.java:handle(106)) - Start to delete container blocks, TXIDs=[1(0),2(0),3(0)], numOfContainers=3, numOfBlocks=553
2019-06-15 10:53:40,285 INFO  commandhandler.DeleteBlocksCommandHandler (DeleteBlocksCommandHandler.java:handle(106)) - Start to delete container blocks, TXIDs=[1(203),2(203),3(203)], numOfContainers=3, numOfBlocks=553
2019-06-15 10:53:40,285 INFO  commandhandler.DeleteBlocksCommandHandler (DeleteBlocksCommandHandler.java:handle(106)) - Start to delete container blocks, TXIDs=[1(0),2(0),3(0)], numOfContainers=3, numOfBlocks=553
2019-06-15 10:53:40,286 INFO  commandhandler.DeleteBlocksCommandHandler (DeleteBlocksCommandHandler.java:handle(106)) - Start to delete container blocks, TXIDs=[1(586),2(586),3(586)], numOfContainers=3, numOfBlocks=553
2019-06-15 10:53:40,287 INFO  commandhandler.DeleteBlocksCommandHandler (DeleteBlocksCommandHandler.java:handle(106)) - Start to delete container blocks, TXIDs=[1(0),2(0),3(0)], numOfContainers=3, numOfBlocks=553
2019-06-15 10:53:40,288 INFO  commandhandler.DeleteBlocksCommandHandler (DeleteBlocksCommandHandler.java:handle(106)) - Start to delete container blocks, TXIDs=[1(0),2(0),3(0)], numOfContainers=3, numOfBlocks=553
2019-06-15 10:53:40,289 INFO  commandhandler.DeleteBlocksCommandHandler (DeleteBlocksCommandHandler.java:handle(106)) - Start to delete container blocks, TXIDs=[1(0),2(0),3(0)], numOfContainers=3, numOfBlocks=553
2019-06-15 10:53:40,289 INFO  commandhandler.DeleteBlocksCommandHandler (DeleteBlocksCommandHandler.java:handle(106)) - Start to delete container blocks, TXIDs=[1(0),2(0),3(0)], numOfContainers=3, numOfBlocks=553
2019-06-15 10:53:40,290 INFO  commandhandler.DeleteBlocksCommandHandler (DeleteBlocksCommandHandler.java:handle(106)) - Start to delete container blocks, TXIDs=[1(0),2(0),3(0)], numOfContainers=3, numOfBlocks=553
2019-06-15 10:53:40,291 INFO  commandhandler.DeleteBlocksCommandHandler (DeleteBlocksCommandHandler.java:handle(106)) - Start to delete container blocks, TXIDs=[1(0),2(0),3(0)], numOfContainers=3, numOfBlocks=553
2019-06-15 10:53:40,291 INFO  commandhandler.DeleteBlocksCommandHandler (DeleteBlocksCommandHandler.java:handle(106)) - Start to delete container blocks, TXIDs=[1(0),2(0),3(0)], numOfContainers=3, numOfBlocks=553
2019-06-15 10:53:40,292 INFO  commandhandler.DeleteBlocksCommandHandler (DeleteBlocksCommandHandler.java:handle(106)) - Start to delete container blocks, TXIDs=[1(0),2(0),3(0)], numOfContainers=3, numOfBlocks=553
2019-06-15 10:53:40,293 INFO  commandhandler.DeleteBlocksCommandHandler (DeleteBlocksCommandHandler.java:handle(106)) - Start to delete container blocks, TXIDs=[1(483),2(483),3(483)], numOfContainers=3, numOfBlocks=553
2019-06-15 10:53:40,294 INFO  commandhandler.DeleteBlocksCommandHandler (DeleteBlocksCommandHandler.java:handle(106)) - Start to delete container blocks, TXIDs=[1(0),2(0),3(0)], numOfContainers=3, numOfBlocks=553
2019-06-15 10:53:40,294 INFO  commandhandler.DeleteBlocksCommandHandler (DeleteBlocksCommandHandler.java:handle(106)) - Start to delete container blocks, TXIDs=[1(586),2(586),3(586)], numOfContainers=3, numOfBlocks=553
2019-06-15 10:53:40,295 INFO  commandhandler.DeleteBlocksCommandHandler (DeleteBlocksCommandHandler.java:handle(106)) - Start to delete container blocks, TXIDs=[1(0),2(0),3(0)], numOfContainers=3, numOfBlocks=553
2019-06-15 10:53:40,295 INFO  commandhandler.DeleteBlocksCommandHandler (DeleteBlocksCommandHandler.java:handle(106)) - Start to delete container blocks, TXIDs=[1(0),2(0),3(0)], numOfContainers=3, numOfBlocks=553
2019-06-15 10:53:40,296 INFO  commandhandler.DeleteBlocksCommandHandler (DeleteBlocksCommandHandler.java:handle(106)) - Start to delete container blocks, TXIDs=[1(0),2(0),3(0)], numOfContainers=3, numOfBlocks=553
2019-06-15 10:53:40,296 INFO  commandhandler.DeleteBlocksCommandHandler (DeleteBlocksCommandHandler.java:handle(106)) - Start to delete container blocks, TXIDs=[1(483),2(483),3(483)], numOfContainers=3, numOfBlocks=553
2019-06-15 10:53:40,297 INFO  commandhandler.DeleteBlocksCommandHandler (DeleteBlocksCommandHandler.java:handle(106)) - Start to delete container blocks, TXIDs=[1(0),2(0),3(0)], numOfContainers=3, numOfBlocks=553
2019-06-15 10:53:40,297 INFO  commandhandler.DeleteBlocksCommandHandler (DeleteBlocksCommandHandler.java:handle(106)) - Start to delete container blocks, TXIDs=[1(0),2(0),3(0)], numOfContainers=3, numOfBlocks=553
2019-06-15 10:53:40,298 INFO  commandhandler.DeleteBlocksCommandHandler (DeleteBlocksCommandHandler.java:handle(106)) - Start to delete container blocks, TXIDs=[1(0),2(0),3(0)], numOfContainers=3, numOfBlocks=553
2019-06-15 10:53:40,298 INFO  commandhandler.DeleteBlocksCommandHandler (DeleteBlocksCommandHandler.java:handle(106)) - Start to delete container blocks, TXIDs=[1(0),2(0),3(0)], numOfContainers=3, numOfBlocks=553
2019-06-15 10:53:40,299 INFO  commandhandler.DeleteBlocksCommandHandler (DeleteBlocksCommandHandler.java:handle(106)) - Start to delete container blocks, TXIDs=[1(483),2(483),3(483)], numOfContainers=3, numOfBlocks=553
2019-06-15 10:53:40,302 WARN  block.DeletedBlockLogImpl (DeletedBlockLogImpl.java:incrementCount(141)) - Deleted TXID not found.
2019-06-15 10:53:40,302 WARN  block.DeletedBlockLogImpl (DeletedBlockLogImpl.java:incrementCount(141)) - Deleted TXID not found.
2019-06-15 10:53:40,302 WARN  block.DeletedBlockLogImpl (DeletedBlockLogImpl.java:incrementCount(141)) - Deleted TXID not found.
2019-06-15 10:53:40,302 WARN  block.DeletedBlockLogImpl (DeletedBlockLogImpl.java:incrementCount(141)) - Deleted TXID not found.
2019-06-15 10:53:40,302 WARN  block.DeletedBlockLogImpl (DeletedBlockLogImpl.java:incrementCount(141)) - Deleted TXID not found.
2019-06-15 10:53:40,303 WARN  block.DeletedBlockLogImpl (DeletedBlockLogImpl.java:incrementCount(141)) - Deleted TXID not found.
2019-06-15 10:53:40,303 DEBUG block.SCMBlockDeletingService (SCMBlockDeletingService.java:call(138)) - Running DeletedBlockTransactionScanner
2019-06-15 10:53:40,303 WARN  block.DeletedBlockLogImpl (DeletedBlockLogImpl.java:incrementCount(141)) - Deleted TXID not found.
2019-06-15 10:53:40,303 WARN  block.DeletedBlockLogImpl (DeletedBlockLogImpl.java:incrementCount(141)) - Deleted TXID not found.
2019-06-15 10:53:40,303 WARN  block.DeletedBlockLogImpl (DeletedBlockLogImpl.java:incrementCount(141)) - Deleted TXID not found.
2019-06-15 10:53:40,303 DEBUG block.SCMBlockDeletingService (SCMBlockDeletingService.java:call(155)) - Scanned deleted blocks log and got 0 delTX to process.
2019-06-15 10:53:40,303 WARN  block.DeletedBlockLogImpl (DeletedBlockLogImpl.java:incrementCount(141)) - Deleted TXID not found.
2019-06-15 10:53:40,303 WARN  block.DeletedBlockLogImpl (DeletedBlockLogImpl.java:incrementCount(141)) - Deleted TXID not found.
2019-06-15 10:53:40,303 WARN  block.DeletedBlockLogImpl (DeletedBlockLogImpl.java:incrementCount(141)) - Deleted TXID not found.
2019-06-15 10:53:40,353 INFO  commands.RetriableDatanodeEventWatcher (RetriableDatanodeEventWatcher.java:onTimeout(47)) - RetriableDatanodeCommand type=deleteBlocksCommand with id=1560596009427 timed out. Retrying.
2019-06-15 10:53:40,361 INFO  commands.RetriableDatanodeEventWatcher (RetriableDatanodeEventWatcher.java:onTimeout(47)) - RetriableDatanodeCommand type=deleteBlocksCommand with id=1560596009437 timed out. Retrying.
2019-06-15 10:53:40,385 INFO  commands.RetriableDatanodeEventWatcher (RetriableDatanodeEventWatcher.java:onTimeout(47)) - RetriableDatanodeCommand type=deleteBlocksCommand with id=1560596009447 timed out. Retrying.
2019-06-15 10:53:40,403 DEBUG block.SCMBlockDeletingService (SCMBlockDeletingService.java:call(138)) - Running DeletedBlockTransactionScanner
2019-06-15 10:53:40,403 DEBUG block.SCMBlockDeletingService (SCMBlockDeletingService.java:call(155)) - Scanned deleted blocks log and got 0 delTX to process.
2019-06-15 10:53:40,454 INFO  commands.RetriableDatanodeEventWatcher (RetriableDatanodeEventWatcher.java:onTimeout(47)) - RetriableDatanodeCommand type=deleteBlocksCommand with id=1560596009428 timed out. Retrying.
2019-06-15 10:53:40,461 INFO  commands.RetriableDatanodeEventWatcher (RetriableDatanodeEventWatcher.java:onTimeout(47)) - RetriableDatanodeCommand type=deleteBlocksCommand with id=1560596009438 timed out. Retrying.
2019-06-15 10:53:40,485 INFO  commands.RetriableDatanodeEventWatcher (RetriableDatanodeEventWatcher.java:onTimeout(47)) - RetriableDatanodeCommand type=deleteBlocksCommand with id=1560596009448 timed out. Retrying.
2019-06-15 10:53:40,503 WARN  block.DeletedBlockLogImpl (DeletedBlockLogImpl.java:incrementCount(141)) - Deleted TXID not found.
2019-06-15 10:53:40,503 DEBUG block.SCMBlockDeletingService (SCMBlockDeletingService.java:call(138)) - Running DeletedBlockTransactionScanner
2019-06-15 10:53:40,503 WARN  events.EventWatcher (EventWatcher.java:lambda$start$0(110)) - Completion event without active lease. Id=1560596009383
2019-06-15 10:53:40,503 WARN  block.DeletedBlockLogImpl (DeletedBlockLogImpl.java:incrementCount(141)) - Deleted TXID not found.
2019-06-15 10:53:40,504 WARN  events.EventWatcher (EventWatcher.java:lambda$start$0(110)) - Completion event without active lease. Id=1560596009423
2019-06-15 10:53:40,504 WARN  block.DeletedBlockLogImpl (DeletedBlockLogImpl.java:incrementCount(141)) - Deleted TXID not found.
2019-06-15 10:53:40,504 WARN  events.EventWatcher (EventWatcher.java:lambda$start$0(110)) - Completion event without active lease. Id=1560596009414
2019-06-15 10:53:40,504 DEBUG block.DeletedBlockLogImpl (DeletedBlockLogImpl.java:isTransactionFailed(245)) - Got block deletion ACK from datanode, TXIDs=1, success=true
2019-06-15 10:53:40,504 WARN  events.EventWatcher (EventWatcher.java:lambda$start$0(110)) - Completion event without active lease. Id=1560596009413
2019-06-15 10:53:40,504 WARN  block.DeletedBlockLogImpl (DeletedBlockLogImpl.java:commitTransactions(205)) - Transaction txId=1 commit by dnId=325d518f-bf0d-428a-814f-266b27e759e4 for containerID=#1 failed. Corresponding entry not found.
2019-06-15 10:53:40,504 WARN  events.EventWatcher (EventWatcher.java:lambda$start$0(110)) - Completion event without active lease. Id=1560596009424
2019-06-15 10:53:40,504 DEBUG block.SCMBlockDeletingService (SCMBlockDeletingService.java:call(155)) - Scanned deleted blocks log and got 0 delTX to process.
2019-06-15 10:53:40,504 WARN  block.DeletedBlockLogImpl (DeletedBlockLogImpl.java:incrementCount(141)) - Deleted TXID not found.
2019-06-15 10:53:40,504 WARN  block.DeletedBlockLogImpl (DeletedBlockLogImpl.java:incrementCount(141)) - Deleted TXID not found.
2019-06-15 10:53:40,504 WARN  block.DeletedBlockLogImpl (DeletedBlockLogImpl.java:incrementCount(141)) - Deleted TXID not found.
2019-06-15 10:53:40,504 DEBUG block.DeletedBlockLogImpl (DeletedBlockLogImpl.java:isTransactionFailed(245)) - Got block deletion ACK from datanode, TXIDs=1, success=true
2019-06-15 10:53:40,504 WARN  block.DeletedBlockLogImpl (DeletedBlockLogImpl.java:commitTransactions(205)) - Transaction txId=1 commit by dnId=325d518f-bf0d-428a-814f-266b27e759e4 for containerID=#1 failed. Corresponding entry not found.
2019-06-15 10:53:40,504 WARN  block.DeletedBlockLogImpl (DeletedBlockLogImpl.java:incrementCount(141)) - Deleted TXID not found.
2019-06-15 10:53:40,505 WARN  block.DeletedBlockLogImpl (DeletedBlockLogImpl.java:incrementCount(141)) - Deleted TXID not found.
2019-06-15 10:53:40,505 WARN  block.DeletedBlockLogImpl (DeletedBlockLogImpl.java:incrementCount(141)) - Deleted TXID not found.
2019-06-15 10:53:40,505 DEBUG block.DeletedBlockLogImpl (DeletedBlockLogImpl.java:isTransactionFailed(245)) - Got block deletion ACK from datanode, TXIDs=1, success=true
2019-06-15 10:53:40,505 WARN  block.DeletedBlockLogImpl (DeletedBlockLogImpl.java:commitTransactions(205)) - Transaction txId=1 commit by dnId=325d518f-bf0d-428a-814f-266b27e759e4 for containerID=#1 failed. Corresponding entry not found.
2019-06-15 10:53:40,505 WARN  block.DeletedBlockLogImpl (DeletedBlockLogImpl.java:incrementCount(141)) - Deleted TXID not found.
2019-06-15 10:53:40,505 WARN  block.DeletedBlockLogImpl (DeletedBlockLogImpl.java:incrementCount(141)) - Deleted TXID not found.
2019-06-15 10:53:40,505 WARN  block.DeletedBlockLogImpl (DeletedBlockLogImpl.java:incrementCount(141)) - Deleted TXID not found.
2019-06-15 10:53:40,505 DEBUG block.DeletedBlockLogImpl (DeletedBlockLogImpl.java:isTransactionFailed(245)) - Got block deletion ACK from datanode, TXIDs=1, success=true
2019-06-15 10:53:40,505 WARN  block.DeletedBlockLogImpl (DeletedBlockLogImpl.java:commitTransactions(205)) - Transaction txId=1 commit by dnId=325d518f-bf0d-428a-814f-266b27e759e4 for containerID=#1 failed. Corresponding entry not found.
2019-06-15 10:53:40,505 WARN  block.DeletedBlockLogImpl (DeletedBlockLogImpl.java:incrementCount(141)) - Deleted TXID not found.
2019-06-15 10:53:40,505 WARN  block.DeletedBlockLogImpl (DeletedBlockLogImpl.java:incrementCount(141)) - Deleted TXID not found.
2019-06-15 10:53:40,505 WARN  block.DeletedBlockLogImpl (DeletedBlockLogImpl.java:incrementCount(141)) - Deleted TXID not found.
2019-06-15 10:53:40,505 DEBUG block.DeletedBlockLogImpl (DeletedBlockLogImpl.java:isTransactionFailed(245)) - Got block deletion ACK from datanode, TXIDs=1, success=true
2019-06-15 10:53:40,505 WARN  block.DeletedBlockLogImpl (DeletedBlockLogImpl.java:commitTransactions(205)) - Transaction txId=1 commit by dnId=325d518f-bf0d-428a-814f-266b27e759e4 for containerID=#1 failed. Corresponding entry not found.
2019-06-15 10:53:40,506 WARN  block.DeletedBlockLogImpl (DeletedBlockLogImpl.java:incrementCount(141)) - Deleted TXID not found.
2019-06-15 10:53:40,506 WARN  block.DeletedBlockLogImpl (DeletedBlockLogImpl.java:incrementCount(141)) - Deleted TXID not found.
2019-06-15 10:53:40,506 WARN  block.DeletedBlockLogImpl (DeletedBlockLogImpl.java:incrementCount(141)) - Deleted TXID not found.
2019-06-15 10:53:40,506 DEBUG block.DeletedBlockLogImpl (DeletedBlockLogImpl.java:isTransactionFailed(245)) - Got block deletion ACK from datanode, TXIDs=1, success=true
2019-06-15 10:53:40,506 WARN  block.DeletedBlockLogImpl (DeletedBlockLogImpl.java:commitTransactions(205)) - Transaction txId=1 commit by dnId=325d518f-bf0d-428a-814f-266b27e759e4 for containerID=#1 failed. Corresponding entry not found.
2019-06-15 10:53:40,506 DEBUG block.DeletedBlockLogImpl (DeletedBlockLogImpl.java:isTransactionFailed(245)) - Got block deletion ACK from datanode, TXIDs=1, success=true
2019-06-15 10:53:40,506 WARN  block.DeletedBlockLogImpl (DeletedBlockLogImpl.java:commitTransactions(205)) - Transaction txId=1 commit by dnId=325d518f-bf0d-428a-814f-266b27e759e4 for containerID=#1 failed. Corresponding entry not found.
2019-06-15 10:53:40,506 DEBUG block.DeletedBlockLogImpl (DeletedBlockLogImpl.java:isTransactionFailed(245)) - Got block deletion ACK from datanode, TXIDs=1, success=true
2019-06-15 10:53:40,506 WARN  block.DeletedBlockLogImpl (DeletedBlockLogImpl.java:commitTransactions(205)) - Transaction txId=1 commit by dnId=325d518f-bf0d-428a-814f-266b27e759e4 for containerID=#1 failed. Corresponding entry not found.
2019-06-15 10:53:40,506 DEBUG block.DeletedBlockLogImpl (DeletedBlockLogImpl.java:isTransactionFailed(245)) - Got block deletion ACK from datanode, TXIDs=1, success=true
2019-06-15 10:53:40,506 WARN  block.DeletedBlockLogImpl (DeletedBlockLogImpl.java:commitTransactions(205)) - Transaction txId=1 commit by dnId=325d518f-bf0d-428a-814f-266b27e759e4 for containerID=#1 failed. Corresponding entry not found.
2019-06-15 10:53:40,506 DEBUG block.DeletedBlockLogImpl (DeletedBlockLogImpl.java:isTransactionFailed(245)) - Got block deletion ACK from datanode, TXIDs=1, success=true
2019-06-15 10:53:40,506 WARN  block.DeletedBlockLogImpl (DeletedBlockLogImpl.java:commitTransactions(205)) - Transaction txId=1 commit by dnId=325d518f-bf0d-428a-814f-266b27e759e4 for containerID=#1 failed. Corresponding entry not found.
2019-06-15 10:53:40,506 DEBUG block.DeletedBlockLogImpl (DeletedBlockLogImpl.java:isTransactionFailed(245)) - Got block deletion ACK from datanode, TXIDs=1, success=true
2019-06-15 10:53:40,506 WARN  block.DeletedBlockLogImpl (DeletedBlockLogImpl.java:commitTransactions(205)) - Transaction txId=1 commit by dnId=325d518f-bf0d-428a-814f-266b27e759e4 for containerID=#1 failed. Corresponding entry not found.
2019-06-15 10:53:40,507 DEBUG block.DeletedBlockLogImpl (DeletedBlockLogImpl.java:isTransactionFailed(245)) - Got block deletion ACK from datanode, TXIDs=1, success=true
2019-06-15 10:53:40,507 WARN  block.DeletedBlockLogImpl (DeletedBlockLogImpl.java:commitTransactions(205)) - Transaction txId=1 commit by dnId=325d518f-bf0d-428a-814f-266b27e759e4 for containerID=#1 failed. Corresponding entry not found.
2019-06-15 10:53:40,507 DEBUG block.DeletedBlockLogImpl (DeletedBlockLogImpl.java:isTransactionFailed(245)) - Got block deletion ACK from datanode, TXIDs=1, success=true
2019-06-15 10:53:40,507 WARN  block.DeletedBlockLogImpl (DeletedBlockLogImpl.java:commitTransactions(205)) - Transaction txId=1 commit by dnId=325d518f-bf0d-428a-814f-266b27e759e4 for containerID=#1 failed. Corresponding entry not found.
2019-06-15 10:53:40,507 DEBUG block.DeletedBlockLogImpl (DeletedBlockLogImpl.java:isTransactionFailed(245)) - Got block deletion ACK from datanode, TXIDs=1, success=true
2019-06-15 10:53:40,507 WARN  block.DeletedBlockLogImpl (DeletedBlockLogImpl.java:commitTransactions(205)) - Transaction txId=1 commit by dnId=325d518f-bf0d-428a-814f-266b27e759e4 for containerID=#1 failed. Corresponding entry not found.
2019-06-15 10:53:40,507 DEBUG block.DeletedBlockLogImpl (DeletedBlockLogImpl.java:isTransactionFailed(245)) - Got block deletion ACK from datanode, TXIDs=1, success=true
2019-06-15 10:53:40,507 WARN  block.DeletedBlockLogImpl (DeletedBlockLogImpl.java:commitTransactions(205)) - Transaction txId=1 commit by dnId=325d518f-bf0d-428a-814f-266b27e759e4 for containerID=#1 failed. Corresponding entry not found.
2019-06-15 10:53:40,507 DEBUG block.DeletedBlockLogImpl (DeletedBlockLogImpl.java:isTransactionFailed(245)) - Got block deletion ACK from datanode, TXIDs=1, success=true
2019-06-15 10:53:40,507 WARN  block.DeletedBlockLogImpl (DeletedBlockLogImpl.java:commitTransactions(205)) - Transaction txId=1 commit by dnId=325d518f-bf0d-428a-814f-266b27e759e4 for containerID=#1 failed. Corresponding entry not found.
2019-06-15 10:53:40,507 DEBUG block.DeletedBlockLogImpl (DeletedBlockLogImpl.java:isTransactionFailed(245)) - Got block deletion ACK from datanode, TXIDs=1, success=true
2019-06-15 10:53:40,507 WARN  block.DeletedBlockLogImpl (DeletedBlockLogImpl.java:commitTransactions(205)) - Transaction txId=1 commit by dnId=325d518f-bf0d-428a-814f-266b27e759e4 for containerID=#1 failed. Corresponding entry not found.
2019-06-15 10:53:40,507 DEBUG block.DeletedBlockLogImpl (DeletedBlockLogImpl.java:isTransactionFailed(245)) - Got block deletion ACK from datanode, TXIDs=1, success=true
2019-06-15 10:53:40,507 WARN  block.DeletedBlockLogImpl (DeletedBlockLogImpl.java:commitTransactions(205)) - Transaction txId=1 commit by dnId=325d518f-bf0d-428a-814f-266b27e759e4 for containerID=#1 failed. Corresponding entry not found.
2019-06-15 10:53:40,507 DEBUG block.DeletedBlockLogImpl (DeletedBlockLogImpl.java:isTransactionFailed(245)) - Got block deletion ACK from datanode, TXIDs=1, success=true
2019-06-15 10:53:40,507 WARN  block.DeletedBlockLogImpl (DeletedBlockLogImpl.java:commitTransactions(205)) - Transaction txId=1 commit by dnId=325d518f-bf0d-428a-814f-266b27e759e4 for containerID=#1 failed. Corresponding entry not found.
2019-06-15 10:53:40,507 DEBUG block.DeletedBlockLogImpl (DeletedBlockLogImpl.java:isTransactionFailed(245)) - Got block deletion ACK from datanode, TXIDs=1, success=true
2019-06-15 10:53:40,507 WARN  block.DeletedBlockLogImpl (DeletedBlockLogImpl.java:commitTransactions(205)) - Transaction txId=1 commit by dnId=325d518f-bf0d-428a-814f-266b27e759e4 for containerID=#1 failed. Corresponding entry not found.
2019-06-15 10:53:40,507 DEBUG block.DeletedBlockLogImpl (DeletedBlockLogImpl.java:isTransactionFailed(245)) - Got block deletion ACK from datanode, TXIDs=1, success=true
2019-06-15 10:53:40,507 WARN  block.DeletedBlockLogImpl (DeletedBlockLogImpl.java:commitTransactions(205)) - Transaction txId=1 commit by dnId=325d518f-bf0d-428a-814f-266b27e759e4 for containerID=#1 failed. Corresponding entry not found.
2019-06-15 10:53:40,508 DEBUG block.DeletedBlockLogImpl (DeletedBlockLogImpl.java:isTransactionFailed(245)) - Got block deletion ACK from datanode, TXIDs=1, success=true
2019-06-15 10:53:40,508 WARN  block.DeletedBlockLogImpl (DeletedBlockLogImpl.java:commitTransactions(205)) - Transaction txId=1 commit by dnId=325d518f-bf0d-428a-814f-266b27e759e4 for containerID=#1 failed. Corresponding entry not found.
2019-06-15 10:53:40,508 DEBUG block.DeletedBlockLogImpl (DeletedBlockLogImpl.java:isTransactionFailed(245)) - Got block deletion ACK from datanode, TXIDs=1, success=true
2019-06-15 10:53:40,508 WARN  block.DeletedBlockLogImpl (DeletedBlockLogImpl.java:commitTransactions(205)) - Transaction txId=1 commit by dnId=325d518f-bf0d-428a-814f-266b27e759e4 for containerID=#1 failed. Corresponding entry not found.
2019-06-15 10:53:40,508 DEBUG block.DeletedBlockLogImpl (DeletedBlockLogImpl.java:isTransactionFailed(245)) - Got block deletion ACK from datanode, TXIDs=1, success=true
2019-06-15 10:53:40,508 WARN  block.DeletedBlockLogImpl (DeletedBlockLogImpl.java:commitTransactions(205)) - Transaction txId=1 commit by dnId=325d518f-bf0d-428a-814f-266b27e759e4 for containerID=#1 failed. Corresponding entry not found.
2019-06-15 10:53:40,508 DEBUG block.DeletedBlockLogImpl (DeletedBlockLogImpl.java:isTransactionFailed(245)) - Got block deletion ACK from datanode, TXIDs=1, success=true
2019-06-15 10:53:40,508 WARN  block.DeletedBlockLogImpl (DeletedBlockLogImpl.java:commitTransactions(205)) - Transaction txId=1 commit by dnId=325d518f-bf0d-428a-814f-266b27e759e4 for containerID=#1 failed. Corresponding entry not found.
2019-06-15 10:53:40,508 DEBUG block.DeletedBlockLogImpl (DeletedBlockLogImpl.java:isTransactionFailed(245)) - Got block deletion ACK from datanode, TXIDs=1, success=true
2019-06-15 10:53:40,508 WARN  block.DeletedBlockLogImpl (DeletedBlockLogImpl.java:commitTransactions(205)) - Transaction txId=1 commit by dnId=325d518f-bf0d-428a-814f-266b27e759e4 for containerID=#1 failed. Corresponding entry not found.
2019-06-15 10:53:40,508 DEBUG block.DeletedBlockLogImpl (DeletedBlockLogImpl.java:isTransactionFailed(245)) - Got block deletion ACK from datanode, TXIDs=1, success=true
2019-06-15 10:53:40,508 WARN  block.DeletedBlockLogImpl (DeletedBlockLogImpl.java:commitTransactions(205)) - Transaction txId=1 commit by dnId=325d518f-bf0d-428a-814f-266b27e759e4 for containerID=#1 failed. Corresponding entry not found.
2019-06-15 10:53:40,508 DEBUG block.DeletedBlockLogImpl (DeletedBlockLogImpl.java:isTransactionFailed(245)) - Got block deletion ACK from datanode, TXIDs=1, success=true
2019-06-15 10:53:40,508 WARN  block.DeletedBlockLogImpl (DeletedBlockLogImpl.java:commitTransactions(205)) - Transaction txId=1 commit by dnId=325d518f-bf0d-428a-814f-266b27e759e4 for containerID=#1 failed. Corresponding entry not found.
2019-06-15 10:53:40,508 DEBUG block.DeletedBlockLogImpl (DeletedBlockLogImpl.java:isTransactionFailed(245)) - Got block deletion ACK from datanode, TXIDs=1, success=true
2019-06-15 10:53:40,508 WARN  block.DeletedBlockLogImpl (DeletedBlockLogImpl.java:commitTransactions(205)) - Transaction txId=1 commit by dnId=325d518f-bf0d-428a-814f-266b27e759e4 for containerID=#1 failed. Corresponding entry not found.
2019-06-15 10:53:40,508 DEBUG block.DeletedBlockLogImpl (DeletedBlockLogImpl.java:isTransactionFailed(245)) - Got block deletion ACK from datanode, TXIDs=1, success=true
2019-06-15 10:53:40,508 WARN  block.DeletedBlockLogImpl (DeletedBlockLogImpl.java:commitTransactions(205)) - Transaction txId=1 commit by dnId=325d518f-bf0d-428a-814f-266b27e759e4 for containerID=#1 failed. Corresponding entry not found.
2019-06-15 10:53:40,508 DEBUG block.DeletedBlockLogImpl (DeletedBlockLogImpl.java:isTransactionFailed(245)) - Got block deletion ACK from datanode, TXIDs=1, success=true
2019-06-15 10:53:40,508 WARN  block.DeletedBlockLogImpl (DeletedBlockLogImpl.java:commitTransactions(205)) - Transaction txId=1 commit by dnId=325d518f-bf0d-428a-814f-266b27e759e4 for containerID=#1 failed. Corresponding entry not found.
2019-06-15 10:53:40,604 DEBUG block.SCMBlockDeletingService (SCMBlockDeletingService.java:call(138)) - Running DeletedBlockTransactionScanner
2019-06-15 10:53:40,605 DEBUG block.SCMBlockDeletingService (SCMBlockDeletingService.java:call(155)) - Scanned deleted blocks log and got 0 delTX to process.
2019-06-15 10:53:40,705 DEBUG block.SCMBlockDeletingService (SCMBlockDeletingService.java:call(138)) - Running DeletedBlockTransactionScanner
2019-06-15 10:53:40,705 DEBUG block.SCMBlockDeletingService (SCMBlockDeletingService.java:call(155)) - Scanned deleted blocks log and got 0 delTX to process.
2019-06-15 10:53:40,805 DEBUG block.SCMBlockDeletingService (SCMBlockDeletingService.java:call(138)) - Running DeletedBlockTransactionScanner
2019-06-15 10:53:40,805 DEBUG block.SCMBlockDeletingService (SCMBlockDeletingService.java:call(155)) - Scanned deleted blocks log and got 0 delTX to process.
2019-06-15 10:53:40,905 DEBUG block.SCMBlockDeletingService (SCMBlockDeletingService.java:call(138)) - Running DeletedBlockTransactionScanner
2019-06-15 10:53:40,906 DEBUG block.SCMBlockDeletingService (SCMBlockDeletingService.java:call(155)) - Scanned deleted blocks log and got 0 delTX to process.
2019-06-15 10:53:41,006 DEBUG block.SCMBlockDeletingService (SCMBlockDeletingService.java:call(138)) - Running DeletedBlockTransactionScanner
2019-06-15 10:53:41,006 DEBUG block.SCMBlockDeletingService (SCMBlockDeletingService.java:call(155)) - Scanned deleted blocks log and got 0 delTX to process.
2019-06-15 10:53:41,106 DEBUG block.SCMBlockDeletingService (SCMBlockDeletingService.java:call(138)) - Running DeletedBlockTransactionScanner
2019-06-15 10:53:41,106 DEBUG block.SCMBlockDeletingService (SCMBlockDeletingService.java:call(155)) - Scanned deleted blocks log and got 0 delTX to process.
]]></system-out>
    <system-err><![CDATA[ERROR StatusLogger No Log4j 2 configuration file found. Using default configuration (logging only errors to the console), or user programmatically provided configurations. Set system property 'log4j2.debug' to show Log4j 2 internal initialization logging. See https://logging.apache.org/log4j/2.x/manual/configuration.html for instructions on how to configure Log4j 2
Jun 15, 2019 10:52:46 AM com.sun.jersey.server.impl.application.WebApplicationImpl _initiate
INFO: Initiating Jersey application, version 'Jersey: 1.19 02/11/2015 03:25 AM'
Jun 15, 2019 10:53:32 AM com.sun.jersey.server.impl.application.WebApplicationImpl _initiate
INFO: Initiating Jersey application, version 'Jersey: 1.19 02/11/2015 03:25 AM'
]]></system-err>
  </testcase>
</testsuite>