<?xml version="1.0" encoding="UTF-8"?>
<testsuite xmlns:xsi="http://www.w3.org/2001/XMLSchema-instance" xsi:noNamespaceSchemaLocation="https://maven.apache.org/surefire/maven-surefire-plugin/xsd/surefire-test-report.xsd" name="org.apache.hadoop.ozone.client.rpc.TestWatchForCommit" time="162.426" tests="6" errors="0" skipped="0" failures="1">
  <properties>
    <property name="awt.toolkit" value="sun.awt.X11.XToolkit"/>
    <property name="file.encoding.pkg" value="sun.io"/>
    <property name="java.specification.version" value="1.8"/>
    <property name="sun.cpu.isalist" value=""/>
    <property name="sun.jnu.encoding" value="UTF-8"/>
    <property name="java.class.path" value="/opt/src/hadoop-ozone/integration-test/target/test-classes:/opt/src/hadoop-ozone/integration-test/target/classes:/home/user/.m2/repository/org/apache/hadoop/hadoop-ozone-common/0.5.0-SNAPSHOT/hadoop-ozone-common-0.5.0-SNAPSHOT.jar:/home/user/.m2/repository/org/apache/commons/commons-compress/1.4.1/commons-compress-1.4.1.jar:/home/user/.m2/repository/org/tukaani/xz/1.0/xz-1.0.jar:/home/user/.m2/repository/org/apache/hadoop/hadoop-common/3.2.0/hadoop-common-3.2.0.jar:/home/user/.m2/repository/org/apache/hadoop/hadoop-hdfs/3.2.0/hadoop-hdfs-3.2.0.jar:/home/user/.m2/repository/org/apache/hadoop/hadoop-hdfs-client/3.2.0/hadoop-hdfs-client-3.2.0.jar:/home/user/.m2/repository/com/fasterxml/jackson/core/jackson-annotations/2.9.5/jackson-annotations-2.9.5.jar:/home/user/.m2/repository/org/apache/hadoop/hadoop-hdds-common/0.5.0-SNAPSHOT/hadoop-hdds-common-0.5.0-SNAPSHOT.jar:/home/user/.m2/repository/javax/annotation/javax.annotation-api/1.2/javax.annotation-api-1.2.jar:/home/user/.m2/repository/org/apache/ratis/ratis-server/0.4.0-fe2b15d-SNAPSHOT/ratis-server-0.4.0-fe2b15d-SNAPSHOT.jar:/home/user/.m2/repository/org/apache/ratis/ratis-thirdparty-misc/0.2.0/ratis-thirdparty-misc-0.2.0.jar:/home/user/.m2/repository/org/apache/ratis/ratis-proto/0.4.0-fe2b15d-SNAPSHOT/ratis-proto-0.4.0-fe2b15d-SNAPSHOT.jar:/home/user/.m2/repository/org/apache/ratis/ratis-common/0.4.0-fe2b15d-SNAPSHOT/ratis-common-0.4.0-fe2b15d-SNAPSHOT.jar:/home/user/.m2/repository/org/apache/ratis/ratis-client/0.4.0-fe2b15d-SNAPSHOT/ratis-client-0.4.0-fe2b15d-SNAPSHOT.jar:/home/user/.m2/repository/org/apache/ratis/ratis-netty/0.4.0-fe2b15d-SNAPSHOT/ratis-netty-0.4.0-fe2b15d-SNAPSHOT.jar:/home/user/.m2/repository/org/apache/ratis/ratis-grpc/0.4.0-fe2b15d-SNAPSHOT/ratis-grpc-0.4.0-fe2b15d-SNAPSHOT.jar:/home/user/.m2/repository/org/rocksdb/rocksdbjni/5.14.2/rocksdbjni-5.14.2.jar:/home/user/.m2/repository/org/apache/logging/log4j/log4j-api/2.11.0/log4j-api-2.11.0.jar:/home/user/.m2/repository/org/apache/logging/log4j/log4j-core/2.11.0/log4j-core-2.11.0.jar:/home/user/.m2/repository/com/lmax/disruptor/3.4.2/disruptor-3.4.2.jar:/home/user/.m2/repository/org/apache/commons/commons-pool2/2.6.0/commons-pool2-2.6.0.jar:/home/user/.m2/repository/org/bouncycastle/bcpkix-jdk15on/1.60/bcpkix-jdk15on-1.60.jar:/home/user/.m2/repository/commons-validator/commons-validator/1.6/commons-validator-1.6.jar:/home/user/.m2/repository/commons-digester/commons-digester/1.8.1/commons-digester-1.8.1.jar:/home/user/.m2/repository/io/jaegertracing/jaeger-client/0.33.1/jaeger-client-0.33.1.jar:/home/user/.m2/repository/io/jaegertracing/jaeger-thrift/0.33.1/jaeger-thrift-0.33.1.jar:/home/user/.m2/repository/org/apache/thrift/libthrift/0.11.0/libthrift-0.11.0.jar:/home/user/.m2/repository/com/squareup/okhttp3/okhttp/3.9.0/okhttp-3.9.0.jar:/home/user/.m2/repository/com/squareup/okio/okio/1.13.0/okio-1.13.0.jar:/home/user/.m2/repository/io/jaegertracing/jaeger-core/0.33.1/jaeger-core-0.33.1.jar:/home/user/.m2/repository/io/jaegertracing/jaeger-tracerresolver/0.33.1/jaeger-tracerresolver-0.33.1.jar:/home/user/.m2/repository/io/opentracing/contrib/opentracing-tracerresolver/0.1.5/opentracing-tracerresolver-0.1.5.jar:/home/user/.m2/repository/io/opentracing/opentracing-util/0.31.0/opentracing-util-0.31.0.jar:/home/user/.m2/repository/io/opentracing/opentracing-api/0.31.0/opentracing-api-0.31.0.jar:/home/user/.m2/repository/io/opentracing/opentracing-noop/0.31.0/opentracing-noop-0.31.0.jar:/home/user/.m2/repository/org/apache/hadoop/hadoop-hdds-server-framework/0.5.0-SNAPSHOT/hadoop-hdds-server-framework-0.5.0-SNAPSHOT.jar:/home/user/.m2/repository/org/apache/hadoop/hadoop-hdds-server-scm/0.5.0-SNAPSHOT/hadoop-hdds-server-scm-0.5.0-SNAPSHOT.jar:/home/user/.m2/repository/org/apache/hadoop/hadoop-hdds-container-service/0.5.0-SNAPSHOT/hadoop-hdds-container-service-0.5.0-SNAPSHOT.jar:/home/user/.m2/repository/org/apache/hadoop/hadoop-hdds-client/0.5.0-SNAPSHOT/hadoop-hdds-client-0.5.0-SNAPSHOT.jar:/home/user/.m2/repository/org/apache/hadoop/hadoop-hdds-tools/0.5.0-SNAPSHOT/hadoop-hdds-tools-0.5.0-SNAPSHOT.jar:/home/user/.m2/repository/org/apache/hadoop/hadoop-ozone-ozone-manager/0.5.0-SNAPSHOT/hadoop-ozone-ozone-manager-0.5.0-SNAPSHOT.jar:/home/user/.m2/repository/org/apache/hadoop/hadoop-hdds-docs/0.5.0-SNAPSHOT/hadoop-hdds-docs-0.5.0-SNAPSHOT.jar:/home/user/.m2/repository/org/bouncycastle/bcprov-jdk15on/1.60/bcprov-jdk15on-1.60.jar:/home/user/.m2/repository/org/apache/hadoop/hadoop-minikdc/3.2.0/hadoop-minikdc-3.2.0.jar:/home/user/.m2/repository/commons-io/commons-io/2.5/commons-io-2.5.jar:/home/user/.m2/repository/org/apache/kerby/kerb-simplekdc/1.0.1/kerb-simplekdc-1.0.1.jar:/home/user/.m2/repository/org/apache/kerby/kerb-client/1.0.1/kerb-client-1.0.1.jar:/home/user/.m2/repository/org/apache/kerby/kerby-config/1.0.1/kerby-config-1.0.1.jar:/home/user/.m2/repository/org/apache/kerby/kerb-core/1.0.1/kerb-core-1.0.1.jar:/home/user/.m2/repository/org/apache/kerby/kerby-pkix/1.0.1/kerby-pkix-1.0.1.jar:/home/user/.m2/repository/org/apache/kerby/kerby-asn1/1.0.1/kerby-asn1-1.0.1.jar:/home/user/.m2/repository/org/apache/kerby/kerby-util/1.0.1/kerby-util-1.0.1.jar:/home/user/.m2/repository/org/apache/kerby/kerb-common/1.0.1/kerb-common-1.0.1.jar:/home/user/.m2/repository/org/apache/kerby/kerb-crypto/1.0.1/kerb-crypto-1.0.1.jar:/home/user/.m2/repository/org/apache/kerby/kerb-util/1.0.1/kerb-util-1.0.1.jar:/home/user/.m2/repository/org/apache/kerby/token-provider/1.0.1/token-provider-1.0.1.jar:/home/user/.m2/repository/org/apache/kerby/kerb-admin/1.0.1/kerb-admin-1.0.1.jar:/home/user/.m2/repository/org/apache/kerby/kerb-server/1.0.1/kerb-server-1.0.1.jar:/home/user/.m2/repository/org/apache/kerby/kerb-identity/1.0.1/kerb-identity-1.0.1.jar:/home/user/.m2/repository/org/apache/kerby/kerby-xdr/1.0.1/kerby-xdr-1.0.1.jar:/home/user/.m2/repository/org/slf4j/slf4j-log4j12/1.7.25/slf4j-log4j12-1.7.25.jar:/home/user/.m2/repository/org/apache/hadoop/hadoop-ozone-objectstore-service/0.5.0-SNAPSHOT/hadoop-ozone-objectstore-service-0.5.0-SNAPSHOT.jar:/home/user/.m2/repository/org/apache/hadoop/hadoop-ozone-s3gateway/0.5.0-SNAPSHOT/hadoop-ozone-s3gateway-0.5.0-SNAPSHOT.jar:/home/user/.m2/repository/org/jboss/weld/servlet/weld-servlet/2.4.7.Final/weld-servlet-2.4.7.Final.jar:/home/user/.m2/repository/org/glassfish/jersey/containers/jersey-container-servlet-core/2.27/jersey-container-servlet-core-2.27.jar:/home/user/.m2/repository/org/glassfish/hk2/external/javax.inject/2.5.0-b42/javax.inject-2.5.0-b42.jar:/home/user/.m2/repository/org/glassfish/jersey/core/jersey-common/2.27/jersey-common-2.27.jar:/home/user/.m2/repository/org/glassfish/hk2/osgi-resource-locator/1.0.1/osgi-resource-locator-1.0.1.jar:/home/user/.m2/repository/javax/ws/rs/javax.ws.rs-api/2.1/javax.ws.rs-api-2.1.jar:/home/user/.m2/repository/org/glassfish/jersey/ext/cdi/jersey-cdi1x/2.27/jersey-cdi1x-2.27.jar:/home/user/.m2/repository/org/glassfish/jersey/inject/jersey-hk2/2.27/jersey-hk2-2.27.jar:/home/user/.m2/repository/org/glassfish/hk2/hk2-locator/2.5.0-b42/hk2-locator-2.5.0-b42.jar:/home/user/.m2/repository/org/javassist/javassist/3.22.0-CR2/javassist-3.22.0-CR2.jar:/home/user/.m2/repository/org/glassfish/hk2/hk2-api/2.5.0/hk2-api-2.5.0.jar:/home/user/.m2/repository/org/glassfish/hk2/external/jakarta.inject/2.5.0/jakarta.inject-2.5.0.jar:/home/user/.m2/repository/org/glassfish/hk2/hk2-utils/2.5.0/hk2-utils-2.5.0.jar:/home/user/.m2/repository/jakarta/annotation/jakarta.annotation-api/1.3.4/jakarta.annotation-api-1.3.4.jar:/home/user/.m2/repository/org/glassfish/hk2/external/aopalliance-repackaged/2.5.0/aopalliance-repackaged-2.5.0.jar:/home/user/.m2/repository/com/fasterxml/jackson/dataformat/jackson-dataformat-xml/2.9.0/jackson-dataformat-xml-2.9.0.jar:/home/user/.m2/repository/com/fasterxml/jackson/core/jackson-core/2.9.5/jackson-core-2.9.5.jar:/home/user/.m2/repository/com/fasterxml/jackson/module/jackson-module-jaxb-annotations/2.9.5/jackson-module-jaxb-annotations-2.9.5.jar:/home/user/.m2/repository/javax/enterprise/cdi-api/1.2/cdi-api-1.2.jar:/home/user/.m2/repository/javax/el/javax.el-api/3.0.0/javax.el-api-3.0.0.jar:/home/user/.m2/repository/javax/interceptor/javax.interceptor-api/1.2/javax.interceptor-api-1.2.jar:/home/user/.m2/repository/javax/inject/javax.inject/1/javax.inject-1.jar:/home/user/.m2/repository/com/sun/xml/bind/jaxb-impl/2.3.0.1/jaxb-impl-2.3.0.1.jar:/home/user/.m2/repository/com/sun/xml/bind/jaxb-core/2.3.0.1/jaxb-core-2.3.0.1.jar:/home/user/.m2/repository/javax/xml/bind/jaxb-api/2.3.0/jaxb-api-2.3.0.jar:/home/user/.m2/repository/javax/activation/activation/1.1.1/activation-1.1.1.jar:/home/user/.m2/repository/org/apache/hadoop/hadoop-ozone-csi/0.5.0-SNAPSHOT/hadoop-ozone-csi-0.5.0-SNAPSHOT.jar:/home/user/.m2/repository/com/google/protobuf/protobuf-java-util/3.5.1/protobuf-java-util-3.5.1.jar:/home/user/.m2/repository/org/apache/hadoop/hadoop-hdds-config/0.5.0-SNAPSHOT/hadoop-hdds-config-0.5.0-SNAPSHOT.jar:/home/user/.m2/repository/com/google/guava/guava/11.0.2/guava-11.0.2.jar:/home/user/.m2/repository/com/google/protobuf/protobuf-java/2.5.0/protobuf-java-2.5.0.jar:/home/user/.m2/repository/io/grpc/grpc-netty/1.17.1/grpc-netty-1.17.1.jar:/home/user/.m2/repository/io/grpc/grpc-core/1.17.1/grpc-core-1.17.1.jar:/home/user/.m2/repository/io/grpc/grpc-context/1.17.1/grpc-context-1.17.1.jar:/home/user/.m2/repository/com/google/errorprone/error_prone_annotations/2.2.0/error_prone_annotations-2.2.0.jar:/home/user/.m2/repository/org/codehaus/mojo/animal-sniffer-annotations/1.17/animal-sniffer-annotations-1.17.jar:/home/user/.m2/repository/io/opencensus/opencensus-api/0.17.0/opencensus-api-0.17.0.jar:/home/user/.m2/repository/io/opencensus/opencensus-contrib-grpc-metrics/0.17.0/opencensus-contrib-grpc-metrics-0.17.0.jar:/home/user/.m2/repository/io/netty/netty-codec-http2/4.1.30.Final/netty-codec-http2-4.1.30.Final.jar:/home/user/.m2/repository/io/netty/netty-codec-http/4.1.30.Final/netty-codec-http-4.1.30.Final.jar:/home/user/.m2/repository/io/netty/netty-codec/4.1.30.Final/netty-codec-4.1.30.Final.jar:/home/user/.m2/repository/io/netty/netty-handler/4.1.30.Final/netty-handler-4.1.30.Final.jar:/home/user/.m2/repository/io/netty/netty-handler-proxy/4.1.30.Final/netty-handler-proxy-4.1.30.Final.jar:/home/user/.m2/repository/io/netty/netty-codec-socks/4.1.30.Final/netty-codec-socks-4.1.30.Final.jar:/home/user/.m2/repository/io/netty/netty-transport-native-epoll/4.1.30.Final/netty-transport-native-epoll-4.1.30.Final.jar:/home/user/.m2/repository/io/netty/netty-common/4.1.30.Final/netty-common-4.1.30.Final.jar:/home/user/.m2/repository/io/netty/netty-buffer/4.1.30.Final/netty-buffer-4.1.30.Final.jar:/home/user/.m2/repository/io/netty/netty-transport/4.1.30.Final/netty-transport-4.1.30.Final.jar:/home/user/.m2/repository/io/netty/netty-resolver/4.1.30.Final/netty-resolver-4.1.30.Final.jar:/home/user/.m2/repository/io/netty/netty-transport-native-unix-common/4.1.30.Final/netty-transport-native-unix-common-4.1.30.Final.jar:/home/user/.m2/repository/io/grpc/grpc-protobuf/1.17.1/grpc-protobuf-1.17.1.jar:/home/user/.m2/repository/com/google/api/grpc/proto-google-common-protos/1.0.0/proto-google-common-protos-1.0.0.jar:/home/user/.m2/repository/io/grpc/grpc-protobuf-lite/1.17.1/grpc-protobuf-lite-1.17.1.jar:/home/user/.m2/repository/io/grpc/grpc-stub/1.17.1/grpc-stub-1.17.1.jar:/home/user/.m2/repository/org/apache/hadoop/hadoop-ozone-recon/0.5.0-SNAPSHOT/hadoop-ozone-recon-0.5.0-SNAPSHOT.jar:/home/user/.m2/repository/org/apache/hadoop/hadoop-ozone-reconcodegen/0.5.0-SNAPSHOT/hadoop-ozone-reconcodegen-0.5.0-SNAPSHOT.jar:/home/user/.m2/repository/com/google/inject/extensions/guice-multibindings/4.0/guice-multibindings-4.0.jar:/home/user/.m2/repository/com/google/inject/guice/4.0/guice-4.0.jar:/home/user/.m2/repository/aopalliance/aopalliance/1.0/aopalliance-1.0.jar:/home/user/.m2/repository/com/google/inject/extensions/guice-servlet/4.0/guice-servlet-4.0.jar:/home/user/.m2/repository/org/glassfish/jersey/containers/jersey-container-servlet/2.27/jersey-container-servlet-2.27.jar:/home/user/.m2/repository/org/glassfish/hk2/guice-bridge/2.5.0/guice-bridge-2.5.0.jar:/home/user/.m2/repository/org/glassfish/jersey/core/jersey-server/2.27/jersey-server-2.27.jar:/home/user/.m2/repository/org/glassfish/jersey/core/jersey-client/2.27/jersey-client-2.27.jar:/home/user/.m2/repository/org/glassfish/jersey/media/jersey-media-jaxb/2.27/jersey-media-jaxb-2.27.jar:/home/user/.m2/repository/javax/validation/validation-api/1.1.0.Final/validation-api-1.1.0.Final.jar:/home/user/.m2/repository/org/glassfish/jersey/media/jersey-media-json-jackson/2.27/jersey-media-json-jackson-2.27.jar:/home/user/.m2/repository/org/glassfish/jersey/ext/jersey-entity-filtering/2.27/jersey-entity-filtering-2.27.jar:/home/user/.m2/repository/com/google/inject/extensions/guice-assistedinject/4.0/guice-assistedinject-4.0.jar:/home/user/.m2/repository/org/jooq/jooq/3.11.10/jooq-3.11.10.jar:/home/user/.m2/repository/org/jooq/jooq-meta/3.11.10/jooq-meta-3.11.10.jar:/home/user/.m2/repository/org/jooq/jooq-codegen/3.11.10/jooq-codegen-3.11.10.jar:/home/user/.m2/repository/com/jolbox/bonecp/0.8.0.RELEASE/bonecp-0.8.0.RELEASE.jar:/home/user/.m2/repository/org/xerial/sqlite-jdbc/3.25.2/sqlite-jdbc-3.25.2.jar:/home/user/.m2/repository/org/springframework/spring-jdbc/5.1.3.RELEASE/spring-jdbc-5.1.3.RELEASE.jar:/home/user/.m2/repository/org/springframework/spring-beans/5.1.3.RELEASE/spring-beans-5.1.3.RELEASE.jar:/home/user/.m2/repository/org/springframework/spring-core/5.1.3.RELEASE/spring-core-5.1.3.RELEASE.jar:/home/user/.m2/repository/org/springframework/spring-jcl/5.1.3.RELEASE/spring-jcl-5.1.3.RELEASE.jar:/home/user/.m2/repository/org/springframework/spring-tx/5.1.3.RELEASE/spring-tx-5.1.3.RELEASE.jar:/home/user/.m2/repository/org/apache/hadoop/hadoop-ozone-client/0.5.0-SNAPSHOT/hadoop-ozone-client-0.5.0-SNAPSHOT.jar:/home/user/.m2/repository/org/apache/hadoop/hadoop-ozone-ozone-manager/0.5.0-SNAPSHOT/hadoop-ozone-ozone-manager-0.5.0-SNAPSHOT-tests.jar:/home/user/.m2/repository/junit/junit/4.11/junit-4.11.jar:/home/user/.m2/repository/org/hamcrest/hamcrest-core/1.3/hamcrest-core-1.3.jar:/home/user/.m2/repository/org/openjdk/jmh/jmh-core/1.19/jmh-core-1.19.jar:/home/user/.m2/repository/net/sf/jopt-simple/jopt-simple/4.6/jopt-simple-4.6.jar:/home/user/.m2/repository/org/apache/commons/commons-math3/3.1.1/commons-math3-3.1.1.jar:/home/user/.m2/repository/org/openjdk/jmh/jmh-generator-annprocess/1.19/jmh-generator-annprocess-1.19.jar:/home/user/.m2/repository/org/mockito/mockito-all/1.8.5/mockito-all-1.8.5.jar:/home/user/.m2/repository/org/apache/hadoop/hadoop-kms/3.2.0/hadoop-kms-3.2.0.jar:/home/user/.m2/repository/org/apache/hadoop/hadoop-auth/3.2.0/hadoop-auth-3.2.0.jar:/home/user/.m2/repository/com/nimbusds/nimbus-jose-jwt/4.41.1/nimbus-jose-jwt-4.41.1.jar:/home/user/.m2/repository/com/github/stephenc/jcip/jcip-annotations/1.0-1/jcip-annotations-1.0-1.jar:/home/user/.m2/repository/net/minidev/json-smart/2.3/json-smart-2.3.jar:/home/user/.m2/repository/net/minidev/accessors-smart/1.2/accessors-smart-1.2.jar:/home/user/.m2/repository/org/ow2/asm/asm/5.0.4/asm-5.0.4.jar:/home/user/.m2/repository/org/apache/curator/curator-framework/2.12.0/curator-framework-2.12.0.jar:/home/user/.m2/repository/com/sun/jersey/jersey-core/1.19/jersey-core-1.19.jar:/home/user/.m2/repository/javax/ws/rs/jsr311-api/1.1.1/jsr311-api-1.1.1.jar:/home/user/.m2/repository/com/sun/jersey/jersey-server/1.19/jersey-server-1.19.jar:/home/user/.m2/repository/javax/servlet/javax.servlet-api/3.1.0/javax.servlet-api-3.1.0.jar:/home/user/.m2/repository/org/eclipse/jetty/jetty-server/9.3.24.v20180605/jetty-server-9.3.24.v20180605.jar:/home/user/.m2/repository/org/eclipse/jetty/jetty-http/9.3.24.v20180605/jetty-http-9.3.24.v20180605.jar:/home/user/.m2/repository/org/eclipse/jetty/jetty-io/9.3.24.v20180605/jetty-io-9.3.24.v20180605.jar:/home/user/.m2/repository/org/eclipse/jetty/jetty-webapp/9.3.24.v20180605/jetty-webapp-9.3.24.v20180605.jar:/home/user/.m2/repository/org/eclipse/jetty/jetty-xml/9.3.24.v20180605/jetty-xml-9.3.24.v20180605.jar:/home/user/.m2/repository/log4j/log4j/1.2.17/log4j-1.2.17.jar:/home/user/.m2/repository/org/slf4j/slf4j-api/1.7.25/slf4j-api-1.7.25.jar:/home/user/.m2/repository/org/slf4j/jul-to-slf4j/1.7.25/jul-to-slf4j-1.7.25.jar:/home/user/.m2/repository/org/eclipse/jetty/jetty-util/9.3.24.v20180605/jetty-util-9.3.24.v20180605.jar:/home/user/.m2/repository/io/dropwizard/metrics/metrics-core/3.2.4/metrics-core-3.2.4.jar:/home/user/.m2/repository/com/fasterxml/jackson/core/jackson-databind/2.9.5/jackson-databind-2.9.5.jar:/home/user/.m2/repository/org/apache/hadoop/hadoop-kms/3.2.0/hadoop-kms-3.2.0-tests.jar:/home/user/.m2/repository/org/apache/hadoop/hadoop-hdds-server-scm/0.5.0-SNAPSHOT/hadoop-hdds-server-scm-0.5.0-SNAPSHOT-tests.jar:/home/user/.m2/repository/org/hamcrest/hamcrest-all/1.3/hamcrest-all-1.3.jar:/home/user/.m2/repository/info/picocli/picocli/3.9.6/picocli-3.9.6.jar:/home/user/.m2/repository/org/apache/hadoop/hadoop-hdds-container-service/0.5.0-SNAPSHOT/hadoop-hdds-container-service-0.5.0-SNAPSHOT-tests.jar:/home/user/.m2/repository/org/yaml/snakeyaml/1.16/snakeyaml-1.16.jar:/home/user/.m2/repository/org/apache/hadoop/hadoop-common/3.2.0/hadoop-common-3.2.0-tests.jar:/home/user/.m2/repository/org/apache/hadoop/hadoop-annotations/3.2.0/hadoop-annotations-3.2.0.jar:/usr/lib/jvm/java-1.8-openjdk/jre/../lib/tools.jar:/home/user/.m2/repository/commons-cli/commons-cli/1.2/commons-cli-1.2.jar:/home/user/.m2/repository/org/apache/httpcomponents/httpclient/4.5.2/httpclient-4.5.2.jar:/home/user/.m2/repository/org/apache/httpcomponents/httpcore/4.4.4/httpcore-4.4.4.jar:/home/user/.m2/repository/commons-codec/commons-codec/1.11/commons-codec-1.11.jar:/home/user/.m2/repository/commons-net/commons-net/3.6/commons-net-3.6.jar:/home/user/.m2/repository/commons-collections/commons-collections/3.2.2/commons-collections-3.2.2.jar:/home/user/.m2/repository/org/eclipse/jetty/jetty-servlet/9.3.24.v20180605/jetty-servlet-9.3.24.v20180605.jar:/home/user/.m2/repository/org/eclipse/jetty/jetty-security/9.3.24.v20180605/jetty-security-9.3.24.v20180605.jar:/home/user/.m2/repository/javax/servlet/jsp/jsp-api/2.1/jsp-api-2.1.jar:/home/user/.m2/repository/com/sun/jersey/jersey-servlet/1.19/jersey-servlet-1.19.jar:/home/user/.m2/repository/com/sun/jersey/jersey-json/1.19/jersey-json-1.19.jar:/home/user/.m2/repository/org/codehaus/jettison/jettison/1.1/jettison-1.1.jar:/home/user/.m2/repository/org/codehaus/jackson/jackson-core-asl/1.9.13/jackson-core-asl-1.9.13.jar:/home/user/.m2/repository/org/codehaus/jackson/jackson-mapper-asl/1.9.13/jackson-mapper-asl-1.9.13.jar:/home/user/.m2/repository/org/codehaus/jackson/jackson-jaxrs/1.9.13/jackson-jaxrs-1.9.13.jar:/home/user/.m2/repository/org/codehaus/jackson/jackson-xc/1.9.13/jackson-xc-1.9.13.jar:/home/user/.m2/repository/commons-logging/commons-logging/1.1.3/commons-logging-1.1.3.jar:/home/user/.m2/repository/commons-beanutils/commons-beanutils/1.9.3/commons-beanutils-1.9.3.jar:/home/user/.m2/repository/org/apache/commons/commons-configuration2/2.1.1/commons-configuration2-2.1.1.jar:/home/user/.m2/repository/org/apache/commons/commons-lang3/3.7/commons-lang3-3.7.jar:/home/user/.m2/repository/org/apache/commons/commons-text/1.4/commons-text-1.4.jar:/home/user/.m2/repository/org/apache/avro/avro/1.7.7/avro-1.7.7.jar:/home/user/.m2/repository/com/thoughtworks/paranamer/paranamer/2.3/paranamer-2.3.jar:/home/user/.m2/repository/org/xerial/snappy/snappy-java/1.0.5/snappy-java-1.0.5.jar:/home/user/.m2/repository/com/google/re2j/re2j/1.1/re2j-1.1.jar:/home/user/.m2/repository/com/google/code/gson/gson/2.2.4/gson-2.2.4.jar:/home/user/.m2/repository/com/jcraft/jsch/0.1.54/jsch-0.1.54.jar:/home/user/.m2/repository/org/apache/curator/curator-client/2.12.0/curator-client-2.12.0.jar:/home/user/.m2/repository/org/apache/curator/curator-recipes/2.12.0/curator-recipes-2.12.0.jar:/home/user/.m2/repository/com/google/code/findbugs/jsr305/3.0.0/jsr305-3.0.0.jar:/home/user/.m2/repository/org/apache/htrace/htrace-core4/4.1.0-incubating/htrace-core4-4.1.0-incubating.jar:/home/user/.m2/repository/org/apache/zookeeper/zookeeper/3.4.13/zookeeper-3.4.13.jar:/home/user/.m2/repository/org/apache/yetus/audience-annotations/0.5.0/audience-annotations-0.5.0.jar:/home/user/.m2/repository/org/codehaus/woodstox/stax2-api/3.1.4/stax2-api-3.1.4.jar:/home/user/.m2/repository/com/fasterxml/woodstox/woodstox-core/5.0.3/woodstox-core-5.0.3.jar:/home/user/.m2/repository/dnsjava/dnsjava/2.1.7/dnsjava-2.1.7.jar:/home/user/.m2/repository/org/apache/hadoop/hadoop-hdfs/3.2.0/hadoop-hdfs-3.2.0-tests.jar:/home/user/.m2/repository/org/eclipse/jetty/jetty-util-ajax/9.3.24.v20180605/jetty-util-ajax-9.3.24.v20180605.jar:/home/user/.m2/repository/commons-daemon/commons-daemon/1.0.13/commons-daemon-1.0.13.jar:/home/user/.m2/repository/io/netty/netty/3.10.5.Final/netty-3.10.5.Final.jar:/home/user/.m2/repository/io/netty/netty-all/4.0.52.Final/netty-all-4.0.52.Final.jar:/home/user/.m2/repository/org/fusesource/leveldbjni/leveldbjni-all/1.8/leveldbjni-all-1.8.jar:"/>
    <property name="java.vm.vendor" value="IcedTea"/>
    <property name="sun.arch.data.model" value="64"/>
    <property name="test.build.dir" value="/opt/src/hadoop-ozone/integration-test/target/test-dir"/>
    <property name="test.cache.data" value=""/>
    <property name="java.vendor.url" value="https://icedtea.classpath.org"/>
    <property name="user.timezone" value=""/>
    <property name="java.vm.specification.version" value="1.8"/>
    <property name="os.name" value="Linux"/>
    <property name="test.build.data" value="/opt/src/hadoop-ozone/integration-test/target/test-dir"/>
    <property name="user.country" value="US"/>
    <property name="sun.java.launcher" value="SUN_STANDARD"/>
    <property name="sun.boot.library.path" value="/usr/lib/jvm/java-1.8-openjdk/jre/lib/amd64"/>
    <property name="sun.java.command" value="/opt/src/hadoop-ozone/integration-test/target/surefire/surefirebooter4241058630014060467.jar /opt/src/hadoop-ozone/integration-test/target/surefire 2019-07-03T06-58-15_026-jvmRun1 surefire7656275863488845194tmp surefire_761260245150861247885tmp"/>
    <property name="surefire.test.class.path" value="/opt/src/hadoop-ozone/integration-test/target/test-classes:/opt/src/hadoop-ozone/integration-test/target/classes:/home/user/.m2/repository/org/apache/hadoop/hadoop-ozone-common/0.5.0-SNAPSHOT/hadoop-ozone-common-0.5.0-SNAPSHOT.jar:/home/user/.m2/repository/org/apache/commons/commons-compress/1.4.1/commons-compress-1.4.1.jar:/home/user/.m2/repository/org/tukaani/xz/1.0/xz-1.0.jar:/home/user/.m2/repository/org/apache/hadoop/hadoop-common/3.2.0/hadoop-common-3.2.0.jar:/home/user/.m2/repository/org/apache/hadoop/hadoop-hdfs/3.2.0/hadoop-hdfs-3.2.0.jar:/home/user/.m2/repository/org/apache/hadoop/hadoop-hdfs-client/3.2.0/hadoop-hdfs-client-3.2.0.jar:/home/user/.m2/repository/com/fasterxml/jackson/core/jackson-annotations/2.9.5/jackson-annotations-2.9.5.jar:/home/user/.m2/repository/org/apache/hadoop/hadoop-hdds-common/0.5.0-SNAPSHOT/hadoop-hdds-common-0.5.0-SNAPSHOT.jar:/home/user/.m2/repository/javax/annotation/javax.annotation-api/1.2/javax.annotation-api-1.2.jar:/home/user/.m2/repository/org/apache/ratis/ratis-server/0.4.0-fe2b15d-SNAPSHOT/ratis-server-0.4.0-fe2b15d-SNAPSHOT.jar:/home/user/.m2/repository/org/apache/ratis/ratis-thirdparty-misc/0.2.0/ratis-thirdparty-misc-0.2.0.jar:/home/user/.m2/repository/org/apache/ratis/ratis-proto/0.4.0-fe2b15d-SNAPSHOT/ratis-proto-0.4.0-fe2b15d-SNAPSHOT.jar:/home/user/.m2/repository/org/apache/ratis/ratis-common/0.4.0-fe2b15d-SNAPSHOT/ratis-common-0.4.0-fe2b15d-SNAPSHOT.jar:/home/user/.m2/repository/org/apache/ratis/ratis-client/0.4.0-fe2b15d-SNAPSHOT/ratis-client-0.4.0-fe2b15d-SNAPSHOT.jar:/home/user/.m2/repository/org/apache/ratis/ratis-netty/0.4.0-fe2b15d-SNAPSHOT/ratis-netty-0.4.0-fe2b15d-SNAPSHOT.jar:/home/user/.m2/repository/org/apache/ratis/ratis-grpc/0.4.0-fe2b15d-SNAPSHOT/ratis-grpc-0.4.0-fe2b15d-SNAPSHOT.jar:/home/user/.m2/repository/org/rocksdb/rocksdbjni/5.14.2/rocksdbjni-5.14.2.jar:/home/user/.m2/repository/org/apache/logging/log4j/log4j-api/2.11.0/log4j-api-2.11.0.jar:/home/user/.m2/repository/org/apache/logging/log4j/log4j-core/2.11.0/log4j-core-2.11.0.jar:/home/user/.m2/repository/com/lmax/disruptor/3.4.2/disruptor-3.4.2.jar:/home/user/.m2/repository/org/apache/commons/commons-pool2/2.6.0/commons-pool2-2.6.0.jar:/home/user/.m2/repository/org/bouncycastle/bcpkix-jdk15on/1.60/bcpkix-jdk15on-1.60.jar:/home/user/.m2/repository/commons-validator/commons-validator/1.6/commons-validator-1.6.jar:/home/user/.m2/repository/commons-digester/commons-digester/1.8.1/commons-digester-1.8.1.jar:/home/user/.m2/repository/io/jaegertracing/jaeger-client/0.33.1/jaeger-client-0.33.1.jar:/home/user/.m2/repository/io/jaegertracing/jaeger-thrift/0.33.1/jaeger-thrift-0.33.1.jar:/home/user/.m2/repository/org/apache/thrift/libthrift/0.11.0/libthrift-0.11.0.jar:/home/user/.m2/repository/com/squareup/okhttp3/okhttp/3.9.0/okhttp-3.9.0.jar:/home/user/.m2/repository/com/squareup/okio/okio/1.13.0/okio-1.13.0.jar:/home/user/.m2/repository/io/jaegertracing/jaeger-core/0.33.1/jaeger-core-0.33.1.jar:/home/user/.m2/repository/io/jaegertracing/jaeger-tracerresolver/0.33.1/jaeger-tracerresolver-0.33.1.jar:/home/user/.m2/repository/io/opentracing/contrib/opentracing-tracerresolver/0.1.5/opentracing-tracerresolver-0.1.5.jar:/home/user/.m2/repository/io/opentracing/opentracing-util/0.31.0/opentracing-util-0.31.0.jar:/home/user/.m2/repository/io/opentracing/opentracing-api/0.31.0/opentracing-api-0.31.0.jar:/home/user/.m2/repository/io/opentracing/opentracing-noop/0.31.0/opentracing-noop-0.31.0.jar:/home/user/.m2/repository/org/apache/hadoop/hadoop-hdds-server-framework/0.5.0-SNAPSHOT/hadoop-hdds-server-framework-0.5.0-SNAPSHOT.jar:/home/user/.m2/repository/org/apache/hadoop/hadoop-hdds-server-scm/0.5.0-SNAPSHOT/hadoop-hdds-server-scm-0.5.0-SNAPSHOT.jar:/home/user/.m2/repository/org/apache/hadoop/hadoop-hdds-container-service/0.5.0-SNAPSHOT/hadoop-hdds-container-service-0.5.0-SNAPSHOT.jar:/home/user/.m2/repository/org/apache/hadoop/hadoop-hdds-client/0.5.0-SNAPSHOT/hadoop-hdds-client-0.5.0-SNAPSHOT.jar:/home/user/.m2/repository/org/apache/hadoop/hadoop-hdds-tools/0.5.0-SNAPSHOT/hadoop-hdds-tools-0.5.0-SNAPSHOT.jar:/home/user/.m2/repository/org/apache/hadoop/hadoop-ozone-ozone-manager/0.5.0-SNAPSHOT/hadoop-ozone-ozone-manager-0.5.0-SNAPSHOT.jar:/home/user/.m2/repository/org/apache/hadoop/hadoop-hdds-docs/0.5.0-SNAPSHOT/hadoop-hdds-docs-0.5.0-SNAPSHOT.jar:/home/user/.m2/repository/org/bouncycastle/bcprov-jdk15on/1.60/bcprov-jdk15on-1.60.jar:/home/user/.m2/repository/org/apache/hadoop/hadoop-minikdc/3.2.0/hadoop-minikdc-3.2.0.jar:/home/user/.m2/repository/commons-io/commons-io/2.5/commons-io-2.5.jar:/home/user/.m2/repository/org/apache/kerby/kerb-simplekdc/1.0.1/kerb-simplekdc-1.0.1.jar:/home/user/.m2/repository/org/apache/kerby/kerb-client/1.0.1/kerb-client-1.0.1.jar:/home/user/.m2/repository/org/apache/kerby/kerby-config/1.0.1/kerby-config-1.0.1.jar:/home/user/.m2/repository/org/apache/kerby/kerb-core/1.0.1/kerb-core-1.0.1.jar:/home/user/.m2/repository/org/apache/kerby/kerby-pkix/1.0.1/kerby-pkix-1.0.1.jar:/home/user/.m2/repository/org/apache/kerby/kerby-asn1/1.0.1/kerby-asn1-1.0.1.jar:/home/user/.m2/repository/org/apache/kerby/kerby-util/1.0.1/kerby-util-1.0.1.jar:/home/user/.m2/repository/org/apache/kerby/kerb-common/1.0.1/kerb-common-1.0.1.jar:/home/user/.m2/repository/org/apache/kerby/kerb-crypto/1.0.1/kerb-crypto-1.0.1.jar:/home/user/.m2/repository/org/apache/kerby/kerb-util/1.0.1/kerb-util-1.0.1.jar:/home/user/.m2/repository/org/apache/kerby/token-provider/1.0.1/token-provider-1.0.1.jar:/home/user/.m2/repository/org/apache/kerby/kerb-admin/1.0.1/kerb-admin-1.0.1.jar:/home/user/.m2/repository/org/apache/kerby/kerb-server/1.0.1/kerb-server-1.0.1.jar:/home/user/.m2/repository/org/apache/kerby/kerb-identity/1.0.1/kerb-identity-1.0.1.jar:/home/user/.m2/repository/org/apache/kerby/kerby-xdr/1.0.1/kerby-xdr-1.0.1.jar:/home/user/.m2/repository/org/slf4j/slf4j-log4j12/1.7.25/slf4j-log4j12-1.7.25.jar:/home/user/.m2/repository/org/apache/hadoop/hadoop-ozone-objectstore-service/0.5.0-SNAPSHOT/hadoop-ozone-objectstore-service-0.5.0-SNAPSHOT.jar:/home/user/.m2/repository/org/apache/hadoop/hadoop-ozone-s3gateway/0.5.0-SNAPSHOT/hadoop-ozone-s3gateway-0.5.0-SNAPSHOT.jar:/home/user/.m2/repository/org/jboss/weld/servlet/weld-servlet/2.4.7.Final/weld-servlet-2.4.7.Final.jar:/home/user/.m2/repository/org/glassfish/jersey/containers/jersey-container-servlet-core/2.27/jersey-container-servlet-core-2.27.jar:/home/user/.m2/repository/org/glassfish/hk2/external/javax.inject/2.5.0-b42/javax.inject-2.5.0-b42.jar:/home/user/.m2/repository/org/glassfish/jersey/core/jersey-common/2.27/jersey-common-2.27.jar:/home/user/.m2/repository/org/glassfish/hk2/osgi-resource-locator/1.0.1/osgi-resource-locator-1.0.1.jar:/home/user/.m2/repository/javax/ws/rs/javax.ws.rs-api/2.1/javax.ws.rs-api-2.1.jar:/home/user/.m2/repository/org/glassfish/jersey/ext/cdi/jersey-cdi1x/2.27/jersey-cdi1x-2.27.jar:/home/user/.m2/repository/org/glassfish/jersey/inject/jersey-hk2/2.27/jersey-hk2-2.27.jar:/home/user/.m2/repository/org/glassfish/hk2/hk2-locator/2.5.0-b42/hk2-locator-2.5.0-b42.jar:/home/user/.m2/repository/org/javassist/javassist/3.22.0-CR2/javassist-3.22.0-CR2.jar:/home/user/.m2/repository/org/glassfish/hk2/hk2-api/2.5.0/hk2-api-2.5.0.jar:/home/user/.m2/repository/org/glassfish/hk2/external/jakarta.inject/2.5.0/jakarta.inject-2.5.0.jar:/home/user/.m2/repository/org/glassfish/hk2/hk2-utils/2.5.0/hk2-utils-2.5.0.jar:/home/user/.m2/repository/jakarta/annotation/jakarta.annotation-api/1.3.4/jakarta.annotation-api-1.3.4.jar:/home/user/.m2/repository/org/glassfish/hk2/external/aopalliance-repackaged/2.5.0/aopalliance-repackaged-2.5.0.jar:/home/user/.m2/repository/com/fasterxml/jackson/dataformat/jackson-dataformat-xml/2.9.0/jackson-dataformat-xml-2.9.0.jar:/home/user/.m2/repository/com/fasterxml/jackson/core/jackson-core/2.9.5/jackson-core-2.9.5.jar:/home/user/.m2/repository/com/fasterxml/jackson/module/jackson-module-jaxb-annotations/2.9.5/jackson-module-jaxb-annotations-2.9.5.jar:/home/user/.m2/repository/javax/enterprise/cdi-api/1.2/cdi-api-1.2.jar:/home/user/.m2/repository/javax/el/javax.el-api/3.0.0/javax.el-api-3.0.0.jar:/home/user/.m2/repository/javax/interceptor/javax.interceptor-api/1.2/javax.interceptor-api-1.2.jar:/home/user/.m2/repository/javax/inject/javax.inject/1/javax.inject-1.jar:/home/user/.m2/repository/com/sun/xml/bind/jaxb-impl/2.3.0.1/jaxb-impl-2.3.0.1.jar:/home/user/.m2/repository/com/sun/xml/bind/jaxb-core/2.3.0.1/jaxb-core-2.3.0.1.jar:/home/user/.m2/repository/javax/xml/bind/jaxb-api/2.3.0/jaxb-api-2.3.0.jar:/home/user/.m2/repository/javax/activation/activation/1.1.1/activation-1.1.1.jar:/home/user/.m2/repository/org/apache/hadoop/hadoop-ozone-csi/0.5.0-SNAPSHOT/hadoop-ozone-csi-0.5.0-SNAPSHOT.jar:/home/user/.m2/repository/com/google/protobuf/protobuf-java-util/3.5.1/protobuf-java-util-3.5.1.jar:/home/user/.m2/repository/org/apache/hadoop/hadoop-hdds-config/0.5.0-SNAPSHOT/hadoop-hdds-config-0.5.0-SNAPSHOT.jar:/home/user/.m2/repository/com/google/guava/guava/11.0.2/guava-11.0.2.jar:/home/user/.m2/repository/com/google/protobuf/protobuf-java/2.5.0/protobuf-java-2.5.0.jar:/home/user/.m2/repository/io/grpc/grpc-netty/1.17.1/grpc-netty-1.17.1.jar:/home/user/.m2/repository/io/grpc/grpc-core/1.17.1/grpc-core-1.17.1.jar:/home/user/.m2/repository/io/grpc/grpc-context/1.17.1/grpc-context-1.17.1.jar:/home/user/.m2/repository/com/google/errorprone/error_prone_annotations/2.2.0/error_prone_annotations-2.2.0.jar:/home/user/.m2/repository/org/codehaus/mojo/animal-sniffer-annotations/1.17/animal-sniffer-annotations-1.17.jar:/home/user/.m2/repository/io/opencensus/opencensus-api/0.17.0/opencensus-api-0.17.0.jar:/home/user/.m2/repository/io/opencensus/opencensus-contrib-grpc-metrics/0.17.0/opencensus-contrib-grpc-metrics-0.17.0.jar:/home/user/.m2/repository/io/netty/netty-codec-http2/4.1.30.Final/netty-codec-http2-4.1.30.Final.jar:/home/user/.m2/repository/io/netty/netty-codec-http/4.1.30.Final/netty-codec-http-4.1.30.Final.jar:/home/user/.m2/repository/io/netty/netty-codec/4.1.30.Final/netty-codec-4.1.30.Final.jar:/home/user/.m2/repository/io/netty/netty-handler/4.1.30.Final/netty-handler-4.1.30.Final.jar:/home/user/.m2/repository/io/netty/netty-handler-proxy/4.1.30.Final/netty-handler-proxy-4.1.30.Final.jar:/home/user/.m2/repository/io/netty/netty-codec-socks/4.1.30.Final/netty-codec-socks-4.1.30.Final.jar:/home/user/.m2/repository/io/netty/netty-transport-native-epoll/4.1.30.Final/netty-transport-native-epoll-4.1.30.Final.jar:/home/user/.m2/repository/io/netty/netty-common/4.1.30.Final/netty-common-4.1.30.Final.jar:/home/user/.m2/repository/io/netty/netty-buffer/4.1.30.Final/netty-buffer-4.1.30.Final.jar:/home/user/.m2/repository/io/netty/netty-transport/4.1.30.Final/netty-transport-4.1.30.Final.jar:/home/user/.m2/repository/io/netty/netty-resolver/4.1.30.Final/netty-resolver-4.1.30.Final.jar:/home/user/.m2/repository/io/netty/netty-transport-native-unix-common/4.1.30.Final/netty-transport-native-unix-common-4.1.30.Final.jar:/home/user/.m2/repository/io/grpc/grpc-protobuf/1.17.1/grpc-protobuf-1.17.1.jar:/home/user/.m2/repository/com/google/api/grpc/proto-google-common-protos/1.0.0/proto-google-common-protos-1.0.0.jar:/home/user/.m2/repository/io/grpc/grpc-protobuf-lite/1.17.1/grpc-protobuf-lite-1.17.1.jar:/home/user/.m2/repository/io/grpc/grpc-stub/1.17.1/grpc-stub-1.17.1.jar:/home/user/.m2/repository/org/apache/hadoop/hadoop-ozone-recon/0.5.0-SNAPSHOT/hadoop-ozone-recon-0.5.0-SNAPSHOT.jar:/home/user/.m2/repository/org/apache/hadoop/hadoop-ozone-reconcodegen/0.5.0-SNAPSHOT/hadoop-ozone-reconcodegen-0.5.0-SNAPSHOT.jar:/home/user/.m2/repository/com/google/inject/extensions/guice-multibindings/4.0/guice-multibindings-4.0.jar:/home/user/.m2/repository/com/google/inject/guice/4.0/guice-4.0.jar:/home/user/.m2/repository/aopalliance/aopalliance/1.0/aopalliance-1.0.jar:/home/user/.m2/repository/com/google/inject/extensions/guice-servlet/4.0/guice-servlet-4.0.jar:/home/user/.m2/repository/org/glassfish/jersey/containers/jersey-container-servlet/2.27/jersey-container-servlet-2.27.jar:/home/user/.m2/repository/org/glassfish/hk2/guice-bridge/2.5.0/guice-bridge-2.5.0.jar:/home/user/.m2/repository/org/glassfish/jersey/core/jersey-server/2.27/jersey-server-2.27.jar:/home/user/.m2/repository/org/glassfish/jersey/core/jersey-client/2.27/jersey-client-2.27.jar:/home/user/.m2/repository/org/glassfish/jersey/media/jersey-media-jaxb/2.27/jersey-media-jaxb-2.27.jar:/home/user/.m2/repository/javax/validation/validation-api/1.1.0.Final/validation-api-1.1.0.Final.jar:/home/user/.m2/repository/org/glassfish/jersey/media/jersey-media-json-jackson/2.27/jersey-media-json-jackson-2.27.jar:/home/user/.m2/repository/org/glassfish/jersey/ext/jersey-entity-filtering/2.27/jersey-entity-filtering-2.27.jar:/home/user/.m2/repository/com/google/inject/extensions/guice-assistedinject/4.0/guice-assistedinject-4.0.jar:/home/user/.m2/repository/org/jooq/jooq/3.11.10/jooq-3.11.10.jar:/home/user/.m2/repository/org/jooq/jooq-meta/3.11.10/jooq-meta-3.11.10.jar:/home/user/.m2/repository/org/jooq/jooq-codegen/3.11.10/jooq-codegen-3.11.10.jar:/home/user/.m2/repository/com/jolbox/bonecp/0.8.0.RELEASE/bonecp-0.8.0.RELEASE.jar:/home/user/.m2/repository/org/xerial/sqlite-jdbc/3.25.2/sqlite-jdbc-3.25.2.jar:/home/user/.m2/repository/org/springframework/spring-jdbc/5.1.3.RELEASE/spring-jdbc-5.1.3.RELEASE.jar:/home/user/.m2/repository/org/springframework/spring-beans/5.1.3.RELEASE/spring-beans-5.1.3.RELEASE.jar:/home/user/.m2/repository/org/springframework/spring-core/5.1.3.RELEASE/spring-core-5.1.3.RELEASE.jar:/home/user/.m2/repository/org/springframework/spring-jcl/5.1.3.RELEASE/spring-jcl-5.1.3.RELEASE.jar:/home/user/.m2/repository/org/springframework/spring-tx/5.1.3.RELEASE/spring-tx-5.1.3.RELEASE.jar:/home/user/.m2/repository/org/apache/hadoop/hadoop-ozone-client/0.5.0-SNAPSHOT/hadoop-ozone-client-0.5.0-SNAPSHOT.jar:/home/user/.m2/repository/org/apache/hadoop/hadoop-ozone-ozone-manager/0.5.0-SNAPSHOT/hadoop-ozone-ozone-manager-0.5.0-SNAPSHOT-tests.jar:/home/user/.m2/repository/junit/junit/4.11/junit-4.11.jar:/home/user/.m2/repository/org/hamcrest/hamcrest-core/1.3/hamcrest-core-1.3.jar:/home/user/.m2/repository/org/openjdk/jmh/jmh-core/1.19/jmh-core-1.19.jar:/home/user/.m2/repository/net/sf/jopt-simple/jopt-simple/4.6/jopt-simple-4.6.jar:/home/user/.m2/repository/org/apache/commons/commons-math3/3.1.1/commons-math3-3.1.1.jar:/home/user/.m2/repository/org/openjdk/jmh/jmh-generator-annprocess/1.19/jmh-generator-annprocess-1.19.jar:/home/user/.m2/repository/org/mockito/mockito-all/1.8.5/mockito-all-1.8.5.jar:/home/user/.m2/repository/org/apache/hadoop/hadoop-kms/3.2.0/hadoop-kms-3.2.0.jar:/home/user/.m2/repository/org/apache/hadoop/hadoop-auth/3.2.0/hadoop-auth-3.2.0.jar:/home/user/.m2/repository/com/nimbusds/nimbus-jose-jwt/4.41.1/nimbus-jose-jwt-4.41.1.jar:/home/user/.m2/repository/com/github/stephenc/jcip/jcip-annotations/1.0-1/jcip-annotations-1.0-1.jar:/home/user/.m2/repository/net/minidev/json-smart/2.3/json-smart-2.3.jar:/home/user/.m2/repository/net/minidev/accessors-smart/1.2/accessors-smart-1.2.jar:/home/user/.m2/repository/org/ow2/asm/asm/5.0.4/asm-5.0.4.jar:/home/user/.m2/repository/org/apache/curator/curator-framework/2.12.0/curator-framework-2.12.0.jar:/home/user/.m2/repository/com/sun/jersey/jersey-core/1.19/jersey-core-1.19.jar:/home/user/.m2/repository/javax/ws/rs/jsr311-api/1.1.1/jsr311-api-1.1.1.jar:/home/user/.m2/repository/com/sun/jersey/jersey-server/1.19/jersey-server-1.19.jar:/home/user/.m2/repository/javax/servlet/javax.servlet-api/3.1.0/javax.servlet-api-3.1.0.jar:/home/user/.m2/repository/org/eclipse/jetty/jetty-server/9.3.24.v20180605/jetty-server-9.3.24.v20180605.jar:/home/user/.m2/repository/org/eclipse/jetty/jetty-http/9.3.24.v20180605/jetty-http-9.3.24.v20180605.jar:/home/user/.m2/repository/org/eclipse/jetty/jetty-io/9.3.24.v20180605/jetty-io-9.3.24.v20180605.jar:/home/user/.m2/repository/org/eclipse/jetty/jetty-webapp/9.3.24.v20180605/jetty-webapp-9.3.24.v20180605.jar:/home/user/.m2/repository/org/eclipse/jetty/jetty-xml/9.3.24.v20180605/jetty-xml-9.3.24.v20180605.jar:/home/user/.m2/repository/log4j/log4j/1.2.17/log4j-1.2.17.jar:/home/user/.m2/repository/org/slf4j/slf4j-api/1.7.25/slf4j-api-1.7.25.jar:/home/user/.m2/repository/org/slf4j/jul-to-slf4j/1.7.25/jul-to-slf4j-1.7.25.jar:/home/user/.m2/repository/org/eclipse/jetty/jetty-util/9.3.24.v20180605/jetty-util-9.3.24.v20180605.jar:/home/user/.m2/repository/io/dropwizard/metrics/metrics-core/3.2.4/metrics-core-3.2.4.jar:/home/user/.m2/repository/com/fasterxml/jackson/core/jackson-databind/2.9.5/jackson-databind-2.9.5.jar:/home/user/.m2/repository/org/apache/hadoop/hadoop-kms/3.2.0/hadoop-kms-3.2.0-tests.jar:/home/user/.m2/repository/org/apache/hadoop/hadoop-hdds-server-scm/0.5.0-SNAPSHOT/hadoop-hdds-server-scm-0.5.0-SNAPSHOT-tests.jar:/home/user/.m2/repository/org/hamcrest/hamcrest-all/1.3/hamcrest-all-1.3.jar:/home/user/.m2/repository/info/picocli/picocli/3.9.6/picocli-3.9.6.jar:/home/user/.m2/repository/org/apache/hadoop/hadoop-hdds-container-service/0.5.0-SNAPSHOT/hadoop-hdds-container-service-0.5.0-SNAPSHOT-tests.jar:/home/user/.m2/repository/org/yaml/snakeyaml/1.16/snakeyaml-1.16.jar:/home/user/.m2/repository/org/apache/hadoop/hadoop-common/3.2.0/hadoop-common-3.2.0-tests.jar:/home/user/.m2/repository/org/apache/hadoop/hadoop-annotations/3.2.0/hadoop-annotations-3.2.0.jar:/usr/lib/jvm/java-1.8-openjdk/jre/../lib/tools.jar:/home/user/.m2/repository/commons-cli/commons-cli/1.2/commons-cli-1.2.jar:/home/user/.m2/repository/org/apache/httpcomponents/httpclient/4.5.2/httpclient-4.5.2.jar:/home/user/.m2/repository/org/apache/httpcomponents/httpcore/4.4.4/httpcore-4.4.4.jar:/home/user/.m2/repository/commons-codec/commons-codec/1.11/commons-codec-1.11.jar:/home/user/.m2/repository/commons-net/commons-net/3.6/commons-net-3.6.jar:/home/user/.m2/repository/commons-collections/commons-collections/3.2.2/commons-collections-3.2.2.jar:/home/user/.m2/repository/org/eclipse/jetty/jetty-servlet/9.3.24.v20180605/jetty-servlet-9.3.24.v20180605.jar:/home/user/.m2/repository/org/eclipse/jetty/jetty-security/9.3.24.v20180605/jetty-security-9.3.24.v20180605.jar:/home/user/.m2/repository/javax/servlet/jsp/jsp-api/2.1/jsp-api-2.1.jar:/home/user/.m2/repository/com/sun/jersey/jersey-servlet/1.19/jersey-servlet-1.19.jar:/home/user/.m2/repository/com/sun/jersey/jersey-json/1.19/jersey-json-1.19.jar:/home/user/.m2/repository/org/codehaus/jettison/jettison/1.1/jettison-1.1.jar:/home/user/.m2/repository/org/codehaus/jackson/jackson-core-asl/1.9.13/jackson-core-asl-1.9.13.jar:/home/user/.m2/repository/org/codehaus/jackson/jackson-mapper-asl/1.9.13/jackson-mapper-asl-1.9.13.jar:/home/user/.m2/repository/org/codehaus/jackson/jackson-jaxrs/1.9.13/jackson-jaxrs-1.9.13.jar:/home/user/.m2/repository/org/codehaus/jackson/jackson-xc/1.9.13/jackson-xc-1.9.13.jar:/home/user/.m2/repository/commons-logging/commons-logging/1.1.3/commons-logging-1.1.3.jar:/home/user/.m2/repository/commons-beanutils/commons-beanutils/1.9.3/commons-beanutils-1.9.3.jar:/home/user/.m2/repository/org/apache/commons/commons-configuration2/2.1.1/commons-configuration2-2.1.1.jar:/home/user/.m2/repository/org/apache/commons/commons-lang3/3.7/commons-lang3-3.7.jar:/home/user/.m2/repository/org/apache/commons/commons-text/1.4/commons-text-1.4.jar:/home/user/.m2/repository/org/apache/avro/avro/1.7.7/avro-1.7.7.jar:/home/user/.m2/repository/com/thoughtworks/paranamer/paranamer/2.3/paranamer-2.3.jar:/home/user/.m2/repository/org/xerial/snappy/snappy-java/1.0.5/snappy-java-1.0.5.jar:/home/user/.m2/repository/com/google/re2j/re2j/1.1/re2j-1.1.jar:/home/user/.m2/repository/com/google/code/gson/gson/2.2.4/gson-2.2.4.jar:/home/user/.m2/repository/com/jcraft/jsch/0.1.54/jsch-0.1.54.jar:/home/user/.m2/repository/org/apache/curator/curator-client/2.12.0/curator-client-2.12.0.jar:/home/user/.m2/repository/org/apache/curator/curator-recipes/2.12.0/curator-recipes-2.12.0.jar:/home/user/.m2/repository/com/google/code/findbugs/jsr305/3.0.0/jsr305-3.0.0.jar:/home/user/.m2/repository/org/apache/htrace/htrace-core4/4.1.0-incubating/htrace-core4-4.1.0-incubating.jar:/home/user/.m2/repository/org/apache/zookeeper/zookeeper/3.4.13/zookeeper-3.4.13.jar:/home/user/.m2/repository/org/apache/yetus/audience-annotations/0.5.0/audience-annotations-0.5.0.jar:/home/user/.m2/repository/org/codehaus/woodstox/stax2-api/3.1.4/stax2-api-3.1.4.jar:/home/user/.m2/repository/com/fasterxml/woodstox/woodstox-core/5.0.3/woodstox-core-5.0.3.jar:/home/user/.m2/repository/dnsjava/dnsjava/2.1.7/dnsjava-2.1.7.jar:/home/user/.m2/repository/org/apache/hadoop/hadoop-hdfs/3.2.0/hadoop-hdfs-3.2.0-tests.jar:/home/user/.m2/repository/org/eclipse/jetty/jetty-util-ajax/9.3.24.v20180605/jetty-util-ajax-9.3.24.v20180605.jar:/home/user/.m2/repository/commons-daemon/commons-daemon/1.0.13/commons-daemon-1.0.13.jar:/home/user/.m2/repository/io/netty/netty/3.10.5.Final/netty-3.10.5.Final.jar:/home/user/.m2/repository/io/netty/netty-all/4.0.52.Final/netty-all-4.0.52.Final.jar:/home/user/.m2/repository/org/fusesource/leveldbjni/leveldbjni-all/1.8/leveldbjni-all-1.8.jar:"/>
    <property name="sun.cpu.endian" value="little"/>
    <property name="user.home" value="/home/user"/>
    <property name="user.language" value="en"/>
    <property name="java.specification.vendor" value="Oracle Corporation"/>
    <property name="java.home" value="/usr/lib/jvm/java-1.8-openjdk/jre"/>
    <property name="java.security.krb5.conf" value="/opt/src/hadoop-ozone/integration-test/target/test-classes/krb5.conf"/>
    <property name="basedir" value="/opt/src/hadoop-ozone/integration-test"/>
    <property name="file.separator" value="/"/>
    <property name="line.separator" value="&#10;"/>
    <property name="java.vm.specification.vendor" value="Oracle Corporation"/>
    <property name="java.specification.name" value="Java Platform API Specification"/>
    <property name="java.awt.graphicsenv" value="sun.awt.X11GraphicsEnvironment"/>
    <property name="surefire.real.class.path" value="/opt/src/hadoop-ozone/integration-test/target/surefire/surefirebooter4241058630014060467.jar"/>
    <property name="hadoop.log.dir" value="/opt/src/hadoop-ozone/integration-test/target/log"/>
    <property name="sun.boot.class.path" value="/usr/lib/jvm/java-1.8-openjdk/jre/lib/resources.jar:/usr/lib/jvm/java-1.8-openjdk/jre/lib/rt.jar:/usr/lib/jvm/java-1.8-openjdk/jre/lib/sunrsasign.jar:/usr/lib/jvm/java-1.8-openjdk/jre/lib/jsse.jar:/usr/lib/jvm/java-1.8-openjdk/jre/lib/jce.jar:/usr/lib/jvm/java-1.8-openjdk/jre/lib/charsets.jar:/usr/lib/jvm/java-1.8-openjdk/jre/lib/jfr.jar:/usr/lib/jvm/java-1.8-openjdk/jre/classes"/>
    <property name="sun.management.compiler" value="HotSpot 64-Bit Tiered Compilers"/>
    <property name="java.runtime.version" value="1.8.0_212-b04"/>
    <property name="java.net.preferIPv4Stack" value="true"/>
    <property name="user.name" value="jenkins1000"/>
    <property name="path.separator" value=":"/>
    <property name="java.security.egd" value="file:///dev/urandom"/>
    <property name="os.version" value="3.10.0-957.12.2.el7.x86_64"/>
    <property name="java.endorsed.dirs" value="/usr/lib/jvm/java-1.8-openjdk/jre/lib/endorsed"/>
    <property name="java.runtime.name" value="OpenJDK Runtime Environment"/>
    <property name="file.encoding" value="UTF-8"/>
    <property name="java.vm.name" value="OpenJDK 64-Bit Server VM"/>
    <property name="test.build.webapps" value=""/>
    <property name="localRepository" value="/home/user/.m2/repository"/>
    <property name="java.vendor.url.bug" value="https://icedtea.classpath.org/bugzilla"/>
    <property name="java.io.tmpdir" value="/tmp"/>
    <property name="require.test.libhadoop" value=""/>
    <property name="java.version" value="1.8.0_212"/>
    <property name="user.dir" value="/opt/src/hadoop-ozone/integration-test"/>
    <property name="os.arch" value="amd64"/>
    <property name="java.vm.specification.name" value="Java Virtual Machine Specification"/>
    <property name="test.build.classes" value="/opt/src/hadoop-ozone/integration-test/target/test-classes"/>
    <property name="java.awt.printerjob" value="sun.print.PSPrinterJob"/>
    <property name="sun.os.patch.level" value="unknown"/>
    <property name="hadoop.tmp.dir" value="/opt/src/hadoop-ozone/integration-test/target/tmp"/>
    <property name="java.library.path" value="/usr/lib/jvm/java-1.8-openjdk/jre/lib/amd64/server:/usr/lib/jvm/java-1.8-openjdk/jre/lib/amd64:/usr/lib/jvm/java-1.8-openjdk/jre/../lib/amd64:/opt/src/hadoop-ozone/integration-test/target/native/target/usr/local/lib:/opt/src/hadoop-ozone/integration-test/../../hadoop-common-project/hadoop-common/target/native/target/usr/local/lib:/usr/java/packages/lib/amd64:/usr/lib64:/lib64:/lib:/usr/lib"/>
    <property name="java.vm.info" value="mixed mode"/>
    <property name="java.vendor" value="IcedTea"/>
    <property name="java.vm.version" value="25.212-b04"/>
    <property name="java.ext.dirs" value="/usr/lib/jvm/java-1.8-openjdk/jre/lib/ext:/usr/java/packages/lib/ext"/>
    <property name="sun.io.unicode.encoding" value="UnicodeLittle"/>
    <property name="java.class.version" value="52.0"/>
  </properties>
  <testcase name="testWatchForCommitWithKeyWrite" classname="org.apache.hadoop.ozone.client.rpc.TestWatchForCommit" time="19.586"/>
  <testcase name="testWatchForCommitWithSmallerTimeoutValue" classname="org.apache.hadoop.ozone.client.rpc.TestWatchForCommit" time="15.343"/>
  <testcase name="testWatchForCommitForRetryfailure" classname="org.apache.hadoop.ozone.client.rpc.TestWatchForCommit" time="49.067">
    <failure type="java.lang.AssertionError">java.lang.AssertionError
	at org.junit.Assert.fail(Assert.java:86)
	at org.junit.Assert.assertTrue(Assert.java:41)
	at org.junit.Assert.assertTrue(Assert.java:52)
	at org.apache.hadoop.ozone.client.rpc.TestWatchForCommit.testWatchForCommitForRetryfailure(TestWatchForCommit.java:350)
	at sun.reflect.NativeMethodAccessorImpl.invoke0(Native Method)
	at sun.reflect.NativeMethodAccessorImpl.invoke(NativeMethodAccessorImpl.java:62)
	at sun.reflect.DelegatingMethodAccessorImpl.invoke(DelegatingMethodAccessorImpl.java:43)
	at java.lang.reflect.Method.invoke(Method.java:498)
	at org.junit.runners.model.FrameworkMethod$1.runReflectiveCall(FrameworkMethod.java:47)
	at org.junit.internal.runners.model.ReflectiveCallable.run(ReflectiveCallable.java:12)
	at org.junit.runners.model.FrameworkMethod.invokeExplosively(FrameworkMethod.java:44)
	at org.junit.internal.runners.statements.InvokeMethod.evaluate(InvokeMethod.java:17)
	at org.junit.runners.ParentRunner.runLeaf(ParentRunner.java:271)
	at org.junit.runners.BlockJUnit4ClassRunner.runChild(BlockJUnit4ClassRunner.java:70)
	at org.junit.runners.BlockJUnit4ClassRunner.runChild(BlockJUnit4ClassRunner.java:50)
	at org.junit.runners.ParentRunner$3.run(ParentRunner.java:238)
	at org.junit.runners.ParentRunner$1.schedule(ParentRunner.java:63)
	at org.junit.runners.ParentRunner.runChildren(ParentRunner.java:236)
	at org.junit.runners.ParentRunner.access$000(ParentRunner.java:53)
	at org.junit.runners.ParentRunner$2.evaluate(ParentRunner.java:229)
	at org.junit.runners.ParentRunner.run(ParentRunner.java:309)
	at org.apache.maven.surefire.junit4.JUnit4Provider.execute(JUnit4Provider.java:365)
	at org.apache.maven.surefire.junit4.JUnit4Provider.executeWithRerun(JUnit4Provider.java:273)
	at org.apache.maven.surefire.junit4.JUnit4Provider.executeTestSet(JUnit4Provider.java:238)
	at org.apache.maven.surefire.junit4.JUnit4Provider.invoke(JUnit4Provider.java:159)
	at org.apache.maven.surefire.booter.ForkedBooter.invokeProviderInSameClassLoader(ForkedBooter.java:384)
	at org.apache.maven.surefire.booter.ForkedBooter.runSuitesInProcess(ForkedBooter.java:345)
	at org.apache.maven.surefire.booter.ForkedBooter.execute(ForkedBooter.java:126)
	at org.apache.maven.surefire.booter.ForkedBooter.main(ForkedBooter.java:418)
</failure>
    <system-out><![CDATA[2019-07-03 07:43:37,983 WARN  server.ServerUtils (ServerUtils.java:getScmDbDir(145)) - ozone.scm.db.dirs is not configured. We recommend adding this setting. Falling back to ozone.metadata.dirs instead.
2019-07-03 07:43:37,999 WARN  server.ServerUtils (ServerUtils.java:getScmDbDir(145)) - ozone.scm.db.dirs is not configured. We recommend adding this setting. Falling back to ozone.metadata.dirs instead.
2019-07-03 07:43:37,999 WARN  server.ServerUtils (ServerUtils.java:getScmDbDir(145)) - ozone.scm.db.dirs is not configured. We recommend adding this setting. Falling back to ozone.metadata.dirs instead.
2019-07-03 07:43:38,000 INFO  db.DBStoreBuilder (DBStoreBuilder.java:addTable(110)) - using custom profile for table: deletedBlocks
2019-07-03 07:43:38,000 INFO  db.DBStoreBuilder (DBStoreBuilder.java:processTables(161)) - Using default column profile:DBProfile.DISK for Table:deletedBlocks
2019-07-03 07:43:38,000 INFO  db.DBStoreBuilder (DBStoreBuilder.java:addTable(110)) - using custom profile for table: validCerts
2019-07-03 07:43:38,001 INFO  db.DBStoreBuilder (DBStoreBuilder.java:processTables(161)) - Using default column profile:DBProfile.DISK for Table:validCerts
2019-07-03 07:43:38,001 INFO  db.DBStoreBuilder (DBStoreBuilder.java:addTable(110)) - using custom profile for table: revokedCerts
2019-07-03 07:43:38,001 INFO  db.DBStoreBuilder (DBStoreBuilder.java:processTables(161)) - Using default column profile:DBProfile.DISK for Table:revokedCerts
2019-07-03 07:43:38,001 INFO  db.DBStoreBuilder (DBStoreBuilder.java:addTable(110)) - using custom profile for table: default
2019-07-03 07:43:38,002 INFO  db.DBStoreBuilder (DBStoreBuilder.java:processTables(167)) - Using default column profile:DBProfile.DISK for Table:default
2019-07-03 07:43:38,002 INFO  db.DBStoreBuilder (DBStoreBuilder.java:getDbProfile(198)) - Using default options. DBProfile.DISK
2019-07-03 07:43:38,165 INFO  net.NodeSchemaLoader (NodeSchemaLoader.java:loadSchemaFromFile(125)) - Loading file from sun.misc.CompoundEnumeration@73a5d86c
2019-07-03 07:43:38,166 INFO  net.NodeSchemaLoader (NodeSchemaLoader.java:loadSchema(171)) - Loading network topology layer schema file
2019-07-03 07:43:38,172 WARN  server.ServerUtils (ServerUtils.java:sanitizeUserArgs(70)) - ozone.scm.stale.node.interval value = 300000 is larger than max = 100000 based on the key value of ozone.scm.heartbeat.thread.interval, reset to the max value 100000.
2019-07-03 07:43:38,172 WARN  server.ServerUtils (ServerUtils.java:sanitizeUserArgs(70)) - ozone.scm.stale.node.interval value = 300000 is larger than max = 100000 based on the key value of ozone.scm.heartbeat.thread.interval, reset to the max value 100000.
2019-07-03 07:43:38,173 INFO  node.SCMNodeManager (SCMNodeManager.java:<init>(119)) - Entering startup safe mode.
2019-07-03 07:43:38,174 WARN  server.ServerUtils (ServerUtils.java:getScmDbDir(145)) - ozone.scm.db.dirs is not configured. We recommend adding this setting. Falling back to ozone.metadata.dirs instead.
2019-07-03 07:43:38,229 INFO  pipeline.SCMPipelineManager (SCMPipelineManager.java:initializePipelineState(126)) - No pipeline exists in current db
2019-07-03 07:43:38,229 WARN  server.ServerUtils (ServerUtils.java:getScmDbDir(145)) - ozone.scm.db.dirs is not configured. We recommend adding this setting. Falling back to ozone.metadata.dirs instead.
2019-07-03 07:43:38,312 WARN  events.EventQueue (EventQueue.java:fireEvent(175)) - No event handler registered for event TypedEvent{payloadType=SafeModeStatus, name='SafeModeStatus'}
2019-07-03 07:43:38,315 INFO  ipc.CallQueueManager (CallQueueManager.java:<init>(84)) - Using callQueue: class java.util.concurrent.LinkedBlockingQueue, queueCapacity: 2000, scheduler: class org.apache.hadoop.ipc.DefaultRpcScheduler, ipcBackoff: false.
2019-07-03 07:43:38,316 INFO  ipc.Server (Server.java:run(1074)) - Starting Socket Reader #1 for port 32960
2019-07-03 07:43:38,320 INFO  ipc.CallQueueManager (CallQueueManager.java:<init>(84)) - Using callQueue: class java.util.concurrent.LinkedBlockingQueue, queueCapacity: 2000, scheduler: class org.apache.hadoop.ipc.DefaultRpcScheduler, ipcBackoff: false.
2019-07-03 07:43:38,321 INFO  ipc.Server (Server.java:run(1074)) - Starting Socket Reader #1 for port 33566
2019-07-03 07:43:38,324 INFO  ipc.CallQueueManager (CallQueueManager.java:<init>(84)) - Using callQueue: class java.util.concurrent.LinkedBlockingQueue, queueCapacity: 2000, scheduler: class org.apache.hadoop.ipc.DefaultRpcScheduler, ipcBackoff: false.
2019-07-03 07:43:38,325 INFO  ipc.Server (Server.java:run(1074)) - Starting Socket Reader #1 for port 38032
2019-07-03 07:43:38,329 INFO  hdfs.DFSUtil (DFSUtil.java:httpServerTemplateForNNAndJN(1641)) - Starting Web-server for scm at: http://0.0.0.0:0
2019-07-03 07:43:38,331 INFO  server.AuthenticationFilter (AuthenticationFilter.java:constructSecretProvider(240)) - Unable to initialize FileSignerSecretProvider, falling back to use random secrets.
2019-07-03 07:43:38,332 WARN  http.HttpRequestLog (HttpRequestLog.java:getRequestLog(97)) - Jetty request log can only be enabled using Log4j
2019-07-03 07:43:38,335 INFO  http.HttpServer2 (HttpServer2.java:addGlobalFilter(975)) - Added global filter 'safety' (class=org.apache.hadoop.http.HttpServer2$QuotingInputFilter)
2019-07-03 07:43:38,336 INFO  http.HttpServer2 (HttpServer2.java:addFilter(948)) - Added filter static_user_filter (class=org.apache.hadoop.http.lib.StaticUserWebFilter$StaticUserFilter) to context scm
2019-07-03 07:43:38,336 INFO  http.HttpServer2 (HttpServer2.java:addFilter(958)) - Added filter static_user_filter (class=org.apache.hadoop.http.lib.StaticUserWebFilter$StaticUserFilter) to context logs
2019-07-03 07:43:38,336 INFO  http.HttpServer2 (HttpServer2.java:addFilter(958)) - Added filter static_user_filter (class=org.apache.hadoop.http.lib.StaticUserWebFilter$StaticUserFilter) to context static
2019-07-03 07:43:38,345 INFO  server.StorageContainerManager (StorageContainerManager.java:start(753)) - StorageContainerLocationProtocol RPC server is listening at /0.0.0.0:38032
2019-07-03 07:43:38,345 INFO  impl.MetricsSystemImpl (MetricsSystemImpl.java:init(158)) - StorageContainerManager metrics system started (again)
2019-07-03 07:43:38,346 INFO  server.SCMClientProtocolServer (SCMClientProtocolServer.java:start(149)) - RPC server for Client  is listening at /0.0.0.0:38032
2019-07-03 07:43:38,346 INFO  ipc.Server (Server.java:run(1314)) - IPC Server Responder: starting
2019-07-03 07:43:38,346 INFO  ipc.Server (Server.java:run(1153)) - IPC Server listener on 38032: starting
2019-07-03 07:43:38,352 INFO  server.StorageContainerManager (StorageContainerManager.java:start(762)) - ScmBlockLocationProtocol RPC server is listening at /0.0.0.0:33566
2019-07-03 07:43:38,352 INFO  server.SCMBlockProtocolServer (SCMBlockProtocolServer.java:start(137)) - RPC server for Block Protocol is listening at /0.0.0.0:33566
2019-07-03 07:43:38,352 INFO  ipc.Server (Server.java:run(1314)) - IPC Server Responder: starting
2019-07-03 07:43:38,353 INFO  ipc.Server (Server.java:run(1153)) - IPC Server listener on 33566: starting
2019-07-03 07:43:38,358 INFO  server.StorageContainerManager (StorageContainerManager.java:start(766)) - ScmDatanodeProtocl RPC server is listening at /0.0.0.0:32960
2019-07-03 07:43:38,358 INFO  server.SCMDatanodeProtocolServer (SCMDatanodeProtocolServer.java:start(191)) - RPC server for DataNodes is listening at /0.0.0.0:32960
2019-07-03 07:43:38,358 INFO  ipc.Server (Server.java:run(1314)) - IPC Server Responder: starting
2019-07-03 07:43:38,359 INFO  ipc.Server (Server.java:run(1153)) - IPC Server listener on 32960: starting
2019-07-03 07:43:38,364 INFO  http.HttpServer2 (HttpServer2.java:bindListener(1191)) - Jetty bound to port 40174
2019-07-03 07:43:38,364 INFO  server.Server (Server.java:doStart(351)) - jetty-9.3.24.v20180605, build timestamp: 2018-06-05T17:11:56Z, git hash: 84205aa28f11a4f31f2a3b86d1bba2cc8ab69827
2019-07-03 07:43:38,366 INFO  handler.ContextHandler (ContextHandler.java:doStart(781)) - Started o.e.j.s.ServletContextHandler@7109b603{/logs,file:///opt/src/hadoop-ozone/integration-test/target/log,AVAILABLE}
2019-07-03 07:43:38,367 INFO  handler.ContextHandler (ContextHandler.java:doStart(781)) - Started o.e.j.s.ServletContextHandler@29b5e7db{/static,file:///opt/src/hadoop-ozone/integration-test/target/test-classes/webapps/static,AVAILABLE}
2019-07-03 07:43:38,372 INFO  handler.ContextHandler (ContextHandler.java:doStart(781)) - Started o.e.j.w.WebAppContext@186dcb05{/,file:///opt/src/hadoop-ozone/integration-test/target/test-classes/webapps/scm/,AVAILABLE}{/scm}
2019-07-03 07:43:38,373 INFO  server.AbstractConnector (AbstractConnector.java:doStart(278)) - Started ServerConnector@1d0dad12{HTTP/1.1,[http/1.1]}{0.0.0.0:40174}
2019-07-03 07:43:38,374 INFO  server.Server (Server.java:doStart(419)) - Started @35739ms
2019-07-03 07:43:38,375 INFO  server.BaseHttpServer (BaseHttpServer.java:updateConnectorAddress(207)) - HTTP server of SCM is listening at http://0.0.0.0:40174
2019-07-03 07:43:38,376 WARN  scm.ScmUtils (ScmUtils.java:getDBPath(63)) - ozone.om.db.dirs is not configured. We recommend adding this setting. Falling back to ozone.metadata.dirs instead.
2019-07-03 07:43:38,377 INFO  util.JvmPauseMonitor (JvmPauseMonitor.java:run(188)) - Starting JVM pause monitor
2019-07-03 07:43:38,391 WARN  scm.ScmUtils (ScmUtils.java:getDBPath(63)) - ozone.om.db.dirs is not configured. We recommend adding this setting. Falling back to ozone.metadata.dirs instead.
2019-07-03 07:43:38,392 INFO  om.OzoneManager (OzoneManager.java:setOMNodeDetails(532)) - OM Service ID is not set. Setting it to the default ID: omServiceIdDefault
2019-07-03 07:43:38,392 INFO  om.OzoneManager (OzoneManager.java:setOMNodeDetails(538)) - OM Node ID is not set. Setting it to the OmStorage's OmID: 45723c2b-c769-4cf0-a3ad-2d1b6e75233b
2019-07-03 07:43:38,392 WARN  scm.HddsServerUtil (HddsServerUtil.java:getDefaultRatisDirectory(354)) - Storage directory for Ratis is not configured. It is a good idea to map this to an SSD disk. Falling back to ozone.metadata.dirs
2019-07-03 07:43:38,393 WARN  scm.HddsServerUtil (HddsServerUtil.java:getDefaultRatisDirectory(354)) - Storage directory for Ratis is not configured. It is a good idea to map this to an SSD disk. Falling back to ozone.metadata.dirs
2019-07-03 07:43:38,393 INFO  om.OzoneManager (OzoneManager.java:loadOMHAConfigs(489)) - Found matching OM address with OMServiceId: null, OMNodeId: null, RPC Address: localhost:0 and Ratis port: 9872
2019-07-03 07:43:38,401 WARN  scm.ScmUtils (ScmUtils.java:getDBPath(63)) - ozone.om.db.dirs is not configured. We recommend adding this setting. Falling back to ozone.metadata.dirs instead.
2019-07-03 07:43:38,402 INFO  db.DBStoreBuilder (DBStoreBuilder.java:addTable(110)) - using custom profile for table: userTable
2019-07-03 07:43:38,402 INFO  db.DBStoreBuilder (DBStoreBuilder.java:processTables(161)) - Using default column profile:DBProfile.DISK for Table:userTable
2019-07-03 07:43:38,402 INFO  db.DBStoreBuilder (DBStoreBuilder.java:addTable(110)) - using custom profile for table: volumeTable
2019-07-03 07:43:38,403 INFO  db.DBStoreBuilder (DBStoreBuilder.java:processTables(161)) - Using default column profile:DBProfile.DISK for Table:volumeTable
2019-07-03 07:43:38,403 INFO  db.DBStoreBuilder (DBStoreBuilder.java:addTable(110)) - using custom profile for table: bucketTable
2019-07-03 07:43:38,403 INFO  db.DBStoreBuilder (DBStoreBuilder.java:processTables(161)) - Using default column profile:DBProfile.DISK for Table:bucketTable
2019-07-03 07:43:38,403 INFO  db.DBStoreBuilder (DBStoreBuilder.java:addTable(110)) - using custom profile for table: keyTable
2019-07-03 07:43:38,404 INFO  db.DBStoreBuilder (DBStoreBuilder.java:processTables(161)) - Using default column profile:DBProfile.DISK for Table:keyTable
2019-07-03 07:43:38,404 INFO  db.DBStoreBuilder (DBStoreBuilder.java:addTable(110)) - using custom profile for table: deletedTable
2019-07-03 07:43:38,404 INFO  db.DBStoreBuilder (DBStoreBuilder.java:processTables(161)) - Using default column profile:DBProfile.DISK for Table:deletedTable
2019-07-03 07:43:38,404 INFO  db.DBStoreBuilder (DBStoreBuilder.java:addTable(110)) - using custom profile for table: openKeyTable
2019-07-03 07:43:38,405 INFO  db.DBStoreBuilder (DBStoreBuilder.java:processTables(161)) - Using default column profile:DBProfile.DISK for Table:openKeyTable
2019-07-03 07:43:38,405 INFO  db.DBStoreBuilder (DBStoreBuilder.java:addTable(110)) - using custom profile for table: s3Table
2019-07-03 07:43:38,405 INFO  db.DBStoreBuilder (DBStoreBuilder.java:processTables(161)) - Using default column profile:DBProfile.DISK for Table:s3Table
2019-07-03 07:43:38,405 INFO  db.DBStoreBuilder (DBStoreBuilder.java:addTable(110)) - using custom profile for table: multipartInfoTable
2019-07-03 07:43:38,406 INFO  db.DBStoreBuilder (DBStoreBuilder.java:processTables(161)) - Using default column profile:DBProfile.DISK for Table:multipartInfoTable
2019-07-03 07:43:38,406 INFO  db.DBStoreBuilder (DBStoreBuilder.java:addTable(110)) - using custom profile for table: dTokenTable
2019-07-03 07:43:38,406 INFO  db.DBStoreBuilder (DBStoreBuilder.java:processTables(161)) - Using default column profile:DBProfile.DISK for Table:dTokenTable
2019-07-03 07:43:38,406 INFO  db.DBStoreBuilder (DBStoreBuilder.java:addTable(110)) - using custom profile for table: s3SecretTable
2019-07-03 07:43:38,406 INFO  db.DBStoreBuilder (DBStoreBuilder.java:processTables(161)) - Using default column profile:DBProfile.DISK for Table:s3SecretTable
2019-07-03 07:43:38,407 INFO  db.DBStoreBuilder (DBStoreBuilder.java:addTable(110)) - using custom profile for table: prefixTable
2019-07-03 07:43:38,407 INFO  db.DBStoreBuilder (DBStoreBuilder.java:processTables(161)) - Using default column profile:DBProfile.DISK for Table:prefixTable
2019-07-03 07:43:38,407 INFO  db.DBStoreBuilder (DBStoreBuilder.java:addTable(110)) - using custom profile for table: default
2019-07-03 07:43:38,407 INFO  db.DBStoreBuilder (DBStoreBuilder.java:processTables(167)) - Using default column profile:DBProfile.DISK for Table:default
2019-07-03 07:43:38,408 INFO  db.DBStoreBuilder (DBStoreBuilder.java:getDbProfile(198)) - Using default options. DBProfile.DISK
2019-07-03 07:43:38,974 INFO  ipc.CallQueueManager (CallQueueManager.java:<init>(84)) - Using callQueue: class java.util.concurrent.LinkedBlockingQueue, queueCapacity: 2000, scheduler: class org.apache.hadoop.ipc.DefaultRpcScheduler, ipcBackoff: false.
2019-07-03 07:43:38,976 INFO  ipc.Server (Server.java:run(1074)) - Starting Socket Reader #1 for port 34809
2019-07-03 07:43:38,992 WARN  scm.ScmUtils (ScmUtils.java:getDBPath(63)) - ozone.om.db.dirs is not configured. We recommend adding this setting. Falling back to ozone.metadata.dirs instead.
2019-07-03 07:43:38,993 INFO  om.OzoneManager (OzoneManager.java:start(1230)) - OzoneManager RPC server is listening at localhost/127.0.0.1:34809
2019-07-03 07:43:38,993 INFO  impl.MetricsSystemImpl (MetricsSystemImpl.java:init(158)) - OzoneManager metrics system started (again)
2019-07-03 07:43:38,994 INFO  ipc.Server (Server.java:run(1314)) - IPC Server Responder: starting
2019-07-03 07:43:38,995 INFO  ipc.Server (Server.java:run(1153)) - IPC Server listener on 34809: starting
2019-07-03 07:43:39,001 INFO  hdfs.DFSUtil (DFSUtil.java:httpServerTemplateForNNAndJN(1641)) - Starting Web-server for ozoneManager at: http://0.0.0.0:0
2019-07-03 07:43:39,003 INFO  server.AuthenticationFilter (AuthenticationFilter.java:constructSecretProvider(240)) - Unable to initialize FileSignerSecretProvider, falling back to use random secrets.
2019-07-03 07:43:39,004 WARN  http.HttpRequestLog (HttpRequestLog.java:getRequestLog(97)) - Jetty request log can only be enabled using Log4j
2019-07-03 07:43:39,006 INFO  http.HttpServer2 (HttpServer2.java:addGlobalFilter(975)) - Added global filter 'safety' (class=org.apache.hadoop.http.HttpServer2$QuotingInputFilter)
2019-07-03 07:43:39,007 INFO  http.HttpServer2 (HttpServer2.java:addFilter(948)) - Added filter static_user_filter (class=org.apache.hadoop.http.lib.StaticUserWebFilter$StaticUserFilter) to context ozoneManager
2019-07-03 07:43:39,007 INFO  http.HttpServer2 (HttpServer2.java:addFilter(958)) - Added filter static_user_filter (class=org.apache.hadoop.http.lib.StaticUserWebFilter$StaticUserFilter) to context logs
2019-07-03 07:43:39,008 INFO  http.HttpServer2 (HttpServer2.java:addFilter(958)) - Added filter static_user_filter (class=org.apache.hadoop.http.lib.StaticUserWebFilter$StaticUserFilter) to context static
2019-07-03 07:43:39,008 INFO  http.HttpServer2 (HttpServer2.java:bindListener(1191)) - Jetty bound to port 38190
2019-07-03 07:43:39,009 INFO  server.Server (Server.java:doStart(351)) - jetty-9.3.24.v20180605, build timestamp: 2018-06-05T17:11:56Z, git hash: 84205aa28f11a4f31f2a3b86d1bba2cc8ab69827
2019-07-03 07:43:39,011 INFO  handler.ContextHandler (ContextHandler.java:doStart(781)) - Started o.e.j.s.ServletContextHandler@46d69ca4{/logs,file:///opt/src/hadoop-ozone/integration-test/target/log,AVAILABLE}
2019-07-03 07:43:39,012 INFO  handler.ContextHandler (ContextHandler.java:doStart(781)) - Started o.e.j.s.ServletContextHandler@3c826498{/static,file:///opt/src/hadoop-ozone/integration-test/target/test-classes/webapps/static,AVAILABLE}
2019-07-03 07:43:39,017 INFO  handler.ContextHandler (ContextHandler.java:doStart(781)) - Started o.e.j.w.WebAppContext@7bb25046{/,file:///opt/src/hadoop-ozone/integration-test/target/test-classes/webapps/ozoneManager/,AVAILABLE}{/ozoneManager}
2019-07-03 07:43:39,018 INFO  server.AbstractConnector (AbstractConnector.java:doStart(278)) - Started ServerConnector@69b1e8f8{HTTP/1.1,[http/1.1]}{0.0.0.0:38190}
2019-07-03 07:43:39,019 INFO  server.Server (Server.java:doStart(419)) - Started @36385ms
2019-07-03 07:43:39,020 INFO  server.BaseHttpServer (BaseHttpServer.java:updateConnectorAddress(207)) - HTTP server of OZONEMANAGER is listening at http://0.0.0.0:38190
2019-07-03 07:43:39,040 INFO  impl.MetricsSystemImpl (MetricsSystemImpl.java:init(158)) - HddsDatanode metrics system started (again)
2019-07-03 07:43:39,040 INFO  ozone.HddsDatanodeService (HddsDatanodeService.java:start(185)) - HddsDatanodeService host:ozone-hdds-1735-htq5k-1451000967 ip:192.168.69.117
2019-07-03 07:43:39,049 INFO  volume.HddsVolume (HddsVolume.java:<init>(176)) - Creating Volume: /opt/src/hadoop-ozone/integration-test/target/test-dir/MiniOzoneClusterImpl-3310c94b-7cd9-4d33-b0ba-57a6b7268968/datanode-0/data/containers/hdds of  storage type : DISK and capacity : 52710309888
2019-07-03 07:43:39,049 INFO  volume.VolumeSet (VolumeSet.java:initializeVolumeSet(170)) - Added Volume : /opt/src/hadoop-ozone/integration-test/target/test-dir/MiniOzoneClusterImpl-3310c94b-7cd9-4d33-b0ba-57a6b7268968/datanode-0/data/containers/hdds to VolumeSet
2019-07-03 07:43:39,050 INFO  volume.ThrottledAsyncChecker (ThrottledAsyncChecker.java:schedule(140)) - Scheduling a check for org.apache.hadoop.ozone.container.common.volume.HddsVolume@4b22214d
2019-07-03 07:43:39,050 INFO  volume.HddsVolumeChecker (HddsVolumeChecker.java:checkAllVolumes(203)) - Scheduled health check for volume org.apache.hadoop.ozone.container.common.volume.HddsVolume@4b22214d
2019-07-03 07:43:39,066 INFO  ratis.XceiverServerRatis (XceiverServerRatis.java:newXceiverServerRatis(401)) - Found a free port for the server : 36837
2019-07-03 07:43:39,068 INFO  impl.RaftServerProxy (ConfUtils.java:logGet(43)) - raft.rpc.type = GRPC (default)
2019-07-03 07:43:39,068 INFO  grpc.GrpcConfigKeys$Server (ConfUtils.java:logGet(43)) - raft.grpc.server.port = 36837 (custom)
2019-07-03 07:43:39,069 INFO  server.GrpcService (ConfUtils.java:logGet(43)) - raft.grpc.message.size.max = 33570816 (custom)
2019-07-03 07:43:39,069 INFO  server.RaftServerConfigKeys (ConfUtils.java:logGet(43)) - raft.server.log.appender.buffer.byte-limit = 33554432 (custom)
2019-07-03 07:43:39,069 INFO  server.GrpcService (ConfUtils.java:logGet(43)) - raft.grpc.flow.control.window = 1MB (=1048576) (default)
2019-07-03 07:43:39,069 INFO  server.RaftServerConfigKeys (ConfUtils.java:logGet(43)) - raft.server.rpc.request.timeout = 3000ms (default)
2019-07-03 07:43:39,070 INFO  server.RaftServerConfigKeys (ConfUtils.java:logGet(43)) - raft.server.storage.dir = [/opt/src/hadoop-ozone/integration-test/target/test-dir/MiniOzoneClusterImpl-3310c94b-7cd9-4d33-b0ba-57a6b7268968/datanode-0/data/ratis] (custom)
2019-07-03 07:43:39,070 INFO  server.XceiverServerGrpc (XceiverServerGrpc.java:<init>(97)) - Found a free port for the server : 40419
2019-07-03 07:43:39,071 INFO  replication.SimpleContainerDownloader (SimpleContainerDownloader.java:<init>(72)) - Starting container downloader service to copy containers to replicate.
2019-07-03 07:43:39,072 INFO  hdfs.DFSUtil (DFSUtil.java:httpServerTemplateForNNAndJN(1641)) - Starting Web-server for hddsDatanode at: http://0.0.0.0:0
2019-07-03 07:43:39,073 INFO  server.AuthenticationFilter (AuthenticationFilter.java:constructSecretProvider(240)) - Unable to initialize FileSignerSecretProvider, falling back to use random secrets.
2019-07-03 07:43:39,074 WARN  http.HttpRequestLog (HttpRequestLog.java:getRequestLog(97)) - Jetty request log can only be enabled using Log4j
2019-07-03 07:43:39,075 INFO  http.HttpServer2 (HttpServer2.java:addGlobalFilter(975)) - Added global filter 'safety' (class=org.apache.hadoop.http.HttpServer2$QuotingInputFilter)
2019-07-03 07:43:39,076 INFO  http.HttpServer2 (HttpServer2.java:addFilter(948)) - Added filter static_user_filter (class=org.apache.hadoop.http.lib.StaticUserWebFilter$StaticUserFilter) to context hddsDatanode
2019-07-03 07:43:39,076 INFO  http.HttpServer2 (HttpServer2.java:addFilter(958)) - Added filter static_user_filter (class=org.apache.hadoop.http.lib.StaticUserWebFilter$StaticUserFilter) to context logs
2019-07-03 07:43:39,076 INFO  http.HttpServer2 (HttpServer2.java:addFilter(958)) - Added filter static_user_filter (class=org.apache.hadoop.http.lib.StaticUserWebFilter$StaticUserFilter) to context static
2019-07-03 07:43:39,077 INFO  http.HttpServer2 (HttpServer2.java:bindListener(1191)) - Jetty bound to port 36800
2019-07-03 07:43:39,077 INFO  server.Server (Server.java:doStart(351)) - jetty-9.3.24.v20180605, build timestamp: 2018-06-05T17:11:56Z, git hash: 84205aa28f11a4f31f2a3b86d1bba2cc8ab69827
2019-07-03 07:43:39,079 INFO  handler.ContextHandler (ContextHandler.java:doStart(781)) - Started o.e.j.s.ServletContextHandler@4ad3969{/logs,file:///opt/src/hadoop-ozone/integration-test/target/log,AVAILABLE}
2019-07-03 07:43:39,080 INFO  handler.ContextHandler (ContextHandler.java:doStart(781)) - Started o.e.j.s.ServletContextHandler@2d7aa291{/static,jar:file:/home/user/.m2/repository/org/apache/hadoop/hadoop-hdds-container-service/0.5.0-SNAPSHOT/hadoop-hdds-container-service-0.5.0-SNAPSHOT.jar!/webapps/static,AVAILABLE}
2019-07-03 07:43:39,113 INFO  handler.ContextHandler (ContextHandler.java:doStart(781)) - Started o.e.j.w.WebAppContext@45d38165{/,file:///tmp/jetty-0.0.0.0-36800-hddsDatanode-_-any-2805091226430445226.dir/webapp/,AVAILABLE}{/hddsDatanode}
2019-07-03 07:43:39,113 INFO  server.AbstractConnector (AbstractConnector.java:doStart(278)) - Started ServerConnector@1f3f434{HTTP/1.1,[http/1.1]}{0.0.0.0:36800}
2019-07-03 07:43:39,114 INFO  server.Server (Server.java:doStart(419)) - Started @36480ms
2019-07-03 07:43:39,115 INFO  server.BaseHttpServer (BaseHttpServer.java:updateConnectorAddress(207)) - HTTP server of HDDSDATANODE is listening at http://0.0.0.0:36800
2019-07-03 07:43:39,223 INFO  ozone.HddsDatanodeService (HddsDatanodeService.java:startPlugins(396)) - Started plug-in org.apache.hadoop.ozone.web.OzoneHddsDatanodeService@6ad3fbe4
2019-07-03 07:43:39,223 INFO  impl.MetricsSystemImpl (MetricsSystemImpl.java:init(158)) - HddsDatanode metrics system started (again)
2019-07-03 07:43:39,224 INFO  ozone.HddsDatanodeService (HddsDatanodeService.java:start(185)) - HddsDatanodeService host:ozone-hdds-1735-htq5k-1451000967 ip:192.168.69.117
2019-07-03 07:43:39,225 INFO  util.JvmPauseMonitor (JvmPauseMonitor.java:run(188)) - Starting JVM pause monitor
2019-07-03 07:43:39,227 INFO  datanode.InitDatanodeState (InitDatanodeState.java:persistContainerDatanodeDetails(140)) - DatanodeDetails is persisted to /opt/src/hadoop-ozone/integration-test/target/test-dir/MiniOzoneClusterImpl-3310c94b-7cd9-4d33-b0ba-57a6b7268968/datanode-0/meta/datanode.id
2019-07-03 07:43:39,233 INFO  volume.HddsVolume (HddsVolume.java:<init>(176)) - Creating Volume: /opt/src/hadoop-ozone/integration-test/target/test-dir/MiniOzoneClusterImpl-3310c94b-7cd9-4d33-b0ba-57a6b7268968/datanode-1/data/containers/hdds of  storage type : DISK and capacity : 52710309888
2019-07-03 07:43:39,233 INFO  volume.VolumeSet (VolumeSet.java:initializeVolumeSet(170)) - Added Volume : /opt/src/hadoop-ozone/integration-test/target/test-dir/MiniOzoneClusterImpl-3310c94b-7cd9-4d33-b0ba-57a6b7268968/datanode-1/data/containers/hdds to VolumeSet
2019-07-03 07:43:39,233 INFO  volume.ThrottledAsyncChecker (ThrottledAsyncChecker.java:schedule(140)) - Scheduling a check for org.apache.hadoop.ozone.container.common.volume.HddsVolume@5abb7a8f
2019-07-03 07:43:39,234 INFO  volume.HddsVolumeChecker (HddsVolumeChecker.java:checkAllVolumes(203)) - Scheduled health check for volume org.apache.hadoop.ozone.container.common.volume.HddsVolume@5abb7a8f
2019-07-03 07:43:39,250 INFO  ratis.XceiverServerRatis (XceiverServerRatis.java:newXceiverServerRatis(401)) - Found a free port for the server : 45092
2019-07-03 07:43:39,251 INFO  impl.RaftServerProxy (ConfUtils.java:logGet(43)) - raft.rpc.type = GRPC (default)
2019-07-03 07:43:39,251 INFO  grpc.GrpcConfigKeys$Server (ConfUtils.java:logGet(43)) - raft.grpc.server.port = 45092 (custom)
2019-07-03 07:43:39,251 INFO  server.GrpcService (ConfUtils.java:logGet(43)) - raft.grpc.message.size.max = 33570816 (custom)
2019-07-03 07:43:39,251 INFO  server.RaftServerConfigKeys (ConfUtils.java:logGet(43)) - raft.server.log.appender.buffer.byte-limit = 33554432 (custom)
2019-07-03 07:43:39,252 INFO  server.GrpcService (ConfUtils.java:logGet(43)) - raft.grpc.flow.control.window = 1MB (=1048576) (default)
2019-07-03 07:43:39,252 INFO  server.RaftServerConfigKeys (ConfUtils.java:logGet(43)) - raft.server.rpc.request.timeout = 3000ms (default)
2019-07-03 07:43:39,252 INFO  server.RaftServerConfigKeys (ConfUtils.java:logGet(43)) - raft.server.storage.dir = [/opt/src/hadoop-ozone/integration-test/target/test-dir/MiniOzoneClusterImpl-3310c94b-7cd9-4d33-b0ba-57a6b7268968/datanode-1/data/ratis] (custom)
2019-07-03 07:43:39,253 INFO  server.XceiverServerGrpc (XceiverServerGrpc.java:<init>(97)) - Found a free port for the server : 42919
2019-07-03 07:43:39,253 INFO  replication.SimpleContainerDownloader (SimpleContainerDownloader.java:<init>(72)) - Starting container downloader service to copy containers to replicate.
2019-07-03 07:43:39,255 INFO  hdfs.DFSUtil (DFSUtil.java:httpServerTemplateForNNAndJN(1641)) - Starting Web-server for hddsDatanode at: http://0.0.0.0:0
2019-07-03 07:43:39,259 INFO  server.AuthenticationFilter (AuthenticationFilter.java:constructSecretProvider(240)) - Unable to initialize FileSignerSecretProvider, falling back to use random secrets.
2019-07-03 07:43:39,259 WARN  http.HttpRequestLog (HttpRequestLog.java:getRequestLog(97)) - Jetty request log can only be enabled using Log4j
2019-07-03 07:43:39,260 INFO  http.HttpServer2 (HttpServer2.java:addGlobalFilter(975)) - Added global filter 'safety' (class=org.apache.hadoop.http.HttpServer2$QuotingInputFilter)
2019-07-03 07:43:39,261 INFO  http.HttpServer2 (HttpServer2.java:addFilter(948)) - Added filter static_user_filter (class=org.apache.hadoop.http.lib.StaticUserWebFilter$StaticUserFilter) to context hddsDatanode
2019-07-03 07:43:39,261 INFO  http.HttpServer2 (HttpServer2.java:addFilter(958)) - Added filter static_user_filter (class=org.apache.hadoop.http.lib.StaticUserWebFilter$StaticUserFilter) to context static
2019-07-03 07:43:39,261 INFO  http.HttpServer2 (HttpServer2.java:addFilter(958)) - Added filter static_user_filter (class=org.apache.hadoop.http.lib.StaticUserWebFilter$StaticUserFilter) to context logs
2019-07-03 07:43:39,262 INFO  http.HttpServer2 (HttpServer2.java:bindListener(1191)) - Jetty bound to port 45978
2019-07-03 07:43:39,262 INFO  server.Server (Server.java:doStart(351)) - jetty-9.3.24.v20180605, build timestamp: 2018-06-05T17:11:56Z, git hash: 84205aa28f11a4f31f2a3b86d1bba2cc8ab69827
2019-07-03 07:43:39,263 INFO  handler.ContextHandler (ContextHandler.java:doStart(781)) - Started o.e.j.s.ServletContextHandler@4db568e1{/logs,file:///opt/src/hadoop-ozone/integration-test/target/log,AVAILABLE}
2019-07-03 07:43:39,264 INFO  handler.ContextHandler (ContextHandler.java:doStart(781)) - Started o.e.j.s.ServletContextHandler@120d13ae{/static,jar:file:/home/user/.m2/repository/org/apache/hadoop/hadoop-hdds-container-service/0.5.0-SNAPSHOT/hadoop-hdds-container-service-0.5.0-SNAPSHOT.jar!/webapps/static,AVAILABLE}
2019-07-03 07:43:39,290 INFO  handler.ContextHandler (ContextHandler.java:doStart(781)) - Started o.e.j.w.WebAppContext@5909285b{/,file:///tmp/jetty-0.0.0.0-45978-hddsDatanode-_-any-6624040555199318852.dir/webapp/,AVAILABLE}{/hddsDatanode}
2019-07-03 07:43:39,291 INFO  server.AbstractConnector (AbstractConnector.java:doStart(278)) - Started ServerConnector@2059f785{HTTP/1.1,[http/1.1]}{0.0.0.0:45978}
2019-07-03 07:43:39,294 INFO  server.Server (Server.java:doStart(419)) - Started @36660ms
2019-07-03 07:43:39,295 INFO  server.BaseHttpServer (BaseHttpServer.java:updateConnectorAddress(207)) - HTTP server of HDDSDATANODE is listening at http://0.0.0.0:45978
2019-07-03 07:43:39,464 INFO  ozone.HddsDatanodeService (HddsDatanodeService.java:startPlugins(396)) - Started plug-in org.apache.hadoop.ozone.web.OzoneHddsDatanodeService@667dd150
2019-07-03 07:43:39,464 INFO  impl.MetricsSystemImpl (MetricsSystemImpl.java:init(158)) - HddsDatanode metrics system started (again)
2019-07-03 07:43:39,465 INFO  ozone.HddsDatanodeService (HddsDatanodeService.java:start(185)) - HddsDatanodeService host:ozone-hdds-1735-htq5k-1451000967 ip:192.168.69.117
2019-07-03 07:43:39,466 INFO  util.JvmPauseMonitor (JvmPauseMonitor.java:run(188)) - Starting JVM pause monitor
2019-07-03 07:43:39,469 INFO  datanode.InitDatanodeState (InitDatanodeState.java:persistContainerDatanodeDetails(140)) - DatanodeDetails is persisted to /opt/src/hadoop-ozone/integration-test/target/test-dir/MiniOzoneClusterImpl-3310c94b-7cd9-4d33-b0ba-57a6b7268968/datanode-1/meta/datanode.id
2019-07-03 07:43:39,474 INFO  volume.HddsVolume (HddsVolume.java:<init>(176)) - Creating Volume: /opt/src/hadoop-ozone/integration-test/target/test-dir/MiniOzoneClusterImpl-3310c94b-7cd9-4d33-b0ba-57a6b7268968/datanode-2/data/containers/hdds of  storage type : DISK and capacity : 52710309888
2019-07-03 07:43:39,474 INFO  volume.VolumeSet (VolumeSet.java:initializeVolumeSet(170)) - Added Volume : /opt/src/hadoop-ozone/integration-test/target/test-dir/MiniOzoneClusterImpl-3310c94b-7cd9-4d33-b0ba-57a6b7268968/datanode-2/data/containers/hdds to VolumeSet
2019-07-03 07:43:39,474 INFO  volume.ThrottledAsyncChecker (ThrottledAsyncChecker.java:schedule(140)) - Scheduling a check for org.apache.hadoop.ozone.container.common.volume.HddsVolume@67d180e4
2019-07-03 07:43:39,475 INFO  volume.HddsVolumeChecker (HddsVolumeChecker.java:checkAllVolumes(203)) - Scheduled health check for volume org.apache.hadoop.ozone.container.common.volume.HddsVolume@67d180e4
2019-07-03 07:43:39,488 INFO  ratis.XceiverServerRatis (XceiverServerRatis.java:newXceiverServerRatis(401)) - Found a free port for the server : 43724
2019-07-03 07:43:39,489 INFO  impl.RaftServerProxy (ConfUtils.java:logGet(43)) - raft.rpc.type = GRPC (default)
2019-07-03 07:43:39,489 INFO  grpc.GrpcConfigKeys$Server (ConfUtils.java:logGet(43)) - raft.grpc.server.port = 43724 (custom)
2019-07-03 07:43:39,489 INFO  server.GrpcService (ConfUtils.java:logGet(43)) - raft.grpc.message.size.max = 33570816 (custom)
2019-07-03 07:43:39,489 INFO  server.RaftServerConfigKeys (ConfUtils.java:logGet(43)) - raft.server.log.appender.buffer.byte-limit = 33554432 (custom)
2019-07-03 07:43:39,490 INFO  server.GrpcService (ConfUtils.java:logGet(43)) - raft.grpc.flow.control.window = 1MB (=1048576) (default)
2019-07-03 07:43:39,490 INFO  server.RaftServerConfigKeys (ConfUtils.java:logGet(43)) - raft.server.rpc.request.timeout = 3000ms (default)
2019-07-03 07:43:39,490 INFO  server.RaftServerConfigKeys (ConfUtils.java:logGet(43)) - raft.server.storage.dir = [/opt/src/hadoop-ozone/integration-test/target/test-dir/MiniOzoneClusterImpl-3310c94b-7cd9-4d33-b0ba-57a6b7268968/datanode-2/data/ratis] (custom)
2019-07-03 07:43:39,491 INFO  server.XceiverServerGrpc (XceiverServerGrpc.java:<init>(97)) - Found a free port for the server : 37590
2019-07-03 07:43:39,491 INFO  replication.SimpleContainerDownloader (SimpleContainerDownloader.java:<init>(72)) - Starting container downloader service to copy containers to replicate.
2019-07-03 07:43:39,492 INFO  hdfs.DFSUtil (DFSUtil.java:httpServerTemplateForNNAndJN(1641)) - Starting Web-server for hddsDatanode at: http://0.0.0.0:0
2019-07-03 07:43:39,494 INFO  server.AuthenticationFilter (AuthenticationFilter.java:constructSecretProvider(240)) - Unable to initialize FileSignerSecretProvider, falling back to use random secrets.
2019-07-03 07:43:39,495 WARN  http.HttpRequestLog (HttpRequestLog.java:getRequestLog(97)) - Jetty request log can only be enabled using Log4j
2019-07-03 07:43:39,497 INFO  http.HttpServer2 (HttpServer2.java:addGlobalFilter(975)) - Added global filter 'safety' (class=org.apache.hadoop.http.HttpServer2$QuotingInputFilter)
2019-07-03 07:43:39,497 INFO  http.HttpServer2 (HttpServer2.java:addFilter(948)) - Added filter static_user_filter (class=org.apache.hadoop.http.lib.StaticUserWebFilter$StaticUserFilter) to context hddsDatanode
2019-07-03 07:43:39,497 INFO  http.HttpServer2 (HttpServer2.java:addFilter(958)) - Added filter static_user_filter (class=org.apache.hadoop.http.lib.StaticUserWebFilter$StaticUserFilter) to context logs
2019-07-03 07:43:39,498 INFO  http.HttpServer2 (HttpServer2.java:addFilter(958)) - Added filter static_user_filter (class=org.apache.hadoop.http.lib.StaticUserWebFilter$StaticUserFilter) to context static
2019-07-03 07:43:39,499 INFO  http.HttpServer2 (HttpServer2.java:bindListener(1191)) - Jetty bound to port 33184
2019-07-03 07:43:39,499 INFO  server.Server (Server.java:doStart(351)) - jetty-9.3.24.v20180605, build timestamp: 2018-06-05T17:11:56Z, git hash: 84205aa28f11a4f31f2a3b86d1bba2cc8ab69827
2019-07-03 07:43:39,501 INFO  handler.ContextHandler (ContextHandler.java:doStart(781)) - Started o.e.j.s.ServletContextHandler@7de2bdc7{/logs,file:///opt/src/hadoop-ozone/integration-test/target/log,AVAILABLE}
2019-07-03 07:43:39,502 INFO  handler.ContextHandler (ContextHandler.java:doStart(781)) - Started o.e.j.s.ServletContextHandler@3c116f26{/static,jar:file:/home/user/.m2/repository/org/apache/hadoop/hadoop-hdds-container-service/0.5.0-SNAPSHOT/hadoop-hdds-container-service-0.5.0-SNAPSHOT.jar!/webapps/static,AVAILABLE}
2019-07-03 07:43:39,540 INFO  handler.ContextHandler (ContextHandler.java:doStart(781)) - Started o.e.j.w.WebAppContext@d5a72cd{/,file:///tmp/jetty-0.0.0.0-33184-hddsDatanode-_-any-1867329966164306887.dir/webapp/,AVAILABLE}{/hddsDatanode}
2019-07-03 07:43:39,541 INFO  server.AbstractConnector (AbstractConnector.java:doStart(278)) - Started ServerConnector@45f95ac0{HTTP/1.1,[http/1.1]}{0.0.0.0:33184}
2019-07-03 07:43:39,542 INFO  server.Server (Server.java:doStart(419)) - Started @36908ms
2019-07-03 07:43:39,543 INFO  server.BaseHttpServer (BaseHttpServer.java:updateConnectorAddress(207)) - HTTP server of HDDSDATANODE is listening at http://0.0.0.0:33184
2019-07-03 07:43:39,656 INFO  ozone.HddsDatanodeService (HddsDatanodeService.java:startPlugins(396)) - Started plug-in org.apache.hadoop.ozone.web.OzoneHddsDatanodeService@323c6f9c
2019-07-03 07:43:39,657 INFO  impl.MetricsSystemImpl (MetricsSystemImpl.java:init(158)) - HddsDatanode metrics system started (again)
2019-07-03 07:43:39,657 INFO  ozone.HddsDatanodeService (HddsDatanodeService.java:start(185)) - HddsDatanodeService host:ozone-hdds-1735-htq5k-1451000967 ip:192.168.69.117
2019-07-03 07:43:39,658 INFO  util.JvmPauseMonitor (JvmPauseMonitor.java:run(188)) - Starting JVM pause monitor
2019-07-03 07:43:39,660 INFO  datanode.InitDatanodeState (InitDatanodeState.java:persistContainerDatanodeDetails(140)) - DatanodeDetails is persisted to /opt/src/hadoop-ozone/integration-test/target/test-dir/MiniOzoneClusterImpl-3310c94b-7cd9-4d33-b0ba-57a6b7268968/datanode-2/meta/datanode.id
2019-07-03 07:43:39,670 INFO  volume.HddsVolume (HddsVolume.java:<init>(176)) - Creating Volume: /opt/src/hadoop-ozone/integration-test/target/test-dir/MiniOzoneClusterImpl-3310c94b-7cd9-4d33-b0ba-57a6b7268968/datanode-3/data/containers/hdds of  storage type : DISK and capacity : 52710309888
2019-07-03 07:43:39,670 INFO  volume.VolumeSet (VolumeSet.java:initializeVolumeSet(170)) - Added Volume : /opt/src/hadoop-ozone/integration-test/target/test-dir/MiniOzoneClusterImpl-3310c94b-7cd9-4d33-b0ba-57a6b7268968/datanode-3/data/containers/hdds to VolumeSet
2019-07-03 07:43:39,670 INFO  volume.ThrottledAsyncChecker (ThrottledAsyncChecker.java:schedule(140)) - Scheduling a check for org.apache.hadoop.ozone.container.common.volume.HddsVolume@60ef30b1
2019-07-03 07:43:39,671 INFO  volume.HddsVolumeChecker (HddsVolumeChecker.java:checkAllVolumes(203)) - Scheduled health check for volume org.apache.hadoop.ozone.container.common.volume.HddsVolume@60ef30b1
2019-07-03 07:43:39,683 INFO  ratis.XceiverServerRatis (XceiverServerRatis.java:newXceiverServerRatis(401)) - Found a free port for the server : 35552
2019-07-03 07:43:39,685 INFO  impl.RaftServerProxy (ConfUtils.java:logGet(43)) - raft.rpc.type = GRPC (default)
2019-07-03 07:43:39,685 INFO  grpc.GrpcConfigKeys$Server (ConfUtils.java:logGet(43)) - raft.grpc.server.port = 35552 (custom)
2019-07-03 07:43:39,685 INFO  server.GrpcService (ConfUtils.java:logGet(43)) - raft.grpc.message.size.max = 33570816 (custom)
2019-07-03 07:43:39,685 INFO  server.RaftServerConfigKeys (ConfUtils.java:logGet(43)) - raft.server.log.appender.buffer.byte-limit = 33554432 (custom)
2019-07-03 07:43:39,686 INFO  server.GrpcService (ConfUtils.java:logGet(43)) - raft.grpc.flow.control.window = 1MB (=1048576) (default)
2019-07-03 07:43:39,686 INFO  server.RaftServerConfigKeys (ConfUtils.java:logGet(43)) - raft.server.rpc.request.timeout = 3000ms (default)
2019-07-03 07:43:39,686 INFO  server.RaftServerConfigKeys (ConfUtils.java:logGet(43)) - raft.server.storage.dir = [/opt/src/hadoop-ozone/integration-test/target/test-dir/MiniOzoneClusterImpl-3310c94b-7cd9-4d33-b0ba-57a6b7268968/datanode-3/data/ratis] (custom)
2019-07-03 07:43:39,687 INFO  server.XceiverServerGrpc (XceiverServerGrpc.java:<init>(97)) - Found a free port for the server : 37211
2019-07-03 07:43:39,687 INFO  replication.SimpleContainerDownloader (SimpleContainerDownloader.java:<init>(72)) - Starting container downloader service to copy containers to replicate.
2019-07-03 07:43:39,688 INFO  hdfs.DFSUtil (DFSUtil.java:httpServerTemplateForNNAndJN(1641)) - Starting Web-server for hddsDatanode at: http://0.0.0.0:0
2019-07-03 07:43:39,689 INFO  server.AuthenticationFilter (AuthenticationFilter.java:constructSecretProvider(240)) - Unable to initialize FileSignerSecretProvider, falling back to use random secrets.
2019-07-03 07:43:39,689 WARN  http.HttpRequestLog (HttpRequestLog.java:getRequestLog(97)) - Jetty request log can only be enabled using Log4j
2019-07-03 07:43:39,691 INFO  http.HttpServer2 (HttpServer2.java:addGlobalFilter(975)) - Added global filter 'safety' (class=org.apache.hadoop.http.HttpServer2$QuotingInputFilter)
2019-07-03 07:43:39,691 INFO  http.HttpServer2 (HttpServer2.java:addFilter(948)) - Added filter static_user_filter (class=org.apache.hadoop.http.lib.StaticUserWebFilter$StaticUserFilter) to context hddsDatanode
2019-07-03 07:43:39,691 INFO  http.HttpServer2 (HttpServer2.java:addFilter(958)) - Added filter static_user_filter (class=org.apache.hadoop.http.lib.StaticUserWebFilter$StaticUserFilter) to context logs
2019-07-03 07:43:39,691 INFO  http.HttpServer2 (HttpServer2.java:addFilter(958)) - Added filter static_user_filter (class=org.apache.hadoop.http.lib.StaticUserWebFilter$StaticUserFilter) to context static
2019-07-03 07:43:39,692 INFO  http.HttpServer2 (HttpServer2.java:bindListener(1191)) - Jetty bound to port 36941
2019-07-03 07:43:39,692 INFO  server.Server (Server.java:doStart(351)) - jetty-9.3.24.v20180605, build timestamp: 2018-06-05T17:11:56Z, git hash: 84205aa28f11a4f31f2a3b86d1bba2cc8ab69827
2019-07-03 07:43:39,694 INFO  handler.ContextHandler (ContextHandler.java:doStart(781)) - Started o.e.j.s.ServletContextHandler@6c8d8b60{/logs,file:///opt/src/hadoop-ozone/integration-test/target/log,AVAILABLE}
2019-07-03 07:43:39,694 INFO  handler.ContextHandler (ContextHandler.java:doStart(781)) - Started o.e.j.s.ServletContextHandler@2520010e{/static,jar:file:/home/user/.m2/repository/org/apache/hadoop/hadoop-hdds-container-service/0.5.0-SNAPSHOT/hadoop-hdds-container-service-0.5.0-SNAPSHOT.jar!/webapps/static,AVAILABLE}
2019-07-03 07:43:39,721 INFO  handler.ContextHandler (ContextHandler.java:doStart(781)) - Started o.e.j.w.WebAppContext@43fbc2bf{/,file:///tmp/jetty-0.0.0.0-36941-hddsDatanode-_-any-7722878121333714872.dir/webapp/,AVAILABLE}{/hddsDatanode}
2019-07-03 07:43:39,721 INFO  server.AbstractConnector (AbstractConnector.java:doStart(278)) - Started ServerConnector@2c978637{HTTP/1.1,[http/1.1]}{0.0.0.0:36941}
2019-07-03 07:43:39,724 INFO  server.Server (Server.java:doStart(419)) - Started @37089ms
2019-07-03 07:43:39,725 INFO  server.BaseHttpServer (BaseHttpServer.java:updateConnectorAddress(207)) - HTTP server of HDDSDATANODE is listening at http://0.0.0.0:36941
2019-07-03 07:43:39,871 INFO  ozone.HddsDatanodeService (HddsDatanodeService.java:startPlugins(396)) - Started plug-in org.apache.hadoop.ozone.web.OzoneHddsDatanodeService@26291192
2019-07-03 07:43:39,872 INFO  impl.MetricsSystemImpl (MetricsSystemImpl.java:init(158)) - HddsDatanode metrics system started (again)
2019-07-03 07:43:39,872 INFO  ozone.HddsDatanodeService (HddsDatanodeService.java:start(185)) - HddsDatanodeService host:ozone-hdds-1735-htq5k-1451000967 ip:192.168.69.117
2019-07-03 07:43:39,873 INFO  util.JvmPauseMonitor (JvmPauseMonitor.java:run(188)) - Starting JVM pause monitor
2019-07-03 07:43:39,875 INFO  datanode.InitDatanodeState (InitDatanodeState.java:persistContainerDatanodeDetails(140)) - DatanodeDetails is persisted to /opt/src/hadoop-ozone/integration-test/target/test-dir/MiniOzoneClusterImpl-3310c94b-7cd9-4d33-b0ba-57a6b7268968/datanode-3/meta/datanode.id
2019-07-03 07:43:39,884 INFO  volume.HddsVolume (HddsVolume.java:<init>(176)) - Creating Volume: /opt/src/hadoop-ozone/integration-test/target/test-dir/MiniOzoneClusterImpl-3310c94b-7cd9-4d33-b0ba-57a6b7268968/datanode-4/data/containers/hdds of  storage type : DISK and capacity : 52710309888
2019-07-03 07:43:39,884 INFO  volume.VolumeSet (VolumeSet.java:initializeVolumeSet(170)) - Added Volume : /opt/src/hadoop-ozone/integration-test/target/test-dir/MiniOzoneClusterImpl-3310c94b-7cd9-4d33-b0ba-57a6b7268968/datanode-4/data/containers/hdds to VolumeSet
2019-07-03 07:43:39,884 INFO  volume.ThrottledAsyncChecker (ThrottledAsyncChecker.java:schedule(140)) - Scheduling a check for org.apache.hadoop.ozone.container.common.volume.HddsVolume@4fc256ec
2019-07-03 07:43:39,885 INFO  volume.HddsVolumeChecker (HddsVolumeChecker.java:checkAllVolumes(203)) - Scheduled health check for volume org.apache.hadoop.ozone.container.common.volume.HddsVolume@4fc256ec
2019-07-03 07:43:39,898 INFO  ratis.XceiverServerRatis (XceiverServerRatis.java:newXceiverServerRatis(401)) - Found a free port for the server : 45556
2019-07-03 07:43:39,899 INFO  impl.RaftServerProxy (ConfUtils.java:logGet(43)) - raft.rpc.type = GRPC (default)
2019-07-03 07:43:39,900 INFO  grpc.GrpcConfigKeys$Server (ConfUtils.java:logGet(43)) - raft.grpc.server.port = 45556 (custom)
2019-07-03 07:43:39,900 INFO  server.GrpcService (ConfUtils.java:logGet(43)) - raft.grpc.message.size.max = 33570816 (custom)
2019-07-03 07:43:39,900 INFO  server.RaftServerConfigKeys (ConfUtils.java:logGet(43)) - raft.server.log.appender.buffer.byte-limit = 33554432 (custom)
2019-07-03 07:43:39,900 INFO  server.GrpcService (ConfUtils.java:logGet(43)) - raft.grpc.flow.control.window = 1MB (=1048576) (default)
2019-07-03 07:43:39,900 INFO  server.RaftServerConfigKeys (ConfUtils.java:logGet(43)) - raft.server.rpc.request.timeout = 3000ms (default)
2019-07-03 07:43:39,901 INFO  server.RaftServerConfigKeys (ConfUtils.java:logGet(43)) - raft.server.storage.dir = [/opt/src/hadoop-ozone/integration-test/target/test-dir/MiniOzoneClusterImpl-3310c94b-7cd9-4d33-b0ba-57a6b7268968/datanode-4/data/ratis] (custom)
2019-07-03 07:43:39,901 INFO  server.XceiverServerGrpc (XceiverServerGrpc.java:<init>(97)) - Found a free port for the server : 43679
2019-07-03 07:43:39,902 INFO  replication.SimpleContainerDownloader (SimpleContainerDownloader.java:<init>(72)) - Starting container downloader service to copy containers to replicate.
2019-07-03 07:43:39,903 INFO  hdfs.DFSUtil (DFSUtil.java:httpServerTemplateForNNAndJN(1641)) - Starting Web-server for hddsDatanode at: http://0.0.0.0:0
2019-07-03 07:43:39,904 INFO  server.AuthenticationFilter (AuthenticationFilter.java:constructSecretProvider(240)) - Unable to initialize FileSignerSecretProvider, falling back to use random secrets.
2019-07-03 07:43:39,904 WARN  http.HttpRequestLog (HttpRequestLog.java:getRequestLog(97)) - Jetty request log can only be enabled using Log4j
2019-07-03 07:43:39,905 INFO  http.HttpServer2 (HttpServer2.java:addGlobalFilter(975)) - Added global filter 'safety' (class=org.apache.hadoop.http.HttpServer2$QuotingInputFilter)
2019-07-03 07:43:39,906 INFO  http.HttpServer2 (HttpServer2.java:addFilter(948)) - Added filter static_user_filter (class=org.apache.hadoop.http.lib.StaticUserWebFilter$StaticUserFilter) to context hddsDatanode
2019-07-03 07:43:39,906 INFO  http.HttpServer2 (HttpServer2.java:addFilter(958)) - Added filter static_user_filter (class=org.apache.hadoop.http.lib.StaticUserWebFilter$StaticUserFilter) to context logs
2019-07-03 07:43:39,906 INFO  http.HttpServer2 (HttpServer2.java:addFilter(958)) - Added filter static_user_filter (class=org.apache.hadoop.http.lib.StaticUserWebFilter$StaticUserFilter) to context static
2019-07-03 07:43:39,906 INFO  http.HttpServer2 (HttpServer2.java:bindListener(1191)) - Jetty bound to port 46050
2019-07-03 07:43:39,907 INFO  server.Server (Server.java:doStart(351)) - jetty-9.3.24.v20180605, build timestamp: 2018-06-05T17:11:56Z, git hash: 84205aa28f11a4f31f2a3b86d1bba2cc8ab69827
2019-07-03 07:43:39,908 INFO  handler.ContextHandler (ContextHandler.java:doStart(781)) - Started o.e.j.s.ServletContextHandler@624494d4{/logs,file:///opt/src/hadoop-ozone/integration-test/target/log,AVAILABLE}
2019-07-03 07:43:39,909 INFO  handler.ContextHandler (ContextHandler.java:doStart(781)) - Started o.e.j.s.ServletContextHandler@38af386e{/static,jar:file:/home/user/.m2/repository/org/apache/hadoop/hadoop-hdds-container-service/0.5.0-SNAPSHOT/hadoop-hdds-container-service-0.5.0-SNAPSHOT.jar!/webapps/static,AVAILABLE}
2019-07-03 07:43:39,937 INFO  handler.ContextHandler (ContextHandler.java:doStart(781)) - Started o.e.j.w.WebAppContext@1ab502f6{/,file:///tmp/jetty-0.0.0.0-46050-hddsDatanode-_-any-5240942337026317372.dir/webapp/,AVAILABLE}{/hddsDatanode}
2019-07-03 07:43:39,938 INFO  server.AbstractConnector (AbstractConnector.java:doStart(278)) - Started ServerConnector@2a8e30e3{HTTP/1.1,[http/1.1]}{0.0.0.0:46050}
2019-07-03 07:43:39,938 INFO  server.Server (Server.java:doStart(419)) - Started @37304ms
2019-07-03 07:43:39,939 INFO  server.BaseHttpServer (BaseHttpServer.java:updateConnectorAddress(207)) - HTTP server of HDDSDATANODE is listening at http://0.0.0.0:46050
2019-07-03 07:43:40,078 INFO  ozone.HddsDatanodeService (HddsDatanodeService.java:startPlugins(396)) - Started plug-in org.apache.hadoop.ozone.web.OzoneHddsDatanodeService@42c9b1ee
2019-07-03 07:43:40,078 INFO  impl.MetricsSystemImpl (MetricsSystemImpl.java:init(158)) - HddsDatanode metrics system started (again)
2019-07-03 07:43:40,078 INFO  ozone.HddsDatanodeService (HddsDatanodeService.java:start(185)) - HddsDatanodeService host:ozone-hdds-1735-htq5k-1451000967 ip:192.168.69.117
2019-07-03 07:43:40,079 INFO  util.JvmPauseMonitor (JvmPauseMonitor.java:run(188)) - Starting JVM pause monitor
2019-07-03 07:43:40,081 INFO  datanode.InitDatanodeState (InitDatanodeState.java:persistContainerDatanodeDetails(140)) - DatanodeDetails is persisted to /opt/src/hadoop-ozone/integration-test/target/test-dir/MiniOzoneClusterImpl-3310c94b-7cd9-4d33-b0ba-57a6b7268968/datanode-4/meta/datanode.id
2019-07-03 07:43:40,088 INFO  volume.HddsVolume (HddsVolume.java:<init>(176)) - Creating Volume: /opt/src/hadoop-ozone/integration-test/target/test-dir/MiniOzoneClusterImpl-3310c94b-7cd9-4d33-b0ba-57a6b7268968/datanode-5/data/containers/hdds of  storage type : DISK and capacity : 52710309888
2019-07-03 07:43:40,088 INFO  volume.VolumeSet (VolumeSet.java:initializeVolumeSet(170)) - Added Volume : /opt/src/hadoop-ozone/integration-test/target/test-dir/MiniOzoneClusterImpl-3310c94b-7cd9-4d33-b0ba-57a6b7268968/datanode-5/data/containers/hdds to VolumeSet
2019-07-03 07:43:40,089 INFO  volume.ThrottledAsyncChecker (ThrottledAsyncChecker.java:schedule(140)) - Scheduling a check for org.apache.hadoop.ozone.container.common.volume.HddsVolume@2e847e71
2019-07-03 07:43:40,089 INFO  volume.HddsVolumeChecker (HddsVolumeChecker.java:checkAllVolumes(203)) - Scheduled health check for volume org.apache.hadoop.ozone.container.common.volume.HddsVolume@2e847e71
2019-07-03 07:43:40,103 INFO  ratis.XceiverServerRatis (XceiverServerRatis.java:newXceiverServerRatis(401)) - Found a free port for the server : 36208
2019-07-03 07:43:40,106 INFO  impl.RaftServerProxy (ConfUtils.java:logGet(43)) - raft.rpc.type = GRPC (default)
2019-07-03 07:43:40,106 INFO  grpc.GrpcConfigKeys$Server (ConfUtils.java:logGet(43)) - raft.grpc.server.port = 36208 (custom)
2019-07-03 07:43:40,106 INFO  server.GrpcService (ConfUtils.java:logGet(43)) - raft.grpc.message.size.max = 33570816 (custom)
2019-07-03 07:43:40,106 INFO  server.RaftServerConfigKeys (ConfUtils.java:logGet(43)) - raft.server.log.appender.buffer.byte-limit = 33554432 (custom)
2019-07-03 07:43:40,106 INFO  server.GrpcService (ConfUtils.java:logGet(43)) - raft.grpc.flow.control.window = 1MB (=1048576) (default)
2019-07-03 07:43:40,107 INFO  server.RaftServerConfigKeys (ConfUtils.java:logGet(43)) - raft.server.rpc.request.timeout = 3000ms (default)
2019-07-03 07:43:40,107 INFO  server.RaftServerConfigKeys (ConfUtils.java:logGet(43)) - raft.server.storage.dir = [/opt/src/hadoop-ozone/integration-test/target/test-dir/MiniOzoneClusterImpl-3310c94b-7cd9-4d33-b0ba-57a6b7268968/datanode-5/data/ratis] (custom)
2019-07-03 07:43:40,108 INFO  server.XceiverServerGrpc (XceiverServerGrpc.java:<init>(97)) - Found a free port for the server : 33744
2019-07-03 07:43:40,108 INFO  replication.SimpleContainerDownloader (SimpleContainerDownloader.java:<init>(72)) - Starting container downloader service to copy containers to replicate.
2019-07-03 07:43:40,109 INFO  hdfs.DFSUtil (DFSUtil.java:httpServerTemplateForNNAndJN(1641)) - Starting Web-server for hddsDatanode at: http://0.0.0.0:0
2019-07-03 07:43:40,110 INFO  server.AuthenticationFilter (AuthenticationFilter.java:constructSecretProvider(240)) - Unable to initialize FileSignerSecretProvider, falling back to use random secrets.
2019-07-03 07:43:40,111 WARN  http.HttpRequestLog (HttpRequestLog.java:getRequestLog(97)) - Jetty request log can only be enabled using Log4j
2019-07-03 07:43:40,112 INFO  http.HttpServer2 (HttpServer2.java:addGlobalFilter(975)) - Added global filter 'safety' (class=org.apache.hadoop.http.HttpServer2$QuotingInputFilter)
2019-07-03 07:43:40,112 INFO  http.HttpServer2 (HttpServer2.java:addFilter(948)) - Added filter static_user_filter (class=org.apache.hadoop.http.lib.StaticUserWebFilter$StaticUserFilter) to context hddsDatanode
2019-07-03 07:43:40,112 INFO  http.HttpServer2 (HttpServer2.java:addFilter(958)) - Added filter static_user_filter (class=org.apache.hadoop.http.lib.StaticUserWebFilter$StaticUserFilter) to context static
2019-07-03 07:43:40,112 INFO  http.HttpServer2 (HttpServer2.java:addFilter(958)) - Added filter static_user_filter (class=org.apache.hadoop.http.lib.StaticUserWebFilter$StaticUserFilter) to context logs
2019-07-03 07:43:40,113 INFO  http.HttpServer2 (HttpServer2.java:bindListener(1191)) - Jetty bound to port 42453
2019-07-03 07:43:40,113 INFO  server.Server (Server.java:doStart(351)) - jetty-9.3.24.v20180605, build timestamp: 2018-06-05T17:11:56Z, git hash: 84205aa28f11a4f31f2a3b86d1bba2cc8ab69827
2019-07-03 07:43:40,115 INFO  handler.ContextHandler (ContextHandler.java:doStart(781)) - Started o.e.j.s.ServletContextHandler@3e5b2630{/logs,file:///opt/src/hadoop-ozone/integration-test/target/log,AVAILABLE}
2019-07-03 07:43:40,116 INFO  handler.ContextHandler (ContextHandler.java:doStart(781)) - Started o.e.j.s.ServletContextHandler@75ac326f{/static,jar:file:/home/user/.m2/repository/org/apache/hadoop/hadoop-hdds-container-service/0.5.0-SNAPSHOT/hadoop-hdds-container-service-0.5.0-SNAPSHOT.jar!/webapps/static,AVAILABLE}
2019-07-03 07:43:40,145 INFO  handler.ContextHandler (ContextHandler.java:doStart(781)) - Started o.e.j.w.WebAppContext@2a19c36b{/,file:///tmp/jetty-0.0.0.0-42453-hddsDatanode-_-any-6252429029839188585.dir/webapp/,AVAILABLE}{/hddsDatanode}
2019-07-03 07:43:40,146 INFO  server.AbstractConnector (AbstractConnector.java:doStart(278)) - Started ServerConnector@38856d6e{HTTP/1.1,[http/1.1]}{0.0.0.0:42453}
2019-07-03 07:43:40,147 INFO  server.Server (Server.java:doStart(419)) - Started @37513ms
2019-07-03 07:43:40,148 INFO  server.BaseHttpServer (BaseHttpServer.java:updateConnectorAddress(207)) - HTTP server of HDDSDATANODE is listening at http://0.0.0.0:42453
2019-07-03 07:43:40,284 INFO  ozone.HddsDatanodeService (HddsDatanodeService.java:startPlugins(396)) - Started plug-in org.apache.hadoop.ozone.web.OzoneHddsDatanodeService@a6204e4
2019-07-03 07:43:40,285 INFO  impl.MetricsSystemImpl (MetricsSystemImpl.java:init(158)) - HddsDatanode metrics system started (again)
2019-07-03 07:43:40,285 INFO  ozone.HddsDatanodeService (HddsDatanodeService.java:start(185)) - HddsDatanodeService host:ozone-hdds-1735-htq5k-1451000967 ip:192.168.69.117
2019-07-03 07:43:40,286 INFO  util.JvmPauseMonitor (JvmPauseMonitor.java:run(188)) - Starting JVM pause monitor
2019-07-03 07:43:40,288 INFO  datanode.InitDatanodeState (InitDatanodeState.java:persistContainerDatanodeDetails(140)) - DatanodeDetails is persisted to /opt/src/hadoop-ozone/integration-test/target/test-dir/MiniOzoneClusterImpl-3310c94b-7cd9-4d33-b0ba-57a6b7268968/datanode-5/meta/datanode.id
2019-07-03 07:43:40,294 INFO  volume.HddsVolume (HddsVolume.java:<init>(176)) - Creating Volume: /opt/src/hadoop-ozone/integration-test/target/test-dir/MiniOzoneClusterImpl-3310c94b-7cd9-4d33-b0ba-57a6b7268968/datanode-6/data/containers/hdds of  storage type : DISK and capacity : 52710309888
2019-07-03 07:43:40,294 INFO  volume.VolumeSet (VolumeSet.java:initializeVolumeSet(170)) - Added Volume : /opt/src/hadoop-ozone/integration-test/target/test-dir/MiniOzoneClusterImpl-3310c94b-7cd9-4d33-b0ba-57a6b7268968/datanode-6/data/containers/hdds to VolumeSet
2019-07-03 07:43:40,294 INFO  volume.ThrottledAsyncChecker (ThrottledAsyncChecker.java:schedule(140)) - Scheduling a check for org.apache.hadoop.ozone.container.common.volume.HddsVolume@147097ad
2019-07-03 07:43:40,295 INFO  volume.HddsVolumeChecker (HddsVolumeChecker.java:checkAllVolumes(203)) - Scheduled health check for volume org.apache.hadoop.ozone.container.common.volume.HddsVolume@147097ad
2019-07-03 07:43:40,307 INFO  ratis.XceiverServerRatis (XceiverServerRatis.java:newXceiverServerRatis(401)) - Found a free port for the server : 43079
2019-07-03 07:43:40,309 INFO  impl.RaftServerProxy (ConfUtils.java:logGet(43)) - raft.rpc.type = GRPC (default)
2019-07-03 07:43:40,309 INFO  grpc.GrpcConfigKeys$Server (ConfUtils.java:logGet(43)) - raft.grpc.server.port = 43079 (custom)
2019-07-03 07:43:40,309 INFO  server.GrpcService (ConfUtils.java:logGet(43)) - raft.grpc.message.size.max = 33570816 (custom)
2019-07-03 07:43:40,309 INFO  server.RaftServerConfigKeys (ConfUtils.java:logGet(43)) - raft.server.log.appender.buffer.byte-limit = 33554432 (custom)
2019-07-03 07:43:40,310 INFO  server.GrpcService (ConfUtils.java:logGet(43)) - raft.grpc.flow.control.window = 1MB (=1048576) (default)
2019-07-03 07:43:40,310 INFO  server.RaftServerConfigKeys (ConfUtils.java:logGet(43)) - raft.server.rpc.request.timeout = 3000ms (default)
2019-07-03 07:43:40,310 INFO  server.RaftServerConfigKeys (ConfUtils.java:logGet(43)) - raft.server.storage.dir = [/opt/src/hadoop-ozone/integration-test/target/test-dir/MiniOzoneClusterImpl-3310c94b-7cd9-4d33-b0ba-57a6b7268968/datanode-6/data/ratis] (custom)
2019-07-03 07:43:40,311 INFO  server.XceiverServerGrpc (XceiverServerGrpc.java:<init>(97)) - Found a free port for the server : 45103
2019-07-03 07:43:40,311 INFO  replication.SimpleContainerDownloader (SimpleContainerDownloader.java:<init>(72)) - Starting container downloader service to copy containers to replicate.
2019-07-03 07:43:40,312 INFO  hdfs.DFSUtil (DFSUtil.java:httpServerTemplateForNNAndJN(1641)) - Starting Web-server for hddsDatanode at: http://0.0.0.0:0
2019-07-03 07:43:40,313 INFO  server.AuthenticationFilter (AuthenticationFilter.java:constructSecretProvider(240)) - Unable to initialize FileSignerSecretProvider, falling back to use random secrets.
2019-07-03 07:43:40,313 WARN  http.HttpRequestLog (HttpRequestLog.java:getRequestLog(97)) - Jetty request log can only be enabled using Log4j
2019-07-03 07:43:40,314 INFO  http.HttpServer2 (HttpServer2.java:addGlobalFilter(975)) - Added global filter 'safety' (class=org.apache.hadoop.http.HttpServer2$QuotingInputFilter)
2019-07-03 07:43:40,315 INFO  http.HttpServer2 (HttpServer2.java:addFilter(948)) - Added filter static_user_filter (class=org.apache.hadoop.http.lib.StaticUserWebFilter$StaticUserFilter) to context hddsDatanode
2019-07-03 07:43:40,315 INFO  http.HttpServer2 (HttpServer2.java:addFilter(958)) - Added filter static_user_filter (class=org.apache.hadoop.http.lib.StaticUserWebFilter$StaticUserFilter) to context logs
2019-07-03 07:43:40,315 INFO  http.HttpServer2 (HttpServer2.java:addFilter(958)) - Added filter static_user_filter (class=org.apache.hadoop.http.lib.StaticUserWebFilter$StaticUserFilter) to context static
2019-07-03 07:43:40,316 INFO  http.HttpServer2 (HttpServer2.java:bindListener(1191)) - Jetty bound to port 34741
2019-07-03 07:43:40,316 INFO  server.Server (Server.java:doStart(351)) - jetty-9.3.24.v20180605, build timestamp: 2018-06-05T17:11:56Z, git hash: 84205aa28f11a4f31f2a3b86d1bba2cc8ab69827
2019-07-03 07:43:40,318 INFO  handler.ContextHandler (ContextHandler.java:doStart(781)) - Started o.e.j.s.ServletContextHandler@36857d32{/logs,file:///opt/src/hadoop-ozone/integration-test/target/log,AVAILABLE}
2019-07-03 07:43:40,318 INFO  handler.ContextHandler (ContextHandler.java:doStart(781)) - Started o.e.j.s.ServletContextHandler@2ae88712{/static,jar:file:/home/user/.m2/repository/org/apache/hadoop/hadoop-hdds-container-service/0.5.0-SNAPSHOT/hadoop-hdds-container-service-0.5.0-SNAPSHOT.jar!/webapps/static,AVAILABLE}
2019-07-03 07:43:40,344 INFO  handler.ContextHandler (ContextHandler.java:doStart(781)) - Started o.e.j.w.WebAppContext@1958524b{/,file:///tmp/jetty-0.0.0.0-34741-hddsDatanode-_-any-6199899788290399398.dir/webapp/,AVAILABLE}{/hddsDatanode}
2019-07-03 07:43:40,345 INFO  server.AbstractConnector (AbstractConnector.java:doStart(278)) - Started ServerConnector@129aaac1{HTTP/1.1,[http/1.1]}{0.0.0.0:34741}
2019-07-03 07:43:40,346 INFO  server.Server (Server.java:doStart(419)) - Started @37712ms
2019-07-03 07:43:40,347 INFO  server.BaseHttpServer (BaseHttpServer.java:updateConnectorAddress(207)) - HTTP server of HDDSDATANODE is listening at http://0.0.0.0:34741
2019-07-03 07:43:40,454 INFO  ozone.HddsDatanodeService (HddsDatanodeService.java:startPlugins(396)) - Started plug-in org.apache.hadoop.ozone.web.OzoneHddsDatanodeService@244f356
2019-07-03 07:43:40,454 INFO  ozone.MiniOzoneClusterImpl (MiniOzoneClusterImpl.java:lambda$waitForClusterToBeReady$0(142)) - Waiting for cluster to be ready. Got 0 of 7 DN Heartbeats.
2019-07-03 07:43:40,456 INFO  util.JvmPauseMonitor (JvmPauseMonitor.java:run(188)) - Starting JVM pause monitor
2019-07-03 07:43:40,458 INFO  datanode.InitDatanodeState (InitDatanodeState.java:persistContainerDatanodeDetails(140)) - DatanodeDetails is persisted to /opt/src/hadoop-ozone/integration-test/target/test-dir/MiniOzoneClusterImpl-3310c94b-7cd9-4d33-b0ba-57a6b7268968/datanode-6/meta/datanode.id
2019-07-03 07:43:41,249 INFO  ozoneimpl.OzoneContainer (OzoneContainer.java:start(186)) - Attempting to start container services.
2019-07-03 07:43:41,249 INFO  ozoneimpl.OzoneContainer (OzoneContainer.java:startContainerScrub(160)) - Background container scrubber has been disabled by hdds.containerscrub.enabled
2019-07-03 07:43:41,249 INFO  ratis.XceiverServerRatis (XceiverServerRatis.java:start(418)) - Starting XceiverServerRatis aa88b76e-c077-49df-a4ca-9e1f49363801 at port 36837
2019-07-03 07:43:41,257 INFO  impl.RaftServerProxy (RaftServerProxy.java:lambda$start$3(299)) - aa88b76e-c077-49df-a4ca-9e1f49363801: start RPC server
2019-07-03 07:43:41,259 INFO  server.GrpcService (GrpcService.java:startImpl(148)) - aa88b76e-c077-49df-a4ca-9e1f49363801: GrpcService started, listening on 0.0.0.0/0.0.0.0:36837
2019-07-03 07:43:41,454 INFO  ozone.MiniOzoneClusterImpl (MiniOzoneClusterImpl.java:lambda$waitForClusterToBeReady$0(142)) - Waiting for cluster to be ready. Got 0 of 7 DN Heartbeats.
2019-07-03 07:43:41,480 INFO  ozoneimpl.OzoneContainer (OzoneContainer.java:start(186)) - Attempting to start container services.
2019-07-03 07:43:41,481 INFO  ozoneimpl.OzoneContainer (OzoneContainer.java:startContainerScrub(160)) - Background container scrubber has been disabled by hdds.containerscrub.enabled
2019-07-03 07:43:41,481 INFO  ratis.XceiverServerRatis (XceiverServerRatis.java:start(418)) - Starting XceiverServerRatis 4f6491d0-8ade-4eaa-958d-9ace0d85d8f7 at port 45092
2019-07-03 07:43:41,488 INFO  impl.RaftServerProxy (RaftServerProxy.java:lambda$start$3(299)) - 4f6491d0-8ade-4eaa-958d-9ace0d85d8f7: start RPC server
2019-07-03 07:43:41,489 INFO  server.GrpcService (GrpcService.java:startImpl(148)) - 4f6491d0-8ade-4eaa-958d-9ace0d85d8f7: GrpcService started, listening on 0.0.0.0/0.0.0.0:45092
2019-07-03 07:43:41,687 INFO  ozoneimpl.OzoneContainer (OzoneContainer.java:start(186)) - Attempting to start container services.
2019-07-03 07:43:41,687 INFO  ozoneimpl.OzoneContainer (OzoneContainer.java:startContainerScrub(160)) - Background container scrubber has been disabled by hdds.containerscrub.enabled
2019-07-03 07:43:41,687 INFO  ratis.XceiverServerRatis (XceiverServerRatis.java:start(418)) - Starting XceiverServerRatis 51706fce-045d-4f19-aae2-188725fe96d6 at port 43724
2019-07-03 07:43:41,694 INFO  impl.RaftServerProxy (RaftServerProxy.java:lambda$start$3(299)) - 51706fce-045d-4f19-aae2-188725fe96d6: start RPC server
2019-07-03 07:43:41,695 INFO  server.GrpcService (GrpcService.java:startImpl(148)) - 51706fce-045d-4f19-aae2-188725fe96d6: GrpcService started, listening on 0.0.0.0/0.0.0.0:43724
2019-07-03 07:43:41,900 INFO  ozoneimpl.OzoneContainer (OzoneContainer.java:start(186)) - Attempting to start container services.
2019-07-03 07:43:41,900 INFO  ozoneimpl.OzoneContainer (OzoneContainer.java:startContainerScrub(160)) - Background container scrubber has been disabled by hdds.containerscrub.enabled
2019-07-03 07:43:41,900 INFO  ratis.XceiverServerRatis (XceiverServerRatis.java:start(418)) - Starting XceiverServerRatis 6db197cb-5bd4-44eb-a4e1-f70bee29aa63 at port 35552
2019-07-03 07:43:41,907 INFO  impl.RaftServerProxy (RaftServerProxy.java:lambda$start$3(299)) - 6db197cb-5bd4-44eb-a4e1-f70bee29aa63: start RPC server
2019-07-03 07:43:41,908 INFO  server.GrpcService (GrpcService.java:startImpl(148)) - 6db197cb-5bd4-44eb-a4e1-f70bee29aa63: GrpcService started, listening on 0.0.0.0/0.0.0.0:35552
2019-07-03 07:43:42,094 INFO  ozoneimpl.OzoneContainer (OzoneContainer.java:start(186)) - Attempting to start container services.
2019-07-03 07:43:42,094 INFO  ozoneimpl.OzoneContainer (OzoneContainer.java:startContainerScrub(160)) - Background container scrubber has been disabled by hdds.containerscrub.enabled
2019-07-03 07:43:42,095 INFO  ratis.XceiverServerRatis (XceiverServerRatis.java:start(418)) - Starting XceiverServerRatis 55c19b6c-9632-46a1-b790-5459636fd52d at port 45556
2019-07-03 07:43:42,103 INFO  impl.RaftServerProxy (RaftServerProxy.java:lambda$start$3(299)) - 55c19b6c-9632-46a1-b790-5459636fd52d: start RPC server
2019-07-03 07:43:42,104 INFO  server.GrpcService (GrpcService.java:startImpl(148)) - 55c19b6c-9632-46a1-b790-5459636fd52d: GrpcService started, listening on 0.0.0.0/0.0.0.0:45556
2019-07-03 07:43:42,312 INFO  ozoneimpl.OzoneContainer (OzoneContainer.java:start(186)) - Attempting to start container services.
2019-07-03 07:43:42,313 INFO  ozoneimpl.OzoneContainer (OzoneContainer.java:startContainerScrub(160)) - Background container scrubber has been disabled by hdds.containerscrub.enabled
2019-07-03 07:43:42,313 INFO  ratis.XceiverServerRatis (XceiverServerRatis.java:start(418)) - Starting XceiverServerRatis 7b082376-2856-4b31-ba4d-19dd8f86c721 at port 36208
2019-07-03 07:43:42,320 INFO  impl.RaftServerProxy (RaftServerProxy.java:lambda$start$3(299)) - 7b082376-2856-4b31-ba4d-19dd8f86c721: start RPC server
2019-07-03 07:43:42,321 INFO  server.GrpcService (GrpcService.java:startImpl(148)) - 7b082376-2856-4b31-ba4d-19dd8f86c721: GrpcService started, listening on 0.0.0.0/0.0.0.0:36208
2019-07-03 07:43:42,455 INFO  ozone.MiniOzoneClusterImpl (MiniOzoneClusterImpl.java:lambda$waitForClusterToBeReady$0(142)) - Waiting for cluster to be ready. Got 0 of 7 DN Heartbeats.
2019-07-03 07:43:42,471 INFO  ozoneimpl.OzoneContainer (OzoneContainer.java:start(186)) - Attempting to start container services.
2019-07-03 07:43:42,471 INFO  ozoneimpl.OzoneContainer (OzoneContainer.java:startContainerScrub(160)) - Background container scrubber has been disabled by hdds.containerscrub.enabled
2019-07-03 07:43:42,471 INFO  ratis.XceiverServerRatis (XceiverServerRatis.java:start(418)) - Starting XceiverServerRatis 40992cdb-d98c-49d0-a788-87b8a2116e5a at port 43079
2019-07-03 07:43:42,480 INFO  impl.RaftServerProxy (RaftServerProxy.java:lambda$start$3(299)) - 40992cdb-d98c-49d0-a788-87b8a2116e5a: start RPC server
2019-07-03 07:43:42,481 INFO  server.GrpcService (GrpcService.java:startImpl(148)) - 40992cdb-d98c-49d0-a788-87b8a2116e5a: GrpcService started, listening on 0.0.0.0/0.0.0.0:43079
2019-07-03 07:43:43,230 INFO  net.NetworkTopology (NetworkTopologyImpl.java:add(109)) - Added a new node: /default-rack/192.168.69.117
2019-07-03 07:43:43,233 INFO  node.SCMNodeManager (SCMNodeManager.java:register(269)) - Registered Data node : aa88b76e-c077-49df-a4ca-9e1f49363801{ip: 192.168.69.117, host: ozone-hdds-1735-htq5k-1451000967, networkLocation: /default-rack, certSerialId: null}
2019-07-03 07:43:43,234 INFO  safemode.SCMSafeModeManager (DataNodeSafeModeRule.java:process(71)) - SCM in safe mode. 1 DataNodes registered, 1 required.
2019-07-03 07:43:43,238 INFO  safemode.SCMSafeModeManager (SCMSafeModeManager.java:validateSafeModeExitRules(177)) - ScmSafeModeManager, all rules are successfully validated
2019-07-03 07:43:43,238 INFO  safemode.SCMSafeModeManager (SCMSafeModeManager.java:exitSafeMode(193)) - SCM exiting safe mode.
2019-07-03 07:43:43,249 INFO  impl.RaftServerProxy (RaftServerProxy.java:addNew(89)) - aa88b76e-c077-49df-a4ca-9e1f49363801: addNew group-950AE6533EAC:[aa88b76e-c077-49df-a4ca-9e1f49363801:192.168.69.117:36837] returns group-950AE6533EAC:java.util.concurrent.CompletableFuture@438473de[Not completed]
2019-07-03 07:43:43,250 INFO  impl.RaftServerImpl (RaftServerImpl.java:<init>(91)) - aa88b76e-c077-49df-a4ca-9e1f49363801: new RaftServerImpl for group-950AE6533EAC:[aa88b76e-c077-49df-a4ca-9e1f49363801:192.168.69.117:36837] with ContainerStateMachine:uninitialized
2019-07-03 07:43:43,250 INFO  server.RaftServerConfigKeys (ConfUtils.java:logGet(43)) - raft.server.rpc.timeout.min = 1s (custom)
2019-07-03 07:43:43,251 INFO  server.RaftServerConfigKeys (ConfUtils.java:logGet(43)) - raft.server.rpc.timeout.max = 1200ms (custom)
2019-07-03 07:43:43,251 INFO  server.RaftServerConfigKeys (ConfUtils.java:logGet(43)) - raft.server.rpcslowness.timeout = 120s (custom)
2019-07-03 07:43:43,251 INFO  server.RaftServerConfigKeys (ConfUtils.java:logGet(43)) - raft.server.log.appender.install.snapshot.enabled = true (default)
2019-07-03 07:43:43,251 INFO  impl.RaftServerImpl (ServerState.java:<init>(101)) - aa88b76e-c077-49df-a4ca-9e1f49363801:group-950AE6533EAC ConfigurationManager, init=-1: [aa88b76e-c077-49df-a4ca-9e1f49363801:192.168.69.117:36837], old=null, confs=<EMPTY_MAP>
2019-07-03 07:43:43,251 INFO  server.RaftServerConfigKeys (ConfUtils.java:logGet(43)) - raft.server.storage.dir = [/opt/src/hadoop-ozone/integration-test/target/test-dir/MiniOzoneClusterImpl-3310c94b-7cd9-4d33-b0ba-57a6b7268968/datanode-0/data/ratis] (custom)
2019-07-03 07:43:43,252 INFO  storage.RaftStorageDirectory (RaftStorageDirectory.java:analyzeStorage(246)) - The storage directory /opt/src/hadoop-ozone/integration-test/target/test-dir/MiniOzoneClusterImpl-3310c94b-7cd9-4d33-b0ba-57a6b7268968/datanode-0/data/ratis/27ed99d8-ed36-4adc-9cfa-950ae6533eac does not exist. Creating ...
2019-07-03 07:43:43,265 INFO  storage.RaftStorageDirectory (RaftStorageDirectory.java:tryLock(328)) - Lock on /opt/src/hadoop-ozone/integration-test/target/test-dir/MiniOzoneClusterImpl-3310c94b-7cd9-4d33-b0ba-57a6b7268968/datanode-0/data/ratis/27ed99d8-ed36-4adc-9cfa-950ae6533eac/in_use.lock acquired by nodename 31193@ozone-hdds-1735-htq5k-1451000967
2019-07-03 07:43:43,280 INFO  storage.RaftStorage (RaftStorage.java:format(75)) - Storage directory /opt/src/hadoop-ozone/integration-test/target/test-dir/MiniOzoneClusterImpl-3310c94b-7cd9-4d33-b0ba-57a6b7268968/datanode-0/data/ratis/27ed99d8-ed36-4adc-9cfa-950ae6533eac has been successfully formatted.
2019-07-03 07:43:43,280 INFO  ratis.ContainerStateMachine (ContainerStateMachine.java:loadSnapshot(199)) - The snapshot info is null.Setting the last applied index to:(t:0, i:~)
2019-07-03 07:43:43,281 INFO  server.RaftServerConfigKeys (ConfUtils.java:logGet(43)) - raft.server.leader.election.timeout = 120s (custom)
2019-07-03 07:43:43,281 INFO  server.RaftServerConfigKeys (ConfUtils.java:logGet(43)) - raft.server.log.use.memory = false (default)
2019-07-03 07:43:43,281 INFO  server.RaftServerConfigKeys (ConfUtils.java:logGet(43)) - raft.server.log.appender.buffer.byte-limit = 33554432 (custom)
2019-07-03 07:43:43,281 INFO  server.RaftServerConfigKeys (ConfUtils.java:logGet(43)) - raft.server.log.segment.size.max = 16384 (custom)
2019-07-03 07:43:43,281 INFO  server.RaftServerConfigKeys (ConfUtils.java:logGet(43)) - raft.server.log.segment.cache.num.max = 2 (custom)
2019-07-03 07:43:43,281 INFO  storage.RaftLogWorker (RaftLogWorker.java:<init>(123)) - new aa88b76e-c077-49df-a4ca-9e1f49363801-RaftLogWorker for Storage Directory /opt/src/hadoop-ozone/integration-test/target/test-dir/MiniOzoneClusterImpl-3310c94b-7cd9-4d33-b0ba-57a6b7268968/datanode-0/data/ratis/27ed99d8-ed36-4adc-9cfa-950ae6533eac
2019-07-03 07:43:43,282 INFO  server.RaftServerConfigKeys (ConfUtils.java:logGet(43)) - raft.server.log.queue.byte-limit = 2147483647 (custom)
2019-07-03 07:43:43,282 INFO  server.RaftServerConfigKeys (ConfUtils.java:logGet(43)) - raft.server.log.queue.element-limit = 1024 (custom)
2019-07-03 07:43:43,282 INFO  server.RaftServerConfigKeys (ConfUtils.java:logGet(43)) - raft.server.log.segment.size.max = 16384 (custom)
2019-07-03 07:43:43,282 INFO  server.RaftServerConfigKeys (ConfUtils.java:logGet(43)) - raft.server.log.preallocated.size = 16384 (custom)
2019-07-03 07:43:43,282 INFO  server.RaftServerConfigKeys (ConfUtils.java:logGet(43)) - raft.server.log.write.buffer.size = 33554432 (custom)
2019-07-03 07:43:43,282 INFO  server.RaftServerConfigKeys (ConfUtils.java:logGet(43)) - raft.server.log.force.sync.num = 128 (default)
2019-07-03 07:43:43,283 INFO  server.RaftServerConfigKeys (ConfUtils.java:logGet(43)) - raft.server.log.statemachine.data.sync = true (default)
2019-07-03 07:43:43,283 INFO  server.RaftServerConfigKeys (ConfUtils.java:logGet(43)) - raft.server.log.statemachine.data.sync.timeout = 10s (default)
2019-07-03 07:43:43,283 INFO  server.RaftServerConfigKeys (ConfUtils.java:logGet(43)) - raft.server.log.statemachine.data.sync.timeout.retry = -1 (default)
2019-07-03 07:43:43,283 INFO  server.RaftServerConfigKeys (ConfUtils.java:logGet(43)) - raft.server.log.statemachine.data.caching.enabled = true (custom)
2019-07-03 07:43:43,284 INFO  server.RaftServerConfigKeys (ConfUtils.java:logGet(43)) - raft.server.snapshot.auto.trigger.enabled = true (custom)
2019-07-03 07:43:43,284 INFO  server.RaftServerConfigKeys (ConfUtils.java:logGet(43)) - raft.server.snapshot.auto.trigger.threshold = 10000 (custom)
2019-07-03 07:43:43,284 INFO  server.RaftServerConfigKeys (ConfUtils.java:logGet(43)) - raft.server.retrycache.expirytime = 600000ms (custom)
2019-07-03 07:43:43,284 INFO  impl.RaftServerImpl (RaftServerImpl.java:start(173)) - aa88b76e-c077-49df-a4ca-9e1f49363801: start group-950AE6533EAC
2019-07-03 07:43:43,285 INFO  impl.RaftServerImpl (RaftServerImpl.java:setRole(164)) - aa88b76e-c077-49df-a4ca-9e1f49363801:group-950AE6533EAC changes role from null to FOLLOWER at term 0 for startAsFollower
2019-07-03 07:43:43,285 INFO  impl.RoleInfo (RoleInfo.java:updateAndGet(143)) - aa88b76e-c077-49df-a4ca-9e1f49363801: start FollowerState
2019-07-03 07:43:43,286 INFO  util.JmxRegister (JmxRegister.java:tryRegister(44)) - Successfully registered JMX Bean with object name Ratis:service=RaftServer,group=group-950AE6533EAC,id=aa88b76e-c077-49df-a4ca-9e1f49363801
2019-07-03 07:43:43,289 INFO  pipeline.PipelineStateManager (PipelineStateManager.java:addPipeline(56)) - Created pipeline Pipeline[ Id: 27ed99d8-ed36-4adc-9cfa-950ae6533eac, Nodes: aa88b76e-c077-49df-a4ca-9e1f49363801{ip: 192.168.69.117, host: ozone-hdds-1735-htq5k-1451000967, networkLocation: /default-rack, certSerialId: null}, Type:RATIS, Factor:ONE, State:OPEN]
2019-07-03 07:43:43,456 INFO  ozone.MiniOzoneClusterImpl (MiniOzoneClusterImpl.java:lambda$waitForClusterToBeReady$0(142)) - Waiting for cluster to be ready. Got 1 of 7 DN Heartbeats.
2019-07-03 07:43:43,468 INFO  node.SCMNodeManager (SCMNodeManager.java:register(269)) - Registered Data node : 4f6491d0-8ade-4eaa-958d-9ace0d85d8f7{ip: 192.168.69.117, host: ozone-hdds-1735-htq5k-1451000967, networkLocation: /default-rack, certSerialId: null}
2019-07-03 07:43:43,495 INFO  impl.RaftServerProxy (RaftServerProxy.java:addNew(89)) - 4f6491d0-8ade-4eaa-958d-9ace0d85d8f7: addNew group-009BB28E96D7:[4f6491d0-8ade-4eaa-958d-9ace0d85d8f7:192.168.69.117:45092] returns group-009BB28E96D7:java.util.concurrent.CompletableFuture@104a08ba[Not completed]
2019-07-03 07:43:43,496 INFO  impl.RaftServerImpl (RaftServerImpl.java:<init>(91)) - 4f6491d0-8ade-4eaa-958d-9ace0d85d8f7: new RaftServerImpl for group-009BB28E96D7:[4f6491d0-8ade-4eaa-958d-9ace0d85d8f7:192.168.69.117:45092] with ContainerStateMachine:uninitialized
2019-07-03 07:43:43,496 INFO  server.RaftServerConfigKeys (ConfUtils.java:logGet(43)) - raft.server.rpc.timeout.min = 1s (custom)
2019-07-03 07:43:43,497 INFO  server.RaftServerConfigKeys (ConfUtils.java:logGet(43)) - raft.server.rpc.timeout.max = 1200ms (custom)
2019-07-03 07:43:43,497 INFO  server.RaftServerConfigKeys (ConfUtils.java:logGet(43)) - raft.server.rpcslowness.timeout = 120s (custom)
2019-07-03 07:43:43,497 INFO  server.RaftServerConfigKeys (ConfUtils.java:logGet(43)) - raft.server.log.appender.install.snapshot.enabled = true (default)
2019-07-03 07:43:43,497 INFO  impl.RaftServerImpl (ServerState.java:<init>(101)) - 4f6491d0-8ade-4eaa-958d-9ace0d85d8f7:group-009BB28E96D7 ConfigurationManager, init=-1: [4f6491d0-8ade-4eaa-958d-9ace0d85d8f7:192.168.69.117:45092], old=null, confs=<EMPTY_MAP>
2019-07-03 07:43:43,497 INFO  server.RaftServerConfigKeys (ConfUtils.java:logGet(43)) - raft.server.storage.dir = [/opt/src/hadoop-ozone/integration-test/target/test-dir/MiniOzoneClusterImpl-3310c94b-7cd9-4d33-b0ba-57a6b7268968/datanode-1/data/ratis] (custom)
2019-07-03 07:43:43,498 INFO  storage.RaftStorageDirectory (RaftStorageDirectory.java:analyzeStorage(246)) - The storage directory /opt/src/hadoop-ozone/integration-test/target/test-dir/MiniOzoneClusterImpl-3310c94b-7cd9-4d33-b0ba-57a6b7268968/datanode-1/data/ratis/5960a857-cdcd-435b-91bd-009bb28e96d7 does not exist. Creating ...
2019-07-03 07:43:43,523 INFO  storage.RaftStorageDirectory (RaftStorageDirectory.java:tryLock(328)) - Lock on /opt/src/hadoop-ozone/integration-test/target/test-dir/MiniOzoneClusterImpl-3310c94b-7cd9-4d33-b0ba-57a6b7268968/datanode-1/data/ratis/5960a857-cdcd-435b-91bd-009bb28e96d7/in_use.lock acquired by nodename 31193@ozone-hdds-1735-htq5k-1451000967
2019-07-03 07:43:43,544 INFO  storage.RaftStorage (RaftStorage.java:format(75)) - Storage directory /opt/src/hadoop-ozone/integration-test/target/test-dir/MiniOzoneClusterImpl-3310c94b-7cd9-4d33-b0ba-57a6b7268968/datanode-1/data/ratis/5960a857-cdcd-435b-91bd-009bb28e96d7 has been successfully formatted.
2019-07-03 07:43:43,544 INFO  ratis.ContainerStateMachine (ContainerStateMachine.java:loadSnapshot(199)) - The snapshot info is null.Setting the last applied index to:(t:0, i:~)
2019-07-03 07:43:43,544 INFO  server.RaftServerConfigKeys (ConfUtils.java:logGet(43)) - raft.server.leader.election.timeout = 120s (custom)
2019-07-03 07:43:43,544 INFO  server.RaftServerConfigKeys (ConfUtils.java:logGet(43)) - raft.server.log.use.memory = false (default)
2019-07-03 07:43:43,545 INFO  server.RaftServerConfigKeys (ConfUtils.java:logGet(43)) - raft.server.log.appender.buffer.byte-limit = 33554432 (custom)
2019-07-03 07:43:43,545 INFO  server.RaftServerConfigKeys (ConfUtils.java:logGet(43)) - raft.server.log.segment.size.max = 16384 (custom)
2019-07-03 07:43:43,545 INFO  server.RaftServerConfigKeys (ConfUtils.java:logGet(43)) - raft.server.log.segment.cache.num.max = 2 (custom)
2019-07-03 07:43:43,545 INFO  storage.RaftLogWorker (RaftLogWorker.java:<init>(123)) - new 4f6491d0-8ade-4eaa-958d-9ace0d85d8f7-RaftLogWorker for Storage Directory /opt/src/hadoop-ozone/integration-test/target/test-dir/MiniOzoneClusterImpl-3310c94b-7cd9-4d33-b0ba-57a6b7268968/datanode-1/data/ratis/5960a857-cdcd-435b-91bd-009bb28e96d7
2019-07-03 07:43:43,545 INFO  server.RaftServerConfigKeys (ConfUtils.java:logGet(43)) - raft.server.log.queue.byte-limit = 2147483647 (custom)
2019-07-03 07:43:43,545 INFO  server.RaftServerConfigKeys (ConfUtils.java:logGet(43)) - raft.server.log.queue.element-limit = 1024 (custom)
2019-07-03 07:43:43,546 INFO  server.RaftServerConfigKeys (ConfUtils.java:logGet(43)) - raft.server.log.segment.size.max = 16384 (custom)
2019-07-03 07:43:43,546 INFO  server.RaftServerConfigKeys (ConfUtils.java:logGet(43)) - raft.server.log.preallocated.size = 16384 (custom)
2019-07-03 07:43:43,546 INFO  server.RaftServerConfigKeys (ConfUtils.java:logGet(43)) - raft.server.log.write.buffer.size = 33554432 (custom)
2019-07-03 07:43:43,546 INFO  server.RaftServerConfigKeys (ConfUtils.java:logGet(43)) - raft.server.log.force.sync.num = 128 (default)
2019-07-03 07:43:43,546 INFO  server.RaftServerConfigKeys (ConfUtils.java:logGet(43)) - raft.server.log.statemachine.data.sync = true (default)
2019-07-03 07:43:43,546 INFO  server.RaftServerConfigKeys (ConfUtils.java:logGet(43)) - raft.server.log.statemachine.data.sync.timeout = 10s (default)
2019-07-03 07:43:43,547 INFO  server.RaftServerConfigKeys (ConfUtils.java:logGet(43)) - raft.server.log.statemachine.data.sync.timeout.retry = -1 (default)
2019-07-03 07:43:43,547 INFO  server.RaftServerConfigKeys (ConfUtils.java:logGet(43)) - raft.server.log.statemachine.data.caching.enabled = true (custom)
2019-07-03 07:43:43,547 INFO  server.RaftServerConfigKeys (ConfUtils.java:logGet(43)) - raft.server.snapshot.auto.trigger.enabled = true (custom)
2019-07-03 07:43:43,547 INFO  server.RaftServerConfigKeys (ConfUtils.java:logGet(43)) - raft.server.snapshot.auto.trigger.threshold = 10000 (custom)
2019-07-03 07:43:43,548 INFO  server.RaftServerConfigKeys (ConfUtils.java:logGet(43)) - raft.server.retrycache.expirytime = 600000ms (custom)
2019-07-03 07:43:43,548 INFO  impl.RaftServerImpl (RaftServerImpl.java:start(173)) - 4f6491d0-8ade-4eaa-958d-9ace0d85d8f7: start group-009BB28E96D7
2019-07-03 07:43:43,548 INFO  impl.RaftServerImpl (RaftServerImpl.java:setRole(164)) - 4f6491d0-8ade-4eaa-958d-9ace0d85d8f7:group-009BB28E96D7 changes role from null to FOLLOWER at term 0 for startAsFollower
2019-07-03 07:43:43,548 INFO  impl.RoleInfo (RoleInfo.java:updateAndGet(143)) - 4f6491d0-8ade-4eaa-958d-9ace0d85d8f7: start FollowerState
2019-07-03 07:43:43,549 INFO  util.JmxRegister (JmxRegister.java:tryRegister(44)) - Successfully registered JMX Bean with object name Ratis:service=RaftServer,group=group-009BB28E96D7,id=4f6491d0-8ade-4eaa-958d-9ace0d85d8f7
2019-07-03 07:43:43,552 INFO  pipeline.PipelineStateManager (PipelineStateManager.java:addPipeline(56)) - Created pipeline Pipeline[ Id: 5960a857-cdcd-435b-91bd-009bb28e96d7, Nodes: 4f6491d0-8ade-4eaa-958d-9ace0d85d8f7{ip: 192.168.69.117, host: ozone-hdds-1735-htq5k-1451000967, networkLocation: /default-rack, certSerialId: null}, Type:RATIS, Factor:ONE, State:OPEN]
2019-07-03 07:43:43,659 INFO  node.SCMNodeManager (SCMNodeManager.java:register(269)) - Registered Data node : 51706fce-045d-4f19-aae2-188725fe96d6{ip: 192.168.69.117, host: ozone-hdds-1735-htq5k-1451000967, networkLocation: /default-rack, certSerialId: null}
2019-07-03 07:43:43,668 INFO  impl.RaftServerProxy (RaftServerProxy.java:addNew(89)) - 51706fce-045d-4f19-aae2-188725fe96d6: addNew group-729E46A547BF:[51706fce-045d-4f19-aae2-188725fe96d6:192.168.69.117:43724] returns group-729E46A547BF:java.util.concurrent.CompletableFuture@39140216[Not completed]
2019-07-03 07:43:43,669 INFO  impl.RaftServerImpl (RaftServerImpl.java:<init>(91)) - 51706fce-045d-4f19-aae2-188725fe96d6: new RaftServerImpl for group-729E46A547BF:[51706fce-045d-4f19-aae2-188725fe96d6:192.168.69.117:43724] with ContainerStateMachine:uninitialized
2019-07-03 07:43:43,669 INFO  server.RaftServerConfigKeys (ConfUtils.java:logGet(43)) - raft.server.rpc.timeout.min = 1s (custom)
2019-07-03 07:43:43,669 INFO  server.RaftServerConfigKeys (ConfUtils.java:logGet(43)) - raft.server.rpc.timeout.max = 1200ms (custom)
2019-07-03 07:43:43,669 INFO  server.RaftServerConfigKeys (ConfUtils.java:logGet(43)) - raft.server.rpcslowness.timeout = 120s (custom)
2019-07-03 07:43:43,669 INFO  server.RaftServerConfigKeys (ConfUtils.java:logGet(43)) - raft.server.log.appender.install.snapshot.enabled = true (default)
2019-07-03 07:43:43,669 INFO  impl.RaftServerImpl (ServerState.java:<init>(101)) - 51706fce-045d-4f19-aae2-188725fe96d6:group-729E46A547BF ConfigurationManager, init=-1: [51706fce-045d-4f19-aae2-188725fe96d6:192.168.69.117:43724], old=null, confs=<EMPTY_MAP>
2019-07-03 07:43:43,670 INFO  server.RaftServerConfigKeys (ConfUtils.java:logGet(43)) - raft.server.storage.dir = [/opt/src/hadoop-ozone/integration-test/target/test-dir/MiniOzoneClusterImpl-3310c94b-7cd9-4d33-b0ba-57a6b7268968/datanode-2/data/ratis] (custom)
2019-07-03 07:43:43,670 INFO  storage.RaftStorageDirectory (RaftStorageDirectory.java:analyzeStorage(246)) - The storage directory /opt/src/hadoop-ozone/integration-test/target/test-dir/MiniOzoneClusterImpl-3310c94b-7cd9-4d33-b0ba-57a6b7268968/datanode-2/data/ratis/ed4fca4c-6696-47f4-b5ed-729e46a547bf does not exist. Creating ...
2019-07-03 07:43:43,683 INFO  storage.RaftStorageDirectory (RaftStorageDirectory.java:tryLock(328)) - Lock on /opt/src/hadoop-ozone/integration-test/target/test-dir/MiniOzoneClusterImpl-3310c94b-7cd9-4d33-b0ba-57a6b7268968/datanode-2/data/ratis/ed4fca4c-6696-47f4-b5ed-729e46a547bf/in_use.lock acquired by nodename 31193@ozone-hdds-1735-htq5k-1451000967
2019-07-03 07:43:43,698 INFO  storage.RaftStorage (RaftStorage.java:format(75)) - Storage directory /opt/src/hadoop-ozone/integration-test/target/test-dir/MiniOzoneClusterImpl-3310c94b-7cd9-4d33-b0ba-57a6b7268968/datanode-2/data/ratis/ed4fca4c-6696-47f4-b5ed-729e46a547bf has been successfully formatted.
2019-07-03 07:43:43,698 INFO  ratis.ContainerStateMachine (ContainerStateMachine.java:loadSnapshot(199)) - The snapshot info is null.Setting the last applied index to:(t:0, i:~)
2019-07-03 07:43:43,699 INFO  server.RaftServerConfigKeys (ConfUtils.java:logGet(43)) - raft.server.leader.election.timeout = 120s (custom)
2019-07-03 07:43:43,699 INFO  server.RaftServerConfigKeys (ConfUtils.java:logGet(43)) - raft.server.log.use.memory = false (default)
2019-07-03 07:43:43,699 INFO  server.RaftServerConfigKeys (ConfUtils.java:logGet(43)) - raft.server.log.appender.buffer.byte-limit = 33554432 (custom)
2019-07-03 07:43:43,699 INFO  server.RaftServerConfigKeys (ConfUtils.java:logGet(43)) - raft.server.log.segment.size.max = 16384 (custom)
2019-07-03 07:43:43,699 INFO  server.RaftServerConfigKeys (ConfUtils.java:logGet(43)) - raft.server.log.segment.cache.num.max = 2 (custom)
2019-07-03 07:43:43,699 INFO  storage.RaftLogWorker (RaftLogWorker.java:<init>(123)) - new 51706fce-045d-4f19-aae2-188725fe96d6-RaftLogWorker for Storage Directory /opt/src/hadoop-ozone/integration-test/target/test-dir/MiniOzoneClusterImpl-3310c94b-7cd9-4d33-b0ba-57a6b7268968/datanode-2/data/ratis/ed4fca4c-6696-47f4-b5ed-729e46a547bf
2019-07-03 07:43:43,700 INFO  server.RaftServerConfigKeys (ConfUtils.java:logGet(43)) - raft.server.log.queue.byte-limit = 2147483647 (custom)
2019-07-03 07:43:43,700 INFO  server.RaftServerConfigKeys (ConfUtils.java:logGet(43)) - raft.server.log.queue.element-limit = 1024 (custom)
2019-07-03 07:43:43,700 INFO  server.RaftServerConfigKeys (ConfUtils.java:logGet(43)) - raft.server.log.segment.size.max = 16384 (custom)
2019-07-03 07:43:43,700 INFO  server.RaftServerConfigKeys (ConfUtils.java:logGet(43)) - raft.server.log.preallocated.size = 16384 (custom)
2019-07-03 07:43:43,700 INFO  server.RaftServerConfigKeys (ConfUtils.java:logGet(43)) - raft.server.log.write.buffer.size = 33554432 (custom)
2019-07-03 07:43:43,700 INFO  server.RaftServerConfigKeys (ConfUtils.java:logGet(43)) - raft.server.log.force.sync.num = 128 (default)
2019-07-03 07:43:43,701 INFO  server.RaftServerConfigKeys (ConfUtils.java:logGet(43)) - raft.server.log.statemachine.data.sync = true (default)
2019-07-03 07:43:43,701 INFO  server.RaftServerConfigKeys (ConfUtils.java:logGet(43)) - raft.server.log.statemachine.data.sync.timeout = 10s (default)
2019-07-03 07:43:43,701 INFO  server.RaftServerConfigKeys (ConfUtils.java:logGet(43)) - raft.server.log.statemachine.data.sync.timeout.retry = -1 (default)
2019-07-03 07:43:43,701 INFO  server.RaftServerConfigKeys (ConfUtils.java:logGet(43)) - raft.server.log.statemachine.data.caching.enabled = true (custom)
2019-07-03 07:43:43,702 INFO  server.RaftServerConfigKeys (ConfUtils.java:logGet(43)) - raft.server.snapshot.auto.trigger.enabled = true (custom)
2019-07-03 07:43:43,702 INFO  server.RaftServerConfigKeys (ConfUtils.java:logGet(43)) - raft.server.snapshot.auto.trigger.threshold = 10000 (custom)
2019-07-03 07:43:43,702 INFO  server.RaftServerConfigKeys (ConfUtils.java:logGet(43)) - raft.server.retrycache.expirytime = 600000ms (custom)
2019-07-03 07:43:43,702 INFO  impl.RaftServerImpl (RaftServerImpl.java:start(173)) - 51706fce-045d-4f19-aae2-188725fe96d6: start group-729E46A547BF
2019-07-03 07:43:43,702 INFO  impl.RaftServerImpl (RaftServerImpl.java:setRole(164)) - 51706fce-045d-4f19-aae2-188725fe96d6:group-729E46A547BF changes role from null to FOLLOWER at term 0 for startAsFollower
2019-07-03 07:43:43,702 INFO  impl.RoleInfo (RoleInfo.java:updateAndGet(143)) - 51706fce-045d-4f19-aae2-188725fe96d6: start FollowerState
2019-07-03 07:43:43,703 INFO  util.JmxRegister (JmxRegister.java:tryRegister(44)) - Successfully registered JMX Bean with object name Ratis:service=RaftServer,group=group-729E46A547BF,id=51706fce-045d-4f19-aae2-188725fe96d6
2019-07-03 07:43:43,706 INFO  pipeline.PipelineStateManager (PipelineStateManager.java:addPipeline(56)) - Created pipeline Pipeline[ Id: ed4fca4c-6696-47f4-b5ed-729e46a547bf, Nodes: 51706fce-045d-4f19-aae2-188725fe96d6{ip: 192.168.69.117, host: ozone-hdds-1735-htq5k-1451000967, networkLocation: /default-rack, certSerialId: null}, Type:RATIS, Factor:ONE, State:OPEN]
2019-07-03 07:43:43,718 INFO  impl.RaftServerProxy (RaftServerProxy.java:addNew(89)) - 4f6491d0-8ade-4eaa-958d-9ace0d85d8f7: addNew group-C38C17DDFD22:[51706fce-045d-4f19-aae2-188725fe96d6:192.168.69.117:43724, aa88b76e-c077-49df-a4ca-9e1f49363801:192.168.69.117:36837, 4f6491d0-8ade-4eaa-958d-9ace0d85d8f7:192.168.69.117:45092] returns group-C38C17DDFD22:java.util.concurrent.CompletableFuture@16847865[Not completed]
2019-07-03 07:43:43,718 INFO  impl.RaftServerProxy (RaftServerProxy.java:addNew(89)) - 51706fce-045d-4f19-aae2-188725fe96d6: addNew group-C38C17DDFD22:[51706fce-045d-4f19-aae2-188725fe96d6:192.168.69.117:43724, aa88b76e-c077-49df-a4ca-9e1f49363801:192.168.69.117:36837, 4f6491d0-8ade-4eaa-958d-9ace0d85d8f7:192.168.69.117:45092] returns group-C38C17DDFD22:java.util.concurrent.CompletableFuture@2c020921[Not completed]
2019-07-03 07:43:43,719 INFO  impl.RaftServerImpl (RaftServerImpl.java:<init>(91)) - 4f6491d0-8ade-4eaa-958d-9ace0d85d8f7: new RaftServerImpl for group-C38C17DDFD22:[51706fce-045d-4f19-aae2-188725fe96d6:192.168.69.117:43724, aa88b76e-c077-49df-a4ca-9e1f49363801:192.168.69.117:36837, 4f6491d0-8ade-4eaa-958d-9ace0d85d8f7:192.168.69.117:45092] with ContainerStateMachine:uninitialized
2019-07-03 07:43:43,719 INFO  server.RaftServerConfigKeys (ConfUtils.java:logGet(43)) - raft.server.rpc.timeout.min = 1s (custom)
2019-07-03 07:43:43,720 INFO  server.RaftServerConfigKeys (ConfUtils.java:logGet(43)) - raft.server.rpc.timeout.max = 1200ms (custom)
2019-07-03 07:43:43,720 INFO  impl.RaftServerImpl (RaftServerImpl.java:<init>(91)) - 51706fce-045d-4f19-aae2-188725fe96d6: new RaftServerImpl for group-C38C17DDFD22:[51706fce-045d-4f19-aae2-188725fe96d6:192.168.69.117:43724, aa88b76e-c077-49df-a4ca-9e1f49363801:192.168.69.117:36837, 4f6491d0-8ade-4eaa-958d-9ace0d85d8f7:192.168.69.117:45092] with ContainerStateMachine:uninitialized
2019-07-03 07:43:43,720 INFO  server.RaftServerConfigKeys (ConfUtils.java:logGet(43)) - raft.server.rpcslowness.timeout = 120s (custom)
2019-07-03 07:43:43,720 INFO  server.RaftServerConfigKeys (ConfUtils.java:logGet(43)) - raft.server.rpc.timeout.min = 1s (custom)
2019-07-03 07:43:43,720 INFO  impl.RaftServerProxy (RaftServerProxy.java:addNew(89)) - aa88b76e-c077-49df-a4ca-9e1f49363801: addNew group-C38C17DDFD22:[51706fce-045d-4f19-aae2-188725fe96d6:192.168.69.117:43724, aa88b76e-c077-49df-a4ca-9e1f49363801:192.168.69.117:36837, 4f6491d0-8ade-4eaa-958d-9ace0d85d8f7:192.168.69.117:45092] returns group-C38C17DDFD22:java.util.concurrent.CompletableFuture@6db4b83e[Not completed]
2019-07-03 07:43:43,720 INFO  server.RaftServerConfigKeys (ConfUtils.java:logGet(43)) - raft.server.rpc.timeout.max = 1200ms (custom)
2019-07-03 07:43:43,720 INFO  server.RaftServerConfigKeys (ConfUtils.java:logGet(43)) - raft.server.log.appender.install.snapshot.enabled = true (default)
2019-07-03 07:43:43,721 INFO  server.RaftServerConfigKeys (ConfUtils.java:logGet(43)) - raft.server.rpcslowness.timeout = 120s (custom)
2019-07-03 07:43:43,720 INFO  impl.RaftServerImpl (RaftServerImpl.java:<init>(91)) - aa88b76e-c077-49df-a4ca-9e1f49363801: new RaftServerImpl for group-C38C17DDFD22:[51706fce-045d-4f19-aae2-188725fe96d6:192.168.69.117:43724, aa88b76e-c077-49df-a4ca-9e1f49363801:192.168.69.117:36837, 4f6491d0-8ade-4eaa-958d-9ace0d85d8f7:192.168.69.117:45092] with ContainerStateMachine:uninitialized
2019-07-03 07:43:43,721 INFO  server.RaftServerConfigKeys (ConfUtils.java:logGet(43)) - raft.server.log.appender.install.snapshot.enabled = true (default)
2019-07-03 07:43:43,721 INFO  impl.RaftServerImpl (ServerState.java:<init>(101)) - 4f6491d0-8ade-4eaa-958d-9ace0d85d8f7:group-C38C17DDFD22 ConfigurationManager, init=-1: [51706fce-045d-4f19-aae2-188725fe96d6:192.168.69.117:43724, aa88b76e-c077-49df-a4ca-9e1f49363801:192.168.69.117:36837, 4f6491d0-8ade-4eaa-958d-9ace0d85d8f7:192.168.69.117:45092], old=null, confs=<EMPTY_MAP>
2019-07-03 07:43:43,721 INFO  impl.RaftServerImpl (ServerState.java:<init>(101)) - 51706fce-045d-4f19-aae2-188725fe96d6:group-C38C17DDFD22 ConfigurationManager, init=-1: [51706fce-045d-4f19-aae2-188725fe96d6:192.168.69.117:43724, aa88b76e-c077-49df-a4ca-9e1f49363801:192.168.69.117:36837, 4f6491d0-8ade-4eaa-958d-9ace0d85d8f7:192.168.69.117:45092], old=null, confs=<EMPTY_MAP>
2019-07-03 07:43:43,721 INFO  server.RaftServerConfigKeys (ConfUtils.java:logGet(43)) - raft.server.rpc.timeout.min = 1s (custom)
2019-07-03 07:43:43,722 INFO  server.RaftServerConfigKeys (ConfUtils.java:logGet(43)) - raft.server.storage.dir = [/opt/src/hadoop-ozone/integration-test/target/test-dir/MiniOzoneClusterImpl-3310c94b-7cd9-4d33-b0ba-57a6b7268968/datanode-2/data/ratis] (custom)
2019-07-03 07:43:43,721 INFO  server.RaftServerConfigKeys (ConfUtils.java:logGet(43)) - raft.server.storage.dir = [/opt/src/hadoop-ozone/integration-test/target/test-dir/MiniOzoneClusterImpl-3310c94b-7cd9-4d33-b0ba-57a6b7268968/datanode-1/data/ratis] (custom)
2019-07-03 07:43:43,722 INFO  server.RaftServerConfigKeys (ConfUtils.java:logGet(43)) - raft.server.rpc.timeout.max = 1200ms (custom)
2019-07-03 07:43:43,722 INFO  storage.RaftStorageDirectory (RaftStorageDirectory.java:analyzeStorage(246)) - The storage directory /opt/src/hadoop-ozone/integration-test/target/test-dir/MiniOzoneClusterImpl-3310c94b-7cd9-4d33-b0ba-57a6b7268968/datanode-2/data/ratis/f17dc306-f7ee-4fb9-8dac-c38c17ddfd22 does not exist. Creating ...
2019-07-03 07:43:43,722 INFO  storage.RaftStorageDirectory (RaftStorageDirectory.java:analyzeStorage(246)) - The storage directory /opt/src/hadoop-ozone/integration-test/target/test-dir/MiniOzoneClusterImpl-3310c94b-7cd9-4d33-b0ba-57a6b7268968/datanode-1/data/ratis/f17dc306-f7ee-4fb9-8dac-c38c17ddfd22 does not exist. Creating ...
2019-07-03 07:43:43,722 INFO  server.RaftServerConfigKeys (ConfUtils.java:logGet(43)) - raft.server.rpcslowness.timeout = 120s (custom)
2019-07-03 07:43:43,723 INFO  server.RaftServerConfigKeys (ConfUtils.java:logGet(43)) - raft.server.log.appender.install.snapshot.enabled = true (default)
2019-07-03 07:43:43,723 INFO  impl.RaftServerImpl (ServerState.java:<init>(101)) - aa88b76e-c077-49df-a4ca-9e1f49363801:group-C38C17DDFD22 ConfigurationManager, init=-1: [51706fce-045d-4f19-aae2-188725fe96d6:192.168.69.117:43724, aa88b76e-c077-49df-a4ca-9e1f49363801:192.168.69.117:36837, 4f6491d0-8ade-4eaa-958d-9ace0d85d8f7:192.168.69.117:45092], old=null, confs=<EMPTY_MAP>
2019-07-03 07:43:43,723 INFO  server.RaftServerConfigKeys (ConfUtils.java:logGet(43)) - raft.server.storage.dir = [/opt/src/hadoop-ozone/integration-test/target/test-dir/MiniOzoneClusterImpl-3310c94b-7cd9-4d33-b0ba-57a6b7268968/datanode-0/data/ratis] (custom)
2019-07-03 07:43:43,723 INFO  storage.RaftStorageDirectory (RaftStorageDirectory.java:analyzeStorage(246)) - The storage directory /opt/src/hadoop-ozone/integration-test/target/test-dir/MiniOzoneClusterImpl-3310c94b-7cd9-4d33-b0ba-57a6b7268968/datanode-0/data/ratis/f17dc306-f7ee-4fb9-8dac-c38c17ddfd22 does not exist. Creating ...
2019-07-03 07:43:43,736 INFO  storage.RaftStorageDirectory (RaftStorageDirectory.java:tryLock(328)) - Lock on /opt/src/hadoop-ozone/integration-test/target/test-dir/MiniOzoneClusterImpl-3310c94b-7cd9-4d33-b0ba-57a6b7268968/datanode-1/data/ratis/f17dc306-f7ee-4fb9-8dac-c38c17ddfd22/in_use.lock acquired by nodename 31193@ozone-hdds-1735-htq5k-1451000967
2019-07-03 07:43:43,736 INFO  storage.RaftStorageDirectory (RaftStorageDirectory.java:tryLock(328)) - Lock on /opt/src/hadoop-ozone/integration-test/target/test-dir/MiniOzoneClusterImpl-3310c94b-7cd9-4d33-b0ba-57a6b7268968/datanode-2/data/ratis/f17dc306-f7ee-4fb9-8dac-c38c17ddfd22/in_use.lock acquired by nodename 31193@ozone-hdds-1735-htq5k-1451000967
2019-07-03 07:43:43,736 INFO  storage.RaftStorageDirectory (RaftStorageDirectory.java:tryLock(328)) - Lock on /opt/src/hadoop-ozone/integration-test/target/test-dir/MiniOzoneClusterImpl-3310c94b-7cd9-4d33-b0ba-57a6b7268968/datanode-0/data/ratis/f17dc306-f7ee-4fb9-8dac-c38c17ddfd22/in_use.lock acquired by nodename 31193@ozone-hdds-1735-htq5k-1451000967
2019-07-03 07:43:43,750 INFO  storage.RaftStorage (RaftStorage.java:format(75)) - Storage directory /opt/src/hadoop-ozone/integration-test/target/test-dir/MiniOzoneClusterImpl-3310c94b-7cd9-4d33-b0ba-57a6b7268968/datanode-1/data/ratis/f17dc306-f7ee-4fb9-8dac-c38c17ddfd22 has been successfully formatted.
2019-07-03 07:43:43,750 INFO  storage.RaftStorage (RaftStorage.java:format(75)) - Storage directory /opt/src/hadoop-ozone/integration-test/target/test-dir/MiniOzoneClusterImpl-3310c94b-7cd9-4d33-b0ba-57a6b7268968/datanode-2/data/ratis/f17dc306-f7ee-4fb9-8dac-c38c17ddfd22 has been successfully formatted.
2019-07-03 07:43:43,750 INFO  ratis.ContainerStateMachine (ContainerStateMachine.java:loadSnapshot(199)) - The snapshot info is null.Setting the last applied index to:(t:0, i:~)
2019-07-03 07:43:43,750 INFO  storage.RaftStorage (RaftStorage.java:format(75)) - Storage directory /opt/src/hadoop-ozone/integration-test/target/test-dir/MiniOzoneClusterImpl-3310c94b-7cd9-4d33-b0ba-57a6b7268968/datanode-0/data/ratis/f17dc306-f7ee-4fb9-8dac-c38c17ddfd22 has been successfully formatted.
2019-07-03 07:43:43,750 INFO  server.RaftServerConfigKeys (ConfUtils.java:logGet(43)) - raft.server.leader.election.timeout = 120s (custom)
2019-07-03 07:43:43,750 INFO  ratis.ContainerStateMachine (ContainerStateMachine.java:loadSnapshot(199)) - The snapshot info is null.Setting the last applied index to:(t:0, i:~)
2019-07-03 07:43:43,751 INFO  ratis.ContainerStateMachine (ContainerStateMachine.java:loadSnapshot(199)) - The snapshot info is null.Setting the last applied index to:(t:0, i:~)
2019-07-03 07:43:43,751 INFO  server.RaftServerConfigKeys (ConfUtils.java:logGet(43)) - raft.server.log.use.memory = false (default)
2019-07-03 07:43:43,751 INFO  server.RaftServerConfigKeys (ConfUtils.java:logGet(43)) - raft.server.leader.election.timeout = 120s (custom)
2019-07-03 07:43:43,751 INFO  server.RaftServerConfigKeys (ConfUtils.java:logGet(43)) - raft.server.leader.election.timeout = 120s (custom)
2019-07-03 07:43:43,751 INFO  server.RaftServerConfigKeys (ConfUtils.java:logGet(43)) - raft.server.log.use.memory = false (default)
2019-07-03 07:43:43,751 INFO  server.RaftServerConfigKeys (ConfUtils.java:logGet(43)) - raft.server.log.appender.buffer.byte-limit = 33554432 (custom)
2019-07-03 07:43:43,752 INFO  server.RaftServerConfigKeys (ConfUtils.java:logGet(43)) - raft.server.log.appender.buffer.byte-limit = 33554432 (custom)
2019-07-03 07:43:43,752 INFO  server.RaftServerConfigKeys (ConfUtils.java:logGet(43)) - raft.server.log.use.memory = false (default)
2019-07-03 07:43:43,752 INFO  server.RaftServerConfigKeys (ConfUtils.java:logGet(43)) - raft.server.log.segment.size.max = 16384 (custom)
2019-07-03 07:43:43,752 INFO  server.RaftServerConfigKeys (ConfUtils.java:logGet(43)) - raft.server.log.segment.size.max = 16384 (custom)
2019-07-03 07:43:43,752 INFO  server.RaftServerConfigKeys (ConfUtils.java:logGet(43)) - raft.server.log.segment.cache.num.max = 2 (custom)
2019-07-03 07:43:43,752 INFO  server.RaftServerConfigKeys (ConfUtils.java:logGet(43)) - raft.server.log.appender.buffer.byte-limit = 33554432 (custom)
2019-07-03 07:43:43,753 INFO  storage.RaftLogWorker (RaftLogWorker.java:<init>(123)) - new aa88b76e-c077-49df-a4ca-9e1f49363801-RaftLogWorker for Storage Directory /opt/src/hadoop-ozone/integration-test/target/test-dir/MiniOzoneClusterImpl-3310c94b-7cd9-4d33-b0ba-57a6b7268968/datanode-0/data/ratis/f17dc306-f7ee-4fb9-8dac-c38c17ddfd22
2019-07-03 07:43:43,752 INFO  server.RaftServerConfigKeys (ConfUtils.java:logGet(43)) - raft.server.log.segment.cache.num.max = 2 (custom)
2019-07-03 07:43:43,753 INFO  server.RaftServerConfigKeys (ConfUtils.java:logGet(43)) - raft.server.log.queue.byte-limit = 2147483647 (custom)
2019-07-03 07:43:43,753 INFO  server.RaftServerConfigKeys (ConfUtils.java:logGet(43)) - raft.server.log.queue.element-limit = 1024 (custom)
2019-07-03 07:43:43,753 INFO  server.RaftServerConfigKeys (ConfUtils.java:logGet(43)) - raft.server.log.segment.size.max = 16384 (custom)
2019-07-03 07:43:43,753 INFO  server.RaftServerConfigKeys (ConfUtils.java:logGet(43)) - raft.server.log.segment.size.max = 16384 (custom)
2019-07-03 07:43:43,753 INFO  storage.RaftLogWorker (RaftLogWorker.java:<init>(123)) - new 4f6491d0-8ade-4eaa-958d-9ace0d85d8f7-RaftLogWorker for Storage Directory /opt/src/hadoop-ozone/integration-test/target/test-dir/MiniOzoneClusterImpl-3310c94b-7cd9-4d33-b0ba-57a6b7268968/datanode-1/data/ratis/f17dc306-f7ee-4fb9-8dac-c38c17ddfd22
2019-07-03 07:43:43,754 INFO  server.RaftServerConfigKeys (ConfUtils.java:logGet(43)) - raft.server.log.preallocated.size = 16384 (custom)
2019-07-03 07:43:43,754 INFO  server.RaftServerConfigKeys (ConfUtils.java:logGet(43)) - raft.server.log.segment.cache.num.max = 2 (custom)
2019-07-03 07:43:43,754 INFO  server.RaftServerConfigKeys (ConfUtils.java:logGet(43)) - raft.server.log.write.buffer.size = 33554432 (custom)
2019-07-03 07:43:43,754 INFO  server.RaftServerConfigKeys (ConfUtils.java:logGet(43)) - raft.server.log.queue.byte-limit = 2147483647 (custom)
2019-07-03 07:43:43,754 INFO  server.RaftServerConfigKeys (ConfUtils.java:logGet(43)) - raft.server.log.force.sync.num = 128 (default)
2019-07-03 07:43:43,754 INFO  storage.RaftLogWorker (RaftLogWorker.java:<init>(123)) - new 51706fce-045d-4f19-aae2-188725fe96d6-RaftLogWorker for Storage Directory /opt/src/hadoop-ozone/integration-test/target/test-dir/MiniOzoneClusterImpl-3310c94b-7cd9-4d33-b0ba-57a6b7268968/datanode-2/data/ratis/f17dc306-f7ee-4fb9-8dac-c38c17ddfd22
2019-07-03 07:43:43,755 INFO  server.RaftServerConfigKeys (ConfUtils.java:logGet(43)) - raft.server.log.statemachine.data.sync = true (default)
2019-07-03 07:43:43,754 INFO  server.RaftServerConfigKeys (ConfUtils.java:logGet(43)) - raft.server.log.queue.element-limit = 1024 (custom)
2019-07-03 07:43:43,755 INFO  server.RaftServerConfigKeys (ConfUtils.java:logGet(43)) - raft.server.log.statemachine.data.sync.timeout = 10s (default)
2019-07-03 07:43:43,755 INFO  server.RaftServerConfigKeys (ConfUtils.java:logGet(43)) - raft.server.log.statemachine.data.sync.timeout.retry = -1 (default)
2019-07-03 07:43:43,755 INFO  server.RaftServerConfigKeys (ConfUtils.java:logGet(43)) - raft.server.log.queue.byte-limit = 2147483647 (custom)
2019-07-03 07:43:43,755 INFO  server.RaftServerConfigKeys (ConfUtils.java:logGet(43)) - raft.server.log.statemachine.data.caching.enabled = true (custom)
2019-07-03 07:43:43,755 INFO  server.RaftServerConfigKeys (ConfUtils.java:logGet(43)) - raft.server.log.segment.size.max = 16384 (custom)
2019-07-03 07:43:43,756 INFO  server.RaftServerConfigKeys (ConfUtils.java:logGet(43)) - raft.server.log.queue.element-limit = 1024 (custom)
2019-07-03 07:43:43,756 INFO  server.RaftServerConfigKeys (ConfUtils.java:logGet(43)) - raft.server.log.preallocated.size = 16384 (custom)
2019-07-03 07:43:43,756 INFO  server.RaftServerConfigKeys (ConfUtils.java:logGet(43)) - raft.server.snapshot.auto.trigger.enabled = true (custom)
2019-07-03 07:43:43,756 INFO  server.RaftServerConfigKeys (ConfUtils.java:logGet(43)) - raft.server.log.segment.size.max = 16384 (custom)
2019-07-03 07:43:43,756 INFO  server.RaftServerConfigKeys (ConfUtils.java:logGet(43)) - raft.server.snapshot.auto.trigger.threshold = 10000 (custom)
2019-07-03 07:43:43,756 INFO  server.RaftServerConfigKeys (ConfUtils.java:logGet(43)) - raft.server.log.write.buffer.size = 33554432 (custom)
2019-07-03 07:43:43,757 INFO  server.RaftServerConfigKeys (ConfUtils.java:logGet(43)) - raft.server.retrycache.expirytime = 600000ms (custom)
2019-07-03 07:43:43,757 INFO  server.RaftServerConfigKeys (ConfUtils.java:logGet(43)) - raft.server.log.preallocated.size = 16384 (custom)
2019-07-03 07:43:43,757 INFO  impl.RaftServerImpl (RaftServerImpl.java:start(173)) - aa88b76e-c077-49df-a4ca-9e1f49363801: start group-C38C17DDFD22
2019-07-03 07:43:43,757 INFO  impl.RaftServerImpl (RaftServerImpl.java:setRole(164)) - aa88b76e-c077-49df-a4ca-9e1f49363801:group-C38C17DDFD22 changes role from null to FOLLOWER at term 0 for startAsFollower
2019-07-03 07:43:43,757 INFO  server.RaftServerConfigKeys (ConfUtils.java:logGet(43)) - raft.server.log.force.sync.num = 128 (default)
2019-07-03 07:43:43,757 INFO  impl.RoleInfo (RoleInfo.java:updateAndGet(143)) - aa88b76e-c077-49df-a4ca-9e1f49363801: start FollowerState
2019-07-03 07:43:43,757 INFO  server.RaftServerConfigKeys (ConfUtils.java:logGet(43)) - raft.server.log.write.buffer.size = 33554432 (custom)
2019-07-03 07:43:43,758 INFO  server.RaftServerConfigKeys (ConfUtils.java:logGet(43)) - raft.server.log.statemachine.data.sync = true (default)
2019-07-03 07:43:43,758 INFO  server.RaftServerConfigKeys (ConfUtils.java:logGet(43)) - raft.server.log.force.sync.num = 128 (default)
2019-07-03 07:43:43,758 INFO  util.JmxRegister (JmxRegister.java:tryRegister(44)) - Successfully registered JMX Bean with object name Ratis:service=RaftServer,group=group-C38C17DDFD22,id=aa88b76e-c077-49df-a4ca-9e1f49363801
2019-07-03 07:43:43,758 INFO  server.RaftServerConfigKeys (ConfUtils.java:logGet(43)) - raft.server.log.statemachine.data.sync.timeout = 10s (default)
2019-07-03 07:43:43,758 INFO  server.RaftServerConfigKeys (ConfUtils.java:logGet(43)) - raft.server.log.statemachine.data.sync = true (default)
2019-07-03 07:43:43,758 INFO  server.RaftServerConfigKeys (ConfUtils.java:logGet(43)) - raft.server.log.statemachine.data.sync.timeout.retry = -1 (default)
2019-07-03 07:43:43,759 INFO  server.RaftServerConfigKeys (ConfUtils.java:logGet(43)) - raft.server.log.statemachine.data.sync.timeout = 10s (default)
2019-07-03 07:43:43,759 INFO  server.RaftServerConfigKeys (ConfUtils.java:logGet(43)) - raft.server.log.statemachine.data.caching.enabled = true (custom)
2019-07-03 07:43:43,759 INFO  server.RaftServerConfigKeys (ConfUtils.java:logGet(43)) - raft.server.log.statemachine.data.sync.timeout.retry = -1 (default)
2019-07-03 07:43:43,759 INFO  server.RaftServerConfigKeys (ConfUtils.java:logGet(43)) - raft.server.log.statemachine.data.caching.enabled = true (custom)
2019-07-03 07:43:43,759 INFO  server.RaftServerConfigKeys (ConfUtils.java:logGet(43)) - raft.server.snapshot.auto.trigger.enabled = true (custom)
2019-07-03 07:43:43,760 INFO  server.RaftServerConfigKeys (ConfUtils.java:logGet(43)) - raft.server.snapshot.auto.trigger.threshold = 10000 (custom)
2019-07-03 07:43:43,760 INFO  server.RaftServerConfigKeys (ConfUtils.java:logGet(43)) - raft.server.retrycache.expirytime = 600000ms (custom)
2019-07-03 07:43:43,760 INFO  server.RaftServerConfigKeys (ConfUtils.java:logGet(43)) - raft.server.snapshot.auto.trigger.enabled = true (custom)
2019-07-03 07:43:43,760 INFO  impl.RaftServerImpl (RaftServerImpl.java:start(173)) - 4f6491d0-8ade-4eaa-958d-9ace0d85d8f7: start group-C38C17DDFD22
2019-07-03 07:43:43,760 INFO  server.RaftServerConfigKeys (ConfUtils.java:logGet(43)) - raft.server.snapshot.auto.trigger.threshold = 10000 (custom)
2019-07-03 07:43:43,760 INFO  impl.RaftServerImpl (RaftServerImpl.java:setRole(164)) - 4f6491d0-8ade-4eaa-958d-9ace0d85d8f7:group-C38C17DDFD22 changes role from null to FOLLOWER at term 0 for startAsFollower
2019-07-03 07:43:43,761 INFO  server.RaftServerConfigKeys (ConfUtils.java:logGet(43)) - raft.server.retrycache.expirytime = 600000ms (custom)
2019-07-03 07:43:43,761 INFO  impl.RoleInfo (RoleInfo.java:updateAndGet(143)) - 4f6491d0-8ade-4eaa-958d-9ace0d85d8f7: start FollowerState
2019-07-03 07:43:43,761 INFO  impl.RaftServerImpl (RaftServerImpl.java:start(173)) - 51706fce-045d-4f19-aae2-188725fe96d6: start group-C38C17DDFD22
2019-07-03 07:43:43,761 INFO  impl.RaftServerImpl (RaftServerImpl.java:setRole(164)) - 51706fce-045d-4f19-aae2-188725fe96d6:group-C38C17DDFD22 changes role from null to FOLLOWER at term 0 for startAsFollower
2019-07-03 07:43:43,761 INFO  util.JmxRegister (JmxRegister.java:tryRegister(44)) - Successfully registered JMX Bean with object name Ratis:service=RaftServer,group=group-C38C17DDFD22,id=4f6491d0-8ade-4eaa-958d-9ace0d85d8f7
2019-07-03 07:43:43,761 INFO  impl.RoleInfo (RoleInfo.java:updateAndGet(143)) - 51706fce-045d-4f19-aae2-188725fe96d6: start FollowerState
2019-07-03 07:43:43,762 INFO  util.JmxRegister (JmxRegister.java:tryRegister(44)) - Successfully registered JMX Bean with object name Ratis:service=RaftServer,group=group-C38C17DDFD22,id=51706fce-045d-4f19-aae2-188725fe96d6
2019-07-03 07:43:43,765 INFO  pipeline.PipelineStateManager (PipelineStateManager.java:addPipeline(56)) - Created pipeline Pipeline[ Id: f17dc306-f7ee-4fb9-8dac-c38c17ddfd22, Nodes: 4f6491d0-8ade-4eaa-958d-9ace0d85d8f7{ip: 192.168.69.117, host: ozone-hdds-1735-htq5k-1451000967, networkLocation: /default-rack, certSerialId: null}51706fce-045d-4f19-aae2-188725fe96d6{ip: 192.168.69.117, host: ozone-hdds-1735-htq5k-1451000967, networkLocation: /default-rack, certSerialId: null}aa88b76e-c077-49df-a4ca-9e1f49363801{ip: 192.168.69.117, host: ozone-hdds-1735-htq5k-1451000967, networkLocation: /default-rack, certSerialId: null}, Type:RATIS, Factor:THREE, State:OPEN]
2019-07-03 07:43:43,875 INFO  node.SCMNodeManager (SCMNodeManager.java:register(269)) - Registered Data node : 6db197cb-5bd4-44eb-a4e1-f70bee29aa63{ip: 192.168.69.117, host: ozone-hdds-1735-htq5k-1451000967, networkLocation: /default-rack, certSerialId: null}
2019-07-03 07:43:43,884 INFO  impl.RaftServerProxy (RaftServerProxy.java:addNew(89)) - 6db197cb-5bd4-44eb-a4e1-f70bee29aa63: addNew group-67587568726A:[6db197cb-5bd4-44eb-a4e1-f70bee29aa63:192.168.69.117:35552] returns group-67587568726A:java.util.concurrent.CompletableFuture@5576a815[Not completed]
2019-07-03 07:43:43,888 INFO  impl.RaftServerImpl (RaftServerImpl.java:<init>(91)) - 6db197cb-5bd4-44eb-a4e1-f70bee29aa63: new RaftServerImpl for group-67587568726A:[6db197cb-5bd4-44eb-a4e1-f70bee29aa63:192.168.69.117:35552] with ContainerStateMachine:uninitialized
2019-07-03 07:43:43,888 INFO  server.RaftServerConfigKeys (ConfUtils.java:logGet(43)) - raft.server.rpc.timeout.min = 1s (custom)
2019-07-03 07:43:43,888 INFO  server.RaftServerConfigKeys (ConfUtils.java:logGet(43)) - raft.server.rpc.timeout.max = 1200ms (custom)
2019-07-03 07:43:43,888 INFO  server.RaftServerConfigKeys (ConfUtils.java:logGet(43)) - raft.server.rpcslowness.timeout = 120s (custom)
2019-07-03 07:43:43,888 INFO  server.RaftServerConfigKeys (ConfUtils.java:logGet(43)) - raft.server.log.appender.install.snapshot.enabled = true (default)
2019-07-03 07:43:43,889 INFO  impl.RaftServerImpl (ServerState.java:<init>(101)) - 6db197cb-5bd4-44eb-a4e1-f70bee29aa63:group-67587568726A ConfigurationManager, init=-1: [6db197cb-5bd4-44eb-a4e1-f70bee29aa63:192.168.69.117:35552], old=null, confs=<EMPTY_MAP>
2019-07-03 07:43:43,889 INFO  server.RaftServerConfigKeys (ConfUtils.java:logGet(43)) - raft.server.storage.dir = [/opt/src/hadoop-ozone/integration-test/target/test-dir/MiniOzoneClusterImpl-3310c94b-7cd9-4d33-b0ba-57a6b7268968/datanode-3/data/ratis] (custom)
2019-07-03 07:43:43,889 INFO  storage.RaftStorageDirectory (RaftStorageDirectory.java:analyzeStorage(246)) - The storage directory /opt/src/hadoop-ozone/integration-test/target/test-dir/MiniOzoneClusterImpl-3310c94b-7cd9-4d33-b0ba-57a6b7268968/datanode-3/data/ratis/082b3da1-b918-4dab-b5de-67587568726a does not exist. Creating ...
2019-07-03 07:43:43,903 INFO  storage.RaftStorageDirectory (RaftStorageDirectory.java:tryLock(328)) - Lock on /opt/src/hadoop-ozone/integration-test/target/test-dir/MiniOzoneClusterImpl-3310c94b-7cd9-4d33-b0ba-57a6b7268968/datanode-3/data/ratis/082b3da1-b918-4dab-b5de-67587568726a/in_use.lock acquired by nodename 31193@ozone-hdds-1735-htq5k-1451000967
2019-07-03 07:43:43,917 INFO  storage.RaftStorage (RaftStorage.java:format(75)) - Storage directory /opt/src/hadoop-ozone/integration-test/target/test-dir/MiniOzoneClusterImpl-3310c94b-7cd9-4d33-b0ba-57a6b7268968/datanode-3/data/ratis/082b3da1-b918-4dab-b5de-67587568726a has been successfully formatted.
2019-07-03 07:43:43,917 INFO  ratis.ContainerStateMachine (ContainerStateMachine.java:loadSnapshot(199)) - The snapshot info is null.Setting the last applied index to:(t:0, i:~)
2019-07-03 07:43:43,917 INFO  server.RaftServerConfigKeys (ConfUtils.java:logGet(43)) - raft.server.leader.election.timeout = 120s (custom)
2019-07-03 07:43:43,918 INFO  server.RaftServerConfigKeys (ConfUtils.java:logGet(43)) - raft.server.log.use.memory = false (default)
2019-07-03 07:43:43,918 INFO  server.RaftServerConfigKeys (ConfUtils.java:logGet(43)) - raft.server.log.appender.buffer.byte-limit = 33554432 (custom)
2019-07-03 07:43:43,918 INFO  server.RaftServerConfigKeys (ConfUtils.java:logGet(43)) - raft.server.log.segment.size.max = 16384 (custom)
2019-07-03 07:43:43,918 INFO  server.RaftServerConfigKeys (ConfUtils.java:logGet(43)) - raft.server.log.segment.cache.num.max = 2 (custom)
2019-07-03 07:43:43,918 INFO  storage.RaftLogWorker (RaftLogWorker.java:<init>(123)) - new 6db197cb-5bd4-44eb-a4e1-f70bee29aa63-RaftLogWorker for Storage Directory /opt/src/hadoop-ozone/integration-test/target/test-dir/MiniOzoneClusterImpl-3310c94b-7cd9-4d33-b0ba-57a6b7268968/datanode-3/data/ratis/082b3da1-b918-4dab-b5de-67587568726a
2019-07-03 07:43:43,919 INFO  server.RaftServerConfigKeys (ConfUtils.java:logGet(43)) - raft.server.log.queue.byte-limit = 2147483647 (custom)
2019-07-03 07:43:43,919 INFO  server.RaftServerConfigKeys (ConfUtils.java:logGet(43)) - raft.server.log.queue.element-limit = 1024 (custom)
2019-07-03 07:43:43,919 INFO  server.RaftServerConfigKeys (ConfUtils.java:logGet(43)) - raft.server.log.segment.size.max = 16384 (custom)
2019-07-03 07:43:43,919 INFO  server.RaftServerConfigKeys (ConfUtils.java:logGet(43)) - raft.server.log.preallocated.size = 16384 (custom)
2019-07-03 07:43:43,919 INFO  server.RaftServerConfigKeys (ConfUtils.java:logGet(43)) - raft.server.log.write.buffer.size = 33554432 (custom)
2019-07-03 07:43:43,919 INFO  server.RaftServerConfigKeys (ConfUtils.java:logGet(43)) - raft.server.log.force.sync.num = 128 (default)
2019-07-03 07:43:43,920 INFO  server.RaftServerConfigKeys (ConfUtils.java:logGet(43)) - raft.server.log.statemachine.data.sync = true (default)
2019-07-03 07:43:43,920 INFO  server.RaftServerConfigKeys (ConfUtils.java:logGet(43)) - raft.server.log.statemachine.data.sync.timeout = 10s (default)
2019-07-03 07:43:43,920 INFO  server.RaftServerConfigKeys (ConfUtils.java:logGet(43)) - raft.server.log.statemachine.data.sync.timeout.retry = -1 (default)
2019-07-03 07:43:43,920 INFO  server.RaftServerConfigKeys (ConfUtils.java:logGet(43)) - raft.server.log.statemachine.data.caching.enabled = true (custom)
2019-07-03 07:43:43,921 INFO  server.RaftServerConfigKeys (ConfUtils.java:logGet(43)) - raft.server.snapshot.auto.trigger.enabled = true (custom)
2019-07-03 07:43:43,921 INFO  server.RaftServerConfigKeys (ConfUtils.java:logGet(43)) - raft.server.snapshot.auto.trigger.threshold = 10000 (custom)
2019-07-03 07:43:43,921 INFO  server.RaftServerConfigKeys (ConfUtils.java:logGet(43)) - raft.server.retrycache.expirytime = 600000ms (custom)
2019-07-03 07:43:43,921 INFO  impl.RaftServerImpl (RaftServerImpl.java:start(173)) - 6db197cb-5bd4-44eb-a4e1-f70bee29aa63: start group-67587568726A
2019-07-03 07:43:43,921 INFO  impl.RaftServerImpl (RaftServerImpl.java:setRole(164)) - 6db197cb-5bd4-44eb-a4e1-f70bee29aa63:group-67587568726A changes role from null to FOLLOWER at term 0 for startAsFollower
2019-07-03 07:43:43,922 INFO  impl.RoleInfo (RoleInfo.java:updateAndGet(143)) - 6db197cb-5bd4-44eb-a4e1-f70bee29aa63: start FollowerState
2019-07-03 07:43:43,922 INFO  util.JmxRegister (JmxRegister.java:tryRegister(44)) - Successfully registered JMX Bean with object name Ratis:service=RaftServer,group=group-67587568726A,id=6db197cb-5bd4-44eb-a4e1-f70bee29aa63
2019-07-03 07:43:43,925 INFO  pipeline.PipelineStateManager (PipelineStateManager.java:addPipeline(56)) - Created pipeline Pipeline[ Id: 082b3da1-b918-4dab-b5de-67587568726a, Nodes: 6db197cb-5bd4-44eb-a4e1-f70bee29aa63{ip: 192.168.69.117, host: ozone-hdds-1735-htq5k-1451000967, networkLocation: /default-rack, certSerialId: null}, Type:RATIS, Factor:ONE, State:OPEN]
2019-07-03 07:43:44,081 INFO  node.SCMNodeManager (SCMNodeManager.java:register(269)) - Registered Data node : 55c19b6c-9632-46a1-b790-5459636fd52d{ip: 192.168.69.117, host: ozone-hdds-1735-htq5k-1451000967, networkLocation: /default-rack, certSerialId: null}
2019-07-03 07:43:44,091 INFO  impl.RaftServerProxy (RaftServerProxy.java:addNew(89)) - 55c19b6c-9632-46a1-b790-5459636fd52d: addNew group-8FF147024D7E:[55c19b6c-9632-46a1-b790-5459636fd52d:192.168.69.117:45556] returns group-8FF147024D7E:java.util.concurrent.CompletableFuture@6f5ca715[Not completed]
2019-07-03 07:43:44,092 INFO  impl.RaftServerImpl (RaftServerImpl.java:<init>(91)) - 55c19b6c-9632-46a1-b790-5459636fd52d: new RaftServerImpl for group-8FF147024D7E:[55c19b6c-9632-46a1-b790-5459636fd52d:192.168.69.117:45556] with ContainerStateMachine:uninitialized
2019-07-03 07:43:44,092 INFO  server.RaftServerConfigKeys (ConfUtils.java:logGet(43)) - raft.server.rpc.timeout.min = 1s (custom)
2019-07-03 07:43:44,092 INFO  server.RaftServerConfigKeys (ConfUtils.java:logGet(43)) - raft.server.rpc.timeout.max = 1200ms (custom)
2019-07-03 07:43:44,092 INFO  server.RaftServerConfigKeys (ConfUtils.java:logGet(43)) - raft.server.rpcslowness.timeout = 120s (custom)
2019-07-03 07:43:44,092 INFO  server.RaftServerConfigKeys (ConfUtils.java:logGet(43)) - raft.server.log.appender.install.snapshot.enabled = true (default)
2019-07-03 07:43:44,093 INFO  impl.RaftServerImpl (ServerState.java:<init>(101)) - 55c19b6c-9632-46a1-b790-5459636fd52d:group-8FF147024D7E ConfigurationManager, init=-1: [55c19b6c-9632-46a1-b790-5459636fd52d:192.168.69.117:45556], old=null, confs=<EMPTY_MAP>
2019-07-03 07:43:44,093 INFO  server.RaftServerConfigKeys (ConfUtils.java:logGet(43)) - raft.server.storage.dir = [/opt/src/hadoop-ozone/integration-test/target/test-dir/MiniOzoneClusterImpl-3310c94b-7cd9-4d33-b0ba-57a6b7268968/datanode-4/data/ratis] (custom)
2019-07-03 07:43:44,093 INFO  storage.RaftStorageDirectory (RaftStorageDirectory.java:analyzeStorage(246)) - The storage directory /opt/src/hadoop-ozone/integration-test/target/test-dir/MiniOzoneClusterImpl-3310c94b-7cd9-4d33-b0ba-57a6b7268968/datanode-4/data/ratis/89396b62-a5f1-4af0-881a-8ff147024d7e does not exist. Creating ...
2019-07-03 07:43:44,107 INFO  storage.RaftStorageDirectory (RaftStorageDirectory.java:tryLock(328)) - Lock on /opt/src/hadoop-ozone/integration-test/target/test-dir/MiniOzoneClusterImpl-3310c94b-7cd9-4d33-b0ba-57a6b7268968/datanode-4/data/ratis/89396b62-a5f1-4af0-881a-8ff147024d7e/in_use.lock acquired by nodename 31193@ozone-hdds-1735-htq5k-1451000967
2019-07-03 07:43:44,146 INFO  storage.RaftStorage (RaftStorage.java:format(75)) - Storage directory /opt/src/hadoop-ozone/integration-test/target/test-dir/MiniOzoneClusterImpl-3310c94b-7cd9-4d33-b0ba-57a6b7268968/datanode-4/data/ratis/89396b62-a5f1-4af0-881a-8ff147024d7e has been successfully formatted.
2019-07-03 07:43:44,146 INFO  ratis.ContainerStateMachine (ContainerStateMachine.java:loadSnapshot(199)) - The snapshot info is null.Setting the last applied index to:(t:0, i:~)
2019-07-03 07:43:44,146 INFO  server.RaftServerConfigKeys (ConfUtils.java:logGet(43)) - raft.server.leader.election.timeout = 120s (custom)
2019-07-03 07:43:44,147 INFO  server.RaftServerConfigKeys (ConfUtils.java:logGet(43)) - raft.server.log.use.memory = false (default)
2019-07-03 07:43:44,147 INFO  server.RaftServerConfigKeys (ConfUtils.java:logGet(43)) - raft.server.log.appender.buffer.byte-limit = 33554432 (custom)
2019-07-03 07:43:44,147 INFO  server.RaftServerConfigKeys (ConfUtils.java:logGet(43)) - raft.server.log.segment.size.max = 16384 (custom)
2019-07-03 07:43:44,147 INFO  server.RaftServerConfigKeys (ConfUtils.java:logGet(43)) - raft.server.log.segment.cache.num.max = 2 (custom)
2019-07-03 07:43:44,147 INFO  storage.RaftLogWorker (RaftLogWorker.java:<init>(123)) - new 55c19b6c-9632-46a1-b790-5459636fd52d-RaftLogWorker for Storage Directory /opt/src/hadoop-ozone/integration-test/target/test-dir/MiniOzoneClusterImpl-3310c94b-7cd9-4d33-b0ba-57a6b7268968/datanode-4/data/ratis/89396b62-a5f1-4af0-881a-8ff147024d7e
2019-07-03 07:43:44,147 INFO  server.RaftServerConfigKeys (ConfUtils.java:logGet(43)) - raft.server.log.queue.byte-limit = 2147483647 (custom)
2019-07-03 07:43:44,148 INFO  server.RaftServerConfigKeys (ConfUtils.java:logGet(43)) - raft.server.log.queue.element-limit = 1024 (custom)
2019-07-03 07:43:44,148 INFO  server.RaftServerConfigKeys (ConfUtils.java:logGet(43)) - raft.server.log.segment.size.max = 16384 (custom)
2019-07-03 07:43:44,148 INFO  server.RaftServerConfigKeys (ConfUtils.java:logGet(43)) - raft.server.log.preallocated.size = 16384 (custom)
2019-07-03 07:43:44,148 INFO  server.RaftServerConfigKeys (ConfUtils.java:logGet(43)) - raft.server.log.write.buffer.size = 33554432 (custom)
2019-07-03 07:43:44,148 INFO  server.RaftServerConfigKeys (ConfUtils.java:logGet(43)) - raft.server.log.force.sync.num = 128 (default)
2019-07-03 07:43:44,148 INFO  server.RaftServerConfigKeys (ConfUtils.java:logGet(43)) - raft.server.log.statemachine.data.sync = true (default)
2019-07-03 07:43:44,149 INFO  server.RaftServerConfigKeys (ConfUtils.java:logGet(43)) - raft.server.log.statemachine.data.sync.timeout = 10s (default)
2019-07-03 07:43:44,149 INFO  server.RaftServerConfigKeys (ConfUtils.java:logGet(43)) - raft.server.log.statemachine.data.sync.timeout.retry = -1 (default)
2019-07-03 07:43:44,149 INFO  server.RaftServerConfigKeys (ConfUtils.java:logGet(43)) - raft.server.log.statemachine.data.caching.enabled = true (custom)
2019-07-03 07:43:44,150 INFO  server.RaftServerConfigKeys (ConfUtils.java:logGet(43)) - raft.server.snapshot.auto.trigger.enabled = true (custom)
2019-07-03 07:43:44,150 INFO  server.RaftServerConfigKeys (ConfUtils.java:logGet(43)) - raft.server.snapshot.auto.trigger.threshold = 10000 (custom)
2019-07-03 07:43:44,150 INFO  server.RaftServerConfigKeys (ConfUtils.java:logGet(43)) - raft.server.retrycache.expirytime = 600000ms (custom)
2019-07-03 07:43:44,150 INFO  impl.RaftServerImpl (RaftServerImpl.java:start(173)) - 55c19b6c-9632-46a1-b790-5459636fd52d: start group-8FF147024D7E
2019-07-03 07:43:44,150 INFO  impl.RaftServerImpl (RaftServerImpl.java:setRole(164)) - 55c19b6c-9632-46a1-b790-5459636fd52d:group-8FF147024D7E changes role from null to FOLLOWER at term 0 for startAsFollower
2019-07-03 07:43:44,151 INFO  impl.RoleInfo (RoleInfo.java:updateAndGet(143)) - 55c19b6c-9632-46a1-b790-5459636fd52d: start FollowerState
2019-07-03 07:43:44,151 INFO  util.JmxRegister (JmxRegister.java:tryRegister(44)) - Successfully registered JMX Bean with object name Ratis:service=RaftServer,group=group-8FF147024D7E,id=55c19b6c-9632-46a1-b790-5459636fd52d
2019-07-03 07:43:44,154 INFO  pipeline.PipelineStateManager (PipelineStateManager.java:addPipeline(56)) - Created pipeline Pipeline[ Id: 89396b62-a5f1-4af0-881a-8ff147024d7e, Nodes: 55c19b6c-9632-46a1-b790-5459636fd52d{ip: 192.168.69.117, host: ozone-hdds-1735-htq5k-1451000967, networkLocation: /default-rack, certSerialId: null}, Type:RATIS, Factor:ONE, State:OPEN]
2019-07-03 07:43:44,288 INFO  node.SCMNodeManager (SCMNodeManager.java:register(269)) - Registered Data node : 7b082376-2856-4b31-ba4d-19dd8f86c721{ip: 192.168.69.117, host: ozone-hdds-1735-htq5k-1451000967, networkLocation: /default-rack, certSerialId: null}
2019-07-03 07:43:44,305 INFO  impl.RaftServerProxy (RaftServerProxy.java:addNew(89)) - 7b082376-2856-4b31-ba4d-19dd8f86c721: addNew group-93D74528D59F:[7b082376-2856-4b31-ba4d-19dd8f86c721:192.168.69.117:36208] returns group-93D74528D59F:java.util.concurrent.CompletableFuture@12b4ad91[Not completed]
2019-07-03 07:43:44,306 INFO  impl.RaftServerImpl (RaftServerImpl.java:<init>(91)) - 7b082376-2856-4b31-ba4d-19dd8f86c721: new RaftServerImpl for group-93D74528D59F:[7b082376-2856-4b31-ba4d-19dd8f86c721:192.168.69.117:36208] with ContainerStateMachine:uninitialized
2019-07-03 07:43:44,306 INFO  server.RaftServerConfigKeys (ConfUtils.java:logGet(43)) - raft.server.rpc.timeout.min = 1s (custom)
2019-07-03 07:43:44,306 INFO  server.RaftServerConfigKeys (ConfUtils.java:logGet(43)) - raft.server.rpc.timeout.max = 1200ms (custom)
2019-07-03 07:43:44,306 INFO  server.RaftServerConfigKeys (ConfUtils.java:logGet(43)) - raft.server.rpcslowness.timeout = 120s (custom)
2019-07-03 07:43:44,306 INFO  server.RaftServerConfigKeys (ConfUtils.java:logGet(43)) - raft.server.log.appender.install.snapshot.enabled = true (default)
2019-07-03 07:43:44,306 INFO  impl.FollowerState (FollowerState.java:run(101)) - aa88b76e-c077-49df-a4ca-9e1f49363801:group-950AE6533EAC changes to CANDIDATE, lastRpcTime:1021, electionTimeout:1021ms
2019-07-03 07:43:44,307 INFO  impl.RaftServerImpl (ServerState.java:<init>(101)) - 7b082376-2856-4b31-ba4d-19dd8f86c721:group-93D74528D59F ConfigurationManager, init=-1: [7b082376-2856-4b31-ba4d-19dd8f86c721:192.168.69.117:36208], old=null, confs=<EMPTY_MAP>
2019-07-03 07:43:44,307 INFO  impl.RoleInfo (RoleInfo.java:shutdownFollowerState(121)) - aa88b76e-c077-49df-a4ca-9e1f49363801: shutdown FollowerState
2019-07-03 07:43:44,307 INFO  impl.RaftServerImpl (RaftServerImpl.java:setRole(164)) - aa88b76e-c077-49df-a4ca-9e1f49363801:group-950AE6533EAC changes role from FOLLOWER to CANDIDATE at term 0 for changeToCandidate
2019-07-03 07:43:44,307 INFO  server.RaftServerConfigKeys (ConfUtils.java:logGet(43)) - raft.server.storage.dir = [/opt/src/hadoop-ozone/integration-test/target/test-dir/MiniOzoneClusterImpl-3310c94b-7cd9-4d33-b0ba-57a6b7268968/datanode-5/data/ratis] (custom)
2019-07-03 07:43:44,307 INFO  impl.RoleInfo (RoleInfo.java:updateAndGet(143)) - aa88b76e-c077-49df-a4ca-9e1f49363801: start LeaderElection
2019-07-03 07:43:44,308 INFO  storage.RaftStorageDirectory (RaftStorageDirectory.java:analyzeStorage(246)) - The storage directory /opt/src/hadoop-ozone/integration-test/target/test-dir/MiniOzoneClusterImpl-3310c94b-7cd9-4d33-b0ba-57a6b7268968/datanode-5/data/ratis/cd3f1918-5de5-418d-96ac-93d74528d59f does not exist. Creating ...
2019-07-03 07:43:44,328 INFO  storage.RaftStorageDirectory (RaftStorageDirectory.java:tryLock(328)) - Lock on /opt/src/hadoop-ozone/integration-test/target/test-dir/MiniOzoneClusterImpl-3310c94b-7cd9-4d33-b0ba-57a6b7268968/datanode-5/data/ratis/cd3f1918-5de5-418d-96ac-93d74528d59f/in_use.lock acquired by nodename 31193@ozone-hdds-1735-htq5k-1451000967
2019-07-03 07:43:44,328 INFO  impl.LeaderElection (LeaderElection.java:askForVotes(181)) - aa88b76e-c077-49df-a4ca-9e1f49363801:group-950AE6533EAC:LeaderElection30: begin an election at term 1 for -1: [aa88b76e-c077-49df-a4ca-9e1f49363801:192.168.69.117:36837], old=null
2019-07-03 07:43:44,329 INFO  impl.RoleInfo (RoleInfo.java:shutdownLeaderElection(134)) - aa88b76e-c077-49df-a4ca-9e1f49363801: shutdown LeaderElection
2019-07-03 07:43:44,329 INFO  impl.RaftServerImpl (RaftServerImpl.java:setRole(164)) - aa88b76e-c077-49df-a4ca-9e1f49363801:group-950AE6533EAC changes role from CANDIDATE to LEADER at term 1 for changeToLeader
2019-07-03 07:43:44,329 INFO  impl.RaftServerImpl (ServerState.java:setLeader(263)) - aa88b76e-c077-49df-a4ca-9e1f49363801:group-950AE6533EAC change Leader from null to aa88b76e-c077-49df-a4ca-9e1f49363801 at term 1 for becomeLeader, leader elected after 1048ms
2019-07-03 07:43:44,329 INFO  server.RaftServerConfigKeys (ConfUtils.java:logGet(43)) - raft.server.staging.catchup.gap = 1000 (default)
2019-07-03 07:43:44,329 INFO  server.RaftServerConfigKeys (ConfUtils.java:logGet(43)) - raft.server.rpc.sleep.time = 25ms (default)
2019-07-03 07:43:44,329 INFO  server.RaftServerConfigKeys (ConfUtils.java:logGet(43)) - raft.server.watch.timeout = 10s (default)
2019-07-03 07:43:44,330 INFO  server.RaftServerConfigKeys (ConfUtils.java:logGet(43)) - raft.server.watch.timeout.denomination = 1s (default)
2019-07-03 07:43:44,330 INFO  impl.RoleInfo (RoleInfo.java:updateAndGet(143)) - aa88b76e-c077-49df-a4ca-9e1f49363801: start LeaderState
2019-07-03 07:43:44,330 INFO  storage.RaftLogWorker (RaftLogWorker.java:startLogSegment(298)) - aa88b76e-c077-49df-a4ca-9e1f49363801-RaftLogWorker: Starting segment from index:0
2019-07-03 07:43:44,331 INFO  impl.RaftServerImpl (ServerState.java:setRaftConf(361)) - aa88b76e-c077-49df-a4ca-9e1f49363801:group-950AE6533EAC set configuration 0: [aa88b76e-c077-49df-a4ca-9e1f49363801:192.168.69.117:36837], old=null at 0
2019-07-03 07:43:44,343 INFO  storage.RaftStorage (RaftStorage.java:format(75)) - Storage directory /opt/src/hadoop-ozone/integration-test/target/test-dir/MiniOzoneClusterImpl-3310c94b-7cd9-4d33-b0ba-57a6b7268968/datanode-5/data/ratis/cd3f1918-5de5-418d-96ac-93d74528d59f has been successfully formatted.
2019-07-03 07:43:44,343 INFO  ratis.ContainerStateMachine (ContainerStateMachine.java:loadSnapshot(199)) - The snapshot info is null.Setting the last applied index to:(t:0, i:~)
2019-07-03 07:43:44,343 INFO  server.RaftServerConfigKeys (ConfUtils.java:logGet(43)) - raft.server.leader.election.timeout = 120s (custom)
2019-07-03 07:43:44,344 INFO  server.RaftServerConfigKeys (ConfUtils.java:logGet(43)) - raft.server.log.use.memory = false (default)
2019-07-03 07:43:44,344 INFO  server.RaftServerConfigKeys (ConfUtils.java:logGet(43)) - raft.server.log.appender.buffer.byte-limit = 33554432 (custom)
2019-07-03 07:43:44,344 INFO  server.RaftServerConfigKeys (ConfUtils.java:logGet(43)) - raft.server.log.segment.size.max = 16384 (custom)
2019-07-03 07:43:44,344 INFO  server.RaftServerConfigKeys (ConfUtils.java:logGet(43)) - raft.server.log.segment.cache.num.max = 2 (custom)
2019-07-03 07:43:44,344 INFO  storage.RaftLogWorker (RaftLogWorker.java:<init>(123)) - new 7b082376-2856-4b31-ba4d-19dd8f86c721-RaftLogWorker for Storage Directory /opt/src/hadoop-ozone/integration-test/target/test-dir/MiniOzoneClusterImpl-3310c94b-7cd9-4d33-b0ba-57a6b7268968/datanode-5/data/ratis/cd3f1918-5de5-418d-96ac-93d74528d59f
2019-07-03 07:43:44,344 INFO  server.RaftServerConfigKeys (ConfUtils.java:logGet(43)) - raft.server.log.queue.byte-limit = 2147483647 (custom)
2019-07-03 07:43:44,345 INFO  server.RaftServerConfigKeys (ConfUtils.java:logGet(43)) - raft.server.log.queue.element-limit = 1024 (custom)
2019-07-03 07:43:44,345 INFO  server.RaftServerConfigKeys (ConfUtils.java:logGet(43)) - raft.server.log.segment.size.max = 16384 (custom)
2019-07-03 07:43:44,345 INFO  server.RaftServerConfigKeys (ConfUtils.java:logGet(43)) - raft.server.log.preallocated.size = 16384 (custom)
2019-07-03 07:43:44,345 INFO  server.RaftServerConfigKeys (ConfUtils.java:logGet(43)) - raft.server.log.write.buffer.size = 33554432 (custom)
2019-07-03 07:43:44,345 INFO  server.RaftServerConfigKeys (ConfUtils.java:logGet(43)) - raft.server.log.force.sync.num = 128 (default)
2019-07-03 07:43:44,345 INFO  server.RaftServerConfigKeys (ConfUtils.java:logGet(43)) - raft.server.log.statemachine.data.sync = true (default)
2019-07-03 07:43:44,346 INFO  server.RaftServerConfigKeys (ConfUtils.java:logGet(43)) - raft.server.log.statemachine.data.sync.timeout = 10s (default)
2019-07-03 07:43:44,346 INFO  server.RaftServerConfigKeys (ConfUtils.java:logGet(43)) - raft.server.log.statemachine.data.sync.timeout.retry = -1 (default)
2019-07-03 07:43:44,346 INFO  server.RaftServerConfigKeys (ConfUtils.java:logGet(43)) - raft.server.log.statemachine.data.caching.enabled = true (custom)
2019-07-03 07:43:44,347 INFO  server.RaftServerConfigKeys (ConfUtils.java:logGet(43)) - raft.server.snapshot.auto.trigger.enabled = true (custom)
2019-07-03 07:43:44,347 INFO  server.RaftServerConfigKeys (ConfUtils.java:logGet(43)) - raft.server.snapshot.auto.trigger.threshold = 10000 (custom)
2019-07-03 07:43:44,347 INFO  server.RaftServerConfigKeys (ConfUtils.java:logGet(43)) - raft.server.retrycache.expirytime = 600000ms (custom)
2019-07-03 07:43:44,347 INFO  impl.RaftServerImpl (RaftServerImpl.java:start(173)) - 7b082376-2856-4b31-ba4d-19dd8f86c721: start group-93D74528D59F
2019-07-03 07:43:44,348 INFO  impl.RaftServerImpl (RaftServerImpl.java:setRole(164)) - 7b082376-2856-4b31-ba4d-19dd8f86c721:group-93D74528D59F changes role from null to FOLLOWER at term 0 for startAsFollower
2019-07-03 07:43:44,348 INFO  impl.RoleInfo (RoleInfo.java:updateAndGet(143)) - 7b082376-2856-4b31-ba4d-19dd8f86c721: start FollowerState
2019-07-03 07:43:44,348 INFO  util.JmxRegister (JmxRegister.java:tryRegister(44)) - Successfully registered JMX Bean with object name Ratis:service=RaftServer,group=group-93D74528D59F,id=7b082376-2856-4b31-ba4d-19dd8f86c721
2019-07-03 07:43:44,351 INFO  pipeline.PipelineStateManager (PipelineStateManager.java:addPipeline(56)) - Created pipeline Pipeline[ Id: cd3f1918-5de5-418d-96ac-93d74528d59f, Nodes: 7b082376-2856-4b31-ba4d-19dd8f86c721{ip: 192.168.69.117, host: ozone-hdds-1735-htq5k-1451000967, networkLocation: /default-rack, certSerialId: null}, Type:RATIS, Factor:ONE, State:OPEN]
2019-07-03 07:43:44,381 INFO  impl.RaftServerProxy (RaftServerProxy.java:addNew(89)) - 7b082376-2856-4b31-ba4d-19dd8f86c721: addNew group-031F4D22641E:[55c19b6c-9632-46a1-b790-5459636fd52d:192.168.69.117:45556, 6db197cb-5bd4-44eb-a4e1-f70bee29aa63:192.168.69.117:35552, 7b082376-2856-4b31-ba4d-19dd8f86c721:192.168.69.117:36208] returns group-031F4D22641E:java.util.concurrent.CompletableFuture@43ecfef9[Not completed]
2019-07-03 07:43:44,381 INFO  impl.RaftServerProxy (RaftServerProxy.java:addNew(89)) - 6db197cb-5bd4-44eb-a4e1-f70bee29aa63: addNew group-031F4D22641E:[55c19b6c-9632-46a1-b790-5459636fd52d:192.168.69.117:45556, 6db197cb-5bd4-44eb-a4e1-f70bee29aa63:192.168.69.117:35552, 7b082376-2856-4b31-ba4d-19dd8f86c721:192.168.69.117:36208] returns group-031F4D22641E:java.util.concurrent.CompletableFuture@4942d9b2[Not completed]
2019-07-03 07:43:44,381 INFO  impl.RaftServerProxy (RaftServerProxy.java:addNew(89)) - 55c19b6c-9632-46a1-b790-5459636fd52d: addNew group-031F4D22641E:[55c19b6c-9632-46a1-b790-5459636fd52d:192.168.69.117:45556, 6db197cb-5bd4-44eb-a4e1-f70bee29aa63:192.168.69.117:35552, 7b082376-2856-4b31-ba4d-19dd8f86c721:192.168.69.117:36208] returns group-031F4D22641E:java.util.concurrent.CompletableFuture@3c1b33f0[Not completed]
2019-07-03 07:43:44,382 INFO  impl.RaftServerImpl (RaftServerImpl.java:<init>(91)) - 6db197cb-5bd4-44eb-a4e1-f70bee29aa63: new RaftServerImpl for group-031F4D22641E:[55c19b6c-9632-46a1-b790-5459636fd52d:192.168.69.117:45556, 6db197cb-5bd4-44eb-a4e1-f70bee29aa63:192.168.69.117:35552, 7b082376-2856-4b31-ba4d-19dd8f86c721:192.168.69.117:36208] with ContainerStateMachine:uninitialized
2019-07-03 07:43:44,382 INFO  server.RaftServerConfigKeys (ConfUtils.java:logGet(43)) - raft.server.rpc.timeout.min = 1s (custom)
2019-07-03 07:43:44,382 INFO  server.RaftServerConfigKeys (ConfUtils.java:logGet(43)) - raft.server.rpc.timeout.max = 1200ms (custom)
2019-07-03 07:43:44,383 INFO  server.RaftServerConfigKeys (ConfUtils.java:logGet(43)) - raft.server.rpcslowness.timeout = 120s (custom)
2019-07-03 07:43:44,383 INFO  server.RaftServerConfigKeys (ConfUtils.java:logGet(43)) - raft.server.log.appender.install.snapshot.enabled = true (default)
2019-07-03 07:43:44,383 INFO  impl.RaftServerImpl (RaftServerImpl.java:<init>(91)) - 55c19b6c-9632-46a1-b790-5459636fd52d: new RaftServerImpl for group-031F4D22641E:[55c19b6c-9632-46a1-b790-5459636fd52d:192.168.69.117:45556, 6db197cb-5bd4-44eb-a4e1-f70bee29aa63:192.168.69.117:35552, 7b082376-2856-4b31-ba4d-19dd8f86c721:192.168.69.117:36208] with ContainerStateMachine:uninitialized
2019-07-03 07:43:44,383 INFO  impl.RaftServerImpl (ServerState.java:<init>(101)) - 6db197cb-5bd4-44eb-a4e1-f70bee29aa63:group-031F4D22641E ConfigurationManager, init=-1: [55c19b6c-9632-46a1-b790-5459636fd52d:192.168.69.117:45556, 6db197cb-5bd4-44eb-a4e1-f70bee29aa63:192.168.69.117:35552, 7b082376-2856-4b31-ba4d-19dd8f86c721:192.168.69.117:36208], old=null, confs=<EMPTY_MAP>
2019-07-03 07:43:44,383 INFO  server.RaftServerConfigKeys (ConfUtils.java:logGet(43)) - raft.server.rpc.timeout.min = 1s (custom)
2019-07-03 07:43:44,384 INFO  server.RaftServerConfigKeys (ConfUtils.java:logGet(43)) - raft.server.storage.dir = [/opt/src/hadoop-ozone/integration-test/target/test-dir/MiniOzoneClusterImpl-3310c94b-7cd9-4d33-b0ba-57a6b7268968/datanode-3/data/ratis] (custom)
2019-07-03 07:43:44,384 INFO  server.RaftServerConfigKeys (ConfUtils.java:logGet(43)) - raft.server.rpc.timeout.max = 1200ms (custom)
2019-07-03 07:43:44,384 INFO  impl.RaftServerImpl (RaftServerImpl.java:<init>(91)) - 7b082376-2856-4b31-ba4d-19dd8f86c721: new RaftServerImpl for group-031F4D22641E:[55c19b6c-9632-46a1-b790-5459636fd52d:192.168.69.117:45556, 6db197cb-5bd4-44eb-a4e1-f70bee29aa63:192.168.69.117:35552, 7b082376-2856-4b31-ba4d-19dd8f86c721:192.168.69.117:36208] with ContainerStateMachine:uninitialized
2019-07-03 07:43:44,384 INFO  server.RaftServerConfigKeys (ConfUtils.java:logGet(43)) - raft.server.rpcslowness.timeout = 120s (custom)
2019-07-03 07:43:44,384 INFO  storage.RaftStorageDirectory (RaftStorageDirectory.java:analyzeStorage(246)) - The storage directory /opt/src/hadoop-ozone/integration-test/target/test-dir/MiniOzoneClusterImpl-3310c94b-7cd9-4d33-b0ba-57a6b7268968/datanode-3/data/ratis/ffe493f8-6e51-4f3f-b7a5-031f4d22641e does not exist. Creating ...
2019-07-03 07:43:44,384 INFO  server.RaftServerConfigKeys (ConfUtils.java:logGet(43)) - raft.server.rpc.timeout.min = 1s (custom)
2019-07-03 07:43:44,384 INFO  server.RaftServerConfigKeys (ConfUtils.java:logGet(43)) - raft.server.log.appender.install.snapshot.enabled = true (default)
2019-07-03 07:43:44,384 INFO  server.RaftServerConfigKeys (ConfUtils.java:logGet(43)) - raft.server.rpc.timeout.max = 1200ms (custom)
2019-07-03 07:43:44,385 INFO  impl.RaftServerImpl (ServerState.java:<init>(101)) - 55c19b6c-9632-46a1-b790-5459636fd52d:group-031F4D22641E ConfigurationManager, init=-1: [55c19b6c-9632-46a1-b790-5459636fd52d:192.168.69.117:45556, 6db197cb-5bd4-44eb-a4e1-f70bee29aa63:192.168.69.117:35552, 7b082376-2856-4b31-ba4d-19dd8f86c721:192.168.69.117:36208], old=null, confs=<EMPTY_MAP>
2019-07-03 07:43:44,385 INFO  server.RaftServerConfigKeys (ConfUtils.java:logGet(43)) - raft.server.rpcslowness.timeout = 120s (custom)
2019-07-03 07:43:44,385 INFO  server.RaftServerConfigKeys (ConfUtils.java:logGet(43)) - raft.server.storage.dir = [/opt/src/hadoop-ozone/integration-test/target/test-dir/MiniOzoneClusterImpl-3310c94b-7cd9-4d33-b0ba-57a6b7268968/datanode-4/data/ratis] (custom)
2019-07-03 07:43:44,385 INFO  server.RaftServerConfigKeys (ConfUtils.java:logGet(43)) - raft.server.log.appender.install.snapshot.enabled = true (default)
2019-07-03 07:43:44,385 INFO  storage.RaftLogWorker (RaftLogWorker.java:execute(469)) - aa88b76e-c077-49df-a4ca-9e1f49363801-RaftLogWorker: created new log segment /opt/src/hadoop-ozone/integration-test/target/test-dir/MiniOzoneClusterImpl-3310c94b-7cd9-4d33-b0ba-57a6b7268968/datanode-0/data/ratis/27ed99d8-ed36-4adc-9cfa-950ae6533eac/current/log_inprogress_0
2019-07-03 07:43:44,385 INFO  storage.RaftStorageDirectory (RaftStorageDirectory.java:analyzeStorage(246)) - The storage directory /opt/src/hadoop-ozone/integration-test/target/test-dir/MiniOzoneClusterImpl-3310c94b-7cd9-4d33-b0ba-57a6b7268968/datanode-4/data/ratis/ffe493f8-6e51-4f3f-b7a5-031f4d22641e does not exist. Creating ...
2019-07-03 07:43:44,385 INFO  impl.RaftServerImpl (ServerState.java:<init>(101)) - 7b082376-2856-4b31-ba4d-19dd8f86c721:group-031F4D22641E ConfigurationManager, init=-1: [55c19b6c-9632-46a1-b790-5459636fd52d:192.168.69.117:45556, 6db197cb-5bd4-44eb-a4e1-f70bee29aa63:192.168.69.117:35552, 7b082376-2856-4b31-ba4d-19dd8f86c721:192.168.69.117:36208], old=null, confs=<EMPTY_MAP>
2019-07-03 07:43:44,386 INFO  server.RaftServerConfigKeys (ConfUtils.java:logGet(43)) - raft.server.storage.dir = [/opt/src/hadoop-ozone/integration-test/target/test-dir/MiniOzoneClusterImpl-3310c94b-7cd9-4d33-b0ba-57a6b7268968/datanode-5/data/ratis] (custom)
2019-07-03 07:43:44,387 INFO  storage.RaftStorageDirectory (RaftStorageDirectory.java:analyzeStorage(246)) - The storage directory /opt/src/hadoop-ozone/integration-test/target/test-dir/MiniOzoneClusterImpl-3310c94b-7cd9-4d33-b0ba-57a6b7268968/datanode-5/data/ratis/ffe493f8-6e51-4f3f-b7a5-031f4d22641e does not exist. Creating ...
2019-07-03 07:43:44,388 INFO  storage.RaftStorageDirectory (RaftStorageDirectory.java:tryLock(328)) - Lock on /opt/src/hadoop-ozone/integration-test/target/test-dir/MiniOzoneClusterImpl-3310c94b-7cd9-4d33-b0ba-57a6b7268968/datanode-3/data/ratis/ffe493f8-6e51-4f3f-b7a5-031f4d22641e/in_use.lock acquired by nodename 31193@ozone-hdds-1735-htq5k-1451000967
2019-07-03 07:43:44,401 INFO  storage.RaftStorageDirectory (RaftStorageDirectory.java:tryLock(328)) - Lock on /opt/src/hadoop-ozone/integration-test/target/test-dir/MiniOzoneClusterImpl-3310c94b-7cd9-4d33-b0ba-57a6b7268968/datanode-5/data/ratis/ffe493f8-6e51-4f3f-b7a5-031f4d22641e/in_use.lock acquired by nodename 31193@ozone-hdds-1735-htq5k-1451000967
2019-07-03 07:43:44,401 INFO  storage.RaftStorage (RaftStorage.java:format(75)) - Storage directory /opt/src/hadoop-ozone/integration-test/target/test-dir/MiniOzoneClusterImpl-3310c94b-7cd9-4d33-b0ba-57a6b7268968/datanode-3/data/ratis/ffe493f8-6e51-4f3f-b7a5-031f4d22641e has been successfully formatted.
2019-07-03 07:43:44,401 INFO  storage.RaftStorageDirectory (RaftStorageDirectory.java:tryLock(328)) - Lock on /opt/src/hadoop-ozone/integration-test/target/test-dir/MiniOzoneClusterImpl-3310c94b-7cd9-4d33-b0ba-57a6b7268968/datanode-4/data/ratis/ffe493f8-6e51-4f3f-b7a5-031f4d22641e/in_use.lock acquired by nodename 31193@ozone-hdds-1735-htq5k-1451000967
2019-07-03 07:43:44,401 INFO  ratis.ContainerStateMachine (ContainerStateMachine.java:loadSnapshot(199)) - The snapshot info is null.Setting the last applied index to:(t:0, i:~)
2019-07-03 07:43:44,401 INFO  server.RaftServerConfigKeys (ConfUtils.java:logGet(43)) - raft.server.leader.election.timeout = 120s (custom)
2019-07-03 07:43:44,401 INFO  server.RaftServerConfigKeys (ConfUtils.java:logGet(43)) - raft.server.log.use.memory = false (default)
2019-07-03 07:43:44,402 INFO  server.RaftServerConfigKeys (ConfUtils.java:logGet(43)) - raft.server.log.appender.buffer.byte-limit = 33554432 (custom)
2019-07-03 07:43:44,402 INFO  server.RaftServerConfigKeys (ConfUtils.java:logGet(43)) - raft.server.log.segment.size.max = 16384 (custom)
2019-07-03 07:43:44,402 INFO  server.RaftServerConfigKeys (ConfUtils.java:logGet(43)) - raft.server.log.segment.cache.num.max = 2 (custom)
2019-07-03 07:43:44,402 INFO  storage.RaftLogWorker (RaftLogWorker.java:<init>(123)) - new 6db197cb-5bd4-44eb-a4e1-f70bee29aa63-RaftLogWorker for Storage Directory /opt/src/hadoop-ozone/integration-test/target/test-dir/MiniOzoneClusterImpl-3310c94b-7cd9-4d33-b0ba-57a6b7268968/datanode-3/data/ratis/ffe493f8-6e51-4f3f-b7a5-031f4d22641e
2019-07-03 07:43:44,402 INFO  server.RaftServerConfigKeys (ConfUtils.java:logGet(43)) - raft.server.log.queue.byte-limit = 2147483647 (custom)
2019-07-03 07:43:44,402 INFO  server.RaftServerConfigKeys (ConfUtils.java:logGet(43)) - raft.server.log.queue.element-limit = 1024 (custom)
2019-07-03 07:43:44,403 INFO  server.RaftServerConfigKeys (ConfUtils.java:logGet(43)) - raft.server.log.segment.size.max = 16384 (custom)
2019-07-03 07:43:44,403 INFO  server.RaftServerConfigKeys (ConfUtils.java:logGet(43)) - raft.server.log.preallocated.size = 16384 (custom)
2019-07-03 07:43:44,403 INFO  server.RaftServerConfigKeys (ConfUtils.java:logGet(43)) - raft.server.log.write.buffer.size = 33554432 (custom)
2019-07-03 07:43:44,403 INFO  server.RaftServerConfigKeys (ConfUtils.java:logGet(43)) - raft.server.log.force.sync.num = 128 (default)
2019-07-03 07:43:44,403 INFO  server.RaftServerConfigKeys (ConfUtils.java:logGet(43)) - raft.server.log.statemachine.data.sync = true (default)
2019-07-03 07:43:44,403 INFO  server.RaftServerConfigKeys (ConfUtils.java:logGet(43)) - raft.server.log.statemachine.data.sync.timeout = 10s (default)
2019-07-03 07:43:44,404 INFO  server.RaftServerConfigKeys (ConfUtils.java:logGet(43)) - raft.server.log.statemachine.data.sync.timeout.retry = -1 (default)
2019-07-03 07:43:44,404 INFO  server.RaftServerConfigKeys (ConfUtils.java:logGet(43)) - raft.server.log.statemachine.data.caching.enabled = true (custom)
2019-07-03 07:43:44,404 INFO  server.RaftServerConfigKeys (ConfUtils.java:logGet(43)) - raft.server.snapshot.auto.trigger.enabled = true (custom)
2019-07-03 07:43:44,405 INFO  server.RaftServerConfigKeys (ConfUtils.java:logGet(43)) - raft.server.snapshot.auto.trigger.threshold = 10000 (custom)
2019-07-03 07:43:44,405 INFO  server.RaftServerConfigKeys (ConfUtils.java:logGet(43)) - raft.server.retrycache.expirytime = 600000ms (custom)
2019-07-03 07:43:44,405 INFO  impl.RaftServerImpl (RaftServerImpl.java:start(173)) - 6db197cb-5bd4-44eb-a4e1-f70bee29aa63: start group-031F4D22641E
2019-07-03 07:43:44,405 INFO  impl.RaftServerImpl (RaftServerImpl.java:setRole(164)) - 6db197cb-5bd4-44eb-a4e1-f70bee29aa63:group-031F4D22641E changes role from null to FOLLOWER at term 0 for startAsFollower
2019-07-03 07:43:44,405 INFO  impl.RoleInfo (RoleInfo.java:updateAndGet(143)) - 6db197cb-5bd4-44eb-a4e1-f70bee29aa63: start FollowerState
2019-07-03 07:43:44,406 INFO  util.JmxRegister (JmxRegister.java:tryRegister(44)) - Successfully registered JMX Bean with object name Ratis:service=RaftServer,group=group-031F4D22641E,id=6db197cb-5bd4-44eb-a4e1-f70bee29aa63
2019-07-03 07:43:44,420 INFO  storage.RaftStorage (RaftStorage.java:format(75)) - Storage directory /opt/src/hadoop-ozone/integration-test/target/test-dir/MiniOzoneClusterImpl-3310c94b-7cd9-4d33-b0ba-57a6b7268968/datanode-4/data/ratis/ffe493f8-6e51-4f3f-b7a5-031f4d22641e has been successfully formatted.
2019-07-03 07:43:44,420 INFO  storage.RaftStorage (RaftStorage.java:format(75)) - Storage directory /opt/src/hadoop-ozone/integration-test/target/test-dir/MiniOzoneClusterImpl-3310c94b-7cd9-4d33-b0ba-57a6b7268968/datanode-5/data/ratis/ffe493f8-6e51-4f3f-b7a5-031f4d22641e has been successfully formatted.
2019-07-03 07:43:44,420 INFO  ratis.ContainerStateMachine (ContainerStateMachine.java:loadSnapshot(199)) - The snapshot info is null.Setting the last applied index to:(t:0, i:~)
2019-07-03 07:43:44,420 INFO  ratis.ContainerStateMachine (ContainerStateMachine.java:loadSnapshot(199)) - The snapshot info is null.Setting the last applied index to:(t:0, i:~)
2019-07-03 07:43:44,421 INFO  server.RaftServerConfigKeys (ConfUtils.java:logGet(43)) - raft.server.leader.election.timeout = 120s (custom)
2019-07-03 07:43:44,421 INFO  server.RaftServerConfigKeys (ConfUtils.java:logGet(43)) - raft.server.leader.election.timeout = 120s (custom)
2019-07-03 07:43:44,421 INFO  server.RaftServerConfigKeys (ConfUtils.java:logGet(43)) - raft.server.log.use.memory = false (default)
2019-07-03 07:43:44,421 INFO  server.RaftServerConfigKeys (ConfUtils.java:logGet(43)) - raft.server.log.use.memory = false (default)
2019-07-03 07:43:44,421 INFO  server.RaftServerConfigKeys (ConfUtils.java:logGet(43)) - raft.server.log.appender.buffer.byte-limit = 33554432 (custom)
2019-07-03 07:43:44,421 INFO  server.RaftServerConfigKeys (ConfUtils.java:logGet(43)) - raft.server.log.appender.buffer.byte-limit = 33554432 (custom)
2019-07-03 07:43:44,421 INFO  server.RaftServerConfigKeys (ConfUtils.java:logGet(43)) - raft.server.log.segment.size.max = 16384 (custom)
2019-07-03 07:43:44,422 INFO  server.RaftServerConfigKeys (ConfUtils.java:logGet(43)) - raft.server.log.segment.size.max = 16384 (custom)
2019-07-03 07:43:44,422 INFO  server.RaftServerConfigKeys (ConfUtils.java:logGet(43)) - raft.server.log.segment.cache.num.max = 2 (custom)
2019-07-03 07:43:44,422 INFO  server.RaftServerConfigKeys (ConfUtils.java:logGet(43)) - raft.server.log.segment.cache.num.max = 2 (custom)
2019-07-03 07:43:44,422 INFO  storage.RaftLogWorker (RaftLogWorker.java:<init>(123)) - new 55c19b6c-9632-46a1-b790-5459636fd52d-RaftLogWorker for Storage Directory /opt/src/hadoop-ozone/integration-test/target/test-dir/MiniOzoneClusterImpl-3310c94b-7cd9-4d33-b0ba-57a6b7268968/datanode-4/data/ratis/ffe493f8-6e51-4f3f-b7a5-031f4d22641e
2019-07-03 07:43:44,422 INFO  storage.RaftLogWorker (RaftLogWorker.java:<init>(123)) - new 7b082376-2856-4b31-ba4d-19dd8f86c721-RaftLogWorker for Storage Directory /opt/src/hadoop-ozone/integration-test/target/test-dir/MiniOzoneClusterImpl-3310c94b-7cd9-4d33-b0ba-57a6b7268968/datanode-5/data/ratis/ffe493f8-6e51-4f3f-b7a5-031f4d22641e
2019-07-03 07:43:44,422 INFO  server.RaftServerConfigKeys (ConfUtils.java:logGet(43)) - raft.server.log.queue.byte-limit = 2147483647 (custom)
2019-07-03 07:43:44,423 INFO  server.RaftServerConfigKeys (ConfUtils.java:logGet(43)) - raft.server.log.queue.byte-limit = 2147483647 (custom)
2019-07-03 07:43:44,423 INFO  server.RaftServerConfigKeys (ConfUtils.java:logGet(43)) - raft.server.log.queue.element-limit = 1024 (custom)
2019-07-03 07:43:44,423 INFO  server.RaftServerConfigKeys (ConfUtils.java:logGet(43)) - raft.server.log.queue.element-limit = 1024 (custom)
2019-07-03 07:43:44,423 INFO  server.RaftServerConfigKeys (ConfUtils.java:logGet(43)) - raft.server.log.segment.size.max = 16384 (custom)
2019-07-03 07:43:44,423 INFO  server.RaftServerConfigKeys (ConfUtils.java:logGet(43)) - raft.server.log.segment.size.max = 16384 (custom)
2019-07-03 07:43:44,423 INFO  server.RaftServerConfigKeys (ConfUtils.java:logGet(43)) - raft.server.log.preallocated.size = 16384 (custom)
2019-07-03 07:43:44,424 INFO  server.RaftServerConfigKeys (ConfUtils.java:logGet(43)) - raft.server.log.preallocated.size = 16384 (custom)
2019-07-03 07:43:44,424 INFO  server.RaftServerConfigKeys (ConfUtils.java:logGet(43)) - raft.server.log.write.buffer.size = 33554432 (custom)
2019-07-03 07:43:44,424 INFO  server.RaftServerConfigKeys (ConfUtils.java:logGet(43)) - raft.server.log.write.buffer.size = 33554432 (custom)
2019-07-03 07:43:44,424 INFO  server.RaftServerConfigKeys (ConfUtils.java:logGet(43)) - raft.server.log.force.sync.num = 128 (default)
2019-07-03 07:43:44,424 INFO  server.RaftServerConfigKeys (ConfUtils.java:logGet(43)) - raft.server.log.force.sync.num = 128 (default)
2019-07-03 07:43:44,424 INFO  server.RaftServerConfigKeys (ConfUtils.java:logGet(43)) - raft.server.log.statemachine.data.sync = true (default)
2019-07-03 07:43:44,425 INFO  server.RaftServerConfigKeys (ConfUtils.java:logGet(43)) - raft.server.log.statemachine.data.sync = true (default)
2019-07-03 07:43:44,425 INFO  server.RaftServerConfigKeys (ConfUtils.java:logGet(43)) - raft.server.log.statemachine.data.sync.timeout = 10s (default)
2019-07-03 07:43:44,425 INFO  server.RaftServerConfigKeys (ConfUtils.java:logGet(43)) - raft.server.log.statemachine.data.sync.timeout = 10s (default)
2019-07-03 07:43:44,425 INFO  server.RaftServerConfigKeys (ConfUtils.java:logGet(43)) - raft.server.log.statemachine.data.sync.timeout.retry = -1 (default)
2019-07-03 07:43:44,425 INFO  server.RaftServerConfigKeys (ConfUtils.java:logGet(43)) - raft.server.log.statemachine.data.sync.timeout.retry = -1 (default)
2019-07-03 07:43:44,425 INFO  server.RaftServerConfigKeys (ConfUtils.java:logGet(43)) - raft.server.log.statemachine.data.caching.enabled = true (custom)
2019-07-03 07:43:44,426 INFO  server.RaftServerConfigKeys (ConfUtils.java:logGet(43)) - raft.server.log.statemachine.data.caching.enabled = true (custom)
2019-07-03 07:43:44,426 INFO  server.RaftServerConfigKeys (ConfUtils.java:logGet(43)) - raft.server.snapshot.auto.trigger.enabled = true (custom)
2019-07-03 07:43:44,426 INFO  server.RaftServerConfigKeys (ConfUtils.java:logGet(43)) - raft.server.snapshot.auto.trigger.enabled = true (custom)
2019-07-03 07:43:44,426 INFO  server.RaftServerConfigKeys (ConfUtils.java:logGet(43)) - raft.server.snapshot.auto.trigger.threshold = 10000 (custom)
2019-07-03 07:43:44,426 INFO  server.RaftServerConfigKeys (ConfUtils.java:logGet(43)) - raft.server.snapshot.auto.trigger.threshold = 10000 (custom)
2019-07-03 07:43:44,427 INFO  server.RaftServerConfigKeys (ConfUtils.java:logGet(43)) - raft.server.retrycache.expirytime = 600000ms (custom)
2019-07-03 07:43:44,427 INFO  server.RaftServerConfigKeys (ConfUtils.java:logGet(43)) - raft.server.retrycache.expirytime = 600000ms (custom)
2019-07-03 07:43:44,427 INFO  impl.RaftServerImpl (RaftServerImpl.java:start(173)) - 55c19b6c-9632-46a1-b790-5459636fd52d: start group-031F4D22641E
2019-07-03 07:43:44,427 INFO  impl.RaftServerImpl (RaftServerImpl.java:start(173)) - 7b082376-2856-4b31-ba4d-19dd8f86c721: start group-031F4D22641E
2019-07-03 07:43:44,427 INFO  impl.RaftServerImpl (RaftServerImpl.java:setRole(164)) - 55c19b6c-9632-46a1-b790-5459636fd52d:group-031F4D22641E changes role from null to FOLLOWER at term 0 for startAsFollower
2019-07-03 07:43:44,427 INFO  impl.RaftServerImpl (RaftServerImpl.java:setRole(164)) - 7b082376-2856-4b31-ba4d-19dd8f86c721:group-031F4D22641E changes role from null to FOLLOWER at term 0 for startAsFollower
2019-07-03 07:43:44,428 INFO  impl.RoleInfo (RoleInfo.java:updateAndGet(143)) - 55c19b6c-9632-46a1-b790-5459636fd52d: start FollowerState
2019-07-03 07:43:44,428 INFO  impl.RoleInfo (RoleInfo.java:updateAndGet(143)) - 7b082376-2856-4b31-ba4d-19dd8f86c721: start FollowerState
2019-07-03 07:43:44,428 INFO  util.JmxRegister (JmxRegister.java:tryRegister(44)) - Successfully registered JMX Bean with object name Ratis:service=RaftServer,group=group-031F4D22641E,id=55c19b6c-9632-46a1-b790-5459636fd52d
2019-07-03 07:43:44,428 INFO  util.JmxRegister (JmxRegister.java:tryRegister(44)) - Successfully registered JMX Bean with object name Ratis:service=RaftServer,group=group-031F4D22641E,id=7b082376-2856-4b31-ba4d-19dd8f86c721
2019-07-03 07:43:44,432 INFO  pipeline.PipelineStateManager (PipelineStateManager.java:addPipeline(56)) - Created pipeline Pipeline[ Id: ffe493f8-6e51-4f3f-b7a5-031f4d22641e, Nodes: 6db197cb-5bd4-44eb-a4e1-f70bee29aa63{ip: 192.168.69.117, host: ozone-hdds-1735-htq5k-1451000967, networkLocation: /default-rack, certSerialId: null}55c19b6c-9632-46a1-b790-5459636fd52d{ip: 192.168.69.117, host: ozone-hdds-1735-htq5k-1451000967, networkLocation: /default-rack, certSerialId: null}7b082376-2856-4b31-ba4d-19dd8f86c721{ip: 192.168.69.117, host: ozone-hdds-1735-htq5k-1451000967, networkLocation: /default-rack, certSerialId: null}, Type:RATIS, Factor:THREE, State:OPEN]
2019-07-03 07:43:44,457 INFO  ozone.MiniOzoneClusterImpl (MiniOzoneClusterImpl.java:lambda$waitForClusterToBeReady$0(142)) - Waiting for cluster to be ready. Got 6 of 7 DN Heartbeats.
2019-07-03 07:43:44,458 INFO  node.SCMNodeManager (SCMNodeManager.java:register(269)) - Registered Data node : 40992cdb-d98c-49d0-a788-87b8a2116e5a{ip: 192.168.69.117, host: ozone-hdds-1735-htq5k-1451000967, networkLocation: /default-rack, certSerialId: null}
2019-07-03 07:43:44,470 INFO  impl.RaftServerProxy (RaftServerProxy.java:addNew(89)) - 40992cdb-d98c-49d0-a788-87b8a2116e5a: addNew group-01A0A5098083:[40992cdb-d98c-49d0-a788-87b8a2116e5a:192.168.69.117:43079] returns group-01A0A5098083:java.util.concurrent.CompletableFuture@6637edd4[Not completed]
2019-07-03 07:43:44,471 INFO  impl.RaftServerImpl (RaftServerImpl.java:<init>(91)) - 40992cdb-d98c-49d0-a788-87b8a2116e5a: new RaftServerImpl for group-01A0A5098083:[40992cdb-d98c-49d0-a788-87b8a2116e5a:192.168.69.117:43079] with ContainerStateMachine:uninitialized
2019-07-03 07:43:44,471 INFO  server.RaftServerConfigKeys (ConfUtils.java:logGet(43)) - raft.server.rpc.timeout.min = 1s (custom)
2019-07-03 07:43:44,471 INFO  server.RaftServerConfigKeys (ConfUtils.java:logGet(43)) - raft.server.rpc.timeout.max = 1200ms (custom)
2019-07-03 07:43:44,472 INFO  server.RaftServerConfigKeys (ConfUtils.java:logGet(43)) - raft.server.rpcslowness.timeout = 120s (custom)
2019-07-03 07:43:44,472 INFO  server.RaftServerConfigKeys (ConfUtils.java:logGet(43)) - raft.server.log.appender.install.snapshot.enabled = true (default)
2019-07-03 07:43:44,472 INFO  impl.RaftServerImpl (ServerState.java:<init>(101)) - 40992cdb-d98c-49d0-a788-87b8a2116e5a:group-01A0A5098083 ConfigurationManager, init=-1: [40992cdb-d98c-49d0-a788-87b8a2116e5a:192.168.69.117:43079], old=null, confs=<EMPTY_MAP>
2019-07-03 07:43:44,472 INFO  server.RaftServerConfigKeys (ConfUtils.java:logGet(43)) - raft.server.storage.dir = [/opt/src/hadoop-ozone/integration-test/target/test-dir/MiniOzoneClusterImpl-3310c94b-7cd9-4d33-b0ba-57a6b7268968/datanode-6/data/ratis] (custom)
2019-07-03 07:43:44,473 INFO  storage.RaftStorageDirectory (RaftStorageDirectory.java:analyzeStorage(246)) - The storage directory /opt/src/hadoop-ozone/integration-test/target/test-dir/MiniOzoneClusterImpl-3310c94b-7cd9-4d33-b0ba-57a6b7268968/datanode-6/data/ratis/ab5210b9-3ed1-4581-ab9b-01a0a5098083 does not exist. Creating ...
2019-07-03 07:43:44,486 INFO  storage.RaftStorageDirectory (RaftStorageDirectory.java:tryLock(328)) - Lock on /opt/src/hadoop-ozone/integration-test/target/test-dir/MiniOzoneClusterImpl-3310c94b-7cd9-4d33-b0ba-57a6b7268968/datanode-6/data/ratis/ab5210b9-3ed1-4581-ab9b-01a0a5098083/in_use.lock acquired by nodename 31193@ozone-hdds-1735-htq5k-1451000967
2019-07-03 07:43:44,499 INFO  storage.RaftStorage (RaftStorage.java:format(75)) - Storage directory /opt/src/hadoop-ozone/integration-test/target/test-dir/MiniOzoneClusterImpl-3310c94b-7cd9-4d33-b0ba-57a6b7268968/datanode-6/data/ratis/ab5210b9-3ed1-4581-ab9b-01a0a5098083 has been successfully formatted.
2019-07-03 07:43:44,499 INFO  ratis.ContainerStateMachine (ContainerStateMachine.java:loadSnapshot(199)) - The snapshot info is null.Setting the last applied index to:(t:0, i:~)
2019-07-03 07:43:44,499 INFO  server.RaftServerConfigKeys (ConfUtils.java:logGet(43)) - raft.server.leader.election.timeout = 120s (custom)
2019-07-03 07:43:44,499 INFO  server.RaftServerConfigKeys (ConfUtils.java:logGet(43)) - raft.server.log.use.memory = false (default)
2019-07-03 07:43:44,500 INFO  server.RaftServerConfigKeys (ConfUtils.java:logGet(43)) - raft.server.log.appender.buffer.byte-limit = 33554432 (custom)
2019-07-03 07:43:44,500 INFO  server.RaftServerConfigKeys (ConfUtils.java:logGet(43)) - raft.server.log.segment.size.max = 16384 (custom)
2019-07-03 07:43:44,500 INFO  server.RaftServerConfigKeys (ConfUtils.java:logGet(43)) - raft.server.log.segment.cache.num.max = 2 (custom)
2019-07-03 07:43:44,500 INFO  storage.RaftLogWorker (RaftLogWorker.java:<init>(123)) - new 40992cdb-d98c-49d0-a788-87b8a2116e5a-RaftLogWorker for Storage Directory /opt/src/hadoop-ozone/integration-test/target/test-dir/MiniOzoneClusterImpl-3310c94b-7cd9-4d33-b0ba-57a6b7268968/datanode-6/data/ratis/ab5210b9-3ed1-4581-ab9b-01a0a5098083
2019-07-03 07:43:44,500 INFO  server.RaftServerConfigKeys (ConfUtils.java:logGet(43)) - raft.server.log.queue.byte-limit = 2147483647 (custom)
2019-07-03 07:43:44,500 INFO  server.RaftServerConfigKeys (ConfUtils.java:logGet(43)) - raft.server.log.queue.element-limit = 1024 (custom)
2019-07-03 07:43:44,500 INFO  server.RaftServerConfigKeys (ConfUtils.java:logGet(43)) - raft.server.log.segment.size.max = 16384 (custom)
2019-07-03 07:43:44,501 INFO  server.RaftServerConfigKeys (ConfUtils.java:logGet(43)) - raft.server.log.preallocated.size = 16384 (custom)
2019-07-03 07:43:44,501 INFO  server.RaftServerConfigKeys (ConfUtils.java:logGet(43)) - raft.server.log.write.buffer.size = 33554432 (custom)
2019-07-03 07:43:44,501 INFO  server.RaftServerConfigKeys (ConfUtils.java:logGet(43)) - raft.server.log.force.sync.num = 128 (default)
2019-07-03 07:43:44,501 INFO  server.RaftServerConfigKeys (ConfUtils.java:logGet(43)) - raft.server.log.statemachine.data.sync = true (default)
2019-07-03 07:43:44,501 INFO  server.RaftServerConfigKeys (ConfUtils.java:logGet(43)) - raft.server.log.statemachine.data.sync.timeout = 10s (default)
2019-07-03 07:43:44,501 INFO  server.RaftServerConfigKeys (ConfUtils.java:logGet(43)) - raft.server.log.statemachine.data.sync.timeout.retry = -1 (default)
2019-07-03 07:43:44,502 INFO  server.RaftServerConfigKeys (ConfUtils.java:logGet(43)) - raft.server.log.statemachine.data.caching.enabled = true (custom)
2019-07-03 07:43:44,502 INFO  server.RaftServerConfigKeys (ConfUtils.java:logGet(43)) - raft.server.snapshot.auto.trigger.enabled = true (custom)
2019-07-03 07:43:44,502 INFO  server.RaftServerConfigKeys (ConfUtils.java:logGet(43)) - raft.server.snapshot.auto.trigger.threshold = 10000 (custom)
2019-07-03 07:43:44,503 INFO  server.RaftServerConfigKeys (ConfUtils.java:logGet(43)) - raft.server.retrycache.expirytime = 600000ms (custom)
2019-07-03 07:43:44,503 INFO  impl.RaftServerImpl (RaftServerImpl.java:start(173)) - 40992cdb-d98c-49d0-a788-87b8a2116e5a: start group-01A0A5098083
2019-07-03 07:43:44,503 INFO  impl.RaftServerImpl (RaftServerImpl.java:setRole(164)) - 40992cdb-d98c-49d0-a788-87b8a2116e5a:group-01A0A5098083 changes role from null to FOLLOWER at term 0 for startAsFollower
2019-07-03 07:43:44,503 INFO  impl.RoleInfo (RoleInfo.java:updateAndGet(143)) - 40992cdb-d98c-49d0-a788-87b8a2116e5a: start FollowerState
2019-07-03 07:43:44,504 INFO  util.JmxRegister (JmxRegister.java:tryRegister(44)) - Successfully registered JMX Bean with object name Ratis:service=RaftServer,group=group-01A0A5098083,id=40992cdb-d98c-49d0-a788-87b8a2116e5a
2019-07-03 07:43:44,506 INFO  pipeline.PipelineStateManager (PipelineStateManager.java:addPipeline(56)) - Created pipeline Pipeline[ Id: ab5210b9-3ed1-4581-ab9b-01a0a5098083, Nodes: 40992cdb-d98c-49d0-a788-87b8a2116e5a{ip: 192.168.69.117, host: ozone-hdds-1735-htq5k-1451000967, networkLocation: /default-rack, certSerialId: null}, Type:RATIS, Factor:ONE, State:OPEN]
2019-07-03 07:43:44,677 INFO  impl.FollowerState (FollowerState.java:run(101)) - 4f6491d0-8ade-4eaa-958d-9ace0d85d8f7:group-009BB28E96D7 changes to CANDIDATE, lastRpcTime:1128, electionTimeout:1128ms
2019-07-03 07:43:44,677 INFO  impl.RoleInfo (RoleInfo.java:shutdownFollowerState(121)) - 4f6491d0-8ade-4eaa-958d-9ace0d85d8f7: shutdown FollowerState
2019-07-03 07:43:44,677 INFO  impl.RaftServerImpl (RaftServerImpl.java:setRole(164)) - 4f6491d0-8ade-4eaa-958d-9ace0d85d8f7:group-009BB28E96D7 changes role from FOLLOWER to CANDIDATE at term 0 for changeToCandidate
2019-07-03 07:43:44,677 INFO  impl.RoleInfo (RoleInfo.java:updateAndGet(143)) - 4f6491d0-8ade-4eaa-958d-9ace0d85d8f7: start LeaderElection
2019-07-03 07:43:44,710 INFO  impl.LeaderElection (LeaderElection.java:askForVotes(181)) - 4f6491d0-8ade-4eaa-958d-9ace0d85d8f7:group-009BB28E96D7:LeaderElection31: begin an election at term 1 for -1: [4f6491d0-8ade-4eaa-958d-9ace0d85d8f7:192.168.69.117:45092], old=null
2019-07-03 07:43:44,710 INFO  impl.RoleInfo (RoleInfo.java:shutdownLeaderElection(134)) - 4f6491d0-8ade-4eaa-958d-9ace0d85d8f7: shutdown LeaderElection
2019-07-03 07:43:44,710 INFO  impl.RaftServerImpl (RaftServerImpl.java:setRole(164)) - 4f6491d0-8ade-4eaa-958d-9ace0d85d8f7:group-009BB28E96D7 changes role from CANDIDATE to LEADER at term 1 for changeToLeader
2019-07-03 07:43:44,710 INFO  impl.RaftServerImpl (ServerState.java:setLeader(263)) - 4f6491d0-8ade-4eaa-958d-9ace0d85d8f7:group-009BB28E96D7 change Leader from null to 4f6491d0-8ade-4eaa-958d-9ace0d85d8f7 at term 1 for becomeLeader, leader elected after 1165ms
2019-07-03 07:43:44,710 INFO  server.RaftServerConfigKeys (ConfUtils.java:logGet(43)) - raft.server.staging.catchup.gap = 1000 (default)
2019-07-03 07:43:44,710 INFO  server.RaftServerConfigKeys (ConfUtils.java:logGet(43)) - raft.server.rpc.sleep.time = 25ms (default)
2019-07-03 07:43:44,711 INFO  server.RaftServerConfigKeys (ConfUtils.java:logGet(43)) - raft.server.watch.timeout = 10s (default)
2019-07-03 07:43:44,711 INFO  server.RaftServerConfigKeys (ConfUtils.java:logGet(43)) - raft.server.watch.timeout.denomination = 1s (default)
2019-07-03 07:43:44,711 INFO  impl.RoleInfo (RoleInfo.java:updateAndGet(143)) - 4f6491d0-8ade-4eaa-958d-9ace0d85d8f7: start LeaderState
2019-07-03 07:43:44,711 INFO  storage.RaftLogWorker (RaftLogWorker.java:startLogSegment(298)) - 4f6491d0-8ade-4eaa-958d-9ace0d85d8f7-RaftLogWorker: Starting segment from index:0
2019-07-03 07:43:44,712 INFO  impl.RaftServerImpl (ServerState.java:setRaftConf(361)) - 4f6491d0-8ade-4eaa-958d-9ace0d85d8f7:group-009BB28E96D7 set configuration 0: [4f6491d0-8ade-4eaa-958d-9ace0d85d8f7:192.168.69.117:45092], old=null at 0
2019-07-03 07:43:44,758 INFO  impl.FollowerState (FollowerState.java:run(101)) - aa88b76e-c077-49df-a4ca-9e1f49363801:group-C38C17DDFD22 changes to CANDIDATE, lastRpcTime:1000, electionTimeout:1000ms
2019-07-03 07:43:44,758 INFO  impl.RoleInfo (RoleInfo.java:shutdownFollowerState(121)) - aa88b76e-c077-49df-a4ca-9e1f49363801: shutdown FollowerState
2019-07-03 07:43:44,758 INFO  impl.RaftServerImpl (RaftServerImpl.java:setRole(164)) - aa88b76e-c077-49df-a4ca-9e1f49363801:group-C38C17DDFD22 changes role from FOLLOWER to CANDIDATE at term 0 for changeToCandidate
2019-07-03 07:43:44,759 INFO  impl.RoleInfo (RoleInfo.java:updateAndGet(143)) - aa88b76e-c077-49df-a4ca-9e1f49363801: start LeaderElection
2019-07-03 07:43:44,769 INFO  storage.RaftLogWorker (RaftLogWorker.java:execute(469)) - 4f6491d0-8ade-4eaa-958d-9ace0d85d8f7-RaftLogWorker: created new log segment /opt/src/hadoop-ozone/integration-test/target/test-dir/MiniOzoneClusterImpl-3310c94b-7cd9-4d33-b0ba-57a6b7268968/datanode-1/data/ratis/5960a857-cdcd-435b-91bd-009bb28e96d7/current/log_inprogress_0
2019-07-03 07:43:44,771 INFO  impl.LeaderElection (LeaderElection.java:askForVotes(181)) - aa88b76e-c077-49df-a4ca-9e1f49363801:group-C38C17DDFD22:LeaderElection32: begin an election at term 1 for -1: [51706fce-045d-4f19-aae2-188725fe96d6:192.168.69.117:43724, aa88b76e-c077-49df-a4ca-9e1f49363801:192.168.69.117:36837, 4f6491d0-8ade-4eaa-958d-9ace0d85d8f7:192.168.69.117:45092], old=null
2019-07-03 07:43:44,779 INFO  impl.RaftServerImpl (RaftServerImpl.java:setRole(164)) - 4f6491d0-8ade-4eaa-958d-9ace0d85d8f7:group-C38C17DDFD22 changes role from FOLLOWER to FOLLOWER at term 1 for recognizeCandidate:aa88b76e-c077-49df-a4ca-9e1f49363801
2019-07-03 07:43:44,782 INFO  impl.RaftServerImpl (RaftServerImpl.java:setRole(164)) - 51706fce-045d-4f19-aae2-188725fe96d6:group-C38C17DDFD22 changes role from FOLLOWER to FOLLOWER at term 1 for recognizeCandidate:aa88b76e-c077-49df-a4ca-9e1f49363801
2019-07-03 07:43:44,782 INFO  impl.RoleInfo (RoleInfo.java:shutdownFollowerState(121)) - 4f6491d0-8ade-4eaa-958d-9ace0d85d8f7: shutdown FollowerState
2019-07-03 07:43:44,782 INFO  impl.RoleInfo (RoleInfo.java:shutdownFollowerState(121)) - 51706fce-045d-4f19-aae2-188725fe96d6: shutdown FollowerState
2019-07-03 07:43:44,782 INFO  impl.RoleInfo (RoleInfo.java:updateAndGet(143)) - 4f6491d0-8ade-4eaa-958d-9ace0d85d8f7: start FollowerState
2019-07-03 07:43:44,782 INFO  impl.FollowerState (FollowerState.java:run(109)) - 4f6491d0-8ade-4eaa-958d-9ace0d85d8f7: FollowerState was interrupted: java.lang.InterruptedException: sleep interrupted
2019-07-03 07:43:44,783 INFO  impl.FollowerState (FollowerState.java:run(109)) - 51706fce-045d-4f19-aae2-188725fe96d6: FollowerState was interrupted: java.lang.InterruptedException: sleep interrupted
2019-07-03 07:43:44,782 INFO  impl.RoleInfo (RoleInfo.java:updateAndGet(143)) - 51706fce-045d-4f19-aae2-188725fe96d6: start FollowerState
2019-07-03 07:43:44,798 INFO  impl.LeaderElection (LeaderElection.java:logAndReturn(56)) - aa88b76e-c077-49df-a4ca-9e1f49363801:group-C38C17DDFD22:LeaderElection32: Election PASSED; received 1 response(s) [aa88b76e-c077-49df-a4ca-9e1f49363801->4f6491d0-8ade-4eaa-958d-9ace0d85d8f7,true-t1] and 0 exception(s); aa88b76e-c077-49df-a4ca-9e1f49363801:t1, leader=null, voted=aa88b76e-c077-49df-a4ca-9e1f49363801, raftlog=aa88b76e-c077-49df-a4ca-9e1f49363801-SegmentedRaftLog:OPENED:c-1,f-1,i0, conf=-1: [51706fce-045d-4f19-aae2-188725fe96d6:192.168.69.117:43724, aa88b76e-c077-49df-a4ca-9e1f49363801:192.168.69.117:36837, 4f6491d0-8ade-4eaa-958d-9ace0d85d8f7:192.168.69.117:45092], old=null
2019-07-03 07:43:44,798 INFO  impl.RoleInfo (RoleInfo.java:shutdownLeaderElection(134)) - aa88b76e-c077-49df-a4ca-9e1f49363801: shutdown LeaderElection
2019-07-03 07:43:44,799 INFO  impl.RaftServerImpl (RaftServerImpl.java:setRole(164)) - aa88b76e-c077-49df-a4ca-9e1f49363801:group-C38C17DDFD22 changes role from CANDIDATE to LEADER at term 1 for changeToLeader
2019-07-03 07:43:44,799 INFO  impl.RaftServerImpl (ServerState.java:setLeader(263)) - aa88b76e-c077-49df-a4ca-9e1f49363801:group-C38C17DDFD22 change Leader from null to aa88b76e-c077-49df-a4ca-9e1f49363801 at term 1 for becomeLeader, leader elected after 1047ms
2019-07-03 07:43:44,799 INFO  server.RaftServerConfigKeys (ConfUtils.java:logGet(43)) - raft.server.staging.catchup.gap = 1000 (default)
2019-07-03 07:43:44,799 INFO  server.RaftServerConfigKeys (ConfUtils.java:logGet(43)) - raft.server.rpc.sleep.time = 25ms (default)
2019-07-03 07:43:44,799 INFO  server.RaftServerConfigKeys (ConfUtils.java:logGet(43)) - raft.server.watch.timeout = 10s (default)
2019-07-03 07:43:44,799 INFO  server.RaftServerConfigKeys (ConfUtils.java:logGet(43)) - raft.server.watch.timeout.denomination = 1s (default)
2019-07-03 07:43:44,800 INFO  server.RaftServerConfigKeys (ConfUtils.java:logGet(43)) - raft.server.log.appender.snapshot.chunk.size.max = 16MB (=16777216) (default)
2019-07-03 07:43:44,800 INFO  server.RaftServerConfigKeys (ConfUtils.java:logGet(43)) - raft.server.log.appender.buffer.byte-limit = 33554432 (custom)
2019-07-03 07:43:44,800 INFO  server.RaftServerConfigKeys (ConfUtils.java:logGet(43)) - raft.server.log.appender.buffer.element-limit = 1 (custom)
2019-07-03 07:43:44,801 INFO  grpc.GrpcConfigKeys$Server (ConfUtils.java:logGet(43)) - raft.grpc.server.leader.outstanding.appends.max = 128 (default)
2019-07-03 07:43:44,801 INFO  server.RaftServerConfigKeys (ConfUtils.java:logGet(43)) - raft.server.rpc.request.timeout = 3000ms (default)
2019-07-03 07:43:44,801 INFO  server.RaftServerConfigKeys (ConfUtils.java:logGet(43)) - raft.server.log.appender.install.snapshot.enabled = true (default)
2019-07-03 07:43:44,801 INFO  server.RaftServerConfigKeys (ConfUtils.java:logGet(43)) - raft.server.log.appender.snapshot.chunk.size.max = 16MB (=16777216) (default)
2019-07-03 07:43:44,801 INFO  server.RaftServerConfigKeys (ConfUtils.java:logGet(43)) - raft.server.log.appender.buffer.byte-limit = 33554432 (custom)
2019-07-03 07:43:44,802 INFO  server.RaftServerConfigKeys (ConfUtils.java:logGet(43)) - raft.server.log.appender.buffer.element-limit = 1 (custom)
2019-07-03 07:43:44,802 INFO  grpc.GrpcConfigKeys$Server (ConfUtils.java:logGet(43)) - raft.grpc.server.leader.outstanding.appends.max = 128 (default)
2019-07-03 07:43:44,802 INFO  server.RaftServerConfigKeys (ConfUtils.java:logGet(43)) - raft.server.rpc.request.timeout = 3000ms (default)
2019-07-03 07:43:44,802 INFO  server.RaftServerConfigKeys (ConfUtils.java:logGet(43)) - raft.server.log.appender.install.snapshot.enabled = true (default)
2019-07-03 07:43:44,803 INFO  impl.RoleInfo (RoleInfo.java:updateAndGet(143)) - aa88b76e-c077-49df-a4ca-9e1f49363801: start LeaderState
2019-07-03 07:43:44,803 INFO  storage.RaftLogWorker (RaftLogWorker.java:startLogSegment(298)) - aa88b76e-c077-49df-a4ca-9e1f49363801-RaftLogWorker: Starting segment from index:0
2019-07-03 07:43:44,804 INFO  impl.RaftServerImpl (ServerState.java:setRaftConf(361)) - aa88b76e-c077-49df-a4ca-9e1f49363801:group-C38C17DDFD22 set configuration 0: [51706fce-045d-4f19-aae2-188725fe96d6:192.168.69.117:43724, aa88b76e-c077-49df-a4ca-9e1f49363801:192.168.69.117:36837, 4f6491d0-8ade-4eaa-958d-9ace0d85d8f7:192.168.69.117:45092], old=null at 0
2019-07-03 07:43:44,806 INFO  impl.RaftServerImpl (ServerState.java:setLeader(263)) - 4f6491d0-8ade-4eaa-958d-9ace0d85d8f7:group-C38C17DDFD22 change Leader from null to aa88b76e-c077-49df-a4ca-9e1f49363801 at term 1 for appendEntries, leader elected after 1055ms
2019-07-03 07:43:44,806 INFO  impl.RaftServerImpl (ServerState.java:setLeader(263)) - 51706fce-045d-4f19-aae2-188725fe96d6:group-C38C17DDFD22 change Leader from null to aa88b76e-c077-49df-a4ca-9e1f49363801 at term 1 for appendEntries, leader elected after 1055ms
2019-07-03 07:43:44,856 INFO  impl.RaftServerImpl (ServerState.java:setRaftConf(361)) - 51706fce-045d-4f19-aae2-188725fe96d6:group-C38C17DDFD22 set configuration 0: [51706fce-045d-4f19-aae2-188725fe96d6:192.168.69.117:43724, aa88b76e-c077-49df-a4ca-9e1f49363801:192.168.69.117:36837, 4f6491d0-8ade-4eaa-958d-9ace0d85d8f7:192.168.69.117:45092], old=null at 0
2019-07-03 07:43:44,856 INFO  impl.RaftServerImpl (ServerState.java:setRaftConf(361)) - 4f6491d0-8ade-4eaa-958d-9ace0d85d8f7:group-C38C17DDFD22 set configuration 0: [51706fce-045d-4f19-aae2-188725fe96d6:192.168.69.117:43724, aa88b76e-c077-49df-a4ca-9e1f49363801:192.168.69.117:36837, 4f6491d0-8ade-4eaa-958d-9ace0d85d8f7:192.168.69.117:45092], old=null at 0
2019-07-03 07:43:44,856 INFO  storage.RaftLogWorker (RaftLogWorker.java:startLogSegment(298)) - 51706fce-045d-4f19-aae2-188725fe96d6-RaftLogWorker: Starting segment from index:0
2019-07-03 07:43:44,857 INFO  storage.RaftLogWorker (RaftLogWorker.java:startLogSegment(298)) - 4f6491d0-8ade-4eaa-958d-9ace0d85d8f7-RaftLogWorker: Starting segment from index:0
2019-07-03 07:43:44,860 INFO  storage.RaftLogWorker (RaftLogWorker.java:execute(469)) - aa88b76e-c077-49df-a4ca-9e1f49363801-RaftLogWorker: created new log segment /opt/src/hadoop-ozone/integration-test/target/test-dir/MiniOzoneClusterImpl-3310c94b-7cd9-4d33-b0ba-57a6b7268968/datanode-0/data/ratis/f17dc306-f7ee-4fb9-8dac-c38c17ddfd22/current/log_inprogress_0
2019-07-03 07:43:44,901 INFO  impl.FollowerState (FollowerState.java:run(101)) - 51706fce-045d-4f19-aae2-188725fe96d6:group-729E46A547BF changes to CANDIDATE, lastRpcTime:1198, electionTimeout:1198ms
2019-07-03 07:43:44,901 INFO  impl.RoleInfo (RoleInfo.java:shutdownFollowerState(121)) - 51706fce-045d-4f19-aae2-188725fe96d6: shutdown FollowerState
2019-07-03 07:43:44,902 INFO  impl.RaftServerImpl (RaftServerImpl.java:setRole(164)) - 51706fce-045d-4f19-aae2-188725fe96d6:group-729E46A547BF changes role from FOLLOWER to CANDIDATE at term 0 for changeToCandidate
2019-07-03 07:43:44,902 INFO  impl.RoleInfo (RoleInfo.java:updateAndGet(143)) - 51706fce-045d-4f19-aae2-188725fe96d6: start LeaderElection
2019-07-03 07:43:44,909 INFO  storage.RaftLogWorker (RaftLogWorker.java:execute(469)) - 51706fce-045d-4f19-aae2-188725fe96d6-RaftLogWorker: created new log segment /opt/src/hadoop-ozone/integration-test/target/test-dir/MiniOzoneClusterImpl-3310c94b-7cd9-4d33-b0ba-57a6b7268968/datanode-2/data/ratis/f17dc306-f7ee-4fb9-8dac-c38c17ddfd22/current/log_inprogress_0
2019-07-03 07:43:44,910 INFO  storage.RaftLogWorker (RaftLogWorker.java:execute(469)) - 4f6491d0-8ade-4eaa-958d-9ace0d85d8f7-RaftLogWorker: created new log segment /opt/src/hadoop-ozone/integration-test/target/test-dir/MiniOzoneClusterImpl-3310c94b-7cd9-4d33-b0ba-57a6b7268968/datanode-1/data/ratis/f17dc306-f7ee-4fb9-8dac-c38c17ddfd22/current/log_inprogress_0
2019-07-03 07:43:44,922 INFO  impl.LeaderElection (LeaderElection.java:askForVotes(181)) - 51706fce-045d-4f19-aae2-188725fe96d6:group-729E46A547BF:LeaderElection33: begin an election at term 1 for -1: [51706fce-045d-4f19-aae2-188725fe96d6:192.168.69.117:43724], old=null
2019-07-03 07:43:44,922 INFO  impl.RoleInfo (RoleInfo.java:shutdownLeaderElection(134)) - 51706fce-045d-4f19-aae2-188725fe96d6: shutdown LeaderElection
2019-07-03 07:43:44,922 INFO  impl.RaftServerImpl (RaftServerImpl.java:setRole(164)) - 51706fce-045d-4f19-aae2-188725fe96d6:group-729E46A547BF changes role from CANDIDATE to LEADER at term 1 for changeToLeader
2019-07-03 07:43:44,922 INFO  impl.RaftServerImpl (ServerState.java:setLeader(263)) - 51706fce-045d-4f19-aae2-188725fe96d6:group-729E46A547BF change Leader from null to 51706fce-045d-4f19-aae2-188725fe96d6 at term 1 for becomeLeader, leader elected after 1223ms
2019-07-03 07:43:44,923 INFO  server.RaftServerConfigKeys (ConfUtils.java:logGet(43)) - raft.server.staging.catchup.gap = 1000 (default)
2019-07-03 07:43:44,923 INFO  server.RaftServerConfigKeys (ConfUtils.java:logGet(43)) - raft.server.rpc.sleep.time = 25ms (default)
2019-07-03 07:43:44,923 INFO  server.RaftServerConfigKeys (ConfUtils.java:logGet(43)) - raft.server.watch.timeout = 10s (default)
2019-07-03 07:43:44,923 INFO  server.RaftServerConfigKeys (ConfUtils.java:logGet(43)) - raft.server.watch.timeout.denomination = 1s (default)
2019-07-03 07:43:44,923 INFO  impl.RoleInfo (RoleInfo.java:updateAndGet(143)) - 51706fce-045d-4f19-aae2-188725fe96d6: start LeaderState
2019-07-03 07:43:44,924 INFO  storage.RaftLogWorker (RaftLogWorker.java:startLogSegment(298)) - 51706fce-045d-4f19-aae2-188725fe96d6-RaftLogWorker: Starting segment from index:0
2019-07-03 07:43:44,924 INFO  impl.RaftServerImpl (ServerState.java:setRaftConf(361)) - 51706fce-045d-4f19-aae2-188725fe96d6:group-729E46A547BF set configuration 0: [51706fce-045d-4f19-aae2-188725fe96d6:192.168.69.117:43724], old=null at 0
2019-07-03 07:43:44,971 INFO  storage.RaftLogWorker (RaftLogWorker.java:execute(469)) - 51706fce-045d-4f19-aae2-188725fe96d6-RaftLogWorker: created new log segment /opt/src/hadoop-ozone/integration-test/target/test-dir/MiniOzoneClusterImpl-3310c94b-7cd9-4d33-b0ba-57a6b7268968/datanode-2/data/ratis/ed4fca4c-6696-47f4-b5ed-729e46a547bf/current/log_inprogress_0
2019-07-03 07:43:45,067 INFO  impl.FollowerState (FollowerState.java:run(101)) - 6db197cb-5bd4-44eb-a4e1-f70bee29aa63:group-67587568726A changes to CANDIDATE, lastRpcTime:1145, electionTimeout:1145ms
2019-07-03 07:43:45,068 INFO  impl.RoleInfo (RoleInfo.java:shutdownFollowerState(121)) - 6db197cb-5bd4-44eb-a4e1-f70bee29aa63: shutdown FollowerState
2019-07-03 07:43:45,068 INFO  impl.RaftServerImpl (RaftServerImpl.java:setRole(164)) - 6db197cb-5bd4-44eb-a4e1-f70bee29aa63:group-67587568726A changes role from FOLLOWER to CANDIDATE at term 0 for changeToCandidate
2019-07-03 07:43:45,068 INFO  impl.RoleInfo (RoleInfo.java:updateAndGet(143)) - 6db197cb-5bd4-44eb-a4e1-f70bee29aa63: start LeaderElection
2019-07-03 07:43:45,090 INFO  impl.LeaderElection (LeaderElection.java:askForVotes(181)) - 6db197cb-5bd4-44eb-a4e1-f70bee29aa63:group-67587568726A:LeaderElection34: begin an election at term 1 for -1: [6db197cb-5bd4-44eb-a4e1-f70bee29aa63:192.168.69.117:35552], old=null
2019-07-03 07:43:45,091 INFO  impl.RoleInfo (RoleInfo.java:shutdownLeaderElection(134)) - 6db197cb-5bd4-44eb-a4e1-f70bee29aa63: shutdown LeaderElection
2019-07-03 07:43:45,091 INFO  impl.RaftServerImpl (RaftServerImpl.java:setRole(164)) - 6db197cb-5bd4-44eb-a4e1-f70bee29aa63:group-67587568726A changes role from CANDIDATE to LEADER at term 1 for changeToLeader
2019-07-03 07:43:45,091 INFO  impl.RaftServerImpl (ServerState.java:setLeader(263)) - 6db197cb-5bd4-44eb-a4e1-f70bee29aa63:group-67587568726A change Leader from null to 6db197cb-5bd4-44eb-a4e1-f70bee29aa63 at term 1 for becomeLeader, leader elected after 1173ms
2019-07-03 07:43:45,091 INFO  server.RaftServerConfigKeys (ConfUtils.java:logGet(43)) - raft.server.staging.catchup.gap = 1000 (default)
2019-07-03 07:43:45,091 INFO  server.RaftServerConfigKeys (ConfUtils.java:logGet(43)) - raft.server.rpc.sleep.time = 25ms (default)
2019-07-03 07:43:45,092 INFO  server.RaftServerConfigKeys (ConfUtils.java:logGet(43)) - raft.server.watch.timeout = 10s (default)
2019-07-03 07:43:45,092 INFO  server.RaftServerConfigKeys (ConfUtils.java:logGet(43)) - raft.server.watch.timeout.denomination = 1s (default)
2019-07-03 07:43:45,092 INFO  impl.RoleInfo (RoleInfo.java:updateAndGet(143)) - 6db197cb-5bd4-44eb-a4e1-f70bee29aa63: start LeaderState
2019-07-03 07:43:45,092 INFO  storage.RaftLogWorker (RaftLogWorker.java:startLogSegment(298)) - 6db197cb-5bd4-44eb-a4e1-f70bee29aa63-RaftLogWorker: Starting segment from index:0
2019-07-03 07:43:45,093 INFO  impl.RaftServerImpl (ServerState.java:setRaftConf(361)) - 6db197cb-5bd4-44eb-a4e1-f70bee29aa63:group-67587568726A set configuration 0: [6db197cb-5bd4-44eb-a4e1-f70bee29aa63:192.168.69.117:35552], old=null at 0
2019-07-03 07:43:45,149 INFO  storage.RaftLogWorker (RaftLogWorker.java:execute(469)) - 6db197cb-5bd4-44eb-a4e1-f70bee29aa63-RaftLogWorker: created new log segment /opt/src/hadoop-ozone/integration-test/target/test-dir/MiniOzoneClusterImpl-3310c94b-7cd9-4d33-b0ba-57a6b7268968/datanode-3/data/ratis/082b3da1-b918-4dab-b5de-67587568726a/current/log_inprogress_0
2019-07-03 07:43:45,153 INFO  impl.FollowerState (FollowerState.java:run(101)) - 55c19b6c-9632-46a1-b790-5459636fd52d:group-8FF147024D7E changes to CANDIDATE, lastRpcTime:1002, electionTimeout:1002ms
2019-07-03 07:43:45,153 INFO  impl.RoleInfo (RoleInfo.java:shutdownFollowerState(121)) - 55c19b6c-9632-46a1-b790-5459636fd52d: shutdown FollowerState
2019-07-03 07:43:45,153 INFO  impl.RaftServerImpl (RaftServerImpl.java:setRole(164)) - 55c19b6c-9632-46a1-b790-5459636fd52d:group-8FF147024D7E changes role from FOLLOWER to CANDIDATE at term 0 for changeToCandidate
2019-07-03 07:43:45,154 INFO  impl.RoleInfo (RoleInfo.java:updateAndGet(143)) - 55c19b6c-9632-46a1-b790-5459636fd52d: start LeaderElection
2019-07-03 07:43:45,171 INFO  impl.LeaderElection (LeaderElection.java:askForVotes(181)) - 55c19b6c-9632-46a1-b790-5459636fd52d:group-8FF147024D7E:LeaderElection35: begin an election at term 1 for -1: [55c19b6c-9632-46a1-b790-5459636fd52d:192.168.69.117:45556], old=null
2019-07-03 07:43:45,172 INFO  impl.RoleInfo (RoleInfo.java:shutdownLeaderElection(134)) - 55c19b6c-9632-46a1-b790-5459636fd52d: shutdown LeaderElection
2019-07-03 07:43:45,172 INFO  impl.RaftServerImpl (RaftServerImpl.java:setRole(164)) - 55c19b6c-9632-46a1-b790-5459636fd52d:group-8FF147024D7E changes role from CANDIDATE to LEADER at term 1 for changeToLeader
2019-07-03 07:43:45,172 INFO  impl.RaftServerImpl (ServerState.java:setLeader(263)) - 55c19b6c-9632-46a1-b790-5459636fd52d:group-8FF147024D7E change Leader from null to 55c19b6c-9632-46a1-b790-5459636fd52d at term 1 for becomeLeader, leader elected after 1025ms
2019-07-03 07:43:45,172 INFO  server.RaftServerConfigKeys (ConfUtils.java:logGet(43)) - raft.server.staging.catchup.gap = 1000 (default)
2019-07-03 07:43:45,172 INFO  server.RaftServerConfigKeys (ConfUtils.java:logGet(43)) - raft.server.rpc.sleep.time = 25ms (default)
2019-07-03 07:43:45,172 INFO  server.RaftServerConfigKeys (ConfUtils.java:logGet(43)) - raft.server.watch.timeout = 10s (default)
2019-07-03 07:43:45,173 INFO  server.RaftServerConfigKeys (ConfUtils.java:logGet(43)) - raft.server.watch.timeout.denomination = 1s (default)
2019-07-03 07:43:45,173 INFO  impl.RoleInfo (RoleInfo.java:updateAndGet(143)) - 55c19b6c-9632-46a1-b790-5459636fd52d: start LeaderState
2019-07-03 07:43:45,173 INFO  storage.RaftLogWorker (RaftLogWorker.java:startLogSegment(298)) - 55c19b6c-9632-46a1-b790-5459636fd52d-RaftLogWorker: Starting segment from index:0
2019-07-03 07:43:45,174 INFO  impl.RaftServerImpl (ServerState.java:setRaftConf(361)) - 55c19b6c-9632-46a1-b790-5459636fd52d:group-8FF147024D7E set configuration 0: [55c19b6c-9632-46a1-b790-5459636fd52d:192.168.69.117:45556], old=null at 0
2019-07-03 07:43:45,223 INFO  storage.RaftLogWorker (RaftLogWorker.java:execute(469)) - 55c19b6c-9632-46a1-b790-5459636fd52d-RaftLogWorker: created new log segment /opt/src/hadoop-ozone/integration-test/target/test-dir/MiniOzoneClusterImpl-3310c94b-7cd9-4d33-b0ba-57a6b7268968/datanode-4/data/ratis/89396b62-a5f1-4af0-881a-8ff147024d7e/current/log_inprogress_0
2019-07-03 07:43:45,430 INFO  impl.FollowerState (FollowerState.java:run(101)) - 6db197cb-5bd4-44eb-a4e1-f70bee29aa63:group-031F4D22641E changes to CANDIDATE, lastRpcTime:1024, electionTimeout:1024ms
2019-07-03 07:43:45,430 INFO  impl.RoleInfo (RoleInfo.java:shutdownFollowerState(121)) - 6db197cb-5bd4-44eb-a4e1-f70bee29aa63: shutdown FollowerState
2019-07-03 07:43:45,430 INFO  impl.RaftServerImpl (RaftServerImpl.java:setRole(164)) - 6db197cb-5bd4-44eb-a4e1-f70bee29aa63:group-031F4D22641E changes role from FOLLOWER to CANDIDATE at term 0 for changeToCandidate
2019-07-03 07:43:45,430 INFO  impl.RoleInfo (RoleInfo.java:updateAndGet(143)) - 6db197cb-5bd4-44eb-a4e1-f70bee29aa63: start LeaderElection
2019-07-03 07:43:45,457 INFO  ozone.MiniOzoneClusterImpl (MiniOzoneClusterImpl.java:lambda$waitForClusterToBeReady$0(142)) - Cluster is ready. Got 7 of 7 DN Heartbeats.
2019-07-03 07:43:45,468 INFO  impl.FollowerState (FollowerState.java:run(101)) - 7b082376-2856-4b31-ba4d-19dd8f86c721:group-93D74528D59F changes to CANDIDATE, lastRpcTime:1120, electionTimeout:1120ms
2019-07-03 07:43:45,469 INFO  impl.RoleInfo (RoleInfo.java:shutdownFollowerState(121)) - 7b082376-2856-4b31-ba4d-19dd8f86c721: shutdown FollowerState
2019-07-03 07:43:45,469 INFO  impl.RaftServerImpl (RaftServerImpl.java:setRole(164)) - 7b082376-2856-4b31-ba4d-19dd8f86c721:group-93D74528D59F changes role from FOLLOWER to CANDIDATE at term 0 for changeToCandidate
2019-07-03 07:43:45,469 INFO  impl.RoleInfo (RoleInfo.java:updateAndGet(143)) - 7b082376-2856-4b31-ba4d-19dd8f86c721: start LeaderElection
2019-07-03 07:43:45,472 INFO  impl.LeaderElection (LeaderElection.java:askForVotes(181)) - 6db197cb-5bd4-44eb-a4e1-f70bee29aa63:group-031F4D22641E:LeaderElection36: begin an election at term 1 for -1: [55c19b6c-9632-46a1-b790-5459636fd52d:192.168.69.117:45556, 6db197cb-5bd4-44eb-a4e1-f70bee29aa63:192.168.69.117:35552, 7b082376-2856-4b31-ba4d-19dd8f86c721:192.168.69.117:36208], old=null
2019-07-03 07:43:45,510 INFO  impl.FollowerState (FollowerState.java:run(101)) - 7b082376-2856-4b31-ba4d-19dd8f86c721:group-031F4D22641E changes to CANDIDATE, lastRpcTime:1082, electionTimeout:1079ms
2019-07-03 07:43:45,510 INFO  impl.RoleInfo (RoleInfo.java:shutdownFollowerState(121)) - 7b082376-2856-4b31-ba4d-19dd8f86c721: shutdown FollowerState
2019-07-03 07:43:45,510 INFO  impl.LeaderElection (LeaderElection.java:askForVotes(181)) - 7b082376-2856-4b31-ba4d-19dd8f86c721:group-93D74528D59F:LeaderElection37: begin an election at term 1 for -1: [7b082376-2856-4b31-ba4d-19dd8f86c721:192.168.69.117:36208], old=null
2019-07-03 07:43:45,510 INFO  impl.RaftServerImpl (RaftServerImpl.java:setRole(164)) - 7b082376-2856-4b31-ba4d-19dd8f86c721:group-031F4D22641E changes role from FOLLOWER to CANDIDATE at term 0 for changeToCandidate
2019-07-03 07:43:45,515 INFO  impl.RoleInfo (RoleInfo.java:shutdownLeaderElection(134)) - 7b082376-2856-4b31-ba4d-19dd8f86c721: shutdown LeaderElection
2019-07-03 07:43:45,516 INFO  impl.RoleInfo (RoleInfo.java:updateAndGet(143)) - 7b082376-2856-4b31-ba4d-19dd8f86c721: start LeaderElection
2019-07-03 07:43:45,516 INFO  impl.RaftServerImpl (RaftServerImpl.java:setRole(164)) - 7b082376-2856-4b31-ba4d-19dd8f86c721:group-93D74528D59F changes role from CANDIDATE to LEADER at term 1 for changeToLeader
2019-07-03 07:43:45,516 INFO  impl.RaftServerImpl (ServerState.java:setLeader(263)) - 7b082376-2856-4b31-ba4d-19dd8f86c721:group-93D74528D59F change Leader from null to 7b082376-2856-4b31-ba4d-19dd8f86c721 at term 1 for becomeLeader, leader elected after 1172ms
2019-07-03 07:43:45,516 INFO  server.RaftServerConfigKeys (ConfUtils.java:logGet(43)) - raft.server.staging.catchup.gap = 1000 (default)
2019-07-03 07:43:45,517 INFO  server.RaftServerConfigKeys (ConfUtils.java:logGet(43)) - raft.server.rpc.sleep.time = 25ms (default)
2019-07-03 07:43:45,523 INFO  server.RaftServerConfigKeys (ConfUtils.java:logGet(43)) - raft.server.watch.timeout = 10s (default)
2019-07-03 07:43:45,523 INFO  server.RaftServerConfigKeys (ConfUtils.java:logGet(43)) - raft.server.watch.timeout.denomination = 1s (default)
2019-07-03 07:43:45,523 INFO  rpc.RpcClient (RpcClient.java:createVolume(289)) - Creating Volume: watchforcommithandlingtest, with jenkins1000 as owner.
2019-07-03 07:43:45,523 INFO  impl.RoleInfo (RoleInfo.java:updateAndGet(143)) - 7b082376-2856-4b31-ba4d-19dd8f86c721: start LeaderState
2019-07-03 07:43:45,524 INFO  storage.RaftLogWorker (RaftLogWorker.java:startLogSegment(298)) - 7b082376-2856-4b31-ba4d-19dd8f86c721-RaftLogWorker: Starting segment from index:0
2019-07-03 07:43:45,526 INFO  impl.RaftServerImpl (RaftServerImpl.java:setRole(164)) - 55c19b6c-9632-46a1-b790-5459636fd52d:group-031F4D22641E changes role from FOLLOWER to FOLLOWER at term 1 for recognizeCandidate:6db197cb-5bd4-44eb-a4e1-f70bee29aa63
2019-07-03 07:43:45,527 INFO  impl.RoleInfo (RoleInfo.java:shutdownFollowerState(121)) - 55c19b6c-9632-46a1-b790-5459636fd52d: shutdown FollowerState
2019-07-03 07:43:45,527 INFO  impl.RoleInfo (RoleInfo.java:updateAndGet(143)) - 55c19b6c-9632-46a1-b790-5459636fd52d: start FollowerState
2019-07-03 07:43:45,527 INFO  impl.FollowerState (FollowerState.java:run(109)) - 55c19b6c-9632-46a1-b790-5459636fd52d: FollowerState was interrupted: java.lang.InterruptedException: sleep interrupted
2019-07-03 07:43:45,527 INFO  impl.RaftServerImpl (ServerState.java:setRaftConf(361)) - 7b082376-2856-4b31-ba4d-19dd8f86c721:group-93D74528D59F set configuration 0: [7b082376-2856-4b31-ba4d-19dd8f86c721:192.168.69.117:36208], old=null at 0
2019-07-03 07:43:45,548 INFO  impl.LeaderElection (LeaderElection.java:askForVotes(181)) - 7b082376-2856-4b31-ba4d-19dd8f86c721:group-031F4D22641E:LeaderElection38: begin an election at term 1 for -1: [55c19b6c-9632-46a1-b790-5459636fd52d:192.168.69.117:45556, 6db197cb-5bd4-44eb-a4e1-f70bee29aa63:192.168.69.117:35552, 7b082376-2856-4b31-ba4d-19dd8f86c721:192.168.69.117:36208], old=null
2019-07-03 07:43:45,576 INFO  impl.LeaderElection (LeaderElection.java:logAndReturn(56)) - 6db197cb-5bd4-44eb-a4e1-f70bee29aa63:group-031F4D22641E:LeaderElection36: Election PASSED; received 1 response(s) [6db197cb-5bd4-44eb-a4e1-f70bee29aa63->55c19b6c-9632-46a1-b790-5459636fd52d,true-t1] and 0 exception(s); 6db197cb-5bd4-44eb-a4e1-f70bee29aa63:t1, leader=null, voted=6db197cb-5bd4-44eb-a4e1-f70bee29aa63, raftlog=6db197cb-5bd4-44eb-a4e1-f70bee29aa63-SegmentedRaftLog:OPENED:c-1,f-1,i0, conf=-1: [55c19b6c-9632-46a1-b790-5459636fd52d:192.168.69.117:45556, 6db197cb-5bd4-44eb-a4e1-f70bee29aa63:192.168.69.117:35552, 7b082376-2856-4b31-ba4d-19dd8f86c721:192.168.69.117:36208], old=null
2019-07-03 07:43:45,577 INFO  impl.RoleInfo (RoleInfo.java:shutdownLeaderElection(134)) - 6db197cb-5bd4-44eb-a4e1-f70bee29aa63: shutdown LeaderElection
2019-07-03 07:43:45,577 INFO  impl.RaftServerImpl (RaftServerImpl.java:setRole(164)) - 6db197cb-5bd4-44eb-a4e1-f70bee29aa63:group-031F4D22641E changes role from CANDIDATE to LEADER at term 1 for changeToLeader
2019-07-03 07:43:45,577 INFO  impl.RaftServerImpl (ServerState.java:setLeader(263)) - 6db197cb-5bd4-44eb-a4e1-f70bee29aa63:group-031F4D22641E change Leader from null to 6db197cb-5bd4-44eb-a4e1-f70bee29aa63 at term 1 for becomeLeader, leader elected after 1175ms
2019-07-03 07:43:45,577 INFO  rpc.RpcClient (RpcClient.java:createBucket(426)) - Creating Bucket: watchforcommithandlingtest/watchforcommithandlingtest, with Versioning false and Storage Type set to DISK and Encryption set to false 
2019-07-03 07:43:45,577 INFO  server.RaftServerConfigKeys (ConfUtils.java:logGet(43)) - raft.server.staging.catchup.gap = 1000 (default)
2019-07-03 07:43:45,581 INFO  server.RaftServerConfigKeys (ConfUtils.java:logGet(43)) - raft.server.rpc.sleep.time = 25ms (default)
2019-07-03 07:43:45,581 INFO  server.RaftServerConfigKeys (ConfUtils.java:logGet(43)) - raft.server.watch.timeout = 10s (default)
2019-07-03 07:43:45,581 INFO  server.RaftServerConfigKeys (ConfUtils.java:logGet(43)) - raft.server.watch.timeout.denomination = 1s (default)
2019-07-03 07:43:45,582 INFO  server.RaftServerConfigKeys (ConfUtils.java:logGet(43)) - raft.server.log.appender.snapshot.chunk.size.max = 16MB (=16777216) (default)
2019-07-03 07:43:45,582 INFO  server.RaftServerConfigKeys (ConfUtils.java:logGet(43)) - raft.server.log.appender.buffer.byte-limit = 33554432 (custom)
2019-07-03 07:43:45,585 INFO  server.RaftServerConfigKeys (ConfUtils.java:logGet(43)) - raft.server.log.appender.buffer.element-limit = 1 (custom)
2019-07-03 07:43:45,586 INFO  grpc.GrpcConfigKeys$Server (ConfUtils.java:logGet(43)) - raft.grpc.server.leader.outstanding.appends.max = 128 (default)
2019-07-03 07:43:45,586 INFO  server.RaftServerConfigKeys (ConfUtils.java:logGet(43)) - raft.server.rpc.request.timeout = 3000ms (default)
2019-07-03 07:43:45,586 INFO  server.RaftServerConfigKeys (ConfUtils.java:logGet(43)) - raft.server.log.appender.install.snapshot.enabled = true (default)
2019-07-03 07:43:45,586 INFO  server.RaftServerConfigKeys (ConfUtils.java:logGet(43)) - raft.server.log.appender.snapshot.chunk.size.max = 16MB (=16777216) (default)
2019-07-03 07:43:45,586 INFO  ozone.MiniOzoneClusterImpl (MiniOzoneClusterImpl.java:getStorageContainerLocationClient(241)) - Creating StorageContainerLocationProtocol RPC client with address /0.0.0.0:38032
2019-07-03 07:43:45,587 INFO  server.RaftServerConfigKeys (ConfUtils.java:logGet(43)) - raft.server.log.appender.buffer.byte-limit = 33554432 (custom)
2019-07-03 07:43:45,587 INFO  server.RaftServerConfigKeys (ConfUtils.java:logGet(43)) - raft.server.log.appender.buffer.element-limit = 1 (custom)
2019-07-03 07:43:45,590 INFO  storage.RaftLogWorker (RaftLogWorker.java:execute(469)) - 7b082376-2856-4b31-ba4d-19dd8f86c721-RaftLogWorker: created new log segment /opt/src/hadoop-ozone/integration-test/target/test-dir/MiniOzoneClusterImpl-3310c94b-7cd9-4d33-b0ba-57a6b7268968/datanode-5/data/ratis/cd3f1918-5de5-418d-96ac-93d74528d59f/current/log_inprogress_0
2019-07-03 07:43:45,590 INFO  grpc.GrpcConfigKeys$Server (ConfUtils.java:logGet(43)) - raft.grpc.server.leader.outstanding.appends.max = 128 (default)
2019-07-03 07:43:45,591 INFO  server.RaftServerConfigKeys (ConfUtils.java:logGet(43)) - raft.server.rpc.request.timeout = 3000ms (default)
2019-07-03 07:43:45,591 INFO  server.RaftServerConfigKeys (ConfUtils.java:logGet(43)) - raft.server.log.appender.install.snapshot.enabled = true (default)
2019-07-03 07:43:45,591 INFO  impl.RoleInfo (RoleInfo.java:updateAndGet(143)) - 6db197cb-5bd4-44eb-a4e1-f70bee29aa63: start LeaderState
2019-07-03 07:43:45,591 INFO  storage.RaftLogWorker (RaftLogWorker.java:startLogSegment(298)) - 6db197cb-5bd4-44eb-a4e1-f70bee29aa63-RaftLogWorker: Starting segment from index:0
2019-07-03 07:43:45,625 INFO  impl.FollowerState (FollowerState.java:run(101)) - 40992cdb-d98c-49d0-a788-87b8a2116e5a:group-01A0A5098083 changes to CANDIDATE, lastRpcTime:1121, electionTimeout:1113ms
2019-07-03 07:43:45,625 INFO  impl.RoleInfo (RoleInfo.java:shutdownFollowerState(121)) - 40992cdb-d98c-49d0-a788-87b8a2116e5a: shutdown FollowerState
2019-07-03 07:43:45,625 INFO  impl.RaftServerImpl (ServerState.java:setRaftConf(361)) - 6db197cb-5bd4-44eb-a4e1-f70bee29aa63:group-031F4D22641E set configuration 0: [55c19b6c-9632-46a1-b790-5459636fd52d:192.168.69.117:45556, 6db197cb-5bd4-44eb-a4e1-f70bee29aa63:192.168.69.117:35552, 7b082376-2856-4b31-ba4d-19dd8f86c721:192.168.69.117:36208], old=null at 0
2019-07-03 07:43:45,625 INFO  impl.RaftServerImpl (RaftServerImpl.java:setRole(164)) - 40992cdb-d98c-49d0-a788-87b8a2116e5a:group-01A0A5098083 changes role from FOLLOWER to CANDIDATE at term 0 for changeToCandidate
2019-07-03 07:43:45,625 INFO  impl.RoleInfo (RoleInfo.java:updateAndGet(143)) - 40992cdb-d98c-49d0-a788-87b8a2116e5a: start LeaderElection
2019-07-03 07:43:45,625 INFO  impl.RaftServerImpl (RaftServerImpl.java:requestVote(738)) - 6db197cb-5bd4-44eb-a4e1-f70bee29aa63-LEADER: Withhold vote from candidate 7b082376-2856-4b31-ba4d-19dd8f86c721 with term 1. State: leader=6db197cb-5bd4-44eb-a4e1-f70bee29aa63, term=1, lastRpcElapsed=null
2019-07-03 07:43:45,671 INFO  impl.RaftServerImpl (ServerState.java:setLeader(263)) - 55c19b6c-9632-46a1-b790-5459636fd52d:group-031F4D22641E change Leader from null to 6db197cb-5bd4-44eb-a4e1-f70bee29aa63 at term 1 for appendEntries, leader elected after 1250ms
2019-07-03 07:43:45,672 INFO  impl.RaftServerImpl (RaftServerImpl.java:setRole(164)) - 7b082376-2856-4b31-ba4d-19dd8f86c721:group-031F4D22641E changes role from CANDIDATE to FOLLOWER at term 1 for appendEntries
2019-07-03 07:43:45,672 INFO  impl.LeaderElection (LeaderElection.java:logAndReturn(56)) - 7b082376-2856-4b31-ba4d-19dd8f86c721:group-031F4D22641E:LeaderElection38: Election REJECTED; received 2 response(s) [7b082376-2856-4b31-ba4d-19dd8f86c721->55c19b6c-9632-46a1-b790-5459636fd52d,false-t1, 7b082376-2856-4b31-ba4d-19dd8f86c721->6db197cb-5bd4-44eb-a4e1-f70bee29aa63,false-t1] and 0 exception(s); 7b082376-2856-4b31-ba4d-19dd8f86c721:t1, leader=null, voted=7b082376-2856-4b31-ba4d-19dd8f86c721, raftlog=7b082376-2856-4b31-ba4d-19dd8f86c721-SegmentedRaftLog:OPENED:c-1,f-1,i0, conf=-1: [55c19b6c-9632-46a1-b790-5459636fd52d:192.168.69.117:45556, 6db197cb-5bd4-44eb-a4e1-f70bee29aa63:192.168.69.117:35552, 7b082376-2856-4b31-ba4d-19dd8f86c721:192.168.69.117:36208], old=null
2019-07-03 07:43:45,672 INFO  impl.RoleInfo (RoleInfo.java:shutdownLeaderElection(134)) - 7b082376-2856-4b31-ba4d-19dd8f86c721: shutdown LeaderElection
2019-07-03 07:43:45,673 INFO  impl.RoleInfo (RoleInfo.java:updateAndGet(143)) - 7b082376-2856-4b31-ba4d-19dd8f86c721: start FollowerState
2019-07-03 07:43:45,673 INFO  impl.RaftServerImpl (ServerState.java:setLeader(263)) - 7b082376-2856-4b31-ba4d-19dd8f86c721:group-031F4D22641E change Leader from null to 6db197cb-5bd4-44eb-a4e1-f70bee29aa63 at term 1 for appendEntries, leader elected after 1252ms
2019-07-03 07:43:45,674 INFO  impl.RaftServerImpl (ServerState.java:setRaftConf(361)) - 55c19b6c-9632-46a1-b790-5459636fd52d:group-031F4D22641E set configuration 0: [55c19b6c-9632-46a1-b790-5459636fd52d:192.168.69.117:45556, 6db197cb-5bd4-44eb-a4e1-f70bee29aa63:192.168.69.117:35552, 7b082376-2856-4b31-ba4d-19dd8f86c721:192.168.69.117:36208], old=null at 0
2019-07-03 07:43:45,675 INFO  storage.RaftLogWorker (RaftLogWorker.java:startLogSegment(298)) - 55c19b6c-9632-46a1-b790-5459636fd52d-RaftLogWorker: Starting segment from index:0
2019-07-03 07:43:45,677 INFO  impl.RaftServerImpl (ServerState.java:setRaftConf(361)) - 7b082376-2856-4b31-ba4d-19dd8f86c721:group-031F4D22641E set configuration 0: [55c19b6c-9632-46a1-b790-5459636fd52d:192.168.69.117:45556, 6db197cb-5bd4-44eb-a4e1-f70bee29aa63:192.168.69.117:35552, 7b082376-2856-4b31-ba4d-19dd8f86c721:192.168.69.117:36208], old=null at 0
2019-07-03 07:43:45,677 INFO  storage.RaftLogWorker (RaftLogWorker.java:startLogSegment(298)) - 7b082376-2856-4b31-ba4d-19dd8f86c721-RaftLogWorker: Starting segment from index:0
2019-07-03 07:43:45,701 INFO  storage.RaftLogWorker (RaftLogWorker.java:execute(469)) - 6db197cb-5bd4-44eb-a4e1-f70bee29aa63-RaftLogWorker: created new log segment /opt/src/hadoop-ozone/integration-test/target/test-dir/MiniOzoneClusterImpl-3310c94b-7cd9-4d33-b0ba-57a6b7268968/datanode-3/data/ratis/ffe493f8-6e51-4f3f-b7a5-031f4d22641e/current/log_inprogress_0
2019-07-03 07:43:45,721 INFO  impl.LeaderElection (LeaderElection.java:askForVotes(181)) - 40992cdb-d98c-49d0-a788-87b8a2116e5a:group-01A0A5098083:LeaderElection39: begin an election at term 1 for -1: [40992cdb-d98c-49d0-a788-87b8a2116e5a:192.168.69.117:43079], old=null
2019-07-03 07:43:45,722 INFO  impl.RoleInfo (RoleInfo.java:shutdownLeaderElection(134)) - 40992cdb-d98c-49d0-a788-87b8a2116e5a: shutdown LeaderElection
2019-07-03 07:43:45,722 INFO  impl.RaftServerImpl (RaftServerImpl.java:setRole(164)) - 40992cdb-d98c-49d0-a788-87b8a2116e5a:group-01A0A5098083 changes role from CANDIDATE to LEADER at term 1 for changeToLeader
2019-07-03 07:43:45,722 INFO  impl.RaftServerImpl (ServerState.java:setLeader(263)) - 40992cdb-d98c-49d0-a788-87b8a2116e5a:group-01A0A5098083 change Leader from null to 40992cdb-d98c-49d0-a788-87b8a2116e5a at term 1 for becomeLeader, leader elected after 1222ms
2019-07-03 07:43:45,722 INFO  server.RaftServerConfigKeys (ConfUtils.java:logGet(43)) - raft.server.staging.catchup.gap = 1000 (default)
2019-07-03 07:43:45,722 INFO  server.RaftServerConfigKeys (ConfUtils.java:logGet(43)) - raft.server.rpc.sleep.time = 25ms (default)
2019-07-03 07:43:45,723 INFO  server.RaftServerConfigKeys (ConfUtils.java:logGet(43)) - raft.server.watch.timeout = 10s (default)
2019-07-03 07:43:45,723 INFO  server.RaftServerConfigKeys (ConfUtils.java:logGet(43)) - raft.server.watch.timeout.denomination = 1s (default)
2019-07-03 07:43:45,723 INFO  impl.RoleInfo (RoleInfo.java:updateAndGet(143)) - 40992cdb-d98c-49d0-a788-87b8a2116e5a: start LeaderState
2019-07-03 07:43:45,723 INFO  client.GrpcClientProtocolClient (GrpcClientProtocolClient.java:onNext(254)) - client-430D7DE82419->4f6491d0-8ade-4eaa-958d-9ace0d85d8f7: receive RaftClientReply:client-430D7DE82419->4f6491d0-8ade-4eaa-958d-9ace0d85d8f7@group-C38C17DDFD22, cid=66, FAILED org.apache.ratis.protocol.NotLeaderException: Server 4f6491d0-8ade-4eaa-958d-9ace0d85d8f7 is not the leader (aa88b76e-c077-49df-a4ca-9e1f49363801:192.168.69.117:36837). Request must be sent to leader., logIndex=0, commits[4f6491d0-8ade-4eaa-958d-9ace0d85d8f7:c0, 51706fce-045d-4f19-aae2-188725fe96d6:c-1, aa88b76e-c077-49df-a4ca-9e1f49363801:c0]
2019-07-03 07:43:45,723 INFO  storage.RaftLogWorker (RaftLogWorker.java:startLogSegment(298)) - 40992cdb-d98c-49d0-a788-87b8a2116e5a-RaftLogWorker: Starting segment from index:0
2019-07-03 07:43:45,742 INFO  storage.RaftLogWorker (RaftLogWorker.java:execute(469)) - 7b082376-2856-4b31-ba4d-19dd8f86c721-RaftLogWorker: created new log segment /opt/src/hadoop-ozone/integration-test/target/test-dir/MiniOzoneClusterImpl-3310c94b-7cd9-4d33-b0ba-57a6b7268968/datanode-5/data/ratis/ffe493f8-6e51-4f3f-b7a5-031f4d22641e/current/log_inprogress_0
2019-07-03 07:43:45,750 INFO  impl.RaftServerImpl (ServerState.java:setRaftConf(361)) - 40992cdb-d98c-49d0-a788-87b8a2116e5a:group-01A0A5098083 set configuration 0: [40992cdb-d98c-49d0-a788-87b8a2116e5a:192.168.69.117:43079], old=null at 0
2019-07-03 07:43:45,752 WARN  client.GrpcClientProtocolService (LogUtils.java:warn(134)) - 0-OrderedRequestStreamObserver0: onError: org.apache.ratis.thirdparty.io.grpc.StatusRuntimeException: CANCELLED: cancelled before receiving half close
2019-07-03 07:43:45,762 INFO  storage.RaftLogWorker (RaftLogWorker.java:execute(469)) - 55c19b6c-9632-46a1-b790-5459636fd52d-RaftLogWorker: created new log segment /opt/src/hadoop-ozone/integration-test/target/test-dir/MiniOzoneClusterImpl-3310c94b-7cd9-4d33-b0ba-57a6b7268968/datanode-4/data/ratis/ffe493f8-6e51-4f3f-b7a5-031f4d22641e/current/log_inprogress_0
2019-07-03 07:43:45,809 INFO  storage.RaftLogWorker (RaftLogWorker.java:execute(469)) - 40992cdb-d98c-49d0-a788-87b8a2116e5a-RaftLogWorker: created new log segment /opt/src/hadoop-ozone/integration-test/target/test-dir/MiniOzoneClusterImpl-3310c94b-7cd9-4d33-b0ba-57a6b7268968/datanode-6/data/ratis/ab5210b9-3ed1-4581-ab9b-01a0a5098083/current/log_inprogress_0
2019-07-03 07:43:46,898 INFO  client.GrpcClientProtocolClient (GrpcClientProtocolClient.java:onNext(254)) - client-430D7DE82419->aa88b76e-c077-49df-a4ca-9e1f49363801: receive RaftClientReply:client-430D7DE82419->aa88b76e-c077-49df-a4ca-9e1f49363801@group-C38C17DDFD22, cid=66, SUCCESS, logIndex=1, commits[aa88b76e-c077-49df-a4ca-9e1f49363801:c2, 51706fce-045d-4f19-aae2-188725fe96d6:c1, 4f6491d0-8ade-4eaa-958d-9ace0d85d8f7:c1]
2019-07-03 07:43:46,898 INFO  datanode.ObjectStoreHandler (ObjectStoreHandler.java:close(155)) - Closing ObjectStoreHandler.
2019-07-03 07:43:46,899 INFO  ozone.HddsDatanodeService (HddsDatanodeService.java:stop(452)) - Stopped plug-in org.apache.hadoop.ozone.web.OzoneHddsDatanodeService@667dd150
2019-07-03 07:43:46,900 INFO  statemachine.DatanodeStateMachine (DatanodeStateMachine.java:lambda$startDaemon$0(350)) - Ozone container server started.
2019-07-03 07:43:46,900 INFO  ozoneimpl.OzoneContainer (OzoneContainer.java:stop(199)) - Attempting to stop container services.
2019-07-03 07:43:46,901 INFO  impl.RaftServerProxy (RaftServerProxy.java:lambda$close$4(314)) - 4f6491d0-8ade-4eaa-958d-9ace0d85d8f7: close
2019-07-03 07:43:46,901 INFO  impl.RaftServerImpl (RaftServerImpl.java:lambda$shutdown$3(238)) - 4f6491d0-8ade-4eaa-958d-9ace0d85d8f7: shutdown group-C38C17DDFD22
2019-07-03 07:43:46,901 INFO  impl.RaftServerImpl (RaftServerImpl.java:lambda$shutdown$3(238)) - 4f6491d0-8ade-4eaa-958d-9ace0d85d8f7: shutdown group-009BB28E96D7
2019-07-03 07:43:46,901 INFO  util.JmxRegister (JmxRegister.java:unregister(73)) - Successfully un-registered JMX Bean with object name Ratis:service=RaftServer,group=group-C38C17DDFD22,id=4f6491d0-8ade-4eaa-958d-9ace0d85d8f7
2019-07-03 07:43:46,902 INFO  util.JmxRegister (JmxRegister.java:unregister(73)) - Successfully un-registered JMX Bean with object name Ratis:service=RaftServer,group=group-009BB28E96D7,id=4f6491d0-8ade-4eaa-958d-9ace0d85d8f7
2019-07-03 07:43:46,902 INFO  impl.RoleInfo (RoleInfo.java:shutdownFollowerState(121)) - 4f6491d0-8ade-4eaa-958d-9ace0d85d8f7: shutdown FollowerState
2019-07-03 07:43:46,902 INFO  impl.RoleInfo (RoleInfo.java:shutdownLeaderState(104)) - 4f6491d0-8ade-4eaa-958d-9ace0d85d8f7: shutdown LeaderState
2019-07-03 07:43:46,903 INFO  ratis.ContainerStateMachine (ContainerStateMachine.java:takeSnapshot(245)) - Taking snapshot at termIndex:(t:0, i:~)
2019-07-03 07:43:46,902 INFO  impl.StateMachineUpdater (StateMachineUpdater.java:stopAndJoin(109)) - StateMachineUpdater-4f6491d0-8ade-4eaa-958d-9ace0d85d8f7-group-C38C17DDFD22: set stopIndex = 1
2019-07-03 07:43:46,903 INFO  impl.RaftServerImpl (ServerState.java:close(394)) - 4f6491d0-8ade-4eaa-958d-9ace0d85d8f7:group-C38C17DDFD22 closes. The last applied log index is 1
2019-07-03 07:43:46,903 INFO  impl.PendingRequests (PendingRequests.java:sendNotLeaderResponses(140)) - 4f6491d0-8ade-4eaa-958d-9ace0d85d8f7-PendingRequests: sendNotLeaderResponses
2019-07-03 07:43:46,903 INFO  impl.FollowerState (FollowerState.java:run(109)) - 4f6491d0-8ade-4eaa-958d-9ace0d85d8f7: FollowerState was interrupted: java.lang.InterruptedException: sleep interrupted
2019-07-03 07:43:46,904 INFO  storage.RaftLogWorker (RaftLogWorker.java:run(236)) - 4f6491d0-8ade-4eaa-958d-9ace0d85d8f7-RaftLogWorker was interrupted, exiting. There are 0 tasks remaining in the queue.
2019-07-03 07:43:46,909 INFO  impl.StateMachineUpdater (StateMachineUpdater.java:stopAndJoin(109)) - StateMachineUpdater-4f6491d0-8ade-4eaa-958d-9ace0d85d8f7-group-009BB28E96D7: set stopIndex = 0
2019-07-03 07:43:46,912 INFO  storage.RaftLogWorker (RaftLogWorker.java:close(168)) - 4f6491d0-8ade-4eaa-958d-9ace0d85d8f7-RaftLogWorker close()
2019-07-03 07:43:46,909 INFO  ratis.ContainerStateMachine (ContainerStateMachine.java:takeSnapshot(245)) - Taking snapshot at termIndex:(t:0, i:~)
2019-07-03 07:43:46,915 INFO  impl.RaftServerImpl (ServerState.java:close(394)) - 4f6491d0-8ade-4eaa-958d-9ace0d85d8f7:group-009BB28E96D7 closes. The last applied log index is 0
2019-07-03 07:43:46,916 INFO  storage.RaftLogWorker (RaftLogWorker.java:run(236)) - 4f6491d0-8ade-4eaa-958d-9ace0d85d8f7-RaftLogWorker was interrupted, exiting. There are 0 tasks remaining in the queue.
2019-07-03 07:43:46,918 INFO  storage.RaftLogWorker (RaftLogWorker.java:close(168)) - 4f6491d0-8ade-4eaa-958d-9ace0d85d8f7-RaftLogWorker close()
2019-07-03 07:43:46,921 INFO  server.GrpcService (GrpcService.java:closeImpl(154)) - 4f6491d0-8ade-4eaa-958d-9ace0d85d8f7: shutdown server with port 45092 now
2019-07-03 07:43:46,923 WARN  server.GrpcServerProtocolService (LogUtils.java:warn(134)) - 4f6491d0-8ade-4eaa-958d-9ace0d85d8f7: appendEntries onError: org.apache.ratis.thirdparty.io.grpc.StatusRuntimeException: CANCELLED: cancelled before receiving half close
2019-07-03 07:43:46,923 INFO  server.GrpcService (GrpcService.java:closeImpl(162)) - 4f6491d0-8ade-4eaa-958d-9ace0d85d8f7: shutdown server with port 45092 successfully
2019-07-03 07:43:46,923 WARN  server.GrpcLogAppender (LogUtils.java:warn(134)) - aa88b76e-c077-49df-a4ca-9e1f49363801: Failed appendEntries to 4f6491d0-8ade-4eaa-958d-9ace0d85d8f7:192.168.69.117:45092: org.apache.ratis.thirdparty.io.grpc.StatusRuntimeException: CANCELLED: HTTP/2 error code: CANCEL
Received Rst Stream
2019-07-03 07:43:46,927 INFO  impl.FollowerInfo (FollowerInfo.java:lambda$new$0(50)) - aa88b76e-c077-49df-a4ca-9e1f49363801->4f6491d0-8ade-4eaa-958d-9ace0d85d8f7: nextIndex: updateUnconditionally 3 -> 0
2019-07-03 07:43:46,945 WARN  fs.CachingGetSpaceUsed (CachingGetSpaceUsed.java:run(183)) - Thread Interrupted waiting to refresh disk information: sleep interrupted
2019-07-03 07:43:46,969 INFO  statemachine.DatanodeStateMachine (DatanodeStateMachine.java:stopDaemon(395)) - Ozone container server stopped.
2019-07-03 07:43:46,971 INFO  handler.ContextHandler (ContextHandler.java:doStop(910)) - Stopped o.e.j.w.WebAppContext@5909285b{/,null,UNAVAILABLE}{/hddsDatanode}
2019-07-03 07:43:46,974 INFO  server.AbstractConnector (AbstractConnector.java:doStop(318)) - Stopped ServerConnector@2059f785{HTTP/1.1,[http/1.1]}{0.0.0.0:0}
2019-07-03 07:43:46,974 INFO  handler.ContextHandler (ContextHandler.java:doStop(910)) - Stopped o.e.j.s.ServletContextHandler@120d13ae{/static,jar:file:/home/user/.m2/repository/org/apache/hadoop/hadoop-hdds-container-service/0.5.0-SNAPSHOT/hadoop-hdds-container-service-0.5.0-SNAPSHOT.jar!/webapps/static,UNAVAILABLE}
2019-07-03 07:43:46,975 INFO  handler.ContextHandler (ContextHandler.java:doStop(910)) - Stopped o.e.j.s.ServletContextHandler@4db568e1{/logs,file:///opt/src/hadoop-ozone/integration-test/target/log,UNAVAILABLE}
2019-07-03 07:43:46,976 INFO  datanode.ObjectStoreHandler (ObjectStoreHandler.java:close(155)) - Closing ObjectStoreHandler.
2019-07-03 07:43:46,977 INFO  ozone.HddsDatanodeService (HddsDatanodeService.java:stop(452)) - Stopped plug-in org.apache.hadoop.ozone.web.OzoneHddsDatanodeService@323c6f9c
2019-07-03 07:43:46,977 INFO  statemachine.DatanodeStateMachine (DatanodeStateMachine.java:lambda$startDaemon$0(350)) - Ozone container server started.
2019-07-03 07:43:46,977 INFO  ozoneimpl.OzoneContainer (OzoneContainer.java:stop(199)) - Attempting to stop container services.
2019-07-03 07:43:46,978 INFO  impl.RaftServerProxy (RaftServerProxy.java:lambda$close$4(314)) - 51706fce-045d-4f19-aae2-188725fe96d6: close
2019-07-03 07:43:46,978 INFO  impl.RaftServerImpl (RaftServerImpl.java:lambda$shutdown$3(238)) - 51706fce-045d-4f19-aae2-188725fe96d6: shutdown group-C38C17DDFD22
2019-07-03 07:43:46,978 INFO  impl.RaftServerImpl (RaftServerImpl.java:lambda$shutdown$3(238)) - 51706fce-045d-4f19-aae2-188725fe96d6: shutdown group-729E46A547BF
2019-07-03 07:43:46,979 INFO  util.JmxRegister (JmxRegister.java:unregister(73)) - Successfully un-registered JMX Bean with object name Ratis:service=RaftServer,group=group-C38C17DDFD22,id=51706fce-045d-4f19-aae2-188725fe96d6
2019-07-03 07:43:46,979 INFO  util.JmxRegister (JmxRegister.java:unregister(73)) - Successfully un-registered JMX Bean with object name Ratis:service=RaftServer,group=group-729E46A547BF,id=51706fce-045d-4f19-aae2-188725fe96d6
2019-07-03 07:43:46,979 INFO  impl.RoleInfo (RoleInfo.java:shutdownFollowerState(121)) - 51706fce-045d-4f19-aae2-188725fe96d6: shutdown FollowerState
2019-07-03 07:43:46,979 INFO  impl.RoleInfo (RoleInfo.java:shutdownLeaderState(104)) - 51706fce-045d-4f19-aae2-188725fe96d6: shutdown LeaderState
2019-07-03 07:43:46,980 INFO  impl.StateMachineUpdater (StateMachineUpdater.java:stopAndJoin(109)) - StateMachineUpdater-51706fce-045d-4f19-aae2-188725fe96d6-group-C38C17DDFD22: set stopIndex = 1
2019-07-03 07:43:46,980 INFO  ratis.ContainerStateMachine (ContainerStateMachine.java:takeSnapshot(245)) - Taking snapshot at termIndex:(t:1, i:1)
2019-07-03 07:43:46,980 INFO  impl.FollowerState (FollowerState.java:run(109)) - 51706fce-045d-4f19-aae2-188725fe96d6: FollowerState was interrupted: java.lang.InterruptedException: sleep interrupted
2019-07-03 07:43:46,980 INFO  impl.PendingRequests (PendingRequests.java:sendNotLeaderResponses(140)) - 51706fce-045d-4f19-aae2-188725fe96d6-PendingRequests: sendNotLeaderResponses
2019-07-03 07:43:46,980 INFO  ratis.ContainerStateMachine (ContainerStateMachine.java:takeSnapshot(249)) - Taking a snapshot to file /opt/src/hadoop-ozone/integration-test/target/test-dir/MiniOzoneClusterImpl-3310c94b-7cd9-4d33-b0ba-57a6b7268968/datanode-2/data/ratis/f17dc306-f7ee-4fb9-8dac-c38c17ddfd22/sm/snapshot.1_1
2019-07-03 07:43:46,981 INFO  ratis.ContainerStateMachine (ContainerStateMachine.java:takeSnapshot(245)) - Taking snapshot at termIndex:(t:0, i:~)
2019-07-03 07:43:46,981 INFO  impl.StateMachineUpdater (StateMachineUpdater.java:stopAndJoin(109)) - StateMachineUpdater-51706fce-045d-4f19-aae2-188725fe96d6-group-729E46A547BF: set stopIndex = 0
2019-07-03 07:43:46,981 INFO  impl.RaftServerImpl (ServerState.java:close(394)) - 51706fce-045d-4f19-aae2-188725fe96d6:group-729E46A547BF closes. The last applied log index is 0
2019-07-03 07:43:46,981 INFO  impl.RaftServerImpl (ServerState.java:close(394)) - 51706fce-045d-4f19-aae2-188725fe96d6:group-C38C17DDFD22 closes. The last applied log index is 1
2019-07-03 07:43:46,982 INFO  storage.RaftLogWorker (RaftLogWorker.java:run(236)) - 51706fce-045d-4f19-aae2-188725fe96d6-RaftLogWorker was interrupted, exiting. There are 0 tasks remaining in the queue.
2019-07-03 07:43:46,984 INFO  storage.RaftLogWorker (RaftLogWorker.java:run(236)) - 51706fce-045d-4f19-aae2-188725fe96d6-RaftLogWorker was interrupted, exiting. There are 0 tasks remaining in the queue.
2019-07-03 07:43:46,984 INFO  storage.RaftLogWorker (RaftLogWorker.java:close(168)) - 51706fce-045d-4f19-aae2-188725fe96d6-RaftLogWorker close()
2019-07-03 07:43:46,987 INFO  storage.RaftLogWorker (RaftLogWorker.java:close(168)) - 51706fce-045d-4f19-aae2-188725fe96d6-RaftLogWorker close()
2019-07-03 07:43:46,991 INFO  server.GrpcService (GrpcService.java:closeImpl(154)) - 51706fce-045d-4f19-aae2-188725fe96d6: shutdown server with port 43724 now
2019-07-03 07:43:46,992 WARN  server.GrpcServerProtocolService (LogUtils.java:warn(134)) - 51706fce-045d-4f19-aae2-188725fe96d6: appendEntries onError: org.apache.ratis.thirdparty.io.grpc.StatusRuntimeException: CANCELLED: cancelled before receiving half close
2019-07-03 07:43:46,992 INFO  server.GrpcService (GrpcService.java:closeImpl(162)) - 51706fce-045d-4f19-aae2-188725fe96d6: shutdown server with port 43724 successfully
2019-07-03 07:43:46,992 WARN  server.GrpcLogAppender (LogUtils.java:warn(134)) - aa88b76e-c077-49df-a4ca-9e1f49363801: Failed appendEntries to 51706fce-045d-4f19-aae2-188725fe96d6:192.168.69.117:43724: org.apache.ratis.thirdparty.io.grpc.StatusRuntimeException: CANCELLED: HTTP/2 error code: CANCEL
Received Rst Stream
2019-07-03 07:43:46,995 INFO  impl.FollowerInfo (FollowerInfo.java:lambda$new$0(50)) - aa88b76e-c077-49df-a4ca-9e1f49363801->51706fce-045d-4f19-aae2-188725fe96d6: nextIndex: updateUnconditionally 3 -> 0
2019-07-03 07:43:47,000 WARN  fs.CachingGetSpaceUsed (CachingGetSpaceUsed.java:run(183)) - Thread Interrupted waiting to refresh disk information: sleep interrupted
2019-07-03 07:43:47,016 INFO  statemachine.DatanodeStateMachine (DatanodeStateMachine.java:stopDaemon(395)) - Ozone container server stopped.
2019-07-03 07:43:47,017 INFO  handler.ContextHandler (ContextHandler.java:doStop(910)) - Stopped o.e.j.w.WebAppContext@d5a72cd{/,null,UNAVAILABLE}{/hddsDatanode}
2019-07-03 07:43:47,018 INFO  server.AbstractConnector (AbstractConnector.java:doStop(318)) - Stopped ServerConnector@45f95ac0{HTTP/1.1,[http/1.1]}{0.0.0.0:0}
2019-07-03 07:43:47,018 INFO  handler.ContextHandler (ContextHandler.java:doStop(910)) - Stopped o.e.j.s.ServletContextHandler@3c116f26{/static,jar:file:/home/user/.m2/repository/org/apache/hadoop/hadoop-hdds-container-service/0.5.0-SNAPSHOT/hadoop-hdds-container-service-0.5.0-SNAPSHOT.jar!/webapps/static,UNAVAILABLE}
2019-07-03 07:43:47,018 INFO  handler.ContextHandler (ContextHandler.java:doStop(910)) - Stopped o.e.j.s.ServletContextHandler@7de2bdc7{/logs,file:///opt/src/hadoop-ozone/integration-test/target/log,UNAVAILABLE}
2019-07-03 07:43:47,292 WARN  server.GrpcLogAppender (LogUtils.java:warn(134)) - aa88b76e-c077-49df-a4ca-9e1f49363801: Failed appendEntries to 51706fce-045d-4f19-aae2-188725fe96d6:192.168.69.117:43724: org.apache.ratis.thirdparty.io.grpc.StatusRuntimeException: UNAVAILABLE: io exception
2019-07-03 07:43:47,292 WARN  server.GrpcLogAppender (LogUtils.java:warn(134)) - aa88b76e-c077-49df-a4ca-9e1f49363801: Failed appendEntries to 4f6491d0-8ade-4eaa-958d-9ace0d85d8f7:192.168.69.117:45092: org.apache.ratis.thirdparty.io.grpc.StatusRuntimeException: UNAVAILABLE: io exception
2019-07-03 07:43:47,303 INFO  impl.FollowerInfo (FollowerInfo.java:lambda$new$0(50)) - aa88b76e-c077-49df-a4ca-9e1f49363801->51706fce-045d-4f19-aae2-188725fe96d6: nextIndex: updateUnconditionally 0 -> 0
2019-07-03 07:43:47,303 INFO  impl.FollowerInfo (FollowerInfo.java:lambda$new$0(50)) - aa88b76e-c077-49df-a4ca-9e1f49363801->4f6491d0-8ade-4eaa-958d-9ace0d85d8f7: nextIndex: updateUnconditionally 0 -> 0
2019-07-03 07:43:47,793 WARN  server.GrpcLogAppender (LogUtils.java:warn(134)) - aa88b76e-c077-49df-a4ca-9e1f49363801: Failed appendEntries to 4f6491d0-8ade-4eaa-958d-9ace0d85d8f7:192.168.69.117:45092: org.apache.ratis.thirdparty.io.grpc.StatusRuntimeException: UNAVAILABLE: io exception
2019-07-03 07:43:47,793 WARN  server.GrpcLogAppender (LogUtils.java:warn(134)) - aa88b76e-c077-49df-a4ca-9e1f49363801: Failed appendEntries to 51706fce-045d-4f19-aae2-188725fe96d6:192.168.69.117:43724: org.apache.ratis.thirdparty.io.grpc.StatusRuntimeException: UNAVAILABLE: io exception
2019-07-03 07:43:47,793 INFO  impl.FollowerInfo (FollowerInfo.java:lambda$new$0(50)) - aa88b76e-c077-49df-a4ca-9e1f49363801->4f6491d0-8ade-4eaa-958d-9ace0d85d8f7: nextIndex: updateUnconditionally 0 -> 0
2019-07-03 07:43:47,794 INFO  impl.FollowerInfo (FollowerInfo.java:lambda$new$0(50)) - aa88b76e-c077-49df-a4ca-9e1f49363801->51706fce-045d-4f19-aae2-188725fe96d6: nextIndex: updateUnconditionally 0 -> 0
2019-07-03 07:43:48,294 WARN  server.GrpcLogAppender (LogUtils.java:warn(134)) - aa88b76e-c077-49df-a4ca-9e1f49363801: Failed appendEntries to 51706fce-045d-4f19-aae2-188725fe96d6:192.168.69.117:43724: org.apache.ratis.thirdparty.io.grpc.StatusRuntimeException: UNAVAILABLE: io exception
2019-07-03 07:43:48,294 WARN  server.GrpcLogAppender (LogUtils.java:warn(134)) - aa88b76e-c077-49df-a4ca-9e1f49363801: Failed appendEntries to 4f6491d0-8ade-4eaa-958d-9ace0d85d8f7:192.168.69.117:45092: org.apache.ratis.thirdparty.io.grpc.StatusRuntimeException: UNAVAILABLE: io exception
2019-07-03 07:43:48,295 INFO  impl.FollowerInfo (FollowerInfo.java:lambda$new$0(50)) - aa88b76e-c077-49df-a4ca-9e1f49363801->51706fce-045d-4f19-aae2-188725fe96d6: nextIndex: updateUnconditionally 0 -> 0
2019-07-03 07:43:48,295 INFO  impl.FollowerInfo (FollowerInfo.java:lambda$new$0(50)) - aa88b76e-c077-49df-a4ca-9e1f49363801->4f6491d0-8ade-4eaa-958d-9ace0d85d8f7: nextIndex: updateUnconditionally 0 -> 0
2019-07-03 07:43:48,795 WARN  server.GrpcLogAppender (LogUtils.java:warn(134)) - aa88b76e-c077-49df-a4ca-9e1f49363801: Failed appendEntries to 4f6491d0-8ade-4eaa-958d-9ace0d85d8f7:192.168.69.117:45092: org.apache.ratis.thirdparty.io.grpc.StatusRuntimeException: UNAVAILABLE: io exception
2019-07-03 07:43:48,795 WARN  server.GrpcLogAppender (LogUtils.java:warn(134)) - aa88b76e-c077-49df-a4ca-9e1f49363801: Failed appendEntries to 51706fce-045d-4f19-aae2-188725fe96d6:192.168.69.117:43724: org.apache.ratis.thirdparty.io.grpc.StatusRuntimeException: UNAVAILABLE: io exception
2019-07-03 07:43:48,796 INFO  impl.FollowerInfo (FollowerInfo.java:lambda$new$0(50)) - aa88b76e-c077-49df-a4ca-9e1f49363801->4f6491d0-8ade-4eaa-958d-9ace0d85d8f7: nextIndex: updateUnconditionally 0 -> 0
2019-07-03 07:43:48,796 INFO  impl.FollowerInfo (FollowerInfo.java:lambda$new$0(50)) - aa88b76e-c077-49df-a4ca-9e1f49363801->51706fce-045d-4f19-aae2-188725fe96d6: nextIndex: updateUnconditionally 0 -> 0
2019-07-03 07:43:49,296 WARN  server.GrpcLogAppender (LogUtils.java:warn(134)) - aa88b76e-c077-49df-a4ca-9e1f49363801: Failed appendEntries to 51706fce-045d-4f19-aae2-188725fe96d6:192.168.69.117:43724: org.apache.ratis.thirdparty.io.grpc.StatusRuntimeException: UNAVAILABLE: io exception
2019-07-03 07:43:49,296 WARN  server.GrpcLogAppender (LogUtils.java:warn(134)) - aa88b76e-c077-49df-a4ca-9e1f49363801: Failed appendEntries to 4f6491d0-8ade-4eaa-958d-9ace0d85d8f7:192.168.69.117:45092: org.apache.ratis.thirdparty.io.grpc.StatusRuntimeException: UNAVAILABLE: io exception
2019-07-03 07:43:49,296 INFO  impl.FollowerInfo (FollowerInfo.java:lambda$new$0(50)) - aa88b76e-c077-49df-a4ca-9e1f49363801->51706fce-045d-4f19-aae2-188725fe96d6: nextIndex: updateUnconditionally 0 -> 0
2019-07-03 07:43:49,297 INFO  impl.FollowerInfo (FollowerInfo.java:lambda$new$0(50)) - aa88b76e-c077-49df-a4ca-9e1f49363801->4f6491d0-8ade-4eaa-958d-9ace0d85d8f7: nextIndex: updateUnconditionally 0 -> 0
2019-07-03 07:43:49,797 WARN  server.GrpcLogAppender (LogUtils.java:warn(134)) - aa88b76e-c077-49df-a4ca-9e1f49363801: Failed appendEntries to 51706fce-045d-4f19-aae2-188725fe96d6:192.168.69.117:43724: org.apache.ratis.thirdparty.io.grpc.StatusRuntimeException: UNAVAILABLE: io exception
2019-07-03 07:43:49,797 WARN  server.GrpcLogAppender (LogUtils.java:warn(134)) - aa88b76e-c077-49df-a4ca-9e1f49363801: Failed appendEntries to 4f6491d0-8ade-4eaa-958d-9ace0d85d8f7:192.168.69.117:45092: org.apache.ratis.thirdparty.io.grpc.StatusRuntimeException: UNAVAILABLE: io exception
2019-07-03 07:43:49,797 INFO  impl.FollowerInfo (FollowerInfo.java:lambda$new$0(50)) - aa88b76e-c077-49df-a4ca-9e1f49363801->51706fce-045d-4f19-aae2-188725fe96d6: nextIndex: updateUnconditionally 0 -> 0
2019-07-03 07:43:49,798 INFO  impl.FollowerInfo (FollowerInfo.java:lambda$new$0(50)) - aa88b76e-c077-49df-a4ca-9e1f49363801->4f6491d0-8ade-4eaa-958d-9ace0d85d8f7: nextIndex: updateUnconditionally 0 -> 0
2019-07-03 07:43:50,298 WARN  server.GrpcLogAppender (LogUtils.java:warn(134)) - aa88b76e-c077-49df-a4ca-9e1f49363801: Failed appendEntries to 4f6491d0-8ade-4eaa-958d-9ace0d85d8f7:192.168.69.117:45092: org.apache.ratis.thirdparty.io.grpc.StatusRuntimeException: UNAVAILABLE: io exception
2019-07-03 07:43:50,298 WARN  server.GrpcLogAppender (LogUtils.java:warn(134)) - aa88b76e-c077-49df-a4ca-9e1f49363801: Failed appendEntries to 51706fce-045d-4f19-aae2-188725fe96d6:192.168.69.117:43724: org.apache.ratis.thirdparty.io.grpc.StatusRuntimeException: UNAVAILABLE: io exception
2019-07-03 07:43:50,298 INFO  impl.FollowerInfo (FollowerInfo.java:lambda$new$0(50)) - aa88b76e-c077-49df-a4ca-9e1f49363801->4f6491d0-8ade-4eaa-958d-9ace0d85d8f7: nextIndex: updateUnconditionally 0 -> 0
2019-07-03 07:43:50,298 INFO  impl.FollowerInfo (FollowerInfo.java:lambda$new$0(50)) - aa88b76e-c077-49df-a4ca-9e1f49363801->51706fce-045d-4f19-aae2-188725fe96d6: nextIndex: updateUnconditionally 0 -> 0
2019-07-03 07:43:50,798 WARN  server.GrpcLogAppender (LogUtils.java:warn(134)) - aa88b76e-c077-49df-a4ca-9e1f49363801: Failed appendEntries to 51706fce-045d-4f19-aae2-188725fe96d6:192.168.69.117:43724: org.apache.ratis.thirdparty.io.grpc.StatusRuntimeException: UNAVAILABLE: io exception
2019-07-03 07:43:50,799 WARN  server.GrpcLogAppender (LogUtils.java:warn(134)) - aa88b76e-c077-49df-a4ca-9e1f49363801: Failed appendEntries to 4f6491d0-8ade-4eaa-958d-9ace0d85d8f7:192.168.69.117:45092: org.apache.ratis.thirdparty.io.grpc.StatusRuntimeException: UNAVAILABLE: io exception
2019-07-03 07:43:50,799 INFO  impl.FollowerInfo (FollowerInfo.java:lambda$new$0(50)) - aa88b76e-c077-49df-a4ca-9e1f49363801->51706fce-045d-4f19-aae2-188725fe96d6: nextIndex: updateUnconditionally 0 -> 0
2019-07-03 07:43:50,799 INFO  impl.FollowerInfo (FollowerInfo.java:lambda$new$0(50)) - aa88b76e-c077-49df-a4ca-9e1f49363801->4f6491d0-8ade-4eaa-958d-9ace0d85d8f7: nextIndex: updateUnconditionally 0 -> 0
2019-07-03 07:43:51,299 WARN  server.GrpcLogAppender (LogUtils.java:warn(134)) - aa88b76e-c077-49df-a4ca-9e1f49363801: Failed appendEntries to 51706fce-045d-4f19-aae2-188725fe96d6:192.168.69.117:43724: org.apache.ratis.thirdparty.io.grpc.StatusRuntimeException: UNAVAILABLE: io exception
2019-07-03 07:43:51,299 WARN  server.GrpcLogAppender (LogUtils.java:warn(134)) - aa88b76e-c077-49df-a4ca-9e1f49363801: Failed appendEntries to 4f6491d0-8ade-4eaa-958d-9ace0d85d8f7:192.168.69.117:45092: org.apache.ratis.thirdparty.io.grpc.StatusRuntimeException: UNAVAILABLE: io exception
2019-07-03 07:43:51,300 INFO  impl.FollowerInfo (FollowerInfo.java:lambda$new$0(50)) - aa88b76e-c077-49df-a4ca-9e1f49363801->51706fce-045d-4f19-aae2-188725fe96d6: nextIndex: updateUnconditionally 0 -> 0
2019-07-03 07:43:51,300 INFO  impl.FollowerInfo (FollowerInfo.java:lambda$new$0(50)) - aa88b76e-c077-49df-a4ca-9e1f49363801->4f6491d0-8ade-4eaa-958d-9ace0d85d8f7: nextIndex: updateUnconditionally 0 -> 0
2019-07-03 07:43:51,800 WARN  server.GrpcLogAppender (LogUtils.java:warn(134)) - aa88b76e-c077-49df-a4ca-9e1f49363801: Failed appendEntries to 4f6491d0-8ade-4eaa-958d-9ace0d85d8f7:192.168.69.117:45092: org.apache.ratis.thirdparty.io.grpc.StatusRuntimeException: UNAVAILABLE: io exception
2019-07-03 07:43:51,800 WARN  server.GrpcLogAppender (LogUtils.java:warn(134)) - aa88b76e-c077-49df-a4ca-9e1f49363801: Failed appendEntries to 51706fce-045d-4f19-aae2-188725fe96d6:192.168.69.117:43724: org.apache.ratis.thirdparty.io.grpc.StatusRuntimeException: UNAVAILABLE: io exception
2019-07-03 07:43:51,800 INFO  impl.FollowerInfo (FollowerInfo.java:lambda$new$0(50)) - aa88b76e-c077-49df-a4ca-9e1f49363801->4f6491d0-8ade-4eaa-958d-9ace0d85d8f7: nextIndex: updateUnconditionally 0 -> 0
2019-07-03 07:43:51,801 INFO  impl.FollowerInfo (FollowerInfo.java:lambda$new$0(50)) - aa88b76e-c077-49df-a4ca-9e1f49363801->51706fce-045d-4f19-aae2-188725fe96d6: nextIndex: updateUnconditionally 0 -> 0
2019-07-03 07:43:52,301 WARN  server.GrpcLogAppender (LogUtils.java:warn(134)) - aa88b76e-c077-49df-a4ca-9e1f49363801: Failed appendEntries to 4f6491d0-8ade-4eaa-958d-9ace0d85d8f7:192.168.69.117:45092: org.apache.ratis.thirdparty.io.grpc.StatusRuntimeException: UNAVAILABLE: io exception
2019-07-03 07:43:52,301 WARN  server.GrpcLogAppender (LogUtils.java:warn(134)) - aa88b76e-c077-49df-a4ca-9e1f49363801: Failed appendEntries to 51706fce-045d-4f19-aae2-188725fe96d6:192.168.69.117:43724: org.apache.ratis.thirdparty.io.grpc.StatusRuntimeException: UNAVAILABLE: io exception
2019-07-03 07:43:52,301 INFO  impl.FollowerInfo (FollowerInfo.java:lambda$new$0(50)) - aa88b76e-c077-49df-a4ca-9e1f49363801->4f6491d0-8ade-4eaa-958d-9ace0d85d8f7: nextIndex: updateUnconditionally 0 -> 0
2019-07-03 07:43:52,302 INFO  impl.FollowerInfo (FollowerInfo.java:lambda$new$0(50)) - aa88b76e-c077-49df-a4ca-9e1f49363801->51706fce-045d-4f19-aae2-188725fe96d6: nextIndex: updateUnconditionally 0 -> 0
2019-07-03 07:43:52,802 WARN  server.GrpcLogAppender (LogUtils.java:warn(134)) - aa88b76e-c077-49df-a4ca-9e1f49363801: Failed appendEntries to 4f6491d0-8ade-4eaa-958d-9ace0d85d8f7:192.168.69.117:45092: org.apache.ratis.thirdparty.io.grpc.StatusRuntimeException: UNAVAILABLE: io exception
2019-07-03 07:43:52,802 WARN  server.GrpcLogAppender (LogUtils.java:warn(134)) - aa88b76e-c077-49df-a4ca-9e1f49363801: Failed appendEntries to 51706fce-045d-4f19-aae2-188725fe96d6:192.168.69.117:43724: org.apache.ratis.thirdparty.io.grpc.StatusRuntimeException: UNAVAILABLE: io exception
2019-07-03 07:43:52,802 INFO  impl.FollowerInfo (FollowerInfo.java:lambda$new$0(50)) - aa88b76e-c077-49df-a4ca-9e1f49363801->4f6491d0-8ade-4eaa-958d-9ace0d85d8f7: nextIndex: updateUnconditionally 0 -> 0
2019-07-03 07:43:52,802 INFO  impl.FollowerInfo (FollowerInfo.java:lambda$new$0(50)) - aa88b76e-c077-49df-a4ca-9e1f49363801->51706fce-045d-4f19-aae2-188725fe96d6: nextIndex: updateUnconditionally 0 -> 0
2019-07-03 07:43:53,303 WARN  server.GrpcLogAppender (LogUtils.java:warn(134)) - aa88b76e-c077-49df-a4ca-9e1f49363801: Failed appendEntries to 51706fce-045d-4f19-aae2-188725fe96d6:192.168.69.117:43724: org.apache.ratis.thirdparty.io.grpc.StatusRuntimeException: UNAVAILABLE: io exception
2019-07-03 07:43:53,303 WARN  server.GrpcLogAppender (LogUtils.java:warn(134)) - aa88b76e-c077-49df-a4ca-9e1f49363801: Failed appendEntries to 4f6491d0-8ade-4eaa-958d-9ace0d85d8f7:192.168.69.117:45092: org.apache.ratis.thirdparty.io.grpc.StatusRuntimeException: UNAVAILABLE: io exception
2019-07-03 07:43:53,303 INFO  impl.FollowerInfo (FollowerInfo.java:lambda$new$0(50)) - aa88b76e-c077-49df-a4ca-9e1f49363801->51706fce-045d-4f19-aae2-188725fe96d6: nextIndex: updateUnconditionally 0 -> 0
2019-07-03 07:43:53,303 INFO  impl.FollowerInfo (FollowerInfo.java:lambda$new$0(50)) - aa88b76e-c077-49df-a4ca-9e1f49363801->4f6491d0-8ade-4eaa-958d-9ace0d85d8f7: nextIndex: updateUnconditionally 0 -> 0
2019-07-03 07:43:53,805 WARN  server.GrpcLogAppender (LogUtils.java:warn(134)) - aa88b76e-c077-49df-a4ca-9e1f49363801: Failed appendEntries to 51706fce-045d-4f19-aae2-188725fe96d6:192.168.69.117:43724: org.apache.ratis.thirdparty.io.grpc.StatusRuntimeException: UNAVAILABLE: io exception
2019-07-03 07:43:53,807 INFO  impl.FollowerInfo (FollowerInfo.java:lambda$new$0(50)) - aa88b76e-c077-49df-a4ca-9e1f49363801->51706fce-045d-4f19-aae2-188725fe96d6: nextIndex: updateUnconditionally 0 -> 0
2019-07-03 07:43:53,807 WARN  server.GrpcLogAppender (LogUtils.java:warn(134)) - aa88b76e-c077-49df-a4ca-9e1f49363801: Failed appendEntries to 4f6491d0-8ade-4eaa-958d-9ace0d85d8f7:192.168.69.117:45092: org.apache.ratis.thirdparty.io.grpc.StatusRuntimeException: UNAVAILABLE: io exception
2019-07-03 07:43:53,808 INFO  impl.FollowerInfo (FollowerInfo.java:lambda$new$0(50)) - aa88b76e-c077-49df-a4ca-9e1f49363801->4f6491d0-8ade-4eaa-958d-9ace0d85d8f7: nextIndex: updateUnconditionally 0 -> 0
2019-07-03 07:43:54,305 WARN  server.GrpcLogAppender (LogUtils.java:warn(134)) - aa88b76e-c077-49df-a4ca-9e1f49363801: Failed appendEntries to 4f6491d0-8ade-4eaa-958d-9ace0d85d8f7:192.168.69.117:45092: org.apache.ratis.thirdparty.io.grpc.StatusRuntimeException: UNAVAILABLE: io exception
2019-07-03 07:43:54,305 WARN  server.GrpcLogAppender (LogUtils.java:warn(134)) - aa88b76e-c077-49df-a4ca-9e1f49363801: Failed appendEntries to 51706fce-045d-4f19-aae2-188725fe96d6:192.168.69.117:43724: org.apache.ratis.thirdparty.io.grpc.StatusRuntimeException: UNAVAILABLE: io exception
2019-07-03 07:43:54,306 INFO  impl.FollowerInfo (FollowerInfo.java:lambda$new$0(50)) - aa88b76e-c077-49df-a4ca-9e1f49363801->4f6491d0-8ade-4eaa-958d-9ace0d85d8f7: nextIndex: updateUnconditionally 0 -> 0
2019-07-03 07:43:54,306 INFO  impl.FollowerInfo (FollowerInfo.java:lambda$new$0(50)) - aa88b76e-c077-49df-a4ca-9e1f49363801->51706fce-045d-4f19-aae2-188725fe96d6: nextIndex: updateUnconditionally 0 -> 0
2019-07-03 07:43:54,807 WARN  server.GrpcLogAppender (LogUtils.java:warn(134)) - aa88b76e-c077-49df-a4ca-9e1f49363801: Failed appendEntries to 4f6491d0-8ade-4eaa-958d-9ace0d85d8f7:192.168.69.117:45092: org.apache.ratis.thirdparty.io.grpc.StatusRuntimeException: UNAVAILABLE: io exception
2019-07-03 07:43:54,807 WARN  server.GrpcLogAppender (LogUtils.java:warn(134)) - aa88b76e-c077-49df-a4ca-9e1f49363801: Failed appendEntries to 51706fce-045d-4f19-aae2-188725fe96d6:192.168.69.117:43724: org.apache.ratis.thirdparty.io.grpc.StatusRuntimeException: UNAVAILABLE: io exception
2019-07-03 07:43:54,807 INFO  impl.FollowerInfo (FollowerInfo.java:lambda$new$0(50)) - aa88b76e-c077-49df-a4ca-9e1f49363801->4f6491d0-8ade-4eaa-958d-9ace0d85d8f7: nextIndex: updateUnconditionally 0 -> 0
2019-07-03 07:43:54,808 INFO  impl.FollowerInfo (FollowerInfo.java:lambda$new$0(50)) - aa88b76e-c077-49df-a4ca-9e1f49363801->51706fce-045d-4f19-aae2-188725fe96d6: nextIndex: updateUnconditionally 0 -> 0
2019-07-03 07:43:55,307 WARN  server.GrpcLogAppender (LogUtils.java:warn(134)) - aa88b76e-c077-49df-a4ca-9e1f49363801: Failed appendEntries to 4f6491d0-8ade-4eaa-958d-9ace0d85d8f7:192.168.69.117:45092: org.apache.ratis.thirdparty.io.grpc.StatusRuntimeException: UNAVAILABLE: io exception
2019-07-03 07:43:55,307 WARN  server.GrpcLogAppender (LogUtils.java:warn(134)) - aa88b76e-c077-49df-a4ca-9e1f49363801: Failed appendEntries to 51706fce-045d-4f19-aae2-188725fe96d6:192.168.69.117:43724: org.apache.ratis.thirdparty.io.grpc.StatusRuntimeException: UNAVAILABLE: io exception
2019-07-03 07:43:55,308 INFO  impl.FollowerInfo (FollowerInfo.java:lambda$new$0(50)) - aa88b76e-c077-49df-a4ca-9e1f49363801->4f6491d0-8ade-4eaa-958d-9ace0d85d8f7: nextIndex: updateUnconditionally 0 -> 0
2019-07-03 07:43:55,308 INFO  impl.FollowerInfo (FollowerInfo.java:lambda$new$0(50)) - aa88b76e-c077-49df-a4ca-9e1f49363801->51706fce-045d-4f19-aae2-188725fe96d6: nextIndex: updateUnconditionally 0 -> 0
2019-07-03 07:43:55,808 WARN  server.GrpcLogAppender (LogUtils.java:warn(134)) - aa88b76e-c077-49df-a4ca-9e1f49363801: Failed appendEntries to 4f6491d0-8ade-4eaa-958d-9ace0d85d8f7:192.168.69.117:45092: org.apache.ratis.thirdparty.io.grpc.StatusRuntimeException: UNAVAILABLE: io exception
2019-07-03 07:43:55,808 WARN  server.GrpcLogAppender (LogUtils.java:warn(134)) - aa88b76e-c077-49df-a4ca-9e1f49363801: Failed appendEntries to 51706fce-045d-4f19-aae2-188725fe96d6:192.168.69.117:43724: org.apache.ratis.thirdparty.io.grpc.StatusRuntimeException: UNAVAILABLE: io exception
2019-07-03 07:43:55,808 INFO  impl.FollowerInfo (FollowerInfo.java:lambda$new$0(50)) - aa88b76e-c077-49df-a4ca-9e1f49363801->4f6491d0-8ade-4eaa-958d-9ace0d85d8f7: nextIndex: updateUnconditionally 0 -> 0
2019-07-03 07:43:55,808 INFO  impl.FollowerInfo (FollowerInfo.java:lambda$new$0(50)) - aa88b76e-c077-49df-a4ca-9e1f49363801->51706fce-045d-4f19-aae2-188725fe96d6: nextIndex: updateUnconditionally 0 -> 0
2019-07-03 07:43:56,308 WARN  server.GrpcLogAppender (LogUtils.java:warn(134)) - aa88b76e-c077-49df-a4ca-9e1f49363801: Failed appendEntries to 4f6491d0-8ade-4eaa-958d-9ace0d85d8f7:192.168.69.117:45092: org.apache.ratis.thirdparty.io.grpc.StatusRuntimeException: UNAVAILABLE: io exception
2019-07-03 07:43:56,308 WARN  server.GrpcLogAppender (LogUtils.java:warn(134)) - aa88b76e-c077-49df-a4ca-9e1f49363801: Failed appendEntries to 51706fce-045d-4f19-aae2-188725fe96d6:192.168.69.117:43724: org.apache.ratis.thirdparty.io.grpc.StatusRuntimeException: UNAVAILABLE: io exception
2019-07-03 07:43:56,309 INFO  impl.FollowerInfo (FollowerInfo.java:lambda$new$0(50)) - aa88b76e-c077-49df-a4ca-9e1f49363801->4f6491d0-8ade-4eaa-958d-9ace0d85d8f7: nextIndex: updateUnconditionally 0 -> 0
2019-07-03 07:43:56,309 INFO  impl.FollowerInfo (FollowerInfo.java:lambda$new$0(50)) - aa88b76e-c077-49df-a4ca-9e1f49363801->51706fce-045d-4f19-aae2-188725fe96d6: nextIndex: updateUnconditionally 0 -> 0
2019-07-03 07:43:56,809 WARN  server.GrpcLogAppender (LogUtils.java:warn(134)) - aa88b76e-c077-49df-a4ca-9e1f49363801: Failed appendEntries to 51706fce-045d-4f19-aae2-188725fe96d6:192.168.69.117:43724: org.apache.ratis.thirdparty.io.grpc.StatusRuntimeException: UNAVAILABLE: io exception
2019-07-03 07:43:56,809 WARN  server.GrpcLogAppender (LogUtils.java:warn(134)) - aa88b76e-c077-49df-a4ca-9e1f49363801: Failed appendEntries to 4f6491d0-8ade-4eaa-958d-9ace0d85d8f7:192.168.69.117:45092: org.apache.ratis.thirdparty.io.grpc.StatusRuntimeException: UNAVAILABLE: io exception
2019-07-03 07:43:56,810 INFO  impl.FollowerInfo (FollowerInfo.java:lambda$new$0(50)) - aa88b76e-c077-49df-a4ca-9e1f49363801->51706fce-045d-4f19-aae2-188725fe96d6: nextIndex: updateUnconditionally 0 -> 0
2019-07-03 07:43:56,810 INFO  impl.FollowerInfo (FollowerInfo.java:lambda$new$0(50)) - aa88b76e-c077-49df-a4ca-9e1f49363801->4f6491d0-8ade-4eaa-958d-9ace0d85d8f7: nextIndex: updateUnconditionally 0 -> 0
2019-07-03 07:43:57,310 WARN  server.GrpcLogAppender (LogUtils.java:warn(134)) - aa88b76e-c077-49df-a4ca-9e1f49363801: Failed appendEntries to 51706fce-045d-4f19-aae2-188725fe96d6:192.168.69.117:43724: org.apache.ratis.thirdparty.io.grpc.StatusRuntimeException: UNAVAILABLE: io exception
2019-07-03 07:43:57,310 WARN  server.GrpcLogAppender (LogUtils.java:warn(134)) - aa88b76e-c077-49df-a4ca-9e1f49363801: Failed appendEntries to 4f6491d0-8ade-4eaa-958d-9ace0d85d8f7:192.168.69.117:45092: org.apache.ratis.thirdparty.io.grpc.StatusRuntimeException: UNAVAILABLE: io exception
2019-07-03 07:43:57,311 INFO  impl.FollowerInfo (FollowerInfo.java:lambda$new$0(50)) - aa88b76e-c077-49df-a4ca-9e1f49363801->51706fce-045d-4f19-aae2-188725fe96d6: nextIndex: updateUnconditionally 0 -> 0
2019-07-03 07:43:57,311 INFO  impl.FollowerInfo (FollowerInfo.java:lambda$new$0(50)) - aa88b76e-c077-49df-a4ca-9e1f49363801->4f6491d0-8ade-4eaa-958d-9ace0d85d8f7: nextIndex: updateUnconditionally 0 -> 0
2019-07-03 07:43:57,812 WARN  server.GrpcLogAppender (LogUtils.java:warn(134)) - aa88b76e-c077-49df-a4ca-9e1f49363801: Failed appendEntries to 51706fce-045d-4f19-aae2-188725fe96d6:192.168.69.117:43724: org.apache.ratis.thirdparty.io.grpc.StatusRuntimeException: UNAVAILABLE: io exception
2019-07-03 07:43:57,812 WARN  server.GrpcLogAppender (LogUtils.java:warn(134)) - aa88b76e-c077-49df-a4ca-9e1f49363801: Failed appendEntries to 4f6491d0-8ade-4eaa-958d-9ace0d85d8f7:192.168.69.117:45092: org.apache.ratis.thirdparty.io.grpc.StatusRuntimeException: UNAVAILABLE: io exception
2019-07-03 07:43:57,813 INFO  impl.FollowerInfo (FollowerInfo.java:lambda$new$0(50)) - aa88b76e-c077-49df-a4ca-9e1f49363801->51706fce-045d-4f19-aae2-188725fe96d6: nextIndex: updateUnconditionally 0 -> 0
2019-07-03 07:43:57,813 INFO  impl.FollowerInfo (FollowerInfo.java:lambda$new$0(50)) - aa88b76e-c077-49df-a4ca-9e1f49363801->4f6491d0-8ade-4eaa-958d-9ace0d85d8f7: nextIndex: updateUnconditionally 0 -> 0
2019-07-03 07:43:57,885 INFO  client.GrpcClientProtocolService (GrpcClientProtocolService.java:lambda$processClientRequest$0(264)) - Failed RaftClientRequest:client-430D7DE82419->aa88b76e-c077-49df-a4ca-9e1f49363801@group-C38C17DDFD22, cid=67, seq=0, Watch-ALL_COMMITTED(2), Message:<EMPTY>, reply=RaftClientReply:client-430D7DE82419->aa88b76e-c077-49df-a4ca-9e1f49363801@group-C38C17DDFD22, cid=67, FAILED org.apache.ratis.protocol.NotReplicatedException: Request with call Id 67 and log index 2 is not yet replicated to ALL_COMMITTED, logIndex=2, commits[aa88b76e-c077-49df-a4ca-9e1f49363801:c2, 51706fce-045d-4f19-aae2-188725fe96d6:c1, 4f6491d0-8ade-4eaa-958d-9ace0d85d8f7:c1]
2019-07-03 07:43:58,313 WARN  server.GrpcLogAppender (LogUtils.java:warn(134)) - aa88b76e-c077-49df-a4ca-9e1f49363801: Failed appendEntries to 4f6491d0-8ade-4eaa-958d-9ace0d85d8f7:192.168.69.117:45092: org.apache.ratis.thirdparty.io.grpc.StatusRuntimeException: UNAVAILABLE: io exception
2019-07-03 07:43:58,313 WARN  server.GrpcLogAppender (LogUtils.java:warn(134)) - aa88b76e-c077-49df-a4ca-9e1f49363801: Failed appendEntries to 51706fce-045d-4f19-aae2-188725fe96d6:192.168.69.117:43724: org.apache.ratis.thirdparty.io.grpc.StatusRuntimeException: UNAVAILABLE: io exception
2019-07-03 07:43:58,318 INFO  impl.FollowerInfo (FollowerInfo.java:lambda$new$0(50)) - aa88b76e-c077-49df-a4ca-9e1f49363801->4f6491d0-8ade-4eaa-958d-9ace0d85d8f7: nextIndex: updateUnconditionally 0 -> 0
2019-07-03 07:43:58,318 INFO  impl.FollowerInfo (FollowerInfo.java:lambda$new$0(50)) - aa88b76e-c077-49df-a4ca-9e1f49363801->51706fce-045d-4f19-aae2-188725fe96d6: nextIndex: updateUnconditionally 0 -> 0
2019-07-03 07:43:58,815 WARN  server.GrpcLogAppender (LogUtils.java:warn(134)) - aa88b76e-c077-49df-a4ca-9e1f49363801: Failed appendEntries to 4f6491d0-8ade-4eaa-958d-9ace0d85d8f7:192.168.69.117:45092: org.apache.ratis.thirdparty.io.grpc.StatusRuntimeException: UNAVAILABLE: io exception
2019-07-03 07:43:58,815 WARN  server.GrpcLogAppender (LogUtils.java:warn(134)) - aa88b76e-c077-49df-a4ca-9e1f49363801: Failed appendEntries to 51706fce-045d-4f19-aae2-188725fe96d6:192.168.69.117:43724: org.apache.ratis.thirdparty.io.grpc.StatusRuntimeException: UNAVAILABLE: io exception
2019-07-03 07:43:58,815 INFO  impl.FollowerInfo (FollowerInfo.java:lambda$new$0(50)) - aa88b76e-c077-49df-a4ca-9e1f49363801->4f6491d0-8ade-4eaa-958d-9ace0d85d8f7: nextIndex: updateUnconditionally 0 -> 0
2019-07-03 07:43:58,815 INFO  impl.FollowerInfo (FollowerInfo.java:lambda$new$0(50)) - aa88b76e-c077-49df-a4ca-9e1f49363801->51706fce-045d-4f19-aae2-188725fe96d6: nextIndex: updateUnconditionally 0 -> 0
2019-07-03 07:43:59,315 WARN  server.GrpcLogAppender (LogUtils.java:warn(134)) - aa88b76e-c077-49df-a4ca-9e1f49363801: Failed appendEntries to 4f6491d0-8ade-4eaa-958d-9ace0d85d8f7:192.168.69.117:45092: org.apache.ratis.thirdparty.io.grpc.StatusRuntimeException: UNAVAILABLE: io exception
2019-07-03 07:43:59,315 WARN  server.GrpcLogAppender (LogUtils.java:warn(134)) - aa88b76e-c077-49df-a4ca-9e1f49363801: Failed appendEntries to 51706fce-045d-4f19-aae2-188725fe96d6:192.168.69.117:43724: org.apache.ratis.thirdparty.io.grpc.StatusRuntimeException: UNAVAILABLE: io exception
2019-07-03 07:43:59,315 INFO  impl.FollowerInfo (FollowerInfo.java:lambda$new$0(50)) - aa88b76e-c077-49df-a4ca-9e1f49363801->4f6491d0-8ade-4eaa-958d-9ace0d85d8f7: nextIndex: updateUnconditionally 0 -> 0
2019-07-03 07:43:59,316 INFO  impl.FollowerInfo (FollowerInfo.java:lambda$new$0(50)) - aa88b76e-c077-49df-a4ca-9e1f49363801->51706fce-045d-4f19-aae2-188725fe96d6: nextIndex: updateUnconditionally 0 -> 0
2019-07-03 07:43:59,816 WARN  server.GrpcLogAppender (LogUtils.java:warn(134)) - aa88b76e-c077-49df-a4ca-9e1f49363801: Failed appendEntries to 51706fce-045d-4f19-aae2-188725fe96d6:192.168.69.117:43724: org.apache.ratis.thirdparty.io.grpc.StatusRuntimeException: UNAVAILABLE: io exception
2019-07-03 07:43:59,816 WARN  server.GrpcLogAppender (LogUtils.java:warn(134)) - aa88b76e-c077-49df-a4ca-9e1f49363801: Failed appendEntries to 4f6491d0-8ade-4eaa-958d-9ace0d85d8f7:192.168.69.117:45092: org.apache.ratis.thirdparty.io.grpc.StatusRuntimeException: UNAVAILABLE: io exception
2019-07-03 07:43:59,817 INFO  impl.FollowerInfo (FollowerInfo.java:lambda$new$0(50)) - aa88b76e-c077-49df-a4ca-9e1f49363801->51706fce-045d-4f19-aae2-188725fe96d6: nextIndex: updateUnconditionally 0 -> 0
2019-07-03 07:43:59,817 INFO  impl.FollowerInfo (FollowerInfo.java:lambda$new$0(50)) - aa88b76e-c077-49df-a4ca-9e1f49363801->4f6491d0-8ade-4eaa-958d-9ace0d85d8f7: nextIndex: updateUnconditionally 0 -> 0
2019-07-03 07:44:00,317 WARN  server.GrpcLogAppender (LogUtils.java:warn(134)) - aa88b76e-c077-49df-a4ca-9e1f49363801: Failed appendEntries to 4f6491d0-8ade-4eaa-958d-9ace0d85d8f7:192.168.69.117:45092: org.apache.ratis.thirdparty.io.grpc.StatusRuntimeException: UNAVAILABLE: io exception
2019-07-03 07:44:00,317 WARN  server.GrpcLogAppender (LogUtils.java:warn(134)) - aa88b76e-c077-49df-a4ca-9e1f49363801: Failed appendEntries to 51706fce-045d-4f19-aae2-188725fe96d6:192.168.69.117:43724: org.apache.ratis.thirdparty.io.grpc.StatusRuntimeException: UNAVAILABLE: io exception
2019-07-03 07:44:00,317 INFO  impl.FollowerInfo (FollowerInfo.java:lambda$new$0(50)) - aa88b76e-c077-49df-a4ca-9e1f49363801->4f6491d0-8ade-4eaa-958d-9ace0d85d8f7: nextIndex: updateUnconditionally 0 -> 0
2019-07-03 07:44:00,317 INFO  impl.FollowerInfo (FollowerInfo.java:lambda$new$0(50)) - aa88b76e-c077-49df-a4ca-9e1f49363801->51706fce-045d-4f19-aae2-188725fe96d6: nextIndex: updateUnconditionally 0 -> 0
2019-07-03 07:44:00,818 WARN  server.GrpcLogAppender (LogUtils.java:warn(134)) - aa88b76e-c077-49df-a4ca-9e1f49363801: Failed appendEntries to 4f6491d0-8ade-4eaa-958d-9ace0d85d8f7:192.168.69.117:45092: org.apache.ratis.thirdparty.io.grpc.StatusRuntimeException: UNAVAILABLE: io exception
2019-07-03 07:44:00,818 WARN  server.GrpcLogAppender (LogUtils.java:warn(134)) - aa88b76e-c077-49df-a4ca-9e1f49363801: Failed appendEntries to 51706fce-045d-4f19-aae2-188725fe96d6:192.168.69.117:43724: org.apache.ratis.thirdparty.io.grpc.StatusRuntimeException: UNAVAILABLE: io exception
2019-07-03 07:44:00,819 INFO  impl.FollowerInfo (FollowerInfo.java:lambda$new$0(50)) - aa88b76e-c077-49df-a4ca-9e1f49363801->4f6491d0-8ade-4eaa-958d-9ace0d85d8f7: nextIndex: updateUnconditionally 0 -> 0
2019-07-03 07:44:00,819 INFO  impl.FollowerInfo (FollowerInfo.java:lambda$new$0(50)) - aa88b76e-c077-49df-a4ca-9e1f49363801->51706fce-045d-4f19-aae2-188725fe96d6: nextIndex: updateUnconditionally 0 -> 0
2019-07-03 07:44:01,324 WARN  server.GrpcLogAppender (LogUtils.java:warn(134)) - aa88b76e-c077-49df-a4ca-9e1f49363801: Failed appendEntries to 4f6491d0-8ade-4eaa-958d-9ace0d85d8f7:192.168.69.117:45092: org.apache.ratis.thirdparty.io.grpc.StatusRuntimeException: UNAVAILABLE: io exception
2019-07-03 07:44:01,324 WARN  server.GrpcLogAppender (LogUtils.java:warn(134)) - aa88b76e-c077-49df-a4ca-9e1f49363801: Failed appendEntries to 51706fce-045d-4f19-aae2-188725fe96d6:192.168.69.117:43724: org.apache.ratis.thirdparty.io.grpc.StatusRuntimeException: UNAVAILABLE: io exception
2019-07-03 07:44:01,330 INFO  impl.FollowerInfo (FollowerInfo.java:lambda$new$0(50)) - aa88b76e-c077-49df-a4ca-9e1f49363801->4f6491d0-8ade-4eaa-958d-9ace0d85d8f7: nextIndex: updateUnconditionally 0 -> 0
2019-07-03 07:44:01,330 INFO  impl.FollowerInfo (FollowerInfo.java:lambda$new$0(50)) - aa88b76e-c077-49df-a4ca-9e1f49363801->51706fce-045d-4f19-aae2-188725fe96d6: nextIndex: updateUnconditionally 0 -> 0
2019-07-03 07:44:01,822 WARN  server.GrpcLogAppender (LogUtils.java:warn(134)) - aa88b76e-c077-49df-a4ca-9e1f49363801: Failed appendEntries to 4f6491d0-8ade-4eaa-958d-9ace0d85d8f7:192.168.69.117:45092: org.apache.ratis.thirdparty.io.grpc.StatusRuntimeException: UNAVAILABLE: io exception
2019-07-03 07:44:01,822 WARN  server.GrpcLogAppender (LogUtils.java:warn(134)) - aa88b76e-c077-49df-a4ca-9e1f49363801: Failed appendEntries to 51706fce-045d-4f19-aae2-188725fe96d6:192.168.69.117:43724: org.apache.ratis.thirdparty.io.grpc.StatusRuntimeException: UNAVAILABLE: io exception
2019-07-03 07:44:01,822 INFO  impl.FollowerInfo (FollowerInfo.java:lambda$new$0(50)) - aa88b76e-c077-49df-a4ca-9e1f49363801->4f6491d0-8ade-4eaa-958d-9ace0d85d8f7: nextIndex: updateUnconditionally 0 -> 0
2019-07-03 07:44:01,823 INFO  impl.FollowerInfo (FollowerInfo.java:lambda$new$0(50)) - aa88b76e-c077-49df-a4ca-9e1f49363801->51706fce-045d-4f19-aae2-188725fe96d6: nextIndex: updateUnconditionally 0 -> 0
2019-07-03 07:44:02,323 WARN  server.GrpcLogAppender (LogUtils.java:warn(134)) - aa88b76e-c077-49df-a4ca-9e1f49363801: Failed appendEntries to 51706fce-045d-4f19-aae2-188725fe96d6:192.168.69.117:43724: org.apache.ratis.thirdparty.io.grpc.StatusRuntimeException: UNAVAILABLE: io exception
2019-07-03 07:44:02,323 WARN  server.GrpcLogAppender (LogUtils.java:warn(134)) - aa88b76e-c077-49df-a4ca-9e1f49363801: Failed appendEntries to 4f6491d0-8ade-4eaa-958d-9ace0d85d8f7:192.168.69.117:45092: org.apache.ratis.thirdparty.io.grpc.StatusRuntimeException: UNAVAILABLE: io exception
2019-07-03 07:44:02,324 INFO  impl.FollowerInfo (FollowerInfo.java:lambda$new$0(50)) - aa88b76e-c077-49df-a4ca-9e1f49363801->51706fce-045d-4f19-aae2-188725fe96d6: nextIndex: updateUnconditionally 0 -> 0
2019-07-03 07:44:02,324 INFO  impl.FollowerInfo (FollowerInfo.java:lambda$new$0(50)) - aa88b76e-c077-49df-a4ca-9e1f49363801->4f6491d0-8ade-4eaa-958d-9ace0d85d8f7: nextIndex: updateUnconditionally 0 -> 0
2019-07-03 07:44:02,825 WARN  server.GrpcLogAppender (LogUtils.java:warn(134)) - aa88b76e-c077-49df-a4ca-9e1f49363801: Failed appendEntries to 51706fce-045d-4f19-aae2-188725fe96d6:192.168.69.117:43724: org.apache.ratis.thirdparty.io.grpc.StatusRuntimeException: UNAVAILABLE: io exception
2019-07-03 07:44:02,825 WARN  server.GrpcLogAppender (LogUtils.java:warn(134)) - aa88b76e-c077-49df-a4ca-9e1f49363801: Failed appendEntries to 4f6491d0-8ade-4eaa-958d-9ace0d85d8f7:192.168.69.117:45092: org.apache.ratis.thirdparty.io.grpc.StatusRuntimeException: UNAVAILABLE: io exception
2019-07-03 07:44:02,825 INFO  impl.FollowerInfo (FollowerInfo.java:lambda$new$0(50)) - aa88b76e-c077-49df-a4ca-9e1f49363801->51706fce-045d-4f19-aae2-188725fe96d6: nextIndex: updateUnconditionally 0 -> 0
2019-07-03 07:44:02,826 INFO  impl.FollowerInfo (FollowerInfo.java:lambda$new$0(50)) - aa88b76e-c077-49df-a4ca-9e1f49363801->4f6491d0-8ade-4eaa-958d-9ace0d85d8f7: nextIndex: updateUnconditionally 0 -> 0
2019-07-03 07:44:03,325 WARN  server.GrpcLogAppender (LogUtils.java:warn(134)) - aa88b76e-c077-49df-a4ca-9e1f49363801: Failed appendEntries to 4f6491d0-8ade-4eaa-958d-9ace0d85d8f7:192.168.69.117:45092: org.apache.ratis.thirdparty.io.grpc.StatusRuntimeException: UNAVAILABLE: io exception
2019-07-03 07:44:03,325 WARN  server.GrpcLogAppender (LogUtils.java:warn(134)) - aa88b76e-c077-49df-a4ca-9e1f49363801: Failed appendEntries to 51706fce-045d-4f19-aae2-188725fe96d6:192.168.69.117:43724: org.apache.ratis.thirdparty.io.grpc.StatusRuntimeException: UNAVAILABLE: io exception
2019-07-03 07:44:03,326 INFO  impl.FollowerInfo (FollowerInfo.java:lambda$new$0(50)) - aa88b76e-c077-49df-a4ca-9e1f49363801->4f6491d0-8ade-4eaa-958d-9ace0d85d8f7: nextIndex: updateUnconditionally 0 -> 0
2019-07-03 07:44:03,326 INFO  impl.FollowerInfo (FollowerInfo.java:lambda$new$0(50)) - aa88b76e-c077-49df-a4ca-9e1f49363801->51706fce-045d-4f19-aae2-188725fe96d6: nextIndex: updateUnconditionally 0 -> 0
2019-07-03 07:44:03,826 WARN  server.GrpcLogAppender (LogUtils.java:warn(134)) - aa88b76e-c077-49df-a4ca-9e1f49363801: Failed appendEntries to 4f6491d0-8ade-4eaa-958d-9ace0d85d8f7:192.168.69.117:45092: org.apache.ratis.thirdparty.io.grpc.StatusRuntimeException: UNAVAILABLE: io exception
2019-07-03 07:44:03,826 WARN  server.GrpcLogAppender (LogUtils.java:warn(134)) - aa88b76e-c077-49df-a4ca-9e1f49363801: Failed appendEntries to 51706fce-045d-4f19-aae2-188725fe96d6:192.168.69.117:43724: org.apache.ratis.thirdparty.io.grpc.StatusRuntimeException: UNAVAILABLE: io exception
2019-07-03 07:44:03,827 INFO  impl.FollowerInfo (FollowerInfo.java:lambda$new$0(50)) - aa88b76e-c077-49df-a4ca-9e1f49363801->4f6491d0-8ade-4eaa-958d-9ace0d85d8f7: nextIndex: updateUnconditionally 0 -> 0
2019-07-03 07:44:03,827 INFO  impl.FollowerInfo (FollowerInfo.java:lambda$new$0(50)) - aa88b76e-c077-49df-a4ca-9e1f49363801->51706fce-045d-4f19-aae2-188725fe96d6: nextIndex: updateUnconditionally 0 -> 0
2019-07-03 07:44:04,327 WARN  server.GrpcLogAppender (LogUtils.java:warn(134)) - aa88b76e-c077-49df-a4ca-9e1f49363801: Failed appendEntries to 51706fce-045d-4f19-aae2-188725fe96d6:192.168.69.117:43724: org.apache.ratis.thirdparty.io.grpc.StatusRuntimeException: UNAVAILABLE: io exception
2019-07-03 07:44:04,327 WARN  server.GrpcLogAppender (LogUtils.java:warn(134)) - aa88b76e-c077-49df-a4ca-9e1f49363801: Failed appendEntries to 4f6491d0-8ade-4eaa-958d-9ace0d85d8f7:192.168.69.117:45092: org.apache.ratis.thirdparty.io.grpc.StatusRuntimeException: UNAVAILABLE: io exception
2019-07-03 07:44:04,328 INFO  impl.FollowerInfo (FollowerInfo.java:lambda$new$0(50)) - aa88b76e-c077-49df-a4ca-9e1f49363801->51706fce-045d-4f19-aae2-188725fe96d6: nextIndex: updateUnconditionally 0 -> 0
2019-07-03 07:44:04,328 INFO  impl.FollowerInfo (FollowerInfo.java:lambda$new$0(50)) - aa88b76e-c077-49df-a4ca-9e1f49363801->4f6491d0-8ade-4eaa-958d-9ace0d85d8f7: nextIndex: updateUnconditionally 0 -> 0
2019-07-03 07:44:04,829 WARN  server.GrpcLogAppender (LogUtils.java:warn(134)) - aa88b76e-c077-49df-a4ca-9e1f49363801: Failed appendEntries to 51706fce-045d-4f19-aae2-188725fe96d6:192.168.69.117:43724: org.apache.ratis.thirdparty.io.grpc.StatusRuntimeException: UNAVAILABLE: io exception
2019-07-03 07:44:04,829 WARN  server.GrpcLogAppender (LogUtils.java:warn(134)) - aa88b76e-c077-49df-a4ca-9e1f49363801: Failed appendEntries to 4f6491d0-8ade-4eaa-958d-9ace0d85d8f7:192.168.69.117:45092: org.apache.ratis.thirdparty.io.grpc.StatusRuntimeException: UNAVAILABLE: io exception
2019-07-03 07:44:04,829 INFO  impl.FollowerInfo (FollowerInfo.java:lambda$new$0(50)) - aa88b76e-c077-49df-a4ca-9e1f49363801->51706fce-045d-4f19-aae2-188725fe96d6: nextIndex: updateUnconditionally 0 -> 0
2019-07-03 07:44:04,830 INFO  impl.FollowerInfo (FollowerInfo.java:lambda$new$0(50)) - aa88b76e-c077-49df-a4ca-9e1f49363801->4f6491d0-8ade-4eaa-958d-9ace0d85d8f7: nextIndex: updateUnconditionally 0 -> 0
2019-07-03 07:44:04,887 INFO  client.GrpcClientProtocolService (GrpcClientProtocolService.java:lambda$processClientRequest$0(264)) - Failed RaftClientRequest:client-430D7DE82419->aa88b76e-c077-49df-a4ca-9e1f49363801@group-C38C17DDFD22, cid=67, seq=0, Watch-ALL_COMMITTED(2), Message:<EMPTY>, reply=RaftClientReply:client-430D7DE82419->aa88b76e-c077-49df-a4ca-9e1f49363801@group-C38C17DDFD22, cid=67, FAILED org.apache.ratis.protocol.NotReplicatedException: Request with call Id 67 and log index 2 is not yet replicated to ALL_COMMITTED, logIndex=2, commits[aa88b76e-c077-49df-a4ca-9e1f49363801:c2, 51706fce-045d-4f19-aae2-188725fe96d6:c1, 4f6491d0-8ade-4eaa-958d-9ace0d85d8f7:c1]
2019-07-03 07:44:05,330 WARN  server.GrpcLogAppender (LogUtils.java:warn(134)) - aa88b76e-c077-49df-a4ca-9e1f49363801: Failed appendEntries to 51706fce-045d-4f19-aae2-188725fe96d6:192.168.69.117:43724: org.apache.ratis.thirdparty.io.grpc.StatusRuntimeException: UNAVAILABLE: io exception
2019-07-03 07:44:05,330 WARN  server.GrpcLogAppender (LogUtils.java:warn(134)) - aa88b76e-c077-49df-a4ca-9e1f49363801: Failed appendEntries to 4f6491d0-8ade-4eaa-958d-9ace0d85d8f7:192.168.69.117:45092: org.apache.ratis.thirdparty.io.grpc.StatusRuntimeException: UNAVAILABLE: io exception
2019-07-03 07:44:05,334 INFO  impl.FollowerInfo (FollowerInfo.java:lambda$new$0(50)) - aa88b76e-c077-49df-a4ca-9e1f49363801->51706fce-045d-4f19-aae2-188725fe96d6: nextIndex: updateUnconditionally 0 -> 0
2019-07-03 07:44:05,334 INFO  impl.FollowerInfo (FollowerInfo.java:lambda$new$0(50)) - aa88b76e-c077-49df-a4ca-9e1f49363801->4f6491d0-8ade-4eaa-958d-9ace0d85d8f7: nextIndex: updateUnconditionally 0 -> 0
2019-07-03 07:44:05,831 WARN  server.GrpcLogAppender (LogUtils.java:warn(134)) - aa88b76e-c077-49df-a4ca-9e1f49363801: Failed appendEntries to 4f6491d0-8ade-4eaa-958d-9ace0d85d8f7:192.168.69.117:45092: org.apache.ratis.thirdparty.io.grpc.StatusRuntimeException: UNAVAILABLE: io exception
2019-07-03 07:44:05,831 WARN  server.GrpcLogAppender (LogUtils.java:warn(134)) - aa88b76e-c077-49df-a4ca-9e1f49363801: Failed appendEntries to 51706fce-045d-4f19-aae2-188725fe96d6:192.168.69.117:43724: org.apache.ratis.thirdparty.io.grpc.StatusRuntimeException: UNAVAILABLE: io exception
2019-07-03 07:44:05,831 INFO  impl.FollowerInfo (FollowerInfo.java:lambda$new$0(50)) - aa88b76e-c077-49df-a4ca-9e1f49363801->4f6491d0-8ade-4eaa-958d-9ace0d85d8f7: nextIndex: updateUnconditionally 0 -> 0
2019-07-03 07:44:05,831 INFO  impl.FollowerInfo (FollowerInfo.java:lambda$new$0(50)) - aa88b76e-c077-49df-a4ca-9e1f49363801->51706fce-045d-4f19-aae2-188725fe96d6: nextIndex: updateUnconditionally 0 -> 0
2019-07-03 07:44:06,331 WARN  server.GrpcLogAppender (LogUtils.java:warn(134)) - aa88b76e-c077-49df-a4ca-9e1f49363801: Failed appendEntries to 51706fce-045d-4f19-aae2-188725fe96d6:192.168.69.117:43724: org.apache.ratis.thirdparty.io.grpc.StatusRuntimeException: UNAVAILABLE: io exception
2019-07-03 07:44:06,332 WARN  server.GrpcLogAppender (LogUtils.java:warn(134)) - aa88b76e-c077-49df-a4ca-9e1f49363801: Failed appendEntries to 4f6491d0-8ade-4eaa-958d-9ace0d85d8f7:192.168.69.117:45092: org.apache.ratis.thirdparty.io.grpc.StatusRuntimeException: UNAVAILABLE: io exception
2019-07-03 07:44:06,332 INFO  impl.FollowerInfo (FollowerInfo.java:lambda$new$0(50)) - aa88b76e-c077-49df-a4ca-9e1f49363801->51706fce-045d-4f19-aae2-188725fe96d6: nextIndex: updateUnconditionally 0 -> 0
2019-07-03 07:44:06,332 INFO  impl.FollowerInfo (FollowerInfo.java:lambda$new$0(50)) - aa88b76e-c077-49df-a4ca-9e1f49363801->4f6491d0-8ade-4eaa-958d-9ace0d85d8f7: nextIndex: updateUnconditionally 0 -> 0
2019-07-03 07:44:06,832 WARN  server.GrpcLogAppender (LogUtils.java:warn(134)) - aa88b76e-c077-49df-a4ca-9e1f49363801: Failed appendEntries to 4f6491d0-8ade-4eaa-958d-9ace0d85d8f7:192.168.69.117:45092: org.apache.ratis.thirdparty.io.grpc.StatusRuntimeException: UNAVAILABLE: io exception
2019-07-03 07:44:06,832 WARN  server.GrpcLogAppender (LogUtils.java:warn(134)) - aa88b76e-c077-49df-a4ca-9e1f49363801: Failed appendEntries to 51706fce-045d-4f19-aae2-188725fe96d6:192.168.69.117:43724: org.apache.ratis.thirdparty.io.grpc.StatusRuntimeException: UNAVAILABLE: io exception
2019-07-03 07:44:06,833 INFO  impl.FollowerInfo (FollowerInfo.java:lambda$new$0(50)) - aa88b76e-c077-49df-a4ca-9e1f49363801->4f6491d0-8ade-4eaa-958d-9ace0d85d8f7: nextIndex: updateUnconditionally 0 -> 0
2019-07-03 07:44:06,833 INFO  impl.FollowerInfo (FollowerInfo.java:lambda$new$0(50)) - aa88b76e-c077-49df-a4ca-9e1f49363801->51706fce-045d-4f19-aae2-188725fe96d6: nextIndex: updateUnconditionally 0 -> 0
2019-07-03 07:44:07,021 WARN  scm.XceiverClientRatis (XceiverClientRatis.java:watchForCommit(260)) - 3 way commit failed 
java.util.concurrent.TimeoutException
	at java.util.concurrent.CompletableFuture.timedGet(CompletableFuture.java:1771)
	at java.util.concurrent.CompletableFuture.get(CompletableFuture.java:1915)
	at org.apache.hadoop.hdds.scm.XceiverClientRatis.watchForCommit(XceiverClientRatis.java:257)
	at org.apache.hadoop.ozone.client.rpc.TestWatchForCommit.testWatchForCommitForRetryfailure(TestWatchForCommit.java:347)
	at sun.reflect.NativeMethodAccessorImpl.invoke0(Native Method)
	at sun.reflect.NativeMethodAccessorImpl.invoke(NativeMethodAccessorImpl.java:62)
	at sun.reflect.DelegatingMethodAccessorImpl.invoke(DelegatingMethodAccessorImpl.java:43)
	at java.lang.reflect.Method.invoke(Method.java:498)
	at org.junit.runners.model.FrameworkMethod$1.runReflectiveCall(FrameworkMethod.java:47)
	at org.junit.internal.runners.model.ReflectiveCallable.run(ReflectiveCallable.java:12)
	at org.junit.runners.model.FrameworkMethod.invokeExplosively(FrameworkMethod.java:44)
	at org.junit.internal.runners.statements.InvokeMethod.evaluate(InvokeMethod.java:17)
	at org.junit.runners.ParentRunner.runLeaf(ParentRunner.java:271)
	at org.junit.runners.BlockJUnit4ClassRunner.runChild(BlockJUnit4ClassRunner.java:70)
	at org.junit.runners.BlockJUnit4ClassRunner.runChild(BlockJUnit4ClassRunner.java:50)
	at org.junit.runners.ParentRunner$3.run(ParentRunner.java:238)
	at org.junit.runners.ParentRunner$1.schedule(ParentRunner.java:63)
	at org.junit.runners.ParentRunner.runChildren(ParentRunner.java:236)
	at org.junit.runners.ParentRunner.access$000(ParentRunner.java:53)
	at org.junit.runners.ParentRunner$2.evaluate(ParentRunner.java:229)
	at org.junit.runners.ParentRunner.run(ParentRunner.java:309)
	at org.apache.maven.surefire.junit4.JUnit4Provider.execute(JUnit4Provider.java:365)
	at org.apache.maven.surefire.junit4.JUnit4Provider.executeWithRerun(JUnit4Provider.java:273)
	at org.apache.maven.surefire.junit4.JUnit4Provider.executeTestSet(JUnit4Provider.java:238)
	at org.apache.maven.surefire.junit4.JUnit4Provider.invoke(JUnit4Provider.java:159)
	at org.apache.maven.surefire.booter.ForkedBooter.invokeProviderInSameClassLoader(ForkedBooter.java:384)
	at org.apache.maven.surefire.booter.ForkedBooter.runSuitesInProcess(ForkedBooter.java:345)
	at org.apache.maven.surefire.booter.ForkedBooter.execute(ForkedBooter.java:126)
	at org.apache.maven.surefire.booter.ForkedBooter.main(ForkedBooter.java:418)
2019-07-03 07:44:07,334 WARN  server.GrpcLogAppender (LogUtils.java:warn(134)) - aa88b76e-c077-49df-a4ca-9e1f49363801: Failed appendEntries to 51706fce-045d-4f19-aae2-188725fe96d6:192.168.69.117:43724: org.apache.ratis.thirdparty.io.grpc.StatusRuntimeException: UNAVAILABLE: io exception
2019-07-03 07:44:07,334 WARN  server.GrpcLogAppender (LogUtils.java:warn(134)) - aa88b76e-c077-49df-a4ca-9e1f49363801: Failed appendEntries to 4f6491d0-8ade-4eaa-958d-9ace0d85d8f7:192.168.69.117:45092: org.apache.ratis.thirdparty.io.grpc.StatusRuntimeException: UNAVAILABLE: io exception
2019-07-03 07:44:07,334 INFO  impl.FollowerInfo (FollowerInfo.java:lambda$new$0(50)) - aa88b76e-c077-49df-a4ca-9e1f49363801->51706fce-045d-4f19-aae2-188725fe96d6: nextIndex: updateUnconditionally 0 -> 0
2019-07-03 07:44:07,334 INFO  impl.FollowerInfo (FollowerInfo.java:lambda$new$0(50)) - aa88b76e-c077-49df-a4ca-9e1f49363801->4f6491d0-8ade-4eaa-958d-9ace0d85d8f7: nextIndex: updateUnconditionally 0 -> 0
2019-07-03 07:44:07,835 WARN  server.GrpcLogAppender (LogUtils.java:warn(134)) - aa88b76e-c077-49df-a4ca-9e1f49363801: Failed appendEntries to 4f6491d0-8ade-4eaa-958d-9ace0d85d8f7:192.168.69.117:45092: org.apache.ratis.thirdparty.io.grpc.StatusRuntimeException: UNAVAILABLE: io exception
2019-07-03 07:44:07,835 WARN  server.GrpcLogAppender (LogUtils.java:warn(134)) - aa88b76e-c077-49df-a4ca-9e1f49363801: Failed appendEntries to 51706fce-045d-4f19-aae2-188725fe96d6:192.168.69.117:43724: org.apache.ratis.thirdparty.io.grpc.StatusRuntimeException: UNAVAILABLE: io exception
2019-07-03 07:44:07,835 INFO  impl.FollowerInfo (FollowerInfo.java:lambda$new$0(50)) - aa88b76e-c077-49df-a4ca-9e1f49363801->4f6491d0-8ade-4eaa-958d-9ace0d85d8f7: nextIndex: updateUnconditionally 0 -> 0
2019-07-03 07:44:07,835 INFO  impl.FollowerInfo (FollowerInfo.java:lambda$new$0(50)) - aa88b76e-c077-49df-a4ca-9e1f49363801->51706fce-045d-4f19-aae2-188725fe96d6: nextIndex: updateUnconditionally 0 -> 0
2019-07-03 07:44:08,336 WARN  server.GrpcLogAppender (LogUtils.java:warn(134)) - aa88b76e-c077-49df-a4ca-9e1f49363801: Failed appendEntries to 51706fce-045d-4f19-aae2-188725fe96d6:192.168.69.117:43724: org.apache.ratis.thirdparty.io.grpc.StatusRuntimeException: UNAVAILABLE: io exception
2019-07-03 07:44:08,336 WARN  server.GrpcLogAppender (LogUtils.java:warn(134)) - aa88b76e-c077-49df-a4ca-9e1f49363801: Failed appendEntries to 4f6491d0-8ade-4eaa-958d-9ace0d85d8f7:192.168.69.117:45092: org.apache.ratis.thirdparty.io.grpc.StatusRuntimeException: UNAVAILABLE: io exception
2019-07-03 07:44:08,336 INFO  impl.FollowerInfo (FollowerInfo.java:lambda$new$0(50)) - aa88b76e-c077-49df-a4ca-9e1f49363801->51706fce-045d-4f19-aae2-188725fe96d6: nextIndex: updateUnconditionally 0 -> 0
2019-07-03 07:44:08,337 INFO  impl.FollowerInfo (FollowerInfo.java:lambda$new$0(50)) - aa88b76e-c077-49df-a4ca-9e1f49363801->4f6491d0-8ade-4eaa-958d-9ace0d85d8f7: nextIndex: updateUnconditionally 0 -> 0
2019-07-03 07:44:08,836 WARN  server.GrpcLogAppender (LogUtils.java:warn(134)) - aa88b76e-c077-49df-a4ca-9e1f49363801: Failed appendEntries to 51706fce-045d-4f19-aae2-188725fe96d6:192.168.69.117:43724: org.apache.ratis.thirdparty.io.grpc.StatusRuntimeException: UNAVAILABLE: io exception
2019-07-03 07:44:08,836 WARN  server.GrpcLogAppender (LogUtils.java:warn(134)) - aa88b76e-c077-49df-a4ca-9e1f49363801: Failed appendEntries to 4f6491d0-8ade-4eaa-958d-9ace0d85d8f7:192.168.69.117:45092: org.apache.ratis.thirdparty.io.grpc.StatusRuntimeException: UNAVAILABLE: io exception
2019-07-03 07:44:08,837 INFO  impl.FollowerInfo (FollowerInfo.java:lambda$new$0(50)) - aa88b76e-c077-49df-a4ca-9e1f49363801->51706fce-045d-4f19-aae2-188725fe96d6: nextIndex: updateUnconditionally 0 -> 0
2019-07-03 07:44:08,837 INFO  impl.FollowerInfo (FollowerInfo.java:lambda$new$0(50)) - aa88b76e-c077-49df-a4ca-9e1f49363801->4f6491d0-8ade-4eaa-958d-9ace0d85d8f7: nextIndex: updateUnconditionally 0 -> 0
2019-07-03 07:44:09,337 WARN  server.GrpcLogAppender (LogUtils.java:warn(134)) - aa88b76e-c077-49df-a4ca-9e1f49363801: Failed appendEntries to 51706fce-045d-4f19-aae2-188725fe96d6:192.168.69.117:43724: org.apache.ratis.thirdparty.io.grpc.StatusRuntimeException: UNAVAILABLE: io exception
2019-07-03 07:44:09,337 WARN  server.GrpcLogAppender (LogUtils.java:warn(134)) - aa88b76e-c077-49df-a4ca-9e1f49363801: Failed appendEntries to 4f6491d0-8ade-4eaa-958d-9ace0d85d8f7:192.168.69.117:45092: org.apache.ratis.thirdparty.io.grpc.StatusRuntimeException: UNAVAILABLE: io exception
2019-07-03 07:44:09,337 INFO  impl.FollowerInfo (FollowerInfo.java:lambda$new$0(50)) - aa88b76e-c077-49df-a4ca-9e1f49363801->51706fce-045d-4f19-aae2-188725fe96d6: nextIndex: updateUnconditionally 0 -> 0
2019-07-03 07:44:09,338 INFO  impl.FollowerInfo (FollowerInfo.java:lambda$new$0(50)) - aa88b76e-c077-49df-a4ca-9e1f49363801->4f6491d0-8ade-4eaa-958d-9ace0d85d8f7: nextIndex: updateUnconditionally 0 -> 0
2019-07-03 07:44:09,837 WARN  server.GrpcLogAppender (LogUtils.java:warn(134)) - aa88b76e-c077-49df-a4ca-9e1f49363801: Failed appendEntries to 4f6491d0-8ade-4eaa-958d-9ace0d85d8f7:192.168.69.117:45092: org.apache.ratis.thirdparty.io.grpc.StatusRuntimeException: UNAVAILABLE: io exception
2019-07-03 07:44:09,837 WARN  server.GrpcLogAppender (LogUtils.java:warn(134)) - aa88b76e-c077-49df-a4ca-9e1f49363801: Failed appendEntries to 51706fce-045d-4f19-aae2-188725fe96d6:192.168.69.117:43724: org.apache.ratis.thirdparty.io.grpc.StatusRuntimeException: UNAVAILABLE: io exception
2019-07-03 07:44:09,838 INFO  impl.FollowerInfo (FollowerInfo.java:lambda$new$0(50)) - aa88b76e-c077-49df-a4ca-9e1f49363801->4f6491d0-8ade-4eaa-958d-9ace0d85d8f7: nextIndex: updateUnconditionally 0 -> 0
2019-07-03 07:44:09,838 INFO  impl.FollowerInfo (FollowerInfo.java:lambda$new$0(50)) - aa88b76e-c077-49df-a4ca-9e1f49363801->51706fce-045d-4f19-aae2-188725fe96d6: nextIndex: updateUnconditionally 0 -> 0
2019-07-03 07:44:09,884 INFO  client.GrpcClientProtocolService (GrpcClientProtocolService.java:lambda$processClientRequest$0(264)) - Failed RaftClientRequest:client-430D7DE82419->aa88b76e-c077-49df-a4ca-9e1f49363801@group-C38C17DDFD22, cid=67, seq=0, Watch-ALL_COMMITTED(2), Message:<EMPTY>, reply=RaftClientReply:client-430D7DE82419->aa88b76e-c077-49df-a4ca-9e1f49363801@group-C38C17DDFD22, cid=67, FAILED org.apache.ratis.protocol.NotReplicatedException: Request with call Id 67 and log index 2 is not yet replicated to ALL_COMMITTED, logIndex=2, commits[aa88b76e-c077-49df-a4ca-9e1f49363801:c2, 51706fce-045d-4f19-aae2-188725fe96d6:c1, 4f6491d0-8ade-4eaa-958d-9ace0d85d8f7:c1]
2019-07-03 07:44:10,339 WARN  server.GrpcLogAppender (LogUtils.java:warn(134)) - aa88b76e-c077-49df-a4ca-9e1f49363801: Failed appendEntries to 51706fce-045d-4f19-aae2-188725fe96d6:192.168.69.117:43724: org.apache.ratis.thirdparty.io.grpc.StatusRuntimeException: UNAVAILABLE: io exception
2019-07-03 07:44:10,339 WARN  server.GrpcLogAppender (LogUtils.java:warn(134)) - aa88b76e-c077-49df-a4ca-9e1f49363801: Failed appendEntries to 4f6491d0-8ade-4eaa-958d-9ace0d85d8f7:192.168.69.117:45092: org.apache.ratis.thirdparty.io.grpc.StatusRuntimeException: UNAVAILABLE: io exception
2019-07-03 07:44:10,343 INFO  impl.FollowerInfo (FollowerInfo.java:lambda$new$0(50)) - aa88b76e-c077-49df-a4ca-9e1f49363801->51706fce-045d-4f19-aae2-188725fe96d6: nextIndex: updateUnconditionally 0 -> 0
2019-07-03 07:44:10,343 INFO  impl.FollowerInfo (FollowerInfo.java:lambda$new$0(50)) - aa88b76e-c077-49df-a4ca-9e1f49363801->4f6491d0-8ade-4eaa-958d-9ace0d85d8f7: nextIndex: updateUnconditionally 0 -> 0
2019-07-03 07:44:10,840 WARN  server.GrpcLogAppender (LogUtils.java:warn(134)) - aa88b76e-c077-49df-a4ca-9e1f49363801: Failed appendEntries to 4f6491d0-8ade-4eaa-958d-9ace0d85d8f7:192.168.69.117:45092: org.apache.ratis.thirdparty.io.grpc.StatusRuntimeException: UNAVAILABLE: io exception
2019-07-03 07:44:10,840 WARN  server.GrpcLogAppender (LogUtils.java:warn(134)) - aa88b76e-c077-49df-a4ca-9e1f49363801: Failed appendEntries to 51706fce-045d-4f19-aae2-188725fe96d6:192.168.69.117:43724: org.apache.ratis.thirdparty.io.grpc.StatusRuntimeException: UNAVAILABLE: io exception
2019-07-03 07:44:10,840 INFO  impl.FollowerInfo (FollowerInfo.java:lambda$new$0(50)) - aa88b76e-c077-49df-a4ca-9e1f49363801->4f6491d0-8ade-4eaa-958d-9ace0d85d8f7: nextIndex: updateUnconditionally 0 -> 0
2019-07-03 07:44:10,841 INFO  impl.FollowerInfo (FollowerInfo.java:lambda$new$0(50)) - aa88b76e-c077-49df-a4ca-9e1f49363801->51706fce-045d-4f19-aae2-188725fe96d6: nextIndex: updateUnconditionally 0 -> 0
2019-07-03 07:44:11,341 WARN  server.GrpcLogAppender (LogUtils.java:warn(134)) - aa88b76e-c077-49df-a4ca-9e1f49363801: Failed appendEntries to 51706fce-045d-4f19-aae2-188725fe96d6:192.168.69.117:43724: org.apache.ratis.thirdparty.io.grpc.StatusRuntimeException: UNAVAILABLE: io exception
2019-07-03 07:44:11,341 WARN  server.GrpcLogAppender (LogUtils.java:warn(134)) - aa88b76e-c077-49df-a4ca-9e1f49363801: Failed appendEntries to 4f6491d0-8ade-4eaa-958d-9ace0d85d8f7:192.168.69.117:45092: org.apache.ratis.thirdparty.io.grpc.StatusRuntimeException: UNAVAILABLE: io exception
2019-07-03 07:44:11,341 INFO  impl.FollowerInfo (FollowerInfo.java:lambda$new$0(50)) - aa88b76e-c077-49df-a4ca-9e1f49363801->51706fce-045d-4f19-aae2-188725fe96d6: nextIndex: updateUnconditionally 0 -> 0
2019-07-03 07:44:11,341 INFO  impl.FollowerInfo (FollowerInfo.java:lambda$new$0(50)) - aa88b76e-c077-49df-a4ca-9e1f49363801->4f6491d0-8ade-4eaa-958d-9ace0d85d8f7: nextIndex: updateUnconditionally 0 -> 0
2019-07-03 07:44:11,842 WARN  server.GrpcLogAppender (LogUtils.java:warn(134)) - aa88b76e-c077-49df-a4ca-9e1f49363801: Failed appendEntries to 51706fce-045d-4f19-aae2-188725fe96d6:192.168.69.117:43724: org.apache.ratis.thirdparty.io.grpc.StatusRuntimeException: UNAVAILABLE: io exception
2019-07-03 07:44:11,842 WARN  server.GrpcLogAppender (LogUtils.java:warn(134)) - aa88b76e-c077-49df-a4ca-9e1f49363801: Failed appendEntries to 4f6491d0-8ade-4eaa-958d-9ace0d85d8f7:192.168.69.117:45092: org.apache.ratis.thirdparty.io.grpc.StatusRuntimeException: UNAVAILABLE: io exception
2019-07-03 07:44:11,843 INFO  impl.FollowerInfo (FollowerInfo.java:lambda$new$0(50)) - aa88b76e-c077-49df-a4ca-9e1f49363801->51706fce-045d-4f19-aae2-188725fe96d6: nextIndex: updateUnconditionally 0 -> 0
2019-07-03 07:44:11,843 INFO  impl.FollowerInfo (FollowerInfo.java:lambda$new$0(50)) - aa88b76e-c077-49df-a4ca-9e1f49363801->4f6491d0-8ade-4eaa-958d-9ace0d85d8f7: nextIndex: updateUnconditionally 0 -> 0
2019-07-03 07:44:12,342 WARN  server.GrpcLogAppender (LogUtils.java:warn(134)) - aa88b76e-c077-49df-a4ca-9e1f49363801: Failed appendEntries to 4f6491d0-8ade-4eaa-958d-9ace0d85d8f7:192.168.69.117:45092: org.apache.ratis.thirdparty.io.grpc.StatusRuntimeException: UNAVAILABLE: io exception
2019-07-03 07:44:12,342 WARN  server.GrpcLogAppender (LogUtils.java:warn(134)) - aa88b76e-c077-49df-a4ca-9e1f49363801: Failed appendEntries to 51706fce-045d-4f19-aae2-188725fe96d6:192.168.69.117:43724: org.apache.ratis.thirdparty.io.grpc.StatusRuntimeException: UNAVAILABLE: io exception
2019-07-03 07:44:12,343 INFO  impl.FollowerInfo (FollowerInfo.java:lambda$new$0(50)) - aa88b76e-c077-49df-a4ca-9e1f49363801->4f6491d0-8ade-4eaa-958d-9ace0d85d8f7: nextIndex: updateUnconditionally 0 -> 0
2019-07-03 07:44:12,343 INFO  impl.FollowerInfo (FollowerInfo.java:lambda$new$0(50)) - aa88b76e-c077-49df-a4ca-9e1f49363801->51706fce-045d-4f19-aae2-188725fe96d6: nextIndex: updateUnconditionally 0 -> 0
2019-07-03 07:44:12,844 WARN  server.GrpcLogAppender (LogUtils.java:warn(134)) - aa88b76e-c077-49df-a4ca-9e1f49363801: Failed appendEntries to 4f6491d0-8ade-4eaa-958d-9ace0d85d8f7:192.168.69.117:45092: org.apache.ratis.thirdparty.io.grpc.StatusRuntimeException: UNAVAILABLE: io exception
2019-07-03 07:44:12,844 WARN  server.GrpcLogAppender (LogUtils.java:warn(134)) - aa88b76e-c077-49df-a4ca-9e1f49363801: Failed appendEntries to 51706fce-045d-4f19-aae2-188725fe96d6:192.168.69.117:43724: org.apache.ratis.thirdparty.io.grpc.StatusRuntimeException: UNAVAILABLE: io exception
2019-07-03 07:44:12,844 INFO  impl.FollowerInfo (FollowerInfo.java:lambda$new$0(50)) - aa88b76e-c077-49df-a4ca-9e1f49363801->4f6491d0-8ade-4eaa-958d-9ace0d85d8f7: nextIndex: updateUnconditionally 0 -> 0
2019-07-03 07:44:12,844 INFO  impl.FollowerInfo (FollowerInfo.java:lambda$new$0(50)) - aa88b76e-c077-49df-a4ca-9e1f49363801->51706fce-045d-4f19-aae2-188725fe96d6: nextIndex: updateUnconditionally 0 -> 0
2019-07-03 07:44:13,345 WARN  server.GrpcLogAppender (LogUtils.java:warn(134)) - aa88b76e-c077-49df-a4ca-9e1f49363801: Failed appendEntries to 4f6491d0-8ade-4eaa-958d-9ace0d85d8f7:192.168.69.117:45092: org.apache.ratis.thirdparty.io.grpc.StatusRuntimeException: UNAVAILABLE: io exception
2019-07-03 07:44:13,345 WARN  server.GrpcLogAppender (LogUtils.java:warn(134)) - aa88b76e-c077-49df-a4ca-9e1f49363801: Failed appendEntries to 51706fce-045d-4f19-aae2-188725fe96d6:192.168.69.117:43724: org.apache.ratis.thirdparty.io.grpc.StatusRuntimeException: UNAVAILABLE: io exception
2019-07-03 07:44:13,346 INFO  impl.FollowerInfo (FollowerInfo.java:lambda$new$0(50)) - aa88b76e-c077-49df-a4ca-9e1f49363801->4f6491d0-8ade-4eaa-958d-9ace0d85d8f7: nextIndex: updateUnconditionally 0 -> 0
2019-07-03 07:44:13,346 INFO  impl.FollowerInfo (FollowerInfo.java:lambda$new$0(50)) - aa88b76e-c077-49df-a4ca-9e1f49363801->51706fce-045d-4f19-aae2-188725fe96d6: nextIndex: updateUnconditionally 0 -> 0
2019-07-03 07:44:13,846 WARN  server.GrpcLogAppender (LogUtils.java:warn(134)) - aa88b76e-c077-49df-a4ca-9e1f49363801: Failed appendEntries to 51706fce-045d-4f19-aae2-188725fe96d6:192.168.69.117:43724: org.apache.ratis.thirdparty.io.grpc.StatusRuntimeException: UNAVAILABLE: io exception
2019-07-03 07:44:13,846 WARN  server.GrpcLogAppender (LogUtils.java:warn(134)) - aa88b76e-c077-49df-a4ca-9e1f49363801: Failed appendEntries to 4f6491d0-8ade-4eaa-958d-9ace0d85d8f7:192.168.69.117:45092: org.apache.ratis.thirdparty.io.grpc.StatusRuntimeException: UNAVAILABLE: io exception
2019-07-03 07:44:13,847 INFO  impl.FollowerInfo (FollowerInfo.java:lambda$new$0(50)) - aa88b76e-c077-49df-a4ca-9e1f49363801->51706fce-045d-4f19-aae2-188725fe96d6: nextIndex: updateUnconditionally 0 -> 0
2019-07-03 07:44:13,847 INFO  impl.FollowerInfo (FollowerInfo.java:lambda$new$0(50)) - aa88b76e-c077-49df-a4ca-9e1f49363801->4f6491d0-8ade-4eaa-958d-9ace0d85d8f7: nextIndex: updateUnconditionally 0 -> 0
2019-07-03 07:44:14,347 WARN  server.GrpcLogAppender (LogUtils.java:warn(134)) - aa88b76e-c077-49df-a4ca-9e1f49363801: Failed appendEntries to 51706fce-045d-4f19-aae2-188725fe96d6:192.168.69.117:43724: org.apache.ratis.thirdparty.io.grpc.StatusRuntimeException: UNAVAILABLE: io exception
2019-07-03 07:44:14,347 WARN  server.GrpcLogAppender (LogUtils.java:warn(134)) - aa88b76e-c077-49df-a4ca-9e1f49363801: Failed appendEntries to 4f6491d0-8ade-4eaa-958d-9ace0d85d8f7:192.168.69.117:45092: org.apache.ratis.thirdparty.io.grpc.StatusRuntimeException: UNAVAILABLE: io exception
2019-07-03 07:44:14,347 INFO  impl.FollowerInfo (FollowerInfo.java:lambda$new$0(50)) - aa88b76e-c077-49df-a4ca-9e1f49363801->51706fce-045d-4f19-aae2-188725fe96d6: nextIndex: updateUnconditionally 0 -> 0
2019-07-03 07:44:14,348 INFO  impl.FollowerInfo (FollowerInfo.java:lambda$new$0(50)) - aa88b76e-c077-49df-a4ca-9e1f49363801->4f6491d0-8ade-4eaa-958d-9ace0d85d8f7: nextIndex: updateUnconditionally 0 -> 0
2019-07-03 07:44:14,847 WARN  server.GrpcLogAppender (LogUtils.java:warn(134)) - aa88b76e-c077-49df-a4ca-9e1f49363801: Failed appendEntries to 4f6491d0-8ade-4eaa-958d-9ace0d85d8f7:192.168.69.117:45092: org.apache.ratis.thirdparty.io.grpc.StatusRuntimeException: UNAVAILABLE: io exception
2019-07-03 07:44:14,847 WARN  server.GrpcLogAppender (LogUtils.java:warn(134)) - aa88b76e-c077-49df-a4ca-9e1f49363801: Failed appendEntries to 51706fce-045d-4f19-aae2-188725fe96d6:192.168.69.117:43724: org.apache.ratis.thirdparty.io.grpc.StatusRuntimeException: UNAVAILABLE: io exception
2019-07-03 07:44:14,848 INFO  impl.FollowerInfo (FollowerInfo.java:lambda$new$0(50)) - aa88b76e-c077-49df-a4ca-9e1f49363801->4f6491d0-8ade-4eaa-958d-9ace0d85d8f7: nextIndex: updateUnconditionally 0 -> 0
2019-07-03 07:44:14,848 INFO  impl.FollowerInfo (FollowerInfo.java:lambda$new$0(50)) - aa88b76e-c077-49df-a4ca-9e1f49363801->51706fce-045d-4f19-aae2-188725fe96d6: nextIndex: updateUnconditionally 0 -> 0
2019-07-03 07:44:14,885 INFO  client.GrpcClientProtocolService (GrpcClientProtocolService.java:lambda$processClientRequest$0(264)) - Failed RaftClientRequest:client-430D7DE82419->aa88b76e-c077-49df-a4ca-9e1f49363801@group-C38C17DDFD22, cid=67, seq=0, Watch-ALL_COMMITTED(2), Message:<EMPTY>, reply=RaftClientReply:client-430D7DE82419->aa88b76e-c077-49df-a4ca-9e1f49363801@group-C38C17DDFD22, cid=67, FAILED org.apache.ratis.protocol.NotReplicatedException: Request with call Id 67 and log index 2 is not yet replicated to ALL_COMMITTED, logIndex=2, commits[aa88b76e-c077-49df-a4ca-9e1f49363801:c2, 51706fce-045d-4f19-aae2-188725fe96d6:c1, 4f6491d0-8ade-4eaa-958d-9ace0d85d8f7:c1]
2019-07-03 07:44:15,349 WARN  server.GrpcLogAppender (LogUtils.java:warn(134)) - aa88b76e-c077-49df-a4ca-9e1f49363801: Failed appendEntries to 51706fce-045d-4f19-aae2-188725fe96d6:192.168.69.117:43724: org.apache.ratis.thirdparty.io.grpc.StatusRuntimeException: UNAVAILABLE: io exception
2019-07-03 07:44:15,349 WARN  server.GrpcLogAppender (LogUtils.java:warn(134)) - aa88b76e-c077-49df-a4ca-9e1f49363801: Failed appendEntries to 4f6491d0-8ade-4eaa-958d-9ace0d85d8f7:192.168.69.117:45092: org.apache.ratis.thirdparty.io.grpc.StatusRuntimeException: UNAVAILABLE: io exception
2019-07-03 07:44:15,353 INFO  impl.FollowerInfo (FollowerInfo.java:lambda$new$0(50)) - aa88b76e-c077-49df-a4ca-9e1f49363801->51706fce-045d-4f19-aae2-188725fe96d6: nextIndex: updateUnconditionally 0 -> 0
2019-07-03 07:44:15,353 INFO  impl.FollowerInfo (FollowerInfo.java:lambda$new$0(50)) - aa88b76e-c077-49df-a4ca-9e1f49363801->4f6491d0-8ade-4eaa-958d-9ace0d85d8f7: nextIndex: updateUnconditionally 0 -> 0
2019-07-03 07:44:15,849 WARN  server.GrpcLogAppender (LogUtils.java:warn(134)) - aa88b76e-c077-49df-a4ca-9e1f49363801: Failed appendEntries to 51706fce-045d-4f19-aae2-188725fe96d6:192.168.69.117:43724: org.apache.ratis.thirdparty.io.grpc.StatusRuntimeException: UNAVAILABLE: io exception
2019-07-03 07:44:15,849 WARN  server.GrpcLogAppender (LogUtils.java:warn(134)) - aa88b76e-c077-49df-a4ca-9e1f49363801: Failed appendEntries to 4f6491d0-8ade-4eaa-958d-9ace0d85d8f7:192.168.69.117:45092: org.apache.ratis.thirdparty.io.grpc.StatusRuntimeException: UNAVAILABLE: io exception
2019-07-03 07:44:15,850 INFO  impl.FollowerInfo (FollowerInfo.java:lambda$new$0(50)) - aa88b76e-c077-49df-a4ca-9e1f49363801->51706fce-045d-4f19-aae2-188725fe96d6: nextIndex: updateUnconditionally 0 -> 0
2019-07-03 07:44:15,850 INFO  impl.FollowerInfo (FollowerInfo.java:lambda$new$0(50)) - aa88b76e-c077-49df-a4ca-9e1f49363801->4f6491d0-8ade-4eaa-958d-9ace0d85d8f7: nextIndex: updateUnconditionally 0 -> 0
2019-07-03 07:44:16,473 WARN  server.GrpcLogAppender (LogUtils.java:warn(134)) - aa88b76e-c077-49df-a4ca-9e1f49363801: Failed appendEntries to 51706fce-045d-4f19-aae2-188725fe96d6:192.168.69.117:43724: org.apache.ratis.thirdparty.io.grpc.StatusRuntimeException: UNAVAILABLE: io exception
2019-07-03 07:44:16,473 WARN  server.GrpcLogAppender (LogUtils.java:warn(134)) - aa88b76e-c077-49df-a4ca-9e1f49363801: Failed appendEntries to 4f6491d0-8ade-4eaa-958d-9ace0d85d8f7:192.168.69.117:45092: org.apache.ratis.thirdparty.io.grpc.StatusRuntimeException: UNAVAILABLE: io exception
2019-07-03 07:44:16,474 INFO  impl.FollowerInfo (FollowerInfo.java:lambda$new$0(50)) - aa88b76e-c077-49df-a4ca-9e1f49363801->51706fce-045d-4f19-aae2-188725fe96d6: nextIndex: updateUnconditionally 0 -> 0
2019-07-03 07:44:16,474 INFO  impl.FollowerInfo (FollowerInfo.java:lambda$new$0(50)) - aa88b76e-c077-49df-a4ca-9e1f49363801->4f6491d0-8ade-4eaa-958d-9ace0d85d8f7: nextIndex: updateUnconditionally 0 -> 0
2019-07-03 07:44:16,987 WARN  server.GrpcLogAppender (LogUtils.java:warn(134)) - aa88b76e-c077-49df-a4ca-9e1f49363801: Failed appendEntries to 4f6491d0-8ade-4eaa-958d-9ace0d85d8f7:192.168.69.117:45092: org.apache.ratis.thirdparty.io.grpc.StatusRuntimeException: UNAVAILABLE: io exception
2019-07-03 07:44:16,988 INFO  impl.FollowerInfo (FollowerInfo.java:lambda$new$0(50)) - aa88b76e-c077-49df-a4ca-9e1f49363801->4f6491d0-8ade-4eaa-958d-9ace0d85d8f7: nextIndex: updateUnconditionally 0 -> 0
2019-07-03 07:44:16,988 WARN  server.GrpcLogAppender (LogUtils.java:warn(134)) - aa88b76e-c077-49df-a4ca-9e1f49363801: Failed appendEntries to 51706fce-045d-4f19-aae2-188725fe96d6:192.168.69.117:43724: org.apache.ratis.thirdparty.io.grpc.StatusRuntimeException: UNAVAILABLE: io exception
2019-07-03 07:44:16,989 INFO  impl.FollowerInfo (FollowerInfo.java:lambda$new$0(50)) - aa88b76e-c077-49df-a4ca-9e1f49363801->51706fce-045d-4f19-aae2-188725fe96d6: nextIndex: updateUnconditionally 0 -> 0
2019-07-03 07:44:17,482 WARN  server.GrpcLogAppender (LogUtils.java:warn(134)) - aa88b76e-c077-49df-a4ca-9e1f49363801: Failed appendEntries to 4f6491d0-8ade-4eaa-958d-9ace0d85d8f7:192.168.69.117:45092: org.apache.ratis.thirdparty.io.grpc.StatusRuntimeException: UNAVAILABLE: io exception
2019-07-03 07:44:17,482 INFO  impl.FollowerInfo (FollowerInfo.java:lambda$new$0(50)) - aa88b76e-c077-49df-a4ca-9e1f49363801->4f6491d0-8ade-4eaa-958d-9ace0d85d8f7: nextIndex: updateUnconditionally 0 -> 0
2019-07-03 07:44:17,489 WARN  server.GrpcLogAppender (LogUtils.java:warn(134)) - aa88b76e-c077-49df-a4ca-9e1f49363801: Failed appendEntries to 51706fce-045d-4f19-aae2-188725fe96d6:192.168.69.117:43724: org.apache.ratis.thirdparty.io.grpc.StatusRuntimeException: UNAVAILABLE: io exception
2019-07-03 07:44:17,489 INFO  impl.FollowerInfo (FollowerInfo.java:lambda$new$0(50)) - aa88b76e-c077-49df-a4ca-9e1f49363801->51706fce-045d-4f19-aae2-188725fe96d6: nextIndex: updateUnconditionally 0 -> 0
2019-07-03 07:44:17,886 INFO  client.GrpcClientProtocolService (GrpcClientProtocolService.java:lambda$processClientRequest$0(264)) - Failed RaftClientRequest:client-430D7DE82419->aa88b76e-c077-49df-a4ca-9e1f49363801@group-C38C17DDFD22, cid=68, seq=0, Watch-MAJORITY_COMMITTED(2), Message:<EMPTY>, reply=RaftClientReply:client-430D7DE82419->aa88b76e-c077-49df-a4ca-9e1f49363801@group-C38C17DDFD22, cid=68, FAILED org.apache.ratis.protocol.NotReplicatedException: Request with call Id 68 and log index 2 is not yet replicated to MAJORITY_COMMITTED, logIndex=2, commits[aa88b76e-c077-49df-a4ca-9e1f49363801:c2, 51706fce-045d-4f19-aae2-188725fe96d6:c1, 4f6491d0-8ade-4eaa-958d-9ace0d85d8f7:c1]
2019-07-03 07:44:17,983 WARN  server.GrpcLogAppender (LogUtils.java:warn(134)) - aa88b76e-c077-49df-a4ca-9e1f49363801: Failed appendEntries to 4f6491d0-8ade-4eaa-958d-9ace0d85d8f7:192.168.69.117:45092: org.apache.ratis.thirdparty.io.grpc.StatusRuntimeException: UNAVAILABLE: io exception
2019-07-03 07:44:17,984 INFO  impl.FollowerInfo (FollowerInfo.java:lambda$new$0(50)) - aa88b76e-c077-49df-a4ca-9e1f49363801->4f6491d0-8ade-4eaa-958d-9ace0d85d8f7: nextIndex: updateUnconditionally 0 -> 0
2019-07-03 07:44:18,002 WARN  server.GrpcLogAppender (LogUtils.java:warn(134)) - aa88b76e-c077-49df-a4ca-9e1f49363801: Failed appendEntries to 51706fce-045d-4f19-aae2-188725fe96d6:192.168.69.117:43724: org.apache.ratis.thirdparty.io.grpc.StatusRuntimeException: UNAVAILABLE: io exception
2019-07-03 07:44:18,009 INFO  impl.FollowerInfo (FollowerInfo.java:lambda$new$0(50)) - aa88b76e-c077-49df-a4ca-9e1f49363801->51706fce-045d-4f19-aae2-188725fe96d6: nextIndex: updateUnconditionally 0 -> 0
2019-07-03 07:44:18,484 WARN  server.GrpcLogAppender (LogUtils.java:warn(134)) - aa88b76e-c077-49df-a4ca-9e1f49363801: Failed appendEntries to 4f6491d0-8ade-4eaa-958d-9ace0d85d8f7:192.168.69.117:45092: org.apache.ratis.thirdparty.io.grpc.StatusRuntimeException: UNAVAILABLE: io exception
2019-07-03 07:44:18,485 INFO  impl.FollowerInfo (FollowerInfo.java:lambda$new$0(50)) - aa88b76e-c077-49df-a4ca-9e1f49363801->4f6491d0-8ade-4eaa-958d-9ace0d85d8f7: nextIndex: updateUnconditionally 0 -> 0
2019-07-03 07:44:18,502 WARN  server.GrpcLogAppender (LogUtils.java:warn(134)) - aa88b76e-c077-49df-a4ca-9e1f49363801: Failed appendEntries to 51706fce-045d-4f19-aae2-188725fe96d6:192.168.69.117:43724: org.apache.ratis.thirdparty.io.grpc.StatusRuntimeException: UNAVAILABLE: io exception
2019-07-03 07:44:18,503 INFO  impl.FollowerInfo (FollowerInfo.java:lambda$new$0(50)) - aa88b76e-c077-49df-a4ca-9e1f49363801->51706fce-045d-4f19-aae2-188725fe96d6: nextIndex: updateUnconditionally 0 -> 0
2019-07-03 07:44:18,985 WARN  server.GrpcLogAppender (LogUtils.java:warn(134)) - aa88b76e-c077-49df-a4ca-9e1f49363801: Failed appendEntries to 4f6491d0-8ade-4eaa-958d-9ace0d85d8f7:192.168.69.117:45092: org.apache.ratis.thirdparty.io.grpc.StatusRuntimeException: UNAVAILABLE: io exception
2019-07-03 07:44:18,985 INFO  impl.FollowerInfo (FollowerInfo.java:lambda$new$0(50)) - aa88b76e-c077-49df-a4ca-9e1f49363801->4f6491d0-8ade-4eaa-958d-9ace0d85d8f7: nextIndex: updateUnconditionally 0 -> 0
2019-07-03 07:44:19,003 WARN  server.GrpcLogAppender (LogUtils.java:warn(134)) - aa88b76e-c077-49df-a4ca-9e1f49363801: Failed appendEntries to 51706fce-045d-4f19-aae2-188725fe96d6:192.168.69.117:43724: org.apache.ratis.thirdparty.io.grpc.StatusRuntimeException: UNAVAILABLE: io exception
2019-07-03 07:44:19,003 INFO  impl.FollowerInfo (FollowerInfo.java:lambda$new$0(50)) - aa88b76e-c077-49df-a4ca-9e1f49363801->51706fce-045d-4f19-aae2-188725fe96d6: nextIndex: updateUnconditionally 0 -> 0
2019-07-03 07:44:19,486 WARN  server.GrpcLogAppender (LogUtils.java:warn(134)) - aa88b76e-c077-49df-a4ca-9e1f49363801: Failed appendEntries to 4f6491d0-8ade-4eaa-958d-9ace0d85d8f7:192.168.69.117:45092: org.apache.ratis.thirdparty.io.grpc.StatusRuntimeException: UNAVAILABLE: io exception
2019-07-03 07:44:19,486 INFO  impl.FollowerInfo (FollowerInfo.java:lambda$new$0(50)) - aa88b76e-c077-49df-a4ca-9e1f49363801->4f6491d0-8ade-4eaa-958d-9ace0d85d8f7: nextIndex: updateUnconditionally 0 -> 0
2019-07-03 07:44:19,504 WARN  server.GrpcLogAppender (LogUtils.java:warn(134)) - aa88b76e-c077-49df-a4ca-9e1f49363801: Failed appendEntries to 51706fce-045d-4f19-aae2-188725fe96d6:192.168.69.117:43724: org.apache.ratis.thirdparty.io.grpc.StatusRuntimeException: UNAVAILABLE: io exception
2019-07-03 07:44:19,504 INFO  impl.FollowerInfo (FollowerInfo.java:lambda$new$0(50)) - aa88b76e-c077-49df-a4ca-9e1f49363801->51706fce-045d-4f19-aae2-188725fe96d6: nextIndex: updateUnconditionally 0 -> 0
2019-07-03 07:44:19,986 WARN  server.GrpcLogAppender (LogUtils.java:warn(134)) - aa88b76e-c077-49df-a4ca-9e1f49363801: Failed appendEntries to 4f6491d0-8ade-4eaa-958d-9ace0d85d8f7:192.168.69.117:45092: org.apache.ratis.thirdparty.io.grpc.StatusRuntimeException: UNAVAILABLE: io exception
2019-07-03 07:44:19,986 INFO  impl.FollowerInfo (FollowerInfo.java:lambda$new$0(50)) - aa88b76e-c077-49df-a4ca-9e1f49363801->4f6491d0-8ade-4eaa-958d-9ace0d85d8f7: nextIndex: updateUnconditionally 0 -> 0
2019-07-03 07:44:20,004 WARN  server.GrpcLogAppender (LogUtils.java:warn(134)) - aa88b76e-c077-49df-a4ca-9e1f49363801: Failed appendEntries to 51706fce-045d-4f19-aae2-188725fe96d6:192.168.69.117:43724: org.apache.ratis.thirdparty.io.grpc.StatusRuntimeException: UNAVAILABLE: io exception
2019-07-03 07:44:20,004 INFO  impl.FollowerInfo (FollowerInfo.java:lambda$new$0(50)) - aa88b76e-c077-49df-a4ca-9e1f49363801->51706fce-045d-4f19-aae2-188725fe96d6: nextIndex: updateUnconditionally 0 -> 0
2019-07-03 07:44:20,486 WARN  server.GrpcLogAppender (LogUtils.java:warn(134)) - aa88b76e-c077-49df-a4ca-9e1f49363801: Failed appendEntries to 4f6491d0-8ade-4eaa-958d-9ace0d85d8f7:192.168.69.117:45092: org.apache.ratis.thirdparty.io.grpc.StatusRuntimeException: UNAVAILABLE: io exception
2019-07-03 07:44:20,487 INFO  impl.FollowerInfo (FollowerInfo.java:lambda$new$0(50)) - aa88b76e-c077-49df-a4ca-9e1f49363801->4f6491d0-8ade-4eaa-958d-9ace0d85d8f7: nextIndex: updateUnconditionally 0 -> 0
2019-07-03 07:44:20,505 WARN  server.GrpcLogAppender (LogUtils.java:warn(134)) - aa88b76e-c077-49df-a4ca-9e1f49363801: Failed appendEntries to 51706fce-045d-4f19-aae2-188725fe96d6:192.168.69.117:43724: org.apache.ratis.thirdparty.io.grpc.StatusRuntimeException: UNAVAILABLE: io exception
2019-07-03 07:44:20,505 INFO  impl.FollowerInfo (FollowerInfo.java:lambda$new$0(50)) - aa88b76e-c077-49df-a4ca-9e1f49363801->51706fce-045d-4f19-aae2-188725fe96d6: nextIndex: updateUnconditionally 0 -> 0
2019-07-03 07:44:20,987 WARN  server.GrpcLogAppender (LogUtils.java:warn(134)) - aa88b76e-c077-49df-a4ca-9e1f49363801: Failed appendEntries to 4f6491d0-8ade-4eaa-958d-9ace0d85d8f7:192.168.69.117:45092: org.apache.ratis.thirdparty.io.grpc.StatusRuntimeException: UNAVAILABLE: io exception
2019-07-03 07:44:20,988 INFO  impl.FollowerInfo (FollowerInfo.java:lambda$new$0(50)) - aa88b76e-c077-49df-a4ca-9e1f49363801->4f6491d0-8ade-4eaa-958d-9ace0d85d8f7: nextIndex: updateUnconditionally 0 -> 0
2019-07-03 07:44:21,005 WARN  server.GrpcLogAppender (LogUtils.java:warn(134)) - aa88b76e-c077-49df-a4ca-9e1f49363801: Failed appendEntries to 51706fce-045d-4f19-aae2-188725fe96d6:192.168.69.117:43724: org.apache.ratis.thirdparty.io.grpc.StatusRuntimeException: UNAVAILABLE: io exception
2019-07-03 07:44:21,006 INFO  impl.FollowerInfo (FollowerInfo.java:lambda$new$0(50)) - aa88b76e-c077-49df-a4ca-9e1f49363801->51706fce-045d-4f19-aae2-188725fe96d6: nextIndex: updateUnconditionally 0 -> 0
2019-07-03 07:44:21,488 WARN  server.GrpcLogAppender (LogUtils.java:warn(134)) - aa88b76e-c077-49df-a4ca-9e1f49363801: Failed appendEntries to 4f6491d0-8ade-4eaa-958d-9ace0d85d8f7:192.168.69.117:45092: org.apache.ratis.thirdparty.io.grpc.StatusRuntimeException: UNAVAILABLE: io exception
2019-07-03 07:44:21,489 INFO  impl.FollowerInfo (FollowerInfo.java:lambda$new$0(50)) - aa88b76e-c077-49df-a4ca-9e1f49363801->4f6491d0-8ade-4eaa-958d-9ace0d85d8f7: nextIndex: updateUnconditionally 0 -> 0
2019-07-03 07:44:21,506 WARN  server.GrpcLogAppender (LogUtils.java:warn(134)) - aa88b76e-c077-49df-a4ca-9e1f49363801: Failed appendEntries to 51706fce-045d-4f19-aae2-188725fe96d6:192.168.69.117:43724: org.apache.ratis.thirdparty.io.grpc.StatusRuntimeException: UNAVAILABLE: io exception
2019-07-03 07:44:21,507 INFO  impl.FollowerInfo (FollowerInfo.java:lambda$new$0(50)) - aa88b76e-c077-49df-a4ca-9e1f49363801->51706fce-045d-4f19-aae2-188725fe96d6: nextIndex: updateUnconditionally 0 -> 0
2019-07-03 07:44:21,884 INFO  client.GrpcClientProtocolService (GrpcClientProtocolService.java:lambda$processClientRequest$0(264)) - Failed RaftClientRequest:client-430D7DE82419->aa88b76e-c077-49df-a4ca-9e1f49363801@group-C38C17DDFD22, cid=68, seq=0, Watch-MAJORITY_COMMITTED(2), Message:<EMPTY>, reply=RaftClientReply:client-430D7DE82419->aa88b76e-c077-49df-a4ca-9e1f49363801@group-C38C17DDFD22, cid=68, FAILED org.apache.ratis.protocol.NotReplicatedException: Request with call Id 68 and log index 2 is not yet replicated to MAJORITY_COMMITTED, logIndex=2, commits[aa88b76e-c077-49df-a4ca-9e1f49363801:c2, 51706fce-045d-4f19-aae2-188725fe96d6:c1, 4f6491d0-8ade-4eaa-958d-9ace0d85d8f7:c1]
2019-07-03 07:44:21,989 WARN  server.GrpcLogAppender (LogUtils.java:warn(134)) - aa88b76e-c077-49df-a4ca-9e1f49363801: Failed appendEntries to 4f6491d0-8ade-4eaa-958d-9ace0d85d8f7:192.168.69.117:45092: org.apache.ratis.thirdparty.io.grpc.StatusRuntimeException: UNAVAILABLE: io exception
2019-07-03 07:44:21,989 INFO  impl.FollowerInfo (FollowerInfo.java:lambda$new$0(50)) - aa88b76e-c077-49df-a4ca-9e1f49363801->4f6491d0-8ade-4eaa-958d-9ace0d85d8f7: nextIndex: updateUnconditionally 0 -> 0
2019-07-03 07:44:22,007 WARN  server.GrpcLogAppender (LogUtils.java:warn(134)) - aa88b76e-c077-49df-a4ca-9e1f49363801: Failed appendEntries to 51706fce-045d-4f19-aae2-188725fe96d6:192.168.69.117:43724: org.apache.ratis.thirdparty.io.grpc.StatusRuntimeException: UNAVAILABLE: io exception
2019-07-03 07:44:22,007 INFO  impl.FollowerInfo (FollowerInfo.java:lambda$new$0(50)) - aa88b76e-c077-49df-a4ca-9e1f49363801->51706fce-045d-4f19-aae2-188725fe96d6: nextIndex: updateUnconditionally 0 -> 0
2019-07-03 07:44:22,489 WARN  server.GrpcLogAppender (LogUtils.java:warn(134)) - aa88b76e-c077-49df-a4ca-9e1f49363801: Failed appendEntries to 4f6491d0-8ade-4eaa-958d-9ace0d85d8f7:192.168.69.117:45092: org.apache.ratis.thirdparty.io.grpc.StatusRuntimeException: UNAVAILABLE: io exception
2019-07-03 07:44:22,490 INFO  impl.FollowerInfo (FollowerInfo.java:lambda$new$0(50)) - aa88b76e-c077-49df-a4ca-9e1f49363801->4f6491d0-8ade-4eaa-958d-9ace0d85d8f7: nextIndex: updateUnconditionally 0 -> 0
2019-07-03 07:44:22,507 WARN  server.GrpcLogAppender (LogUtils.java:warn(134)) - aa88b76e-c077-49df-a4ca-9e1f49363801: Failed appendEntries to 51706fce-045d-4f19-aae2-188725fe96d6:192.168.69.117:43724: org.apache.ratis.thirdparty.io.grpc.StatusRuntimeException: UNAVAILABLE: io exception
2019-07-03 07:44:22,508 INFO  impl.FollowerInfo (FollowerInfo.java:lambda$new$0(50)) - aa88b76e-c077-49df-a4ca-9e1f49363801->51706fce-045d-4f19-aae2-188725fe96d6: nextIndex: updateUnconditionally 0 -> 0
2019-07-03 07:44:22,990 WARN  server.GrpcLogAppender (LogUtils.java:warn(134)) - aa88b76e-c077-49df-a4ca-9e1f49363801: Failed appendEntries to 4f6491d0-8ade-4eaa-958d-9ace0d85d8f7:192.168.69.117:45092: org.apache.ratis.thirdparty.io.grpc.StatusRuntimeException: UNAVAILABLE: io exception
2019-07-03 07:44:22,994 INFO  impl.FollowerInfo (FollowerInfo.java:lambda$new$0(50)) - aa88b76e-c077-49df-a4ca-9e1f49363801->4f6491d0-8ade-4eaa-958d-9ace0d85d8f7: nextIndex: updateUnconditionally 0 -> 0
2019-07-03 07:44:23,008 WARN  server.GrpcLogAppender (LogUtils.java:warn(134)) - aa88b76e-c077-49df-a4ca-9e1f49363801: Failed appendEntries to 51706fce-045d-4f19-aae2-188725fe96d6:192.168.69.117:43724: org.apache.ratis.thirdparty.io.grpc.StatusRuntimeException: UNAVAILABLE: io exception
2019-07-03 07:44:23,008 INFO  impl.FollowerInfo (FollowerInfo.java:lambda$new$0(50)) - aa88b76e-c077-49df-a4ca-9e1f49363801->51706fce-045d-4f19-aae2-188725fe96d6: nextIndex: updateUnconditionally 0 -> 0
2019-07-03 07:44:23,491 WARN  server.GrpcLogAppender (LogUtils.java:warn(134)) - aa88b76e-c077-49df-a4ca-9e1f49363801: Failed appendEntries to 4f6491d0-8ade-4eaa-958d-9ace0d85d8f7:192.168.69.117:45092: org.apache.ratis.thirdparty.io.grpc.StatusRuntimeException: UNAVAILABLE: io exception
2019-07-03 07:44:23,491 INFO  impl.FollowerInfo (FollowerInfo.java:lambda$new$0(50)) - aa88b76e-c077-49df-a4ca-9e1f49363801->4f6491d0-8ade-4eaa-958d-9ace0d85d8f7: nextIndex: updateUnconditionally 0 -> 0
2019-07-03 07:44:23,509 WARN  server.GrpcLogAppender (LogUtils.java:warn(134)) - aa88b76e-c077-49df-a4ca-9e1f49363801: Failed appendEntries to 51706fce-045d-4f19-aae2-188725fe96d6:192.168.69.117:43724: org.apache.ratis.thirdparty.io.grpc.StatusRuntimeException: UNAVAILABLE: io exception
2019-07-03 07:44:23,509 INFO  impl.FollowerInfo (FollowerInfo.java:lambda$new$0(50)) - aa88b76e-c077-49df-a4ca-9e1f49363801->51706fce-045d-4f19-aae2-188725fe96d6: nextIndex: updateUnconditionally 0 -> 0
2019-07-03 07:44:23,992 WARN  server.GrpcLogAppender (LogUtils.java:warn(134)) - aa88b76e-c077-49df-a4ca-9e1f49363801: Failed appendEntries to 4f6491d0-8ade-4eaa-958d-9ace0d85d8f7:192.168.69.117:45092: org.apache.ratis.thirdparty.io.grpc.StatusRuntimeException: UNAVAILABLE: io exception
2019-07-03 07:44:23,992 INFO  impl.FollowerInfo (FollowerInfo.java:lambda$new$0(50)) - aa88b76e-c077-49df-a4ca-9e1f49363801->4f6491d0-8ade-4eaa-958d-9ace0d85d8f7: nextIndex: updateUnconditionally 0 -> 0
2019-07-03 07:44:24,010 WARN  server.GrpcLogAppender (LogUtils.java:warn(134)) - aa88b76e-c077-49df-a4ca-9e1f49363801: Failed appendEntries to 51706fce-045d-4f19-aae2-188725fe96d6:192.168.69.117:43724: org.apache.ratis.thirdparty.io.grpc.StatusRuntimeException: UNAVAILABLE: io exception
2019-07-03 07:44:24,010 INFO  impl.FollowerInfo (FollowerInfo.java:lambda$new$0(50)) - aa88b76e-c077-49df-a4ca-9e1f49363801->51706fce-045d-4f19-aae2-188725fe96d6: nextIndex: updateUnconditionally 0 -> 0
2019-07-03 07:44:24,493 WARN  server.GrpcLogAppender (LogUtils.java:warn(134)) - aa88b76e-c077-49df-a4ca-9e1f49363801: Failed appendEntries to 4f6491d0-8ade-4eaa-958d-9ace0d85d8f7:192.168.69.117:45092: org.apache.ratis.thirdparty.io.grpc.StatusRuntimeException: UNAVAILABLE: io exception
2019-07-03 07:44:24,493 INFO  impl.FollowerInfo (FollowerInfo.java:lambda$new$0(50)) - aa88b76e-c077-49df-a4ca-9e1f49363801->4f6491d0-8ade-4eaa-958d-9ace0d85d8f7: nextIndex: updateUnconditionally 0 -> 0
2019-07-03 07:44:24,510 WARN  server.GrpcLogAppender (LogUtils.java:warn(134)) - aa88b76e-c077-49df-a4ca-9e1f49363801: Failed appendEntries to 51706fce-045d-4f19-aae2-188725fe96d6:192.168.69.117:43724: org.apache.ratis.thirdparty.io.grpc.StatusRuntimeException: UNAVAILABLE: io exception
2019-07-03 07:44:24,511 INFO  impl.FollowerInfo (FollowerInfo.java:lambda$new$0(50)) - aa88b76e-c077-49df-a4ca-9e1f49363801->51706fce-045d-4f19-aae2-188725fe96d6: nextIndex: updateUnconditionally 0 -> 0
2019-07-03 07:44:24,994 WARN  server.GrpcLogAppender (LogUtils.java:warn(134)) - aa88b76e-c077-49df-a4ca-9e1f49363801: Failed appendEntries to 4f6491d0-8ade-4eaa-958d-9ace0d85d8f7:192.168.69.117:45092: org.apache.ratis.thirdparty.io.grpc.StatusRuntimeException: UNAVAILABLE: io exception
2019-07-03 07:44:24,994 INFO  impl.FollowerInfo (FollowerInfo.java:lambda$new$0(50)) - aa88b76e-c077-49df-a4ca-9e1f49363801->4f6491d0-8ade-4eaa-958d-9ace0d85d8f7: nextIndex: updateUnconditionally 0 -> 0
2019-07-03 07:44:25,011 WARN  server.GrpcLogAppender (LogUtils.java:warn(134)) - aa88b76e-c077-49df-a4ca-9e1f49363801: Failed appendEntries to 51706fce-045d-4f19-aae2-188725fe96d6:192.168.69.117:43724: org.apache.ratis.thirdparty.io.grpc.StatusRuntimeException: UNAVAILABLE: io exception
2019-07-03 07:44:25,011 INFO  impl.FollowerInfo (FollowerInfo.java:lambda$new$0(50)) - aa88b76e-c077-49df-a4ca-9e1f49363801->51706fce-045d-4f19-aae2-188725fe96d6: nextIndex: updateUnconditionally 0 -> 0
2019-07-03 07:44:25,495 WARN  server.GrpcLogAppender (LogUtils.java:warn(134)) - aa88b76e-c077-49df-a4ca-9e1f49363801: Failed appendEntries to 4f6491d0-8ade-4eaa-958d-9ace0d85d8f7:192.168.69.117:45092: org.apache.ratis.thirdparty.io.grpc.StatusRuntimeException: UNAVAILABLE: io exception
2019-07-03 07:44:25,495 INFO  impl.FollowerInfo (FollowerInfo.java:lambda$new$0(50)) - aa88b76e-c077-49df-a4ca-9e1f49363801->4f6491d0-8ade-4eaa-958d-9ace0d85d8f7: nextIndex: updateUnconditionally 0 -> 0
2019-07-03 07:44:25,512 WARN  server.GrpcLogAppender (LogUtils.java:warn(134)) - aa88b76e-c077-49df-a4ca-9e1f49363801: Failed appendEntries to 51706fce-045d-4f19-aae2-188725fe96d6:192.168.69.117:43724: org.apache.ratis.thirdparty.io.grpc.StatusRuntimeException: UNAVAILABLE: io exception
2019-07-03 07:44:25,512 INFO  impl.FollowerInfo (FollowerInfo.java:lambda$new$0(50)) - aa88b76e-c077-49df-a4ca-9e1f49363801->51706fce-045d-4f19-aae2-188725fe96d6: nextIndex: updateUnconditionally 0 -> 0
2019-07-03 07:44:25,996 WARN  server.GrpcLogAppender (LogUtils.java:warn(134)) - aa88b76e-c077-49df-a4ca-9e1f49363801: Failed appendEntries to 4f6491d0-8ade-4eaa-958d-9ace0d85d8f7:192.168.69.117:45092: org.apache.ratis.thirdparty.io.grpc.StatusRuntimeException: UNAVAILABLE: io exception
2019-07-03 07:44:25,996 INFO  impl.FollowerInfo (FollowerInfo.java:lambda$new$0(50)) - aa88b76e-c077-49df-a4ca-9e1f49363801->4f6491d0-8ade-4eaa-958d-9ace0d85d8f7: nextIndex: updateUnconditionally 0 -> 0
2019-07-03 07:44:26,012 WARN  server.GrpcLogAppender (LogUtils.java:warn(134)) - aa88b76e-c077-49df-a4ca-9e1f49363801: Failed appendEntries to 51706fce-045d-4f19-aae2-188725fe96d6:192.168.69.117:43724: org.apache.ratis.thirdparty.io.grpc.StatusRuntimeException: UNAVAILABLE: io exception
2019-07-03 07:44:26,013 INFO  impl.FollowerInfo (FollowerInfo.java:lambda$new$0(50)) - aa88b76e-c077-49df-a4ca-9e1f49363801->51706fce-045d-4f19-aae2-188725fe96d6: nextIndex: updateUnconditionally 0 -> 0
2019-07-03 07:44:26,496 WARN  server.GrpcLogAppender (LogUtils.java:warn(134)) - aa88b76e-c077-49df-a4ca-9e1f49363801: Failed appendEntries to 4f6491d0-8ade-4eaa-958d-9ace0d85d8f7:192.168.69.117:45092: org.apache.ratis.thirdparty.io.grpc.StatusRuntimeException: UNAVAILABLE: io exception
2019-07-03 07:44:26,497 INFO  impl.FollowerInfo (FollowerInfo.java:lambda$new$0(50)) - aa88b76e-c077-49df-a4ca-9e1f49363801->4f6491d0-8ade-4eaa-958d-9ace0d85d8f7: nextIndex: updateUnconditionally 0 -> 0
2019-07-03 07:44:26,513 WARN  server.GrpcLogAppender (LogUtils.java:warn(134)) - aa88b76e-c077-49df-a4ca-9e1f49363801: Failed appendEntries to 51706fce-045d-4f19-aae2-188725fe96d6:192.168.69.117:43724: org.apache.ratis.thirdparty.io.grpc.StatusRuntimeException: UNAVAILABLE: io exception
2019-07-03 07:44:26,514 INFO  impl.FollowerInfo (FollowerInfo.java:lambda$new$0(50)) - aa88b76e-c077-49df-a4ca-9e1f49363801->51706fce-045d-4f19-aae2-188725fe96d6: nextIndex: updateUnconditionally 0 -> 0
2019-07-03 07:44:26,884 INFO  client.GrpcClientProtocolService (GrpcClientProtocolService.java:lambda$processClientRequest$0(264)) - Failed RaftClientRequest:client-430D7DE82419->aa88b76e-c077-49df-a4ca-9e1f49363801@group-C38C17DDFD22, cid=68, seq=0, Watch-MAJORITY_COMMITTED(2), Message:<EMPTY>, reply=RaftClientReply:client-430D7DE82419->aa88b76e-c077-49df-a4ca-9e1f49363801@group-C38C17DDFD22, cid=68, FAILED org.apache.ratis.protocol.NotReplicatedException: Request with call Id 68 and log index 2 is not yet replicated to MAJORITY_COMMITTED, logIndex=2, commits[aa88b76e-c077-49df-a4ca-9e1f49363801:c2, 51706fce-045d-4f19-aae2-188725fe96d6:c1, 4f6491d0-8ade-4eaa-958d-9ace0d85d8f7:c1]
2019-07-03 07:44:26,997 WARN  server.GrpcLogAppender (LogUtils.java:warn(134)) - aa88b76e-c077-49df-a4ca-9e1f49363801: Failed appendEntries to 4f6491d0-8ade-4eaa-958d-9ace0d85d8f7:192.168.69.117:45092: org.apache.ratis.thirdparty.io.grpc.StatusRuntimeException: UNAVAILABLE: io exception
2019-07-03 07:44:26,997 INFO  impl.FollowerInfo (FollowerInfo.java:lambda$new$0(50)) - aa88b76e-c077-49df-a4ca-9e1f49363801->4f6491d0-8ade-4eaa-958d-9ace0d85d8f7: nextIndex: updateUnconditionally 0 -> 0
2019-07-03 07:44:27,014 WARN  server.GrpcLogAppender (LogUtils.java:warn(134)) - aa88b76e-c077-49df-a4ca-9e1f49363801: Failed appendEntries to 51706fce-045d-4f19-aae2-188725fe96d6:192.168.69.117:43724: org.apache.ratis.thirdparty.io.grpc.StatusRuntimeException: UNAVAILABLE: io exception
2019-07-03 07:44:27,018 INFO  impl.FollowerInfo (FollowerInfo.java:lambda$new$0(50)) - aa88b76e-c077-49df-a4ca-9e1f49363801->51706fce-045d-4f19-aae2-188725fe96d6: nextIndex: updateUnconditionally 0 -> 0
]]></system-out>
    <system-err><![CDATA[Jul 03, 2019 7:43:39 AM com.sun.jersey.server.impl.application.WebApplicationImpl _initiate
INFO: Initiating Jersey application, version 'Jersey: 1.19 02/11/2015 03:25 AM'
Jul 03, 2019 7:43:39 AM com.sun.jersey.server.impl.application.WebApplicationImpl _initiate
INFO: Initiating Jersey application, version 'Jersey: 1.19 02/11/2015 03:25 AM'
Jul 03, 2019 7:43:39 AM com.sun.jersey.server.impl.application.WebApplicationImpl _initiate
INFO: Initiating Jersey application, version 'Jersey: 1.19 02/11/2015 03:25 AM'
Jul 03, 2019 7:43:39 AM com.sun.jersey.server.impl.application.WebApplicationImpl _initiate
INFO: Initiating Jersey application, version 'Jersey: 1.19 02/11/2015 03:25 AM'
Jul 03, 2019 7:43:39 AM com.sun.jersey.server.impl.application.WebApplicationImpl _initiate
INFO: Initiating Jersey application, version 'Jersey: 1.19 02/11/2015 03:25 AM'
Jul 03, 2019 7:43:40 AM com.sun.jersey.server.impl.application.WebApplicationImpl _initiate
INFO: Initiating Jersey application, version 'Jersey: 1.19 02/11/2015 03:25 AM'
Jul 03, 2019 7:43:40 AM com.sun.jersey.server.impl.application.WebApplicationImpl _initiate
INFO: Initiating Jersey application, version 'Jersey: 1.19 02/11/2015 03:25 AM'
Jul 03, 2019 7:44:16 AM org.apache.ratis.thirdparty.io.grpc.internal.ManagedChannelOrphanWrapper$ManagedChannelReference cleanQueue
SEVERE: *~*~*~ Channel ManagedChannelImpl{logId=563, target=192.168.69.117:37931} was not shutdown properly!!! ~*~*~*
    Make sure to call shutdown()/shutdownNow() and wait until awaitTermination() returns true.
java.lang.RuntimeException: ManagedChannel allocation site
	at org.apache.ratis.thirdparty.io.grpc.internal.ManagedChannelOrphanWrapper$ManagedChannelReference.<init>(ManagedChannelOrphanWrapper.java:103)
	at org.apache.ratis.thirdparty.io.grpc.internal.ManagedChannelOrphanWrapper.<init>(ManagedChannelOrphanWrapper.java:53)
	at org.apache.ratis.thirdparty.io.grpc.internal.ManagedChannelOrphanWrapper.<init>(ManagedChannelOrphanWrapper.java:44)
	at org.apache.ratis.thirdparty.io.grpc.internal.AbstractManagedChannelImplBuilder.build(AbstractManagedChannelImplBuilder.java:411)
	at org.apache.ratis.grpc.client.GrpcClientProtocolClient.<init>(GrpcClientProtocolClient.java:118)
	at org.apache.ratis.grpc.client.GrpcClientRpc.lambda$new$0(GrpcClientRpc.java:55)
	at org.apache.ratis.util.PeerProxyMap$PeerAndProxy.lambda$getProxy$0(PeerProxyMap.java:61)
	at org.apache.ratis.util.LifeCycle.startAndTransition(LifeCycle.java:202)
	at org.apache.ratis.util.PeerProxyMap$PeerAndProxy.getProxy(PeerProxyMap.java:60)
	at org.apache.ratis.util.PeerProxyMap.getProxy(PeerProxyMap.java:107)
	at org.apache.ratis.grpc.client.GrpcClientRpc.sendRequestAsyncUnordered(GrpcClientRpc.java:78)
	at org.apache.ratis.client.impl.UnorderedAsync.sendRequestWithRetry(UnorderedAsync.java:73)
	at org.apache.ratis.client.impl.UnorderedAsync.lambda$null$2(UnorderedAsync.java:113)
	at org.apache.ratis.util.TimeoutScheduler.lambda$onTimeout$0(TimeoutScheduler.java:85)
	at org.apache.ratis.util.TimeoutScheduler.lambda$onTimeout$1(TimeoutScheduler.java:104)
	at org.apache.ratis.util.LogUtils.runAndLog(LogUtils.java:50)
	at org.apache.ratis.util.LogUtils$1.run(LogUtils.java:91)
	at java.util.concurrent.Executors$RunnableAdapter.call(Executors.java:511)
	at java.util.concurrent.FutureTask.run(FutureTask.java:266)
	at java.util.concurrent.ScheduledThreadPoolExecutor$ScheduledFutureTask.access$201(ScheduledThreadPoolExecutor.java:180)
	at java.util.concurrent.ScheduledThreadPoolExecutor$ScheduledFutureTask.run(ScheduledThreadPoolExecutor.java:293)
	at java.util.concurrent.ThreadPoolExecutor.runWorker(ThreadPoolExecutor.java:1149)
	at java.util.concurrent.ThreadPoolExecutor$Worker.run(ThreadPoolExecutor.java:624)
	at java.lang.Thread.run(Thread.java:748)

]]></system-err>
  </testcase>
  <testcase name="testWatchForCommitForGroupMismatchException" classname="org.apache.hadoop.ozone.client.rpc.TestWatchForCommit" time="20.236"/>
  <testcase name="test2WayCommitForTimeoutException" classname="org.apache.hadoop.ozone.client.rpc.TestWatchForCommit" time="24.443"/>
  <testcase name="test2WayCommitForRetryfailure" classname="org.apache.hadoop.ozone.client.rpc.TestWatchForCommit" time="33.689"/>
</testsuite>